<?xml version="1.0" encoding="UTF-8"?>
<!-- Generated by org.testng.reporters.JUnitReportReporter -->
<testsuite hostname="DFALPT1087" failures="0" tests="1" name="System_API.AuthKeyNo" time="0.067" errors="0" timestamp="23 Jan 2020 05:51:48 GMT" skipped="0">
  <testcase classname="System_API.AuthKeyNo" name="InvalidAuthKeyWithValidParams" time="0.067"/>
</testsuite> <!-- System_API.AuthKeyNo -->
