<?xml version="1.0" encoding="UTF-8"?>
<!-- Generated by org.testng.reporters.JUnitReportReporter -->
<testsuite hostname="DFALPT1087" failures="0" tests="2" name="Process_API.ContentType" time="0.902" errors="0" timestamp="23 Jan 2020 05:32:19 GMT" skipped="0">
  <testcase classname="Process_API.ContentType" name="contentTypeAvailabilityInHeaders" time="0.844"/>
  <testcase classname="Process_API.ContentType" name="contentTypeFormat" time="0.058"/>
</testsuite> <!-- Process_API.ContentType -->
