<?xml version="1.0" encoding="UTF-8"?>
<!-- Generated by org.testng.reporters.JUnitReportReporter -->
<testsuite hostname="DFALPT1087" failures="0" tests="1" name="System_API.ContentType" time="0.056" errors="0" timestamp="23 Jan 2020 05:51:48 GMT" skipped="0">
  <testcase classname="System_API.ContentType" name="contentTypeAvailabilityInHeaders" time="0.056"/>
</testsuite> <!-- System_API.ContentType -->
