<?xml version="1.0" encoding="UTF-8"?>
<!-- Generated by org.testng.reporters.JUnitReportReporter -->
<testsuite hostname="DFALPT1087" failures="0" tests="1" name="com.UExAPI.Message" time="0.065" errors="0" timestamp="22 Jan 2020 06:21:34 GMT" skipped="0">
  <testcase classname="com.UExAPI.Message" name="msgWitherrorCode" time="0.065"/>
</testsuite> <!-- com.UExAPI.Message -->
