<?xml version="1.0" encoding="UTF-8"?>
<!-- Generated by org.testng.reporters.JUnitReportReporter -->
<testsuite hostname="DFALPT1087" failures="0" tests="12" name="Process_API.ProcessBatchLinkUsage" time="293.099" errors="0" timestamp="23 Jan 2020 05:32:19 GMT" skipped="0">
  <testcase classname="Process_API.ProcessBatchLinkUsage" name="processBatchLinkUsageWithAllValidParams" time="110.380"/>
  <testcase classname="Process_API.ProcessBatchLinkUsage" name="batchLinkUsageWithAllValidParams2emailList" time="60.516"/>
  <testcase classname="Process_API.ProcessBatchLinkUsage" name="batchLinkUsageWithAllValidParamsExceptClientID" time="0.219"/>
  <testcase classname="Process_API.ProcessBatchLinkUsage" name="batchLinkUsagewithAllValidParamsExceptNoClientID" time="0.068"/>
  <testcase classname="Process_API.ProcessBatchLinkUsage" name="batchLinkUsagewithAllValidParamsExceptStartDate" time="0.186"/>
  <testcase classname="Process_API.ProcessBatchLinkUsage" name="batchLinkUsagewithAllValidParamsExceptNoStartDate" time="0.080"/>
  <testcase classname="Process_API.ProcessBatchLinkUsage" name="batchLinkUsagewithAllValidParamsExceptEmailList" time="0.209"/>
  <testcase classname="Process_API.ProcessBatchLinkUsage" name="batchLinkUsagewithAllValidParamsExceptNoEmailList" time="0.062"/>
  <testcase classname="Process_API.ProcessBatchLinkUsage" name="batchLinkUsagewithAllValidParamsExceptNoendDate" time="0.063"/>
  <testcase classname="Process_API.ProcessBatchLinkUsage" name="batchLinkUsagewithAllValidParamsExceptendDate" time="0.177"/>
  <testcase classname="Process_API.ProcessBatchLinkUsage" name="batchLinkUsagewithAllValidParamsExceptProductType" time="0.104"/>
  <testcase classname="Process_API.ProcessBatchLinkUsage" name="batchLinkUsagewithAllValidParamsExceptNoProductType" time="121.035"/>
</testsuite> <!-- Process_API.ProcessBatchLinkUsage -->
