<?xml version="1.0" encoding="UTF-8"?>
<!-- Generated by org.testng.reporters.JUnitReportReporter -->
<testsuite hostname="DFALPT1087" failures="0" tests="1" name="com.UExAPI.Result" time="4.173" errors="0" timestamp="22 Jan 2020 06:21:34 GMT" skipped="0">
  <testcase classname="com.UExAPI.Result" name="resultValidate" time="4.173"/>
</testsuite> <!-- com.UExAPI.Result -->
