<?xml version="1.0" encoding="UTF-8"?>
<!-- Generated by org.testng.reporters.JUnitReportReporter -->
<testsuite hostname="DFALPT1087" failures="0" tests="1" name="System_API.UpgradeWithInvalidOrderIDNValidProdID" time="0.410" errors="0" timestamp="23 Jan 2020 05:51:48 GMT" skipped="0">
  <testcase classname="System_API.UpgradeWithInvalidOrderIDNValidProdID" name="verifyUpgradeWithInValidOrderIDnValidProdID" time="0.410"/>
</testsuite> <!-- System_API.UpgradeWithInvalidOrderIDNValidProdID -->
