<?xml version="1.0" encoding="UTF-8"?>
<!-- Generated by org.testng.reporters.JUnitReportReporter -->
<testsuite hostname="DFALPT1087" failures="0" tests="2" name="UEx_API.ContentType" time="0.160" errors="0" timestamp="23 Jan 2020 05:17:51 GMT" skipped="0">
  <testcase classname="UEx_API.ContentType" name="contentTypeAvailabilityInHeaders" time="0.057"/>
  <testcase classname="UEx_API.ContentType" name="contentTypeformat" time="0.103"/>
</testsuite> <!-- UEx_API.ContentType -->
