<?xml version="1.0" encoding="UTF-8"?>
<!-- Generated by org.testng.reporters.JUnitReportReporter -->
<testsuite hostname="DFALPT1087" failures="0" tests="1" name="System_API.ContentTypeFormat" time="0.065" errors="0" timestamp="23 Jan 2020 05:51:48 GMT" skipped="0">
  <testcase classname="System_API.ContentTypeFormat" name="contentTypeFormat" time="0.065"/>
</testsuite> <!-- System_API.ContentTypeFormat -->
