<?xml version="1.0" encoding="UTF-8"?>
<!-- Generated by org.testng.reporters.JUnitReportReporter -->
<testsuite hostname="DFALPT1087" failures="0" tests="8" name="PAYG_GUI.GUI" time="129.124" errors="0" timestamp="23 Jan 2020 12:17:25 GMT" skipped="0">
  <testcase classname="PAYG_GUI.GUI" name="sepData" time="31.459"/>
  <testcase classname="PAYG_GUI.GUI" name="octData" time="31.068"/>
  <testcase classname="PAYG_GUI.GUI" name="novData" time="31.129"/>
  <testcase classname="PAYG_GUI.GUI" name="invalidMonthYearWithValidemailList" time="0.871"/>
  <testcase classname="PAYG_GUI.GUI" name="invalidemailList" time="0.898"/>
  <testcase classname="PAYG_GUI.GUI" name="twoValidemailLists" time="31.237"/>
  <testcase classname="PAYG_GUI.GUI" name="oneValidemailListoneInvalidemailList" time="1.175"/>
  <testcase classname="PAYG_GUI.GUI" name="spaceBetweenemailLists" time="1.287"/>
</testsuite> <!-- PAYG_GUI.GUI -->
