<?xml version="1.0" encoding="UTF-8"?>
<!-- Generated by org.testng.reporters.JUnitReportReporter -->
<testsuite hostname="DFALPT1087" failures="0" tests="1" name="com.UExAPI.GUI" time="1.058" errors="0" timestamp="22 Jan 2020 18:33:59 GMT" skipped="0">
  <testcase classname="com.UExAPI.GUI" name="sepData" time="1.058"/>
</testsuite> <!-- com.UExAPI.GUI -->
