<?xml version="1.0" encoding="UTF-8"?>
<!-- Generated by org.testng.reporters.JUnitReportReporter -->
<testsuite hostname="DFALPT1087" failures="0" tests="1" name="UEx_API.ResultNoRecords" time="0.048" errors="0" timestamp="23 Jan 2020 05:17:51 GMT" skipped="0">
  <testcase classname="UEx_API.ResultNoRecords" name="noRecords" time="0.048"/>
</testsuite> <!-- UEx_API.ResultNoRecords -->
