<?xml version="1.0" encoding="UTF-8"?>
<!-- Generated by org.testng.reporters.JUnitReportReporter -->
<testsuite hostname="DFALPT1087" failures="0" tests="3" name="Process_API.AuthKey" time="78.060" errors="0" timestamp="23 Jan 2020 05:32:19 GMT" skipped="0">
  <testcase classname="Process_API.AuthKey" name="validAuthKeywithValidParams" time="77.937"/>
  <testcase classname="Process_API.AuthKey" name="NoAuthKeywithValidParams" time="0.052"/>
  <testcase classname="Process_API.AuthKey" name="InvalidAuthKeyWithValidParams" time="0.071"/>
</testsuite> <!-- Process_API.AuthKey -->
