<?xml version="1.0" encoding="UTF-8"?>
<!-- Generated by org.testng.reporters.JUnitReportReporter -->
<testsuite hostname="DFALPT1087" failures="0" tests="1" name="com.UxAPI.WebPortalRegistration" time="4.609" errors="0" timestamp="17 Feb 2020 12:18:32 GMT" skipped="0">
  <testcase classname="com.UxAPI.WebPortalRegistration" name="customerRegistration" time="4.609"/>
</testsuite> <!-- com.UxAPI.WebPortalRegistration -->
