<?xml version="1.0" encoding="UTF-8"?>
<!-- Generated by org.testng.reporters.JUnitReportReporter -->
<testsuite hostname="DFALPT1087" failures="0" tests="18" name="com.UxAPI.getPreFeasibility" time="21.864" errors="0" timestamp="25 Feb 2020 07:41:26 GMT" skipped="0">
  <testcase classname="com.UxAPI.getPreFeasibility" name="getPreFeasibilityValidationTrue" time="3.534"/>
  <testcase classname="com.UxAPI.getPreFeasibility" name="getPreFeasibilityValidationFalse" time="11.392"/>
  <testcase classname="com.UxAPI.getPreFeasibility" name="invalidParamsgetPreFeasibility" time="1.567"/>
  <testcase classname="com.UxAPI.getPreFeasibility" name="NoemptygpsLatitudeParamsgetPreFeasibility" time="0.138"/>
  <testcase classname="com.UxAPI.getPreFeasibility" name="invalidgpsLatitudeParamsgetPreFeasibility" time="0.172"/>
  <testcase classname="com.UxAPI.getPreFeasibility" name="noEmptygpsLongitudeParamsgetPreFeasibility" time="0.102"/>
  <testcase classname="com.UxAPI.getPreFeasibility" name="invalidgpsLongitudeParamsgetPreFeasibility" time="2.178"/>
  <testcase classname="com.UxAPI.getPreFeasibility" name="noEmptygpsLongnLatParamsgetPreFeasibility" time="0.088"/>
  <testcase classname="com.UxAPI.getPreFeasibility" name="invalidStringgpsLongnLatParamsgetPreFeasibility" time="0.108"/>
  <testcase classname="com.UxAPI.getPreFeasibility" name="noEmptybandwidthgetPreFeasibility" time="0.186"/>
  <testcase classname="com.UxAPI.getPreFeasibility" name="invalidIntegerbandwidthgetPreFeasibility" time="0.561"/>
  <testcase classname="com.UxAPI.getPreFeasibility" name="invalidStringbandwidthgetPreFeasibility" time="0.125"/>
  <testcase classname="com.UxAPI.getPreFeasibility" name="noEmptytermgetPreFeasibility" time="0.074"/>
  <testcase classname="com.UxAPI.getPreFeasibility" name="invalidInttermgetPreFeasibility" time="0.522"/>
  <testcase classname="com.UxAPI.getPreFeasibility" name="invalidStringtermgetPreFeasibility" time="0.171"/>
  <testcase classname="com.UxAPI.getPreFeasibility" name="noEmptyProductgetPreFeasibility" time="0.142"/>
  <testcase classname="com.UxAPI.getPreFeasibility" name="invalidIntProductgetPreFeasibility" time="0.128"/>
  <testcase classname="com.UxAPI.getPreFeasibility" name="invalidStringProductgetPreFeasibility" time="0.676"/>
</testsuite> <!-- com.UxAPI.getPreFeasibility -->
