<?xml version="1.0" encoding="UTF-8"?>
<!-- Generated by org.testng.reporters.JUnitReportReporter -->
<testsuite hostname="DFALPT1087" failures="0" tests="1" name="com.UxAPI.Test" time="48.881" errors="0" timestamp="25 Feb 2020 07:41:25 GMT" skipped="0">
  <testcase classname="com.UxAPI.Test" name="getPreFeasibilityValidationTrue" time="48.881"/>
</testsuite> <!-- com.UxAPI.Test -->
