<?xml version="1.0" encoding="UTF-8"?>
<!-- Generated by org.testng.reporters.JUnitReportReporter -->
<testsuite hostname="DFALPT1087" failures="0" tests="1" name="com.PortalRegistration.rough" time="8.923" errors="0" timestamp="02 Mar 2020 11:04:09 GMT" skipped="0">
  <testcase classname="com.PortalRegistration.rough" name="roughy" time="8.923"/>
</testsuite> <!-- com.PortalRegistration.rough -->
