<?xml version="1.0" encoding="UTF-8"?>
<!-- Generated by org.testng.reporters.JUnitReportReporter -->
<testsuite hostname="DFALPT1087" failures="0" tests="2" name="com.UxAPI.ContentType" time="5.646" errors="0" timestamp="25 Feb 2020 07:41:26 GMT" skipped="0">
  <testcase classname="com.UxAPI.ContentType" name="contentTypeAvailabilityInHeaders" time="3.534"/>
  <testcase classname="com.UxAPI.ContentType" name="contentTypeformat" time="2.112"/>
</testsuite> <!-- com.UxAPI.ContentType -->
