<?xml version="1.0" encoding="UTF-8"?>
<!-- Generated by org.testng.reporters.JUnitReportReporter -->
<testsuite hostname="DFALPT1087" failures="0" tests="8" name="com.UxAPI.Authorization" time="4.036" errors="0" timestamp="25 Feb 2020 07:41:26 GMT" skipped="0">
  <testcase classname="com.UxAPI.Authorization" name="validauthorizationWithValidParams" time="3.534"/>
  <testcase classname="com.UxAPI.Authorization" name="noHeaders" time="0.088"/>
  <testcase classname="com.UxAPI.Authorization" name="noOrgId" time="0.070"/>
  <testcase classname="com.UxAPI.Authorization" name="noClientId" time="0.052"/>
  <testcase classname="com.UxAPI.Authorization" name="noaccessKey" time="0.147"/>
  <testcase classname="com.UxAPI.Authorization" name="noOrgIdClientId" time="0.063"/>
  <testcase classname="com.UxAPI.Authorization" name="noOrgIdaccessKey" time="0.047"/>
  <testcase classname="com.UxAPI.Authorization" name="noClientIdaccessKey" time="0.035"/>
</testsuite> <!-- com.UxAPI.Authorization -->
