<?xml version="1.0" encoding="UTF-8"?>
<!-- Generated by org.testng.reporters.JUnitReportReporter -->
<testsuite hostname="DFALPT1087" failures="0" tests="2" name="com.ICT_Permit_Log_WebApp.ICTPermitGUI" time="5.249" errors="0" timestamp="09 Apr 2020 09:33:09 GMT" skipped="0">
  <testcase classname="com.ICT_Permit_Log_WebApp.ICTPermitGUI" name="adminLogin" time="1.209"/>
  <testcase classname="com.ICT_Permit_Log_WebApp.ICTPermitGUI" name="deleteFieldWorker" time="4.040"/>
</testsuite> <!-- com.ICT_Permit_Log_WebApp.ICTPermitGUI -->
