<?xml version="1.0" encoding="UTF-8"?>
<!-- Generated by org.testng.reporters.JUnitReportReporter -->
<testsuite hostname="DFALPT1087" failures="0" tests="2" name="com.ICT_Permit_Log_WebApp.UploadingData" time="156.821" errors="0" timestamp="16 Apr 2020 12:29:25 GMT" skipped="0">
  <testcase classname="com.ICT_Permit_Log_WebApp.UploadingData" name="login" time="0.979"/>
  <testcase classname="com.ICT_Permit_Log_WebApp.UploadingData" name="uploadingCompanyList" time="155.842"/>
</testsuite> <!-- com.ICT_Permit_Log_WebApp.UploadingData -->
