<?xml version="1.0" encoding="UTF-8"?>
<!-- Generated by org.testng.reporters.JUnitReportReporter -->
<testsuite hostname="DFALPT1087" failures="0" tests="1" name="com.PortalRegistration.APIAccess_DevPortal" time="19.701" errors="0" timestamp="2020-05-05T12:43:22 SAST" skipped="0">
  <testcase classname="com.PortalRegistration.APIAccess_DevPortal" name="login" time="19.701"/>
  <system-out/>
</testsuite> <!-- com.PortalRegistration.APIAccess_DevPortal -->
