<?xml version="1.0" encoding="UTF-8"?>
<!-- Generated by org.testng.reporters.JUnitReportReporter -->
<testsuite hostname="DFALPT1087" failures="0" tests="6" name="com.ICM_UxAPI.GetAggregationBoundaries" time="7.661" errors="0" timestamp="31 Mar 2020 14:50:29 GMT" skipped="0">
  <testcase classname="com.ICM_UxAPI.GetAggregationBoundaries" name="getAggregationBoundariesValidation" time="0.991"/>
  <testcase classname="com.ICM_UxAPI.GetAggregationBoundaries" name="whereParamNameIsVereeniginggetAggregationBoundaries" time="0.953"/>
  <testcase classname="com.ICM_UxAPI.GetAggregationBoundaries" name="invalidParamresultOffsetIs91000getAggregationBoundaries" time="0.940"/>
  <testcase classname="com.ICM_UxAPI.GetAggregationBoundaries" name="returnGeometryistruegetAggregationBoundaries" time="3.988"/>
  <testcase classname="com.ICM_UxAPI.GetAggregationBoundaries" name="returnGeometryistrueegetAggregationBoundaries" time="0.400"/>
  <testcase classname="com.ICM_UxAPI.GetAggregationBoundaries" name="returnGeometryisfalseegetAggregationBoundaries" time="0.389"/>
</testsuite> <!-- com.ICM_UxAPI.GetAggregationBoundaries -->
