<?xml version="1.0" encoding="UTF-8"?>
<!-- Generated by org.testng.reporters.JUnitReportReporter -->
<testsuite hostname="DFALPT1087" failures="0" tests="7" name="com.ICM_UxAPI.GetAggregationSites" time="5.736" errors="0" timestamp="31 Mar 2020 14:50:29 GMT" skipped="0">
  <testcase classname="com.ICM_UxAPI.GetAggregationSites" name="getAggregationSitesValidation" time="1.035"/>
  <testcase classname="com.ICM_UxAPI.GetAggregationSites" name="whereParamNODE_STATUSIsCompletedgetAggregationSites" time="0.895"/>
  <testcase classname="com.ICM_UxAPI.GetAggregationSites" name="whereInvalidParamNODE_STATUSIsCompleteddgetAggregationSites" time="0.957"/>
  <testcase classname="com.ICM_UxAPI.GetAggregationSites" name="whereWrongParamNODE_STATUSIsCompletedgetAggregationSites" time="1.022"/>
  <testcase classname="com.ICM_UxAPI.GetAggregationSites" name="InvalidreturnGeometryIsfalseegetAggregationSites" time="0.422"/>
  <testcase classname="com.ICM_UxAPI.GetAggregationSites" name="returnGeometryIstruegetAggregationSites" time="0.914"/>
  <testcase classname="com.ICM_UxAPI.GetAggregationSites" name="invalidreturnGeometryIstrueegetAggregationSites" time="0.491"/>
</testsuite> <!-- com.ICM_UxAPI.GetAggregationSites -->
