<?xml version="1.0" encoding="UTF-8"?>
<!-- Generated by org.testng.reporters.JUnitReportReporter -->
<testsuite hostname="DFALPT1087" failures="0" tests="5" name="com.SeacomPAYG_SystemAPI.Upgrade" time="17.009" errors="0" timestamp="15 Apr 2020 12:01:11 GMT" skipped="0">
  <testcase classname="com.SeacomPAYG_SystemAPI.Upgrade" name="upgradeValidation" time="7.560"/>
  <testcase classname="com.SeacomPAYG_SystemAPI.Upgrade" name="upgradeInvalidValidation" time="2.645"/>
  <testcase classname="com.SeacomPAYG_SystemAPI.Upgrade" name="upgradeInvalidOrderIDnValidProdID" time="3.263"/>
  <testcase classname="com.SeacomPAYG_SystemAPI.Upgrade" name="upgradeValidOrderIDnInvalidProdID" time="2.944"/>
  <testcase classname="com.SeacomPAYG_SystemAPI.Upgrade" name="upgradeNoParams" time="0.597"/>
</testsuite> <!-- com.SeacomPAYG_SystemAPI.Upgrade -->
