<?xml version="1.0" encoding="UTF-8"?>
<!-- Generated by org.testng.reporters.JUnitReportReporter -->
<testsuite hostname="DFALPT1087" failures="0" tests="10" name="com.SeacomPAYG_ProcessAPI.ProcessBatchLinkUsage" time="50.133" errors="0" timestamp="15 Apr 2020 11:40:26 GMT" skipped="0">
  <testcase classname="com.SeacomPAYG_ProcessAPI.ProcessBatchLinkUsage" name="batchLinkUsageWithAllValidParams2emailList" time="44.503"/>
  <testcase classname="com.SeacomPAYG_ProcessAPI.ProcessBatchLinkUsage" name="batchLinkUsageWithAllValidParamsExceptClientID" time="0.685"/>
  <testcase classname="com.SeacomPAYG_ProcessAPI.ProcessBatchLinkUsage" name="batchLinkUsagewithAllValidParamsExceptNoClientID" time="0.579"/>
  <testcase classname="com.SeacomPAYG_ProcessAPI.ProcessBatchLinkUsage" name="batchLinkUsagewithAllValidParamsExceptStartDate" time="0.666"/>
  <testcase classname="com.SeacomPAYG_ProcessAPI.ProcessBatchLinkUsage" name="batchLinkUsagewithAllValidParamsExceptNoStartDate" time="0.695"/>
  <testcase classname="com.SeacomPAYG_ProcessAPI.ProcessBatchLinkUsage" name="batchLinkUsagewithAllValidParamsExceptEmailList" time="0.642"/>
  <testcase classname="com.SeacomPAYG_ProcessAPI.ProcessBatchLinkUsage" name="batchLinkUsagewithAllValidParamsExceptNoEmailList" time="0.540"/>
  <testcase classname="com.SeacomPAYG_ProcessAPI.ProcessBatchLinkUsage" name="batchLinkUsagewithAllValidParamsExceptendDate" time="0.745"/>
  <testcase classname="com.SeacomPAYG_ProcessAPI.ProcessBatchLinkUsage" name="batchLinkUsagewithAllValidParamsExceptNoendDate" time="0.536"/>
  <testcase classname="com.SeacomPAYG_ProcessAPI.ProcessBatchLinkUsage" name="batchLinkUsagewithAllValidParamsExceptProductType" time="0.542"/>
</testsuite> <!-- com.SeacomPAYG_ProcessAPI.ProcessBatchLinkUsage -->
