<?xml version="1.0" encoding="UTF-8"?>
<!-- Generated by org.testng.reporters.JUnitReportReporter -->
<testsuite hostname="DFALPT1087" failures="0" tests="11" name="com.ICM_UxAPI.ContentType" time="12.155" errors="0" timestamp="24 Mar 2020 06:34:19 GMT" skipped="0">
  <testcase classname="com.ICM_UxAPI.ContentType" name="contentTypeValidation" time="7.060"/>
  <testcase classname="com.ICM_UxAPI.ContentType" name="contentTypeValidation" time="0.488"/>
  <testcase classname="com.ICM_UxAPI.ContentType" name="contentTypeValidation" time="0.286"/>
  <testcase classname="com.ICM_UxAPI.ContentType" name="contentTypeValidation" time="0.293"/>
  <testcase classname="com.ICM_UxAPI.ContentType" name="contentTypeValidation" time="0.492"/>
  <testcase classname="com.ICM_UxAPI.ContentType" name="contentTypeValidation" time="0.491"/>
  <testcase classname="com.ICM_UxAPI.ContentType" name="contentTypeValidation" time="0.872"/>
  <testcase classname="com.ICM_UxAPI.ContentType" name="contentTypeValidation" time="0.502"/>
  <testcase classname="com.ICM_UxAPI.ContentType" name="contentTypeValidation" time="0.454"/>
  <testcase classname="com.ICM_UxAPI.ContentType" name="contentTypeValidation" time="0.530"/>
  <testcase classname="com.ICM_UxAPI.ContentType" name="contentTypeValidation" time="0.687"/>
</testsuite> <!-- com.ICM_UxAPI.ContentType -->
