<?xml version="1.0" encoding="UTF-8"?>
<!-- Generated by org.testng.reporters.JUnitReportReporter -->
<testsuite hostname="DFALPT1087" failures="0" tests="2" name="com.SeacomPAYG_ProcessAPI.Authorization" time="2.379" errors="0" timestamp="15 Apr 2020 11:40:26 GMT" skipped="0">
  <testcase classname="com.SeacomPAYG_ProcessAPI.Authorization" name="invalidAuthorization" time="1.969"/>
  <testcase classname="com.SeacomPAYG_ProcessAPI.Authorization" name="missingAuthorization" time="0.410"/>
</testsuite> <!-- com.SeacomPAYG_ProcessAPI.Authorization -->
