<?xml version="1.0" encoding="UTF-8"?>
<!-- Generated by org.testng.reporters.JUnitReportReporter -->
<testsuite hostname="DFALPT1087" failures="0" tests="1" name="com.SeacomPAYG_UxAPI.validParams" time="5.519" errors="0" timestamp="05 May 2020 08:48:06 GMT" skipped="0">
  <testcase classname="com.SeacomPAYG_UxAPI.validParams" name="validParamsValidation" time="5.519"/>
</testsuite> <!-- com.SeacomPAYG_UxAPI.validParams -->
