<?xml version="1.0" encoding="UTF-8"?>
<!-- Generated by org.testng.reporters.JUnitReportReporter -->
<testsuite hostname="DFALPT1087" failures="0" tests="2" name="com.SeacomPAYG_SystemAPI.Authorization" time="2.251" errors="0" timestamp="15 Apr 2020 12:01:11 GMT" skipped="0">
  <testcase classname="com.SeacomPAYG_SystemAPI.Authorization" name="invalidAuthorization" time="1.941"/>
  <testcase classname="com.SeacomPAYG_SystemAPI.Authorization" name="noAuthorization" time="0.310"/>
</testsuite> <!-- com.SeacomPAYG_SystemAPI.Authorization -->
