<?xml version="1.0" encoding="UTF-8"?>
<!-- Generated by org.testng.reporters.JUnitReportReporter -->
<testsuite hostname="DFALPT1087" failures="0" tests="1" name="BDD_Pre_Feasibility.BDD_Pre_Feasibility.PreFeasibleTest" time="30.006" errors="0" timestamp="18 Mar 2020 11:38:53 GMT" skipped="0">
  <testcase classname="BDD_Pre_Feasibility.BDD_Pre_Feasibility.PreFeasibleTest" name="headers" time="30.006"/>
</testsuite> <!-- BDD_Pre_Feasibility.BDD_Pre_Feasibility.PreFeasibleTest -->
