<?xml version="1.0" encoding="UTF-8"?>
<!-- Generated by org.testng.reporters.JUnitReportReporter -->
<testsuite hostname="DFALPT1087" failures="5" tests="9" name="com.ICM_UxAPI.GETPrecincts" time="10.821" errors="0" timestamp="31 Mar 2020 14:50:29 GMT" skipped="0">
  <testcase classname="com.ICM_UxAPI.GETPrecincts" name="getPrecinctsValidation" time="1.272"/>
  <testcase classname="com.ICM_UxAPI.GETPrecincts" name="whereParamQuickbase_StatusIsCompletedgetPrecincts" time="1.454">
    <failure message="2 expectations failed.
Response body doesn&#039;t match expectation.
Expected: a string containing &quot;WIP&quot;
  Actual: {
  &quot;displayFieldName&quot;: &quot;Building_Name&quot;,
  &quot;fieldAliases&quot;: {
    &quot;Precincts&quot;: &quot;Precinct&quot;,
    &quot;Quickbase_Status&quot;: &quot;Status&quot;,
    &quot;QBRecordID&quot;: &quot;RecordID&quot;,
    &quot;Third_Party_Dependant_For_Conne&quot;: &quot;Third Party&quot;,
    &quot;Latitude&quot;: &quot;Latitude&quot;,
    &quot;Longitude&quot;: &quot;Longitude&quot;
  },
  &quot;fields&quot;: [
    {
      &quot;name&quot;: &quot;Precincts&quot;,
      &quot;type&quot;: &quot;esriFieldTypeString&quot;,
      &quot;alias&quot;: &quot;Precinct&quot;,
      &quot;length&quot;: 100
    },
    {
      &quot;name&quot;: &quot;Quickbase_Status&quot;,
      &quot;type&quot;: &quot;esriFieldTypeString&quot;,
      &quot;alias&quot;: &quot;Status&quot;,
      &quot;length&quot;: 100
    },
    {
      &quot;name&quot;: &quot;QBRecordID&quot;,
      &quot;type&quot;: &quot;esriFieldTypeInteger&quot;,
      &quot;alias&quot;: &quot;RecordID&quot;
    },
    {
      &quot;name&quot;: &quot;Third_Party_Dependant_For_Conne&quot;,
      &quot;type&quot;: &quot;esriFieldTypeString&quot;,
      &quot;alias&quot;: &quot;Third Party&quot;,
      &quot;length&quot;: 50
    },
    {
      &quot;name&quot;: &quot;Latitude&quot;,
      &quot;type&quot;: &quot;esriFieldTypeDouble&quot;,
      &quot;alias&quot;: &quot;Latitude&quot;
    },
    {
      &quot;name&quot;: &quot;Longitude&quot;,
      &quot;type&quot;: &quot;esriFieldTypeDouble&quot;,
      &quot;alias&quot;: &quot;Longitude&quot;
    }
  ],
  &quot;features&quot;: [
    {
      &quot;attributes&quot;: {
        &quot;Precincts&quot;: &quot;Hatfield (Phase 3)&quot;,
        &quot;Quickbase_Status&quot;: &quot;Completed&quot;,
        &quot;QBRecordID&quot;: 0,
        &quot;Third_Party_Dependant_For_Conne&quot;: null,
        &quot;Latitude&quot;: -25.74436218,
        &quot;Longitude&quot;: 28.25205278
      }
    },
    {
      &quot;attributes&quot;: {
        &quot;Precincts&quot;: &quot;Hatfield (Phase 3)&quot;,
        &quot;Quickbase_Status&quot;: &quot;Completed&quot;,
        &quot;QBRecordID&quot;: 0,
        &quot;Third_Party_Dependant_For_Conne&quot;: null,
        &quot;Latitude&quot;: -25.74276372,
        &quot;Longitude&quot;: 28.25427695
      }
    },
    {
      &quot;attributes&quot;: {
        &quot;Precincts&quot;: &quot;Hatfield (Phase 3)&quot;,
        &quot;Quickbase_Status&quot;: &quot;Completed&quot;,
        &quot;QBRecordID&quot;: 0,
        &quot;Third_Party_Dependant_For_Conne&quot;: null,
        &quot;Latitude&quot;: -25.74203227,
        &quot;Longitude&quot;: 28.25473061
      }
    },
    {
      &quot;attributes&quot;: {
        &quot;Precincts&quot;: &quot;Hatfield (Phase 3)&quot;,
        &quot;Quickbase_Status&quot;: &quot;Completed&quot;,
        &quot;QBRecordID&quot;: 0,
        &quot;Third_Party_Dependant_For_Conne&quot;: null,
        &quot;Latitude&quot;: -25.7433278,
        &quot;Longitude&quot;: 28.25408258
      }
    },
    {
      &quot;attributes&quot;: {
        &quot;Precincts&quot;: &quot;Hatfield (Phase 3)&quot;,
        &quot;Quickbase_Status&quot;: &quot;Completed&quot;,
        &quot;QBRecordID&quot;: 0,
        &quot;Third_Party_Dependant_For_Conne&quot;: null,
        &quot;Latitude&quot;: -25.74350059,
        &quot;Longitude&quot;: 28.25399014
      }
    },
    {
      &quot;attributes&quot;: {
        &quot;Precincts&quot;: &quot;Hatfield (Phase 3)&quot;,
        &quot;Quickbase_Status&quot;: &quot;Completed&quot;,
        &quot;QBRecordID&quot;: 0,
        &quot;Third_Party_Dependant_For_Conne&quot;: null,
        &quot;Latitude&quot;: -25.74352628,
        &quot;Longitude&quot;: 28.24049073
      }
    },
    {
      &quot;attributes&quot;: {
        &quot;Precincts&quot;: &quot;Hatfield (Phase 3)&quot;,
        &quot;Quickbase_Status&quot;: &quot;Completed&quot;,
        &quot;QBRecordID&quot;: 0,
        &quot;Third_Party_Dependant_For_Conne&quot;: null,
        &quot;Latitude&quot;: -25.74325099,
        &quot;Longitude&quot;: 28.24324536
      }
    },
    {
      &quot;attributes&quot;: {
        &quot;Precincts&quot;: &quot;Hatfield (Phase 3)&quot;,
        &quot;Quickbase_Status&quot;: &quot;Completed&quot;,
        &quot;QBRecordID&quot;: 0,
        &quot;Third_Party_Dependant_For_Conne&quot;: null,
        &quot;Latitude&quot;: -25.74273355,
        &quot;Longitude&quot;: 28.24468086
      }
    },
    {
      &quot;attributes&quot;: {
        &quot;Precincts&quot;: &quot;Hatfield (Phase 3)&quot;,
        &quot;Quickbase_Status&quot;: &quot;Completed&quot;,
        &quot;QBRecordID&quot;: 0,
        &quot;Third_Party_Dependant_For_Conne&quot;: null,
        &quot;Latitude&quot;: -25.74294807,
        &quot;Longitude&quot;: 28.24599588
      }
    },
    {
      &quot;attributes&quot;: {
        &quot;Precincts&quot;: &quot;Hatfield (Phase 3)&quot;,
        &quot;Quickbase_Status&quot;: &quot;Completed&quot;,
        &quot;QBRecordID&quot;: 0,
        &quot;Third_Party_Dependant_For_Conne&quot;: null,
        &quot;Latitude&quot;: -25.74321616,
        &quot;Longitude&quot;: 28.24666508
      }
    },
    {
      &quot;attributes&quot;: {
        &quot;Precincts&quot;: &quot;Hatfield (Phase 3)&quot;,
        &quot;Quickbase_Status&quot;: &quot;Completed&quot;,
        &quot;QBRecordID&quot;: 0,
        &quot;Third_Party_Dependant_For_Conne&quot;: null,
        &quot;Latitude&quot;: -25.74390098,
        &quot;Longitude&quot;: 28.244998
      }
    },
    {
      &quot;attributes&quot;: {
        &quot;Precincts&quot;: &quot;Hatfield (Phase 3)&quot;,
        &quot;Quickbase_Status&quot;: &quot;Completed&quot;,
        &quot;QBRecordID&quot;: 0,
        &quot;Third_Party_Dependant_For_Conne&quot;: null,
        &quot;Latitude&quot;: -25.74370276,
        &quot;Longitude&quot;: 28.24181519
      }
    },
    {
      &quot;attributes&quot;: {
        &quot;Precincts&quot;: &quot;Hatfield (Phase 3)&quot;,
        &quot;Quickbase_Status&quot;: &quot;Completed&quot;,
        &quot;QBRecordID&quot;: 0,
        &quot;Third_Party_Dependant_For_Conne&quot;: null,
        &quot;Latitude&quot;: -25.74279449,
        &quot;Longitude&quot;: 28.24567563
      }
    },
    {
      &quot;attributes&quot;: {
        &quot;Precincts&quot;: &quot;Hatfield (Phase 3)&quot;,
        &quot;Quickbase_Status&quot;: &quot;Completed&quot;,
        &quot;QBRecordID&quot;: 0,
        &quot;Third_Party_Dependant_For_Conne&quot;: null,
        &quot;Latitude&quot;: -25.74297621,
        &quot;Longitude&quot;: 28.24569097
      }
    },
    {
      &quot;attributes&quot;: {
        &quot;Precincts&quot;: &quot;Hatfield (Phase 3)&quot;,
        &quot;Quickbase_Status&quot;: &quot;Completed&quot;,
        &quot;QBRecordID&quot;: 0,
        &quot;Third_Party_Dependant_For_Conne&quot;: null,
        &quot;Latitude&quot;: -25.74307158,
        &quot;Longitude&quot;: 28.24570035
      }
    },
    {
      &quot;attributes&quot;: {
        &quot;Precincts&quot;: &quot;Hatfield (Phase 3)&quot;,
        &quot;Quickbase_Status&quot;: &quot;Completed&quot;,
        &quot;QBRecordID&quot;: 0,
        &quot;Third_Party_Dependant_For_Conne&quot;: null,
        &quot;Latitude&quot;: -25.74305507,
        &quot;Longitude&quot;: 28.24464659
      }
    },
    {
      &quot;attributes&quot;: {
        &quot;Precincts&quot;: &quot;Hatfield (Phase 3)&quot;,
        &quot;Quickbase_Status&quot;: &quot;Completed&quot;,
        &quot;QBRecordID&quot;: 0,
        &quot;Third_Party_Dependant_For_Conne&quot;: null,
        &quot;Latitude&quot;: -25.74586196,
        &quot;Longitude&quot;: 28.24257293
      }
    },
    {
      &quot;attributes&quot;: {
        &quot;Precincts&quot;: &quot;Hatfield (Phase 3)&quot;,
        &quot;Quickbase_Status&quot;: &quot;Completed&quot;,
        &quot;QBRecordID&quot;: 0,
        &quot;Third_Party_Dependant_For_Conne&quot;: null,
        &quot;Latitude&quot;: -25.74577449,
        &quot;Longitude&quot;: 28.2429262
      }
    },
    {
      &quot;attributes&quot;: {
        &quot;Precincts&quot;: &quot;Hatfield (Phase 3)&quot;,
        &quot;Quickbase_Status&quot;: &quot;Completed&quot;,
        &quot;QBRecordID&quot;: 0,
        &quot;Third_Party_Dependant_For_Conne&quot;: null,
        &quot;Latitude&quot;: -25.7427638,
        &quot;Longitude&quot;: 28.24547975
      }
    },
    {
      &quot;attributes&quot;: {
        &quot;Precincts&quot;: &quot;Hatfield (Phase 3)&quot;,
        &quot;Quickbase_Status&quot;: &quot;Completed&quot;,
        &quot;QBRecordID&quot;: 0,
        &quot;Third_Party_Dependant_For_Conne&quot;: null,
        &quot;Latitude&quot;: -25.74334229,
        &quot;Longitude&quot;: 28.24357935
      }
    },
    {
      &quot;attributes&quot;: {
        &quot;Precincts&quot;: &quot;Hatfield (Phase 3)&quot;,
        &quot;Quickbase_Status&quot;: &quot;Completed&quot;,
        &quot;QBRecordID&quot;: 0,
        &quot;Third_Party_Dependant_For_Conne&quot;: null,
        &quot;Latitude&quot;: -25.7430876,
        &quot;Longitude&quot;: 28.2434301
      }
    },
    {
      &quot;attributes&quot;: {
        &quot;Precincts&quot;: &quot;Hatfield (Phase 3)&quot;,
        &quot;Quickbase_Status&quot;: &quot;Completed&quot;,
        &quot;QBRecordID&quot;: 0,
        &quot;Third_Party_Dependant_For_Conne&quot;: null,
        &quot;Latitude&quot;: -25.74287588,
        &quot;Longitude&quot;: 28.24456706
      }
    },
    {
      &quot;attributes&quot;: {
        &quot;Precincts&quot;: &quot;Hatfield (Phase 3)&quot;,
        &quot;Quickbase_Status&quot;: &quot;Completed&quot;,
        &quot;QBRecordID&quot;: 0,
        &quot;Third_Party_Dependant_For_Conne&quot;: null,
        &quot;Latitude&quot;: -25.74289802,
        &quot;Longitude&quot;: 28.24468084
      }
    },
    {
      &quot;attributes&quot;: {
        &quot;Precincts&quot;: &quot;Hatfield (Phase 3)&quot;,
        &quot;Quickbase_Status&quot;: &quot;Completed&quot;,
        &quot;QBRecordID&quot;: 0,
        &quot;Third_Party_Dependant_For_Conne&quot;: null,
        &quot;Latitude&quot;: -25.7428615,
        &quot;Longitude&quot;: 28.24485163
      }
    },
    {
      &quot;attributes&quot;: {
        &quot;Precincts&quot;: &quot;Hatfield (Phase 3)&quot;,
        &quot;Quickbase_Status&quot;: &quot;Completed&quot;,
        &quot;QBRecordID&quot;: 0,
        &quot;Third_Party_Dependant_For_Conne&quot;: null,
        &quot;Latitude&quot;: -25.74288289,
        &quot;Longitude&quot;: 28.24517645
      }
    },
    {
      &quot;attributes&quot;: {
        &quot;Precincts&quot;: &quot;Hatfield (Phase 3)&quot;,
        &quot;Quickbase_Status&quot;: &quot;Completed&quot;,
        &quot;QBRecordID&quot;: 0,
        &quot;Third_Party_Dependant_For_Conne&quot;: null,
        &quot;Latitude&quot;: -25.74266584,
        &quot;Longitude&quot;: 28.24646307
      }
    },
    {
      &quot;attributes&quot;: {
        &quot;Precincts&quot;: &quot;Hatfield (Phase 3)&quot;,
        &quot;Quickbase_Status&quot;: &quot;Completed&quot;,
        &quot;QBRecordID&quot;: 0,
        &quot;Third_Party_Dependant_For_Conne&quot;: null,
        &quot;Latitude&quot;: -25.74284778,
        &quot;Longitude&quot;: 28.24633798
      }
    },
    {
      &quot;attributes&quot;: {
        &quot;Precincts&quot;: &quot;Ashley Gardens&quot;,
        &quot;Quickbase_Status&quot;: &quot;Completed&quot;,
        &quot;QBRecordID&quot;: 0,
        &quot;Third_Party_Dependant_For_Conne&quot;: null,
        &quot;Latitude&quot;: -25.78390097,
        &quot;Longitude&quot;: 28.26509116
      }
    },
    {
      &quot;attributes&quot;: {
        &quot;Precincts&quot;: &quot;Ashley Gardens&quot;,
        &quot;Quickbase_Status&quot;: &quot;Completed&quot;,
        &quot;QBRecordID&quot;: 0,
        &quot;Third_Party_Dependant_For_Conne&quot;: null,
        &quot;Latitude&quot;: -25.7807455,
        &quot;Longitude&quot;: 28.26679443
      }
    },
    {
      &quot;attributes&quot;: {
        &quot;Precincts&quot;: &quot;Ashley Gardens&quot;,
        &quot;Quickbase_Status&quot;: &quot;Completed&quot;,
        &quot;QBRecordID&quot;: 0,
        &quot;Third_Party_Dependant_For_Conne&quot;: null,
        &quot;Latitude&quot;: -25.7833111,
        &quot;Longitude&quot;: 28.26695104
      }
    },
    {
      &quot;attributes&quot;: {
        &quot;Precincts&quot;: &quot;Ashley Gardens&quot;,
        &quot;Quickbase_Status&quot;: &quot;Completed&quot;,
        &quot;QBRecordID&quot;: 0,
        &quot;Third_Party_Dependant_For_Conne&quot;: null,
        &quot;Latitude&quot;: -25.78307294,
        &quot;Longitude&quot;: 28.26690806
      }
    },
    {
      &quot;attributes&quot;: {
        &quot;Precincts&quot;: &quot;Ashley Gardens&quot;,
        &quot;Quickbase_Status&quot;: &quot;Completed&quot;,
        &quot;QBRecordID&quot;: 0,
        &quot;Third_Party_Dependant_For_Conne&quot;: null,
        &quot;Latitude&quot;: -25.78350417,
        &quot;Longitude&quot;: 28.26641583
      }
    },
    {
      &quot;attributes&quot;: {
        &quot;Precincts&quot;: &quot;Hatfield (Phase 3)&quot;,
        &quot;Quickbase_Status&quot;: &quot;Completed&quot;,
        &quot;QBRecordID&quot;: 0,
        &quot;Third_Party_Dependant_For_Conne&quot;: null,
        &quot;Latitude&quot;: -25.7417734,
        &quot;Longitude&quot;: 28.24299214
      }
    },
    {
      &quot;attributes&quot;: {
        &quot;Precincts&quot;: &quot;Hatfield (Phase 3)&quot;,
        &quot;Quickbase_Status&quot;: &quot;Completed&quot;,
        &quot;QBRecordID&quot;: 0,
        &quot;Third_Party_Dependant_For_Conne&quot;: null,
        &quot;Latitude&quot;: -25.74182338,
        &quot;Longitude&quot;: 28.24479105
      }
    },
    {
      &quot;attributes&quot;: {
        &quot;Precincts&quot;: &quot;Hatfield (Phase 3)&quot;,
        &quot;Quickbase_Status&quot;: &quot;Completed&quot;,
        &quot;QBRecordID&quot;: 0,
        &quot;Third_Party_Dependant_For_Conne&quot;: null,
        &quot;Latitude&quot;: -25.74198,
        &quot;Longitude&quot;: 28.24465089
      }
    },
    {
      &quot;attributes&quot;: {
        &quot;Precincts&quot;: &quot;Hatfield (Phase 3)&quot;,
        &quot;Quickbase_Status&quot;: &quot;Completed&quot;,
        &quot;QBRecordID&quot;: 0,
        &quot;Third_Party_Dependant_For_Conne&quot;: null,
        &quot;Latitude&quot;: -25.74198637,
        &quot;Longitude&quot;: 28.24481732
      }
    },
    {
      &quot;attributes&quot;: {
        &quot;Precincts&quot;: &quot;Hatfield (Phase 3)&quot;,
        &quot;Quickbase_Status&quot;: &quot;Completed&quot;,
        &quot;QBRecordID&quot;: 0,
        &quot;Third_Party_Dependant_For_Conne&quot;: null,
        &quot;Latitude&quot;: -25.7423543,
        &quot;Longitude&quot;: 28.24458331
      }
    },
    {
      &quot;attributes&quot;: {
        &quot;Precincts&quot;: &quot;Hatfield (Phase 3)&quot;,
        &quot;Quickbase_Status&quot;: &quot;Completed&quot;,
        &quot;QBRecordID&quot;: 0,
        &quot;Third_Party_Dependant_For_Conne&quot;: null,
        &quot;Latitude&quot;: -25.74232228,
        &quot;Longitude&quot;: 28.24504744
      }
    },
    {
      &quot;attributes&quot;: {
        &quot;Precincts&quot;: &quot;Hatfield (Phase 3)&quot;,
        &quot;Quickbase_Status&quot;: &quot;Completed&quot;,
        &quot;QBRecordID&quot;: 0,
        &quot;Third_Party_Dependant_For_Conne&quot;: null,
        &quot;Latitude&quot;: -25.74227251,
        &quot;Longitude&quot;: 28.24478825
      }
    },
    {
      &quot;attributes&quot;: {
        &quot;Precincts&quot;: &quot;Hatfield (Phase 3)&quot;,
        &quot;Quickbase_Status&quot;: &quot;Completed&quot;,
        &quot;QBRecordID&quot;: 0,
        &quot;Third_Party_Dependant_For_Conne&quot;: null,
        &quot;Latitude&quot;: -25.74222775,
        &quot;Longitude&quot;: 28.24502319
      }
    },
    {
      &quot;attributes&quot;: {
        &quot;Precincts&quot;: &quot;Hatfield (Phase 3)&quot;,
        &quot;Quickbase_Status&quot;: &quot;Completed&quot;,
        &quot;QBRecordID&quot;: 0,
        &quot;Third_Party_Dependant_For_Conne&quot;: null,
        &quot;Latitude&quot;: -25.74204626,
        &quot;Longitude&quot;: 28.24691848
      }
    },
    {
      &quot;attributes&quot;: {
        &quot;Precincts&quot;: &quot;Hatfield (Phase 3)&quot;,
        &quot;Quickbase_Status&quot;: &quot;Completed&quot;,
        &quot;QBRecordID&quot;: 0,
        &quot;Third_Party_Dependant_For_Conne&quot;: null,
        &quot;Latitude&quot;: -25.74208547,
        &quot;Longitude&quot;: 28.24621041
      }
    },
    {
      &quot;attributes&quot;: {
        &quot;Precincts&quot;: &quot;Hatfield (Phase 3)&quot;,
        &quot;Quickbase_Status&quot;: &quot;Completed&quot;,
        &quot;QBRecordID&quot;: 0,
        &quot;Third_Party_Dependant_For_Conne&quot;: null,
        &quot;Latitude&quot;: -25.74205714,
        &quot;Longitude&quot;: 28.24648037
      }
    },
    {
      &quot;attributes&quot;: {
        &quot;Precincts&quot;: &quot;Hatfield (Phase 3)&quot;,
        &quot;Quickbase_Status&quot;: &quot;Completed&quot;,
        &quot;QBRecordID&quot;: 0,
        &quot;Third_Party_Dependant_For_Conne&quot;: null,
        &quot;Latitude&quot;: -25.74220383,
        &quot;Longitude&quot;: 28.24646788
      }
    },
    {
      &quot;attributes&quot;: {
        &quot;Precincts&quot;: &quot;Hatfield (Phase 3)&quot;,
        &quot;Quickbase_Status&quot;: &quot;Completed&quot;,
        &quot;QBRecordID&quot;: 0,
        &quot;Third_Party_Dependant_For_Conne&quot;: null,
        &quot;Latitude&quot;: -25.74217362,
        &quot;Longitude&quot;: 28.24665653
      }
    },
    {
      &quot;attributes&quot;: {
        &quot;Precincts&quot;: &quot;Hatfield (Phase 3)&quot;,
        &quot;Quickbase_Status&quot;: &quot;Completed&quot;,
        &quot;QBRecordID&quot;: 0,
        &quot;Third_Party_Dependant_For_Conne&quot;: null,
        &quot;Latitude&quot;: -25.74192201,
        &quot;Longitude&quot;: 28.24505786
      }
    },
    {
      &quot;attributes&quot;: {
        &quot;Precincts&quot;: &quot;Hatfield (Phase 3)&quot;,
        &quot;Quickbase_Status&quot;: &quot;Completed&quot;,
        &quot;QBRecordID&quot;: 0,
        &quot;Third_Party_Dependant_For_Conne&quot;: null,
        &quot;Latitude&quot;: -25.74210364,
        &quot;Longitude&quot;: 28.2449134
      }
    },
    {
      &quot;attributes&quot;: {
        &quot;Precincts&quot;: &quot;Hatfield (Phase 3)&quot;,
        &quot;Quickbase_Status&quot;: &quot;Completed&quot;,
        &quot;QBRecordID&quot;: 0,
        &quot;Third_Party_Dependant_For_Conne&quot;: null,
        &quot;Latitude&quot;: -25.74207283,
        &quot;Longitude&quot;: 28.24543473
      }
    },
    {
      &quot;attributes&quot;: {
        &quot;Precincts&quot;: &quot;Hatfield (Phase 3)&quot;,
        &quot;Quickbase_Status&quot;: &quot;Completed&quot;,
        &quot;QBRecordID&quot;: 0,
        &quot;Third_Party_Dependant_For_Conne&quot;: null,
        &quot;Latitude&quot;: -25.74224499,
        &quot;Longitude&quot;: 28.24538787
      }
    },
    {
      &quot;attributes&quot;: {
        &quot;Precincts&quot;: &quot;Hatfield (Phase 3)&quot;,
        &quot;Quickbase_Status&quot;: &quot;Completed&quot;,
        &quot;QBRecordID&quot;: 0,
        &quot;Third_Party_Dependant_For_Conne&quot;: null,
        &quot;Latitude&quot;: -25.74223028,
        &quot;Longitude&quot;: 28.24561689
      }
    },
    {
      &quot;attributes&quot;: {
        &quot;Precincts&quot;: &quot;Hatfield (Phase 3)&quot;,
        &quot;Quickbase_Status&quot;: &quot;Completed&quot;,
        &quot;QBRecordID&quot;: 0,
        &quot;Third_Party_Dependant_For_Conne&quot;: null,
        &quot;Latitude&quot;: -25.7423332,
        &quot;Longitude&quot;: 28.24562707
      }
    },
    {
      &quot;attributes&quot;: {
        &quot;Precincts&quot;: &quot;Hatfield (Phase 3)&quot;,
        &quot;Quickbase_Status&quot;: &quot;Completed&quot;,
        &quot;QBRecordID&quot;: 0,
        &quot;Third_Party_Dependant_For_Conne&quot;: null,
        &quot;Latitude&quot;: -25.74229591,
        &quot;Longitude&quot;: 28.24576836
      }
    },
    {
      &quot;attributes&quot;: {
        &quot;Precincts&quot;: &quot;Ashley Gardens&quot;,
        &quot;Quickbase_Status&quot;: &quot;Completed&quot;,
        &quot;QBRecordID&quot;: 0,
        &quot;Third_Party_Dependant_For_Conne&quot;: null,
        &quot;Latitude&quot;: -25.78082304,
        &quot;Longitude&quot;: 28.26452711
      }
    },
    {
      &quot;attributes&quot;: {
        &quot;Precincts&quot;: &quot;Ashley Gardens&quot;,
        &quot;Quickbase_Status&quot;: &quot;Completed&quot;,
        &quot;QBRecordID&quot;: 0,
        &quot;Third_Party_Dependant_For_Conne&quot;: null,
        &quot;Latitude&quot;: -25.78092287,
        &quot;Longitude&quot;: 28.26476534
      }
    },
    {
      &quot;attributes&quot;: {
        &quot;Precincts&quot;: &quot;Ashley Gardens&quot;,
        &quot;Quickbase_Status&quot;: &quot;Completed&quot;,
        &quot;QBRecordID&quot;: 0,
        &quot;Third_Party_Dependant_For_Conne&quot;: null,
        &quot;Latitude&quot;: -25.78131637,
        &quot;Longitude&quot;: 28.26300273
      }
    },
    {
      &quot;attributes&quot;: {
        &quot;Precincts&quot;: &quot;Ashley Gardens&quot;,
        &quot;Quickbase_Status&quot;: &quot;Completed&quot;,
        &quot;QBRecordID&quot;: 0,
        &quot;Third_Party_Dependant_For_Conne&quot;: null,
        &quot;Latitude&quot;: -25.78111428,
        &quot;Longitude&quot;: 28.2630334
      }
    },
    {
      &quot;attributes&quot;: {
        &quot;Precincts&quot;: &quot;Ashley Gardens&quot;,
        &quot;Quickbase_Status&quot;: &quot;Completed&quot;,
        &quot;QBRecordID&quot;: 0,
        &quot;Third_Party_Dependant_For_Conne&quot;: null,
        &quot;Latitude&quot;: -25.78095798,
        &quot;Longitude&quot;: 28.2630955
      }
    },
    {
      &quot;attributes&quot;: {
        &quot;Precincts&quot;: &quot;Ashley Gardens&quot;,
        &quot;Quickbase_Status&quot;: &quot;Completed&quot;,
        &quot;QBRecordID&quot;: 0,
        &quot;Third_Party_Dependant_For_Conne&quot;: null,
        &quot;Latitude&quot;: -25.7819595,
        &quot;Longitude&quot;: 28.26593401
      }
    },
    {
      &quot;attributes&quot;: {
        &quot;Precincts&quot;: &quot;Ashley Gardens&quot;,
        &quot;Quickbase_Status&quot;: &quot;Completed&quot;,
        &quot;QBRecordID&quot;: 0,
        &quot;Third_Party_Dependant_For_Conne&quot;: null,
        &quot;Latitude&quot;: -25.78264944,
        &quot;Longitude&quot;: 28.26565978
      }
    },
    {
      &quot;attributes&quot;: {
        &quot;Precincts&quot;: &quot;Ashley Gardens&quot;,
        &quot;Quickbase_Status&quot;: &quot;Completed&quot;,
        &quot;QBRecordID&quot;: 0,
        &quot;Third_Party_Dependant_For_Conne&quot;: null,
        &quot;Latitude&quot;: -25.78270011,
        &quot;Longitude&quot;: 28.26494167
      }
    },
    {
      &quot;attributes&quot;: {
        &quot;Precincts&quot;: &quot;Ashley Gardens&quot;,
        &quot;Quickbase_Status&quot;: &quot;Completed&quot;,
        &quot;QBRecordID&quot;: 0,
        &quot;Third_Party_Dependant_For_Conne&quot;: null,
        &quot;Latitude&quot;: -25.78223924,
        &quot;Longitude&quot;: 28.26581044
      }
    },
    {
      &quot;attributes&quot;: {
        &quot;Precincts&quot;: &quot;Hatfield (Phase 3)&quot;,
        &quot;Quickbase_Status&quot;: &quot;Completed&quot;,
        &quot;QBRecordID&quot;: 0,
        &quot;Third_Party_Dependant_For_Conne&quot;: null,
        &quot;Latitude&quot;: -25.74348943,
        &quot;Longitude&quot;: 28.24062131
      }
    },
    {
      &quot;attributes&quot;: {
        &quot;Precincts&quot;: &quot;Hatfield (Phase 3)&quot;,
        &quot;Quickbase_Status&quot;: &quot;Completed&quot;,
        &quot;QBRecordID&quot;: 0,
        &quot;Third_Party_Dependant_For_Conne&quot;: null,
        &quot;Latitude&quot;: -25.74397559,
        &quot;Longitude&quot;: 28.24060997
      }
    },
    {
      &quot;attributes&quot;: {
        &quot;Precincts&quot;: &quot;Hatfield (Phase 3)&quot;,
        &quot;Quickbase_Status&quot;: &quot;Completed&quot;,
        &quot;QBRecordID&quot;: 0,
        &quot;Third_Party_Dependant_For_Conne&quot;: null,
        &quot;Latitude&quot;: -25.74366386,
        &quot;Longitude&quot;: 28.24059768
      }
    },
    {
      &quot;attributes&quot;: {
        &quot;Precincts&quot;: &quot;Hatfield (Phase 3)&quot;,
        &quot;Quickbase_Status&quot;: &quot;Completed&quot;,
        &quot;QBRecordID&quot;: 0,
        &quot;Third_Party_Dependant_For_Conne&quot;: null,
        &quot;Latitude&quot;: -25.74387432,
        &quot;Longitude&quot;: 28.24045779
      }
    },
    {
      &quot;attributes&quot;: {
        &quot;Precincts&quot;: &quot;Hatfield (Phase 3)&quot;,
        &quot;Quickbase_Status&quot;: &quot;Completed&quot;,
        &quot;QBRecordID&quot;: 0,
        &quot;Third_Party_Dependant_For_Conne&quot;: null,
        &quot;Latitude&quot;: -25.74553077,
        &quot;Longitude&quot;: 28.24069471
      }
    },
    {
      &quot;attributes&quot;: {
        &quot;Precincts&quot;: &quot;Brooklyn&quot;,
        &quot;Quickbase_Status&quot;: &quot;Completed&quot;,
        &quot;QBRecordID&quot;: 0,
        &quot;Third_Party_Dependant_For_Conne&quot;: null,
        &quot;Latitude&quot;: -25.76749229,
        &quot;Longitude&quot;: 28.23546374
      }
    },
    {
      &quot;attributes&quot;: {
        &quot;Precincts&quot;: &quot;Hatfield (Phase 3)&quot;,
        &quot;Quickbase_Status&quot;: &quot;Completed&quot;,
        &quot;QBRecordID&quot;: 0,
        &quot;Third_Party_Dependant_For_Conne&quot;: null,
        &quot;Latitude&quot;: -25.74341963,
        &quot;Longitude&quot;: 28.24082629
      }
    },
    {
      &quot;attributes&quot;: {
        &quot;Precincts&quot;: &quot;Hatfield (Phase 3)&quot;,
        &quot;Quickbase_Status&quot;: &quot;Completed&quot;,
        &quot;QBRecordID&quot;: 0,
        &quot;Third_Party_Dependant_For_Conne&quot;: null,
        &quot;Latitude&quot;: -25.74613544,
        &quot;Longitude&quot;: 28.24139929
      }
    },
    {
      &quot;attributes&quot;: {
        &quot;Precincts&quot;: &quot;Hatfield (Phase 3)&quot;,
        &quot;Quickbase_Status&quot;: &quot;Completed&quot;,
        &quot;QBRecordID&quot;: 0,
        &quot;Third_Party_Dependant_For_Conne&quot;: null,
        &quot;Latitude&quot;: -25.74595894,
        &quot;Longitude&quot;: 28.24187066
      }
    },
    {
      &quot;attributes&quot;: {
        &quot;Precincts&quot;: &quot;Hatfield (Phase 3)&quot;,
        &quot;Quickbase_Status&quot;: &quot;Completed&quot;,
        &quot;QBRecordID&quot;: 0,
        &quot;Third_Party_Dependant_For_Conne&quot;: null,
        &quot;Latitude&quot;: -25.74599775,
        &quot;Longitude&quot;: 28.24177131
      }
    },
    {
      &quot;attributes&quot;: {
        &quot;Precincts&quot;: &quot;Hatfield (Phase 3)&quot;,
        &quot;Quickbase_Status&quot;: &quot;Completed&quot;,
        &quot;QBRecordID&quot;: 0,
        &quot;Third_Party_Dependant_For_Conne&quot;: null,
        &quot;Latitude&quot;: -25.74342748,
        &quot;Longitude&quot;: 28.24107043
      }
    },
    {
      &quot;attributes&quot;: {
        &quot;Precincts&quot;: &quot;Brooklyn&quot;,
        &quot;Quickbase_Status&quot;: &quot;Completed&quot;,
        &quot;QBRecordID&quot;: 0,
        &quot;Third_Party_Dependant_For_Conne&quot;: null,
        &quot;Latitude&quot;: -25.77248661,
        &quot;Longitude&quot;: 28.23230267
      }
    },
    {
      &quot;attributes&quot;: {
        &quot;Precincts&quot;: &quot;Hatfield (Phase 3)&quot;,
        &quot;Quickbase_Status&quot;: &quot;Completed&quot;,
        &quot;QBRecordID&quot;: 0,
        &quot;Third_Party_Dependant_For_Conne&quot;: null,
        &quot;Latitude&quot;: -25.7448844,
        &quot;Longitude&quot;: 28.2406485
      }
    },
    {
      &quot;attributes&quot;: {
        &quot;Precincts&quot;: &quot;Hatfield (Phase 3)&quot;,
        &quot;Quickbase_Status&quot;: &quot;Completed&quot;,
        &quot;QBRecordID&quot;: 0,
        &quot;Third_Party_Dependant_For_Conne&quot;: null,
        &quot;Latitude&quot;: -25.74533751,
        &quot;Longitude&quot;: 28.240689
      }
    },
    {
      &quot;attributes&quot;: {
        &quot;Precincts&quot;: &quot;Hatfield (Phase 3)&quot;,
        &quot;Quickbase_Status&quot;: &quot;Completed&quot;,
        &quot;QBRecordID&quot;: 0,
        &quot;Third_Party_Dependant_For_Conne&quot;: null,
        &quot;Latitude&quot;: -25.74602913,
        &quot;Longitude&quot;: 28.24157318
      }
    },
    {
      &quot;attributes&quot;: {
        &quot;Precincts&quot;: &quot;Brooklyn&quot;,
        &quot;Quickbase_Status&quot;: &quot;Completed&quot;,
        &quot;QBRecordID&quot;: 0,
        &quot;Third_Party_Dependant_For_Conne&quot;: null,
        &quot;Latitude&quot;: -25.76674161,
        &quot;Longitude&quot;: 28.22976586
      }
    },
    {
      &quot;attributes&quot;: {
        &quot;Precincts&quot;: &quot;Brooklyn&quot;,
        &quot;Quickbase_Status&quot;: &quot;Completed&quot;,
        &quot;QBRecordID&quot;: 0,
        &quot;Third_Party_Dependant_For_Conne&quot;: null,
        &quot;Latitude&quot;: -25.76651342,
        &quot;Longitude&quot;: 28.23028811
      }
    },
    {
      &quot;attributes&quot;: {
        &quot;Precincts&quot;: &quot;Brooklyn&quot;,
        &quot;Quickbase_Status&quot;: &quot;Completed&quot;,
        &quot;QBRecordID&quot;: 0,
        &quot;Third_Party_Dependant_For_Conne&quot;: null,
        &quot;Latitude&quot;: -25.76683444,
        &quot;Longitude&quot;: 28.23026579
      }
    },
    {
      &quot;attributes&quot;: {
        &quot;Precincts&quot;: &quot;Brooklyn&quot;,
        &quot;Quickbase_Status&quot;: &quot;Completed&quot;,
        &quot;QBRecordID&quot;: 0,
        &quot;Third_Party_Dependant_For_Conne&quot;: null,
        &quot;Latitude&quot;: -25.76681969,
        &quot;Longitude&quot;: 28.23011605
      }
    },
    {
      &quot;attributes&quot;: {
        &quot;Precincts&quot;: &quot;Brooklyn&quot;,
        &quot;Quickbase_Status&quot;: &quot;Completed&quot;,
        &quot;QBRecordID&quot;: 0,
        &quot;Third_Party_Dependant_For_Conne&quot;: null,
        &quot;Latitude&quot;: -25.77302099,
        &quot;Longitude&quot;: 28.23259821
      }
    },
    {
      &quot;attributes&quot;: {
        &quot;Precincts&quot;: &quot;Brooklyn&quot;,
        &quot;Quickbase_Status&quot;: &quot;Completed&quot;,
        &quot;QBRecordID&quot;: 0,
        &quot;Third_Party_Dependant_For_Conne&quot;: null,
        &quot;Latitude&quot;: -25.7698987,
        &quot;Longitude&quot;: 28.23175276
      }
    },
    {
      &quot;attributes&quot;: {
        &quot;Precincts&quot;: &quot;Brooklyn&quot;,
        &quot;Quickbase_Status&quot;: &quot;Completed&quot;,
        &quot;QBRecordID&quot;: 0,
        &quot;Third_Party_Dependant_For_Conne&quot;: null,
        &quot;Latitude&quot;: -25.7701248,
        &quot;Longitude&quot;: 28.23131808
      }
    },
    {
      &quot;attributes&quot;: {
        &quot;Precincts&quot;: &quot;Brooklyn&quot;,
        &quot;Quickbase_Status&quot;: &quot;Completed&quot;,
        &quot;QBRecordID&quot;: 0,
        &quot;Third_Party_Dependant_For_Conne&quot;: null,
        &quot;Latitude&quot;: -25.77004397,
        &quot;Longitude&quot;: 28.2313207
      }
    },
    {
      &quot;attributes&quot;: {
        &quot;Precincts&quot;: &quot;Brooklyn&quot;,
        &quot;Quickbase_Status&quot;: &quot;Completed&quot;,
        &quot;QBRecordID&quot;: 0,
        &quot;Third_Party_Dependant_For_Conne&quot;: null,
        &quot;Latitude&quot;: -25.77007175,
        &quot;Longitude&quot;: 28.2314513
      }
    },
    {
      &quot;attributes&quot;: {
        &quot;Precincts&quot;: &quot;Brooklyn&quot;,
        &quot;Quickbase_Status&quot;: &quot;Completed&quot;,
        &quot;QBRecordID&quot;: 0,
        &quot;Third_Party_Dependant_For_Conne&quot;: null,
        &quot;Latitude&quot;: -25.77002527,
        &quot;Longitude&quot;: 28.23160286
      }
    },
    {
      &quot;attributes&quot;: {
        &quot;Precincts&quot;: &quot;Brooklyn&quot;,
        &quot;Quickbase_Status&quot;: &quot;Completed&quot;,
        &quot;QBRecordID&quot;: 0,
        &quot;Third_Party_Dependant_For_Conne&quot;: null,
        &quot;Latitude&quot;: -25.76999572,
        &quot;Longitude&quot;: 28.23147968
      }
    },
    {
      &quot;attributes&quot;: {
        &quot;Precincts&quot;: &quot;Brooklyn&quot;,
        &quot;Quickbase_Status&quot;: &quot;Completed&quot;,
        &quot;QBRecordID&quot;: 0,
        &quot;Third_Party_Dependant_For_Conne&quot;: null,
        &quot;Latitude&quot;: -25.76994533,
        &quot;Longitude&quot;: 28.23160611
      }
    },
    {
      &quot;attributes&quot;: {
        &quot;Precincts&quot;: &quot;Brooklyn&quot;,
        &quot;Quickbase_Status&quot;: &quot;Completed&quot;,
        &quot;QBRecordID&quot;: 0,
        &quot;Third_Party_Dependant_For_Conne&quot;: null,
        &quot;Latitude&quot;: -25.76997279,
        &quot;Longitude&quot;: 28.23173701
      }
    },
    {
      &quot;attributes&quot;: {
        &quot;Precincts&quot;: &quot;Brooklyn&quot;,
        &quot;Quickbase_Status&quot;: &quot;Completed&quot;,
        &quot;QBRecordID&quot;: 0,
        &quot;Third_Party_Dependant_For_Conne&quot;: null,
        &quot;Latitude&quot;: -25.769847,
        &quot;Longitude&quot;: 28.23189531
      }
    },
    {
      &quot;attributes&quot;: {
        &quot;Precincts&quot;: &quot;Brooklyn&quot;,
        &quot;Quickbase_Status&quot;: &quot;Completed&quot;,
        &quot;QBRecordID&quot;: 0,
        &quot;Third_Party_Dependant_For_Conne&quot;: null,
        &quot;Latitude&quot;: -25.76992616,
        &quot;Longitude&quot;: 28.2318879
      }
    },
    {
      &quot;attributes&quot;: {
        &quot;Precincts&quot;: &quot;Brooklyn&quot;,
        &quot;Quickbase_Status&quot;: &quot;Completed&quot;,
        &quot;QBRecordID&quot;: 0,
        &quot;Third_Party_Dependant_For_Conne&quot;: null,
        &quot;Latitude&quot;: -25.76628214,
        &quot;Longitude&quot;: 28.23176745
      }
    },
    {
      &quot;attributes&quot;: {
        &quot;Precincts&quot;: &quot;Brooklyn&quot;,
        &quot;Quickbase_Status&quot;: &quot;Completed&quot;,
        &quot;QBRecordID&quot;: 0,
        &quot;Third_Party_Dependant_For_Conne&quot;: null,
        &quot;Latitude&quot;: -25.76611712,
        &quot;Longitude&quot;: 28.23179865
      }
    },
    {
      &quot;attributes&quot;: {
        &quot;Precincts&quot;: &quot;Brooklyn&quot;,
        &quot;Quickbase_Status&quot;: &quot;Completed&quot;,
        &quot;QBRecordID&quot;: 0,
        &quot;Third_Party_Dependant_For_Conne&quot;: null,
        &quot;Latitude&quot;: -25.76620086,
        &quot;Longitude&quot;: 28.23190496
      }
    },
    {
      &quot;attributes&quot;: {
        &quot;Precincts&quot;: &quot;Brooklyn&quot;,
        &quot;Quickbase_Status&quot;: &quot;Completed&quot;,
        &quot;QBRecordID&quot;: 0,
        &quot;Third_Party_Dependant_For_Conne&quot;: null,
        &quot;Latitude&quot;: -25.76644766,
        &quot;Longitude&quot;: 28.23142469
      }
    },
    {
      &quot;attributes&quot;: {
        &quot;Precincts&quot;: &quot;Brooklyn&quot;,
        &quot;Quickbase_Status&quot;: &quot;Completed&quot;,
        &quot;QBRecordID&quot;: 0,
        &quot;Third_Party_Dependant_For_Conne&quot;: null,
        &quot;Latitude&quot;: -25.76659762,
        &quot;Longitude&quot;: 28.2312504
      }
    },
    {
      &quot;attributes&quot;: {
        &quot;Precincts&quot;: &quot;Brooklyn&quot;,
        &quot;Quickbase_Status&quot;: &quot;Completed&quot;,
        &quot;QBRecordID&quot;: 0,
        &quot;Third_Party_Dependant_For_Conne&quot;: null,
        &quot;Latitude&quot;: -25.76660797,
        &quot;Longitude&quot;: 28.23141026
      }
    },
    {
      &quot;attributes&quot;: {
        &quot;Precincts&quot;: &quot;Brooklyn&quot;,
        &quot;Quickbase_Status&quot;: &quot;Completed&quot;,
        &quot;QBRecordID&quot;: 0,
        &quot;Third_Party_Dependant_For_Conne&quot;: null,
        &quot;Latitude&quot;: -25.76655831,
        &quot;Longitude&quot;: 28.23148085
      }
    },
    {
      &quot;attributes&quot;: {
        &quot;Precincts&quot;: &quot;Brooklyn&quot;,
        &quot;Quickbase_Status&quot;: &quot;Completed&quot;,
        &quot;QBRecordID&quot;: 0,
        &quot;Third_Party_Dependant_For_Conne&quot;: null,
        &quot;Latitude&quot;: -25.76668191,
        &quot;Longitude&quot;: 28.2313491
      }
    },
    {
      &quot;attributes&quot;: {
        &quot;Precincts&quot;: &quot;Brooklyn&quot;,
        &quot;Quickbase_Status&quot;: &quot;Completed&quot;,
        &quot;QBRecordID&quot;: 0,
        &quot;Third_Party_Dependant_For_Conne&quot;: null,
        &quot;Latitude&quot;: -25.76683204,
        &quot;Longitude&quot;: 28.23081725
      }
    },
    {
      &quot;attributes&quot;: {
        &quot;Precincts&quot;: &quot;Brooklyn&quot;,
        &quot;Quickbase_Status&quot;: &quot;Completed&quot;,
        &quot;QBRecordID&quot;: 0,
        &quot;Third_Party_Dependant_For_Conne&quot;: null,
        &quot;Latitude&quot;: -25.76701877,
        &quot;Longitude&quot;: 28.23085409
      }
    },
    {
      &quot;attributes&quot;: {
        &quot;Precincts&quot;: &quot;Brooklyn&quot;,
        &quot;Quickbase_Status&quot;: &quot;Completed&quot;,
        &quot;QBRecordID&quot;: 0,
        &quot;Third_Party_Dependant_For_Conne&quot;: null,
        &quot;Latitude&quot;: -25.76719512,
        &quot;Longitude&quot;: 28.23148548
      }
    },
    {
      &quot;attributes&quot;: {
        &quot;Precincts&quot;: &quot;Brooklyn&quot;,
        &quot;Quickbase_Status&quot;: &quot;Completed&quot;,
        &quot;QBRecordID&quot;: 0,
        &quot;Third_Party_Dependant_For_Conne&quot;: null,
        &quot;Latitude&quot;: -25.76703867,
        &quot;Longitude&quot;: 28.23153511
      }
    },
    {
      &quot;attributes&quot;: {
        &quot;Precincts&quot;: &quot;Brooklyn&quot;,
        &quot;Quickbase_Status&quot;: &quot;Completed&quot;,
        &quot;QBRecordID&quot;: 0,
        &quot;Third_Party_Dependant_For_Conne&quot;: null,
        &quot;Latitude&quot;: -25.76672033,
        &quot;Longitude&quot;: 28.231602
      }
    },
    {
      &quot;attributes&quot;: {
        &quot;Precincts&quot;: &quot;Brooklyn&quot;,
        &quot;Quickbase_Status&quot;: &quot;Completed&quot;,
        &quot;QBRecordID&quot;: 0,
        &quot;Third_Party_Dependant_For_Conne&quot;: null,
        &quot;Latitude&quot;: -25.76688425,
        &quot;Longitude&quot;: 28.23160213
      }
    },
    {
      &quot;attributes&quot;: {
        &quot;Precincts&quot;: &quot;Brooklyn&quot;,
        &quot;Quickbase_Status&quot;: &quot;Completed&quot;,
        &quot;QBRecordID&quot;: 0,
        &quot;Third_Party_Dependant_For_Conne&quot;: null,
        &quot;Latitude&quot;: -25.7666933,
        &quot;Longitude&quot;: 28.23098297
      }
    },
    {
      &quot;attributes&quot;: {
        &quot;Precincts&quot;: &quot;Brooklyn&quot;,
        &quot;Quickbase_Status&quot;: &quot;Completed&quot;,
        &quot;QBRecordID&quot;: 0,
        &quot;Third_Party_Dependant_For_Conne&quot;: null,
        &quot;Latitude&quot;: -25.76611492,
        &quot;Longitude&quot;: 28.23137068
      }
    },
    {
      &quot;attributes&quot;: {
        &quot;Precincts&quot;: &quot;Brooklyn&quot;,
        &quot;Quickbase_Status&quot;: &quot;Completed&quot;,
        &quot;QBRecordID&quot;: 0,
        &quot;Third_Party_Dependant_For_Conne&quot;: null,
        &quot;Latitude&quot;: -25.76456592,
        &quot;Longitude&quot;: 28.23314137
      }
    },
    {
      &quot;attributes&quot;: {
        &quot;Precincts&quot;: &quot;Brooklyn&quot;,
        &quot;Quickbase_Status&quot;: &quot;Completed&quot;,
        &quot;QBRecordID&quot;: 0,
        &quot;Third_Party_Dependant_For_Conne&quot;: null,
        &quot;Latitude&quot;: -25.76396311,
        &quot;Longitude&quot;: 28.23085938
      }
    },
    {
      &quot;attributes&quot;: {
        &quot;Precincts&quot;: &quot;Brooklyn&quot;,
        &quot;Quickbase_Status&quot;: &quot;Completed&quot;,
        &quot;QBRecordID&quot;: 0,
        &quot;Third_Party_Dependant_For_Conne&quot;: null,
        &quot;Latitude&quot;: -25.77274543,
        &quot;Longitude&quot;: 28.2329149
      }
    },
    {
      &quot;attributes&quot;: {
        &quot;Precincts&quot;: &quot;Brooklyn&quot;,
        &quot;Quickbase_Status&quot;: &quot;Completed&quot;,
        &quot;QBRecordID&quot;: 0,
        &quot;Third_Party_Dependant_For_Conne&quot;: null,
        &quot;Latitude&quot;: -25.77075463,
        &quot;Longitude&quot;: 28.23589727
      }
    },
    {
      &quot;attributes&quot;: {
        &quot;Precincts&quot;: &quot;Brooklyn&quot;,
        &quot;Quickbase_Status&quot;: &quot;Completed&quot;,
        &quot;QBRecordID&quot;: 0,
        &quot;Third_Party_Dependant_For_Conne&quot;: null,
        &quot;Latitude&quot;: -25.77125911,
        &quot;Longitude&quot;: 28.23648687
      }
    },
    {
      &quot;attributes&quot;: {
        &quot;Precincts&quot;: &quot;Brooklyn&quot;,
        &quot;Quickbase_Status&quot;: &quot;Completed&quot;,
        &quot;QBRecordID&quot;: 0,
        &quot;Third_Party_Dependant_For_Conne&quot;: null,
        &quot;Latitude&quot;: -25.77113895,
        &quot;Longitude&quot;: 28.23654004
      }
    },
    {
      &quot;attributes&quot;: {
        &quot;Precincts&quot;: &quot;Brooklyn&quot;,
        &quot;Quickbase_Status&quot;: &quot;Completed&quot;,
        &quot;QBRecordID&quot;: 0,
        &quot;Third_Party_Dependant_For_Conne&quot;: null,
        &quot;Latitude&quot;: -25.77116259,
        &quot;Longitude&quot;: 28.23633779
      }
    },
    {
      &quot;attributes&quot;: {
        &quot;Precincts&quot;: &quot;Brooklyn&quot;,
        &quot;Quickbase_Status&quot;: &quot;Completed&quot;,
        &quot;QBRecordID&quot;: 0,
        &quot;Third_Party_Dependant_For_Conne&quot;: null,
        &quot;Latitude&quot;: -25.77143653,
        &quot;Longitude&quot;: 28.23642052
      }
    },
    {
      &quot;attributes&quot;: {
        &quot;Precincts&quot;: &quot;Brooklyn&quot;,
        &quot;Quickbase_Status&quot;: &quot;Completed&quot;,
        &quot;QBRecordID&quot;: 0,
        &quot;Third_Party_Dependant_For_Conne&quot;: null,
        &quot;Latitude&quot;: -25.7685077,
        &quot;Longitude&quot;: 28.23528665
      }
    },
    {
      &quot;attributes&quot;: {
        &quot;Precincts&quot;: &quot;Brooklyn&quot;,
        &quot;Quickbase_Status&quot;: &quot;Completed&quot;,
        &quot;QBRecordID&quot;: 0,
        &quot;Third_Party_Dependant_For_Conne&quot;: null,
        &quot;Latitude&quot;: -25.76860651,
        &quot;Longitude&quot;: 28.23525767
      }
    },
    {
      &quot;attributes&quot;: {
        &quot;Precincts&quot;: &quot;Brooklyn&quot;,
        &quot;Quickbase_Status&quot;: &quot;Completed&quot;,
        &quot;QBRecordID&quot;: 0,
        &quot;Third_Party_Dependant_For_Conne&quot;: null,
        &quot;Latitude&quot;: -25.76868381,
        &quot;Longitude&quot;: 28.2353838
      }
    },
    {
      &quot;attributes&quot;: {
        &quot;Precincts&quot;: &quot;Brooklyn&quot;,
        &quot;Quickbase_Status&quot;: &quot;Completed&quot;,
        &quot;QBRecordID&quot;: 0,
        &quot;Third_Party_Dependant_For_Conne&quot;: null,
        &quot;Latitude&quot;: -25.77000887,
        &quot;Longitude&quot;: 28.2329796
      }
    },
    {
      &quot;attributes&quot;: {
        &quot;Precincts&quot;: &quot;Brooklyn&quot;,
        &quot;Quickbase_Status&quot;: &quot;Completed&quot;,
        &quot;QBRecordID&quot;: 0,
        &quot;Third_Party_Dependant_For_Conne&quot;: null,
        &quot;Latitude&quot;: -25.77003957,
        &quot;Longitude&quot;: 28.23278179
      }
    },
    {
      &quot;attributes&quot;: {
        &quot;Precincts&quot;: &quot;Brooklyn&quot;,
        &quot;Quickbase_Status&quot;: &quot;Completed&quot;,
        &quot;QBRecordID&quot;: 0,
        &quot;Third_Party_Dependant_For_Conne&quot;: null,
        &quot;Latitude&quot;: -25.7703184,
        &quot;Longitude&quot;: 28.23260559
      }
    },
    {
      &quot;attributes&quot;: {
        &quot;Precincts&quot;: &quot;Brooklyn&quot;,
        &quot;Quickbase_Status&quot;: &quot;Completed&quot;,
        &quot;QBRecordID&quot;: 0,
        &quot;Third_Party_Dependant_For_Conne&quot;: null,
        &quot;Latitude&quot;: -25.77052692,
        &quot;Longitude&quot;: 28.23289576
      }
    },
    {
      &quot;attributes&quot;: {
        &quot;Precincts&quot;: &quot;Brooklyn&quot;,
        &quot;Quickbase_Status&quot;: &quot;Completed&quot;,
        &quot;QBRecordID&quot;: 0,
        &quot;Third_Party_Dependant_For_Conne&quot;: null,
        &quot;Latitude&quot;: -25.77060503,
        &quot;Longitude&quot;: 28.23263587
      }
    },
    {
      &quot;attributes&quot;: {
        &quot;Precincts&quot;: &quot;Brooklyn&quot;,
        &quot;Quickbase_Status&quot;: &quot;Completed&quot;,
        &quot;QBRecordID&quot;: 0,
        &quot;Third_Party_Dependant_For_Conne&quot;: null,
        &quot;Latitude&quot;: -25.770567,
        &quot;Longitude&quot;: 28.23272701
      }
    },
    {
      &quot;attributes&quot;: {
        &quot;Precincts&quot;: &quot;Brooklyn&quot;,
        &quot;Quickbase_Status&quot;: &quot;Completed&quot;,
        &quot;QBRecordID&quot;: 0,
        &quot;Third_Party_Dependant_For_Conne&quot;: null,
        &quot;Latitude&quot;: -25.77046659,
        &quot;Longitude&quot;: 28.23303898
      }
    },
    {
      &quot;attributes&quot;: {
        &quot;Precincts&quot;: &quot;Brooklyn&quot;,
        &quot;Quickbase_Status&quot;: &quot;Completed&quot;,
        &quot;QBRecordID&quot;: 0,
        &quot;Third_Party_Dependant_For_Conne&quot;: null,
        &quot;Latitude&quot;: -25.77042254,
        &quot;Longitude&quot;: 28.23285183
      }
    },
    {
      &quot;attributes&quot;: {
        &quot;Precincts&quot;: &quot;Brooklyn&quot;,
        &quot;Quickbase_Status&quot;: &quot;Completed&quot;,
        &quot;QBRecordID&quot;: 0,
        &quot;Third_Party_Dependant_For_Conne&quot;: null,
        &quot;Latitude&quot;: -25.77042899,
        &quot;Longitude&quot;: 28.23312801
      }
    },
    {
      &quot;attributes&quot;: {
        &quot;Precincts&quot;: &quot;Brooklyn&quot;,
        &quot;Quickbase_Status&quot;: &quot;Completed&quot;,
        &quot;QBRecordID&quot;: 0,
        &quot;Third_Party_Dependant_For_Conne&quot;: null,
        &quot;Latitude&quot;: -25.77066084,
        &quot;Longitude&quot;: 28.23268104
      }
    },
    {
      &quot;attributes&quot;: {
        &quot;Precincts&quot;: &quot;Brooklyn&quot;,
        &quot;Quickbase_Status&quot;: &quot;Completed&quot;,
        &quot;QBRecordID&quot;: 0,
        &quot;Third_Party_Dependant_For_Conne&quot;: null,
        &quot;Latitude&quot;: -25.76995913,
        &quot;Longitude&quot;: 28.23265197
      }
    },
    {
      &quot;attributes&quot;: {
        &quot;Precincts&quot;: &quot;Brooklyn&quot;,
        &quot;Quickbase_Status&quot;: &quot;Completed&quot;,
        &quot;QBRecordID&quot;: 0,
        &quot;Third_Party_Dependant_For_Conne&quot;: null,
        &quot;Latitude&quot;: -25.77034963,
        &quot;Longitude&quot;: 28.23354191
      }
    },
    {
      &quot;attributes&quot;: {
        &quot;Precincts&quot;: &quot;Brooklyn&quot;,
        &quot;Quickbase_Status&quot;: &quot;Completed&quot;,
        &quot;QBRecordID&quot;: 0,
        &quot;Third_Party_Dependant_For_Conne&quot;: null,
        &quot;Latitude&quot;: -25.768516,
        &quot;Longitude&quot;: 28.23487551
      }
    },
    {
      &quot;attributes&quot;: {
        &quot;Precincts&quot;: &quot;Brooklyn&quot;,
        &quot;Quickbase_Status&quot;: &quot;Completed&quot;,
        &quot;QBRecordID&quot;: 0,
        &quot;Third_Party_Dependant_For_Conne&quot;: null,
        &quot;Latitude&quot;: -25.76886093,
        &quot;Longitude&quot;: 28.2349907
      }
    },
    {
      &quot;attributes&quot;: {
        &quot;Precincts&quot;: &quot;Brooklyn&quot;,
        &quot;Quickbase_Status&quot;: &quot;Completed&quot;,
        &quot;QBRecordID&quot;: 0,
        &quot;Third_Party_Dependant_For_Conne&quot;: null,
        &quot;Latitude&quot;: -25.76997154,
        &quot;Longitude&quot;: 28.23225013
      }
    },
    {
      &quot;attributes&quot;: {
        &quot;Precincts&quot;: &quot;Brooklyn&quot;,
        &quot;Quickbase_Status&quot;: &quot;Completed&quot;,
        &quot;QBRecordID&quot;: 0,
        &quot;Third_Party_Dependant_For_Conne&quot;: null,
        &quot;Latitude&quot;: -25.76833819,
        &quot;Longitude&quot;: 28.23436033
      }
    },
    {
      &quot;attributes&quot;: {
        &quot;Precincts&quot;: &quot;Brooklyn&quot;,
        &quot;Quickbase_Status&quot;: &quot;Completed&quot;,
        &quot;QBRecordID&quot;: 0,
        &quot;Third_Party_Dependant_For_Conne&quot;: null,
        &quot;Latitude&quot;: -25.76713703,
        &quot;Longitude&quot;: 28.23118707
      }
    },
    {
      &quot;attributes&quot;: {
        &quot;Precincts&quot;: &quot;Ashley Gardens&quot;,
        &quot;Quickbase_Status&quot;: &quot;Completed&quot;,
        &quot;QBRecordID&quot;: 0,
        &quot;Third_Party_Dependant_For_Conne&quot;: null,
        &quot;Latitude&quot;: -25.78478079,
        &quot;Longitude&quot;: 28.26516922
      }
    },
    {
      &quot;attributes&quot;: {
        &quot;Precincts&quot;: &quot;Hatfield (Phase 3)&quot;,
        &quot;Quickbase_Status&quot;: &quot;Completed&quot;,
        &quot;QBRecordID&quot;: 0,
        &quot;Third_Party_Dependant_For_Conne&quot;: null,
        &quot;Latitude&quot;: -25.74287381,
        &quot;Longitude&quot;: 28.24524603
      }
    },
    {
      &quot;attributes&quot;: {
        &quot;Precincts&quot;: &quot;Hatfield (Phase 3)&quot;,
        &quot;Quickbase_Status&quot;: &quot;Completed&quot;,
        &quot;QBRecordID&quot;: 0,
        &quot;Third_Party_Dependant_For_Conne&quot;: null,
        &quot;Latitude&quot;: -25.74287259,
        &quot;Longitude&quot;: 28.24510321
      }
    },
    {
      &quot;attributes&quot;: {
        &quot;Precincts&quot;: &quot;Hatfield (Phase 3)&quot;,
        &quot;Quickbase_Status&quot;: &quot;Completed&quot;,
        &quot;QBRecordID&quot;: 0,
        &quot;Third_Party_Dependant_For_Conne&quot;: null,
        &quot;Latitude&quot;: -25.74293009,
        &quot;Longitude&quot;: 28.24311823
      }
    },
    {
      &quot;attributes&quot;: {
        &quot;Precincts&quot;: &quot;Hatfield (Phase 3)&quot;,
        &quot;Quickbase_Status&quot;: &quot;Completed&quot;,
        &quot;QBRecordID&quot;: 0,
        &quot;Third_Party_Dependant_For_Conne&quot;: null,
        &quot;Latitude&quot;: -25.74168178,
        &quot;Longitude&quot;: 28.24862664
      }
    },
    {
      &quot;attributes&quot;: {
        &quot;Precincts&quot;: &quot;Hatfield (Phase 3)&quot;,
        &quot;Quickbase_Status&quot;: &quot;Completed&quot;,
        &quot;QBRecordID&quot;: 0,
        &quot;Third_Party_Dependant_For_Conne&quot;: null,
        &quot;Latitude&quot;: -25.74167728,
        &quot;Longitude&quot;: 28.24849523
      }
    },
    {
      &quot;attributes&quot;: {
        &quot;Precincts&quot;: &quot;Hatfield (Phase 3)&quot;,
        &quot;Quickbase_Status&quot;: &quot;Completed&quot;,
        &quot;QBRecordID&quot;: 0,
        &quot;Third_Party_Dependant_For_Conne&quot;: null,
        &quot;Latitude&quot;: -25.74166726,
        &quot;Longitude&quot;: 28.24877122
      }
    },
    {
      &quot;attributes&quot;: {
        &quot;Precincts&quot;: &quot;Ingersol&quot;,
        &quot;Quickbase_Status&quot;: &quot;Completed&quot;,
        &quot;QBRecordID&quot;: 0,
        &quot;Third_Party_Dependant_For_Conne&quot;: null,
        &quot;Latitude&quot;: -25.78345168,
        &quot;Longitude&quot;: 28.27684365
      }
    },
    {
      &quot;attributes&quot;: {
        &quot;Precincts&quot;: &quot;Ingersol&quot;,
        &quot;Quickbase_Status&quot;: &quot;Completed&quot;,
        &quot;QBRecordID&quot;: 93421,
        &quot;Third_Party_Dependant_For_Conne&quot;: null,
        &quot;Latitude&quot;: -25.78312071,
        &quot;Longitude&quot;: 28.27511338
      }
    },
    {
      &quot;attributes&quot;: {
        &quot;Precincts&quot;: &quot;Ingersol&quot;,
        &quot;Quickbase_Status&quot;: &quot;Completed&quot;,
        &quot;QBRecordID&quot;: 0,
        &quot;Third_Party_Dependant_For_Conne&quot;: null,
        &quot;Latitude&quot;: -25.78260542,
        &quot;Longitude&quot;: 28.27698748
      }
    },
    {
      &quot;attributes&quot;: {
        &quot;Precincts&quot;: &quot;Ingersol&quot;,
        &quot;Quickbase_Status&quot;: &quot;Completed&quot;,
        &quot;QBRecordID&quot;: 0,
        &quot;Third_Party_Dependant_For_Conne&quot;: null,
        &quot;Latitude&quot;: -25.78194431,
        &quot;Longitude&quot;: 28.27697561
      }
    },
    {
      &quot;attributes&quot;: {
        &quot;Precincts&quot;: &quot;Persequor Park&quot;,
        &quot;Quickbase_Status&quot;: &quot;Completed&quot;,
        &quot;QBRecordID&quot;: 0,
        &quot;Third_Party_Dependant_For_Conne&quot;: null,
        &quot;Latitude&quot;: -25.74409621,
        &quot;Longitude&quot;: 28.27292946
      }
    },
    {
      &quot;attributes&quot;: {
        &quot;Precincts&quot;: &quot;Persequor Park&quot;,
        &quot;Quickbase_Status&quot;: &quot;Completed&quot;,
        &quot;QBRecordID&quot;: 0,
        &quot;Third_Party_Dependant_For_Conne&quot;: null,
        &quot;Latitude&quot;: -25.74456518,
        &quot;Longitude&quot;: 28.2729936
      }
    },
    {
      &quot;attributes&quot;: {
        &quot;Precincts&quot;: &quot;Persequor Park&quot;,
        &quot;Quickbase_Status&quot;: &quot;Completed&quot;,
        &quot;QBRecordID&quot;: 0,
        &quot;Third_Party_Dependant_For_Conne&quot;: null,
        &quot;Latitude&quot;: -25.7447577,
        &quot;Longitude&quot;: 28.27297016
      }
    },
    {
      &quot;attributes&quot;: {
        &quot;Precincts&quot;: &quot;Persequor Park&quot;,
        &quot;Quickbase_Status&quot;: &quot;Completed&quot;,
        &quot;QBRecordID&quot;: 0,
        &quot;Third_Party_Dependant_For_Conne&quot;: null,
        &quot;Latitude&quot;: -25.74426436,
        &quot;Longitude&quot;: 28.27309278
      }
    },
    {
      &quot;attributes&quot;: {
        &quot;Precincts&quot;: &quot;Persequor Park&quot;,
        &quot;Quickbase_Status&quot;: &quot;Completed&quot;,
        &quot;QBRecordID&quot;: 0,
        &quot;Third_Party_Dependant_For_Conne&quot;: null,
        &quot;Latitude&quot;: -25.74449704,
        &quot;Longitude&quot;: 28.27308588
      }
    },
    {
      &quot;attributes&quot;: {
        &quot;Precincts&quot;: &quot;Persequor Park&quot;,
        &quot;Quickbase_Status&quot;: &quot;Completed&quot;,
        &quot;QBRecordID&quot;: 0,
        &quot;Third_Party_Dependant_For_Conne&quot;: null,
        &quot;Latitude&quot;: -25.74337007,
        &quot;Longitude&quot;: 28.27819949
      }
    },
    {
      &quot;attributes&quot;: {
        &quot;Precincts&quot;: &quot;Persequor Park&quot;,
        &quot;Quickbase_Status&quot;: &quot;Completed&quot;,
        &quot;QBRecordID&quot;: 0,
        &quot;Third_Party_Dependant_For_Conne&quot;: null,
        &quot;Latitude&quot;: -25.74809476,
        &quot;Longitude&quot;: 28.27584449
      }
    },
    {
      &quot;attributes&quot;: {
        &quot;Precincts&quot;: &quot;Persequor Park&quot;,
        &quot;Quickbase_Status&quot;: &quot;Completed&quot;,
        &quot;QBRecordID&quot;: 0,
        &quot;Third_Party_Dependant_For_Conne&quot;: null,
        &quot;Latitude&quot;: -25.74554807,
        &quot;Longitude&quot;: 28.27261194
      }
    },
    {
      &quot;attributes&quot;: {
        &quot;Precincts&quot;: &quot;Persequor Park&quot;,
        &quot;Quickbase_Status&quot;: &quot;Completed&quot;,
        &quot;QBRecordID&quot;: 0,
        &quot;Third_Party_Dependant_For_Conne&quot;: null,
        &quot;Latitude&quot;: -25.74571442,
        &quot;Longitude&quot;: 28.27262567
      }
    },
    {
      &quot;attributes&quot;: {
        &quot;Precincts&quot;: &quot;Persequor Park&quot;,
        &quot;Quickbase_Status&quot;: &quot;Completed&quot;,
        &quot;QBRecordID&quot;: 107355,
        &quot;Third_Party_Dependant_For_Conne&quot;: null,
        &quot;Latitude&quot;: -25.74497879,
        &quot;Longitude&quot;: 28.2743363
      }
    },
    {
      &quot;attributes&quot;: {
        &quot;Precincts&quot;: &quot;Persequor Park&quot;,
        &quot;Quickbase_Status&quot;: &quot;Completed&quot;,
        &quot;QBRecordID&quot;: 0,
        &quot;Third_Party_Dependant_For_Conne&quot;: null,
        &quot;Latitude&quot;: -25.74719389,
        &quot;Longitude&quot;: 28.27279018
      }
    },
    {
      &quot;attributes&quot;: {
        &quot;Precincts&quot;: &quot;Persequor Park&quot;,
        &quot;Quickbase_Status&quot;: &quot;Completed&quot;,
        &quot;QBRecordID&quot;: 0,
        &quot;Third_Party_Dependant_For_Conne&quot;: null,
        &quot;Latitude&quot;: -25.74704394,
        &quot;Longitude&quot;: 28.27310127
      }
    },
    {
      &quot;attributes&quot;: {
        &quot;Precincts&quot;: &quot;Persequor Park&quot;,
        &quot;Quickbase_Status&quot;: &quot;Completed&quot;,
        &quot;QBRecordID&quot;: 0,
        &quot;Third_Party_Dependant_For_Conne&quot;: null,
        &quot;Latitude&quot;: -25.74528784,
        &quot;Longitude&quot;: 28.27299871
      }
    },
    {
      &quot;attributes&quot;: {
        &quot;Precincts&quot;: &quot;Persequor Park&quot;,
        &quot;Quickbase_Status&quot;: &quot;Completed&quot;,
        &quot;QBRecordID&quot;: 0,
        &quot;Third_Party_Dependant_For_Conne&quot;: null,
        &quot;Latitude&quot;: -25.74765439,
        &quot;Longitude&quot;: 28.2755854
      }
    },
    {
      &quot;attributes&quot;: {
        &quot;Precincts&quot;: &quot;Persequor Park&quot;,
        &quot;Quickbase_Status&quot;: &quot;Completed&quot;,
        &quot;QBRecordID&quot;: 0,
        &quot;Third_Party_Dependant_For_Conne&quot;: null,
        &quot;Latitude&quot;: -25.74797379,
        &quot;Longitude&quot;: 28.27584575
      }
    },
    {
      &quot;attributes&quot;: {
        &quot;Precincts&quot;: &quot;Persequor Park&quot;,
        &quot;Quickbase_Status&quot;: &quot;Completed&quot;,
        &quot;QBRecordID&quot;: 0,
        &quot;Third_Party_Dependant_For_Conne&quot;: null,
        &quot;Latitude&quot;: -25.74671515,
        &quot;Longitude&quot;: 28.27478647
      }
    },
    {
      &quot;attributes&quot;: {
        &quot;Precincts&quot;: &quot;Persequor Park&quot;,
        &quot;Quickbase_Status&quot;: &quot;Completed&quot;,
        &quot;QBRecordID&quot;: 0,
        &quot;Third_Party_Dependant_For_Conne&quot;: null,
        &quot;Latitude&quot;: -25.74557557,
        &quot;Longitude&quot;: 28.27342246
      }
    },
    {
      &quot;attributes&quot;: {
        &quot;Precincts&quot;: &quot;Persequor Park&quot;,
        &quot;Quickbase_Status&quot;: &quot;Completed&quot;,
        &quot;QBRecordID&quot;: 0,
        &quot;Third_Party_Dependant_For_Conne&quot;: null,
        &quot;Latitude&quot;: -25.74568474,
        &quot;Longitude&quot;: 28.27342931
      }
    },
    {
      &quot;attributes&quot;: {
        &quot;Precincts&quot;: &quot;Ingersol&quot;,
        &quot;Quickbase_Status&quot;: &quot;Completed&quot;,
        &quot;QBRecordID&quot;: 0,
        &quot;Third_Party_Dependant_For_Conne&quot;: null,
        &quot;Latitude&quot;: -25.77827266,
        &quot;Longitude&quot;: 28.27430747
      }
    },
    {
      &quot;attributes&quot;: {
        &quot;Precincts&quot;: &quot;Ingersol&quot;,
        &quot;Quickbase_Status&quot;: &quot;Completed&quot;,
        &quot;QBRecordID&quot;: 0,
        &quot;Third_Party_Dependant_For_Conne&quot;: null,
        &quot;Latitude&quot;: -25.79052532,
        &quot;Longitude&quot;: 28.28031974
      }
    },
    {
      &quot;attributes&quot;: {
        &quot;Precincts&quot;: &quot;Ingersol&quot;,
        &quot;Quickbase_Status&quot;: &quot;Completed&quot;,
        &quot;QBRecordID&quot;: 0,
        &quot;Third_Party_Dependant_For_Conne&quot;: null,
        &quot;Latitude&quot;: -25.78907299,
        &quot;Longitude&quot;: 28.27952067
      }
    },
    {
      &quot;attributes&quot;: {
        &quot;Precincts&quot;: &quot;Oberon&quot;,
        &quot;Quickbase_Status&quot;: &quot;Completed&quot;,
        &quot;QBRecordID&quot;: 0,
        &quot;Third_Party_Dependant_For_Conne&quot;: null,
        &quot;Latitude&quot;: -25.78347132,
        &quot;Longitude&quot;: 28.29085312
      }
    },
    {
      &quot;attributes&quot;: {
        &quot;Precincts&quot;: &quot;Oberon&quot;,
        &quot;Quickbase_Status&quot;: &quot;Completed&quot;,
        &quot;QBRecordID&quot;: 0,
        &quot;Third_Party_Dependant_For_Conne&quot;: null,
        &quot;Latitude&quot;: -25.78337027,
        &quot;Longitude&quot;: 28.29120401
      }
    },
    {
      &quot;attributes&quot;: {
        &quot;Precincts&quot;: &quot;Oberon&quot;,
        &quot;Quickbase_Status&quot;: &quot;Completed&quot;,
        &quot;QBRecordID&quot;: 0,
        &quot;Third_Party_Dependant_For_Conne&quot;: null,
        &quot;Latitude&quot;: -25.77991038,
        &quot;Longitude&quot;: 28.29015225
      }
    },
    {
      &quot;attributes&quot;: {
        &quot;Precincts&quot;: &quot;Ingersol&quot;,
        &quot;Quickbase_Status&quot;: &quot;Completed&quot;,
        &quot;QBRecordID&quot;: 0,
        &quot;Third_Party_Dependant_For_Conne&quot;: null,
        &quot;Latitude&quot;: -25.78940868,
        &quot;Longitude&quot;: 28.27958131
      }
    },
    {
      &quot;attributes&quot;: {
        &quot;Precincts&quot;: &quot;Ingersol&quot;,
        &quot;Quickbase_Status&quot;: &quot;Completed&quot;,
        &quot;QBRecordID&quot;: 0,
        &quot;Third_Party_Dependant_For_Conne&quot;: null,
        &quot;Latitude&quot;: -25.78960012,
        &quot;Longitude&quot;: 28.28016729
      }
    },
    {
      &quot;attributes&quot;: {
        &quot;Precincts&quot;: &quot;Ingersol&quot;,
        &quot;Quickbase_Status&quot;: &quot;Completed&quot;,
        &quot;QBRecordID&quot;: 0,
        &quot;Third_Party_Dependant_For_Conne&quot;: null,
        &quot;Latitude&quot;: -25.78984241,
        &quot;Longitude&quot;: 28.28011662
      }
    },
    {
      &quot;attributes&quot;: {
        &quot;Precincts&quot;: &quot;Ingersol&quot;,
        &quot;Quickbase_Status&quot;: &quot;Completed&quot;,
        &quot;QBRecordID&quot;: 0,
        &quot;Third_Party_Dependant_For_Conne&quot;: null,
        &quot;Latitude&quot;: -25.78958252,
        &quot;Longitude&quot;: 28.27963574
      }
    },
    {
      &quot;attributes&quot;: {
        &quot;Precincts&quot;: &quot;Ingersol&quot;,
        &quot;Quickbase_Status&quot;: &quot;Completed&quot;,
        &quot;QBRecordID&quot;: 0,
        &quot;Third_Party_Dependant_For_Conne&quot;: null,
        &quot;Latitude&quot;: -25.78971047,
        &quot;Longitude&quot;: 28.28003098
      }
    },
    {
      &quot;attributes&quot;: {
        &quot;Precincts&quot;: &quot;Ingersol&quot;,
        &quot;Quickbase_Status&quot;: &quot;Completed&quot;,
        &quot;QBRecordID&quot;: 0,
        &quot;Third_Party_Dependant_For_Conne&quot;: null,
        &quot;Latitude&quot;: -25.78977401,
        &quot;Longitude&quot;: 28.28023511
      }
    },
    {
      &quot;attributes&quot;: {
        &quot;Precincts&quot;: &quot;Ingersol&quot;,
        &quot;Quickbase_Status&quot;: &quot;Completed&quot;,
        &quot;QBRecordID&quot;: 0,
        &quot;Third_Party_Dependant_For_Conne&quot;: null,
        &quot;Latitude&quot;: -25.78987221,
        &quot;Longitude&quot;: 28.28056704
      }
    },
    {
      &quot;attributes&quot;: {
        &quot;Precincts&quot;: &quot;Ingersol&quot;,
        &quot;Quickbase_Status&quot;: &quot;Completed&quot;,
        &quot;QBRecordID&quot;: 0,
        &quot;Third_Party_Dependant_For_Conne&quot;: null,
        &quot;Latitude&quot;: -25.79020193,
        &quot;Longitude&quot;: 28.2801475
      }
    },
    {
      &quot;attributes&quot;: {
        &quot;Precincts&quot;: &quot;Lynnwood East&quot;,
        &quot;Quickbase_Status&quot;: &quot;Completed&quot;,
        &quot;QBRecordID&quot;: 0,
        &quot;Third_Party_Dependant_For_Conne&quot;: &quot;Yes&quot;,
        &quot;Latitude&quot;: -25.77232595,
        &quot;Longitude&quot;: 28.28479502
      }
    },
    {
      &quot;attributes&quot;: {
        &quot;Precincts&quot;: &quot;Lynnwood East&quot;,
        &quot;Quickbase_Status&quot;: &quot;Completed&quot;,
        &quot;QBRecordID&quot;: 15199,
        &quot;Third_Party_Dependant_For_Conne&quot;: &quot;Yes&quot;,
        &quot;Latitude&quot;: -25.76866151,
        &quot;Longitude&quot;: 28.29053589
      }
    },
    {
      &quot;attributes&quot;: {
        &quot;Precincts&quot;: &quot;Lynnwood East&quot;,
        &quot;Quickbase_Status&quot;: &quot;Completed&quot;,
        &quot;QBRecordID&quot;: 0,
        &quot;Third_Party_Dependant_For_Conne&quot;: &quot;Yes&quot;,
        &quot;Latitude&quot;: -25.76907096,
        &quot;Longitude&quot;: 28.29034332
      }
    },
    {
      &quot;attributes&quot;: {
        &quot;Precincts&quot;: &quot;Lynnwood East&quot;,
        &quot;Quickbase_Status&quot;: &quot;Completed&quot;,
        &quot;QBRecordID&quot;: 0,
        &quot;Third_Party_Dependant_For_Conne&quot;: &quot;Yes&quot;,
        &quot;Latitude&quot;: -25.76909244,
        &quot;Longitude&quot;: 28.29017765
      }
    },
    {
      &quot;attributes&quot;: {
        &quot;Precincts&quot;: &quot;Lynnwood East&quot;,
        &quot;Quickbase_Status&quot;: &quot;Completed&quot;,
        &quot;QBRecordID&quot;: 0,
        &quot;Third_Party_Dependant_For_Conne&quot;: null,
        &quot;Latitude&quot;: -25.76341485,
        &quot;Longitude&quot;: 28.28036688
      }
    },
    {
      &quot;attributes&quot;: {
        &quot;Precincts&quot;: &quot;Lynnwood East&quot;,
        &quot;Quickbase_Status&quot;: &quot;Completed&quot;,
        &quot;QBRecordID&quot;: 0,
        &quot;Third_Party_Dependant_For_Conne&quot;: null,
        &quot;Latitude&quot;: -25.7634476,
        &quot;Longitude&quot;: 28.28014369
      }
    },
    {
      &quot;attributes&quot;: {
        &quot;Precincts&quot;: &quot;Lynnwood East&quot;,
        &quot;Quickbase_Status&quot;: &quot;Completed&quot;,
        &quot;QBRecordID&quot;: 0,
        &quot;Third_Party_Dependant_For_Conne&quot;: null,
        &quot;Latitude&quot;: -25.76366993,
        &quot;Longitude&quot;: 28.28030866
      }
    },
    {
      &quot;attributes&quot;: {
        &quot;Precincts&quot;: &quot;Lynnwood East&quot;,
        &quot;Quickbase_Status&quot;: &quot;Completed&quot;,
        &quot;QBRecordID&quot;: 0,
        &quot;Third_Party_Dependant_For_Conne&quot;: null,
        &quot;Latitude&quot;: -25.76555826,
        &quot;Longitude&quot;: 28.28812798
      }
    },
    {
      &quot;attributes&quot;: {
        &quot;Precincts&quot;: &quot;Lynnwood East&quot;,
        &quot;Quickbase_Status&quot;: &quot;Completed&quot;,
        &quot;QBRecordID&quot;: 0,
        &quot;Third_Party_Dependant_For_Conne&quot;: null,
        &quot;Latitude&quot;: -25.76547713,
        &quot;Longitude&quot;: 28.28802165
      }
    },
    {
      &quot;attributes&quot;: {
        &quot;Precincts&quot;: &quot;Persequor Park&quot;,
        &quot;Quickbase_Status&quot;: &quot;Completed&quot;,
        &quot;QBRecordID&quot;: 0,
        &quot;Third_Party_Dependant_For_Conne&quot;: null,
        &quot;Latitude&quot;: -25.74796809,
        &quot;Longitude&quot;: 28.27400106
      }
    },
    {
      &quot;attributes&quot;: {
        &quot;Precincts&quot;: &quot;Lynnwood East&quot;,
        &quot;Quickbase_Status&quot;: &quot;Completed&quot;,
        &quot;QBRecordID&quot;: 0,
        &quot;Third_Party_Dependant_For_Conne&quot;: &quot;Yes&quot;,
        &quot;Latitude&quot;: -25.7690383,
        &quot;Longitude&quot;: 28.29050727
      }
    },
    {
      &quot;attributes&quot;: {
        &quot;Precincts&quot;: &quot;Lynnwood East&quot;,
        &quot;Quickbase_Status&quot;: &quot;Completed&quot;,
        &quot;QBRecordID&quot;: 0,
        &quot;Third_Party_Dependant_For_Conne&quot;: null,
        &quot;Latitude&quot;: -25.7639394,
        &quot;Longitude&quot;: 28.28022385
      }
    },
    {
      &quot;attributes&quot;: {
        &quot;Precincts&quot;: &quot;Lynnwood East&quot;,
        &quot;Quickbase_Status&quot;: &quot;Completed&quot;,
        &quot;QBRecordID&quot;: 0,
        &quot;Third_Party_Dependant_For_Conne&quot;: null,
        &quot;Latitude&quot;: -25.76233629,
        &quot;Longitude&quot;: 28.28860376
      }
    },
    {
      &quot;attributes&quot;: {
        &quot;Precincts&quot;: &quot;Lynnwood East&quot;,
        &quot;Quickbase_Status&quot;: &quot;Completed&quot;,
        &quot;QBRecordID&quot;: 0,
        &quot;Third_Party_Dependant_For_Conne&quot;: null,
        &quot;Latitude&quot;: -25.76211086,
        &quot;Longitude&quot;: 28.28876417
      }
    },
    {
      &quot;attributes&quot;: {
        &quot;Precincts&quot;: &quot;Lynnwood East&quot;,
        &quot;Quickbase_Status&quot;: &quot;Completed&quot;,
        &quot;QBRecordID&quot;: 0,
        &quot;Third_Party_Dependant_For_Conne&quot;: null,
        &quot;Latitude&quot;: -25.76601862,
        &quot;Longitude&quot;: 28.28834801
      }
    },
    {
      &quot;attributes&quot;: {
        &quot;Precincts&quot;: &quot;Ingersol&quot;,
        &quot;Quickbase_Status&quot;: &quot;Completed&quot;,
        &quot;QBRecordID&quot;: 0,
        &quot;Third_Party_Dependant_For_Conne&quot;: null,
        &quot;Latitude&quot;: -25.77740719,
        &quot;Longitude&quot;: 28.27374882
      }
    },
    {
      &quot;attributes&quot;: {
        &quot;Precincts&quot;: &quot;Ingersol&quot;,
        &quot;Quickbase_Status&quot;: &quot;Completed&quot;,
        &quot;QBRecordID&quot;: 0,
        &quot;Third_Party_Dependant_For_Conne&quot;: null,
        &quot;Latitude&quot;: -25.77853136,
        &quot;Longitude&quot;: 28.27589976
      }
    },
    {
      &quot;attributes&quot;: {
        &quot;Precincts&quot;: &quot;Lynnwood East&quot;,
        &quot;Quickbase_Status&quot;: &quot;Completed&quot;,
        &quot;QBRecordID&quot;: 0,
        &quot;Third_Party_Dependant_For_Conne&quot;: null,
        &quot;Latitude&quot;: -25.76667374,
        &quot;Longitude&quot;: 28.28136844
      }
    },
    {
      &quot;attributes&quot;: {
        &quot;Precincts&quot;: &quot;Lynnwood East&quot;,
        &quot;Quickbase_Status&quot;: &quot;Completed&quot;,
        &quot;QBRecordID&quot;: 92716,
        &quot;Third_Party_Dependant_For_Conne&quot;: null,
        &quot;Latitude&quot;: -25.76673863,
        &quot;Longitude&quot;: 28.28161768
      }
    },
    {
      &quot;attributes&quot;: {
        &quot;Precincts&quot;: &quot;Lynnwood East&quot;,
        &quot;Quickbase_Status&quot;: &quot;Completed&quot;,
        &quot;QBRecordID&quot;: 0,
        &quot;Third_Party_Dependant_For_Conne&quot;: null,
        &quot;Latitude&quot;: -25.76659262,
        &quot;Longitude&quot;: 28.28163596
      }
    },
    {
      &quot;attributes&quot;: {
        &quot;Precincts&quot;: &quot;Lynnwood East&quot;,
        &quot;Quickbase_Status&quot;: &quot;Completed&quot;,
        &quot;QBRecordID&quot;: 0,
        &quot;Third_Party_Dependant_For_Conne&quot;: &quot;Yes&quot;,
        &quot;Latitude&quot;: -25.77177483,
        &quot;Longitude&quot;: 28.28505158
      }
    },
    {
      &quot;attributes&quot;: {
        &quot;Precincts&quot;: &quot;Lynnwood East&quot;,
        &quot;Quickbase_Status&quot;: &quot;Completed&quot;,
        &quot;QBRecordID&quot;: 0,
        &quot;Third_Party_Dependant_For_Conne&quot;: &quot;Yes&quot;,
        &quot;Latitude&quot;: -25.77225263,
        &quot;Longitude&quot;: 28.28525673
      }
    },
    {
      &quot;attributes&quot;: {
        &quot;Precincts&quot;: &quot;Lynnwood East&quot;,
        &quot;Quickbase_Status&quot;: &quot;Completed&quot;,
        &quot;QBRecordID&quot;: 0,
        &quot;Third_Party_Dependant_For_Conne&quot;: &quot;Yes&quot;,
        &quot;Latitude&quot;: -25.77219776,
        &quot;Longitude&quot;: 28.28495731
      }
    },
    {
      &quot;attributes&quot;: {
        &quot;Precincts&quot;: &quot;Lynnwood East&quot;,
        &quot;Quickbase_Status&quot;: &quot;Completed&quot;,
        &quot;QBRecordID&quot;: 0,
        &quot;Third_Party_Dependant_For_Conne&quot;: &quot;Yes&quot;,
        &quot;Latitude&quot;: -25.77215374,
        &quot;Longitude&quot;: 28.28624282
      }
    },
    {
      &quot;attributes&quot;: {
        &quot;Precincts&quot;: &quot;Ingersol&quot;,
        &quot;Quickbase_Status&quot;: &quot;Completed&quot;,
        &quot;QBRecordID&quot;: 0,
        &quot;Third_Party_Dependant_For_Conne&quot;: null,
        &quot;Latitude&quot;: -25.77818235,
        &quot;Longitude&quot;: 28.27495558
      }
    },
    {
      &quot;attributes&quot;: {
        &quot;Precincts&quot;: &quot;Lynnwood East&quot;,
        &quot;Quickbase_Status&quot;: &quot;Completed&quot;,
        &quot;QBRecordID&quot;: 0,
        &quot;Third_Party_Dependant_For_Conne&quot;: null,
        &quot;Latitude&quot;: -25.76353328,
        &quot;Longitude&quot;: 28.27930093
      }
    },
    {
      &quot;attributes&quot;: {
        &quot;Precincts&quot;: &quot;Oberon&quot;,
        &quot;Quickbase_Status&quot;: &quot;Completed&quot;,
        &quot;QBRecordID&quot;: 0,
        &quot;Third_Party_Dependant_For_Conne&quot;: null,
        &quot;Latitude&quot;: -25.78253996,
        &quot;Longitude&quot;: 28.29032568
      }
    },
    {
      &quot;attributes&quot;: {
        &quot;Precincts&quot;: &quot;Oberon&quot;,
        &quot;Quickbase_Status&quot;: &quot;Completed&quot;,
        &quot;QBRecordID&quot;: 0,
        &quot;Third_Party_Dependant_For_Conne&quot;: null,
        &quot;Latitude&quot;: -25.78416215,
        &quot;Longitude&quot;: 28.29109091
      }
    },
    {
      &quot;attributes&quot;: {
        &quot;Precincts&quot;: &quot;Lynnwood East&quot;,
        &quot;Quickbase_Status&quot;: &quot;Completed&quot;,
        &quot;QBRecordID&quot;: 94302,
        &quot;Third_Party_Dependant_For_Conne&quot;: &quot;Yes&quot;,
        &quot;Latitude&quot;: -25.76879771,
        &quot;Longitude&quot;: 28.28985241
      }
    },
    {
      &quot;attributes&quot;: {
        &quot;Precincts&quot;: &quot;Lynnwood East&quot;,
        &quot;Quickbase_Status&quot;: &quot;Completed&quot;,
        &quot;QBRecordID&quot;: 14590,
        &quot;Third_Party_Dependant_For_Conne&quot;: &quot;Yes&quot;,
        &quot;Latitude&quot;: -25.76937522,
        &quot;Longitude&quot;: 28.29081178
      }
    },
    {
      &quot;attributes&quot;: {
        &quot;Precincts&quot;: &quot;Lynnwood East&quot;,
        &quot;Quickbase_Status&quot;: &quot;Completed&quot;,
        &quot;QBRecordID&quot;: 0,
        &quot;Third_Party_Dependant_For_Conne&quot;: null,
        &quot;Latitude&quot;: -25.76002498,
        &quot;Longitude&quot;: 28.28743987
      }
    },
    {
      &quot;attributes&quot;: {
        &quot;Precincts&quot;: &quot;Lynnwood East&quot;,
        &quot;Quickbase_Status&quot;: &quot;Completed&quot;,
        &quot;QBRecordID&quot;: 0,
        &quot;Third_Party_Dependant_For_Conne&quot;: null,
        &quot;Latitude&quot;: -25.75996281,
        &quot;Longitude&quot;: 28.28470072
      }
    },
    {
      &quot;attributes&quot;: {
        &quot;Precincts&quot;: &quot;Lynnwood East&quot;,
        &quot;Quickbase_Status&quot;: &quot;Completed&quot;,
        &quot;QBRecordID&quot;: 0,
        &quot;Third_Party_Dependant_For_Conne&quot;: null,
        &quot;Latitude&quot;: -25.76549826,
        &quot;Longitude&quot;: 28.28263344
      }
    },
    {
      &quot;attributes&quot;: {
        &quot;Precincts&quot;: &quot;Lynnwood East&quot;,
        &quot;Quickbase_Status&quot;: &quot;Completed&quot;,
        &quot;QBRecordID&quot;: 0,
        &quot;Third_Party_Dependant_For_Conne&quot;: null,
        &quot;Latitude&quot;: -25.76539072,
        &quot;Longitude&quot;: 28.28772733
      }
    },
    {
      &quot;attributes&quot;: {
        &quot;Precincts&quot;: &quot;Lynnwood East&quot;,
        &quot;Quickbase_Status&quot;: &quot;Completed&quot;,
        &quot;QBRecordID&quot;: 0,
        &quot;Third_Party_Dependant_For_Conne&quot;: null,
        &quot;Latitude&quot;: -25.76573744,
        &quot;Longitude&quot;: 28.28799495
      }
    },
    {
      &quot;attributes&quot;: {
        &quot;Precincts&quot;: &quot;Ingersol&quot;,
        &quot;Quickbase_Status&quot;: &quot;Completed&quot;,
        &quot;QBRecordID&quot;: 0,
        &quot;Third_Party_Dependant_For_Conne&quot;: null,
        &quot;Latitude&quot;: -25.78161003,
        &quot;Longitude&quot;: 28.27652524
      }
    },
    {
      &quot;attributes&quot;: {
        &quot;Precincts&quot;: &quot;Oberon&quot;,
        &quot;Quickbase_Status&quot;: &quot;Completed&quot;,
        &quot;QBRecordID&quot;: 0,
        &quot;Third_Party_Dependant_For_Conne&quot;: null,
        &quot;Latitude&quot;: -25.78306443,
        &quot;Longitude&quot;: 28.28533758
      }
    },
    {
      &quot;attributes&quot;: {
        &quot;Precincts&quot;: &quot;Oberon&quot;,
        &quot;Quickbase_Status&quot;: &quot;Completed&quot;,
        &quot;QBRecordID&quot;: 0,
        &quot;Third_Party_Dependant_For_Conne&quot;: null,
        &quot;Latitude&quot;: -25.78506135,
        &quot;Longitude&quot;: 28.28983901
      }
    },
    {
      &quot;attributes&quot;: {
        &quot;Precincts&quot;: &quot;Ingersol&quot;,
        &quot;Quickbase_Status&quot;: &quot;Completed&quot;,
        &quot;QBRecordID&quot;: 0,
        &quot;Third_Party_Dependant_For_Conne&quot;: null,
        &quot;Latitude&quot;: -25.78241326,
        &quot;Longitude&quot;: 28.27530868
      }
    },
    {
      &quot;attributes&quot;: {
        &quot;Precincts&quot;: &quot;Ingersol&quot;,
        &quot;Quickbase_Status&quot;: &quot;Completed&quot;,
        &quot;QBRecordID&quot;: 0,
        &quot;Third_Party_Dependant_For_Conne&quot;: null,
        &quot;Latitude&quot;: -25.78492073,
        &quot;Longitude&quot;: 28.27472897
      }
    },
    {
      &quot;attributes&quot;: {
        &quot;Precincts&quot;: &quot;Ingersol&quot;,
        &quot;Quickbase_Status&quot;: &quot;Completed&quot;,
        &quot;QBRecordID&quot;: 0,
        &quot;Third_Party_Dependant_For_Conne&quot;: null,
        &quot;Latitude&quot;: -25.78153401,
        &quot;Longitude&quot;: 28.27689136
      }
    },
    {
      &quot;attributes&quot;: {
        &quot;Precincts&quot;: &quot;Ingersol&quot;,
        &quot;Quickbase_Status&quot;: &quot;Completed&quot;,
        &quot;QBRecordID&quot;: 0,
        &quot;Third_Party_Dependant_For_Conne&quot;: null,
        &quot;Latitude&quot;: -25.78675801,
        &quot;Longitude&quot;: 28.27684924
      }
    },
    {
      &quot;attributes&quot;: {
        &quot;Precincts&quot;: &quot;Witch-Hazel&quot;,
        &quot;Quickbase_Status&quot;: &quot;Completed&quot;,
        &quot;QBRecordID&quot;: 0,
        &quot;Third_Party_Dependant_For_Conne&quot;: null,
        &quot;Latitude&quot;: -25.87141748,
        &quot;Longitude&quot;: 28.18754934
      }
    },
    {
      &quot;attributes&quot;: {
        &quot;Precincts&quot;: &quot;Highveld Technopark&quot;,
        &quot;Quickbase_Status&quot;: &quot;Completed&quot;,
        &quot;QBRecordID&quot;: 0,
        &quot;Third_Party_Dependant_For_Conne&quot;: null,
        &quot;Latitude&quot;: -25.8755059,
        &quot;Longitude&quot;: 28.1868144
      }
    },
    {
      &quot;attributes&quot;: {
        &quot;Precincts&quot;: &quot;Witch-Hazel&quot;,
        &quot;Quickbase_Status&quot;: &quot;Completed&quot;,
        &quot;QBRecordID&quot;: 0,
        &quot;Third_Party_Dependant_For_Conne&quot;: null,
        &quot;Latitude&quot;: -25.87387038,
        &quot;Longitude&quot;: 28.18532965
      }
    },
    {
      &quot;attributes&quot;: {
        &quot;Precincts&quot;: &quot;Witch-Hazel&quot;,
        &quot;Quickbase_Status&quot;: &quot;Completed&quot;,
        &quot;QBRecordID&quot;: 0,
        &quot;Third_Party_Dependant_For_Conne&quot;: null,
        &quot;Latitude&quot;: -25.87379591,
        &quot;Longitude&quot;: 28.18518967
      }
    },
    {
      &quot;attributes&quot;: {
        &quot;Precincts&quot;: &quot;Witch-Hazel&quot;,
        &quot;Quickbase_Status&quot;: &quot;Completed&quot;,
        &quot;QBRecordID&quot;: 0,
        &quot;Third_Party_Dependant_For_Conne&quot;: null,
        &quot;Latitude&quot;: -25.87309431,
        &quot;Longitude&quot;: 28.18488704
      }
    },
    {
      &quot;attributes&quot;: {
        &quot;Precincts&quot;: &quot;Witch-Hazel&quot;,
        &quot;Quickbase_Status&quot;: &quot;Completed&quot;,
        &quot;QBRecordID&quot;: 0,
        &quot;Third_Party_Dependant_For_Conne&quot;: null,
        &quot;Latitude&quot;: -25.87227049,
        &quot;Longitude&quot;: 28.18620081
      }
    },
    {
      &quot;attributes&quot;: {
        &quot;Precincts&quot;: &quot;Witch-Hazel&quot;,
        &quot;Quickbase_Status&quot;: &quot;Completed&quot;,
        &quot;QBRecordID&quot;: 0,
        &quot;Third_Party_Dependant_For_Conne&quot;: null,
        &quot;Latitude&quot;: -25.87248108,
        &quot;Longitude&quot;: 28.18639403
      }
    },
    {
      &quot;attributes&quot;: {
        &quot;Precincts&quot;: &quot;Witch-Hazel&quot;,
        &quot;Quickbase_Status&quot;: &quot;Completed&quot;,
        &quot;QBRecordID&quot;: 0,
        &quot;Third_Party_Dependant_For_Conne&quot;: null,
        &quot;Latitude&quot;: -25.87233193,
        &quot;Longitude&quot;: 28.18659099
      }
    },
    {
      &quot;attributes&quot;: {
        &quot;Precincts&quot;: &quot;Highveld Technopark&quot;,
        &quot;Quickbase_Status&quot;: &quot;Completed&quot;,
        &quot;QBRecordID&quot;: 0,
        &quot;Third_Party_Dependant_For_Conne&quot;: null,
        &quot;Latitude&quot;: -25.87374448,
        &quot;Longitude&quot;: 28.19073193
      }
    },
    {
      &quot;attributes&quot;: {
        &quot;Precincts&quot;: &quot;Highveld Technopark&quot;,
        &quot;Quickbase_Status&quot;: &quot;Completed&quot;,
        &quot;QBRecordID&quot;: 0,
        &quot;Third_Party_Dependant_For_Conne&quot;: null,
        &quot;Latitude&quot;: -25.8737148,
        &quot;Longitude&quot;: 28.19061829
      }
    },
    {
      &quot;attributes&quot;: {
        &quot;Precincts&quot;: &quot;Witch-Hazel&quot;,
        &quot;Quickbase_Status&quot;: &quot;Completed&quot;,
        &quot;QBRecordID&quot;: 0,
        &quot;Third_Party_Dependant_For_Conne&quot;: null,
        &quot;Latitude&quot;: -25.87288929,
        &quot;Longitude&quot;: 28.18464821
      }
    },
    {
      &quot;attributes&quot;: {
        &quot;Precincts&quot;: &quot;Highveld Technopark&quot;,
        &quot;Quickbase_Status&quot;: &quot;Completed&quot;,
        &quot;QBRecordID&quot;: 0,
        &quot;Third_Party_Dependant_For_Conne&quot;: null,
        &quot;Latitude&quot;: -25.87748703,
        &quot;Longitude&quot;: 28.18711973
      }
    },
    {
      &quot;attributes&quot;: {
        &quot;Precincts&quot;: &quot;Highveld Technopark&quot;,
        &quot;Quickbase_Status&quot;: &quot;Completed&quot;,
        &quot;QBRecordID&quot;: 0,
        &quot;Third_Party_Dependant_For_Conne&quot;: null,
        &quot;Latitude&quot;: -25.87561732,
        &quot;Longitude&quot;: 28.18517204
      }
    },
    {
      &quot;attributes&quot;: {
        &quot;Precincts&quot;: &quot;Witch-Hazel&quot;,
        &quot;Quickbase_Status&quot;: &quot;Completed&quot;,
        &quot;QBRecordID&quot;: 0,
        &quot;Third_Party_Dependant_For_Conne&quot;: null,
        &quot;Latitude&quot;: -25.87462691,
        &quot;Longitude&quot;: 28.18241242
      }
    },
    {
      &quot;attributes&quot;: {
        &quot;Precincts&quot;: &quot;Witch-Hazel&quot;,
        &quot;Quickbase_Status&quot;: &quot;Completed&quot;,
        &quot;QBRecordID&quot;: 0,
        &quot;Third_Party_Dependant_For_Conne&quot;: null,
        &quot;Latitude&quot;: -25.87212846,
        &quot;Longitude&quot;: 28.18448569
      }
    },
    {
      &quot;attributes&quot;: {
        &quot;Precincts&quot;: &quot;Witch-Hazel&quot;,
        &quot;Quickbase_Status&quot;: &quot;Completed&quot;,
        &quot;QBRecordID&quot;: 0,
        &quot;Third_Party_Dependant_For_Conne&quot;: null,
        &quot;Latitude&quot;: -25.87393604,
        &quot;Longitude&quot;: 28.1804736
      }
    },
    {
      &quot;attributes&quot;: {
        &quot;Precincts&quot;: &quot;Witch-Hazel&quot;,
        &quot;Quickbase_Status&quot;: &quot;Completed&quot;,
        &quot;QBRecordID&quot;: 0,
        &quot;Third_Party_Dependant_For_Conne&quot;: null,
        &quot;Latitude&quot;: -25.86988116,
        &quot;Longitude&quot;: 28.18771263
      }
    },
    {
      &quot;attributes&quot;: {
        &quot;Precincts&quot;: &quot;Witch-Hazel&quot;,
        &quot;Quickbase_Status&quot;: &quot;Completed&quot;,
        &quot;QBRecordID&quot;: 0,
        &quot;Third_Party_Dependant_For_Conne&quot;: null,
        &quot;Latitude&quot;: -25.87078337,
        &quot;Longitude&quot;: 28.18756477
      }
    },
    {
      &quot;attributes&quot;: {
        &quot;Precincts&quot;: &quot;Witch-Hazel&quot;,
        &quot;Quickbase_Status&quot;: &quot;Completed&quot;,
        &quot;QBRecordID&quot;: 0,
        &quot;Third_Party_Dependant_For_Conne&quot;: null,
        &quot;Latitude&quot;: -25.8700711,
        &quot;Longitude&quot;: 28.18745453
      }
    },
    {
      &quot;attributes&quot;: {
        &quot;Precincts&quot;: &quot;Witch-Hazel&quot;,
        &quot;Quickbase_Status&quot;: &quot;Completed&quot;,
        &quot;QBRecordID&quot;: 0,
        &quot;Third_Party_Dependant_For_Conne&quot;: null,
        &quot;Latitude&quot;: -25.87202807,
        &quot;Longitude&quot;: 28.18664584
      }
    },
    {
      &quot;attributes&quot;: {
        &quot;Precincts&quot;: &quot;Witch-Hazel&quot;,
        &quot;Quickbase_Status&quot;: &quot;Completed&quot;,
        &quot;QBRecordID&quot;: 0,
        &quot;Third_Party_Dependant_For_Conne&quot;: null,
        &quot;Latitude&quot;: -25.87202767,
        &quot;Longitude&quot;: 28.18630849
      }
    },
    {
      &quot;attributes&quot;: {
        &quot;Precincts&quot;: &quot;Route 21 Office Park&quot;,
        &quot;Quickbase_Status&quot;: &quot;Completed&quot;,
        &quot;QBRecordID&quot;: 0,
        &quot;Third_Party_Dependant_For_Conne&quot;: null,
        &quot;Latitude&quot;: -25.8683691,
        &quot;Longitude&quot;: 28.24850131
      }
    },
    {
      &quot;attributes&quot;: {
        &quot;Precincts&quot;: &quot;Route 21 Office Park&quot;,
        &quot;Quickbase_Status&quot;: &quot;Completed&quot;,
        &quot;QBRecordID&quot;: 0,
        &quot;Third_Party_Dependant_For_Conne&quot;: null,
        &quot;Latitude&quot;: -25.86839759,
        &quot;Longitude&quot;: 28.24851391
      }
    },
    {
      &quot;attributes&quot;: {
        &quot;Precincts&quot;: &quot;Logan Ave&quot;,
        &quot;Quickbase_Status&quot;: &quot;Completed&quot;,
        &quot;QBRecordID&quot;: 0,
        &quot;Third_Party_Dependant_For_Conne&quot;: null,
        &quot;Latitude&quot;: -25.88003935,
        &quot;Longitude&quot;: 28.20463444
      }
    },
    {
      &quot;attributes&quot;: {
        &quot;Precincts&quot;: &quot;Logan Ave&quot;,
        &quot;Quickbase_Status&quot;: &quot;Completed&quot;,
        &quot;QBRecordID&quot;: 0,
        &quot;Third_Party_Dependant_For_Conne&quot;: null,
        &quot;Latitude&quot;: -25.88024629,
        &quot;Longitude&quot;: 28.20453446
      }
    },
    {
      &quot;attributes&quot;: {
        &quot;Precincts&quot;: &quot;Logan Ave&quot;,
        &quot;Quickbase_Status&quot;: &quot;Completed&quot;,
        &quot;QBRecordID&quot;: 0,
        &quot;Third_Party_Dependant_For_Conne&quot;: null,
        &quot;Latitude&quot;: -25.8726429,
        &quot;Longitude&quot;: 28.20482997
      }
    },
    {
      &quot;attributes&quot;: {
        &quot;Precincts&quot;: &quot;Logan Ave&quot;,
        &quot;Quickbase_Status&quot;: &quot;Completed&quot;,
        &quot;QBRecordID&quot;: 0,
        &quot;Third_Party_Dependant_For_Conne&quot;: null,
        &quot;Latitude&quot;: -25.87262253,
        &quot;Longitude&quot;: 28.20493374
      }
    },
    {
      &quot;attributes&quot;: {
        &quot;Precincts&quot;: &quot;Samrand Business Park&quot;,
        &quot;Quickbase_Status&quot;: &quot;Completed&quot;,
        &quot;QBRecordID&quot;: 0,
        &quot;Third_Party_Dependant_For_Conne&quot;: null,
        &quot;Latitude&quot;: -25.93035101,
        &quot;Longitude&quot;: 28.14552137
      }
    },
    {
      &quot;attributes&quot;: {
        &quot;Precincts&quot;: &quot;George Road&quot;,
        &quot;Quickbase_Status&quot;: &quot;Completed&quot;,
        &quot;QBRecordID&quot;: 0,
        &quot;Third_Party_Dependant_For_Conne&quot;: &quot;Yes&quot;,
        &quot;Latitude&quot;: -25.96437611,
        &quot;Longitude&quot;: 28.13709038
      }
    },
    {
      &quot;attributes&quot;: {
        &quot;Precincts&quot;: &quot;George Road&quot;,
        &quot;Quickbase_Status&quot;: &quot;Completed&quot;,
        &quot;QBRecordID&quot;: 0,
        &quot;Third_Party_Dependant_For_Conne&quot;: null,
        &quot;Latitude&quot;: -25.9637672,
        &quot;Longitude&quot;: 28.13734526
      }
    },
    {
      &quot;attributes&quot;: {
        &quot;Precincts&quot;: &quot;George Road&quot;,
        &quot;Quickbase_Status&quot;: &quot;Completed&quot;,
        &quot;QBRecordID&quot;: 109743,
        &quot;Third_Party_Dependant_For_Conne&quot;: null,
        &quot;Latitude&quot;: -25.95574258,
        &quot;Longitude&quot;: 28.14169489
      }
    },
    {
      &quot;attributes&quot;: {
        &quot;Precincts&quot;: &quot;George Road&quot;,
        &quot;Quickbase_Status&quot;: &quot;Completed&quot;,
        &quot;QBRecordID&quot;: 0,
        &quot;Third_Party_Dependant_For_Conne&quot;: null,
        &quot;Latitude&quot;: -25.9553444,
        &quot;Longitude&quot;: 28.13948071
      }
    },
    {
      &quot;attributes&quot;: {
        &quot;Precincts&quot;: &quot;George Road&quot;,
        &quot;Quickbase_Status&quot;: &quot;Completed&quot;,
        &quot;QBRecordID&quot;: 0,
        &quot;Third_Party_Dependant_For_Conne&quot;: null,
        &quot;Latitude&quot;: -25.9639299,
        &quot;Longitude&quot;: 28.13693523
      }
    },
    {
      &quot;attributes&quot;: {
        &quot;Precincts&quot;: &quot;George Road&quot;,
        &quot;Quickbase_Status&quot;: &quot;Completed&quot;,
        &quot;QBRecordID&quot;: 0,
        &quot;Third_Party_Dependant_For_Conne&quot;: null,
        &quot;Latitude&quot;: -25.96366886,
        &quot;Longitude&quot;: 28.1369862
      }
    },
    {
      &quot;attributes&quot;: {
        &quot;Precincts&quot;: &quot;George Road&quot;,
        &quot;Quickbase_Status&quot;: &quot;Completed&quot;,
        &quot;QBRecordID&quot;: 0,
        &quot;Third_Party_Dependant_For_Conne&quot;: &quot;Yes&quot;,
        &quot;Latitude&quot;: -25.96398882,
        &quot;Longitude&quot;: 28.13652797
      }
    },
    {
      &quot;attributes&quot;: {
        &quot;Precincts&quot;: &quot;George Road&quot;,
        &quot;Quickbase_Status&quot;: &quot;Completed&quot;,
        &quot;QBRecordID&quot;: 0,
        &quot;Third_Party_Dependant_For_Conne&quot;: null,
        &quot;Latitude&quot;: -25.96358794,
        &quot;Longitude&quot;: 28.13665273
      }
    },
    {
      &quot;attributes&quot;: {
        &quot;Precincts&quot;: &quot;George Road&quot;,
        &quot;Quickbase_Status&quot;: &quot;Completed&quot;,
        &quot;QBRecordID&quot;: 0,
        &quot;Third_Party_Dependant_For_Conne&quot;: null,
        &quot;Latitude&quot;: -25.96012598,
        &quot;Longitude&quot;: 28.14184401
      }
    },
    {
      &quot;attributes&quot;: {
        &quot;Precincts&quot;: &quot;George Road&quot;,
        &quot;Quickbase_Status&quot;: &quot;Completed&quot;,
        &quot;QBRecordID&quot;: 0,
        &quot;Third_Party_Dependant_For_Conne&quot;: null,
        &quot;Latitude&quot;: -25.96039451,
        &quot;Longitude&quot;: 28.14109709
      }
    },
    {
      &quot;attributes&quot;: {
        &quot;Precincts&quot;: &quot;Highveld Technopark&quot;,
        &quot;Quickbase_Status&quot;: &quot;Completed&quot;,
        &quot;QBRecordID&quot;: 0,
        &quot;Third_Party_Dependant_For_Conne&quot;: null,
        &quot;Latitude&quot;: -25.8779873,
        &quot;Longitude&quot;: 28.18795351
      }
    },
    {
      &quot;attributes&quot;: {
        &quot;Precincts&quot;: &quot;Bauhania Street&quot;,
        &quot;Quickbase_Status&quot;: &quot;Completed&quot;,
        &quot;QBRecordID&quot;: 0,
        &quot;Third_Party_Dependant_For_Conne&quot;: null,
        &quot;Latitude&quot;: -25.88342644,
        &quot;Longitude&quot;: 28.18961856
      }
    },
    {
      &quot;attributes&quot;: {
        &quot;Precincts&quot;: &quot;Bauhania Street&quot;,
        &quot;Quickbase_Status&quot;: &quot;Completed&quot;,
        &quot;QBRecordID&quot;: 0,
        &quot;Third_Party_Dependant_For_Conne&quot;: null,
        &quot;Latitude&quot;: -25.8834327,
        &quot;Longitude&quot;: 28.18961547
      }
    },
    {
      &quot;attributes&quot;: {
        &quot;Precincts&quot;: &quot;Central Park&quot;,
        &quot;Quickbase_Status&quot;: &quot;Completed&quot;,
        &quot;QBRecordID&quot;: 0,
        &quot;Third_Party_Dependant_For_Conne&quot;: null,
        &quot;Latitude&quot;: -25.9820203,
        &quot;Longitude&quot;: 28.1317893
      }
    },
    {
      &quot;attributes&quot;: {
        &quot;Precincts&quot;: &quot;Central Park&quot;,
        &quot;Quickbase_Status&quot;: &quot;Completed&quot;,
        &quot;QBRecordID&quot;: 0,
        &quot;Third_Party_Dependant_For_Conne&quot;: null,
        &quot;Latitude&quot;: -25.98191621,
        &quot;Longitude&quot;: 28.13194613
      }
    },
    {
      &quot;attributes&quot;: {
        &quot;Precincts&quot;: &quot;James Crescent&quot;,
        &quot;Quickbase_Status&quot;: &quot;Completed&quot;,
        &quot;QBRecordID&quot;: 0,
        &quot;Third_Party_Dependant_For_Conne&quot;: null,
        &quot;Latitude&quot;: -25.99739716,
        &quot;Longitude&quot;: 28.12971667
      }
    },
    {
      &quot;attributes&quot;: {
        &quot;Precincts&quot;: &quot;James Crescent&quot;,
        &quot;Quickbase_Status&quot;: &quot;Completed&quot;,
        &quot;QBRecordID&quot;: 0,
        &quot;Third_Party_Dependant_For_Conne&quot;: null,
        &quot;Latitude&quot;: -25.99828991,
        &quot;Longitude&quot;: 28.1273537
      }
    },
    {
      &quot;attributes&quot;: {
        &quot;Precincts&quot;: &quot;James Crescent&quot;,
        &quot;Quickbase_Status&quot;: &quot;Completed&quot;,
        &quot;QBRecordID&quot;: 0,
        &quot;Third_Party_Dependant_For_Conne&quot;: null,
        &quot;Latitude&quot;: -25.99802709,
        &quot;Longitude&quot;: 28.12773639
      }
    },
    {
      &quot;attributes&quot;: {
        &quot;Precincts&quot;: &quot;James Crescent&quot;,
        &quot;Quickbase_Status&quot;: &quot;Completed&quot;,
        &quot;QBRecordID&quot;: 0,
        &quot;Third_Party_Dependant_For_Conne&quot;: null,
        &quot;Latitude&quot;: -25.99682946,
        &quot;Longitude&quot;: 28.12918464
      }
    },
    {
      &quot;attributes&quot;: {
        &quot;Precincts&quot;: &quot;James Crescent&quot;,
        &quot;Quickbase_Status&quot;: &quot;Completed&quot;,
        &quot;QBRecordID&quot;: 101931,
        &quot;Third_Party_Dependant_For_Conne&quot;: null,
        &quot;Latitude&quot;: -25.9985995,
        &quot;Longitude&quot;: 28.12828219
      }
    },
    {
      &quot;attributes&quot;: {
        &quot;Precincts&quot;: &quot;James Crescent&quot;,
        &quot;Quickbase_Status&quot;: &quot;Completed&quot;,
        &quot;QBRecordID&quot;: 0,
        &quot;Third_Party_Dependant_For_Conne&quot;: null,
        &quot;Latitude&quot;: -25.99905979,
        &quot;Longitude&quot;: 28.12866715
      }
    },
    {
      &quot;attributes&quot;: {
        &quot;Precincts&quot;: &quot;James Crescent&quot;,
        &quot;Quickbase_Status&quot;: &quot;Completed&quot;,
        &quot;QBRecordID&quot;: 0,
        &quot;Third_Party_Dependant_For_Conne&quot;: null,
        &quot;Latitude&quot;: -25.998748,
        &quot;Longitude&quot;: 28.12789874
      }
    },
    {
      &quot;attributes&quot;: {
        &quot;Precincts&quot;: &quot;James Crescent&quot;,
        &quot;Quickbase_Status&quot;: &quot;Completed&quot;,
        &quot;QBRecordID&quot;: 0,
        &quot;Third_Party_Dependant_For_Conne&quot;: null,
        &quot;Latitude&quot;: -26.00594325,
        &quot;Longitude&quot;: 28.12896137
      }
    },
    {
      &quot;attributes&quot;: {
        &quot;Precincts&quot;: &quot;James Crescent&quot;,
        &quot;Quickbase_Status&quot;: &quot;Completed&quot;,
        &quot;QBRecordID&quot;: 0,
        &quot;Third_Party_Dependant_For_Conne&quot;: null,
        &quot;Latitude&quot;: -26.00607374,
        &quot;Longitude&quot;: 28.129997
      }
    },
    {
      &quot;attributes&quot;: {
        &quot;Precincts&quot;: &quot;George Road&quot;,
        &quot;Quickbase_Status&quot;: &quot;Completed&quot;,
        &quot;QBRecordID&quot;: 0,
        &quot;Third_Party_Dependant_For_Conne&quot;: null,
        &quot;Latitude&quot;: -25.96615941,
        &quot;Longitude&quot;: 28.13558194
      }
    },
    {
      &quot;attributes&quot;: {
        &quot;Precincts&quot;: &quot;Bauhania Street&quot;,
        &quot;Quickbase_Status&quot;: &quot;Completed&quot;,
        &quot;QBRecordID&quot;: 0,
        &quot;Third_Party_Dependant_For_Conne&quot;: null,
        &quot;Latitude&quot;: -25.88055841,
        &quot;Longitude&quot;: 28.18140826
      }
    },
    {
      &quot;attributes&quot;: {
        &quot;Precincts&quot;: &quot;Bauhania Street&quot;,
        &quot;Quickbase_Status&quot;: &quot;Completed&quot;,
        &quot;QBRecordID&quot;: 0,
        &quot;Third_Party_Dependant_For_Conne&quot;: null,
        &quot;Latitude&quot;: -25.87792491,
        &quot;Longitude&quot;: 28.18345335
      }
    },
    {
      &quot;attributes&quot;: {
        &quot;Precincts&quot;: &quot;Central Park&quot;,
        &quot;Quickbase_Status&quot;: &quot;Completed&quot;,
        &quot;QBRecordID&quot;: 0,
        &quot;Third_Party_Dependant_For_Conne&quot;: null,
        &quot;Latitude&quot;: -25.98176555,
        &quot;Longitude&quot;: 28.13111296
      }
    },
    {
      &quot;attributes&quot;: {
        &quot;Precincts&quot;: &quot;Central Park&quot;,
        &quot;Quickbase_Status&quot;: &quot;Completed&quot;,
        &quot;QBRecordID&quot;: 0,
        &quot;Third_Party_Dependant_For_Conne&quot;: null,
        &quot;Latitude&quot;: -25.9820305,
        &quot;Longitude&quot;: 28.13138931
      }
    },
    {
      &quot;attributes&quot;: {
        &quot;Precincts&quot;: &quot;James Crescent&quot;,
        &quot;Quickbase_Status&quot;: &quot;Completed&quot;,
        &quot;QBRecordID&quot;: 0,
        &quot;Third_Party_Dependant_For_Conne&quot;: null,
        &quot;Latitude&quot;: -25.99784199,
        &quot;Longitude&quot;: 28.12878942
      }
    },
    {
      &quot;attributes&quot;: {
        &quot;Precincts&quot;: &quot;James Crescent&quot;,
        &quot;Quickbase_Status&quot;: &quot;Completed&quot;,
        &quot;QBRecordID&quot;: 0,
        &quot;Third_Party_Dependant_For_Conne&quot;: null,
        &quot;Latitude&quot;: -25.99721758,
        &quot;Longitude&quot;: 28.12820249
      }
    },
    {
      &quot;attributes&quot;: {
        &quot;Precincts&quot;: &quot;James Crescent&quot;,
        &quot;Quickbase_Status&quot;: &quot;Completed&quot;,
        &quot;QBRecordID&quot;: 0,
        &quot;Third_Party_Dependant_For_Conne&quot;: null,
        &quot;Latitude&quot;: -25.99711707,
        &quot;Longitude&quot;: 28.12998749
      }
    },
    {
      &quot;attributes&quot;: {
        &quot;Precincts&quot;: &quot;James Crescent&quot;,
        &quot;Quickbase_Status&quot;: &quot;Completed&quot;,
        &quot;QBRecordID&quot;: 0,
        &quot;Third_Party_Dependant_For_Conne&quot;: null,
        &quot;Latitude&quot;: -26.00642614,
        &quot;Longitude&quot;: 28.12970905
      }
    },
    {
      &quot;attributes&quot;: {
        &quot;Precincts&quot;: &quot;James Crescent&quot;,
        &quot;Quickbase_Status&quot;: &quot;Completed&quot;,
        &quot;QBRecordID&quot;: 0,
        &quot;Third_Party_Dependant_For_Conne&quot;: null,
        &quot;Latitude&quot;: -26.00559369,
        &quot;Longitude&quot;: 28.12924747
      }
    },
    {
      &quot;attributes&quot;: {
        &quot;Precincts&quot;: &quot;James Crescent&quot;,
        &quot;Quickbase_Status&quot;: &quot;Completed&quot;,
        &quot;QBRecordID&quot;: 0,
        &quot;Third_Party_Dependant_For_Conne&quot;: null,
        &quot;Latitude&quot;: -26.00537986,
        &quot;Longitude&quot;: 28.12949428
      }
    },
    {
      &quot;attributes&quot;: {
        &quot;Precincts&quot;: &quot;Bauhania Street&quot;,
        &quot;Quickbase_Status&quot;: &quot;Completed&quot;,
        &quot;QBRecordID&quot;: 0,
        &quot;Third_Party_Dependant_For_Conne&quot;: null,
        &quot;Latitude&quot;: -25.89922452,
        &quot;Longitude&quot;: 28.19191149
      }
    },
    {
      &quot;attributes&quot;: {
        &quot;Precincts&quot;: &quot;Bauhania Street&quot;,
        &quot;Quickbase_Status&quot;: &quot;Completed&quot;,
        &quot;QBRecordID&quot;: 0,
        &quot;Third_Party_Dependant_For_Conne&quot;: null,
        &quot;Latitude&quot;: -25.89920642,
        &quot;Longitude&quot;: 28.19199411
      }
    },
    {
      &quot;attributes&quot;: {
        &quot;Precincts&quot;: &quot;Bauhania Street&quot;,
        &quot;Quickbase_Status&quot;: &quot;Completed&quot;,
        &quot;QBRecordID&quot;: 0,
        &quot;Third_Party_Dependant_For_Conne&quot;: null,
        &quot;Latitude&quot;: -25.89830151,
        &quot;Longitude&quot;: 28.19023682
      }
    },
    {
      &quot;attributes&quot;: {
        &quot;Precincts&quot;: &quot;Bauhania Street&quot;,
        &quot;Quickbase_Status&quot;: &quot;Completed&quot;,
        &quot;QBRecordID&quot;: 0,
        &quot;Third_Party_Dependant_For_Conne&quot;: null,
        &quot;Latitude&quot;: -25.89147955,
        &quot;Longitude&quot;: 28.1825925
      }
    },
    {
      &quot;attributes&quot;: {
        &quot;Precincts&quot;: &quot;Bauhania Street&quot;,
        &quot;Quickbase_Status&quot;: &quot;Completed&quot;,
        &quot;QBRecordID&quot;: 0,
        &quot;Third_Party_Dependant_For_Conne&quot;: null,
        &quot;Latitude&quot;: -25.89140967,
        &quot;Longitude&quot;: 28.18272509
      }
    },
    {
      &quot;attributes&quot;: {
        &quot;Precincts&quot;: &quot;Bauhania Street&quot;,
        &quot;Quickbase_Status&quot;: &quot;Completed&quot;,
        &quot;QBRecordID&quot;: 0,
        &quot;Third_Party_Dependant_For_Conne&quot;: null,
        &quot;Latitude&quot;: -25.89133123,
        &quot;Longitude&quot;: 28.18294134
      }
    },
    {
      &quot;attributes&quot;: {
        &quot;Precincts&quot;: &quot;James Crescent&quot;,
        &quot;Quickbase_Status&quot;: &quot;Completed&quot;,
        &quot;QBRecordID&quot;: 0,
        &quot;Third_Party_Dependant_For_Conne&quot;: null,
        &quot;Latitude&quot;: -25.99913634,
        &quot;Longitude&quot;: 28.12726989
      }
    },
    {
      &quot;attributes&quot;: {
        &quot;Precincts&quot;: &quot;James Crescent&quot;,
        &quot;Quickbase_Status&quot;: &quot;Completed&quot;,
        &quot;QBRecordID&quot;: 0,
        &quot;Third_Party_Dependant_For_Conne&quot;: null,
        &quot;Latitude&quot;: -25.99841002,
        &quot;Longitude&quot;: 28.12806775
      }
    },
    {
      &quot;attributes&quot;: {
        &quot;Precincts&quot;: &quot;James Crescent&quot;,
        &quot;Quickbase_Status&quot;: &quot;Completed&quot;,
        &quot;QBRecordID&quot;: 0,
        &quot;Third_Party_Dependant_For_Conne&quot;: null,
        &quot;Latitude&quot;: -25.998714,
        &quot;Longitude&quot;: 28.12902694
      }
    },
    {
      &quot;attributes&quot;: {
        &quot;Precincts&quot;: &quot;James Crescent&quot;,
        &quot;Quickbase_Status&quot;: &quot;Completed&quot;,
        &quot;QBRecordID&quot;: 0,
        &quot;Third_Party_Dependant_For_Conne&quot;: null,
        &quot;Latitude&quot;: -25.99767087,
        &quot;Longitude&quot;: 28.12814629
      }
    },
    {
      &quot;attributes&quot;: {
        &quot;Precincts&quot;: &quot;James Crescent&quot;,
        &quot;Quickbase_Status&quot;: &quot;Completed&quot;,
        &quot;QBRecordID&quot;: 0,
        &quot;Third_Party_Dependant_For_Conne&quot;: null,
        &quot;Latitude&quot;: -26.00153656,
        &quot;Longitude&quot;: 28.12780961
      }
    },
    {
      &quot;attributes&quot;: {
        &quot;Precincts&quot;: &quot;James Crescent&quot;,
        &quot;Quickbase_Status&quot;: &quot;Completed&quot;,
        &quot;QBRecordID&quot;: 0,
        &quot;Third_Party_Dependant_For_Conne&quot;: null,
        &quot;Latitude&quot;: -26.00195557,
        &quot;Longitude&quot;: 28.12790828
      }
    },
    {
      &quot;attributes&quot;: {
        &quot;Precincts&quot;: &quot;Bauhania Street&quot;,
        &quot;Quickbase_Status&quot;: &quot;Completed&quot;,
        &quot;QBRecordID&quot;: 0,
        &quot;Third_Party_Dependant_For_Conne&quot;: null,
        &quot;Latitude&quot;: -25.87970503,
        &quot;Longitude&quot;: 28.18160212
      }
    },
    {
      &quot;attributes&quot;: {
        &quot;Precincts&quot;: &quot;Logan Ave&quot;,
        &quot;Quickbase_Status&quot;: &quot;Completed&quot;,
        &quot;QBRecordID&quot;: 0,
        &quot;Third_Party_Dependant_For_Conne&quot;: null,
        &quot;Latitude&quot;: -25.8770528,
        &quot;Longitude&quot;: 28.19958661
      }
    },
    {
      &quot;attributes&quot;: {
        &quot;Precincts&quot;: &quot;Bauhania Street&quot;,
        &quot;Quickbase_Status&quot;: &quot;Completed&quot;,
        &quot;QBRecordID&quot;: 0,
        &quot;Third_Party_Dependant_For_Conne&quot;: null,
        &quot;Latitude&quot;: -25.89129887,
        &quot;Longitude&quot;: 28.18326762
      }
    },
    {
      &quot;attributes&quot;: {
        &quot;Precincts&quot;: &quot;Bauhania Street&quot;,
        &quot;Quickbase_Status&quot;: &quot;Completed&quot;,
        &quot;QBRecordID&quot;: 0,
        &quot;Third_Party_Dependant_For_Conne&quot;: null,
        &quot;Latitude&quot;: -25.89082707,
        &quot;Longitude&quot;: 28.18368449
      }
    },
    {
      &quot;attributes&quot;: {
        &quot;Precincts&quot;: &quot;Bauhania Street&quot;,
        &quot;Quickbase_Status&quot;: &quot;Completed&quot;,
        &quot;QBRecordID&quot;: 0,
        &quot;Third_Party_Dependant_For_Conne&quot;: null,
        &quot;Latitude&quot;: -25.89143549,
        &quot;Longitude&quot;: 28.18159781
      }
    },
    {
      &quot;attributes&quot;: {
        &quot;Precincts&quot;: &quot;Bauhania Street&quot;,
        &quot;Quickbase_Status&quot;: &quot;Completed&quot;,
        &quot;QBRecordID&quot;: 0,
        &quot;Third_Party_Dependant_For_Conne&quot;: null,
        &quot;Latitude&quot;: -25.89142664,
        &quot;Longitude&quot;: 28.18172983
      }
    },
    {
      &quot;attributes&quot;: {
        &quot;Precincts&quot;: &quot;Bauhania Street&quot;,
        &quot;Quickbase_Status&quot;: &quot;Completed&quot;,
        &quot;QBRecordID&quot;: 0,
        &quot;Third_Party_Dependant_For_Conne&quot;: null,
        &quot;Latitude&quot;: -25.89139598,
        &quot;Longitude&quot;: 28.18203183
      }
    },
    {
      &quot;attributes&quot;: {
        &quot;Precincts&quot;: &quot;Central Park&quot;,
        &quot;Quickbase_Status&quot;: &quot;Completed&quot;,
        &quot;QBRecordID&quot;: 0,
        &quot;Third_Party_Dependant_For_Conne&quot;: null,
        &quot;Latitude&quot;: -25.98157584,
        &quot;Longitude&quot;: 28.13024196
      }
    },
    {
      &quot;attributes&quot;: {
        &quot;Precincts&quot;: &quot;Central Park&quot;,
        &quot;Quickbase_Status&quot;: &quot;Completed&quot;,
        &quot;QBRecordID&quot;: 0,
        &quot;Third_Party_Dependant_For_Conne&quot;: null,
        &quot;Latitude&quot;: -25.98179037,
        &quot;Longitude&quot;: 28.13067181
      }
    },
    {
      &quot;attributes&quot;: {
        &quot;Precincts&quot;: &quot;James Crescent&quot;,
        &quot;Quickbase_Status&quot;: &quot;Completed&quot;,
        &quot;QBRecordID&quot;: 78268,
        &quot;Third_Party_Dependant_For_Conne&quot;: null,
        &quot;Latitude&quot;: -25.99738019,
        &quot;Longitude&quot;: 28.12844456
      }
    },
    {
      &quot;attributes&quot;: {
        &quot;Precincts&quot;: &quot;Highveld Technopark&quot;,
        &quot;Quickbase_Status&quot;: &quot;Completed&quot;,
        &quot;QBRecordID&quot;: 0,
        &quot;Third_Party_Dependant_For_Conne&quot;: null,
        &quot;Latitude&quot;: -25.87702797,
        &quot;Longitude&quot;: 28.18682303
      }
    },
    {
      &quot;attributes&quot;: {
        &quot;Precincts&quot;: &quot;Highveld Technopark&quot;,
        &quot;Quickbase_Status&quot;: &quot;Completed&quot;,
        &quot;QBRecordID&quot;: 0,
        &quot;Third_Party_Dependant_For_Conne&quot;: null,
        &quot;Latitude&quot;: -25.87836872,
        &quot;Longitude&quot;: 28.18742646
      }
    },
    {
      &quot;attributes&quot;: {
        &quot;Precincts&quot;: &quot;Highveld Technopark&quot;,
        &quot;Quickbase_Status&quot;: &quot;Completed&quot;,
        &quot;QBRecordID&quot;: 0,
        &quot;Third_Party_Dependant_For_Conne&quot;: null,
        &quot;Latitude&quot;: -25.8773599,
        &quot;Longitude&quot;: 28.18680875
      }
    },
    {
      &quot;attributes&quot;: {
        &quot;Precincts&quot;: &quot;Highveld Technopark&quot;,
        &quot;Quickbase_Status&quot;: &quot;Completed&quot;,
        &quot;QBRecordID&quot;: 0,
        &quot;Third_Party_Dependant_For_Conne&quot;: null,
        &quot;Latitude&quot;: -25.87753641,
        &quot;Longitude&quot;: 28.18642312
      }
    },
    {
      &quot;attributes&quot;: {
        &quot;Precincts&quot;: &quot;Highveld Technopark&quot;,
        &quot;Quickbase_Status&quot;: &quot;Completed&quot;,
        &quot;QBRecordID&quot;: 0,
        &quot;Third_Party_Dependant_For_Conne&quot;: null,
        &quot;Latitude&quot;: -25.87757615,
        &quot;Longitude&quot;: 28.1868757
      }
    },
    {
      &quot;attributes&quot;: {
        &quot;Precincts&quot;: &quot;Highveld Technopark&quot;,
        &quot;Quickbase_Status&quot;: &quot;Completed&quot;,
        &quot;QBRecordID&quot;: 0,
        &quot;Third_Party_Dependant_For_Conne&quot;: null,
        &quot;Latitude&quot;: -25.87763448,
        &quot;Longitude&quot;: 28.18713944
      }
    },
    {
      &quot;attributes&quot;: {
        &quot;Precincts&quot;: &quot;George Road&quot;,
        &quot;Quickbase_Status&quot;: &quot;Completed&quot;,
        &quot;QBRecordID&quot;: 0,
        &quot;Third_Party_Dependant_For_Conne&quot;: null,
        &quot;Latitude&quot;: -25.96061971,
        &quot;Longitude&quot;: 28.13745181
      }
    },
    {
      &quot;attributes&quot;: {
        &quot;Precincts&quot;: &quot;George Road&quot;,
        &quot;Quickbase_Status&quot;: &quot;Completed&quot;,
        &quot;QBRecordID&quot;: 0,
        &quot;Third_Party_Dependant_For_Conne&quot;: &quot;Yes&quot;,
        &quot;Latitude&quot;: -25.96169697,
        &quot;Longitude&quot;: 28.1365467
      }
    },
    {
      &quot;attributes&quot;: {
        &quot;Precincts&quot;: &quot;George Road&quot;,
        &quot;Quickbase_Status&quot;: &quot;Completed&quot;,
        &quot;QBRecordID&quot;: 0,
        &quot;Third_Party_Dependant_For_Conne&quot;: &quot;Yes&quot;,
        &quot;Latitude&quot;: -25.96139314,
        &quot;Longitude&quot;: 28.13665631
      }
    },
    {
      &quot;attributes&quot;: {
        &quot;Precincts&quot;: &quot;George Road&quot;,
        &quot;Quickbase_Status&quot;: &quot;Completed&quot;,
        &quot;QBRecordID&quot;: 0,
        &quot;Third_Party_Dependant_For_Conne&quot;: null,
        &quot;Latitude&quot;: -25.96270661,
        &quot;Longitude&quot;: 28.13340703
      }
    },
    {
      &quot;attributes&quot;: {
        &quot;Precincts&quot;: &quot;George Road&quot;,
        &quot;Quickbase_Status&quot;: &quot;Completed&quot;,
        &quot;QBRecordID&quot;: 0,
        &quot;Third_Party_Dependant_For_Conne&quot;: null,
        &quot;Latitude&quot;: -25.96277117,
        &quot;Longitude&quot;: 28.13319394
      }
    },
    {
      &quot;attributes&quot;: {
        &quot;Precincts&quot;: &quot;George Road&quot;,
        &quot;Quickbase_Status&quot;: &quot;Completed&quot;,
        &quot;QBRecordID&quot;: 0,
        &quot;Third_Party_Dependant_For_Conne&quot;: null,
        &quot;Latitude&quot;: -25.96336209,
        &quot;Longitude&quot;: 28.1332368
      }
    },
    {
      &quot;attributes&quot;: {
        &quot;Precincts&quot;: &quot;George Road&quot;,
        &quot;Quickbase_Status&quot;: &quot;Completed&quot;,
        &quot;QBRecordID&quot;: 0,
        &quot;Third_Party_Dependant_For_Conne&quot;: null,
        &quot;Latitude&quot;: -25.96136027,
        &quot;Longitude&quot;: 28.13792819
      }
    },
    {
      &quot;attributes&quot;: {
        &quot;Precincts&quot;: &quot;George Road&quot;,
        &quot;Quickbase_Status&quot;: &quot;Completed&quot;,
        &quot;QBRecordID&quot;: 0,
        &quot;Third_Party_Dependant_For_Conne&quot;: null,
        &quot;Latitude&quot;: -25.95783611,
        &quot;Longitude&quot;: 28.13670038
      }
    },
    {
      &quot;attributes&quot;: {
        &quot;Precincts&quot;: &quot;James Crescent&quot;,
        &quot;Quickbase_Status&quot;: &quot;Completed&quot;,
        &quot;QBRecordID&quot;: 0,
        &quot;Third_Party_Dependant_For_Conne&quot;: null,
        &quot;Latitude&quot;: -25.99930625,
        &quot;Longitude&quot;: 28.12557948
      }
    },
    {
      &quot;attributes&quot;: {
        &quot;Precincts&quot;: &quot;George Road&quot;,
        &quot;Quickbase_Status&quot;: &quot;Completed&quot;,
        &quot;QBRecordID&quot;: 0,
        &quot;Third_Party_Dependant_For_Conne&quot;: null,
        &quot;Latitude&quot;: -25.96697655,
        &quot;Longitude&quot;: 28.13609595
      }
    },
    {
      &quot;attributes&quot;: {
        &quot;Precincts&quot;: &quot;George Road&quot;,
        &quot;Quickbase_Status&quot;: &quot;Completed&quot;,
        &quot;QBRecordID&quot;: 0,
        &quot;Third_Party_Dependant_For_Conne&quot;: null,
        &quot;Latitude&quot;: -25.96629736,
        &quot;Longitude&quot;: 28.13334632
      }
    },
    {
      &quot;attributes&quot;: {
        &quot;Precincts&quot;: &quot;George Road&quot;,
        &quot;Quickbase_Status&quot;: &quot;Completed&quot;,
        &quot;QBRecordID&quot;: 0,
        &quot;Third_Party_Dependant_For_Conne&quot;: null,
        &quot;Latitude&quot;: -25.96654397,
        &quot;Longitude&quot;: 28.13306137
      }
    },
    {
      &quot;attributes&quot;: {
        &quot;Precincts&quot;: &quot;Bauhania Street&quot;,
        &quot;Quickbase_Status&quot;: &quot;Completed&quot;,
        &quot;QBRecordID&quot;: 0,
        &quot;Third_Party_Dependant_For_Conne&quot;: null,
        &quot;Latitude&quot;: -25.88775328,
        &quot;Longitude&quot;: 28.18719165
      }
    },
    {
      &quot;attributes&quot;: {
        &quot;Precincts&quot;: &quot;Bauhania Street&quot;,
        &quot;Quickbase_Status&quot;: &quot;Completed&quot;,
        &quot;QBRecordID&quot;: 0,
        &quot;Third_Party_Dependant_For_Conne&quot;: null,
        &quot;Latitude&quot;: -25.88735167,
        &quot;Longitude&quot;: 28.18704967
      }
    },
    {
      &quot;attributes&quot;: {
        &quot;Precincts&quot;: &quot;Bauhania Street&quot;,
        &quot;Quickbase_Status&quot;: &quot;Completed&quot;,
        &quot;QBRecordID&quot;: 0,
        &quot;Third_Party_Dependant_For_Conne&quot;: null,
        &quot;Latitude&quot;: -25.88675261,
        &quot;Longitude&quot;: 28.18730331
      }
    },
    {
      &quot;attributes&quot;: {
        &quot;Precincts&quot;: &quot;Bauhania Street&quot;,
        &quot;Quickbase_Status&quot;: &quot;Completed&quot;,
        &quot;QBRecordID&quot;: 0,
        &quot;Third_Party_Dependant_For_Conne&quot;: null,
        &quot;Latitude&quot;: -25.88697559,
        &quot;Longitude&quot;: 28.18758789
      }
    },
    {
      &quot;attributes&quot;: {
        &quot;Precincts&quot;: &quot;Bauhania Street&quot;,
        &quot;Quickbase_Status&quot;: &quot;Completed&quot;,
        &quot;QBRecordID&quot;: 0,
        &quot;Third_Party_Dependant_For_Conne&quot;: null,
        &quot;Latitude&quot;: -25.88705327,
        &quot;Longitude&quot;: 28.18755418
      }
    },
    {
      &quot;attributes&quot;: {
        &quot;Precincts&quot;: &quot;Bauhania Street&quot;,
        &quot;Quickbase_Status&quot;: &quot;Completed&quot;,
        &quot;QBRecordID&quot;: 0,
        &quot;Third_Party_Dependant_For_Conne&quot;: null,
        &quot;Latitude&quot;: -25.88720249,
        &quot;Longitude&quot;: 28.18843968
      }
    },
    {
      &quot;attributes&quot;: {
        &quot;Precincts&quot;: &quot;Bauhania Street&quot;,
        &quot;Quickbase_Status&quot;: &quot;Completed&quot;,
        &quot;QBRecordID&quot;: 0,
        &quot;Third_Party_Dependant_For_Conne&quot;: null,
        &quot;Latitude&quot;: -25.89942244,
        &quot;Longitude&quot;: 28.19057081
      }
    },
    {
      &quot;attributes&quot;: {
        &quot;Precincts&quot;: &quot;Bauhania Street&quot;,
        &quot;Quickbase_Status&quot;: &quot;Completed&quot;,
        &quot;QBRecordID&quot;: 0,
        &quot;Third_Party_Dependant_For_Conne&quot;: null,
        &quot;Latitude&quot;: -25.89918086,
        &quot;Longitude&quot;: 28.19044871
      }
    },
    {
      &quot;attributes&quot;: {
        &quot;Precincts&quot;: &quot;Bauhania Street&quot;,
        &quot;Quickbase_Status&quot;: &quot;Completed&quot;,
        &quot;QBRecordID&quot;: 0,
        &quot;Third_Party_Dependant_For_Conne&quot;: null,
        &quot;Latitude&quot;: -25.89890871,
        &quot;Longitude&quot;: 28.19044487
      }
    },
    {
      &quot;attributes&quot;: {
        &quot;Precincts&quot;: &quot;Bauhania Street&quot;,
        &quot;Quickbase_Status&quot;: &quot;Completed&quot;,
        &quot;QBRecordID&quot;: 0,
        &quot;Third_Party_Dependant_For_Conne&quot;: null,
        &quot;Latitude&quot;: -25.89881743,
        &quot;Longitude&quot;: 28.19020226
      }
    },
    {
      &quot;attributes&quot;: {
        &quot;Precincts&quot;: &quot;Bauhania Street&quot;,
        &quot;Quickbase_Status&quot;: &quot;Completed&quot;,
        &quot;QBRecordID&quot;: 0,
        &quot;Third_Party_Dependant_For_Conne&quot;: null,
        &quot;Latitude&quot;: -25.88784411,
        &quot;Longitude&quot;: 28.18576871
      }
    },
    {
      &quot;attributes&quot;: {
        &quot;Precincts&quot;: &quot;Capital Hill&quot;,
        &quot;Quickbase_Status&quot;: &quot;Completed&quot;,
        &quot;QBRecordID&quot;: 105519,
        &quot;Third_Party_Dependant_For_Conne&quot;: null,
        &quot;Latitude&quot;: -26.00783905,
        &quot;Longitude&quot;: 28.13335398
      }
    },
    {
      &quot;attributes&quot;: {
        &quot;Precincts&quot;: &quot;Capital Hill&quot;,
        &quot;Quickbase_Status&quot;: &quot;Completed&quot;,
        &quot;QBRecordID&quot;: 0,
        &quot;Third_Party_Dependant_For_Conne&quot;: null,
        &quot;Latitude&quot;: -26.00865927,
        &quot;Longitude&quot;: 28.13173701
      }
    },
    {
      &quot;attributes&quot;: {
        &quot;Precincts&quot;: &quot;Capital Hill&quot;,
        &quot;Quickbase_Status&quot;: &quot;Completed&quot;,
        &quot;QBRecordID&quot;: 0,
        &quot;Third_Party_Dependant_For_Conne&quot;: null,
        &quot;Latitude&quot;: -26.00808919,
        &quot;Longitude&quot;: 28.13216038
      }
    },
    {
      &quot;attributes&quot;: {
        &quot;Precincts&quot;: &quot;Capital Hill&quot;,
        &quot;Quickbase_Status&quot;: &quot;Completed&quot;,
        &quot;QBRecordID&quot;: 0,
        &quot;Third_Party_Dependant_For_Conne&quot;: null,
        &quot;Latitude&quot;: -26.00857025,
        &quot;Longitude&quot;: 28.12952428
      }
    },
    {
      &quot;attributes&quot;: {
        &quot;Precincts&quot;: &quot;Capital Hill&quot;,
        &quot;Quickbase_Status&quot;: &quot;Completed&quot;,
        &quot;QBRecordID&quot;: 0,
        &quot;Third_Party_Dependant_For_Conne&quot;: null,
        &quot;Latitude&quot;: -26.00970068,
        &quot;Longitude&quot;: 28.13052296
      }
    },
    {
      &quot;attributes&quot;: {
        &quot;Precincts&quot;: &quot;James Crescent&quot;,
        &quot;Quickbase_Status&quot;: &quot;Completed&quot;,
        &quot;QBRecordID&quot;: 0,
        &quot;Third_Party_Dependant_For_Conne&quot;: null,
        &quot;Latitude&quot;: -26.00599508,
        &quot;Longitude&quot;: 28.1237051
      }
    },
    {
      &quot;attributes&quot;: {
        &quot;Precincts&quot;: &quot;James Crescent&quot;,
        &quot;Quickbase_Status&quot;: &quot;Completed&quot;,
        &quot;QBRecordID&quot;: 0,
        &quot;Third_Party_Dependant_For_Conne&quot;: null,
        &quot;Latitude&quot;: -26.00624672,
        &quot;Longitude&quot;: 28.12326826
      }
    },
    {
      &quot;attributes&quot;: {
        &quot;Precincts&quot;: &quot;James Crescent&quot;,
        &quot;Quickbase_Status&quot;: &quot;Completed&quot;,
        &quot;QBRecordID&quot;: 0,
        &quot;Third_Party_Dependant_For_Conne&quot;: null,
        &quot;Latitude&quot;: -26.00641315,
        &quot;Longitude&quot;: 28.12647709
      }
    },
    {
      &quot;attributes&quot;: {
        &quot;Precincts&quot;: &quot;James Crescent&quot;,
        &quot;Quickbase_Status&quot;: &quot;Completed&quot;,
        &quot;QBRecordID&quot;: 0,
        &quot;Third_Party_Dependant_For_Conne&quot;: null,
        &quot;Latitude&quot;: -26.0056832,
        &quot;Longitude&quot;: 28.12455068
      }
    },
    {
      &quot;attributes&quot;: {
        &quot;Precincts&quot;: &quot;James Crescent&quot;,
        &quot;Quickbase_Status&quot;: &quot;Completed&quot;,
        &quot;QBRecordID&quot;: 0,
        &quot;Third_Party_Dependant_For_Conne&quot;: null,
        &quot;Latitude&quot;: -26.00555055,
        &quot;Longitude&quot;: 28.12415384
      }
    },
    {
      &quot;attributes&quot;: {
        &quot;Precincts&quot;: &quot;Capital Hill&quot;,
        &quot;Quickbase_Status&quot;: &quot;Completed&quot;,
        &quot;QBRecordID&quot;: 0,
        &quot;Third_Party_Dependant_For_Conne&quot;: null,
        &quot;Latitude&quot;: -26.0099704,
        &quot;Longitude&quot;: 28.12695198
      }
    },
    {
      &quot;attributes&quot;: {
        &quot;Precincts&quot;: &quot;Capital Hill&quot;,
        &quot;Quickbase_Status&quot;: &quot;Completed&quot;,
        &quot;QBRecordID&quot;: 0,
        &quot;Third_Party_Dependant_For_Conne&quot;: null,
        &quot;Latitude&quot;: -26.0095183,
        &quot;Longitude&quot;: 28.12740062
      }
    },
    {
      &quot;attributes&quot;: {
        &quot;Precincts&quot;: &quot;Capital Hill&quot;,
        &quot;Quickbase_Status&quot;: &quot;Completed&quot;,
        &quot;QBRecordID&quot;: 10871,
        &quot;Third_Party_Dependant_For_Conne&quot;: null,
        &quot;Latitude&quot;: -26.00812996,
        &quot;Longitude&quot;: 28.12814958
      }
    },
    {
      &quot;attributes&quot;: {
        &quot;Precincts&quot;: &quot;Capital Hill&quot;,
        &quot;Quickbase_Status&quot;: &quot;Completed&quot;,
        &quot;QBRecordID&quot;: 0,
        &quot;Third_Party_Dependant_For_Conne&quot;: null,
        &quot;Latitude&quot;: -26.00812461,
        &quot;Longitude&quot;: 28.12814383
      }
    },
    {
      &quot;attributes&quot;: {
        &quot;Precincts&quot;: &quot;Capital Hill&quot;,
        &quot;Quickbase_Status&quot;: &quot;Completed&quot;,
        &quot;QBRecordID&quot;: 10872,
        &quot;Third_Party_Dependant_For_Conne&quot;: null,
        &quot;Latitude&quot;: -26.00839614,
        &quot;Longitude&quot;: 28.12795361
      }
    },
    {
      &quot;attributes&quot;: {
        &quot;Precincts&quot;: &quot;Capital Hill&quot;,
        &quot;Quickbase_Status&quot;: &quot;Completed&quot;,
        &quot;QBRecordID&quot;: 10874,
        &quot;Third_Party_Dependant_For_Conne&quot;: null,
        &quot;Latitude&quot;: -26.00892395,
        &quot;Longitude&quot;: 28.12773214
      }
    },
    {
      &quot;attributes&quot;: {
        &quot;Precincts&quot;: &quot;Capital Hill&quot;,
        &quot;Quickbase_Status&quot;: &quot;Completed&quot;,
        &quot;QBRecordID&quot;: 0,
        &quot;Third_Party_Dependant_For_Conne&quot;: null,
        &quot;Latitude&quot;: -26.00848847,
        &quot;Longitude&quot;: 28.13313465
      }
    },
    {
      &quot;attributes&quot;: {
        &quot;Precincts&quot;: &quot;Capital Hill&quot;,
        &quot;Quickbase_Status&quot;: &quot;Completed&quot;,
        &quot;QBRecordID&quot;: 0,
        &quot;Third_Party_Dependant_For_Conne&quot;: null,
        &quot;Latitude&quot;: -26.0086956,
        &quot;Longitude&quot;: 28.13348021
      }
    },
    {
      &quot;attributes&quot;: {
        &quot;Precincts&quot;: &quot;James Crescent&quot;,
        &quot;Quickbase_Status&quot;: &quot;Completed&quot;,
        &quot;QBRecordID&quot;: 0,
        &quot;Third_Party_Dependant_For_Conne&quot;: null,
        &quot;Latitude&quot;: -26.00480721,
        &quot;Longitude&quot;: 28.12733309
      }
    },
    {
      &quot;attributes&quot;: {
        &quot;Precincts&quot;: &quot;James Crescent&quot;,
        &quot;Quickbase_Status&quot;: &quot;Completed&quot;,
        &quot;QBRecordID&quot;: 0,
        &quot;Third_Party_Dependant_For_Conne&quot;: null,
        &quot;Latitude&quot;: -26.00546383,
        &quot;Longitude&quot;: 28.12659836
      }
    },
    {
      &quot;attributes&quot;: {
        &quot;Precincts&quot;: &quot;James Crescent&quot;,
        &quot;Quickbase_Status&quot;: &quot;Completed&quot;,
        &quot;QBRecordID&quot;: 0,
        &quot;Third_Party_Dependant_For_Conne&quot;: null,
        &quot;Latitude&quot;: -26.00707105,
        &quot;Longitude&quot;: 28.12392667
      }
    },
    {
      &quot;attributes&quot;: {
        &quot;Precincts&quot;: &quot;James Crescent&quot;,
        &quot;Quickbase_Status&quot;: &quot;Completed&quot;,
        &quot;QBRecordID&quot;: 0,
        &quot;Third_Party_Dependant_For_Conne&quot;: null,
        &quot;Latitude&quot;: -26.00723377,
        &quot;Longitude&quot;: 28.12404559
      }
    },
    {
      &quot;attributes&quot;: {
        &quot;Precincts&quot;: &quot;Capital Hill&quot;,
        &quot;Quickbase_Status&quot;: &quot;Completed&quot;,
        &quot;QBRecordID&quot;: 0,
        &quot;Third_Party_Dependant_For_Conne&quot;: null,
        &quot;Latitude&quot;: -26.00880494,
        &quot;Longitude&quot;: 28.12823583
      }
    },
    {
      &quot;attributes&quot;: {
        &quot;Precincts&quot;: &quot;Capital Hill&quot;,
        &quot;Quickbase_Status&quot;: &quot;Completed&quot;,
        &quot;QBRecordID&quot;: 0,
        &quot;Third_Party_Dependant_For_Conne&quot;: null,
        &quot;Latitude&quot;: -26.0086305,
        &quot;Longitude&quot;: 28.12854966
      }
    },
    {
      &quot;attributes&quot;: {
        &quot;Precincts&quot;: &quot;Capital Hill&quot;,
        &quot;Quickbase_Status&quot;: &quot;Completed&quot;,
        &quot;QBRecordID&quot;: 0,
        &quot;Third_Party_Dependant_For_Conne&quot;: null,
        &quot;Latitude&quot;: -26.00876801,
        &quot;Longitude&quot;: 28.12845135
      }
    },
    {
      &quot;attributes&quot;: {
        &quot;Precincts&quot;: &quot;James Crescent&quot;,
        &quot;Quickbase_Status&quot;: &quot;Completed&quot;,
        &quot;QBRecordID&quot;: 0,
        &quot;Third_Party_Dependant_For_Conne&quot;: null,
        &quot;Latitude&quot;: -26.00293885,
        &quot;Longitude&quot;: 28.1266199
      }
    },
    {
      &quot;attributes&quot;: {
        &quot;Precincts&quot;: &quot;James Crescent&quot;,
        &quot;Quickbase_Status&quot;: &quot;Completed&quot;,
        &quot;QBRecordID&quot;: 0,
        &quot;Third_Party_Dependant_For_Conne&quot;: null,
        &quot;Latitude&quot;: -26.00408131,
        &quot;Longitude&quot;: 28.12486046
      }
    },
    {
      &quot;attributes&quot;: {
        &quot;Precincts&quot;: &quot;Capital Hill&quot;,
        &quot;Quickbase_Status&quot;: &quot;Completed&quot;,
        &quot;QBRecordID&quot;: 0,
        &quot;Third_Party_Dependant_For_Conne&quot;: null,
        &quot;Latitude&quot;: -26.00694978,
        &quot;Longitude&quot;: 28.12902581
      }
    },
    {
      &quot;attributes&quot;: {
        &quot;Precincts&quot;: &quot;Waterfall Office Park&quot;,
        &quot;Quickbase_Status&quot;: &quot;Completed&quot;,
        &quot;QBRecordID&quot;: 0,
        &quot;Third_Party_Dependant_For_Conne&quot;: null,
        &quot;Latitude&quot;: -26.01202643,
        &quot;Longitude&quot;: 28.11849009
      }
    },
    {
      &quot;attributes&quot;: {
        &quot;Precincts&quot;: &quot;Bauhania Street&quot;,
        &quot;Quickbase_Status&quot;: &quot;Completed&quot;,
        &quot;QBRecordID&quot;: 0,
        &quot;Third_Party_Dependant_For_Conne&quot;: null,
        &quot;Latitude&quot;: -25.88664793,
        &quot;Longitude&quot;: 28.18645772
      }
    },
    {
      &quot;attributes&quot;: {
        &quot;Precincts&quot;: &quot;Bauhania Street&quot;,
        &quot;Quickbase_Status&quot;: &quot;Completed&quot;,
        &quot;QBRecordID&quot;: 0,
        &quot;Third_Party_Dependant_For_Conne&quot;: null,
        &quot;Latitude&quot;: -25.88900976,
        &quot;Longitude&quot;: 28.1861412
      }
    },
    {
      &quot;attributes&quot;: {
        &quot;Precincts&quot;: &quot;Bauhania Street&quot;,
        &quot;Quickbase_Status&quot;: &quot;Completed&quot;,
        &quot;QBRecordID&quot;: 0,
        &quot;Third_Party_Dependant_For_Conne&quot;: null,
        &quot;Latitude&quot;: -25.88822389,
        &quot;Longitude&quot;: 28.19047672
      }
    },
    {
      &quot;attributes&quot;: {
        &quot;Precincts&quot;: &quot;Bauhania Street&quot;,
        &quot;Quickbase_Status&quot;: &quot;Completed&quot;,
        &quot;QBRecordID&quot;: 0,
        &quot;Third_Party_Dependant_For_Conne&quot;: null,
        &quot;Latitude&quot;: -25.88815848,
        &quot;Longitude&quot;: 28.18913385
      }
    },
    {
      &quot;attributes&quot;: {
        &quot;Precincts&quot;: &quot;Bauhania Street&quot;,
        &quot;Quickbase_Status&quot;: &quot;Completed&quot;,
        &quot;QBRecordID&quot;: 0,
        &quot;Third_Party_Dependant_For_Conne&quot;: null,
        &quot;Latitude&quot;: -25.88841531,
        &quot;Longitude&quot;: 28.19052373
      }
    },
    {
      &quot;attributes&quot;: {
        &quot;Precincts&quot;: &quot;Bauhania Street&quot;,
        &quot;Quickbase_Status&quot;: &quot;Completed&quot;,
        &quot;QBRecordID&quot;: 0,
        &quot;Third_Party_Dependant_For_Conne&quot;: null,
        &quot;Latitude&quot;: -25.8901518,
        &quot;Longitude&quot;: 28.19026376
      }
    },
    {
      &quot;attributes&quot;: {
        &quot;Precincts&quot;: &quot;Bauhania Street&quot;,
        &quot;Quickbase_Status&quot;: &quot;Completed&quot;,
        &quot;QBRecordID&quot;: 0,
        &quot;Third_Party_Dependant_For_Conne&quot;: null,
        &quot;Latitude&quot;: -25.89024046,
        &quot;Longitude&quot;: 28.19053942
      }
    },
    {
      &quot;attributes&quot;: {
        &quot;Precincts&quot;: &quot;Bauhania Street&quot;,
        &quot;Quickbase_Status&quot;: &quot;Completed&quot;,
        &quot;QBRecordID&quot;: 0,
        &quot;Third_Party_Dependant_For_Conne&quot;: null,
        &quot;Latitude&quot;: -25.89373498,
        &quot;Longitude&quot;: 28.19058735
      }
    },
    {
      &quot;attributes&quot;: {
        &quot;Precincts&quot;: &quot;Bauhania Street&quot;,
        &quot;Quickbase_Status&quot;: &quot;Completed&quot;,
        &quot;QBRecordID&quot;: 0,
        &quot;Third_Party_Dependant_For_Conne&quot;: null,
        &quot;Latitude&quot;: -25.89351616,
        &quot;Longitude&quot;: 28.19025444
      }
    },
    {
      &quot;attributes&quot;: {
        &quot;Precincts&quot;: &quot;Bauhania Street&quot;,
        &quot;Quickbase_Status&quot;: &quot;Completed&quot;,
        &quot;QBRecordID&quot;: 0,
        &quot;Third_Party_Dependant_For_Conne&quot;: null,
        &quot;Latitude&quot;: -25.89274586,
        &quot;Longitude&quot;: 28.18916147
      }
    },
    {
      &quot;attributes&quot;: {
        &quot;Precincts&quot;: &quot;Bauhania Street&quot;,
        &quot;Quickbase_Status&quot;: &quot;Completed&quot;,
        &quot;QBRecordID&quot;: 0,
        &quot;Third_Party_Dependant_For_Conne&quot;: null,
        &quot;Latitude&quot;: -25.89315431,
        &quot;Longitude&quot;: 28.19140539
      }
    },
    {
      &quot;attributes&quot;: {
        &quot;Precincts&quot;: &quot;Bauhania Street&quot;,
        &quot;Quickbase_Status&quot;: &quot;Completed&quot;,
        &quot;QBRecordID&quot;: 0,
        &quot;Third_Party_Dependant_For_Conne&quot;: null,
        &quot;Latitude&quot;: -25.88864257,
        &quot;Longitude&quot;: 28.18880327
      }
    },
    {
      &quot;attributes&quot;: {
        &quot;Precincts&quot;: &quot;Bauhania Street&quot;,
        &quot;Quickbase_Status&quot;: &quot;Completed&quot;,
        &quot;QBRecordID&quot;: 0,
        &quot;Third_Party_Dependant_For_Conne&quot;: null,
        &quot;Latitude&quot;: -25.88855735,
        &quot;Longitude&quot;: 28.18990844
      }
    },
    {
      &quot;attributes&quot;: {
        &quot;Precincts&quot;: &quot;Bauhania Street&quot;,
        &quot;Quickbase_Status&quot;: &quot;Completed&quot;,
        &quot;QBRecordID&quot;: 0,
        &quot;Third_Party_Dependant_For_Conne&quot;: null,
        &quot;Latitude&quot;: -25.88865507,
        &quot;Longitude&quot;: 28.19032082
      }
    },
    {
      &quot;attributes&quot;: {
        &quot;Precincts&quot;: &quot;Bauhania Street&quot;,
        &quot;Quickbase_Status&quot;: &quot;Completed&quot;,
        &quot;QBRecordID&quot;: 0,
        &quot;Third_Party_Dependant_For_Conne&quot;: null,
        &quot;Latitude&quot;: -25.8885196,
        &quot;Longitude&quot;: 28.19031407
      }
    },
    {
      &quot;attributes&quot;: {
        &quot;Precincts&quot;: &quot;Bauhania Street&quot;,
        &quot;Quickbase_Status&quot;: &quot;Completed&quot;,
        &quot;QBRecordID&quot;: 0,
        &quot;Third_Party_Dependant_For_Conne&quot;: null,
        &quot;Latitude&quot;: -25.88743681,
        &quot;Longitude&quot;: 28.1861982
      }
    },
    {
      &quot;attributes&quot;: {
        &quot;Precincts&quot;: &quot;Bauhania Street&quot;,
        &quot;Quickbase_Status&quot;: &quot;Completed&quot;,
        &quot;QBRecordID&quot;: 0,
        &quot;Third_Party_Dependant_For_Conne&quot;: null,
        &quot;Latitude&quot;: -25.89147286,
        &quot;Longitude&quot;: 28.18669463
      }
    },
    {
      &quot;attributes&quot;: {
        &quot;Precincts&quot;: &quot;Bauhania Street&quot;,
        &quot;Quickbase_Status&quot;: &quot;Completed&quot;,
        &quot;QBRecordID&quot;: 0,
        &quot;Third_Party_Dependant_For_Conne&quot;: null,
        &quot;Latitude&quot;: -25.89083123,
        &quot;Longitude&quot;: 28.18707977
      }
    },
    {
      &quot;attributes&quot;: {
        &quot;Precincts&quot;: &quot;Bauhania Street&quot;,
        &quot;Quickbase_Status&quot;: &quot;Completed&quot;,
        &quot;QBRecordID&quot;: 0,
        &quot;Third_Party_Dependant_For_Conne&quot;: null,
        &quot;Latitude&quot;: -25.88959558,
        &quot;Longitude&quot;: 28.18966424
      }
    },
    {
      &quot;attributes&quot;: {
        &quot;Precincts&quot;: &quot;Bauhania Street&quot;,
        &quot;Quickbase_Status&quot;: &quot;Completed&quot;,
        &quot;QBRecordID&quot;: 0,
        &quot;Third_Party_Dependant_For_Conne&quot;: null,
        &quot;Latitude&quot;: -25.88531244,
        &quot;Longitude&quot;: 28.18789839
      }
    },
    {
      &quot;attributes&quot;: {
        &quot;Precincts&quot;: &quot;Bauhania Street&quot;,
        &quot;Quickbase_Status&quot;: &quot;Completed&quot;,
        &quot;QBRecordID&quot;: 0,
        &quot;Third_Party_Dependant_For_Conne&quot;: null,
        &quot;Latitude&quot;: -25.88611131,
        &quot;Longitude&quot;: 28.18638977
      }
    },
    {
      &quot;attributes&quot;: {
        &quot;Precincts&quot;: &quot;Bauhania Street&quot;,
        &quot;Quickbase_Status&quot;: &quot;Completed&quot;,
        &quot;QBRecordID&quot;: 0,
        &quot;Third_Party_Dependant_For_Conne&quot;: null,
        &quot;Latitude&quot;: -25.88625122,
        &quot;Longitude&quot;: 28.18724924
      }
    },
    {
      &quot;attributes&quot;: {
        &quot;Precincts&quot;: &quot;Bauhania Street&quot;,
        &quot;Quickbase_Status&quot;: &quot;Completed&quot;,
        &quot;QBRecordID&quot;: 0,
        &quot;Third_Party_Dependant_For_Conne&quot;: null,
        &quot;Latitude&quot;: -25.88597611,
        &quot;Longitude&quot;: 28.18725942
      }
    },
    {
      &quot;attributes&quot;: {
        &quot;Precincts&quot;: &quot;Bauhania Street&quot;,
        &quot;Quickbase_Status&quot;: &quot;Completed&quot;,
        &quot;QBRecordID&quot;: 0,
        &quot;Third_Party_Dependant_For_Conne&quot;: null,
        &quot;Latitude&quot;: -25.88788282,
        &quot;Longitude&quot;: 28.19031611
      }
    },
    {
      &quot;attributes&quot;: {
        &quot;Precincts&quot;: &quot;Bauhania Street&quot;,
        &quot;Quickbase_Status&quot;: &quot;Completed&quot;,
        &quot;QBRecordID&quot;: 0,
        &quot;Third_Party_Dependant_For_Conne&quot;: null,
        &quot;Latitude&quot;: -25.88847877,
        &quot;Longitude&quot;: 28.18645988
      }
    },
    {
      &quot;attributes&quot;: {
        &quot;Precincts&quot;: &quot;Richards Drive&quot;,
        &quot;Quickbase_Status&quot;: &quot;Completed&quot;,
        &quot;QBRecordID&quot;: 0,
        &quot;Third_Party_Dependant_For_Conne&quot;: null,
        &quot;Latitude&quot;: -26.01317203,
        &quot;Longitude&quot;: 28.12122289
      }
    },
    {
      &quot;attributes&quot;: {
        &quot;Precincts&quot;: &quot;Richards Drive&quot;,
        &quot;Quickbase_Status&quot;: &quot;Completed&quot;,
        &quot;QBRecordID&quot;: 0,
        &quot;Third_Party_Dependant_For_Conne&quot;: &quot;Yes&quot;,
        &quot;Latitude&quot;: -26.01359695,
        &quot;Longitude&quot;: 28.12570559
      }
    },
    {
      &quot;attributes&quot;: {
        &quot;Precincts&quot;: &quot;Richards Drive&quot;,
        &quot;Quickbase_Status&quot;: &quot;Completed&quot;,
        &quot;QBRecordID&quot;: 0,
        &quot;Third_Party_Dependant_For_Conne&quot;: null,
        &quot;Latitude&quot;: -26.01315721,
        &quot;Longitude&quot;: 28.12442159
      }
    },
    {
      &quot;attributes&quot;: {
        &quot;Precincts&quot;: &quot;Richards Drive&quot;,
        &quot;Quickbase_Status&quot;: &quot;Completed&quot;,
        &quot;QBRecordID&quot;: 92508,
        &quot;Third_Party_Dependant_For_Conne&quot;: null,
        &quot;Latitude&quot;: -26.01610298,
        &quot;Longitude&quot;: 28.12226105
      }
    },
    {
      &quot;attributes&quot;: {
        &quot;Precincts&quot;: &quot;Richards Drive&quot;,
        &quot;Quickbase_Status&quot;: &quot;Completed&quot;,
        &quot;QBRecordID&quot;: 0,
        &quot;Third_Party_Dependant_For_Conne&quot;: null,
        &quot;Latitude&quot;: -26.01428387,
        &quot;Longitude&quot;: 28.12341223
      }
    },
    {
      &quot;attributes&quot;: {
        &quot;Precincts&quot;: &quot;Richards Drive&quot;,
        &quot;Quickbase_Status&quot;: &quot;Completed&quot;,
        &quot;QBRecordID&quot;: 0,
        &quot;Third_Party_Dependant_For_Conne&quot;: null,
        &quot;Latitude&quot;: -26.01444531,
        &quot;Longitude&quot;: 28.12376444
      }
    },
    {
      &quot;attributes&quot;: {
        &quot;Precincts&quot;: &quot;Bauhania Street&quot;,
        &quot;Quickbase_Status&quot;: &quot;Completed&quot;,
        &quot;QBRecordID&quot;: 0,
        &quot;Third_Party_Dependant_For_Conne&quot;: null,
        &quot;Latitude&quot;: -25.89884194,
        &quot;Longitude&quot;: 28.18968881
      }
    },
    {
      &quot;attributes&quot;: {
        &quot;Precincts&quot;: &quot;Bauhania Street&quot;,
        &quot;Quickbase_Status&quot;: &quot;Completed&quot;,
        &quot;QBRecordID&quot;: 0,
        &quot;Third_Party_Dependant_For_Conne&quot;: null,
        &quot;Latitude&quot;: -25.89906392,
        &quot;Longitude&quot;: 28.1897756
      }
    },
    {
      &quot;attributes&quot;: {
        &quot;Precincts&quot;: &quot;Bauhania Street&quot;,
        &quot;Quickbase_Status&quot;: &quot;Completed&quot;,
        &quot;QBRecordID&quot;: 0,
        &quot;Third_Party_Dependant_For_Conne&quot;: null,
        &quot;Latitude&quot;: -25.89927213,
        &quot;Longitude&quot;: 28.18957479
      }
    },
    {
      &quot;attributes&quot;: {
        &quot;Precincts&quot;: &quot;Bauhania Street&quot;,
        &quot;Quickbase_Status&quot;: &quot;Completed&quot;,
        &quot;QBRecordID&quot;: 0,
        &quot;Third_Party_Dependant_For_Conne&quot;: null,
        &quot;Latitude&quot;: -25.8992733,
        &quot;Longitude&quot;: 28.18987955
      }
    },
    {
      &quot;attributes&quot;: {
        &quot;Precincts&quot;: &quot;Bauhania Street&quot;,
        &quot;Quickbase_Status&quot;: &quot;Completed&quot;,
        &quot;QBRecordID&quot;: 0,
        &quot;Third_Party_Dependant_For_Conne&quot;: null,
        &quot;Latitude&quot;: -25.89947422,
        &quot;Longitude&quot;: 28.18992953
      }
    },
    {
      &quot;attributes&quot;: {
        &quot;Precincts&quot;: &quot;Bauhania Street&quot;,
        &quot;Quickbase_Status&quot;: &quot;Completed&quot;,
        &quot;QBRecordID&quot;: 0,
        &quot;Third_Party_Dependant_For_Conne&quot;: null,
        &quot;Latitude&quot;: -25.89860627,
        &quot;Longitude&quot;: 28.18959597
      }
    },
    {
      &quot;attributes&quot;: {
        &quot;Precincts&quot;: &quot;Bauhania Street&quot;,
        &quot;Quickbase_Status&quot;: &quot;Completed&quot;,
        &quot;QBRecordID&quot;: 0,
        &quot;Third_Party_Dependant_For_Conne&quot;: null,
        &quot;Latitude&quot;: -25.89838637,
        &quot;Longitude&quot;: 28.18954286
      }
    },
    {
      &quot;attributes&quot;: {
        &quot;Precincts&quot;: &quot;Bauhania Street&quot;,
        &quot;Quickbase_Status&quot;: &quot;Completed&quot;,
        &quot;QBRecordID&quot;: 0,
        &quot;Third_Party_Dependant_For_Conne&quot;: null,
        &quot;Latitude&quot;: -25.89838773,
        &quot;Longitude&quot;: 28.18974633
      }
    },
    {
      &quot;attributes&quot;: {
        &quot;Precincts&quot;: &quot;Bauhania Street&quot;,
        &quot;Quickbase_Status&quot;: &quot;Completed&quot;,
        &quot;QBRecordID&quot;: 0,
        &quot;Third_Party_Dependant_For_Conne&quot;: null,
        &quot;Latitude&quot;: -25.8981753,
        &quot;Longitude&quot;: 28.1896294
      }
    },
    {
      &quot;attributes&quot;: {
        &quot;Precincts&quot;: &quot;Bauhania Street&quot;,
        &quot;Quickbase_Status&quot;: &quot;Completed&quot;,
        &quot;QBRecordID&quot;: 0,
        &quot;Third_Party_Dependant_For_Conne&quot;: null,
        &quot;Latitude&quot;: -25.88667597,
        &quot;Longitude&quot;: 28.18608072
      }
    },
    {
      &quot;attributes&quot;: {
        &quot;Precincts&quot;: &quot;Bauhania Street&quot;,
        &quot;Quickbase_Status&quot;: &quot;Completed&quot;,
        &quot;QBRecordID&quot;: 0,
        &quot;Third_Party_Dependant_For_Conne&quot;: null,
        &quot;Latitude&quot;: -25.88710039,
        &quot;Longitude&quot;: 28.18571835
      }
    },
    {
      &quot;attributes&quot;: {
        &quot;Precincts&quot;: &quot;Bauhania Street&quot;,
        &quot;Quickbase_Status&quot;: &quot;Completed&quot;,
        &quot;QBRecordID&quot;: 0,
        &quot;Third_Party_Dependant_For_Conne&quot;: null,
        &quot;Latitude&quot;: -25.8909281,
        &quot;Longitude&quot;: 28.18337916
      }
    },
    {
      &quot;attributes&quot;: {
        &quot;Precincts&quot;: &quot;Bauhania Street&quot;,
        &quot;Quickbase_Status&quot;: &quot;Completed&quot;,
        &quot;QBRecordID&quot;: 0,
        &quot;Third_Party_Dependant_For_Conne&quot;: null,
        &quot;Latitude&quot;: -25.88590626,
        &quot;Longitude&quot;: 28.1859549
      }
    },
    {
      &quot;attributes&quot;: {
        &quot;Precincts&quot;: &quot;Witch-Hazel&quot;,
        &quot;Quickbase_Status&quot;: &quot;Completed&quot;,
        &quot;QBRecordID&quot;: 0,
        &quot;Third_Party_Dependant_For_Conne&quot;: null,
        &quot;Latitude&quot;: -25.87469118,
        &quot;Longitude&quot;: 28.17938484
      }
    },
    {
      &quot;attributes&quot;: {
        &quot;Precincts&quot;: &quot;Bauhania Street&quot;,
        &quot;Quickbase_Status&quot;: &quot;Completed&quot;,
        &quot;QBRecordID&quot;: 0,
        &quot;Third_Party_Dependant_For_Conne&quot;: null,
        &quot;Latitude&quot;: -25.88813532,
        &quot;Longitude&quot;: 28.19045268
      }
    },
    {
      &quot;attributes&quot;: {
        &quot;Precincts&quot;: &quot;Bauhania Street&quot;,
        &quot;Quickbase_Status&quot;: &quot;Completed&quot;,
        &quot;QBRecordID&quot;: 0,
        &quot;Third_Party_Dependant_For_Conne&quot;: null,
        &quot;Latitude&quot;: -25.89278367,
        &quot;Longitude&quot;: 28.18898087
      }
    },
    {
      &quot;attributes&quot;: {
        &quot;Precincts&quot;: &quot;Richards Drive&quot;,
        &quot;Quickbase_Status&quot;: &quot;Completed&quot;,
        &quot;QBRecordID&quot;: 0,
        &quot;Third_Party_Dependant_For_Conne&quot;: null,
        &quot;Latitude&quot;: -26.01470353,
        &quot;Longitude&quot;: 28.1223916
      }
    },
    {
      &quot;attributes&quot;: {
        &quot;Precincts&quot;: &quot;Capital Hill&quot;,
        &quot;Quickbase_Status&quot;: &quot;Completed&quot;,
        &quot;QBRecordID&quot;: 0,
        &quot;Third_Party_Dependant_For_Conne&quot;: null,
        &quot;Latitude&quot;: -26.01077728,
        &quot;Longitude&quot;: 28.12659068
      }
    },
    {
      &quot;attributes&quot;: {
        &quot;Precincts&quot;: &quot;Capital Hill&quot;,
        &quot;Quickbase_Status&quot;: &quot;Completed&quot;,
        &quot;QBRecordID&quot;: 0,
        &quot;Third_Party_Dependant_For_Conne&quot;: null,
        &quot;Latitude&quot;: -26.01111324,
        &quot;Longitude&quot;: 28.12634956
      }
    },
    {
      &quot;attributes&quot;: {
        &quot;Precincts&quot;: &quot;Richards Drive&quot;,
        &quot;Quickbase_Status&quot;: &quot;Completed&quot;,
        &quot;QBRecordID&quot;: 0,
        &quot;Third_Party_Dependant_For_Conne&quot;: null,
        &quot;Latitude&quot;: -26.01681367,
        &quot;Longitude&quot;: 28.1219078
      }
    },
    {
      &quot;attributes&quot;: {
        &quot;Precincts&quot;: &quot;Capital Hill&quot;,
        &quot;Quickbase_Status&quot;: &quot;Completed&quot;,
        &quot;QBRecordID&quot;: 0,
        &quot;Third_Party_Dependant_For_Conne&quot;: null,
        &quot;Latitude&quot;: -26.00776963,
        &quot;Longitude&quot;: 28.13137843
      }
    },
    {
      &quot;attributes&quot;: {
        &quot;Precincts&quot;: &quot;Capital Hill&quot;,
        &quot;Quickbase_Status&quot;: &quot;Completed&quot;,
        &quot;QBRecordID&quot;: 0,
        &quot;Third_Party_Dependant_For_Conne&quot;: null,
        &quot;Latitude&quot;: -26.00941102,
        &quot;Longitude&quot;: 28.13239417
      }
    },
    {
      &quot;attributes&quot;: {
        &quot;Precincts&quot;: &quot;Capital Hill&quot;,
        &quot;Quickbase_Status&quot;: &quot;Completed&quot;,
        &quot;QBRecordID&quot;: 0,
        &quot;Third_Party_Dependant_For_Conne&quot;: null,
        &quot;Latitude&quot;: -26.00893603,
        &quot;Longitude&quot;: 28.13237363
      }
    },
    {
      &quot;attributes&quot;: {
        &quot;Precincts&quot;: &quot;Richards Drive&quot;,
        &quot;Quickbase_Status&quot;: &quot;Completed&quot;,
        &quot;QBRecordID&quot;: 0,
        &quot;Third_Party_Dependant_For_Conne&quot;: null,
        &quot;Latitude&quot;: -26.01465463,
        &quot;Longitude&quot;: 28.12044844
      }
    },
    {
      &quot;attributes&quot;: {
        &quot;Precincts&quot;: &quot;Capital Hill&quot;,
        &quot;Quickbase_Status&quot;: &quot;Completed&quot;,
        &quot;QBRecordID&quot;: 0,
        &quot;Third_Party_Dependant_For_Conne&quot;: null,
        &quot;Latitude&quot;: -26.01426832,
        &quot;Longitude&quot;: 28.1295706
      }
    },
    {
      &quot;attributes&quot;: {
        &quot;Precincts&quot;: &quot;Capital Hill&quot;,
        &quot;Quickbase_Status&quot;: &quot;Completed&quot;,
        &quot;QBRecordID&quot;: 0,
        &quot;Third_Party_Dependant_For_Conne&quot;: null,
        &quot;Latitude&quot;: -26.01456013,
        &quot;Longitude&quot;: 28.12949093
      }
    },
    {
      &quot;attributes&quot;: {
        &quot;Precincts&quot;: &quot;Capital Hill&quot;,
        &quot;Quickbase_Status&quot;: &quot;Completed&quot;,
        &quot;QBRecordID&quot;: 0,
        &quot;Third_Party_Dependant_For_Conne&quot;: null,
        &quot;Latitude&quot;: -26.0144878,
        &quot;Longitude&quot;: 28.13038445
      }
    },
    {
      &quot;attributes&quot;: {
        &quot;Precincts&quot;: &quot;Capital Hill&quot;,
        &quot;Quickbase_Status&quot;: &quot;Completed&quot;,
        &quot;QBRecordID&quot;: 0,
        &quot;Third_Party_Dependant_For_Conne&quot;: null,
        &quot;Latitude&quot;: -26.01502596,
        &quot;Longitude&quot;: 28.12874113
      }
    },
    {
      &quot;attributes&quot;: {
        &quot;Precincts&quot;: &quot;Bauhania Street&quot;,
        &quot;Quickbase_Status&quot;: &quot;Completed&quot;,
        &quot;QBRecordID&quot;: 0,
        &quot;Third_Party_Dependant_For_Conne&quot;: null,
        &quot;Latitude&quot;: -25.88868399,
        &quot;Longitude&quot;: 28.18367954
      }
    },
    {
      &quot;attributes&quot;: {
        &quot;Precincts&quot;: &quot;Bauhania Street&quot;,
        &quot;Quickbase_Status&quot;: &quot;Completed&quot;,
        &quot;QBRecordID&quot;: 0,
        &quot;Third_Party_Dependant_For_Conne&quot;: null,
        &quot;Latitude&quot;: -25.89092783,
        &quot;Longitude&quot;: 28.18355392
      }
    },
    {
      &quot;attributes&quot;: {
        &quot;Precincts&quot;: &quot;Bauhania Street&quot;,
        &quot;Quickbase_Status&quot;: &quot;Completed&quot;,
        &quot;QBRecordID&quot;: 0,
        &quot;Third_Party_Dependant_For_Conne&quot;: null,
        &quot;Latitude&quot;: -25.8909001,
        &quot;Longitude&quot;: 28.18346156
      }
    },
    {
      &quot;attributes&quot;: {
        &quot;Precincts&quot;: &quot;Route 21 Office Park&quot;,
        &quot;Quickbase_Status&quot;: &quot;Completed&quot;,
        &quot;QBRecordID&quot;: 0,
        &quot;Third_Party_Dependant_For_Conne&quot;: null,
        &quot;Latitude&quot;: -25.86295274,
        &quot;Longitude&quot;: 28.24456189
      }
    },
    {
      &quot;attributes&quot;: {
        &quot;Precincts&quot;: &quot;Route 21 Office Park&quot;,
        &quot;Quickbase_Status&quot;: &quot;Completed&quot;,
        &quot;QBRecordID&quot;: 0,
        &quot;Third_Party_Dependant_For_Conne&quot;: null,
        &quot;Latitude&quot;: -25.86309551,
        &quot;Longitude&quot;: 28.24438114
      }
    },
    {
      &quot;attributes&quot;: {
        &quot;Precincts&quot;: &quot;Route 21 Office Park&quot;,
        &quot;Quickbase_Status&quot;: &quot;Completed&quot;,
        &quot;QBRecordID&quot;: 0,
        &quot;Third_Party_Dependant_For_Conne&quot;: null,
        &quot;Latitude&quot;: -25.86326562,
        &quot;Longitude&quot;: 28.24441296
      }
    },
    {
      &quot;attributes&quot;: {
        &quot;Precincts&quot;: &quot;Route 21 Office Park&quot;,
        &quot;Quickbase_Status&quot;: &quot;Completed&quot;,
        &quot;QBRecordID&quot;: 0,
        &quot;Third_Party_Dependant_For_Conne&quot;: null,
        &quot;Latitude&quot;: -25.86331997,
        &quot;Longitude&quot;: 28.24406793
      }
    },
    {
      &quot;attributes&quot;: {
        &quot;Precincts&quot;: &quot;George Road&quot;,
        &quot;Quickbase_Status&quot;: &quot;Completed&quot;,
        &quot;QBRecordID&quot;: 102213,
        &quot;Third_Party_Dependant_For_Conne&quot;: null,
        &quot;Latitude&quot;: -25.95280546,
        &quot;Longitude&quot;: 28.14027041
      }
    },
    {
      &quot;attributes&quot;: {
        &quot;Precincts&quot;: &quot;George Road&quot;,
        &quot;Quickbase_Status&quot;: &quot;Completed&quot;,
        &quot;QBRecordID&quot;: 0,
        &quot;Third_Party_Dependant_For_Conne&quot;: null,
        &quot;Latitude&quot;: -25.95790997,
        &quot;Longitude&quot;: 28.13573737
      }
    },
    {
      &quot;attributes&quot;: {
        &quot;Precincts&quot;: &quot;Centurion Gautrain Station&quot;,
        &quot;Quickbase_Status&quot;: &quot;Completed&quot;,
        &quot;QBRecordID&quot;: 0,
        &quot;Third_Party_Dependant_For_Conne&quot;: null,
        &quot;Latitude&quot;: -25.85023252,
        &quot;Longitude&quot;: 28.2506783
      }
    },
    {
      &quot;attributes&quot;: {
        &quot;Precincts&quot;: &quot;George Road&quot;,
        &quot;Quickbase_Status&quot;: &quot;Completed&quot;,
        &quot;QBRecordID&quot;: 0,
        &quot;Third_Party_Dependant_For_Conne&quot;: null,
        &quot;Latitude&quot;: -25.96053944,
        &quot;Longitude&quot;: 28.14187386
      }
    },
    {
      &quot;attributes&quot;: {
        &quot;Precincts&quot;: &quot;George Road&quot;,
        &quot;Quickbase_Status&quot;: &quot;Completed&quot;,
        &quot;QBRecordID&quot;: 0,
        &quot;Third_Party_Dependant_For_Conne&quot;: null,
        &quot;Latitude&quot;: -25.96079759,
        &quot;Longitude&quot;: 28.1406396
      }
    },
    {
      &quot;attributes&quot;: {
        &quot;Precincts&quot;: &quot;George Road&quot;,
        &quot;Quickbase_Status&quot;: &quot;Completed&quot;,
        &quot;QBRecordID&quot;: 0,
        &quot;Third_Party_Dependant_For_Conne&quot;: null,
        &quot;Latitude&quot;: -25.96088872,
        &quot;Longitude&quot;: 28.14060428
      }
    },
    {
      &quot;attributes&quot;: {
        &quot;Precincts&quot;: &quot;Capital Hill&quot;,
        &quot;Quickbase_Status&quot;: &quot;Completed&quot;,
        &quot;QBRecordID&quot;: 0,
        &quot;Third_Party_Dependant_For_Conne&quot;: null,
        &quot;Latitude&quot;: -26.00856718,
        &quot;Longitude&quot;: 28.12951269
      }
    },
    {
      &quot;attributes&quot;: {
        &quot;Precincts&quot;: &quot;Highveld Technopark&quot;,
        &quot;Quickbase_Status&quot;: &quot;Completed&quot;,
        &quot;QBRecordID&quot;: 0,
        &quot;Third_Party_Dependant_For_Conne&quot;: null,
        &quot;Latitude&quot;: -25.87735123,
        &quot;Longitude&quot;: 28.18095604
      }
    },
    {
      &quot;attributes&quot;: {
        &quot;Precincts&quot;: &quot;Central Park&quot;,
        &quot;Quickbase_Status&quot;: &quot;Completed&quot;,
        &quot;QBRecordID&quot;: 0,
        &quot;Third_Party_Dependant_For_Conne&quot;: null,
        &quot;Latitude&quot;: -25.97545639,
        &quot;Longitude&quot;: 28.13215678
      }
    },
    {
      &quot;attributes&quot;: {
        &quot;Precincts&quot;: &quot;Capital Hill&quot;,
        &quot;Quickbase_Status&quot;: &quot;Completed&quot;,
        &quot;QBRecordID&quot;: 0,
        &quot;Third_Party_Dependant_For_Conne&quot;: null,
        &quot;Latitude&quot;: -26.00932781,
        &quot;Longitude&quot;: 28.12880907
      }
    },
    {
      &quot;attributes&quot;: {
        &quot;Precincts&quot;: &quot;Witch-Hazel&quot;,
        &quot;Quickbase_Status&quot;: &quot;Completed&quot;,
        &quot;QBRecordID&quot;: 0,
        &quot;Third_Party_Dependant_For_Conne&quot;: null,
        &quot;Latitude&quot;: -25.87285919,
        &quot;Longitude&quot;: 28.18396386
      }
    },
    {
      &quot;attributes&quot;: {
        &quot;Precincts&quot;: &quot;Bauhania Street&quot;,
        &quot;Quickbase_Status&quot;: &quot;Completed&quot;,
        &quot;QBRecordID&quot;: 0,
        &quot;Third_Party_Dependant_For_Conne&quot;: null,
        &quot;Latitude&quot;: -25.87796231,
        &quot;Longitude&quot;: 28.18283871
      }
    },
    {
      &quot;attributes&quot;: {
        &quot;Precincts&quot;: &quot;Central Park&quot;,
        &quot;Quickbase_Status&quot;: &quot;Completed&quot;,
        &quot;QBRecordID&quot;: 0,
        &quot;Third_Party_Dependant_For_Conne&quot;: null,
        &quot;Latitude&quot;: -25.97536878,
        &quot;Longitude&quot;: 28.13314037
      }
    },
    {
      &quot;attributes&quot;: {
        &quot;Precincts&quot;: &quot;Richards Drive&quot;,
        &quot;Quickbase_Status&quot;: &quot;Completed&quot;,
        &quot;QBRecordID&quot;: 0,
        &quot;Third_Party_Dependant_For_Conne&quot;: null,
        &quot;Latitude&quot;: -26.02367994,
        &quot;Longitude&quot;: 28.12087058
      }
    },
    {
      &quot;attributes&quot;: {
        &quot;Precincts&quot;: &quot;Witch-Hazel&quot;,
        &quot;Quickbase_Status&quot;: &quot;Completed&quot;,
        &quot;QBRecordID&quot;: 0,
        &quot;Third_Party_Dependant_For_Conne&quot;: null,
        &quot;Latitude&quot;: -25.87418733,
        &quot;Longitude&quot;: 28.18058696
      }
    },
    {
      &quot;attributes&quot;: {
        &quot;Precincts&quot;: &quot;Witch-Hazel&quot;,
        &quot;Quickbase_Status&quot;: &quot;Completed&quot;,
        &quot;QBRecordID&quot;: 0,
        &quot;Third_Party_Dependant_For_Conne&quot;: null,
        &quot;Latitude&quot;: -25.86765413,
        &quot;Longitude&quot;: 28.18554544
      }
    },
    {
      &quot;attributes&quot;: {
        &quot;Precincts&quot;: &quot;Saddle Drive&quot;,
        &quot;Quickbase_Status&quot;: &quot;Completed&quot;,
        &quot;QBRecordID&quot;: 81960,
        &quot;Third_Party_Dependant_For_Conne&quot;: null,
        &quot;Latitude&quot;: -26.08831936,
        &quot;Longitude&quot;: 28.00645978
      }
    },
    {
      &quot;attributes&quot;: {
        &quot;Precincts&quot;: &quot;Riverhorse Road&quot;,
        &quot;Quickbase_Status&quot;: &quot;Completed&quot;,
        &quot;QBRecordID&quot;: 101179,
        &quot;Third_Party_Dependant_For_Conne&quot;: null,
        &quot;Latitude&quot;: -29.77594027,
        &quot;Longitude&quot;: 30.99346677
      }
    },
    {
      &quot;attributes&quot;: {
        &quot;Precincts&quot;: &quot;Tyger Waterfront&quot;,
        &quot;Quickbase_Status&quot;: &quot;Completed&quot;,
        &quot;QBRecordID&quot;: 8662,
        &quot;Third_Party_Dependant_For_Conne&quot;: null,
        &quot;Latitude&quot;: -33.87584743,
        &quot;Longitude&quot;: 18.62856925
      }
    },
    {
      &quot;attributes&quot;: {
        &quot;Precincts&quot;: &quot;Tyger Waterfront&quot;,
        &quot;Quickbase_Status&quot;: &quot;Completed&quot;,
        &quot;QBRecordID&quot;: 8669,
        &quot;Third_Party_Dependant_For_Conne&quot;: null,
        &quot;Latitude&quot;: -33.87800403,
        &quot;Longitude&quot;: 18.63058847
      }
    },
    {
      &quot;attributes&quot;: {
        &quot;Precincts&quot;: &quot;Tyger Waterfront&quot;,
        &quot;Quickbase_Status&quot;: &quot;Completed&quot;,
        &quot;QBRecordID&quot;: 8671,
        &quot;Third_Party_Dependant_For_Conne&quot;: null,
        &quot;Latitude&quot;: -33.87679631,
        &quot;Longitude&quot;: 18.62961877
      }
    },
    {
      &quot;attributes&quot;: {
        &quot;Precincts&quot;: &quot;Tyger Waterfront&quot;,
        &quot;Quickbase_Status&quot;: &quot;Completed&quot;,
        &quot;QBRecordID&quot;: 8672,
        &quot;Third_Party_Dependant_For_Conne&quot;: null,
        &quot;Latitude&quot;: -33.8769451,
        &quot;Longitude&quot;: 18.63026007
      }
    },
    {
      &quot;attributes&quot;: {
        &quot;Precincts&quot;: &quot;Sandton Phase 2&quot;,
        &quot;Quickbase_Status&quot;: &quot;Completed&quot;,
        &quot;QBRecordID&quot;: 2959,
        &quot;Third_Party_Dependant_For_Conne&quot;: null,
        &quot;Latitude&quot;: -26.103842,
        &quot;Longitude&quot;: 28.047768
      }
    },
    {
      &quot;attributes&quot;: {
        &quot;Precincts&quot;: &quot;CPT CBD Phase 01&quot;,
        &quot;Quickbase_Status&quot;: &quot;Completed&quot;,
        &quot;QBRecordID&quot;: 82213,
        &quot;Third_Party_Dependant_For_Conne&quot;: null,
        &quot;Latitude&quot;: -33.89570273,
        &quot;Longitude&quot;: 18.48253131
      }
    },
    {
      &quot;attributes&quot;: {
        &quot;Precincts&quot;: &quot;CPT CBD Phase 01&quot;,
        &quot;Quickbase_Status&quot;: &quot;Completed&quot;,
        &quot;QBRecordID&quot;: 3075,
        &quot;Third_Party_Dependant_For_Conne&quot;: null,
        &quot;Latitude&quot;: -33.91876217,
        &quot;Longitude&quot;: 18.42576127
      }
    },
    {
      &quot;attributes&quot;: {
        &quot;Precincts&quot;: &quot;CPT CBD Phase 01&quot;,
        &quot;Quickbase_Status&quot;: &quot;Completed&quot;,
        &quot;QBRecordID&quot;: 3076,
        &quot;Third_Party_Dependant_For_Conne&quot;: null,
        &quot;Latitude&quot;: -33.91899393,
        &quot;Longitude&quot;: 18.42551952
      }
    },
    {
      &quot;attributes&quot;: {
        &quot;Precincts&quot;: &quot;Woodlands Office Park&quot;,
        &quot;Quickbase_Status&quot;: &quot;Completed&quot;,
        &quot;QBRecordID&quot;: 1684,
        &quot;Third_Party_Dependant_For_Conne&quot;: null,
        &quot;Latitude&quot;: -26.0627656,
        &quot;Longitude&quot;: 28.08456251
      }
    },
    {
      &quot;attributes&quot;: {
        &quot;Precincts&quot;: &quot;Burnside Office Park&quot;,
        &quot;Quickbase_Status&quot;: &quot;Completed&quot;,
        &quot;QBRecordID&quot;: 3439,
        &quot;Third_Party_Dependant_For_Conne&quot;: null,
        &quot;Latitude&quot;: -26.11263474,
        &quot;Longitude&quot;: 28.02043052
      }
    },
    {
      &quot;attributes&quot;: {
        &quot;Precincts&quot;: &quot;Burnside Office Park&quot;,
        &quot;Quickbase_Status&quot;: &quot;Completed&quot;,
        &quot;QBRecordID&quot;: 2930,
        &quot;Third_Party_Dependant_For_Conne&quot;: null,
        &quot;Latitude&quot;: -26.1149579,
        &quot;Longitude&quot;: 28.02249751
      }
    },
    {
      &quot;attributes&quot;: {
        &quot;Precincts&quot;: &quot;Bruma Lake&quot;,
        &quot;Quickbase_Status&quot;: &quot;Completed&quot;,
        &quot;QBRecordID&quot;: 1542,
        &quot;Third_Party_Dependant_For_Conne&quot;: null,
        &quot;Latitude&quot;: -26.17906073,
        &quot;Longitude&quot;: 28.11193131
      }
    },
    {
      &quot;attributes&quot;: {
        &quot;Precincts&quot;: &quot;Bruma Lake&quot;,
        &quot;Quickbase_Status&quot;: &quot;Completed&quot;,
        &quot;QBRecordID&quot;: 3977,
        &quot;Third_Party_Dependant_For_Conne&quot;: null,
        &quot;Latitude&quot;: -26.18287079,
        &quot;Longitude&quot;: 28.10617711
      }
    },
    {
      &quot;attributes&quot;: {
        &quot;Precincts&quot;: &quot;Charles Crescent&quot;,
        &quot;Quickbase_Status&quot;: &quot;Completed&quot;,
        &quot;QBRecordID&quot;: 946,
        &quot;Third_Party_Dependant_For_Conne&quot;: null,
        &quot;Latitude&quot;: -26.09648235,
        &quot;Longitude&quot;: 28.08171599
      }
    },
    {
      &quot;attributes&quot;: {
        &quot;Precincts&quot;: &quot;Charles Crescent&quot;,
        &quot;Quickbase_Status&quot;: &quot;Completed&quot;,
        &quot;QBRecordID&quot;: 1745,
        &quot;Third_Party_Dependant_For_Conne&quot;: null,
        &quot;Latitude&quot;: -26.09499857,
        &quot;Longitude&quot;: 28.08337368
      }
    },
    {
      &quot;attributes&quot;: {
        &quot;Precincts&quot;: &quot;Charles Crescent&quot;,
        &quot;Quickbase_Status&quot;: &quot;Completed&quot;,
        &quot;QBRecordID&quot;: 1349,
        &quot;Third_Party_Dependant_For_Conne&quot;: null,
        &quot;Latitude&quot;: -26.09684237,
        &quot;Longitude&quot;: 28.08120497
      }
    },
    {
      &quot;attributes&quot;: {
        &quot;Precincts&quot;: &quot;Charles Crescent&quot;,
        &quot;Quickbase_Status&quot;: &quot;Completed&quot;,
        &quot;QBRecordID&quot;: 945,
        &quot;Third_Party_Dependant_For_Conne&quot;: null,
        &quot;Latitude&quot;: -26.09826121,
        &quot;Longitude&quot;: 28.07758403
      }
    },
    {
      &quot;attributes&quot;: {
        &quot;Precincts&quot;: &quot;Charles Crescent&quot;,
        &quot;Quickbase_Status&quot;: &quot;Completed&quot;,
        &quot;QBRecordID&quot;: 1319,
        &quot;Third_Party_Dependant_For_Conne&quot;: null,
        &quot;Latitude&quot;: -26.09802577,
        &quot;Longitude&quot;: 28.07837908
      }
    },
    {
      &quot;attributes&quot;: {
        &quot;Precincts&quot;: &quot;Central Street&quot;,
        &quot;Quickbase_Status&quot;: &quot;Completed&quot;,
        &quot;QBRecordID&quot;: 855,
        &quot;Third_Party_Dependant_For_Conne&quot;: null,
        &quot;Latitude&quot;: -26.15268484,
        &quot;Longitude&quot;: 28.05827125
      }
    },
    {
      &quot;attributes&quot;: {
        &quot;Precincts&quot;: &quot;George Road&quot;,
        &quot;Quickbase_Status&quot;: &quot;Completed&quot;,
        &quot;QBRecordID&quot;: 6766,
        &quot;Third_Party_Dependant_For_Conne&quot;: null,
        &quot;Latitude&quot;: -25.96620368,
        &quot;Longitude&quot;: 28.13156203
      }
    },
    {
      &quot;attributes&quot;: {
        &quot;Precincts&quot;: &quot;George Road&quot;,
        &quot;Quickbase_Status&quot;: &quot;Completed&quot;,
        &quot;QBRecordID&quot;: 1287,
        &quot;Third_Party_Dependant_For_Conne&quot;: null,
        &quot;Latitude&quot;: -25.96545156,
        &quot;Longitude&quot;: 28.1332447
      }
    },
    {
      &quot;attributes&quot;: {
        &quot;Precincts&quot;: &quot;Arden Grove&quot;,
        &quot;Quickbase_Status&quot;: &quot;Completed&quot;,
        &quot;QBRecordID&quot;: 1608,
        &quot;Third_Party_Dependant_For_Conne&quot;: null,
        &quot;Latitude&quot;: -33.86506088,
        &quot;Longitude&quot;: 18.51292104
      }
    },
    {
      &quot;attributes&quot;: {
        &quot;Precincts&quot;: &quot;Arden Grove&quot;,
        &quot;Quickbase_Status&quot;: &quot;Completed&quot;,
        &quot;QBRecordID&quot;: 3159,
        &quot;Third_Party_Dependant_For_Conne&quot;: null,
        &quot;Latitude&quot;: -33.86571169,
        &quot;Longitude&quot;: 18.51233888
      }
    },
    {
      &quot;attributes&quot;: {
        &quot;Precincts&quot;: &quot;George Road&quot;,
        &quot;Quickbase_Status&quot;: &quot;Completed&quot;,
        &quot;QBRecordID&quot;: 1012,
        &quot;Third_Party_Dependant_For_Conne&quot;: null,
        &quot;Latitude&quot;: -25.96691717,
        &quot;Longitude&quot;: 28.13536735
      }
    },
    {
      &quot;attributes&quot;: {
        &quot;Precincts&quot;: &quot;George Road&quot;,
        &quot;Quickbase_Status&quot;: &quot;Completed&quot;,
        &quot;QBRecordID&quot;: 1744,
        &quot;Third_Party_Dependant_For_Conne&quot;: null,
        &quot;Latitude&quot;: -25.96729995,
        &quot;Longitude&quot;: 28.13574196
      }
    },
    {
      &quot;attributes&quot;: {
        &quot;Precincts&quot;: &quot;George Road&quot;,
        &quot;Quickbase_Status&quot;: &quot;Completed&quot;,
        &quot;QBRecordID&quot;: 1737,
        &quot;Third_Party_Dependant_For_Conne&quot;: null,
        &quot;Latitude&quot;: -25.9571973,
        &quot;Longitude&quot;: 28.13523366
      }
    },
    {
      &quot;attributes&quot;: {
        &quot;Precincts&quot;: &quot;George Road&quot;,
        &quot;Quickbase_Status&quot;: &quot;Completed&quot;,
        &quot;QBRecordID&quot;: 1736,
        &quot;Third_Party_Dependant_For_Conne&quot;: null,
        &quot;Latitude&quot;: -25.95741396,
        &quot;Longitude&quot;: 28.13518406
      }
    },
    {
      &quot;attributes&quot;: {
        &quot;Precincts&quot;: &quot;Arden Grove&quot;,
        &quot;Quickbase_Status&quot;: &quot;Completed&quot;,
        &quot;QBRecordID&quot;: 1586,
        &quot;Third_Party_Dependant_For_Conne&quot;: null,
        &quot;Latitude&quot;: -33.86700338,
        &quot;Longitude&quot;: 18.51350224
      }
    },
    {
      &quot;attributes&quot;: {
        &quot;Precincts&quot;: &quot;Arden Grove&quot;,
        &quot;Quickbase_Status&quot;: &quot;Completed&quot;,
        &quot;QBRecordID&quot;: 1574,
        &quot;Third_Party_Dependant_For_Conne&quot;: null,
        &quot;Latitude&quot;: -33.86545686,
        &quot;Longitude&quot;: 18.51421051
      }
    },
    {
      &quot;attributes&quot;: {
        &quot;Precincts&quot;: &quot;Arden Grove&quot;,
        &quot;Quickbase_Status&quot;: &quot;Completed&quot;,
        &quot;QBRecordID&quot;: 3543,
        &quot;Third_Party_Dependant_For_Conne&quot;: null,
        &quot;Latitude&quot;: -33.86272411,
        &quot;Longitude&quot;: 18.51395671
      }
    },
    {
      &quot;attributes&quot;: {
        &quot;Precincts&quot;: &quot;Arden Grove&quot;,
        &quot;Quickbase_Status&quot;: &quot;Completed&quot;,
        &quot;QBRecordID&quot;: 3537,
        &quot;Third_Party_Dependant_For_Conne&quot;: null,
        &quot;Latitude&quot;: -33.86241408,
        &quot;Longitude&quot;: 18.51356853
      }
    },
    {
      &quot;attributes&quot;: {
        &quot;Precincts&quot;: &quot;Arden Grove&quot;,
        &quot;Quickbase_Status&quot;: &quot;Completed&quot;,
        &quot;QBRecordID&quot;: 16917,
        &quot;Third_Party_Dependant_For_Conne&quot;: null,
        &quot;Latitude&quot;: -33.86819672,
        &quot;Longitude&quot;: 18.51338728
      }
    },
    {
      &quot;attributes&quot;: {
        &quot;Precincts&quot;: &quot;Arden Grove&quot;,
        &quot;Quickbase_Status&quot;: &quot;Completed&quot;,
        &quot;QBRecordID&quot;: 1592,
        &quot;Third_Party_Dependant_For_Conne&quot;: null,
        &quot;Latitude&quot;: -33.86703447,
        &quot;Longitude&quot;: 18.51247711
      }
    },
    {
      &quot;attributes&quot;: {
        &quot;Precincts&quot;: &quot;Richards Drive&quot;,
        &quot;Quickbase_Status&quot;: &quot;Completed&quot;,
        &quot;QBRecordID&quot;: 2440,
        &quot;Third_Party_Dependant_For_Conne&quot;: null,
        &quot;Latitude&quot;: -26.01194315,
        &quot;Longitude&quot;: 28.12402305
      }
    },
    {
      &quot;attributes&quot;: {
        &quot;Precincts&quot;: &quot;Hyde Park&quot;,
        &quot;Quickbase_Status&quot;: &quot;Completed&quot;,
        &quot;QBRecordID&quot;: 1929,
        &quot;Third_Party_Dependant_For_Conne&quot;: null,
        &quot;Latitude&quot;: -26.11780366,
        &quot;Longitude&quot;: 28.03158057
      }
    },
    {
      &quot;attributes&quot;: {
        &quot;Precincts&quot;: &quot;Hyde Park&quot;,
        &quot;Quickbase_Status&quot;: &quot;Completed&quot;,
        &quot;QBRecordID&quot;: 1928,
        &quot;Third_Party_Dependant_For_Conne&quot;: null,
        &quot;Latitude&quot;: -26.11829011,
        &quot;Longitude&quot;: 28.0315784
      }
    },
    {
      &quot;attributes&quot;: {
        &quot;Precincts&quot;: &quot;Central Park&quot;,
        &quot;Quickbase_Status&quot;: &quot;Completed&quot;,
        &quot;QBRecordID&quot;: 1525,
        &quot;Third_Party_Dependant_For_Conne&quot;: null,
        &quot;Latitude&quot;: -25.97608523,
        &quot;Longitude&quot;: 28.13297256
      }
    },
    {
      &quot;attributes&quot;: {
        &quot;Precincts&quot;: &quot;Central Park&quot;,
        &quot;Quickbase_Status&quot;: &quot;Completed&quot;,
        &quot;QBRecordID&quot;: 4014,
        &quot;Third_Party_Dependant_For_Conne&quot;: null,
        &quot;Latitude&quot;: -25.97590923,
        &quot;Longitude&quot;: 28.1327808
      }
    },
    {
      &quot;attributes&quot;: {
        &quot;Precincts&quot;: &quot;Central Park&quot;,
        &quot;Quickbase_Status&quot;: &quot;Completed&quot;,
        &quot;QBRecordID&quot;: 940,
        &quot;Third_Party_Dependant_For_Conne&quot;: null,
        &quot;Latitude&quot;: -25.9759605,
        &quot;Longitude&quot;: 28.13415487
      }
    },
    {
      &quot;attributes&quot;: {
        &quot;Precincts&quot;: &quot;Central Park&quot;,
        &quot;Quickbase_Status&quot;: &quot;Completed&quot;,
        &quot;QBRecordID&quot;: 1523,
        &quot;Third_Party_Dependant_For_Conne&quot;: null,
        &quot;Latitude&quot;: -25.9757042,
        &quot;Longitude&quot;: 28.13343987
      }
    },
    {
      &quot;attributes&quot;: {
        &quot;Precincts&quot;: &quot;Sandton Phase 2&quot;,
        &quot;Quickbase_Status&quot;: &quot;Completed&quot;,
        &quot;QBRecordID&quot;: 4029,
        &quot;Third_Party_Dependant_For_Conne&quot;: null,
        &quot;Latitude&quot;: -26.10412713,
        &quot;Longitude&quot;: 28.05611301
      }
    },
    {
      &quot;attributes&quot;: {
        &quot;Precincts&quot;: &quot;Wierda Road&quot;,
        &quot;Quickbase_Status&quot;: &quot;Completed&quot;,
        &quot;QBRecordID&quot;: 820,
        &quot;Third_Party_Dependant_For_Conne&quot;: null,
        &quot;Latitude&quot;: -26.10914908,
        &quot;Longitude&quot;: 28.05746869
      }
    },
    {
      &quot;attributes&quot;: {
        &quot;Precincts&quot;: &quot;Central Park&quot;,
        &quot;Quickbase_Status&quot;: &quot;Completed&quot;,
        &quot;QBRecordID&quot;: 4020,
        &quot;Third_Party_Dependant_For_Conne&quot;: null,
        &quot;Latitude&quot;: -25.97593884,
        &quot;Longitude&quot;: 28.1337684
      }
    },
    {
      &quot;attributes&quot;: {
        &quot;Precincts&quot;: &quot;Central Park&quot;,
        &quot;Quickbase_Status&quot;: &quot;Completed&quot;,
        &quot;QBRecordID&quot;: 4018,
        &quot;Third_Party_Dependant_For_Conne&quot;: null,
        &quot;Latitude&quot;: -25.97626417,
        &quot;Longitude&quot;: 28.13358238
      }
    },
    {
      &quot;attributes&quot;: {
        &quot;Precincts&quot;: &quot;Bryanston Extension&quot;,
        &quot;Quickbase_Status&quot;: &quot;Completed&quot;,
        &quot;QBRecordID&quot;: 2251,
        &quot;Third_Party_Dependant_For_Conne&quot;: null,
        &quot;Latitude&quot;: -26.04435874,
        &quot;Longitude&quot;: 28.01495941
      }
    },
    {
      &quot;attributes&quot;: {
        &quot;Precincts&quot;: &quot;Bryanston Extension&quot;,
        &quot;Quickbase_Status&quot;: &quot;Completed&quot;,
        &quot;QBRecordID&quot;: 1903,
        &quot;Third_Party_Dependant_For_Conne&quot;: null,
        &quot;Latitude&quot;: -26.04025949,
        &quot;Longitude&quot;: 28.01238806
      }
    },
    {
      &quot;attributes&quot;: {
        &quot;Precincts&quot;: &quot;Bryanston Extension&quot;,
        &quot;Quickbase_Status&quot;: &quot;Completed&quot;,
        &quot;QBRecordID&quot;: 1899,
        &quot;Third_Party_Dependant_For_Conne&quot;: null,
        &quot;Latitude&quot;: -26.04049698,
        &quot;Longitude&quot;: 28.0109505
      }
    },
    {
      &quot;attributes&quot;: {
        &quot;Precincts&quot;: &quot;Bryanston Extension&quot;,
        &quot;Quickbase_Status&quot;: &quot;Completed&quot;,
        &quot;QBRecordID&quot;: 1920,
        &quot;Third_Party_Dependant_For_Conne&quot;: null,
        &quot;Latitude&quot;: -26.04922007,
        &quot;Longitude&quot;: 28.02015477
      }
    },
    {
      &quot;attributes&quot;: {
        &quot;Precincts&quot;: &quot;Morningside&quot;,
        &quot;Quickbase_Status&quot;: &quot;Completed&quot;,
        &quot;QBRecordID&quot;: 1154,
        &quot;Third_Party_Dependant_For_Conne&quot;: null,
        &quot;Latitude&quot;: -26.08054121,
        &quot;Longitude&quot;: 28.06292872
      }
    },
    {
      &quot;attributes&quot;: {
        &quot;Precincts&quot;: &quot;Tygervalley&quot;,
        &quot;Quickbase_Status&quot;: &quot;Completed&quot;,
        &quot;QBRecordID&quot;: 2589,
        &quot;Third_Party_Dependant_For_Conne&quot;: null,
        &quot;Latitude&quot;: -33.87896662,
        &quot;Longitude&quot;: 18.63633516
      }
    },
    {
      &quot;attributes&quot;: {
        &quot;Precincts&quot;: &quot;Sandton Phase 2&quot;,
        &quot;Quickbase_Status&quot;: &quot;Completed&quot;,
        &quot;QBRecordID&quot;: 3521,
        &quot;Third_Party_Dependant_For_Conne&quot;: null,
        &quot;Latitude&quot;: -26.10337333,
        &quot;Longitude&quot;: 28.05018441
      }
    },
    {
      &quot;attributes&quot;: {
        &quot;Precincts&quot;: &quot;Empire Road&quot;,
        &quot;Quickbase_Status&quot;: &quot;Completed&quot;,
        &quot;QBRecordID&quot;: 2480,
        &quot;Third_Party_Dependant_For_Conne&quot;: null,
        &quot;Latitude&quot;: -26.18347916,
        &quot;Longitude&quot;: 28.02259458
      }
    },
    {
      &quot;attributes&quot;: {
        &quot;Precincts&quot;: &quot;George Road&quot;,
        &quot;Quickbase_Status&quot;: &quot;Completed&quot;,
        &quot;QBRecordID&quot;: 1770,
        &quot;Third_Party_Dependant_For_Conne&quot;: null,
        &quot;Latitude&quot;: -25.97483437,
        &quot;Longitude&quot;: 28.1305857
      }
    },
    {
      &quot;attributes&quot;: {
        &quot;Precincts&quot;: &quot;Sandton Phase 3&quot;,
        &quot;Quickbase_Status&quot;: &quot;Completed&quot;,
        &quot;QBRecordID&quot;: 2945,
        &quot;Third_Party_Dependant_For_Conne&quot;: null,
        &quot;Latitude&quot;: -26.10631738,
        &quot;Longitude&quot;: 28.05698373
      }
    },
    {
      &quot;attributes&quot;: {
        &quot;Precincts&quot;: &quot;Hyde Park&quot;,
        &quot;Quickbase_Status&quot;: &quot;Completed&quot;,
        &quot;QBRecordID&quot;: 1939,
        &quot;Third_Party_Dependant_For_Conne&quot;: null,
        &quot;Latitude&quot;: -26.12135679,
        &quot;Longitude&quot;: 28.03037867
      }
    },
    {
      &quot;attributes&quot;: {
        &quot;Precincts&quot;: &quot;Hyde Park&quot;,
        &quot;Quickbase_Status&quot;: &quot;Completed&quot;,
        &quot;QBRecordID&quot;: 1942,
        &quot;Third_Party_Dependant_For_Conne&quot;: null,
        &quot;Latitude&quot;: -26.12170044,
        &quot;Longitude&quot;: 28.03072471
      }
    },
    {
      &quot;attributes&quot;: {
        &quot;Precincts&quot;: &quot;Witch-Hazel&quot;,
        &quot;Quickbase_Status&quot;: &quot;Completed&quot;,
        &quot;QBRecordID&quot;: 1276,
        &quot;Third_Party_Dependant_For_Conne&quot;: null,
        &quot;Latitude&quot;: -25.87352198,
        &quot;Longitude&quot;: 28.18347891
      }
    },
    {
      &quot;attributes&quot;: {
        &quot;Precincts&quot;: &quot;Witch-Hazel&quot;,
        &quot;Quickbase_Status&quot;: &quot;Completed&quot;,
        &quot;QBRecordID&quot;: 1728,
        &quot;Third_Party_Dependant_For_Conne&quot;: null,
        &quot;Latitude&quot;: -25.87506027,
        &quot;Longitude&quot;: 28.18180083
      }
    },
    {
      &quot;attributes&quot;: {
        &quot;Precincts&quot;: &quot;Witch-Hazel&quot;,
        &quot;Quickbase_Status&quot;: &quot;Completed&quot;,
        &quot;QBRecordID&quot;: 3905,
        &quot;Third_Party_Dependant_For_Conne&quot;: null,
        &quot;Latitude&quot;: -25.8744383,
        &quot;Longitude&quot;: 28.18206637
      }
    },
    {
      &quot;attributes&quot;: {
        &quot;Precincts&quot;: &quot;Witch-Hazel&quot;,
        &quot;Quickbase_Status&quot;: &quot;Completed&quot;,
        &quot;QBRecordID&quot;: 1253,
        &quot;Third_Party_Dependant_For_Conne&quot;: null,
        &quot;Latitude&quot;: -25.8710551,
        &quot;Longitude&quot;: 28.18805263
      }
    },
    {
      &quot;attributes&quot;: {
        &quot;Precincts&quot;: &quot;Tygervalley&quot;,
        &quot;Quickbase_Status&quot;: &quot;Completed&quot;,
        &quot;QBRecordID&quot;: 2605,
        &quot;Third_Party_Dependant_For_Conne&quot;: null,
        &quot;Latitude&quot;: -33.87872677,
        &quot;Longitude&quot;: 18.63453731
      }
    },
    {
      &quot;attributes&quot;: {
        &quot;Precincts&quot;: &quot;Witch-Hazel&quot;,
        &quot;Quickbase_Status&quot;: &quot;Completed&quot;,
        &quot;QBRecordID&quot;: 1254,
        &quot;Third_Party_Dependant_For_Conne&quot;: null,
        &quot;Latitude&quot;: -25.87079378,
        &quot;Longitude&quot;: 28.18731667
      }
    },
    {
      &quot;attributes&quot;: {
        &quot;Precincts&quot;: &quot;Tygervalley&quot;,
        &quot;Quickbase_Status&quot;: &quot;Completed&quot;,
        &quot;QBRecordID&quot;: 2594,
        &quot;Third_Party_Dependant_For_Conne&quot;: null,
        &quot;Latitude&quot;: -33.8775649,
        &quot;Longitude&quot;: 18.63538095
      }
    },
    {
      &quot;attributes&quot;: {
        &quot;Precincts&quot;: &quot;Westlake&quot;,
        &quot;Quickbase_Status&quot;: &quot;Completed&quot;,
        &quot;QBRecordID&quot;: 1806,
        &quot;Third_Party_Dependant_For_Conne&quot;: null,
        &quot;Latitude&quot;: -34.07732006,
        &quot;Longitude&quot;: 18.43494398
      }
    },
    {
      &quot;attributes&quot;: {
        &quot;Precincts&quot;: &quot;Westlake&quot;,
        &quot;Quickbase_Status&quot;: &quot;Completed&quot;,
        &quot;QBRecordID&quot;: 1228,
        &quot;Third_Party_Dependant_For_Conne&quot;: null,
        &quot;Latitude&quot;: -34.07678911,
        &quot;Longitude&quot;: 18.43775946
      }
    },
    {
      &quot;attributes&quot;: {
        &quot;Precincts&quot;: &quot;Rosebank Phase 2&quot;,
        &quot;Quickbase_Status&quot;: &quot;Completed&quot;,
        &quot;QBRecordID&quot;: 2986,
        &quot;Third_Party_Dependant_For_Conne&quot;: null,
        &quot;Latitude&quot;: -26.14604708,
        &quot;Longitude&quot;: 28.03718658
      }
    },
    {
      &quot;attributes&quot;: {
        &quot;Precincts&quot;: &quot;Rosebank Phase 2&quot;,
        &quot;Quickbase_Status&quot;: &quot;Completed&quot;,
        &quot;QBRecordID&quot;: 2969,
        &quot;Third_Party_Dependant_For_Conne&quot;: null,
        &quot;Latitude&quot;: -26.14595863,
        &quot;Longitude&quot;: 28.03738216
      }
    },
    {
      &quot;attributes&quot;: {
        &quot;Precincts&quot;: &quot;Westlake&quot;,
        &quot;Quickbase_Status&quot;: &quot;Completed&quot;,
        &quot;QBRecordID&quot;: 1230,
        &quot;Third_Party_Dependant_For_Conne&quot;: null,
        &quot;Latitude&quot;: -34.07835806,
        &quot;Longitude&quot;: 18.43774299
      }
    },
    {
      &quot;attributes&quot;: {
        &quot;Precincts&quot;: &quot;Westlake&quot;,
        &quot;Quickbase_Status&quot;: &quot;Completed&quot;,
        &quot;QBRecordID&quot;: 1819,
        &quot;Third_Party_Dependant_For_Conne&quot;: null,
        &quot;Latitude&quot;: -34.07847959,
        &quot;Longitude&quot;: 18.43796874
      }
    },
    {
      &quot;attributes&quot;: {
        &quot;Precincts&quot;: &quot;Rosebank Phase 2&quot;,
        &quot;Quickbase_Status&quot;: &quot;Completed&quot;,
        &quot;QBRecordID&quot;: 2939,
        &quot;Third_Party_Dependant_For_Conne&quot;: null,
        &quot;Latitude&quot;: -26.14625878,
        &quot;Longitude&quot;: 28.03614469
      }
    },
    {
      &quot;attributes&quot;: {
        &quot;Precincts&quot;: &quot;Rosebank Phase 2&quot;,
        &quot;Quickbase_Status&quot;: &quot;Completed&quot;,
        &quot;QBRecordID&quot;: 3829,
        &quot;Third_Party_Dependant_For_Conne&quot;: null,
        &quot;Latitude&quot;: -26.14616587,
        &quot;Longitude&quot;: 28.03668925
      }
    },
    {
      &quot;attributes&quot;: {
        &quot;Precincts&quot;: &quot;Westlake&quot;,
        &quot;Quickbase_Status&quot;: &quot;Completed&quot;,
        &quot;QBRecordID&quot;: 1236,
        &quot;Third_Party_Dependant_For_Conne&quot;: null,
        &quot;Latitude&quot;: -34.07885816,
        &quot;Longitude&quot;: 18.43901285
      }
    },
    {
      &quot;attributes&quot;: {
        &quot;Precincts&quot;: &quot;Westlake&quot;,
        &quot;Quickbase_Status&quot;: &quot;Completed&quot;,
        &quot;QBRecordID&quot;: 1237,
        &quot;Third_Party_Dependant_For_Conne&quot;: null,
        &quot;Latitude&quot;: -34.07902284,
        &quot;Longitude&quot;: 18.43889908
      }
    },
    {
      &quot;attributes&quot;: {
        &quot;Precincts&quot;: &quot;CPT CBD Phase 02&quot;,
        &quot;Quickbase_Status&quot;: &quot;Completed&quot;,
        &quot;QBRecordID&quot;: 3091,
        &quot;Third_Party_Dependant_For_Conne&quot;: null,
        &quot;Latitude&quot;: -33.91927171,
        &quot;Longitude&quot;: 18.43245044
      }
    },
    {
      &quot;attributes&quot;: {
        &quot;Precincts&quot;: &quot;Steenberg&quot;,
        &quot;Quickbase_Status&quot;: &quot;Completed&quot;,
        &quot;QBRecordID&quot;: 2531,
        &quot;Third_Party_Dependant_For_Conne&quot;: null,
        &quot;Latitude&quot;: -34.08030725,
        &quot;Longitude&quot;: 18.43337434
      }
    },
    {
      &quot;attributes&quot;: {
        &quot;Precincts&quot;: &quot;Steenberg&quot;,
        &quot;Quickbase_Status&quot;: &quot;Completed&quot;,
        &quot;QBRecordID&quot;: 2532,
        &quot;Third_Party_Dependant_For_Conne&quot;: null,
        &quot;Latitude&quot;: -34.0804347,
        &quot;Longitude&quot;: 18.43361971
      }
    },
    {
      &quot;attributes&quot;: {
        &quot;Precincts&quot;: &quot;Wierda Road&quot;,
        &quot;Quickbase_Status&quot;: &quot;Completed&quot;,
        &quot;QBRecordID&quot;: 612,
        &quot;Third_Party_Dependant_For_Conne&quot;: null,
        &quot;Latitude&quot;: -26.11310779,
        &quot;Longitude&quot;: 28.05654196
      }
    },
    {
      &quot;attributes&quot;: {
        &quot;Precincts&quot;: &quot;Wierda Road&quot;,
        &quot;Quickbase_Status&quot;: &quot;Completed&quot;,
        &quot;QBRecordID&quot;: 613,
        &quot;Third_Party_Dependant_For_Conne&quot;: null,
        &quot;Latitude&quot;: -26.11368177,
        &quot;Longitude&quot;: 28.05654604
      }
    },
    {
      &quot;attributes&quot;: {
        &quot;Precincts&quot;: &quot;Wierda Road&quot;,
        &quot;Quickbase_Status&quot;: &quot;Completed&quot;,
        &quot;QBRecordID&quot;: 902,
        &quot;Third_Party_Dependant_For_Conne&quot;: null,
        &quot;Latitude&quot;: -26.11385701,
        &quot;Longitude&quot;: 28.0594302
      }
    },
    {
      &quot;attributes&quot;: {
        &quot;Precincts&quot;: &quot;Capital Hill&quot;,
        &quot;Quickbase_Status&quot;: &quot;Completed&quot;,
        &quot;QBRecordID&quot;: 2411,
        &quot;Third_Party_Dependant_For_Conne&quot;: null,
        &quot;Latitude&quot;: -26.01305448,
        &quot;Longitude&quot;: 28.12831215
      }
    },
    {
      &quot;attributes&quot;: {
        &quot;Precincts&quot;: &quot;Wierda Road&quot;,
        &quot;Quickbase_Status&quot;: &quot;Completed&quot;,
        &quot;QBRecordID&quot;: 899,
        &quot;Third_Party_Dependant_For_Conne&quot;: null,
        &quot;Latitude&quot;: -26.11284485,
        &quot;Longitude&quot;: 28.05893192
      }
    },
    {
      &quot;attributes&quot;: {
        &quot;Precincts&quot;: &quot;Wierda Road&quot;,
        &quot;Quickbase_Status&quot;: &quot;Completed&quot;,
        &quot;QBRecordID&quot;: 350,
        &quot;Third_Party_Dependant_For_Conne&quot;: null,
        &quot;Latitude&quot;: -26.11243605,
        &quot;Longitude&quot;: 28.05874503
      }
    },
    {
      &quot;attributes&quot;: {
        &quot;Precincts&quot;: &quot;Peter Place&quot;,
        &quot;Quickbase_Status&quot;: &quot;Completed&quot;,
        &quot;QBRecordID&quot;: 706,
        &quot;Third_Party_Dependant_For_Conne&quot;: null,
        &quot;Latitude&quot;: -26.08247532,
        &quot;Longitude&quot;: 28.02228652
      }
    },
    {
      &quot;attributes&quot;: {
        &quot;Precincts&quot;: &quot;Peter Place&quot;,
        &quot;Quickbase_Status&quot;: &quot;Completed&quot;,
        &quot;QBRecordID&quot;: 692,
        &quot;Third_Party_Dependant_For_Conne&quot;: null,
        &quot;Latitude&quot;: -26.08178266,
        &quot;Longitude&quot;: 28.0160098
      }
    },
    {
      &quot;attributes&quot;: {
        &quot;Precincts&quot;: &quot;Centurion Gautrain Station&quot;,
        &quot;Quickbase_Status&quot;: &quot;Completed&quot;,
        &quot;QBRecordID&quot;: 2304,
        &quot;Third_Party_Dependant_For_Conne&quot;: null,
        &quot;Latitude&quot;: -25.85527416,
        &quot;Longitude&quot;: 28.19372186
      }
    },
    {
      &quot;attributes&quot;: {
        &quot;Precincts&quot;: &quot;Centurion Gautrain Station&quot;,
        &quot;Quickbase_Status&quot;: &quot;Completed&quot;,
        &quot;QBRecordID&quot;: 2307,
        &quot;Third_Party_Dependant_For_Conne&quot;: null,
        &quot;Latitude&quot;: -25.85500135,
        &quot;Longitude&quot;: 28.19482856
      }
    },
    {
      &quot;attributes&quot;: {
        &quot;Precincts&quot;: &quot;Centurion Gautrain Station&quot;,
        &quot;Quickbase_Status&quot;: &quot;Completed&quot;,
        &quot;QBRecordID&quot;: 2308,
        &quot;Third_Party_Dependant_For_Conne&quot;: null,
        &quot;Latitude&quot;: -25.85471098,
        &quot;Longitude&quot;: 28.1941654
      }
    },
    {
      &quot;attributes&quot;: {
        &quot;Precincts&quot;: &quot;Rivonia North&quot;,
        &quot;Quickbase_Status&quot;: &quot;Completed&quot;,
        &quot;QBRecordID&quot;: 1458,
        &quot;Third_Party_Dependant_For_Conne&quot;: null,
        &quot;Latitude&quot;: -26.04134744,
        &quot;Longitude&quot;: 28.05880738
      }
    },
    {
      &quot;attributes&quot;: {
        &quot;Precincts&quot;: &quot;Rivonia North&quot;,
        &quot;Quickbase_Status&quot;: &quot;Completed&quot;,
        &quot;QBRecordID&quot;: 446,
        &quot;Third_Party_Dependant_For_Conne&quot;: null,
        &quot;Latitude&quot;: -26.04158191,
        &quot;Longitude&quot;: 28.05907548
      }
    },
    {
      &quot;attributes&quot;: {
        &quot;Precincts&quot;: &quot;Rivonia North&quot;,
        &quot;Quickbase_Status&quot;: &quot;Completed&quot;,
        &quot;QBRecordID&quot;: 625,
        &quot;Third_Party_Dependant_For_Conne&quot;: null,
        &quot;Latitude&quot;: -26.03955995,
        &quot;Longitude&quot;: 28.05923965
      }
    },
    {
      &quot;attributes&quot;: {
        &quot;Precincts&quot;: &quot;Rivonia North&quot;,
        &quot;Quickbase_Status&quot;: &quot;Completed&quot;,
        &quot;QBRecordID&quot;: 626,
        &quot;Third_Party_Dependant_For_Conne&quot;: null,
        &quot;Latitude&quot;: -26.03950858,
        &quot;Longitude&quot;: 28.05876582
      }
    },
    {
      &quot;attributes&quot;: {
        &quot;Precincts&quot;: &quot;Rivonia North&quot;,
        &quot;Quickbase_Status&quot;: &quot;Completed&quot;,
        &quot;QBRecordID&quot;: 1415,
        &quot;Third_Party_Dependant_For_Conne&quot;: null,
        &quot;Latitude&quot;: -26.04251139,
        &quot;Longitude&quot;: 28.06062707
      }
    },
    {
      &quot;attributes&quot;: {
        &quot;Precincts&quot;: &quot;Rivonia North&quot;,
        &quot;Quickbase_Status&quot;: &quot;Completed&quot;,
        &quot;QBRecordID&quot;: 646,
        &quot;Third_Party_Dependant_For_Conne&quot;: null,
        &quot;Latitude&quot;: -26.04688433,
        &quot;Longitude&quot;: 28.05996118
      }
    },
    {
      &quot;attributes&quot;: {
        &quot;Precincts&quot;: &quot;Design Quarter&quot;,
        &quot;Quickbase_Status&quot;: &quot;Completed&quot;,
        &quot;QBRecordID&quot;: 2384,
        &quot;Third_Party_Dependant_For_Conne&quot;: null,
        &quot;Latitude&quot;: -26.03192109,
        &quot;Longitude&quot;: 28.01072051
      }
    },
    {
      &quot;attributes&quot;: {
        &quot;Precincts&quot;: &quot;Rivonia North&quot;,
        &quot;Quickbase_Status&quot;: &quot;Completed&quot;,
        &quot;QBRecordID&quot;: 398,
        &quot;Third_Party_Dependant_For_Conne&quot;: null,
        &quot;Latitude&quot;: -26.04339951,
        &quot;Longitude&quot;: 28.06038195
      }
    },
    {
      &quot;attributes&quot;: {
        &quot;Precincts&quot;: &quot;CPT CBD Phase 01&quot;,
        &quot;Quickbase_Status&quot;: &quot;Completed&quot;,
        &quot;QBRecordID&quot;: 3064,
        &quot;Third_Party_Dependant_For_Conne&quot;: null,
        &quot;Latitude&quot;: -33.91789801,
        &quot;Longitude&quot;: 18.42660495
      }
    },
    {
      &quot;attributes&quot;: {
        &quot;Precincts&quot;: &quot;CPT CBD Phase 01&quot;,
        &quot;Quickbase_Status&quot;: &quot;Completed&quot;,
        &quot;QBRecordID&quot;: 3066,
        &quot;Third_Party_Dependant_For_Conne&quot;: null,
        &quot;Latitude&quot;: -33.91772481,
        &quot;Longitude&quot;: 18.42631345
      }
    },
    {
      &quot;attributes&quot;: {
        &quot;Precincts&quot;: &quot;Umhlanga (Phase 3)&quot;,
        &quot;Quickbase_Status&quot;: &quot;Completed&quot;,
        &quot;QBRecordID&quot;: 4107,
        &quot;Third_Party_Dependant_For_Conne&quot;: null,
        &quot;Latitude&quot;: -29.74670513,
        &quot;Longitude&quot;: 31.0687895
      }
    },
    {
      &quot;attributes&quot;: {
        &quot;Precincts&quot;: &quot;Woodlands Office Park&quot;,
        &quot;Quickbase_Status&quot;: &quot;Completed&quot;,
        &quot;QBRecordID&quot;: 1678,
        &quot;Third_Party_Dependant_For_Conne&quot;: null,
        &quot;Latitude&quot;: -26.06383706,
        &quot;Longitude&quot;: 28.08246706
      }
    },
    {
      &quot;attributes&quot;: {
        &quot;Precincts&quot;: &quot;Woodlands Office Park&quot;,
        &quot;Quickbase_Status&quot;: &quot;Completed&quot;,
        &quot;QBRecordID&quot;: 1680,
        &quot;Third_Party_Dependant_For_Conne&quot;: null,
        &quot;Latitude&quot;: -26.06348033,
        &quot;Longitude&quot;: 28.08329115
      }
    },
    {
      &quot;attributes&quot;: {
        &quot;Precincts&quot;: &quot;Woodlands Office Park&quot;,
        &quot;Quickbase_Status&quot;: &quot;Completed&quot;,
        &quot;QBRecordID&quot;: 1637,
        &quot;Third_Party_Dependant_For_Conne&quot;: null,
        &quot;Latitude&quot;: -26.06154117,
        &quot;Longitude&quot;: 28.08566924
      }
    },
    {
      &quot;attributes&quot;: {
        &quot;Precincts&quot;: &quot;Woodlands Office Park&quot;,
        &quot;Quickbase_Status&quot;: &quot;Completed&quot;,
        &quot;QBRecordID&quot;: 1638,
        &quot;Third_Party_Dependant_For_Conne&quot;: null,
        &quot;Latitude&quot;: -26.06147139,
        &quot;Longitude&quot;: 28.08638272
      }
    },
    {
      &quot;attributes&quot;: {
        &quot;Precincts&quot;: &quot;Woodlands Office Park&quot;,
        &quot;Quickbase_Status&quot;: &quot;Completed&quot;,
        &quot;QBRecordID&quot;: 1639,
        &quot;Third_Party_Dependant_For_Conne&quot;: null,
        &quot;Latitude&quot;: -26.06181048,
        &quot;Longitude&quot;: 28.08787149
      }
    },
    {
      &quot;attributes&quot;: {
        &quot;Precincts&quot;: &quot;Hatfield (Phase 3)&quot;,
        &quot;Quickbase_Status&quot;: &quot;Completed&quot;,
        &quot;QBRecordID&quot;: 3480,
        &quot;Third_Party_Dependant_For_Conne&quot;: null,
        &quot;Latitude&quot;: -25.74288599,
        &quot;Longitude&quot;: 28.24610657
      }
    },
    {
      &quot;attributes&quot;: {
        &quot;Precincts&quot;: &quot;Hatfield (Phase 3)&quot;,
        &quot;Quickbase_Status&quot;: &quot;Completed&quot;,
        &quot;QBRecordID&quot;: 3482,
        &quot;Third_Party_Dependant_For_Conne&quot;: null,
        &quot;Latitude&quot;: -25.74342529,
        &quot;Longitude&quot;: 28.24473588
      }
    },
    {
      &quot;attributes&quot;: {
        &quot;Precincts&quot;: &quot;Central Park&quot;,
        &quot;Quickbase_Status&quot;: &quot;Completed&quot;,
        &quot;QBRecordID&quot;: 3965,
        &quot;Third_Party_Dependant_For_Conne&quot;: null,
        &quot;Latitude&quot;: -25.97666885,
        &quot;Longitude&quot;: 28.13255669
      }
    },
    {
      &quot;attributes&quot;: {
        &quot;Precincts&quot;: &quot;Katherine Extension&quot;,
        &quot;Quickbase_Status&quot;: &quot;Completed&quot;,
        &quot;QBRecordID&quot;: 4054,
        &quot;Third_Party_Dependant_For_Conne&quot;: null,
        &quot;Latitude&quot;: -26.10566076,
        &quot;Longitude&quot;: 28.06825667
      }
    },
    {
      &quot;attributes&quot;: {
        &quot;Precincts&quot;: &quot;Woodlands Office Park&quot;,
        &quot;Quickbase_Status&quot;: &quot;Completed&quot;,
        &quot;QBRecordID&quot;: 1652,
        &quot;Third_Party_Dependant_For_Conne&quot;: null,
        &quot;Latitude&quot;: -26.0580061,
        &quot;Longitude&quot;: 28.08539411
      }
    },
    {
      &quot;attributes&quot;: {
        &quot;Precincts&quot;: &quot;Sandton Phase 2&quot;,
        &quot;Quickbase_Status&quot;: &quot;Completed&quot;,
        &quot;QBRecordID&quot;: 4166,
        &quot;Third_Party_Dependant_For_Conne&quot;: null,
        &quot;Latitude&quot;: -26.10573779,
        &quot;Longitude&quot;: 28.05070296
      }
    },
    {
      &quot;attributes&quot;: {
        &quot;Precincts&quot;: &quot;Burnside Office Park&quot;,
        &quot;Quickbase_Status&quot;: &quot;Completed&quot;,
        &quot;QBRecordID&quot;: 3446,
        &quot;Third_Party_Dependant_For_Conne&quot;: null,
        &quot;Latitude&quot;: -26.11383122,
        &quot;Longitude&quot;: 28.022153
      }
    },
    {
      &quot;attributes&quot;: {
        &quot;Precincts&quot;: &quot;Burnside Office Park&quot;,
        &quot;Quickbase_Status&quot;: &quot;Completed&quot;,
        &quot;QBRecordID&quot;: 3447,
        &quot;Third_Party_Dependant_For_Conne&quot;: null,
        &quot;Latitude&quot;: -26.11409908,
        &quot;Longitude&quot;: 28.02195571
      }
    },
    {
      &quot;attributes&quot;: {
        &quot;Precincts&quot;: &quot;Bruma Lake&quot;,
        &quot;Quickbase_Status&quot;: &quot;Completed&quot;,
        &quot;QBRecordID&quot;: 957,
        &quot;Third_Party_Dependant_For_Conne&quot;: null,
        &quot;Latitude&quot;: -26.18105975,
        &quot;Longitude&quot;: 28.11115767
      }
    },
    {
      &quot;attributes&quot;: {
        &quot;Precincts&quot;: &quot;Bruma Lake&quot;,
        &quot;Quickbase_Status&quot;: &quot;Completed&quot;,
        &quot;QBRecordID&quot;: 971,
        &quot;Third_Party_Dependant_For_Conne&quot;: null,
        &quot;Latitude&quot;: -26.18250308,
        &quot;Longitude&quot;: 28.10738236
      }
    },
    {
      &quot;attributes&quot;: {
        &quot;Precincts&quot;: &quot;Bruma Lake&quot;,
        &quot;Quickbase_Status&quot;: &quot;Completed&quot;,
        &quot;QBRecordID&quot;: 1538,
        &quot;Third_Party_Dependant_For_Conne&quot;: null,
        &quot;Latitude&quot;: -26.18277269,
        &quot;Longitude&quot;: 28.10773322
      }
    },
    {
      &quot;attributes&quot;: {
        &quot;Precincts&quot;: &quot;Thornhill&quot;,
        &quot;Quickbase_Status&quot;: &quot;Completed&quot;,
        &quot;QBRecordID&quot;: 1190,
        &quot;Third_Party_Dependant_For_Conne&quot;: null,
        &quot;Latitude&quot;: -26.00957803,
        &quot;Longitude&quot;: 28.11146238
      }
    },
    {
      &quot;attributes&quot;: {
        &quot;Precincts&quot;: &quot;Thornhill&quot;,
        &quot;Quickbase_Status&quot;: &quot;Completed&quot;,
        &quot;QBRecordID&quot;: 1194,
        &quot;Third_Party_Dependant_For_Conne&quot;: null,
        &quot;Latitude&quot;: -26.00991305,
        &quot;Longitude&quot;: 28.11295117
      }
    },
    {
      &quot;attributes&quot;: {
        &quot;Precincts&quot;: &quot;Thornhill&quot;,
        &quot;Quickbase_Status&quot;: &quot;Completed&quot;,
        &quot;QBRecordID&quot;: 1195,
        &quot;Third_Party_Dependant_For_Conne&quot;: null,
        &quot;Latitude&quot;: -26.0095695,
        &quot;Longitude&quot;: 28.11240127
      }
    },
    {
      &quot;attributes&quot;: {
        &quot;Precincts&quot;: &quot;Thornhill&quot;,
        &quot;Quickbase_Status&quot;: &quot;Completed&quot;,
        &quot;QBRecordID&quot;: 1206,
        &quot;Third_Party_Dependant_For_Conne&quot;: null,
        &quot;Latitude&quot;: -26.0086249,
        &quot;Longitude&quot;: 28.11307147
      }
    },
    {
      &quot;attributes&quot;: {
        &quot;Precincts&quot;: &quot;Charles Crescent&quot;,
        &quot;Quickbase_Status&quot;: &quot;Completed&quot;,
        &quot;QBRecordID&quot;: 951,
        &quot;Third_Party_Dependant_For_Conne&quot;: null,
        &quot;Latitude&quot;: -26.0926698,
        &quot;Longitude&quot;: 28.084276
      }
    },
    {
      &quot;attributes&quot;: {
        &quot;Precincts&quot;: &quot;Central Street&quot;,
        &quot;Quickbase_Status&quot;: &quot;Completed&quot;,
        &quot;QBRecordID&quot;: 862,
        &quot;Third_Party_Dependant_For_Conne&quot;: null,
        &quot;Latitude&quot;: -26.1490393,
        &quot;Longitude&quot;: 28.05809093
      }
    },
    {
      &quot;attributes&quot;: {
        &quot;Precincts&quot;: &quot;Central Street&quot;,
        &quot;Quickbase_Status&quot;: &quot;Completed&quot;,
        &quot;QBRecordID&quot;: 4007,
        &quot;Third_Party_Dependant_For_Conne&quot;: null,
        &quot;Latitude&quot;: -26.1504093,
        &quot;Longitude&quot;: 28.05791145
      }
    },
    {
      &quot;attributes&quot;: {
        &quot;Precincts&quot;: &quot;Central Street&quot;,
        &quot;Quickbase_Status&quot;: &quot;Completed&quot;,
        &quot;QBRecordID&quot;: 1411,
        &quot;Third_Party_Dependant_For_Conne&quot;: null,
        &quot;Latitude&quot;: -26.1505726,
        &quot;Longitude&quot;: 28.05822279
      }
    },
    {
      &quot;attributes&quot;: {
        &quot;Precincts&quot;: &quot;Central Street&quot;,
        &quot;Quickbase_Status&quot;: &quot;Completed&quot;,
        &quot;QBRecordID&quot;: 2684,
        &quot;Third_Party_Dependant_For_Conne&quot;: null,
        &quot;Latitude&quot;: -26.15493599,
        &quot;Longitude&quot;: 28.05807828
      }
    },
    {
      &quot;attributes&quot;: {
        &quot;Precincts&quot;: &quot;Central Street&quot;,
        &quot;Quickbase_Status&quot;: &quot;Completed&quot;,
        &quot;QBRecordID&quot;: 857,
        &quot;Third_Party_Dependant_For_Conne&quot;: null,
        &quot;Latitude&quot;: -26.15540836,
        &quot;Longitude&quot;: 28.05782813
      }
    },
    {
      &quot;attributes&quot;: {
        &quot;Precincts&quot;: &quot;Central Street&quot;,
        &quot;Quickbase_Status&quot;: &quot;Completed&quot;,
        &quot;QBRecordID&quot;: 846,
        &quot;Third_Party_Dependant_For_Conne&quot;: null,
        &quot;Latitude&quot;: -26.15732793,
        &quot;Longitude&quot;: 28.05807753
      }
    },
    {
      &quot;attributes&quot;: {
        &quot;Precincts&quot;: &quot;Central Street&quot;,
        &quot;Quickbase_Status&quot;: &quot;Completed&quot;,
        &quot;QBRecordID&quot;: 839,
        &quot;Third_Party_Dependant_For_Conne&quot;: null,
        &quot;Latitude&quot;: -26.15799319,
        &quot;Longitude&quot;: 28.05795611
      }
    },
    {
      &quot;attributes&quot;: {
        &quot;Precincts&quot;: &quot;Central Street&quot;,
        &quot;Quickbase_Status&quot;: &quot;Completed&quot;,
        &quot;QBRecordID&quot;: 825,
        &quot;Third_Party_Dependant_For_Conne&quot;: null,
        &quot;Latitude&quot;: -26.17089185,
        &quot;Longitude&quot;: 28.05446515
      }
    },
    {
      &quot;attributes&quot;: {
        &quot;Precincts&quot;: &quot;Sandton Phase 2&quot;,
        &quot;Quickbase_Status&quot;: &quot;Completed&quot;,
        &quot;QBRecordID&quot;: 4043,
        &quot;Third_Party_Dependant_For_Conne&quot;: null,
        &quot;Latitude&quot;: -26.10476736,
        &quot;Longitude&quot;: 28.04894317
      }
    },
    {
      &quot;attributes&quot;: {
        &quot;Precincts&quot;: &quot;George Road&quot;,
        &quot;Quickbase_Status&quot;: &quot;Completed&quot;,
        &quot;QBRecordID&quot;: 1756,
        &quot;Third_Party_Dependant_For_Conne&quot;: null,
        &quot;Latitude&quot;: -25.96845961,
        &quot;Longitude&quot;: 28.13610863
      }
    },
    {
      &quot;attributes&quot;: {
        &quot;Precincts&quot;: &quot;George Road&quot;,
        &quot;Quickbase_Status&quot;: &quot;Completed&quot;,
        &quot;QBRecordID&quot;: 993,
        &quot;Third_Party_Dependant_For_Conne&quot;: null,
        &quot;Latitude&quot;: -25.96451538,
        &quot;Longitude&quot;: 28.1336306
      }
    },
    {
      &quot;attributes&quot;: {
        &quot;Precincts&quot;: &quot;George Road&quot;,
        &quot;Quickbase_Status&quot;: &quot;Completed&quot;,
        &quot;QBRecordID&quot;: 984,
        &quot;Third_Party_Dependant_For_Conne&quot;: null,
        &quot;Latitude&quot;: -25.96053156,
        &quot;Longitude&quot;: 28.13839739
      }
    },
    {
      &quot;attributes&quot;: {
        &quot;Precincts&quot;: &quot;George Road&quot;,
        &quot;Quickbase_Status&quot;: &quot;Completed&quot;,
        &quot;QBRecordID&quot;: 1364,
        &quot;Third_Party_Dependant_For_Conne&quot;: null,
        &quot;Latitude&quot;: -25.96265887,
        &quot;Longitude&quot;: 28.13578606
      }
    },
    {
      &quot;attributes&quot;: {
        &quot;Precincts&quot;: &quot;George Road&quot;,
        &quot;Quickbase_Status&quot;: &quot;Completed&quot;,
        &quot;QBRecordID&quot;: 1363,
        &quot;Third_Party_Dependant_For_Conne&quot;: null,
        &quot;Latitude&quot;: -25.96219998,
        &quot;Longitude&quot;: 28.13594839
      }
    },
    {
      &quot;attributes&quot;: {
        &quot;Precincts&quot;: &quot;George Road&quot;,
        &quot;Quickbase_Status&quot;: &quot;Completed&quot;,
        &quot;QBRecordID&quot;: 989,
        &quot;Third_Party_Dependant_For_Conne&quot;: null,
        &quot;Latitude&quot;: -25.96117319,
        &quot;Longitude&quot;: 28.13478513
      }
    },
    {
      &quot;attributes&quot;: {
        &quot;Precincts&quot;: &quot;George Road&quot;,
        &quot;Quickbase_Status&quot;: &quot;Completed&quot;,
        &quot;QBRecordID&quot;: 1005,
        &quot;Third_Party_Dependant_For_Conne&quot;: null,
        &quot;Latitude&quot;: -25.97114942,
        &quot;Longitude&quot;: 28.13283575
      }
    },
    {
      &quot;attributes&quot;: {
        &quot;Precincts&quot;: &quot;George Road&quot;,
        &quot;Quickbase_Status&quot;: &quot;Completed&quot;,
        &quot;QBRecordID&quot;: 1537,
        &quot;Third_Party_Dependant_For_Conne&quot;: null,
        &quot;Latitude&quot;: -25.97383476,
        &quot;Longitude&quot;: 28.1320436
      }
    },
    {
      &quot;attributes&quot;: {
        &quot;Precincts&quot;: &quot;Arden Grove&quot;,
        &quot;Quickbase_Status&quot;: &quot;Completed&quot;,
        &quot;QBRecordID&quot;: 1785,
        &quot;Third_Party_Dependant_For_Conne&quot;: null,
        &quot;Latitude&quot;: -33.86199714,
        &quot;Longitude&quot;: 18.51470471
      }
    },
    {
      &quot;attributes&quot;: {
        &quot;Precincts&quot;: &quot;Umhlanga (Phase 3)&quot;,
        &quot;Quickbase_Status&quot;: &quot;Completed&quot;,
        &quot;QBRecordID&quot;: 2782,
        &quot;Third_Party_Dependant_For_Conne&quot;: null,
        &quot;Latitude&quot;: -29.73604034,
        &quot;Longitude&quot;: 31.07072221
      }
    },
    {
      &quot;attributes&quot;: {
        &quot;Precincts&quot;: &quot;Umhlanga (Phase 3)&quot;,
        &quot;Quickbase_Status&quot;: &quot;Completed&quot;,
        &quot;QBRecordID&quot;: 2787,
        &quot;Third_Party_Dependant_For_Conne&quot;: null,
        &quot;Latitude&quot;: -29.73730434,
        &quot;Longitude&quot;: 31.07045847
      }
    },
    {
      &quot;attributes&quot;: {
        &quot;Precincts&quot;: &quot;Witch-Hazel&quot;,
        &quot;Quickbase_Status&quot;: &quot;Completed&quot;,
        &quot;QBRecordID&quot;: 1278,
        &quot;Third_Party_Dependant_For_Conne&quot;: null,
        &quot;Latitude&quot;: -25.87389277,
        &quot;Longitude&quot;: 28.18462778
      }
    },
    {
      &quot;attributes&quot;: {
        &quot;Precincts&quot;: &quot;Richards Drive&quot;,
        &quot;Quickbase_Status&quot;: &quot;Completed&quot;,
        &quot;QBRecordID&quot;: 2427,
        &quot;Third_Party_Dependant_For_Conne&quot;: null,
        &quot;Latitude&quot;: -26.01569504,
        &quot;Longitude&quot;: 28.12103238
      }
    },
    {
      &quot;attributes&quot;: {
        &quot;Precincts&quot;: &quot;Eaton&quot;,
        &quot;Quickbase_Status&quot;: &quot;Completed&quot;,
        &quot;QBRecordID&quot;: 206,
        &quot;Third_Party_Dependant_For_Conne&quot;: null,
        &quot;Latitude&quot;: -26.04644437,
        &quot;Longitude&quot;: 28.02049654
      }
    },
    {
      &quot;attributes&quot;: {
        &quot;Precincts&quot;: &quot;Girton&quot;,
        &quot;Quickbase_Status&quot;: &quot;Completed&quot;,
        &quot;QBRecordID&quot;: 803,
        &quot;Third_Party_Dependant_For_Conne&quot;: null,
        &quot;Latitude&quot;: -26.18374351,
        &quot;Longitude&quot;: 28.03821141
      }
    },
    {
      &quot;attributes&quot;: {
        &quot;Precincts&quot;: &quot;Girton&quot;,
        &quot;Quickbase_Status&quot;: &quot;Completed&quot;,
        &quot;QBRecordID&quot;: 819,
        &quot;Third_Party_Dependant_For_Conne&quot;: null,
        &quot;Latitude&quot;: -26.18428836,
        &quot;Longitude&quot;: 28.03515887
      }
    },
    {
      &quot;attributes&quot;: {
        &quot;Precincts&quot;: &quot;Girton&quot;,
        &quot;Quickbase_Status&quot;: &quot;Completed&quot;,
        &quot;QBRecordID&quot;: 916,
        &quot;Third_Party_Dependant_For_Conne&quot;: null,
        &quot;Latitude&quot;: -26.18366294,
        &quot;Longitude&quot;: 28.03375524
      }
    },
    {
      &quot;attributes&quot;: {
        &quot;Precincts&quot;: &quot;Oberon&quot;,
        &quot;Quickbase_Status&quot;: &quot;Completed&quot;,
        &quot;QBRecordID&quot;: 2322,
        &quot;Third_Party_Dependant_For_Conne&quot;: null,
        &quot;Latitude&quot;: -25.78251344,
        &quot;Longitude&quot;: 28.28863811
      }
    },
    {
      &quot;attributes&quot;: {
        &quot;Precincts&quot;: &quot;Oberon&quot;,
        &quot;Quickbase_Status&quot;: &quot;Completed&quot;,
        &quot;QBRecordID&quot;: 2323,
        &quot;Third_Party_Dependant_For_Conne&quot;: null,
        &quot;Latitude&quot;: -25.78254529,
        &quot;Longitude&quot;: 28.28925177
      }
    },
    {
      &quot;attributes&quot;: {
        &quot;Precincts&quot;: &quot;Scott Street&quot;,
        &quot;Quickbase_Status&quot;: &quot;Completed&quot;,
        &quot;QBRecordID&quot;: 1136,
        &quot;Third_Party_Dependant_For_Conne&quot;: null,
        &quot;Latitude&quot;: -26.129873,
        &quot;Longitude&quot;: 28.07259689
      }
    },
    {
      &quot;attributes&quot;: {
        &quot;Precincts&quot;: &quot;Scott Street&quot;,
        &quot;Quickbase_Status&quot;: &quot;Completed&quot;,
        &quot;QBRecordID&quot;: 1140,
        &quot;Third_Party_Dependant_For_Conne&quot;: null,
        &quot;Latitude&quot;: -26.13134643,
        &quot;Longitude&quot;: 28.07171866
      }
    },
    {
      &quot;attributes&quot;: {
        &quot;Precincts&quot;: &quot;Scott Street&quot;,
        &quot;Quickbase_Status&quot;: &quot;Completed&quot;,
        &quot;QBRecordID&quot;: 1144,
        &quot;Third_Party_Dependant_For_Conne&quot;: null,
        &quot;Latitude&quot;: -26.13294894,
        &quot;Longitude&quot;: 28.07115901
      }
    },
    {
      &quot;attributes&quot;: {
        &quot;Precincts&quot;: &quot;Scott Street&quot;,
        &quot;Quickbase_Status&quot;: &quot;Completed&quot;,
        &quot;QBRecordID&quot;: 1139,
        &quot;Third_Party_Dependant_For_Conne&quot;: null,
        &quot;Latitude&quot;: -26.13100211,
        &quot;Longitude&quot;: 28.071962
      }
    },
    {
      &quot;attributes&quot;: {
        &quot;Precincts&quot;: &quot;Scott Street&quot;,
        &quot;Quickbase_Status&quot;: &quot;Completed&quot;,
        &quot;QBRecordID&quot;: 2831,
        &quot;Third_Party_Dependant_For_Conne&quot;: null,
        &quot;Latitude&quot;: -26.13045192,
        &quot;Longitude&quot;: 28.07216637
      }
    },
    {
      &quot;attributes&quot;: {
        &quot;Precincts&quot;: &quot;Rosenpark&quot;,
        &quot;Quickbase_Status&quot;: &quot;Completed&quot;,
        &quot;QBRecordID&quot;: 2693,
        &quot;Third_Party_Dependant_For_Conne&quot;: null,
        &quot;Latitude&quot;: -33.86847221,
        &quot;Longitude&quot;: 18.64289377
      }
    },
    {
      &quot;attributes&quot;: {
        &quot;Precincts&quot;: &quot;Rosenpark&quot;,
        &quot;Quickbase_Status&quot;: &quot;Completed&quot;,
        &quot;QBRecordID&quot;: 3493,
        &quot;Third_Party_Dependant_For_Conne&quot;: null,
        &quot;Latitude&quot;: -33.86823607,
        &quot;Longitude&quot;: 18.64285271
      }
    },
    {
      &quot;attributes&quot;: {
        &quot;Precincts&quot;: &quot;Rosenpark&quot;,
        &quot;Quickbase_Status&quot;: &quot;Completed&quot;,
        &quot;QBRecordID&quot;: 2700,
        &quot;Third_Party_Dependant_For_Conne&quot;: null,
        &quot;Latitude&quot;: -33.86763441,
        &quot;Longitude&quot;: 18.64203281
      }
    },
    {
      &quot;attributes&quot;: {
        &quot;Precincts&quot;: &quot;CPT CBD Phase 01&quot;,
        &quot;Quickbase_Status&quot;: &quot;Completed&quot;,
        &quot;QBRecordID&quot;: 3059,
        &quot;Third_Party_Dependant_For_Conne&quot;: null,
        &quot;Latitude&quot;: -33.91779927,
        &quot;Longitude&quot;: 18.42370687
      }
    },
    {
      &quot;attributes&quot;: {
        &quot;Precincts&quot;: &quot;Sunninghill&quot;,
        &quot;Quickbase_Status&quot;: &quot;Completed&quot;,
        &quot;QBRecordID&quot;: 96457,
        &quot;Third_Party_Dependant_For_Conne&quot;: null,
        &quot;Latitude&quot;: -26.03493777,
        &quot;Longitude&quot;: 28.06308131
      }
    },
    {
      &quot;attributes&quot;: {
        &quot;Precincts&quot;: &quot;Sunninghill&quot;,
        &quot;Quickbase_Status&quot;: &quot;Completed&quot;,
        &quot;QBRecordID&quot;: 367,
        &quot;Third_Party_Dependant_For_Conne&quot;: null,
        &quot;Latitude&quot;: -26.03509603,
        &quot;Longitude&quot;: 28.0625719
      }
    },
    {
      &quot;attributes&quot;: {
        &quot;Precincts&quot;: &quot;Katherine Extension&quot;,
        &quot;Quickbase_Status&quot;: &quot;Completed&quot;,
        &quot;QBRecordID&quot;: 3052,
        &quot;Third_Party_Dependant_For_Conne&quot;: null,
        &quot;Latitude&quot;: -26.10583964,
        &quot;Longitude&quot;: 28.07151803
      }
    },
    {
      &quot;attributes&quot;: {
        &quot;Precincts&quot;: &quot;Sandton Phase 2&quot;,
        &quot;Quickbase_Status&quot;: &quot;Completed&quot;,
        &quot;QBRecordID&quot;: 4031,
        &quot;Third_Party_Dependant_For_Conne&quot;: null,
        &quot;Latitude&quot;: -26.10499765,
        &quot;Longitude&quot;: 28.05651543
      }
    },
    {
      &quot;attributes&quot;: {
        &quot;Precincts&quot;: &quot;Sandton Phase 2&quot;,
        &quot;Quickbase_Status&quot;: &quot;Completed&quot;,
        &quot;QBRecordID&quot;: 4028,
        &quot;Third_Party_Dependant_For_Conne&quot;: null,
        &quot;Latitude&quot;: -26.1038485,
        &quot;Longitude&quot;: 28.05652517
      }
    },
    {
      &quot;attributes&quot;: {
        &quot;Precincts&quot;: &quot;Sandton Phase 2&quot;,
        &quot;Quickbase_Status&quot;: &quot;Completed&quot;,
        &quot;QBRecordID&quot;: 4027,
        &quot;Third_Party_Dependant_For_Conne&quot;: null,
        &quot;Latitude&quot;: -26.10370271,
        &quot;Longitude&quot;: 28.05691201
      }
    },
    {
      &quot;attributes&quot;: {
        &quot;Precincts&quot;: &quot;Sandton Phase 1&quot;,
        &quot;Quickbase_Status&quot;: &quot;Completed&quot;,
        &quot;QBRecordID&quot;: 2904,
        &quot;Third_Party_Dependant_For_Conne&quot;: null,
        &quot;Latitude&quot;: -26.10311473,
        &quot;Longitude&quot;: 28.05587275
      }
    },
    {
      &quot;attributes&quot;: {
        &quot;Precincts&quot;: &quot;Sandton Phase 2&quot;,
        &quot;Quickbase_Status&quot;: &quot;Completed&quot;,
        &quot;QBRecordID&quot;: 2958,
        &quot;Third_Party_Dependant_For_Conne&quot;: null,
        &quot;Latitude&quot;: -26.10362827,
        &quot;Longitude&quot;: 28.05510878
      }
    },
    {
      &quot;attributes&quot;: {
        &quot;Precincts&quot;: &quot;Ashley Gardens&quot;,
        &quot;Quickbase_Status&quot;: &quot;Completed&quot;,
        &quot;QBRecordID&quot;: 3433,
        &quot;Third_Party_Dependant_For_Conne&quot;: null,
        &quot;Latitude&quot;: -25.78307131,
        &quot;Longitude&quot;: 28.26347092
      }
    },
    {
      &quot;attributes&quot;: {
        &quot;Precincts&quot;: &quot;Ashley Gardens&quot;,
        &quot;Quickbase_Status&quot;: &quot;Completed&quot;,
        &quot;QBRecordID&quot;: 2637,
        &quot;Third_Party_Dependant_For_Conne&quot;: null,
        &quot;Latitude&quot;: -25.78412523,
        &quot;Longitude&quot;: 28.26623997
      }
    },
    {
      &quot;attributes&quot;: {
        &quot;Precincts&quot;: &quot;Route 21 Office Park&quot;,
        &quot;Quickbase_Status&quot;: &quot;Completed&quot;,
        &quot;QBRecordID&quot;: 1949,
        &quot;Third_Party_Dependant_For_Conne&quot;: null,
        &quot;Latitude&quot;: -25.8627886,
        &quot;Longitude&quot;: 28.25862658
      }
    },
    {
      &quot;attributes&quot;: {
        &quot;Precincts&quot;: &quot;Route 21 Office Park&quot;,
        &quot;Quickbase_Status&quot;: &quot;Completed&quot;,
        &quot;QBRecordID&quot;: 1978,
        &quot;Third_Party_Dependant_For_Conne&quot;: null,
        &quot;Latitude&quot;: -25.86070313,
        &quot;Longitude&quot;: 28.25719703
      }
    },
    {
      &quot;attributes&quot;: {
        &quot;Precincts&quot;: &quot;Route 21 Office Park&quot;,
        &quot;Quickbase_Status&quot;: &quot;Completed&quot;,
        &quot;QBRecordID&quot;: 2094,
        &quot;Third_Party_Dependant_For_Conne&quot;: null,
        &quot;Latitude&quot;: -25.86350751,
        &quot;Longitude&quot;: 28.25760356
      }
    },
    {
      &quot;attributes&quot;: {
        &quot;Precincts&quot;: &quot;Route 21 Office Park&quot;,
        &quot;Quickbase_Status&quot;: &quot;Completed&quot;,
        &quot;QBRecordID&quot;: 2095,
        &quot;Third_Party_Dependant_For_Conne&quot;: null,
        &quot;Latitude&quot;: -25.86380639,
        &quot;Longitude&quot;: 28.25758031
      }
    },
    {
      &quot;attributes&quot;: {
        &quot;Precincts&quot;: &quot;Route 21 Office Park&quot;,
        &quot;Quickbase_Status&quot;: &quot;Completed&quot;,
        &quot;QBRecordID&quot;: 2100,
        &quot;Third_Party_Dependant_For_Conne&quot;: null,
        &quot;Latitude&quot;: -25.86478486,
        &quot;Longitude&quot;: 28.25817227
      }
    },
    {
      &quot;attributes&quot;: {
        &quot;Precincts&quot;: &quot;Bryanston Extension&quot;,
        &quot;Quickbase_Status&quot;: &quot;Completed&quot;,
        &quot;QBRecordID&quot;: 1918,
        &quot;Third_Party_Dependant_For_Conne&quot;: null,
        &quot;Latitude&quot;: -26.04986212,
        &quot;Longitude&quot;: 28.02028964
      }
    },
    {
      &quot;attributes&quot;: {
        &quot;Precincts&quot;: &quot;Central Park&quot;,
        &quot;Quickbase_Status&quot;: &quot;Completed&quot;,
        &quot;QBRecordID&quot;: 1484,
        &quot;Third_Party_Dependant_For_Conne&quot;: null,
        &quot;Latitude&quot;: -25.98004827,
        &quot;Longitude&quot;: 28.13273619
      }
    },
    {
      &quot;attributes&quot;: {
        &quot;Precincts&quot;: &quot;Central Park&quot;,
        &quot;Quickbase_Status&quot;: &quot;Completed&quot;,
        &quot;QBRecordID&quot;: 18366,
        &quot;Third_Party_Dependant_For_Conne&quot;: null,
        &quot;Latitude&quot;: -25.98021419,
        &quot;Longitude&quot;: 28.13102535
      }
    },
    {
      &quot;attributes&quot;: {
        &quot;Precincts&quot;: &quot;Morningside&quot;,
        &quot;Quickbase_Status&quot;: &quot;Completed&quot;,
        &quot;QBRecordID&quot;: 1403,
        &quot;Third_Party_Dependant_For_Conne&quot;: null,
        &quot;Latitude&quot;: -26.07745795,
        &quot;Longitude&quot;: 28.06468265
      }
    },
    {
      &quot;attributes&quot;: {
        &quot;Precincts&quot;: &quot;Morningside&quot;,
        &quot;Quickbase_Status&quot;: &quot;Completed&quot;,
        &quot;QBRecordID&quot;: 1149,
        &quot;Third_Party_Dependant_For_Conne&quot;: null,
        &quot;Latitude&quot;: -26.07444671,
        &quot;Longitude&quot;: 28.06570871
      }
    },
    {
      &quot;attributes&quot;: {
        &quot;Precincts&quot;: &quot;Morningside&quot;,
        &quot;Quickbase_Status&quot;: &quot;Completed&quot;,
        &quot;QBRecordID&quot;: 71048,
        &quot;Third_Party_Dependant_For_Conne&quot;: null,
        &quot;Latitude&quot;: -26.07409388,
        &quot;Longitude&quot;: 28.06570088
      }
    },
    {
      &quot;attributes&quot;: {
        &quot;Precincts&quot;: &quot;Morningside&quot;,
        &quot;Quickbase_Status&quot;: &quot;Completed&quot;,
        &quot;QBRecordID&quot;: 1153,
        &quot;Third_Party_Dependant_For_Conne&quot;: null,
        &quot;Latitude&quot;: -26.07967931,
        &quot;Longitude&quot;: 28.06347277
      }
    },
    {
      &quot;attributes&quot;: {
        &quot;Precincts&quot;: &quot;Lynnwood East&quot;,
        &quot;Quickbase_Status&quot;: &quot;Completed&quot;,
        &quot;QBRecordID&quot;: 3527,
        &quot;Third_Party_Dependant_For_Conne&quot;: null,
        &quot;Latitude&quot;: -25.76584758,
        &quot;Longitude&quot;: 28.28293454
      }
    },
    {
      &quot;attributes&quot;: {
        &quot;Precincts&quot;: &quot;Lynnwood East&quot;,
        &quot;Quickbase_Status&quot;: &quot;Completed&quot;,
        &quot;QBRecordID&quot;: 3525,
        &quot;Third_Party_Dependant_For_Conne&quot;: null,
        &quot;Latitude&quot;: -25.76461022,
        &quot;Longitude&quot;: 28.2793974
      }
    },
    {
      &quot;attributes&quot;: {
        &quot;Precincts&quot;: &quot;Tygervalley&quot;,
        &quot;Quickbase_Status&quot;: &quot;Completed&quot;,
        &quot;QBRecordID&quot;: 2586,
        &quot;Third_Party_Dependant_For_Conne&quot;: null,
        &quot;Latitude&quot;: -33.88094304,
        &quot;Longitude&quot;: 18.63481264
      }
    },
    {
      &quot;attributes&quot;: {
        &quot;Precincts&quot;: &quot;Westlake&quot;,
        &quot;Quickbase_Status&quot;: &quot;Completed&quot;,
        &quot;QBRecordID&quot;: 1225,
        &quot;Third_Party_Dependant_For_Conne&quot;: null,
        &quot;Latitude&quot;: -34.07773141,
        &quot;Longitude&quot;: 18.43642987
      }
    },
    {
      &quot;attributes&quot;: {
        &quot;Precincts&quot;: &quot;Westlake&quot;,
        &quot;Quickbase_Status&quot;: &quot;Completed&quot;,
        &quot;QBRecordID&quot;: 1238,
        &quot;Third_Party_Dependant_For_Conne&quot;: null,
        &quot;Latitude&quot;: -34.07770619,
        &quot;Longitude&quot;: 18.43610438
      }
    },
    {
      &quot;attributes&quot;: {
        &quot;Precincts&quot;: &quot;Wierda Road&quot;,
        &quot;Quickbase_Status&quot;: &quot;Completed&quot;,
        &quot;QBRecordID&quot;: 352,
        &quot;Third_Party_Dependant_For_Conne&quot;: null,
        &quot;Latitude&quot;: -26.11288467,
        &quot;Longitude&quot;: 28.05756163
      }
    },
    {
      &quot;attributes&quot;: {
        &quot;Precincts&quot;: &quot;Wierda Road&quot;,
        &quot;Quickbase_Status&quot;: &quot;Completed&quot;,
        &quot;QBRecordID&quot;: 907,
        &quot;Third_Party_Dependant_For_Conne&quot;: null,
        &quot;Latitude&quot;: -26.11502317,
        &quot;Longitude&quot;: 28.05602756
      }
    },
    {
      &quot;attributes&quot;: {
        &quot;Precincts&quot;: &quot;Wierda Road&quot;,
        &quot;Quickbase_Status&quot;: &quot;Completed&quot;,
        &quot;QBRecordID&quot;: 906,
        &quot;Third_Party_Dependant_For_Conne&quot;: null,
        &quot;Latitude&quot;: -26.11475127,
        &quot;Longitude&quot;: 28.05674265
      }
    },
    {
      &quot;attributes&quot;: {
        &quot;Precincts&quot;: &quot;Wierda Road&quot;,
        &quot;Quickbase_Status&quot;: &quot;Completed&quot;,
        &quot;QBRecordID&quot;: 344,
        &quot;Third_Party_Dependant_For_Conne&quot;: null,
        &quot;Latitude&quot;: -26.11213823,
        &quot;Longitude&quot;: 28.0600523
      }
    },
    {
      &quot;attributes&quot;: {
        &quot;Precincts&quot;: &quot;Wierda Road&quot;,
        &quot;Quickbase_Status&quot;: &quot;Completed&quot;,
        &quot;QBRecordID&quot;: 339,
        &quot;Third_Party_Dependant_For_Conne&quot;: null,
        &quot;Latitude&quot;: -26.1112249,
        &quot;Longitude&quot;: 28.06029519
      }
    },
    {
      &quot;attributes&quot;: {
        &quot;Precincts&quot;: &quot;Rivonia North&quot;,
        &quot;Quickbase_Status&quot;: &quot;Completed&quot;,
        &quot;QBRecordID&quot;: 4087,
        &quot;Third_Party_Dependant_For_Conne&quot;: null,
        &quot;Latitude&quot;: -26.04513742,
        &quot;Longitude&quot;: 28.06001734
      }
    },
    {
      &quot;attributes&quot;: {
        &quot;Precincts&quot;: &quot;Rivonia North&quot;,
        &quot;Quickbase_Status&quot;: &quot;Completed&quot;,
        &quot;QBRecordID&quot;: 408,
        &quot;Third_Party_Dependant_For_Conne&quot;: null,
        &quot;Latitude&quot;: -26.04299487,
        &quot;Longitude&quot;: 28.0596109
      }
    },
    {
      &quot;attributes&quot;: {
        &quot;Precincts&quot;: &quot;Sandton Phase 2&quot;,
        &quot;Quickbase_Status&quot;: &quot;Completed&quot;,
        &quot;QBRecordID&quot;: 2925,
        &quot;Third_Party_Dependant_For_Conne&quot;: null,
        &quot;Latitude&quot;: -26.10204627,
        &quot;Longitude&quot;: 28.04912094
      }
    },
    {
      &quot;attributes&quot;: {
        &quot;Precincts&quot;: &quot;Sandton Phase 2&quot;,
        &quot;Quickbase_Status&quot;: &quot;Completed&quot;,
        &quot;QBRecordID&quot;: 2926,
        &quot;Third_Party_Dependant_For_Conne&quot;: null,
        &quot;Latitude&quot;: -26.10245259,
        &quot;Longitude&quot;: 28.04867125
      }
    },
    {
      &quot;attributes&quot;: {
        &quot;Precincts&quot;: &quot;Rivonia North&quot;,
        &quot;Quickbase_Status&quot;: &quot;Completed&quot;,
        &quot;QBRecordID&quot;: 1418,
        &quot;Third_Party_Dependant_For_Conne&quot;: null,
        &quot;Latitude&quot;: -26.04151605,
        &quot;Longitude&quot;: 28.06078391
      }
    },
    {
      &quot;attributes&quot;: {
        &quot;Precincts&quot;: &quot;Rivonia North&quot;,
        &quot;Quickbase_Status&quot;: &quot;Completed&quot;,
        &quot;QBRecordID&quot;: 1421,
        &quot;Third_Party_Dependant_For_Conne&quot;: null,
        &quot;Latitude&quot;: -26.04120739,
        &quot;Longitude&quot;: 28.061388
      }
    },
    {
      &quot;attributes&quot;: {
        &quot;Precincts&quot;: &quot;Woodlands Office Park&quot;,
        &quot;Quickbase_Status&quot;: &quot;Completed&quot;,
        &quot;QBRecordID&quot;: 1685,
        &quot;Third_Party_Dependant_For_Conne&quot;: null,
        &quot;Latitude&quot;: -26.06379788,
        &quot;Longitude&quot;: 28.08200005
      }
    },
    {
      &quot;attributes&quot;: {
        &quot;Precincts&quot;: &quot;Woodlands Office Park&quot;,
        &quot;Quickbase_Status&quot;: &quot;Completed&quot;,
        &quot;QBRecordID&quot;: 1644,
        &quot;Third_Party_Dependant_For_Conne&quot;: null,
        &quot;Latitude&quot;: -26.05870539,
        &quot;Longitude&quot;: 28.08832201
      }
    },
    {
      &quot;attributes&quot;: {
        &quot;Precincts&quot;: &quot;Woodlands Office Park&quot;,
        &quot;Quickbase_Status&quot;: &quot;Completed&quot;,
        &quot;QBRecordID&quot;: 1645,
        &quot;Third_Party_Dependant_For_Conne&quot;: null,
        &quot;Latitude&quot;: -26.05967007,
        &quot;Longitude&quot;: 28.08766525
      }
    },
    {
      &quot;attributes&quot;: {
        &quot;Precincts&quot;: &quot;Burnside Office Park&quot;,
        &quot;Quickbase_Status&quot;: &quot;Completed&quot;,
        &quot;QBRecordID&quot;: 3010,
        &quot;Third_Party_Dependant_For_Conne&quot;: null,
        &quot;Latitude&quot;: -26.11295458,
        &quot;Longitude&quot;: 28.02058826
      }
    },
    {
      &quot;attributes&quot;: {
        &quot;Precincts&quot;: &quot;Thornhill&quot;,
        &quot;Quickbase_Status&quot;: &quot;Completed&quot;,
        &quot;QBRecordID&quot;: 18369,
        &quot;Third_Party_Dependant_For_Conne&quot;: null,
        &quot;Latitude&quot;: -26.01058292,
        &quot;Longitude&quot;: 28.11273673
      }
    },
    {
      &quot;attributes&quot;: {
        &quot;Precincts&quot;: &quot;Thornhill&quot;,
        &quot;Quickbase_Status&quot;: &quot;Completed&quot;,
        &quot;QBRecordID&quot;: 1183,
        &quot;Third_Party_Dependant_For_Conne&quot;: null,
        &quot;Latitude&quot;: -26.01014749,
        &quot;Longitude&quot;: 28.11255058
      }
    },
    {
      &quot;attributes&quot;: {
        &quot;Precincts&quot;: &quot;Thornhill&quot;,
        &quot;Quickbase_Status&quot;: &quot;Completed&quot;,
        &quot;QBRecordID&quot;: 1184,
        &quot;Third_Party_Dependant_For_Conne&quot;: null,
        &quot;Latitude&quot;: -26.01040154,
        &quot;Longitude&quot;: 28.11235758
      }
    },
    {
      &quot;attributes&quot;: {
        &quot;Precincts&quot;: &quot;Thornhill&quot;,
        &quot;Quickbase_Status&quot;: &quot;Completed&quot;,
        &quot;QBRecordID&quot;: 1199,
        &quot;Third_Party_Dependant_For_Conne&quot;: null,
        &quot;Latitude&quot;: -26.00903596,
        &quot;Longitude&quot;: 28.11230149
      }
    },
    {
      &quot;attributes&quot;: {
        &quot;Precincts&quot;: &quot;Charles Crescent&quot;,
        &quot;Quickbase_Status&quot;: &quot;Completed&quot;,
        &quot;QBRecordID&quot;: 1350,
        &quot;Third_Party_Dependant_For_Conne&quot;: null,
        &quot;Latitude&quot;: -26.09722039,
        &quot;Longitude&quot;: 28.08048754
      }
    },
    {
      &quot;attributes&quot;: {
        &quot;Precincts&quot;: &quot;Central Street&quot;,
        &quot;Quickbase_Status&quot;: &quot;Completed&quot;,
        &quot;QBRecordID&quot;: 70460,
        &quot;Third_Party_Dependant_For_Conne&quot;: null,
        &quot;Latitude&quot;: -26.16809389,
        &quot;Longitude&quot;: 28.0555867
      }
    },
    {
      &quot;attributes&quot;: {
        &quot;Precincts&quot;: &quot;George Road&quot;,
        &quot;Quickbase_Status&quot;: &quot;Completed&quot;,
        &quot;QBRecordID&quot;: 6765,
        &quot;Third_Party_Dependant_For_Conne&quot;: null,
        &quot;Latitude&quot;: -25.9659816,
        &quot;Longitude&quot;: 28.13169588
      }
    },
    {
      &quot;attributes&quot;: {
        &quot;Precincts&quot;: &quot;George Road&quot;,
        &quot;Quickbase_Status&quot;: &quot;Completed&quot;,
        &quot;QBRecordID&quot;: 1360,
        &quot;Third_Party_Dependant_For_Conne&quot;: null,
        &quot;Latitude&quot;: -25.96280381,
        &quot;Longitude&quot;: 28.13445425
      }
    },
    {
      &quot;attributes&quot;: {
        &quot;Precincts&quot;: &quot;George Road&quot;,
        &quot;Quickbase_Status&quot;: &quot;Completed&quot;,
        &quot;QBRecordID&quot;: 1359,
        &quot;Third_Party_Dependant_For_Conne&quot;: null,
        &quot;Latitude&quot;: -25.9632861,
        &quot;Longitude&quot;: 28.13428959
      }
    },
    {
      &quot;attributes&quot;: {
        &quot;Precincts&quot;: &quot;George Road&quot;,
        &quot;Quickbase_Status&quot;: &quot;Completed&quot;,
        &quot;QBRecordID&quot;: 1771,
        &quot;Third_Party_Dependant_For_Conne&quot;: null,
        &quot;Latitude&quot;: -25.97421022,
        &quot;Longitude&quot;: 28.1338826
      }
    },
    {
      &quot;attributes&quot;: {
        &quot;Precincts&quot;: &quot;Hyde Park&quot;,
        &quot;Quickbase_Status&quot;: &quot;Completed&quot;,
        &quot;QBRecordID&quot;: 1927,
        &quot;Third_Party_Dependant_For_Conne&quot;: null,
        &quot;Latitude&quot;: -26.11867525,
        &quot;Longitude&quot;: 28.03157782
      }
    },
    {
      &quot;attributes&quot;: {
        &quot;Precincts&quot;: &quot;Hyde Park&quot;,
        &quot;Quickbase_Status&quot;: &quot;Completed&quot;,
        &quot;QBRecordID&quot;: 1934,
        &quot;Third_Party_Dependant_For_Conne&quot;: null,
        &quot;Latitude&quot;: -26.11808289,
        &quot;Longitude&quot;: 28.03269145
      }
    },
    {
      &quot;attributes&quot;: {
        &quot;Precincts&quot;: &quot;Rosebank Phase 1&quot;,
        &quot;Quickbase_Status&quot;: &quot;Completed&quot;,
        &quot;QBRecordID&quot;: 2859,
        &quot;Third_Party_Dependant_For_Conne&quot;: null,
        &quot;Latitude&quot;: -26.14350544,
        &quot;Longitude&quot;: 28.03687593
      }
    },
    {
      &quot;attributes&quot;: {
        &quot;Precincts&quot;: &quot;Hyde Park&quot;,
        &quot;Quickbase_Status&quot;: &quot;Completed&quot;,
        &quot;QBRecordID&quot;: 1930,
        &quot;Third_Party_Dependant_For_Conne&quot;: null,
        &quot;Latitude&quot;: -26.11566037,
        &quot;Longitude&quot;: 28.03153285
      }
    },
    {
      &quot;attributes&quot;: {
        &quot;Precincts&quot;: &quot;Hyde Park&quot;,
        &quot;Quickbase_Status&quot;: &quot;Completed&quot;,
        &quot;QBRecordID&quot;: 2670,
        &quot;Third_Party_Dependant_For_Conne&quot;: null,
        &quot;Latitude&quot;: -26.11624781,
        &quot;Longitude&quot;: 28.03126775
      }
    },
    {
      &quot;attributes&quot;: {
        &quot;Precincts&quot;: &quot;Witch-Hazel&quot;,
        &quot;Quickbase_Status&quot;: &quot;Completed&quot;,
        &quot;QBRecordID&quot;: 1268,
        &quot;Third_Party_Dependant_For_Conne&quot;: null,
        &quot;Latitude&quot;: -25.87375266,
        &quot;Longitude&quot;: 28.18160058
      }
    },
    {
      &quot;attributes&quot;: {
        &quot;Precincts&quot;: &quot;Kent&quot;,
        &quot;Quickbase_Status&quot;: &quot;Completed&quot;,
        &quot;QBRecordID&quot;: 724,
        &quot;Third_Party_Dependant_For_Conne&quot;: null,
        &quot;Latitude&quot;: -26.0931965,
        &quot;Longitude&quot;: 27.99877115
      }
    },
    {
      &quot;attributes&quot;: {
        &quot;Precincts&quot;: &quot;Kent&quot;,
        &quot;Quickbase_Status&quot;: &quot;Completed&quot;,
        &quot;QBRecordID&quot;: 740,
        &quot;Third_Party_Dependant_For_Conne&quot;: null,
        &quot;Latitude&quot;: -26.0999676,
        &quot;Longitude&quot;: 27.9979808
      }
    },
    {
      &quot;attributes&quot;: {
        &quot;Precincts&quot;: &quot;Kent&quot;,
        &quot;Quickbase_Status&quot;: &quot;Completed&quot;,
        &quot;QBRecordID&quot;: 741,
        &quot;Third_Party_Dependant_For_Conne&quot;: null,
        &quot;Latitude&quot;: -26.10002128,
        &quot;Longitude&quot;: 27.99838551
      }
    },
    {
      &quot;attributes&quot;: {
        &quot;Precincts&quot;: &quot;Kent&quot;,
        &quot;Quickbase_Status&quot;: &quot;Completed&quot;,
        &quot;QBRecordID&quot;: 742,
        &quot;Third_Party_Dependant_For_Conne&quot;: null,
        &quot;Latitude&quot;: -26.10011168,
        &quot;Longitude&quot;: 27.99742844
      }
    },
    {
      &quot;attributes&quot;: {
        &quot;Precincts&quot;: &quot;Central Park&quot;,
        &quot;Quickbase_Status&quot;: &quot;Completed&quot;,
        &quot;QBRecordID&quot;: 1521,
        &quot;Third_Party_Dependant_For_Conne&quot;: null,
        &quot;Latitude&quot;: -25.97705386,
        &quot;Longitude&quot;: 28.13308872
      }
    },
    {
      &quot;attributes&quot;: {
        &quot;Precincts&quot;: &quot;Central Park&quot;,
        &quot;Quickbase_Status&quot;: &quot;Completed&quot;,
        &quot;QBRecordID&quot;: 1479,
        &quot;Third_Party_Dependant_For_Conne&quot;: null,
        &quot;Latitude&quot;: -25.98073588,
        &quot;Longitude&quot;: 28.1312518
      }
    },
    {
      &quot;attributes&quot;: {
        &quot;Precincts&quot;: &quot;Kent&quot;,
        &quot;Quickbase_Status&quot;: &quot;Completed&quot;,
        &quot;QBRecordID&quot;: 726,
        &quot;Third_Party_Dependant_For_Conne&quot;: null,
        &quot;Latitude&quot;: -26.09331919,
        &quot;Longitude&quot;: 27.99992251
      }
    },
    {
      &quot;attributes&quot;: {
        &quot;Precincts&quot;: &quot;Bryanston Extension&quot;,
        &quot;Quickbase_Status&quot;: &quot;Completed&quot;,
        &quot;QBRecordID&quot;: 1890,
        &quot;Third_Party_Dependant_For_Conne&quot;: null,
        &quot;Latitude&quot;: -26.04272391,
        &quot;Longitude&quot;: 28.01311205
      }
    },
    {
      &quot;attributes&quot;: {
        &quot;Precincts&quot;: &quot;Bryanston Extension&quot;,
        &quot;Quickbase_Status&quot;: &quot;Completed&quot;,
        &quot;QBRecordID&quot;: 1891,
        &quot;Third_Party_Dependant_For_Conne&quot;: null,
        &quot;Latitude&quot;: -26.04345861,
        &quot;Longitude&quot;: 28.01266957
      }
    },
    {
      &quot;attributes&quot;: {
        &quot;Precincts&quot;: &quot;Bryanston Extension&quot;,
        &quot;Quickbase_Status&quot;: &quot;Completed&quot;,
        &quot;QBRecordID&quot;: 1874,
        &quot;Third_Party_Dependant_For_Conne&quot;: null,
        &quot;Latitude&quot;: -26.04483551,
        &quot;Longitude&quot;: 28.02007827
      }
    },
    {
      &quot;attributes&quot;: {
        &quot;Precincts&quot;: &quot;Bryanston Extension&quot;,
        &quot;Quickbase_Status&quot;: &quot;Completed&quot;,
        &quot;QBRecordID&quot;: 1875,
        &quot;Third_Party_Dependant_For_Conne&quot;: null,
        &quot;Latitude&quot;: -26.04344398,
        &quot;Longitude&quot;: 28.01807662
      }
    },
    {
      &quot;attributes&quot;: {
        &quot;Precincts&quot;: &quot;Bryanston Extension&quot;,
        &quot;Quickbase_Status&quot;: &quot;Completed&quot;,
        &quot;QBRecordID&quot;: 1885,
        &quot;Third_Party_Dependant_For_Conne&quot;: null,
        &quot;Latitude&quot;: -26.04885588,
        &quot;Longitude&quot;: 28.02008276
      }
    },
    {
      &quot;attributes&quot;: {
        &quot;Precincts&quot;: &quot;Rivonia North&quot;,
        &quot;Quickbase_Status&quot;: &quot;Completed&quot;,
        &quot;QBRecordID&quot;: 623,
        &quot;Third_Party_Dependant_For_Conne&quot;: null,
        &quot;Latitude&quot;: -26.04014552,
        &quot;Longitude&quot;: 28.05833065
      }
    },
    {
      &quot;attributes&quot;: {
        &quot;Precincts&quot;: &quot;Rivonia North&quot;,
        &quot;Quickbase_Status&quot;: &quot;Completed&quot;,
        &quot;QBRecordID&quot;: 448,
        &quot;Third_Party_Dependant_For_Conne&quot;: null,
        &quot;Latitude&quot;: -26.03972485,
        &quot;Longitude&quot;: 28.05840656
      }
    },
    {
      &quot;attributes&quot;: {
        &quot;Precincts&quot;: &quot;Morningside&quot;,
        &quot;Quickbase_Status&quot;: &quot;Completed&quot;,
        &quot;QBRecordID&quot;: 1152,
        &quot;Third_Party_Dependant_For_Conne&quot;: null,
        &quot;Latitude&quot;: -26.07788601,
        &quot;Longitude&quot;: 28.06449665
      }
    },
    {
      &quot;attributes&quot;: {
        &quot;Precincts&quot;: &quot;Morningside&quot;,
        &quot;Quickbase_Status&quot;: &quot;Completed&quot;,
        &quot;QBRecordID&quot;: 1408,
        &quot;Third_Party_Dependant_For_Conne&quot;: null,
        &quot;Latitude&quot;: -26.07874042,
        &quot;Longitude&quot;: 28.0642766
      }
    },
    {
      &quot;attributes&quot;: {
        &quot;Precincts&quot;: &quot;Arden Grove&quot;,
        &quot;Quickbase_Status&quot;: &quot;Completed&quot;,
        &quot;QBRecordID&quot;: 1598,
        &quot;Third_Party_Dependant_For_Conne&quot;: null,
        &quot;Latitude&quot;: -33.86631822,
        &quot;Longitude&quot;: 18.51205694
      }
    },
    {
      &quot;attributes&quot;: {
        &quot;Precincts&quot;: &quot;Lynnwood East&quot;,
        &quot;Quickbase_Status&quot;: &quot;Completed&quot;,
        &quot;QBRecordID&quot;: 3878,
        &quot;Third_Party_Dependant_For_Conne&quot;: null,
        &quot;Latitude&quot;: -25.76683328,
        &quot;Longitude&quot;: 28.28281875
      }
    },
    {
      &quot;attributes&quot;: {
        &quot;Precincts&quot;: &quot;Sandton Phase 3&quot;,
        &quot;Quickbase_Status&quot;: &quot;Completed&quot;,
        &quot;QBRecordID&quot;: 4036,
        &quot;Third_Party_Dependant_For_Conne&quot;: null,
        &quot;Latitude&quot;: -26.1112281,
        &quot;Longitude&quot;: 28.05414862
      }
    },
    {
      &quot;attributes&quot;: {
        &quot;Precincts&quot;: &quot;CPT CBD Phase 01&quot;,
        &quot;Quickbase_Status&quot;: &quot;Completed&quot;,
        &quot;QBRecordID&quot;: 3054,
        &quot;Third_Party_Dependant_For_Conne&quot;: null,
        &quot;Latitude&quot;: -33.91566503,
        &quot;Longitude&quot;: 18.42466137
      }
    },
    {
      &quot;attributes&quot;: {
        &quot;Precincts&quot;: &quot;Sandton Phase 3&quot;,
        &quot;Quickbase_Status&quot;: &quot;Completed&quot;,
        &quot;QBRecordID&quot;: 2947,
        &quot;Third_Party_Dependant_For_Conne&quot;: null,
        &quot;Latitude&quot;: -26.10596958,
        &quot;Longitude&quot;: 28.0549988
      }
    },
    {
      &quot;attributes&quot;: {
        &quot;Precincts&quot;: &quot;Witch-Hazel&quot;,
        &quot;Quickbase_Status&quot;: &quot;Completed&quot;,
        &quot;QBRecordID&quot;: 1670,
        &quot;Third_Party_Dependant_For_Conne&quot;: null,
        &quot;Latitude&quot;: -25.87272731,
        &quot;Longitude&quot;: 28.18602458
      }
    },
    {
      &quot;attributes&quot;: {
        &quot;Precincts&quot;: &quot;Tygervalley&quot;,
        &quot;Quickbase_Status&quot;: &quot;Completed&quot;,
        &quot;QBRecordID&quot;: 2560,
        &quot;Third_Party_Dependant_For_Conne&quot;: null,
        &quot;Latitude&quot;: -33.87979836,
        &quot;Longitude&quot;: 18.63611343
      }
    },
    {
      &quot;attributes&quot;: {
        &quot;Precincts&quot;: &quot;Tygervalley&quot;,
        &quot;Quickbase_Status&quot;: &quot;Completed&quot;,
        &quot;QBRecordID&quot;: 3804,
        &quot;Third_Party_Dependant_For_Conne&quot;: null,
        &quot;Latitude&quot;: -33.87961066,
        &quot;Longitude&quot;: 18.63617644
      }
    },
    {
      &quot;attributes&quot;: {
        &quot;Precincts&quot;: &quot;Tygervalley&quot;,
        &quot;Quickbase_Status&quot;: &quot;Completed&quot;,
        &quot;QBRecordID&quot;: 2585,
        &quot;Third_Party_Dependant_For_Conne&quot;: null,
        &quot;Latitude&quot;: -33.87929718,
        &quot;Longitude&quot;: 18.6362512
      }
    },
    {
      &quot;attributes&quot;: {
        &quot;Precincts&quot;: &quot;Tygervalley&quot;,
        &quot;Quickbase_Status&quot;: &quot;Completed&quot;,
        &quot;QBRecordID&quot;: 2571,
        &quot;Third_Party_Dependant_For_Conne&quot;: null,
        &quot;Latitude&quot;: -33.88055202,
        &quot;Longitude&quot;: 18.63703908
      }
    },
    {
      &quot;attributes&quot;: {
        &quot;Precincts&quot;: &quot;Tygervalley&quot;,
        &quot;Quickbase_Status&quot;: &quot;Completed&quot;,
        &quot;QBRecordID&quot;: 2587,
        &quot;Third_Party_Dependant_For_Conne&quot;: null,
        &quot;Latitude&quot;: -33.87709445,
        &quot;Longitude&quot;: 18.63436624
      }
    },
    {
      &quot;attributes&quot;: {
        &quot;Precincts&quot;: &quot;Westlake&quot;,
        &quot;Quickbase_Status&quot;: &quot;Completed&quot;,
        &quot;QBRecordID&quot;: 1813,
        &quot;Third_Party_Dependant_For_Conne&quot;: null,
        &quot;Latitude&quot;: -34.07933,
        &quot;Longitude&quot;: 18.43864394
      }
    },
    {
      &quot;attributes&quot;: {
        &quot;Precincts&quot;: &quot;Westlake&quot;,
        &quot;Quickbase_Status&quot;: &quot;Completed&quot;,
        &quot;QBRecordID&quot;: 69393,
        &quot;Third_Party_Dependant_For_Conne&quot;: null,
        &quot;Latitude&quot;: -34.07728605,
        &quot;Longitude&quot;: 18.43579113
      }
    },
    {
      &quot;attributes&quot;: {
        &quot;Precincts&quot;: &quot;Westlake&quot;,
        &quot;Quickbase_Status&quot;: &quot;Completed&quot;,
        &quot;QBRecordID&quot;: 1798,
        &quot;Third_Party_Dependant_For_Conne&quot;: null,
        &quot;Latitude&quot;: -34.0771053,
        &quot;Longitude&quot;: 18.4375535
      }
    },
    {
      &quot;attributes&quot;: {
        &quot;Precincts&quot;: &quot;Westlake&quot;,
        &quot;Quickbase_Status&quot;: &quot;Completed&quot;,
        &quot;QBRecordID&quot;: 1247,
        &quot;Third_Party_Dependant_For_Conne&quot;: null,
        &quot;Latitude&quot;: -34.08035469,
        &quot;Longitude&quot;: 18.43948575
      }
    },
    {
      &quot;attributes&quot;: {
        &quot;Precincts&quot;: &quot;Westlake&quot;,
        &quot;Quickbase_Status&quot;: &quot;Completed&quot;,
        &quot;QBRecordID&quot;: 73156,
        &quot;Third_Party_Dependant_For_Conne&quot;: null,
        &quot;Latitude&quot;: -34.08068011,
        &quot;Longitude&quot;: 18.43958417
      }
    },
    {
      &quot;attributes&quot;: {
        &quot;Precincts&quot;: &quot;Westlake&quot;,
        &quot;Quickbase_Status&quot;: &quot;Completed&quot;,
        &quot;QBRecordID&quot;: 1799,
        &quot;Third_Party_Dependant_For_Conne&quot;: null,
        &quot;Latitude&quot;: -34.07921457,
        &quot;Longitude&quot;: 18.44105132
      }
    },
    {
      &quot;attributes&quot;: {
        &quot;Precincts&quot;: &quot;Westlake&quot;,
        &quot;Quickbase_Status&quot;: &quot;Completed&quot;,
        &quot;QBRecordID&quot;: 1824,
        &quot;Third_Party_Dependant_For_Conne&quot;: null,
        &quot;Latitude&quot;: -34.07881178,
        &quot;Longitude&quot;: 18.43621465
      }
    },
    {
      &quot;attributes&quot;: {
        &quot;Precincts&quot;: &quot;Rosebank Phase 2&quot;,
        &quot;Quickbase_Status&quot;: &quot;Completed&quot;,
        &quot;QBRecordID&quot;: 3998,
        &quot;Third_Party_Dependant_For_Conne&quot;: null,
        &quot;Latitude&quot;: -26.14609376,
        &quot;Longitude&quot;: 28.04004412
      }
    },
    {
      &quot;attributes&quot;: {
        &quot;Precincts&quot;: &quot;Rosebank Phase 2&quot;,
        &quot;Quickbase_Status&quot;: &quot;Completed&quot;,
        &quot;QBRecordID&quot;: 3398,
        &quot;Third_Party_Dependant_For_Conne&quot;: null,
        &quot;Latitude&quot;: -26.14776416,
        &quot;Longitude&quot;: 28.04031884
      }
    },
    {
      &quot;attributes&quot;: {
        &quot;Precincts&quot;: &quot;Steenberg&quot;,
        &quot;Quickbase_Status&quot;: &quot;Completed&quot;,
        &quot;QBRecordID&quot;: 2534,
        &quot;Third_Party_Dependant_For_Conne&quot;: null,
        &quot;Latitude&quot;: -34.08082729,
        &quot;Longitude&quot;: 18.43361242
      }
    },
    {
      &quot;attributes&quot;: {
        &quot;Precincts&quot;: &quot;Wierda Road&quot;,
        &quot;Quickbase_Status&quot;: &quot;Completed&quot;,
        &quot;QBRecordID&quot;: 607,
        &quot;Third_Party_Dependant_For_Conne&quot;: null,
        &quot;Latitude&quot;: -26.11411601,
        &quot;Longitude&quot;: 28.05543353
      }
    },
    {
      &quot;attributes&quot;: {
        &quot;Precincts&quot;: &quot;Capital Hill&quot;,
        &quot;Quickbase_Status&quot;: &quot;Completed&quot;,
        &quot;QBRecordID&quot;: 2398,
        &quot;Third_Party_Dependant_For_Conne&quot;: null,
        &quot;Latitude&quot;: -26.01222515,
        &quot;Longitude&quot;: 28.12601621
      }
    },
    {
      &quot;attributes&quot;: {
        &quot;Precincts&quot;: &quot;Wierda Road&quot;,
        &quot;Quickbase_Status&quot;: &quot;Completed&quot;,
        &quot;QBRecordID&quot;: 341,
        &quot;Third_Party_Dependant_For_Conne&quot;: null,
        &quot;Latitude&quot;: -26.1102076,
        &quot;Longitude&quot;: 28.05878269
      }
    },
    {
      &quot;attributes&quot;: {
        &quot;Precincts&quot;: &quot;Peter Place&quot;,
        &quot;Quickbase_Status&quot;: &quot;Completed&quot;,
        &quot;QBRecordID&quot;: 691,
        &quot;Third_Party_Dependant_For_Conne&quot;: null,
        &quot;Latitude&quot;: -26.08149148,
        &quot;Longitude&quot;: 28.01611874
      }
    },
    {
      &quot;attributes&quot;: {
        &quot;Precincts&quot;: &quot;Peter Place&quot;,
        &quot;Quickbase_Status&quot;: &quot;Completed&quot;,
        &quot;QBRecordID&quot;: 696,
        &quot;Third_Party_Dependant_For_Conne&quot;: null,
        &quot;Latitude&quot;: -26.08254688,
        &quot;Longitude&quot;: 28.01854698
      }
    },
    {
      &quot;attributes&quot;: {
        &quot;Precincts&quot;: &quot;Peter Place&quot;,
        &quot;Quickbase_Status&quot;: &quot;Completed&quot;,
        &quot;QBRecordID&quot;: 404,
        &quot;Third_Party_Dependant_For_Conne&quot;: null,
        &quot;Latitude&quot;: -26.08096793,
        &quot;Longitude&quot;: 28.01997187
      }
    },
    {
      &quot;attributes&quot;: {
        &quot;Precincts&quot;: &quot;Rivonia North&quot;,
        &quot;Quickbase_Status&quot;: &quot;Completed&quot;,
        &quot;QBRecordID&quot;: 621,
        &quot;Third_Party_Dependant_For_Conne&quot;: null,
        &quot;Latitude&quot;: -26.04195522,
        &quot;Longitude&quot;: 28.05865787
      }
    },
    {
      &quot;attributes&quot;: {
        &quot;Precincts&quot;: &quot;Rivonia North&quot;,
        &quot;Quickbase_Status&quot;: &quot;Completed&quot;,
        &quot;QBRecordID&quot;: 620,
        &quot;Third_Party_Dependant_For_Conne&quot;: null,
        &quot;Latitude&quot;: -26.04221103,
        &quot;Longitude&quot;: 28.05901034
      }
    },
    {
      &quot;attributes&quot;: {
        &quot;Precincts&quot;: &quot;Rivonia North&quot;,
        &quot;Quickbase_Status&quot;: &quot;Completed&quot;,
        &quot;QBRecordID&quot;: 4088,
        &quot;Third_Party_Dependant_For_Conne&quot;: null,
        &quot;Latitude&quot;: -26.04399884,
        &quot;Longitude&quot;: 28.06019704
      }
    },
    {
      &quot;attributes&quot;: {
        &quot;Precincts&quot;: &quot;Rivonia North&quot;,
        &quot;Quickbase_Status&quot;: &quot;Completed&quot;,
        &quot;QBRecordID&quot;: 603,
        &quot;Third_Party_Dependant_For_Conne&quot;: null,
        &quot;Latitude&quot;: -26.04818113,
        &quot;Longitude&quot;: 28.0592682
      }
    },
    {
      &quot;attributes&quot;: {
        &quot;Precincts&quot;: &quot;Rivonia North&quot;,
        &quot;Quickbase_Status&quot;: &quot;Completed&quot;,
        &quot;QBRecordID&quot;: 424,
        &quot;Third_Party_Dependant_For_Conne&quot;: null,
        &quot;Latitude&quot;: -26.04094161,
        &quot;Longitude&quot;: 28.05853673
      }
    },
    {
      &quot;attributes&quot;: {
        &quot;Precincts&quot;: &quot;Rivonia North&quot;,
        &quot;Quickbase_Status&quot;: &quot;Completed&quot;,
        &quot;QBRecordID&quot;: 449,
        &quot;Third_Party_Dependant_For_Conne&quot;: null,
        &quot;Latitude&quot;: -26.04109033,
        &quot;Longitude&quot;: 28.05825901
      }
    },
    {
      &quot;attributes&quot;: {
        &quot;Precincts&quot;: &quot;Rivonia North&quot;,
        &quot;Quickbase_Status&quot;: &quot;Completed&quot;,
        &quot;QBRecordID&quot;: 450,
        &quot;Third_Party_Dependant_For_Conne&quot;: null,
        &quot;Latitude&quot;: -26.04106604,
        &quot;Longitude&quot;: 28.05806732
      }
    },
    {
      &quot;attributes&quot;: {
        &quot;Precincts&quot;: &quot;CPT CBD Phase 01&quot;,
        &quot;Quickbase_Status&quot;: &quot;Completed&quot;,
        &quot;QBRecordID&quot;: 3065,
        &quot;Third_Party_Dependant_For_Conne&quot;: null,
        &quot;Latitude&quot;: -33.91746283,
        &quot;Longitude&quot;: 18.42704992
      }
    },
    {
      &quot;attributes&quot;: {
        &quot;Precincts&quot;: &quot;Katherine Extension&quot;,
        &quot;Quickbase_Status&quot;: &quot;Completed&quot;,
        &quot;QBRecordID&quot;: 4053,
        &quot;Third_Party_Dependant_For_Conne&quot;: null,
        &quot;Latitude&quot;: -26.10564353,
        &quot;Longitude&quot;: 28.06869864
      }
    },
    {
      &quot;attributes&quot;: {
        &quot;Precincts&quot;: &quot;Woodlands Office Park&quot;,
        &quot;Quickbase_Status&quot;: &quot;Completed&quot;,
        &quot;QBRecordID&quot;: 1679,
        &quot;Third_Party_Dependant_For_Conne&quot;: null,
        &quot;Latitude&quot;: -26.06332626,
        &quot;Longitude&quot;: 28.08264998
      }
    },
    {
      &quot;attributes&quot;: {
        &quot;Precincts&quot;: &quot;Girton&quot;,
        &quot;Quickbase_Status&quot;: &quot;Completed&quot;,
        &quot;QBRecordID&quot;: 1345,
        &quot;Third_Party_Dependant_For_Conne&quot;: null,
        &quot;Latitude&quot;: -26.18340527,
        &quot;Longitude&quot;: 28.03563106
      }
    },
    {
      &quot;attributes&quot;: {
        &quot;Precincts&quot;: &quot;Girton&quot;,
        &quot;Quickbase_Status&quot;: &quot;Completed&quot;,
        &quot;QBRecordID&quot;: 918,
        &quot;Third_Party_Dependant_For_Conne&quot;: null,
        &quot;Latitude&quot;: -26.18419853,
        &quot;Longitude&quot;: 28.03554664
      }
    },
    {
      &quot;attributes&quot;: {
        &quot;Precincts&quot;: &quot;Ballyclare (Bally Oakes incl)&quot;,
        &quot;Quickbase_Status&quot;: &quot;Completed&quot;,
        &quot;QBRecordID&quot;: 568,
        &quot;Third_Party_Dependant_For_Conne&quot;: null,
        &quot;Latitude&quot;: -26.07500294,
        &quot;Longitude&quot;: 28.02906171
      }
    },
    {
      &quot;attributes&quot;: {
        &quot;Precincts&quot;: &quot;CPT CBD Phase 01&quot;,
        &quot;Quickbase_Status&quot;: &quot;Completed&quot;,
        &quot;QBRecordID&quot;: 3057,
        &quot;Third_Party_Dependant_For_Conne&quot;: null,
        &quot;Latitude&quot;: -33.9162624,
        &quot;Longitude&quot;: 18.42330994
      }
    },
    {
      &quot;attributes&quot;: {
        &quot;Precincts&quot;: &quot;Skeen Boulevard&quot;,
        &quot;Quickbase_Status&quot;: &quot;Completed&quot;,
        &quot;QBRecordID&quot;: 1513,
        &quot;Third_Party_Dependant_For_Conne&quot;: null,
        &quot;Latitude&quot;: -26.17642268,
        &quot;Longitude&quot;: 28.13381441
      }
    },
    {
      &quot;attributes&quot;: {
        &quot;Precincts&quot;: &quot;Skeen Boulevard&quot;,
        &quot;Quickbase_Status&quot;: &quot;Completed&quot;,
        &quot;QBRecordID&quot;: 1159,
        &quot;Third_Party_Dependant_For_Conne&quot;: null,
        &quot;Latitude&quot;: -26.17634503,
        &quot;Longitude&quot;: 28.13461835
      }
    },
    {
      &quot;attributes&quot;: {
        &quot;Precincts&quot;: &quot;Skeen Boulevard&quot;,
        &quot;Quickbase_Status&quot;: &quot;Completed&quot;,
        &quot;QBRecordID&quot;: 1514,
        &quot;Third_Party_Dependant_For_Conne&quot;: null,
        &quot;Latitude&quot;: -26.17533548,
        &quot;Longitude&quot;: 28.13455481
      }
    },
    {
      &quot;attributes&quot;: {
        &quot;Precincts&quot;: &quot;Skeen Boulevard&quot;,
        &quot;Quickbase_Status&quot;: &quot;Completed&quot;,
        &quot;QBRecordID&quot;: 1168,
        &quot;Third_Party_Dependant_For_Conne&quot;: null,
        &quot;Latitude&quot;: -26.17544135,
        &quot;Longitude&quot;: 28.13371141
      }
    },
    {
      &quot;attributes&quot;: {
        &quot;Precincts&quot;: &quot;Skeen Boulevard&quot;,
        &quot;Quickbase_Status&quot;: &quot;Completed&quot;,
        &quot;QBRecordID&quot;: 1162,
        &quot;Third_Party_Dependant_For_Conne&quot;: null,
        &quot;Latitude&quot;: -26.17568024,
        &quot;Longitude&quot;: 28.13240917
      }
    },
    {
      &quot;attributes&quot;: {
        &quot;Precincts&quot;: &quot;Skeen Boulevard&quot;,
        &quot;Quickbase_Status&quot;: &quot;Completed&quot;,
        &quot;QBRecordID&quot;: 1170,
        &quot;Third_Party_Dependant_For_Conne&quot;: null,
        &quot;Latitude&quot;: -26.17463565,
        &quot;Longitude&quot;: 28.13435039
      }
    },
    {
      &quot;attributes&quot;: {
        &quot;Precincts&quot;: &quot;Rosenpark&quot;,
        &quot;Quickbase_Status&quot;: &quot;Completed&quot;,
        &quot;QBRecordID&quot;: 2725,
        &quot;Third_Party_Dependant_For_Conne&quot;: null,
        &quot;Latitude&quot;: -33.86938067,
        &quot;Longitude&quot;: 18.64205105
      }
    },
    {
      &quot;attributes&quot;: {
        &quot;Precincts&quot;: &quot;Rosenpark&quot;,
        &quot;Quickbase_Status&quot;: &quot;Completed&quot;,
        &quot;QBRecordID&quot;: 2736,
        &quot;Third_Party_Dependant_For_Conne&quot;: null,
        &quot;Latitude&quot;: -33.87111322,
        &quot;Longitude&quot;: 18.63999048
      }
    },
    {
      &quot;attributes&quot;: {
        &quot;Precincts&quot;: &quot;Sunninghill&quot;,
        &quot;Quickbase_Status&quot;: &quot;Completed&quot;,
        &quot;QBRecordID&quot;: 370,
        &quot;Third_Party_Dependant_For_Conne&quot;: null,
        &quot;Latitude&quot;: -26.03403242,
        &quot;Longitude&quot;: 28.06239088
      }
    },
    {
      &quot;attributes&quot;: {
        &quot;Precincts&quot;: &quot;Katherine Extension&quot;,
        &quot;Quickbase_Status&quot;: &quot;Completed&quot;,
        &quot;QBRecordID&quot;: 1776,
        &quot;Third_Party_Dependant_For_Conne&quot;: null,
        &quot;Latitude&quot;: -26.10182688,
        &quot;Longitude&quot;: 28.07244195
      }
    },
    {
      &quot;attributes&quot;: {
        &quot;Precincts&quot;: &quot;Katherine Extension&quot;,
        &quot;Quickbase_Status&quot;: &quot;Completed&quot;,
        &quot;QBRecordID&quot;: 1328,
        &quot;Third_Party_Dependant_For_Conne&quot;: null,
        &quot;Latitude&quot;: -26.10050866,
        &quot;Longitude&quot;: 28.07430651
      }
    },
    {
      &quot;attributes&quot;: {
        &quot;Precincts&quot;: &quot;Katherine Extension&quot;,
        &quot;Quickbase_Status&quot;: &quot;Completed&quot;,
        &quot;QBRecordID&quot;: 1327,
        &quot;Third_Party_Dependant_For_Conne&quot;: null,
        &quot;Latitude&quot;: -26.10092606,
        &quot;Longitude&quot;: 28.07431622
      }
    },
    {
      &quot;attributes&quot;: {
        &quot;Precincts&quot;: &quot;Kent&quot;,
        &quot;Quickbase_Status&quot;: &quot;Completed&quot;,
        &quot;QBRecordID&quot;: 554,
        &quot;Third_Party_Dependant_For_Conne&quot;: null,
        &quot;Latitude&quot;: -26.09561204,
        &quot;Longitude&quot;: 27.99948852
      }
    },
    {
      &quot;attributes&quot;: {
        &quot;Precincts&quot;: &quot;Oak Avenue&quot;,
        &quot;Quickbase_Status&quot;: &quot;Completed&quot;,
        &quot;QBRecordID&quot;: 522,
        &quot;Third_Party_Dependant_For_Conne&quot;: null,
        &quot;Latitude&quot;: -26.09854286,
        &quot;Longitude&quot;: 28.00167282
      }
    },
    {
      &quot;attributes&quot;: {
        &quot;Precincts&quot;: &quot;Oak Avenue&quot;,
        &quot;Quickbase_Status&quot;: &quot;Completed&quot;,
        &quot;QBRecordID&quot;: 658,
        &quot;Third_Party_Dependant_For_Conne&quot;: null,
        &quot;Latitude&quot;: -26.09860529,
        &quot;Longitude&quot;: 28.00214758
      }
    },
    {
      &quot;attributes&quot;: {
        &quot;Precincts&quot;: &quot;Oak Avenue&quot;,
        &quot;Quickbase_Status&quot;: &quot;Completed&quot;,
        &quot;QBRecordID&quot;: 665,
        &quot;Third_Party_Dependant_For_Conne&quot;: null,
        &quot;Latitude&quot;: -26.10047824,
        &quot;Longitude&quot;: 28.00064691
      }
    },
    {
      &quot;attributes&quot;: {
        &quot;Precincts&quot;: &quot;Oak Avenue&quot;,
        &quot;Quickbase_Status&quot;: &quot;Completed&quot;,
        &quot;QBRecordID&quot;: 666,
        &quot;Third_Party_Dependant_For_Conne&quot;: null,
        &quot;Latitude&quot;: -26.10026992,
        &quot;Longitude&quot;: 28.00068843
      }
    },
    {
      &quot;attributes&quot;: {
        &quot;Precincts&quot;: &quot;Ashley Gardens&quot;,
        &quot;Quickbase_Status&quot;: &quot;Completed&quot;,
        &quot;QBRecordID&quot;: 2648,
        &quot;Third_Party_Dependant_For_Conne&quot;: null,
        &quot;Latitude&quot;: -25.78278492,
        &quot;Longitude&quot;: 28.26566698
      }
    },
    {
      &quot;attributes&quot;: {
        &quot;Precincts&quot;: &quot;Ashley Gardens&quot;,
        &quot;Quickbase_Status&quot;: &quot;Completed&quot;,
        &quot;QBRecordID&quot;: 3432,
        &quot;Third_Party_Dependant_For_Conne&quot;: null,
        &quot;Latitude&quot;: -25.78372121,
        &quot;Longitude&quot;: 28.26325725
      }
    },
    {
      &quot;attributes&quot;: {
        &quot;Precincts&quot;: &quot;James Crescent&quot;,
        &quot;Quickbase_Status&quot;: &quot;Completed&quot;,
        &quot;QBRecordID&quot;: 2153,
        &quot;Third_Party_Dependant_For_Conne&quot;: null,
        &quot;Latitude&quot;: -26.00633816,
        &quot;Longitude&quot;: 28.12620027
      }
    },
    {
      &quot;attributes&quot;: {
        &quot;Precincts&quot;: &quot;James Crescent&quot;,
        &quot;Quickbase_Status&quot;: &quot;Completed&quot;,
        &quot;QBRecordID&quot;: 2180,
        &quot;Third_Party_Dependant_For_Conne&quot;: null,
        &quot;Latitude&quot;: -26.00786374,
        &quot;Longitude&quot;: 28.12318336
      }
    },
    {
      &quot;attributes&quot;: {
        &quot;Precincts&quot;: &quot;James Crescent&quot;,
        &quot;Quickbase_Status&quot;: &quot;Completed&quot;,
        &quot;QBRecordID&quot;: 2181,
        &quot;Third_Party_Dependant_For_Conne&quot;: null,
        &quot;Latitude&quot;: -26.00739702,
        &quot;Longitude&quot;: 28.12314243
      }
    },
    {
      &quot;attributes&quot;: {
        &quot;Precincts&quot;: &quot;James Crescent&quot;,
        &quot;Quickbase_Status&quot;: &quot;Completed&quot;,
        &quot;QBRecordID&quot;: 4104,
        &quot;Third_Party_Dependant_For_Conne&quot;: null,
        &quot;Latitude&quot;: -26.0015116,
        &quot;Longitude&quot;: 28.12681957
      }
    },
    {
      &quot;attributes&quot;: {
        &quot;Precincts&quot;: &quot;James Crescent&quot;,
        &quot;Quickbase_Status&quot;: &quot;Completed&quot;,
        &quot;QBRecordID&quot;: 2185,
        &quot;Third_Party_Dependant_For_Conne&quot;: null,
        &quot;Latitude&quot;: -26.00720522,
        &quot;Longitude&quot;: 28.12350208
      }
    },
    {
      &quot;attributes&quot;: {
        &quot;Precincts&quot;: &quot;Ingersol&quot;,
        &quot;Quickbase_Status&quot;: &quot;Completed&quot;,
        &quot;QBRecordID&quot;: 2378,
        &quot;Third_Party_Dependant_For_Conne&quot;: null,
        &quot;Latitude&quot;: -25.78599401,
        &quot;Longitude&quot;: 28.27857958
      }
    },
    {
      &quot;attributes&quot;: {
        &quot;Precincts&quot;: &quot;Ingersol&quot;,
        &quot;Quickbase_Status&quot;: &quot;Completed&quot;,
        &quot;QBRecordID&quot;: 2349,
        &quot;Third_Party_Dependant_For_Conne&quot;: null,
        &quot;Latitude&quot;: -25.78310919,
        &quot;Longitude&quot;: 28.27912666
      }
    },
    {
      &quot;attributes&quot;: {
        &quot;Precincts&quot;: &quot;Ingersol&quot;,
        &quot;Quickbase_Status&quot;: &quot;Completed&quot;,
        &quot;QBRecordID&quot;: 2372,
        &quot;Third_Party_Dependant_For_Conne&quot;: null,
        &quot;Latitude&quot;: -25.77748769,
        &quot;Longitude&quot;: 28.27415737
      }
    },
    {
      &quot;attributes&quot;: {
        &quot;Precincts&quot;: &quot;Ingersol&quot;,
        &quot;Quickbase_Status&quot;: &quot;Completed&quot;,
        &quot;QBRecordID&quot;: 2363,
        &quot;Third_Party_Dependant_For_Conne&quot;: null,
        &quot;Latitude&quot;: -25.7880886,
        &quot;Longitude&quot;: 28.27695942
      }
    },
    {
      &quot;attributes&quot;: {
        &quot;Precincts&quot;: &quot;Ingersol&quot;,
        &quot;Quickbase_Status&quot;: &quot;Completed&quot;,
        &quot;QBRecordID&quot;: 2379,
        &quot;Third_Party_Dependant_For_Conne&quot;: null,
        &quot;Latitude&quot;: -25.78635277,
        &quot;Longitude&quot;: 28.27809457
      }
    },
    {
      &quot;attributes&quot;: {
        &quot;Precincts&quot;: &quot;Ingersol&quot;,
        &quot;Quickbase_Status&quot;: &quot;Completed&quot;,
        &quot;QBRecordID&quot;: 2347,
        &quot;Third_Party_Dependant_For_Conne&quot;: null,
        &quot;Latitude&quot;: -25.7799409,
        &quot;Longitude&quot;: 28.27760677
      }
    },
    {
      &quot;attributes&quot;: {
        &quot;Precincts&quot;: &quot;Ingersol&quot;,
        &quot;Quickbase_Status&quot;: &quot;Completed&quot;,
        &quot;QBRecordID&quot;: 2368,
        &quot;Third_Party_Dependant_For_Conne&quot;: null,
        &quot;Latitude&quot;: -25.77982438,
        &quot;Longitude&quot;: 28.27537865
      }
    },
    {
      &quot;attributes&quot;: {
        &quot;Precincts&quot;: &quot;Ingersol&quot;,
        &quot;Quickbase_Status&quot;: &quot;Completed&quot;,
        &quot;QBRecordID&quot;: 2369,
        &quot;Third_Party_Dependant_For_Conne&quot;: null,
        &quot;Latitude&quot;: -25.77995118,
        &quot;Longitude&quot;: 28.27594935
      }
    },
    {
      &quot;attributes&quot;: {
        &quot;Precincts&quot;: &quot;Ingersol&quot;,
        &quot;Quickbase_Status&quot;: &quot;Completed&quot;,
        &quot;QBRecordID&quot;: 2361,
        &quot;Third_Party_Dependant_For_Conne&quot;: null,
        &quot;Latitude&quot;: -25.78368665,
        &quot;Longitude&quot;: 28.27779592
      }
    },
    {
      &quot;attributes&quot;: {
        &quot;Precincts&quot;: &quot;Ingersol&quot;,
        &quot;Quickbase_Status&quot;: &quot;Completed&quot;,
        &quot;QBRecordID&quot;: 2376,
        &quot;Third_Party_Dependant_For_Conne&quot;: null,
        &quot;Latitude&quot;: -25.78604238,
        &quot;Longitude&quot;: 28.27735006
      }
    },
    {
      &quot;attributes&quot;: {
        &quot;Precincts&quot;: &quot;Ingersol&quot;,
        &quot;Quickbase_Status&quot;: &quot;Completed&quot;,
        &quot;QBRecordID&quot;: 2377,
        &quot;Third_Party_Dependant_For_Conne&quot;: null,
        &quot;Latitude&quot;: -25.78570757,
        &quot;Longitude&quot;: 28.27787639
      }
    },
    {
      &quot;attributes&quot;: {
        &quot;Precincts&quot;: &quot;Ann Crescent&quot;,
        &quot;Quickbase_Status&quot;: &quot;Completed&quot;,
        &quot;QBRecordID&quot;: 923,
        &quot;Third_Party_Dependant_For_Conne&quot;: null,
        &quot;Latitude&quot;: -26.10110674,
        &quot;Longitude&quot;: 28.06943284
      }
    },
    {
      &quot;attributes&quot;: {
        &quot;Precincts&quot;: &quot;Ann Crescent&quot;,
        &quot;Quickbase_Status&quot;: &quot;Completed&quot;,
        &quot;QBRecordID&quot;: 1762,
        &quot;Third_Party_Dependant_For_Conne&quot;: null,
        &quot;Latitude&quot;: -26.10142126,
        &quot;Longitude&quot;: 28.07158404
      }
    },
    {
      &quot;attributes&quot;: {
        &quot;Precincts&quot;: &quot;Ann Crescent&quot;,
        &quot;Quickbase_Status&quot;: &quot;Completed&quot;,
        &quot;QBRecordID&quot;: 1763,
        &quot;Third_Party_Dependant_For_Conne&quot;: null,
        &quot;Latitude&quot;: -26.10215986,
        &quot;Longitude&quot;: 28.07095167
      }
    },
    {
      &quot;attributes&quot;: {
        &quot;Precincts&quot;: &quot;Arden Grove&quot;,
        &quot;Quickbase_Status&quot;: &quot;Completed&quot;,
        &quot;QBRecordID&quot;: 1616,
        &quot;Third_Party_Dependant_For_Conne&quot;: null,
        &quot;Latitude&quot;: -33.86506151,
        &quot;Longitude&quot;: 18.51132448
      }
    },
    {
      &quot;attributes&quot;: {
        &quot;Precincts&quot;: &quot;Arden Grove&quot;,
        &quot;Quickbase_Status&quot;: &quot;Completed&quot;,
        &quot;QBRecordID&quot;: 1790,
        &quot;Third_Party_Dependant_For_Conne&quot;: null,
        &quot;Latitude&quot;: -33.86595752,
        &quot;Longitude&quot;: 18.51232539
      }
    },
    {
      &quot;attributes&quot;: {
        &quot;Precincts&quot;: &quot;Arden Grove&quot;,
        &quot;Quickbase_Status&quot;: &quot;Completed&quot;,
        &quot;QBRecordID&quot;: 1559,
        &quot;Third_Party_Dependant_For_Conne&quot;: null,
        &quot;Latitude&quot;: -33.86128953,
        &quot;Longitude&quot;: 18.51426334
      }
    },
    {
      &quot;attributes&quot;: {
        &quot;Precincts&quot;: &quot;Bruma Lake&quot;,
        &quot;Quickbase_Status&quot;: &quot;Completed&quot;,
        &quot;QBRecordID&quot;: 1546,
        &quot;Third_Party_Dependant_For_Conne&quot;: null,
        &quot;Latitude&quot;: -26.18065477,
        &quot;Longitude&quot;: 28.10716712
      }
    },
    {
      &quot;attributes&quot;: {
        &quot;Precincts&quot;: &quot;Bruma Lake&quot;,
        &quot;Quickbase_Status&quot;: &quot;Completed&quot;,
        &quot;QBRecordID&quot;: 3978,
        &quot;Third_Party_Dependant_For_Conne&quot;: null,
        &quot;Latitude&quot;: -26.18090764,
        &quot;Longitude&quot;: 28.10665192
      }
    },
    {
      &quot;attributes&quot;: {
        &quot;Precincts&quot;: &quot;Bruma Lake&quot;,
        &quot;Quickbase_Status&quot;: &quot;Completed&quot;,
        &quot;QBRecordID&quot;: 981,
        &quot;Third_Party_Dependant_For_Conne&quot;: null,
        &quot;Latitude&quot;: -26.18088268,
        &quot;Longitude&quot;: 28.10613766
      }
    },
    {
      &quot;attributes&quot;: {
        &quot;Precincts&quot;: &quot;Bruma Lake&quot;,
        &quot;Quickbase_Status&quot;: &quot;Completed&quot;,
        &quot;QBRecordID&quot;: 967,
        &quot;Third_Party_Dependant_For_Conne&quot;: null,
        &quot;Latitude&quot;: -26.18202473,
        &quot;Longitude&quot;: 28.1082864
      }
    },
    {
      &quot;attributes&quot;: {
        &quot;Precincts&quot;: &quot;Bruma Lake&quot;,
        &quot;Quickbase_Status&quot;: &quot;Completed&quot;,
        &quot;QBRecordID&quot;: 969,
        &quot;Third_Party_Dependant_For_Conne&quot;: null,
        &quot;Latitude&quot;: -26.18123576,
        &quot;Longitude&quot;: 28.10770345
      }
    },
    {
      &quot;attributes&quot;: {
        &quot;Precincts&quot;: &quot;Bryanston Extension&quot;,
        &quot;Quickbase_Status&quot;: &quot;Completed&quot;,
        &quot;QBRecordID&quot;: 72249,
        &quot;Third_Party_Dependant_For_Conne&quot;: null,
        &quot;Latitude&quot;: -26.04514958,
        &quot;Longitude&quot;: 28.02282621
      }
    },
    {
      &quot;attributes&quot;: {
        &quot;Precincts&quot;: &quot;Bryanston Extension&quot;,
        &quot;Quickbase_Status&quot;: &quot;Completed&quot;,
        &quot;QBRecordID&quot;: 1884,
        &quot;Third_Party_Dependant_For_Conne&quot;: null,
        &quot;Latitude&quot;: -26.04463014,
        &quot;Longitude&quot;: 28.02447879
      }
    },
    {
      &quot;attributes&quot;: {
        &quot;Precincts&quot;: &quot;Bryanston Extension&quot;,
        &quot;Quickbase_Status&quot;: &quot;Completed&quot;,
        &quot;QBRecordID&quot;: 1879,
        &quot;Third_Party_Dependant_For_Conne&quot;: null,
        &quot;Latitude&quot;: -26.04470228,
        &quot;Longitude&quot;: 28.02597728
      }
    },
    {
      &quot;attributes&quot;: {
        &quot;Precincts&quot;: &quot;Burnside Office Park&quot;,
        &quot;Quickbase_Status&quot;: &quot;Completed&quot;,
        &quot;QBRecordID&quot;: 2985,
        &quot;Third_Party_Dependant_For_Conne&quot;: null,
        &quot;Latitude&quot;: -26.11413736,
        &quot;Longitude&quot;: 28.02020077
      }
    },
    {
      &quot;attributes&quot;: {
        &quot;Precincts&quot;: &quot;Burnside Office Park&quot;,
        &quot;Quickbase_Status&quot;: &quot;Completed&quot;,
        &quot;QBRecordID&quot;: 2998,
        &quot;Third_Party_Dependant_For_Conne&quot;: null,
        &quot;Latitude&quot;: -26.11476873,
        &quot;Longitude&quot;: 28.02038671
      }
    },
    {
      &quot;attributes&quot;: {
        &quot;Precincts&quot;: &quot;Capital Hill&quot;,
        &quot;Quickbase_Status&quot;: &quot;Completed&quot;,
        &quot;QBRecordID&quot;: 2412,
        &quot;Third_Party_Dependant_For_Conne&quot;: null,
        &quot;Latitude&quot;: -26.01322923,
        &quot;Longitude&quot;: 28.12736636
      }
    },
    {
      &quot;attributes&quot;: {
        &quot;Precincts&quot;: &quot;Central Park&quot;,
        &quot;Quickbase_Status&quot;: &quot;Completed&quot;,
        &quot;QBRecordID&quot;: 4013,
        &quot;Third_Party_Dependant_For_Conne&quot;: null,
        &quot;Latitude&quot;: -25.97608073,
        &quot;Longitude&quot;: 28.13271802
      }
    },
    {
      &quot;attributes&quot;: {
        &quot;Precincts&quot;: &quot;Central Park&quot;,
        &quot;Quickbase_Status&quot;: &quot;Completed&quot;,
        &quot;QBRecordID&quot;: 1482,
        &quot;Third_Party_Dependant_For_Conne&quot;: null,
        &quot;Latitude&quot;: -25.979766,
        &quot;Longitude&quot;: 28.13195474
      }
    },
    {
      &quot;attributes&quot;: {
        &quot;Precincts&quot;: &quot;Central Park&quot;,
        &quot;Quickbase_Status&quot;: &quot;Completed&quot;,
        &quot;QBRecordID&quot;: 1477,
        &quot;Third_Party_Dependant_For_Conne&quot;: null,
        &quot;Latitude&quot;: -25.97992557,
        &quot;Longitude&quot;: 28.13235116
      }
    },
    {
      &quot;attributes&quot;: {
        &quot;Precincts&quot;: &quot;Central Park&quot;,
        &quot;Quickbase_Status&quot;: &quot;Completed&quot;,
        &quot;QBRecordID&quot;: 1474,
        &quot;Third_Party_Dependant_For_Conne&quot;: null,
        &quot;Latitude&quot;: -25.98069367,
        &quot;Longitude&quot;: 28.13205345
      }
    },
    {
      &quot;attributes&quot;: {
        &quot;Precincts&quot;: &quot;Central Park&quot;,
        &quot;Quickbase_Status&quot;: &quot;Completed&quot;,
        &quot;QBRecordID&quot;: 936,
        &quot;Third_Party_Dependant_For_Conne&quot;: null,
        &quot;Latitude&quot;: -25.98127363,
        &quot;Longitude&quot;: 28.1320382
      }
    },
    {
      &quot;attributes&quot;: {
        &quot;Precincts&quot;: &quot;Central Park&quot;,
        &quot;Quickbase_Status&quot;: &quot;Completed&quot;,
        &quot;QBRecordID&quot;: 1486,
        &quot;Third_Party_Dependant_For_Conne&quot;: null,
        &quot;Latitude&quot;: -25.97913778,
        &quot;Longitude&quot;: 28.13213494
      }
    },
    {
      &quot;attributes&quot;: {
        &quot;Precincts&quot;: &quot;Central Park&quot;,
        &quot;Quickbase_Status&quot;: &quot;Completed&quot;,
        &quot;QBRecordID&quot;: 1485,
        &quot;Third_Party_Dependant_For_Conne&quot;: null,
        &quot;Latitude&quot;: -25.97928632,
        &quot;Longitude&quot;: 28.13278302
      }
    },
    {
      &quot;attributes&quot;: {
        &quot;Precincts&quot;: &quot;Central Park&quot;,
        &quot;Quickbase_Status&quot;: &quot;Completed&quot;,
        &quot;QBRecordID&quot;: 1488,
        &quot;Third_Party_Dependant_For_Conne&quot;: null,
        &quot;Latitude&quot;: -25.9786566,
        &quot;Longitude&quot;: 28.13313816
      }
    },
    {
      &quot;attributes&quot;: {
        &quot;Precincts&quot;: &quot;Central Park&quot;,
        &quot;Quickbase_Status&quot;: &quot;Completed&quot;,
        &quot;QBRecordID&quot;: 4016,
        &quot;Third_Party_Dependant_For_Conne&quot;: null,
        &quot;Latitude&quot;: -25.97627383,
        &quot;Longitude&quot;: 28.13396208
      }
    },
    {
      &quot;attributes&quot;: {
        &quot;Precincts&quot;: &quot;Central Park&quot;,
        &quot;Quickbase_Status&quot;: &quot;Completed&quot;,
        &quot;QBRecordID&quot;: 4019,
        &quot;Third_Party_Dependant_For_Conne&quot;: null,
        &quot;Latitude&quot;: -25.97583656,
        &quot;Longitude&quot;: 28.13329753
      }
    },
    {
      &quot;attributes&quot;: {
        &quot;Precincts&quot;: &quot;Central Park&quot;,
        &quot;Quickbase_Status&quot;: &quot;Completed&quot;,
        &quot;QBRecordID&quot;: 4012,
        &quot;Third_Party_Dependant_For_Conne&quot;: null,
        &quot;Latitude&quot;: -25.97622726,
        &quot;Longitude&quot;: 28.13335058
      }
    },
    {
      &quot;attributes&quot;: {
        &quot;Precincts&quot;: &quot;Central Street&quot;,
        &quot;Quickbase_Status&quot;: &quot;Completed&quot;,
        &quot;QBRecordID&quot;: 838,
        &quot;Third_Party_Dependant_For_Conne&quot;: null,
        &quot;Latitude&quot;: -26.1586329,
        &quot;Longitude&quot;: 28.05801027
      }
    },
    {
      &quot;attributes&quot;: {
        &quot;Precincts&quot;: &quot;Central Street&quot;,
        &quot;Quickbase_Status&quot;: &quot;Completed&quot;,
        &quot;QBRecordID&quot;: 837,
        &quot;Third_Party_Dependant_For_Conne&quot;: null,
        &quot;Latitude&quot;: -26.15918479,
        &quot;Longitude&quot;: 28.05799606
      }
    },
    {
      &quot;attributes&quot;: {
        &quot;Precincts&quot;: &quot;Centurion Gautrain Station&quot;,
        &quot;Quickbase_Status&quot;: &quot;Completed&quot;,
        &quot;QBRecordID&quot;: 2287,
        &quot;Third_Party_Dependant_For_Conne&quot;: null,
        &quot;Latitude&quot;: -25.85222151,
        &quot;Longitude&quot;: 28.18852985
      }
    },
    {
      &quot;attributes&quot;: {
        &quot;Precincts&quot;: &quot;Centurion Gautrain Station&quot;,
        &quot;Quickbase_Status&quot;: &quot;Completed&quot;,
        &quot;QBRecordID&quot;: 2301,
        &quot;Third_Party_Dependant_For_Conne&quot;: null,
        &quot;Latitude&quot;: -25.85399633,
        &quot;Longitude&quot;: 28.19534477
      }
    },
    {
      &quot;attributes&quot;: {
        &quot;Precincts&quot;: &quot;Centurion Gautrain Station&quot;,
        &quot;Quickbase_Status&quot;: &quot;Completed&quot;,
        &quot;QBRecordID&quot;: 2303,
        &quot;Third_Party_Dependant_For_Conne&quot;: null,
        &quot;Latitude&quot;: -25.8540843,
        &quot;Longitude&quot;: 28.19443438
      }
    },
    {
      &quot;attributes&quot;: {
        &quot;Precincts&quot;: &quot;Centurion Gautrain Station&quot;,
        &quot;Quickbase_Status&quot;: &quot;Completed&quot;,
        &quot;QBRecordID&quot;: 3438,
        &quot;Third_Party_Dependant_For_Conne&quot;: null,
        &quot;Latitude&quot;: -25.85363373,
        &quot;Longitude&quot;: 28.19489934
      }
    },
    {
      &quot;attributes&quot;: {
        &quot;Precincts&quot;: &quot;Country Club Estate&quot;,
        &quot;Quickbase_Status&quot;: &quot;Completed&quot;,
        &quot;QBRecordID&quot;: 499,
        &quot;Third_Party_Dependant_For_Conne&quot;: null,
        &quot;Latitude&quot;: -26.05824488,
        &quot;Longitude&quot;: 28.08324807
      }
    },
    {
      &quot;attributes&quot;: {
        &quot;Precincts&quot;: &quot;Country Club Estate&quot;,
        &quot;Quickbase_Status&quot;: &quot;Completed&quot;,
        &quot;QBRecordID&quot;: 498,
        &quot;Third_Party_Dependant_For_Conne&quot;: null,
        &quot;Latitude&quot;: -26.05837723,
        &quot;Longitude&quot;: 28.08373408
      }
    },
    {
      &quot;attributes&quot;: {
        &quot;Precincts&quot;: &quot;Design Quarter&quot;,
        &quot;Quickbase_Status&quot;: &quot;Completed&quot;,
        &quot;QBRecordID&quot;: 2395,
        &quot;Third_Party_Dependant_For_Conne&quot;: null,
        &quot;Latitude&quot;: -26.03404884,
        &quot;Longitude&quot;: 28.01112919
      }
    },
    {
      &quot;attributes&quot;: {
        &quot;Precincts&quot;: &quot;Design Quarter&quot;,
        &quot;Quickbase_Status&quot;: &quot;Completed&quot;,
        &quot;QBRecordID&quot;: 2396,
        &quot;Third_Party_Dependant_For_Conne&quot;: null,
        &quot;Latitude&quot;: -26.03474704,
        &quot;Longitude&quot;: 28.01153568
      }
    },
    {
      &quot;attributes&quot;: {
        &quot;Precincts&quot;: &quot;George Road&quot;,
        &quot;Quickbase_Status&quot;: &quot;Completed&quot;,
        &quot;QBRecordID&quot;: 1353,
        &quot;Third_Party_Dependant_For_Conne&quot;: null,
        &quot;Latitude&quot;: -25.95815564,
        &quot;Longitude&quot;: 28.13811069
      }
    },
    {
      &quot;attributes&quot;: {
        &quot;Precincts&quot;: &quot;George Road&quot;,
        &quot;Quickbase_Status&quot;: &quot;Completed&quot;,
        &quot;QBRecordID&quot;: 1354,
        &quot;Third_Party_Dependant_For_Conne&quot;: null,
        &quot;Latitude&quot;: -25.95830124,
        &quot;Longitude&quot;: 28.13881977
      }
    },
    {
      &quot;attributes&quot;: {
        &quot;Precincts&quot;: &quot;George Road&quot;,
        &quot;Quickbase_Status&quot;: &quot;Completed&quot;,
        &quot;QBRecordID&quot;: 1752,
        &quot;Third_Party_Dependant_For_Conne&quot;: null,
        &quot;Latitude&quot;: -25.96578334,
        &quot;Longitude&quot;: 28.13600928
      }
    },
    {
      &quot;attributes&quot;: {
        &quot;Precincts&quot;: &quot;George Road&quot;,
        &quot;Quickbase_Status&quot;: &quot;Completed&quot;,
        &quot;QBRecordID&quot;: 1748,
        &quot;Third_Party_Dependant_For_Conne&quot;: null,
        &quot;Latitude&quot;: -25.9686997,
        &quot;Longitude&quot;: 28.13344049
      }
    },
    {
      &quot;attributes&quot;: {
        &quot;Precincts&quot;: &quot;George Road&quot;,
        &quot;Quickbase_Status&quot;: &quot;Completed&quot;,
        &quot;QBRecordID&quot;: 1000,
        &quot;Third_Party_Dependant_For_Conne&quot;: null,
        &quot;Latitude&quot;: -25.9719208,
        &quot;Longitude&quot;: 28.13181268
      }
    },
    {
      &quot;attributes&quot;: {
        &quot;Precincts&quot;: &quot;George Road&quot;,
        &quot;Quickbase_Status&quot;: &quot;Completed&quot;,
        &quot;QBRecordID&quot;: 1764,
        &quot;Third_Party_Dependant_For_Conne&quot;: null,
        &quot;Latitude&quot;: -25.9561074,
        &quot;Longitude&quot;: 28.137698
      }
    },
    {
      &quot;attributes&quot;: {
        &quot;Precincts&quot;: &quot;George Road&quot;,
        &quot;Quickbase_Status&quot;: &quot;Completed&quot;,
        &quot;QBRecordID&quot;: 4069,
        &quot;Third_Party_Dependant_For_Conne&quot;: null,
        &quot;Latitude&quot;: -25.96803253,
        &quot;Longitude&quot;: 28.13531857
      }
    },
    {
      &quot;attributes&quot;: {
        &quot;Precincts&quot;: &quot;George Road&quot;,
        &quot;Quickbase_Status&quot;: &quot;Completed&quot;,
        &quot;QBRecordID&quot;: 4070,
        &quot;Third_Party_Dependant_For_Conne&quot;: null,
        &quot;Latitude&quot;: -25.96800925,
        &quot;Longitude&quot;: 28.13629072
      }
    },
    {
      &quot;attributes&quot;: {
        &quot;Precincts&quot;: &quot;Georgian Crescent&quot;,
        &quot;Quickbase_Status&quot;: &quot;Completed&quot;,
        &quot;QBRecordID&quot;: 314,
        &quot;Third_Party_Dependant_For_Conne&quot;: null,
        &quot;Latitude&quot;: -26.0404896,
        &quot;Longitude&quot;: 28.01697652
      }
    },
    {
      &quot;attributes&quot;: {
        &quot;Precincts&quot;: &quot;Hatfield (Phase 3)&quot;,
        &quot;Quickbase_Status&quot;: &quot;Completed&quot;,
        &quot;QBRecordID&quot;: 4090,
        &quot;Third_Party_Dependant_For_Conne&quot;: null,
        &quot;Latitude&quot;: -25.7437091,
        &quot;Longitude&quot;: 28.24388711
      }
    },
    {
      &quot;attributes&quot;: {
        &quot;Precincts&quot;: &quot;Hatfield (Phase 3)&quot;,
        &quot;Quickbase_Status&quot;: &quot;Completed&quot;,
        &quot;QBRecordID&quot;: 3470,
        &quot;Third_Party_Dependant_For_Conne&quot;: null,
        &quot;Latitude&quot;: -25.74511451,
        &quot;Longitude&quot;: 28.24307835
      }
    },
    {
      &quot;attributes&quot;: {
        &quot;Precincts&quot;: &quot;Hatfield (Phase 3)&quot;,
        &quot;Quickbase_Status&quot;: &quot;Completed&quot;,
        &quot;QBRecordID&quot;: 3468,
        &quot;Third_Party_Dependant_For_Conne&quot;: null,
        &quot;Latitude&quot;: -25.74511139,
        &quot;Longitude&quot;: 28.24385534
      }
    },
    {
      &quot;attributes&quot;: {
        &quot;Precincts&quot;: &quot;Hyde Park&quot;,
        &quot;Quickbase_Status&quot;: &quot;Completed&quot;,
        &quot;QBRecordID&quot;: 1943,
        &quot;Third_Party_Dependant_For_Conne&quot;: null,
        &quot;Latitude&quot;: -26.12020995,
        &quot;Longitude&quot;: 28.03157744
      }
    },
    {
      &quot;attributes&quot;: {
        &quot;Precincts&quot;: &quot;Albury&quot;,
        &quot;Quickbase_Status&quot;: &quot;Completed&quot;,
        &quot;QBRecordID&quot;: 279,
        &quot;Third_Party_Dependant_For_Conne&quot;: null,
        &quot;Latitude&quot;: -26.12722069,
        &quot;Longitude&quot;: 28.03151847
      }
    },
    {
      &quot;attributes&quot;: {
        &quot;Precincts&quot;: &quot;Albury&quot;,
        &quot;Quickbase_Status&quot;: &quot;Completed&quot;,
        &quot;QBRecordID&quot;: 282,
        &quot;Third_Party_Dependant_For_Conne&quot;: null,
        &quot;Latitude&quot;: -26.12711467,
        &quot;Longitude&quot;: 28.03254834
      }
    },
    {
      &quot;attributes&quot;: {
        &quot;Precincts&quot;: &quot;Albury&quot;,
        &quot;Quickbase_Status&quot;: &quot;Completed&quot;,
        &quot;QBRecordID&quot;: 284,
        &quot;Third_Party_Dependant_For_Conne&quot;: null,
        &quot;Latitude&quot;: -26.12845581,
        &quot;Longitude&quot;: 28.03243116
      }
    },
    {
      &quot;attributes&quot;: {
        &quot;Precincts&quot;: &quot;Bauhania Street&quot;,
        &quot;Quickbase_Status&quot;: &quot;Completed&quot;,
        &quot;QBRecordID&quot;: 5822,
        &quot;Third_Party_Dependant_For_Conne&quot;: null,
        &quot;Latitude&quot;: -25.88222896,
        &quot;Longitude&quot;: 28.18394829
      }
    },
    {
      &quot;attributes&quot;: {
        &quot;Precincts&quot;: &quot;Bauhania Street&quot;,
        &quot;Quickbase_Status&quot;: &quot;Completed&quot;,
        &quot;QBRecordID&quot;: 5810,
        &quot;Third_Party_Dependant_For_Conne&quot;: null,
        &quot;Latitude&quot;: -25.88117307,
        &quot;Longitude&quot;: 28.18413076
      }
    },
    {
      &quot;attributes&quot;: {
        &quot;Precincts&quot;: &quot;Bauhania Street&quot;,
        &quot;Quickbase_Status&quot;: &quot;Completed&quot;,
        &quot;QBRecordID&quot;: 5824,
        &quot;Third_Party_Dependant_For_Conne&quot;: null,
        &quot;Latitude&quot;: -25.88245375,
        &quot;Longitude&quot;: 28.18386541
      }
    },
    {
      &quot;attributes&quot;: {
        &quot;Precincts&quot;: &quot;Bauhania Street&quot;,
        &quot;Quickbase_Status&quot;: &quot;Completed&quot;,
        &quot;QBRecordID&quot;: 5825,
        &quot;Third_Party_Dependant_For_Conne&quot;: null,
        &quot;Latitude&quot;: -25.88265424,
        &quot;Longitude&quot;: 28.18374704
      }
    },
    {
      &quot;attributes&quot;: {
        &quot;Precincts&quot;: &quot;Bauhania Street&quot;,
        &quot;Quickbase_Status&quot;: &quot;Completed&quot;,
        &quot;QBRecordID&quot;: 5826,
        &quot;Third_Party_Dependant_For_Conne&quot;: null,
        &quot;Latitude&quot;: -25.8827104,
        &quot;Longitude&quot;: 28.18353452
      }
    },
    {
      &quot;attributes&quot;: {
        &quot;Precincts&quot;: &quot;Bauhania Street&quot;,
        &quot;Quickbase_Status&quot;: &quot;Completed&quot;,
        &quot;QBRecordID&quot;: 5827,
        &quot;Third_Party_Dependant_For_Conne&quot;: null,
        &quot;Latitude&quot;: -25.88276512,
        &quot;Longitude&quot;: 28.1833009
      }
    },
    {
      &quot;attributes&quot;: {
        &quot;Precincts&quot;: &quot;Bauhania Street&quot;,
        &quot;Quickbase_Status&quot;: &quot;Completed&quot;,
        &quot;QBRecordID&quot;: 5828,
        &quot;Third_Party_Dependant_For_Conne&quot;: null,
        &quot;Latitude&quot;: -25.88310112,
        &quot;Longitude&quot;: 28.18312847
      }
    },
    {
      &quot;attributes&quot;: {
        &quot;Precincts&quot;: &quot;Bauhania Street&quot;,
        &quot;Quickbase_Status&quot;: &quot;Completed&quot;,
        &quot;QBRecordID&quot;: 5831,
        &quot;Third_Party_Dependant_For_Conne&quot;: null,
        &quot;Latitude&quot;: -25.88337962,
        &quot;Longitude&quot;: 28.18327958
      }
    },
    {
      &quot;attributes&quot;: {
        &quot;Precincts&quot;: &quot;Bauhania Street&quot;,
        &quot;Quickbase_Status&quot;: &quot;Completed&quot;,
        &quot;QBRecordID&quot;: 5830,
        &quot;Third_Party_Dependant_For_Conne&quot;: null,
        &quot;Latitude&quot;: -25.88298208,
        &quot;Longitude&quot;: 28.1836752
      }
    },
    {
      &quot;attributes&quot;: {
        &quot;Precincts&quot;: &quot;Bauhania Street&quot;,
        &quot;Quickbase_Status&quot;: &quot;Completed&quot;,
        &quot;QBRecordID&quot;: 5811,
        &quot;Third_Party_Dependant_For_Conne&quot;: null,
        &quot;Latitude&quot;: -25.88148369,
        &quot;Longitude&quot;: 28.18399005
      }
    },
    {
      &quot;attributes&quot;: {
        &quot;Precincts&quot;: &quot;Bauhania Street&quot;,
        &quot;Quickbase_Status&quot;: &quot;Completed&quot;,
        &quot;QBRecordID&quot;: 4885,
        &quot;Third_Party_Dependant_For_Conne&quot;: null,
        &quot;Latitude&quot;: -25.88078119,
        &quot;Longitude&quot;: 28.18433921
      }
    },
    {
      &quot;attributes&quot;: {
        &quot;Precincts&quot;: &quot;Bauhania Street&quot;,
        &quot;Quickbase_Status&quot;: &quot;Completed&quot;,
        &quot;QBRecordID&quot;: 5807,
        &quot;Third_Party_Dependant_For_Conne&quot;: null,
        &quot;Latitude&quot;: -25.88087602,
        &quot;Longitude&quot;: 28.1846323
      }
    },
    {
      &quot;attributes&quot;: {
        &quot;Precincts&quot;: &quot;Bauhania Street&quot;,
        &quot;Quickbase_Status&quot;: &quot;Completed&quot;,
        &quot;QBRecordID&quot;: 5808,
        &quot;Third_Party_Dependant_For_Conne&quot;: null,
        &quot;Latitude&quot;: -25.88109976,
        &quot;Longitude&quot;: 28.18502359
      }
    },
    {
      &quot;attributes&quot;: {
        &quot;Precincts&quot;: &quot;Bauhania Street&quot;,
        &quot;Quickbase_Status&quot;: &quot;Completed&quot;,
        &quot;QBRecordID&quot;: 5874,
        &quot;Third_Party_Dependant_For_Conne&quot;: null,
        &quot;Latitude&quot;: -25.88214461,
        &quot;Longitude&quot;: 28.18257492
      }
    },
    {
      &quot;attributes&quot;: {
        &quot;Precincts&quot;: &quot;Bauhania Street&quot;,
        &quot;Quickbase_Status&quot;: &quot;Completed&quot;,
        &quot;QBRecordID&quot;: 5870,
        &quot;Third_Party_Dependant_For_Conne&quot;: null,
        &quot;Latitude&quot;: -25.88194007,
        &quot;Longitude&quot;: 28.18244298
      }
    },
    {
      &quot;attributes&quot;: {
        &quot;Precincts&quot;: &quot;Bauhania Street&quot;,
        &quot;Quickbase_Status&quot;: &quot;Completed&quot;,
        &quot;QBRecordID&quot;: 5855,
        &quot;Third_Party_Dependant_For_Conne&quot;: null,
        &quot;Latitude&quot;: -25.88079716,
        &quot;Longitude&quot;: 28.18192597
      }
    },
    {
      &quot;attributes&quot;: {
        &quot;Precincts&quot;: &quot;Bauhania Street&quot;,
        &quot;Quickbase_Status&quot;: &quot;Completed&quot;,
        &quot;QBRecordID&quot;: 5856,
        &quot;Third_Party_Dependant_For_Conne&quot;: null,
        &quot;Latitude&quot;: -25.88071757,
        &quot;Longitude&quot;: 28.18225047
      }
    },
    {
      &quot;attributes&quot;: {
        &quot;Precincts&quot;: &quot;Bauhania Street&quot;,
        &quot;Quickbase_Status&quot;: &quot;Completed&quot;,
        &quot;QBRecordID&quot;: 5859,
        &quot;Third_Party_Dependant_For_Conne&quot;: null,
        &quot;Latitude&quot;: -25.88108149,
        &quot;Longitude&quot;: 28.18207209
      }
    },
    {
      &quot;attributes&quot;: {
        &quot;Precincts&quot;: &quot;Bauhania Street&quot;,
        &quot;Quickbase_Status&quot;: &quot;Completed&quot;,
        &quot;QBRecordID&quot;: 5860,
        &quot;Third_Party_Dependant_For_Conne&quot;: null,
        &quot;Latitude&quot;: -25.88101589,
        &quot;Longitude&quot;: 28.18233581
      }
    },
    {
      &quot;attributes&quot;: {
        &quot;Precincts&quot;: &quot;Bauhania Street&quot;,
        &quot;Quickbase_Status&quot;: &quot;Completed&quot;,
        &quot;QBRecordID&quot;: 5865,
        &quot;Third_Party_Dependant_For_Conne&quot;: null,
        &quot;Latitude&quot;: -25.88136999,
        &quot;Longitude&quot;: 28.18212678
      }
    },
    {
      &quot;attributes&quot;: {
        &quot;Precincts&quot;: &quot;Bauhania Street&quot;,
        &quot;Quickbase_Status&quot;: &quot;Completed&quot;,
        &quot;QBRecordID&quot;: 5852,
        &quot;Third_Party_Dependant_For_Conne&quot;: null,
        &quot;Latitude&quot;: -25.88037754,
        &quot;Longitude&quot;: 28.18184121
      }
    },
    {
      &quot;attributes&quot;: {
        &quot;Precincts&quot;: &quot;Bauhania Street&quot;,
        &quot;Quickbase_Status&quot;: &quot;Completed&quot;,
        &quot;QBRecordID&quot;: 5851,
        &quot;Third_Party_Dependant_For_Conne&quot;: null,
        &quot;Latitude&quot;: -25.88045824,
        &quot;Longitude&quot;: 28.18159483
      }
    },
    {
      &quot;attributes&quot;: {
        &quot;Precincts&quot;: &quot;Bauhania Street&quot;,
        &quot;Quickbase_Status&quot;: &quot;Completed&quot;,
        &quot;QBRecordID&quot;: 5848,
        &quot;Third_Party_Dependant_For_Conne&quot;: null,
        &quot;Latitude&quot;: -25.88016188,
        &quot;Longitude&quot;: 28.18169894
      }
    },
    {
      &quot;attributes&quot;: {
        &quot;Precincts&quot;: &quot;Bauhania Street&quot;,
        &quot;Quickbase_Status&quot;: &quot;Completed&quot;,
        &quot;QBRecordID&quot;: 5849,
        &quot;Third_Party_Dependant_For_Conne&quot;: null,
        &quot;Latitude&quot;: -25.8800737,
        &quot;Longitude&quot;: 28.18204041
      }
    },
    {
      &quot;attributes&quot;: {
        &quot;Precincts&quot;: &quot;Bauhania Street&quot;,
        &quot;Quickbase_Status&quot;: &quot;Completed&quot;,
        &quot;QBRecordID&quot;: 5847,
        &quot;Third_Party_Dependant_For_Conne&quot;: null,
        &quot;Latitude&quot;: -25.87986552,
        &quot;Longitude&quot;: 28.1819198
      }
    },
    {
      &quot;attributes&quot;: {
        &quot;Precincts&quot;: &quot;Bauhania Street&quot;,
        &quot;Quickbase_Status&quot;: &quot;Completed&quot;,
        &quot;QBRecordID&quot;: 5845,
        &quot;Third_Party_Dependant_For_Conne&quot;: null,
        &quot;Latitude&quot;: -25.87958965,
        &quot;Longitude&quot;: 28.18237184
      }
    },
    {
      &quot;attributes&quot;: {
        &quot;Precincts&quot;: &quot;Bryanston Extension&quot;,
        &quot;Quickbase_Status&quot;: &quot;Completed&quot;,
        &quot;QBRecordID&quot;: 1873,
        &quot;Third_Party_Dependant_For_Conne&quot;: null,
        &quot;Latitude&quot;: -26.04641915,
        &quot;Longitude&quot;: 28.01913838
      }
    },
    {
      &quot;attributes&quot;: {
        &quot;Precincts&quot;: &quot;Bryanston Extension&quot;,
        &quot;Quickbase_Status&quot;: &quot;Completed&quot;,
        &quot;QBRecordID&quot;: 1913,
        &quot;Third_Party_Dependant_For_Conne&quot;: null,
        &quot;Latitude&quot;: -26.0455313,
        &quot;Longitude&quot;: 28.01864307
      }
    },
    {
      &quot;attributes&quot;: {
        &quot;Precincts&quot;: &quot;Bryanston Extension&quot;,
        &quot;Quickbase_Status&quot;: &quot;Completed&quot;,
        &quot;QBRecordID&quot;: 1912,
        &quot;Third_Party_Dependant_For_Conne&quot;: null,
        &quot;Latitude&quot;: -26.04582944,
        &quot;Longitude&quot;: 28.01894488
      }
    },
    {
      &quot;attributes&quot;: {
        &quot;Precincts&quot;: &quot;Bryanston Extension&quot;,
        &quot;Quickbase_Status&quot;: &quot;Completed&quot;,
        &quot;QBRecordID&quot;: 1917,
        &quot;Third_Party_Dependant_For_Conne&quot;: null,
        &quot;Latitude&quot;: -26.04587247,
        &quot;Longitude&quot;: 28.01742276
      }
    },
    {
      &quot;attributes&quot;: {
        &quot;Precincts&quot;: &quot;Georgian Crescent&quot;,
        &quot;Quickbase_Status&quot;: &quot;Completed&quot;,
        &quot;QBRecordID&quot;: 315,
        &quot;Third_Party_Dependant_For_Conne&quot;: null,
        &quot;Latitude&quot;: -26.04089313,
        &quot;Longitude&quot;: 28.01697557
      }
    },
    {
      &quot;attributes&quot;: {
        &quot;Precincts&quot;: &quot;Impala&quot;,
        &quot;Quickbase_Status&quot;: &quot;Completed&quot;,
        &quot;QBRecordID&quot;: 179,
        &quot;Third_Party_Dependant_For_Conne&quot;: null,
        &quot;Latitude&quot;: -26.11604572,
        &quot;Longitude&quot;: 28.04964101
      }
    },
    {
      &quot;attributes&quot;: {
        &quot;Precincts&quot;: &quot;Impala&quot;,
        &quot;Quickbase_Status&quot;: &quot;Completed&quot;,
        &quot;QBRecordID&quot;: 159,
        &quot;Third_Party_Dependant_For_Conne&quot;: null,
        &quot;Latitude&quot;: -26.11515179,
        &quot;Longitude&quot;: 28.05193727
      }
    },
    {
      &quot;attributes&quot;: {
        &quot;Precincts&quot;: &quot;Country Club Estate&quot;,
        &quot;Quickbase_Status&quot;: &quot;Completed&quot;,
        &quot;QBRecordID&quot;: 506,
        &quot;Third_Party_Dependant_For_Conne&quot;: null,
        &quot;Latitude&quot;: -26.06073036,
        &quot;Longitude&quot;: 28.08239801
      }
    },
    {
      &quot;attributes&quot;: {
        &quot;Precincts&quot;: &quot;Eaton&quot;,
        &quot;Quickbase_Status&quot;: &quot;Completed&quot;,
        &quot;QBRecordID&quot;: 216,
        &quot;Third_Party_Dependant_For_Conne&quot;: null,
        &quot;Latitude&quot;: -26.04647793,
        &quot;Longitude&quot;: 28.02363051
      }
    },
    {
      &quot;attributes&quot;: {
        &quot;Precincts&quot;: &quot;Eaton&quot;,
        &quot;Quickbase_Status&quot;: &quot;Completed&quot;,
        &quot;QBRecordID&quot;: 218,
        &quot;Third_Party_Dependant_For_Conne&quot;: null,
        &quot;Latitude&quot;: -26.04366349,
        &quot;Longitude&quot;: 28.02043829
      }
    },
    {
      &quot;attributes&quot;: {
        &quot;Precincts&quot;: &quot;Eaton&quot;,
        &quot;Quickbase_Status&quot;: &quot;Completed&quot;,
        &quot;QBRecordID&quot;: 3956,
        &quot;Third_Party_Dependant_For_Conne&quot;: null,
        &quot;Latitude&quot;: -26.04578504,
        &quot;Longitude&quot;: 28.02287383
      }
    },
    {
      &quot;attributes&quot;: {
        &quot;Precincts&quot;: &quot;Saddle Drive&quot;,
        &quot;Quickbase_Status&quot;: &quot;Completed&quot;,
        &quot;QBRecordID&quot;: 3549,
        &quot;Third_Party_Dependant_For_Conne&quot;: null,
        &quot;Latitude&quot;: -26.04411851,
        &quot;Longitude&quot;: 28.08796398
      }
    },
    {
      &quot;attributes&quot;: {
        &quot;Precincts&quot;: &quot;TechnoPark&quot;,
        &quot;Quickbase_Status&quot;: &quot;Completed&quot;,
        &quot;QBRecordID&quot;: 911,
        &quot;Third_Party_Dependant_For_Conne&quot;: null,
        &quot;Latitude&quot;: -33.9657067,
        &quot;Longitude&quot;: 18.84077102
      }
    },
    {
      &quot;attributes&quot;: {
        &quot;Precincts&quot;: &quot;TechnoPark&quot;,
        &quot;Quickbase_Status&quot;: &quot;Completed&quot;,
        &quot;QBRecordID&quot;: 1783,
        &quot;Third_Party_Dependant_For_Conne&quot;: null,
        &quot;Latitude&quot;: -33.96540297,
        &quot;Longitude&quot;: 18.83976974
      }
    },
    {
      &quot;attributes&quot;: {
        &quot;Precincts&quot;: &quot;TechnoPark&quot;,
        &quot;Quickbase_Status&quot;: &quot;Completed&quot;,
        &quot;QBRecordID&quot;: 2282,
        &quot;Third_Party_Dependant_For_Conne&quot;: null,
        &quot;Latitude&quot;: -33.96535354,
        &quot;Longitude&quot;: 18.84020197
      }
    },
    {
      &quot;attributes&quot;: {
        &quot;Precincts&quot;: &quot;TechnoPark&quot;,
        &quot;Quickbase_Status&quot;: &quot;Completed&quot;,
        &quot;QBRecordID&quot;: 3900,
        &quot;Third_Party_Dependant_For_Conne&quot;: null,
        &quot;Latitude&quot;: -33.96597648,
        &quot;Longitude&quot;: 18.83630501
      }
    },
    {
      &quot;attributes&quot;: {
        &quot;Precincts&quot;: &quot;Riverview Office Park&quot;,
        &quot;Quickbase_Status&quot;: &quot;Completed&quot;,
        &quot;QBRecordID&quot;: 2617,
        &quot;Third_Party_Dependant_For_Conne&quot;: null,
        &quot;Latitude&quot;: -25.99999752,
        &quot;Longitude&quot;: 28.11972287
      }
    },
    {
      &quot;attributes&quot;: {
        &quot;Precincts&quot;: &quot;Riverview Office Park&quot;,
        &quot;Quickbase_Status&quot;: &quot;Completed&quot;,
        &quot;QBRecordID&quot;: 2618,
        &quot;Third_Party_Dependant_For_Conne&quot;: null,
        &quot;Latitude&quot;: -25.99953035,
        &quot;Longitude&quot;: 28.11951425
      }
    },
    {
      &quot;attributes&quot;: {
        &quot;Precincts&quot;: &quot;Riverview Office Park&quot;,
        &quot;Quickbase_Status&quot;: &quot;Completed&quot;,
        &quot;QBRecordID&quot;: 2619,
        &quot;Third_Party_Dependant_For_Conne&quot;: null,
        &quot;Latitude&quot;: -25.99908364,
        &quot;Longitude&quot;: 28.11911576
      }
    },
    {
      &quot;attributes&quot;: {
        &quot;Precincts&quot;: &quot;Girton&quot;,
        &quot;Quickbase_Status&quot;: &quot;Completed&quot;,
        &quot;QBRecordID&quot;: 815,
        &quot;Third_Party_Dependant_For_Conne&quot;: null,
        &quot;Latitude&quot;: -26.18320931,
        &quot;Longitude&quot;: 28.03714643
      }
    },
    {
      &quot;attributes&quot;: {
        &quot;Precincts&quot;: &quot;Oberon&quot;,
        &quot;Quickbase_Status&quot;: &quot;Completed&quot;,
        &quot;QBRecordID&quot;: 2320,
        &quot;Third_Party_Dependant_For_Conne&quot;: null,
        &quot;Latitude&quot;: -25.78166563,
        &quot;Longitude&quot;: 28.28994786
      }
    },
    {
      &quot;attributes&quot;: {
        &quot;Precincts&quot;: &quot;CPT CBD Phase 02&quot;,
        &quot;Quickbase_Status&quot;: &quot;Completed&quot;,
        &quot;QBRecordID&quot;: 3097,
        &quot;Third_Party_Dependant_For_Conne&quot;: null,
        &quot;Latitude&quot;: -33.92114834,
        &quot;Longitude&quot;: 18.43299305
      }
    },
    {
      &quot;attributes&quot;: {
        &quot;Precincts&quot;: &quot;Skeen Boulevard&quot;,
        &quot;Quickbase_Status&quot;: &quot;Completed&quot;,
        &quot;QBRecordID&quot;: 1164,
        &quot;Third_Party_Dependant_For_Conne&quot;: null,
        &quot;Latitude&quot;: -26.17533755,
        &quot;Longitude&quot;: 28.13246701
      }
    },
    {
      &quot;attributes&quot;: {
        &quot;Precincts&quot;: &quot;Skeen Boulevard&quot;,
        &quot;Quickbase_Status&quot;: &quot;Completed&quot;,
        &quot;QBRecordID&quot;: 91362,
        &quot;Third_Party_Dependant_For_Conne&quot;: null,
        &quot;Latitude&quot;: -26.17473251,
        &quot;Longitude&quot;: 28.13267481
      }
    },
    {
      &quot;attributes&quot;: {
        &quot;Precincts&quot;: &quot;Skeen Boulevard&quot;,
        &quot;Quickbase_Status&quot;: &quot;Completed&quot;,
        &quot;QBRecordID&quot;: 1171,
        &quot;Third_Party_Dependant_For_Conne&quot;: null,
        &quot;Latitude&quot;: -26.17422713,
        &quot;Longitude&quot;: 28.13398966
      }
    },
    {
      &quot;attributes&quot;: {
        &quot;Precincts&quot;: &quot;Sunninghill&quot;,
        &quot;Quickbase_Status&quot;: &quot;Completed&quot;,
        &quot;QBRecordID&quot;: 718,
        &quot;Third_Party_Dependant_For_Conne&quot;: null,
        &quot;Latitude&quot;: -26.03508249,
        &quot;Longitude&quot;: 28.06795167
      }
    },
    {
      &quot;attributes&quot;: {
        &quot;Precincts&quot;: &quot;Sunninghill&quot;,
        &quot;Quickbase_Status&quot;: &quot;Completed&quot;,
        &quot;QBRecordID&quot;: 374,
        &quot;Third_Party_Dependant_For_Conne&quot;: null,
        &quot;Latitude&quot;: -26.03385129,
        &quot;Longitude&quot;: 28.0671354
      }
    },
    {
      &quot;attributes&quot;: {
        &quot;Precincts&quot;: &quot;Sunninghill&quot;,
        &quot;Quickbase_Status&quot;: &quot;Completed&quot;,
        &quot;QBRecordID&quot;: 714,
        &quot;Third_Party_Dependant_For_Conne&quot;: null,
        &quot;Latitude&quot;: -26.03190489,
        &quot;Longitude&quot;: 28.06705246
      }
    },
    {
      &quot;attributes&quot;: {
        &quot;Precincts&quot;: &quot;Sandton Phase 1&quot;,
        &quot;Quickbase_Status&quot;: &quot;Completed&quot;,
        &quot;QBRecordID&quot;: 2909,
        &quot;Third_Party_Dependant_For_Conne&quot;: null,
        &quot;Latitude&quot;: -26.10188644,
        &quot;Longitude&quot;: 28.05236624
      }
    },
    {
      &quot;attributes&quot;: {
        &quot;Precincts&quot;: &quot;Sandton Phase 1&quot;,
        &quot;Quickbase_Status&quot;: &quot;Completed&quot;,
        &quot;QBRecordID&quot;: 2902,
        &quot;Third_Party_Dependant_For_Conne&quot;: null,
        &quot;Latitude&quot;: -26.10108108,
        &quot;Longitude&quot;: 28.05325535
      }
    },
    {
      &quot;attributes&quot;: {
        &quot;Precincts&quot;: &quot;Sandton Phase 2&quot;,
        &quot;Quickbase_Status&quot;: &quot;Completed&quot;,
        &quot;QBRecordID&quot;: 4026,
        &quot;Third_Party_Dependant_For_Conne&quot;: null,
        &quot;Latitude&quot;: -26.10322896,
        &quot;Longitude&quot;: 28.05652757
      }
    },
    {
      &quot;attributes&quot;: {
        &quot;Precincts&quot;: &quot;Richards Drive&quot;,
        &quot;Quickbase_Status&quot;: &quot;Completed&quot;,
        &quot;QBRecordID&quot;: 2675,
        &quot;Third_Party_Dependant_For_Conne&quot;: null,
        &quot;Latitude&quot;: -26.01399723,
        &quot;Longitude&quot;: 28.12378389
      }
    },
    {
      &quot;attributes&quot;: {
        &quot;Precincts&quot;: &quot;Impala&quot;,
        &quot;Quickbase_Status&quot;: &quot;Completed&quot;,
        &quot;QBRecordID&quot;: 172,
        &quot;Third_Party_Dependant_For_Conne&quot;: null,
        &quot;Latitude&quot;: -26.11511065,
        &quot;Longitude&quot;: 28.05422498
      }
    },
    {
      &quot;attributes&quot;: {
        &quot;Precincts&quot;: &quot;TechnoPark&quot;,
        &quot;Quickbase_Status&quot;: &quot;Completed&quot;,
        &quot;QBRecordID&quot;: 1341,
        &quot;Third_Party_Dependant_For_Conne&quot;: null,
        &quot;Latitude&quot;: -33.96486127,
        &quot;Longitude&quot;: 18.84098792
      }
    },
    {
      &quot;attributes&quot;: {
        &quot;Precincts&quot;: &quot;TechnoPark&quot;,
        &quot;Quickbase_Status&quot;: &quot;Completed&quot;,
        &quot;QBRecordID&quot;: 800,
        &quot;Third_Party_Dependant_For_Conne&quot;: null,
        &quot;Latitude&quot;: -33.96329077,
        &quot;Longitude&quot;: 18.83739767
      }
    },
    {
      &quot;attributes&quot;: {
        &quot;Precincts&quot;: &quot;TechnoPark&quot;,
        &quot;Quickbase_Status&quot;: &quot;Completed&quot;,
        &quot;QBRecordID&quot;: 71304,
        &quot;Third_Party_Dependant_For_Conne&quot;: null,
        &quot;Latitude&quot;: -33.96622392,
        &quot;Longitude&quot;: 18.83764961
      }
    },
    {
      &quot;attributes&quot;: {
        &quot;Precincts&quot;: &quot;TechnoPark&quot;,
        &quot;Quickbase_Status&quot;: &quot;Completed&quot;,
        &quot;QBRecordID&quot;: 1280,
        &quot;Third_Party_Dependant_For_Conne&quot;: null,
        &quot;Latitude&quot;: -33.96456879,
        &quot;Longitude&quot;: 18.83596631
      }
    },
    {
      &quot;attributes&quot;: {
        &quot;Precincts&quot;: &quot;TechnoPark&quot;,
        &quot;Quickbase_Status&quot;: &quot;Completed&quot;,
        &quot;QBRecordID&quot;: 821,
        &quot;Third_Party_Dependant_For_Conne&quot;: null,
        &quot;Latitude&quot;: -33.96457228,
        &quot;Longitude&quot;: 18.83961452
      }
    },
    {
      &quot;attributes&quot;: {
        &quot;Precincts&quot;: &quot;Western Services&quot;,
        &quot;Quickbase_Status&quot;: &quot;Completed&quot;,
        &quot;QBRecordID&quot;: 2502,
        &quot;Third_Party_Dependant_For_Conne&quot;: null,
        &quot;Latitude&quot;: -26.05706721,
        &quot;Longitude&quot;: 28.08872521
      }
    },
    {
      &quot;attributes&quot;: {
        &quot;Precincts&quot;: &quot;Western Services&quot;,
        &quot;Quickbase_Status&quot;: &quot;Completed&quot;,
        &quot;QBRecordID&quot;: 2518,
        &quot;Third_Party_Dependant_For_Conne&quot;: null,
        &quot;Latitude&quot;: -26.05887501,
        &quot;Longitude&quot;: 28.08989647
      }
    },
    {
      &quot;attributes&quot;: {
        &quot;Precincts&quot;: &quot;Western Services&quot;,
        &quot;Quickbase_Status&quot;: &quot;Completed&quot;,
        &quot;QBRecordID&quot;: 2515,
        &quot;Third_Party_Dependant_For_Conne&quot;: null,
        &quot;Latitude&quot;: -26.05822761,
        &quot;Longitude&quot;: 28.0897956
      }
    },
    {
      &quot;attributes&quot;: {
        &quot;Precincts&quot;: &quot;Western Services&quot;,
        &quot;Quickbase_Status&quot;: &quot;Completed&quot;,
        &quot;QBRecordID&quot;: 2519,
        &quot;Third_Party_Dependant_For_Conne&quot;: null,
        &quot;Latitude&quot;: -26.05962602,
        &quot;Longitude&quot;: 28.08993138
      }
    },
    {
      &quot;attributes&quot;: {
        &quot;Precincts&quot;: &quot;Girton&quot;,
        &quot;Quickbase_Status&quot;: &quot;Completed&quot;,
        &quot;QBRecordID&quot;: 18378,
        &quot;Third_Party_Dependant_For_Conne&quot;: null,
        &quot;Latitude&quot;: -26.18418523,
        &quot;Longitude&quot;: 28.04028887
      }
    },
    {
      &quot;attributes&quot;: {
        &quot;Precincts&quot;: &quot;Bauhania Street&quot;,
        &quot;Quickbase_Status&quot;: &quot;Completed&quot;,
        &quot;QBRecordID&quot;: 5858,
        &quot;Third_Party_Dependant_For_Conne&quot;: null,
        &quot;Latitude&quot;: -25.88051127,
        &quot;Longitude&quot;: 28.18302287
      }
    },
    {
      &quot;attributes&quot;: {
        &quot;Precincts&quot;: &quot;Bauhania Street&quot;,
        &quot;Quickbase_Status&quot;: &quot;Completed&quot;,
        &quot;QBRecordID&quot;: 5854,
        &quot;Third_Party_Dependant_For_Conne&quot;: null,
        &quot;Latitude&quot;: -25.88015636,
        &quot;Longitude&quot;: 28.18265496
      }
    },
    {
      &quot;attributes&quot;: {
        &quot;Precincts&quot;: &quot;Bauhania Street&quot;,
        &quot;Quickbase_Status&quot;: &quot;Completed&quot;,
        &quot;QBRecordID&quot;: 5850,
        &quot;Third_Party_Dependant_For_Conne&quot;: null,
        &quot;Latitude&quot;: -25.87998991,
        &quot;Longitude&quot;: 28.18251493
      }
    },
    {
      &quot;attributes&quot;: {
        &quot;Precincts&quot;: &quot;Bauhania Street&quot;,
        &quot;Quickbase_Status&quot;: &quot;Completed&quot;,
        &quot;QBRecordID&quot;: 5853,
        &quot;Third_Party_Dependant_For_Conne&quot;: null,
        &quot;Latitude&quot;: -25.88030753,
        &quot;Longitude&quot;: 28.18211672
      }
    },
    {
      &quot;attributes&quot;: {
        &quot;Precincts&quot;: &quot;Bauhania Street&quot;,
        &quot;Quickbase_Status&quot;: &quot;Completed&quot;,
        &quot;QBRecordID&quot;: 5846,
        &quot;Third_Party_Dependant_For_Conne&quot;: null,
        &quot;Latitude&quot;: -25.87958314,
        &quot;Longitude&quot;: 28.18195239
      }
    },
    {
      &quot;attributes&quot;: {
        &quot;Precincts&quot;: &quot;Bauhania Street&quot;,
        &quot;Quickbase_Status&quot;: &quot;Completed&quot;,
        &quot;QBRecordID&quot;: 5844,
        &quot;Third_Party_Dependant_For_Conne&quot;: null,
        &quot;Latitude&quot;: -25.87938482,
        &quot;Longitude&quot;: 28.18205027
      }
    },
    {
      &quot;attributes&quot;: {
        &quot;Precincts&quot;: &quot;Bauhania Street&quot;,
        &quot;Quickbase_Status&quot;: &quot;Completed&quot;,
        &quot;QBRecordID&quot;: 5843,
        &quot;Third_Party_Dependant_For_Conne&quot;: null,
        &quot;Latitude&quot;: -25.87916896,
        &quot;Longitude&quot;: 28.18216952
      }
    },
    {
      &quot;attributes&quot;: {
        &quot;Precincts&quot;: &quot;Bauhania Street&quot;,
        &quot;Quickbase_Status&quot;: &quot;Completed&quot;,
        &quot;QBRecordID&quot;: 5842,
        &quot;Third_Party_Dependant_For_Conne&quot;: null,
        &quot;Latitude&quot;: -25.87888469,
        &quot;Longitude&quot;: 28.18257261
      }
    },
    {
      &quot;attributes&quot;: {
        &quot;Precincts&quot;: &quot;Bauhania Street&quot;,
        &quot;Quickbase_Status&quot;: &quot;Completed&quot;,
        &quot;QBRecordID&quot;: 5841,
        &quot;Third_Party_Dependant_For_Conne&quot;: null,
        &quot;Latitude&quot;: -25.87880538,
        &quot;Longitude&quot;: 28.18279113
      }
    },
    {
      &quot;attributes&quot;: {
        &quot;Precincts&quot;: &quot;Bauhania Street&quot;,
        &quot;Quickbase_Status&quot;: &quot;Completed&quot;,
        &quot;QBRecordID&quot;: 5840,
        &quot;Third_Party_Dependant_For_Conne&quot;: null,
        &quot;Latitude&quot;: -25.8785646,
        &quot;Longitude&quot;: 28.18300535
      }
    },
    {
      &quot;attributes&quot;: {
        &quot;Precincts&quot;: &quot;Bauhania Street&quot;,
        &quot;Quickbase_Status&quot;: &quot;Completed&quot;,
        &quot;QBRecordID&quot;: 5839,
        &quot;Third_Party_Dependant_For_Conne&quot;: null,
        &quot;Latitude&quot;: -25.87831334,
        &quot;Longitude&quot;: 28.18312162
      }
    },
    {
      &quot;attributes&quot;: {
        &quot;Precincts&quot;: &quot;Bauhania Street&quot;,
        &quot;Quickbase_Status&quot;: &quot;Completed&quot;,
        &quot;QBRecordID&quot;: 4887,
        &quot;Third_Party_Dependant_For_Conne&quot;: null,
        &quot;Latitude&quot;: -25.87812096,
        &quot;Longitude&quot;: 28.1831993
      }
    },
    {
      &quot;attributes&quot;: {
        &quot;Precincts&quot;: &quot;Richards Drive&quot;,
        &quot;Quickbase_Status&quot;: &quot;Completed&quot;,
        &quot;QBRecordID&quot;: 2441,
        &quot;Third_Party_Dependant_For_Conne&quot;: null,
        &quot;Latitude&quot;: -26.01309898,
        &quot;Longitude&quot;: 28.1232198
      }
    },
    {
      &quot;attributes&quot;: {
        &quot;Precincts&quot;: &quot;Richards Drive&quot;,
        &quot;Quickbase_Status&quot;: &quot;Completed&quot;,
        &quot;QBRecordID&quot;: 2443,
        &quot;Third_Party_Dependant_For_Conne&quot;: null,
        &quot;Latitude&quot;: -26.01381675,
        &quot;Longitude&quot;: 28.12611181
      }
    },
    {
      &quot;attributes&quot;: {
        &quot;Precincts&quot;: &quot;Rivonia North&quot;,
        &quot;Quickbase_Status&quot;: &quot;Completed&quot;,
        &quot;QBRecordID&quot;: 628,
        &quot;Third_Party_Dependant_For_Conne&quot;: null,
        &quot;Latitude&quot;: -26.03915113,
        &quot;Longitude&quot;: 28.05765601
      }
    },
    {
      &quot;attributes&quot;: {
        &quot;Precincts&quot;: &quot;Sandton Phase 2&quot;,
        &quot;Quickbase_Status&quot;: &quot;Completed&quot;,
        &quot;QBRecordID&quot;: 4038,
        &quot;Third_Party_Dependant_For_Conne&quot;: null,
        &quot;Latitude&quot;: -26.10397115,
        &quot;Longitude&quot;: 28.05202355
      }
    },
    {
      &quot;attributes&quot;: {
        &quot;Precincts&quot;: &quot;Richards Drive&quot;,
        &quot;Quickbase_Status&quot;: &quot;Completed&quot;,
        &quot;QBRecordID&quot;: 2467,
        &quot;Third_Party_Dependant_For_Conne&quot;: null,
        &quot;Latitude&quot;: -26.01610751,
        &quot;Longitude&quot;: 28.12104334
      }
    },
    {
      &quot;attributes&quot;: {
        &quot;Precincts&quot;: &quot;Muswell&quot;,
        &quot;Quickbase_Status&quot;: &quot;Completed&quot;,
        &quot;QBRecordID&quot;: 194,
        &quot;Third_Party_Dependant_For_Conne&quot;: null,
        &quot;Latitude&quot;: -26.04975785,
        &quot;Longitude&quot;: 28.02238447
      }
    },
    {
      &quot;attributes&quot;: {
        &quot;Precincts&quot;: &quot;Homestead&quot;,
        &quot;Quickbase_Status&quot;: &quot;Completed&quot;,
        &quot;QBRecordID&quot;: 248,
        &quot;Third_Party_Dependant_For_Conne&quot;: null,
        &quot;Latitude&quot;: -26.04599081,
        &quot;Longitude&quot;: 28.05792353
      }
    },
    {
      &quot;attributes&quot;: {
        &quot;Precincts&quot;: &quot;Mellis&quot;,
        &quot;Quickbase_Status&quot;: &quot;Completed&quot;,
        &quot;QBRecordID&quot;: 292,
        &quot;Third_Party_Dependant_For_Conne&quot;: null,
        &quot;Latitude&quot;: -26.04465901,
        &quot;Longitude&quot;: 28.05840741
      }
    },
    {
      &quot;attributes&quot;: {
        &quot;Precincts&quot;: &quot;Mellis&quot;,
        &quot;Quickbase_Status&quot;: &quot;Completed&quot;,
        &quot;QBRecordID&quot;: 885,
        &quot;Third_Party_Dependant_For_Conne&quot;: null,
        &quot;Latitude&quot;: -26.04561417,
        &quot;Longitude&quot;: 28.05827881
      }
    },
    {
      &quot;attributes&quot;: {
        &quot;Precincts&quot;: &quot;Georgian Crescent&quot;,
        &quot;Quickbase_Status&quot;: &quot;Completed&quot;,
        &quot;QBRecordID&quot;: 320,
        &quot;Third_Party_Dependant_For_Conne&quot;: null,
        &quot;Latitude&quot;: -26.04127971,
        &quot;Longitude&quot;: 28.01571482
      }
    },
    {
      &quot;attributes&quot;: {
        &quot;Precincts&quot;: &quot;Eaton&quot;,
        &quot;Quickbase_Status&quot;: &quot;Completed&quot;,
        &quot;QBRecordID&quot;: 207,
        &quot;Third_Party_Dependant_For_Conne&quot;: null,
        &quot;Latitude&quot;: -26.0460982,
        &quot;Longitude&quot;: 28.02019356
      }
    },
    {
      &quot;attributes&quot;: {
        &quot;Precincts&quot;: &quot;Saddle Drive&quot;,
        &quot;Quickbase_Status&quot;: &quot;Completed&quot;,
        &quot;QBRecordID&quot;: 1831,
        &quot;Third_Party_Dependant_For_Conne&quot;: null,
        &quot;Latitude&quot;: -26.04693268,
        &quot;Longitude&quot;: 28.0897991
      }
    },
    {
      &quot;attributes&quot;: {
        &quot;Precincts&quot;: &quot;Country Club Estate&quot;,
        &quot;Quickbase_Status&quot;: &quot;Completed&quot;,
        &quot;QBRecordID&quot;: 503,
        &quot;Third_Party_Dependant_For_Conne&quot;: null,
        &quot;Latitude&quot;: -26.06030064,
        &quot;Longitude&quot;: 28.08246698
      }
    },
    {
      &quot;attributes&quot;: {
        &quot;Precincts&quot;: &quot;Country Club Estate&quot;,
        &quot;Quickbase_Status&quot;: &quot;Completed&quot;,
        &quot;QBRecordID&quot;: 492,
        &quot;Third_Party_Dependant_For_Conne&quot;: null,
        &quot;Latitude&quot;: -26.05713542,
        &quot;Longitude&quot;: 28.08414151
      }
    },
    {
      &quot;attributes&quot;: {
        &quot;Precincts&quot;: &quot;Claremont&quot;,
        &quot;Quickbase_Status&quot;: &quot;Completed&quot;,
        &quot;QBRecordID&quot;: 390,
        &quot;Third_Party_Dependant_For_Conne&quot;: null,
        &quot;Latitude&quot;: -33.97751922,
        &quot;Longitude&quot;: 18.46570991
      }
    },
    {
      &quot;attributes&quot;: {
        &quot;Precincts&quot;: &quot;Eaton&quot;,
        &quot;Quickbase_Status&quot;: &quot;Completed&quot;,
        &quot;QBRecordID&quot;: 214,
        &quot;Third_Party_Dependant_For_Conne&quot;: null,
        &quot;Latitude&quot;: -26.04614344,
        &quot;Longitude&quot;: 28.02167874
      }
    },
    {
      &quot;attributes&quot;: {
        &quot;Precincts&quot;: &quot;Claremont&quot;,
        &quot;Quickbase_Status&quot;: &quot;Completed&quot;,
        &quot;QBRecordID&quot;: 747,
        &quot;Third_Party_Dependant_For_Conne&quot;: null,
        &quot;Latitude&quot;: -33.97976653,
        &quot;Longitude&quot;: 18.46031297
      }
    },
    {
      &quot;attributes&quot;: {
        &quot;Precincts&quot;: &quot;Claremont&quot;,
        &quot;Quickbase_Status&quot;: &quot;Completed&quot;,
        &quot;QBRecordID&quot;: 749,
        &quot;Third_Party_Dependant_For_Conne&quot;: null,
        &quot;Latitude&quot;: -33.97999786,
        &quot;Longitude&quot;: 18.46017998
      }
    },
    {
      &quot;attributes&quot;: {
        &quot;Precincts&quot;: &quot;Claremont&quot;,
        &quot;Quickbase_Status&quot;: &quot;Completed&quot;,
        &quot;QBRecordID&quot;: 748,
        &quot;Third_Party_Dependant_For_Conne&quot;: null,
        &quot;Latitude&quot;: -33.98017128,
        &quot;Longitude&quot;: 18.45990755
      }
    },
    {
      &quot;attributes&quot;: {
        &quot;Precincts&quot;: &quot;Claremont&quot;,
        &quot;Quickbase_Status&quot;: &quot;Completed&quot;,
        &quot;QBRecordID&quot;: 391,
        &quot;Third_Party_Dependant_For_Conne&quot;: null,
        &quot;Latitude&quot;: -33.98026689,
        &quot;Longitude&quot;: 18.45962829
      }
    },
    {
      &quot;attributes&quot;: {
        &quot;Precincts&quot;: &quot;Saddle Drive&quot;,
        &quot;Quickbase_Status&quot;: &quot;Completed&quot;,
        &quot;QBRecordID&quot;: 3953,
        &quot;Third_Party_Dependant_For_Conne&quot;: null,
        &quot;Latitude&quot;: -26.04844538,
        &quot;Longitude&quot;: 28.08850581
      }
    },
    {
      &quot;attributes&quot;: {
        &quot;Precincts&quot;: &quot;Saddle Drive&quot;,
        &quot;Quickbase_Status&quot;: &quot;Completed&quot;,
        &quot;QBRecordID&quot;: 1854,
        &quot;Third_Party_Dependant_For_Conne&quot;: null,
        &quot;Latitude&quot;: -26.04673382,
        &quot;Longitude&quot;: 28.08907844
      }
    },
    {
      &quot;attributes&quot;: {
        &quot;Precincts&quot;: &quot;Saddle Drive&quot;,
        &quot;Quickbase_Status&quot;: &quot;Completed&quot;,
        &quot;QBRecordID&quot;: 1834,
        &quot;Third_Party_Dependant_For_Conne&quot;: null,
        &quot;Latitude&quot;: -26.04636353,
        &quot;Longitude&quot;: 28.08983084
      }
    },
    {
      &quot;attributes&quot;: {
        &quot;Precincts&quot;: &quot;Girton&quot;,
        &quot;Quickbase_Status&quot;: &quot;Completed&quot;,
        &quot;QBRecordID&quot;: 789,
        &quot;Third_Party_Dependant_For_Conne&quot;: null,
        &quot;Latitude&quot;: -26.18487178,
        &quot;Longitude&quot;: 28.03788575
      }
    },
    {
      &quot;attributes&quot;: {
        &quot;Precincts&quot;: &quot;TechnoPark&quot;,
        &quot;Quickbase_Status&quot;: &quot;Completed&quot;,
        &quot;QBRecordID&quot;: 1343,
        &quot;Third_Party_Dependant_For_Conne&quot;: null,
        &quot;Latitude&quot;: -33.96501677,
        &quot;Longitude&quot;: 18.8387861
      }
    },
    {
      &quot;attributes&quot;: {
        &quot;Precincts&quot;: &quot;TechnoPark&quot;,
        &quot;Quickbase_Status&quot;: &quot;Completed&quot;,
        &quot;QBRecordID&quot;: 2197,
        &quot;Third_Party_Dependant_For_Conne&quot;: null,
        &quot;Latitude&quot;: -33.96590501,
        &quot;Longitude&quot;: 18.83037988
      }
    },
    {
      &quot;attributes&quot;: {
        &quot;Precincts&quot;: &quot;TechnoPark&quot;,
        &quot;Quickbase_Status&quot;: &quot;Completed&quot;,
        &quot;QBRecordID&quot;: 760,
        &quot;Third_Party_Dependant_For_Conne&quot;: null,
        &quot;Latitude&quot;: -33.96532626,
        &quot;Longitude&quot;: 18.84100175
      }
    },
    {
      &quot;attributes&quot;: {
        &quot;Precincts&quot;: &quot;Western Services&quot;,
        &quot;Quickbase_Status&quot;: &quot;Completed&quot;,
        &quot;QBRecordID&quot;: 2512,
        &quot;Third_Party_Dependant_For_Conne&quot;: null,
        &quot;Latitude&quot;: -26.05785468,
        &quot;Longitude&quot;: 28.08717047
      }
    },
    {
      &quot;attributes&quot;: {
        &quot;Precincts&quot;: &quot;Western Services&quot;,
        &quot;Quickbase_Status&quot;: &quot;Completed&quot;,
        &quot;QBRecordID&quot;: 2508,
        &quot;Third_Party_Dependant_For_Conne&quot;: null,
        &quot;Latitude&quot;: -26.05749568,
        &quot;Longitude&quot;: 28.08661433
      }
    },
    {
      &quot;attributes&quot;: {
        &quot;Precincts&quot;: &quot;Western Services&quot;,
        &quot;Quickbase_Status&quot;: &quot;Completed&quot;,
        &quot;QBRecordID&quot;: 2517,
        &quot;Third_Party_Dependant_For_Conne&quot;: null,
        &quot;Latitude&quot;: -26.06068673,
        &quot;Longitude&quot;: 28.09000486
      }
    },
    {
      &quot;attributes&quot;: {
        &quot;Precincts&quot;: &quot;Western Services&quot;,
        &quot;Quickbase_Status&quot;: &quot;Completed&quot;,
        &quot;QBRecordID&quot;: 2494,
        &quot;Third_Party_Dependant_For_Conne&quot;: null,
        &quot;Latitude&quot;: -26.06204881,
        &quot;Longitude&quot;: 28.08968004
      }
    },
    {
      &quot;attributes&quot;: {
        &quot;Precincts&quot;: &quot;Girton&quot;,
        &quot;Quickbase_Status&quot;: &quot;Completed&quot;,
        &quot;QBRecordID&quot;: 816,
        &quot;Third_Party_Dependant_For_Conne&quot;: null,
        &quot;Latitude&quot;: -26.18397598,
        &quot;Longitude&quot;: 28.03748292
      }
    },
    {
      &quot;attributes&quot;: {
        &quot;Precincts&quot;: &quot;Girton&quot;,
        &quot;Quickbase_Status&quot;: &quot;Completed&quot;,
        &quot;QBRecordID&quot;: 817,
        &quot;Third_Party_Dependant_For_Conne&quot;: null,
        &quot;Latitude&quot;: -26.18414662,
        &quot;Longitude&quot;: 28.03674915
      }
    },
    {
      &quot;attributes&quot;: {
        &quot;Precincts&quot;: &quot;Ballyclare (Bally Oakes incl)&quot;,
        &quot;Quickbase_Status&quot;: &quot;Completed&quot;,
        &quot;QBRecordID&quot;: 564,
        &quot;Third_Party_Dependant_For_Conne&quot;: null,
        &quot;Latitude&quot;: -26.07409113,
        &quot;Longitude&quot;: 28.03025181
      }
    },
    {
      &quot;attributes&quot;: {
        &quot;Precincts&quot;: &quot;Rosenpark&quot;,
        &quot;Quickbase_Status&quot;: &quot;Completed&quot;,
        &quot;QBRecordID&quot;: 2730,
        &quot;Third_Party_Dependant_For_Conne&quot;: null,
        &quot;Latitude&quot;: -33.86981169,
        &quot;Longitude&quot;: 18.64024679
      }
    },
    {
      &quot;attributes&quot;: {
        &quot;Precincts&quot;: &quot;Rosenpark&quot;,
        &quot;Quickbase_Status&quot;: &quot;Completed&quot;,
        &quot;QBRecordID&quot;: 2731,
        &quot;Third_Party_Dependant_For_Conne&quot;: null,
        &quot;Latitude&quot;: -33.86985972,
        &quot;Longitude&quot;: 18.64054265
      }
    },
    {
      &quot;attributes&quot;: {
        &quot;Precincts&quot;: &quot;Woodmead Estate&quot;,
        &quot;Quickbase_Status&quot;: &quot;Completed&quot;,
        &quot;QBRecordID&quot;: 3942,
        &quot;Third_Party_Dependant_For_Conne&quot;: null,
        &quot;Latitude&quot;: -26.05139414,
        &quot;Longitude&quot;: 28.08893235
      }
    },
    {
      &quot;attributes&quot;: {
        &quot;Precincts&quot;: &quot;Woodmead Estate&quot;,
        &quot;Quickbase_Status&quot;: &quot;Completed&quot;,
        &quot;QBRecordID&quot;: 3943,
        &quot;Third_Party_Dependant_For_Conne&quot;: null,
        &quot;Latitude&quot;: -26.0513371,
        &quot;Longitude&quot;: 28.08945641
      }
    },
    {
      &quot;attributes&quot;: {
        &quot;Precincts&quot;: &quot;Woodmead Estate&quot;,
        &quot;Quickbase_Status&quot;: &quot;Completed&quot;,
        &quot;QBRecordID&quot;: 3944,
        &quot;Third_Party_Dependant_For_Conne&quot;: null,
        &quot;Latitude&quot;: -26.05177702,
        &quot;Longitude&quot;: 28.08957091
      }
    },
    {
      &quot;attributes&quot;: {
        &quot;Precincts&quot;: &quot;Scott Street&quot;,
        &quot;Quickbase_Status&quot;: &quot;Completed&quot;,
        &quot;QBRecordID&quot;: 1717,
        &quot;Third_Party_Dependant_For_Conne&quot;: null,
        &quot;Latitude&quot;: -26.13471665,
        &quot;Longitude&quot;: 28.07030722
      }
    },
    {
      &quot;attributes&quot;: {
        &quot;Precincts&quot;: &quot;CPT CBD Phase 02&quot;,
        &quot;Quickbase_Status&quot;: &quot;Completed&quot;,
        &quot;QBRecordID&quot;: 3103,
        &quot;Third_Party_Dependant_For_Conne&quot;: null,
        &quot;Latitude&quot;: -33.92085428,
        &quot;Longitude&quot;: 18.4319668
      }
    },
    {
      &quot;attributes&quot;: {
        &quot;Precincts&quot;: &quot;Rosenpark&quot;,
        &quot;Quickbase_Status&quot;: &quot;Completed&quot;,
        &quot;QBRecordID&quot;: 2713,
        &quot;Third_Party_Dependant_For_Conne&quot;: null,
        &quot;Latitude&quot;: -33.86613707,
        &quot;Longitude&quot;: 18.64025948
      }
    },
    {
      &quot;attributes&quot;: {
        &quot;Precincts&quot;: &quot;Rosenpark&quot;,
        &quot;Quickbase_Status&quot;: &quot;Completed&quot;,
        &quot;QBRecordID&quot;: 2754,
        &quot;Third_Party_Dependant_For_Conne&quot;: null,
        &quot;Latitude&quot;: -33.87002218,
        &quot;Longitude&quot;: 18.64065831
      }
    },
    {
      &quot;attributes&quot;: {
        &quot;Precincts&quot;: &quot;Sunninghill&quot;,
        &quot;Quickbase_Status&quot;: &quot;Completed&quot;,
        &quot;QBRecordID&quot;: 381,
        &quot;Third_Party_Dependant_For_Conne&quot;: null,
        &quot;Latitude&quot;: -26.03535099,
        &quot;Longitude&quot;: 28.06855707
      }
    },
    {
      &quot;attributes&quot;: {
        &quot;Precincts&quot;: &quot;Sunninghill&quot;,
        &quot;Quickbase_Status&quot;: &quot;Completed&quot;,
        &quot;QBRecordID&quot;: 368,
        &quot;Third_Party_Dependant_For_Conne&quot;: null,
        &quot;Latitude&quot;: -26.0345085,
        &quot;Longitude&quot;: 28.06231444
      }
    },
    {
      &quot;attributes&quot;: {
        &quot;Precincts&quot;: &quot;Sunninghill&quot;,
        &quot;Quickbase_Status&quot;: &quot;Completed&quot;,
        &quot;QBRecordID&quot;: 719,
        &quot;Third_Party_Dependant_For_Conne&quot;: null,
        &quot;Latitude&quot;: -26.0352032,
        &quot;Longitude&quot;: 28.06711703
      }
    },
    {
      &quot;attributes&quot;: {
        &quot;Precincts&quot;: &quot;Sunninghill&quot;,
        &quot;Quickbase_Status&quot;: &quot;Completed&quot;,
        &quot;QBRecordID&quot;: 382,
        &quot;Third_Party_Dependant_For_Conne&quot;: null,
        &quot;Latitude&quot;: -26.03570137,
        &quot;Longitude&quot;: 28.06763757
      }
    },
    {
      &quot;attributes&quot;: {
        &quot;Precincts&quot;: &quot;Sunninghill&quot;,
        &quot;Quickbase_Status&quot;: &quot;Completed&quot;,
        &quot;QBRecordID&quot;: 589,
        &quot;Third_Party_Dependant_For_Conne&quot;: null,
        &quot;Latitude&quot;: -26.03258913,
        &quot;Longitude&quot;: 28.0688573
      }
    },
    {
      &quot;attributes&quot;: {
        &quot;Precincts&quot;: &quot;Sunninghill&quot;,
        &quot;Quickbase_Status&quot;: &quot;Completed&quot;,
        &quot;QBRecordID&quot;: 71051,
        &quot;Third_Party_Dependant_For_Conne&quot;: null,
        &quot;Latitude&quot;: -26.03306882,
        &quot;Longitude&quot;: 28.06810605
      }
    },
    {
      &quot;attributes&quot;: {
        &quot;Precincts&quot;: &quot;Sunninghill&quot;,
        &quot;Quickbase_Status&quot;: &quot;Completed&quot;,
        &quot;QBRecordID&quot;: 376,
        &quot;Third_Party_Dependant_For_Conne&quot;: null,
        &quot;Latitude&quot;: -26.0320296,
        &quot;Longitude&quot;: 28.06385895
      }
    },
    {
      &quot;attributes&quot;: {
        &quot;Precincts&quot;: &quot;Sunninghill&quot;,
        &quot;Quickbase_Status&quot;: &quot;Completed&quot;,
        &quot;QBRecordID&quot;: 655,
        &quot;Third_Party_Dependant_For_Conne&quot;: null,
        &quot;Latitude&quot;: -26.03519235,
        &quot;Longitude&quot;: 28.06211414
      }
    },
    {
      &quot;attributes&quot;: {
        &quot;Precincts&quot;: &quot;Katherine Extension&quot;,
        &quot;Quickbase_Status&quot;: &quot;Completed&quot;,
        &quot;QBRecordID&quot;: 934,
        &quot;Third_Party_Dependant_For_Conne&quot;: null,
        &quot;Latitude&quot;: -26.10028634,
        &quot;Longitude&quot;: 28.07315226
      }
    },
    {
      &quot;attributes&quot;: {
        &quot;Precincts&quot;: &quot;Katherine Extension&quot;,
        &quot;Quickbase_Status&quot;: &quot;Completed&quot;,
        &quot;QBRecordID&quot;: 1323,
        &quot;Third_Party_Dependant_For_Conne&quot;: null,
        &quot;Latitude&quot;: -26.09979115,
        &quot;Longitude&quot;: 28.07411343
      }
    },
    {
      &quot;attributes&quot;: {
        &quot;Precincts&quot;: &quot;Kent&quot;,
        &quot;Quickbase_Status&quot;: &quot;Completed&quot;,
        &quot;QBRecordID&quot;: 561,
        &quot;Third_Party_Dependant_For_Conne&quot;: null,
        &quot;Latitude&quot;: -26.09290208,
        &quot;Longitude&quot;: 27.9998875
      }
    },
    {
      &quot;attributes&quot;: {
        &quot;Precincts&quot;: &quot;Oak Avenue&quot;,
        &quot;Quickbase_Status&quot;: &quot;Completed&quot;,
        &quot;QBRecordID&quot;: 667,
        &quot;Third_Party_Dependant_For_Conne&quot;: null,
        &quot;Latitude&quot;: -26.10024159,
        &quot;Longitude&quot;: 28.00046892
      }
    },
    {
      &quot;attributes&quot;: {
        &quot;Precincts&quot;: &quot;Oak Avenue&quot;,
        &quot;Quickbase_Status&quot;: &quot;Completed&quot;,
        &quot;QBRecordID&quot;: 669,
        &quot;Third_Party_Dependant_For_Conne&quot;: null,
        &quot;Latitude&quot;: -26.10044007,
        &quot;Longitude&quot;: 28.000428
      }
    },
    {
      &quot;attributes&quot;: {
        &quot;Precincts&quot;: &quot;Oak Avenue&quot;,
        &quot;Quickbase_Status&quot;: &quot;Completed&quot;,
        &quot;QBRecordID&quot;: 684,
        &quot;Third_Party_Dependant_For_Conne&quot;: null,
        &quot;Latitude&quot;: -26.10034742,
        &quot;Longitude&quot;: 27.99987836
      }
    },
    {
      &quot;attributes&quot;: {
        &quot;Precincts&quot;: &quot;Oak Avenue&quot;,
        &quot;Quickbase_Status&quot;: &quot;Completed&quot;,
        &quot;QBRecordID&quot;: 513,
        &quot;Third_Party_Dependant_For_Conne&quot;: null,
        &quot;Latitude&quot;: -26.1001298,
        &quot;Longitude&quot;: 27.99974778
      }
    },
    {
      &quot;attributes&quot;: {
        &quot;Precincts&quot;: &quot;Oak Avenue&quot;,
        &quot;Quickbase_Status&quot;: &quot;Completed&quot;,
        &quot;QBRecordID&quot;: 663,
        &quot;Third_Party_Dependant_For_Conne&quot;: null,
        &quot;Latitude&quot;: -26.10032313,
        &quot;Longitude&quot;: 27.99971067
      }
    },
    {
      &quot;attributes&quot;: {
        &quot;Precincts&quot;: &quot;Oak Avenue&quot;,
        &quot;Quickbase_Status&quot;: &quot;Completed&quot;,
        &quot;QBRecordID&quot;: 664,
        &quot;Third_Party_Dependant_For_Conne&quot;: null,
        &quot;Latitude&quot;: -26.10037235,
        &quot;Longitude&quot;: 28.00002378
      }
    },
    {
      &quot;attributes&quot;: {
        &quot;Precincts&quot;: &quot;Kent&quot;,
        &quot;Quickbase_Status&quot;: &quot;Completed&quot;,
        &quot;QBRecordID&quot;: 736,
        &quot;Third_Party_Dependant_For_Conne&quot;: null,
        &quot;Latitude&quot;: -26.09982753,
        &quot;Longitude&quot;: 27.99873126
      }
    },
    {
      &quot;attributes&quot;: {
        &quot;Precincts&quot;: &quot;Kent&quot;,
        &quot;Quickbase_Status&quot;: &quot;Completed&quot;,
        &quot;QBRecordID&quot;: 737,
        &quot;Third_Party_Dependant_For_Conne&quot;: null,
        &quot;Latitude&quot;: -26.0997977,
        &quot;Longitude&quot;: 27.99853377
      }
    },
    {
      &quot;attributes&quot;: {
        &quot;Precincts&quot;: &quot;Kent&quot;,
        &quot;Quickbase_Status&quot;: &quot;Completed&quot;,
        &quot;QBRecordID&quot;: 738,
        &quot;Third_Party_Dependant_For_Conne&quot;: null,
        &quot;Latitude&quot;: -26.09986221,
        &quot;Longitude&quot;: 27.9989746
      }
    },
    {
      &quot;attributes&quot;: {
        &quot;Precincts&quot;: &quot;Kent&quot;,
        &quot;Quickbase_Status&quot;: &quot;Completed&quot;,
        &quot;QBRecordID&quot;: 739,
        &quot;Third_Party_Dependant_For_Conne&quot;: null,
        &quot;Latitude&quot;: -26.10000271,
        &quot;Longitude&quot;: 27.99822926
      }
    },
    {
      &quot;attributes&quot;: {
        &quot;Precincts&quot;: &quot;Route 21 Office Park&quot;,
        &quot;Quickbase_Status&quot;: &quot;Completed&quot;,
        &quot;QBRecordID&quot;: 1971,
        &quot;Third_Party_Dependant_For_Conne&quot;: null,
        &quot;Latitude&quot;: -25.86045948,
        &quot;Longitude&quot;: 28.25810032
      }
    },
    {
      &quot;attributes&quot;: {
        &quot;Precincts&quot;: &quot;Route 21 Office Park&quot;,
        &quot;Quickbase_Status&quot;: &quot;Completed&quot;,
        &quot;QBRecordID&quot;: 1972,
        &quot;Third_Party_Dependant_For_Conne&quot;: null,
        &quot;Latitude&quot;: -25.86049265,
        &quot;Longitude&quot;: 28.25788128
      }
    },
    {
      &quot;attributes&quot;: {
        &quot;Precincts&quot;: &quot;Route 21 Office Park&quot;,
        &quot;Quickbase_Status&quot;: &quot;Completed&quot;,
        &quot;QBRecordID&quot;: 1977,
        &quot;Third_Party_Dependant_For_Conne&quot;: null,
        &quot;Latitude&quot;: -25.86048928,
        &quot;Longitude&quot;: 28.25723768
      }
    },
    {
      &quot;attributes&quot;: {
        &quot;Precincts&quot;: &quot;James Crescent&quot;,
        &quot;Quickbase_Status&quot;: &quot;Completed&quot;,
        &quot;QBRecordID&quot;: 80597,
        &quot;Third_Party_Dependant_For_Conne&quot;: null,
        &quot;Latitude&quot;: -26.00806828,
        &quot;Longitude&quot;: 28.12239997
      }
    },
    {
      &quot;attributes&quot;: {
        &quot;Precincts&quot;: &quot;James Crescent&quot;,
        &quot;Quickbase_Status&quot;: &quot;Completed&quot;,
        &quot;QBRecordID&quot;: 2187,
        &quot;Third_Party_Dependant_For_Conne&quot;: null,
        &quot;Latitude&quot;: -26.00714179,
        &quot;Longitude&quot;: 28.12480967
      }
    },
    {
      &quot;attributes&quot;: {
        &quot;Precincts&quot;: &quot;James Crescent&quot;,
        &quot;Quickbase_Status&quot;: &quot;Completed&quot;,
        &quot;QBRecordID&quot;: 2164,
        &quot;Third_Party_Dependant_For_Conne&quot;: null,
        &quot;Latitude&quot;: -26.00556046,
        &quot;Longitude&quot;: 28.12497324
      }
    },
    {
      &quot;attributes&quot;: {
        &quot;Precincts&quot;: &quot;James Crescent&quot;,
        &quot;Quickbase_Status&quot;: &quot;Completed&quot;,
        &quot;QBRecordID&quot;: 2166,
        &quot;Third_Party_Dependant_For_Conne&quot;: null,
        &quot;Latitude&quot;: -26.0048992,
        &quot;Longitude&quot;: 28.12451957
      }
    },
    {
      &quot;attributes&quot;: {
        &quot;Precincts&quot;: &quot;James Crescent&quot;,
        &quot;Quickbase_Status&quot;: &quot;Completed&quot;,
        &quot;QBRecordID&quot;: 18367,
        &quot;Third_Party_Dependant_For_Conne&quot;: null,
        &quot;Latitude&quot;: -26.00287085,
        &quot;Longitude&quot;: 28.12700335
      }
    },
    {
      &quot;attributes&quot;: {
        &quot;Precincts&quot;: &quot;James Crescent&quot;,
        &quot;Quickbase_Status&quot;: &quot;Completed&quot;,
        &quot;QBRecordID&quot;: 2190,
        &quot;Third_Party_Dependant_For_Conne&quot;: null,
        &quot;Latitude&quot;: -26.00271867,
        &quot;Longitude&quot;: 28.12728736
      }
    },
    {
      &quot;attributes&quot;: {
        &quot;Precincts&quot;: &quot;James Crescent&quot;,
        &quot;Quickbase_Status&quot;: &quot;Completed&quot;,
        &quot;QBRecordID&quot;: 2184,
        &quot;Third_Party_Dependant_For_Conne&quot;: null,
        &quot;Latitude&quot;: -26.00765011,
        &quot;Longitude&quot;: 28.12361225
      }
    },
    {
      &quot;attributes&quot;: {
        &quot;Precincts&quot;: &quot;Ingersol&quot;,
        &quot;Quickbase_Status&quot;: &quot;Completed&quot;,
        &quot;QBRecordID&quot;: 2351,
        &quot;Third_Party_Dependant_For_Conne&quot;: null,
        &quot;Latitude&quot;: -25.78322709,
        &quot;Longitude&quot;: 28.27951695
      }
    },
    {
      &quot;attributes&quot;: {
        &quot;Precincts&quot;: &quot;Ingersol&quot;,
        &quot;Quickbase_Status&quot;: &quot;Completed&quot;,
        &quot;QBRecordID&quot;: 2370,
        &quot;Third_Party_Dependant_For_Conne&quot;: null,
        &quot;Latitude&quot;: -25.78541887,
        &quot;Longitude&quot;: 28.27510032
      }
    },
    {
      &quot;attributes&quot;: {
        &quot;Precincts&quot;: &quot;Ingersol&quot;,
        &quot;Quickbase_Status&quot;: &quot;Completed&quot;,
        &quot;QBRecordID&quot;: 2375,
        &quot;Third_Party_Dependant_For_Conne&quot;: null,
        &quot;Latitude&quot;: -25.78001801,
        &quot;Longitude&quot;: 28.27668142
      }
    },
    {
      &quot;attributes&quot;: {
        &quot;Precincts&quot;: &quot;Ingersol&quot;,
        &quot;Quickbase_Status&quot;: &quot;Completed&quot;,
        &quot;QBRecordID&quot;: 2348,
        &quot;Third_Party_Dependant_For_Conne&quot;: null,
        &quot;Latitude&quot;: -25.77988234,
        &quot;Longitude&quot;: 28.27807685
      }
    },
    {
      &quot;attributes&quot;: {
        &quot;Precincts&quot;: &quot;Ingersol&quot;,
        &quot;Quickbase_Status&quot;: &quot;Completed&quot;,
        &quot;QBRecordID&quot;: 2346,
        &quot;Third_Party_Dependant_For_Conne&quot;: null,
        &quot;Latitude&quot;: -25.78759143,
        &quot;Longitude&quot;: 28.27895064
      }
    },
    {
      &quot;attributes&quot;: {
        &quot;Precincts&quot;: &quot;Ingersol&quot;,
        &quot;Quickbase_Status&quot;: &quot;Completed&quot;,
        &quot;QBRecordID&quot;: 2353,
        &quot;Third_Party_Dependant_For_Conne&quot;: null,
        &quot;Latitude&quot;: -25.78291006,
        &quot;Longitude&quot;: 28.27857797
      }
    },
    {
      &quot;attributes&quot;: {
        &quot;Precincts&quot;: &quot;Ingersol&quot;,
        &quot;Quickbase_Status&quot;: &quot;Completed&quot;,
        &quot;QBRecordID&quot;: 2364,
        &quot;Third_Party_Dependant_For_Conne&quot;: null,
        &quot;Latitude&quot;: -25.78710059,
        &quot;Longitude&quot;: 28.2780068
      }
    },
    {
      &quot;attributes&quot;: {
        &quot;Precincts&quot;: &quot;Ingersol&quot;,
        &quot;Quickbase_Status&quot;: &quot;Completed&quot;,
        &quot;QBRecordID&quot;: 2357,
        &quot;Third_Party_Dependant_For_Conne&quot;: null,
        &quot;Latitude&quot;: -25.78305321,
        &quot;Longitude&quot;: 28.27804887
      }
    },
    {
      &quot;attributes&quot;: {
        &quot;Precincts&quot;: &quot;James Crescent&quot;,
        &quot;Quickbase_Status&quot;: &quot;Completed&quot;,
        &quot;QBRecordID&quot;: 2134,
        &quot;Third_Party_Dependant_For_Conne&quot;: null,
        &quot;Latitude&quot;: -26.00974885,
        &quot;Longitude&quot;: 28.12386317
      }
    },
    {
      &quot;attributes&quot;: {
        &quot;Precincts&quot;: &quot;James Crescent&quot;,
        &quot;Quickbase_Status&quot;: &quot;Completed&quot;,
        &quot;QBRecordID&quot;: 2137,
        &quot;Third_Party_Dependant_For_Conne&quot;: null,
        &quot;Latitude&quot;: -26.01032091,
        &quot;Longitude&quot;: 28.12361681
      }
    },
    {
      &quot;attributes&quot;: {
        &quot;Precincts&quot;: &quot;James Crescent&quot;,
        &quot;Quickbase_Status&quot;: &quot;Completed&quot;,
        &quot;QBRecordID&quot;: 2138,
        &quot;Third_Party_Dependant_For_Conne&quot;: null,
        &quot;Latitude&quot;: -26.01003316,
        &quot;Longitude&quot;: 28.12336769
      }
    },
    {
      &quot;attributes&quot;: {
        &quot;Precincts&quot;: &quot;Ann Crescent&quot;,
        &quot;Quickbase_Status&quot;: &quot;Completed&quot;,
        &quot;QBRecordID&quot;: 70440,
        &quot;Third_Party_Dependant_For_Conne&quot;: null,
        &quot;Latitude&quot;: -26.10079304,
        &quot;Longitude&quot;: 28.06963571
      }
    },
    {
      &quot;attributes&quot;: {
        &quot;Precincts&quot;: &quot;Ann Crescent&quot;,
        &quot;Quickbase_Status&quot;: &quot;Completed&quot;,
        &quot;QBRecordID&quot;: 929,
        &quot;Third_Party_Dependant_For_Conne&quot;: null,
        &quot;Latitude&quot;: -26.10028883,
        &quot;Longitude&quot;: 28.07049242
      }
    },
    {
      &quot;attributes&quot;: {
        &quot;Precincts&quot;: &quot;Ann Crescent&quot;,
        &quot;Quickbase_Status&quot;: &quot;Completed&quot;,
        &quot;QBRecordID&quot;: 931,
        &quot;Third_Party_Dependant_For_Conne&quot;: null,
        &quot;Latitude&quot;: -26.10235212,
        &quot;Longitude&quot;: 28.0716939
      }
    },
    {
      &quot;attributes&quot;: {
        &quot;Precincts&quot;: &quot;Ann Crescent&quot;,
        &quot;Quickbase_Status&quot;: &quot;Completed&quot;,
        &quot;QBRecordID&quot;: 921,
        &quot;Third_Party_Dependant_For_Conne&quot;: null,
        &quot;Latitude&quot;: -26.10152198,
        &quot;Longitude&quot;: 28.07062235
      }
    },
    {
      &quot;attributes&quot;: {
        &quot;Precincts&quot;: &quot;Ann Crescent&quot;,
        &quot;Quickbase_Status&quot;: &quot;Completed&quot;,
        &quot;QBRecordID&quot;: 1346,
        &quot;Third_Party_Dependant_For_Conne&quot;: null,
        &quot;Latitude&quot;: -26.10038922,
        &quot;Longitude&quot;: 28.07103981
      }
    },
    {
      &quot;attributes&quot;: {
        &quot;Precincts&quot;: &quot;Bryanston Extension&quot;,
        &quot;Quickbase_Status&quot;: &quot;Completed&quot;,
        &quot;QBRecordID&quot;: 1869,
        &quot;Third_Party_Dependant_For_Conne&quot;: null,
        &quot;Latitude&quot;: -26.04533852,
        &quot;Longitude&quot;: 28.02350479
      }
    },
    {
      &quot;attributes&quot;: {
        &quot;Precincts&quot;: &quot;Hatfield (Phase 3)&quot;,
        &quot;Quickbase_Status&quot;: &quot;Completed&quot;,
        &quot;QBRecordID&quot;: 2982,
        &quot;Third_Party_Dependant_For_Conne&quot;: null,
        &quot;Latitude&quot;: -25.74289444,
        &quot;Longitude&quot;: 28.24387549
      }
    },
    {
      &quot;attributes&quot;: {
        &quot;Precincts&quot;: &quot;Rosebank Phase 2&quot;,
        &quot;Quickbase_Status&quot;: &quot;Completed&quot;,
        &quot;QBRecordID&quot;: 3989,
        &quot;Third_Party_Dependant_For_Conne&quot;: null,
        &quot;Latitude&quot;: -26.14238256,
        &quot;Longitude&quot;: 28.03909901
      }
    },
    {
      &quot;attributes&quot;: {
        &quot;Precincts&quot;: &quot;Rosebank Phase 1&quot;,
        &quot;Quickbase_Status&quot;: &quot;Completed&quot;,
        &quot;QBRecordID&quot;: 2878,
        &quot;Third_Party_Dependant_For_Conne&quot;: null,
        &quot;Latitude&quot;: -26.1422825,
        &quot;Longitude&quot;: 28.04085884
      }
    },
    {
      &quot;attributes&quot;: {
        &quot;Precincts&quot;: &quot;Witch-Hazel&quot;,
        &quot;Quickbase_Status&quot;: &quot;Completed&quot;,
        &quot;QBRecordID&quot;: 1258,
        &quot;Third_Party_Dependant_For_Conne&quot;: null,
        &quot;Latitude&quot;: -25.87017555,
        &quot;Longitude&quot;: 28.18784679
      }
    },
    {
      &quot;attributes&quot;: {
        &quot;Precincts&quot;: &quot;Witch-Hazel&quot;,
        &quot;Quickbase_Status&quot;: &quot;Completed&quot;,
        &quot;QBRecordID&quot;: 1272,
        &quot;Third_Party_Dependant_For_Conne&quot;: null,
        &quot;Latitude&quot;: -25.87374555,
        &quot;Longitude&quot;: 28.17977162
      }
    },
    {
      &quot;attributes&quot;: {
        &quot;Precincts&quot;: &quot;Witch-Hazel&quot;,
        &quot;Quickbase_Status&quot;: &quot;Completed&quot;,
        &quot;QBRecordID&quot;: 1275,
        &quot;Third_Party_Dependant_For_Conne&quot;: null,
        &quot;Latitude&quot;: -25.87405836,
        &quot;Longitude&quot;: 28.18133661
      }
    },
    {
      &quot;attributes&quot;: {
        &quot;Precincts&quot;: &quot;Rosebank Phase 1&quot;,
        &quot;Quickbase_Status&quot;: &quot;Completed&quot;,
        &quot;QBRecordID&quot;: 2970,
        &quot;Third_Party_Dependant_For_Conne&quot;: null,
        &quot;Latitude&quot;: -26.14853343,
        &quot;Longitude&quot;: 28.03536604
      }
    },
    {
      &quot;attributes&quot;: {
        &quot;Precincts&quot;: &quot;Rosebank Phase 2&quot;,
        &quot;Quickbase_Status&quot;: &quot;Completed&quot;,
        &quot;QBRecordID&quot;: 3522,
        &quot;Third_Party_Dependant_For_Conne&quot;: null,
        &quot;Latitude&quot;: -26.14626961,
        &quot;Longitude&quot;: 28.0393258
      }
    },
    {
      &quot;attributes&quot;: {
        &quot;Precincts&quot;: &quot;Rosebank Phase 2&quot;,
        &quot;Quickbase_Status&quot;: &quot;Completed&quot;,
        &quot;QBRecordID&quot;: 2881,
        &quot;Third_Party_Dependant_For_Conne&quot;: null,
        &quot;Latitude&quot;: -26.14704538,
        &quot;Longitude&quot;: 28.03861519
      }
    },
    {
      &quot;attributes&quot;: {
        &quot;Precincts&quot;: &quot;Steenberg&quot;,
        &quot;Quickbase_Status&quot;: &quot;Completed&quot;,
        &quot;QBRecordID&quot;: 2536,
        &quot;Third_Party_Dependant_For_Conne&quot;: null,
        &quot;Latitude&quot;: -34.08064891,
        &quot;Longitude&quot;: 18.4340356
      }
    },
    {
      &quot;attributes&quot;: {
        &quot;Precincts&quot;: &quot;Steenberg&quot;,
        &quot;Quickbase_Status&quot;: &quot;Completed&quot;,
        &quot;QBRecordID&quot;: 2537,
        &quot;Third_Party_Dependant_For_Conne&quot;: null,
        &quot;Latitude&quot;: -34.08077949,
        &quot;Longitude&quot;: 18.4342786
      }
    },
    {
      &quot;attributes&quot;: {
        &quot;Precincts&quot;: &quot;Steenberg&quot;,
        &quot;Quickbase_Status&quot;: &quot;Completed&quot;,
        &quot;QBRecordID&quot;: 2526,
        &quot;Third_Party_Dependant_For_Conne&quot;: null,
        &quot;Latitude&quot;: -34.08222427,
        &quot;Longitude&quot;: 18.43837453
      }
    },
    {
      &quot;attributes&quot;: {
        &quot;Precincts&quot;: &quot;Capital Hill&quot;,
        &quot;Quickbase_Status&quot;: &quot;Completed&quot;,
        &quot;QBRecordID&quot;: 2836,
        &quot;Third_Party_Dependant_For_Conne&quot;: null,
        &quot;Latitude&quot;: -26.01200454,
        &quot;Longitude&quot;: 28.1282933
      }
    },
    {
      &quot;attributes&quot;: {
        &quot;Precincts&quot;: &quot;Capital Hill&quot;,
        &quot;Quickbase_Status&quot;: &quot;Completed&quot;,
        &quot;QBRecordID&quot;: 2418,
        &quot;Third_Party_Dependant_For_Conne&quot;: null,
        &quot;Latitude&quot;: -26.01163685,
        &quot;Longitude&quot;: 28.12866722
      }
    },
    {
      &quot;attributes&quot;: {
        &quot;Precincts&quot;: &quot;Capital Hill&quot;,
        &quot;Quickbase_Status&quot;: &quot;Completed&quot;,
        &quot;QBRecordID&quot;: 2837,
        &quot;Third_Party_Dependant_For_Conne&quot;: null,
        &quot;Latitude&quot;: -26.01138995,
        &quot;Longitude&quot;: 28.12778336
      }
    },
    {
      &quot;attributes&quot;: {
        &quot;Precincts&quot;: &quot;Peter Place&quot;,
        &quot;Quickbase_Status&quot;: &quot;Completed&quot;,
        &quot;QBRecordID&quot;: 405,
        &quot;Third_Party_Dependant_For_Conne&quot;: null,
        &quot;Latitude&quot;: -26.08162309,
        &quot;Longitude&quot;: 28.02073063
      }
    },
    {
      &quot;attributes&quot;: {
        &quot;Precincts&quot;: &quot;Peter Place&quot;,
        &quot;Quickbase_Status&quot;: &quot;Completed&quot;,
        &quot;QBRecordID&quot;: 689,
        &quot;Third_Party_Dependant_For_Conne&quot;: null,
        &quot;Latitude&quot;: -26.0809523,
        &quot;Longitude&quot;: 28.01895659
      }
    },
    {
      &quot;attributes&quot;: {
        &quot;Precincts&quot;: &quot;Peter Place&quot;,
        &quot;Quickbase_Status&quot;: &quot;Completed&quot;,
        &quot;QBRecordID&quot;: 690,
        &quot;Third_Party_Dependant_For_Conne&quot;: null,
        &quot;Latitude&quot;: -26.08061976,
        &quot;Longitude&quot;: 28.01865509
      }
    },
    {
      &quot;attributes&quot;: {
        &quot;Precincts&quot;: &quot;Design Quarter&quot;,
        &quot;Quickbase_Status&quot;: &quot;Completed&quot;,
        &quot;QBRecordID&quot;: 2390,
        &quot;Third_Party_Dependant_For_Conne&quot;: null,
        &quot;Latitude&quot;: -26.03190574,
        &quot;Longitude&quot;: 28.01329592
      }
    },
    {
      &quot;attributes&quot;: {
        &quot;Precincts&quot;: &quot;Design Quarter&quot;,
        &quot;Quickbase_Status&quot;: &quot;Completed&quot;,
        &quot;QBRecordID&quot;: 2381,
        &quot;Third_Party_Dependant_For_Conne&quot;: null,
        &quot;Latitude&quot;: -26.03199515,
        &quot;Longitude&quot;: 28.01231807
      }
    },
    {
      &quot;attributes&quot;: {
        &quot;Precincts&quot;: &quot;Design Quarter&quot;,
        &quot;Quickbase_Status&quot;: &quot;Completed&quot;,
        &quot;QBRecordID&quot;: 2393,
        &quot;Third_Party_Dependant_For_Conne&quot;: null,
        &quot;Latitude&quot;: -26.03292912,
        &quot;Longitude&quot;: 28.01218447
      }
    }
  ],
  &quot;exceededTransferLimit&quot;: true
}

Response body doesn&#039;t match expectation.
Expected: a string containing &quot;Planned&quot;
  Actual: {
  &quot;displayFieldName&quot;: &quot;Building_Name&quot;,
  &quot;fieldAliases&quot;: {
    &quot;Precincts&quot;: &quot;Precinct&quot;,
    &quot;Quickbase_Status&quot;: &quot;Status&quot;,
    &quot;QBRecordID&quot;: &quot;RecordID&quot;,
    &quot;Third_Party_Dependant_For_Conne&quot;: &quot;Third Party&quot;,
    &quot;Latitude&quot;: &quot;Latitude&quot;,
    &quot;Longitude&quot;: &quot;Longitude&quot;
  },
  &quot;fields&quot;: [
    {
      &quot;name&quot;: &quot;Precincts&quot;,
      &quot;type&quot;: &quot;esriFieldTypeString&quot;,
      &quot;alias&quot;: &quot;Precinct&quot;,
      &quot;length&quot;: 100
    },
    {
      &quot;name&quot;: &quot;Quickbase_Status&quot;,
      &quot;type&quot;: &quot;esriFieldTypeString&quot;,
      &quot;alias&quot;: &quot;Status&quot;,
      &quot;length&quot;: 100
    },
    {
      &quot;name&quot;: &quot;QBRecordID&quot;,
      &quot;type&quot;: &quot;esriFieldTypeInteger&quot;,
      &quot;alias&quot;: &quot;RecordID&quot;
    },
    {
      &quot;name&quot;: &quot;Third_Party_Dependant_For_Conne&quot;,
      &quot;type&quot;: &quot;esriFieldTypeString&quot;,
      &quot;alias&quot;: &quot;Third Party&quot;,
      &quot;length&quot;: 50
    },
    {
      &quot;name&quot;: &quot;Latitude&quot;,
      &quot;type&quot;: &quot;esriFieldTypeDouble&quot;,
      &quot;alias&quot;: &quot;Latitude&quot;
    },
    {
      &quot;name&quot;: &quot;Longitude&quot;,
      &quot;type&quot;: &quot;esriFieldTypeDouble&quot;,
      &quot;alias&quot;: &quot;Longitude&quot;
    }
  ],
  &quot;features&quot;: [
    {
      &quot;attributes&quot;: {
        &quot;Precincts&quot;: &quot;Hatfield (Phase 3)&quot;,
        &quot;Quickbase_Status&quot;: &quot;Completed&quot;,
        &quot;QBRecordID&quot;: 0,
        &quot;Third_Party_Dependant_For_Conne&quot;: null,
        &quot;Latitude&quot;: -25.74436218,
        &quot;Longitude&quot;: 28.25205278
      }
    },
    {
      &quot;attributes&quot;: {
        &quot;Precincts&quot;: &quot;Hatfield (Phase 3)&quot;,
        &quot;Quickbase_Status&quot;: &quot;Completed&quot;,
        &quot;QBRecordID&quot;: 0,
        &quot;Third_Party_Dependant_For_Conne&quot;: null,
        &quot;Latitude&quot;: -25.74276372,
        &quot;Longitude&quot;: 28.25427695
      }
    },
    {
      &quot;attributes&quot;: {
        &quot;Precincts&quot;: &quot;Hatfield (Phase 3)&quot;,
        &quot;Quickbase_Status&quot;: &quot;Completed&quot;,
        &quot;QBRecordID&quot;: 0,
        &quot;Third_Party_Dependant_For_Conne&quot;: null,
        &quot;Latitude&quot;: -25.74203227,
        &quot;Longitude&quot;: 28.25473061
      }
    },
    {
      &quot;attributes&quot;: {
        &quot;Precincts&quot;: &quot;Hatfield (Phase 3)&quot;,
        &quot;Quickbase_Status&quot;: &quot;Completed&quot;,
        &quot;QBRecordID&quot;: 0,
        &quot;Third_Party_Dependant_For_Conne&quot;: null,
        &quot;Latitude&quot;: -25.7433278,
        &quot;Longitude&quot;: 28.25408258
      }
    },
    {
      &quot;attributes&quot;: {
        &quot;Precincts&quot;: &quot;Hatfield (Phase 3)&quot;,
        &quot;Quickbase_Status&quot;: &quot;Completed&quot;,
        &quot;QBRecordID&quot;: 0,
        &quot;Third_Party_Dependant_For_Conne&quot;: null,
        &quot;Latitude&quot;: -25.74350059,
        &quot;Longitude&quot;: 28.25399014
      }
    },
    {
      &quot;attributes&quot;: {
        &quot;Precincts&quot;: &quot;Hatfield (Phase 3)&quot;,
        &quot;Quickbase_Status&quot;: &quot;Completed&quot;,
        &quot;QBRecordID&quot;: 0,
        &quot;Third_Party_Dependant_For_Conne&quot;: null,
        &quot;Latitude&quot;: -25.74352628,
        &quot;Longitude&quot;: 28.24049073
      }
    },
    {
      &quot;attributes&quot;: {
        &quot;Precincts&quot;: &quot;Hatfield (Phase 3)&quot;,
        &quot;Quickbase_Status&quot;: &quot;Completed&quot;,
        &quot;QBRecordID&quot;: 0,
        &quot;Third_Party_Dependant_For_Conne&quot;: null,
        &quot;Latitude&quot;: -25.74325099,
        &quot;Longitude&quot;: 28.24324536
      }
    },
    {
      &quot;attributes&quot;: {
        &quot;Precincts&quot;: &quot;Hatfield (Phase 3)&quot;,
        &quot;Quickbase_Status&quot;: &quot;Completed&quot;,
        &quot;QBRecordID&quot;: 0,
        &quot;Third_Party_Dependant_For_Conne&quot;: null,
        &quot;Latitude&quot;: -25.74273355,
        &quot;Longitude&quot;: 28.24468086
      }
    },
    {
      &quot;attributes&quot;: {
        &quot;Precincts&quot;: &quot;Hatfield (Phase 3)&quot;,
        &quot;Quickbase_Status&quot;: &quot;Completed&quot;,
        &quot;QBRecordID&quot;: 0,
        &quot;Third_Party_Dependant_For_Conne&quot;: null,
        &quot;Latitude&quot;: -25.74294807,
        &quot;Longitude&quot;: 28.24599588
      }
    },
    {
      &quot;attributes&quot;: {
        &quot;Precincts&quot;: &quot;Hatfield (Phase 3)&quot;,
        &quot;Quickbase_Status&quot;: &quot;Completed&quot;,
        &quot;QBRecordID&quot;: 0,
        &quot;Third_Party_Dependant_For_Conne&quot;: null,
        &quot;Latitude&quot;: -25.74321616,
        &quot;Longitude&quot;: 28.24666508
      }
    },
    {
      &quot;attributes&quot;: {
        &quot;Precincts&quot;: &quot;Hatfield (Phase 3)&quot;,
        &quot;Quickbase_Status&quot;: &quot;Completed&quot;,
        &quot;QBRecordID&quot;: 0,
        &quot;Third_Party_Dependant_For_Conne&quot;: null,
        &quot;Latitude&quot;: -25.74390098,
        &quot;Longitude&quot;: 28.244998
      }
    },
    {
      &quot;attributes&quot;: {
        &quot;Precincts&quot;: &quot;Hatfield (Phase 3)&quot;,
        &quot;Quickbase_Status&quot;: &quot;Completed&quot;,
        &quot;QBRecordID&quot;: 0,
        &quot;Third_Party_Dependant_For_Conne&quot;: null,
        &quot;Latitude&quot;: -25.74370276,
        &quot;Longitude&quot;: 28.24181519
      }
    },
    {
      &quot;attributes&quot;: {
        &quot;Precincts&quot;: &quot;Hatfield (Phase 3)&quot;,
        &quot;Quickbase_Status&quot;: &quot;Completed&quot;,
        &quot;QBRecordID&quot;: 0,
        &quot;Third_Party_Dependant_For_Conne&quot;: null,
        &quot;Latitude&quot;: -25.74279449,
        &quot;Longitude&quot;: 28.24567563
      }
    },
    {
      &quot;attributes&quot;: {
        &quot;Precincts&quot;: &quot;Hatfield (Phase 3)&quot;,
        &quot;Quickbase_Status&quot;: &quot;Completed&quot;,
        &quot;QBRecordID&quot;: 0,
        &quot;Third_Party_Dependant_For_Conne&quot;: null,
        &quot;Latitude&quot;: -25.74297621,
        &quot;Longitude&quot;: 28.24569097
      }
    },
    {
      &quot;attributes&quot;: {
        &quot;Precincts&quot;: &quot;Hatfield (Phase 3)&quot;,
        &quot;Quickbase_Status&quot;: &quot;Completed&quot;,
        &quot;QBRecordID&quot;: 0,
        &quot;Third_Party_Dependant_For_Conne&quot;: null,
        &quot;Latitude&quot;: -25.74307158,
        &quot;Longitude&quot;: 28.24570035
      }
    },
    {
      &quot;attributes&quot;: {
        &quot;Precincts&quot;: &quot;Hatfield (Phase 3)&quot;,
        &quot;Quickbase_Status&quot;: &quot;Completed&quot;,
        &quot;QBRecordID&quot;: 0,
        &quot;Third_Party_Dependant_For_Conne&quot;: null,
        &quot;Latitude&quot;: -25.74305507,
        &quot;Longitude&quot;: 28.24464659
      }
    },
    {
      &quot;attributes&quot;: {
        &quot;Precincts&quot;: &quot;Hatfield (Phase 3)&quot;,
        &quot;Quickbase_Status&quot;: &quot;Completed&quot;,
        &quot;QBRecordID&quot;: 0,
        &quot;Third_Party_Dependant_For_Conne&quot;: null,
        &quot;Latitude&quot;: -25.74586196,
        &quot;Longitude&quot;: 28.24257293
      }
    },
    {
      &quot;attributes&quot;: {
        &quot;Precincts&quot;: &quot;Hatfield (Phase 3)&quot;,
        &quot;Quickbase_Status&quot;: &quot;Completed&quot;,
        &quot;QBRecordID&quot;: 0,
        &quot;Third_Party_Dependant_For_Conne&quot;: null,
        &quot;Latitude&quot;: -25.74577449,
        &quot;Longitude&quot;: 28.2429262
      }
    },
    {
      &quot;attributes&quot;: {
        &quot;Precincts&quot;: &quot;Hatfield (Phase 3)&quot;,
        &quot;Quickbase_Status&quot;: &quot;Completed&quot;,
        &quot;QBRecordID&quot;: 0,
        &quot;Third_Party_Dependant_For_Conne&quot;: null,
        &quot;Latitude&quot;: -25.7427638,
        &quot;Longitude&quot;: 28.24547975
      }
    },
    {
      &quot;attributes&quot;: {
        &quot;Precincts&quot;: &quot;Hatfield (Phase 3)&quot;,
        &quot;Quickbase_Status&quot;: &quot;Completed&quot;,
        &quot;QBRecordID&quot;: 0,
        &quot;Third_Party_Dependant_For_Conne&quot;: null,
        &quot;Latitude&quot;: -25.74334229,
        &quot;Longitude&quot;: 28.24357935
      }
    },
    {
      &quot;attributes&quot;: {
        &quot;Precincts&quot;: &quot;Hatfield (Phase 3)&quot;,
        &quot;Quickbase_Status&quot;: &quot;Completed&quot;,
        &quot;QBRecordID&quot;: 0,
        &quot;Third_Party_Dependant_For_Conne&quot;: null,
        &quot;Latitude&quot;: -25.7430876,
        &quot;Longitude&quot;: 28.2434301
      }
    },
    {
      &quot;attributes&quot;: {
        &quot;Precincts&quot;: &quot;Hatfield (Phase 3)&quot;,
        &quot;Quickbase_Status&quot;: &quot;Completed&quot;,
        &quot;QBRecordID&quot;: 0,
        &quot;Third_Party_Dependant_For_Conne&quot;: null,
        &quot;Latitude&quot;: -25.74287588,
        &quot;Longitude&quot;: 28.24456706
      }
    },
    {
      &quot;attributes&quot;: {
        &quot;Precincts&quot;: &quot;Hatfield (Phase 3)&quot;,
        &quot;Quickbase_Status&quot;: &quot;Completed&quot;,
        &quot;QBRecordID&quot;: 0,
        &quot;Third_Party_Dependant_For_Conne&quot;: null,
        &quot;Latitude&quot;: -25.74289802,
        &quot;Longitude&quot;: 28.24468084
      }
    },
    {
      &quot;attributes&quot;: {
        &quot;Precincts&quot;: &quot;Hatfield (Phase 3)&quot;,
        &quot;Quickbase_Status&quot;: &quot;Completed&quot;,
        &quot;QBRecordID&quot;: 0,
        &quot;Third_Party_Dependant_For_Conne&quot;: null,
        &quot;Latitude&quot;: -25.7428615,
        &quot;Longitude&quot;: 28.24485163
      }
    },
    {
      &quot;attributes&quot;: {
        &quot;Precincts&quot;: &quot;Hatfield (Phase 3)&quot;,
        &quot;Quickbase_Status&quot;: &quot;Completed&quot;,
        &quot;QBRecordID&quot;: 0,
        &quot;Third_Party_Dependant_For_Conne&quot;: null,
        &quot;Latitude&quot;: -25.74288289,
        &quot;Longitude&quot;: 28.24517645
      }
    },
    {
      &quot;attributes&quot;: {
        &quot;Precincts&quot;: &quot;Hatfield (Phase 3)&quot;,
        &quot;Quickbase_Status&quot;: &quot;Completed&quot;,
        &quot;QBRecordID&quot;: 0,
        &quot;Third_Party_Dependant_For_Conne&quot;: null,
        &quot;Latitude&quot;: -25.74266584,
        &quot;Longitude&quot;: 28.24646307
      }
    },
    {
      &quot;attributes&quot;: {
        &quot;Precincts&quot;: &quot;Hatfield (Phase 3)&quot;,
        &quot;Quickbase_Status&quot;: &quot;Completed&quot;,
        &quot;QBRecordID&quot;: 0,
        &quot;Third_Party_Dependant_For_Conne&quot;: null,
        &quot;Latitude&quot;: -25.74284778,
        &quot;Longitude&quot;: 28.24633798
      }
    },
    {
      &quot;attributes&quot;: {
        &quot;Precincts&quot;: &quot;Ashley Gardens&quot;,
        &quot;Quickbase_Status&quot;: &quot;Completed&quot;,
        &quot;QBRecordID&quot;: 0,
        &quot;Third_Party_Dependant_For_Conne&quot;: null,
        &quot;Latitude&quot;: -25.78390097,
        &quot;Longitude&quot;: 28.26509116
      }
    },
    {
      &quot;attributes&quot;: {
        &quot;Precincts&quot;: &quot;Ashley Gardens&quot;,
        &quot;Quickbase_Status&quot;: &quot;Completed&quot;,
        &quot;QBRecordID&quot;: 0,
        &quot;Third_Party_Dependant_For_Conne&quot;: null,
        &quot;Latitude&quot;: -25.7807455,
        &quot;Longitude&quot;: 28.26679443
      }
    },
    {
      &quot;attributes&quot;: {
        &quot;Precincts&quot;: &quot;Ashley Gardens&quot;,
        &quot;Quickbase_Status&quot;: &quot;Completed&quot;,
        &quot;QBRecordID&quot;: 0,
        &quot;Third_Party_Dependant_For_Conne&quot;: null,
        &quot;Latitude&quot;: -25.7833111,
        &quot;Longitude&quot;: 28.26695104
      }
    },
    {
      &quot;attributes&quot;: {
        &quot;Precincts&quot;: &quot;Ashley Gardens&quot;,
        &quot;Quickbase_Status&quot;: &quot;Completed&quot;,
        &quot;QBRecordID&quot;: 0,
        &quot;Third_Party_Dependant_For_Conne&quot;: null,
        &quot;Latitude&quot;: -25.78307294,
        &quot;Longitude&quot;: 28.26690806
      }
    },
    {
      &quot;attributes&quot;: {
        &quot;Precincts&quot;: &quot;Ashley Gardens&quot;,
        &quot;Quickbase_Status&quot;: &quot;Completed&quot;,
        &quot;QBRecordID&quot;: 0,
        &quot;Third_Party_Dependant_For_Conne&quot;: null,
        &quot;Latitude&quot;: -25.78350417,
        &quot;Longitude&quot;: 28.26641583
      }
    },
    {
      &quot;attributes&quot;: {
        &quot;Precincts&quot;: &quot;Hatfield (Phase 3)&quot;,
        &quot;Quickbase_Status&quot;: &quot;Completed&quot;,
        &quot;QBRecordID&quot;: 0,
        &quot;Third_Party_Dependant_For_Conne&quot;: null,
        &quot;Latitude&quot;: -25.7417734,
        &quot;Longitude&quot;: 28.24299214
      }
    },
    {
      &quot;attributes&quot;: {
        &quot;Precincts&quot;: &quot;Hatfield (Phase 3)&quot;,
        &quot;Quickbase_Status&quot;: &quot;Completed&quot;,
        &quot;QBRecordID&quot;: 0,
        &quot;Third_Party_Dependant_For_Conne&quot;: null,
        &quot;Latitude&quot;: -25.74182338,
        &quot;Longitude&quot;: 28.24479105
      }
    },
    {
      &quot;attributes&quot;: {
        &quot;Precincts&quot;: &quot;Hatfield (Phase 3)&quot;,
        &quot;Quickbase_Status&quot;: &quot;Completed&quot;,
        &quot;QBRecordID&quot;: 0,
        &quot;Third_Party_Dependant_For_Conne&quot;: null,
        &quot;Latitude&quot;: -25.74198,
        &quot;Longitude&quot;: 28.24465089
      }
    },
    {
      &quot;attributes&quot;: {
        &quot;Precincts&quot;: &quot;Hatfield (Phase 3)&quot;,
        &quot;Quickbase_Status&quot;: &quot;Completed&quot;,
        &quot;QBRecordID&quot;: 0,
        &quot;Third_Party_Dependant_For_Conne&quot;: null,
        &quot;Latitude&quot;: -25.74198637,
        &quot;Longitude&quot;: 28.24481732
      }
    },
    {
      &quot;attributes&quot;: {
        &quot;Precincts&quot;: &quot;Hatfield (Phase 3)&quot;,
        &quot;Quickbase_Status&quot;: &quot;Completed&quot;,
        &quot;QBRecordID&quot;: 0,
        &quot;Third_Party_Dependant_For_Conne&quot;: null,
        &quot;Latitude&quot;: -25.7423543,
        &quot;Longitude&quot;: 28.24458331
      }
    },
    {
      &quot;attributes&quot;: {
        &quot;Precincts&quot;: &quot;Hatfield (Phase 3)&quot;,
        &quot;Quickbase_Status&quot;: &quot;Completed&quot;,
        &quot;QBRecordID&quot;: 0,
        &quot;Third_Party_Dependant_For_Conne&quot;: null,
        &quot;Latitude&quot;: -25.74232228,
        &quot;Longitude&quot;: 28.24504744
      }
    },
    {
      &quot;attributes&quot;: {
        &quot;Precincts&quot;: &quot;Hatfield (Phase 3)&quot;,
        &quot;Quickbase_Status&quot;: &quot;Completed&quot;,
        &quot;QBRecordID&quot;: 0,
        &quot;Third_Party_Dependant_For_Conne&quot;: null,
        &quot;Latitude&quot;: -25.74227251,
        &quot;Longitude&quot;: 28.24478825
      }
    },
    {
      &quot;attributes&quot;: {
        &quot;Precincts&quot;: &quot;Hatfield (Phase 3)&quot;,
        &quot;Quickbase_Status&quot;: &quot;Completed&quot;,
        &quot;QBRecordID&quot;: 0,
        &quot;Third_Party_Dependant_For_Conne&quot;: null,
        &quot;Latitude&quot;: -25.74222775,
        &quot;Longitude&quot;: 28.24502319
      }
    },
    {
      &quot;attributes&quot;: {
        &quot;Precincts&quot;: &quot;Hatfield (Phase 3)&quot;,
        &quot;Quickbase_Status&quot;: &quot;Completed&quot;,
        &quot;QBRecordID&quot;: 0,
        &quot;Third_Party_Dependant_For_Conne&quot;: null,
        &quot;Latitude&quot;: -25.74204626,
        &quot;Longitude&quot;: 28.24691848
      }
    },
    {
      &quot;attributes&quot;: {
        &quot;Precincts&quot;: &quot;Hatfield (Phase 3)&quot;,
        &quot;Quickbase_Status&quot;: &quot;Completed&quot;,
        &quot;QBRecordID&quot;: 0,
        &quot;Third_Party_Dependant_For_Conne&quot;: null,
        &quot;Latitude&quot;: -25.74208547,
        &quot;Longitude&quot;: 28.24621041
      }
    },
    {
      &quot;attributes&quot;: {
        &quot;Precincts&quot;: &quot;Hatfield (Phase 3)&quot;,
        &quot;Quickbase_Status&quot;: &quot;Completed&quot;,
        &quot;QBRecordID&quot;: 0,
        &quot;Third_Party_Dependant_For_Conne&quot;: null,
        &quot;Latitude&quot;: -25.74205714,
        &quot;Longitude&quot;: 28.24648037
      }
    },
    {
      &quot;attributes&quot;: {
        &quot;Precincts&quot;: &quot;Hatfield (Phase 3)&quot;,
        &quot;Quickbase_Status&quot;: &quot;Completed&quot;,
        &quot;QBRecordID&quot;: 0,
        &quot;Third_Party_Dependant_For_Conne&quot;: null,
        &quot;Latitude&quot;: -25.74220383,
        &quot;Longitude&quot;: 28.24646788
      }
    },
    {
      &quot;attributes&quot;: {
        &quot;Precincts&quot;: &quot;Hatfield (Phase 3)&quot;,
        &quot;Quickbase_Status&quot;: &quot;Completed&quot;,
        &quot;QBRecordID&quot;: 0,
        &quot;Third_Party_Dependant_For_Conne&quot;: null,
        &quot;Latitude&quot;: -25.74217362,
        &quot;Longitude&quot;: 28.24665653
      }
    },
    {
      &quot;attributes&quot;: {
        &quot;Precincts&quot;: &quot;Hatfield (Phase 3)&quot;,
        &quot;Quickbase_Status&quot;: &quot;Completed&quot;,
        &quot;QBRecordID&quot;: 0,
        &quot;Third_Party_Dependant_For_Conne&quot;: null,
        &quot;Latitude&quot;: -25.74192201,
        &quot;Longitude&quot;: 28.24505786
      }
    },
    {
      &quot;attributes&quot;: {
        &quot;Precincts&quot;: &quot;Hatfield (Phase 3)&quot;,
        &quot;Quickbase_Status&quot;: &quot;Completed&quot;,
        &quot;QBRecordID&quot;: 0,
        &quot;Third_Party_Dependant_For_Conne&quot;: null,
        &quot;Latitude&quot;: -25.74210364,
        &quot;Longitude&quot;: 28.2449134
      }
    },
    {
      &quot;attributes&quot;: {
        &quot;Precincts&quot;: &quot;Hatfield (Phase 3)&quot;,
        &quot;Quickbase_Status&quot;: &quot;Completed&quot;,
        &quot;QBRecordID&quot;: 0,
        &quot;Third_Party_Dependant_For_Conne&quot;: null,
        &quot;Latitude&quot;: -25.74207283,
        &quot;Longitude&quot;: 28.24543473
      }
    },
    {
      &quot;attributes&quot;: {
        &quot;Precincts&quot;: &quot;Hatfield (Phase 3)&quot;,
        &quot;Quickbase_Status&quot;: &quot;Completed&quot;,
        &quot;QBRecordID&quot;: 0,
        &quot;Third_Party_Dependant_For_Conne&quot;: null,
        &quot;Latitude&quot;: -25.74224499,
        &quot;Longitude&quot;: 28.24538787
      }
    },
    {
      &quot;attributes&quot;: {
        &quot;Precincts&quot;: &quot;Hatfield (Phase 3)&quot;,
        &quot;Quickbase_Status&quot;: &quot;Completed&quot;,
        &quot;QBRecordID&quot;: 0,
        &quot;Third_Party_Dependant_For_Conne&quot;: null,
        &quot;Latitude&quot;: -25.74223028,
        &quot;Longitude&quot;: 28.24561689
      }
    },
    {
      &quot;attributes&quot;: {
        &quot;Precincts&quot;: &quot;Hatfield (Phase 3)&quot;,
        &quot;Quickbase_Status&quot;: &quot;Completed&quot;,
        &quot;QBRecordID&quot;: 0,
        &quot;Third_Party_Dependant_For_Conne&quot;: null,
        &quot;Latitude&quot;: -25.7423332,
        &quot;Longitude&quot;: 28.24562707
      }
    },
    {
      &quot;attributes&quot;: {
        &quot;Precincts&quot;: &quot;Hatfield (Phase 3)&quot;,
        &quot;Quickbase_Status&quot;: &quot;Completed&quot;,
        &quot;QBRecordID&quot;: 0,
        &quot;Third_Party_Dependant_For_Conne&quot;: null,
        &quot;Latitude&quot;: -25.74229591,
        &quot;Longitude&quot;: 28.24576836
      }
    },
    {
      &quot;attributes&quot;: {
        &quot;Precincts&quot;: &quot;Ashley Gardens&quot;,
        &quot;Quickbase_Status&quot;: &quot;Completed&quot;,
        &quot;QBRecordID&quot;: 0,
        &quot;Third_Party_Dependant_For_Conne&quot;: null,
        &quot;Latitude&quot;: -25.78082304,
        &quot;Longitude&quot;: 28.26452711
      }
    },
    {
      &quot;attributes&quot;: {
        &quot;Precincts&quot;: &quot;Ashley Gardens&quot;,
        &quot;Quickbase_Status&quot;: &quot;Completed&quot;,
        &quot;QBRecordID&quot;: 0,
        &quot;Third_Party_Dependant_For_Conne&quot;: null,
        &quot;Latitude&quot;: -25.78092287,
        &quot;Longitude&quot;: 28.26476534
      }
    },
    {
      &quot;attributes&quot;: {
        &quot;Precincts&quot;: &quot;Ashley Gardens&quot;,
        &quot;Quickbase_Status&quot;: &quot;Completed&quot;,
        &quot;QBRecordID&quot;: 0,
        &quot;Third_Party_Dependant_For_Conne&quot;: null,
        &quot;Latitude&quot;: -25.78131637,
        &quot;Longitude&quot;: 28.26300273
      }
    },
    {
      &quot;attributes&quot;: {
        &quot;Precincts&quot;: &quot;Ashley Gardens&quot;,
        &quot;Quickbase_Status&quot;: &quot;Completed&quot;,
        &quot;QBRecordID&quot;: 0,
        &quot;Third_Party_Dependant_For_Conne&quot;: null,
        &quot;Latitude&quot;: -25.78111428,
        &quot;Longitude&quot;: 28.2630334
      }
    },
    {
      &quot;attributes&quot;: {
        &quot;Precincts&quot;: &quot;Ashley Gardens&quot;,
        &quot;Quickbase_Status&quot;: &quot;Completed&quot;,
        &quot;QBRecordID&quot;: 0,
        &quot;Third_Party_Dependant_For_Conne&quot;: null,
        &quot;Latitude&quot;: -25.78095798,
        &quot;Longitude&quot;: 28.2630955
      }
    },
    {
      &quot;attributes&quot;: {
        &quot;Precincts&quot;: &quot;Ashley Gardens&quot;,
        &quot;Quickbase_Status&quot;: &quot;Completed&quot;,
        &quot;QBRecordID&quot;: 0,
        &quot;Third_Party_Dependant_For_Conne&quot;: null,
        &quot;Latitude&quot;: -25.7819595,
        &quot;Longitude&quot;: 28.26593401
      }
    },
    {
      &quot;attributes&quot;: {
        &quot;Precincts&quot;: &quot;Ashley Gardens&quot;,
        &quot;Quickbase_Status&quot;: &quot;Completed&quot;,
        &quot;QBRecordID&quot;: 0,
        &quot;Third_Party_Dependant_For_Conne&quot;: null,
        &quot;Latitude&quot;: -25.78264944,
        &quot;Longitude&quot;: 28.26565978
      }
    },
    {
      &quot;attributes&quot;: {
        &quot;Precincts&quot;: &quot;Ashley Gardens&quot;,
        &quot;Quickbase_Status&quot;: &quot;Completed&quot;,
        &quot;QBRecordID&quot;: 0,
        &quot;Third_Party_Dependant_For_Conne&quot;: null,
        &quot;Latitude&quot;: -25.78270011,
        &quot;Longitude&quot;: 28.26494167
      }
    },
    {
      &quot;attributes&quot;: {
        &quot;Precincts&quot;: &quot;Ashley Gardens&quot;,
        &quot;Quickbase_Status&quot;: &quot;Completed&quot;,
        &quot;QBRecordID&quot;: 0,
        &quot;Third_Party_Dependant_For_Conne&quot;: null,
        &quot;Latitude&quot;: -25.78223924,
        &quot;Longitude&quot;: 28.26581044
      }
    },
    {
      &quot;attributes&quot;: {
        &quot;Precincts&quot;: &quot;Hatfield (Phase 3)&quot;,
        &quot;Quickbase_Status&quot;: &quot;Completed&quot;,
        &quot;QBRecordID&quot;: 0,
        &quot;Third_Party_Dependant_For_Conne&quot;: null,
        &quot;Latitude&quot;: -25.74348943,
        &quot;Longitude&quot;: 28.24062131
      }
    },
    {
      &quot;attributes&quot;: {
        &quot;Precincts&quot;: &quot;Hatfield (Phase 3)&quot;,
        &quot;Quickbase_Status&quot;: &quot;Completed&quot;,
        &quot;QBRecordID&quot;: 0,
        &quot;Third_Party_Dependant_For_Conne&quot;: null,
        &quot;Latitude&quot;: -25.74397559,
        &quot;Longitude&quot;: 28.24060997
      }
    },
    {
      &quot;attributes&quot;: {
        &quot;Precincts&quot;: &quot;Hatfield (Phase 3)&quot;,
        &quot;Quickbase_Status&quot;: &quot;Completed&quot;,
        &quot;QBRecordID&quot;: 0,
        &quot;Third_Party_Dependant_For_Conne&quot;: null,
        &quot;Latitude&quot;: -25.74366386,
        &quot;Longitude&quot;: 28.24059768
      }
    },
    {
      &quot;attributes&quot;: {
        &quot;Precincts&quot;: &quot;Hatfield (Phase 3)&quot;,
        &quot;Quickbase_Status&quot;: &quot;Completed&quot;,
        &quot;QBRecordID&quot;: 0,
        &quot;Third_Party_Dependant_For_Conne&quot;: null,
        &quot;Latitude&quot;: -25.74387432,
        &quot;Longitude&quot;: 28.24045779
      }
    },
    {
      &quot;attributes&quot;: {
        &quot;Precincts&quot;: &quot;Hatfield (Phase 3)&quot;,
        &quot;Quickbase_Status&quot;: &quot;Completed&quot;,
        &quot;QBRecordID&quot;: 0,
        &quot;Third_Party_Dependant_For_Conne&quot;: null,
        &quot;Latitude&quot;: -25.74553077,
        &quot;Longitude&quot;: 28.24069471
      }
    },
    {
      &quot;attributes&quot;: {
        &quot;Precincts&quot;: &quot;Brooklyn&quot;,
        &quot;Quickbase_Status&quot;: &quot;Completed&quot;,
        &quot;QBRecordID&quot;: 0,
        &quot;Third_Party_Dependant_For_Conne&quot;: null,
        &quot;Latitude&quot;: -25.76749229,
        &quot;Longitude&quot;: 28.23546374
      }
    },
    {
      &quot;attributes&quot;: {
        &quot;Precincts&quot;: &quot;Hatfield (Phase 3)&quot;,
        &quot;Quickbase_Status&quot;: &quot;Completed&quot;,
        &quot;QBRecordID&quot;: 0,
        &quot;Third_Party_Dependant_For_Conne&quot;: null,
        &quot;Latitude&quot;: -25.74341963,
        &quot;Longitude&quot;: 28.24082629
      }
    },
    {
      &quot;attributes&quot;: {
        &quot;Precincts&quot;: &quot;Hatfield (Phase 3)&quot;,
        &quot;Quickbase_Status&quot;: &quot;Completed&quot;,
        &quot;QBRecordID&quot;: 0,
        &quot;Third_Party_Dependant_For_Conne&quot;: null,
        &quot;Latitude&quot;: -25.74613544,
        &quot;Longitude&quot;: 28.24139929
      }
    },
    {
      &quot;attributes&quot;: {
        &quot;Precincts&quot;: &quot;Hatfield (Phase 3)&quot;,
        &quot;Quickbase_Status&quot;: &quot;Completed&quot;,
        &quot;QBRecordID&quot;: 0,
        &quot;Third_Party_Dependant_For_Conne&quot;: null,
        &quot;Latitude&quot;: -25.74595894,
        &quot;Longitude&quot;: 28.24187066
      }
    },
    {
      &quot;attributes&quot;: {
        &quot;Precincts&quot;: &quot;Hatfield (Phase 3)&quot;,
        &quot;Quickbase_Status&quot;: &quot;Completed&quot;,
        &quot;QBRecordID&quot;: 0,
        &quot;Third_Party_Dependant_For_Conne&quot;: null,
        &quot;Latitude&quot;: -25.74599775,
        &quot;Longitude&quot;: 28.24177131
      }
    },
    {
      &quot;attributes&quot;: {
        &quot;Precincts&quot;: &quot;Hatfield (Phase 3)&quot;,
        &quot;Quickbase_Status&quot;: &quot;Completed&quot;,
        &quot;QBRecordID&quot;: 0,
        &quot;Third_Party_Dependant_For_Conne&quot;: null,
        &quot;Latitude&quot;: -25.74342748,
        &quot;Longitude&quot;: 28.24107043
      }
    },
    {
      &quot;attributes&quot;: {
        &quot;Precincts&quot;: &quot;Brooklyn&quot;,
        &quot;Quickbase_Status&quot;: &quot;Completed&quot;,
        &quot;QBRecordID&quot;: 0,
        &quot;Third_Party_Dependant_For_Conne&quot;: null,
        &quot;Latitude&quot;: -25.77248661,
        &quot;Longitude&quot;: 28.23230267
      }
    },
    {
      &quot;attributes&quot;: {
        &quot;Precincts&quot;: &quot;Hatfield (Phase 3)&quot;,
        &quot;Quickbase_Status&quot;: &quot;Completed&quot;,
        &quot;QBRecordID&quot;: 0,
        &quot;Third_Party_Dependant_For_Conne&quot;: null,
        &quot;Latitude&quot;: -25.7448844,
        &quot;Longitude&quot;: 28.2406485
      }
    },
    {
      &quot;attributes&quot;: {
        &quot;Precincts&quot;: &quot;Hatfield (Phase 3)&quot;,
        &quot;Quickbase_Status&quot;: &quot;Completed&quot;,
        &quot;QBRecordID&quot;: 0,
        &quot;Third_Party_Dependant_For_Conne&quot;: null,
        &quot;Latitude&quot;: -25.74533751,
        &quot;Longitude&quot;: 28.240689
      }
    },
    {
      &quot;attributes&quot;: {
        &quot;Precincts&quot;: &quot;Hatfield (Phase 3)&quot;,
        &quot;Quickbase_Status&quot;: &quot;Completed&quot;,
        &quot;QBRecordID&quot;: 0,
        &quot;Third_Party_Dependant_For_Conne&quot;: null,
        &quot;Latitude&quot;: -25.74602913,
        &quot;Longitude&quot;: 28.24157318
      }
    },
    {
      &quot;attributes&quot;: {
        &quot;Precincts&quot;: &quot;Brooklyn&quot;,
        &quot;Quickbase_Status&quot;: &quot;Completed&quot;,
        &quot;QBRecordID&quot;: 0,
        &quot;Third_Party_Dependant_For_Conne&quot;: null,
        &quot;Latitude&quot;: -25.76674161,
        &quot;Longitude&quot;: 28.22976586
      }
    },
    {
      &quot;attributes&quot;: {
        &quot;Precincts&quot;: &quot;Brooklyn&quot;,
        &quot;Quickbase_Status&quot;: &quot;Completed&quot;,
        &quot;QBRecordID&quot;: 0,
        &quot;Third_Party_Dependant_For_Conne&quot;: null,
        &quot;Latitude&quot;: -25.76651342,
        &quot;Longitude&quot;: 28.23028811
      }
    },
    {
      &quot;attributes&quot;: {
        &quot;Precincts&quot;: &quot;Brooklyn&quot;,
        &quot;Quickbase_Status&quot;: &quot;Completed&quot;,
        &quot;QBRecordID&quot;: 0,
        &quot;Third_Party_Dependant_For_Conne&quot;: null,
        &quot;Latitude&quot;: -25.76683444,
        &quot;Longitude&quot;: 28.23026579
      }
    },
    {
      &quot;attributes&quot;: {
        &quot;Precincts&quot;: &quot;Brooklyn&quot;,
        &quot;Quickbase_Status&quot;: &quot;Completed&quot;,
        &quot;QBRecordID&quot;: 0,
        &quot;Third_Party_Dependant_For_Conne&quot;: null,
        &quot;Latitude&quot;: -25.76681969,
        &quot;Longitude&quot;: 28.23011605
      }
    },
    {
      &quot;attributes&quot;: {
        &quot;Precincts&quot;: &quot;Brooklyn&quot;,
        &quot;Quickbase_Status&quot;: &quot;Completed&quot;,
        &quot;QBRecordID&quot;: 0,
        &quot;Third_Party_Dependant_For_Conne&quot;: null,
        &quot;Latitude&quot;: -25.77302099,
        &quot;Longitude&quot;: 28.23259821
      }
    },
    {
      &quot;attributes&quot;: {
        &quot;Precincts&quot;: &quot;Brooklyn&quot;,
        &quot;Quickbase_Status&quot;: &quot;Completed&quot;,
        &quot;QBRecordID&quot;: 0,
        &quot;Third_Party_Dependant_For_Conne&quot;: null,
        &quot;Latitude&quot;: -25.7698987,
        &quot;Longitude&quot;: 28.23175276
      }
    },
    {
      &quot;attributes&quot;: {
        &quot;Precincts&quot;: &quot;Brooklyn&quot;,
        &quot;Quickbase_Status&quot;: &quot;Completed&quot;,
        &quot;QBRecordID&quot;: 0,
        &quot;Third_Party_Dependant_For_Conne&quot;: null,
        &quot;Latitude&quot;: -25.7701248,
        &quot;Longitude&quot;: 28.23131808
      }
    },
    {
      &quot;attributes&quot;: {
        &quot;Precincts&quot;: &quot;Brooklyn&quot;,
        &quot;Quickbase_Status&quot;: &quot;Completed&quot;,
        &quot;QBRecordID&quot;: 0,
        &quot;Third_Party_Dependant_For_Conne&quot;: null,
        &quot;Latitude&quot;: -25.77004397,
        &quot;Longitude&quot;: 28.2313207
      }
    },
    {
      &quot;attributes&quot;: {
        &quot;Precincts&quot;: &quot;Brooklyn&quot;,
        &quot;Quickbase_Status&quot;: &quot;Completed&quot;,
        &quot;QBRecordID&quot;: 0,
        &quot;Third_Party_Dependant_For_Conne&quot;: null,
        &quot;Latitude&quot;: -25.77007175,
        &quot;Longitude&quot;: 28.2314513
      }
    },
    {
      &quot;attributes&quot;: {
        &quot;Precincts&quot;: &quot;Brooklyn&quot;,
        &quot;Quickbase_Status&quot;: &quot;Completed&quot;,
        &quot;QBRecordID&quot;: 0,
        &quot;Third_Party_Dependant_For_Conne&quot;: null,
        &quot;Latitude&quot;: -25.77002527,
        &quot;Longitude&quot;: 28.23160286
      }
    },
    {
      &quot;attributes&quot;: {
        &quot;Precincts&quot;: &quot;Brooklyn&quot;,
        &quot;Quickbase_Status&quot;: &quot;Completed&quot;,
        &quot;QBRecordID&quot;: 0,
        &quot;Third_Party_Dependant_For_Conne&quot;: null,
        &quot;Latitude&quot;: -25.76999572,
        &quot;Longitude&quot;: 28.23147968
      }
    },
    {
      &quot;attributes&quot;: {
        &quot;Precincts&quot;: &quot;Brooklyn&quot;,
        &quot;Quickbase_Status&quot;: &quot;Completed&quot;,
        &quot;QBRecordID&quot;: 0,
        &quot;Third_Party_Dependant_For_Conne&quot;: null,
        &quot;Latitude&quot;: -25.76994533,
        &quot;Longitude&quot;: 28.23160611
      }
    },
    {
      &quot;attributes&quot;: {
        &quot;Precincts&quot;: &quot;Brooklyn&quot;,
        &quot;Quickbase_Status&quot;: &quot;Completed&quot;,
        &quot;QBRecordID&quot;: 0,
        &quot;Third_Party_Dependant_For_Conne&quot;: null,
        &quot;Latitude&quot;: -25.76997279,
        &quot;Longitude&quot;: 28.23173701
      }
    },
    {
      &quot;attributes&quot;: {
        &quot;Precincts&quot;: &quot;Brooklyn&quot;,
        &quot;Quickbase_Status&quot;: &quot;Completed&quot;,
        &quot;QBRecordID&quot;: 0,
        &quot;Third_Party_Dependant_For_Conne&quot;: null,
        &quot;Latitude&quot;: -25.769847,
        &quot;Longitude&quot;: 28.23189531
      }
    },
    {
      &quot;attributes&quot;: {
        &quot;Precincts&quot;: &quot;Brooklyn&quot;,
        &quot;Quickbase_Status&quot;: &quot;Completed&quot;,
        &quot;QBRecordID&quot;: 0,
        &quot;Third_Party_Dependant_For_Conne&quot;: null,
        &quot;Latitude&quot;: -25.76992616,
        &quot;Longitude&quot;: 28.2318879
      }
    },
    {
      &quot;attributes&quot;: {
        &quot;Precincts&quot;: &quot;Brooklyn&quot;,
        &quot;Quickbase_Status&quot;: &quot;Completed&quot;,
        &quot;QBRecordID&quot;: 0,
        &quot;Third_Party_Dependant_For_Conne&quot;: null,
        &quot;Latitude&quot;: -25.76628214,
        &quot;Longitude&quot;: 28.23176745
      }
    },
    {
      &quot;attributes&quot;: {
        &quot;Precincts&quot;: &quot;Brooklyn&quot;,
        &quot;Quickbase_Status&quot;: &quot;Completed&quot;,
        &quot;QBRecordID&quot;: 0,
        &quot;Third_Party_Dependant_For_Conne&quot;: null,
        &quot;Latitude&quot;: -25.76611712,
        &quot;Longitude&quot;: 28.23179865
      }
    },
    {
      &quot;attributes&quot;: {
        &quot;Precincts&quot;: &quot;Brooklyn&quot;,
        &quot;Quickbase_Status&quot;: &quot;Completed&quot;,
        &quot;QBRecordID&quot;: 0,
        &quot;Third_Party_Dependant_For_Conne&quot;: null,
        &quot;Latitude&quot;: -25.76620086,
        &quot;Longitude&quot;: 28.23190496
      }
    },
    {
      &quot;attributes&quot;: {
        &quot;Precincts&quot;: &quot;Brooklyn&quot;,
        &quot;Quickbase_Status&quot;: &quot;Completed&quot;,
        &quot;QBRecordID&quot;: 0,
        &quot;Third_Party_Dependant_For_Conne&quot;: null,
        &quot;Latitude&quot;: -25.76644766,
        &quot;Longitude&quot;: 28.23142469
      }
    },
    {
      &quot;attributes&quot;: {
        &quot;Precincts&quot;: &quot;Brooklyn&quot;,
        &quot;Quickbase_Status&quot;: &quot;Completed&quot;,
        &quot;QBRecordID&quot;: 0,
        &quot;Third_Party_Dependant_For_Conne&quot;: null,
        &quot;Latitude&quot;: -25.76659762,
        &quot;Longitude&quot;: 28.2312504
      }
    },
    {
      &quot;attributes&quot;: {
        &quot;Precincts&quot;: &quot;Brooklyn&quot;,
        &quot;Quickbase_Status&quot;: &quot;Completed&quot;,
        &quot;QBRecordID&quot;: 0,
        &quot;Third_Party_Dependant_For_Conne&quot;: null,
        &quot;Latitude&quot;: -25.76660797,
        &quot;Longitude&quot;: 28.23141026
      }
    },
    {
      &quot;attributes&quot;: {
        &quot;Precincts&quot;: &quot;Brooklyn&quot;,
        &quot;Quickbase_Status&quot;: &quot;Completed&quot;,
        &quot;QBRecordID&quot;: 0,
        &quot;Third_Party_Dependant_For_Conne&quot;: null,
        &quot;Latitude&quot;: -25.76655831,
        &quot;Longitude&quot;: 28.23148085
      }
    },
    {
      &quot;attributes&quot;: {
        &quot;Precincts&quot;: &quot;Brooklyn&quot;,
        &quot;Quickbase_Status&quot;: &quot;Completed&quot;,
        &quot;QBRecordID&quot;: 0,
        &quot;Third_Party_Dependant_For_Conne&quot;: null,
        &quot;Latitude&quot;: -25.76668191,
        &quot;Longitude&quot;: 28.2313491
      }
    },
    {
      &quot;attributes&quot;: {
        &quot;Precincts&quot;: &quot;Brooklyn&quot;,
        &quot;Quickbase_Status&quot;: &quot;Completed&quot;,
        &quot;QBRecordID&quot;: 0,
        &quot;Third_Party_Dependant_For_Conne&quot;: null,
        &quot;Latitude&quot;: -25.76683204,
        &quot;Longitude&quot;: 28.23081725
      }
    },
    {
      &quot;attributes&quot;: {
        &quot;Precincts&quot;: &quot;Brooklyn&quot;,
        &quot;Quickbase_Status&quot;: &quot;Completed&quot;,
        &quot;QBRecordID&quot;: 0,
        &quot;Third_Party_Dependant_For_Conne&quot;: null,
        &quot;Latitude&quot;: -25.76701877,
        &quot;Longitude&quot;: 28.23085409
      }
    },
    {
      &quot;attributes&quot;: {
        &quot;Precincts&quot;: &quot;Brooklyn&quot;,
        &quot;Quickbase_Status&quot;: &quot;Completed&quot;,
        &quot;QBRecordID&quot;: 0,
        &quot;Third_Party_Dependant_For_Conne&quot;: null,
        &quot;Latitude&quot;: -25.76719512,
        &quot;Longitude&quot;: 28.23148548
      }
    },
    {
      &quot;attributes&quot;: {
        &quot;Precincts&quot;: &quot;Brooklyn&quot;,
        &quot;Quickbase_Status&quot;: &quot;Completed&quot;,
        &quot;QBRecordID&quot;: 0,
        &quot;Third_Party_Dependant_For_Conne&quot;: null,
        &quot;Latitude&quot;: -25.76703867,
        &quot;Longitude&quot;: 28.23153511
      }
    },
    {
      &quot;attributes&quot;: {
        &quot;Precincts&quot;: &quot;Brooklyn&quot;,
        &quot;Quickbase_Status&quot;: &quot;Completed&quot;,
        &quot;QBRecordID&quot;: 0,
        &quot;Third_Party_Dependant_For_Conne&quot;: null,
        &quot;Latitude&quot;: -25.76672033,
        &quot;Longitude&quot;: 28.231602
      }
    },
    {
      &quot;attributes&quot;: {
        &quot;Precincts&quot;: &quot;Brooklyn&quot;,
        &quot;Quickbase_Status&quot;: &quot;Completed&quot;,
        &quot;QBRecordID&quot;: 0,
        &quot;Third_Party_Dependant_For_Conne&quot;: null,
        &quot;Latitude&quot;: -25.76688425,
        &quot;Longitude&quot;: 28.23160213
      }
    },
    {
      &quot;attributes&quot;: {
        &quot;Precincts&quot;: &quot;Brooklyn&quot;,
        &quot;Quickbase_Status&quot;: &quot;Completed&quot;,
        &quot;QBRecordID&quot;: 0,
        &quot;Third_Party_Dependant_For_Conne&quot;: null,
        &quot;Latitude&quot;: -25.7666933,
        &quot;Longitude&quot;: 28.23098297
      }
    },
    {
      &quot;attributes&quot;: {
        &quot;Precincts&quot;: &quot;Brooklyn&quot;,
        &quot;Quickbase_Status&quot;: &quot;Completed&quot;,
        &quot;QBRecordID&quot;: 0,
        &quot;Third_Party_Dependant_For_Conne&quot;: null,
        &quot;Latitude&quot;: -25.76611492,
        &quot;Longitude&quot;: 28.23137068
      }
    },
    {
      &quot;attributes&quot;: {
        &quot;Precincts&quot;: &quot;Brooklyn&quot;,
        &quot;Quickbase_Status&quot;: &quot;Completed&quot;,
        &quot;QBRecordID&quot;: 0,
        &quot;Third_Party_Dependant_For_Conne&quot;: null,
        &quot;Latitude&quot;: -25.76456592,
        &quot;Longitude&quot;: 28.23314137
      }
    },
    {
      &quot;attributes&quot;: {
        &quot;Precincts&quot;: &quot;Brooklyn&quot;,
        &quot;Quickbase_Status&quot;: &quot;Completed&quot;,
        &quot;QBRecordID&quot;: 0,
        &quot;Third_Party_Dependant_For_Conne&quot;: null,
        &quot;Latitude&quot;: -25.76396311,
        &quot;Longitude&quot;: 28.23085938
      }
    },
    {
      &quot;attributes&quot;: {
        &quot;Precincts&quot;: &quot;Brooklyn&quot;,
        &quot;Quickbase_Status&quot;: &quot;Completed&quot;,
        &quot;QBRecordID&quot;: 0,
        &quot;Third_Party_Dependant_For_Conne&quot;: null,
        &quot;Latitude&quot;: -25.77274543,
        &quot;Longitude&quot;: 28.2329149
      }
    },
    {
      &quot;attributes&quot;: {
        &quot;Precincts&quot;: &quot;Brooklyn&quot;,
        &quot;Quickbase_Status&quot;: &quot;Completed&quot;,
        &quot;QBRecordID&quot;: 0,
        &quot;Third_Party_Dependant_For_Conne&quot;: null,
        &quot;Latitude&quot;: -25.77075463,
        &quot;Longitude&quot;: 28.23589727
      }
    },
    {
      &quot;attributes&quot;: {
        &quot;Precincts&quot;: &quot;Brooklyn&quot;,
        &quot;Quickbase_Status&quot;: &quot;Completed&quot;,
        &quot;QBRecordID&quot;: 0,
        &quot;Third_Party_Dependant_For_Conne&quot;: null,
        &quot;Latitude&quot;: -25.77125911,
        &quot;Longitude&quot;: 28.23648687
      }
    },
    {
      &quot;attributes&quot;: {
        &quot;Precincts&quot;: &quot;Brooklyn&quot;,
        &quot;Quickbase_Status&quot;: &quot;Completed&quot;,
        &quot;QBRecordID&quot;: 0,
        &quot;Third_Party_Dependant_For_Conne&quot;: null,
        &quot;Latitude&quot;: -25.77113895,
        &quot;Longitude&quot;: 28.23654004
      }
    },
    {
      &quot;attributes&quot;: {
        &quot;Precincts&quot;: &quot;Brooklyn&quot;,
        &quot;Quickbase_Status&quot;: &quot;Completed&quot;,
        &quot;QBRecordID&quot;: 0,
        &quot;Third_Party_Dependant_For_Conne&quot;: null,
        &quot;Latitude&quot;: -25.77116259,
        &quot;Longitude&quot;: 28.23633779
      }
    },
    {
      &quot;attributes&quot;: {
        &quot;Precincts&quot;: &quot;Brooklyn&quot;,
        &quot;Quickbase_Status&quot;: &quot;Completed&quot;,
        &quot;QBRecordID&quot;: 0,
        &quot;Third_Party_Dependant_For_Conne&quot;: null,
        &quot;Latitude&quot;: -25.77143653,
        &quot;Longitude&quot;: 28.23642052
      }
    },
    {
      &quot;attributes&quot;: {
        &quot;Precincts&quot;: &quot;Brooklyn&quot;,
        &quot;Quickbase_Status&quot;: &quot;Completed&quot;,
        &quot;QBRecordID&quot;: 0,
        &quot;Third_Party_Dependant_For_Conne&quot;: null,
        &quot;Latitude&quot;: -25.7685077,
        &quot;Longitude&quot;: 28.23528665
      }
    },
    {
      &quot;attributes&quot;: {
        &quot;Precincts&quot;: &quot;Brooklyn&quot;,
        &quot;Quickbase_Status&quot;: &quot;Completed&quot;,
        &quot;QBRecordID&quot;: 0,
        &quot;Third_Party_Dependant_For_Conne&quot;: null,
        &quot;Latitude&quot;: -25.76860651,
        &quot;Longitude&quot;: 28.23525767
      }
    },
    {
      &quot;attributes&quot;: {
        &quot;Precincts&quot;: &quot;Brooklyn&quot;,
        &quot;Quickbase_Status&quot;: &quot;Completed&quot;,
        &quot;QBRecordID&quot;: 0,
        &quot;Third_Party_Dependant_For_Conne&quot;: null,
        &quot;Latitude&quot;: -25.76868381,
        &quot;Longitude&quot;: 28.2353838
      }
    },
    {
      &quot;attributes&quot;: {
        &quot;Precincts&quot;: &quot;Brooklyn&quot;,
        &quot;Quickbase_Status&quot;: &quot;Completed&quot;,
        &quot;QBRecordID&quot;: 0,
        &quot;Third_Party_Dependant_For_Conne&quot;: null,
        &quot;Latitude&quot;: -25.77000887,
        &quot;Longitude&quot;: 28.2329796
      }
    },
    {
      &quot;attributes&quot;: {
        &quot;Precincts&quot;: &quot;Brooklyn&quot;,
        &quot;Quickbase_Status&quot;: &quot;Completed&quot;,
        &quot;QBRecordID&quot;: 0,
        &quot;Third_Party_Dependant_For_Conne&quot;: null,
        &quot;Latitude&quot;: -25.77003957,
        &quot;Longitude&quot;: 28.23278179
      }
    },
    {
      &quot;attributes&quot;: {
        &quot;Precincts&quot;: &quot;Brooklyn&quot;,
        &quot;Quickbase_Status&quot;: &quot;Completed&quot;,
        &quot;QBRecordID&quot;: 0,
        &quot;Third_Party_Dependant_For_Conne&quot;: null,
        &quot;Latitude&quot;: -25.7703184,
        &quot;Longitude&quot;: 28.23260559
      }
    },
    {
      &quot;attributes&quot;: {
        &quot;Precincts&quot;: &quot;Brooklyn&quot;,
        &quot;Quickbase_Status&quot;: &quot;Completed&quot;,
        &quot;QBRecordID&quot;: 0,
        &quot;Third_Party_Dependant_For_Conne&quot;: null,
        &quot;Latitude&quot;: -25.77052692,
        &quot;Longitude&quot;: 28.23289576
      }
    },
    {
      &quot;attributes&quot;: {
        &quot;Precincts&quot;: &quot;Brooklyn&quot;,
        &quot;Quickbase_Status&quot;: &quot;Completed&quot;,
        &quot;QBRecordID&quot;: 0,
        &quot;Third_Party_Dependant_For_Conne&quot;: null,
        &quot;Latitude&quot;: -25.77060503,
        &quot;Longitude&quot;: 28.23263587
      }
    },
    {
      &quot;attributes&quot;: {
        &quot;Precincts&quot;: &quot;Brooklyn&quot;,
        &quot;Quickbase_Status&quot;: &quot;Completed&quot;,
        &quot;QBRecordID&quot;: 0,
        &quot;Third_Party_Dependant_For_Conne&quot;: null,
        &quot;Latitude&quot;: -25.770567,
        &quot;Longitude&quot;: 28.23272701
      }
    },
    {
      &quot;attributes&quot;: {
        &quot;Precincts&quot;: &quot;Brooklyn&quot;,
        &quot;Quickbase_Status&quot;: &quot;Completed&quot;,
        &quot;QBRecordID&quot;: 0,
        &quot;Third_Party_Dependant_For_Conne&quot;: null,
        &quot;Latitude&quot;: -25.77046659,
        &quot;Longitude&quot;: 28.23303898
      }
    },
    {
      &quot;attributes&quot;: {
        &quot;Precincts&quot;: &quot;Brooklyn&quot;,
        &quot;Quickbase_Status&quot;: &quot;Completed&quot;,
        &quot;QBRecordID&quot;: 0,
        &quot;Third_Party_Dependant_For_Conne&quot;: null,
        &quot;Latitude&quot;: -25.77042254,
        &quot;Longitude&quot;: 28.23285183
      }
    },
    {
      &quot;attributes&quot;: {
        &quot;Precincts&quot;: &quot;Brooklyn&quot;,
        &quot;Quickbase_Status&quot;: &quot;Completed&quot;,
        &quot;QBRecordID&quot;: 0,
        &quot;Third_Party_Dependant_For_Conne&quot;: null,
        &quot;Latitude&quot;: -25.77042899,
        &quot;Longitude&quot;: 28.23312801
      }
    },
    {
      &quot;attributes&quot;: {
        &quot;Precincts&quot;: &quot;Brooklyn&quot;,
        &quot;Quickbase_Status&quot;: &quot;Completed&quot;,
        &quot;QBRecordID&quot;: 0,
        &quot;Third_Party_Dependant_For_Conne&quot;: null,
        &quot;Latitude&quot;: -25.77066084,
        &quot;Longitude&quot;: 28.23268104
      }
    },
    {
      &quot;attributes&quot;: {
        &quot;Precincts&quot;: &quot;Brooklyn&quot;,
        &quot;Quickbase_Status&quot;: &quot;Completed&quot;,
        &quot;QBRecordID&quot;: 0,
        &quot;Third_Party_Dependant_For_Conne&quot;: null,
        &quot;Latitude&quot;: -25.76995913,
        &quot;Longitude&quot;: 28.23265197
      }
    },
    {
      &quot;attributes&quot;: {
        &quot;Precincts&quot;: &quot;Brooklyn&quot;,
        &quot;Quickbase_Status&quot;: &quot;Completed&quot;,
        &quot;QBRecordID&quot;: 0,
        &quot;Third_Party_Dependant_For_Conne&quot;: null,
        &quot;Latitude&quot;: -25.77034963,
        &quot;Longitude&quot;: 28.23354191
      }
    },
    {
      &quot;attributes&quot;: {
        &quot;Precincts&quot;: &quot;Brooklyn&quot;,
        &quot;Quickbase_Status&quot;: &quot;Completed&quot;,
        &quot;QBRecordID&quot;: 0,
        &quot;Third_Party_Dependant_For_Conne&quot;: null,
        &quot;Latitude&quot;: -25.768516,
        &quot;Longitude&quot;: 28.23487551
      }
    },
    {
      &quot;attributes&quot;: {
        &quot;Precincts&quot;: &quot;Brooklyn&quot;,
        &quot;Quickbase_Status&quot;: &quot;Completed&quot;,
        &quot;QBRecordID&quot;: 0,
        &quot;Third_Party_Dependant_For_Conne&quot;: null,
        &quot;Latitude&quot;: -25.76886093,
        &quot;Longitude&quot;: 28.2349907
      }
    },
    {
      &quot;attributes&quot;: {
        &quot;Precincts&quot;: &quot;Brooklyn&quot;,
        &quot;Quickbase_Status&quot;: &quot;Completed&quot;,
        &quot;QBRecordID&quot;: 0,
        &quot;Third_Party_Dependant_For_Conne&quot;: null,
        &quot;Latitude&quot;: -25.76997154,
        &quot;Longitude&quot;: 28.23225013
      }
    },
    {
      &quot;attributes&quot;: {
        &quot;Precincts&quot;: &quot;Brooklyn&quot;,
        &quot;Quickbase_Status&quot;: &quot;Completed&quot;,
        &quot;QBRecordID&quot;: 0,
        &quot;Third_Party_Dependant_For_Conne&quot;: null,
        &quot;Latitude&quot;: -25.76833819,
        &quot;Longitude&quot;: 28.23436033
      }
    },
    {
      &quot;attributes&quot;: {
        &quot;Precincts&quot;: &quot;Brooklyn&quot;,
        &quot;Quickbase_Status&quot;: &quot;Completed&quot;,
        &quot;QBRecordID&quot;: 0,
        &quot;Third_Party_Dependant_For_Conne&quot;: null,
        &quot;Latitude&quot;: -25.76713703,
        &quot;Longitude&quot;: 28.23118707
      }
    },
    {
      &quot;attributes&quot;: {
        &quot;Precincts&quot;: &quot;Ashley Gardens&quot;,
        &quot;Quickbase_Status&quot;: &quot;Completed&quot;,
        &quot;QBRecordID&quot;: 0,
        &quot;Third_Party_Dependant_For_Conne&quot;: null,
        &quot;Latitude&quot;: -25.78478079,
        &quot;Longitude&quot;: 28.26516922
      }
    },
    {
      &quot;attributes&quot;: {
        &quot;Precincts&quot;: &quot;Hatfield (Phase 3)&quot;,
        &quot;Quickbase_Status&quot;: &quot;Completed&quot;,
        &quot;QBRecordID&quot;: 0,
        &quot;Third_Party_Dependant_For_Conne&quot;: null,
        &quot;Latitude&quot;: -25.74287381,
        &quot;Longitude&quot;: 28.24524603
      }
    },
    {
      &quot;attributes&quot;: {
        &quot;Precincts&quot;: &quot;Hatfield (Phase 3)&quot;,
        &quot;Quickbase_Status&quot;: &quot;Completed&quot;,
        &quot;QBRecordID&quot;: 0,
        &quot;Third_Party_Dependant_For_Conne&quot;: null,
        &quot;Latitude&quot;: -25.74287259,
        &quot;Longitude&quot;: 28.24510321
      }
    },
    {
      &quot;attributes&quot;: {
        &quot;Precincts&quot;: &quot;Hatfield (Phase 3)&quot;,
        &quot;Quickbase_Status&quot;: &quot;Completed&quot;,
        &quot;QBRecordID&quot;: 0,
        &quot;Third_Party_Dependant_For_Conne&quot;: null,
        &quot;Latitude&quot;: -25.74293009,
        &quot;Longitude&quot;: 28.24311823
      }
    },
    {
      &quot;attributes&quot;: {
        &quot;Precincts&quot;: &quot;Hatfield (Phase 3)&quot;,
        &quot;Quickbase_Status&quot;: &quot;Completed&quot;,
        &quot;QBRecordID&quot;: 0,
        &quot;Third_Party_Dependant_For_Conne&quot;: null,
        &quot;Latitude&quot;: -25.74168178,
        &quot;Longitude&quot;: 28.24862664
      }
    },
    {
      &quot;attributes&quot;: {
        &quot;Precincts&quot;: &quot;Hatfield (Phase 3)&quot;,
        &quot;Quickbase_Status&quot;: &quot;Completed&quot;,
        &quot;QBRecordID&quot;: 0,
        &quot;Third_Party_Dependant_For_Conne&quot;: null,
        &quot;Latitude&quot;: -25.74167728,
        &quot;Longitude&quot;: 28.24849523
      }
    },
    {
      &quot;attributes&quot;: {
        &quot;Precincts&quot;: &quot;Hatfield (Phase 3)&quot;,
        &quot;Quickbase_Status&quot;: &quot;Completed&quot;,
        &quot;QBRecordID&quot;: 0,
        &quot;Third_Party_Dependant_For_Conne&quot;: null,
        &quot;Latitude&quot;: -25.74166726,
        &quot;Longitude&quot;: 28.24877122
      }
    },
    {
      &quot;attributes&quot;: {
        &quot;Precincts&quot;: &quot;Ingersol&quot;,
        &quot;Quickbase_Status&quot;: &quot;Completed&quot;,
        &quot;QBRecordID&quot;: 0,
        &quot;Third_Party_Dependant_For_Conne&quot;: null,
        &quot;Latitude&quot;: -25.78345168,
        &quot;Longitude&quot;: 28.27684365
      }
    },
    {
      &quot;attributes&quot;: {
        &quot;Precincts&quot;: &quot;Ingersol&quot;,
        &quot;Quickbase_Status&quot;: &quot;Completed&quot;,
        &quot;QBRecordID&quot;: 93421,
        &quot;Third_Party_Dependant_For_Conne&quot;: null,
        &quot;Latitude&quot;: -25.78312071,
        &quot;Longitude&quot;: 28.27511338
      }
    },
    {
      &quot;attributes&quot;: {
        &quot;Precincts&quot;: &quot;Ingersol&quot;,
        &quot;Quickbase_Status&quot;: &quot;Completed&quot;,
        &quot;QBRecordID&quot;: 0,
        &quot;Third_Party_Dependant_For_Conne&quot;: null,
        &quot;Latitude&quot;: -25.78260542,
        &quot;Longitude&quot;: 28.27698748
      }
    },
    {
      &quot;attributes&quot;: {
        &quot;Precincts&quot;: &quot;Ingersol&quot;,
        &quot;Quickbase_Status&quot;: &quot;Completed&quot;,
        &quot;QBRecordID&quot;: 0,
        &quot;Third_Party_Dependant_For_Conne&quot;: null,
        &quot;Latitude&quot;: -25.78194431,
        &quot;Longitude&quot;: 28.27697561
      }
    },
    {
      &quot;attributes&quot;: {
        &quot;Precincts&quot;: &quot;Persequor Park&quot;,
        &quot;Quickbase_Status&quot;: &quot;Completed&quot;,
        &quot;QBRecordID&quot;: 0,
        &quot;Third_Party_Dependant_For_Conne&quot;: null,
        &quot;Latitude&quot;: -25.74409621,
        &quot;Longitude&quot;: 28.27292946
      }
    },
    {
      &quot;attributes&quot;: {
        &quot;Precincts&quot;: &quot;Persequor Park&quot;,
        &quot;Quickbase_Status&quot;: &quot;Completed&quot;,
        &quot;QBRecordID&quot;: 0,
        &quot;Third_Party_Dependant_For_Conne&quot;: null,
        &quot;Latitude&quot;: -25.74456518,
        &quot;Longitude&quot;: 28.2729936
      }
    },
    {
      &quot;attributes&quot;: {
        &quot;Precincts&quot;: &quot;Persequor Park&quot;,
        &quot;Quickbase_Status&quot;: &quot;Completed&quot;,
        &quot;QBRecordID&quot;: 0,
        &quot;Third_Party_Dependant_For_Conne&quot;: null,
        &quot;Latitude&quot;: -25.7447577,
        &quot;Longitude&quot;: 28.27297016
      }
    },
    {
      &quot;attributes&quot;: {
        &quot;Precincts&quot;: &quot;Persequor Park&quot;,
        &quot;Quickbase_Status&quot;: &quot;Completed&quot;,
        &quot;QBRecordID&quot;: 0,
        &quot;Third_Party_Dependant_For_Conne&quot;: null,
        &quot;Latitude&quot;: -25.74426436,
        &quot;Longitude&quot;: 28.27309278
      }
    },
    {
      &quot;attributes&quot;: {
        &quot;Precincts&quot;: &quot;Persequor Park&quot;,
        &quot;Quickbase_Status&quot;: &quot;Completed&quot;,
        &quot;QBRecordID&quot;: 0,
        &quot;Third_Party_Dependant_For_Conne&quot;: null,
        &quot;Latitude&quot;: -25.74449704,
        &quot;Longitude&quot;: 28.27308588
      }
    },
    {
      &quot;attributes&quot;: {
        &quot;Precincts&quot;: &quot;Persequor Park&quot;,
        &quot;Quickbase_Status&quot;: &quot;Completed&quot;,
        &quot;QBRecordID&quot;: 0,
        &quot;Third_Party_Dependant_For_Conne&quot;: null,
        &quot;Latitude&quot;: -25.74337007,
        &quot;Longitude&quot;: 28.27819949
      }
    },
    {
      &quot;attributes&quot;: {
        &quot;Precincts&quot;: &quot;Persequor Park&quot;,
        &quot;Quickbase_Status&quot;: &quot;Completed&quot;,
        &quot;QBRecordID&quot;: 0,
        &quot;Third_Party_Dependant_For_Conne&quot;: null,
        &quot;Latitude&quot;: -25.74809476,
        &quot;Longitude&quot;: 28.27584449
      }
    },
    {
      &quot;attributes&quot;: {
        &quot;Precincts&quot;: &quot;Persequor Park&quot;,
        &quot;Quickbase_Status&quot;: &quot;Completed&quot;,
        &quot;QBRecordID&quot;: 0,
        &quot;Third_Party_Dependant_For_Conne&quot;: null,
        &quot;Latitude&quot;: -25.74554807,
        &quot;Longitude&quot;: 28.27261194
      }
    },
    {
      &quot;attributes&quot;: {
        &quot;Precincts&quot;: &quot;Persequor Park&quot;,
        &quot;Quickbase_Status&quot;: &quot;Completed&quot;,
        &quot;QBRecordID&quot;: 0,
        &quot;Third_Party_Dependant_For_Conne&quot;: null,
        &quot;Latitude&quot;: -25.74571442,
        &quot;Longitude&quot;: 28.27262567
      }
    },
    {
      &quot;attributes&quot;: {
        &quot;Precincts&quot;: &quot;Persequor Park&quot;,
        &quot;Quickbase_Status&quot;: &quot;Completed&quot;,
        &quot;QBRecordID&quot;: 107355,
        &quot;Third_Party_Dependant_For_Conne&quot;: null,
        &quot;Latitude&quot;: -25.74497879,
        &quot;Longitude&quot;: 28.2743363
      }
    },
    {
      &quot;attributes&quot;: {
        &quot;Precincts&quot;: &quot;Persequor Park&quot;,
        &quot;Quickbase_Status&quot;: &quot;Completed&quot;,
        &quot;QBRecordID&quot;: 0,
        &quot;Third_Party_Dependant_For_Conne&quot;: null,
        &quot;Latitude&quot;: -25.74719389,
        &quot;Longitude&quot;: 28.27279018
      }
    },
    {
      &quot;attributes&quot;: {
        &quot;Precincts&quot;: &quot;Persequor Park&quot;,
        &quot;Quickbase_Status&quot;: &quot;Completed&quot;,
        &quot;QBRecordID&quot;: 0,
        &quot;Third_Party_Dependant_For_Conne&quot;: null,
        &quot;Latitude&quot;: -25.74704394,
        &quot;Longitude&quot;: 28.27310127
      }
    },
    {
      &quot;attributes&quot;: {
        &quot;Precincts&quot;: &quot;Persequor Park&quot;,
        &quot;Quickbase_Status&quot;: &quot;Completed&quot;,
        &quot;QBRecordID&quot;: 0,
        &quot;Third_Party_Dependant_For_Conne&quot;: null,
        &quot;Latitude&quot;: -25.74528784,
        &quot;Longitude&quot;: 28.27299871
      }
    },
    {
      &quot;attributes&quot;: {
        &quot;Precincts&quot;: &quot;Persequor Park&quot;,
        &quot;Quickbase_Status&quot;: &quot;Completed&quot;,
        &quot;QBRecordID&quot;: 0,
        &quot;Third_Party_Dependant_For_Conne&quot;: null,
        &quot;Latitude&quot;: -25.74765439,
        &quot;Longitude&quot;: 28.2755854
      }
    },
    {
      &quot;attributes&quot;: {
        &quot;Precincts&quot;: &quot;Persequor Park&quot;,
        &quot;Quickbase_Status&quot;: &quot;Completed&quot;,
        &quot;QBRecordID&quot;: 0,
        &quot;Third_Party_Dependant_For_Conne&quot;: null,
        &quot;Latitude&quot;: -25.74797379,
        &quot;Longitude&quot;: 28.27584575
      }
    },
    {
      &quot;attributes&quot;: {
        &quot;Precincts&quot;: &quot;Persequor Park&quot;,
        &quot;Quickbase_Status&quot;: &quot;Completed&quot;,
        &quot;QBRecordID&quot;: 0,
        &quot;Third_Party_Dependant_For_Conne&quot;: null,
        &quot;Latitude&quot;: -25.74671515,
        &quot;Longitude&quot;: 28.27478647
      }
    },
    {
      &quot;attributes&quot;: {
        &quot;Precincts&quot;: &quot;Persequor Park&quot;,
        &quot;Quickbase_Status&quot;: &quot;Completed&quot;,
        &quot;QBRecordID&quot;: 0,
        &quot;Third_Party_Dependant_For_Conne&quot;: null,
        &quot;Latitude&quot;: -25.74557557,
        &quot;Longitude&quot;: 28.27342246
      }
    },
    {
      &quot;attributes&quot;: {
        &quot;Precincts&quot;: &quot;Persequor Park&quot;,
        &quot;Quickbase_Status&quot;: &quot;Completed&quot;,
        &quot;QBRecordID&quot;: 0,
        &quot;Third_Party_Dependant_For_Conne&quot;: null,
        &quot;Latitude&quot;: -25.74568474,
        &quot;Longitude&quot;: 28.27342931
      }
    },
    {
      &quot;attributes&quot;: {
        &quot;Precincts&quot;: &quot;Ingersol&quot;,
        &quot;Quickbase_Status&quot;: &quot;Completed&quot;,
        &quot;QBRecordID&quot;: 0,
        &quot;Third_Party_Dependant_For_Conne&quot;: null,
        &quot;Latitude&quot;: -25.77827266,
        &quot;Longitude&quot;: 28.27430747
      }
    },
    {
      &quot;attributes&quot;: {
        &quot;Precincts&quot;: &quot;Ingersol&quot;,
        &quot;Quickbase_Status&quot;: &quot;Completed&quot;,
        &quot;QBRecordID&quot;: 0,
        &quot;Third_Party_Dependant_For_Conne&quot;: null,
        &quot;Latitude&quot;: -25.79052532,
        &quot;Longitude&quot;: 28.28031974
      }
    },
    {
      &quot;attributes&quot;: {
        &quot;Precincts&quot;: &quot;Ingersol&quot;,
        &quot;Quickbase_Status&quot;: &quot;Completed&quot;,
        &quot;QBRecordID&quot;: 0,
        &quot;Third_Party_Dependant_For_Conne&quot;: null,
        &quot;Latitude&quot;: -25.78907299,
        &quot;Longitude&quot;: 28.27952067
      }
    },
    {
      &quot;attributes&quot;: {
        &quot;Precincts&quot;: &quot;Oberon&quot;,
        &quot;Quickbase_Status&quot;: &quot;Completed&quot;,
        &quot;QBRecordID&quot;: 0,
        &quot;Third_Party_Dependant_For_Conne&quot;: null,
        &quot;Latitude&quot;: -25.78347132,
        &quot;Longitude&quot;: 28.29085312
      }
    },
    {
      &quot;attributes&quot;: {
        &quot;Precincts&quot;: &quot;Oberon&quot;,
        &quot;Quickbase_Status&quot;: &quot;Completed&quot;,
        &quot;QBRecordID&quot;: 0,
        &quot;Third_Party_Dependant_For_Conne&quot;: null,
        &quot;Latitude&quot;: -25.78337027,
        &quot;Longitude&quot;: 28.29120401
      }
    },
    {
      &quot;attributes&quot;: {
        &quot;Precincts&quot;: &quot;Oberon&quot;,
        &quot;Quickbase_Status&quot;: &quot;Completed&quot;,
        &quot;QBRecordID&quot;: 0,
        &quot;Third_Party_Dependant_For_Conne&quot;: null,
        &quot;Latitude&quot;: -25.77991038,
        &quot;Longitude&quot;: 28.29015225
      }
    },
    {
      &quot;attributes&quot;: {
        &quot;Precincts&quot;: &quot;Ingersol&quot;,
        &quot;Quickbase_Status&quot;: &quot;Completed&quot;,
        &quot;QBRecordID&quot;: 0,
        &quot;Third_Party_Dependant_For_Conne&quot;: null,
        &quot;Latitude&quot;: -25.78940868,
        &quot;Longitude&quot;: 28.27958131
      }
    },
    {
      &quot;attributes&quot;: {
        &quot;Precincts&quot;: &quot;Ingersol&quot;,
        &quot;Quickbase_Status&quot;: &quot;Completed&quot;,
        &quot;QBRecordID&quot;: 0,
        &quot;Third_Party_Dependant_For_Conne&quot;: null,
        &quot;Latitude&quot;: -25.78960012,
        &quot;Longitude&quot;: 28.28016729
      }
    },
    {
      &quot;attributes&quot;: {
        &quot;Precincts&quot;: &quot;Ingersol&quot;,
        &quot;Quickbase_Status&quot;: &quot;Completed&quot;,
        &quot;QBRecordID&quot;: 0,
        &quot;Third_Party_Dependant_For_Conne&quot;: null,
        &quot;Latitude&quot;: -25.78984241,
        &quot;Longitude&quot;: 28.28011662
      }
    },
    {
      &quot;attributes&quot;: {
        &quot;Precincts&quot;: &quot;Ingersol&quot;,
        &quot;Quickbase_Status&quot;: &quot;Completed&quot;,
        &quot;QBRecordID&quot;: 0,
        &quot;Third_Party_Dependant_For_Conne&quot;: null,
        &quot;Latitude&quot;: -25.78958252,
        &quot;Longitude&quot;: 28.27963574
      }
    },
    {
      &quot;attributes&quot;: {
        &quot;Precincts&quot;: &quot;Ingersol&quot;,
        &quot;Quickbase_Status&quot;: &quot;Completed&quot;,
        &quot;QBRecordID&quot;: 0,
        &quot;Third_Party_Dependant_For_Conne&quot;: null,
        &quot;Latitude&quot;: -25.78971047,
        &quot;Longitude&quot;: 28.28003098
      }
    },
    {
      &quot;attributes&quot;: {
        &quot;Precincts&quot;: &quot;Ingersol&quot;,
        &quot;Quickbase_Status&quot;: &quot;Completed&quot;,
        &quot;QBRecordID&quot;: 0,
        &quot;Third_Party_Dependant_For_Conne&quot;: null,
        &quot;Latitude&quot;: -25.78977401,
        &quot;Longitude&quot;: 28.28023511
      }
    },
    {
      &quot;attributes&quot;: {
        &quot;Precincts&quot;: &quot;Ingersol&quot;,
        &quot;Quickbase_Status&quot;: &quot;Completed&quot;,
        &quot;QBRecordID&quot;: 0,
        &quot;Third_Party_Dependant_For_Conne&quot;: null,
        &quot;Latitude&quot;: -25.78987221,
        &quot;Longitude&quot;: 28.28056704
      }
    },
    {
      &quot;attributes&quot;: {
        &quot;Precincts&quot;: &quot;Ingersol&quot;,
        &quot;Quickbase_Status&quot;: &quot;Completed&quot;,
        &quot;QBRecordID&quot;: 0,
        &quot;Third_Party_Dependant_For_Conne&quot;: null,
        &quot;Latitude&quot;: -25.79020193,
        &quot;Longitude&quot;: 28.2801475
      }
    },
    {
      &quot;attributes&quot;: {
        &quot;Precincts&quot;: &quot;Lynnwood East&quot;,
        &quot;Quickbase_Status&quot;: &quot;Completed&quot;,
        &quot;QBRecordID&quot;: 0,
        &quot;Third_Party_Dependant_For_Conne&quot;: &quot;Yes&quot;,
        &quot;Latitude&quot;: -25.77232595,
        &quot;Longitude&quot;: 28.28479502
      }
    },
    {
      &quot;attributes&quot;: {
        &quot;Precincts&quot;: &quot;Lynnwood East&quot;,
        &quot;Quickbase_Status&quot;: &quot;Completed&quot;,
        &quot;QBRecordID&quot;: 15199,
        &quot;Third_Party_Dependant_For_Conne&quot;: &quot;Yes&quot;,
        &quot;Latitude&quot;: -25.76866151,
        &quot;Longitude&quot;: 28.29053589
      }
    },
    {
      &quot;attributes&quot;: {
        &quot;Precincts&quot;: &quot;Lynnwood East&quot;,
        &quot;Quickbase_Status&quot;: &quot;Completed&quot;,
        &quot;QBRecordID&quot;: 0,
        &quot;Third_Party_Dependant_For_Conne&quot;: &quot;Yes&quot;,
        &quot;Latitude&quot;: -25.76907096,
        &quot;Longitude&quot;: 28.29034332
      }
    },
    {
      &quot;attributes&quot;: {
        &quot;Precincts&quot;: &quot;Lynnwood East&quot;,
        &quot;Quickbase_Status&quot;: &quot;Completed&quot;,
        &quot;QBRecordID&quot;: 0,
        &quot;Third_Party_Dependant_For_Conne&quot;: &quot;Yes&quot;,
        &quot;Latitude&quot;: -25.76909244,
        &quot;Longitude&quot;: 28.29017765
      }
    },
    {
      &quot;attributes&quot;: {
        &quot;Precincts&quot;: &quot;Lynnwood East&quot;,
        &quot;Quickbase_Status&quot;: &quot;Completed&quot;,
        &quot;QBRecordID&quot;: 0,
        &quot;Third_Party_Dependant_For_Conne&quot;: null,
        &quot;Latitude&quot;: -25.76341485,
        &quot;Longitude&quot;: 28.28036688
      }
    },
    {
      &quot;attributes&quot;: {
        &quot;Precincts&quot;: &quot;Lynnwood East&quot;,
        &quot;Quickbase_Status&quot;: &quot;Completed&quot;,
        &quot;QBRecordID&quot;: 0,
        &quot;Third_Party_Dependant_For_Conne&quot;: null,
        &quot;Latitude&quot;: -25.7634476,
        &quot;Longitude&quot;: 28.28014369
      }
    },
    {
      &quot;attributes&quot;: {
        &quot;Precincts&quot;: &quot;Lynnwood East&quot;,
        &quot;Quickbase_Status&quot;: &quot;Completed&quot;,
        &quot;QBRecordID&quot;: 0,
        &quot;Third_Party_Dependant_For_Conne&quot;: null,
        &quot;Latitude&quot;: -25.76366993,
        &quot;Longitude&quot;: 28.28030866
      }
    },
    {
      &quot;attributes&quot;: {
        &quot;Precincts&quot;: &quot;Lynnwood East&quot;,
        &quot;Quickbase_Status&quot;: &quot;Completed&quot;,
        &quot;QBRecordID&quot;: 0,
        &quot;Third_Party_Dependant_For_Conne&quot;: null,
        &quot;Latitude&quot;: -25.76555826,
        &quot;Longitude&quot;: 28.28812798
      }
    },
    {
      &quot;attributes&quot;: {
        &quot;Precincts&quot;: &quot;Lynnwood East&quot;,
        &quot;Quickbase_Status&quot;: &quot;Completed&quot;,
        &quot;QBRecordID&quot;: 0,
        &quot;Third_Party_Dependant_For_Conne&quot;: null,
        &quot;Latitude&quot;: -25.76547713,
        &quot;Longitude&quot;: 28.28802165
      }
    },
    {
      &quot;attributes&quot;: {
        &quot;Precincts&quot;: &quot;Persequor Park&quot;,
        &quot;Quickbase_Status&quot;: &quot;Completed&quot;,
        &quot;QBRecordID&quot;: 0,
        &quot;Third_Party_Dependant_For_Conne&quot;: null,
        &quot;Latitude&quot;: -25.74796809,
        &quot;Longitude&quot;: 28.27400106
      }
    },
    {
      &quot;attributes&quot;: {
        &quot;Precincts&quot;: &quot;Lynnwood East&quot;,
        &quot;Quickbase_Status&quot;: &quot;Completed&quot;,
        &quot;QBRecordID&quot;: 0,
        &quot;Third_Party_Dependant_For_Conne&quot;: &quot;Yes&quot;,
        &quot;Latitude&quot;: -25.7690383,
        &quot;Longitude&quot;: 28.29050727
      }
    },
    {
      &quot;attributes&quot;: {
        &quot;Precincts&quot;: &quot;Lynnwood East&quot;,
        &quot;Quickbase_Status&quot;: &quot;Completed&quot;,
        &quot;QBRecordID&quot;: 0,
        &quot;Third_Party_Dependant_For_Conne&quot;: null,
        &quot;Latitude&quot;: -25.7639394,
        &quot;Longitude&quot;: 28.28022385
      }
    },
    {
      &quot;attributes&quot;: {
        &quot;Precincts&quot;: &quot;Lynnwood East&quot;,
        &quot;Quickbase_Status&quot;: &quot;Completed&quot;,
        &quot;QBRecordID&quot;: 0,
        &quot;Third_Party_Dependant_For_Conne&quot;: null,
        &quot;Latitude&quot;: -25.76233629,
        &quot;Longitude&quot;: 28.28860376
      }
    },
    {
      &quot;attributes&quot;: {
        &quot;Precincts&quot;: &quot;Lynnwood East&quot;,
        &quot;Quickbase_Status&quot;: &quot;Completed&quot;,
        &quot;QBRecordID&quot;: 0,
        &quot;Third_Party_Dependant_For_Conne&quot;: null,
        &quot;Latitude&quot;: -25.76211086,
        &quot;Longitude&quot;: 28.28876417
      }
    },
    {
      &quot;attributes&quot;: {
        &quot;Precincts&quot;: &quot;Lynnwood East&quot;,
        &quot;Quickbase_Status&quot;: &quot;Completed&quot;,
        &quot;QBRecordID&quot;: 0,
        &quot;Third_Party_Dependant_For_Conne&quot;: null,
        &quot;Latitude&quot;: -25.76601862,
        &quot;Longitude&quot;: 28.28834801
      }
    },
    {
      &quot;attributes&quot;: {
        &quot;Precincts&quot;: &quot;Ingersol&quot;,
        &quot;Quickbase_Status&quot;: &quot;Completed&quot;,
        &quot;QBRecordID&quot;: 0,
        &quot;Third_Party_Dependant_For_Conne&quot;: null,
        &quot;Latitude&quot;: -25.77740719,
        &quot;Longitude&quot;: 28.27374882
      }
    },
    {
      &quot;attributes&quot;: {
        &quot;Precincts&quot;: &quot;Ingersol&quot;,
        &quot;Quickbase_Status&quot;: &quot;Completed&quot;,
        &quot;QBRecordID&quot;: 0,
        &quot;Third_Party_Dependant_For_Conne&quot;: null,
        &quot;Latitude&quot;: -25.77853136,
        &quot;Longitude&quot;: 28.27589976
      }
    },
    {
      &quot;attributes&quot;: {
        &quot;Precincts&quot;: &quot;Lynnwood East&quot;,
        &quot;Quickbase_Status&quot;: &quot;Completed&quot;,
        &quot;QBRecordID&quot;: 0,
        &quot;Third_Party_Dependant_For_Conne&quot;: null,
        &quot;Latitude&quot;: -25.76667374,
        &quot;Longitude&quot;: 28.28136844
      }
    },
    {
      &quot;attributes&quot;: {
        &quot;Precincts&quot;: &quot;Lynnwood East&quot;,
        &quot;Quickbase_Status&quot;: &quot;Completed&quot;,
        &quot;QBRecordID&quot;: 92716,
        &quot;Third_Party_Dependant_For_Conne&quot;: null,
        &quot;Latitude&quot;: -25.76673863,
        &quot;Longitude&quot;: 28.28161768
      }
    },
    {
      &quot;attributes&quot;: {
        &quot;Precincts&quot;: &quot;Lynnwood East&quot;,
        &quot;Quickbase_Status&quot;: &quot;Completed&quot;,
        &quot;QBRecordID&quot;: 0,
        &quot;Third_Party_Dependant_For_Conne&quot;: null,
        &quot;Latitude&quot;: -25.76659262,
        &quot;Longitude&quot;: 28.28163596
      }
    },
    {
      &quot;attributes&quot;: {
        &quot;Precincts&quot;: &quot;Lynnwood East&quot;,
        &quot;Quickbase_Status&quot;: &quot;Completed&quot;,
        &quot;QBRecordID&quot;: 0,
        &quot;Third_Party_Dependant_For_Conne&quot;: &quot;Yes&quot;,
        &quot;Latitude&quot;: -25.77177483,
        &quot;Longitude&quot;: 28.28505158
      }
    },
    {
      &quot;attributes&quot;: {
        &quot;Precincts&quot;: &quot;Lynnwood East&quot;,
        &quot;Quickbase_Status&quot;: &quot;Completed&quot;,
        &quot;QBRecordID&quot;: 0,
        &quot;Third_Party_Dependant_For_Conne&quot;: &quot;Yes&quot;,
        &quot;Latitude&quot;: -25.77225263,
        &quot;Longitude&quot;: 28.28525673
      }
    },
    {
      &quot;attributes&quot;: {
        &quot;Precincts&quot;: &quot;Lynnwood East&quot;,
        &quot;Quickbase_Status&quot;: &quot;Completed&quot;,
        &quot;QBRecordID&quot;: 0,
        &quot;Third_Party_Dependant_For_Conne&quot;: &quot;Yes&quot;,
        &quot;Latitude&quot;: -25.77219776,
        &quot;Longitude&quot;: 28.28495731
      }
    },
    {
      &quot;attributes&quot;: {
        &quot;Precincts&quot;: &quot;Lynnwood East&quot;,
        &quot;Quickbase_Status&quot;: &quot;Completed&quot;,
        &quot;QBRecordID&quot;: 0,
        &quot;Third_Party_Dependant_For_Conne&quot;: &quot;Yes&quot;,
        &quot;Latitude&quot;: -25.77215374,
        &quot;Longitude&quot;: 28.28624282
      }
    },
    {
      &quot;attributes&quot;: {
        &quot;Precincts&quot;: &quot;Ingersol&quot;,
        &quot;Quickbase_Status&quot;: &quot;Completed&quot;,
        &quot;QBRecordID&quot;: 0,
        &quot;Third_Party_Dependant_For_Conne&quot;: null,
        &quot;Latitude&quot;: -25.77818235,
        &quot;Longitude&quot;: 28.27495558
      }
    },
    {
      &quot;attributes&quot;: {
        &quot;Precincts&quot;: &quot;Lynnwood East&quot;,
        &quot;Quickbase_Status&quot;: &quot;Completed&quot;,
        &quot;QBRecordID&quot;: 0,
        &quot;Third_Party_Dependant_For_Conne&quot;: null,
        &quot;Latitude&quot;: -25.76353328,
        &quot;Longitude&quot;: 28.27930093
      }
    },
    {
      &quot;attributes&quot;: {
        &quot;Precincts&quot;: &quot;Oberon&quot;,
        &quot;Quickbase_Status&quot;: &quot;Completed&quot;,
        &quot;QBRecordID&quot;: 0,
        &quot;Third_Party_Dependant_For_Conne&quot;: null,
        &quot;Latitude&quot;: -25.78253996,
        &quot;Longitude&quot;: 28.29032568
      }
    },
    {
      &quot;attributes&quot;: {
        &quot;Precincts&quot;: &quot;Oberon&quot;,
        &quot;Quickbase_Status&quot;: &quot;Completed&quot;,
        &quot;QBRecordID&quot;: 0,
        &quot;Third_Party_Dependant_For_Conne&quot;: null,
        &quot;Latitude&quot;: -25.78416215,
        &quot;Longitude&quot;: 28.29109091
      }
    },
    {
      &quot;attributes&quot;: {
        &quot;Precincts&quot;: &quot;Lynnwood East&quot;,
        &quot;Quickbase_Status&quot;: &quot;Completed&quot;,
        &quot;QBRecordID&quot;: 94302,
        &quot;Third_Party_Dependant_For_Conne&quot;: &quot;Yes&quot;,
        &quot;Latitude&quot;: -25.76879771,
        &quot;Longitude&quot;: 28.28985241
      }
    },
    {
      &quot;attributes&quot;: {
        &quot;Precincts&quot;: &quot;Lynnwood East&quot;,
        &quot;Quickbase_Status&quot;: &quot;Completed&quot;,
        &quot;QBRecordID&quot;: 14590,
        &quot;Third_Party_Dependant_For_Conne&quot;: &quot;Yes&quot;,
        &quot;Latitude&quot;: -25.76937522,
        &quot;Longitude&quot;: 28.29081178
      }
    },
    {
      &quot;attributes&quot;: {
        &quot;Precincts&quot;: &quot;Lynnwood East&quot;,
        &quot;Quickbase_Status&quot;: &quot;Completed&quot;,
        &quot;QBRecordID&quot;: 0,
        &quot;Third_Party_Dependant_For_Conne&quot;: null,
        &quot;Latitude&quot;: -25.76002498,
        &quot;Longitude&quot;: 28.28743987
      }
    },
    {
      &quot;attributes&quot;: {
        &quot;Precincts&quot;: &quot;Lynnwood East&quot;,
        &quot;Quickbase_Status&quot;: &quot;Completed&quot;,
        &quot;QBRecordID&quot;: 0,
        &quot;Third_Party_Dependant_For_Conne&quot;: null,
        &quot;Latitude&quot;: -25.75996281,
        &quot;Longitude&quot;: 28.28470072
      }
    },
    {
      &quot;attributes&quot;: {
        &quot;Precincts&quot;: &quot;Lynnwood East&quot;,
        &quot;Quickbase_Status&quot;: &quot;Completed&quot;,
        &quot;QBRecordID&quot;: 0,
        &quot;Third_Party_Dependant_For_Conne&quot;: null,
        &quot;Latitude&quot;: -25.76549826,
        &quot;Longitude&quot;: 28.28263344
      }
    },
    {
      &quot;attributes&quot;: {
        &quot;Precincts&quot;: &quot;Lynnwood East&quot;,
        &quot;Quickbase_Status&quot;: &quot;Completed&quot;,
        &quot;QBRecordID&quot;: 0,
        &quot;Third_Party_Dependant_For_Conne&quot;: null,
        &quot;Latitude&quot;: -25.76539072,
        &quot;Longitude&quot;: 28.28772733
      }
    },
    {
      &quot;attributes&quot;: {
        &quot;Precincts&quot;: &quot;Lynnwood East&quot;,
        &quot;Quickbase_Status&quot;: &quot;Completed&quot;,
        &quot;QBRecordID&quot;: 0,
        &quot;Third_Party_Dependant_For_Conne&quot;: null,
        &quot;Latitude&quot;: -25.76573744,
        &quot;Longitude&quot;: 28.28799495
      }
    },
    {
      &quot;attributes&quot;: {
        &quot;Precincts&quot;: &quot;Ingersol&quot;,
        &quot;Quickbase_Status&quot;: &quot;Completed&quot;,
        &quot;QBRecordID&quot;: 0,
        &quot;Third_Party_Dependant_For_Conne&quot;: null,
        &quot;Latitude&quot;: -25.78161003,
        &quot;Longitude&quot;: 28.27652524
      }
    },
    {
      &quot;attributes&quot;: {
        &quot;Precincts&quot;: &quot;Oberon&quot;,
        &quot;Quickbase_Status&quot;: &quot;Completed&quot;,
        &quot;QBRecordID&quot;: 0,
        &quot;Third_Party_Dependant_For_Conne&quot;: null,
        &quot;Latitude&quot;: -25.78306443,
        &quot;Longitude&quot;: 28.28533758
      }
    },
    {
      &quot;attributes&quot;: {
        &quot;Precincts&quot;: &quot;Oberon&quot;,
        &quot;Quickbase_Status&quot;: &quot;Completed&quot;,
        &quot;QBRecordID&quot;: 0,
        &quot;Third_Party_Dependant_For_Conne&quot;: null,
        &quot;Latitude&quot;: -25.78506135,
        &quot;Longitude&quot;: 28.28983901
      }
    },
    {
      &quot;attributes&quot;: {
        &quot;Precincts&quot;: &quot;Ingersol&quot;,
        &quot;Quickbase_Status&quot;: &quot;Completed&quot;,
        &quot;QBRecordID&quot;: 0,
        &quot;Third_Party_Dependant_For_Conne&quot;: null,
        &quot;Latitude&quot;: -25.78241326,
        &quot;Longitude&quot;: 28.27530868
      }
    },
    {
      &quot;attributes&quot;: {
        &quot;Precincts&quot;: &quot;Ingersol&quot;,
        &quot;Quickbase_Status&quot;: &quot;Completed&quot;,
        &quot;QBRecordID&quot;: 0,
        &quot;Third_Party_Dependant_For_Conne&quot;: null,
        &quot;Latitude&quot;: -25.78492073,
        &quot;Longitude&quot;: 28.27472897
      }
    },
    {
      &quot;attributes&quot;: {
        &quot;Precincts&quot;: &quot;Ingersol&quot;,
        &quot;Quickbase_Status&quot;: &quot;Completed&quot;,
        &quot;QBRecordID&quot;: 0,
        &quot;Third_Party_Dependant_For_Conne&quot;: null,
        &quot;Latitude&quot;: -25.78153401,
        &quot;Longitude&quot;: 28.27689136
      }
    },
    {
      &quot;attributes&quot;: {
        &quot;Precincts&quot;: &quot;Ingersol&quot;,
        &quot;Quickbase_Status&quot;: &quot;Completed&quot;,
        &quot;QBRecordID&quot;: 0,
        &quot;Third_Party_Dependant_For_Conne&quot;: null,
        &quot;Latitude&quot;: -25.78675801,
        &quot;Longitude&quot;: 28.27684924
      }
    },
    {
      &quot;attributes&quot;: {
        &quot;Precincts&quot;: &quot;Witch-Hazel&quot;,
        &quot;Quickbase_Status&quot;: &quot;Completed&quot;,
        &quot;QBRecordID&quot;: 0,
        &quot;Third_Party_Dependant_For_Conne&quot;: null,
        &quot;Latitude&quot;: -25.87141748,
        &quot;Longitude&quot;: 28.18754934
      }
    },
    {
      &quot;attributes&quot;: {
        &quot;Precincts&quot;: &quot;Highveld Technopark&quot;,
        &quot;Quickbase_Status&quot;: &quot;Completed&quot;,
        &quot;QBRecordID&quot;: 0,
        &quot;Third_Party_Dependant_For_Conne&quot;: null,
        &quot;Latitude&quot;: -25.8755059,
        &quot;Longitude&quot;: 28.1868144
      }
    },
    {
      &quot;attributes&quot;: {
        &quot;Precincts&quot;: &quot;Witch-Hazel&quot;,
        &quot;Quickbase_Status&quot;: &quot;Completed&quot;,
        &quot;QBRecordID&quot;: 0,
        &quot;Third_Party_Dependant_For_Conne&quot;: null,
        &quot;Latitude&quot;: -25.87387038,
        &quot;Longitude&quot;: 28.18532965
      }
    },
    {
      &quot;attributes&quot;: {
        &quot;Precincts&quot;: &quot;Witch-Hazel&quot;,
        &quot;Quickbase_Status&quot;: &quot;Completed&quot;,
        &quot;QBRecordID&quot;: 0,
        &quot;Third_Party_Dependant_For_Conne&quot;: null,
        &quot;Latitude&quot;: -25.87379591,
        &quot;Longitude&quot;: 28.18518967
      }
    },
    {
      &quot;attributes&quot;: {
        &quot;Precincts&quot;: &quot;Witch-Hazel&quot;,
        &quot;Quickbase_Status&quot;: &quot;Completed&quot;,
        &quot;QBRecordID&quot;: 0,
        &quot;Third_Party_Dependant_For_Conne&quot;: null,
        &quot;Latitude&quot;: -25.87309431,
        &quot;Longitude&quot;: 28.18488704
      }
    },
    {
      &quot;attributes&quot;: {
        &quot;Precincts&quot;: &quot;Witch-Hazel&quot;,
        &quot;Quickbase_Status&quot;: &quot;Completed&quot;,
        &quot;QBRecordID&quot;: 0,
        &quot;Third_Party_Dependant_For_Conne&quot;: null,
        &quot;Latitude&quot;: -25.87227049,
        &quot;Longitude&quot;: 28.18620081
      }
    },
    {
      &quot;attributes&quot;: {
        &quot;Precincts&quot;: &quot;Witch-Hazel&quot;,
        &quot;Quickbase_Status&quot;: &quot;Completed&quot;,
        &quot;QBRecordID&quot;: 0,
        &quot;Third_Party_Dependant_For_Conne&quot;: null,
        &quot;Latitude&quot;: -25.87248108,
        &quot;Longitude&quot;: 28.18639403
      }
    },
    {
      &quot;attributes&quot;: {
        &quot;Precincts&quot;: &quot;Witch-Hazel&quot;,
        &quot;Quickbase_Status&quot;: &quot;Completed&quot;,
        &quot;QBRecordID&quot;: 0,
        &quot;Third_Party_Dependant_For_Conne&quot;: null,
        &quot;Latitude&quot;: -25.87233193,
        &quot;Longitude&quot;: 28.18659099
      }
    },
    {
      &quot;attributes&quot;: {
        &quot;Precincts&quot;: &quot;Highveld Technopark&quot;,
        &quot;Quickbase_Status&quot;: &quot;Completed&quot;,
        &quot;QBRecordID&quot;: 0,
        &quot;Third_Party_Dependant_For_Conne&quot;: null,
        &quot;Latitude&quot;: -25.87374448,
        &quot;Longitude&quot;: 28.19073193
      }
    },
    {
      &quot;attributes&quot;: {
        &quot;Precincts&quot;: &quot;Highveld Technopark&quot;,
        &quot;Quickbase_Status&quot;: &quot;Completed&quot;,
        &quot;QBRecordID&quot;: 0,
        &quot;Third_Party_Dependant_For_Conne&quot;: null,
        &quot;Latitude&quot;: -25.8737148,
        &quot;Longitude&quot;: 28.19061829
      }
    },
    {
      &quot;attributes&quot;: {
        &quot;Precincts&quot;: &quot;Witch-Hazel&quot;,
        &quot;Quickbase_Status&quot;: &quot;Completed&quot;,
        &quot;QBRecordID&quot;: 0,
        &quot;Third_Party_Dependant_For_Conne&quot;: null,
        &quot;Latitude&quot;: -25.87288929,
        &quot;Longitude&quot;: 28.18464821
      }
    },
    {
      &quot;attributes&quot;: {
        &quot;Precincts&quot;: &quot;Highveld Technopark&quot;,
        &quot;Quickbase_Status&quot;: &quot;Completed&quot;,
        &quot;QBRecordID&quot;: 0,
        &quot;Third_Party_Dependant_For_Conne&quot;: null,
        &quot;Latitude&quot;: -25.87748703,
        &quot;Longitude&quot;: 28.18711973
      }
    },
    {
      &quot;attributes&quot;: {
        &quot;Precincts&quot;: &quot;Highveld Technopark&quot;,
        &quot;Quickbase_Status&quot;: &quot;Completed&quot;,
        &quot;QBRecordID&quot;: 0,
        &quot;Third_Party_Dependant_For_Conne&quot;: null,
        &quot;Latitude&quot;: -25.87561732,
        &quot;Longitude&quot;: 28.18517204
      }
    },
    {
      &quot;attributes&quot;: {
        &quot;Precincts&quot;: &quot;Witch-Hazel&quot;,
        &quot;Quickbase_Status&quot;: &quot;Completed&quot;,
        &quot;QBRecordID&quot;: 0,
        &quot;Third_Party_Dependant_For_Conne&quot;: null,
        &quot;Latitude&quot;: -25.87462691,
        &quot;Longitude&quot;: 28.18241242
      }
    },
    {
      &quot;attributes&quot;: {
        &quot;Precincts&quot;: &quot;Witch-Hazel&quot;,
        &quot;Quickbase_Status&quot;: &quot;Completed&quot;,
        &quot;QBRecordID&quot;: 0,
        &quot;Third_Party_Dependant_For_Conne&quot;: null,
        &quot;Latitude&quot;: -25.87212846,
        &quot;Longitude&quot;: 28.18448569
      }
    },
    {
      &quot;attributes&quot;: {
        &quot;Precincts&quot;: &quot;Witch-Hazel&quot;,
        &quot;Quickbase_Status&quot;: &quot;Completed&quot;,
        &quot;QBRecordID&quot;: 0,
        &quot;Third_Party_Dependant_For_Conne&quot;: null,
        &quot;Latitude&quot;: -25.87393604,
        &quot;Longitude&quot;: 28.1804736
      }
    },
    {
      &quot;attributes&quot;: {
        &quot;Precincts&quot;: &quot;Witch-Hazel&quot;,
        &quot;Quickbase_Status&quot;: &quot;Completed&quot;,
        &quot;QBRecordID&quot;: 0,
        &quot;Third_Party_Dependant_For_Conne&quot;: null,
        &quot;Latitude&quot;: -25.86988116,
        &quot;Longitude&quot;: 28.18771263
      }
    },
    {
      &quot;attributes&quot;: {
        &quot;Precincts&quot;: &quot;Witch-Hazel&quot;,
        &quot;Quickbase_Status&quot;: &quot;Completed&quot;,
        &quot;QBRecordID&quot;: 0,
        &quot;Third_Party_Dependant_For_Conne&quot;: null,
        &quot;Latitude&quot;: -25.87078337,
        &quot;Longitude&quot;: 28.18756477
      }
    },
    {
      &quot;attributes&quot;: {
        &quot;Precincts&quot;: &quot;Witch-Hazel&quot;,
        &quot;Quickbase_Status&quot;: &quot;Completed&quot;,
        &quot;QBRecordID&quot;: 0,
        &quot;Third_Party_Dependant_For_Conne&quot;: null,
        &quot;Latitude&quot;: -25.8700711,
        &quot;Longitude&quot;: 28.18745453
      }
    },
    {
      &quot;attributes&quot;: {
        &quot;Precincts&quot;: &quot;Witch-Hazel&quot;,
        &quot;Quickbase_Status&quot;: &quot;Completed&quot;,
        &quot;QBRecordID&quot;: 0,
        &quot;Third_Party_Dependant_For_Conne&quot;: null,
        &quot;Latitude&quot;: -25.87202807,
        &quot;Longitude&quot;: 28.18664584
      }
    },
    {
      &quot;attributes&quot;: {
        &quot;Precincts&quot;: &quot;Witch-Hazel&quot;,
        &quot;Quickbase_Status&quot;: &quot;Completed&quot;,
        &quot;QBRecordID&quot;: 0,
        &quot;Third_Party_Dependant_For_Conne&quot;: null,
        &quot;Latitude&quot;: -25.87202767,
        &quot;Longitude&quot;: 28.18630849
      }
    },
    {
      &quot;attributes&quot;: {
        &quot;Precincts&quot;: &quot;Route 21 Office Park&quot;,
        &quot;Quickbase_Status&quot;: &quot;Completed&quot;,
        &quot;QBRecordID&quot;: 0,
        &quot;Third_Party_Dependant_For_Conne&quot;: null,
        &quot;Latitude&quot;: -25.8683691,
        &quot;Longitude&quot;: 28.24850131
      }
    },
    {
      &quot;attributes&quot;: {
        &quot;Precincts&quot;: &quot;Route 21 Office Park&quot;,
        &quot;Quickbase_Status&quot;: &quot;Completed&quot;,
        &quot;QBRecordID&quot;: 0,
        &quot;Third_Party_Dependant_For_Conne&quot;: null,
        &quot;Latitude&quot;: -25.86839759,
        &quot;Longitude&quot;: 28.24851391
      }
    },
    {
      &quot;attributes&quot;: {
        &quot;Precincts&quot;: &quot;Logan Ave&quot;,
        &quot;Quickbase_Status&quot;: &quot;Completed&quot;,
        &quot;QBRecordID&quot;: 0,
        &quot;Third_Party_Dependant_For_Conne&quot;: null,
        &quot;Latitude&quot;: -25.88003935,
        &quot;Longitude&quot;: 28.20463444
      }
    },
    {
      &quot;attributes&quot;: {
        &quot;Precincts&quot;: &quot;Logan Ave&quot;,
        &quot;Quickbase_Status&quot;: &quot;Completed&quot;,
        &quot;QBRecordID&quot;: 0,
        &quot;Third_Party_Dependant_For_Conne&quot;: null,
        &quot;Latitude&quot;: -25.88024629,
        &quot;Longitude&quot;: 28.20453446
      }
    },
    {
      &quot;attributes&quot;: {
        &quot;Precincts&quot;: &quot;Logan Ave&quot;,
        &quot;Quickbase_Status&quot;: &quot;Completed&quot;,
        &quot;QBRecordID&quot;: 0,
        &quot;Third_Party_Dependant_For_Conne&quot;: null,
        &quot;Latitude&quot;: -25.8726429,
        &quot;Longitude&quot;: 28.20482997
      }
    },
    {
      &quot;attributes&quot;: {
        &quot;Precincts&quot;: &quot;Logan Ave&quot;,
        &quot;Quickbase_Status&quot;: &quot;Completed&quot;,
        &quot;QBRecordID&quot;: 0,
        &quot;Third_Party_Dependant_For_Conne&quot;: null,
        &quot;Latitude&quot;: -25.87262253,
        &quot;Longitude&quot;: 28.20493374
      }
    },
    {
      &quot;attributes&quot;: {
        &quot;Precincts&quot;: &quot;Samrand Business Park&quot;,
        &quot;Quickbase_Status&quot;: &quot;Completed&quot;,
        &quot;QBRecordID&quot;: 0,
        &quot;Third_Party_Dependant_For_Conne&quot;: null,
        &quot;Latitude&quot;: -25.93035101,
        &quot;Longitude&quot;: 28.14552137
      }
    },
    {
      &quot;attributes&quot;: {
        &quot;Precincts&quot;: &quot;George Road&quot;,
        &quot;Quickbase_Status&quot;: &quot;Completed&quot;,
        &quot;QBRecordID&quot;: 0,
        &quot;Third_Party_Dependant_For_Conne&quot;: &quot;Yes&quot;,
        &quot;Latitude&quot;: -25.96437611,
        &quot;Longitude&quot;: 28.13709038
      }
    },
    {
      &quot;attributes&quot;: {
        &quot;Precincts&quot;: &quot;George Road&quot;,
        &quot;Quickbase_Status&quot;: &quot;Completed&quot;,
        &quot;QBRecordID&quot;: 0,
        &quot;Third_Party_Dependant_For_Conne&quot;: null,
        &quot;Latitude&quot;: -25.9637672,
        &quot;Longitude&quot;: 28.13734526
      }
    },
    {
      &quot;attributes&quot;: {
        &quot;Precincts&quot;: &quot;George Road&quot;,
        &quot;Quickbase_Status&quot;: &quot;Completed&quot;,
        &quot;QBRecordID&quot;: 109743,
        &quot;Third_Party_Dependant_For_Conne&quot;: null,
        &quot;Latitude&quot;: -25.95574258,
        &quot;Longitude&quot;: 28.14169489
      }
    },
    {
      &quot;attributes&quot;: {
        &quot;Precincts&quot;: &quot;George Road&quot;,
        &quot;Quickbase_Status&quot;: &quot;Completed&quot;,
        &quot;QBRecordID&quot;: 0,
        &quot;Third_Party_Dependant_For_Conne&quot;: null,
        &quot;Latitude&quot;: -25.9553444,
        &quot;Longitude&quot;: 28.13948071
      }
    },
    {
      &quot;attributes&quot;: {
        &quot;Precincts&quot;: &quot;George Road&quot;,
        &quot;Quickbase_Status&quot;: &quot;Completed&quot;,
        &quot;QBRecordID&quot;: 0,
        &quot;Third_Party_Dependant_For_Conne&quot;: null,
        &quot;Latitude&quot;: -25.9639299,
        &quot;Longitude&quot;: 28.13693523
      }
    },
    {
      &quot;attributes&quot;: {
        &quot;Precincts&quot;: &quot;George Road&quot;,
        &quot;Quickbase_Status&quot;: &quot;Completed&quot;,
        &quot;QBRecordID&quot;: 0,
        &quot;Third_Party_Dependant_For_Conne&quot;: null,
        &quot;Latitude&quot;: -25.96366886,
        &quot;Longitude&quot;: 28.1369862
      }
    },
    {
      &quot;attributes&quot;: {
        &quot;Precincts&quot;: &quot;George Road&quot;,
        &quot;Quickbase_Status&quot;: &quot;Completed&quot;,
        &quot;QBRecordID&quot;: 0,
        &quot;Third_Party_Dependant_For_Conne&quot;: &quot;Yes&quot;,
        &quot;Latitude&quot;: -25.96398882,
        &quot;Longitude&quot;: 28.13652797
      }
    },
    {
      &quot;attributes&quot;: {
        &quot;Precincts&quot;: &quot;George Road&quot;,
        &quot;Quickbase_Status&quot;: &quot;Completed&quot;,
        &quot;QBRecordID&quot;: 0,
        &quot;Third_Party_Dependant_For_Conne&quot;: null,
        &quot;Latitude&quot;: -25.96358794,
        &quot;Longitude&quot;: 28.13665273
      }
    },
    {
      &quot;attributes&quot;: {
        &quot;Precincts&quot;: &quot;George Road&quot;,
        &quot;Quickbase_Status&quot;: &quot;Completed&quot;,
        &quot;QBRecordID&quot;: 0,
        &quot;Third_Party_Dependant_For_Conne&quot;: null,
        &quot;Latitude&quot;: -25.96012598,
        &quot;Longitude&quot;: 28.14184401
      }
    },
    {
      &quot;attributes&quot;: {
        &quot;Precincts&quot;: &quot;George Road&quot;,
        &quot;Quickbase_Status&quot;: &quot;Completed&quot;,
        &quot;QBRecordID&quot;: 0,
        &quot;Third_Party_Dependant_For_Conne&quot;: null,
        &quot;Latitude&quot;: -25.96039451,
        &quot;Longitude&quot;: 28.14109709
      }
    },
    {
      &quot;attributes&quot;: {
        &quot;Precincts&quot;: &quot;Highveld Technopark&quot;,
        &quot;Quickbase_Status&quot;: &quot;Completed&quot;,
        &quot;QBRecordID&quot;: 0,
        &quot;Third_Party_Dependant_For_Conne&quot;: null,
        &quot;Latitude&quot;: -25.8779873,
        &quot;Longitude&quot;: 28.18795351
      }
    },
    {
      &quot;attributes&quot;: {
        &quot;Precincts&quot;: &quot;Bauhania Street&quot;,
        &quot;Quickbase_Status&quot;: &quot;Completed&quot;,
        &quot;QBRecordID&quot;: 0,
        &quot;Third_Party_Dependant_For_Conne&quot;: null,
        &quot;Latitude&quot;: -25.88342644,
        &quot;Longitude&quot;: 28.18961856
      }
    },
    {
      &quot;attributes&quot;: {
        &quot;Precincts&quot;: &quot;Bauhania Street&quot;,
        &quot;Quickbase_Status&quot;: &quot;Completed&quot;,
        &quot;QBRecordID&quot;: 0,
        &quot;Third_Party_Dependant_For_Conne&quot;: null,
        &quot;Latitude&quot;: -25.8834327,
        &quot;Longitude&quot;: 28.18961547
      }
    },
    {
      &quot;attributes&quot;: {
        &quot;Precincts&quot;: &quot;Central Park&quot;,
        &quot;Quickbase_Status&quot;: &quot;Completed&quot;,
        &quot;QBRecordID&quot;: 0,
        &quot;Third_Party_Dependant_For_Conne&quot;: null,
        &quot;Latitude&quot;: -25.9820203,
        &quot;Longitude&quot;: 28.1317893
      }
    },
    {
      &quot;attributes&quot;: {
        &quot;Precincts&quot;: &quot;Central Park&quot;,
        &quot;Quickbase_Status&quot;: &quot;Completed&quot;,
        &quot;QBRecordID&quot;: 0,
        &quot;Third_Party_Dependant_For_Conne&quot;: null,
        &quot;Latitude&quot;: -25.98191621,
        &quot;Longitude&quot;: 28.13194613
      }
    },
    {
      &quot;attributes&quot;: {
        &quot;Precincts&quot;: &quot;James Crescent&quot;,
        &quot;Quickbase_Status&quot;: &quot;Completed&quot;,
        &quot;QBRecordID&quot;: 0,
        &quot;Third_Party_Dependant_For_Conne&quot;: null,
        &quot;Latitude&quot;: -25.99739716,
        &quot;Longitude&quot;: 28.12971667
      }
    },
    {
      &quot;attributes&quot;: {
        &quot;Precincts&quot;: &quot;James Crescent&quot;,
        &quot;Quickbase_Status&quot;: &quot;Completed&quot;,
        &quot;QBRecordID&quot;: 0,
        &quot;Third_Party_Dependant_For_Conne&quot;: null,
        &quot;Latitude&quot;: -25.99828991,
        &quot;Longitude&quot;: 28.1273537
      }
    },
    {
      &quot;attributes&quot;: {
        &quot;Precincts&quot;: &quot;James Crescent&quot;,
        &quot;Quickbase_Status&quot;: &quot;Completed&quot;,
        &quot;QBRecordID&quot;: 0,
        &quot;Third_Party_Dependant_For_Conne&quot;: null,
        &quot;Latitude&quot;: -25.99802709,
        &quot;Longitude&quot;: 28.12773639
      }
    },
    {
      &quot;attributes&quot;: {
        &quot;Precincts&quot;: &quot;James Crescent&quot;,
        &quot;Quickbase_Status&quot;: &quot;Completed&quot;,
        &quot;QBRecordID&quot;: 0,
        &quot;Third_Party_Dependant_For_Conne&quot;: null,
        &quot;Latitude&quot;: -25.99682946,
        &quot;Longitude&quot;: 28.12918464
      }
    },
    {
      &quot;attributes&quot;: {
        &quot;Precincts&quot;: &quot;James Crescent&quot;,
        &quot;Quickbase_Status&quot;: &quot;Completed&quot;,
        &quot;QBRecordID&quot;: 101931,
        &quot;Third_Party_Dependant_For_Conne&quot;: null,
        &quot;Latitude&quot;: -25.9985995,
        &quot;Longitude&quot;: 28.12828219
      }
    },
    {
      &quot;attributes&quot;: {
        &quot;Precincts&quot;: &quot;James Crescent&quot;,
        &quot;Quickbase_Status&quot;: &quot;Completed&quot;,
        &quot;QBRecordID&quot;: 0,
        &quot;Third_Party_Dependant_For_Conne&quot;: null,
        &quot;Latitude&quot;: -25.99905979,
        &quot;Longitude&quot;: 28.12866715
      }
    },
    {
      &quot;attributes&quot;: {
        &quot;Precincts&quot;: &quot;James Crescent&quot;,
        &quot;Quickbase_Status&quot;: &quot;Completed&quot;,
        &quot;QBRecordID&quot;: 0,
        &quot;Third_Party_Dependant_For_Conne&quot;: null,
        &quot;Latitude&quot;: -25.998748,
        &quot;Longitude&quot;: 28.12789874
      }
    },
    {
      &quot;attributes&quot;: {
        &quot;Precincts&quot;: &quot;James Crescent&quot;,
        &quot;Quickbase_Status&quot;: &quot;Completed&quot;,
        &quot;QBRecordID&quot;: 0,
        &quot;Third_Party_Dependant_For_Conne&quot;: null,
        &quot;Latitude&quot;: -26.00594325,
        &quot;Longitude&quot;: 28.12896137
      }
    },
    {
      &quot;attributes&quot;: {
        &quot;Precincts&quot;: &quot;James Crescent&quot;,
        &quot;Quickbase_Status&quot;: &quot;Completed&quot;,
        &quot;QBRecordID&quot;: 0,
        &quot;Third_Party_Dependant_For_Conne&quot;: null,
        &quot;Latitude&quot;: -26.00607374,
        &quot;Longitude&quot;: 28.129997
      }
    },
    {
      &quot;attributes&quot;: {
        &quot;Precincts&quot;: &quot;George Road&quot;,
        &quot;Quickbase_Status&quot;: &quot;Completed&quot;,
        &quot;QBRecordID&quot;: 0,
        &quot;Third_Party_Dependant_For_Conne&quot;: null,
        &quot;Latitude&quot;: -25.96615941,
        &quot;Longitude&quot;: 28.13558194
      }
    },
    {
      &quot;attributes&quot;: {
        &quot;Precincts&quot;: &quot;Bauhania Street&quot;,
        &quot;Quickbase_Status&quot;: &quot;Completed&quot;,
        &quot;QBRecordID&quot;: 0,
        &quot;Third_Party_Dependant_For_Conne&quot;: null,
        &quot;Latitude&quot;: -25.88055841,
        &quot;Longitude&quot;: 28.18140826
      }
    },
    {
      &quot;attributes&quot;: {
        &quot;Precincts&quot;: &quot;Bauhania Street&quot;,
        &quot;Quickbase_Status&quot;: &quot;Completed&quot;,
        &quot;QBRecordID&quot;: 0,
        &quot;Third_Party_Dependant_For_Conne&quot;: null,
        &quot;Latitude&quot;: -25.87792491,
        &quot;Longitude&quot;: 28.18345335
      }
    },
    {
      &quot;attributes&quot;: {
        &quot;Precincts&quot;: &quot;Central Park&quot;,
        &quot;Quickbase_Status&quot;: &quot;Completed&quot;,
        &quot;QBRecordID&quot;: 0,
        &quot;Third_Party_Dependant_For_Conne&quot;: null,
        &quot;Latitude&quot;: -25.98176555,
        &quot;Longitude&quot;: 28.13111296
      }
    },
    {
      &quot;attributes&quot;: {
        &quot;Precincts&quot;: &quot;Central Park&quot;,
        &quot;Quickbase_Status&quot;: &quot;Completed&quot;,
        &quot;QBRecordID&quot;: 0,
        &quot;Third_Party_Dependant_For_Conne&quot;: null,
        &quot;Latitude&quot;: -25.9820305,
        &quot;Longitude&quot;: 28.13138931
      }
    },
    {
      &quot;attributes&quot;: {
        &quot;Precincts&quot;: &quot;James Crescent&quot;,
        &quot;Quickbase_Status&quot;: &quot;Completed&quot;,
        &quot;QBRecordID&quot;: 0,
        &quot;Third_Party_Dependant_For_Conne&quot;: null,
        &quot;Latitude&quot;: -25.99784199,
        &quot;Longitude&quot;: 28.12878942
      }
    },
    {
      &quot;attributes&quot;: {
        &quot;Precincts&quot;: &quot;James Crescent&quot;,
        &quot;Quickbase_Status&quot;: &quot;Completed&quot;,
        &quot;QBRecordID&quot;: 0,
        &quot;Third_Party_Dependant_For_Conne&quot;: null,
        &quot;Latitude&quot;: -25.99721758,
        &quot;Longitude&quot;: 28.12820249
      }
    },
    {
      &quot;attributes&quot;: {
        &quot;Precincts&quot;: &quot;James Crescent&quot;,
        &quot;Quickbase_Status&quot;: &quot;Completed&quot;,
        &quot;QBRecordID&quot;: 0,
        &quot;Third_Party_Dependant_For_Conne&quot;: null,
        &quot;Latitude&quot;: -25.99711707,
        &quot;Longitude&quot;: 28.12998749
      }
    },
    {
      &quot;attributes&quot;: {
        &quot;Precincts&quot;: &quot;James Crescent&quot;,
        &quot;Quickbase_Status&quot;: &quot;Completed&quot;,
        &quot;QBRecordID&quot;: 0,
        &quot;Third_Party_Dependant_For_Conne&quot;: null,
        &quot;Latitude&quot;: -26.00642614,
        &quot;Longitude&quot;: 28.12970905
      }
    },
    {
      &quot;attributes&quot;: {
        &quot;Precincts&quot;: &quot;James Crescent&quot;,
        &quot;Quickbase_Status&quot;: &quot;Completed&quot;,
        &quot;QBRecordID&quot;: 0,
        &quot;Third_Party_Dependant_For_Conne&quot;: null,
        &quot;Latitude&quot;: -26.00559369,
        &quot;Longitude&quot;: 28.12924747
      }
    },
    {
      &quot;attributes&quot;: {
        &quot;Precincts&quot;: &quot;James Crescent&quot;,
        &quot;Quickbase_Status&quot;: &quot;Completed&quot;,
        &quot;QBRecordID&quot;: 0,
        &quot;Third_Party_Dependant_For_Conne&quot;: null,
        &quot;Latitude&quot;: -26.00537986,
        &quot;Longitude&quot;: 28.12949428
      }
    },
    {
      &quot;attributes&quot;: {
        &quot;Precincts&quot;: &quot;Bauhania Street&quot;,
        &quot;Quickbase_Status&quot;: &quot;Completed&quot;,
        &quot;QBRecordID&quot;: 0,
        &quot;Third_Party_Dependant_For_Conne&quot;: null,
        &quot;Latitude&quot;: -25.89922452,
        &quot;Longitude&quot;: 28.19191149
      }
    },
    {
      &quot;attributes&quot;: {
        &quot;Precincts&quot;: &quot;Bauhania Street&quot;,
        &quot;Quickbase_Status&quot;: &quot;Completed&quot;,
        &quot;QBRecordID&quot;: 0,
        &quot;Third_Party_Dependant_For_Conne&quot;: null,
        &quot;Latitude&quot;: -25.89920642,
        &quot;Longitude&quot;: 28.19199411
      }
    },
    {
      &quot;attributes&quot;: {
        &quot;Precincts&quot;: &quot;Bauhania Street&quot;,
        &quot;Quickbase_Status&quot;: &quot;Completed&quot;,
        &quot;QBRecordID&quot;: 0,
        &quot;Third_Party_Dependant_For_Conne&quot;: null,
        &quot;Latitude&quot;: -25.89830151,
        &quot;Longitude&quot;: 28.19023682
      }
    },
    {
      &quot;attributes&quot;: {
        &quot;Precincts&quot;: &quot;Bauhania Street&quot;,
        &quot;Quickbase_Status&quot;: &quot;Completed&quot;,
        &quot;QBRecordID&quot;: 0,
        &quot;Third_Party_Dependant_For_Conne&quot;: null,
        &quot;Latitude&quot;: -25.89147955,
        &quot;Longitude&quot;: 28.1825925
      }
    },
    {
      &quot;attributes&quot;: {
        &quot;Precincts&quot;: &quot;Bauhania Street&quot;,
        &quot;Quickbase_Status&quot;: &quot;Completed&quot;,
        &quot;QBRecordID&quot;: 0,
        &quot;Third_Party_Dependant_For_Conne&quot;: null,
        &quot;Latitude&quot;: -25.89140967,
        &quot;Longitude&quot;: 28.18272509
      }
    },
    {
      &quot;attributes&quot;: {
        &quot;Precincts&quot;: &quot;Bauhania Street&quot;,
        &quot;Quickbase_Status&quot;: &quot;Completed&quot;,
        &quot;QBRecordID&quot;: 0,
        &quot;Third_Party_Dependant_For_Conne&quot;: null,
        &quot;Latitude&quot;: -25.89133123,
        &quot;Longitude&quot;: 28.18294134
      }
    },
    {
      &quot;attributes&quot;: {
        &quot;Precincts&quot;: &quot;James Crescent&quot;,
        &quot;Quickbase_Status&quot;: &quot;Completed&quot;,
        &quot;QBRecordID&quot;: 0,
        &quot;Third_Party_Dependant_For_Conne&quot;: null,
        &quot;Latitude&quot;: -25.99913634,
        &quot;Longitude&quot;: 28.12726989
      }
    },
    {
      &quot;attributes&quot;: {
        &quot;Precincts&quot;: &quot;James Crescent&quot;,
        &quot;Quickbase_Status&quot;: &quot;Completed&quot;,
        &quot;QBRecordID&quot;: 0,
        &quot;Third_Party_Dependant_For_Conne&quot;: null,
        &quot;Latitude&quot;: -25.99841002,
        &quot;Longitude&quot;: 28.12806775
      }
    },
    {
      &quot;attributes&quot;: {
        &quot;Precincts&quot;: &quot;James Crescent&quot;,
        &quot;Quickbase_Status&quot;: &quot;Completed&quot;,
        &quot;QBRecordID&quot;: 0,
        &quot;Third_Party_Dependant_For_Conne&quot;: null,
        &quot;Latitude&quot;: -25.998714,
        &quot;Longitude&quot;: 28.12902694
      }
    },
    {
      &quot;attributes&quot;: {
        &quot;Precincts&quot;: &quot;James Crescent&quot;,
        &quot;Quickbase_Status&quot;: &quot;Completed&quot;,
        &quot;QBRecordID&quot;: 0,
        &quot;Third_Party_Dependant_For_Conne&quot;: null,
        &quot;Latitude&quot;: -25.99767087,
        &quot;Longitude&quot;: 28.12814629
      }
    },
    {
      &quot;attributes&quot;: {
        &quot;Precincts&quot;: &quot;James Crescent&quot;,
        &quot;Quickbase_Status&quot;: &quot;Completed&quot;,
        &quot;QBRecordID&quot;: 0,
        &quot;Third_Party_Dependant_For_Conne&quot;: null,
        &quot;Latitude&quot;: -26.00153656,
        &quot;Longitude&quot;: 28.12780961
      }
    },
    {
      &quot;attributes&quot;: {
        &quot;Precincts&quot;: &quot;James Crescent&quot;,
        &quot;Quickbase_Status&quot;: &quot;Completed&quot;,
        &quot;QBRecordID&quot;: 0,
        &quot;Third_Party_Dependant_For_Conne&quot;: null,
        &quot;Latitude&quot;: -26.00195557,
        &quot;Longitude&quot;: 28.12790828
      }
    },
    {
      &quot;attributes&quot;: {
        &quot;Precincts&quot;: &quot;Bauhania Street&quot;,
        &quot;Quickbase_Status&quot;: &quot;Completed&quot;,
        &quot;QBRecordID&quot;: 0,
        &quot;Third_Party_Dependant_For_Conne&quot;: null,
        &quot;Latitude&quot;: -25.87970503,
        &quot;Longitude&quot;: 28.18160212
      }
    },
    {
      &quot;attributes&quot;: {
        &quot;Precincts&quot;: &quot;Logan Ave&quot;,
        &quot;Quickbase_Status&quot;: &quot;Completed&quot;,
        &quot;QBRecordID&quot;: 0,
        &quot;Third_Party_Dependant_For_Conne&quot;: null,
        &quot;Latitude&quot;: -25.8770528,
        &quot;Longitude&quot;: 28.19958661
      }
    },
    {
      &quot;attributes&quot;: {
        &quot;Precincts&quot;: &quot;Bauhania Street&quot;,
        &quot;Quickbase_Status&quot;: &quot;Completed&quot;,
        &quot;QBRecordID&quot;: 0,
        &quot;Third_Party_Dependant_For_Conne&quot;: null,
        &quot;Latitude&quot;: -25.89129887,
        &quot;Longitude&quot;: 28.18326762
      }
    },
    {
      &quot;attributes&quot;: {
        &quot;Precincts&quot;: &quot;Bauhania Street&quot;,
        &quot;Quickbase_Status&quot;: &quot;Completed&quot;,
        &quot;QBRecordID&quot;: 0,
        &quot;Third_Party_Dependant_For_Conne&quot;: null,
        &quot;Latitude&quot;: -25.89082707,
        &quot;Longitude&quot;: 28.18368449
      }
    },
    {
      &quot;attributes&quot;: {
        &quot;Precincts&quot;: &quot;Bauhania Street&quot;,
        &quot;Quickbase_Status&quot;: &quot;Completed&quot;,
        &quot;QBRecordID&quot;: 0,
        &quot;Third_Party_Dependant_For_Conne&quot;: null,
        &quot;Latitude&quot;: -25.89143549,
        &quot;Longitude&quot;: 28.18159781
      }
    },
    {
      &quot;attributes&quot;: {
        &quot;Precincts&quot;: &quot;Bauhania Street&quot;,
        &quot;Quickbase_Status&quot;: &quot;Completed&quot;,
        &quot;QBRecordID&quot;: 0,
        &quot;Third_Party_Dependant_For_Conne&quot;: null,
        &quot;Latitude&quot;: -25.89142664,
        &quot;Longitude&quot;: 28.18172983
      }
    },
    {
      &quot;attributes&quot;: {
        &quot;Precincts&quot;: &quot;Bauhania Street&quot;,
        &quot;Quickbase_Status&quot;: &quot;Completed&quot;,
        &quot;QBRecordID&quot;: 0,
        &quot;Third_Party_Dependant_For_Conne&quot;: null,
        &quot;Latitude&quot;: -25.89139598,
        &quot;Longitude&quot;: 28.18203183
      }
    },
    {
      &quot;attributes&quot;: {
        &quot;Precincts&quot;: &quot;Central Park&quot;,
        &quot;Quickbase_Status&quot;: &quot;Completed&quot;,
        &quot;QBRecordID&quot;: 0,
        &quot;Third_Party_Dependant_For_Conne&quot;: null,
        &quot;Latitude&quot;: -25.98157584,
        &quot;Longitude&quot;: 28.13024196
      }
    },
    {
      &quot;attributes&quot;: {
        &quot;Precincts&quot;: &quot;Central Park&quot;,
        &quot;Quickbase_Status&quot;: &quot;Completed&quot;,
        &quot;QBRecordID&quot;: 0,
        &quot;Third_Party_Dependant_For_Conne&quot;: null,
        &quot;Latitude&quot;: -25.98179037,
        &quot;Longitude&quot;: 28.13067181
      }
    },
    {
      &quot;attributes&quot;: {
        &quot;Precincts&quot;: &quot;James Crescent&quot;,
        &quot;Quickbase_Status&quot;: &quot;Completed&quot;,
        &quot;QBRecordID&quot;: 78268,
        &quot;Third_Party_Dependant_For_Conne&quot;: null,
        &quot;Latitude&quot;: -25.99738019,
        &quot;Longitude&quot;: 28.12844456
      }
    },
    {
      &quot;attributes&quot;: {
        &quot;Precincts&quot;: &quot;Highveld Technopark&quot;,
        &quot;Quickbase_Status&quot;: &quot;Completed&quot;,
        &quot;QBRecordID&quot;: 0,
        &quot;Third_Party_Dependant_For_Conne&quot;: null,
        &quot;Latitude&quot;: -25.87702797,
        &quot;Longitude&quot;: 28.18682303
      }
    },
    {
      &quot;attributes&quot;: {
        &quot;Precincts&quot;: &quot;Highveld Technopark&quot;,
        &quot;Quickbase_Status&quot;: &quot;Completed&quot;,
        &quot;QBRecordID&quot;: 0,
        &quot;Third_Party_Dependant_For_Conne&quot;: null,
        &quot;Latitude&quot;: -25.87836872,
        &quot;Longitude&quot;: 28.18742646
      }
    },
    {
      &quot;attributes&quot;: {
        &quot;Precincts&quot;: &quot;Highveld Technopark&quot;,
        &quot;Quickbase_Status&quot;: &quot;Completed&quot;,
        &quot;QBRecordID&quot;: 0,
        &quot;Third_Party_Dependant_For_Conne&quot;: null,
        &quot;Latitude&quot;: -25.8773599,
        &quot;Longitude&quot;: 28.18680875
      }
    },
    {
      &quot;attributes&quot;: {
        &quot;Precincts&quot;: &quot;Highveld Technopark&quot;,
        &quot;Quickbase_Status&quot;: &quot;Completed&quot;,
        &quot;QBRecordID&quot;: 0,
        &quot;Third_Party_Dependant_For_Conne&quot;: null,
        &quot;Latitude&quot;: -25.87753641,
        &quot;Longitude&quot;: 28.18642312
      }
    },
    {
      &quot;attributes&quot;: {
        &quot;Precincts&quot;: &quot;Highveld Technopark&quot;,
        &quot;Quickbase_Status&quot;: &quot;Completed&quot;,
        &quot;QBRecordID&quot;: 0,
        &quot;Third_Party_Dependant_For_Conne&quot;: null,
        &quot;Latitude&quot;: -25.87757615,
        &quot;Longitude&quot;: 28.1868757
      }
    },
    {
      &quot;attributes&quot;: {
        &quot;Precincts&quot;: &quot;Highveld Technopark&quot;,
        &quot;Quickbase_Status&quot;: &quot;Completed&quot;,
        &quot;QBRecordID&quot;: 0,
        &quot;Third_Party_Dependant_For_Conne&quot;: null,
        &quot;Latitude&quot;: -25.87763448,
        &quot;Longitude&quot;: 28.18713944
      }
    },
    {
      &quot;attributes&quot;: {
        &quot;Precincts&quot;: &quot;George Road&quot;,
        &quot;Quickbase_Status&quot;: &quot;Completed&quot;,
        &quot;QBRecordID&quot;: 0,
        &quot;Third_Party_Dependant_For_Conne&quot;: null,
        &quot;Latitude&quot;: -25.96061971,
        &quot;Longitude&quot;: 28.13745181
      }
    },
    {
      &quot;attributes&quot;: {
        &quot;Precincts&quot;: &quot;George Road&quot;,
        &quot;Quickbase_Status&quot;: &quot;Completed&quot;,
        &quot;QBRecordID&quot;: 0,
        &quot;Third_Party_Dependant_For_Conne&quot;: &quot;Yes&quot;,
        &quot;Latitude&quot;: -25.96169697,
        &quot;Longitude&quot;: 28.1365467
      }
    },
    {
      &quot;attributes&quot;: {
        &quot;Precincts&quot;: &quot;George Road&quot;,
        &quot;Quickbase_Status&quot;: &quot;Completed&quot;,
        &quot;QBRecordID&quot;: 0,
        &quot;Third_Party_Dependant_For_Conne&quot;: &quot;Yes&quot;,
        &quot;Latitude&quot;: -25.96139314,
        &quot;Longitude&quot;: 28.13665631
      }
    },
    {
      &quot;attributes&quot;: {
        &quot;Precincts&quot;: &quot;George Road&quot;,
        &quot;Quickbase_Status&quot;: &quot;Completed&quot;,
        &quot;QBRecordID&quot;: 0,
        &quot;Third_Party_Dependant_For_Conne&quot;: null,
        &quot;Latitude&quot;: -25.96270661,
        &quot;Longitude&quot;: 28.13340703
      }
    },
    {
      &quot;attributes&quot;: {
        &quot;Precincts&quot;: &quot;George Road&quot;,
        &quot;Quickbase_Status&quot;: &quot;Completed&quot;,
        &quot;QBRecordID&quot;: 0,
        &quot;Third_Party_Dependant_For_Conne&quot;: null,
        &quot;Latitude&quot;: -25.96277117,
        &quot;Longitude&quot;: 28.13319394
      }
    },
    {
      &quot;attributes&quot;: {
        &quot;Precincts&quot;: &quot;George Road&quot;,
        &quot;Quickbase_Status&quot;: &quot;Completed&quot;,
        &quot;QBRecordID&quot;: 0,
        &quot;Third_Party_Dependant_For_Conne&quot;: null,
        &quot;Latitude&quot;: -25.96336209,
        &quot;Longitude&quot;: 28.1332368
      }
    },
    {
      &quot;attributes&quot;: {
        &quot;Precincts&quot;: &quot;George Road&quot;,
        &quot;Quickbase_Status&quot;: &quot;Completed&quot;,
        &quot;QBRecordID&quot;: 0,
        &quot;Third_Party_Dependant_For_Conne&quot;: null,
        &quot;Latitude&quot;: -25.96136027,
        &quot;Longitude&quot;: 28.13792819
      }
    },
    {
      &quot;attributes&quot;: {
        &quot;Precincts&quot;: &quot;George Road&quot;,
        &quot;Quickbase_Status&quot;: &quot;Completed&quot;,
        &quot;QBRecordID&quot;: 0,
        &quot;Third_Party_Dependant_For_Conne&quot;: null,
        &quot;Latitude&quot;: -25.95783611,
        &quot;Longitude&quot;: 28.13670038
      }
    },
    {
      &quot;attributes&quot;: {
        &quot;Precincts&quot;: &quot;James Crescent&quot;,
        &quot;Quickbase_Status&quot;: &quot;Completed&quot;,
        &quot;QBRecordID&quot;: 0,
        &quot;Third_Party_Dependant_For_Conne&quot;: null,
        &quot;Latitude&quot;: -25.99930625,
        &quot;Longitude&quot;: 28.12557948
      }
    },
    {
      &quot;attributes&quot;: {
        &quot;Precincts&quot;: &quot;George Road&quot;,
        &quot;Quickbase_Status&quot;: &quot;Completed&quot;,
        &quot;QBRecordID&quot;: 0,
        &quot;Third_Party_Dependant_For_Conne&quot;: null,
        &quot;Latitude&quot;: -25.96697655,
        &quot;Longitude&quot;: 28.13609595
      }
    },
    {
      &quot;attributes&quot;: {
        &quot;Precincts&quot;: &quot;George Road&quot;,
        &quot;Quickbase_Status&quot;: &quot;Completed&quot;,
        &quot;QBRecordID&quot;: 0,
        &quot;Third_Party_Dependant_For_Conne&quot;: null,
        &quot;Latitude&quot;: -25.96629736,
        &quot;Longitude&quot;: 28.13334632
      }
    },
    {
      &quot;attributes&quot;: {
        &quot;Precincts&quot;: &quot;George Road&quot;,
        &quot;Quickbase_Status&quot;: &quot;Completed&quot;,
        &quot;QBRecordID&quot;: 0,
        &quot;Third_Party_Dependant_For_Conne&quot;: null,
        &quot;Latitude&quot;: -25.96654397,
        &quot;Longitude&quot;: 28.13306137
      }
    },
    {
      &quot;attributes&quot;: {
        &quot;Precincts&quot;: &quot;Bauhania Street&quot;,
        &quot;Quickbase_Status&quot;: &quot;Completed&quot;,
        &quot;QBRecordID&quot;: 0,
        &quot;Third_Party_Dependant_For_Conne&quot;: null,
        &quot;Latitude&quot;: -25.88775328,
        &quot;Longitude&quot;: 28.18719165
      }
    },
    {
      &quot;attributes&quot;: {
        &quot;Precincts&quot;: &quot;Bauhania Street&quot;,
        &quot;Quickbase_Status&quot;: &quot;Completed&quot;,
        &quot;QBRecordID&quot;: 0,
        &quot;Third_Party_Dependant_For_Conne&quot;: null,
        &quot;Latitude&quot;: -25.88735167,
        &quot;Longitude&quot;: 28.18704967
      }
    },
    {
      &quot;attributes&quot;: {
        &quot;Precincts&quot;: &quot;Bauhania Street&quot;,
        &quot;Quickbase_Status&quot;: &quot;Completed&quot;,
        &quot;QBRecordID&quot;: 0,
        &quot;Third_Party_Dependant_For_Conne&quot;: null,
        &quot;Latitude&quot;: -25.88675261,
        &quot;Longitude&quot;: 28.18730331
      }
    },
    {
      &quot;attributes&quot;: {
        &quot;Precincts&quot;: &quot;Bauhania Street&quot;,
        &quot;Quickbase_Status&quot;: &quot;Completed&quot;,
        &quot;QBRecordID&quot;: 0,
        &quot;Third_Party_Dependant_For_Conne&quot;: null,
        &quot;Latitude&quot;: -25.88697559,
        &quot;Longitude&quot;: 28.18758789
      }
    },
    {
      &quot;attributes&quot;: {
        &quot;Precincts&quot;: &quot;Bauhania Street&quot;,
        &quot;Quickbase_Status&quot;: &quot;Completed&quot;,
        &quot;QBRecordID&quot;: 0,
        &quot;Third_Party_Dependant_For_Conne&quot;: null,
        &quot;Latitude&quot;: -25.88705327,
        &quot;Longitude&quot;: 28.18755418
      }
    },
    {
      &quot;attributes&quot;: {
        &quot;Precincts&quot;: &quot;Bauhania Street&quot;,
        &quot;Quickbase_Status&quot;: &quot;Completed&quot;,
        &quot;QBRecordID&quot;: 0,
        &quot;Third_Party_Dependant_For_Conne&quot;: null,
        &quot;Latitude&quot;: -25.88720249,
        &quot;Longitude&quot;: 28.18843968
      }
    },
    {
      &quot;attributes&quot;: {
        &quot;Precincts&quot;: &quot;Bauhania Street&quot;,
        &quot;Quickbase_Status&quot;: &quot;Completed&quot;,
        &quot;QBRecordID&quot;: 0,
        &quot;Third_Party_Dependant_For_Conne&quot;: null,
        &quot;Latitude&quot;: -25.89942244,
        &quot;Longitude&quot;: 28.19057081
      }
    },
    {
      &quot;attributes&quot;: {
        &quot;Precincts&quot;: &quot;Bauhania Street&quot;,
        &quot;Quickbase_Status&quot;: &quot;Completed&quot;,
        &quot;QBRecordID&quot;: 0,
        &quot;Third_Party_Dependant_For_Conne&quot;: null,
        &quot;Latitude&quot;: -25.89918086,
        &quot;Longitude&quot;: 28.19044871
      }
    },
    {
      &quot;attributes&quot;: {
        &quot;Precincts&quot;: &quot;Bauhania Street&quot;,
        &quot;Quickbase_Status&quot;: &quot;Completed&quot;,
        &quot;QBRecordID&quot;: 0,
        &quot;Third_Party_Dependant_For_Conne&quot;: null,
        &quot;Latitude&quot;: -25.89890871,
        &quot;Longitude&quot;: 28.19044487
      }
    },
    {
      &quot;attributes&quot;: {
        &quot;Precincts&quot;: &quot;Bauhania Street&quot;,
        &quot;Quickbase_Status&quot;: &quot;Completed&quot;,
        &quot;QBRecordID&quot;: 0,
        &quot;Third_Party_Dependant_For_Conne&quot;: null,
        &quot;Latitude&quot;: -25.89881743,
        &quot;Longitude&quot;: 28.19020226
      }
    },
    {
      &quot;attributes&quot;: {
        &quot;Precincts&quot;: &quot;Bauhania Street&quot;,
        &quot;Quickbase_Status&quot;: &quot;Completed&quot;,
        &quot;QBRecordID&quot;: 0,
        &quot;Third_Party_Dependant_For_Conne&quot;: null,
        &quot;Latitude&quot;: -25.88784411,
        &quot;Longitude&quot;: 28.18576871
      }
    },
    {
      &quot;attributes&quot;: {
        &quot;Precincts&quot;: &quot;Capital Hill&quot;,
        &quot;Quickbase_Status&quot;: &quot;Completed&quot;,
        &quot;QBRecordID&quot;: 105519,
        &quot;Third_Party_Dependant_For_Conne&quot;: null,
        &quot;Latitude&quot;: -26.00783905,
        &quot;Longitude&quot;: 28.13335398
      }
    },
    {
      &quot;attributes&quot;: {
        &quot;Precincts&quot;: &quot;Capital Hill&quot;,
        &quot;Quickbase_Status&quot;: &quot;Completed&quot;,
        &quot;QBRecordID&quot;: 0,
        &quot;Third_Party_Dependant_For_Conne&quot;: null,
        &quot;Latitude&quot;: -26.00865927,
        &quot;Longitude&quot;: 28.13173701
      }
    },
    {
      &quot;attributes&quot;: {
        &quot;Precincts&quot;: &quot;Capital Hill&quot;,
        &quot;Quickbase_Status&quot;: &quot;Completed&quot;,
        &quot;QBRecordID&quot;: 0,
        &quot;Third_Party_Dependant_For_Conne&quot;: null,
        &quot;Latitude&quot;: -26.00808919,
        &quot;Longitude&quot;: 28.13216038
      }
    },
    {
      &quot;attributes&quot;: {
        &quot;Precincts&quot;: &quot;Capital Hill&quot;,
        &quot;Quickbase_Status&quot;: &quot;Completed&quot;,
        &quot;QBRecordID&quot;: 0,
        &quot;Third_Party_Dependant_For_Conne&quot;: null,
        &quot;Latitude&quot;: -26.00857025,
        &quot;Longitude&quot;: 28.12952428
      }
    },
    {
      &quot;attributes&quot;: {
        &quot;Precincts&quot;: &quot;Capital Hill&quot;,
        &quot;Quickbase_Status&quot;: &quot;Completed&quot;,
        &quot;QBRecordID&quot;: 0,
        &quot;Third_Party_Dependant_For_Conne&quot;: null,
        &quot;Latitude&quot;: -26.00970068,
        &quot;Longitude&quot;: 28.13052296
      }
    },
    {
      &quot;attributes&quot;: {
        &quot;Precincts&quot;: &quot;James Crescent&quot;,
        &quot;Quickbase_Status&quot;: &quot;Completed&quot;,
        &quot;QBRecordID&quot;: 0,
        &quot;Third_Party_Dependant_For_Conne&quot;: null,
        &quot;Latitude&quot;: -26.00599508,
        &quot;Longitude&quot;: 28.1237051
      }
    },
    {
      &quot;attributes&quot;: {
        &quot;Precincts&quot;: &quot;James Crescent&quot;,
        &quot;Quickbase_Status&quot;: &quot;Completed&quot;,
        &quot;QBRecordID&quot;: 0,
        &quot;Third_Party_Dependant_For_Conne&quot;: null,
        &quot;Latitude&quot;: -26.00624672,
        &quot;Longitude&quot;: 28.12326826
      }
    },
    {
      &quot;attributes&quot;: {
        &quot;Precincts&quot;: &quot;James Crescent&quot;,
        &quot;Quickbase_Status&quot;: &quot;Completed&quot;,
        &quot;QBRecordID&quot;: 0,
        &quot;Third_Party_Dependant_For_Conne&quot;: null,
        &quot;Latitude&quot;: -26.00641315,
        &quot;Longitude&quot;: 28.12647709
      }
    },
    {
      &quot;attributes&quot;: {
        &quot;Precincts&quot;: &quot;James Crescent&quot;,
        &quot;Quickbase_Status&quot;: &quot;Completed&quot;,
        &quot;QBRecordID&quot;: 0,
        &quot;Third_Party_Dependant_For_Conne&quot;: null,
        &quot;Latitude&quot;: -26.0056832,
        &quot;Longitude&quot;: 28.12455068
      }
    },
    {
      &quot;attributes&quot;: {
        &quot;Precincts&quot;: &quot;James Crescent&quot;,
        &quot;Quickbase_Status&quot;: &quot;Completed&quot;,
        &quot;QBRecordID&quot;: 0,
        &quot;Third_Party_Dependant_For_Conne&quot;: null,
        &quot;Latitude&quot;: -26.00555055,
        &quot;Longitude&quot;: 28.12415384
      }
    },
    {
      &quot;attributes&quot;: {
        &quot;Precincts&quot;: &quot;Capital Hill&quot;,
        &quot;Quickbase_Status&quot;: &quot;Completed&quot;,
        &quot;QBRecordID&quot;: 0,
        &quot;Third_Party_Dependant_For_Conne&quot;: null,
        &quot;Latitude&quot;: -26.0099704,
        &quot;Longitude&quot;: 28.12695198
      }
    },
    {
      &quot;attributes&quot;: {
        &quot;Precincts&quot;: &quot;Capital Hill&quot;,
        &quot;Quickbase_Status&quot;: &quot;Completed&quot;,
        &quot;QBRecordID&quot;: 0,
        &quot;Third_Party_Dependant_For_Conne&quot;: null,
        &quot;Latitude&quot;: -26.0095183,
        &quot;Longitude&quot;: 28.12740062
      }
    },
    {
      &quot;attributes&quot;: {
        &quot;Precincts&quot;: &quot;Capital Hill&quot;,
        &quot;Quickbase_Status&quot;: &quot;Completed&quot;,
        &quot;QBRecordID&quot;: 10871,
        &quot;Third_Party_Dependant_For_Conne&quot;: null,
        &quot;Latitude&quot;: -26.00812996,
        &quot;Longitude&quot;: 28.12814958
      }
    },
    {
      &quot;attributes&quot;: {
        &quot;Precincts&quot;: &quot;Capital Hill&quot;,
        &quot;Quickbase_Status&quot;: &quot;Completed&quot;,
        &quot;QBRecordID&quot;: 0,
        &quot;Third_Party_Dependant_For_Conne&quot;: null,
        &quot;Latitude&quot;: -26.00812461,
        &quot;Longitude&quot;: 28.12814383
      }
    },
    {
      &quot;attributes&quot;: {
        &quot;Precincts&quot;: &quot;Capital Hill&quot;,
        &quot;Quickbase_Status&quot;: &quot;Completed&quot;,
        &quot;QBRecordID&quot;: 10872,
        &quot;Third_Party_Dependant_For_Conne&quot;: null,
        &quot;Latitude&quot;: -26.00839614,
        &quot;Longitude&quot;: 28.12795361
      }
    },
    {
      &quot;attributes&quot;: {
        &quot;Precincts&quot;: &quot;Capital Hill&quot;,
        &quot;Quickbase_Status&quot;: &quot;Completed&quot;,
        &quot;QBRecordID&quot;: 10874,
        &quot;Third_Party_Dependant_For_Conne&quot;: null,
        &quot;Latitude&quot;: -26.00892395,
        &quot;Longitude&quot;: 28.12773214
      }
    },
    {
      &quot;attributes&quot;: {
        &quot;Precincts&quot;: &quot;Capital Hill&quot;,
        &quot;Quickbase_Status&quot;: &quot;Completed&quot;,
        &quot;QBRecordID&quot;: 0,
        &quot;Third_Party_Dependant_For_Conne&quot;: null,
        &quot;Latitude&quot;: -26.00848847,
        &quot;Longitude&quot;: 28.13313465
      }
    },
    {
      &quot;attributes&quot;: {
        &quot;Precincts&quot;: &quot;Capital Hill&quot;,
        &quot;Quickbase_Status&quot;: &quot;Completed&quot;,
        &quot;QBRecordID&quot;: 0,
        &quot;Third_Party_Dependant_For_Conne&quot;: null,
        &quot;Latitude&quot;: -26.0086956,
        &quot;Longitude&quot;: 28.13348021
      }
    },
    {
      &quot;attributes&quot;: {
        &quot;Precincts&quot;: &quot;James Crescent&quot;,
        &quot;Quickbase_Status&quot;: &quot;Completed&quot;,
        &quot;QBRecordID&quot;: 0,
        &quot;Third_Party_Dependant_For_Conne&quot;: null,
        &quot;Latitude&quot;: -26.00480721,
        &quot;Longitude&quot;: 28.12733309
      }
    },
    {
      &quot;attributes&quot;: {
        &quot;Precincts&quot;: &quot;James Crescent&quot;,
        &quot;Quickbase_Status&quot;: &quot;Completed&quot;,
        &quot;QBRecordID&quot;: 0,
        &quot;Third_Party_Dependant_For_Conne&quot;: null,
        &quot;Latitude&quot;: -26.00546383,
        &quot;Longitude&quot;: 28.12659836
      }
    },
    {
      &quot;attributes&quot;: {
        &quot;Precincts&quot;: &quot;James Crescent&quot;,
        &quot;Quickbase_Status&quot;: &quot;Completed&quot;,
        &quot;QBRecordID&quot;: 0,
        &quot;Third_Party_Dependant_For_Conne&quot;: null,
        &quot;Latitude&quot;: -26.00707105,
        &quot;Longitude&quot;: 28.12392667
      }
    },
    {
      &quot;attributes&quot;: {
        &quot;Precincts&quot;: &quot;James Crescent&quot;,
        &quot;Quickbase_Status&quot;: &quot;Completed&quot;,
        &quot;QBRecordID&quot;: 0,
        &quot;Third_Party_Dependant_For_Conne&quot;: null,
        &quot;Latitude&quot;: -26.00723377,
        &quot;Longitude&quot;: 28.12404559
      }
    },
    {
      &quot;attributes&quot;: {
        &quot;Precincts&quot;: &quot;Capital Hill&quot;,
        &quot;Quickbase_Status&quot;: &quot;Completed&quot;,
        &quot;QBRecordID&quot;: 0,
        &quot;Third_Party_Dependant_For_Conne&quot;: null,
        &quot;Latitude&quot;: -26.00880494,
        &quot;Longitude&quot;: 28.12823583
      }
    },
    {
      &quot;attributes&quot;: {
        &quot;Precincts&quot;: &quot;Capital Hill&quot;,
        &quot;Quickbase_Status&quot;: &quot;Completed&quot;,
        &quot;QBRecordID&quot;: 0,
        &quot;Third_Party_Dependant_For_Conne&quot;: null,
        &quot;Latitude&quot;: -26.0086305,
        &quot;Longitude&quot;: 28.12854966
      }
    },
    {
      &quot;attributes&quot;: {
        &quot;Precincts&quot;: &quot;Capital Hill&quot;,
        &quot;Quickbase_Status&quot;: &quot;Completed&quot;,
        &quot;QBRecordID&quot;: 0,
        &quot;Third_Party_Dependant_For_Conne&quot;: null,
        &quot;Latitude&quot;: -26.00876801,
        &quot;Longitude&quot;: 28.12845135
      }
    },
    {
      &quot;attributes&quot;: {
        &quot;Precincts&quot;: &quot;James Crescent&quot;,
        &quot;Quickbase_Status&quot;: &quot;Completed&quot;,
        &quot;QBRecordID&quot;: 0,
        &quot;Third_Party_Dependant_For_Conne&quot;: null,
        &quot;Latitude&quot;: -26.00293885,
        &quot;Longitude&quot;: 28.1266199
      }
    },
    {
      &quot;attributes&quot;: {
        &quot;Precincts&quot;: &quot;James Crescent&quot;,
        &quot;Quickbase_Status&quot;: &quot;Completed&quot;,
        &quot;QBRecordID&quot;: 0,
        &quot;Third_Party_Dependant_For_Conne&quot;: null,
        &quot;Latitude&quot;: -26.00408131,
        &quot;Longitude&quot;: 28.12486046
      }
    },
    {
      &quot;attributes&quot;: {
        &quot;Precincts&quot;: &quot;Capital Hill&quot;,
        &quot;Quickbase_Status&quot;: &quot;Completed&quot;,
        &quot;QBRecordID&quot;: 0,
        &quot;Third_Party_Dependant_For_Conne&quot;: null,
        &quot;Latitude&quot;: -26.00694978,
        &quot;Longitude&quot;: 28.12902581
      }
    },
    {
      &quot;attributes&quot;: {
        &quot;Precincts&quot;: &quot;Waterfall Office Park&quot;,
        &quot;Quickbase_Status&quot;: &quot;Completed&quot;,
        &quot;QBRecordID&quot;: 0,
        &quot;Third_Party_Dependant_For_Conne&quot;: null,
        &quot;Latitude&quot;: -26.01202643,
        &quot;Longitude&quot;: 28.11849009
      }
    },
    {
      &quot;attributes&quot;: {
        &quot;Precincts&quot;: &quot;Bauhania Street&quot;,
        &quot;Quickbase_Status&quot;: &quot;Completed&quot;,
        &quot;QBRecordID&quot;: 0,
        &quot;Third_Party_Dependant_For_Conne&quot;: null,
        &quot;Latitude&quot;: -25.88664793,
        &quot;Longitude&quot;: 28.18645772
      }
    },
    {
      &quot;attributes&quot;: {
        &quot;Precincts&quot;: &quot;Bauhania Street&quot;,
        &quot;Quickbase_Status&quot;: &quot;Completed&quot;,
        &quot;QBRecordID&quot;: 0,
        &quot;Third_Party_Dependant_For_Conne&quot;: null,
        &quot;Latitude&quot;: -25.88900976,
        &quot;Longitude&quot;: 28.1861412
      }
    },
    {
      &quot;attributes&quot;: {
        &quot;Precincts&quot;: &quot;Bauhania Street&quot;,
        &quot;Quickbase_Status&quot;: &quot;Completed&quot;,
        &quot;QBRecordID&quot;: 0,
        &quot;Third_Party_Dependant_For_Conne&quot;: null,
        &quot;Latitude&quot;: -25.88822389,
        &quot;Longitude&quot;: 28.19047672
      }
    },
    {
      &quot;attributes&quot;: {
        &quot;Precincts&quot;: &quot;Bauhania Street&quot;,
        &quot;Quickbase_Status&quot;: &quot;Completed&quot;,
        &quot;QBRecordID&quot;: 0,
        &quot;Third_Party_Dependant_For_Conne&quot;: null,
        &quot;Latitude&quot;: -25.88815848,
        &quot;Longitude&quot;: 28.18913385
      }
    },
    {
      &quot;attributes&quot;: {
        &quot;Precincts&quot;: &quot;Bauhania Street&quot;,
        &quot;Quickbase_Status&quot;: &quot;Completed&quot;,
        &quot;QBRecordID&quot;: 0,
        &quot;Third_Party_Dependant_For_Conne&quot;: null,
        &quot;Latitude&quot;: -25.88841531,
        &quot;Longitude&quot;: 28.19052373
      }
    },
    {
      &quot;attributes&quot;: {
        &quot;Precincts&quot;: &quot;Bauhania Street&quot;,
        &quot;Quickbase_Status&quot;: &quot;Completed&quot;,
        &quot;QBRecordID&quot;: 0,
        &quot;Third_Party_Dependant_For_Conne&quot;: null,
        &quot;Latitude&quot;: -25.8901518,
        &quot;Longitude&quot;: 28.19026376
      }
    },
    {
      &quot;attributes&quot;: {
        &quot;Precincts&quot;: &quot;Bauhania Street&quot;,
        &quot;Quickbase_Status&quot;: &quot;Completed&quot;,
        &quot;QBRecordID&quot;: 0,
        &quot;Third_Party_Dependant_For_Conne&quot;: null,
        &quot;Latitude&quot;: -25.89024046,
        &quot;Longitude&quot;: 28.19053942
      }
    },
    {
      &quot;attributes&quot;: {
        &quot;Precincts&quot;: &quot;Bauhania Street&quot;,
        &quot;Quickbase_Status&quot;: &quot;Completed&quot;,
        &quot;QBRecordID&quot;: 0,
        &quot;Third_Party_Dependant_For_Conne&quot;: null,
        &quot;Latitude&quot;: -25.89373498,
        &quot;Longitude&quot;: 28.19058735
      }
    },
    {
      &quot;attributes&quot;: {
        &quot;Precincts&quot;: &quot;Bauhania Street&quot;,
        &quot;Quickbase_Status&quot;: &quot;Completed&quot;,
        &quot;QBRecordID&quot;: 0,
        &quot;Third_Party_Dependant_For_Conne&quot;: null,
        &quot;Latitude&quot;: -25.89351616,
        &quot;Longitude&quot;: 28.19025444
      }
    },
    {
      &quot;attributes&quot;: {
        &quot;Precincts&quot;: &quot;Bauhania Street&quot;,
        &quot;Quickbase_Status&quot;: &quot;Completed&quot;,
        &quot;QBRecordID&quot;: 0,
        &quot;Third_Party_Dependant_For_Conne&quot;: null,
        &quot;Latitude&quot;: -25.89274586,
        &quot;Longitude&quot;: 28.18916147
      }
    },
    {
      &quot;attributes&quot;: {
        &quot;Precincts&quot;: &quot;Bauhania Street&quot;,
        &quot;Quickbase_Status&quot;: &quot;Completed&quot;,
        &quot;QBRecordID&quot;: 0,
        &quot;Third_Party_Dependant_For_Conne&quot;: null,
        &quot;Latitude&quot;: -25.89315431,
        &quot;Longitude&quot;: 28.19140539
      }
    },
    {
      &quot;attributes&quot;: {
        &quot;Precincts&quot;: &quot;Bauhania Street&quot;,
        &quot;Quickbase_Status&quot;: &quot;Completed&quot;,
        &quot;QBRecordID&quot;: 0,
        &quot;Third_Party_Dependant_For_Conne&quot;: null,
        &quot;Latitude&quot;: -25.88864257,
        &quot;Longitude&quot;: 28.18880327
      }
    },
    {
      &quot;attributes&quot;: {
        &quot;Precincts&quot;: &quot;Bauhania Street&quot;,
        &quot;Quickbase_Status&quot;: &quot;Completed&quot;,
        &quot;QBRecordID&quot;: 0,
        &quot;Third_Party_Dependant_For_Conne&quot;: null,
        &quot;Latitude&quot;: -25.88855735,
        &quot;Longitude&quot;: 28.18990844
      }
    },
    {
      &quot;attributes&quot;: {
        &quot;Precincts&quot;: &quot;Bauhania Street&quot;,
        &quot;Quickbase_Status&quot;: &quot;Completed&quot;,
        &quot;QBRecordID&quot;: 0,
        &quot;Third_Party_Dependant_For_Conne&quot;: null,
        &quot;Latitude&quot;: -25.88865507,
        &quot;Longitude&quot;: 28.19032082
      }
    },
    {
      &quot;attributes&quot;: {
        &quot;Precincts&quot;: &quot;Bauhania Street&quot;,
        &quot;Quickbase_Status&quot;: &quot;Completed&quot;,
        &quot;QBRecordID&quot;: 0,
        &quot;Third_Party_Dependant_For_Conne&quot;: null,
        &quot;Latitude&quot;: -25.8885196,
        &quot;Longitude&quot;: 28.19031407
      }
    },
    {
      &quot;attributes&quot;: {
        &quot;Precincts&quot;: &quot;Bauhania Street&quot;,
        &quot;Quickbase_Status&quot;: &quot;Completed&quot;,
        &quot;QBRecordID&quot;: 0,
        &quot;Third_Party_Dependant_For_Conne&quot;: null,
        &quot;Latitude&quot;: -25.88743681,
        &quot;Longitude&quot;: 28.1861982
      }
    },
    {
      &quot;attributes&quot;: {
        &quot;Precincts&quot;: &quot;Bauhania Street&quot;,
        &quot;Quickbase_Status&quot;: &quot;Completed&quot;,
        &quot;QBRecordID&quot;: 0,
        &quot;Third_Party_Dependant_For_Conne&quot;: null,
        &quot;Latitude&quot;: -25.89147286,
        &quot;Longitude&quot;: 28.18669463
      }
    },
    {
      &quot;attributes&quot;: {
        &quot;Precincts&quot;: &quot;Bauhania Street&quot;,
        &quot;Quickbase_Status&quot;: &quot;Completed&quot;,
        &quot;QBRecordID&quot;: 0,
        &quot;Third_Party_Dependant_For_Conne&quot;: null,
        &quot;Latitude&quot;: -25.89083123,
        &quot;Longitude&quot;: 28.18707977
      }
    },
    {
      &quot;attributes&quot;: {
        &quot;Precincts&quot;: &quot;Bauhania Street&quot;,
        &quot;Quickbase_Status&quot;: &quot;Completed&quot;,
        &quot;QBRecordID&quot;: 0,
        &quot;Third_Party_Dependant_For_Conne&quot;: null,
        &quot;Latitude&quot;: -25.88959558,
        &quot;Longitude&quot;: 28.18966424
      }
    },
    {
      &quot;attributes&quot;: {
        &quot;Precincts&quot;: &quot;Bauhania Street&quot;,
        &quot;Quickbase_Status&quot;: &quot;Completed&quot;,
        &quot;QBRecordID&quot;: 0,
        &quot;Third_Party_Dependant_For_Conne&quot;: null,
        &quot;Latitude&quot;: -25.88531244,
        &quot;Longitude&quot;: 28.18789839
      }
    },
    {
      &quot;attributes&quot;: {
        &quot;Precincts&quot;: &quot;Bauhania Street&quot;,
        &quot;Quickbase_Status&quot;: &quot;Completed&quot;,
        &quot;QBRecordID&quot;: 0,
        &quot;Third_Party_Dependant_For_Conne&quot;: null,
        &quot;Latitude&quot;: -25.88611131,
        &quot;Longitude&quot;: 28.18638977
      }
    },
    {
      &quot;attributes&quot;: {
        &quot;Precincts&quot;: &quot;Bauhania Street&quot;,
        &quot;Quickbase_Status&quot;: &quot;Completed&quot;,
        &quot;QBRecordID&quot;: 0,
        &quot;Third_Party_Dependant_For_Conne&quot;: null,
        &quot;Latitude&quot;: -25.88625122,
        &quot;Longitude&quot;: 28.18724924
      }
    },
    {
      &quot;attributes&quot;: {
        &quot;Precincts&quot;: &quot;Bauhania Street&quot;,
        &quot;Quickbase_Status&quot;: &quot;Completed&quot;,
        &quot;QBRecordID&quot;: 0,
        &quot;Third_Party_Dependant_For_Conne&quot;: null,
        &quot;Latitude&quot;: -25.88597611,
        &quot;Longitude&quot;: 28.18725942
      }
    },
    {
      &quot;attributes&quot;: {
        &quot;Precincts&quot;: &quot;Bauhania Street&quot;,
        &quot;Quickbase_Status&quot;: &quot;Completed&quot;,
        &quot;QBRecordID&quot;: 0,
        &quot;Third_Party_Dependant_For_Conne&quot;: null,
        &quot;Latitude&quot;: -25.88788282,
        &quot;Longitude&quot;: 28.19031611
      }
    },
    {
      &quot;attributes&quot;: {
        &quot;Precincts&quot;: &quot;Bauhania Street&quot;,
        &quot;Quickbase_Status&quot;: &quot;Completed&quot;,
        &quot;QBRecordID&quot;: 0,
        &quot;Third_Party_Dependant_For_Conne&quot;: null,
        &quot;Latitude&quot;: -25.88847877,
        &quot;Longitude&quot;: 28.18645988
      }
    },
    {
      &quot;attributes&quot;: {
        &quot;Precincts&quot;: &quot;Richards Drive&quot;,
        &quot;Quickbase_Status&quot;: &quot;Completed&quot;,
        &quot;QBRecordID&quot;: 0,
        &quot;Third_Party_Dependant_For_Conne&quot;: null,
        &quot;Latitude&quot;: -26.01317203,
        &quot;Longitude&quot;: 28.12122289
      }
    },
    {
      &quot;attributes&quot;: {
        &quot;Precincts&quot;: &quot;Richards Drive&quot;,
        &quot;Quickbase_Status&quot;: &quot;Completed&quot;,
        &quot;QBRecordID&quot;: 0,
        &quot;Third_Party_Dependant_For_Conne&quot;: &quot;Yes&quot;,
        &quot;Latitude&quot;: -26.01359695,
        &quot;Longitude&quot;: 28.12570559
      }
    },
    {
      &quot;attributes&quot;: {
        &quot;Precincts&quot;: &quot;Richards Drive&quot;,
        &quot;Quickbase_Status&quot;: &quot;Completed&quot;,
        &quot;QBRecordID&quot;: 0,
        &quot;Third_Party_Dependant_For_Conne&quot;: null,
        &quot;Latitude&quot;: -26.01315721,
        &quot;Longitude&quot;: 28.12442159
      }
    },
    {
      &quot;attributes&quot;: {
        &quot;Precincts&quot;: &quot;Richards Drive&quot;,
        &quot;Quickbase_Status&quot;: &quot;Completed&quot;,
        &quot;QBRecordID&quot;: 92508,
        &quot;Third_Party_Dependant_For_Conne&quot;: null,
        &quot;Latitude&quot;: -26.01610298,
        &quot;Longitude&quot;: 28.12226105
      }
    },
    {
      &quot;attributes&quot;: {
        &quot;Precincts&quot;: &quot;Richards Drive&quot;,
        &quot;Quickbase_Status&quot;: &quot;Completed&quot;,
        &quot;QBRecordID&quot;: 0,
        &quot;Third_Party_Dependant_For_Conne&quot;: null,
        &quot;Latitude&quot;: -26.01428387,
        &quot;Longitude&quot;: 28.12341223
      }
    },
    {
      &quot;attributes&quot;: {
        &quot;Precincts&quot;: &quot;Richards Drive&quot;,
        &quot;Quickbase_Status&quot;: &quot;Completed&quot;,
        &quot;QBRecordID&quot;: 0,
        &quot;Third_Party_Dependant_For_Conne&quot;: null,
        &quot;Latitude&quot;: -26.01444531,
        &quot;Longitude&quot;: 28.12376444
      }
    },
    {
      &quot;attributes&quot;: {
        &quot;Precincts&quot;: &quot;Bauhania Street&quot;,
        &quot;Quickbase_Status&quot;: &quot;Completed&quot;,
        &quot;QBRecordID&quot;: 0,
        &quot;Third_Party_Dependant_For_Conne&quot;: null,
        &quot;Latitude&quot;: -25.89884194,
        &quot;Longitude&quot;: 28.18968881
      }
    },
    {
      &quot;attributes&quot;: {
        &quot;Precincts&quot;: &quot;Bauhania Street&quot;,
        &quot;Quickbase_Status&quot;: &quot;Completed&quot;,
        &quot;QBRecordID&quot;: 0,
        &quot;Third_Party_Dependant_For_Conne&quot;: null,
        &quot;Latitude&quot;: -25.89906392,
        &quot;Longitude&quot;: 28.1897756
      }
    },
    {
      &quot;attributes&quot;: {
        &quot;Precincts&quot;: &quot;Bauhania Street&quot;,
        &quot;Quickbase_Status&quot;: &quot;Completed&quot;,
        &quot;QBRecordID&quot;: 0,
        &quot;Third_Party_Dependant_For_Conne&quot;: null,
        &quot;Latitude&quot;: -25.89927213,
        &quot;Longitude&quot;: 28.18957479
      }
    },
    {
      &quot;attributes&quot;: {
        &quot;Precincts&quot;: &quot;Bauhania Street&quot;,
        &quot;Quickbase_Status&quot;: &quot;Completed&quot;,
        &quot;QBRecordID&quot;: 0,
        &quot;Third_Party_Dependant_For_Conne&quot;: null,
        &quot;Latitude&quot;: -25.8992733,
        &quot;Longitude&quot;: 28.18987955
      }
    },
    {
      &quot;attributes&quot;: {
        &quot;Precincts&quot;: &quot;Bauhania Street&quot;,
        &quot;Quickbase_Status&quot;: &quot;Completed&quot;,
        &quot;QBRecordID&quot;: 0,
        &quot;Third_Party_Dependant_For_Conne&quot;: null,
        &quot;Latitude&quot;: -25.89947422,
        &quot;Longitude&quot;: 28.18992953
      }
    },
    {
      &quot;attributes&quot;: {
        &quot;Precincts&quot;: &quot;Bauhania Street&quot;,
        &quot;Quickbase_Status&quot;: &quot;Completed&quot;,
        &quot;QBRecordID&quot;: 0,
        &quot;Third_Party_Dependant_For_Conne&quot;: null,
        &quot;Latitude&quot;: -25.89860627,
        &quot;Longitude&quot;: 28.18959597
      }
    },
    {
      &quot;attributes&quot;: {
        &quot;Precincts&quot;: &quot;Bauhania Street&quot;,
        &quot;Quickbase_Status&quot;: &quot;Completed&quot;,
        &quot;QBRecordID&quot;: 0,
        &quot;Third_Party_Dependant_For_Conne&quot;: null,
        &quot;Latitude&quot;: -25.89838637,
        &quot;Longitude&quot;: 28.18954286
      }
    },
    {
      &quot;attributes&quot;: {
        &quot;Precincts&quot;: &quot;Bauhania Street&quot;,
        &quot;Quickbase_Status&quot;: &quot;Completed&quot;,
        &quot;QBRecordID&quot;: 0,
        &quot;Third_Party_Dependant_For_Conne&quot;: null,
        &quot;Latitude&quot;: -25.89838773,
        &quot;Longitude&quot;: 28.18974633
      }
    },
    {
      &quot;attributes&quot;: {
        &quot;Precincts&quot;: &quot;Bauhania Street&quot;,
        &quot;Quickbase_Status&quot;: &quot;Completed&quot;,
        &quot;QBRecordID&quot;: 0,
        &quot;Third_Party_Dependant_For_Conne&quot;: null,
        &quot;Latitude&quot;: -25.8981753,
        &quot;Longitude&quot;: 28.1896294
      }
    },
    {
      &quot;attributes&quot;: {
        &quot;Precincts&quot;: &quot;Bauhania Street&quot;,
        &quot;Quickbase_Status&quot;: &quot;Completed&quot;,
        &quot;QBRecordID&quot;: 0,
        &quot;Third_Party_Dependant_For_Conne&quot;: null,
        &quot;Latitude&quot;: -25.88667597,
        &quot;Longitude&quot;: 28.18608072
      }
    },
    {
      &quot;attributes&quot;: {
        &quot;Precincts&quot;: &quot;Bauhania Street&quot;,
        &quot;Quickbase_Status&quot;: &quot;Completed&quot;,
        &quot;QBRecordID&quot;: 0,
        &quot;Third_Party_Dependant_For_Conne&quot;: null,
        &quot;Latitude&quot;: -25.88710039,
        &quot;Longitude&quot;: 28.18571835
      }
    },
    {
      &quot;attributes&quot;: {
        &quot;Precincts&quot;: &quot;Bauhania Street&quot;,
        &quot;Quickbase_Status&quot;: &quot;Completed&quot;,
        &quot;QBRecordID&quot;: 0,
        &quot;Third_Party_Dependant_For_Conne&quot;: null,
        &quot;Latitude&quot;: -25.8909281,
        &quot;Longitude&quot;: 28.18337916
      }
    },
    {
      &quot;attributes&quot;: {
        &quot;Precincts&quot;: &quot;Bauhania Street&quot;,
        &quot;Quickbase_Status&quot;: &quot;Completed&quot;,
        &quot;QBRecordID&quot;: 0,
        &quot;Third_Party_Dependant_For_Conne&quot;: null,
        &quot;Latitude&quot;: -25.88590626,
        &quot;Longitude&quot;: 28.1859549
      }
    },
    {
      &quot;attributes&quot;: {
        &quot;Precincts&quot;: &quot;Witch-Hazel&quot;,
        &quot;Quickbase_Status&quot;: &quot;Completed&quot;,
        &quot;QBRecordID&quot;: 0,
        &quot;Third_Party_Dependant_For_Conne&quot;: null,
        &quot;Latitude&quot;: -25.87469118,
        &quot;Longitude&quot;: 28.17938484
      }
    },
    {
      &quot;attributes&quot;: {
        &quot;Precincts&quot;: &quot;Bauhania Street&quot;,
        &quot;Quickbase_Status&quot;: &quot;Completed&quot;,
        &quot;QBRecordID&quot;: 0,
        &quot;Third_Party_Dependant_For_Conne&quot;: null,
        &quot;Latitude&quot;: -25.88813532,
        &quot;Longitude&quot;: 28.19045268
      }
    },
    {
      &quot;attributes&quot;: {
        &quot;Precincts&quot;: &quot;Bauhania Street&quot;,
        &quot;Quickbase_Status&quot;: &quot;Completed&quot;,
        &quot;QBRecordID&quot;: 0,
        &quot;Third_Party_Dependant_For_Conne&quot;: null,
        &quot;Latitude&quot;: -25.89278367,
        &quot;Longitude&quot;: 28.18898087
      }
    },
    {
      &quot;attributes&quot;: {
        &quot;Precincts&quot;: &quot;Richards Drive&quot;,
        &quot;Quickbase_Status&quot;: &quot;Completed&quot;,
        &quot;QBRecordID&quot;: 0,
        &quot;Third_Party_Dependant_For_Conne&quot;: null,
        &quot;Latitude&quot;: -26.01470353,
        &quot;Longitude&quot;: 28.1223916
      }
    },
    {
      &quot;attributes&quot;: {
        &quot;Precincts&quot;: &quot;Capital Hill&quot;,
        &quot;Quickbase_Status&quot;: &quot;Completed&quot;,
        &quot;QBRecordID&quot;: 0,
        &quot;Third_Party_Dependant_For_Conne&quot;: null,
        &quot;Latitude&quot;: -26.01077728,
        &quot;Longitude&quot;: 28.12659068
      }
    },
    {
      &quot;attributes&quot;: {
        &quot;Precincts&quot;: &quot;Capital Hill&quot;,
        &quot;Quickbase_Status&quot;: &quot;Completed&quot;,
        &quot;QBRecordID&quot;: 0,
        &quot;Third_Party_Dependant_For_Conne&quot;: null,
        &quot;Latitude&quot;: -26.01111324,
        &quot;Longitude&quot;: 28.12634956
      }
    },
    {
      &quot;attributes&quot;: {
        &quot;Precincts&quot;: &quot;Richards Drive&quot;,
        &quot;Quickbase_Status&quot;: &quot;Completed&quot;,
        &quot;QBRecordID&quot;: 0,
        &quot;Third_Party_Dependant_For_Conne&quot;: null,
        &quot;Latitude&quot;: -26.01681367,
        &quot;Longitude&quot;: 28.1219078
      }
    },
    {
      &quot;attributes&quot;: {
        &quot;Precincts&quot;: &quot;Capital Hill&quot;,
        &quot;Quickbase_Status&quot;: &quot;Completed&quot;,
        &quot;QBRecordID&quot;: 0,
        &quot;Third_Party_Dependant_For_Conne&quot;: null,
        &quot;Latitude&quot;: -26.00776963,
        &quot;Longitude&quot;: 28.13137843
      }
    },
    {
      &quot;attributes&quot;: {
        &quot;Precincts&quot;: &quot;Capital Hill&quot;,
        &quot;Quickbase_Status&quot;: &quot;Completed&quot;,
        &quot;QBRecordID&quot;: 0,
        &quot;Third_Party_Dependant_For_Conne&quot;: null,
        &quot;Latitude&quot;: -26.00941102,
        &quot;Longitude&quot;: 28.13239417
      }
    },
    {
      &quot;attributes&quot;: {
        &quot;Precincts&quot;: &quot;Capital Hill&quot;,
        &quot;Quickbase_Status&quot;: &quot;Completed&quot;,
        &quot;QBRecordID&quot;: 0,
        &quot;Third_Party_Dependant_For_Conne&quot;: null,
        &quot;Latitude&quot;: -26.00893603,
        &quot;Longitude&quot;: 28.13237363
      }
    },
    {
      &quot;attributes&quot;: {
        &quot;Precincts&quot;: &quot;Richards Drive&quot;,
        &quot;Quickbase_Status&quot;: &quot;Completed&quot;,
        &quot;QBRecordID&quot;: 0,
        &quot;Third_Party_Dependant_For_Conne&quot;: null,
        &quot;Latitude&quot;: -26.01465463,
        &quot;Longitude&quot;: 28.12044844
      }
    },
    {
      &quot;attributes&quot;: {
        &quot;Precincts&quot;: &quot;Capital Hill&quot;,
        &quot;Quickbase_Status&quot;: &quot;Completed&quot;,
        &quot;QBRecordID&quot;: 0,
        &quot;Third_Party_Dependant_For_Conne&quot;: null,
        &quot;Latitude&quot;: -26.01426832,
        &quot;Longitude&quot;: 28.1295706
      }
    },
    {
      &quot;attributes&quot;: {
        &quot;Precincts&quot;: &quot;Capital Hill&quot;,
        &quot;Quickbase_Status&quot;: &quot;Completed&quot;,
        &quot;QBRecordID&quot;: 0,
        &quot;Third_Party_Dependant_For_Conne&quot;: null,
        &quot;Latitude&quot;: -26.01456013,
        &quot;Longitude&quot;: 28.12949093
      }
    },
    {
      &quot;attributes&quot;: {
        &quot;Precincts&quot;: &quot;Capital Hill&quot;,
        &quot;Quickbase_Status&quot;: &quot;Completed&quot;,
        &quot;QBRecordID&quot;: 0,
        &quot;Third_Party_Dependant_For_Conne&quot;: null,
        &quot;Latitude&quot;: -26.0144878,
        &quot;Longitude&quot;: 28.13038445
      }
    },
    {
      &quot;attributes&quot;: {
        &quot;Precincts&quot;: &quot;Capital Hill&quot;,
        &quot;Quickbase_Status&quot;: &quot;Completed&quot;,
        &quot;QBRecordID&quot;: 0,
        &quot;Third_Party_Dependant_For_Conne&quot;: null,
        &quot;Latitude&quot;: -26.01502596,
        &quot;Longitude&quot;: 28.12874113
      }
    },
    {
      &quot;attributes&quot;: {
        &quot;Precincts&quot;: &quot;Bauhania Street&quot;,
        &quot;Quickbase_Status&quot;: &quot;Completed&quot;,
        &quot;QBRecordID&quot;: 0,
        &quot;Third_Party_Dependant_For_Conne&quot;: null,
        &quot;Latitude&quot;: -25.88868399,
        &quot;Longitude&quot;: 28.18367954
      }
    },
    {
      &quot;attributes&quot;: {
        &quot;Precincts&quot;: &quot;Bauhania Street&quot;,
        &quot;Quickbase_Status&quot;: &quot;Completed&quot;,
        &quot;QBRecordID&quot;: 0,
        &quot;Third_Party_Dependant_For_Conne&quot;: null,
        &quot;Latitude&quot;: -25.89092783,
        &quot;Longitude&quot;: 28.18355392
      }
    },
    {
      &quot;attributes&quot;: {
        &quot;Precincts&quot;: &quot;Bauhania Street&quot;,
        &quot;Quickbase_Status&quot;: &quot;Completed&quot;,
        &quot;QBRecordID&quot;: 0,
        &quot;Third_Party_Dependant_For_Conne&quot;: null,
        &quot;Latitude&quot;: -25.8909001,
        &quot;Longitude&quot;: 28.18346156
      }
    },
    {
      &quot;attributes&quot;: {
        &quot;Precincts&quot;: &quot;Route 21 Office Park&quot;,
        &quot;Quickbase_Status&quot;: &quot;Completed&quot;,
        &quot;QBRecordID&quot;: 0,
        &quot;Third_Party_Dependant_For_Conne&quot;: null,
        &quot;Latitude&quot;: -25.86295274,
        &quot;Longitude&quot;: 28.24456189
      }
    },
    {
      &quot;attributes&quot;: {
        &quot;Precincts&quot;: &quot;Route 21 Office Park&quot;,
        &quot;Quickbase_Status&quot;: &quot;Completed&quot;,
        &quot;QBRecordID&quot;: 0,
        &quot;Third_Party_Dependant_For_Conne&quot;: null,
        &quot;Latitude&quot;: -25.86309551,
        &quot;Longitude&quot;: 28.24438114
      }
    },
    {
      &quot;attributes&quot;: {
        &quot;Precincts&quot;: &quot;Route 21 Office Park&quot;,
        &quot;Quickbase_Status&quot;: &quot;Completed&quot;,
        &quot;QBRecordID&quot;: 0,
        &quot;Third_Party_Dependant_For_Conne&quot;: null,
        &quot;Latitude&quot;: -25.86326562,
        &quot;Longitude&quot;: 28.24441296
      }
    },
    {
      &quot;attributes&quot;: {
        &quot;Precincts&quot;: &quot;Route 21 Office Park&quot;,
        &quot;Quickbase_Status&quot;: &quot;Completed&quot;,
        &quot;QBRecordID&quot;: 0,
        &quot;Third_Party_Dependant_For_Conne&quot;: null,
        &quot;Latitude&quot;: -25.86331997,
        &quot;Longitude&quot;: 28.24406793
      }
    },
    {
      &quot;attributes&quot;: {
        &quot;Precincts&quot;: &quot;George Road&quot;,
        &quot;Quickbase_Status&quot;: &quot;Completed&quot;,
        &quot;QBRecordID&quot;: 102213,
        &quot;Third_Party_Dependant_For_Conne&quot;: null,
        &quot;Latitude&quot;: -25.95280546,
        &quot;Longitude&quot;: 28.14027041
      }
    },
    {
      &quot;attributes&quot;: {
        &quot;Precincts&quot;: &quot;George Road&quot;,
        &quot;Quickbase_Status&quot;: &quot;Completed&quot;,
        &quot;QBRecordID&quot;: 0,
        &quot;Third_Party_Dependant_For_Conne&quot;: null,
        &quot;Latitude&quot;: -25.95790997,
        &quot;Longitude&quot;: 28.13573737
      }
    },
    {
      &quot;attributes&quot;: {
        &quot;Precincts&quot;: &quot;Centurion Gautrain Station&quot;,
        &quot;Quickbase_Status&quot;: &quot;Completed&quot;,
        &quot;QBRecordID&quot;: 0,
        &quot;Third_Party_Dependant_For_Conne&quot;: null,
        &quot;Latitude&quot;: -25.85023252,
        &quot;Longitude&quot;: 28.2506783
      }
    },
    {
      &quot;attributes&quot;: {
        &quot;Precincts&quot;: &quot;George Road&quot;,
        &quot;Quickbase_Status&quot;: &quot;Completed&quot;,
        &quot;QBRecordID&quot;: 0,
        &quot;Third_Party_Dependant_For_Conne&quot;: null,
        &quot;Latitude&quot;: -25.96053944,
        &quot;Longitude&quot;: 28.14187386
      }
    },
    {
      &quot;attributes&quot;: {
        &quot;Precincts&quot;: &quot;George Road&quot;,
        &quot;Quickbase_Status&quot;: &quot;Completed&quot;,
        &quot;QBRecordID&quot;: 0,
        &quot;Third_Party_Dependant_For_Conne&quot;: null,
        &quot;Latitude&quot;: -25.96079759,
        &quot;Longitude&quot;: 28.1406396
      }
    },
    {
      &quot;attributes&quot;: {
        &quot;Precincts&quot;: &quot;George Road&quot;,
        &quot;Quickbase_Status&quot;: &quot;Completed&quot;,
        &quot;QBRecordID&quot;: 0,
        &quot;Third_Party_Dependant_For_Conne&quot;: null,
        &quot;Latitude&quot;: -25.96088872,
        &quot;Longitude&quot;: 28.14060428
      }
    },
    {
      &quot;attributes&quot;: {
        &quot;Precincts&quot;: &quot;Capital Hill&quot;,
        &quot;Quickbase_Status&quot;: &quot;Completed&quot;,
        &quot;QBRecordID&quot;: 0,
        &quot;Third_Party_Dependant_For_Conne&quot;: null,
        &quot;Latitude&quot;: -26.00856718,
        &quot;Longitude&quot;: 28.12951269
      }
    },
    {
      &quot;attributes&quot;: {
        &quot;Precincts&quot;: &quot;Highveld Technopark&quot;,
        &quot;Quickbase_Status&quot;: &quot;Completed&quot;,
        &quot;QBRecordID&quot;: 0,
        &quot;Third_Party_Dependant_For_Conne&quot;: null,
        &quot;Latitude&quot;: -25.87735123,
        &quot;Longitude&quot;: 28.18095604
      }
    },
    {
      &quot;attributes&quot;: {
        &quot;Precincts&quot;: &quot;Central Park&quot;,
        &quot;Quickbase_Status&quot;: &quot;Completed&quot;,
        &quot;QBRecordID&quot;: 0,
        &quot;Third_Party_Dependant_For_Conne&quot;: null,
        &quot;Latitude&quot;: -25.97545639,
        &quot;Longitude&quot;: 28.13215678
      }
    },
    {
      &quot;attributes&quot;: {
        &quot;Precincts&quot;: &quot;Capital Hill&quot;,
        &quot;Quickbase_Status&quot;: &quot;Completed&quot;,
        &quot;QBRecordID&quot;: 0,
        &quot;Third_Party_Dependant_For_Conne&quot;: null,
        &quot;Latitude&quot;: -26.00932781,
        &quot;Longitude&quot;: 28.12880907
      }
    },
    {
      &quot;attributes&quot;: {
        &quot;Precincts&quot;: &quot;Witch-Hazel&quot;,
        &quot;Quickbase_Status&quot;: &quot;Completed&quot;,
        &quot;QBRecordID&quot;: 0,
        &quot;Third_Party_Dependant_For_Conne&quot;: null,
        &quot;Latitude&quot;: -25.87285919,
        &quot;Longitude&quot;: 28.18396386
      }
    },
    {
      &quot;attributes&quot;: {
        &quot;Precincts&quot;: &quot;Bauhania Street&quot;,
        &quot;Quickbase_Status&quot;: &quot;Completed&quot;,
        &quot;QBRecordID&quot;: 0,
        &quot;Third_Party_Dependant_For_Conne&quot;: null,
        &quot;Latitude&quot;: -25.87796231,
        &quot;Longitude&quot;: 28.18283871
      }
    },
    {
      &quot;attributes&quot;: {
        &quot;Precincts&quot;: &quot;Central Park&quot;,
        &quot;Quickbase_Status&quot;: &quot;Completed&quot;,
        &quot;QBRecordID&quot;: 0,
        &quot;Third_Party_Dependant_For_Conne&quot;: null,
        &quot;Latitude&quot;: -25.97536878,
        &quot;Longitude&quot;: 28.13314037
      }
    },
    {
      &quot;attributes&quot;: {
        &quot;Precincts&quot;: &quot;Richards Drive&quot;,
        &quot;Quickbase_Status&quot;: &quot;Completed&quot;,
        &quot;QBRecordID&quot;: 0,
        &quot;Third_Party_Dependant_For_Conne&quot;: null,
        &quot;Latitude&quot;: -26.02367994,
        &quot;Longitude&quot;: 28.12087058
      }
    },
    {
      &quot;attributes&quot;: {
        &quot;Precincts&quot;: &quot;Witch-Hazel&quot;,
        &quot;Quickbase_Status&quot;: &quot;Completed&quot;,
        &quot;QBRecordID&quot;: 0,
        &quot;Third_Party_Dependant_For_Conne&quot;: null,
        &quot;Latitude&quot;: -25.87418733,
        &quot;Longitude&quot;: 28.18058696
      }
    },
    {
      &quot;attributes&quot;: {
        &quot;Precincts&quot;: &quot;Witch-Hazel&quot;,
        &quot;Quickbase_Status&quot;: &quot;Completed&quot;,
        &quot;QBRecordID&quot;: 0,
        &quot;Third_Party_Dependant_For_Conne&quot;: null,
        &quot;Latitude&quot;: -25.86765413,
        &quot;Longitude&quot;: 28.18554544
      }
    },
    {
      &quot;attributes&quot;: {
        &quot;Precincts&quot;: &quot;Saddle Drive&quot;,
        &quot;Quickbase_Status&quot;: &quot;Completed&quot;,
        &quot;QBRecordID&quot;: 81960,
        &quot;Third_Party_Dependant_For_Conne&quot;: null,
        &quot;Latitude&quot;: -26.08831936,
        &quot;Longitude&quot;: 28.00645978
      }
    },
    {
      &quot;attributes&quot;: {
        &quot;Precincts&quot;: &quot;Riverhorse Road&quot;,
        &quot;Quickbase_Status&quot;: &quot;Completed&quot;,
        &quot;QBRecordID&quot;: 101179,
        &quot;Third_Party_Dependant_For_Conne&quot;: null,
        &quot;Latitude&quot;: -29.77594027,
        &quot;Longitude&quot;: 30.99346677
      }
    },
    {
      &quot;attributes&quot;: {
        &quot;Precincts&quot;: &quot;Tyger Waterfront&quot;,
        &quot;Quickbase_Status&quot;: &quot;Completed&quot;,
        &quot;QBRecordID&quot;: 8662,
        &quot;Third_Party_Dependant_For_Conne&quot;: null,
        &quot;Latitude&quot;: -33.87584743,
        &quot;Longitude&quot;: 18.62856925
      }
    },
    {
      &quot;attributes&quot;: {
        &quot;Precincts&quot;: &quot;Tyger Waterfront&quot;,
        &quot;Quickbase_Status&quot;: &quot;Completed&quot;,
        &quot;QBRecordID&quot;: 8669,
        &quot;Third_Party_Dependant_For_Conne&quot;: null,
        &quot;Latitude&quot;: -33.87800403,
        &quot;Longitude&quot;: 18.63058847
      }
    },
    {
      &quot;attributes&quot;: {
        &quot;Precincts&quot;: &quot;Tyger Waterfront&quot;,
        &quot;Quickbase_Status&quot;: &quot;Completed&quot;,
        &quot;QBRecordID&quot;: 8671,
        &quot;Third_Party_Dependant_For_Conne&quot;: null,
        &quot;Latitude&quot;: -33.87679631,
        &quot;Longitude&quot;: 18.62961877
      }
    },
    {
      &quot;attributes&quot;: {
        &quot;Precincts&quot;: &quot;Tyger Waterfront&quot;,
        &quot;Quickbase_Status&quot;: &quot;Completed&quot;,
        &quot;QBRecordID&quot;: 8672,
        &quot;Third_Party_Dependant_For_Conne&quot;: null,
        &quot;Latitude&quot;: -33.8769451,
        &quot;Longitude&quot;: 18.63026007
      }
    },
    {
      &quot;attributes&quot;: {
        &quot;Precincts&quot;: &quot;Sandton Phase 2&quot;,
        &quot;Quickbase_Status&quot;: &quot;Completed&quot;,
        &quot;QBRecordID&quot;: 2959,
        &quot;Third_Party_Dependant_For_Conne&quot;: null,
        &quot;Latitude&quot;: -26.103842,
        &quot;Longitude&quot;: 28.047768
      }
    },
    {
      &quot;attributes&quot;: {
        &quot;Precincts&quot;: &quot;CPT CBD Phase 01&quot;,
        &quot;Quickbase_Status&quot;: &quot;Completed&quot;,
        &quot;QBRecordID&quot;: 82213,
        &quot;Third_Party_Dependant_For_Conne&quot;: null,
        &quot;Latitude&quot;: -33.89570273,
        &quot;Longitude&quot;: 18.48253131
      }
    },
    {
      &quot;attributes&quot;: {
        &quot;Precincts&quot;: &quot;CPT CBD Phase 01&quot;,
        &quot;Quickbase_Status&quot;: &quot;Completed&quot;,
        &quot;QBRecordID&quot;: 3075,
        &quot;Third_Party_Dependant_For_Conne&quot;: null,
        &quot;Latitude&quot;: -33.91876217,
        &quot;Longitude&quot;: 18.42576127
      }
    },
    {
      &quot;attributes&quot;: {
        &quot;Precincts&quot;: &quot;CPT CBD Phase 01&quot;,
        &quot;Quickbase_Status&quot;: &quot;Completed&quot;,
        &quot;QBRecordID&quot;: 3076,
        &quot;Third_Party_Dependant_For_Conne&quot;: null,
        &quot;Latitude&quot;: -33.91899393,
        &quot;Longitude&quot;: 18.42551952
      }
    },
    {
      &quot;attributes&quot;: {
        &quot;Precincts&quot;: &quot;Woodlands Office Park&quot;,
        &quot;Quickbase_Status&quot;: &quot;Completed&quot;,
        &quot;QBRecordID&quot;: 1684,
        &quot;Third_Party_Dependant_For_Conne&quot;: null,
        &quot;Latitude&quot;: -26.0627656,
        &quot;Longitude&quot;: 28.08456251
      }
    },
    {
      &quot;attributes&quot;: {
        &quot;Precincts&quot;: &quot;Burnside Office Park&quot;,
        &quot;Quickbase_Status&quot;: &quot;Completed&quot;,
        &quot;QBRecordID&quot;: 3439,
        &quot;Third_Party_Dependant_For_Conne&quot;: null,
        &quot;Latitude&quot;: -26.11263474,
        &quot;Longitude&quot;: 28.02043052
      }
    },
    {
      &quot;attributes&quot;: {
        &quot;Precincts&quot;: &quot;Burnside Office Park&quot;,
        &quot;Quickbase_Status&quot;: &quot;Completed&quot;,
        &quot;QBRecordID&quot;: 2930,
        &quot;Third_Party_Dependant_For_Conne&quot;: null,
        &quot;Latitude&quot;: -26.1149579,
        &quot;Longitude&quot;: 28.02249751
      }
    },
    {
      &quot;attributes&quot;: {
        &quot;Precincts&quot;: &quot;Bruma Lake&quot;,
        &quot;Quickbase_Status&quot;: &quot;Completed&quot;,
        &quot;QBRecordID&quot;: 1542,
        &quot;Third_Party_Dependant_For_Conne&quot;: null,
        &quot;Latitude&quot;: -26.17906073,
        &quot;Longitude&quot;: 28.11193131
      }
    },
    {
      &quot;attributes&quot;: {
        &quot;Precincts&quot;: &quot;Bruma Lake&quot;,
        &quot;Quickbase_Status&quot;: &quot;Completed&quot;,
        &quot;QBRecordID&quot;: 3977,
        &quot;Third_Party_Dependant_For_Conne&quot;: null,
        &quot;Latitude&quot;: -26.18287079,
        &quot;Longitude&quot;: 28.10617711
      }
    },
    {
      &quot;attributes&quot;: {
        &quot;Precincts&quot;: &quot;Charles Crescent&quot;,
        &quot;Quickbase_Status&quot;: &quot;Completed&quot;,
        &quot;QBRecordID&quot;: 946,
        &quot;Third_Party_Dependant_For_Conne&quot;: null,
        &quot;Latitude&quot;: -26.09648235,
        &quot;Longitude&quot;: 28.08171599
      }
    },
    {
      &quot;attributes&quot;: {
        &quot;Precincts&quot;: &quot;Charles Crescent&quot;,
        &quot;Quickbase_Status&quot;: &quot;Completed&quot;,
        &quot;QBRecordID&quot;: 1745,
        &quot;Third_Party_Dependant_For_Conne&quot;: null,
        &quot;Latitude&quot;: -26.09499857,
        &quot;Longitude&quot;: 28.08337368
      }
    },
    {
      &quot;attributes&quot;: {
        &quot;Precincts&quot;: &quot;Charles Crescent&quot;,
        &quot;Quickbase_Status&quot;: &quot;Completed&quot;,
        &quot;QBRecordID&quot;: 1349,
        &quot;Third_Party_Dependant_For_Conne&quot;: null,
        &quot;Latitude&quot;: -26.09684237,
        &quot;Longitude&quot;: 28.08120497
      }
    },
    {
      &quot;attributes&quot;: {
        &quot;Precincts&quot;: &quot;Charles Crescent&quot;,
        &quot;Quickbase_Status&quot;: &quot;Completed&quot;,
        &quot;QBRecordID&quot;: 945,
        &quot;Third_Party_Dependant_For_Conne&quot;: null,
        &quot;Latitude&quot;: -26.09826121,
        &quot;Longitude&quot;: 28.07758403
      }
    },
    {
      &quot;attributes&quot;: {
        &quot;Precincts&quot;: &quot;Charles Crescent&quot;,
        &quot;Quickbase_Status&quot;: &quot;Completed&quot;,
        &quot;QBRecordID&quot;: 1319,
        &quot;Third_Party_Dependant_For_Conne&quot;: null,
        &quot;Latitude&quot;: -26.09802577,
        &quot;Longitude&quot;: 28.07837908
      }
    },
    {
      &quot;attributes&quot;: {
        &quot;Precincts&quot;: &quot;Central Street&quot;,
        &quot;Quickbase_Status&quot;: &quot;Completed&quot;,
        &quot;QBRecordID&quot;: 855,
        &quot;Third_Party_Dependant_For_Conne&quot;: null,
        &quot;Latitude&quot;: -26.15268484,
        &quot;Longitude&quot;: 28.05827125
      }
    },
    {
      &quot;attributes&quot;: {
        &quot;Precincts&quot;: &quot;George Road&quot;,
        &quot;Quickbase_Status&quot;: &quot;Completed&quot;,
        &quot;QBRecordID&quot;: 6766,
        &quot;Third_Party_Dependant_For_Conne&quot;: null,
        &quot;Latitude&quot;: -25.96620368,
        &quot;Longitude&quot;: 28.13156203
      }
    },
    {
      &quot;attributes&quot;: {
        &quot;Precincts&quot;: &quot;George Road&quot;,
        &quot;Quickbase_Status&quot;: &quot;Completed&quot;,
        &quot;QBRecordID&quot;: 1287,
        &quot;Third_Party_Dependant_For_Conne&quot;: null,
        &quot;Latitude&quot;: -25.96545156,
        &quot;Longitude&quot;: 28.1332447
      }
    },
    {
      &quot;attributes&quot;: {
        &quot;Precincts&quot;: &quot;Arden Grove&quot;,
        &quot;Quickbase_Status&quot;: &quot;Completed&quot;,
        &quot;QBRecordID&quot;: 1608,
        &quot;Third_Party_Dependant_For_Conne&quot;: null,
        &quot;Latitude&quot;: -33.86506088,
        &quot;Longitude&quot;: 18.51292104
      }
    },
    {
      &quot;attributes&quot;: {
        &quot;Precincts&quot;: &quot;Arden Grove&quot;,
        &quot;Quickbase_Status&quot;: &quot;Completed&quot;,
        &quot;QBRecordID&quot;: 3159,
        &quot;Third_Party_Dependant_For_Conne&quot;: null,
        &quot;Latitude&quot;: -33.86571169,
        &quot;Longitude&quot;: 18.51233888
      }
    },
    {
      &quot;attributes&quot;: {
        &quot;Precincts&quot;: &quot;George Road&quot;,
        &quot;Quickbase_Status&quot;: &quot;Completed&quot;,
        &quot;QBRecordID&quot;: 1012,
        &quot;Third_Party_Dependant_For_Conne&quot;: null,
        &quot;Latitude&quot;: -25.96691717,
        &quot;Longitude&quot;: 28.13536735
      }
    },
    {
      &quot;attributes&quot;: {
        &quot;Precincts&quot;: &quot;George Road&quot;,
        &quot;Quickbase_Status&quot;: &quot;Completed&quot;,
        &quot;QBRecordID&quot;: 1744,
        &quot;Third_Party_Dependant_For_Conne&quot;: null,
        &quot;Latitude&quot;: -25.96729995,
        &quot;Longitude&quot;: 28.13574196
      }
    },
    {
      &quot;attributes&quot;: {
        &quot;Precincts&quot;: &quot;George Road&quot;,
        &quot;Quickbase_Status&quot;: &quot;Completed&quot;,
        &quot;QBRecordID&quot;: 1737,
        &quot;Third_Party_Dependant_For_Conne&quot;: null,
        &quot;Latitude&quot;: -25.9571973,
        &quot;Longitude&quot;: 28.13523366
      }
    },
    {
      &quot;attributes&quot;: {
        &quot;Precincts&quot;: &quot;George Road&quot;,
        &quot;Quickbase_Status&quot;: &quot;Completed&quot;,
        &quot;QBRecordID&quot;: 1736,
        &quot;Third_Party_Dependant_For_Conne&quot;: null,
        &quot;Latitude&quot;: -25.95741396,
        &quot;Longitude&quot;: 28.13518406
      }
    },
    {
      &quot;attributes&quot;: {
        &quot;Precincts&quot;: &quot;Arden Grove&quot;,
        &quot;Quickbase_Status&quot;: &quot;Completed&quot;,
        &quot;QBRecordID&quot;: 1586,
        &quot;Third_Party_Dependant_For_Conne&quot;: null,
        &quot;Latitude&quot;: -33.86700338,
        &quot;Longitude&quot;: 18.51350224
      }
    },
    {
      &quot;attributes&quot;: {
        &quot;Precincts&quot;: &quot;Arden Grove&quot;,
        &quot;Quickbase_Status&quot;: &quot;Completed&quot;,
        &quot;QBRecordID&quot;: 1574,
        &quot;Third_Party_Dependant_For_Conne&quot;: null,
        &quot;Latitude&quot;: -33.86545686,
        &quot;Longitude&quot;: 18.51421051
      }
    },
    {
      &quot;attributes&quot;: {
        &quot;Precincts&quot;: &quot;Arden Grove&quot;,
        &quot;Quickbase_Status&quot;: &quot;Completed&quot;,
        &quot;QBRecordID&quot;: 3543,
        &quot;Third_Party_Dependant_For_Conne&quot;: null,
        &quot;Latitude&quot;: -33.86272411,
        &quot;Longitude&quot;: 18.51395671
      }
    },
    {
      &quot;attributes&quot;: {
        &quot;Precincts&quot;: &quot;Arden Grove&quot;,
        &quot;Quickbase_Status&quot;: &quot;Completed&quot;,
        &quot;QBRecordID&quot;: 3537,
        &quot;Third_Party_Dependant_For_Conne&quot;: null,
        &quot;Latitude&quot;: -33.86241408,
        &quot;Longitude&quot;: 18.51356853
      }
    },
    {
      &quot;attributes&quot;: {
        &quot;Precincts&quot;: &quot;Arden Grove&quot;,
        &quot;Quickbase_Status&quot;: &quot;Completed&quot;,
        &quot;QBRecordID&quot;: 16917,
        &quot;Third_Party_Dependant_For_Conne&quot;: null,
        &quot;Latitude&quot;: -33.86819672,
        &quot;Longitude&quot;: 18.51338728
      }
    },
    {
      &quot;attributes&quot;: {
        &quot;Precincts&quot;: &quot;Arden Grove&quot;,
        &quot;Quickbase_Status&quot;: &quot;Completed&quot;,
        &quot;QBRecordID&quot;: 1592,
        &quot;Third_Party_Dependant_For_Conne&quot;: null,
        &quot;Latitude&quot;: -33.86703447,
        &quot;Longitude&quot;: 18.51247711
      }
    },
    {
      &quot;attributes&quot;: {
        &quot;Precincts&quot;: &quot;Richards Drive&quot;,
        &quot;Quickbase_Status&quot;: &quot;Completed&quot;,
        &quot;QBRecordID&quot;: 2440,
        &quot;Third_Party_Dependant_For_Conne&quot;: null,
        &quot;Latitude&quot;: -26.01194315,
        &quot;Longitude&quot;: 28.12402305
      }
    },
    {
      &quot;attributes&quot;: {
        &quot;Precincts&quot;: &quot;Hyde Park&quot;,
        &quot;Quickbase_Status&quot;: &quot;Completed&quot;,
        &quot;QBRecordID&quot;: 1929,
        &quot;Third_Party_Dependant_For_Conne&quot;: null,
        &quot;Latitude&quot;: -26.11780366,
        &quot;Longitude&quot;: 28.03158057
      }
    },
    {
      &quot;attributes&quot;: {
        &quot;Precincts&quot;: &quot;Hyde Park&quot;,
        &quot;Quickbase_Status&quot;: &quot;Completed&quot;,
        &quot;QBRecordID&quot;: 1928,
        &quot;Third_Party_Dependant_For_Conne&quot;: null,
        &quot;Latitude&quot;: -26.11829011,
        &quot;Longitude&quot;: 28.0315784
      }
    },
    {
      &quot;attributes&quot;: {
        &quot;Precincts&quot;: &quot;Central Park&quot;,
        &quot;Quickbase_Status&quot;: &quot;Completed&quot;,
        &quot;QBRecordID&quot;: 1525,
        &quot;Third_Party_Dependant_For_Conne&quot;: null,
        &quot;Latitude&quot;: -25.97608523,
        &quot;Longitude&quot;: 28.13297256
      }
    },
    {
      &quot;attributes&quot;: {
        &quot;Precincts&quot;: &quot;Central Park&quot;,
        &quot;Quickbase_Status&quot;: &quot;Completed&quot;,
        &quot;QBRecordID&quot;: 4014,
        &quot;Third_Party_Dependant_For_Conne&quot;: null,
        &quot;Latitude&quot;: -25.97590923,
        &quot;Longitude&quot;: 28.1327808
      }
    },
    {
      &quot;attributes&quot;: {
        &quot;Precincts&quot;: &quot;Central Park&quot;,
        &quot;Quickbase_Status&quot;: &quot;Completed&quot;,
        &quot;QBRecordID&quot;: 940,
        &quot;Third_Party_Dependant_For_Conne&quot;: null,
        &quot;Latitude&quot;: -25.9759605,
        &quot;Longitude&quot;: 28.13415487
      }
    },
    {
      &quot;attributes&quot;: {
        &quot;Precincts&quot;: &quot;Central Park&quot;,
        &quot;Quickbase_Status&quot;: &quot;Completed&quot;,
        &quot;QBRecordID&quot;: 1523,
        &quot;Third_Party_Dependant_For_Conne&quot;: null,
        &quot;Latitude&quot;: -25.9757042,
        &quot;Longitude&quot;: 28.13343987
      }
    },
    {
      &quot;attributes&quot;: {
        &quot;Precincts&quot;: &quot;Sandton Phase 2&quot;,
        &quot;Quickbase_Status&quot;: &quot;Completed&quot;,
        &quot;QBRecordID&quot;: 4029,
        &quot;Third_Party_Dependant_For_Conne&quot;: null,
        &quot;Latitude&quot;: -26.10412713,
        &quot;Longitude&quot;: 28.05611301
      }
    },
    {
      &quot;attributes&quot;: {
        &quot;Precincts&quot;: &quot;Wierda Road&quot;,
        &quot;Quickbase_Status&quot;: &quot;Completed&quot;,
        &quot;QBRecordID&quot;: 820,
        &quot;Third_Party_Dependant_For_Conne&quot;: null,
        &quot;Latitude&quot;: -26.10914908,
        &quot;Longitude&quot;: 28.05746869
      }
    },
    {
      &quot;attributes&quot;: {
        &quot;Precincts&quot;: &quot;Central Park&quot;,
        &quot;Quickbase_Status&quot;: &quot;Completed&quot;,
        &quot;QBRecordID&quot;: 4020,
        &quot;Third_Party_Dependant_For_Conne&quot;: null,
        &quot;Latitude&quot;: -25.97593884,
        &quot;Longitude&quot;: 28.1337684
      }
    },
    {
      &quot;attributes&quot;: {
        &quot;Precincts&quot;: &quot;Central Park&quot;,
        &quot;Quickbase_Status&quot;: &quot;Completed&quot;,
        &quot;QBRecordID&quot;: 4018,
        &quot;Third_Party_Dependant_For_Conne&quot;: null,
        &quot;Latitude&quot;: -25.97626417,
        &quot;Longitude&quot;: 28.13358238
      }
    },
    {
      &quot;attributes&quot;: {
        &quot;Precincts&quot;: &quot;Bryanston Extension&quot;,
        &quot;Quickbase_Status&quot;: &quot;Completed&quot;,
        &quot;QBRecordID&quot;: 2251,
        &quot;Third_Party_Dependant_For_Conne&quot;: null,
        &quot;Latitude&quot;: -26.04435874,
        &quot;Longitude&quot;: 28.01495941
      }
    },
    {
      &quot;attributes&quot;: {
        &quot;Precincts&quot;: &quot;Bryanston Extension&quot;,
        &quot;Quickbase_Status&quot;: &quot;Completed&quot;,
        &quot;QBRecordID&quot;: 1903,
        &quot;Third_Party_Dependant_For_Conne&quot;: null,
        &quot;Latitude&quot;: -26.04025949,
        &quot;Longitude&quot;: 28.01238806
      }
    },
    {
      &quot;attributes&quot;: {
        &quot;Precincts&quot;: &quot;Bryanston Extension&quot;,
        &quot;Quickbase_Status&quot;: &quot;Completed&quot;,
        &quot;QBRecordID&quot;: 1899,
        &quot;Third_Party_Dependant_For_Conne&quot;: null,
        &quot;Latitude&quot;: -26.04049698,
        &quot;Longitude&quot;: 28.0109505
      }
    },
    {
      &quot;attributes&quot;: {
        &quot;Precincts&quot;: &quot;Bryanston Extension&quot;,
        &quot;Quickbase_Status&quot;: &quot;Completed&quot;,
        &quot;QBRecordID&quot;: 1920,
        &quot;Third_Party_Dependant_For_Conne&quot;: null,
        &quot;Latitude&quot;: -26.04922007,
        &quot;Longitude&quot;: 28.02015477
      }
    },
    {
      &quot;attributes&quot;: {
        &quot;Precincts&quot;: &quot;Morningside&quot;,
        &quot;Quickbase_Status&quot;: &quot;Completed&quot;,
        &quot;QBRecordID&quot;: 1154,
        &quot;Third_Party_Dependant_For_Conne&quot;: null,
        &quot;Latitude&quot;: -26.08054121,
        &quot;Longitude&quot;: 28.06292872
      }
    },
    {
      &quot;attributes&quot;: {
        &quot;Precincts&quot;: &quot;Tygervalley&quot;,
        &quot;Quickbase_Status&quot;: &quot;Completed&quot;,
        &quot;QBRecordID&quot;: 2589,
        &quot;Third_Party_Dependant_For_Conne&quot;: null,
        &quot;Latitude&quot;: -33.87896662,
        &quot;Longitude&quot;: 18.63633516
      }
    },
    {
      &quot;attributes&quot;: {
        &quot;Precincts&quot;: &quot;Sandton Phase 2&quot;,
        &quot;Quickbase_Status&quot;: &quot;Completed&quot;,
        &quot;QBRecordID&quot;: 3521,
        &quot;Third_Party_Dependant_For_Conne&quot;: null,
        &quot;Latitude&quot;: -26.10337333,
        &quot;Longitude&quot;: 28.05018441
      }
    },
    {
      &quot;attributes&quot;: {
        &quot;Precincts&quot;: &quot;Empire Road&quot;,
        &quot;Quickbase_Status&quot;: &quot;Completed&quot;,
        &quot;QBRecordID&quot;: 2480,
        &quot;Third_Party_Dependant_For_Conne&quot;: null,
        &quot;Latitude&quot;: -26.18347916,
        &quot;Longitude&quot;: 28.02259458
      }
    },
    {
      &quot;attributes&quot;: {
        &quot;Precincts&quot;: &quot;George Road&quot;,
        &quot;Quickbase_Status&quot;: &quot;Completed&quot;,
        &quot;QBRecordID&quot;: 1770,
        &quot;Third_Party_Dependant_For_Conne&quot;: null,
        &quot;Latitude&quot;: -25.97483437,
        &quot;Longitude&quot;: 28.1305857
      }
    },
    {
      &quot;attributes&quot;: {
        &quot;Precincts&quot;: &quot;Sandton Phase 3&quot;,
        &quot;Quickbase_Status&quot;: &quot;Completed&quot;,
        &quot;QBRecordID&quot;: 2945,
        &quot;Third_Party_Dependant_For_Conne&quot;: null,
        &quot;Latitude&quot;: -26.10631738,
        &quot;Longitude&quot;: 28.05698373
      }
    },
    {
      &quot;attributes&quot;: {
        &quot;Precincts&quot;: &quot;Hyde Park&quot;,
        &quot;Quickbase_Status&quot;: &quot;Completed&quot;,
        &quot;QBRecordID&quot;: 1939,
        &quot;Third_Party_Dependant_For_Conne&quot;: null,
        &quot;Latitude&quot;: -26.12135679,
        &quot;Longitude&quot;: 28.03037867
      }
    },
    {
      &quot;attributes&quot;: {
        &quot;Precincts&quot;: &quot;Hyde Park&quot;,
        &quot;Quickbase_Status&quot;: &quot;Completed&quot;,
        &quot;QBRecordID&quot;: 1942,
        &quot;Third_Party_Dependant_For_Conne&quot;: null,
        &quot;Latitude&quot;: -26.12170044,
        &quot;Longitude&quot;: 28.03072471
      }
    },
    {
      &quot;attributes&quot;: {
        &quot;Precincts&quot;: &quot;Witch-Hazel&quot;,
        &quot;Quickbase_Status&quot;: &quot;Completed&quot;,
        &quot;QBRecordID&quot;: 1276,
        &quot;Third_Party_Dependant_For_Conne&quot;: null,
        &quot;Latitude&quot;: -25.87352198,
        &quot;Longitude&quot;: 28.18347891
      }
    },
    {
      &quot;attributes&quot;: {
        &quot;Precincts&quot;: &quot;Witch-Hazel&quot;,
        &quot;Quickbase_Status&quot;: &quot;Completed&quot;,
        &quot;QBRecordID&quot;: 1728,
        &quot;Third_Party_Dependant_For_Conne&quot;: null,
        &quot;Latitude&quot;: -25.87506027,
        &quot;Longitude&quot;: 28.18180083
      }
    },
    {
      &quot;attributes&quot;: {
        &quot;Precincts&quot;: &quot;Witch-Hazel&quot;,
        &quot;Quickbase_Status&quot;: &quot;Completed&quot;,
        &quot;QBRecordID&quot;: 3905,
        &quot;Third_Party_Dependant_For_Conne&quot;: null,
        &quot;Latitude&quot;: -25.8744383,
        &quot;Longitude&quot;: 28.18206637
      }
    },
    {
      &quot;attributes&quot;: {
        &quot;Precincts&quot;: &quot;Witch-Hazel&quot;,
        &quot;Quickbase_Status&quot;: &quot;Completed&quot;,
        &quot;QBRecordID&quot;: 1253,
        &quot;Third_Party_Dependant_For_Conne&quot;: null,
        &quot;Latitude&quot;: -25.8710551,
        &quot;Longitude&quot;: 28.18805263
      }
    },
    {
      &quot;attributes&quot;: {
        &quot;Precincts&quot;: &quot;Tygervalley&quot;,
        &quot;Quickbase_Status&quot;: &quot;Completed&quot;,
        &quot;QBRecordID&quot;: 2605,
        &quot;Third_Party_Dependant_For_Conne&quot;: null,
        &quot;Latitude&quot;: -33.87872677,
        &quot;Longitude&quot;: 18.63453731
      }
    },
    {
      &quot;attributes&quot;: {
        &quot;Precincts&quot;: &quot;Witch-Hazel&quot;,
        &quot;Quickbase_Status&quot;: &quot;Completed&quot;,
        &quot;QBRecordID&quot;: 1254,
        &quot;Third_Party_Dependant_For_Conne&quot;: null,
        &quot;Latitude&quot;: -25.87079378,
        &quot;Longitude&quot;: 28.18731667
      }
    },
    {
      &quot;attributes&quot;: {
        &quot;Precincts&quot;: &quot;Tygervalley&quot;,
        &quot;Quickbase_Status&quot;: &quot;Completed&quot;,
        &quot;QBRecordID&quot;: 2594,
        &quot;Third_Party_Dependant_For_Conne&quot;: null,
        &quot;Latitude&quot;: -33.8775649,
        &quot;Longitude&quot;: 18.63538095
      }
    },
    {
      &quot;attributes&quot;: {
        &quot;Precincts&quot;: &quot;Westlake&quot;,
        &quot;Quickbase_Status&quot;: &quot;Completed&quot;,
        &quot;QBRecordID&quot;: 1806,
        &quot;Third_Party_Dependant_For_Conne&quot;: null,
        &quot;Latitude&quot;: -34.07732006,
        &quot;Longitude&quot;: 18.43494398
      }
    },
    {
      &quot;attributes&quot;: {
        &quot;Precincts&quot;: &quot;Westlake&quot;,
        &quot;Quickbase_Status&quot;: &quot;Completed&quot;,
        &quot;QBRecordID&quot;: 1228,
        &quot;Third_Party_Dependant_For_Conne&quot;: null,
        &quot;Latitude&quot;: -34.07678911,
        &quot;Longitude&quot;: 18.43775946
      }
    },
    {
      &quot;attributes&quot;: {
        &quot;Precincts&quot;: &quot;Rosebank Phase 2&quot;,
        &quot;Quickbase_Status&quot;: &quot;Completed&quot;,
        &quot;QBRecordID&quot;: 2986,
        &quot;Third_Party_Dependant_For_Conne&quot;: null,
        &quot;Latitude&quot;: -26.14604708,
        &quot;Longitude&quot;: 28.03718658
      }
    },
    {
      &quot;attributes&quot;: {
        &quot;Precincts&quot;: &quot;Rosebank Phase 2&quot;,
        &quot;Quickbase_Status&quot;: &quot;Completed&quot;,
        &quot;QBRecordID&quot;: 2969,
        &quot;Third_Party_Dependant_For_Conne&quot;: null,
        &quot;Latitude&quot;: -26.14595863,
        &quot;Longitude&quot;: 28.03738216
      }
    },
    {
      &quot;attributes&quot;: {
        &quot;Precincts&quot;: &quot;Westlake&quot;,
        &quot;Quickbase_Status&quot;: &quot;Completed&quot;,
        &quot;QBRecordID&quot;: 1230,
        &quot;Third_Party_Dependant_For_Conne&quot;: null,
        &quot;Latitude&quot;: -34.07835806,
        &quot;Longitude&quot;: 18.43774299
      }
    },
    {
      &quot;attributes&quot;: {
        &quot;Precincts&quot;: &quot;Westlake&quot;,
        &quot;Quickbase_Status&quot;: &quot;Completed&quot;,
        &quot;QBRecordID&quot;: 1819,
        &quot;Third_Party_Dependant_For_Conne&quot;: null,
        &quot;Latitude&quot;: -34.07847959,
        &quot;Longitude&quot;: 18.43796874
      }
    },
    {
      &quot;attributes&quot;: {
        &quot;Precincts&quot;: &quot;Rosebank Phase 2&quot;,
        &quot;Quickbase_Status&quot;: &quot;Completed&quot;,
        &quot;QBRecordID&quot;: 2939,
        &quot;Third_Party_Dependant_For_Conne&quot;: null,
        &quot;Latitude&quot;: -26.14625878,
        &quot;Longitude&quot;: 28.03614469
      }
    },
    {
      &quot;attributes&quot;: {
        &quot;Precincts&quot;: &quot;Rosebank Phase 2&quot;,
        &quot;Quickbase_Status&quot;: &quot;Completed&quot;,
        &quot;QBRecordID&quot;: 3829,
        &quot;Third_Party_Dependant_For_Conne&quot;: null,
        &quot;Latitude&quot;: -26.14616587,
        &quot;Longitude&quot;: 28.03668925
      }
    },
    {
      &quot;attributes&quot;: {
        &quot;Precincts&quot;: &quot;Westlake&quot;,
        &quot;Quickbase_Status&quot;: &quot;Completed&quot;,
        &quot;QBRecordID&quot;: 1236,
        &quot;Third_Party_Dependant_For_Conne&quot;: null,
        &quot;Latitude&quot;: -34.07885816,
        &quot;Longitude&quot;: 18.43901285
      }
    },
    {
      &quot;attributes&quot;: {
        &quot;Precincts&quot;: &quot;Westlake&quot;,
        &quot;Quickbase_Status&quot;: &quot;Completed&quot;,
        &quot;QBRecordID&quot;: 1237,
        &quot;Third_Party_Dependant_For_Conne&quot;: null,
        &quot;Latitude&quot;: -34.07902284,
        &quot;Longitude&quot;: 18.43889908
      }
    },
    {
      &quot;attributes&quot;: {
        &quot;Precincts&quot;: &quot;CPT CBD Phase 02&quot;,
        &quot;Quickbase_Status&quot;: &quot;Completed&quot;,
        &quot;QBRecordID&quot;: 3091,
        &quot;Third_Party_Dependant_For_Conne&quot;: null,
        &quot;Latitude&quot;: -33.91927171,
        &quot;Longitude&quot;: 18.43245044
      }
    },
    {
      &quot;attributes&quot;: {
        &quot;Precincts&quot;: &quot;Steenberg&quot;,
        &quot;Quickbase_Status&quot;: &quot;Completed&quot;,
        &quot;QBRecordID&quot;: 2531,
        &quot;Third_Party_Dependant_For_Conne&quot;: null,
        &quot;Latitude&quot;: -34.08030725,
        &quot;Longitude&quot;: 18.43337434
      }
    },
    {
      &quot;attributes&quot;: {
        &quot;Precincts&quot;: &quot;Steenberg&quot;,
        &quot;Quickbase_Status&quot;: &quot;Completed&quot;,
        &quot;QBRecordID&quot;: 2532,
        &quot;Third_Party_Dependant_For_Conne&quot;: null,
        &quot;Latitude&quot;: -34.0804347,
        &quot;Longitude&quot;: 18.43361971
      }
    },
    {
      &quot;attributes&quot;: {
        &quot;Precincts&quot;: &quot;Wierda Road&quot;,
        &quot;Quickbase_Status&quot;: &quot;Completed&quot;,
        &quot;QBRecordID&quot;: 612,
        &quot;Third_Party_Dependant_For_Conne&quot;: null,
        &quot;Latitude&quot;: -26.11310779,
        &quot;Longitude&quot;: 28.05654196
      }
    },
    {
      &quot;attributes&quot;: {
        &quot;Precincts&quot;: &quot;Wierda Road&quot;,
        &quot;Quickbase_Status&quot;: &quot;Completed&quot;,
        &quot;QBRecordID&quot;: 613,
        &quot;Third_Party_Dependant_For_Conne&quot;: null,
        &quot;Latitude&quot;: -26.11368177,
        &quot;Longitude&quot;: 28.05654604
      }
    },
    {
      &quot;attributes&quot;: {
        &quot;Precincts&quot;: &quot;Wierda Road&quot;,
        &quot;Quickbase_Status&quot;: &quot;Completed&quot;,
        &quot;QBRecordID&quot;: 902,
        &quot;Third_Party_Dependant_For_Conne&quot;: null,
        &quot;Latitude&quot;: -26.11385701,
        &quot;Longitude&quot;: 28.0594302
      }
    },
    {
      &quot;attributes&quot;: {
        &quot;Precincts&quot;: &quot;Capital Hill&quot;,
        &quot;Quickbase_Status&quot;: &quot;Completed&quot;,
        &quot;QBRecordID&quot;: 2411,
        &quot;Third_Party_Dependant_For_Conne&quot;: null,
        &quot;Latitude&quot;: -26.01305448,
        &quot;Longitude&quot;: 28.12831215
      }
    },
    {
      &quot;attributes&quot;: {
        &quot;Precincts&quot;: &quot;Wierda Road&quot;,
        &quot;Quickbase_Status&quot;: &quot;Completed&quot;,
        &quot;QBRecordID&quot;: 899,
        &quot;Third_Party_Dependant_For_Conne&quot;: null,
        &quot;Latitude&quot;: -26.11284485,
        &quot;Longitude&quot;: 28.05893192
      }
    },
    {
      &quot;attributes&quot;: {
        &quot;Precincts&quot;: &quot;Wierda Road&quot;,
        &quot;Quickbase_Status&quot;: &quot;Completed&quot;,
        &quot;QBRecordID&quot;: 350,
        &quot;Third_Party_Dependant_For_Conne&quot;: null,
        &quot;Latitude&quot;: -26.11243605,
        &quot;Longitude&quot;: 28.05874503
      }
    },
    {
      &quot;attributes&quot;: {
        &quot;Precincts&quot;: &quot;Peter Place&quot;,
        &quot;Quickbase_Status&quot;: &quot;Completed&quot;,
        &quot;QBRecordID&quot;: 706,
        &quot;Third_Party_Dependant_For_Conne&quot;: null,
        &quot;Latitude&quot;: -26.08247532,
        &quot;Longitude&quot;: 28.02228652
      }
    },
    {
      &quot;attributes&quot;: {
        &quot;Precincts&quot;: &quot;Peter Place&quot;,
        &quot;Quickbase_Status&quot;: &quot;Completed&quot;,
        &quot;QBRecordID&quot;: 692,
        &quot;Third_Party_Dependant_For_Conne&quot;: null,
        &quot;Latitude&quot;: -26.08178266,
        &quot;Longitude&quot;: 28.0160098
      }
    },
    {
      &quot;attributes&quot;: {
        &quot;Precincts&quot;: &quot;Centurion Gautrain Station&quot;,
        &quot;Quickbase_Status&quot;: &quot;Completed&quot;,
        &quot;QBRecordID&quot;: 2304,
        &quot;Third_Party_Dependant_For_Conne&quot;: null,
        &quot;Latitude&quot;: -25.85527416,
        &quot;Longitude&quot;: 28.19372186
      }
    },
    {
      &quot;attributes&quot;: {
        &quot;Precincts&quot;: &quot;Centurion Gautrain Station&quot;,
        &quot;Quickbase_Status&quot;: &quot;Completed&quot;,
        &quot;QBRecordID&quot;: 2307,
        &quot;Third_Party_Dependant_For_Conne&quot;: null,
        &quot;Latitude&quot;: -25.85500135,
        &quot;Longitude&quot;: 28.19482856
      }
    },
    {
      &quot;attributes&quot;: {
        &quot;Precincts&quot;: &quot;Centurion Gautrain Station&quot;,
        &quot;Quickbase_Status&quot;: &quot;Completed&quot;,
        &quot;QBRecordID&quot;: 2308,
        &quot;Third_Party_Dependant_For_Conne&quot;: null,
        &quot;Latitude&quot;: -25.85471098,
        &quot;Longitude&quot;: 28.1941654
      }
    },
    {
      &quot;attributes&quot;: {
        &quot;Precincts&quot;: &quot;Rivonia North&quot;,
        &quot;Quickbase_Status&quot;: &quot;Completed&quot;,
        &quot;QBRecordID&quot;: 1458,
        &quot;Third_Party_Dependant_For_Conne&quot;: null,
        &quot;Latitude&quot;: -26.04134744,
        &quot;Longitude&quot;: 28.05880738
      }
    },
    {
      &quot;attributes&quot;: {
        &quot;Precincts&quot;: &quot;Rivonia North&quot;,
        &quot;Quickbase_Status&quot;: &quot;Completed&quot;,
        &quot;QBRecordID&quot;: 446,
        &quot;Third_Party_Dependant_For_Conne&quot;: null,
        &quot;Latitude&quot;: -26.04158191,
        &quot;Longitude&quot;: 28.05907548
      }
    },
    {
      &quot;attributes&quot;: {
        &quot;Precincts&quot;: &quot;Rivonia North&quot;,
        &quot;Quickbase_Status&quot;: &quot;Completed&quot;,
        &quot;QBRecordID&quot;: 625,
        &quot;Third_Party_Dependant_For_Conne&quot;: null,
        &quot;Latitude&quot;: -26.03955995,
        &quot;Longitude&quot;: 28.05923965
      }
    },
    {
      &quot;attributes&quot;: {
        &quot;Precincts&quot;: &quot;Rivonia North&quot;,
        &quot;Quickbase_Status&quot;: &quot;Completed&quot;,
        &quot;QBRecordID&quot;: 626,
        &quot;Third_Party_Dependant_For_Conne&quot;: null,
        &quot;Latitude&quot;: -26.03950858,
        &quot;Longitude&quot;: 28.05876582
      }
    },
    {
      &quot;attributes&quot;: {
        &quot;Precincts&quot;: &quot;Rivonia North&quot;,
        &quot;Quickbase_Status&quot;: &quot;Completed&quot;,
        &quot;QBRecordID&quot;: 1415,
        &quot;Third_Party_Dependant_For_Conne&quot;: null,
        &quot;Latitude&quot;: -26.04251139,
        &quot;Longitude&quot;: 28.06062707
      }
    },
    {
      &quot;attributes&quot;: {
        &quot;Precincts&quot;: &quot;Rivonia North&quot;,
        &quot;Quickbase_Status&quot;: &quot;Completed&quot;,
        &quot;QBRecordID&quot;: 646,
        &quot;Third_Party_Dependant_For_Conne&quot;: null,
        &quot;Latitude&quot;: -26.04688433,
        &quot;Longitude&quot;: 28.05996118
      }
    },
    {
      &quot;attributes&quot;: {
        &quot;Precincts&quot;: &quot;Design Quarter&quot;,
        &quot;Quickbase_Status&quot;: &quot;Completed&quot;,
        &quot;QBRecordID&quot;: 2384,
        &quot;Third_Party_Dependant_For_Conne&quot;: null,
        &quot;Latitude&quot;: -26.03192109,
        &quot;Longitude&quot;: 28.01072051
      }
    },
    {
      &quot;attributes&quot;: {
        &quot;Precincts&quot;: &quot;Rivonia North&quot;,
        &quot;Quickbase_Status&quot;: &quot;Completed&quot;,
        &quot;QBRecordID&quot;: 398,
        &quot;Third_Party_Dependant_For_Conne&quot;: null,
        &quot;Latitude&quot;: -26.04339951,
        &quot;Longitude&quot;: 28.06038195
      }
    },
    {
      &quot;attributes&quot;: {
        &quot;Precincts&quot;: &quot;CPT CBD Phase 01&quot;,
        &quot;Quickbase_Status&quot;: &quot;Completed&quot;,
        &quot;QBRecordID&quot;: 3064,
        &quot;Third_Party_Dependant_For_Conne&quot;: null,
        &quot;Latitude&quot;: -33.91789801,
        &quot;Longitude&quot;: 18.42660495
      }
    },
    {
      &quot;attributes&quot;: {
        &quot;Precincts&quot;: &quot;CPT CBD Phase 01&quot;,
        &quot;Quickbase_Status&quot;: &quot;Completed&quot;,
        &quot;QBRecordID&quot;: 3066,
        &quot;Third_Party_Dependant_For_Conne&quot;: null,
        &quot;Latitude&quot;: -33.91772481,
        &quot;Longitude&quot;: 18.42631345
      }
    },
    {
      &quot;attributes&quot;: {
        &quot;Precincts&quot;: &quot;Umhlanga (Phase 3)&quot;,
        &quot;Quickbase_Status&quot;: &quot;Completed&quot;,
        &quot;QBRecordID&quot;: 4107,
        &quot;Third_Party_Dependant_For_Conne&quot;: null,
        &quot;Latitude&quot;: -29.74670513,
        &quot;Longitude&quot;: 31.0687895
      }
    },
    {
      &quot;attributes&quot;: {
        &quot;Precincts&quot;: &quot;Woodlands Office Park&quot;,
        &quot;Quickbase_Status&quot;: &quot;Completed&quot;,
        &quot;QBRecordID&quot;: 1678,
        &quot;Third_Party_Dependant_For_Conne&quot;: null,
        &quot;Latitude&quot;: -26.06383706,
        &quot;Longitude&quot;: 28.08246706
      }
    },
    {
      &quot;attributes&quot;: {
        &quot;Precincts&quot;: &quot;Woodlands Office Park&quot;,
        &quot;Quickbase_Status&quot;: &quot;Completed&quot;,
        &quot;QBRecordID&quot;: 1680,
        &quot;Third_Party_Dependant_For_Conne&quot;: null,
        &quot;Latitude&quot;: -26.06348033,
        &quot;Longitude&quot;: 28.08329115
      }
    },
    {
      &quot;attributes&quot;: {
        &quot;Precincts&quot;: &quot;Woodlands Office Park&quot;,
        &quot;Quickbase_Status&quot;: &quot;Completed&quot;,
        &quot;QBRecordID&quot;: 1637,
        &quot;Third_Party_Dependant_For_Conne&quot;: null,
        &quot;Latitude&quot;: -26.06154117,
        &quot;Longitude&quot;: 28.08566924
      }
    },
    {
      &quot;attributes&quot;: {
        &quot;Precincts&quot;: &quot;Woodlands Office Park&quot;,
        &quot;Quickbase_Status&quot;: &quot;Completed&quot;,
        &quot;QBRecordID&quot;: 1638,
        &quot;Third_Party_Dependant_For_Conne&quot;: null,
        &quot;Latitude&quot;: -26.06147139,
        &quot;Longitude&quot;: 28.08638272
      }
    },
    {
      &quot;attributes&quot;: {
        &quot;Precincts&quot;: &quot;Woodlands Office Park&quot;,
        &quot;Quickbase_Status&quot;: &quot;Completed&quot;,
        &quot;QBRecordID&quot;: 1639,
        &quot;Third_Party_Dependant_For_Conne&quot;: null,
        &quot;Latitude&quot;: -26.06181048,
        &quot;Longitude&quot;: 28.08787149
      }
    },
    {
      &quot;attributes&quot;: {
        &quot;Precincts&quot;: &quot;Hatfield (Phase 3)&quot;,
        &quot;Quickbase_Status&quot;: &quot;Completed&quot;,
        &quot;QBRecordID&quot;: 3480,
        &quot;Third_Party_Dependant_For_Conne&quot;: null,
        &quot;Latitude&quot;: -25.74288599,
        &quot;Longitude&quot;: 28.24610657
      }
    },
    {
      &quot;attributes&quot;: {
        &quot;Precincts&quot;: &quot;Hatfield (Phase 3)&quot;,
        &quot;Quickbase_Status&quot;: &quot;Completed&quot;,
        &quot;QBRecordID&quot;: 3482,
        &quot;Third_Party_Dependant_For_Conne&quot;: null,
        &quot;Latitude&quot;: -25.74342529,
        &quot;Longitude&quot;: 28.24473588
      }
    },
    {
      &quot;attributes&quot;: {
        &quot;Precincts&quot;: &quot;Central Park&quot;,
        &quot;Quickbase_Status&quot;: &quot;Completed&quot;,
        &quot;QBRecordID&quot;: 3965,
        &quot;Third_Party_Dependant_For_Conne&quot;: null,
        &quot;Latitude&quot;: -25.97666885,
        &quot;Longitude&quot;: 28.13255669
      }
    },
    {
      &quot;attributes&quot;: {
        &quot;Precincts&quot;: &quot;Katherine Extension&quot;,
        &quot;Quickbase_Status&quot;: &quot;Completed&quot;,
        &quot;QBRecordID&quot;: 4054,
        &quot;Third_Party_Dependant_For_Conne&quot;: null,
        &quot;Latitude&quot;: -26.10566076,
        &quot;Longitude&quot;: 28.06825667
      }
    },
    {
      &quot;attributes&quot;: {
        &quot;Precincts&quot;: &quot;Woodlands Office Park&quot;,
        &quot;Quickbase_Status&quot;: &quot;Completed&quot;,
        &quot;QBRecordID&quot;: 1652,
        &quot;Third_Party_Dependant_For_Conne&quot;: null,
        &quot;Latitude&quot;: -26.0580061,
        &quot;Longitude&quot;: 28.08539411
      }
    },
    {
      &quot;attributes&quot;: {
        &quot;Precincts&quot;: &quot;Sandton Phase 2&quot;,
        &quot;Quickbase_Status&quot;: &quot;Completed&quot;,
        &quot;QBRecordID&quot;: 4166,
        &quot;Third_Party_Dependant_For_Conne&quot;: null,
        &quot;Latitude&quot;: -26.10573779,
        &quot;Longitude&quot;: 28.05070296
      }
    },
    {
      &quot;attributes&quot;: {
        &quot;Precincts&quot;: &quot;Burnside Office Park&quot;,
        &quot;Quickbase_Status&quot;: &quot;Completed&quot;,
        &quot;QBRecordID&quot;: 3446,
        &quot;Third_Party_Dependant_For_Conne&quot;: null,
        &quot;Latitude&quot;: -26.11383122,
        &quot;Longitude&quot;: 28.022153
      }
    },
    {
      &quot;attributes&quot;: {
        &quot;Precincts&quot;: &quot;Burnside Office Park&quot;,
        &quot;Quickbase_Status&quot;: &quot;Completed&quot;,
        &quot;QBRecordID&quot;: 3447,
        &quot;Third_Party_Dependant_For_Conne&quot;: null,
        &quot;Latitude&quot;: -26.11409908,
        &quot;Longitude&quot;: 28.02195571
      }
    },
    {
      &quot;attributes&quot;: {
        &quot;Precincts&quot;: &quot;Bruma Lake&quot;,
        &quot;Quickbase_Status&quot;: &quot;Completed&quot;,
        &quot;QBRecordID&quot;: 957,
        &quot;Third_Party_Dependant_For_Conne&quot;: null,
        &quot;Latitude&quot;: -26.18105975,
        &quot;Longitude&quot;: 28.11115767
      }
    },
    {
      &quot;attributes&quot;: {
        &quot;Precincts&quot;: &quot;Bruma Lake&quot;,
        &quot;Quickbase_Status&quot;: &quot;Completed&quot;,
        &quot;QBRecordID&quot;: 971,
        &quot;Third_Party_Dependant_For_Conne&quot;: null,
        &quot;Latitude&quot;: -26.18250308,
        &quot;Longitude&quot;: 28.10738236
      }
    },
    {
      &quot;attributes&quot;: {
        &quot;Precincts&quot;: &quot;Bruma Lake&quot;,
        &quot;Quickbase_Status&quot;: &quot;Completed&quot;,
        &quot;QBRecordID&quot;: 1538,
        &quot;Third_Party_Dependant_For_Conne&quot;: null,
        &quot;Latitude&quot;: -26.18277269,
        &quot;Longitude&quot;: 28.10773322
      }
    },
    {
      &quot;attributes&quot;: {
        &quot;Precincts&quot;: &quot;Thornhill&quot;,
        &quot;Quickbase_Status&quot;: &quot;Completed&quot;,
        &quot;QBRecordID&quot;: 1190,
        &quot;Third_Party_Dependant_For_Conne&quot;: null,
        &quot;Latitude&quot;: -26.00957803,
        &quot;Longitude&quot;: 28.11146238
      }
    },
    {
      &quot;attributes&quot;: {
        &quot;Precincts&quot;: &quot;Thornhill&quot;,
        &quot;Quickbase_Status&quot;: &quot;Completed&quot;,
        &quot;QBRecordID&quot;: 1194,
        &quot;Third_Party_Dependant_For_Conne&quot;: null,
        &quot;Latitude&quot;: -26.00991305,
        &quot;Longitude&quot;: 28.11295117
      }
    },
    {
      &quot;attributes&quot;: {
        &quot;Precincts&quot;: &quot;Thornhill&quot;,
        &quot;Quickbase_Status&quot;: &quot;Completed&quot;,
        &quot;QBRecordID&quot;: 1195,
        &quot;Third_Party_Dependant_For_Conne&quot;: null,
        &quot;Latitude&quot;: -26.0095695,
        &quot;Longitude&quot;: 28.11240127
      }
    },
    {
      &quot;attributes&quot;: {
        &quot;Precincts&quot;: &quot;Thornhill&quot;,
        &quot;Quickbase_Status&quot;: &quot;Completed&quot;,
        &quot;QBRecordID&quot;: 1206,
        &quot;Third_Party_Dependant_For_Conne&quot;: null,
        &quot;Latitude&quot;: -26.0086249,
        &quot;Longitude&quot;: 28.11307147
      }
    },
    {
      &quot;attributes&quot;: {
        &quot;Precincts&quot;: &quot;Charles Crescent&quot;,
        &quot;Quickbase_Status&quot;: &quot;Completed&quot;,
        &quot;QBRecordID&quot;: 951,
        &quot;Third_Party_Dependant_For_Conne&quot;: null,
        &quot;Latitude&quot;: -26.0926698,
        &quot;Longitude&quot;: 28.084276
      }
    },
    {
      &quot;attributes&quot;: {
        &quot;Precincts&quot;: &quot;Central Street&quot;,
        &quot;Quickbase_Status&quot;: &quot;Completed&quot;,
        &quot;QBRecordID&quot;: 862,
        &quot;Third_Party_Dependant_For_Conne&quot;: null,
        &quot;Latitude&quot;: -26.1490393,
        &quot;Longitude&quot;: 28.05809093
      }
    },
    {
      &quot;attributes&quot;: {
        &quot;Precincts&quot;: &quot;Central Street&quot;,
        &quot;Quickbase_Status&quot;: &quot;Completed&quot;,
        &quot;QBRecordID&quot;: 4007,
        &quot;Third_Party_Dependant_For_Conne&quot;: null,
        &quot;Latitude&quot;: -26.1504093,
        &quot;Longitude&quot;: 28.05791145
      }
    },
    {
      &quot;attributes&quot;: {
        &quot;Precincts&quot;: &quot;Central Street&quot;,
        &quot;Quickbase_Status&quot;: &quot;Completed&quot;,
        &quot;QBRecordID&quot;: 1411,
        &quot;Third_Party_Dependant_For_Conne&quot;: null,
        &quot;Latitude&quot;: -26.1505726,
        &quot;Longitude&quot;: 28.05822279
      }
    },
    {
      &quot;attributes&quot;: {
        &quot;Precincts&quot;: &quot;Central Street&quot;,
        &quot;Quickbase_Status&quot;: &quot;Completed&quot;,
        &quot;QBRecordID&quot;: 2684,
        &quot;Third_Party_Dependant_For_Conne&quot;: null,
        &quot;Latitude&quot;: -26.15493599,
        &quot;Longitude&quot;: 28.05807828
      }
    },
    {
      &quot;attributes&quot;: {
        &quot;Precincts&quot;: &quot;Central Street&quot;,
        &quot;Quickbase_Status&quot;: &quot;Completed&quot;,
        &quot;QBRecordID&quot;: 857,
        &quot;Third_Party_Dependant_For_Conne&quot;: null,
        &quot;Latitude&quot;: -26.15540836,
        &quot;Longitude&quot;: 28.05782813
      }
    },
    {
      &quot;attributes&quot;: {
        &quot;Precincts&quot;: &quot;Central Street&quot;,
        &quot;Quickbase_Status&quot;: &quot;Completed&quot;,
        &quot;QBRecordID&quot;: 846,
        &quot;Third_Party_Dependant_For_Conne&quot;: null,
        &quot;Latitude&quot;: -26.15732793,
        &quot;Longitude&quot;: 28.05807753
      }
    },
    {
      &quot;attributes&quot;: {
        &quot;Precincts&quot;: &quot;Central Street&quot;,
        &quot;Quickbase_Status&quot;: &quot;Completed&quot;,
        &quot;QBRecordID&quot;: 839,
        &quot;Third_Party_Dependant_For_Conne&quot;: null,
        &quot;Latitude&quot;: -26.15799319,
        &quot;Longitude&quot;: 28.05795611
      }
    },
    {
      &quot;attributes&quot;: {
        &quot;Precincts&quot;: &quot;Central Street&quot;,
        &quot;Quickbase_Status&quot;: &quot;Completed&quot;,
        &quot;QBRecordID&quot;: 825,
        &quot;Third_Party_Dependant_For_Conne&quot;: null,
        &quot;Latitude&quot;: -26.17089185,
        &quot;Longitude&quot;: 28.05446515
      }
    },
    {
      &quot;attributes&quot;: {
        &quot;Precincts&quot;: &quot;Sandton Phase 2&quot;,
        &quot;Quickbase_Status&quot;: &quot;Completed&quot;,
        &quot;QBRecordID&quot;: 4043,
        &quot;Third_Party_Dependant_For_Conne&quot;: null,
        &quot;Latitude&quot;: -26.10476736,
        &quot;Longitude&quot;: 28.04894317
      }
    },
    {
      &quot;attributes&quot;: {
        &quot;Precincts&quot;: &quot;George Road&quot;,
        &quot;Quickbase_Status&quot;: &quot;Completed&quot;,
        &quot;QBRecordID&quot;: 1756,
        &quot;Third_Party_Dependant_For_Conne&quot;: null,
        &quot;Latitude&quot;: -25.96845961,
        &quot;Longitude&quot;: 28.13610863
      }
    },
    {
      &quot;attributes&quot;: {
        &quot;Precincts&quot;: &quot;George Road&quot;,
        &quot;Quickbase_Status&quot;: &quot;Completed&quot;,
        &quot;QBRecordID&quot;: 993,
        &quot;Third_Party_Dependant_For_Conne&quot;: null,
        &quot;Latitude&quot;: -25.96451538,
        &quot;Longitude&quot;: 28.1336306
      }
    },
    {
      &quot;attributes&quot;: {
        &quot;Precincts&quot;: &quot;George Road&quot;,
        &quot;Quickbase_Status&quot;: &quot;Completed&quot;,
        &quot;QBRecordID&quot;: 984,
        &quot;Third_Party_Dependant_For_Conne&quot;: null,
        &quot;Latitude&quot;: -25.96053156,
        &quot;Longitude&quot;: 28.13839739
      }
    },
    {
      &quot;attributes&quot;: {
        &quot;Precincts&quot;: &quot;George Road&quot;,
        &quot;Quickbase_Status&quot;: &quot;Completed&quot;,
        &quot;QBRecordID&quot;: 1364,
        &quot;Third_Party_Dependant_For_Conne&quot;: null,
        &quot;Latitude&quot;: -25.96265887,
        &quot;Longitude&quot;: 28.13578606
      }
    },
    {
      &quot;attributes&quot;: {
        &quot;Precincts&quot;: &quot;George Road&quot;,
        &quot;Quickbase_Status&quot;: &quot;Completed&quot;,
        &quot;QBRecordID&quot;: 1363,
        &quot;Third_Party_Dependant_For_Conne&quot;: null,
        &quot;Latitude&quot;: -25.96219998,
        &quot;Longitude&quot;: 28.13594839
      }
    },
    {
      &quot;attributes&quot;: {
        &quot;Precincts&quot;: &quot;George Road&quot;,
        &quot;Quickbase_Status&quot;: &quot;Completed&quot;,
        &quot;QBRecordID&quot;: 989,
        &quot;Third_Party_Dependant_For_Conne&quot;: null,
        &quot;Latitude&quot;: -25.96117319,
        &quot;Longitude&quot;: 28.13478513
      }
    },
    {
      &quot;attributes&quot;: {
        &quot;Precincts&quot;: &quot;George Road&quot;,
        &quot;Quickbase_Status&quot;: &quot;Completed&quot;,
        &quot;QBRecordID&quot;: 1005,
        &quot;Third_Party_Dependant_For_Conne&quot;: null,
        &quot;Latitude&quot;: -25.97114942,
        &quot;Longitude&quot;: 28.13283575
      }
    },
    {
      &quot;attributes&quot;: {
        &quot;Precincts&quot;: &quot;George Road&quot;,
        &quot;Quickbase_Status&quot;: &quot;Completed&quot;,
        &quot;QBRecordID&quot;: 1537,
        &quot;Third_Party_Dependant_For_Conne&quot;: null,
        &quot;Latitude&quot;: -25.97383476,
        &quot;Longitude&quot;: 28.1320436
      }
    },
    {
      &quot;attributes&quot;: {
        &quot;Precincts&quot;: &quot;Arden Grove&quot;,
        &quot;Quickbase_Status&quot;: &quot;Completed&quot;,
        &quot;QBRecordID&quot;: 1785,
        &quot;Third_Party_Dependant_For_Conne&quot;: null,
        &quot;Latitude&quot;: -33.86199714,
        &quot;Longitude&quot;: 18.51470471
      }
    },
    {
      &quot;attributes&quot;: {
        &quot;Precincts&quot;: &quot;Umhlanga (Phase 3)&quot;,
        &quot;Quickbase_Status&quot;: &quot;Completed&quot;,
        &quot;QBRecordID&quot;: 2782,
        &quot;Third_Party_Dependant_For_Conne&quot;: null,
        &quot;Latitude&quot;: -29.73604034,
        &quot;Longitude&quot;: 31.07072221
      }
    },
    {
      &quot;attributes&quot;: {
        &quot;Precincts&quot;: &quot;Umhlanga (Phase 3)&quot;,
        &quot;Quickbase_Status&quot;: &quot;Completed&quot;,
        &quot;QBRecordID&quot;: 2787,
        &quot;Third_Party_Dependant_For_Conne&quot;: null,
        &quot;Latitude&quot;: -29.73730434,
        &quot;Longitude&quot;: 31.07045847
      }
    },
    {
      &quot;attributes&quot;: {
        &quot;Precincts&quot;: &quot;Witch-Hazel&quot;,
        &quot;Quickbase_Status&quot;: &quot;Completed&quot;,
        &quot;QBRecordID&quot;: 1278,
        &quot;Third_Party_Dependant_For_Conne&quot;: null,
        &quot;Latitude&quot;: -25.87389277,
        &quot;Longitude&quot;: 28.18462778
      }
    },
    {
      &quot;attributes&quot;: {
        &quot;Precincts&quot;: &quot;Richards Drive&quot;,
        &quot;Quickbase_Status&quot;: &quot;Completed&quot;,
        &quot;QBRecordID&quot;: 2427,
        &quot;Third_Party_Dependant_For_Conne&quot;: null,
        &quot;Latitude&quot;: -26.01569504,
        &quot;Longitude&quot;: 28.12103238
      }
    },
    {
      &quot;attributes&quot;: {
        &quot;Precincts&quot;: &quot;Eaton&quot;,
        &quot;Quickbase_Status&quot;: &quot;Completed&quot;,
        &quot;QBRecordID&quot;: 206,
        &quot;Third_Party_Dependant_For_Conne&quot;: null,
        &quot;Latitude&quot;: -26.04644437,
        &quot;Longitude&quot;: 28.02049654
      }
    },
    {
      &quot;attributes&quot;: {
        &quot;Precincts&quot;: &quot;Girton&quot;,
        &quot;Quickbase_Status&quot;: &quot;Completed&quot;,
        &quot;QBRecordID&quot;: 803,
        &quot;Third_Party_Dependant_For_Conne&quot;: null,
        &quot;Latitude&quot;: -26.18374351,
        &quot;Longitude&quot;: 28.03821141
      }
    },
    {
      &quot;attributes&quot;: {
        &quot;Precincts&quot;: &quot;Girton&quot;,
        &quot;Quickbase_Status&quot;: &quot;Completed&quot;,
        &quot;QBRecordID&quot;: 819,
        &quot;Third_Party_Dependant_For_Conne&quot;: null,
        &quot;Latitude&quot;: -26.18428836,
        &quot;Longitude&quot;: 28.03515887
      }
    },
    {
      &quot;attributes&quot;: {
        &quot;Precincts&quot;: &quot;Girton&quot;,
        &quot;Quickbase_Status&quot;: &quot;Completed&quot;,
        &quot;QBRecordID&quot;: 916,
        &quot;Third_Party_Dependant_For_Conne&quot;: null,
        &quot;Latitude&quot;: -26.18366294,
        &quot;Longitude&quot;: 28.03375524
      }
    },
    {
      &quot;attributes&quot;: {
        &quot;Precincts&quot;: &quot;Oberon&quot;,
        &quot;Quickbase_Status&quot;: &quot;Completed&quot;,
        &quot;QBRecordID&quot;: 2322,
        &quot;Third_Party_Dependant_For_Conne&quot;: null,
        &quot;Latitude&quot;: -25.78251344,
        &quot;Longitude&quot;: 28.28863811
      }
    },
    {
      &quot;attributes&quot;: {
        &quot;Precincts&quot;: &quot;Oberon&quot;,
        &quot;Quickbase_Status&quot;: &quot;Completed&quot;,
        &quot;QBRecordID&quot;: 2323,
        &quot;Third_Party_Dependant_For_Conne&quot;: null,
        &quot;Latitude&quot;: -25.78254529,
        &quot;Longitude&quot;: 28.28925177
      }
    },
    {
      &quot;attributes&quot;: {
        &quot;Precincts&quot;: &quot;Scott Street&quot;,
        &quot;Quickbase_Status&quot;: &quot;Completed&quot;,
        &quot;QBRecordID&quot;: 1136,
        &quot;Third_Party_Dependant_For_Conne&quot;: null,
        &quot;Latitude&quot;: -26.129873,
        &quot;Longitude&quot;: 28.07259689
      }
    },
    {
      &quot;attributes&quot;: {
        &quot;Precincts&quot;: &quot;Scott Street&quot;,
        &quot;Quickbase_Status&quot;: &quot;Completed&quot;,
        &quot;QBRecordID&quot;: 1140,
        &quot;Third_Party_Dependant_For_Conne&quot;: null,
        &quot;Latitude&quot;: -26.13134643,
        &quot;Longitude&quot;: 28.07171866
      }
    },
    {
      &quot;attributes&quot;: {
        &quot;Precincts&quot;: &quot;Scott Street&quot;,
        &quot;Quickbase_Status&quot;: &quot;Completed&quot;,
        &quot;QBRecordID&quot;: 1144,
        &quot;Third_Party_Dependant_For_Conne&quot;: null,
        &quot;Latitude&quot;: -26.13294894,
        &quot;Longitude&quot;: 28.07115901
      }
    },
    {
      &quot;attributes&quot;: {
        &quot;Precincts&quot;: &quot;Scott Street&quot;,
        &quot;Quickbase_Status&quot;: &quot;Completed&quot;,
        &quot;QBRecordID&quot;: 1139,
        &quot;Third_Party_Dependant_For_Conne&quot;: null,
        &quot;Latitude&quot;: -26.13100211,
        &quot;Longitude&quot;: 28.071962
      }
    },
    {
      &quot;attributes&quot;: {
        &quot;Precincts&quot;: &quot;Scott Street&quot;,
        &quot;Quickbase_Status&quot;: &quot;Completed&quot;,
        &quot;QBRecordID&quot;: 2831,
        &quot;Third_Party_Dependant_For_Conne&quot;: null,
        &quot;Latitude&quot;: -26.13045192,
        &quot;Longitude&quot;: 28.07216637
      }
    },
    {
      &quot;attributes&quot;: {
        &quot;Precincts&quot;: &quot;Rosenpark&quot;,
        &quot;Quickbase_Status&quot;: &quot;Completed&quot;,
        &quot;QBRecordID&quot;: 2693,
        &quot;Third_Party_Dependant_For_Conne&quot;: null,
        &quot;Latitude&quot;: -33.86847221,
        &quot;Longitude&quot;: 18.64289377
      }
    },
    {
      &quot;attributes&quot;: {
        &quot;Precincts&quot;: &quot;Rosenpark&quot;,
        &quot;Quickbase_Status&quot;: &quot;Completed&quot;,
        &quot;QBRecordID&quot;: 3493,
        &quot;Third_Party_Dependant_For_Conne&quot;: null,
        &quot;Latitude&quot;: -33.86823607,
        &quot;Longitude&quot;: 18.64285271
      }
    },
    {
      &quot;attributes&quot;: {
        &quot;Precincts&quot;: &quot;Rosenpark&quot;,
        &quot;Quickbase_Status&quot;: &quot;Completed&quot;,
        &quot;QBRecordID&quot;: 2700,
        &quot;Third_Party_Dependant_For_Conne&quot;: null,
        &quot;Latitude&quot;: -33.86763441,
        &quot;Longitude&quot;: 18.64203281
      }
    },
    {
      &quot;attributes&quot;: {
        &quot;Precincts&quot;: &quot;CPT CBD Phase 01&quot;,
        &quot;Quickbase_Status&quot;: &quot;Completed&quot;,
        &quot;QBRecordID&quot;: 3059,
        &quot;Third_Party_Dependant_For_Conne&quot;: null,
        &quot;Latitude&quot;: -33.91779927,
        &quot;Longitude&quot;: 18.42370687
      }
    },
    {
      &quot;attributes&quot;: {
        &quot;Precincts&quot;: &quot;Sunninghill&quot;,
        &quot;Quickbase_Status&quot;: &quot;Completed&quot;,
        &quot;QBRecordID&quot;: 96457,
        &quot;Third_Party_Dependant_For_Conne&quot;: null,
        &quot;Latitude&quot;: -26.03493777,
        &quot;Longitude&quot;: 28.06308131
      }
    },
    {
      &quot;attributes&quot;: {
        &quot;Precincts&quot;: &quot;Sunninghill&quot;,
        &quot;Quickbase_Status&quot;: &quot;Completed&quot;,
        &quot;QBRecordID&quot;: 367,
        &quot;Third_Party_Dependant_For_Conne&quot;: null,
        &quot;Latitude&quot;: -26.03509603,
        &quot;Longitude&quot;: 28.0625719
      }
    },
    {
      &quot;attributes&quot;: {
        &quot;Precincts&quot;: &quot;Katherine Extension&quot;,
        &quot;Quickbase_Status&quot;: &quot;Completed&quot;,
        &quot;QBRecordID&quot;: 3052,
        &quot;Third_Party_Dependant_For_Conne&quot;: null,
        &quot;Latitude&quot;: -26.10583964,
        &quot;Longitude&quot;: 28.07151803
      }
    },
    {
      &quot;attributes&quot;: {
        &quot;Precincts&quot;: &quot;Sandton Phase 2&quot;,
        &quot;Quickbase_Status&quot;: &quot;Completed&quot;,
        &quot;QBRecordID&quot;: 4031,
        &quot;Third_Party_Dependant_For_Conne&quot;: null,
        &quot;Latitude&quot;: -26.10499765,
        &quot;Longitude&quot;: 28.05651543
      }
    },
    {
      &quot;attributes&quot;: {
        &quot;Precincts&quot;: &quot;Sandton Phase 2&quot;,
        &quot;Quickbase_Status&quot;: &quot;Completed&quot;,
        &quot;QBRecordID&quot;: 4028,
        &quot;Third_Party_Dependant_For_Conne&quot;: null,
        &quot;Latitude&quot;: -26.1038485,
        &quot;Longitude&quot;: 28.05652517
      }
    },
    {
      &quot;attributes&quot;: {
        &quot;Precincts&quot;: &quot;Sandton Phase 2&quot;,
        &quot;Quickbase_Status&quot;: &quot;Completed&quot;,
        &quot;QBRecordID&quot;: 4027,
        &quot;Third_Party_Dependant_For_Conne&quot;: null,
        &quot;Latitude&quot;: -26.10370271,
        &quot;Longitude&quot;: 28.05691201
      }
    },
    {
      &quot;attributes&quot;: {
        &quot;Precincts&quot;: &quot;Sandton Phase 1&quot;,
        &quot;Quickbase_Status&quot;: &quot;Completed&quot;,
        &quot;QBRecordID&quot;: 2904,
        &quot;Third_Party_Dependant_For_Conne&quot;: null,
        &quot;Latitude&quot;: -26.10311473,
        &quot;Longitude&quot;: 28.05587275
      }
    },
    {
      &quot;attributes&quot;: {
        &quot;Precincts&quot;: &quot;Sandton Phase 2&quot;,
        &quot;Quickbase_Status&quot;: &quot;Completed&quot;,
        &quot;QBRecordID&quot;: 2958,
        &quot;Third_Party_Dependant_For_Conne&quot;: null,
        &quot;Latitude&quot;: -26.10362827,
        &quot;Longitude&quot;: 28.05510878
      }
    },
    {
      &quot;attributes&quot;: {
        &quot;Precincts&quot;: &quot;Ashley Gardens&quot;,
        &quot;Quickbase_Status&quot;: &quot;Completed&quot;,
        &quot;QBRecordID&quot;: 3433,
        &quot;Third_Party_Dependant_For_Conne&quot;: null,
        &quot;Latitude&quot;: -25.78307131,
        &quot;Longitude&quot;: 28.26347092
      }
    },
    {
      &quot;attributes&quot;: {
        &quot;Precincts&quot;: &quot;Ashley Gardens&quot;,
        &quot;Quickbase_Status&quot;: &quot;Completed&quot;,
        &quot;QBRecordID&quot;: 2637,
        &quot;Third_Party_Dependant_For_Conne&quot;: null,
        &quot;Latitude&quot;: -25.78412523,
        &quot;Longitude&quot;: 28.26623997
      }
    },
    {
      &quot;attributes&quot;: {
        &quot;Precincts&quot;: &quot;Route 21 Office Park&quot;,
        &quot;Quickbase_Status&quot;: &quot;Completed&quot;,
        &quot;QBRecordID&quot;: 1949,
        &quot;Third_Party_Dependant_For_Conne&quot;: null,
        &quot;Latitude&quot;: -25.8627886,
        &quot;Longitude&quot;: 28.25862658
      }
    },
    {
      &quot;attributes&quot;: {
        &quot;Precincts&quot;: &quot;Route 21 Office Park&quot;,
        &quot;Quickbase_Status&quot;: &quot;Completed&quot;,
        &quot;QBRecordID&quot;: 1978,
        &quot;Third_Party_Dependant_For_Conne&quot;: null,
        &quot;Latitude&quot;: -25.86070313,
        &quot;Longitude&quot;: 28.25719703
      }
    },
    {
      &quot;attributes&quot;: {
        &quot;Precincts&quot;: &quot;Route 21 Office Park&quot;,
        &quot;Quickbase_Status&quot;: &quot;Completed&quot;,
        &quot;QBRecordID&quot;: 2094,
        &quot;Third_Party_Dependant_For_Conne&quot;: null,
        &quot;Latitude&quot;: -25.86350751,
        &quot;Longitude&quot;: 28.25760356
      }
    },
    {
      &quot;attributes&quot;: {
        &quot;Precincts&quot;: &quot;Route 21 Office Park&quot;,
        &quot;Quickbase_Status&quot;: &quot;Completed&quot;,
        &quot;QBRecordID&quot;: 2095,
        &quot;Third_Party_Dependant_For_Conne&quot;: null,
        &quot;Latitude&quot;: -25.86380639,
        &quot;Longitude&quot;: 28.25758031
      }
    },
    {
      &quot;attributes&quot;: {
        &quot;Precincts&quot;: &quot;Route 21 Office Park&quot;,
        &quot;Quickbase_Status&quot;: &quot;Completed&quot;,
        &quot;QBRecordID&quot;: 2100,
        &quot;Third_Party_Dependant_For_Conne&quot;: null,
        &quot;Latitude&quot;: -25.86478486,
        &quot;Longitude&quot;: 28.25817227
      }
    },
    {
      &quot;attributes&quot;: {
        &quot;Precincts&quot;: &quot;Bryanston Extension&quot;,
        &quot;Quickbase_Status&quot;: &quot;Completed&quot;,
        &quot;QBRecordID&quot;: 1918,
        &quot;Third_Party_Dependant_For_Conne&quot;: null,
        &quot;Latitude&quot;: -26.04986212,
        &quot;Longitude&quot;: 28.02028964
      }
    },
    {
      &quot;attributes&quot;: {
        &quot;Precincts&quot;: &quot;Central Park&quot;,
        &quot;Quickbase_Status&quot;: &quot;Completed&quot;,
        &quot;QBRecordID&quot;: 1484,
        &quot;Third_Party_Dependant_For_Conne&quot;: null,
        &quot;Latitude&quot;: -25.98004827,
        &quot;Longitude&quot;: 28.13273619
      }
    },
    {
      &quot;attributes&quot;: {
        &quot;Precincts&quot;: &quot;Central Park&quot;,
        &quot;Quickbase_Status&quot;: &quot;Completed&quot;,
        &quot;QBRecordID&quot;: 18366,
        &quot;Third_Party_Dependant_For_Conne&quot;: null,
        &quot;Latitude&quot;: -25.98021419,
        &quot;Longitude&quot;: 28.13102535
      }
    },
    {
      &quot;attributes&quot;: {
        &quot;Precincts&quot;: &quot;Morningside&quot;,
        &quot;Quickbase_Status&quot;: &quot;Completed&quot;,
        &quot;QBRecordID&quot;: 1403,
        &quot;Third_Party_Dependant_For_Conne&quot;: null,
        &quot;Latitude&quot;: -26.07745795,
        &quot;Longitude&quot;: 28.06468265
      }
    },
    {
      &quot;attributes&quot;: {
        &quot;Precincts&quot;: &quot;Morningside&quot;,
        &quot;Quickbase_Status&quot;: &quot;Completed&quot;,
        &quot;QBRecordID&quot;: 1149,
        &quot;Third_Party_Dependant_For_Conne&quot;: null,
        &quot;Latitude&quot;: -26.07444671,
        &quot;Longitude&quot;: 28.06570871
      }
    },
    {
      &quot;attributes&quot;: {
        &quot;Precincts&quot;: &quot;Morningside&quot;,
        &quot;Quickbase_Status&quot;: &quot;Completed&quot;,
        &quot;QBRecordID&quot;: 71048,
        &quot;Third_Party_Dependant_For_Conne&quot;: null,
        &quot;Latitude&quot;: -26.07409388,
        &quot;Longitude&quot;: 28.06570088
      }
    },
    {
      &quot;attributes&quot;: {
        &quot;Precincts&quot;: &quot;Morningside&quot;,
        &quot;Quickbase_Status&quot;: &quot;Completed&quot;,
        &quot;QBRecordID&quot;: 1153,
        &quot;Third_Party_Dependant_For_Conne&quot;: null,
        &quot;Latitude&quot;: -26.07967931,
        &quot;Longitude&quot;: 28.06347277
      }
    },
    {
      &quot;attributes&quot;: {
        &quot;Precincts&quot;: &quot;Lynnwood East&quot;,
        &quot;Quickbase_Status&quot;: &quot;Completed&quot;,
        &quot;QBRecordID&quot;: 3527,
        &quot;Third_Party_Dependant_For_Conne&quot;: null,
        &quot;Latitude&quot;: -25.76584758,
        &quot;Longitude&quot;: 28.28293454
      }
    },
    {
      &quot;attributes&quot;: {
        &quot;Precincts&quot;: &quot;Lynnwood East&quot;,
        &quot;Quickbase_Status&quot;: &quot;Completed&quot;,
        &quot;QBRecordID&quot;: 3525,
        &quot;Third_Party_Dependant_For_Conne&quot;: null,
        &quot;Latitude&quot;: -25.76461022,
        &quot;Longitude&quot;: 28.2793974
      }
    },
    {
      &quot;attributes&quot;: {
        &quot;Precincts&quot;: &quot;Tygervalley&quot;,
        &quot;Quickbase_Status&quot;: &quot;Completed&quot;,
        &quot;QBRecordID&quot;: 2586,
        &quot;Third_Party_Dependant_For_Conne&quot;: null,
        &quot;Latitude&quot;: -33.88094304,
        &quot;Longitude&quot;: 18.63481264
      }
    },
    {
      &quot;attributes&quot;: {
        &quot;Precincts&quot;: &quot;Westlake&quot;,
        &quot;Quickbase_Status&quot;: &quot;Completed&quot;,
        &quot;QBRecordID&quot;: 1225,
        &quot;Third_Party_Dependant_For_Conne&quot;: null,
        &quot;Latitude&quot;: -34.07773141,
        &quot;Longitude&quot;: 18.43642987
      }
    },
    {
      &quot;attributes&quot;: {
        &quot;Precincts&quot;: &quot;Westlake&quot;,
        &quot;Quickbase_Status&quot;: &quot;Completed&quot;,
        &quot;QBRecordID&quot;: 1238,
        &quot;Third_Party_Dependant_For_Conne&quot;: null,
        &quot;Latitude&quot;: -34.07770619,
        &quot;Longitude&quot;: 18.43610438
      }
    },
    {
      &quot;attributes&quot;: {
        &quot;Precincts&quot;: &quot;Wierda Road&quot;,
        &quot;Quickbase_Status&quot;: &quot;Completed&quot;,
        &quot;QBRecordID&quot;: 352,
        &quot;Third_Party_Dependant_For_Conne&quot;: null,
        &quot;Latitude&quot;: -26.11288467,
        &quot;Longitude&quot;: 28.05756163
      }
    },
    {
      &quot;attributes&quot;: {
        &quot;Precincts&quot;: &quot;Wierda Road&quot;,
        &quot;Quickbase_Status&quot;: &quot;Completed&quot;,
        &quot;QBRecordID&quot;: 907,
        &quot;Third_Party_Dependant_For_Conne&quot;: null,
        &quot;Latitude&quot;: -26.11502317,
        &quot;Longitude&quot;: 28.05602756
      }
    },
    {
      &quot;attributes&quot;: {
        &quot;Precincts&quot;: &quot;Wierda Road&quot;,
        &quot;Quickbase_Status&quot;: &quot;Completed&quot;,
        &quot;QBRecordID&quot;: 906,
        &quot;Third_Party_Dependant_For_Conne&quot;: null,
        &quot;Latitude&quot;: -26.11475127,
        &quot;Longitude&quot;: 28.05674265
      }
    },
    {
      &quot;attributes&quot;: {
        &quot;Precincts&quot;: &quot;Wierda Road&quot;,
        &quot;Quickbase_Status&quot;: &quot;Completed&quot;,
        &quot;QBRecordID&quot;: 344,
        &quot;Third_Party_Dependant_For_Conne&quot;: null,
        &quot;Latitude&quot;: -26.11213823,
        &quot;Longitude&quot;: 28.0600523
      }
    },
    {
      &quot;attributes&quot;: {
        &quot;Precincts&quot;: &quot;Wierda Road&quot;,
        &quot;Quickbase_Status&quot;: &quot;Completed&quot;,
        &quot;QBRecordID&quot;: 339,
        &quot;Third_Party_Dependant_For_Conne&quot;: null,
        &quot;Latitude&quot;: -26.1112249,
        &quot;Longitude&quot;: 28.06029519
      }
    },
    {
      &quot;attributes&quot;: {
        &quot;Precincts&quot;: &quot;Rivonia North&quot;,
        &quot;Quickbase_Status&quot;: &quot;Completed&quot;,
        &quot;QBRecordID&quot;: 4087,
        &quot;Third_Party_Dependant_For_Conne&quot;: null,
        &quot;Latitude&quot;: -26.04513742,
        &quot;Longitude&quot;: 28.06001734
      }
    },
    {
      &quot;attributes&quot;: {
        &quot;Precincts&quot;: &quot;Rivonia North&quot;,
        &quot;Quickbase_Status&quot;: &quot;Completed&quot;,
        &quot;QBRecordID&quot;: 408,
        &quot;Third_Party_Dependant_For_Conne&quot;: null,
        &quot;Latitude&quot;: -26.04299487,
        &quot;Longitude&quot;: 28.0596109
      }
    },
    {
      &quot;attributes&quot;: {
        &quot;Precincts&quot;: &quot;Sandton Phase 2&quot;,
        &quot;Quickbase_Status&quot;: &quot;Completed&quot;,
        &quot;QBRecordID&quot;: 2925,
        &quot;Third_Party_Dependant_For_Conne&quot;: null,
        &quot;Latitude&quot;: -26.10204627,
        &quot;Longitude&quot;: 28.04912094
      }
    },
    {
      &quot;attributes&quot;: {
        &quot;Precincts&quot;: &quot;Sandton Phase 2&quot;,
        &quot;Quickbase_Status&quot;: &quot;Completed&quot;,
        &quot;QBRecordID&quot;: 2926,
        &quot;Third_Party_Dependant_For_Conne&quot;: null,
        &quot;Latitude&quot;: -26.10245259,
        &quot;Longitude&quot;: 28.04867125
      }
    },
    {
      &quot;attributes&quot;: {
        &quot;Precincts&quot;: &quot;Rivonia North&quot;,
        &quot;Quickbase_Status&quot;: &quot;Completed&quot;,
        &quot;QBRecordID&quot;: 1418,
        &quot;Third_Party_Dependant_For_Conne&quot;: null,
        &quot;Latitude&quot;: -26.04151605,
        &quot;Longitude&quot;: 28.06078391
      }
    },
    {
      &quot;attributes&quot;: {
        &quot;Precincts&quot;: &quot;Rivonia North&quot;,
        &quot;Quickbase_Status&quot;: &quot;Completed&quot;,
        &quot;QBRecordID&quot;: 1421,
        &quot;Third_Party_Dependant_For_Conne&quot;: null,
        &quot;Latitude&quot;: -26.04120739,
        &quot;Longitude&quot;: 28.061388
      }
    },
    {
      &quot;attributes&quot;: {
        &quot;Precincts&quot;: &quot;Woodlands Office Park&quot;,
        &quot;Quickbase_Status&quot;: &quot;Completed&quot;,
        &quot;QBRecordID&quot;: 1685,
        &quot;Third_Party_Dependant_For_Conne&quot;: null,
        &quot;Latitude&quot;: -26.06379788,
        &quot;Longitude&quot;: 28.08200005
      }
    },
    {
      &quot;attributes&quot;: {
        &quot;Precincts&quot;: &quot;Woodlands Office Park&quot;,
        &quot;Quickbase_Status&quot;: &quot;Completed&quot;,
        &quot;QBRecordID&quot;: 1644,
        &quot;Third_Party_Dependant_For_Conne&quot;: null,
        &quot;Latitude&quot;: -26.05870539,
        &quot;Longitude&quot;: 28.08832201
      }
    },
    {
      &quot;attributes&quot;: {
        &quot;Precincts&quot;: &quot;Woodlands Office Park&quot;,
        &quot;Quickbase_Status&quot;: &quot;Completed&quot;,
        &quot;QBRecordID&quot;: 1645,
        &quot;Third_Party_Dependant_For_Conne&quot;: null,
        &quot;Latitude&quot;: -26.05967007,
        &quot;Longitude&quot;: 28.08766525
      }
    },
    {
      &quot;attributes&quot;: {
        &quot;Precincts&quot;: &quot;Burnside Office Park&quot;,
        &quot;Quickbase_Status&quot;: &quot;Completed&quot;,
        &quot;QBRecordID&quot;: 3010,
        &quot;Third_Party_Dependant_For_Conne&quot;: null,
        &quot;Latitude&quot;: -26.11295458,
        &quot;Longitude&quot;: 28.02058826
      }
    },
    {
      &quot;attributes&quot;: {
        &quot;Precincts&quot;: &quot;Thornhill&quot;,
        &quot;Quickbase_Status&quot;: &quot;Completed&quot;,
        &quot;QBRecordID&quot;: 18369,
        &quot;Third_Party_Dependant_For_Conne&quot;: null,
        &quot;Latitude&quot;: -26.01058292,
        &quot;Longitude&quot;: 28.11273673
      }
    },
    {
      &quot;attributes&quot;: {
        &quot;Precincts&quot;: &quot;Thornhill&quot;,
        &quot;Quickbase_Status&quot;: &quot;Completed&quot;,
        &quot;QBRecordID&quot;: 1183,
        &quot;Third_Party_Dependant_For_Conne&quot;: null,
        &quot;Latitude&quot;: -26.01014749,
        &quot;Longitude&quot;: 28.11255058
      }
    },
    {
      &quot;attributes&quot;: {
        &quot;Precincts&quot;: &quot;Thornhill&quot;,
        &quot;Quickbase_Status&quot;: &quot;Completed&quot;,
        &quot;QBRecordID&quot;: 1184,
        &quot;Third_Party_Dependant_For_Conne&quot;: null,
        &quot;Latitude&quot;: -26.01040154,
        &quot;Longitude&quot;: 28.11235758
      }
    },
    {
      &quot;attributes&quot;: {
        &quot;Precincts&quot;: &quot;Thornhill&quot;,
        &quot;Quickbase_Status&quot;: &quot;Completed&quot;,
        &quot;QBRecordID&quot;: 1199,
        &quot;Third_Party_Dependant_For_Conne&quot;: null,
        &quot;Latitude&quot;: -26.00903596,
        &quot;Longitude&quot;: 28.11230149
      }
    },
    {
      &quot;attributes&quot;: {
        &quot;Precincts&quot;: &quot;Charles Crescent&quot;,
        &quot;Quickbase_Status&quot;: &quot;Completed&quot;,
        &quot;QBRecordID&quot;: 1350,
        &quot;Third_Party_Dependant_For_Conne&quot;: null,
        &quot;Latitude&quot;: -26.09722039,
        &quot;Longitude&quot;: 28.08048754
      }
    },
    {
      &quot;attributes&quot;: {
        &quot;Precincts&quot;: &quot;Central Street&quot;,
        &quot;Quickbase_Status&quot;: &quot;Completed&quot;,
        &quot;QBRecordID&quot;: 70460,
        &quot;Third_Party_Dependant_For_Conne&quot;: null,
        &quot;Latitude&quot;: -26.16809389,
        &quot;Longitude&quot;: 28.0555867
      }
    },
    {
      &quot;attributes&quot;: {
        &quot;Precincts&quot;: &quot;George Road&quot;,
        &quot;Quickbase_Status&quot;: &quot;Completed&quot;,
        &quot;QBRecordID&quot;: 6765,
        &quot;Third_Party_Dependant_For_Conne&quot;: null,
        &quot;Latitude&quot;: -25.9659816,
        &quot;Longitude&quot;: 28.13169588
      }
    },
    {
      &quot;attributes&quot;: {
        &quot;Precincts&quot;: &quot;George Road&quot;,
        &quot;Quickbase_Status&quot;: &quot;Completed&quot;,
        &quot;QBRecordID&quot;: 1360,
        &quot;Third_Party_Dependant_For_Conne&quot;: null,
        &quot;Latitude&quot;: -25.96280381,
        &quot;Longitude&quot;: 28.13445425
      }
    },
    {
      &quot;attributes&quot;: {
        &quot;Precincts&quot;: &quot;George Road&quot;,
        &quot;Quickbase_Status&quot;: &quot;Completed&quot;,
        &quot;QBRecordID&quot;: 1359,
        &quot;Third_Party_Dependant_For_Conne&quot;: null,
        &quot;Latitude&quot;: -25.9632861,
        &quot;Longitude&quot;: 28.13428959
      }
    },
    {
      &quot;attributes&quot;: {
        &quot;Precincts&quot;: &quot;George Road&quot;,
        &quot;Quickbase_Status&quot;: &quot;Completed&quot;,
        &quot;QBRecordID&quot;: 1771,
        &quot;Third_Party_Dependant_For_Conne&quot;: null,
        &quot;Latitude&quot;: -25.97421022,
        &quot;Longitude&quot;: 28.1338826
      }
    },
    {
      &quot;attributes&quot;: {
        &quot;Precincts&quot;: &quot;Hyde Park&quot;,
        &quot;Quickbase_Status&quot;: &quot;Completed&quot;,
        &quot;QBRecordID&quot;: 1927,
        &quot;Third_Party_Dependant_For_Conne&quot;: null,
        &quot;Latitude&quot;: -26.11867525,
        &quot;Longitude&quot;: 28.03157782
      }
    },
    {
      &quot;attributes&quot;: {
        &quot;Precincts&quot;: &quot;Hyde Park&quot;,
        &quot;Quickbase_Status&quot;: &quot;Completed&quot;,
        &quot;QBRecordID&quot;: 1934,
        &quot;Third_Party_Dependant_For_Conne&quot;: null,
        &quot;Latitude&quot;: -26.11808289,
        &quot;Longitude&quot;: 28.03269145
      }
    },
    {
      &quot;attributes&quot;: {
        &quot;Precincts&quot;: &quot;Rosebank Phase 1&quot;,
        &quot;Quickbase_Status&quot;: &quot;Completed&quot;,
        &quot;QBRecordID&quot;: 2859,
        &quot;Third_Party_Dependant_For_Conne&quot;: null,
        &quot;Latitude&quot;: -26.14350544,
        &quot;Longitude&quot;: 28.03687593
      }
    },
    {
      &quot;attributes&quot;: {
        &quot;Precincts&quot;: &quot;Hyde Park&quot;,
        &quot;Quickbase_Status&quot;: &quot;Completed&quot;,
        &quot;QBRecordID&quot;: 1930,
        &quot;Third_Party_Dependant_For_Conne&quot;: null,
        &quot;Latitude&quot;: -26.11566037,
        &quot;Longitude&quot;: 28.03153285
      }
    },
    {
      &quot;attributes&quot;: {
        &quot;Precincts&quot;: &quot;Hyde Park&quot;,
        &quot;Quickbase_Status&quot;: &quot;Completed&quot;,
        &quot;QBRecordID&quot;: 2670,
        &quot;Third_Party_Dependant_For_Conne&quot;: null,
        &quot;Latitude&quot;: -26.11624781,
        &quot;Longitude&quot;: 28.03126775
      }
    },
    {
      &quot;attributes&quot;: {
        &quot;Precincts&quot;: &quot;Witch-Hazel&quot;,
        &quot;Quickbase_Status&quot;: &quot;Completed&quot;,
        &quot;QBRecordID&quot;: 1268,
        &quot;Third_Party_Dependant_For_Conne&quot;: null,
        &quot;Latitude&quot;: -25.87375266,
        &quot;Longitude&quot;: 28.18160058
      }
    },
    {
      &quot;attributes&quot;: {
        &quot;Precincts&quot;: &quot;Kent&quot;,
        &quot;Quickbase_Status&quot;: &quot;Completed&quot;,
        &quot;QBRecordID&quot;: 724,
        &quot;Third_Party_Dependant_For_Conne&quot;: null,
        &quot;Latitude&quot;: -26.0931965,
        &quot;Longitude&quot;: 27.99877115
      }
    },
    {
      &quot;attributes&quot;: {
        &quot;Precincts&quot;: &quot;Kent&quot;,
        &quot;Quickbase_Status&quot;: &quot;Completed&quot;,
        &quot;QBRecordID&quot;: 740,
        &quot;Third_Party_Dependant_For_Conne&quot;: null,
        &quot;Latitude&quot;: -26.0999676,
        &quot;Longitude&quot;: 27.9979808
      }
    },
    {
      &quot;attributes&quot;: {
        &quot;Precincts&quot;: &quot;Kent&quot;,
        &quot;Quickbase_Status&quot;: &quot;Completed&quot;,
        &quot;QBRecordID&quot;: 741,
        &quot;Third_Party_Dependant_For_Conne&quot;: null,
        &quot;Latitude&quot;: -26.10002128,
        &quot;Longitude&quot;: 27.99838551
      }
    },
    {
      &quot;attributes&quot;: {
        &quot;Precincts&quot;: &quot;Kent&quot;,
        &quot;Quickbase_Status&quot;: &quot;Completed&quot;,
        &quot;QBRecordID&quot;: 742,
        &quot;Third_Party_Dependant_For_Conne&quot;: null,
        &quot;Latitude&quot;: -26.10011168,
        &quot;Longitude&quot;: 27.99742844
      }
    },
    {
      &quot;attributes&quot;: {
        &quot;Precincts&quot;: &quot;Central Park&quot;,
        &quot;Quickbase_Status&quot;: &quot;Completed&quot;,
        &quot;QBRecordID&quot;: 1521,
        &quot;Third_Party_Dependant_For_Conne&quot;: null,
        &quot;Latitude&quot;: -25.97705386,
        &quot;Longitude&quot;: 28.13308872
      }
    },
    {
      &quot;attributes&quot;: {
        &quot;Precincts&quot;: &quot;Central Park&quot;,
        &quot;Quickbase_Status&quot;: &quot;Completed&quot;,
        &quot;QBRecordID&quot;: 1479,
        &quot;Third_Party_Dependant_For_Conne&quot;: null,
        &quot;Latitude&quot;: -25.98073588,
        &quot;Longitude&quot;: 28.1312518
      }
    },
    {
      &quot;attributes&quot;: {
        &quot;Precincts&quot;: &quot;Kent&quot;,
        &quot;Quickbase_Status&quot;: &quot;Completed&quot;,
        &quot;QBRecordID&quot;: 726,
        &quot;Third_Party_Dependant_For_Conne&quot;: null,
        &quot;Latitude&quot;: -26.09331919,
        &quot;Longitude&quot;: 27.99992251
      }
    },
    {
      &quot;attributes&quot;: {
        &quot;Precincts&quot;: &quot;Bryanston Extension&quot;,
        &quot;Quickbase_Status&quot;: &quot;Completed&quot;,
        &quot;QBRecordID&quot;: 1890,
        &quot;Third_Party_Dependant_For_Conne&quot;: null,
        &quot;Latitude&quot;: -26.04272391,
        &quot;Longitude&quot;: 28.01311205
      }
    },
    {
      &quot;attributes&quot;: {
        &quot;Precincts&quot;: &quot;Bryanston Extension&quot;,
        &quot;Quickbase_Status&quot;: &quot;Completed&quot;,
        &quot;QBRecordID&quot;: 1891,
        &quot;Third_Party_Dependant_For_Conne&quot;: null,
        &quot;Latitude&quot;: -26.04345861,
        &quot;Longitude&quot;: 28.01266957
      }
    },
    {
      &quot;attributes&quot;: {
        &quot;Precincts&quot;: &quot;Bryanston Extension&quot;,
        &quot;Quickbase_Status&quot;: &quot;Completed&quot;,
        &quot;QBRecordID&quot;: 1874,
        &quot;Third_Party_Dependant_For_Conne&quot;: null,
        &quot;Latitude&quot;: -26.04483551,
        &quot;Longitude&quot;: 28.02007827
      }
    },
    {
      &quot;attributes&quot;: {
        &quot;Precincts&quot;: &quot;Bryanston Extension&quot;,
        &quot;Quickbase_Status&quot;: &quot;Completed&quot;,
        &quot;QBRecordID&quot;: 1875,
        &quot;Third_Party_Dependant_For_Conne&quot;: null,
        &quot;Latitude&quot;: -26.04344398,
        &quot;Longitude&quot;: 28.01807662
      }
    },
    {
      &quot;attributes&quot;: {
        &quot;Precincts&quot;: &quot;Bryanston Extension&quot;,
        &quot;Quickbase_Status&quot;: &quot;Completed&quot;,
        &quot;QBRecordID&quot;: 1885,
        &quot;Third_Party_Dependant_For_Conne&quot;: null,
        &quot;Latitude&quot;: -26.04885588,
        &quot;Longitude&quot;: 28.02008276
      }
    },
    {
      &quot;attributes&quot;: {
        &quot;Precincts&quot;: &quot;Rivonia North&quot;,
        &quot;Quickbase_Status&quot;: &quot;Completed&quot;,
        &quot;QBRecordID&quot;: 623,
        &quot;Third_Party_Dependant_For_Conne&quot;: null,
        &quot;Latitude&quot;: -26.04014552,
        &quot;Longitude&quot;: 28.05833065
      }
    },
    {
      &quot;attributes&quot;: {
        &quot;Precincts&quot;: &quot;Rivonia North&quot;,
        &quot;Quickbase_Status&quot;: &quot;Completed&quot;,
        &quot;QBRecordID&quot;: 448,
        &quot;Third_Party_Dependant_For_Conne&quot;: null,
        &quot;Latitude&quot;: -26.03972485,
        &quot;Longitude&quot;: 28.05840656
      }
    },
    {
      &quot;attributes&quot;: {
        &quot;Precincts&quot;: &quot;Morningside&quot;,
        &quot;Quickbase_Status&quot;: &quot;Completed&quot;,
        &quot;QBRecordID&quot;: 1152,
        &quot;Third_Party_Dependant_For_Conne&quot;: null,
        &quot;Latitude&quot;: -26.07788601,
        &quot;Longitude&quot;: 28.06449665
      }
    },
    {
      &quot;attributes&quot;: {
        &quot;Precincts&quot;: &quot;Morningside&quot;,
        &quot;Quickbase_Status&quot;: &quot;Completed&quot;,
        &quot;QBRecordID&quot;: 1408,
        &quot;Third_Party_Dependant_For_Conne&quot;: null,
        &quot;Latitude&quot;: -26.07874042,
        &quot;Longitude&quot;: 28.0642766
      }
    },
    {
      &quot;attributes&quot;: {
        &quot;Precincts&quot;: &quot;Arden Grove&quot;,
        &quot;Quickbase_Status&quot;: &quot;Completed&quot;,
        &quot;QBRecordID&quot;: 1598,
        &quot;Third_Party_Dependant_For_Conne&quot;: null,
        &quot;Latitude&quot;: -33.86631822,
        &quot;Longitude&quot;: 18.51205694
      }
    },
    {
      &quot;attributes&quot;: {
        &quot;Precincts&quot;: &quot;Lynnwood East&quot;,
        &quot;Quickbase_Status&quot;: &quot;Completed&quot;,
        &quot;QBRecordID&quot;: 3878,
        &quot;Third_Party_Dependant_For_Conne&quot;: null,
        &quot;Latitude&quot;: -25.76683328,
        &quot;Longitude&quot;: 28.28281875
      }
    },
    {
      &quot;attributes&quot;: {
        &quot;Precincts&quot;: &quot;Sandton Phase 3&quot;,
        &quot;Quickbase_Status&quot;: &quot;Completed&quot;,
        &quot;QBRecordID&quot;: 4036,
        &quot;Third_Party_Dependant_For_Conne&quot;: null,
        &quot;Latitude&quot;: -26.1112281,
        &quot;Longitude&quot;: 28.05414862
      }
    },
    {
      &quot;attributes&quot;: {
        &quot;Precincts&quot;: &quot;CPT CBD Phase 01&quot;,
        &quot;Quickbase_Status&quot;: &quot;Completed&quot;,
        &quot;QBRecordID&quot;: 3054,
        &quot;Third_Party_Dependant_For_Conne&quot;: null,
        &quot;Latitude&quot;: -33.91566503,
        &quot;Longitude&quot;: 18.42466137
      }
    },
    {
      &quot;attributes&quot;: {
        &quot;Precincts&quot;: &quot;Sandton Phase 3&quot;,
        &quot;Quickbase_Status&quot;: &quot;Completed&quot;,
        &quot;QBRecordID&quot;: 2947,
        &quot;Third_Party_Dependant_For_Conne&quot;: null,
        &quot;Latitude&quot;: -26.10596958,
        &quot;Longitude&quot;: 28.0549988
      }
    },
    {
      &quot;attributes&quot;: {
        &quot;Precincts&quot;: &quot;Witch-Hazel&quot;,
        &quot;Quickbase_Status&quot;: &quot;Completed&quot;,
        &quot;QBRecordID&quot;: 1670,
        &quot;Third_Party_Dependant_For_Conne&quot;: null,
        &quot;Latitude&quot;: -25.87272731,
        &quot;Longitude&quot;: 28.18602458
      }
    },
    {
      &quot;attributes&quot;: {
        &quot;Precincts&quot;: &quot;Tygervalley&quot;,
        &quot;Quickbase_Status&quot;: &quot;Completed&quot;,
        &quot;QBRecordID&quot;: 2560,
        &quot;Third_Party_Dependant_For_Conne&quot;: null,
        &quot;Latitude&quot;: -33.87979836,
        &quot;Longitude&quot;: 18.63611343
      }
    },
    {
      &quot;attributes&quot;: {
        &quot;Precincts&quot;: &quot;Tygervalley&quot;,
        &quot;Quickbase_Status&quot;: &quot;Completed&quot;,
        &quot;QBRecordID&quot;: 3804,
        &quot;Third_Party_Dependant_For_Conne&quot;: null,
        &quot;Latitude&quot;: -33.87961066,
        &quot;Longitude&quot;: 18.63617644
      }
    },
    {
      &quot;attributes&quot;: {
        &quot;Precincts&quot;: &quot;Tygervalley&quot;,
        &quot;Quickbase_Status&quot;: &quot;Completed&quot;,
        &quot;QBRecordID&quot;: 2585,
        &quot;Third_Party_Dependant_For_Conne&quot;: null,
        &quot;Latitude&quot;: -33.87929718,
        &quot;Longitude&quot;: 18.6362512
      }
    },
    {
      &quot;attributes&quot;: {
        &quot;Precincts&quot;: &quot;Tygervalley&quot;,
        &quot;Quickbase_Status&quot;: &quot;Completed&quot;,
        &quot;QBRecordID&quot;: 2571,
        &quot;Third_Party_Dependant_For_Conne&quot;: null,
        &quot;Latitude&quot;: -33.88055202,
        &quot;Longitude&quot;: 18.63703908
      }
    },
    {
      &quot;attributes&quot;: {
        &quot;Precincts&quot;: &quot;Tygervalley&quot;,
        &quot;Quickbase_Status&quot;: &quot;Completed&quot;,
        &quot;QBRecordID&quot;: 2587,
        &quot;Third_Party_Dependant_For_Conne&quot;: null,
        &quot;Latitude&quot;: -33.87709445,
        &quot;Longitude&quot;: 18.63436624
      }
    },
    {
      &quot;attributes&quot;: {
        &quot;Precincts&quot;: &quot;Westlake&quot;,
        &quot;Quickbase_Status&quot;: &quot;Completed&quot;,
        &quot;QBRecordID&quot;: 1813,
        &quot;Third_Party_Dependant_For_Conne&quot;: null,
        &quot;Latitude&quot;: -34.07933,
        &quot;Longitude&quot;: 18.43864394
      }
    },
    {
      &quot;attributes&quot;: {
        &quot;Precincts&quot;: &quot;Westlake&quot;,
        &quot;Quickbase_Status&quot;: &quot;Completed&quot;,
        &quot;QBRecordID&quot;: 69393,
        &quot;Third_Party_Dependant_For_Conne&quot;: null,
        &quot;Latitude&quot;: -34.07728605,
        &quot;Longitude&quot;: 18.43579113
      }
    },
    {
      &quot;attributes&quot;: {
        &quot;Precincts&quot;: &quot;Westlake&quot;,
        &quot;Quickbase_Status&quot;: &quot;Completed&quot;,
        &quot;QBRecordID&quot;: 1798,
        &quot;Third_Party_Dependant_For_Conne&quot;: null,
        &quot;Latitude&quot;: -34.0771053,
        &quot;Longitude&quot;: 18.4375535
      }
    },
    {
      &quot;attributes&quot;: {
        &quot;Precincts&quot;: &quot;Westlake&quot;,
        &quot;Quickbase_Status&quot;: &quot;Completed&quot;,
        &quot;QBRecordID&quot;: 1247,
        &quot;Third_Party_Dependant_For_Conne&quot;: null,
        &quot;Latitude&quot;: -34.08035469,
        &quot;Longitude&quot;: 18.43948575
      }
    },
    {
      &quot;attributes&quot;: {
        &quot;Precincts&quot;: &quot;Westlake&quot;,
        &quot;Quickbase_Status&quot;: &quot;Completed&quot;,
        &quot;QBRecordID&quot;: 73156,
        &quot;Third_Party_Dependant_For_Conne&quot;: null,
        &quot;Latitude&quot;: -34.08068011,
        &quot;Longitude&quot;: 18.43958417
      }
    },
    {
      &quot;attributes&quot;: {
        &quot;Precincts&quot;: &quot;Westlake&quot;,
        &quot;Quickbase_Status&quot;: &quot;Completed&quot;,
        &quot;QBRecordID&quot;: 1799,
        &quot;Third_Party_Dependant_For_Conne&quot;: null,
        &quot;Latitude&quot;: -34.07921457,
        &quot;Longitude&quot;: 18.44105132
      }
    },
    {
      &quot;attributes&quot;: {
        &quot;Precincts&quot;: &quot;Westlake&quot;,
        &quot;Quickbase_Status&quot;: &quot;Completed&quot;,
        &quot;QBRecordID&quot;: 1824,
        &quot;Third_Party_Dependant_For_Conne&quot;: null,
        &quot;Latitude&quot;: -34.07881178,
        &quot;Longitude&quot;: 18.43621465
      }
    },
    {
      &quot;attributes&quot;: {
        &quot;Precincts&quot;: &quot;Rosebank Phase 2&quot;,
        &quot;Quickbase_Status&quot;: &quot;Completed&quot;,
        &quot;QBRecordID&quot;: 3998,
        &quot;Third_Party_Dependant_For_Conne&quot;: null,
        &quot;Latitude&quot;: -26.14609376,
        &quot;Longitude&quot;: 28.04004412
      }
    },
    {
      &quot;attributes&quot;: {
        &quot;Precincts&quot;: &quot;Rosebank Phase 2&quot;,
        &quot;Quickbase_Status&quot;: &quot;Completed&quot;,
        &quot;QBRecordID&quot;: 3398,
        &quot;Third_Party_Dependant_For_Conne&quot;: null,
        &quot;Latitude&quot;: -26.14776416,
        &quot;Longitude&quot;: 28.04031884
      }
    },
    {
      &quot;attributes&quot;: {
        &quot;Precincts&quot;: &quot;Steenberg&quot;,
        &quot;Quickbase_Status&quot;: &quot;Completed&quot;,
        &quot;QBRecordID&quot;: 2534,
        &quot;Third_Party_Dependant_For_Conne&quot;: null,
        &quot;Latitude&quot;: -34.08082729,
        &quot;Longitude&quot;: 18.43361242
      }
    },
    {
      &quot;attributes&quot;: {
        &quot;Precincts&quot;: &quot;Wierda Road&quot;,
        &quot;Quickbase_Status&quot;: &quot;Completed&quot;,
        &quot;QBRecordID&quot;: 607,
        &quot;Third_Party_Dependant_For_Conne&quot;: null,
        &quot;Latitude&quot;: -26.11411601,
        &quot;Longitude&quot;: 28.05543353
      }
    },
    {
      &quot;attributes&quot;: {
        &quot;Precincts&quot;: &quot;Capital Hill&quot;,
        &quot;Quickbase_Status&quot;: &quot;Completed&quot;,
        &quot;QBRecordID&quot;: 2398,
        &quot;Third_Party_Dependant_For_Conne&quot;: null,
        &quot;Latitude&quot;: -26.01222515,
        &quot;Longitude&quot;: 28.12601621
      }
    },
    {
      &quot;attributes&quot;: {
        &quot;Precincts&quot;: &quot;Wierda Road&quot;,
        &quot;Quickbase_Status&quot;: &quot;Completed&quot;,
        &quot;QBRecordID&quot;: 341,
        &quot;Third_Party_Dependant_For_Conne&quot;: null,
        &quot;Latitude&quot;: -26.1102076,
        &quot;Longitude&quot;: 28.05878269
      }
    },
    {
      &quot;attributes&quot;: {
        &quot;Precincts&quot;: &quot;Peter Place&quot;,
        &quot;Quickbase_Status&quot;: &quot;Completed&quot;,
        &quot;QBRecordID&quot;: 691,
        &quot;Third_Party_Dependant_For_Conne&quot;: null,
        &quot;Latitude&quot;: -26.08149148,
        &quot;Longitude&quot;: 28.01611874
      }
    },
    {
      &quot;attributes&quot;: {
        &quot;Precincts&quot;: &quot;Peter Place&quot;,
        &quot;Quickbase_Status&quot;: &quot;Completed&quot;,
        &quot;QBRecordID&quot;: 696,
        &quot;Third_Party_Dependant_For_Conne&quot;: null,
        &quot;Latitude&quot;: -26.08254688,
        &quot;Longitude&quot;: 28.01854698
      }
    },
    {
      &quot;attributes&quot;: {
        &quot;Precincts&quot;: &quot;Peter Place&quot;,
        &quot;Quickbase_Status&quot;: &quot;Completed&quot;,
        &quot;QBRecordID&quot;: 404,
        &quot;Third_Party_Dependant_For_Conne&quot;: null,
        &quot;Latitude&quot;: -26.08096793,
        &quot;Longitude&quot;: 28.01997187
      }
    },
    {
      &quot;attributes&quot;: {
        &quot;Precincts&quot;: &quot;Rivonia North&quot;,
        &quot;Quickbase_Status&quot;: &quot;Completed&quot;,
        &quot;QBRecordID&quot;: 621,
        &quot;Third_Party_Dependant_For_Conne&quot;: null,
        &quot;Latitude&quot;: -26.04195522,
        &quot;Longitude&quot;: 28.05865787
      }
    },
    {
      &quot;attributes&quot;: {
        &quot;Precincts&quot;: &quot;Rivonia North&quot;,
        &quot;Quickbase_Status&quot;: &quot;Completed&quot;,
        &quot;QBRecordID&quot;: 620,
        &quot;Third_Party_Dependant_For_Conne&quot;: null,
        &quot;Latitude&quot;: -26.04221103,
        &quot;Longitude&quot;: 28.05901034
      }
    },
    {
      &quot;attributes&quot;: {
        &quot;Precincts&quot;: &quot;Rivonia North&quot;,
        &quot;Quickbase_Status&quot;: &quot;Completed&quot;,
        &quot;QBRecordID&quot;: 4088,
        &quot;Third_Party_Dependant_For_Conne&quot;: null,
        &quot;Latitude&quot;: -26.04399884,
        &quot;Longitude&quot;: 28.06019704
      }
    },
    {
      &quot;attributes&quot;: {
        &quot;Precincts&quot;: &quot;Rivonia North&quot;,
        &quot;Quickbase_Status&quot;: &quot;Completed&quot;,
        &quot;QBRecordID&quot;: 603,
        &quot;Third_Party_Dependant_For_Conne&quot;: null,
        &quot;Latitude&quot;: -26.04818113,
        &quot;Longitude&quot;: 28.0592682
      }
    },
    {
      &quot;attributes&quot;: {
        &quot;Precincts&quot;: &quot;Rivonia North&quot;,
        &quot;Quickbase_Status&quot;: &quot;Completed&quot;,
        &quot;QBRecordID&quot;: 424,
        &quot;Third_Party_Dependant_For_Conne&quot;: null,
        &quot;Latitude&quot;: -26.04094161,
        &quot;Longitude&quot;: 28.05853673
      }
    },
    {
      &quot;attributes&quot;: {
        &quot;Precincts&quot;: &quot;Rivonia North&quot;,
        &quot;Quickbase_Status&quot;: &quot;Completed&quot;,
        &quot;QBRecordID&quot;: 449,
        &quot;Third_Party_Dependant_For_Conne&quot;: null,
        &quot;Latitude&quot;: -26.04109033,
        &quot;Longitude&quot;: 28.05825901
      }
    },
    {
      &quot;attributes&quot;: {
        &quot;Precincts&quot;: &quot;Rivonia North&quot;,
        &quot;Quickbase_Status&quot;: &quot;Completed&quot;,
        &quot;QBRecordID&quot;: 450,
        &quot;Third_Party_Dependant_For_Conne&quot;: null,
        &quot;Latitude&quot;: -26.04106604,
        &quot;Longitude&quot;: 28.05806732
      }
    },
    {
      &quot;attributes&quot;: {
        &quot;Precincts&quot;: &quot;CPT CBD Phase 01&quot;,
        &quot;Quickbase_Status&quot;: &quot;Completed&quot;,
        &quot;QBRecordID&quot;: 3065,
        &quot;Third_Party_Dependant_For_Conne&quot;: null,
        &quot;Latitude&quot;: -33.91746283,
        &quot;Longitude&quot;: 18.42704992
      }
    },
    {
      &quot;attributes&quot;: {
        &quot;Precincts&quot;: &quot;Katherine Extension&quot;,
        &quot;Quickbase_Status&quot;: &quot;Completed&quot;,
        &quot;QBRecordID&quot;: 4053,
        &quot;Third_Party_Dependant_For_Conne&quot;: null,
        &quot;Latitude&quot;: -26.10564353,
        &quot;Longitude&quot;: 28.06869864
      }
    },
    {
      &quot;attributes&quot;: {
        &quot;Precincts&quot;: &quot;Woodlands Office Park&quot;,
        &quot;Quickbase_Status&quot;: &quot;Completed&quot;,
        &quot;QBRecordID&quot;: 1679,
        &quot;Third_Party_Dependant_For_Conne&quot;: null,
        &quot;Latitude&quot;: -26.06332626,
        &quot;Longitude&quot;: 28.08264998
      }
    },
    {
      &quot;attributes&quot;: {
        &quot;Precincts&quot;: &quot;Girton&quot;,
        &quot;Quickbase_Status&quot;: &quot;Completed&quot;,
        &quot;QBRecordID&quot;: 1345,
        &quot;Third_Party_Dependant_For_Conne&quot;: null,
        &quot;Latitude&quot;: -26.18340527,
        &quot;Longitude&quot;: 28.03563106
      }
    },
    {
      &quot;attributes&quot;: {
        &quot;Precincts&quot;: &quot;Girton&quot;,
        &quot;Quickbase_Status&quot;: &quot;Completed&quot;,
        &quot;QBRecordID&quot;: 918,
        &quot;Third_Party_Dependant_For_Conne&quot;: null,
        &quot;Latitude&quot;: -26.18419853,
        &quot;Longitude&quot;: 28.03554664
      }
    },
    {
      &quot;attributes&quot;: {
        &quot;Precincts&quot;: &quot;Ballyclare (Bally Oakes incl)&quot;,
        &quot;Quickbase_Status&quot;: &quot;Completed&quot;,
        &quot;QBRecordID&quot;: 568,
        &quot;Third_Party_Dependant_For_Conne&quot;: null,
        &quot;Latitude&quot;: -26.07500294,
        &quot;Longitude&quot;: 28.02906171
      }
    },
    {
      &quot;attributes&quot;: {
        &quot;Precincts&quot;: &quot;CPT CBD Phase 01&quot;,
        &quot;Quickbase_Status&quot;: &quot;Completed&quot;,
        &quot;QBRecordID&quot;: 3057,
        &quot;Third_Party_Dependant_For_Conne&quot;: null,
        &quot;Latitude&quot;: -33.9162624,
        &quot;Longitude&quot;: 18.42330994
      }
    },
    {
      &quot;attributes&quot;: {
        &quot;Precincts&quot;: &quot;Skeen Boulevard&quot;,
        &quot;Quickbase_Status&quot;: &quot;Completed&quot;,
        &quot;QBRecordID&quot;: 1513,
        &quot;Third_Party_Dependant_For_Conne&quot;: null,
        &quot;Latitude&quot;: -26.17642268,
        &quot;Longitude&quot;: 28.13381441
      }
    },
    {
      &quot;attributes&quot;: {
        &quot;Precincts&quot;: &quot;Skeen Boulevard&quot;,
        &quot;Quickbase_Status&quot;: &quot;Completed&quot;,
        &quot;QBRecordID&quot;: 1159,
        &quot;Third_Party_Dependant_For_Conne&quot;: null,
        &quot;Latitude&quot;: -26.17634503,
        &quot;Longitude&quot;: 28.13461835
      }
    },
    {
      &quot;attributes&quot;: {
        &quot;Precincts&quot;: &quot;Skeen Boulevard&quot;,
        &quot;Quickbase_Status&quot;: &quot;Completed&quot;,
        &quot;QBRecordID&quot;: 1514,
        &quot;Third_Party_Dependant_For_Conne&quot;: null,
        &quot;Latitude&quot;: -26.17533548,
        &quot;Longitude&quot;: 28.13455481
      }
    },
    {
      &quot;attributes&quot;: {
        &quot;Precincts&quot;: &quot;Skeen Boulevard&quot;,
        &quot;Quickbase_Status&quot;: &quot;Completed&quot;,
        &quot;QBRecordID&quot;: 1168,
        &quot;Third_Party_Dependant_For_Conne&quot;: null,
        &quot;Latitude&quot;: -26.17544135,
        &quot;Longitude&quot;: 28.13371141
      }
    },
    {
      &quot;attributes&quot;: {
        &quot;Precincts&quot;: &quot;Skeen Boulevard&quot;,
        &quot;Quickbase_Status&quot;: &quot;Completed&quot;,
        &quot;QBRecordID&quot;: 1162,
        &quot;Third_Party_Dependant_For_Conne&quot;: null,
        &quot;Latitude&quot;: -26.17568024,
        &quot;Longitude&quot;: 28.13240917
      }
    },
    {
      &quot;attributes&quot;: {
        &quot;Precincts&quot;: &quot;Skeen Boulevard&quot;,
        &quot;Quickbase_Status&quot;: &quot;Completed&quot;,
        &quot;QBRecordID&quot;: 1170,
        &quot;Third_Party_Dependant_For_Conne&quot;: null,
        &quot;Latitude&quot;: -26.17463565,
        &quot;Longitude&quot;: 28.13435039
      }
    },
    {
      &quot;attributes&quot;: {
        &quot;Precincts&quot;: &quot;Rosenpark&quot;,
        &quot;Quickbase_Status&quot;: &quot;Completed&quot;,
        &quot;QBRecordID&quot;: 2725,
        &quot;Third_Party_Dependant_For_Conne&quot;: null,
        &quot;Latitude&quot;: -33.86938067,
        &quot;Longitude&quot;: 18.64205105
      }
    },
    {
      &quot;attributes&quot;: {
        &quot;Precincts&quot;: &quot;Rosenpark&quot;,
        &quot;Quickbase_Status&quot;: &quot;Completed&quot;,
        &quot;QBRecordID&quot;: 2736,
        &quot;Third_Party_Dependant_For_Conne&quot;: null,
        &quot;Latitude&quot;: -33.87111322,
        &quot;Longitude&quot;: 18.63999048
      }
    },
    {
      &quot;attributes&quot;: {
        &quot;Precincts&quot;: &quot;Sunninghill&quot;,
        &quot;Quickbase_Status&quot;: &quot;Completed&quot;,
        &quot;QBRecordID&quot;: 370,
        &quot;Third_Party_Dependant_For_Conne&quot;: null,
        &quot;Latitude&quot;: -26.03403242,
        &quot;Longitude&quot;: 28.06239088
      }
    },
    {
      &quot;attributes&quot;: {
        &quot;Precincts&quot;: &quot;Katherine Extension&quot;,
        &quot;Quickbase_Status&quot;: &quot;Completed&quot;,
        &quot;QBRecordID&quot;: 1776,
        &quot;Third_Party_Dependant_For_Conne&quot;: null,
        &quot;Latitude&quot;: -26.10182688,
        &quot;Longitude&quot;: 28.07244195
      }
    },
    {
      &quot;attributes&quot;: {
        &quot;Precincts&quot;: &quot;Katherine Extension&quot;,
        &quot;Quickbase_Status&quot;: &quot;Completed&quot;,
        &quot;QBRecordID&quot;: 1328,
        &quot;Third_Party_Dependant_For_Conne&quot;: null,
        &quot;Latitude&quot;: -26.10050866,
        &quot;Longitude&quot;: 28.07430651
      }
    },
    {
      &quot;attributes&quot;: {
        &quot;Precincts&quot;: &quot;Katherine Extension&quot;,
        &quot;Quickbase_Status&quot;: &quot;Completed&quot;,
        &quot;QBRecordID&quot;: 1327,
        &quot;Third_Party_Dependant_For_Conne&quot;: null,
        &quot;Latitude&quot;: -26.10092606,
        &quot;Longitude&quot;: 28.07431622
      }
    },
    {
      &quot;attributes&quot;: {
        &quot;Precincts&quot;: &quot;Kent&quot;,
        &quot;Quickbase_Status&quot;: &quot;Completed&quot;,
        &quot;QBRecordID&quot;: 554,
        &quot;Third_Party_Dependant_For_Conne&quot;: null,
        &quot;Latitude&quot;: -26.09561204,
        &quot;Longitude&quot;: 27.99948852
      }
    },
    {
      &quot;attributes&quot;: {
        &quot;Precincts&quot;: &quot;Oak Avenue&quot;,
        &quot;Quickbase_Status&quot;: &quot;Completed&quot;,
        &quot;QBRecordID&quot;: 522,
        &quot;Third_Party_Dependant_For_Conne&quot;: null,
        &quot;Latitude&quot;: -26.09854286,
        &quot;Longitude&quot;: 28.00167282
      }
    },
    {
      &quot;attributes&quot;: {
        &quot;Precincts&quot;: &quot;Oak Avenue&quot;,
        &quot;Quickbase_Status&quot;: &quot;Completed&quot;,
        &quot;QBRecordID&quot;: 658,
        &quot;Third_Party_Dependant_For_Conne&quot;: null,
        &quot;Latitude&quot;: -26.09860529,
        &quot;Longitude&quot;: 28.00214758
      }
    },
    {
      &quot;attributes&quot;: {
        &quot;Precincts&quot;: &quot;Oak Avenue&quot;,
        &quot;Quickbase_Status&quot;: &quot;Completed&quot;,
        &quot;QBRecordID&quot;: 665,
        &quot;Third_Party_Dependant_For_Conne&quot;: null,
        &quot;Latitude&quot;: -26.10047824,
        &quot;Longitude&quot;: 28.00064691
      }
    },
    {
      &quot;attributes&quot;: {
        &quot;Precincts&quot;: &quot;Oak Avenue&quot;,
        &quot;Quickbase_Status&quot;: &quot;Completed&quot;,
        &quot;QBRecordID&quot;: 666,
        &quot;Third_Party_Dependant_For_Conne&quot;: null,
        &quot;Latitude&quot;: -26.10026992,
        &quot;Longitude&quot;: 28.00068843
      }
    },
    {
      &quot;attributes&quot;: {
        &quot;Precincts&quot;: &quot;Ashley Gardens&quot;,
        &quot;Quickbase_Status&quot;: &quot;Completed&quot;,
        &quot;QBRecordID&quot;: 2648,
        &quot;Third_Party_Dependant_For_Conne&quot;: null,
        &quot;Latitude&quot;: -25.78278492,
        &quot;Longitude&quot;: 28.26566698
      }
    },
    {
      &quot;attributes&quot;: {
        &quot;Precincts&quot;: &quot;Ashley Gardens&quot;,
        &quot;Quickbase_Status&quot;: &quot;Completed&quot;,
        &quot;QBRecordID&quot;: 3432,
        &quot;Third_Party_Dependant_For_Conne&quot;: null,
        &quot;Latitude&quot;: -25.78372121,
        &quot;Longitude&quot;: 28.26325725
      }
    },
    {
      &quot;attributes&quot;: {
        &quot;Precincts&quot;: &quot;James Crescent&quot;,
        &quot;Quickbase_Status&quot;: &quot;Completed&quot;,
        &quot;QBRecordID&quot;: 2153,
        &quot;Third_Party_Dependant_For_Conne&quot;: null,
        &quot;Latitude&quot;: -26.00633816,
        &quot;Longitude&quot;: 28.12620027
      }
    },
    {
      &quot;attributes&quot;: {
        &quot;Precincts&quot;: &quot;James Crescent&quot;,
        &quot;Quickbase_Status&quot;: &quot;Completed&quot;,
        &quot;QBRecordID&quot;: 2180,
        &quot;Third_Party_Dependant_For_Conne&quot;: null,
        &quot;Latitude&quot;: -26.00786374,
        &quot;Longitude&quot;: 28.12318336
      }
    },
    {
      &quot;attributes&quot;: {
        &quot;Precincts&quot;: &quot;James Crescent&quot;,
        &quot;Quickbase_Status&quot;: &quot;Completed&quot;,
        &quot;QBRecordID&quot;: 2181,
        &quot;Third_Party_Dependant_For_Conne&quot;: null,
        &quot;Latitude&quot;: -26.00739702,
        &quot;Longitude&quot;: 28.12314243
      }
    },
    {
      &quot;attributes&quot;: {
        &quot;Precincts&quot;: &quot;James Crescent&quot;,
        &quot;Quickbase_Status&quot;: &quot;Completed&quot;,
        &quot;QBRecordID&quot;: 4104,
        &quot;Third_Party_Dependant_For_Conne&quot;: null,
        &quot;Latitude&quot;: -26.0015116,
        &quot;Longitude&quot;: 28.12681957
      }
    },
    {
      &quot;attributes&quot;: {
        &quot;Precincts&quot;: &quot;James Crescent&quot;,
        &quot;Quickbase_Status&quot;: &quot;Completed&quot;,
        &quot;QBRecordID&quot;: 2185,
        &quot;Third_Party_Dependant_For_Conne&quot;: null,
        &quot;Latitude&quot;: -26.00720522,
        &quot;Longitude&quot;: 28.12350208
      }
    },
    {
      &quot;attributes&quot;: {
        &quot;Precincts&quot;: &quot;Ingersol&quot;,
        &quot;Quickbase_Status&quot;: &quot;Completed&quot;,
        &quot;QBRecordID&quot;: 2378,
        &quot;Third_Party_Dependant_For_Conne&quot;: null,
        &quot;Latitude&quot;: -25.78599401,
        &quot;Longitude&quot;: 28.27857958
      }
    },
    {
      &quot;attributes&quot;: {
        &quot;Precincts&quot;: &quot;Ingersol&quot;,
        &quot;Quickbase_Status&quot;: &quot;Completed&quot;,
        &quot;QBRecordID&quot;: 2349,
        &quot;Third_Party_Dependant_For_Conne&quot;: null,
        &quot;Latitude&quot;: -25.78310919,
        &quot;Longitude&quot;: 28.27912666
      }
    },
    {
      &quot;attributes&quot;: {
        &quot;Precincts&quot;: &quot;Ingersol&quot;,
        &quot;Quickbase_Status&quot;: &quot;Completed&quot;,
        &quot;QBRecordID&quot;: 2372,
        &quot;Third_Party_Dependant_For_Conne&quot;: null,
        &quot;Latitude&quot;: -25.77748769,
        &quot;Longitude&quot;: 28.27415737
      }
    },
    {
      &quot;attributes&quot;: {
        &quot;Precincts&quot;: &quot;Ingersol&quot;,
        &quot;Quickbase_Status&quot;: &quot;Completed&quot;,
        &quot;QBRecordID&quot;: 2363,
        &quot;Third_Party_Dependant_For_Conne&quot;: null,
        &quot;Latitude&quot;: -25.7880886,
        &quot;Longitude&quot;: 28.27695942
      }
    },
    {
      &quot;attributes&quot;: {
        &quot;Precincts&quot;: &quot;Ingersol&quot;,
        &quot;Quickbase_Status&quot;: &quot;Completed&quot;,
        &quot;QBRecordID&quot;: 2379,
        &quot;Third_Party_Dependant_For_Conne&quot;: null,
        &quot;Latitude&quot;: -25.78635277,
        &quot;Longitude&quot;: 28.27809457
      }
    },
    {
      &quot;attributes&quot;: {
        &quot;Precincts&quot;: &quot;Ingersol&quot;,
        &quot;Quickbase_Status&quot;: &quot;Completed&quot;,
        &quot;QBRecordID&quot;: 2347,
        &quot;Third_Party_Dependant_For_Conne&quot;: null,
        &quot;Latitude&quot;: -25.7799409,
        &quot;Longitude&quot;: 28.27760677
      }
    },
    {
      &quot;attributes&quot;: {
        &quot;Precincts&quot;: &quot;Ingersol&quot;,
        &quot;Quickbase_Status&quot;: &quot;Completed&quot;,
        &quot;QBRecordID&quot;: 2368,
        &quot;Third_Party_Dependant_For_Conne&quot;: null,
        &quot;Latitude&quot;: -25.77982438,
        &quot;Longitude&quot;: 28.27537865
      }
    },
    {
      &quot;attributes&quot;: {
        &quot;Precincts&quot;: &quot;Ingersol&quot;,
        &quot;Quickbase_Status&quot;: &quot;Completed&quot;,
        &quot;QBRecordID&quot;: 2369,
        &quot;Third_Party_Dependant_For_Conne&quot;: null,
        &quot;Latitude&quot;: -25.77995118,
        &quot;Longitude&quot;: 28.27594935
      }
    },
    {
      &quot;attributes&quot;: {
        &quot;Precincts&quot;: &quot;Ingersol&quot;,
        &quot;Quickbase_Status&quot;: &quot;Completed&quot;,
        &quot;QBRecordID&quot;: 2361,
        &quot;Third_Party_Dependant_For_Conne&quot;: null,
        &quot;Latitude&quot;: -25.78368665,
        &quot;Longitude&quot;: 28.27779592
      }
    },
    {
      &quot;attributes&quot;: {
        &quot;Precincts&quot;: &quot;Ingersol&quot;,
        &quot;Quickbase_Status&quot;: &quot;Completed&quot;,
        &quot;QBRecordID&quot;: 2376,
        &quot;Third_Party_Dependant_For_Conne&quot;: null,
        &quot;Latitude&quot;: -25.78604238,
        &quot;Longitude&quot;: 28.27735006
      }
    },
    {
      &quot;attributes&quot;: {
        &quot;Precincts&quot;: &quot;Ingersol&quot;,
        &quot;Quickbase_Status&quot;: &quot;Completed&quot;,
        &quot;QBRecordID&quot;: 2377,
        &quot;Third_Party_Dependant_For_Conne&quot;: null,
        &quot;Latitude&quot;: -25.78570757,
        &quot;Longitude&quot;: 28.27787639
      }
    },
    {
      &quot;attributes&quot;: {
        &quot;Precincts&quot;: &quot;Ann Crescent&quot;,
        &quot;Quickbase_Status&quot;: &quot;Completed&quot;,
        &quot;QBRecordID&quot;: 923,
        &quot;Third_Party_Dependant_For_Conne&quot;: null,
        &quot;Latitude&quot;: -26.10110674,
        &quot;Longitude&quot;: 28.06943284
      }
    },
    {
      &quot;attributes&quot;: {
        &quot;Precincts&quot;: &quot;Ann Crescent&quot;,
        &quot;Quickbase_Status&quot;: &quot;Completed&quot;,
        &quot;QBRecordID&quot;: 1762,
        &quot;Third_Party_Dependant_For_Conne&quot;: null,
        &quot;Latitude&quot;: -26.10142126,
        &quot;Longitude&quot;: 28.07158404
      }
    },
    {
      &quot;attributes&quot;: {
        &quot;Precincts&quot;: &quot;Ann Crescent&quot;,
        &quot;Quickbase_Status&quot;: &quot;Completed&quot;,
        &quot;QBRecordID&quot;: 1763,
        &quot;Third_Party_Dependant_For_Conne&quot;: null,
        &quot;Latitude&quot;: -26.10215986,
        &quot;Longitude&quot;: 28.07095167
      }
    },
    {
      &quot;attributes&quot;: {
        &quot;Precincts&quot;: &quot;Arden Grove&quot;,
        &quot;Quickbase_Status&quot;: &quot;Completed&quot;,
        &quot;QBRecordID&quot;: 1616,
        &quot;Third_Party_Dependant_For_Conne&quot;: null,
        &quot;Latitude&quot;: -33.86506151,
        &quot;Longitude&quot;: 18.51132448
      }
    },
    {
      &quot;attributes&quot;: {
        &quot;Precincts&quot;: &quot;Arden Grove&quot;,
        &quot;Quickbase_Status&quot;: &quot;Completed&quot;,
        &quot;QBRecordID&quot;: 1790,
        &quot;Third_Party_Dependant_For_Conne&quot;: null,
        &quot;Latitude&quot;: -33.86595752,
        &quot;Longitude&quot;: 18.51232539
      }
    },
    {
      &quot;attributes&quot;: {
        &quot;Precincts&quot;: &quot;Arden Grove&quot;,
        &quot;Quickbase_Status&quot;: &quot;Completed&quot;,
        &quot;QBRecordID&quot;: 1559,
        &quot;Third_Party_Dependant_For_Conne&quot;: null,
        &quot;Latitude&quot;: -33.86128953,
        &quot;Longitude&quot;: 18.51426334
      }
    },
    {
      &quot;attributes&quot;: {
        &quot;Precincts&quot;: &quot;Bruma Lake&quot;,
        &quot;Quickbase_Status&quot;: &quot;Completed&quot;,
        &quot;QBRecordID&quot;: 1546,
        &quot;Third_Party_Dependant_For_Conne&quot;: null,
        &quot;Latitude&quot;: -26.18065477,
        &quot;Longitude&quot;: 28.10716712
      }
    },
    {
      &quot;attributes&quot;: {
        &quot;Precincts&quot;: &quot;Bruma Lake&quot;,
        &quot;Quickbase_Status&quot;: &quot;Completed&quot;,
        &quot;QBRecordID&quot;: 3978,
        &quot;Third_Party_Dependant_For_Conne&quot;: null,
        &quot;Latitude&quot;: -26.18090764,
        &quot;Longitude&quot;: 28.10665192
      }
    },
    {
      &quot;attributes&quot;: {
        &quot;Precincts&quot;: &quot;Bruma Lake&quot;,
        &quot;Quickbase_Status&quot;: &quot;Completed&quot;,
        &quot;QBRecordID&quot;: 981,
        &quot;Third_Party_Dependant_For_Conne&quot;: null,
        &quot;Latitude&quot;: -26.18088268,
        &quot;Longitude&quot;: 28.10613766
      }
    },
    {
      &quot;attributes&quot;: {
        &quot;Precincts&quot;: &quot;Bruma Lake&quot;,
        &quot;Quickbase_Status&quot;: &quot;Completed&quot;,
        &quot;QBRecordID&quot;: 967,
        &quot;Third_Party_Dependant_For_Conne&quot;: null,
        &quot;Latitude&quot;: -26.18202473,
        &quot;Longitude&quot;: 28.1082864
      }
    },
    {
      &quot;attributes&quot;: {
        &quot;Precincts&quot;: &quot;Bruma Lake&quot;,
        &quot;Quickbase_Status&quot;: &quot;Completed&quot;,
        &quot;QBRecordID&quot;: 969,
        &quot;Third_Party_Dependant_For_Conne&quot;: null,
        &quot;Latitude&quot;: -26.18123576,
        &quot;Longitude&quot;: 28.10770345
      }
    },
    {
      &quot;attributes&quot;: {
        &quot;Precincts&quot;: &quot;Bryanston Extension&quot;,
        &quot;Quickbase_Status&quot;: &quot;Completed&quot;,
        &quot;QBRecordID&quot;: 72249,
        &quot;Third_Party_Dependant_For_Conne&quot;: null,
        &quot;Latitude&quot;: -26.04514958,
        &quot;Longitude&quot;: 28.02282621
      }
    },
    {
      &quot;attributes&quot;: {
        &quot;Precincts&quot;: &quot;Bryanston Extension&quot;,
        &quot;Quickbase_Status&quot;: &quot;Completed&quot;,
        &quot;QBRecordID&quot;: 1884,
        &quot;Third_Party_Dependant_For_Conne&quot;: null,
        &quot;Latitude&quot;: -26.04463014,
        &quot;Longitude&quot;: 28.02447879
      }
    },
    {
      &quot;attributes&quot;: {
        &quot;Precincts&quot;: &quot;Bryanston Extension&quot;,
        &quot;Quickbase_Status&quot;: &quot;Completed&quot;,
        &quot;QBRecordID&quot;: 1879,
        &quot;Third_Party_Dependant_For_Conne&quot;: null,
        &quot;Latitude&quot;: -26.04470228,
        &quot;Longitude&quot;: 28.02597728
      }
    },
    {
      &quot;attributes&quot;: {
        &quot;Precincts&quot;: &quot;Burnside Office Park&quot;,
        &quot;Quickbase_Status&quot;: &quot;Completed&quot;,
        &quot;QBRecordID&quot;: 2985,
        &quot;Third_Party_Dependant_For_Conne&quot;: null,
        &quot;Latitude&quot;: -26.11413736,
        &quot;Longitude&quot;: 28.02020077
      }
    },
    {
      &quot;attributes&quot;: {
        &quot;Precincts&quot;: &quot;Burnside Office Park&quot;,
        &quot;Quickbase_Status&quot;: &quot;Completed&quot;,
        &quot;QBRecordID&quot;: 2998,
        &quot;Third_Party_Dependant_For_Conne&quot;: null,
        &quot;Latitude&quot;: -26.11476873,
        &quot;Longitude&quot;: 28.02038671
      }
    },
    {
      &quot;attributes&quot;: {
        &quot;Precincts&quot;: &quot;Capital Hill&quot;,
        &quot;Quickbase_Status&quot;: &quot;Completed&quot;,
        &quot;QBRecordID&quot;: 2412,
        &quot;Third_Party_Dependant_For_Conne&quot;: null,
        &quot;Latitude&quot;: -26.01322923,
        &quot;Longitude&quot;: 28.12736636
      }
    },
    {
      &quot;attributes&quot;: {
        &quot;Precincts&quot;: &quot;Central Park&quot;,
        &quot;Quickbase_Status&quot;: &quot;Completed&quot;,
        &quot;QBRecordID&quot;: 4013,
        &quot;Third_Party_Dependant_For_Conne&quot;: null,
        &quot;Latitude&quot;: -25.97608073,
        &quot;Longitude&quot;: 28.13271802
      }
    },
    {
      &quot;attributes&quot;: {
        &quot;Precincts&quot;: &quot;Central Park&quot;,
        &quot;Quickbase_Status&quot;: &quot;Completed&quot;,
        &quot;QBRecordID&quot;: 1482,
        &quot;Third_Party_Dependant_For_Conne&quot;: null,
        &quot;Latitude&quot;: -25.979766,
        &quot;Longitude&quot;: 28.13195474
      }
    },
    {
      &quot;attributes&quot;: {
        &quot;Precincts&quot;: &quot;Central Park&quot;,
        &quot;Quickbase_Status&quot;: &quot;Completed&quot;,
        &quot;QBRecordID&quot;: 1477,
        &quot;Third_Party_Dependant_For_Conne&quot;: null,
        &quot;Latitude&quot;: -25.97992557,
        &quot;Longitude&quot;: 28.13235116
      }
    },
    {
      &quot;attributes&quot;: {
        &quot;Precincts&quot;: &quot;Central Park&quot;,
        &quot;Quickbase_Status&quot;: &quot;Completed&quot;,
        &quot;QBRecordID&quot;: 1474,
        &quot;Third_Party_Dependant_For_Conne&quot;: null,
        &quot;Latitude&quot;: -25.98069367,
        &quot;Longitude&quot;: 28.13205345
      }
    },
    {
      &quot;attributes&quot;: {
        &quot;Precincts&quot;: &quot;Central Park&quot;,
        &quot;Quickbase_Status&quot;: &quot;Completed&quot;,
        &quot;QBRecordID&quot;: 936,
        &quot;Third_Party_Dependant_For_Conne&quot;: null,
        &quot;Latitude&quot;: -25.98127363,
        &quot;Longitude&quot;: 28.1320382
      }
    },
    {
      &quot;attributes&quot;: {
        &quot;Precincts&quot;: &quot;Central Park&quot;,
        &quot;Quickbase_Status&quot;: &quot;Completed&quot;,
        &quot;QBRecordID&quot;: 1486,
        &quot;Third_Party_Dependant_For_Conne&quot;: null,
        &quot;Latitude&quot;: -25.97913778,
        &quot;Longitude&quot;: 28.13213494
      }
    },
    {
      &quot;attributes&quot;: {
        &quot;Precincts&quot;: &quot;Central Park&quot;,
        &quot;Quickbase_Status&quot;: &quot;Completed&quot;,
        &quot;QBRecordID&quot;: 1485,
        &quot;Third_Party_Dependant_For_Conne&quot;: null,
        &quot;Latitude&quot;: -25.97928632,
        &quot;Longitude&quot;: 28.13278302
      }
    },
    {
      &quot;attributes&quot;: {
        &quot;Precincts&quot;: &quot;Central Park&quot;,
        &quot;Quickbase_Status&quot;: &quot;Completed&quot;,
        &quot;QBRecordID&quot;: 1488,
        &quot;Third_Party_Dependant_For_Conne&quot;: null,
        &quot;Latitude&quot;: -25.9786566,
        &quot;Longitude&quot;: 28.13313816
      }
    },
    {
      &quot;attributes&quot;: {
        &quot;Precincts&quot;: &quot;Central Park&quot;,
        &quot;Quickbase_Status&quot;: &quot;Completed&quot;,
        &quot;QBRecordID&quot;: 4016,
        &quot;Third_Party_Dependant_For_Conne&quot;: null,
        &quot;Latitude&quot;: -25.97627383,
        &quot;Longitude&quot;: 28.13396208
      }
    },
    {
      &quot;attributes&quot;: {
        &quot;Precincts&quot;: &quot;Central Park&quot;,
        &quot;Quickbase_Status&quot;: &quot;Completed&quot;,
        &quot;QBRecordID&quot;: 4019,
        &quot;Third_Party_Dependant_For_Conne&quot;: null,
        &quot;Latitude&quot;: -25.97583656,
        &quot;Longitude&quot;: 28.13329753
      }
    },
    {
      &quot;attributes&quot;: {
        &quot;Precincts&quot;: &quot;Central Park&quot;,
        &quot;Quickbase_Status&quot;: &quot;Completed&quot;,
        &quot;QBRecordID&quot;: 4012,
        &quot;Third_Party_Dependant_For_Conne&quot;: null,
        &quot;Latitude&quot;: -25.97622726,
        &quot;Longitude&quot;: 28.13335058
      }
    },
    {
      &quot;attributes&quot;: {
        &quot;Precincts&quot;: &quot;Central Street&quot;,
        &quot;Quickbase_Status&quot;: &quot;Completed&quot;,
        &quot;QBRecordID&quot;: 838,
        &quot;Third_Party_Dependant_For_Conne&quot;: null,
        &quot;Latitude&quot;: -26.1586329,
        &quot;Longitude&quot;: 28.05801027
      }
    },
    {
      &quot;attributes&quot;: {
        &quot;Precincts&quot;: &quot;Central Street&quot;,
        &quot;Quickbase_Status&quot;: &quot;Completed&quot;,
        &quot;QBRecordID&quot;: 837,
        &quot;Third_Party_Dependant_For_Conne&quot;: null,
        &quot;Latitude&quot;: -26.15918479,
        &quot;Longitude&quot;: 28.05799606
      }
    },
    {
      &quot;attributes&quot;: {
        &quot;Precincts&quot;: &quot;Centurion Gautrain Station&quot;,
        &quot;Quickbase_Status&quot;: &quot;Completed&quot;,
        &quot;QBRecordID&quot;: 2287,
        &quot;Third_Party_Dependant_For_Conne&quot;: null,
        &quot;Latitude&quot;: -25.85222151,
        &quot;Longitude&quot;: 28.18852985
      }
    },
    {
      &quot;attributes&quot;: {
        &quot;Precincts&quot;: &quot;Centurion Gautrain Station&quot;,
        &quot;Quickbase_Status&quot;: &quot;Completed&quot;,
        &quot;QBRecordID&quot;: 2301,
        &quot;Third_Party_Dependant_For_Conne&quot;: null,
        &quot;Latitude&quot;: -25.85399633,
        &quot;Longitude&quot;: 28.19534477
      }
    },
    {
      &quot;attributes&quot;: {
        &quot;Precincts&quot;: &quot;Centurion Gautrain Station&quot;,
        &quot;Quickbase_Status&quot;: &quot;Completed&quot;,
        &quot;QBRecordID&quot;: 2303,
        &quot;Third_Party_Dependant_For_Conne&quot;: null,
        &quot;Latitude&quot;: -25.8540843,
        &quot;Longitude&quot;: 28.19443438
      }
    },
    {
      &quot;attributes&quot;: {
        &quot;Precincts&quot;: &quot;Centurion Gautrain Station&quot;,
        &quot;Quickbase_Status&quot;: &quot;Completed&quot;,
        &quot;QBRecordID&quot;: 3438,
        &quot;Third_Party_Dependant_For_Conne&quot;: null,
        &quot;Latitude&quot;: -25.85363373,
        &quot;Longitude&quot;: 28.19489934
      }
    },
    {
      &quot;attributes&quot;: {
        &quot;Precincts&quot;: &quot;Country Club Estate&quot;,
        &quot;Quickbase_Status&quot;: &quot;Completed&quot;,
        &quot;QBRecordID&quot;: 499,
        &quot;Third_Party_Dependant_For_Conne&quot;: null,
        &quot;Latitude&quot;: -26.05824488,
        &quot;Longitude&quot;: 28.08324807
      }
    },
    {
      &quot;attributes&quot;: {
        &quot;Precincts&quot;: &quot;Country Club Estate&quot;,
        &quot;Quickbase_Status&quot;: &quot;Completed&quot;,
        &quot;QBRecordID&quot;: 498,
        &quot;Third_Party_Dependant_For_Conne&quot;: null,
        &quot;Latitude&quot;: -26.05837723,
        &quot;Longitude&quot;: 28.08373408
      }
    },
    {
      &quot;attributes&quot;: {
        &quot;Precincts&quot;: &quot;Design Quarter&quot;,
        &quot;Quickbase_Status&quot;: &quot;Completed&quot;,
        &quot;QBRecordID&quot;: 2395,
        &quot;Third_Party_Dependant_For_Conne&quot;: null,
        &quot;Latitude&quot;: -26.03404884,
        &quot;Longitude&quot;: 28.01112919
      }
    },
    {
      &quot;attributes&quot;: {
        &quot;Precincts&quot;: &quot;Design Quarter&quot;,
        &quot;Quickbase_Status&quot;: &quot;Completed&quot;,
        &quot;QBRecordID&quot;: 2396,
        &quot;Third_Party_Dependant_For_Conne&quot;: null,
        &quot;Latitude&quot;: -26.03474704,
        &quot;Longitude&quot;: 28.01153568
      }
    },
    {
      &quot;attributes&quot;: {
        &quot;Precincts&quot;: &quot;George Road&quot;,
        &quot;Quickbase_Status&quot;: &quot;Completed&quot;,
        &quot;QBRecordID&quot;: 1353,
        &quot;Third_Party_Dependant_For_Conne&quot;: null,
        &quot;Latitude&quot;: -25.95815564,
        &quot;Longitude&quot;: 28.13811069
      }
    },
    {
      &quot;attributes&quot;: {
        &quot;Precincts&quot;: &quot;George Road&quot;,
        &quot;Quickbase_Status&quot;: &quot;Completed&quot;,
        &quot;QBRecordID&quot;: 1354,
        &quot;Third_Party_Dependant_For_Conne&quot;: null,
        &quot;Latitude&quot;: -25.95830124,
        &quot;Longitude&quot;: 28.13881977
      }
    },
    {
      &quot;attributes&quot;: {
        &quot;Precincts&quot;: &quot;George Road&quot;,
        &quot;Quickbase_Status&quot;: &quot;Completed&quot;,
        &quot;QBRecordID&quot;: 1752,
        &quot;Third_Party_Dependant_For_Conne&quot;: null,
        &quot;Latitude&quot;: -25.96578334,
        &quot;Longitude&quot;: 28.13600928
      }
    },
    {
      &quot;attributes&quot;: {
        &quot;Precincts&quot;: &quot;George Road&quot;,
        &quot;Quickbase_Status&quot;: &quot;Completed&quot;,
        &quot;QBRecordID&quot;: 1748,
        &quot;Third_Party_Dependant_For_Conne&quot;: null,
        &quot;Latitude&quot;: -25.9686997,
        &quot;Longitude&quot;: 28.13344049
      }
    },
    {
      &quot;attributes&quot;: {
        &quot;Precincts&quot;: &quot;George Road&quot;,
        &quot;Quickbase_Status&quot;: &quot;Completed&quot;,
        &quot;QBRecordID&quot;: 1000,
        &quot;Third_Party_Dependant_For_Conne&quot;: null,
        &quot;Latitude&quot;: -25.9719208,
        &quot;Longitude&quot;: 28.13181268
      }
    },
    {
      &quot;attributes&quot;: {
        &quot;Precincts&quot;: &quot;George Road&quot;,
        &quot;Quickbase_Status&quot;: &quot;Completed&quot;,
        &quot;QBRecordID&quot;: 1764,
        &quot;Third_Party_Dependant_For_Conne&quot;: null,
        &quot;Latitude&quot;: -25.9561074,
        &quot;Longitude&quot;: 28.137698
      }
    },
    {
      &quot;attributes&quot;: {
        &quot;Precincts&quot;: &quot;George Road&quot;,
        &quot;Quickbase_Status&quot;: &quot;Completed&quot;,
        &quot;QBRecordID&quot;: 4069,
        &quot;Third_Party_Dependant_For_Conne&quot;: null,
        &quot;Latitude&quot;: -25.96803253,
        &quot;Longitude&quot;: 28.13531857
      }
    },
    {
      &quot;attributes&quot;: {
        &quot;Precincts&quot;: &quot;George Road&quot;,
        &quot;Quickbase_Status&quot;: &quot;Completed&quot;,
        &quot;QBRecordID&quot;: 4070,
        &quot;Third_Party_Dependant_For_Conne&quot;: null,
        &quot;Latitude&quot;: -25.96800925,
        &quot;Longitude&quot;: 28.13629072
      }
    },
    {
      &quot;attributes&quot;: {
        &quot;Precincts&quot;: &quot;Georgian Crescent&quot;,
        &quot;Quickbase_Status&quot;: &quot;Completed&quot;,
        &quot;QBRecordID&quot;: 314,
        &quot;Third_Party_Dependant_For_Conne&quot;: null,
        &quot;Latitude&quot;: -26.0404896,
        &quot;Longitude&quot;: 28.01697652
      }
    },
    {
      &quot;attributes&quot;: {
        &quot;Precincts&quot;: &quot;Hatfield (Phase 3)&quot;,
        &quot;Quickbase_Status&quot;: &quot;Completed&quot;,
        &quot;QBRecordID&quot;: 4090,
        &quot;Third_Party_Dependant_For_Conne&quot;: null,
        &quot;Latitude&quot;: -25.7437091,
        &quot;Longitude&quot;: 28.24388711
      }
    },
    {
      &quot;attributes&quot;: {
        &quot;Precincts&quot;: &quot;Hatfield (Phase 3)&quot;,
        &quot;Quickbase_Status&quot;: &quot;Completed&quot;,
        &quot;QBRecordID&quot;: 3470,
        &quot;Third_Party_Dependant_For_Conne&quot;: null,
        &quot;Latitude&quot;: -25.74511451,
        &quot;Longitude&quot;: 28.24307835
      }
    },
    {
      &quot;attributes&quot;: {
        &quot;Precincts&quot;: &quot;Hatfield (Phase 3)&quot;,
        &quot;Quickbase_Status&quot;: &quot;Completed&quot;,
        &quot;QBRecordID&quot;: 3468,
        &quot;Third_Party_Dependant_For_Conne&quot;: null,
        &quot;Latitude&quot;: -25.74511139,
        &quot;Longitude&quot;: 28.24385534
      }
    },
    {
      &quot;attributes&quot;: {
        &quot;Precincts&quot;: &quot;Hyde Park&quot;,
        &quot;Quickbase_Status&quot;: &quot;Completed&quot;,
        &quot;QBRecordID&quot;: 1943,
        &quot;Third_Party_Dependant_For_Conne&quot;: null,
        &quot;Latitude&quot;: -26.12020995,
        &quot;Longitude&quot;: 28.03157744
      }
    },
    {
      &quot;attributes&quot;: {
        &quot;Precincts&quot;: &quot;Albury&quot;,
        &quot;Quickbase_Status&quot;: &quot;Completed&quot;,
        &quot;QBRecordID&quot;: 279,
        &quot;Third_Party_Dependant_For_Conne&quot;: null,
        &quot;Latitude&quot;: -26.12722069,
        &quot;Longitude&quot;: 28.03151847
      }
    },
    {
      &quot;attributes&quot;: {
        &quot;Precincts&quot;: &quot;Albury&quot;,
        &quot;Quickbase_Status&quot;: &quot;Completed&quot;,
        &quot;QBRecordID&quot;: 282,
        &quot;Third_Party_Dependant_For_Conne&quot;: null,
        &quot;Latitude&quot;: -26.12711467,
        &quot;Longitude&quot;: 28.03254834
      }
    },
    {
      &quot;attributes&quot;: {
        &quot;Precincts&quot;: &quot;Albury&quot;,
        &quot;Quickbase_Status&quot;: &quot;Completed&quot;,
        &quot;QBRecordID&quot;: 284,
        &quot;Third_Party_Dependant_For_Conne&quot;: null,
        &quot;Latitude&quot;: -26.12845581,
        &quot;Longitude&quot;: 28.03243116
      }
    },
    {
      &quot;attributes&quot;: {
        &quot;Precincts&quot;: &quot;Bauhania Street&quot;,
        &quot;Quickbase_Status&quot;: &quot;Completed&quot;,
        &quot;QBRecordID&quot;: 5822,
        &quot;Third_Party_Dependant_For_Conne&quot;: null,
        &quot;Latitude&quot;: -25.88222896,
        &quot;Longitude&quot;: 28.18394829
      }
    },
    {
      &quot;attributes&quot;: {
        &quot;Precincts&quot;: &quot;Bauhania Street&quot;,
        &quot;Quickbase_Status&quot;: &quot;Completed&quot;,
        &quot;QBRecordID&quot;: 5810,
        &quot;Third_Party_Dependant_For_Conne&quot;: null,
        &quot;Latitude&quot;: -25.88117307,
        &quot;Longitude&quot;: 28.18413076
      }
    },
    {
      &quot;attributes&quot;: {
        &quot;Precincts&quot;: &quot;Bauhania Street&quot;,
        &quot;Quickbase_Status&quot;: &quot;Completed&quot;,
        &quot;QBRecordID&quot;: 5824,
        &quot;Third_Party_Dependant_For_Conne&quot;: null,
        &quot;Latitude&quot;: -25.88245375,
        &quot;Longitude&quot;: 28.18386541
      }
    },
    {
      &quot;attributes&quot;: {
        &quot;Precincts&quot;: &quot;Bauhania Street&quot;,
        &quot;Quickbase_Status&quot;: &quot;Completed&quot;,
        &quot;QBRecordID&quot;: 5825,
        &quot;Third_Party_Dependant_For_Conne&quot;: null,
        &quot;Latitude&quot;: -25.88265424,
        &quot;Longitude&quot;: 28.18374704
      }
    },
    {
      &quot;attributes&quot;: {
        &quot;Precincts&quot;: &quot;Bauhania Street&quot;,
        &quot;Quickbase_Status&quot;: &quot;Completed&quot;,
        &quot;QBRecordID&quot;: 5826,
        &quot;Third_Party_Dependant_For_Conne&quot;: null,
        &quot;Latitude&quot;: -25.8827104,
        &quot;Longitude&quot;: 28.18353452
      }
    },
    {
      &quot;attributes&quot;: {
        &quot;Precincts&quot;: &quot;Bauhania Street&quot;,
        &quot;Quickbase_Status&quot;: &quot;Completed&quot;,
        &quot;QBRecordID&quot;: 5827,
        &quot;Third_Party_Dependant_For_Conne&quot;: null,
        &quot;Latitude&quot;: -25.88276512,
        &quot;Longitude&quot;: 28.1833009
      }
    },
    {
      &quot;attributes&quot;: {
        &quot;Precincts&quot;: &quot;Bauhania Street&quot;,
        &quot;Quickbase_Status&quot;: &quot;Completed&quot;,
        &quot;QBRecordID&quot;: 5828,
        &quot;Third_Party_Dependant_For_Conne&quot;: null,
        &quot;Latitude&quot;: -25.88310112,
        &quot;Longitude&quot;: 28.18312847
      }
    },
    {
      &quot;attributes&quot;: {
        &quot;Precincts&quot;: &quot;Bauhania Street&quot;,
        &quot;Quickbase_Status&quot;: &quot;Completed&quot;,
        &quot;QBRecordID&quot;: 5831,
        &quot;Third_Party_Dependant_For_Conne&quot;: null,
        &quot;Latitude&quot;: -25.88337962,
        &quot;Longitude&quot;: 28.18327958
      }
    },
    {
      &quot;attributes&quot;: {
        &quot;Precincts&quot;: &quot;Bauhania Street&quot;,
        &quot;Quickbase_Status&quot;: &quot;Completed&quot;,
        &quot;QBRecordID&quot;: 5830,
        &quot;Third_Party_Dependant_For_Conne&quot;: null,
        &quot;Latitude&quot;: -25.88298208,
        &quot;Longitude&quot;: 28.1836752
      }
    },
    {
      &quot;attributes&quot;: {
        &quot;Precincts&quot;: &quot;Bauhania Street&quot;,
        &quot;Quickbase_Status&quot;: &quot;Completed&quot;,
        &quot;QBRecordID&quot;: 5811,
        &quot;Third_Party_Dependant_For_Conne&quot;: null,
        &quot;Latitude&quot;: -25.88148369,
        &quot;Longitude&quot;: 28.18399005
      }
    },
    {
      &quot;attributes&quot;: {
        &quot;Precincts&quot;: &quot;Bauhania Street&quot;,
        &quot;Quickbase_Status&quot;: &quot;Completed&quot;,
        &quot;QBRecordID&quot;: 4885,
        &quot;Third_Party_Dependant_For_Conne&quot;: null,
        &quot;Latitude&quot;: -25.88078119,
        &quot;Longitude&quot;: 28.18433921
      }
    },
    {
      &quot;attributes&quot;: {
        &quot;Precincts&quot;: &quot;Bauhania Street&quot;,
        &quot;Quickbase_Status&quot;: &quot;Completed&quot;,
        &quot;QBRecordID&quot;: 5807,
        &quot;Third_Party_Dependant_For_Conne&quot;: null,
        &quot;Latitude&quot;: -25.88087602,
        &quot;Longitude&quot;: 28.1846323
      }
    },
    {
      &quot;attributes&quot;: {
        &quot;Precincts&quot;: &quot;Bauhania Street&quot;,
        &quot;Quickbase_Status&quot;: &quot;Completed&quot;,
        &quot;QBRecordID&quot;: 5808,
        &quot;Third_Party_Dependant_For_Conne&quot;: null,
        &quot;Latitude&quot;: -25.88109976,
        &quot;Longitude&quot;: 28.18502359
      }
    },
    {
      &quot;attributes&quot;: {
        &quot;Precincts&quot;: &quot;Bauhania Street&quot;,
        &quot;Quickbase_Status&quot;: &quot;Completed&quot;,
        &quot;QBRecordID&quot;: 5874,
        &quot;Third_Party_Dependant_For_Conne&quot;: null,
        &quot;Latitude&quot;: -25.88214461,
        &quot;Longitude&quot;: 28.18257492
      }
    },
    {
      &quot;attributes&quot;: {
        &quot;Precincts&quot;: &quot;Bauhania Street&quot;,
        &quot;Quickbase_Status&quot;: &quot;Completed&quot;,
        &quot;QBRecordID&quot;: 5870,
        &quot;Third_Party_Dependant_For_Conne&quot;: null,
        &quot;Latitude&quot;: -25.88194007,
        &quot;Longitude&quot;: 28.18244298
      }
    },
    {
      &quot;attributes&quot;: {
        &quot;Precincts&quot;: &quot;Bauhania Street&quot;,
        &quot;Quickbase_Status&quot;: &quot;Completed&quot;,
        &quot;QBRecordID&quot;: 5855,
        &quot;Third_Party_Dependant_For_Conne&quot;: null,
        &quot;Latitude&quot;: -25.88079716,
        &quot;Longitude&quot;: 28.18192597
      }
    },
    {
      &quot;attributes&quot;: {
        &quot;Precincts&quot;: &quot;Bauhania Street&quot;,
        &quot;Quickbase_Status&quot;: &quot;Completed&quot;,
        &quot;QBRecordID&quot;: 5856,
        &quot;Third_Party_Dependant_For_Conne&quot;: null,
        &quot;Latitude&quot;: -25.88071757,
        &quot;Longitude&quot;: 28.18225047
      }
    },
    {
      &quot;attributes&quot;: {
        &quot;Precincts&quot;: &quot;Bauhania Street&quot;,
        &quot;Quickbase_Status&quot;: &quot;Completed&quot;,
        &quot;QBRecordID&quot;: 5859,
        &quot;Third_Party_Dependant_For_Conne&quot;: null,
        &quot;Latitude&quot;: -25.88108149,
        &quot;Longitude&quot;: 28.18207209
      }
    },
    {
      &quot;attributes&quot;: {
        &quot;Precincts&quot;: &quot;Bauhania Street&quot;,
        &quot;Quickbase_Status&quot;: &quot;Completed&quot;,
        &quot;QBRecordID&quot;: 5860,
        &quot;Third_Party_Dependant_For_Conne&quot;: null,
        &quot;Latitude&quot;: -25.88101589,
        &quot;Longitude&quot;: 28.18233581
      }
    },
    {
      &quot;attributes&quot;: {
        &quot;Precincts&quot;: &quot;Bauhania Street&quot;,
        &quot;Quickbase_Status&quot;: &quot;Completed&quot;,
        &quot;QBRecordID&quot;: 5865,
        &quot;Third_Party_Dependant_For_Conne&quot;: null,
        &quot;Latitude&quot;: -25.88136999,
        &quot;Longitude&quot;: 28.18212678
      }
    },
    {
      &quot;attributes&quot;: {
        &quot;Precincts&quot;: &quot;Bauhania Street&quot;,
        &quot;Quickbase_Status&quot;: &quot;Completed&quot;,
        &quot;QBRecordID&quot;: 5852,
        &quot;Third_Party_Dependant_For_Conne&quot;: null,
        &quot;Latitude&quot;: -25.88037754,
        &quot;Longitude&quot;: 28.18184121
      }
    },
    {
      &quot;attributes&quot;: {
        &quot;Precincts&quot;: &quot;Bauhania Street&quot;,
        &quot;Quickbase_Status&quot;: &quot;Completed&quot;,
        &quot;QBRecordID&quot;: 5851,
        &quot;Third_Party_Dependant_For_Conne&quot;: null,
        &quot;Latitude&quot;: -25.88045824,
        &quot;Longitude&quot;: 28.18159483
      }
    },
    {
      &quot;attributes&quot;: {
        &quot;Precincts&quot;: &quot;Bauhania Street&quot;,
        &quot;Quickbase_Status&quot;: &quot;Completed&quot;,
        &quot;QBRecordID&quot;: 5848,
        &quot;Third_Party_Dependant_For_Conne&quot;: null,
        &quot;Latitude&quot;: -25.88016188,
        &quot;Longitude&quot;: 28.18169894
      }
    },
    {
      &quot;attributes&quot;: {
        &quot;Precincts&quot;: &quot;Bauhania Street&quot;,
        &quot;Quickbase_Status&quot;: &quot;Completed&quot;,
        &quot;QBRecordID&quot;: 5849,
        &quot;Third_Party_Dependant_For_Conne&quot;: null,
        &quot;Latitude&quot;: -25.8800737,
        &quot;Longitude&quot;: 28.18204041
      }
    },
    {
      &quot;attributes&quot;: {
        &quot;Precincts&quot;: &quot;Bauhania Street&quot;,
        &quot;Quickbase_Status&quot;: &quot;Completed&quot;,
        &quot;QBRecordID&quot;: 5847,
        &quot;Third_Party_Dependant_For_Conne&quot;: null,
        &quot;Latitude&quot;: -25.87986552,
        &quot;Longitude&quot;: 28.1819198
      }
    },
    {
      &quot;attributes&quot;: {
        &quot;Precincts&quot;: &quot;Bauhania Street&quot;,
        &quot;Quickbase_Status&quot;: &quot;Completed&quot;,
        &quot;QBRecordID&quot;: 5845,
        &quot;Third_Party_Dependant_For_Conne&quot;: null,
        &quot;Latitude&quot;: -25.87958965,
        &quot;Longitude&quot;: 28.18237184
      }
    },
    {
      &quot;attributes&quot;: {
        &quot;Precincts&quot;: &quot;Bryanston Extension&quot;,
        &quot;Quickbase_Status&quot;: &quot;Completed&quot;,
        &quot;QBRecordID&quot;: 1873,
        &quot;Third_Party_Dependant_For_Conne&quot;: null,
        &quot;Latitude&quot;: -26.04641915,
        &quot;Longitude&quot;: 28.01913838
      }
    },
    {
      &quot;attributes&quot;: {
        &quot;Precincts&quot;: &quot;Bryanston Extension&quot;,
        &quot;Quickbase_Status&quot;: &quot;Completed&quot;,
        &quot;QBRecordID&quot;: 1913,
        &quot;Third_Party_Dependant_For_Conne&quot;: null,
        &quot;Latitude&quot;: -26.0455313,
        &quot;Longitude&quot;: 28.01864307
      }
    },
    {
      &quot;attributes&quot;: {
        &quot;Precincts&quot;: &quot;Bryanston Extension&quot;,
        &quot;Quickbase_Status&quot;: &quot;Completed&quot;,
        &quot;QBRecordID&quot;: 1912,
        &quot;Third_Party_Dependant_For_Conne&quot;: null,
        &quot;Latitude&quot;: -26.04582944,
        &quot;Longitude&quot;: 28.01894488
      }
    },
    {
      &quot;attributes&quot;: {
        &quot;Precincts&quot;: &quot;Bryanston Extension&quot;,
        &quot;Quickbase_Status&quot;: &quot;Completed&quot;,
        &quot;QBRecordID&quot;: 1917,
        &quot;Third_Party_Dependant_For_Conne&quot;: null,
        &quot;Latitude&quot;: -26.04587247,
        &quot;Longitude&quot;: 28.01742276
      }
    },
    {
      &quot;attributes&quot;: {
        &quot;Precincts&quot;: &quot;Georgian Crescent&quot;,
        &quot;Quickbase_Status&quot;: &quot;Completed&quot;,
        &quot;QBRecordID&quot;: 315,
        &quot;Third_Party_Dependant_For_Conne&quot;: null,
        &quot;Latitude&quot;: -26.04089313,
        &quot;Longitude&quot;: 28.01697557
      }
    },
    {
      &quot;attributes&quot;: {
        &quot;Precincts&quot;: &quot;Impala&quot;,
        &quot;Quickbase_Status&quot;: &quot;Completed&quot;,
        &quot;QBRecordID&quot;: 179,
        &quot;Third_Party_Dependant_For_Conne&quot;: null,
        &quot;Latitude&quot;: -26.11604572,
        &quot;Longitude&quot;: 28.04964101
      }
    },
    {
      &quot;attributes&quot;: {
        &quot;Precincts&quot;: &quot;Impala&quot;,
        &quot;Quickbase_Status&quot;: &quot;Completed&quot;,
        &quot;QBRecordID&quot;: 159,
        &quot;Third_Party_Dependant_For_Conne&quot;: null,
        &quot;Latitude&quot;: -26.11515179,
        &quot;Longitude&quot;: 28.05193727
      }
    },
    {
      &quot;attributes&quot;: {
        &quot;Precincts&quot;: &quot;Country Club Estate&quot;,
        &quot;Quickbase_Status&quot;: &quot;Completed&quot;,
        &quot;QBRecordID&quot;: 506,
        &quot;Third_Party_Dependant_For_Conne&quot;: null,
        &quot;Latitude&quot;: -26.06073036,
        &quot;Longitude&quot;: 28.08239801
      }
    },
    {
      &quot;attributes&quot;: {
        &quot;Precincts&quot;: &quot;Eaton&quot;,
        &quot;Quickbase_Status&quot;: &quot;Completed&quot;,
        &quot;QBRecordID&quot;: 216,
        &quot;Third_Party_Dependant_For_Conne&quot;: null,
        &quot;Latitude&quot;: -26.04647793,
        &quot;Longitude&quot;: 28.02363051
      }
    },
    {
      &quot;attributes&quot;: {
        &quot;Precincts&quot;: &quot;Eaton&quot;,
        &quot;Quickbase_Status&quot;: &quot;Completed&quot;,
        &quot;QBRecordID&quot;: 218,
        &quot;Third_Party_Dependant_For_Conne&quot;: null,
        &quot;Latitude&quot;: -26.04366349,
        &quot;Longitude&quot;: 28.02043829
      }
    },
    {
      &quot;attributes&quot;: {
        &quot;Precincts&quot;: &quot;Eaton&quot;,
        &quot;Quickbase_Status&quot;: &quot;Completed&quot;,
        &quot;QBRecordID&quot;: 3956,
        &quot;Third_Party_Dependant_For_Conne&quot;: null,
        &quot;Latitude&quot;: -26.04578504,
        &quot;Longitude&quot;: 28.02287383
      }
    },
    {
      &quot;attributes&quot;: {
        &quot;Precincts&quot;: &quot;Saddle Drive&quot;,
        &quot;Quickbase_Status&quot;: &quot;Completed&quot;,
        &quot;QBRecordID&quot;: 3549,
        &quot;Third_Party_Dependant_For_Conne&quot;: null,
        &quot;Latitude&quot;: -26.04411851,
        &quot;Longitude&quot;: 28.08796398
      }
    },
    {
      &quot;attributes&quot;: {
        &quot;Precincts&quot;: &quot;TechnoPark&quot;,
        &quot;Quickbase_Status&quot;: &quot;Completed&quot;,
        &quot;QBRecordID&quot;: 911,
        &quot;Third_Party_Dependant_For_Conne&quot;: null,
        &quot;Latitude&quot;: -33.9657067,
        &quot;Longitude&quot;: 18.84077102
      }
    },
    {
      &quot;attributes&quot;: {
        &quot;Precincts&quot;: &quot;TechnoPark&quot;,
        &quot;Quickbase_Status&quot;: &quot;Completed&quot;,
        &quot;QBRecordID&quot;: 1783,
        &quot;Third_Party_Dependant_For_Conne&quot;: null,
        &quot;Latitude&quot;: -33.96540297,
        &quot;Longitude&quot;: 18.83976974
      }
    },
    {
      &quot;attributes&quot;: {
        &quot;Precincts&quot;: &quot;TechnoPark&quot;,
        &quot;Quickbase_Status&quot;: &quot;Completed&quot;,
        &quot;QBRecordID&quot;: 2282,
        &quot;Third_Party_Dependant_For_Conne&quot;: null,
        &quot;Latitude&quot;: -33.96535354,
        &quot;Longitude&quot;: 18.84020197
      }
    },
    {
      &quot;attributes&quot;: {
        &quot;Precincts&quot;: &quot;TechnoPark&quot;,
        &quot;Quickbase_Status&quot;: &quot;Completed&quot;,
        &quot;QBRecordID&quot;: 3900,
        &quot;Third_Party_Dependant_For_Conne&quot;: null,
        &quot;Latitude&quot;: -33.96597648,
        &quot;Longitude&quot;: 18.83630501
      }
    },
    {
      &quot;attributes&quot;: {
        &quot;Precincts&quot;: &quot;Riverview Office Park&quot;,
        &quot;Quickbase_Status&quot;: &quot;Completed&quot;,
        &quot;QBRecordID&quot;: 2617,
        &quot;Third_Party_Dependant_For_Conne&quot;: null,
        &quot;Latitude&quot;: -25.99999752,
        &quot;Longitude&quot;: 28.11972287
      }
    },
    {
      &quot;attributes&quot;: {
        &quot;Precincts&quot;: &quot;Riverview Office Park&quot;,
        &quot;Quickbase_Status&quot;: &quot;Completed&quot;,
        &quot;QBRecordID&quot;: 2618,
        &quot;Third_Party_Dependant_For_Conne&quot;: null,
        &quot;Latitude&quot;: -25.99953035,
        &quot;Longitude&quot;: 28.11951425
      }
    },
    {
      &quot;attributes&quot;: {
        &quot;Precincts&quot;: &quot;Riverview Office Park&quot;,
        &quot;Quickbase_Status&quot;: &quot;Completed&quot;,
        &quot;QBRecordID&quot;: 2619,
        &quot;Third_Party_Dependant_For_Conne&quot;: null,
        &quot;Latitude&quot;: -25.99908364,
        &quot;Longitude&quot;: 28.11911576
      }
    },
    {
      &quot;attributes&quot;: {
        &quot;Precincts&quot;: &quot;Girton&quot;,
        &quot;Quickbase_Status&quot;: &quot;Completed&quot;,
        &quot;QBRecordID&quot;: 815,
        &quot;Third_Party_Dependant_For_Conne&quot;: null,
        &quot;Latitude&quot;: -26.18320931,
        &quot;Longitude&quot;: 28.03714643
      }
    },
    {
      &quot;attributes&quot;: {
        &quot;Precincts&quot;: &quot;Oberon&quot;,
        &quot;Quickbase_Status&quot;: &quot;Completed&quot;,
        &quot;QBRecordID&quot;: 2320,
        &quot;Third_Party_Dependant_For_Conne&quot;: null,
        &quot;Latitude&quot;: -25.78166563,
        &quot;Longitude&quot;: 28.28994786
      }
    },
    {
      &quot;attributes&quot;: {
        &quot;Precincts&quot;: &quot;CPT CBD Phase 02&quot;,
        &quot;Quickbase_Status&quot;: &quot;Completed&quot;,
        &quot;QBRecordID&quot;: 3097,
        &quot;Third_Party_Dependant_For_Conne&quot;: null,
        &quot;Latitude&quot;: -33.92114834,
        &quot;Longitude&quot;: 18.43299305
      }
    },
    {
      &quot;attributes&quot;: {
        &quot;Precincts&quot;: &quot;Skeen Boulevard&quot;,
        &quot;Quickbase_Status&quot;: &quot;Completed&quot;,
        &quot;QBRecordID&quot;: 1164,
        &quot;Third_Party_Dependant_For_Conne&quot;: null,
        &quot;Latitude&quot;: -26.17533755,
        &quot;Longitude&quot;: 28.13246701
      }
    },
    {
      &quot;attributes&quot;: {
        &quot;Precincts&quot;: &quot;Skeen Boulevard&quot;,
        &quot;Quickbase_Status&quot;: &quot;Completed&quot;,
        &quot;QBRecordID&quot;: 91362,
        &quot;Third_Party_Dependant_For_Conne&quot;: null,
        &quot;Latitude&quot;: -26.17473251,
        &quot;Longitude&quot;: 28.13267481
      }
    },
    {
      &quot;attributes&quot;: {
        &quot;Precincts&quot;: &quot;Skeen Boulevard&quot;,
        &quot;Quickbase_Status&quot;: &quot;Completed&quot;,
        &quot;QBRecordID&quot;: 1171,
        &quot;Third_Party_Dependant_For_Conne&quot;: null,
        &quot;Latitude&quot;: -26.17422713,
        &quot;Longitude&quot;: 28.13398966
      }
    },
    {
      &quot;attributes&quot;: {
        &quot;Precincts&quot;: &quot;Sunninghill&quot;,
        &quot;Quickbase_Status&quot;: &quot;Completed&quot;,
        &quot;QBRecordID&quot;: 718,
        &quot;Third_Party_Dependant_For_Conne&quot;: null,
        &quot;Latitude&quot;: -26.03508249,
        &quot;Longitude&quot;: 28.06795167
      }
    },
    {
      &quot;attributes&quot;: {
        &quot;Precincts&quot;: &quot;Sunninghill&quot;,
        &quot;Quickbase_Status&quot;: &quot;Completed&quot;,
        &quot;QBRecordID&quot;: 374,
        &quot;Third_Party_Dependant_For_Conne&quot;: null,
        &quot;Latitude&quot;: -26.03385129,
        &quot;Longitude&quot;: 28.0671354
      }
    },
    {
      &quot;attributes&quot;: {
        &quot;Precincts&quot;: &quot;Sunninghill&quot;,
        &quot;Quickbase_Status&quot;: &quot;Completed&quot;,
        &quot;QBRecordID&quot;: 714,
        &quot;Third_Party_Dependant_For_Conne&quot;: null,
        &quot;Latitude&quot;: -26.03190489,
        &quot;Longitude&quot;: 28.06705246
      }
    },
    {
      &quot;attributes&quot;: {
        &quot;Precincts&quot;: &quot;Sandton Phase 1&quot;,
        &quot;Quickbase_Status&quot;: &quot;Completed&quot;,
        &quot;QBRecordID&quot;: 2909,
        &quot;Third_Party_Dependant_For_Conne&quot;: null,
        &quot;Latitude&quot;: -26.10188644,
        &quot;Longitude&quot;: 28.05236624
      }
    },
    {
      &quot;attributes&quot;: {
        &quot;Precincts&quot;: &quot;Sandton Phase 1&quot;,
        &quot;Quickbase_Status&quot;: &quot;Completed&quot;,
        &quot;QBRecordID&quot;: 2902,
        &quot;Third_Party_Dependant_For_Conne&quot;: null,
        &quot;Latitude&quot;: -26.10108108,
        &quot;Longitude&quot;: 28.05325535
      }
    },
    {
      &quot;attributes&quot;: {
        &quot;Precincts&quot;: &quot;Sandton Phase 2&quot;,
        &quot;Quickbase_Status&quot;: &quot;Completed&quot;,
        &quot;QBRecordID&quot;: 4026,
        &quot;Third_Party_Dependant_For_Conne&quot;: null,
        &quot;Latitude&quot;: -26.10322896,
        &quot;Longitude&quot;: 28.05652757
      }
    },
    {
      &quot;attributes&quot;: {
        &quot;Precincts&quot;: &quot;Richards Drive&quot;,
        &quot;Quickbase_Status&quot;: &quot;Completed&quot;,
        &quot;QBRecordID&quot;: 2675,
        &quot;Third_Party_Dependant_For_Conne&quot;: null,
        &quot;Latitude&quot;: -26.01399723,
        &quot;Longitude&quot;: 28.12378389
      }
    },
    {
      &quot;attributes&quot;: {
        &quot;Precincts&quot;: &quot;Impala&quot;,
        &quot;Quickbase_Status&quot;: &quot;Completed&quot;,
        &quot;QBRecordID&quot;: 172,
        &quot;Third_Party_Dependant_For_Conne&quot;: null,
        &quot;Latitude&quot;: -26.11511065,
        &quot;Longitude&quot;: 28.05422498
      }
    },
    {
      &quot;attributes&quot;: {
        &quot;Precincts&quot;: &quot;TechnoPark&quot;,
        &quot;Quickbase_Status&quot;: &quot;Completed&quot;,
        &quot;QBRecordID&quot;: 1341,
        &quot;Third_Party_Dependant_For_Conne&quot;: null,
        &quot;Latitude&quot;: -33.96486127,
        &quot;Longitude&quot;: 18.84098792
      }
    },
    {
      &quot;attributes&quot;: {
        &quot;Precincts&quot;: &quot;TechnoPark&quot;,
        &quot;Quickbase_Status&quot;: &quot;Completed&quot;,
        &quot;QBRecordID&quot;: 800,
        &quot;Third_Party_Dependant_For_Conne&quot;: null,
        &quot;Latitude&quot;: -33.96329077,
        &quot;Longitude&quot;: 18.83739767
      }
    },
    {
      &quot;attributes&quot;: {
        &quot;Precincts&quot;: &quot;TechnoPark&quot;,
        &quot;Quickbase_Status&quot;: &quot;Completed&quot;,
        &quot;QBRecordID&quot;: 71304,
        &quot;Third_Party_Dependant_For_Conne&quot;: null,
        &quot;Latitude&quot;: -33.96622392,
        &quot;Longitude&quot;: 18.83764961
      }
    },
    {
      &quot;attributes&quot;: {
        &quot;Precincts&quot;: &quot;TechnoPark&quot;,
        &quot;Quickbase_Status&quot;: &quot;Completed&quot;,
        &quot;QBRecordID&quot;: 1280,
        &quot;Third_Party_Dependant_For_Conne&quot;: null,
        &quot;Latitude&quot;: -33.96456879,
        &quot;Longitude&quot;: 18.83596631
      }
    },
    {
      &quot;attributes&quot;: {
        &quot;Precincts&quot;: &quot;TechnoPark&quot;,
        &quot;Quickbase_Status&quot;: &quot;Completed&quot;,
        &quot;QBRecordID&quot;: 821,
        &quot;Third_Party_Dependant_For_Conne&quot;: null,
        &quot;Latitude&quot;: -33.96457228,
        &quot;Longitude&quot;: 18.83961452
      }
    },
    {
      &quot;attributes&quot;: {
        &quot;Precincts&quot;: &quot;Western Services&quot;,
        &quot;Quickbase_Status&quot;: &quot;Completed&quot;,
        &quot;QBRecordID&quot;: 2502,
        &quot;Third_Party_Dependant_For_Conne&quot;: null,
        &quot;Latitude&quot;: -26.05706721,
        &quot;Longitude&quot;: 28.08872521
      }
    },
    {
      &quot;attributes&quot;: {
        &quot;Precincts&quot;: &quot;Western Services&quot;,
        &quot;Quickbase_Status&quot;: &quot;Completed&quot;,
        &quot;QBRecordID&quot;: 2518,
        &quot;Third_Party_Dependant_For_Conne&quot;: null,
        &quot;Latitude&quot;: -26.05887501,
        &quot;Longitude&quot;: 28.08989647
      }
    },
    {
      &quot;attributes&quot;: {
        &quot;Precincts&quot;: &quot;Western Services&quot;,
        &quot;Quickbase_Status&quot;: &quot;Completed&quot;,
        &quot;QBRecordID&quot;: 2515,
        &quot;Third_Party_Dependant_For_Conne&quot;: null,
        &quot;Latitude&quot;: -26.05822761,
        &quot;Longitude&quot;: 28.0897956
      }
    },
    {
      &quot;attributes&quot;: {
        &quot;Precincts&quot;: &quot;Western Services&quot;,
        &quot;Quickbase_Status&quot;: &quot;Completed&quot;,
        &quot;QBRecordID&quot;: 2519,
        &quot;Third_Party_Dependant_For_Conne&quot;: null,
        &quot;Latitude&quot;: -26.05962602,
        &quot;Longitude&quot;: 28.08993138
      }
    },
    {
      &quot;attributes&quot;: {
        &quot;Precincts&quot;: &quot;Girton&quot;,
        &quot;Quickbase_Status&quot;: &quot;Completed&quot;,
        &quot;QBRecordID&quot;: 18378,
        &quot;Third_Party_Dependant_For_Conne&quot;: null,
        &quot;Latitude&quot;: -26.18418523,
        &quot;Longitude&quot;: 28.04028887
      }
    },
    {
      &quot;attributes&quot;: {
        &quot;Precincts&quot;: &quot;Bauhania Street&quot;,
        &quot;Quickbase_Status&quot;: &quot;Completed&quot;,
        &quot;QBRecordID&quot;: 5858,
        &quot;Third_Party_Dependant_For_Conne&quot;: null,
        &quot;Latitude&quot;: -25.88051127,
        &quot;Longitude&quot;: 28.18302287
      }
    },
    {
      &quot;attributes&quot;: {
        &quot;Precincts&quot;: &quot;Bauhania Street&quot;,
        &quot;Quickbase_Status&quot;: &quot;Completed&quot;,
        &quot;QBRecordID&quot;: 5854,
        &quot;Third_Party_Dependant_For_Conne&quot;: null,
        &quot;Latitude&quot;: -25.88015636,
        &quot;Longitude&quot;: 28.18265496
      }
    },
    {
      &quot;attributes&quot;: {
        &quot;Precincts&quot;: &quot;Bauhania Street&quot;,
        &quot;Quickbase_Status&quot;: &quot;Completed&quot;,
        &quot;QBRecordID&quot;: 5850,
        &quot;Third_Party_Dependant_For_Conne&quot;: null,
        &quot;Latitude&quot;: -25.87998991,
        &quot;Longitude&quot;: 28.18251493
      }
    },
    {
      &quot;attributes&quot;: {
        &quot;Precincts&quot;: &quot;Bauhania Street&quot;,
        &quot;Quickbase_Status&quot;: &quot;Completed&quot;,
        &quot;QBRecordID&quot;: 5853,
        &quot;Third_Party_Dependant_For_Conne&quot;: null,
        &quot;Latitude&quot;: -25.88030753,
        &quot;Longitude&quot;: 28.18211672
      }
    },
    {
      &quot;attributes&quot;: {
        &quot;Precincts&quot;: &quot;Bauhania Street&quot;,
        &quot;Quickbase_Status&quot;: &quot;Completed&quot;,
        &quot;QBRecordID&quot;: 5846,
        &quot;Third_Party_Dependant_For_Conne&quot;: null,
        &quot;Latitude&quot;: -25.87958314,
        &quot;Longitude&quot;: 28.18195239
      }
    },
    {
      &quot;attributes&quot;: {
        &quot;Precincts&quot;: &quot;Bauhania Street&quot;,
        &quot;Quickbase_Status&quot;: &quot;Completed&quot;,
        &quot;QBRecordID&quot;: 5844,
        &quot;Third_Party_Dependant_For_Conne&quot;: null,
        &quot;Latitude&quot;: -25.87938482,
        &quot;Longitude&quot;: 28.18205027
      }
    },
    {
      &quot;attributes&quot;: {
        &quot;Precincts&quot;: &quot;Bauhania Street&quot;,
        &quot;Quickbase_Status&quot;: &quot;Completed&quot;,
        &quot;QBRecordID&quot;: 5843,
        &quot;Third_Party_Dependant_For_Conne&quot;: null,
        &quot;Latitude&quot;: -25.87916896,
        &quot;Longitude&quot;: 28.18216952
      }
    },
    {
      &quot;attributes&quot;: {
        &quot;Precincts&quot;: &quot;Bauhania Street&quot;,
        &quot;Quickbase_Status&quot;: &quot;Completed&quot;,
        &quot;QBRecordID&quot;: 5842,
        &quot;Third_Party_Dependant_For_Conne&quot;: null,
        &quot;Latitude&quot;: -25.87888469,
        &quot;Longitude&quot;: 28.18257261
      }
    },
    {
      &quot;attributes&quot;: {
        &quot;Precincts&quot;: &quot;Bauhania Street&quot;,
        &quot;Quickbase_Status&quot;: &quot;Completed&quot;,
        &quot;QBRecordID&quot;: 5841,
        &quot;Third_Party_Dependant_For_Conne&quot;: null,
        &quot;Latitude&quot;: -25.87880538,
        &quot;Longitude&quot;: 28.18279113
      }
    },
    {
      &quot;attributes&quot;: {
        &quot;Precincts&quot;: &quot;Bauhania Street&quot;,
        &quot;Quickbase_Status&quot;: &quot;Completed&quot;,
        &quot;QBRecordID&quot;: 5840,
        &quot;Third_Party_Dependant_For_Conne&quot;: null,
        &quot;Latitude&quot;: -25.8785646,
        &quot;Longitude&quot;: 28.18300535
      }
    },
    {
      &quot;attributes&quot;: {
        &quot;Precincts&quot;: &quot;Bauhania Street&quot;,
        &quot;Quickbase_Status&quot;: &quot;Completed&quot;,
        &quot;QBRecordID&quot;: 5839,
        &quot;Third_Party_Dependant_For_Conne&quot;: null,
        &quot;Latitude&quot;: -25.87831334,
        &quot;Longitude&quot;: 28.18312162
      }
    },
    {
      &quot;attributes&quot;: {
        &quot;Precincts&quot;: &quot;Bauhania Street&quot;,
        &quot;Quickbase_Status&quot;: &quot;Completed&quot;,
        &quot;QBRecordID&quot;: 4887,
        &quot;Third_Party_Dependant_For_Conne&quot;: null,
        &quot;Latitude&quot;: -25.87812096,
        &quot;Longitude&quot;: 28.1831993
      }
    },
    {
      &quot;attributes&quot;: {
        &quot;Precincts&quot;: &quot;Richards Drive&quot;,
        &quot;Quickbase_Status&quot;: &quot;Completed&quot;,
        &quot;QBRecordID&quot;: 2441,
        &quot;Third_Party_Dependant_For_Conne&quot;: null,
        &quot;Latitude&quot;: -26.01309898,
        &quot;Longitude&quot;: 28.1232198
      }
    },
    {
      &quot;attributes&quot;: {
        &quot;Precincts&quot;: &quot;Richards Drive&quot;,
        &quot;Quickbase_Status&quot;: &quot;Completed&quot;,
        &quot;QBRecordID&quot;: 2443,
        &quot;Third_Party_Dependant_For_Conne&quot;: null,
        &quot;Latitude&quot;: -26.01381675,
        &quot;Longitude&quot;: 28.12611181
      }
    },
    {
      &quot;attributes&quot;: {
        &quot;Precincts&quot;: &quot;Rivonia North&quot;,
        &quot;Quickbase_Status&quot;: &quot;Completed&quot;,
        &quot;QBRecordID&quot;: 628,
        &quot;Third_Party_Dependant_For_Conne&quot;: null,
        &quot;Latitude&quot;: -26.03915113,
        &quot;Longitude&quot;: 28.05765601
      }
    },
    {
      &quot;attributes&quot;: {
        &quot;Precincts&quot;: &quot;Sandton Phase 2&quot;,
        &quot;Quickbase_Status&quot;: &quot;Completed&quot;,
        &quot;QBRecordID&quot;: 4038,
        &quot;Third_Party_Dependant_For_Conne&quot;: null,
        &quot;Latitude&quot;: -26.10397115,
        &quot;Longitude&quot;: 28.05202355
      }
    },
    {
      &quot;attributes&quot;: {
        &quot;Precincts&quot;: &quot;Richards Drive&quot;,
        &quot;Quickbase_Status&quot;: &quot;Completed&quot;,
        &quot;QBRecordID&quot;: 2467,
        &quot;Third_Party_Dependant_For_Conne&quot;: null,
        &quot;Latitude&quot;: -26.01610751,
        &quot;Longitude&quot;: 28.12104334
      }
    },
    {
      &quot;attributes&quot;: {
        &quot;Precincts&quot;: &quot;Muswell&quot;,
        &quot;Quickbase_Status&quot;: &quot;Completed&quot;,
        &quot;QBRecordID&quot;: 194,
        &quot;Third_Party_Dependant_For_Conne&quot;: null,
        &quot;Latitude&quot;: -26.04975785,
        &quot;Longitude&quot;: 28.02238447
      }
    },
    {
      &quot;attributes&quot;: {
        &quot;Precincts&quot;: &quot;Homestead&quot;,
        &quot;Quickbase_Status&quot;: &quot;Completed&quot;,
        &quot;QBRecordID&quot;: 248,
        &quot;Third_Party_Dependant_For_Conne&quot;: null,
        &quot;Latitude&quot;: -26.04599081,
        &quot;Longitude&quot;: 28.05792353
      }
    },
    {
      &quot;attributes&quot;: {
        &quot;Precincts&quot;: &quot;Mellis&quot;,
        &quot;Quickbase_Status&quot;: &quot;Completed&quot;,
        &quot;QBRecordID&quot;: 292,
        &quot;Third_Party_Dependant_For_Conne&quot;: null,
        &quot;Latitude&quot;: -26.04465901,
        &quot;Longitude&quot;: 28.05840741
      }
    },
    {
      &quot;attributes&quot;: {
        &quot;Precincts&quot;: &quot;Mellis&quot;,
        &quot;Quickbase_Status&quot;: &quot;Completed&quot;,
        &quot;QBRecordID&quot;: 885,
        &quot;Third_Party_Dependant_For_Conne&quot;: null,
        &quot;Latitude&quot;: -26.04561417,
        &quot;Longitude&quot;: 28.05827881
      }
    },
    {
      &quot;attributes&quot;: {
        &quot;Precincts&quot;: &quot;Georgian Crescent&quot;,
        &quot;Quickbase_Status&quot;: &quot;Completed&quot;,
        &quot;QBRecordID&quot;: 320,
        &quot;Third_Party_Dependant_For_Conne&quot;: null,
        &quot;Latitude&quot;: -26.04127971,
        &quot;Longitude&quot;: 28.01571482
      }
    },
    {
      &quot;attributes&quot;: {
        &quot;Precincts&quot;: &quot;Eaton&quot;,
        &quot;Quickbase_Status&quot;: &quot;Completed&quot;,
        &quot;QBRecordID&quot;: 207,
        &quot;Third_Party_Dependant_For_Conne&quot;: null,
        &quot;Latitude&quot;: -26.0460982,
        &quot;Longitude&quot;: 28.02019356
      }
    },
    {
      &quot;attributes&quot;: {
        &quot;Precincts&quot;: &quot;Saddle Drive&quot;,
        &quot;Quickbase_Status&quot;: &quot;Completed&quot;,
        &quot;QBRecordID&quot;: 1831,
        &quot;Third_Party_Dependant_For_Conne&quot;: null,
        &quot;Latitude&quot;: -26.04693268,
        &quot;Longitude&quot;: 28.0897991
      }
    },
    {
      &quot;attributes&quot;: {
        &quot;Precincts&quot;: &quot;Country Club Estate&quot;,
        &quot;Quickbase_Status&quot;: &quot;Completed&quot;,
        &quot;QBRecordID&quot;: 503,
        &quot;Third_Party_Dependant_For_Conne&quot;: null,
        &quot;Latitude&quot;: -26.06030064,
        &quot;Longitude&quot;: 28.08246698
      }
    },
    {
      &quot;attributes&quot;: {
        &quot;Precincts&quot;: &quot;Country Club Estate&quot;,
        &quot;Quickbase_Status&quot;: &quot;Completed&quot;,
        &quot;QBRecordID&quot;: 492,
        &quot;Third_Party_Dependant_For_Conne&quot;: null,
        &quot;Latitude&quot;: -26.05713542,
        &quot;Longitude&quot;: 28.08414151
      }
    },
    {
      &quot;attributes&quot;: {
        &quot;Precincts&quot;: &quot;Claremont&quot;,
        &quot;Quickbase_Status&quot;: &quot;Completed&quot;,
        &quot;QBRecordID&quot;: 390,
        &quot;Third_Party_Dependant_For_Conne&quot;: null,
        &quot;Latitude&quot;: -33.97751922,
        &quot;Longitude&quot;: 18.46570991
      }
    },
    {
      &quot;attributes&quot;: {
        &quot;Precincts&quot;: &quot;Eaton&quot;,
        &quot;Quickbase_Status&quot;: &quot;Completed&quot;,
        &quot;QBRecordID&quot;: 214,
        &quot;Third_Party_Dependant_For_Conne&quot;: null,
        &quot;Latitude&quot;: -26.04614344,
        &quot;Longitude&quot;: 28.02167874
      }
    },
    {
      &quot;attributes&quot;: {
        &quot;Precincts&quot;: &quot;Claremont&quot;,
        &quot;Quickbase_Status&quot;: &quot;Completed&quot;,
        &quot;QBRecordID&quot;: 747,
        &quot;Third_Party_Dependant_For_Conne&quot;: null,
        &quot;Latitude&quot;: -33.97976653,
        &quot;Longitude&quot;: 18.46031297
      }
    },
    {
      &quot;attributes&quot;: {
        &quot;Precincts&quot;: &quot;Claremont&quot;,
        &quot;Quickbase_Status&quot;: &quot;Completed&quot;,
        &quot;QBRecordID&quot;: 749,
        &quot;Third_Party_Dependant_For_Conne&quot;: null,
        &quot;Latitude&quot;: -33.97999786,
        &quot;Longitude&quot;: 18.46017998
      }
    },
    {
      &quot;attributes&quot;: {
        &quot;Precincts&quot;: &quot;Claremont&quot;,
        &quot;Quickbase_Status&quot;: &quot;Completed&quot;,
        &quot;QBRecordID&quot;: 748,
        &quot;Third_Party_Dependant_For_Conne&quot;: null,
        &quot;Latitude&quot;: -33.98017128,
        &quot;Longitude&quot;: 18.45990755
      }
    },
    {
      &quot;attributes&quot;: {
        &quot;Precincts&quot;: &quot;Claremont&quot;,
        &quot;Quickbase_Status&quot;: &quot;Completed&quot;,
        &quot;QBRecordID&quot;: 391,
        &quot;Third_Party_Dependant_For_Conne&quot;: null,
        &quot;Latitude&quot;: -33.98026689,
        &quot;Longitude&quot;: 18.45962829
      }
    },
    {
      &quot;attributes&quot;: {
        &quot;Precincts&quot;: &quot;Saddle Drive&quot;,
        &quot;Quickbase_Status&quot;: &quot;Completed&quot;,
        &quot;QBRecordID&quot;: 3953,
        &quot;Third_Party_Dependant_For_Conne&quot;: null,
        &quot;Latitude&quot;: -26.04844538,
        &quot;Longitude&quot;: 28.08850581
      }
    },
    {
      &quot;attributes&quot;: {
        &quot;Precincts&quot;: &quot;Saddle Drive&quot;,
        &quot;Quickbase_Status&quot;: &quot;Completed&quot;,
        &quot;QBRecordID&quot;: 1854,
        &quot;Third_Party_Dependant_For_Conne&quot;: null,
        &quot;Latitude&quot;: -26.04673382,
        &quot;Longitude&quot;: 28.08907844
      }
    },
    {
      &quot;attributes&quot;: {
        &quot;Precincts&quot;: &quot;Saddle Drive&quot;,
        &quot;Quickbase_Status&quot;: &quot;Completed&quot;,
        &quot;QBRecordID&quot;: 1834,
        &quot;Third_Party_Dependant_For_Conne&quot;: null,
        &quot;Latitude&quot;: -26.04636353,
        &quot;Longitude&quot;: 28.08983084
      }
    },
    {
      &quot;attributes&quot;: {
        &quot;Precincts&quot;: &quot;Girton&quot;,
        &quot;Quickbase_Status&quot;: &quot;Completed&quot;,
        &quot;QBRecordID&quot;: 789,
        &quot;Third_Party_Dependant_For_Conne&quot;: null,
        &quot;Latitude&quot;: -26.18487178,
        &quot;Longitude&quot;: 28.03788575
      }
    },
    {
      &quot;attributes&quot;: {
        &quot;Precincts&quot;: &quot;TechnoPark&quot;,
        &quot;Quickbase_Status&quot;: &quot;Completed&quot;,
        &quot;QBRecordID&quot;: 1343,
        &quot;Third_Party_Dependant_For_Conne&quot;: null,
        &quot;Latitude&quot;: -33.96501677,
        &quot;Longitude&quot;: 18.8387861
      }
    },
    {
      &quot;attributes&quot;: {
        &quot;Precincts&quot;: &quot;TechnoPark&quot;,
        &quot;Quickbase_Status&quot;: &quot;Completed&quot;,
        &quot;QBRecordID&quot;: 2197,
        &quot;Third_Party_Dependant_For_Conne&quot;: null,
        &quot;Latitude&quot;: -33.96590501,
        &quot;Longitude&quot;: 18.83037988
      }
    },
    {
      &quot;attributes&quot;: {
        &quot;Precincts&quot;: &quot;TechnoPark&quot;,
        &quot;Quickbase_Status&quot;: &quot;Completed&quot;,
        &quot;QBRecordID&quot;: 760,
        &quot;Third_Party_Dependant_For_Conne&quot;: null,
        &quot;Latitude&quot;: -33.96532626,
        &quot;Longitude&quot;: 18.84100175
      }
    },
    {
      &quot;attributes&quot;: {
        &quot;Precincts&quot;: &quot;Western Services&quot;,
        &quot;Quickbase_Status&quot;: &quot;Completed&quot;,
        &quot;QBRecordID&quot;: 2512,
        &quot;Third_Party_Dependant_For_Conne&quot;: null,
        &quot;Latitude&quot;: -26.05785468,
        &quot;Longitude&quot;: 28.08717047
      }
    },
    {
      &quot;attributes&quot;: {
        &quot;Precincts&quot;: &quot;Western Services&quot;,
        &quot;Quickbase_Status&quot;: &quot;Completed&quot;,
        &quot;QBRecordID&quot;: 2508,
        &quot;Third_Party_Dependant_For_Conne&quot;: null,
        &quot;Latitude&quot;: -26.05749568,
        &quot;Longitude&quot;: 28.08661433
      }
    },
    {
      &quot;attributes&quot;: {
        &quot;Precincts&quot;: &quot;Western Services&quot;,
        &quot;Quickbase_Status&quot;: &quot;Completed&quot;,
        &quot;QBRecordID&quot;: 2517,
        &quot;Third_Party_Dependant_For_Conne&quot;: null,
        &quot;Latitude&quot;: -26.06068673,
        &quot;Longitude&quot;: 28.09000486
      }
    },
    {
      &quot;attributes&quot;: {
        &quot;Precincts&quot;: &quot;Western Services&quot;,
        &quot;Quickbase_Status&quot;: &quot;Completed&quot;,
        &quot;QBRecordID&quot;: 2494,
        &quot;Third_Party_Dependant_For_Conne&quot;: null,
        &quot;Latitude&quot;: -26.06204881,
        &quot;Longitude&quot;: 28.08968004
      }
    },
    {
      &quot;attributes&quot;: {
        &quot;Precincts&quot;: &quot;Girton&quot;,
        &quot;Quickbase_Status&quot;: &quot;Completed&quot;,
        &quot;QBRecordID&quot;: 816,
        &quot;Third_Party_Dependant_For_Conne&quot;: null,
        &quot;Latitude&quot;: -26.18397598,
        &quot;Longitude&quot;: 28.03748292
      }
    },
    {
      &quot;attributes&quot;: {
        &quot;Precincts&quot;: &quot;Girton&quot;,
        &quot;Quickbase_Status&quot;: &quot;Completed&quot;,
        &quot;QBRecordID&quot;: 817,
        &quot;Third_Party_Dependant_For_Conne&quot;: null,
        &quot;Latitude&quot;: -26.18414662,
        &quot;Longitude&quot;: 28.03674915
      }
    },
    {
      &quot;attributes&quot;: {
        &quot;Precincts&quot;: &quot;Ballyclare (Bally Oakes incl)&quot;,
        &quot;Quickbase_Status&quot;: &quot;Completed&quot;,
        &quot;QBRecordID&quot;: 564,
        &quot;Third_Party_Dependant_For_Conne&quot;: null,
        &quot;Latitude&quot;: -26.07409113,
        &quot;Longitude&quot;: 28.03025181
      }
    },
    {
      &quot;attributes&quot;: {
        &quot;Precincts&quot;: &quot;Rosenpark&quot;,
        &quot;Quickbase_Status&quot;: &quot;Completed&quot;,
        &quot;QBRecordID&quot;: 2730,
        &quot;Third_Party_Dependant_For_Conne&quot;: null,
        &quot;Latitude&quot;: -33.86981169,
        &quot;Longitude&quot;: 18.64024679
      }
    },
    {
      &quot;attributes&quot;: {
        &quot;Precincts&quot;: &quot;Rosenpark&quot;,
        &quot;Quickbase_Status&quot;: &quot;Completed&quot;,
        &quot;QBRecordID&quot;: 2731,
        &quot;Third_Party_Dependant_For_Conne&quot;: null,
        &quot;Latitude&quot;: -33.86985972,
        &quot;Longitude&quot;: 18.64054265
      }
    },
    {
      &quot;attributes&quot;: {
        &quot;Precincts&quot;: &quot;Woodmead Estate&quot;,
        &quot;Quickbase_Status&quot;: &quot;Completed&quot;,
        &quot;QBRecordID&quot;: 3942,
        &quot;Third_Party_Dependant_For_Conne&quot;: null,
        &quot;Latitude&quot;: -26.05139414,
        &quot;Longitude&quot;: 28.08893235
      }
    },
    {
      &quot;attributes&quot;: {
        &quot;Precincts&quot;: &quot;Woodmead Estate&quot;,
        &quot;Quickbase_Status&quot;: &quot;Completed&quot;,
        &quot;QBRecordID&quot;: 3943,
        &quot;Third_Party_Dependant_For_Conne&quot;: null,
        &quot;Latitude&quot;: -26.0513371,
        &quot;Longitude&quot;: 28.08945641
      }
    },
    {
      &quot;attributes&quot;: {
        &quot;Precincts&quot;: &quot;Woodmead Estate&quot;,
        &quot;Quickbase_Status&quot;: &quot;Completed&quot;,
        &quot;QBRecordID&quot;: 3944,
        &quot;Third_Party_Dependant_For_Conne&quot;: null,
        &quot;Latitude&quot;: -26.05177702,
        &quot;Longitude&quot;: 28.08957091
      }
    },
    {
      &quot;attributes&quot;: {
        &quot;Precincts&quot;: &quot;Scott Street&quot;,
        &quot;Quickbase_Status&quot;: &quot;Completed&quot;,
        &quot;QBRecordID&quot;: 1717,
        &quot;Third_Party_Dependant_For_Conne&quot;: null,
        &quot;Latitude&quot;: -26.13471665,
        &quot;Longitude&quot;: 28.07030722
      }
    },
    {
      &quot;attributes&quot;: {
        &quot;Precincts&quot;: &quot;CPT CBD Phase 02&quot;,
        &quot;Quickbase_Status&quot;: &quot;Completed&quot;,
        &quot;QBRecordID&quot;: 3103,
        &quot;Third_Party_Dependant_For_Conne&quot;: null,
        &quot;Latitude&quot;: -33.92085428,
        &quot;Longitude&quot;: 18.4319668
      }
    },
    {
      &quot;attributes&quot;: {
        &quot;Precincts&quot;: &quot;Rosenpark&quot;,
        &quot;Quickbase_Status&quot;: &quot;Completed&quot;,
        &quot;QBRecordID&quot;: 2713,
        &quot;Third_Party_Dependant_For_Conne&quot;: null,
        &quot;Latitude&quot;: -33.86613707,
        &quot;Longitude&quot;: 18.64025948
      }
    },
    {
      &quot;attributes&quot;: {
        &quot;Precincts&quot;: &quot;Rosenpark&quot;,
        &quot;Quickbase_Status&quot;: &quot;Completed&quot;,
        &quot;QBRecordID&quot;: 2754,
        &quot;Third_Party_Dependant_For_Conne&quot;: null,
        &quot;Latitude&quot;: -33.87002218,
        &quot;Longitude&quot;: 18.64065831
      }
    },
    {
      &quot;attributes&quot;: {
        &quot;Precincts&quot;: &quot;Sunninghill&quot;,
        &quot;Quickbase_Status&quot;: &quot;Completed&quot;,
        &quot;QBRecordID&quot;: 381,
        &quot;Third_Party_Dependant_For_Conne&quot;: null,
        &quot;Latitude&quot;: -26.03535099,
        &quot;Longitude&quot;: 28.06855707
      }
    },
    {
      &quot;attributes&quot;: {
        &quot;Precincts&quot;: &quot;Sunninghill&quot;,
        &quot;Quickbase_Status&quot;: &quot;Completed&quot;,
        &quot;QBRecordID&quot;: 368,
        &quot;Third_Party_Dependant_For_Conne&quot;: null,
        &quot;Latitude&quot;: -26.0345085,
        &quot;Longitude&quot;: 28.06231444
      }
    },
    {
      &quot;attributes&quot;: {
        &quot;Precincts&quot;: &quot;Sunninghill&quot;,
        &quot;Quickbase_Status&quot;: &quot;Completed&quot;,
        &quot;QBRecordID&quot;: 719,
        &quot;Third_Party_Dependant_For_Conne&quot;: null,
        &quot;Latitude&quot;: -26.0352032,
        &quot;Longitude&quot;: 28.06711703
      }
    },
    {
      &quot;attributes&quot;: {
        &quot;Precincts&quot;: &quot;Sunninghill&quot;,
        &quot;Quickbase_Status&quot;: &quot;Completed&quot;,
        &quot;QBRecordID&quot;: 382,
        &quot;Third_Party_Dependant_For_Conne&quot;: null,
        &quot;Latitude&quot;: -26.03570137,
        &quot;Longitude&quot;: 28.06763757
      }
    },
    {
      &quot;attributes&quot;: {
        &quot;Precincts&quot;: &quot;Sunninghill&quot;,
        &quot;Quickbase_Status&quot;: &quot;Completed&quot;,
        &quot;QBRecordID&quot;: 589,
        &quot;Third_Party_Dependant_For_Conne&quot;: null,
        &quot;Latitude&quot;: -26.03258913,
        &quot;Longitude&quot;: 28.0688573
      }
    },
    {
      &quot;attributes&quot;: {
        &quot;Precincts&quot;: &quot;Sunninghill&quot;,
        &quot;Quickbase_Status&quot;: &quot;Completed&quot;,
        &quot;QBRecordID&quot;: 71051,
        &quot;Third_Party_Dependant_For_Conne&quot;: null,
        &quot;Latitude&quot;: -26.03306882,
        &quot;Longitude&quot;: 28.06810605
      }
    },
    {
      &quot;attributes&quot;: {
        &quot;Precincts&quot;: &quot;Sunninghill&quot;,
        &quot;Quickbase_Status&quot;: &quot;Completed&quot;,
        &quot;QBRecordID&quot;: 376,
        &quot;Third_Party_Dependant_For_Conne&quot;: null,
        &quot;Latitude&quot;: -26.0320296,
        &quot;Longitude&quot;: 28.06385895
      }
    },
    {
      &quot;attributes&quot;: {
        &quot;Precincts&quot;: &quot;Sunninghill&quot;,
        &quot;Quickbase_Status&quot;: &quot;Completed&quot;,
        &quot;QBRecordID&quot;: 655,
        &quot;Third_Party_Dependant_For_Conne&quot;: null,
        &quot;Latitude&quot;: -26.03519235,
        &quot;Longitude&quot;: 28.06211414
      }
    },
    {
      &quot;attributes&quot;: {
        &quot;Precincts&quot;: &quot;Katherine Extension&quot;,
        &quot;Quickbase_Status&quot;: &quot;Completed&quot;,
        &quot;QBRecordID&quot;: 934,
        &quot;Third_Party_Dependant_For_Conne&quot;: null,
        &quot;Latitude&quot;: -26.10028634,
        &quot;Longitude&quot;: 28.07315226
      }
    },
    {
      &quot;attributes&quot;: {
        &quot;Precincts&quot;: &quot;Katherine Extension&quot;,
        &quot;Quickbase_Status&quot;: &quot;Completed&quot;,
        &quot;QBRecordID&quot;: 1323,
        &quot;Third_Party_Dependant_For_Conne&quot;: null,
        &quot;Latitude&quot;: -26.09979115,
        &quot;Longitude&quot;: 28.07411343
      }
    },
    {
      &quot;attributes&quot;: {
        &quot;Precincts&quot;: &quot;Kent&quot;,
        &quot;Quickbase_Status&quot;: &quot;Completed&quot;,
        &quot;QBRecordID&quot;: 561,
        &quot;Third_Party_Dependant_For_Conne&quot;: null,
        &quot;Latitude&quot;: -26.09290208,
        &quot;Longitude&quot;: 27.9998875
      }
    },
    {
      &quot;attributes&quot;: {
        &quot;Precincts&quot;: &quot;Oak Avenue&quot;,
        &quot;Quickbase_Status&quot;: &quot;Completed&quot;,
        &quot;QBRecordID&quot;: 667,
        &quot;Third_Party_Dependant_For_Conne&quot;: null,
        &quot;Latitude&quot;: -26.10024159,
        &quot;Longitude&quot;: 28.00046892
      }
    },
    {
      &quot;attributes&quot;: {
        &quot;Precincts&quot;: &quot;Oak Avenue&quot;,
        &quot;Quickbase_Status&quot;: &quot;Completed&quot;,
        &quot;QBRecordID&quot;: 669,
        &quot;Third_Party_Dependant_For_Conne&quot;: null,
        &quot;Latitude&quot;: -26.10044007,
        &quot;Longitude&quot;: 28.000428
      }
    },
    {
      &quot;attributes&quot;: {
        &quot;Precincts&quot;: &quot;Oak Avenue&quot;,
        &quot;Quickbase_Status&quot;: &quot;Completed&quot;,
        &quot;QBRecordID&quot;: 684,
        &quot;Third_Party_Dependant_For_Conne&quot;: null,
        &quot;Latitude&quot;: -26.10034742,
        &quot;Longitude&quot;: 27.99987836
      }
    },
    {
      &quot;attributes&quot;: {
        &quot;Precincts&quot;: &quot;Oak Avenue&quot;,
        &quot;Quickbase_Status&quot;: &quot;Completed&quot;,
        &quot;QBRecordID&quot;: 513,
        &quot;Third_Party_Dependant_For_Conne&quot;: null,
        &quot;Latitude&quot;: -26.1001298,
        &quot;Longitude&quot;: 27.99974778
      }
    },
    {
      &quot;attributes&quot;: {
        &quot;Precincts&quot;: &quot;Oak Avenue&quot;,
        &quot;Quickbase_Status&quot;: &quot;Completed&quot;,
        &quot;QBRecordID&quot;: 663,
        &quot;Third_Party_Dependant_For_Conne&quot;: null,
        &quot;Latitude&quot;: -26.10032313,
        &quot;Longitude&quot;: 27.99971067
      }
    },
    {
      &quot;attributes&quot;: {
        &quot;Precincts&quot;: &quot;Oak Avenue&quot;,
        &quot;Quickbase_Status&quot;: &quot;Completed&quot;,
        &quot;QBRecordID&quot;: 664,
        &quot;Third_Party_Dependant_For_Conne&quot;: null,
        &quot;Latitude&quot;: -26.10037235,
        &quot;Longitude&quot;: 28.00002378
      }
    },
    {
      &quot;attributes&quot;: {
        &quot;Precincts&quot;: &quot;Kent&quot;,
        &quot;Quickbase_Status&quot;: &quot;Completed&quot;,
        &quot;QBRecordID&quot;: 736,
        &quot;Third_Party_Dependant_For_Conne&quot;: null,
        &quot;Latitude&quot;: -26.09982753,
        &quot;Longitude&quot;: 27.99873126
      }
    },
    {
      &quot;attributes&quot;: {
        &quot;Precincts&quot;: &quot;Kent&quot;,
        &quot;Quickbase_Status&quot;: &quot;Completed&quot;,
        &quot;QBRecordID&quot;: 737,
        &quot;Third_Party_Dependant_For_Conne&quot;: null,
        &quot;Latitude&quot;: -26.0997977,
        &quot;Longitude&quot;: 27.99853377
      }
    },
    {
      &quot;attributes&quot;: {
        &quot;Precincts&quot;: &quot;Kent&quot;,
        &quot;Quickbase_Status&quot;: &quot;Completed&quot;,
        &quot;QBRecordID&quot;: 738,
        &quot;Third_Party_Dependant_For_Conne&quot;: null,
        &quot;Latitude&quot;: -26.09986221,
        &quot;Longitude&quot;: 27.9989746
      }
    },
    {
      &quot;attributes&quot;: {
        &quot;Precincts&quot;: &quot;Kent&quot;,
        &quot;Quickbase_Status&quot;: &quot;Completed&quot;,
        &quot;QBRecordID&quot;: 739,
        &quot;Third_Party_Dependant_For_Conne&quot;: null,
        &quot;Latitude&quot;: -26.10000271,
        &quot;Longitude&quot;: 27.99822926
      }
    },
    {
      &quot;attributes&quot;: {
        &quot;Precincts&quot;: &quot;Route 21 Office Park&quot;,
        &quot;Quickbase_Status&quot;: &quot;Completed&quot;,
        &quot;QBRecordID&quot;: 1971,
        &quot;Third_Party_Dependant_For_Conne&quot;: null,
        &quot;Latitude&quot;: -25.86045948,
        &quot;Longitude&quot;: 28.25810032
      }
    },
    {
      &quot;attributes&quot;: {
        &quot;Precincts&quot;: &quot;Route 21 Office Park&quot;,
        &quot;Quickbase_Status&quot;: &quot;Completed&quot;,
        &quot;QBRecordID&quot;: 1972,
        &quot;Third_Party_Dependant_For_Conne&quot;: null,
        &quot;Latitude&quot;: -25.86049265,
        &quot;Longitude&quot;: 28.25788128
      }
    },
    {
      &quot;attributes&quot;: {
        &quot;Precincts&quot;: &quot;Route 21 Office Park&quot;,
        &quot;Quickbase_Status&quot;: &quot;Completed&quot;,
        &quot;QBRecordID&quot;: 1977,
        &quot;Third_Party_Dependant_For_Conne&quot;: null,
        &quot;Latitude&quot;: -25.86048928,
        &quot;Longitude&quot;: 28.25723768
      }
    },
    {
      &quot;attributes&quot;: {
        &quot;Precincts&quot;: &quot;James Crescent&quot;,
        &quot;Quickbase_Status&quot;: &quot;Completed&quot;,
        &quot;QBRecordID&quot;: 80597,
        &quot;Third_Party_Dependant_For_Conne&quot;: null,
        &quot;Latitude&quot;: -26.00806828,
        &quot;Longitude&quot;: 28.12239997
      }
    },
    {
      &quot;attributes&quot;: {
        &quot;Precincts&quot;: &quot;James Crescent&quot;,
        &quot;Quickbase_Status&quot;: &quot;Completed&quot;,
        &quot;QBRecordID&quot;: 2187,
        &quot;Third_Party_Dependant_For_Conne&quot;: null,
        &quot;Latitude&quot;: -26.00714179,
        &quot;Longitude&quot;: 28.12480967
      }
    },
    {
      &quot;attributes&quot;: {
        &quot;Precincts&quot;: &quot;James Crescent&quot;,
        &quot;Quickbase_Status&quot;: &quot;Completed&quot;,
        &quot;QBRecordID&quot;: 2164,
        &quot;Third_Party_Dependant_For_Conne&quot;: null,
        &quot;Latitude&quot;: -26.00556046,
        &quot;Longitude&quot;: 28.12497324
      }
    },
    {
      &quot;attributes&quot;: {
        &quot;Precincts&quot;: &quot;James Crescent&quot;,
        &quot;Quickbase_Status&quot;: &quot;Completed&quot;,
        &quot;QBRecordID&quot;: 2166,
        &quot;Third_Party_Dependant_For_Conne&quot;: null,
        &quot;Latitude&quot;: -26.0048992,
        &quot;Longitude&quot;: 28.12451957
      }
    },
    {
      &quot;attributes&quot;: {
        &quot;Precincts&quot;: &quot;James Crescent&quot;,
        &quot;Quickbase_Status&quot;: &quot;Completed&quot;,
        &quot;QBRecordID&quot;: 18367,
        &quot;Third_Party_Dependant_For_Conne&quot;: null,
        &quot;Latitude&quot;: -26.00287085,
        &quot;Longitude&quot;: 28.12700335
      }
    },
    {
      &quot;attributes&quot;: {
        &quot;Precincts&quot;: &quot;James Crescent&quot;,
        &quot;Quickbase_Status&quot;: &quot;Completed&quot;,
        &quot;QBRecordID&quot;: 2190,
        &quot;Third_Party_Dependant_For_Conne&quot;: null,
        &quot;Latitude&quot;: -26.00271867,
        &quot;Longitude&quot;: 28.12728736
      }
    },
    {
      &quot;attributes&quot;: {
        &quot;Precincts&quot;: &quot;James Crescent&quot;,
        &quot;Quickbase_Status&quot;: &quot;Completed&quot;,
        &quot;QBRecordID&quot;: 2184,
        &quot;Third_Party_Dependant_For_Conne&quot;: null,
        &quot;Latitude&quot;: -26.00765011,
        &quot;Longitude&quot;: 28.12361225
      }
    },
    {
      &quot;attributes&quot;: {
        &quot;Precincts&quot;: &quot;Ingersol&quot;,
        &quot;Quickbase_Status&quot;: &quot;Completed&quot;,
        &quot;QBRecordID&quot;: 2351,
        &quot;Third_Party_Dependant_For_Conne&quot;: null,
        &quot;Latitude&quot;: -25.78322709,
        &quot;Longitude&quot;: 28.27951695
      }
    },
    {
      &quot;attributes&quot;: {
        &quot;Precincts&quot;: &quot;Ingersol&quot;,
        &quot;Quickbase_Status&quot;: &quot;Completed&quot;,
        &quot;QBRecordID&quot;: 2370,
        &quot;Third_Party_Dependant_For_Conne&quot;: null,
        &quot;Latitude&quot;: -25.78541887,
        &quot;Longitude&quot;: 28.27510032
      }
    },
    {
      &quot;attributes&quot;: {
        &quot;Precincts&quot;: &quot;Ingersol&quot;,
        &quot;Quickbase_Status&quot;: &quot;Completed&quot;,
        &quot;QBRecordID&quot;: 2375,
        &quot;Third_Party_Dependant_For_Conne&quot;: null,
        &quot;Latitude&quot;: -25.78001801,
        &quot;Longitude&quot;: 28.27668142
      }
    },
    {
      &quot;attributes&quot;: {
        &quot;Precincts&quot;: &quot;Ingersol&quot;,
        &quot;Quickbase_Status&quot;: &quot;Completed&quot;,
        &quot;QBRecordID&quot;: 2348,
        &quot;Third_Party_Dependant_For_Conne&quot;: null,
        &quot;Latitude&quot;: -25.77988234,
        &quot;Longitude&quot;: 28.27807685
      }
    },
    {
      &quot;attributes&quot;: {
        &quot;Precincts&quot;: &quot;Ingersol&quot;,
        &quot;Quickbase_Status&quot;: &quot;Completed&quot;,
        &quot;QBRecordID&quot;: 2346,
        &quot;Third_Party_Dependant_For_Conne&quot;: null,
        &quot;Latitude&quot;: -25.78759143,
        &quot;Longitude&quot;: 28.27895064
      }
    },
    {
      &quot;attributes&quot;: {
        &quot;Precincts&quot;: &quot;Ingersol&quot;,
        &quot;Quickbase_Status&quot;: &quot;Completed&quot;,
        &quot;QBRecordID&quot;: 2353,
        &quot;Third_Party_Dependant_For_Conne&quot;: null,
        &quot;Latitude&quot;: -25.78291006,
        &quot;Longitude&quot;: 28.27857797
      }
    },
    {
      &quot;attributes&quot;: {
        &quot;Precincts&quot;: &quot;Ingersol&quot;,
        &quot;Quickbase_Status&quot;: &quot;Completed&quot;,
        &quot;QBRecordID&quot;: 2364,
        &quot;Third_Party_Dependant_For_Conne&quot;: null,
        &quot;Latitude&quot;: -25.78710059,
        &quot;Longitude&quot;: 28.2780068
      }
    },
    {
      &quot;attributes&quot;: {
        &quot;Precincts&quot;: &quot;Ingersol&quot;,
        &quot;Quickbase_Status&quot;: &quot;Completed&quot;,
        &quot;QBRecordID&quot;: 2357,
        &quot;Third_Party_Dependant_For_Conne&quot;: null,
        &quot;Latitude&quot;: -25.78305321,
        &quot;Longitude&quot;: 28.27804887
      }
    },
    {
      &quot;attributes&quot;: {
        &quot;Precincts&quot;: &quot;James Crescent&quot;,
        &quot;Quickbase_Status&quot;: &quot;Completed&quot;,
        &quot;QBRecordID&quot;: 2134,
        &quot;Third_Party_Dependant_For_Conne&quot;: null,
        &quot;Latitude&quot;: -26.00974885,
        &quot;Longitude&quot;: 28.12386317
      }
    },
    {
      &quot;attributes&quot;: {
        &quot;Precincts&quot;: &quot;James Crescent&quot;,
        &quot;Quickbase_Status&quot;: &quot;Completed&quot;,
        &quot;QBRecordID&quot;: 2137,
        &quot;Third_Party_Dependant_For_Conne&quot;: null,
        &quot;Latitude&quot;: -26.01032091,
        &quot;Longitude&quot;: 28.12361681
      }
    },
    {
      &quot;attributes&quot;: {
        &quot;Precincts&quot;: &quot;James Crescent&quot;,
        &quot;Quickbase_Status&quot;: &quot;Completed&quot;,
        &quot;QBRecordID&quot;: 2138,
        &quot;Third_Party_Dependant_For_Conne&quot;: null,
        &quot;Latitude&quot;: -26.01003316,
        &quot;Longitude&quot;: 28.12336769
      }
    },
    {
      &quot;attributes&quot;: {
        &quot;Precincts&quot;: &quot;Ann Crescent&quot;,
        &quot;Quickbase_Status&quot;: &quot;Completed&quot;,
        &quot;QBRecordID&quot;: 70440,
        &quot;Third_Party_Dependant_For_Conne&quot;: null,
        &quot;Latitude&quot;: -26.10079304,
        &quot;Longitude&quot;: 28.06963571
      }
    },
    {
      &quot;attributes&quot;: {
        &quot;Precincts&quot;: &quot;Ann Crescent&quot;,
        &quot;Quickbase_Status&quot;: &quot;Completed&quot;,
        &quot;QBRecordID&quot;: 929,
        &quot;Third_Party_Dependant_For_Conne&quot;: null,
        &quot;Latitude&quot;: -26.10028883,
        &quot;Longitude&quot;: 28.07049242
      }
    },
    {
      &quot;attributes&quot;: {
        &quot;Precincts&quot;: &quot;Ann Crescent&quot;,
        &quot;Quickbase_Status&quot;: &quot;Completed&quot;,
        &quot;QBRecordID&quot;: 931,
        &quot;Third_Party_Dependant_For_Conne&quot;: null,
        &quot;Latitude&quot;: -26.10235212,
        &quot;Longitude&quot;: 28.0716939
      }
    },
    {
      &quot;attributes&quot;: {
        &quot;Precincts&quot;: &quot;Ann Crescent&quot;,
        &quot;Quickbase_Status&quot;: &quot;Completed&quot;,
        &quot;QBRecordID&quot;: 921,
        &quot;Third_Party_Dependant_For_Conne&quot;: null,
        &quot;Latitude&quot;: -26.10152198,
        &quot;Longitude&quot;: 28.07062235
      }
    },
    {
      &quot;attributes&quot;: {
        &quot;Precincts&quot;: &quot;Ann Crescent&quot;,
        &quot;Quickbase_Status&quot;: &quot;Completed&quot;,
        &quot;QBRecordID&quot;: 1346,
        &quot;Third_Party_Dependant_For_Conne&quot;: null,
        &quot;Latitude&quot;: -26.10038922,
        &quot;Longitude&quot;: 28.07103981
      }
    },
    {
      &quot;attributes&quot;: {
        &quot;Precincts&quot;: &quot;Bryanston Extension&quot;,
        &quot;Quickbase_Status&quot;: &quot;Completed&quot;,
        &quot;QBRecordID&quot;: 1869,
        &quot;Third_Party_Dependant_For_Conne&quot;: null,
        &quot;Latitude&quot;: -26.04533852,
        &quot;Longitude&quot;: 28.02350479
      }
    },
    {
      &quot;attributes&quot;: {
        &quot;Precincts&quot;: &quot;Hatfield (Phase 3)&quot;,
        &quot;Quickbase_Status&quot;: &quot;Completed&quot;,
        &quot;QBRecordID&quot;: 2982,
        &quot;Third_Party_Dependant_For_Conne&quot;: null,
        &quot;Latitude&quot;: -25.74289444,
        &quot;Longitude&quot;: 28.24387549
      }
    },
    {
      &quot;attributes&quot;: {
        &quot;Precincts&quot;: &quot;Rosebank Phase 2&quot;,
        &quot;Quickbase_Status&quot;: &quot;Completed&quot;,
        &quot;QBRecordID&quot;: 3989,
        &quot;Third_Party_Dependant_For_Conne&quot;: null,
        &quot;Latitude&quot;: -26.14238256,
        &quot;Longitude&quot;: 28.03909901
      }
    },
    {
      &quot;attributes&quot;: {
        &quot;Precincts&quot;: &quot;Rosebank Phase 1&quot;,
        &quot;Quickbase_Status&quot;: &quot;Completed&quot;,
        &quot;QBRecordID&quot;: 2878,
        &quot;Third_Party_Dependant_For_Conne&quot;: null,
        &quot;Latitude&quot;: -26.1422825,
        &quot;Longitude&quot;: 28.04085884
      }
    },
    {
      &quot;attributes&quot;: {
        &quot;Precincts&quot;: &quot;Witch-Hazel&quot;,
        &quot;Quickbase_Status&quot;: &quot;Completed&quot;,
        &quot;QBRecordID&quot;: 1258,
        &quot;Third_Party_Dependant_For_Conne&quot;: null,
        &quot;Latitude&quot;: -25.87017555,
        &quot;Longitude&quot;: 28.18784679
      }
    },
    {
      &quot;attributes&quot;: {
        &quot;Precincts&quot;: &quot;Witch-Hazel&quot;,
        &quot;Quickbase_Status&quot;: &quot;Completed&quot;,
        &quot;QBRecordID&quot;: 1272,
        &quot;Third_Party_Dependant_For_Conne&quot;: null,
        &quot;Latitude&quot;: -25.87374555,
        &quot;Longitude&quot;: 28.17977162
      }
    },
    {
      &quot;attributes&quot;: {
        &quot;Precincts&quot;: &quot;Witch-Hazel&quot;,
        &quot;Quickbase_Status&quot;: &quot;Completed&quot;,
        &quot;QBRecordID&quot;: 1275,
        &quot;Third_Party_Dependant_For_Conne&quot;: null,
        &quot;Latitude&quot;: -25.87405836,
        &quot;Longitude&quot;: 28.18133661
      }
    },
    {
      &quot;attributes&quot;: {
        &quot;Precincts&quot;: &quot;Rosebank Phase 1&quot;,
        &quot;Quickbase_Status&quot;: &quot;Completed&quot;,
        &quot;QBRecordID&quot;: 2970,
        &quot;Third_Party_Dependant_For_Conne&quot;: null,
        &quot;Latitude&quot;: -26.14853343,
        &quot;Longitude&quot;: 28.03536604
      }
    },
    {
      &quot;attributes&quot;: {
        &quot;Precincts&quot;: &quot;Rosebank Phase 2&quot;,
        &quot;Quickbase_Status&quot;: &quot;Completed&quot;,
        &quot;QBRecordID&quot;: 3522,
        &quot;Third_Party_Dependant_For_Conne&quot;: null,
        &quot;Latitude&quot;: -26.14626961,
        &quot;Longitude&quot;: 28.0393258
      }
    },
    {
      &quot;attributes&quot;: {
        &quot;Precincts&quot;: &quot;Rosebank Phase 2&quot;,
        &quot;Quickbase_Status&quot;: &quot;Completed&quot;,
        &quot;QBRecordID&quot;: 2881,
        &quot;Third_Party_Dependant_For_Conne&quot;: null,
        &quot;Latitude&quot;: -26.14704538,
        &quot;Longitude&quot;: 28.03861519
      }
    },
    {
      &quot;attributes&quot;: {
        &quot;Precincts&quot;: &quot;Steenberg&quot;,
        &quot;Quickbase_Status&quot;: &quot;Completed&quot;,
        &quot;QBRecordID&quot;: 2536,
        &quot;Third_Party_Dependant_For_Conne&quot;: null,
        &quot;Latitude&quot;: -34.08064891,
        &quot;Longitude&quot;: 18.4340356
      }
    },
    {
      &quot;attributes&quot;: {
        &quot;Precincts&quot;: &quot;Steenberg&quot;,
        &quot;Quickbase_Status&quot;: &quot;Completed&quot;,
        &quot;QBRecordID&quot;: 2537,
        &quot;Third_Party_Dependant_For_Conne&quot;: null,
        &quot;Latitude&quot;: -34.08077949,
        &quot;Longitude&quot;: 18.4342786
      }
    },
    {
      &quot;attributes&quot;: {
        &quot;Precincts&quot;: &quot;Steenberg&quot;,
        &quot;Quickbase_Status&quot;: &quot;Completed&quot;,
        &quot;QBRecordID&quot;: 2526,
        &quot;Third_Party_Dependant_For_Conne&quot;: null,
        &quot;Latitude&quot;: -34.08222427,
        &quot;Longitude&quot;: 18.43837453
      }
    },
    {
      &quot;attributes&quot;: {
        &quot;Precincts&quot;: &quot;Capital Hill&quot;,
        &quot;Quickbase_Status&quot;: &quot;Completed&quot;,
        &quot;QBRecordID&quot;: 2836,
        &quot;Third_Party_Dependant_For_Conne&quot;: null,
        &quot;Latitude&quot;: -26.01200454,
        &quot;Longitude&quot;: 28.1282933
      }
    },
    {
      &quot;attributes&quot;: {
        &quot;Precincts&quot;: &quot;Capital Hill&quot;,
        &quot;Quickbase_Status&quot;: &quot;Completed&quot;,
        &quot;QBRecordID&quot;: 2418,
        &quot;Third_Party_Dependant_For_Conne&quot;: null,
        &quot;Latitude&quot;: -26.01163685,
        &quot;Longitude&quot;: 28.12866722
      }
    },
    {
      &quot;attributes&quot;: {
        &quot;Precincts&quot;: &quot;Capital Hill&quot;,
        &quot;Quickbase_Status&quot;: &quot;Completed&quot;,
        &quot;QBRecordID&quot;: 2837,
        &quot;Third_Party_Dependant_For_Conne&quot;: null,
        &quot;Latitude&quot;: -26.01138995,
        &quot;Longitude&quot;: 28.12778336
      }
    },
    {
      &quot;attributes&quot;: {
        &quot;Precincts&quot;: &quot;Peter Place&quot;,
        &quot;Quickbase_Status&quot;: &quot;Completed&quot;,
        &quot;QBRecordID&quot;: 405,
        &quot;Third_Party_Dependant_For_Conne&quot;: null,
        &quot;Latitude&quot;: -26.08162309,
        &quot;Longitude&quot;: 28.02073063
      }
    },
    {
      &quot;attributes&quot;: {
        &quot;Precincts&quot;: &quot;Peter Place&quot;,
        &quot;Quickbase_Status&quot;: &quot;Completed&quot;,
        &quot;QBRecordID&quot;: 689,
        &quot;Third_Party_Dependant_For_Conne&quot;: null,
        &quot;Latitude&quot;: -26.0809523,
        &quot;Longitude&quot;: 28.01895659
      }
    },
    {
      &quot;attributes&quot;: {
        &quot;Precincts&quot;: &quot;Peter Place&quot;,
        &quot;Quickbase_Status&quot;: &quot;Completed&quot;,
        &quot;QBRecordID&quot;: 690,
        &quot;Third_Party_Dependant_For_Conne&quot;: null,
        &quot;Latitude&quot;: -26.08061976,
        &quot;Longitude&quot;: 28.01865509
      }
    },
    {
      &quot;attributes&quot;: {
        &quot;Precincts&quot;: &quot;Design Quarter&quot;,
        &quot;Quickbase_Status&quot;: &quot;Completed&quot;,
        &quot;QBRecordID&quot;: 2390,
        &quot;Third_Party_Dependant_For_Conne&quot;: null,
        &quot;Latitude&quot;: -26.03190574,
        &quot;Longitude&quot;: 28.01329592
      }
    },
    {
      &quot;attributes&quot;: {
        &quot;Precincts&quot;: &quot;Design Quarter&quot;,
        &quot;Quickbase_Status&quot;: &quot;Completed&quot;,
        &quot;QBRecordID&quot;: 2381,
        &quot;Third_Party_Dependant_For_Conne&quot;: null,
        &quot;Latitude&quot;: -26.03199515,
        &quot;Longitude&quot;: 28.01231807
      }
    },
    {
      &quot;attributes&quot;: {
        &quot;Precincts&quot;: &quot;Design Quarter&quot;,
        &quot;Quickbase_Status&quot;: &quot;Completed&quot;,
        &quot;QBRecordID&quot;: 2393,
        &quot;Third_Party_Dependant_For_Conne&quot;: null,
        &quot;Latitude&quot;: -26.03292912,
        &quot;Longitude&quot;: 28.01218447
      }
    }
  ],
  &quot;exceededTransferLimit&quot;: true
}
" type="java.lang.AssertionError">
      <![CDATA[java.lang.AssertionError: 2 expectations failed.
Response body doesn't match expectation.
Expected: a string containing "WIP"
  Actual: {
  "displayFieldName": "Building_Name",
  "fieldAliases": {
    "Precincts": "Precinct",
    "Quickbase_Status": "Status",
    "QBRecordID": "RecordID",
    "Third_Party_Dependant_For_Conne": "Third Party",
    "Latitude": "Latitude",
    "Longitude": "Longitude"
  },
  "fields": [
    {
      "name": "Precincts",
      "type": "esriFieldTypeString",
      "alias": "Precinct",
      "length": 100
    },
    {
      "name": "Quickbase_Status",
      "type": "esriFieldTypeString",
      "alias": "Status",
      "length": 100
    },
    {
      "name": "QBRecordID",
      "type": "esriFieldTypeInteger",
      "alias": "RecordID"
    },
    {
      "name": "Third_Party_Dependant_For_Conne",
      "type": "esriFieldTypeString",
      "alias": "Third Party",
      "length": 50
    },
    {
      "name": "Latitude",
      "type": "esriFieldTypeDouble",
      "alias": "Latitude"
    },
    {
      "name": "Longitude",
      "type": "esriFieldTypeDouble",
      "alias": "Longitude"
    }
  ],
  "features": [
    {
      "attributes": {
        "Precincts": "Hatfield (Phase 3)",
        "Quickbase_Status": "Completed",
        "QBRecordID": 0,
        "Third_Party_Dependant_For_Conne": null,
        "Latitude": -25.74436218,
        "Longitude": 28.25205278
      }
    },
    {
      "attributes": {
        "Precincts": "Hatfield (Phase 3)",
        "Quickbase_Status": "Completed",
        "QBRecordID": 0,
        "Third_Party_Dependant_For_Conne": null,
        "Latitude": -25.74276372,
        "Longitude": 28.25427695
      }
    },
    {
      "attributes": {
        "Precincts": "Hatfield (Phase 3)",
        "Quickbase_Status": "Completed",
        "QBRecordID": 0,
        "Third_Party_Dependant_For_Conne": null,
        "Latitude": -25.74203227,
        "Longitude": 28.25473061
      }
    },
    {
      "attributes": {
        "Precincts": "Hatfield (Phase 3)",
        "Quickbase_Status": "Completed",
        "QBRecordID": 0,
        "Third_Party_Dependant_For_Conne": null,
        "Latitude": -25.7433278,
        "Longitude": 28.25408258
      }
    },
    {
      "attributes": {
        "Precincts": "Hatfield (Phase 3)",
        "Quickbase_Status": "Completed",
        "QBRecordID": 0,
        "Third_Party_Dependant_For_Conne": null,
        "Latitude": -25.74350059,
        "Longitude": 28.25399014
      }
    },
    {
      "attributes": {
        "Precincts": "Hatfield (Phase 3)",
        "Quickbase_Status": "Completed",
        "QBRecordID": 0,
        "Third_Party_Dependant_For_Conne": null,
        "Latitude": -25.74352628,
        "Longitude": 28.24049073
      }
    },
    {
      "attributes": {
        "Precincts": "Hatfield (Phase 3)",
        "Quickbase_Status": "Completed",
        "QBRecordID": 0,
        "Third_Party_Dependant_For_Conne": null,
        "Latitude": -25.74325099,
        "Longitude": 28.24324536
      }
    },
    {
      "attributes": {
        "Precincts": "Hatfield (Phase 3)",
        "Quickbase_Status": "Completed",
        "QBRecordID": 0,
        "Third_Party_Dependant_For_Conne": null,
        "Latitude": -25.74273355,
        "Longitude": 28.24468086
      }
    },
    {
      "attributes": {
        "Precincts": "Hatfield (Phase 3)",
        "Quickbase_Status": "Completed",
        "QBRecordID": 0,
        "Third_Party_Dependant_For_Conne": null,
        "Latitude": -25.74294807,
        "Longitude": 28.24599588
      }
    },
    {
      "attributes": {
        "Precincts": "Hatfield (Phase 3)",
        "Quickbase_Status": "Completed",
        "QBRecordID": 0,
        "Third_Party_Dependant_For_Conne": null,
        "Latitude": -25.74321616,
        "Longitude": 28.24666508
      }
    },
    {
      "attributes": {
        "Precincts": "Hatfield (Phase 3)",
        "Quickbase_Status": "Completed",
        "QBRecordID": 0,
        "Third_Party_Dependant_For_Conne": null,
        "Latitude": -25.74390098,
        "Longitude": 28.244998
      }
    },
    {
      "attributes": {
        "Precincts": "Hatfield (Phase 3)",
        "Quickbase_Status": "Completed",
        "QBRecordID": 0,
        "Third_Party_Dependant_For_Conne": null,
        "Latitude": -25.74370276,
        "Longitude": 28.24181519
      }
    },
    {
      "attributes": {
        "Precincts": "Hatfield (Phase 3)",
        "Quickbase_Status": "Completed",
        "QBRecordID": 0,
        "Third_Party_Dependant_For_Conne": null,
        "Latitude": -25.74279449,
        "Longitude": 28.24567563
      }
    },
    {
      "attributes": {
        "Precincts": "Hatfield (Phase 3)",
        "Quickbase_Status": "Completed",
        "QBRecordID": 0,
        "Third_Party_Dependant_For_Conne": null,
        "Latitude": -25.74297621,
        "Longitude": 28.24569097
      }
    },
    {
      "attributes": {
        "Precincts": "Hatfield (Phase 3)",
        "Quickbase_Status": "Completed",
        "QBRecordID": 0,
        "Third_Party_Dependant_For_Conne": null,
        "Latitude": -25.74307158,
        "Longitude": 28.24570035
      }
    },
    {
      "attributes": {
        "Precincts": "Hatfield (Phase 3)",
        "Quickbase_Status": "Completed",
        "QBRecordID": 0,
        "Third_Party_Dependant_For_Conne": null,
        "Latitude": -25.74305507,
        "Longitude": 28.24464659
      }
    },
    {
      "attributes": {
        "Precincts": "Hatfield (Phase 3)",
        "Quickbase_Status": "Completed",
        "QBRecordID": 0,
        "Third_Party_Dependant_For_Conne": null,
        "Latitude": -25.74586196,
        "Longitude": 28.24257293
      }
    },
    {
      "attributes": {
        "Precincts": "Hatfield (Phase 3)",
        "Quickbase_Status": "Completed",
        "QBRecordID": 0,
        "Third_Party_Dependant_For_Conne": null,
        "Latitude": -25.74577449,
        "Longitude": 28.2429262
      }
    },
    {
      "attributes": {
        "Precincts": "Hatfield (Phase 3)",
        "Quickbase_Status": "Completed",
        "QBRecordID": 0,
        "Third_Party_Dependant_For_Conne": null,
        "Latitude": -25.7427638,
        "Longitude": 28.24547975
      }
    },
    {
      "attributes": {
        "Precincts": "Hatfield (Phase 3)",
        "Quickbase_Status": "Completed",
        "QBRecordID": 0,
        "Third_Party_Dependant_For_Conne": null,
        "Latitude": -25.74334229,
        "Longitude": 28.24357935
      }
    },
    {
      "attributes": {
        "Precincts": "Hatfield (Phase 3)",
        "Quickbase_Status": "Completed",
        "QBRecordID": 0,
        "Third_Party_Dependant_For_Conne": null,
        "Latitude": -25.7430876,
        "Longitude": 28.2434301
      }
    },
    {
      "attributes": {
        "Precincts": "Hatfield (Phase 3)",
        "Quickbase_Status": "Completed",
        "QBRecordID": 0,
        "Third_Party_Dependant_For_Conne": null,
        "Latitude": -25.74287588,
        "Longitude": 28.24456706
      }
    },
    {
      "attributes": {
        "Precincts": "Hatfield (Phase 3)",
        "Quickbase_Status": "Completed",
        "QBRecordID": 0,
        "Third_Party_Dependant_For_Conne": null,
        "Latitude": -25.74289802,
        "Longitude": 28.24468084
      }
    },
    {
      "attributes": {
        "Precincts": "Hatfield (Phase 3)",
        "Quickbase_Status": "Completed",
        "QBRecordID": 0,
        "Third_Party_Dependant_For_Conne": null,
        "Latitude": -25.7428615,
        "Longitude": 28.24485163
      }
    },
    {
      "attributes": {
        "Precincts": "Hatfield (Phase 3)",
        "Quickbase_Status": "Completed",
        "QBRecordID": 0,
        "Third_Party_Dependant_For_Conne": null,
        "Latitude": -25.74288289,
        "Longitude": 28.24517645
      }
    },
    {
      "attributes": {
        "Precincts": "Hatfield (Phase 3)",
        "Quickbase_Status": "Completed",
        "QBRecordID": 0,
        "Third_Party_Dependant_For_Conne": null,
        "Latitude": -25.74266584,
        "Longitude": 28.24646307
      }
    },
    {
      "attributes": {
        "Precincts": "Hatfield (Phase 3)",
        "Quickbase_Status": "Completed",
        "QBRecordID": 0,
        "Third_Party_Dependant_For_Conne": null,
        "Latitude": -25.74284778,
        "Longitude": 28.24633798
      }
    },
    {
      "attributes": {
        "Precincts": "Ashley Gardens",
        "Quickbase_Status": "Completed",
        "QBRecordID": 0,
        "Third_Party_Dependant_For_Conne": null,
        "Latitude": -25.78390097,
        "Longitude": 28.26509116
      }
    },
    {
      "attributes": {
        "Precincts": "Ashley Gardens",
        "Quickbase_Status": "Completed",
        "QBRecordID": 0,
        "Third_Party_Dependant_For_Conne": null,
        "Latitude": -25.7807455,
        "Longitude": 28.26679443
      }
    },
    {
      "attributes": {
        "Precincts": "Ashley Gardens",
        "Quickbase_Status": "Completed",
        "QBRecordID": 0,
        "Third_Party_Dependant_For_Conne": null,
        "Latitude": -25.7833111,
        "Longitude": 28.26695104
      }
    },
    {
      "attributes": {
        "Precincts": "Ashley Gardens",
        "Quickbase_Status": "Completed",
        "QBRecordID": 0,
        "Third_Party_Dependant_For_Conne": null,
        "Latitude": -25.78307294,
        "Longitude": 28.26690806
      }
    },
    {
      "attributes": {
        "Precincts": "Ashley Gardens",
        "Quickbase_Status": "Completed",
        "QBRecordID": 0,
        "Third_Party_Dependant_For_Conne": null,
        "Latitude": -25.78350417,
        "Longitude": 28.26641583
      }
    },
    {
      "attributes": {
        "Precincts": "Hatfield (Phase 3)",
        "Quickbase_Status": "Completed",
        "QBRecordID": 0,
        "Third_Party_Dependant_For_Conne": null,
        "Latitude": -25.7417734,
        "Longitude": 28.24299214
      }
    },
    {
      "attributes": {
        "Precincts": "Hatfield (Phase 3)",
        "Quickbase_Status": "Completed",
        "QBRecordID": 0,
        "Third_Party_Dependant_For_Conne": null,
        "Latitude": -25.74182338,
        "Longitude": 28.24479105
      }
    },
    {
      "attributes": {
        "Precincts": "Hatfield (Phase 3)",
        "Quickbase_Status": "Completed",
        "QBRecordID": 0,
        "Third_Party_Dependant_For_Conne": null,
        "Latitude": -25.74198,
        "Longitude": 28.24465089
      }
    },
    {
      "attributes": {
        "Precincts": "Hatfield (Phase 3)",
        "Quickbase_Status": "Completed",
        "QBRecordID": 0,
        "Third_Party_Dependant_For_Conne": null,
        "Latitude": -25.74198637,
        "Longitude": 28.24481732
      }
    },
    {
      "attributes": {
        "Precincts": "Hatfield (Phase 3)",
        "Quickbase_Status": "Completed",
        "QBRecordID": 0,
        "Third_Party_Dependant_For_Conne": null,
        "Latitude": -25.7423543,
        "Longitude": 28.24458331
      }
    },
    {
      "attributes": {
        "Precincts": "Hatfield (Phase 3)",
        "Quickbase_Status": "Completed",
        "QBRecordID": 0,
        "Third_Party_Dependant_For_Conne": null,
        "Latitude": -25.74232228,
        "Longitude": 28.24504744
      }
    },
    {
      "attributes": {
        "Precincts": "Hatfield (Phase 3)",
        "Quickbase_Status": "Completed",
        "QBRecordID": 0,
        "Third_Party_Dependant_For_Conne": null,
        "Latitude": -25.74227251,
        "Longitude": 28.24478825
      }
    },
    {
      "attributes": {
        "Precincts": "Hatfield (Phase 3)",
        "Quickbase_Status": "Completed",
        "QBRecordID": 0,
        "Third_Party_Dependant_For_Conne": null,
        "Latitude": -25.74222775,
        "Longitude": 28.24502319
      }
    },
    {
      "attributes": {
        "Precincts": "Hatfield (Phase 3)",
        "Quickbase_Status": "Completed",
        "QBRecordID": 0,
        "Third_Party_Dependant_For_Conne": null,
        "Latitude": -25.74204626,
        "Longitude": 28.24691848
      }
    },
    {
      "attributes": {
        "Precincts": "Hatfield (Phase 3)",
        "Quickbase_Status": "Completed",
        "QBRecordID": 0,
        "Third_Party_Dependant_For_Conne": null,
        "Latitude": -25.74208547,
        "Longitude": 28.24621041
      }
    },
    {
      "attributes": {
        "Precincts": "Hatfield (Phase 3)",
        "Quickbase_Status": "Completed",
        "QBRecordID": 0,
        "Third_Party_Dependant_For_Conne": null,
        "Latitude": -25.74205714,
        "Longitude": 28.24648037
      }
    },
    {
      "attributes": {
        "Precincts": "Hatfield (Phase 3)",
        "Quickbase_Status": "Completed",
        "QBRecordID": 0,
        "Third_Party_Dependant_For_Conne": null,
        "Latitude": -25.74220383,
        "Longitude": 28.24646788
      }
    },
    {
      "attributes": {
        "Precincts": "Hatfield (Phase 3)",
        "Quickbase_Status": "Completed",
        "QBRecordID": 0,
        "Third_Party_Dependant_For_Conne": null,
        "Latitude": -25.74217362,
        "Longitude": 28.24665653
      }
    },
    {
      "attributes": {
        "Precincts": "Hatfield (Phase 3)",
        "Quickbase_Status": "Completed",
        "QBRecordID": 0,
        "Third_Party_Dependant_For_Conne": null,
        "Latitude": -25.74192201,
        "Longitude": 28.24505786
      }
    },
    {
      "attributes": {
        "Precincts": "Hatfield (Phase 3)",
        "Quickbase_Status": "Completed",
        "QBRecordID": 0,
        "Third_Party_Dependant_For_Conne": null,
        "Latitude": -25.74210364,
        "Longitude": 28.2449134
      }
    },
    {
      "attributes": {
        "Precincts": "Hatfield (Phase 3)",
        "Quickbase_Status": "Completed",
        "QBRecordID": 0,
        "Third_Party_Dependant_For_Conne": null,
        "Latitude": -25.74207283,
        "Longitude": 28.24543473
      }
    },
    {
      "attributes": {
        "Precincts": "Hatfield (Phase 3)",
        "Quickbase_Status": "Completed",
        "QBRecordID": 0,
        "Third_Party_Dependant_For_Conne": null,
        "Latitude": -25.74224499,
        "Longitude": 28.24538787
      }
    },
    {
      "attributes": {
        "Precincts": "Hatfield (Phase 3)",
        "Quickbase_Status": "Completed",
        "QBRecordID": 0,
        "Third_Party_Dependant_For_Conne": null,
        "Latitude": -25.74223028,
        "Longitude": 28.24561689
      }
    },
    {
      "attributes": {
        "Precincts": "Hatfield (Phase 3)",
        "Quickbase_Status": "Completed",
        "QBRecordID": 0,
        "Third_Party_Dependant_For_Conne": null,
        "Latitude": -25.7423332,
        "Longitude": 28.24562707
      }
    },
    {
      "attributes": {
        "Precincts": "Hatfield (Phase 3)",
        "Quickbase_Status": "Completed",
        "QBRecordID": 0,
        "Third_Party_Dependant_For_Conne": null,
        "Latitude": -25.74229591,
        "Longitude": 28.24576836
      }
    },
    {
      "attributes": {
        "Precincts": "Ashley Gardens",
        "Quickbase_Status": "Completed",
        "QBRecordID": 0,
        "Third_Party_Dependant_For_Conne": null,
        "Latitude": -25.78082304,
        "Longitude": 28.26452711
      }
    },
    {
      "attributes": {
        "Precincts": "Ashley Gardens",
        "Quickbase_Status": "Completed",
        "QBRecordID": 0,
        "Third_Party_Dependant_For_Conne": null,
        "Latitude": -25.78092287,
        "Longitude": 28.26476534
      }
    },
    {
      "attributes": {
        "Precincts": "Ashley Gardens",
        "Quickbase_Status": "Completed",
        "QBRecordID": 0,
        "Third_Party_Dependant_For_Conne": null,
        "Latitude": -25.78131637,
        "Longitude": 28.26300273
      }
    },
    {
      "attributes": {
        "Precincts": "Ashley Gardens",
        "Quickbase_Status": "Completed",
        "QBRecordID": 0,
        "Third_Party_Dependant_For_Conne": null,
        "Latitude": -25.78111428,
        "Longitude": 28.2630334
      }
    },
    {
      "attributes": {
        "Precincts": "Ashley Gardens",
        "Quickbase_Status": "Completed",
        "QBRecordID": 0,
        "Third_Party_Dependant_For_Conne": null,
        "Latitude": -25.78095798,
        "Longitude": 28.2630955
      }
    },
    {
      "attributes": {
        "Precincts": "Ashley Gardens",
        "Quickbase_Status": "Completed",
        "QBRecordID": 0,
        "Third_Party_Dependant_For_Conne": null,
        "Latitude": -25.7819595,
        "Longitude": 28.26593401
      }
    },
    {
      "attributes": {
        "Precincts": "Ashley Gardens",
        "Quickbase_Status": "Completed",
        "QBRecordID": 0,
        "Third_Party_Dependant_For_Conne": null,
        "Latitude": -25.78264944,
        "Longitude": 28.26565978
      }
    },
    {
      "attributes": {
        "Precincts": "Ashley Gardens",
        "Quickbase_Status": "Completed",
        "QBRecordID": 0,
        "Third_Party_Dependant_For_Conne": null,
        "Latitude": -25.78270011,
        "Longitude": 28.26494167
      }
    },
    {
      "attributes": {
        "Precincts": "Ashley Gardens",
        "Quickbase_Status": "Completed",
        "QBRecordID": 0,
        "Third_Party_Dependant_For_Conne": null,
        "Latitude": -25.78223924,
        "Longitude": 28.26581044
      }
    },
    {
      "attributes": {
        "Precincts": "Hatfield (Phase 3)",
        "Quickbase_Status": "Completed",
        "QBRecordID": 0,
        "Third_Party_Dependant_For_Conne": null,
        "Latitude": -25.74348943,
        "Longitude": 28.24062131
      }
    },
    {
      "attributes": {
        "Precincts": "Hatfield (Phase 3)",
        "Quickbase_Status": "Completed",
        "QBRecordID": 0,
        "Third_Party_Dependant_For_Conne": null,
        "Latitude": -25.74397559,
        "Longitude": 28.24060997
      }
    },
    {
      "attributes": {
        "Precincts": "Hatfield (Phase 3)",
        "Quickbase_Status": "Completed",
        "QBRecordID": 0,
        "Third_Party_Dependant_For_Conne": null,
        "Latitude": -25.74366386,
        "Longitude": 28.24059768
      }
    },
    {
      "attributes": {
        "Precincts": "Hatfield (Phase 3)",
        "Quickbase_Status": "Completed",
        "QBRecordID": 0,
        "Third_Party_Dependant_For_Conne": null,
        "Latitude": -25.74387432,
        "Longitude": 28.24045779
      }
    },
    {
      "attributes": {
        "Precincts": "Hatfield (Phase 3)",
        "Quickbase_Status": "Completed",
        "QBRecordID": 0,
        "Third_Party_Dependant_For_Conne": null,
        "Latitude": -25.74553077,
        "Longitude": 28.24069471
      }
    },
    {
      "attributes": {
        "Precincts": "Brooklyn",
        "Quickbase_Status": "Completed",
        "QBRecordID": 0,
        "Third_Party_Dependant_For_Conne": null,
        "Latitude": -25.76749229,
        "Longitude": 28.23546374
      }
    },
    {
      "attributes": {
        "Precincts": "Hatfield (Phase 3)",
        "Quickbase_Status": "Completed",
        "QBRecordID": 0,
        "Third_Party_Dependant_For_Conne": null,
        "Latitude": -25.74341963,
        "Longitude": 28.24082629
      }
    },
    {
      "attributes": {
        "Precincts": "Hatfield (Phase 3)",
        "Quickbase_Status": "Completed",
        "QBRecordID": 0,
        "Third_Party_Dependant_For_Conne": null,
        "Latitude": -25.74613544,
        "Longitude": 28.24139929
      }
    },
    {
      "attributes": {
        "Precincts": "Hatfield (Phase 3)",
        "Quickbase_Status": "Completed",
        "QBRecordID": 0,
        "Third_Party_Dependant_For_Conne": null,
        "Latitude": -25.74595894,
        "Longitude": 28.24187066
      }
    },
    {
      "attributes": {
        "Precincts": "Hatfield (Phase 3)",
        "Quickbase_Status": "Completed",
        "QBRecordID": 0,
        "Third_Party_Dependant_For_Conne": null,
        "Latitude": -25.74599775,
        "Longitude": 28.24177131
      }
    },
    {
      "attributes": {
        "Precincts": "Hatfield (Phase 3)",
        "Quickbase_Status": "Completed",
        "QBRecordID": 0,
        "Third_Party_Dependant_For_Conne": null,
        "Latitude": -25.74342748,
        "Longitude": 28.24107043
      }
    },
    {
      "attributes": {
        "Precincts": "Brooklyn",
        "Quickbase_Status": "Completed",
        "QBRecordID": 0,
        "Third_Party_Dependant_For_Conne": null,
        "Latitude": -25.77248661,
        "Longitude": 28.23230267
      }
    },
    {
      "attributes": {
        "Precincts": "Hatfield (Phase 3)",
        "Quickbase_Status": "Completed",
        "QBRecordID": 0,
        "Third_Party_Dependant_For_Conne": null,
        "Latitude": -25.7448844,
        "Longitude": 28.2406485
      }
    },
    {
      "attributes": {
        "Precincts": "Hatfield (Phase 3)",
        "Quickbase_Status": "Completed",
        "QBRecordID": 0,
        "Third_Party_Dependant_For_Conne": null,
        "Latitude": -25.74533751,
        "Longitude": 28.240689
      }
    },
    {
      "attributes": {
        "Precincts": "Hatfield (Phase 3)",
        "Quickbase_Status": "Completed",
        "QBRecordID": 0,
        "Third_Party_Dependant_For_Conne": null,
        "Latitude": -25.74602913,
        "Longitude": 28.24157318
      }
    },
    {
      "attributes": {
        "Precincts": "Brooklyn",
        "Quickbase_Status": "Completed",
        "QBRecordID": 0,
        "Third_Party_Dependant_For_Conne": null,
        "Latitude": -25.76674161,
        "Longitude": 28.22976586
      }
    },
    {
      "attributes": {
        "Precincts": "Brooklyn",
        "Quickbase_Status": "Completed",
        "QBRecordID": 0,
        "Third_Party_Dependant_For_Conne": null,
        "Latitude": -25.76651342,
        "Longitude": 28.23028811
      }
    },
    {
      "attributes": {
        "Precincts": "Brooklyn",
        "Quickbase_Status": "Completed",
        "QBRecordID": 0,
        "Third_Party_Dependant_For_Conne": null,
        "Latitude": -25.76683444,
        "Longitude": 28.23026579
      }
    },
    {
      "attributes": {
        "Precincts": "Brooklyn",
        "Quickbase_Status": "Completed",
        "QBRecordID": 0,
        "Third_Party_Dependant_For_Conne": null,
        "Latitude": -25.76681969,
        "Longitude": 28.23011605
      }
    },
    {
      "attributes": {
        "Precincts": "Brooklyn",
        "Quickbase_Status": "Completed",
        "QBRecordID": 0,
        "Third_Party_Dependant_For_Conne": null,
        "Latitude": -25.77302099,
        "Longitude": 28.23259821
      }
    },
    {
      "attributes": {
        "Precincts": "Brooklyn",
        "Quickbase_Status": "Completed",
        "QBRecordID": 0,
        "Third_Party_Dependant_For_Conne": null,
        "Latitude": -25.7698987,
        "Longitude": 28.23175276
      }
    },
    {
      "attributes": {
        "Precincts": "Brooklyn",
        "Quickbase_Status": "Completed",
        "QBRecordID": 0,
        "Third_Party_Dependant_For_Conne": null,
        "Latitude": -25.7701248,
        "Longitude": 28.23131808
      }
    },
    {
      "attributes": {
        "Precincts": "Brooklyn",
        "Quickbase_Status": "Completed",
        "QBRecordID": 0,
        "Third_Party_Dependant_For_Conne": null,
        "Latitude": -25.77004397,
        "Longitude": 28.2313207
      }
    },
    {
      "attributes": {
        "Precincts": "Brooklyn",
        "Quickbase_Status": "Completed",
        "QBRecordID": 0,
        "Third_Party_Dependant_For_Conne": null,
        "Latitude": -25.77007175,
        "Longitude": 28.2314513
      }
    },
    {
      "attributes": {
        "Precincts": "Brooklyn",
        "Quickbase_Status": "Completed",
        "QBRecordID": 0,
        "Third_Party_Dependant_For_Conne": null,
        "Latitude": -25.77002527,
        "Longitude": 28.23160286
      }
    },
    {
      "attributes": {
        "Precincts": "Brooklyn",
        "Quickbase_Status": "Completed",
        "QBRecordID": 0,
        "Third_Party_Dependant_For_Conne": null,
        "Latitude": -25.76999572,
        "Longitude": 28.23147968
      }
    },
    {
      "attributes": {
        "Precincts": "Brooklyn",
        "Quickbase_Status": "Completed",
        "QBRecordID": 0,
        "Third_Party_Dependant_For_Conne": null,
        "Latitude": -25.76994533,
        "Longitude": 28.23160611
      }
    },
    {
      "attributes": {
        "Precincts": "Brooklyn",
        "Quickbase_Status": "Completed",
        "QBRecordID": 0,
        "Third_Party_Dependant_For_Conne": null,
        "Latitude": -25.76997279,
        "Longitude": 28.23173701
      }
    },
    {
      "attributes": {
        "Precincts": "Brooklyn",
        "Quickbase_Status": "Completed",
        "QBRecordID": 0,
        "Third_Party_Dependant_For_Conne": null,
        "Latitude": -25.769847,
        "Longitude": 28.23189531
      }
    },
    {
      "attributes": {
        "Precincts": "Brooklyn",
        "Quickbase_Status": "Completed",
        "QBRecordID": 0,
        "Third_Party_Dependant_For_Conne": null,
        "Latitude": -25.76992616,
        "Longitude": 28.2318879
      }
    },
    {
      "attributes": {
        "Precincts": "Brooklyn",
        "Quickbase_Status": "Completed",
        "QBRecordID": 0,
        "Third_Party_Dependant_For_Conne": null,
        "Latitude": -25.76628214,
        "Longitude": 28.23176745
      }
    },
    {
      "attributes": {
        "Precincts": "Brooklyn",
        "Quickbase_Status": "Completed",
        "QBRecordID": 0,
        "Third_Party_Dependant_For_Conne": null,
        "Latitude": -25.76611712,
        "Longitude": 28.23179865
      }
    },
    {
      "attributes": {
        "Precincts": "Brooklyn",
        "Quickbase_Status": "Completed",
        "QBRecordID": 0,
        "Third_Party_Dependant_For_Conne": null,
        "Latitude": -25.76620086,
        "Longitude": 28.23190496
      }
    },
    {
      "attributes": {
        "Precincts": "Brooklyn",
        "Quickbase_Status": "Completed",
        "QBRecordID": 0,
        "Third_Party_Dependant_For_Conne": null,
        "Latitude": -25.76644766,
        "Longitude": 28.23142469
      }
    },
    {
      "attributes": {
        "Precincts": "Brooklyn",
        "Quickbase_Status": "Completed",
        "QBRecordID": 0,
        "Third_Party_Dependant_For_Conne": null,
        "Latitude": -25.76659762,
        "Longitude": 28.2312504
      }
    },
    {
      "attributes": {
        "Precincts": "Brooklyn",
        "Quickbase_Status": "Completed",
        "QBRecordID": 0,
        "Third_Party_Dependant_For_Conne": null,
        "Latitude": -25.76660797,
        "Longitude": 28.23141026
      }
    },
    {
      "attributes": {
        "Precincts": "Brooklyn",
        "Quickbase_Status": "Completed",
        "QBRecordID": 0,
        "Third_Party_Dependant_For_Conne": null,
        "Latitude": -25.76655831,
        "Longitude": 28.23148085
      }
    },
    {
      "attributes": {
        "Precincts": "Brooklyn",
        "Quickbase_Status": "Completed",
        "QBRecordID": 0,
        "Third_Party_Dependant_For_Conne": null,
        "Latitude": -25.76668191,
        "Longitude": 28.2313491
      }
    },
    {
      "attributes": {
        "Precincts": "Brooklyn",
        "Quickbase_Status": "Completed",
        "QBRecordID": 0,
        "Third_Party_Dependant_For_Conne": null,
        "Latitude": -25.76683204,
        "Longitude": 28.23081725
      }
    },
    {
      "attributes": {
        "Precincts": "Brooklyn",
        "Quickbase_Status": "Completed",
        "QBRecordID": 0,
        "Third_Party_Dependant_For_Conne": null,
        "Latitude": -25.76701877,
        "Longitude": 28.23085409
      }
    },
    {
      "attributes": {
        "Precincts": "Brooklyn",
        "Quickbase_Status": "Completed",
        "QBRecordID": 0,
        "Third_Party_Dependant_For_Conne": null,
        "Latitude": -25.76719512,
        "Longitude": 28.23148548
      }
    },
    {
      "attributes": {
        "Precincts": "Brooklyn",
        "Quickbase_Status": "Completed",
        "QBRecordID": 0,
        "Third_Party_Dependant_For_Conne": null,
        "Latitude": -25.76703867,
        "Longitude": 28.23153511
      }
    },
    {
      "attributes": {
        "Precincts": "Brooklyn",
        "Quickbase_Status": "Completed",
        "QBRecordID": 0,
        "Third_Party_Dependant_For_Conne": null,
        "Latitude": -25.76672033,
        "Longitude": 28.231602
      }
    },
    {
      "attributes": {
        "Precincts": "Brooklyn",
        "Quickbase_Status": "Completed",
        "QBRecordID": 0,
        "Third_Party_Dependant_For_Conne": null,
        "Latitude": -25.76688425,
        "Longitude": 28.23160213
      }
    },
    {
      "attributes": {
        "Precincts": "Brooklyn",
        "Quickbase_Status": "Completed",
        "QBRecordID": 0,
        "Third_Party_Dependant_For_Conne": null,
        "Latitude": -25.7666933,
        "Longitude": 28.23098297
      }
    },
    {
      "attributes": {
        "Precincts": "Brooklyn",
        "Quickbase_Status": "Completed",
        "QBRecordID": 0,
        "Third_Party_Dependant_For_Conne": null,
        "Latitude": -25.76611492,
        "Longitude": 28.23137068
      }
    },
    {
      "attributes": {
        "Precincts": "Brooklyn",
        "Quickbase_Status": "Completed",
        "QBRecordID": 0,
        "Third_Party_Dependant_For_Conne": null,
        "Latitude": -25.76456592,
        "Longitude": 28.23314137
      }
    },
    {
      "attributes": {
        "Precincts": "Brooklyn",
        "Quickbase_Status": "Completed",
        "QBRecordID": 0,
        "Third_Party_Dependant_For_Conne": null,
        "Latitude": -25.76396311,
        "Longitude": 28.23085938
      }
    },
    {
      "attributes": {
        "Precincts": "Brooklyn",
        "Quickbase_Status": "Completed",
        "QBRecordID": 0,
        "Third_Party_Dependant_For_Conne": null,
        "Latitude": -25.77274543,
        "Longitude": 28.2329149
      }
    },
    {
      "attributes": {
        "Precincts": "Brooklyn",
        "Quickbase_Status": "Completed",
        "QBRecordID": 0,
        "Third_Party_Dependant_For_Conne": null,
        "Latitude": -25.77075463,
        "Longitude": 28.23589727
      }
    },
    {
      "attributes": {
        "Precincts": "Brooklyn",
        "Quickbase_Status": "Completed",
        "QBRecordID": 0,
        "Third_Party_Dependant_For_Conne": null,
        "Latitude": -25.77125911,
        "Longitude": 28.23648687
      }
    },
    {
      "attributes": {
        "Precincts": "Brooklyn",
        "Quickbase_Status": "Completed",
        "QBRecordID": 0,
        "Third_Party_Dependant_For_Conne": null,
        "Latitude": -25.77113895,
        "Longitude": 28.23654004
      }
    },
    {
      "attributes": {
        "Precincts": "Brooklyn",
        "Quickbase_Status": "Completed",
        "QBRecordID": 0,
        "Third_Party_Dependant_For_Conne": null,
        "Latitude": -25.77116259,
        "Longitude": 28.23633779
      }
    },
    {
      "attributes": {
        "Precincts": "Brooklyn",
        "Quickbase_Status": "Completed",
        "QBRecordID": 0,
        "Third_Party_Dependant_For_Conne": null,
        "Latitude": -25.77143653,
        "Longitude": 28.23642052
      }
    },
    {
      "attributes": {
        "Precincts": "Brooklyn",
        "Quickbase_Status": "Completed",
        "QBRecordID": 0,
        "Third_Party_Dependant_For_Conne": null,
        "Latitude": -25.7685077,
        "Longitude": 28.23528665
      }
    },
    {
      "attributes": {
        "Precincts": "Brooklyn",
        "Quickbase_Status": "Completed",
        "QBRecordID": 0,
        "Third_Party_Dependant_For_Conne": null,
        "Latitude": -25.76860651,
        "Longitude": 28.23525767
      }
    },
    {
      "attributes": {
        "Precincts": "Brooklyn",
        "Quickbase_Status": "Completed",
        "QBRecordID": 0,
        "Third_Party_Dependant_For_Conne": null,
        "Latitude": -25.76868381,
        "Longitude": 28.2353838
      }
    },
    {
      "attributes": {
        "Precincts": "Brooklyn",
        "Quickbase_Status": "Completed",
        "QBRecordID": 0,
        "Third_Party_Dependant_For_Conne": null,
        "Latitude": -25.77000887,
        "Longitude": 28.2329796
      }
    },
    {
      "attributes": {
        "Precincts": "Brooklyn",
        "Quickbase_Status": "Completed",
        "QBRecordID": 0,
        "Third_Party_Dependant_For_Conne": null,
        "Latitude": -25.77003957,
        "Longitude": 28.23278179
      }
    },
    {
      "attributes": {
        "Precincts": "Brooklyn",
        "Quickbase_Status": "Completed",
        "QBRecordID": 0,
        "Third_Party_Dependant_For_Conne": null,
        "Latitude": -25.7703184,
        "Longitude": 28.23260559
      }
    },
    {
      "attributes": {
        "Precincts": "Brooklyn",
        "Quickbase_Status": "Completed",
        "QBRecordID": 0,
        "Third_Party_Dependant_For_Conne": null,
        "Latitude": -25.77052692,
        "Longitude": 28.23289576
      }
    },
    {
      "attributes": {
        "Precincts": "Brooklyn",
        "Quickbase_Status": "Completed",
        "QBRecordID": 0,
        "Third_Party_Dependant_For_Conne": null,
        "Latitude": -25.77060503,
        "Longitude": 28.23263587
      }
    },
    {
      "attributes": {
        "Precincts": "Brooklyn",
        "Quickbase_Status": "Completed",
        "QBRecordID": 0,
        "Third_Party_Dependant_For_Conne": null,
        "Latitude": -25.770567,
        "Longitude": 28.23272701
      }
    },
    {
      "attributes": {
        "Precincts": "Brooklyn",
        "Quickbase_Status": "Completed",
        "QBRecordID": 0,
        "Third_Party_Dependant_For_Conne": null,
        "Latitude": -25.77046659,
        "Longitude": 28.23303898
      }
    },
    {
      "attributes": {
        "Precincts": "Brooklyn",
        "Quickbase_Status": "Completed",
        "QBRecordID": 0,
        "Third_Party_Dependant_For_Conne": null,
        "Latitude": -25.77042254,
        "Longitude": 28.23285183
      }
    },
    {
      "attributes": {
        "Precincts": "Brooklyn",
        "Quickbase_Status": "Completed",
        "QBRecordID": 0,
        "Third_Party_Dependant_For_Conne": null,
        "Latitude": -25.77042899,
        "Longitude": 28.23312801
      }
    },
    {
      "attributes": {
        "Precincts": "Brooklyn",
        "Quickbase_Status": "Completed",
        "QBRecordID": 0,
        "Third_Party_Dependant_For_Conne": null,
        "Latitude": -25.77066084,
        "Longitude": 28.23268104
      }
    },
    {
      "attributes": {
        "Precincts": "Brooklyn",
        "Quickbase_Status": "Completed",
        "QBRecordID": 0,
        "Third_Party_Dependant_For_Conne": null,
        "Latitude": -25.76995913,
        "Longitude": 28.23265197
      }
    },
    {
      "attributes": {
        "Precincts": "Brooklyn",
        "Quickbase_Status": "Completed",
        "QBRecordID": 0,
        "Third_Party_Dependant_For_Conne": null,
        "Latitude": -25.77034963,
        "Longitude": 28.23354191
      }
    },
    {
      "attributes": {
        "Precincts": "Brooklyn",
        "Quickbase_Status": "Completed",
        "QBRecordID": 0,
        "Third_Party_Dependant_For_Conne": null,
        "Latitude": -25.768516,
        "Longitude": 28.23487551
      }
    },
    {
      "attributes": {
        "Precincts": "Brooklyn",
        "Quickbase_Status": "Completed",
        "QBRecordID": 0,
        "Third_Party_Dependant_For_Conne": null,
        "Latitude": -25.76886093,
        "Longitude": 28.2349907
      }
    },
    {
      "attributes": {
        "Precincts": "Brooklyn",
        "Quickbase_Status": "Completed",
        "QBRecordID": 0,
        "Third_Party_Dependant_For_Conne": null,
        "Latitude": -25.76997154,
        "Longitude": 28.23225013
      }
    },
    {
      "attributes": {
        "Precincts": "Brooklyn",
        "Quickbase_Status": "Completed",
        "QBRecordID": 0,
        "Third_Party_Dependant_For_Conne": null,
        "Latitude": -25.76833819,
        "Longitude": 28.23436033
      }
    },
    {
      "attributes": {
        "Precincts": "Brooklyn",
        "Quickbase_Status": "Completed",
        "QBRecordID": 0,
        "Third_Party_Dependant_For_Conne": null,
        "Latitude": -25.76713703,
        "Longitude": 28.23118707
      }
    },
    {
      "attributes": {
        "Precincts": "Ashley Gardens",
        "Quickbase_Status": "Completed",
        "QBRecordID": 0,
        "Third_Party_Dependant_For_Conne": null,
        "Latitude": -25.78478079,
        "Longitude": 28.26516922
      }
    },
    {
      "attributes": {
        "Precincts": "Hatfield (Phase 3)",
        "Quickbase_Status": "Completed",
        "QBRecordID": 0,
        "Third_Party_Dependant_For_Conne": null,
        "Latitude": -25.74287381,
        "Longitude": 28.24524603
      }
    },
    {
      "attributes": {
        "Precincts": "Hatfield (Phase 3)",
        "Quickbase_Status": "Completed",
        "QBRecordID": 0,
        "Third_Party_Dependant_For_Conne": null,
        "Latitude": -25.74287259,
        "Longitude": 28.24510321
      }
    },
    {
      "attributes": {
        "Precincts": "Hatfield (Phase 3)",
        "Quickbase_Status": "Completed",
        "QBRecordID": 0,
        "Third_Party_Dependant_For_Conne": null,
        "Latitude": -25.74293009,
        "Longitude": 28.24311823
      }
    },
    {
      "attributes": {
        "Precincts": "Hatfield (Phase 3)",
        "Quickbase_Status": "Completed",
        "QBRecordID": 0,
        "Third_Party_Dependant_For_Conne": null,
        "Latitude": -25.74168178,
        "Longitude": 28.24862664
      }
    },
    {
      "attributes": {
        "Precincts": "Hatfield (Phase 3)",
        "Quickbase_Status": "Completed",
        "QBRecordID": 0,
        "Third_Party_Dependant_For_Conne": null,
        "Latitude": -25.74167728,
        "Longitude": 28.24849523
      }
    },
    {
      "attributes": {
        "Precincts": "Hatfield (Phase 3)",
        "Quickbase_Status": "Completed",
        "QBRecordID": 0,
        "Third_Party_Dependant_For_Conne": null,
        "Latitude": -25.74166726,
        "Longitude": 28.24877122
      }
    },
    {
      "attributes": {
        "Precincts": "Ingersol",
        "Quickbase_Status": "Completed",
        "QBRecordID": 0,
        "Third_Party_Dependant_For_Conne": null,
        "Latitude": -25.78345168,
        "Longitude": 28.27684365
      }
    },
    {
      "attributes": {
        "Precincts": "Ingersol",
        "Quickbase_Status": "Completed",
        "QBRecordID": 93421,
        "Third_Party_Dependant_For_Conne": null,
        "Latitude": -25.78312071,
        "Longitude": 28.27511338
      }
    },
    {
      "attributes": {
        "Precincts": "Ingersol",
        "Quickbase_Status": "Completed",
        "QBRecordID": 0,
        "Third_Party_Dependant_For_Conne": null,
        "Latitude": -25.78260542,
        "Longitude": 28.27698748
      }
    },
    {
      "attributes": {
        "Precincts": "Ingersol",
        "Quickbase_Status": "Completed",
        "QBRecordID": 0,
        "Third_Party_Dependant_For_Conne": null,
        "Latitude": -25.78194431,
        "Longitude": 28.27697561
      }
    },
    {
      "attributes": {
        "Precincts": "Persequor Park",
        "Quickbase_Status": "Completed",
        "QBRecordID": 0,
        "Third_Party_Dependant_For_Conne": null,
        "Latitude": -25.74409621,
        "Longitude": 28.27292946
      }
    },
    {
      "attributes": {
        "Precincts": "Persequor Park",
        "Quickbase_Status": "Completed",
        "QBRecordID": 0,
        "Third_Party_Dependant_For_Conne": null,
        "Latitude": -25.74456518,
        "Longitude": 28.2729936
      }
    },
    {
      "attributes": {
        "Precincts": "Persequor Park",
        "Quickbase_Status": "Completed",
        "QBRecordID": 0,
        "Third_Party_Dependant_For_Conne": null,
        "Latitude": -25.7447577,
        "Longitude": 28.27297016
      }
    },
    {
      "attributes": {
        "Precincts": "Persequor Park",
        "Quickbase_Status": "Completed",
        "QBRecordID": 0,
        "Third_Party_Dependant_For_Conne": null,
        "Latitude": -25.74426436,
        "Longitude": 28.27309278
      }
    },
    {
      "attributes": {
        "Precincts": "Persequor Park",
        "Quickbase_Status": "Completed",
        "QBRecordID": 0,
        "Third_Party_Dependant_For_Conne": null,
        "Latitude": -25.74449704,
        "Longitude": 28.27308588
      }
    },
    {
      "attributes": {
        "Precincts": "Persequor Park",
        "Quickbase_Status": "Completed",
        "QBRecordID": 0,
        "Third_Party_Dependant_For_Conne": null,
        "Latitude": -25.74337007,
        "Longitude": 28.27819949
      }
    },
    {
      "attributes": {
        "Precincts": "Persequor Park",
        "Quickbase_Status": "Completed",
        "QBRecordID": 0,
        "Third_Party_Dependant_For_Conne": null,
        "Latitude": -25.74809476,
        "Longitude": 28.27584449
      }
    },
    {
      "attributes": {
        "Precincts": "Persequor Park",
        "Quickbase_Status": "Completed",
        "QBRecordID": 0,
        "Third_Party_Dependant_For_Conne": null,
        "Latitude": -25.74554807,
        "Longitude": 28.27261194
      }
    },
    {
      "attributes": {
        "Precincts": "Persequor Park",
        "Quickbase_Status": "Completed",
        "QBRecordID": 0,
        "Third_Party_Dependant_For_Conne": null,
        "Latitude": -25.74571442,
        "Longitude": 28.27262567
      }
    },
    {
      "attributes": {
        "Precincts": "Persequor Park",
        "Quickbase_Status": "Completed",
        "QBRecordID": 107355,
        "Third_Party_Dependant_For_Conne": null,
        "Latitude": -25.74497879,
        "Longitude": 28.2743363
      }
    },
    {
      "attributes": {
        "Precincts": "Persequor Park",
        "Quickbase_Status": "Completed",
        "QBRecordID": 0,
        "Third_Party_Dependant_For_Conne": null,
        "Latitude": -25.74719389,
        "Longitude": 28.27279018
      }
    },
    {
      "attributes": {
        "Precincts": "Persequor Park",
        "Quickbase_Status": "Completed",
        "QBRecordID": 0,
        "Third_Party_Dependant_For_Conne": null,
        "Latitude": -25.74704394,
        "Longitude": 28.27310127
      }
    },
    {
      "attributes": {
        "Precincts": "Persequor Park",
        "Quickbase_Status": "Completed",
        "QBRecordID": 0,
        "Third_Party_Dependant_For_Conne": null,
        "Latitude": -25.74528784,
        "Longitude": 28.27299871
      }
    },
    {
      "attributes": {
        "Precincts": "Persequor Park",
        "Quickbase_Status": "Completed",
        "QBRecordID": 0,
        "Third_Party_Dependant_For_Conne": null,
        "Latitude": -25.74765439,
        "Longitude": 28.2755854
      }
    },
    {
      "attributes": {
        "Precincts": "Persequor Park",
        "Quickbase_Status": "Completed",
        "QBRecordID": 0,
        "Third_Party_Dependant_For_Conne": null,
        "Latitude": -25.74797379,
        "Longitude": 28.27584575
      }
    },
    {
      "attributes": {
        "Precincts": "Persequor Park",
        "Quickbase_Status": "Completed",
        "QBRecordID": 0,
        "Third_Party_Dependant_For_Conne": null,
        "Latitude": -25.74671515,
        "Longitude": 28.27478647
      }
    },
    {
      "attributes": {
        "Precincts": "Persequor Park",
        "Quickbase_Status": "Completed",
        "QBRecordID": 0,
        "Third_Party_Dependant_For_Conne": null,
        "Latitude": -25.74557557,
        "Longitude": 28.27342246
      }
    },
    {
      "attributes": {
        "Precincts": "Persequor Park",
        "Quickbase_Status": "Completed",
        "QBRecordID": 0,
        "Third_Party_Dependant_For_Conne": null,
        "Latitude": -25.74568474,
        "Longitude": 28.27342931
      }
    },
    {
      "attributes": {
        "Precincts": "Ingersol",
        "Quickbase_Status": "Completed",
        "QBRecordID": 0,
        "Third_Party_Dependant_For_Conne": null,
        "Latitude": -25.77827266,
        "Longitude": 28.27430747
      }
    },
    {
      "attributes": {
        "Precincts": "Ingersol",
        "Quickbase_Status": "Completed",
        "QBRecordID": 0,
        "Third_Party_Dependant_For_Conne": null,
        "Latitude": -25.79052532,
        "Longitude": 28.28031974
      }
    },
    {
      "attributes": {
        "Precincts": "Ingersol",
        "Quickbase_Status": "Completed",
        "QBRecordID": 0,
        "Third_Party_Dependant_For_Conne": null,
        "Latitude": -25.78907299,
        "Longitude": 28.27952067
      }
    },
    {
      "attributes": {
        "Precincts": "Oberon",
        "Quickbase_Status": "Completed",
        "QBRecordID": 0,
        "Third_Party_Dependant_For_Conne": null,
        "Latitude": -25.78347132,
        "Longitude": 28.29085312
      }
    },
    {
      "attributes": {
        "Precincts": "Oberon",
        "Quickbase_Status": "Completed",
        "QBRecordID": 0,
        "Third_Party_Dependant_For_Conne": null,
        "Latitude": -25.78337027,
        "Longitude": 28.29120401
      }
    },
    {
      "attributes": {
        "Precincts": "Oberon",
        "Quickbase_Status": "Completed",
        "QBRecordID": 0,
        "Third_Party_Dependant_For_Conne": null,
        "Latitude": -25.77991038,
        "Longitude": 28.29015225
      }
    },
    {
      "attributes": {
        "Precincts": "Ingersol",
        "Quickbase_Status": "Completed",
        "QBRecordID": 0,
        "Third_Party_Dependant_For_Conne": null,
        "Latitude": -25.78940868,
        "Longitude": 28.27958131
      }
    },
    {
      "attributes": {
        "Precincts": "Ingersol",
        "Quickbase_Status": "Completed",
        "QBRecordID": 0,
        "Third_Party_Dependant_For_Conne": null,
        "Latitude": -25.78960012,
        "Longitude": 28.28016729
      }
    },
    {
      "attributes": {
        "Precincts": "Ingersol",
        "Quickbase_Status": "Completed",
        "QBRecordID": 0,
        "Third_Party_Dependant_For_Conne": null,
        "Latitude": -25.78984241,
        "Longitude": 28.28011662
      }
    },
    {
      "attributes": {
        "Precincts": "Ingersol",
        "Quickbase_Status": "Completed",
        "QBRecordID": 0,
        "Third_Party_Dependant_For_Conne": null,
        "Latitude": -25.78958252,
        "Longitude": 28.27963574
      }
    },
    {
      "attributes": {
        "Precincts": "Ingersol",
        "Quickbase_Status": "Completed",
        "QBRecordID": 0,
        "Third_Party_Dependant_For_Conne": null,
        "Latitude": -25.78971047,
        "Longitude": 28.28003098
      }
    },
    {
      "attributes": {
        "Precincts": "Ingersol",
        "Quickbase_Status": "Completed",
        "QBRecordID": 0,
        "Third_Party_Dependant_For_Conne": null,
        "Latitude": -25.78977401,
        "Longitude": 28.28023511
      }
    },
    {
      "attributes": {
        "Precincts": "Ingersol",
        "Quickbase_Status": "Completed",
        "QBRecordID": 0,
        "Third_Party_Dependant_For_Conne": null,
        "Latitude": -25.78987221,
        "Longitude": 28.28056704
      }
    },
    {
      "attributes": {
        "Precincts": "Ingersol",
        "Quickbase_Status": "Completed",
        "QBRecordID": 0,
        "Third_Party_Dependant_For_Conne": null,
        "Latitude": -25.79020193,
        "Longitude": 28.2801475
      }
    },
    {
      "attributes": {
        "Precincts": "Lynnwood East",
        "Quickbase_Status": "Completed",
        "QBRecordID": 0,
        "Third_Party_Dependant_For_Conne": "Yes",
        "Latitude": -25.77232595,
        "Longitude": 28.28479502
      }
    },
    {
      "attributes": {
        "Precincts": "Lynnwood East",
        "Quickbase_Status": "Completed",
        "QBRecordID": 15199,
        "Third_Party_Dependant_For_Conne": "Yes",
        "Latitude": -25.76866151,
        "Longitude": 28.29053589
      }
    },
    {
      "attributes": {
        "Precincts": "Lynnwood East",
        "Quickbase_Status": "Completed",
        "QBRecordID": 0,
        "Third_Party_Dependant_For_Conne": "Yes",
        "Latitude": -25.76907096,
        "Longitude": 28.29034332
      }
    },
    {
      "attributes": {
        "Precincts": "Lynnwood East",
        "Quickbase_Status": "Completed",
        "QBRecordID": 0,
        "Third_Party_Dependant_For_Conne": "Yes",
        "Latitude": -25.76909244,
        "Longitude": 28.29017765
      }
    },
    {
      "attributes": {
        "Precincts": "Lynnwood East",
        "Quickbase_Status": "Completed",
        "QBRecordID": 0,
        "Third_Party_Dependant_For_Conne": null,
        "Latitude": -25.76341485,
        "Longitude": 28.28036688
      }
    },
    {
      "attributes": {
        "Precincts": "Lynnwood East",
        "Quickbase_Status": "Completed",
        "QBRecordID": 0,
        "Third_Party_Dependant_For_Conne": null,
        "Latitude": -25.7634476,
        "Longitude": 28.28014369
      }
    },
    {
      "attributes": {
        "Precincts": "Lynnwood East",
        "Quickbase_Status": "Completed",
        "QBRecordID": 0,
        "Third_Party_Dependant_For_Conne": null,
        "Latitude": -25.76366993,
        "Longitude": 28.28030866
      }
    },
    {
      "attributes": {
        "Precincts": "Lynnwood East",
        "Quickbase_Status": "Completed",
        "QBRecordID": 0,
        "Third_Party_Dependant_For_Conne": null,
        "Latitude": -25.76555826,
        "Longitude": 28.28812798
      }
    },
    {
      "attributes": {
        "Precincts": "Lynnwood East",
        "Quickbase_Status": "Completed",
        "QBRecordID": 0,
        "Third_Party_Dependant_For_Conne": null,
        "Latitude": -25.76547713,
        "Longitude": 28.28802165
      }
    },
    {
      "attributes": {
        "Precincts": "Persequor Park",
        "Quickbase_Status": "Completed",
        "QBRecordID": 0,
        "Third_Party_Dependant_For_Conne": null,
        "Latitude": -25.74796809,
        "Longitude": 28.27400106
      }
    },
    {
      "attributes": {
        "Precincts": "Lynnwood East",
        "Quickbase_Status": "Completed",
        "QBRecordID": 0,
        "Third_Party_Dependant_For_Conne": "Yes",
        "Latitude": -25.7690383,
        "Longitude": 28.29050727
      }
    },
    {
      "attributes": {
        "Precincts": "Lynnwood East",
        "Quickbase_Status": "Completed",
        "QBRecordID": 0,
        "Third_Party_Dependant_For_Conne": null,
        "Latitude": -25.7639394,
        "Longitude": 28.28022385
      }
    },
    {
      "attributes": {
        "Precincts": "Lynnwood East",
        "Quickbase_Status": "Completed",
        "QBRecordID": 0,
        "Third_Party_Dependant_For_Conne": null,
        "Latitude": -25.76233629,
        "Longitude": 28.28860376
      }
    },
    {
      "attributes": {
        "Precincts": "Lynnwood East",
        "Quickbase_Status": "Completed",
        "QBRecordID": 0,
        "Third_Party_Dependant_For_Conne": null,
        "Latitude": -25.76211086,
        "Longitude": 28.28876417
      }
    },
    {
      "attributes": {
        "Precincts": "Lynnwood East",
        "Quickbase_Status": "Completed",
        "QBRecordID": 0,
        "Third_Party_Dependant_For_Conne": null,
        "Latitude": -25.76601862,
        "Longitude": 28.28834801
      }
    },
    {
      "attributes": {
        "Precincts": "Ingersol",
        "Quickbase_Status": "Completed",
        "QBRecordID": 0,
        "Third_Party_Dependant_For_Conne": null,
        "Latitude": -25.77740719,
        "Longitude": 28.27374882
      }
    },
    {
      "attributes": {
        "Precincts": "Ingersol",
        "Quickbase_Status": "Completed",
        "QBRecordID": 0,
        "Third_Party_Dependant_For_Conne": null,
        "Latitude": -25.77853136,
        "Longitude": 28.27589976
      }
    },
    {
      "attributes": {
        "Precincts": "Lynnwood East",
        "Quickbase_Status": "Completed",
        "QBRecordID": 0,
        "Third_Party_Dependant_For_Conne": null,
        "Latitude": -25.76667374,
        "Longitude": 28.28136844
      }
    },
    {
      "attributes": {
        "Precincts": "Lynnwood East",
        "Quickbase_Status": "Completed",
        "QBRecordID": 92716,
        "Third_Party_Dependant_For_Conne": null,
        "Latitude": -25.76673863,
        "Longitude": 28.28161768
      }
    },
    {
      "attributes": {
        "Precincts": "Lynnwood East",
        "Quickbase_Status": "Completed",
        "QBRecordID": 0,
        "Third_Party_Dependant_For_Conne": null,
        "Latitude": -25.76659262,
        "Longitude": 28.28163596
      }
    },
    {
      "attributes": {
        "Precincts": "Lynnwood East",
        "Quickbase_Status": "Completed",
        "QBRecordID": 0,
        "Third_Party_Dependant_For_Conne": "Yes",
        "Latitude": -25.77177483,
        "Longitude": 28.28505158
      }
    },
    {
      "attributes": {
        "Precincts": "Lynnwood East",
        "Quickbase_Status": "Completed",
        "QBRecordID": 0,
        "Third_Party_Dependant_For_Conne": "Yes",
        "Latitude": -25.77225263,
        "Longitude": 28.28525673
      }
    },
    {
      "attributes": {
        "Precincts": "Lynnwood East",
        "Quickbase_Status": "Completed",
        "QBRecordID": 0,
        "Third_Party_Dependant_For_Conne": "Yes",
        "Latitude": -25.77219776,
        "Longitude": 28.28495731
      }
    },
    {
      "attributes": {
        "Precincts": "Lynnwood East",
        "Quickbase_Status": "Completed",
        "QBRecordID": 0,
        "Third_Party_Dependant_For_Conne": "Yes",
        "Latitude": -25.77215374,
        "Longitude": 28.28624282
      }
    },
    {
      "attributes": {
        "Precincts": "Ingersol",
        "Quickbase_Status": "Completed",
        "QBRecordID": 0,
        "Third_Party_Dependant_For_Conne": null,
        "Latitude": -25.77818235,
        "Longitude": 28.27495558
      }
    },
    {
      "attributes": {
        "Precincts": "Lynnwood East",
        "Quickbase_Status": "Completed",
        "QBRecordID": 0,
        "Third_Party_Dependant_For_Conne": null,
        "Latitude": -25.76353328,
        "Longitude": 28.27930093
      }
    },
    {
      "attributes": {
        "Precincts": "Oberon",
        "Quickbase_Status": "Completed",
        "QBRecordID": 0,
        "Third_Party_Dependant_For_Conne": null,
        "Latitude": -25.78253996,
        "Longitude": 28.29032568
      }
    },
    {
      "attributes": {
        "Precincts": "Oberon",
        "Quickbase_Status": "Completed",
        "QBRecordID": 0,
        "Third_Party_Dependant_For_Conne": null,
        "Latitude": -25.78416215,
        "Longitude": 28.29109091
      }
    },
    {
      "attributes": {
        "Precincts": "Lynnwood East",
        "Quickbase_Status": "Completed",
        "QBRecordID": 94302,
        "Third_Party_Dependant_For_Conne": "Yes",
        "Latitude": -25.76879771,
        "Longitude": 28.28985241
      }
    },
    {
      "attributes": {
        "Precincts": "Lynnwood East",
        "Quickbase_Status": "Completed",
        "QBRecordID": 14590,
        "Third_Party_Dependant_For_Conne": "Yes",
        "Latitude": -25.76937522,
        "Longitude": 28.29081178
      }
    },
    {
      "attributes": {
        "Precincts": "Lynnwood East",
        "Quickbase_Status": "Completed",
        "QBRecordID": 0,
        "Third_Party_Dependant_For_Conne": null,
        "Latitude": -25.76002498,
        "Longitude": 28.28743987
      }
    },
    {
      "attributes": {
        "Precincts": "Lynnwood East",
        "Quickbase_Status": "Completed",
        "QBRecordID": 0,
        "Third_Party_Dependant_For_Conne": null,
        "Latitude": -25.75996281,
        "Longitude": 28.28470072
      }
    },
    {
      "attributes": {
        "Precincts": "Lynnwood East",
        "Quickbase_Status": "Completed",
        "QBRecordID": 0,
        "Third_Party_Dependant_For_Conne": null,
        "Latitude": -25.76549826,
        "Longitude": 28.28263344
      }
    },
    {
      "attributes": {
        "Precincts": "Lynnwood East",
        "Quickbase_Status": "Completed",
        "QBRecordID": 0,
        "Third_Party_Dependant_For_Conne": null,
        "Latitude": -25.76539072,
        "Longitude": 28.28772733
      }
    },
    {
      "attributes": {
        "Precincts": "Lynnwood East",
        "Quickbase_Status": "Completed",
        "QBRecordID": 0,
        "Third_Party_Dependant_For_Conne": null,
        "Latitude": -25.76573744,
        "Longitude": 28.28799495
      }
    },
    {
      "attributes": {
        "Precincts": "Ingersol",
        "Quickbase_Status": "Completed",
        "QBRecordID": 0,
        "Third_Party_Dependant_For_Conne": null,
        "Latitude": -25.78161003,
        "Longitude": 28.27652524
      }
    },
    {
      "attributes": {
        "Precincts": "Oberon",
        "Quickbase_Status": "Completed",
        "QBRecordID": 0,
        "Third_Party_Dependant_For_Conne": null,
        "Latitude": -25.78306443,
        "Longitude": 28.28533758
      }
    },
    {
      "attributes": {
        "Precincts": "Oberon",
        "Quickbase_Status": "Completed",
        "QBRecordID": 0,
        "Third_Party_Dependant_For_Conne": null,
        "Latitude": -25.78506135,
        "Longitude": 28.28983901
      }
    },
    {
      "attributes": {
        "Precincts": "Ingersol",
        "Quickbase_Status": "Completed",
        "QBRecordID": 0,
        "Third_Party_Dependant_For_Conne": null,
        "Latitude": -25.78241326,
        "Longitude": 28.27530868
      }
    },
    {
      "attributes": {
        "Precincts": "Ingersol",
        "Quickbase_Status": "Completed",
        "QBRecordID": 0,
        "Third_Party_Dependant_For_Conne": null,
        "Latitude": -25.78492073,
        "Longitude": 28.27472897
      }
    },
    {
      "attributes": {
        "Precincts": "Ingersol",
        "Quickbase_Status": "Completed",
        "QBRecordID": 0,
        "Third_Party_Dependant_For_Conne": null,
        "Latitude": -25.78153401,
        "Longitude": 28.27689136
      }
    },
    {
      "attributes": {
        "Precincts": "Ingersol",
        "Quickbase_Status": "Completed",
        "QBRecordID": 0,
        "Third_Party_Dependant_For_Conne": null,
        "Latitude": -25.78675801,
        "Longitude": 28.27684924
      }
    },
    {
      "attributes": {
        "Precincts": "Witch-Hazel",
        "Quickbase_Status": "Completed",
        "QBRecordID": 0,
        "Third_Party_Dependant_For_Conne": null,
        "Latitude": -25.87141748,
        "Longitude": 28.18754934
      }
    },
    {
      "attributes": {
        "Precincts": "Highveld Technopark",
        "Quickbase_Status": "Completed",
        "QBRecordID": 0,
        "Third_Party_Dependant_For_Conne": null,
        "Latitude": -25.8755059,
        "Longitude": 28.1868144
      }
    },
    {
      "attributes": {
        "Precincts": "Witch-Hazel",
        "Quickbase_Status": "Completed",
        "QBRecordID": 0,
        "Third_Party_Dependant_For_Conne": null,
        "Latitude": -25.87387038,
        "Longitude": 28.18532965
      }
    },
    {
      "attributes": {
        "Precincts": "Witch-Hazel",
        "Quickbase_Status": "Completed",
        "QBRecordID": 0,
        "Third_Party_Dependant_For_Conne": null,
        "Latitude": -25.87379591,
        "Longitude": 28.18518967
      }
    },
    {
      "attributes": {
        "Precincts": "Witch-Hazel",
        "Quickbase_Status": "Completed",
        "QBRecordID": 0,
        "Third_Party_Dependant_For_Conne": null,
        "Latitude": -25.87309431,
        "Longitude": 28.18488704
      }
    },
    {
      "attributes": {
        "Precincts": "Witch-Hazel",
        "Quickbase_Status": "Completed",
        "QBRecordID": 0,
        "Third_Party_Dependant_For_Conne": null,
        "Latitude": -25.87227049,
        "Longitude": 28.18620081
      }
    },
    {
      "attributes": {
        "Precincts": "Witch-Hazel",
        "Quickbase_Status": "Completed",
        "QBRecordID": 0,
        "Third_Party_Dependant_For_Conne": null,
        "Latitude": -25.87248108,
        "Longitude": 28.18639403
      }
    },
    {
      "attributes": {
        "Precincts": "Witch-Hazel",
        "Quickbase_Status": "Completed",
        "QBRecordID": 0,
        "Third_Party_Dependant_For_Conne": null,
        "Latitude": -25.87233193,
        "Longitude": 28.18659099
      }
    },
    {
      "attributes": {
        "Precincts": "Highveld Technopark",
        "Quickbase_Status": "Completed",
        "QBRecordID": 0,
        "Third_Party_Dependant_For_Conne": null,
        "Latitude": -25.87374448,
        "Longitude": 28.19073193
      }
    },
    {
      "attributes": {
        "Precincts": "Highveld Technopark",
        "Quickbase_Status": "Completed",
        "QBRecordID": 0,
        "Third_Party_Dependant_For_Conne": null,
        "Latitude": -25.8737148,
        "Longitude": 28.19061829
      }
    },
    {
      "attributes": {
        "Precincts": "Witch-Hazel",
        "Quickbase_Status": "Completed",
        "QBRecordID": 0,
        "Third_Party_Dependant_For_Conne": null,
        "Latitude": -25.87288929,
        "Longitude": 28.18464821
      }
    },
    {
      "attributes": {
        "Precincts": "Highveld Technopark",
        "Quickbase_Status": "Completed",
        "QBRecordID": 0,
        "Third_Party_Dependant_For_Conne": null,
        "Latitude": -25.87748703,
        "Longitude": 28.18711973
      }
    },
    {
      "attributes": {
        "Precincts": "Highveld Technopark",
        "Quickbase_Status": "Completed",
        "QBRecordID": 0,
        "Third_Party_Dependant_For_Conne": null,
        "Latitude": -25.87561732,
        "Longitude": 28.18517204
      }
    },
    {
      "attributes": {
        "Precincts": "Witch-Hazel",
        "Quickbase_Status": "Completed",
        "QBRecordID": 0,
        "Third_Party_Dependant_For_Conne": null,
        "Latitude": -25.87462691,
        "Longitude": 28.18241242
      }
    },
    {
      "attributes": {
        "Precincts": "Witch-Hazel",
        "Quickbase_Status": "Completed",
        "QBRecordID": 0,
        "Third_Party_Dependant_For_Conne": null,
        "Latitude": -25.87212846,
        "Longitude": 28.18448569
      }
    },
    {
      "attributes": {
        "Precincts": "Witch-Hazel",
        "Quickbase_Status": "Completed",
        "QBRecordID": 0,
        "Third_Party_Dependant_For_Conne": null,
        "Latitude": -25.87393604,
        "Longitude": 28.1804736
      }
    },
    {
      "attributes": {
        "Precincts": "Witch-Hazel",
        "Quickbase_Status": "Completed",
        "QBRecordID": 0,
        "Third_Party_Dependant_For_Conne": null,
        "Latitude": -25.86988116,
        "Longitude": 28.18771263
      }
    },
    {
      "attributes": {
        "Precincts": "Witch-Hazel",
        "Quickbase_Status": "Completed",
        "QBRecordID": 0,
        "Third_Party_Dependant_For_Conne": null,
        "Latitude": -25.87078337,
        "Longitude": 28.18756477
      }
    },
    {
      "attributes": {
        "Precincts": "Witch-Hazel",
        "Quickbase_Status": "Completed",
        "QBRecordID": 0,
        "Third_Party_Dependant_For_Conne": null,
        "Latitude": -25.8700711,
        "Longitude": 28.18745453
      }
    },
    {
      "attributes": {
        "Precincts": "Witch-Hazel",
        "Quickbase_Status": "Completed",
        "QBRecordID": 0,
        "Third_Party_Dependant_For_Conne": null,
        "Latitude": -25.87202807,
        "Longitude": 28.18664584
      }
    },
    {
      "attributes": {
        "Precincts": "Witch-Hazel",
        "Quickbase_Status": "Completed",
        "QBRecordID": 0,
        "Third_Party_Dependant_For_Conne": null,
        "Latitude": -25.87202767,
        "Longitude": 28.18630849
      }
    },
    {
      "attributes": {
        "Precincts": "Route 21 Office Park",
        "Quickbase_Status": "Completed",
        "QBRecordID": 0,
        "Third_Party_Dependant_For_Conne": null,
        "Latitude": -25.8683691,
        "Longitude": 28.24850131
      }
    },
    {
      "attributes": {
        "Precincts": "Route 21 Office Park",
        "Quickbase_Status": "Completed",
        "QBRecordID": 0,
        "Third_Party_Dependant_For_Conne": null,
        "Latitude": -25.86839759,
        "Longitude": 28.24851391
      }
    },
    {
      "attributes": {
        "Precincts": "Logan Ave",
        "Quickbase_Status": "Completed",
        "QBRecordID": 0,
        "Third_Party_Dependant_For_Conne": null,
        "Latitude": -25.88003935,
        "Longitude": 28.20463444
      }
    },
    {
      "attributes": {
        "Precincts": "Logan Ave",
        "Quickbase_Status": "Completed",
        "QBRecordID": 0,
        "Third_Party_Dependant_For_Conne": null,
        "Latitude": -25.88024629,
        "Longitude": 28.20453446
      }
    },
    {
      "attributes": {
        "Precincts": "Logan Ave",
        "Quickbase_Status": "Completed",
        "QBRecordID": 0,
        "Third_Party_Dependant_For_Conne": null,
        "Latitude": -25.8726429,
        "Longitude": 28.20482997
      }
    },
    {
      "attributes": {
        "Precincts": "Logan Ave",
        "Quickbase_Status": "Completed",
        "QBRecordID": 0,
        "Third_Party_Dependant_For_Conne": null,
        "Latitude": -25.87262253,
        "Longitude": 28.20493374
      }
    },
    {
      "attributes": {
        "Precincts": "Samrand Business Park",
        "Quickbase_Status": "Completed",
        "QBRecordID": 0,
        "Third_Party_Dependant_For_Conne": null,
        "Latitude": -25.93035101,
        "Longitude": 28.14552137
      }
    },
    {
      "attributes": {
        "Precincts": "George Road",
        "Quickbase_Status": "Completed",
        "QBRecordID": 0,
        "Third_Party_Dependant_For_Conne": "Yes",
        "Latitude": -25.96437611,
        "Longitude": 28.13709038
      }
    },
    {
      "attributes": {
        "Precincts": "George Road",
        "Quickbase_Status": "Completed",
        "QBRecordID": 0,
        "Third_Party_Dependant_For_Conne": null,
        "Latitude": -25.9637672,
        "Longitude": 28.13734526
      }
    },
    {
      "attributes": {
        "Precincts": "George Road",
        "Quickbase_Status": "Completed",
        "QBRecordID": 109743,
        "Third_Party_Dependant_For_Conne": null,
        "Latitude": -25.95574258,
        "Longitude": 28.14169489
      }
    },
    {
      "attributes": {
        "Precincts": "George Road",
        "Quickbase_Status": "Completed",
        "QBRecordID": 0,
        "Third_Party_Dependant_For_Conne": null,
        "Latitude": -25.9553444,
        "Longitude": 28.13948071
      }
    },
    {
      "attributes": {
        "Precincts": "George Road",
        "Quickbase_Status": "Completed",
        "QBRecordID": 0,
        "Third_Party_Dependant_For_Conne": null,
        "Latitude": -25.9639299,
        "Longitude": 28.13693523
      }
    },
    {
      "attributes": {
        "Precincts": "George Road",
        "Quickbase_Status": "Completed",
        "QBRecordID": 0,
        "Third_Party_Dependant_For_Conne": null,
        "Latitude": -25.96366886,
        "Longitude": 28.1369862
      }
    },
    {
      "attributes": {
        "Precincts": "George Road",
        "Quickbase_Status": "Completed",
        "QBRecordID": 0,
        "Third_Party_Dependant_For_Conne": "Yes",
        "Latitude": -25.96398882,
        "Longitude": 28.13652797
      }
    },
    {
      "attributes": {
        "Precincts": "George Road",
        "Quickbase_Status": "Completed",
        "QBRecordID": 0,
        "Third_Party_Dependant_For_Conne": null,
        "Latitude": -25.96358794,
        "Longitude": 28.13665273
      }
    },
    {
      "attributes": {
        "Precincts": "George Road",
        "Quickbase_Status": "Completed",
        "QBRecordID": 0,
        "Third_Party_Dependant_For_Conne": null,
        "Latitude": -25.96012598,
        "Longitude": 28.14184401
      }
    },
    {
      "attributes": {
        "Precincts": "George Road",
        "Quickbase_Status": "Completed",
        "QBRecordID": 0,
        "Third_Party_Dependant_For_Conne": null,
        "Latitude": -25.96039451,
        "Longitude": 28.14109709
      }
    },
    {
      "attributes": {
        "Precincts": "Highveld Technopark",
        "Quickbase_Status": "Completed",
        "QBRecordID": 0,
        "Third_Party_Dependant_For_Conne": null,
        "Latitude": -25.8779873,
        "Longitude": 28.18795351
      }
    },
    {
      "attributes": {
        "Precincts": "Bauhania Street",
        "Quickbase_Status": "Completed",
        "QBRecordID": 0,
        "Third_Party_Dependant_For_Conne": null,
        "Latitude": -25.88342644,
        "Longitude": 28.18961856
      }
    },
    {
      "attributes": {
        "Precincts": "Bauhania Street",
        "Quickbase_Status": "Completed",
        "QBRecordID": 0,
        "Third_Party_Dependant_For_Conne": null,
        "Latitude": -25.8834327,
        "Longitude": 28.18961547
      }
    },
    {
      "attributes": {
        "Precincts": "Central Park",
        "Quickbase_Status": "Completed",
        "QBRecordID": 0,
        "Third_Party_Dependant_For_Conne": null,
        "Latitude": -25.9820203,
        "Longitude": 28.1317893
      }
    },
    {
      "attributes": {
        "Precincts": "Central Park",
        "Quickbase_Status": "Completed",
        "QBRecordID": 0,
        "Third_Party_Dependant_For_Conne": null,
        "Latitude": -25.98191621,
        "Longitude": 28.13194613
      }
    },
    {
      "attributes": {
        "Precincts": "James Crescent",
        "Quickbase_Status": "Completed",
        "QBRecordID": 0,
        "Third_Party_Dependant_For_Conne": null,
        "Latitude": -25.99739716,
        "Longitude": 28.12971667
      }
    },
    {
      "attributes": {
        "Precincts": "James Crescent",
        "Quickbase_Status": "Completed",
        "QBRecordID": 0,
        "Third_Party_Dependant_For_Conne": null,
        "Latitude": -25.99828991,
        "Longitude": 28.1273537
      }
    },
    {
      "attributes": {
        "Precincts": "James Crescent",
        "Quickbase_Status": "Completed",
        "QBRecordID": 0,
        "Third_Party_Dependant_For_Conne": null,
        "Latitude": -25.99802709,
        "Longitude": 28.12773639
      }
    },
    {
      "attributes": {
        "Precincts": "James Crescent",
        "Quickbase_Status": "Completed",
        "QBRecordID": 0,
        "Third_Party_Dependant_For_Conne": null,
        "Latitude": -25.99682946,
        "Longitude": 28.12918464
      }
    },
    {
      "attributes": {
        "Precincts": "James Crescent",
        "Quickbase_Status": "Completed",
        "QBRecordID": 101931,
        "Third_Party_Dependant_For_Conne": null,
        "Latitude": -25.9985995,
        "Longitude": 28.12828219
      }
    },
    {
      "attributes": {
        "Precincts": "James Crescent",
        "Quickbase_Status": "Completed",
        "QBRecordID": 0,
        "Third_Party_Dependant_For_Conne": null,
        "Latitude": -25.99905979,
        "Longitude": 28.12866715
      }
    },
    {
      "attributes": {
        "Precincts": "James Crescent",
        "Quickbase_Status": "Completed",
        "QBRecordID": 0,
        "Third_Party_Dependant_For_Conne": null,
        "Latitude": -25.998748,
        "Longitude": 28.12789874
      }
    },
    {
      "attributes": {
        "Precincts": "James Crescent",
        "Quickbase_Status": "Completed",
        "QBRecordID": 0,
        "Third_Party_Dependant_For_Conne": null,
        "Latitude": -26.00594325,
        "Longitude": 28.12896137
      }
    },
    {
      "attributes": {
        "Precincts": "James Crescent",
        "Quickbase_Status": "Completed",
        "QBRecordID": 0,
        "Third_Party_Dependant_For_Conne": null,
        "Latitude": -26.00607374,
        "Longitude": 28.129997
      }
    },
    {
      "attributes": {
        "Precincts": "George Road",
        "Quickbase_Status": "Completed",
        "QBRecordID": 0,
        "Third_Party_Dependant_For_Conne": null,
        "Latitude": -25.96615941,
        "Longitude": 28.13558194
      }
    },
    {
      "attributes": {
        "Precincts": "Bauhania Street",
        "Quickbase_Status": "Completed",
        "QBRecordID": 0,
        "Third_Party_Dependant_For_Conne": null,
        "Latitude": -25.88055841,
        "Longitude": 28.18140826
      }
    },
    {
      "attributes": {
        "Precincts": "Bauhania Street",
        "Quickbase_Status": "Completed",
        "QBRecordID": 0,
        "Third_Party_Dependant_For_Conne": null,
        "Latitude": -25.87792491,
        "Longitude": 28.18345335
      }
    },
    {
      "attributes": {
        "Precincts": "Central Park",
        "Quickbase_Status": "Completed",
        "QBRecordID": 0,
        "Third_Party_Dependant_For_Conne": null,
        "Latitude": -25.98176555,
        "Longitude": 28.13111296
      }
    },
    {
      "attributes": {
        "Precincts": "Central Park",
        "Quickbase_Status": "Completed",
        "QBRecordID": 0,
        "Third_Party_Dependant_For_Conne": null,
        "Latitude": -25.9820305,
        "Longitude": 28.13138931
      }
    },
    {
      "attributes": {
        "Precincts": "James Crescent",
        "Quickbase_Status": "Completed",
        "QBRecordID": 0,
        "Third_Party_Dependant_For_Conne": null,
        "Latitude": -25.99784199,
        "Longitude": 28.12878942
      }
    },
    {
      "attributes": {
        "Precincts": "James Crescent",
        "Quickbase_Status": "Completed",
        "QBRecordID": 0,
        "Third_Party_Dependant_For_Conne": null,
        "Latitude": -25.99721758,
        "Longitude": 28.12820249
      }
    },
    {
      "attributes": {
        "Precincts": "James Crescent",
        "Quickbase_Status": "Completed",
        "QBRecordID": 0,
        "Third_Party_Dependant_For_Conne": null,
        "Latitude": -25.99711707,
        "Longitude": 28.12998749
      }
    },
    {
      "attributes": {
        "Precincts": "James Crescent",
        "Quickbase_Status": "Completed",
        "QBRecordID": 0,
        "Third_Party_Dependant_For_Conne": null,
        "Latitude": -26.00642614,
        "Longitude": 28.12970905
      }
    },
    {
      "attributes": {
        "Precincts": "James Crescent",
        "Quickbase_Status": "Completed",
        "QBRecordID": 0,
        "Third_Party_Dependant_For_Conne": null,
        "Latitude": -26.00559369,
        "Longitude": 28.12924747
      }
    },
    {
      "attributes": {
        "Precincts": "James Crescent",
        "Quickbase_Status": "Completed",
        "QBRecordID": 0,
        "Third_Party_Dependant_For_Conne": null,
        "Latitude": -26.00537986,
        "Longitude": 28.12949428
      }
    },
    {
      "attributes": {
        "Precincts": "Bauhania Street",
        "Quickbase_Status": "Completed",
        "QBRecordID": 0,
        "Third_Party_Dependant_For_Conne": null,
        "Latitude": -25.89922452,
        "Longitude": 28.19191149
      }
    },
    {
      "attributes": {
        "Precincts": "Bauhania Street",
        "Quickbase_Status": "Completed",
        "QBRecordID": 0,
        "Third_Party_Dependant_For_Conne": null,
        "Latitude": -25.89920642,
        "Longitude": 28.19199411
      }
    },
    {
      "attributes": {
        "Precincts": "Bauhania Street",
        "Quickbase_Status": "Completed",
        "QBRecordID": 0,
        "Third_Party_Dependant_For_Conne": null,
        "Latitude": -25.89830151,
        "Longitude": 28.19023682
      }
    },
    {
      "attributes": {
        "Precincts": "Bauhania Street",
        "Quickbase_Status": "Completed",
        "QBRecordID": 0,
        "Third_Party_Dependant_For_Conne": null,
        "Latitude": -25.89147955,
        "Longitude": 28.1825925
      }
    },
    {
      "attributes": {
        "Precincts": "Bauhania Street",
        "Quickbase_Status": "Completed",
        "QBRecordID": 0,
        "Third_Party_Dependant_For_Conne": null,
        "Latitude": -25.89140967,
        "Longitude": 28.18272509
      }
    },
    {
      "attributes": {
        "Precincts": "Bauhania Street",
        "Quickbase_Status": "Completed",
        "QBRecordID": 0,
        "Third_Party_Dependant_For_Conne": null,
        "Latitude": -25.89133123,
        "Longitude": 28.18294134
      }
    },
    {
      "attributes": {
        "Precincts": "James Crescent",
        "Quickbase_Status": "Completed",
        "QBRecordID": 0,
        "Third_Party_Dependant_For_Conne": null,
        "Latitude": -25.99913634,
        "Longitude": 28.12726989
      }
    },
    {
      "attributes": {
        "Precincts": "James Crescent",
        "Quickbase_Status": "Completed",
        "QBRecordID": 0,
        "Third_Party_Dependant_For_Conne": null,
        "Latitude": -25.99841002,
        "Longitude": 28.12806775
      }
    },
    {
      "attributes": {
        "Precincts": "James Crescent",
        "Quickbase_Status": "Completed",
        "QBRecordID": 0,
        "Third_Party_Dependant_For_Conne": null,
        "Latitude": -25.998714,
        "Longitude": 28.12902694
      }
    },
    {
      "attributes": {
        "Precincts": "James Crescent",
        "Quickbase_Status": "Completed",
        "QBRecordID": 0,
        "Third_Party_Dependant_For_Conne": null,
        "Latitude": -25.99767087,
        "Longitude": 28.12814629
      }
    },
    {
      "attributes": {
        "Precincts": "James Crescent",
        "Quickbase_Status": "Completed",
        "QBRecordID": 0,
        "Third_Party_Dependant_For_Conne": null,
        "Latitude": -26.00153656,
        "Longitude": 28.12780961
      }
    },
    {
      "attributes": {
        "Precincts": "James Crescent",
        "Quickbase_Status": "Completed",
        "QBRecordID": 0,
        "Third_Party_Dependant_For_Conne": null,
        "Latitude": -26.00195557,
        "Longitude": 28.12790828
      }
    },
    {
      "attributes": {
        "Precincts": "Bauhania Street",
        "Quickbase_Status": "Completed",
        "QBRecordID": 0,
        "Third_Party_Dependant_For_Conne": null,
        "Latitude": -25.87970503,
        "Longitude": 28.18160212
      }
    },
    {
      "attributes": {
        "Precincts": "Logan Ave",
        "Quickbase_Status": "Completed",
        "QBRecordID": 0,
        "Third_Party_Dependant_For_Conne": null,
        "Latitude": -25.8770528,
        "Longitude": 28.19958661
      }
    },
    {
      "attributes": {
        "Precincts": "Bauhania Street",
        "Quickbase_Status": "Completed",
        "QBRecordID": 0,
        "Third_Party_Dependant_For_Conne": null,
        "Latitude": -25.89129887,
        "Longitude": 28.18326762
      }
    },
    {
      "attributes": {
        "Precincts": "Bauhania Street",
        "Quickbase_Status": "Completed",
        "QBRecordID": 0,
        "Third_Party_Dependant_For_Conne": null,
        "Latitude": -25.89082707,
        "Longitude": 28.18368449
      }
    },
    {
      "attributes": {
        "Precincts": "Bauhania Street",
        "Quickbase_Status": "Completed",
        "QBRecordID": 0,
        "Third_Party_Dependant_For_Conne": null,
        "Latitude": -25.89143549,
        "Longitude": 28.18159781
      }
    },
    {
      "attributes": {
        "Precincts": "Bauhania Street",
        "Quickbase_Status": "Completed",
        "QBRecordID": 0,
        "Third_Party_Dependant_For_Conne": null,
        "Latitude": -25.89142664,
        "Longitude": 28.18172983
      }
    },
    {
      "attributes": {
        "Precincts": "Bauhania Street",
        "Quickbase_Status": "Completed",
        "QBRecordID": 0,
        "Third_Party_Dependant_For_Conne": null,
        "Latitude": -25.89139598,
        "Longitude": 28.18203183
      }
    },
    {
      "attributes": {
        "Precincts": "Central Park",
        "Quickbase_Status": "Completed",
        "QBRecordID": 0,
        "Third_Party_Dependant_For_Conne": null,
        "Latitude": -25.98157584,
        "Longitude": 28.13024196
      }
    },
    {
      "attributes": {
        "Precincts": "Central Park",
        "Quickbase_Status": "Completed",
        "QBRecordID": 0,
        "Third_Party_Dependant_For_Conne": null,
        "Latitude": -25.98179037,
        "Longitude": 28.13067181
      }
    },
    {
      "attributes": {
        "Precincts": "James Crescent",
        "Quickbase_Status": "Completed",
        "QBRecordID": 78268,
        "Third_Party_Dependant_For_Conne": null,
        "Latitude": -25.99738019,
        "Longitude": 28.12844456
      }
    },
    {
      "attributes": {
        "Precincts": "Highveld Technopark",
        "Quickbase_Status": "Completed",
        "QBRecordID": 0,
        "Third_Party_Dependant_For_Conne": null,
        "Latitude": -25.87702797,
        "Longitude": 28.18682303
      }
    },
    {
      "attributes": {
        "Precincts": "Highveld Technopark",
        "Quickbase_Status": "Completed",
        "QBRecordID": 0,
        "Third_Party_Dependant_For_Conne": null,
        "Latitude": -25.87836872,
        "Longitude": 28.18742646
      }
    },
    {
      "attributes": {
        "Precincts": "Highveld Technopark",
        "Quickbase_Status": "Completed",
        "QBRecordID": 0,
        "Third_Party_Dependant_For_Conne": null,
        "Latitude": -25.8773599,
        "Longitude": 28.18680875
      }
    },
    {
      "attributes": {
        "Precincts": "Highveld Technopark",
        "Quickbase_Status": "Completed",
        "QBRecordID": 0,
        "Third_Party_Dependant_For_Conne": null,
        "Latitude": -25.87753641,
        "Longitude": 28.18642312
      }
    },
    {
      "attributes": {
        "Precincts": "Highveld Technopark",
        "Quickbase_Status": "Completed",
        "QBRecordID": 0,
        "Third_Party_Dependant_For_Conne": null,
        "Latitude": -25.87757615,
        "Longitude": 28.1868757
      }
    },
    {
      "attributes": {
        "Precincts": "Highveld Technopark",
        "Quickbase_Status": "Completed",
        "QBRecordID": 0,
        "Third_Party_Dependant_For_Conne": null,
        "Latitude": -25.87763448,
        "Longitude": 28.18713944
      }
    },
    {
      "attributes": {
        "Precincts": "George Road",
        "Quickbase_Status": "Completed",
        "QBRecordID": 0,
        "Third_Party_Dependant_For_Conne": null,
        "Latitude": -25.96061971,
        "Longitude": 28.13745181
      }
    },
    {
      "attributes": {
        "Precincts": "George Road",
        "Quickbase_Status": "Completed",
        "QBRecordID": 0,
        "Third_Party_Dependant_For_Conne": "Yes",
        "Latitude": -25.96169697,
        "Longitude": 28.1365467
      }
    },
    {
      "attributes": {
        "Precincts": "George Road",
        "Quickbase_Status": "Completed",
        "QBRecordID": 0,
        "Third_Party_Dependant_For_Conne": "Yes",
        "Latitude": -25.96139314,
        "Longitude": 28.13665631
      }
    },
    {
      "attributes": {
        "Precincts": "George Road",
        "Quickbase_Status": "Completed",
        "QBRecordID": 0,
        "Third_Party_Dependant_For_Conne": null,
        "Latitude": -25.96270661,
        "Longitude": 28.13340703
      }
    },
    {
      "attributes": {
        "Precincts": "George Road",
        "Quickbase_Status": "Completed",
        "QBRecordID": 0,
        "Third_Party_Dependant_For_Conne": null,
        "Latitude": -25.96277117,
        "Longitude": 28.13319394
      }
    },
    {
      "attributes": {
        "Precincts": "George Road",
        "Quickbase_Status": "Completed",
        "QBRecordID": 0,
        "Third_Party_Dependant_For_Conne": null,
        "Latitude": -25.96336209,
        "Longitude": 28.1332368
      }
    },
    {
      "attributes": {
        "Precincts": "George Road",
        "Quickbase_Status": "Completed",
        "QBRecordID": 0,
        "Third_Party_Dependant_For_Conne": null,
        "Latitude": -25.96136027,
        "Longitude": 28.13792819
      }
    },
    {
      "attributes": {
        "Precincts": "George Road",
        "Quickbase_Status": "Completed",
        "QBRecordID": 0,
        "Third_Party_Dependant_For_Conne": null,
        "Latitude": -25.95783611,
        "Longitude": 28.13670038
      }
    },
    {
      "attributes": {
        "Precincts": "James Crescent",
        "Quickbase_Status": "Completed",
        "QBRecordID": 0,
        "Third_Party_Dependant_For_Conne": null,
        "Latitude": -25.99930625,
        "Longitude": 28.12557948
      }
    },
    {
      "attributes": {
        "Precincts": "George Road",
        "Quickbase_Status": "Completed",
        "QBRecordID": 0,
        "Third_Party_Dependant_For_Conne": null,
        "Latitude": -25.96697655,
        "Longitude": 28.13609595
      }
    },
    {
      "attributes": {
        "Precincts": "George Road",
        "Quickbase_Status": "Completed",
        "QBRecordID": 0,
        "Third_Party_Dependant_For_Conne": null,
        "Latitude": -25.96629736,
        "Longitude": 28.13334632
      }
    },
    {
      "attributes": {
        "Precincts": "George Road",
        "Quickbase_Status": "Completed",
        "QBRecordID": 0,
        "Third_Party_Dependant_For_Conne": null,
        "Latitude": -25.96654397,
        "Longitude": 28.13306137
      }
    },
    {
      "attributes": {
        "Precincts": "Bauhania Street",
        "Quickbase_Status": "Completed",
        "QBRecordID": 0,
        "Third_Party_Dependant_For_Conne": null,
        "Latitude": -25.88775328,
        "Longitude": 28.18719165
      }
    },
    {
      "attributes": {
        "Precincts": "Bauhania Street",
        "Quickbase_Status": "Completed",
        "QBRecordID": 0,
        "Third_Party_Dependant_For_Conne": null,
        "Latitude": -25.88735167,
        "Longitude": 28.18704967
      }
    },
    {
      "attributes": {
        "Precincts": "Bauhania Street",
        "Quickbase_Status": "Completed",
        "QBRecordID": 0,
        "Third_Party_Dependant_For_Conne": null,
        "Latitude": -25.88675261,
        "Longitude": 28.18730331
      }
    },
    {
      "attributes": {
        "Precincts": "Bauhania Street",
        "Quickbase_Status": "Completed",
        "QBRecordID": 0,
        "Third_Party_Dependant_For_Conne": null,
        "Latitude": -25.88697559,
        "Longitude": 28.18758789
      }
    },
    {
      "attributes": {
        "Precincts": "Bauhania Street",
        "Quickbase_Status": "Completed",
        "QBRecordID": 0,
        "Third_Party_Dependant_For_Conne": null,
        "Latitude": -25.88705327,
        "Longitude": 28.18755418
      }
    },
    {
      "attributes": {
        "Precincts": "Bauhania Street",
        "Quickbase_Status": "Completed",
        "QBRecordID": 0,
        "Third_Party_Dependant_For_Conne": null,
        "Latitude": -25.88720249,
        "Longitude": 28.18843968
      }
    },
    {
      "attributes": {
        "Precincts": "Bauhania Street",
        "Quickbase_Status": "Completed",
        "QBRecordID": 0,
        "Third_Party_Dependant_For_Conne": null,
        "Latitude": -25.89942244,
        "Longitude": 28.19057081
      }
    },
    {
      "attributes": {
        "Precincts": "Bauhania Street",
        "Quickbase_Status": "Completed",
        "QBRecordID": 0,
        "Third_Party_Dependant_For_Conne": null,
        "Latitude": -25.89918086,
        "Longitude": 28.19044871
      }
    },
    {
      "attributes": {
        "Precincts": "Bauhania Street",
        "Quickbase_Status": "Completed",
        "QBRecordID": 0,
        "Third_Party_Dependant_For_Conne": null,
        "Latitude": -25.89890871,
        "Longitude": 28.19044487
      }
    },
    {
      "attributes": {
        "Precincts": "Bauhania Street",
        "Quickbase_Status": "Completed",
        "QBRecordID": 0,
        "Third_Party_Dependant_For_Conne": null,
        "Latitude": -25.89881743,
        "Longitude": 28.19020226
      }
    },
    {
      "attributes": {
        "Precincts": "Bauhania Street",
        "Quickbase_Status": "Completed",
        "QBRecordID": 0,
        "Third_Party_Dependant_For_Conne": null,
        "Latitude": -25.88784411,
        "Longitude": 28.18576871
      }
    },
    {
      "attributes": {
        "Precincts": "Capital Hill",
        "Quickbase_Status": "Completed",
        "QBRecordID": 105519,
        "Third_Party_Dependant_For_Conne": null,
        "Latitude": -26.00783905,
        "Longitude": 28.13335398
      }
    },
    {
      "attributes": {
        "Precincts": "Capital Hill",
        "Quickbase_Status": "Completed",
        "QBRecordID": 0,
        "Third_Party_Dependant_For_Conne": null,
        "Latitude": -26.00865927,
        "Longitude": 28.13173701
      }
    },
    {
      "attributes": {
        "Precincts": "Capital Hill",
        "Quickbase_Status": "Completed",
        "QBRecordID": 0,
        "Third_Party_Dependant_For_Conne": null,
        "Latitude": -26.00808919,
        "Longitude": 28.13216038
      }
    },
    {
      "attributes": {
        "Precincts": "Capital Hill",
        "Quickbase_Status": "Completed",
        "QBRecordID": 0,
        "Third_Party_Dependant_For_Conne": null,
        "Latitude": -26.00857025,
        "Longitude": 28.12952428
      }
    },
    {
      "attributes": {
        "Precincts": "Capital Hill",
        "Quickbase_Status": "Completed",
        "QBRecordID": 0,
        "Third_Party_Dependant_For_Conne": null,
        "Latitude": -26.00970068,
        "Longitude": 28.13052296
      }
    },
    {
      "attributes": {
        "Precincts": "James Crescent",
        "Quickbase_Status": "Completed",
        "QBRecordID": 0,
        "Third_Party_Dependant_For_Conne": null,
        "Latitude": -26.00599508,
        "Longitude": 28.1237051
      }
    },
    {
      "attributes": {
        "Precincts": "James Crescent",
        "Quickbase_Status": "Completed",
        "QBRecordID": 0,
        "Third_Party_Dependant_For_Conne": null,
        "Latitude": -26.00624672,
        "Longitude": 28.12326826
      }
    },
    {
      "attributes": {
        "Precincts": "James Crescent",
        "Quickbase_Status": "Completed",
        "QBRecordID": 0,
        "Third_Party_Dependant_For_Conne": null,
        "Latitude": -26.00641315,
        "Longitude": 28.12647709
      }
    },
    {
      "attributes": {
        "Precincts": "James Crescent",
        "Quickbase_Status": "Completed",
        "QBRecordID": 0,
        "Third_Party_Dependant_For_Conne": null,
        "Latitude": -26.0056832,
        "Longitude": 28.12455068
      }
    },
    {
      "attributes": {
        "Precincts": "James Crescent",
        "Quickbase_Status": "Completed",
        "QBRecordID": 0,
        "Third_Party_Dependant_For_Conne": null,
        "Latitude": -26.00555055,
        "Longitude": 28.12415384
      }
    },
    {
      "attributes": {
        "Precincts": "Capital Hill",
        "Quickbase_Status": "Completed",
        "QBRecordID": 0,
        "Third_Party_Dependant_For_Conne": null,
        "Latitude": -26.0099704,
        "Longitude": 28.12695198
      }
    },
    {
      "attributes": {
        "Precincts": "Capital Hill",
        "Quickbase_Status": "Completed",
        "QBRecordID": 0,
        "Third_Party_Dependant_For_Conne": null,
        "Latitude": -26.0095183,
        "Longitude": 28.12740062
      }
    },
    {
      "attributes": {
        "Precincts": "Capital Hill",
        "Quickbase_Status": "Completed",
        "QBRecordID": 10871,
        "Third_Party_Dependant_For_Conne": null,
        "Latitude": -26.00812996,
        "Longitude": 28.12814958
      }
    },
    {
      "attributes": {
        "Precincts": "Capital Hill",
        "Quickbase_Status": "Completed",
        "QBRecordID": 0,
        "Third_Party_Dependant_For_Conne": null,
        "Latitude": -26.00812461,
        "Longitude": 28.12814383
      }
    },
    {
      "attributes": {
        "Precincts": "Capital Hill",
        "Quickbase_Status": "Completed",
        "QBRecordID": 10872,
        "Third_Party_Dependant_For_Conne": null,
        "Latitude": -26.00839614,
        "Longitude": 28.12795361
      }
    },
    {
      "attributes": {
        "Precincts": "Capital Hill",
        "Quickbase_Status": "Completed",
        "QBRecordID": 10874,
        "Third_Party_Dependant_For_Conne": null,
        "Latitude": -26.00892395,
        "Longitude": 28.12773214
      }
    },
    {
      "attributes": {
        "Precincts": "Capital Hill",
        "Quickbase_Status": "Completed",
        "QBRecordID": 0,
        "Third_Party_Dependant_For_Conne": null,
        "Latitude": -26.00848847,
        "Longitude": 28.13313465
      }
    },
    {
      "attributes": {
        "Precincts": "Capital Hill",
        "Quickbase_Status": "Completed",
        "QBRecordID": 0,
        "Third_Party_Dependant_For_Conne": null,
        "Latitude": -26.0086956,
        "Longitude": 28.13348021
      }
    },
    {
      "attributes": {
        "Precincts": "James Crescent",
        "Quickbase_Status": "Completed",
        "QBRecordID": 0,
        "Third_Party_Dependant_For_Conne": null,
        "Latitude": -26.00480721,
        "Longitude": 28.12733309
      }
    },
    {
      "attributes": {
        "Precincts": "James Crescent",
        "Quickbase_Status": "Completed",
        "QBRecordID": 0,
        "Third_Party_Dependant_For_Conne": null,
        "Latitude": -26.00546383,
        "Longitude": 28.12659836
      }
    },
    {
      "attributes": {
        "Precincts": "James Crescent",
        "Quickbase_Status": "Completed",
        "QBRecordID": 0,
        "Third_Party_Dependant_For_Conne": null,
        "Latitude": -26.00707105,
        "Longitude": 28.12392667
      }
    },
    {
      "attributes": {
        "Precincts": "James Crescent",
        "Quickbase_Status": "Completed",
        "QBRecordID": 0,
        "Third_Party_Dependant_For_Conne": null,
        "Latitude": -26.00723377,
        "Longitude": 28.12404559
      }
    },
    {
      "attributes": {
        "Precincts": "Capital Hill",
        "Quickbase_Status": "Completed",
        "QBRecordID": 0,
        "Third_Party_Dependant_For_Conne": null,
        "Latitude": -26.00880494,
        "Longitude": 28.12823583
      }
    },
    {
      "attributes": {
        "Precincts": "Capital Hill",
        "Quickbase_Status": "Completed",
        "QBRecordID": 0,
        "Third_Party_Dependant_For_Conne": null,
        "Latitude": -26.0086305,
        "Longitude": 28.12854966
      }
    },
    {
      "attributes": {
        "Precincts": "Capital Hill",
        "Quickbase_Status": "Completed",
        "QBRecordID": 0,
        "Third_Party_Dependant_For_Conne": null,
        "Latitude": -26.00876801,
        "Longitude": 28.12845135
      }
    },
    {
      "attributes": {
        "Precincts": "James Crescent",
        "Quickbase_Status": "Completed",
        "QBRecordID": 0,
        "Third_Party_Dependant_For_Conne": null,
        "Latitude": -26.00293885,
        "Longitude": 28.1266199
      }
    },
    {
      "attributes": {
        "Precincts": "James Crescent",
        "Quickbase_Status": "Completed",
        "QBRecordID": 0,
        "Third_Party_Dependant_For_Conne": null,
        "Latitude": -26.00408131,
        "Longitude": 28.12486046
      }
    },
    {
      "attributes": {
        "Precincts": "Capital Hill",
        "Quickbase_Status": "Completed",
        "QBRecordID": 0,
        "Third_Party_Dependant_For_Conne": null,
        "Latitude": -26.00694978,
        "Longitude": 28.12902581
      }
    },
    {
      "attributes": {
        "Precincts": "Waterfall Office Park",
        "Quickbase_Status": "Completed",
        "QBRecordID": 0,
        "Third_Party_Dependant_For_Conne": null,
        "Latitude": -26.01202643,
        "Longitude": 28.11849009
      }
    },
    {
      "attributes": {
        "Precincts": "Bauhania Street",
        "Quickbase_Status": "Completed",
        "QBRecordID": 0,
        "Third_Party_Dependant_For_Conne": null,
        "Latitude": -25.88664793,
        "Longitude": 28.18645772
      }
    },
    {
      "attributes": {
        "Precincts": "Bauhania Street",
        "Quickbase_Status": "Completed",
        "QBRecordID": 0,
        "Third_Party_Dependant_For_Conne": null,
        "Latitude": -25.88900976,
        "Longitude": 28.1861412
      }
    },
    {
      "attributes": {
        "Precincts": "Bauhania Street",
        "Quickbase_Status": "Completed",
        "QBRecordID": 0,
        "Third_Party_Dependant_For_Conne": null,
        "Latitude": -25.88822389,
        "Longitude": 28.19047672
      }
    },
    {
      "attributes": {
        "Precincts": "Bauhania Street",
        "Quickbase_Status": "Completed",
        "QBRecordID": 0,
        "Third_Party_Dependant_For_Conne": null,
        "Latitude": -25.88815848,
        "Longitude": 28.18913385
      }
    },
    {
      "attributes": {
        "Precincts": "Bauhania Street",
        "Quickbase_Status": "Completed",
        "QBRecordID": 0,
        "Third_Party_Dependant_For_Conne": null,
        "Latitude": -25.88841531,
        "Longitude": 28.19052373
      }
    },
    {
      "attributes": {
        "Precincts": "Bauhania Street",
        "Quickbase_Status": "Completed",
        "QBRecordID": 0,
        "Third_Party_Dependant_For_Conne": null,
        "Latitude": -25.8901518,
        "Longitude": 28.19026376
      }
    },
    {
      "attributes": {
        "Precincts": "Bauhania Street",
        "Quickbase_Status": "Completed",
        "QBRecordID": 0,
        "Third_Party_Dependant_For_Conne": null,
        "Latitude": -25.89024046,
        "Longitude": 28.19053942
      }
    },
    {
      "attributes": {
        "Precincts": "Bauhania Street",
        "Quickbase_Status": "Completed",
        "QBRecordID": 0,
        "Third_Party_Dependant_For_Conne": null,
        "Latitude": -25.89373498,
        "Longitude": 28.19058735
      }
    },
    {
      "attributes": {
        "Precincts": "Bauhania Street",
        "Quickbase_Status": "Completed",
        "QBRecordID": 0,
        "Third_Party_Dependant_For_Conne": null,
        "Latitude": -25.89351616,
        "Longitude": 28.19025444
      }
    },
    {
      "attributes": {
        "Precincts": "Bauhania Street",
        "Quickbase_Status": "Completed",
        "QBRecordID": 0,
        "Third_Party_Dependant_For_Conne": null,
        "Latitude": -25.89274586,
        "Longitude": 28.18916147
      }
    },
    {
      "attributes": {
        "Precincts": "Bauhania Street",
        "Quickbase_Status": "Completed",
        "QBRecordID": 0,
        "Third_Party_Dependant_For_Conne": null,
        "Latitude": -25.89315431,
        "Longitude": 28.19140539
      }
    },
    {
      "attributes": {
        "Precincts": "Bauhania Street",
        "Quickbase_Status": "Completed",
        "QBRecordID": 0,
        "Third_Party_Dependant_For_Conne": null,
        "Latitude": -25.88864257,
        "Longitude": 28.18880327
      }
    },
    {
      "attributes": {
        "Precincts": "Bauhania Street",
        "Quickbase_Status": "Completed",
        "QBRecordID": 0,
        "Third_Party_Dependant_For_Conne": null,
        "Latitude": -25.88855735,
        "Longitude": 28.18990844
      }
    },
    {
      "attributes": {
        "Precincts": "Bauhania Street",
        "Quickbase_Status": "Completed",
        "QBRecordID": 0,
        "Third_Party_Dependant_For_Conne": null,
        "Latitude": -25.88865507,
        "Longitude": 28.19032082
      }
    },
    {
      "attributes": {
        "Precincts": "Bauhania Street",
        "Quickbase_Status": "Completed",
        "QBRecordID": 0,
        "Third_Party_Dependant_For_Conne": null,
        "Latitude": -25.8885196,
        "Longitude": 28.19031407
      }
    },
    {
      "attributes": {
        "Precincts": "Bauhania Street",
        "Quickbase_Status": "Completed",
        "QBRecordID": 0,
        "Third_Party_Dependant_For_Conne": null,
        "Latitude": -25.88743681,
        "Longitude": 28.1861982
      }
    },
    {
      "attributes": {
        "Precincts": "Bauhania Street",
        "Quickbase_Status": "Completed",
        "QBRecordID": 0,
        "Third_Party_Dependant_For_Conne": null,
        "Latitude": -25.89147286,
        "Longitude": 28.18669463
      }
    },
    {
      "attributes": {
        "Precincts": "Bauhania Street",
        "Quickbase_Status": "Completed",
        "QBRecordID": 0,
        "Third_Party_Dependant_For_Conne": null,
        "Latitude": -25.89083123,
        "Longitude": 28.18707977
      }
    },
    {
      "attributes": {
        "Precincts": "Bauhania Street",
        "Quickbase_Status": "Completed",
        "QBRecordID": 0,
        "Third_Party_Dependant_For_Conne": null,
        "Latitude": -25.88959558,
        "Longitude": 28.18966424
      }
    },
    {
      "attributes": {
        "Precincts": "Bauhania Street",
        "Quickbase_Status": "Completed",
        "QBRecordID": 0,
        "Third_Party_Dependant_For_Conne": null,
        "Latitude": -25.88531244,
        "Longitude": 28.18789839
      }
    },
    {
      "attributes": {
        "Precincts": "Bauhania Street",
        "Quickbase_Status": "Completed",
        "QBRecordID": 0,
        "Third_Party_Dependant_For_Conne": null,
        "Latitude": -25.88611131,
        "Longitude": 28.18638977
      }
    },
    {
      "attributes": {
        "Precincts": "Bauhania Street",
        "Quickbase_Status": "Completed",
        "QBRecordID": 0,
        "Third_Party_Dependant_For_Conne": null,
        "Latitude": -25.88625122,
        "Longitude": 28.18724924
      }
    },
    {
      "attributes": {
        "Precincts": "Bauhania Street",
        "Quickbase_Status": "Completed",
        "QBRecordID": 0,
        "Third_Party_Dependant_For_Conne": null,
        "Latitude": -25.88597611,
        "Longitude": 28.18725942
      }
    },
    {
      "attributes": {
        "Precincts": "Bauhania Street",
        "Quickbase_Status": "Completed",
        "QBRecordID": 0,
        "Third_Party_Dependant_For_Conne": null,
        "Latitude": -25.88788282,
        "Longitude": 28.19031611
      }
    },
    {
      "attributes": {
        "Precincts": "Bauhania Street",
        "Quickbase_Status": "Completed",
        "QBRecordID": 0,
        "Third_Party_Dependant_For_Conne": null,
        "Latitude": -25.88847877,
        "Longitude": 28.18645988
      }
    },
    {
      "attributes": {
        "Precincts": "Richards Drive",
        "Quickbase_Status": "Completed",
        "QBRecordID": 0,
        "Third_Party_Dependant_For_Conne": null,
        "Latitude": -26.01317203,
        "Longitude": 28.12122289
      }
    },
    {
      "attributes": {
        "Precincts": "Richards Drive",
        "Quickbase_Status": "Completed",
        "QBRecordID": 0,
        "Third_Party_Dependant_For_Conne": "Yes",
        "Latitude": -26.01359695,
        "Longitude": 28.12570559
      }
    },
    {
      "attributes": {
        "Precincts": "Richards Drive",
        "Quickbase_Status": "Completed",
        "QBRecordID": 0,
        "Third_Party_Dependant_For_Conne": null,
        "Latitude": -26.01315721,
        "Longitude": 28.12442159
      }
    },
    {
      "attributes": {
        "Precincts": "Richards Drive",
        "Quickbase_Status": "Completed",
        "QBRecordID": 92508,
        "Third_Party_Dependant_For_Conne": null,
        "Latitude": -26.01610298,
        "Longitude": 28.12226105
      }
    },
    {
      "attributes": {
        "Precincts": "Richards Drive",
        "Quickbase_Status": "Completed",
        "QBRecordID": 0,
        "Third_Party_Dependant_For_Conne": null,
        "Latitude": -26.01428387,
        "Longitude": 28.12341223
      }
    },
    {
      "attributes": {
        "Precincts": "Richards Drive",
        "Quickbase_Status": "Completed",
        "QBRecordID": 0,
        "Third_Party_Dependant_For_Conne": null,
        "Latitude": -26.01444531,
        "Longitude": 28.12376444
      }
    },
    {
      "attributes": {
        "Precincts": "Bauhania Street",
        "Quickbase_Status": "Completed",
        "QBRecordID": 0,
        "Third_Party_Dependant_For_Conne": null,
        "Latitude": -25.89884194,
        "Longitude": 28.18968881
      }
    },
    {
      "attributes": {
        "Precincts": "Bauhania Street",
        "Quickbase_Status": "Completed",
        "QBRecordID": 0,
        "Third_Party_Dependant_For_Conne": null,
        "Latitude": -25.89906392,
        "Longitude": 28.1897756
      }
    },
    {
      "attributes": {
        "Precincts": "Bauhania Street",
        "Quickbase_Status": "Completed",
        "QBRecordID": 0,
        "Third_Party_Dependant_For_Conne": null,
        "Latitude": -25.89927213,
        "Longitude": 28.18957479
      }
    },
    {
      "attributes": {
        "Precincts": "Bauhania Street",
        "Quickbase_Status": "Completed",
        "QBRecordID": 0,
        "Third_Party_Dependant_For_Conne": null,
        "Latitude": -25.8992733,
        "Longitude": 28.18987955
      }
    },
    {
      "attributes": {
        "Precincts": "Bauhania Street",
        "Quickbase_Status": "Completed",
        "QBRecordID": 0,
        "Third_Party_Dependant_For_Conne": null,
        "Latitude": -25.89947422,
        "Longitude": 28.18992953
      }
    },
    {
      "attributes": {
        "Precincts": "Bauhania Street",
        "Quickbase_Status": "Completed",
        "QBRecordID": 0,
        "Third_Party_Dependant_For_Conne": null,
        "Latitude": -25.89860627,
        "Longitude": 28.18959597
      }
    },
    {
      "attributes": {
        "Precincts": "Bauhania Street",
        "Quickbase_Status": "Completed",
        "QBRecordID": 0,
        "Third_Party_Dependant_For_Conne": null,
        "Latitude": -25.89838637,
        "Longitude": 28.18954286
      }
    },
    {
      "attributes": {
        "Precincts": "Bauhania Street",
        "Quickbase_Status": "Completed",
        "QBRecordID": 0,
        "Third_Party_Dependant_For_Conne": null,
        "Latitude": -25.89838773,
        "Longitude": 28.18974633
      }
    },
    {
      "attributes": {
        "Precincts": "Bauhania Street",
        "Quickbase_Status": "Completed",
        "QBRecordID": 0,
        "Third_Party_Dependant_For_Conne": null,
        "Latitude": -25.8981753,
        "Longitude": 28.1896294
      }
    },
    {
      "attributes": {
        "Precincts": "Bauhania Street",
        "Quickbase_Status": "Completed",
        "QBRecordID": 0,
        "Third_Party_Dependant_For_Conne": null,
        "Latitude": -25.88667597,
        "Longitude": 28.18608072
      }
    },
    {
      "attributes": {
        "Precincts": "Bauhania Street",
        "Quickbase_Status": "Completed",
        "QBRecordID": 0,
        "Third_Party_Dependant_For_Conne": null,
        "Latitude": -25.88710039,
        "Longitude": 28.18571835
      }
    },
    {
      "attributes": {
        "Precincts": "Bauhania Street",
        "Quickbase_Status": "Completed",
        "QBRecordID": 0,
        "Third_Party_Dependant_For_Conne": null,
        "Latitude": -25.8909281,
        "Longitude": 28.18337916
      }
    },
    {
      "attributes": {
        "Precincts": "Bauhania Street",
        "Quickbase_Status": "Completed",
        "QBRecordID": 0,
        "Third_Party_Dependant_For_Conne": null,
        "Latitude": -25.88590626,
        "Longitude": 28.1859549
      }
    },
    {
      "attributes": {
        "Precincts": "Witch-Hazel",
        "Quickbase_Status": "Completed",
        "QBRecordID": 0,
        "Third_Party_Dependant_For_Conne": null,
        "Latitude": -25.87469118,
        "Longitude": 28.17938484
      }
    },
    {
      "attributes": {
        "Precincts": "Bauhania Street",
        "Quickbase_Status": "Completed",
        "QBRecordID": 0,
        "Third_Party_Dependant_For_Conne": null,
        "Latitude": -25.88813532,
        "Longitude": 28.19045268
      }
    },
    {
      "attributes": {
        "Precincts": "Bauhania Street",
        "Quickbase_Status": "Completed",
        "QBRecordID": 0,
        "Third_Party_Dependant_For_Conne": null,
        "Latitude": -25.89278367,
        "Longitude": 28.18898087
      }
    },
    {
      "attributes": {
        "Precincts": "Richards Drive",
        "Quickbase_Status": "Completed",
        "QBRecordID": 0,
        "Third_Party_Dependant_For_Conne": null,
        "Latitude": -26.01470353,
        "Longitude": 28.1223916
      }
    },
    {
      "attributes": {
        "Precincts": "Capital Hill",
        "Quickbase_Status": "Completed",
        "QBRecordID": 0,
        "Third_Party_Dependant_For_Conne": null,
        "Latitude": -26.01077728,
        "Longitude": 28.12659068
      }
    },
    {
      "attributes": {
        "Precincts": "Capital Hill",
        "Quickbase_Status": "Completed",
        "QBRecordID": 0,
        "Third_Party_Dependant_For_Conne": null,
        "Latitude": -26.01111324,
        "Longitude": 28.12634956
      }
    },
    {
      "attributes": {
        "Precincts": "Richards Drive",
        "Quickbase_Status": "Completed",
        "QBRecordID": 0,
        "Third_Party_Dependant_For_Conne": null,
        "Latitude": -26.01681367,
        "Longitude": 28.1219078
      }
    },
    {
      "attributes": {
        "Precincts": "Capital Hill",
        "Quickbase_Status": "Completed",
        "QBRecordID": 0,
        "Third_Party_Dependant_For_Conne": null,
        "Latitude": -26.00776963,
        "Longitude": 28.13137843
      }
    },
    {
      "attributes": {
        "Precincts": "Capital Hill",
        "Quickbase_Status": "Completed",
        "QBRecordID": 0,
        "Third_Party_Dependant_For_Conne": null,
        "Latitude": -26.00941102,
        "Longitude": 28.13239417
      }
    },
    {
      "attributes": {
        "Precincts": "Capital Hill",
        "Quickbase_Status": "Completed",
        "QBRecordID": 0,
        "Third_Party_Dependant_For_Conne": null,
        "Latitude": -26.00893603,
        "Longitude": 28.13237363
      }
    },
    {
      "attributes": {
        "Precincts": "Richards Drive",
        "Quickbase_Status": "Completed",
        "QBRecordID": 0,
        "Third_Party_Dependant_For_Conne": null,
        "Latitude": -26.01465463,
        "Longitude": 28.12044844
      }
    },
    {
      "attributes": {
        "Precincts": "Capital Hill",
        "Quickbase_Status": "Completed",
        "QBRecordID": 0,
        "Third_Party_Dependant_For_Conne": null,
        "Latitude": -26.01426832,
        "Longitude": 28.1295706
      }
    },
    {
      "attributes": {
        "Precincts": "Capital Hill",
        "Quickbase_Status": "Completed",
        "QBRecordID": 0,
        "Third_Party_Dependant_For_Conne": null,
        "Latitude": -26.01456013,
        "Longitude": 28.12949093
      }
    },
    {
      "attributes": {
        "Precincts": "Capital Hill",
        "Quickbase_Status": "Completed",
        "QBRecordID": 0,
        "Third_Party_Dependant_For_Conne": null,
        "Latitude": -26.0144878,
        "Longitude": 28.13038445
      }
    },
    {
      "attributes": {
        "Precincts": "Capital Hill",
        "Quickbase_Status": "Completed",
        "QBRecordID": 0,
        "Third_Party_Dependant_For_Conne": null,
        "Latitude": -26.01502596,
        "Longitude": 28.12874113
      }
    },
    {
      "attributes": {
        "Precincts": "Bauhania Street",
        "Quickbase_Status": "Completed",
        "QBRecordID": 0,
        "Third_Party_Dependant_For_Conne": null,
        "Latitude": -25.88868399,
        "Longitude": 28.18367954
      }
    },
    {
      "attributes": {
        "Precincts": "Bauhania Street",
        "Quickbase_Status": "Completed",
        "QBRecordID": 0,
        "Third_Party_Dependant_For_Conne": null,
        "Latitude": -25.89092783,
        "Longitude": 28.18355392
      }
    },
    {
      "attributes": {
        "Precincts": "Bauhania Street",
        "Quickbase_Status": "Completed",
        "QBRecordID": 0,
        "Third_Party_Dependant_For_Conne": null,
        "Latitude": -25.8909001,
        "Longitude": 28.18346156
      }
    },
    {
      "attributes": {
        "Precincts": "Route 21 Office Park",
        "Quickbase_Status": "Completed",
        "QBRecordID": 0,
        "Third_Party_Dependant_For_Conne": null,
        "Latitude": -25.86295274,
        "Longitude": 28.24456189
      }
    },
    {
      "attributes": {
        "Precincts": "Route 21 Office Park",
        "Quickbase_Status": "Completed",
        "QBRecordID": 0,
        "Third_Party_Dependant_For_Conne": null,
        "Latitude": -25.86309551,
        "Longitude": 28.24438114
      }
    },
    {
      "attributes": {
        "Precincts": "Route 21 Office Park",
        "Quickbase_Status": "Completed",
        "QBRecordID": 0,
        "Third_Party_Dependant_For_Conne": null,
        "Latitude": -25.86326562,
        "Longitude": 28.24441296
      }
    },
    {
      "attributes": {
        "Precincts": "Route 21 Office Park",
        "Quickbase_Status": "Completed",
        "QBRecordID": 0,
        "Third_Party_Dependant_For_Conne": null,
        "Latitude": -25.86331997,
        "Longitude": 28.24406793
      }
    },
    {
      "attributes": {
        "Precincts": "George Road",
        "Quickbase_Status": "Completed",
        "QBRecordID": 102213,
        "Third_Party_Dependant_For_Conne": null,
        "Latitude": -25.95280546,
        "Longitude": 28.14027041
      }
    },
    {
      "attributes": {
        "Precincts": "George Road",
        "Quickbase_Status": "Completed",
        "QBRecordID": 0,
        "Third_Party_Dependant_For_Conne": null,
        "Latitude": -25.95790997,
        "Longitude": 28.13573737
      }
    },
    {
      "attributes": {
        "Precincts": "Centurion Gautrain Station",
        "Quickbase_Status": "Completed",
        "QBRecordID": 0,
        "Third_Party_Dependant_For_Conne": null,
        "Latitude": -25.85023252,
        "Longitude": 28.2506783
      }
    },
    {
      "attributes": {
        "Precincts": "George Road",
        "Quickbase_Status": "Completed",
        "QBRecordID": 0,
        "Third_Party_Dependant_For_Conne": null,
        "Latitude": -25.96053944,
        "Longitude": 28.14187386
      }
    },
    {
      "attributes": {
        "Precincts": "George Road",
        "Quickbase_Status": "Completed",
        "QBRecordID": 0,
        "Third_Party_Dependant_For_Conne": null,
        "Latitude": -25.96079759,
        "Longitude": 28.1406396
      }
    },
    {
      "attributes": {
        "Precincts": "George Road",
        "Quickbase_Status": "Completed",
        "QBRecordID": 0,
        "Third_Party_Dependant_For_Conne": null,
        "Latitude": -25.96088872,
        "Longitude": 28.14060428
      }
    },
    {
      "attributes": {
        "Precincts": "Capital Hill",
        "Quickbase_Status": "Completed",
        "QBRecordID": 0,
        "Third_Party_Dependant_For_Conne": null,
        "Latitude": -26.00856718,
        "Longitude": 28.12951269
      }
    },
    {
      "attributes": {
        "Precincts": "Highveld Technopark",
        "Quickbase_Status": "Completed",
        "QBRecordID": 0,
        "Third_Party_Dependant_For_Conne": null,
        "Latitude": -25.87735123,
        "Longitude": 28.18095604
      }
    },
    {
      "attributes": {
        "Precincts": "Central Park",
        "Quickbase_Status": "Completed",
        "QBRecordID": 0,
        "Third_Party_Dependant_For_Conne": null,
        "Latitude": -25.97545639,
        "Longitude": 28.13215678
      }
    },
    {
      "attributes": {
        "Precincts": "Capital Hill",
        "Quickbase_Status": "Completed",
        "QBRecordID": 0,
        "Third_Party_Dependant_For_Conne": null,
        "Latitude": -26.00932781,
        "Longitude": 28.12880907
      }
    },
    {
      "attributes": {
        "Precincts": "Witch-Hazel",
        "Quickbase_Status": "Completed",
        "QBRecordID": 0,
        "Third_Party_Dependant_For_Conne": null,
        "Latitude": -25.87285919,
        "Longitude": 28.18396386
      }
    },
    {
      "attributes": {
        "Precincts": "Bauhania Street",
        "Quickbase_Status": "Completed",
        "QBRecordID": 0,
        "Third_Party_Dependant_For_Conne": null,
        "Latitude": -25.87796231,
        "Longitude": 28.18283871
      }
    },
    {
      "attributes": {
        "Precincts": "Central Park",
        "Quickbase_Status": "Completed",
        "QBRecordID": 0,
        "Third_Party_Dependant_For_Conne": null,
        "Latitude": -25.97536878,
        "Longitude": 28.13314037
      }
    },
    {
      "attributes": {
        "Precincts": "Richards Drive",
        "Quickbase_Status": "Completed",
        "QBRecordID": 0,
        "Third_Party_Dependant_For_Conne": null,
        "Latitude": -26.02367994,
        "Longitude": 28.12087058
      }
    },
    {
      "attributes": {
        "Precincts": "Witch-Hazel",
        "Quickbase_Status": "Completed",
        "QBRecordID": 0,
        "Third_Party_Dependant_For_Conne": null,
        "Latitude": -25.87418733,
        "Longitude": 28.18058696
      }
    },
    {
      "attributes": {
        "Precincts": "Witch-Hazel",
        "Quickbase_Status": "Completed",
        "QBRecordID": 0,
        "Third_Party_Dependant_For_Conne": null,
        "Latitude": -25.86765413,
        "Longitude": 28.18554544
      }
    },
    {
      "attributes": {
        "Precincts": "Saddle Drive",
        "Quickbase_Status": "Completed",
        "QBRecordID": 81960,
        "Third_Party_Dependant_For_Conne": null,
        "Latitude": -26.08831936,
        "Longitude": 28.00645978
      }
    },
    {
      "attributes": {
        "Precincts": "Riverhorse Road",
        "Quickbase_Status": "Completed",
        "QBRecordID": 101179,
        "Third_Party_Dependant_For_Conne": null,
        "Latitude": -29.77594027,
        "Longitude": 30.99346677
      }
    },
    {
      "attributes": {
        "Precincts": "Tyger Waterfront",
        "Quickbase_Status": "Completed",
        "QBRecordID": 8662,
        "Third_Party_Dependant_For_Conne": null,
        "Latitude": -33.87584743,
        "Longitude": 18.62856925
      }
    },
    {
      "attributes": {
        "Precincts": "Tyger Waterfront",
        "Quickbase_Status": "Completed",
        "QBRecordID": 8669,
        "Third_Party_Dependant_For_Conne": null,
        "Latitude": -33.87800403,
        "Longitude": 18.63058847
      }
    },
    {
      "attributes": {
        "Precincts": "Tyger Waterfront",
        "Quickbase_Status": "Completed",
        "QBRecordID": 8671,
        "Third_Party_Dependant_For_Conne": null,
        "Latitude": -33.87679631,
        "Longitude": 18.62961877
      }
    },
    {
      "attributes": {
        "Precincts": "Tyger Waterfront",
        "Quickbase_Status": "Completed",
        "QBRecordID": 8672,
        "Third_Party_Dependant_For_Conne": null,
        "Latitude": -33.8769451,
        "Longitude": 18.63026007
      }
    },
    {
      "attributes": {
        "Precincts": "Sandton Phase 2",
        "Quickbase_Status": "Completed",
        "QBRecordID": 2959,
        "Third_Party_Dependant_For_Conne": null,
        "Latitude": -26.103842,
        "Longitude": 28.047768
      }
    },
    {
      "attributes": {
        "Precincts": "CPT CBD Phase 01",
        "Quickbase_Status": "Completed",
        "QBRecordID": 82213,
        "Third_Party_Dependant_For_Conne": null,
        "Latitude": -33.89570273,
        "Longitude": 18.48253131
      }
    },
    {
      "attributes": {
        "Precincts": "CPT CBD Phase 01",
        "Quickbase_Status": "Completed",
        "QBRecordID": 3075,
        "Third_Party_Dependant_For_Conne": null,
        "Latitude": -33.91876217,
        "Longitude": 18.42576127
      }
    },
    {
      "attributes": {
        "Precincts": "CPT CBD Phase 01",
        "Quickbase_Status": "Completed",
        "QBRecordID": 3076,
        "Third_Party_Dependant_For_Conne": null,
        "Latitude": -33.91899393,
        "Longitude": 18.42551952
      }
    },
    {
      "attributes": {
        "Precincts": "Woodlands Office Park",
        "Quickbase_Status": "Completed",
        "QBRecordID": 1684,
        "Third_Party_Dependant_For_Conne": null,
        "Latitude": -26.0627656,
        "Longitude": 28.08456251
      }
    },
    {
      "attributes": {
        "Precincts": "Burnside Office Park",
        "Quickbase_Status": "Completed",
        "QBRecordID": 3439,
        "Third_Party_Dependant_For_Conne": null,
        "Latitude": -26.11263474,
        "Longitude": 28.02043052
      }
    },
    {
      "attributes": {
        "Precincts": "Burnside Office Park",
        "Quickbase_Status": "Completed",
        "QBRecordID": 2930,
        "Third_Party_Dependant_For_Conne": null,
        "Latitude": -26.1149579,
        "Longitude": 28.02249751
      }
    },
    {
      "attributes": {
        "Precincts": "Bruma Lake",
        "Quickbase_Status": "Completed",
        "QBRecordID": 1542,
        "Third_Party_Dependant_For_Conne": null,
        "Latitude": -26.17906073,
        "Longitude": 28.11193131
      }
    },
    {
      "attributes": {
        "Precincts": "Bruma Lake",
        "Quickbase_Status": "Completed",
        "QBRecordID": 3977,
        "Third_Party_Dependant_For_Conne": null,
        "Latitude": -26.18287079,
        "Longitude": 28.10617711
      }
    },
    {
      "attributes": {
        "Precincts": "Charles Crescent",
        "Quickbase_Status": "Completed",
        "QBRecordID": 946,
        "Third_Party_Dependant_For_Conne": null,
        "Latitude": -26.09648235,
        "Longitude": 28.08171599
      }
    },
    {
      "attributes": {
        "Precincts": "Charles Crescent",
        "Quickbase_Status": "Completed",
        "QBRecordID": 1745,
        "Third_Party_Dependant_For_Conne": null,
        "Latitude": -26.09499857,
        "Longitude": 28.08337368
      }
    },
    {
      "attributes": {
        "Precincts": "Charles Crescent",
        "Quickbase_Status": "Completed",
        "QBRecordID": 1349,
        "Third_Party_Dependant_For_Conne": null,
        "Latitude": -26.09684237,
        "Longitude": 28.08120497
      }
    },
    {
      "attributes": {
        "Precincts": "Charles Crescent",
        "Quickbase_Status": "Completed",
        "QBRecordID": 945,
        "Third_Party_Dependant_For_Conne": null,
        "Latitude": -26.09826121,
        "Longitude": 28.07758403
      }
    },
    {
      "attributes": {
        "Precincts": "Charles Crescent",
        "Quickbase_Status": "Completed",
        "QBRecordID": 1319,
        "Third_Party_Dependant_For_Conne": null,
        "Latitude": -26.09802577,
        "Longitude": 28.07837908
      }
    },
    {
      "attributes": {
        "Precincts": "Central Street",
        "Quickbase_Status": "Completed",
        "QBRecordID": 855,
        "Third_Party_Dependant_For_Conne": null,
        "Latitude": -26.15268484,
        "Longitude": 28.05827125
      }
    },
    {
      "attributes": {
        "Precincts": "George Road",
        "Quickbase_Status": "Completed",
        "QBRecordID": 6766,
        "Third_Party_Dependant_For_Conne": null,
        "Latitude": -25.96620368,
        "Longitude": 28.13156203
      }
    },
    {
      "attributes": {
        "Precincts": "George Road",
        "Quickbase_Status": "Completed",
        "QBRecordID": 1287,
        "Third_Party_Dependant_For_Conne": null,
        "Latitude": -25.96545156,
        "Longitude": 28.1332447
      }
    },
    {
      "attributes": {
        "Precincts": "Arden Grove",
        "Quickbase_Status": "Completed",
        "QBRecordID": 1608,
        "Third_Party_Dependant_For_Conne": null,
        "Latitude": -33.86506088,
        "Longitude": 18.51292104
      }
    },
    {
      "attributes": {
        "Precincts": "Arden Grove",
        "Quickbase_Status": "Completed",
        "QBRecordID": 3159,
        "Third_Party_Dependant_For_Conne": null,
        "Latitude": -33.86571169,
        "Longitude": 18.51233888
      }
    },
    {
      "attributes": {
        "Precincts": "George Road",
        "Quickbase_Status": "Completed",
        "QBRecordID": 1012,
        "Third_Party_Dependant_For_Conne": null,
        "Latitude": -25.96691717,
        "Longitude": 28.13536735
      }
    },
    {
      "attributes": {
        "Precincts": "George Road",
        "Quickbase_Status": "Completed",
        "QBRecordID": 1744,
        "Third_Party_Dependant_For_Conne": null,
        "Latitude": -25.96729995,
        "Longitude": 28.13574196
      }
    },
    {
      "attributes": {
        "Precincts": "George Road",
        "Quickbase_Status": "Completed",
        "QBRecordID": 1737,
        "Third_Party_Dependant_For_Conne": null,
        "Latitude": -25.9571973,
        "Longitude": 28.13523366
      }
    },
    {
      "attributes": {
        "Precincts": "George Road",
        "Quickbase_Status": "Completed",
        "QBRecordID": 1736,
        "Third_Party_Dependant_For_Conne": null,
        "Latitude": -25.95741396,
        "Longitude": 28.13518406
      }
    },
    {
      "attributes": {
        "Precincts": "Arden Grove",
        "Quickbase_Status": "Completed",
        "QBRecordID": 1586,
        "Third_Party_Dependant_For_Conne": null,
        "Latitude": -33.86700338,
        "Longitude": 18.51350224
      }
    },
    {
      "attributes": {
        "Precincts": "Arden Grove",
        "Quickbase_Status": "Completed",
        "QBRecordID": 1574,
        "Third_Party_Dependant_For_Conne": null,
        "Latitude": -33.86545686,
        "Longitude": 18.51421051
      }
    },
    {
      "attributes": {
        "Precincts": "Arden Grove",
        "Quickbase_Status": "Completed",
        "QBRecordID": 3543,
        "Third_Party_Dependant_For_Conne": null,
        "Latitude": -33.86272411,
        "Longitude": 18.51395671
      }
    },
    {
      "attributes": {
        "Precincts": "Arden Grove",
        "Quickbase_Status": "Completed",
        "QBRecordID": 3537,
        "Third_Party_Dependant_For_Conne": null,
        "Latitude": -33.86241408,
        "Longitude": 18.51356853
      }
    },
    {
      "attributes": {
        "Precincts": "Arden Grove",
        "Quickbase_Status": "Completed",
        "QBRecordID": 16917,
        "Third_Party_Dependant_For_Conne": null,
        "Latitude": -33.86819672,
        "Longitude": 18.51338728
      }
    },
    {
      "attributes": {
        "Precincts": "Arden Grove",
        "Quickbase_Status": "Completed",
        "QBRecordID": 1592,
        "Third_Party_Dependant_For_Conne": null,
        "Latitude": -33.86703447,
        "Longitude": 18.51247711
      }
    },
    {
      "attributes": {
        "Precincts": "Richards Drive",
        "Quickbase_Status": "Completed",
        "QBRecordID": 2440,
        "Third_Party_Dependant_For_Conne": null,
        "Latitude": -26.01194315,
        "Longitude": 28.12402305
      }
    },
    {
      "attributes": {
        "Precincts": "Hyde Park",
        "Quickbase_Status": "Completed",
        "QBRecordID": 1929,
        "Third_Party_Dependant_For_Conne": null,
        "Latitude": -26.11780366,
        "Longitude": 28.03158057
      }
    },
    {
      "attributes": {
        "Precincts": "Hyde Park",
        "Quickbase_Status": "Completed",
        "QBRecordID": 1928,
        "Third_Party_Dependant_For_Conne": null,
        "Latitude": -26.11829011,
        "Longitude": 28.0315784
      }
    },
    {
      "attributes": {
        "Precincts": "Central Park",
        "Quickbase_Status": "Completed",
        "QBRecordID": 1525,
        "Third_Party_Dependant_For_Conne": null,
        "Latitude": -25.97608523,
        "Longitude": 28.13297256
      }
    },
    {
      "attributes": {
        "Precincts": "Central Park",
        "Quickbase_Status": "Completed",
        "QBRecordID": 4014,
        "Third_Party_Dependant_For_Conne": null,
        "Latitude": -25.97590923,
        "Longitude": 28.1327808
      }
    },
    {
      "attributes": {
        "Precincts": "Central Park",
        "Quickbase_Status": "Completed",
        "QBRecordID": 940,
        "Third_Party_Dependant_For_Conne": null,
        "Latitude": -25.9759605,
        "Longitude": 28.13415487
      }
    },
    {
      "attributes": {
        "Precincts": "Central Park",
        "Quickbase_Status": "Completed",
        "QBRecordID": 1523,
        "Third_Party_Dependant_For_Conne": null,
        "Latitude": -25.9757042,
        "Longitude": 28.13343987
      }
    },
    {
      "attributes": {
        "Precincts": "Sandton Phase 2",
        "Quickbase_Status": "Completed",
        "QBRecordID": 4029,
        "Third_Party_Dependant_For_Conne": null,
        "Latitude": -26.10412713,
        "Longitude": 28.05611301
      }
    },
    {
      "attributes": {
        "Precincts": "Wierda Road",
        "Quickbase_Status": "Completed",
        "QBRecordID": 820,
        "Third_Party_Dependant_For_Conne": null,
        "Latitude": -26.10914908,
        "Longitude": 28.05746869
      }
    },
    {
      "attributes": {
        "Precincts": "Central Park",
        "Quickbase_Status": "Completed",
        "QBRecordID": 4020,
        "Third_Party_Dependant_For_Conne": null,
        "Latitude": -25.97593884,
        "Longitude": 28.1337684
      }
    },
    {
      "attributes": {
        "Precincts": "Central Park",
        "Quickbase_Status": "Completed",
        "QBRecordID": 4018,
        "Third_Party_Dependant_For_Conne": null,
        "Latitude": -25.97626417,
        "Longitude": 28.13358238
      }
    },
    {
      "attributes": {
        "Precincts": "Bryanston Extension",
        "Quickbase_Status": "Completed",
        "QBRecordID": 2251,
        "Third_Party_Dependant_For_Conne": null,
        "Latitude": -26.04435874,
        "Longitude": 28.01495941
      }
    },
    {
      "attributes": {
        "Precincts": "Bryanston Extension",
        "Quickbase_Status": "Completed",
        "QBRecordID": 1903,
        "Third_Party_Dependant_For_Conne": null,
        "Latitude": -26.04025949,
        "Longitude": 28.01238806
      }
    },
    {
      "attributes": {
        "Precincts": "Bryanston Extension",
        "Quickbase_Status": "Completed",
        "QBRecordID": 1899,
        "Third_Party_Dependant_For_Conne": null,
        "Latitude": -26.04049698,
        "Longitude": 28.0109505
      }
    },
    {
      "attributes": {
        "Precincts": "Bryanston Extension",
        "Quickbase_Status": "Completed",
        "QBRecordID": 1920,
        "Third_Party_Dependant_For_Conne": null,
        "Latitude": -26.04922007,
        "Longitude": 28.02015477
      }
    },
    {
      "attributes": {
        "Precincts": "Morningside",
        "Quickbase_Status": "Completed",
        "QBRecordID": 1154,
        "Third_Party_Dependant_For_Conne": null,
        "Latitude": -26.08054121,
        "Longitude": 28.06292872
      }
    },
    {
      "attributes": {
        "Precincts": "Tygervalley",
        "Quickbase_Status": "Completed",
        "QBRecordID": 2589,
        "Third_Party_Dependant_For_Conne": null,
        "Latitude": -33.87896662,
        "Longitude": 18.63633516
      }
    },
    {
      "attributes": {
        "Precincts": "Sandton Phase 2",
        "Quickbase_Status": "Completed",
        "QBRecordID": 3521,
        "Third_Party_Dependant_For_Conne": null,
        "Latitude": -26.10337333,
        "Longitude": 28.05018441
      }
    },
    {
      "attributes": {
        "Precincts": "Empire Road",
        "Quickbase_Status": "Completed",
        "QBRecordID": 2480,
        "Third_Party_Dependant_For_Conne": null,
        "Latitude": -26.18347916,
        "Longitude": 28.02259458
      }
    },
    {
      "attributes": {
        "Precincts": "George Road",
        "Quickbase_Status": "Completed",
        "QBRecordID": 1770,
        "Third_Party_Dependant_For_Conne": null,
        "Latitude": -25.97483437,
        "Longitude": 28.1305857
      }
    },
    {
      "attributes": {
        "Precincts": "Sandton Phase 3",
        "Quickbase_Status": "Completed",
        "QBRecordID": 2945,
        "Third_Party_Dependant_For_Conne": null,
        "Latitude": -26.10631738,
        "Longitude": 28.05698373
      }
    },
    {
      "attributes": {
        "Precincts": "Hyde Park",
        "Quickbase_Status": "Completed",
        "QBRecordID": 1939,
        "Third_Party_Dependant_For_Conne": null,
        "Latitude": -26.12135679,
        "Longitude": 28.03037867
      }
    },
    {
      "attributes": {
        "Precincts": "Hyde Park",
        "Quickbase_Status": "Completed",
        "QBRecordID": 1942,
        "Third_Party_Dependant_For_Conne": null,
        "Latitude": -26.12170044,
        "Longitude": 28.03072471
      }
    },
    {
      "attributes": {
        "Precincts": "Witch-Hazel",
        "Quickbase_Status": "Completed",
        "QBRecordID": 1276,
        "Third_Party_Dependant_For_Conne": null,
        "Latitude": -25.87352198,
        "Longitude": 28.18347891
      }
    },
    {
      "attributes": {
        "Precincts": "Witch-Hazel",
        "Quickbase_Status": "Completed",
        "QBRecordID": 1728,
        "Third_Party_Dependant_For_Conne": null,
        "Latitude": -25.87506027,
        "Longitude": 28.18180083
      }
    },
    {
      "attributes": {
        "Precincts": "Witch-Hazel",
        "Quickbase_Status": "Completed",
        "QBRecordID": 3905,
        "Third_Party_Dependant_For_Conne": null,
        "Latitude": -25.8744383,
        "Longitude": 28.18206637
      }
    },
    {
      "attributes": {
        "Precincts": "Witch-Hazel",
        "Quickbase_Status": "Completed",
        "QBRecordID": 1253,
        "Third_Party_Dependant_For_Conne": null,
        "Latitude": -25.8710551,
        "Longitude": 28.18805263
      }
    },
    {
      "attributes": {
        "Precincts": "Tygervalley",
        "Quickbase_Status": "Completed",
        "QBRecordID": 2605,
        "Third_Party_Dependant_For_Conne": null,
        "Latitude": -33.87872677,
        "Longitude": 18.63453731
      }
    },
    {
      "attributes": {
        "Precincts": "Witch-Hazel",
        "Quickbase_Status": "Completed",
        "QBRecordID": 1254,
        "Third_Party_Dependant_For_Conne": null,
        "Latitude": -25.87079378,
        "Longitude": 28.18731667
      }
    },
    {
      "attributes": {
        "Precincts": "Tygervalley",
        "Quickbase_Status": "Completed",
        "QBRecordID": 2594,
        "Third_Party_Dependant_For_Conne": null,
        "Latitude": -33.8775649,
        "Longitude": 18.63538095
      }
    },
    {
      "attributes": {
        "Precincts": "Westlake",
        "Quickbase_Status": "Completed",
        "QBRecordID": 1806,
        "Third_Party_Dependant_For_Conne": null,
        "Latitude": -34.07732006,
        "Longitude": 18.43494398
      }
    },
    {
      "attributes": {
        "Precincts": "Westlake",
        "Quickbase_Status": "Completed",
        "QBRecordID": 1228,
        "Third_Party_Dependant_For_Conne": null,
        "Latitude": -34.07678911,
        "Longitude": 18.43775946
      }
    },
    {
      "attributes": {
        "Precincts": "Rosebank Phase 2",
        "Quickbase_Status": "Completed",
        "QBRecordID": 2986,
        "Third_Party_Dependant_For_Conne": null,
        "Latitude": -26.14604708,
        "Longitude": 28.03718658
      }
    },
    {
      "attributes": {
        "Precincts": "Rosebank Phase 2",
        "Quickbase_Status": "Completed",
        "QBRecordID": 2969,
        "Third_Party_Dependant_For_Conne": null,
        "Latitude": -26.14595863,
        "Longitude": 28.03738216
      }
    },
    {
      "attributes": {
        "Precincts": "Westlake",
        "Quickbase_Status": "Completed",
        "QBRecordID": 1230,
        "Third_Party_Dependant_For_Conne": null,
        "Latitude": -34.07835806,
        "Longitude": 18.43774299
      }
    },
    {
      "attributes": {
        "Precincts": "Westlake",
        "Quickbase_Status": "Completed",
        "QBRecordID": 1819,
        "Third_Party_Dependant_For_Conne": null,
        "Latitude": -34.07847959,
        "Longitude": 18.43796874
      }
    },
    {
      "attributes": {
        "Precincts": "Rosebank Phase 2",
        "Quickbase_Status": "Completed",
        "QBRecordID": 2939,
        "Third_Party_Dependant_For_Conne": null,
        "Latitude": -26.14625878,
        "Longitude": 28.03614469
      }
    },
    {
      "attributes": {
        "Precincts": "Rosebank Phase 2",
        "Quickbase_Status": "Completed",
        "QBRecordID": 3829,
        "Third_Party_Dependant_For_Conne": null,
        "Latitude": -26.14616587,
        "Longitude": 28.03668925
      }
    },
    {
      "attributes": {
        "Precincts": "Westlake",
        "Quickbase_Status": "Completed",
        "QBRecordID": 1236,
        "Third_Party_Dependant_For_Conne": null,
        "Latitude": -34.07885816,
        "Longitude": 18.43901285
      }
    },
    {
      "attributes": {
        "Precincts": "Westlake",
        "Quickbase_Status": "Completed",
        "QBRecordID": 1237,
        "Third_Party_Dependant_For_Conne": null,
        "Latitude": -34.07902284,
        "Longitude": 18.43889908
      }
    },
    {
      "attributes": {
        "Precincts": "CPT CBD Phase 02",
        "Quickbase_Status": "Completed",
        "QBRecordID": 3091,
        "Third_Party_Dependant_For_Conne": null,
        "Latitude": -33.91927171,
        "Longitude": 18.43245044
      }
    },
    {
      "attributes": {
        "Precincts": "Steenberg",
        "Quickbase_Status": "Completed",
        "QBRecordID": 2531,
        "Third_Party_Dependant_For_Conne": null,
        "Latitude": -34.08030725,
        "Longitude": 18.43337434
      }
    },
    {
      "attributes": {
        "Precincts": "Steenberg",
        "Quickbase_Status": "Completed",
        "QBRecordID": 2532,
        "Third_Party_Dependant_For_Conne": null,
        "Latitude": -34.0804347,
        "Longitude": 18.43361971
      }
    },
    {
      "attributes": {
        "Precincts": "Wierda Road",
        "Quickbase_Status": "Completed",
        "QBRecordID": 612,
        "Third_Party_Dependant_For_Conne": null,
        "Latitude": -26.11310779,
        "Longitude": 28.05654196
      }
    },
    {
      "attributes": {
        "Precincts": "Wierda Road",
        "Quickbase_Status": "Completed",
        "QBRecordID": 613,
        "Third_Party_Dependant_For_Conne": null,
        "Latitude": -26.11368177,
        "Longitude": 28.05654604
      }
    },
    {
      "attributes": {
        "Precincts": "Wierda Road",
        "Quickbase_Status": "Completed",
        "QBRecordID": 902,
        "Third_Party_Dependant_For_Conne": null,
        "Latitude": -26.11385701,
        "Longitude": 28.0594302
      }
    },
    {
      "attributes": {
        "Precincts": "Capital Hill",
        "Quickbase_Status": "Completed",
        "QBRecordID": 2411,
        "Third_Party_Dependant_For_Conne": null,
        "Latitude": -26.01305448,
        "Longitude": 28.12831215
      }
    },
    {
      "attributes": {
        "Precincts": "Wierda Road",
        "Quickbase_Status": "Completed",
        "QBRecordID": 899,
        "Third_Party_Dependant_For_Conne": null,
        "Latitude": -26.11284485,
        "Longitude": 28.05893192
      }
    },
    {
      "attributes": {
        "Precincts": "Wierda Road",
        "Quickbase_Status": "Completed",
        "QBRecordID": 350,
        "Third_Party_Dependant_For_Conne": null,
        "Latitude": -26.11243605,
        "Longitude": 28.05874503
      }
    },
    {
      "attributes": {
        "Precincts": "Peter Place",
        "Quickbase_Status": "Completed",
        "QBRecordID": 706,
        "Third_Party_Dependant_For_Conne": null,
        "Latitude": -26.08247532,
        "Longitude": 28.02228652
      }
    },
    {
      "attributes": {
        "Precincts": "Peter Place",
        "Quickbase_Status": "Completed",
        "QBRecordID": 692,
        "Third_Party_Dependant_For_Conne": null,
        "Latitude": -26.08178266,
        "Longitude": 28.0160098
      }
    },
    {
      "attributes": {
        "Precincts": "Centurion Gautrain Station",
        "Quickbase_Status": "Completed",
        "QBRecordID": 2304,
        "Third_Party_Dependant_For_Conne": null,
        "Latitude": -25.85527416,
        "Longitude": 28.19372186
      }
    },
    {
      "attributes": {
        "Precincts": "Centurion Gautrain Station",
        "Quickbase_Status": "Completed",
        "QBRecordID": 2307,
        "Third_Party_Dependant_For_Conne": null,
        "Latitude": -25.85500135,
        "Longitude": 28.19482856
      }
    },
    {
      "attributes": {
        "Precincts": "Centurion Gautrain Station",
        "Quickbase_Status": "Completed",
        "QBRecordID": 2308,
        "Third_Party_Dependant_For_Conne": null,
        "Latitude": -25.85471098,
        "Longitude": 28.1941654
      }
    },
    {
      "attributes": {
        "Precincts": "Rivonia North",
        "Quickbase_Status": "Completed",
        "QBRecordID": 1458,
        "Third_Party_Dependant_For_Conne": null,
        "Latitude": -26.04134744,
        "Longitude": 28.05880738
      }
    },
    {
      "attributes": {
        "Precincts": "Rivonia North",
        "Quickbase_Status": "Completed",
        "QBRecordID": 446,
        "Third_Party_Dependant_For_Conne": null,
        "Latitude": -26.04158191,
        "Longitude": 28.05907548
      }
    },
    {
      "attributes": {
        "Precincts": "Rivonia North",
        "Quickbase_Status": "Completed",
        "QBRecordID": 625,
        "Third_Party_Dependant_For_Conne": null,
        "Latitude": -26.03955995,
        "Longitude": 28.05923965
      }
    },
    {
      "attributes": {
        "Precincts": "Rivonia North",
        "Quickbase_Status": "Completed",
        "QBRecordID": 626,
        "Third_Party_Dependant_For_Conne": null,
        "Latitude": -26.03950858,
        "Longitude": 28.05876582
      }
    },
    {
      "attributes": {
        "Precincts": "Rivonia North",
        "Quickbase_Status": "Completed",
        "QBRecordID": 1415,
        "Third_Party_Dependant_For_Conne": null,
        "Latitude": -26.04251139,
        "Longitude": 28.06062707
      }
    },
    {
      "attributes": {
        "Precincts": "Rivonia North",
        "Quickbase_Status": "Completed",
        "QBRecordID": 646,
        "Third_Party_Dependant_For_Conne": null,
        "Latitude": -26.04688433,
        "Longitude": 28.05996118
      }
    },
    {
      "attributes": {
        "Precincts": "Design Quarter",
        "Quickbase_Status": "Completed",
        "QBRecordID": 2384,
        "Third_Party_Dependant_For_Conne": null,
        "Latitude": -26.03192109,
        "Longitude": 28.01072051
      }
    },
    {
      "attributes": {
        "Precincts": "Rivonia North",
        "Quickbase_Status": "Completed",
        "QBRecordID": 398,
        "Third_Party_Dependant_For_Conne": null,
        "Latitude": -26.04339951,
        "Longitude": 28.06038195
      }
    },
    {
      "attributes": {
        "Precincts": "CPT CBD Phase 01",
        "Quickbase_Status": "Completed",
        "QBRecordID": 3064,
        "Third_Party_Dependant_For_Conne": null,
        "Latitude": -33.91789801,
        "Longitude": 18.42660495
      }
    },
    {
      "attributes": {
        "Precincts": "CPT CBD Phase 01",
        "Quickbase_Status": "Completed",
        "QBRecordID": 3066,
        "Third_Party_Dependant_For_Conne": null,
        "Latitude": -33.91772481,
        "Longitude": 18.42631345
      }
    },
    {
      "attributes": {
        "Precincts": "Umhlanga (Phase 3)",
        "Quickbase_Status": "Completed",
        "QBRecordID": 4107,
        "Third_Party_Dependant_For_Conne": null,
        "Latitude": -29.74670513,
        "Longitude": 31.0687895
      }
    },
    {
      "attributes": {
        "Precincts": "Woodlands Office Park",
        "Quickbase_Status": "Completed",
        "QBRecordID": 1678,
        "Third_Party_Dependant_For_Conne": null,
        "Latitude": -26.06383706,
        "Longitude": 28.08246706
      }
    },
    {
      "attributes": {
        "Precincts": "Woodlands Office Park",
        "Quickbase_Status": "Completed",
        "QBRecordID": 1680,
        "Third_Party_Dependant_For_Conne": null,
        "Latitude": -26.06348033,
        "Longitude": 28.08329115
      }
    },
    {
      "attributes": {
        "Precincts": "Woodlands Office Park",
        "Quickbase_Status": "Completed",
        "QBRecordID": 1637,
        "Third_Party_Dependant_For_Conne": null,
        "Latitude": -26.06154117,
        "Longitude": 28.08566924
      }
    },
    {
      "attributes": {
        "Precincts": "Woodlands Office Park",
        "Quickbase_Status": "Completed",
        "QBRecordID": 1638,
        "Third_Party_Dependant_For_Conne": null,
        "Latitude": -26.06147139,
        "Longitude": 28.08638272
      }
    },
    {
      "attributes": {
        "Precincts": "Woodlands Office Park",
        "Quickbase_Status": "Completed",
        "QBRecordID": 1639,
        "Third_Party_Dependant_For_Conne": null,
        "Latitude": -26.06181048,
        "Longitude": 28.08787149
      }
    },
    {
      "attributes": {
        "Precincts": "Hatfield (Phase 3)",
        "Quickbase_Status": "Completed",
        "QBRecordID": 3480,
        "Third_Party_Dependant_For_Conne": null,
        "Latitude": -25.74288599,
        "Longitude": 28.24610657
      }
    },
    {
      "attributes": {
        "Precincts": "Hatfield (Phase 3)",
        "Quickbase_Status": "Completed",
        "QBRecordID": 3482,
        "Third_Party_Dependant_For_Conne": null,
        "Latitude": -25.74342529,
        "Longitude": 28.24473588
      }
    },
    {
      "attributes": {
        "Precincts": "Central Park",
        "Quickbase_Status": "Completed",
        "QBRecordID": 3965,
        "Third_Party_Dependant_For_Conne": null,
        "Latitude": -25.97666885,
        "Longitude": 28.13255669
      }
    },
    {
      "attributes": {
        "Precincts": "Katherine Extension",
        "Quickbase_Status": "Completed",
        "QBRecordID": 4054,
        "Third_Party_Dependant_For_Conne": null,
        "Latitude": -26.10566076,
        "Longitude": 28.06825667
      }
    },
    {
      "attributes": {
        "Precincts": "Woodlands Office Park",
        "Quickbase_Status": "Completed",
        "QBRecordID": 1652,
        "Third_Party_Dependant_For_Conne": null,
        "Latitude": -26.0580061,
        "Longitude": 28.08539411
      }
    },
    {
      "attributes": {
        "Precincts": "Sandton Phase 2",
        "Quickbase_Status": "Completed",
        "QBRecordID": 4166,
        "Third_Party_Dependant_For_Conne": null,
        "Latitude": -26.10573779,
        "Longitude": 28.05070296
      }
    },
    {
      "attributes": {
        "Precincts": "Burnside Office Park",
        "Quickbase_Status": "Completed",
        "QBRecordID": 3446,
        "Third_Party_Dependant_For_Conne": null,
        "Latitude": -26.11383122,
        "Longitude": 28.022153
      }
    },
    {
      "attributes": {
        "Precincts": "Burnside Office Park",
        "Quickbase_Status": "Completed",
        "QBRecordID": 3447,
        "Third_Party_Dependant_For_Conne": null,
        "Latitude": -26.11409908,
        "Longitude": 28.02195571
      }
    },
    {
      "attributes": {
        "Precincts": "Bruma Lake",
        "Quickbase_Status": "Completed",
        "QBRecordID": 957,
        "Third_Party_Dependant_For_Conne": null,
        "Latitude": -26.18105975,
        "Longitude": 28.11115767
      }
    },
    {
      "attributes": {
        "Precincts": "Bruma Lake",
        "Quickbase_Status": "Completed",
        "QBRecordID": 971,
        "Third_Party_Dependant_For_Conne": null,
        "Latitude": -26.18250308,
        "Longitude": 28.10738236
      }
    },
    {
      "attributes": {
        "Precincts": "Bruma Lake",
        "Quickbase_Status": "Completed",
        "QBRecordID": 1538,
        "Third_Party_Dependant_For_Conne": null,
        "Latitude": -26.18277269,
        "Longitude": 28.10773322
      }
    },
    {
      "attributes": {
        "Precincts": "Thornhill",
        "Quickbase_Status": "Completed",
        "QBRecordID": 1190,
        "Third_Party_Dependant_For_Conne": null,
        "Latitude": -26.00957803,
        "Longitude": 28.11146238
      }
    },
    {
      "attributes": {
        "Precincts": "Thornhill",
        "Quickbase_Status": "Completed",
        "QBRecordID": 1194,
        "Third_Party_Dependant_For_Conne": null,
        "Latitude": -26.00991305,
        "Longitude": 28.11295117
      }
    },
    {
      "attributes": {
        "Precincts": "Thornhill",
        "Quickbase_Status": "Completed",
        "QBRecordID": 1195,
        "Third_Party_Dependant_For_Conne": null,
        "Latitude": -26.0095695,
        "Longitude": 28.11240127
      }
    },
    {
      "attributes": {
        "Precincts": "Thornhill",
        "Quickbase_Status": "Completed",
        "QBRecordID": 1206,
        "Third_Party_Dependant_For_Conne": null,
        "Latitude": -26.0086249,
        "Longitude": 28.11307147
      }
    },
    {
      "attributes": {
        "Precincts": "Charles Crescent",
        "Quickbase_Status": "Completed",
        "QBRecordID": 951,
        "Third_Party_Dependant_For_Conne": null,
        "Latitude": -26.0926698,
        "Longitude": 28.084276
      }
    },
    {
      "attributes": {
        "Precincts": "Central Street",
        "Quickbase_Status": "Completed",
        "QBRecordID": 862,
        "Third_Party_Dependant_For_Conne": null,
        "Latitude": -26.1490393,
        "Longitude": 28.05809093
      }
    },
    {
      "attributes": {
        "Precincts": "Central Street",
        "Quickbase_Status": "Completed",
        "QBRecordID": 4007,
        "Third_Party_Dependant_For_Conne": null,
        "Latitude": -26.1504093,
        "Longitude": 28.05791145
      }
    },
    {
      "attributes": {
        "Precincts": "Central Street",
        "Quickbase_Status": "Completed",
        "QBRecordID": 1411,
        "Third_Party_Dependant_For_Conne": null,
        "Latitude": -26.1505726,
        "Longitude": 28.05822279
      }
    },
    {
      "attributes": {
        "Precincts": "Central Street",
        "Quickbase_Status": "Completed",
        "QBRecordID": 2684,
        "Third_Party_Dependant_For_Conne": null,
        "Latitude": -26.15493599,
        "Longitude": 28.05807828
      }
    },
    {
      "attributes": {
        "Precincts": "Central Street",
        "Quickbase_Status": "Completed",
        "QBRecordID": 857,
        "Third_Party_Dependant_For_Conne": null,
        "Latitude": -26.15540836,
        "Longitude": 28.05782813
      }
    },
    {
      "attributes": {
        "Precincts": "Central Street",
        "Quickbase_Status": "Completed",
        "QBRecordID": 846,
        "Third_Party_Dependant_For_Conne": null,
        "Latitude": -26.15732793,
        "Longitude": 28.05807753
      }
    },
    {
      "attributes": {
        "Precincts": "Central Street",
        "Quickbase_Status": "Completed",
        "QBRecordID": 839,
        "Third_Party_Dependant_For_Conne": null,
        "Latitude": -26.15799319,
        "Longitude": 28.05795611
      }
    },
    {
      "attributes": {
        "Precincts": "Central Street",
        "Quickbase_Status": "Completed",
        "QBRecordID": 825,
        "Third_Party_Dependant_For_Conne": null,
        "Latitude": -26.17089185,
        "Longitude": 28.05446515
      }
    },
    {
      "attributes": {
        "Precincts": "Sandton Phase 2",
        "Quickbase_Status": "Completed",
        "QBRecordID": 4043,
        "Third_Party_Dependant_For_Conne": null,
        "Latitude": -26.10476736,
        "Longitude": 28.04894317
      }
    },
    {
      "attributes": {
        "Precincts": "George Road",
        "Quickbase_Status": "Completed",
        "QBRecordID": 1756,
        "Third_Party_Dependant_For_Conne": null,
        "Latitude": -25.96845961,
        "Longitude": 28.13610863
      }
    },
    {
      "attributes": {
        "Precincts": "George Road",
        "Quickbase_Status": "Completed",
        "QBRecordID": 993,
        "Third_Party_Dependant_For_Conne": null,
        "Latitude": -25.96451538,
        "Longitude": 28.1336306
      }
    },
    {
      "attributes": {
        "Precincts": "George Road",
        "Quickbase_Status": "Completed",
        "QBRecordID": 984,
        "Third_Party_Dependant_For_Conne": null,
        "Latitude": -25.96053156,
        "Longitude": 28.13839739
      }
    },
    {
      "attributes": {
        "Precincts": "George Road",
        "Quickbase_Status": "Completed",
        "QBRecordID": 1364,
        "Third_Party_Dependant_For_Conne": null,
        "Latitude": -25.96265887,
        "Longitude": 28.13578606
      }
    },
    {
      "attributes": {
        "Precincts": "George Road",
        "Quickbase_Status": "Completed",
        "QBRecordID": 1363,
        "Third_Party_Dependant_For_Conne": null,
        "Latitude": -25.96219998,
        "Longitude": 28.13594839
      }
    },
    {
      "attributes": {
        "Precincts": "George Road",
        "Quickbase_Status": "Completed",
        "QBRecordID": 989,
        "Third_Party_Dependant_For_Conne": null,
        "Latitude": -25.96117319,
        "Longitude": 28.13478513
      }
    },
    {
      "attributes": {
        "Precincts": "George Road",
        "Quickbase_Status": "Completed",
        "QBRecordID": 1005,
        "Third_Party_Dependant_For_Conne": null,
        "Latitude": -25.97114942,
        "Longitude": 28.13283575
      }
    },
    {
      "attributes": {
        "Precincts": "George Road",
        "Quickbase_Status": "Completed",
        "QBRecordID": 1537,
        "Third_Party_Dependant_For_Conne": null,
        "Latitude": -25.97383476,
        "Longitude": 28.1320436
      }
    },
    {
      "attributes": {
        "Precincts": "Arden Grove",
        "Quickbase_Status": "Completed",
        "QBRecordID": 1785,
        "Third_Party_Dependant_For_Conne": null,
        "Latitude": -33.86199714,
        "Longitude": 18.51470471
      }
    },
    {
      "attributes": {
        "Precincts": "Umhlanga (Phase 3)",
        "Quickbase_Status": "Completed",
        "QBRecordID": 2782,
        "Third_Party_Dependant_For_Conne": null,
        "Latitude": -29.73604034,
        "Longitude": 31.07072221
      }
    },
    {
      "attributes": {
        "Precincts": "Umhlanga (Phase 3)",
        "Quickbase_Status": "Completed",
        "QBRecordID": 2787,
        "Third_Party_Dependant_For_Conne": null,
        "Latitude": -29.73730434,
        "Longitude": 31.07045847
      }
    },
    {
      "attributes": {
        "Precincts": "Witch-Hazel",
        "Quickbase_Status": "Completed",
        "QBRecordID": 1278,
        "Third_Party_Dependant_For_Conne": null,
        "Latitude": -25.87389277,
        "Longitude": 28.18462778
      }
    },
    {
      "attributes": {
        "Precincts": "Richards Drive",
        "Quickbase_Status": "Completed",
        "QBRecordID": 2427,
        "Third_Party_Dependant_For_Conne": null,
        "Latitude": -26.01569504,
        "Longitude": 28.12103238
      }
    },
    {
      "attributes": {
        "Precincts": "Eaton",
        "Quickbase_Status": "Completed",
        "QBRecordID": 206,
        "Third_Party_Dependant_For_Conne": null,
        "Latitude": -26.04644437,
        "Longitude": 28.02049654
      }
    },
    {
      "attributes": {
        "Precincts": "Girton",
        "Quickbase_Status": "Completed",
        "QBRecordID": 803,
        "Third_Party_Dependant_For_Conne": null,
        "Latitude": -26.18374351,
        "Longitude": 28.03821141
      }
    },
    {
      "attributes": {
        "Precincts": "Girton",
        "Quickbase_Status": "Completed",
        "QBRecordID": 819,
        "Third_Party_Dependant_For_Conne": null,
        "Latitude": -26.18428836,
        "Longitude": 28.03515887
      }
    },
    {
      "attributes": {
        "Precincts": "Girton",
        "Quickbase_Status": "Completed",
        "QBRecordID": 916,
        "Third_Party_Dependant_For_Conne": null,
        "Latitude": -26.18366294,
        "Longitude": 28.03375524
      }
    },
    {
      "attributes": {
        "Precincts": "Oberon",
        "Quickbase_Status": "Completed",
        "QBRecordID": 2322,
        "Third_Party_Dependant_For_Conne": null,
        "Latitude": -25.78251344,
        "Longitude": 28.28863811
      }
    },
    {
      "attributes": {
        "Precincts": "Oberon",
        "Quickbase_Status": "Completed",
        "QBRecordID": 2323,
        "Third_Party_Dependant_For_Conne": null,
        "Latitude": -25.78254529,
        "Longitude": 28.28925177
      }
    },
    {
      "attributes": {
        "Precincts": "Scott Street",
        "Quickbase_Status": "Completed",
        "QBRecordID": 1136,
        "Third_Party_Dependant_For_Conne": null,
        "Latitude": -26.129873,
        "Longitude": 28.07259689
      }
    },
    {
      "attributes": {
        "Precincts": "Scott Street",
        "Quickbase_Status": "Completed",
        "QBRecordID": 1140,
        "Third_Party_Dependant_For_Conne": null,
        "Latitude": -26.13134643,
        "Longitude": 28.07171866
      }
    },
    {
      "attributes": {
        "Precincts": "Scott Street",
        "Quickbase_Status": "Completed",
        "QBRecordID": 1144,
        "Third_Party_Dependant_For_Conne": null,
        "Latitude": -26.13294894,
        "Longitude": 28.07115901
      }
    },
    {
      "attributes": {
        "Precincts": "Scott Street",
        "Quickbase_Status": "Completed",
        "QBRecordID": 1139,
        "Third_Party_Dependant_For_Conne": null,
        "Latitude": -26.13100211,
        "Longitude": 28.071962
      }
    },
    {
      "attributes": {
        "Precincts": "Scott Street",
        "Quickbase_Status": "Completed",
        "QBRecordID": 2831,
        "Third_Party_Dependant_For_Conne": null,
        "Latitude": -26.13045192,
        "Longitude": 28.07216637
      }
    },
    {
      "attributes": {
        "Precincts": "Rosenpark",
        "Quickbase_Status": "Completed",
        "QBRecordID": 2693,
        "Third_Party_Dependant_For_Conne": null,
        "Latitude": -33.86847221,
        "Longitude": 18.64289377
      }
    },
    {
      "attributes": {
        "Precincts": "Rosenpark",
        "Quickbase_Status": "Completed",
        "QBRecordID": 3493,
        "Third_Party_Dependant_For_Conne": null,
        "Latitude": -33.86823607,
        "Longitude": 18.64285271
      }
    },
    {
      "attributes": {
        "Precincts": "Rosenpark",
        "Quickbase_Status": "Completed",
        "QBRecordID": 2700,
        "Third_Party_Dependant_For_Conne": null,
        "Latitude": -33.86763441,
        "Longitude": 18.64203281
      }
    },
    {
      "attributes": {
        "Precincts": "CPT CBD Phase 01",
        "Quickbase_Status": "Completed",
        "QBRecordID": 3059,
        "Third_Party_Dependant_For_Conne": null,
        "Latitude": -33.91779927,
        "Longitude": 18.42370687
      }
    },
    {
      "attributes": {
        "Precincts": "Sunninghill",
        "Quickbase_Status": "Completed",
        "QBRecordID": 96457,
        "Third_Party_Dependant_For_Conne": null,
        "Latitude": -26.03493777,
        "Longitude": 28.06308131
      }
    },
    {
      "attributes": {
        "Precincts": "Sunninghill",
        "Quickbase_Status": "Completed",
        "QBRecordID": 367,
        "Third_Party_Dependant_For_Conne": null,
        "Latitude": -26.03509603,
        "Longitude": 28.0625719
      }
    },
    {
      "attributes": {
        "Precincts": "Katherine Extension",
        "Quickbase_Status": "Completed",
        "QBRecordID": 3052,
        "Third_Party_Dependant_For_Conne": null,
        "Latitude": -26.10583964,
        "Longitude": 28.07151803
      }
    },
    {
      "attributes": {
        "Precincts": "Sandton Phase 2",
        "Quickbase_Status": "Completed",
        "QBRecordID": 4031,
        "Third_Party_Dependant_For_Conne": null,
        "Latitude": -26.10499765,
        "Longitude": 28.05651543
      }
    },
    {
      "attributes": {
        "Precincts": "Sandton Phase 2",
        "Quickbase_Status": "Completed",
        "QBRecordID": 4028,
        "Third_Party_Dependant_For_Conne": null,
        "Latitude": -26.1038485,
        "Longitude": 28.05652517
      }
    },
    {
      "attributes": {
        "Precincts": "Sandton Phase 2",
        "Quickbase_Status": "Completed",
        "QBRecordID": 4027,
        "Third_Party_Dependant_For_Conne": null,
        "Latitude": -26.10370271,
        "Longitude": 28.05691201
      }
    },
    {
      "attributes": {
        "Precincts": "Sandton Phase 1",
        "Quickbase_Status": "Completed",
        "QBRecordID": 2904,
        "Third_Party_Dependant_For_Conne": null,
        "Latitude": -26.10311473,
        "Longitude": 28.05587275
      }
    },
    {
      "attributes": {
        "Precincts": "Sandton Phase 2",
        "Quickbase_Status": "Completed",
        "QBRecordID": 2958,
        "Third_Party_Dependant_For_Conne": null,
        "Latitude": -26.10362827,
        "Longitude": 28.05510878
      }
    },
    {
      "attributes": {
        "Precincts": "Ashley Gardens",
        "Quickbase_Status": "Completed",
        "QBRecordID": 3433,
        "Third_Party_Dependant_For_Conne": null,
        "Latitude": -25.78307131,
        "Longitude": 28.26347092
      }
    },
    {
      "attributes": {
        "Precincts": "Ashley Gardens",
        "Quickbase_Status": "Completed",
        "QBRecordID": 2637,
        "Third_Party_Dependant_For_Conne": null,
        "Latitude": -25.78412523,
        "Longitude": 28.26623997
      }
    },
    {
      "attributes": {
        "Precincts": "Route 21 Office Park",
        "Quickbase_Status": "Completed",
        "QBRecordID": 1949,
        "Third_Party_Dependant_For_Conne": null,
        "Latitude": -25.8627886,
        "Longitude": 28.25862658
      }
    },
    {
      "attributes": {
        "Precincts": "Route 21 Office Park",
        "Quickbase_Status": "Completed",
        "QBRecordID": 1978,
        "Third_Party_Dependant_For_Conne": null,
        "Latitude": -25.86070313,
        "Longitude": 28.25719703
      }
    },
    {
      "attributes": {
        "Precincts": "Route 21 Office Park",
        "Quickbase_Status": "Completed",
        "QBRecordID": 2094,
        "Third_Party_Dependant_For_Conne": null,
        "Latitude": -25.86350751,
        "Longitude": 28.25760356
      }
    },
    {
      "attributes": {
        "Precincts": "Route 21 Office Park",
        "Quickbase_Status": "Completed",
        "QBRecordID": 2095,
        "Third_Party_Dependant_For_Conne": null,
        "Latitude": -25.86380639,
        "Longitude": 28.25758031
      }
    },
    {
      "attributes": {
        "Precincts": "Route 21 Office Park",
        "Quickbase_Status": "Completed",
        "QBRecordID": 2100,
        "Third_Party_Dependant_For_Conne": null,
        "Latitude": -25.86478486,
        "Longitude": 28.25817227
      }
    },
    {
      "attributes": {
        "Precincts": "Bryanston Extension",
        "Quickbase_Status": "Completed",
        "QBRecordID": 1918,
        "Third_Party_Dependant_For_Conne": null,
        "Latitude": -26.04986212,
        "Longitude": 28.02028964
      }
    },
    {
      "attributes": {
        "Precincts": "Central Park",
        "Quickbase_Status": "Completed",
        "QBRecordID": 1484,
        "Third_Party_Dependant_For_Conne": null,
        "Latitude": -25.98004827,
        "Longitude": 28.13273619
      }
    },
    {
      "attributes": {
        "Precincts": "Central Park",
        "Quickbase_Status": "Completed",
        "QBRecordID": 18366,
        "Third_Party_Dependant_For_Conne": null,
        "Latitude": -25.98021419,
        "Longitude": 28.13102535
      }
    },
    {
      "attributes": {
        "Precincts": "Morningside",
        "Quickbase_Status": "Completed",
        "QBRecordID": 1403,
        "Third_Party_Dependant_For_Conne": null,
        "Latitude": -26.07745795,
        "Longitude": 28.06468265
      }
    },
    {
      "attributes": {
        "Precincts": "Morningside",
        "Quickbase_Status": "Completed",
        "QBRecordID": 1149,
        "Third_Party_Dependant_For_Conne": null,
        "Latitude": -26.07444671,
        "Longitude": 28.06570871
      }
    },
    {
      "attributes": {
        "Precincts": "Morningside",
        "Quickbase_Status": "Completed",
        "QBRecordID": 71048,
        "Third_Party_Dependant_For_Conne": null,
        "Latitude": -26.07409388,
        "Longitude": 28.06570088
      }
    },
    {
      "attributes": {
        "Precincts": "Morningside",
        "Quickbase_Status": "Completed",
        "QBRecordID": 1153,
        "Third_Party_Dependant_For_Conne": null,
        "Latitude": -26.07967931,
        "Longitude": 28.06347277
      }
    },
    {
      "attributes": {
        "Precincts": "Lynnwood East",
        "Quickbase_Status": "Completed",
        "QBRecordID": 3527,
        "Third_Party_Dependant_For_Conne": null,
        "Latitude": -25.76584758,
        "Longitude": 28.28293454
      }
    },
    {
      "attributes": {
        "Precincts": "Lynnwood East",
        "Quickbase_Status": "Completed",
        "QBRecordID": 3525,
        "Third_Party_Dependant_For_Conne": null,
        "Latitude": -25.76461022,
        "Longitude": 28.2793974
      }
    },
    {
      "attributes": {
        "Precincts": "Tygervalley",
        "Quickbase_Status": "Completed",
        "QBRecordID": 2586,
        "Third_Party_Dependant_For_Conne": null,
        "Latitude": -33.88094304,
        "Longitude": 18.63481264
      }
    },
    {
      "attributes": {
        "Precincts": "Westlake",
        "Quickbase_Status": "Completed",
        "QBRecordID": 1225,
        "Third_Party_Dependant_For_Conne": null,
        "Latitude": -34.07773141,
        "Longitude": 18.43642987
      }
    },
    {
      "attributes": {
        "Precincts": "Westlake",
        "Quickbase_Status": "Completed",
        "QBRecordID": 1238,
        "Third_Party_Dependant_For_Conne": null,
        "Latitude": -34.07770619,
        "Longitude": 18.43610438
      }
    },
    {
      "attributes": {
        "Precincts": "Wierda Road",
        "Quickbase_Status": "Completed",
        "QBRecordID": 352,
        "Third_Party_Dependant_For_Conne": null,
        "Latitude": -26.11288467,
        "Longitude": 28.05756163
      }
    },
    {
      "attributes": {
        "Precincts": "Wierda Road",
        "Quickbase_Status": "Completed",
        "QBRecordID": 907,
        "Third_Party_Dependant_For_Conne": null,
        "Latitude": -26.11502317,
        "Longitude": 28.05602756
      }
    },
    {
      "attributes": {
        "Precincts": "Wierda Road",
        "Quickbase_Status": "Completed",
        "QBRecordID": 906,
        "Third_Party_Dependant_For_Conne": null,
        "Latitude": -26.11475127,
        "Longitude": 28.05674265
      }
    },
    {
      "attributes": {
        "Precincts": "Wierda Road",
        "Quickbase_Status": "Completed",
        "QBRecordID": 344,
        "Third_Party_Dependant_For_Conne": null,
        "Latitude": -26.11213823,
        "Longitude": 28.0600523
      }
    },
    {
      "attributes": {
        "Precincts": "Wierda Road",
        "Quickbase_Status": "Completed",
        "QBRecordID": 339,
        "Third_Party_Dependant_For_Conne": null,
        "Latitude": -26.1112249,
        "Longitude": 28.06029519
      }
    },
    {
      "attributes": {
        "Precincts": "Rivonia North",
        "Quickbase_Status": "Completed",
        "QBRecordID": 4087,
        "Third_Party_Dependant_For_Conne": null,
        "Latitude": -26.04513742,
        "Longitude": 28.06001734
      }
    },
    {
      "attributes": {
        "Precincts": "Rivonia North",
        "Quickbase_Status": "Completed",
        "QBRecordID": 408,
        "Third_Party_Dependant_For_Conne": null,
        "Latitude": -26.04299487,
        "Longitude": 28.0596109
      }
    },
    {
      "attributes": {
        "Precincts": "Sandton Phase 2",
        "Quickbase_Status": "Completed",
        "QBRecordID": 2925,
        "Third_Party_Dependant_For_Conne": null,
        "Latitude": -26.10204627,
        "Longitude": 28.04912094
      }
    },
    {
      "attributes": {
        "Precincts": "Sandton Phase 2",
        "Quickbase_Status": "Completed",
        "QBRecordID": 2926,
        "Third_Party_Dependant_For_Conne": null,
        "Latitude": -26.10245259,
        "Longitude": 28.04867125
      }
    },
    {
      "attributes": {
        "Precincts": "Rivonia North",
        "Quickbase_Status": "Completed",
        "QBRecordID": 1418,
        "Third_Party_Dependant_For_Conne": null,
        "Latitude": -26.04151605,
        "Longitude": 28.06078391
      }
    },
    {
      "attributes": {
        "Precincts": "Rivonia North",
        "Quickbase_Status": "Completed",
        "QBRecordID": 1421,
        "Third_Party_Dependant_For_Conne": null,
        "Latitude": -26.04120739,
        "Longitude": 28.061388
      }
    },
    {
      "attributes": {
        "Precincts": "Woodlands Office Park",
        "Quickbase_Status": "Completed",
        "QBRecordID": 1685,
        "Third_Party_Dependant_For_Conne": null,
        "Latitude": -26.06379788,
        "Longitude": 28.08200005
      }
    },
    {
      "attributes": {
        "Precincts": "Woodlands Office Park",
        "Quickbase_Status": "Completed",
        "QBRecordID": 1644,
        "Third_Party_Dependant_For_Conne": null,
        "Latitude": -26.05870539,
        "Longitude": 28.08832201
      }
    },
    {
      "attributes": {
        "Precincts": "Woodlands Office Park",
        "Quickbase_Status": "Completed",
        "QBRecordID": 1645,
        "Third_Party_Dependant_For_Conne": null,
        "Latitude": -26.05967007,
        "Longitude": 28.08766525
      }
    },
    {
      "attributes": {
        "Precincts": "Burnside Office Park",
        "Quickbase_Status": "Completed",
        "QBRecordID": 3010,
        "Third_Party_Dependant_For_Conne": null,
        "Latitude": -26.11295458,
        "Longitude": 28.02058826
      }
    },
    {
      "attributes": {
        "Precincts": "Thornhill",
        "Quickbase_Status": "Completed",
        "QBRecordID": 18369,
        "Third_Party_Dependant_For_Conne": null,
        "Latitude": -26.01058292,
        "Longitude": 28.11273673
      }
    },
    {
      "attributes": {
        "Precincts": "Thornhill",
        "Quickbase_Status": "Completed",
        "QBRecordID": 1183,
        "Third_Party_Dependant_For_Conne": null,
        "Latitude": -26.01014749,
        "Longitude": 28.11255058
      }
    },
    {
      "attributes": {
        "Precincts": "Thornhill",
        "Quickbase_Status": "Completed",
        "QBRecordID": 1184,
        "Third_Party_Dependant_For_Conne": null,
        "Latitude": -26.01040154,
        "Longitude": 28.11235758
      }
    },
    {
      "attributes": {
        "Precincts": "Thornhill",
        "Quickbase_Status": "Completed",
        "QBRecordID": 1199,
        "Third_Party_Dependant_For_Conne": null,
        "Latitude": -26.00903596,
        "Longitude": 28.11230149
      }
    },
    {
      "attributes": {
        "Precincts": "Charles Crescent",
        "Quickbase_Status": "Completed",
        "QBRecordID": 1350,
        "Third_Party_Dependant_For_Conne": null,
        "Latitude": -26.09722039,
        "Longitude": 28.08048754
      }
    },
    {
      "attributes": {
        "Precincts": "Central Street",
        "Quickbase_Status": "Completed",
        "QBRecordID": 70460,
        "Third_Party_Dependant_For_Conne": null,
        "Latitude": -26.16809389,
        "Longitude": 28.0555867
      }
    },
    {
      "attributes": {
        "Precincts": "George Road",
        "Quickbase_Status": "Completed",
        "QBRecordID": 6765,
        "Third_Party_Dependant_For_Conne": null,
        "Latitude": -25.9659816,
        "Longitude": 28.13169588
      }
    },
    {
      "attributes": {
        "Precincts": "George Road",
        "Quickbase_Status": "Completed",
        "QBRecordID": 1360,
        "Third_Party_Dependant_For_Conne": null,
        "Latitude": -25.96280381,
        "Longitude": 28.13445425
      }
    },
    {
      "attributes": {
        "Precincts": "George Road",
        "Quickbase_Status": "Completed",
        "QBRecordID": 1359,
        "Third_Party_Dependant_For_Conne": null,
        "Latitude": -25.9632861,
        "Longitude": 28.13428959
      }
    },
    {
      "attributes": {
        "Precincts": "George Road",
        "Quickbase_Status": "Completed",
        "QBRecordID": 1771,
        "Third_Party_Dependant_For_Conne": null,
        "Latitude": -25.97421022,
        "Longitude": 28.1338826
      }
    },
    {
      "attributes": {
        "Precincts": "Hyde Park",
        "Quickbase_Status": "Completed",
        "QBRecordID": 1927,
        "Third_Party_Dependant_For_Conne": null,
        "Latitude": -26.11867525,
        "Longitude": 28.03157782
      }
    },
    {
      "attributes": {
        "Precincts": "Hyde Park",
        "Quickbase_Status": "Completed",
        "QBRecordID": 1934,
        "Third_Party_Dependant_For_Conne": null,
        "Latitude": -26.11808289,
        "Longitude": 28.03269145
      }
    },
    {
      "attributes": {
        "Precincts": "Rosebank Phase 1",
        "Quickbase_Status": "Completed",
        "QBRecordID": 2859,
        "Third_Party_Dependant_For_Conne": null,
        "Latitude": -26.14350544,
        "Longitude": 28.03687593
      }
    },
    {
      "attributes": {
        "Precincts": "Hyde Park",
        "Quickbase_Status": "Completed",
        "QBRecordID": 1930,
        "Third_Party_Dependant_For_Conne": null,
        "Latitude": -26.11566037,
        "Longitude": 28.03153285
      }
    },
    {
      "attributes": {
        "Precincts": "Hyde Park",
        "Quickbase_Status": "Completed",
        "QBRecordID": 2670,
        "Third_Party_Dependant_For_Conne": null,
        "Latitude": -26.11624781,
        "Longitude": 28.03126775
      }
    },
    {
      "attributes": {
        "Precincts": "Witch-Hazel",
        "Quickbase_Status": "Completed",
        "QBRecordID": 1268,
        "Third_Party_Dependant_For_Conne": null,
        "Latitude": -25.87375266,
        "Longitude": 28.18160058
      }
    },
    {
      "attributes": {
        "Precincts": "Kent",
        "Quickbase_Status": "Completed",
        "QBRecordID": 724,
        "Third_Party_Dependant_For_Conne": null,
        "Latitude": -26.0931965,
        "Longitude": 27.99877115
      }
    },
    {
      "attributes": {
        "Precincts": "Kent",
        "Quickbase_Status": "Completed",
        "QBRecordID": 740,
        "Third_Party_Dependant_For_Conne": null,
        "Latitude": -26.0999676,
        "Longitude": 27.9979808
      }
    },
    {
      "attributes": {
        "Precincts": "Kent",
        "Quickbase_Status": "Completed",
        "QBRecordID": 741,
        "Third_Party_Dependant_For_Conne": null,
        "Latitude": -26.10002128,
        "Longitude": 27.99838551
      }
    },
    {
      "attributes": {
        "Precincts": "Kent",
        "Quickbase_Status": "Completed",
        "QBRecordID": 742,
        "Third_Party_Dependant_For_Conne": null,
        "Latitude": -26.10011168,
        "Longitude": 27.99742844
      }
    },
    {
      "attributes": {
        "Precincts": "Central Park",
        "Quickbase_Status": "Completed",
        "QBRecordID": 1521,
        "Third_Party_Dependant_For_Conne": null,
        "Latitude": -25.97705386,
        "Longitude": 28.13308872
      }
    },
    {
      "attributes": {
        "Precincts": "Central Park",
        "Quickbase_Status": "Completed",
        "QBRecordID": 1479,
        "Third_Party_Dependant_For_Conne": null,
        "Latitude": -25.98073588,
        "Longitude": 28.1312518
      }
    },
    {
      "attributes": {
        "Precincts": "Kent",
        "Quickbase_Status": "Completed",
        "QBRecordID": 726,
        "Third_Party_Dependant_For_Conne": null,
        "Latitude": -26.09331919,
        "Longitude": 27.99992251
      }
    },
    {
      "attributes": {
        "Precincts": "Bryanston Extension",
        "Quickbase_Status": "Completed",
        "QBRecordID": 1890,
        "Third_Party_Dependant_For_Conne": null,
        "Latitude": -26.04272391,
        "Longitude": 28.01311205
      }
    },
    {
      "attributes": {
        "Precincts": "Bryanston Extension",
        "Quickbase_Status": "Completed",
        "QBRecordID": 1891,
        "Third_Party_Dependant_For_Conne": null,
        "Latitude": -26.04345861,
        "Longitude": 28.01266957
      }
    },
    {
      "attributes": {
        "Precincts": "Bryanston Extension",
        "Quickbase_Status": "Completed",
        "QBRecordID": 1874,
        "Third_Party_Dependant_For_Conne": null,
        "Latitude": -26.04483551,
        "Longitude": 28.02007827
      }
    },
    {
      "attributes": {
        "Precincts": "Bryanston Extension",
        "Quickbase_Status": "Completed",
        "QBRecordID": 1875,
        "Third_Party_Dependant_For_Conne": null,
        "Latitude": -26.04344398,
        "Longitude": 28.01807662
      }
    },
    {
      "attributes": {
        "Precincts": "Bryanston Extension",
        "Quickbase_Status": "Completed",
        "QBRecordID": 1885,
        "Third_Party_Dependant_For_Conne": null,
        "Latitude": -26.04885588,
        "Longitude": 28.02008276
      }
    },
    {
      "attributes": {
        "Precincts": "Rivonia North",
        "Quickbase_Status": "Completed",
        "QBRecordID": 623,
        "Third_Party_Dependant_For_Conne": null,
        "Latitude": -26.04014552,
        "Longitude": 28.05833065
      }
    },
    {
      "attributes": {
        "Precincts": "Rivonia North",
        "Quickbase_Status": "Completed",
        "QBRecordID": 448,
        "Third_Party_Dependant_For_Conne": null,
        "Latitude": -26.03972485,
        "Longitude": 28.05840656
      }
    },
    {
      "attributes": {
        "Precincts": "Morningside",
        "Quickbase_Status": "Completed",
        "QBRecordID": 1152,
        "Third_Party_Dependant_For_Conne": null,
        "Latitude": -26.07788601,
        "Longitude": 28.06449665
      }
    },
    {
      "attributes": {
        "Precincts": "Morningside",
        "Quickbase_Status": "Completed",
        "QBRecordID": 1408,
        "Third_Party_Dependant_For_Conne": null,
        "Latitude": -26.07874042,
        "Longitude": 28.0642766
      }
    },
    {
      "attributes": {
        "Precincts": "Arden Grove",
        "Quickbase_Status": "Completed",
        "QBRecordID": 1598,
        "Third_Party_Dependant_For_Conne": null,
        "Latitude": -33.86631822,
        "Longitude": 18.51205694
      }
    },
    {
      "attributes": {
        "Precincts": "Lynnwood East",
        "Quickbase_Status": "Completed",
        "QBRecordID": 3878,
        "Third_Party_Dependant_For_Conne": null,
        "Latitude": -25.76683328,
        "Longitude": 28.28281875
      }
    },
    {
      "attributes": {
        "Precincts": "Sandton Phase 3",
        "Quickbase_Status": "Completed",
        "QBRecordID": 4036,
        "Third_Party_Dependant_For_Conne": null,
        "Latitude": -26.1112281,
        "Longitude": 28.05414862
      }
    },
    {
      "attributes": {
        "Precincts": "CPT CBD Phase 01",
        "Quickbase_Status": "Completed",
        "QBRecordID": 3054,
        "Third_Party_Dependant_For_Conne": null,
        "Latitude": -33.91566503,
        "Longitude": 18.42466137
      }
    },
    {
      "attributes": {
        "Precincts": "Sandton Phase 3",
        "Quickbase_Status": "Completed",
        "QBRecordID": 2947,
        "Third_Party_Dependant_For_Conne": null,
        "Latitude": -26.10596958,
        "Longitude": 28.0549988
      }
    },
    {
      "attributes": {
        "Precincts": "Witch-Hazel",
        "Quickbase_Status": "Completed",
        "QBRecordID": 1670,
        "Third_Party_Dependant_For_Conne": null,
        "Latitude": -25.87272731,
        "Longitude": 28.18602458
      }
    },
    {
      "attributes": {
        "Precincts": "Tygervalley",
        "Quickbase_Status": "Completed",
        "QBRecordID": 2560,
        "Third_Party_Dependant_For_Conne": null,
        "Latitude": -33.87979836,
        "Longitude": 18.63611343
      }
    },
    {
      "attributes": {
        "Precincts": "Tygervalley",
        "Quickbase_Status": "Completed",
        "QBRecordID": 3804,
        "Third_Party_Dependant_For_Conne": null,
        "Latitude": -33.87961066,
        "Longitude": 18.63617644
      }
    },
    {
      "attributes": {
        "Precincts": "Tygervalley",
        "Quickbase_Status": "Completed",
        "QBRecordID": 2585,
        "Third_Party_Dependant_For_Conne": null,
        "Latitude": -33.87929718,
        "Longitude": 18.6362512
      }
    },
    {
      "attributes": {
        "Precincts": "Tygervalley",
        "Quickbase_Status": "Completed",
        "QBRecordID": 2571,
        "Third_Party_Dependant_For_Conne": null,
        "Latitude": -33.88055202,
        "Longitude": 18.63703908
      }
    },
    {
      "attributes": {
        "Precincts": "Tygervalley",
        "Quickbase_Status": "Completed",
        "QBRecordID": 2587,
        "Third_Party_Dependant_For_Conne": null,
        "Latitude": -33.87709445,
        "Longitude": 18.63436624
      }
    },
    {
      "attributes": {
        "Precincts": "Westlake",
        "Quickbase_Status": "Completed",
        "QBRecordID": 1813,
        "Third_Party_Dependant_For_Conne": null,
        "Latitude": -34.07933,
        "Longitude": 18.43864394
      }
    },
    {
      "attributes": {
        "Precincts": "Westlake",
        "Quickbase_Status": "Completed",
        "QBRecordID": 69393,
        "Third_Party_Dependant_For_Conne": null,
        "Latitude": -34.07728605,
        "Longitude": 18.43579113
      }
    },
    {
      "attributes": {
        "Precincts": "Westlake",
        "Quickbase_Status": "Completed",
        "QBRecordID": 1798,
        "Third_Party_Dependant_For_Conne": null,
        "Latitude": -34.0771053,
        "Longitude": 18.4375535
      }
    },
    {
      "attributes": {
        "Precincts": "Westlake",
        "Quickbase_Status": "Completed",
        "QBRecordID": 1247,
        "Third_Party_Dependant_For_Conne": null,
        "Latitude": -34.08035469,
        "Longitude": 18.43948575
      }
    },
    {
      "attributes": {
        "Precincts": "Westlake",
        "Quickbase_Status": "Completed",
        "QBRecordID": 73156,
        "Third_Party_Dependant_For_Conne": null,
        "Latitude": -34.08068011,
        "Longitude": 18.43958417
      }
    },
    {
      "attributes": {
        "Precincts": "Westlake",
        "Quickbase_Status": "Completed",
        "QBRecordID": 1799,
        "Third_Party_Dependant_For_Conne": null,
        "Latitude": -34.07921457,
        "Longitude": 18.44105132
      }
    },
    {
      "attributes": {
        "Precincts": "Westlake",
        "Quickbase_Status": "Completed",
        "QBRecordID": 1824,
        "Third_Party_Dependant_For_Conne": null,
        "Latitude": -34.07881178,
        "Longitude": 18.43621465
      }
    },
    {
      "attributes": {
        "Precincts": "Rosebank Phase 2",
        "Quickbase_Status": "Completed",
        "QBRecordID": 3998,
        "Third_Party_Dependant_For_Conne": null,
        "Latitude": -26.14609376,
        "Longitude": 28.04004412
      }
    },
    {
      "attributes": {
        "Precincts": "Rosebank Phase 2",
        "Quickbase_Status": "Completed",
        "QBRecordID": 3398,
        "Third_Party_Dependant_For_Conne": null,
        "Latitude": -26.14776416,
        "Longitude": 28.04031884
      }
    },
    {
      "attributes": {
        "Precincts": "Steenberg",
        "Quickbase_Status": "Completed",
        "QBRecordID": 2534,
        "Third_Party_Dependant_For_Conne": null,
        "Latitude": -34.08082729,
        "Longitude": 18.43361242
      }
    },
    {
      "attributes": {
        "Precincts": "Wierda Road",
        "Quickbase_Status": "Completed",
        "QBRecordID": 607,
        "Third_Party_Dependant_For_Conne": null,
        "Latitude": -26.11411601,
        "Longitude": 28.05543353
      }
    },
    {
      "attributes": {
        "Precincts": "Capital Hill",
        "Quickbase_Status": "Completed",
        "QBRecordID": 2398,
        "Third_Party_Dependant_For_Conne": null,
        "Latitude": -26.01222515,
        "Longitude": 28.12601621
      }
    },
    {
      "attributes": {
        "Precincts": "Wierda Road",
        "Quickbase_Status": "Completed",
        "QBRecordID": 341,
        "Third_Party_Dependant_For_Conne": null,
        "Latitude": -26.1102076,
        "Longitude": 28.05878269
      }
    },
    {
      "attributes": {
        "Precincts": "Peter Place",
        "Quickbase_Status": "Completed",
        "QBRecordID": 691,
        "Third_Party_Dependant_For_Conne": null,
        "Latitude": -26.08149148,
        "Longitude": 28.01611874
      }
    },
    {
      "attributes": {
        "Precincts": "Peter Place",
        "Quickbase_Status": "Completed",
        "QBRecordID": 696,
        "Third_Party_Dependant_For_Conne": null,
        "Latitude": -26.08254688,
        "Longitude": 28.01854698
      }
    },
    {
      "attributes": {
        "Precincts": "Peter Place",
        "Quickbase_Status": "Completed",
        "QBRecordID": 404,
        "Third_Party_Dependant_For_Conne": null,
        "Latitude": -26.08096793,
        "Longitude": 28.01997187
      }
    },
    {
      "attributes": {
        "Precincts": "Rivonia North",
        "Quickbase_Status": "Completed",
        "QBRecordID": 621,
        "Third_Party_Dependant_For_Conne": null,
        "Latitude": -26.04195522,
        "Longitude": 28.05865787
      }
    },
    {
      "attributes": {
        "Precincts": "Rivonia North",
        "Quickbase_Status": "Completed",
        "QBRecordID": 620,
        "Third_Party_Dependant_For_Conne": null,
        "Latitude": -26.04221103,
        "Longitude": 28.05901034
      }
    },
    {
      "attributes": {
        "Precincts": "Rivonia North",
        "Quickbase_Status": "Completed",
        "QBRecordID": 4088,
        "Third_Party_Dependant_For_Conne": null,
        "Latitude": -26.04399884,
        "Longitude": 28.06019704
      }
    },
    {
      "attributes": {
        "Precincts": "Rivonia North",
        "Quickbase_Status": "Completed",
        "QBRecordID": 603,
        "Third_Party_Dependant_For_Conne": null,
        "Latitude": -26.04818113,
        "Longitude": 28.0592682
      }
    },
    {
      "attributes": {
        "Precincts": "Rivonia North",
        "Quickbase_Status": "Completed",
        "QBRecordID": 424,
        "Third_Party_Dependant_For_Conne": null,
        "Latitude": -26.04094161,
        "Longitude": 28.05853673
      }
    },
    {
      "attributes": {
        "Precincts": "Rivonia North",
        "Quickbase_Status": "Completed",
        "QBRecordID": 449,
        "Third_Party_Dependant_For_Conne": null,
        "Latitude": -26.04109033,
        "Longitude": 28.05825901
      }
    },
    {
      "attributes": {
        "Precincts": "Rivonia North",
        "Quickbase_Status": "Completed",
        "QBRecordID": 450,
        "Third_Party_Dependant_For_Conne": null,
        "Latitude": -26.04106604,
        "Longitude": 28.05806732
      }
    },
    {
      "attributes": {
        "Precincts": "CPT CBD Phase 01",
        "Quickbase_Status": "Completed",
        "QBRecordID": 3065,
        "Third_Party_Dependant_For_Conne": null,
        "Latitude": -33.91746283,
        "Longitude": 18.42704992
      }
    },
    {
      "attributes": {
        "Precincts": "Katherine Extension",
        "Quickbase_Status": "Completed",
        "QBRecordID": 4053,
        "Third_Party_Dependant_For_Conne": null,
        "Latitude": -26.10564353,
        "Longitude": 28.06869864
      }
    },
    {
      "attributes": {
        "Precincts": "Woodlands Office Park",
        "Quickbase_Status": "Completed",
        "QBRecordID": 1679,
        "Third_Party_Dependant_For_Conne": null,
        "Latitude": -26.06332626,
        "Longitude": 28.08264998
      }
    },
    {
      "attributes": {
        "Precincts": "Girton",
        "Quickbase_Status": "Completed",
        "QBRecordID": 1345,
        "Third_Party_Dependant_For_Conne": null,
        "Latitude": -26.18340527,
        "Longitude": 28.03563106
      }
    },
    {
      "attributes": {
        "Precincts": "Girton",
        "Quickbase_Status": "Completed",
        "QBRecordID": 918,
        "Third_Party_Dependant_For_Conne": null,
        "Latitude": -26.18419853,
        "Longitude": 28.03554664
      }
    },
    {
      "attributes": {
        "Precincts": "Ballyclare (Bally Oakes incl)",
        "Quickbase_Status": "Completed",
        "QBRecordID": 568,
        "Third_Party_Dependant_For_Conne": null,
        "Latitude": -26.07500294,
        "Longitude": 28.02906171
      }
    },
    {
      "attributes": {
        "Precincts": "CPT CBD Phase 01",
        "Quickbase_Status": "Completed",
        "QBRecordID": 3057,
        "Third_Party_Dependant_For_Conne": null,
        "Latitude": -33.9162624,
        "Longitude": 18.42330994
      }
    },
    {
      "attributes": {
        "Precincts": "Skeen Boulevard",
        "Quickbase_Status": "Completed",
        "QBRecordID": 1513,
        "Third_Party_Dependant_For_Conne": null,
        "Latitude": -26.17642268,
        "Longitude": 28.13381441
      }
    },
    {
      "attributes": {
        "Precincts": "Skeen Boulevard",
        "Quickbase_Status": "Completed",
        "QBRecordID": 1159,
        "Third_Party_Dependant_For_Conne": null,
        "Latitude": -26.17634503,
        "Longitude": 28.13461835
      }
    },
    {
      "attributes": {
        "Precincts": "Skeen Boulevard",
        "Quickbase_Status": "Completed",
        "QBRecordID": 1514,
        "Third_Party_Dependant_For_Conne": null,
        "Latitude": -26.17533548,
        "Longitude": 28.13455481
      }
    },
    {
      "attributes": {
        "Precincts": "Skeen Boulevard",
        "Quickbase_Status": "Completed",
        "QBRecordID": 1168,
        "Third_Party_Dependant_For_Conne": null,
        "Latitude": -26.17544135,
        "Longitude": 28.13371141
      }
    },
    {
      "attributes": {
        "Precincts": "Skeen Boulevard",
        "Quickbase_Status": "Completed",
        "QBRecordID": 1162,
        "Third_Party_Dependant_For_Conne": null,
        "Latitude": -26.17568024,
        "Longitude": 28.13240917
      }
    },
    {
      "attributes": {
        "Precincts": "Skeen Boulevard",
        "Quickbase_Status": "Completed",
        "QBRecordID": 1170,
        "Third_Party_Dependant_For_Conne": null,
        "Latitude": -26.17463565,
        "Longitude": 28.13435039
      }
    },
    {
      "attributes": {
        "Precincts": "Rosenpark",
        "Quickbase_Status": "Completed",
        "QBRecordID": 2725,
        "Third_Party_Dependant_For_Conne": null,
        "Latitude": -33.86938067,
        "Longitude": 18.64205105
      }
    },
    {
      "attributes": {
        "Precincts": "Rosenpark",
        "Quickbase_Status": "Completed",
        "QBRecordID": 2736,
        "Third_Party_Dependant_For_Conne": null,
        "Latitude": -33.87111322,
        "Longitude": 18.63999048
      }
    },
    {
      "attributes": {
        "Precincts": "Sunninghill",
        "Quickbase_Status": "Completed",
        "QBRecordID": 370,
        "Third_Party_Dependant_For_Conne": null,
        "Latitude": -26.03403242,
        "Longitude": 28.06239088
      }
    },
    {
      "attributes": {
        "Precincts": "Katherine Extension",
        "Quickbase_Status": "Completed",
        "QBRecordID": 1776,
        "Third_Party_Dependant_For_Conne": null,
        "Latitude": -26.10182688,
        "Longitude": 28.07244195
      }
    },
    {
      "attributes": {
        "Precincts": "Katherine Extension",
        "Quickbase_Status": "Completed",
        "QBRecordID": 1328,
        "Third_Party_Dependant_For_Conne": null,
        "Latitude": -26.10050866,
        "Longitude": 28.07430651
      }
    },
    {
      "attributes": {
        "Precincts": "Katherine Extension",
        "Quickbase_Status": "Completed",
        "QBRecordID": 1327,
        "Third_Party_Dependant_For_Conne": null,
        "Latitude": -26.10092606,
        "Longitude": 28.07431622
      }
    },
    {
      "attributes": {
        "Precincts": "Kent",
        "Quickbase_Status": "Completed",
        "QBRecordID": 554,
        "Third_Party_Dependant_For_Conne": null,
        "Latitude": -26.09561204,
        "Longitude": 27.99948852
      }
    },
    {
      "attributes": {
        "Precincts": "Oak Avenue",
        "Quickbase_Status": "Completed",
        "QBRecordID": 522,
        "Third_Party_Dependant_For_Conne": null,
        "Latitude": -26.09854286,
        "Longitude": 28.00167282
      }
    },
    {
      "attributes": {
        "Precincts": "Oak Avenue",
        "Quickbase_Status": "Completed",
        "QBRecordID": 658,
        "Third_Party_Dependant_For_Conne": null,
        "Latitude": -26.09860529,
        "Longitude": 28.00214758
      }
    },
    {
      "attributes": {
        "Precincts": "Oak Avenue",
        "Quickbase_Status": "Completed",
        "QBRecordID": 665,
        "Third_Party_Dependant_For_Conne": null,
        "Latitude": -26.10047824,
        "Longitude": 28.00064691
      }
    },
    {
      "attributes": {
        "Precincts": "Oak Avenue",
        "Quickbase_Status": "Completed",
        "QBRecordID": 666,
        "Third_Party_Dependant_For_Conne": null,
        "Latitude": -26.10026992,
        "Longitude": 28.00068843
      }
    },
    {
      "attributes": {
        "Precincts": "Ashley Gardens",
        "Quickbase_Status": "Completed",
        "QBRecordID": 2648,
        "Third_Party_Dependant_For_Conne": null,
        "Latitude": -25.78278492,
        "Longitude": 28.26566698
      }
    },
    {
      "attributes": {
        "Precincts": "Ashley Gardens",
        "Quickbase_Status": "Completed",
        "QBRecordID": 3432,
        "Third_Party_Dependant_For_Conne": null,
        "Latitude": -25.78372121,
        "Longitude": 28.26325725
      }
    },
    {
      "attributes": {
        "Precincts": "James Crescent",
        "Quickbase_Status": "Completed",
        "QBRecordID": 2153,
        "Third_Party_Dependant_For_Conne": null,
        "Latitude": -26.00633816,
        "Longitude": 28.12620027
      }
    },
    {
      "attributes": {
        "Precincts": "James Crescent",
        "Quickbase_Status": "Completed",
        "QBRecordID": 2180,
        "Third_Party_Dependant_For_Conne": null,
        "Latitude": -26.00786374,
        "Longitude": 28.12318336
      }
    },
    {
      "attributes": {
        "Precincts": "James Crescent",
        "Quickbase_Status": "Completed",
        "QBRecordID": 2181,
        "Third_Party_Dependant_For_Conne": null,
        "Latitude": -26.00739702,
        "Longitude": 28.12314243
      }
    },
    {
      "attributes": {
        "Precincts": "James Crescent",
        "Quickbase_Status": "Completed",
        "QBRecordID": 4104,
        "Third_Party_Dependant_For_Conne": null,
        "Latitude": -26.0015116,
        "Longitude": 28.12681957
      }
    },
    {
      "attributes": {
        "Precincts": "James Crescent",
        "Quickbase_Status": "Completed",
        "QBRecordID": 2185,
        "Third_Party_Dependant_For_Conne": null,
        "Latitude": -26.00720522,
        "Longitude": 28.12350208
      }
    },
    {
      "attributes": {
        "Precincts": "Ingersol",
        "Quickbase_Status": "Completed",
        "QBRecordID": 2378,
        "Third_Party_Dependant_For_Conne": null,
        "Latitude": -25.78599401,
        "Longitude": 28.27857958
      }
    },
    {
      "attributes": {
        "Precincts": "Ingersol",
        "Quickbase_Status": "Completed",
        "QBRecordID": 2349,
        "Third_Party_Dependant_For_Conne": null,
        "Latitude": -25.78310919,
        "Longitude": 28.27912666
      }
    },
    {
      "attributes": {
        "Precincts": "Ingersol",
        "Quickbase_Status": "Completed",
        "QBRecordID": 2372,
        "Third_Party_Dependant_For_Conne": null,
        "Latitude": -25.77748769,
        "Longitude": 28.27415737
      }
    },
    {
      "attributes": {
        "Precincts": "Ingersol",
        "Quickbase_Status": "Completed",
        "QBRecordID": 2363,
        "Third_Party_Dependant_For_Conne": null,
        "Latitude": -25.7880886,
        "Longitude": 28.27695942
      }
    },
    {
      "attributes": {
        "Precincts": "Ingersol",
        "Quickbase_Status": "Completed",
        "QBRecordID": 2379,
        "Third_Party_Dependant_For_Conne": null,
        "Latitude": -25.78635277,
        "Longitude": 28.27809457
      }
    },
    {
      "attributes": {
        "Precincts": "Ingersol",
        "Quickbase_Status": "Completed",
        "QBRecordID": 2347,
        "Third_Party_Dependant_For_Conne": null,
        "Latitude": -25.7799409,
        "Longitude": 28.27760677
      }
    },
    {
      "attributes": {
        "Precincts": "Ingersol",
        "Quickbase_Status": "Completed",
        "QBRecordID": 2368,
        "Third_Party_Dependant_For_Conne": null,
        "Latitude": -25.77982438,
        "Longitude": 28.27537865
      }
    },
    {
      "attributes": {
        "Precincts": "Ingersol",
        "Quickbase_Status": "Completed",
        "QBRecordID": 2369,
        "Third_Party_Dependant_For_Conne": null,
        "Latitude": -25.77995118,
        "Longitude": 28.27594935
      }
    },
    {
      "attributes": {
        "Precincts": "Ingersol",
        "Quickbase_Status": "Completed",
        "QBRecordID": 2361,
        "Third_Party_Dependant_For_Conne": null,
        "Latitude": -25.78368665,
        "Longitude": 28.27779592
      }
    },
    {
      "attributes": {
        "Precincts": "Ingersol",
        "Quickbase_Status": "Completed",
        "QBRecordID": 2376,
        "Third_Party_Dependant_For_Conne": null,
        "Latitude": -25.78604238,
        "Longitude": 28.27735006
      }
    },
    {
      "attributes": {
        "Precincts": "Ingersol",
        "Quickbase_Status": "Completed",
        "QBRecordID": 2377,
        "Third_Party_Dependant_For_Conne": null,
        "Latitude": -25.78570757,
        "Longitude": 28.27787639
      }
    },
    {
      "attributes": {
        "Precincts": "Ann Crescent",
        "Quickbase_Status": "Completed",
        "QBRecordID": 923,
        "Third_Party_Dependant_For_Conne": null,
        "Latitude": -26.10110674,
        "Longitude": 28.06943284
      }
    },
    {
      "attributes": {
        "Precincts": "Ann Crescent",
        "Quickbase_Status": "Completed",
        "QBRecordID": 1762,
        "Third_Party_Dependant_For_Conne": null,
        "Latitude": -26.10142126,
        "Longitude": 28.07158404
      }
    },
    {
      "attributes": {
        "Precincts": "Ann Crescent",
        "Quickbase_Status": "Completed",
        "QBRecordID": 1763,
        "Third_Party_Dependant_For_Conne": null,
        "Latitude": -26.10215986,
        "Longitude": 28.07095167
      }
    },
    {
      "attributes": {
        "Precincts": "Arden Grove",
        "Quickbase_Status": "Completed",
        "QBRecordID": 1616,
        "Third_Party_Dependant_For_Conne": null,
        "Latitude": -33.86506151,
        "Longitude": 18.51132448
      }
    },
    {
      "attributes": {
        "Precincts": "Arden Grove",
        "Quickbase_Status": "Completed",
        "QBRecordID": 1790,
        "Third_Party_Dependant_For_Conne": null,
        "Latitude": -33.86595752,
        "Longitude": 18.51232539
      }
    },
    {
      "attributes": {
        "Precincts": "Arden Grove",
        "Quickbase_Status": "Completed",
        "QBRecordID": 1559,
        "Third_Party_Dependant_For_Conne": null,
        "Latitude": -33.86128953,
        "Longitude": 18.51426334
      }
    },
    {
      "attributes": {
        "Precincts": "Bruma Lake",
        "Quickbase_Status": "Completed",
        "QBRecordID": 1546,
        "Third_Party_Dependant_For_Conne": null,
        "Latitude": -26.18065477,
        "Longitude": 28.10716712
      }
    },
    {
      "attributes": {
        "Precincts": "Bruma Lake",
        "Quickbase_Status": "Completed",
        "QBRecordID": 3978,
        "Third_Party_Dependant_For_Conne": null,
        "Latitude": -26.18090764,
        "Longitude": 28.10665192
      }
    },
    {
      "attributes": {
        "Precincts": "Bruma Lake",
        "Quickbase_Status": "Completed",
        "QBRecordID": 981,
        "Third_Party_Dependant_For_Conne": null,
        "Latitude": -26.18088268,
        "Longitude": 28.10613766
      }
    },
    {
      "attributes": {
        "Precincts": "Bruma Lake",
        "Quickbase_Status": "Completed",
        "QBRecordID": 967,
        "Third_Party_Dependant_For_Conne": null,
        "Latitude": -26.18202473,
        "Longitude": 28.1082864
      }
    },
    {
      "attributes": {
        "Precincts": "Bruma Lake",
        "Quickbase_Status": "Completed",
        "QBRecordID": 969,
        "Third_Party_Dependant_For_Conne": null,
        "Latitude": -26.18123576,
        "Longitude": 28.10770345
      }
    },
    {
      "attributes": {
        "Precincts": "Bryanston Extension",
        "Quickbase_Status": "Completed",
        "QBRecordID": 72249,
        "Third_Party_Dependant_For_Conne": null,
        "Latitude": -26.04514958,
        "Longitude": 28.02282621
      }
    },
    {
      "attributes": {
        "Precincts": "Bryanston Extension",
        "Quickbase_Status": "Completed",
        "QBRecordID": 1884,
        "Third_Party_Dependant_For_Conne": null,
        "Latitude": -26.04463014,
        "Longitude": 28.02447879
      }
    },
    {
      "attributes": {
        "Precincts": "Bryanston Extension",
        "Quickbase_Status": "Completed",
        "QBRecordID": 1879,
        "Third_Party_Dependant_For_Conne": null,
        "Latitude": -26.04470228,
        "Longitude": 28.02597728
      }
    },
    {
      "attributes": {
        "Precincts": "Burnside Office Park",
        "Quickbase_Status": "Completed",
        "QBRecordID": 2985,
        "Third_Party_Dependant_For_Conne": null,
        "Latitude": -26.11413736,
        "Longitude": 28.02020077
      }
    },
    {
      "attributes": {
        "Precincts": "Burnside Office Park",
        "Quickbase_Status": "Completed",
        "QBRecordID": 2998,
        "Third_Party_Dependant_For_Conne": null,
        "Latitude": -26.11476873,
        "Longitude": 28.02038671
      }
    },
    {
      "attributes": {
        "Precincts": "Capital Hill",
        "Quickbase_Status": "Completed",
        "QBRecordID": 2412,
        "Third_Party_Dependant_For_Conne": null,
        "Latitude": -26.01322923,
        "Longitude": 28.12736636
      }
    },
    {
      "attributes": {
        "Precincts": "Central Park",
        "Quickbase_Status": "Completed",
        "QBRecordID": 4013,
        "Third_Party_Dependant_For_Conne": null,
        "Latitude": -25.97608073,
        "Longitude": 28.13271802
      }
    },
    {
      "attributes": {
        "Precincts": "Central Park",
        "Quickbase_Status": "Completed",
        "QBRecordID": 1482,
        "Third_Party_Dependant_For_Conne": null,
        "Latitude": -25.979766,
        "Longitude": 28.13195474
      }
    },
    {
      "attributes": {
        "Precincts": "Central Park",
        "Quickbase_Status": "Completed",
        "QBRecordID": 1477,
        "Third_Party_Dependant_For_Conne": null,
        "Latitude": -25.97992557,
        "Longitude": 28.13235116
      }
    },
    {
      "attributes": {
        "Precincts": "Central Park",
        "Quickbase_Status": "Completed",
        "QBRecordID": 1474,
        "Third_Party_Dependant_For_Conne": null,
        "Latitude": -25.98069367,
        "Longitude": 28.13205345
      }
    },
    {
      "attributes": {
        "Precincts": "Central Park",
        "Quickbase_Status": "Completed",
        "QBRecordID": 936,
        "Third_Party_Dependant_For_Conne": null,
        "Latitude": -25.98127363,
        "Longitude": 28.1320382
      }
    },
    {
      "attributes": {
        "Precincts": "Central Park",
        "Quickbase_Status": "Completed",
        "QBRecordID": 1486,
        "Third_Party_Dependant_For_Conne": null,
        "Latitude": -25.97913778,
        "Longitude": 28.13213494
      }
    },
    {
      "attributes": {
        "Precincts": "Central Park",
        "Quickbase_Status": "Completed",
        "QBRecordID": 1485,
        "Third_Party_Dependant_For_Conne": null,
        "Latitude": -25.97928632,
        "Longitude": 28.13278302
      }
    },
    {
      "attributes": {
        "Precincts": "Central Park",
        "Quickbase_Status": "Completed",
        "QBRecordID": 1488,
        "Third_Party_Dependant_For_Conne": null,
        "Latitude": -25.9786566,
        "Longitude": 28.13313816
      }
    },
    {
      "attributes": {
        "Precincts": "Central Park",
        "Quickbase_Status": "Completed",
        "QBRecordID": 4016,
        "Third_Party_Dependant_For_Conne": null,
        "Latitude": -25.97627383,
        "Longitude": 28.13396208
      }
    },
    {
      "attributes": {
        "Precincts": "Central Park",
        "Quickbase_Status": "Completed",
        "QBRecordID": 4019,
        "Third_Party_Dependant_For_Conne": null,
        "Latitude": -25.97583656,
        "Longitude": 28.13329753
      }
    },
    {
      "attributes": {
        "Precincts": "Central Park",
        "Quickbase_Status": "Completed",
        "QBRecordID": 4012,
        "Third_Party_Dependant_For_Conne": null,
        "Latitude": -25.97622726,
        "Longitude": 28.13335058
      }
    },
    {
      "attributes": {
        "Precincts": "Central Street",
        "Quickbase_Status": "Completed",
        "QBRecordID": 838,
        "Third_Party_Dependant_For_Conne": null,
        "Latitude": -26.1586329,
        "Longitude": 28.05801027
      }
    },
    {
      "attributes": {
        "Precincts": "Central Street",
        "Quickbase_Status": "Completed",
        "QBRecordID": 837,
        "Third_Party_Dependant_For_Conne": null,
        "Latitude": -26.15918479,
        "Longitude": 28.05799606
      }
    },
    {
      "attributes": {
        "Precincts": "Centurion Gautrain Station",
        "Quickbase_Status": "Completed",
        "QBRecordID": 2287,
        "Third_Party_Dependant_For_Conne": null,
        "Latitude": -25.85222151,
        "Longitude": 28.18852985
      }
    },
    {
      "attributes": {
        "Precincts": "Centurion Gautrain Station",
        "Quickbase_Status": "Completed",
        "QBRecordID": 2301,
        "Third_Party_Dependant_For_Conne": null,
        "Latitude": -25.85399633,
        "Longitude": 28.19534477
      }
    },
    {
      "attributes": {
        "Precincts": "Centurion Gautrain Station",
        "Quickbase_Status": "Completed",
        "QBRecordID": 2303,
        "Third_Party_Dependant_For_Conne": null,
        "Latitude": -25.8540843,
        "Longitude": 28.19443438
      }
    },
    {
      "attributes": {
        "Precincts": "Centurion Gautrain Station",
        "Quickbase_Status": "Completed",
        "QBRecordID": 3438,
        "Third_Party_Dependant_For_Conne": null,
        "Latitude": -25.85363373,
        "Longitude": 28.19489934
      }
    },
    {
      "attributes": {
        "Precincts": "Country Club Estate",
        "Quickbase_Status": "Completed",
        "QBRecordID": 499,
        "Third_Party_Dependant_For_Conne": null,
        "Latitude": -26.05824488,
        "Longitude": 28.08324807
      }
    },
    {
      "attributes": {
        "Precincts": "Country Club Estate",
        "Quickbase_Status": "Completed",
        "QBRecordID": 498,
        "Third_Party_Dependant_For_Conne": null,
        "Latitude": -26.05837723,
        "Longitude": 28.08373408
      }
    },
    {
      "attributes": {
        "Precincts": "Design Quarter",
        "Quickbase_Status": "Completed",
        "QBRecordID": 2395,
        "Third_Party_Dependant_For_Conne": null,
        "Latitude": -26.03404884,
        "Longitude": 28.01112919
      }
    },
    {
      "attributes": {
        "Precincts": "Design Quarter",
        "Quickbase_Status": "Completed",
        "QBRecordID": 2396,
        "Third_Party_Dependant_For_Conne": null,
        "Latitude": -26.03474704,
        "Longitude": 28.01153568
      }
    },
    {
      "attributes": {
        "Precincts": "George Road",
        "Quickbase_Status": "Completed",
        "QBRecordID": 1353,
        "Third_Party_Dependant_For_Conne": null,
        "Latitude": -25.95815564,
        "Longitude": 28.13811069
      }
    },
    {
      "attributes": {
        "Precincts": "George Road",
        "Quickbase_Status": "Completed",
        "QBRecordID": 1354,
        "Third_Party_Dependant_For_Conne": null,
        "Latitude": -25.95830124,
        "Longitude": 28.13881977
      }
    },
    {
      "attributes": {
        "Precincts": "George Road",
        "Quickbase_Status": "Completed",
        "QBRecordID": 1752,
        "Third_Party_Dependant_For_Conne": null,
        "Latitude": -25.96578334,
        "Longitude": 28.13600928
      }
    },
    {
      "attributes": {
        "Precincts": "George Road",
        "Quickbase_Status": "Completed",
        "QBRecordID": 1748,
        "Third_Party_Dependant_For_Conne": null,
        "Latitude": -25.9686997,
        "Longitude": 28.13344049
      }
    },
    {
      "attributes": {
        "Precincts": "George Road",
        "Quickbase_Status": "Completed",
        "QBRecordID": 1000,
        "Third_Party_Dependant_For_Conne": null,
        "Latitude": -25.9719208,
        "Longitude": 28.13181268
      }
    },
    {
      "attributes": {
        "Precincts": "George Road",
        "Quickbase_Status": "Completed",
        "QBRecordID": 1764,
        "Third_Party_Dependant_For_Conne": null,
        "Latitude": -25.9561074,
        "Longitude": 28.137698
      }
    },
    {
      "attributes": {
        "Precincts": "George Road",
        "Quickbase_Status": "Completed",
        "QBRecordID": 4069,
        "Third_Party_Dependant_For_Conne": null,
        "Latitude": -25.96803253,
        "Longitude": 28.13531857
      }
    },
    {
      "attributes": {
        "Precincts": "George Road",
        "Quickbase_Status": "Completed",
        "QBRecordID": 4070,
        "Third_Party_Dependant_For_Conne": null,
        "Latitude": -25.96800925,
        "Longitude": 28.13629072
      }
    },
    {
      "attributes": {
        "Precincts": "Georgian Crescent",
        "Quickbase_Status": "Completed",
        "QBRecordID": 314,
        "Third_Party_Dependant_For_Conne": null,
        "Latitude": -26.0404896,
        "Longitude": 28.01697652
      }
    },
    {
      "attributes": {
        "Precincts": "Hatfield (Phase 3)",
        "Quickbase_Status": "Completed",
        "QBRecordID": 4090,
        "Third_Party_Dependant_For_Conne": null,
        "Latitude": -25.7437091,
        "Longitude": 28.24388711
      }
    },
    {
      "attributes": {
        "Precincts": "Hatfield (Phase 3)",
        "Quickbase_Status": "Completed",
        "QBRecordID": 3470,
        "Third_Party_Dependant_For_Conne": null,
        "Latitude": -25.74511451,
        "Longitude": 28.24307835
      }
    },
    {
      "attributes": {
        "Precincts": "Hatfield (Phase 3)",
        "Quickbase_Status": "Completed",
        "QBRecordID": 3468,
        "Third_Party_Dependant_For_Conne": null,
        "Latitude": -25.74511139,
        "Longitude": 28.24385534
      }
    },
    {
      "attributes": {
        "Precincts": "Hyde Park",
        "Quickbase_Status": "Completed",
        "QBRecordID": 1943,
        "Third_Party_Dependant_For_Conne": null,
        "Latitude": -26.12020995,
        "Longitude": 28.03157744
      }
    },
    {
      "attributes": {
        "Precincts": "Albury",
        "Quickbase_Status": "Completed",
        "QBRecordID": 279,
        "Third_Party_Dependant_For_Conne": null,
        "Latitude": -26.12722069,
        "Longitude": 28.03151847
      }
    },
    {
      "attributes": {
        "Precincts": "Albury",
        "Quickbase_Status": "Completed",
        "QBRecordID": 282,
        "Third_Party_Dependant_For_Conne": null,
        "Latitude": -26.12711467,
        "Longitude": 28.03254834
      }
    },
    {
      "attributes": {
        "Precincts": "Albury",
        "Quickbase_Status": "Completed",
        "QBRecordID": 284,
        "Third_Party_Dependant_For_Conne": null,
        "Latitude": -26.12845581,
        "Longitude": 28.03243116
      }
    },
    {
      "attributes": {
        "Precincts": "Bauhania Street",
        "Quickbase_Status": "Completed",
        "QBRecordID": 5822,
        "Third_Party_Dependant_For_Conne": null,
        "Latitude": -25.88222896,
        "Longitude": 28.18394829
      }
    },
    {
      "attributes": {
        "Precincts": "Bauhania Street",
        "Quickbase_Status": "Completed",
        "QBRecordID": 5810,
        "Third_Party_Dependant_For_Conne": null,
        "Latitude": -25.88117307,
        "Longitude": 28.18413076
      }
    },
    {
      "attributes": {
        "Precincts": "Bauhania Street",
        "Quickbase_Status": "Completed",
        "QBRecordID": 5824,
        "Third_Party_Dependant_For_Conne": null,
        "Latitude": -25.88245375,
        "Longitude": 28.18386541
      }
    },
    {
      "attributes": {
        "Precincts": "Bauhania Street",
        "Quickbase_Status": "Completed",
        "QBRecordID": 5825,
        "Third_Party_Dependant_For_Conne": null,
        "Latitude": -25.88265424,
        "Longitude": 28.18374704
      }
    },
    {
      "attributes": {
        "Precincts": "Bauhania Street",
        "Quickbase_Status": "Completed",
        "QBRecordID": 5826,
        "Third_Party_Dependant_For_Conne": null,
        "Latitude": -25.8827104,
        "Longitude": 28.18353452
      }
    },
    {
      "attributes": {
        "Precincts": "Bauhania Street",
        "Quickbase_Status": "Completed",
        "QBRecordID": 5827,
        "Third_Party_Dependant_For_Conne": null,
        "Latitude": -25.88276512,
        "Longitude": 28.1833009
      }
    },
    {
      "attributes": {
        "Precincts": "Bauhania Street",
        "Quickbase_Status": "Completed",
        "QBRecordID": 5828,
        "Third_Party_Dependant_For_Conne": null,
        "Latitude": -25.88310112,
        "Longitude": 28.18312847
      }
    },
    {
      "attributes": {
        "Precincts": "Bauhania Street",
        "Quickbase_Status": "Completed",
        "QBRecordID": 5831,
        "Third_Party_Dependant_For_Conne": null,
        "Latitude": -25.88337962,
        "Longitude": 28.18327958
      }
    },
    {
      "attributes": {
        "Precincts": "Bauhania Street",
        "Quickbase_Status": "Completed",
        "QBRecordID": 5830,
        "Third_Party_Dependant_For_Conne": null,
        "Latitude": -25.88298208,
        "Longitude": 28.1836752
      }
    },
    {
      "attributes": {
        "Precincts": "Bauhania Street",
        "Quickbase_Status": "Completed",
        "QBRecordID": 5811,
        "Third_Party_Dependant_For_Conne": null,
        "Latitude": -25.88148369,
        "Longitude": 28.18399005
      }
    },
    {
      "attributes": {
        "Precincts": "Bauhania Street",
        "Quickbase_Status": "Completed",
        "QBRecordID": 4885,
        "Third_Party_Dependant_For_Conne": null,
        "Latitude": -25.88078119,
        "Longitude": 28.18433921
      }
    },
    {
      "attributes": {
        "Precincts": "Bauhania Street",
        "Quickbase_Status": "Completed",
        "QBRecordID": 5807,
        "Third_Party_Dependant_For_Conne": null,
        "Latitude": -25.88087602,
        "Longitude": 28.1846323
      }
    },
    {
      "attributes": {
        "Precincts": "Bauhania Street",
        "Quickbase_Status": "Completed",
        "QBRecordID": 5808,
        "Third_Party_Dependant_For_Conne": null,
        "Latitude": -25.88109976,
        "Longitude": 28.18502359
      }
    },
    {
      "attributes": {
        "Precincts": "Bauhania Street",
        "Quickbase_Status": "Completed",
        "QBRecordID": 5874,
        "Third_Party_Dependant_For_Conne": null,
        "Latitude": -25.88214461,
        "Longitude": 28.18257492
      }
    },
    {
      "attributes": {
        "Precincts": "Bauhania Street",
        "Quickbase_Status": "Completed",
        "QBRecordID": 5870,
        "Third_Party_Dependant_For_Conne": null,
        "Latitude": -25.88194007,
        "Longitude": 28.18244298
      }
    },
    {
      "attributes": {
        "Precincts": "Bauhania Street",
        "Quickbase_Status": "Completed",
        "QBRecordID": 5855,
        "Third_Party_Dependant_For_Conne": null,
        "Latitude": -25.88079716,
        "Longitude": 28.18192597
      }
    },
    {
      "attributes": {
        "Precincts": "Bauhania Street",
        "Quickbase_Status": "Completed",
        "QBRecordID": 5856,
        "Third_Party_Dependant_For_Conne": null,
        "Latitude": -25.88071757,
        "Longitude": 28.18225047
      }
    },
    {
      "attributes": {
        "Precincts": "Bauhania Street",
        "Quickbase_Status": "Completed",
        "QBRecordID": 5859,
        "Third_Party_Dependant_For_Conne": null,
        "Latitude": -25.88108149,
        "Longitude": 28.18207209
      }
    },
    {
      "attributes": {
        "Precincts": "Bauhania Street",
        "Quickbase_Status": "Completed",
        "QBRecordID": 5860,
        "Third_Party_Dependant_For_Conne": null,
        "Latitude": -25.88101589,
        "Longitude": 28.18233581
      }
    },
    {
      "attributes": {
        "Precincts": "Bauhania Street",
        "Quickbase_Status": "Completed",
        "QBRecordID": 5865,
        "Third_Party_Dependant_For_Conne": null,
        "Latitude": -25.88136999,
        "Longitude": 28.18212678
      }
    },
    {
      "attributes": {
        "Precincts": "Bauhania Street",
        "Quickbase_Status": "Completed",
        "QBRecordID": 5852,
        "Third_Party_Dependant_For_Conne": null,
        "Latitude": -25.88037754,
        "Longitude": 28.18184121
      }
    },
    {
      "attributes": {
        "Precincts": "Bauhania Street",
        "Quickbase_Status": "Completed",
        "QBRecordID": 5851,
        "Third_Party_Dependant_For_Conne": null,
        "Latitude": -25.88045824,
        "Longitude": 28.18159483
      }
    },
    {
      "attributes": {
        "Precincts": "Bauhania Street",
        "Quickbase_Status": "Completed",
        "QBRecordID": 5848,
        "Third_Party_Dependant_For_Conne": null,
        "Latitude": -25.88016188,
        "Longitude": 28.18169894
      }
    },
    {
      "attributes": {
        "Precincts": "Bauhania Street",
        "Quickbase_Status": "Completed",
        "QBRecordID": 5849,
        "Third_Party_Dependant_For_Conne": null,
        "Latitude": -25.8800737,
        "Longitude": 28.18204041
      }
    },
    {
      "attributes": {
        "Precincts": "Bauhania Street",
        "Quickbase_Status": "Completed",
        "QBRecordID": 5847,
        "Third_Party_Dependant_For_Conne": null,
        "Latitude": -25.87986552,
        "Longitude": 28.1819198
      }
    },
    {
      "attributes": {
        "Precincts": "Bauhania Street",
        "Quickbase_Status": "Completed",
        "QBRecordID": 5845,
        "Third_Party_Dependant_For_Conne": null,
        "Latitude": -25.87958965,
        "Longitude": 28.18237184
      }
    },
    {
      "attributes": {
        "Precincts": "Bryanston Extension",
        "Quickbase_Status": "Completed",
        "QBRecordID": 1873,
        "Third_Party_Dependant_For_Conne": null,
        "Latitude": -26.04641915,
        "Longitude": 28.01913838
      }
    },
    {
      "attributes": {
        "Precincts": "Bryanston Extension",
        "Quickbase_Status": "Completed",
        "QBRecordID": 1913,
        "Third_Party_Dependant_For_Conne": null,
        "Latitude": -26.0455313,
        "Longitude": 28.01864307
      }
    },
    {
      "attributes": {
        "Precincts": "Bryanston Extension",
        "Quickbase_Status": "Completed",
        "QBRecordID": 1912,
        "Third_Party_Dependant_For_Conne": null,
        "Latitude": -26.04582944,
        "Longitude": 28.01894488
      }
    },
    {
      "attributes": {
        "Precincts": "Bryanston Extension",
        "Quickbase_Status": "Completed",
        "QBRecordID": 1917,
        "Third_Party_Dependant_For_Conne": null,
        "Latitude": -26.04587247,
        "Longitude": 28.01742276
      }
    },
    {
      "attributes": {
        "Precincts": "Georgian Crescent",
        "Quickbase_Status": "Completed",
        "QBRecordID": 315,
        "Third_Party_Dependant_For_Conne": null,
        "Latitude": -26.04089313,
        "Longitude": 28.01697557
      }
    },
    {
      "attributes": {
        "Precincts": "Impala",
        "Quickbase_Status": "Completed",
        "QBRecordID": 179,
        "Third_Party_Dependant_For_Conne": null,
        "Latitude": -26.11604572,
        "Longitude": 28.04964101
      }
    },
    {
      "attributes": {
        "Precincts": "Impala",
        "Quickbase_Status": "Completed",
        "QBRecordID": 159,
        "Third_Party_Dependant_For_Conne": null,
        "Latitude": -26.11515179,
        "Longitude": 28.05193727
      }
    },
    {
      "attributes": {
        "Precincts": "Country Club Estate",
        "Quickbase_Status": "Completed",
        "QBRecordID": 506,
        "Third_Party_Dependant_For_Conne": null,
        "Latitude": -26.06073036,
        "Longitude": 28.08239801
      }
    },
    {
      "attributes": {
        "Precincts": "Eaton",
        "Quickbase_Status": "Completed",
        "QBRecordID": 216,
        "Third_Party_Dependant_For_Conne": null,
        "Latitude": -26.04647793,
        "Longitude": 28.02363051
      }
    },
    {
      "attributes": {
        "Precincts": "Eaton",
        "Quickbase_Status": "Completed",
        "QBRecordID": 218,
        "Third_Party_Dependant_For_Conne": null,
        "Latitude": -26.04366349,
        "Longitude": 28.02043829
      }
    },
    {
      "attributes": {
        "Precincts": "Eaton",
        "Quickbase_Status": "Completed",
        "QBRecordID": 3956,
        "Third_Party_Dependant_For_Conne": null,
        "Latitude": -26.04578504,
        "Longitude": 28.02287383
      }
    },
    {
      "attributes": {
        "Precincts": "Saddle Drive",
        "Quickbase_Status": "Completed",
        "QBRecordID": 3549,
        "Third_Party_Dependant_For_Conne": null,
        "Latitude": -26.04411851,
        "Longitude": 28.08796398
      }
    },
    {
      "attributes": {
        "Precincts": "TechnoPark",
        "Quickbase_Status": "Completed",
        "QBRecordID": 911,
        "Third_Party_Dependant_For_Conne": null,
        "Latitude": -33.9657067,
        "Longitude": 18.84077102
      }
    },
    {
      "attributes": {
        "Precincts": "TechnoPark",
        "Quickbase_Status": "Completed",
        "QBRecordID": 1783,
        "Third_Party_Dependant_For_Conne": null,
        "Latitude": -33.96540297,
        "Longitude": 18.83976974
      }
    },
    {
      "attributes": {
        "Precincts": "TechnoPark",
        "Quickbase_Status": "Completed",
        "QBRecordID": 2282,
        "Third_Party_Dependant_For_Conne": null,
        "Latitude": -33.96535354,
        "Longitude": 18.84020197
      }
    },
    {
      "attributes": {
        "Precincts": "TechnoPark",
        "Quickbase_Status": "Completed",
        "QBRecordID": 3900,
        "Third_Party_Dependant_For_Conne": null,
        "Latitude": -33.96597648,
        "Longitude": 18.83630501
      }
    },
    {
      "attributes": {
        "Precincts": "Riverview Office Park",
        "Quickbase_Status": "Completed",
        "QBRecordID": 2617,
        "Third_Party_Dependant_For_Conne": null,
        "Latitude": -25.99999752,
        "Longitude": 28.11972287
      }
    },
    {
      "attributes": {
        "Precincts": "Riverview Office Park",
        "Quickbase_Status": "Completed",
        "QBRecordID": 2618,
        "Third_Party_Dependant_For_Conne": null,
        "Latitude": -25.99953035,
        "Longitude": 28.11951425
      }
    },
    {
      "attributes": {
        "Precincts": "Riverview Office Park",
        "Quickbase_Status": "Completed",
        "QBRecordID": 2619,
        "Third_Party_Dependant_For_Conne": null,
        "Latitude": -25.99908364,
        "Longitude": 28.11911576
      }
    },
    {
      "attributes": {
        "Precincts": "Girton",
        "Quickbase_Status": "Completed",
        "QBRecordID": 815,
        "Third_Party_Dependant_For_Conne": null,
        "Latitude": -26.18320931,
        "Longitude": 28.03714643
      }
    },
    {
      "attributes": {
        "Precincts": "Oberon",
        "Quickbase_Status": "Completed",
        "QBRecordID": 2320,
        "Third_Party_Dependant_For_Conne": null,
        "Latitude": -25.78166563,
        "Longitude": 28.28994786
      }
    },
    {
      "attributes": {
        "Precincts": "CPT CBD Phase 02",
        "Quickbase_Status": "Completed",
        "QBRecordID": 3097,
        "Third_Party_Dependant_For_Conne": null,
        "Latitude": -33.92114834,
        "Longitude": 18.43299305
      }
    },
    {
      "attributes": {
        "Precincts": "Skeen Boulevard",
        "Quickbase_Status": "Completed",
        "QBRecordID": 1164,
        "Third_Party_Dependant_For_Conne": null,
        "Latitude": -26.17533755,
        "Longitude": 28.13246701
      }
    },
    {
      "attributes": {
        "Precincts": "Skeen Boulevard",
        "Quickbase_Status": "Completed",
        "QBRecordID": 91362,
        "Third_Party_Dependant_For_Conne": null,
        "Latitude": -26.17473251,
        "Longitude": 28.13267481
      }
    },
    {
      "attributes": {
        "Precincts": "Skeen Boulevard",
        "Quickbase_Status": "Completed",
        "QBRecordID": 1171,
        "Third_Party_Dependant_For_Conne": null,
        "Latitude": -26.17422713,
        "Longitude": 28.13398966
      }
    },
    {
      "attributes": {
        "Precincts": "Sunninghill",
        "Quickbase_Status": "Completed",
        "QBRecordID": 718,
        "Third_Party_Dependant_For_Conne": null,
        "Latitude": -26.03508249,
        "Longitude": 28.06795167
      }
    },
    {
      "attributes": {
        "Precincts": "Sunninghill",
        "Quickbase_Status": "Completed",
        "QBRecordID": 374,
        "Third_Party_Dependant_For_Conne": null,
        "Latitude": -26.03385129,
        "Longitude": 28.0671354
      }
    },
    {
      "attributes": {
        "Precincts": "Sunninghill",
        "Quickbase_Status": "Completed",
        "QBRecordID": 714,
        "Third_Party_Dependant_For_Conne": null,
        "Latitude": -26.03190489,
        "Longitude": 28.06705246
      }
    },
    {
      "attributes": {
        "Precincts": "Sandton Phase 1",
        "Quickbase_Status": "Completed",
        "QBRecordID": 2909,
        "Third_Party_Dependant_For_Conne": null,
        "Latitude": -26.10188644,
        "Longitude": 28.05236624
      }
    },
    {
      "attributes": {
        "Precincts": "Sandton Phase 1",
        "Quickbase_Status": "Completed",
        "QBRecordID": 2902,
        "Third_Party_Dependant_For_Conne": null,
        "Latitude": -26.10108108,
        "Longitude": 28.05325535
      }
    },
    {
      "attributes": {
        "Precincts": "Sandton Phase 2",
        "Quickbase_Status": "Completed",
        "QBRecordID": 4026,
        "Third_Party_Dependant_For_Conne": null,
        "Latitude": -26.10322896,
        "Longitude": 28.05652757
      }
    },
    {
      "attributes": {
        "Precincts": "Richards Drive",
        "Quickbase_Status": "Completed",
        "QBRecordID": 2675,
        "Third_Party_Dependant_For_Conne": null,
        "Latitude": -26.01399723,
        "Longitude": 28.12378389
      }
    },
    {
      "attributes": {
        "Precincts": "Impala",
        "Quickbase_Status": "Completed",
        "QBRecordID": 172,
        "Third_Party_Dependant_For_Conne": null,
        "Latitude": -26.11511065,
        "Longitude": 28.05422498
      }
    },
    {
      "attributes": {
        "Precincts": "TechnoPark",
        "Quickbase_Status": "Completed",
        "QBRecordID": 1341,
        "Third_Party_Dependant_For_Conne": null,
        "Latitude": -33.96486127,
        "Longitude": 18.84098792
      }
    },
    {
      "attributes": {
        "Precincts": "TechnoPark",
        "Quickbase_Status": "Completed",
        "QBRecordID": 800,
        "Third_Party_Dependant_For_Conne": null,
        "Latitude": -33.96329077,
        "Longitude": 18.83739767
      }
    },
    {
      "attributes": {
        "Precincts": "TechnoPark",
        "Quickbase_Status": "Completed",
        "QBRecordID": 71304,
        "Third_Party_Dependant_For_Conne": null,
        "Latitude": -33.96622392,
        "Longitude": 18.83764961
      }
    },
    {
      "attributes": {
        "Precincts": "TechnoPark",
        "Quickbase_Status": "Completed",
        "QBRecordID": 1280,
        "Third_Party_Dependant_For_Conne": null,
        "Latitude": -33.96456879,
        "Longitude": 18.83596631
      }
    },
    {
      "attributes": {
        "Precincts": "TechnoPark",
        "Quickbase_Status": "Completed",
        "QBRecordID": 821,
        "Third_Party_Dependant_For_Conne": null,
        "Latitude": -33.96457228,
        "Longitude": 18.83961452
      }
    },
    {
      "attributes": {
        "Precincts": "Western Services",
        "Quickbase_Status": "Completed",
        "QBRecordID": 2502,
        "Third_Party_Dependant_For_Conne": null,
        "Latitude": -26.05706721,
        "Longitude": 28.08872521
      }
    },
    {
      "attributes": {
        "Precincts": "Western Services",
        "Quickbase_Status": "Completed",
        "QBRecordID": 2518,
        "Third_Party_Dependant_For_Conne": null,
        "Latitude": -26.05887501,
        "Longitude": 28.08989647
      }
    },
    {
      "attributes": {
        "Precincts": "Western Services",
        "Quickbase_Status": "Completed",
        "QBRecordID": 2515,
        "Third_Party_Dependant_For_Conne": null,
        "Latitude": -26.05822761,
        "Longitude": 28.0897956
      }
    },
    {
      "attributes": {
        "Precincts": "Western Services",
        "Quickbase_Status": "Completed",
        "QBRecordID": 2519,
        "Third_Party_Dependant_For_Conne": null,
        "Latitude": -26.05962602,
        "Longitude": 28.08993138
      }
    },
    {
      "attributes": {
        "Precincts": "Girton",
        "Quickbase_Status": "Completed",
        "QBRecordID": 18378,
        "Third_Party_Dependant_For_Conne": null,
        "Latitude": -26.18418523,
        "Longitude": 28.04028887
      }
    },
    {
      "attributes": {
        "Precincts": "Bauhania Street",
        "Quickbase_Status": "Completed",
        "QBRecordID": 5858,
        "Third_Party_Dependant_For_Conne": null,
        "Latitude": -25.88051127,
        "Longitude": 28.18302287
      }
    },
    {
      "attributes": {
        "Precincts": "Bauhania Street",
        "Quickbase_Status": "Completed",
        "QBRecordID": 5854,
        "Third_Party_Dependant_For_Conne": null,
        "Latitude": -25.88015636,
        "Longitude": 28.18265496
      }
    },
    {
      "attributes": {
        "Precincts": "Bauhania Street",
        "Quickbase_Status": "Completed",
        "QBRecordID": 5850,
        "Third_Party_Dependant_For_Conne": null,
        "Latitude": -25.87998991,
        "Longitude": 28.18251493
      }
    },
    {
      "attributes": {
        "Precincts": "Bauhania Street",
        "Quickbase_Status": "Completed",
        "QBRecordID": 5853,
        "Third_Party_Dependant_For_Conne": null,
        "Latitude": -25.88030753,
        "Longitude": 28.18211672
      }
    },
    {
      "attributes": {
        "Precincts": "Bauhania Street",
        "Quickbase_Status": "Completed",
        "QBRecordID": 5846,
        "Third_Party_Dependant_For_Conne": null,
        "Latitude": -25.87958314,
        "Longitude": 28.18195239
      }
    },
    {
      "attributes": {
        "Precincts": "Bauhania Street",
        "Quickbase_Status": "Completed",
        "QBRecordID": 5844,
        "Third_Party_Dependant_For_Conne": null,
        "Latitude": -25.87938482,
        "Longitude": 28.18205027
      }
    },
    {
      "attributes": {
        "Precincts": "Bauhania Street",
        "Quickbase_Status": "Completed",
        "QBRecordID": 5843,
        "Third_Party_Dependant_For_Conne": null,
        "Latitude": -25.87916896,
        "Longitude": 28.18216952
      }
    },
    {
      "attributes": {
        "Precincts": "Bauhania Street",
        "Quickbase_Status": "Completed",
        "QBRecordID": 5842,
        "Third_Party_Dependant_For_Conne": null,
        "Latitude": -25.87888469,
        "Longitude": 28.18257261
      }
    },
    {
      "attributes": {
        "Precincts": "Bauhania Street",
        "Quickbase_Status": "Completed",
        "QBRecordID": 5841,
        "Third_Party_Dependant_For_Conne": null,
        "Latitude": -25.87880538,
        "Longitude": 28.18279113
      }
    },
    {
      "attributes": {
        "Precincts": "Bauhania Street",
        "Quickbase_Status": "Completed",
        "QBRecordID": 5840,
        "Third_Party_Dependant_For_Conne": null,
        "Latitude": -25.8785646,
        "Longitude": 28.18300535
      }
    },
    {
      "attributes": {
        "Precincts": "Bauhania Street",
        "Quickbase_Status": "Completed",
        "QBRecordID": 5839,
        "Third_Party_Dependant_For_Conne": null,
        "Latitude": -25.87831334,
        "Longitude": 28.18312162
      }
    },
    {
      "attributes": {
        "Precincts": "Bauhania Street",
        "Quickbase_Status": "Completed",
        "QBRecordID": 4887,
        "Third_Party_Dependant_For_Conne": null,
        "Latitude": -25.87812096,
        "Longitude": 28.1831993
      }
    },
    {
      "attributes": {
        "Precincts": "Richards Drive",
        "Quickbase_Status": "Completed",
        "QBRecordID": 2441,
        "Third_Party_Dependant_For_Conne": null,
        "Latitude": -26.01309898,
        "Longitude": 28.1232198
      }
    },
    {
      "attributes": {
        "Precincts": "Richards Drive",
        "Quickbase_Status": "Completed",
        "QBRecordID": 2443,
        "Third_Party_Dependant_For_Conne": null,
        "Latitude": -26.01381675,
        "Longitude": 28.12611181
      }
    },
    {
      "attributes": {
        "Precincts": "Rivonia North",
        "Quickbase_Status": "Completed",
        "QBRecordID": 628,
        "Third_Party_Dependant_For_Conne": null,
        "Latitude": -26.03915113,
        "Longitude": 28.05765601
      }
    },
    {
      "attributes": {
        "Precincts": "Sandton Phase 2",
        "Quickbase_Status": "Completed",
        "QBRecordID": 4038,
        "Third_Party_Dependant_For_Conne": null,
        "Latitude": -26.10397115,
        "Longitude": 28.05202355
      }
    },
    {
      "attributes": {
        "Precincts": "Richards Drive",
        "Quickbase_Status": "Completed",
        "QBRecordID": 2467,
        "Third_Party_Dependant_For_Conne": null,
        "Latitude": -26.01610751,
        "Longitude": 28.12104334
      }
    },
    {
      "attributes": {
        "Precincts": "Muswell",
        "Quickbase_Status": "Completed",
        "QBRecordID": 194,
        "Third_Party_Dependant_For_Conne": null,
        "Latitude": -26.04975785,
        "Longitude": 28.02238447
      }
    },
    {
      "attributes": {
        "Precincts": "Homestead",
        "Quickbase_Status": "Completed",
        "QBRecordID": 248,
        "Third_Party_Dependant_For_Conne": null,
        "Latitude": -26.04599081,
        "Longitude": 28.05792353
      }
    },
    {
      "attributes": {
        "Precincts": "Mellis",
        "Quickbase_Status": "Completed",
        "QBRecordID": 292,
        "Third_Party_Dependant_For_Conne": null,
        "Latitude": -26.04465901,
        "Longitude": 28.05840741
      }
    },
    {
      "attributes": {
        "Precincts": "Mellis",
        "Quickbase_Status": "Completed",
        "QBRecordID": 885,
        "Third_Party_Dependant_For_Conne": null,
        "Latitude": -26.04561417,
        "Longitude": 28.05827881
      }
    },
    {
      "attributes": {
        "Precincts": "Georgian Crescent",
        "Quickbase_Status": "Completed",
        "QBRecordID": 320,
        "Third_Party_Dependant_For_Conne": null,
        "Latitude": -26.04127971,
        "Longitude": 28.01571482
      }
    },
    {
      "attributes": {
        "Precincts": "Eaton",
        "Quickbase_Status": "Completed",
        "QBRecordID": 207,
        "Third_Party_Dependant_For_Conne": null,
        "Latitude": -26.0460982,
        "Longitude": 28.02019356
      }
    },
    {
      "attributes": {
        "Precincts": "Saddle Drive",
        "Quickbase_Status": "Completed",
        "QBRecordID": 1831,
        "Third_Party_Dependant_For_Conne": null,
        "Latitude": -26.04693268,
        "Longitude": 28.0897991
      }
    },
    {
      "attributes": {
        "Precincts": "Country Club Estate",
        "Quickbase_Status": "Completed",
        "QBRecordID": 503,
        "Third_Party_Dependant_For_Conne": null,
        "Latitude": -26.06030064,
        "Longitude": 28.08246698
      }
    },
    {
      "attributes": {
        "Precincts": "Country Club Estate",
        "Quickbase_Status": "Completed",
        "QBRecordID": 492,
        "Third_Party_Dependant_For_Conne": null,
        "Latitude": -26.05713542,
        "Longitude": 28.08414151
      }
    },
    {
      "attributes": {
        "Precincts": "Claremont",
        "Quickbase_Status": "Completed",
        "QBRecordID": 390,
        "Third_Party_Dependant_For_Conne": null,
        "Latitude": -33.97751922,
        "Longitude": 18.46570991
      }
    },
    {
      "attributes": {
        "Precincts": "Eaton",
        "Quickbase_Status": "Completed",
        "QBRecordID": 214,
        "Third_Party_Dependant_For_Conne": null,
        "Latitude": -26.04614344,
        "Longitude": 28.02167874
      }
    },
    {
      "attributes": {
        "Precincts": "Claremont",
        "Quickbase_Status": "Completed",
        "QBRecordID": 747,
        "Third_Party_Dependant_For_Conne": null,
        "Latitude": -33.97976653,
        "Longitude": 18.46031297
      }
    },
    {
      "attributes": {
        "Precincts": "Claremont",
        "Quickbase_Status": "Completed",
        "QBRecordID": 749,
        "Third_Party_Dependant_For_Conne": null,
        "Latitude": -33.97999786,
        "Longitude": 18.46017998
      }
    },
    {
      "attributes": {
        "Precincts": "Claremont",
        "Quickbase_Status": "Completed",
        "QBRecordID": 748,
        "Third_Party_Dependant_For_Conne": null,
        "Latitude": -33.98017128,
        "Longitude": 18.45990755
      }
    },
    {
      "attributes": {
        "Precincts": "Claremont",
        "Quickbase_Status": "Completed",
        "QBRecordID": 391,
        "Third_Party_Dependant_For_Conne": null,
        "Latitude": -33.98026689,
        "Longitude": 18.45962829
      }
    },
    {
      "attributes": {
        "Precincts": "Saddle Drive",
        "Quickbase_Status": "Completed",
        "QBRecordID": 3953,
        "Third_Party_Dependant_For_Conne": null,
        "Latitude": -26.04844538,
        "Longitude": 28.08850581
      }
    },
    {
      "attributes": {
        "Precincts": "Saddle Drive",
        "Quickbase_Status": "Completed",
        "QBRecordID": 1854,
        "Third_Party_Dependant_For_Conne": null,
        "Latitude": -26.04673382,
        "Longitude": 28.08907844
      }
    },
    {
      "attributes": {
        "Precincts": "Saddle Drive",
        "Quickbase_Status": "Completed",
        "QBRecordID": 1834,
        "Third_Party_Dependant_For_Conne": null,
        "Latitude": -26.04636353,
        "Longitude": 28.08983084
      }
    },
    {
      "attributes": {
        "Precincts": "Girton",
        "Quickbase_Status": "Completed",
        "QBRecordID": 789,
        "Third_Party_Dependant_For_Conne": null,
        "Latitude": -26.18487178,
        "Longitude": 28.03788575
      }
    },
    {
      "attributes": {
        "Precincts": "TechnoPark",
        "Quickbase_Status": "Completed",
        "QBRecordID": 1343,
        "Third_Party_Dependant_For_Conne": null,
        "Latitude": -33.96501677,
        "Longitude": 18.8387861
      }
    },
    {
      "attributes": {
        "Precincts": "TechnoPark",
        "Quickbase_Status": "Completed",
        "QBRecordID": 2197,
        "Third_Party_Dependant_For_Conne": null,
        "Latitude": -33.96590501,
        "Longitude": 18.83037988
      }
    },
    {
      "attributes": {
        "Precincts": "TechnoPark",
        "Quickbase_Status": "Completed",
        "QBRecordID": 760,
        "Third_Party_Dependant_For_Conne": null,
        "Latitude": -33.96532626,
        "Longitude": 18.84100175
      }
    },
    {
      "attributes": {
        "Precincts": "Western Services",
        "Quickbase_Status": "Completed",
        "QBRecordID": 2512,
        "Third_Party_Dependant_For_Conne": null,
        "Latitude": -26.05785468,
        "Longitude": 28.08717047
      }
    },
    {
      "attributes": {
        "Precincts": "Western Services",
        "Quickbase_Status": "Completed",
        "QBRecordID": 2508,
        "Third_Party_Dependant_For_Conne": null,
        "Latitude": -26.05749568,
        "Longitude": 28.08661433
      }
    },
    {
      "attributes": {
        "Precincts": "Western Services",
        "Quickbase_Status": "Completed",
        "QBRecordID": 2517,
        "Third_Party_Dependant_For_Conne": null,
        "Latitude": -26.06068673,
        "Longitude": 28.09000486
      }
    },
    {
      "attributes": {
        "Precincts": "Western Services",
        "Quickbase_Status": "Completed",
        "QBRecordID": 2494,
        "Third_Party_Dependant_For_Conne": null,
        "Latitude": -26.06204881,
        "Longitude": 28.08968004
      }
    },
    {
      "attributes": {
        "Precincts": "Girton",
        "Quickbase_Status": "Completed",
        "QBRecordID": 816,
        "Third_Party_Dependant_For_Conne": null,
        "Latitude": -26.18397598,
        "Longitude": 28.03748292
      }
    },
    {
      "attributes": {
        "Precincts": "Girton",
        "Quickbase_Status": "Completed",
        "QBRecordID": 817,
        "Third_Party_Dependant_For_Conne": null,
        "Latitude": -26.18414662,
        "Longitude": 28.03674915
      }
    },
    {
      "attributes": {
        "Precincts": "Ballyclare (Bally Oakes incl)",
        "Quickbase_Status": "Completed",
        "QBRecordID": 564,
        "Third_Party_Dependant_For_Conne": null,
        "Latitude": -26.07409113,
        "Longitude": 28.03025181
      }
    },
    {
      "attributes": {
        "Precincts": "Rosenpark",
        "Quickbase_Status": "Completed",
        "QBRecordID": 2730,
        "Third_Party_Dependant_For_Conne": null,
        "Latitude": -33.86981169,
        "Longitude": 18.64024679
      }
    },
    {
      "attributes": {
        "Precincts": "Rosenpark",
        "Quickbase_Status": "Completed",
        "QBRecordID": 2731,
        "Third_Party_Dependant_For_Conne": null,
        "Latitude": -33.86985972,
        "Longitude": 18.64054265
      }
    },
    {
      "attributes": {
        "Precincts": "Woodmead Estate",
        "Quickbase_Status": "Completed",
        "QBRecordID": 3942,
        "Third_Party_Dependant_For_Conne": null,
        "Latitude": -26.05139414,
        "Longitude": 28.08893235
      }
    },
    {
      "attributes": {
        "Precincts": "Woodmead Estate",
        "Quickbase_Status": "Completed",
        "QBRecordID": 3943,
        "Third_Party_Dependant_For_Conne": null,
        "Latitude": -26.0513371,
        "Longitude": 28.08945641
      }
    },
    {
      "attributes": {
        "Precincts": "Woodmead Estate",
        "Quickbase_Status": "Completed",
        "QBRecordID": 3944,
        "Third_Party_Dependant_For_Conne": null,
        "Latitude": -26.05177702,
        "Longitude": 28.08957091
      }
    },
    {
      "attributes": {
        "Precincts": "Scott Street",
        "Quickbase_Status": "Completed",
        "QBRecordID": 1717,
        "Third_Party_Dependant_For_Conne": null,
        "Latitude": -26.13471665,
        "Longitude": 28.07030722
      }
    },
    {
      "attributes": {
        "Precincts": "CPT CBD Phase 02",
        "Quickbase_Status": "Completed",
        "QBRecordID": 3103,
        "Third_Party_Dependant_For_Conne": null,
        "Latitude": -33.92085428,
        "Longitude": 18.4319668
      }
    },
    {
      "attributes": {
        "Precincts": "Rosenpark",
        "Quickbase_Status": "Completed",
        "QBRecordID": 2713,
        "Third_Party_Dependant_For_Conne": null,
        "Latitude": -33.86613707,
        "Longitude": 18.64025948
      }
    },
    {
      "attributes": {
        "Precincts": "Rosenpark",
        "Quickbase_Status": "Completed",
        "QBRecordID": 2754,
        "Third_Party_Dependant_For_Conne": null,
        "Latitude": -33.87002218,
        "Longitude": 18.64065831
      }
    },
    {
      "attributes": {
        "Precincts": "Sunninghill",
        "Quickbase_Status": "Completed",
        "QBRecordID": 381,
        "Third_Party_Dependant_For_Conne": null,
        "Latitude": -26.03535099,
        "Longitude": 28.06855707
      }
    },
    {
      "attributes": {
        "Precincts": "Sunninghill",
        "Quickbase_Status": "Completed",
        "QBRecordID": 368,
        "Third_Party_Dependant_For_Conne": null,
        "Latitude": -26.0345085,
        "Longitude": 28.06231444
      }
    },
    {
      "attributes": {
        "Precincts": "Sunninghill",
        "Quickbase_Status": "Completed",
        "QBRecordID": 719,
        "Third_Party_Dependant_For_Conne": null,
        "Latitude": -26.0352032,
        "Longitude": 28.06711703
      }
    },
    {
      "attributes": {
        "Precincts": "Sunninghill",
        "Quickbase_Status": "Completed",
        "QBRecordID": 382,
        "Third_Party_Dependant_For_Conne": null,
        "Latitude": -26.03570137,
        "Longitude": 28.06763757
      }
    },
    {
      "attributes": {
        "Precincts": "Sunninghill",
        "Quickbase_Status": "Completed",
        "QBRecordID": 589,
        "Third_Party_Dependant_For_Conne": null,
        "Latitude": -26.03258913,
        "Longitude": 28.0688573
      }
    },
    {
      "attributes": {
        "Precincts": "Sunninghill",
        "Quickbase_Status": "Completed",
        "QBRecordID": 71051,
        "Third_Party_Dependant_For_Conne": null,
        "Latitude": -26.03306882,
        "Longitude": 28.06810605
      }
    },
    {
      "attributes": {
        "Precincts": "Sunninghill",
        "Quickbase_Status": "Completed",
        "QBRecordID": 376,
        "Third_Party_Dependant_For_Conne": null,
        "Latitude": -26.0320296,
        "Longitude": 28.06385895
      }
    },
    {
      "attributes": {
        "Precincts": "Sunninghill",
        "Quickbase_Status": "Completed",
        "QBRecordID": 655,
        "Third_Party_Dependant_For_Conne": null,
        "Latitude": -26.03519235,
        "Longitude": 28.06211414
      }
    },
    {
      "attributes": {
        "Precincts": "Katherine Extension",
        "Quickbase_Status": "Completed",
        "QBRecordID": 934,
        "Third_Party_Dependant_For_Conne": null,
        "Latitude": -26.10028634,
        "Longitude": 28.07315226
      }
    },
    {
      "attributes": {
        "Precincts": "Katherine Extension",
        "Quickbase_Status": "Completed",
        "QBRecordID": 1323,
        "Third_Party_Dependant_For_Conne": null,
        "Latitude": -26.09979115,
        "Longitude": 28.07411343
      }
    },
    {
      "attributes": {
        "Precincts": "Kent",
        "Quickbase_Status": "Completed",
        "QBRecordID": 561,
        "Third_Party_Dependant_For_Conne": null,
        "Latitude": -26.09290208,
        "Longitude": 27.9998875
      }
    },
    {
      "attributes": {
        "Precincts": "Oak Avenue",
        "Quickbase_Status": "Completed",
        "QBRecordID": 667,
        "Third_Party_Dependant_For_Conne": null,
        "Latitude": -26.10024159,
        "Longitude": 28.00046892
      }
    },
    {
      "attributes": {
        "Precincts": "Oak Avenue",
        "Quickbase_Status": "Completed",
        "QBRecordID": 669,
        "Third_Party_Dependant_For_Conne": null,
        "Latitude": -26.10044007,
        "Longitude": 28.000428
      }
    },
    {
      "attributes": {
        "Precincts": "Oak Avenue",
        "Quickbase_Status": "Completed",
        "QBRecordID": 684,
        "Third_Party_Dependant_For_Conne": null,
        "Latitude": -26.10034742,
        "Longitude": 27.99987836
      }
    },
    {
      "attributes": {
        "Precincts": "Oak Avenue",
        "Quickbase_Status": "Completed",
        "QBRecordID": 513,
        "Third_Party_Dependant_For_Conne": null,
        "Latitude": -26.1001298,
        "Longitude": 27.99974778
      }
    },
    {
      "attributes": {
        "Precincts": "Oak Avenue",
        "Quickbase_Status": "Completed",
        "QBRecordID": 663,
        "Third_Party_Dependant_For_Conne": null,
        "Latitude": -26.10032313,
        "Longitude": 27.99971067
      }
    },
    {
      "attributes": {
        "Precincts": "Oak Avenue",
        "Quickbase_Status": "Completed",
        "QBRecordID": 664,
        "Third_Party_Dependant_For_Conne": null,
        "Latitude": -26.10037235,
        "Longitude": 28.00002378
      }
    },
    {
      "attributes": {
        "Precincts": "Kent",
        "Quickbase_Status": "Completed",
        "QBRecordID": 736,
        "Third_Party_Dependant_For_Conne": null,
        "Latitude": -26.09982753,
        "Longitude": 27.99873126
      }
    },
    {
      "attributes": {
        "Precincts": "Kent",
        "Quickbase_Status": "Completed",
        "QBRecordID": 737,
        "Third_Party_Dependant_For_Conne": null,
        "Latitude": -26.0997977,
        "Longitude": 27.99853377
      }
    },
    {
      "attributes": {
        "Precincts": "Kent",
        "Quickbase_Status": "Completed",
        "QBRecordID": 738,
        "Third_Party_Dependant_For_Conne": null,
        "Latitude": -26.09986221,
        "Longitude": 27.9989746
      }
    },
    {
      "attributes": {
        "Precincts": "Kent",
        "Quickbase_Status": "Completed",
        "QBRecordID": 739,
        "Third_Party_Dependant_For_Conne": null,
        "Latitude": -26.10000271,
        "Longitude": 27.99822926
      }
    },
    {
      "attributes": {
        "Precincts": "Route 21 Office Park",
        "Quickbase_Status": "Completed",
        "QBRecordID": 1971,
        "Third_Party_Dependant_For_Conne": null,
        "Latitude": -25.86045948,
        "Longitude": 28.25810032
      }
    },
    {
      "attributes": {
        "Precincts": "Route 21 Office Park",
        "Quickbase_Status": "Completed",
        "QBRecordID": 1972,
        "Third_Party_Dependant_For_Conne": null,
        "Latitude": -25.86049265,
        "Longitude": 28.25788128
      }
    },
    {
      "attributes": {
        "Precincts": "Route 21 Office Park",
        "Quickbase_Status": "Completed",
        "QBRecordID": 1977,
        "Third_Party_Dependant_For_Conne": null,
        "Latitude": -25.86048928,
        "Longitude": 28.25723768
      }
    },
    {
      "attributes": {
        "Precincts": "James Crescent",
        "Quickbase_Status": "Completed",
        "QBRecordID": 80597,
        "Third_Party_Dependant_For_Conne": null,
        "Latitude": -26.00806828,
        "Longitude": 28.12239997
      }
    },
    {
      "attributes": {
        "Precincts": "James Crescent",
        "Quickbase_Status": "Completed",
        "QBRecordID": 2187,
        "Third_Party_Dependant_For_Conne": null,
        "Latitude": -26.00714179,
        "Longitude": 28.12480967
      }
    },
    {
      "attributes": {
        "Precincts": "James Crescent",
        "Quickbase_Status": "Completed",
        "QBRecordID": 2164,
        "Third_Party_Dependant_For_Conne": null,
        "Latitude": -26.00556046,
        "Longitude": 28.12497324
      }
    },
    {
      "attributes": {
        "Precincts": "James Crescent",
        "Quickbase_Status": "Completed",
        "QBRecordID": 2166,
        "Third_Party_Dependant_For_Conne": null,
        "Latitude": -26.0048992,
        "Longitude": 28.12451957
      }
    },
    {
      "attributes": {
        "Precincts": "James Crescent",
        "Quickbase_Status": "Completed",
        "QBRecordID": 18367,
        "Third_Party_Dependant_For_Conne": null,
        "Latitude": -26.00287085,
        "Longitude": 28.12700335
      }
    },
    {
      "attributes": {
        "Precincts": "James Crescent",
        "Quickbase_Status": "Completed",
        "QBRecordID": 2190,
        "Third_Party_Dependant_For_Conne": null,
        "Latitude": -26.00271867,
        "Longitude": 28.12728736
      }
    },
    {
      "attributes": {
        "Precincts": "James Crescent",
        "Quickbase_Status": "Completed",
        "QBRecordID": 2184,
        "Third_Party_Dependant_For_Conne": null,
        "Latitude": -26.00765011,
        "Longitude": 28.12361225
      }
    },
    {
      "attributes": {
        "Precincts": "Ingersol",
        "Quickbase_Status": "Completed",
        "QBRecordID": 2351,
        "Third_Party_Dependant_For_Conne": null,
        "Latitude": -25.78322709,
        "Longitude": 28.27951695
      }
    },
    {
      "attributes": {
        "Precincts": "Ingersol",
        "Quickbase_Status": "Completed",
        "QBRecordID": 2370,
        "Third_Party_Dependant_For_Conne": null,
        "Latitude": -25.78541887,
        "Longitude": 28.27510032
      }
    },
    {
      "attributes": {
        "Precincts": "Ingersol",
        "Quickbase_Status": "Completed",
        "QBRecordID": 2375,
        "Third_Party_Dependant_For_Conne": null,
        "Latitude": -25.78001801,
        "Longitude": 28.27668142
      }
    },
    {
      "attributes": {
        "Precincts": "Ingersol",
        "Quickbase_Status": "Completed",
        "QBRecordID": 2348,
        "Third_Party_Dependant_For_Conne": null,
        "Latitude": -25.77988234,
        "Longitude": 28.27807685
      }
    },
    {
      "attributes": {
        "Precincts": "Ingersol",
        "Quickbase_Status": "Completed",
        "QBRecordID": 2346,
        "Third_Party_Dependant_For_Conne": null,
        "Latitude": -25.78759143,
        "Longitude": 28.27895064
      }
    },
    {
      "attributes": {
        "Precincts": "Ingersol",
        "Quickbase_Status": "Completed",
        "QBRecordID": 2353,
        "Third_Party_Dependant_For_Conne": null,
        "Latitude": -25.78291006,
        "Longitude": 28.27857797
      }
    },
    {
      "attributes": {
        "Precincts": "Ingersol",
        "Quickbase_Status": "Completed",
        "QBRecordID": 2364,
        "Third_Party_Dependant_For_Conne": null,
        "Latitude": -25.78710059,
        "Longitude": 28.2780068
      }
    },
    {
      "attributes": {
        "Precincts": "Ingersol",
        "Quickbase_Status": "Completed",
        "QBRecordID": 2357,
        "Third_Party_Dependant_For_Conne": null,
        "Latitude": -25.78305321,
        "Longitude": 28.27804887
      }
    },
    {
      "attributes": {
        "Precincts": "James Crescent",
        "Quickbase_Status": "Completed",
        "QBRecordID": 2134,
        "Third_Party_Dependant_For_Conne": null,
        "Latitude": -26.00974885,
        "Longitude": 28.12386317
      }
    },
    {
      "attributes": {
        "Precincts": "James Crescent",
        "Quickbase_Status": "Completed",
        "QBRecordID": 2137,
        "Third_Party_Dependant_For_Conne": null,
        "Latitude": -26.01032091,
        "Longitude": 28.12361681
      }
    },
    {
      "attributes": {
        "Precincts": "James Crescent",
        "Quickbase_Status": "Completed",
        "QBRecordID": 2138,
        "Third_Party_Dependant_For_Conne": null,
        "Latitude": -26.01003316,
        "Longitude": 28.12336769
      }
    },
    {
      "attributes": {
        "Precincts": "Ann Crescent",
        "Quickbase_Status": "Completed",
        "QBRecordID": 70440,
        "Third_Party_Dependant_For_Conne": null,
        "Latitude": -26.10079304,
        "Longitude": 28.06963571
      }
    },
    {
      "attributes": {
        "Precincts": "Ann Crescent",
        "Quickbase_Status": "Completed",
        "QBRecordID": 929,
        "Third_Party_Dependant_For_Conne": null,
        "Latitude": -26.10028883,
        "Longitude": 28.07049242
      }
    },
    {
      "attributes": {
        "Precincts": "Ann Crescent",
        "Quickbase_Status": "Completed",
        "QBRecordID": 931,
        "Third_Party_Dependant_For_Conne": null,
        "Latitude": -26.10235212,
        "Longitude": 28.0716939
      }
    },
    {
      "attributes": {
        "Precincts": "Ann Crescent",
        "Quickbase_Status": "Completed",
        "QBRecordID": 921,
        "Third_Party_Dependant_For_Conne": null,
        "Latitude": -26.10152198,
        "Longitude": 28.07062235
      }
    },
    {
      "attributes": {
        "Precincts": "Ann Crescent",
        "Quickbase_Status": "Completed",
        "QBRecordID": 1346,
        "Third_Party_Dependant_For_Conne": null,
        "Latitude": -26.10038922,
        "Longitude": 28.07103981
      }
    },
    {
      "attributes": {
        "Precincts": "Bryanston Extension",
        "Quickbase_Status": "Completed",
        "QBRecordID": 1869,
        "Third_Party_Dependant_For_Conne": null,
        "Latitude": -26.04533852,
        "Longitude": 28.02350479
      }
    },
    {
      "attributes": {
        "Precincts": "Hatfield (Phase 3)",
        "Quickbase_Status": "Completed",
        "QBRecordID": 2982,
        "Third_Party_Dependant_For_Conne": null,
        "Latitude": -25.74289444,
        "Longitude": 28.24387549
      }
    },
    {
      "attributes": {
        "Precincts": "Rosebank Phase 2",
        "Quickbase_Status": "Completed",
        "QBRecordID": 3989,
        "Third_Party_Dependant_For_Conne": null,
        "Latitude": -26.14238256,
        "Longitude": 28.03909901
      }
    },
    {
      "attributes": {
        "Precincts": "Rosebank Phase 1",
        "Quickbase_Status": "Completed",
        "QBRecordID": 2878,
        "Third_Party_Dependant_For_Conne": null,
        "Latitude": -26.1422825,
        "Longitude": 28.04085884
      }
    },
    {
      "attributes": {
        "Precincts": "Witch-Hazel",
        "Quickbase_Status": "Completed",
        "QBRecordID": 1258,
        "Third_Party_Dependant_For_Conne": null,
        "Latitude": -25.87017555,
        "Longitude": 28.18784679
      }
    },
    {
      "attributes": {
        "Precincts": "Witch-Hazel",
        "Quickbase_Status": "Completed",
        "QBRecordID": 1272,
        "Third_Party_Dependant_For_Conne": null,
        "Latitude": -25.87374555,
        "Longitude": 28.17977162
      }
    },
    {
      "attributes": {
        "Precincts": "Witch-Hazel",
        "Quickbase_Status": "Completed",
        "QBRecordID": 1275,
        "Third_Party_Dependant_For_Conne": null,
        "Latitude": -25.87405836,
        "Longitude": 28.18133661
      }
    },
    {
      "attributes": {
        "Precincts": "Rosebank Phase 1",
        "Quickbase_Status": "Completed",
        "QBRecordID": 2970,
        "Third_Party_Dependant_For_Conne": null,
        "Latitude": -26.14853343,
        "Longitude": 28.03536604
      }
    },
    {
      "attributes": {
        "Precincts": "Rosebank Phase 2",
        "Quickbase_Status": "Completed",
        "QBRecordID": 3522,
        "Third_Party_Dependant_For_Conne": null,
        "Latitude": -26.14626961,
        "Longitude": 28.0393258
      }
    },
    {
      "attributes": {
        "Precincts": "Rosebank Phase 2",
        "Quickbase_Status": "Completed",
        "QBRecordID": 2881,
        "Third_Party_Dependant_For_Conne": null,
        "Latitude": -26.14704538,
        "Longitude": 28.03861519
      }
    },
    {
      "attributes": {
        "Precincts": "Steenberg",
        "Quickbase_Status": "Completed",
        "QBRecordID": 2536,
        "Third_Party_Dependant_For_Conne": null,
        "Latitude": -34.08064891,
        "Longitude": 18.4340356
      }
    },
    {
      "attributes": {
        "Precincts": "Steenberg",
        "Quickbase_Status": "Completed",
        "QBRecordID": 2537,
        "Third_Party_Dependant_For_Conne": null,
        "Latitude": -34.08077949,
        "Longitude": 18.4342786
      }
    },
    {
      "attributes": {
        "Precincts": "Steenberg",
        "Quickbase_Status": "Completed",
        "QBRecordID": 2526,
        "Third_Party_Dependant_For_Conne": null,
        "Latitude": -34.08222427,
        "Longitude": 18.43837453
      }
    },
    {
      "attributes": {
        "Precincts": "Capital Hill",
        "Quickbase_Status": "Completed",
        "QBRecordID": 2836,
        "Third_Party_Dependant_For_Conne": null,
        "Latitude": -26.01200454,
        "Longitude": 28.1282933
      }
    },
    {
      "attributes": {
        "Precincts": "Capital Hill",
        "Quickbase_Status": "Completed",
        "QBRecordID": 2418,
        "Third_Party_Dependant_For_Conne": null,
        "Latitude": -26.01163685,
        "Longitude": 28.12866722
      }
    },
    {
      "attributes": {
        "Precincts": "Capital Hill",
        "Quickbase_Status": "Completed",
        "QBRecordID": 2837,
        "Third_Party_Dependant_For_Conne": null,
        "Latitude": -26.01138995,
        "Longitude": 28.12778336
      }
    },
    {
      "attributes": {
        "Precincts": "Peter Place",
        "Quickbase_Status": "Completed",
        "QBRecordID": 405,
        "Third_Party_Dependant_For_Conne": null,
        "Latitude": -26.08162309,
        "Longitude": 28.02073063
      }
    },
    {
      "attributes": {
        "Precincts": "Peter Place",
        "Quickbase_Status": "Completed",
        "QBRecordID": 689,
        "Third_Party_Dependant_For_Conne": null,
        "Latitude": -26.0809523,
        "Longitude": 28.01895659
      }
    },
    {
      "attributes": {
        "Precincts": "Peter Place",
        "Quickbase_Status": "Completed",
        "QBRecordID": 690,
        "Third_Party_Dependant_For_Conne": null,
        "Latitude": -26.08061976,
        "Longitude": 28.01865509
      }
    },
    {
      "attributes": {
        "Precincts": "Design Quarter",
        "Quickbase_Status": "Completed",
        "QBRecordID": 2390,
        "Third_Party_Dependant_For_Conne": null,
        "Latitude": -26.03190574,
        "Longitude": 28.01329592
      }
    },
    {
      "attributes": {
        "Precincts": "Design Quarter",
        "Quickbase_Status": "Completed",
        "QBRecordID": 2381,
        "Third_Party_Dependant_For_Conne": null,
        "Latitude": -26.03199515,
        "Longitude": 28.01231807
      }
    },
    {
      "attributes": {
        "Precincts": "Design Quarter",
        "Quickbase_Status": "Completed",
        "QBRecordID": 2393,
        "Third_Party_Dependant_For_Conne": null,
        "Latitude": -26.03292912,
        "Longitude": 28.01218447
      }
    }
  ],
  "exceededTransferLimit": true
}

Response body doesn't match expectation.
Expected: a string containing "Planned"
  Actual: {
  "displayFieldName": "Building_Name",
  "fieldAliases": {
    "Precincts": "Precinct",
    "Quickbase_Status": "Status",
    "QBRecordID": "RecordID",
    "Third_Party_Dependant_For_Conne": "Third Party",
    "Latitude": "Latitude",
    "Longitude": "Longitude"
  },
  "fields": [
    {
      "name": "Precincts",
      "type": "esriFieldTypeString",
      "alias": "Precinct",
      "length": 100
    },
    {
      "name": "Quickbase_Status",
      "type": "esriFieldTypeString",
      "alias": "Status",
      "length": 100
    },
    {
      "name": "QBRecordID",
      "type": "esriFieldTypeInteger",
      "alias": "RecordID"
    },
    {
      "name": "Third_Party_Dependant_For_Conne",
      "type": "esriFieldTypeString",
      "alias": "Third Party",
      "length": 50
    },
    {
      "name": "Latitude",
      "type": "esriFieldTypeDouble",
      "alias": "Latitude"
    },
    {
      "name": "Longitude",
      "type": "esriFieldTypeDouble",
      "alias": "Longitude"
    }
  ],
  "features": [
    {
      "attributes": {
        "Precincts": "Hatfield (Phase 3)",
        "Quickbase_Status": "Completed",
        "QBRecordID": 0,
        "Third_Party_Dependant_For_Conne": null,
        "Latitude": -25.74436218,
        "Longitude": 28.25205278
      }
    },
    {
      "attributes": {
        "Precincts": "Hatfield (Phase 3)",
        "Quickbase_Status": "Completed",
        "QBRecordID": 0,
        "Third_Party_Dependant_For_Conne": null,
        "Latitude": -25.74276372,
        "Longitude": 28.25427695
      }
    },
    {
      "attributes": {
        "Precincts": "Hatfield (Phase 3)",
        "Quickbase_Status": "Completed",
        "QBRecordID": 0,
        "Third_Party_Dependant_For_Conne": null,
        "Latitude": -25.74203227,
        "Longitude": 28.25473061
      }
    },
    {
      "attributes": {
        "Precincts": "Hatfield (Phase 3)",
        "Quickbase_Status": "Completed",
        "QBRecordID": 0,
        "Third_Party_Dependant_For_Conne": null,
        "Latitude": -25.7433278,
        "Longitude": 28.25408258
      }
    },
    {
      "attributes": {
        "Precincts": "Hatfield (Phase 3)",
        "Quickbase_Status": "Completed",
        "QBRecordID": 0,
        "Third_Party_Dependant_For_Conne": null,
        "Latitude": -25.74350059,
        "Longitude": 28.25399014
      }
    },
    {
      "attributes": {
        "Precincts": "Hatfield (Phase 3)",
        "Quickbase_Status": "Completed",
        "QBRecordID": 0,
        "Third_Party_Dependant_For_Conne": null,
        "Latitude": -25.74352628,
        "Longitude": 28.24049073
      }
    },
    {
      "attributes": {
        "Precincts": "Hatfield (Phase 3)",
        "Quickbase_Status": "Completed",
        "QBRecordID": 0,
        "Third_Party_Dependant_For_Conne": null,
        "Latitude": -25.74325099,
        "Longitude": 28.24324536
      }
    },
    {
      "attributes": {
        "Precincts": "Hatfield (Phase 3)",
        "Quickbase_Status": "Completed",
        "QBRecordID": 0,
        "Third_Party_Dependant_For_Conne": null,
        "Latitude": -25.74273355,
        "Longitude": 28.24468086
      }
    },
    {
      "attributes": {
        "Precincts": "Hatfield (Phase 3)",
        "Quickbase_Status": "Completed",
        "QBRecordID": 0,
        "Third_Party_Dependant_For_Conne": null,
        "Latitude": -25.74294807,
        "Longitude": 28.24599588
      }
    },
    {
      "attributes": {
        "Precincts": "Hatfield (Phase 3)",
        "Quickbase_Status": "Completed",
        "QBRecordID": 0,
        "Third_Party_Dependant_For_Conne": null,
        "Latitude": -25.74321616,
        "Longitude": 28.24666508
      }
    },
    {
      "attributes": {
        "Precincts": "Hatfield (Phase 3)",
        "Quickbase_Status": "Completed",
        "QBRecordID": 0,
        "Third_Party_Dependant_For_Conne": null,
        "Latitude": -25.74390098,
        "Longitude": 28.244998
      }
    },
    {
      "attributes": {
        "Precincts": "Hatfield (Phase 3)",
        "Quickbase_Status": "Completed",
        "QBRecordID": 0,
        "Third_Party_Dependant_For_Conne": null,
        "Latitude": -25.74370276,
        "Longitude": 28.24181519
      }
    },
    {
      "attributes": {
        "Precincts": "Hatfield (Phase 3)",
        "Quickbase_Status": "Completed",
        "QBRecordID": 0,
        "Third_Party_Dependant_For_Conne": null,
        "Latitude": -25.74279449,
        "Longitude": 28.24567563
      }
    },
    {
      "attributes": {
        "Precincts": "Hatfield (Phase 3)",
        "Quickbase_Status": "Completed",
        "QBRecordID": 0,
        "Third_Party_Dependant_For_Conne": null,
        "Latitude": -25.74297621,
        "Longitude": 28.24569097
      }
    },
    {
      "attributes": {
        "Precincts": "Hatfield (Phase 3)",
        "Quickbase_Status": "Completed",
        "QBRecordID": 0,
        "Third_Party_Dependant_For_Conne": null,
        "Latitude": -25.74307158,
        "Longitude": 28.24570035
      }
    },
    {
      "attributes": {
        "Precincts": "Hatfield (Phase 3)",
        "Quickbase_Status": "Completed",
        "QBRecordID": 0,
        "Third_Party_Dependant_For_Conne": null,
        "Latitude": -25.74305507,
        "Longitude": 28.24464659
      }
    },
    {
      "attributes": {
        "Precincts": "Hatfield (Phase 3)",
        "Quickbase_Status": "Completed",
        "QBRecordID": 0,
        "Third_Party_Dependant_For_Conne": null,
        "Latitude": -25.74586196,
        "Longitude": 28.24257293
      }
    },
    {
      "attributes": {
        "Precincts": "Hatfield (Phase 3)",
        "Quickbase_Status": "Completed",
        "QBRecordID": 0,
        "Third_Party_Dependant_For_Conne": null,
        "Latitude": -25.74577449,
        "Longitude": 28.2429262
      }
    },
    {
      "attributes": {
        "Precincts": "Hatfield (Phase 3)",
        "Quickbase_Status": "Completed",
        "QBRecordID": 0,
        "Third_Party_Dependant_For_Conne": null,
        "Latitude": -25.7427638,
        "Longitude": 28.24547975
      }
    },
    {
      "attributes": {
        "Precincts": "Hatfield (Phase 3)",
        "Quickbase_Status": "Completed",
        "QBRecordID": 0,
        "Third_Party_Dependant_For_Conne": null,
        "Latitude": -25.74334229,
        "Longitude": 28.24357935
      }
    },
    {
      "attributes": {
        "Precincts": "Hatfield (Phase 3)",
        "Quickbase_Status": "Completed",
        "QBRecordID": 0,
        "Third_Party_Dependant_For_Conne": null,
        "Latitude": -25.7430876,
        "Longitude": 28.2434301
      }
    },
    {
      "attributes": {
        "Precincts": "Hatfield (Phase 3)",
        "Quickbase_Status": "Completed",
        "QBRecordID": 0,
        "Third_Party_Dependant_For_Conne": null,
        "Latitude": -25.74287588,
        "Longitude": 28.24456706
      }
    },
    {
      "attributes": {
        "Precincts": "Hatfield (Phase 3)",
        "Quickbase_Status": "Completed",
        "QBRecordID": 0,
        "Third_Party_Dependant_For_Conne": null,
        "Latitude": -25.74289802,
        "Longitude": 28.24468084
      }
    },
    {
      "attributes": {
        "Precincts": "Hatfield (Phase 3)",
        "Quickbase_Status": "Completed",
        "QBRecordID": 0,
        "Third_Party_Dependant_For_Conne": null,
        "Latitude": -25.7428615,
        "Longitude": 28.24485163
      }
    },
    {
      "attributes": {
        "Precincts": "Hatfield (Phase 3)",
        "Quickbase_Status": "Completed",
        "QBRecordID": 0,
        "Third_Party_Dependant_For_Conne": null,
        "Latitude": -25.74288289,
        "Longitude": 28.24517645
      }
    },
    {
      "attributes": {
        "Precincts": "Hatfield (Phase 3)",
        "Quickbase_Status": "Completed",
        "QBRecordID": 0,
        "Third_Party_Dependant_For_Conne": null,
        "Latitude": -25.74266584,
        "Longitude": 28.24646307
      }
    },
    {
      "attributes": {
        "Precincts": "Hatfield (Phase 3)",
        "Quickbase_Status": "Completed",
        "QBRecordID": 0,
        "Third_Party_Dependant_For_Conne": null,
        "Latitude": -25.74284778,
        "Longitude": 28.24633798
      }
    },
    {
      "attributes": {
        "Precincts": "Ashley Gardens",
        "Quickbase_Status": "Completed",
        "QBRecordID": 0,
        "Third_Party_Dependant_For_Conne": null,
        "Latitude": -25.78390097,
        "Longitude": 28.26509116
      }
    },
    {
      "attributes": {
        "Precincts": "Ashley Gardens",
        "Quickbase_Status": "Completed",
        "QBRecordID": 0,
        "Third_Party_Dependant_For_Conne": null,
        "Latitude": -25.7807455,
        "Longitude": 28.26679443
      }
    },
    {
      "attributes": {
        "Precincts": "Ashley Gardens",
        "Quickbase_Status": "Completed",
        "QBRecordID": 0,
        "Third_Party_Dependant_For_Conne": null,
        "Latitude": -25.7833111,
        "Longitude": 28.26695104
      }
    },
    {
      "attributes": {
        "Precincts": "Ashley Gardens",
        "Quickbase_Status": "Completed",
        "QBRecordID": 0,
        "Third_Party_Dependant_For_Conne": null,
        "Latitude": -25.78307294,
        "Longitude": 28.26690806
      }
    },
    {
      "attributes": {
        "Precincts": "Ashley Gardens",
        "Quickbase_Status": "Completed",
        "QBRecordID": 0,
        "Third_Party_Dependant_For_Conne": null,
        "Latitude": -25.78350417,
        "Longitude": 28.26641583
      }
    },
    {
      "attributes": {
        "Precincts": "Hatfield (Phase 3)",
        "Quickbase_Status": "Completed",
        "QBRecordID": 0,
        "Third_Party_Dependant_For_Conne": null,
        "Latitude": -25.7417734,
        "Longitude": 28.24299214
      }
    },
    {
      "attributes": {
        "Precincts": "Hatfield (Phase 3)",
        "Quickbase_Status": "Completed",
        "QBRecordID": 0,
        "Third_Party_Dependant_For_Conne": null,
        "Latitude": -25.74182338,
        "Longitude": 28.24479105
      }
    },
    {
      "attributes": {
        "Precincts": "Hatfield (Phase 3)",
        "Quickbase_Status": "Completed",
        "QBRecordID": 0,
        "Third_Party_Dependant_For_Conne": null,
        "Latitude": -25.74198,
        "Longitude": 28.24465089
      }
    },
    {
      "attributes": {
        "Precincts": "Hatfield (Phase 3)",
        "Quickbase_Status": "Completed",
        "QBRecordID": 0,
        "Third_Party_Dependant_For_Conne": null,
        "Latitude": -25.74198637,
        "Longitude": 28.24481732
      }
    },
    {
      "attributes": {
        "Precincts": "Hatfield (Phase 3)",
        "Quickbase_Status": "Completed",
        "QBRecordID": 0,
        "Third_Party_Dependant_For_Conne": null,
        "Latitude": -25.7423543,
        "Longitude": 28.24458331
      }
    },
    {
      "attributes": {
        "Precincts": "Hatfield (Phase 3)",
        "Quickbase_Status": "Completed",
        "QBRecordID": 0,
        "Third_Party_Dependant_For_Conne": null,
        "Latitude": -25.74232228,
        "Longitude": 28.24504744
      }
    },
    {
      "attributes": {
        "Precincts": "Hatfield (Phase 3)",
        "Quickbase_Status": "Completed",
        "QBRecordID": 0,
        "Third_Party_Dependant_For_Conne": null,
        "Latitude": -25.74227251,
        "Longitude": 28.24478825
      }
    },
    {
      "attributes": {
        "Precincts": "Hatfield (Phase 3)",
        "Quickbase_Status": "Completed",
        "QBRecordID": 0,
        "Third_Party_Dependant_For_Conne": null,
        "Latitude": -25.74222775,
        "Longitude": 28.24502319
      }
    },
    {
      "attributes": {
        "Precincts": "Hatfield (Phase 3)",
        "Quickbase_Status": "Completed",
        "QBRecordID": 0,
        "Third_Party_Dependant_For_Conne": null,
        "Latitude": -25.74204626,
        "Longitude": 28.24691848
      }
    },
    {
      "attributes": {
        "Precincts": "Hatfield (Phase 3)",
        "Quickbase_Status": "Completed",
        "QBRecordID": 0,
        "Third_Party_Dependant_For_Conne": null,
        "Latitude": -25.74208547,
        "Longitude": 28.24621041
      }
    },
    {
      "attributes": {
        "Precincts": "Hatfield (Phase 3)",
        "Quickbase_Status": "Completed",
        "QBRecordID": 0,
        "Third_Party_Dependant_For_Conne": null,
        "Latitude": -25.74205714,
        "Longitude": 28.24648037
      }
    },
    {
      "attributes": {
        "Precincts": "Hatfield (Phase 3)",
        "Quickbase_Status": "Completed",
        "QBRecordID": 0,
        "Third_Party_Dependant_For_Conne": null,
        "Latitude": -25.74220383,
        "Longitude": 28.24646788
      }
    },
    {
      "attributes": {
        "Precincts": "Hatfield (Phase 3)",
        "Quickbase_Status": "Completed",
        "QBRecordID": 0,
        "Third_Party_Dependant_For_Conne": null,
        "Latitude": -25.74217362,
        "Longitude": 28.24665653
      }
    },
    {
      "attributes": {
        "Precincts": "Hatfield (Phase 3)",
        "Quickbase_Status": "Completed",
        "QBRecordID": 0,
        "Third_Party_Dependant_For_Conne": null,
        "Latitude": -25.74192201,
        "Longitude": 28.24505786
      }
    },
    {
      "attributes": {
        "Precincts": "Hatfield (Phase 3)",
        "Quickbase_Status": "Completed",
        "QBRecordID": 0,
        "Third_Party_Dependant_For_Conne": null,
        "Latitude": -25.74210364,
        "Longitude": 28.2449134
      }
    },
    {
      "attributes": {
        "Precincts": "Hatfield (Phase 3)",
        "Quickbase_Status": "Completed",
        "QBRecordID": 0,
        "Third_Party_Dependant_For_Conne": null,
        "Latitude": -25.74207283,
        "Longitude": 28.24543473
      }
    },
    {
      "attributes": {
        "Precincts": "Hatfield (Phase 3)",
        "Quickbase_Status": "Completed",
        "QBRecordID": 0,
        "Third_Party_Dependant_For_Conne": null,
        "Latitude": -25.74224499,
        "Longitude": 28.24538787
      }
    },
    {
      "attributes": {
        "Precincts": "Hatfield (Phase 3)",
        "Quickbase_Status": "Completed",
        "QBRecordID": 0,
        "Third_Party_Dependant_For_Conne": null,
        "Latitude": -25.74223028,
        "Longitude": 28.24561689
      }
    },
    {
      "attributes": {
        "Precincts": "Hatfield (Phase 3)",
        "Quickbase_Status": "Completed",
        "QBRecordID": 0,
        "Third_Party_Dependant_For_Conne": null,
        "Latitude": -25.7423332,
        "Longitude": 28.24562707
      }
    },
    {
      "attributes": {
        "Precincts": "Hatfield (Phase 3)",
        "Quickbase_Status": "Completed",
        "QBRecordID": 0,
        "Third_Party_Dependant_For_Conne": null,
        "Latitude": -25.74229591,
        "Longitude": 28.24576836
      }
    },
    {
      "attributes": {
        "Precincts": "Ashley Gardens",
        "Quickbase_Status": "Completed",
        "QBRecordID": 0,
        "Third_Party_Dependant_For_Conne": null,
        "Latitude": -25.78082304,
        "Longitude": 28.26452711
      }
    },
    {
      "attributes": {
        "Precincts": "Ashley Gardens",
        "Quickbase_Status": "Completed",
        "QBRecordID": 0,
        "Third_Party_Dependant_For_Conne": null,
        "Latitude": -25.78092287,
        "Longitude": 28.26476534
      }
    },
    {
      "attributes": {
        "Precincts": "Ashley Gardens",
        "Quickbase_Status": "Completed",
        "QBRecordID": 0,
        "Third_Party_Dependant_For_Conne": null,
        "Latitude": -25.78131637,
        "Longitude": 28.26300273
      }
    },
    {
      "attributes": {
        "Precincts": "Ashley Gardens",
        "Quickbase_Status": "Completed",
        "QBRecordID": 0,
        "Third_Party_Dependant_For_Conne": null,
        "Latitude": -25.78111428,
        "Longitude": 28.2630334
      }
    },
    {
      "attributes": {
        "Precincts": "Ashley Gardens",
        "Quickbase_Status": "Completed",
        "QBRecordID": 0,
        "Third_Party_Dependant_For_Conne": null,
        "Latitude": -25.78095798,
        "Longitude": 28.2630955
      }
    },
    {
      "attributes": {
        "Precincts": "Ashley Gardens",
        "Quickbase_Status": "Completed",
        "QBRecordID": 0,
        "Third_Party_Dependant_For_Conne": null,
        "Latitude": -25.7819595,
        "Longitude": 28.26593401
      }
    },
    {
      "attributes": {
        "Precincts": "Ashley Gardens",
        "Quickbase_Status": "Completed",
        "QBRecordID": 0,
        "Third_Party_Dependant_For_Conne": null,
        "Latitude": -25.78264944,
        "Longitude": 28.26565978
      }
    },
    {
      "attributes": {
        "Precincts": "Ashley Gardens",
        "Quickbase_Status": "Completed",
        "QBRecordID": 0,
        "Third_Party_Dependant_For_Conne": null,
        "Latitude": -25.78270011,
        "Longitude": 28.26494167
      }
    },
    {
      "attributes": {
        "Precincts": "Ashley Gardens",
        "Quickbase_Status": "Completed",
        "QBRecordID": 0,
        "Third_Party_Dependant_For_Conne": null,
        "Latitude": -25.78223924,
        "Longitude": 28.26581044
      }
    },
    {
      "attributes": {
        "Precincts": "Hatfield (Phase 3)",
        "Quickbase_Status": "Completed",
        "QBRecordID": 0,
        "Third_Party_Dependant_For_Conne": null,
        "Latitude": -25.74348943,
        "Longitude": 28.24062131
      }
    },
    {
      "attributes": {
        "Precincts": "Hatfield (Phase 3)",
        "Quickbase_Status": "Completed",
        "QBRecordID": 0,
        "Third_Party_Dependant_For_Conne": null,
        "Latitude": -25.74397559,
        "Longitude": 28.24060997
      }
    },
    {
      "attributes": {
        "Precincts": "Hatfield (Phase 3)",
        "Quickbase_Status": "Completed",
        "QBRecordID": 0,
        "Third_Party_Dependant_For_Conne": null,
        "Latitude": -25.74366386,
        "Longitude": 28.24059768
      }
    },
    {
      "attributes": {
        "Precincts": "Hatfield (Phase 3)",
        "Quickbase_Status": "Completed",
        "QBRecordID": 0,
        "Third_Party_Dependant_For_Conne": null,
        "Latitude": -25.74387432,
        "Longitude": 28.24045779
      }
    },
    {
      "attributes": {
        "Precincts": "Hatfield (Phase 3)",
        "Quickbase_Status": "Completed",
        "QBRecordID": 0,
        "Third_Party_Dependant_For_Conne": null,
        "Latitude": -25.74553077,
        "Longitude": 28.24069471
      }
    },
    {
      "attributes": {
        "Precincts": "Brooklyn",
        "Quickbase_Status": "Completed",
        "QBRecordID": 0,
        "Third_Party_Dependant_For_Conne": null,
        "Latitude": -25.76749229,
        "Longitude": 28.23546374
      }
    },
    {
      "attributes": {
        "Precincts": "Hatfield (Phase 3)",
        "Quickbase_Status": "Completed",
        "QBRecordID": 0,
        "Third_Party_Dependant_For_Conne": null,
        "Latitude": -25.74341963,
        "Longitude": 28.24082629
      }
    },
    {
      "attributes": {
        "Precincts": "Hatfield (Phase 3)",
        "Quickbase_Status": "Completed",
        "QBRecordID": 0,
        "Third_Party_Dependant_For_Conne": null,
        "Latitude": -25.74613544,
        "Longitude": 28.24139929
      }
    },
    {
      "attributes": {
        "Precincts": "Hatfield (Phase 3)",
        "Quickbase_Status": "Completed",
        "QBRecordID": 0,
        "Third_Party_Dependant_For_Conne": null,
        "Latitude": -25.74595894,
        "Longitude": 28.24187066
      }
    },
    {
      "attributes": {
        "Precincts": "Hatfield (Phase 3)",
        "Quickbase_Status": "Completed",
        "QBRecordID": 0,
        "Third_Party_Dependant_For_Conne": null,
        "Latitude": -25.74599775,
        "Longitude": 28.24177131
      }
    },
    {
      "attributes": {
        "Precincts": "Hatfield (Phase 3)",
        "Quickbase_Status": "Completed",
        "QBRecordID": 0,
        "Third_Party_Dependant_For_Conne": null,
        "Latitude": -25.74342748,
        "Longitude": 28.24107043
      }
    },
    {
      "attributes": {
        "Precincts": "Brooklyn",
        "Quickbase_Status": "Completed",
        "QBRecordID": 0,
        "Third_Party_Dependant_For_Conne": null,
        "Latitude": -25.77248661,
        "Longitude": 28.23230267
      }
    },
    {
      "attributes": {
        "Precincts": "Hatfield (Phase 3)",
        "Quickbase_Status": "Completed",
        "QBRecordID": 0,
        "Third_Party_Dependant_For_Conne": null,
        "Latitude": -25.7448844,
        "Longitude": 28.2406485
      }
    },
    {
      "attributes": {
        "Precincts": "Hatfield (Phase 3)",
        "Quickbase_Status": "Completed",
        "QBRecordID": 0,
        "Third_Party_Dependant_For_Conne": null,
        "Latitude": -25.74533751,
        "Longitude": 28.240689
      }
    },
    {
      "attributes": {
        "Precincts": "Hatfield (Phase 3)",
        "Quickbase_Status": "Completed",
        "QBRecordID": 0,
        "Third_Party_Dependant_For_Conne": null,
        "Latitude": -25.74602913,
        "Longitude": 28.24157318
      }
    },
    {
      "attributes": {
        "Precincts": "Brooklyn",
        "Quickbase_Status": "Completed",
        "QBRecordID": 0,
        "Third_Party_Dependant_For_Conne": null,
        "Latitude": -25.76674161,
        "Longitude": 28.22976586
      }
    },
    {
      "attributes": {
        "Precincts": "Brooklyn",
        "Quickbase_Status": "Completed",
        "QBRecordID": 0,
        "Third_Party_Dependant_For_Conne": null,
        "Latitude": -25.76651342,
        "Longitude": 28.23028811
      }
    },
    {
      "attributes": {
        "Precincts": "Brooklyn",
        "Quickbase_Status": "Completed",
        "QBRecordID": 0,
        "Third_Party_Dependant_For_Conne": null,
        "Latitude": -25.76683444,
        "Longitude": 28.23026579
      }
    },
    {
      "attributes": {
        "Precincts": "Brooklyn",
        "Quickbase_Status": "Completed",
        "QBRecordID": 0,
        "Third_Party_Dependant_For_Conne": null,
        "Latitude": -25.76681969,
        "Longitude": 28.23011605
      }
    },
    {
      "attributes": {
        "Precincts": "Brooklyn",
        "Quickbase_Status": "Completed",
        "QBRecordID": 0,
        "Third_Party_Dependant_For_Conne": null,
        "Latitude": -25.77302099,
        "Longitude": 28.23259821
      }
    },
    {
      "attributes": {
        "Precincts": "Brooklyn",
        "Quickbase_Status": "Completed",
        "QBRecordID": 0,
        "Third_Party_Dependant_For_Conne": null,
        "Latitude": -25.7698987,
        "Longitude": 28.23175276
      }
    },
    {
      "attributes": {
        "Precincts": "Brooklyn",
        "Quickbase_Status": "Completed",
        "QBRecordID": 0,
        "Third_Party_Dependant_For_Conne": null,
        "Latitude": -25.7701248,
        "Longitude": 28.23131808
      }
    },
    {
      "attributes": {
        "Precincts": "Brooklyn",
        "Quickbase_Status": "Completed",
        "QBRecordID": 0,
        "Third_Party_Dependant_For_Conne": null,
        "Latitude": -25.77004397,
        "Longitude": 28.2313207
      }
    },
    {
      "attributes": {
        "Precincts": "Brooklyn",
        "Quickbase_Status": "Completed",
        "QBRecordID": 0,
        "Third_Party_Dependant_For_Conne": null,
        "Latitude": -25.77007175,
        "Longitude": 28.2314513
      }
    },
    {
      "attributes": {
        "Precincts": "Brooklyn",
        "Quickbase_Status": "Completed",
        "QBRecordID": 0,
        "Third_Party_Dependant_For_Conne": null,
        "Latitude": -25.77002527,
        "Longitude": 28.23160286
      }
    },
    {
      "attributes": {
        "Precincts": "Brooklyn",
        "Quickbase_Status": "Completed",
        "QBRecordID": 0,
        "Third_Party_Dependant_For_Conne": null,
        "Latitude": -25.76999572,
        "Longitude": 28.23147968
      }
    },
    {
      "attributes": {
        "Precincts": "Brooklyn",
        "Quickbase_Status": "Completed",
        "QBRecordID": 0,
        "Third_Party_Dependant_For_Conne": null,
        "Latitude": -25.76994533,
        "Longitude": 28.23160611
      }
    },
    {
      "attributes": {
        "Precincts": "Brooklyn",
        "Quickbase_Status": "Completed",
        "QBRecordID": 0,
        "Third_Party_Dependant_For_Conne": null,
        "Latitude": -25.76997279,
        "Longitude": 28.23173701
      }
    },
    {
      "attributes": {
        "Precincts": "Brooklyn",
        "Quickbase_Status": "Completed",
        "QBRecordID": 0,
        "Third_Party_Dependant_For_Conne": null,
        "Latitude": -25.769847,
        "Longitude": 28.23189531
      }
    },
    {
      "attributes": {
        "Precincts": "Brooklyn",
        "Quickbase_Status": "Completed",
        "QBRecordID": 0,
        "Third_Party_Dependant_For_Conne": null,
        "Latitude": -25.76992616,
        "Longitude": 28.2318879
      }
    },
    {
      "attributes": {
        "Precincts": "Brooklyn",
        "Quickbase_Status": "Completed",
        "QBRecordID": 0,
        "Third_Party_Dependant_For_Conne": null,
        "Latitude": -25.76628214,
        "Longitude": 28.23176745
      }
    },
    {
      "attributes": {
        "Precincts": "Brooklyn",
        "Quickbase_Status": "Completed",
        "QBRecordID": 0,
        "Third_Party_Dependant_For_Conne": null,
        "Latitude": -25.76611712,
        "Longitude": 28.23179865
      }
    },
    {
      "attributes": {
        "Precincts": "Brooklyn",
        "Quickbase_Status": "Completed",
        "QBRecordID": 0,
        "Third_Party_Dependant_For_Conne": null,
        "Latitude": -25.76620086,
        "Longitude": 28.23190496
      }
    },
    {
      "attributes": {
        "Precincts": "Brooklyn",
        "Quickbase_Status": "Completed",
        "QBRecordID": 0,
        "Third_Party_Dependant_For_Conne": null,
        "Latitude": -25.76644766,
        "Longitude": 28.23142469
      }
    },
    {
      "attributes": {
        "Precincts": "Brooklyn",
        "Quickbase_Status": "Completed",
        "QBRecordID": 0,
        "Third_Party_Dependant_For_Conne": null,
        "Latitude": -25.76659762,
        "Longitude": 28.2312504
      }
    },
    {
      "attributes": {
        "Precincts": "Brooklyn",
        "Quickbase_Status": "Completed",
        "QBRecordID": 0,
        "Third_Party_Dependant_For_Conne": null,
        "Latitude": -25.76660797,
        "Longitude": 28.23141026
      }
    },
    {
      "attributes": {
        "Precincts": "Brooklyn",
        "Quickbase_Status": "Completed",
        "QBRecordID": 0,
        "Third_Party_Dependant_For_Conne": null,
        "Latitude": -25.76655831,
        "Longitude": 28.23148085
      }
    },
    {
      "attributes": {
        "Precincts": "Brooklyn",
        "Quickbase_Status": "Completed",
        "QBRecordID": 0,
        "Third_Party_Dependant_For_Conne": null,
        "Latitude": -25.76668191,
        "Longitude": 28.2313491
      }
    },
    {
      "attributes": {
        "Precincts": "Brooklyn",
        "Quickbase_Status": "Completed",
        "QBRecordID": 0,
        "Third_Party_Dependant_For_Conne": null,
        "Latitude": -25.76683204,
        "Longitude": 28.23081725
      }
    },
    {
      "attributes": {
        "Precincts": "Brooklyn",
        "Quickbase_Status": "Completed",
        "QBRecordID": 0,
        "Third_Party_Dependant_For_Conne": null,
        "Latitude": -25.76701877,
        "Longitude": 28.23085409
      }
    },
    {
      "attributes": {
        "Precincts": "Brooklyn",
        "Quickbase_Status": "Completed",
        "QBRecordID": 0,
        "Third_Party_Dependant_For_Conne": null,
        "Latitude": -25.76719512,
        "Longitude": 28.23148548
      }
    },
    {
      "attributes": {
        "Precincts": "Brooklyn",
        "Quickbase_Status": "Completed",
        "QBRecordID": 0,
        "Third_Party_Dependant_For_Conne": null,
        "Latitude": -25.76703867,
        "Longitude": 28.23153511
      }
    },
    {
      "attributes": {
        "Precincts": "Brooklyn",
        "Quickbase_Status": "Completed",
        "QBRecordID": 0,
        "Third_Party_Dependant_For_Conne": null,
        "Latitude": -25.76672033,
        "Longitude": 28.231602
      }
    },
    {
      "attributes": {
        "Precincts": "Brooklyn",
        "Quickbase_Status": "Completed",
        "QBRecordID": 0,
        "Third_Party_Dependant_For_Conne": null,
        "Latitude": -25.76688425,
        "Longitude": 28.23160213
      }
    },
    {
      "attributes": {
        "Precincts": "Brooklyn",
        "Quickbase_Status": "Completed",
        "QBRecordID": 0,
        "Third_Party_Dependant_For_Conne": null,
        "Latitude": -25.7666933,
        "Longitude": 28.23098297
      }
    },
    {
      "attributes": {
        "Precincts": "Brooklyn",
        "Quickbase_Status": "Completed",
        "QBRecordID": 0,
        "Third_Party_Dependant_For_Conne": null,
        "Latitude": -25.76611492,
        "Longitude": 28.23137068
      }
    },
    {
      "attributes": {
        "Precincts": "Brooklyn",
        "Quickbase_Status": "Completed",
        "QBRecordID": 0,
        "Third_Party_Dependant_For_Conne": null,
        "Latitude": -25.76456592,
        "Longitude": 28.23314137
      }
    },
    {
      "attributes": {
        "Precincts": "Brooklyn",
        "Quickbase_Status": "Completed",
        "QBRecordID": 0,
        "Third_Party_Dependant_For_Conne": null,
        "Latitude": -25.76396311,
        "Longitude": 28.23085938
      }
    },
    {
      "attributes": {
        "Precincts": "Brooklyn",
        "Quickbase_Status": "Completed",
        "QBRecordID": 0,
        "Third_Party_Dependant_For_Conne": null,
        "Latitude": -25.77274543,
        "Longitude": 28.2329149
      }
    },
    {
      "attributes": {
        "Precincts": "Brooklyn",
        "Quickbase_Status": "Completed",
        "QBRecordID": 0,
        "Third_Party_Dependant_For_Conne": null,
        "Latitude": -25.77075463,
        "Longitude": 28.23589727
      }
    },
    {
      "attributes": {
        "Precincts": "Brooklyn",
        "Quickbase_Status": "Completed",
        "QBRecordID": 0,
        "Third_Party_Dependant_For_Conne": null,
        "Latitude": -25.77125911,
        "Longitude": 28.23648687
      }
    },
    {
      "attributes": {
        "Precincts": "Brooklyn",
        "Quickbase_Status": "Completed",
        "QBRecordID": 0,
        "Third_Party_Dependant_For_Conne": null,
        "Latitude": -25.77113895,
        "Longitude": 28.23654004
      }
    },
    {
      "attributes": {
        "Precincts": "Brooklyn",
        "Quickbase_Status": "Completed",
        "QBRecordID": 0,
        "Third_Party_Dependant_For_Conne": null,
        "Latitude": -25.77116259,
        "Longitude": 28.23633779
      }
    },
    {
      "attributes": {
        "Precincts": "Brooklyn",
        "Quickbase_Status": "Completed",
        "QBRecordID": 0,
        "Third_Party_Dependant_For_Conne": null,
        "Latitude": -25.77143653,
        "Longitude": 28.23642052
      }
    },
    {
      "attributes": {
        "Precincts": "Brooklyn",
        "Quickbase_Status": "Completed",
        "QBRecordID": 0,
        "Third_Party_Dependant_For_Conne": null,
        "Latitude": -25.7685077,
        "Longitude": 28.23528665
      }
    },
    {
      "attributes": {
        "Precincts": "Brooklyn",
        "Quickbase_Status": "Completed",
        "QBRecordID": 0,
        "Third_Party_Dependant_For_Conne": null,
        "Latitude": -25.76860651,
        "Longitude": 28.23525767
      }
    },
    {
      "attributes": {
        "Precincts": "Brooklyn",
        "Quickbase_Status": "Completed",
        "QBRecordID": 0,
        "Third_Party_Dependant_For_Conne": null,
        "Latitude": -25.76868381,
        "Longitude": 28.2353838
      }
    },
    {
      "attributes": {
        "Precincts": "Brooklyn",
        "Quickbase_Status": "Completed",
        "QBRecordID": 0,
        "Third_Party_Dependant_For_Conne": null,
        "Latitude": -25.77000887,
        "Longitude": 28.2329796
      }
    },
    {
      "attributes": {
        "Precincts": "Brooklyn",
        "Quickbase_Status": "Completed",
        "QBRecordID": 0,
        "Third_Party_Dependant_For_Conne": null,
        "Latitude": -25.77003957,
        "Longitude": 28.23278179
      }
    },
    {
      "attributes": {
        "Precincts": "Brooklyn",
        "Quickbase_Status": "Completed",
        "QBRecordID": 0,
        "Third_Party_Dependant_For_Conne": null,
        "Latitude": -25.7703184,
        "Longitude": 28.23260559
      }
    },
    {
      "attributes": {
        "Precincts": "Brooklyn",
        "Quickbase_Status": "Completed",
        "QBRecordID": 0,
        "Third_Party_Dependant_For_Conne": null,
        "Latitude": -25.77052692,
        "Longitude": 28.23289576
      }
    },
    {
      "attributes": {
        "Precincts": "Brooklyn",
        "Quickbase_Status": "Completed",
        "QBRecordID": 0,
        "Third_Party_Dependant_For_Conne": null,
        "Latitude": -25.77060503,
        "Longitude": 28.23263587
      }
    },
    {
      "attributes": {
        "Precincts": "Brooklyn",
        "Quickbase_Status": "Completed",
        "QBRecordID": 0,
        "Third_Party_Dependant_For_Conne": null,
        "Latitude": -25.770567,
        "Longitude": 28.23272701
      }
    },
    {
      "attributes": {
        "Precincts": "Brooklyn",
        "Quickbase_Status": "Completed",
        "QBRecordID": 0,
        "Third_Party_Dependant_For_Conne": null,
        "Latitude": -25.77046659,
        "Longitude": 28.23303898
      }
    },
    {
      "attributes": {
        "Precincts": "Brooklyn",
        "Quickbase_Status": "Completed",
        "QBRecordID": 0,
        "Third_Party_Dependant_For_Conne": null,
        "Latitude": -25.77042254,
        "Longitude": 28.23285183
      }
    },
    {
      "attributes": {
        "Precincts": "Brooklyn",
        "Quickbase_Status": "Completed",
        "QBRecordID": 0,
        "Third_Party_Dependant_For_Conne": null,
        "Latitude": -25.77042899,
        "Longitude": 28.23312801
      }
    },
    {
      "attributes": {
        "Precincts": "Brooklyn",
        "Quickbase_Status": "Completed",
        "QBRecordID": 0,
        "Third_Party_Dependant_For_Conne": null,
        "Latitude": -25.77066084,
        "Longitude": 28.23268104
      }
    },
    {
      "attributes": {
        "Precincts": "Brooklyn",
        "Quickbase_Status": "Completed",
        "QBRecordID": 0,
        "Third_Party_Dependant_For_Conne": null,
        "Latitude": -25.76995913,
        "Longitude": 28.23265197
      }
    },
    {
      "attributes": {
        "Precincts": "Brooklyn",
        "Quickbase_Status": "Completed",
        "QBRecordID": 0,
        "Third_Party_Dependant_For_Conne": null,
        "Latitude": -25.77034963,
        "Longitude": 28.23354191
      }
    },
    {
      "attributes": {
        "Precincts": "Brooklyn",
        "Quickbase_Status": "Completed",
        "QBRecordID": 0,
        "Third_Party_Dependant_For_Conne": null,
        "Latitude": -25.768516,
        "Longitude": 28.23487551
      }
    },
    {
      "attributes": {
        "Precincts": "Brooklyn",
        "Quickbase_Status": "Completed",
        "QBRecordID": 0,
        "Third_Party_Dependant_For_Conne": null,
        "Latitude": -25.76886093,
        "Longitude": 28.2349907
      }
    },
    {
      "attributes": {
        "Precincts": "Brooklyn",
        "Quickbase_Status": "Completed",
        "QBRecordID": 0,
        "Third_Party_Dependant_For_Conne": null,
        "Latitude": -25.76997154,
        "Longitude": 28.23225013
      }
    },
    {
      "attributes": {
        "Precincts": "Brooklyn",
        "Quickbase_Status": "Completed",
        "QBRecordID": 0,
        "Third_Party_Dependant_For_Conne": null,
        "Latitude": -25.76833819,
        "Longitude": 28.23436033
      }
    },
    {
      "attributes": {
        "Precincts": "Brooklyn",
        "Quickbase_Status": "Completed",
        "QBRecordID": 0,
        "Third_Party_Dependant_For_Conne": null,
        "Latitude": -25.76713703,
        "Longitude": 28.23118707
      }
    },
    {
      "attributes": {
        "Precincts": "Ashley Gardens",
        "Quickbase_Status": "Completed",
        "QBRecordID": 0,
        "Third_Party_Dependant_For_Conne": null,
        "Latitude": -25.78478079,
        "Longitude": 28.26516922
      }
    },
    {
      "attributes": {
        "Precincts": "Hatfield (Phase 3)",
        "Quickbase_Status": "Completed",
        "QBRecordID": 0,
        "Third_Party_Dependant_For_Conne": null,
        "Latitude": -25.74287381,
        "Longitude": 28.24524603
      }
    },
    {
      "attributes": {
        "Precincts": "Hatfield (Phase 3)",
        "Quickbase_Status": "Completed",
        "QBRecordID": 0,
        "Third_Party_Dependant_For_Conne": null,
        "Latitude": -25.74287259,
        "Longitude": 28.24510321
      }
    },
    {
      "attributes": {
        "Precincts": "Hatfield (Phase 3)",
        "Quickbase_Status": "Completed",
        "QBRecordID": 0,
        "Third_Party_Dependant_For_Conne": null,
        "Latitude": -25.74293009,
        "Longitude": 28.24311823
      }
    },
    {
      "attributes": {
        "Precincts": "Hatfield (Phase 3)",
        "Quickbase_Status": "Completed",
        "QBRecordID": 0,
        "Third_Party_Dependant_For_Conne": null,
        "Latitude": -25.74168178,
        "Longitude": 28.24862664
      }
    },
    {
      "attributes": {
        "Precincts": "Hatfield (Phase 3)",
        "Quickbase_Status": "Completed",
        "QBRecordID": 0,
        "Third_Party_Dependant_For_Conne": null,
        "Latitude": -25.74167728,
        "Longitude": 28.24849523
      }
    },
    {
      "attributes": {
        "Precincts": "Hatfield (Phase 3)",
        "Quickbase_Status": "Completed",
        "QBRecordID": 0,
        "Third_Party_Dependant_For_Conne": null,
        "Latitude": -25.74166726,
        "Longitude": 28.24877122
      }
    },
    {
      "attributes": {
        "Precincts": "Ingersol",
        "Quickbase_Status": "Completed",
        "QBRecordID": 0,
        "Third_Party_Dependant_For_Conne": null,
        "Latitude": -25.78345168,
        "Longitude": 28.27684365
      }
    },
    {
      "attributes": {
        "Precincts": "Ingersol",
        "Quickbase_Status": "Completed",
        "QBRecordID": 93421,
        "Third_Party_Dependant_For_Conne": null,
        "Latitude": -25.78312071,
        "Longitude": 28.27511338
      }
    },
    {
      "attributes": {
        "Precincts": "Ingersol",
        "Quickbase_Status": "Completed",
        "QBRecordID": 0,
        "Third_Party_Dependant_For_Conne": null,
        "Latitude": -25.78260542,
        "Longitude": 28.27698748
      }
    },
    {
      "attributes": {
        "Precincts": "Ingersol",
        "Quickbase_Status": "Completed",
        "QBRecordID": 0,
        "Third_Party_Dependant_For_Conne": null,
        "Latitude": -25.78194431,
        "Longitude": 28.27697561
      }
    },
    {
      "attributes": {
        "Precincts": "Persequor Park",
        "Quickbase_Status": "Completed",
        "QBRecordID": 0,
        "Third_Party_Dependant_For_Conne": null,
        "Latitude": -25.74409621,
        "Longitude": 28.27292946
      }
    },
    {
      "attributes": {
        "Precincts": "Persequor Park",
        "Quickbase_Status": "Completed",
        "QBRecordID": 0,
        "Third_Party_Dependant_For_Conne": null,
        "Latitude": -25.74456518,
        "Longitude": 28.2729936
      }
    },
    {
      "attributes": {
        "Precincts": "Persequor Park",
        "Quickbase_Status": "Completed",
        "QBRecordID": 0,
        "Third_Party_Dependant_For_Conne": null,
        "Latitude": -25.7447577,
        "Longitude": 28.27297016
      }
    },
    {
      "attributes": {
        "Precincts": "Persequor Park",
        "Quickbase_Status": "Completed",
        "QBRecordID": 0,
        "Third_Party_Dependant_For_Conne": null,
        "Latitude": -25.74426436,
        "Longitude": 28.27309278
      }
    },
    {
      "attributes": {
        "Precincts": "Persequor Park",
        "Quickbase_Status": "Completed",
        "QBRecordID": 0,
        "Third_Party_Dependant_For_Conne": null,
        "Latitude": -25.74449704,
        "Longitude": 28.27308588
      }
    },
    {
      "attributes": {
        "Precincts": "Persequor Park",
        "Quickbase_Status": "Completed",
        "QBRecordID": 0,
        "Third_Party_Dependant_For_Conne": null,
        "Latitude": -25.74337007,
        "Longitude": 28.27819949
      }
    },
    {
      "attributes": {
        "Precincts": "Persequor Park",
        "Quickbase_Status": "Completed",
        "QBRecordID": 0,
        "Third_Party_Dependant_For_Conne": null,
        "Latitude": -25.74809476,
        "Longitude": 28.27584449
      }
    },
    {
      "attributes": {
        "Precincts": "Persequor Park",
        "Quickbase_Status": "Completed",
        "QBRecordID": 0,
        "Third_Party_Dependant_For_Conne": null,
        "Latitude": -25.74554807,
        "Longitude": 28.27261194
      }
    },
    {
      "attributes": {
        "Precincts": "Persequor Park",
        "Quickbase_Status": "Completed",
        "QBRecordID": 0,
        "Third_Party_Dependant_For_Conne": null,
        "Latitude": -25.74571442,
        "Longitude": 28.27262567
      }
    },
    {
      "attributes": {
        "Precincts": "Persequor Park",
        "Quickbase_Status": "Completed",
        "QBRecordID": 107355,
        "Third_Party_Dependant_For_Conne": null,
        "Latitude": -25.74497879,
        "Longitude": 28.2743363
      }
    },
    {
      "attributes": {
        "Precincts": "Persequor Park",
        "Quickbase_Status": "Completed",
        "QBRecordID": 0,
        "Third_Party_Dependant_For_Conne": null,
        "Latitude": -25.74719389,
        "Longitude": 28.27279018
      }
    },
    {
      "attributes": {
        "Precincts": "Persequor Park",
        "Quickbase_Status": "Completed",
        "QBRecordID": 0,
        "Third_Party_Dependant_For_Conne": null,
        "Latitude": -25.74704394,
        "Longitude": 28.27310127
      }
    },
    {
      "attributes": {
        "Precincts": "Persequor Park",
        "Quickbase_Status": "Completed",
        "QBRecordID": 0,
        "Third_Party_Dependant_For_Conne": null,
        "Latitude": -25.74528784,
        "Longitude": 28.27299871
      }
    },
    {
      "attributes": {
        "Precincts": "Persequor Park",
        "Quickbase_Status": "Completed",
        "QBRecordID": 0,
        "Third_Party_Dependant_For_Conne": null,
        "Latitude": -25.74765439,
        "Longitude": 28.2755854
      }
    },
    {
      "attributes": {
        "Precincts": "Persequor Park",
        "Quickbase_Status": "Completed",
        "QBRecordID": 0,
        "Third_Party_Dependant_For_Conne": null,
        "Latitude": -25.74797379,
        "Longitude": 28.27584575
      }
    },
    {
      "attributes": {
        "Precincts": "Persequor Park",
        "Quickbase_Status": "Completed",
        "QBRecordID": 0,
        "Third_Party_Dependant_For_Conne": null,
        "Latitude": -25.74671515,
        "Longitude": 28.27478647
      }
    },
    {
      "attributes": {
        "Precincts": "Persequor Park",
        "Quickbase_Status": "Completed",
        "QBRecordID": 0,
        "Third_Party_Dependant_For_Conne": null,
        "Latitude": -25.74557557,
        "Longitude": 28.27342246
      }
    },
    {
      "attributes": {
        "Precincts": "Persequor Park",
        "Quickbase_Status": "Completed",
        "QBRecordID": 0,
        "Third_Party_Dependant_For_Conne": null,
        "Latitude": -25.74568474,
        "Longitude": 28.27342931
      }
    },
    {
      "attributes": {
        "Precincts": "Ingersol",
        "Quickbase_Status": "Completed",
        "QBRecordID": 0,
        "Third_Party_Dependant_For_Conne": null,
        "Latitude": -25.77827266,
        "Longitude": 28.27430747
      }
    },
    {
      "attributes": {
        "Precincts": "Ingersol",
        "Quickbase_Status": "Completed",
        "QBRecordID": 0,
        "Third_Party_Dependant_For_Conne": null,
        "Latitude": -25.79052532,
        "Longitude": 28.28031974
      }
    },
    {
      "attributes": {
        "Precincts": "Ingersol",
        "Quickbase_Status": "Completed",
        "QBRecordID": 0,
        "Third_Party_Dependant_For_Conne": null,
        "Latitude": -25.78907299,
        "Longitude": 28.27952067
      }
    },
    {
      "attributes": {
        "Precincts": "Oberon",
        "Quickbase_Status": "Completed",
        "QBRecordID": 0,
        "Third_Party_Dependant_For_Conne": null,
        "Latitude": -25.78347132,
        "Longitude": 28.29085312
      }
    },
    {
      "attributes": {
        "Precincts": "Oberon",
        "Quickbase_Status": "Completed",
        "QBRecordID": 0,
        "Third_Party_Dependant_For_Conne": null,
        "Latitude": -25.78337027,
        "Longitude": 28.29120401
      }
    },
    {
      "attributes": {
        "Precincts": "Oberon",
        "Quickbase_Status": "Completed",
        "QBRecordID": 0,
        "Third_Party_Dependant_For_Conne": null,
        "Latitude": -25.77991038,
        "Longitude": 28.29015225
      }
    },
    {
      "attributes": {
        "Precincts": "Ingersol",
        "Quickbase_Status": "Completed",
        "QBRecordID": 0,
        "Third_Party_Dependant_For_Conne": null,
        "Latitude": -25.78940868,
        "Longitude": 28.27958131
      }
    },
    {
      "attributes": {
        "Precincts": "Ingersol",
        "Quickbase_Status": "Completed",
        "QBRecordID": 0,
        "Third_Party_Dependant_For_Conne": null,
        "Latitude": -25.78960012,
        "Longitude": 28.28016729
      }
    },
    {
      "attributes": {
        "Precincts": "Ingersol",
        "Quickbase_Status": "Completed",
        "QBRecordID": 0,
        "Third_Party_Dependant_For_Conne": null,
        "Latitude": -25.78984241,
        "Longitude": 28.28011662
      }
    },
    {
      "attributes": {
        "Precincts": "Ingersol",
        "Quickbase_Status": "Completed",
        "QBRecordID": 0,
        "Third_Party_Dependant_For_Conne": null,
        "Latitude": -25.78958252,
        "Longitude": 28.27963574
      }
    },
    {
      "attributes": {
        "Precincts": "Ingersol",
        "Quickbase_Status": "Completed",
        "QBRecordID": 0,
        "Third_Party_Dependant_For_Conne": null,
        "Latitude": -25.78971047,
        "Longitude": 28.28003098
      }
    },
    {
      "attributes": {
        "Precincts": "Ingersol",
        "Quickbase_Status": "Completed",
        "QBRecordID": 0,
        "Third_Party_Dependant_For_Conne": null,
        "Latitude": -25.78977401,
        "Longitude": 28.28023511
      }
    },
    {
      "attributes": {
        "Precincts": "Ingersol",
        "Quickbase_Status": "Completed",
        "QBRecordID": 0,
        "Third_Party_Dependant_For_Conne": null,
        "Latitude": -25.78987221,
        "Longitude": 28.28056704
      }
    },
    {
      "attributes": {
        "Precincts": "Ingersol",
        "Quickbase_Status": "Completed",
        "QBRecordID": 0,
        "Third_Party_Dependant_For_Conne": null,
        "Latitude": -25.79020193,
        "Longitude": 28.2801475
      }
    },
    {
      "attributes": {
        "Precincts": "Lynnwood East",
        "Quickbase_Status": "Completed",
        "QBRecordID": 0,
        "Third_Party_Dependant_For_Conne": "Yes",
        "Latitude": -25.77232595,
        "Longitude": 28.28479502
      }
    },
    {
      "attributes": {
        "Precincts": "Lynnwood East",
        "Quickbase_Status": "Completed",
        "QBRecordID": 15199,
        "Third_Party_Dependant_For_Conne": "Yes",
        "Latitude": -25.76866151,
        "Longitude": 28.29053589
      }
    },
    {
      "attributes": {
        "Precincts": "Lynnwood East",
        "Quickbase_Status": "Completed",
        "QBRecordID": 0,
        "Third_Party_Dependant_For_Conne": "Yes",
        "Latitude": -25.76907096,
        "Longitude": 28.29034332
      }
    },
    {
      "attributes": {
        "Precincts": "Lynnwood East",
        "Quickbase_Status": "Completed",
        "QBRecordID": 0,
        "Third_Party_Dependant_For_Conne": "Yes",
        "Latitude": -25.76909244,
        "Longitude": 28.29017765
      }
    },
    {
      "attributes": {
        "Precincts": "Lynnwood East",
        "Quickbase_Status": "Completed",
        "QBRecordID": 0,
        "Third_Party_Dependant_For_Conne": null,
        "Latitude": -25.76341485,
        "Longitude": 28.28036688
      }
    },
    {
      "attributes": {
        "Precincts": "Lynnwood East",
        "Quickbase_Status": "Completed",
        "QBRecordID": 0,
        "Third_Party_Dependant_For_Conne": null,
        "Latitude": -25.7634476,
        "Longitude": 28.28014369
      }
    },
    {
      "attributes": {
        "Precincts": "Lynnwood East",
        "Quickbase_Status": "Completed",
        "QBRecordID": 0,
        "Third_Party_Dependant_For_Conne": null,
        "Latitude": -25.76366993,
        "Longitude": 28.28030866
      }
    },
    {
      "attributes": {
        "Precincts": "Lynnwood East",
        "Quickbase_Status": "Completed",
        "QBRecordID": 0,
        "Third_Party_Dependant_For_Conne": null,
        "Latitude": -25.76555826,
        "Longitude": 28.28812798
      }
    },
    {
      "attributes": {
        "Precincts": "Lynnwood East",
        "Quickbase_Status": "Completed",
        "QBRecordID": 0,
        "Third_Party_Dependant_For_Conne": null,
        "Latitude": -25.76547713,
        "Longitude": 28.28802165
      }
    },
    {
      "attributes": {
        "Precincts": "Persequor Park",
        "Quickbase_Status": "Completed",
        "QBRecordID": 0,
        "Third_Party_Dependant_For_Conne": null,
        "Latitude": -25.74796809,
        "Longitude": 28.27400106
      }
    },
    {
      "attributes": {
        "Precincts": "Lynnwood East",
        "Quickbase_Status": "Completed",
        "QBRecordID": 0,
        "Third_Party_Dependant_For_Conne": "Yes",
        "Latitude": -25.7690383,
        "Longitude": 28.29050727
      }
    },
    {
      "attributes": {
        "Precincts": "Lynnwood East",
        "Quickbase_Status": "Completed",
        "QBRecordID": 0,
        "Third_Party_Dependant_For_Conne": null,
        "Latitude": -25.7639394,
        "Longitude": 28.28022385
      }
    },
    {
      "attributes": {
        "Precincts": "Lynnwood East",
        "Quickbase_Status": "Completed",
        "QBRecordID": 0,
        "Third_Party_Dependant_For_Conne": null,
        "Latitude": -25.76233629,
        "Longitude": 28.28860376
      }
    },
    {
      "attributes": {
        "Precincts": "Lynnwood East",
        "Quickbase_Status": "Completed",
        "QBRecordID": 0,
        "Third_Party_Dependant_For_Conne": null,
        "Latitude": -25.76211086,
        "Longitude": 28.28876417
      }
    },
    {
      "attributes": {
        "Precincts": "Lynnwood East",
        "Quickbase_Status": "Completed",
        "QBRecordID": 0,
        "Third_Party_Dependant_For_Conne": null,
        "Latitude": -25.76601862,
        "Longitude": 28.28834801
      }
    },
    {
      "attributes": {
        "Precincts": "Ingersol",
        "Quickbase_Status": "Completed",
        "QBRecordID": 0,
        "Third_Party_Dependant_For_Conne": null,
        "Latitude": -25.77740719,
        "Longitude": 28.27374882
      }
    },
    {
      "attributes": {
        "Precincts": "Ingersol",
        "Quickbase_Status": "Completed",
        "QBRecordID": 0,
        "Third_Party_Dependant_For_Conne": null,
        "Latitude": -25.77853136,
        "Longitude": 28.27589976
      }
    },
    {
      "attributes": {
        "Precincts": "Lynnwood East",
        "Quickbase_Status": "Completed",
        "QBRecordID": 0,
        "Third_Party_Dependant_For_Conne": null,
        "Latitude": -25.76667374,
        "Longitude": 28.28136844
      }
    },
    {
      "attributes": {
        "Precincts": "Lynnwood East",
        "Quickbase_Status": "Completed",
        "QBRecordID": 92716,
        "Third_Party_Dependant_For_Conne": null,
        "Latitude": -25.76673863,
        "Longitude": 28.28161768
      }
    },
    {
      "attributes": {
        "Precincts": "Lynnwood East",
        "Quickbase_Status": "Completed",
        "QBRecordID": 0,
        "Third_Party_Dependant_For_Conne": null,
        "Latitude": -25.76659262,
        "Longitude": 28.28163596
      }
    },
    {
      "attributes": {
        "Precincts": "Lynnwood East",
        "Quickbase_Status": "Completed",
        "QBRecordID": 0,
        "Third_Party_Dependant_For_Conne": "Yes",
        "Latitude": -25.77177483,
        "Longitude": 28.28505158
      }
    },
    {
      "attributes": {
        "Precincts": "Lynnwood East",
        "Quickbase_Status": "Completed",
        "QBRecordID": 0,
        "Third_Party_Dependant_For_Conne": "Yes",
        "Latitude": -25.77225263,
        "Longitude": 28.28525673
      }
    },
    {
      "attributes": {
        "Precincts": "Lynnwood East",
        "Quickbase_Status": "Completed",
        "QBRecordID": 0,
        "Third_Party_Dependant_For_Conne": "Yes",
        "Latitude": -25.77219776,
        "Longitude": 28.28495731
      }
    },
    {
      "attributes": {
        "Precincts": "Lynnwood East",
        "Quickbase_Status": "Completed",
        "QBRecordID": 0,
        "Third_Party_Dependant_For_Conne": "Yes",
        "Latitude": -25.77215374,
        "Longitude": 28.28624282
      }
    },
    {
      "attributes": {
        "Precincts": "Ingersol",
        "Quickbase_Status": "Completed",
        "QBRecordID": 0,
        "Third_Party_Dependant_For_Conne": null,
        "Latitude": -25.77818235,
        "Longitude": 28.27495558
      }
    },
    {
      "attributes": {
        "Precincts": "Lynnwood East",
        "Quickbase_Status": "Completed",
        "QBRecordID": 0,
        "Third_Party_Dependant_For_Conne": null,
        "Latitude": -25.76353328,
        "Longitude": 28.27930093
      }
    },
    {
      "attributes": {
        "Precincts": "Oberon",
        "Quickbase_Status": "Completed",
        "QBRecordID": 0,
        "Third_Party_Dependant_For_Conne": null,
        "Latitude": -25.78253996,
        "Longitude": 28.29032568
      }
    },
    {
      "attributes": {
        "Precincts": "Oberon",
        "Quickbase_Status": "Completed",
        "QBRecordID": 0,
        "Third_Party_Dependant_For_Conne": null,
        "Latitude": -25.78416215,
        "Longitude": 28.29109091
      }
    },
    {
      "attributes": {
        "Precincts": "Lynnwood East",
        "Quickbase_Status": "Completed",
        "QBRecordID": 94302,
        "Third_Party_Dependant_For_Conne": "Yes",
        "Latitude": -25.76879771,
        "Longitude": 28.28985241
      }
    },
    {
      "attributes": {
        "Precincts": "Lynnwood East",
        "Quickbase_Status": "Completed",
        "QBRecordID": 14590,
        "Third_Party_Dependant_For_Conne": "Yes",
        "Latitude": -25.76937522,
        "Longitude": 28.29081178
      }
    },
    {
      "attributes": {
        "Precincts": "Lynnwood East",
        "Quickbase_Status": "Completed",
        "QBRecordID": 0,
        "Third_Party_Dependant_For_Conne": null,
        "Latitude": -25.76002498,
        "Longitude": 28.28743987
      }
    },
    {
      "attributes": {
        "Precincts": "Lynnwood East",
        "Quickbase_Status": "Completed",
        "QBRecordID": 0,
        "Third_Party_Dependant_For_Conne": null,
        "Latitude": -25.75996281,
        "Longitude": 28.28470072
      }
    },
    {
      "attributes": {
        "Precincts": "Lynnwood East",
        "Quickbase_Status": "Completed",
        "QBRecordID": 0,
        "Third_Party_Dependant_For_Conne": null,
        "Latitude": -25.76549826,
        "Longitude": 28.28263344
      }
    },
    {
      "attributes": {
        "Precincts": "Lynnwood East",
        "Quickbase_Status": "Completed",
        "QBRecordID": 0,
        "Third_Party_Dependant_For_Conne": null,
        "Latitude": -25.76539072,
        "Longitude": 28.28772733
      }
    },
    {
      "attributes": {
        "Precincts": "Lynnwood East",
        "Quickbase_Status": "Completed",
        "QBRecordID": 0,
        "Third_Party_Dependant_For_Conne": null,
        "Latitude": -25.76573744,
        "Longitude": 28.28799495
      }
    },
    {
      "attributes": {
        "Precincts": "Ingersol",
        "Quickbase_Status": "Completed",
        "QBRecordID": 0,
        "Third_Party_Dependant_For_Conne": null,
        "Latitude": -25.78161003,
        "Longitude": 28.27652524
      }
    },
    {
      "attributes": {
        "Precincts": "Oberon",
        "Quickbase_Status": "Completed",
        "QBRecordID": 0,
        "Third_Party_Dependant_For_Conne": null,
        "Latitude": -25.78306443,
        "Longitude": 28.28533758
      }
    },
    {
      "attributes": {
        "Precincts": "Oberon",
        "Quickbase_Status": "Completed",
        "QBRecordID": 0,
        "Third_Party_Dependant_For_Conne": null,
        "Latitude": -25.78506135,
        "Longitude": 28.28983901
      }
    },
    {
      "attributes": {
        "Precincts": "Ingersol",
        "Quickbase_Status": "Completed",
        "QBRecordID": 0,
        "Third_Party_Dependant_For_Conne": null,
        "Latitude": -25.78241326,
        "Longitude": 28.27530868
      }
    },
    {
      "attributes": {
        "Precincts": "Ingersol",
        "Quickbase_Status": "Completed",
        "QBRecordID": 0,
        "Third_Party_Dependant_For_Conne": null,
        "Latitude": -25.78492073,
        "Longitude": 28.27472897
      }
    },
    {
      "attributes": {
        "Precincts": "Ingersol",
        "Quickbase_Status": "Completed",
        "QBRecordID": 0,
        "Third_Party_Dependant_For_Conne": null,
        "Latitude": -25.78153401,
        "Longitude": 28.27689136
      }
    },
    {
      "attributes": {
        "Precincts": "Ingersol",
        "Quickbase_Status": "Completed",
        "QBRecordID": 0,
        "Third_Party_Dependant_For_Conne": null,
        "Latitude": -25.78675801,
        "Longitude": 28.27684924
      }
    },
    {
      "attributes": {
        "Precincts": "Witch-Hazel",
        "Quickbase_Status": "Completed",
        "QBRecordID": 0,
        "Third_Party_Dependant_For_Conne": null,
        "Latitude": -25.87141748,
        "Longitude": 28.18754934
      }
    },
    {
      "attributes": {
        "Precincts": "Highveld Technopark",
        "Quickbase_Status": "Completed",
        "QBRecordID": 0,
        "Third_Party_Dependant_For_Conne": null,
        "Latitude": -25.8755059,
        "Longitude": 28.1868144
      }
    },
    {
      "attributes": {
        "Precincts": "Witch-Hazel",
        "Quickbase_Status": "Completed",
        "QBRecordID": 0,
        "Third_Party_Dependant_For_Conne": null,
        "Latitude": -25.87387038,
        "Longitude": 28.18532965
      }
    },
    {
      "attributes": {
        "Precincts": "Witch-Hazel",
        "Quickbase_Status": "Completed",
        "QBRecordID": 0,
        "Third_Party_Dependant_For_Conne": null,
        "Latitude": -25.87379591,
        "Longitude": 28.18518967
      }
    },
    {
      "attributes": {
        "Precincts": "Witch-Hazel",
        "Quickbase_Status": "Completed",
        "QBRecordID": 0,
        "Third_Party_Dependant_For_Conne": null,
        "Latitude": -25.87309431,
        "Longitude": 28.18488704
      }
    },
    {
      "attributes": {
        "Precincts": "Witch-Hazel",
        "Quickbase_Status": "Completed",
        "QBRecordID": 0,
        "Third_Party_Dependant_For_Conne": null,
        "Latitude": -25.87227049,
        "Longitude": 28.18620081
      }
    },
    {
      "attributes": {
        "Precincts": "Witch-Hazel",
        "Quickbase_Status": "Completed",
        "QBRecordID": 0,
        "Third_Party_Dependant_For_Conne": null,
        "Latitude": -25.87248108,
        "Longitude": 28.18639403
      }
    },
    {
      "attributes": {
        "Precincts": "Witch-Hazel",
        "Quickbase_Status": "Completed",
        "QBRecordID": 0,
        "Third_Party_Dependant_For_Conne": null,
        "Latitude": -25.87233193,
        "Longitude": 28.18659099
      }
    },
    {
      "attributes": {
        "Precincts": "Highveld Technopark",
        "Quickbase_Status": "Completed",
        "QBRecordID": 0,
        "Third_Party_Dependant_For_Conne": null,
        "Latitude": -25.87374448,
        "Longitude": 28.19073193
      }
    },
    {
      "attributes": {
        "Precincts": "Highveld Technopark",
        "Quickbase_Status": "Completed",
        "QBRecordID": 0,
        "Third_Party_Dependant_For_Conne": null,
        "Latitude": -25.8737148,
        "Longitude": 28.19061829
      }
    },
    {
      "attributes": {
        "Precincts": "Witch-Hazel",
        "Quickbase_Status": "Completed",
        "QBRecordID": 0,
        "Third_Party_Dependant_For_Conne": null,
        "Latitude": -25.87288929,
        "Longitude": 28.18464821
      }
    },
    {
      "attributes": {
        "Precincts": "Highveld Technopark",
        "Quickbase_Status": "Completed",
        "QBRecordID": 0,
        "Third_Party_Dependant_For_Conne": null,
        "Latitude": -25.87748703,
        "Longitude": 28.18711973
      }
    },
    {
      "attributes": {
        "Precincts": "Highveld Technopark",
        "Quickbase_Status": "Completed",
        "QBRecordID": 0,
        "Third_Party_Dependant_For_Conne": null,
        "Latitude": -25.87561732,
        "Longitude": 28.18517204
      }
    },
    {
      "attributes": {
        "Precincts": "Witch-Hazel",
        "Quickbase_Status": "Completed",
        "QBRecordID": 0,
        "Third_Party_Dependant_For_Conne": null,
        "Latitude": -25.87462691,
        "Longitude": 28.18241242
      }
    },
    {
      "attributes": {
        "Precincts": "Witch-Hazel",
        "Quickbase_Status": "Completed",
        "QBRecordID": 0,
        "Third_Party_Dependant_For_Conne": null,
        "Latitude": -25.87212846,
        "Longitude": 28.18448569
      }
    },
    {
      "attributes": {
        "Precincts": "Witch-Hazel",
        "Quickbase_Status": "Completed",
        "QBRecordID": 0,
        "Third_Party_Dependant_For_Conne": null,
        "Latitude": -25.87393604,
        "Longitude": 28.1804736
      }
    },
    {
      "attributes": {
        "Precincts": "Witch-Hazel",
        "Quickbase_Status": "Completed",
        "QBRecordID": 0,
        "Third_Party_Dependant_For_Conne": null,
        "Latitude": -25.86988116,
        "Longitude": 28.18771263
      }
    },
    {
      "attributes": {
        "Precincts": "Witch-Hazel",
        "Quickbase_Status": "Completed",
        "QBRecordID": 0,
        "Third_Party_Dependant_For_Conne": null,
        "Latitude": -25.87078337,
        "Longitude": 28.18756477
      }
    },
    {
      "attributes": {
        "Precincts": "Witch-Hazel",
        "Quickbase_Status": "Completed",
        "QBRecordID": 0,
        "Third_Party_Dependant_For_Conne": null,
        "Latitude": -25.8700711,
        "Longitude": 28.18745453
      }
    },
    {
      "attributes": {
        "Precincts": "Witch-Hazel",
        "Quickbase_Status": "Completed",
        "QBRecordID": 0,
        "Third_Party_Dependant_For_Conne": null,
        "Latitude": -25.87202807,
        "Longitude": 28.18664584
      }
    },
    {
      "attributes": {
        "Precincts": "Witch-Hazel",
        "Quickbase_Status": "Completed",
        "QBRecordID": 0,
        "Third_Party_Dependant_For_Conne": null,
        "Latitude": -25.87202767,
        "Longitude": 28.18630849
      }
    },
    {
      "attributes": {
        "Precincts": "Route 21 Office Park",
        "Quickbase_Status": "Completed",
        "QBRecordID": 0,
        "Third_Party_Dependant_For_Conne": null,
        "Latitude": -25.8683691,
        "Longitude": 28.24850131
      }
    },
    {
      "attributes": {
        "Precincts": "Route 21 Office Park",
        "Quickbase_Status": "Completed",
        "QBRecordID": 0,
        "Third_Party_Dependant_For_Conne": null,
        "Latitude": -25.86839759,
        "Longitude": 28.24851391
      }
    },
    {
      "attributes": {
        "Precincts": "Logan Ave",
        "Quickbase_Status": "Completed",
        "QBRecordID": 0,
        "Third_Party_Dependant_For_Conne": null,
        "Latitude": -25.88003935,
        "Longitude": 28.20463444
      }
    },
    {
      "attributes": {
        "Precincts": "Logan Ave",
        "Quickbase_Status": "Completed",
        "QBRecordID": 0,
        "Third_Party_Dependant_For_Conne": null,
        "Latitude": -25.88024629,
        "Longitude": 28.20453446
      }
    },
    {
      "attributes": {
        "Precincts": "Logan Ave",
        "Quickbase_Status": "Completed",
        "QBRecordID": 0,
        "Third_Party_Dependant_For_Conne": null,
        "Latitude": -25.8726429,
        "Longitude": 28.20482997
      }
    },
    {
      "attributes": {
        "Precincts": "Logan Ave",
        "Quickbase_Status": "Completed",
        "QBRecordID": 0,
        "Third_Party_Dependant_For_Conne": null,
        "Latitude": -25.87262253,
        "Longitude": 28.20493374
      }
    },
    {
      "attributes": {
        "Precincts": "Samrand Business Park",
        "Quickbase_Status": "Completed",
        "QBRecordID": 0,
        "Third_Party_Dependant_For_Conne": null,
        "Latitude": -25.93035101,
        "Longitude": 28.14552137
      }
    },
    {
      "attributes": {
        "Precincts": "George Road",
        "Quickbase_Status": "Completed",
        "QBRecordID": 0,
        "Third_Party_Dependant_For_Conne": "Yes",
        "Latitude": -25.96437611,
        "Longitude": 28.13709038
      }
    },
    {
      "attributes": {
        "Precincts": "George Road",
        "Quickbase_Status": "Completed",
        "QBRecordID": 0,
        "Third_Party_Dependant_For_Conne": null,
        "Latitude": -25.9637672,
        "Longitude": 28.13734526
      }
    },
    {
      "attributes": {
        "Precincts": "George Road",
        "Quickbase_Status": "Completed",
        "QBRecordID": 109743,
        "Third_Party_Dependant_For_Conne": null,
        "Latitude": -25.95574258,
        "Longitude": 28.14169489
      }
    },
    {
      "attributes": {
        "Precincts": "George Road",
        "Quickbase_Status": "Completed",
        "QBRecordID": 0,
        "Third_Party_Dependant_For_Conne": null,
        "Latitude": -25.9553444,
        "Longitude": 28.13948071
      }
    },
    {
      "attributes": {
        "Precincts": "George Road",
        "Quickbase_Status": "Completed",
        "QBRecordID": 0,
        "Third_Party_Dependant_For_Conne": null,
        "Latitude": -25.9639299,
        "Longitude": 28.13693523
      }
    },
    {
      "attributes": {
        "Precincts": "George Road",
        "Quickbase_Status": "Completed",
        "QBRecordID": 0,
        "Third_Party_Dependant_For_Conne": null,
        "Latitude": -25.96366886,
        "Longitude": 28.1369862
      }
    },
    {
      "attributes": {
        "Precincts": "George Road",
        "Quickbase_Status": "Completed",
        "QBRecordID": 0,
        "Third_Party_Dependant_For_Conne": "Yes",
        "Latitude": -25.96398882,
        "Longitude": 28.13652797
      }
    },
    {
      "attributes": {
        "Precincts": "George Road",
        "Quickbase_Status": "Completed",
        "QBRecordID": 0,
        "Third_Party_Dependant_For_Conne": null,
        "Latitude": -25.96358794,
        "Longitude": 28.13665273
      }
    },
    {
      "attributes": {
        "Precincts": "George Road",
        "Quickbase_Status": "Completed",
        "QBRecordID": 0,
        "Third_Party_Dependant_For_Conne": null,
        "Latitude": -25.96012598,
        "Longitude": 28.14184401
      }
    },
    {
      "attributes": {
        "Precincts": "George Road",
        "Quickbase_Status": "Completed",
        "QBRecordID": 0,
        "Third_Party_Dependant_For_Conne": null,
        "Latitude": -25.96039451,
        "Longitude": 28.14109709
      }
    },
    {
      "attributes": {
        "Precincts": "Highveld Technopark",
        "Quickbase_Status": "Completed",
        "QBRecordID": 0,
        "Third_Party_Dependant_For_Conne": null,
        "Latitude": -25.8779873,
        "Longitude": 28.18795351
      }
    },
    {
      "attributes": {
        "Precincts": "Bauhania Street",
        "Quickbase_Status": "Completed",
        "QBRecordID": 0,
        "Third_Party_Dependant_For_Conne": null,
        "Latitude": -25.88342644,
        "Longitude": 28.18961856
      }
    },
    {
      "attributes": {
        "Precincts": "Bauhania Street",
        "Quickbase_Status": "Completed",
        "QBRecordID": 0,
        "Third_Party_Dependant_For_Conne": null,
        "Latitude": -25.8834327,
        "Longitude": 28.18961547
      }
    },
    {
      "attributes": {
        "Precincts": "Central Park",
        "Quickbase_Status": "Completed",
        "QBRecordID": 0,
        "Third_Party_Dependant_For_Conne": null,
        "Latitude": -25.9820203,
        "Longitude": 28.1317893
      }
    },
    {
      "attributes": {
        "Precincts": "Central Park",
        "Quickbase_Status": "Completed",
        "QBRecordID": 0,
        "Third_Party_Dependant_For_Conne": null,
        "Latitude": -25.98191621,
        "Longitude": 28.13194613
      }
    },
    {
      "attributes": {
        "Precincts": "James Crescent",
        "Quickbase_Status": "Completed",
        "QBRecordID": 0,
        "Third_Party_Dependant_For_Conne": null,
        "Latitude": -25.99739716,
        "Longitude": 28.12971667
      }
    },
    {
      "attributes": {
        "Precincts": "James Crescent",
        "Quickbase_Status": "Completed",
        "QBRecordID": 0,
        "Third_Party_Dependant_For_Conne": null,
        "Latitude": -25.99828991,
        "Longitude": 28.1273537
      }
    },
    {
      "attributes": {
        "Precincts": "James Crescent",
        "Quickbase_Status": "Completed",
        "QBRecordID": 0,
        "Third_Party_Dependant_For_Conne": null,
        "Latitude": -25.99802709,
        "Longitude": 28.12773639
      }
    },
    {
      "attributes": {
        "Precincts": "James Crescent",
        "Quickbase_Status": "Completed",
        "QBRecordID": 0,
        "Third_Party_Dependant_For_Conne": null,
        "Latitude": -25.99682946,
        "Longitude": 28.12918464
      }
    },
    {
      "attributes": {
        "Precincts": "James Crescent",
        "Quickbase_Status": "Completed",
        "QBRecordID": 101931,
        "Third_Party_Dependant_For_Conne": null,
        "Latitude": -25.9985995,
        "Longitude": 28.12828219
      }
    },
    {
      "attributes": {
        "Precincts": "James Crescent",
        "Quickbase_Status": "Completed",
        "QBRecordID": 0,
        "Third_Party_Dependant_For_Conne": null,
        "Latitude": -25.99905979,
        "Longitude": 28.12866715
      }
    },
    {
      "attributes": {
        "Precincts": "James Crescent",
        "Quickbase_Status": "Completed",
        "QBRecordID": 0,
        "Third_Party_Dependant_For_Conne": null,
        "Latitude": -25.998748,
        "Longitude": 28.12789874
      }
    },
    {
      "attributes": {
        "Precincts": "James Crescent",
        "Quickbase_Status": "Completed",
        "QBRecordID": 0,
        "Third_Party_Dependant_For_Conne": null,
        "Latitude": -26.00594325,
        "Longitude": 28.12896137
      }
    },
    {
      "attributes": {
        "Precincts": "James Crescent",
        "Quickbase_Status": "Completed",
        "QBRecordID": 0,
        "Third_Party_Dependant_For_Conne": null,
        "Latitude": -26.00607374,
        "Longitude": 28.129997
      }
    },
    {
      "attributes": {
        "Precincts": "George Road",
        "Quickbase_Status": "Completed",
        "QBRecordID": 0,
        "Third_Party_Dependant_For_Conne": null,
        "Latitude": -25.96615941,
        "Longitude": 28.13558194
      }
    },
    {
      "attributes": {
        "Precincts": "Bauhania Street",
        "Quickbase_Status": "Completed",
        "QBRecordID": 0,
        "Third_Party_Dependant_For_Conne": null,
        "Latitude": -25.88055841,
        "Longitude": 28.18140826
      }
    },
    {
      "attributes": {
        "Precincts": "Bauhania Street",
        "Quickbase_Status": "Completed",
        "QBRecordID": 0,
        "Third_Party_Dependant_For_Conne": null,
        "Latitude": -25.87792491,
        "Longitude": 28.18345335
      }
    },
    {
      "attributes": {
        "Precincts": "Central Park",
        "Quickbase_Status": "Completed",
        "QBRecordID": 0,
        "Third_Party_Dependant_For_Conne": null,
        "Latitude": -25.98176555,
        "Longitude": 28.13111296
      }
    },
    {
      "attributes": {
        "Precincts": "Central Park",
        "Quickbase_Status": "Completed",
        "QBRecordID": 0,
        "Third_Party_Dependant_For_Conne": null,
        "Latitude": -25.9820305,
        "Longitude": 28.13138931
      }
    },
    {
      "attributes": {
        "Precincts": "James Crescent",
        "Quickbase_Status": "Completed",
        "QBRecordID": 0,
        "Third_Party_Dependant_For_Conne": null,
        "Latitude": -25.99784199,
        "Longitude": 28.12878942
      }
    },
    {
      "attributes": {
        "Precincts": "James Crescent",
        "Quickbase_Status": "Completed",
        "QBRecordID": 0,
        "Third_Party_Dependant_For_Conne": null,
        "Latitude": -25.99721758,
        "Longitude": 28.12820249
      }
    },
    {
      "attributes": {
        "Precincts": "James Crescent",
        "Quickbase_Status": "Completed",
        "QBRecordID": 0,
        "Third_Party_Dependant_For_Conne": null,
        "Latitude": -25.99711707,
        "Longitude": 28.12998749
      }
    },
    {
      "attributes": {
        "Precincts": "James Crescent",
        "Quickbase_Status": "Completed",
        "QBRecordID": 0,
        "Third_Party_Dependant_For_Conne": null,
        "Latitude": -26.00642614,
        "Longitude": 28.12970905
      }
    },
    {
      "attributes": {
        "Precincts": "James Crescent",
        "Quickbase_Status": "Completed",
        "QBRecordID": 0,
        "Third_Party_Dependant_For_Conne": null,
        "Latitude": -26.00559369,
        "Longitude": 28.12924747
      }
    },
    {
      "attributes": {
        "Precincts": "James Crescent",
        "Quickbase_Status": "Completed",
        "QBRecordID": 0,
        "Third_Party_Dependant_For_Conne": null,
        "Latitude": -26.00537986,
        "Longitude": 28.12949428
      }
    },
    {
      "attributes": {
        "Precincts": "Bauhania Street",
        "Quickbase_Status": "Completed",
        "QBRecordID": 0,
        "Third_Party_Dependant_For_Conne": null,
        "Latitude": -25.89922452,
        "Longitude": 28.19191149
      }
    },
    {
      "attributes": {
        "Precincts": "Bauhania Street",
        "Quickbase_Status": "Completed",
        "QBRecordID": 0,
        "Third_Party_Dependant_For_Conne": null,
        "Latitude": -25.89920642,
        "Longitude": 28.19199411
      }
    },
    {
      "attributes": {
        "Precincts": "Bauhania Street",
        "Quickbase_Status": "Completed",
        "QBRecordID": 0,
        "Third_Party_Dependant_For_Conne": null,
        "Latitude": -25.89830151,
        "Longitude": 28.19023682
      }
    },
    {
      "attributes": {
        "Precincts": "Bauhania Street",
        "Quickbase_Status": "Completed",
        "QBRecordID": 0,
        "Third_Party_Dependant_For_Conne": null,
        "Latitude": -25.89147955,
        "Longitude": 28.1825925
      }
    },
    {
      "attributes": {
        "Precincts": "Bauhania Street",
        "Quickbase_Status": "Completed",
        "QBRecordID": 0,
        "Third_Party_Dependant_For_Conne": null,
        "Latitude": -25.89140967,
        "Longitude": 28.18272509
      }
    },
    {
      "attributes": {
        "Precincts": "Bauhania Street",
        "Quickbase_Status": "Completed",
        "QBRecordID": 0,
        "Third_Party_Dependant_For_Conne": null,
        "Latitude": -25.89133123,
        "Longitude": 28.18294134
      }
    },
    {
      "attributes": {
        "Precincts": "James Crescent",
        "Quickbase_Status": "Completed",
        "QBRecordID": 0,
        "Third_Party_Dependant_For_Conne": null,
        "Latitude": -25.99913634,
        "Longitude": 28.12726989
      }
    },
    {
      "attributes": {
        "Precincts": "James Crescent",
        "Quickbase_Status": "Completed",
        "QBRecordID": 0,
        "Third_Party_Dependant_For_Conne": null,
        "Latitude": -25.99841002,
        "Longitude": 28.12806775
      }
    },
    {
      "attributes": {
        "Precincts": "James Crescent",
        "Quickbase_Status": "Completed",
        "QBRecordID": 0,
        "Third_Party_Dependant_For_Conne": null,
        "Latitude": -25.998714,
        "Longitude": 28.12902694
      }
    },
    {
      "attributes": {
        "Precincts": "James Crescent",
        "Quickbase_Status": "Completed",
        "QBRecordID": 0,
        "Third_Party_Dependant_For_Conne": null,
        "Latitude": -25.99767087,
        "Longitude": 28.12814629
      }
    },
    {
      "attributes": {
        "Precincts": "James Crescent",
        "Quickbase_Status": "Completed",
        "QBRecordID": 0,
        "Third_Party_Dependant_For_Conne": null,
        "Latitude": -26.00153656,
        "Longitude": 28.12780961
      }
    },
    {
      "attributes": {
        "Precincts": "James Crescent",
        "Quickbase_Status": "Completed",
        "QBRecordID": 0,
        "Third_Party_Dependant_For_Conne": null,
        "Latitude": -26.00195557,
        "Longitude": 28.12790828
      }
    },
    {
      "attributes": {
        "Precincts": "Bauhania Street",
        "Quickbase_Status": "Completed",
        "QBRecordID": 0,
        "Third_Party_Dependant_For_Conne": null,
        "Latitude": -25.87970503,
        "Longitude": 28.18160212
      }
    },
    {
      "attributes": {
        "Precincts": "Logan Ave",
        "Quickbase_Status": "Completed",
        "QBRecordID": 0,
        "Third_Party_Dependant_For_Conne": null,
        "Latitude": -25.8770528,
        "Longitude": 28.19958661
      }
    },
    {
      "attributes": {
        "Precincts": "Bauhania Street",
        "Quickbase_Status": "Completed",
        "QBRecordID": 0,
        "Third_Party_Dependant_For_Conne": null,
        "Latitude": -25.89129887,
        "Longitude": 28.18326762
      }
    },
    {
      "attributes": {
        "Precincts": "Bauhania Street",
        "Quickbase_Status": "Completed",
        "QBRecordID": 0,
        "Third_Party_Dependant_For_Conne": null,
        "Latitude": -25.89082707,
        "Longitude": 28.18368449
      }
    },
    {
      "attributes": {
        "Precincts": "Bauhania Street",
        "Quickbase_Status": "Completed",
        "QBRecordID": 0,
        "Third_Party_Dependant_For_Conne": null,
        "Latitude": -25.89143549,
        "Longitude": 28.18159781
      }
    },
    {
      "attributes": {
        "Precincts": "Bauhania Street",
        "Quickbase_Status": "Completed",
        "QBRecordID": 0,
        "Third_Party_Dependant_For_Conne": null,
        "Latitude": -25.89142664,
        "Longitude": 28.18172983
      }
    },
    {
      "attributes": {
        "Precincts": "Bauhania Street",
        "Quickbase_Status": "Completed",
        "QBRecordID": 0,
        "Third_Party_Dependant_For_Conne": null,
        "Latitude": -25.89139598,
        "Longitude": 28.18203183
      }
    },
    {
      "attributes": {
        "Precincts": "Central Park",
        "Quickbase_Status": "Completed",
        "QBRecordID": 0,
        "Third_Party_Dependant_For_Conne": null,
        "Latitude": -25.98157584,
        "Longitude": 28.13024196
      }
    },
    {
      "attributes": {
        "Precincts": "Central Park",
        "Quickbase_Status": "Completed",
        "QBRecordID": 0,
        "Third_Party_Dependant_For_Conne": null,
        "Latitude": -25.98179037,
        "Longitude": 28.13067181
      }
    },
    {
      "attributes": {
        "Precincts": "James Crescent",
        "Quickbase_Status": "Completed",
        "QBRecordID": 78268,
        "Third_Party_Dependant_For_Conne": null,
        "Latitude": -25.99738019,
        "Longitude": 28.12844456
      }
    },
    {
      "attributes": {
        "Precincts": "Highveld Technopark",
        "Quickbase_Status": "Completed",
        "QBRecordID": 0,
        "Third_Party_Dependant_For_Conne": null,
        "Latitude": -25.87702797,
        "Longitude": 28.18682303
      }
    },
    {
      "attributes": {
        "Precincts": "Highveld Technopark",
        "Quickbase_Status": "Completed",
        "QBRecordID": 0,
        "Third_Party_Dependant_For_Conne": null,
        "Latitude": -25.87836872,
        "Longitude": 28.18742646
      }
    },
    {
      "attributes": {
        "Precincts": "Highveld Technopark",
        "Quickbase_Status": "Completed",
        "QBRecordID": 0,
        "Third_Party_Dependant_For_Conne": null,
        "Latitude": -25.8773599,
        "Longitude": 28.18680875
      }
    },
    {
      "attributes": {
        "Precincts": "Highveld Technopark",
        "Quickbase_Status": "Completed",
        "QBRecordID": 0,
        "Third_Party_Dependant_For_Conne": null,
        "Latitude": -25.87753641,
        "Longitude": 28.18642312
      }
    },
    {
      "attributes": {
        "Precincts": "Highveld Technopark",
        "Quickbase_Status": "Completed",
        "QBRecordID": 0,
        "Third_Party_Dependant_For_Conne": null,
        "Latitude": -25.87757615,
        "Longitude": 28.1868757
      }
    },
    {
      "attributes": {
        "Precincts": "Highveld Technopark",
        "Quickbase_Status": "Completed",
        "QBRecordID": 0,
        "Third_Party_Dependant_For_Conne": null,
        "Latitude": -25.87763448,
        "Longitude": 28.18713944
      }
    },
    {
      "attributes": {
        "Precincts": "George Road",
        "Quickbase_Status": "Completed",
        "QBRecordID": 0,
        "Third_Party_Dependant_For_Conne": null,
        "Latitude": -25.96061971,
        "Longitude": 28.13745181
      }
    },
    {
      "attributes": {
        "Precincts": "George Road",
        "Quickbase_Status": "Completed",
        "QBRecordID": 0,
        "Third_Party_Dependant_For_Conne": "Yes",
        "Latitude": -25.96169697,
        "Longitude": 28.1365467
      }
    },
    {
      "attributes": {
        "Precincts": "George Road",
        "Quickbase_Status": "Completed",
        "QBRecordID": 0,
        "Third_Party_Dependant_For_Conne": "Yes",
        "Latitude": -25.96139314,
        "Longitude": 28.13665631
      }
    },
    {
      "attributes": {
        "Precincts": "George Road",
        "Quickbase_Status": "Completed",
        "QBRecordID": 0,
        "Third_Party_Dependant_For_Conne": null,
        "Latitude": -25.96270661,
        "Longitude": 28.13340703
      }
    },
    {
      "attributes": {
        "Precincts": "George Road",
        "Quickbase_Status": "Completed",
        "QBRecordID": 0,
        "Third_Party_Dependant_For_Conne": null,
        "Latitude": -25.96277117,
        "Longitude": 28.13319394
      }
    },
    {
      "attributes": {
        "Precincts": "George Road",
        "Quickbase_Status": "Completed",
        "QBRecordID": 0,
        "Third_Party_Dependant_For_Conne": null,
        "Latitude": -25.96336209,
        "Longitude": 28.1332368
      }
    },
    {
      "attributes": {
        "Precincts": "George Road",
        "Quickbase_Status": "Completed",
        "QBRecordID": 0,
        "Third_Party_Dependant_For_Conne": null,
        "Latitude": -25.96136027,
        "Longitude": 28.13792819
      }
    },
    {
      "attributes": {
        "Precincts": "George Road",
        "Quickbase_Status": "Completed",
        "QBRecordID": 0,
        "Third_Party_Dependant_For_Conne": null,
        "Latitude": -25.95783611,
        "Longitude": 28.13670038
      }
    },
    {
      "attributes": {
        "Precincts": "James Crescent",
        "Quickbase_Status": "Completed",
        "QBRecordID": 0,
        "Third_Party_Dependant_For_Conne": null,
        "Latitude": -25.99930625,
        "Longitude": 28.12557948
      }
    },
    {
      "attributes": {
        "Precincts": "George Road",
        "Quickbase_Status": "Completed",
        "QBRecordID": 0,
        "Third_Party_Dependant_For_Conne": null,
        "Latitude": -25.96697655,
        "Longitude": 28.13609595
      }
    },
    {
      "attributes": {
        "Precincts": "George Road",
        "Quickbase_Status": "Completed",
        "QBRecordID": 0,
        "Third_Party_Dependant_For_Conne": null,
        "Latitude": -25.96629736,
        "Longitude": 28.13334632
      }
    },
    {
      "attributes": {
        "Precincts": "George Road",
        "Quickbase_Status": "Completed",
        "QBRecordID": 0,
        "Third_Party_Dependant_For_Conne": null,
        "Latitude": -25.96654397,
        "Longitude": 28.13306137
      }
    },
    {
      "attributes": {
        "Precincts": "Bauhania Street",
        "Quickbase_Status": "Completed",
        "QBRecordID": 0,
        "Third_Party_Dependant_For_Conne": null,
        "Latitude": -25.88775328,
        "Longitude": 28.18719165
      }
    },
    {
      "attributes": {
        "Precincts": "Bauhania Street",
        "Quickbase_Status": "Completed",
        "QBRecordID": 0,
        "Third_Party_Dependant_For_Conne": null,
        "Latitude": -25.88735167,
        "Longitude": 28.18704967
      }
    },
    {
      "attributes": {
        "Precincts": "Bauhania Street",
        "Quickbase_Status": "Completed",
        "QBRecordID": 0,
        "Third_Party_Dependant_For_Conne": null,
        "Latitude": -25.88675261,
        "Longitude": 28.18730331
      }
    },
    {
      "attributes": {
        "Precincts": "Bauhania Street",
        "Quickbase_Status": "Completed",
        "QBRecordID": 0,
        "Third_Party_Dependant_For_Conne": null,
        "Latitude": -25.88697559,
        "Longitude": 28.18758789
      }
    },
    {
      "attributes": {
        "Precincts": "Bauhania Street",
        "Quickbase_Status": "Completed",
        "QBRecordID": 0,
        "Third_Party_Dependant_For_Conne": null,
        "Latitude": -25.88705327,
        "Longitude": 28.18755418
      }
    },
    {
      "attributes": {
        "Precincts": "Bauhania Street",
        "Quickbase_Status": "Completed",
        "QBRecordID": 0,
        "Third_Party_Dependant_For_Conne": null,
        "Latitude": -25.88720249,
        "Longitude": 28.18843968
      }
    },
    {
      "attributes": {
        "Precincts": "Bauhania Street",
        "Quickbase_Status": "Completed",
        "QBRecordID": 0,
        "Third_Party_Dependant_For_Conne": null,
        "Latitude": -25.89942244,
        "Longitude": 28.19057081
      }
    },
    {
      "attributes": {
        "Precincts": "Bauhania Street",
        "Quickbase_Status": "Completed",
        "QBRecordID": 0,
        "Third_Party_Dependant_For_Conne": null,
        "Latitude": -25.89918086,
        "Longitude": 28.19044871
      }
    },
    {
      "attributes": {
        "Precincts": "Bauhania Street",
        "Quickbase_Status": "Completed",
        "QBRecordID": 0,
        "Third_Party_Dependant_For_Conne": null,
        "Latitude": -25.89890871,
        "Longitude": 28.19044487
      }
    },
    {
      "attributes": {
        "Precincts": "Bauhania Street",
        "Quickbase_Status": "Completed",
        "QBRecordID": 0,
        "Third_Party_Dependant_For_Conne": null,
        "Latitude": -25.89881743,
        "Longitude": 28.19020226
      }
    },
    {
      "attributes": {
        "Precincts": "Bauhania Street",
        "Quickbase_Status": "Completed",
        "QBRecordID": 0,
        "Third_Party_Dependant_For_Conne": null,
        "Latitude": -25.88784411,
        "Longitude": 28.18576871
      }
    },
    {
      "attributes": {
        "Precincts": "Capital Hill",
        "Quickbase_Status": "Completed",
        "QBRecordID": 105519,
        "Third_Party_Dependant_For_Conne": null,
        "Latitude": -26.00783905,
        "Longitude": 28.13335398
      }
    },
    {
      "attributes": {
        "Precincts": "Capital Hill",
        "Quickbase_Status": "Completed",
        "QBRecordID": 0,
        "Third_Party_Dependant_For_Conne": null,
        "Latitude": -26.00865927,
        "Longitude": 28.13173701
      }
    },
    {
      "attributes": {
        "Precincts": "Capital Hill",
        "Quickbase_Status": "Completed",
        "QBRecordID": 0,
        "Third_Party_Dependant_For_Conne": null,
        "Latitude": -26.00808919,
        "Longitude": 28.13216038
      }
    },
    {
      "attributes": {
        "Precincts": "Capital Hill",
        "Quickbase_Status": "Completed",
        "QBRecordID": 0,
        "Third_Party_Dependant_For_Conne": null,
        "Latitude": -26.00857025,
        "Longitude": 28.12952428
      }
    },
    {
      "attributes": {
        "Precincts": "Capital Hill",
        "Quickbase_Status": "Completed",
        "QBRecordID": 0,
        "Third_Party_Dependant_For_Conne": null,
        "Latitude": -26.00970068,
        "Longitude": 28.13052296
      }
    },
    {
      "attributes": {
        "Precincts": "James Crescent",
        "Quickbase_Status": "Completed",
        "QBRecordID": 0,
        "Third_Party_Dependant_For_Conne": null,
        "Latitude": -26.00599508,
        "Longitude": 28.1237051
      }
    },
    {
      "attributes": {
        "Precincts": "James Crescent",
        "Quickbase_Status": "Completed",
        "QBRecordID": 0,
        "Third_Party_Dependant_For_Conne": null,
        "Latitude": -26.00624672,
        "Longitude": 28.12326826
      }
    },
    {
      "attributes": {
        "Precincts": "James Crescent",
        "Quickbase_Status": "Completed",
        "QBRecordID": 0,
        "Third_Party_Dependant_For_Conne": null,
        "Latitude": -26.00641315,
        "Longitude": 28.12647709
      }
    },
    {
      "attributes": {
        "Precincts": "James Crescent",
        "Quickbase_Status": "Completed",
        "QBRecordID": 0,
        "Third_Party_Dependant_For_Conne": null,
        "Latitude": -26.0056832,
        "Longitude": 28.12455068
      }
    },
    {
      "attributes": {
        "Precincts": "James Crescent",
        "Quickbase_Status": "Completed",
        "QBRecordID": 0,
        "Third_Party_Dependant_For_Conne": null,
        "Latitude": -26.00555055,
        "Longitude": 28.12415384
      }
    },
    {
      "attributes": {
        "Precincts": "Capital Hill",
        "Quickbase_Status": "Completed",
        "QBRecordID": 0,
        "Third_Party_Dependant_For_Conne": null,
        "Latitude": -26.0099704,
        "Longitude": 28.12695198
      }
    },
    {
      "attributes": {
        "Precincts": "Capital Hill",
        "Quickbase_Status": "Completed",
        "QBRecordID": 0,
        "Third_Party_Dependant_For_Conne": null,
        "Latitude": -26.0095183,
        "Longitude": 28.12740062
      }
    },
    {
      "attributes": {
        "Precincts": "Capital Hill",
        "Quickbase_Status": "Completed",
        "QBRecordID": 10871,
        "Third_Party_Dependant_For_Conne": null,
        "Latitude": -26.00812996,
        "Longitude": 28.12814958
      }
    },
    {
      "attributes": {
        "Precincts": "Capital Hill",
        "Quickbase_Status": "Completed",
        "QBRecordID": 0,
        "Third_Party_Dependant_For_Conne": null,
        "Latitude": -26.00812461,
        "Longitude": 28.12814383
      }
    },
    {
      "attributes": {
        "Precincts": "Capital Hill",
        "Quickbase_Status": "Completed",
        "QBRecordID": 10872,
        "Third_Party_Dependant_For_Conne": null,
        "Latitude": -26.00839614,
        "Longitude": 28.12795361
      }
    },
    {
      "attributes": {
        "Precincts": "Capital Hill",
        "Quickbase_Status": "Completed",
        "QBRecordID": 10874,
        "Third_Party_Dependant_For_Conne": null,
        "Latitude": -26.00892395,
        "Longitude": 28.12773214
      }
    },
    {
      "attributes": {
        "Precincts": "Capital Hill",
        "Quickbase_Status": "Completed",
        "QBRecordID": 0,
        "Third_Party_Dependant_For_Conne": null,
        "Latitude": -26.00848847,
        "Longitude": 28.13313465
      }
    },
    {
      "attributes": {
        "Precincts": "Capital Hill",
        "Quickbase_Status": "Completed",
        "QBRecordID": 0,
        "Third_Party_Dependant_For_Conne": null,
        "Latitude": -26.0086956,
        "Longitude": 28.13348021
      }
    },
    {
      "attributes": {
        "Precincts": "James Crescent",
        "Quickbase_Status": "Completed",
        "QBRecordID": 0,
        "Third_Party_Dependant_For_Conne": null,
        "Latitude": -26.00480721,
        "Longitude": 28.12733309
      }
    },
    {
      "attributes": {
        "Precincts": "James Crescent",
        "Quickbase_Status": "Completed",
        "QBRecordID": 0,
        "Third_Party_Dependant_For_Conne": null,
        "Latitude": -26.00546383,
        "Longitude": 28.12659836
      }
    },
    {
      "attributes": {
        "Precincts": "James Crescent",
        "Quickbase_Status": "Completed",
        "QBRecordID": 0,
        "Third_Party_Dependant_For_Conne": null,
        "Latitude": -26.00707105,
        "Longitude": 28.12392667
      }
    },
    {
      "attributes": {
        "Precincts": "James Crescent",
        "Quickbase_Status": "Completed",
        "QBRecordID": 0,
        "Third_Party_Dependant_For_Conne": null,
        "Latitude": -26.00723377,
        "Longitude": 28.12404559
      }
    },
    {
      "attributes": {
        "Precincts": "Capital Hill",
        "Quickbase_Status": "Completed",
        "QBRecordID": 0,
        "Third_Party_Dependant_For_Conne": null,
        "Latitude": -26.00880494,
        "Longitude": 28.12823583
      }
    },
    {
      "attributes": {
        "Precincts": "Capital Hill",
        "Quickbase_Status": "Completed",
        "QBRecordID": 0,
        "Third_Party_Dependant_For_Conne": null,
        "Latitude": -26.0086305,
        "Longitude": 28.12854966
      }
    },
    {
      "attributes": {
        "Precincts": "Capital Hill",
        "Quickbase_Status": "Completed",
        "QBRecordID": 0,
        "Third_Party_Dependant_For_Conne": null,
        "Latitude": -26.00876801,
        "Longitude": 28.12845135
      }
    },
    {
      "attributes": {
        "Precincts": "James Crescent",
        "Quickbase_Status": "Completed",
        "QBRecordID": 0,
        "Third_Party_Dependant_For_Conne": null,
        "Latitude": -26.00293885,
        "Longitude": 28.1266199
      }
    },
    {
      "attributes": {
        "Precincts": "James Crescent",
        "Quickbase_Status": "Completed",
        "QBRecordID": 0,
        "Third_Party_Dependant_For_Conne": null,
        "Latitude": -26.00408131,
        "Longitude": 28.12486046
      }
    },
    {
      "attributes": {
        "Precincts": "Capital Hill",
        "Quickbase_Status": "Completed",
        "QBRecordID": 0,
        "Third_Party_Dependant_For_Conne": null,
        "Latitude": -26.00694978,
        "Longitude": 28.12902581
      }
    },
    {
      "attributes": {
        "Precincts": "Waterfall Office Park",
        "Quickbase_Status": "Completed",
        "QBRecordID": 0,
        "Third_Party_Dependant_For_Conne": null,
        "Latitude": -26.01202643,
        "Longitude": 28.11849009
      }
    },
    {
      "attributes": {
        "Precincts": "Bauhania Street",
        "Quickbase_Status": "Completed",
        "QBRecordID": 0,
        "Third_Party_Dependant_For_Conne": null,
        "Latitude": -25.88664793,
        "Longitude": 28.18645772
      }
    },
    {
      "attributes": {
        "Precincts": "Bauhania Street",
        "Quickbase_Status": "Completed",
        "QBRecordID": 0,
        "Third_Party_Dependant_For_Conne": null,
        "Latitude": -25.88900976,
        "Longitude": 28.1861412
      }
    },
    {
      "attributes": {
        "Precincts": "Bauhania Street",
        "Quickbase_Status": "Completed",
        "QBRecordID": 0,
        "Third_Party_Dependant_For_Conne": null,
        "Latitude": -25.88822389,
        "Longitude": 28.19047672
      }
    },
    {
      "attributes": {
        "Precincts": "Bauhania Street",
        "Quickbase_Status": "Completed",
        "QBRecordID": 0,
        "Third_Party_Dependant_For_Conne": null,
        "Latitude": -25.88815848,
        "Longitude": 28.18913385
      }
    },
    {
      "attributes": {
        "Precincts": "Bauhania Street",
        "Quickbase_Status": "Completed",
        "QBRecordID": 0,
        "Third_Party_Dependant_For_Conne": null,
        "Latitude": -25.88841531,
        "Longitude": 28.19052373
      }
    },
    {
      "attributes": {
        "Precincts": "Bauhania Street",
        "Quickbase_Status": "Completed",
        "QBRecordID": 0,
        "Third_Party_Dependant_For_Conne": null,
        "Latitude": -25.8901518,
        "Longitude": 28.19026376
      }
    },
    {
      "attributes": {
        "Precincts": "Bauhania Street",
        "Quickbase_Status": "Completed",
        "QBRecordID": 0,
        "Third_Party_Dependant_For_Conne": null,
        "Latitude": -25.89024046,
        "Longitude": 28.19053942
      }
    },
    {
      "attributes": {
        "Precincts": "Bauhania Street",
        "Quickbase_Status": "Completed",
        "QBRecordID": 0,
        "Third_Party_Dependant_For_Conne": null,
        "Latitude": -25.89373498,
        "Longitude": 28.19058735
      }
    },
    {
      "attributes": {
        "Precincts": "Bauhania Street",
        "Quickbase_Status": "Completed",
        "QBRecordID": 0,
        "Third_Party_Dependant_For_Conne": null,
        "Latitude": -25.89351616,
        "Longitude": 28.19025444
      }
    },
    {
      "attributes": {
        "Precincts": "Bauhania Street",
        "Quickbase_Status": "Completed",
        "QBRecordID": 0,
        "Third_Party_Dependant_For_Conne": null,
        "Latitude": -25.89274586,
        "Longitude": 28.18916147
      }
    },
    {
      "attributes": {
        "Precincts": "Bauhania Street",
        "Quickbase_Status": "Completed",
        "QBRecordID": 0,
        "Third_Party_Dependant_For_Conne": null,
        "Latitude": -25.89315431,
        "Longitude": 28.19140539
      }
    },
    {
      "attributes": {
        "Precincts": "Bauhania Street",
        "Quickbase_Status": "Completed",
        "QBRecordID": 0,
        "Third_Party_Dependant_For_Conne": null,
        "Latitude": -25.88864257,
        "Longitude": 28.18880327
      }
    },
    {
      "attributes": {
        "Precincts": "Bauhania Street",
        "Quickbase_Status": "Completed",
        "QBRecordID": 0,
        "Third_Party_Dependant_For_Conne": null,
        "Latitude": -25.88855735,
        "Longitude": 28.18990844
      }
    },
    {
      "attributes": {
        "Precincts": "Bauhania Street",
        "Quickbase_Status": "Completed",
        "QBRecordID": 0,
        "Third_Party_Dependant_For_Conne": null,
        "Latitude": -25.88865507,
        "Longitude": 28.19032082
      }
    },
    {
      "attributes": {
        "Precincts": "Bauhania Street",
        "Quickbase_Status": "Completed",
        "QBRecordID": 0,
        "Third_Party_Dependant_For_Conne": null,
        "Latitude": -25.8885196,
        "Longitude": 28.19031407
      }
    },
    {
      "attributes": {
        "Precincts": "Bauhania Street",
        "Quickbase_Status": "Completed",
        "QBRecordID": 0,
        "Third_Party_Dependant_For_Conne": null,
        "Latitude": -25.88743681,
        "Longitude": 28.1861982
      }
    },
    {
      "attributes": {
        "Precincts": "Bauhania Street",
        "Quickbase_Status": "Completed",
        "QBRecordID": 0,
        "Third_Party_Dependant_For_Conne": null,
        "Latitude": -25.89147286,
        "Longitude": 28.18669463
      }
    },
    {
      "attributes": {
        "Precincts": "Bauhania Street",
        "Quickbase_Status": "Completed",
        "QBRecordID": 0,
        "Third_Party_Dependant_For_Conne": null,
        "Latitude": -25.89083123,
        "Longitude": 28.18707977
      }
    },
    {
      "attributes": {
        "Precincts": "Bauhania Street",
        "Quickbase_Status": "Completed",
        "QBRecordID": 0,
        "Third_Party_Dependant_For_Conne": null,
        "Latitude": -25.88959558,
        "Longitude": 28.18966424
      }
    },
    {
      "attributes": {
        "Precincts": "Bauhania Street",
        "Quickbase_Status": "Completed",
        "QBRecordID": 0,
        "Third_Party_Dependant_For_Conne": null,
        "Latitude": -25.88531244,
        "Longitude": 28.18789839
      }
    },
    {
      "attributes": {
        "Precincts": "Bauhania Street",
        "Quickbase_Status": "Completed",
        "QBRecordID": 0,
        "Third_Party_Dependant_For_Conne": null,
        "Latitude": -25.88611131,
        "Longitude": 28.18638977
      }
    },
    {
      "attributes": {
        "Precincts": "Bauhania Street",
        "Quickbase_Status": "Completed",
        "QBRecordID": 0,
        "Third_Party_Dependant_For_Conne": null,
        "Latitude": -25.88625122,
        "Longitude": 28.18724924
      }
    },
    {
      "attributes": {
        "Precincts": "Bauhania Street",
        "Quickbase_Status": "Completed",
        "QBRecordID": 0,
        "Third_Party_Dependant_For_Conne": null,
        "Latitude": -25.88597611,
        "Longitude": 28.18725942
      }
    },
    {
      "attributes": {
        "Precincts": "Bauhania Street",
        "Quickbase_Status": "Completed",
        "QBRecordID": 0,
        "Third_Party_Dependant_For_Conne": null,
        "Latitude": -25.88788282,
        "Longitude": 28.19031611
      }
    },
    {
      "attributes": {
        "Precincts": "Bauhania Street",
        "Quickbase_Status": "Completed",
        "QBRecordID": 0,
        "Third_Party_Dependant_For_Conne": null,
        "Latitude": -25.88847877,
        "Longitude": 28.18645988
      }
    },
    {
      "attributes": {
        "Precincts": "Richards Drive",
        "Quickbase_Status": "Completed",
        "QBRecordID": 0,
        "Third_Party_Dependant_For_Conne": null,
        "Latitude": -26.01317203,
        "Longitude": 28.12122289
      }
    },
    {
      "attributes": {
        "Precincts": "Richards Drive",
        "Quickbase_Status": "Completed",
        "QBRecordID": 0,
        "Third_Party_Dependant_For_Conne": "Yes",
        "Latitude": -26.01359695,
        "Longitude": 28.12570559
      }
    },
    {
      "attributes": {
        "Precincts": "Richards Drive",
        "Quickbase_Status": "Completed",
        "QBRecordID": 0,
        "Third_Party_Dependant_For_Conne": null,
        "Latitude": -26.01315721,
        "Longitude": 28.12442159
      }
    },
    {
      "attributes": {
        "Precincts": "Richards Drive",
        "Quickbase_Status": "Completed",
        "QBRecordID": 92508,
        "Third_Party_Dependant_For_Conne": null,
        "Latitude": -26.01610298,
        "Longitude": 28.12226105
      }
    },
    {
      "attributes": {
        "Precincts": "Richards Drive",
        "Quickbase_Status": "Completed",
        "QBRecordID": 0,
        "Third_Party_Dependant_For_Conne": null,
        "Latitude": -26.01428387,
        "Longitude": 28.12341223
      }
    },
    {
      "attributes": {
        "Precincts": "Richards Drive",
        "Quickbase_Status": "Completed",
        "QBRecordID": 0,
        "Third_Party_Dependant_For_Conne": null,
        "Latitude": -26.01444531,
        "Longitude": 28.12376444
      }
    },
    {
      "attributes": {
        "Precincts": "Bauhania Street",
        "Quickbase_Status": "Completed",
        "QBRecordID": 0,
        "Third_Party_Dependant_For_Conne": null,
        "Latitude": -25.89884194,
        "Longitude": 28.18968881
      }
    },
    {
      "attributes": {
        "Precincts": "Bauhania Street",
        "Quickbase_Status": "Completed",
        "QBRecordID": 0,
        "Third_Party_Dependant_For_Conne": null,
        "Latitude": -25.89906392,
        "Longitude": 28.1897756
      }
    },
    {
      "attributes": {
        "Precincts": "Bauhania Street",
        "Quickbase_Status": "Completed",
        "QBRecordID": 0,
        "Third_Party_Dependant_For_Conne": null,
        "Latitude": -25.89927213,
        "Longitude": 28.18957479
      }
    },
    {
      "attributes": {
        "Precincts": "Bauhania Street",
        "Quickbase_Status": "Completed",
        "QBRecordID": 0,
        "Third_Party_Dependant_For_Conne": null,
        "Latitude": -25.8992733,
        "Longitude": 28.18987955
      }
    },
    {
      "attributes": {
        "Precincts": "Bauhania Street",
        "Quickbase_Status": "Completed",
        "QBRecordID": 0,
        "Third_Party_Dependant_For_Conne": null,
        "Latitude": -25.89947422,
        "Longitude": 28.18992953
      }
    },
    {
      "attributes": {
        "Precincts": "Bauhania Street",
        "Quickbase_Status": "Completed",
        "QBRecordID": 0,
        "Third_Party_Dependant_For_Conne": null,
        "Latitude": -25.89860627,
        "Longitude": 28.18959597
      }
    },
    {
      "attributes": {
        "Precincts": "Bauhania Street",
        "Quickbase_Status": "Completed",
        "QBRecordID": 0,
        "Third_Party_Dependant_For_Conne": null,
        "Latitude": -25.89838637,
        "Longitude": 28.18954286
      }
    },
    {
      "attributes": {
        "Precincts": "Bauhania Street",
        "Quickbase_Status": "Completed",
        "QBRecordID": 0,
        "Third_Party_Dependant_For_Conne": null,
        "Latitude": -25.89838773,
        "Longitude": 28.18974633
      }
    },
    {
      "attributes": {
        "Precincts": "Bauhania Street",
        "Quickbase_Status": "Completed",
        "QBRecordID": 0,
        "Third_Party_Dependant_For_Conne": null,
        "Latitude": -25.8981753,
        "Longitude": 28.1896294
      }
    },
    {
      "attributes": {
        "Precincts": "Bauhania Street",
        "Quickbase_Status": "Completed",
        "QBRecordID": 0,
        "Third_Party_Dependant_For_Conne": null,
        "Latitude": -25.88667597,
        "Longitude": 28.18608072
      }
    },
    {
      "attributes": {
        "Precincts": "Bauhania Street",
        "Quickbase_Status": "Completed",
        "QBRecordID": 0,
        "Third_Party_Dependant_For_Conne": null,
        "Latitude": -25.88710039,
        "Longitude": 28.18571835
      }
    },
    {
      "attributes": {
        "Precincts": "Bauhania Street",
        "Quickbase_Status": "Completed",
        "QBRecordID": 0,
        "Third_Party_Dependant_For_Conne": null,
        "Latitude": -25.8909281,
        "Longitude": 28.18337916
      }
    },
    {
      "attributes": {
        "Precincts": "Bauhania Street",
        "Quickbase_Status": "Completed",
        "QBRecordID": 0,
        "Third_Party_Dependant_For_Conne": null,
        "Latitude": -25.88590626,
        "Longitude": 28.1859549
      }
    },
    {
      "attributes": {
        "Precincts": "Witch-Hazel",
        "Quickbase_Status": "Completed",
        "QBRecordID": 0,
        "Third_Party_Dependant_For_Conne": null,
        "Latitude": -25.87469118,
        "Longitude": 28.17938484
      }
    },
    {
      "attributes": {
        "Precincts": "Bauhania Street",
        "Quickbase_Status": "Completed",
        "QBRecordID": 0,
        "Third_Party_Dependant_For_Conne": null,
        "Latitude": -25.88813532,
        "Longitude": 28.19045268
      }
    },
    {
      "attributes": {
        "Precincts": "Bauhania Street",
        "Quickbase_Status": "Completed",
        "QBRecordID": 0,
        "Third_Party_Dependant_For_Conne": null,
        "Latitude": -25.89278367,
        "Longitude": 28.18898087
      }
    },
    {
      "attributes": {
        "Precincts": "Richards Drive",
        "Quickbase_Status": "Completed",
        "QBRecordID": 0,
        "Third_Party_Dependant_For_Conne": null,
        "Latitude": -26.01470353,
        "Longitude": 28.1223916
      }
    },
    {
      "attributes": {
        "Precincts": "Capital Hill",
        "Quickbase_Status": "Completed",
        "QBRecordID": 0,
        "Third_Party_Dependant_For_Conne": null,
        "Latitude": -26.01077728,
        "Longitude": 28.12659068
      }
    },
    {
      "attributes": {
        "Precincts": "Capital Hill",
        "Quickbase_Status": "Completed",
        "QBRecordID": 0,
        "Third_Party_Dependant_For_Conne": null,
        "Latitude": -26.01111324,
        "Longitude": 28.12634956
      }
    },
    {
      "attributes": {
        "Precincts": "Richards Drive",
        "Quickbase_Status": "Completed",
        "QBRecordID": 0,
        "Third_Party_Dependant_For_Conne": null,
        "Latitude": -26.01681367,
        "Longitude": 28.1219078
      }
    },
    {
      "attributes": {
        "Precincts": "Capital Hill",
        "Quickbase_Status": "Completed",
        "QBRecordID": 0,
        "Third_Party_Dependant_For_Conne": null,
        "Latitude": -26.00776963,
        "Longitude": 28.13137843
      }
    },
    {
      "attributes": {
        "Precincts": "Capital Hill",
        "Quickbase_Status": "Completed",
        "QBRecordID": 0,
        "Third_Party_Dependant_For_Conne": null,
        "Latitude": -26.00941102,
        "Longitude": 28.13239417
      }
    },
    {
      "attributes": {
        "Precincts": "Capital Hill",
        "Quickbase_Status": "Completed",
        "QBRecordID": 0,
        "Third_Party_Dependant_For_Conne": null,
        "Latitude": -26.00893603,
        "Longitude": 28.13237363
      }
    },
    {
      "attributes": {
        "Precincts": "Richards Drive",
        "Quickbase_Status": "Completed",
        "QBRecordID": 0,
        "Third_Party_Dependant_For_Conne": null,
        "Latitude": -26.01465463,
        "Longitude": 28.12044844
      }
    },
    {
      "attributes": {
        "Precincts": "Capital Hill",
        "Quickbase_Status": "Completed",
        "QBRecordID": 0,
        "Third_Party_Dependant_For_Conne": null,
        "Latitude": -26.01426832,
        "Longitude": 28.1295706
      }
    },
    {
      "attributes": {
        "Precincts": "Capital Hill",
        "Quickbase_Status": "Completed",
        "QBRecordID": 0,
        "Third_Party_Dependant_For_Conne": null,
        "Latitude": -26.01456013,
        "Longitude": 28.12949093
      }
    },
    {
      "attributes": {
        "Precincts": "Capital Hill",
        "Quickbase_Status": "Completed",
        "QBRecordID": 0,
        "Third_Party_Dependant_For_Conne": null,
        "Latitude": -26.0144878,
        "Longitude": 28.13038445
      }
    },
    {
      "attributes": {
        "Precincts": "Capital Hill",
        "Quickbase_Status": "Completed",
        "QBRecordID": 0,
        "Third_Party_Dependant_For_Conne": null,
        "Latitude": -26.01502596,
        "Longitude": 28.12874113
      }
    },
    {
      "attributes": {
        "Precincts": "Bauhania Street",
        "Quickbase_Status": "Completed",
        "QBRecordID": 0,
        "Third_Party_Dependant_For_Conne": null,
        "Latitude": -25.88868399,
        "Longitude": 28.18367954
      }
    },
    {
      "attributes": {
        "Precincts": "Bauhania Street",
        "Quickbase_Status": "Completed",
        "QBRecordID": 0,
        "Third_Party_Dependant_For_Conne": null,
        "Latitude": -25.89092783,
        "Longitude": 28.18355392
      }
    },
    {
      "attributes": {
        "Precincts": "Bauhania Street",
        "Quickbase_Status": "Completed",
        "QBRecordID": 0,
        "Third_Party_Dependant_For_Conne": null,
        "Latitude": -25.8909001,
        "Longitude": 28.18346156
      }
    },
    {
      "attributes": {
        "Precincts": "Route 21 Office Park",
        "Quickbase_Status": "Completed",
        "QBRecordID": 0,
        "Third_Party_Dependant_For_Conne": null,
        "Latitude": -25.86295274,
        "Longitude": 28.24456189
      }
    },
    {
      "attributes": {
        "Precincts": "Route 21 Office Park",
        "Quickbase_Status": "Completed",
        "QBRecordID": 0,
        "Third_Party_Dependant_For_Conne": null,
        "Latitude": -25.86309551,
        "Longitude": 28.24438114
      }
    },
    {
      "attributes": {
        "Precincts": "Route 21 Office Park",
        "Quickbase_Status": "Completed",
        "QBRecordID": 0,
        "Third_Party_Dependant_For_Conne": null,
        "Latitude": -25.86326562,
        "Longitude": 28.24441296
      }
    },
    {
      "attributes": {
        "Precincts": "Route 21 Office Park",
        "Quickbase_Status": "Completed",
        "QBRecordID": 0,
        "Third_Party_Dependant_For_Conne": null,
        "Latitude": -25.86331997,
        "Longitude": 28.24406793
      }
    },
    {
      "attributes": {
        "Precincts": "George Road",
        "Quickbase_Status": "Completed",
        "QBRecordID": 102213,
        "Third_Party_Dependant_For_Conne": null,
        "Latitude": -25.95280546,
        "Longitude": 28.14027041
      }
    },
    {
      "attributes": {
        "Precincts": "George Road",
        "Quickbase_Status": "Completed",
        "QBRecordID": 0,
        "Third_Party_Dependant_For_Conne": null,
        "Latitude": -25.95790997,
        "Longitude": 28.13573737
      }
    },
    {
      "attributes": {
        "Precincts": "Centurion Gautrain Station",
        "Quickbase_Status": "Completed",
        "QBRecordID": 0,
        "Third_Party_Dependant_For_Conne": null,
        "Latitude": -25.85023252,
        "Longitude": 28.2506783
      }
    },
    {
      "attributes": {
        "Precincts": "George Road",
        "Quickbase_Status": "Completed",
        "QBRecordID": 0,
        "Third_Party_Dependant_For_Conne": null,
        "Latitude": -25.96053944,
        "Longitude": 28.14187386
      }
    },
    {
      "attributes": {
        "Precincts": "George Road",
        "Quickbase_Status": "Completed",
        "QBRecordID": 0,
        "Third_Party_Dependant_For_Conne": null,
        "Latitude": -25.96079759,
        "Longitude": 28.1406396
      }
    },
    {
      "attributes": {
        "Precincts": "George Road",
        "Quickbase_Status": "Completed",
        "QBRecordID": 0,
        "Third_Party_Dependant_For_Conne": null,
        "Latitude": -25.96088872,
        "Longitude": 28.14060428
      }
    },
    {
      "attributes": {
        "Precincts": "Capital Hill",
        "Quickbase_Status": "Completed",
        "QBRecordID": 0,
        "Third_Party_Dependant_For_Conne": null,
        "Latitude": -26.00856718,
        "Longitude": 28.12951269
      }
    },
    {
      "attributes": {
        "Precincts": "Highveld Technopark",
        "Quickbase_Status": "Completed",
        "QBRecordID": 0,
        "Third_Party_Dependant_For_Conne": null,
        "Latitude": -25.87735123,
        "Longitude": 28.18095604
      }
    },
    {
      "attributes": {
        "Precincts": "Central Park",
        "Quickbase_Status": "Completed",
        "QBRecordID": 0,
        "Third_Party_Dependant_For_Conne": null,
        "Latitude": -25.97545639,
        "Longitude": 28.13215678
      }
    },
    {
      "attributes": {
        "Precincts": "Capital Hill",
        "Quickbase_Status": "Completed",
        "QBRecordID": 0,
        "Third_Party_Dependant_For_Conne": null,
        "Latitude": -26.00932781,
        "Longitude": 28.12880907
      }
    },
    {
      "attributes": {
        "Precincts": "Witch-Hazel",
        "Quickbase_Status": "Completed",
        "QBRecordID": 0,
        "Third_Party_Dependant_For_Conne": null,
        "Latitude": -25.87285919,
        "Longitude": 28.18396386
      }
    },
    {
      "attributes": {
        "Precincts": "Bauhania Street",
        "Quickbase_Status": "Completed",
        "QBRecordID": 0,
        "Third_Party_Dependant_For_Conne": null,
        "Latitude": -25.87796231,
        "Longitude": 28.18283871
      }
    },
    {
      "attributes": {
        "Precincts": "Central Park",
        "Quickbase_Status": "Completed",
        "QBRecordID": 0,
        "Third_Party_Dependant_For_Conne": null,
        "Latitude": -25.97536878,
        "Longitude": 28.13314037
      }
    },
    {
      "attributes": {
        "Precincts": "Richards Drive",
        "Quickbase_Status": "Completed",
        "QBRecordID": 0,
        "Third_Party_Dependant_For_Conne": null,
        "Latitude": -26.02367994,
        "Longitude": 28.12087058
      }
    },
    {
      "attributes": {
        "Precincts": "Witch-Hazel",
        "Quickbase_Status": "Completed",
        "QBRecordID": 0,
        "Third_Party_Dependant_For_Conne": null,
        "Latitude": -25.87418733,
        "Longitude": 28.18058696
      }
    },
    {
      "attributes": {
        "Precincts": "Witch-Hazel",
        "Quickbase_Status": "Completed",
        "QBRecordID": 0,
        "Third_Party_Dependant_For_Conne": null,
        "Latitude": -25.86765413,
        "Longitude": 28.18554544
      }
    },
    {
      "attributes": {
        "Precincts": "Saddle Drive",
        "Quickbase_Status": "Completed",
        "QBRecordID": 81960,
        "Third_Party_Dependant_For_Conne": null,
        "Latitude": -26.08831936,
        "Longitude": 28.00645978
      }
    },
    {
      "attributes": {
        "Precincts": "Riverhorse Road",
        "Quickbase_Status": "Completed",
        "QBRecordID": 101179,
        "Third_Party_Dependant_For_Conne": null,
        "Latitude": -29.77594027,
        "Longitude": 30.99346677
      }
    },
    {
      "attributes": {
        "Precincts": "Tyger Waterfront",
        "Quickbase_Status": "Completed",
        "QBRecordID": 8662,
        "Third_Party_Dependant_For_Conne": null,
        "Latitude": -33.87584743,
        "Longitude": 18.62856925
      }
    },
    {
      "attributes": {
        "Precincts": "Tyger Waterfront",
        "Quickbase_Status": "Completed",
        "QBRecordID": 8669,
        "Third_Party_Dependant_For_Conne": null,
        "Latitude": -33.87800403,
        "Longitude": 18.63058847
      }
    },
    {
      "attributes": {
        "Precincts": "Tyger Waterfront",
        "Quickbase_Status": "Completed",
        "QBRecordID": 8671,
        "Third_Party_Dependant_For_Conne": null,
        "Latitude": -33.87679631,
        "Longitude": 18.62961877
      }
    },
    {
      "attributes": {
        "Precincts": "Tyger Waterfront",
        "Quickbase_Status": "Completed",
        "QBRecordID": 8672,
        "Third_Party_Dependant_For_Conne": null,
        "Latitude": -33.8769451,
        "Longitude": 18.63026007
      }
    },
    {
      "attributes": {
        "Precincts": "Sandton Phase 2",
        "Quickbase_Status": "Completed",
        "QBRecordID": 2959,
        "Third_Party_Dependant_For_Conne": null,
        "Latitude": -26.103842,
        "Longitude": 28.047768
      }
    },
    {
      "attributes": {
        "Precincts": "CPT CBD Phase 01",
        "Quickbase_Status": "Completed",
        "QBRecordID": 82213,
        "Third_Party_Dependant_For_Conne": null,
        "Latitude": -33.89570273,
        "Longitude": 18.48253131
      }
    },
    {
      "attributes": {
        "Precincts": "CPT CBD Phase 01",
        "Quickbase_Status": "Completed",
        "QBRecordID": 3075,
        "Third_Party_Dependant_For_Conne": null,
        "Latitude": -33.91876217,
        "Longitude": 18.42576127
      }
    },
    {
      "attributes": {
        "Precincts": "CPT CBD Phase 01",
        "Quickbase_Status": "Completed",
        "QBRecordID": 3076,
        "Third_Party_Dependant_For_Conne": null,
        "Latitude": -33.91899393,
        "Longitude": 18.42551952
      }
    },
    {
      "attributes": {
        "Precincts": "Woodlands Office Park",
        "Quickbase_Status": "Completed",
        "QBRecordID": 1684,
        "Third_Party_Dependant_For_Conne": null,
        "Latitude": -26.0627656,
        "Longitude": 28.08456251
      }
    },
    {
      "attributes": {
        "Precincts": "Burnside Office Park",
        "Quickbase_Status": "Completed",
        "QBRecordID": 3439,
        "Third_Party_Dependant_For_Conne": null,
        "Latitude": -26.11263474,
        "Longitude": 28.02043052
      }
    },
    {
      "attributes": {
        "Precincts": "Burnside Office Park",
        "Quickbase_Status": "Completed",
        "QBRecordID": 2930,
        "Third_Party_Dependant_For_Conne": null,
        "Latitude": -26.1149579,
        "Longitude": 28.02249751
      }
    },
    {
      "attributes": {
        "Precincts": "Bruma Lake",
        "Quickbase_Status": "Completed",
        "QBRecordID": 1542,
        "Third_Party_Dependant_For_Conne": null,
        "Latitude": -26.17906073,
        "Longitude": 28.11193131
      }
    },
    {
      "attributes": {
        "Precincts": "Bruma Lake",
        "Quickbase_Status": "Completed",
        "QBRecordID": 3977,
        "Third_Party_Dependant_For_Conne": null,
        "Latitude": -26.18287079,
        "Longitude": 28.10617711
      }
    },
    {
      "attributes": {
        "Precincts": "Charles Crescent",
        "Quickbase_Status": "Completed",
        "QBRecordID": 946,
        "Third_Party_Dependant_For_Conne": null,
        "Latitude": -26.09648235,
        "Longitude": 28.08171599
      }
    },
    {
      "attributes": {
        "Precincts": "Charles Crescent",
        "Quickbase_Status": "Completed",
        "QBRecordID": 1745,
        "Third_Party_Dependant_For_Conne": null,
        "Latitude": -26.09499857,
        "Longitude": 28.08337368
      }
    },
    {
      "attributes": {
        "Precincts": "Charles Crescent",
        "Quickbase_Status": "Completed",
        "QBRecordID": 1349,
        "Third_Party_Dependant_For_Conne": null,
        "Latitude": -26.09684237,
        "Longitude": 28.08120497
      }
    },
    {
      "attributes": {
        "Precincts": "Charles Crescent",
        "Quickbase_Status": "Completed",
        "QBRecordID": 945,
        "Third_Party_Dependant_For_Conne": null,
        "Latitude": -26.09826121,
        "Longitude": 28.07758403
      }
    },
    {
      "attributes": {
        "Precincts": "Charles Crescent",
        "Quickbase_Status": "Completed",
        "QBRecordID": 1319,
        "Third_Party_Dependant_For_Conne": null,
        "Latitude": -26.09802577,
        "Longitude": 28.07837908
      }
    },
    {
      "attributes": {
        "Precincts": "Central Street",
        "Quickbase_Status": "Completed",
        "QBRecordID": 855,
        "Third_Party_Dependant_For_Conne": null,
        "Latitude": -26.15268484,
        "Longitude": 28.05827125
      }
    },
    {
      "attributes": {
        "Precincts": "George Road",
        "Quickbase_Status": "Completed",
        "QBRecordID": 6766,
        "Third_Party_Dependant_For_Conne": null,
        "Latitude": -25.96620368,
        "Longitude": 28.13156203
      }
    },
    {
      "attributes": {
        "Precincts": "George Road",
        "Quickbase_Status": "Completed",
        "QBRecordID": 1287,
        "Third_Party_Dependant_For_Conne": null,
        "Latitude": -25.96545156,
        "Longitude": 28.1332447
      }
    },
    {
      "attributes": {
        "Precincts": "Arden Grove",
        "Quickbase_Status": "Completed",
        "QBRecordID": 1608,
        "Third_Party_Dependant_For_Conne": null,
        "Latitude": -33.86506088,
        "Longitude": 18.51292104
      }
    },
    {
      "attributes": {
        "Precincts": "Arden Grove",
        "Quickbase_Status": "Completed",
        "QBRecordID": 3159,
        "Third_Party_Dependant_For_Conne": null,
        "Latitude": -33.86571169,
        "Longitude": 18.51233888
      }
    },
    {
      "attributes": {
        "Precincts": "George Road",
        "Quickbase_Status": "Completed",
        "QBRecordID": 1012,
        "Third_Party_Dependant_For_Conne": null,
        "Latitude": -25.96691717,
        "Longitude": 28.13536735
      }
    },
    {
      "attributes": {
        "Precincts": "George Road",
        "Quickbase_Status": "Completed",
        "QBRecordID": 1744,
        "Third_Party_Dependant_For_Conne": null,
        "Latitude": -25.96729995,
        "Longitude": 28.13574196
      }
    },
    {
      "attributes": {
        "Precincts": "George Road",
        "Quickbase_Status": "Completed",
        "QBRecordID": 1737,
        "Third_Party_Dependant_For_Conne": null,
        "Latitude": -25.9571973,
        "Longitude": 28.13523366
      }
    },
    {
      "attributes": {
        "Precincts": "George Road",
        "Quickbase_Status": "Completed",
        "QBRecordID": 1736,
        "Third_Party_Dependant_For_Conne": null,
        "Latitude": -25.95741396,
        "Longitude": 28.13518406
      }
    },
    {
      "attributes": {
        "Precincts": "Arden Grove",
        "Quickbase_Status": "Completed",
        "QBRecordID": 1586,
        "Third_Party_Dependant_For_Conne": null,
        "Latitude": -33.86700338,
        "Longitude": 18.51350224
      }
    },
    {
      "attributes": {
        "Precincts": "Arden Grove",
        "Quickbase_Status": "Completed",
        "QBRecordID": 1574,
        "Third_Party_Dependant_For_Conne": null,
        "Latitude": -33.86545686,
        "Longitude": 18.51421051
      }
    },
    {
      "attributes": {
        "Precincts": "Arden Grove",
        "Quickbase_Status": "Completed",
        "QBRecordID": 3543,
        "Third_Party_Dependant_For_Conne": null,
        "Latitude": -33.86272411,
        "Longitude": 18.51395671
      }
    },
    {
      "attributes": {
        "Precincts": "Arden Grove",
        "Quickbase_Status": "Completed",
        "QBRecordID": 3537,
        "Third_Party_Dependant_For_Conne": null,
        "Latitude": -33.86241408,
        "Longitude": 18.51356853
      }
    },
    {
      "attributes": {
        "Precincts": "Arden Grove",
        "Quickbase_Status": "Completed",
        "QBRecordID": 16917,
        "Third_Party_Dependant_For_Conne": null,
        "Latitude": -33.86819672,
        "Longitude": 18.51338728
      }
    },
    {
      "attributes": {
        "Precincts": "Arden Grove",
        "Quickbase_Status": "Completed",
        "QBRecordID": 1592,
        "Third_Party_Dependant_For_Conne": null,
        "Latitude": -33.86703447,
        "Longitude": 18.51247711
      }
    },
    {
      "attributes": {
        "Precincts": "Richards Drive",
        "Quickbase_Status": "Completed",
        "QBRecordID": 2440,
        "Third_Party_Dependant_For_Conne": null,
        "Latitude": -26.01194315,
        "Longitude": 28.12402305
      }
    },
    {
      "attributes": {
        "Precincts": "Hyde Park",
        "Quickbase_Status": "Completed",
        "QBRecordID": 1929,
        "Third_Party_Dependant_For_Conne": null,
        "Latitude": -26.11780366,
        "Longitude": 28.03158057
      }
    },
    {
      "attributes": {
        "Precincts": "Hyde Park",
        "Quickbase_Status": "Completed",
        "QBRecordID": 1928,
        "Third_Party_Dependant_For_Conne": null,
        "Latitude": -26.11829011,
        "Longitude": 28.0315784
      }
    },
    {
      "attributes": {
        "Precincts": "Central Park",
        "Quickbase_Status": "Completed",
        "QBRecordID": 1525,
        "Third_Party_Dependant_For_Conne": null,
        "Latitude": -25.97608523,
        "Longitude": 28.13297256
      }
    },
    {
      "attributes": {
        "Precincts": "Central Park",
        "Quickbase_Status": "Completed",
        "QBRecordID": 4014,
        "Third_Party_Dependant_For_Conne": null,
        "Latitude": -25.97590923,
        "Longitude": 28.1327808
      }
    },
    {
      "attributes": {
        "Precincts": "Central Park",
        "Quickbase_Status": "Completed",
        "QBRecordID": 940,
        "Third_Party_Dependant_For_Conne": null,
        "Latitude": -25.9759605,
        "Longitude": 28.13415487
      }
    },
    {
      "attributes": {
        "Precincts": "Central Park",
        "Quickbase_Status": "Completed",
        "QBRecordID": 1523,
        "Third_Party_Dependant_For_Conne": null,
        "Latitude": -25.9757042,
        "Longitude": 28.13343987
      }
    },
    {
      "attributes": {
        "Precincts": "Sandton Phase 2",
        "Quickbase_Status": "Completed",
        "QBRecordID": 4029,
        "Third_Party_Dependant_For_Conne": null,
        "Latitude": -26.10412713,
        "Longitude": 28.05611301
      }
    },
    {
      "attributes": {
        "Precincts": "Wierda Road",
        "Quickbase_Status": "Completed",
        "QBRecordID": 820,
        "Third_Party_Dependant_For_Conne": null,
        "Latitude": -26.10914908,
        "Longitude": 28.05746869
      }
    },
    {
      "attributes": {
        "Precincts": "Central Park",
        "Quickbase_Status": "Completed",
        "QBRecordID": 4020,
        "Third_Party_Dependant_For_Conne": null,
        "Latitude": -25.97593884,
        "Longitude": 28.1337684
      }
    },
    {
      "attributes": {
        "Precincts": "Central Park",
        "Quickbase_Status": "Completed",
        "QBRecordID": 4018,
        "Third_Party_Dependant_For_Conne": null,
        "Latitude": -25.97626417,
        "Longitude": 28.13358238
      }
    },
    {
      "attributes": {
        "Precincts": "Bryanston Extension",
        "Quickbase_Status": "Completed",
        "QBRecordID": 2251,
        "Third_Party_Dependant_For_Conne": null,
        "Latitude": -26.04435874,
        "Longitude": 28.01495941
      }
    },
    {
      "attributes": {
        "Precincts": "Bryanston Extension",
        "Quickbase_Status": "Completed",
        "QBRecordID": 1903,
        "Third_Party_Dependant_For_Conne": null,
        "Latitude": -26.04025949,
        "Longitude": 28.01238806
      }
    },
    {
      "attributes": {
        "Precincts": "Bryanston Extension",
        "Quickbase_Status": "Completed",
        "QBRecordID": 1899,
        "Third_Party_Dependant_For_Conne": null,
        "Latitude": -26.04049698,
        "Longitude": 28.0109505
      }
    },
    {
      "attributes": {
        "Precincts": "Bryanston Extension",
        "Quickbase_Status": "Completed",
        "QBRecordID": 1920,
        "Third_Party_Dependant_For_Conne": null,
        "Latitude": -26.04922007,
        "Longitude": 28.02015477
      }
    },
    {
      "attributes": {
        "Precincts": "Morningside",
        "Quickbase_Status": "Completed",
        "QBRecordID": 1154,
        "Third_Party_Dependant_For_Conne": null,
        "Latitude": -26.08054121,
        "Longitude": 28.06292872
      }
    },
    {
      "attributes": {
        "Precincts": "Tygervalley",
        "Quickbase_Status": "Completed",
        "QBRecordID": 2589,
        "Third_Party_Dependant_For_Conne": null,
        "Latitude": -33.87896662,
        "Longitude": 18.63633516
      }
    },
    {
      "attributes": {
        "Precincts": "Sandton Phase 2",
        "Quickbase_Status": "Completed",
        "QBRecordID": 3521,
        "Third_Party_Dependant_For_Conne": null,
        "Latitude": -26.10337333,
        "Longitude": 28.05018441
      }
    },
    {
      "attributes": {
        "Precincts": "Empire Road",
        "Quickbase_Status": "Completed",
        "QBRecordID": 2480,
        "Third_Party_Dependant_For_Conne": null,
        "Latitude": -26.18347916,
        "Longitude": 28.02259458
      }
    },
    {
      "attributes": {
        "Precincts": "George Road",
        "Quickbase_Status": "Completed",
        "QBRecordID": 1770,
        "Third_Party_Dependant_For_Conne": null,
        "Latitude": -25.97483437,
        "Longitude": 28.1305857
      }
    },
    {
      "attributes": {
        "Precincts": "Sandton Phase 3",
        "Quickbase_Status": "Completed",
        "QBRecordID": 2945,
        "Third_Party_Dependant_For_Conne": null,
        "Latitude": -26.10631738,
        "Longitude": 28.05698373
      }
    },
    {
      "attributes": {
        "Precincts": "Hyde Park",
        "Quickbase_Status": "Completed",
        "QBRecordID": 1939,
        "Third_Party_Dependant_For_Conne": null,
        "Latitude": -26.12135679,
        "Longitude": 28.03037867
      }
    },
    {
      "attributes": {
        "Precincts": "Hyde Park",
        "Quickbase_Status": "Completed",
        "QBRecordID": 1942,
        "Third_Party_Dependant_For_Conne": null,
        "Latitude": -26.12170044,
        "Longitude": 28.03072471
      }
    },
    {
      "attributes": {
        "Precincts": "Witch-Hazel",
        "Quickbase_Status": "Completed",
        "QBRecordID": 1276,
        "Third_Party_Dependant_For_Conne": null,
        "Latitude": -25.87352198,
        "Longitude": 28.18347891
      }
    },
    {
      "attributes": {
        "Precincts": "Witch-Hazel",
        "Quickbase_Status": "Completed",
        "QBRecordID": 1728,
        "Third_Party_Dependant_For_Conne": null,
        "Latitude": -25.87506027,
        "Longitude": 28.18180083
      }
    },
    {
      "attributes": {
        "Precincts": "Witch-Hazel",
        "Quickbase_Status": "Completed",
        "QBRecordID": 3905,
        "Third_Party_Dependant_For_Conne": null,
        "Latitude": -25.8744383,
        "Longitude": 28.18206637
      }
    },
    {
      "attributes": {
        "Precincts": "Witch-Hazel",
        "Quickbase_Status": "Completed",
        "QBRecordID": 1253,
        "Third_Party_Dependant_For_Conne": null,
        "Latitude": -25.8710551,
        "Longitude": 28.18805263
      }
    },
    {
      "attributes": {
        "Precincts": "Tygervalley",
        "Quickbase_Status": "Completed",
        "QBRecordID": 2605,
        "Third_Party_Dependant_For_Conne": null,
        "Latitude": -33.87872677,
        "Longitude": 18.63453731
      }
    },
    {
      "attributes": {
        "Precincts": "Witch-Hazel",
        "Quickbase_Status": "Completed",
        "QBRecordID": 1254,
        "Third_Party_Dependant_For_Conne": null,
        "Latitude": -25.87079378,
        "Longitude": 28.18731667
      }
    },
    {
      "attributes": {
        "Precincts": "Tygervalley",
        "Quickbase_Status": "Completed",
        "QBRecordID": 2594,
        "Third_Party_Dependant_For_Conne": null,
        "Latitude": -33.8775649,
        "Longitude": 18.63538095
      }
    },
    {
      "attributes": {
        "Precincts": "Westlake",
        "Quickbase_Status": "Completed",
        "QBRecordID": 1806,
        "Third_Party_Dependant_For_Conne": null,
        "Latitude": -34.07732006,
        "Longitude": 18.43494398
      }
    },
    {
      "attributes": {
        "Precincts": "Westlake",
        "Quickbase_Status": "Completed",
        "QBRecordID": 1228,
        "Third_Party_Dependant_For_Conne": null,
        "Latitude": -34.07678911,
        "Longitude": 18.43775946
      }
    },
    {
      "attributes": {
        "Precincts": "Rosebank Phase 2",
        "Quickbase_Status": "Completed",
        "QBRecordID": 2986,
        "Third_Party_Dependant_For_Conne": null,
        "Latitude": -26.14604708,
        "Longitude": 28.03718658
      }
    },
    {
      "attributes": {
        "Precincts": "Rosebank Phase 2",
        "Quickbase_Status": "Completed",
        "QBRecordID": 2969,
        "Third_Party_Dependant_For_Conne": null,
        "Latitude": -26.14595863,
        "Longitude": 28.03738216
      }
    },
    {
      "attributes": {
        "Precincts": "Westlake",
        "Quickbase_Status": "Completed",
        "QBRecordID": 1230,
        "Third_Party_Dependant_For_Conne": null,
        "Latitude": -34.07835806,
        "Longitude": 18.43774299
      }
    },
    {
      "attributes": {
        "Precincts": "Westlake",
        "Quickbase_Status": "Completed",
        "QBRecordID": 1819,
        "Third_Party_Dependant_For_Conne": null,
        "Latitude": -34.07847959,
        "Longitude": 18.43796874
      }
    },
    {
      "attributes": {
        "Precincts": "Rosebank Phase 2",
        "Quickbase_Status": "Completed",
        "QBRecordID": 2939,
        "Third_Party_Dependant_For_Conne": null,
        "Latitude": -26.14625878,
        "Longitude": 28.03614469
      }
    },
    {
      "attributes": {
        "Precincts": "Rosebank Phase 2",
        "Quickbase_Status": "Completed",
        "QBRecordID": 3829,
        "Third_Party_Dependant_For_Conne": null,
        "Latitude": -26.14616587,
        "Longitude": 28.03668925
      }
    },
    {
      "attributes": {
        "Precincts": "Westlake",
        "Quickbase_Status": "Completed",
        "QBRecordID": 1236,
        "Third_Party_Dependant_For_Conne": null,
        "Latitude": -34.07885816,
        "Longitude": 18.43901285
      }
    },
    {
      "attributes": {
        "Precincts": "Westlake",
        "Quickbase_Status": "Completed",
        "QBRecordID": 1237,
        "Third_Party_Dependant_For_Conne": null,
        "Latitude": -34.07902284,
        "Longitude": 18.43889908
      }
    },
    {
      "attributes": {
        "Precincts": "CPT CBD Phase 02",
        "Quickbase_Status": "Completed",
        "QBRecordID": 3091,
        "Third_Party_Dependant_For_Conne": null,
        "Latitude": -33.91927171,
        "Longitude": 18.43245044
      }
    },
    {
      "attributes": {
        "Precincts": "Steenberg",
        "Quickbase_Status": "Completed",
        "QBRecordID": 2531,
        "Third_Party_Dependant_For_Conne": null,
        "Latitude": -34.08030725,
        "Longitude": 18.43337434
      }
    },
    {
      "attributes": {
        "Precincts": "Steenberg",
        "Quickbase_Status": "Completed",
        "QBRecordID": 2532,
        "Third_Party_Dependant_For_Conne": null,
        "Latitude": -34.0804347,
        "Longitude": 18.43361971
      }
    },
    {
      "attributes": {
        "Precincts": "Wierda Road",
        "Quickbase_Status": "Completed",
        "QBRecordID": 612,
        "Third_Party_Dependant_For_Conne": null,
        "Latitude": -26.11310779,
        "Longitude": 28.05654196
      }
    },
    {
      "attributes": {
        "Precincts": "Wierda Road",
        "Quickbase_Status": "Completed",
        "QBRecordID": 613,
        "Third_Party_Dependant_For_Conne": null,
        "Latitude": -26.11368177,
        "Longitude": 28.05654604
      }
    },
    {
      "attributes": {
        "Precincts": "Wierda Road",
        "Quickbase_Status": "Completed",
        "QBRecordID": 902,
        "Third_Party_Dependant_For_Conne": null,
        "Latitude": -26.11385701,
        "Longitude": 28.0594302
      }
    },
    {
      "attributes": {
        "Precincts": "Capital Hill",
        "Quickbase_Status": "Completed",
        "QBRecordID": 2411,
        "Third_Party_Dependant_For_Conne": null,
        "Latitude": -26.01305448,
        "Longitude": 28.12831215
      }
    },
    {
      "attributes": {
        "Precincts": "Wierda Road",
        "Quickbase_Status": "Completed",
        "QBRecordID": 899,
        "Third_Party_Dependant_For_Conne": null,
        "Latitude": -26.11284485,
        "Longitude": 28.05893192
      }
    },
    {
      "attributes": {
        "Precincts": "Wierda Road",
        "Quickbase_Status": "Completed",
        "QBRecordID": 350,
        "Third_Party_Dependant_For_Conne": null,
        "Latitude": -26.11243605,
        "Longitude": 28.05874503
      }
    },
    {
      "attributes": {
        "Precincts": "Peter Place",
        "Quickbase_Status": "Completed",
        "QBRecordID": 706,
        "Third_Party_Dependant_For_Conne": null,
        "Latitude": -26.08247532,
        "Longitude": 28.02228652
      }
    },
    {
      "attributes": {
        "Precincts": "Peter Place",
        "Quickbase_Status": "Completed",
        "QBRecordID": 692,
        "Third_Party_Dependant_For_Conne": null,
        "Latitude": -26.08178266,
        "Longitude": 28.0160098
      }
    },
    {
      "attributes": {
        "Precincts": "Centurion Gautrain Station",
        "Quickbase_Status": "Completed",
        "QBRecordID": 2304,
        "Third_Party_Dependant_For_Conne": null,
        "Latitude": -25.85527416,
        "Longitude": 28.19372186
      }
    },
    {
      "attributes": {
        "Precincts": "Centurion Gautrain Station",
        "Quickbase_Status": "Completed",
        "QBRecordID": 2307,
        "Third_Party_Dependant_For_Conne": null,
        "Latitude": -25.85500135,
        "Longitude": 28.19482856
      }
    },
    {
      "attributes": {
        "Precincts": "Centurion Gautrain Station",
        "Quickbase_Status": "Completed",
        "QBRecordID": 2308,
        "Third_Party_Dependant_For_Conne": null,
        "Latitude": -25.85471098,
        "Longitude": 28.1941654
      }
    },
    {
      "attributes": {
        "Precincts": "Rivonia North",
        "Quickbase_Status": "Completed",
        "QBRecordID": 1458,
        "Third_Party_Dependant_For_Conne": null,
        "Latitude": -26.04134744,
        "Longitude": 28.05880738
      }
    },
    {
      "attributes": {
        "Precincts": "Rivonia North",
        "Quickbase_Status": "Completed",
        "QBRecordID": 446,
        "Third_Party_Dependant_For_Conne": null,
        "Latitude": -26.04158191,
        "Longitude": 28.05907548
      }
    },
    {
      "attributes": {
        "Precincts": "Rivonia North",
        "Quickbase_Status": "Completed",
        "QBRecordID": 625,
        "Third_Party_Dependant_For_Conne": null,
        "Latitude": -26.03955995,
        "Longitude": 28.05923965
      }
    },
    {
      "attributes": {
        "Precincts": "Rivonia North",
        "Quickbase_Status": "Completed",
        "QBRecordID": 626,
        "Third_Party_Dependant_For_Conne": null,
        "Latitude": -26.03950858,
        "Longitude": 28.05876582
      }
    },
    {
      "attributes": {
        "Precincts": "Rivonia North",
        "Quickbase_Status": "Completed",
        "QBRecordID": 1415,
        "Third_Party_Dependant_For_Conne": null,
        "Latitude": -26.04251139,
        "Longitude": 28.06062707
      }
    },
    {
      "attributes": {
        "Precincts": "Rivonia North",
        "Quickbase_Status": "Completed",
        "QBRecordID": 646,
        "Third_Party_Dependant_For_Conne": null,
        "Latitude": -26.04688433,
        "Longitude": 28.05996118
      }
    },
    {
      "attributes": {
        "Precincts": "Design Quarter",
        "Quickbase_Status": "Completed",
        "QBRecordID": 2384,
        "Third_Party_Dependant_For_Conne": null,
        "Latitude": -26.03192109,
        "Longitude": 28.01072051
      }
    },
    {
      "attributes": {
        "Precincts": "Rivonia North",
        "Quickbase_Status": "Completed",
        "QBRecordID": 398,
        "Third_Party_Dependant_For_Conne": null,
        "Latitude": -26.04339951,
        "Longitude": 28.06038195
      }
    },
    {
      "attributes": {
        "Precincts": "CPT CBD Phase 01",
        "Quickbase_Status": "Completed",
        "QBRecordID": 3064,
        "Third_Party_Dependant_For_Conne": null,
        "Latitude": -33.91789801,
        "Longitude": 18.42660495
      }
    },
    {
      "attributes": {
        "Precincts": "CPT CBD Phase 01",
        "Quickbase_Status": "Completed",
        "QBRecordID": 3066,
        "Third_Party_Dependant_For_Conne": null,
        "Latitude": -33.91772481,
        "Longitude": 18.42631345
      }
    },
    {
      "attributes": {
        "Precincts": "Umhlanga (Phase 3)",
        "Quickbase_Status": "Completed",
        "QBRecordID": 4107,
        "Third_Party_Dependant_For_Conne": null,
        "Latitude": -29.74670513,
        "Longitude": 31.0687895
      }
    },
    {
      "attributes": {
        "Precincts": "Woodlands Office Park",
        "Quickbase_Status": "Completed",
        "QBRecordID": 1678,
        "Third_Party_Dependant_For_Conne": null,
        "Latitude": -26.06383706,
        "Longitude": 28.08246706
      }
    },
    {
      "attributes": {
        "Precincts": "Woodlands Office Park",
        "Quickbase_Status": "Completed",
        "QBRecordID": 1680,
        "Third_Party_Dependant_For_Conne": null,
        "Latitude": -26.06348033,
        "Longitude": 28.08329115
      }
    },
    {
      "attributes": {
        "Precincts": "Woodlands Office Park",
        "Quickbase_Status": "Completed",
        "QBRecordID": 1637,
        "Third_Party_Dependant_For_Conne": null,
        "Latitude": -26.06154117,
        "Longitude": 28.08566924
      }
    },
    {
      "attributes": {
        "Precincts": "Woodlands Office Park",
        "Quickbase_Status": "Completed",
        "QBRecordID": 1638,
        "Third_Party_Dependant_For_Conne": null,
        "Latitude": -26.06147139,
        "Longitude": 28.08638272
      }
    },
    {
      "attributes": {
        "Precincts": "Woodlands Office Park",
        "Quickbase_Status": "Completed",
        "QBRecordID": 1639,
        "Third_Party_Dependant_For_Conne": null,
        "Latitude": -26.06181048,
        "Longitude": 28.08787149
      }
    },
    {
      "attributes": {
        "Precincts": "Hatfield (Phase 3)",
        "Quickbase_Status": "Completed",
        "QBRecordID": 3480,
        "Third_Party_Dependant_For_Conne": null,
        "Latitude": -25.74288599,
        "Longitude": 28.24610657
      }
    },
    {
      "attributes": {
        "Precincts": "Hatfield (Phase 3)",
        "Quickbase_Status": "Completed",
        "QBRecordID": 3482,
        "Third_Party_Dependant_For_Conne": null,
        "Latitude": -25.74342529,
        "Longitude": 28.24473588
      }
    },
    {
      "attributes": {
        "Precincts": "Central Park",
        "Quickbase_Status": "Completed",
        "QBRecordID": 3965,
        "Third_Party_Dependant_For_Conne": null,
        "Latitude": -25.97666885,
        "Longitude": 28.13255669
      }
    },
    {
      "attributes": {
        "Precincts": "Katherine Extension",
        "Quickbase_Status": "Completed",
        "QBRecordID": 4054,
        "Third_Party_Dependant_For_Conne": null,
        "Latitude": -26.10566076,
        "Longitude": 28.06825667
      }
    },
    {
      "attributes": {
        "Precincts": "Woodlands Office Park",
        "Quickbase_Status": "Completed",
        "QBRecordID": 1652,
        "Third_Party_Dependant_For_Conne": null,
        "Latitude": -26.0580061,
        "Longitude": 28.08539411
      }
    },
    {
      "attributes": {
        "Precincts": "Sandton Phase 2",
        "Quickbase_Status": "Completed",
        "QBRecordID": 4166,
        "Third_Party_Dependant_For_Conne": null,
        "Latitude": -26.10573779,
        "Longitude": 28.05070296
      }
    },
    {
      "attributes": {
        "Precincts": "Burnside Office Park",
        "Quickbase_Status": "Completed",
        "QBRecordID": 3446,
        "Third_Party_Dependant_For_Conne": null,
        "Latitude": -26.11383122,
        "Longitude": 28.022153
      }
    },
    {
      "attributes": {
        "Precincts": "Burnside Office Park",
        "Quickbase_Status": "Completed",
        "QBRecordID": 3447,
        "Third_Party_Dependant_For_Conne": null,
        "Latitude": -26.11409908,
        "Longitude": 28.02195571
      }
    },
    {
      "attributes": {
        "Precincts": "Bruma Lake",
        "Quickbase_Status": "Completed",
        "QBRecordID": 957,
        "Third_Party_Dependant_For_Conne": null,
        "Latitude": -26.18105975,
        "Longitude": 28.11115767
      }
    },
    {
      "attributes": {
        "Precincts": "Bruma Lake",
        "Quickbase_Status": "Completed",
        "QBRecordID": 971,
        "Third_Party_Dependant_For_Conne": null,
        "Latitude": -26.18250308,
        "Longitude": 28.10738236
      }
    },
    {
      "attributes": {
        "Precincts": "Bruma Lake",
        "Quickbase_Status": "Completed",
        "QBRecordID": 1538,
        "Third_Party_Dependant_For_Conne": null,
        "Latitude": -26.18277269,
        "Longitude": 28.10773322
      }
    },
    {
      "attributes": {
        "Precincts": "Thornhill",
        "Quickbase_Status": "Completed",
        "QBRecordID": 1190,
        "Third_Party_Dependant_For_Conne": null,
        "Latitude": -26.00957803,
        "Longitude": 28.11146238
      }
    },
    {
      "attributes": {
        "Precincts": "Thornhill",
        "Quickbase_Status": "Completed",
        "QBRecordID": 1194,
        "Third_Party_Dependant_For_Conne": null,
        "Latitude": -26.00991305,
        "Longitude": 28.11295117
      }
    },
    {
      "attributes": {
        "Precincts": "Thornhill",
        "Quickbase_Status": "Completed",
        "QBRecordID": 1195,
        "Third_Party_Dependant_For_Conne": null,
        "Latitude": -26.0095695,
        "Longitude": 28.11240127
      }
    },
    {
      "attributes": {
        "Precincts": "Thornhill",
        "Quickbase_Status": "Completed",
        "QBRecordID": 1206,
        "Third_Party_Dependant_For_Conne": null,
        "Latitude": -26.0086249,
        "Longitude": 28.11307147
      }
    },
    {
      "attributes": {
        "Precincts": "Charles Crescent",
        "Quickbase_Status": "Completed",
        "QBRecordID": 951,
        "Third_Party_Dependant_For_Conne": null,
        "Latitude": -26.0926698,
        "Longitude": 28.084276
      }
    },
    {
      "attributes": {
        "Precincts": "Central Street",
        "Quickbase_Status": "Completed",
        "QBRecordID": 862,
        "Third_Party_Dependant_For_Conne": null,
        "Latitude": -26.1490393,
        "Longitude": 28.05809093
      }
    },
    {
      "attributes": {
        "Precincts": "Central Street",
        "Quickbase_Status": "Completed",
        "QBRecordID": 4007,
        "Third_Party_Dependant_For_Conne": null,
        "Latitude": -26.1504093,
        "Longitude": 28.05791145
      }
    },
    {
      "attributes": {
        "Precincts": "Central Street",
        "Quickbase_Status": "Completed",
        "QBRecordID": 1411,
        "Third_Party_Dependant_For_Conne": null,
        "Latitude": -26.1505726,
        "Longitude": 28.05822279
      }
    },
    {
      "attributes": {
        "Precincts": "Central Street",
        "Quickbase_Status": "Completed",
        "QBRecordID": 2684,
        "Third_Party_Dependant_For_Conne": null,
        "Latitude": -26.15493599,
        "Longitude": 28.05807828
      }
    },
    {
      "attributes": {
        "Precincts": "Central Street",
        "Quickbase_Status": "Completed",
        "QBRecordID": 857,
        "Third_Party_Dependant_For_Conne": null,
        "Latitude": -26.15540836,
        "Longitude": 28.05782813
      }
    },
    {
      "attributes": {
        "Precincts": "Central Street",
        "Quickbase_Status": "Completed",
        "QBRecordID": 846,
        "Third_Party_Dependant_For_Conne": null,
        "Latitude": -26.15732793,
        "Longitude": 28.05807753
      }
    },
    {
      "attributes": {
        "Precincts": "Central Street",
        "Quickbase_Status": "Completed",
        "QBRecordID": 839,
        "Third_Party_Dependant_For_Conne": null,
        "Latitude": -26.15799319,
        "Longitude": 28.05795611
      }
    },
    {
      "attributes": {
        "Precincts": "Central Street",
        "Quickbase_Status": "Completed",
        "QBRecordID": 825,
        "Third_Party_Dependant_For_Conne": null,
        "Latitude": -26.17089185,
        "Longitude": 28.05446515
      }
    },
    {
      "attributes": {
        "Precincts": "Sandton Phase 2",
        "Quickbase_Status": "Completed",
        "QBRecordID": 4043,
        "Third_Party_Dependant_For_Conne": null,
        "Latitude": -26.10476736,
        "Longitude": 28.04894317
      }
    },
    {
      "attributes": {
        "Precincts": "George Road",
        "Quickbase_Status": "Completed",
        "QBRecordID": 1756,
        "Third_Party_Dependant_For_Conne": null,
        "Latitude": -25.96845961,
        "Longitude": 28.13610863
      }
    },
    {
      "attributes": {
        "Precincts": "George Road",
        "Quickbase_Status": "Completed",
        "QBRecordID": 993,
        "Third_Party_Dependant_For_Conne": null,
        "Latitude": -25.96451538,
        "Longitude": 28.1336306
      }
    },
    {
      "attributes": {
        "Precincts": "George Road",
        "Quickbase_Status": "Completed",
        "QBRecordID": 984,
        "Third_Party_Dependant_For_Conne": null,
        "Latitude": -25.96053156,
        "Longitude": 28.13839739
      }
    },
    {
      "attributes": {
        "Precincts": "George Road",
        "Quickbase_Status": "Completed",
        "QBRecordID": 1364,
        "Third_Party_Dependant_For_Conne": null,
        "Latitude": -25.96265887,
        "Longitude": 28.13578606
      }
    },
    {
      "attributes": {
        "Precincts": "George Road",
        "Quickbase_Status": "Completed",
        "QBRecordID": 1363,
        "Third_Party_Dependant_For_Conne": null,
        "Latitude": -25.96219998,
        "Longitude": 28.13594839
      }
    },
    {
      "attributes": {
        "Precincts": "George Road",
        "Quickbase_Status": "Completed",
        "QBRecordID": 989,
        "Third_Party_Dependant_For_Conne": null,
        "Latitude": -25.96117319,
        "Longitude": 28.13478513
      }
    },
    {
      "attributes": {
        "Precincts": "George Road",
        "Quickbase_Status": "Completed",
        "QBRecordID": 1005,
        "Third_Party_Dependant_For_Conne": null,
        "Latitude": -25.97114942,
        "Longitude": 28.13283575
      }
    },
    {
      "attributes": {
        "Precincts": "George Road",
        "Quickbase_Status": "Completed",
        "QBRecordID": 1537,
        "Third_Party_Dependant_For_Conne": null,
        "Latitude": -25.97383476,
        "Longitude": 28.1320436
      }
    },
    {
      "attributes": {
        "Precincts": "Arden Grove",
        "Quickbase_Status": "Completed",
        "QBRecordID": 1785,
        "Third_Party_Dependant_For_Conne": null,
        "Latitude": -33.86199714,
        "Longitude": 18.51470471
      }
    },
    {
      "attributes": {
        "Precincts": "Umhlanga (Phase 3)",
        "Quickbase_Status": "Completed",
        "QBRecordID": 2782,
        "Third_Party_Dependant_For_Conne": null,
        "Latitude": -29.73604034,
        "Longitude": 31.07072221
      }
    },
    {
      "attributes": {
        "Precincts": "Umhlanga (Phase 3)",
        "Quickbase_Status": "Completed",
        "QBRecordID": 2787,
        "Third_Party_Dependant_For_Conne": null,
        "Latitude": -29.73730434,
        "Longitude": 31.07045847
      }
    },
    {
      "attributes": {
        "Precincts": "Witch-Hazel",
        "Quickbase_Status": "Completed",
        "QBRecordID": 1278,
        "Third_Party_Dependant_For_Conne": null,
        "Latitude": -25.87389277,
        "Longitude": 28.18462778
      }
    },
    {
      "attributes": {
        "Precincts": "Richards Drive",
        "Quickbase_Status": "Completed",
        "QBRecordID": 2427,
        "Third_Party_Dependant_For_Conne": null,
        "Latitude": -26.01569504,
        "Longitude": 28.12103238
      }
    },
    {
      "attributes": {
        "Precincts": "Eaton",
        "Quickbase_Status": "Completed",
        "QBRecordID": 206,
        "Third_Party_Dependant_For_Conne": null,
        "Latitude": -26.04644437,
        "Longitude": 28.02049654
      }
    },
    {
      "attributes": {
        "Precincts": "Girton",
        "Quickbase_Status": "Completed",
        "QBRecordID": 803,
        "Third_Party_Dependant_For_Conne": null,
        "Latitude": -26.18374351,
        "Longitude": 28.03821141
      }
    },
    {
      "attributes": {
        "Precincts": "Girton",
        "Quickbase_Status": "Completed",
        "QBRecordID": 819,
        "Third_Party_Dependant_For_Conne": null,
        "Latitude": -26.18428836,
        "Longitude": 28.03515887
      }
    },
    {
      "attributes": {
        "Precincts": "Girton",
        "Quickbase_Status": "Completed",
        "QBRecordID": 916,
        "Third_Party_Dependant_For_Conne": null,
        "Latitude": -26.18366294,
        "Longitude": 28.03375524
      }
    },
    {
      "attributes": {
        "Precincts": "Oberon",
        "Quickbase_Status": "Completed",
        "QBRecordID": 2322,
        "Third_Party_Dependant_For_Conne": null,
        "Latitude": -25.78251344,
        "Longitude": 28.28863811
      }
    },
    {
      "attributes": {
        "Precincts": "Oberon",
        "Quickbase_Status": "Completed",
        "QBRecordID": 2323,
        "Third_Party_Dependant_For_Conne": null,
        "Latitude": -25.78254529,
        "Longitude": 28.28925177
      }
    },
    {
      "attributes": {
        "Precincts": "Scott Street",
        "Quickbase_Status": "Completed",
        "QBRecordID": 1136,
        "Third_Party_Dependant_For_Conne": null,
        "Latitude": -26.129873,
        "Longitude": 28.07259689
      }
    },
    {
      "attributes": {
        "Precincts": "Scott Street",
        "Quickbase_Status": "Completed",
        "QBRecordID": 1140,
        "Third_Party_Dependant_For_Conne": null,
        "Latitude": -26.13134643,
        "Longitude": 28.07171866
      }
    },
    {
      "attributes": {
        "Precincts": "Scott Street",
        "Quickbase_Status": "Completed",
        "QBRecordID": 1144,
        "Third_Party_Dependant_For_Conne": null,
        "Latitude": -26.13294894,
        "Longitude": 28.07115901
      }
    },
    {
      "attributes": {
        "Precincts": "Scott Street",
        "Quickbase_Status": "Completed",
        "QBRecordID": 1139,
        "Third_Party_Dependant_For_Conne": null,
        "Latitude": -26.13100211,
        "Longitude": 28.071962
      }
    },
    {
      "attributes": {
        "Precincts": "Scott Street",
        "Quickbase_Status": "Completed",
        "QBRecordID": 2831,
        "Third_Party_Dependant_For_Conne": null,
        "Latitude": -26.13045192,
        "Longitude": 28.07216637
      }
    },
    {
      "attributes": {
        "Precincts": "Rosenpark",
        "Quickbase_Status": "Completed",
        "QBRecordID": 2693,
        "Third_Party_Dependant_For_Conne": null,
        "Latitude": -33.86847221,
        "Longitude": 18.64289377
      }
    },
    {
      "attributes": {
        "Precincts": "Rosenpark",
        "Quickbase_Status": "Completed",
        "QBRecordID": 3493,
        "Third_Party_Dependant_For_Conne": null,
        "Latitude": -33.86823607,
        "Longitude": 18.64285271
      }
    },
    {
      "attributes": {
        "Precincts": "Rosenpark",
        "Quickbase_Status": "Completed",
        "QBRecordID": 2700,
        "Third_Party_Dependant_For_Conne": null,
        "Latitude": -33.86763441,
        "Longitude": 18.64203281
      }
    },
    {
      "attributes": {
        "Precincts": "CPT CBD Phase 01",
        "Quickbase_Status": "Completed",
        "QBRecordID": 3059,
        "Third_Party_Dependant_For_Conne": null,
        "Latitude": -33.91779927,
        "Longitude": 18.42370687
      }
    },
    {
      "attributes": {
        "Precincts": "Sunninghill",
        "Quickbase_Status": "Completed",
        "QBRecordID": 96457,
        "Third_Party_Dependant_For_Conne": null,
        "Latitude": -26.03493777,
        "Longitude": 28.06308131
      }
    },
    {
      "attributes": {
        "Precincts": "Sunninghill",
        "Quickbase_Status": "Completed",
        "QBRecordID": 367,
        "Third_Party_Dependant_For_Conne": null,
        "Latitude": -26.03509603,
        "Longitude": 28.0625719
      }
    },
    {
      "attributes": {
        "Precincts": "Katherine Extension",
        "Quickbase_Status": "Completed",
        "QBRecordID": 3052,
        "Third_Party_Dependant_For_Conne": null,
        "Latitude": -26.10583964,
        "Longitude": 28.07151803
      }
    },
    {
      "attributes": {
        "Precincts": "Sandton Phase 2",
        "Quickbase_Status": "Completed",
        "QBRecordID": 4031,
        "Third_Party_Dependant_For_Conne": null,
        "Latitude": -26.10499765,
        "Longitude": 28.05651543
      }
    },
    {
      "attributes": {
        "Precincts": "Sandton Phase 2",
        "Quickbase_Status": "Completed",
        "QBRecordID": 4028,
        "Third_Party_Dependant_For_Conne": null,
        "Latitude": -26.1038485,
        "Longitude": 28.05652517
      }
    },
    {
      "attributes": {
        "Precincts": "Sandton Phase 2",
        "Quickbase_Status": "Completed",
        "QBRecordID": 4027,
        "Third_Party_Dependant_For_Conne": null,
        "Latitude": -26.10370271,
        "Longitude": 28.05691201
      }
    },
    {
      "attributes": {
        "Precincts": "Sandton Phase 1",
        "Quickbase_Status": "Completed",
        "QBRecordID": 2904,
        "Third_Party_Dependant_For_Conne": null,
        "Latitude": -26.10311473,
        "Longitude": 28.05587275
      }
    },
    {
      "attributes": {
        "Precincts": "Sandton Phase 2",
        "Quickbase_Status": "Completed",
        "QBRecordID": 2958,
        "Third_Party_Dependant_For_Conne": null,
        "Latitude": -26.10362827,
        "Longitude": 28.05510878
      }
    },
    {
      "attributes": {
        "Precincts": "Ashley Gardens",
        "Quickbase_Status": "Completed",
        "QBRecordID": 3433,
        "Third_Party_Dependant_For_Conne": null,
        "Latitude": -25.78307131,
        "Longitude": 28.26347092
      }
    },
    {
      "attributes": {
        "Precincts": "Ashley Gardens",
        "Quickbase_Status": "Completed",
        "QBRecordID": 2637,
        "Third_Party_Dependant_For_Conne": null,
        "Latitude": -25.78412523,
        "Longitude": 28.26623997
      }
    },
    {
      "attributes": {
        "Precincts": "Route 21 Office Park",
        "Quickbase_Status": "Completed",
        "QBRecordID": 1949,
        "Third_Party_Dependant_For_Conne": null,
        "Latitude": -25.8627886,
        "Longitude": 28.25862658
      }
    },
    {
      "attributes": {
        "Precincts": "Route 21 Office Park",
        "Quickbase_Status": "Completed",
        "QBRecordID": 1978,
        "Third_Party_Dependant_For_Conne": null,
        "Latitude": -25.86070313,
        "Longitude": 28.25719703
      }
    },
    {
      "attributes": {
        "Precincts": "Route 21 Office Park",
        "Quickbase_Status": "Completed",
        "QBRecordID": 2094,
        "Third_Party_Dependant_For_Conne": null,
        "Latitude": -25.86350751,
        "Longitude": 28.25760356
      }
    },
    {
      "attributes": {
        "Precincts": "Route 21 Office Park",
        "Quickbase_Status": "Completed",
        "QBRecordID": 2095,
        "Third_Party_Dependant_For_Conne": null,
        "Latitude": -25.86380639,
        "Longitude": 28.25758031
      }
    },
    {
      "attributes": {
        "Precincts": "Route 21 Office Park",
        "Quickbase_Status": "Completed",
        "QBRecordID": 2100,
        "Third_Party_Dependant_For_Conne": null,
        "Latitude": -25.86478486,
        "Longitude": 28.25817227
      }
    },
    {
      "attributes": {
        "Precincts": "Bryanston Extension",
        "Quickbase_Status": "Completed",
        "QBRecordID": 1918,
        "Third_Party_Dependant_For_Conne": null,
        "Latitude": -26.04986212,
        "Longitude": 28.02028964
      }
    },
    {
      "attributes": {
        "Precincts": "Central Park",
        "Quickbase_Status": "Completed",
        "QBRecordID": 1484,
        "Third_Party_Dependant_For_Conne": null,
        "Latitude": -25.98004827,
        "Longitude": 28.13273619
      }
    },
    {
      "attributes": {
        "Precincts": "Central Park",
        "Quickbase_Status": "Completed",
        "QBRecordID": 18366,
        "Third_Party_Dependant_For_Conne": null,
        "Latitude": -25.98021419,
        "Longitude": 28.13102535
      }
    },
    {
      "attributes": {
        "Precincts": "Morningside",
        "Quickbase_Status": "Completed",
        "QBRecordID": 1403,
        "Third_Party_Dependant_For_Conne": null,
        "Latitude": -26.07745795,
        "Longitude": 28.06468265
      }
    },
    {
      "attributes": {
        "Precincts": "Morningside",
        "Quickbase_Status": "Completed",
        "QBRecordID": 1149,
        "Third_Party_Dependant_For_Conne": null,
        "Latitude": -26.07444671,
        "Longitude": 28.06570871
      }
    },
    {
      "attributes": {
        "Precincts": "Morningside",
        "Quickbase_Status": "Completed",
        "QBRecordID": 71048,
        "Third_Party_Dependant_For_Conne": null,
        "Latitude": -26.07409388,
        "Longitude": 28.06570088
      }
    },
    {
      "attributes": {
        "Precincts": "Morningside",
        "Quickbase_Status": "Completed",
        "QBRecordID": 1153,
        "Third_Party_Dependant_For_Conne": null,
        "Latitude": -26.07967931,
        "Longitude": 28.06347277
      }
    },
    {
      "attributes": {
        "Precincts": "Lynnwood East",
        "Quickbase_Status": "Completed",
        "QBRecordID": 3527,
        "Third_Party_Dependant_For_Conne": null,
        "Latitude": -25.76584758,
        "Longitude": 28.28293454
      }
    },
    {
      "attributes": {
        "Precincts": "Lynnwood East",
        "Quickbase_Status": "Completed",
        "QBRecordID": 3525,
        "Third_Party_Dependant_For_Conne": null,
        "Latitude": -25.76461022,
        "Longitude": 28.2793974
      }
    },
    {
      "attributes": {
        "Precincts": "Tygervalley",
        "Quickbase_Status": "Completed",
        "QBRecordID": 2586,
        "Third_Party_Dependant_For_Conne": null,
        "Latitude": -33.88094304,
        "Longitude": 18.63481264
      }
    },
    {
      "attributes": {
        "Precincts": "Westlake",
        "Quickbase_Status": "Completed",
        "QBRecordID": 1225,
        "Third_Party_Dependant_For_Conne": null,
        "Latitude": -34.07773141,
        "Longitude": 18.43642987
      }
    },
    {
      "attributes": {
        "Precincts": "Westlake",
        "Quickbase_Status": "Completed",
        "QBRecordID": 1238,
        "Third_Party_Dependant_For_Conne": null,
        "Latitude": -34.07770619,
        "Longitude": 18.43610438
      }
    },
    {
      "attributes": {
        "Precincts": "Wierda Road",
        "Quickbase_Status": "Completed",
        "QBRecordID": 352,
        "Third_Party_Dependant_For_Conne": null,
        "Latitude": -26.11288467,
        "Longitude": 28.05756163
      }
    },
    {
      "attributes": {
        "Precincts": "Wierda Road",
        "Quickbase_Status": "Completed",
        "QBRecordID": 907,
        "Third_Party_Dependant_For_Conne": null,
        "Latitude": -26.11502317,
        "Longitude": 28.05602756
      }
    },
    {
      "attributes": {
        "Precincts": "Wierda Road",
        "Quickbase_Status": "Completed",
        "QBRecordID": 906,
        "Third_Party_Dependant_For_Conne": null,
        "Latitude": -26.11475127,
        "Longitude": 28.05674265
      }
    },
    {
      "attributes": {
        "Precincts": "Wierda Road",
        "Quickbase_Status": "Completed",
        "QBRecordID": 344,
        "Third_Party_Dependant_For_Conne": null,
        "Latitude": -26.11213823,
        "Longitude": 28.0600523
      }
    },
    {
      "attributes": {
        "Precincts": "Wierda Road",
        "Quickbase_Status": "Completed",
        "QBRecordID": 339,
        "Third_Party_Dependant_For_Conne": null,
        "Latitude": -26.1112249,
        "Longitude": 28.06029519
      }
    },
    {
      "attributes": {
        "Precincts": "Rivonia North",
        "Quickbase_Status": "Completed",
        "QBRecordID": 4087,
        "Third_Party_Dependant_For_Conne": null,
        "Latitude": -26.04513742,
        "Longitude": 28.06001734
      }
    },
    {
      "attributes": {
        "Precincts": "Rivonia North",
        "Quickbase_Status": "Completed",
        "QBRecordID": 408,
        "Third_Party_Dependant_For_Conne": null,
        "Latitude": -26.04299487,
        "Longitude": 28.0596109
      }
    },
    {
      "attributes": {
        "Precincts": "Sandton Phase 2",
        "Quickbase_Status": "Completed",
        "QBRecordID": 2925,
        "Third_Party_Dependant_For_Conne": null,
        "Latitude": -26.10204627,
        "Longitude": 28.04912094
      }
    },
    {
      "attributes": {
        "Precincts": "Sandton Phase 2",
        "Quickbase_Status": "Completed",
        "QBRecordID": 2926,
        "Third_Party_Dependant_For_Conne": null,
        "Latitude": -26.10245259,
        "Longitude": 28.04867125
      }
    },
    {
      "attributes": {
        "Precincts": "Rivonia North",
        "Quickbase_Status": "Completed",
        "QBRecordID": 1418,
        "Third_Party_Dependant_For_Conne": null,
        "Latitude": -26.04151605,
        "Longitude": 28.06078391
      }
    },
    {
      "attributes": {
        "Precincts": "Rivonia North",
        "Quickbase_Status": "Completed",
        "QBRecordID": 1421,
        "Third_Party_Dependant_For_Conne": null,
        "Latitude": -26.04120739,
        "Longitude": 28.061388
      }
    },
    {
      "attributes": {
        "Precincts": "Woodlands Office Park",
        "Quickbase_Status": "Completed",
        "QBRecordID": 1685,
        "Third_Party_Dependant_For_Conne": null,
        "Latitude": -26.06379788,
        "Longitude": 28.08200005
      }
    },
    {
      "attributes": {
        "Precincts": "Woodlands Office Park",
        "Quickbase_Status": "Completed",
        "QBRecordID": 1644,
        "Third_Party_Dependant_For_Conne": null,
        "Latitude": -26.05870539,
        "Longitude": 28.08832201
      }
    },
    {
      "attributes": {
        "Precincts": "Woodlands Office Park",
        "Quickbase_Status": "Completed",
        "QBRecordID": 1645,
        "Third_Party_Dependant_For_Conne": null,
        "Latitude": -26.05967007,
        "Longitude": 28.08766525
      }
    },
    {
      "attributes": {
        "Precincts": "Burnside Office Park",
        "Quickbase_Status": "Completed",
        "QBRecordID": 3010,
        "Third_Party_Dependant_For_Conne": null,
        "Latitude": -26.11295458,
        "Longitude": 28.02058826
      }
    },
    {
      "attributes": {
        "Precincts": "Thornhill",
        "Quickbase_Status": "Completed",
        "QBRecordID": 18369,
        "Third_Party_Dependant_For_Conne": null,
        "Latitude": -26.01058292,
        "Longitude": 28.11273673
      }
    },
    {
      "attributes": {
        "Precincts": "Thornhill",
        "Quickbase_Status": "Completed",
        "QBRecordID": 1183,
        "Third_Party_Dependant_For_Conne": null,
        "Latitude": -26.01014749,
        "Longitude": 28.11255058
      }
    },
    {
      "attributes": {
        "Precincts": "Thornhill",
        "Quickbase_Status": "Completed",
        "QBRecordID": 1184,
        "Third_Party_Dependant_For_Conne": null,
        "Latitude": -26.01040154,
        "Longitude": 28.11235758
      }
    },
    {
      "attributes": {
        "Precincts": "Thornhill",
        "Quickbase_Status": "Completed",
        "QBRecordID": 1199,
        "Third_Party_Dependant_For_Conne": null,
        "Latitude": -26.00903596,
        "Longitude": 28.11230149
      }
    },
    {
      "attributes": {
        "Precincts": "Charles Crescent",
        "Quickbase_Status": "Completed",
        "QBRecordID": 1350,
        "Third_Party_Dependant_For_Conne": null,
        "Latitude": -26.09722039,
        "Longitude": 28.08048754
      }
    },
    {
      "attributes": {
        "Precincts": "Central Street",
        "Quickbase_Status": "Completed",
        "QBRecordID": 70460,
        "Third_Party_Dependant_For_Conne": null,
        "Latitude": -26.16809389,
        "Longitude": 28.0555867
      }
    },
    {
      "attributes": {
        "Precincts": "George Road",
        "Quickbase_Status": "Completed",
        "QBRecordID": 6765,
        "Third_Party_Dependant_For_Conne": null,
        "Latitude": -25.9659816,
        "Longitude": 28.13169588
      }
    },
    {
      "attributes": {
        "Precincts": "George Road",
        "Quickbase_Status": "Completed",
        "QBRecordID": 1360,
        "Third_Party_Dependant_For_Conne": null,
        "Latitude": -25.96280381,
        "Longitude": 28.13445425
      }
    },
    {
      "attributes": {
        "Precincts": "George Road",
        "Quickbase_Status": "Completed",
        "QBRecordID": 1359,
        "Third_Party_Dependant_For_Conne": null,
        "Latitude": -25.9632861,
        "Longitude": 28.13428959
      }
    },
    {
      "attributes": {
        "Precincts": "George Road",
        "Quickbase_Status": "Completed",
        "QBRecordID": 1771,
        "Third_Party_Dependant_For_Conne": null,
        "Latitude": -25.97421022,
        "Longitude": 28.1338826
      }
    },
    {
      "attributes": {
        "Precincts": "Hyde Park",
        "Quickbase_Status": "Completed",
        "QBRecordID": 1927,
        "Third_Party_Dependant_For_Conne": null,
        "Latitude": -26.11867525,
        "Longitude": 28.03157782
      }
    },
    {
      "attributes": {
        "Precincts": "Hyde Park",
        "Quickbase_Status": "Completed",
        "QBRecordID": 1934,
        "Third_Party_Dependant_For_Conne": null,
        "Latitude": -26.11808289,
        "Longitude": 28.03269145
      }
    },
    {
      "attributes": {
        "Precincts": "Rosebank Phase 1",
        "Quickbase_Status": "Completed",
        "QBRecordID": 2859,
        "Third_Party_Dependant_For_Conne": null,
        "Latitude": -26.14350544,
        "Longitude": 28.03687593
      }
    },
    {
      "attributes": {
        "Precincts": "Hyde Park",
        "Quickbase_Status": "Completed",
        "QBRecordID": 1930,
        "Third_Party_Dependant_For_Conne": null,
        "Latitude": -26.11566037,
        "Longitude": 28.03153285
      }
    },
    {
      "attributes": {
        "Precincts": "Hyde Park",
        "Quickbase_Status": "Completed",
        "QBRecordID": 2670,
        "Third_Party_Dependant_For_Conne": null,
        "Latitude": -26.11624781,
        "Longitude": 28.03126775
      }
    },
    {
      "attributes": {
        "Precincts": "Witch-Hazel",
        "Quickbase_Status": "Completed",
        "QBRecordID": 1268,
        "Third_Party_Dependant_For_Conne": null,
        "Latitude": -25.87375266,
        "Longitude": 28.18160058
      }
    },
    {
      "attributes": {
        "Precincts": "Kent",
        "Quickbase_Status": "Completed",
        "QBRecordID": 724,
        "Third_Party_Dependant_For_Conne": null,
        "Latitude": -26.0931965,
        "Longitude": 27.99877115
      }
    },
    {
      "attributes": {
        "Precincts": "Kent",
        "Quickbase_Status": "Completed",
        "QBRecordID": 740,
        "Third_Party_Dependant_For_Conne": null,
        "Latitude": -26.0999676,
        "Longitude": 27.9979808
      }
    },
    {
      "attributes": {
        "Precincts": "Kent",
        "Quickbase_Status": "Completed",
        "QBRecordID": 741,
        "Third_Party_Dependant_For_Conne": null,
        "Latitude": -26.10002128,
        "Longitude": 27.99838551
      }
    },
    {
      "attributes": {
        "Precincts": "Kent",
        "Quickbase_Status": "Completed",
        "QBRecordID": 742,
        "Third_Party_Dependant_For_Conne": null,
        "Latitude": -26.10011168,
        "Longitude": 27.99742844
      }
    },
    {
      "attributes": {
        "Precincts": "Central Park",
        "Quickbase_Status": "Completed",
        "QBRecordID": 1521,
        "Third_Party_Dependant_For_Conne": null,
        "Latitude": -25.97705386,
        "Longitude": 28.13308872
      }
    },
    {
      "attributes": {
        "Precincts": "Central Park",
        "Quickbase_Status": "Completed",
        "QBRecordID": 1479,
        "Third_Party_Dependant_For_Conne": null,
        "Latitude": -25.98073588,
        "Longitude": 28.1312518
      }
    },
    {
      "attributes": {
        "Precincts": "Kent",
        "Quickbase_Status": "Completed",
        "QBRecordID": 726,
        "Third_Party_Dependant_For_Conne": null,
        "Latitude": -26.09331919,
        "Longitude": 27.99992251
      }
    },
    {
      "attributes": {
        "Precincts": "Bryanston Extension",
        "Quickbase_Status": "Completed",
        "QBRecordID": 1890,
        "Third_Party_Dependant_For_Conne": null,
        "Latitude": -26.04272391,
        "Longitude": 28.01311205
      }
    },
    {
      "attributes": {
        "Precincts": "Bryanston Extension",
        "Quickbase_Status": "Completed",
        "QBRecordID": 1891,
        "Third_Party_Dependant_For_Conne": null,
        "Latitude": -26.04345861,
        "Longitude": 28.01266957
      }
    },
    {
      "attributes": {
        "Precincts": "Bryanston Extension",
        "Quickbase_Status": "Completed",
        "QBRecordID": 1874,
        "Third_Party_Dependant_For_Conne": null,
        "Latitude": -26.04483551,
        "Longitude": 28.02007827
      }
    },
    {
      "attributes": {
        "Precincts": "Bryanston Extension",
        "Quickbase_Status": "Completed",
        "QBRecordID": 1875,
        "Third_Party_Dependant_For_Conne": null,
        "Latitude": -26.04344398,
        "Longitude": 28.01807662
      }
    },
    {
      "attributes": {
        "Precincts": "Bryanston Extension",
        "Quickbase_Status": "Completed",
        "QBRecordID": 1885,
        "Third_Party_Dependant_For_Conne": null,
        "Latitude": -26.04885588,
        "Longitude": 28.02008276
      }
    },
    {
      "attributes": {
        "Precincts": "Rivonia North",
        "Quickbase_Status": "Completed",
        "QBRecordID": 623,
        "Third_Party_Dependant_For_Conne": null,
        "Latitude": -26.04014552,
        "Longitude": 28.05833065
      }
    },
    {
      "attributes": {
        "Precincts": "Rivonia North",
        "Quickbase_Status": "Completed",
        "QBRecordID": 448,
        "Third_Party_Dependant_For_Conne": null,
        "Latitude": -26.03972485,
        "Longitude": 28.05840656
      }
    },
    {
      "attributes": {
        "Precincts": "Morningside",
        "Quickbase_Status": "Completed",
        "QBRecordID": 1152,
        "Third_Party_Dependant_For_Conne": null,
        "Latitude": -26.07788601,
        "Longitude": 28.06449665
      }
    },
    {
      "attributes": {
        "Precincts": "Morningside",
        "Quickbase_Status": "Completed",
        "QBRecordID": 1408,
        "Third_Party_Dependant_For_Conne": null,
        "Latitude": -26.07874042,
        "Longitude": 28.0642766
      }
    },
    {
      "attributes": {
        "Precincts": "Arden Grove",
        "Quickbase_Status": "Completed",
        "QBRecordID": 1598,
        "Third_Party_Dependant_For_Conne": null,
        "Latitude": -33.86631822,
        "Longitude": 18.51205694
      }
    },
    {
      "attributes": {
        "Precincts": "Lynnwood East",
        "Quickbase_Status": "Completed",
        "QBRecordID": 3878,
        "Third_Party_Dependant_For_Conne": null,
        "Latitude": -25.76683328,
        "Longitude": 28.28281875
      }
    },
    {
      "attributes": {
        "Precincts": "Sandton Phase 3",
        "Quickbase_Status": "Completed",
        "QBRecordID": 4036,
        "Third_Party_Dependant_For_Conne": null,
        "Latitude": -26.1112281,
        "Longitude": 28.05414862
      }
    },
    {
      "attributes": {
        "Precincts": "CPT CBD Phase 01",
        "Quickbase_Status": "Completed",
        "QBRecordID": 3054,
        "Third_Party_Dependant_For_Conne": null,
        "Latitude": -33.91566503,
        "Longitude": 18.42466137
      }
    },
    {
      "attributes": {
        "Precincts": "Sandton Phase 3",
        "Quickbase_Status": "Completed",
        "QBRecordID": 2947,
        "Third_Party_Dependant_For_Conne": null,
        "Latitude": -26.10596958,
        "Longitude": 28.0549988
      }
    },
    {
      "attributes": {
        "Precincts": "Witch-Hazel",
        "Quickbase_Status": "Completed",
        "QBRecordID": 1670,
        "Third_Party_Dependant_For_Conne": null,
        "Latitude": -25.87272731,
        "Longitude": 28.18602458
      }
    },
    {
      "attributes": {
        "Precincts": "Tygervalley",
        "Quickbase_Status": "Completed",
        "QBRecordID": 2560,
        "Third_Party_Dependant_For_Conne": null,
        "Latitude": -33.87979836,
        "Longitude": 18.63611343
      }
    },
    {
      "attributes": {
        "Precincts": "Tygervalley",
        "Quickbase_Status": "Completed",
        "QBRecordID": 3804,
        "Third_Party_Dependant_For_Conne": null,
        "Latitude": -33.87961066,
        "Longitude": 18.63617644
      }
    },
    {
      "attributes": {
        "Precincts": "Tygervalley",
        "Quickbase_Status": "Completed",
        "QBRecordID": 2585,
        "Third_Party_Dependant_For_Conne": null,
        "Latitude": -33.87929718,
        "Longitude": 18.6362512
      }
    },
    {
      "attributes": {
        "Precincts": "Tygervalley",
        "Quickbase_Status": "Completed",
        "QBRecordID": 2571,
        "Third_Party_Dependant_For_Conne": null,
        "Latitude": -33.88055202,
        "Longitude": 18.63703908
      }
    },
    {
      "attributes": {
        "Precincts": "Tygervalley",
        "Quickbase_Status": "Completed",
        "QBRecordID": 2587,
        "Third_Party_Dependant_For_Conne": null,
        "Latitude": -33.87709445,
        "Longitude": 18.63436624
      }
    },
    {
      "attributes": {
        "Precincts": "Westlake",
        "Quickbase_Status": "Completed",
        "QBRecordID": 1813,
        "Third_Party_Dependant_For_Conne": null,
        "Latitude": -34.07933,
        "Longitude": 18.43864394
      }
    },
    {
      "attributes": {
        "Precincts": "Westlake",
        "Quickbase_Status": "Completed",
        "QBRecordID": 69393,
        "Third_Party_Dependant_For_Conne": null,
        "Latitude": -34.07728605,
        "Longitude": 18.43579113
      }
    },
    {
      "attributes": {
        "Precincts": "Westlake",
        "Quickbase_Status": "Completed",
        "QBRecordID": 1798,
        "Third_Party_Dependant_For_Conne": null,
        "Latitude": -34.0771053,
        "Longitude": 18.4375535
      }
    },
    {
      "attributes": {
        "Precincts": "Westlake",
        "Quickbase_Status": "Completed",
        "QBRecordID": 1247,
        "Third_Party_Dependant_For_Conne": null,
        "Latitude": -34.08035469,
        "Longitude": 18.43948575
      }
    },
    {
      "attributes": {
        "Precincts": "Westlake",
        "Quickbase_Status": "Completed",
        "QBRecordID": 73156,
        "Third_Party_Dependant_For_Conne": null,
        "Latitude": -34.08068011,
        "Longitude": 18.43958417
      }
    },
    {
      "attributes": {
        "Precincts": "Westlake",
        "Quickbase_Status": "Completed",
        "QBRecordID": 1799,
        "Third_Party_Dependant_For_Conne": null,
        "Latitude": -34.07921457,
        "Longitude": 18.44105132
      }
    },
    {
      "attributes": {
        "Precincts": "Westlake",
        "Quickbase_Status": "Completed",
        "QBRecordID": 1824,
        "Third_Party_Dependant_For_Conne": null,
        "Latitude": -34.07881178,
        "Longitude": 18.43621465
      }
    },
    {
      "attributes": {
        "Precincts": "Rosebank Phase 2",
        "Quickbase_Status": "Completed",
        "QBRecordID": 3998,
        "Third_Party_Dependant_For_Conne": null,
        "Latitude": -26.14609376,
        "Longitude": 28.04004412
      }
    },
    {
      "attributes": {
        "Precincts": "Rosebank Phase 2",
        "Quickbase_Status": "Completed",
        "QBRecordID": 3398,
        "Third_Party_Dependant_For_Conne": null,
        "Latitude": -26.14776416,
        "Longitude": 28.04031884
      }
    },
    {
      "attributes": {
        "Precincts": "Steenberg",
        "Quickbase_Status": "Completed",
        "QBRecordID": 2534,
        "Third_Party_Dependant_For_Conne": null,
        "Latitude": -34.08082729,
        "Longitude": 18.43361242
      }
    },
    {
      "attributes": {
        "Precincts": "Wierda Road",
        "Quickbase_Status": "Completed",
        "QBRecordID": 607,
        "Third_Party_Dependant_For_Conne": null,
        "Latitude": -26.11411601,
        "Longitude": 28.05543353
      }
    },
    {
      "attributes": {
        "Precincts": "Capital Hill",
        "Quickbase_Status": "Completed",
        "QBRecordID": 2398,
        "Third_Party_Dependant_For_Conne": null,
        "Latitude": -26.01222515,
        "Longitude": 28.12601621
      }
    },
    {
      "attributes": {
        "Precincts": "Wierda Road",
        "Quickbase_Status": "Completed",
        "QBRecordID": 341,
        "Third_Party_Dependant_For_Conne": null,
        "Latitude": -26.1102076,
        "Longitude": 28.05878269
      }
    },
    {
      "attributes": {
        "Precincts": "Peter Place",
        "Quickbase_Status": "Completed",
        "QBRecordID": 691,
        "Third_Party_Dependant_For_Conne": null,
        "Latitude": -26.08149148,
        "Longitude": 28.01611874
      }
    },
    {
      "attributes": {
        "Precincts": "Peter Place",
        "Quickbase_Status": "Completed",
        "QBRecordID": 696,
        "Third_Party_Dependant_For_Conne": null,
        "Latitude": -26.08254688,
        "Longitude": 28.01854698
      }
    },
    {
      "attributes": {
        "Precincts": "Peter Place",
        "Quickbase_Status": "Completed",
        "QBRecordID": 404,
        "Third_Party_Dependant_For_Conne": null,
        "Latitude": -26.08096793,
        "Longitude": 28.01997187
      }
    },
    {
      "attributes": {
        "Precincts": "Rivonia North",
        "Quickbase_Status": "Completed",
        "QBRecordID": 621,
        "Third_Party_Dependant_For_Conne": null,
        "Latitude": -26.04195522,
        "Longitude": 28.05865787
      }
    },
    {
      "attributes": {
        "Precincts": "Rivonia North",
        "Quickbase_Status": "Completed",
        "QBRecordID": 620,
        "Third_Party_Dependant_For_Conne": null,
        "Latitude": -26.04221103,
        "Longitude": 28.05901034
      }
    },
    {
      "attributes": {
        "Precincts": "Rivonia North",
        "Quickbase_Status": "Completed",
        "QBRecordID": 4088,
        "Third_Party_Dependant_For_Conne": null,
        "Latitude": -26.04399884,
        "Longitude": 28.06019704
      }
    },
    {
      "attributes": {
        "Precincts": "Rivonia North",
        "Quickbase_Status": "Completed",
        "QBRecordID": 603,
        "Third_Party_Dependant_For_Conne": null,
        "Latitude": -26.04818113,
        "Longitude": 28.0592682
      }
    },
    {
      "attributes": {
        "Precincts": "Rivonia North",
        "Quickbase_Status": "Completed",
        "QBRecordID": 424,
        "Third_Party_Dependant_For_Conne": null,
        "Latitude": -26.04094161,
        "Longitude": 28.05853673
      }
    },
    {
      "attributes": {
        "Precincts": "Rivonia North",
        "Quickbase_Status": "Completed",
        "QBRecordID": 449,
        "Third_Party_Dependant_For_Conne": null,
        "Latitude": -26.04109033,
        "Longitude": 28.05825901
      }
    },
    {
      "attributes": {
        "Precincts": "Rivonia North",
        "Quickbase_Status": "Completed",
        "QBRecordID": 450,
        "Third_Party_Dependant_For_Conne": null,
        "Latitude": -26.04106604,
        "Longitude": 28.05806732
      }
    },
    {
      "attributes": {
        "Precincts": "CPT CBD Phase 01",
        "Quickbase_Status": "Completed",
        "QBRecordID": 3065,
        "Third_Party_Dependant_For_Conne": null,
        "Latitude": -33.91746283,
        "Longitude": 18.42704992
      }
    },
    {
      "attributes": {
        "Precincts": "Katherine Extension",
        "Quickbase_Status": "Completed",
        "QBRecordID": 4053,
        "Third_Party_Dependant_For_Conne": null,
        "Latitude": -26.10564353,
        "Longitude": 28.06869864
      }
    },
    {
      "attributes": {
        "Precincts": "Woodlands Office Park",
        "Quickbase_Status": "Completed",
        "QBRecordID": 1679,
        "Third_Party_Dependant_For_Conne": null,
        "Latitude": -26.06332626,
        "Longitude": 28.08264998
      }
    },
    {
      "attributes": {
        "Precincts": "Girton",
        "Quickbase_Status": "Completed",
        "QBRecordID": 1345,
        "Third_Party_Dependant_For_Conne": null,
        "Latitude": -26.18340527,
        "Longitude": 28.03563106
      }
    },
    {
      "attributes": {
        "Precincts": "Girton",
        "Quickbase_Status": "Completed",
        "QBRecordID": 918,
        "Third_Party_Dependant_For_Conne": null,
        "Latitude": -26.18419853,
        "Longitude": 28.03554664
      }
    },
    {
      "attributes": {
        "Precincts": "Ballyclare (Bally Oakes incl)",
        "Quickbase_Status": "Completed",
        "QBRecordID": 568,
        "Third_Party_Dependant_For_Conne": null,
        "Latitude": -26.07500294,
        "Longitude": 28.02906171
      }
    },
    {
      "attributes": {
        "Precincts": "CPT CBD Phase 01",
        "Quickbase_Status": "Completed",
        "QBRecordID": 3057,
        "Third_Party_Dependant_For_Conne": null,
        "Latitude": -33.9162624,
        "Longitude": 18.42330994
      }
    },
    {
      "attributes": {
        "Precincts": "Skeen Boulevard",
        "Quickbase_Status": "Completed",
        "QBRecordID": 1513,
        "Third_Party_Dependant_For_Conne": null,
        "Latitude": -26.17642268,
        "Longitude": 28.13381441
      }
    },
    {
      "attributes": {
        "Precincts": "Skeen Boulevard",
        "Quickbase_Status": "Completed",
        "QBRecordID": 1159,
        "Third_Party_Dependant_For_Conne": null,
        "Latitude": -26.17634503,
        "Longitude": 28.13461835
      }
    },
    {
      "attributes": {
        "Precincts": "Skeen Boulevard",
        "Quickbase_Status": "Completed",
        "QBRecordID": 1514,
        "Third_Party_Dependant_For_Conne": null,
        "Latitude": -26.17533548,
        "Longitude": 28.13455481
      }
    },
    {
      "attributes": {
        "Precincts": "Skeen Boulevard",
        "Quickbase_Status": "Completed",
        "QBRecordID": 1168,
        "Third_Party_Dependant_For_Conne": null,
        "Latitude": -26.17544135,
        "Longitude": 28.13371141
      }
    },
    {
      "attributes": {
        "Precincts": "Skeen Boulevard",
        "Quickbase_Status": "Completed",
        "QBRecordID": 1162,
        "Third_Party_Dependant_For_Conne": null,
        "Latitude": -26.17568024,
        "Longitude": 28.13240917
      }
    },
    {
      "attributes": {
        "Precincts": "Skeen Boulevard",
        "Quickbase_Status": "Completed",
        "QBRecordID": 1170,
        "Third_Party_Dependant_For_Conne": null,
        "Latitude": -26.17463565,
        "Longitude": 28.13435039
      }
    },
    {
      "attributes": {
        "Precincts": "Rosenpark",
        "Quickbase_Status": "Completed",
        "QBRecordID": 2725,
        "Third_Party_Dependant_For_Conne": null,
        "Latitude": -33.86938067,
        "Longitude": 18.64205105
      }
    },
    {
      "attributes": {
        "Precincts": "Rosenpark",
        "Quickbase_Status": "Completed",
        "QBRecordID": 2736,
        "Third_Party_Dependant_For_Conne": null,
        "Latitude": -33.87111322,
        "Longitude": 18.63999048
      }
    },
    {
      "attributes": {
        "Precincts": "Sunninghill",
        "Quickbase_Status": "Completed",
        "QBRecordID": 370,
        "Third_Party_Dependant_For_Conne": null,
        "Latitude": -26.03403242,
        "Longitude": 28.06239088
      }
    },
    {
      "attributes": {
        "Precincts": "Katherine Extension",
        "Quickbase_Status": "Completed",
        "QBRecordID": 1776,
        "Third_Party_Dependant_For_Conne": null,
        "Latitude": -26.10182688,
        "Longitude": 28.07244195
      }
    },
    {
      "attributes": {
        "Precincts": "Katherine Extension",
        "Quickbase_Status": "Completed",
        "QBRecordID": 1328,
        "Third_Party_Dependant_For_Conne": null,
        "Latitude": -26.10050866,
        "Longitude": 28.07430651
      }
    },
    {
      "attributes": {
        "Precincts": "Katherine Extension",
        "Quickbase_Status": "Completed",
        "QBRecordID": 1327,
        "Third_Party_Dependant_For_Conne": null,
        "Latitude": -26.10092606,
        "Longitude": 28.07431622
      }
    },
    {
      "attributes": {
        "Precincts": "Kent",
        "Quickbase_Status": "Completed",
        "QBRecordID": 554,
        "Third_Party_Dependant_For_Conne": null,
        "Latitude": -26.09561204,
        "Longitude": 27.99948852
      }
    },
    {
      "attributes": {
        "Precincts": "Oak Avenue",
        "Quickbase_Status": "Completed",
        "QBRecordID": 522,
        "Third_Party_Dependant_For_Conne": null,
        "Latitude": -26.09854286,
        "Longitude": 28.00167282
      }
    },
    {
      "attributes": {
        "Precincts": "Oak Avenue",
        "Quickbase_Status": "Completed",
        "QBRecordID": 658,
        "Third_Party_Dependant_For_Conne": null,
        "Latitude": -26.09860529,
        "Longitude": 28.00214758
      }
    },
    {
      "attributes": {
        "Precincts": "Oak Avenue",
        "Quickbase_Status": "Completed",
        "QBRecordID": 665,
        "Third_Party_Dependant_For_Conne": null,
        "Latitude": -26.10047824,
        "Longitude": 28.00064691
      }
    },
    {
      "attributes": {
        "Precincts": "Oak Avenue",
        "Quickbase_Status": "Completed",
        "QBRecordID": 666,
        "Third_Party_Dependant_For_Conne": null,
        "Latitude": -26.10026992,
        "Longitude": 28.00068843
      }
    },
    {
      "attributes": {
        "Precincts": "Ashley Gardens",
        "Quickbase_Status": "Completed",
        "QBRecordID": 2648,
        "Third_Party_Dependant_For_Conne": null,
        "Latitude": -25.78278492,
        "Longitude": 28.26566698
      }
    },
    {
      "attributes": {
        "Precincts": "Ashley Gardens",
        "Quickbase_Status": "Completed",
        "QBRecordID": 3432,
        "Third_Party_Dependant_For_Conne": null,
        "Latitude": -25.78372121,
        "Longitude": 28.26325725
      }
    },
    {
      "attributes": {
        "Precincts": "James Crescent",
        "Quickbase_Status": "Completed",
        "QBRecordID": 2153,
        "Third_Party_Dependant_For_Conne": null,
        "Latitude": -26.00633816,
        "Longitude": 28.12620027
      }
    },
    {
      "attributes": {
        "Precincts": "James Crescent",
        "Quickbase_Status": "Completed",
        "QBRecordID": 2180,
        "Third_Party_Dependant_For_Conne": null,
        "Latitude": -26.00786374,
        "Longitude": 28.12318336
      }
    },
    {
      "attributes": {
        "Precincts": "James Crescent",
        "Quickbase_Status": "Completed",
        "QBRecordID": 2181,
        "Third_Party_Dependant_For_Conne": null,
        "Latitude": -26.00739702,
        "Longitude": 28.12314243
      }
    },
    {
      "attributes": {
        "Precincts": "James Crescent",
        "Quickbase_Status": "Completed",
        "QBRecordID": 4104,
        "Third_Party_Dependant_For_Conne": null,
        "Latitude": -26.0015116,
        "Longitude": 28.12681957
      }
    },
    {
      "attributes": {
        "Precincts": "James Crescent",
        "Quickbase_Status": "Completed",
        "QBRecordID": 2185,
        "Third_Party_Dependant_For_Conne": null,
        "Latitude": -26.00720522,
        "Longitude": 28.12350208
      }
    },
    {
      "attributes": {
        "Precincts": "Ingersol",
        "Quickbase_Status": "Completed",
        "QBRecordID": 2378,
        "Third_Party_Dependant_For_Conne": null,
        "Latitude": -25.78599401,
        "Longitude": 28.27857958
      }
    },
    {
      "attributes": {
        "Precincts": "Ingersol",
        "Quickbase_Status": "Completed",
        "QBRecordID": 2349,
        "Third_Party_Dependant_For_Conne": null,
        "Latitude": -25.78310919,
        "Longitude": 28.27912666
      }
    },
    {
      "attributes": {
        "Precincts": "Ingersol",
        "Quickbase_Status": "Completed",
        "QBRecordID": 2372,
        "Third_Party_Dependant_For_Conne": null,
        "Latitude": -25.77748769,
        "Longitude": 28.27415737
      }
    },
    {
      "attributes": {
        "Precincts": "Ingersol",
        "Quickbase_Status": "Completed",
        "QBRecordID": 2363,
        "Third_Party_Dependant_For_Conne": null,
        "Latitude": -25.7880886,
        "Longitude": 28.27695942
      }
    },
    {
      "attributes": {
        "Precincts": "Ingersol",
        "Quickbase_Status": "Completed",
        "QBRecordID": 2379,
        "Third_Party_Dependant_For_Conne": null,
        "Latitude": -25.78635277,
        "Longitude": 28.27809457
      }
    },
    {
      "attributes": {
        "Precincts": "Ingersol",
        "Quickbase_Status": "Completed",
        "QBRecordID": 2347,
        "Third_Party_Dependant_For_Conne": null,
        "Latitude": -25.7799409,
        "Longitude": 28.27760677
      }
    },
    {
      "attributes": {
        "Precincts": "Ingersol",
        "Quickbase_Status": "Completed",
        "QBRecordID": 2368,
        "Third_Party_Dependant_For_Conne": null,
        "Latitude": -25.77982438,
        "Longitude": 28.27537865
      }
    },
    {
      "attributes": {
        "Precincts": "Ingersol",
        "Quickbase_Status": "Completed",
        "QBRecordID": 2369,
        "Third_Party_Dependant_For_Conne": null,
        "Latitude": -25.77995118,
        "Longitude": 28.27594935
      }
    },
    {
      "attributes": {
        "Precincts": "Ingersol",
        "Quickbase_Status": "Completed",
        "QBRecordID": 2361,
        "Third_Party_Dependant_For_Conne": null,
        "Latitude": -25.78368665,
        "Longitude": 28.27779592
      }
    },
    {
      "attributes": {
        "Precincts": "Ingersol",
        "Quickbase_Status": "Completed",
        "QBRecordID": 2376,
        "Third_Party_Dependant_For_Conne": null,
        "Latitude": -25.78604238,
        "Longitude": 28.27735006
      }
    },
    {
      "attributes": {
        "Precincts": "Ingersol",
        "Quickbase_Status": "Completed",
        "QBRecordID": 2377,
        "Third_Party_Dependant_For_Conne": null,
        "Latitude": -25.78570757,
        "Longitude": 28.27787639
      }
    },
    {
      "attributes": {
        "Precincts": "Ann Crescent",
        "Quickbase_Status": "Completed",
        "QBRecordID": 923,
        "Third_Party_Dependant_For_Conne": null,
        "Latitude": -26.10110674,
        "Longitude": 28.06943284
      }
    },
    {
      "attributes": {
        "Precincts": "Ann Crescent",
        "Quickbase_Status": "Completed",
        "QBRecordID": 1762,
        "Third_Party_Dependant_For_Conne": null,
        "Latitude": -26.10142126,
        "Longitude": 28.07158404
      }
    },
    {
      "attributes": {
        "Precincts": "Ann Crescent",
        "Quickbase_Status": "Completed",
        "QBRecordID": 1763,
        "Third_Party_Dependant_For_Conne": null,
        "Latitude": -26.10215986,
        "Longitude": 28.07095167
      }
    },
    {
      "attributes": {
        "Precincts": "Arden Grove",
        "Quickbase_Status": "Completed",
        "QBRecordID": 1616,
        "Third_Party_Dependant_For_Conne": null,
        "Latitude": -33.86506151,
        "Longitude": 18.51132448
      }
    },
    {
      "attributes": {
        "Precincts": "Arden Grove",
        "Quickbase_Status": "Completed",
        "QBRecordID": 1790,
        "Third_Party_Dependant_For_Conne": null,
        "Latitude": -33.86595752,
        "Longitude": 18.51232539
      }
    },
    {
      "attributes": {
        "Precincts": "Arden Grove",
        "Quickbase_Status": "Completed",
        "QBRecordID": 1559,
        "Third_Party_Dependant_For_Conne": null,
        "Latitude": -33.86128953,
        "Longitude": 18.51426334
      }
    },
    {
      "attributes": {
        "Precincts": "Bruma Lake",
        "Quickbase_Status": "Completed",
        "QBRecordID": 1546,
        "Third_Party_Dependant_For_Conne": null,
        "Latitude": -26.18065477,
        "Longitude": 28.10716712
      }
    },
    {
      "attributes": {
        "Precincts": "Bruma Lake",
        "Quickbase_Status": "Completed",
        "QBRecordID": 3978,
        "Third_Party_Dependant_For_Conne": null,
        "Latitude": -26.18090764,
        "Longitude": 28.10665192
      }
    },
    {
      "attributes": {
        "Precincts": "Bruma Lake",
        "Quickbase_Status": "Completed",
        "QBRecordID": 981,
        "Third_Party_Dependant_For_Conne": null,
        "Latitude": -26.18088268,
        "Longitude": 28.10613766
      }
    },
    {
      "attributes": {
        "Precincts": "Bruma Lake",
        "Quickbase_Status": "Completed",
        "QBRecordID": 967,
        "Third_Party_Dependant_For_Conne": null,
        "Latitude": -26.18202473,
        "Longitude": 28.1082864
      }
    },
    {
      "attributes": {
        "Precincts": "Bruma Lake",
        "Quickbase_Status": "Completed",
        "QBRecordID": 969,
        "Third_Party_Dependant_For_Conne": null,
        "Latitude": -26.18123576,
        "Longitude": 28.10770345
      }
    },
    {
      "attributes": {
        "Precincts": "Bryanston Extension",
        "Quickbase_Status": "Completed",
        "QBRecordID": 72249,
        "Third_Party_Dependant_For_Conne": null,
        "Latitude": -26.04514958,
        "Longitude": 28.02282621
      }
    },
    {
      "attributes": {
        "Precincts": "Bryanston Extension",
        "Quickbase_Status": "Completed",
        "QBRecordID": 1884,
        "Third_Party_Dependant_For_Conne": null,
        "Latitude": -26.04463014,
        "Longitude": 28.02447879
      }
    },
    {
      "attributes": {
        "Precincts": "Bryanston Extension",
        "Quickbase_Status": "Completed",
        "QBRecordID": 1879,
        "Third_Party_Dependant_For_Conne": null,
        "Latitude": -26.04470228,
        "Longitude": 28.02597728
      }
    },
    {
      "attributes": {
        "Precincts": "Burnside Office Park",
        "Quickbase_Status": "Completed",
        "QBRecordID": 2985,
        "Third_Party_Dependant_For_Conne": null,
        "Latitude": -26.11413736,
        "Longitude": 28.02020077
      }
    },
    {
      "attributes": {
        "Precincts": "Burnside Office Park",
        "Quickbase_Status": "Completed",
        "QBRecordID": 2998,
        "Third_Party_Dependant_For_Conne": null,
        "Latitude": -26.11476873,
        "Longitude": 28.02038671
      }
    },
    {
      "attributes": {
        "Precincts": "Capital Hill",
        "Quickbase_Status": "Completed",
        "QBRecordID": 2412,
        "Third_Party_Dependant_For_Conne": null,
        "Latitude": -26.01322923,
        "Longitude": 28.12736636
      }
    },
    {
      "attributes": {
        "Precincts": "Central Park",
        "Quickbase_Status": "Completed",
        "QBRecordID": 4013,
        "Third_Party_Dependant_For_Conne": null,
        "Latitude": -25.97608073,
        "Longitude": 28.13271802
      }
    },
    {
      "attributes": {
        "Precincts": "Central Park",
        "Quickbase_Status": "Completed",
        "QBRecordID": 1482,
        "Third_Party_Dependant_For_Conne": null,
        "Latitude": -25.979766,
        "Longitude": 28.13195474
      }
    },
    {
      "attributes": {
        "Precincts": "Central Park",
        "Quickbase_Status": "Completed",
        "QBRecordID": 1477,
        "Third_Party_Dependant_For_Conne": null,
        "Latitude": -25.97992557,
        "Longitude": 28.13235116
      }
    },
    {
      "attributes": {
        "Precincts": "Central Park",
        "Quickbase_Status": "Completed",
        "QBRecordID": 1474,
        "Third_Party_Dependant_For_Conne": null,
        "Latitude": -25.98069367,
        "Longitude": 28.13205345
      }
    },
    {
      "attributes": {
        "Precincts": "Central Park",
        "Quickbase_Status": "Completed",
        "QBRecordID": 936,
        "Third_Party_Dependant_For_Conne": null,
        "Latitude": -25.98127363,
        "Longitude": 28.1320382
      }
    },
    {
      "attributes": {
        "Precincts": "Central Park",
        "Quickbase_Status": "Completed",
        "QBRecordID": 1486,
        "Third_Party_Dependant_For_Conne": null,
        "Latitude": -25.97913778,
        "Longitude": 28.13213494
      }
    },
    {
      "attributes": {
        "Precincts": "Central Park",
        "Quickbase_Status": "Completed",
        "QBRecordID": 1485,
        "Third_Party_Dependant_For_Conne": null,
        "Latitude": -25.97928632,
        "Longitude": 28.13278302
      }
    },
    {
      "attributes": {
        "Precincts": "Central Park",
        "Quickbase_Status": "Completed",
        "QBRecordID": 1488,
        "Third_Party_Dependant_For_Conne": null,
        "Latitude": -25.9786566,
        "Longitude": 28.13313816
      }
    },
    {
      "attributes": {
        "Precincts": "Central Park",
        "Quickbase_Status": "Completed",
        "QBRecordID": 4016,
        "Third_Party_Dependant_For_Conne": null,
        "Latitude": -25.97627383,
        "Longitude": 28.13396208
      }
    },
    {
      "attributes": {
        "Precincts": "Central Park",
        "Quickbase_Status": "Completed",
        "QBRecordID": 4019,
        "Third_Party_Dependant_For_Conne": null,
        "Latitude": -25.97583656,
        "Longitude": 28.13329753
      }
    },
    {
      "attributes": {
        "Precincts": "Central Park",
        "Quickbase_Status": "Completed",
        "QBRecordID": 4012,
        "Third_Party_Dependant_For_Conne": null,
        "Latitude": -25.97622726,
        "Longitude": 28.13335058
      }
    },
    {
      "attributes": {
        "Precincts": "Central Street",
        "Quickbase_Status": "Completed",
        "QBRecordID": 838,
        "Third_Party_Dependant_For_Conne": null,
        "Latitude": -26.1586329,
        "Longitude": 28.05801027
      }
    },
    {
      "attributes": {
        "Precincts": "Central Street",
        "Quickbase_Status": "Completed",
        "QBRecordID": 837,
        "Third_Party_Dependant_For_Conne": null,
        "Latitude": -26.15918479,
        "Longitude": 28.05799606
      }
    },
    {
      "attributes": {
        "Precincts": "Centurion Gautrain Station",
        "Quickbase_Status": "Completed",
        "QBRecordID": 2287,
        "Third_Party_Dependant_For_Conne": null,
        "Latitude": -25.85222151,
        "Longitude": 28.18852985
      }
    },
    {
      "attributes": {
        "Precincts": "Centurion Gautrain Station",
        "Quickbase_Status": "Completed",
        "QBRecordID": 2301,
        "Third_Party_Dependant_For_Conne": null,
        "Latitude": -25.85399633,
        "Longitude": 28.19534477
      }
    },
    {
      "attributes": {
        "Precincts": "Centurion Gautrain Station",
        "Quickbase_Status": "Completed",
        "QBRecordID": 2303,
        "Third_Party_Dependant_For_Conne": null,
        "Latitude": -25.8540843,
        "Longitude": 28.19443438
      }
    },
    {
      "attributes": {
        "Precincts": "Centurion Gautrain Station",
        "Quickbase_Status": "Completed",
        "QBRecordID": 3438,
        "Third_Party_Dependant_For_Conne": null,
        "Latitude": -25.85363373,
        "Longitude": 28.19489934
      }
    },
    {
      "attributes": {
        "Precincts": "Country Club Estate",
        "Quickbase_Status": "Completed",
        "QBRecordID": 499,
        "Third_Party_Dependant_For_Conne": null,
        "Latitude": -26.05824488,
        "Longitude": 28.08324807
      }
    },
    {
      "attributes": {
        "Precincts": "Country Club Estate",
        "Quickbase_Status": "Completed",
        "QBRecordID": 498,
        "Third_Party_Dependant_For_Conne": null,
        "Latitude": -26.05837723,
        "Longitude": 28.08373408
      }
    },
    {
      "attributes": {
        "Precincts": "Design Quarter",
        "Quickbase_Status": "Completed",
        "QBRecordID": 2395,
        "Third_Party_Dependant_For_Conne": null,
        "Latitude": -26.03404884,
        "Longitude": 28.01112919
      }
    },
    {
      "attributes": {
        "Precincts": "Design Quarter",
        "Quickbase_Status": "Completed",
        "QBRecordID": 2396,
        "Third_Party_Dependant_For_Conne": null,
        "Latitude": -26.03474704,
        "Longitude": 28.01153568
      }
    },
    {
      "attributes": {
        "Precincts": "George Road",
        "Quickbase_Status": "Completed",
        "QBRecordID": 1353,
        "Third_Party_Dependant_For_Conne": null,
        "Latitude": -25.95815564,
        "Longitude": 28.13811069
      }
    },
    {
      "attributes": {
        "Precincts": "George Road",
        "Quickbase_Status": "Completed",
        "QBRecordID": 1354,
        "Third_Party_Dependant_For_Conne": null,
        "Latitude": -25.95830124,
        "Longitude": 28.13881977
      }
    },
    {
      "attributes": {
        "Precincts": "George Road",
        "Quickbase_Status": "Completed",
        "QBRecordID": 1752,
        "Third_Party_Dependant_For_Conne": null,
        "Latitude": -25.96578334,
        "Longitude": 28.13600928
      }
    },
    {
      "attributes": {
        "Precincts": "George Road",
        "Quickbase_Status": "Completed",
        "QBRecordID": 1748,
        "Third_Party_Dependant_For_Conne": null,
        "Latitude": -25.9686997,
        "Longitude": 28.13344049
      }
    },
    {
      "attributes": {
        "Precincts": "George Road",
        "Quickbase_Status": "Completed",
        "QBRecordID": 1000,
        "Third_Party_Dependant_For_Conne": null,
        "Latitude": -25.9719208,
        "Longitude": 28.13181268
      }
    },
    {
      "attributes": {
        "Precincts": "George Road",
        "Quickbase_Status": "Completed",
        "QBRecordID": 1764,
        "Third_Party_Dependant_For_Conne": null,
        "Latitude": -25.9561074,
        "Longitude": 28.137698
      }
    },
    {
      "attributes": {
        "Precincts": "George Road",
        "Quickbase_Status": "Completed",
        "QBRecordID": 4069,
        "Third_Party_Dependant_For_Conne": null,
        "Latitude": -25.96803253,
        "Longitude": 28.13531857
      }
    },
    {
      "attributes": {
        "Precincts": "George Road",
        "Quickbase_Status": "Completed",
        "QBRecordID": 4070,
        "Third_Party_Dependant_For_Conne": null,
        "Latitude": -25.96800925,
        "Longitude": 28.13629072
      }
    },
    {
      "attributes": {
        "Precincts": "Georgian Crescent",
        "Quickbase_Status": "Completed",
        "QBRecordID": 314,
        "Third_Party_Dependant_For_Conne": null,
        "Latitude": -26.0404896,
        "Longitude": 28.01697652
      }
    },
    {
      "attributes": {
        "Precincts": "Hatfield (Phase 3)",
        "Quickbase_Status": "Completed",
        "QBRecordID": 4090,
        "Third_Party_Dependant_For_Conne": null,
        "Latitude": -25.7437091,
        "Longitude": 28.24388711
      }
    },
    {
      "attributes": {
        "Precincts": "Hatfield (Phase 3)",
        "Quickbase_Status": "Completed",
        "QBRecordID": 3470,
        "Third_Party_Dependant_For_Conne": null,
        "Latitude": -25.74511451,
        "Longitude": 28.24307835
      }
    },
    {
      "attributes": {
        "Precincts": "Hatfield (Phase 3)",
        "Quickbase_Status": "Completed",
        "QBRecordID": 3468,
        "Third_Party_Dependant_For_Conne": null,
        "Latitude": -25.74511139,
        "Longitude": 28.24385534
      }
    },
    {
      "attributes": {
        "Precincts": "Hyde Park",
        "Quickbase_Status": "Completed",
        "QBRecordID": 1943,
        "Third_Party_Dependant_For_Conne": null,
        "Latitude": -26.12020995,
        "Longitude": 28.03157744
      }
    },
    {
      "attributes": {
        "Precincts": "Albury",
        "Quickbase_Status": "Completed",
        "QBRecordID": 279,
        "Third_Party_Dependant_For_Conne": null,
        "Latitude": -26.12722069,
        "Longitude": 28.03151847
      }
    },
    {
      "attributes": {
        "Precincts": "Albury",
        "Quickbase_Status": "Completed",
        "QBRecordID": 282,
        "Third_Party_Dependant_For_Conne": null,
        "Latitude": -26.12711467,
        "Longitude": 28.03254834
      }
    },
    {
      "attributes": {
        "Precincts": "Albury",
        "Quickbase_Status": "Completed",
        "QBRecordID": 284,
        "Third_Party_Dependant_For_Conne": null,
        "Latitude": -26.12845581,
        "Longitude": 28.03243116
      }
    },
    {
      "attributes": {
        "Precincts": "Bauhania Street",
        "Quickbase_Status": "Completed",
        "QBRecordID": 5822,
        "Third_Party_Dependant_For_Conne": null,
        "Latitude": -25.88222896,
        "Longitude": 28.18394829
      }
    },
    {
      "attributes": {
        "Precincts": "Bauhania Street",
        "Quickbase_Status": "Completed",
        "QBRecordID": 5810,
        "Third_Party_Dependant_For_Conne": null,
        "Latitude": -25.88117307,
        "Longitude": 28.18413076
      }
    },
    {
      "attributes": {
        "Precincts": "Bauhania Street",
        "Quickbase_Status": "Completed",
        "QBRecordID": 5824,
        "Third_Party_Dependant_For_Conne": null,
        "Latitude": -25.88245375,
        "Longitude": 28.18386541
      }
    },
    {
      "attributes": {
        "Precincts": "Bauhania Street",
        "Quickbase_Status": "Completed",
        "QBRecordID": 5825,
        "Third_Party_Dependant_For_Conne": null,
        "Latitude": -25.88265424,
        "Longitude": 28.18374704
      }
    },
    {
      "attributes": {
        "Precincts": "Bauhania Street",
        "Quickbase_Status": "Completed",
        "QBRecordID": 5826,
        "Third_Party_Dependant_For_Conne": null,
        "Latitude": -25.8827104,
        "Longitude": 28.18353452
      }
    },
    {
      "attributes": {
        "Precincts": "Bauhania Street",
        "Quickbase_Status": "Completed",
        "QBRecordID": 5827,
        "Third_Party_Dependant_For_Conne": null,
        "Latitude": -25.88276512,
        "Longitude": 28.1833009
      }
    },
    {
      "attributes": {
        "Precincts": "Bauhania Street",
        "Quickbase_Status": "Completed",
        "QBRecordID": 5828,
        "Third_Party_Dependant_For_Conne": null,
        "Latitude": -25.88310112,
        "Longitude": 28.18312847
      }
    },
    {
      "attributes": {
        "Precincts": "Bauhania Street",
        "Quickbase_Status": "Completed",
        "QBRecordID": 5831,
        "Third_Party_Dependant_For_Conne": null,
        "Latitude": -25.88337962,
        "Longitude": 28.18327958
      }
    },
    {
      "attributes": {
        "Precincts": "Bauhania Street",
        "Quickbase_Status": "Completed",
        "QBRecordID": 5830,
        "Third_Party_Dependant_For_Conne": null,
        "Latitude": -25.88298208,
        "Longitude": 28.1836752
      }
    },
    {
      "attributes": {
        "Precincts": "Bauhania Street",
        "Quickbase_Status": "Completed",
        "QBRecordID": 5811,
        "Third_Party_Dependant_For_Conne": null,
        "Latitude": -25.88148369,
        "Longitude": 28.18399005
      }
    },
    {
      "attributes": {
        "Precincts": "Bauhania Street",
        "Quickbase_Status": "Completed",
        "QBRecordID": 4885,
        "Third_Party_Dependant_For_Conne": null,
        "Latitude": -25.88078119,
        "Longitude": 28.18433921
      }
    },
    {
      "attributes": {
        "Precincts": "Bauhania Street",
        "Quickbase_Status": "Completed",
        "QBRecordID": 5807,
        "Third_Party_Dependant_For_Conne": null,
        "Latitude": -25.88087602,
        "Longitude": 28.1846323
      }
    },
    {
      "attributes": {
        "Precincts": "Bauhania Street",
        "Quickbase_Status": "Completed",
        "QBRecordID": 5808,
        "Third_Party_Dependant_For_Conne": null,
        "Latitude": -25.88109976,
        "Longitude": 28.18502359
      }
    },
    {
      "attributes": {
        "Precincts": "Bauhania Street",
        "Quickbase_Status": "Completed",
        "QBRecordID": 5874,
        "Third_Party_Dependant_For_Conne": null,
        "Latitude": -25.88214461,
        "Longitude": 28.18257492
      }
    },
    {
      "attributes": {
        "Precincts": "Bauhania Street",
        "Quickbase_Status": "Completed",
        "QBRecordID": 5870,
        "Third_Party_Dependant_For_Conne": null,
        "Latitude": -25.88194007,
        "Longitude": 28.18244298
      }
    },
    {
      "attributes": {
        "Precincts": "Bauhania Street",
        "Quickbase_Status": "Completed",
        "QBRecordID": 5855,
        "Third_Party_Dependant_For_Conne": null,
        "Latitude": -25.88079716,
        "Longitude": 28.18192597
      }
    },
    {
      "attributes": {
        "Precincts": "Bauhania Street",
        "Quickbase_Status": "Completed",
        "QBRecordID": 5856,
        "Third_Party_Dependant_For_Conne": null,
        "Latitude": -25.88071757,
        "Longitude": 28.18225047
      }
    },
    {
      "attributes": {
        "Precincts": "Bauhania Street",
        "Quickbase_Status": "Completed",
        "QBRecordID": 5859,
        "Third_Party_Dependant_For_Conne": null,
        "Latitude": -25.88108149,
        "Longitude": 28.18207209
      }
    },
    {
      "attributes": {
        "Precincts": "Bauhania Street",
        "Quickbase_Status": "Completed",
        "QBRecordID": 5860,
        "Third_Party_Dependant_For_Conne": null,
        "Latitude": -25.88101589,
        "Longitude": 28.18233581
      }
    },
    {
      "attributes": {
        "Precincts": "Bauhania Street",
        "Quickbase_Status": "Completed",
        "QBRecordID": 5865,
        "Third_Party_Dependant_For_Conne": null,
        "Latitude": -25.88136999,
        "Longitude": 28.18212678
      }
    },
    {
      "attributes": {
        "Precincts": "Bauhania Street",
        "Quickbase_Status": "Completed",
        "QBRecordID": 5852,
        "Third_Party_Dependant_For_Conne": null,
        "Latitude": -25.88037754,
        "Longitude": 28.18184121
      }
    },
    {
      "attributes": {
        "Precincts": "Bauhania Street",
        "Quickbase_Status": "Completed",
        "QBRecordID": 5851,
        "Third_Party_Dependant_For_Conne": null,
        "Latitude": -25.88045824,
        "Longitude": 28.18159483
      }
    },
    {
      "attributes": {
        "Precincts": "Bauhania Street",
        "Quickbase_Status": "Completed",
        "QBRecordID": 5848,
        "Third_Party_Dependant_For_Conne": null,
        "Latitude": -25.88016188,
        "Longitude": 28.18169894
      }
    },
    {
      "attributes": {
        "Precincts": "Bauhania Street",
        "Quickbase_Status": "Completed",
        "QBRecordID": 5849,
        "Third_Party_Dependant_For_Conne": null,
        "Latitude": -25.8800737,
        "Longitude": 28.18204041
      }
    },
    {
      "attributes": {
        "Precincts": "Bauhania Street",
        "Quickbase_Status": "Completed",
        "QBRecordID": 5847,
        "Third_Party_Dependant_For_Conne": null,
        "Latitude": -25.87986552,
        "Longitude": 28.1819198
      }
    },
    {
      "attributes": {
        "Precincts": "Bauhania Street",
        "Quickbase_Status": "Completed",
        "QBRecordID": 5845,
        "Third_Party_Dependant_For_Conne": null,
        "Latitude": -25.87958965,
        "Longitude": 28.18237184
      }
    },
    {
      "attributes": {
        "Precincts": "Bryanston Extension",
        "Quickbase_Status": "Completed",
        "QBRecordID": 1873,
        "Third_Party_Dependant_For_Conne": null,
        "Latitude": -26.04641915,
        "Longitude": 28.01913838
      }
    },
    {
      "attributes": {
        "Precincts": "Bryanston Extension",
        "Quickbase_Status": "Completed",
        "QBRecordID": 1913,
        "Third_Party_Dependant_For_Conne": null,
        "Latitude": -26.0455313,
        "Longitude": 28.01864307
      }
    },
    {
      "attributes": {
        "Precincts": "Bryanston Extension",
        "Quickbase_Status": "Completed",
        "QBRecordID": 1912,
        "Third_Party_Dependant_For_Conne": null,
        "Latitude": -26.04582944,
        "Longitude": 28.01894488
      }
    },
    {
      "attributes": {
        "Precincts": "Bryanston Extension",
        "Quickbase_Status": "Completed",
        "QBRecordID": 1917,
        "Third_Party_Dependant_For_Conne": null,
        "Latitude": -26.04587247,
        "Longitude": 28.01742276
      }
    },
    {
      "attributes": {
        "Precincts": "Georgian Crescent",
        "Quickbase_Status": "Completed",
        "QBRecordID": 315,
        "Third_Party_Dependant_For_Conne": null,
        "Latitude": -26.04089313,
        "Longitude": 28.01697557
      }
    },
    {
      "attributes": {
        "Precincts": "Impala",
        "Quickbase_Status": "Completed",
        "QBRecordID": 179,
        "Third_Party_Dependant_For_Conne": null,
        "Latitude": -26.11604572,
        "Longitude": 28.04964101
      }
    },
    {
      "attributes": {
        "Precincts": "Impala",
        "Quickbase_Status": "Completed",
        "QBRecordID": 159,
        "Third_Party_Dependant_For_Conne": null,
        "Latitude": -26.11515179,
        "Longitude": 28.05193727
      }
    },
    {
      "attributes": {
        "Precincts": "Country Club Estate",
        "Quickbase_Status": "Completed",
        "QBRecordID": 506,
        "Third_Party_Dependant_For_Conne": null,
        "Latitude": -26.06073036,
        "Longitude": 28.08239801
      }
    },
    {
      "attributes": {
        "Precincts": "Eaton",
        "Quickbase_Status": "Completed",
        "QBRecordID": 216,
        "Third_Party_Dependant_For_Conne": null,
        "Latitude": -26.04647793,
        "Longitude": 28.02363051
      }
    },
    {
      "attributes": {
        "Precincts": "Eaton",
        "Quickbase_Status": "Completed",
        "QBRecordID": 218,
        "Third_Party_Dependant_For_Conne": null,
        "Latitude": -26.04366349,
        "Longitude": 28.02043829
      }
    },
    {
      "attributes": {
        "Precincts": "Eaton",
        "Quickbase_Status": "Completed",
        "QBRecordID": 3956,
        "Third_Party_Dependant_For_Conne": null,
        "Latitude": -26.04578504,
        "Longitude": 28.02287383
      }
    },
    {
      "attributes": {
        "Precincts": "Saddle Drive",
        "Quickbase_Status": "Completed",
        "QBRecordID": 3549,
        "Third_Party_Dependant_For_Conne": null,
        "Latitude": -26.04411851,
        "Longitude": 28.08796398
      }
    },
    {
      "attributes": {
        "Precincts": "TechnoPark",
        "Quickbase_Status": "Completed",
        "QBRecordID": 911,
        "Third_Party_Dependant_For_Conne": null,
        "Latitude": -33.9657067,
        "Longitude": 18.84077102
      }
    },
    {
      "attributes": {
        "Precincts": "TechnoPark",
        "Quickbase_Status": "Completed",
        "QBRecordID": 1783,
        "Third_Party_Dependant_For_Conne": null,
        "Latitude": -33.96540297,
        "Longitude": 18.83976974
      }
    },
    {
      "attributes": {
        "Precincts": "TechnoPark",
        "Quickbase_Status": "Completed",
        "QBRecordID": 2282,
        "Third_Party_Dependant_For_Conne": null,
        "Latitude": -33.96535354,
        "Longitude": 18.84020197
      }
    },
    {
      "attributes": {
        "Precincts": "TechnoPark",
        "Quickbase_Status": "Completed",
        "QBRecordID": 3900,
        "Third_Party_Dependant_For_Conne": null,
        "Latitude": -33.96597648,
        "Longitude": 18.83630501
      }
    },
    {
      "attributes": {
        "Precincts": "Riverview Office Park",
        "Quickbase_Status": "Completed",
        "QBRecordID": 2617,
        "Third_Party_Dependant_For_Conne": null,
        "Latitude": -25.99999752,
        "Longitude": 28.11972287
      }
    },
    {
      "attributes": {
        "Precincts": "Riverview Office Park",
        "Quickbase_Status": "Completed",
        "QBRecordID": 2618,
        "Third_Party_Dependant_For_Conne": null,
        "Latitude": -25.99953035,
        "Longitude": 28.11951425
      }
    },
    {
      "attributes": {
        "Precincts": "Riverview Office Park",
        "Quickbase_Status": "Completed",
        "QBRecordID": 2619,
        "Third_Party_Dependant_For_Conne": null,
        "Latitude": -25.99908364,
        "Longitude": 28.11911576
      }
    },
    {
      "attributes": {
        "Precincts": "Girton",
        "Quickbase_Status": "Completed",
        "QBRecordID": 815,
        "Third_Party_Dependant_For_Conne": null,
        "Latitude": -26.18320931,
        "Longitude": 28.03714643
      }
    },
    {
      "attributes": {
        "Precincts": "Oberon",
        "Quickbase_Status": "Completed",
        "QBRecordID": 2320,
        "Third_Party_Dependant_For_Conne": null,
        "Latitude": -25.78166563,
        "Longitude": 28.28994786
      }
    },
    {
      "attributes": {
        "Precincts": "CPT CBD Phase 02",
        "Quickbase_Status": "Completed",
        "QBRecordID": 3097,
        "Third_Party_Dependant_For_Conne": null,
        "Latitude": -33.92114834,
        "Longitude": 18.43299305
      }
    },
    {
      "attributes": {
        "Precincts": "Skeen Boulevard",
        "Quickbase_Status": "Completed",
        "QBRecordID": 1164,
        "Third_Party_Dependant_For_Conne": null,
        "Latitude": -26.17533755,
        "Longitude": 28.13246701
      }
    },
    {
      "attributes": {
        "Precincts": "Skeen Boulevard",
        "Quickbase_Status": "Completed",
        "QBRecordID": 91362,
        "Third_Party_Dependant_For_Conne": null,
        "Latitude": -26.17473251,
        "Longitude": 28.13267481
      }
    },
    {
      "attributes": {
        "Precincts": "Skeen Boulevard",
        "Quickbase_Status": "Completed",
        "QBRecordID": 1171,
        "Third_Party_Dependant_For_Conne": null,
        "Latitude": -26.17422713,
        "Longitude": 28.13398966
      }
    },
    {
      "attributes": {
        "Precincts": "Sunninghill",
        "Quickbase_Status": "Completed",
        "QBRecordID": 718,
        "Third_Party_Dependant_For_Conne": null,
        "Latitude": -26.03508249,
        "Longitude": 28.06795167
      }
    },
    {
      "attributes": {
        "Precincts": "Sunninghill",
        "Quickbase_Status": "Completed",
        "QBRecordID": 374,
        "Third_Party_Dependant_For_Conne": null,
        "Latitude": -26.03385129,
        "Longitude": 28.0671354
      }
    },
    {
      "attributes": {
        "Precincts": "Sunninghill",
        "Quickbase_Status": "Completed",
        "QBRecordID": 714,
        "Third_Party_Dependant_For_Conne": null,
        "Latitude": -26.03190489,
        "Longitude": 28.06705246
      }
    },
    {
      "attributes": {
        "Precincts": "Sandton Phase 1",
        "Quickbase_Status": "Completed",
        "QBRecordID": 2909,
        "Third_Party_Dependant_For_Conne": null,
        "Latitude": -26.10188644,
        "Longitude": 28.05236624
      }
    },
    {
      "attributes": {
        "Precincts": "Sandton Phase 1",
        "Quickbase_Status": "Completed",
        "QBRecordID": 2902,
        "Third_Party_Dependant_For_Conne": null,
        "Latitude": -26.10108108,
        "Longitude": 28.05325535
      }
    },
    {
      "attributes": {
        "Precincts": "Sandton Phase 2",
        "Quickbase_Status": "Completed",
        "QBRecordID": 4026,
        "Third_Party_Dependant_For_Conne": null,
        "Latitude": -26.10322896,
        "Longitude": 28.05652757
      }
    },
    {
      "attributes": {
        "Precincts": "Richards Drive",
        "Quickbase_Status": "Completed",
        "QBRecordID": 2675,
        "Third_Party_Dependant_For_Conne": null,
        "Latitude": -26.01399723,
        "Longitude": 28.12378389
      }
    },
    {
      "attributes": {
        "Precincts": "Impala",
        "Quickbase_Status": "Completed",
        "QBRecordID": 172,
        "Third_Party_Dependant_For_Conne": null,
        "Latitude": -26.11511065,
        "Longitude": 28.05422498
      }
    },
    {
      "attributes": {
        "Precincts": "TechnoPark",
        "Quickbase_Status": "Completed",
        "QBRecordID": 1341,
        "Third_Party_Dependant_For_Conne": null,
        "Latitude": -33.96486127,
        "Longitude": 18.84098792
      }
    },
    {
      "attributes": {
        "Precincts": "TechnoPark",
        "Quickbase_Status": "Completed",
        "QBRecordID": 800,
        "Third_Party_Dependant_For_Conne": null,
        "Latitude": -33.96329077,
        "Longitude": 18.83739767
      }
    },
    {
      "attributes": {
        "Precincts": "TechnoPark",
        "Quickbase_Status": "Completed",
        "QBRecordID": 71304,
        "Third_Party_Dependant_For_Conne": null,
        "Latitude": -33.96622392,
        "Longitude": 18.83764961
      }
    },
    {
      "attributes": {
        "Precincts": "TechnoPark",
        "Quickbase_Status": "Completed",
        "QBRecordID": 1280,
        "Third_Party_Dependant_For_Conne": null,
        "Latitude": -33.96456879,
        "Longitude": 18.83596631
      }
    },
    {
      "attributes": {
        "Precincts": "TechnoPark",
        "Quickbase_Status": "Completed",
        "QBRecordID": 821,
        "Third_Party_Dependant_For_Conne": null,
        "Latitude": -33.96457228,
        "Longitude": 18.83961452
      }
    },
    {
      "attributes": {
        "Precincts": "Western Services",
        "Quickbase_Status": "Completed",
        "QBRecordID": 2502,
        "Third_Party_Dependant_For_Conne": null,
        "Latitude": -26.05706721,
        "Longitude": 28.08872521
      }
    },
    {
      "attributes": {
        "Precincts": "Western Services",
        "Quickbase_Status": "Completed",
        "QBRecordID": 2518,
        "Third_Party_Dependant_For_Conne": null,
        "Latitude": -26.05887501,
        "Longitude": 28.08989647
      }
    },
    {
      "attributes": {
        "Precincts": "Western Services",
        "Quickbase_Status": "Completed",
        "QBRecordID": 2515,
        "Third_Party_Dependant_For_Conne": null,
        "Latitude": -26.05822761,
        "Longitude": 28.0897956
      }
    },
    {
      "attributes": {
        "Precincts": "Western Services",
        "Quickbase_Status": "Completed",
        "QBRecordID": 2519,
        "Third_Party_Dependant_For_Conne": null,
        "Latitude": -26.05962602,
        "Longitude": 28.08993138
      }
    },
    {
      "attributes": {
        "Precincts": "Girton",
        "Quickbase_Status": "Completed",
        "QBRecordID": 18378,
        "Third_Party_Dependant_For_Conne": null,
        "Latitude": -26.18418523,
        "Longitude": 28.04028887
      }
    },
    {
      "attributes": {
        "Precincts": "Bauhania Street",
        "Quickbase_Status": "Completed",
        "QBRecordID": 5858,
        "Third_Party_Dependant_For_Conne": null,
        "Latitude": -25.88051127,
        "Longitude": 28.18302287
      }
    },
    {
      "attributes": {
        "Precincts": "Bauhania Street",
        "Quickbase_Status": "Completed",
        "QBRecordID": 5854,
        "Third_Party_Dependant_For_Conne": null,
        "Latitude": -25.88015636,
        "Longitude": 28.18265496
      }
    },
    {
      "attributes": {
        "Precincts": "Bauhania Street",
        "Quickbase_Status": "Completed",
        "QBRecordID": 5850,
        "Third_Party_Dependant_For_Conne": null,
        "Latitude": -25.87998991,
        "Longitude": 28.18251493
      }
    },
    {
      "attributes": {
        "Precincts": "Bauhania Street",
        "Quickbase_Status": "Completed",
        "QBRecordID": 5853,
        "Third_Party_Dependant_For_Conne": null,
        "Latitude": -25.88030753,
        "Longitude": 28.18211672
      }
    },
    {
      "attributes": {
        "Precincts": "Bauhania Street",
        "Quickbase_Status": "Completed",
        "QBRecordID": 5846,
        "Third_Party_Dependant_For_Conne": null,
        "Latitude": -25.87958314,
        "Longitude": 28.18195239
      }
    },
    {
      "attributes": {
        "Precincts": "Bauhania Street",
        "Quickbase_Status": "Completed",
        "QBRecordID": 5844,
        "Third_Party_Dependant_For_Conne": null,
        "Latitude": -25.87938482,
        "Longitude": 28.18205027
      }
    },
    {
      "attributes": {
        "Precincts": "Bauhania Street",
        "Quickbase_Status": "Completed",
        "QBRecordID": 5843,
        "Third_Party_Dependant_For_Conne": null,
        "Latitude": -25.87916896,
        "Longitude": 28.18216952
      }
    },
    {
      "attributes": {
        "Precincts": "Bauhania Street",
        "Quickbase_Status": "Completed",
        "QBRecordID": 5842,
        "Third_Party_Dependant_For_Conne": null,
        "Latitude": -25.87888469,
        "Longitude": 28.18257261
      }
    },
    {
      "attributes": {
        "Precincts": "Bauhania Street",
        "Quickbase_Status": "Completed",
        "QBRecordID": 5841,
        "Third_Party_Dependant_For_Conne": null,
        "Latitude": -25.87880538,
        "Longitude": 28.18279113
      }
    },
    {
      "attributes": {
        "Precincts": "Bauhania Street",
        "Quickbase_Status": "Completed",
        "QBRecordID": 5840,
        "Third_Party_Dependant_For_Conne": null,
        "Latitude": -25.8785646,
        "Longitude": 28.18300535
      }
    },
    {
      "attributes": {
        "Precincts": "Bauhania Street",
        "Quickbase_Status": "Completed",
        "QBRecordID": 5839,
        "Third_Party_Dependant_For_Conne": null,
        "Latitude": -25.87831334,
        "Longitude": 28.18312162
      }
    },
    {
      "attributes": {
        "Precincts": "Bauhania Street",
        "Quickbase_Status": "Completed",
        "QBRecordID": 4887,
        "Third_Party_Dependant_For_Conne": null,
        "Latitude": -25.87812096,
        "Longitude": 28.1831993
      }
    },
    {
      "attributes": {
        "Precincts": "Richards Drive",
        "Quickbase_Status": "Completed",
        "QBRecordID": 2441,
        "Third_Party_Dependant_For_Conne": null,
        "Latitude": -26.01309898,
        "Longitude": 28.1232198
      }
    },
    {
      "attributes": {
        "Precincts": "Richards Drive",
        "Quickbase_Status": "Completed",
        "QBRecordID": 2443,
        "Third_Party_Dependant_For_Conne": null,
        "Latitude": -26.01381675,
        "Longitude": 28.12611181
      }
    },
    {
      "attributes": {
        "Precincts": "Rivonia North",
        "Quickbase_Status": "Completed",
        "QBRecordID": 628,
        "Third_Party_Dependant_For_Conne": null,
        "Latitude": -26.03915113,
        "Longitude": 28.05765601
      }
    },
    {
      "attributes": {
        "Precincts": "Sandton Phase 2",
        "Quickbase_Status": "Completed",
        "QBRecordID": 4038,
        "Third_Party_Dependant_For_Conne": null,
        "Latitude": -26.10397115,
        "Longitude": 28.05202355
      }
    },
    {
      "attributes": {
        "Precincts": "Richards Drive",
        "Quickbase_Status": "Completed",
        "QBRecordID": 2467,
        "Third_Party_Dependant_For_Conne": null,
        "Latitude": -26.01610751,
        "Longitude": 28.12104334
      }
    },
    {
      "attributes": {
        "Precincts": "Muswell",
        "Quickbase_Status": "Completed",
        "QBRecordID": 194,
        "Third_Party_Dependant_For_Conne": null,
        "Latitude": -26.04975785,
        "Longitude": 28.02238447
      }
    },
    {
      "attributes": {
        "Precincts": "Homestead",
        "Quickbase_Status": "Completed",
        "QBRecordID": 248,
        "Third_Party_Dependant_For_Conne": null,
        "Latitude": -26.04599081,
        "Longitude": 28.05792353
      }
    },
    {
      "attributes": {
        "Precincts": "Mellis",
        "Quickbase_Status": "Completed",
        "QBRecordID": 292,
        "Third_Party_Dependant_For_Conne": null,
        "Latitude": -26.04465901,
        "Longitude": 28.05840741
      }
    },
    {
      "attributes": {
        "Precincts": "Mellis",
        "Quickbase_Status": "Completed",
        "QBRecordID": 885,
        "Third_Party_Dependant_For_Conne": null,
        "Latitude": -26.04561417,
        "Longitude": 28.05827881
      }
    },
    {
      "attributes": {
        "Precincts": "Georgian Crescent",
        "Quickbase_Status": "Completed",
        "QBRecordID": 320,
        "Third_Party_Dependant_For_Conne": null,
        "Latitude": -26.04127971,
        "Longitude": 28.01571482
      }
    },
    {
      "attributes": {
        "Precincts": "Eaton",
        "Quickbase_Status": "Completed",
        "QBRecordID": 207,
        "Third_Party_Dependant_For_Conne": null,
        "Latitude": -26.0460982,
        "Longitude": 28.02019356
      }
    },
    {
      "attributes": {
        "Precincts": "Saddle Drive",
        "Quickbase_Status": "Completed",
        "QBRecordID": 1831,
        "Third_Party_Dependant_For_Conne": null,
        "Latitude": -26.04693268,
        "Longitude": 28.0897991
      }
    },
    {
      "attributes": {
        "Precincts": "Country Club Estate",
        "Quickbase_Status": "Completed",
        "QBRecordID": 503,
        "Third_Party_Dependant_For_Conne": null,
        "Latitude": -26.06030064,
        "Longitude": 28.08246698
      }
    },
    {
      "attributes": {
        "Precincts": "Country Club Estate",
        "Quickbase_Status": "Completed",
        "QBRecordID": 492,
        "Third_Party_Dependant_For_Conne": null,
        "Latitude": -26.05713542,
        "Longitude": 28.08414151
      }
    },
    {
      "attributes": {
        "Precincts": "Claremont",
        "Quickbase_Status": "Completed",
        "QBRecordID": 390,
        "Third_Party_Dependant_For_Conne": null,
        "Latitude": -33.97751922,
        "Longitude": 18.46570991
      }
    },
    {
      "attributes": {
        "Precincts": "Eaton",
        "Quickbase_Status": "Completed",
        "QBRecordID": 214,
        "Third_Party_Dependant_For_Conne": null,
        "Latitude": -26.04614344,
        "Longitude": 28.02167874
      }
    },
    {
      "attributes": {
        "Precincts": "Claremont",
        "Quickbase_Status": "Completed",
        "QBRecordID": 747,
        "Third_Party_Dependant_For_Conne": null,
        "Latitude": -33.97976653,
        "Longitude": 18.46031297
      }
    },
    {
      "attributes": {
        "Precincts": "Claremont",
        "Quickbase_Status": "Completed",
        "QBRecordID": 749,
        "Third_Party_Dependant_For_Conne": null,
        "Latitude": -33.97999786,
        "Longitude": 18.46017998
      }
    },
    {
      "attributes": {
        "Precincts": "Claremont",
        "Quickbase_Status": "Completed",
        "QBRecordID": 748,
        "Third_Party_Dependant_For_Conne": null,
        "Latitude": -33.98017128,
        "Longitude": 18.45990755
      }
    },
    {
      "attributes": {
        "Precincts": "Claremont",
        "Quickbase_Status": "Completed",
        "QBRecordID": 391,
        "Third_Party_Dependant_For_Conne": null,
        "Latitude": -33.98026689,
        "Longitude": 18.45962829
      }
    },
    {
      "attributes": {
        "Precincts": "Saddle Drive",
        "Quickbase_Status": "Completed",
        "QBRecordID": 3953,
        "Third_Party_Dependant_For_Conne": null,
        "Latitude": -26.04844538,
        "Longitude": 28.08850581
      }
    },
    {
      "attributes": {
        "Precincts": "Saddle Drive",
        "Quickbase_Status": "Completed",
        "QBRecordID": 1854,
        "Third_Party_Dependant_For_Conne": null,
        "Latitude": -26.04673382,
        "Longitude": 28.08907844
      }
    },
    {
      "attributes": {
        "Precincts": "Saddle Drive",
        "Quickbase_Status": "Completed",
        "QBRecordID": 1834,
        "Third_Party_Dependant_For_Conne": null,
        "Latitude": -26.04636353,
        "Longitude": 28.08983084
      }
    },
    {
      "attributes": {
        "Precincts": "Girton",
        "Quickbase_Status": "Completed",
        "QBRecordID": 789,
        "Third_Party_Dependant_For_Conne": null,
        "Latitude": -26.18487178,
        "Longitude": 28.03788575
      }
    },
    {
      "attributes": {
        "Precincts": "TechnoPark",
        "Quickbase_Status": "Completed",
        "QBRecordID": 1343,
        "Third_Party_Dependant_For_Conne": null,
        "Latitude": -33.96501677,
        "Longitude": 18.8387861
      }
    },
    {
      "attributes": {
        "Precincts": "TechnoPark",
        "Quickbase_Status": "Completed",
        "QBRecordID": 2197,
        "Third_Party_Dependant_For_Conne": null,
        "Latitude": -33.96590501,
        "Longitude": 18.83037988
      }
    },
    {
      "attributes": {
        "Precincts": "TechnoPark",
        "Quickbase_Status": "Completed",
        "QBRecordID": 760,
        "Third_Party_Dependant_For_Conne": null,
        "Latitude": -33.96532626,
        "Longitude": 18.84100175
      }
    },
    {
      "attributes": {
        "Precincts": "Western Services",
        "Quickbase_Status": "Completed",
        "QBRecordID": 2512,
        "Third_Party_Dependant_For_Conne": null,
        "Latitude": -26.05785468,
        "Longitude": 28.08717047
      }
    },
    {
      "attributes": {
        "Precincts": "Western Services",
        "Quickbase_Status": "Completed",
        "QBRecordID": 2508,
        "Third_Party_Dependant_For_Conne": null,
        "Latitude": -26.05749568,
        "Longitude": 28.08661433
      }
    },
    {
      "attributes": {
        "Precincts": "Western Services",
        "Quickbase_Status": "Completed",
        "QBRecordID": 2517,
        "Third_Party_Dependant_For_Conne": null,
        "Latitude": -26.06068673,
        "Longitude": 28.09000486
      }
    },
    {
      "attributes": {
        "Precincts": "Western Services",
        "Quickbase_Status": "Completed",
        "QBRecordID": 2494,
        "Third_Party_Dependant_For_Conne": null,
        "Latitude": -26.06204881,
        "Longitude": 28.08968004
      }
    },
    {
      "attributes": {
        "Precincts": "Girton",
        "Quickbase_Status": "Completed",
        "QBRecordID": 816,
        "Third_Party_Dependant_For_Conne": null,
        "Latitude": -26.18397598,
        "Longitude": 28.03748292
      }
    },
    {
      "attributes": {
        "Precincts": "Girton",
        "Quickbase_Status": "Completed",
        "QBRecordID": 817,
        "Third_Party_Dependant_For_Conne": null,
        "Latitude": -26.18414662,
        "Longitude": 28.03674915
      }
    },
    {
      "attributes": {
        "Precincts": "Ballyclare (Bally Oakes incl)",
        "Quickbase_Status": "Completed",
        "QBRecordID": 564,
        "Third_Party_Dependant_For_Conne": null,
        "Latitude": -26.07409113,
        "Longitude": 28.03025181
      }
    },
    {
      "attributes": {
        "Precincts": "Rosenpark",
        "Quickbase_Status": "Completed",
        "QBRecordID": 2730,
        "Third_Party_Dependant_For_Conne": null,
        "Latitude": -33.86981169,
        "Longitude": 18.64024679
      }
    },
    {
      "attributes": {
        "Precincts": "Rosenpark",
        "Quickbase_Status": "Completed",
        "QBRecordID": 2731,
        "Third_Party_Dependant_For_Conne": null,
        "Latitude": -33.86985972,
        "Longitude": 18.64054265
      }
    },
    {
      "attributes": {
        "Precincts": "Woodmead Estate",
        "Quickbase_Status": "Completed",
        "QBRecordID": 3942,
        "Third_Party_Dependant_For_Conne": null,
        "Latitude": -26.05139414,
        "Longitude": 28.08893235
      }
    },
    {
      "attributes": {
        "Precincts": "Woodmead Estate",
        "Quickbase_Status": "Completed",
        "QBRecordID": 3943,
        "Third_Party_Dependant_For_Conne": null,
        "Latitude": -26.0513371,
        "Longitude": 28.08945641
      }
    },
    {
      "attributes": {
        "Precincts": "Woodmead Estate",
        "Quickbase_Status": "Completed",
        "QBRecordID": 3944,
        "Third_Party_Dependant_For_Conne": null,
        "Latitude": -26.05177702,
        "Longitude": 28.08957091
      }
    },
    {
      "attributes": {
        "Precincts": "Scott Street",
        "Quickbase_Status": "Completed",
        "QBRecordID": 1717,
        "Third_Party_Dependant_For_Conne": null,
        "Latitude": -26.13471665,
        "Longitude": 28.07030722
      }
    },
    {
      "attributes": {
        "Precincts": "CPT CBD Phase 02",
        "Quickbase_Status": "Completed",
        "QBRecordID": 3103,
        "Third_Party_Dependant_For_Conne": null,
        "Latitude": -33.92085428,
        "Longitude": 18.4319668
      }
    },
    {
      "attributes": {
        "Precincts": "Rosenpark",
        "Quickbase_Status": "Completed",
        "QBRecordID": 2713,
        "Third_Party_Dependant_For_Conne": null,
        "Latitude": -33.86613707,
        "Longitude": 18.64025948
      }
    },
    {
      "attributes": {
        "Precincts": "Rosenpark",
        "Quickbase_Status": "Completed",
        "QBRecordID": 2754,
        "Third_Party_Dependant_For_Conne": null,
        "Latitude": -33.87002218,
        "Longitude": 18.64065831
      }
    },
    {
      "attributes": {
        "Precincts": "Sunninghill",
        "Quickbase_Status": "Completed",
        "QBRecordID": 381,
        "Third_Party_Dependant_For_Conne": null,
        "Latitude": -26.03535099,
        "Longitude": 28.06855707
      }
    },
    {
      "attributes": {
        "Precincts": "Sunninghill",
        "Quickbase_Status": "Completed",
        "QBRecordID": 368,
        "Third_Party_Dependant_For_Conne": null,
        "Latitude": -26.0345085,
        "Longitude": 28.06231444
      }
    },
    {
      "attributes": {
        "Precincts": "Sunninghill",
        "Quickbase_Status": "Completed",
        "QBRecordID": 719,
        "Third_Party_Dependant_For_Conne": null,
        "Latitude": -26.0352032,
        "Longitude": 28.06711703
      }
    },
    {
      "attributes": {
        "Precincts": "Sunninghill",
        "Quickbase_Status": "Completed",
        "QBRecordID": 382,
        "Third_Party_Dependant_For_Conne": null,
        "Latitude": -26.03570137,
        "Longitude": 28.06763757
      }
    },
    {
      "attributes": {
        "Precincts": "Sunninghill",
        "Quickbase_Status": "Completed",
        "QBRecordID": 589,
        "Third_Party_Dependant_For_Conne": null,
        "Latitude": -26.03258913,
        "Longitude": 28.0688573
      }
    },
    {
      "attributes": {
        "Precincts": "Sunninghill",
        "Quickbase_Status": "Completed",
        "QBRecordID": 71051,
        "Third_Party_Dependant_For_Conne": null,
        "Latitude": -26.03306882,
        "Longitude": 28.06810605
      }
    },
    {
      "attributes": {
        "Precincts": "Sunninghill",
        "Quickbase_Status": "Completed",
        "QBRecordID": 376,
        "Third_Party_Dependant_For_Conne": null,
        "Latitude": -26.0320296,
        "Longitude": 28.06385895
      }
    },
    {
      "attributes": {
        "Precincts": "Sunninghill",
        "Quickbase_Status": "Completed",
        "QBRecordID": 655,
        "Third_Party_Dependant_For_Conne": null,
        "Latitude": -26.03519235,
        "Longitude": 28.06211414
      }
    },
    {
      "attributes": {
        "Precincts": "Katherine Extension",
        "Quickbase_Status": "Completed",
        "QBRecordID": 934,
        "Third_Party_Dependant_For_Conne": null,
        "Latitude": -26.10028634,
        "Longitude": 28.07315226
      }
    },
    {
      "attributes": {
        "Precincts": "Katherine Extension",
        "Quickbase_Status": "Completed",
        "QBRecordID": 1323,
        "Third_Party_Dependant_For_Conne": null,
        "Latitude": -26.09979115,
        "Longitude": 28.07411343
      }
    },
    {
      "attributes": {
        "Precincts": "Kent",
        "Quickbase_Status": "Completed",
        "QBRecordID": 561,
        "Third_Party_Dependant_For_Conne": null,
        "Latitude": -26.09290208,
        "Longitude": 27.9998875
      }
    },
    {
      "attributes": {
        "Precincts": "Oak Avenue",
        "Quickbase_Status": "Completed",
        "QBRecordID": 667,
        "Third_Party_Dependant_For_Conne": null,
        "Latitude": -26.10024159,
        "Longitude": 28.00046892
      }
    },
    {
      "attributes": {
        "Precincts": "Oak Avenue",
        "Quickbase_Status": "Completed",
        "QBRecordID": 669,
        "Third_Party_Dependant_For_Conne": null,
        "Latitude": -26.10044007,
        "Longitude": 28.000428
      }
    },
    {
      "attributes": {
        "Precincts": "Oak Avenue",
        "Quickbase_Status": "Completed",
        "QBRecordID": 684,
        "Third_Party_Dependant_For_Conne": null,
        "Latitude": -26.10034742,
        "Longitude": 27.99987836
      }
    },
    {
      "attributes": {
        "Precincts": "Oak Avenue",
        "Quickbase_Status": "Completed",
        "QBRecordID": 513,
        "Third_Party_Dependant_For_Conne": null,
        "Latitude": -26.1001298,
        "Longitude": 27.99974778
      }
    },
    {
      "attributes": {
        "Precincts": "Oak Avenue",
        "Quickbase_Status": "Completed",
        "QBRecordID": 663,
        "Third_Party_Dependant_For_Conne": null,
        "Latitude": -26.10032313,
        "Longitude": 27.99971067
      }
    },
    {
      "attributes": {
        "Precincts": "Oak Avenue",
        "Quickbase_Status": "Completed",
        "QBRecordID": 664,
        "Third_Party_Dependant_For_Conne": null,
        "Latitude": -26.10037235,
        "Longitude": 28.00002378
      }
    },
    {
      "attributes": {
        "Precincts": "Kent",
        "Quickbase_Status": "Completed",
        "QBRecordID": 736,
        "Third_Party_Dependant_For_Conne": null,
        "Latitude": -26.09982753,
        "Longitude": 27.99873126
      }
    },
    {
      "attributes": {
        "Precincts": "Kent",
        "Quickbase_Status": "Completed",
        "QBRecordID": 737,
        "Third_Party_Dependant_For_Conne": null,
        "Latitude": -26.0997977,
        "Longitude": 27.99853377
      }
    },
    {
      "attributes": {
        "Precincts": "Kent",
        "Quickbase_Status": "Completed",
        "QBRecordID": 738,
        "Third_Party_Dependant_For_Conne": null,
        "Latitude": -26.09986221,
        "Longitude": 27.9989746
      }
    },
    {
      "attributes": {
        "Precincts": "Kent",
        "Quickbase_Status": "Completed",
        "QBRecordID": 739,
        "Third_Party_Dependant_For_Conne": null,
        "Latitude": -26.10000271,
        "Longitude": 27.99822926
      }
    },
    {
      "attributes": {
        "Precincts": "Route 21 Office Park",
        "Quickbase_Status": "Completed",
        "QBRecordID": 1971,
        "Third_Party_Dependant_For_Conne": null,
        "Latitude": -25.86045948,
        "Longitude": 28.25810032
      }
    },
    {
      "attributes": {
        "Precincts": "Route 21 Office Park",
        "Quickbase_Status": "Completed",
        "QBRecordID": 1972,
        "Third_Party_Dependant_For_Conne": null,
        "Latitude": -25.86049265,
        "Longitude": 28.25788128
      }
    },
    {
      "attributes": {
        "Precincts": "Route 21 Office Park",
        "Quickbase_Status": "Completed",
        "QBRecordID": 1977,
        "Third_Party_Dependant_For_Conne": null,
        "Latitude": -25.86048928,
        "Longitude": 28.25723768
      }
    },
    {
      "attributes": {
        "Precincts": "James Crescent",
        "Quickbase_Status": "Completed",
        "QBRecordID": 80597,
        "Third_Party_Dependant_For_Conne": null,
        "Latitude": -26.00806828,
        "Longitude": 28.12239997
      }
    },
    {
      "attributes": {
        "Precincts": "James Crescent",
        "Quickbase_Status": "Completed",
        "QBRecordID": 2187,
        "Third_Party_Dependant_For_Conne": null,
        "Latitude": -26.00714179,
        "Longitude": 28.12480967
      }
    },
    {
      "attributes": {
        "Precincts": "James Crescent",
        "Quickbase_Status": "Completed",
        "QBRecordID": 2164,
        "Third_Party_Dependant_For_Conne": null,
        "Latitude": -26.00556046,
        "Longitude": 28.12497324
      }
    },
    {
      "attributes": {
        "Precincts": "James Crescent",
        "Quickbase_Status": "Completed",
        "QBRecordID": 2166,
        "Third_Party_Dependant_For_Conne": null,
        "Latitude": -26.0048992,
        "Longitude": 28.12451957
      }
    },
    {
      "attributes": {
        "Precincts": "James Crescent",
        "Quickbase_Status": "Completed",
        "QBRecordID": 18367,
        "Third_Party_Dependant_For_Conne": null,
        "Latitude": -26.00287085,
        "Longitude": 28.12700335
      }
    },
    {
      "attributes": {
        "Precincts": "James Crescent",
        "Quickbase_Status": "Completed",
        "QBRecordID": 2190,
        "Third_Party_Dependant_For_Conne": null,
        "Latitude": -26.00271867,
        "Longitude": 28.12728736
      }
    },
    {
      "attributes": {
        "Precincts": "James Crescent",
        "Quickbase_Status": "Completed",
        "QBRecordID": 2184,
        "Third_Party_Dependant_For_Conne": null,
        "Latitude": -26.00765011,
        "Longitude": 28.12361225
      }
    },
    {
      "attributes": {
        "Precincts": "Ingersol",
        "Quickbase_Status": "Completed",
        "QBRecordID": 2351,
        "Third_Party_Dependant_For_Conne": null,
        "Latitude": -25.78322709,
        "Longitude": 28.27951695
      }
    },
    {
      "attributes": {
        "Precincts": "Ingersol",
        "Quickbase_Status": "Completed",
        "QBRecordID": 2370,
        "Third_Party_Dependant_For_Conne": null,
        "Latitude": -25.78541887,
        "Longitude": 28.27510032
      }
    },
    {
      "attributes": {
        "Precincts": "Ingersol",
        "Quickbase_Status": "Completed",
        "QBRecordID": 2375,
        "Third_Party_Dependant_For_Conne": null,
        "Latitude": -25.78001801,
        "Longitude": 28.27668142
      }
    },
    {
      "attributes": {
        "Precincts": "Ingersol",
        "Quickbase_Status": "Completed",
        "QBRecordID": 2348,
        "Third_Party_Dependant_For_Conne": null,
        "Latitude": -25.77988234,
        "Longitude": 28.27807685
      }
    },
    {
      "attributes": {
        "Precincts": "Ingersol",
        "Quickbase_Status": "Completed",
        "QBRecordID": 2346,
        "Third_Party_Dependant_For_Conne": null,
        "Latitude": -25.78759143,
        "Longitude": 28.27895064
      }
    },
    {
      "attributes": {
        "Precincts": "Ingersol",
        "Quickbase_Status": "Completed",
        "QBRecordID": 2353,
        "Third_Party_Dependant_For_Conne": null,
        "Latitude": -25.78291006,
        "Longitude": 28.27857797
      }
    },
    {
      "attributes": {
        "Precincts": "Ingersol",
        "Quickbase_Status": "Completed",
        "QBRecordID": 2364,
        "Third_Party_Dependant_For_Conne": null,
        "Latitude": -25.78710059,
        "Longitude": 28.2780068
      }
    },
    {
      "attributes": {
        "Precincts": "Ingersol",
        "Quickbase_Status": "Completed",
        "QBRecordID": 2357,
        "Third_Party_Dependant_For_Conne": null,
        "Latitude": -25.78305321,
        "Longitude": 28.27804887
      }
    },
    {
      "attributes": {
        "Precincts": "James Crescent",
        "Quickbase_Status": "Completed",
        "QBRecordID": 2134,
        "Third_Party_Dependant_For_Conne": null,
        "Latitude": -26.00974885,
        "Longitude": 28.12386317
      }
    },
    {
      "attributes": {
        "Precincts": "James Crescent",
        "Quickbase_Status": "Completed",
        "QBRecordID": 2137,
        "Third_Party_Dependant_For_Conne": null,
        "Latitude": -26.01032091,
        "Longitude": 28.12361681
      }
    },
    {
      "attributes": {
        "Precincts": "James Crescent",
        "Quickbase_Status": "Completed",
        "QBRecordID": 2138,
        "Third_Party_Dependant_For_Conne": null,
        "Latitude": -26.01003316,
        "Longitude": 28.12336769
      }
    },
    {
      "attributes": {
        "Precincts": "Ann Crescent",
        "Quickbase_Status": "Completed",
        "QBRecordID": 70440,
        "Third_Party_Dependant_For_Conne": null,
        "Latitude": -26.10079304,
        "Longitude": 28.06963571
      }
    },
    {
      "attributes": {
        "Precincts": "Ann Crescent",
        "Quickbase_Status": "Completed",
        "QBRecordID": 929,
        "Third_Party_Dependant_For_Conne": null,
        "Latitude": -26.10028883,
        "Longitude": 28.07049242
      }
    },
    {
      "attributes": {
        "Precincts": "Ann Crescent",
        "Quickbase_Status": "Completed",
        "QBRecordID": 931,
        "Third_Party_Dependant_For_Conne": null,
        "Latitude": -26.10235212,
        "Longitude": 28.0716939
      }
    },
    {
      "attributes": {
        "Precincts": "Ann Crescent",
        "Quickbase_Status": "Completed",
        "QBRecordID": 921,
        "Third_Party_Dependant_For_Conne": null,
        "Latitude": -26.10152198,
        "Longitude": 28.07062235
      }
    },
    {
      "attributes": {
        "Precincts": "Ann Crescent",
        "Quickbase_Status": "Completed",
        "QBRecordID": 1346,
        "Third_Party_Dependant_For_Conne": null,
        "Latitude": -26.10038922,
        "Longitude": 28.07103981
      }
    },
    {
      "attributes": {
        "Precincts": "Bryanston Extension",
        "Quickbase_Status": "Completed",
        "QBRecordID": 1869,
        "Third_Party_Dependant_For_Conne": null,
        "Latitude": -26.04533852,
        "Longitude": 28.02350479
      }
    },
    {
      "attributes": {
        "Precincts": "Hatfield (Phase 3)",
        "Quickbase_Status": "Completed",
        "QBRecordID": 2982,
        "Third_Party_Dependant_For_Conne": null,
        "Latitude": -25.74289444,
        "Longitude": 28.24387549
      }
    },
    {
      "attributes": {
        "Precincts": "Rosebank Phase 2",
        "Quickbase_Status": "Completed",
        "QBRecordID": 3989,
        "Third_Party_Dependant_For_Conne": null,
        "Latitude": -26.14238256,
        "Longitude": 28.03909901
      }
    },
    {
      "attributes": {
        "Precincts": "Rosebank Phase 1",
        "Quickbase_Status": "Completed",
        "QBRecordID": 2878,
        "Third_Party_Dependant_For_Conne": null,
        "Latitude": -26.1422825,
        "Longitude": 28.04085884
      }
    },
    {
      "attributes": {
        "Precincts": "Witch-Hazel",
        "Quickbase_Status": "Completed",
        "QBRecordID": 1258,
        "Third_Party_Dependant_For_Conne": null,
        "Latitude": -25.87017555,
        "Longitude": 28.18784679
      }
    },
    {
      "attributes": {
        "Precincts": "Witch-Hazel",
        "Quickbase_Status": "Completed",
        "QBRecordID": 1272,
        "Third_Party_Dependant_For_Conne": null,
        "Latitude": -25.87374555,
        "Longitude": 28.17977162
      }
    },
    {
      "attributes": {
        "Precincts": "Witch-Hazel",
        "Quickbase_Status": "Completed",
        "QBRecordID": 1275,
        "Third_Party_Dependant_For_Conne": null,
        "Latitude": -25.87405836,
        "Longitude": 28.18133661
      }
    },
    {
      "attributes": {
        "Precincts": "Rosebank Phase 1",
        "Quickbase_Status": "Completed",
        "QBRecordID": 2970,
        "Third_Party_Dependant_For_Conne": null,
        "Latitude": -26.14853343,
        "Longitude": 28.03536604
      }
    },
    {
      "attributes": {
        "Precincts": "Rosebank Phase 2",
        "Quickbase_Status": "Completed",
        "QBRecordID": 3522,
        "Third_Party_Dependant_For_Conne": null,
        "Latitude": -26.14626961,
        "Longitude": 28.0393258
      }
    },
    {
      "attributes": {
        "Precincts": "Rosebank Phase 2",
        "Quickbase_Status": "Completed",
        "QBRecordID": 2881,
        "Third_Party_Dependant_For_Conne": null,
        "Latitude": -26.14704538,
        "Longitude": 28.03861519
      }
    },
    {
      "attributes": {
        "Precincts": "Steenberg",
        "Quickbase_Status": "Completed",
        "QBRecordID": 2536,
        "Third_Party_Dependant_For_Conne": null,
        "Latitude": -34.08064891,
        "Longitude": 18.4340356
      }
    },
    {
      "attributes": {
        "Precincts": "Steenberg",
        "Quickbase_Status": "Completed",
        "QBRecordID": 2537,
        "Third_Party_Dependant_For_Conne": null,
        "Latitude": -34.08077949,
        "Longitude": 18.4342786
      }
    },
    {
      "attributes": {
        "Precincts": "Steenberg",
        "Quickbase_Status": "Completed",
        "QBRecordID": 2526,
        "Third_Party_Dependant_For_Conne": null,
        "Latitude": -34.08222427,
        "Longitude": 18.43837453
      }
    },
    {
      "attributes": {
        "Precincts": "Capital Hill",
        "Quickbase_Status": "Completed",
        "QBRecordID": 2836,
        "Third_Party_Dependant_For_Conne": null,
        "Latitude": -26.01200454,
        "Longitude": 28.1282933
      }
    },
    {
      "attributes": {
        "Precincts": "Capital Hill",
        "Quickbase_Status": "Completed",
        "QBRecordID": 2418,
        "Third_Party_Dependant_For_Conne": null,
        "Latitude": -26.01163685,
        "Longitude": 28.12866722
      }
    },
    {
      "attributes": {
        "Precincts": "Capital Hill",
        "Quickbase_Status": "Completed",
        "QBRecordID": 2837,
        "Third_Party_Dependant_For_Conne": null,
        "Latitude": -26.01138995,
        "Longitude": 28.12778336
      }
    },
    {
      "attributes": {
        "Precincts": "Peter Place",
        "Quickbase_Status": "Completed",
        "QBRecordID": 405,
        "Third_Party_Dependant_For_Conne": null,
        "Latitude": -26.08162309,
        "Longitude": 28.02073063
      }
    },
    {
      "attributes": {
        "Precincts": "Peter Place",
        "Quickbase_Status": "Completed",
        "QBRecordID": 689,
        "Third_Party_Dependant_For_Conne": null,
        "Latitude": -26.0809523,
        "Longitude": 28.01895659
      }
    },
    {
      "attributes": {
        "Precincts": "Peter Place",
        "Quickbase_Status": "Completed",
        "QBRecordID": 690,
        "Third_Party_Dependant_For_Conne": null,
        "Latitude": -26.08061976,
        "Longitude": 28.01865509
      }
    },
    {
      "attributes": {
        "Precincts": "Design Quarter",
        "Quickbase_Status": "Completed",
        "QBRecordID": 2390,
        "Third_Party_Dependant_For_Conne": null,
        "Latitude": -26.03190574,
        "Longitude": 28.01329592
      }
    },
    {
      "attributes": {
        "Precincts": "Design Quarter",
        "Quickbase_Status": "Completed",
        "QBRecordID": 2381,
        "Third_Party_Dependant_For_Conne": null,
        "Latitude": -26.03199515,
        "Longitude": 28.01231807
      }
    },
    {
      "attributes": {
        "Precincts": "Design Quarter",
        "Quickbase_Status": "Completed",
        "QBRecordID": 2393,
        "Third_Party_Dependant_For_Conne": null,
        "Latitude": -26.03292912,
        "Longitude": 28.01218447
      }
    }
  ],
  "exceededTransferLimit": true
}

at java.base/jdk.internal.reflect.NativeConstructorAccessorImpl.newInstance0(Native Method)
at java.base/jdk.internal.reflect.NativeConstructorAccessorImpl.newInstance(NativeConstructorAccessorImpl.java:62)
at java.base/jdk.internal.reflect.DelegatingConstructorAccessorImpl.newInstance(DelegatingConstructorAccessorImpl.java:45)
at java.base/java.lang.reflect.Constructor.newInstanceWithCaller(Constructor.java:500)
at java.base/java.lang.reflect.Constructor.newInstance(Constructor.java:481)
at org.codehaus.groovy.reflection.CachedConstructor.invoke(CachedConstructor.java:80)
at org.codehaus.groovy.reflection.CachedConstructor.doConstructorInvoke(CachedConstructor.java:74)
at org.codehaus.groovy.runtime.callsite.ConstructorSite$ConstructorSiteNoUnwrap.callConstructor(ConstructorSite.java:84)
at org.codehaus.groovy.runtime.callsite.AbstractCallSite.callConstructor(AbstractCallSite.java:249)
at io.restassured.internal.ResponseSpecificationImpl$HamcrestAssertionClosure.validate(ResponseSpecificationImpl.groovy:493)
at io.restassured.internal.ResponseSpecificationImpl$HamcrestAssertionClosure$validate$1.call(Unknown Source)
at io.restassured.internal.ResponseSpecificationImpl.validateResponseIfRequired(ResponseSpecificationImpl.groovy:674)
at jdk.internal.reflect.GeneratedMethodAccessor14.invoke(Unknown Source)
at java.base/jdk.internal.reflect.DelegatingMethodAccessorImpl.invoke(DelegatingMethodAccessorImpl.java:43)
at java.base/java.lang.reflect.Method.invoke(Method.java:567)
at org.codehaus.groovy.runtime.callsite.PlainObjectMetaMethodSite.doInvoke(PlainObjectMetaMethodSite.java:43)
at org.codehaus.groovy.runtime.callsite.PogoMetaMethodSite$PogoCachedMethodSiteNoUnwrapNoCoerce.invoke(PogoMetaMethodSite.java:190)
at org.codehaus.groovy.runtime.callsite.PogoMetaMethodSite.callCurrent(PogoMetaMethodSite.java:58)
at org.codehaus.groovy.runtime.callsite.AbstractCallSite.callCurrent(AbstractCallSite.java:168)
at io.restassured.internal.ResponseSpecificationImpl.body(ResponseSpecificationImpl.groovy:98)
at io.restassured.internal.ValidatableResponseOptionsImpl.body(ValidatableResponseOptionsImpl.java:238)
at io.restassured.internal.ValidatableResponseImpl.super$2$body(ValidatableResponseImpl.groovy)
at java.base/jdk.internal.reflect.NativeMethodAccessorImpl.invoke0(Native Method)
at java.base/jdk.internal.reflect.NativeMethodAccessorImpl.invoke(NativeMethodAccessorImpl.java:62)
at java.base/jdk.internal.reflect.DelegatingMethodAccessorImpl.invoke(DelegatingMethodAccessorImpl.java:43)
at java.base/java.lang.reflect.Method.invoke(Method.java:567)
at org.codehaus.groovy.reflection.CachedMethod.invoke(CachedMethod.java:101)
at groovy.lang.MetaMethod.doMethodInvoke(MetaMethod.java:323)
at groovy.lang.MetaClassImpl.invokeMethod(MetaClassImpl.java:1217)
at org.codehaus.groovy.runtime.ScriptBytecodeAdapter.invokeMethodOnSuperN(ScriptBytecodeAdapter.java:144)
at io.restassured.internal.ValidatableResponseImpl.body(ValidatableResponseImpl.groovy:293)
at io.restassured.internal.ValidatableResponseImpl.body(ValidatableResponseImpl.groovy)
at com.ICM_UxAPI.GETPrecincts.whereParamQuickbase_StatusIsCompletedgetPrecincts(GETPrecincts.java:63)
at java.base/jdk.internal.reflect.NativeMethodAccessorImpl.invoke0(Native Method)
at java.base/jdk.internal.reflect.NativeMethodAccessorImpl.invoke(NativeMethodAccessorImpl.java:62)
at java.base/jdk.internal.reflect.DelegatingMethodAccessorImpl.invoke(DelegatingMethodAccessorImpl.java:43)
at java.base/java.lang.reflect.Method.invoke(Method.java:567)
at org.testng.internal.MethodInvocationHelper.invokeMethod(MethodInvocationHelper.java:124)
at org.testng.internal.Invoker.invokeMethod(Invoker.java:583)
at org.testng.internal.Invoker.invokeTestMethod(Invoker.java:719)
at org.testng.internal.Invoker.invokeTestMethods(Invoker.java:989)
at org.testng.internal.TestMethodWorker.invokeTestMethods(TestMethodWorker.java:125)
at org.testng.internal.TestMethodWorker.run(TestMethodWorker.java:109)
at org.testng.TestRunner.privateRun(TestRunner.java:648)
at org.testng.TestRunner.run(TestRunner.java:505)
at org.testng.SuiteRunner.runTest(SuiteRunner.java:455)
at org.testng.SuiteRunner.access$000(SuiteRunner.java:40)
at org.testng.SuiteRunner$SuiteWorker.run(SuiteRunner.java:489)
at org.testng.internal.thread.ThreadUtil$1.call(ThreadUtil.java:52)
at java.base/java.util.concurrent.FutureTask.run(FutureTask.java:264)
at java.base/java.util.concurrent.ThreadPoolExecutor.runWorker(ThreadPoolExecutor.java:1128)
at java.base/java.util.concurrent.ThreadPoolExecutor$Worker.run(ThreadPoolExecutor.java:628)
at java.base/java.lang.Thread.run(Thread.java:830)
]]>
    </failure>
  </testcase> <!-- whereParamQuickbase_StatusIsCompletedgetPrecincts -->
  <testcase classname="com.ICM_UxAPI.GETPrecincts" name="whereInvalidParamQuickbase_StatusIsCompleteddgetPrecincts" time="0.980"/>
  <testcase classname="com.ICM_UxAPI.GETPrecincts" name="whereWrongParamQuickbase_StatusIsCompletedgetPrecincts" time="1.256"/>
  <testcase classname="com.ICM_UxAPI.GETPrecincts" name="whereParamQuickbase_StatusIsPlannedgetPrecincts" time="1.255">
    <failure message="2 expectations failed.
Response body doesn&#039;t match expectation.
Expected: a string containing &quot;Completed&quot;
  Actual: {
  &quot;displayFieldName&quot;: &quot;Building_Name&quot;,
  &quot;fieldAliases&quot;: {
    &quot;Precincts&quot;: &quot;Precinct&quot;,
    &quot;Quickbase_Status&quot;: &quot;Status&quot;,
    &quot;QBRecordID&quot;: &quot;RecordID&quot;,
    &quot;Third_Party_Dependant_For_Conne&quot;: &quot;Third Party&quot;,
    &quot;Latitude&quot;: &quot;Latitude&quot;,
    &quot;Longitude&quot;: &quot;Longitude&quot;
  },
  &quot;fields&quot;: [
    {
      &quot;name&quot;: &quot;Precincts&quot;,
      &quot;type&quot;: &quot;esriFieldTypeString&quot;,
      &quot;alias&quot;: &quot;Precinct&quot;,
      &quot;length&quot;: 100
    },
    {
      &quot;name&quot;: &quot;Quickbase_Status&quot;,
      &quot;type&quot;: &quot;esriFieldTypeString&quot;,
      &quot;alias&quot;: &quot;Status&quot;,
      &quot;length&quot;: 100
    },
    {
      &quot;name&quot;: &quot;QBRecordID&quot;,
      &quot;type&quot;: &quot;esriFieldTypeInteger&quot;,
      &quot;alias&quot;: &quot;RecordID&quot;
    },
    {
      &quot;name&quot;: &quot;Third_Party_Dependant_For_Conne&quot;,
      &quot;type&quot;: &quot;esriFieldTypeString&quot;,
      &quot;alias&quot;: &quot;Third Party&quot;,
      &quot;length&quot;: 50
    },
    {
      &quot;name&quot;: &quot;Latitude&quot;,
      &quot;type&quot;: &quot;esriFieldTypeDouble&quot;,
      &quot;alias&quot;: &quot;Latitude&quot;
    },
    {
      &quot;name&quot;: &quot;Longitude&quot;,
      &quot;type&quot;: &quot;esriFieldTypeDouble&quot;,
      &quot;alias&quot;: &quot;Longitude&quot;
    }
  ],
  &quot;features&quot;: [
    {
      &quot;attributes&quot;: {
        &quot;Precincts&quot;: &quot;Hatfield (Phase 3)&quot;,
        &quot;Quickbase_Status&quot;: &quot;Planned&quot;,
        &quot;QBRecordID&quot;: 0,
        &quot;Third_Party_Dependant_For_Conne&quot;: null,
        &quot;Latitude&quot;: -25.7430356,
        &quot;Longitude&quot;: 28.24053035
      }
    },
    {
      &quot;attributes&quot;: {
        &quot;Precincts&quot;: &quot;Hatfield (Phase 3)&quot;,
        &quot;Quickbase_Status&quot;: &quot;Planned&quot;,
        &quot;QBRecordID&quot;: 0,
        &quot;Third_Party_Dependant_For_Conne&quot;: null,
        &quot;Latitude&quot;: -25.7429375,
        &quot;Longitude&quot;: 28.24242948
      }
    },
    {
      &quot;attributes&quot;: {
        &quot;Precincts&quot;: &quot;Hatfield (Phase 3)&quot;,
        &quot;Quickbase_Status&quot;: &quot;Planned&quot;,
        &quot;QBRecordID&quot;: 0,
        &quot;Third_Party_Dependant_For_Conne&quot;: null,
        &quot;Latitude&quot;: -25.74289195,
        &quot;Longitude&quot;: 28.24254232
      }
    },
    {
      &quot;attributes&quot;: {
        &quot;Precincts&quot;: &quot;Hatfield (Phase 3)&quot;,
        &quot;Quickbase_Status&quot;: &quot;Planned&quot;,
        &quot;QBRecordID&quot;: 0,
        &quot;Third_Party_Dependant_For_Conne&quot;: null,
        &quot;Latitude&quot;: -25.74382682,
        &quot;Longitude&quot;: 28.24276078
      }
    },
    {
      &quot;attributes&quot;: {
        &quot;Precincts&quot;: &quot;Hatfield (Phase 3)&quot;,
        &quot;Quickbase_Status&quot;: &quot;Planned&quot;,
        &quot;QBRecordID&quot;: 0,
        &quot;Third_Party_Dependant_For_Conne&quot;: null,
        &quot;Latitude&quot;: -25.74348779,
        &quot;Longitude&quot;: 28.24275168
      }
    },
    {
      &quot;attributes&quot;: {
        &quot;Precincts&quot;: &quot;Hatfield (Phase 3)&quot;,
        &quot;Quickbase_Status&quot;: &quot;Planned&quot;,
        &quot;QBRecordID&quot;: 0,
        &quot;Third_Party_Dependant_For_Conne&quot;: null,
        &quot;Latitude&quot;: -25.74324315,
        &quot;Longitude&quot;: 28.24302584
      }
    },
    {
      &quot;attributes&quot;: {
        &quot;Precincts&quot;: &quot;Hatfield (Phase 3)&quot;,
        &quot;Quickbase_Status&quot;: &quot;Planned&quot;,
        &quot;QBRecordID&quot;: 0,
        &quot;Third_Party_Dependant_For_Conne&quot;: null,
        &quot;Latitude&quot;: -25.74302639,
        &quot;Longitude&quot;: 28.24297619
      }
    },
    {
      &quot;attributes&quot;: {
        &quot;Precincts&quot;: &quot;Hatfield (Phase 3)&quot;,
        &quot;Quickbase_Status&quot;: &quot;Planned&quot;,
        &quot;QBRecordID&quot;: 0,
        &quot;Third_Party_Dependant_For_Conne&quot;: null,
        &quot;Latitude&quot;: -25.74165535,
        &quot;Longitude&quot;: 28.24229287
      }
    },
    {
      &quot;attributes&quot;: {
        &quot;Precincts&quot;: &quot;Hatfield (Phase 3)&quot;,
        &quot;Quickbase_Status&quot;: &quot;Planned&quot;,
        &quot;QBRecordID&quot;: 0,
        &quot;Third_Party_Dependant_For_Conne&quot;: null,
        &quot;Latitude&quot;: -25.74174418,
        &quot;Longitude&quot;: 28.24227857
      }
    },
    {
      &quot;attributes&quot;: {
        &quot;Precincts&quot;: &quot;Hatfield (Phase 3)&quot;,
        &quot;Quickbase_Status&quot;: &quot;Planned&quot;,
        &quot;QBRecordID&quot;: 0,
        &quot;Third_Party_Dependant_For_Conne&quot;: null,
        &quot;Latitude&quot;: -25.74188598,
        &quot;Longitude&quot;: 28.24218242
      }
    },
    {
      &quot;attributes&quot;: {
        &quot;Precincts&quot;: &quot;Hatfield (Phase 3)&quot;,
        &quot;Quickbase_Status&quot;: &quot;Planned&quot;,
        &quot;QBRecordID&quot;: 0,
        &quot;Third_Party_Dependant_For_Conne&quot;: null,
        &quot;Latitude&quot;: -25.74329195,
        &quot;Longitude&quot;: 28.23972439
      }
    },
    {
      &quot;attributes&quot;: {
        &quot;Precincts&quot;: &quot;Hatfield (Phase 3)&quot;,
        &quot;Quickbase_Status&quot;: &quot;Planned&quot;,
        &quot;QBRecordID&quot;: 0,
        &quot;Third_Party_Dependant_For_Conne&quot;: null,
        &quot;Latitude&quot;: -25.74315819,
        &quot;Longitude&quot;: 28.24060331
      }
    },
    {
      &quot;attributes&quot;: {
        &quot;Precincts&quot;: &quot;Hatfield (Phase 3)&quot;,
        &quot;Quickbase_Status&quot;: &quot;Planned&quot;,
        &quot;QBRecordID&quot;: 0,
        &quot;Third_Party_Dependant_For_Conne&quot;: null,
        &quot;Latitude&quot;: -25.74374148,
        &quot;Longitude&quot;: 28.23977553
      }
    },
    {
      &quot;attributes&quot;: {
        &quot;Precincts&quot;: &quot;Hatfield (Phase 3)&quot;,
        &quot;Quickbase_Status&quot;: &quot;Planned&quot;,
        &quot;QBRecordID&quot;: 0,
        &quot;Third_Party_Dependant_For_Conne&quot;: null,
        &quot;Latitude&quot;: -25.74375292,
        &quot;Longitude&quot;: 28.2399782
      }
    },
    {
      &quot;attributes&quot;: {
        &quot;Precincts&quot;: &quot;Hatfield (Phase 3)&quot;,
        &quot;Quickbase_Status&quot;: &quot;Planned&quot;,
        &quot;QBRecordID&quot;: 0,
        &quot;Third_Party_Dependant_For_Conne&quot;: null,
        &quot;Latitude&quot;: -25.74314603,
        &quot;Longitude&quot;: 28.24024547
      }
    },
    {
      &quot;attributes&quot;: {
        &quot;Precincts&quot;: &quot;Hatfield (Phase 3)&quot;,
        &quot;Quickbase_Status&quot;: &quot;Planned&quot;,
        &quot;QBRecordID&quot;: 0,
        &quot;Third_Party_Dependant_For_Conne&quot;: null,
        &quot;Latitude&quot;: -25.74328954,
        &quot;Longitude&quot;: 28.24025097
      }
    },
    {
      &quot;attributes&quot;: {
        &quot;Precincts&quot;: &quot;Hatfield (Phase 3)&quot;,
        &quot;Quickbase_Status&quot;: &quot;Planned&quot;,
        &quot;QBRecordID&quot;: 0,
        &quot;Third_Party_Dependant_For_Conne&quot;: null,
        &quot;Latitude&quot;: -25.74334134,
        &quot;Longitude&quot;: 28.24034411
      }
    },
    {
      &quot;attributes&quot;: {
        &quot;Precincts&quot;: &quot;Hatfield (Phase 3)&quot;,
        &quot;Quickbase_Status&quot;: &quot;Planned&quot;,
        &quot;QBRecordID&quot;: 0,
        &quot;Third_Party_Dependant_For_Conne&quot;: null,
        &quot;Latitude&quot;: -25.74310429,
        &quot;Longitude&quot;: 28.23928304
      }
    },
    {
      &quot;attributes&quot;: {
        &quot;Precincts&quot;: &quot;Hatfield (Phase 3)&quot;,
        &quot;Quickbase_Status&quot;: &quot;Planned&quot;,
        &quot;QBRecordID&quot;: 0,
        &quot;Third_Party_Dependant_For_Conne&quot;: null,
        &quot;Latitude&quot;: -25.74321064,
        &quot;Longitude&quot;: 28.23998549
      }
    },
    {
      &quot;attributes&quot;: {
        &quot;Precincts&quot;: &quot;Hatfield (Phase 3)&quot;,
        &quot;Quickbase_Status&quot;: &quot;Planned&quot;,
        &quot;QBRecordID&quot;: 0,
        &quot;Third_Party_Dependant_For_Conne&quot;: null,
        &quot;Latitude&quot;: -25.74379318,
        &quot;Longitude&quot;: 28.24023371
      }
    },
    {
      &quot;attributes&quot;: {
        &quot;Precincts&quot;: &quot;Hatfield (Phase 3)&quot;,
        &quot;Quickbase_Status&quot;: &quot;Planned&quot;,
        &quot;QBRecordID&quot;: 0,
        &quot;Third_Party_Dependant_For_Conne&quot;: null,
        &quot;Latitude&quot;: -25.74323783,
        &quot;Longitude&quot;: 28.23921995
      }
    },
    {
      &quot;attributes&quot;: {
        &quot;Precincts&quot;: &quot;Hatfield (Phase 3)&quot;,
        &quot;Quickbase_Status&quot;: &quot;Planned&quot;,
        &quot;QBRecordID&quot;: 0,
        &quot;Third_Party_Dependant_For_Conne&quot;: null,
        &quot;Latitude&quot;: -25.7433213,
        &quot;Longitude&quot;: 28.24056051
      }
    },
    {
      &quot;attributes&quot;: {
        &quot;Precincts&quot;: &quot;Hatfield (Phase 3)&quot;,
        &quot;Quickbase_Status&quot;: &quot;Planned&quot;,
        &quot;QBRecordID&quot;: 0,
        &quot;Third_Party_Dependant_For_Conne&quot;: null,
        &quot;Latitude&quot;: -25.74316236,
        &quot;Longitude&quot;: 28.24097743
      }
    },
    {
      &quot;attributes&quot;: {
        &quot;Precincts&quot;: &quot;Hatfield (Phase 3)&quot;,
        &quot;Quickbase_Status&quot;: &quot;Planned&quot;,
        &quot;QBRecordID&quot;: 0,
        &quot;Third_Party_Dependant_For_Conne&quot;: null,
        &quot;Latitude&quot;: -25.74179429,
        &quot;Longitude&quot;: 28.24103407
      }
    },
    {
      &quot;attributes&quot;: {
        &quot;Precincts&quot;: &quot;Hatfield (Phase 3)&quot;,
        &quot;Quickbase_Status&quot;: &quot;Planned&quot;,
        &quot;QBRecordID&quot;: 0,
        &quot;Third_Party_Dependant_For_Conne&quot;: null,
        &quot;Latitude&quot;: -25.74167492,
        &quot;Longitude&quot;: 28.24146832
      }
    },
    {
      &quot;attributes&quot;: {
        &quot;Precincts&quot;: &quot;Hatfield (Phase 3)&quot;,
        &quot;Quickbase_Status&quot;: &quot;Planned&quot;,
        &quot;QBRecordID&quot;: 0,
        &quot;Third_Party_Dependant_For_Conne&quot;: null,
        &quot;Latitude&quot;: -25.74175421,
        &quot;Longitude&quot;: 28.24119065
      }
    },
    {
      &quot;attributes&quot;: {
        &quot;Precincts&quot;: &quot;Hatfield (Phase 3)&quot;,
        &quot;Quickbase_Status&quot;: &quot;Planned&quot;,
        &quot;QBRecordID&quot;: 0,
        &quot;Third_Party_Dependant_For_Conne&quot;: null,
        &quot;Latitude&quot;: -25.74166321,
        &quot;Longitude&quot;: 28.24130158
      }
    },
    {
      &quot;attributes&quot;: {
        &quot;Precincts&quot;: &quot;Brooklyn&quot;,
        &quot;Quickbase_Status&quot;: &quot;Planned&quot;,
        &quot;QBRecordID&quot;: 0,
        &quot;Third_Party_Dependant_For_Conne&quot;: null,
        &quot;Latitude&quot;: -25.77214415,
        &quot;Longitude&quot;: 28.23668661
      }
    },
    {
      &quot;attributes&quot;: {
        &quot;Precincts&quot;: &quot;Brooklyn&quot;,
        &quot;Quickbase_Status&quot;: &quot;Planned&quot;,
        &quot;QBRecordID&quot;: 0,
        &quot;Third_Party_Dependant_For_Conne&quot;: null,
        &quot;Latitude&quot;: -25.77150594,
        &quot;Longitude&quot;: 28.23654135
      }
    },
    {
      &quot;attributes&quot;: {
        &quot;Precincts&quot;: &quot;Brooklyn&quot;,
        &quot;Quickbase_Status&quot;: &quot;Planned&quot;,
        &quot;QBRecordID&quot;: 0,
        &quot;Third_Party_Dependant_For_Conne&quot;: null,
        &quot;Latitude&quot;: -25.77142713,
        &quot;Longitude&quot;: 28.23665404
      }
    },
    {
      &quot;attributes&quot;: {
        &quot;Precincts&quot;: &quot;Brooklyn&quot;,
        &quot;Quickbase_Status&quot;: &quot;Planned&quot;,
        &quot;QBRecordID&quot;: 0,
        &quot;Third_Party_Dependant_For_Conne&quot;: null,
        &quot;Latitude&quot;: -25.76991606,
        &quot;Longitude&quot;: 28.23440668
      }
    },
    {
      &quot;attributes&quot;: {
        &quot;Precincts&quot;: &quot;Brooklyn&quot;,
        &quot;Quickbase_Status&quot;: &quot;Planned&quot;,
        &quot;QBRecordID&quot;: 0,
        &quot;Third_Party_Dependant_For_Conne&quot;: null,
        &quot;Latitude&quot;: -25.76939383,
        &quot;Longitude&quot;: 28.23479702
      }
    },
    {
      &quot;attributes&quot;: {
        &quot;Precincts&quot;: &quot;Brooklyn&quot;,
        &quot;Quickbase_Status&quot;: &quot;Planned&quot;,
        &quot;QBRecordID&quot;: 0,
        &quot;Third_Party_Dependant_For_Conne&quot;: null,
        &quot;Latitude&quot;: -25.76942453,
        &quot;Longitude&quot;: 28.23485713
      }
    },
    {
      &quot;attributes&quot;: {
        &quot;Precincts&quot;: &quot;Brooklyn&quot;,
        &quot;Quickbase_Status&quot;: &quot;Planned&quot;,
        &quot;QBRecordID&quot;: 0,
        &quot;Third_Party_Dependant_For_Conne&quot;: null,
        &quot;Latitude&quot;: -25.76932248,
        &quot;Longitude&quot;: 28.23479365
      }
    },
    {
      &quot;attributes&quot;: {
        &quot;Precincts&quot;: &quot;Brooklyn&quot;,
        &quot;Quickbase_Status&quot;: &quot;Planned&quot;,
        &quot;QBRecordID&quot;: 0,
        &quot;Third_Party_Dependant_For_Conne&quot;: null,
        &quot;Latitude&quot;: -25.76983096,
        &quot;Longitude&quot;: 28.23468121
      }
    },
    {
      &quot;attributes&quot;: {
        &quot;Precincts&quot;: &quot;Hatfield (Phase 3)&quot;,
        &quot;Quickbase_Status&quot;: &quot;Planned&quot;,
        &quot;QBRecordID&quot;: 0,
        &quot;Third_Party_Dependant_For_Conne&quot;: null,
        &quot;Latitude&quot;: -25.74360848,
        &quot;Longitude&quot;: 28.23914466
      }
    },
    {
      &quot;attributes&quot;: {
        &quot;Precincts&quot;: &quot;Ashley Gardens&quot;,
        &quot;Quickbase_Status&quot;: &quot;Planned&quot;,
        &quot;QBRecordID&quot;: 0,
        &quot;Third_Party_Dependant_For_Conne&quot;: null,
        &quot;Latitude&quot;: -25.78813779,
        &quot;Longitude&quot;: 28.26614047
      }
    },
    {
      &quot;attributes&quot;: {
        &quot;Precincts&quot;: &quot;Brooklyn&quot;,
        &quot;Quickbase_Status&quot;: &quot;Planned&quot;,
        &quot;QBRecordID&quot;: 0,
        &quot;Third_Party_Dependant_For_Conne&quot;: null,
        &quot;Latitude&quot;: -25.76929128,
        &quot;Longitude&quot;: 28.23507527
      }
    },
    {
      &quot;attributes&quot;: {
        &quot;Precincts&quot;: &quot;Persequor Park&quot;,
        &quot;Quickbase_Status&quot;: &quot;Planned&quot;,
        &quot;QBRecordID&quot;: 0,
        &quot;Third_Party_Dependant_For_Conne&quot;: null,
        &quot;Latitude&quot;: -25.73877278,
        &quot;Longitude&quot;: 28.2723138
      }
    },
    {
      &quot;attributes&quot;: {
        &quot;Precincts&quot;: &quot;Persequor Park&quot;,
        &quot;Quickbase_Status&quot;: &quot;Planned&quot;,
        &quot;QBRecordID&quot;: 0,
        &quot;Third_Party_Dependant_For_Conne&quot;: null,
        &quot;Latitude&quot;: -25.73266026,
        &quot;Longitude&quot;: 28.27194095
      }
    },
    {
      &quot;attributes&quot;: {
        &quot;Precincts&quot;: &quot;Persequor Park&quot;,
        &quot;Quickbase_Status&quot;: &quot;Planned&quot;,
        &quot;QBRecordID&quot;: 0,
        &quot;Third_Party_Dependant_For_Conne&quot;: null,
        &quot;Latitude&quot;: -25.73397045,
        &quot;Longitude&quot;: 28.26794819
      }
    },
    {
      &quot;attributes&quot;: {
        &quot;Precincts&quot;: &quot;Persequor Park&quot;,
        &quot;Quickbase_Status&quot;: &quot;Planned&quot;,
        &quot;QBRecordID&quot;: 0,
        &quot;Third_Party_Dependant_For_Conne&quot;: null,
        &quot;Latitude&quot;: -25.73325033,
        &quot;Longitude&quot;: 28.26796073
      }
    },
    {
      &quot;attributes&quot;: {
        &quot;Precincts&quot;: &quot;Persequor Park&quot;,
        &quot;Quickbase_Status&quot;: &quot;Planned&quot;,
        &quot;QBRecordID&quot;: 0,
        &quot;Third_Party_Dependant_For_Conne&quot;: null,
        &quot;Latitude&quot;: -25.73629863,
        &quot;Longitude&quot;: 28.27002342
      }
    },
    {
      &quot;attributes&quot;: {
        &quot;Precincts&quot;: &quot;Persequor Park&quot;,
        &quot;Quickbase_Status&quot;: &quot;Planned&quot;,
        &quot;QBRecordID&quot;: 0,
        &quot;Third_Party_Dependant_For_Conne&quot;: null,
        &quot;Latitude&quot;: -25.73636167,
        &quot;Longitude&quot;: 28.26886908
      }
    },
    {
      &quot;attributes&quot;: {
        &quot;Precincts&quot;: &quot;Persequor Park&quot;,
        &quot;Quickbase_Status&quot;: &quot;Planned&quot;,
        &quot;QBRecordID&quot;: 0,
        &quot;Third_Party_Dependant_For_Conne&quot;: null,
        &quot;Latitude&quot;: -25.73587523,
        &quot;Longitude&quot;: 28.270209
      }
    },
    {
      &quot;attributes&quot;: {
        &quot;Precincts&quot;: &quot;Persequor Park&quot;,
        &quot;Quickbase_Status&quot;: &quot;Planned&quot;,
        &quot;QBRecordID&quot;: 0,
        &quot;Third_Party_Dependant_For_Conne&quot;: null,
        &quot;Latitude&quot;: -25.73596156,
        &quot;Longitude&quot;: 28.27048431
      }
    },
    {
      &quot;attributes&quot;: {
        &quot;Precincts&quot;: &quot;Persequor Park&quot;,
        &quot;Quickbase_Status&quot;: &quot;Planned&quot;,
        &quot;QBRecordID&quot;: 0,
        &quot;Third_Party_Dependant_For_Conne&quot;: null,
        &quot;Latitude&quot;: -25.73618877,
        &quot;Longitude&quot;: 28.26826732
      }
    },
    {
      &quot;attributes&quot;: {
        &quot;Precincts&quot;: &quot;Persequor Park&quot;,
        &quot;Quickbase_Status&quot;: &quot;Planned&quot;,
        &quot;QBRecordID&quot;: 0,
        &quot;Third_Party_Dependant_For_Conne&quot;: null,
        &quot;Latitude&quot;: -25.73606926,
        &quot;Longitude&quot;: 28.2679971
      }
    },
    {
      &quot;attributes&quot;: {
        &quot;Precincts&quot;: &quot;Persequor Park&quot;,
        &quot;Quickbase_Status&quot;: &quot;Planned&quot;,
        &quot;QBRecordID&quot;: 0,
        &quot;Third_Party_Dependant_For_Conne&quot;: null,
        &quot;Latitude&quot;: -25.73593643,
        &quot;Longitude&quot;: 28.2684185
      }
    },
    {
      &quot;attributes&quot;: {
        &quot;Precincts&quot;: &quot;Persequor Park&quot;,
        &quot;Quickbase_Status&quot;: &quot;Planned&quot;,
        &quot;QBRecordID&quot;: 0,
        &quot;Third_Party_Dependant_For_Conne&quot;: null,
        &quot;Latitude&quot;: -25.73581908,
        &quot;Longitude&quot;: 28.26980662
      }
    },
    {
      &quot;attributes&quot;: {
        &quot;Precincts&quot;: &quot;Persequor Park&quot;,
        &quot;Quickbase_Status&quot;: &quot;Planned&quot;,
        &quot;QBRecordID&quot;: 0,
        &quot;Third_Party_Dependant_For_Conne&quot;: null,
        &quot;Latitude&quot;: -25.73599276,
        &quot;Longitude&quot;: 28.27090086
      }
    },
    {
      &quot;attributes&quot;: {
        &quot;Precincts&quot;: &quot;Persequor Park&quot;,
        &quot;Quickbase_Status&quot;: &quot;Planned&quot;,
        &quot;QBRecordID&quot;: 0,
        &quot;Third_Party_Dependant_For_Conne&quot;: null,
        &quot;Latitude&quot;: -25.73575904,
        &quot;Longitude&quot;: 28.26990162
      }
    },
    {
      &quot;attributes&quot;: {
        &quot;Precincts&quot;: &quot;Persequor Park&quot;,
        &quot;Quickbase_Status&quot;: &quot;Planned&quot;,
        &quot;QBRecordID&quot;: 0,
        &quot;Third_Party_Dependant_For_Conne&quot;: null,
        &quot;Latitude&quot;: -25.73586121,
        &quot;Longitude&quot;: 28.26969885
      }
    },
    {
      &quot;attributes&quot;: {
        &quot;Precincts&quot;: &quot;Persequor Park&quot;,
        &quot;Quickbase_Status&quot;: &quot;Planned&quot;,
        &quot;QBRecordID&quot;: 0,
        &quot;Third_Party_Dependant_For_Conne&quot;: null,
        &quot;Latitude&quot;: -25.73315656,
        &quot;Longitude&quot;: 28.26619791
      }
    },
    {
      &quot;attributes&quot;: {
        &quot;Precincts&quot;: &quot;Persequor Park&quot;,
        &quot;Quickbase_Status&quot;: &quot;Planned&quot;,
        &quot;QBRecordID&quot;: 0,
        &quot;Third_Party_Dependant_For_Conne&quot;: null,
        &quot;Latitude&quot;: -25.73321039,
        &quot;Longitude&quot;: 28.26640519
      }
    },
    {
      &quot;attributes&quot;: {
        &quot;Precincts&quot;: &quot;Persequor Park&quot;,
        &quot;Quickbase_Status&quot;: &quot;Planned&quot;,
        &quot;QBRecordID&quot;: 0,
        &quot;Third_Party_Dependant_For_Conne&quot;: null,
        &quot;Latitude&quot;: -25.73232547,
        &quot;Longitude&quot;: 28.26667932
      }
    },
    {
      &quot;attributes&quot;: {
        &quot;Precincts&quot;: &quot;Persequor Park&quot;,
        &quot;Quickbase_Status&quot;: &quot;Planned&quot;,
        &quot;QBRecordID&quot;: 0,
        &quot;Third_Party_Dependant_For_Conne&quot;: null,
        &quot;Latitude&quot;: -25.73250822,
        &quot;Longitude&quot;: 28.26675486
      }
    },
    {
      &quot;attributes&quot;: {
        &quot;Precincts&quot;: &quot;Persequor Park&quot;,
        &quot;Quickbase_Status&quot;: &quot;Planned&quot;,
        &quot;QBRecordID&quot;: 0,
        &quot;Third_Party_Dependant_For_Conne&quot;: null,
        &quot;Latitude&quot;: -25.73271834,
        &quot;Longitude&quot;: 28.26688715
      }
    },
    {
      &quot;attributes&quot;: {
        &quot;Precincts&quot;: &quot;Persequor Park&quot;,
        &quot;Quickbase_Status&quot;: &quot;Planned&quot;,
        &quot;QBRecordID&quot;: 0,
        &quot;Third_Party_Dependant_For_Conne&quot;: null,
        &quot;Latitude&quot;: -25.73273723,
        &quot;Longitude&quot;: 28.26662314
      }
    },
    {
      &quot;attributes&quot;: {
        &quot;Precincts&quot;: &quot;Persequor Park&quot;,
        &quot;Quickbase_Status&quot;: &quot;Planned&quot;,
        &quot;QBRecordID&quot;: 0,
        &quot;Third_Party_Dependant_For_Conne&quot;: null,
        &quot;Latitude&quot;: -25.7328905,
        &quot;Longitude&quot;: 28.26643218
      }
    },
    {
      &quot;attributes&quot;: {
        &quot;Precincts&quot;: &quot;Persequor Park&quot;,
        &quot;Quickbase_Status&quot;: &quot;Planned&quot;,
        &quot;QBRecordID&quot;: 0,
        &quot;Third_Party_Dependant_For_Conne&quot;: null,
        &quot;Latitude&quot;: -25.73316113,
        &quot;Longitude&quot;: 28.26715944
      }
    },
    {
      &quot;attributes&quot;: {
        &quot;Precincts&quot;: &quot;Persequor Park&quot;,
        &quot;Quickbase_Status&quot;: &quot;Planned&quot;,
        &quot;QBRecordID&quot;: 0,
        &quot;Third_Party_Dependant_For_Conne&quot;: null,
        &quot;Latitude&quot;: -25.73216258,
        &quot;Longitude&quot;: 28.26693916
      }
    },
    {
      &quot;attributes&quot;: {
        &quot;Precincts&quot;: &quot;Persequor Park&quot;,
        &quot;Quickbase_Status&quot;: &quot;Planned&quot;,
        &quot;QBRecordID&quot;: 0,
        &quot;Third_Party_Dependant_For_Conne&quot;: null,
        &quot;Latitude&quot;: -25.73202199,
        &quot;Longitude&quot;: 28.26709107
      }
    },
    {
      &quot;attributes&quot;: {
        &quot;Precincts&quot;: &quot;Persequor Park&quot;,
        &quot;Quickbase_Status&quot;: &quot;Planned&quot;,
        &quot;QBRecordID&quot;: 0,
        &quot;Third_Party_Dependant_For_Conne&quot;: null,
        &quot;Latitude&quot;: -25.73332957,
        &quot;Longitude&quot;: 28.26655185
      }
    },
    {
      &quot;attributes&quot;: {
        &quot;Precincts&quot;: &quot;Persequor Park&quot;,
        &quot;Quickbase_Status&quot;: &quot;Planned&quot;,
        &quot;QBRecordID&quot;: 0,
        &quot;Third_Party_Dependant_For_Conne&quot;: null,
        &quot;Latitude&quot;: -25.73335709,
        &quot;Longitude&quot;: 28.26678797
      }
    },
    {
      &quot;attributes&quot;: {
        &quot;Precincts&quot;: &quot;Persequor Park&quot;,
        &quot;Quickbase_Status&quot;: &quot;Planned&quot;,
        &quot;QBRecordID&quot;: 0,
        &quot;Third_Party_Dependant_For_Conne&quot;: null,
        &quot;Latitude&quot;: -25.7327291,
        &quot;Longitude&quot;: 28.26732305
      }
    },
    {
      &quot;attributes&quot;: {
        &quot;Precincts&quot;: &quot;Persequor Park&quot;,
        &quot;Quickbase_Status&quot;: &quot;Planned&quot;,
        &quot;QBRecordID&quot;: 0,
        &quot;Third_Party_Dependant_For_Conne&quot;: null,
        &quot;Latitude&quot;: -25.73296289,
        &quot;Longitude&quot;: 28.26768917
      }
    },
    {
      &quot;attributes&quot;: {
        &quot;Precincts&quot;: &quot;Persequor Park&quot;,
        &quot;Quickbase_Status&quot;: &quot;Planned&quot;,
        &quot;QBRecordID&quot;: 0,
        &quot;Third_Party_Dependant_For_Conne&quot;: null,
        &quot;Latitude&quot;: -25.73272996,
        &quot;Longitude&quot;: 28.26753704
      }
    },
    {
      &quot;attributes&quot;: {
        &quot;Precincts&quot;: &quot;Persequor Park&quot;,
        &quot;Quickbase_Status&quot;: &quot;Planned&quot;,
        &quot;QBRecordID&quot;: 0,
        &quot;Third_Party_Dependant_For_Conne&quot;: null,
        &quot;Latitude&quot;: -25.73312351,
        &quot;Longitude&quot;: 28.26737162
      }
    },
    {
      &quot;attributes&quot;: {
        &quot;Precincts&quot;: &quot;Persequor Park&quot;,
        &quot;Quickbase_Status&quot;: &quot;Planned&quot;,
        &quot;QBRecordID&quot;: 0,
        &quot;Third_Party_Dependant_For_Conne&quot;: null,
        &quot;Latitude&quot;: -25.73223057,
        &quot;Longitude&quot;: 28.267573
      }
    },
    {
      &quot;attributes&quot;: {
        &quot;Precincts&quot;: &quot;Persequor Park&quot;,
        &quot;Quickbase_Status&quot;: &quot;Planned&quot;,
        &quot;QBRecordID&quot;: 0,
        &quot;Third_Party_Dependant_For_Conne&quot;: null,
        &quot;Latitude&quot;: -25.73227302,
        &quot;Longitude&quot;: 28.2677203
      }
    },
    {
      &quot;attributes&quot;: {
        &quot;Precincts&quot;: &quot;Persequor Park&quot;,
        &quot;Quickbase_Status&quot;: &quot;Planned&quot;,
        &quot;QBRecordID&quot;: 0,
        &quot;Third_Party_Dependant_For_Conne&quot;: null,
        &quot;Latitude&quot;: -25.73236079,
        &quot;Longitude&quot;: 28.2679952
      }
    },
    {
      &quot;attributes&quot;: {
        &quot;Precincts&quot;: &quot;Persequor Park&quot;,
        &quot;Quickbase_Status&quot;: &quot;Planned&quot;,
        &quot;QBRecordID&quot;: 0,
        &quot;Third_Party_Dependant_For_Conne&quot;: null,
        &quot;Latitude&quot;: -25.73223536,
        &quot;Longitude&quot;: 28.26784903
      }
    },
    {
      &quot;attributes&quot;: {
        &quot;Precincts&quot;: &quot;Persequor Park&quot;,
        &quot;Quickbase_Status&quot;: &quot;Planned&quot;,
        &quot;QBRecordID&quot;: 0,
        &quot;Third_Party_Dependant_For_Conne&quot;: null,
        &quot;Latitude&quot;: -25.7333045,
        &quot;Longitude&quot;: 28.26769135
      }
    },
    {
      &quot;attributes&quot;: {
        &quot;Precincts&quot;: &quot;Persequor Park&quot;,
        &quot;Quickbase_Status&quot;: &quot;Planned&quot;,
        &quot;QBRecordID&quot;: 0,
        &quot;Third_Party_Dependant_For_Conne&quot;: null,
        &quot;Latitude&quot;: -25.73310972,
        &quot;Longitude&quot;: 28.26797643
      }
    },
    {
      &quot;attributes&quot;: {
        &quot;Precincts&quot;: &quot;Persequor Park&quot;,
        &quot;Quickbase_Status&quot;: &quot;Planned&quot;,
        &quot;QBRecordID&quot;: 0,
        &quot;Third_Party_Dependant_For_Conne&quot;: null,
        &quot;Latitude&quot;: -25.73304054,
        &quot;Longitude&quot;: 28.26677415
      }
    },
    {
      &quot;attributes&quot;: {
        &quot;Precincts&quot;: &quot;Persequor Park&quot;,
        &quot;Quickbase_Status&quot;: &quot;Planned&quot;,
        &quot;QBRecordID&quot;: 0,
        &quot;Third_Party_Dependant_For_Conne&quot;: null,
        &quot;Latitude&quot;: -25.73281067,
        &quot;Longitude&quot;: 28.26837409
      }
    },
    {
      &quot;attributes&quot;: {
        &quot;Precincts&quot;: &quot;Ingersol&quot;,
        &quot;Quickbase_Status&quot;: &quot;Planned&quot;,
        &quot;QBRecordID&quot;: 0,
        &quot;Third_Party_Dependant_For_Conne&quot;: null,
        &quot;Latitude&quot;: -25.78172804,
        &quot;Longitude&quot;: 28.27190589
      }
    },
    {
      &quot;attributes&quot;: {
        &quot;Precincts&quot;: &quot;Ingersol&quot;,
        &quot;Quickbase_Status&quot;: &quot;Planned&quot;,
        &quot;QBRecordID&quot;: 0,
        &quot;Third_Party_Dependant_For_Conne&quot;: null,
        &quot;Latitude&quot;: -25.78212979,
        &quot;Longitude&quot;: 28.27180548
      }
    },
    {
      &quot;attributes&quot;: {
        &quot;Precincts&quot;: &quot;Ingersol&quot;,
        &quot;Quickbase_Status&quot;: &quot;Planned&quot;,
        &quot;QBRecordID&quot;: 0,
        &quot;Third_Party_Dependant_For_Conne&quot;: null,
        &quot;Latitude&quot;: -25.78075172,
        &quot;Longitude&quot;: 28.27371517
      }
    },
    {
      &quot;attributes&quot;: {
        &quot;Precincts&quot;: &quot;Ingersol&quot;,
        &quot;Quickbase_Status&quot;: &quot;Planned&quot;,
        &quot;QBRecordID&quot;: 0,
        &quot;Third_Party_Dependant_For_Conne&quot;: null,
        &quot;Latitude&quot;: -25.7807539,
        &quot;Longitude&quot;: 28.27296683
      }
    },
    {
      &quot;attributes&quot;: {
        &quot;Precincts&quot;: &quot;Highveld Technopark&quot;,
        &quot;Quickbase_Status&quot;: &quot;Planned&quot;,
        &quot;QBRecordID&quot;: 0,
        &quot;Third_Party_Dependant_For_Conne&quot;: null,
        &quot;Latitude&quot;: -25.87883359,
        &quot;Longitude&quot;: 28.18577506
      }
    },
    {
      &quot;attributes&quot;: {
        &quot;Precincts&quot;: &quot;Highveld Technopark&quot;,
        &quot;Quickbase_Status&quot;: &quot;Planned&quot;,
        &quot;QBRecordID&quot;: 0,
        &quot;Third_Party_Dependant_For_Conne&quot;: null,
        &quot;Latitude&quot;: -25.87874921,
        &quot;Longitude&quot;: 28.18556541
      }
    },
    {
      &quot;attributes&quot;: {
        &quot;Precincts&quot;: &quot;Highveld Technopark&quot;,
        &quot;Quickbase_Status&quot;: &quot;Planned&quot;,
        &quot;QBRecordID&quot;: 0,
        &quot;Third_Party_Dependant_For_Conne&quot;: null,
        &quot;Latitude&quot;: -25.87752497,
        &quot;Longitude&quot;: 28.18433816
      }
    },
    {
      &quot;attributes&quot;: {
        &quot;Precincts&quot;: &quot;Highveld Technopark&quot;,
        &quot;Quickbase_Status&quot;: &quot;Planned&quot;,
        &quot;QBRecordID&quot;: 0,
        &quot;Third_Party_Dependant_For_Conne&quot;: null,
        &quot;Latitude&quot;: -25.87750318,
        &quot;Longitude&quot;: 28.18479664
      }
    },
    {
      &quot;attributes&quot;: {
        &quot;Precincts&quot;: &quot;Highveld Technopark&quot;,
        &quot;Quickbase_Status&quot;: &quot;Planned&quot;,
        &quot;QBRecordID&quot;: 0,
        &quot;Third_Party_Dependant_For_Conne&quot;: null,
        &quot;Latitude&quot;: -25.8782458,
        &quot;Longitude&quot;: 28.18616234
      }
    },
    {
      &quot;attributes&quot;: {
        &quot;Precincts&quot;: &quot;Highveld Technopark&quot;,
        &quot;Quickbase_Status&quot;: &quot;Planned&quot;,
        &quot;QBRecordID&quot;: 0,
        &quot;Third_Party_Dependant_For_Conne&quot;: null,
        &quot;Latitude&quot;: -25.87836436,
        &quot;Longitude&quot;: 28.18589436
      }
    },
    {
      &quot;attributes&quot;: {
        &quot;Precincts&quot;: &quot;James Crescent&quot;,
        &quot;Quickbase_Status&quot;: &quot;Planned&quot;,
        &quot;QBRecordID&quot;: 0,
        &quot;Third_Party_Dependant_For_Conne&quot;: null,
        &quot;Latitude&quot;: -26.00220242,
        &quot;Longitude&quot;: 28.12512661
      }
    },
    {
      &quot;attributes&quot;: {
        &quot;Precincts&quot;: &quot;Richards Drive&quot;,
        &quot;Quickbase_Status&quot;: &quot;Planned&quot;,
        &quot;QBRecordID&quot;: 0,
        &quot;Third_Party_Dependant_For_Conne&quot;: null,
        &quot;Latitude&quot;: -26.01240758,
        &quot;Longitude&quot;: 28.12161305
      }
    },
    {
      &quot;attributes&quot;: {
        &quot;Precincts&quot;: &quot;Richards Drive&quot;,
        &quot;Quickbase_Status&quot;: &quot;Planned&quot;,
        &quot;QBRecordID&quot;: 0,
        &quot;Third_Party_Dependant_For_Conne&quot;: null,
        &quot;Latitude&quot;: -26.01492502,
        &quot;Longitude&quot;: 28.11977089
      }
    },
    {
      &quot;attributes&quot;: {
        &quot;Precincts&quot;: &quot;Richards Drive&quot;,
        &quot;Quickbase_Status&quot;: &quot;Planned&quot;,
        &quot;QBRecordID&quot;: 0,
        &quot;Third_Party_Dependant_For_Conne&quot;: null,
        &quot;Latitude&quot;: -26.01625779,
        &quot;Longitude&quot;: 28.11896132
      }
    },
    {
      &quot;attributes&quot;: {
        &quot;Precincts&quot;: &quot;Richards Drive&quot;,
        &quot;Quickbase_Status&quot;: &quot;Planned&quot;,
        &quot;QBRecordID&quot;: 0,
        &quot;Third_Party_Dependant_For_Conne&quot;: null,
        &quot;Latitude&quot;: -26.01473204,
        &quot;Longitude&quot;: 28.11917145
      }
    },
    {
      &quot;attributes&quot;: {
        &quot;Precincts&quot;: &quot;Richards Drive&quot;,
        &quot;Quickbase_Status&quot;: &quot;Planned&quot;,
        &quot;QBRecordID&quot;: 0,
        &quot;Third_Party_Dependant_For_Conne&quot;: null,
        &quot;Latitude&quot;: -26.01475955,
        &quot;Longitude&quot;: 28.11935483
      }
    },
    {
      &quot;attributes&quot;: {
        &quot;Precincts&quot;: &quot;Richards Drive&quot;,
        &quot;Quickbase_Status&quot;: &quot;Planned&quot;,
        &quot;QBRecordID&quot;: 0,
        &quot;Third_Party_Dependant_For_Conne&quot;: null,
        &quot;Latitude&quot;: -26.0148974,
        &quot;Longitude&quot;: 28.11952958
      }
    },
    {
      &quot;attributes&quot;: {
        &quot;Precincts&quot;: &quot;Capital Hill&quot;,
        &quot;Quickbase_Status&quot;: &quot;Planned&quot;,
        &quot;QBRecordID&quot;: 0,
        &quot;Third_Party_Dependant_For_Conne&quot;: null,
        &quot;Latitude&quot;: -26.01249967,
        &quot;Longitude&quot;: 28.12642547
      }
    },
    {
      &quot;attributes&quot;: {
        &quot;Precincts&quot;: &quot;Capital Hill&quot;,
        &quot;Quickbase_Status&quot;: &quot;Planned&quot;,
        &quot;QBRecordID&quot;: 0,
        &quot;Third_Party_Dependant_For_Conne&quot;: null,
        &quot;Latitude&quot;: -26.00750783,
        &quot;Longitude&quot;: 28.13097417
      }
    },
    {
      &quot;attributes&quot;: {
        &quot;Precincts&quot;: &quot;Capital Hill&quot;,
        &quot;Quickbase_Status&quot;: &quot;Planned&quot;,
        &quot;QBRecordID&quot;: 0,
        &quot;Third_Party_Dependant_For_Conne&quot;: null,
        &quot;Latitude&quot;: -26.0075825,
        &quot;Longitude&quot;: 28.13013577
      }
    },
    {
      &quot;attributes&quot;: {
        &quot;Precincts&quot;: &quot;Capital Hill&quot;,
        &quot;Quickbase_Status&quot;: &quot;Planned&quot;,
        &quot;QBRecordID&quot;: 0,
        &quot;Third_Party_Dependant_For_Conne&quot;: null,
        &quot;Latitude&quot;: -26.00807458,
        &quot;Longitude&quot;: 28.13073264
      }
    },
    {
      &quot;attributes&quot;: {
        &quot;Precincts&quot;: &quot;Richards Drive&quot;,
        &quot;Quickbase_Status&quot;: &quot;Planned&quot;,
        &quot;QBRecordID&quot;: 0,
        &quot;Third_Party_Dependant_For_Conne&quot;: null,
        &quot;Latitude&quot;: -26.0150427,
        &quot;Longitude&quot;: 28.1201678
      }
    },
    {
      &quot;attributes&quot;: {
        &quot;Precincts&quot;: &quot;Capital Hill&quot;,
        &quot;Quickbase_Status&quot;: &quot;Planned&quot;,
        &quot;QBRecordID&quot;: 0,
        &quot;Third_Party_Dependant_For_Conne&quot;: null,
        &quot;Latitude&quot;: -26.00695557,
        &quot;Longitude&quot;: 28.13057505
      }
    },
    {
      &quot;attributes&quot;: {
        &quot;Precincts&quot;: &quot;Richards Drive&quot;,
        &quot;Quickbase_Status&quot;: &quot;Planned&quot;,
        &quot;QBRecordID&quot;: 0,
        &quot;Third_Party_Dependant_For_Conne&quot;: null,
        &quot;Latitude&quot;: -26.01241693,
        &quot;Longitude&quot;: 28.12279866
      }
    },
    {
      &quot;attributes&quot;: {
        &quot;Precincts&quot;: &quot;Witch-Hazel&quot;,
        &quot;Quickbase_Status&quot;: &quot;Planned&quot;,
        &quot;QBRecordID&quot;: 0,
        &quot;Third_Party_Dependant_For_Conne&quot;: null,
        &quot;Latitude&quot;: -25.87468721,
        &quot;Longitude&quot;: 28.1804503
      }
    },
    {
      &quot;attributes&quot;: {
        &quot;Precincts&quot;: &quot;Witch-Hazel&quot;,
        &quot;Quickbase_Status&quot;: &quot;Planned&quot;,
        &quot;QBRecordID&quot;: 0,
        &quot;Third_Party_Dependant_For_Conne&quot;: null,
        &quot;Latitude&quot;: -25.87348689,
        &quot;Longitude&quot;: 28.18222236
      }
    },
    {
      &quot;attributes&quot;: {
        &quot;Precincts&quot;: &quot;Witch-Hazel&quot;,
        &quot;Quickbase_Status&quot;: &quot;Planned&quot;,
        &quot;QBRecordID&quot;: 0,
        &quot;Third_Party_Dependant_For_Conne&quot;: null,
        &quot;Latitude&quot;: -25.87340596,
        &quot;Longitude&quot;: 28.18196064
      }
    },
    {
      &quot;attributes&quot;: {
        &quot;Precincts&quot;: &quot;Centurion Gautrain Station&quot;,
        &quot;Quickbase_Status&quot;: &quot;Planned&quot;,
        &quot;QBRecordID&quot;: 0,
        &quot;Third_Party_Dependant_For_Conne&quot;: null,
        &quot;Latitude&quot;: -25.84923931,
        &quot;Longitude&quot;: 28.18856522
      }
    },
    {
      &quot;attributes&quot;: {
        &quot;Precincts&quot;: &quot;Waterfall Office Park&quot;,
        &quot;Quickbase_Status&quot;: &quot;Planned&quot;,
        &quot;QBRecordID&quot;: 92439,
        &quot;Third_Party_Dependant_For_Conne&quot;: null,
        &quot;Latitude&quot;: -26.01063393,
        &quot;Longitude&quot;: 28.1139616
      }
    },
    {
      &quot;attributes&quot;: {
        &quot;Precincts&quot;: &quot;CPT CBD Phase 01&quot;,
        &quot;Quickbase_Status&quot;: &quot;Planned&quot;,
        &quot;QBRecordID&quot;: 3826,
        &quot;Third_Party_Dependant_For_Conne&quot;: null,
        &quot;Latitude&quot;: -33.91920232,
        &quot;Longitude&quot;: 18.42530376
      }
    },
    {
      &quot;attributes&quot;: {
        &quot;Precincts&quot;: &quot;Central Street&quot;,
        &quot;Quickbase_Status&quot;: &quot;Planned&quot;,
        &quot;QBRecordID&quot;: 836,
        &quot;Third_Party_Dependant_For_Conne&quot;: null,
        &quot;Latitude&quot;: -26.15973477,
        &quot;Longitude&quot;: 28.05801581
      }
    },
    {
      &quot;attributes&quot;: {
        &quot;Precincts&quot;: &quot;Arden Grove&quot;,
        &quot;Quickbase_Status&quot;: &quot;Planned&quot;,
        &quot;QBRecordID&quot;: 3540,
        &quot;Third_Party_Dependant_For_Conne&quot;: null,
        &quot;Latitude&quot;: -33.8622594,
        &quot;Longitude&quot;: 18.51380711
      }
    },
    {
      &quot;attributes&quot;: {
        &quot;Precincts&quot;: &quot;Arden Grove&quot;,
        &quot;Quickbase_Status&quot;: &quot;Planned&quot;,
        &quot;QBRecordID&quot;: 4050,
        &quot;Third_Party_Dependant_For_Conne&quot;: null,
        &quot;Latitude&quot;: -33.86813658,
        &quot;Longitude&quot;: 18.51295824
      }
    },
    {
      &quot;attributes&quot;: {
        &quot;Precincts&quot;: &quot;Richards Drive&quot;,
        &quot;Quickbase_Status&quot;: &quot;Planned&quot;,
        &quot;QBRecordID&quot;: 2988,
        &quot;Third_Party_Dependant_For_Conne&quot;: null,
        &quot;Latitude&quot;: -26.01214016,
        &quot;Longitude&quot;: 28.12240363
      }
    },
    {
      &quot;attributes&quot;: {
        &quot;Precincts&quot;: &quot;Route 21 Office Park&quot;,
        &quot;Quickbase_Status&quot;: &quot;Planned&quot;,
        &quot;QBRecordID&quot;: 3931,
        &quot;Third_Party_Dependant_For_Conne&quot;: null,
        &quot;Latitude&quot;: -25.8622775,
        &quot;Longitude&quot;: 28.25608028
      }
    },
    {
      &quot;attributes&quot;: {
        &quot;Precincts&quot;: &quot;Sandton Phase 2&quot;,
        &quot;Quickbase_Status&quot;: &quot;Planned&quot;,
        &quot;QBRecordID&quot;: 2960,
        &quot;Third_Party_Dependant_For_Conne&quot;: null,
        &quot;Latitude&quot;: -26.10470637,
        &quot;Longitude&quot;: 28.05277062
      }
    },
    {
      &quot;attributes&quot;: {
        &quot;Precincts&quot;: &quot;Sandton Phase 2&quot;,
        &quot;Quickbase_Status&quot;: &quot;Planned&quot;,
        &quot;QBRecordID&quot;: 2951,
        &quot;Third_Party_Dependant_For_Conne&quot;: null,
        &quot;Latitude&quot;: -26.10514129,
        &quot;Longitude&quot;: 28.05405698
      }
    },
    {
      &quot;attributes&quot;: {
        &quot;Precincts&quot;: &quot;Rosebank Phase 1&quot;,
        &quot;Quickbase_Status&quot;: &quot;Planned&quot;,
        &quot;QBRecordID&quot;: 3987,
        &quot;Third_Party_Dependant_For_Conne&quot;: null,
        &quot;Latitude&quot;: -26.14537725,
        &quot;Longitude&quot;: 28.03836958
      }
    },
    {
      &quot;attributes&quot;: {
        &quot;Precincts&quot;: &quot;Rosebank Phase 2&quot;,
        &quot;Quickbase_Status&quot;: &quot;Planned&quot;,
        &quot;QBRecordID&quot;: 3512,
        &quot;Third_Party_Dependant_For_Conne&quot;: null,
        &quot;Latitude&quot;: -26.1487962,
        &quot;Longitude&quot;: 28.04009483
      }
    },
    {
      &quot;attributes&quot;: {
        &quot;Precincts&quot;: &quot;CPT CBD Phase 02&quot;,
        &quot;Quickbase_Status&quot;: &quot;Planned&quot;,
        &quot;QBRecordID&quot;: 3840,
        &quot;Third_Party_Dependant_For_Conne&quot;: null,
        &quot;Latitude&quot;: -33.92258874,
        &quot;Longitude&quot;: 18.43327179
      }
    },
    {
      &quot;attributes&quot;: {
        &quot;Precincts&quot;: &quot;CPT CBD Phase 01&quot;,
        &quot;Quickbase_Status&quot;: &quot;Planned&quot;,
        &quot;QBRecordID&quot;: 3068,
        &quot;Third_Party_Dependant_For_Conne&quot;: null,
        &quot;Latitude&quot;: -33.91829549,
        &quot;Longitude&quot;: 18.42492915
      }
    },
    {
      &quot;attributes&quot;: {
        &quot;Precincts&quot;: &quot;Bryanston Extension&quot;,
        &quot;Quickbase_Status&quot;: &quot;Planned&quot;,
        &quot;QBRecordID&quot;: 2268,
        &quot;Third_Party_Dependant_For_Conne&quot;: null,
        &quot;Latitude&quot;: -26.05029784,
        &quot;Longitude&quot;: 28.02062398
      }
    },
    {
      &quot;attributes&quot;: {
        &quot;Precincts&quot;: &quot;Sandton Phase 1&quot;,
        &quot;Quickbase_Status&quot;: &quot;Planned&quot;,
        &quot;QBRecordID&quot;: 4162,
        &quot;Third_Party_Dependant_For_Conne&quot;: null,
        &quot;Latitude&quot;: -26.09910978,
        &quot;Longitude&quot;: 28.05290729
      }
    },
    {
      &quot;attributes&quot;: {
        &quot;Precincts&quot;: &quot;Bruma Lake&quot;,
        &quot;Quickbase_Status&quot;: &quot;Planned&quot;,
        &quot;QBRecordID&quot;: 982,
        &quot;Third_Party_Dependant_For_Conne&quot;: null,
        &quot;Latitude&quot;: -26.18041905,
        &quot;Longitude&quot;: 28.10561123
      }
    },
    {
      &quot;attributes&quot;: {
        &quot;Precincts&quot;: &quot;Bruma Lake&quot;,
        &quot;Quickbase_Status&quot;: &quot;Planned&quot;,
        &quot;QBRecordID&quot;: 976,
        &quot;Third_Party_Dependant_For_Conne&quot;: null,
        &quot;Latitude&quot;: -26.18229153,
        &quot;Longitude&quot;: 28.10583334
      }
    },
    {
      &quot;attributes&quot;: {
        &quot;Precincts&quot;: &quot;Charles Crescent&quot;,
        &quot;Quickbase_Status&quot;: &quot;Planned&quot;,
        &quot;QBRecordID&quot;: 949,
        &quot;Third_Party_Dependant_For_Conne&quot;: null,
        &quot;Latitude&quot;: -26.09288842,
        &quot;Longitude&quot;: 28.08315085
      }
    },
    {
      &quot;attributes&quot;: {
        &quot;Precincts&quot;: &quot;Arden Grove&quot;,
        &quot;Quickbase_Status&quot;: &quot;Planned&quot;,
        &quot;QBRecordID&quot;: 1627,
        &quot;Third_Party_Dependant_For_Conne&quot;: null,
        &quot;Latitude&quot;: -33.8632174,
        &quot;Longitude&quot;: 18.51223542
      }
    },
    {
      &quot;attributes&quot;: {
        &quot;Precincts&quot;: &quot;Arden Grove&quot;,
        &quot;Quickbase_Status&quot;: &quot;Planned&quot;,
        &quot;QBRecordID&quot;: 1585,
        &quot;Third_Party_Dependant_For_Conne&quot;: null,
        &quot;Latitude&quot;: -33.8627431,
        &quot;Longitude&quot;: 18.51173697
      }
    },
    {
      &quot;attributes&quot;: {
        &quot;Precincts&quot;: &quot;Arden Grove&quot;,
        &quot;Quickbase_Status&quot;: &quot;Planned&quot;,
        &quot;QBRecordID&quot;: 1569,
        &quot;Third_Party_Dependant_For_Conne&quot;: null,
        &quot;Latitude&quot;: -33.86448633,
        &quot;Longitude&quot;: 18.5124977
      }
    },
    {
      &quot;attributes&quot;: {
        &quot;Precincts&quot;: &quot;Arden Grove&quot;,
        &quot;Quickbase_Status&quot;: &quot;Planned&quot;,
        &quot;QBRecordID&quot;: 1599,
        &quot;Third_Party_Dependant_For_Conne&quot;: null,
        &quot;Latitude&quot;: -33.86811394,
        &quot;Longitude&quot;: 18.5103383
      }
    },
    {
      &quot;attributes&quot;: {
        &quot;Precincts&quot;: &quot;Umhlanga (Phase 3)&quot;,
        &quot;Quickbase_Status&quot;: &quot;Planned&quot;,
        &quot;QBRecordID&quot;: 2799,
        &quot;Third_Party_Dependant_For_Conne&quot;: null,
        &quot;Latitude&quot;: -29.74496663,
        &quot;Longitude&quot;: 31.06765808
      }
    },
    {
      &quot;attributes&quot;: {
        &quot;Precincts&quot;: &quot;Umhlanga (Phase 3)&quot;,
        &quot;Quickbase_Status&quot;: &quot;Planned&quot;,
        &quot;QBRecordID&quot;: 2776,
        &quot;Third_Party_Dependant_For_Conne&quot;: null,
        &quot;Latitude&quot;: -29.73625898,
        &quot;Longitude&quot;: 31.06940957
      }
    },
    {
      &quot;attributes&quot;: {
        &quot;Precincts&quot;: &quot;Sunninghill&quot;,
        &quot;Quickbase_Status&quot;: &quot;Planned&quot;,
        &quot;QBRecordID&quot;: 4094,
        &quot;Third_Party_Dependant_For_Conne&quot;: null,
        &quot;Latitude&quot;: -26.0354923,
        &quot;Longitude&quot;: 28.06594241
      }
    },
    {
      &quot;attributes&quot;: {
        &quot;Precincts&quot;: &quot;Katherine Extension&quot;,
        &quot;Quickbase_Status&quot;: &quot;Planned&quot;,
        &quot;QBRecordID&quot;: 1338,
        &quot;Third_Party_Dependant_For_Conne&quot;: null,
        &quot;Latitude&quot;: -26.10366242,
        &quot;Longitude&quot;: 28.0701964
      }
    },
    {
      &quot;attributes&quot;: {
        &quot;Precincts&quot;: &quot;Route 21 Office Park&quot;,
        &quot;Quickbase_Status&quot;: &quot;Planned&quot;,
        &quot;QBRecordID&quot;: 1950,
        &quot;Third_Party_Dependant_For_Conne&quot;: null,
        &quot;Latitude&quot;: -25.86280693,
        &quot;Longitude&quot;: 28.25831552
      }
    },
    {
      &quot;attributes&quot;: {
        &quot;Precincts&quot;: &quot;Route 21 Office Park&quot;,
        &quot;Quickbase_Status&quot;: &quot;Planned&quot;,
        &quot;QBRecordID&quot;: 2101,
        &quot;Third_Party_Dependant_For_Conne&quot;: null,
        &quot;Latitude&quot;: -25.86508062,
        &quot;Longitude&quot;: 28.25815987
      }
    },
    {
      &quot;attributes&quot;: {
        &quot;Precincts&quot;: &quot;Morningside&quot;,
        &quot;Quickbase_Status&quot;: &quot;Planned&quot;,
        &quot;QBRecordID&quot;: 1517,
        &quot;Third_Party_Dependant_For_Conne&quot;: null,
        &quot;Latitude&quot;: -26.07419425,
        &quot;Longitude&quot;: 28.06465364
      }
    },
    {
      &quot;attributes&quot;: {
        &quot;Precincts&quot;: &quot;Tygervalley&quot;,
        &quot;Quickbase_Status&quot;: &quot;Planned&quot;,
        &quot;QBRecordID&quot;: 2572,
        &quot;Third_Party_Dependant_For_Conne&quot;: null,
        &quot;Latitude&quot;: -33.8802619,
        &quot;Longitude&quot;: 18.63633976
      }
    },
    {
      &quot;attributes&quot;: {
        &quot;Precincts&quot;: &quot;Wierda Road&quot;,
        &quot;Quickbase_Status&quot;: &quot;Planned&quot;,
        &quot;QBRecordID&quot;: 351,
        &quot;Third_Party_Dependant_For_Conne&quot;: null,
        &quot;Latitude&quot;: -26.11308544,
        &quot;Longitude&quot;: 28.0581488
      }
    },
    {
      &quot;attributes&quot;: {
        &quot;Precincts&quot;: &quot;Sandton Phase 2&quot;,
        &quot;Quickbase_Status&quot;: &quot;Planned&quot;,
        &quot;QBRecordID&quot;: 3885,
        &quot;Third_Party_Dependant_For_Conne&quot;: null,
        &quot;Latitude&quot;: -26.10161087,
        &quot;Longitude&quot;: 28.04962331
      }
    },
    {
      &quot;attributes&quot;: {
        &quot;Precincts&quot;: &quot;Rosebank Phase 1&quot;,
        &quot;Quickbase_Status&quot;: &quot;Planned&quot;,
        &quot;QBRecordID&quot;: 3988,
        &quot;Third_Party_Dependant_For_Conne&quot;: null,
        &quot;Latitude&quot;: -26.14353828,
        &quot;Longitude&quot;: 28.03621627
      }
    },
    {
      &quot;attributes&quot;: {
        &quot;Precincts&quot;: &quot;Peter Place&quot;,
        &quot;Quickbase_Status&quot;: &quot;Planned&quot;,
        &quot;QBRecordID&quot;: 444,
        &quot;Third_Party_Dependant_For_Conne&quot;: null,
        &quot;Latitude&quot;: -26.07929253,
        &quot;Longitude&quot;: 28.01377378
      }
    },
    {
      &quot;attributes&quot;: {
        &quot;Precincts&quot;: &quot;Rosebank Phase 2&quot;,
        &quot;Quickbase_Status&quot;: &quot;Planned&quot;,
        &quot;QBRecordID&quot;: 3997,
        &quot;Third_Party_Dependant_For_Conne&quot;: null,
        &quot;Latitude&quot;: -26.14666126,
        &quot;Longitude&quot;: 28.03670068
      }
    },
    {
      &quot;attributes&quot;: {
        &quot;Precincts&quot;: &quot;Centurion Gautrain Station&quot;,
        &quot;Quickbase_Status&quot;: &quot;Planned&quot;,
        &quot;QBRecordID&quot;: 3435,
        &quot;Third_Party_Dependant_For_Conne&quot;: null,
        &quot;Latitude&quot;: -25.85378631,
        &quot;Longitude&quot;: 28.19152391
      }
    },
    {
      &quot;attributes&quot;: {
        &quot;Precincts&quot;: &quot;Centurion Gautrain Station&quot;,
        &quot;Quickbase_Status&quot;: &quot;Planned&quot;,
        &quot;QBRecordID&quot;: 2298,
        &quot;Third_Party_Dependant_For_Conne&quot;: null,
        &quot;Latitude&quot;: -25.85381887,
        &quot;Longitude&quot;: 28.1924704
      }
    },
    {
      &quot;attributes&quot;: {
        &quot;Precincts&quot;: &quot;Peter Place&quot;,
        &quot;Quickbase_Status&quot;: &quot;Planned&quot;,
        &quot;QBRecordID&quot;: 12587,
        &quot;Third_Party_Dependant_For_Conne&quot;: null,
        &quot;Latitude&quot;: -26.08050158,
        &quot;Longitude&quot;: 28.0167715
      }
    },
    {
      &quot;attributes&quot;: {
        &quot;Precincts&quot;: &quot;Hyde Park&quot;,
        &quot;Quickbase_Status&quot;: &quot;Planned&quot;,
        &quot;QBRecordID&quot;: 4106,
        &quot;Third_Party_Dependant_For_Conne&quot;: null,
        &quot;Latitude&quot;: -26.11915214,
        &quot;Longitude&quot;: 28.03164001
      }
    },
    {
      &quot;attributes&quot;: {
        &quot;Precincts&quot;: &quot;Witch-Hazel&quot;,
        &quot;Quickbase_Status&quot;: &quot;Planned&quot;,
        &quot;QBRecordID&quot;: 5799,
        &quot;Third_Party_Dependant_For_Conne&quot;: null,
        &quot;Latitude&quot;: -25.87256939,
        &quot;Longitude&quot;: 28.18261297
      }
    },
    {
      &quot;attributes&quot;: {
        &quot;Precincts&quot;: &quot;Hatfield (Phase 3)&quot;,
        &quot;Quickbase_Status&quot;: &quot;Planned&quot;,
        &quot;QBRecordID&quot;: 3489,
        &quot;Third_Party_Dependant_For_Conne&quot;: null,
        &quot;Latitude&quot;: -25.74200619,
        &quot;Longitude&quot;: 28.2406118
      }
    },
    {
      &quot;attributes&quot;: {
        &quot;Precincts&quot;: &quot;Hatfield (Phase 3)&quot;,
        &quot;Quickbase_Status&quot;: &quot;Planned&quot;,
        &quot;QBRecordID&quot;: 2997,
        &quot;Third_Party_Dependant_For_Conne&quot;: null,
        &quot;Latitude&quot;: -25.74381051,
        &quot;Longitude&quot;: 28.24262092
      }
    },
    {
      &quot;attributes&quot;: {
        &quot;Precincts&quot;: &quot;Ashley Gardens&quot;,
        &quot;Quickbase_Status&quot;: &quot;Planned&quot;,
        &quot;QBRecordID&quot;: 2631,
        &quot;Third_Party_Dependant_For_Conne&quot;: null,
        &quot;Latitude&quot;: -25.78329562,
        &quot;Longitude&quot;: 28.26460359
      }
    },
    {
      &quot;attributes&quot;: {
        &quot;Precincts&quot;: &quot;Route 21 Office Park&quot;,
        &quot;Quickbase_Status&quot;: &quot;Planned&quot;,
        &quot;QBRecordID&quot;: 1951,
        &quot;Third_Party_Dependant_For_Conne&quot;: null,
        &quot;Latitude&quot;: -25.86316457,
        &quot;Longitude&quot;: 28.2587588
      }
    },
    {
      &quot;attributes&quot;: {
        &quot;Precincts&quot;: &quot;James Crescent&quot;,
        &quot;Quickbase_Status&quot;: &quot;Planned&quot;,
        &quot;QBRecordID&quot;: 2154,
        &quot;Third_Party_Dependant_For_Conne&quot;: null,
        &quot;Latitude&quot;: -26.00638491,
        &quot;Longitude&quot;: 28.12482061
      }
    },
    {
      &quot;attributes&quot;: {
        &quot;Precincts&quot;: &quot;James Crescent&quot;,
        &quot;Quickbase_Status&quot;: &quot;Planned&quot;,
        &quot;QBRecordID&quot;: 2178,
        &quot;Third_Party_Dependant_For_Conne&quot;: null,
        &quot;Latitude&quot;: -26.00907314,
        &quot;Longitude&quot;: 28.12349545
      }
    },
    {
      &quot;attributes&quot;: {
        &quot;Precincts&quot;: &quot;James Crescent&quot;,
        &quot;Quickbase_Status&quot;: &quot;Planned&quot;,
        &quot;QBRecordID&quot;: 2179,
        &quot;Third_Party_Dependant_For_Conne&quot;: null,
        &quot;Latitude&quot;: -26.00964891,
        &quot;Longitude&quot;: 28.12292514
      }
    },
    {
      &quot;attributes&quot;: {
        &quot;Precincts&quot;: &quot;James Crescent&quot;,
        &quot;Quickbase_Status&quot;: &quot;Planned&quot;,
        &quot;QBRecordID&quot;: 2310,
        &quot;Third_Party_Dependant_For_Conne&quot;: null,
        &quot;Latitude&quot;: -26.00253855,
        &quot;Longitude&quot;: 28.12586275
      }
    },
    {
      &quot;attributes&quot;: {
        &quot;Precincts&quot;: &quot;Ingersol&quot;,
        &quot;Quickbase_Status&quot;: &quot;Planned&quot;,
        &quot;QBRecordID&quot;: 2366,
        &quot;Third_Party_Dependant_For_Conne&quot;: null,
        &quot;Latitude&quot;: -25.77893894,
        &quot;Longitude&quot;: 28.2739934
      }
    },
    {
      &quot;attributes&quot;: {
        &quot;Precincts&quot;: &quot;Sandton Phase 1&quot;,
        &quot;Quickbase_Status&quot;: &quot;Planned&quot;,
        &quot;QBRecordID&quot;: 4175,
        &quot;Third_Party_Dependant_For_Conne&quot;: null,
        &quot;Latitude&quot;: -26.10139505,
        &quot;Longitude&quot;: 28.05358555
      }
    },
    {
      &quot;attributes&quot;: {
        &quot;Precincts&quot;: &quot;George Road&quot;,
        &quot;Quickbase_Status&quot;: &quot;Planned&quot;,
        &quot;QBRecordID&quot;: 4074,
        &quot;Third_Party_Dependant_For_Conne&quot;: null,
        &quot;Latitude&quot;: -25.95955228,
        &quot;Longitude&quot;: 28.13622393
      }
    },
    {
      &quot;attributes&quot;: {
        &quot;Precincts&quot;: &quot;Hatfield (Phase 3)&quot;,
        &quot;Quickbase_Status&quot;: &quot;Planned&quot;,
        &quot;QBRecordID&quot;: 2917,
        &quot;Third_Party_Dependant_For_Conne&quot;: null,
        &quot;Latitude&quot;: -25.7437474,
        &quot;Longitude&quot;: 28.24240305
      }
    },
    {
      &quot;attributes&quot;: {
        &quot;Precincts&quot;: &quot;Sandton Phase 2&quot;,
        &quot;Quickbase_Status&quot;: &quot;Planned&quot;,
        &quot;QBRecordID&quot;: 4182,
        &quot;Third_Party_Dependant_For_Conne&quot;: null,
        &quot;Latitude&quot;: -26.10622226,
        &quot;Longitude&quot;: 28.05567171
      }
    },
    {
      &quot;attributes&quot;: {
        &quot;Precincts&quot;: &quot;CPT CBD Phase 02&quot;,
        &quot;Quickbase_Status&quot;: &quot;Planned&quot;,
        &quot;QBRecordID&quot;: 3092,
        &quot;Third_Party_Dependant_For_Conne&quot;: null,
        &quot;Latitude&quot;: -33.92074089,
        &quot;Longitude&quot;: 18.43338724
      }
    },
    {
      &quot;attributes&quot;: {
        &quot;Precincts&quot;: &quot;CPT CBD Phase 02&quot;,
        &quot;Quickbase_Status&quot;: &quot;Planned&quot;,
        &quot;QBRecordID&quot;: 3090,
        &quot;Third_Party_Dependant_For_Conne&quot;: null,
        &quot;Latitude&quot;: -33.92067042,
        &quot;Longitude&quot;: 18.4348701
      }
    },
    {
      &quot;attributes&quot;: {
        &quot;Precincts&quot;: &quot;CPT CBD Phase 01&quot;,
        &quot;Quickbase_Status&quot;: &quot;Planned&quot;,
        &quot;QBRecordID&quot;: 3083,
        &quot;Third_Party_Dependant_For_Conne&quot;: null,
        &quot;Latitude&quot;: -33.91740259,
        &quot;Longitude&quot;: 18.4252263
      }
    },
    {
      &quot;attributes&quot;: {
        &quot;Precincts&quot;: &quot;Route 21 Office Park&quot;,
        &quot;Quickbase_Status&quot;: &quot;Planned&quot;,
        &quot;QBRecordID&quot;: 1967,
        &quot;Third_Party_Dependant_For_Conne&quot;: null,
        &quot;Latitude&quot;: -25.85970377,
        &quot;Longitude&quot;: 28.25789802
      }
    },
    {
      &quot;attributes&quot;: {
        &quot;Precincts&quot;: &quot;Richards Drive&quot;,
        &quot;Quickbase_Status&quot;: &quot;Planned&quot;,
        &quot;QBRecordID&quot;: 2460,
        &quot;Third_Party_Dependant_For_Conne&quot;: null,
        &quot;Latitude&quot;: -26.01428104,
        &quot;Longitude&quot;: 28.12224092
      }
    },
    {
      &quot;attributes&quot;: {
        &quot;Precincts&quot;: &quot;Western Services&quot;,
        &quot;Quickbase_Status&quot;: &quot;Planned&quot;,
        &quot;QBRecordID&quot;: 2501,
        &quot;Third_Party_Dependant_For_Conne&quot;: null,
        &quot;Latitude&quot;: -26.05848134,
        &quot;Longitude&quot;: 28.08878122
      }
    },
    {
      &quot;attributes&quot;: {
        &quot;Precincts&quot;: &quot;CPT CBD Phase 02&quot;,
        &quot;Quickbase_Status&quot;: &quot;Planned&quot;,
        &quot;QBRecordID&quot;: 3098,
        &quot;Third_Party_Dependant_For_Conne&quot;: null,
        &quot;Latitude&quot;: -33.92100503,
        &quot;Longitude&quot;: 18.43247925
      }
    },
    {
      &quot;attributes&quot;: {
        &quot;Precincts&quot;: &quot;Rosenpark&quot;,
        &quot;Quickbase_Status&quot;: &quot;Planned&quot;,
        &quot;QBRecordID&quot;: 2712,
        &quot;Third_Party_Dependant_For_Conne&quot;: null,
        &quot;Latitude&quot;: -33.86655873,
        &quot;Longitude&quot;: 18.64016381
      }
    },
    {
      &quot;attributes&quot;: {
        &quot;Precincts&quot;: &quot;CPT CBD Phase 02&quot;,
        &quot;Quickbase_Status&quot;: &quot;Planned&quot;,
        &quot;QBRecordID&quot;: 3111,
        &quot;Third_Party_Dependant_For_Conne&quot;: null,
        &quot;Latitude&quot;: -33.91980186,
        &quot;Longitude&quot;: 18.43203546
      }
    },
    {
      &quot;attributes&quot;: {
        &quot;Precincts&quot;: &quot;Route 21 Office Park&quot;,
        &quot;Quickbase_Status&quot;: &quot;Planned&quot;,
        &quot;QBRecordID&quot;: 1962,
        &quot;Third_Party_Dependant_For_Conne&quot;: null,
        &quot;Latitude&quot;: -25.86471023,
        &quot;Longitude&quot;: 28.2586316
      }
    },
    {
      &quot;attributes&quot;: {
        &quot;Precincts&quot;: &quot;James Crescent&quot;,
        &quot;Quickbase_Status&quot;: &quot;Planned&quot;,
        &quot;QBRecordID&quot;: 2175,
        &quot;Third_Party_Dependant_For_Conne&quot;: null,
        &quot;Latitude&quot;: -26.00968432,
        &quot;Longitude&quot;: 28.12255679
      }
    },
    {
      &quot;attributes&quot;: {
        &quot;Precincts&quot;: &quot;James Crescent&quot;,
        &quot;Quickbase_Status&quot;: &quot;Planned&quot;,
        &quot;QBRecordID&quot;: 2189,
        &quot;Third_Party_Dependant_For_Conne&quot;: null,
        &quot;Latitude&quot;: -26.00259465,
        &quot;Longitude&quot;: 28.12690228
      }
    },
    {
      &quot;attributes&quot;: {
        &quot;Precincts&quot;: &quot;James Crescent&quot;,
        &quot;Quickbase_Status&quot;: &quot;Planned&quot;,
        &quot;QBRecordID&quot;: 2188,
        &quot;Third_Party_Dependant_For_Conne&quot;: null,
        &quot;Latitude&quot;: -26.00233279,
        &quot;Longitude&quot;: 28.12687823
      }
    },
    {
      &quot;attributes&quot;: {
        &quot;Precincts&quot;: &quot;James Crescent&quot;,
        &quot;Quickbase_Status&quot;: &quot;Planned&quot;,
        &quot;QBRecordID&quot;: 2176,
        &quot;Third_Party_Dependant_For_Conne&quot;: null,
        &quot;Latitude&quot;: -26.00848487,
        &quot;Longitude&quot;: 28.12418448
      }
    },
    {
      &quot;attributes&quot;: {
        &quot;Precincts&quot;: &quot;James Crescent&quot;,
        &quot;Quickbase_Status&quot;: &quot;Planned&quot;,
        &quot;QBRecordID&quot;: 2177,
        &quot;Third_Party_Dependant_For_Conne&quot;: null,
        &quot;Latitude&quot;: -26.00872683,
        &quot;Longitude&quot;: 28.12388124
      }
    },
    {
      &quot;attributes&quot;: {
        &quot;Precincts&quot;: &quot;Hatfield (Phase 3)&quot;,
        &quot;Quickbase_Status&quot;: &quot;Planned&quot;,
        &quot;QBRecordID&quot;: 3462,
        &quot;Third_Party_Dependant_For_Conne&quot;: null,
        &quot;Latitude&quot;: -25.74318282,
        &quot;Longitude&quot;: 28.24268593
      }
    },
    {
      &quot;attributes&quot;: {
        &quot;Precincts&quot;: &quot;Rosebank Phase 1&quot;,
        &quot;Quickbase_Status&quot;: &quot;Planned&quot;,
        &quot;QBRecordID&quot;: 2983,
        &quot;Third_Party_Dependant_For_Conne&quot;: null,
        &quot;Latitude&quot;: -26.1429873,
        &quot;Longitude&quot;: 28.04088098
      }
    },
    {
      &quot;attributes&quot;: {
        &quot;Precincts&quot;: &quot;Peter Place&quot;,
        &quot;Quickbase_Status&quot;: &quot;Planned&quot;,
        &quot;QBRecordID&quot;: 4075,
        &quot;Third_Party_Dependant_For_Conne&quot;: null,
        &quot;Latitude&quot;: -26.08027029,
        &quot;Longitude&quot;: 28.01371127
      }
    },
    {
      &quot;attributes&quot;: {
        &quot;Precincts&quot;: &quot;Hatfield (Phase 3)&quot;,
        &quot;Quickbase_Status&quot;: &quot;Planned&quot;,
        &quot;QBRecordID&quot;: 4091,
        &quot;Third_Party_Dependant_For_Conne&quot;: null,
        &quot;Latitude&quot;: -25.7437462,
        &quot;Longitude&quot;: 28.24474709
      }
    },
    {
      &quot;attributes&quot;: {
        &quot;Precincts&quot;: &quot;Richards Drive&quot;,
        &quot;Quickbase_Status&quot;: &quot;Planned&quot;,
        &quot;QBRecordID&quot;: 2421,
        &quot;Third_Party_Dependant_For_Conne&quot;: null,
        &quot;Latitude&quot;: -26.01566168,
        &quot;Longitude&quot;: 28.11956178
      }
    },
    {
      &quot;attributes&quot;: {
        &quot;Precincts&quot;: &quot;Homestead&quot;,
        &quot;Quickbase_Status&quot;: &quot;Planned&quot;,
        &quot;QBRecordID&quot;: 245,
        &quot;Third_Party_Dependant_For_Conne&quot;: null,
        &quot;Latitude&quot;: -26.04650483,
        &quot;Longitude&quot;: 28.05701976
      }
    },
    {
      &quot;attributes&quot;: {
        &quot;Precincts&quot;: &quot;Girton&quot;,
        &quot;Quickbase_Status&quot;: &quot;Planned&quot;,
        &quot;QBRecordID&quot;: 794,
        &quot;Third_Party_Dependant_For_Conne&quot;: null,
        &quot;Latitude&quot;: -26.18471394,
        &quot;Longitude&quot;: 28.03885509
      }
    },
    {
      &quot;attributes&quot;: {
        &quot;Precincts&quot;: &quot;Girton&quot;,
        &quot;Quickbase_Status&quot;: &quot;Planned&quot;,
        &quot;QBRecordID&quot;: 4086,
        &quot;Third_Party_Dependant_For_Conne&quot;: null,
        &quot;Latitude&quot;: -26.18333914,
        &quot;Longitude&quot;: 28.03653555
      }
    },
    {
      &quot;attributes&quot;: {
        &quot;Precincts&quot;: &quot;Sunninghill&quot;,
        &quot;Quickbase_Status&quot;: &quot;Planned&quot;,
        &quot;QBRecordID&quot;: 383,
        &quot;Third_Party_Dependant_For_Conne&quot;: null,
        &quot;Latitude&quot;: -26.0353727,
        &quot;Longitude&quot;: 28.06648828
      }
    },
    {
      &quot;attributes&quot;: {
        &quot;Precincts&quot;: &quot;Oak Avenue&quot;,
        &quot;Quickbase_Status&quot;: &quot;Planned&quot;,
        &quot;QBRecordID&quot;: 3910,
        &quot;Third_Party_Dependant_For_Conne&quot;: null,
        &quot;Latitude&quot;: -26.0996421,
        &quot;Longitude&quot;: 28.00136847
      }
    },
    {
      &quot;attributes&quot;: {
        &quot;Precincts&quot;: &quot;Sandton Phase 3&quot;,
        &quot;Quickbase_Status&quot;: &quot;Planned&quot;,
        &quot;QBRecordID&quot;: 2893,
        &quot;Third_Party_Dependant_For_Conne&quot;: null,
        &quot;Latitude&quot;: -26.11089511,
        &quot;Longitude&quot;: 28.05616831
      }
    },
    {
      &quot;attributes&quot;: {
        &quot;Precincts&quot;: &quot;Ann Crescent&quot;,
        &quot;Quickbase_Status&quot;: &quot;Planned&quot;,
        &quot;QBRecordID&quot;: 1322,
        &quot;Third_Party_Dependant_For_Conne&quot;: null,
        &quot;Latitude&quot;: -26.10267934,
        &quot;Longitude&quot;: 28.07173819
      }
    },
    {
      &quot;attributes&quot;: {
        &quot;Precincts&quot;: &quot;Burnside Office Park&quot;,
        &quot;Quickbase_Status&quot;: &quot;Planned&quot;,
        &quot;QBRecordID&quot;: 2987,
        &quot;Third_Party_Dependant_For_Conne&quot;: null,
        &quot;Latitude&quot;: -26.11443125,
        &quot;Longitude&quot;: 28.02167761
      }
    },
    {
      &quot;attributes&quot;: {
        &quot;Precincts&quot;: &quot;Bruma Lake&quot;,
        &quot;Quickbase_Status&quot;: &quot;Planned&quot;,
        &quot;QBRecordID&quot;: 4011,
        &quot;Third_Party_Dependant_For_Conne&quot;: null,
        &quot;Latitude&quot;: -26.18168098,
        &quot;Longitude&quot;: 28.11021358
      }
    },
    {
      &quot;attributes&quot;: {
        &quot;Precincts&quot;: &quot;CPT CBD Phase 01&quot;,
        &quot;Quickbase_Status&quot;: &quot;Planned&quot;,
        &quot;QBRecordID&quot;: 3058,
        &quot;Third_Party_Dependant_For_Conne&quot;: null,
        &quot;Latitude&quot;: -33.91667861,
        &quot;Longitude&quot;: 18.42474986
      }
    },
    {
      &quot;attributes&quot;: {
        &quot;Precincts&quot;: &quot;Central Street&quot;,
        &quot;Quickbase_Status&quot;: &quot;Planned&quot;,
        &quot;QBRecordID&quot;: 842,
        &quot;Third_Party_Dependant_For_Conne&quot;: null,
        &quot;Latitude&quot;: -26.16411283,
        &quot;Longitude&quot;: 28.05701815
      }
    },
    {
      &quot;attributes&quot;: {
        &quot;Precincts&quot;: &quot;George Road&quot;,
        &quot;Quickbase_Status&quot;: &quot;Planned&quot;,
        &quot;QBRecordID&quot;: 4073,
        &quot;Third_Party_Dependant_For_Conne&quot;: null,
        &quot;Latitude&quot;: -25.97199363,
        &quot;Longitude&quot;: 28.12975475
      }
    },
    {
      &quot;attributes&quot;: {
        &quot;Precincts&quot;: &quot;Arden Grove&quot;,
        &quot;Quickbase_Status&quot;: &quot;Planned&quot;,
        &quot;QBRecordID&quot;: 1561,
        &quot;Third_Party_Dependant_For_Conne&quot;: null,
        &quot;Latitude&quot;: -33.86351038,
        &quot;Longitude&quot;: 18.51429929
      }
    },
    {
      &quot;attributes&quot;: {
        &quot;Precincts&quot;: &quot;Arden Grove&quot;,
        &quot;Quickbase_Status&quot;: &quot;Planned&quot;,
        &quot;QBRecordID&quot;: 1571,
        &quot;Third_Party_Dependant_For_Conne&quot;: null,
        &quot;Latitude&quot;: -33.86232441,
        &quot;Longitude&quot;: 18.5148387
      }
    },
    {
      &quot;attributes&quot;: {
        &quot;Precincts&quot;: &quot;Umhlanga (Phase 3)&quot;,
        &quot;Quickbase_Status&quot;: &quot;Planned&quot;,
        &quot;QBRecordID&quot;: 2805,
        &quot;Third_Party_Dependant_For_Conne&quot;: null,
        &quot;Latitude&quot;: -29.73746246,
        &quot;Longitude&quot;: 31.07110861
      }
    },
    {
      &quot;attributes&quot;: {
        &quot;Precincts&quot;: &quot;Umhlanga (Phase 3)&quot;,
        &quot;Quickbase_Status&quot;: &quot;Planned&quot;,
        &quot;QBRecordID&quot;: 95947,
        &quot;Third_Party_Dependant_For_Conne&quot;: null,
        &quot;Latitude&quot;: -29.73795533,
        &quot;Longitude&quot;: 31.07077923
      }
    },
    {
      &quot;attributes&quot;: {
        &quot;Precincts&quot;: &quot;CPT CBD Phase 02&quot;,
        &quot;Quickbase_Status&quot;: &quot;Planned&quot;,
        &quot;QBRecordID&quot;: 3101,
        &quot;Third_Party_Dependant_For_Conne&quot;: null,
        &quot;Latitude&quot;: -33.92068677,
        &quot;Longitude&quot;: 18.43169484
      }
    },
    {
      &quot;attributes&quot;: {
        &quot;Precincts&quot;: &quot;Sunninghill&quot;,
        &quot;Quickbase_Status&quot;: &quot;Planned&quot;,
        &quot;QBRecordID&quot;: 369,
        &quot;Third_Party_Dependant_For_Conne&quot;: null,
        &quot;Latitude&quot;: -26.03331693,
        &quot;Longitude&quot;: 28.06333281
      }
    },
    {
      &quot;attributes&quot;: {
        &quot;Precincts&quot;: &quot;Sandton Phase 1&quot;,
        &quot;Quickbase_Status&quot;: &quot;Planned&quot;,
        &quot;QBRecordID&quot;: 4023,
        &quot;Third_Party_Dependant_For_Conne&quot;: null,
        &quot;Latitude&quot;: -26.09826732,
        &quot;Longitude&quot;: 28.05530311
      }
    },
    {
      &quot;attributes&quot;: {
        &quot;Precincts&quot;: &quot;Sandton Phase 1&quot;,
        &quot;Quickbase_Status&quot;: &quot;Planned&quot;,
        &quot;QBRecordID&quot;: 2961,
        &quot;Third_Party_Dependant_For_Conne&quot;: null,
        &quot;Latitude&quot;: -26.09798751,
        &quot;Longitude&quot;: 28.05591647
      }
    },
    {
      &quot;attributes&quot;: {
        &quot;Precincts&quot;: &quot;Sandton Phase 1&quot;,
        &quot;Quickbase_Status&quot;: &quot;Planned&quot;,
        &quot;QBRecordID&quot;: 4024,
        &quot;Third_Party_Dependant_For_Conne&quot;: null,
        &quot;Latitude&quot;: -26.0975017,
        &quot;Longitude&quot;: 28.05530551
      }
    },
    {
      &quot;attributes&quot;: {
        &quot;Precincts&quot;: &quot;Ashley Gardens&quot;,
        &quot;Quickbase_Status&quot;: &quot;Planned&quot;,
        &quot;QBRecordID&quot;: 2633,
        &quot;Third_Party_Dependant_For_Conne&quot;: null,
        &quot;Latitude&quot;: -25.78386112,
        &quot;Longitude&quot;: 28.26566257
      }
    },
    {
      &quot;attributes&quot;: {
        &quot;Precincts&quot;: &quot;Route 21 Office Park&quot;,
        &quot;Quickbase_Status&quot;: &quot;Planned&quot;,
        &quot;QBRecordID&quot;: 2000,
        &quot;Third_Party_Dependant_For_Conne&quot;: null,
        &quot;Latitude&quot;: -25.86119436,
        &quot;Longitude&quot;: 28.2562718
      }
    },
    {
      &quot;attributes&quot;: {
        &quot;Precincts&quot;: &quot;Tygervalley&quot;,
        &quot;Quickbase_Status&quot;: &quot;Planned&quot;,
        &quot;QBRecordID&quot;: 4004,
        &quot;Third_Party_Dependant_For_Conne&quot;: null,
        &quot;Latitude&quot;: -33.88288802,
        &quot;Longitude&quot;: 18.63649593
      }
    },
    {
      &quot;attributes&quot;: {
        &quot;Precincts&quot;: &quot;Bruma Lake&quot;,
        &quot;Quickbase_Status&quot;: &quot;Planned&quot;,
        &quot;QBRecordID&quot;: 4010,
        &quot;Third_Party_Dependant_For_Conne&quot;: null,
        &quot;Latitude&quot;: -26.18016114,
        &quot;Longitude&quot;: 28.10698612
      }
    },
    {
      &quot;attributes&quot;: {
        &quot;Precincts&quot;: &quot;Arden Grove&quot;,
        &quot;Quickbase_Status&quot;: &quot;Planned&quot;,
        &quot;QBRecordID&quot;: 1600,
        &quot;Third_Party_Dependant_For_Conne&quot;: null,
        &quot;Latitude&quot;: -33.86859661,
        &quot;Longitude&quot;: 18.51138477
      }
    },
    {
      &quot;attributes&quot;: {
        &quot;Precincts&quot;: &quot;Rosebank Phase 2&quot;,
        &quot;Quickbase_Status&quot;: &quot;Planned&quot;,
        &quot;QBRecordID&quot;: 4063,
        &quot;Third_Party_Dependant_For_Conne&quot;: null,
        &quot;Latitude&quot;: -26.14792896,
        &quot;Longitude&quot;: 28.03787296
      }
    },
    {
      &quot;attributes&quot;: {
        &quot;Precincts&quot;: &quot;James Crescent&quot;,
        &quot;Quickbase_Status&quot;: &quot;Planned&quot;,
        &quot;QBRecordID&quot;: 2269,
        &quot;Third_Party_Dependant_For_Conne&quot;: null,
        &quot;Latitude&quot;: -26.01061879,
        &quot;Longitude&quot;: 28.12393226
      }
    },
    {
      &quot;attributes&quot;: {
        &quot;Precincts&quot;: &quot;Hyde Park&quot;,
        &quot;Quickbase_Status&quot;: &quot;Planned&quot;,
        &quot;QBRecordID&quot;: 4105,
        &quot;Third_Party_Dependant_For_Conne&quot;: null,
        &quot;Latitude&quot;: -26.12346434,
        &quot;Longitude&quot;: 28.03155042
      }
    },
    {
      &quot;attributes&quot;: {
        &quot;Precincts&quot;: &quot;Oak Avenue&quot;,
        &quot;Quickbase_Status&quot;: &quot;Planned&quot;,
        &quot;QBRecordID&quot;: 517,
        &quot;Third_Party_Dependant_For_Conne&quot;: null,
        &quot;Latitude&quot;: -26.09913448,
        &quot;Longitude&quot;: 28.00080686
      }
    },
    {
      &quot;attributes&quot;: {
        &quot;Precincts&quot;: &quot;Hatfield (Phase 3)&quot;,
        &quot;Quickbase_Status&quot;: &quot;Planned&quot;,
        &quot;QBRecordID&quot;: 3486,
        &quot;Third_Party_Dependant_For_Conne&quot;: null,
        &quot;Latitude&quot;: -25.74220983,
        &quot;Longitude&quot;: 28.24149408
      }
    },
    {
      &quot;attributes&quot;: {
        &quot;Precincts&quot;: &quot;Hatfield (Phase 3)&quot;,
        &quot;Quickbase_Status&quot;: &quot;Planned&quot;,
        &quot;QBRecordID&quot;: 3488,
        &quot;Third_Party_Dependant_For_Conne&quot;: null,
        &quot;Latitude&quot;: -25.74258004,
        &quot;Longitude&quot;: 28.24009758
      }
    },
    {
      &quot;attributes&quot;: {
        &quot;Precincts&quot;: &quot;Morningside&quot;,
        &quot;Quickbase_Status&quot;: &quot;Planned&quot;,
        &quot;QBRecordID&quot;: 3918,
        &quot;Third_Party_Dependant_For_Conne&quot;: null,
        &quot;Latitude&quot;: -26.08012488,
        &quot;Longitude&quot;: 28.06224826
      }
    },
    {
      &quot;attributes&quot;: {
        &quot;Precincts&quot;: &quot;Sandton Phase 1&quot;,
        &quot;Quickbase_Status&quot;: &quot;Planned&quot;,
        &quot;QBRecordID&quot;: 4165,
        &quot;Third_Party_Dependant_For_Conne&quot;: null,
        &quot;Latitude&quot;: -26.09942773,
        &quot;Longitude&quot;: 28.05284679
      }
    },
    {
      &quot;attributes&quot;: {
        &quot;Precincts&quot;: &quot;Persequor Park&quot;,
        &quot;Quickbase_Status&quot;: &quot;Planned&quot;,
        &quot;QBRecordID&quot;: 4615,
        &quot;Third_Party_Dependant_For_Conne&quot;: null,
        &quot;Latitude&quot;: -25.74281261,
        &quot;Longitude&quot;: 28.27312624
      }
    },
    {
      &quot;attributes&quot;: {
        &quot;Precincts&quot;: &quot;Waterfall Office Park&quot;,
        &quot;Quickbase_Status&quot;: &quot;Planned&quot;,
        &quot;QBRecordID&quot;: 4895,
        &quot;Third_Party_Dependant_For_Conne&quot;: null,
        &quot;Latitude&quot;: -26.01265018,
        &quot;Longitude&quot;: 28.11248139
      }
    },
    {
      &quot;attributes&quot;: {
        &quot;Precincts&quot;: &quot;Waterfall Office Park&quot;,
        &quot;Quickbase_Status&quot;: &quot;Planned&quot;,
        &quot;QBRecordID&quot;: 4896,
        &quot;Third_Party_Dependant_For_Conne&quot;: null,
        &quot;Latitude&quot;: -26.01314309,
        &quot;Longitude&quot;: 28.11243402
      }
    },
    {
      &quot;attributes&quot;: {
        &quot;Precincts&quot;: &quot;Waterfall Office Park&quot;,
        &quot;Quickbase_Status&quot;: &quot;Planned&quot;,
        &quot;QBRecordID&quot;: 4900,
        &quot;Third_Party_Dependant_For_Conne&quot;: null,
        &quot;Latitude&quot;: -26.01194103,
        &quot;Longitude&quot;: 28.1129351
      }
    },
    {
      &quot;attributes&quot;: {
        &quot;Precincts&quot;: &quot;Waterfall Office Park&quot;,
        &quot;Quickbase_Status&quot;: &quot;Planned&quot;,
        &quot;QBRecordID&quot;: 4901,
        &quot;Third_Party_Dependant_For_Conne&quot;: null,
        &quot;Latitude&quot;: -26.01154773,
        &quot;Longitude&quot;: 28.11349612
      }
    },
    {
      &quot;attributes&quot;: {
        &quot;Precincts&quot;: &quot;Waterfall Office Park&quot;,
        &quot;Quickbase_Status&quot;: &quot;Planned&quot;,
        &quot;QBRecordID&quot;: 5793,
        &quot;Third_Party_Dependant_For_Conne&quot;: &quot;Yes&quot;,
        &quot;Latitude&quot;: -26.01339617,
        &quot;Longitude&quot;: 28.11319434
      }
    },
    {
      &quot;attributes&quot;: {
        &quot;Precincts&quot;: &quot;Route 21 Office Park&quot;,
        &quot;Quickbase_Status&quot;: &quot;Planned&quot;,
        &quot;QBRecordID&quot;: 2086,
        &quot;Third_Party_Dependant_For_Conne&quot;: null,
        &quot;Latitude&quot;: -25.8627943,
        &quot;Longitude&quot;: 28.25746459
      }
    },
    {
      &quot;attributes&quot;: {
        &quot;Precincts&quot;: &quot;Riverview Office Park&quot;,
        &quot;Quickbase_Status&quot;: &quot;Planned&quot;,
        &quot;QBRecordID&quot;: 2339,
        &quot;Third_Party_Dependant_For_Conne&quot;: null,
        &quot;Latitude&quot;: -26.00214219,
        &quot;Longitude&quot;: 28.1204047
      }
    },
    {
      &quot;attributes&quot;: {
        &quot;Precincts&quot;: &quot;Oak Avenue&quot;,
        &quot;Quickbase_Status&quot;: &quot;Planned&quot;,
        &quot;QBRecordID&quot;: 582,
        &quot;Third_Party_Dependant_For_Conne&quot;: null,
        &quot;Latitude&quot;: -26.09475208,
        &quot;Longitude&quot;: 28.00249929
      }
    },
    {
      &quot;attributes&quot;: {
        &quot;Precincts&quot;: &quot;Sandton Phase 2&quot;,
        &quot;Quickbase_Status&quot;: &quot;Planned&quot;,
        &quot;QBRecordID&quot;: 3914,
        &quot;Third_Party_Dependant_For_Conne&quot;: null,
        &quot;Latitude&quot;: -26.10205159,
        &quot;Longitude&quot;: 28.05376612
      }
    },
    {
      &quot;attributes&quot;: {
        &quot;Precincts&quot;: &quot;Ashley Gardens&quot;,
        &quot;Quickbase_Status&quot;: &quot;Planned&quot;,
        &quot;QBRecordID&quot;: 2634,
        &quot;Third_Party_Dependant_For_Conne&quot;: null,
        &quot;Latitude&quot;: -25.78359032,
        &quot;Longitude&quot;: 28.26579054
      }
    },
    {
      &quot;attributes&quot;: {
        &quot;Precincts&quot;: &quot;Ashley Gardens&quot;,
        &quot;Quickbase_Status&quot;: &quot;Planned&quot;,
        &quot;QBRecordID&quot;: 3431,
        &quot;Third_Party_Dependant_For_Conne&quot;: null,
        &quot;Latitude&quot;: -25.78424029,
        &quot;Longitude&quot;: 28.26470111
      }
    },
    {
      &quot;attributes&quot;: {
        &quot;Precincts&quot;: &quot;Route 21 Office Park&quot;,
        &quot;Quickbase_Status&quot;: &quot;Planned&quot;,
        &quot;QBRecordID&quot;: 1992,
        &quot;Third_Party_Dependant_For_Conne&quot;: null,
        &quot;Latitude&quot;: -25.86073662,
        &quot;Longitude&quot;: 28.25692154
      }
    },
    {
      &quot;attributes&quot;: {
        &quot;Precincts&quot;: &quot;Centurion Gautrain Station&quot;,
        &quot;Quickbase_Status&quot;: &quot;Planned&quot;,
        &quot;QBRecordID&quot;: 2286,
        &quot;Third_Party_Dependant_For_Conne&quot;: null,
        &quot;Latitude&quot;: -25.85171023,
        &quot;Longitude&quot;: 28.18822122
      }
    },
    {
      &quot;attributes&quot;: {
        &quot;Precincts&quot;: &quot;Centurion Gautrain Station&quot;,
        &quot;Quickbase_Status&quot;: &quot;Planned&quot;,
        &quot;QBRecordID&quot;: 2285,
        &quot;Third_Party_Dependant_For_Conne&quot;: null,
        &quot;Latitude&quot;: -25.85104476,
        &quot;Longitude&quot;: 28.1881665
      }
    },
    {
      &quot;attributes&quot;: {
        &quot;Precincts&quot;: &quot;Rivonia North&quot;,
        &quot;Quickbase_Status&quot;: &quot;Planned&quot;,
        &quot;QBRecordID&quot;: 425,
        &quot;Third_Party_Dependant_For_Conne&quot;: null,
        &quot;Latitude&quot;: -26.04043514,
        &quot;Longitude&quot;: 28.05968215
      }
    },
    {
      &quot;attributes&quot;: {
        &quot;Precincts&quot;: &quot;Sandton Phase 2&quot;,
        &quot;Quickbase_Status&quot;: &quot;Planned&quot;,
        &quot;QBRecordID&quot;: 3913,
        &quot;Third_Party_Dependant_For_Conne&quot;: null,
        &quot;Latitude&quot;: -26.10523848,
        &quot;Longitude&quot;: 28.05102919
      }
    },
    {
      &quot;attributes&quot;: {
        &quot;Precincts&quot;: &quot;Arden Grove&quot;,
        &quot;Quickbase_Status&quot;: &quot;Planned&quot;,
        &quot;QBRecordID&quot;: 3538,
        &quot;Third_Party_Dependant_For_Conne&quot;: null,
        &quot;Latitude&quot;: -33.86288778,
        &quot;Longitude&quot;: 18.5135702
      }
    },
    {
      &quot;attributes&quot;: {
        &quot;Precincts&quot;: &quot;Umhlanga (Phase 3)&quot;,
        &quot;Quickbase_Status&quot;: &quot;Planned&quot;,
        &quot;QBRecordID&quot;: 2801,
        &quot;Third_Party_Dependant_For_Conne&quot;: null,
        &quot;Latitude&quot;: -29.74509009,
        &quot;Longitude&quot;: 31.06797224
      }
    },
    {
      &quot;attributes&quot;: {
        &quot;Precincts&quot;: &quot;Umhlanga (Phase 3)&quot;,
        &quot;Quickbase_Status&quot;: &quot;Planned&quot;,
        &quot;QBRecordID&quot;: 2800,
        &quot;Third_Party_Dependant_For_Conne&quot;: null,
        &quot;Latitude&quot;: -29.74483625,
        &quot;Longitude&quot;: 31.06788157
      }
    },
    {
      &quot;attributes&quot;: {
        &quot;Precincts&quot;: &quot;Tygervalley&quot;,
        &quot;Quickbase_Status&quot;: &quot;Planned&quot;,
        &quot;QBRecordID&quot;: 2580,
        &quot;Third_Party_Dependant_For_Conne&quot;: null,
        &quot;Latitude&quot;: -33.88235646,
        &quot;Longitude&quot;: 18.63575988
      }
    },
    {
      &quot;attributes&quot;: {
        &quot;Precincts&quot;: &quot;Tygervalley&quot;,
        &quot;Quickbase_Status&quot;: &quot;Planned&quot;,
        &quot;QBRecordID&quot;: 2590,
        &quot;Third_Party_Dependant_For_Conne&quot;: null,
        &quot;Latitude&quot;: -33.88286597,
        &quot;Longitude&quot;: 18.63569907
      }
    },
    {
      &quot;attributes&quot;: {
        &quot;Precincts&quot;: &quot;Hatfield (Phase 3)&quot;,
        &quot;Quickbase_Status&quot;: &quot;Planned&quot;,
        &quot;QBRecordID&quot;: 3475,
        &quot;Third_Party_Dependant_For_Conne&quot;: null,
        &quot;Latitude&quot;: -25.743055,
        &quot;Longitude&quot;: 28.24229633
      }
    },
    {
      &quot;attributes&quot;: {
        &quot;Precincts&quot;: &quot;Hatfield (Phase 3)&quot;,
        &quot;Quickbase_Status&quot;: &quot;Planned&quot;,
        &quot;QBRecordID&quot;: 3474,
        &quot;Third_Party_Dependant_For_Conne&quot;: null,
        &quot;Latitude&quot;: -25.74310162,
        &quot;Longitude&quot;: 28.24142555
      }
    },
    {
      &quot;attributes&quot;: {
        &quot;Precincts&quot;: &quot;Sandton Phase 3&quot;,
        &quot;Quickbase_Status&quot;: &quot;Planned&quot;,
        &quot;QBRecordID&quot;: 3897,
        &quot;Third_Party_Dependant_For_Conne&quot;: null,
        &quot;Latitude&quot;: -26.1021624,
        &quot;Longitude&quot;: 28.06044259
      }
    },
    {
      &quot;attributes&quot;: {
        &quot;Precincts&quot;: &quot;Sandton Phase 1&quot;,
        &quot;Quickbase_Status&quot;: &quot;Planned&quot;,
        &quot;QBRecordID&quot;: 2906,
        &quot;Third_Party_Dependant_For_Conne&quot;: null,
        &quot;Latitude&quot;: -26.10028434,
        &quot;Longitude&quot;: 28.05364447
      }
    },
    {
      &quot;attributes&quot;: {
        &quot;Precincts&quot;: &quot;Sandton Phase 2&quot;,
        &quot;Quickbase_Status&quot;: &quot;Planned&quot;,
        &quot;QBRecordID&quot;: 4167,
        &quot;Third_Party_Dependant_For_Conne&quot;: null,
        &quot;Latitude&quot;: -26.10470709,
        &quot;Longitude&quot;: 28.05139876
      }
    },
    {
      &quot;attributes&quot;: {
        &quot;Precincts&quot;: &quot;Waterfall Office Park&quot;,
        &quot;Quickbase_Status&quot;: &quot;Planned&quot;,
        &quot;QBRecordID&quot;: 4898,
        &quot;Third_Party_Dependant_For_Conne&quot;: null,
        &quot;Latitude&quot;: -26.01221968,
        &quot;Longitude&quot;: 28.11333178
      }
    },
    {
      &quot;attributes&quot;: {
        &quot;Precincts&quot;: &quot;Waterfall Office Park&quot;,
        &quot;Quickbase_Status&quot;: &quot;Planned&quot;,
        &quot;QBRecordID&quot;: 4899,
        &quot;Third_Party_Dependant_For_Conne&quot;: null,
        &quot;Latitude&quot;: -26.01204898,
        &quot;Longitude&quot;: 28.11326259
      }
    },
    {
      &quot;attributes&quot;: {
        &quot;Precincts&quot;: &quot;Waterfall Office Park&quot;,
        &quot;Quickbase_Status&quot;: &quot;Planned&quot;,
        &quot;QBRecordID&quot;: 4915,
        &quot;Third_Party_Dependant_For_Conne&quot;: null,
        &quot;Latitude&quot;: -26.01056062,
        &quot;Longitude&quot;: 28.11731077
      }
    },
    {
      &quot;attributes&quot;: {
        &quot;Precincts&quot;: &quot;Waterfall Office Park&quot;,
        &quot;Quickbase_Status&quot;: &quot;Planned&quot;,
        &quot;QBRecordID&quot;: 4917,
        &quot;Third_Party_Dependant_For_Conne&quot;: null,
        &quot;Latitude&quot;: -26.00836427,
        &quot;Longitude&quot;: 28.11836506
      }
    },
    {
      &quot;attributes&quot;: {
        &quot;Precincts&quot;: &quot;Sandton Phase 2&quot;,
        &quot;Quickbase_Status&quot;: &quot;Planned&quot;,
        &quot;QBRecordID&quot;: 4046,
        &quot;Third_Party_Dependant_For_Conne&quot;: null,
        &quot;Latitude&quot;: -26.10565149,
        &quot;Longitude&quot;: 28.05410497
      }
    },
    {
      &quot;attributes&quot;: {
        &quot;Precincts&quot;: &quot;Sandton Phase 3&quot;,
        &quot;Quickbase_Status&quot;: &quot;Planned&quot;,
        &quot;QBRecordID&quot;: 2989,
        &quot;Third_Party_Dependant_For_Conne&quot;: null,
        &quot;Latitude&quot;: -26.10433468,
        &quot;Longitude&quot;: 28.05986677
      }
    },
    {
      &quot;attributes&quot;: {
        &quot;Precincts&quot;: &quot;Sandton Phase 1&quot;,
        &quot;Quickbase_Status&quot;: &quot;Planned&quot;,
        &quot;QBRecordID&quot;: 2896,
        &quot;Third_Party_Dependant_For_Conne&quot;: null,
        &quot;Latitude&quot;: -26.10231658,
        &quot;Longitude&quot;: 28.05018579
      }
    },
    {
      &quot;attributes&quot;: {
        &quot;Precincts&quot;: &quot;Umhlanga (Phase 3)&quot;,
        &quot;Quickbase_Status&quot;: &quot;Planned&quot;,
        &quot;QBRecordID&quot;: 2808,
        &quot;Third_Party_Dependant_For_Conne&quot;: null,
        &quot;Latitude&quot;: -29.73772073,
        &quot;Longitude&quot;: 31.07093905
      }
    },
    {
      &quot;attributes&quot;: {
        &quot;Precincts&quot;: &quot;Witch-Hazel&quot;,
        &quot;Quickbase_Status&quot;: &quot;Planned&quot;,
        &quot;QBRecordID&quot;: 3904,
        &quot;Third_Party_Dependant_For_Conne&quot;: null,
        &quot;Latitude&quot;: -25.87350695,
        &quot;Longitude&quot;: 28.18034415
      }
    },
    {
      &quot;attributes&quot;: {
        &quot;Precincts&quot;: &quot;Witch-Hazel&quot;,
        &quot;Quickbase_Status&quot;: &quot;Planned&quot;,
        &quot;QBRecordID&quot;: 1270,
        &quot;Third_Party_Dependant_For_Conne&quot;: null,
        &quot;Latitude&quot;: -25.87329058,
        &quot;Longitude&quot;: 28.18065561
      }
    },
    {
      &quot;attributes&quot;: {
        &quot;Precincts&quot;: &quot;Witch-Hazel&quot;,
        &quot;Quickbase_Status&quot;: &quot;Planned&quot;,
        &quot;QBRecordID&quot;: 1714,
        &quot;Third_Party_Dependant_For_Conne&quot;: null,
        &quot;Latitude&quot;: -25.87310238,
        &quot;Longitude&quot;: 28.18105107
      }
    },
    {
      &quot;attributes&quot;: {
        &quot;Precincts&quot;: &quot;Highveld Technopark&quot;,
        &quot;Quickbase_Status&quot;: &quot;Planned&quot;,
        &quot;QBRecordID&quot;: 4540,
        &quot;Third_Party_Dependant_For_Conne&quot;: null,
        &quot;Latitude&quot;: -25.87899433,
        &quot;Longitude&quot;: 28.18392351
      }
    },
    {
      &quot;attributes&quot;: {
        &quot;Precincts&quot;: &quot;Highveld Technopark&quot;,
        &quot;Quickbase_Status&quot;: &quot;Planned&quot;,
        &quot;QBRecordID&quot;: 4523,
        &quot;Third_Party_Dependant_For_Conne&quot;: null,
        &quot;Latitude&quot;: -25.87333215,
        &quot;Longitude&quot;: 28.1907962
      }
    },
    {
      &quot;attributes&quot;: {
        &quot;Precincts&quot;: &quot;Homestead&quot;,
        &quot;Quickbase_Status&quot;: &quot;Planned&quot;,
        &quot;QBRecordID&quot;: 244,
        &quot;Third_Party_Dependant_For_Conne&quot;: null,
        &quot;Latitude&quot;: -26.04557967,
        &quot;Longitude&quot;: 28.05640868
      }
    },
    {
      &quot;attributes&quot;: {
        &quot;Precincts&quot;: &quot;Girton&quot;,
        &quot;Quickbase_Status&quot;: &quot;Planned&quot;,
        &quot;QBRecordID&quot;: 802,
        &quot;Third_Party_Dependant_For_Conne&quot;: null,
        &quot;Latitude&quot;: -26.18304486,
        &quot;Longitude&quot;: 28.03819259
      }
    },
    {
      &quot;attributes&quot;: {
        &quot;Precincts&quot;: &quot;Brackengate Business Park&quot;,
        &quot;Quickbase_Status&quot;: &quot;Planned&quot;,
        &quot;QBRecordID&quot;: 6628,
        &quot;Third_Party_Dependant_For_Conne&quot;: null,
        &quot;Latitude&quot;: -33.890303,
        &quot;Longitude&quot;: 18.67982786
      }
    },
    {
      &quot;attributes&quot;: {
        &quot;Precincts&quot;: &quot;Brackengate Business Park&quot;,
        &quot;Quickbase_Status&quot;: &quot;Planned&quot;,
        &quot;QBRecordID&quot;: 6614,
        &quot;Third_Party_Dependant_For_Conne&quot;: null,
        &quot;Latitude&quot;: -33.8939671,
        &quot;Longitude&quot;: 18.68258978
      }
    },
    {
      &quot;attributes&quot;: {
        &quot;Precincts&quot;: &quot;Brackengate Business Park&quot;,
        &quot;Quickbase_Status&quot;: &quot;Planned&quot;,
        &quot;QBRecordID&quot;: 6598,
        &quot;Third_Party_Dependant_For_Conne&quot;: null,
        &quot;Latitude&quot;: -33.89442973,
        &quot;Longitude&quot;: 18.68222445
      }
    },
    {
      &quot;attributes&quot;: {
        &quot;Precincts&quot;: &quot;Brackengate Business Park&quot;,
        &quot;Quickbase_Status&quot;: &quot;Planned&quot;,
        &quot;QBRecordID&quot;: 6608,
        &quot;Third_Party_Dependant_For_Conne&quot;: null,
        &quot;Latitude&quot;: -33.89433673,
        &quot;Longitude&quot;: 18.68194681
      }
    },
    {
      &quot;attributes&quot;: {
        &quot;Precincts&quot;: &quot;Brackengate Business Park&quot;,
        &quot;Quickbase_Status&quot;: &quot;Planned&quot;,
        &quot;QBRecordID&quot;: 6603,
        &quot;Third_Party_Dependant_For_Conne&quot;: null,
        &quot;Latitude&quot;: -33.89333703,
        &quot;Longitude&quot;: 18.679423
      }
    },
    {
      &quot;attributes&quot;: {
        &quot;Precincts&quot;: &quot;Brackengate Business Park&quot;,
        &quot;Quickbase_Status&quot;: &quot;Planned&quot;,
        &quot;QBRecordID&quot;: 6605,
        &quot;Third_Party_Dependant_For_Conne&quot;: null,
        &quot;Latitude&quot;: -33.89224687,
        &quot;Longitude&quot;: 18.67819588
      }
    },
    {
      &quot;attributes&quot;: {
        &quot;Precincts&quot;: &quot;Brackengate Business Park&quot;,
        &quot;Quickbase_Status&quot;: &quot;Planned&quot;,
        &quot;QBRecordID&quot;: 6621,
        &quot;Third_Party_Dependant_For_Conne&quot;: null,
        &quot;Latitude&quot;: -33.89255327,
        &quot;Longitude&quot;: 18.68164496
      }
    },
    {
      &quot;attributes&quot;: {
        &quot;Precincts&quot;: &quot;Brackengate Business Park&quot;,
        &quot;Quickbase_Status&quot;: &quot;Planned&quot;,
        &quot;QBRecordID&quot;: 6618,
        &quot;Third_Party_Dependant_For_Conne&quot;: null,
        &quot;Latitude&quot;: -33.89299138,
        &quot;Longitude&quot;: 18.68027175
      }
    },
    {
      &quot;attributes&quot;: {
        &quot;Precincts&quot;: &quot;Brackengate Business Park&quot;,
        &quot;Quickbase_Status&quot;: &quot;Planned&quot;,
        &quot;QBRecordID&quot;: 6616,
        &quot;Third_Party_Dependant_For_Conne&quot;: null,
        &quot;Latitude&quot;: -33.89281907,
        &quot;Longitude&quot;: 18.68082207
      }
    },
    {
      &quot;attributes&quot;: {
        &quot;Precincts&quot;: &quot;Brackengate Business Park&quot;,
        &quot;Quickbase_Status&quot;: &quot;Planned&quot;,
        &quot;QBRecordID&quot;: 7830,
        &quot;Third_Party_Dependant_For_Conne&quot;: null,
        &quot;Latitude&quot;: -33.89215229,
        &quot;Longitude&quot;: 18.68198531
      }
    },
    {
      &quot;attributes&quot;: {
        &quot;Precincts&quot;: &quot;Brackengate Business Park&quot;,
        &quot;Quickbase_Status&quot;: &quot;Planned&quot;,
        &quot;QBRecordID&quot;: 6632,
        &quot;Third_Party_Dependant_For_Conne&quot;: null,
        &quot;Latitude&quot;: -33.89128194,
        &quot;Longitude&quot;: 18.68076727
      }
    },
    {
      &quot;attributes&quot;: {
        &quot;Precincts&quot;: &quot;Brackengate Business Park&quot;,
        &quot;Quickbase_Status&quot;: &quot;Planned&quot;,
        &quot;QBRecordID&quot;: 6620,
        &quot;Third_Party_Dependant_For_Conne&quot;: null,
        &quot;Latitude&quot;: -33.89273937,
        &quot;Longitude&quot;: 18.68218998
      }
    },
    {
      &quot;attributes&quot;: {
        &quot;Precincts&quot;: &quot;Brackengate Business Park&quot;,
        &quot;Quickbase_Status&quot;: &quot;Planned&quot;,
        &quot;QBRecordID&quot;: 7831,
        &quot;Third_Party_Dependant_For_Conne&quot;: null,
        &quot;Latitude&quot;: -33.88839519,
        &quot;Longitude&quot;: 18.68027565
      }
    },
    {
      &quot;attributes&quot;: {
        &quot;Precincts&quot;: &quot;Flanders Drive&quot;,
        &quot;Quickbase_Status&quot;: &quot;Planned&quot;,
        &quot;QBRecordID&quot;: 7141,
        &quot;Third_Party_Dependant_For_Conne&quot;: null,
        &quot;Latitude&quot;: -29.71070829,
        &quot;Longitude&quot;: 31.05163035
      }
    },
    {
      &quot;attributes&quot;: {
        &quot;Precincts&quot;: &quot;Flanders Drive&quot;,
        &quot;Quickbase_Status&quot;: &quot;Planned&quot;,
        &quot;QBRecordID&quot;: 9412,
        &quot;Third_Party_Dependant_For_Conne&quot;: null,
        &quot;Latitude&quot;: -29.7147227,
        &quot;Longitude&quot;: 31.05264852
      }
    },
    {
      &quot;attributes&quot;: {
        &quot;Precincts&quot;: &quot;Flanders Drive&quot;,
        &quot;Quickbase_Status&quot;: &quot;Planned&quot;,
        &quot;QBRecordID&quot;: 9413,
        &quot;Third_Party_Dependant_For_Conne&quot;: null,
        &quot;Latitude&quot;: -29.71542187,
        &quot;Longitude&quot;: 31.05347623
      }
    },
    {
      &quot;attributes&quot;: {
        &quot;Precincts&quot;: &quot;Flanders Drive&quot;,
        &quot;Quickbase_Status&quot;: &quot;Planned&quot;,
        &quot;QBRecordID&quot;: 9415,
        &quot;Third_Party_Dependant_For_Conne&quot;: null,
        &quot;Latitude&quot;: -29.71589307,
        &quot;Longitude&quot;: 31.0537544
      }
    },
    {
      &quot;attributes&quot;: {
        &quot;Precincts&quot;: &quot;Flanders Drive&quot;,
        &quot;Quickbase_Status&quot;: &quot;Planned&quot;,
        &quot;QBRecordID&quot;: 7133,
        &quot;Third_Party_Dependant_For_Conne&quot;: null,
        &quot;Latitude&quot;: -29.71832451,
        &quot;Longitude&quot;: 31.05509162
      }
    },
    {
      &quot;attributes&quot;: {
        &quot;Precincts&quot;: &quot;Island Circle&quot;,
        &quot;Quickbase_Status&quot;: &quot;Planned&quot;,
        &quot;QBRecordID&quot;: 7191,
        &quot;Third_Party_Dependant_For_Conne&quot;: null,
        &quot;Latitude&quot;: -29.76797268,
        &quot;Longitude&quot;: 31.00405718
      }
    },
    {
      &quot;attributes&quot;: {
        &quot;Precincts&quot;: &quot;Island Circle&quot;,
        &quot;Quickbase_Status&quot;: &quot;Planned&quot;,
        &quot;QBRecordID&quot;: 7192,
        &quot;Third_Party_Dependant_For_Conne&quot;: null,
        &quot;Latitude&quot;: -29.76748575,
        &quot;Longitude&quot;: 31.0044418
      }
    },
    {
      &quot;attributes&quot;: {
        &quot;Precincts&quot;: &quot;Island Circle&quot;,
        &quot;Quickbase_Status&quot;: &quot;Planned&quot;,
        &quot;QBRecordID&quot;: 7194,
        &quot;Third_Party_Dependant_For_Conne&quot;: null,
        &quot;Latitude&quot;: -29.76727011,
        &quot;Longitude&quot;: 31.00475784
      }
    },
    {
      &quot;attributes&quot;: {
        &quot;Precincts&quot;: &quot;Island Circle&quot;,
        &quot;Quickbase_Status&quot;: &quot;Planned&quot;,
        &quot;QBRecordID&quot;: 7202,
        &quot;Third_Party_Dependant_For_Conne&quot;: null,
        &quot;Latitude&quot;: -29.76735685,
        &quot;Longitude&quot;: 31.00672529
      }
    },
    {
      &quot;attributes&quot;: {
        &quot;Precincts&quot;: &quot;Island Circle&quot;,
        &quot;Quickbase_Status&quot;: &quot;Planned&quot;,
        &quot;QBRecordID&quot;: 7205,
        &quot;Third_Party_Dependant_For_Conne&quot;: null,
        &quot;Latitude&quot;: -29.7681639,
        &quot;Longitude&quot;: 31.00650271
      }
    },
    {
      &quot;attributes&quot;: {
        &quot;Precincts&quot;: &quot;Island Circle&quot;,
        &quot;Quickbase_Status&quot;: &quot;Planned&quot;,
        &quot;QBRecordID&quot;: 7206,
        &quot;Third_Party_Dependant_For_Conne&quot;: null,
        &quot;Latitude&quot;: -29.76841436,
        &quot;Longitude&quot;: 31.00595686
      }
    },
    {
      &quot;attributes&quot;: {
        &quot;Precincts&quot;: &quot;Island Circle&quot;,
        &quot;Quickbase_Status&quot;: &quot;Planned&quot;,
        &quot;QBRecordID&quot;: 7208,
        &quot;Third_Party_Dependant_For_Conne&quot;: null,
        &quot;Latitude&quot;: -29.76863903,
        &quot;Longitude&quot;: 31.0050664
      }
    },
    {
      &quot;attributes&quot;: {
        &quot;Precincts&quot;: &quot;Island Circle&quot;,
        &quot;Quickbase_Status&quot;: &quot;Planned&quot;,
        &quot;QBRecordID&quot;: 7209,
        &quot;Third_Party_Dependant_For_Conne&quot;: null,
        &quot;Latitude&quot;: -29.76879866,
        &quot;Longitude&quot;: 31.00469608
      }
    },
    {
      &quot;attributes&quot;: {
        &quot;Precincts&quot;: &quot;Island Circle&quot;,
        &quot;Quickbase_Status&quot;: &quot;Planned&quot;,
        &quot;QBRecordID&quot;: 7190,
        &quot;Third_Party_Dependant_For_Conne&quot;: null,
        &quot;Latitude&quot;: -29.76784175,
        &quot;Longitude&quot;: 31.00527104
      }
    },
    {
      &quot;attributes&quot;: {
        &quot;Precincts&quot;: &quot;Umhlanga (Phase 3)&quot;,
        &quot;Quickbase_Status&quot;: &quot;Planned&quot;,
        &quot;QBRecordID&quot;: 8141,
        &quot;Third_Party_Dependant_For_Conne&quot;: null,
        &quot;Latitude&quot;: -29.75547416,
        &quot;Longitude&quot;: 31.06548912
      }
    },
    {
      &quot;attributes&quot;: {
        &quot;Precincts&quot;: &quot;Umhlanga (Phase 3)&quot;,
        &quot;Quickbase_Status&quot;: &quot;Planned&quot;,
        &quot;QBRecordID&quot;: 8140,
        &quot;Third_Party_Dependant_For_Conne&quot;: null,
        &quot;Latitude&quot;: -29.75449025,
        &quot;Longitude&quot;: 31.06564341
      }
    },
    {
      &quot;attributes&quot;: {
        &quot;Precincts&quot;: &quot;Meridian Drive&quot;,
        &quot;Quickbase_Status&quot;: &quot;Planned&quot;,
        &quot;QBRecordID&quot;: 7540,
        &quot;Third_Party_Dependant_For_Conne&quot;: null,
        &quot;Latitude&quot;: -29.72955144,
        &quot;Longitude&quot;: 31.06842981
      }
    },
    {
      &quot;attributes&quot;: {
        &quot;Precincts&quot;: &quot;Meridian Drive&quot;,
        &quot;Quickbase_Status&quot;: &quot;Planned&quot;,
        &quot;QBRecordID&quot;: 9424,
        &quot;Third_Party_Dependant_For_Conne&quot;: null,
        &quot;Latitude&quot;: -29.71818677,
        &quot;Longitude&quot;: 31.0664246
      }
    },
    {
      &quot;attributes&quot;: {
        &quot;Precincts&quot;: &quot;Meridian Drive&quot;,
        &quot;Quickbase_Status&quot;: &quot;Planned&quot;,
        &quot;QBRecordID&quot;: 7463,
        &quot;Third_Party_Dependant_For_Conne&quot;: null,
        &quot;Latitude&quot;: -29.71790691,
        &quot;Longitude&quot;: 31.06581856
      }
    },
    {
      &quot;attributes&quot;: {
        &quot;Precincts&quot;: &quot;Meridian Drive&quot;,
        &quot;Quickbase_Status&quot;: &quot;Planned&quot;,
        &quot;QBRecordID&quot;: 7455,
        &quot;Third_Party_Dependant_For_Conne&quot;: null,
        &quot;Latitude&quot;: -29.71896036,
        &quot;Longitude&quot;: 31.06451768
      }
    },
    {
      &quot;attributes&quot;: {
        &quot;Precincts&quot;: &quot;Meridian Drive&quot;,
        &quot;Quickbase_Status&quot;: &quot;Planned&quot;,
        &quot;QBRecordID&quot;: 7486,
        &quot;Third_Party_Dependant_For_Conne&quot;: null,
        &quot;Latitude&quot;: -29.7216236,
        &quot;Longitude&quot;: 31.06308972
      }
    },
    {
      &quot;attributes&quot;: {
        &quot;Precincts&quot;: &quot;Meridian Drive&quot;,
        &quot;Quickbase_Status&quot;: &quot;Planned&quot;,
        &quot;QBRecordID&quot;: 7485,
        &quot;Third_Party_Dependant_For_Conne&quot;: null,
        &quot;Latitude&quot;: -29.72156979,
        &quot;Longitude&quot;: 31.062788
      }
    },
    {
      &quot;attributes&quot;: {
        &quot;Precincts&quot;: &quot;Meridian Drive&quot;,
        &quot;Quickbase_Status&quot;: &quot;Planned&quot;,
        &quot;QBRecordID&quot;: 7445,
        &quot;Third_Party_Dependant_For_Conne&quot;: null,
        &quot;Latitude&quot;: -29.72103941,
        &quot;Longitude&quot;: 31.06283781
      }
    },
    {
      &quot;attributes&quot;: {
        &quot;Precincts&quot;: &quot;Meridian Drive&quot;,
        &quot;Quickbase_Status&quot;: &quot;Planned&quot;,
        &quot;QBRecordID&quot;: 7462,
        &quot;Third_Party_Dependant_For_Conne&quot;: null,
        &quot;Latitude&quot;: -29.72085756,
        &quot;Longitude&quot;: 31.06259386
      }
    },
    {
      &quot;attributes&quot;: {
        &quot;Precincts&quot;: &quot;Meridian Drive&quot;,
        &quot;Quickbase_Status&quot;: &quot;Planned&quot;,
        &quot;QBRecordID&quot;: 7438,
        &quot;Third_Party_Dependant_For_Conne&quot;: null,
        &quot;Latitude&quot;: -29.72317225,
        &quot;Longitude&quot;: 31.06213442
      }
    },
    {
      &quot;attributes&quot;: {
        &quot;Precincts&quot;: &quot;Meridian Drive&quot;,
        &quot;Quickbase_Status&quot;: &quot;Planned&quot;,
        &quot;QBRecordID&quot;: 7439,
        &quot;Third_Party_Dependant_For_Conne&quot;: null,
        &quot;Latitude&quot;: -29.72367252,
        &quot;Longitude&quot;: 31.06268733
      }
    },
    {
      &quot;attributes&quot;: {
        &quot;Precincts&quot;: &quot;Meridian Drive&quot;,
        &quot;Quickbase_Status&quot;: &quot;Planned&quot;,
        &quot;QBRecordID&quot;: 7527,
        &quot;Third_Party_Dependant_For_Conne&quot;: null,
        &quot;Latitude&quot;: -29.72581447,
        &quot;Longitude&quot;: 31.06843269
      }
    },
    {
      &quot;attributes&quot;: {
        &quot;Precincts&quot;: &quot;Umhlanga (Phase 3)&quot;,
        &quot;Quickbase_Status&quot;: &quot;Planned&quot;,
        &quot;QBRecordID&quot;: 8139,
        &quot;Third_Party_Dependant_For_Conne&quot;: null,
        &quot;Latitude&quot;: -29.75484218,
        &quot;Longitude&quot;: 31.06335657
      }
    },
    {
      &quot;attributes&quot;: {
        &quot;Precincts&quot;: &quot;Homestead&quot;,
        &quot;Quickbase_Status&quot;: &quot;Planned&quot;,
        &quot;QBRecordID&quot;: 243,
        &quot;Third_Party_Dependant_For_Conne&quot;: null,
        &quot;Latitude&quot;: -26.04658765,
        &quot;Longitude&quot;: 28.05614831
      }
    },
    {
      &quot;attributes&quot;: {
        &quot;Precincts&quot;: &quot;TechnoPark&quot;,
        &quot;Quickbase_Status&quot;: &quot;Planned&quot;,
        &quot;QBRecordID&quot;: 751,
        &quot;Third_Party_Dependant_For_Conne&quot;: null,
        &quot;Latitude&quot;: -33.96617982,
        &quot;Longitude&quot;: 18.83813552
      }
    },
    {
      &quot;attributes&quot;: {
        &quot;Precincts&quot;: &quot;Scott Street&quot;,
        &quot;Quickbase_Status&quot;: &quot;Planned&quot;,
        &quot;QBRecordID&quot;: 1781,
        &quot;Third_Party_Dependant_For_Conne&quot;: null,
        &quot;Latitude&quot;: -26.12968008,
        &quot;Longitude&quot;: 28.07264492
      }
    },
    {
      &quot;attributes&quot;: {
        &quot;Precincts&quot;: &quot;Logan Ave&quot;,
        &quot;Quickbase_Status&quot;: &quot;Planned&quot;,
        &quot;QBRecordID&quot;: 6070,
        &quot;Third_Party_Dependant_For_Conne&quot;: null,
        &quot;Latitude&quot;: -25.87597989,
        &quot;Longitude&quot;: 28.19773092
      }
    },
    {
      &quot;attributes&quot;: {
        &quot;Precincts&quot;: &quot;Logan Ave&quot;,
        &quot;Quickbase_Status&quot;: &quot;Planned&quot;,
        &quot;QBRecordID&quot;: 6080,
        &quot;Third_Party_Dependant_For_Conne&quot;: null,
        &quot;Latitude&quot;: -25.87833011,
        &quot;Longitude&quot;: 28.1986342
      }
    },
    {
      &quot;attributes&quot;: {
        &quot;Precincts&quot;: &quot;Logan Ave&quot;,
        &quot;Quickbase_Status&quot;: &quot;Planned&quot;,
        &quot;QBRecordID&quot;: 6081,
        &quot;Third_Party_Dependant_For_Conne&quot;: null,
        &quot;Latitude&quot;: -25.87846015,
        &quot;Longitude&quot;: 28.19967096
      }
    },
    {
      &quot;attributes&quot;: {
        &quot;Precincts&quot;: &quot;Samrand Business Park&quot;,
        &quot;Quickbase_Status&quot;: &quot;Planned&quot;,
        &quot;QBRecordID&quot;: 6209,
        &quot;Third_Party_Dependant_For_Conne&quot;: null,
        &quot;Latitude&quot;: -25.92776686,
        &quot;Longitude&quot;: 28.13901703
      }
    },
    {
      &quot;attributes&quot;: {
        &quot;Precincts&quot;: &quot;Samrand Business Park&quot;,
        &quot;Quickbase_Status&quot;: &quot;Planned&quot;,
        &quot;QBRecordID&quot;: 6221,
        &quot;Third_Party_Dependant_For_Conne&quot;: null,
        &quot;Latitude&quot;: -25.93230452,
        &quot;Longitude&quot;: 28.14184003
      }
    },
    {
      &quot;attributes&quot;: {
        &quot;Precincts&quot;: &quot;Samrand Business Park&quot;,
        &quot;Quickbase_Status&quot;: &quot;Planned&quot;,
        &quot;QBRecordID&quot;: 6219,
        &quot;Third_Party_Dependant_For_Conne&quot;: null,
        &quot;Latitude&quot;: -25.93117697,
        &quot;Longitude&quot;: 28.14261598
      }
    },
    {
      &quot;attributes&quot;: {
        &quot;Precincts&quot;: &quot;Samrand Business Park&quot;,
        &quot;Quickbase_Status&quot;: &quot;Planned&quot;,
        &quot;QBRecordID&quot;: 6220,
        &quot;Third_Party_Dependant_For_Conne&quot;: null,
        &quot;Latitude&quot;: -25.93095603,
        &quot;Longitude&quot;: 28.14201382
      }
    },
    {
      &quot;attributes&quot;: {
        &quot;Precincts&quot;: &quot;Samrand Business Park&quot;,
        &quot;Quickbase_Status&quot;: &quot;Planned&quot;,
        &quot;QBRecordID&quot;: 6218,
        &quot;Third_Party_Dependant_For_Conne&quot;: null,
        &quot;Latitude&quot;: -25.93041379,
        &quot;Longitude&quot;: 28.14269151
      }
    },
    {
      &quot;attributes&quot;: {
        &quot;Precincts&quot;: &quot;Samrand Business Park&quot;,
        &quot;Quickbase_Status&quot;: &quot;Planned&quot;,
        &quot;QBRecordID&quot;: 6224,
        &quot;Third_Party_Dependant_For_Conne&quot;: null,
        &quot;Latitude&quot;: -25.93157881,
        &quot;Longitude&quot;: 28.13803858
      }
    },
    {
      &quot;attributes&quot;: {
        &quot;Precincts&quot;: &quot;Brooklyn&quot;,
        &quot;Quickbase_Status&quot;: &quot;Planned&quot;,
        &quot;QBRecordID&quot;: 7220,
        &quot;Third_Party_Dependant_For_Conne&quot;: null,
        &quot;Latitude&quot;: -25.77191353,
        &quot;Longitude&quot;: 28.23639048
      }
    },
    {
      &quot;attributes&quot;: {
        &quot;Precincts&quot;: &quot;Brooklyn&quot;,
        &quot;Quickbase_Status&quot;: &quot;Planned&quot;,
        &quot;QBRecordID&quot;: 7227,
        &quot;Third_Party_Dependant_For_Conne&quot;: null,
        &quot;Latitude&quot;: -25.76961589,
        &quot;Longitude&quot;: 28.23564443
      }
    },
    {
      &quot;attributes&quot;: {
        &quot;Precincts&quot;: &quot;Brooklyn&quot;,
        &quot;Quickbase_Status&quot;: &quot;Planned&quot;,
        &quot;QBRecordID&quot;: 7228,
        &quot;Third_Party_Dependant_For_Conne&quot;: null,
        &quot;Latitude&quot;: -25.76930846,
        &quot;Longitude&quot;: 28.23583674
      }
    },
    {
      &quot;attributes&quot;: {
        &quot;Precincts&quot;: &quot;Centurion CBD 1&quot;,
        &quot;Quickbase_Status&quot;: &quot;Planned&quot;,
        &quot;QBRecordID&quot;: 6312,
        &quot;Third_Party_Dependant_For_Conne&quot;: null,
        &quot;Latitude&quot;: -25.8627831,
        &quot;Longitude&quot;: 28.18693062
      }
    },
    {
      &quot;attributes&quot;: {
        &quot;Precincts&quot;: &quot;Centurion CBD 1&quot;,
        &quot;Quickbase_Status&quot;: &quot;Planned&quot;,
        &quot;QBRecordID&quot;: 6324,
        &quot;Third_Party_Dependant_For_Conne&quot;: null,
        &quot;Latitude&quot;: -25.86224831,
        &quot;Longitude&quot;: 28.1865757
      }
    },
    {
      &quot;attributes&quot;: {
        &quot;Precincts&quot;: &quot;Centurion CBD 2&quot;,
        &quot;Quickbase_Status&quot;: &quot;Planned&quot;,
        &quot;QBRecordID&quot;: null,
        &quot;Third_Party_Dependant_For_Conne&quot;: null,
        &quot;Latitude&quot;: -25.86088823,
        &quot;Longitude&quot;: 28.18849227
      }
    },
    {
      &quot;attributes&quot;: {
        &quot;Precincts&quot;: &quot;Centurion CBD 2&quot;,
        &quot;Quickbase_Status&quot;: &quot;Planned&quot;,
        &quot;QBRecordID&quot;: 6378,
        &quot;Third_Party_Dependant_For_Conne&quot;: null,
        &quot;Latitude&quot;: -25.86063013,
        &quot;Longitude&quot;: 28.18777353
      }
    },
    {
      &quot;attributes&quot;: {
        &quot;Precincts&quot;: &quot;Centurion CBD 2&quot;,
        &quot;Quickbase_Status&quot;: &quot;Planned&quot;,
        &quot;QBRecordID&quot;: 6375,
        &quot;Third_Party_Dependant_For_Conne&quot;: null,
        &quot;Latitude&quot;: -25.8604824,
        &quot;Longitude&quot;: 28.1880903
      }
    },
    {
      &quot;attributes&quot;: {
        &quot;Precincts&quot;: &quot;Centurion CBD 1&quot;,
        &quot;Quickbase_Status&quot;: &quot;Planned&quot;,
        &quot;QBRecordID&quot;: 6326,
        &quot;Third_Party_Dependant_For_Conne&quot;: null,
        &quot;Latitude&quot;: -25.86191912,
        &quot;Longitude&quot;: 28.18857565
      }
    },
    {
      &quot;attributes&quot;: {
        &quot;Precincts&quot;: &quot;Centurion CBD 1&quot;,
        &quot;Quickbase_Status&quot;: &quot;Planned&quot;,
        &quot;QBRecordID&quot;: 6331,
        &quot;Third_Party_Dependant_For_Conne&quot;: null,
        &quot;Latitude&quot;: -25.8630368,
        &quot;Longitude&quot;: 28.18742006
      }
    },
    {
      &quot;attributes&quot;: {
        &quot;Precincts&quot;: &quot;Centurion CBD 1&quot;,
        &quot;Quickbase_Status&quot;: &quot;Planned&quot;,
        &quot;QBRecordID&quot;: 6330,
        &quot;Third_Party_Dependant_For_Conne&quot;: null,
        &quot;Latitude&quot;: -25.86294184,
        &quot;Longitude&quot;: 28.18792275
      }
    },
    {
      &quot;attributes&quot;: {
        &quot;Precincts&quot;: &quot;Centurion CBD 1&quot;,
        &quot;Quickbase_Status&quot;: &quot;Planned&quot;,
        &quot;QBRecordID&quot;: 6332,
        &quot;Third_Party_Dependant_For_Conne&quot;: null,
        &quot;Latitude&quot;: -25.86325538,
        &quot;Longitude&quot;: 28.18793493
      }
    },
    {
      &quot;attributes&quot;: {
        &quot;Precincts&quot;: &quot;Centurion CBD 1&quot;,
        &quot;Quickbase_Status&quot;: &quot;Planned&quot;,
        &quot;QBRecordID&quot;: 6333,
        &quot;Third_Party_Dependant_For_Conne&quot;: null,
        &quot;Latitude&quot;: -25.86331064,
        &quot;Longitude&quot;: 28.1881674
      }
    },
    {
      &quot;attributes&quot;: {
        &quot;Precincts&quot;: &quot;Centurion CBD 1&quot;,
        &quot;Quickbase_Status&quot;: &quot;Planned&quot;,
        &quot;QBRecordID&quot;: 6341,
        &quot;Third_Party_Dependant_For_Conne&quot;: null,
        &quot;Latitude&quot;: -25.86303673,
        &quot;Longitude&quot;: 28.18918631
      }
    },
    {
      &quot;attributes&quot;: {
        &quot;Precincts&quot;: &quot;Centurion CBD 1&quot;,
        &quot;Quickbase_Status&quot;: &quot;Planned&quot;,
        &quot;QBRecordID&quot;: 6344,
        &quot;Third_Party_Dependant_For_Conne&quot;: null,
        &quot;Latitude&quot;: -25.8628481,
        &quot;Longitude&quot;: 28.18973171
      }
    },
    {
      &quot;attributes&quot;: {
        &quot;Precincts&quot;: &quot;Centurion CBD 1&quot;,
        &quot;Quickbase_Status&quot;: &quot;Planned&quot;,
        &quot;QBRecordID&quot;: 6347,
        &quot;Third_Party_Dependant_For_Conne&quot;: null,
        &quot;Latitude&quot;: -25.86245774,
        &quot;Longitude&quot;: 28.18882818
      }
    },
    {
      &quot;attributes&quot;: {
        &quot;Precincts&quot;: &quot;Centurion CBD 2&quot;,
        &quot;Quickbase_Status&quot;: &quot;Planned&quot;,
        &quot;QBRecordID&quot;: 6356,
        &quot;Third_Party_Dependant_For_Conne&quot;: null,
        &quot;Latitude&quot;: -25.86093293,
        &quot;Longitude&quot;: 28.18941453
      }
    },
    {
      &quot;attributes&quot;: {
        &quot;Precincts&quot;: &quot;Centurion CBD 2&quot;,
        &quot;Quickbase_Status&quot;: &quot;Planned&quot;,
        &quot;QBRecordID&quot;: 6364,
        &quot;Third_Party_Dependant_For_Conne&quot;: null,
        &quot;Latitude&quot;: -25.86179175,
        &quot;Longitude&quot;: 28.19098693
      }
    },
    {
      &quot;attributes&quot;: {
        &quot;Precincts&quot;: &quot;Centurion CBD 2&quot;,
        &quot;Quickbase_Status&quot;: &quot;Planned&quot;,
        &quot;QBRecordID&quot;: 6369,
        &quot;Third_Party_Dependant_For_Conne&quot;: null,
        &quot;Latitude&quot;: -25.86318798,
        &quot;Longitude&quot;: 28.19063917
      }
    },
    {
      &quot;attributes&quot;: {
        &quot;Precincts&quot;: &quot;Centurion CBD 2&quot;,
        &quot;Quickbase_Status&quot;: &quot;Planned&quot;,
        &quot;QBRecordID&quot;: 6370,
        &quot;Third_Party_Dependant_For_Conne&quot;: null,
        &quot;Latitude&quot;: -25.86330017,
        &quot;Longitude&quot;: 28.19095235
      }
    },
    {
      &quot;attributes&quot;: {
        &quot;Precincts&quot;: &quot;Centurion CBD 2&quot;,
        &quot;Quickbase_Status&quot;: &quot;Planned&quot;,
        &quot;QBRecordID&quot;: 6374,
        &quot;Third_Party_Dependant_For_Conne&quot;: null,
        &quot;Latitude&quot;: -25.86352598,
        &quot;Longitude&quot;: 28.19034627
      }
    },
    {
      &quot;attributes&quot;: {
        &quot;Precincts&quot;: &quot;Centurion CBD 2&quot;,
        &quot;Quickbase_Status&quot;: &quot;Planned&quot;,
        &quot;QBRecordID&quot;: 6371,
        &quot;Third_Party_Dependant_For_Conne&quot;: null,
        &quot;Latitude&quot;: -25.86387189,
        &quot;Longitude&quot;: 28.19027743
      }
    },
    {
      &quot;attributes&quot;: {
        &quot;Precincts&quot;: &quot;Centurion CBD 1&quot;,
        &quot;Quickbase_Status&quot;: &quot;Planned&quot;,
        &quot;QBRecordID&quot;: 6342,
        &quot;Third_Party_Dependant_For_Conne&quot;: null,
        &quot;Latitude&quot;: -25.86288036,
        &quot;Longitude&quot;: 28.18891159
      }
    },
    {
      &quot;attributes&quot;: {
        &quot;Precincts&quot;: &quot;Centurion CBD 1&quot;,
        &quot;Quickbase_Status&quot;: &quot;Planned&quot;,
        &quot;QBRecordID&quot;: 6325,
        &quot;Third_Party_Dependant_For_Conne&quot;: null,
        &quot;Latitude&quot;: -25.86213132,
        &quot;Longitude&quot;: 28.18831887
      }
    },
    {
      &quot;attributes&quot;: {
        &quot;Precincts&quot;: &quot;Hatfield (Phase 3)&quot;,
        &quot;Quickbase_Status&quot;: &quot;Planned&quot;,
        &quot;QBRecordID&quot;: 2932,
        &quot;Third_Party_Dependant_For_Conne&quot;: null,
        &quot;Latitude&quot;: -25.74451559,
        &quot;Longitude&quot;: 28.24166628
      }
    },
    {
      &quot;attributes&quot;: {
        &quot;Precincts&quot;: &quot;Peter Place&quot;,
        &quot;Quickbase_Status&quot;: &quot;Planned&quot;,
        &quot;QBRecordID&quot;: 2849,
        &quot;Third_Party_Dependant_For_Conne&quot;: null,
        &quot;Latitude&quot;: -26.08148995,
        &quot;Longitude&quot;: 28.01952029
      }
    },
    {
      &quot;attributes&quot;: {
        &quot;Precincts&quot;: &quot;Ingersol&quot;,
        &quot;Quickbase_Status&quot;: &quot;Planned&quot;,
        &quot;QBRecordID&quot;: 3883,
        &quot;Third_Party_Dependant_For_Conne&quot;: null,
        &quot;Latitude&quot;: -25.77705897,
        &quot;Longitude&quot;: 28.27434593
      }
    },
    {
      &quot;attributes&quot;: {
        &quot;Precincts&quot;: &quot;James Crescent&quot;,
        &quot;Quickbase_Status&quot;: &quot;Planned&quot;,
        &quot;QBRecordID&quot;: 2152,
        &quot;Third_Party_Dependant_For_Conne&quot;: null,
        &quot;Latitude&quot;: -26.00757621,
        &quot;Longitude&quot;: 28.12576594
      }
    },
    {
      &quot;attributes&quot;: {
        &quot;Precincts&quot;: &quot;Rivonia North&quot;,
        &quot;Quickbase_Status&quot;: &quot;Planned&quot;,
        &quot;QBRecordID&quot;: 3935,
        &quot;Third_Party_Dependant_For_Conne&quot;: null,
        &quot;Latitude&quot;: -26.03998641,
        &quot;Longitude&quot;: 28.06126976
      }
    },
    {
      &quot;attributes&quot;: {
        &quot;Precincts&quot;: &quot;CPT CBD Phase 03&quot;,
        &quot;Quickbase_Status&quot;: &quot;Planned&quot;,
        &quot;QBRecordID&quot;: 3120,
        &quot;Third_Party_Dependant_For_Conne&quot;: null,
        &quot;Latitude&quot;: -33.92392715,
        &quot;Longitude&quot;: 18.41416068
      }
    },
    {
      &quot;attributes&quot;: {
        &quot;Precincts&quot;: &quot;CPT CBD Phase 03&quot;,
        &quot;Quickbase_Status&quot;: &quot;Planned&quot;,
        &quot;QBRecordID&quot;: 3126,
        &quot;Third_Party_Dependant_For_Conne&quot;: null,
        &quot;Latitude&quot;: -33.92402728,
        &quot;Longitude&quot;: 18.41453542
      }
    },
    {
      &quot;attributes&quot;: {
        &quot;Precincts&quot;: &quot;CPT CBD Phase 03&quot;,
        &quot;Quickbase_Status&quot;: &quot;Planned&quot;,
        &quot;QBRecordID&quot;: 3141,
        &quot;Third_Party_Dependant_For_Conne&quot;: null,
        &quot;Latitude&quot;: -33.92559903,
        &quot;Longitude&quot;: 18.41542683
      }
    },
    {
      &quot;attributes&quot;: {
        &quot;Precincts&quot;: &quot;CPT CBD Phase 03&quot;,
        &quot;Quickbase_Status&quot;: &quot;Planned&quot;,
        &quot;QBRecordID&quot;: 3142,
        &quot;Third_Party_Dependant_For_Conne&quot;: null,
        &quot;Latitude&quot;: -33.92563875,
        &quot;Longitude&quot;: 18.41522344
      }
    },
    {
      &quot;attributes&quot;: {
        &quot;Precincts&quot;: &quot;CPT CBD Phase 03&quot;,
        &quot;Quickbase_Status&quot;: &quot;Planned&quot;,
        &quot;QBRecordID&quot;: 3143,
        &quot;Third_Party_Dependant_For_Conne&quot;: null,
        &quot;Latitude&quot;: -33.9257749,
        &quot;Longitude&quot;: 18.41527346
      }
    },
    {
      &quot;attributes&quot;: {
        &quot;Precincts&quot;: &quot;CPT CBD Phase 03&quot;,
        &quot;Quickbase_Status&quot;: &quot;Planned&quot;,
        &quot;QBRecordID&quot;: 3144,
        &quot;Third_Party_Dependant_For_Conne&quot;: null,
        &quot;Latitude&quot;: -33.92586659,
        &quot;Longitude&quot;: 18.41518631
      }
    },
    {
      &quot;attributes&quot;: {
        &quot;Precincts&quot;: &quot;CPT CBD Phase 03&quot;,
        &quot;Quickbase_Status&quot;: &quot;Planned&quot;,
        &quot;QBRecordID&quot;: 3145,
        &quot;Third_Party_Dependant_For_Conne&quot;: null,
        &quot;Latitude&quot;: -33.92596689,
        &quot;Longitude&quot;: 18.41507901
      }
    },
    {
      &quot;attributes&quot;: {
        &quot;Precincts&quot;: &quot;CPT CBD Phase 03&quot;,
        &quot;Quickbase_Status&quot;: &quot;Planned&quot;,
        &quot;QBRecordID&quot;: 3150,
        &quot;Third_Party_Dependant_For_Conne&quot;: null,
        &quot;Latitude&quot;: -33.92658181,
        &quot;Longitude&quot;: 18.41600348
      }
    },
    {
      &quot;attributes&quot;: {
        &quot;Precincts&quot;: &quot;CPT CBD Phase 03&quot;,
        &quot;Quickbase_Status&quot;: &quot;Planned&quot;,
        &quot;QBRecordID&quot;: 3158,
        &quot;Third_Party_Dependant_For_Conne&quot;: null,
        &quot;Latitude&quot;: -33.92620165,
        &quot;Longitude&quot;: 18.41527888
      }
    },
    {
      &quot;attributes&quot;: {
        &quot;Precincts&quot;: &quot;CPT CBD Phase 03&quot;,
        &quot;Quickbase_Status&quot;: &quot;Planned&quot;,
        &quot;QBRecordID&quot;: 3155,
        &quot;Third_Party_Dependant_For_Conne&quot;: null,
        &quot;Latitude&quot;: -33.92646245,
        &quot;Longitude&quot;: 18.41560472
      }
    },
    {
      &quot;attributes&quot;: {
        &quot;Precincts&quot;: &quot;CPT CBD Phase 03&quot;,
        &quot;Quickbase_Status&quot;: &quot;Planned&quot;,
        &quot;QBRecordID&quot;: 3156,
        &quot;Third_Party_Dependant_For_Conne&quot;: null,
        &quot;Latitude&quot;: -33.92634437,
        &quot;Longitude&quot;: 18.41545979
      }
    },
    {
      &quot;attributes&quot;: {
        &quot;Precincts&quot;: &quot;CPT CBD Phase 04&quot;,
        &quot;Quickbase_Status&quot;: &quot;Planned&quot;,
        &quot;QBRecordID&quot;: 3813,
        &quot;Third_Party_Dependant_For_Conne&quot;: null,
        &quot;Latitude&quot;: -33.92279228,
        &quot;Longitude&quot;: 18.42084512
      }
    },
    {
      &quot;attributes&quot;: {
        &quot;Precincts&quot;: &quot;CPT CBD Phase 04&quot;,
        &quot;Quickbase_Status&quot;: &quot;Planned&quot;,
        &quot;QBRecordID&quot;: 3414,
        &quot;Third_Party_Dependant_For_Conne&quot;: null,
        &quot;Latitude&quot;: -33.92289973,
        &quot;Longitude&quot;: 18.42061916
      }
    },
    {
      &quot;attributes&quot;: {
        &quot;Precincts&quot;: &quot;CPT CBD Phase 03&quot;,
        &quot;Quickbase_Status&quot;: &quot;Planned&quot;,
        &quot;QBRecordID&quot;: 3119,
        &quot;Third_Party_Dependant_For_Conne&quot;: null,
        &quot;Latitude&quot;: -33.9235198,
        &quot;Longitude&quot;: 18.41491089
      }
    },
    {
      &quot;attributes&quot;: {
        &quot;Precincts&quot;: &quot;CPT CBD Phase 04&quot;,
        &quot;Quickbase_Status&quot;: &quot;Planned&quot;,
        &quot;QBRecordID&quot;: 3847,
        &quot;Third_Party_Dependant_For_Conne&quot;: null,
        &quot;Latitude&quot;: -33.92225051,
        &quot;Longitude&quot;: 18.42210352
      }
    },
    {
      &quot;attributes&quot;: {
        &quot;Precincts&quot;: &quot;CPT CBD Phase 04&quot;,
        &quot;Quickbase_Status&quot;: &quot;Planned&quot;,
        &quot;QBRecordID&quot;: 3850,
        &quot;Third_Party_Dependant_For_Conne&quot;: null,
        &quot;Latitude&quot;: -33.92274199,
        &quot;Longitude&quot;: 18.42206718
      }
    },
    {
      &quot;attributes&quot;: {
        &quot;Precincts&quot;: &quot;CPT CBD Phase 04&quot;,
        &quot;Quickbase_Status&quot;: &quot;Planned&quot;,
        &quot;QBRecordID&quot;: 3861,
        &quot;Third_Party_Dependant_For_Conne&quot;: null,
        &quot;Latitude&quot;: -33.92317243,
        &quot;Longitude&quot;: 18.42141223
      }
    },
    {
      &quot;attributes&quot;: {
        &quot;Precincts&quot;: &quot;CPT CBD Phase 04&quot;,
        &quot;Quickbase_Status&quot;: &quot;Planned&quot;,
        &quot;QBRecordID&quot;: 3854,
        &quot;Third_Party_Dependant_For_Conne&quot;: null,
        &quot;Latitude&quot;: -33.92215872,
        &quot;Longitude&quot;: 18.42084911
      }
    },
    {
      &quot;attributes&quot;: {
        &quot;Precincts&quot;: &quot;CPT CBD Phase 04&quot;,
        &quot;Quickbase_Status&quot;: &quot;Planned&quot;,
        &quot;QBRecordID&quot;: 3853,
        &quot;Third_Party_Dependant_For_Conne&quot;: null,
        &quot;Latitude&quot;: -33.92220408,
        &quot;Longitude&quot;: 18.42096439
      }
    },
    {
      &quot;attributes&quot;: {
        &quot;Precincts&quot;: &quot;CPT CBD Phase 04&quot;,
        &quot;Quickbase_Status&quot;: &quot;Planned&quot;,
        &quot;QBRecordID&quot;: 3412,
        &quot;Third_Party_Dependant_For_Conne&quot;: null,
        &quot;Latitude&quot;: -33.92296972,
        &quot;Longitude&quot;: 18.42117813
      }
    },
    {
      &quot;attributes&quot;: {
        &quot;Precincts&quot;: &quot;CPT CBD Phase 04&quot;,
        &quot;Quickbase_Status&quot;: &quot;Planned&quot;,
        &quot;QBRecordID&quot;: 3862,
        &quot;Third_Party_Dependant_For_Conne&quot;: null,
        &quot;Latitude&quot;: -33.92305515,
        &quot;Longitude&quot;: 18.42124607
      }
    },
    {
      &quot;attributes&quot;: {
        &quot;Precincts&quot;: &quot;CPT CBD Phase 04&quot;,
        &quot;Quickbase_Status&quot;: &quot;Planned&quot;,
        &quot;QBRecordID&quot;: 3864,
        &quot;Third_Party_Dependant_For_Conne&quot;: null,
        &quot;Latitude&quot;: -33.92324289,
        &quot;Longitude&quot;: 18.42104003
      }
    },
    {
      &quot;attributes&quot;: {
        &quot;Precincts&quot;: &quot;CPT CBD Phase 04&quot;,
        &quot;Quickbase_Status&quot;: &quot;Planned&quot;,
        &quot;QBRecordID&quot;: 3865,
        &quot;Third_Party_Dependant_For_Conne&quot;: null,
        &quot;Latitude&quot;: -33.92345736,
        &quot;Longitude&quot;: 18.42124777
      }
    },
    {
      &quot;attributes&quot;: {
        &quot;Precincts&quot;: &quot;CPT CBD Phase 04&quot;,
        &quot;Quickbase_Status&quot;: &quot;Planned&quot;,
        &quot;QBRecordID&quot;: 3869,
        &quot;Third_Party_Dependant_For_Conne&quot;: null,
        &quot;Latitude&quot;: -33.92418265,
        &quot;Longitude&quot;: 18.42017614
      }
    },
    {
      &quot;attributes&quot;: {
        &quot;Precincts&quot;: &quot;CPT CBD Phase 04&quot;,
        &quot;Quickbase_Status&quot;: &quot;Planned&quot;,
        &quot;QBRecordID&quot;: 3416,
        &quot;Third_Party_Dependant_For_Conne&quot;: null,
        &quot;Latitude&quot;: -33.92367667,
        &quot;Longitude&quot;: 18.42051723
      }
    },
    {
      &quot;attributes&quot;: {
        &quot;Precincts&quot;: &quot;CPT CBD Phase 03&quot;,
        &quot;Quickbase_Status&quot;: &quot;Planned&quot;,
        &quot;QBRecordID&quot;: 3841,
        &quot;Third_Party_Dependant_For_Conne&quot;: null,
        &quot;Latitude&quot;: -33.92482378,
        &quot;Longitude&quot;: 18.41366048
      }
    },
    {
      &quot;attributes&quot;: {
        &quot;Precincts&quot;: &quot;CPT CBD Phase 06&quot;,
        &quot;Quickbase_Status&quot;: &quot;Planned&quot;,
        &quot;QBRecordID&quot;: 3215,
        &quot;Third_Party_Dependant_For_Conne&quot;: null,
        &quot;Latitude&quot;: -33.91941636,
        &quot;Longitude&quot;: 18.42301059
      }
    },
    {
      &quot;attributes&quot;: {
        &quot;Precincts&quot;: &quot;CPT CBD Phase 06&quot;,
        &quot;Quickbase_Status&quot;: &quot;Planned&quot;,
        &quot;QBRecordID&quot;: 3220,
        &quot;Third_Party_Dependant_For_Conne&quot;: null,
        &quot;Latitude&quot;: -33.92015226,
        &quot;Longitude&quot;: 18.42249062
      }
    },
    {
      &quot;attributes&quot;: {
        &quot;Precincts&quot;: &quot;CPT CBD Phase 06&quot;,
        &quot;Quickbase_Status&quot;: &quot;Planned&quot;,
        &quot;QBRecordID&quot;: 3219,
        &quot;Third_Party_Dependant_For_Conne&quot;: null,
        &quot;Latitude&quot;: -33.9199374,
        &quot;Longitude&quot;: 18.42271192
      }
    },
    {
      &quot;attributes&quot;: {
        &quot;Precincts&quot;: &quot;CPT CBD Phase 06&quot;,
        &quot;Quickbase_Status&quot;: &quot;Planned&quot;,
        &quot;QBRecordID&quot;: 3223,
        &quot;Third_Party_Dependant_For_Conne&quot;: null,
        &quot;Latitude&quot;: -33.9207833,
        &quot;Longitude&quot;: 18.42385973
      }
    },
    {
      &quot;attributes&quot;: {
        &quot;Precincts&quot;: &quot;CPT CBD Phase 06&quot;,
        &quot;Quickbase_Status&quot;: &quot;Planned&quot;,
        &quot;QBRecordID&quot;: 3228,
        &quot;Third_Party_Dependant_For_Conne&quot;: null,
        &quot;Latitude&quot;: -33.92099638,
        &quot;Longitude&quot;: 18.42273912
      }
    },
    {
      &quot;attributes&quot;: {
        &quot;Precincts&quot;: &quot;CPT CBD Phase 06&quot;,
        &quot;Quickbase_Status&quot;: &quot;Planned&quot;,
        &quot;QBRecordID&quot;: 3229,
        &quot;Third_Party_Dependant_For_Conne&quot;: null,
        &quot;Latitude&quot;: -33.92107857,
        &quot;Longitude&quot;: 18.42275054
      }
    },
    {
      &quot;attributes&quot;: {
        &quot;Precincts&quot;: &quot;CPT CBD Phase 06&quot;,
        &quot;Quickbase_Status&quot;: &quot;Planned&quot;,
        &quot;QBRecordID&quot;: 3410,
        &quot;Third_Party_Dependant_For_Conne&quot;: null,
        &quot;Latitude&quot;: -33.92117158,
        &quot;Longitude&quot;: 18.42266907
      }
    },
    {
      &quot;attributes&quot;: {
        &quot;Precincts&quot;: &quot;CPT CBD Phase 14&quot;,
        &quot;Quickbase_Status&quot;: &quot;Planned&quot;,
        &quot;QBRecordID&quot;: 3746,
        &quot;Third_Party_Dependant_For_Conne&quot;: null,
        &quot;Latitude&quot;: -33.92536942,
        &quot;Longitude&quot;: 18.4237409
      }
    },
    {
      &quot;attributes&quot;: {
        &quot;Precincts&quot;: &quot;CPT CBD Phase 14&quot;,
        &quot;Quickbase_Status&quot;: &quot;Planned&quot;,
        &quot;QBRecordID&quot;: 3747,
        &quot;Third_Party_Dependant_For_Conne&quot;: null,
        &quot;Latitude&quot;: -33.92595368,
        &quot;Longitude&quot;: 18.4245935
      }
    },
    {
      &quot;attributes&quot;: {
        &quot;Precincts&quot;: &quot;CPT CBD Phase 14&quot;,
        &quot;Quickbase_Status&quot;: &quot;Planned&quot;,
        &quot;QBRecordID&quot;: 3839,
        &quot;Third_Party_Dependant_For_Conne&quot;: null,
        &quot;Latitude&quot;: -33.92584955,
        &quot;Longitude&quot;: 18.42325872
      }
    },
    {
      &quot;attributes&quot;: {
        &quot;Precincts&quot;: &quot;CPT CBD Phase 14&quot;,
        &quot;Quickbase_Status&quot;: &quot;Planned&quot;,
        &quot;QBRecordID&quot;: 3751,
        &quot;Third_Party_Dependant_For_Conne&quot;: null,
        &quot;Latitude&quot;: -33.92692694,
        &quot;Longitude&quot;: 18.4249645
      }
    },
    {
      &quot;attributes&quot;: {
        &quot;Precincts&quot;: &quot;CPT CBD Phase 14&quot;,
        &quot;Quickbase_Status&quot;: &quot;Planned&quot;,
        &quot;QBRecordID&quot;: 3753,
        &quot;Third_Party_Dependant_For_Conne&quot;: null,
        &quot;Latitude&quot;: -33.9273128,
        &quot;Longitude&quot;: 18.42480314
      }
    },
    {
      &quot;attributes&quot;: {
        &quot;Precincts&quot;: &quot;CPT CBD Phase 14&quot;,
        &quot;Quickbase_Status&quot;: &quot;Planned&quot;,
        &quot;QBRecordID&quot;: 3762,
        &quot;Third_Party_Dependant_For_Conne&quot;: null,
        &quot;Latitude&quot;: -33.92593171,
        &quot;Longitude&quot;: 18.42118014
      }
    },
    {
      &quot;attributes&quot;: {
        &quot;Precincts&quot;: &quot;CPT CBD Phase 14&quot;,
        &quot;Quickbase_Status&quot;: &quot;Planned&quot;,
        &quot;QBRecordID&quot;: 3765,
        &quot;Third_Party_Dependant_For_Conne&quot;: null,
        &quot;Latitude&quot;: -33.92595951,
        &quot;Longitude&quot;: 18.42169475
      }
    },
    {
      &quot;attributes&quot;: {
        &quot;Precincts&quot;: &quot;CPT CBD Phase 14&quot;,
        &quot;Quickbase_Status&quot;: &quot;Planned&quot;,
        &quot;QBRecordID&quot;: 3772,
        &quot;Third_Party_Dependant_For_Conne&quot;: null,
        &quot;Latitude&quot;: -33.92597604,
        &quot;Longitude&quot;: 18.42159088
      }
    },
    {
      &quot;attributes&quot;: {
        &quot;Precincts&quot;: &quot;CPT CBD Phase 14&quot;,
        &quot;Quickbase_Status&quot;: &quot;Planned&quot;,
        &quot;QBRecordID&quot;: 3771,
        &quot;Third_Party_Dependant_For_Conne&quot;: null,
        &quot;Latitude&quot;: -33.92610644,
        &quot;Longitude&quot;: 18.42157451
      }
    },
    {
      &quot;attributes&quot;: {
        &quot;Precincts&quot;: &quot;CPT CBD Phase 14&quot;,
        &quot;Quickbase_Status&quot;: &quot;Planned&quot;,
        &quot;QBRecordID&quot;: 3770,
        &quot;Third_Party_Dependant_For_Conne&quot;: null,
        &quot;Latitude&quot;: -33.92643028,
        &quot;Longitude&quot;: 18.42107717
      }
    },
    {
      &quot;attributes&quot;: {
        &quot;Precincts&quot;: &quot;CPT CBD Phase 14&quot;,
        &quot;Quickbase_Status&quot;: &quot;Planned&quot;,
        &quot;QBRecordID&quot;: 3768,
        &quot;Third_Party_Dependant_For_Conne&quot;: null,
        &quot;Latitude&quot;: -33.92658424,
        &quot;Longitude&quot;: 18.42126666
      }
    },
    {
      &quot;attributes&quot;: {
        &quot;Precincts&quot;: &quot;CPT CBD Phase 14&quot;,
        &quot;Quickbase_Status&quot;: &quot;Planned&quot;,
        &quot;QBRecordID&quot;: 3775,
        &quot;Third_Party_Dependant_For_Conne&quot;: null,
        &quot;Latitude&quot;: -33.92641097,
        &quot;Longitude&quot;: 18.42317106
      }
    },
    {
      &quot;attributes&quot;: {
        &quot;Precincts&quot;: &quot;CPT CBD Phase 14&quot;,
        &quot;Quickbase_Status&quot;: &quot;Planned&quot;,
        &quot;QBRecordID&quot;: 3773,
        &quot;Third_Party_Dependant_For_Conne&quot;: null,
        &quot;Latitude&quot;: -33.9260822,
        &quot;Longitude&quot;: 18.42255202
      }
    },
    {
      &quot;attributes&quot;: {
        &quot;Precincts&quot;: &quot;CPT CBD Phase 14&quot;,
        &quot;Quickbase_Status&quot;: &quot;Planned&quot;,
        &quot;QBRecordID&quot;: 3776,
        &quot;Third_Party_Dependant_For_Conne&quot;: null,
        &quot;Latitude&quot;: -33.92628625,
        &quot;Longitude&quot;: 18.42232396
      }
    },
    {
      &quot;attributes&quot;: {
        &quot;Precincts&quot;: &quot;CPT CBD Phase 14&quot;,
        &quot;Quickbase_Status&quot;: &quot;Planned&quot;,
        &quot;QBRecordID&quot;: 3774,
        &quot;Third_Party_Dependant_For_Conne&quot;: null,
        &quot;Latitude&quot;: -33.92644455,
        &quot;Longitude&quot;: 18.42278307
      }
    },
    {
      &quot;attributes&quot;: {
        &quot;Precincts&quot;: &quot;CPT CBD Phase 13&quot;,
        &quot;Quickbase_Status&quot;: &quot;Planned&quot;,
        &quot;QBRecordID&quot;: 10519,
        &quot;Third_Party_Dependant_For_Conne&quot;: null,
        &quot;Latitude&quot;: -33.92175674,
        &quot;Longitude&quot;: 18.42007172
      }
    },
    {
      &quot;attributes&quot;: {
        &quot;Precincts&quot;: &quot;CPT CBD Phase 10&quot;,
        &quot;Quickbase_Status&quot;: &quot;Planned&quot;,
        &quot;QBRecordID&quot;: 10258,
        &quot;Third_Party_Dependant_For_Conne&quot;: null,
        &quot;Latitude&quot;: -33.92495093,
        &quot;Longitude&quot;: 18.42217365
      }
    },
    {
      &quot;attributes&quot;: {
        &quot;Precincts&quot;: &quot;Lagoon Drive&quot;,
        &quot;Quickbase_Status&quot;: &quot;Planned&quot;,
        &quot;QBRecordID&quot;: 7626,
        &quot;Third_Party_Dependant_For_Conne&quot;: null,
        &quot;Latitude&quot;: -29.72704207,
        &quot;Longitude&quot;: 31.08295459
      }
    },
    {
      &quot;attributes&quot;: {
        &quot;Precincts&quot;: &quot;Lagoon Drive&quot;,
        &quot;Quickbase_Status&quot;: &quot;Planned&quot;,
        &quot;QBRecordID&quot;: 7607,
        &quot;Third_Party_Dependant_For_Conne&quot;: null,
        &quot;Latitude&quot;: -29.72069415,
        &quot;Longitude&quot;: 31.08985573
      }
    },
    {
      &quot;attributes&quot;: {
        &quot;Precincts&quot;: &quot;Lagoon Drive&quot;,
        &quot;Quickbase_Status&quot;: &quot;Planned&quot;,
        &quot;QBRecordID&quot;: 7606,
        &quot;Third_Party_Dependant_For_Conne&quot;: null,
        &quot;Latitude&quot;: -29.72128821,
        &quot;Longitude&quot;: 31.08963308
      }
    },
    {
      &quot;attributes&quot;: {
        &quot;Precincts&quot;: &quot;Lagoon Drive&quot;,
        &quot;Quickbase_Status&quot;: &quot;Planned&quot;,
        &quot;QBRecordID&quot;: 7603,
        &quot;Third_Party_Dependant_For_Conne&quot;: null,
        &quot;Latitude&quot;: -29.72367429,
        &quot;Longitude&quot;: 31.0860043
      }
    },
    {
      &quot;attributes&quot;: {
        &quot;Precincts&quot;: &quot;Lagoon Drive&quot;,
        &quot;Quickbase_Status&quot;: &quot;Planned&quot;,
        &quot;QBRecordID&quot;: 7605,
        &quot;Third_Party_Dependant_For_Conne&quot;: null,
        &quot;Latitude&quot;: -29.72181256,
        &quot;Longitude&quot;: 31.08793945
      }
    },
    {
      &quot;attributes&quot;: {
        &quot;Precincts&quot;: &quot;Lagoon Drive&quot;,
        &quot;Quickbase_Status&quot;: &quot;Planned&quot;,
        &quot;QBRecordID&quot;: 7600,
        &quot;Third_Party_Dependant_For_Conne&quot;: null,
        &quot;Latitude&quot;: -29.72376402,
        &quot;Longitude&quot;: 31.08790688
      }
    },
    {
      &quot;attributes&quot;: {
        &quot;Precincts&quot;: &quot;Lagoon Drive&quot;,
        &quot;Quickbase_Status&quot;: &quot;Planned&quot;,
        &quot;QBRecordID&quot;: 7601,
        &quot;Third_Party_Dependant_For_Conne&quot;: null,
        &quot;Latitude&quot;: -29.72471777,
        &quot;Longitude&quot;: 31.08846307
      }
    },
    {
      &quot;attributes&quot;: {
        &quot;Precincts&quot;: &quot;Lagoon Drive&quot;,
        &quot;Quickbase_Status&quot;: &quot;Planned&quot;,
        &quot;QBRecordID&quot;: 7602,
        &quot;Third_Party_Dependant_For_Conne&quot;: null,
        &quot;Latitude&quot;: -29.72311012,
        &quot;Longitude&quot;: 31.08574026
      }
    },
    {
      &quot;attributes&quot;: {
        &quot;Precincts&quot;: &quot;Lagoon Drive&quot;,
        &quot;Quickbase_Status&quot;: &quot;Planned&quot;,
        &quot;QBRecordID&quot;: 7620,
        &quot;Third_Party_Dependant_For_Conne&quot;: null,
        &quot;Latitude&quot;: -29.72634689,
        &quot;Longitude&quot;: 31.08455031
      }
    },
    {
      &quot;attributes&quot;: {
        &quot;Precincts&quot;: &quot;Umhlanga (Phase 2)&quot;,
        &quot;Quickbase_Status&quot;: &quot;Planned&quot;,
        &quot;QBRecordID&quot;: 7556,
        &quot;Third_Party_Dependant_For_Conne&quot;: null,
        &quot;Latitude&quot;: -29.72974127,
        &quot;Longitude&quot;: 31.06368176
      }
    },
    {
      &quot;attributes&quot;: {
        &quot;Precincts&quot;: &quot;Umhlanga (Phase 2)&quot;,
        &quot;Quickbase_Status&quot;: &quot;Planned&quot;,
        &quot;QBRecordID&quot;: 7565,
        &quot;Third_Party_Dependant_For_Conne&quot;: null,
        &quot;Latitude&quot;: -29.73199328,
        &quot;Longitude&quot;: 31.06208635
      }
    },
    {
      &quot;attributes&quot;: {
        &quot;Precincts&quot;: &quot;Meridian Drive&quot;,
        &quot;Quickbase_Status&quot;: &quot;Planned&quot;,
        &quot;QBRecordID&quot;: 7508,
        &quot;Third_Party_Dependant_For_Conne&quot;: null,
        &quot;Latitude&quot;: -29.72015901,
        &quot;Longitude&quot;: 31.06219945
      }
    },
    {
      &quot;attributes&quot;: {
        &quot;Precincts&quot;: &quot;Meridian Drive&quot;,
        &quot;Quickbase_Status&quot;: &quot;Planned&quot;,
        &quot;QBRecordID&quot;: 7492,
        &quot;Third_Party_Dependant_For_Conne&quot;: null,
        &quot;Latitude&quot;: -29.72021177,
        &quot;Longitude&quot;: 31.0613511
      }
    },
    {
      &quot;attributes&quot;: {
        &quot;Precincts&quot;: &quot;Meridian Drive&quot;,
        &quot;Quickbase_Status&quot;: &quot;Planned&quot;,
        &quot;QBRecordID&quot;: 7509,
        &quot;Third_Party_Dependant_For_Conne&quot;: null,
        &quot;Latitude&quot;: -29.71973915,
        &quot;Longitude&quot;: 31.06161347
      }
    },
    {
      &quot;attributes&quot;: {
        &quot;Precincts&quot;: &quot;Meridian Drive&quot;,
        &quot;Quickbase_Status&quot;: &quot;Planned&quot;,
        &quot;QBRecordID&quot;: 7507,
        &quot;Third_Party_Dependant_For_Conne&quot;: null,
        &quot;Latitude&quot;: -29.71908871,
        &quot;Longitude&quot;: 31.06226661
      }
    },
    {
      &quot;attributes&quot;: {
        &quot;Precincts&quot;: &quot;Meridian Drive&quot;,
        &quot;Quickbase_Status&quot;: &quot;Planned&quot;,
        &quot;QBRecordID&quot;: 7477,
        &quot;Third_Party_Dependant_For_Conne&quot;: null,
        &quot;Latitude&quot;: -29.71881325,
        &quot;Longitude&quot;: 31.06580955
      }
    },
    {
      &quot;attributes&quot;: {
        &quot;Precincts&quot;: &quot;Meridian Drive&quot;,
        &quot;Quickbase_Status&quot;: &quot;Planned&quot;,
        &quot;QBRecordID&quot;: 9425,
        &quot;Third_Party_Dependant_For_Conne&quot;: null,
        &quot;Latitude&quot;: -29.7191239,
        &quot;Longitude&quot;: 31.06478992
      }
    },
    {
      &quot;attributes&quot;: {
        &quot;Precincts&quot;: &quot;Meridian Drive&quot;,
        &quot;Quickbase_Status&quot;: &quot;Planned&quot;,
        &quot;QBRecordID&quot;: 7451,
        &quot;Third_Party_Dependant_For_Conne&quot;: null,
        &quot;Latitude&quot;: -29.71854721,
        &quot;Longitude&quot;: 31.06424988
      }
    },
    {
      &quot;attributes&quot;: {
        &quot;Precincts&quot;: &quot;Meridian Drive&quot;,
        &quot;Quickbase_Status&quot;: &quot;Planned&quot;,
        &quot;QBRecordID&quot;: 7452,
        &quot;Third_Party_Dependant_For_Conne&quot;: null,
        &quot;Latitude&quot;: -29.71900008,
        &quot;Longitude&quot;: 31.06385173
      }
    },
    {
      &quot;attributes&quot;: {
        &quot;Precincts&quot;: &quot;Meridian Drive&quot;,
        &quot;Quickbase_Status&quot;: &quot;Planned&quot;,
        &quot;QBRecordID&quot;: 7460,
        &quot;Third_Party_Dependant_For_Conne&quot;: null,
        &quot;Latitude&quot;: -29.71772471,
        &quot;Longitude&quot;: 31.0648308
      }
    },
    {
      &quot;attributes&quot;: {
        &quot;Precincts&quot;: &quot;Meridian Drive&quot;,
        &quot;Quickbase_Status&quot;: &quot;Planned&quot;,
        &quot;QBRecordID&quot;: 7535,
        &quot;Third_Party_Dependant_For_Conne&quot;: null,
        &quot;Latitude&quot;: -29.71693011,
        &quot;Longitude&quot;: 31.06388218
      }
    },
    {
      &quot;attributes&quot;: {
        &quot;Precincts&quot;: &quot;Meridian Drive&quot;,
        &quot;Quickbase_Status&quot;: &quot;Planned&quot;,
        &quot;QBRecordID&quot;: 7446,
        &quot;Third_Party_Dependant_For_Conne&quot;: null,
        &quot;Latitude&quot;: -29.72040951,
        &quot;Longitude&quot;: 31.06241834
      }
    },
    {
      &quot;attributes&quot;: {
        &quot;Precincts&quot;: &quot;Meridian Drive&quot;,
        &quot;Quickbase_Status&quot;: &quot;Planned&quot;,
        &quot;QBRecordID&quot;: 7443,
        &quot;Third_Party_Dependant_For_Conne&quot;: null,
        &quot;Latitude&quot;: -29.72111007,
        &quot;Longitude&quot;: 31.06165922
      }
    },
    {
      &quot;attributes&quot;: {
        &quot;Precincts&quot;: &quot;Meridian Drive&quot;,
        &quot;Quickbase_Status&quot;: &quot;Planned&quot;,
        &quot;QBRecordID&quot;: 9427,
        &quot;Third_Party_Dependant_For_Conne&quot;: null,
        &quot;Latitude&quot;: -29.72155795,
        &quot;Longitude&quot;: 31.06115783
      }
    },
    {
      &quot;attributes&quot;: {
        &quot;Precincts&quot;: &quot;Meridian Drive&quot;,
        &quot;Quickbase_Status&quot;: &quot;Planned&quot;,
        &quot;QBRecordID&quot;: 7442,
        &quot;Third_Party_Dependant_For_Conne&quot;: null,
        &quot;Latitude&quot;: -29.72186498,
        &quot;Longitude&quot;: 31.06184067
      }
    },
    {
      &quot;attributes&quot;: {
        &quot;Precincts&quot;: &quot;Meridian Drive&quot;,
        &quot;Quickbase_Status&quot;: &quot;Planned&quot;,
        &quot;QBRecordID&quot;: 7506,
        &quot;Third_Party_Dependant_For_Conne&quot;: null,
        &quot;Latitude&quot;: -29.72142354,
        &quot;Longitude&quot;: 31.063885
      }
    },
    {
      &quot;attributes&quot;: {
        &quot;Precincts&quot;: &quot;Meridian Drive&quot;,
        &quot;Quickbase_Status&quot;: &quot;Planned&quot;,
        &quot;QBRecordID&quot;: 7766,
        &quot;Third_Party_Dependant_For_Conne&quot;: null,
        &quot;Latitude&quot;: -29.72434592,
        &quot;Longitude&quot;: 31.06263383
      }
    },
    {
      &quot;attributes&quot;: {
        &quot;Precincts&quot;: &quot;Meridian Drive&quot;,
        &quot;Quickbase_Status&quot;: &quot;Planned&quot;,
        &quot;QBRecordID&quot;: 7494,
        &quot;Third_Party_Dependant_For_Conne&quot;: null,
        &quot;Latitude&quot;: -29.72308359,
        &quot;Longitude&quot;: 31.06316072
      }
    },
    {
      &quot;attributes&quot;: {
        &quot;Precincts&quot;: &quot;Meridian Drive&quot;,
        &quot;Quickbase_Status&quot;: &quot;Planned&quot;,
        &quot;QBRecordID&quot;: 7497,
        &quot;Third_Party_Dependant_For_Conne&quot;: null,
        &quot;Latitude&quot;: -29.72277643,
        &quot;Longitude&quot;: 31.06356602
      }
    },
    {
      &quot;attributes&quot;: {
        &quot;Precincts&quot;: &quot;Meridian Drive&quot;,
        &quot;Quickbase_Status&quot;: &quot;Planned&quot;,
        &quot;QBRecordID&quot;: 9432,
        &quot;Third_Party_Dependant_For_Conne&quot;: null,
        &quot;Latitude&quot;: -29.7237051,
        &quot;Longitude&quot;: 31.06432123
      }
    },
    {
      &quot;attributes&quot;: {
        &quot;Precincts&quot;: &quot;Meridian Drive&quot;,
        &quot;Quickbase_Status&quot;: &quot;Planned&quot;,
        &quot;QBRecordID&quot;: 9431,
        &quot;Third_Party_Dependant_For_Conne&quot;: null,
        &quot;Latitude&quot;: -29.72340848,
        &quot;Longitude&quot;: 31.06453818
      }
    },
    {
      &quot;attributes&quot;: {
        &quot;Precincts&quot;: &quot;Meridian Drive&quot;,
        &quot;Quickbase_Status&quot;: &quot;Planned&quot;,
        &quot;QBRecordID&quot;: 7511,
        &quot;Third_Party_Dependant_For_Conne&quot;: null,
        &quot;Latitude&quot;: -29.72316286,
        &quot;Longitude&quot;: 31.06513552
      }
    },
    {
      &quot;attributes&quot;: {
        &quot;Precincts&quot;: &quot;Meridian Drive&quot;,
        &quot;Quickbase_Status&quot;: &quot;Planned&quot;,
        &quot;QBRecordID&quot;: 7510,
        &quot;Third_Party_Dependant_For_Conne&quot;: null,
        &quot;Latitude&quot;: -29.72273771,
        &quot;Longitude&quot;: 31.06554047
      }
    },
    {
      &quot;attributes&quot;: {
        &quot;Precincts&quot;: &quot;Meridian Drive&quot;,
        &quot;Quickbase_Status&quot;: &quot;Planned&quot;,
        &quot;QBRecordID&quot;: 9433,
        &quot;Third_Party_Dependant_For_Conne&quot;: null,
        &quot;Latitude&quot;: -29.72170125,
        &quot;Longitude&quot;: 31.06593667
      }
    },
    {
      &quot;attributes&quot;: {
        &quot;Precincts&quot;: &quot;Meridian Drive&quot;,
        &quot;Quickbase_Status&quot;: &quot;Planned&quot;,
        &quot;QBRecordID&quot;: 7432,
        &quot;Third_Party_Dependant_For_Conne&quot;: null,
        &quot;Latitude&quot;: -29.7225082,
        &quot;Longitude&quot;: 31.06642721
      }
    },
    {
      &quot;attributes&quot;: {
        &quot;Precincts&quot;: &quot;Meridian Drive&quot;,
        &quot;Quickbase_Status&quot;: &quot;Planned&quot;,
        &quot;QBRecordID&quot;: 7539,
        &quot;Third_Party_Dependant_For_Conne&quot;: null,
        &quot;Latitude&quot;: -29.72900461,
        &quot;Longitude&quot;: 31.06878831
      }
    },
    {
      &quot;attributes&quot;: {
        &quot;Precincts&quot;: &quot;Meridian Drive&quot;,
        &quot;Quickbase_Status&quot;: &quot;Planned&quot;,
        &quot;QBRecordID&quot;: 9436,
        &quot;Third_Party_Dependant_For_Conne&quot;: null,
        &quot;Latitude&quot;: -29.7269315,
        &quot;Longitude&quot;: 31.0699449
      }
    },
    {
      &quot;attributes&quot;: {
        &quot;Precincts&quot;: &quot;Meridian Drive&quot;,
        &quot;Quickbase_Status&quot;: &quot;Planned&quot;,
        &quot;QBRecordID&quot;: 7531,
        &quot;Third_Party_Dependant_For_Conne&quot;: null,
        &quot;Latitude&quot;: -29.72398605,
        &quot;Longitude&quot;: 31.069976
      }
    },
    {
      &quot;attributes&quot;: {
        &quot;Precincts&quot;: &quot;CPT CBD Phase 07&quot;,
        &quot;Quickbase_Status&quot;: &quot;Planned&quot;,
        &quot;QBRecordID&quot;: 9368,
        &quot;Third_Party_Dependant_For_Conne&quot;: null,
        &quot;Latitude&quot;: -33.92482513,
        &quot;Longitude&quot;: 18.41812712
      }
    },
    {
      &quot;attributes&quot;: {
        &quot;Precincts&quot;: &quot;Briardene&quot;,
        &quot;Quickbase_Status&quot;: &quot;Planned&quot;,
        &quot;QBRecordID&quot;: 14087,
        &quot;Third_Party_Dependant_For_Conne&quot;: null,
        &quot;Latitude&quot;: -29.798779,
        &quot;Longitude&quot;: 31.00973621
      }
    },
    {
      &quot;attributes&quot;: {
        &quot;Precincts&quot;: &quot;Briardene&quot;,
        &quot;Quickbase_Status&quot;: &quot;Planned&quot;,
        &quot;QBRecordID&quot;: 14084,
        &quot;Third_Party_Dependant_For_Conne&quot;: null,
        &quot;Latitude&quot;: -29.79835209,
        &quot;Longitude&quot;: 31.00974175
      }
    },
    {
      &quot;attributes&quot;: {
        &quot;Precincts&quot;: &quot;Briardene&quot;,
        &quot;Quickbase_Status&quot;: &quot;Planned&quot;,
        &quot;QBRecordID&quot;: 14097,
        &quot;Third_Party_Dependant_For_Conne&quot;: null,
        &quot;Latitude&quot;: -29.79750233,
        &quot;Longitude&quot;: 31.01065456
      }
    },
    {
      &quot;attributes&quot;: {
        &quot;Precincts&quot;: &quot;Somerset West Phase 2&quot;,
        &quot;Quickbase_Status&quot;: &quot;Planned&quot;,
        &quot;QBRecordID&quot;: 13364,
        &quot;Third_Party_Dependant_For_Conne&quot;: null,
        &quot;Latitude&quot;: -34.08385941,
        &quot;Longitude&quot;: 18.82062084
      }
    },
    {
      &quot;attributes&quot;: {
        &quot;Precincts&quot;: &quot;Lagoon Drive&quot;,
        &quot;Quickbase_Status&quot;: &quot;Planned&quot;,
        &quot;QBRecordID&quot;: 14357,
        &quot;Third_Party_Dependant_For_Conne&quot;: null,
        &quot;Latitude&quot;: -29.72713186,
        &quot;Longitude&quot;: 31.08240451
      }
    },
    {
      &quot;attributes&quot;: {
        &quot;Precincts&quot;: &quot;Somerset West Phase 2&quot;,
        &quot;Quickbase_Status&quot;: &quot;Planned&quot;,
        &quot;QBRecordID&quot;: 14254,
        &quot;Third_Party_Dependant_For_Conne&quot;: null,
        &quot;Latitude&quot;: -34.08660231,
        &quot;Longitude&quot;: 18.82980112
      }
    },
    {
      &quot;attributes&quot;: {
        &quot;Precincts&quot;: &quot;Somerset West Phase 3&quot;,
        &quot;Quickbase_Status&quot;: &quot;Planned&quot;,
        &quot;QBRecordID&quot;: 14258,
        &quot;Third_Party_Dependant_For_Conne&quot;: null,
        &quot;Latitude&quot;: -34.08678018,
        &quot;Longitude&quot;: 18.82059296
      }
    },
    {
      &quot;attributes&quot;: {
        &quot;Precincts&quot;: &quot;Somerset West Phase 3&quot;,
        &quot;Quickbase_Status&quot;: &quot;Planned&quot;,
        &quot;QBRecordID&quot;: 14259,
        &quot;Third_Party_Dependant_For_Conne&quot;: null,
        &quot;Latitude&quot;: -34.08705272,
        &quot;Longitude&quot;: 18.82051374
      }
    },
    {
      &quot;attributes&quot;: {
        &quot;Precincts&quot;: &quot;Somerset West Phase 3&quot;,
        &quot;Quickbase_Status&quot;: &quot;Planned&quot;,
        &quot;QBRecordID&quot;: 14260,
        &quot;Third_Party_Dependant_For_Conne&quot;: null,
        &quot;Latitude&quot;: -34.08733536,
        &quot;Longitude&quot;: 18.82040705
      }
    },
    {
      &quot;attributes&quot;: {
        &quot;Precincts&quot;: &quot;Somerset West Phase 3&quot;,
        &quot;Quickbase_Status&quot;: &quot;Planned&quot;,
        &quot;QBRecordID&quot;: 14268,
        &quot;Third_Party_Dependant_For_Conne&quot;: null,
        &quot;Latitude&quot;: -34.08699301,
        &quot;Longitude&quot;: 18.82152684
      }
    },
    {
      &quot;attributes&quot;: {
        &quot;Precincts&quot;: &quot;Somerset West Phase 3&quot;,
        &quot;Quickbase_Status&quot;: &quot;Planned&quot;,
        &quot;QBRecordID&quot;: 14269,
        &quot;Third_Party_Dependant_For_Conne&quot;: null,
        &quot;Latitude&quot;: -34.08727132,
        &quot;Longitude&quot;: 18.82158178
      }
    },
    {
      &quot;attributes&quot;: {
        &quot;Precincts&quot;: &quot;Somerset West Phase 3&quot;,
        &quot;Quickbase_Status&quot;: &quot;Planned&quot;,
        &quot;QBRecordID&quot;: 14270,
        &quot;Third_Party_Dependant_For_Conne&quot;: null,
        &quot;Latitude&quot;: -34.08749951,
        &quot;Longitude&quot;: 18.8213734
      }
    },
    {
      &quot;attributes&quot;: {
        &quot;Precincts&quot;: &quot;Somerset West Phase 3&quot;,
        &quot;Quickbase_Status&quot;: &quot;Planned&quot;,
        &quot;QBRecordID&quot;: 14271,
        &quot;Third_Party_Dependant_For_Conne&quot;: null,
        &quot;Latitude&quot;: -34.08620194,
        &quot;Longitude&quot;: 18.82159361
      }
    },
    {
      &quot;attributes&quot;: {
        &quot;Precincts&quot;: &quot;Somerset West Phase 3&quot;,
        &quot;Quickbase_Status&quot;: &quot;Planned&quot;,
        &quot;QBRecordID&quot;: 14272,
        &quot;Third_Party_Dependant_For_Conne&quot;: null,
        &quot;Latitude&quot;: -34.08631726,
        &quot;Longitude&quot;: 18.82169913
      }
    },
    {
      &quot;attributes&quot;: {
        &quot;Precincts&quot;: &quot;Somerset West Phase 3&quot;,
        &quot;Quickbase_Status&quot;: &quot;Planned&quot;,
        &quot;QBRecordID&quot;: 14273,
        &quot;Third_Party_Dependant_For_Conne&quot;: null,
        &quot;Latitude&quot;: -34.08644654,
        &quot;Longitude&quot;: 18.82190147
      }
    },
    {
      &quot;attributes&quot;: {
        &quot;Precincts&quot;: &quot;Somerset West Phase 3&quot;,
        &quot;Quickbase_Status&quot;: &quot;Planned&quot;,
        &quot;QBRecordID&quot;: 14274,
        &quot;Third_Party_Dependant_For_Conne&quot;: null,
        &quot;Latitude&quot;: -34.08661344,
        &quot;Longitude&quot;: 18.82180087
      }
    },
    {
      &quot;attributes&quot;: {
        &quot;Precincts&quot;: &quot;CPT CBD Phase 14&quot;,
        &quot;Quickbase_Status&quot;: &quot;Planned&quot;,
        &quot;QBRecordID&quot;: 3777,
        &quot;Third_Party_Dependant_For_Conne&quot;: null,
        &quot;Latitude&quot;: -33.92698504,
        &quot;Longitude&quot;: 18.42353224
      }
    },
    {
      &quot;attributes&quot;: {
        &quot;Precincts&quot;: &quot;CPT CBD Phase 14&quot;,
        &quot;Quickbase_Status&quot;: &quot;Planned&quot;,
        &quot;QBRecordID&quot;: 3778,
        &quot;Third_Party_Dependant_For_Conne&quot;: null,
        &quot;Latitude&quot;: -33.92726313,
        &quot;Longitude&quot;: 18.42436172
      }
    },
    {
      &quot;attributes&quot;: {
        &quot;Precincts&quot;: &quot;CPT CBD Phase 14&quot;,
        &quot;Quickbase_Status&quot;: &quot;Planned&quot;,
        &quot;QBRecordID&quot;: 3783,
        &quot;Third_Party_Dependant_For_Conne&quot;: null,
        &quot;Latitude&quot;: -33.92731389,
        &quot;Longitude&quot;: 18.42423286
      }
    },
    {
      &quot;attributes&quot;: {
        &quot;Precincts&quot;: &quot;CPT CBD Phase 14&quot;,
        &quot;Quickbase_Status&quot;: &quot;Planned&quot;,
        &quot;QBRecordID&quot;: 3790,
        &quot;Third_Party_Dependant_For_Conne&quot;: null,
        &quot;Latitude&quot;: -33.92789701,
        &quot;Longitude&quot;: 18.42363283
      }
    },
    {
      &quot;attributes&quot;: {
        &quot;Precincts&quot;: &quot;CPT CBD Phase 14&quot;,
        &quot;Quickbase_Status&quot;: &quot;Planned&quot;,
        &quot;QBRecordID&quot;: 3791,
        &quot;Third_Party_Dependant_For_Conne&quot;: null,
        &quot;Latitude&quot;: -33.92750478,
        &quot;Longitude&quot;: 18.42297774
      }
    },
    {
      &quot;attributes&quot;: {
        &quot;Precincts&quot;: &quot;CPT CBD Phase 14&quot;,
        &quot;Quickbase_Status&quot;: &quot;Planned&quot;,
        &quot;QBRecordID&quot;: 3793,
        &quot;Third_Party_Dependant_For_Conne&quot;: null,
        &quot;Latitude&quot;: -33.92703152,
        &quot;Longitude&quot;: 18.4223198
      }
    },
    {
      &quot;attributes&quot;: {
        &quot;Precincts&quot;: &quot;CPT CBD Phase 14&quot;,
        &quot;Quickbase_Status&quot;: &quot;Planned&quot;,
        &quot;QBRecordID&quot;: 3792,
        &quot;Third_Party_Dependant_For_Conne&quot;: null,
        &quot;Latitude&quot;: -33.9267643,
        &quot;Longitude&quot;: 18.4219674
      }
    },
    {
      &quot;attributes&quot;: {
        &quot;Precincts&quot;: &quot;CPT CBD Phase 14&quot;,
        &quot;Quickbase_Status&quot;: &quot;Planned&quot;,
        &quot;QBRecordID&quot;: 3764,
        &quot;Third_Party_Dependant_For_Conne&quot;: null,
        &quot;Latitude&quot;: -33.92630645,
        &quot;Longitude&quot;: 18.42068515
      }
    },
    {
      &quot;attributes&quot;: {
        &quot;Precincts&quot;: &quot;Lagoon Drive&quot;,
        &quot;Quickbase_Status&quot;: &quot;Planned&quot;,
        &quot;QBRecordID&quot;: 15420,
        &quot;Third_Party_Dependant_For_Conne&quot;: null,
        &quot;Latitude&quot;: -29.72691417,
        &quot;Longitude&quot;: 31.08262237
      }
    },
    {
      &quot;attributes&quot;: {
        &quot;Precincts&quot;: &quot;Briardene&quot;,
        &quot;Quickbase_Status&quot;: &quot;Planned&quot;,
        &quot;QBRecordID&quot;: 14096,
        &quot;Third_Party_Dependant_For_Conne&quot;: null,
        &quot;Latitude&quot;: -29.79817358,
        &quot;Longitude&quot;: 31.0114134
      }
    },
    {
      &quot;attributes&quot;: {
        &quot;Precincts&quot;: &quot;Briardene&quot;,
        &quot;Quickbase_Status&quot;: &quot;Planned&quot;,
        &quot;QBRecordID&quot;: 14101,
        &quot;Third_Party_Dependant_For_Conne&quot;: null,
        &quot;Latitude&quot;: -29.79698003,
        &quot;Longitude&quot;: 31.01091122
      }
    },
    {
      &quot;attributes&quot;: {
        &quot;Precincts&quot;: &quot;Briardene&quot;,
        &quot;Quickbase_Status&quot;: &quot;Planned&quot;,
        &quot;QBRecordID&quot;: 14102,
        &quot;Third_Party_Dependant_For_Conne&quot;: null,
        &quot;Latitude&quot;: -29.79736573,
        &quot;Longitude&quot;: 31.01183717
      }
    },
    {
      &quot;attributes&quot;: {
        &quot;Precincts&quot;: &quot;Briardene&quot;,
        &quot;Quickbase_Status&quot;: &quot;Planned&quot;,
        &quot;QBRecordID&quot;: 14103,
        &quot;Third_Party_Dependant_For_Conne&quot;: null,
        &quot;Latitude&quot;: -29.79762411,
        &quot;Longitude&quot;: 31.01180144
      }
    },
    {
      &quot;attributes&quot;: {
        &quot;Precincts&quot;: &quot;Briardene&quot;,
        &quot;Quickbase_Status&quot;: &quot;Planned&quot;,
        &quot;QBRecordID&quot;: 14110,
        &quot;Third_Party_Dependant_For_Conne&quot;: null,
        &quot;Latitude&quot;: -29.79494927,
        &quot;Longitude&quot;: 31.01063691
      }
    },
    {
      &quot;attributes&quot;: {
        &quot;Precincts&quot;: &quot;Briardene&quot;,
        &quot;Quickbase_Status&quot;: &quot;Planned&quot;,
        &quot;QBRecordID&quot;: 14116,
        &quot;Third_Party_Dependant_For_Conne&quot;: null,
        &quot;Latitude&quot;: -29.79643487,
        &quot;Longitude&quot;: 31.01148008
      }
    },
    {
      &quot;attributes&quot;: {
        &quot;Precincts&quot;: &quot;Briardene&quot;,
        &quot;Quickbase_Status&quot;: &quot;Planned&quot;,
        &quot;QBRecordID&quot;: 14126,
        &quot;Third_Party_Dependant_For_Conne&quot;: null,
        &quot;Latitude&quot;: -29.7927114,
        &quot;Longitude&quot;: 31.01196072
      }
    },
    {
      &quot;attributes&quot;: {
        &quot;Precincts&quot;: &quot;Briardene&quot;,
        &quot;Quickbase_Status&quot;: &quot;Planned&quot;,
        &quot;QBRecordID&quot;: 14127,
        &quot;Third_Party_Dependant_For_Conne&quot;: null,
        &quot;Latitude&quot;: -29.79278671,
        &quot;Longitude&quot;: 31.01138492
      }
    },
    {
      &quot;attributes&quot;: {
        &quot;Precincts&quot;: &quot;Briardene&quot;,
        &quot;Quickbase_Status&quot;: &quot;Planned&quot;,
        &quot;QBRecordID&quot;: 14136,
        &quot;Third_Party_Dependant_For_Conne&quot;: null,
        &quot;Latitude&quot;: -29.80100754,
        &quot;Longitude&quot;: 31.01070503
      }
    },
    {
      &quot;attributes&quot;: {
        &quot;Precincts&quot;: &quot;Briardene&quot;,
        &quot;Quickbase_Status&quot;: &quot;Planned&quot;,
        &quot;QBRecordID&quot;: 14137,
        &quot;Third_Party_Dependant_For_Conne&quot;: null,
        &quot;Latitude&quot;: -29.7996703,
        &quot;Longitude&quot;: 31.01152
      }
    },
    {
      &quot;attributes&quot;: {
        &quot;Precincts&quot;: &quot;Briardene&quot;,
        &quot;Quickbase_Status&quot;: &quot;Planned&quot;,
        &quot;QBRecordID&quot;: 14138,
        &quot;Third_Party_Dependant_For_Conne&quot;: null,
        &quot;Latitude&quot;: -29.79966835,
        &quot;Longitude&quot;: 31.01080149
      }
    },
    {
      &quot;attributes&quot;: {
        &quot;Precincts&quot;: &quot;Briardene&quot;,
        &quot;Quickbase_Status&quot;: &quot;Planned&quot;,
        &quot;QBRecordID&quot;: 14139,
        &quot;Third_Party_Dependant_For_Conne&quot;: null,
        &quot;Latitude&quot;: -29.79885982,
        &quot;Longitude&quot;: 31.0117818
      }
    },
    {
      &quot;attributes&quot;: {
        &quot;Precincts&quot;: &quot;Briardene&quot;,
        &quot;Quickbase_Status&quot;: &quot;Planned&quot;,
        &quot;QBRecordID&quot;: 14153,
        &quot;Third_Party_Dependant_For_Conne&quot;: null,
        &quot;Latitude&quot;: -29.79613447,
        &quot;Longitude&quot;: 31.01488134
      }
    },
    {
      &quot;attributes&quot;: {
        &quot;Precincts&quot;: &quot;Briardene&quot;,
        &quot;Quickbase_Status&quot;: &quot;Planned&quot;,
        &quot;QBRecordID&quot;: 14154,
        &quot;Third_Party_Dependant_For_Conne&quot;: null,
        &quot;Latitude&quot;: -29.7966431,
        &quot;Longitude&quot;: 31.01449365
      }
    },
    {
      &quot;attributes&quot;: {
        &quot;Precincts&quot;: &quot;Briardene&quot;,
        &quot;Quickbase_Status&quot;: &quot;Planned&quot;,
        &quot;QBRecordID&quot;: 14155,
        &quot;Third_Party_Dependant_For_Conne&quot;: null,
        &quot;Latitude&quot;: -29.7970607,
        &quot;Longitude&quot;: 31.01429738
      }
    },
    {
      &quot;attributes&quot;: {
        &quot;Precincts&quot;: &quot;Broadway&quot;,
        &quot;Quickbase_Status&quot;: &quot;Planned&quot;,
        &quot;QBRecordID&quot;: 14165,
        &quot;Third_Party_Dependant_For_Conne&quot;: null,
        &quot;Latitude&quot;: -29.78455566,
        &quot;Longitude&quot;: 31.03924863
      }
    },
    {
      &quot;attributes&quot;: {
        &quot;Precincts&quot;: &quot;Broadway&quot;,
        &quot;Quickbase_Status&quot;: &quot;Planned&quot;,
        &quot;QBRecordID&quot;: 14176,
        &quot;Third_Party_Dependant_For_Conne&quot;: null,
        &quot;Latitude&quot;: -29.78574022,
        &quot;Longitude&quot;: 31.04098642
      }
    },
    {
      &quot;attributes&quot;: {
        &quot;Precincts&quot;: &quot;Broadway&quot;,
        &quot;Quickbase_Status&quot;: &quot;Planned&quot;,
        &quot;QBRecordID&quot;: 14177,
        &quot;Third_Party_Dependant_For_Conne&quot;: null,
        &quot;Latitude&quot;: -29.7858238,
        &quot;Longitude&quot;: 31.04095883
      }
    },
    {
      &quot;attributes&quot;: {
        &quot;Precincts&quot;: &quot;Broadway&quot;,
        &quot;Quickbase_Status&quot;: &quot;Planned&quot;,
        &quot;QBRecordID&quot;: 14178,
        &quot;Third_Party_Dependant_For_Conne&quot;: null,
        &quot;Latitude&quot;: -29.78588133,
        &quot;Longitude&quot;: 31.04093187
      }
    },
    {
      &quot;attributes&quot;: {
        &quot;Precincts&quot;: &quot;Broadway&quot;,
        &quot;Quickbase_Status&quot;: &quot;Planned&quot;,
        &quot;QBRecordID&quot;: 14181,
        &quot;Third_Party_Dependant_For_Conne&quot;: null,
        &quot;Latitude&quot;: -29.78546481,
        &quot;Longitude&quot;: 31.03994139
      }
    },
    {
      &quot;attributes&quot;: {
        &quot;Precincts&quot;: &quot;Broadway&quot;,
        &quot;Quickbase_Status&quot;: &quot;Planned&quot;,
        &quot;QBRecordID&quot;: 14184,
        &quot;Third_Party_Dependant_For_Conne&quot;: null,
        &quot;Latitude&quot;: -29.78628307,
        &quot;Longitude&quot;: 31.03963125
      }
    },
    {
      &quot;attributes&quot;: {
        &quot;Precincts&quot;: &quot;Somerset West Phase 2&quot;,
        &quot;Quickbase_Status&quot;: &quot;Planned&quot;,
        &quot;QBRecordID&quot;: 14279,
        &quot;Third_Party_Dependant_For_Conne&quot;: null,
        &quot;Latitude&quot;: -34.08393916,
        &quot;Longitude&quot;: 18.8222944
      }
    },
    {
      &quot;attributes&quot;: {
        &quot;Precincts&quot;: &quot;Somerset West Phase 2&quot;,
        &quot;Quickbase_Status&quot;: &quot;Planned&quot;,
        &quot;QBRecordID&quot;: 14280,
        &quot;Third_Party_Dependant_For_Conne&quot;: null,
        &quot;Latitude&quot;: -34.08416966,
        &quot;Longitude&quot;: 18.82176329
      }
    },
    {
      &quot;attributes&quot;: {
        &quot;Precincts&quot;: &quot;Somerset West Phase 2&quot;,
        &quot;Quickbase_Status&quot;: &quot;Planned&quot;,
        &quot;QBRecordID&quot;: 14305,
        &quot;Third_Party_Dependant_For_Conne&quot;: null,
        &quot;Latitude&quot;: -34.08069676,
        &quot;Longitude&quot;: 18.81973411
      }
    },
    {
      &quot;attributes&quot;: {
        &quot;Precincts&quot;: &quot;Somerset West Phase 2&quot;,
        &quot;Quickbase_Status&quot;: &quot;Planned&quot;,
        &quot;QBRecordID&quot;: 14307,
        &quot;Third_Party_Dependant_For_Conne&quot;: null,
        &quot;Latitude&quot;: -34.07868172,
        &quot;Longitude&quot;: 18.82137217
      }
    },
    {
      &quot;attributes&quot;: {
        &quot;Precincts&quot;: &quot;Somerset West Phase 1&quot;,
        &quot;Quickbase_Status&quot;: &quot;Planned&quot;,
        &quot;QBRecordID&quot;: 14311,
        &quot;Third_Party_Dependant_For_Conne&quot;: null,
        &quot;Latitude&quot;: -34.07751037,
        &quot;Longitude&quot;: 18.81762978
      }
    },
    {
      &quot;attributes&quot;: {
        &quot;Precincts&quot;: &quot;Somerset West Phase 1&quot;,
        &quot;Quickbase_Status&quot;: &quot;Planned&quot;,
        &quot;QBRecordID&quot;: 14312,
        &quot;Third_Party_Dependant_For_Conne&quot;: null,
        &quot;Latitude&quot;: -34.07783712,
        &quot;Longitude&quot;: 18.81771225
      }
    },
    {
      &quot;attributes&quot;: {
        &quot;Precincts&quot;: &quot;Somerset West Phase 1&quot;,
        &quot;Quickbase_Status&quot;: &quot;Planned&quot;,
        &quot;QBRecordID&quot;: 14319,
        &quot;Third_Party_Dependant_For_Conne&quot;: null,
        &quot;Latitude&quot;: -34.07967774,
        &quot;Longitude&quot;: 18.81825564
      }
    },
    {
      &quot;attributes&quot;: {
        &quot;Precincts&quot;: &quot;Somerset West Phase 1&quot;,
        &quot;Quickbase_Status&quot;: &quot;Planned&quot;,
        &quot;QBRecordID&quot;: 14320,
        &quot;Third_Party_Dependant_For_Conne&quot;: null,
        &quot;Latitude&quot;: -34.07917189,
        &quot;Longitude&quot;: 18.81851738
      }
    },
    {
      &quot;attributes&quot;: {
        &quot;Precincts&quot;: &quot;Somerset West Phase 1&quot;,
        &quot;Quickbase_Status&quot;: &quot;Planned&quot;,
        &quot;QBRecordID&quot;: 14322,
        &quot;Third_Party_Dependant_For_Conne&quot;: null,
        &quot;Latitude&quot;: -34.07837939,
        &quot;Longitude&quot;: 18.81795725
      }
    },
    {
      &quot;attributes&quot;: {
        &quot;Precincts&quot;: &quot;Somerset West Phase 1&quot;,
        &quot;Quickbase_Status&quot;: &quot;Planned&quot;,
        &quot;QBRecordID&quot;: 14323,
        &quot;Third_Party_Dependant_For_Conne&quot;: null,
        &quot;Latitude&quot;: -34.07858473,
        &quot;Longitude&quot;: 18.81779633
      }
    },
    {
      &quot;attributes&quot;: {
        &quot;Precincts&quot;: &quot;Somerset West Phase 1&quot;,
        &quot;Quickbase_Status&quot;: &quot;Planned&quot;,
        &quot;QBRecordID&quot;: 14324,
        &quot;Third_Party_Dependant_For_Conne&quot;: null,
        &quot;Latitude&quot;: -34.07877496,
        &quot;Longitude&quot;: 18.81765197
      }
    },
    {
      &quot;attributes&quot;: {
        &quot;Precincts&quot;: &quot;Somerset West Phase 1&quot;,
        &quot;Quickbase_Status&quot;: &quot;Planned&quot;,
        &quot;QBRecordID&quot;: 14325,
        &quot;Third_Party_Dependant_For_Conne&quot;: null,
        &quot;Latitude&quot;: -34.07920571,
        &quot;Longitude&quot;: 18.81792645
      }
    },
    {
      &quot;attributes&quot;: {
        &quot;Precincts&quot;: &quot;Somerset West Phase 1&quot;,
        &quot;Quickbase_Status&quot;: &quot;Planned&quot;,
        &quot;QBRecordID&quot;: 14332,
        &quot;Third_Party_Dependant_For_Conne&quot;: null,
        &quot;Latitude&quot;: -34.07829796,
        &quot;Longitude&quot;: 18.81663179
      }
    },
    {
      &quot;attributes&quot;: {
        &quot;Precincts&quot;: &quot;Somerset West Phase 1&quot;,
        &quot;Quickbase_Status&quot;: &quot;Planned&quot;,
        &quot;QBRecordID&quot;: 14333,
        &quot;Third_Party_Dependant_For_Conne&quot;: null,
        &quot;Latitude&quot;: -34.07769927,
        &quot;Longitude&quot;: 18.8163617
      }
    },
    {
      &quot;attributes&quot;: {
        &quot;Precincts&quot;: &quot;Somerset West Phase 1&quot;,
        &quot;Quickbase_Status&quot;: &quot;Planned&quot;,
        &quot;QBRecordID&quot;: 14334,
        &quot;Third_Party_Dependant_For_Conne&quot;: null,
        &quot;Latitude&quot;: -34.07732896,
        &quot;Longitude&quot;: 18.81626721
      }
    },
    {
      &quot;attributes&quot;: {
        &quot;Precincts&quot;: &quot;Somerset West Phase 1&quot;,
        &quot;Quickbase_Status&quot;: &quot;Planned&quot;,
        &quot;QBRecordID&quot;: 14335,
        &quot;Third_Party_Dependant_For_Conne&quot;: null,
        &quot;Latitude&quot;: -34.07711864,
        &quot;Longitude&quot;: 18.81616897
      }
    },
    {
      &quot;attributes&quot;: {
        &quot;Precincts&quot;: &quot;Somerset West Phase 1&quot;,
        &quot;Quickbase_Status&quot;: &quot;Planned&quot;,
        &quot;QBRecordID&quot;: 14337,
        &quot;Third_Party_Dependant_For_Conne&quot;: null,
        &quot;Latitude&quot;: -34.07852294,
        &quot;Longitude&quot;: 18.81672252
      }
    },
    {
      &quot;attributes&quot;: {
        &quot;Precincts&quot;: &quot;Somerset West Phase 1&quot;,
        &quot;Quickbase_Status&quot;: &quot;Planned&quot;,
        &quot;QBRecordID&quot;: 14348,
        &quot;Third_Party_Dependant_For_Conne&quot;: null,
        &quot;Latitude&quot;: -34.07718864,
        &quot;Longitude&quot;: 18.81692117
      }
    },
    {
      &quot;attributes&quot;: {
        &quot;Precincts&quot;: &quot;Briardene&quot;,
        &quot;Quickbase_Status&quot;: &quot;Planned&quot;,
        &quot;QBRecordID&quot;: 14401,
        &quot;Third_Party_Dependant_For_Conne&quot;: null,
        &quot;Latitude&quot;: -29.79833512,
        &quot;Longitude&quot;: 31.00942651
      }
    },
    {
      &quot;attributes&quot;: {
        &quot;Precincts&quot;: &quot;Briardene&quot;,
        &quot;Quickbase_Status&quot;: &quot;Planned&quot;,
        &quot;QBRecordID&quot;: 14098,
        &quot;Third_Party_Dependant_For_Conne&quot;: null,
        &quot;Latitude&quot;: -29.79764442,
        &quot;Longitude&quot;: 31.01055958
      }
    },
    {
      &quot;attributes&quot;: {
        &quot;Precincts&quot;: &quot;Briardene&quot;,
        &quot;Quickbase_Status&quot;: &quot;Planned&quot;,
        &quot;QBRecordID&quot;: 14402,
        &quot;Third_Party_Dependant_For_Conne&quot;: null,
        &quot;Latitude&quot;: -29.79641136,
        &quot;Longitude&quot;: 31.01114734
      }
    },
    {
      &quot;attributes&quot;: {
        &quot;Precincts&quot;: &quot;Somerset West Phase 1&quot;,
        &quot;Quickbase_Status&quot;: &quot;Planned&quot;,
        &quot;QBRecordID&quot;: 14350,
        &quot;Third_Party_Dependant_For_Conne&quot;: null,
        &quot;Latitude&quot;: -34.07919979,
        &quot;Longitude&quot;: 18.81700839
      }
    },
    {
      &quot;attributes&quot;: {
        &quot;Precincts&quot;: &quot;Red Hill&quot;,
        &quot;Quickbase_Status&quot;: &quot;Planned&quot;,
        &quot;QBRecordID&quot;: 14615,
        &quot;Third_Party_Dependant_For_Conne&quot;: null,
        &quot;Latitude&quot;: -29.75970007,
        &quot;Longitude&quot;: 31.02374805
      }
    },
    {
      &quot;attributes&quot;: {
        &quot;Precincts&quot;: &quot;Red Hill&quot;,
        &quot;Quickbase_Status&quot;: &quot;Planned&quot;,
        &quot;QBRecordID&quot;: 14616,
        &quot;Third_Party_Dependant_For_Conne&quot;: null,
        &quot;Latitude&quot;: -29.75971674,
        &quot;Longitude&quot;: 31.02458117
      }
    },
    {
      &quot;attributes&quot;: {
        &quot;Precincts&quot;: &quot;Red Hill&quot;,
        &quot;Quickbase_Status&quot;: &quot;Planned&quot;,
        &quot;QBRecordID&quot;: 14617,
        &quot;Third_Party_Dependant_For_Conne&quot;: null,
        &quot;Latitude&quot;: -29.75975974,
        &quot;Longitude&quot;: 31.02536557
      }
    },
    {
      &quot;attributes&quot;: {
        &quot;Precincts&quot;: &quot;Red Hill&quot;,
        &quot;Quickbase_Status&quot;: &quot;Planned&quot;,
        &quot;QBRecordID&quot;: 14618,
        &quot;Third_Party_Dependant_For_Conne&quot;: null,
        &quot;Latitude&quot;: -29.75984653,
        &quot;Longitude&quot;: 31.02613257
      }
    },
    {
      &quot;attributes&quot;: {
        &quot;Precincts&quot;: &quot;Red Hill&quot;,
        &quot;Quickbase_Status&quot;: &quot;Planned&quot;,
        &quot;QBRecordID&quot;: 14622,
        &quot;Third_Party_Dependant_For_Conne&quot;: null,
        &quot;Latitude&quot;: -29.76923375,
        &quot;Longitude&quot;: 31.02882139
      }
    },
    {
      &quot;attributes&quot;: {
        &quot;Precincts&quot;: &quot;Red Hill&quot;,
        &quot;Quickbase_Status&quot;: &quot;Planned&quot;,
        &quot;QBRecordID&quot;: 14623,
        &quot;Third_Party_Dependant_For_Conne&quot;: null,
        &quot;Latitude&quot;: -29.76927324,
        &quot;Longitude&quot;: 31.02923399
      }
    },
    {
      &quot;attributes&quot;: {
        &quot;Precincts&quot;: &quot;Red Hill&quot;,
        &quot;Quickbase_Status&quot;: &quot;Planned&quot;,
        &quot;QBRecordID&quot;: 14648,
        &quot;Third_Party_Dependant_For_Conne&quot;: null,
        &quot;Latitude&quot;: -29.76368165,
        &quot;Longitude&quot;: 31.02494375
      }
    },
    {
      &quot;attributes&quot;: {
        &quot;Precincts&quot;: &quot;Red Hill&quot;,
        &quot;Quickbase_Status&quot;: &quot;Planned&quot;,
        &quot;QBRecordID&quot;: 14649,
        &quot;Third_Party_Dependant_For_Conne&quot;: null,
        &quot;Latitude&quot;: -29.76535022,
        &quot;Longitude&quot;: 31.02733456
      }
    },
    {
      &quot;attributes&quot;: {
        &quot;Precincts&quot;: &quot;Red Hill&quot;,
        &quot;Quickbase_Status&quot;: &quot;Planned&quot;,
        &quot;QBRecordID&quot;: 14650,
        &quot;Third_Party_Dependant_For_Conne&quot;: null,
        &quot;Latitude&quot;: -29.76581611,
        &quot;Longitude&quot;: 31.02748678
      }
    },
    {
      &quot;attributes&quot;: {
        &quot;Precincts&quot;: &quot;Red Hill&quot;,
        &quot;Quickbase_Status&quot;: &quot;Planned&quot;,
        &quot;QBRecordID&quot;: 14651,
        &quot;Third_Party_Dependant_For_Conne&quot;: null,
        &quot;Latitude&quot;: -29.76639321,
        &quot;Longitude&quot;: 31.02740784
      }
    },
    {
      &quot;attributes&quot;: {
        &quot;Precincts&quot;: &quot;Red Hill&quot;,
        &quot;Quickbase_Status&quot;: &quot;Planned&quot;,
        &quot;QBRecordID&quot;: 14693,
        &quot;Third_Party_Dependant_For_Conne&quot;: null,
        &quot;Latitude&quot;: -29.75887748,
        &quot;Longitude&quot;: 31.02052759
      }
    },
    {
      &quot;attributes&quot;: {
        &quot;Precincts&quot;: &quot;North Coast Road&quot;,
        &quot;Quickbase_Status&quot;: &quot;Planned&quot;,
        &quot;QBRecordID&quot;: 14695,
        &quot;Third_Party_Dependant_For_Conne&quot;: null,
        &quot;Latitude&quot;: -29.7503641,
        &quot;Longitude&quot;: 31.02798917
      }
    },
    {
      &quot;attributes&quot;: {
        &quot;Precincts&quot;: &quot;North Coast Road&quot;,
        &quot;Quickbase_Status&quot;: &quot;Planned&quot;,
        &quot;QBRecordID&quot;: 14696,
        &quot;Third_Party_Dependant_For_Conne&quot;: null,
        &quot;Latitude&quot;: -29.75062307,
        &quot;Longitude&quot;: 31.02810646
      }
    },
    {
      &quot;attributes&quot;: {
        &quot;Precincts&quot;: &quot;North Coast Road&quot;,
        &quot;Quickbase_Status&quot;: &quot;Planned&quot;,
        &quot;QBRecordID&quot;: 14697,
        &quot;Third_Party_Dependant_For_Conne&quot;: null,
        &quot;Latitude&quot;: -29.74997124,
        &quot;Longitude&quot;: 31.02882207
      }
    },
    {
      &quot;attributes&quot;: {
        &quot;Precincts&quot;: &quot;North Coast Road&quot;,
        &quot;Quickbase_Status&quot;: &quot;Planned&quot;,
        &quot;QBRecordID&quot;: 14698,
        &quot;Third_Party_Dependant_For_Conne&quot;: null,
        &quot;Latitude&quot;: -29.74971958,
        &quot;Longitude&quot;: 31.03043884
      }
    },
    {
      &quot;attributes&quot;: {
        &quot;Precincts&quot;: &quot;North Coast Road&quot;,
        &quot;Quickbase_Status&quot;: &quot;Planned&quot;,
        &quot;QBRecordID&quot;: 14699,
        &quot;Third_Party_Dependant_For_Conne&quot;: null,
        &quot;Latitude&quot;: -29.74937016,
        &quot;Longitude&quot;: 31.03105947
      }
    },
    {
      &quot;attributes&quot;: {
        &quot;Precincts&quot;: &quot;North Coast Road&quot;,
        &quot;Quickbase_Status&quot;: &quot;Planned&quot;,
        &quot;QBRecordID&quot;: 14700,
        &quot;Third_Party_Dependant_For_Conne&quot;: null,
        &quot;Latitude&quot;: -29.7504796,
        &quot;Longitude&quot;: 31.02934297
      }
    },
    {
      &quot;attributes&quot;: {
        &quot;Precincts&quot;: &quot;North Coast Road&quot;,
        &quot;Quickbase_Status&quot;: &quot;Planned&quot;,
        &quot;QBRecordID&quot;: 14701,
        &quot;Third_Party_Dependant_For_Conne&quot;: null,
        &quot;Latitude&quot;: -29.75022868,
        &quot;Longitude&quot;: 31.02952965
      }
    },
    {
      &quot;attributes&quot;: {
        &quot;Precincts&quot;: &quot;North Coast Road&quot;,
        &quot;Quickbase_Status&quot;: &quot;Planned&quot;,
        &quot;QBRecordID&quot;: 14702,
        &quot;Third_Party_Dependant_For_Conne&quot;: null,
        &quot;Latitude&quot;: -29.75029133,
        &quot;Longitude&quot;: 31.03007247
      }
    },
    {
      &quot;attributes&quot;: {
        &quot;Precincts&quot;: &quot;North Coast Road&quot;,
        &quot;Quickbase_Status&quot;: &quot;Planned&quot;,
        &quot;QBRecordID&quot;: 14703,
        &quot;Third_Party_Dependant_For_Conne&quot;: null,
        &quot;Latitude&quot;: -29.75049304,
        &quot;Longitude&quot;: 31.02977996
      }
    },
    {
      &quot;attributes&quot;: {
        &quot;Precincts&quot;: &quot;North Coast Road&quot;,
        &quot;Quickbase_Status&quot;: &quot;Planned&quot;,
        &quot;QBRecordID&quot;: 14704,
        &quot;Third_Party_Dependant_For_Conne&quot;: null,
        &quot;Latitude&quot;: -29.75107381,
        &quot;Longitude&quot;: 31.02974422
      }
    },
    {
      &quot;attributes&quot;: {
        &quot;Precincts&quot;: &quot;North Coast Road&quot;,
        &quot;Quickbase_Status&quot;: &quot;Planned&quot;,
        &quot;QBRecordID&quot;: 14705,
        &quot;Third_Party_Dependant_For_Conne&quot;: null,
        &quot;Latitude&quot;: -29.75070249,
        &quot;Longitude&quot;: 31.03041546
      }
    },
    {
      &quot;attributes&quot;: {
        &quot;Precincts&quot;: &quot;North Coast Road&quot;,
        &quot;Quickbase_Status&quot;: &quot;Planned&quot;,
        &quot;QBRecordID&quot;: 14706,
        &quot;Third_Party_Dependant_For_Conne&quot;: null,
        &quot;Latitude&quot;: -29.75094957,
        &quot;Longitude&quot;: 31.03058127
      }
    },
    {
      &quot;attributes&quot;: {
        &quot;Precincts&quot;: &quot;North Coast Road&quot;,
        &quot;Quickbase_Status&quot;: &quot;Planned&quot;,
        &quot;QBRecordID&quot;: 14707,
        &quot;Third_Party_Dependant_For_Conne&quot;: null,
        &quot;Latitude&quot;: -29.75044654,
        &quot;Longitude&quot;: 31.03128298
      }
    },
    {
      &quot;attributes&quot;: {
        &quot;Precincts&quot;: &quot;North Coast Road&quot;,
        &quot;Quickbase_Status&quot;: &quot;Planned&quot;,
        &quot;QBRecordID&quot;: 14708,
        &quot;Third_Party_Dependant_For_Conne&quot;: null,
        &quot;Latitude&quot;: -29.75073476,
        &quot;Longitude&quot;: 31.03121415
      }
    },
    {
      &quot;attributes&quot;: {
        &quot;Precincts&quot;: &quot;North Coast Road&quot;,
        &quot;Quickbase_Status&quot;: &quot;Planned&quot;,
        &quot;QBRecordID&quot;: 14737,
        &quot;Third_Party_Dependant_For_Conne&quot;: null,
        &quot;Latitude&quot;: -29.75348302,
        &quot;Longitude&quot;: 31.03103262
      }
    },
    {
      &quot;attributes&quot;: {
        &quot;Precincts&quot;: &quot;North Coast Road&quot;,
        &quot;Quickbase_Status&quot;: &quot;Planned&quot;,
        &quot;QBRecordID&quot;: 14738,
        &quot;Third_Party_Dependant_For_Conne&quot;: null,
        &quot;Latitude&quot;: -29.75375982,
        &quot;Longitude&quot;: 31.03086262
      }
    },
    {
      &quot;attributes&quot;: {
        &quot;Precincts&quot;: &quot;North Coast Road&quot;,
        &quot;Quickbase_Status&quot;: &quot;Planned&quot;,
        &quot;QBRecordID&quot;: 14749,
        &quot;Third_Party_Dependant_For_Conne&quot;: null,
        &quot;Latitude&quot;: -29.75522615,
        &quot;Longitude&quot;: 31.02065634
      }
    },
    {
      &quot;attributes&quot;: {
        &quot;Precincts&quot;: &quot;North Coast Road&quot;,
        &quot;Quickbase_Status&quot;: &quot;Planned&quot;,
        &quot;QBRecordID&quot;: 14750,
        &quot;Third_Party_Dependant_For_Conne&quot;: null,
        &quot;Latitude&quot;: -29.75494822,
        &quot;Longitude&quot;: 31.02097201
      }
    },
    {
      &quot;attributes&quot;: {
        &quot;Precincts&quot;: &quot;North Coast Road&quot;,
        &quot;Quickbase_Status&quot;: &quot;Planned&quot;,
        &quot;QBRecordID&quot;: 14709,
        &quot;Third_Party_Dependant_For_Conne&quot;: null,
        &quot;Latitude&quot;: -29.75197971,
        &quot;Longitude&quot;: 31.03410226
      }
    },
    {
      &quot;attributes&quot;: {
        &quot;Precincts&quot;: &quot;North Coast Road&quot;,
        &quot;Quickbase_Status&quot;: &quot;Planned&quot;,
        &quot;QBRecordID&quot;: 14741,
        &quot;Third_Party_Dependant_For_Conne&quot;: null,
        &quot;Latitude&quot;: -29.75331484,
        &quot;Longitude&quot;: 31.03025535
      }
    },
    {
      &quot;attributes&quot;: {
        &quot;Precincts&quot;: &quot;North Coast Road&quot;,
        &quot;Quickbase_Status&quot;: &quot;Planned&quot;,
        &quot;QBRecordID&quot;: 14744,
        &quot;Third_Party_Dependant_For_Conne&quot;: null,
        &quot;Latitude&quot;: -29.7566803,
        &quot;Longitude&quot;: 31.02022011
      }
    },
    {
      &quot;attributes&quot;: {
        &quot;Precincts&quot;: &quot;North Coast Road&quot;,
        &quot;Quickbase_Status&quot;: &quot;Planned&quot;,
        &quot;QBRecordID&quot;: 14774,
        &quot;Third_Party_Dependant_For_Conne&quot;: null,
        &quot;Latitude&quot;: -29.75330361,
        &quot;Longitude&quot;: 31.02599851
      }
    },
    {
      &quot;attributes&quot;: {
        &quot;Precincts&quot;: &quot;Arden Grove&quot;,
        &quot;Quickbase_Status&quot;: &quot;Planned&quot;,
        &quot;QBRecordID&quot;: 4051,
        &quot;Third_Party_Dependant_For_Conne&quot;: null,
        &quot;Latitude&quot;: -33.86797299,
        &quot;Longitude&quot;: 18.51311328
      }
    },
    {
      &quot;attributes&quot;: {
        &quot;Precincts&quot;: &quot;Ashley Gardens&quot;,
        &quot;Quickbase_Status&quot;: &quot;Planned&quot;,
        &quot;QBRecordID&quot;: 3425,
        &quot;Third_Party_Dependant_For_Conne&quot;: null,
        &quot;Latitude&quot;: -25.78484976,
        &quot;Longitude&quot;: 28.26658373
      }
    },
    {
      &quot;attributes&quot;: {
        &quot;Precincts&quot;: &quot;Bruma Lake&quot;,
        &quot;Quickbase_Status&quot;: &quot;Planned&quot;,
        &quot;QBRecordID&quot;: 975,
        &quot;Third_Party_Dependant_For_Conne&quot;: null,
        &quot;Latitude&quot;: -26.18168465,
        &quot;Longitude&quot;: 28.10631358
      }
    },
    {
      &quot;attributes&quot;: {
        &quot;Precincts&quot;: &quot;Hatfield (Phase 3)&quot;,
        &quot;Quickbase_Status&quot;: &quot;Planned&quot;,
        &quot;QBRecordID&quot;: 2954,
        &quot;Third_Party_Dependant_For_Conne&quot;: null,
        &quot;Latitude&quot;: -25.7434223,
        &quot;Longitude&quot;: 28.24610575
      }
    },
    {
      &quot;attributes&quot;: {
        &quot;Precincts&quot;: &quot;Hatfield (Phase 3)&quot;,
        &quot;Quickbase_Status&quot;: &quot;Planned&quot;,
        &quot;QBRecordID&quot;: 3463,
        &quot;Third_Party_Dependant_For_Conne&quot;: null,
        &quot;Latitude&quot;: -25.74376885,
        &quot;Longitude&quot;: 28.24319967
      }
    },
    {
      &quot;attributes&quot;: {
        &quot;Precincts&quot;: &quot;Arden Grove&quot;,
        &quot;Quickbase_Status&quot;: &quot;Planned&quot;,
        &quot;QBRecordID&quot;: 1573,
        &quot;Third_Party_Dependant_For_Conne&quot;: null,
        &quot;Latitude&quot;: -33.86439744,
        &quot;Longitude&quot;: 18.51363394
      }
    },
    {
      &quot;attributes&quot;: {
        &quot;Precincts&quot;: &quot;Arden Grove&quot;,
        &quot;Quickbase_Status&quot;: &quot;Planned&quot;,
        &quot;QBRecordID&quot;: 1567,
        &quot;Third_Party_Dependant_For_Conne&quot;: null,
        &quot;Latitude&quot;: -33.86296754,
        &quot;Longitude&quot;: 18.51506458
      }
    },
    {
      &quot;attributes&quot;: {
        &quot;Precincts&quot;: &quot;Arden Grove&quot;,
        &quot;Quickbase_Status&quot;: &quot;Planned&quot;,
        &quot;QBRecordID&quot;: 1788,
        &quot;Third_Party_Dependant_For_Conne&quot;: null,
        &quot;Latitude&quot;: -33.86920369,
        &quot;Longitude&quot;: 18.50998902
      }
    },
    {
      &quot;attributes&quot;: {
        &quot;Precincts&quot;: &quot;Arden Grove&quot;,
        &quot;Quickbase_Status&quot;: &quot;Planned&quot;,
        &quot;QBRecordID&quot;: 1791,
        &quot;Third_Party_Dependant_For_Conne&quot;: null,
        &quot;Latitude&quot;: -33.86758072,
        &quot;Longitude&quot;: 18.51215196
      }
    },
    {
      &quot;attributes&quot;: {
        &quot;Precincts&quot;: &quot;Arden Grove&quot;,
        &quot;Quickbase_Status&quot;: &quot;Planned&quot;,
        &quot;QBRecordID&quot;: 1558,
        &quot;Third_Party_Dependant_For_Conne&quot;: null,
        &quot;Latitude&quot;: -33.86095681,
        &quot;Longitude&quot;: 18.51314325
      }
    },
    {
      &quot;attributes&quot;: {
        &quot;Precincts&quot;: &quot;Arden Grove&quot;,
        &quot;Quickbase_Status&quot;: &quot;Planned&quot;,
        &quot;QBRecordID&quot;: 4081,
        &quot;Third_Party_Dependant_For_Conne&quot;: null,
        &quot;Latitude&quot;: -33.86362909,
        &quot;Longitude&quot;: 18.5131563
      }
    },
    {
      &quot;attributes&quot;: {
        &quot;Precincts&quot;: &quot;Bruma Lake&quot;,
        &quot;Quickbase_Status&quot;: &quot;Planned&quot;,
        &quot;QBRecordID&quot;: 1543,
        &quot;Third_Party_Dependant_For_Conne&quot;: null,
        &quot;Latitude&quot;: -26.18064672,
        &quot;Longitude&quot;: 28.11196904
      }
    },
    {
      &quot;attributes&quot;: {
        &quot;Precincts&quot;: &quot;Bruma Lake&quot;,
        &quot;Quickbase_Status&quot;: &quot;Planned&quot;,
        &quot;QBRecordID&quot;: 962,
        &quot;Third_Party_Dependant_For_Conne&quot;: null,
        &quot;Latitude&quot;: -26.18164024,
        &quot;Longitude&quot;: 28.10897304
      }
    },
    {
      &quot;attributes&quot;: {
        &quot;Precincts&quot;: &quot;Capital Hill&quot;,
        &quot;Quickbase_Status&quot;: &quot;Planned&quot;,
        &quot;QBRecordID&quot;: 2406,
        &quot;Third_Party_Dependant_For_Conne&quot;: null,
        &quot;Latitude&quot;: -26.00874322,
        &quot;Longitude&quot;: 28.13011611
      }
    },
    {
      &quot;attributes&quot;: {
        &quot;Precincts&quot;: &quot;Capital Hill&quot;,
        &quot;Quickbase_Status&quot;: &quot;Planned&quot;,
        &quot;QBRecordID&quot;: 2420,
        &quot;Third_Party_Dependant_For_Conne&quot;: null,
        &quot;Latitude&quot;: -26.01287144,
        &quot;Longitude&quot;: 28.12672864
      }
    },
    {
      &quot;attributes&quot;: {
        &quot;Precincts&quot;: &quot;Central Street&quot;,
        &quot;Quickbase_Status&quot;: &quot;Planned&quot;,
        &quot;QBRecordID&quot;: 2822,
        &quot;Third_Party_Dependant_For_Conne&quot;: null,
        &quot;Latitude&quot;: -26.16268652,
        &quot;Longitude&quot;: 28.05763205
      }
    },
    {
      &quot;attributes&quot;: {
        &quot;Precincts&quot;: &quot;Central Street&quot;,
        &quot;Quickbase_Status&quot;: &quot;Planned&quot;,
        &quot;QBRecordID&quot;: 2823,
        &quot;Third_Party_Dependant_For_Conne&quot;: null,
        &quot;Latitude&quot;: -26.16311109,
        &quot;Longitude&quot;: 28.0573623
      }
    },
    {
      &quot;attributes&quot;: {
        &quot;Precincts&quot;: &quot;George Road&quot;,
        &quot;Quickbase_Status&quot;: &quot;Planned&quot;,
        &quot;QBRecordID&quot;: 994,
        &quot;Third_Party_Dependant_For_Conne&quot;: null,
        &quot;Latitude&quot;: -25.96449196,
        &quot;Longitude&quot;: 28.13216156
      }
    },
    {
      &quot;attributes&quot;: {
        &quot;Precincts&quot;: &quot;Girton&quot;,
        &quot;Quickbase_Status&quot;: &quot;Planned&quot;,
        &quot;QBRecordID&quot;: 3891,
        &quot;Third_Party_Dependant_For_Conne&quot;: null,
        &quot;Latitude&quot;: -26.18445066,
        &quot;Longitude&quot;: 28.03405164
      }
    },
    {
      &quot;attributes&quot;: {
        &quot;Precincts&quot;: &quot;Hatfield (Phase 3)&quot;,
        &quot;Quickbase_Status&quot;: &quot;Planned&quot;,
        &quot;QBRecordID&quot;: 3487,
        &quot;Third_Party_Dependant_For_Conne&quot;: null,
        &quot;Latitude&quot;: -25.74236419,
        &quot;Longitude&quot;: 28.24072244
      }
    },
    {
      &quot;attributes&quot;: {
        &quot;Precincts&quot;: &quot;Morningside&quot;,
        &quot;Quickbase_Status&quot;: &quot;Planned&quot;,
        &quot;QBRecordID&quot;: 1450,
        &quot;Third_Party_Dependant_For_Conne&quot;: null,
        &quot;Latitude&quot;: -26.07964473,
        &quot;Longitude&quot;: 28.06243301
      }
    },
    {
      &quot;attributes&quot;: {
        &quot;Precincts&quot;: &quot;Rosebank Phase 2&quot;,
        &quot;Quickbase_Status&quot;: &quot;Planned&quot;,
        &quot;QBRecordID&quot;: 3999,
        &quot;Third_Party_Dependant_For_Conne&quot;: null,
        &quot;Latitude&quot;: -26.14664534,
        &quot;Longitude&quot;: 28.03747154
      }
    },
    {
      &quot;attributes&quot;: {
        &quot;Precincts&quot;: &quot;Route 21 Office Park&quot;,
        &quot;Quickbase_Status&quot;: &quot;Planned&quot;,
        &quot;QBRecordID&quot;: 2034,
        &quot;Third_Party_Dependant_For_Conne&quot;: null,
        &quot;Latitude&quot;: -25.85800423,
        &quot;Longitude&quot;: 28.25651865
      }
    },
    {
      &quot;attributes&quot;: {
        &quot;Precincts&quot;: &quot;Route 21 Office Park&quot;,
        &quot;Quickbase_Status&quot;: &quot;Planned&quot;,
        &quot;QBRecordID&quot;: 2085,
        &quot;Third_Party_Dependant_For_Conne&quot;: null,
        &quot;Latitude&quot;: -25.86233674,
        &quot;Longitude&quot;: 28.25711742
      }
    },
    {
      &quot;attributes&quot;: {
        &quot;Precincts&quot;: &quot;Route 21 Office Park&quot;,
        &quot;Quickbase_Status&quot;: &quot;Planned&quot;,
        &quot;QBRecordID&quot;: 2092,
        &quot;Third_Party_Dependant_For_Conne&quot;: null,
        &quot;Latitude&quot;: -25.86289224,
        &quot;Longitude&quot;: 28.25701559
      }
    },
    {
      &quot;attributes&quot;: {
        &quot;Precincts&quot;: &quot;Route 21 Office Park&quot;,
        &quot;Quickbase_Status&quot;: &quot;Planned&quot;,
        &quot;QBRecordID&quot;: 2098,
        &quot;Third_Party_Dependant_For_Conne&quot;: null,
        &quot;Latitude&quot;: -25.86454185,
        &quot;Longitude&quot;: 28.25806779
      }
    },
    {
      &quot;attributes&quot;: {
        &quot;Precincts&quot;: &quot;Route 21 Office Park&quot;,
        &quot;Quickbase_Status&quot;: &quot;Planned&quot;,
        &quot;QBRecordID&quot;: 2099,
        &quot;Third_Party_Dependant_For_Conne&quot;: null,
        &quot;Latitude&quot;: -25.86456703,
        &quot;Longitude&quot;: 28.25788789
      }
    },
    {
      &quot;attributes&quot;: {
        &quot;Precincts&quot;: &quot;Route 21 Office Park&quot;,
        &quot;Quickbase_Status&quot;: &quot;Planned&quot;,
        &quot;QBRecordID&quot;: 2132,
        &quot;Third_Party_Dependant_For_Conne&quot;: null,
        &quot;Latitude&quot;: -25.86094529,
        &quot;Longitude&quot;: 28.25704705
      }
    },
    {
      &quot;attributes&quot;: {
        &quot;Precincts&quot;: &quot;Route 21 Office Park&quot;,
        &quot;Quickbase_Status&quot;: &quot;Planned&quot;,
        &quot;QBRecordID&quot;: 2087,
        &quot;Third_Party_Dependant_For_Conne&quot;: null,
        &quot;Latitude&quot;: -25.86277742,
        &quot;Longitude&quot;: 28.25733173
      }
    },
    {
      &quot;attributes&quot;: {
        &quot;Precincts&quot;: &quot;Route 21 Office Park&quot;,
        &quot;Quickbase_Status&quot;: &quot;Planned&quot;,
        &quot;QBRecordID&quot;: 2088,
        &quot;Third_Party_Dependant_For_Conne&quot;: null,
        &quot;Latitude&quot;: -25.86283063,
        &quot;Longitude&quot;: 28.25720856
      }
    },
    {
      &quot;attributes&quot;: {
        &quot;Precincts&quot;: &quot;Kent&quot;,
        &quot;Quickbase_Status&quot;: &quot;Planned&quot;,
        &quot;QBRecordID&quot;: 3892,
        &quot;Third_Party_Dependant_For_Conne&quot;: null,
        &quot;Latitude&quot;: -26.0931827,
        &quot;Longitude&quot;: 28.00099873
      }
    },
    {
      &quot;attributes&quot;: {
        &quot;Precincts&quot;: &quot;Oberon&quot;,
        &quot;Quickbase_Status&quot;: &quot;Planned&quot;,
        &quot;QBRecordID&quot;: 2334,
        &quot;Third_Party_Dependant_For_Conne&quot;: null,
        &quot;Latitude&quot;: -25.77938009,
        &quot;Longitude&quot;: 28.29035866
      }
    },
    {
      &quot;attributes&quot;: {
        &quot;Precincts&quot;: &quot;Peter Place&quot;,
        &quot;Quickbase_Status&quot;: &quot;Planned&quot;,
        &quot;QBRecordID&quot;: 4078,
        &quot;Third_Party_Dependant_For_Conne&quot;: null,
        &quot;Latitude&quot;: -26.07975663,
        &quot;Longitude&quot;: 28.01463216
      }
    },
    {
      &quot;attributes&quot;: {
        &quot;Precincts&quot;: &quot;CPT CBD Phase 13&quot;,
        &quot;Quickbase_Status&quot;: &quot;Planned&quot;,
        &quot;QBRecordID&quot;: 3674,
        &quot;Third_Party_Dependant_For_Conne&quot;: null,
        &quot;Latitude&quot;: -33.92081481,
        &quot;Longitude&quot;: 18.42062335
      }
    },
    {
      &quot;attributes&quot;: {
        &quot;Precincts&quot;: &quot;CPT CBD Phase 13&quot;,
        &quot;Quickbase_Status&quot;: &quot;Planned&quot;,
        &quot;QBRecordID&quot;: 3677,
        &quot;Third_Party_Dependant_For_Conne&quot;: null,
        &quot;Latitude&quot;: -33.92093848,
        &quot;Longitude&quot;: 18.42129324
      }
    },
    {
      &quot;attributes&quot;: {
        &quot;Precincts&quot;: &quot;CPT CBD Phase 13&quot;,
        &quot;Quickbase_Status&quot;: &quot;Planned&quot;,
        &quot;QBRecordID&quot;: 3690,
        &quot;Third_Party_Dependant_For_Conne&quot;: null,
        &quot;Latitude&quot;: -33.92056484,
        &quot;Longitude&quot;: 18.41907909
      }
    },
    {
      &quot;attributes&quot;: {
        &quot;Precincts&quot;: &quot;CPT CBD Phase 13&quot;,
        &quot;Quickbase_Status&quot;: &quot;Planned&quot;,
        &quot;QBRecordID&quot;: 3684,
        &quot;Third_Party_Dependant_For_Conne&quot;: null,
        &quot;Latitude&quot;: -33.92050786,
        &quot;Longitude&quot;: 18.41917768
      }
    },
    {
      &quot;attributes&quot;: {
        &quot;Precincts&quot;: &quot;CPT CBD Phase 13&quot;,
        &quot;Quickbase_Status&quot;: &quot;Planned&quot;,
        &quot;QBRecordID&quot;: 3692,
        &quot;Third_Party_Dependant_For_Conne&quot;: null,
        &quot;Latitude&quot;: -33.92075229,
        &quot;Longitude&quot;: 18.42008886
      }
    },
    {
      &quot;attributes&quot;: {
        &quot;Precincts&quot;: &quot;CPT CBD Phase 13&quot;,
        &quot;Quickbase_Status&quot;: &quot;Planned&quot;,
        &quot;QBRecordID&quot;: 3697,
        &quot;Third_Party_Dependant_For_Conne&quot;: null,
        &quot;Latitude&quot;: -33.9211832,
        &quot;Longitude&quot;: 18.41991965
      }
    },
    {
      &quot;attributes&quot;: {
        &quot;Precincts&quot;: &quot;CPT CBD Phase 13&quot;,
        &quot;Quickbase_Status&quot;: &quot;Planned&quot;,
        &quot;QBRecordID&quot;: 3695,
        &quot;Third_Party_Dependant_For_Conne&quot;: null,
        &quot;Latitude&quot;: -33.92113839,
        &quot;Longitude&quot;: 18.42017099
      }
    },
    {
      &quot;attributes&quot;: {
        &quot;Precincts&quot;: &quot;CPT CBD Phase 13&quot;,
        &quot;Quickbase_Status&quot;: &quot;Planned&quot;,
        &quot;QBRecordID&quot;: 3838,
        &quot;Third_Party_Dependant_For_Conne&quot;: null,
        &quot;Latitude&quot;: -33.9210909,
        &quot;Longitude&quot;: 18.42028389
      }
    },
    {
      &quot;attributes&quot;: {
        &quot;Precincts&quot;: &quot;CPT CBD Phase 13&quot;,
        &quot;Quickbase_Status&quot;: &quot;Planned&quot;,
        &quot;QBRecordID&quot;: 7065,
        &quot;Third_Party_Dependant_For_Conne&quot;: null,
        &quot;Latitude&quot;: -33.9212195,
        &quot;Longitude&quot;: 18.42003076
      }
    },
    {
      &quot;attributes&quot;: {
        &quot;Precincts&quot;: &quot;CPT CBD Phase 14&quot;,
        &quot;Quickbase_Status&quot;: &quot;Planned&quot;,
        &quot;QBRecordID&quot;: 3703,
        &quot;Third_Party_Dependant_For_Conne&quot;: null,
        &quot;Latitude&quot;: -33.92129221,
        &quot;Longitude&quot;: 18.42085492
      }
    },
    {
      &quot;attributes&quot;: {
        &quot;Precincts&quot;: &quot;CPT CBD Phase 13&quot;,
        &quot;Quickbase_Status&quot;: &quot;Planned&quot;,
        &quot;QBRecordID&quot;: 3713,
        &quot;Third_Party_Dependant_For_Conne&quot;: null,
        &quot;Latitude&quot;: -33.92123053,
        &quot;Longitude&quot;: 18.42068155
      }
    },
    {
      &quot;attributes&quot;: {
        &quot;Precincts&quot;: &quot;CPT CBD Phase 13&quot;,
        &quot;Quickbase_Status&quot;: &quot;Planned&quot;,
        &quot;QBRecordID&quot;: 3705,
        &quot;Third_Party_Dependant_For_Conne&quot;: null,
        &quot;Latitude&quot;: -33.92162098,
        &quot;Longitude&quot;: 18.42079102
      }
    },
    {
      &quot;attributes&quot;: {
        &quot;Precincts&quot;: &quot;CPT CBD Phase 13&quot;,
        &quot;Quickbase_Status&quot;: &quot;Planned&quot;,
        &quot;QBRecordID&quot;: 3709,
        &quot;Third_Party_Dependant_For_Conne&quot;: null,
        &quot;Latitude&quot;: -33.92156587,
        &quot;Longitude&quot;: 18.42055888
      }
    },
    {
      &quot;attributes&quot;: {
        &quot;Precincts&quot;: &quot;CPT CBD Phase 13&quot;,
        &quot;Quickbase_Status&quot;: &quot;Planned&quot;,
        &quot;QBRecordID&quot;: 3708,
        &quot;Third_Party_Dependant_For_Conne&quot;: null,
        &quot;Latitude&quot;: -33.92162796,
        &quot;Longitude&quot;: 18.42059331
      }
    },
    {
      &quot;attributes&quot;: {
        &quot;Precincts&quot;: &quot;CPT CBD Phase 13&quot;,
        &quot;Quickbase_Status&quot;: &quot;Planned&quot;,
        &quot;QBRecordID&quot;: 3707,
        &quot;Third_Party_Dependant_For_Conne&quot;: null,
        &quot;Latitude&quot;: -33.92173593,
        &quot;Longitude&quot;: 18.42063964
      }
    },
    {
      &quot;attributes&quot;: {
        &quot;Precincts&quot;: &quot;CPT CBD Phase 13&quot;,
        &quot;Quickbase_Status&quot;: &quot;Planned&quot;,
        &quot;QBRecordID&quot;: 7066,
        &quot;Third_Party_Dependant_For_Conne&quot;: null,
        &quot;Latitude&quot;: -33.92112768,
        &quot;Longitude&quot;: 18.42072212
      }
    },
    {
      &quot;attributes&quot;: {
        &quot;Precincts&quot;: &quot;CPT CBD Phase 13&quot;,
        &quot;Quickbase_Status&quot;: &quot;Planned&quot;,
        &quot;QBRecordID&quot;: 3723,
        &quot;Third_Party_Dependant_For_Conne&quot;: null,
        &quot;Latitude&quot;: -33.92115381,
        &quot;Longitude&quot;: 18.41880953
      }
    },
    {
      &quot;attributes&quot;: {
        &quot;Precincts&quot;: &quot;CPT CBD Phase 13&quot;,
        &quot;Quickbase_Status&quot;: &quot;Planned&quot;,
        &quot;QBRecordID&quot;: 3725,
        &quot;Third_Party_Dependant_For_Conne&quot;: null,
        &quot;Latitude&quot;: -33.92098615,
        &quot;Longitude&quot;: 18.41871386
      }
    },
    {
      &quot;attributes&quot;: {
        &quot;Precincts&quot;: &quot;CPT CBD Phase 13&quot;,
        &quot;Quickbase_Status&quot;: &quot;Planned&quot;,
        &quot;QBRecordID&quot;: 3715,
        &quot;Third_Party_Dependant_For_Conne&quot;: null,
        &quot;Latitude&quot;: -33.92085879,
        &quot;Longitude&quot;: 18.41897256
      }
    },
    {
      &quot;attributes&quot;: {
        &quot;Precincts&quot;: &quot;CPT CBD Phase 13&quot;,
        &quot;Quickbase_Status&quot;: &quot;Planned&quot;,
        &quot;QBRecordID&quot;: 3736,
        &quot;Third_Party_Dependant_For_Conne&quot;: null,
        &quot;Latitude&quot;: -33.92146985,
        &quot;Longitude&quot;: 18.41936295
      }
    },
    {
      &quot;attributes&quot;: {
        &quot;Precincts&quot;: &quot;CPT CBD Phase 13&quot;,
        &quot;Quickbase_Status&quot;: &quot;Planned&quot;,
        &quot;QBRecordID&quot;: 3732,
        &quot;Third_Party_Dependant_For_Conne&quot;: null,
        &quot;Latitude&quot;: -33.92176356,
        &quot;Longitude&quot;: 18.4194618
      }
    },
    {
      &quot;attributes&quot;: {
        &quot;Precincts&quot;: &quot;CPT CBD Phase 13&quot;,
        &quot;Quickbase_Status&quot;: &quot;Planned&quot;,
        &quot;QBRecordID&quot;: 3730,
        &quot;Third_Party_Dependant_For_Conne&quot;: null,
        &quot;Latitude&quot;: -33.92185199,
        &quot;Longitude&quot;: 18.4195714
      }
    },
    {
      &quot;attributes&quot;: {
        &quot;Precincts&quot;: &quot;CPT CBD Phase 13&quot;,
        &quot;Quickbase_Status&quot;: &quot;Planned&quot;,
        &quot;QBRecordID&quot;: 3739,
        &quot;Third_Party_Dependant_For_Conne&quot;: null,
        &quot;Latitude&quot;: -33.92173145,
        &quot;Longitude&quot;: 18.42013422
      }
    },
    {
      &quot;attributes&quot;: {
        &quot;Precincts&quot;: &quot;CPT CBD Phase 13&quot;,
        &quot;Quickbase_Status&quot;: &quot;Planned&quot;,
        &quot;QBRecordID&quot;: 3743,
        &quot;Third_Party_Dependant_For_Conne&quot;: null,
        &quot;Latitude&quot;: -33.92226122,
        &quot;Longitude&quot;: 18.42030266
      }
    },
    {
      &quot;attributes&quot;: {
        &quot;Precincts&quot;: &quot;CPT CBD Phase 12&quot;,
        &quot;Quickbase_Status&quot;: &quot;Planned&quot;,
        &quot;QBRecordID&quot;: 3656,
        &quot;Third_Party_Dependant_For_Conne&quot;: null,
        &quot;Latitude&quot;: -33.91863301,
        &quot;Longitude&quot;: 18.42969948
      }
    },
    {
      &quot;attributes&quot;: {
        &quot;Precincts&quot;: &quot;CPT CBD Phase 12&quot;,
        &quot;Quickbase_Status&quot;: &quot;Planned&quot;,
        &quot;QBRecordID&quot;: 3657,
        &quot;Third_Party_Dependant_For_Conne&quot;: null,
        &quot;Latitude&quot;: -33.91797385,
        &quot;Longitude&quot;: 18.42880497
      }
    },
    {
      &quot;attributes&quot;: {
        &quot;Precincts&quot;: &quot;CPT CBD Phase 12&quot;,
        &quot;Quickbase_Status&quot;: &quot;Planned&quot;,
        &quot;QBRecordID&quot;: 3662,
        &quot;Third_Party_Dependant_For_Conne&quot;: null,
        &quot;Latitude&quot;: -33.92224079,
        &quot;Longitude&quot;: 18.4285954
      }
    },
    {
      &quot;attributes&quot;: {
        &quot;Precincts&quot;: &quot;CPT CBD Phase 12&quot;,
        &quot;Quickbase_Status&quot;: &quot;Planned&quot;,
        &quot;QBRecordID&quot;: 3663,
        &quot;Third_Party_Dependant_For_Conne&quot;: null,
        &quot;Latitude&quot;: -33.92308368,
        &quot;Longitude&quot;: 18.42960878
      }
    },
    {
      &quot;attributes&quot;: {
        &quot;Precincts&quot;: &quot;CPT CBD Phase 11&quot;,
        &quot;Quickbase_Status&quot;: &quot;Planned&quot;,
        &quot;QBRecordID&quot;: 3604,
        &quot;Third_Party_Dependant_For_Conne&quot;: null,
        &quot;Latitude&quot;: -33.92199639,
        &quot;Longitude&quot;: 18.41881409
      }
    },
    {
      &quot;attributes&quot;: {
        &quot;Precincts&quot;: &quot;CPT CBD Phase 11&quot;,
        &quot;Quickbase_Status&quot;: &quot;Planned&quot;,
        &quot;QBRecordID&quot;: 3619,
        &quot;Third_Party_Dependant_For_Conne&quot;: null,
        &quot;Latitude&quot;: -33.92229437,
        &quot;Longitude&quot;: 18.41849743
      }
    },
    {
      &quot;attributes&quot;: {
        &quot;Precincts&quot;: &quot;CPT CBD Phase 11&quot;,
        &quot;Quickbase_Status&quot;: &quot;Planned&quot;,
        &quot;QBRecordID&quot;: 3617,
        &quot;Third_Party_Dependant_For_Conne&quot;: null,
        &quot;Latitude&quot;: -33.92244747,
        &quot;Longitude&quot;: 18.4181984
      }
    },
    {
      &quot;attributes&quot;: {
        &quot;Precincts&quot;: &quot;CPT CBD Phase 11&quot;,
        &quot;Quickbase_Status&quot;: &quot;Planned&quot;,
        &quot;QBRecordID&quot;: 3616,
        &quot;Third_Party_Dependant_For_Conne&quot;: null,
        &quot;Latitude&quot;: -33.92251808,
        &quot;Longitude&quot;: 18.41830572
      }
    },
    {
      &quot;attributes&quot;: {
        &quot;Precincts&quot;: &quot;CPT CBD Phase 11&quot;,
        &quot;Quickbase_Status&quot;: &quot;Planned&quot;,
        &quot;QBRecordID&quot;: 3614,
        &quot;Third_Party_Dependant_For_Conne&quot;: null,
        &quot;Latitude&quot;: -33.92268472,
        &quot;Longitude&quot;: 18.41853229
      }
    },
    {
      &quot;attributes&quot;: {
        &quot;Precincts&quot;: &quot;CPT CBD Phase 11&quot;,
        &quot;Quickbase_Status&quot;: &quot;Planned&quot;,
        &quot;QBRecordID&quot;: 3613,
        &quot;Third_Party_Dependant_For_Conne&quot;: null,
        &quot;Latitude&quot;: -33.92256428,
        &quot;Longitude&quot;: 18.41864995
      }
    },
    {
      &quot;attributes&quot;: {
        &quot;Precincts&quot;: &quot;CPT CBD Phase 11&quot;,
        &quot;Quickbase_Status&quot;: &quot;Planned&quot;,
        &quot;QBRecordID&quot;: 3612,
        &quot;Third_Party_Dependant_For_Conne&quot;: null,
        &quot;Latitude&quot;: -33.92248258,
        &quot;Longitude&quot;: 18.41878422
      }
    },
    {
      &quot;attributes&quot;: {
        &quot;Precincts&quot;: &quot;CPT CBD Phase 11&quot;,
        &quot;Quickbase_Status&quot;: &quot;Planned&quot;,
        &quot;QBRecordID&quot;: 3611,
        &quot;Third_Party_Dependant_For_Conne&quot;: null,
        &quot;Latitude&quot;: -33.92241174,
        &quot;Longitude&quot;: 18.41894137
      }
    },
    {
      &quot;attributes&quot;: {
        &quot;Precincts&quot;: &quot;CPT CBD Phase 11&quot;,
        &quot;Quickbase_Status&quot;: &quot;Planned&quot;,
        &quot;QBRecordID&quot;: 3610,
        &quot;Third_Party_Dependant_For_Conne&quot;: null,
        &quot;Latitude&quot;: -33.92232543,
        &quot;Longitude&quot;: 18.41884346
      }
    },
    {
      &quot;attributes&quot;: {
        &quot;Precincts&quot;: &quot;CPT CBD Phase 11&quot;,
        &quot;Quickbase_Status&quot;: &quot;Planned&quot;,
        &quot;QBRecordID&quot;: 3629,
        &quot;Third_Party_Dependant_For_Conne&quot;: null,
        &quot;Latitude&quot;: -33.92290558,
        &quot;Longitude&quot;: 18.41884645
      }
    },
    {
      &quot;attributes&quot;: {
        &quot;Precincts&quot;: &quot;CPT CBD Phase 11&quot;,
        &quot;Quickbase_Status&quot;: &quot;Planned&quot;,
        &quot;QBRecordID&quot;: 3630,
        &quot;Third_Party_Dependant_For_Conne&quot;: null,
        &quot;Latitude&quot;: -33.92283491,
        &quot;Longitude&quot;: 18.41902289
      }
    },
    {
      &quot;attributes&quot;: {
        &quot;Precincts&quot;: &quot;CPT CBD Phase 11&quot;,
        &quot;Quickbase_Status&quot;: &quot;Planned&quot;,
        &quot;QBRecordID&quot;: 3621,
        &quot;Third_Party_Dependant_For_Conne&quot;: null,
        &quot;Latitude&quot;: -33.92261316,
        &quot;Longitude&quot;: 18.41929521
      }
    },
    {
      &quot;attributes&quot;: {
        &quot;Precincts&quot;: &quot;CPT CBD Phase 11&quot;,
        &quot;Quickbase_Status&quot;: &quot;Planned&quot;,
        &quot;QBRecordID&quot;: 3631,
        &quot;Third_Party_Dependant_For_Conne&quot;: null,
        &quot;Latitude&quot;: -33.92317347,
        &quot;Longitude&quot;: 18.41986595
      }
    },
    {
      &quot;attributes&quot;: {
        &quot;Precincts&quot;: &quot;CPT CBD Phase 11&quot;,
        &quot;Quickbase_Status&quot;: &quot;Planned&quot;,
        &quot;QBRecordID&quot;: 3638,
        &quot;Third_Party_Dependant_For_Conne&quot;: null,
        &quot;Latitude&quot;: -33.92288176,
        &quot;Longitude&quot;: 18.41842645
      }
    },
    {
      &quot;attributes&quot;: {
        &quot;Precincts&quot;: &quot;CPT CBD Phase 11&quot;,
        &quot;Quickbase_Status&quot;: &quot;Planned&quot;,
        &quot;QBRecordID&quot;: 3644,
        &quot;Third_Party_Dependant_For_Conne&quot;: null,
        &quot;Latitude&quot;: -33.92269124,
        &quot;Longitude&quot;: 18.41799231
      }
    },
    {
      &quot;attributes&quot;: {
        &quot;Precincts&quot;: &quot;CPT CBD Phase 11&quot;,
        &quot;Quickbase_Status&quot;: &quot;Planned&quot;,
        &quot;QBRecordID&quot;: 3647,
        &quot;Third_Party_Dependant_For_Conne&quot;: null,
        &quot;Latitude&quot;: -33.92310617,
        &quot;Longitude&quot;: 18.41859974
      }
    },
    {
      &quot;attributes&quot;: {
        &quot;Precincts&quot;: &quot;CPT CBD Phase 11&quot;,
        &quot;Quickbase_Status&quot;: &quot;Planned&quot;,
        &quot;QBRecordID&quot;: 3646,
        &quot;Third_Party_Dependant_For_Conne&quot;: null,
        &quot;Latitude&quot;: -33.92310212,
        &quot;Longitude&quot;: 18.41873671
      }
    },
    {
      &quot;attributes&quot;: {
        &quot;Precincts&quot;: &quot;CPT CBD Phase 11&quot;,
        &quot;Quickbase_Status&quot;: &quot;Planned&quot;,
        &quot;QBRecordID&quot;: 3650,
        &quot;Third_Party_Dependant_For_Conne&quot;: null,
        &quot;Latitude&quot;: -33.92358933,
        &quot;Longitude&quot;: 18.41935507
      }
    },
    {
      &quot;attributes&quot;: {
        &quot;Precincts&quot;: &quot;CPT CBD Phase 11&quot;,
        &quot;Quickbase_Status&quot;: &quot;Planned&quot;,
        &quot;QBRecordID&quot;: 3652,
        &quot;Third_Party_Dependant_For_Conne&quot;: null,
        &quot;Latitude&quot;: -33.92424361,
        &quot;Longitude&quot;: 18.41938249
      }
    },
    {
      &quot;attributes&quot;: {
        &quot;Precincts&quot;: &quot;CPT CBD Phase 10&quot;,
        &quot;Quickbase_Status&quot;: &quot;Planned&quot;,
        &quot;QBRecordID&quot;: 3561,
        &quot;Third_Party_Dependant_For_Conne&quot;: null,
        &quot;Latitude&quot;: -33.92353233,
        &quot;Longitude&quot;: 18.42228762
      }
    },
    {
      &quot;attributes&quot;: {
        &quot;Precincts&quot;: &quot;CPT CBD Phase 10&quot;,
        &quot;Quickbase_Status&quot;: &quot;Planned&quot;,
        &quot;QBRecordID&quot;: 3567,
        &quot;Third_Party_Dependant_For_Conne&quot;: null,
        &quot;Latitude&quot;: -33.92422763,
        &quot;Longitude&quot;: 18.42178038
      }
    },
    {
      &quot;attributes&quot;: {
        &quot;Precincts&quot;: &quot;CPT CBD Phase 10&quot;,
        &quot;Quickbase_Status&quot;: &quot;Planned&quot;,
        &quot;QBRecordID&quot;: 7074,
        &quot;Third_Party_Dependant_For_Conne&quot;: null,
        &quot;Latitude&quot;: -33.92469657,
        &quot;Longitude&quot;: 18.42122329
      }
    },
    {
      &quot;attributes&quot;: {
        &quot;Precincts&quot;: &quot;CPT CBD Phase 10&quot;,
        &quot;Quickbase_Status&quot;: &quot;Planned&quot;,
        &quot;QBRecordID&quot;: 7075,
        &quot;Third_Party_Dependant_For_Conne&quot;: null,
        &quot;Latitude&quot;: -33.92453851,
        &quot;Longitude&quot;: 18.42159256
      }
    },
    {
      &quot;attributes&quot;: {
        &quot;Precincts&quot;: &quot;CPT CBD Phase 09&quot;,
        &quot;Quickbase_Status&quot;: &quot;Planned&quot;,
        &quot;QBRecordID&quot;: 3337,
        &quot;Third_Party_Dependant_For_Conne&quot;: null,
        &quot;Latitude&quot;: -33.91983115,
        &quot;Longitude&quot;: 18.4188409
      }
    },
    {
      &quot;attributes&quot;: {
        &quot;Precincts&quot;: &quot;CPT CBD Phase 09&quot;,
        &quot;Quickbase_Status&quot;: &quot;Planned&quot;,
        &quot;QBRecordID&quot;: 3342,
        &quot;Third_Party_Dependant_For_Conne&quot;: null,
        &quot;Latitude&quot;: -33.9202041,
        &quot;Longitude&quot;: 18.41869419
      }
    },
    {
      &quot;attributes&quot;: {
        &quot;Precincts&quot;: &quot;CPT CBD Phase 09&quot;,
        &quot;Quickbase_Status&quot;: &quot;Planned&quot;,
        &quot;QBRecordID&quot;: 3339,
        &quot;Third_Party_Dependant_For_Conne&quot;: null,
        &quot;Latitude&quot;: -33.91998394,
        &quot;Longitude&quot;: 18.4190657
      }
    },
    {
      &quot;attributes&quot;: {
        &quot;Precincts&quot;: &quot;CPT CBD Phase 09&quot;,
        &quot;Quickbase_Status&quot;: &quot;Planned&quot;,
        &quot;QBRecordID&quot;: 3338,
        &quot;Third_Party_Dependant_For_Conne&quot;: null,
        &quot;Latitude&quot;: -33.91991796,
        &quot;Longitude&quot;: 18.4188996
      }
    },
    {
      &quot;attributes&quot;: {
        &quot;Precincts&quot;: &quot;CPT CBD Phase 09&quot;,
        &quot;Quickbase_Status&quot;: &quot;Planned&quot;,
        &quot;QBRecordID&quot;: 3343,
        &quot;Third_Party_Dependant_For_Conne&quot;: null,
        &quot;Latitude&quot;: -33.91994581,
        &quot;Longitude&quot;: 18.41839648
      }
    },
    {
      &quot;attributes&quot;: {
        &quot;Precincts&quot;: &quot;CPT CBD Phase 09&quot;,
        &quot;Quickbase_Status&quot;: &quot;Planned&quot;,
        &quot;QBRecordID&quot;: 3358,
        &quot;Third_Party_Dependant_For_Conne&quot;: null,
        &quot;Latitude&quot;: -33.92145473,
        &quot;Longitude&quot;: 18.41748404
      }
    },
    {
      &quot;attributes&quot;: {
        &quot;Precincts&quot;: &quot;CPT CBD Phase 09&quot;,
        &quot;Quickbase_Status&quot;: &quot;Planned&quot;,
        &quot;QBRecordID&quot;: 3361,
        &quot;Third_Party_Dependant_For_Conne&quot;: null,
        &quot;Latitude&quot;: -33.92139541,
        &quot;Longitude&quot;: 18.41860886
      }
    },
    {
      &quot;attributes&quot;: {
        &quot;Precincts&quot;: &quot;CPT CBD Phase 09&quot;,
        &quot;Quickbase_Status&quot;: &quot;Planned&quot;,
        &quot;QBRecordID&quot;: 3365,
        &quot;Third_Party_Dependant_For_Conne&quot;: null,
        &quot;Latitude&quot;: -33.92156468,
        &quot;Longitude&quot;: 18.41834274
      }
    },
    {
      &quot;attributes&quot;: {
        &quot;Precincts&quot;: &quot;CPT CBD Phase 09&quot;,
        &quot;Quickbase_Status&quot;: &quot;Planned&quot;,
        &quot;QBRecordID&quot;: 3364,
        &quot;Third_Party_Dependant_For_Conne&quot;: null,
        &quot;Latitude&quot;: -33.9217273,
        &quot;Longitude&quot;: 18.41845017
      }
    },
    {
      &quot;attributes&quot;: {
        &quot;Precincts&quot;: &quot;CPT CBD Phase 09&quot;,
        &quot;Quickbase_Status&quot;: &quot;Planned&quot;,
        &quot;QBRecordID&quot;: 3369,
        &quot;Third_Party_Dependant_For_Conne&quot;: null,
        &quot;Latitude&quot;: -33.92192877,
        &quot;Longitude&quot;: 18.41792349
      }
    },
    {
      &quot;attributes&quot;: {
        &quot;Precincts&quot;: &quot;CPT CBD Phase 09&quot;,
        &quot;Quickbase_Status&quot;: &quot;Planned&quot;,
        &quot;QBRecordID&quot;: 3374,
        &quot;Third_Party_Dependant_For_Conne&quot;: null,
        &quot;Latitude&quot;: -33.92221423,
        &quot;Longitude&quot;: 18.41667853
      }
    },
    {
      &quot;attributes&quot;: {
        &quot;Precincts&quot;: &quot;CPT CBD Phase 11&quot;,
        &quot;Quickbase_Status&quot;: &quot;Planned&quot;,
        &quot;QBRecordID&quot;: 3382,
        &quot;Third_Party_Dependant_For_Conne&quot;: null,
        &quot;Latitude&quot;: -33.92238841,
        &quot;Longitude&quot;: 18.41770988
      }
    },
    {
      &quot;attributes&quot;: {
        &quot;Precincts&quot;: &quot;CPT CBD Phase 09&quot;,
        &quot;Quickbase_Status&quot;: &quot;Planned&quot;,
        &quot;QBRecordID&quot;: 3380,
        &quot;Third_Party_Dependant_For_Conne&quot;: null,
        &quot;Latitude&quot;: -33.92218225,
        &quot;Longitude&quot;: 18.41743858
      }
    },
    {
      &quot;attributes&quot;: {
        &quot;Precincts&quot;: &quot;CPT CBD Phase 09&quot;,
        &quot;Quickbase_Status&quot;: &quot;Planned&quot;,
        &quot;QBRecordID&quot;: 3385,
        &quot;Third_Party_Dependant_For_Conne&quot;: null,
        &quot;Latitude&quot;: -33.92274769,
        &quot;Longitude&quot;: 18.41741105
      }
    },
    {
      &quot;attributes&quot;: {
        &quot;Precincts&quot;: &quot;CPT CBD Phase 08&quot;,
        &quot;Quickbase_Status&quot;: &quot;Planned&quot;,
        &quot;QBRecordID&quot;: 3276,
        &quot;Third_Party_Dependant_For_Conne&quot;: null,
        &quot;Latitude&quot;: -33.91738637,
        &quot;Longitude&quot;: 18.42273891
      }
    },
    {
      &quot;attributes&quot;: {
        &quot;Precincts&quot;: &quot;CPT CBD Phase 08&quot;,
        &quot;Quickbase_Status&quot;: &quot;Planned&quot;,
        &quot;QBRecordID&quot;: 3277,
        &quot;Third_Party_Dependant_For_Conne&quot;: null,
        &quot;Latitude&quot;: -33.91721893,
        &quot;Longitude&quot;: 18.4212371
      }
    },
    {
      &quot;attributes&quot;: {
        &quot;Precincts&quot;: &quot;CPT CBD Phase 08&quot;,
        &quot;Quickbase_Status&quot;: &quot;Planned&quot;,
        &quot;QBRecordID&quot;: 3279,
        &quot;Third_Party_Dependant_For_Conne&quot;: null,
        &quot;Latitude&quot;: -33.91736571,
        &quot;Longitude&quot;: 18.42180794
      }
    },
    {
      &quot;attributes&quot;: {
        &quot;Precincts&quot;: &quot;CPT CBD Phase 08&quot;,
        &quot;Quickbase_Status&quot;: &quot;Planned&quot;,
        &quot;QBRecordID&quot;: 3280,
        &quot;Third_Party_Dependant_For_Conne&quot;: null,
        &quot;Latitude&quot;: -33.91745212,
        &quot;Longitude&quot;: 18.42172157
      }
    },
    {
      &quot;attributes&quot;: {
        &quot;Precincts&quot;: &quot;CPT CBD Phase 08&quot;,
        &quot;Quickbase_Status&quot;: &quot;Planned&quot;,
        &quot;QBRecordID&quot;: 3281,
        &quot;Third_Party_Dependant_For_Conne&quot;: null,
        &quot;Latitude&quot;: -33.91755393,
        &quot;Longitude&quot;: 18.42159981
      }
    },
    {
      &quot;attributes&quot;: {
        &quot;Precincts&quot;: &quot;CPT CBD Phase 08&quot;,
        &quot;Quickbase_Status&quot;: &quot;Planned&quot;,
        &quot;QBRecordID&quot;: 3282,
        &quot;Third_Party_Dependant_For_Conne&quot;: null,
        &quot;Latitude&quot;: -33.91769152,
        &quot;Longitude&quot;: 18.42147022
      }
    },
    {
      &quot;attributes&quot;: {
        &quot;Precincts&quot;: &quot;CPT CBD Phase 08&quot;,
        &quot;Quickbase_Status&quot;: &quot;Planned&quot;,
        &quot;QBRecordID&quot;: 3283,
        &quot;Third_Party_Dependant_For_Conne&quot;: null,
        &quot;Latitude&quot;: -33.91781578,
        &quot;Longitude&quot;: 18.42226409
      }
    },
    {
      &quot;attributes&quot;: {
        &quot;Precincts&quot;: &quot;CPT CBD Phase 08&quot;,
        &quot;Quickbase_Status&quot;: &quot;Planned&quot;,
        &quot;QBRecordID&quot;: 3289,
        &quot;Third_Party_Dependant_For_Conne&quot;: null,
        &quot;Latitude&quot;: -33.91796281,
        &quot;Longitude&quot;: 18.42205461
      }
    },
    {
      &quot;attributes&quot;: {
        &quot;Precincts&quot;: &quot;CPT CBD Phase 08&quot;,
        &quot;Quickbase_Status&quot;: &quot;Planned&quot;,
        &quot;QBRecordID&quot;: 3286,
        &quot;Third_Party_Dependant_For_Conne&quot;: null,
        &quot;Latitude&quot;: -33.91830421,
        &quot;Longitude&quot;: 18.42225808
      }
    },
    {
      &quot;attributes&quot;: {
        &quot;Precincts&quot;: &quot;CPT CBD Phase 08&quot;,
        &quot;Quickbase_Status&quot;: &quot;Planned&quot;,
        &quot;QBRecordID&quot;: 3285,
        &quot;Third_Party_Dependant_For_Conne&quot;: null,
        &quot;Latitude&quot;: -33.91817207,
        &quot;Longitude&quot;: 18.42227775
      }
    },
    {
      &quot;attributes&quot;: {
        &quot;Precincts&quot;: &quot;CPT CBD Phase 08&quot;,
        &quot;Quickbase_Status&quot;: &quot;Planned&quot;,
        &quot;QBRecordID&quot;: 3292,
        &quot;Third_Party_Dependant_For_Conne&quot;: null,
        &quot;Latitude&quot;: -33.91869415,
        &quot;Longitude&quot;: 18.42182913
      }
    },
    {
      &quot;attributes&quot;: {
        &quot;Precincts&quot;: &quot;CPT CBD Phase 08&quot;,
        &quot;Quickbase_Status&quot;: &quot;Planned&quot;,
        &quot;QBRecordID&quot;: 3293,
        &quot;Third_Party_Dependant_For_Conne&quot;: null,
        &quot;Latitude&quot;: -33.91863186,
        &quot;Longitude&quot;: 18.4216803
      }
    },
    {
      &quot;attributes&quot;: {
        &quot;Precincts&quot;: &quot;CPT CBD Phase 08&quot;,
        &quot;Quickbase_Status&quot;: &quot;Planned&quot;,
        &quot;QBRecordID&quot;: 3299,
        &quot;Third_Party_Dependant_For_Conne&quot;: null,
        &quot;Latitude&quot;: -33.91775295,
        &quot;Longitude&quot;: 18.42069315
      }
    },
    {
      &quot;attributes&quot;: {
        &quot;Precincts&quot;: &quot;CPT CBD Phase 08&quot;,
        &quot;Quickbase_Status&quot;: &quot;Planned&quot;,
        &quot;QBRecordID&quot;: 3303,
        &quot;Third_Party_Dependant_For_Conne&quot;: null,
        &quot;Latitude&quot;: -33.91842029,
        &quot;Longitude&quot;: 18.42003344
      }
    },
    {
      &quot;attributes&quot;: {
        &quot;Precincts&quot;: &quot;CPT CBD Phase 08&quot;,
        &quot;Quickbase_Status&quot;: &quot;Planned&quot;,
        &quot;QBRecordID&quot;: 3301,
        &quot;Third_Party_Dependant_For_Conne&quot;: null,
        &quot;Latitude&quot;: -33.91824399,
        &quot;Longitude&quot;: 18.42029404
      }
    },
    {
      &quot;attributes&quot;: {
        &quot;Precincts&quot;: &quot;CPT CBD Phase 08&quot;,
        &quot;Quickbase_Status&quot;: &quot;Planned&quot;,
        &quot;QBRecordID&quot;: 3310,
        &quot;Third_Party_Dependant_For_Conne&quot;: null,
        &quot;Latitude&quot;: -33.91922211,
        &quot;Longitude&quot;: 18.4218563
      }
    },
    {
      &quot;attributes&quot;: {
        &quot;Precincts&quot;: &quot;CPT CBD Phase 08&quot;,
        &quot;Quickbase_Status&quot;: &quot;Planned&quot;,
        &quot;QBRecordID&quot;: 3311,
        &quot;Third_Party_Dependant_For_Conne&quot;: null,
        &quot;Latitude&quot;: -33.91931305,
        &quot;Longitude&quot;: 18.42174717
      }
    },
    {
      &quot;attributes&quot;: {
        &quot;Precincts&quot;: &quot;CPT CBD Phase 08&quot;,
        &quot;Quickbase_Status&quot;: &quot;Planned&quot;,
        &quot;QBRecordID&quot;: 3316,
        &quot;Third_Party_Dependant_For_Conne&quot;: null,
        &quot;Latitude&quot;: -33.91936958,
        &quot;Longitude&quot;: 18.42159836
      }
    },
    {
      &quot;attributes&quot;: {
        &quot;Precincts&quot;: &quot;CPT CBD Phase 08&quot;,
        &quot;Quickbase_Status&quot;: &quot;Planned&quot;,
        &quot;QBRecordID&quot;: 3315,
        &quot;Third_Party_Dependant_For_Conne&quot;: null,
        &quot;Latitude&quot;: -33.9194667,
        &quot;Longitude&quot;: 18.42148426
      }
    },
    {
      &quot;attributes&quot;: {
        &quot;Precincts&quot;: &quot;CPT CBD Phase 08&quot;,
        &quot;Quickbase_Status&quot;: &quot;Planned&quot;,
        &quot;QBRecordID&quot;: 3313,
        &quot;Third_Party_Dependant_For_Conne&quot;: null,
        &quot;Latitude&quot;: -33.91948462,
        &quot;Longitude&quot;: 18.42167238
      }
    },
    {
      &quot;attributes&quot;: {
        &quot;Precincts&quot;: &quot;CPT CBD Phase 08&quot;,
        &quot;Quickbase_Status&quot;: &quot;Planned&quot;,
        &quot;QBRecordID&quot;: 3322,
        &quot;Third_Party_Dependant_For_Conne&quot;: null,
        &quot;Latitude&quot;: -33.91885418,
        &quot;Longitude&quot;: 18.41933731
      }
    },
    {
      &quot;attributes&quot;: {
        &quot;Precincts&quot;: &quot;CPT CBD Phase 08&quot;,
        &quot;Quickbase_Status&quot;: &quot;Planned&quot;,
        &quot;QBRecordID&quot;: 3321,
        &quot;Third_Party_Dependant_For_Conne&quot;: null,
        &quot;Latitude&quot;: -33.91894669,
        &quot;Longitude&quot;: 18.41955437
      }
    },
    {
      &quot;attributes&quot;: {
        &quot;Precincts&quot;: &quot;CPT CBD Phase 08&quot;,
        &quot;Quickbase_Status&quot;: &quot;Planned&quot;,
        &quot;QBRecordID&quot;: 3320,
        &quot;Third_Party_Dependant_For_Conne&quot;: null,
        &quot;Latitude&quot;: -33.91912372,
        &quot;Longitude&quot;: 18.41968564
      }
    },
    {
      &quot;attributes&quot;: {
        &quot;Precincts&quot;: &quot;CPT CBD Phase 08&quot;,
        &quot;Quickbase_Status&quot;: &quot;Planned&quot;,
        &quot;QBRecordID&quot;: 3319,
        &quot;Third_Party_Dependant_For_Conne&quot;: null,
        &quot;Latitude&quot;: -33.91894539,
        &quot;Longitude&quot;: 18.42015695
      }
    },
    {
      &quot;attributes&quot;: {
        &quot;Precincts&quot;: &quot;CPT CBD Phase 08&quot;,
        &quot;Quickbase_Status&quot;: &quot;Planned&quot;,
        &quot;QBRecordID&quot;: 7013,
        &quot;Third_Party_Dependant_For_Conne&quot;: null,
        &quot;Latitude&quot;: -33.91861449,
        &quot;Longitude&quot;: 18.41956912
      }
    },
    {
      &quot;attributes&quot;: {
        &quot;Precincts&quot;: &quot;CPT CBD Phase 08&quot;,
        &quot;Quickbase_Status&quot;: &quot;Planned&quot;,
        &quot;QBRecordID&quot;: 7012,
        &quot;Third_Party_Dependant_For_Conne&quot;: null,
        &quot;Latitude&quot;: -33.91869277,
        &quot;Longitude&quot;: 18.41992266
      }
    },
    {
      &quot;attributes&quot;: {
        &quot;Precincts&quot;: &quot;CPT CBD Phase 08&quot;,
        &quot;Quickbase_Status&quot;: &quot;Planned&quot;,
        &quot;QBRecordID&quot;: 3326,
        &quot;Third_Party_Dependant_For_Conne&quot;: null,
        &quot;Latitude&quot;: -33.91937295,
        &quot;Longitude&quot;: 18.42083327
      }
    },
    {
      &quot;attributes&quot;: {
        &quot;Precincts&quot;: &quot;CPT CBD Phase 08&quot;,
        &quot;Quickbase_Status&quot;: &quot;Planned&quot;,
        &quot;QBRecordID&quot;: 3334,
        &quot;Third_Party_Dependant_For_Conne&quot;: null,
        &quot;Latitude&quot;: -33.91978727,
        &quot;Longitude&quot;: 18.42113858
      }
    },
    {
      &quot;attributes&quot;: {
        &quot;Precincts&quot;: &quot;CPT CBD Phase 08&quot;,
        &quot;Quickbase_Status&quot;: &quot;Planned&quot;,
        &quot;QBRecordID&quot;: 3333,
        &quot;Third_Party_Dependant_For_Conne&quot;: null,
        &quot;Latitude&quot;: -33.91986371,
        &quot;Longitude&quot;: 18.42102949
      }
    },
    {
      &quot;attributes&quot;: {
        &quot;Precincts&quot;: &quot;CPT CBD Phase 08&quot;,
        &quot;Quickbase_Status&quot;: &quot;Planned&quot;,
        &quot;QBRecordID&quot;: 3330,
        &quot;Third_Party_Dependant_For_Conne&quot;: null,
        &quot;Latitude&quot;: -33.91982888,
        &quot;Longitude&quot;: 18.42131228
      }
    },
    {
      &quot;attributes&quot;: {
        &quot;Precincts&quot;: &quot;CPT CBD Phase 08&quot;,
        &quot;Quickbase_Status&quot;: &quot;Planned&quot;,
        &quot;QBRecordID&quot;: 3332,
        &quot;Third_Party_Dependant_For_Conne&quot;: null,
        &quot;Latitude&quot;: -33.92005808,
        &quot;Longitude&quot;: 18.42103821
      }
    },
    {
      &quot;attributes&quot;: {
        &quot;Precincts&quot;: &quot;CPT CBD Phase 07&quot;,
        &quot;Quickbase_Status&quot;: &quot;Planned&quot;,
        &quot;QBRecordID&quot;: 3234,
        &quot;Third_Party_Dependant_For_Conne&quot;: null,
        &quot;Latitude&quot;: -33.92468509,
        &quot;Longitude&quot;: 18.41833762
      }
    },
    {
      &quot;attributes&quot;: {
        &quot;Precincts&quot;: &quot;CPT CBD Phase 07&quot;,
        &quot;Quickbase_Status&quot;: &quot;Planned&quot;,
        &quot;QBRecordID&quot;: 3239,
        &quot;Third_Party_Dependant_For_Conne&quot;: null,
        &quot;Latitude&quot;: -33.92611509,
        &quot;Longitude&quot;: 18.41664277
      }
    },
    {
      &quot;attributes&quot;: {
        &quot;Precincts&quot;: &quot;CPT CBD Phase 07&quot;,
        &quot;Quickbase_Status&quot;: &quot;Planned&quot;,
        &quot;QBRecordID&quot;: 3241,
        &quot;Third_Party_Dependant_For_Conne&quot;: null,
        &quot;Latitude&quot;: -33.92342006,
        &quot;Longitude&quot;: 18.41723826
      }
    },
    {
      &quot;attributes&quot;: {
        &quot;Precincts&quot;: &quot;CPT CBD Phase 07&quot;,
        &quot;Quickbase_Status&quot;: &quot;Planned&quot;,
        &quot;QBRecordID&quot;: 3248,
        &quot;Third_Party_Dependant_For_Conne&quot;: null,
        &quot;Latitude&quot;: -33.92383795,
        &quot;Longitude&quot;: 18.41741923
      }
    },
    {
      &quot;attributes&quot;: {
        &quot;Precincts&quot;: &quot;CPT CBD Phase 07&quot;,
        &quot;Quickbase_Status&quot;: &quot;Planned&quot;,
        &quot;QBRecordID&quot;: 3243,
        &quot;Third_Party_Dependant_For_Conne&quot;: null,
        &quot;Latitude&quot;: -33.92351486,
        &quot;Longitude&quot;: 18.41759767
      }
    },
    {
      &quot;attributes&quot;: {
        &quot;Precincts&quot;: &quot;CPT CBD Phase 07&quot;,
        &quot;Quickbase_Status&quot;: &quot;Planned&quot;,
        &quot;QBRecordID&quot;: 3257,
        &quot;Third_Party_Dependant_For_Conne&quot;: null,
        &quot;Latitude&quot;: -33.9245964,
        &quot;Longitude&quot;: 18.41732382
      }
    },
    {
      &quot;attributes&quot;: {
        &quot;Precincts&quot;: &quot;CPT CBD Phase 07&quot;,
        &quot;Quickbase_Status&quot;: &quot;Planned&quot;,
        &quot;QBRecordID&quot;: 3256,
        &quot;Third_Party_Dependant_For_Conne&quot;: null,
        &quot;Latitude&quot;: -33.92475262,
        &quot;Longitude&quot;: 18.41747245
      }
    },
    {
      &quot;attributes&quot;: {
        &quot;Precincts&quot;: &quot;CPT CBD Phase 07&quot;,
        &quot;Quickbase_Status&quot;: &quot;Planned&quot;,
        &quot;QBRecordID&quot;: 3252,
        &quot;Third_Party_Dependant_For_Conne&quot;: null,
        &quot;Latitude&quot;: -33.92427028,
        &quot;Longitude&quot;: 18.41742245
      }
    },
    {
      &quot;attributes&quot;: {
        &quot;Precincts&quot;: &quot;CPT CBD Phase 07&quot;,
        &quot;Quickbase_Status&quot;: &quot;Planned&quot;,
        &quot;QBRecordID&quot;: 3259,
        &quot;Third_Party_Dependant_For_Conne&quot;: null,
        &quot;Latitude&quot;: -33.92475206,
        &quot;Longitude&quot;: 18.41696115
      }
    },
    {
      &quot;attributes&quot;: {
        &quot;Precincts&quot;: &quot;CPT CBD Phase 07&quot;,
        &quot;Quickbase_Status&quot;: &quot;Planned&quot;,
        &quot;QBRecordID&quot;: 3264,
        &quot;Third_Party_Dependant_For_Conne&quot;: null,
        &quot;Latitude&quot;: -33.92480367,
        &quot;Longitude&quot;: 18.41683526
      }
    },
    {
      &quot;attributes&quot;: {
        &quot;Precincts&quot;: &quot;CPT CBD Phase 07&quot;,
        &quot;Quickbase_Status&quot;: &quot;Planned&quot;,
        &quot;QBRecordID&quot;: 3267,
        &quot;Third_Party_Dependant_For_Conne&quot;: null,
        &quot;Latitude&quot;: -33.92550554,
        &quot;Longitude&quot;: 18.41649345
      }
    },
    {
      &quot;attributes&quot;: {
        &quot;Precincts&quot;: &quot;CPT CBD Phase 07&quot;,
        &quot;Quickbase_Status&quot;: &quot;Planned&quot;,
        &quot;QBRecordID&quot;: 3269,
        &quot;Third_Party_Dependant_For_Conne&quot;: null,
        &quot;Latitude&quot;: -33.92577228,
        &quot;Longitude&quot;: 18.41614702
      }
    },
    {
      &quot;attributes&quot;: {
        &quot;Precincts&quot;: &quot;CPT CBD Phase 07&quot;,
        &quot;Quickbase_Status&quot;: &quot;Planned&quot;,
        &quot;QBRecordID&quot;: 3268,
        &quot;Third_Party_Dependant_For_Conne&quot;: null,
        &quot;Latitude&quot;: -33.92560815,
        &quot;Longitude&quot;: 18.4163723
      }
    },
    {
      &quot;attributes&quot;: {
        &quot;Precincts&quot;: &quot;CPT CBD Phase 07&quot;,
        &quot;Quickbase_Status&quot;: &quot;Planned&quot;,
        &quot;QBRecordID&quot;: 3272,
        &quot;Third_Party_Dependant_For_Conne&quot;: null,
        &quot;Latitude&quot;: -33.92546118,
        &quot;Longitude&quot;: 18.41610308
      }
    },
    {
      &quot;attributes&quot;: {
        &quot;Precincts&quot;: &quot;CPT CBD Phase 07&quot;,
        &quot;Quickbase_Status&quot;: &quot;Planned&quot;,
        &quot;QBRecordID&quot;: 3265,
        &quot;Third_Party_Dependant_For_Conne&quot;: null,
        &quot;Latitude&quot;: -33.92507696,
        &quot;Longitude&quot;: 18.41651423
      }
    },
    {
      &quot;attributes&quot;: {
        &quot;Precincts&quot;: &quot;CPT CBD Phase 07&quot;,
        &quot;Quickbase_Status&quot;: &quot;Planned&quot;,
        &quot;QBRecordID&quot;: 3270,
        &quot;Third_Party_Dependant_For_Conne&quot;: null,
        &quot;Latitude&quot;: -33.92535215,
        &quot;Longitude&quot;: 18.41624628
      }
    },
    {
      &quot;attributes&quot;: {
        &quot;Precincts&quot;: &quot;CPT CBD Phase 05&quot;,
        &quot;Quickbase_Status&quot;: &quot;Planned&quot;,
        &quot;QBRecordID&quot;: 3160,
        &quot;Third_Party_Dependant_For_Conne&quot;: null,
        &quot;Latitude&quot;: -33.9230454,
        &quot;Longitude&quot;: 18.41672869
      }
    },
    {
      &quot;attributes&quot;: {
        &quot;Precincts&quot;: &quot;CPT CBD Phase 05&quot;,
        &quot;Quickbase_Status&quot;: &quot;Planned&quot;,
        &quot;QBRecordID&quot;: 3161,
        &quot;Third_Party_Dependant_For_Conne&quot;: null,
        &quot;Latitude&quot;: -33.92332056,
        &quot;Longitude&quot;: 18.41610002
      }
    },
    {
      &quot;attributes&quot;: {
        &quot;Precincts&quot;: &quot;CPT CBD Phase 05&quot;,
        &quot;Quickbase_Status&quot;: &quot;Planned&quot;,
        &quot;QBRecordID&quot;: 3162,
        &quot;Third_Party_Dependant_For_Conne&quot;: null,
        &quot;Latitude&quot;: -33.92341429,
        &quot;Longitude&quot;: 18.41622535
      }
    },
    {
      &quot;attributes&quot;: {
        &quot;Precincts&quot;: &quot;CPT CBD Phase 05&quot;,
        &quot;Quickbase_Status&quot;: &quot;Planned&quot;,
        &quot;QBRecordID&quot;: 3164,
        &quot;Third_Party_Dependant_For_Conne&quot;: null,
        &quot;Latitude&quot;: -33.92356094,
        &quot;Longitude&quot;: 18.41630708
      }
    },
    {
      &quot;attributes&quot;: {
        &quot;Precincts&quot;: &quot;CPT CBD Phase 05&quot;,
        &quot;Quickbase_Status&quot;: &quot;Planned&quot;,
        &quot;QBRecordID&quot;: 3165,
        &quot;Third_Party_Dependant_For_Conne&quot;: null,
        &quot;Latitude&quot;: -33.92361354,
        &quot;Longitude&quot;: 18.41648084
      }
    },
    {
      &quot;attributes&quot;: {
        &quot;Precincts&quot;: &quot;CPT CBD Phase 05&quot;,
        &quot;Quickbase_Status&quot;: &quot;Planned&quot;,
        &quot;QBRecordID&quot;: 3169,
        &quot;Third_Party_Dependant_For_Conne&quot;: null,
        &quot;Latitude&quot;: -33.92344873,
        &quot;Longitude&quot;: 18.41601705
      }
    },
    {
      &quot;attributes&quot;: {
        &quot;Precincts&quot;: &quot;CPT CBD Phase 05&quot;,
        &quot;Quickbase_Status&quot;: &quot;Planned&quot;,
        &quot;QBRecordID&quot;: 3168,
        &quot;Third_Party_Dependant_For_Conne&quot;: null,
        &quot;Latitude&quot;: -33.92352442,
        &quot;Longitude&quot;: 18.41585309
      }
    },
    {
      &quot;attributes&quot;: {
        &quot;Precincts&quot;: &quot;CPT CBD Phase 05&quot;,
        &quot;Quickbase_Status&quot;: &quot;Planned&quot;,
        &quot;QBRecordID&quot;: 3166,
        &quot;Third_Party_Dependant_For_Conne&quot;: null,
        &quot;Latitude&quot;: -33.9238172,
        &quot;Longitude&quot;: 18.41625246
      }
    },
    {
      &quot;attributes&quot;: {
        &quot;Precincts&quot;: &quot;CPT CBD Phase 05&quot;,
        &quot;Quickbase_Status&quot;: &quot;Planned&quot;,
        &quot;QBRecordID&quot;: 3163,
        &quot;Third_Party_Dependant_For_Conne&quot;: null,
        &quot;Latitude&quot;: -33.92371641,
        &quot;Longitude&quot;: 18.41636026
      }
    },
    {
      &quot;attributes&quot;: {
        &quot;Precincts&quot;: &quot;CPT CBD Phase 05&quot;,
        &quot;Quickbase_Status&quot;: &quot;Planned&quot;,
        &quot;QBRecordID&quot;: 3167,
        &quot;Third_Party_Dependant_For_Conne&quot;: null,
        &quot;Latitude&quot;: -33.92366083,
        &quot;Longitude&quot;: 18.41605585
      }
    },
    {
      &quot;attributes&quot;: {
        &quot;Precincts&quot;: &quot;CPT CBD Phase 05&quot;,
        &quot;Quickbase_Status&quot;: &quot;Planned&quot;,
        &quot;QBRecordID&quot;: 3170,
        &quot;Third_Party_Dependant_For_Conne&quot;: null,
        &quot;Latitude&quot;: -33.92398851,
        &quot;Longitude&quot;: 18.41674183
      }
    },
    {
      &quot;attributes&quot;: {
        &quot;Precincts&quot;: &quot;CPT CBD Phase 05&quot;,
        &quot;Quickbase_Status&quot;: &quot;Planned&quot;,
        &quot;QBRecordID&quot;: 3171,
        &quot;Third_Party_Dependant_For_Conne&quot;: null,
        &quot;Latitude&quot;: -33.92407896,
        &quot;Longitude&quot;: 18.41712753
      }
    },
    {
      &quot;attributes&quot;: {
        &quot;Precincts&quot;: &quot;CPT CBD Phase 05&quot;,
        &quot;Quickbase_Status&quot;: &quot;Planned&quot;,
        &quot;QBRecordID&quot;: 3172,
        &quot;Third_Party_Dependant_For_Conne&quot;: null,
        &quot;Latitude&quot;: -33.9241837,
        &quot;Longitude&quot;: 18.4170128
      }
    },
    {
      &quot;attributes&quot;: {
        &quot;Precincts&quot;: &quot;CPT CBD Phase 05&quot;,
        &quot;Quickbase_Status&quot;: &quot;Planned&quot;,
        &quot;QBRecordID&quot;: 3174,
        &quot;Third_Party_Dependant_For_Conne&quot;: null,
        &quot;Latitude&quot;: -33.9242996,
        &quot;Longitude&quot;: 18.4168972
      }
    },
    {
      &quot;attributes&quot;: {
        &quot;Precincts&quot;: &quot;CPT CBD Phase 05&quot;,
        &quot;Quickbase_Status&quot;: &quot;Planned&quot;,
        &quot;QBRecordID&quot;: 3176,
        &quot;Third_Party_Dependant_For_Conne&quot;: null,
        &quot;Latitude&quot;: -33.92395191,
        &quot;Longitude&quot;: 18.41579719
      }
    },
    {
      &quot;attributes&quot;: {
        &quot;Precincts&quot;: &quot;CPT CBD Phase 05&quot;,
        &quot;Quickbase_Status&quot;: &quot;Planned&quot;,
        &quot;QBRecordID&quot;: 3175,
        &quot;Third_Party_Dependant_For_Conne&quot;: null,
        &quot;Latitude&quot;: -33.92373405,
        &quot;Longitude&quot;: 18.41563536
      }
    },
    {
      &quot;attributes&quot;: {
        &quot;Precincts&quot;: &quot;CPT CBD Phase 05&quot;,
        &quot;Quickbase_Status&quot;: &quot;Planned&quot;,
        &quot;QBRecordID&quot;: 3183,
        &quot;Third_Party_Dependant_For_Conne&quot;: null,
        &quot;Latitude&quot;: -33.92425718,
        &quot;Longitude&quot;: 18.41627648
      }
    },
    {
      &quot;attributes&quot;: {
        &quot;Precincts&quot;: &quot;CPT CBD Phase 05&quot;,
        &quot;Quickbase_Status&quot;: &quot;Planned&quot;,
        &quot;QBRecordID&quot;: 3189,
        &quot;Third_Party_Dependant_For_Conne&quot;: null,
        &quot;Latitude&quot;: -33.92450246,
        &quot;Longitude&quot;: 18.41596374
      }
    },
    {
      &quot;attributes&quot;: {
        &quot;Precincts&quot;: &quot;CPT CBD Phase 05&quot;,
        &quot;Quickbase_Status&quot;: &quot;Planned&quot;,
        &quot;QBRecordID&quot;: 3184,
        &quot;Third_Party_Dependant_For_Conne&quot;: null,
        &quot;Latitude&quot;: -33.92447609,
        &quot;Longitude&quot;: 18.41658824
      }
    },
    {
      &quot;attributes&quot;: {
        &quot;Precincts&quot;: &quot;Somerset West Phase 1&quot;,
        &quot;Quickbase_Status&quot;: &quot;Planned&quot;,
        &quot;QBRecordID&quot;: 79394,
        &quot;Third_Party_Dependant_For_Conne&quot;: null,
        &quot;Latitude&quot;: -34.07626311,
        &quot;Longitude&quot;: 18.81762809
      }
    },
    {
      &quot;attributes&quot;: {
        &quot;Precincts&quot;: &quot;Somerset West Phase 1&quot;,
        &quot;Quickbase_Status&quot;: &quot;Planned&quot;,
        &quot;QBRecordID&quot;: 79395,
        &quot;Third_Party_Dependant_For_Conne&quot;: null,
        &quot;Latitude&quot;: -34.08052743,
        &quot;Longitude&quot;: 18.81784719
      }
    },
    {
      &quot;attributes&quot;: {
        &quot;Precincts&quot;: &quot;Somerset West Phase 1&quot;,
        &quot;Quickbase_Status&quot;: &quot;Planned&quot;,
        &quot;QBRecordID&quot;: 79396,
        &quot;Third_Party_Dependant_For_Conne&quot;: null,
        &quot;Latitude&quot;: -34.08056237,
        &quot;Longitude&quot;: 18.81768661
      }
    },
    {
      &quot;attributes&quot;: {
        &quot;Precincts&quot;: &quot;CPT CBD Phase 07&quot;,
        &quot;Quickbase_Status&quot;: &quot;Planned&quot;,
        &quot;QBRecordID&quot;: 3246,
        &quot;Third_Party_Dependant_For_Conne&quot;: null,
        &quot;Latitude&quot;: -33.92368519,
        &quot;Longitude&quot;: 18.41753395
      }
    },
    {
      &quot;attributes&quot;: {
        &quot;Precincts&quot;: &quot;CPT CBD Phase 13&quot;,
        &quot;Quickbase_Status&quot;: &quot;Planned&quot;,
        &quot;QBRecordID&quot;: 7865,
        &quot;Third_Party_Dependant_For_Conne&quot;: null,
        &quot;Latitude&quot;: -33.92115457,
        &quot;Longitude&quot;: 18.42069851
      }
    },
    {
      &quot;attributes&quot;: {
        &quot;Precincts&quot;: &quot;Somerset West Phase 1&quot;,
        &quot;Quickbase_Status&quot;: &quot;Planned&quot;,
        &quot;QBRecordID&quot;: 14309,
        &quot;Third_Party_Dependant_For_Conne&quot;: null,
        &quot;Latitude&quot;: -34.07967471,
        &quot;Longitude&quot;: 18.81672227
      }
    },
    {
      &quot;attributes&quot;: {
        &quot;Precincts&quot;: &quot;Somerset West Phase 2&quot;,
        &quot;Quickbase_Status&quot;: &quot;Planned&quot;,
        &quot;QBRecordID&quot;: 16336,
        &quot;Third_Party_Dependant_For_Conne&quot;: null,
        &quot;Latitude&quot;: -34.08887214,
        &quot;Longitude&quot;: 18.82192123
      }
    },
    {
      &quot;attributes&quot;: {
        &quot;Precincts&quot;: &quot;Somerset West Phase 2&quot;,
        &quot;Quickbase_Status&quot;: &quot;Planned&quot;,
        &quot;QBRecordID&quot;: 16337,
        &quot;Third_Party_Dependant_For_Conne&quot;: null,
        &quot;Latitude&quot;: -34.08908272,
        &quot;Longitude&quot;: 18.82282027
      }
    },
    {
      &quot;attributes&quot;: {
        &quot;Precincts&quot;: &quot;Somerset West Phase 1&quot;,
        &quot;Quickbase_Status&quot;: &quot;Planned&quot;,
        &quot;QBRecordID&quot;: 14308,
        &quot;Third_Party_Dependant_For_Conne&quot;: null,
        &quot;Latitude&quot;: -34.08058746,
        &quot;Longitude&quot;: 18.81719501
      }
    },
    {
      &quot;attributes&quot;: {
        &quot;Precincts&quot;: &quot;Somerset West Phase 2&quot;,
        &quot;Quickbase_Status&quot;: &quot;Planned&quot;,
        &quot;QBRecordID&quot;: 14304,
        &quot;Third_Party_Dependant_For_Conne&quot;: null,
        &quot;Latitude&quot;: -34.08208226,
        &quot;Longitude&quot;: 18.82027355
      }
    },
    {
      &quot;attributes&quot;: {
        &quot;Precincts&quot;: &quot;Somerset West Phase 1&quot;,
        &quot;Quickbase_Status&quot;: &quot;Planned&quot;,
        &quot;QBRecordID&quot;: 14310,
        &quot;Third_Party_Dependant_For_Conne&quot;: null,
        &quot;Latitude&quot;: -34.07650336,
        &quot;Longitude&quot;: 18.81865469
      }
    },
    {
      &quot;attributes&quot;: {
        &quot;Precincts&quot;: &quot;Brackengate Business Park&quot;,
        &quot;Quickbase_Status&quot;: &quot;Planned&quot;,
        &quot;QBRecordID&quot;: 6611,
        &quot;Third_Party_Dependant_For_Conne&quot;: null,
        &quot;Latitude&quot;: -33.89175837,
        &quot;Longitude&quot;: 18.6840001
      }
    },
    {
      &quot;attributes&quot;: {
        &quot;Precincts&quot;: &quot;Somerset West Phase 3&quot;,
        &quot;Quickbase_Status&quot;: &quot;Planned&quot;,
        &quot;QBRecordID&quot;: 14275,
        &quot;Third_Party_Dependant_For_Conne&quot;: null,
        &quot;Latitude&quot;: -34.08678018,
        &quot;Longitude&quot;: 18.82170025
      }
    },
    {
      &quot;attributes&quot;: {
        &quot;Precincts&quot;: &quot;Somerset West Phase 2&quot;,
        &quot;Quickbase_Status&quot;: &quot;Planned&quot;,
        &quot;QBRecordID&quot;: 14298,
        &quot;Third_Party_Dependant_For_Conne&quot;: null,
        &quot;Latitude&quot;: -34.08282315,
        &quot;Longitude&quot;: 18.81999977
      }
    },
    {
      &quot;attributes&quot;: {
        &quot;Precincts&quot;: &quot;Somerset West Phase 2&quot;,
        &quot;Quickbase_Status&quot;: &quot;Planned&quot;,
        &quot;QBRecordID&quot;: 14343,
        &quot;Third_Party_Dependant_For_Conne&quot;: null,
        &quot;Latitude&quot;: -34.08890719,
        &quot;Longitude&quot;: 18.8223394
      }
    },
    {
      &quot;attributes&quot;: {
        &quot;Precincts&quot;: &quot;Umgeni Business Park&quot;,
        &quot;Quickbase_Status&quot;: &quot;Planned&quot;,
        &quot;QBRecordID&quot;: 13323,
        &quot;Third_Party_Dependant_For_Conne&quot;: null,
        &quot;Latitude&quot;: -29.81180662,
        &quot;Longitude&quot;: 30.99435405
      }
    },
    {
      &quot;attributes&quot;: {
        &quot;Precincts&quot;: &quot;Umgeni Business Park&quot;,
        &quot;Quickbase_Status&quot;: &quot;Planned&quot;,
        &quot;QBRecordID&quot;: 13324,
        &quot;Third_Party_Dependant_For_Conne&quot;: null,
        &quot;Latitude&quot;: -29.81198571,
        &quot;Longitude&quot;: 30.9941946
      }
    },
    {
      &quot;attributes&quot;: {
        &quot;Precincts&quot;: &quot;Umgeni Business Park&quot;,
        &quot;Quickbase_Status&quot;: &quot;Planned&quot;,
        &quot;QBRecordID&quot;: 13325,
        &quot;Third_Party_Dependant_For_Conne&quot;: null,
        &quot;Latitude&quot;: -29.81236259,
        &quot;Longitude&quot;: 30.99410896
      }
    },
    {
      &quot;attributes&quot;: {
        &quot;Precincts&quot;: &quot;Umgeni Business Park&quot;,
        &quot;Quickbase_Status&quot;: &quot;Planned&quot;,
        &quot;QBRecordID&quot;: 13326,
        &quot;Third_Party_Dependant_For_Conne&quot;: null,
        &quot;Latitude&quot;: -29.81200183,
        &quot;Longitude&quot;: 30.99466767
      }
    },
    {
      &quot;attributes&quot;: {
        &quot;Precincts&quot;: &quot;Umgeni Business Park&quot;,
        &quot;Quickbase_Status&quot;: &quot;Planned&quot;,
        &quot;QBRecordID&quot;: 13327,
        &quot;Third_Party_Dependant_For_Conne&quot;: null,
        &quot;Latitude&quot;: -29.81254913,
        &quot;Longitude&quot;: 30.99443302
      }
    },
    {
      &quot;attributes&quot;: {
        &quot;Precincts&quot;: &quot;Umgeni Business Park&quot;,
        &quot;Quickbase_Status&quot;: &quot;Planned&quot;,
        &quot;QBRecordID&quot;: 13353,
        &quot;Third_Party_Dependant_For_Conne&quot;: null,
        &quot;Latitude&quot;: -29.81313583,
        &quot;Longitude&quot;: 31.00062478
      }
    },
    {
      &quot;attributes&quot;: {
        &quot;Precincts&quot;: &quot;Umgeni Business Park&quot;,
        &quot;Quickbase_Status&quot;: &quot;Planned&quot;,
        &quot;QBRecordID&quot;: 13354,
        &quot;Third_Party_Dependant_For_Conne&quot;: null,
        &quot;Latitude&quot;: -29.81313709,
        &quot;Longitude&quot;: 31.00126937
      }
    },
    {
      &quot;attributes&quot;: {
        &quot;Precincts&quot;: &quot;CPT CBD Phase 05&quot;,
        &quot;Quickbase_Status&quot;: &quot;Planned&quot;,
        &quot;QBRecordID&quot;: 3186,
        &quot;Third_Party_Dependant_For_Conne&quot;: null,
        &quot;Latitude&quot;: -33.92469377,
        &quot;Longitude&quot;: 18.41635028
      }
    },
    {
      &quot;attributes&quot;: {
        &quot;Precincts&quot;: &quot;CPT CBD Phase 05&quot;,
        &quot;Quickbase_Status&quot;: &quot;Planned&quot;,
        &quot;QBRecordID&quot;: 3192,
        &quot;Third_Party_Dependant_For_Conne&quot;: null,
        &quot;Latitude&quot;: -33.92442949,
        &quot;Longitude&quot;: 18.41507402
      }
    },
    {
      &quot;attributes&quot;: {
        &quot;Precincts&quot;: &quot;CPT CBD Phase 05&quot;,
        &quot;Quickbase_Status&quot;: &quot;Planned&quot;,
        &quot;QBRecordID&quot;: 3191,
        &quot;Third_Party_Dependant_For_Conne&quot;: null,
        &quot;Latitude&quot;: -33.92428988,
        &quot;Longitude&quot;: 18.41499398
      }
    },
    {
      &quot;attributes&quot;: {
        &quot;Precincts&quot;: &quot;CPT CBD Phase 05&quot;,
        &quot;Quickbase_Status&quot;: &quot;Planned&quot;,
        &quot;QBRecordID&quot;: 3198,
        &quot;Third_Party_Dependant_For_Conne&quot;: null,
        &quot;Latitude&quot;: -33.92462883,
        &quot;Longitude&quot;: 18.41460668
      }
    },
    {
      &quot;attributes&quot;: {
        &quot;Precincts&quot;: &quot;CPT CBD Phase 05&quot;,
        &quot;Quickbase_Status&quot;: &quot;Planned&quot;,
        &quot;QBRecordID&quot;: 3204,
        &quot;Third_Party_Dependant_For_Conne&quot;: null,
        &quot;Latitude&quot;: -33.92538256,
        &quot;Longitude&quot;: 18.41569896
      }
    },
    {
      &quot;attributes&quot;: {
        &quot;Precincts&quot;: &quot;CPT CBD Phase 05&quot;,
        &quot;Quickbase_Status&quot;: &quot;Planned&quot;,
        &quot;QBRecordID&quot;: 3203,
        &quot;Third_Party_Dependant_For_Conne&quot;: null,
        &quot;Latitude&quot;: -33.925245,
        &quot;Longitude&quot;: 18.4158824
      }
    },
    {
      &quot;attributes&quot;: {
        &quot;Precincts&quot;: &quot;CPT CBD Phase 05&quot;,
        &quot;Quickbase_Status&quot;: &quot;Planned&quot;,
        &quot;QBRecordID&quot;: 3201,
        &quot;Third_Party_Dependant_For_Conne&quot;: null,
        &quot;Latitude&quot;: -33.92501441,
        &quot;Longitude&quot;: 18.4156066
      }
    },
    {
      &quot;attributes&quot;: {
        &quot;Precincts&quot;: &quot;CPT CBD Phase 10&quot;,
        &quot;Quickbase_Status&quot;: &quot;Planned&quot;,
        &quot;QBRecordID&quot;: 3556,
        &quot;Third_Party_Dependant_For_Conne&quot;: null,
        &quot;Latitude&quot;: -33.92035503,
        &quot;Longitude&quot;: 18.42643769
      }
    },
    {
      &quot;attributes&quot;: {
        &quot;Precincts&quot;: &quot;CPT CBD Phase 10&quot;,
        &quot;Quickbase_Status&quot;: &quot;Planned&quot;,
        &quot;QBRecordID&quot;: 3564,
        &quot;Third_Party_Dependant_For_Conne&quot;: null,
        &quot;Latitude&quot;: -33.92398107,
        &quot;Longitude&quot;: 18.42204305
      }
    },
    {
      &quot;attributes&quot;: {
        &quot;Precincts&quot;: &quot;CPT CBD Phase 10&quot;,
        &quot;Quickbase_Status&quot;: &quot;Planned&quot;,
        &quot;QBRecordID&quot;: 3565,
        &quot;Third_Party_Dependant_For_Conne&quot;: null,
        &quot;Latitude&quot;: -33.9241681,
        &quot;Longitude&quot;: 18.42192012
      }
    },
    {
      &quot;attributes&quot;: {
        &quot;Precincts&quot;: &quot;CPT CBD Phase 10&quot;,
        &quot;Quickbase_Status&quot;: &quot;Planned&quot;,
        &quot;QBRecordID&quot;: 3568,
        &quot;Third_Party_Dependant_For_Conne&quot;: null,
        &quot;Latitude&quot;: -33.92431736,
        &quot;Longitude&quot;: 18.42230099
      }
    },
    {
      &quot;attributes&quot;: {
        &quot;Precincts&quot;: &quot;CPT CBD Phase 10&quot;,
        &quot;Quickbase_Status&quot;: &quot;Planned&quot;,
        &quot;QBRecordID&quot;: 3573,
        &quot;Third_Party_Dependant_For_Conne&quot;: null,
        &quot;Latitude&quot;: -33.92471414,
        &quot;Longitude&quot;: 18.42301027
      }
    },
    {
      &quot;attributes&quot;: {
        &quot;Precincts&quot;: &quot;CPT CBD Phase 10&quot;,
        &quot;Quickbase_Status&quot;: &quot;Planned&quot;,
        &quot;QBRecordID&quot;: 3574,
        &quot;Third_Party_Dependant_For_Conne&quot;: null,
        &quot;Latitude&quot;: -33.92484968,
        &quot;Longitude&quot;: 18.4232493
      }
    },
    {
      &quot;attributes&quot;: {
        &quot;Precincts&quot;: &quot;CPT CBD Phase 10&quot;,
        &quot;Quickbase_Status&quot;: &quot;Planned&quot;,
        &quot;QBRecordID&quot;: 3576,
        &quot;Third_Party_Dependant_For_Conne&quot;: null,
        &quot;Latitude&quot;: -33.92506371,
        &quot;Longitude&quot;: 18.42301372
      }
    },
    {
      &quot;attributes&quot;: {
        &quot;Precincts&quot;: &quot;CPT CBD Phase 10&quot;,
        &quot;Quickbase_Status&quot;: &quot;Planned&quot;,
        &quot;QBRecordID&quot;: 7078,
        &quot;Third_Party_Dependant_For_Conne&quot;: null,
        &quot;Latitude&quot;: -33.92451646,
        &quot;Longitude&quot;: 18.42097593
      }
    },
    {
      &quot;attributes&quot;: {
        &quot;Precincts&quot;: &quot;CPT CBD Phase 10&quot;,
        &quot;Quickbase_Status&quot;: &quot;Planned&quot;,
        &quot;QBRecordID&quot;: 3580,
        &quot;Third_Party_Dependant_For_Conne&quot;: null,
        &quot;Latitude&quot;: -33.92434095,
        &quot;Longitude&quot;: 18.42139023
      }
    },
    {
      &quot;attributes&quot;: {
        &quot;Precincts&quot;: &quot;CPT CBD Phase 10&quot;,
        &quot;Quickbase_Status&quot;: &quot;Planned&quot;,
        &quot;QBRecordID&quot;: 3582,
        &quot;Third_Party_Dependant_For_Conne&quot;: null,
        &quot;Latitude&quot;: -33.92472548,
        &quot;Longitude&quot;: 18.42198983
      }
    },
    {
      &quot;attributes&quot;: {
        &quot;Precincts&quot;: &quot;CPT CBD Phase 10&quot;,
        &quot;Quickbase_Status&quot;: &quot;Planned&quot;,
        &quot;QBRecordID&quot;: 3583,
        &quot;Third_Party_Dependant_For_Conne&quot;: null,
        &quot;Latitude&quot;: -33.92479164,
        &quot;Longitude&quot;: 18.42208823
      }
    },
    {
      &quot;attributes&quot;: {
        &quot;Precincts&quot;: &quot;CPT CBD Phase 10&quot;,
        &quot;Quickbase_Status&quot;: &quot;Planned&quot;,
        &quot;QBRecordID&quot;: 3584,
        &quot;Third_Party_Dependant_For_Conne&quot;: null,
        &quot;Latitude&quot;: -33.92484157,
        &quot;Longitude&quot;: 18.42224474
      }
    },
    {
      &quot;attributes&quot;: {
        &quot;Precincts&quot;: &quot;CPT CBD Phase 10&quot;,
        &quot;Quickbase_Status&quot;: &quot;Planned&quot;,
        &quot;QBRecordID&quot;: 3589,
        &quot;Third_Party_Dependant_For_Conne&quot;: null,
        &quot;Latitude&quot;: -33.92476758,
        &quot;Longitude&quot;: 18.42167945
      }
    },
    {
      &quot;attributes&quot;: {
        &quot;Precincts&quot;: &quot;CPT CBD Phase 10&quot;,
        &quot;Quickbase_Status&quot;: &quot;Planned&quot;,
        &quot;QBRecordID&quot;: 3585,
        &quot;Third_Party_Dependant_For_Conne&quot;: null,
        &quot;Latitude&quot;: -33.92503635,
        &quot;Longitude&quot;: 18.42205954
      }
    },
    {
      &quot;attributes&quot;: {
        &quot;Precincts&quot;: &quot;CPT CBD Phase 10&quot;,
        &quot;Quickbase_Status&quot;: &quot;Planned&quot;,
        &quot;QBRecordID&quot;: 3591,
        &quot;Third_Party_Dependant_For_Conne&quot;: null,
        &quot;Latitude&quot;: -33.92521894,
        &quot;Longitude&quot;: 18.42172231
      }
    },
    {
      &quot;attributes&quot;: {
        &quot;Precincts&quot;: &quot;CPT CBD Phase 10&quot;,
        &quot;Quickbase_Status&quot;: &quot;Planned&quot;,
        &quot;QBRecordID&quot;: 3590,
        &quot;Third_Party_Dependant_For_Conne&quot;: null,
        &quot;Latitude&quot;: -33.92535589,
        &quot;Longitude&quot;: 18.42153697
      }
    },
    {
      &quot;attributes&quot;: {
        &quot;Precincts&quot;: &quot;CPT CBD Phase 10&quot;,
        &quot;Quickbase_Status&quot;: &quot;Planned&quot;,
        &quot;QBRecordID&quot;: 3749,
        &quot;Third_Party_Dependant_For_Conne&quot;: null,
        &quot;Latitude&quot;: -33.92526475,
        &quot;Longitude&quot;: 18.42262368
      }
    },
    {
      &quot;attributes&quot;: {
        &quot;Precincts&quot;: &quot;CPT CBD Phase 10&quot;,
        &quot;Quickbase_Status&quot;: &quot;Planned&quot;,
        &quot;QBRecordID&quot;: 3594,
        &quot;Third_Party_Dependant_For_Conne&quot;: null,
        &quot;Latitude&quot;: -33.92516237,
        &quot;Longitude&quot;: 18.42057294
      }
    },
    {
      &quot;attributes&quot;: {
        &quot;Precincts&quot;: &quot;CPT CBD Phase 09&quot;,
        &quot;Quickbase_Status&quot;: &quot;Planned&quot;,
        &quot;QBRecordID&quot;: 8202,
        &quot;Third_Party_Dependant_For_Conne&quot;: null,
        &quot;Latitude&quot;: -33.92185958,
        &quot;Longitude&quot;: 18.41700319
      }
    },
    {
      &quot;attributes&quot;: {
        &quot;Precincts&quot;: &quot;Cresta&quot;,
        &quot;Quickbase_Status&quot;: &quot;Planned&quot;,
        &quot;QBRecordID&quot;: 6806,
        &quot;Third_Party_Dependant_For_Conne&quot;: null,
        &quot;Latitude&quot;: -26.13418491,
        &quot;Longitude&quot;: 27.97490849
      }
    },
    {
      &quot;attributes&quot;: {
        &quot;Precincts&quot;: &quot;Cresta&quot;,
        &quot;Quickbase_Status&quot;: &quot;Planned&quot;,
        &quot;QBRecordID&quot;: 6807,
        &quot;Third_Party_Dependant_For_Conne&quot;: null,
        &quot;Latitude&quot;: -26.13409663,
        &quot;Longitude&quot;: 27.97508355
      }
    },
    {
      &quot;attributes&quot;: {
        &quot;Precincts&quot;: &quot;Ballito Phase 1&quot;,
        &quot;Quickbase_Status&quot;: &quot;Planned&quot;,
        &quot;QBRecordID&quot;: 7024,
        &quot;Third_Party_Dependant_For_Conne&quot;: null,
        &quot;Latitude&quot;: -29.5306549,
        &quot;Longitude&quot;: 31.20208395
      }
    },
    {
      &quot;attributes&quot;: {
        &quot;Precincts&quot;: &quot;Ballito Phase 1&quot;,
        &quot;Quickbase_Status&quot;: &quot;Planned&quot;,
        &quot;QBRecordID&quot;: 7026,
        &quot;Third_Party_Dependant_For_Conne&quot;: null,
        &quot;Latitude&quot;: -29.5293757,
        &quot;Longitude&quot;: 31.19949105
      }
    },
    {
      &quot;attributes&quot;: {
        &quot;Precincts&quot;: &quot;Ballito Phase 1&quot;,
        &quot;Quickbase_Status&quot;: &quot;Planned&quot;,
        &quot;QBRecordID&quot;: 7027,
        &quot;Third_Party_Dependant_For_Conne&quot;: null,
        &quot;Latitude&quot;: -29.52951798,
        &quot;Longitude&quot;: 31.19930572
      }
    },
    {
      &quot;attributes&quot;: {
        &quot;Precincts&quot;: &quot;Ballito Phase 1&quot;,
        &quot;Quickbase_Status&quot;: &quot;Planned&quot;,
        &quot;QBRecordID&quot;: 7028,
        &quot;Third_Party_Dependant_For_Conne&quot;: null,
        &quot;Latitude&quot;: -29.52967449,
        &quot;Longitude&quot;: 31.19900633
      }
    },
    {
      &quot;attributes&quot;: {
        &quot;Precincts&quot;: &quot;Ballito Phase 1&quot;,
        &quot;Quickbase_Status&quot;: &quot;Planned&quot;,
        &quot;QBRecordID&quot;: 7030,
        &quot;Third_Party_Dependant_For_Conne&quot;: null,
        &quot;Latitude&quot;: -29.52997321,
        &quot;Longitude&quot;: 31.19856294
      }
    },
    {
      &quot;attributes&quot;: {
        &quot;Precincts&quot;: &quot;Ballito Phase 1&quot;,
        &quot;Quickbase_Status&quot;: &quot;Planned&quot;,
        &quot;QBRecordID&quot;: 7035,
        &quot;Third_Party_Dependant_For_Conne&quot;: null,
        &quot;Latitude&quot;: -29.52920426,
        &quot;Longitude&quot;: 31.19739021
      }
    },
    {
      &quot;attributes&quot;: {
        &quot;Precincts&quot;: &quot;Ballito Phase 1&quot;,
        &quot;Quickbase_Status&quot;: &quot;Planned&quot;,
        &quot;QBRecordID&quot;: 7034,
        &quot;Third_Party_Dependant_For_Conne&quot;: null,
        &quot;Latitude&quot;: -29.52889456,
        &quot;Longitude&quot;: 31.19748613
      }
    },
    {
      &quot;attributes&quot;: {
        &quot;Precincts&quot;: &quot;Ballito Phase 2&quot;,
        &quot;Quickbase_Status&quot;: &quot;Planned&quot;,
        &quot;QBRecordID&quot;: 7046,
        &quot;Third_Party_Dependant_For_Conne&quot;: null,
        &quot;Latitude&quot;: -29.52688364,
        &quot;Longitude&quot;: 31.19870295
      }
    },
    {
      &quot;attributes&quot;: {
        &quot;Precincts&quot;: &quot;Ballito Phase 1&quot;,
        &quot;Quickbase_Status&quot;: &quot;Planned&quot;,
        &quot;QBRecordID&quot;: 7764,
        &quot;Third_Party_Dependant_For_Conne&quot;: null,
        &quot;Latitude&quot;: -29.5287233,
        &quot;Longitude&quot;: 31.20068275
      }
    },
    {
      &quot;attributes&quot;: {
        &quot;Precincts&quot;: &quot;Ballito Phase 2&quot;,
        &quot;Quickbase_Status&quot;: &quot;Planned&quot;,
        &quot;QBRecordID&quot;: 7048,
        &quot;Third_Party_Dependant_For_Conne&quot;: null,
        &quot;Latitude&quot;: -29.52656523,
        &quot;Longitude&quot;: 31.19947199
      }
    },
    {
      &quot;attributes&quot;: {
        &quot;Precincts&quot;: &quot;Ballito Phase 2&quot;,
        &quot;Quickbase_Status&quot;: &quot;Planned&quot;,
        &quot;QBRecordID&quot;: 7061,
        &quot;Third_Party_Dependant_For_Conne&quot;: null,
        &quot;Latitude&quot;: -29.52452826,
        &quot;Longitude&quot;: 31.19862717
      }
    },
    {
      &quot;attributes&quot;: {
        &quot;Precincts&quot;: &quot;Brackengate Business Park&quot;,
        &quot;Quickbase_Status&quot;: &quot;Planned&quot;,
        &quot;QBRecordID&quot;: 6610,
        &quot;Third_Party_Dependant_For_Conne&quot;: null,
        &quot;Latitude&quot;: -33.89112234,
        &quot;Longitude&quot;: 18.68232962
      }
    },
    {
      &quot;attributes&quot;: {
        &quot;Precincts&quot;: &quot;Brackengate Business Park&quot;,
        &quot;Quickbase_Status&quot;: &quot;Planned&quot;,
        &quot;QBRecordID&quot;: 6629,
        &quot;Third_Party_Dependant_For_Conne&quot;: null,
        &quot;Latitude&quot;: -33.89046214,
        &quot;Longitude&quot;: 18.68030191
      }
    },
    {
      &quot;attributes&quot;: {
        &quot;Precincts&quot;: &quot;Brackengate Business Park&quot;,
        &quot;Quickbase_Status&quot;: &quot;Planned&quot;,
        &quot;QBRecordID&quot;: 6627,
        &quot;Third_Party_Dependant_For_Conne&quot;: null,
        &quot;Latitude&quot;: -33.89002956,
        &quot;Longitude&quot;: 18.67954719
      }
    },
    {
      &quot;attributes&quot;: {
        &quot;Precincts&quot;: &quot;Brackengate Business Park&quot;,
        &quot;Quickbase_Status&quot;: &quot;Planned&quot;,
        &quot;QBRecordID&quot;: 6631,
        &quot;Third_Party_Dependant_For_Conne&quot;: null,
        &quot;Latitude&quot;: -33.89164946,
        &quot;Longitude&quot;: 18.68113654
      }
    },
    {
      &quot;attributes&quot;: {
        &quot;Precincts&quot;: &quot;Brackengate Business Park&quot;,
        &quot;Quickbase_Status&quot;: &quot;Planned&quot;,
        &quot;QBRecordID&quot;: 6622,
        &quot;Third_Party_Dependant_For_Conne&quot;: null,
        &quot;Latitude&quot;: -33.89225671,
        &quot;Longitude&quot;: 18.68145145
      }
    },
    {
      &quot;attributes&quot;: {
        &quot;Precincts&quot;: &quot;Brackengate Business Park&quot;,
        &quot;Quickbase_Status&quot;: &quot;Planned&quot;,
        &quot;QBRecordID&quot;: 6623,
        &quot;Third_Party_Dependant_For_Conne&quot;: null,
        &quot;Latitude&quot;: -33.89238945,
        &quot;Longitude&quot;: 18.68103661
      }
    },
    {
      &quot;attributes&quot;: {
        &quot;Precincts&quot;: &quot;Brackengate Business Park&quot;,
        &quot;Quickbase_Status&quot;: &quot;Planned&quot;,
        &quot;QBRecordID&quot;: 6624,
        &quot;Third_Party_Dependant_For_Conne&quot;: null,
        &quot;Latitude&quot;: -33.89197769,
        &quot;Longitude&quot;: 18.68036146
      }
    },
    {
      &quot;attributes&quot;: {
        &quot;Precincts&quot;: &quot;Brooklyn&quot;,
        &quot;Quickbase_Status&quot;: &quot;Planned&quot;,
        &quot;QBRecordID&quot;: 7226,
        &quot;Third_Party_Dependant_For_Conne&quot;: null,
        &quot;Latitude&quot;: -25.76975549,
        &quot;Longitude&quot;: 28.23604902
      }
    },
    {
      &quot;attributes&quot;: {
        &quot;Precincts&quot;: &quot;Westway Office Park&quot;,
        &quot;Quickbase_Status&quot;: &quot;Planned&quot;,
        &quot;QBRecordID&quot;: 7123,
        &quot;Third_Party_Dependant_For_Conne&quot;: null,
        &quot;Latitude&quot;: -29.84797325,
        &quot;Longitude&quot;: 30.92696956
      }
    },
    {
      &quot;attributes&quot;: {
        &quot;Precincts&quot;: &quot;Westway Office Park&quot;,
        &quot;Quickbase_Status&quot;: &quot;Planned&quot;,
        &quot;QBRecordID&quot;: 7111,
        &quot;Third_Party_Dependant_For_Conne&quot;: null,
        &quot;Latitude&quot;: -29.85041278,
        &quot;Longitude&quot;: 30.92940195
      }
    },
    {
      &quot;attributes&quot;: {
        &quot;Precincts&quot;: &quot;Westway Office Park&quot;,
        &quot;Quickbase_Status&quot;: &quot;Planned&quot;,
        &quot;QBRecordID&quot;: 7110,
        &quot;Third_Party_Dependant_For_Conne&quot;: null,
        &quot;Latitude&quot;: -29.8501295,
        &quot;Longitude&quot;: 30.92985672
      }
    },
    {
      &quot;attributes&quot;: {
        &quot;Precincts&quot;: &quot;Westway Office Park&quot;,
        &quot;Quickbase_Status&quot;: &quot;Planned&quot;,
        &quot;QBRecordID&quot;: 7131,
        &quot;Third_Party_Dependant_For_Conne&quot;: null,
        &quot;Latitude&quot;: -29.84938945,
        &quot;Longitude&quot;: 30.92975479
      }
    },
    {
      &quot;attributes&quot;: {
        &quot;Precincts&quot;: &quot;Westway Office Park&quot;,
        &quot;Quickbase_Status&quot;: &quot;Planned&quot;,
        &quot;QBRecordID&quot;: 7105,
        &quot;Third_Party_Dependant_For_Conne&quot;: null,
        &quot;Latitude&quot;: -29.85188465,
        &quot;Longitude&quot;: 30.93114441
      }
    },
    {
      &quot;attributes&quot;: {
        &quot;Precincts&quot;: &quot;Westway Office Park&quot;,
        &quot;Quickbase_Status&quot;: &quot;Planned&quot;,
        &quot;QBRecordID&quot;: 7104,
        &quot;Third_Party_Dependant_For_Conne&quot;: null,
        &quot;Latitude&quot;: -29.85054669,
        &quot;Longitude&quot;: 30.93121417
      }
    },
    {
      &quot;attributes&quot;: {
        &quot;Precincts&quot;: &quot;Derby Downs&quot;,
        &quot;Quickbase_Status&quot;: &quot;Planned&quot;,
        &quot;QBRecordID&quot;: 7362,
        &quot;Third_Party_Dependant_For_Conne&quot;: null,
        &quot;Latitude&quot;: -29.82899857,
        &quot;Longitude&quot;: 30.95401612
      }
    },
    {
      &quot;attributes&quot;: {
        &quot;Precincts&quot;: &quot;Derby Downs&quot;,
        &quot;Quickbase_Status&quot;: &quot;Planned&quot;,
        &quot;QBRecordID&quot;: 7354,
        &quot;Third_Party_Dependant_For_Conne&quot;: null,
        &quot;Latitude&quot;: -29.82844606,
        &quot;Longitude&quot;: 30.95537352
      }
    },
    {
      &quot;attributes&quot;: {
        &quot;Precincts&quot;: &quot;Derby Downs&quot;,
        &quot;Quickbase_Status&quot;: &quot;Planned&quot;,
        &quot;QBRecordID&quot;: 7351,
        &quot;Third_Party_Dependant_For_Conne&quot;: null,
        &quot;Latitude&quot;: -29.82723501,
        &quot;Longitude&quot;: 30.95550983
      }
    },
    {
      &quot;attributes&quot;: {
        &quot;Precincts&quot;: &quot;Derby Downs&quot;,
        &quot;Quickbase_Status&quot;: &quot;Planned&quot;,
        &quot;QBRecordID&quot;: 7352,
        &quot;Third_Party_Dependant_For_Conne&quot;: null,
        &quot;Latitude&quot;: -29.82700523,
        &quot;Longitude&quot;: 30.95572366
      }
    },
    {
      &quot;attributes&quot;: {
        &quot;Precincts&quot;: &quot;Derby Downs&quot;,
        &quot;Quickbase_Status&quot;: &quot;Planned&quot;,
        &quot;QBRecordID&quot;: 7349,
        &quot;Third_Party_Dependant_For_Conne&quot;: null,
        &quot;Latitude&quot;: -29.8264515,
        &quot;Longitude&quot;: 30.95575944
      }
    },
    {
      &quot;attributes&quot;: {
        &quot;Precincts&quot;: &quot;Nelson Road&quot;,
        &quot;Quickbase_Status&quot;: &quot;Planned&quot;,
        &quot;QBRecordID&quot;: 7342,
        &quot;Third_Party_Dependant_For_Conne&quot;: null,
        &quot;Latitude&quot;: -29.83177048,
        &quot;Longitude&quot;: 30.94991871
      }
    },
    {
      &quot;attributes&quot;: {
        &quot;Precincts&quot;: &quot;Lagoon Drive&quot;,
        &quot;Quickbase_Status&quot;: &quot;Planned&quot;,
        &quot;QBRecordID&quot;: 7619,
        &quot;Third_Party_Dependant_For_Conne&quot;: null,
        &quot;Latitude&quot;: -29.72855785,
        &quot;Longitude&quot;: 31.0871749
      }
    },
    {
      &quot;attributes&quot;: {
        &quot;Precincts&quot;: &quot;Lagoon Drive&quot;,
        &quot;Quickbase_Status&quot;: &quot;Planned&quot;,
        &quot;QBRecordID&quot;: 7631,
        &quot;Third_Party_Dependant_For_Conne&quot;: null,
        &quot;Latitude&quot;: -29.72883097,
        &quot;Longitude&quot;: 31.08591079
      }
    },
    {
      &quot;attributes&quot;: {
        &quot;Precincts&quot;: &quot;Ballito Phase 2&quot;,
        &quot;Quickbase_Status&quot;: &quot;Planned&quot;,
        &quot;QBRecordID&quot;: 7574,
        &quot;Third_Party_Dependant_For_Conne&quot;: null,
        &quot;Latitude&quot;: -29.52404507,
        &quot;Longitude&quot;: 31.20072931
      }
    },
    {
      &quot;attributes&quot;: {
        &quot;Precincts&quot;: &quot;Ballito Phase 2&quot;,
        &quot;Quickbase_Status&quot;: &quot;Planned&quot;,
        &quot;QBRecordID&quot;: 7049,
        &quot;Third_Party_Dependant_For_Conne&quot;: null,
        &quot;Latitude&quot;: -29.52684274,
        &quot;Longitude&quot;: 31.19955063
      }
    },
    {
      &quot;attributes&quot;: {
        &quot;Precincts&quot;: &quot;Centurion CBD 1&quot;,
        &quot;Quickbase_Status&quot;: &quot;Planned&quot;,
        &quot;QBRecordID&quot;: 8502,
        &quot;Third_Party_Dependant_For_Conne&quot;: null,
        &quot;Latitude&quot;: -25.86321035,
        &quot;Longitude&quot;: 28.18949915
      }
    },
    {
      &quot;attributes&quot;: {
        &quot;Precincts&quot;: &quot;Stanley Avenue&quot;,
        &quot;Quickbase_Status&quot;: &quot;Planned&quot;,
        &quot;QBRecordID&quot;: 7395,
        &quot;Third_Party_Dependant_For_Conne&quot;: null,
        &quot;Latitude&quot;: -26.18453991,
        &quot;Longitude&quot;: 28.01878412
      }
    },
    {
      &quot;attributes&quot;: {
        &quot;Precincts&quot;: &quot;Stanley Avenue&quot;,
        &quot;Quickbase_Status&quot;: &quot;Planned&quot;,
        &quot;QBRecordID&quot;: 7396,
        &quot;Third_Party_Dependant_For_Conne&quot;: null,
        &quot;Latitude&quot;: -26.18605681,
        &quot;Longitude&quot;: 28.01827328
      }
    },
    {
      &quot;attributes&quot;: {
        &quot;Precincts&quot;: &quot;Stanley Avenue&quot;,
        &quot;Quickbase_Status&quot;: &quot;Planned&quot;,
        &quot;QBRecordID&quot;: 7398,
        &quot;Third_Party_Dependant_For_Conne&quot;: null,
        &quot;Latitude&quot;: -26.18608527,
        &quot;Longitude&quot;: 28.01890146
      }
    },
    {
      &quot;attributes&quot;: {
        &quot;Precincts&quot;: &quot;Stanley Avenue&quot;,
        &quot;Quickbase_Status&quot;: &quot;Planned&quot;,
        &quot;QBRecordID&quot;: 7399,
        &quot;Third_Party_Dependant_For_Conne&quot;: null,
        &quot;Latitude&quot;: -26.18624522,
        &quot;Longitude&quot;: 28.01861653
      }
    },
    {
      &quot;attributes&quot;: {
        &quot;Precincts&quot;: &quot;Stanley Avenue&quot;,
        &quot;Quickbase_Status&quot;: &quot;Planned&quot;,
        &quot;QBRecordID&quot;: 7400,
        &quot;Third_Party_Dependant_For_Conne&quot;: null,
        &quot;Latitude&quot;: -26.18641587,
        &quot;Longitude&quot;: 28.01876441
      }
    },
    {
      &quot;attributes&quot;: {
        &quot;Precincts&quot;: &quot;Arden Grove&quot;,
        &quot;Quickbase_Status&quot;: &quot;Planned&quot;,
        &quot;QBRecordID&quot;: 2829,
        &quot;Third_Party_Dependant_For_Conne&quot;: null,
        &quot;Latitude&quot;: -33.86362856,
        &quot;Longitude&quot;: 18.51230831
      }
    },
    {
      &quot;attributes&quot;: {
        &quot;Precincts&quot;: &quot;Arden Grove&quot;,
        &quot;Quickbase_Status&quot;: &quot;Planned&quot;,
        &quot;QBRecordID&quot;: 1588,
        &quot;Third_Party_Dependant_For_Conne&quot;: null,
        &quot;Latitude&quot;: -33.86654594,
        &quot;Longitude&quot;: 18.51317812
      }
    },
    {
      &quot;attributes&quot;: {
        &quot;Precincts&quot;: &quot;Arden Grove&quot;,
        &quot;Quickbase_Status&quot;: &quot;Planned&quot;,
        &quot;QBRecordID&quot;: 1589,
        &quot;Third_Party_Dependant_For_Conne&quot;: null,
        &quot;Latitude&quot;: -33.86647147,
        &quot;Longitude&quot;: 18.5134999
      }
    },
    {
      &quot;attributes&quot;: {
        &quot;Precincts&quot;: &quot;Bruma Lake&quot;,
        &quot;Quickbase_Status&quot;: &quot;Planned&quot;,
        &quot;QBRecordID&quot;: 1545,
        &quot;Third_Party_Dependant_For_Conne&quot;: null,
        &quot;Latitude&quot;: -26.180309,
        &quot;Longitude&quot;: 28.10951269
      }
    },
    {
      &quot;attributes&quot;: {
        &quot;Precincts&quot;: &quot;Burnside Office Park&quot;,
        &quot;Quickbase_Status&quot;: &quot;Planned&quot;,
        &quot;QBRecordID&quot;: 3453,
        &quot;Third_Party_Dependant_For_Conne&quot;: null,
        &quot;Latitude&quot;: -26.11415568,
        &quot;Longitude&quot;: 28.02284871
      }
    },
    {
      &quot;attributes&quot;: {
        &quot;Precincts&quot;: &quot;George Road&quot;,
        &quot;Quickbase_Status&quot;: &quot;Planned&quot;,
        &quot;QBRecordID&quot;: 2847,
        &quot;Third_Party_Dependant_For_Conne&quot;: null,
        &quot;Latitude&quot;: -25.96915573,
        &quot;Longitude&quot;: 28.13194874
      }
    },
    {
      &quot;attributes&quot;: {
        &quot;Precincts&quot;: &quot;Girton&quot;,
        &quot;Quickbase_Status&quot;: &quot;Planned&quot;,
        &quot;QBRecordID&quot;: 3890,
        &quot;Third_Party_Dependant_For_Conne&quot;: null,
        &quot;Latitude&quot;: -26.18436402,
        &quot;Longitude&quot;: 28.03463753
      }
    },
    {
      &quot;attributes&quot;: {
        &quot;Precincts&quot;: &quot;Rosebank Phase 1&quot;,
        &quot;Quickbase_Status&quot;: &quot;Planned&quot;,
        &quot;QBRecordID&quot;: 3893,
        &quot;Third_Party_Dependant_For_Conne&quot;: null,
        &quot;Latitude&quot;: -26.14202742,
        &quot;Longitude&quot;: 28.04180245
      }
    },
    {
      &quot;attributes&quot;: {
        &quot;Precincts&quot;: &quot;Route 21 Office Park&quot;,
        &quot;Quickbase_Status&quot;: &quot;Planned&quot;,
        &quot;QBRecordID&quot;: 2131,
        &quot;Third_Party_Dependant_For_Conne&quot;: null,
        &quot;Latitude&quot;: -25.86094788,
        &quot;Longitude&quot;: 28.25687299
      }
    },
    {
      &quot;attributes&quot;: {
        &quot;Precincts&quot;: &quot;Kent&quot;,
        &quot;Quickbase_Status&quot;: &quot;Planned&quot;,
        &quot;QBRecordID&quot;: 591,
        &quot;Third_Party_Dependant_For_Conne&quot;: null,
        &quot;Latitude&quot;: -26.09365679,
        &quot;Longitude&quot;: 27.99910442
      }
    },
    {
      &quot;attributes&quot;: {
        &quot;Precincts&quot;: &quot;Kent&quot;,
        &quot;Quickbase_Status&quot;: &quot;Planned&quot;,
        &quot;QBRecordID&quot;: 541,
        &quot;Third_Party_Dependant_For_Conne&quot;: null,
        &quot;Latitude&quot;: -26.09914546,
        &quot;Longitude&quot;: 27.99989452
      }
    },
    {
      &quot;attributes&quot;: {
        &quot;Precincts&quot;: &quot;Oberon&quot;,
        &quot;Quickbase_Status&quot;: &quot;Planned&quot;,
        &quot;QBRecordID&quot;: 2335,
        &quot;Third_Party_Dependant_For_Conne&quot;: null,
        &quot;Latitude&quot;: -25.77938399,
        &quot;Longitude&quot;: 28.29071285
      }
    },
    {
      &quot;attributes&quot;: {
        &quot;Precincts&quot;: &quot;Oberon&quot;,
        &quot;Quickbase_Status&quot;: &quot;Planned&quot;,
        &quot;QBRecordID&quot;: 3983,
        &quot;Third_Party_Dependant_For_Conne&quot;: null,
        &quot;Latitude&quot;: -25.77942723,
        &quot;Longitude&quot;: 28.29104185
      }
    },
    {
      &quot;attributes&quot;: {
        &quot;Precincts&quot;: &quot;Peter Place&quot;,
        &quot;Quickbase_Status&quot;: &quot;Planned&quot;,
        &quot;QBRecordID&quot;: 12588,
        &quot;Third_Party_Dependant_For_Conne&quot;: null,
        &quot;Latitude&quot;: -26.08107756,
        &quot;Longitude&quot;: 28.01761981
      }
    },
    {
      &quot;attributes&quot;: {
        &quot;Precincts&quot;: &quot;Richards Drive&quot;,
        &quot;Quickbase_Status&quot;: &quot;Planned&quot;,
        &quot;QBRecordID&quot;: 2426,
        &quot;Third_Party_Dependant_For_Conne&quot;: null,
        &quot;Latitude&quot;: -26.0155271,
        &quot;Longitude&quot;: 28.12145848
      }
    },
    {
      &quot;attributes&quot;: {
        &quot;Precincts&quot;: &quot;Route 21 Office Park&quot;,
        &quot;Quickbase_Status&quot;: &quot;Planned&quot;,
        &quot;QBRecordID&quot;: 2033,
        &quot;Third_Party_Dependant_For_Conne&quot;: null,
        &quot;Latitude&quot;: -25.8580116,
        &quot;Longitude&quot;: 28.25617535
      }
    },
    {
      &quot;attributes&quot;: {
        &quot;Precincts&quot;: &quot;Tygervalley&quot;,
        &quot;Quickbase_Status&quot;: &quot;Planned&quot;,
        &quot;QBRecordID&quot;: 2592,
        &quot;Third_Party_Dependant_For_Conne&quot;: null,
        &quot;Latitude&quot;: -33.88419051,
        &quot;Longitude&quot;: 18.63626485
      }
    },
    {
      &quot;attributes&quot;: {
        &quot;Precincts&quot;: &quot;Westlake&quot;,
        &quot;Quickbase_Status&quot;: &quot;Planned&quot;,
        &quot;QBRecordID&quot;: 1816,
        &quot;Third_Party_Dependant_For_Conne&quot;: null,
        &quot;Latitude&quot;: -34.07965142,
        &quot;Longitude&quot;: 18.44114401
      }
    },
    {
      &quot;attributes&quot;: {
        &quot;Precincts&quot;: &quot;Westlake&quot;,
        &quot;Quickbase_Status&quot;: &quot;Planned&quot;,
        &quot;QBRecordID&quot;: 1812,
        &quot;Third_Party_Dependant_For_Conne&quot;: null,
        &quot;Latitude&quot;: -34.0800207,
        &quot;Longitude&quot;: 18.44063831
      }
    },
    {
      &quot;attributes&quot;: {
        &quot;Precincts&quot;: &quot;Western Services&quot;,
        &quot;Quickbase_Status&quot;: &quot;Planned&quot;,
        &quot;QBRecordID&quot;: 2681,
        &quot;Third_Party_Dependant_For_Conne&quot;: null,
        &quot;Latitude&quot;: -26.0569719,
        &quot;Longitude&quot;: 28.08959015
      }
    },
    {
      &quot;attributes&quot;: {
        &quot;Precincts&quot;: &quot;Tygervalley&quot;,
        &quot;Quickbase_Status&quot;: &quot;Planned&quot;,
        &quot;QBRecordID&quot;: 4005,
        &quot;Third_Party_Dependant_For_Conne&quot;: null,
        &quot;Latitude&quot;: -33.88328951,
        &quot;Longitude&quot;: 18.63637549
      }
    },
    {
      &quot;attributes&quot;: {
        &quot;Precincts&quot;: &quot;Tygervalley&quot;,
        &quot;Quickbase_Status&quot;: &quot;Planned&quot;,
        &quot;QBRecordID&quot;: 4006,
        &quot;Third_Party_Dependant_For_Conne&quot;: null,
        &quot;Latitude&quot;: -33.88364383,
        &quot;Longitude&quot;: 18.63628807
      }
    },
    {
      &quot;attributes&quot;: {
        &quot;Precincts&quot;: &quot;CPT CBD Phase 02&quot;,
        &quot;Quickbase_Status&quot;: &quot;Planned&quot;,
        &quot;QBRecordID&quot;: 3105,
        &quot;Third_Party_Dependant_For_Conne&quot;: null,
        &quot;Latitude&quot;: -33.92156639,
        &quot;Longitude&quot;: 18.43205625
      }
    },
    {
      &quot;attributes&quot;: {
        &quot;Precincts&quot;: &quot;Rosebank Phase 1&quot;,
        &quot;Quickbase_Status&quot;: &quot;Planned&quot;,
        &quot;QBRecordID&quot;: 4064,
        &quot;Third_Party_Dependant_For_Conne&quot;: null,
        &quot;Latitude&quot;: -26.14630655,
        &quot;Longitude&quot;: 28.04357554
      }
    },
    {
      &quot;attributes&quot;: {
        &quot;Precincts&quot;: &quot;Witch-Hazel&quot;,
        &quot;Quickbase_Status&quot;: &quot;Planned&quot;,
        &quot;QBRecordID&quot;: 1727,
        &quot;Third_Party_Dependant_For_Conne&quot;: null,
        &quot;Latitude&quot;: -25.8746324,
        &quot;Longitude&quot;: 28.18078955
      }
    },
    {
      &quot;attributes&quot;: {
        &quot;Precincts&quot;: &quot;Highveld Technopark&quot;,
        &quot;Quickbase_Status&quot;: &quot;Planned&quot;,
        &quot;QBRecordID&quot;: 5879,
        &quot;Third_Party_Dependant_For_Conne&quot;: null,
        &quot;Latitude&quot;: -25.87881218,
        &quot;Longitude&quot;: 28.18411166
      }
    },
    {
      &quot;attributes&quot;: {
        &quot;Precincts&quot;: &quot;Highveld Technopark&quot;,
        &quot;Quickbase_Status&quot;: &quot;Planned&quot;,
        &quot;QBRecordID&quot;: 5880,
        &quot;Third_Party_Dependant_For_Conne&quot;: null,
        &quot;Latitude&quot;: -25.87862017,
        &quot;Longitude&quot;: 28.18418323
      }
    },
    {
      &quot;attributes&quot;: {
        &quot;Precincts&quot;: &quot;Highveld Technopark&quot;,
        &quot;Quickbase_Status&quot;: &quot;Planned&quot;,
        &quot;QBRecordID&quot;: 4527,
        &quot;Third_Party_Dependant_For_Conne&quot;: null,
        &quot;Latitude&quot;: -25.87401384,
        &quot;Longitude&quot;: 28.19008123
      }
    },
    {
      &quot;attributes&quot;: {
        &quot;Precincts&quot;: &quot;Cresta&quot;,
        &quot;Quickbase_Status&quot;: &quot;Planned&quot;,
        &quot;QBRecordID&quot;: 4247,
        &quot;Third_Party_Dependant_For_Conne&quot;: null,
        &quot;Latitude&quot;: -26.12771038,
        &quot;Longitude&quot;: 27.97198448
      }
    },
    {
      &quot;attributes&quot;: {
        &quot;Precincts&quot;: &quot;Cresta&quot;,
        &quot;Quickbase_Status&quot;: &quot;Planned&quot;,
        &quot;QBRecordID&quot;: 4246,
        &quot;Third_Party_Dependant_For_Conne&quot;: null,
        &quot;Latitude&quot;: -26.12729178,
        &quot;Longitude&quot;: 27.97235301
      }
    },
    {
      &quot;attributes&quot;: {
        &quot;Precincts&quot;: &quot;Cresta&quot;,
        &quot;Quickbase_Status&quot;: &quot;Planned&quot;,
        &quot;QBRecordID&quot;: 4271,
        &quot;Third_Party_Dependant_For_Conne&quot;: null,
        &quot;Latitude&quot;: -26.12954506,
        &quot;Longitude&quot;: 27.96966852
      }
    },
    {
      &quot;attributes&quot;: {
        &quot;Precincts&quot;: &quot;Cresta&quot;,
        &quot;Quickbase_Status&quot;: &quot;Planned&quot;,
        &quot;QBRecordID&quot;: 4270,
        &quot;Third_Party_Dependant_For_Conne&quot;: null,
        &quot;Latitude&quot;: -26.12992482,
        &quot;Longitude&quot;: 27.97032701
      }
    },
    {
      &quot;attributes&quot;: {
        &quot;Precincts&quot;: &quot;Cresta&quot;,
        &quot;Quickbase_Status&quot;: &quot;Planned&quot;,
        &quot;QBRecordID&quot;: 4269,
        &quot;Third_Party_Dependant_For_Conne&quot;: null,
        &quot;Latitude&quot;: -26.13011453,
        &quot;Longitude&quot;: 27.97090675
      }
    },
    {
      &quot;attributes&quot;: {
        &quot;Precincts&quot;: &quot;Cresta&quot;,
        &quot;Quickbase_Status&quot;: &quot;Planned&quot;,
        &quot;QBRecordID&quot;: 4285,
        &quot;Third_Party_Dependant_For_Conne&quot;: null,
        &quot;Latitude&quot;: -26.13092252,
        &quot;Longitude&quot;: 27.97150487
      }
    },
    {
      &quot;attributes&quot;: {
        &quot;Precincts&quot;: &quot;Cresta&quot;,
        &quot;Quickbase_Status&quot;: &quot;Planned&quot;,
        &quot;QBRecordID&quot;: 4286,
        &quot;Third_Party_Dependant_For_Conne&quot;: null,
        &quot;Latitude&quot;: -26.1309933,
        &quot;Longitude&quot;: 27.9710678
      }
    },
    {
      &quot;attributes&quot;: {
        &quot;Precincts&quot;: &quot;Lagoon Drive&quot;,
        &quot;Quickbase_Status&quot;: &quot;Planned&quot;,
        &quot;QBRecordID&quot;: 7617,
        &quot;Third_Party_Dependant_For_Conne&quot;: null,
        &quot;Latitude&quot;: -29.72500035,
        &quot;Longitude&quot;: 31.0859148
      }
    },
    {
      &quot;attributes&quot;: {
        &quot;Precincts&quot;: &quot;Centurion CBD 1&quot;,
        &quot;Quickbase_Status&quot;: &quot;Planned&quot;,
        &quot;QBRecordID&quot;: 6311,
        &quot;Third_Party_Dependant_For_Conne&quot;: null,
        &quot;Latitude&quot;: -25.86262014,
        &quot;Longitude&quot;: 28.18682866
      }
    },
    {
      &quot;attributes&quot;: {
        &quot;Precincts&quot;: &quot;Cresta&quot;,
        &quot;Quickbase_Status&quot;: &quot;Planned&quot;,
        &quot;QBRecordID&quot;: 10183,
        &quot;Third_Party_Dependant_For_Conne&quot;: null,
        &quot;Latitude&quot;: -26.13055647,
        &quot;Longitude&quot;: 27.97135857
      }
    },
    {
      &quot;attributes&quot;: {
        &quot;Precincts&quot;: &quot;Riverhorse Road&quot;,
        &quot;Quickbase_Status&quot;: &quot;Planned&quot;,
        &quot;QBRecordID&quot;: 8920,
        &quot;Third_Party_Dependant_For_Conne&quot;: null,
        &quot;Latitude&quot;: -29.78016811,
        &quot;Longitude&quot;: 30.98541777
      }
    },
    {
      &quot;attributes&quot;: {
        &quot;Precincts&quot;: &quot;Riverhorse Road&quot;,
        &quot;Quickbase_Status&quot;: &quot;Planned&quot;,
        &quot;QBRecordID&quot;: 8919,
        &quot;Third_Party_Dependant_For_Conne&quot;: null,
        &quot;Latitude&quot;: -29.7820726,
        &quot;Longitude&quot;: 30.9868388
      }
    },
    {
      &quot;attributes&quot;: {
        &quot;Precincts&quot;: &quot;Riverhorse Road&quot;,
        &quot;Quickbase_Status&quot;: &quot;Planned&quot;,
        &quot;QBRecordID&quot;: 8918,
        &quot;Third_Party_Dependant_For_Conne&quot;: null,
        &quot;Latitude&quot;: -29.78322392,
        &quot;Longitude&quot;: 30.98757403
      }
    },
    {
      &quot;attributes&quot;: {
        &quot;Precincts&quot;: &quot;Riverhorse Road&quot;,
        &quot;Quickbase_Status&quot;: &quot;Planned&quot;,
        &quot;QBRecordID&quot;: 8917,
        &quot;Third_Party_Dependant_For_Conne&quot;: null,
        &quot;Latitude&quot;: -29.78388511,
        &quot;Longitude&quot;: 30.9886669
      }
    },
    {
      &quot;attributes&quot;: {
        &quot;Precincts&quot;: &quot;Riverhorse Road&quot;,
        &quot;Quickbase_Status&quot;: &quot;Planned&quot;,
        &quot;QBRecordID&quot;: 8914,
        &quot;Third_Party_Dependant_For_Conne&quot;: null,
        &quot;Latitude&quot;: -29.78298757,
        &quot;Longitude&quot;: 30.99071113
      }
    },
    {
      &quot;attributes&quot;: {
        &quot;Precincts&quot;: &quot;Riverhorse Road&quot;,
        &quot;Quickbase_Status&quot;: &quot;Planned&quot;,
        &quot;QBRecordID&quot;: 8910,
        &quot;Third_Party_Dependant_For_Conne&quot;: null,
        &quot;Latitude&quot;: -29.78020978,
        &quot;Longitude&quot;: 30.9926044
      }
    },
    {
      &quot;attributes&quot;: {
        &quot;Precincts&quot;: &quot;Riverhorse Road&quot;,
        &quot;Quickbase_Status&quot;: &quot;Planned&quot;,
        &quot;QBRecordID&quot;: 8925,
        &quot;Third_Party_Dependant_For_Conne&quot;: null,
        &quot;Latitude&quot;: -29.77712426,
        &quot;Longitude&quot;: 30.99302363
      }
    },
    {
      &quot;attributes&quot;: {
        &quot;Precincts&quot;: &quot;CPT CBD Phase 10&quot;,
        &quot;Quickbase_Status&quot;: &quot;Planned&quot;,
        &quot;QBRecordID&quot;: 7079,
        &quot;Third_Party_Dependant_For_Conne&quot;: null,
        &quot;Latitude&quot;: -33.9246709,
        &quot;Longitude&quot;: 18.42180577
      }
    },
    {
      &quot;attributes&quot;: {
        &quot;Precincts&quot;: &quot;Skeen Boulevard&quot;,
        &quot;Quickbase_Status&quot;: &quot;Planned&quot;,
        &quot;QBRecordID&quot;: 1160,
        &quot;Third_Party_Dependant_For_Conne&quot;: null,
        &quot;Latitude&quot;: -26.17647532,
        &quot;Longitude&quot;: 28.13325834
      }
    },
    {
      &quot;attributes&quot;: {
        &quot;Precincts&quot;: &quot;Briardene&quot;,
        &quot;Quickbase_Status&quot;: &quot;Planned&quot;,
        &quot;QBRecordID&quot;: 14152,
        &quot;Third_Party_Dependant_For_Conne&quot;: null,
        &quot;Latitude&quot;: -29.79615937,
        &quot;Longitude&quot;: 31.01528204
      }
    },
    {
      &quot;attributes&quot;: {
        &quot;Precincts&quot;: &quot;Persequor Park&quot;,
        &quot;Quickbase_Status&quot;: &quot;Planned&quot;,
        &quot;QBRecordID&quot;: 5136,
        &quot;Third_Party_Dependant_For_Conne&quot;: null,
        &quot;Latitude&quot;: -25.74753591,
        &quot;Longitude&quot;: 28.27230485
      }
    },
    {
      &quot;attributes&quot;: {
        &quot;Precincts&quot;: &quot;Rosenpark&quot;,
        &quot;Quickbase_Status&quot;: &quot;Planned&quot;,
        &quot;QBRecordID&quot;: 2687,
        &quot;Third_Party_Dependant_For_Conne&quot;: null,
        &quot;Latitude&quot;: -33.86983308,
        &quot;Longitude&quot;: 18.63941938
      }
    },
    {
      &quot;attributes&quot;: {
        &quot;Precincts&quot;: &quot;Rosenpark&quot;,
        &quot;Quickbase_Status&quot;: &quot;Planned&quot;,
        &quot;QBRecordID&quot;: 2688,
        &quot;Third_Party_Dependant_For_Conne&quot;: null,
        &quot;Latitude&quot;: -33.86965452,
        &quot;Longitude&quot;: 18.64004407
      }
    },
    {
      &quot;attributes&quot;: {
        &quot;Precincts&quot;: &quot;Rosenpark&quot;,
        &quot;Quickbase_Status&quot;: &quot;Planned&quot;,
        &quot;QBRecordID&quot;: 2692,
        &quot;Third_Party_Dependant_For_Conne&quot;: null,
        &quot;Latitude&quot;: -33.87029887,
        &quot;Longitude&quot;: 18.64162771
      }
    },
    {
      &quot;attributes&quot;: {
        &quot;Precincts&quot;: &quot;Route 21 Office Park&quot;,
        &quot;Quickbase_Status&quot;: &quot;Planned&quot;,
        &quot;QBRecordID&quot;: 1984,
        &quot;Third_Party_Dependant_For_Conne&quot;: null,
        &quot;Latitude&quot;: -25.86202705,
        &quot;Longitude&quot;: 28.25743255
      }
    },
    {
      &quot;attributes&quot;: {
        &quot;Precincts&quot;: &quot;Wierda Road&quot;,
        &quot;Quickbase_Status&quot;: &quot;Planned&quot;,
        &quot;QBRecordID&quot;: 346,
        &quot;Third_Party_Dependant_For_Conne&quot;: null,
        &quot;Latitude&quot;: -26.11166665,
        &quot;Longitude&quot;: 28.05829515
      }
    },
    {
      &quot;attributes&quot;: {
        &quot;Precincts&quot;: &quot;Wierda Road&quot;,
        &quot;Quickbase_Status&quot;: &quot;Planned&quot;,
        &quot;QBRecordID&quot;: 602,
        &quot;Third_Party_Dependant_For_Conne&quot;: null,
        &quot;Latitude&quot;: -26.10991778,
        &quot;Longitude&quot;: 28.0611885
      }
    },
    {
      &quot;attributes&quot;: {
        &quot;Precincts&quot;: &quot;Sunninghill&quot;,
        &quot;Quickbase_Status&quot;: &quot;Planned&quot;,
        &quot;QBRecordID&quot;: 4093,
        &quot;Third_Party_Dependant_For_Conne&quot;: null,
        &quot;Latitude&quot;: -26.03608502,
        &quot;Longitude&quot;: 28.06613802
      }
    },
    {
      &quot;attributes&quot;: {
        &quot;Precincts&quot;: &quot;Sunninghill&quot;,
        &quot;Quickbase_Status&quot;: &quot;Planned&quot;,
        &quot;QBRecordID&quot;: 4092,
        &quot;Third_Party_Dependant_For_Conne&quot;: null,
        &quot;Latitude&quot;: -26.03589015,
        &quot;Longitude&quot;: 28.06671034
      }
    },
    {
      &quot;attributes&quot;: {
        &quot;Precincts&quot;: &quot;Wierda Road&quot;,
        &quot;Quickbase_Status&quot;: &quot;Planned&quot;,
        &quot;QBRecordID&quot;: 365,
        &quot;Third_Party_Dependant_For_Conne&quot;: null,
        &quot;Latitude&quot;: -26.11403846,
        &quot;Longitude&quot;: 28.05221723
      }
    },
    {
      &quot;attributes&quot;: {
        &quot;Precincts&quot;: &quot;Brackengate Business Park&quot;,
        &quot;Quickbase_Status&quot;: &quot;Planned&quot;,
        &quot;QBRecordID&quot;: 79748,
        &quot;Third_Party_Dependant_For_Conne&quot;: null,
        &quot;Latitude&quot;: -33.88990877,
        &quot;Longitude&quot;: 18.68007641
      }
    },
    {
      &quot;attributes&quot;: {
        &quot;Precincts&quot;: &quot;Witch-Hazel&quot;,
        &quot;Quickbase_Status&quot;: &quot;Planned&quot;,
        &quot;QBRecordID&quot;: 2283,
        &quot;Third_Party_Dependant_For_Conne&quot;: null,
        &quot;Latitude&quot;: -25.87295032,
        &quot;Longitude&quot;: 28.18191699
      }
    },
    {
      &quot;attributes&quot;: {
        &quot;Precincts&quot;: &quot;Witch-Hazel&quot;,
        &quot;Quickbase_Status&quot;: &quot;Planned&quot;,
        &quot;QBRecordID&quot;: 2284,
        &quot;Third_Party_Dependant_For_Conne&quot;: null,
        &quot;Latitude&quot;: -25.87265052,
        &quot;Longitude&quot;: 28.18193591
      }
    }
  ]
}

Response body doesn&#039;t match expectation.
Expected: a string containing &quot;WIP&quot;
  Actual: {
  &quot;displayFieldName&quot;: &quot;Building_Name&quot;,
  &quot;fieldAliases&quot;: {
    &quot;Precincts&quot;: &quot;Precinct&quot;,
    &quot;Quickbase_Status&quot;: &quot;Status&quot;,
    &quot;QBRecordID&quot;: &quot;RecordID&quot;,
    &quot;Third_Party_Dependant_For_Conne&quot;: &quot;Third Party&quot;,
    &quot;Latitude&quot;: &quot;Latitude&quot;,
    &quot;Longitude&quot;: &quot;Longitude&quot;
  },
  &quot;fields&quot;: [
    {
      &quot;name&quot;: &quot;Precincts&quot;,
      &quot;type&quot;: &quot;esriFieldTypeString&quot;,
      &quot;alias&quot;: &quot;Precinct&quot;,
      &quot;length&quot;: 100
    },
    {
      &quot;name&quot;: &quot;Quickbase_Status&quot;,
      &quot;type&quot;: &quot;esriFieldTypeString&quot;,
      &quot;alias&quot;: &quot;Status&quot;,
      &quot;length&quot;: 100
    },
    {
      &quot;name&quot;: &quot;QBRecordID&quot;,
      &quot;type&quot;: &quot;esriFieldTypeInteger&quot;,
      &quot;alias&quot;: &quot;RecordID&quot;
    },
    {
      &quot;name&quot;: &quot;Third_Party_Dependant_For_Conne&quot;,
      &quot;type&quot;: &quot;esriFieldTypeString&quot;,
      &quot;alias&quot;: &quot;Third Party&quot;,
      &quot;length&quot;: 50
    },
    {
      &quot;name&quot;: &quot;Latitude&quot;,
      &quot;type&quot;: &quot;esriFieldTypeDouble&quot;,
      &quot;alias&quot;: &quot;Latitude&quot;
    },
    {
      &quot;name&quot;: &quot;Longitude&quot;,
      &quot;type&quot;: &quot;esriFieldTypeDouble&quot;,
      &quot;alias&quot;: &quot;Longitude&quot;
    }
  ],
  &quot;features&quot;: [
    {
      &quot;attributes&quot;: {
        &quot;Precincts&quot;: &quot;Hatfield (Phase 3)&quot;,
        &quot;Quickbase_Status&quot;: &quot;Planned&quot;,
        &quot;QBRecordID&quot;: 0,
        &quot;Third_Party_Dependant_For_Conne&quot;: null,
        &quot;Latitude&quot;: -25.7430356,
        &quot;Longitude&quot;: 28.24053035
      }
    },
    {
      &quot;attributes&quot;: {
        &quot;Precincts&quot;: &quot;Hatfield (Phase 3)&quot;,
        &quot;Quickbase_Status&quot;: &quot;Planned&quot;,
        &quot;QBRecordID&quot;: 0,
        &quot;Third_Party_Dependant_For_Conne&quot;: null,
        &quot;Latitude&quot;: -25.7429375,
        &quot;Longitude&quot;: 28.24242948
      }
    },
    {
      &quot;attributes&quot;: {
        &quot;Precincts&quot;: &quot;Hatfield (Phase 3)&quot;,
        &quot;Quickbase_Status&quot;: &quot;Planned&quot;,
        &quot;QBRecordID&quot;: 0,
        &quot;Third_Party_Dependant_For_Conne&quot;: null,
        &quot;Latitude&quot;: -25.74289195,
        &quot;Longitude&quot;: 28.24254232
      }
    },
    {
      &quot;attributes&quot;: {
        &quot;Precincts&quot;: &quot;Hatfield (Phase 3)&quot;,
        &quot;Quickbase_Status&quot;: &quot;Planned&quot;,
        &quot;QBRecordID&quot;: 0,
        &quot;Third_Party_Dependant_For_Conne&quot;: null,
        &quot;Latitude&quot;: -25.74382682,
        &quot;Longitude&quot;: 28.24276078
      }
    },
    {
      &quot;attributes&quot;: {
        &quot;Precincts&quot;: &quot;Hatfield (Phase 3)&quot;,
        &quot;Quickbase_Status&quot;: &quot;Planned&quot;,
        &quot;QBRecordID&quot;: 0,
        &quot;Third_Party_Dependant_For_Conne&quot;: null,
        &quot;Latitude&quot;: -25.74348779,
        &quot;Longitude&quot;: 28.24275168
      }
    },
    {
      &quot;attributes&quot;: {
        &quot;Precincts&quot;: &quot;Hatfield (Phase 3)&quot;,
        &quot;Quickbase_Status&quot;: &quot;Planned&quot;,
        &quot;QBRecordID&quot;: 0,
        &quot;Third_Party_Dependant_For_Conne&quot;: null,
        &quot;Latitude&quot;: -25.74324315,
        &quot;Longitude&quot;: 28.24302584
      }
    },
    {
      &quot;attributes&quot;: {
        &quot;Precincts&quot;: &quot;Hatfield (Phase 3)&quot;,
        &quot;Quickbase_Status&quot;: &quot;Planned&quot;,
        &quot;QBRecordID&quot;: 0,
        &quot;Third_Party_Dependant_For_Conne&quot;: null,
        &quot;Latitude&quot;: -25.74302639,
        &quot;Longitude&quot;: 28.24297619
      }
    },
    {
      &quot;attributes&quot;: {
        &quot;Precincts&quot;: &quot;Hatfield (Phase 3)&quot;,
        &quot;Quickbase_Status&quot;: &quot;Planned&quot;,
        &quot;QBRecordID&quot;: 0,
        &quot;Third_Party_Dependant_For_Conne&quot;: null,
        &quot;Latitude&quot;: -25.74165535,
        &quot;Longitude&quot;: 28.24229287
      }
    },
    {
      &quot;attributes&quot;: {
        &quot;Precincts&quot;: &quot;Hatfield (Phase 3)&quot;,
        &quot;Quickbase_Status&quot;: &quot;Planned&quot;,
        &quot;QBRecordID&quot;: 0,
        &quot;Third_Party_Dependant_For_Conne&quot;: null,
        &quot;Latitude&quot;: -25.74174418,
        &quot;Longitude&quot;: 28.24227857
      }
    },
    {
      &quot;attributes&quot;: {
        &quot;Precincts&quot;: &quot;Hatfield (Phase 3)&quot;,
        &quot;Quickbase_Status&quot;: &quot;Planned&quot;,
        &quot;QBRecordID&quot;: 0,
        &quot;Third_Party_Dependant_For_Conne&quot;: null,
        &quot;Latitude&quot;: -25.74188598,
        &quot;Longitude&quot;: 28.24218242
      }
    },
    {
      &quot;attributes&quot;: {
        &quot;Precincts&quot;: &quot;Hatfield (Phase 3)&quot;,
        &quot;Quickbase_Status&quot;: &quot;Planned&quot;,
        &quot;QBRecordID&quot;: 0,
        &quot;Third_Party_Dependant_For_Conne&quot;: null,
        &quot;Latitude&quot;: -25.74329195,
        &quot;Longitude&quot;: 28.23972439
      }
    },
    {
      &quot;attributes&quot;: {
        &quot;Precincts&quot;: &quot;Hatfield (Phase 3)&quot;,
        &quot;Quickbase_Status&quot;: &quot;Planned&quot;,
        &quot;QBRecordID&quot;: 0,
        &quot;Third_Party_Dependant_For_Conne&quot;: null,
        &quot;Latitude&quot;: -25.74315819,
        &quot;Longitude&quot;: 28.24060331
      }
    },
    {
      &quot;attributes&quot;: {
        &quot;Precincts&quot;: &quot;Hatfield (Phase 3)&quot;,
        &quot;Quickbase_Status&quot;: &quot;Planned&quot;,
        &quot;QBRecordID&quot;: 0,
        &quot;Third_Party_Dependant_For_Conne&quot;: null,
        &quot;Latitude&quot;: -25.74374148,
        &quot;Longitude&quot;: 28.23977553
      }
    },
    {
      &quot;attributes&quot;: {
        &quot;Precincts&quot;: &quot;Hatfield (Phase 3)&quot;,
        &quot;Quickbase_Status&quot;: &quot;Planned&quot;,
        &quot;QBRecordID&quot;: 0,
        &quot;Third_Party_Dependant_For_Conne&quot;: null,
        &quot;Latitude&quot;: -25.74375292,
        &quot;Longitude&quot;: 28.2399782
      }
    },
    {
      &quot;attributes&quot;: {
        &quot;Precincts&quot;: &quot;Hatfield (Phase 3)&quot;,
        &quot;Quickbase_Status&quot;: &quot;Planned&quot;,
        &quot;QBRecordID&quot;: 0,
        &quot;Third_Party_Dependant_For_Conne&quot;: null,
        &quot;Latitude&quot;: -25.74314603,
        &quot;Longitude&quot;: 28.24024547
      }
    },
    {
      &quot;attributes&quot;: {
        &quot;Precincts&quot;: &quot;Hatfield (Phase 3)&quot;,
        &quot;Quickbase_Status&quot;: &quot;Planned&quot;,
        &quot;QBRecordID&quot;: 0,
        &quot;Third_Party_Dependant_For_Conne&quot;: null,
        &quot;Latitude&quot;: -25.74328954,
        &quot;Longitude&quot;: 28.24025097
      }
    },
    {
      &quot;attributes&quot;: {
        &quot;Precincts&quot;: &quot;Hatfield (Phase 3)&quot;,
        &quot;Quickbase_Status&quot;: &quot;Planned&quot;,
        &quot;QBRecordID&quot;: 0,
        &quot;Third_Party_Dependant_For_Conne&quot;: null,
        &quot;Latitude&quot;: -25.74334134,
        &quot;Longitude&quot;: 28.24034411
      }
    },
    {
      &quot;attributes&quot;: {
        &quot;Precincts&quot;: &quot;Hatfield (Phase 3)&quot;,
        &quot;Quickbase_Status&quot;: &quot;Planned&quot;,
        &quot;QBRecordID&quot;: 0,
        &quot;Third_Party_Dependant_For_Conne&quot;: null,
        &quot;Latitude&quot;: -25.74310429,
        &quot;Longitude&quot;: 28.23928304
      }
    },
    {
      &quot;attributes&quot;: {
        &quot;Precincts&quot;: &quot;Hatfield (Phase 3)&quot;,
        &quot;Quickbase_Status&quot;: &quot;Planned&quot;,
        &quot;QBRecordID&quot;: 0,
        &quot;Third_Party_Dependant_For_Conne&quot;: null,
        &quot;Latitude&quot;: -25.74321064,
        &quot;Longitude&quot;: 28.23998549
      }
    },
    {
      &quot;attributes&quot;: {
        &quot;Precincts&quot;: &quot;Hatfield (Phase 3)&quot;,
        &quot;Quickbase_Status&quot;: &quot;Planned&quot;,
        &quot;QBRecordID&quot;: 0,
        &quot;Third_Party_Dependant_For_Conne&quot;: null,
        &quot;Latitude&quot;: -25.74379318,
        &quot;Longitude&quot;: 28.24023371
      }
    },
    {
      &quot;attributes&quot;: {
        &quot;Precincts&quot;: &quot;Hatfield (Phase 3)&quot;,
        &quot;Quickbase_Status&quot;: &quot;Planned&quot;,
        &quot;QBRecordID&quot;: 0,
        &quot;Third_Party_Dependant_For_Conne&quot;: null,
        &quot;Latitude&quot;: -25.74323783,
        &quot;Longitude&quot;: 28.23921995
      }
    },
    {
      &quot;attributes&quot;: {
        &quot;Precincts&quot;: &quot;Hatfield (Phase 3)&quot;,
        &quot;Quickbase_Status&quot;: &quot;Planned&quot;,
        &quot;QBRecordID&quot;: 0,
        &quot;Third_Party_Dependant_For_Conne&quot;: null,
        &quot;Latitude&quot;: -25.7433213,
        &quot;Longitude&quot;: 28.24056051
      }
    },
    {
      &quot;attributes&quot;: {
        &quot;Precincts&quot;: &quot;Hatfield (Phase 3)&quot;,
        &quot;Quickbase_Status&quot;: &quot;Planned&quot;,
        &quot;QBRecordID&quot;: 0,
        &quot;Third_Party_Dependant_For_Conne&quot;: null,
        &quot;Latitude&quot;: -25.74316236,
        &quot;Longitude&quot;: 28.24097743
      }
    },
    {
      &quot;attributes&quot;: {
        &quot;Precincts&quot;: &quot;Hatfield (Phase 3)&quot;,
        &quot;Quickbase_Status&quot;: &quot;Planned&quot;,
        &quot;QBRecordID&quot;: 0,
        &quot;Third_Party_Dependant_For_Conne&quot;: null,
        &quot;Latitude&quot;: -25.74179429,
        &quot;Longitude&quot;: 28.24103407
      }
    },
    {
      &quot;attributes&quot;: {
        &quot;Precincts&quot;: &quot;Hatfield (Phase 3)&quot;,
        &quot;Quickbase_Status&quot;: &quot;Planned&quot;,
        &quot;QBRecordID&quot;: 0,
        &quot;Third_Party_Dependant_For_Conne&quot;: null,
        &quot;Latitude&quot;: -25.74167492,
        &quot;Longitude&quot;: 28.24146832
      }
    },
    {
      &quot;attributes&quot;: {
        &quot;Precincts&quot;: &quot;Hatfield (Phase 3)&quot;,
        &quot;Quickbase_Status&quot;: &quot;Planned&quot;,
        &quot;QBRecordID&quot;: 0,
        &quot;Third_Party_Dependant_For_Conne&quot;: null,
        &quot;Latitude&quot;: -25.74175421,
        &quot;Longitude&quot;: 28.24119065
      }
    },
    {
      &quot;attributes&quot;: {
        &quot;Precincts&quot;: &quot;Hatfield (Phase 3)&quot;,
        &quot;Quickbase_Status&quot;: &quot;Planned&quot;,
        &quot;QBRecordID&quot;: 0,
        &quot;Third_Party_Dependant_For_Conne&quot;: null,
        &quot;Latitude&quot;: -25.74166321,
        &quot;Longitude&quot;: 28.24130158
      }
    },
    {
      &quot;attributes&quot;: {
        &quot;Precincts&quot;: &quot;Brooklyn&quot;,
        &quot;Quickbase_Status&quot;: &quot;Planned&quot;,
        &quot;QBRecordID&quot;: 0,
        &quot;Third_Party_Dependant_For_Conne&quot;: null,
        &quot;Latitude&quot;: -25.77214415,
        &quot;Longitude&quot;: 28.23668661
      }
    },
    {
      &quot;attributes&quot;: {
        &quot;Precincts&quot;: &quot;Brooklyn&quot;,
        &quot;Quickbase_Status&quot;: &quot;Planned&quot;,
        &quot;QBRecordID&quot;: 0,
        &quot;Third_Party_Dependant_For_Conne&quot;: null,
        &quot;Latitude&quot;: -25.77150594,
        &quot;Longitude&quot;: 28.23654135
      }
    },
    {
      &quot;attributes&quot;: {
        &quot;Precincts&quot;: &quot;Brooklyn&quot;,
        &quot;Quickbase_Status&quot;: &quot;Planned&quot;,
        &quot;QBRecordID&quot;: 0,
        &quot;Third_Party_Dependant_For_Conne&quot;: null,
        &quot;Latitude&quot;: -25.77142713,
        &quot;Longitude&quot;: 28.23665404
      }
    },
    {
      &quot;attributes&quot;: {
        &quot;Precincts&quot;: &quot;Brooklyn&quot;,
        &quot;Quickbase_Status&quot;: &quot;Planned&quot;,
        &quot;QBRecordID&quot;: 0,
        &quot;Third_Party_Dependant_For_Conne&quot;: null,
        &quot;Latitude&quot;: -25.76991606,
        &quot;Longitude&quot;: 28.23440668
      }
    },
    {
      &quot;attributes&quot;: {
        &quot;Precincts&quot;: &quot;Brooklyn&quot;,
        &quot;Quickbase_Status&quot;: &quot;Planned&quot;,
        &quot;QBRecordID&quot;: 0,
        &quot;Third_Party_Dependant_For_Conne&quot;: null,
        &quot;Latitude&quot;: -25.76939383,
        &quot;Longitude&quot;: 28.23479702
      }
    },
    {
      &quot;attributes&quot;: {
        &quot;Precincts&quot;: &quot;Brooklyn&quot;,
        &quot;Quickbase_Status&quot;: &quot;Planned&quot;,
        &quot;QBRecordID&quot;: 0,
        &quot;Third_Party_Dependant_For_Conne&quot;: null,
        &quot;Latitude&quot;: -25.76942453,
        &quot;Longitude&quot;: 28.23485713
      }
    },
    {
      &quot;attributes&quot;: {
        &quot;Precincts&quot;: &quot;Brooklyn&quot;,
        &quot;Quickbase_Status&quot;: &quot;Planned&quot;,
        &quot;QBRecordID&quot;: 0,
        &quot;Third_Party_Dependant_For_Conne&quot;: null,
        &quot;Latitude&quot;: -25.76932248,
        &quot;Longitude&quot;: 28.23479365
      }
    },
    {
      &quot;attributes&quot;: {
        &quot;Precincts&quot;: &quot;Brooklyn&quot;,
        &quot;Quickbase_Status&quot;: &quot;Planned&quot;,
        &quot;QBRecordID&quot;: 0,
        &quot;Third_Party_Dependant_For_Conne&quot;: null,
        &quot;Latitude&quot;: -25.76983096,
        &quot;Longitude&quot;: 28.23468121
      }
    },
    {
      &quot;attributes&quot;: {
        &quot;Precincts&quot;: &quot;Hatfield (Phase 3)&quot;,
        &quot;Quickbase_Status&quot;: &quot;Planned&quot;,
        &quot;QBRecordID&quot;: 0,
        &quot;Third_Party_Dependant_For_Conne&quot;: null,
        &quot;Latitude&quot;: -25.74360848,
        &quot;Longitude&quot;: 28.23914466
      }
    },
    {
      &quot;attributes&quot;: {
        &quot;Precincts&quot;: &quot;Ashley Gardens&quot;,
        &quot;Quickbase_Status&quot;: &quot;Planned&quot;,
        &quot;QBRecordID&quot;: 0,
        &quot;Third_Party_Dependant_For_Conne&quot;: null,
        &quot;Latitude&quot;: -25.78813779,
        &quot;Longitude&quot;: 28.26614047
      }
    },
    {
      &quot;attributes&quot;: {
        &quot;Precincts&quot;: &quot;Brooklyn&quot;,
        &quot;Quickbase_Status&quot;: &quot;Planned&quot;,
        &quot;QBRecordID&quot;: 0,
        &quot;Third_Party_Dependant_For_Conne&quot;: null,
        &quot;Latitude&quot;: -25.76929128,
        &quot;Longitude&quot;: 28.23507527
      }
    },
    {
      &quot;attributes&quot;: {
        &quot;Precincts&quot;: &quot;Persequor Park&quot;,
        &quot;Quickbase_Status&quot;: &quot;Planned&quot;,
        &quot;QBRecordID&quot;: 0,
        &quot;Third_Party_Dependant_For_Conne&quot;: null,
        &quot;Latitude&quot;: -25.73877278,
        &quot;Longitude&quot;: 28.2723138
      }
    },
    {
      &quot;attributes&quot;: {
        &quot;Precincts&quot;: &quot;Persequor Park&quot;,
        &quot;Quickbase_Status&quot;: &quot;Planned&quot;,
        &quot;QBRecordID&quot;: 0,
        &quot;Third_Party_Dependant_For_Conne&quot;: null,
        &quot;Latitude&quot;: -25.73266026,
        &quot;Longitude&quot;: 28.27194095
      }
    },
    {
      &quot;attributes&quot;: {
        &quot;Precincts&quot;: &quot;Persequor Park&quot;,
        &quot;Quickbase_Status&quot;: &quot;Planned&quot;,
        &quot;QBRecordID&quot;: 0,
        &quot;Third_Party_Dependant_For_Conne&quot;: null,
        &quot;Latitude&quot;: -25.73397045,
        &quot;Longitude&quot;: 28.26794819
      }
    },
    {
      &quot;attributes&quot;: {
        &quot;Precincts&quot;: &quot;Persequor Park&quot;,
        &quot;Quickbase_Status&quot;: &quot;Planned&quot;,
        &quot;QBRecordID&quot;: 0,
        &quot;Third_Party_Dependant_For_Conne&quot;: null,
        &quot;Latitude&quot;: -25.73325033,
        &quot;Longitude&quot;: 28.26796073
      }
    },
    {
      &quot;attributes&quot;: {
        &quot;Precincts&quot;: &quot;Persequor Park&quot;,
        &quot;Quickbase_Status&quot;: &quot;Planned&quot;,
        &quot;QBRecordID&quot;: 0,
        &quot;Third_Party_Dependant_For_Conne&quot;: null,
        &quot;Latitude&quot;: -25.73629863,
        &quot;Longitude&quot;: 28.27002342
      }
    },
    {
      &quot;attributes&quot;: {
        &quot;Precincts&quot;: &quot;Persequor Park&quot;,
        &quot;Quickbase_Status&quot;: &quot;Planned&quot;,
        &quot;QBRecordID&quot;: 0,
        &quot;Third_Party_Dependant_For_Conne&quot;: null,
        &quot;Latitude&quot;: -25.73636167,
        &quot;Longitude&quot;: 28.26886908
      }
    },
    {
      &quot;attributes&quot;: {
        &quot;Precincts&quot;: &quot;Persequor Park&quot;,
        &quot;Quickbase_Status&quot;: &quot;Planned&quot;,
        &quot;QBRecordID&quot;: 0,
        &quot;Third_Party_Dependant_For_Conne&quot;: null,
        &quot;Latitude&quot;: -25.73587523,
        &quot;Longitude&quot;: 28.270209
      }
    },
    {
      &quot;attributes&quot;: {
        &quot;Precincts&quot;: &quot;Persequor Park&quot;,
        &quot;Quickbase_Status&quot;: &quot;Planned&quot;,
        &quot;QBRecordID&quot;: 0,
        &quot;Third_Party_Dependant_For_Conne&quot;: null,
        &quot;Latitude&quot;: -25.73596156,
        &quot;Longitude&quot;: 28.27048431
      }
    },
    {
      &quot;attributes&quot;: {
        &quot;Precincts&quot;: &quot;Persequor Park&quot;,
        &quot;Quickbase_Status&quot;: &quot;Planned&quot;,
        &quot;QBRecordID&quot;: 0,
        &quot;Third_Party_Dependant_For_Conne&quot;: null,
        &quot;Latitude&quot;: -25.73618877,
        &quot;Longitude&quot;: 28.26826732
      }
    },
    {
      &quot;attributes&quot;: {
        &quot;Precincts&quot;: &quot;Persequor Park&quot;,
        &quot;Quickbase_Status&quot;: &quot;Planned&quot;,
        &quot;QBRecordID&quot;: 0,
        &quot;Third_Party_Dependant_For_Conne&quot;: null,
        &quot;Latitude&quot;: -25.73606926,
        &quot;Longitude&quot;: 28.2679971
      }
    },
    {
      &quot;attributes&quot;: {
        &quot;Precincts&quot;: &quot;Persequor Park&quot;,
        &quot;Quickbase_Status&quot;: &quot;Planned&quot;,
        &quot;QBRecordID&quot;: 0,
        &quot;Third_Party_Dependant_For_Conne&quot;: null,
        &quot;Latitude&quot;: -25.73593643,
        &quot;Longitude&quot;: 28.2684185
      }
    },
    {
      &quot;attributes&quot;: {
        &quot;Precincts&quot;: &quot;Persequor Park&quot;,
        &quot;Quickbase_Status&quot;: &quot;Planned&quot;,
        &quot;QBRecordID&quot;: 0,
        &quot;Third_Party_Dependant_For_Conne&quot;: null,
        &quot;Latitude&quot;: -25.73581908,
        &quot;Longitude&quot;: 28.26980662
      }
    },
    {
      &quot;attributes&quot;: {
        &quot;Precincts&quot;: &quot;Persequor Park&quot;,
        &quot;Quickbase_Status&quot;: &quot;Planned&quot;,
        &quot;QBRecordID&quot;: 0,
        &quot;Third_Party_Dependant_For_Conne&quot;: null,
        &quot;Latitude&quot;: -25.73599276,
        &quot;Longitude&quot;: 28.27090086
      }
    },
    {
      &quot;attributes&quot;: {
        &quot;Precincts&quot;: &quot;Persequor Park&quot;,
        &quot;Quickbase_Status&quot;: &quot;Planned&quot;,
        &quot;QBRecordID&quot;: 0,
        &quot;Third_Party_Dependant_For_Conne&quot;: null,
        &quot;Latitude&quot;: -25.73575904,
        &quot;Longitude&quot;: 28.26990162
      }
    },
    {
      &quot;attributes&quot;: {
        &quot;Precincts&quot;: &quot;Persequor Park&quot;,
        &quot;Quickbase_Status&quot;: &quot;Planned&quot;,
        &quot;QBRecordID&quot;: 0,
        &quot;Third_Party_Dependant_For_Conne&quot;: null,
        &quot;Latitude&quot;: -25.73586121,
        &quot;Longitude&quot;: 28.26969885
      }
    },
    {
      &quot;attributes&quot;: {
        &quot;Precincts&quot;: &quot;Persequor Park&quot;,
        &quot;Quickbase_Status&quot;: &quot;Planned&quot;,
        &quot;QBRecordID&quot;: 0,
        &quot;Third_Party_Dependant_For_Conne&quot;: null,
        &quot;Latitude&quot;: -25.73315656,
        &quot;Longitude&quot;: 28.26619791
      }
    },
    {
      &quot;attributes&quot;: {
        &quot;Precincts&quot;: &quot;Persequor Park&quot;,
        &quot;Quickbase_Status&quot;: &quot;Planned&quot;,
        &quot;QBRecordID&quot;: 0,
        &quot;Third_Party_Dependant_For_Conne&quot;: null,
        &quot;Latitude&quot;: -25.73321039,
        &quot;Longitude&quot;: 28.26640519
      }
    },
    {
      &quot;attributes&quot;: {
        &quot;Precincts&quot;: &quot;Persequor Park&quot;,
        &quot;Quickbase_Status&quot;: &quot;Planned&quot;,
        &quot;QBRecordID&quot;: 0,
        &quot;Third_Party_Dependant_For_Conne&quot;: null,
        &quot;Latitude&quot;: -25.73232547,
        &quot;Longitude&quot;: 28.26667932
      }
    },
    {
      &quot;attributes&quot;: {
        &quot;Precincts&quot;: &quot;Persequor Park&quot;,
        &quot;Quickbase_Status&quot;: &quot;Planned&quot;,
        &quot;QBRecordID&quot;: 0,
        &quot;Third_Party_Dependant_For_Conne&quot;: null,
        &quot;Latitude&quot;: -25.73250822,
        &quot;Longitude&quot;: 28.26675486
      }
    },
    {
      &quot;attributes&quot;: {
        &quot;Precincts&quot;: &quot;Persequor Park&quot;,
        &quot;Quickbase_Status&quot;: &quot;Planned&quot;,
        &quot;QBRecordID&quot;: 0,
        &quot;Third_Party_Dependant_For_Conne&quot;: null,
        &quot;Latitude&quot;: -25.73271834,
        &quot;Longitude&quot;: 28.26688715
      }
    },
    {
      &quot;attributes&quot;: {
        &quot;Precincts&quot;: &quot;Persequor Park&quot;,
        &quot;Quickbase_Status&quot;: &quot;Planned&quot;,
        &quot;QBRecordID&quot;: 0,
        &quot;Third_Party_Dependant_For_Conne&quot;: null,
        &quot;Latitude&quot;: -25.73273723,
        &quot;Longitude&quot;: 28.26662314
      }
    },
    {
      &quot;attributes&quot;: {
        &quot;Precincts&quot;: &quot;Persequor Park&quot;,
        &quot;Quickbase_Status&quot;: &quot;Planned&quot;,
        &quot;QBRecordID&quot;: 0,
        &quot;Third_Party_Dependant_For_Conne&quot;: null,
        &quot;Latitude&quot;: -25.7328905,
        &quot;Longitude&quot;: 28.26643218
      }
    },
    {
      &quot;attributes&quot;: {
        &quot;Precincts&quot;: &quot;Persequor Park&quot;,
        &quot;Quickbase_Status&quot;: &quot;Planned&quot;,
        &quot;QBRecordID&quot;: 0,
        &quot;Third_Party_Dependant_For_Conne&quot;: null,
        &quot;Latitude&quot;: -25.73316113,
        &quot;Longitude&quot;: 28.26715944
      }
    },
    {
      &quot;attributes&quot;: {
        &quot;Precincts&quot;: &quot;Persequor Park&quot;,
        &quot;Quickbase_Status&quot;: &quot;Planned&quot;,
        &quot;QBRecordID&quot;: 0,
        &quot;Third_Party_Dependant_For_Conne&quot;: null,
        &quot;Latitude&quot;: -25.73216258,
        &quot;Longitude&quot;: 28.26693916
      }
    },
    {
      &quot;attributes&quot;: {
        &quot;Precincts&quot;: &quot;Persequor Park&quot;,
        &quot;Quickbase_Status&quot;: &quot;Planned&quot;,
        &quot;QBRecordID&quot;: 0,
        &quot;Third_Party_Dependant_For_Conne&quot;: null,
        &quot;Latitude&quot;: -25.73202199,
        &quot;Longitude&quot;: 28.26709107
      }
    },
    {
      &quot;attributes&quot;: {
        &quot;Precincts&quot;: &quot;Persequor Park&quot;,
        &quot;Quickbase_Status&quot;: &quot;Planned&quot;,
        &quot;QBRecordID&quot;: 0,
        &quot;Third_Party_Dependant_For_Conne&quot;: null,
        &quot;Latitude&quot;: -25.73332957,
        &quot;Longitude&quot;: 28.26655185
      }
    },
    {
      &quot;attributes&quot;: {
        &quot;Precincts&quot;: &quot;Persequor Park&quot;,
        &quot;Quickbase_Status&quot;: &quot;Planned&quot;,
        &quot;QBRecordID&quot;: 0,
        &quot;Third_Party_Dependant_For_Conne&quot;: null,
        &quot;Latitude&quot;: -25.73335709,
        &quot;Longitude&quot;: 28.26678797
      }
    },
    {
      &quot;attributes&quot;: {
        &quot;Precincts&quot;: &quot;Persequor Park&quot;,
        &quot;Quickbase_Status&quot;: &quot;Planned&quot;,
        &quot;QBRecordID&quot;: 0,
        &quot;Third_Party_Dependant_For_Conne&quot;: null,
        &quot;Latitude&quot;: -25.7327291,
        &quot;Longitude&quot;: 28.26732305
      }
    },
    {
      &quot;attributes&quot;: {
        &quot;Precincts&quot;: &quot;Persequor Park&quot;,
        &quot;Quickbase_Status&quot;: &quot;Planned&quot;,
        &quot;QBRecordID&quot;: 0,
        &quot;Third_Party_Dependant_For_Conne&quot;: null,
        &quot;Latitude&quot;: -25.73296289,
        &quot;Longitude&quot;: 28.26768917
      }
    },
    {
      &quot;attributes&quot;: {
        &quot;Precincts&quot;: &quot;Persequor Park&quot;,
        &quot;Quickbase_Status&quot;: &quot;Planned&quot;,
        &quot;QBRecordID&quot;: 0,
        &quot;Third_Party_Dependant_For_Conne&quot;: null,
        &quot;Latitude&quot;: -25.73272996,
        &quot;Longitude&quot;: 28.26753704
      }
    },
    {
      &quot;attributes&quot;: {
        &quot;Precincts&quot;: &quot;Persequor Park&quot;,
        &quot;Quickbase_Status&quot;: &quot;Planned&quot;,
        &quot;QBRecordID&quot;: 0,
        &quot;Third_Party_Dependant_For_Conne&quot;: null,
        &quot;Latitude&quot;: -25.73312351,
        &quot;Longitude&quot;: 28.26737162
      }
    },
    {
      &quot;attributes&quot;: {
        &quot;Precincts&quot;: &quot;Persequor Park&quot;,
        &quot;Quickbase_Status&quot;: &quot;Planned&quot;,
        &quot;QBRecordID&quot;: 0,
        &quot;Third_Party_Dependant_For_Conne&quot;: null,
        &quot;Latitude&quot;: -25.73223057,
        &quot;Longitude&quot;: 28.267573
      }
    },
    {
      &quot;attributes&quot;: {
        &quot;Precincts&quot;: &quot;Persequor Park&quot;,
        &quot;Quickbase_Status&quot;: &quot;Planned&quot;,
        &quot;QBRecordID&quot;: 0,
        &quot;Third_Party_Dependant_For_Conne&quot;: null,
        &quot;Latitude&quot;: -25.73227302,
        &quot;Longitude&quot;: 28.2677203
      }
    },
    {
      &quot;attributes&quot;: {
        &quot;Precincts&quot;: &quot;Persequor Park&quot;,
        &quot;Quickbase_Status&quot;: &quot;Planned&quot;,
        &quot;QBRecordID&quot;: 0,
        &quot;Third_Party_Dependant_For_Conne&quot;: null,
        &quot;Latitude&quot;: -25.73236079,
        &quot;Longitude&quot;: 28.2679952
      }
    },
    {
      &quot;attributes&quot;: {
        &quot;Precincts&quot;: &quot;Persequor Park&quot;,
        &quot;Quickbase_Status&quot;: &quot;Planned&quot;,
        &quot;QBRecordID&quot;: 0,
        &quot;Third_Party_Dependant_For_Conne&quot;: null,
        &quot;Latitude&quot;: -25.73223536,
        &quot;Longitude&quot;: 28.26784903
      }
    },
    {
      &quot;attributes&quot;: {
        &quot;Precincts&quot;: &quot;Persequor Park&quot;,
        &quot;Quickbase_Status&quot;: &quot;Planned&quot;,
        &quot;QBRecordID&quot;: 0,
        &quot;Third_Party_Dependant_For_Conne&quot;: null,
        &quot;Latitude&quot;: -25.7333045,
        &quot;Longitude&quot;: 28.26769135
      }
    },
    {
      &quot;attributes&quot;: {
        &quot;Precincts&quot;: &quot;Persequor Park&quot;,
        &quot;Quickbase_Status&quot;: &quot;Planned&quot;,
        &quot;QBRecordID&quot;: 0,
        &quot;Third_Party_Dependant_For_Conne&quot;: null,
        &quot;Latitude&quot;: -25.73310972,
        &quot;Longitude&quot;: 28.26797643
      }
    },
    {
      &quot;attributes&quot;: {
        &quot;Precincts&quot;: &quot;Persequor Park&quot;,
        &quot;Quickbase_Status&quot;: &quot;Planned&quot;,
        &quot;QBRecordID&quot;: 0,
        &quot;Third_Party_Dependant_For_Conne&quot;: null,
        &quot;Latitude&quot;: -25.73304054,
        &quot;Longitude&quot;: 28.26677415
      }
    },
    {
      &quot;attributes&quot;: {
        &quot;Precincts&quot;: &quot;Persequor Park&quot;,
        &quot;Quickbase_Status&quot;: &quot;Planned&quot;,
        &quot;QBRecordID&quot;: 0,
        &quot;Third_Party_Dependant_For_Conne&quot;: null,
        &quot;Latitude&quot;: -25.73281067,
        &quot;Longitude&quot;: 28.26837409
      }
    },
    {
      &quot;attributes&quot;: {
        &quot;Precincts&quot;: &quot;Ingersol&quot;,
        &quot;Quickbase_Status&quot;: &quot;Planned&quot;,
        &quot;QBRecordID&quot;: 0,
        &quot;Third_Party_Dependant_For_Conne&quot;: null,
        &quot;Latitude&quot;: -25.78172804,
        &quot;Longitude&quot;: 28.27190589
      }
    },
    {
      &quot;attributes&quot;: {
        &quot;Precincts&quot;: &quot;Ingersol&quot;,
        &quot;Quickbase_Status&quot;: &quot;Planned&quot;,
        &quot;QBRecordID&quot;: 0,
        &quot;Third_Party_Dependant_For_Conne&quot;: null,
        &quot;Latitude&quot;: -25.78212979,
        &quot;Longitude&quot;: 28.27180548
      }
    },
    {
      &quot;attributes&quot;: {
        &quot;Precincts&quot;: &quot;Ingersol&quot;,
        &quot;Quickbase_Status&quot;: &quot;Planned&quot;,
        &quot;QBRecordID&quot;: 0,
        &quot;Third_Party_Dependant_For_Conne&quot;: null,
        &quot;Latitude&quot;: -25.78075172,
        &quot;Longitude&quot;: 28.27371517
      }
    },
    {
      &quot;attributes&quot;: {
        &quot;Precincts&quot;: &quot;Ingersol&quot;,
        &quot;Quickbase_Status&quot;: &quot;Planned&quot;,
        &quot;QBRecordID&quot;: 0,
        &quot;Third_Party_Dependant_For_Conne&quot;: null,
        &quot;Latitude&quot;: -25.7807539,
        &quot;Longitude&quot;: 28.27296683
      }
    },
    {
      &quot;attributes&quot;: {
        &quot;Precincts&quot;: &quot;Highveld Technopark&quot;,
        &quot;Quickbase_Status&quot;: &quot;Planned&quot;,
        &quot;QBRecordID&quot;: 0,
        &quot;Third_Party_Dependant_For_Conne&quot;: null,
        &quot;Latitude&quot;: -25.87883359,
        &quot;Longitude&quot;: 28.18577506
      }
    },
    {
      &quot;attributes&quot;: {
        &quot;Precincts&quot;: &quot;Highveld Technopark&quot;,
        &quot;Quickbase_Status&quot;: &quot;Planned&quot;,
        &quot;QBRecordID&quot;: 0,
        &quot;Third_Party_Dependant_For_Conne&quot;: null,
        &quot;Latitude&quot;: -25.87874921,
        &quot;Longitude&quot;: 28.18556541
      }
    },
    {
      &quot;attributes&quot;: {
        &quot;Precincts&quot;: &quot;Highveld Technopark&quot;,
        &quot;Quickbase_Status&quot;: &quot;Planned&quot;,
        &quot;QBRecordID&quot;: 0,
        &quot;Third_Party_Dependant_For_Conne&quot;: null,
        &quot;Latitude&quot;: -25.87752497,
        &quot;Longitude&quot;: 28.18433816
      }
    },
    {
      &quot;attributes&quot;: {
        &quot;Precincts&quot;: &quot;Highveld Technopark&quot;,
        &quot;Quickbase_Status&quot;: &quot;Planned&quot;,
        &quot;QBRecordID&quot;: 0,
        &quot;Third_Party_Dependant_For_Conne&quot;: null,
        &quot;Latitude&quot;: -25.87750318,
        &quot;Longitude&quot;: 28.18479664
      }
    },
    {
      &quot;attributes&quot;: {
        &quot;Precincts&quot;: &quot;Highveld Technopark&quot;,
        &quot;Quickbase_Status&quot;: &quot;Planned&quot;,
        &quot;QBRecordID&quot;: 0,
        &quot;Third_Party_Dependant_For_Conne&quot;: null,
        &quot;Latitude&quot;: -25.8782458,
        &quot;Longitude&quot;: 28.18616234
      }
    },
    {
      &quot;attributes&quot;: {
        &quot;Precincts&quot;: &quot;Highveld Technopark&quot;,
        &quot;Quickbase_Status&quot;: &quot;Planned&quot;,
        &quot;QBRecordID&quot;: 0,
        &quot;Third_Party_Dependant_For_Conne&quot;: null,
        &quot;Latitude&quot;: -25.87836436,
        &quot;Longitude&quot;: 28.18589436
      }
    },
    {
      &quot;attributes&quot;: {
        &quot;Precincts&quot;: &quot;James Crescent&quot;,
        &quot;Quickbase_Status&quot;: &quot;Planned&quot;,
        &quot;QBRecordID&quot;: 0,
        &quot;Third_Party_Dependant_For_Conne&quot;: null,
        &quot;Latitude&quot;: -26.00220242,
        &quot;Longitude&quot;: 28.12512661
      }
    },
    {
      &quot;attributes&quot;: {
        &quot;Precincts&quot;: &quot;Richards Drive&quot;,
        &quot;Quickbase_Status&quot;: &quot;Planned&quot;,
        &quot;QBRecordID&quot;: 0,
        &quot;Third_Party_Dependant_For_Conne&quot;: null,
        &quot;Latitude&quot;: -26.01240758,
        &quot;Longitude&quot;: 28.12161305
      }
    },
    {
      &quot;attributes&quot;: {
        &quot;Precincts&quot;: &quot;Richards Drive&quot;,
        &quot;Quickbase_Status&quot;: &quot;Planned&quot;,
        &quot;QBRecordID&quot;: 0,
        &quot;Third_Party_Dependant_For_Conne&quot;: null,
        &quot;Latitude&quot;: -26.01492502,
        &quot;Longitude&quot;: 28.11977089
      }
    },
    {
      &quot;attributes&quot;: {
        &quot;Precincts&quot;: &quot;Richards Drive&quot;,
        &quot;Quickbase_Status&quot;: &quot;Planned&quot;,
        &quot;QBRecordID&quot;: 0,
        &quot;Third_Party_Dependant_For_Conne&quot;: null,
        &quot;Latitude&quot;: -26.01625779,
        &quot;Longitude&quot;: 28.11896132
      }
    },
    {
      &quot;attributes&quot;: {
        &quot;Precincts&quot;: &quot;Richards Drive&quot;,
        &quot;Quickbase_Status&quot;: &quot;Planned&quot;,
        &quot;QBRecordID&quot;: 0,
        &quot;Third_Party_Dependant_For_Conne&quot;: null,
        &quot;Latitude&quot;: -26.01473204,
        &quot;Longitude&quot;: 28.11917145
      }
    },
    {
      &quot;attributes&quot;: {
        &quot;Precincts&quot;: &quot;Richards Drive&quot;,
        &quot;Quickbase_Status&quot;: &quot;Planned&quot;,
        &quot;QBRecordID&quot;: 0,
        &quot;Third_Party_Dependant_For_Conne&quot;: null,
        &quot;Latitude&quot;: -26.01475955,
        &quot;Longitude&quot;: 28.11935483
      }
    },
    {
      &quot;attributes&quot;: {
        &quot;Precincts&quot;: &quot;Richards Drive&quot;,
        &quot;Quickbase_Status&quot;: &quot;Planned&quot;,
        &quot;QBRecordID&quot;: 0,
        &quot;Third_Party_Dependant_For_Conne&quot;: null,
        &quot;Latitude&quot;: -26.0148974,
        &quot;Longitude&quot;: 28.11952958
      }
    },
    {
      &quot;attributes&quot;: {
        &quot;Precincts&quot;: &quot;Capital Hill&quot;,
        &quot;Quickbase_Status&quot;: &quot;Planned&quot;,
        &quot;QBRecordID&quot;: 0,
        &quot;Third_Party_Dependant_For_Conne&quot;: null,
        &quot;Latitude&quot;: -26.01249967,
        &quot;Longitude&quot;: 28.12642547
      }
    },
    {
      &quot;attributes&quot;: {
        &quot;Precincts&quot;: &quot;Capital Hill&quot;,
        &quot;Quickbase_Status&quot;: &quot;Planned&quot;,
        &quot;QBRecordID&quot;: 0,
        &quot;Third_Party_Dependant_For_Conne&quot;: null,
        &quot;Latitude&quot;: -26.00750783,
        &quot;Longitude&quot;: 28.13097417
      }
    },
    {
      &quot;attributes&quot;: {
        &quot;Precincts&quot;: &quot;Capital Hill&quot;,
        &quot;Quickbase_Status&quot;: &quot;Planned&quot;,
        &quot;QBRecordID&quot;: 0,
        &quot;Third_Party_Dependant_For_Conne&quot;: null,
        &quot;Latitude&quot;: -26.0075825,
        &quot;Longitude&quot;: 28.13013577
      }
    },
    {
      &quot;attributes&quot;: {
        &quot;Precincts&quot;: &quot;Capital Hill&quot;,
        &quot;Quickbase_Status&quot;: &quot;Planned&quot;,
        &quot;QBRecordID&quot;: 0,
        &quot;Third_Party_Dependant_For_Conne&quot;: null,
        &quot;Latitude&quot;: -26.00807458,
        &quot;Longitude&quot;: 28.13073264
      }
    },
    {
      &quot;attributes&quot;: {
        &quot;Precincts&quot;: &quot;Richards Drive&quot;,
        &quot;Quickbase_Status&quot;: &quot;Planned&quot;,
        &quot;QBRecordID&quot;: 0,
        &quot;Third_Party_Dependant_For_Conne&quot;: null,
        &quot;Latitude&quot;: -26.0150427,
        &quot;Longitude&quot;: 28.1201678
      }
    },
    {
      &quot;attributes&quot;: {
        &quot;Precincts&quot;: &quot;Capital Hill&quot;,
        &quot;Quickbase_Status&quot;: &quot;Planned&quot;,
        &quot;QBRecordID&quot;: 0,
        &quot;Third_Party_Dependant_For_Conne&quot;: null,
        &quot;Latitude&quot;: -26.00695557,
        &quot;Longitude&quot;: 28.13057505
      }
    },
    {
      &quot;attributes&quot;: {
        &quot;Precincts&quot;: &quot;Richards Drive&quot;,
        &quot;Quickbase_Status&quot;: &quot;Planned&quot;,
        &quot;QBRecordID&quot;: 0,
        &quot;Third_Party_Dependant_For_Conne&quot;: null,
        &quot;Latitude&quot;: -26.01241693,
        &quot;Longitude&quot;: 28.12279866
      }
    },
    {
      &quot;attributes&quot;: {
        &quot;Precincts&quot;: &quot;Witch-Hazel&quot;,
        &quot;Quickbase_Status&quot;: &quot;Planned&quot;,
        &quot;QBRecordID&quot;: 0,
        &quot;Third_Party_Dependant_For_Conne&quot;: null,
        &quot;Latitude&quot;: -25.87468721,
        &quot;Longitude&quot;: 28.1804503
      }
    },
    {
      &quot;attributes&quot;: {
        &quot;Precincts&quot;: &quot;Witch-Hazel&quot;,
        &quot;Quickbase_Status&quot;: &quot;Planned&quot;,
        &quot;QBRecordID&quot;: 0,
        &quot;Third_Party_Dependant_For_Conne&quot;: null,
        &quot;Latitude&quot;: -25.87348689,
        &quot;Longitude&quot;: 28.18222236
      }
    },
    {
      &quot;attributes&quot;: {
        &quot;Precincts&quot;: &quot;Witch-Hazel&quot;,
        &quot;Quickbase_Status&quot;: &quot;Planned&quot;,
        &quot;QBRecordID&quot;: 0,
        &quot;Third_Party_Dependant_For_Conne&quot;: null,
        &quot;Latitude&quot;: -25.87340596,
        &quot;Longitude&quot;: 28.18196064
      }
    },
    {
      &quot;attributes&quot;: {
        &quot;Precincts&quot;: &quot;Centurion Gautrain Station&quot;,
        &quot;Quickbase_Status&quot;: &quot;Planned&quot;,
        &quot;QBRecordID&quot;: 0,
        &quot;Third_Party_Dependant_For_Conne&quot;: null,
        &quot;Latitude&quot;: -25.84923931,
        &quot;Longitude&quot;: 28.18856522
      }
    },
    {
      &quot;attributes&quot;: {
        &quot;Precincts&quot;: &quot;Waterfall Office Park&quot;,
        &quot;Quickbase_Status&quot;: &quot;Planned&quot;,
        &quot;QBRecordID&quot;: 92439,
        &quot;Third_Party_Dependant_For_Conne&quot;: null,
        &quot;Latitude&quot;: -26.01063393,
        &quot;Longitude&quot;: 28.1139616
      }
    },
    {
      &quot;attributes&quot;: {
        &quot;Precincts&quot;: &quot;CPT CBD Phase 01&quot;,
        &quot;Quickbase_Status&quot;: &quot;Planned&quot;,
        &quot;QBRecordID&quot;: 3826,
        &quot;Third_Party_Dependant_For_Conne&quot;: null,
        &quot;Latitude&quot;: -33.91920232,
        &quot;Longitude&quot;: 18.42530376
      }
    },
    {
      &quot;attributes&quot;: {
        &quot;Precincts&quot;: &quot;Central Street&quot;,
        &quot;Quickbase_Status&quot;: &quot;Planned&quot;,
        &quot;QBRecordID&quot;: 836,
        &quot;Third_Party_Dependant_For_Conne&quot;: null,
        &quot;Latitude&quot;: -26.15973477,
        &quot;Longitude&quot;: 28.05801581
      }
    },
    {
      &quot;attributes&quot;: {
        &quot;Precincts&quot;: &quot;Arden Grove&quot;,
        &quot;Quickbase_Status&quot;: &quot;Planned&quot;,
        &quot;QBRecordID&quot;: 3540,
        &quot;Third_Party_Dependant_For_Conne&quot;: null,
        &quot;Latitude&quot;: -33.8622594,
        &quot;Longitude&quot;: 18.51380711
      }
    },
    {
      &quot;attributes&quot;: {
        &quot;Precincts&quot;: &quot;Arden Grove&quot;,
        &quot;Quickbase_Status&quot;: &quot;Planned&quot;,
        &quot;QBRecordID&quot;: 4050,
        &quot;Third_Party_Dependant_For_Conne&quot;: null,
        &quot;Latitude&quot;: -33.86813658,
        &quot;Longitude&quot;: 18.51295824
      }
    },
    {
      &quot;attributes&quot;: {
        &quot;Precincts&quot;: &quot;Richards Drive&quot;,
        &quot;Quickbase_Status&quot;: &quot;Planned&quot;,
        &quot;QBRecordID&quot;: 2988,
        &quot;Third_Party_Dependant_For_Conne&quot;: null,
        &quot;Latitude&quot;: -26.01214016,
        &quot;Longitude&quot;: 28.12240363
      }
    },
    {
      &quot;attributes&quot;: {
        &quot;Precincts&quot;: &quot;Route 21 Office Park&quot;,
        &quot;Quickbase_Status&quot;: &quot;Planned&quot;,
        &quot;QBRecordID&quot;: 3931,
        &quot;Third_Party_Dependant_For_Conne&quot;: null,
        &quot;Latitude&quot;: -25.8622775,
        &quot;Longitude&quot;: 28.25608028
      }
    },
    {
      &quot;attributes&quot;: {
        &quot;Precincts&quot;: &quot;Sandton Phase 2&quot;,
        &quot;Quickbase_Status&quot;: &quot;Planned&quot;,
        &quot;QBRecordID&quot;: 2960,
        &quot;Third_Party_Dependant_For_Conne&quot;: null,
        &quot;Latitude&quot;: -26.10470637,
        &quot;Longitude&quot;: 28.05277062
      }
    },
    {
      &quot;attributes&quot;: {
        &quot;Precincts&quot;: &quot;Sandton Phase 2&quot;,
        &quot;Quickbase_Status&quot;: &quot;Planned&quot;,
        &quot;QBRecordID&quot;: 2951,
        &quot;Third_Party_Dependant_For_Conne&quot;: null,
        &quot;Latitude&quot;: -26.10514129,
        &quot;Longitude&quot;: 28.05405698
      }
    },
    {
      &quot;attributes&quot;: {
        &quot;Precincts&quot;: &quot;Rosebank Phase 1&quot;,
        &quot;Quickbase_Status&quot;: &quot;Planned&quot;,
        &quot;QBRecordID&quot;: 3987,
        &quot;Third_Party_Dependant_For_Conne&quot;: null,
        &quot;Latitude&quot;: -26.14537725,
        &quot;Longitude&quot;: 28.03836958
      }
    },
    {
      &quot;attributes&quot;: {
        &quot;Precincts&quot;: &quot;Rosebank Phase 2&quot;,
        &quot;Quickbase_Status&quot;: &quot;Planned&quot;,
        &quot;QBRecordID&quot;: 3512,
        &quot;Third_Party_Dependant_For_Conne&quot;: null,
        &quot;Latitude&quot;: -26.1487962,
        &quot;Longitude&quot;: 28.04009483
      }
    },
    {
      &quot;attributes&quot;: {
        &quot;Precincts&quot;: &quot;CPT CBD Phase 02&quot;,
        &quot;Quickbase_Status&quot;: &quot;Planned&quot;,
        &quot;QBRecordID&quot;: 3840,
        &quot;Third_Party_Dependant_For_Conne&quot;: null,
        &quot;Latitude&quot;: -33.92258874,
        &quot;Longitude&quot;: 18.43327179
      }
    },
    {
      &quot;attributes&quot;: {
        &quot;Precincts&quot;: &quot;CPT CBD Phase 01&quot;,
        &quot;Quickbase_Status&quot;: &quot;Planned&quot;,
        &quot;QBRecordID&quot;: 3068,
        &quot;Third_Party_Dependant_For_Conne&quot;: null,
        &quot;Latitude&quot;: -33.91829549,
        &quot;Longitude&quot;: 18.42492915
      }
    },
    {
      &quot;attributes&quot;: {
        &quot;Precincts&quot;: &quot;Bryanston Extension&quot;,
        &quot;Quickbase_Status&quot;: &quot;Planned&quot;,
        &quot;QBRecordID&quot;: 2268,
        &quot;Third_Party_Dependant_For_Conne&quot;: null,
        &quot;Latitude&quot;: -26.05029784,
        &quot;Longitude&quot;: 28.02062398
      }
    },
    {
      &quot;attributes&quot;: {
        &quot;Precincts&quot;: &quot;Sandton Phase 1&quot;,
        &quot;Quickbase_Status&quot;: &quot;Planned&quot;,
        &quot;QBRecordID&quot;: 4162,
        &quot;Third_Party_Dependant_For_Conne&quot;: null,
        &quot;Latitude&quot;: -26.09910978,
        &quot;Longitude&quot;: 28.05290729
      }
    },
    {
      &quot;attributes&quot;: {
        &quot;Precincts&quot;: &quot;Bruma Lake&quot;,
        &quot;Quickbase_Status&quot;: &quot;Planned&quot;,
        &quot;QBRecordID&quot;: 982,
        &quot;Third_Party_Dependant_For_Conne&quot;: null,
        &quot;Latitude&quot;: -26.18041905,
        &quot;Longitude&quot;: 28.10561123
      }
    },
    {
      &quot;attributes&quot;: {
        &quot;Precincts&quot;: &quot;Bruma Lake&quot;,
        &quot;Quickbase_Status&quot;: &quot;Planned&quot;,
        &quot;QBRecordID&quot;: 976,
        &quot;Third_Party_Dependant_For_Conne&quot;: null,
        &quot;Latitude&quot;: -26.18229153,
        &quot;Longitude&quot;: 28.10583334
      }
    },
    {
      &quot;attributes&quot;: {
        &quot;Precincts&quot;: &quot;Charles Crescent&quot;,
        &quot;Quickbase_Status&quot;: &quot;Planned&quot;,
        &quot;QBRecordID&quot;: 949,
        &quot;Third_Party_Dependant_For_Conne&quot;: null,
        &quot;Latitude&quot;: -26.09288842,
        &quot;Longitude&quot;: 28.08315085
      }
    },
    {
      &quot;attributes&quot;: {
        &quot;Precincts&quot;: &quot;Arden Grove&quot;,
        &quot;Quickbase_Status&quot;: &quot;Planned&quot;,
        &quot;QBRecordID&quot;: 1627,
        &quot;Third_Party_Dependant_For_Conne&quot;: null,
        &quot;Latitude&quot;: -33.8632174,
        &quot;Longitude&quot;: 18.51223542
      }
    },
    {
      &quot;attributes&quot;: {
        &quot;Precincts&quot;: &quot;Arden Grove&quot;,
        &quot;Quickbase_Status&quot;: &quot;Planned&quot;,
        &quot;QBRecordID&quot;: 1585,
        &quot;Third_Party_Dependant_For_Conne&quot;: null,
        &quot;Latitude&quot;: -33.8627431,
        &quot;Longitude&quot;: 18.51173697
      }
    },
    {
      &quot;attributes&quot;: {
        &quot;Precincts&quot;: &quot;Arden Grove&quot;,
        &quot;Quickbase_Status&quot;: &quot;Planned&quot;,
        &quot;QBRecordID&quot;: 1569,
        &quot;Third_Party_Dependant_For_Conne&quot;: null,
        &quot;Latitude&quot;: -33.86448633,
        &quot;Longitude&quot;: 18.5124977
      }
    },
    {
      &quot;attributes&quot;: {
        &quot;Precincts&quot;: &quot;Arden Grove&quot;,
        &quot;Quickbase_Status&quot;: &quot;Planned&quot;,
        &quot;QBRecordID&quot;: 1599,
        &quot;Third_Party_Dependant_For_Conne&quot;: null,
        &quot;Latitude&quot;: -33.86811394,
        &quot;Longitude&quot;: 18.5103383
      }
    },
    {
      &quot;attributes&quot;: {
        &quot;Precincts&quot;: &quot;Umhlanga (Phase 3)&quot;,
        &quot;Quickbase_Status&quot;: &quot;Planned&quot;,
        &quot;QBRecordID&quot;: 2799,
        &quot;Third_Party_Dependant_For_Conne&quot;: null,
        &quot;Latitude&quot;: -29.74496663,
        &quot;Longitude&quot;: 31.06765808
      }
    },
    {
      &quot;attributes&quot;: {
        &quot;Precincts&quot;: &quot;Umhlanga (Phase 3)&quot;,
        &quot;Quickbase_Status&quot;: &quot;Planned&quot;,
        &quot;QBRecordID&quot;: 2776,
        &quot;Third_Party_Dependant_For_Conne&quot;: null,
        &quot;Latitude&quot;: -29.73625898,
        &quot;Longitude&quot;: 31.06940957
      }
    },
    {
      &quot;attributes&quot;: {
        &quot;Precincts&quot;: &quot;Sunninghill&quot;,
        &quot;Quickbase_Status&quot;: &quot;Planned&quot;,
        &quot;QBRecordID&quot;: 4094,
        &quot;Third_Party_Dependant_For_Conne&quot;: null,
        &quot;Latitude&quot;: -26.0354923,
        &quot;Longitude&quot;: 28.06594241
      }
    },
    {
      &quot;attributes&quot;: {
        &quot;Precincts&quot;: &quot;Katherine Extension&quot;,
        &quot;Quickbase_Status&quot;: &quot;Planned&quot;,
        &quot;QBRecordID&quot;: 1338,
        &quot;Third_Party_Dependant_For_Conne&quot;: null,
        &quot;Latitude&quot;: -26.10366242,
        &quot;Longitude&quot;: 28.0701964
      }
    },
    {
      &quot;attributes&quot;: {
        &quot;Precincts&quot;: &quot;Route 21 Office Park&quot;,
        &quot;Quickbase_Status&quot;: &quot;Planned&quot;,
        &quot;QBRecordID&quot;: 1950,
        &quot;Third_Party_Dependant_For_Conne&quot;: null,
        &quot;Latitude&quot;: -25.86280693,
        &quot;Longitude&quot;: 28.25831552
      }
    },
    {
      &quot;attributes&quot;: {
        &quot;Precincts&quot;: &quot;Route 21 Office Park&quot;,
        &quot;Quickbase_Status&quot;: &quot;Planned&quot;,
        &quot;QBRecordID&quot;: 2101,
        &quot;Third_Party_Dependant_For_Conne&quot;: null,
        &quot;Latitude&quot;: -25.86508062,
        &quot;Longitude&quot;: 28.25815987
      }
    },
    {
      &quot;attributes&quot;: {
        &quot;Precincts&quot;: &quot;Morningside&quot;,
        &quot;Quickbase_Status&quot;: &quot;Planned&quot;,
        &quot;QBRecordID&quot;: 1517,
        &quot;Third_Party_Dependant_For_Conne&quot;: null,
        &quot;Latitude&quot;: -26.07419425,
        &quot;Longitude&quot;: 28.06465364
      }
    },
    {
      &quot;attributes&quot;: {
        &quot;Precincts&quot;: &quot;Tygervalley&quot;,
        &quot;Quickbase_Status&quot;: &quot;Planned&quot;,
        &quot;QBRecordID&quot;: 2572,
        &quot;Third_Party_Dependant_For_Conne&quot;: null,
        &quot;Latitude&quot;: -33.8802619,
        &quot;Longitude&quot;: 18.63633976
      }
    },
    {
      &quot;attributes&quot;: {
        &quot;Precincts&quot;: &quot;Wierda Road&quot;,
        &quot;Quickbase_Status&quot;: &quot;Planned&quot;,
        &quot;QBRecordID&quot;: 351,
        &quot;Third_Party_Dependant_For_Conne&quot;: null,
        &quot;Latitude&quot;: -26.11308544,
        &quot;Longitude&quot;: 28.0581488
      }
    },
    {
      &quot;attributes&quot;: {
        &quot;Precincts&quot;: &quot;Sandton Phase 2&quot;,
        &quot;Quickbase_Status&quot;: &quot;Planned&quot;,
        &quot;QBRecordID&quot;: 3885,
        &quot;Third_Party_Dependant_For_Conne&quot;: null,
        &quot;Latitude&quot;: -26.10161087,
        &quot;Longitude&quot;: 28.04962331
      }
    },
    {
      &quot;attributes&quot;: {
        &quot;Precincts&quot;: &quot;Rosebank Phase 1&quot;,
        &quot;Quickbase_Status&quot;: &quot;Planned&quot;,
        &quot;QBRecordID&quot;: 3988,
        &quot;Third_Party_Dependant_For_Conne&quot;: null,
        &quot;Latitude&quot;: -26.14353828,
        &quot;Longitude&quot;: 28.03621627
      }
    },
    {
      &quot;attributes&quot;: {
        &quot;Precincts&quot;: &quot;Peter Place&quot;,
        &quot;Quickbase_Status&quot;: &quot;Planned&quot;,
        &quot;QBRecordID&quot;: 444,
        &quot;Third_Party_Dependant_For_Conne&quot;: null,
        &quot;Latitude&quot;: -26.07929253,
        &quot;Longitude&quot;: 28.01377378
      }
    },
    {
      &quot;attributes&quot;: {
        &quot;Precincts&quot;: &quot;Rosebank Phase 2&quot;,
        &quot;Quickbase_Status&quot;: &quot;Planned&quot;,
        &quot;QBRecordID&quot;: 3997,
        &quot;Third_Party_Dependant_For_Conne&quot;: null,
        &quot;Latitude&quot;: -26.14666126,
        &quot;Longitude&quot;: 28.03670068
      }
    },
    {
      &quot;attributes&quot;: {
        &quot;Precincts&quot;: &quot;Centurion Gautrain Station&quot;,
        &quot;Quickbase_Status&quot;: &quot;Planned&quot;,
        &quot;QBRecordID&quot;: 3435,
        &quot;Third_Party_Dependant_For_Conne&quot;: null,
        &quot;Latitude&quot;: -25.85378631,
        &quot;Longitude&quot;: 28.19152391
      }
    },
    {
      &quot;attributes&quot;: {
        &quot;Precincts&quot;: &quot;Centurion Gautrain Station&quot;,
        &quot;Quickbase_Status&quot;: &quot;Planned&quot;,
        &quot;QBRecordID&quot;: 2298,
        &quot;Third_Party_Dependant_For_Conne&quot;: null,
        &quot;Latitude&quot;: -25.85381887,
        &quot;Longitude&quot;: 28.1924704
      }
    },
    {
      &quot;attributes&quot;: {
        &quot;Precincts&quot;: &quot;Peter Place&quot;,
        &quot;Quickbase_Status&quot;: &quot;Planned&quot;,
        &quot;QBRecordID&quot;: 12587,
        &quot;Third_Party_Dependant_For_Conne&quot;: null,
        &quot;Latitude&quot;: -26.08050158,
        &quot;Longitude&quot;: 28.0167715
      }
    },
    {
      &quot;attributes&quot;: {
        &quot;Precincts&quot;: &quot;Hyde Park&quot;,
        &quot;Quickbase_Status&quot;: &quot;Planned&quot;,
        &quot;QBRecordID&quot;: 4106,
        &quot;Third_Party_Dependant_For_Conne&quot;: null,
        &quot;Latitude&quot;: -26.11915214,
        &quot;Longitude&quot;: 28.03164001
      }
    },
    {
      &quot;attributes&quot;: {
        &quot;Precincts&quot;: &quot;Witch-Hazel&quot;,
        &quot;Quickbase_Status&quot;: &quot;Planned&quot;,
        &quot;QBRecordID&quot;: 5799,
        &quot;Third_Party_Dependant_For_Conne&quot;: null,
        &quot;Latitude&quot;: -25.87256939,
        &quot;Longitude&quot;: 28.18261297
      }
    },
    {
      &quot;attributes&quot;: {
        &quot;Precincts&quot;: &quot;Hatfield (Phase 3)&quot;,
        &quot;Quickbase_Status&quot;: &quot;Planned&quot;,
        &quot;QBRecordID&quot;: 3489,
        &quot;Third_Party_Dependant_For_Conne&quot;: null,
        &quot;Latitude&quot;: -25.74200619,
        &quot;Longitude&quot;: 28.2406118
      }
    },
    {
      &quot;attributes&quot;: {
        &quot;Precincts&quot;: &quot;Hatfield (Phase 3)&quot;,
        &quot;Quickbase_Status&quot;: &quot;Planned&quot;,
        &quot;QBRecordID&quot;: 2997,
        &quot;Third_Party_Dependant_For_Conne&quot;: null,
        &quot;Latitude&quot;: -25.74381051,
        &quot;Longitude&quot;: 28.24262092
      }
    },
    {
      &quot;attributes&quot;: {
        &quot;Precincts&quot;: &quot;Ashley Gardens&quot;,
        &quot;Quickbase_Status&quot;: &quot;Planned&quot;,
        &quot;QBRecordID&quot;: 2631,
        &quot;Third_Party_Dependant_For_Conne&quot;: null,
        &quot;Latitude&quot;: -25.78329562,
        &quot;Longitude&quot;: 28.26460359
      }
    },
    {
      &quot;attributes&quot;: {
        &quot;Precincts&quot;: &quot;Route 21 Office Park&quot;,
        &quot;Quickbase_Status&quot;: &quot;Planned&quot;,
        &quot;QBRecordID&quot;: 1951,
        &quot;Third_Party_Dependant_For_Conne&quot;: null,
        &quot;Latitude&quot;: -25.86316457,
        &quot;Longitude&quot;: 28.2587588
      }
    },
    {
      &quot;attributes&quot;: {
        &quot;Precincts&quot;: &quot;James Crescent&quot;,
        &quot;Quickbase_Status&quot;: &quot;Planned&quot;,
        &quot;QBRecordID&quot;: 2154,
        &quot;Third_Party_Dependant_For_Conne&quot;: null,
        &quot;Latitude&quot;: -26.00638491,
        &quot;Longitude&quot;: 28.12482061
      }
    },
    {
      &quot;attributes&quot;: {
        &quot;Precincts&quot;: &quot;James Crescent&quot;,
        &quot;Quickbase_Status&quot;: &quot;Planned&quot;,
        &quot;QBRecordID&quot;: 2178,
        &quot;Third_Party_Dependant_For_Conne&quot;: null,
        &quot;Latitude&quot;: -26.00907314,
        &quot;Longitude&quot;: 28.12349545
      }
    },
    {
      &quot;attributes&quot;: {
        &quot;Precincts&quot;: &quot;James Crescent&quot;,
        &quot;Quickbase_Status&quot;: &quot;Planned&quot;,
        &quot;QBRecordID&quot;: 2179,
        &quot;Third_Party_Dependant_For_Conne&quot;: null,
        &quot;Latitude&quot;: -26.00964891,
        &quot;Longitude&quot;: 28.12292514
      }
    },
    {
      &quot;attributes&quot;: {
        &quot;Precincts&quot;: &quot;James Crescent&quot;,
        &quot;Quickbase_Status&quot;: &quot;Planned&quot;,
        &quot;QBRecordID&quot;: 2310,
        &quot;Third_Party_Dependant_For_Conne&quot;: null,
        &quot;Latitude&quot;: -26.00253855,
        &quot;Longitude&quot;: 28.12586275
      }
    },
    {
      &quot;attributes&quot;: {
        &quot;Precincts&quot;: &quot;Ingersol&quot;,
        &quot;Quickbase_Status&quot;: &quot;Planned&quot;,
        &quot;QBRecordID&quot;: 2366,
        &quot;Third_Party_Dependant_For_Conne&quot;: null,
        &quot;Latitude&quot;: -25.77893894,
        &quot;Longitude&quot;: 28.2739934
      }
    },
    {
      &quot;attributes&quot;: {
        &quot;Precincts&quot;: &quot;Sandton Phase 1&quot;,
        &quot;Quickbase_Status&quot;: &quot;Planned&quot;,
        &quot;QBRecordID&quot;: 4175,
        &quot;Third_Party_Dependant_For_Conne&quot;: null,
        &quot;Latitude&quot;: -26.10139505,
        &quot;Longitude&quot;: 28.05358555
      }
    },
    {
      &quot;attributes&quot;: {
        &quot;Precincts&quot;: &quot;George Road&quot;,
        &quot;Quickbase_Status&quot;: &quot;Planned&quot;,
        &quot;QBRecordID&quot;: 4074,
        &quot;Third_Party_Dependant_For_Conne&quot;: null,
        &quot;Latitude&quot;: -25.95955228,
        &quot;Longitude&quot;: 28.13622393
      }
    },
    {
      &quot;attributes&quot;: {
        &quot;Precincts&quot;: &quot;Hatfield (Phase 3)&quot;,
        &quot;Quickbase_Status&quot;: &quot;Planned&quot;,
        &quot;QBRecordID&quot;: 2917,
        &quot;Third_Party_Dependant_For_Conne&quot;: null,
        &quot;Latitude&quot;: -25.7437474,
        &quot;Longitude&quot;: 28.24240305
      }
    },
    {
      &quot;attributes&quot;: {
        &quot;Precincts&quot;: &quot;Sandton Phase 2&quot;,
        &quot;Quickbase_Status&quot;: &quot;Planned&quot;,
        &quot;QBRecordID&quot;: 4182,
        &quot;Third_Party_Dependant_For_Conne&quot;: null,
        &quot;Latitude&quot;: -26.10622226,
        &quot;Longitude&quot;: 28.05567171
      }
    },
    {
      &quot;attributes&quot;: {
        &quot;Precincts&quot;: &quot;CPT CBD Phase 02&quot;,
        &quot;Quickbase_Status&quot;: &quot;Planned&quot;,
        &quot;QBRecordID&quot;: 3092,
        &quot;Third_Party_Dependant_For_Conne&quot;: null,
        &quot;Latitude&quot;: -33.92074089,
        &quot;Longitude&quot;: 18.43338724
      }
    },
    {
      &quot;attributes&quot;: {
        &quot;Precincts&quot;: &quot;CPT CBD Phase 02&quot;,
        &quot;Quickbase_Status&quot;: &quot;Planned&quot;,
        &quot;QBRecordID&quot;: 3090,
        &quot;Third_Party_Dependant_For_Conne&quot;: null,
        &quot;Latitude&quot;: -33.92067042,
        &quot;Longitude&quot;: 18.4348701
      }
    },
    {
      &quot;attributes&quot;: {
        &quot;Precincts&quot;: &quot;CPT CBD Phase 01&quot;,
        &quot;Quickbase_Status&quot;: &quot;Planned&quot;,
        &quot;QBRecordID&quot;: 3083,
        &quot;Third_Party_Dependant_For_Conne&quot;: null,
        &quot;Latitude&quot;: -33.91740259,
        &quot;Longitude&quot;: 18.4252263
      }
    },
    {
      &quot;attributes&quot;: {
        &quot;Precincts&quot;: &quot;Route 21 Office Park&quot;,
        &quot;Quickbase_Status&quot;: &quot;Planned&quot;,
        &quot;QBRecordID&quot;: 1967,
        &quot;Third_Party_Dependant_For_Conne&quot;: null,
        &quot;Latitude&quot;: -25.85970377,
        &quot;Longitude&quot;: 28.25789802
      }
    },
    {
      &quot;attributes&quot;: {
        &quot;Precincts&quot;: &quot;Richards Drive&quot;,
        &quot;Quickbase_Status&quot;: &quot;Planned&quot;,
        &quot;QBRecordID&quot;: 2460,
        &quot;Third_Party_Dependant_For_Conne&quot;: null,
        &quot;Latitude&quot;: -26.01428104,
        &quot;Longitude&quot;: 28.12224092
      }
    },
    {
      &quot;attributes&quot;: {
        &quot;Precincts&quot;: &quot;Western Services&quot;,
        &quot;Quickbase_Status&quot;: &quot;Planned&quot;,
        &quot;QBRecordID&quot;: 2501,
        &quot;Third_Party_Dependant_For_Conne&quot;: null,
        &quot;Latitude&quot;: -26.05848134,
        &quot;Longitude&quot;: 28.08878122
      }
    },
    {
      &quot;attributes&quot;: {
        &quot;Precincts&quot;: &quot;CPT CBD Phase 02&quot;,
        &quot;Quickbase_Status&quot;: &quot;Planned&quot;,
        &quot;QBRecordID&quot;: 3098,
        &quot;Third_Party_Dependant_For_Conne&quot;: null,
        &quot;Latitude&quot;: -33.92100503,
        &quot;Longitude&quot;: 18.43247925
      }
    },
    {
      &quot;attributes&quot;: {
        &quot;Precincts&quot;: &quot;Rosenpark&quot;,
        &quot;Quickbase_Status&quot;: &quot;Planned&quot;,
        &quot;QBRecordID&quot;: 2712,
        &quot;Third_Party_Dependant_For_Conne&quot;: null,
        &quot;Latitude&quot;: -33.86655873,
        &quot;Longitude&quot;: 18.64016381
      }
    },
    {
      &quot;attributes&quot;: {
        &quot;Precincts&quot;: &quot;CPT CBD Phase 02&quot;,
        &quot;Quickbase_Status&quot;: &quot;Planned&quot;,
        &quot;QBRecordID&quot;: 3111,
        &quot;Third_Party_Dependant_For_Conne&quot;: null,
        &quot;Latitude&quot;: -33.91980186,
        &quot;Longitude&quot;: 18.43203546
      }
    },
    {
      &quot;attributes&quot;: {
        &quot;Precincts&quot;: &quot;Route 21 Office Park&quot;,
        &quot;Quickbase_Status&quot;: &quot;Planned&quot;,
        &quot;QBRecordID&quot;: 1962,
        &quot;Third_Party_Dependant_For_Conne&quot;: null,
        &quot;Latitude&quot;: -25.86471023,
        &quot;Longitude&quot;: 28.2586316
      }
    },
    {
      &quot;attributes&quot;: {
        &quot;Precincts&quot;: &quot;James Crescent&quot;,
        &quot;Quickbase_Status&quot;: &quot;Planned&quot;,
        &quot;QBRecordID&quot;: 2175,
        &quot;Third_Party_Dependant_For_Conne&quot;: null,
        &quot;Latitude&quot;: -26.00968432,
        &quot;Longitude&quot;: 28.12255679
      }
    },
    {
      &quot;attributes&quot;: {
        &quot;Precincts&quot;: &quot;James Crescent&quot;,
        &quot;Quickbase_Status&quot;: &quot;Planned&quot;,
        &quot;QBRecordID&quot;: 2189,
        &quot;Third_Party_Dependant_For_Conne&quot;: null,
        &quot;Latitude&quot;: -26.00259465,
        &quot;Longitude&quot;: 28.12690228
      }
    },
    {
      &quot;attributes&quot;: {
        &quot;Precincts&quot;: &quot;James Crescent&quot;,
        &quot;Quickbase_Status&quot;: &quot;Planned&quot;,
        &quot;QBRecordID&quot;: 2188,
        &quot;Third_Party_Dependant_For_Conne&quot;: null,
        &quot;Latitude&quot;: -26.00233279,
        &quot;Longitude&quot;: 28.12687823
      }
    },
    {
      &quot;attributes&quot;: {
        &quot;Precincts&quot;: &quot;James Crescent&quot;,
        &quot;Quickbase_Status&quot;: &quot;Planned&quot;,
        &quot;QBRecordID&quot;: 2176,
        &quot;Third_Party_Dependant_For_Conne&quot;: null,
        &quot;Latitude&quot;: -26.00848487,
        &quot;Longitude&quot;: 28.12418448
      }
    },
    {
      &quot;attributes&quot;: {
        &quot;Precincts&quot;: &quot;James Crescent&quot;,
        &quot;Quickbase_Status&quot;: &quot;Planned&quot;,
        &quot;QBRecordID&quot;: 2177,
        &quot;Third_Party_Dependant_For_Conne&quot;: null,
        &quot;Latitude&quot;: -26.00872683,
        &quot;Longitude&quot;: 28.12388124
      }
    },
    {
      &quot;attributes&quot;: {
        &quot;Precincts&quot;: &quot;Hatfield (Phase 3)&quot;,
        &quot;Quickbase_Status&quot;: &quot;Planned&quot;,
        &quot;QBRecordID&quot;: 3462,
        &quot;Third_Party_Dependant_For_Conne&quot;: null,
        &quot;Latitude&quot;: -25.74318282,
        &quot;Longitude&quot;: 28.24268593
      }
    },
    {
      &quot;attributes&quot;: {
        &quot;Precincts&quot;: &quot;Rosebank Phase 1&quot;,
        &quot;Quickbase_Status&quot;: &quot;Planned&quot;,
        &quot;QBRecordID&quot;: 2983,
        &quot;Third_Party_Dependant_For_Conne&quot;: null,
        &quot;Latitude&quot;: -26.1429873,
        &quot;Longitude&quot;: 28.04088098
      }
    },
    {
      &quot;attributes&quot;: {
        &quot;Precincts&quot;: &quot;Peter Place&quot;,
        &quot;Quickbase_Status&quot;: &quot;Planned&quot;,
        &quot;QBRecordID&quot;: 4075,
        &quot;Third_Party_Dependant_For_Conne&quot;: null,
        &quot;Latitude&quot;: -26.08027029,
        &quot;Longitude&quot;: 28.01371127
      }
    },
    {
      &quot;attributes&quot;: {
        &quot;Precincts&quot;: &quot;Hatfield (Phase 3)&quot;,
        &quot;Quickbase_Status&quot;: &quot;Planned&quot;,
        &quot;QBRecordID&quot;: 4091,
        &quot;Third_Party_Dependant_For_Conne&quot;: null,
        &quot;Latitude&quot;: -25.7437462,
        &quot;Longitude&quot;: 28.24474709
      }
    },
    {
      &quot;attributes&quot;: {
        &quot;Precincts&quot;: &quot;Richards Drive&quot;,
        &quot;Quickbase_Status&quot;: &quot;Planned&quot;,
        &quot;QBRecordID&quot;: 2421,
        &quot;Third_Party_Dependant_For_Conne&quot;: null,
        &quot;Latitude&quot;: -26.01566168,
        &quot;Longitude&quot;: 28.11956178
      }
    },
    {
      &quot;attributes&quot;: {
        &quot;Precincts&quot;: &quot;Homestead&quot;,
        &quot;Quickbase_Status&quot;: &quot;Planned&quot;,
        &quot;QBRecordID&quot;: 245,
        &quot;Third_Party_Dependant_For_Conne&quot;: null,
        &quot;Latitude&quot;: -26.04650483,
        &quot;Longitude&quot;: 28.05701976
      }
    },
    {
      &quot;attributes&quot;: {
        &quot;Precincts&quot;: &quot;Girton&quot;,
        &quot;Quickbase_Status&quot;: &quot;Planned&quot;,
        &quot;QBRecordID&quot;: 794,
        &quot;Third_Party_Dependant_For_Conne&quot;: null,
        &quot;Latitude&quot;: -26.18471394,
        &quot;Longitude&quot;: 28.03885509
      }
    },
    {
      &quot;attributes&quot;: {
        &quot;Precincts&quot;: &quot;Girton&quot;,
        &quot;Quickbase_Status&quot;: &quot;Planned&quot;,
        &quot;QBRecordID&quot;: 4086,
        &quot;Third_Party_Dependant_For_Conne&quot;: null,
        &quot;Latitude&quot;: -26.18333914,
        &quot;Longitude&quot;: 28.03653555
      }
    },
    {
      &quot;attributes&quot;: {
        &quot;Precincts&quot;: &quot;Sunninghill&quot;,
        &quot;Quickbase_Status&quot;: &quot;Planned&quot;,
        &quot;QBRecordID&quot;: 383,
        &quot;Third_Party_Dependant_For_Conne&quot;: null,
        &quot;Latitude&quot;: -26.0353727,
        &quot;Longitude&quot;: 28.06648828
      }
    },
    {
      &quot;attributes&quot;: {
        &quot;Precincts&quot;: &quot;Oak Avenue&quot;,
        &quot;Quickbase_Status&quot;: &quot;Planned&quot;,
        &quot;QBRecordID&quot;: 3910,
        &quot;Third_Party_Dependant_For_Conne&quot;: null,
        &quot;Latitude&quot;: -26.0996421,
        &quot;Longitude&quot;: 28.00136847
      }
    },
    {
      &quot;attributes&quot;: {
        &quot;Precincts&quot;: &quot;Sandton Phase 3&quot;,
        &quot;Quickbase_Status&quot;: &quot;Planned&quot;,
        &quot;QBRecordID&quot;: 2893,
        &quot;Third_Party_Dependant_For_Conne&quot;: null,
        &quot;Latitude&quot;: -26.11089511,
        &quot;Longitude&quot;: 28.05616831
      }
    },
    {
      &quot;attributes&quot;: {
        &quot;Precincts&quot;: &quot;Ann Crescent&quot;,
        &quot;Quickbase_Status&quot;: &quot;Planned&quot;,
        &quot;QBRecordID&quot;: 1322,
        &quot;Third_Party_Dependant_For_Conne&quot;: null,
        &quot;Latitude&quot;: -26.10267934,
        &quot;Longitude&quot;: 28.07173819
      }
    },
    {
      &quot;attributes&quot;: {
        &quot;Precincts&quot;: &quot;Burnside Office Park&quot;,
        &quot;Quickbase_Status&quot;: &quot;Planned&quot;,
        &quot;QBRecordID&quot;: 2987,
        &quot;Third_Party_Dependant_For_Conne&quot;: null,
        &quot;Latitude&quot;: -26.11443125,
        &quot;Longitude&quot;: 28.02167761
      }
    },
    {
      &quot;attributes&quot;: {
        &quot;Precincts&quot;: &quot;Bruma Lake&quot;,
        &quot;Quickbase_Status&quot;: &quot;Planned&quot;,
        &quot;QBRecordID&quot;: 4011,
        &quot;Third_Party_Dependant_For_Conne&quot;: null,
        &quot;Latitude&quot;: -26.18168098,
        &quot;Longitude&quot;: 28.11021358
      }
    },
    {
      &quot;attributes&quot;: {
        &quot;Precincts&quot;: &quot;CPT CBD Phase 01&quot;,
        &quot;Quickbase_Status&quot;: &quot;Planned&quot;,
        &quot;QBRecordID&quot;: 3058,
        &quot;Third_Party_Dependant_For_Conne&quot;: null,
        &quot;Latitude&quot;: -33.91667861,
        &quot;Longitude&quot;: 18.42474986
      }
    },
    {
      &quot;attributes&quot;: {
        &quot;Precincts&quot;: &quot;Central Street&quot;,
        &quot;Quickbase_Status&quot;: &quot;Planned&quot;,
        &quot;QBRecordID&quot;: 842,
        &quot;Third_Party_Dependant_For_Conne&quot;: null,
        &quot;Latitude&quot;: -26.16411283,
        &quot;Longitude&quot;: 28.05701815
      }
    },
    {
      &quot;attributes&quot;: {
        &quot;Precincts&quot;: &quot;George Road&quot;,
        &quot;Quickbase_Status&quot;: &quot;Planned&quot;,
        &quot;QBRecordID&quot;: 4073,
        &quot;Third_Party_Dependant_For_Conne&quot;: null,
        &quot;Latitude&quot;: -25.97199363,
        &quot;Longitude&quot;: 28.12975475
      }
    },
    {
      &quot;attributes&quot;: {
        &quot;Precincts&quot;: &quot;Arden Grove&quot;,
        &quot;Quickbase_Status&quot;: &quot;Planned&quot;,
        &quot;QBRecordID&quot;: 1561,
        &quot;Third_Party_Dependant_For_Conne&quot;: null,
        &quot;Latitude&quot;: -33.86351038,
        &quot;Longitude&quot;: 18.51429929
      }
    },
    {
      &quot;attributes&quot;: {
        &quot;Precincts&quot;: &quot;Arden Grove&quot;,
        &quot;Quickbase_Status&quot;: &quot;Planned&quot;,
        &quot;QBRecordID&quot;: 1571,
        &quot;Third_Party_Dependant_For_Conne&quot;: null,
        &quot;Latitude&quot;: -33.86232441,
        &quot;Longitude&quot;: 18.5148387
      }
    },
    {
      &quot;attributes&quot;: {
        &quot;Precincts&quot;: &quot;Umhlanga (Phase 3)&quot;,
        &quot;Quickbase_Status&quot;: &quot;Planned&quot;,
        &quot;QBRecordID&quot;: 2805,
        &quot;Third_Party_Dependant_For_Conne&quot;: null,
        &quot;Latitude&quot;: -29.73746246,
        &quot;Longitude&quot;: 31.07110861
      }
    },
    {
      &quot;attributes&quot;: {
        &quot;Precincts&quot;: &quot;Umhlanga (Phase 3)&quot;,
        &quot;Quickbase_Status&quot;: &quot;Planned&quot;,
        &quot;QBRecordID&quot;: 95947,
        &quot;Third_Party_Dependant_For_Conne&quot;: null,
        &quot;Latitude&quot;: -29.73795533,
        &quot;Longitude&quot;: 31.07077923
      }
    },
    {
      &quot;attributes&quot;: {
        &quot;Precincts&quot;: &quot;CPT CBD Phase 02&quot;,
        &quot;Quickbase_Status&quot;: &quot;Planned&quot;,
        &quot;QBRecordID&quot;: 3101,
        &quot;Third_Party_Dependant_For_Conne&quot;: null,
        &quot;Latitude&quot;: -33.92068677,
        &quot;Longitude&quot;: 18.43169484
      }
    },
    {
      &quot;attributes&quot;: {
        &quot;Precincts&quot;: &quot;Sunninghill&quot;,
        &quot;Quickbase_Status&quot;: &quot;Planned&quot;,
        &quot;QBRecordID&quot;: 369,
        &quot;Third_Party_Dependant_For_Conne&quot;: null,
        &quot;Latitude&quot;: -26.03331693,
        &quot;Longitude&quot;: 28.06333281
      }
    },
    {
      &quot;attributes&quot;: {
        &quot;Precincts&quot;: &quot;Sandton Phase 1&quot;,
        &quot;Quickbase_Status&quot;: &quot;Planned&quot;,
        &quot;QBRecordID&quot;: 4023,
        &quot;Third_Party_Dependant_For_Conne&quot;: null,
        &quot;Latitude&quot;: -26.09826732,
        &quot;Longitude&quot;: 28.05530311
      }
    },
    {
      &quot;attributes&quot;: {
        &quot;Precincts&quot;: &quot;Sandton Phase 1&quot;,
        &quot;Quickbase_Status&quot;: &quot;Planned&quot;,
        &quot;QBRecordID&quot;: 2961,
        &quot;Third_Party_Dependant_For_Conne&quot;: null,
        &quot;Latitude&quot;: -26.09798751,
        &quot;Longitude&quot;: 28.05591647
      }
    },
    {
      &quot;attributes&quot;: {
        &quot;Precincts&quot;: &quot;Sandton Phase 1&quot;,
        &quot;Quickbase_Status&quot;: &quot;Planned&quot;,
        &quot;QBRecordID&quot;: 4024,
        &quot;Third_Party_Dependant_For_Conne&quot;: null,
        &quot;Latitude&quot;: -26.0975017,
        &quot;Longitude&quot;: 28.05530551
      }
    },
    {
      &quot;attributes&quot;: {
        &quot;Precincts&quot;: &quot;Ashley Gardens&quot;,
        &quot;Quickbase_Status&quot;: &quot;Planned&quot;,
        &quot;QBRecordID&quot;: 2633,
        &quot;Third_Party_Dependant_For_Conne&quot;: null,
        &quot;Latitude&quot;: -25.78386112,
        &quot;Longitude&quot;: 28.26566257
      }
    },
    {
      &quot;attributes&quot;: {
        &quot;Precincts&quot;: &quot;Route 21 Office Park&quot;,
        &quot;Quickbase_Status&quot;: &quot;Planned&quot;,
        &quot;QBRecordID&quot;: 2000,
        &quot;Third_Party_Dependant_For_Conne&quot;: null,
        &quot;Latitude&quot;: -25.86119436,
        &quot;Longitude&quot;: 28.2562718
      }
    },
    {
      &quot;attributes&quot;: {
        &quot;Precincts&quot;: &quot;Tygervalley&quot;,
        &quot;Quickbase_Status&quot;: &quot;Planned&quot;,
        &quot;QBRecordID&quot;: 4004,
        &quot;Third_Party_Dependant_For_Conne&quot;: null,
        &quot;Latitude&quot;: -33.88288802,
        &quot;Longitude&quot;: 18.63649593
      }
    },
    {
      &quot;attributes&quot;: {
        &quot;Precincts&quot;: &quot;Bruma Lake&quot;,
        &quot;Quickbase_Status&quot;: &quot;Planned&quot;,
        &quot;QBRecordID&quot;: 4010,
        &quot;Third_Party_Dependant_For_Conne&quot;: null,
        &quot;Latitude&quot;: -26.18016114,
        &quot;Longitude&quot;: 28.10698612
      }
    },
    {
      &quot;attributes&quot;: {
        &quot;Precincts&quot;: &quot;Arden Grove&quot;,
        &quot;Quickbase_Status&quot;: &quot;Planned&quot;,
        &quot;QBRecordID&quot;: 1600,
        &quot;Third_Party_Dependant_For_Conne&quot;: null,
        &quot;Latitude&quot;: -33.86859661,
        &quot;Longitude&quot;: 18.51138477
      }
    },
    {
      &quot;attributes&quot;: {
        &quot;Precincts&quot;: &quot;Rosebank Phase 2&quot;,
        &quot;Quickbase_Status&quot;: &quot;Planned&quot;,
        &quot;QBRecordID&quot;: 4063,
        &quot;Third_Party_Dependant_For_Conne&quot;: null,
        &quot;Latitude&quot;: -26.14792896,
        &quot;Longitude&quot;: 28.03787296
      }
    },
    {
      &quot;attributes&quot;: {
        &quot;Precincts&quot;: &quot;James Crescent&quot;,
        &quot;Quickbase_Status&quot;: &quot;Planned&quot;,
        &quot;QBRecordID&quot;: 2269,
        &quot;Third_Party_Dependant_For_Conne&quot;: null,
        &quot;Latitude&quot;: -26.01061879,
        &quot;Longitude&quot;: 28.12393226
      }
    },
    {
      &quot;attributes&quot;: {
        &quot;Precincts&quot;: &quot;Hyde Park&quot;,
        &quot;Quickbase_Status&quot;: &quot;Planned&quot;,
        &quot;QBRecordID&quot;: 4105,
        &quot;Third_Party_Dependant_For_Conne&quot;: null,
        &quot;Latitude&quot;: -26.12346434,
        &quot;Longitude&quot;: 28.03155042
      }
    },
    {
      &quot;attributes&quot;: {
        &quot;Precincts&quot;: &quot;Oak Avenue&quot;,
        &quot;Quickbase_Status&quot;: &quot;Planned&quot;,
        &quot;QBRecordID&quot;: 517,
        &quot;Third_Party_Dependant_For_Conne&quot;: null,
        &quot;Latitude&quot;: -26.09913448,
        &quot;Longitude&quot;: 28.00080686
      }
    },
    {
      &quot;attributes&quot;: {
        &quot;Precincts&quot;: &quot;Hatfield (Phase 3)&quot;,
        &quot;Quickbase_Status&quot;: &quot;Planned&quot;,
        &quot;QBRecordID&quot;: 3486,
        &quot;Third_Party_Dependant_For_Conne&quot;: null,
        &quot;Latitude&quot;: -25.74220983,
        &quot;Longitude&quot;: 28.24149408
      }
    },
    {
      &quot;attributes&quot;: {
        &quot;Precincts&quot;: &quot;Hatfield (Phase 3)&quot;,
        &quot;Quickbase_Status&quot;: &quot;Planned&quot;,
        &quot;QBRecordID&quot;: 3488,
        &quot;Third_Party_Dependant_For_Conne&quot;: null,
        &quot;Latitude&quot;: -25.74258004,
        &quot;Longitude&quot;: 28.24009758
      }
    },
    {
      &quot;attributes&quot;: {
        &quot;Precincts&quot;: &quot;Morningside&quot;,
        &quot;Quickbase_Status&quot;: &quot;Planned&quot;,
        &quot;QBRecordID&quot;: 3918,
        &quot;Third_Party_Dependant_For_Conne&quot;: null,
        &quot;Latitude&quot;: -26.08012488,
        &quot;Longitude&quot;: 28.06224826
      }
    },
    {
      &quot;attributes&quot;: {
        &quot;Precincts&quot;: &quot;Sandton Phase 1&quot;,
        &quot;Quickbase_Status&quot;: &quot;Planned&quot;,
        &quot;QBRecordID&quot;: 4165,
        &quot;Third_Party_Dependant_For_Conne&quot;: null,
        &quot;Latitude&quot;: -26.09942773,
        &quot;Longitude&quot;: 28.05284679
      }
    },
    {
      &quot;attributes&quot;: {
        &quot;Precincts&quot;: &quot;Persequor Park&quot;,
        &quot;Quickbase_Status&quot;: &quot;Planned&quot;,
        &quot;QBRecordID&quot;: 4615,
        &quot;Third_Party_Dependant_For_Conne&quot;: null,
        &quot;Latitude&quot;: -25.74281261,
        &quot;Longitude&quot;: 28.27312624
      }
    },
    {
      &quot;attributes&quot;: {
        &quot;Precincts&quot;: &quot;Waterfall Office Park&quot;,
        &quot;Quickbase_Status&quot;: &quot;Planned&quot;,
        &quot;QBRecordID&quot;: 4895,
        &quot;Third_Party_Dependant_For_Conne&quot;: null,
        &quot;Latitude&quot;: -26.01265018,
        &quot;Longitude&quot;: 28.11248139
      }
    },
    {
      &quot;attributes&quot;: {
        &quot;Precincts&quot;: &quot;Waterfall Office Park&quot;,
        &quot;Quickbase_Status&quot;: &quot;Planned&quot;,
        &quot;QBRecordID&quot;: 4896,
        &quot;Third_Party_Dependant_For_Conne&quot;: null,
        &quot;Latitude&quot;: -26.01314309,
        &quot;Longitude&quot;: 28.11243402
      }
    },
    {
      &quot;attributes&quot;: {
        &quot;Precincts&quot;: &quot;Waterfall Office Park&quot;,
        &quot;Quickbase_Status&quot;: &quot;Planned&quot;,
        &quot;QBRecordID&quot;: 4900,
        &quot;Third_Party_Dependant_For_Conne&quot;: null,
        &quot;Latitude&quot;: -26.01194103,
        &quot;Longitude&quot;: 28.1129351
      }
    },
    {
      &quot;attributes&quot;: {
        &quot;Precincts&quot;: &quot;Waterfall Office Park&quot;,
        &quot;Quickbase_Status&quot;: &quot;Planned&quot;,
        &quot;QBRecordID&quot;: 4901,
        &quot;Third_Party_Dependant_For_Conne&quot;: null,
        &quot;Latitude&quot;: -26.01154773,
        &quot;Longitude&quot;: 28.11349612
      }
    },
    {
      &quot;attributes&quot;: {
        &quot;Precincts&quot;: &quot;Waterfall Office Park&quot;,
        &quot;Quickbase_Status&quot;: &quot;Planned&quot;,
        &quot;QBRecordID&quot;: 5793,
        &quot;Third_Party_Dependant_For_Conne&quot;: &quot;Yes&quot;,
        &quot;Latitude&quot;: -26.01339617,
        &quot;Longitude&quot;: 28.11319434
      }
    },
    {
      &quot;attributes&quot;: {
        &quot;Precincts&quot;: &quot;Route 21 Office Park&quot;,
        &quot;Quickbase_Status&quot;: &quot;Planned&quot;,
        &quot;QBRecordID&quot;: 2086,
        &quot;Third_Party_Dependant_For_Conne&quot;: null,
        &quot;Latitude&quot;: -25.8627943,
        &quot;Longitude&quot;: 28.25746459
      }
    },
    {
      &quot;attributes&quot;: {
        &quot;Precincts&quot;: &quot;Riverview Office Park&quot;,
        &quot;Quickbase_Status&quot;: &quot;Planned&quot;,
        &quot;QBRecordID&quot;: 2339,
        &quot;Third_Party_Dependant_For_Conne&quot;: null,
        &quot;Latitude&quot;: -26.00214219,
        &quot;Longitude&quot;: 28.1204047
      }
    },
    {
      &quot;attributes&quot;: {
        &quot;Precincts&quot;: &quot;Oak Avenue&quot;,
        &quot;Quickbase_Status&quot;: &quot;Planned&quot;,
        &quot;QBRecordID&quot;: 582,
        &quot;Third_Party_Dependant_For_Conne&quot;: null,
        &quot;Latitude&quot;: -26.09475208,
        &quot;Longitude&quot;: 28.00249929
      }
    },
    {
      &quot;attributes&quot;: {
        &quot;Precincts&quot;: &quot;Sandton Phase 2&quot;,
        &quot;Quickbase_Status&quot;: &quot;Planned&quot;,
        &quot;QBRecordID&quot;: 3914,
        &quot;Third_Party_Dependant_For_Conne&quot;: null,
        &quot;Latitude&quot;: -26.10205159,
        &quot;Longitude&quot;: 28.05376612
      }
    },
    {
      &quot;attributes&quot;: {
        &quot;Precincts&quot;: &quot;Ashley Gardens&quot;,
        &quot;Quickbase_Status&quot;: &quot;Planned&quot;,
        &quot;QBRecordID&quot;: 2634,
        &quot;Third_Party_Dependant_For_Conne&quot;: null,
        &quot;Latitude&quot;: -25.78359032,
        &quot;Longitude&quot;: 28.26579054
      }
    },
    {
      &quot;attributes&quot;: {
        &quot;Precincts&quot;: &quot;Ashley Gardens&quot;,
        &quot;Quickbase_Status&quot;: &quot;Planned&quot;,
        &quot;QBRecordID&quot;: 3431,
        &quot;Third_Party_Dependant_For_Conne&quot;: null,
        &quot;Latitude&quot;: -25.78424029,
        &quot;Longitude&quot;: 28.26470111
      }
    },
    {
      &quot;attributes&quot;: {
        &quot;Precincts&quot;: &quot;Route 21 Office Park&quot;,
        &quot;Quickbase_Status&quot;: &quot;Planned&quot;,
        &quot;QBRecordID&quot;: 1992,
        &quot;Third_Party_Dependant_For_Conne&quot;: null,
        &quot;Latitude&quot;: -25.86073662,
        &quot;Longitude&quot;: 28.25692154
      }
    },
    {
      &quot;attributes&quot;: {
        &quot;Precincts&quot;: &quot;Centurion Gautrain Station&quot;,
        &quot;Quickbase_Status&quot;: &quot;Planned&quot;,
        &quot;QBRecordID&quot;: 2286,
        &quot;Third_Party_Dependant_For_Conne&quot;: null,
        &quot;Latitude&quot;: -25.85171023,
        &quot;Longitude&quot;: 28.18822122
      }
    },
    {
      &quot;attributes&quot;: {
        &quot;Precincts&quot;: &quot;Centurion Gautrain Station&quot;,
        &quot;Quickbase_Status&quot;: &quot;Planned&quot;,
        &quot;QBRecordID&quot;: 2285,
        &quot;Third_Party_Dependant_For_Conne&quot;: null,
        &quot;Latitude&quot;: -25.85104476,
        &quot;Longitude&quot;: 28.1881665
      }
    },
    {
      &quot;attributes&quot;: {
        &quot;Precincts&quot;: &quot;Rivonia North&quot;,
        &quot;Quickbase_Status&quot;: &quot;Planned&quot;,
        &quot;QBRecordID&quot;: 425,
        &quot;Third_Party_Dependant_For_Conne&quot;: null,
        &quot;Latitude&quot;: -26.04043514,
        &quot;Longitude&quot;: 28.05968215
      }
    },
    {
      &quot;attributes&quot;: {
        &quot;Precincts&quot;: &quot;Sandton Phase 2&quot;,
        &quot;Quickbase_Status&quot;: &quot;Planned&quot;,
        &quot;QBRecordID&quot;: 3913,
        &quot;Third_Party_Dependant_For_Conne&quot;: null,
        &quot;Latitude&quot;: -26.10523848,
        &quot;Longitude&quot;: 28.05102919
      }
    },
    {
      &quot;attributes&quot;: {
        &quot;Precincts&quot;: &quot;Arden Grove&quot;,
        &quot;Quickbase_Status&quot;: &quot;Planned&quot;,
        &quot;QBRecordID&quot;: 3538,
        &quot;Third_Party_Dependant_For_Conne&quot;: null,
        &quot;Latitude&quot;: -33.86288778,
        &quot;Longitude&quot;: 18.5135702
      }
    },
    {
      &quot;attributes&quot;: {
        &quot;Precincts&quot;: &quot;Umhlanga (Phase 3)&quot;,
        &quot;Quickbase_Status&quot;: &quot;Planned&quot;,
        &quot;QBRecordID&quot;: 2801,
        &quot;Third_Party_Dependant_For_Conne&quot;: null,
        &quot;Latitude&quot;: -29.74509009,
        &quot;Longitude&quot;: 31.06797224
      }
    },
    {
      &quot;attributes&quot;: {
        &quot;Precincts&quot;: &quot;Umhlanga (Phase 3)&quot;,
        &quot;Quickbase_Status&quot;: &quot;Planned&quot;,
        &quot;QBRecordID&quot;: 2800,
        &quot;Third_Party_Dependant_For_Conne&quot;: null,
        &quot;Latitude&quot;: -29.74483625,
        &quot;Longitude&quot;: 31.06788157
      }
    },
    {
      &quot;attributes&quot;: {
        &quot;Precincts&quot;: &quot;Tygervalley&quot;,
        &quot;Quickbase_Status&quot;: &quot;Planned&quot;,
        &quot;QBRecordID&quot;: 2580,
        &quot;Third_Party_Dependant_For_Conne&quot;: null,
        &quot;Latitude&quot;: -33.88235646,
        &quot;Longitude&quot;: 18.63575988
      }
    },
    {
      &quot;attributes&quot;: {
        &quot;Precincts&quot;: &quot;Tygervalley&quot;,
        &quot;Quickbase_Status&quot;: &quot;Planned&quot;,
        &quot;QBRecordID&quot;: 2590,
        &quot;Third_Party_Dependant_For_Conne&quot;: null,
        &quot;Latitude&quot;: -33.88286597,
        &quot;Longitude&quot;: 18.63569907
      }
    },
    {
      &quot;attributes&quot;: {
        &quot;Precincts&quot;: &quot;Hatfield (Phase 3)&quot;,
        &quot;Quickbase_Status&quot;: &quot;Planned&quot;,
        &quot;QBRecordID&quot;: 3475,
        &quot;Third_Party_Dependant_For_Conne&quot;: null,
        &quot;Latitude&quot;: -25.743055,
        &quot;Longitude&quot;: 28.24229633
      }
    },
    {
      &quot;attributes&quot;: {
        &quot;Precincts&quot;: &quot;Hatfield (Phase 3)&quot;,
        &quot;Quickbase_Status&quot;: &quot;Planned&quot;,
        &quot;QBRecordID&quot;: 3474,
        &quot;Third_Party_Dependant_For_Conne&quot;: null,
        &quot;Latitude&quot;: -25.74310162,
        &quot;Longitude&quot;: 28.24142555
      }
    },
    {
      &quot;attributes&quot;: {
        &quot;Precincts&quot;: &quot;Sandton Phase 3&quot;,
        &quot;Quickbase_Status&quot;: &quot;Planned&quot;,
        &quot;QBRecordID&quot;: 3897,
        &quot;Third_Party_Dependant_For_Conne&quot;: null,
        &quot;Latitude&quot;: -26.1021624,
        &quot;Longitude&quot;: 28.06044259
      }
    },
    {
      &quot;attributes&quot;: {
        &quot;Precincts&quot;: &quot;Sandton Phase 1&quot;,
        &quot;Quickbase_Status&quot;: &quot;Planned&quot;,
        &quot;QBRecordID&quot;: 2906,
        &quot;Third_Party_Dependant_For_Conne&quot;: null,
        &quot;Latitude&quot;: -26.10028434,
        &quot;Longitude&quot;: 28.05364447
      }
    },
    {
      &quot;attributes&quot;: {
        &quot;Precincts&quot;: &quot;Sandton Phase 2&quot;,
        &quot;Quickbase_Status&quot;: &quot;Planned&quot;,
        &quot;QBRecordID&quot;: 4167,
        &quot;Third_Party_Dependant_For_Conne&quot;: null,
        &quot;Latitude&quot;: -26.10470709,
        &quot;Longitude&quot;: 28.05139876
      }
    },
    {
      &quot;attributes&quot;: {
        &quot;Precincts&quot;: &quot;Waterfall Office Park&quot;,
        &quot;Quickbase_Status&quot;: &quot;Planned&quot;,
        &quot;QBRecordID&quot;: 4898,
        &quot;Third_Party_Dependant_For_Conne&quot;: null,
        &quot;Latitude&quot;: -26.01221968,
        &quot;Longitude&quot;: 28.11333178
      }
    },
    {
      &quot;attributes&quot;: {
        &quot;Precincts&quot;: &quot;Waterfall Office Park&quot;,
        &quot;Quickbase_Status&quot;: &quot;Planned&quot;,
        &quot;QBRecordID&quot;: 4899,
        &quot;Third_Party_Dependant_For_Conne&quot;: null,
        &quot;Latitude&quot;: -26.01204898,
        &quot;Longitude&quot;: 28.11326259
      }
    },
    {
      &quot;attributes&quot;: {
        &quot;Precincts&quot;: &quot;Waterfall Office Park&quot;,
        &quot;Quickbase_Status&quot;: &quot;Planned&quot;,
        &quot;QBRecordID&quot;: 4915,
        &quot;Third_Party_Dependant_For_Conne&quot;: null,
        &quot;Latitude&quot;: -26.01056062,
        &quot;Longitude&quot;: 28.11731077
      }
    },
    {
      &quot;attributes&quot;: {
        &quot;Precincts&quot;: &quot;Waterfall Office Park&quot;,
        &quot;Quickbase_Status&quot;: &quot;Planned&quot;,
        &quot;QBRecordID&quot;: 4917,
        &quot;Third_Party_Dependant_For_Conne&quot;: null,
        &quot;Latitude&quot;: -26.00836427,
        &quot;Longitude&quot;: 28.11836506
      }
    },
    {
      &quot;attributes&quot;: {
        &quot;Precincts&quot;: &quot;Sandton Phase 2&quot;,
        &quot;Quickbase_Status&quot;: &quot;Planned&quot;,
        &quot;QBRecordID&quot;: 4046,
        &quot;Third_Party_Dependant_For_Conne&quot;: null,
        &quot;Latitude&quot;: -26.10565149,
        &quot;Longitude&quot;: 28.05410497
      }
    },
    {
      &quot;attributes&quot;: {
        &quot;Precincts&quot;: &quot;Sandton Phase 3&quot;,
        &quot;Quickbase_Status&quot;: &quot;Planned&quot;,
        &quot;QBRecordID&quot;: 2989,
        &quot;Third_Party_Dependant_For_Conne&quot;: null,
        &quot;Latitude&quot;: -26.10433468,
        &quot;Longitude&quot;: 28.05986677
      }
    },
    {
      &quot;attributes&quot;: {
        &quot;Precincts&quot;: &quot;Sandton Phase 1&quot;,
        &quot;Quickbase_Status&quot;: &quot;Planned&quot;,
        &quot;QBRecordID&quot;: 2896,
        &quot;Third_Party_Dependant_For_Conne&quot;: null,
        &quot;Latitude&quot;: -26.10231658,
        &quot;Longitude&quot;: 28.05018579
      }
    },
    {
      &quot;attributes&quot;: {
        &quot;Precincts&quot;: &quot;Umhlanga (Phase 3)&quot;,
        &quot;Quickbase_Status&quot;: &quot;Planned&quot;,
        &quot;QBRecordID&quot;: 2808,
        &quot;Third_Party_Dependant_For_Conne&quot;: null,
        &quot;Latitude&quot;: -29.73772073,
        &quot;Longitude&quot;: 31.07093905
      }
    },
    {
      &quot;attributes&quot;: {
        &quot;Precincts&quot;: &quot;Witch-Hazel&quot;,
        &quot;Quickbase_Status&quot;: &quot;Planned&quot;,
        &quot;QBRecordID&quot;: 3904,
        &quot;Third_Party_Dependant_For_Conne&quot;: null,
        &quot;Latitude&quot;: -25.87350695,
        &quot;Longitude&quot;: 28.18034415
      }
    },
    {
      &quot;attributes&quot;: {
        &quot;Precincts&quot;: &quot;Witch-Hazel&quot;,
        &quot;Quickbase_Status&quot;: &quot;Planned&quot;,
        &quot;QBRecordID&quot;: 1270,
        &quot;Third_Party_Dependant_For_Conne&quot;: null,
        &quot;Latitude&quot;: -25.87329058,
        &quot;Longitude&quot;: 28.18065561
      }
    },
    {
      &quot;attributes&quot;: {
        &quot;Precincts&quot;: &quot;Witch-Hazel&quot;,
        &quot;Quickbase_Status&quot;: &quot;Planned&quot;,
        &quot;QBRecordID&quot;: 1714,
        &quot;Third_Party_Dependant_For_Conne&quot;: null,
        &quot;Latitude&quot;: -25.87310238,
        &quot;Longitude&quot;: 28.18105107
      }
    },
    {
      &quot;attributes&quot;: {
        &quot;Precincts&quot;: &quot;Highveld Technopark&quot;,
        &quot;Quickbase_Status&quot;: &quot;Planned&quot;,
        &quot;QBRecordID&quot;: 4540,
        &quot;Third_Party_Dependant_For_Conne&quot;: null,
        &quot;Latitude&quot;: -25.87899433,
        &quot;Longitude&quot;: 28.18392351
      }
    },
    {
      &quot;attributes&quot;: {
        &quot;Precincts&quot;: &quot;Highveld Technopark&quot;,
        &quot;Quickbase_Status&quot;: &quot;Planned&quot;,
        &quot;QBRecordID&quot;: 4523,
        &quot;Third_Party_Dependant_For_Conne&quot;: null,
        &quot;Latitude&quot;: -25.87333215,
        &quot;Longitude&quot;: 28.1907962
      }
    },
    {
      &quot;attributes&quot;: {
        &quot;Precincts&quot;: &quot;Homestead&quot;,
        &quot;Quickbase_Status&quot;: &quot;Planned&quot;,
        &quot;QBRecordID&quot;: 244,
        &quot;Third_Party_Dependant_For_Conne&quot;: null,
        &quot;Latitude&quot;: -26.04557967,
        &quot;Longitude&quot;: 28.05640868
      }
    },
    {
      &quot;attributes&quot;: {
        &quot;Precincts&quot;: &quot;Girton&quot;,
        &quot;Quickbase_Status&quot;: &quot;Planned&quot;,
        &quot;QBRecordID&quot;: 802,
        &quot;Third_Party_Dependant_For_Conne&quot;: null,
        &quot;Latitude&quot;: -26.18304486,
        &quot;Longitude&quot;: 28.03819259
      }
    },
    {
      &quot;attributes&quot;: {
        &quot;Precincts&quot;: &quot;Brackengate Business Park&quot;,
        &quot;Quickbase_Status&quot;: &quot;Planned&quot;,
        &quot;QBRecordID&quot;: 6628,
        &quot;Third_Party_Dependant_For_Conne&quot;: null,
        &quot;Latitude&quot;: -33.890303,
        &quot;Longitude&quot;: 18.67982786
      }
    },
    {
      &quot;attributes&quot;: {
        &quot;Precincts&quot;: &quot;Brackengate Business Park&quot;,
        &quot;Quickbase_Status&quot;: &quot;Planned&quot;,
        &quot;QBRecordID&quot;: 6614,
        &quot;Third_Party_Dependant_For_Conne&quot;: null,
        &quot;Latitude&quot;: -33.8939671,
        &quot;Longitude&quot;: 18.68258978
      }
    },
    {
      &quot;attributes&quot;: {
        &quot;Precincts&quot;: &quot;Brackengate Business Park&quot;,
        &quot;Quickbase_Status&quot;: &quot;Planned&quot;,
        &quot;QBRecordID&quot;: 6598,
        &quot;Third_Party_Dependant_For_Conne&quot;: null,
        &quot;Latitude&quot;: -33.89442973,
        &quot;Longitude&quot;: 18.68222445
      }
    },
    {
      &quot;attributes&quot;: {
        &quot;Precincts&quot;: &quot;Brackengate Business Park&quot;,
        &quot;Quickbase_Status&quot;: &quot;Planned&quot;,
        &quot;QBRecordID&quot;: 6608,
        &quot;Third_Party_Dependant_For_Conne&quot;: null,
        &quot;Latitude&quot;: -33.89433673,
        &quot;Longitude&quot;: 18.68194681
      }
    },
    {
      &quot;attributes&quot;: {
        &quot;Precincts&quot;: &quot;Brackengate Business Park&quot;,
        &quot;Quickbase_Status&quot;: &quot;Planned&quot;,
        &quot;QBRecordID&quot;: 6603,
        &quot;Third_Party_Dependant_For_Conne&quot;: null,
        &quot;Latitude&quot;: -33.89333703,
        &quot;Longitude&quot;: 18.679423
      }
    },
    {
      &quot;attributes&quot;: {
        &quot;Precincts&quot;: &quot;Brackengate Business Park&quot;,
        &quot;Quickbase_Status&quot;: &quot;Planned&quot;,
        &quot;QBRecordID&quot;: 6605,
        &quot;Third_Party_Dependant_For_Conne&quot;: null,
        &quot;Latitude&quot;: -33.89224687,
        &quot;Longitude&quot;: 18.67819588
      }
    },
    {
      &quot;attributes&quot;: {
        &quot;Precincts&quot;: &quot;Brackengate Business Park&quot;,
        &quot;Quickbase_Status&quot;: &quot;Planned&quot;,
        &quot;QBRecordID&quot;: 6621,
        &quot;Third_Party_Dependant_For_Conne&quot;: null,
        &quot;Latitude&quot;: -33.89255327,
        &quot;Longitude&quot;: 18.68164496
      }
    },
    {
      &quot;attributes&quot;: {
        &quot;Precincts&quot;: &quot;Brackengate Business Park&quot;,
        &quot;Quickbase_Status&quot;: &quot;Planned&quot;,
        &quot;QBRecordID&quot;: 6618,
        &quot;Third_Party_Dependant_For_Conne&quot;: null,
        &quot;Latitude&quot;: -33.89299138,
        &quot;Longitude&quot;: 18.68027175
      }
    },
    {
      &quot;attributes&quot;: {
        &quot;Precincts&quot;: &quot;Brackengate Business Park&quot;,
        &quot;Quickbase_Status&quot;: &quot;Planned&quot;,
        &quot;QBRecordID&quot;: 6616,
        &quot;Third_Party_Dependant_For_Conne&quot;: null,
        &quot;Latitude&quot;: -33.89281907,
        &quot;Longitude&quot;: 18.68082207
      }
    },
    {
      &quot;attributes&quot;: {
        &quot;Precincts&quot;: &quot;Brackengate Business Park&quot;,
        &quot;Quickbase_Status&quot;: &quot;Planned&quot;,
        &quot;QBRecordID&quot;: 7830,
        &quot;Third_Party_Dependant_For_Conne&quot;: null,
        &quot;Latitude&quot;: -33.89215229,
        &quot;Longitude&quot;: 18.68198531
      }
    },
    {
      &quot;attributes&quot;: {
        &quot;Precincts&quot;: &quot;Brackengate Business Park&quot;,
        &quot;Quickbase_Status&quot;: &quot;Planned&quot;,
        &quot;QBRecordID&quot;: 6632,
        &quot;Third_Party_Dependant_For_Conne&quot;: null,
        &quot;Latitude&quot;: -33.89128194,
        &quot;Longitude&quot;: 18.68076727
      }
    },
    {
      &quot;attributes&quot;: {
        &quot;Precincts&quot;: &quot;Brackengate Business Park&quot;,
        &quot;Quickbase_Status&quot;: &quot;Planned&quot;,
        &quot;QBRecordID&quot;: 6620,
        &quot;Third_Party_Dependant_For_Conne&quot;: null,
        &quot;Latitude&quot;: -33.89273937,
        &quot;Longitude&quot;: 18.68218998
      }
    },
    {
      &quot;attributes&quot;: {
        &quot;Precincts&quot;: &quot;Brackengate Business Park&quot;,
        &quot;Quickbase_Status&quot;: &quot;Planned&quot;,
        &quot;QBRecordID&quot;: 7831,
        &quot;Third_Party_Dependant_For_Conne&quot;: null,
        &quot;Latitude&quot;: -33.88839519,
        &quot;Longitude&quot;: 18.68027565
      }
    },
    {
      &quot;attributes&quot;: {
        &quot;Precincts&quot;: &quot;Flanders Drive&quot;,
        &quot;Quickbase_Status&quot;: &quot;Planned&quot;,
        &quot;QBRecordID&quot;: 7141,
        &quot;Third_Party_Dependant_For_Conne&quot;: null,
        &quot;Latitude&quot;: -29.71070829,
        &quot;Longitude&quot;: 31.05163035
      }
    },
    {
      &quot;attributes&quot;: {
        &quot;Precincts&quot;: &quot;Flanders Drive&quot;,
        &quot;Quickbase_Status&quot;: &quot;Planned&quot;,
        &quot;QBRecordID&quot;: 9412,
        &quot;Third_Party_Dependant_For_Conne&quot;: null,
        &quot;Latitude&quot;: -29.7147227,
        &quot;Longitude&quot;: 31.05264852
      }
    },
    {
      &quot;attributes&quot;: {
        &quot;Precincts&quot;: &quot;Flanders Drive&quot;,
        &quot;Quickbase_Status&quot;: &quot;Planned&quot;,
        &quot;QBRecordID&quot;: 9413,
        &quot;Third_Party_Dependant_For_Conne&quot;: null,
        &quot;Latitude&quot;: -29.71542187,
        &quot;Longitude&quot;: 31.05347623
      }
    },
    {
      &quot;attributes&quot;: {
        &quot;Precincts&quot;: &quot;Flanders Drive&quot;,
        &quot;Quickbase_Status&quot;: &quot;Planned&quot;,
        &quot;QBRecordID&quot;: 9415,
        &quot;Third_Party_Dependant_For_Conne&quot;: null,
        &quot;Latitude&quot;: -29.71589307,
        &quot;Longitude&quot;: 31.0537544
      }
    },
    {
      &quot;attributes&quot;: {
        &quot;Precincts&quot;: &quot;Flanders Drive&quot;,
        &quot;Quickbase_Status&quot;: &quot;Planned&quot;,
        &quot;QBRecordID&quot;: 7133,
        &quot;Third_Party_Dependant_For_Conne&quot;: null,
        &quot;Latitude&quot;: -29.71832451,
        &quot;Longitude&quot;: 31.05509162
      }
    },
    {
      &quot;attributes&quot;: {
        &quot;Precincts&quot;: &quot;Island Circle&quot;,
        &quot;Quickbase_Status&quot;: &quot;Planned&quot;,
        &quot;QBRecordID&quot;: 7191,
        &quot;Third_Party_Dependant_For_Conne&quot;: null,
        &quot;Latitude&quot;: -29.76797268,
        &quot;Longitude&quot;: 31.00405718
      }
    },
    {
      &quot;attributes&quot;: {
        &quot;Precincts&quot;: &quot;Island Circle&quot;,
        &quot;Quickbase_Status&quot;: &quot;Planned&quot;,
        &quot;QBRecordID&quot;: 7192,
        &quot;Third_Party_Dependant_For_Conne&quot;: null,
        &quot;Latitude&quot;: -29.76748575,
        &quot;Longitude&quot;: 31.0044418
      }
    },
    {
      &quot;attributes&quot;: {
        &quot;Precincts&quot;: &quot;Island Circle&quot;,
        &quot;Quickbase_Status&quot;: &quot;Planned&quot;,
        &quot;QBRecordID&quot;: 7194,
        &quot;Third_Party_Dependant_For_Conne&quot;: null,
        &quot;Latitude&quot;: -29.76727011,
        &quot;Longitude&quot;: 31.00475784
      }
    },
    {
      &quot;attributes&quot;: {
        &quot;Precincts&quot;: &quot;Island Circle&quot;,
        &quot;Quickbase_Status&quot;: &quot;Planned&quot;,
        &quot;QBRecordID&quot;: 7202,
        &quot;Third_Party_Dependant_For_Conne&quot;: null,
        &quot;Latitude&quot;: -29.76735685,
        &quot;Longitude&quot;: 31.00672529
      }
    },
    {
      &quot;attributes&quot;: {
        &quot;Precincts&quot;: &quot;Island Circle&quot;,
        &quot;Quickbase_Status&quot;: &quot;Planned&quot;,
        &quot;QBRecordID&quot;: 7205,
        &quot;Third_Party_Dependant_For_Conne&quot;: null,
        &quot;Latitude&quot;: -29.7681639,
        &quot;Longitude&quot;: 31.00650271
      }
    },
    {
      &quot;attributes&quot;: {
        &quot;Precincts&quot;: &quot;Island Circle&quot;,
        &quot;Quickbase_Status&quot;: &quot;Planned&quot;,
        &quot;QBRecordID&quot;: 7206,
        &quot;Third_Party_Dependant_For_Conne&quot;: null,
        &quot;Latitude&quot;: -29.76841436,
        &quot;Longitude&quot;: 31.00595686
      }
    },
    {
      &quot;attributes&quot;: {
        &quot;Precincts&quot;: &quot;Island Circle&quot;,
        &quot;Quickbase_Status&quot;: &quot;Planned&quot;,
        &quot;QBRecordID&quot;: 7208,
        &quot;Third_Party_Dependant_For_Conne&quot;: null,
        &quot;Latitude&quot;: -29.76863903,
        &quot;Longitude&quot;: 31.0050664
      }
    },
    {
      &quot;attributes&quot;: {
        &quot;Precincts&quot;: &quot;Island Circle&quot;,
        &quot;Quickbase_Status&quot;: &quot;Planned&quot;,
        &quot;QBRecordID&quot;: 7209,
        &quot;Third_Party_Dependant_For_Conne&quot;: null,
        &quot;Latitude&quot;: -29.76879866,
        &quot;Longitude&quot;: 31.00469608
      }
    },
    {
      &quot;attributes&quot;: {
        &quot;Precincts&quot;: &quot;Island Circle&quot;,
        &quot;Quickbase_Status&quot;: &quot;Planned&quot;,
        &quot;QBRecordID&quot;: 7190,
        &quot;Third_Party_Dependant_For_Conne&quot;: null,
        &quot;Latitude&quot;: -29.76784175,
        &quot;Longitude&quot;: 31.00527104
      }
    },
    {
      &quot;attributes&quot;: {
        &quot;Precincts&quot;: &quot;Umhlanga (Phase 3)&quot;,
        &quot;Quickbase_Status&quot;: &quot;Planned&quot;,
        &quot;QBRecordID&quot;: 8141,
        &quot;Third_Party_Dependant_For_Conne&quot;: null,
        &quot;Latitude&quot;: -29.75547416,
        &quot;Longitude&quot;: 31.06548912
      }
    },
    {
      &quot;attributes&quot;: {
        &quot;Precincts&quot;: &quot;Umhlanga (Phase 3)&quot;,
        &quot;Quickbase_Status&quot;: &quot;Planned&quot;,
        &quot;QBRecordID&quot;: 8140,
        &quot;Third_Party_Dependant_For_Conne&quot;: null,
        &quot;Latitude&quot;: -29.75449025,
        &quot;Longitude&quot;: 31.06564341
      }
    },
    {
      &quot;attributes&quot;: {
        &quot;Precincts&quot;: &quot;Meridian Drive&quot;,
        &quot;Quickbase_Status&quot;: &quot;Planned&quot;,
        &quot;QBRecordID&quot;: 7540,
        &quot;Third_Party_Dependant_For_Conne&quot;: null,
        &quot;Latitude&quot;: -29.72955144,
        &quot;Longitude&quot;: 31.06842981
      }
    },
    {
      &quot;attributes&quot;: {
        &quot;Precincts&quot;: &quot;Meridian Drive&quot;,
        &quot;Quickbase_Status&quot;: &quot;Planned&quot;,
        &quot;QBRecordID&quot;: 9424,
        &quot;Third_Party_Dependant_For_Conne&quot;: null,
        &quot;Latitude&quot;: -29.71818677,
        &quot;Longitude&quot;: 31.0664246
      }
    },
    {
      &quot;attributes&quot;: {
        &quot;Precincts&quot;: &quot;Meridian Drive&quot;,
        &quot;Quickbase_Status&quot;: &quot;Planned&quot;,
        &quot;QBRecordID&quot;: 7463,
        &quot;Third_Party_Dependant_For_Conne&quot;: null,
        &quot;Latitude&quot;: -29.71790691,
        &quot;Longitude&quot;: 31.06581856
      }
    },
    {
      &quot;attributes&quot;: {
        &quot;Precincts&quot;: &quot;Meridian Drive&quot;,
        &quot;Quickbase_Status&quot;: &quot;Planned&quot;,
        &quot;QBRecordID&quot;: 7455,
        &quot;Third_Party_Dependant_For_Conne&quot;: null,
        &quot;Latitude&quot;: -29.71896036,
        &quot;Longitude&quot;: 31.06451768
      }
    },
    {
      &quot;attributes&quot;: {
        &quot;Precincts&quot;: &quot;Meridian Drive&quot;,
        &quot;Quickbase_Status&quot;: &quot;Planned&quot;,
        &quot;QBRecordID&quot;: 7486,
        &quot;Third_Party_Dependant_For_Conne&quot;: null,
        &quot;Latitude&quot;: -29.7216236,
        &quot;Longitude&quot;: 31.06308972
      }
    },
    {
      &quot;attributes&quot;: {
        &quot;Precincts&quot;: &quot;Meridian Drive&quot;,
        &quot;Quickbase_Status&quot;: &quot;Planned&quot;,
        &quot;QBRecordID&quot;: 7485,
        &quot;Third_Party_Dependant_For_Conne&quot;: null,
        &quot;Latitude&quot;: -29.72156979,
        &quot;Longitude&quot;: 31.062788
      }
    },
    {
      &quot;attributes&quot;: {
        &quot;Precincts&quot;: &quot;Meridian Drive&quot;,
        &quot;Quickbase_Status&quot;: &quot;Planned&quot;,
        &quot;QBRecordID&quot;: 7445,
        &quot;Third_Party_Dependant_For_Conne&quot;: null,
        &quot;Latitude&quot;: -29.72103941,
        &quot;Longitude&quot;: 31.06283781
      }
    },
    {
      &quot;attributes&quot;: {
        &quot;Precincts&quot;: &quot;Meridian Drive&quot;,
        &quot;Quickbase_Status&quot;: &quot;Planned&quot;,
        &quot;QBRecordID&quot;: 7462,
        &quot;Third_Party_Dependant_For_Conne&quot;: null,
        &quot;Latitude&quot;: -29.72085756,
        &quot;Longitude&quot;: 31.06259386
      }
    },
    {
      &quot;attributes&quot;: {
        &quot;Precincts&quot;: &quot;Meridian Drive&quot;,
        &quot;Quickbase_Status&quot;: &quot;Planned&quot;,
        &quot;QBRecordID&quot;: 7438,
        &quot;Third_Party_Dependant_For_Conne&quot;: null,
        &quot;Latitude&quot;: -29.72317225,
        &quot;Longitude&quot;: 31.06213442
      }
    },
    {
      &quot;attributes&quot;: {
        &quot;Precincts&quot;: &quot;Meridian Drive&quot;,
        &quot;Quickbase_Status&quot;: &quot;Planned&quot;,
        &quot;QBRecordID&quot;: 7439,
        &quot;Third_Party_Dependant_For_Conne&quot;: null,
        &quot;Latitude&quot;: -29.72367252,
        &quot;Longitude&quot;: 31.06268733
      }
    },
    {
      &quot;attributes&quot;: {
        &quot;Precincts&quot;: &quot;Meridian Drive&quot;,
        &quot;Quickbase_Status&quot;: &quot;Planned&quot;,
        &quot;QBRecordID&quot;: 7527,
        &quot;Third_Party_Dependant_For_Conne&quot;: null,
        &quot;Latitude&quot;: -29.72581447,
        &quot;Longitude&quot;: 31.06843269
      }
    },
    {
      &quot;attributes&quot;: {
        &quot;Precincts&quot;: &quot;Umhlanga (Phase 3)&quot;,
        &quot;Quickbase_Status&quot;: &quot;Planned&quot;,
        &quot;QBRecordID&quot;: 8139,
        &quot;Third_Party_Dependant_For_Conne&quot;: null,
        &quot;Latitude&quot;: -29.75484218,
        &quot;Longitude&quot;: 31.06335657
      }
    },
    {
      &quot;attributes&quot;: {
        &quot;Precincts&quot;: &quot;Homestead&quot;,
        &quot;Quickbase_Status&quot;: &quot;Planned&quot;,
        &quot;QBRecordID&quot;: 243,
        &quot;Third_Party_Dependant_For_Conne&quot;: null,
        &quot;Latitude&quot;: -26.04658765,
        &quot;Longitude&quot;: 28.05614831
      }
    },
    {
      &quot;attributes&quot;: {
        &quot;Precincts&quot;: &quot;TechnoPark&quot;,
        &quot;Quickbase_Status&quot;: &quot;Planned&quot;,
        &quot;QBRecordID&quot;: 751,
        &quot;Third_Party_Dependant_For_Conne&quot;: null,
        &quot;Latitude&quot;: -33.96617982,
        &quot;Longitude&quot;: 18.83813552
      }
    },
    {
      &quot;attributes&quot;: {
        &quot;Precincts&quot;: &quot;Scott Street&quot;,
        &quot;Quickbase_Status&quot;: &quot;Planned&quot;,
        &quot;QBRecordID&quot;: 1781,
        &quot;Third_Party_Dependant_For_Conne&quot;: null,
        &quot;Latitude&quot;: -26.12968008,
        &quot;Longitude&quot;: 28.07264492
      }
    },
    {
      &quot;attributes&quot;: {
        &quot;Precincts&quot;: &quot;Logan Ave&quot;,
        &quot;Quickbase_Status&quot;: &quot;Planned&quot;,
        &quot;QBRecordID&quot;: 6070,
        &quot;Third_Party_Dependant_For_Conne&quot;: null,
        &quot;Latitude&quot;: -25.87597989,
        &quot;Longitude&quot;: 28.19773092
      }
    },
    {
      &quot;attributes&quot;: {
        &quot;Precincts&quot;: &quot;Logan Ave&quot;,
        &quot;Quickbase_Status&quot;: &quot;Planned&quot;,
        &quot;QBRecordID&quot;: 6080,
        &quot;Third_Party_Dependant_For_Conne&quot;: null,
        &quot;Latitude&quot;: -25.87833011,
        &quot;Longitude&quot;: 28.1986342
      }
    },
    {
      &quot;attributes&quot;: {
        &quot;Precincts&quot;: &quot;Logan Ave&quot;,
        &quot;Quickbase_Status&quot;: &quot;Planned&quot;,
        &quot;QBRecordID&quot;: 6081,
        &quot;Third_Party_Dependant_For_Conne&quot;: null,
        &quot;Latitude&quot;: -25.87846015,
        &quot;Longitude&quot;: 28.19967096
      }
    },
    {
      &quot;attributes&quot;: {
        &quot;Precincts&quot;: &quot;Samrand Business Park&quot;,
        &quot;Quickbase_Status&quot;: &quot;Planned&quot;,
        &quot;QBRecordID&quot;: 6209,
        &quot;Third_Party_Dependant_For_Conne&quot;: null,
        &quot;Latitude&quot;: -25.92776686,
        &quot;Longitude&quot;: 28.13901703
      }
    },
    {
      &quot;attributes&quot;: {
        &quot;Precincts&quot;: &quot;Samrand Business Park&quot;,
        &quot;Quickbase_Status&quot;: &quot;Planned&quot;,
        &quot;QBRecordID&quot;: 6221,
        &quot;Third_Party_Dependant_For_Conne&quot;: null,
        &quot;Latitude&quot;: -25.93230452,
        &quot;Longitude&quot;: 28.14184003
      }
    },
    {
      &quot;attributes&quot;: {
        &quot;Precincts&quot;: &quot;Samrand Business Park&quot;,
        &quot;Quickbase_Status&quot;: &quot;Planned&quot;,
        &quot;QBRecordID&quot;: 6219,
        &quot;Third_Party_Dependant_For_Conne&quot;: null,
        &quot;Latitude&quot;: -25.93117697,
        &quot;Longitude&quot;: 28.14261598
      }
    },
    {
      &quot;attributes&quot;: {
        &quot;Precincts&quot;: &quot;Samrand Business Park&quot;,
        &quot;Quickbase_Status&quot;: &quot;Planned&quot;,
        &quot;QBRecordID&quot;: 6220,
        &quot;Third_Party_Dependant_For_Conne&quot;: null,
        &quot;Latitude&quot;: -25.93095603,
        &quot;Longitude&quot;: 28.14201382
      }
    },
    {
      &quot;attributes&quot;: {
        &quot;Precincts&quot;: &quot;Samrand Business Park&quot;,
        &quot;Quickbase_Status&quot;: &quot;Planned&quot;,
        &quot;QBRecordID&quot;: 6218,
        &quot;Third_Party_Dependant_For_Conne&quot;: null,
        &quot;Latitude&quot;: -25.93041379,
        &quot;Longitude&quot;: 28.14269151
      }
    },
    {
      &quot;attributes&quot;: {
        &quot;Precincts&quot;: &quot;Samrand Business Park&quot;,
        &quot;Quickbase_Status&quot;: &quot;Planned&quot;,
        &quot;QBRecordID&quot;: 6224,
        &quot;Third_Party_Dependant_For_Conne&quot;: null,
        &quot;Latitude&quot;: -25.93157881,
        &quot;Longitude&quot;: 28.13803858
      }
    },
    {
      &quot;attributes&quot;: {
        &quot;Precincts&quot;: &quot;Brooklyn&quot;,
        &quot;Quickbase_Status&quot;: &quot;Planned&quot;,
        &quot;QBRecordID&quot;: 7220,
        &quot;Third_Party_Dependant_For_Conne&quot;: null,
        &quot;Latitude&quot;: -25.77191353,
        &quot;Longitude&quot;: 28.23639048
      }
    },
    {
      &quot;attributes&quot;: {
        &quot;Precincts&quot;: &quot;Brooklyn&quot;,
        &quot;Quickbase_Status&quot;: &quot;Planned&quot;,
        &quot;QBRecordID&quot;: 7227,
        &quot;Third_Party_Dependant_For_Conne&quot;: null,
        &quot;Latitude&quot;: -25.76961589,
        &quot;Longitude&quot;: 28.23564443
      }
    },
    {
      &quot;attributes&quot;: {
        &quot;Precincts&quot;: &quot;Brooklyn&quot;,
        &quot;Quickbase_Status&quot;: &quot;Planned&quot;,
        &quot;QBRecordID&quot;: 7228,
        &quot;Third_Party_Dependant_For_Conne&quot;: null,
        &quot;Latitude&quot;: -25.76930846,
        &quot;Longitude&quot;: 28.23583674
      }
    },
    {
      &quot;attributes&quot;: {
        &quot;Precincts&quot;: &quot;Centurion CBD 1&quot;,
        &quot;Quickbase_Status&quot;: &quot;Planned&quot;,
        &quot;QBRecordID&quot;: 6312,
        &quot;Third_Party_Dependant_For_Conne&quot;: null,
        &quot;Latitude&quot;: -25.8627831,
        &quot;Longitude&quot;: 28.18693062
      }
    },
    {
      &quot;attributes&quot;: {
        &quot;Precincts&quot;: &quot;Centurion CBD 1&quot;,
        &quot;Quickbase_Status&quot;: &quot;Planned&quot;,
        &quot;QBRecordID&quot;: 6324,
        &quot;Third_Party_Dependant_For_Conne&quot;: null,
        &quot;Latitude&quot;: -25.86224831,
        &quot;Longitude&quot;: 28.1865757
      }
    },
    {
      &quot;attributes&quot;: {
        &quot;Precincts&quot;: &quot;Centurion CBD 2&quot;,
        &quot;Quickbase_Status&quot;: &quot;Planned&quot;,
        &quot;QBRecordID&quot;: null,
        &quot;Third_Party_Dependant_For_Conne&quot;: null,
        &quot;Latitude&quot;: -25.86088823,
        &quot;Longitude&quot;: 28.18849227
      }
    },
    {
      &quot;attributes&quot;: {
        &quot;Precincts&quot;: &quot;Centurion CBD 2&quot;,
        &quot;Quickbase_Status&quot;: &quot;Planned&quot;,
        &quot;QBRecordID&quot;: 6378,
        &quot;Third_Party_Dependant_For_Conne&quot;: null,
        &quot;Latitude&quot;: -25.86063013,
        &quot;Longitude&quot;: 28.18777353
      }
    },
    {
      &quot;attributes&quot;: {
        &quot;Precincts&quot;: &quot;Centurion CBD 2&quot;,
        &quot;Quickbase_Status&quot;: &quot;Planned&quot;,
        &quot;QBRecordID&quot;: 6375,
        &quot;Third_Party_Dependant_For_Conne&quot;: null,
        &quot;Latitude&quot;: -25.8604824,
        &quot;Longitude&quot;: 28.1880903
      }
    },
    {
      &quot;attributes&quot;: {
        &quot;Precincts&quot;: &quot;Centurion CBD 1&quot;,
        &quot;Quickbase_Status&quot;: &quot;Planned&quot;,
        &quot;QBRecordID&quot;: 6326,
        &quot;Third_Party_Dependant_For_Conne&quot;: null,
        &quot;Latitude&quot;: -25.86191912,
        &quot;Longitude&quot;: 28.18857565
      }
    },
    {
      &quot;attributes&quot;: {
        &quot;Precincts&quot;: &quot;Centurion CBD 1&quot;,
        &quot;Quickbase_Status&quot;: &quot;Planned&quot;,
        &quot;QBRecordID&quot;: 6331,
        &quot;Third_Party_Dependant_For_Conne&quot;: null,
        &quot;Latitude&quot;: -25.8630368,
        &quot;Longitude&quot;: 28.18742006
      }
    },
    {
      &quot;attributes&quot;: {
        &quot;Precincts&quot;: &quot;Centurion CBD 1&quot;,
        &quot;Quickbase_Status&quot;: &quot;Planned&quot;,
        &quot;QBRecordID&quot;: 6330,
        &quot;Third_Party_Dependant_For_Conne&quot;: null,
        &quot;Latitude&quot;: -25.86294184,
        &quot;Longitude&quot;: 28.18792275
      }
    },
    {
      &quot;attributes&quot;: {
        &quot;Precincts&quot;: &quot;Centurion CBD 1&quot;,
        &quot;Quickbase_Status&quot;: &quot;Planned&quot;,
        &quot;QBRecordID&quot;: 6332,
        &quot;Third_Party_Dependant_For_Conne&quot;: null,
        &quot;Latitude&quot;: -25.86325538,
        &quot;Longitude&quot;: 28.18793493
      }
    },
    {
      &quot;attributes&quot;: {
        &quot;Precincts&quot;: &quot;Centurion CBD 1&quot;,
        &quot;Quickbase_Status&quot;: &quot;Planned&quot;,
        &quot;QBRecordID&quot;: 6333,
        &quot;Third_Party_Dependant_For_Conne&quot;: null,
        &quot;Latitude&quot;: -25.86331064,
        &quot;Longitude&quot;: 28.1881674
      }
    },
    {
      &quot;attributes&quot;: {
        &quot;Precincts&quot;: &quot;Centurion CBD 1&quot;,
        &quot;Quickbase_Status&quot;: &quot;Planned&quot;,
        &quot;QBRecordID&quot;: 6341,
        &quot;Third_Party_Dependant_For_Conne&quot;: null,
        &quot;Latitude&quot;: -25.86303673,
        &quot;Longitude&quot;: 28.18918631
      }
    },
    {
      &quot;attributes&quot;: {
        &quot;Precincts&quot;: &quot;Centurion CBD 1&quot;,
        &quot;Quickbase_Status&quot;: &quot;Planned&quot;,
        &quot;QBRecordID&quot;: 6344,
        &quot;Third_Party_Dependant_For_Conne&quot;: null,
        &quot;Latitude&quot;: -25.8628481,
        &quot;Longitude&quot;: 28.18973171
      }
    },
    {
      &quot;attributes&quot;: {
        &quot;Precincts&quot;: &quot;Centurion CBD 1&quot;,
        &quot;Quickbase_Status&quot;: &quot;Planned&quot;,
        &quot;QBRecordID&quot;: 6347,
        &quot;Third_Party_Dependant_For_Conne&quot;: null,
        &quot;Latitude&quot;: -25.86245774,
        &quot;Longitude&quot;: 28.18882818
      }
    },
    {
      &quot;attributes&quot;: {
        &quot;Precincts&quot;: &quot;Centurion CBD 2&quot;,
        &quot;Quickbase_Status&quot;: &quot;Planned&quot;,
        &quot;QBRecordID&quot;: 6356,
        &quot;Third_Party_Dependant_For_Conne&quot;: null,
        &quot;Latitude&quot;: -25.86093293,
        &quot;Longitude&quot;: 28.18941453
      }
    },
    {
      &quot;attributes&quot;: {
        &quot;Precincts&quot;: &quot;Centurion CBD 2&quot;,
        &quot;Quickbase_Status&quot;: &quot;Planned&quot;,
        &quot;QBRecordID&quot;: 6364,
        &quot;Third_Party_Dependant_For_Conne&quot;: null,
        &quot;Latitude&quot;: -25.86179175,
        &quot;Longitude&quot;: 28.19098693
      }
    },
    {
      &quot;attributes&quot;: {
        &quot;Precincts&quot;: &quot;Centurion CBD 2&quot;,
        &quot;Quickbase_Status&quot;: &quot;Planned&quot;,
        &quot;QBRecordID&quot;: 6369,
        &quot;Third_Party_Dependant_For_Conne&quot;: null,
        &quot;Latitude&quot;: -25.86318798,
        &quot;Longitude&quot;: 28.19063917
      }
    },
    {
      &quot;attributes&quot;: {
        &quot;Precincts&quot;: &quot;Centurion CBD 2&quot;,
        &quot;Quickbase_Status&quot;: &quot;Planned&quot;,
        &quot;QBRecordID&quot;: 6370,
        &quot;Third_Party_Dependant_For_Conne&quot;: null,
        &quot;Latitude&quot;: -25.86330017,
        &quot;Longitude&quot;: 28.19095235
      }
    },
    {
      &quot;attributes&quot;: {
        &quot;Precincts&quot;: &quot;Centurion CBD 2&quot;,
        &quot;Quickbase_Status&quot;: &quot;Planned&quot;,
        &quot;QBRecordID&quot;: 6374,
        &quot;Third_Party_Dependant_For_Conne&quot;: null,
        &quot;Latitude&quot;: -25.86352598,
        &quot;Longitude&quot;: 28.19034627
      }
    },
    {
      &quot;attributes&quot;: {
        &quot;Precincts&quot;: &quot;Centurion CBD 2&quot;,
        &quot;Quickbase_Status&quot;: &quot;Planned&quot;,
        &quot;QBRecordID&quot;: 6371,
        &quot;Third_Party_Dependant_For_Conne&quot;: null,
        &quot;Latitude&quot;: -25.86387189,
        &quot;Longitude&quot;: 28.19027743
      }
    },
    {
      &quot;attributes&quot;: {
        &quot;Precincts&quot;: &quot;Centurion CBD 1&quot;,
        &quot;Quickbase_Status&quot;: &quot;Planned&quot;,
        &quot;QBRecordID&quot;: 6342,
        &quot;Third_Party_Dependant_For_Conne&quot;: null,
        &quot;Latitude&quot;: -25.86288036,
        &quot;Longitude&quot;: 28.18891159
      }
    },
    {
      &quot;attributes&quot;: {
        &quot;Precincts&quot;: &quot;Centurion CBD 1&quot;,
        &quot;Quickbase_Status&quot;: &quot;Planned&quot;,
        &quot;QBRecordID&quot;: 6325,
        &quot;Third_Party_Dependant_For_Conne&quot;: null,
        &quot;Latitude&quot;: -25.86213132,
        &quot;Longitude&quot;: 28.18831887
      }
    },
    {
      &quot;attributes&quot;: {
        &quot;Precincts&quot;: &quot;Hatfield (Phase 3)&quot;,
        &quot;Quickbase_Status&quot;: &quot;Planned&quot;,
        &quot;QBRecordID&quot;: 2932,
        &quot;Third_Party_Dependant_For_Conne&quot;: null,
        &quot;Latitude&quot;: -25.74451559,
        &quot;Longitude&quot;: 28.24166628
      }
    },
    {
      &quot;attributes&quot;: {
        &quot;Precincts&quot;: &quot;Peter Place&quot;,
        &quot;Quickbase_Status&quot;: &quot;Planned&quot;,
        &quot;QBRecordID&quot;: 2849,
        &quot;Third_Party_Dependant_For_Conne&quot;: null,
        &quot;Latitude&quot;: -26.08148995,
        &quot;Longitude&quot;: 28.01952029
      }
    },
    {
      &quot;attributes&quot;: {
        &quot;Precincts&quot;: &quot;Ingersol&quot;,
        &quot;Quickbase_Status&quot;: &quot;Planned&quot;,
        &quot;QBRecordID&quot;: 3883,
        &quot;Third_Party_Dependant_For_Conne&quot;: null,
        &quot;Latitude&quot;: -25.77705897,
        &quot;Longitude&quot;: 28.27434593
      }
    },
    {
      &quot;attributes&quot;: {
        &quot;Precincts&quot;: &quot;James Crescent&quot;,
        &quot;Quickbase_Status&quot;: &quot;Planned&quot;,
        &quot;QBRecordID&quot;: 2152,
        &quot;Third_Party_Dependant_For_Conne&quot;: null,
        &quot;Latitude&quot;: -26.00757621,
        &quot;Longitude&quot;: 28.12576594
      }
    },
    {
      &quot;attributes&quot;: {
        &quot;Precincts&quot;: &quot;Rivonia North&quot;,
        &quot;Quickbase_Status&quot;: &quot;Planned&quot;,
        &quot;QBRecordID&quot;: 3935,
        &quot;Third_Party_Dependant_For_Conne&quot;: null,
        &quot;Latitude&quot;: -26.03998641,
        &quot;Longitude&quot;: 28.06126976
      }
    },
    {
      &quot;attributes&quot;: {
        &quot;Precincts&quot;: &quot;CPT CBD Phase 03&quot;,
        &quot;Quickbase_Status&quot;: &quot;Planned&quot;,
        &quot;QBRecordID&quot;: 3120,
        &quot;Third_Party_Dependant_For_Conne&quot;: null,
        &quot;Latitude&quot;: -33.92392715,
        &quot;Longitude&quot;: 18.41416068
      }
    },
    {
      &quot;attributes&quot;: {
        &quot;Precincts&quot;: &quot;CPT CBD Phase 03&quot;,
        &quot;Quickbase_Status&quot;: &quot;Planned&quot;,
        &quot;QBRecordID&quot;: 3126,
        &quot;Third_Party_Dependant_For_Conne&quot;: null,
        &quot;Latitude&quot;: -33.92402728,
        &quot;Longitude&quot;: 18.41453542
      }
    },
    {
      &quot;attributes&quot;: {
        &quot;Precincts&quot;: &quot;CPT CBD Phase 03&quot;,
        &quot;Quickbase_Status&quot;: &quot;Planned&quot;,
        &quot;QBRecordID&quot;: 3141,
        &quot;Third_Party_Dependant_For_Conne&quot;: null,
        &quot;Latitude&quot;: -33.92559903,
        &quot;Longitude&quot;: 18.41542683
      }
    },
    {
      &quot;attributes&quot;: {
        &quot;Precincts&quot;: &quot;CPT CBD Phase 03&quot;,
        &quot;Quickbase_Status&quot;: &quot;Planned&quot;,
        &quot;QBRecordID&quot;: 3142,
        &quot;Third_Party_Dependant_For_Conne&quot;: null,
        &quot;Latitude&quot;: -33.92563875,
        &quot;Longitude&quot;: 18.41522344
      }
    },
    {
      &quot;attributes&quot;: {
        &quot;Precincts&quot;: &quot;CPT CBD Phase 03&quot;,
        &quot;Quickbase_Status&quot;: &quot;Planned&quot;,
        &quot;QBRecordID&quot;: 3143,
        &quot;Third_Party_Dependant_For_Conne&quot;: null,
        &quot;Latitude&quot;: -33.9257749,
        &quot;Longitude&quot;: 18.41527346
      }
    },
    {
      &quot;attributes&quot;: {
        &quot;Precincts&quot;: &quot;CPT CBD Phase 03&quot;,
        &quot;Quickbase_Status&quot;: &quot;Planned&quot;,
        &quot;QBRecordID&quot;: 3144,
        &quot;Third_Party_Dependant_For_Conne&quot;: null,
        &quot;Latitude&quot;: -33.92586659,
        &quot;Longitude&quot;: 18.41518631
      }
    },
    {
      &quot;attributes&quot;: {
        &quot;Precincts&quot;: &quot;CPT CBD Phase 03&quot;,
        &quot;Quickbase_Status&quot;: &quot;Planned&quot;,
        &quot;QBRecordID&quot;: 3145,
        &quot;Third_Party_Dependant_For_Conne&quot;: null,
        &quot;Latitude&quot;: -33.92596689,
        &quot;Longitude&quot;: 18.41507901
      }
    },
    {
      &quot;attributes&quot;: {
        &quot;Precincts&quot;: &quot;CPT CBD Phase 03&quot;,
        &quot;Quickbase_Status&quot;: &quot;Planned&quot;,
        &quot;QBRecordID&quot;: 3150,
        &quot;Third_Party_Dependant_For_Conne&quot;: null,
        &quot;Latitude&quot;: -33.92658181,
        &quot;Longitude&quot;: 18.41600348
      }
    },
    {
      &quot;attributes&quot;: {
        &quot;Precincts&quot;: &quot;CPT CBD Phase 03&quot;,
        &quot;Quickbase_Status&quot;: &quot;Planned&quot;,
        &quot;QBRecordID&quot;: 3158,
        &quot;Third_Party_Dependant_For_Conne&quot;: null,
        &quot;Latitude&quot;: -33.92620165,
        &quot;Longitude&quot;: 18.41527888
      }
    },
    {
      &quot;attributes&quot;: {
        &quot;Precincts&quot;: &quot;CPT CBD Phase 03&quot;,
        &quot;Quickbase_Status&quot;: &quot;Planned&quot;,
        &quot;QBRecordID&quot;: 3155,
        &quot;Third_Party_Dependant_For_Conne&quot;: null,
        &quot;Latitude&quot;: -33.92646245,
        &quot;Longitude&quot;: 18.41560472
      }
    },
    {
      &quot;attributes&quot;: {
        &quot;Precincts&quot;: &quot;CPT CBD Phase 03&quot;,
        &quot;Quickbase_Status&quot;: &quot;Planned&quot;,
        &quot;QBRecordID&quot;: 3156,
        &quot;Third_Party_Dependant_For_Conne&quot;: null,
        &quot;Latitude&quot;: -33.92634437,
        &quot;Longitude&quot;: 18.41545979
      }
    },
    {
      &quot;attributes&quot;: {
        &quot;Precincts&quot;: &quot;CPT CBD Phase 04&quot;,
        &quot;Quickbase_Status&quot;: &quot;Planned&quot;,
        &quot;QBRecordID&quot;: 3813,
        &quot;Third_Party_Dependant_For_Conne&quot;: null,
        &quot;Latitude&quot;: -33.92279228,
        &quot;Longitude&quot;: 18.42084512
      }
    },
    {
      &quot;attributes&quot;: {
        &quot;Precincts&quot;: &quot;CPT CBD Phase 04&quot;,
        &quot;Quickbase_Status&quot;: &quot;Planned&quot;,
        &quot;QBRecordID&quot;: 3414,
        &quot;Third_Party_Dependant_For_Conne&quot;: null,
        &quot;Latitude&quot;: -33.92289973,
        &quot;Longitude&quot;: 18.42061916
      }
    },
    {
      &quot;attributes&quot;: {
        &quot;Precincts&quot;: &quot;CPT CBD Phase 03&quot;,
        &quot;Quickbase_Status&quot;: &quot;Planned&quot;,
        &quot;QBRecordID&quot;: 3119,
        &quot;Third_Party_Dependant_For_Conne&quot;: null,
        &quot;Latitude&quot;: -33.9235198,
        &quot;Longitude&quot;: 18.41491089
      }
    },
    {
      &quot;attributes&quot;: {
        &quot;Precincts&quot;: &quot;CPT CBD Phase 04&quot;,
        &quot;Quickbase_Status&quot;: &quot;Planned&quot;,
        &quot;QBRecordID&quot;: 3847,
        &quot;Third_Party_Dependant_For_Conne&quot;: null,
        &quot;Latitude&quot;: -33.92225051,
        &quot;Longitude&quot;: 18.42210352
      }
    },
    {
      &quot;attributes&quot;: {
        &quot;Precincts&quot;: &quot;CPT CBD Phase 04&quot;,
        &quot;Quickbase_Status&quot;: &quot;Planned&quot;,
        &quot;QBRecordID&quot;: 3850,
        &quot;Third_Party_Dependant_For_Conne&quot;: null,
        &quot;Latitude&quot;: -33.92274199,
        &quot;Longitude&quot;: 18.42206718
      }
    },
    {
      &quot;attributes&quot;: {
        &quot;Precincts&quot;: &quot;CPT CBD Phase 04&quot;,
        &quot;Quickbase_Status&quot;: &quot;Planned&quot;,
        &quot;QBRecordID&quot;: 3861,
        &quot;Third_Party_Dependant_For_Conne&quot;: null,
        &quot;Latitude&quot;: -33.92317243,
        &quot;Longitude&quot;: 18.42141223
      }
    },
    {
      &quot;attributes&quot;: {
        &quot;Precincts&quot;: &quot;CPT CBD Phase 04&quot;,
        &quot;Quickbase_Status&quot;: &quot;Planned&quot;,
        &quot;QBRecordID&quot;: 3854,
        &quot;Third_Party_Dependant_For_Conne&quot;: null,
        &quot;Latitude&quot;: -33.92215872,
        &quot;Longitude&quot;: 18.42084911
      }
    },
    {
      &quot;attributes&quot;: {
        &quot;Precincts&quot;: &quot;CPT CBD Phase 04&quot;,
        &quot;Quickbase_Status&quot;: &quot;Planned&quot;,
        &quot;QBRecordID&quot;: 3853,
        &quot;Third_Party_Dependant_For_Conne&quot;: null,
        &quot;Latitude&quot;: -33.92220408,
        &quot;Longitude&quot;: 18.42096439
      }
    },
    {
      &quot;attributes&quot;: {
        &quot;Precincts&quot;: &quot;CPT CBD Phase 04&quot;,
        &quot;Quickbase_Status&quot;: &quot;Planned&quot;,
        &quot;QBRecordID&quot;: 3412,
        &quot;Third_Party_Dependant_For_Conne&quot;: null,
        &quot;Latitude&quot;: -33.92296972,
        &quot;Longitude&quot;: 18.42117813
      }
    },
    {
      &quot;attributes&quot;: {
        &quot;Precincts&quot;: &quot;CPT CBD Phase 04&quot;,
        &quot;Quickbase_Status&quot;: &quot;Planned&quot;,
        &quot;QBRecordID&quot;: 3862,
        &quot;Third_Party_Dependant_For_Conne&quot;: null,
        &quot;Latitude&quot;: -33.92305515,
        &quot;Longitude&quot;: 18.42124607
      }
    },
    {
      &quot;attributes&quot;: {
        &quot;Precincts&quot;: &quot;CPT CBD Phase 04&quot;,
        &quot;Quickbase_Status&quot;: &quot;Planned&quot;,
        &quot;QBRecordID&quot;: 3864,
        &quot;Third_Party_Dependant_For_Conne&quot;: null,
        &quot;Latitude&quot;: -33.92324289,
        &quot;Longitude&quot;: 18.42104003
      }
    },
    {
      &quot;attributes&quot;: {
        &quot;Precincts&quot;: &quot;CPT CBD Phase 04&quot;,
        &quot;Quickbase_Status&quot;: &quot;Planned&quot;,
        &quot;QBRecordID&quot;: 3865,
        &quot;Third_Party_Dependant_For_Conne&quot;: null,
        &quot;Latitude&quot;: -33.92345736,
        &quot;Longitude&quot;: 18.42124777
      }
    },
    {
      &quot;attributes&quot;: {
        &quot;Precincts&quot;: &quot;CPT CBD Phase 04&quot;,
        &quot;Quickbase_Status&quot;: &quot;Planned&quot;,
        &quot;QBRecordID&quot;: 3869,
        &quot;Third_Party_Dependant_For_Conne&quot;: null,
        &quot;Latitude&quot;: -33.92418265,
        &quot;Longitude&quot;: 18.42017614
      }
    },
    {
      &quot;attributes&quot;: {
        &quot;Precincts&quot;: &quot;CPT CBD Phase 04&quot;,
        &quot;Quickbase_Status&quot;: &quot;Planned&quot;,
        &quot;QBRecordID&quot;: 3416,
        &quot;Third_Party_Dependant_For_Conne&quot;: null,
        &quot;Latitude&quot;: -33.92367667,
        &quot;Longitude&quot;: 18.42051723
      }
    },
    {
      &quot;attributes&quot;: {
        &quot;Precincts&quot;: &quot;CPT CBD Phase 03&quot;,
        &quot;Quickbase_Status&quot;: &quot;Planned&quot;,
        &quot;QBRecordID&quot;: 3841,
        &quot;Third_Party_Dependant_For_Conne&quot;: null,
        &quot;Latitude&quot;: -33.92482378,
        &quot;Longitude&quot;: 18.41366048
      }
    },
    {
      &quot;attributes&quot;: {
        &quot;Precincts&quot;: &quot;CPT CBD Phase 06&quot;,
        &quot;Quickbase_Status&quot;: &quot;Planned&quot;,
        &quot;QBRecordID&quot;: 3215,
        &quot;Third_Party_Dependant_For_Conne&quot;: null,
        &quot;Latitude&quot;: -33.91941636,
        &quot;Longitude&quot;: 18.42301059
      }
    },
    {
      &quot;attributes&quot;: {
        &quot;Precincts&quot;: &quot;CPT CBD Phase 06&quot;,
        &quot;Quickbase_Status&quot;: &quot;Planned&quot;,
        &quot;QBRecordID&quot;: 3220,
        &quot;Third_Party_Dependant_For_Conne&quot;: null,
        &quot;Latitude&quot;: -33.92015226,
        &quot;Longitude&quot;: 18.42249062
      }
    },
    {
      &quot;attributes&quot;: {
        &quot;Precincts&quot;: &quot;CPT CBD Phase 06&quot;,
        &quot;Quickbase_Status&quot;: &quot;Planned&quot;,
        &quot;QBRecordID&quot;: 3219,
        &quot;Third_Party_Dependant_For_Conne&quot;: null,
        &quot;Latitude&quot;: -33.9199374,
        &quot;Longitude&quot;: 18.42271192
      }
    },
    {
      &quot;attributes&quot;: {
        &quot;Precincts&quot;: &quot;CPT CBD Phase 06&quot;,
        &quot;Quickbase_Status&quot;: &quot;Planned&quot;,
        &quot;QBRecordID&quot;: 3223,
        &quot;Third_Party_Dependant_For_Conne&quot;: null,
        &quot;Latitude&quot;: -33.9207833,
        &quot;Longitude&quot;: 18.42385973
      }
    },
    {
      &quot;attributes&quot;: {
        &quot;Precincts&quot;: &quot;CPT CBD Phase 06&quot;,
        &quot;Quickbase_Status&quot;: &quot;Planned&quot;,
        &quot;QBRecordID&quot;: 3228,
        &quot;Third_Party_Dependant_For_Conne&quot;: null,
        &quot;Latitude&quot;: -33.92099638,
        &quot;Longitude&quot;: 18.42273912
      }
    },
    {
      &quot;attributes&quot;: {
        &quot;Precincts&quot;: &quot;CPT CBD Phase 06&quot;,
        &quot;Quickbase_Status&quot;: &quot;Planned&quot;,
        &quot;QBRecordID&quot;: 3229,
        &quot;Third_Party_Dependant_For_Conne&quot;: null,
        &quot;Latitude&quot;: -33.92107857,
        &quot;Longitude&quot;: 18.42275054
      }
    },
    {
      &quot;attributes&quot;: {
        &quot;Precincts&quot;: &quot;CPT CBD Phase 06&quot;,
        &quot;Quickbase_Status&quot;: &quot;Planned&quot;,
        &quot;QBRecordID&quot;: 3410,
        &quot;Third_Party_Dependant_For_Conne&quot;: null,
        &quot;Latitude&quot;: -33.92117158,
        &quot;Longitude&quot;: 18.42266907
      }
    },
    {
      &quot;attributes&quot;: {
        &quot;Precincts&quot;: &quot;CPT CBD Phase 14&quot;,
        &quot;Quickbase_Status&quot;: &quot;Planned&quot;,
        &quot;QBRecordID&quot;: 3746,
        &quot;Third_Party_Dependant_For_Conne&quot;: null,
        &quot;Latitude&quot;: -33.92536942,
        &quot;Longitude&quot;: 18.4237409
      }
    },
    {
      &quot;attributes&quot;: {
        &quot;Precincts&quot;: &quot;CPT CBD Phase 14&quot;,
        &quot;Quickbase_Status&quot;: &quot;Planned&quot;,
        &quot;QBRecordID&quot;: 3747,
        &quot;Third_Party_Dependant_For_Conne&quot;: null,
        &quot;Latitude&quot;: -33.92595368,
        &quot;Longitude&quot;: 18.4245935
      }
    },
    {
      &quot;attributes&quot;: {
        &quot;Precincts&quot;: &quot;CPT CBD Phase 14&quot;,
        &quot;Quickbase_Status&quot;: &quot;Planned&quot;,
        &quot;QBRecordID&quot;: 3839,
        &quot;Third_Party_Dependant_For_Conne&quot;: null,
        &quot;Latitude&quot;: -33.92584955,
        &quot;Longitude&quot;: 18.42325872
      }
    },
    {
      &quot;attributes&quot;: {
        &quot;Precincts&quot;: &quot;CPT CBD Phase 14&quot;,
        &quot;Quickbase_Status&quot;: &quot;Planned&quot;,
        &quot;QBRecordID&quot;: 3751,
        &quot;Third_Party_Dependant_For_Conne&quot;: null,
        &quot;Latitude&quot;: -33.92692694,
        &quot;Longitude&quot;: 18.4249645
      }
    },
    {
      &quot;attributes&quot;: {
        &quot;Precincts&quot;: &quot;CPT CBD Phase 14&quot;,
        &quot;Quickbase_Status&quot;: &quot;Planned&quot;,
        &quot;QBRecordID&quot;: 3753,
        &quot;Third_Party_Dependant_For_Conne&quot;: null,
        &quot;Latitude&quot;: -33.9273128,
        &quot;Longitude&quot;: 18.42480314
      }
    },
    {
      &quot;attributes&quot;: {
        &quot;Precincts&quot;: &quot;CPT CBD Phase 14&quot;,
        &quot;Quickbase_Status&quot;: &quot;Planned&quot;,
        &quot;QBRecordID&quot;: 3762,
        &quot;Third_Party_Dependant_For_Conne&quot;: null,
        &quot;Latitude&quot;: -33.92593171,
        &quot;Longitude&quot;: 18.42118014
      }
    },
    {
      &quot;attributes&quot;: {
        &quot;Precincts&quot;: &quot;CPT CBD Phase 14&quot;,
        &quot;Quickbase_Status&quot;: &quot;Planned&quot;,
        &quot;QBRecordID&quot;: 3765,
        &quot;Third_Party_Dependant_For_Conne&quot;: null,
        &quot;Latitude&quot;: -33.92595951,
        &quot;Longitude&quot;: 18.42169475
      }
    },
    {
      &quot;attributes&quot;: {
        &quot;Precincts&quot;: &quot;CPT CBD Phase 14&quot;,
        &quot;Quickbase_Status&quot;: &quot;Planned&quot;,
        &quot;QBRecordID&quot;: 3772,
        &quot;Third_Party_Dependant_For_Conne&quot;: null,
        &quot;Latitude&quot;: -33.92597604,
        &quot;Longitude&quot;: 18.42159088
      }
    },
    {
      &quot;attributes&quot;: {
        &quot;Precincts&quot;: &quot;CPT CBD Phase 14&quot;,
        &quot;Quickbase_Status&quot;: &quot;Planned&quot;,
        &quot;QBRecordID&quot;: 3771,
        &quot;Third_Party_Dependant_For_Conne&quot;: null,
        &quot;Latitude&quot;: -33.92610644,
        &quot;Longitude&quot;: 18.42157451
      }
    },
    {
      &quot;attributes&quot;: {
        &quot;Precincts&quot;: &quot;CPT CBD Phase 14&quot;,
        &quot;Quickbase_Status&quot;: &quot;Planned&quot;,
        &quot;QBRecordID&quot;: 3770,
        &quot;Third_Party_Dependant_For_Conne&quot;: null,
        &quot;Latitude&quot;: -33.92643028,
        &quot;Longitude&quot;: 18.42107717
      }
    },
    {
      &quot;attributes&quot;: {
        &quot;Precincts&quot;: &quot;CPT CBD Phase 14&quot;,
        &quot;Quickbase_Status&quot;: &quot;Planned&quot;,
        &quot;QBRecordID&quot;: 3768,
        &quot;Third_Party_Dependant_For_Conne&quot;: null,
        &quot;Latitude&quot;: -33.92658424,
        &quot;Longitude&quot;: 18.42126666
      }
    },
    {
      &quot;attributes&quot;: {
        &quot;Precincts&quot;: &quot;CPT CBD Phase 14&quot;,
        &quot;Quickbase_Status&quot;: &quot;Planned&quot;,
        &quot;QBRecordID&quot;: 3775,
        &quot;Third_Party_Dependant_For_Conne&quot;: null,
        &quot;Latitude&quot;: -33.92641097,
        &quot;Longitude&quot;: 18.42317106
      }
    },
    {
      &quot;attributes&quot;: {
        &quot;Precincts&quot;: &quot;CPT CBD Phase 14&quot;,
        &quot;Quickbase_Status&quot;: &quot;Planned&quot;,
        &quot;QBRecordID&quot;: 3773,
        &quot;Third_Party_Dependant_For_Conne&quot;: null,
        &quot;Latitude&quot;: -33.9260822,
        &quot;Longitude&quot;: 18.42255202
      }
    },
    {
      &quot;attributes&quot;: {
        &quot;Precincts&quot;: &quot;CPT CBD Phase 14&quot;,
        &quot;Quickbase_Status&quot;: &quot;Planned&quot;,
        &quot;QBRecordID&quot;: 3776,
        &quot;Third_Party_Dependant_For_Conne&quot;: null,
        &quot;Latitude&quot;: -33.92628625,
        &quot;Longitude&quot;: 18.42232396
      }
    },
    {
      &quot;attributes&quot;: {
        &quot;Precincts&quot;: &quot;CPT CBD Phase 14&quot;,
        &quot;Quickbase_Status&quot;: &quot;Planned&quot;,
        &quot;QBRecordID&quot;: 3774,
        &quot;Third_Party_Dependant_For_Conne&quot;: null,
        &quot;Latitude&quot;: -33.92644455,
        &quot;Longitude&quot;: 18.42278307
      }
    },
    {
      &quot;attributes&quot;: {
        &quot;Precincts&quot;: &quot;CPT CBD Phase 13&quot;,
        &quot;Quickbase_Status&quot;: &quot;Planned&quot;,
        &quot;QBRecordID&quot;: 10519,
        &quot;Third_Party_Dependant_For_Conne&quot;: null,
        &quot;Latitude&quot;: -33.92175674,
        &quot;Longitude&quot;: 18.42007172
      }
    },
    {
      &quot;attributes&quot;: {
        &quot;Precincts&quot;: &quot;CPT CBD Phase 10&quot;,
        &quot;Quickbase_Status&quot;: &quot;Planned&quot;,
        &quot;QBRecordID&quot;: 10258,
        &quot;Third_Party_Dependant_For_Conne&quot;: null,
        &quot;Latitude&quot;: -33.92495093,
        &quot;Longitude&quot;: 18.42217365
      }
    },
    {
      &quot;attributes&quot;: {
        &quot;Precincts&quot;: &quot;Lagoon Drive&quot;,
        &quot;Quickbase_Status&quot;: &quot;Planned&quot;,
        &quot;QBRecordID&quot;: 7626,
        &quot;Third_Party_Dependant_For_Conne&quot;: null,
        &quot;Latitude&quot;: -29.72704207,
        &quot;Longitude&quot;: 31.08295459
      }
    },
    {
      &quot;attributes&quot;: {
        &quot;Precincts&quot;: &quot;Lagoon Drive&quot;,
        &quot;Quickbase_Status&quot;: &quot;Planned&quot;,
        &quot;QBRecordID&quot;: 7607,
        &quot;Third_Party_Dependant_For_Conne&quot;: null,
        &quot;Latitude&quot;: -29.72069415,
        &quot;Longitude&quot;: 31.08985573
      }
    },
    {
      &quot;attributes&quot;: {
        &quot;Precincts&quot;: &quot;Lagoon Drive&quot;,
        &quot;Quickbase_Status&quot;: &quot;Planned&quot;,
        &quot;QBRecordID&quot;: 7606,
        &quot;Third_Party_Dependant_For_Conne&quot;: null,
        &quot;Latitude&quot;: -29.72128821,
        &quot;Longitude&quot;: 31.08963308
      }
    },
    {
      &quot;attributes&quot;: {
        &quot;Precincts&quot;: &quot;Lagoon Drive&quot;,
        &quot;Quickbase_Status&quot;: &quot;Planned&quot;,
        &quot;QBRecordID&quot;: 7603,
        &quot;Third_Party_Dependant_For_Conne&quot;: null,
        &quot;Latitude&quot;: -29.72367429,
        &quot;Longitude&quot;: 31.0860043
      }
    },
    {
      &quot;attributes&quot;: {
        &quot;Precincts&quot;: &quot;Lagoon Drive&quot;,
        &quot;Quickbase_Status&quot;: &quot;Planned&quot;,
        &quot;QBRecordID&quot;: 7605,
        &quot;Third_Party_Dependant_For_Conne&quot;: null,
        &quot;Latitude&quot;: -29.72181256,
        &quot;Longitude&quot;: 31.08793945
      }
    },
    {
      &quot;attributes&quot;: {
        &quot;Precincts&quot;: &quot;Lagoon Drive&quot;,
        &quot;Quickbase_Status&quot;: &quot;Planned&quot;,
        &quot;QBRecordID&quot;: 7600,
        &quot;Third_Party_Dependant_For_Conne&quot;: null,
        &quot;Latitude&quot;: -29.72376402,
        &quot;Longitude&quot;: 31.08790688
      }
    },
    {
      &quot;attributes&quot;: {
        &quot;Precincts&quot;: &quot;Lagoon Drive&quot;,
        &quot;Quickbase_Status&quot;: &quot;Planned&quot;,
        &quot;QBRecordID&quot;: 7601,
        &quot;Third_Party_Dependant_For_Conne&quot;: null,
        &quot;Latitude&quot;: -29.72471777,
        &quot;Longitude&quot;: 31.08846307
      }
    },
    {
      &quot;attributes&quot;: {
        &quot;Precincts&quot;: &quot;Lagoon Drive&quot;,
        &quot;Quickbase_Status&quot;: &quot;Planned&quot;,
        &quot;QBRecordID&quot;: 7602,
        &quot;Third_Party_Dependant_For_Conne&quot;: null,
        &quot;Latitude&quot;: -29.72311012,
        &quot;Longitude&quot;: 31.08574026
      }
    },
    {
      &quot;attributes&quot;: {
        &quot;Precincts&quot;: &quot;Lagoon Drive&quot;,
        &quot;Quickbase_Status&quot;: &quot;Planned&quot;,
        &quot;QBRecordID&quot;: 7620,
        &quot;Third_Party_Dependant_For_Conne&quot;: null,
        &quot;Latitude&quot;: -29.72634689,
        &quot;Longitude&quot;: 31.08455031
      }
    },
    {
      &quot;attributes&quot;: {
        &quot;Precincts&quot;: &quot;Umhlanga (Phase 2)&quot;,
        &quot;Quickbase_Status&quot;: &quot;Planned&quot;,
        &quot;QBRecordID&quot;: 7556,
        &quot;Third_Party_Dependant_For_Conne&quot;: null,
        &quot;Latitude&quot;: -29.72974127,
        &quot;Longitude&quot;: 31.06368176
      }
    },
    {
      &quot;attributes&quot;: {
        &quot;Precincts&quot;: &quot;Umhlanga (Phase 2)&quot;,
        &quot;Quickbase_Status&quot;: &quot;Planned&quot;,
        &quot;QBRecordID&quot;: 7565,
        &quot;Third_Party_Dependant_For_Conne&quot;: null,
        &quot;Latitude&quot;: -29.73199328,
        &quot;Longitude&quot;: 31.06208635
      }
    },
    {
      &quot;attributes&quot;: {
        &quot;Precincts&quot;: &quot;Meridian Drive&quot;,
        &quot;Quickbase_Status&quot;: &quot;Planned&quot;,
        &quot;QBRecordID&quot;: 7508,
        &quot;Third_Party_Dependant_For_Conne&quot;: null,
        &quot;Latitude&quot;: -29.72015901,
        &quot;Longitude&quot;: 31.06219945
      }
    },
    {
      &quot;attributes&quot;: {
        &quot;Precincts&quot;: &quot;Meridian Drive&quot;,
        &quot;Quickbase_Status&quot;: &quot;Planned&quot;,
        &quot;QBRecordID&quot;: 7492,
        &quot;Third_Party_Dependant_For_Conne&quot;: null,
        &quot;Latitude&quot;: -29.72021177,
        &quot;Longitude&quot;: 31.0613511
      }
    },
    {
      &quot;attributes&quot;: {
        &quot;Precincts&quot;: &quot;Meridian Drive&quot;,
        &quot;Quickbase_Status&quot;: &quot;Planned&quot;,
        &quot;QBRecordID&quot;: 7509,
        &quot;Third_Party_Dependant_For_Conne&quot;: null,
        &quot;Latitude&quot;: -29.71973915,
        &quot;Longitude&quot;: 31.06161347
      }
    },
    {
      &quot;attributes&quot;: {
        &quot;Precincts&quot;: &quot;Meridian Drive&quot;,
        &quot;Quickbase_Status&quot;: &quot;Planned&quot;,
        &quot;QBRecordID&quot;: 7507,
        &quot;Third_Party_Dependant_For_Conne&quot;: null,
        &quot;Latitude&quot;: -29.71908871,
        &quot;Longitude&quot;: 31.06226661
      }
    },
    {
      &quot;attributes&quot;: {
        &quot;Precincts&quot;: &quot;Meridian Drive&quot;,
        &quot;Quickbase_Status&quot;: &quot;Planned&quot;,
        &quot;QBRecordID&quot;: 7477,
        &quot;Third_Party_Dependant_For_Conne&quot;: null,
        &quot;Latitude&quot;: -29.71881325,
        &quot;Longitude&quot;: 31.06580955
      }
    },
    {
      &quot;attributes&quot;: {
        &quot;Precincts&quot;: &quot;Meridian Drive&quot;,
        &quot;Quickbase_Status&quot;: &quot;Planned&quot;,
        &quot;QBRecordID&quot;: 9425,
        &quot;Third_Party_Dependant_For_Conne&quot;: null,
        &quot;Latitude&quot;: -29.7191239,
        &quot;Longitude&quot;: 31.06478992
      }
    },
    {
      &quot;attributes&quot;: {
        &quot;Precincts&quot;: &quot;Meridian Drive&quot;,
        &quot;Quickbase_Status&quot;: &quot;Planned&quot;,
        &quot;QBRecordID&quot;: 7451,
        &quot;Third_Party_Dependant_For_Conne&quot;: null,
        &quot;Latitude&quot;: -29.71854721,
        &quot;Longitude&quot;: 31.06424988
      }
    },
    {
      &quot;attributes&quot;: {
        &quot;Precincts&quot;: &quot;Meridian Drive&quot;,
        &quot;Quickbase_Status&quot;: &quot;Planned&quot;,
        &quot;QBRecordID&quot;: 7452,
        &quot;Third_Party_Dependant_For_Conne&quot;: null,
        &quot;Latitude&quot;: -29.71900008,
        &quot;Longitude&quot;: 31.06385173
      }
    },
    {
      &quot;attributes&quot;: {
        &quot;Precincts&quot;: &quot;Meridian Drive&quot;,
        &quot;Quickbase_Status&quot;: &quot;Planned&quot;,
        &quot;QBRecordID&quot;: 7460,
        &quot;Third_Party_Dependant_For_Conne&quot;: null,
        &quot;Latitude&quot;: -29.71772471,
        &quot;Longitude&quot;: 31.0648308
      }
    },
    {
      &quot;attributes&quot;: {
        &quot;Precincts&quot;: &quot;Meridian Drive&quot;,
        &quot;Quickbase_Status&quot;: &quot;Planned&quot;,
        &quot;QBRecordID&quot;: 7535,
        &quot;Third_Party_Dependant_For_Conne&quot;: null,
        &quot;Latitude&quot;: -29.71693011,
        &quot;Longitude&quot;: 31.06388218
      }
    },
    {
      &quot;attributes&quot;: {
        &quot;Precincts&quot;: &quot;Meridian Drive&quot;,
        &quot;Quickbase_Status&quot;: &quot;Planned&quot;,
        &quot;QBRecordID&quot;: 7446,
        &quot;Third_Party_Dependant_For_Conne&quot;: null,
        &quot;Latitude&quot;: -29.72040951,
        &quot;Longitude&quot;: 31.06241834
      }
    },
    {
      &quot;attributes&quot;: {
        &quot;Precincts&quot;: &quot;Meridian Drive&quot;,
        &quot;Quickbase_Status&quot;: &quot;Planned&quot;,
        &quot;QBRecordID&quot;: 7443,
        &quot;Third_Party_Dependant_For_Conne&quot;: null,
        &quot;Latitude&quot;: -29.72111007,
        &quot;Longitude&quot;: 31.06165922
      }
    },
    {
      &quot;attributes&quot;: {
        &quot;Precincts&quot;: &quot;Meridian Drive&quot;,
        &quot;Quickbase_Status&quot;: &quot;Planned&quot;,
        &quot;QBRecordID&quot;: 9427,
        &quot;Third_Party_Dependant_For_Conne&quot;: null,
        &quot;Latitude&quot;: -29.72155795,
        &quot;Longitude&quot;: 31.06115783
      }
    },
    {
      &quot;attributes&quot;: {
        &quot;Precincts&quot;: &quot;Meridian Drive&quot;,
        &quot;Quickbase_Status&quot;: &quot;Planned&quot;,
        &quot;QBRecordID&quot;: 7442,
        &quot;Third_Party_Dependant_For_Conne&quot;: null,
        &quot;Latitude&quot;: -29.72186498,
        &quot;Longitude&quot;: 31.06184067
      }
    },
    {
      &quot;attributes&quot;: {
        &quot;Precincts&quot;: &quot;Meridian Drive&quot;,
        &quot;Quickbase_Status&quot;: &quot;Planned&quot;,
        &quot;QBRecordID&quot;: 7506,
        &quot;Third_Party_Dependant_For_Conne&quot;: null,
        &quot;Latitude&quot;: -29.72142354,
        &quot;Longitude&quot;: 31.063885
      }
    },
    {
      &quot;attributes&quot;: {
        &quot;Precincts&quot;: &quot;Meridian Drive&quot;,
        &quot;Quickbase_Status&quot;: &quot;Planned&quot;,
        &quot;QBRecordID&quot;: 7766,
        &quot;Third_Party_Dependant_For_Conne&quot;: null,
        &quot;Latitude&quot;: -29.72434592,
        &quot;Longitude&quot;: 31.06263383
      }
    },
    {
      &quot;attributes&quot;: {
        &quot;Precincts&quot;: &quot;Meridian Drive&quot;,
        &quot;Quickbase_Status&quot;: &quot;Planned&quot;,
        &quot;QBRecordID&quot;: 7494,
        &quot;Third_Party_Dependant_For_Conne&quot;: null,
        &quot;Latitude&quot;: -29.72308359,
        &quot;Longitude&quot;: 31.06316072
      }
    },
    {
      &quot;attributes&quot;: {
        &quot;Precincts&quot;: &quot;Meridian Drive&quot;,
        &quot;Quickbase_Status&quot;: &quot;Planned&quot;,
        &quot;QBRecordID&quot;: 7497,
        &quot;Third_Party_Dependant_For_Conne&quot;: null,
        &quot;Latitude&quot;: -29.72277643,
        &quot;Longitude&quot;: 31.06356602
      }
    },
    {
      &quot;attributes&quot;: {
        &quot;Precincts&quot;: &quot;Meridian Drive&quot;,
        &quot;Quickbase_Status&quot;: &quot;Planned&quot;,
        &quot;QBRecordID&quot;: 9432,
        &quot;Third_Party_Dependant_For_Conne&quot;: null,
        &quot;Latitude&quot;: -29.7237051,
        &quot;Longitude&quot;: 31.06432123
      }
    },
    {
      &quot;attributes&quot;: {
        &quot;Precincts&quot;: &quot;Meridian Drive&quot;,
        &quot;Quickbase_Status&quot;: &quot;Planned&quot;,
        &quot;QBRecordID&quot;: 9431,
        &quot;Third_Party_Dependant_For_Conne&quot;: null,
        &quot;Latitude&quot;: -29.72340848,
        &quot;Longitude&quot;: 31.06453818
      }
    },
    {
      &quot;attributes&quot;: {
        &quot;Precincts&quot;: &quot;Meridian Drive&quot;,
        &quot;Quickbase_Status&quot;: &quot;Planned&quot;,
        &quot;QBRecordID&quot;: 7511,
        &quot;Third_Party_Dependant_For_Conne&quot;: null,
        &quot;Latitude&quot;: -29.72316286,
        &quot;Longitude&quot;: 31.06513552
      }
    },
    {
      &quot;attributes&quot;: {
        &quot;Precincts&quot;: &quot;Meridian Drive&quot;,
        &quot;Quickbase_Status&quot;: &quot;Planned&quot;,
        &quot;QBRecordID&quot;: 7510,
        &quot;Third_Party_Dependant_For_Conne&quot;: null,
        &quot;Latitude&quot;: -29.72273771,
        &quot;Longitude&quot;: 31.06554047
      }
    },
    {
      &quot;attributes&quot;: {
        &quot;Precincts&quot;: &quot;Meridian Drive&quot;,
        &quot;Quickbase_Status&quot;: &quot;Planned&quot;,
        &quot;QBRecordID&quot;: 9433,
        &quot;Third_Party_Dependant_For_Conne&quot;: null,
        &quot;Latitude&quot;: -29.72170125,
        &quot;Longitude&quot;: 31.06593667
      }
    },
    {
      &quot;attributes&quot;: {
        &quot;Precincts&quot;: &quot;Meridian Drive&quot;,
        &quot;Quickbase_Status&quot;: &quot;Planned&quot;,
        &quot;QBRecordID&quot;: 7432,
        &quot;Third_Party_Dependant_For_Conne&quot;: null,
        &quot;Latitude&quot;: -29.7225082,
        &quot;Longitude&quot;: 31.06642721
      }
    },
    {
      &quot;attributes&quot;: {
        &quot;Precincts&quot;: &quot;Meridian Drive&quot;,
        &quot;Quickbase_Status&quot;: &quot;Planned&quot;,
        &quot;QBRecordID&quot;: 7539,
        &quot;Third_Party_Dependant_For_Conne&quot;: null,
        &quot;Latitude&quot;: -29.72900461,
        &quot;Longitude&quot;: 31.06878831
      }
    },
    {
      &quot;attributes&quot;: {
        &quot;Precincts&quot;: &quot;Meridian Drive&quot;,
        &quot;Quickbase_Status&quot;: &quot;Planned&quot;,
        &quot;QBRecordID&quot;: 9436,
        &quot;Third_Party_Dependant_For_Conne&quot;: null,
        &quot;Latitude&quot;: -29.7269315,
        &quot;Longitude&quot;: 31.0699449
      }
    },
    {
      &quot;attributes&quot;: {
        &quot;Precincts&quot;: &quot;Meridian Drive&quot;,
        &quot;Quickbase_Status&quot;: &quot;Planned&quot;,
        &quot;QBRecordID&quot;: 7531,
        &quot;Third_Party_Dependant_For_Conne&quot;: null,
        &quot;Latitude&quot;: -29.72398605,
        &quot;Longitude&quot;: 31.069976
      }
    },
    {
      &quot;attributes&quot;: {
        &quot;Precincts&quot;: &quot;CPT CBD Phase 07&quot;,
        &quot;Quickbase_Status&quot;: &quot;Planned&quot;,
        &quot;QBRecordID&quot;: 9368,
        &quot;Third_Party_Dependant_For_Conne&quot;: null,
        &quot;Latitude&quot;: -33.92482513,
        &quot;Longitude&quot;: 18.41812712
      }
    },
    {
      &quot;attributes&quot;: {
        &quot;Precincts&quot;: &quot;Briardene&quot;,
        &quot;Quickbase_Status&quot;: &quot;Planned&quot;,
        &quot;QBRecordID&quot;: 14087,
        &quot;Third_Party_Dependant_For_Conne&quot;: null,
        &quot;Latitude&quot;: -29.798779,
        &quot;Longitude&quot;: 31.00973621
      }
    },
    {
      &quot;attributes&quot;: {
        &quot;Precincts&quot;: &quot;Briardene&quot;,
        &quot;Quickbase_Status&quot;: &quot;Planned&quot;,
        &quot;QBRecordID&quot;: 14084,
        &quot;Third_Party_Dependant_For_Conne&quot;: null,
        &quot;Latitude&quot;: -29.79835209,
        &quot;Longitude&quot;: 31.00974175
      }
    },
    {
      &quot;attributes&quot;: {
        &quot;Precincts&quot;: &quot;Briardene&quot;,
        &quot;Quickbase_Status&quot;: &quot;Planned&quot;,
        &quot;QBRecordID&quot;: 14097,
        &quot;Third_Party_Dependant_For_Conne&quot;: null,
        &quot;Latitude&quot;: -29.79750233,
        &quot;Longitude&quot;: 31.01065456
      }
    },
    {
      &quot;attributes&quot;: {
        &quot;Precincts&quot;: &quot;Somerset West Phase 2&quot;,
        &quot;Quickbase_Status&quot;: &quot;Planned&quot;,
        &quot;QBRecordID&quot;: 13364,
        &quot;Third_Party_Dependant_For_Conne&quot;: null,
        &quot;Latitude&quot;: -34.08385941,
        &quot;Longitude&quot;: 18.82062084
      }
    },
    {
      &quot;attributes&quot;: {
        &quot;Precincts&quot;: &quot;Lagoon Drive&quot;,
        &quot;Quickbase_Status&quot;: &quot;Planned&quot;,
        &quot;QBRecordID&quot;: 14357,
        &quot;Third_Party_Dependant_For_Conne&quot;: null,
        &quot;Latitude&quot;: -29.72713186,
        &quot;Longitude&quot;: 31.08240451
      }
    },
    {
      &quot;attributes&quot;: {
        &quot;Precincts&quot;: &quot;Somerset West Phase 2&quot;,
        &quot;Quickbase_Status&quot;: &quot;Planned&quot;,
        &quot;QBRecordID&quot;: 14254,
        &quot;Third_Party_Dependant_For_Conne&quot;: null,
        &quot;Latitude&quot;: -34.08660231,
        &quot;Longitude&quot;: 18.82980112
      }
    },
    {
      &quot;attributes&quot;: {
        &quot;Precincts&quot;: &quot;Somerset West Phase 3&quot;,
        &quot;Quickbase_Status&quot;: &quot;Planned&quot;,
        &quot;QBRecordID&quot;: 14258,
        &quot;Third_Party_Dependant_For_Conne&quot;: null,
        &quot;Latitude&quot;: -34.08678018,
        &quot;Longitude&quot;: 18.82059296
      }
    },
    {
      &quot;attributes&quot;: {
        &quot;Precincts&quot;: &quot;Somerset West Phase 3&quot;,
        &quot;Quickbase_Status&quot;: &quot;Planned&quot;,
        &quot;QBRecordID&quot;: 14259,
        &quot;Third_Party_Dependant_For_Conne&quot;: null,
        &quot;Latitude&quot;: -34.08705272,
        &quot;Longitude&quot;: 18.82051374
      }
    },
    {
      &quot;attributes&quot;: {
        &quot;Precincts&quot;: &quot;Somerset West Phase 3&quot;,
        &quot;Quickbase_Status&quot;: &quot;Planned&quot;,
        &quot;QBRecordID&quot;: 14260,
        &quot;Third_Party_Dependant_For_Conne&quot;: null,
        &quot;Latitude&quot;: -34.08733536,
        &quot;Longitude&quot;: 18.82040705
      }
    },
    {
      &quot;attributes&quot;: {
        &quot;Precincts&quot;: &quot;Somerset West Phase 3&quot;,
        &quot;Quickbase_Status&quot;: &quot;Planned&quot;,
        &quot;QBRecordID&quot;: 14268,
        &quot;Third_Party_Dependant_For_Conne&quot;: null,
        &quot;Latitude&quot;: -34.08699301,
        &quot;Longitude&quot;: 18.82152684
      }
    },
    {
      &quot;attributes&quot;: {
        &quot;Precincts&quot;: &quot;Somerset West Phase 3&quot;,
        &quot;Quickbase_Status&quot;: &quot;Planned&quot;,
        &quot;QBRecordID&quot;: 14269,
        &quot;Third_Party_Dependant_For_Conne&quot;: null,
        &quot;Latitude&quot;: -34.08727132,
        &quot;Longitude&quot;: 18.82158178
      }
    },
    {
      &quot;attributes&quot;: {
        &quot;Precincts&quot;: &quot;Somerset West Phase 3&quot;,
        &quot;Quickbase_Status&quot;: &quot;Planned&quot;,
        &quot;QBRecordID&quot;: 14270,
        &quot;Third_Party_Dependant_For_Conne&quot;: null,
        &quot;Latitude&quot;: -34.08749951,
        &quot;Longitude&quot;: 18.8213734
      }
    },
    {
      &quot;attributes&quot;: {
        &quot;Precincts&quot;: &quot;Somerset West Phase 3&quot;,
        &quot;Quickbase_Status&quot;: &quot;Planned&quot;,
        &quot;QBRecordID&quot;: 14271,
        &quot;Third_Party_Dependant_For_Conne&quot;: null,
        &quot;Latitude&quot;: -34.08620194,
        &quot;Longitude&quot;: 18.82159361
      }
    },
    {
      &quot;attributes&quot;: {
        &quot;Precincts&quot;: &quot;Somerset West Phase 3&quot;,
        &quot;Quickbase_Status&quot;: &quot;Planned&quot;,
        &quot;QBRecordID&quot;: 14272,
        &quot;Third_Party_Dependant_For_Conne&quot;: null,
        &quot;Latitude&quot;: -34.08631726,
        &quot;Longitude&quot;: 18.82169913
      }
    },
    {
      &quot;attributes&quot;: {
        &quot;Precincts&quot;: &quot;Somerset West Phase 3&quot;,
        &quot;Quickbase_Status&quot;: &quot;Planned&quot;,
        &quot;QBRecordID&quot;: 14273,
        &quot;Third_Party_Dependant_For_Conne&quot;: null,
        &quot;Latitude&quot;: -34.08644654,
        &quot;Longitude&quot;: 18.82190147
      }
    },
    {
      &quot;attributes&quot;: {
        &quot;Precincts&quot;: &quot;Somerset West Phase 3&quot;,
        &quot;Quickbase_Status&quot;: &quot;Planned&quot;,
        &quot;QBRecordID&quot;: 14274,
        &quot;Third_Party_Dependant_For_Conne&quot;: null,
        &quot;Latitude&quot;: -34.08661344,
        &quot;Longitude&quot;: 18.82180087
      }
    },
    {
      &quot;attributes&quot;: {
        &quot;Precincts&quot;: &quot;CPT CBD Phase 14&quot;,
        &quot;Quickbase_Status&quot;: &quot;Planned&quot;,
        &quot;QBRecordID&quot;: 3777,
        &quot;Third_Party_Dependant_For_Conne&quot;: null,
        &quot;Latitude&quot;: -33.92698504,
        &quot;Longitude&quot;: 18.42353224
      }
    },
    {
      &quot;attributes&quot;: {
        &quot;Precincts&quot;: &quot;CPT CBD Phase 14&quot;,
        &quot;Quickbase_Status&quot;: &quot;Planned&quot;,
        &quot;QBRecordID&quot;: 3778,
        &quot;Third_Party_Dependant_For_Conne&quot;: null,
        &quot;Latitude&quot;: -33.92726313,
        &quot;Longitude&quot;: 18.42436172
      }
    },
    {
      &quot;attributes&quot;: {
        &quot;Precincts&quot;: &quot;CPT CBD Phase 14&quot;,
        &quot;Quickbase_Status&quot;: &quot;Planned&quot;,
        &quot;QBRecordID&quot;: 3783,
        &quot;Third_Party_Dependant_For_Conne&quot;: null,
        &quot;Latitude&quot;: -33.92731389,
        &quot;Longitude&quot;: 18.42423286
      }
    },
    {
      &quot;attributes&quot;: {
        &quot;Precincts&quot;: &quot;CPT CBD Phase 14&quot;,
        &quot;Quickbase_Status&quot;: &quot;Planned&quot;,
        &quot;QBRecordID&quot;: 3790,
        &quot;Third_Party_Dependant_For_Conne&quot;: null,
        &quot;Latitude&quot;: -33.92789701,
        &quot;Longitude&quot;: 18.42363283
      }
    },
    {
      &quot;attributes&quot;: {
        &quot;Precincts&quot;: &quot;CPT CBD Phase 14&quot;,
        &quot;Quickbase_Status&quot;: &quot;Planned&quot;,
        &quot;QBRecordID&quot;: 3791,
        &quot;Third_Party_Dependant_For_Conne&quot;: null,
        &quot;Latitude&quot;: -33.92750478,
        &quot;Longitude&quot;: 18.42297774
      }
    },
    {
      &quot;attributes&quot;: {
        &quot;Precincts&quot;: &quot;CPT CBD Phase 14&quot;,
        &quot;Quickbase_Status&quot;: &quot;Planned&quot;,
        &quot;QBRecordID&quot;: 3793,
        &quot;Third_Party_Dependant_For_Conne&quot;: null,
        &quot;Latitude&quot;: -33.92703152,
        &quot;Longitude&quot;: 18.4223198
      }
    },
    {
      &quot;attributes&quot;: {
        &quot;Precincts&quot;: &quot;CPT CBD Phase 14&quot;,
        &quot;Quickbase_Status&quot;: &quot;Planned&quot;,
        &quot;QBRecordID&quot;: 3792,
        &quot;Third_Party_Dependant_For_Conne&quot;: null,
        &quot;Latitude&quot;: -33.9267643,
        &quot;Longitude&quot;: 18.4219674
      }
    },
    {
      &quot;attributes&quot;: {
        &quot;Precincts&quot;: &quot;CPT CBD Phase 14&quot;,
        &quot;Quickbase_Status&quot;: &quot;Planned&quot;,
        &quot;QBRecordID&quot;: 3764,
        &quot;Third_Party_Dependant_For_Conne&quot;: null,
        &quot;Latitude&quot;: -33.92630645,
        &quot;Longitude&quot;: 18.42068515
      }
    },
    {
      &quot;attributes&quot;: {
        &quot;Precincts&quot;: &quot;Lagoon Drive&quot;,
        &quot;Quickbase_Status&quot;: &quot;Planned&quot;,
        &quot;QBRecordID&quot;: 15420,
        &quot;Third_Party_Dependant_For_Conne&quot;: null,
        &quot;Latitude&quot;: -29.72691417,
        &quot;Longitude&quot;: 31.08262237
      }
    },
    {
      &quot;attributes&quot;: {
        &quot;Precincts&quot;: &quot;Briardene&quot;,
        &quot;Quickbase_Status&quot;: &quot;Planned&quot;,
        &quot;QBRecordID&quot;: 14096,
        &quot;Third_Party_Dependant_For_Conne&quot;: null,
        &quot;Latitude&quot;: -29.79817358,
        &quot;Longitude&quot;: 31.0114134
      }
    },
    {
      &quot;attributes&quot;: {
        &quot;Precincts&quot;: &quot;Briardene&quot;,
        &quot;Quickbase_Status&quot;: &quot;Planned&quot;,
        &quot;QBRecordID&quot;: 14101,
        &quot;Third_Party_Dependant_For_Conne&quot;: null,
        &quot;Latitude&quot;: -29.79698003,
        &quot;Longitude&quot;: 31.01091122
      }
    },
    {
      &quot;attributes&quot;: {
        &quot;Precincts&quot;: &quot;Briardene&quot;,
        &quot;Quickbase_Status&quot;: &quot;Planned&quot;,
        &quot;QBRecordID&quot;: 14102,
        &quot;Third_Party_Dependant_For_Conne&quot;: null,
        &quot;Latitude&quot;: -29.79736573,
        &quot;Longitude&quot;: 31.01183717
      }
    },
    {
      &quot;attributes&quot;: {
        &quot;Precincts&quot;: &quot;Briardene&quot;,
        &quot;Quickbase_Status&quot;: &quot;Planned&quot;,
        &quot;QBRecordID&quot;: 14103,
        &quot;Third_Party_Dependant_For_Conne&quot;: null,
        &quot;Latitude&quot;: -29.79762411,
        &quot;Longitude&quot;: 31.01180144
      }
    },
    {
      &quot;attributes&quot;: {
        &quot;Precincts&quot;: &quot;Briardene&quot;,
        &quot;Quickbase_Status&quot;: &quot;Planned&quot;,
        &quot;QBRecordID&quot;: 14110,
        &quot;Third_Party_Dependant_For_Conne&quot;: null,
        &quot;Latitude&quot;: -29.79494927,
        &quot;Longitude&quot;: 31.01063691
      }
    },
    {
      &quot;attributes&quot;: {
        &quot;Precincts&quot;: &quot;Briardene&quot;,
        &quot;Quickbase_Status&quot;: &quot;Planned&quot;,
        &quot;QBRecordID&quot;: 14116,
        &quot;Third_Party_Dependant_For_Conne&quot;: null,
        &quot;Latitude&quot;: -29.79643487,
        &quot;Longitude&quot;: 31.01148008
      }
    },
    {
      &quot;attributes&quot;: {
        &quot;Precincts&quot;: &quot;Briardene&quot;,
        &quot;Quickbase_Status&quot;: &quot;Planned&quot;,
        &quot;QBRecordID&quot;: 14126,
        &quot;Third_Party_Dependant_For_Conne&quot;: null,
        &quot;Latitude&quot;: -29.7927114,
        &quot;Longitude&quot;: 31.01196072
      }
    },
    {
      &quot;attributes&quot;: {
        &quot;Precincts&quot;: &quot;Briardene&quot;,
        &quot;Quickbase_Status&quot;: &quot;Planned&quot;,
        &quot;QBRecordID&quot;: 14127,
        &quot;Third_Party_Dependant_For_Conne&quot;: null,
        &quot;Latitude&quot;: -29.79278671,
        &quot;Longitude&quot;: 31.01138492
      }
    },
    {
      &quot;attributes&quot;: {
        &quot;Precincts&quot;: &quot;Briardene&quot;,
        &quot;Quickbase_Status&quot;: &quot;Planned&quot;,
        &quot;QBRecordID&quot;: 14136,
        &quot;Third_Party_Dependant_For_Conne&quot;: null,
        &quot;Latitude&quot;: -29.80100754,
        &quot;Longitude&quot;: 31.01070503
      }
    },
    {
      &quot;attributes&quot;: {
        &quot;Precincts&quot;: &quot;Briardene&quot;,
        &quot;Quickbase_Status&quot;: &quot;Planned&quot;,
        &quot;QBRecordID&quot;: 14137,
        &quot;Third_Party_Dependant_For_Conne&quot;: null,
        &quot;Latitude&quot;: -29.7996703,
        &quot;Longitude&quot;: 31.01152
      }
    },
    {
      &quot;attributes&quot;: {
        &quot;Precincts&quot;: &quot;Briardene&quot;,
        &quot;Quickbase_Status&quot;: &quot;Planned&quot;,
        &quot;QBRecordID&quot;: 14138,
        &quot;Third_Party_Dependant_For_Conne&quot;: null,
        &quot;Latitude&quot;: -29.79966835,
        &quot;Longitude&quot;: 31.01080149
      }
    },
    {
      &quot;attributes&quot;: {
        &quot;Precincts&quot;: &quot;Briardene&quot;,
        &quot;Quickbase_Status&quot;: &quot;Planned&quot;,
        &quot;QBRecordID&quot;: 14139,
        &quot;Third_Party_Dependant_For_Conne&quot;: null,
        &quot;Latitude&quot;: -29.79885982,
        &quot;Longitude&quot;: 31.0117818
      }
    },
    {
      &quot;attributes&quot;: {
        &quot;Precincts&quot;: &quot;Briardene&quot;,
        &quot;Quickbase_Status&quot;: &quot;Planned&quot;,
        &quot;QBRecordID&quot;: 14153,
        &quot;Third_Party_Dependant_For_Conne&quot;: null,
        &quot;Latitude&quot;: -29.79613447,
        &quot;Longitude&quot;: 31.01488134
      }
    },
    {
      &quot;attributes&quot;: {
        &quot;Precincts&quot;: &quot;Briardene&quot;,
        &quot;Quickbase_Status&quot;: &quot;Planned&quot;,
        &quot;QBRecordID&quot;: 14154,
        &quot;Third_Party_Dependant_For_Conne&quot;: null,
        &quot;Latitude&quot;: -29.7966431,
        &quot;Longitude&quot;: 31.01449365
      }
    },
    {
      &quot;attributes&quot;: {
        &quot;Precincts&quot;: &quot;Briardene&quot;,
        &quot;Quickbase_Status&quot;: &quot;Planned&quot;,
        &quot;QBRecordID&quot;: 14155,
        &quot;Third_Party_Dependant_For_Conne&quot;: null,
        &quot;Latitude&quot;: -29.7970607,
        &quot;Longitude&quot;: 31.01429738
      }
    },
    {
      &quot;attributes&quot;: {
        &quot;Precincts&quot;: &quot;Broadway&quot;,
        &quot;Quickbase_Status&quot;: &quot;Planned&quot;,
        &quot;QBRecordID&quot;: 14165,
        &quot;Third_Party_Dependant_For_Conne&quot;: null,
        &quot;Latitude&quot;: -29.78455566,
        &quot;Longitude&quot;: 31.03924863
      }
    },
    {
      &quot;attributes&quot;: {
        &quot;Precincts&quot;: &quot;Broadway&quot;,
        &quot;Quickbase_Status&quot;: &quot;Planned&quot;,
        &quot;QBRecordID&quot;: 14176,
        &quot;Third_Party_Dependant_For_Conne&quot;: null,
        &quot;Latitude&quot;: -29.78574022,
        &quot;Longitude&quot;: 31.04098642
      }
    },
    {
      &quot;attributes&quot;: {
        &quot;Precincts&quot;: &quot;Broadway&quot;,
        &quot;Quickbase_Status&quot;: &quot;Planned&quot;,
        &quot;QBRecordID&quot;: 14177,
        &quot;Third_Party_Dependant_For_Conne&quot;: null,
        &quot;Latitude&quot;: -29.7858238,
        &quot;Longitude&quot;: 31.04095883
      }
    },
    {
      &quot;attributes&quot;: {
        &quot;Precincts&quot;: &quot;Broadway&quot;,
        &quot;Quickbase_Status&quot;: &quot;Planned&quot;,
        &quot;QBRecordID&quot;: 14178,
        &quot;Third_Party_Dependant_For_Conne&quot;: null,
        &quot;Latitude&quot;: -29.78588133,
        &quot;Longitude&quot;: 31.04093187
      }
    },
    {
      &quot;attributes&quot;: {
        &quot;Precincts&quot;: &quot;Broadway&quot;,
        &quot;Quickbase_Status&quot;: &quot;Planned&quot;,
        &quot;QBRecordID&quot;: 14181,
        &quot;Third_Party_Dependant_For_Conne&quot;: null,
        &quot;Latitude&quot;: -29.78546481,
        &quot;Longitude&quot;: 31.03994139
      }
    },
    {
      &quot;attributes&quot;: {
        &quot;Precincts&quot;: &quot;Broadway&quot;,
        &quot;Quickbase_Status&quot;: &quot;Planned&quot;,
        &quot;QBRecordID&quot;: 14184,
        &quot;Third_Party_Dependant_For_Conne&quot;: null,
        &quot;Latitude&quot;: -29.78628307,
        &quot;Longitude&quot;: 31.03963125
      }
    },
    {
      &quot;attributes&quot;: {
        &quot;Precincts&quot;: &quot;Somerset West Phase 2&quot;,
        &quot;Quickbase_Status&quot;: &quot;Planned&quot;,
        &quot;QBRecordID&quot;: 14279,
        &quot;Third_Party_Dependant_For_Conne&quot;: null,
        &quot;Latitude&quot;: -34.08393916,
        &quot;Longitude&quot;: 18.8222944
      }
    },
    {
      &quot;attributes&quot;: {
        &quot;Precincts&quot;: &quot;Somerset West Phase 2&quot;,
        &quot;Quickbase_Status&quot;: &quot;Planned&quot;,
        &quot;QBRecordID&quot;: 14280,
        &quot;Third_Party_Dependant_For_Conne&quot;: null,
        &quot;Latitude&quot;: -34.08416966,
        &quot;Longitude&quot;: 18.82176329
      }
    },
    {
      &quot;attributes&quot;: {
        &quot;Precincts&quot;: &quot;Somerset West Phase 2&quot;,
        &quot;Quickbase_Status&quot;: &quot;Planned&quot;,
        &quot;QBRecordID&quot;: 14305,
        &quot;Third_Party_Dependant_For_Conne&quot;: null,
        &quot;Latitude&quot;: -34.08069676,
        &quot;Longitude&quot;: 18.81973411
      }
    },
    {
      &quot;attributes&quot;: {
        &quot;Precincts&quot;: &quot;Somerset West Phase 2&quot;,
        &quot;Quickbase_Status&quot;: &quot;Planned&quot;,
        &quot;QBRecordID&quot;: 14307,
        &quot;Third_Party_Dependant_For_Conne&quot;: null,
        &quot;Latitude&quot;: -34.07868172,
        &quot;Longitude&quot;: 18.82137217
      }
    },
    {
      &quot;attributes&quot;: {
        &quot;Precincts&quot;: &quot;Somerset West Phase 1&quot;,
        &quot;Quickbase_Status&quot;: &quot;Planned&quot;,
        &quot;QBRecordID&quot;: 14311,
        &quot;Third_Party_Dependant_For_Conne&quot;: null,
        &quot;Latitude&quot;: -34.07751037,
        &quot;Longitude&quot;: 18.81762978
      }
    },
    {
      &quot;attributes&quot;: {
        &quot;Precincts&quot;: &quot;Somerset West Phase 1&quot;,
        &quot;Quickbase_Status&quot;: &quot;Planned&quot;,
        &quot;QBRecordID&quot;: 14312,
        &quot;Third_Party_Dependant_For_Conne&quot;: null,
        &quot;Latitude&quot;: -34.07783712,
        &quot;Longitude&quot;: 18.81771225
      }
    },
    {
      &quot;attributes&quot;: {
        &quot;Precincts&quot;: &quot;Somerset West Phase 1&quot;,
        &quot;Quickbase_Status&quot;: &quot;Planned&quot;,
        &quot;QBRecordID&quot;: 14319,
        &quot;Third_Party_Dependant_For_Conne&quot;: null,
        &quot;Latitude&quot;: -34.07967774,
        &quot;Longitude&quot;: 18.81825564
      }
    },
    {
      &quot;attributes&quot;: {
        &quot;Precincts&quot;: &quot;Somerset West Phase 1&quot;,
        &quot;Quickbase_Status&quot;: &quot;Planned&quot;,
        &quot;QBRecordID&quot;: 14320,
        &quot;Third_Party_Dependant_For_Conne&quot;: null,
        &quot;Latitude&quot;: -34.07917189,
        &quot;Longitude&quot;: 18.81851738
      }
    },
    {
      &quot;attributes&quot;: {
        &quot;Precincts&quot;: &quot;Somerset West Phase 1&quot;,
        &quot;Quickbase_Status&quot;: &quot;Planned&quot;,
        &quot;QBRecordID&quot;: 14322,
        &quot;Third_Party_Dependant_For_Conne&quot;: null,
        &quot;Latitude&quot;: -34.07837939,
        &quot;Longitude&quot;: 18.81795725
      }
    },
    {
      &quot;attributes&quot;: {
        &quot;Precincts&quot;: &quot;Somerset West Phase 1&quot;,
        &quot;Quickbase_Status&quot;: &quot;Planned&quot;,
        &quot;QBRecordID&quot;: 14323,
        &quot;Third_Party_Dependant_For_Conne&quot;: null,
        &quot;Latitude&quot;: -34.07858473,
        &quot;Longitude&quot;: 18.81779633
      }
    },
    {
      &quot;attributes&quot;: {
        &quot;Precincts&quot;: &quot;Somerset West Phase 1&quot;,
        &quot;Quickbase_Status&quot;: &quot;Planned&quot;,
        &quot;QBRecordID&quot;: 14324,
        &quot;Third_Party_Dependant_For_Conne&quot;: null,
        &quot;Latitude&quot;: -34.07877496,
        &quot;Longitude&quot;: 18.81765197
      }
    },
    {
      &quot;attributes&quot;: {
        &quot;Precincts&quot;: &quot;Somerset West Phase 1&quot;,
        &quot;Quickbase_Status&quot;: &quot;Planned&quot;,
        &quot;QBRecordID&quot;: 14325,
        &quot;Third_Party_Dependant_For_Conne&quot;: null,
        &quot;Latitude&quot;: -34.07920571,
        &quot;Longitude&quot;: 18.81792645
      }
    },
    {
      &quot;attributes&quot;: {
        &quot;Precincts&quot;: &quot;Somerset West Phase 1&quot;,
        &quot;Quickbase_Status&quot;: &quot;Planned&quot;,
        &quot;QBRecordID&quot;: 14332,
        &quot;Third_Party_Dependant_For_Conne&quot;: null,
        &quot;Latitude&quot;: -34.07829796,
        &quot;Longitude&quot;: 18.81663179
      }
    },
    {
      &quot;attributes&quot;: {
        &quot;Precincts&quot;: &quot;Somerset West Phase 1&quot;,
        &quot;Quickbase_Status&quot;: &quot;Planned&quot;,
        &quot;QBRecordID&quot;: 14333,
        &quot;Third_Party_Dependant_For_Conne&quot;: null,
        &quot;Latitude&quot;: -34.07769927,
        &quot;Longitude&quot;: 18.8163617
      }
    },
    {
      &quot;attributes&quot;: {
        &quot;Precincts&quot;: &quot;Somerset West Phase 1&quot;,
        &quot;Quickbase_Status&quot;: &quot;Planned&quot;,
        &quot;QBRecordID&quot;: 14334,
        &quot;Third_Party_Dependant_For_Conne&quot;: null,
        &quot;Latitude&quot;: -34.07732896,
        &quot;Longitude&quot;: 18.81626721
      }
    },
    {
      &quot;attributes&quot;: {
        &quot;Precincts&quot;: &quot;Somerset West Phase 1&quot;,
        &quot;Quickbase_Status&quot;: &quot;Planned&quot;,
        &quot;QBRecordID&quot;: 14335,
        &quot;Third_Party_Dependant_For_Conne&quot;: null,
        &quot;Latitude&quot;: -34.07711864,
        &quot;Longitude&quot;: 18.81616897
      }
    },
    {
      &quot;attributes&quot;: {
        &quot;Precincts&quot;: &quot;Somerset West Phase 1&quot;,
        &quot;Quickbase_Status&quot;: &quot;Planned&quot;,
        &quot;QBRecordID&quot;: 14337,
        &quot;Third_Party_Dependant_For_Conne&quot;: null,
        &quot;Latitude&quot;: -34.07852294,
        &quot;Longitude&quot;: 18.81672252
      }
    },
    {
      &quot;attributes&quot;: {
        &quot;Precincts&quot;: &quot;Somerset West Phase 1&quot;,
        &quot;Quickbase_Status&quot;: &quot;Planned&quot;,
        &quot;QBRecordID&quot;: 14348,
        &quot;Third_Party_Dependant_For_Conne&quot;: null,
        &quot;Latitude&quot;: -34.07718864,
        &quot;Longitude&quot;: 18.81692117
      }
    },
    {
      &quot;attributes&quot;: {
        &quot;Precincts&quot;: &quot;Briardene&quot;,
        &quot;Quickbase_Status&quot;: &quot;Planned&quot;,
        &quot;QBRecordID&quot;: 14401,
        &quot;Third_Party_Dependant_For_Conne&quot;: null,
        &quot;Latitude&quot;: -29.79833512,
        &quot;Longitude&quot;: 31.00942651
      }
    },
    {
      &quot;attributes&quot;: {
        &quot;Precincts&quot;: &quot;Briardene&quot;,
        &quot;Quickbase_Status&quot;: &quot;Planned&quot;,
        &quot;QBRecordID&quot;: 14098,
        &quot;Third_Party_Dependant_For_Conne&quot;: null,
        &quot;Latitude&quot;: -29.79764442,
        &quot;Longitude&quot;: 31.01055958
      }
    },
    {
      &quot;attributes&quot;: {
        &quot;Precincts&quot;: &quot;Briardene&quot;,
        &quot;Quickbase_Status&quot;: &quot;Planned&quot;,
        &quot;QBRecordID&quot;: 14402,
        &quot;Third_Party_Dependant_For_Conne&quot;: null,
        &quot;Latitude&quot;: -29.79641136,
        &quot;Longitude&quot;: 31.01114734
      }
    },
    {
      &quot;attributes&quot;: {
        &quot;Precincts&quot;: &quot;Somerset West Phase 1&quot;,
        &quot;Quickbase_Status&quot;: &quot;Planned&quot;,
        &quot;QBRecordID&quot;: 14350,
        &quot;Third_Party_Dependant_For_Conne&quot;: null,
        &quot;Latitude&quot;: -34.07919979,
        &quot;Longitude&quot;: 18.81700839
      }
    },
    {
      &quot;attributes&quot;: {
        &quot;Precincts&quot;: &quot;Red Hill&quot;,
        &quot;Quickbase_Status&quot;: &quot;Planned&quot;,
        &quot;QBRecordID&quot;: 14615,
        &quot;Third_Party_Dependant_For_Conne&quot;: null,
        &quot;Latitude&quot;: -29.75970007,
        &quot;Longitude&quot;: 31.02374805
      }
    },
    {
      &quot;attributes&quot;: {
        &quot;Precincts&quot;: &quot;Red Hill&quot;,
        &quot;Quickbase_Status&quot;: &quot;Planned&quot;,
        &quot;QBRecordID&quot;: 14616,
        &quot;Third_Party_Dependant_For_Conne&quot;: null,
        &quot;Latitude&quot;: -29.75971674,
        &quot;Longitude&quot;: 31.02458117
      }
    },
    {
      &quot;attributes&quot;: {
        &quot;Precincts&quot;: &quot;Red Hill&quot;,
        &quot;Quickbase_Status&quot;: &quot;Planned&quot;,
        &quot;QBRecordID&quot;: 14617,
        &quot;Third_Party_Dependant_For_Conne&quot;: null,
        &quot;Latitude&quot;: -29.75975974,
        &quot;Longitude&quot;: 31.02536557
      }
    },
    {
      &quot;attributes&quot;: {
        &quot;Precincts&quot;: &quot;Red Hill&quot;,
        &quot;Quickbase_Status&quot;: &quot;Planned&quot;,
        &quot;QBRecordID&quot;: 14618,
        &quot;Third_Party_Dependant_For_Conne&quot;: null,
        &quot;Latitude&quot;: -29.75984653,
        &quot;Longitude&quot;: 31.02613257
      }
    },
    {
      &quot;attributes&quot;: {
        &quot;Precincts&quot;: &quot;Red Hill&quot;,
        &quot;Quickbase_Status&quot;: &quot;Planned&quot;,
        &quot;QBRecordID&quot;: 14622,
        &quot;Third_Party_Dependant_For_Conne&quot;: null,
        &quot;Latitude&quot;: -29.76923375,
        &quot;Longitude&quot;: 31.02882139
      }
    },
    {
      &quot;attributes&quot;: {
        &quot;Precincts&quot;: &quot;Red Hill&quot;,
        &quot;Quickbase_Status&quot;: &quot;Planned&quot;,
        &quot;QBRecordID&quot;: 14623,
        &quot;Third_Party_Dependant_For_Conne&quot;: null,
        &quot;Latitude&quot;: -29.76927324,
        &quot;Longitude&quot;: 31.02923399
      }
    },
    {
      &quot;attributes&quot;: {
        &quot;Precincts&quot;: &quot;Red Hill&quot;,
        &quot;Quickbase_Status&quot;: &quot;Planned&quot;,
        &quot;QBRecordID&quot;: 14648,
        &quot;Third_Party_Dependant_For_Conne&quot;: null,
        &quot;Latitude&quot;: -29.76368165,
        &quot;Longitude&quot;: 31.02494375
      }
    },
    {
      &quot;attributes&quot;: {
        &quot;Precincts&quot;: &quot;Red Hill&quot;,
        &quot;Quickbase_Status&quot;: &quot;Planned&quot;,
        &quot;QBRecordID&quot;: 14649,
        &quot;Third_Party_Dependant_For_Conne&quot;: null,
        &quot;Latitude&quot;: -29.76535022,
        &quot;Longitude&quot;: 31.02733456
      }
    },
    {
      &quot;attributes&quot;: {
        &quot;Precincts&quot;: &quot;Red Hill&quot;,
        &quot;Quickbase_Status&quot;: &quot;Planned&quot;,
        &quot;QBRecordID&quot;: 14650,
        &quot;Third_Party_Dependant_For_Conne&quot;: null,
        &quot;Latitude&quot;: -29.76581611,
        &quot;Longitude&quot;: 31.02748678
      }
    },
    {
      &quot;attributes&quot;: {
        &quot;Precincts&quot;: &quot;Red Hill&quot;,
        &quot;Quickbase_Status&quot;: &quot;Planned&quot;,
        &quot;QBRecordID&quot;: 14651,
        &quot;Third_Party_Dependant_For_Conne&quot;: null,
        &quot;Latitude&quot;: -29.76639321,
        &quot;Longitude&quot;: 31.02740784
      }
    },
    {
      &quot;attributes&quot;: {
        &quot;Precincts&quot;: &quot;Red Hill&quot;,
        &quot;Quickbase_Status&quot;: &quot;Planned&quot;,
        &quot;QBRecordID&quot;: 14693,
        &quot;Third_Party_Dependant_For_Conne&quot;: null,
        &quot;Latitude&quot;: -29.75887748,
        &quot;Longitude&quot;: 31.02052759
      }
    },
    {
      &quot;attributes&quot;: {
        &quot;Precincts&quot;: &quot;North Coast Road&quot;,
        &quot;Quickbase_Status&quot;: &quot;Planned&quot;,
        &quot;QBRecordID&quot;: 14695,
        &quot;Third_Party_Dependant_For_Conne&quot;: null,
        &quot;Latitude&quot;: -29.7503641,
        &quot;Longitude&quot;: 31.02798917
      }
    },
    {
      &quot;attributes&quot;: {
        &quot;Precincts&quot;: &quot;North Coast Road&quot;,
        &quot;Quickbase_Status&quot;: &quot;Planned&quot;,
        &quot;QBRecordID&quot;: 14696,
        &quot;Third_Party_Dependant_For_Conne&quot;: null,
        &quot;Latitude&quot;: -29.75062307,
        &quot;Longitude&quot;: 31.02810646
      }
    },
    {
      &quot;attributes&quot;: {
        &quot;Precincts&quot;: &quot;North Coast Road&quot;,
        &quot;Quickbase_Status&quot;: &quot;Planned&quot;,
        &quot;QBRecordID&quot;: 14697,
        &quot;Third_Party_Dependant_For_Conne&quot;: null,
        &quot;Latitude&quot;: -29.74997124,
        &quot;Longitude&quot;: 31.02882207
      }
    },
    {
      &quot;attributes&quot;: {
        &quot;Precincts&quot;: &quot;North Coast Road&quot;,
        &quot;Quickbase_Status&quot;: &quot;Planned&quot;,
        &quot;QBRecordID&quot;: 14698,
        &quot;Third_Party_Dependant_For_Conne&quot;: null,
        &quot;Latitude&quot;: -29.74971958,
        &quot;Longitude&quot;: 31.03043884
      }
    },
    {
      &quot;attributes&quot;: {
        &quot;Precincts&quot;: &quot;North Coast Road&quot;,
        &quot;Quickbase_Status&quot;: &quot;Planned&quot;,
        &quot;QBRecordID&quot;: 14699,
        &quot;Third_Party_Dependant_For_Conne&quot;: null,
        &quot;Latitude&quot;: -29.74937016,
        &quot;Longitude&quot;: 31.03105947
      }
    },
    {
      &quot;attributes&quot;: {
        &quot;Precincts&quot;: &quot;North Coast Road&quot;,
        &quot;Quickbase_Status&quot;: &quot;Planned&quot;,
        &quot;QBRecordID&quot;: 14700,
        &quot;Third_Party_Dependant_For_Conne&quot;: null,
        &quot;Latitude&quot;: -29.7504796,
        &quot;Longitude&quot;: 31.02934297
      }
    },
    {
      &quot;attributes&quot;: {
        &quot;Precincts&quot;: &quot;North Coast Road&quot;,
        &quot;Quickbase_Status&quot;: &quot;Planned&quot;,
        &quot;QBRecordID&quot;: 14701,
        &quot;Third_Party_Dependant_For_Conne&quot;: null,
        &quot;Latitude&quot;: -29.75022868,
        &quot;Longitude&quot;: 31.02952965
      }
    },
    {
      &quot;attributes&quot;: {
        &quot;Precincts&quot;: &quot;North Coast Road&quot;,
        &quot;Quickbase_Status&quot;: &quot;Planned&quot;,
        &quot;QBRecordID&quot;: 14702,
        &quot;Third_Party_Dependant_For_Conne&quot;: null,
        &quot;Latitude&quot;: -29.75029133,
        &quot;Longitude&quot;: 31.03007247
      }
    },
    {
      &quot;attributes&quot;: {
        &quot;Precincts&quot;: &quot;North Coast Road&quot;,
        &quot;Quickbase_Status&quot;: &quot;Planned&quot;,
        &quot;QBRecordID&quot;: 14703,
        &quot;Third_Party_Dependant_For_Conne&quot;: null,
        &quot;Latitude&quot;: -29.75049304,
        &quot;Longitude&quot;: 31.02977996
      }
    },
    {
      &quot;attributes&quot;: {
        &quot;Precincts&quot;: &quot;North Coast Road&quot;,
        &quot;Quickbase_Status&quot;: &quot;Planned&quot;,
        &quot;QBRecordID&quot;: 14704,
        &quot;Third_Party_Dependant_For_Conne&quot;: null,
        &quot;Latitude&quot;: -29.75107381,
        &quot;Longitude&quot;: 31.02974422
      }
    },
    {
      &quot;attributes&quot;: {
        &quot;Precincts&quot;: &quot;North Coast Road&quot;,
        &quot;Quickbase_Status&quot;: &quot;Planned&quot;,
        &quot;QBRecordID&quot;: 14705,
        &quot;Third_Party_Dependant_For_Conne&quot;: null,
        &quot;Latitude&quot;: -29.75070249,
        &quot;Longitude&quot;: 31.03041546
      }
    },
    {
      &quot;attributes&quot;: {
        &quot;Precincts&quot;: &quot;North Coast Road&quot;,
        &quot;Quickbase_Status&quot;: &quot;Planned&quot;,
        &quot;QBRecordID&quot;: 14706,
        &quot;Third_Party_Dependant_For_Conne&quot;: null,
        &quot;Latitude&quot;: -29.75094957,
        &quot;Longitude&quot;: 31.03058127
      }
    },
    {
      &quot;attributes&quot;: {
        &quot;Precincts&quot;: &quot;North Coast Road&quot;,
        &quot;Quickbase_Status&quot;: &quot;Planned&quot;,
        &quot;QBRecordID&quot;: 14707,
        &quot;Third_Party_Dependant_For_Conne&quot;: null,
        &quot;Latitude&quot;: -29.75044654,
        &quot;Longitude&quot;: 31.03128298
      }
    },
    {
      &quot;attributes&quot;: {
        &quot;Precincts&quot;: &quot;North Coast Road&quot;,
        &quot;Quickbase_Status&quot;: &quot;Planned&quot;,
        &quot;QBRecordID&quot;: 14708,
        &quot;Third_Party_Dependant_For_Conne&quot;: null,
        &quot;Latitude&quot;: -29.75073476,
        &quot;Longitude&quot;: 31.03121415
      }
    },
    {
      &quot;attributes&quot;: {
        &quot;Precincts&quot;: &quot;North Coast Road&quot;,
        &quot;Quickbase_Status&quot;: &quot;Planned&quot;,
        &quot;QBRecordID&quot;: 14737,
        &quot;Third_Party_Dependant_For_Conne&quot;: null,
        &quot;Latitude&quot;: -29.75348302,
        &quot;Longitude&quot;: 31.03103262
      }
    },
    {
      &quot;attributes&quot;: {
        &quot;Precincts&quot;: &quot;North Coast Road&quot;,
        &quot;Quickbase_Status&quot;: &quot;Planned&quot;,
        &quot;QBRecordID&quot;: 14738,
        &quot;Third_Party_Dependant_For_Conne&quot;: null,
        &quot;Latitude&quot;: -29.75375982,
        &quot;Longitude&quot;: 31.03086262
      }
    },
    {
      &quot;attributes&quot;: {
        &quot;Precincts&quot;: &quot;North Coast Road&quot;,
        &quot;Quickbase_Status&quot;: &quot;Planned&quot;,
        &quot;QBRecordID&quot;: 14749,
        &quot;Third_Party_Dependant_For_Conne&quot;: null,
        &quot;Latitude&quot;: -29.75522615,
        &quot;Longitude&quot;: 31.02065634
      }
    },
    {
      &quot;attributes&quot;: {
        &quot;Precincts&quot;: &quot;North Coast Road&quot;,
        &quot;Quickbase_Status&quot;: &quot;Planned&quot;,
        &quot;QBRecordID&quot;: 14750,
        &quot;Third_Party_Dependant_For_Conne&quot;: null,
        &quot;Latitude&quot;: -29.75494822,
        &quot;Longitude&quot;: 31.02097201
      }
    },
    {
      &quot;attributes&quot;: {
        &quot;Precincts&quot;: &quot;North Coast Road&quot;,
        &quot;Quickbase_Status&quot;: &quot;Planned&quot;,
        &quot;QBRecordID&quot;: 14709,
        &quot;Third_Party_Dependant_For_Conne&quot;: null,
        &quot;Latitude&quot;: -29.75197971,
        &quot;Longitude&quot;: 31.03410226
      }
    },
    {
      &quot;attributes&quot;: {
        &quot;Precincts&quot;: &quot;North Coast Road&quot;,
        &quot;Quickbase_Status&quot;: &quot;Planned&quot;,
        &quot;QBRecordID&quot;: 14741,
        &quot;Third_Party_Dependant_For_Conne&quot;: null,
        &quot;Latitude&quot;: -29.75331484,
        &quot;Longitude&quot;: 31.03025535
      }
    },
    {
      &quot;attributes&quot;: {
        &quot;Precincts&quot;: &quot;North Coast Road&quot;,
        &quot;Quickbase_Status&quot;: &quot;Planned&quot;,
        &quot;QBRecordID&quot;: 14744,
        &quot;Third_Party_Dependant_For_Conne&quot;: null,
        &quot;Latitude&quot;: -29.7566803,
        &quot;Longitude&quot;: 31.02022011
      }
    },
    {
      &quot;attributes&quot;: {
        &quot;Precincts&quot;: &quot;North Coast Road&quot;,
        &quot;Quickbase_Status&quot;: &quot;Planned&quot;,
        &quot;QBRecordID&quot;: 14774,
        &quot;Third_Party_Dependant_For_Conne&quot;: null,
        &quot;Latitude&quot;: -29.75330361,
        &quot;Longitude&quot;: 31.02599851
      }
    },
    {
      &quot;attributes&quot;: {
        &quot;Precincts&quot;: &quot;Arden Grove&quot;,
        &quot;Quickbase_Status&quot;: &quot;Planned&quot;,
        &quot;QBRecordID&quot;: 4051,
        &quot;Third_Party_Dependant_For_Conne&quot;: null,
        &quot;Latitude&quot;: -33.86797299,
        &quot;Longitude&quot;: 18.51311328
      }
    },
    {
      &quot;attributes&quot;: {
        &quot;Precincts&quot;: &quot;Ashley Gardens&quot;,
        &quot;Quickbase_Status&quot;: &quot;Planned&quot;,
        &quot;QBRecordID&quot;: 3425,
        &quot;Third_Party_Dependant_For_Conne&quot;: null,
        &quot;Latitude&quot;: -25.78484976,
        &quot;Longitude&quot;: 28.26658373
      }
    },
    {
      &quot;attributes&quot;: {
        &quot;Precincts&quot;: &quot;Bruma Lake&quot;,
        &quot;Quickbase_Status&quot;: &quot;Planned&quot;,
        &quot;QBRecordID&quot;: 975,
        &quot;Third_Party_Dependant_For_Conne&quot;: null,
        &quot;Latitude&quot;: -26.18168465,
        &quot;Longitude&quot;: 28.10631358
      }
    },
    {
      &quot;attributes&quot;: {
        &quot;Precincts&quot;: &quot;Hatfield (Phase 3)&quot;,
        &quot;Quickbase_Status&quot;: &quot;Planned&quot;,
        &quot;QBRecordID&quot;: 2954,
        &quot;Third_Party_Dependant_For_Conne&quot;: null,
        &quot;Latitude&quot;: -25.7434223,
        &quot;Longitude&quot;: 28.24610575
      }
    },
    {
      &quot;attributes&quot;: {
        &quot;Precincts&quot;: &quot;Hatfield (Phase 3)&quot;,
        &quot;Quickbase_Status&quot;: &quot;Planned&quot;,
        &quot;QBRecordID&quot;: 3463,
        &quot;Third_Party_Dependant_For_Conne&quot;: null,
        &quot;Latitude&quot;: -25.74376885,
        &quot;Longitude&quot;: 28.24319967
      }
    },
    {
      &quot;attributes&quot;: {
        &quot;Precincts&quot;: &quot;Arden Grove&quot;,
        &quot;Quickbase_Status&quot;: &quot;Planned&quot;,
        &quot;QBRecordID&quot;: 1573,
        &quot;Third_Party_Dependant_For_Conne&quot;: null,
        &quot;Latitude&quot;: -33.86439744,
        &quot;Longitude&quot;: 18.51363394
      }
    },
    {
      &quot;attributes&quot;: {
        &quot;Precincts&quot;: &quot;Arden Grove&quot;,
        &quot;Quickbase_Status&quot;: &quot;Planned&quot;,
        &quot;QBRecordID&quot;: 1567,
        &quot;Third_Party_Dependant_For_Conne&quot;: null,
        &quot;Latitude&quot;: -33.86296754,
        &quot;Longitude&quot;: 18.51506458
      }
    },
    {
      &quot;attributes&quot;: {
        &quot;Precincts&quot;: &quot;Arden Grove&quot;,
        &quot;Quickbase_Status&quot;: &quot;Planned&quot;,
        &quot;QBRecordID&quot;: 1788,
        &quot;Third_Party_Dependant_For_Conne&quot;: null,
        &quot;Latitude&quot;: -33.86920369,
        &quot;Longitude&quot;: 18.50998902
      }
    },
    {
      &quot;attributes&quot;: {
        &quot;Precincts&quot;: &quot;Arden Grove&quot;,
        &quot;Quickbase_Status&quot;: &quot;Planned&quot;,
        &quot;QBRecordID&quot;: 1791,
        &quot;Third_Party_Dependant_For_Conne&quot;: null,
        &quot;Latitude&quot;: -33.86758072,
        &quot;Longitude&quot;: 18.51215196
      }
    },
    {
      &quot;attributes&quot;: {
        &quot;Precincts&quot;: &quot;Arden Grove&quot;,
        &quot;Quickbase_Status&quot;: &quot;Planned&quot;,
        &quot;QBRecordID&quot;: 1558,
        &quot;Third_Party_Dependant_For_Conne&quot;: null,
        &quot;Latitude&quot;: -33.86095681,
        &quot;Longitude&quot;: 18.51314325
      }
    },
    {
      &quot;attributes&quot;: {
        &quot;Precincts&quot;: &quot;Arden Grove&quot;,
        &quot;Quickbase_Status&quot;: &quot;Planned&quot;,
        &quot;QBRecordID&quot;: 4081,
        &quot;Third_Party_Dependant_For_Conne&quot;: null,
        &quot;Latitude&quot;: -33.86362909,
        &quot;Longitude&quot;: 18.5131563
      }
    },
    {
      &quot;attributes&quot;: {
        &quot;Precincts&quot;: &quot;Bruma Lake&quot;,
        &quot;Quickbase_Status&quot;: &quot;Planned&quot;,
        &quot;QBRecordID&quot;: 1543,
        &quot;Third_Party_Dependant_For_Conne&quot;: null,
        &quot;Latitude&quot;: -26.18064672,
        &quot;Longitude&quot;: 28.11196904
      }
    },
    {
      &quot;attributes&quot;: {
        &quot;Precincts&quot;: &quot;Bruma Lake&quot;,
        &quot;Quickbase_Status&quot;: &quot;Planned&quot;,
        &quot;QBRecordID&quot;: 962,
        &quot;Third_Party_Dependant_For_Conne&quot;: null,
        &quot;Latitude&quot;: -26.18164024,
        &quot;Longitude&quot;: 28.10897304
      }
    },
    {
      &quot;attributes&quot;: {
        &quot;Precincts&quot;: &quot;Capital Hill&quot;,
        &quot;Quickbase_Status&quot;: &quot;Planned&quot;,
        &quot;QBRecordID&quot;: 2406,
        &quot;Third_Party_Dependant_For_Conne&quot;: null,
        &quot;Latitude&quot;: -26.00874322,
        &quot;Longitude&quot;: 28.13011611
      }
    },
    {
      &quot;attributes&quot;: {
        &quot;Precincts&quot;: &quot;Capital Hill&quot;,
        &quot;Quickbase_Status&quot;: &quot;Planned&quot;,
        &quot;QBRecordID&quot;: 2420,
        &quot;Third_Party_Dependant_For_Conne&quot;: null,
        &quot;Latitude&quot;: -26.01287144,
        &quot;Longitude&quot;: 28.12672864
      }
    },
    {
      &quot;attributes&quot;: {
        &quot;Precincts&quot;: &quot;Central Street&quot;,
        &quot;Quickbase_Status&quot;: &quot;Planned&quot;,
        &quot;QBRecordID&quot;: 2822,
        &quot;Third_Party_Dependant_For_Conne&quot;: null,
        &quot;Latitude&quot;: -26.16268652,
        &quot;Longitude&quot;: 28.05763205
      }
    },
    {
      &quot;attributes&quot;: {
        &quot;Precincts&quot;: &quot;Central Street&quot;,
        &quot;Quickbase_Status&quot;: &quot;Planned&quot;,
        &quot;QBRecordID&quot;: 2823,
        &quot;Third_Party_Dependant_For_Conne&quot;: null,
        &quot;Latitude&quot;: -26.16311109,
        &quot;Longitude&quot;: 28.0573623
      }
    },
    {
      &quot;attributes&quot;: {
        &quot;Precincts&quot;: &quot;George Road&quot;,
        &quot;Quickbase_Status&quot;: &quot;Planned&quot;,
        &quot;QBRecordID&quot;: 994,
        &quot;Third_Party_Dependant_For_Conne&quot;: null,
        &quot;Latitude&quot;: -25.96449196,
        &quot;Longitude&quot;: 28.13216156
      }
    },
    {
      &quot;attributes&quot;: {
        &quot;Precincts&quot;: &quot;Girton&quot;,
        &quot;Quickbase_Status&quot;: &quot;Planned&quot;,
        &quot;QBRecordID&quot;: 3891,
        &quot;Third_Party_Dependant_For_Conne&quot;: null,
        &quot;Latitude&quot;: -26.18445066,
        &quot;Longitude&quot;: 28.03405164
      }
    },
    {
      &quot;attributes&quot;: {
        &quot;Precincts&quot;: &quot;Hatfield (Phase 3)&quot;,
        &quot;Quickbase_Status&quot;: &quot;Planned&quot;,
        &quot;QBRecordID&quot;: 3487,
        &quot;Third_Party_Dependant_For_Conne&quot;: null,
        &quot;Latitude&quot;: -25.74236419,
        &quot;Longitude&quot;: 28.24072244
      }
    },
    {
      &quot;attributes&quot;: {
        &quot;Precincts&quot;: &quot;Morningside&quot;,
        &quot;Quickbase_Status&quot;: &quot;Planned&quot;,
        &quot;QBRecordID&quot;: 1450,
        &quot;Third_Party_Dependant_For_Conne&quot;: null,
        &quot;Latitude&quot;: -26.07964473,
        &quot;Longitude&quot;: 28.06243301
      }
    },
    {
      &quot;attributes&quot;: {
        &quot;Precincts&quot;: &quot;Rosebank Phase 2&quot;,
        &quot;Quickbase_Status&quot;: &quot;Planned&quot;,
        &quot;QBRecordID&quot;: 3999,
        &quot;Third_Party_Dependant_For_Conne&quot;: null,
        &quot;Latitude&quot;: -26.14664534,
        &quot;Longitude&quot;: 28.03747154
      }
    },
    {
      &quot;attributes&quot;: {
        &quot;Precincts&quot;: &quot;Route 21 Office Park&quot;,
        &quot;Quickbase_Status&quot;: &quot;Planned&quot;,
        &quot;QBRecordID&quot;: 2034,
        &quot;Third_Party_Dependant_For_Conne&quot;: null,
        &quot;Latitude&quot;: -25.85800423,
        &quot;Longitude&quot;: 28.25651865
      }
    },
    {
      &quot;attributes&quot;: {
        &quot;Precincts&quot;: &quot;Route 21 Office Park&quot;,
        &quot;Quickbase_Status&quot;: &quot;Planned&quot;,
        &quot;QBRecordID&quot;: 2085,
        &quot;Third_Party_Dependant_For_Conne&quot;: null,
        &quot;Latitude&quot;: -25.86233674,
        &quot;Longitude&quot;: 28.25711742
      }
    },
    {
      &quot;attributes&quot;: {
        &quot;Precincts&quot;: &quot;Route 21 Office Park&quot;,
        &quot;Quickbase_Status&quot;: &quot;Planned&quot;,
        &quot;QBRecordID&quot;: 2092,
        &quot;Third_Party_Dependant_For_Conne&quot;: null,
        &quot;Latitude&quot;: -25.86289224,
        &quot;Longitude&quot;: 28.25701559
      }
    },
    {
      &quot;attributes&quot;: {
        &quot;Precincts&quot;: &quot;Route 21 Office Park&quot;,
        &quot;Quickbase_Status&quot;: &quot;Planned&quot;,
        &quot;QBRecordID&quot;: 2098,
        &quot;Third_Party_Dependant_For_Conne&quot;: null,
        &quot;Latitude&quot;: -25.86454185,
        &quot;Longitude&quot;: 28.25806779
      }
    },
    {
      &quot;attributes&quot;: {
        &quot;Precincts&quot;: &quot;Route 21 Office Park&quot;,
        &quot;Quickbase_Status&quot;: &quot;Planned&quot;,
        &quot;QBRecordID&quot;: 2099,
        &quot;Third_Party_Dependant_For_Conne&quot;: null,
        &quot;Latitude&quot;: -25.86456703,
        &quot;Longitude&quot;: 28.25788789
      }
    },
    {
      &quot;attributes&quot;: {
        &quot;Precincts&quot;: &quot;Route 21 Office Park&quot;,
        &quot;Quickbase_Status&quot;: &quot;Planned&quot;,
        &quot;QBRecordID&quot;: 2132,
        &quot;Third_Party_Dependant_For_Conne&quot;: null,
        &quot;Latitude&quot;: -25.86094529,
        &quot;Longitude&quot;: 28.25704705
      }
    },
    {
      &quot;attributes&quot;: {
        &quot;Precincts&quot;: &quot;Route 21 Office Park&quot;,
        &quot;Quickbase_Status&quot;: &quot;Planned&quot;,
        &quot;QBRecordID&quot;: 2087,
        &quot;Third_Party_Dependant_For_Conne&quot;: null,
        &quot;Latitude&quot;: -25.86277742,
        &quot;Longitude&quot;: 28.25733173
      }
    },
    {
      &quot;attributes&quot;: {
        &quot;Precincts&quot;: &quot;Route 21 Office Park&quot;,
        &quot;Quickbase_Status&quot;: &quot;Planned&quot;,
        &quot;QBRecordID&quot;: 2088,
        &quot;Third_Party_Dependant_For_Conne&quot;: null,
        &quot;Latitude&quot;: -25.86283063,
        &quot;Longitude&quot;: 28.25720856
      }
    },
    {
      &quot;attributes&quot;: {
        &quot;Precincts&quot;: &quot;Kent&quot;,
        &quot;Quickbase_Status&quot;: &quot;Planned&quot;,
        &quot;QBRecordID&quot;: 3892,
        &quot;Third_Party_Dependant_For_Conne&quot;: null,
        &quot;Latitude&quot;: -26.0931827,
        &quot;Longitude&quot;: 28.00099873
      }
    },
    {
      &quot;attributes&quot;: {
        &quot;Precincts&quot;: &quot;Oberon&quot;,
        &quot;Quickbase_Status&quot;: &quot;Planned&quot;,
        &quot;QBRecordID&quot;: 2334,
        &quot;Third_Party_Dependant_For_Conne&quot;: null,
        &quot;Latitude&quot;: -25.77938009,
        &quot;Longitude&quot;: 28.29035866
      }
    },
    {
      &quot;attributes&quot;: {
        &quot;Precincts&quot;: &quot;Peter Place&quot;,
        &quot;Quickbase_Status&quot;: &quot;Planned&quot;,
        &quot;QBRecordID&quot;: 4078,
        &quot;Third_Party_Dependant_For_Conne&quot;: null,
        &quot;Latitude&quot;: -26.07975663,
        &quot;Longitude&quot;: 28.01463216
      }
    },
    {
      &quot;attributes&quot;: {
        &quot;Precincts&quot;: &quot;CPT CBD Phase 13&quot;,
        &quot;Quickbase_Status&quot;: &quot;Planned&quot;,
        &quot;QBRecordID&quot;: 3674,
        &quot;Third_Party_Dependant_For_Conne&quot;: null,
        &quot;Latitude&quot;: -33.92081481,
        &quot;Longitude&quot;: 18.42062335
      }
    },
    {
      &quot;attributes&quot;: {
        &quot;Precincts&quot;: &quot;CPT CBD Phase 13&quot;,
        &quot;Quickbase_Status&quot;: &quot;Planned&quot;,
        &quot;QBRecordID&quot;: 3677,
        &quot;Third_Party_Dependant_For_Conne&quot;: null,
        &quot;Latitude&quot;: -33.92093848,
        &quot;Longitude&quot;: 18.42129324
      }
    },
    {
      &quot;attributes&quot;: {
        &quot;Precincts&quot;: &quot;CPT CBD Phase 13&quot;,
        &quot;Quickbase_Status&quot;: &quot;Planned&quot;,
        &quot;QBRecordID&quot;: 3690,
        &quot;Third_Party_Dependant_For_Conne&quot;: null,
        &quot;Latitude&quot;: -33.92056484,
        &quot;Longitude&quot;: 18.41907909
      }
    },
    {
      &quot;attributes&quot;: {
        &quot;Precincts&quot;: &quot;CPT CBD Phase 13&quot;,
        &quot;Quickbase_Status&quot;: &quot;Planned&quot;,
        &quot;QBRecordID&quot;: 3684,
        &quot;Third_Party_Dependant_For_Conne&quot;: null,
        &quot;Latitude&quot;: -33.92050786,
        &quot;Longitude&quot;: 18.41917768
      }
    },
    {
      &quot;attributes&quot;: {
        &quot;Precincts&quot;: &quot;CPT CBD Phase 13&quot;,
        &quot;Quickbase_Status&quot;: &quot;Planned&quot;,
        &quot;QBRecordID&quot;: 3692,
        &quot;Third_Party_Dependant_For_Conne&quot;: null,
        &quot;Latitude&quot;: -33.92075229,
        &quot;Longitude&quot;: 18.42008886
      }
    },
    {
      &quot;attributes&quot;: {
        &quot;Precincts&quot;: &quot;CPT CBD Phase 13&quot;,
        &quot;Quickbase_Status&quot;: &quot;Planned&quot;,
        &quot;QBRecordID&quot;: 3697,
        &quot;Third_Party_Dependant_For_Conne&quot;: null,
        &quot;Latitude&quot;: -33.9211832,
        &quot;Longitude&quot;: 18.41991965
      }
    },
    {
      &quot;attributes&quot;: {
        &quot;Precincts&quot;: &quot;CPT CBD Phase 13&quot;,
        &quot;Quickbase_Status&quot;: &quot;Planned&quot;,
        &quot;QBRecordID&quot;: 3695,
        &quot;Third_Party_Dependant_For_Conne&quot;: null,
        &quot;Latitude&quot;: -33.92113839,
        &quot;Longitude&quot;: 18.42017099
      }
    },
    {
      &quot;attributes&quot;: {
        &quot;Precincts&quot;: &quot;CPT CBD Phase 13&quot;,
        &quot;Quickbase_Status&quot;: &quot;Planned&quot;,
        &quot;QBRecordID&quot;: 3838,
        &quot;Third_Party_Dependant_For_Conne&quot;: null,
        &quot;Latitude&quot;: -33.9210909,
        &quot;Longitude&quot;: 18.42028389
      }
    },
    {
      &quot;attributes&quot;: {
        &quot;Precincts&quot;: &quot;CPT CBD Phase 13&quot;,
        &quot;Quickbase_Status&quot;: &quot;Planned&quot;,
        &quot;QBRecordID&quot;: 7065,
        &quot;Third_Party_Dependant_For_Conne&quot;: null,
        &quot;Latitude&quot;: -33.9212195,
        &quot;Longitude&quot;: 18.42003076
      }
    },
    {
      &quot;attributes&quot;: {
        &quot;Precincts&quot;: &quot;CPT CBD Phase 14&quot;,
        &quot;Quickbase_Status&quot;: &quot;Planned&quot;,
        &quot;QBRecordID&quot;: 3703,
        &quot;Third_Party_Dependant_For_Conne&quot;: null,
        &quot;Latitude&quot;: -33.92129221,
        &quot;Longitude&quot;: 18.42085492
      }
    },
    {
      &quot;attributes&quot;: {
        &quot;Precincts&quot;: &quot;CPT CBD Phase 13&quot;,
        &quot;Quickbase_Status&quot;: &quot;Planned&quot;,
        &quot;QBRecordID&quot;: 3713,
        &quot;Third_Party_Dependant_For_Conne&quot;: null,
        &quot;Latitude&quot;: -33.92123053,
        &quot;Longitude&quot;: 18.42068155
      }
    },
    {
      &quot;attributes&quot;: {
        &quot;Precincts&quot;: &quot;CPT CBD Phase 13&quot;,
        &quot;Quickbase_Status&quot;: &quot;Planned&quot;,
        &quot;QBRecordID&quot;: 3705,
        &quot;Third_Party_Dependant_For_Conne&quot;: null,
        &quot;Latitude&quot;: -33.92162098,
        &quot;Longitude&quot;: 18.42079102
      }
    },
    {
      &quot;attributes&quot;: {
        &quot;Precincts&quot;: &quot;CPT CBD Phase 13&quot;,
        &quot;Quickbase_Status&quot;: &quot;Planned&quot;,
        &quot;QBRecordID&quot;: 3709,
        &quot;Third_Party_Dependant_For_Conne&quot;: null,
        &quot;Latitude&quot;: -33.92156587,
        &quot;Longitude&quot;: 18.42055888
      }
    },
    {
      &quot;attributes&quot;: {
        &quot;Precincts&quot;: &quot;CPT CBD Phase 13&quot;,
        &quot;Quickbase_Status&quot;: &quot;Planned&quot;,
        &quot;QBRecordID&quot;: 3708,
        &quot;Third_Party_Dependant_For_Conne&quot;: null,
        &quot;Latitude&quot;: -33.92162796,
        &quot;Longitude&quot;: 18.42059331
      }
    },
    {
      &quot;attributes&quot;: {
        &quot;Precincts&quot;: &quot;CPT CBD Phase 13&quot;,
        &quot;Quickbase_Status&quot;: &quot;Planned&quot;,
        &quot;QBRecordID&quot;: 3707,
        &quot;Third_Party_Dependant_For_Conne&quot;: null,
        &quot;Latitude&quot;: -33.92173593,
        &quot;Longitude&quot;: 18.42063964
      }
    },
    {
      &quot;attributes&quot;: {
        &quot;Precincts&quot;: &quot;CPT CBD Phase 13&quot;,
        &quot;Quickbase_Status&quot;: &quot;Planned&quot;,
        &quot;QBRecordID&quot;: 7066,
        &quot;Third_Party_Dependant_For_Conne&quot;: null,
        &quot;Latitude&quot;: -33.92112768,
        &quot;Longitude&quot;: 18.42072212
      }
    },
    {
      &quot;attributes&quot;: {
        &quot;Precincts&quot;: &quot;CPT CBD Phase 13&quot;,
        &quot;Quickbase_Status&quot;: &quot;Planned&quot;,
        &quot;QBRecordID&quot;: 3723,
        &quot;Third_Party_Dependant_For_Conne&quot;: null,
        &quot;Latitude&quot;: -33.92115381,
        &quot;Longitude&quot;: 18.41880953
      }
    },
    {
      &quot;attributes&quot;: {
        &quot;Precincts&quot;: &quot;CPT CBD Phase 13&quot;,
        &quot;Quickbase_Status&quot;: &quot;Planned&quot;,
        &quot;QBRecordID&quot;: 3725,
        &quot;Third_Party_Dependant_For_Conne&quot;: null,
        &quot;Latitude&quot;: -33.92098615,
        &quot;Longitude&quot;: 18.41871386
      }
    },
    {
      &quot;attributes&quot;: {
        &quot;Precincts&quot;: &quot;CPT CBD Phase 13&quot;,
        &quot;Quickbase_Status&quot;: &quot;Planned&quot;,
        &quot;QBRecordID&quot;: 3715,
        &quot;Third_Party_Dependant_For_Conne&quot;: null,
        &quot;Latitude&quot;: -33.92085879,
        &quot;Longitude&quot;: 18.41897256
      }
    },
    {
      &quot;attributes&quot;: {
        &quot;Precincts&quot;: &quot;CPT CBD Phase 13&quot;,
        &quot;Quickbase_Status&quot;: &quot;Planned&quot;,
        &quot;QBRecordID&quot;: 3736,
        &quot;Third_Party_Dependant_For_Conne&quot;: null,
        &quot;Latitude&quot;: -33.92146985,
        &quot;Longitude&quot;: 18.41936295
      }
    },
    {
      &quot;attributes&quot;: {
        &quot;Precincts&quot;: &quot;CPT CBD Phase 13&quot;,
        &quot;Quickbase_Status&quot;: &quot;Planned&quot;,
        &quot;QBRecordID&quot;: 3732,
        &quot;Third_Party_Dependant_For_Conne&quot;: null,
        &quot;Latitude&quot;: -33.92176356,
        &quot;Longitude&quot;: 18.4194618
      }
    },
    {
      &quot;attributes&quot;: {
        &quot;Precincts&quot;: &quot;CPT CBD Phase 13&quot;,
        &quot;Quickbase_Status&quot;: &quot;Planned&quot;,
        &quot;QBRecordID&quot;: 3730,
        &quot;Third_Party_Dependant_For_Conne&quot;: null,
        &quot;Latitude&quot;: -33.92185199,
        &quot;Longitude&quot;: 18.4195714
      }
    },
    {
      &quot;attributes&quot;: {
        &quot;Precincts&quot;: &quot;CPT CBD Phase 13&quot;,
        &quot;Quickbase_Status&quot;: &quot;Planned&quot;,
        &quot;QBRecordID&quot;: 3739,
        &quot;Third_Party_Dependant_For_Conne&quot;: null,
        &quot;Latitude&quot;: -33.92173145,
        &quot;Longitude&quot;: 18.42013422
      }
    },
    {
      &quot;attributes&quot;: {
        &quot;Precincts&quot;: &quot;CPT CBD Phase 13&quot;,
        &quot;Quickbase_Status&quot;: &quot;Planned&quot;,
        &quot;QBRecordID&quot;: 3743,
        &quot;Third_Party_Dependant_For_Conne&quot;: null,
        &quot;Latitude&quot;: -33.92226122,
        &quot;Longitude&quot;: 18.42030266
      }
    },
    {
      &quot;attributes&quot;: {
        &quot;Precincts&quot;: &quot;CPT CBD Phase 12&quot;,
        &quot;Quickbase_Status&quot;: &quot;Planned&quot;,
        &quot;QBRecordID&quot;: 3656,
        &quot;Third_Party_Dependant_For_Conne&quot;: null,
        &quot;Latitude&quot;: -33.91863301,
        &quot;Longitude&quot;: 18.42969948
      }
    },
    {
      &quot;attributes&quot;: {
        &quot;Precincts&quot;: &quot;CPT CBD Phase 12&quot;,
        &quot;Quickbase_Status&quot;: &quot;Planned&quot;,
        &quot;QBRecordID&quot;: 3657,
        &quot;Third_Party_Dependant_For_Conne&quot;: null,
        &quot;Latitude&quot;: -33.91797385,
        &quot;Longitude&quot;: 18.42880497
      }
    },
    {
      &quot;attributes&quot;: {
        &quot;Precincts&quot;: &quot;CPT CBD Phase 12&quot;,
        &quot;Quickbase_Status&quot;: &quot;Planned&quot;,
        &quot;QBRecordID&quot;: 3662,
        &quot;Third_Party_Dependant_For_Conne&quot;: null,
        &quot;Latitude&quot;: -33.92224079,
        &quot;Longitude&quot;: 18.4285954
      }
    },
    {
      &quot;attributes&quot;: {
        &quot;Precincts&quot;: &quot;CPT CBD Phase 12&quot;,
        &quot;Quickbase_Status&quot;: &quot;Planned&quot;,
        &quot;QBRecordID&quot;: 3663,
        &quot;Third_Party_Dependant_For_Conne&quot;: null,
        &quot;Latitude&quot;: -33.92308368,
        &quot;Longitude&quot;: 18.42960878
      }
    },
    {
      &quot;attributes&quot;: {
        &quot;Precincts&quot;: &quot;CPT CBD Phase 11&quot;,
        &quot;Quickbase_Status&quot;: &quot;Planned&quot;,
        &quot;QBRecordID&quot;: 3604,
        &quot;Third_Party_Dependant_For_Conne&quot;: null,
        &quot;Latitude&quot;: -33.92199639,
        &quot;Longitude&quot;: 18.41881409
      }
    },
    {
      &quot;attributes&quot;: {
        &quot;Precincts&quot;: &quot;CPT CBD Phase 11&quot;,
        &quot;Quickbase_Status&quot;: &quot;Planned&quot;,
        &quot;QBRecordID&quot;: 3619,
        &quot;Third_Party_Dependant_For_Conne&quot;: null,
        &quot;Latitude&quot;: -33.92229437,
        &quot;Longitude&quot;: 18.41849743
      }
    },
    {
      &quot;attributes&quot;: {
        &quot;Precincts&quot;: &quot;CPT CBD Phase 11&quot;,
        &quot;Quickbase_Status&quot;: &quot;Planned&quot;,
        &quot;QBRecordID&quot;: 3617,
        &quot;Third_Party_Dependant_For_Conne&quot;: null,
        &quot;Latitude&quot;: -33.92244747,
        &quot;Longitude&quot;: 18.4181984
      }
    },
    {
      &quot;attributes&quot;: {
        &quot;Precincts&quot;: &quot;CPT CBD Phase 11&quot;,
        &quot;Quickbase_Status&quot;: &quot;Planned&quot;,
        &quot;QBRecordID&quot;: 3616,
        &quot;Third_Party_Dependant_For_Conne&quot;: null,
        &quot;Latitude&quot;: -33.92251808,
        &quot;Longitude&quot;: 18.41830572
      }
    },
    {
      &quot;attributes&quot;: {
        &quot;Precincts&quot;: &quot;CPT CBD Phase 11&quot;,
        &quot;Quickbase_Status&quot;: &quot;Planned&quot;,
        &quot;QBRecordID&quot;: 3614,
        &quot;Third_Party_Dependant_For_Conne&quot;: null,
        &quot;Latitude&quot;: -33.92268472,
        &quot;Longitude&quot;: 18.41853229
      }
    },
    {
      &quot;attributes&quot;: {
        &quot;Precincts&quot;: &quot;CPT CBD Phase 11&quot;,
        &quot;Quickbase_Status&quot;: &quot;Planned&quot;,
        &quot;QBRecordID&quot;: 3613,
        &quot;Third_Party_Dependant_For_Conne&quot;: null,
        &quot;Latitude&quot;: -33.92256428,
        &quot;Longitude&quot;: 18.41864995
      }
    },
    {
      &quot;attributes&quot;: {
        &quot;Precincts&quot;: &quot;CPT CBD Phase 11&quot;,
        &quot;Quickbase_Status&quot;: &quot;Planned&quot;,
        &quot;QBRecordID&quot;: 3612,
        &quot;Third_Party_Dependant_For_Conne&quot;: null,
        &quot;Latitude&quot;: -33.92248258,
        &quot;Longitude&quot;: 18.41878422
      }
    },
    {
      &quot;attributes&quot;: {
        &quot;Precincts&quot;: &quot;CPT CBD Phase 11&quot;,
        &quot;Quickbase_Status&quot;: &quot;Planned&quot;,
        &quot;QBRecordID&quot;: 3611,
        &quot;Third_Party_Dependant_For_Conne&quot;: null,
        &quot;Latitude&quot;: -33.92241174,
        &quot;Longitude&quot;: 18.41894137
      }
    },
    {
      &quot;attributes&quot;: {
        &quot;Precincts&quot;: &quot;CPT CBD Phase 11&quot;,
        &quot;Quickbase_Status&quot;: &quot;Planned&quot;,
        &quot;QBRecordID&quot;: 3610,
        &quot;Third_Party_Dependant_For_Conne&quot;: null,
        &quot;Latitude&quot;: -33.92232543,
        &quot;Longitude&quot;: 18.41884346
      }
    },
    {
      &quot;attributes&quot;: {
        &quot;Precincts&quot;: &quot;CPT CBD Phase 11&quot;,
        &quot;Quickbase_Status&quot;: &quot;Planned&quot;,
        &quot;QBRecordID&quot;: 3629,
        &quot;Third_Party_Dependant_For_Conne&quot;: null,
        &quot;Latitude&quot;: -33.92290558,
        &quot;Longitude&quot;: 18.41884645
      }
    },
    {
      &quot;attributes&quot;: {
        &quot;Precincts&quot;: &quot;CPT CBD Phase 11&quot;,
        &quot;Quickbase_Status&quot;: &quot;Planned&quot;,
        &quot;QBRecordID&quot;: 3630,
        &quot;Third_Party_Dependant_For_Conne&quot;: null,
        &quot;Latitude&quot;: -33.92283491,
        &quot;Longitude&quot;: 18.41902289
      }
    },
    {
      &quot;attributes&quot;: {
        &quot;Precincts&quot;: &quot;CPT CBD Phase 11&quot;,
        &quot;Quickbase_Status&quot;: &quot;Planned&quot;,
        &quot;QBRecordID&quot;: 3621,
        &quot;Third_Party_Dependant_For_Conne&quot;: null,
        &quot;Latitude&quot;: -33.92261316,
        &quot;Longitude&quot;: 18.41929521
      }
    },
    {
      &quot;attributes&quot;: {
        &quot;Precincts&quot;: &quot;CPT CBD Phase 11&quot;,
        &quot;Quickbase_Status&quot;: &quot;Planned&quot;,
        &quot;QBRecordID&quot;: 3631,
        &quot;Third_Party_Dependant_For_Conne&quot;: null,
        &quot;Latitude&quot;: -33.92317347,
        &quot;Longitude&quot;: 18.41986595
      }
    },
    {
      &quot;attributes&quot;: {
        &quot;Precincts&quot;: &quot;CPT CBD Phase 11&quot;,
        &quot;Quickbase_Status&quot;: &quot;Planned&quot;,
        &quot;QBRecordID&quot;: 3638,
        &quot;Third_Party_Dependant_For_Conne&quot;: null,
        &quot;Latitude&quot;: -33.92288176,
        &quot;Longitude&quot;: 18.41842645
      }
    },
    {
      &quot;attributes&quot;: {
        &quot;Precincts&quot;: &quot;CPT CBD Phase 11&quot;,
        &quot;Quickbase_Status&quot;: &quot;Planned&quot;,
        &quot;QBRecordID&quot;: 3644,
        &quot;Third_Party_Dependant_For_Conne&quot;: null,
        &quot;Latitude&quot;: -33.92269124,
        &quot;Longitude&quot;: 18.41799231
      }
    },
    {
      &quot;attributes&quot;: {
        &quot;Precincts&quot;: &quot;CPT CBD Phase 11&quot;,
        &quot;Quickbase_Status&quot;: &quot;Planned&quot;,
        &quot;QBRecordID&quot;: 3647,
        &quot;Third_Party_Dependant_For_Conne&quot;: null,
        &quot;Latitude&quot;: -33.92310617,
        &quot;Longitude&quot;: 18.41859974
      }
    },
    {
      &quot;attributes&quot;: {
        &quot;Precincts&quot;: &quot;CPT CBD Phase 11&quot;,
        &quot;Quickbase_Status&quot;: &quot;Planned&quot;,
        &quot;QBRecordID&quot;: 3646,
        &quot;Third_Party_Dependant_For_Conne&quot;: null,
        &quot;Latitude&quot;: -33.92310212,
        &quot;Longitude&quot;: 18.41873671
      }
    },
    {
      &quot;attributes&quot;: {
        &quot;Precincts&quot;: &quot;CPT CBD Phase 11&quot;,
        &quot;Quickbase_Status&quot;: &quot;Planned&quot;,
        &quot;QBRecordID&quot;: 3650,
        &quot;Third_Party_Dependant_For_Conne&quot;: null,
        &quot;Latitude&quot;: -33.92358933,
        &quot;Longitude&quot;: 18.41935507
      }
    },
    {
      &quot;attributes&quot;: {
        &quot;Precincts&quot;: &quot;CPT CBD Phase 11&quot;,
        &quot;Quickbase_Status&quot;: &quot;Planned&quot;,
        &quot;QBRecordID&quot;: 3652,
        &quot;Third_Party_Dependant_For_Conne&quot;: null,
        &quot;Latitude&quot;: -33.92424361,
        &quot;Longitude&quot;: 18.41938249
      }
    },
    {
      &quot;attributes&quot;: {
        &quot;Precincts&quot;: &quot;CPT CBD Phase 10&quot;,
        &quot;Quickbase_Status&quot;: &quot;Planned&quot;,
        &quot;QBRecordID&quot;: 3561,
        &quot;Third_Party_Dependant_For_Conne&quot;: null,
        &quot;Latitude&quot;: -33.92353233,
        &quot;Longitude&quot;: 18.42228762
      }
    },
    {
      &quot;attributes&quot;: {
        &quot;Precincts&quot;: &quot;CPT CBD Phase 10&quot;,
        &quot;Quickbase_Status&quot;: &quot;Planned&quot;,
        &quot;QBRecordID&quot;: 3567,
        &quot;Third_Party_Dependant_For_Conne&quot;: null,
        &quot;Latitude&quot;: -33.92422763,
        &quot;Longitude&quot;: 18.42178038
      }
    },
    {
      &quot;attributes&quot;: {
        &quot;Precincts&quot;: &quot;CPT CBD Phase 10&quot;,
        &quot;Quickbase_Status&quot;: &quot;Planned&quot;,
        &quot;QBRecordID&quot;: 7074,
        &quot;Third_Party_Dependant_For_Conne&quot;: null,
        &quot;Latitude&quot;: -33.92469657,
        &quot;Longitude&quot;: 18.42122329
      }
    },
    {
      &quot;attributes&quot;: {
        &quot;Precincts&quot;: &quot;CPT CBD Phase 10&quot;,
        &quot;Quickbase_Status&quot;: &quot;Planned&quot;,
        &quot;QBRecordID&quot;: 7075,
        &quot;Third_Party_Dependant_For_Conne&quot;: null,
        &quot;Latitude&quot;: -33.92453851,
        &quot;Longitude&quot;: 18.42159256
      }
    },
    {
      &quot;attributes&quot;: {
        &quot;Precincts&quot;: &quot;CPT CBD Phase 09&quot;,
        &quot;Quickbase_Status&quot;: &quot;Planned&quot;,
        &quot;QBRecordID&quot;: 3337,
        &quot;Third_Party_Dependant_For_Conne&quot;: null,
        &quot;Latitude&quot;: -33.91983115,
        &quot;Longitude&quot;: 18.4188409
      }
    },
    {
      &quot;attributes&quot;: {
        &quot;Precincts&quot;: &quot;CPT CBD Phase 09&quot;,
        &quot;Quickbase_Status&quot;: &quot;Planned&quot;,
        &quot;QBRecordID&quot;: 3342,
        &quot;Third_Party_Dependant_For_Conne&quot;: null,
        &quot;Latitude&quot;: -33.9202041,
        &quot;Longitude&quot;: 18.41869419
      }
    },
    {
      &quot;attributes&quot;: {
        &quot;Precincts&quot;: &quot;CPT CBD Phase 09&quot;,
        &quot;Quickbase_Status&quot;: &quot;Planned&quot;,
        &quot;QBRecordID&quot;: 3339,
        &quot;Third_Party_Dependant_For_Conne&quot;: null,
        &quot;Latitude&quot;: -33.91998394,
        &quot;Longitude&quot;: 18.4190657
      }
    },
    {
      &quot;attributes&quot;: {
        &quot;Precincts&quot;: &quot;CPT CBD Phase 09&quot;,
        &quot;Quickbase_Status&quot;: &quot;Planned&quot;,
        &quot;QBRecordID&quot;: 3338,
        &quot;Third_Party_Dependant_For_Conne&quot;: null,
        &quot;Latitude&quot;: -33.91991796,
        &quot;Longitude&quot;: 18.4188996
      }
    },
    {
      &quot;attributes&quot;: {
        &quot;Precincts&quot;: &quot;CPT CBD Phase 09&quot;,
        &quot;Quickbase_Status&quot;: &quot;Planned&quot;,
        &quot;QBRecordID&quot;: 3343,
        &quot;Third_Party_Dependant_For_Conne&quot;: null,
        &quot;Latitude&quot;: -33.91994581,
        &quot;Longitude&quot;: 18.41839648
      }
    },
    {
      &quot;attributes&quot;: {
        &quot;Precincts&quot;: &quot;CPT CBD Phase 09&quot;,
        &quot;Quickbase_Status&quot;: &quot;Planned&quot;,
        &quot;QBRecordID&quot;: 3358,
        &quot;Third_Party_Dependant_For_Conne&quot;: null,
        &quot;Latitude&quot;: -33.92145473,
        &quot;Longitude&quot;: 18.41748404
      }
    },
    {
      &quot;attributes&quot;: {
        &quot;Precincts&quot;: &quot;CPT CBD Phase 09&quot;,
        &quot;Quickbase_Status&quot;: &quot;Planned&quot;,
        &quot;QBRecordID&quot;: 3361,
        &quot;Third_Party_Dependant_For_Conne&quot;: null,
        &quot;Latitude&quot;: -33.92139541,
        &quot;Longitude&quot;: 18.41860886
      }
    },
    {
      &quot;attributes&quot;: {
        &quot;Precincts&quot;: &quot;CPT CBD Phase 09&quot;,
        &quot;Quickbase_Status&quot;: &quot;Planned&quot;,
        &quot;QBRecordID&quot;: 3365,
        &quot;Third_Party_Dependant_For_Conne&quot;: null,
        &quot;Latitude&quot;: -33.92156468,
        &quot;Longitude&quot;: 18.41834274
      }
    },
    {
      &quot;attributes&quot;: {
        &quot;Precincts&quot;: &quot;CPT CBD Phase 09&quot;,
        &quot;Quickbase_Status&quot;: &quot;Planned&quot;,
        &quot;QBRecordID&quot;: 3364,
        &quot;Third_Party_Dependant_For_Conne&quot;: null,
        &quot;Latitude&quot;: -33.9217273,
        &quot;Longitude&quot;: 18.41845017
      }
    },
    {
      &quot;attributes&quot;: {
        &quot;Precincts&quot;: &quot;CPT CBD Phase 09&quot;,
        &quot;Quickbase_Status&quot;: &quot;Planned&quot;,
        &quot;QBRecordID&quot;: 3369,
        &quot;Third_Party_Dependant_For_Conne&quot;: null,
        &quot;Latitude&quot;: -33.92192877,
        &quot;Longitude&quot;: 18.41792349
      }
    },
    {
      &quot;attributes&quot;: {
        &quot;Precincts&quot;: &quot;CPT CBD Phase 09&quot;,
        &quot;Quickbase_Status&quot;: &quot;Planned&quot;,
        &quot;QBRecordID&quot;: 3374,
        &quot;Third_Party_Dependant_For_Conne&quot;: null,
        &quot;Latitude&quot;: -33.92221423,
        &quot;Longitude&quot;: 18.41667853
      }
    },
    {
      &quot;attributes&quot;: {
        &quot;Precincts&quot;: &quot;CPT CBD Phase 11&quot;,
        &quot;Quickbase_Status&quot;: &quot;Planned&quot;,
        &quot;QBRecordID&quot;: 3382,
        &quot;Third_Party_Dependant_For_Conne&quot;: null,
        &quot;Latitude&quot;: -33.92238841,
        &quot;Longitude&quot;: 18.41770988
      }
    },
    {
      &quot;attributes&quot;: {
        &quot;Precincts&quot;: &quot;CPT CBD Phase 09&quot;,
        &quot;Quickbase_Status&quot;: &quot;Planned&quot;,
        &quot;QBRecordID&quot;: 3380,
        &quot;Third_Party_Dependant_For_Conne&quot;: null,
        &quot;Latitude&quot;: -33.92218225,
        &quot;Longitude&quot;: 18.41743858
      }
    },
    {
      &quot;attributes&quot;: {
        &quot;Precincts&quot;: &quot;CPT CBD Phase 09&quot;,
        &quot;Quickbase_Status&quot;: &quot;Planned&quot;,
        &quot;QBRecordID&quot;: 3385,
        &quot;Third_Party_Dependant_For_Conne&quot;: null,
        &quot;Latitude&quot;: -33.92274769,
        &quot;Longitude&quot;: 18.41741105
      }
    },
    {
      &quot;attributes&quot;: {
        &quot;Precincts&quot;: &quot;CPT CBD Phase 08&quot;,
        &quot;Quickbase_Status&quot;: &quot;Planned&quot;,
        &quot;QBRecordID&quot;: 3276,
        &quot;Third_Party_Dependant_For_Conne&quot;: null,
        &quot;Latitude&quot;: -33.91738637,
        &quot;Longitude&quot;: 18.42273891
      }
    },
    {
      &quot;attributes&quot;: {
        &quot;Precincts&quot;: &quot;CPT CBD Phase 08&quot;,
        &quot;Quickbase_Status&quot;: &quot;Planned&quot;,
        &quot;QBRecordID&quot;: 3277,
        &quot;Third_Party_Dependant_For_Conne&quot;: null,
        &quot;Latitude&quot;: -33.91721893,
        &quot;Longitude&quot;: 18.4212371
      }
    },
    {
      &quot;attributes&quot;: {
        &quot;Precincts&quot;: &quot;CPT CBD Phase 08&quot;,
        &quot;Quickbase_Status&quot;: &quot;Planned&quot;,
        &quot;QBRecordID&quot;: 3279,
        &quot;Third_Party_Dependant_For_Conne&quot;: null,
        &quot;Latitude&quot;: -33.91736571,
        &quot;Longitude&quot;: 18.42180794
      }
    },
    {
      &quot;attributes&quot;: {
        &quot;Precincts&quot;: &quot;CPT CBD Phase 08&quot;,
        &quot;Quickbase_Status&quot;: &quot;Planned&quot;,
        &quot;QBRecordID&quot;: 3280,
        &quot;Third_Party_Dependant_For_Conne&quot;: null,
        &quot;Latitude&quot;: -33.91745212,
        &quot;Longitude&quot;: 18.42172157
      }
    },
    {
      &quot;attributes&quot;: {
        &quot;Precincts&quot;: &quot;CPT CBD Phase 08&quot;,
        &quot;Quickbase_Status&quot;: &quot;Planned&quot;,
        &quot;QBRecordID&quot;: 3281,
        &quot;Third_Party_Dependant_For_Conne&quot;: null,
        &quot;Latitude&quot;: -33.91755393,
        &quot;Longitude&quot;: 18.42159981
      }
    },
    {
      &quot;attributes&quot;: {
        &quot;Precincts&quot;: &quot;CPT CBD Phase 08&quot;,
        &quot;Quickbase_Status&quot;: &quot;Planned&quot;,
        &quot;QBRecordID&quot;: 3282,
        &quot;Third_Party_Dependant_For_Conne&quot;: null,
        &quot;Latitude&quot;: -33.91769152,
        &quot;Longitude&quot;: 18.42147022
      }
    },
    {
      &quot;attributes&quot;: {
        &quot;Precincts&quot;: &quot;CPT CBD Phase 08&quot;,
        &quot;Quickbase_Status&quot;: &quot;Planned&quot;,
        &quot;QBRecordID&quot;: 3283,
        &quot;Third_Party_Dependant_For_Conne&quot;: null,
        &quot;Latitude&quot;: -33.91781578,
        &quot;Longitude&quot;: 18.42226409
      }
    },
    {
      &quot;attributes&quot;: {
        &quot;Precincts&quot;: &quot;CPT CBD Phase 08&quot;,
        &quot;Quickbase_Status&quot;: &quot;Planned&quot;,
        &quot;QBRecordID&quot;: 3289,
        &quot;Third_Party_Dependant_For_Conne&quot;: null,
        &quot;Latitude&quot;: -33.91796281,
        &quot;Longitude&quot;: 18.42205461
      }
    },
    {
      &quot;attributes&quot;: {
        &quot;Precincts&quot;: &quot;CPT CBD Phase 08&quot;,
        &quot;Quickbase_Status&quot;: &quot;Planned&quot;,
        &quot;QBRecordID&quot;: 3286,
        &quot;Third_Party_Dependant_For_Conne&quot;: null,
        &quot;Latitude&quot;: -33.91830421,
        &quot;Longitude&quot;: 18.42225808
      }
    },
    {
      &quot;attributes&quot;: {
        &quot;Precincts&quot;: &quot;CPT CBD Phase 08&quot;,
        &quot;Quickbase_Status&quot;: &quot;Planned&quot;,
        &quot;QBRecordID&quot;: 3285,
        &quot;Third_Party_Dependant_For_Conne&quot;: null,
        &quot;Latitude&quot;: -33.91817207,
        &quot;Longitude&quot;: 18.42227775
      }
    },
    {
      &quot;attributes&quot;: {
        &quot;Precincts&quot;: &quot;CPT CBD Phase 08&quot;,
        &quot;Quickbase_Status&quot;: &quot;Planned&quot;,
        &quot;QBRecordID&quot;: 3292,
        &quot;Third_Party_Dependant_For_Conne&quot;: null,
        &quot;Latitude&quot;: -33.91869415,
        &quot;Longitude&quot;: 18.42182913
      }
    },
    {
      &quot;attributes&quot;: {
        &quot;Precincts&quot;: &quot;CPT CBD Phase 08&quot;,
        &quot;Quickbase_Status&quot;: &quot;Planned&quot;,
        &quot;QBRecordID&quot;: 3293,
        &quot;Third_Party_Dependant_For_Conne&quot;: null,
        &quot;Latitude&quot;: -33.91863186,
        &quot;Longitude&quot;: 18.4216803
      }
    },
    {
      &quot;attributes&quot;: {
        &quot;Precincts&quot;: &quot;CPT CBD Phase 08&quot;,
        &quot;Quickbase_Status&quot;: &quot;Planned&quot;,
        &quot;QBRecordID&quot;: 3299,
        &quot;Third_Party_Dependant_For_Conne&quot;: null,
        &quot;Latitude&quot;: -33.91775295,
        &quot;Longitude&quot;: 18.42069315
      }
    },
    {
      &quot;attributes&quot;: {
        &quot;Precincts&quot;: &quot;CPT CBD Phase 08&quot;,
        &quot;Quickbase_Status&quot;: &quot;Planned&quot;,
        &quot;QBRecordID&quot;: 3303,
        &quot;Third_Party_Dependant_For_Conne&quot;: null,
        &quot;Latitude&quot;: -33.91842029,
        &quot;Longitude&quot;: 18.42003344
      }
    },
    {
      &quot;attributes&quot;: {
        &quot;Precincts&quot;: &quot;CPT CBD Phase 08&quot;,
        &quot;Quickbase_Status&quot;: &quot;Planned&quot;,
        &quot;QBRecordID&quot;: 3301,
        &quot;Third_Party_Dependant_For_Conne&quot;: null,
        &quot;Latitude&quot;: -33.91824399,
        &quot;Longitude&quot;: 18.42029404
      }
    },
    {
      &quot;attributes&quot;: {
        &quot;Precincts&quot;: &quot;CPT CBD Phase 08&quot;,
        &quot;Quickbase_Status&quot;: &quot;Planned&quot;,
        &quot;QBRecordID&quot;: 3310,
        &quot;Third_Party_Dependant_For_Conne&quot;: null,
        &quot;Latitude&quot;: -33.91922211,
        &quot;Longitude&quot;: 18.4218563
      }
    },
    {
      &quot;attributes&quot;: {
        &quot;Precincts&quot;: &quot;CPT CBD Phase 08&quot;,
        &quot;Quickbase_Status&quot;: &quot;Planned&quot;,
        &quot;QBRecordID&quot;: 3311,
        &quot;Third_Party_Dependant_For_Conne&quot;: null,
        &quot;Latitude&quot;: -33.91931305,
        &quot;Longitude&quot;: 18.42174717
      }
    },
    {
      &quot;attributes&quot;: {
        &quot;Precincts&quot;: &quot;CPT CBD Phase 08&quot;,
        &quot;Quickbase_Status&quot;: &quot;Planned&quot;,
        &quot;QBRecordID&quot;: 3316,
        &quot;Third_Party_Dependant_For_Conne&quot;: null,
        &quot;Latitude&quot;: -33.91936958,
        &quot;Longitude&quot;: 18.42159836
      }
    },
    {
      &quot;attributes&quot;: {
        &quot;Precincts&quot;: &quot;CPT CBD Phase 08&quot;,
        &quot;Quickbase_Status&quot;: &quot;Planned&quot;,
        &quot;QBRecordID&quot;: 3315,
        &quot;Third_Party_Dependant_For_Conne&quot;: null,
        &quot;Latitude&quot;: -33.9194667,
        &quot;Longitude&quot;: 18.42148426
      }
    },
    {
      &quot;attributes&quot;: {
        &quot;Precincts&quot;: &quot;CPT CBD Phase 08&quot;,
        &quot;Quickbase_Status&quot;: &quot;Planned&quot;,
        &quot;QBRecordID&quot;: 3313,
        &quot;Third_Party_Dependant_For_Conne&quot;: null,
        &quot;Latitude&quot;: -33.91948462,
        &quot;Longitude&quot;: 18.42167238
      }
    },
    {
      &quot;attributes&quot;: {
        &quot;Precincts&quot;: &quot;CPT CBD Phase 08&quot;,
        &quot;Quickbase_Status&quot;: &quot;Planned&quot;,
        &quot;QBRecordID&quot;: 3322,
        &quot;Third_Party_Dependant_For_Conne&quot;: null,
        &quot;Latitude&quot;: -33.91885418,
        &quot;Longitude&quot;: 18.41933731
      }
    },
    {
      &quot;attributes&quot;: {
        &quot;Precincts&quot;: &quot;CPT CBD Phase 08&quot;,
        &quot;Quickbase_Status&quot;: &quot;Planned&quot;,
        &quot;QBRecordID&quot;: 3321,
        &quot;Third_Party_Dependant_For_Conne&quot;: null,
        &quot;Latitude&quot;: -33.91894669,
        &quot;Longitude&quot;: 18.41955437
      }
    },
    {
      &quot;attributes&quot;: {
        &quot;Precincts&quot;: &quot;CPT CBD Phase 08&quot;,
        &quot;Quickbase_Status&quot;: &quot;Planned&quot;,
        &quot;QBRecordID&quot;: 3320,
        &quot;Third_Party_Dependant_For_Conne&quot;: null,
        &quot;Latitude&quot;: -33.91912372,
        &quot;Longitude&quot;: 18.41968564
      }
    },
    {
      &quot;attributes&quot;: {
        &quot;Precincts&quot;: &quot;CPT CBD Phase 08&quot;,
        &quot;Quickbase_Status&quot;: &quot;Planned&quot;,
        &quot;QBRecordID&quot;: 3319,
        &quot;Third_Party_Dependant_For_Conne&quot;: null,
        &quot;Latitude&quot;: -33.91894539,
        &quot;Longitude&quot;: 18.42015695
      }
    },
    {
      &quot;attributes&quot;: {
        &quot;Precincts&quot;: &quot;CPT CBD Phase 08&quot;,
        &quot;Quickbase_Status&quot;: &quot;Planned&quot;,
        &quot;QBRecordID&quot;: 7013,
        &quot;Third_Party_Dependant_For_Conne&quot;: null,
        &quot;Latitude&quot;: -33.91861449,
        &quot;Longitude&quot;: 18.41956912
      }
    },
    {
      &quot;attributes&quot;: {
        &quot;Precincts&quot;: &quot;CPT CBD Phase 08&quot;,
        &quot;Quickbase_Status&quot;: &quot;Planned&quot;,
        &quot;QBRecordID&quot;: 7012,
        &quot;Third_Party_Dependant_For_Conne&quot;: null,
        &quot;Latitude&quot;: -33.91869277,
        &quot;Longitude&quot;: 18.41992266
      }
    },
    {
      &quot;attributes&quot;: {
        &quot;Precincts&quot;: &quot;CPT CBD Phase 08&quot;,
        &quot;Quickbase_Status&quot;: &quot;Planned&quot;,
        &quot;QBRecordID&quot;: 3326,
        &quot;Third_Party_Dependant_For_Conne&quot;: null,
        &quot;Latitude&quot;: -33.91937295,
        &quot;Longitude&quot;: 18.42083327
      }
    },
    {
      &quot;attributes&quot;: {
        &quot;Precincts&quot;: &quot;CPT CBD Phase 08&quot;,
        &quot;Quickbase_Status&quot;: &quot;Planned&quot;,
        &quot;QBRecordID&quot;: 3334,
        &quot;Third_Party_Dependant_For_Conne&quot;: null,
        &quot;Latitude&quot;: -33.91978727,
        &quot;Longitude&quot;: 18.42113858
      }
    },
    {
      &quot;attributes&quot;: {
        &quot;Precincts&quot;: &quot;CPT CBD Phase 08&quot;,
        &quot;Quickbase_Status&quot;: &quot;Planned&quot;,
        &quot;QBRecordID&quot;: 3333,
        &quot;Third_Party_Dependant_For_Conne&quot;: null,
        &quot;Latitude&quot;: -33.91986371,
        &quot;Longitude&quot;: 18.42102949
      }
    },
    {
      &quot;attributes&quot;: {
        &quot;Precincts&quot;: &quot;CPT CBD Phase 08&quot;,
        &quot;Quickbase_Status&quot;: &quot;Planned&quot;,
        &quot;QBRecordID&quot;: 3330,
        &quot;Third_Party_Dependant_For_Conne&quot;: null,
        &quot;Latitude&quot;: -33.91982888,
        &quot;Longitude&quot;: 18.42131228
      }
    },
    {
      &quot;attributes&quot;: {
        &quot;Precincts&quot;: &quot;CPT CBD Phase 08&quot;,
        &quot;Quickbase_Status&quot;: &quot;Planned&quot;,
        &quot;QBRecordID&quot;: 3332,
        &quot;Third_Party_Dependant_For_Conne&quot;: null,
        &quot;Latitude&quot;: -33.92005808,
        &quot;Longitude&quot;: 18.42103821
      }
    },
    {
      &quot;attributes&quot;: {
        &quot;Precincts&quot;: &quot;CPT CBD Phase 07&quot;,
        &quot;Quickbase_Status&quot;: &quot;Planned&quot;,
        &quot;QBRecordID&quot;: 3234,
        &quot;Third_Party_Dependant_For_Conne&quot;: null,
        &quot;Latitude&quot;: -33.92468509,
        &quot;Longitude&quot;: 18.41833762
      }
    },
    {
      &quot;attributes&quot;: {
        &quot;Precincts&quot;: &quot;CPT CBD Phase 07&quot;,
        &quot;Quickbase_Status&quot;: &quot;Planned&quot;,
        &quot;QBRecordID&quot;: 3239,
        &quot;Third_Party_Dependant_For_Conne&quot;: null,
        &quot;Latitude&quot;: -33.92611509,
        &quot;Longitude&quot;: 18.41664277
      }
    },
    {
      &quot;attributes&quot;: {
        &quot;Precincts&quot;: &quot;CPT CBD Phase 07&quot;,
        &quot;Quickbase_Status&quot;: &quot;Planned&quot;,
        &quot;QBRecordID&quot;: 3241,
        &quot;Third_Party_Dependant_For_Conne&quot;: null,
        &quot;Latitude&quot;: -33.92342006,
        &quot;Longitude&quot;: 18.41723826
      }
    },
    {
      &quot;attributes&quot;: {
        &quot;Precincts&quot;: &quot;CPT CBD Phase 07&quot;,
        &quot;Quickbase_Status&quot;: &quot;Planned&quot;,
        &quot;QBRecordID&quot;: 3248,
        &quot;Third_Party_Dependant_For_Conne&quot;: null,
        &quot;Latitude&quot;: -33.92383795,
        &quot;Longitude&quot;: 18.41741923
      }
    },
    {
      &quot;attributes&quot;: {
        &quot;Precincts&quot;: &quot;CPT CBD Phase 07&quot;,
        &quot;Quickbase_Status&quot;: &quot;Planned&quot;,
        &quot;QBRecordID&quot;: 3243,
        &quot;Third_Party_Dependant_For_Conne&quot;: null,
        &quot;Latitude&quot;: -33.92351486,
        &quot;Longitude&quot;: 18.41759767
      }
    },
    {
      &quot;attributes&quot;: {
        &quot;Precincts&quot;: &quot;CPT CBD Phase 07&quot;,
        &quot;Quickbase_Status&quot;: &quot;Planned&quot;,
        &quot;QBRecordID&quot;: 3257,
        &quot;Third_Party_Dependant_For_Conne&quot;: null,
        &quot;Latitude&quot;: -33.9245964,
        &quot;Longitude&quot;: 18.41732382
      }
    },
    {
      &quot;attributes&quot;: {
        &quot;Precincts&quot;: &quot;CPT CBD Phase 07&quot;,
        &quot;Quickbase_Status&quot;: &quot;Planned&quot;,
        &quot;QBRecordID&quot;: 3256,
        &quot;Third_Party_Dependant_For_Conne&quot;: null,
        &quot;Latitude&quot;: -33.92475262,
        &quot;Longitude&quot;: 18.41747245
      }
    },
    {
      &quot;attributes&quot;: {
        &quot;Precincts&quot;: &quot;CPT CBD Phase 07&quot;,
        &quot;Quickbase_Status&quot;: &quot;Planned&quot;,
        &quot;QBRecordID&quot;: 3252,
        &quot;Third_Party_Dependant_For_Conne&quot;: null,
        &quot;Latitude&quot;: -33.92427028,
        &quot;Longitude&quot;: 18.41742245
      }
    },
    {
      &quot;attributes&quot;: {
        &quot;Precincts&quot;: &quot;CPT CBD Phase 07&quot;,
        &quot;Quickbase_Status&quot;: &quot;Planned&quot;,
        &quot;QBRecordID&quot;: 3259,
        &quot;Third_Party_Dependant_For_Conne&quot;: null,
        &quot;Latitude&quot;: -33.92475206,
        &quot;Longitude&quot;: 18.41696115
      }
    },
    {
      &quot;attributes&quot;: {
        &quot;Precincts&quot;: &quot;CPT CBD Phase 07&quot;,
        &quot;Quickbase_Status&quot;: &quot;Planned&quot;,
        &quot;QBRecordID&quot;: 3264,
        &quot;Third_Party_Dependant_For_Conne&quot;: null,
        &quot;Latitude&quot;: -33.92480367,
        &quot;Longitude&quot;: 18.41683526
      }
    },
    {
      &quot;attributes&quot;: {
        &quot;Precincts&quot;: &quot;CPT CBD Phase 07&quot;,
        &quot;Quickbase_Status&quot;: &quot;Planned&quot;,
        &quot;QBRecordID&quot;: 3267,
        &quot;Third_Party_Dependant_For_Conne&quot;: null,
        &quot;Latitude&quot;: -33.92550554,
        &quot;Longitude&quot;: 18.41649345
      }
    },
    {
      &quot;attributes&quot;: {
        &quot;Precincts&quot;: &quot;CPT CBD Phase 07&quot;,
        &quot;Quickbase_Status&quot;: &quot;Planned&quot;,
        &quot;QBRecordID&quot;: 3269,
        &quot;Third_Party_Dependant_For_Conne&quot;: null,
        &quot;Latitude&quot;: -33.92577228,
        &quot;Longitude&quot;: 18.41614702
      }
    },
    {
      &quot;attributes&quot;: {
        &quot;Precincts&quot;: &quot;CPT CBD Phase 07&quot;,
        &quot;Quickbase_Status&quot;: &quot;Planned&quot;,
        &quot;QBRecordID&quot;: 3268,
        &quot;Third_Party_Dependant_For_Conne&quot;: null,
        &quot;Latitude&quot;: -33.92560815,
        &quot;Longitude&quot;: 18.4163723
      }
    },
    {
      &quot;attributes&quot;: {
        &quot;Precincts&quot;: &quot;CPT CBD Phase 07&quot;,
        &quot;Quickbase_Status&quot;: &quot;Planned&quot;,
        &quot;QBRecordID&quot;: 3272,
        &quot;Third_Party_Dependant_For_Conne&quot;: null,
        &quot;Latitude&quot;: -33.92546118,
        &quot;Longitude&quot;: 18.41610308
      }
    },
    {
      &quot;attributes&quot;: {
        &quot;Precincts&quot;: &quot;CPT CBD Phase 07&quot;,
        &quot;Quickbase_Status&quot;: &quot;Planned&quot;,
        &quot;QBRecordID&quot;: 3265,
        &quot;Third_Party_Dependant_For_Conne&quot;: null,
        &quot;Latitude&quot;: -33.92507696,
        &quot;Longitude&quot;: 18.41651423
      }
    },
    {
      &quot;attributes&quot;: {
        &quot;Precincts&quot;: &quot;CPT CBD Phase 07&quot;,
        &quot;Quickbase_Status&quot;: &quot;Planned&quot;,
        &quot;QBRecordID&quot;: 3270,
        &quot;Third_Party_Dependant_For_Conne&quot;: null,
        &quot;Latitude&quot;: -33.92535215,
        &quot;Longitude&quot;: 18.41624628
      }
    },
    {
      &quot;attributes&quot;: {
        &quot;Precincts&quot;: &quot;CPT CBD Phase 05&quot;,
        &quot;Quickbase_Status&quot;: &quot;Planned&quot;,
        &quot;QBRecordID&quot;: 3160,
        &quot;Third_Party_Dependant_For_Conne&quot;: null,
        &quot;Latitude&quot;: -33.9230454,
        &quot;Longitude&quot;: 18.41672869
      }
    },
    {
      &quot;attributes&quot;: {
        &quot;Precincts&quot;: &quot;CPT CBD Phase 05&quot;,
        &quot;Quickbase_Status&quot;: &quot;Planned&quot;,
        &quot;QBRecordID&quot;: 3161,
        &quot;Third_Party_Dependant_For_Conne&quot;: null,
        &quot;Latitude&quot;: -33.92332056,
        &quot;Longitude&quot;: 18.41610002
      }
    },
    {
      &quot;attributes&quot;: {
        &quot;Precincts&quot;: &quot;CPT CBD Phase 05&quot;,
        &quot;Quickbase_Status&quot;: &quot;Planned&quot;,
        &quot;QBRecordID&quot;: 3162,
        &quot;Third_Party_Dependant_For_Conne&quot;: null,
        &quot;Latitude&quot;: -33.92341429,
        &quot;Longitude&quot;: 18.41622535
      }
    },
    {
      &quot;attributes&quot;: {
        &quot;Precincts&quot;: &quot;CPT CBD Phase 05&quot;,
        &quot;Quickbase_Status&quot;: &quot;Planned&quot;,
        &quot;QBRecordID&quot;: 3164,
        &quot;Third_Party_Dependant_For_Conne&quot;: null,
        &quot;Latitude&quot;: -33.92356094,
        &quot;Longitude&quot;: 18.41630708
      }
    },
    {
      &quot;attributes&quot;: {
        &quot;Precincts&quot;: &quot;CPT CBD Phase 05&quot;,
        &quot;Quickbase_Status&quot;: &quot;Planned&quot;,
        &quot;QBRecordID&quot;: 3165,
        &quot;Third_Party_Dependant_For_Conne&quot;: null,
        &quot;Latitude&quot;: -33.92361354,
        &quot;Longitude&quot;: 18.41648084
      }
    },
    {
      &quot;attributes&quot;: {
        &quot;Precincts&quot;: &quot;CPT CBD Phase 05&quot;,
        &quot;Quickbase_Status&quot;: &quot;Planned&quot;,
        &quot;QBRecordID&quot;: 3169,
        &quot;Third_Party_Dependant_For_Conne&quot;: null,
        &quot;Latitude&quot;: -33.92344873,
        &quot;Longitude&quot;: 18.41601705
      }
    },
    {
      &quot;attributes&quot;: {
        &quot;Precincts&quot;: &quot;CPT CBD Phase 05&quot;,
        &quot;Quickbase_Status&quot;: &quot;Planned&quot;,
        &quot;QBRecordID&quot;: 3168,
        &quot;Third_Party_Dependant_For_Conne&quot;: null,
        &quot;Latitude&quot;: -33.92352442,
        &quot;Longitude&quot;: 18.41585309
      }
    },
    {
      &quot;attributes&quot;: {
        &quot;Precincts&quot;: &quot;CPT CBD Phase 05&quot;,
        &quot;Quickbase_Status&quot;: &quot;Planned&quot;,
        &quot;QBRecordID&quot;: 3166,
        &quot;Third_Party_Dependant_For_Conne&quot;: null,
        &quot;Latitude&quot;: -33.9238172,
        &quot;Longitude&quot;: 18.41625246
      }
    },
    {
      &quot;attributes&quot;: {
        &quot;Precincts&quot;: &quot;CPT CBD Phase 05&quot;,
        &quot;Quickbase_Status&quot;: &quot;Planned&quot;,
        &quot;QBRecordID&quot;: 3163,
        &quot;Third_Party_Dependant_For_Conne&quot;: null,
        &quot;Latitude&quot;: -33.92371641,
        &quot;Longitude&quot;: 18.41636026
      }
    },
    {
      &quot;attributes&quot;: {
        &quot;Precincts&quot;: &quot;CPT CBD Phase 05&quot;,
        &quot;Quickbase_Status&quot;: &quot;Planned&quot;,
        &quot;QBRecordID&quot;: 3167,
        &quot;Third_Party_Dependant_For_Conne&quot;: null,
        &quot;Latitude&quot;: -33.92366083,
        &quot;Longitude&quot;: 18.41605585
      }
    },
    {
      &quot;attributes&quot;: {
        &quot;Precincts&quot;: &quot;CPT CBD Phase 05&quot;,
        &quot;Quickbase_Status&quot;: &quot;Planned&quot;,
        &quot;QBRecordID&quot;: 3170,
        &quot;Third_Party_Dependant_For_Conne&quot;: null,
        &quot;Latitude&quot;: -33.92398851,
        &quot;Longitude&quot;: 18.41674183
      }
    },
    {
      &quot;attributes&quot;: {
        &quot;Precincts&quot;: &quot;CPT CBD Phase 05&quot;,
        &quot;Quickbase_Status&quot;: &quot;Planned&quot;,
        &quot;QBRecordID&quot;: 3171,
        &quot;Third_Party_Dependant_For_Conne&quot;: null,
        &quot;Latitude&quot;: -33.92407896,
        &quot;Longitude&quot;: 18.41712753
      }
    },
    {
      &quot;attributes&quot;: {
        &quot;Precincts&quot;: &quot;CPT CBD Phase 05&quot;,
        &quot;Quickbase_Status&quot;: &quot;Planned&quot;,
        &quot;QBRecordID&quot;: 3172,
        &quot;Third_Party_Dependant_For_Conne&quot;: null,
        &quot;Latitude&quot;: -33.9241837,
        &quot;Longitude&quot;: 18.4170128
      }
    },
    {
      &quot;attributes&quot;: {
        &quot;Precincts&quot;: &quot;CPT CBD Phase 05&quot;,
        &quot;Quickbase_Status&quot;: &quot;Planned&quot;,
        &quot;QBRecordID&quot;: 3174,
        &quot;Third_Party_Dependant_For_Conne&quot;: null,
        &quot;Latitude&quot;: -33.9242996,
        &quot;Longitude&quot;: 18.4168972
      }
    },
    {
      &quot;attributes&quot;: {
        &quot;Precincts&quot;: &quot;CPT CBD Phase 05&quot;,
        &quot;Quickbase_Status&quot;: &quot;Planned&quot;,
        &quot;QBRecordID&quot;: 3176,
        &quot;Third_Party_Dependant_For_Conne&quot;: null,
        &quot;Latitude&quot;: -33.92395191,
        &quot;Longitude&quot;: 18.41579719
      }
    },
    {
      &quot;attributes&quot;: {
        &quot;Precincts&quot;: &quot;CPT CBD Phase 05&quot;,
        &quot;Quickbase_Status&quot;: &quot;Planned&quot;,
        &quot;QBRecordID&quot;: 3175,
        &quot;Third_Party_Dependant_For_Conne&quot;: null,
        &quot;Latitude&quot;: -33.92373405,
        &quot;Longitude&quot;: 18.41563536
      }
    },
    {
      &quot;attributes&quot;: {
        &quot;Precincts&quot;: &quot;CPT CBD Phase 05&quot;,
        &quot;Quickbase_Status&quot;: &quot;Planned&quot;,
        &quot;QBRecordID&quot;: 3183,
        &quot;Third_Party_Dependant_For_Conne&quot;: null,
        &quot;Latitude&quot;: -33.92425718,
        &quot;Longitude&quot;: 18.41627648
      }
    },
    {
      &quot;attributes&quot;: {
        &quot;Precincts&quot;: &quot;CPT CBD Phase 05&quot;,
        &quot;Quickbase_Status&quot;: &quot;Planned&quot;,
        &quot;QBRecordID&quot;: 3189,
        &quot;Third_Party_Dependant_For_Conne&quot;: null,
        &quot;Latitude&quot;: -33.92450246,
        &quot;Longitude&quot;: 18.41596374
      }
    },
    {
      &quot;attributes&quot;: {
        &quot;Precincts&quot;: &quot;CPT CBD Phase 05&quot;,
        &quot;Quickbase_Status&quot;: &quot;Planned&quot;,
        &quot;QBRecordID&quot;: 3184,
        &quot;Third_Party_Dependant_For_Conne&quot;: null,
        &quot;Latitude&quot;: -33.92447609,
        &quot;Longitude&quot;: 18.41658824
      }
    },
    {
      &quot;attributes&quot;: {
        &quot;Precincts&quot;: &quot;Somerset West Phase 1&quot;,
        &quot;Quickbase_Status&quot;: &quot;Planned&quot;,
        &quot;QBRecordID&quot;: 79394,
        &quot;Third_Party_Dependant_For_Conne&quot;: null,
        &quot;Latitude&quot;: -34.07626311,
        &quot;Longitude&quot;: 18.81762809
      }
    },
    {
      &quot;attributes&quot;: {
        &quot;Precincts&quot;: &quot;Somerset West Phase 1&quot;,
        &quot;Quickbase_Status&quot;: &quot;Planned&quot;,
        &quot;QBRecordID&quot;: 79395,
        &quot;Third_Party_Dependant_For_Conne&quot;: null,
        &quot;Latitude&quot;: -34.08052743,
        &quot;Longitude&quot;: 18.81784719
      }
    },
    {
      &quot;attributes&quot;: {
        &quot;Precincts&quot;: &quot;Somerset West Phase 1&quot;,
        &quot;Quickbase_Status&quot;: &quot;Planned&quot;,
        &quot;QBRecordID&quot;: 79396,
        &quot;Third_Party_Dependant_For_Conne&quot;: null,
        &quot;Latitude&quot;: -34.08056237,
        &quot;Longitude&quot;: 18.81768661
      }
    },
    {
      &quot;attributes&quot;: {
        &quot;Precincts&quot;: &quot;CPT CBD Phase 07&quot;,
        &quot;Quickbase_Status&quot;: &quot;Planned&quot;,
        &quot;QBRecordID&quot;: 3246,
        &quot;Third_Party_Dependant_For_Conne&quot;: null,
        &quot;Latitude&quot;: -33.92368519,
        &quot;Longitude&quot;: 18.41753395
      }
    },
    {
      &quot;attributes&quot;: {
        &quot;Precincts&quot;: &quot;CPT CBD Phase 13&quot;,
        &quot;Quickbase_Status&quot;: &quot;Planned&quot;,
        &quot;QBRecordID&quot;: 7865,
        &quot;Third_Party_Dependant_For_Conne&quot;: null,
        &quot;Latitude&quot;: -33.92115457,
        &quot;Longitude&quot;: 18.42069851
      }
    },
    {
      &quot;attributes&quot;: {
        &quot;Precincts&quot;: &quot;Somerset West Phase 1&quot;,
        &quot;Quickbase_Status&quot;: &quot;Planned&quot;,
        &quot;QBRecordID&quot;: 14309,
        &quot;Third_Party_Dependant_For_Conne&quot;: null,
        &quot;Latitude&quot;: -34.07967471,
        &quot;Longitude&quot;: 18.81672227
      }
    },
    {
      &quot;attributes&quot;: {
        &quot;Precincts&quot;: &quot;Somerset West Phase 2&quot;,
        &quot;Quickbase_Status&quot;: &quot;Planned&quot;,
        &quot;QBRecordID&quot;: 16336,
        &quot;Third_Party_Dependant_For_Conne&quot;: null,
        &quot;Latitude&quot;: -34.08887214,
        &quot;Longitude&quot;: 18.82192123
      }
    },
    {
      &quot;attributes&quot;: {
        &quot;Precincts&quot;: &quot;Somerset West Phase 2&quot;,
        &quot;Quickbase_Status&quot;: &quot;Planned&quot;,
        &quot;QBRecordID&quot;: 16337,
        &quot;Third_Party_Dependant_For_Conne&quot;: null,
        &quot;Latitude&quot;: -34.08908272,
        &quot;Longitude&quot;: 18.82282027
      }
    },
    {
      &quot;attributes&quot;: {
        &quot;Precincts&quot;: &quot;Somerset West Phase 1&quot;,
        &quot;Quickbase_Status&quot;: &quot;Planned&quot;,
        &quot;QBRecordID&quot;: 14308,
        &quot;Third_Party_Dependant_For_Conne&quot;: null,
        &quot;Latitude&quot;: -34.08058746,
        &quot;Longitude&quot;: 18.81719501
      }
    },
    {
      &quot;attributes&quot;: {
        &quot;Precincts&quot;: &quot;Somerset West Phase 2&quot;,
        &quot;Quickbase_Status&quot;: &quot;Planned&quot;,
        &quot;QBRecordID&quot;: 14304,
        &quot;Third_Party_Dependant_For_Conne&quot;: null,
        &quot;Latitude&quot;: -34.08208226,
        &quot;Longitude&quot;: 18.82027355
      }
    },
    {
      &quot;attributes&quot;: {
        &quot;Precincts&quot;: &quot;Somerset West Phase 1&quot;,
        &quot;Quickbase_Status&quot;: &quot;Planned&quot;,
        &quot;QBRecordID&quot;: 14310,
        &quot;Third_Party_Dependant_For_Conne&quot;: null,
        &quot;Latitude&quot;: -34.07650336,
        &quot;Longitude&quot;: 18.81865469
      }
    },
    {
      &quot;attributes&quot;: {
        &quot;Precincts&quot;: &quot;Brackengate Business Park&quot;,
        &quot;Quickbase_Status&quot;: &quot;Planned&quot;,
        &quot;QBRecordID&quot;: 6611,
        &quot;Third_Party_Dependant_For_Conne&quot;: null,
        &quot;Latitude&quot;: -33.89175837,
        &quot;Longitude&quot;: 18.6840001
      }
    },
    {
      &quot;attributes&quot;: {
        &quot;Precincts&quot;: &quot;Somerset West Phase 3&quot;,
        &quot;Quickbase_Status&quot;: &quot;Planned&quot;,
        &quot;QBRecordID&quot;: 14275,
        &quot;Third_Party_Dependant_For_Conne&quot;: null,
        &quot;Latitude&quot;: -34.08678018,
        &quot;Longitude&quot;: 18.82170025
      }
    },
    {
      &quot;attributes&quot;: {
        &quot;Precincts&quot;: &quot;Somerset West Phase 2&quot;,
        &quot;Quickbase_Status&quot;: &quot;Planned&quot;,
        &quot;QBRecordID&quot;: 14298,
        &quot;Third_Party_Dependant_For_Conne&quot;: null,
        &quot;Latitude&quot;: -34.08282315,
        &quot;Longitude&quot;: 18.81999977
      }
    },
    {
      &quot;attributes&quot;: {
        &quot;Precincts&quot;: &quot;Somerset West Phase 2&quot;,
        &quot;Quickbase_Status&quot;: &quot;Planned&quot;,
        &quot;QBRecordID&quot;: 14343,
        &quot;Third_Party_Dependant_For_Conne&quot;: null,
        &quot;Latitude&quot;: -34.08890719,
        &quot;Longitude&quot;: 18.8223394
      }
    },
    {
      &quot;attributes&quot;: {
        &quot;Precincts&quot;: &quot;Umgeni Business Park&quot;,
        &quot;Quickbase_Status&quot;: &quot;Planned&quot;,
        &quot;QBRecordID&quot;: 13323,
        &quot;Third_Party_Dependant_For_Conne&quot;: null,
        &quot;Latitude&quot;: -29.81180662,
        &quot;Longitude&quot;: 30.99435405
      }
    },
    {
      &quot;attributes&quot;: {
        &quot;Precincts&quot;: &quot;Umgeni Business Park&quot;,
        &quot;Quickbase_Status&quot;: &quot;Planned&quot;,
        &quot;QBRecordID&quot;: 13324,
        &quot;Third_Party_Dependant_For_Conne&quot;: null,
        &quot;Latitude&quot;: -29.81198571,
        &quot;Longitude&quot;: 30.9941946
      }
    },
    {
      &quot;attributes&quot;: {
        &quot;Precincts&quot;: &quot;Umgeni Business Park&quot;,
        &quot;Quickbase_Status&quot;: &quot;Planned&quot;,
        &quot;QBRecordID&quot;: 13325,
        &quot;Third_Party_Dependant_For_Conne&quot;: null,
        &quot;Latitude&quot;: -29.81236259,
        &quot;Longitude&quot;: 30.99410896
      }
    },
    {
      &quot;attributes&quot;: {
        &quot;Precincts&quot;: &quot;Umgeni Business Park&quot;,
        &quot;Quickbase_Status&quot;: &quot;Planned&quot;,
        &quot;QBRecordID&quot;: 13326,
        &quot;Third_Party_Dependant_For_Conne&quot;: null,
        &quot;Latitude&quot;: -29.81200183,
        &quot;Longitude&quot;: 30.99466767
      }
    },
    {
      &quot;attributes&quot;: {
        &quot;Precincts&quot;: &quot;Umgeni Business Park&quot;,
        &quot;Quickbase_Status&quot;: &quot;Planned&quot;,
        &quot;QBRecordID&quot;: 13327,
        &quot;Third_Party_Dependant_For_Conne&quot;: null,
        &quot;Latitude&quot;: -29.81254913,
        &quot;Longitude&quot;: 30.99443302
      }
    },
    {
      &quot;attributes&quot;: {
        &quot;Precincts&quot;: &quot;Umgeni Business Park&quot;,
        &quot;Quickbase_Status&quot;: &quot;Planned&quot;,
        &quot;QBRecordID&quot;: 13353,
        &quot;Third_Party_Dependant_For_Conne&quot;: null,
        &quot;Latitude&quot;: -29.81313583,
        &quot;Longitude&quot;: 31.00062478
      }
    },
    {
      &quot;attributes&quot;: {
        &quot;Precincts&quot;: &quot;Umgeni Business Park&quot;,
        &quot;Quickbase_Status&quot;: &quot;Planned&quot;,
        &quot;QBRecordID&quot;: 13354,
        &quot;Third_Party_Dependant_For_Conne&quot;: null,
        &quot;Latitude&quot;: -29.81313709,
        &quot;Longitude&quot;: 31.00126937
      }
    },
    {
      &quot;attributes&quot;: {
        &quot;Precincts&quot;: &quot;CPT CBD Phase 05&quot;,
        &quot;Quickbase_Status&quot;: &quot;Planned&quot;,
        &quot;QBRecordID&quot;: 3186,
        &quot;Third_Party_Dependant_For_Conne&quot;: null,
        &quot;Latitude&quot;: -33.92469377,
        &quot;Longitude&quot;: 18.41635028
      }
    },
    {
      &quot;attributes&quot;: {
        &quot;Precincts&quot;: &quot;CPT CBD Phase 05&quot;,
        &quot;Quickbase_Status&quot;: &quot;Planned&quot;,
        &quot;QBRecordID&quot;: 3192,
        &quot;Third_Party_Dependant_For_Conne&quot;: null,
        &quot;Latitude&quot;: -33.92442949,
        &quot;Longitude&quot;: 18.41507402
      }
    },
    {
      &quot;attributes&quot;: {
        &quot;Precincts&quot;: &quot;CPT CBD Phase 05&quot;,
        &quot;Quickbase_Status&quot;: &quot;Planned&quot;,
        &quot;QBRecordID&quot;: 3191,
        &quot;Third_Party_Dependant_For_Conne&quot;: null,
        &quot;Latitude&quot;: -33.92428988,
        &quot;Longitude&quot;: 18.41499398
      }
    },
    {
      &quot;attributes&quot;: {
        &quot;Precincts&quot;: &quot;CPT CBD Phase 05&quot;,
        &quot;Quickbase_Status&quot;: &quot;Planned&quot;,
        &quot;QBRecordID&quot;: 3198,
        &quot;Third_Party_Dependant_For_Conne&quot;: null,
        &quot;Latitude&quot;: -33.92462883,
        &quot;Longitude&quot;: 18.41460668
      }
    },
    {
      &quot;attributes&quot;: {
        &quot;Precincts&quot;: &quot;CPT CBD Phase 05&quot;,
        &quot;Quickbase_Status&quot;: &quot;Planned&quot;,
        &quot;QBRecordID&quot;: 3204,
        &quot;Third_Party_Dependant_For_Conne&quot;: null,
        &quot;Latitude&quot;: -33.92538256,
        &quot;Longitude&quot;: 18.41569896
      }
    },
    {
      &quot;attributes&quot;: {
        &quot;Precincts&quot;: &quot;CPT CBD Phase 05&quot;,
        &quot;Quickbase_Status&quot;: &quot;Planned&quot;,
        &quot;QBRecordID&quot;: 3203,
        &quot;Third_Party_Dependant_For_Conne&quot;: null,
        &quot;Latitude&quot;: -33.925245,
        &quot;Longitude&quot;: 18.4158824
      }
    },
    {
      &quot;attributes&quot;: {
        &quot;Precincts&quot;: &quot;CPT CBD Phase 05&quot;,
        &quot;Quickbase_Status&quot;: &quot;Planned&quot;,
        &quot;QBRecordID&quot;: 3201,
        &quot;Third_Party_Dependant_For_Conne&quot;: null,
        &quot;Latitude&quot;: -33.92501441,
        &quot;Longitude&quot;: 18.4156066
      }
    },
    {
      &quot;attributes&quot;: {
        &quot;Precincts&quot;: &quot;CPT CBD Phase 10&quot;,
        &quot;Quickbase_Status&quot;: &quot;Planned&quot;,
        &quot;QBRecordID&quot;: 3556,
        &quot;Third_Party_Dependant_For_Conne&quot;: null,
        &quot;Latitude&quot;: -33.92035503,
        &quot;Longitude&quot;: 18.42643769
      }
    },
    {
      &quot;attributes&quot;: {
        &quot;Precincts&quot;: &quot;CPT CBD Phase 10&quot;,
        &quot;Quickbase_Status&quot;: &quot;Planned&quot;,
        &quot;QBRecordID&quot;: 3564,
        &quot;Third_Party_Dependant_For_Conne&quot;: null,
        &quot;Latitude&quot;: -33.92398107,
        &quot;Longitude&quot;: 18.42204305
      }
    },
    {
      &quot;attributes&quot;: {
        &quot;Precincts&quot;: &quot;CPT CBD Phase 10&quot;,
        &quot;Quickbase_Status&quot;: &quot;Planned&quot;,
        &quot;QBRecordID&quot;: 3565,
        &quot;Third_Party_Dependant_For_Conne&quot;: null,
        &quot;Latitude&quot;: -33.9241681,
        &quot;Longitude&quot;: 18.42192012
      }
    },
    {
      &quot;attributes&quot;: {
        &quot;Precincts&quot;: &quot;CPT CBD Phase 10&quot;,
        &quot;Quickbase_Status&quot;: &quot;Planned&quot;,
        &quot;QBRecordID&quot;: 3568,
        &quot;Third_Party_Dependant_For_Conne&quot;: null,
        &quot;Latitude&quot;: -33.92431736,
        &quot;Longitude&quot;: 18.42230099
      }
    },
    {
      &quot;attributes&quot;: {
        &quot;Precincts&quot;: &quot;CPT CBD Phase 10&quot;,
        &quot;Quickbase_Status&quot;: &quot;Planned&quot;,
        &quot;QBRecordID&quot;: 3573,
        &quot;Third_Party_Dependant_For_Conne&quot;: null,
        &quot;Latitude&quot;: -33.92471414,
        &quot;Longitude&quot;: 18.42301027
      }
    },
    {
      &quot;attributes&quot;: {
        &quot;Precincts&quot;: &quot;CPT CBD Phase 10&quot;,
        &quot;Quickbase_Status&quot;: &quot;Planned&quot;,
        &quot;QBRecordID&quot;: 3574,
        &quot;Third_Party_Dependant_For_Conne&quot;: null,
        &quot;Latitude&quot;: -33.92484968,
        &quot;Longitude&quot;: 18.4232493
      }
    },
    {
      &quot;attributes&quot;: {
        &quot;Precincts&quot;: &quot;CPT CBD Phase 10&quot;,
        &quot;Quickbase_Status&quot;: &quot;Planned&quot;,
        &quot;QBRecordID&quot;: 3576,
        &quot;Third_Party_Dependant_For_Conne&quot;: null,
        &quot;Latitude&quot;: -33.92506371,
        &quot;Longitude&quot;: 18.42301372
      }
    },
    {
      &quot;attributes&quot;: {
        &quot;Precincts&quot;: &quot;CPT CBD Phase 10&quot;,
        &quot;Quickbase_Status&quot;: &quot;Planned&quot;,
        &quot;QBRecordID&quot;: 7078,
        &quot;Third_Party_Dependant_For_Conne&quot;: null,
        &quot;Latitude&quot;: -33.92451646,
        &quot;Longitude&quot;: 18.42097593
      }
    },
    {
      &quot;attributes&quot;: {
        &quot;Precincts&quot;: &quot;CPT CBD Phase 10&quot;,
        &quot;Quickbase_Status&quot;: &quot;Planned&quot;,
        &quot;QBRecordID&quot;: 3580,
        &quot;Third_Party_Dependant_For_Conne&quot;: null,
        &quot;Latitude&quot;: -33.92434095,
        &quot;Longitude&quot;: 18.42139023
      }
    },
    {
      &quot;attributes&quot;: {
        &quot;Precincts&quot;: &quot;CPT CBD Phase 10&quot;,
        &quot;Quickbase_Status&quot;: &quot;Planned&quot;,
        &quot;QBRecordID&quot;: 3582,
        &quot;Third_Party_Dependant_For_Conne&quot;: null,
        &quot;Latitude&quot;: -33.92472548,
        &quot;Longitude&quot;: 18.42198983
      }
    },
    {
      &quot;attributes&quot;: {
        &quot;Precincts&quot;: &quot;CPT CBD Phase 10&quot;,
        &quot;Quickbase_Status&quot;: &quot;Planned&quot;,
        &quot;QBRecordID&quot;: 3583,
        &quot;Third_Party_Dependant_For_Conne&quot;: null,
        &quot;Latitude&quot;: -33.92479164,
        &quot;Longitude&quot;: 18.42208823
      }
    },
    {
      &quot;attributes&quot;: {
        &quot;Precincts&quot;: &quot;CPT CBD Phase 10&quot;,
        &quot;Quickbase_Status&quot;: &quot;Planned&quot;,
        &quot;QBRecordID&quot;: 3584,
        &quot;Third_Party_Dependant_For_Conne&quot;: null,
        &quot;Latitude&quot;: -33.92484157,
        &quot;Longitude&quot;: 18.42224474
      }
    },
    {
      &quot;attributes&quot;: {
        &quot;Precincts&quot;: &quot;CPT CBD Phase 10&quot;,
        &quot;Quickbase_Status&quot;: &quot;Planned&quot;,
        &quot;QBRecordID&quot;: 3589,
        &quot;Third_Party_Dependant_For_Conne&quot;: null,
        &quot;Latitude&quot;: -33.92476758,
        &quot;Longitude&quot;: 18.42167945
      }
    },
    {
      &quot;attributes&quot;: {
        &quot;Precincts&quot;: &quot;CPT CBD Phase 10&quot;,
        &quot;Quickbase_Status&quot;: &quot;Planned&quot;,
        &quot;QBRecordID&quot;: 3585,
        &quot;Third_Party_Dependant_For_Conne&quot;: null,
        &quot;Latitude&quot;: -33.92503635,
        &quot;Longitude&quot;: 18.42205954
      }
    },
    {
      &quot;attributes&quot;: {
        &quot;Precincts&quot;: &quot;CPT CBD Phase 10&quot;,
        &quot;Quickbase_Status&quot;: &quot;Planned&quot;,
        &quot;QBRecordID&quot;: 3591,
        &quot;Third_Party_Dependant_For_Conne&quot;: null,
        &quot;Latitude&quot;: -33.92521894,
        &quot;Longitude&quot;: 18.42172231
      }
    },
    {
      &quot;attributes&quot;: {
        &quot;Precincts&quot;: &quot;CPT CBD Phase 10&quot;,
        &quot;Quickbase_Status&quot;: &quot;Planned&quot;,
        &quot;QBRecordID&quot;: 3590,
        &quot;Third_Party_Dependant_For_Conne&quot;: null,
        &quot;Latitude&quot;: -33.92535589,
        &quot;Longitude&quot;: 18.42153697
      }
    },
    {
      &quot;attributes&quot;: {
        &quot;Precincts&quot;: &quot;CPT CBD Phase 10&quot;,
        &quot;Quickbase_Status&quot;: &quot;Planned&quot;,
        &quot;QBRecordID&quot;: 3749,
        &quot;Third_Party_Dependant_For_Conne&quot;: null,
        &quot;Latitude&quot;: -33.92526475,
        &quot;Longitude&quot;: 18.42262368
      }
    },
    {
      &quot;attributes&quot;: {
        &quot;Precincts&quot;: &quot;CPT CBD Phase 10&quot;,
        &quot;Quickbase_Status&quot;: &quot;Planned&quot;,
        &quot;QBRecordID&quot;: 3594,
        &quot;Third_Party_Dependant_For_Conne&quot;: null,
        &quot;Latitude&quot;: -33.92516237,
        &quot;Longitude&quot;: 18.42057294
      }
    },
    {
      &quot;attributes&quot;: {
        &quot;Precincts&quot;: &quot;CPT CBD Phase 09&quot;,
        &quot;Quickbase_Status&quot;: &quot;Planned&quot;,
        &quot;QBRecordID&quot;: 8202,
        &quot;Third_Party_Dependant_For_Conne&quot;: null,
        &quot;Latitude&quot;: -33.92185958,
        &quot;Longitude&quot;: 18.41700319
      }
    },
    {
      &quot;attributes&quot;: {
        &quot;Precincts&quot;: &quot;Cresta&quot;,
        &quot;Quickbase_Status&quot;: &quot;Planned&quot;,
        &quot;QBRecordID&quot;: 6806,
        &quot;Third_Party_Dependant_For_Conne&quot;: null,
        &quot;Latitude&quot;: -26.13418491,
        &quot;Longitude&quot;: 27.97490849
      }
    },
    {
      &quot;attributes&quot;: {
        &quot;Precincts&quot;: &quot;Cresta&quot;,
        &quot;Quickbase_Status&quot;: &quot;Planned&quot;,
        &quot;QBRecordID&quot;: 6807,
        &quot;Third_Party_Dependant_For_Conne&quot;: null,
        &quot;Latitude&quot;: -26.13409663,
        &quot;Longitude&quot;: 27.97508355
      }
    },
    {
      &quot;attributes&quot;: {
        &quot;Precincts&quot;: &quot;Ballito Phase 1&quot;,
        &quot;Quickbase_Status&quot;: &quot;Planned&quot;,
        &quot;QBRecordID&quot;: 7024,
        &quot;Third_Party_Dependant_For_Conne&quot;: null,
        &quot;Latitude&quot;: -29.5306549,
        &quot;Longitude&quot;: 31.20208395
      }
    },
    {
      &quot;attributes&quot;: {
        &quot;Precincts&quot;: &quot;Ballito Phase 1&quot;,
        &quot;Quickbase_Status&quot;: &quot;Planned&quot;,
        &quot;QBRecordID&quot;: 7026,
        &quot;Third_Party_Dependant_For_Conne&quot;: null,
        &quot;Latitude&quot;: -29.5293757,
        &quot;Longitude&quot;: 31.19949105
      }
    },
    {
      &quot;attributes&quot;: {
        &quot;Precincts&quot;: &quot;Ballito Phase 1&quot;,
        &quot;Quickbase_Status&quot;: &quot;Planned&quot;,
        &quot;QBRecordID&quot;: 7027,
        &quot;Third_Party_Dependant_For_Conne&quot;: null,
        &quot;Latitude&quot;: -29.52951798,
        &quot;Longitude&quot;: 31.19930572
      }
    },
    {
      &quot;attributes&quot;: {
        &quot;Precincts&quot;: &quot;Ballito Phase 1&quot;,
        &quot;Quickbase_Status&quot;: &quot;Planned&quot;,
        &quot;QBRecordID&quot;: 7028,
        &quot;Third_Party_Dependant_For_Conne&quot;: null,
        &quot;Latitude&quot;: -29.52967449,
        &quot;Longitude&quot;: 31.19900633
      }
    },
    {
      &quot;attributes&quot;: {
        &quot;Precincts&quot;: &quot;Ballito Phase 1&quot;,
        &quot;Quickbase_Status&quot;: &quot;Planned&quot;,
        &quot;QBRecordID&quot;: 7030,
        &quot;Third_Party_Dependant_For_Conne&quot;: null,
        &quot;Latitude&quot;: -29.52997321,
        &quot;Longitude&quot;: 31.19856294
      }
    },
    {
      &quot;attributes&quot;: {
        &quot;Precincts&quot;: &quot;Ballito Phase 1&quot;,
        &quot;Quickbase_Status&quot;: &quot;Planned&quot;,
        &quot;QBRecordID&quot;: 7035,
        &quot;Third_Party_Dependant_For_Conne&quot;: null,
        &quot;Latitude&quot;: -29.52920426,
        &quot;Longitude&quot;: 31.19739021
      }
    },
    {
      &quot;attributes&quot;: {
        &quot;Precincts&quot;: &quot;Ballito Phase 1&quot;,
        &quot;Quickbase_Status&quot;: &quot;Planned&quot;,
        &quot;QBRecordID&quot;: 7034,
        &quot;Third_Party_Dependant_For_Conne&quot;: null,
        &quot;Latitude&quot;: -29.52889456,
        &quot;Longitude&quot;: 31.19748613
      }
    },
    {
      &quot;attributes&quot;: {
        &quot;Precincts&quot;: &quot;Ballito Phase 2&quot;,
        &quot;Quickbase_Status&quot;: &quot;Planned&quot;,
        &quot;QBRecordID&quot;: 7046,
        &quot;Third_Party_Dependant_For_Conne&quot;: null,
        &quot;Latitude&quot;: -29.52688364,
        &quot;Longitude&quot;: 31.19870295
      }
    },
    {
      &quot;attributes&quot;: {
        &quot;Precincts&quot;: &quot;Ballito Phase 1&quot;,
        &quot;Quickbase_Status&quot;: &quot;Planned&quot;,
        &quot;QBRecordID&quot;: 7764,
        &quot;Third_Party_Dependant_For_Conne&quot;: null,
        &quot;Latitude&quot;: -29.5287233,
        &quot;Longitude&quot;: 31.20068275
      }
    },
    {
      &quot;attributes&quot;: {
        &quot;Precincts&quot;: &quot;Ballito Phase 2&quot;,
        &quot;Quickbase_Status&quot;: &quot;Planned&quot;,
        &quot;QBRecordID&quot;: 7048,
        &quot;Third_Party_Dependant_For_Conne&quot;: null,
        &quot;Latitude&quot;: -29.52656523,
        &quot;Longitude&quot;: 31.19947199
      }
    },
    {
      &quot;attributes&quot;: {
        &quot;Precincts&quot;: &quot;Ballito Phase 2&quot;,
        &quot;Quickbase_Status&quot;: &quot;Planned&quot;,
        &quot;QBRecordID&quot;: 7061,
        &quot;Third_Party_Dependant_For_Conne&quot;: null,
        &quot;Latitude&quot;: -29.52452826,
        &quot;Longitude&quot;: 31.19862717
      }
    },
    {
      &quot;attributes&quot;: {
        &quot;Precincts&quot;: &quot;Brackengate Business Park&quot;,
        &quot;Quickbase_Status&quot;: &quot;Planned&quot;,
        &quot;QBRecordID&quot;: 6610,
        &quot;Third_Party_Dependant_For_Conne&quot;: null,
        &quot;Latitude&quot;: -33.89112234,
        &quot;Longitude&quot;: 18.68232962
      }
    },
    {
      &quot;attributes&quot;: {
        &quot;Precincts&quot;: &quot;Brackengate Business Park&quot;,
        &quot;Quickbase_Status&quot;: &quot;Planned&quot;,
        &quot;QBRecordID&quot;: 6629,
        &quot;Third_Party_Dependant_For_Conne&quot;: null,
        &quot;Latitude&quot;: -33.89046214,
        &quot;Longitude&quot;: 18.68030191
      }
    },
    {
      &quot;attributes&quot;: {
        &quot;Precincts&quot;: &quot;Brackengate Business Park&quot;,
        &quot;Quickbase_Status&quot;: &quot;Planned&quot;,
        &quot;QBRecordID&quot;: 6627,
        &quot;Third_Party_Dependant_For_Conne&quot;: null,
        &quot;Latitude&quot;: -33.89002956,
        &quot;Longitude&quot;: 18.67954719
      }
    },
    {
      &quot;attributes&quot;: {
        &quot;Precincts&quot;: &quot;Brackengate Business Park&quot;,
        &quot;Quickbase_Status&quot;: &quot;Planned&quot;,
        &quot;QBRecordID&quot;: 6631,
        &quot;Third_Party_Dependant_For_Conne&quot;: null,
        &quot;Latitude&quot;: -33.89164946,
        &quot;Longitude&quot;: 18.68113654
      }
    },
    {
      &quot;attributes&quot;: {
        &quot;Precincts&quot;: &quot;Brackengate Business Park&quot;,
        &quot;Quickbase_Status&quot;: &quot;Planned&quot;,
        &quot;QBRecordID&quot;: 6622,
        &quot;Third_Party_Dependant_For_Conne&quot;: null,
        &quot;Latitude&quot;: -33.89225671,
        &quot;Longitude&quot;: 18.68145145
      }
    },
    {
      &quot;attributes&quot;: {
        &quot;Precincts&quot;: &quot;Brackengate Business Park&quot;,
        &quot;Quickbase_Status&quot;: &quot;Planned&quot;,
        &quot;QBRecordID&quot;: 6623,
        &quot;Third_Party_Dependant_For_Conne&quot;: null,
        &quot;Latitude&quot;: -33.89238945,
        &quot;Longitude&quot;: 18.68103661
      }
    },
    {
      &quot;attributes&quot;: {
        &quot;Precincts&quot;: &quot;Brackengate Business Park&quot;,
        &quot;Quickbase_Status&quot;: &quot;Planned&quot;,
        &quot;QBRecordID&quot;: 6624,
        &quot;Third_Party_Dependant_For_Conne&quot;: null,
        &quot;Latitude&quot;: -33.89197769,
        &quot;Longitude&quot;: 18.68036146
      }
    },
    {
      &quot;attributes&quot;: {
        &quot;Precincts&quot;: &quot;Brooklyn&quot;,
        &quot;Quickbase_Status&quot;: &quot;Planned&quot;,
        &quot;QBRecordID&quot;: 7226,
        &quot;Third_Party_Dependant_For_Conne&quot;: null,
        &quot;Latitude&quot;: -25.76975549,
        &quot;Longitude&quot;: 28.23604902
      }
    },
    {
      &quot;attributes&quot;: {
        &quot;Precincts&quot;: &quot;Westway Office Park&quot;,
        &quot;Quickbase_Status&quot;: &quot;Planned&quot;,
        &quot;QBRecordID&quot;: 7123,
        &quot;Third_Party_Dependant_For_Conne&quot;: null,
        &quot;Latitude&quot;: -29.84797325,
        &quot;Longitude&quot;: 30.92696956
      }
    },
    {
      &quot;attributes&quot;: {
        &quot;Precincts&quot;: &quot;Westway Office Park&quot;,
        &quot;Quickbase_Status&quot;: &quot;Planned&quot;,
        &quot;QBRecordID&quot;: 7111,
        &quot;Third_Party_Dependant_For_Conne&quot;: null,
        &quot;Latitude&quot;: -29.85041278,
        &quot;Longitude&quot;: 30.92940195
      }
    },
    {
      &quot;attributes&quot;: {
        &quot;Precincts&quot;: &quot;Westway Office Park&quot;,
        &quot;Quickbase_Status&quot;: &quot;Planned&quot;,
        &quot;QBRecordID&quot;: 7110,
        &quot;Third_Party_Dependant_For_Conne&quot;: null,
        &quot;Latitude&quot;: -29.8501295,
        &quot;Longitude&quot;: 30.92985672
      }
    },
    {
      &quot;attributes&quot;: {
        &quot;Precincts&quot;: &quot;Westway Office Park&quot;,
        &quot;Quickbase_Status&quot;: &quot;Planned&quot;,
        &quot;QBRecordID&quot;: 7131,
        &quot;Third_Party_Dependant_For_Conne&quot;: null,
        &quot;Latitude&quot;: -29.84938945,
        &quot;Longitude&quot;: 30.92975479
      }
    },
    {
      &quot;attributes&quot;: {
        &quot;Precincts&quot;: &quot;Westway Office Park&quot;,
        &quot;Quickbase_Status&quot;: &quot;Planned&quot;,
        &quot;QBRecordID&quot;: 7105,
        &quot;Third_Party_Dependant_For_Conne&quot;: null,
        &quot;Latitude&quot;: -29.85188465,
        &quot;Longitude&quot;: 30.93114441
      }
    },
    {
      &quot;attributes&quot;: {
        &quot;Precincts&quot;: &quot;Westway Office Park&quot;,
        &quot;Quickbase_Status&quot;: &quot;Planned&quot;,
        &quot;QBRecordID&quot;: 7104,
        &quot;Third_Party_Dependant_For_Conne&quot;: null,
        &quot;Latitude&quot;: -29.85054669,
        &quot;Longitude&quot;: 30.93121417
      }
    },
    {
      &quot;attributes&quot;: {
        &quot;Precincts&quot;: &quot;Derby Downs&quot;,
        &quot;Quickbase_Status&quot;: &quot;Planned&quot;,
        &quot;QBRecordID&quot;: 7362,
        &quot;Third_Party_Dependant_For_Conne&quot;: null,
        &quot;Latitude&quot;: -29.82899857,
        &quot;Longitude&quot;: 30.95401612
      }
    },
    {
      &quot;attributes&quot;: {
        &quot;Precincts&quot;: &quot;Derby Downs&quot;,
        &quot;Quickbase_Status&quot;: &quot;Planned&quot;,
        &quot;QBRecordID&quot;: 7354,
        &quot;Third_Party_Dependant_For_Conne&quot;: null,
        &quot;Latitude&quot;: -29.82844606,
        &quot;Longitude&quot;: 30.95537352
      }
    },
    {
      &quot;attributes&quot;: {
        &quot;Precincts&quot;: &quot;Derby Downs&quot;,
        &quot;Quickbase_Status&quot;: &quot;Planned&quot;,
        &quot;QBRecordID&quot;: 7351,
        &quot;Third_Party_Dependant_For_Conne&quot;: null,
        &quot;Latitude&quot;: -29.82723501,
        &quot;Longitude&quot;: 30.95550983
      }
    },
    {
      &quot;attributes&quot;: {
        &quot;Precincts&quot;: &quot;Derby Downs&quot;,
        &quot;Quickbase_Status&quot;: &quot;Planned&quot;,
        &quot;QBRecordID&quot;: 7352,
        &quot;Third_Party_Dependant_For_Conne&quot;: null,
        &quot;Latitude&quot;: -29.82700523,
        &quot;Longitude&quot;: 30.95572366
      }
    },
    {
      &quot;attributes&quot;: {
        &quot;Precincts&quot;: &quot;Derby Downs&quot;,
        &quot;Quickbase_Status&quot;: &quot;Planned&quot;,
        &quot;QBRecordID&quot;: 7349,
        &quot;Third_Party_Dependant_For_Conne&quot;: null,
        &quot;Latitude&quot;: -29.8264515,
        &quot;Longitude&quot;: 30.95575944
      }
    },
    {
      &quot;attributes&quot;: {
        &quot;Precincts&quot;: &quot;Nelson Road&quot;,
        &quot;Quickbase_Status&quot;: &quot;Planned&quot;,
        &quot;QBRecordID&quot;: 7342,
        &quot;Third_Party_Dependant_For_Conne&quot;: null,
        &quot;Latitude&quot;: -29.83177048,
        &quot;Longitude&quot;: 30.94991871
      }
    },
    {
      &quot;attributes&quot;: {
        &quot;Precincts&quot;: &quot;Lagoon Drive&quot;,
        &quot;Quickbase_Status&quot;: &quot;Planned&quot;,
        &quot;QBRecordID&quot;: 7619,
        &quot;Third_Party_Dependant_For_Conne&quot;: null,
        &quot;Latitude&quot;: -29.72855785,
        &quot;Longitude&quot;: 31.0871749
      }
    },
    {
      &quot;attributes&quot;: {
        &quot;Precincts&quot;: &quot;Lagoon Drive&quot;,
        &quot;Quickbase_Status&quot;: &quot;Planned&quot;,
        &quot;QBRecordID&quot;: 7631,
        &quot;Third_Party_Dependant_For_Conne&quot;: null,
        &quot;Latitude&quot;: -29.72883097,
        &quot;Longitude&quot;: 31.08591079
      }
    },
    {
      &quot;attributes&quot;: {
        &quot;Precincts&quot;: &quot;Ballito Phase 2&quot;,
        &quot;Quickbase_Status&quot;: &quot;Planned&quot;,
        &quot;QBRecordID&quot;: 7574,
        &quot;Third_Party_Dependant_For_Conne&quot;: null,
        &quot;Latitude&quot;: -29.52404507,
        &quot;Longitude&quot;: 31.20072931
      }
    },
    {
      &quot;attributes&quot;: {
        &quot;Precincts&quot;: &quot;Ballito Phase 2&quot;,
        &quot;Quickbase_Status&quot;: &quot;Planned&quot;,
        &quot;QBRecordID&quot;: 7049,
        &quot;Third_Party_Dependant_For_Conne&quot;: null,
        &quot;Latitude&quot;: -29.52684274,
        &quot;Longitude&quot;: 31.19955063
      }
    },
    {
      &quot;attributes&quot;: {
        &quot;Precincts&quot;: &quot;Centurion CBD 1&quot;,
        &quot;Quickbase_Status&quot;: &quot;Planned&quot;,
        &quot;QBRecordID&quot;: 8502,
        &quot;Third_Party_Dependant_For_Conne&quot;: null,
        &quot;Latitude&quot;: -25.86321035,
        &quot;Longitude&quot;: 28.18949915
      }
    },
    {
      &quot;attributes&quot;: {
        &quot;Precincts&quot;: &quot;Stanley Avenue&quot;,
        &quot;Quickbase_Status&quot;: &quot;Planned&quot;,
        &quot;QBRecordID&quot;: 7395,
        &quot;Third_Party_Dependant_For_Conne&quot;: null,
        &quot;Latitude&quot;: -26.18453991,
        &quot;Longitude&quot;: 28.01878412
      }
    },
    {
      &quot;attributes&quot;: {
        &quot;Precincts&quot;: &quot;Stanley Avenue&quot;,
        &quot;Quickbase_Status&quot;: &quot;Planned&quot;,
        &quot;QBRecordID&quot;: 7396,
        &quot;Third_Party_Dependant_For_Conne&quot;: null,
        &quot;Latitude&quot;: -26.18605681,
        &quot;Longitude&quot;: 28.01827328
      }
    },
    {
      &quot;attributes&quot;: {
        &quot;Precincts&quot;: &quot;Stanley Avenue&quot;,
        &quot;Quickbase_Status&quot;: &quot;Planned&quot;,
        &quot;QBRecordID&quot;: 7398,
        &quot;Third_Party_Dependant_For_Conne&quot;: null,
        &quot;Latitude&quot;: -26.18608527,
        &quot;Longitude&quot;: 28.01890146
      }
    },
    {
      &quot;attributes&quot;: {
        &quot;Precincts&quot;: &quot;Stanley Avenue&quot;,
        &quot;Quickbase_Status&quot;: &quot;Planned&quot;,
        &quot;QBRecordID&quot;: 7399,
        &quot;Third_Party_Dependant_For_Conne&quot;: null,
        &quot;Latitude&quot;: -26.18624522,
        &quot;Longitude&quot;: 28.01861653
      }
    },
    {
      &quot;attributes&quot;: {
        &quot;Precincts&quot;: &quot;Stanley Avenue&quot;,
        &quot;Quickbase_Status&quot;: &quot;Planned&quot;,
        &quot;QBRecordID&quot;: 7400,
        &quot;Third_Party_Dependant_For_Conne&quot;: null,
        &quot;Latitude&quot;: -26.18641587,
        &quot;Longitude&quot;: 28.01876441
      }
    },
    {
      &quot;attributes&quot;: {
        &quot;Precincts&quot;: &quot;Arden Grove&quot;,
        &quot;Quickbase_Status&quot;: &quot;Planned&quot;,
        &quot;QBRecordID&quot;: 2829,
        &quot;Third_Party_Dependant_For_Conne&quot;: null,
        &quot;Latitude&quot;: -33.86362856,
        &quot;Longitude&quot;: 18.51230831
      }
    },
    {
      &quot;attributes&quot;: {
        &quot;Precincts&quot;: &quot;Arden Grove&quot;,
        &quot;Quickbase_Status&quot;: &quot;Planned&quot;,
        &quot;QBRecordID&quot;: 1588,
        &quot;Third_Party_Dependant_For_Conne&quot;: null,
        &quot;Latitude&quot;: -33.86654594,
        &quot;Longitude&quot;: 18.51317812
      }
    },
    {
      &quot;attributes&quot;: {
        &quot;Precincts&quot;: &quot;Arden Grove&quot;,
        &quot;Quickbase_Status&quot;: &quot;Planned&quot;,
        &quot;QBRecordID&quot;: 1589,
        &quot;Third_Party_Dependant_For_Conne&quot;: null,
        &quot;Latitude&quot;: -33.86647147,
        &quot;Longitude&quot;: 18.5134999
      }
    },
    {
      &quot;attributes&quot;: {
        &quot;Precincts&quot;: &quot;Bruma Lake&quot;,
        &quot;Quickbase_Status&quot;: &quot;Planned&quot;,
        &quot;QBRecordID&quot;: 1545,
        &quot;Third_Party_Dependant_For_Conne&quot;: null,
        &quot;Latitude&quot;: -26.180309,
        &quot;Longitude&quot;: 28.10951269
      }
    },
    {
      &quot;attributes&quot;: {
        &quot;Precincts&quot;: &quot;Burnside Office Park&quot;,
        &quot;Quickbase_Status&quot;: &quot;Planned&quot;,
        &quot;QBRecordID&quot;: 3453,
        &quot;Third_Party_Dependant_For_Conne&quot;: null,
        &quot;Latitude&quot;: -26.11415568,
        &quot;Longitude&quot;: 28.02284871
      }
    },
    {
      &quot;attributes&quot;: {
        &quot;Precincts&quot;: &quot;George Road&quot;,
        &quot;Quickbase_Status&quot;: &quot;Planned&quot;,
        &quot;QBRecordID&quot;: 2847,
        &quot;Third_Party_Dependant_For_Conne&quot;: null,
        &quot;Latitude&quot;: -25.96915573,
        &quot;Longitude&quot;: 28.13194874
      }
    },
    {
      &quot;attributes&quot;: {
        &quot;Precincts&quot;: &quot;Girton&quot;,
        &quot;Quickbase_Status&quot;: &quot;Planned&quot;,
        &quot;QBRecordID&quot;: 3890,
        &quot;Third_Party_Dependant_For_Conne&quot;: null,
        &quot;Latitude&quot;: -26.18436402,
        &quot;Longitude&quot;: 28.03463753
      }
    },
    {
      &quot;attributes&quot;: {
        &quot;Precincts&quot;: &quot;Rosebank Phase 1&quot;,
        &quot;Quickbase_Status&quot;: &quot;Planned&quot;,
        &quot;QBRecordID&quot;: 3893,
        &quot;Third_Party_Dependant_For_Conne&quot;: null,
        &quot;Latitude&quot;: -26.14202742,
        &quot;Longitude&quot;: 28.04180245
      }
    },
    {
      &quot;attributes&quot;: {
        &quot;Precincts&quot;: &quot;Route 21 Office Park&quot;,
        &quot;Quickbase_Status&quot;: &quot;Planned&quot;,
        &quot;QBRecordID&quot;: 2131,
        &quot;Third_Party_Dependant_For_Conne&quot;: null,
        &quot;Latitude&quot;: -25.86094788,
        &quot;Longitude&quot;: 28.25687299
      }
    },
    {
      &quot;attributes&quot;: {
        &quot;Precincts&quot;: &quot;Kent&quot;,
        &quot;Quickbase_Status&quot;: &quot;Planned&quot;,
        &quot;QBRecordID&quot;: 591,
        &quot;Third_Party_Dependant_For_Conne&quot;: null,
        &quot;Latitude&quot;: -26.09365679,
        &quot;Longitude&quot;: 27.99910442
      }
    },
    {
      &quot;attributes&quot;: {
        &quot;Precincts&quot;: &quot;Kent&quot;,
        &quot;Quickbase_Status&quot;: &quot;Planned&quot;,
        &quot;QBRecordID&quot;: 541,
        &quot;Third_Party_Dependant_For_Conne&quot;: null,
        &quot;Latitude&quot;: -26.09914546,
        &quot;Longitude&quot;: 27.99989452
      }
    },
    {
      &quot;attributes&quot;: {
        &quot;Precincts&quot;: &quot;Oberon&quot;,
        &quot;Quickbase_Status&quot;: &quot;Planned&quot;,
        &quot;QBRecordID&quot;: 2335,
        &quot;Third_Party_Dependant_For_Conne&quot;: null,
        &quot;Latitude&quot;: -25.77938399,
        &quot;Longitude&quot;: 28.29071285
      }
    },
    {
      &quot;attributes&quot;: {
        &quot;Precincts&quot;: &quot;Oberon&quot;,
        &quot;Quickbase_Status&quot;: &quot;Planned&quot;,
        &quot;QBRecordID&quot;: 3983,
        &quot;Third_Party_Dependant_For_Conne&quot;: null,
        &quot;Latitude&quot;: -25.77942723,
        &quot;Longitude&quot;: 28.29104185
      }
    },
    {
      &quot;attributes&quot;: {
        &quot;Precincts&quot;: &quot;Peter Place&quot;,
        &quot;Quickbase_Status&quot;: &quot;Planned&quot;,
        &quot;QBRecordID&quot;: 12588,
        &quot;Third_Party_Dependant_For_Conne&quot;: null,
        &quot;Latitude&quot;: -26.08107756,
        &quot;Longitude&quot;: 28.01761981
      }
    },
    {
      &quot;attributes&quot;: {
        &quot;Precincts&quot;: &quot;Richards Drive&quot;,
        &quot;Quickbase_Status&quot;: &quot;Planned&quot;,
        &quot;QBRecordID&quot;: 2426,
        &quot;Third_Party_Dependant_For_Conne&quot;: null,
        &quot;Latitude&quot;: -26.0155271,
        &quot;Longitude&quot;: 28.12145848
      }
    },
    {
      &quot;attributes&quot;: {
        &quot;Precincts&quot;: &quot;Route 21 Office Park&quot;,
        &quot;Quickbase_Status&quot;: &quot;Planned&quot;,
        &quot;QBRecordID&quot;: 2033,
        &quot;Third_Party_Dependant_For_Conne&quot;: null,
        &quot;Latitude&quot;: -25.8580116,
        &quot;Longitude&quot;: 28.25617535
      }
    },
    {
      &quot;attributes&quot;: {
        &quot;Precincts&quot;: &quot;Tygervalley&quot;,
        &quot;Quickbase_Status&quot;: &quot;Planned&quot;,
        &quot;QBRecordID&quot;: 2592,
        &quot;Third_Party_Dependant_For_Conne&quot;: null,
        &quot;Latitude&quot;: -33.88419051,
        &quot;Longitude&quot;: 18.63626485
      }
    },
    {
      &quot;attributes&quot;: {
        &quot;Precincts&quot;: &quot;Westlake&quot;,
        &quot;Quickbase_Status&quot;: &quot;Planned&quot;,
        &quot;QBRecordID&quot;: 1816,
        &quot;Third_Party_Dependant_For_Conne&quot;: null,
        &quot;Latitude&quot;: -34.07965142,
        &quot;Longitude&quot;: 18.44114401
      }
    },
    {
      &quot;attributes&quot;: {
        &quot;Precincts&quot;: &quot;Westlake&quot;,
        &quot;Quickbase_Status&quot;: &quot;Planned&quot;,
        &quot;QBRecordID&quot;: 1812,
        &quot;Third_Party_Dependant_For_Conne&quot;: null,
        &quot;Latitude&quot;: -34.0800207,
        &quot;Longitude&quot;: 18.44063831
      }
    },
    {
      &quot;attributes&quot;: {
        &quot;Precincts&quot;: &quot;Western Services&quot;,
        &quot;Quickbase_Status&quot;: &quot;Planned&quot;,
        &quot;QBRecordID&quot;: 2681,
        &quot;Third_Party_Dependant_For_Conne&quot;: null,
        &quot;Latitude&quot;: -26.0569719,
        &quot;Longitude&quot;: 28.08959015
      }
    },
    {
      &quot;attributes&quot;: {
        &quot;Precincts&quot;: &quot;Tygervalley&quot;,
        &quot;Quickbase_Status&quot;: &quot;Planned&quot;,
        &quot;QBRecordID&quot;: 4005,
        &quot;Third_Party_Dependant_For_Conne&quot;: null,
        &quot;Latitude&quot;: -33.88328951,
        &quot;Longitude&quot;: 18.63637549
      }
    },
    {
      &quot;attributes&quot;: {
        &quot;Precincts&quot;: &quot;Tygervalley&quot;,
        &quot;Quickbase_Status&quot;: &quot;Planned&quot;,
        &quot;QBRecordID&quot;: 4006,
        &quot;Third_Party_Dependant_For_Conne&quot;: null,
        &quot;Latitude&quot;: -33.88364383,
        &quot;Longitude&quot;: 18.63628807
      }
    },
    {
      &quot;attributes&quot;: {
        &quot;Precincts&quot;: &quot;CPT CBD Phase 02&quot;,
        &quot;Quickbase_Status&quot;: &quot;Planned&quot;,
        &quot;QBRecordID&quot;: 3105,
        &quot;Third_Party_Dependant_For_Conne&quot;: null,
        &quot;Latitude&quot;: -33.92156639,
        &quot;Longitude&quot;: 18.43205625
      }
    },
    {
      &quot;attributes&quot;: {
        &quot;Precincts&quot;: &quot;Rosebank Phase 1&quot;,
        &quot;Quickbase_Status&quot;: &quot;Planned&quot;,
        &quot;QBRecordID&quot;: 4064,
        &quot;Third_Party_Dependant_For_Conne&quot;: null,
        &quot;Latitude&quot;: -26.14630655,
        &quot;Longitude&quot;: 28.04357554
      }
    },
    {
      &quot;attributes&quot;: {
        &quot;Precincts&quot;: &quot;Witch-Hazel&quot;,
        &quot;Quickbase_Status&quot;: &quot;Planned&quot;,
        &quot;QBRecordID&quot;: 1727,
        &quot;Third_Party_Dependant_For_Conne&quot;: null,
        &quot;Latitude&quot;: -25.8746324,
        &quot;Longitude&quot;: 28.18078955
      }
    },
    {
      &quot;attributes&quot;: {
        &quot;Precincts&quot;: &quot;Highveld Technopark&quot;,
        &quot;Quickbase_Status&quot;: &quot;Planned&quot;,
        &quot;QBRecordID&quot;: 5879,
        &quot;Third_Party_Dependant_For_Conne&quot;: null,
        &quot;Latitude&quot;: -25.87881218,
        &quot;Longitude&quot;: 28.18411166
      }
    },
    {
      &quot;attributes&quot;: {
        &quot;Precincts&quot;: &quot;Highveld Technopark&quot;,
        &quot;Quickbase_Status&quot;: &quot;Planned&quot;,
        &quot;QBRecordID&quot;: 5880,
        &quot;Third_Party_Dependant_For_Conne&quot;: null,
        &quot;Latitude&quot;: -25.87862017,
        &quot;Longitude&quot;: 28.18418323
      }
    },
    {
      &quot;attributes&quot;: {
        &quot;Precincts&quot;: &quot;Highveld Technopark&quot;,
        &quot;Quickbase_Status&quot;: &quot;Planned&quot;,
        &quot;QBRecordID&quot;: 4527,
        &quot;Third_Party_Dependant_For_Conne&quot;: null,
        &quot;Latitude&quot;: -25.87401384,
        &quot;Longitude&quot;: 28.19008123
      }
    },
    {
      &quot;attributes&quot;: {
        &quot;Precincts&quot;: &quot;Cresta&quot;,
        &quot;Quickbase_Status&quot;: &quot;Planned&quot;,
        &quot;QBRecordID&quot;: 4247,
        &quot;Third_Party_Dependant_For_Conne&quot;: null,
        &quot;Latitude&quot;: -26.12771038,
        &quot;Longitude&quot;: 27.97198448
      }
    },
    {
      &quot;attributes&quot;: {
        &quot;Precincts&quot;: &quot;Cresta&quot;,
        &quot;Quickbase_Status&quot;: &quot;Planned&quot;,
        &quot;QBRecordID&quot;: 4246,
        &quot;Third_Party_Dependant_For_Conne&quot;: null,
        &quot;Latitude&quot;: -26.12729178,
        &quot;Longitude&quot;: 27.97235301
      }
    },
    {
      &quot;attributes&quot;: {
        &quot;Precincts&quot;: &quot;Cresta&quot;,
        &quot;Quickbase_Status&quot;: &quot;Planned&quot;,
        &quot;QBRecordID&quot;: 4271,
        &quot;Third_Party_Dependant_For_Conne&quot;: null,
        &quot;Latitude&quot;: -26.12954506,
        &quot;Longitude&quot;: 27.96966852
      }
    },
    {
      &quot;attributes&quot;: {
        &quot;Precincts&quot;: &quot;Cresta&quot;,
        &quot;Quickbase_Status&quot;: &quot;Planned&quot;,
        &quot;QBRecordID&quot;: 4270,
        &quot;Third_Party_Dependant_For_Conne&quot;: null,
        &quot;Latitude&quot;: -26.12992482,
        &quot;Longitude&quot;: 27.97032701
      }
    },
    {
      &quot;attributes&quot;: {
        &quot;Precincts&quot;: &quot;Cresta&quot;,
        &quot;Quickbase_Status&quot;: &quot;Planned&quot;,
        &quot;QBRecordID&quot;: 4269,
        &quot;Third_Party_Dependant_For_Conne&quot;: null,
        &quot;Latitude&quot;: -26.13011453,
        &quot;Longitude&quot;: 27.97090675
      }
    },
    {
      &quot;attributes&quot;: {
        &quot;Precincts&quot;: &quot;Cresta&quot;,
        &quot;Quickbase_Status&quot;: &quot;Planned&quot;,
        &quot;QBRecordID&quot;: 4285,
        &quot;Third_Party_Dependant_For_Conne&quot;: null,
        &quot;Latitude&quot;: -26.13092252,
        &quot;Longitude&quot;: 27.97150487
      }
    },
    {
      &quot;attributes&quot;: {
        &quot;Precincts&quot;: &quot;Cresta&quot;,
        &quot;Quickbase_Status&quot;: &quot;Planned&quot;,
        &quot;QBRecordID&quot;: 4286,
        &quot;Third_Party_Dependant_For_Conne&quot;: null,
        &quot;Latitude&quot;: -26.1309933,
        &quot;Longitude&quot;: 27.9710678
      }
    },
    {
      &quot;attributes&quot;: {
        &quot;Precincts&quot;: &quot;Lagoon Drive&quot;,
        &quot;Quickbase_Status&quot;: &quot;Planned&quot;,
        &quot;QBRecordID&quot;: 7617,
        &quot;Third_Party_Dependant_For_Conne&quot;: null,
        &quot;Latitude&quot;: -29.72500035,
        &quot;Longitude&quot;: 31.0859148
      }
    },
    {
      &quot;attributes&quot;: {
        &quot;Precincts&quot;: &quot;Centurion CBD 1&quot;,
        &quot;Quickbase_Status&quot;: &quot;Planned&quot;,
        &quot;QBRecordID&quot;: 6311,
        &quot;Third_Party_Dependant_For_Conne&quot;: null,
        &quot;Latitude&quot;: -25.86262014,
        &quot;Longitude&quot;: 28.18682866
      }
    },
    {
      &quot;attributes&quot;: {
        &quot;Precincts&quot;: &quot;Cresta&quot;,
        &quot;Quickbase_Status&quot;: &quot;Planned&quot;,
        &quot;QBRecordID&quot;: 10183,
        &quot;Third_Party_Dependant_For_Conne&quot;: null,
        &quot;Latitude&quot;: -26.13055647,
        &quot;Longitude&quot;: 27.97135857
      }
    },
    {
      &quot;attributes&quot;: {
        &quot;Precincts&quot;: &quot;Riverhorse Road&quot;,
        &quot;Quickbase_Status&quot;: &quot;Planned&quot;,
        &quot;QBRecordID&quot;: 8920,
        &quot;Third_Party_Dependant_For_Conne&quot;: null,
        &quot;Latitude&quot;: -29.78016811,
        &quot;Longitude&quot;: 30.98541777
      }
    },
    {
      &quot;attributes&quot;: {
        &quot;Precincts&quot;: &quot;Riverhorse Road&quot;,
        &quot;Quickbase_Status&quot;: &quot;Planned&quot;,
        &quot;QBRecordID&quot;: 8919,
        &quot;Third_Party_Dependant_For_Conne&quot;: null,
        &quot;Latitude&quot;: -29.7820726,
        &quot;Longitude&quot;: 30.9868388
      }
    },
    {
      &quot;attributes&quot;: {
        &quot;Precincts&quot;: &quot;Riverhorse Road&quot;,
        &quot;Quickbase_Status&quot;: &quot;Planned&quot;,
        &quot;QBRecordID&quot;: 8918,
        &quot;Third_Party_Dependant_For_Conne&quot;: null,
        &quot;Latitude&quot;: -29.78322392,
        &quot;Longitude&quot;: 30.98757403
      }
    },
    {
      &quot;attributes&quot;: {
        &quot;Precincts&quot;: &quot;Riverhorse Road&quot;,
        &quot;Quickbase_Status&quot;: &quot;Planned&quot;,
        &quot;QBRecordID&quot;: 8917,
        &quot;Third_Party_Dependant_For_Conne&quot;: null,
        &quot;Latitude&quot;: -29.78388511,
        &quot;Longitude&quot;: 30.9886669
      }
    },
    {
      &quot;attributes&quot;: {
        &quot;Precincts&quot;: &quot;Riverhorse Road&quot;,
        &quot;Quickbase_Status&quot;: &quot;Planned&quot;,
        &quot;QBRecordID&quot;: 8914,
        &quot;Third_Party_Dependant_For_Conne&quot;: null,
        &quot;Latitude&quot;: -29.78298757,
        &quot;Longitude&quot;: 30.99071113
      }
    },
    {
      &quot;attributes&quot;: {
        &quot;Precincts&quot;: &quot;Riverhorse Road&quot;,
        &quot;Quickbase_Status&quot;: &quot;Planned&quot;,
        &quot;QBRecordID&quot;: 8910,
        &quot;Third_Party_Dependant_For_Conne&quot;: null,
        &quot;Latitude&quot;: -29.78020978,
        &quot;Longitude&quot;: 30.9926044
      }
    },
    {
      &quot;attributes&quot;: {
        &quot;Precincts&quot;: &quot;Riverhorse Road&quot;,
        &quot;Quickbase_Status&quot;: &quot;Planned&quot;,
        &quot;QBRecordID&quot;: 8925,
        &quot;Third_Party_Dependant_For_Conne&quot;: null,
        &quot;Latitude&quot;: -29.77712426,
        &quot;Longitude&quot;: 30.99302363
      }
    },
    {
      &quot;attributes&quot;: {
        &quot;Precincts&quot;: &quot;CPT CBD Phase 10&quot;,
        &quot;Quickbase_Status&quot;: &quot;Planned&quot;,
        &quot;QBRecordID&quot;: 7079,
        &quot;Third_Party_Dependant_For_Conne&quot;: null,
        &quot;Latitude&quot;: -33.9246709,
        &quot;Longitude&quot;: 18.42180577
      }
    },
    {
      &quot;attributes&quot;: {
        &quot;Precincts&quot;: &quot;Skeen Boulevard&quot;,
        &quot;Quickbase_Status&quot;: &quot;Planned&quot;,
        &quot;QBRecordID&quot;: 1160,
        &quot;Third_Party_Dependant_For_Conne&quot;: null,
        &quot;Latitude&quot;: -26.17647532,
        &quot;Longitude&quot;: 28.13325834
      }
    },
    {
      &quot;attributes&quot;: {
        &quot;Precincts&quot;: &quot;Briardene&quot;,
        &quot;Quickbase_Status&quot;: &quot;Planned&quot;,
        &quot;QBRecordID&quot;: 14152,
        &quot;Third_Party_Dependant_For_Conne&quot;: null,
        &quot;Latitude&quot;: -29.79615937,
        &quot;Longitude&quot;: 31.01528204
      }
    },
    {
      &quot;attributes&quot;: {
        &quot;Precincts&quot;: &quot;Persequor Park&quot;,
        &quot;Quickbase_Status&quot;: &quot;Planned&quot;,
        &quot;QBRecordID&quot;: 5136,
        &quot;Third_Party_Dependant_For_Conne&quot;: null,
        &quot;Latitude&quot;: -25.74753591,
        &quot;Longitude&quot;: 28.27230485
      }
    },
    {
      &quot;attributes&quot;: {
        &quot;Precincts&quot;: &quot;Rosenpark&quot;,
        &quot;Quickbase_Status&quot;: &quot;Planned&quot;,
        &quot;QBRecordID&quot;: 2687,
        &quot;Third_Party_Dependant_For_Conne&quot;: null,
        &quot;Latitude&quot;: -33.86983308,
        &quot;Longitude&quot;: 18.63941938
      }
    },
    {
      &quot;attributes&quot;: {
        &quot;Precincts&quot;: &quot;Rosenpark&quot;,
        &quot;Quickbase_Status&quot;: &quot;Planned&quot;,
        &quot;QBRecordID&quot;: 2688,
        &quot;Third_Party_Dependant_For_Conne&quot;: null,
        &quot;Latitude&quot;: -33.86965452,
        &quot;Longitude&quot;: 18.64004407
      }
    },
    {
      &quot;attributes&quot;: {
        &quot;Precincts&quot;: &quot;Rosenpark&quot;,
        &quot;Quickbase_Status&quot;: &quot;Planned&quot;,
        &quot;QBRecordID&quot;: 2692,
        &quot;Third_Party_Dependant_For_Conne&quot;: null,
        &quot;Latitude&quot;: -33.87029887,
        &quot;Longitude&quot;: 18.64162771
      }
    },
    {
      &quot;attributes&quot;: {
        &quot;Precincts&quot;: &quot;Route 21 Office Park&quot;,
        &quot;Quickbase_Status&quot;: &quot;Planned&quot;,
        &quot;QBRecordID&quot;: 1984,
        &quot;Third_Party_Dependant_For_Conne&quot;: null,
        &quot;Latitude&quot;: -25.86202705,
        &quot;Longitude&quot;: 28.25743255
      }
    },
    {
      &quot;attributes&quot;: {
        &quot;Precincts&quot;: &quot;Wierda Road&quot;,
        &quot;Quickbase_Status&quot;: &quot;Planned&quot;,
        &quot;QBRecordID&quot;: 346,
        &quot;Third_Party_Dependant_For_Conne&quot;: null,
        &quot;Latitude&quot;: -26.11166665,
        &quot;Longitude&quot;: 28.05829515
      }
    },
    {
      &quot;attributes&quot;: {
        &quot;Precincts&quot;: &quot;Wierda Road&quot;,
        &quot;Quickbase_Status&quot;: &quot;Planned&quot;,
        &quot;QBRecordID&quot;: 602,
        &quot;Third_Party_Dependant_For_Conne&quot;: null,
        &quot;Latitude&quot;: -26.10991778,
        &quot;Longitude&quot;: 28.0611885
      }
    },
    {
      &quot;attributes&quot;: {
        &quot;Precincts&quot;: &quot;Sunninghill&quot;,
        &quot;Quickbase_Status&quot;: &quot;Planned&quot;,
        &quot;QBRecordID&quot;: 4093,
        &quot;Third_Party_Dependant_For_Conne&quot;: null,
        &quot;Latitude&quot;: -26.03608502,
        &quot;Longitude&quot;: 28.06613802
      }
    },
    {
      &quot;attributes&quot;: {
        &quot;Precincts&quot;: &quot;Sunninghill&quot;,
        &quot;Quickbase_Status&quot;: &quot;Planned&quot;,
        &quot;QBRecordID&quot;: 4092,
        &quot;Third_Party_Dependant_For_Conne&quot;: null,
        &quot;Latitude&quot;: -26.03589015,
        &quot;Longitude&quot;: 28.06671034
      }
    },
    {
      &quot;attributes&quot;: {
        &quot;Precincts&quot;: &quot;Wierda Road&quot;,
        &quot;Quickbase_Status&quot;: &quot;Planned&quot;,
        &quot;QBRecordID&quot;: 365,
        &quot;Third_Party_Dependant_For_Conne&quot;: null,
        &quot;Latitude&quot;: -26.11403846,
        &quot;Longitude&quot;: 28.05221723
      }
    },
    {
      &quot;attributes&quot;: {
        &quot;Precincts&quot;: &quot;Brackengate Business Park&quot;,
        &quot;Quickbase_Status&quot;: &quot;Planned&quot;,
        &quot;QBRecordID&quot;: 79748,
        &quot;Third_Party_Dependant_For_Conne&quot;: null,
        &quot;Latitude&quot;: -33.88990877,
        &quot;Longitude&quot;: 18.68007641
      }
    },
    {
      &quot;attributes&quot;: {
        &quot;Precincts&quot;: &quot;Witch-Hazel&quot;,
        &quot;Quickbase_Status&quot;: &quot;Planned&quot;,
        &quot;QBRecordID&quot;: 2283,
        &quot;Third_Party_Dependant_For_Conne&quot;: null,
        &quot;Latitude&quot;: -25.87295032,
        &quot;Longitude&quot;: 28.18191699
      }
    },
    {
      &quot;attributes&quot;: {
        &quot;Precincts&quot;: &quot;Witch-Hazel&quot;,
        &quot;Quickbase_Status&quot;: &quot;Planned&quot;,
        &quot;QBRecordID&quot;: 2284,
        &quot;Third_Party_Dependant_For_Conne&quot;: null,
        &quot;Latitude&quot;: -25.87265052,
        &quot;Longitude&quot;: 28.18193591
      }
    }
  ]
}
" type="java.lang.AssertionError">
      <![CDATA[java.lang.AssertionError: 2 expectations failed.
Response body doesn't match expectation.
Expected: a string containing "Completed"
  Actual: {
  "displayFieldName": "Building_Name",
  "fieldAliases": {
    "Precincts": "Precinct",
    "Quickbase_Status": "Status",
    "QBRecordID": "RecordID",
    "Third_Party_Dependant_For_Conne": "Third Party",
    "Latitude": "Latitude",
    "Longitude": "Longitude"
  },
  "fields": [
    {
      "name": "Precincts",
      "type": "esriFieldTypeString",
      "alias": "Precinct",
      "length": 100
    },
    {
      "name": "Quickbase_Status",
      "type": "esriFieldTypeString",
      "alias": "Status",
      "length": 100
    },
    {
      "name": "QBRecordID",
      "type": "esriFieldTypeInteger",
      "alias": "RecordID"
    },
    {
      "name": "Third_Party_Dependant_For_Conne",
      "type": "esriFieldTypeString",
      "alias": "Third Party",
      "length": 50
    },
    {
      "name": "Latitude",
      "type": "esriFieldTypeDouble",
      "alias": "Latitude"
    },
    {
      "name": "Longitude",
      "type": "esriFieldTypeDouble",
      "alias": "Longitude"
    }
  ],
  "features": [
    {
      "attributes": {
        "Precincts": "Hatfield (Phase 3)",
        "Quickbase_Status": "Planned",
        "QBRecordID": 0,
        "Third_Party_Dependant_For_Conne": null,
        "Latitude": -25.7430356,
        "Longitude": 28.24053035
      }
    },
    {
      "attributes": {
        "Precincts": "Hatfield (Phase 3)",
        "Quickbase_Status": "Planned",
        "QBRecordID": 0,
        "Third_Party_Dependant_For_Conne": null,
        "Latitude": -25.7429375,
        "Longitude": 28.24242948
      }
    },
    {
      "attributes": {
        "Precincts": "Hatfield (Phase 3)",
        "Quickbase_Status": "Planned",
        "QBRecordID": 0,
        "Third_Party_Dependant_For_Conne": null,
        "Latitude": -25.74289195,
        "Longitude": 28.24254232
      }
    },
    {
      "attributes": {
        "Precincts": "Hatfield (Phase 3)",
        "Quickbase_Status": "Planned",
        "QBRecordID": 0,
        "Third_Party_Dependant_For_Conne": null,
        "Latitude": -25.74382682,
        "Longitude": 28.24276078
      }
    },
    {
      "attributes": {
        "Precincts": "Hatfield (Phase 3)",
        "Quickbase_Status": "Planned",
        "QBRecordID": 0,
        "Third_Party_Dependant_For_Conne": null,
        "Latitude": -25.74348779,
        "Longitude": 28.24275168
      }
    },
    {
      "attributes": {
        "Precincts": "Hatfield (Phase 3)",
        "Quickbase_Status": "Planned",
        "QBRecordID": 0,
        "Third_Party_Dependant_For_Conne": null,
        "Latitude": -25.74324315,
        "Longitude": 28.24302584
      }
    },
    {
      "attributes": {
        "Precincts": "Hatfield (Phase 3)",
        "Quickbase_Status": "Planned",
        "QBRecordID": 0,
        "Third_Party_Dependant_For_Conne": null,
        "Latitude": -25.74302639,
        "Longitude": 28.24297619
      }
    },
    {
      "attributes": {
        "Precincts": "Hatfield (Phase 3)",
        "Quickbase_Status": "Planned",
        "QBRecordID": 0,
        "Third_Party_Dependant_For_Conne": null,
        "Latitude": -25.74165535,
        "Longitude": 28.24229287
      }
    },
    {
      "attributes": {
        "Precincts": "Hatfield (Phase 3)",
        "Quickbase_Status": "Planned",
        "QBRecordID": 0,
        "Third_Party_Dependant_For_Conne": null,
        "Latitude": -25.74174418,
        "Longitude": 28.24227857
      }
    },
    {
      "attributes": {
        "Precincts": "Hatfield (Phase 3)",
        "Quickbase_Status": "Planned",
        "QBRecordID": 0,
        "Third_Party_Dependant_For_Conne": null,
        "Latitude": -25.74188598,
        "Longitude": 28.24218242
      }
    },
    {
      "attributes": {
        "Precincts": "Hatfield (Phase 3)",
        "Quickbase_Status": "Planned",
        "QBRecordID": 0,
        "Third_Party_Dependant_For_Conne": null,
        "Latitude": -25.74329195,
        "Longitude": 28.23972439
      }
    },
    {
      "attributes": {
        "Precincts": "Hatfield (Phase 3)",
        "Quickbase_Status": "Planned",
        "QBRecordID": 0,
        "Third_Party_Dependant_For_Conne": null,
        "Latitude": -25.74315819,
        "Longitude": 28.24060331
      }
    },
    {
      "attributes": {
        "Precincts": "Hatfield (Phase 3)",
        "Quickbase_Status": "Planned",
        "QBRecordID": 0,
        "Third_Party_Dependant_For_Conne": null,
        "Latitude": -25.74374148,
        "Longitude": 28.23977553
      }
    },
    {
      "attributes": {
        "Precincts": "Hatfield (Phase 3)",
        "Quickbase_Status": "Planned",
        "QBRecordID": 0,
        "Third_Party_Dependant_For_Conne": null,
        "Latitude": -25.74375292,
        "Longitude": 28.2399782
      }
    },
    {
      "attributes": {
        "Precincts": "Hatfield (Phase 3)",
        "Quickbase_Status": "Planned",
        "QBRecordID": 0,
        "Third_Party_Dependant_For_Conne": null,
        "Latitude": -25.74314603,
        "Longitude": 28.24024547
      }
    },
    {
      "attributes": {
        "Precincts": "Hatfield (Phase 3)",
        "Quickbase_Status": "Planned",
        "QBRecordID": 0,
        "Third_Party_Dependant_For_Conne": null,
        "Latitude": -25.74328954,
        "Longitude": 28.24025097
      }
    },
    {
      "attributes": {
        "Precincts": "Hatfield (Phase 3)",
        "Quickbase_Status": "Planned",
        "QBRecordID": 0,
        "Third_Party_Dependant_For_Conne": null,
        "Latitude": -25.74334134,
        "Longitude": 28.24034411
      }
    },
    {
      "attributes": {
        "Precincts": "Hatfield (Phase 3)",
        "Quickbase_Status": "Planned",
        "QBRecordID": 0,
        "Third_Party_Dependant_For_Conne": null,
        "Latitude": -25.74310429,
        "Longitude": 28.23928304
      }
    },
    {
      "attributes": {
        "Precincts": "Hatfield (Phase 3)",
        "Quickbase_Status": "Planned",
        "QBRecordID": 0,
        "Third_Party_Dependant_For_Conne": null,
        "Latitude": -25.74321064,
        "Longitude": 28.23998549
      }
    },
    {
      "attributes": {
        "Precincts": "Hatfield (Phase 3)",
        "Quickbase_Status": "Planned",
        "QBRecordID": 0,
        "Third_Party_Dependant_For_Conne": null,
        "Latitude": -25.74379318,
        "Longitude": 28.24023371
      }
    },
    {
      "attributes": {
        "Precincts": "Hatfield (Phase 3)",
        "Quickbase_Status": "Planned",
        "QBRecordID": 0,
        "Third_Party_Dependant_For_Conne": null,
        "Latitude": -25.74323783,
        "Longitude": 28.23921995
      }
    },
    {
      "attributes": {
        "Precincts": "Hatfield (Phase 3)",
        "Quickbase_Status": "Planned",
        "QBRecordID": 0,
        "Third_Party_Dependant_For_Conne": null,
        "Latitude": -25.7433213,
        "Longitude": 28.24056051
      }
    },
    {
      "attributes": {
        "Precincts": "Hatfield (Phase 3)",
        "Quickbase_Status": "Planned",
        "QBRecordID": 0,
        "Third_Party_Dependant_For_Conne": null,
        "Latitude": -25.74316236,
        "Longitude": 28.24097743
      }
    },
    {
      "attributes": {
        "Precincts": "Hatfield (Phase 3)",
        "Quickbase_Status": "Planned",
        "QBRecordID": 0,
        "Third_Party_Dependant_For_Conne": null,
        "Latitude": -25.74179429,
        "Longitude": 28.24103407
      }
    },
    {
      "attributes": {
        "Precincts": "Hatfield (Phase 3)",
        "Quickbase_Status": "Planned",
        "QBRecordID": 0,
        "Third_Party_Dependant_For_Conne": null,
        "Latitude": -25.74167492,
        "Longitude": 28.24146832
      }
    },
    {
      "attributes": {
        "Precincts": "Hatfield (Phase 3)",
        "Quickbase_Status": "Planned",
        "QBRecordID": 0,
        "Third_Party_Dependant_For_Conne": null,
        "Latitude": -25.74175421,
        "Longitude": 28.24119065
      }
    },
    {
      "attributes": {
        "Precincts": "Hatfield (Phase 3)",
        "Quickbase_Status": "Planned",
        "QBRecordID": 0,
        "Third_Party_Dependant_For_Conne": null,
        "Latitude": -25.74166321,
        "Longitude": 28.24130158
      }
    },
    {
      "attributes": {
        "Precincts": "Brooklyn",
        "Quickbase_Status": "Planned",
        "QBRecordID": 0,
        "Third_Party_Dependant_For_Conne": null,
        "Latitude": -25.77214415,
        "Longitude": 28.23668661
      }
    },
    {
      "attributes": {
        "Precincts": "Brooklyn",
        "Quickbase_Status": "Planned",
        "QBRecordID": 0,
        "Third_Party_Dependant_For_Conne": null,
        "Latitude": -25.77150594,
        "Longitude": 28.23654135
      }
    },
    {
      "attributes": {
        "Precincts": "Brooklyn",
        "Quickbase_Status": "Planned",
        "QBRecordID": 0,
        "Third_Party_Dependant_For_Conne": null,
        "Latitude": -25.77142713,
        "Longitude": 28.23665404
      }
    },
    {
      "attributes": {
        "Precincts": "Brooklyn",
        "Quickbase_Status": "Planned",
        "QBRecordID": 0,
        "Third_Party_Dependant_For_Conne": null,
        "Latitude": -25.76991606,
        "Longitude": 28.23440668
      }
    },
    {
      "attributes": {
        "Precincts": "Brooklyn",
        "Quickbase_Status": "Planned",
        "QBRecordID": 0,
        "Third_Party_Dependant_For_Conne": null,
        "Latitude": -25.76939383,
        "Longitude": 28.23479702
      }
    },
    {
      "attributes": {
        "Precincts": "Brooklyn",
        "Quickbase_Status": "Planned",
        "QBRecordID": 0,
        "Third_Party_Dependant_For_Conne": null,
        "Latitude": -25.76942453,
        "Longitude": 28.23485713
      }
    },
    {
      "attributes": {
        "Precincts": "Brooklyn",
        "Quickbase_Status": "Planned",
        "QBRecordID": 0,
        "Third_Party_Dependant_For_Conne": null,
        "Latitude": -25.76932248,
        "Longitude": 28.23479365
      }
    },
    {
      "attributes": {
        "Precincts": "Brooklyn",
        "Quickbase_Status": "Planned",
        "QBRecordID": 0,
        "Third_Party_Dependant_For_Conne": null,
        "Latitude": -25.76983096,
        "Longitude": 28.23468121
      }
    },
    {
      "attributes": {
        "Precincts": "Hatfield (Phase 3)",
        "Quickbase_Status": "Planned",
        "QBRecordID": 0,
        "Third_Party_Dependant_For_Conne": null,
        "Latitude": -25.74360848,
        "Longitude": 28.23914466
      }
    },
    {
      "attributes": {
        "Precincts": "Ashley Gardens",
        "Quickbase_Status": "Planned",
        "QBRecordID": 0,
        "Third_Party_Dependant_For_Conne": null,
        "Latitude": -25.78813779,
        "Longitude": 28.26614047
      }
    },
    {
      "attributes": {
        "Precincts": "Brooklyn",
        "Quickbase_Status": "Planned",
        "QBRecordID": 0,
        "Third_Party_Dependant_For_Conne": null,
        "Latitude": -25.76929128,
        "Longitude": 28.23507527
      }
    },
    {
      "attributes": {
        "Precincts": "Persequor Park",
        "Quickbase_Status": "Planned",
        "QBRecordID": 0,
        "Third_Party_Dependant_For_Conne": null,
        "Latitude": -25.73877278,
        "Longitude": 28.2723138
      }
    },
    {
      "attributes": {
        "Precincts": "Persequor Park",
        "Quickbase_Status": "Planned",
        "QBRecordID": 0,
        "Third_Party_Dependant_For_Conne": null,
        "Latitude": -25.73266026,
        "Longitude": 28.27194095
      }
    },
    {
      "attributes": {
        "Precincts": "Persequor Park",
        "Quickbase_Status": "Planned",
        "QBRecordID": 0,
        "Third_Party_Dependant_For_Conne": null,
        "Latitude": -25.73397045,
        "Longitude": 28.26794819
      }
    },
    {
      "attributes": {
        "Precincts": "Persequor Park",
        "Quickbase_Status": "Planned",
        "QBRecordID": 0,
        "Third_Party_Dependant_For_Conne": null,
        "Latitude": -25.73325033,
        "Longitude": 28.26796073
      }
    },
    {
      "attributes": {
        "Precincts": "Persequor Park",
        "Quickbase_Status": "Planned",
        "QBRecordID": 0,
        "Third_Party_Dependant_For_Conne": null,
        "Latitude": -25.73629863,
        "Longitude": 28.27002342
      }
    },
    {
      "attributes": {
        "Precincts": "Persequor Park",
        "Quickbase_Status": "Planned",
        "QBRecordID": 0,
        "Third_Party_Dependant_For_Conne": null,
        "Latitude": -25.73636167,
        "Longitude": 28.26886908
      }
    },
    {
      "attributes": {
        "Precincts": "Persequor Park",
        "Quickbase_Status": "Planned",
        "QBRecordID": 0,
        "Third_Party_Dependant_For_Conne": null,
        "Latitude": -25.73587523,
        "Longitude": 28.270209
      }
    },
    {
      "attributes": {
        "Precincts": "Persequor Park",
        "Quickbase_Status": "Planned",
        "QBRecordID": 0,
        "Third_Party_Dependant_For_Conne": null,
        "Latitude": -25.73596156,
        "Longitude": 28.27048431
      }
    },
    {
      "attributes": {
        "Precincts": "Persequor Park",
        "Quickbase_Status": "Planned",
        "QBRecordID": 0,
        "Third_Party_Dependant_For_Conne": null,
        "Latitude": -25.73618877,
        "Longitude": 28.26826732
      }
    },
    {
      "attributes": {
        "Precincts": "Persequor Park",
        "Quickbase_Status": "Planned",
        "QBRecordID": 0,
        "Third_Party_Dependant_For_Conne": null,
        "Latitude": -25.73606926,
        "Longitude": 28.2679971
      }
    },
    {
      "attributes": {
        "Precincts": "Persequor Park",
        "Quickbase_Status": "Planned",
        "QBRecordID": 0,
        "Third_Party_Dependant_For_Conne": null,
        "Latitude": -25.73593643,
        "Longitude": 28.2684185
      }
    },
    {
      "attributes": {
        "Precincts": "Persequor Park",
        "Quickbase_Status": "Planned",
        "QBRecordID": 0,
        "Third_Party_Dependant_For_Conne": null,
        "Latitude": -25.73581908,
        "Longitude": 28.26980662
      }
    },
    {
      "attributes": {
        "Precincts": "Persequor Park",
        "Quickbase_Status": "Planned",
        "QBRecordID": 0,
        "Third_Party_Dependant_For_Conne": null,
        "Latitude": -25.73599276,
        "Longitude": 28.27090086
      }
    },
    {
      "attributes": {
        "Precincts": "Persequor Park",
        "Quickbase_Status": "Planned",
        "QBRecordID": 0,
        "Third_Party_Dependant_For_Conne": null,
        "Latitude": -25.73575904,
        "Longitude": 28.26990162
      }
    },
    {
      "attributes": {
        "Precincts": "Persequor Park",
        "Quickbase_Status": "Planned",
        "QBRecordID": 0,
        "Third_Party_Dependant_For_Conne": null,
        "Latitude": -25.73586121,
        "Longitude": 28.26969885
      }
    },
    {
      "attributes": {
        "Precincts": "Persequor Park",
        "Quickbase_Status": "Planned",
        "QBRecordID": 0,
        "Third_Party_Dependant_For_Conne": null,
        "Latitude": -25.73315656,
        "Longitude": 28.26619791
      }
    },
    {
      "attributes": {
        "Precincts": "Persequor Park",
        "Quickbase_Status": "Planned",
        "QBRecordID": 0,
        "Third_Party_Dependant_For_Conne": null,
        "Latitude": -25.73321039,
        "Longitude": 28.26640519
      }
    },
    {
      "attributes": {
        "Precincts": "Persequor Park",
        "Quickbase_Status": "Planned",
        "QBRecordID": 0,
        "Third_Party_Dependant_For_Conne": null,
        "Latitude": -25.73232547,
        "Longitude": 28.26667932
      }
    },
    {
      "attributes": {
        "Precincts": "Persequor Park",
        "Quickbase_Status": "Planned",
        "QBRecordID": 0,
        "Third_Party_Dependant_For_Conne": null,
        "Latitude": -25.73250822,
        "Longitude": 28.26675486
      }
    },
    {
      "attributes": {
        "Precincts": "Persequor Park",
        "Quickbase_Status": "Planned",
        "QBRecordID": 0,
        "Third_Party_Dependant_For_Conne": null,
        "Latitude": -25.73271834,
        "Longitude": 28.26688715
      }
    },
    {
      "attributes": {
        "Precincts": "Persequor Park",
        "Quickbase_Status": "Planned",
        "QBRecordID": 0,
        "Third_Party_Dependant_For_Conne": null,
        "Latitude": -25.73273723,
        "Longitude": 28.26662314
      }
    },
    {
      "attributes": {
        "Precincts": "Persequor Park",
        "Quickbase_Status": "Planned",
        "QBRecordID": 0,
        "Third_Party_Dependant_For_Conne": null,
        "Latitude": -25.7328905,
        "Longitude": 28.26643218
      }
    },
    {
      "attributes": {
        "Precincts": "Persequor Park",
        "Quickbase_Status": "Planned",
        "QBRecordID": 0,
        "Third_Party_Dependant_For_Conne": null,
        "Latitude": -25.73316113,
        "Longitude": 28.26715944
      }
    },
    {
      "attributes": {
        "Precincts": "Persequor Park",
        "Quickbase_Status": "Planned",
        "QBRecordID": 0,
        "Third_Party_Dependant_For_Conne": null,
        "Latitude": -25.73216258,
        "Longitude": 28.26693916
      }
    },
    {
      "attributes": {
        "Precincts": "Persequor Park",
        "Quickbase_Status": "Planned",
        "QBRecordID": 0,
        "Third_Party_Dependant_For_Conne": null,
        "Latitude": -25.73202199,
        "Longitude": 28.26709107
      }
    },
    {
      "attributes": {
        "Precincts": "Persequor Park",
        "Quickbase_Status": "Planned",
        "QBRecordID": 0,
        "Third_Party_Dependant_For_Conne": null,
        "Latitude": -25.73332957,
        "Longitude": 28.26655185
      }
    },
    {
      "attributes": {
        "Precincts": "Persequor Park",
        "Quickbase_Status": "Planned",
        "QBRecordID": 0,
        "Third_Party_Dependant_For_Conne": null,
        "Latitude": -25.73335709,
        "Longitude": 28.26678797
      }
    },
    {
      "attributes": {
        "Precincts": "Persequor Park",
        "Quickbase_Status": "Planned",
        "QBRecordID": 0,
        "Third_Party_Dependant_For_Conne": null,
        "Latitude": -25.7327291,
        "Longitude": 28.26732305
      }
    },
    {
      "attributes": {
        "Precincts": "Persequor Park",
        "Quickbase_Status": "Planned",
        "QBRecordID": 0,
        "Third_Party_Dependant_For_Conne": null,
        "Latitude": -25.73296289,
        "Longitude": 28.26768917
      }
    },
    {
      "attributes": {
        "Precincts": "Persequor Park",
        "Quickbase_Status": "Planned",
        "QBRecordID": 0,
        "Third_Party_Dependant_For_Conne": null,
        "Latitude": -25.73272996,
        "Longitude": 28.26753704
      }
    },
    {
      "attributes": {
        "Precincts": "Persequor Park",
        "Quickbase_Status": "Planned",
        "QBRecordID": 0,
        "Third_Party_Dependant_For_Conne": null,
        "Latitude": -25.73312351,
        "Longitude": 28.26737162
      }
    },
    {
      "attributes": {
        "Precincts": "Persequor Park",
        "Quickbase_Status": "Planned",
        "QBRecordID": 0,
        "Third_Party_Dependant_For_Conne": null,
        "Latitude": -25.73223057,
        "Longitude": 28.267573
      }
    },
    {
      "attributes": {
        "Precincts": "Persequor Park",
        "Quickbase_Status": "Planned",
        "QBRecordID": 0,
        "Third_Party_Dependant_For_Conne": null,
        "Latitude": -25.73227302,
        "Longitude": 28.2677203
      }
    },
    {
      "attributes": {
        "Precincts": "Persequor Park",
        "Quickbase_Status": "Planned",
        "QBRecordID": 0,
        "Third_Party_Dependant_For_Conne": null,
        "Latitude": -25.73236079,
        "Longitude": 28.2679952
      }
    },
    {
      "attributes": {
        "Precincts": "Persequor Park",
        "Quickbase_Status": "Planned",
        "QBRecordID": 0,
        "Third_Party_Dependant_For_Conne": null,
        "Latitude": -25.73223536,
        "Longitude": 28.26784903
      }
    },
    {
      "attributes": {
        "Precincts": "Persequor Park",
        "Quickbase_Status": "Planned",
        "QBRecordID": 0,
        "Third_Party_Dependant_For_Conne": null,
        "Latitude": -25.7333045,
        "Longitude": 28.26769135
      }
    },
    {
      "attributes": {
        "Precincts": "Persequor Park",
        "Quickbase_Status": "Planned",
        "QBRecordID": 0,
        "Third_Party_Dependant_For_Conne": null,
        "Latitude": -25.73310972,
        "Longitude": 28.26797643
      }
    },
    {
      "attributes": {
        "Precincts": "Persequor Park",
        "Quickbase_Status": "Planned",
        "QBRecordID": 0,
        "Third_Party_Dependant_For_Conne": null,
        "Latitude": -25.73304054,
        "Longitude": 28.26677415
      }
    },
    {
      "attributes": {
        "Precincts": "Persequor Park",
        "Quickbase_Status": "Planned",
        "QBRecordID": 0,
        "Third_Party_Dependant_For_Conne": null,
        "Latitude": -25.73281067,
        "Longitude": 28.26837409
      }
    },
    {
      "attributes": {
        "Precincts": "Ingersol",
        "Quickbase_Status": "Planned",
        "QBRecordID": 0,
        "Third_Party_Dependant_For_Conne": null,
        "Latitude": -25.78172804,
        "Longitude": 28.27190589
      }
    },
    {
      "attributes": {
        "Precincts": "Ingersol",
        "Quickbase_Status": "Planned",
        "QBRecordID": 0,
        "Third_Party_Dependant_For_Conne": null,
        "Latitude": -25.78212979,
        "Longitude": 28.27180548
      }
    },
    {
      "attributes": {
        "Precincts": "Ingersol",
        "Quickbase_Status": "Planned",
        "QBRecordID": 0,
        "Third_Party_Dependant_For_Conne": null,
        "Latitude": -25.78075172,
        "Longitude": 28.27371517
      }
    },
    {
      "attributes": {
        "Precincts": "Ingersol",
        "Quickbase_Status": "Planned",
        "QBRecordID": 0,
        "Third_Party_Dependant_For_Conne": null,
        "Latitude": -25.7807539,
        "Longitude": 28.27296683
      }
    },
    {
      "attributes": {
        "Precincts": "Highveld Technopark",
        "Quickbase_Status": "Planned",
        "QBRecordID": 0,
        "Third_Party_Dependant_For_Conne": null,
        "Latitude": -25.87883359,
        "Longitude": 28.18577506
      }
    },
    {
      "attributes": {
        "Precincts": "Highveld Technopark",
        "Quickbase_Status": "Planned",
        "QBRecordID": 0,
        "Third_Party_Dependant_For_Conne": null,
        "Latitude": -25.87874921,
        "Longitude": 28.18556541
      }
    },
    {
      "attributes": {
        "Precincts": "Highveld Technopark",
        "Quickbase_Status": "Planned",
        "QBRecordID": 0,
        "Third_Party_Dependant_For_Conne": null,
        "Latitude": -25.87752497,
        "Longitude": 28.18433816
      }
    },
    {
      "attributes": {
        "Precincts": "Highveld Technopark",
        "Quickbase_Status": "Planned",
        "QBRecordID": 0,
        "Third_Party_Dependant_For_Conne": null,
        "Latitude": -25.87750318,
        "Longitude": 28.18479664
      }
    },
    {
      "attributes": {
        "Precincts": "Highveld Technopark",
        "Quickbase_Status": "Planned",
        "QBRecordID": 0,
        "Third_Party_Dependant_For_Conne": null,
        "Latitude": -25.8782458,
        "Longitude": 28.18616234
      }
    },
    {
      "attributes": {
        "Precincts": "Highveld Technopark",
        "Quickbase_Status": "Planned",
        "QBRecordID": 0,
        "Third_Party_Dependant_For_Conne": null,
        "Latitude": -25.87836436,
        "Longitude": 28.18589436
      }
    },
    {
      "attributes": {
        "Precincts": "James Crescent",
        "Quickbase_Status": "Planned",
        "QBRecordID": 0,
        "Third_Party_Dependant_For_Conne": null,
        "Latitude": -26.00220242,
        "Longitude": 28.12512661
      }
    },
    {
      "attributes": {
        "Precincts": "Richards Drive",
        "Quickbase_Status": "Planned",
        "QBRecordID": 0,
        "Third_Party_Dependant_For_Conne": null,
        "Latitude": -26.01240758,
        "Longitude": 28.12161305
      }
    },
    {
      "attributes": {
        "Precincts": "Richards Drive",
        "Quickbase_Status": "Planned",
        "QBRecordID": 0,
        "Third_Party_Dependant_For_Conne": null,
        "Latitude": -26.01492502,
        "Longitude": 28.11977089
      }
    },
    {
      "attributes": {
        "Precincts": "Richards Drive",
        "Quickbase_Status": "Planned",
        "QBRecordID": 0,
        "Third_Party_Dependant_For_Conne": null,
        "Latitude": -26.01625779,
        "Longitude": 28.11896132
      }
    },
    {
      "attributes": {
        "Precincts": "Richards Drive",
        "Quickbase_Status": "Planned",
        "QBRecordID": 0,
        "Third_Party_Dependant_For_Conne": null,
        "Latitude": -26.01473204,
        "Longitude": 28.11917145
      }
    },
    {
      "attributes": {
        "Precincts": "Richards Drive",
        "Quickbase_Status": "Planned",
        "QBRecordID": 0,
        "Third_Party_Dependant_For_Conne": null,
        "Latitude": -26.01475955,
        "Longitude": 28.11935483
      }
    },
    {
      "attributes": {
        "Precincts": "Richards Drive",
        "Quickbase_Status": "Planned",
        "QBRecordID": 0,
        "Third_Party_Dependant_For_Conne": null,
        "Latitude": -26.0148974,
        "Longitude": 28.11952958
      }
    },
    {
      "attributes": {
        "Precincts": "Capital Hill",
        "Quickbase_Status": "Planned",
        "QBRecordID": 0,
        "Third_Party_Dependant_For_Conne": null,
        "Latitude": -26.01249967,
        "Longitude": 28.12642547
      }
    },
    {
      "attributes": {
        "Precincts": "Capital Hill",
        "Quickbase_Status": "Planned",
        "QBRecordID": 0,
        "Third_Party_Dependant_For_Conne": null,
        "Latitude": -26.00750783,
        "Longitude": 28.13097417
      }
    },
    {
      "attributes": {
        "Precincts": "Capital Hill",
        "Quickbase_Status": "Planned",
        "QBRecordID": 0,
        "Third_Party_Dependant_For_Conne": null,
        "Latitude": -26.0075825,
        "Longitude": 28.13013577
      }
    },
    {
      "attributes": {
        "Precincts": "Capital Hill",
        "Quickbase_Status": "Planned",
        "QBRecordID": 0,
        "Third_Party_Dependant_For_Conne": null,
        "Latitude": -26.00807458,
        "Longitude": 28.13073264
      }
    },
    {
      "attributes": {
        "Precincts": "Richards Drive",
        "Quickbase_Status": "Planned",
        "QBRecordID": 0,
        "Third_Party_Dependant_For_Conne": null,
        "Latitude": -26.0150427,
        "Longitude": 28.1201678
      }
    },
    {
      "attributes": {
        "Precincts": "Capital Hill",
        "Quickbase_Status": "Planned",
        "QBRecordID": 0,
        "Third_Party_Dependant_For_Conne": null,
        "Latitude": -26.00695557,
        "Longitude": 28.13057505
      }
    },
    {
      "attributes": {
        "Precincts": "Richards Drive",
        "Quickbase_Status": "Planned",
        "QBRecordID": 0,
        "Third_Party_Dependant_For_Conne": null,
        "Latitude": -26.01241693,
        "Longitude": 28.12279866
      }
    },
    {
      "attributes": {
        "Precincts": "Witch-Hazel",
        "Quickbase_Status": "Planned",
        "QBRecordID": 0,
        "Third_Party_Dependant_For_Conne": null,
        "Latitude": -25.87468721,
        "Longitude": 28.1804503
      }
    },
    {
      "attributes": {
        "Precincts": "Witch-Hazel",
        "Quickbase_Status": "Planned",
        "QBRecordID": 0,
        "Third_Party_Dependant_For_Conne": null,
        "Latitude": -25.87348689,
        "Longitude": 28.18222236
      }
    },
    {
      "attributes": {
        "Precincts": "Witch-Hazel",
        "Quickbase_Status": "Planned",
        "QBRecordID": 0,
        "Third_Party_Dependant_For_Conne": null,
        "Latitude": -25.87340596,
        "Longitude": 28.18196064
      }
    },
    {
      "attributes": {
        "Precincts": "Centurion Gautrain Station",
        "Quickbase_Status": "Planned",
        "QBRecordID": 0,
        "Third_Party_Dependant_For_Conne": null,
        "Latitude": -25.84923931,
        "Longitude": 28.18856522
      }
    },
    {
      "attributes": {
        "Precincts": "Waterfall Office Park",
        "Quickbase_Status": "Planned",
        "QBRecordID": 92439,
        "Third_Party_Dependant_For_Conne": null,
        "Latitude": -26.01063393,
        "Longitude": 28.1139616
      }
    },
    {
      "attributes": {
        "Precincts": "CPT CBD Phase 01",
        "Quickbase_Status": "Planned",
        "QBRecordID": 3826,
        "Third_Party_Dependant_For_Conne": null,
        "Latitude": -33.91920232,
        "Longitude": 18.42530376
      }
    },
    {
      "attributes": {
        "Precincts": "Central Street",
        "Quickbase_Status": "Planned",
        "QBRecordID": 836,
        "Third_Party_Dependant_For_Conne": null,
        "Latitude": -26.15973477,
        "Longitude": 28.05801581
      }
    },
    {
      "attributes": {
        "Precincts": "Arden Grove",
        "Quickbase_Status": "Planned",
        "QBRecordID": 3540,
        "Third_Party_Dependant_For_Conne": null,
        "Latitude": -33.8622594,
        "Longitude": 18.51380711
      }
    },
    {
      "attributes": {
        "Precincts": "Arden Grove",
        "Quickbase_Status": "Planned",
        "QBRecordID": 4050,
        "Third_Party_Dependant_For_Conne": null,
        "Latitude": -33.86813658,
        "Longitude": 18.51295824
      }
    },
    {
      "attributes": {
        "Precincts": "Richards Drive",
        "Quickbase_Status": "Planned",
        "QBRecordID": 2988,
        "Third_Party_Dependant_For_Conne": null,
        "Latitude": -26.01214016,
        "Longitude": 28.12240363
      }
    },
    {
      "attributes": {
        "Precincts": "Route 21 Office Park",
        "Quickbase_Status": "Planned",
        "QBRecordID": 3931,
        "Third_Party_Dependant_For_Conne": null,
        "Latitude": -25.8622775,
        "Longitude": 28.25608028
      }
    },
    {
      "attributes": {
        "Precincts": "Sandton Phase 2",
        "Quickbase_Status": "Planned",
        "QBRecordID": 2960,
        "Third_Party_Dependant_For_Conne": null,
        "Latitude": -26.10470637,
        "Longitude": 28.05277062
      }
    },
    {
      "attributes": {
        "Precincts": "Sandton Phase 2",
        "Quickbase_Status": "Planned",
        "QBRecordID": 2951,
        "Third_Party_Dependant_For_Conne": null,
        "Latitude": -26.10514129,
        "Longitude": 28.05405698
      }
    },
    {
      "attributes": {
        "Precincts": "Rosebank Phase 1",
        "Quickbase_Status": "Planned",
        "QBRecordID": 3987,
        "Third_Party_Dependant_For_Conne": null,
        "Latitude": -26.14537725,
        "Longitude": 28.03836958
      }
    },
    {
      "attributes": {
        "Precincts": "Rosebank Phase 2",
        "Quickbase_Status": "Planned",
        "QBRecordID": 3512,
        "Third_Party_Dependant_For_Conne": null,
        "Latitude": -26.1487962,
        "Longitude": 28.04009483
      }
    },
    {
      "attributes": {
        "Precincts": "CPT CBD Phase 02",
        "Quickbase_Status": "Planned",
        "QBRecordID": 3840,
        "Third_Party_Dependant_For_Conne": null,
        "Latitude": -33.92258874,
        "Longitude": 18.43327179
      }
    },
    {
      "attributes": {
        "Precincts": "CPT CBD Phase 01",
        "Quickbase_Status": "Planned",
        "QBRecordID": 3068,
        "Third_Party_Dependant_For_Conne": null,
        "Latitude": -33.91829549,
        "Longitude": 18.42492915
      }
    },
    {
      "attributes": {
        "Precincts": "Bryanston Extension",
        "Quickbase_Status": "Planned",
        "QBRecordID": 2268,
        "Third_Party_Dependant_For_Conne": null,
        "Latitude": -26.05029784,
        "Longitude": 28.02062398
      }
    },
    {
      "attributes": {
        "Precincts": "Sandton Phase 1",
        "Quickbase_Status": "Planned",
        "QBRecordID": 4162,
        "Third_Party_Dependant_For_Conne": null,
        "Latitude": -26.09910978,
        "Longitude": 28.05290729
      }
    },
    {
      "attributes": {
        "Precincts": "Bruma Lake",
        "Quickbase_Status": "Planned",
        "QBRecordID": 982,
        "Third_Party_Dependant_For_Conne": null,
        "Latitude": -26.18041905,
        "Longitude": 28.10561123
      }
    },
    {
      "attributes": {
        "Precincts": "Bruma Lake",
        "Quickbase_Status": "Planned",
        "QBRecordID": 976,
        "Third_Party_Dependant_For_Conne": null,
        "Latitude": -26.18229153,
        "Longitude": 28.10583334
      }
    },
    {
      "attributes": {
        "Precincts": "Charles Crescent",
        "Quickbase_Status": "Planned",
        "QBRecordID": 949,
        "Third_Party_Dependant_For_Conne": null,
        "Latitude": -26.09288842,
        "Longitude": 28.08315085
      }
    },
    {
      "attributes": {
        "Precincts": "Arden Grove",
        "Quickbase_Status": "Planned",
        "QBRecordID": 1627,
        "Third_Party_Dependant_For_Conne": null,
        "Latitude": -33.8632174,
        "Longitude": 18.51223542
      }
    },
    {
      "attributes": {
        "Precincts": "Arden Grove",
        "Quickbase_Status": "Planned",
        "QBRecordID": 1585,
        "Third_Party_Dependant_For_Conne": null,
        "Latitude": -33.8627431,
        "Longitude": 18.51173697
      }
    },
    {
      "attributes": {
        "Precincts": "Arden Grove",
        "Quickbase_Status": "Planned",
        "QBRecordID": 1569,
        "Third_Party_Dependant_For_Conne": null,
        "Latitude": -33.86448633,
        "Longitude": 18.5124977
      }
    },
    {
      "attributes": {
        "Precincts": "Arden Grove",
        "Quickbase_Status": "Planned",
        "QBRecordID": 1599,
        "Third_Party_Dependant_For_Conne": null,
        "Latitude": -33.86811394,
        "Longitude": 18.5103383
      }
    },
    {
      "attributes": {
        "Precincts": "Umhlanga (Phase 3)",
        "Quickbase_Status": "Planned",
        "QBRecordID": 2799,
        "Third_Party_Dependant_For_Conne": null,
        "Latitude": -29.74496663,
        "Longitude": 31.06765808
      }
    },
    {
      "attributes": {
        "Precincts": "Umhlanga (Phase 3)",
        "Quickbase_Status": "Planned",
        "QBRecordID": 2776,
        "Third_Party_Dependant_For_Conne": null,
        "Latitude": -29.73625898,
        "Longitude": 31.06940957
      }
    },
    {
      "attributes": {
        "Precincts": "Sunninghill",
        "Quickbase_Status": "Planned",
        "QBRecordID": 4094,
        "Third_Party_Dependant_For_Conne": null,
        "Latitude": -26.0354923,
        "Longitude": 28.06594241
      }
    },
    {
      "attributes": {
        "Precincts": "Katherine Extension",
        "Quickbase_Status": "Planned",
        "QBRecordID": 1338,
        "Third_Party_Dependant_For_Conne": null,
        "Latitude": -26.10366242,
        "Longitude": 28.0701964
      }
    },
    {
      "attributes": {
        "Precincts": "Route 21 Office Park",
        "Quickbase_Status": "Planned",
        "QBRecordID": 1950,
        "Third_Party_Dependant_For_Conne": null,
        "Latitude": -25.86280693,
        "Longitude": 28.25831552
      }
    },
    {
      "attributes": {
        "Precincts": "Route 21 Office Park",
        "Quickbase_Status": "Planned",
        "QBRecordID": 2101,
        "Third_Party_Dependant_For_Conne": null,
        "Latitude": -25.86508062,
        "Longitude": 28.25815987
      }
    },
    {
      "attributes": {
        "Precincts": "Morningside",
        "Quickbase_Status": "Planned",
        "QBRecordID": 1517,
        "Third_Party_Dependant_For_Conne": null,
        "Latitude": -26.07419425,
        "Longitude": 28.06465364
      }
    },
    {
      "attributes": {
        "Precincts": "Tygervalley",
        "Quickbase_Status": "Planned",
        "QBRecordID": 2572,
        "Third_Party_Dependant_For_Conne": null,
        "Latitude": -33.8802619,
        "Longitude": 18.63633976
      }
    },
    {
      "attributes": {
        "Precincts": "Wierda Road",
        "Quickbase_Status": "Planned",
        "QBRecordID": 351,
        "Third_Party_Dependant_For_Conne": null,
        "Latitude": -26.11308544,
        "Longitude": 28.0581488
      }
    },
    {
      "attributes": {
        "Precincts": "Sandton Phase 2",
        "Quickbase_Status": "Planned",
        "QBRecordID": 3885,
        "Third_Party_Dependant_For_Conne": null,
        "Latitude": -26.10161087,
        "Longitude": 28.04962331
      }
    },
    {
      "attributes": {
        "Precincts": "Rosebank Phase 1",
        "Quickbase_Status": "Planned",
        "QBRecordID": 3988,
        "Third_Party_Dependant_For_Conne": null,
        "Latitude": -26.14353828,
        "Longitude": 28.03621627
      }
    },
    {
      "attributes": {
        "Precincts": "Peter Place",
        "Quickbase_Status": "Planned",
        "QBRecordID": 444,
        "Third_Party_Dependant_For_Conne": null,
        "Latitude": -26.07929253,
        "Longitude": 28.01377378
      }
    },
    {
      "attributes": {
        "Precincts": "Rosebank Phase 2",
        "Quickbase_Status": "Planned",
        "QBRecordID": 3997,
        "Third_Party_Dependant_For_Conne": null,
        "Latitude": -26.14666126,
        "Longitude": 28.03670068
      }
    },
    {
      "attributes": {
        "Precincts": "Centurion Gautrain Station",
        "Quickbase_Status": "Planned",
        "QBRecordID": 3435,
        "Third_Party_Dependant_For_Conne": null,
        "Latitude": -25.85378631,
        "Longitude": 28.19152391
      }
    },
    {
      "attributes": {
        "Precincts": "Centurion Gautrain Station",
        "Quickbase_Status": "Planned",
        "QBRecordID": 2298,
        "Third_Party_Dependant_For_Conne": null,
        "Latitude": -25.85381887,
        "Longitude": 28.1924704
      }
    },
    {
      "attributes": {
        "Precincts": "Peter Place",
        "Quickbase_Status": "Planned",
        "QBRecordID": 12587,
        "Third_Party_Dependant_For_Conne": null,
        "Latitude": -26.08050158,
        "Longitude": 28.0167715
      }
    },
    {
      "attributes": {
        "Precincts": "Hyde Park",
        "Quickbase_Status": "Planned",
        "QBRecordID": 4106,
        "Third_Party_Dependant_For_Conne": null,
        "Latitude": -26.11915214,
        "Longitude": 28.03164001
      }
    },
    {
      "attributes": {
        "Precincts": "Witch-Hazel",
        "Quickbase_Status": "Planned",
        "QBRecordID": 5799,
        "Third_Party_Dependant_For_Conne": null,
        "Latitude": -25.87256939,
        "Longitude": 28.18261297
      }
    },
    {
      "attributes": {
        "Precincts": "Hatfield (Phase 3)",
        "Quickbase_Status": "Planned",
        "QBRecordID": 3489,
        "Third_Party_Dependant_For_Conne": null,
        "Latitude": -25.74200619,
        "Longitude": 28.2406118
      }
    },
    {
      "attributes": {
        "Precincts": "Hatfield (Phase 3)",
        "Quickbase_Status": "Planned",
        "QBRecordID": 2997,
        "Third_Party_Dependant_For_Conne": null,
        "Latitude": -25.74381051,
        "Longitude": 28.24262092
      }
    },
    {
      "attributes": {
        "Precincts": "Ashley Gardens",
        "Quickbase_Status": "Planned",
        "QBRecordID": 2631,
        "Third_Party_Dependant_For_Conne": null,
        "Latitude": -25.78329562,
        "Longitude": 28.26460359
      }
    },
    {
      "attributes": {
        "Precincts": "Route 21 Office Park",
        "Quickbase_Status": "Planned",
        "QBRecordID": 1951,
        "Third_Party_Dependant_For_Conne": null,
        "Latitude": -25.86316457,
        "Longitude": 28.2587588
      }
    },
    {
      "attributes": {
        "Precincts": "James Crescent",
        "Quickbase_Status": "Planned",
        "QBRecordID": 2154,
        "Third_Party_Dependant_For_Conne": null,
        "Latitude": -26.00638491,
        "Longitude": 28.12482061
      }
    },
    {
      "attributes": {
        "Precincts": "James Crescent",
        "Quickbase_Status": "Planned",
        "QBRecordID": 2178,
        "Third_Party_Dependant_For_Conne": null,
        "Latitude": -26.00907314,
        "Longitude": 28.12349545
      }
    },
    {
      "attributes": {
        "Precincts": "James Crescent",
        "Quickbase_Status": "Planned",
        "QBRecordID": 2179,
        "Third_Party_Dependant_For_Conne": null,
        "Latitude": -26.00964891,
        "Longitude": 28.12292514
      }
    },
    {
      "attributes": {
        "Precincts": "James Crescent",
        "Quickbase_Status": "Planned",
        "QBRecordID": 2310,
        "Third_Party_Dependant_For_Conne": null,
        "Latitude": -26.00253855,
        "Longitude": 28.12586275
      }
    },
    {
      "attributes": {
        "Precincts": "Ingersol",
        "Quickbase_Status": "Planned",
        "QBRecordID": 2366,
        "Third_Party_Dependant_For_Conne": null,
        "Latitude": -25.77893894,
        "Longitude": 28.2739934
      }
    },
    {
      "attributes": {
        "Precincts": "Sandton Phase 1",
        "Quickbase_Status": "Planned",
        "QBRecordID": 4175,
        "Third_Party_Dependant_For_Conne": null,
        "Latitude": -26.10139505,
        "Longitude": 28.05358555
      }
    },
    {
      "attributes": {
        "Precincts": "George Road",
        "Quickbase_Status": "Planned",
        "QBRecordID": 4074,
        "Third_Party_Dependant_For_Conne": null,
        "Latitude": -25.95955228,
        "Longitude": 28.13622393
      }
    },
    {
      "attributes": {
        "Precincts": "Hatfield (Phase 3)",
        "Quickbase_Status": "Planned",
        "QBRecordID": 2917,
        "Third_Party_Dependant_For_Conne": null,
        "Latitude": -25.7437474,
        "Longitude": 28.24240305
      }
    },
    {
      "attributes": {
        "Precincts": "Sandton Phase 2",
        "Quickbase_Status": "Planned",
        "QBRecordID": 4182,
        "Third_Party_Dependant_For_Conne": null,
        "Latitude": -26.10622226,
        "Longitude": 28.05567171
      }
    },
    {
      "attributes": {
        "Precincts": "CPT CBD Phase 02",
        "Quickbase_Status": "Planned",
        "QBRecordID": 3092,
        "Third_Party_Dependant_For_Conne": null,
        "Latitude": -33.92074089,
        "Longitude": 18.43338724
      }
    },
    {
      "attributes": {
        "Precincts": "CPT CBD Phase 02",
        "Quickbase_Status": "Planned",
        "QBRecordID": 3090,
        "Third_Party_Dependant_For_Conne": null,
        "Latitude": -33.92067042,
        "Longitude": 18.4348701
      }
    },
    {
      "attributes": {
        "Precincts": "CPT CBD Phase 01",
        "Quickbase_Status": "Planned",
        "QBRecordID": 3083,
        "Third_Party_Dependant_For_Conne": null,
        "Latitude": -33.91740259,
        "Longitude": 18.4252263
      }
    },
    {
      "attributes": {
        "Precincts": "Route 21 Office Park",
        "Quickbase_Status": "Planned",
        "QBRecordID": 1967,
        "Third_Party_Dependant_For_Conne": null,
        "Latitude": -25.85970377,
        "Longitude": 28.25789802
      }
    },
    {
      "attributes": {
        "Precincts": "Richards Drive",
        "Quickbase_Status": "Planned",
        "QBRecordID": 2460,
        "Third_Party_Dependant_For_Conne": null,
        "Latitude": -26.01428104,
        "Longitude": 28.12224092
      }
    },
    {
      "attributes": {
        "Precincts": "Western Services",
        "Quickbase_Status": "Planned",
        "QBRecordID": 2501,
        "Third_Party_Dependant_For_Conne": null,
        "Latitude": -26.05848134,
        "Longitude": 28.08878122
      }
    },
    {
      "attributes": {
        "Precincts": "CPT CBD Phase 02",
        "Quickbase_Status": "Planned",
        "QBRecordID": 3098,
        "Third_Party_Dependant_For_Conne": null,
        "Latitude": -33.92100503,
        "Longitude": 18.43247925
      }
    },
    {
      "attributes": {
        "Precincts": "Rosenpark",
        "Quickbase_Status": "Planned",
        "QBRecordID": 2712,
        "Third_Party_Dependant_For_Conne": null,
        "Latitude": -33.86655873,
        "Longitude": 18.64016381
      }
    },
    {
      "attributes": {
        "Precincts": "CPT CBD Phase 02",
        "Quickbase_Status": "Planned",
        "QBRecordID": 3111,
        "Third_Party_Dependant_For_Conne": null,
        "Latitude": -33.91980186,
        "Longitude": 18.43203546
      }
    },
    {
      "attributes": {
        "Precincts": "Route 21 Office Park",
        "Quickbase_Status": "Planned",
        "QBRecordID": 1962,
        "Third_Party_Dependant_For_Conne": null,
        "Latitude": -25.86471023,
        "Longitude": 28.2586316
      }
    },
    {
      "attributes": {
        "Precincts": "James Crescent",
        "Quickbase_Status": "Planned",
        "QBRecordID": 2175,
        "Third_Party_Dependant_For_Conne": null,
        "Latitude": -26.00968432,
        "Longitude": 28.12255679
      }
    },
    {
      "attributes": {
        "Precincts": "James Crescent",
        "Quickbase_Status": "Planned",
        "QBRecordID": 2189,
        "Third_Party_Dependant_For_Conne": null,
        "Latitude": -26.00259465,
        "Longitude": 28.12690228
      }
    },
    {
      "attributes": {
        "Precincts": "James Crescent",
        "Quickbase_Status": "Planned",
        "QBRecordID": 2188,
        "Third_Party_Dependant_For_Conne": null,
        "Latitude": -26.00233279,
        "Longitude": 28.12687823
      }
    },
    {
      "attributes": {
        "Precincts": "James Crescent",
        "Quickbase_Status": "Planned",
        "QBRecordID": 2176,
        "Third_Party_Dependant_For_Conne": null,
        "Latitude": -26.00848487,
        "Longitude": 28.12418448
      }
    },
    {
      "attributes": {
        "Precincts": "James Crescent",
        "Quickbase_Status": "Planned",
        "QBRecordID": 2177,
        "Third_Party_Dependant_For_Conne": null,
        "Latitude": -26.00872683,
        "Longitude": 28.12388124
      }
    },
    {
      "attributes": {
        "Precincts": "Hatfield (Phase 3)",
        "Quickbase_Status": "Planned",
        "QBRecordID": 3462,
        "Third_Party_Dependant_For_Conne": null,
        "Latitude": -25.74318282,
        "Longitude": 28.24268593
      }
    },
    {
      "attributes": {
        "Precincts": "Rosebank Phase 1",
        "Quickbase_Status": "Planned",
        "QBRecordID": 2983,
        "Third_Party_Dependant_For_Conne": null,
        "Latitude": -26.1429873,
        "Longitude": 28.04088098
      }
    },
    {
      "attributes": {
        "Precincts": "Peter Place",
        "Quickbase_Status": "Planned",
        "QBRecordID": 4075,
        "Third_Party_Dependant_For_Conne": null,
        "Latitude": -26.08027029,
        "Longitude": 28.01371127
      }
    },
    {
      "attributes": {
        "Precincts": "Hatfield (Phase 3)",
        "Quickbase_Status": "Planned",
        "QBRecordID": 4091,
        "Third_Party_Dependant_For_Conne": null,
        "Latitude": -25.7437462,
        "Longitude": 28.24474709
      }
    },
    {
      "attributes": {
        "Precincts": "Richards Drive",
        "Quickbase_Status": "Planned",
        "QBRecordID": 2421,
        "Third_Party_Dependant_For_Conne": null,
        "Latitude": -26.01566168,
        "Longitude": 28.11956178
      }
    },
    {
      "attributes": {
        "Precincts": "Homestead",
        "Quickbase_Status": "Planned",
        "QBRecordID": 245,
        "Third_Party_Dependant_For_Conne": null,
        "Latitude": -26.04650483,
        "Longitude": 28.05701976
      }
    },
    {
      "attributes": {
        "Precincts": "Girton",
        "Quickbase_Status": "Planned",
        "QBRecordID": 794,
        "Third_Party_Dependant_For_Conne": null,
        "Latitude": -26.18471394,
        "Longitude": 28.03885509
      }
    },
    {
      "attributes": {
        "Precincts": "Girton",
        "Quickbase_Status": "Planned",
        "QBRecordID": 4086,
        "Third_Party_Dependant_For_Conne": null,
        "Latitude": -26.18333914,
        "Longitude": 28.03653555
      }
    },
    {
      "attributes": {
        "Precincts": "Sunninghill",
        "Quickbase_Status": "Planned",
        "QBRecordID": 383,
        "Third_Party_Dependant_For_Conne": null,
        "Latitude": -26.0353727,
        "Longitude": 28.06648828
      }
    },
    {
      "attributes": {
        "Precincts": "Oak Avenue",
        "Quickbase_Status": "Planned",
        "QBRecordID": 3910,
        "Third_Party_Dependant_For_Conne": null,
        "Latitude": -26.0996421,
        "Longitude": 28.00136847
      }
    },
    {
      "attributes": {
        "Precincts": "Sandton Phase 3",
        "Quickbase_Status": "Planned",
        "QBRecordID": 2893,
        "Third_Party_Dependant_For_Conne": null,
        "Latitude": -26.11089511,
        "Longitude": 28.05616831
      }
    },
    {
      "attributes": {
        "Precincts": "Ann Crescent",
        "Quickbase_Status": "Planned",
        "QBRecordID": 1322,
        "Third_Party_Dependant_For_Conne": null,
        "Latitude": -26.10267934,
        "Longitude": 28.07173819
      }
    },
    {
      "attributes": {
        "Precincts": "Burnside Office Park",
        "Quickbase_Status": "Planned",
        "QBRecordID": 2987,
        "Third_Party_Dependant_For_Conne": null,
        "Latitude": -26.11443125,
        "Longitude": 28.02167761
      }
    },
    {
      "attributes": {
        "Precincts": "Bruma Lake",
        "Quickbase_Status": "Planned",
        "QBRecordID": 4011,
        "Third_Party_Dependant_For_Conne": null,
        "Latitude": -26.18168098,
        "Longitude": 28.11021358
      }
    },
    {
      "attributes": {
        "Precincts": "CPT CBD Phase 01",
        "Quickbase_Status": "Planned",
        "QBRecordID": 3058,
        "Third_Party_Dependant_For_Conne": null,
        "Latitude": -33.91667861,
        "Longitude": 18.42474986
      }
    },
    {
      "attributes": {
        "Precincts": "Central Street",
        "Quickbase_Status": "Planned",
        "QBRecordID": 842,
        "Third_Party_Dependant_For_Conne": null,
        "Latitude": -26.16411283,
        "Longitude": 28.05701815
      }
    },
    {
      "attributes": {
        "Precincts": "George Road",
        "Quickbase_Status": "Planned",
        "QBRecordID": 4073,
        "Third_Party_Dependant_For_Conne": null,
        "Latitude": -25.97199363,
        "Longitude": 28.12975475
      }
    },
    {
      "attributes": {
        "Precincts": "Arden Grove",
        "Quickbase_Status": "Planned",
        "QBRecordID": 1561,
        "Third_Party_Dependant_For_Conne": null,
        "Latitude": -33.86351038,
        "Longitude": 18.51429929
      }
    },
    {
      "attributes": {
        "Precincts": "Arden Grove",
        "Quickbase_Status": "Planned",
        "QBRecordID": 1571,
        "Third_Party_Dependant_For_Conne": null,
        "Latitude": -33.86232441,
        "Longitude": 18.5148387
      }
    },
    {
      "attributes": {
        "Precincts": "Umhlanga (Phase 3)",
        "Quickbase_Status": "Planned",
        "QBRecordID": 2805,
        "Third_Party_Dependant_For_Conne": null,
        "Latitude": -29.73746246,
        "Longitude": 31.07110861
      }
    },
    {
      "attributes": {
        "Precincts": "Umhlanga (Phase 3)",
        "Quickbase_Status": "Planned",
        "QBRecordID": 95947,
        "Third_Party_Dependant_For_Conne": null,
        "Latitude": -29.73795533,
        "Longitude": 31.07077923
      }
    },
    {
      "attributes": {
        "Precincts": "CPT CBD Phase 02",
        "Quickbase_Status": "Planned",
        "QBRecordID": 3101,
        "Third_Party_Dependant_For_Conne": null,
        "Latitude": -33.92068677,
        "Longitude": 18.43169484
      }
    },
    {
      "attributes": {
        "Precincts": "Sunninghill",
        "Quickbase_Status": "Planned",
        "QBRecordID": 369,
        "Third_Party_Dependant_For_Conne": null,
        "Latitude": -26.03331693,
        "Longitude": 28.06333281
      }
    },
    {
      "attributes": {
        "Precincts": "Sandton Phase 1",
        "Quickbase_Status": "Planned",
        "QBRecordID": 4023,
        "Third_Party_Dependant_For_Conne": null,
        "Latitude": -26.09826732,
        "Longitude": 28.05530311
      }
    },
    {
      "attributes": {
        "Precincts": "Sandton Phase 1",
        "Quickbase_Status": "Planned",
        "QBRecordID": 2961,
        "Third_Party_Dependant_For_Conne": null,
        "Latitude": -26.09798751,
        "Longitude": 28.05591647
      }
    },
    {
      "attributes": {
        "Precincts": "Sandton Phase 1",
        "Quickbase_Status": "Planned",
        "QBRecordID": 4024,
        "Third_Party_Dependant_For_Conne": null,
        "Latitude": -26.0975017,
        "Longitude": 28.05530551
      }
    },
    {
      "attributes": {
        "Precincts": "Ashley Gardens",
        "Quickbase_Status": "Planned",
        "QBRecordID": 2633,
        "Third_Party_Dependant_For_Conne": null,
        "Latitude": -25.78386112,
        "Longitude": 28.26566257
      }
    },
    {
      "attributes": {
        "Precincts": "Route 21 Office Park",
        "Quickbase_Status": "Planned",
        "QBRecordID": 2000,
        "Third_Party_Dependant_For_Conne": null,
        "Latitude": -25.86119436,
        "Longitude": 28.2562718
      }
    },
    {
      "attributes": {
        "Precincts": "Tygervalley",
        "Quickbase_Status": "Planned",
        "QBRecordID": 4004,
        "Third_Party_Dependant_For_Conne": null,
        "Latitude": -33.88288802,
        "Longitude": 18.63649593
      }
    },
    {
      "attributes": {
        "Precincts": "Bruma Lake",
        "Quickbase_Status": "Planned",
        "QBRecordID": 4010,
        "Third_Party_Dependant_For_Conne": null,
        "Latitude": -26.18016114,
        "Longitude": 28.10698612
      }
    },
    {
      "attributes": {
        "Precincts": "Arden Grove",
        "Quickbase_Status": "Planned",
        "QBRecordID": 1600,
        "Third_Party_Dependant_For_Conne": null,
        "Latitude": -33.86859661,
        "Longitude": 18.51138477
      }
    },
    {
      "attributes": {
        "Precincts": "Rosebank Phase 2",
        "Quickbase_Status": "Planned",
        "QBRecordID": 4063,
        "Third_Party_Dependant_For_Conne": null,
        "Latitude": -26.14792896,
        "Longitude": 28.03787296
      }
    },
    {
      "attributes": {
        "Precincts": "James Crescent",
        "Quickbase_Status": "Planned",
        "QBRecordID": 2269,
        "Third_Party_Dependant_For_Conne": null,
        "Latitude": -26.01061879,
        "Longitude": 28.12393226
      }
    },
    {
      "attributes": {
        "Precincts": "Hyde Park",
        "Quickbase_Status": "Planned",
        "QBRecordID": 4105,
        "Third_Party_Dependant_For_Conne": null,
        "Latitude": -26.12346434,
        "Longitude": 28.03155042
      }
    },
    {
      "attributes": {
        "Precincts": "Oak Avenue",
        "Quickbase_Status": "Planned",
        "QBRecordID": 517,
        "Third_Party_Dependant_For_Conne": null,
        "Latitude": -26.09913448,
        "Longitude": 28.00080686
      }
    },
    {
      "attributes": {
        "Precincts": "Hatfield (Phase 3)",
        "Quickbase_Status": "Planned",
        "QBRecordID": 3486,
        "Third_Party_Dependant_For_Conne": null,
        "Latitude": -25.74220983,
        "Longitude": 28.24149408
      }
    },
    {
      "attributes": {
        "Precincts": "Hatfield (Phase 3)",
        "Quickbase_Status": "Planned",
        "QBRecordID": 3488,
        "Third_Party_Dependant_For_Conne": null,
        "Latitude": -25.74258004,
        "Longitude": 28.24009758
      }
    },
    {
      "attributes": {
        "Precincts": "Morningside",
        "Quickbase_Status": "Planned",
        "QBRecordID": 3918,
        "Third_Party_Dependant_For_Conne": null,
        "Latitude": -26.08012488,
        "Longitude": 28.06224826
      }
    },
    {
      "attributes": {
        "Precincts": "Sandton Phase 1",
        "Quickbase_Status": "Planned",
        "QBRecordID": 4165,
        "Third_Party_Dependant_For_Conne": null,
        "Latitude": -26.09942773,
        "Longitude": 28.05284679
      }
    },
    {
      "attributes": {
        "Precincts": "Persequor Park",
        "Quickbase_Status": "Planned",
        "QBRecordID": 4615,
        "Third_Party_Dependant_For_Conne": null,
        "Latitude": -25.74281261,
        "Longitude": 28.27312624
      }
    },
    {
      "attributes": {
        "Precincts": "Waterfall Office Park",
        "Quickbase_Status": "Planned",
        "QBRecordID": 4895,
        "Third_Party_Dependant_For_Conne": null,
        "Latitude": -26.01265018,
        "Longitude": 28.11248139
      }
    },
    {
      "attributes": {
        "Precincts": "Waterfall Office Park",
        "Quickbase_Status": "Planned",
        "QBRecordID": 4896,
        "Third_Party_Dependant_For_Conne": null,
        "Latitude": -26.01314309,
        "Longitude": 28.11243402
      }
    },
    {
      "attributes": {
        "Precincts": "Waterfall Office Park",
        "Quickbase_Status": "Planned",
        "QBRecordID": 4900,
        "Third_Party_Dependant_For_Conne": null,
        "Latitude": -26.01194103,
        "Longitude": 28.1129351
      }
    },
    {
      "attributes": {
        "Precincts": "Waterfall Office Park",
        "Quickbase_Status": "Planned",
        "QBRecordID": 4901,
        "Third_Party_Dependant_For_Conne": null,
        "Latitude": -26.01154773,
        "Longitude": 28.11349612
      }
    },
    {
      "attributes": {
        "Precincts": "Waterfall Office Park",
        "Quickbase_Status": "Planned",
        "QBRecordID": 5793,
        "Third_Party_Dependant_For_Conne": "Yes",
        "Latitude": -26.01339617,
        "Longitude": 28.11319434
      }
    },
    {
      "attributes": {
        "Precincts": "Route 21 Office Park",
        "Quickbase_Status": "Planned",
        "QBRecordID": 2086,
        "Third_Party_Dependant_For_Conne": null,
        "Latitude": -25.8627943,
        "Longitude": 28.25746459
      }
    },
    {
      "attributes": {
        "Precincts": "Riverview Office Park",
        "Quickbase_Status": "Planned",
        "QBRecordID": 2339,
        "Third_Party_Dependant_For_Conne": null,
        "Latitude": -26.00214219,
        "Longitude": 28.1204047
      }
    },
    {
      "attributes": {
        "Precincts": "Oak Avenue",
        "Quickbase_Status": "Planned",
        "QBRecordID": 582,
        "Third_Party_Dependant_For_Conne": null,
        "Latitude": -26.09475208,
        "Longitude": 28.00249929
      }
    },
    {
      "attributes": {
        "Precincts": "Sandton Phase 2",
        "Quickbase_Status": "Planned",
        "QBRecordID": 3914,
        "Third_Party_Dependant_For_Conne": null,
        "Latitude": -26.10205159,
        "Longitude": 28.05376612
      }
    },
    {
      "attributes": {
        "Precincts": "Ashley Gardens",
        "Quickbase_Status": "Planned",
        "QBRecordID": 2634,
        "Third_Party_Dependant_For_Conne": null,
        "Latitude": -25.78359032,
        "Longitude": 28.26579054
      }
    },
    {
      "attributes": {
        "Precincts": "Ashley Gardens",
        "Quickbase_Status": "Planned",
        "QBRecordID": 3431,
        "Third_Party_Dependant_For_Conne": null,
        "Latitude": -25.78424029,
        "Longitude": 28.26470111
      }
    },
    {
      "attributes": {
        "Precincts": "Route 21 Office Park",
        "Quickbase_Status": "Planned",
        "QBRecordID": 1992,
        "Third_Party_Dependant_For_Conne": null,
        "Latitude": -25.86073662,
        "Longitude": 28.25692154
      }
    },
    {
      "attributes": {
        "Precincts": "Centurion Gautrain Station",
        "Quickbase_Status": "Planned",
        "QBRecordID": 2286,
        "Third_Party_Dependant_For_Conne": null,
        "Latitude": -25.85171023,
        "Longitude": 28.18822122
      }
    },
    {
      "attributes": {
        "Precincts": "Centurion Gautrain Station",
        "Quickbase_Status": "Planned",
        "QBRecordID": 2285,
        "Third_Party_Dependant_For_Conne": null,
        "Latitude": -25.85104476,
        "Longitude": 28.1881665
      }
    },
    {
      "attributes": {
        "Precincts": "Rivonia North",
        "Quickbase_Status": "Planned",
        "QBRecordID": 425,
        "Third_Party_Dependant_For_Conne": null,
        "Latitude": -26.04043514,
        "Longitude": 28.05968215
      }
    },
    {
      "attributes": {
        "Precincts": "Sandton Phase 2",
        "Quickbase_Status": "Planned",
        "QBRecordID": 3913,
        "Third_Party_Dependant_For_Conne": null,
        "Latitude": -26.10523848,
        "Longitude": 28.05102919
      }
    },
    {
      "attributes": {
        "Precincts": "Arden Grove",
        "Quickbase_Status": "Planned",
        "QBRecordID": 3538,
        "Third_Party_Dependant_For_Conne": null,
        "Latitude": -33.86288778,
        "Longitude": 18.5135702
      }
    },
    {
      "attributes": {
        "Precincts": "Umhlanga (Phase 3)",
        "Quickbase_Status": "Planned",
        "QBRecordID": 2801,
        "Third_Party_Dependant_For_Conne": null,
        "Latitude": -29.74509009,
        "Longitude": 31.06797224
      }
    },
    {
      "attributes": {
        "Precincts": "Umhlanga (Phase 3)",
        "Quickbase_Status": "Planned",
        "QBRecordID": 2800,
        "Third_Party_Dependant_For_Conne": null,
        "Latitude": -29.74483625,
        "Longitude": 31.06788157
      }
    },
    {
      "attributes": {
        "Precincts": "Tygervalley",
        "Quickbase_Status": "Planned",
        "QBRecordID": 2580,
        "Third_Party_Dependant_For_Conne": null,
        "Latitude": -33.88235646,
        "Longitude": 18.63575988
      }
    },
    {
      "attributes": {
        "Precincts": "Tygervalley",
        "Quickbase_Status": "Planned",
        "QBRecordID": 2590,
        "Third_Party_Dependant_For_Conne": null,
        "Latitude": -33.88286597,
        "Longitude": 18.63569907
      }
    },
    {
      "attributes": {
        "Precincts": "Hatfield (Phase 3)",
        "Quickbase_Status": "Planned",
        "QBRecordID": 3475,
        "Third_Party_Dependant_For_Conne": null,
        "Latitude": -25.743055,
        "Longitude": 28.24229633
      }
    },
    {
      "attributes": {
        "Precincts": "Hatfield (Phase 3)",
        "Quickbase_Status": "Planned",
        "QBRecordID": 3474,
        "Third_Party_Dependant_For_Conne": null,
        "Latitude": -25.74310162,
        "Longitude": 28.24142555
      }
    },
    {
      "attributes": {
        "Precincts": "Sandton Phase 3",
        "Quickbase_Status": "Planned",
        "QBRecordID": 3897,
        "Third_Party_Dependant_For_Conne": null,
        "Latitude": -26.1021624,
        "Longitude": 28.06044259
      }
    },
    {
      "attributes": {
        "Precincts": "Sandton Phase 1",
        "Quickbase_Status": "Planned",
        "QBRecordID": 2906,
        "Third_Party_Dependant_For_Conne": null,
        "Latitude": -26.10028434,
        "Longitude": 28.05364447
      }
    },
    {
      "attributes": {
        "Precincts": "Sandton Phase 2",
        "Quickbase_Status": "Planned",
        "QBRecordID": 4167,
        "Third_Party_Dependant_For_Conne": null,
        "Latitude": -26.10470709,
        "Longitude": 28.05139876
      }
    },
    {
      "attributes": {
        "Precincts": "Waterfall Office Park",
        "Quickbase_Status": "Planned",
        "QBRecordID": 4898,
        "Third_Party_Dependant_For_Conne": null,
        "Latitude": -26.01221968,
        "Longitude": 28.11333178
      }
    },
    {
      "attributes": {
        "Precincts": "Waterfall Office Park",
        "Quickbase_Status": "Planned",
        "QBRecordID": 4899,
        "Third_Party_Dependant_For_Conne": null,
        "Latitude": -26.01204898,
        "Longitude": 28.11326259
      }
    },
    {
      "attributes": {
        "Precincts": "Waterfall Office Park",
        "Quickbase_Status": "Planned",
        "QBRecordID": 4915,
        "Third_Party_Dependant_For_Conne": null,
        "Latitude": -26.01056062,
        "Longitude": 28.11731077
      }
    },
    {
      "attributes": {
        "Precincts": "Waterfall Office Park",
        "Quickbase_Status": "Planned",
        "QBRecordID": 4917,
        "Third_Party_Dependant_For_Conne": null,
        "Latitude": -26.00836427,
        "Longitude": 28.11836506
      }
    },
    {
      "attributes": {
        "Precincts": "Sandton Phase 2",
        "Quickbase_Status": "Planned",
        "QBRecordID": 4046,
        "Third_Party_Dependant_For_Conne": null,
        "Latitude": -26.10565149,
        "Longitude": 28.05410497
      }
    },
    {
      "attributes": {
        "Precincts": "Sandton Phase 3",
        "Quickbase_Status": "Planned",
        "QBRecordID": 2989,
        "Third_Party_Dependant_For_Conne": null,
        "Latitude": -26.10433468,
        "Longitude": 28.05986677
      }
    },
    {
      "attributes": {
        "Precincts": "Sandton Phase 1",
        "Quickbase_Status": "Planned",
        "QBRecordID": 2896,
        "Third_Party_Dependant_For_Conne": null,
        "Latitude": -26.10231658,
        "Longitude": 28.05018579
      }
    },
    {
      "attributes": {
        "Precincts": "Umhlanga (Phase 3)",
        "Quickbase_Status": "Planned",
        "QBRecordID": 2808,
        "Third_Party_Dependant_For_Conne": null,
        "Latitude": -29.73772073,
        "Longitude": 31.07093905
      }
    },
    {
      "attributes": {
        "Precincts": "Witch-Hazel",
        "Quickbase_Status": "Planned",
        "QBRecordID": 3904,
        "Third_Party_Dependant_For_Conne": null,
        "Latitude": -25.87350695,
        "Longitude": 28.18034415
      }
    },
    {
      "attributes": {
        "Precincts": "Witch-Hazel",
        "Quickbase_Status": "Planned",
        "QBRecordID": 1270,
        "Third_Party_Dependant_For_Conne": null,
        "Latitude": -25.87329058,
        "Longitude": 28.18065561
      }
    },
    {
      "attributes": {
        "Precincts": "Witch-Hazel",
        "Quickbase_Status": "Planned",
        "QBRecordID": 1714,
        "Third_Party_Dependant_For_Conne": null,
        "Latitude": -25.87310238,
        "Longitude": 28.18105107
      }
    },
    {
      "attributes": {
        "Precincts": "Highveld Technopark",
        "Quickbase_Status": "Planned",
        "QBRecordID": 4540,
        "Third_Party_Dependant_For_Conne": null,
        "Latitude": -25.87899433,
        "Longitude": 28.18392351
      }
    },
    {
      "attributes": {
        "Precincts": "Highveld Technopark",
        "Quickbase_Status": "Planned",
        "QBRecordID": 4523,
        "Third_Party_Dependant_For_Conne": null,
        "Latitude": -25.87333215,
        "Longitude": 28.1907962
      }
    },
    {
      "attributes": {
        "Precincts": "Homestead",
        "Quickbase_Status": "Planned",
        "QBRecordID": 244,
        "Third_Party_Dependant_For_Conne": null,
        "Latitude": -26.04557967,
        "Longitude": 28.05640868
      }
    },
    {
      "attributes": {
        "Precincts": "Girton",
        "Quickbase_Status": "Planned",
        "QBRecordID": 802,
        "Third_Party_Dependant_For_Conne": null,
        "Latitude": -26.18304486,
        "Longitude": 28.03819259
      }
    },
    {
      "attributes": {
        "Precincts": "Brackengate Business Park",
        "Quickbase_Status": "Planned",
        "QBRecordID": 6628,
        "Third_Party_Dependant_For_Conne": null,
        "Latitude": -33.890303,
        "Longitude": 18.67982786
      }
    },
    {
      "attributes": {
        "Precincts": "Brackengate Business Park",
        "Quickbase_Status": "Planned",
        "QBRecordID": 6614,
        "Third_Party_Dependant_For_Conne": null,
        "Latitude": -33.8939671,
        "Longitude": 18.68258978
      }
    },
    {
      "attributes": {
        "Precincts": "Brackengate Business Park",
        "Quickbase_Status": "Planned",
        "QBRecordID": 6598,
        "Third_Party_Dependant_For_Conne": null,
        "Latitude": -33.89442973,
        "Longitude": 18.68222445
      }
    },
    {
      "attributes": {
        "Precincts": "Brackengate Business Park",
        "Quickbase_Status": "Planned",
        "QBRecordID": 6608,
        "Third_Party_Dependant_For_Conne": null,
        "Latitude": -33.89433673,
        "Longitude": 18.68194681
      }
    },
    {
      "attributes": {
        "Precincts": "Brackengate Business Park",
        "Quickbase_Status": "Planned",
        "QBRecordID": 6603,
        "Third_Party_Dependant_For_Conne": null,
        "Latitude": -33.89333703,
        "Longitude": 18.679423
      }
    },
    {
      "attributes": {
        "Precincts": "Brackengate Business Park",
        "Quickbase_Status": "Planned",
        "QBRecordID": 6605,
        "Third_Party_Dependant_For_Conne": null,
        "Latitude": -33.89224687,
        "Longitude": 18.67819588
      }
    },
    {
      "attributes": {
        "Precincts": "Brackengate Business Park",
        "Quickbase_Status": "Planned",
        "QBRecordID": 6621,
        "Third_Party_Dependant_For_Conne": null,
        "Latitude": -33.89255327,
        "Longitude": 18.68164496
      }
    },
    {
      "attributes": {
        "Precincts": "Brackengate Business Park",
        "Quickbase_Status": "Planned",
        "QBRecordID": 6618,
        "Third_Party_Dependant_For_Conne": null,
        "Latitude": -33.89299138,
        "Longitude": 18.68027175
      }
    },
    {
      "attributes": {
        "Precincts": "Brackengate Business Park",
        "Quickbase_Status": "Planned",
        "QBRecordID": 6616,
        "Third_Party_Dependant_For_Conne": null,
        "Latitude": -33.89281907,
        "Longitude": 18.68082207
      }
    },
    {
      "attributes": {
        "Precincts": "Brackengate Business Park",
        "Quickbase_Status": "Planned",
        "QBRecordID": 7830,
        "Third_Party_Dependant_For_Conne": null,
        "Latitude": -33.89215229,
        "Longitude": 18.68198531
      }
    },
    {
      "attributes": {
        "Precincts": "Brackengate Business Park",
        "Quickbase_Status": "Planned",
        "QBRecordID": 6632,
        "Third_Party_Dependant_For_Conne": null,
        "Latitude": -33.89128194,
        "Longitude": 18.68076727
      }
    },
    {
      "attributes": {
        "Precincts": "Brackengate Business Park",
        "Quickbase_Status": "Planned",
        "QBRecordID": 6620,
        "Third_Party_Dependant_For_Conne": null,
        "Latitude": -33.89273937,
        "Longitude": 18.68218998
      }
    },
    {
      "attributes": {
        "Precincts": "Brackengate Business Park",
        "Quickbase_Status": "Planned",
        "QBRecordID": 7831,
        "Third_Party_Dependant_For_Conne": null,
        "Latitude": -33.88839519,
        "Longitude": 18.68027565
      }
    },
    {
      "attributes": {
        "Precincts": "Flanders Drive",
        "Quickbase_Status": "Planned",
        "QBRecordID": 7141,
        "Third_Party_Dependant_For_Conne": null,
        "Latitude": -29.71070829,
        "Longitude": 31.05163035
      }
    },
    {
      "attributes": {
        "Precincts": "Flanders Drive",
        "Quickbase_Status": "Planned",
        "QBRecordID": 9412,
        "Third_Party_Dependant_For_Conne": null,
        "Latitude": -29.7147227,
        "Longitude": 31.05264852
      }
    },
    {
      "attributes": {
        "Precincts": "Flanders Drive",
        "Quickbase_Status": "Planned",
        "QBRecordID": 9413,
        "Third_Party_Dependant_For_Conne": null,
        "Latitude": -29.71542187,
        "Longitude": 31.05347623
      }
    },
    {
      "attributes": {
        "Precincts": "Flanders Drive",
        "Quickbase_Status": "Planned",
        "QBRecordID": 9415,
        "Third_Party_Dependant_For_Conne": null,
        "Latitude": -29.71589307,
        "Longitude": 31.0537544
      }
    },
    {
      "attributes": {
        "Precincts": "Flanders Drive",
        "Quickbase_Status": "Planned",
        "QBRecordID": 7133,
        "Third_Party_Dependant_For_Conne": null,
        "Latitude": -29.71832451,
        "Longitude": 31.05509162
      }
    },
    {
      "attributes": {
        "Precincts": "Island Circle",
        "Quickbase_Status": "Planned",
        "QBRecordID": 7191,
        "Third_Party_Dependant_For_Conne": null,
        "Latitude": -29.76797268,
        "Longitude": 31.00405718
      }
    },
    {
      "attributes": {
        "Precincts": "Island Circle",
        "Quickbase_Status": "Planned",
        "QBRecordID": 7192,
        "Third_Party_Dependant_For_Conne": null,
        "Latitude": -29.76748575,
        "Longitude": 31.0044418
      }
    },
    {
      "attributes": {
        "Precincts": "Island Circle",
        "Quickbase_Status": "Planned",
        "QBRecordID": 7194,
        "Third_Party_Dependant_For_Conne": null,
        "Latitude": -29.76727011,
        "Longitude": 31.00475784
      }
    },
    {
      "attributes": {
        "Precincts": "Island Circle",
        "Quickbase_Status": "Planned",
        "QBRecordID": 7202,
        "Third_Party_Dependant_For_Conne": null,
        "Latitude": -29.76735685,
        "Longitude": 31.00672529
      }
    },
    {
      "attributes": {
        "Precincts": "Island Circle",
        "Quickbase_Status": "Planned",
        "QBRecordID": 7205,
        "Third_Party_Dependant_For_Conne": null,
        "Latitude": -29.7681639,
        "Longitude": 31.00650271
      }
    },
    {
      "attributes": {
        "Precincts": "Island Circle",
        "Quickbase_Status": "Planned",
        "QBRecordID": 7206,
        "Third_Party_Dependant_For_Conne": null,
        "Latitude": -29.76841436,
        "Longitude": 31.00595686
      }
    },
    {
      "attributes": {
        "Precincts": "Island Circle",
        "Quickbase_Status": "Planned",
        "QBRecordID": 7208,
        "Third_Party_Dependant_For_Conne": null,
        "Latitude": -29.76863903,
        "Longitude": 31.0050664
      }
    },
    {
      "attributes": {
        "Precincts": "Island Circle",
        "Quickbase_Status": "Planned",
        "QBRecordID": 7209,
        "Third_Party_Dependant_For_Conne": null,
        "Latitude": -29.76879866,
        "Longitude": 31.00469608
      }
    },
    {
      "attributes": {
        "Precincts": "Island Circle",
        "Quickbase_Status": "Planned",
        "QBRecordID": 7190,
        "Third_Party_Dependant_For_Conne": null,
        "Latitude": -29.76784175,
        "Longitude": 31.00527104
      }
    },
    {
      "attributes": {
        "Precincts": "Umhlanga (Phase 3)",
        "Quickbase_Status": "Planned",
        "QBRecordID": 8141,
        "Third_Party_Dependant_For_Conne": null,
        "Latitude": -29.75547416,
        "Longitude": 31.06548912
      }
    },
    {
      "attributes": {
        "Precincts": "Umhlanga (Phase 3)",
        "Quickbase_Status": "Planned",
        "QBRecordID": 8140,
        "Third_Party_Dependant_For_Conne": null,
        "Latitude": -29.75449025,
        "Longitude": 31.06564341
      }
    },
    {
      "attributes": {
        "Precincts": "Meridian Drive",
        "Quickbase_Status": "Planned",
        "QBRecordID": 7540,
        "Third_Party_Dependant_For_Conne": null,
        "Latitude": -29.72955144,
        "Longitude": 31.06842981
      }
    },
    {
      "attributes": {
        "Precincts": "Meridian Drive",
        "Quickbase_Status": "Planned",
        "QBRecordID": 9424,
        "Third_Party_Dependant_For_Conne": null,
        "Latitude": -29.71818677,
        "Longitude": 31.0664246
      }
    },
    {
      "attributes": {
        "Precincts": "Meridian Drive",
        "Quickbase_Status": "Planned",
        "QBRecordID": 7463,
        "Third_Party_Dependant_For_Conne": null,
        "Latitude": -29.71790691,
        "Longitude": 31.06581856
      }
    },
    {
      "attributes": {
        "Precincts": "Meridian Drive",
        "Quickbase_Status": "Planned",
        "QBRecordID": 7455,
        "Third_Party_Dependant_For_Conne": null,
        "Latitude": -29.71896036,
        "Longitude": 31.06451768
      }
    },
    {
      "attributes": {
        "Precincts": "Meridian Drive",
        "Quickbase_Status": "Planned",
        "QBRecordID": 7486,
        "Third_Party_Dependant_For_Conne": null,
        "Latitude": -29.7216236,
        "Longitude": 31.06308972
      }
    },
    {
      "attributes": {
        "Precincts": "Meridian Drive",
        "Quickbase_Status": "Planned",
        "QBRecordID": 7485,
        "Third_Party_Dependant_For_Conne": null,
        "Latitude": -29.72156979,
        "Longitude": 31.062788
      }
    },
    {
      "attributes": {
        "Precincts": "Meridian Drive",
        "Quickbase_Status": "Planned",
        "QBRecordID": 7445,
        "Third_Party_Dependant_For_Conne": null,
        "Latitude": -29.72103941,
        "Longitude": 31.06283781
      }
    },
    {
      "attributes": {
        "Precincts": "Meridian Drive",
        "Quickbase_Status": "Planned",
        "QBRecordID": 7462,
        "Third_Party_Dependant_For_Conne": null,
        "Latitude": -29.72085756,
        "Longitude": 31.06259386
      }
    },
    {
      "attributes": {
        "Precincts": "Meridian Drive",
        "Quickbase_Status": "Planned",
        "QBRecordID": 7438,
        "Third_Party_Dependant_For_Conne": null,
        "Latitude": -29.72317225,
        "Longitude": 31.06213442
      }
    },
    {
      "attributes": {
        "Precincts": "Meridian Drive",
        "Quickbase_Status": "Planned",
        "QBRecordID": 7439,
        "Third_Party_Dependant_For_Conne": null,
        "Latitude": -29.72367252,
        "Longitude": 31.06268733
      }
    },
    {
      "attributes": {
        "Precincts": "Meridian Drive",
        "Quickbase_Status": "Planned",
        "QBRecordID": 7527,
        "Third_Party_Dependant_For_Conne": null,
        "Latitude": -29.72581447,
        "Longitude": 31.06843269
      }
    },
    {
      "attributes": {
        "Precincts": "Umhlanga (Phase 3)",
        "Quickbase_Status": "Planned",
        "QBRecordID": 8139,
        "Third_Party_Dependant_For_Conne": null,
        "Latitude": -29.75484218,
        "Longitude": 31.06335657
      }
    },
    {
      "attributes": {
        "Precincts": "Homestead",
        "Quickbase_Status": "Planned",
        "QBRecordID": 243,
        "Third_Party_Dependant_For_Conne": null,
        "Latitude": -26.04658765,
        "Longitude": 28.05614831
      }
    },
    {
      "attributes": {
        "Precincts": "TechnoPark",
        "Quickbase_Status": "Planned",
        "QBRecordID": 751,
        "Third_Party_Dependant_For_Conne": null,
        "Latitude": -33.96617982,
        "Longitude": 18.83813552
      }
    },
    {
      "attributes": {
        "Precincts": "Scott Street",
        "Quickbase_Status": "Planned",
        "QBRecordID": 1781,
        "Third_Party_Dependant_For_Conne": null,
        "Latitude": -26.12968008,
        "Longitude": 28.07264492
      }
    },
    {
      "attributes": {
        "Precincts": "Logan Ave",
        "Quickbase_Status": "Planned",
        "QBRecordID": 6070,
        "Third_Party_Dependant_For_Conne": null,
        "Latitude": -25.87597989,
        "Longitude": 28.19773092
      }
    },
    {
      "attributes": {
        "Precincts": "Logan Ave",
        "Quickbase_Status": "Planned",
        "QBRecordID": 6080,
        "Third_Party_Dependant_For_Conne": null,
        "Latitude": -25.87833011,
        "Longitude": 28.1986342
      }
    },
    {
      "attributes": {
        "Precincts": "Logan Ave",
        "Quickbase_Status": "Planned",
        "QBRecordID": 6081,
        "Third_Party_Dependant_For_Conne": null,
        "Latitude": -25.87846015,
        "Longitude": 28.19967096
      }
    },
    {
      "attributes": {
        "Precincts": "Samrand Business Park",
        "Quickbase_Status": "Planned",
        "QBRecordID": 6209,
        "Third_Party_Dependant_For_Conne": null,
        "Latitude": -25.92776686,
        "Longitude": 28.13901703
      }
    },
    {
      "attributes": {
        "Precincts": "Samrand Business Park",
        "Quickbase_Status": "Planned",
        "QBRecordID": 6221,
        "Third_Party_Dependant_For_Conne": null,
        "Latitude": -25.93230452,
        "Longitude": 28.14184003
      }
    },
    {
      "attributes": {
        "Precincts": "Samrand Business Park",
        "Quickbase_Status": "Planned",
        "QBRecordID": 6219,
        "Third_Party_Dependant_For_Conne": null,
        "Latitude": -25.93117697,
        "Longitude": 28.14261598
      }
    },
    {
      "attributes": {
        "Precincts": "Samrand Business Park",
        "Quickbase_Status": "Planned",
        "QBRecordID": 6220,
        "Third_Party_Dependant_For_Conne": null,
        "Latitude": -25.93095603,
        "Longitude": 28.14201382
      }
    },
    {
      "attributes": {
        "Precincts": "Samrand Business Park",
        "Quickbase_Status": "Planned",
        "QBRecordID": 6218,
        "Third_Party_Dependant_For_Conne": null,
        "Latitude": -25.93041379,
        "Longitude": 28.14269151
      }
    },
    {
      "attributes": {
        "Precincts": "Samrand Business Park",
        "Quickbase_Status": "Planned",
        "QBRecordID": 6224,
        "Third_Party_Dependant_For_Conne": null,
        "Latitude": -25.93157881,
        "Longitude": 28.13803858
      }
    },
    {
      "attributes": {
        "Precincts": "Brooklyn",
        "Quickbase_Status": "Planned",
        "QBRecordID": 7220,
        "Third_Party_Dependant_For_Conne": null,
        "Latitude": -25.77191353,
        "Longitude": 28.23639048
      }
    },
    {
      "attributes": {
        "Precincts": "Brooklyn",
        "Quickbase_Status": "Planned",
        "QBRecordID": 7227,
        "Third_Party_Dependant_For_Conne": null,
        "Latitude": -25.76961589,
        "Longitude": 28.23564443
      }
    },
    {
      "attributes": {
        "Precincts": "Brooklyn",
        "Quickbase_Status": "Planned",
        "QBRecordID": 7228,
        "Third_Party_Dependant_For_Conne": null,
        "Latitude": -25.76930846,
        "Longitude": 28.23583674
      }
    },
    {
      "attributes": {
        "Precincts": "Centurion CBD 1",
        "Quickbase_Status": "Planned",
        "QBRecordID": 6312,
        "Third_Party_Dependant_For_Conne": null,
        "Latitude": -25.8627831,
        "Longitude": 28.18693062
      }
    },
    {
      "attributes": {
        "Precincts": "Centurion CBD 1",
        "Quickbase_Status": "Planned",
        "QBRecordID": 6324,
        "Third_Party_Dependant_For_Conne": null,
        "Latitude": -25.86224831,
        "Longitude": 28.1865757
      }
    },
    {
      "attributes": {
        "Precincts": "Centurion CBD 2",
        "Quickbase_Status": "Planned",
        "QBRecordID": null,
        "Third_Party_Dependant_For_Conne": null,
        "Latitude": -25.86088823,
        "Longitude": 28.18849227
      }
    },
    {
      "attributes": {
        "Precincts": "Centurion CBD 2",
        "Quickbase_Status": "Planned",
        "QBRecordID": 6378,
        "Third_Party_Dependant_For_Conne": null,
        "Latitude": -25.86063013,
        "Longitude": 28.18777353
      }
    },
    {
      "attributes": {
        "Precincts": "Centurion CBD 2",
        "Quickbase_Status": "Planned",
        "QBRecordID": 6375,
        "Third_Party_Dependant_For_Conne": null,
        "Latitude": -25.8604824,
        "Longitude": 28.1880903
      }
    },
    {
      "attributes": {
        "Precincts": "Centurion CBD 1",
        "Quickbase_Status": "Planned",
        "QBRecordID": 6326,
        "Third_Party_Dependant_For_Conne": null,
        "Latitude": -25.86191912,
        "Longitude": 28.18857565
      }
    },
    {
      "attributes": {
        "Precincts": "Centurion CBD 1",
        "Quickbase_Status": "Planned",
        "QBRecordID": 6331,
        "Third_Party_Dependant_For_Conne": null,
        "Latitude": -25.8630368,
        "Longitude": 28.18742006
      }
    },
    {
      "attributes": {
        "Precincts": "Centurion CBD 1",
        "Quickbase_Status": "Planned",
        "QBRecordID": 6330,
        "Third_Party_Dependant_For_Conne": null,
        "Latitude": -25.86294184,
        "Longitude": 28.18792275
      }
    },
    {
      "attributes": {
        "Precincts": "Centurion CBD 1",
        "Quickbase_Status": "Planned",
        "QBRecordID": 6332,
        "Third_Party_Dependant_For_Conne": null,
        "Latitude": -25.86325538,
        "Longitude": 28.18793493
      }
    },
    {
      "attributes": {
        "Precincts": "Centurion CBD 1",
        "Quickbase_Status": "Planned",
        "QBRecordID": 6333,
        "Third_Party_Dependant_For_Conne": null,
        "Latitude": -25.86331064,
        "Longitude": 28.1881674
      }
    },
    {
      "attributes": {
        "Precincts": "Centurion CBD 1",
        "Quickbase_Status": "Planned",
        "QBRecordID": 6341,
        "Third_Party_Dependant_For_Conne": null,
        "Latitude": -25.86303673,
        "Longitude": 28.18918631
      }
    },
    {
      "attributes": {
        "Precincts": "Centurion CBD 1",
        "Quickbase_Status": "Planned",
        "QBRecordID": 6344,
        "Third_Party_Dependant_For_Conne": null,
        "Latitude": -25.8628481,
        "Longitude": 28.18973171
      }
    },
    {
      "attributes": {
        "Precincts": "Centurion CBD 1",
        "Quickbase_Status": "Planned",
        "QBRecordID": 6347,
        "Third_Party_Dependant_For_Conne": null,
        "Latitude": -25.86245774,
        "Longitude": 28.18882818
      }
    },
    {
      "attributes": {
        "Precincts": "Centurion CBD 2",
        "Quickbase_Status": "Planned",
        "QBRecordID": 6356,
        "Third_Party_Dependant_For_Conne": null,
        "Latitude": -25.86093293,
        "Longitude": 28.18941453
      }
    },
    {
      "attributes": {
        "Precincts": "Centurion CBD 2",
        "Quickbase_Status": "Planned",
        "QBRecordID": 6364,
        "Third_Party_Dependant_For_Conne": null,
        "Latitude": -25.86179175,
        "Longitude": 28.19098693
      }
    },
    {
      "attributes": {
        "Precincts": "Centurion CBD 2",
        "Quickbase_Status": "Planned",
        "QBRecordID": 6369,
        "Third_Party_Dependant_For_Conne": null,
        "Latitude": -25.86318798,
        "Longitude": 28.19063917
      }
    },
    {
      "attributes": {
        "Precincts": "Centurion CBD 2",
        "Quickbase_Status": "Planned",
        "QBRecordID": 6370,
        "Third_Party_Dependant_For_Conne": null,
        "Latitude": -25.86330017,
        "Longitude": 28.19095235
      }
    },
    {
      "attributes": {
        "Precincts": "Centurion CBD 2",
        "Quickbase_Status": "Planned",
        "QBRecordID": 6374,
        "Third_Party_Dependant_For_Conne": null,
        "Latitude": -25.86352598,
        "Longitude": 28.19034627
      }
    },
    {
      "attributes": {
        "Precincts": "Centurion CBD 2",
        "Quickbase_Status": "Planned",
        "QBRecordID": 6371,
        "Third_Party_Dependant_For_Conne": null,
        "Latitude": -25.86387189,
        "Longitude": 28.19027743
      }
    },
    {
      "attributes": {
        "Precincts": "Centurion CBD 1",
        "Quickbase_Status": "Planned",
        "QBRecordID": 6342,
        "Third_Party_Dependant_For_Conne": null,
        "Latitude": -25.86288036,
        "Longitude": 28.18891159
      }
    },
    {
      "attributes": {
        "Precincts": "Centurion CBD 1",
        "Quickbase_Status": "Planned",
        "QBRecordID": 6325,
        "Third_Party_Dependant_For_Conne": null,
        "Latitude": -25.86213132,
        "Longitude": 28.18831887
      }
    },
    {
      "attributes": {
        "Precincts": "Hatfield (Phase 3)",
        "Quickbase_Status": "Planned",
        "QBRecordID": 2932,
        "Third_Party_Dependant_For_Conne": null,
        "Latitude": -25.74451559,
        "Longitude": 28.24166628
      }
    },
    {
      "attributes": {
        "Precincts": "Peter Place",
        "Quickbase_Status": "Planned",
        "QBRecordID": 2849,
        "Third_Party_Dependant_For_Conne": null,
        "Latitude": -26.08148995,
        "Longitude": 28.01952029
      }
    },
    {
      "attributes": {
        "Precincts": "Ingersol",
        "Quickbase_Status": "Planned",
        "QBRecordID": 3883,
        "Third_Party_Dependant_For_Conne": null,
        "Latitude": -25.77705897,
        "Longitude": 28.27434593
      }
    },
    {
      "attributes": {
        "Precincts": "James Crescent",
        "Quickbase_Status": "Planned",
        "QBRecordID": 2152,
        "Third_Party_Dependant_For_Conne": null,
        "Latitude": -26.00757621,
        "Longitude": 28.12576594
      }
    },
    {
      "attributes": {
        "Precincts": "Rivonia North",
        "Quickbase_Status": "Planned",
        "QBRecordID": 3935,
        "Third_Party_Dependant_For_Conne": null,
        "Latitude": -26.03998641,
        "Longitude": 28.06126976
      }
    },
    {
      "attributes": {
        "Precincts": "CPT CBD Phase 03",
        "Quickbase_Status": "Planned",
        "QBRecordID": 3120,
        "Third_Party_Dependant_For_Conne": null,
        "Latitude": -33.92392715,
        "Longitude": 18.41416068
      }
    },
    {
      "attributes": {
        "Precincts": "CPT CBD Phase 03",
        "Quickbase_Status": "Planned",
        "QBRecordID": 3126,
        "Third_Party_Dependant_For_Conne": null,
        "Latitude": -33.92402728,
        "Longitude": 18.41453542
      }
    },
    {
      "attributes": {
        "Precincts": "CPT CBD Phase 03",
        "Quickbase_Status": "Planned",
        "QBRecordID": 3141,
        "Third_Party_Dependant_For_Conne": null,
        "Latitude": -33.92559903,
        "Longitude": 18.41542683
      }
    },
    {
      "attributes": {
        "Precincts": "CPT CBD Phase 03",
        "Quickbase_Status": "Planned",
        "QBRecordID": 3142,
        "Third_Party_Dependant_For_Conne": null,
        "Latitude": -33.92563875,
        "Longitude": 18.41522344
      }
    },
    {
      "attributes": {
        "Precincts": "CPT CBD Phase 03",
        "Quickbase_Status": "Planned",
        "QBRecordID": 3143,
        "Third_Party_Dependant_For_Conne": null,
        "Latitude": -33.9257749,
        "Longitude": 18.41527346
      }
    },
    {
      "attributes": {
        "Precincts": "CPT CBD Phase 03",
        "Quickbase_Status": "Planned",
        "QBRecordID": 3144,
        "Third_Party_Dependant_For_Conne": null,
        "Latitude": -33.92586659,
        "Longitude": 18.41518631
      }
    },
    {
      "attributes": {
        "Precincts": "CPT CBD Phase 03",
        "Quickbase_Status": "Planned",
        "QBRecordID": 3145,
        "Third_Party_Dependant_For_Conne": null,
        "Latitude": -33.92596689,
        "Longitude": 18.41507901
      }
    },
    {
      "attributes": {
        "Precincts": "CPT CBD Phase 03",
        "Quickbase_Status": "Planned",
        "QBRecordID": 3150,
        "Third_Party_Dependant_For_Conne": null,
        "Latitude": -33.92658181,
        "Longitude": 18.41600348
      }
    },
    {
      "attributes": {
        "Precincts": "CPT CBD Phase 03",
        "Quickbase_Status": "Planned",
        "QBRecordID": 3158,
        "Third_Party_Dependant_For_Conne": null,
        "Latitude": -33.92620165,
        "Longitude": 18.41527888
      }
    },
    {
      "attributes": {
        "Precincts": "CPT CBD Phase 03",
        "Quickbase_Status": "Planned",
        "QBRecordID": 3155,
        "Third_Party_Dependant_For_Conne": null,
        "Latitude": -33.92646245,
        "Longitude": 18.41560472
      }
    },
    {
      "attributes": {
        "Precincts": "CPT CBD Phase 03",
        "Quickbase_Status": "Planned",
        "QBRecordID": 3156,
        "Third_Party_Dependant_For_Conne": null,
        "Latitude": -33.92634437,
        "Longitude": 18.41545979
      }
    },
    {
      "attributes": {
        "Precincts": "CPT CBD Phase 04",
        "Quickbase_Status": "Planned",
        "QBRecordID": 3813,
        "Third_Party_Dependant_For_Conne": null,
        "Latitude": -33.92279228,
        "Longitude": 18.42084512
      }
    },
    {
      "attributes": {
        "Precincts": "CPT CBD Phase 04",
        "Quickbase_Status": "Planned",
        "QBRecordID": 3414,
        "Third_Party_Dependant_For_Conne": null,
        "Latitude": -33.92289973,
        "Longitude": 18.42061916
      }
    },
    {
      "attributes": {
        "Precincts": "CPT CBD Phase 03",
        "Quickbase_Status": "Planned",
        "QBRecordID": 3119,
        "Third_Party_Dependant_For_Conne": null,
        "Latitude": -33.9235198,
        "Longitude": 18.41491089
      }
    },
    {
      "attributes": {
        "Precincts": "CPT CBD Phase 04",
        "Quickbase_Status": "Planned",
        "QBRecordID": 3847,
        "Third_Party_Dependant_For_Conne": null,
        "Latitude": -33.92225051,
        "Longitude": 18.42210352
      }
    },
    {
      "attributes": {
        "Precincts": "CPT CBD Phase 04",
        "Quickbase_Status": "Planned",
        "QBRecordID": 3850,
        "Third_Party_Dependant_For_Conne": null,
        "Latitude": -33.92274199,
        "Longitude": 18.42206718
      }
    },
    {
      "attributes": {
        "Precincts": "CPT CBD Phase 04",
        "Quickbase_Status": "Planned",
        "QBRecordID": 3861,
        "Third_Party_Dependant_For_Conne": null,
        "Latitude": -33.92317243,
        "Longitude": 18.42141223
      }
    },
    {
      "attributes": {
        "Precincts": "CPT CBD Phase 04",
        "Quickbase_Status": "Planned",
        "QBRecordID": 3854,
        "Third_Party_Dependant_For_Conne": null,
        "Latitude": -33.92215872,
        "Longitude": 18.42084911
      }
    },
    {
      "attributes": {
        "Precincts": "CPT CBD Phase 04",
        "Quickbase_Status": "Planned",
        "QBRecordID": 3853,
        "Third_Party_Dependant_For_Conne": null,
        "Latitude": -33.92220408,
        "Longitude": 18.42096439
      }
    },
    {
      "attributes": {
        "Precincts": "CPT CBD Phase 04",
        "Quickbase_Status": "Planned",
        "QBRecordID": 3412,
        "Third_Party_Dependant_For_Conne": null,
        "Latitude": -33.92296972,
        "Longitude": 18.42117813
      }
    },
    {
      "attributes": {
        "Precincts": "CPT CBD Phase 04",
        "Quickbase_Status": "Planned",
        "QBRecordID": 3862,
        "Third_Party_Dependant_For_Conne": null,
        "Latitude": -33.92305515,
        "Longitude": 18.42124607
      }
    },
    {
      "attributes": {
        "Precincts": "CPT CBD Phase 04",
        "Quickbase_Status": "Planned",
        "QBRecordID": 3864,
        "Third_Party_Dependant_For_Conne": null,
        "Latitude": -33.92324289,
        "Longitude": 18.42104003
      }
    },
    {
      "attributes": {
        "Precincts": "CPT CBD Phase 04",
        "Quickbase_Status": "Planned",
        "QBRecordID": 3865,
        "Third_Party_Dependant_For_Conne": null,
        "Latitude": -33.92345736,
        "Longitude": 18.42124777
      }
    },
    {
      "attributes": {
        "Precincts": "CPT CBD Phase 04",
        "Quickbase_Status": "Planned",
        "QBRecordID": 3869,
        "Third_Party_Dependant_For_Conne": null,
        "Latitude": -33.92418265,
        "Longitude": 18.42017614
      }
    },
    {
      "attributes": {
        "Precincts": "CPT CBD Phase 04",
        "Quickbase_Status": "Planned",
        "QBRecordID": 3416,
        "Third_Party_Dependant_For_Conne": null,
        "Latitude": -33.92367667,
        "Longitude": 18.42051723
      }
    },
    {
      "attributes": {
        "Precincts": "CPT CBD Phase 03",
        "Quickbase_Status": "Planned",
        "QBRecordID": 3841,
        "Third_Party_Dependant_For_Conne": null,
        "Latitude": -33.92482378,
        "Longitude": 18.41366048
      }
    },
    {
      "attributes": {
        "Precincts": "CPT CBD Phase 06",
        "Quickbase_Status": "Planned",
        "QBRecordID": 3215,
        "Third_Party_Dependant_For_Conne": null,
        "Latitude": -33.91941636,
        "Longitude": 18.42301059
      }
    },
    {
      "attributes": {
        "Precincts": "CPT CBD Phase 06",
        "Quickbase_Status": "Planned",
        "QBRecordID": 3220,
        "Third_Party_Dependant_For_Conne": null,
        "Latitude": -33.92015226,
        "Longitude": 18.42249062
      }
    },
    {
      "attributes": {
        "Precincts": "CPT CBD Phase 06",
        "Quickbase_Status": "Planned",
        "QBRecordID": 3219,
        "Third_Party_Dependant_For_Conne": null,
        "Latitude": -33.9199374,
        "Longitude": 18.42271192
      }
    },
    {
      "attributes": {
        "Precincts": "CPT CBD Phase 06",
        "Quickbase_Status": "Planned",
        "QBRecordID": 3223,
        "Third_Party_Dependant_For_Conne": null,
        "Latitude": -33.9207833,
        "Longitude": 18.42385973
      }
    },
    {
      "attributes": {
        "Precincts": "CPT CBD Phase 06",
        "Quickbase_Status": "Planned",
        "QBRecordID": 3228,
        "Third_Party_Dependant_For_Conne": null,
        "Latitude": -33.92099638,
        "Longitude": 18.42273912
      }
    },
    {
      "attributes": {
        "Precincts": "CPT CBD Phase 06",
        "Quickbase_Status": "Planned",
        "QBRecordID": 3229,
        "Third_Party_Dependant_For_Conne": null,
        "Latitude": -33.92107857,
        "Longitude": 18.42275054
      }
    },
    {
      "attributes": {
        "Precincts": "CPT CBD Phase 06",
        "Quickbase_Status": "Planned",
        "QBRecordID": 3410,
        "Third_Party_Dependant_For_Conne": null,
        "Latitude": -33.92117158,
        "Longitude": 18.42266907
      }
    },
    {
      "attributes": {
        "Precincts": "CPT CBD Phase 14",
        "Quickbase_Status": "Planned",
        "QBRecordID": 3746,
        "Third_Party_Dependant_For_Conne": null,
        "Latitude": -33.92536942,
        "Longitude": 18.4237409
      }
    },
    {
      "attributes": {
        "Precincts": "CPT CBD Phase 14",
        "Quickbase_Status": "Planned",
        "QBRecordID": 3747,
        "Third_Party_Dependant_For_Conne": null,
        "Latitude": -33.92595368,
        "Longitude": 18.4245935
      }
    },
    {
      "attributes": {
        "Precincts": "CPT CBD Phase 14",
        "Quickbase_Status": "Planned",
        "QBRecordID": 3839,
        "Third_Party_Dependant_For_Conne": null,
        "Latitude": -33.92584955,
        "Longitude": 18.42325872
      }
    },
    {
      "attributes": {
        "Precincts": "CPT CBD Phase 14",
        "Quickbase_Status": "Planned",
        "QBRecordID": 3751,
        "Third_Party_Dependant_For_Conne": null,
        "Latitude": -33.92692694,
        "Longitude": 18.4249645
      }
    },
    {
      "attributes": {
        "Precincts": "CPT CBD Phase 14",
        "Quickbase_Status": "Planned",
        "QBRecordID": 3753,
        "Third_Party_Dependant_For_Conne": null,
        "Latitude": -33.9273128,
        "Longitude": 18.42480314
      }
    },
    {
      "attributes": {
        "Precincts": "CPT CBD Phase 14",
        "Quickbase_Status": "Planned",
        "QBRecordID": 3762,
        "Third_Party_Dependant_For_Conne": null,
        "Latitude": -33.92593171,
        "Longitude": 18.42118014
      }
    },
    {
      "attributes": {
        "Precincts": "CPT CBD Phase 14",
        "Quickbase_Status": "Planned",
        "QBRecordID": 3765,
        "Third_Party_Dependant_For_Conne": null,
        "Latitude": -33.92595951,
        "Longitude": 18.42169475
      }
    },
    {
      "attributes": {
        "Precincts": "CPT CBD Phase 14",
        "Quickbase_Status": "Planned",
        "QBRecordID": 3772,
        "Third_Party_Dependant_For_Conne": null,
        "Latitude": -33.92597604,
        "Longitude": 18.42159088
      }
    },
    {
      "attributes": {
        "Precincts": "CPT CBD Phase 14",
        "Quickbase_Status": "Planned",
        "QBRecordID": 3771,
        "Third_Party_Dependant_For_Conne": null,
        "Latitude": -33.92610644,
        "Longitude": 18.42157451
      }
    },
    {
      "attributes": {
        "Precincts": "CPT CBD Phase 14",
        "Quickbase_Status": "Planned",
        "QBRecordID": 3770,
        "Third_Party_Dependant_For_Conne": null,
        "Latitude": -33.92643028,
        "Longitude": 18.42107717
      }
    },
    {
      "attributes": {
        "Precincts": "CPT CBD Phase 14",
        "Quickbase_Status": "Planned",
        "QBRecordID": 3768,
        "Third_Party_Dependant_For_Conne": null,
        "Latitude": -33.92658424,
        "Longitude": 18.42126666
      }
    },
    {
      "attributes": {
        "Precincts": "CPT CBD Phase 14",
        "Quickbase_Status": "Planned",
        "QBRecordID": 3775,
        "Third_Party_Dependant_For_Conne": null,
        "Latitude": -33.92641097,
        "Longitude": 18.42317106
      }
    },
    {
      "attributes": {
        "Precincts": "CPT CBD Phase 14",
        "Quickbase_Status": "Planned",
        "QBRecordID": 3773,
        "Third_Party_Dependant_For_Conne": null,
        "Latitude": -33.9260822,
        "Longitude": 18.42255202
      }
    },
    {
      "attributes": {
        "Precincts": "CPT CBD Phase 14",
        "Quickbase_Status": "Planned",
        "QBRecordID": 3776,
        "Third_Party_Dependant_For_Conne": null,
        "Latitude": -33.92628625,
        "Longitude": 18.42232396
      }
    },
    {
      "attributes": {
        "Precincts": "CPT CBD Phase 14",
        "Quickbase_Status": "Planned",
        "QBRecordID": 3774,
        "Third_Party_Dependant_For_Conne": null,
        "Latitude": -33.92644455,
        "Longitude": 18.42278307
      }
    },
    {
      "attributes": {
        "Precincts": "CPT CBD Phase 13",
        "Quickbase_Status": "Planned",
        "QBRecordID": 10519,
        "Third_Party_Dependant_For_Conne": null,
        "Latitude": -33.92175674,
        "Longitude": 18.42007172
      }
    },
    {
      "attributes": {
        "Precincts": "CPT CBD Phase 10",
        "Quickbase_Status": "Planned",
        "QBRecordID": 10258,
        "Third_Party_Dependant_For_Conne": null,
        "Latitude": -33.92495093,
        "Longitude": 18.42217365
      }
    },
    {
      "attributes": {
        "Precincts": "Lagoon Drive",
        "Quickbase_Status": "Planned",
        "QBRecordID": 7626,
        "Third_Party_Dependant_For_Conne": null,
        "Latitude": -29.72704207,
        "Longitude": 31.08295459
      }
    },
    {
      "attributes": {
        "Precincts": "Lagoon Drive",
        "Quickbase_Status": "Planned",
        "QBRecordID": 7607,
        "Third_Party_Dependant_For_Conne": null,
        "Latitude": -29.72069415,
        "Longitude": 31.08985573
      }
    },
    {
      "attributes": {
        "Precincts": "Lagoon Drive",
        "Quickbase_Status": "Planned",
        "QBRecordID": 7606,
        "Third_Party_Dependant_For_Conne": null,
        "Latitude": -29.72128821,
        "Longitude": 31.08963308
      }
    },
    {
      "attributes": {
        "Precincts": "Lagoon Drive",
        "Quickbase_Status": "Planned",
        "QBRecordID": 7603,
        "Third_Party_Dependant_For_Conne": null,
        "Latitude": -29.72367429,
        "Longitude": 31.0860043
      }
    },
    {
      "attributes": {
        "Precincts": "Lagoon Drive",
        "Quickbase_Status": "Planned",
        "QBRecordID": 7605,
        "Third_Party_Dependant_For_Conne": null,
        "Latitude": -29.72181256,
        "Longitude": 31.08793945
      }
    },
    {
      "attributes": {
        "Precincts": "Lagoon Drive",
        "Quickbase_Status": "Planned",
        "QBRecordID": 7600,
        "Third_Party_Dependant_For_Conne": null,
        "Latitude": -29.72376402,
        "Longitude": 31.08790688
      }
    },
    {
      "attributes": {
        "Precincts": "Lagoon Drive",
        "Quickbase_Status": "Planned",
        "QBRecordID": 7601,
        "Third_Party_Dependant_For_Conne": null,
        "Latitude": -29.72471777,
        "Longitude": 31.08846307
      }
    },
    {
      "attributes": {
        "Precincts": "Lagoon Drive",
        "Quickbase_Status": "Planned",
        "QBRecordID": 7602,
        "Third_Party_Dependant_For_Conne": null,
        "Latitude": -29.72311012,
        "Longitude": 31.08574026
      }
    },
    {
      "attributes": {
        "Precincts": "Lagoon Drive",
        "Quickbase_Status": "Planned",
        "QBRecordID": 7620,
        "Third_Party_Dependant_For_Conne": null,
        "Latitude": -29.72634689,
        "Longitude": 31.08455031
      }
    },
    {
      "attributes": {
        "Precincts": "Umhlanga (Phase 2)",
        "Quickbase_Status": "Planned",
        "QBRecordID": 7556,
        "Third_Party_Dependant_For_Conne": null,
        "Latitude": -29.72974127,
        "Longitude": 31.06368176
      }
    },
    {
      "attributes": {
        "Precincts": "Umhlanga (Phase 2)",
        "Quickbase_Status": "Planned",
        "QBRecordID": 7565,
        "Third_Party_Dependant_For_Conne": null,
        "Latitude": -29.73199328,
        "Longitude": 31.06208635
      }
    },
    {
      "attributes": {
        "Precincts": "Meridian Drive",
        "Quickbase_Status": "Planned",
        "QBRecordID": 7508,
        "Third_Party_Dependant_For_Conne": null,
        "Latitude": -29.72015901,
        "Longitude": 31.06219945
      }
    },
    {
      "attributes": {
        "Precincts": "Meridian Drive",
        "Quickbase_Status": "Planned",
        "QBRecordID": 7492,
        "Third_Party_Dependant_For_Conne": null,
        "Latitude": -29.72021177,
        "Longitude": 31.0613511
      }
    },
    {
      "attributes": {
        "Precincts": "Meridian Drive",
        "Quickbase_Status": "Planned",
        "QBRecordID": 7509,
        "Third_Party_Dependant_For_Conne": null,
        "Latitude": -29.71973915,
        "Longitude": 31.06161347
      }
    },
    {
      "attributes": {
        "Precincts": "Meridian Drive",
        "Quickbase_Status": "Planned",
        "QBRecordID": 7507,
        "Third_Party_Dependant_For_Conne": null,
        "Latitude": -29.71908871,
        "Longitude": 31.06226661
      }
    },
    {
      "attributes": {
        "Precincts": "Meridian Drive",
        "Quickbase_Status": "Planned",
        "QBRecordID": 7477,
        "Third_Party_Dependant_For_Conne": null,
        "Latitude": -29.71881325,
        "Longitude": 31.06580955
      }
    },
    {
      "attributes": {
        "Precincts": "Meridian Drive",
        "Quickbase_Status": "Planned",
        "QBRecordID": 9425,
        "Third_Party_Dependant_For_Conne": null,
        "Latitude": -29.7191239,
        "Longitude": 31.06478992
      }
    },
    {
      "attributes": {
        "Precincts": "Meridian Drive",
        "Quickbase_Status": "Planned",
        "QBRecordID": 7451,
        "Third_Party_Dependant_For_Conne": null,
        "Latitude": -29.71854721,
        "Longitude": 31.06424988
      }
    },
    {
      "attributes": {
        "Precincts": "Meridian Drive",
        "Quickbase_Status": "Planned",
        "QBRecordID": 7452,
        "Third_Party_Dependant_For_Conne": null,
        "Latitude": -29.71900008,
        "Longitude": 31.06385173
      }
    },
    {
      "attributes": {
        "Precincts": "Meridian Drive",
        "Quickbase_Status": "Planned",
        "QBRecordID": 7460,
        "Third_Party_Dependant_For_Conne": null,
        "Latitude": -29.71772471,
        "Longitude": 31.0648308
      }
    },
    {
      "attributes": {
        "Precincts": "Meridian Drive",
        "Quickbase_Status": "Planned",
        "QBRecordID": 7535,
        "Third_Party_Dependant_For_Conne": null,
        "Latitude": -29.71693011,
        "Longitude": 31.06388218
      }
    },
    {
      "attributes": {
        "Precincts": "Meridian Drive",
        "Quickbase_Status": "Planned",
        "QBRecordID": 7446,
        "Third_Party_Dependant_For_Conne": null,
        "Latitude": -29.72040951,
        "Longitude": 31.06241834
      }
    },
    {
      "attributes": {
        "Precincts": "Meridian Drive",
        "Quickbase_Status": "Planned",
        "QBRecordID": 7443,
        "Third_Party_Dependant_For_Conne": null,
        "Latitude": -29.72111007,
        "Longitude": 31.06165922
      }
    },
    {
      "attributes": {
        "Precincts": "Meridian Drive",
        "Quickbase_Status": "Planned",
        "QBRecordID": 9427,
        "Third_Party_Dependant_For_Conne": null,
        "Latitude": -29.72155795,
        "Longitude": 31.06115783
      }
    },
    {
      "attributes": {
        "Precincts": "Meridian Drive",
        "Quickbase_Status": "Planned",
        "QBRecordID": 7442,
        "Third_Party_Dependant_For_Conne": null,
        "Latitude": -29.72186498,
        "Longitude": 31.06184067
      }
    },
    {
      "attributes": {
        "Precincts": "Meridian Drive",
        "Quickbase_Status": "Planned",
        "QBRecordID": 7506,
        "Third_Party_Dependant_For_Conne": null,
        "Latitude": -29.72142354,
        "Longitude": 31.063885
      }
    },
    {
      "attributes": {
        "Precincts": "Meridian Drive",
        "Quickbase_Status": "Planned",
        "QBRecordID": 7766,
        "Third_Party_Dependant_For_Conne": null,
        "Latitude": -29.72434592,
        "Longitude": 31.06263383
      }
    },
    {
      "attributes": {
        "Precincts": "Meridian Drive",
        "Quickbase_Status": "Planned",
        "QBRecordID": 7494,
        "Third_Party_Dependant_For_Conne": null,
        "Latitude": -29.72308359,
        "Longitude": 31.06316072
      }
    },
    {
      "attributes": {
        "Precincts": "Meridian Drive",
        "Quickbase_Status": "Planned",
        "QBRecordID": 7497,
        "Third_Party_Dependant_For_Conne": null,
        "Latitude": -29.72277643,
        "Longitude": 31.06356602
      }
    },
    {
      "attributes": {
        "Precincts": "Meridian Drive",
        "Quickbase_Status": "Planned",
        "QBRecordID": 9432,
        "Third_Party_Dependant_For_Conne": null,
        "Latitude": -29.7237051,
        "Longitude": 31.06432123
      }
    },
    {
      "attributes": {
        "Precincts": "Meridian Drive",
        "Quickbase_Status": "Planned",
        "QBRecordID": 9431,
        "Third_Party_Dependant_For_Conne": null,
        "Latitude": -29.72340848,
        "Longitude": 31.06453818
      }
    },
    {
      "attributes": {
        "Precincts": "Meridian Drive",
        "Quickbase_Status": "Planned",
        "QBRecordID": 7511,
        "Third_Party_Dependant_For_Conne": null,
        "Latitude": -29.72316286,
        "Longitude": 31.06513552
      }
    },
    {
      "attributes": {
        "Precincts": "Meridian Drive",
        "Quickbase_Status": "Planned",
        "QBRecordID": 7510,
        "Third_Party_Dependant_For_Conne": null,
        "Latitude": -29.72273771,
        "Longitude": 31.06554047
      }
    },
    {
      "attributes": {
        "Precincts": "Meridian Drive",
        "Quickbase_Status": "Planned",
        "QBRecordID": 9433,
        "Third_Party_Dependant_For_Conne": null,
        "Latitude": -29.72170125,
        "Longitude": 31.06593667
      }
    },
    {
      "attributes": {
        "Precincts": "Meridian Drive",
        "Quickbase_Status": "Planned",
        "QBRecordID": 7432,
        "Third_Party_Dependant_For_Conne": null,
        "Latitude": -29.7225082,
        "Longitude": 31.06642721
      }
    },
    {
      "attributes": {
        "Precincts": "Meridian Drive",
        "Quickbase_Status": "Planned",
        "QBRecordID": 7539,
        "Third_Party_Dependant_For_Conne": null,
        "Latitude": -29.72900461,
        "Longitude": 31.06878831
      }
    },
    {
      "attributes": {
        "Precincts": "Meridian Drive",
        "Quickbase_Status": "Planned",
        "QBRecordID": 9436,
        "Third_Party_Dependant_For_Conne": null,
        "Latitude": -29.7269315,
        "Longitude": 31.0699449
      }
    },
    {
      "attributes": {
        "Precincts": "Meridian Drive",
        "Quickbase_Status": "Planned",
        "QBRecordID": 7531,
        "Third_Party_Dependant_For_Conne": null,
        "Latitude": -29.72398605,
        "Longitude": 31.069976
      }
    },
    {
      "attributes": {
        "Precincts": "CPT CBD Phase 07",
        "Quickbase_Status": "Planned",
        "QBRecordID": 9368,
        "Third_Party_Dependant_For_Conne": null,
        "Latitude": -33.92482513,
        "Longitude": 18.41812712
      }
    },
    {
      "attributes": {
        "Precincts": "Briardene",
        "Quickbase_Status": "Planned",
        "QBRecordID": 14087,
        "Third_Party_Dependant_For_Conne": null,
        "Latitude": -29.798779,
        "Longitude": 31.00973621
      }
    },
    {
      "attributes": {
        "Precincts": "Briardene",
        "Quickbase_Status": "Planned",
        "QBRecordID": 14084,
        "Third_Party_Dependant_For_Conne": null,
        "Latitude": -29.79835209,
        "Longitude": 31.00974175
      }
    },
    {
      "attributes": {
        "Precincts": "Briardene",
        "Quickbase_Status": "Planned",
        "QBRecordID": 14097,
        "Third_Party_Dependant_For_Conne": null,
        "Latitude": -29.79750233,
        "Longitude": 31.01065456
      }
    },
    {
      "attributes": {
        "Precincts": "Somerset West Phase 2",
        "Quickbase_Status": "Planned",
        "QBRecordID": 13364,
        "Third_Party_Dependant_For_Conne": null,
        "Latitude": -34.08385941,
        "Longitude": 18.82062084
      }
    },
    {
      "attributes": {
        "Precincts": "Lagoon Drive",
        "Quickbase_Status": "Planned",
        "QBRecordID": 14357,
        "Third_Party_Dependant_For_Conne": null,
        "Latitude": -29.72713186,
        "Longitude": 31.08240451
      }
    },
    {
      "attributes": {
        "Precincts": "Somerset West Phase 2",
        "Quickbase_Status": "Planned",
        "QBRecordID": 14254,
        "Third_Party_Dependant_For_Conne": null,
        "Latitude": -34.08660231,
        "Longitude": 18.82980112
      }
    },
    {
      "attributes": {
        "Precincts": "Somerset West Phase 3",
        "Quickbase_Status": "Planned",
        "QBRecordID": 14258,
        "Third_Party_Dependant_For_Conne": null,
        "Latitude": -34.08678018,
        "Longitude": 18.82059296
      }
    },
    {
      "attributes": {
        "Precincts": "Somerset West Phase 3",
        "Quickbase_Status": "Planned",
        "QBRecordID": 14259,
        "Third_Party_Dependant_For_Conne": null,
        "Latitude": -34.08705272,
        "Longitude": 18.82051374
      }
    },
    {
      "attributes": {
        "Precincts": "Somerset West Phase 3",
        "Quickbase_Status": "Planned",
        "QBRecordID": 14260,
        "Third_Party_Dependant_For_Conne": null,
        "Latitude": -34.08733536,
        "Longitude": 18.82040705
      }
    },
    {
      "attributes": {
        "Precincts": "Somerset West Phase 3",
        "Quickbase_Status": "Planned",
        "QBRecordID": 14268,
        "Third_Party_Dependant_For_Conne": null,
        "Latitude": -34.08699301,
        "Longitude": 18.82152684
      }
    },
    {
      "attributes": {
        "Precincts": "Somerset West Phase 3",
        "Quickbase_Status": "Planned",
        "QBRecordID": 14269,
        "Third_Party_Dependant_For_Conne": null,
        "Latitude": -34.08727132,
        "Longitude": 18.82158178
      }
    },
    {
      "attributes": {
        "Precincts": "Somerset West Phase 3",
        "Quickbase_Status": "Planned",
        "QBRecordID": 14270,
        "Third_Party_Dependant_For_Conne": null,
        "Latitude": -34.08749951,
        "Longitude": 18.8213734
      }
    },
    {
      "attributes": {
        "Precincts": "Somerset West Phase 3",
        "Quickbase_Status": "Planned",
        "QBRecordID": 14271,
        "Third_Party_Dependant_For_Conne": null,
        "Latitude": -34.08620194,
        "Longitude": 18.82159361
      }
    },
    {
      "attributes": {
        "Precincts": "Somerset West Phase 3",
        "Quickbase_Status": "Planned",
        "QBRecordID": 14272,
        "Third_Party_Dependant_For_Conne": null,
        "Latitude": -34.08631726,
        "Longitude": 18.82169913
      }
    },
    {
      "attributes": {
        "Precincts": "Somerset West Phase 3",
        "Quickbase_Status": "Planned",
        "QBRecordID": 14273,
        "Third_Party_Dependant_For_Conne": null,
        "Latitude": -34.08644654,
        "Longitude": 18.82190147
      }
    },
    {
      "attributes": {
        "Precincts": "Somerset West Phase 3",
        "Quickbase_Status": "Planned",
        "QBRecordID": 14274,
        "Third_Party_Dependant_For_Conne": null,
        "Latitude": -34.08661344,
        "Longitude": 18.82180087
      }
    },
    {
      "attributes": {
        "Precincts": "CPT CBD Phase 14",
        "Quickbase_Status": "Planned",
        "QBRecordID": 3777,
        "Third_Party_Dependant_For_Conne": null,
        "Latitude": -33.92698504,
        "Longitude": 18.42353224
      }
    },
    {
      "attributes": {
        "Precincts": "CPT CBD Phase 14",
        "Quickbase_Status": "Planned",
        "QBRecordID": 3778,
        "Third_Party_Dependant_For_Conne": null,
        "Latitude": -33.92726313,
        "Longitude": 18.42436172
      }
    },
    {
      "attributes": {
        "Precincts": "CPT CBD Phase 14",
        "Quickbase_Status": "Planned",
        "QBRecordID": 3783,
        "Third_Party_Dependant_For_Conne": null,
        "Latitude": -33.92731389,
        "Longitude": 18.42423286
      }
    },
    {
      "attributes": {
        "Precincts": "CPT CBD Phase 14",
        "Quickbase_Status": "Planned",
        "QBRecordID": 3790,
        "Third_Party_Dependant_For_Conne": null,
        "Latitude": -33.92789701,
        "Longitude": 18.42363283
      }
    },
    {
      "attributes": {
        "Precincts": "CPT CBD Phase 14",
        "Quickbase_Status": "Planned",
        "QBRecordID": 3791,
        "Third_Party_Dependant_For_Conne": null,
        "Latitude": -33.92750478,
        "Longitude": 18.42297774
      }
    },
    {
      "attributes": {
        "Precincts": "CPT CBD Phase 14",
        "Quickbase_Status": "Planned",
        "QBRecordID": 3793,
        "Third_Party_Dependant_For_Conne": null,
        "Latitude": -33.92703152,
        "Longitude": 18.4223198
      }
    },
    {
      "attributes": {
        "Precincts": "CPT CBD Phase 14",
        "Quickbase_Status": "Planned",
        "QBRecordID": 3792,
        "Third_Party_Dependant_For_Conne": null,
        "Latitude": -33.9267643,
        "Longitude": 18.4219674
      }
    },
    {
      "attributes": {
        "Precincts": "CPT CBD Phase 14",
        "Quickbase_Status": "Planned",
        "QBRecordID": 3764,
        "Third_Party_Dependant_For_Conne": null,
        "Latitude": -33.92630645,
        "Longitude": 18.42068515
      }
    },
    {
      "attributes": {
        "Precincts": "Lagoon Drive",
        "Quickbase_Status": "Planned",
        "QBRecordID": 15420,
        "Third_Party_Dependant_For_Conne": null,
        "Latitude": -29.72691417,
        "Longitude": 31.08262237
      }
    },
    {
      "attributes": {
        "Precincts": "Briardene",
        "Quickbase_Status": "Planned",
        "QBRecordID": 14096,
        "Third_Party_Dependant_For_Conne": null,
        "Latitude": -29.79817358,
        "Longitude": 31.0114134
      }
    },
    {
      "attributes": {
        "Precincts": "Briardene",
        "Quickbase_Status": "Planned",
        "QBRecordID": 14101,
        "Third_Party_Dependant_For_Conne": null,
        "Latitude": -29.79698003,
        "Longitude": 31.01091122
      }
    },
    {
      "attributes": {
        "Precincts": "Briardene",
        "Quickbase_Status": "Planned",
        "QBRecordID": 14102,
        "Third_Party_Dependant_For_Conne": null,
        "Latitude": -29.79736573,
        "Longitude": 31.01183717
      }
    },
    {
      "attributes": {
        "Precincts": "Briardene",
        "Quickbase_Status": "Planned",
        "QBRecordID": 14103,
        "Third_Party_Dependant_For_Conne": null,
        "Latitude": -29.79762411,
        "Longitude": 31.01180144
      }
    },
    {
      "attributes": {
        "Precincts": "Briardene",
        "Quickbase_Status": "Planned",
        "QBRecordID": 14110,
        "Third_Party_Dependant_For_Conne": null,
        "Latitude": -29.79494927,
        "Longitude": 31.01063691
      }
    },
    {
      "attributes": {
        "Precincts": "Briardene",
        "Quickbase_Status": "Planned",
        "QBRecordID": 14116,
        "Third_Party_Dependant_For_Conne": null,
        "Latitude": -29.79643487,
        "Longitude": 31.01148008
      }
    },
    {
      "attributes": {
        "Precincts": "Briardene",
        "Quickbase_Status": "Planned",
        "QBRecordID": 14126,
        "Third_Party_Dependant_For_Conne": null,
        "Latitude": -29.7927114,
        "Longitude": 31.01196072
      }
    },
    {
      "attributes": {
        "Precincts": "Briardene",
        "Quickbase_Status": "Planned",
        "QBRecordID": 14127,
        "Third_Party_Dependant_For_Conne": null,
        "Latitude": -29.79278671,
        "Longitude": 31.01138492
      }
    },
    {
      "attributes": {
        "Precincts": "Briardene",
        "Quickbase_Status": "Planned",
        "QBRecordID": 14136,
        "Third_Party_Dependant_For_Conne": null,
        "Latitude": -29.80100754,
        "Longitude": 31.01070503
      }
    },
    {
      "attributes": {
        "Precincts": "Briardene",
        "Quickbase_Status": "Planned",
        "QBRecordID": 14137,
        "Third_Party_Dependant_For_Conne": null,
        "Latitude": -29.7996703,
        "Longitude": 31.01152
      }
    },
    {
      "attributes": {
        "Precincts": "Briardene",
        "Quickbase_Status": "Planned",
        "QBRecordID": 14138,
        "Third_Party_Dependant_For_Conne": null,
        "Latitude": -29.79966835,
        "Longitude": 31.01080149
      }
    },
    {
      "attributes": {
        "Precincts": "Briardene",
        "Quickbase_Status": "Planned",
        "QBRecordID": 14139,
        "Third_Party_Dependant_For_Conne": null,
        "Latitude": -29.79885982,
        "Longitude": 31.0117818
      }
    },
    {
      "attributes": {
        "Precincts": "Briardene",
        "Quickbase_Status": "Planned",
        "QBRecordID": 14153,
        "Third_Party_Dependant_For_Conne": null,
        "Latitude": -29.79613447,
        "Longitude": 31.01488134
      }
    },
    {
      "attributes": {
        "Precincts": "Briardene",
        "Quickbase_Status": "Planned",
        "QBRecordID": 14154,
        "Third_Party_Dependant_For_Conne": null,
        "Latitude": -29.7966431,
        "Longitude": 31.01449365
      }
    },
    {
      "attributes": {
        "Precincts": "Briardene",
        "Quickbase_Status": "Planned",
        "QBRecordID": 14155,
        "Third_Party_Dependant_For_Conne": null,
        "Latitude": -29.7970607,
        "Longitude": 31.01429738
      }
    },
    {
      "attributes": {
        "Precincts": "Broadway",
        "Quickbase_Status": "Planned",
        "QBRecordID": 14165,
        "Third_Party_Dependant_For_Conne": null,
        "Latitude": -29.78455566,
        "Longitude": 31.03924863
      }
    },
    {
      "attributes": {
        "Precincts": "Broadway",
        "Quickbase_Status": "Planned",
        "QBRecordID": 14176,
        "Third_Party_Dependant_For_Conne": null,
        "Latitude": -29.78574022,
        "Longitude": 31.04098642
      }
    },
    {
      "attributes": {
        "Precincts": "Broadway",
        "Quickbase_Status": "Planned",
        "QBRecordID": 14177,
        "Third_Party_Dependant_For_Conne": null,
        "Latitude": -29.7858238,
        "Longitude": 31.04095883
      }
    },
    {
      "attributes": {
        "Precincts": "Broadway",
        "Quickbase_Status": "Planned",
        "QBRecordID": 14178,
        "Third_Party_Dependant_For_Conne": null,
        "Latitude": -29.78588133,
        "Longitude": 31.04093187
      }
    },
    {
      "attributes": {
        "Precincts": "Broadway",
        "Quickbase_Status": "Planned",
        "QBRecordID": 14181,
        "Third_Party_Dependant_For_Conne": null,
        "Latitude": -29.78546481,
        "Longitude": 31.03994139
      }
    },
    {
      "attributes": {
        "Precincts": "Broadway",
        "Quickbase_Status": "Planned",
        "QBRecordID": 14184,
        "Third_Party_Dependant_For_Conne": null,
        "Latitude": -29.78628307,
        "Longitude": 31.03963125
      }
    },
    {
      "attributes": {
        "Precincts": "Somerset West Phase 2",
        "Quickbase_Status": "Planned",
        "QBRecordID": 14279,
        "Third_Party_Dependant_For_Conne": null,
        "Latitude": -34.08393916,
        "Longitude": 18.8222944
      }
    },
    {
      "attributes": {
        "Precincts": "Somerset West Phase 2",
        "Quickbase_Status": "Planned",
        "QBRecordID": 14280,
        "Third_Party_Dependant_For_Conne": null,
        "Latitude": -34.08416966,
        "Longitude": 18.82176329
      }
    },
    {
      "attributes": {
        "Precincts": "Somerset West Phase 2",
        "Quickbase_Status": "Planned",
        "QBRecordID": 14305,
        "Third_Party_Dependant_For_Conne": null,
        "Latitude": -34.08069676,
        "Longitude": 18.81973411
      }
    },
    {
      "attributes": {
        "Precincts": "Somerset West Phase 2",
        "Quickbase_Status": "Planned",
        "QBRecordID": 14307,
        "Third_Party_Dependant_For_Conne": null,
        "Latitude": -34.07868172,
        "Longitude": 18.82137217
      }
    },
    {
      "attributes": {
        "Precincts": "Somerset West Phase 1",
        "Quickbase_Status": "Planned",
        "QBRecordID": 14311,
        "Third_Party_Dependant_For_Conne": null,
        "Latitude": -34.07751037,
        "Longitude": 18.81762978
      }
    },
    {
      "attributes": {
        "Precincts": "Somerset West Phase 1",
        "Quickbase_Status": "Planned",
        "QBRecordID": 14312,
        "Third_Party_Dependant_For_Conne": null,
        "Latitude": -34.07783712,
        "Longitude": 18.81771225
      }
    },
    {
      "attributes": {
        "Precincts": "Somerset West Phase 1",
        "Quickbase_Status": "Planned",
        "QBRecordID": 14319,
        "Third_Party_Dependant_For_Conne": null,
        "Latitude": -34.07967774,
        "Longitude": 18.81825564
      }
    },
    {
      "attributes": {
        "Precincts": "Somerset West Phase 1",
        "Quickbase_Status": "Planned",
        "QBRecordID": 14320,
        "Third_Party_Dependant_For_Conne": null,
        "Latitude": -34.07917189,
        "Longitude": 18.81851738
      }
    },
    {
      "attributes": {
        "Precincts": "Somerset West Phase 1",
        "Quickbase_Status": "Planned",
        "QBRecordID": 14322,
        "Third_Party_Dependant_For_Conne": null,
        "Latitude": -34.07837939,
        "Longitude": 18.81795725
      }
    },
    {
      "attributes": {
        "Precincts": "Somerset West Phase 1",
        "Quickbase_Status": "Planned",
        "QBRecordID": 14323,
        "Third_Party_Dependant_For_Conne": null,
        "Latitude": -34.07858473,
        "Longitude": 18.81779633
      }
    },
    {
      "attributes": {
        "Precincts": "Somerset West Phase 1",
        "Quickbase_Status": "Planned",
        "QBRecordID": 14324,
        "Third_Party_Dependant_For_Conne": null,
        "Latitude": -34.07877496,
        "Longitude": 18.81765197
      }
    },
    {
      "attributes": {
        "Precincts": "Somerset West Phase 1",
        "Quickbase_Status": "Planned",
        "QBRecordID": 14325,
        "Third_Party_Dependant_For_Conne": null,
        "Latitude": -34.07920571,
        "Longitude": 18.81792645
      }
    },
    {
      "attributes": {
        "Precincts": "Somerset West Phase 1",
        "Quickbase_Status": "Planned",
        "QBRecordID": 14332,
        "Third_Party_Dependant_For_Conne": null,
        "Latitude": -34.07829796,
        "Longitude": 18.81663179
      }
    },
    {
      "attributes": {
        "Precincts": "Somerset West Phase 1",
        "Quickbase_Status": "Planned",
        "QBRecordID": 14333,
        "Third_Party_Dependant_For_Conne": null,
        "Latitude": -34.07769927,
        "Longitude": 18.8163617
      }
    },
    {
      "attributes": {
        "Precincts": "Somerset West Phase 1",
        "Quickbase_Status": "Planned",
        "QBRecordID": 14334,
        "Third_Party_Dependant_For_Conne": null,
        "Latitude": -34.07732896,
        "Longitude": 18.81626721
      }
    },
    {
      "attributes": {
        "Precincts": "Somerset West Phase 1",
        "Quickbase_Status": "Planned",
        "QBRecordID": 14335,
        "Third_Party_Dependant_For_Conne": null,
        "Latitude": -34.07711864,
        "Longitude": 18.81616897
      }
    },
    {
      "attributes": {
        "Precincts": "Somerset West Phase 1",
        "Quickbase_Status": "Planned",
        "QBRecordID": 14337,
        "Third_Party_Dependant_For_Conne": null,
        "Latitude": -34.07852294,
        "Longitude": 18.81672252
      }
    },
    {
      "attributes": {
        "Precincts": "Somerset West Phase 1",
        "Quickbase_Status": "Planned",
        "QBRecordID": 14348,
        "Third_Party_Dependant_For_Conne": null,
        "Latitude": -34.07718864,
        "Longitude": 18.81692117
      }
    },
    {
      "attributes": {
        "Precincts": "Briardene",
        "Quickbase_Status": "Planned",
        "QBRecordID": 14401,
        "Third_Party_Dependant_For_Conne": null,
        "Latitude": -29.79833512,
        "Longitude": 31.00942651
      }
    },
    {
      "attributes": {
        "Precincts": "Briardene",
        "Quickbase_Status": "Planned",
        "QBRecordID": 14098,
        "Third_Party_Dependant_For_Conne": null,
        "Latitude": -29.79764442,
        "Longitude": 31.01055958
      }
    },
    {
      "attributes": {
        "Precincts": "Briardene",
        "Quickbase_Status": "Planned",
        "QBRecordID": 14402,
        "Third_Party_Dependant_For_Conne": null,
        "Latitude": -29.79641136,
        "Longitude": 31.01114734
      }
    },
    {
      "attributes": {
        "Precincts": "Somerset West Phase 1",
        "Quickbase_Status": "Planned",
        "QBRecordID": 14350,
        "Third_Party_Dependant_For_Conne": null,
        "Latitude": -34.07919979,
        "Longitude": 18.81700839
      }
    },
    {
      "attributes": {
        "Precincts": "Red Hill",
        "Quickbase_Status": "Planned",
        "QBRecordID": 14615,
        "Third_Party_Dependant_For_Conne": null,
        "Latitude": -29.75970007,
        "Longitude": 31.02374805
      }
    },
    {
      "attributes": {
        "Precincts": "Red Hill",
        "Quickbase_Status": "Planned",
        "QBRecordID": 14616,
        "Third_Party_Dependant_For_Conne": null,
        "Latitude": -29.75971674,
        "Longitude": 31.02458117
      }
    },
    {
      "attributes": {
        "Precincts": "Red Hill",
        "Quickbase_Status": "Planned",
        "QBRecordID": 14617,
        "Third_Party_Dependant_For_Conne": null,
        "Latitude": -29.75975974,
        "Longitude": 31.02536557
      }
    },
    {
      "attributes": {
        "Precincts": "Red Hill",
        "Quickbase_Status": "Planned",
        "QBRecordID": 14618,
        "Third_Party_Dependant_For_Conne": null,
        "Latitude": -29.75984653,
        "Longitude": 31.02613257
      }
    },
    {
      "attributes": {
        "Precincts": "Red Hill",
        "Quickbase_Status": "Planned",
        "QBRecordID": 14622,
        "Third_Party_Dependant_For_Conne": null,
        "Latitude": -29.76923375,
        "Longitude": 31.02882139
      }
    },
    {
      "attributes": {
        "Precincts": "Red Hill",
        "Quickbase_Status": "Planned",
        "QBRecordID": 14623,
        "Third_Party_Dependant_For_Conne": null,
        "Latitude": -29.76927324,
        "Longitude": 31.02923399
      }
    },
    {
      "attributes": {
        "Precincts": "Red Hill",
        "Quickbase_Status": "Planned",
        "QBRecordID": 14648,
        "Third_Party_Dependant_For_Conne": null,
        "Latitude": -29.76368165,
        "Longitude": 31.02494375
      }
    },
    {
      "attributes": {
        "Precincts": "Red Hill",
        "Quickbase_Status": "Planned",
        "QBRecordID": 14649,
        "Third_Party_Dependant_For_Conne": null,
        "Latitude": -29.76535022,
        "Longitude": 31.02733456
      }
    },
    {
      "attributes": {
        "Precincts": "Red Hill",
        "Quickbase_Status": "Planned",
        "QBRecordID": 14650,
        "Third_Party_Dependant_For_Conne": null,
        "Latitude": -29.76581611,
        "Longitude": 31.02748678
      }
    },
    {
      "attributes": {
        "Precincts": "Red Hill",
        "Quickbase_Status": "Planned",
        "QBRecordID": 14651,
        "Third_Party_Dependant_For_Conne": null,
        "Latitude": -29.76639321,
        "Longitude": 31.02740784
      }
    },
    {
      "attributes": {
        "Precincts": "Red Hill",
        "Quickbase_Status": "Planned",
        "QBRecordID": 14693,
        "Third_Party_Dependant_For_Conne": null,
        "Latitude": -29.75887748,
        "Longitude": 31.02052759
      }
    },
    {
      "attributes": {
        "Precincts": "North Coast Road",
        "Quickbase_Status": "Planned",
        "QBRecordID": 14695,
        "Third_Party_Dependant_For_Conne": null,
        "Latitude": -29.7503641,
        "Longitude": 31.02798917
      }
    },
    {
      "attributes": {
        "Precincts": "North Coast Road",
        "Quickbase_Status": "Planned",
        "QBRecordID": 14696,
        "Third_Party_Dependant_For_Conne": null,
        "Latitude": -29.75062307,
        "Longitude": 31.02810646
      }
    },
    {
      "attributes": {
        "Precincts": "North Coast Road",
        "Quickbase_Status": "Planned",
        "QBRecordID": 14697,
        "Third_Party_Dependant_For_Conne": null,
        "Latitude": -29.74997124,
        "Longitude": 31.02882207
      }
    },
    {
      "attributes": {
        "Precincts": "North Coast Road",
        "Quickbase_Status": "Planned",
        "QBRecordID": 14698,
        "Third_Party_Dependant_For_Conne": null,
        "Latitude": -29.74971958,
        "Longitude": 31.03043884
      }
    },
    {
      "attributes": {
        "Precincts": "North Coast Road",
        "Quickbase_Status": "Planned",
        "QBRecordID": 14699,
        "Third_Party_Dependant_For_Conne": null,
        "Latitude": -29.74937016,
        "Longitude": 31.03105947
      }
    },
    {
      "attributes": {
        "Precincts": "North Coast Road",
        "Quickbase_Status": "Planned",
        "QBRecordID": 14700,
        "Third_Party_Dependant_For_Conne": null,
        "Latitude": -29.7504796,
        "Longitude": 31.02934297
      }
    },
    {
      "attributes": {
        "Precincts": "North Coast Road",
        "Quickbase_Status": "Planned",
        "QBRecordID": 14701,
        "Third_Party_Dependant_For_Conne": null,
        "Latitude": -29.75022868,
        "Longitude": 31.02952965
      }
    },
    {
      "attributes": {
        "Precincts": "North Coast Road",
        "Quickbase_Status": "Planned",
        "QBRecordID": 14702,
        "Third_Party_Dependant_For_Conne": null,
        "Latitude": -29.75029133,
        "Longitude": 31.03007247
      }
    },
    {
      "attributes": {
        "Precincts": "North Coast Road",
        "Quickbase_Status": "Planned",
        "QBRecordID": 14703,
        "Third_Party_Dependant_For_Conne": null,
        "Latitude": -29.75049304,
        "Longitude": 31.02977996
      }
    },
    {
      "attributes": {
        "Precincts": "North Coast Road",
        "Quickbase_Status": "Planned",
        "QBRecordID": 14704,
        "Third_Party_Dependant_For_Conne": null,
        "Latitude": -29.75107381,
        "Longitude": 31.02974422
      }
    },
    {
      "attributes": {
        "Precincts": "North Coast Road",
        "Quickbase_Status": "Planned",
        "QBRecordID": 14705,
        "Third_Party_Dependant_For_Conne": null,
        "Latitude": -29.75070249,
        "Longitude": 31.03041546
      }
    },
    {
      "attributes": {
        "Precincts": "North Coast Road",
        "Quickbase_Status": "Planned",
        "QBRecordID": 14706,
        "Third_Party_Dependant_For_Conne": null,
        "Latitude": -29.75094957,
        "Longitude": 31.03058127
      }
    },
    {
      "attributes": {
        "Precincts": "North Coast Road",
        "Quickbase_Status": "Planned",
        "QBRecordID": 14707,
        "Third_Party_Dependant_For_Conne": null,
        "Latitude": -29.75044654,
        "Longitude": 31.03128298
      }
    },
    {
      "attributes": {
        "Precincts": "North Coast Road",
        "Quickbase_Status": "Planned",
        "QBRecordID": 14708,
        "Third_Party_Dependant_For_Conne": null,
        "Latitude": -29.75073476,
        "Longitude": 31.03121415
      }
    },
    {
      "attributes": {
        "Precincts": "North Coast Road",
        "Quickbase_Status": "Planned",
        "QBRecordID": 14737,
        "Third_Party_Dependant_For_Conne": null,
        "Latitude": -29.75348302,
        "Longitude": 31.03103262
      }
    },
    {
      "attributes": {
        "Precincts": "North Coast Road",
        "Quickbase_Status": "Planned",
        "QBRecordID": 14738,
        "Third_Party_Dependant_For_Conne": null,
        "Latitude": -29.75375982,
        "Longitude": 31.03086262
      }
    },
    {
      "attributes": {
        "Precincts": "North Coast Road",
        "Quickbase_Status": "Planned",
        "QBRecordID": 14749,
        "Third_Party_Dependant_For_Conne": null,
        "Latitude": -29.75522615,
        "Longitude": 31.02065634
      }
    },
    {
      "attributes": {
        "Precincts": "North Coast Road",
        "Quickbase_Status": "Planned",
        "QBRecordID": 14750,
        "Third_Party_Dependant_For_Conne": null,
        "Latitude": -29.75494822,
        "Longitude": 31.02097201
      }
    },
    {
      "attributes": {
        "Precincts": "North Coast Road",
        "Quickbase_Status": "Planned",
        "QBRecordID": 14709,
        "Third_Party_Dependant_For_Conne": null,
        "Latitude": -29.75197971,
        "Longitude": 31.03410226
      }
    },
    {
      "attributes": {
        "Precincts": "North Coast Road",
        "Quickbase_Status": "Planned",
        "QBRecordID": 14741,
        "Third_Party_Dependant_For_Conne": null,
        "Latitude": -29.75331484,
        "Longitude": 31.03025535
      }
    },
    {
      "attributes": {
        "Precincts": "North Coast Road",
        "Quickbase_Status": "Planned",
        "QBRecordID": 14744,
        "Third_Party_Dependant_For_Conne": null,
        "Latitude": -29.7566803,
        "Longitude": 31.02022011
      }
    },
    {
      "attributes": {
        "Precincts": "North Coast Road",
        "Quickbase_Status": "Planned",
        "QBRecordID": 14774,
        "Third_Party_Dependant_For_Conne": null,
        "Latitude": -29.75330361,
        "Longitude": 31.02599851
      }
    },
    {
      "attributes": {
        "Precincts": "Arden Grove",
        "Quickbase_Status": "Planned",
        "QBRecordID": 4051,
        "Third_Party_Dependant_For_Conne": null,
        "Latitude": -33.86797299,
        "Longitude": 18.51311328
      }
    },
    {
      "attributes": {
        "Precincts": "Ashley Gardens",
        "Quickbase_Status": "Planned",
        "QBRecordID": 3425,
        "Third_Party_Dependant_For_Conne": null,
        "Latitude": -25.78484976,
        "Longitude": 28.26658373
      }
    },
    {
      "attributes": {
        "Precincts": "Bruma Lake",
        "Quickbase_Status": "Planned",
        "QBRecordID": 975,
        "Third_Party_Dependant_For_Conne": null,
        "Latitude": -26.18168465,
        "Longitude": 28.10631358
      }
    },
    {
      "attributes": {
        "Precincts": "Hatfield (Phase 3)",
        "Quickbase_Status": "Planned",
        "QBRecordID": 2954,
        "Third_Party_Dependant_For_Conne": null,
        "Latitude": -25.7434223,
        "Longitude": 28.24610575
      }
    },
    {
      "attributes": {
        "Precincts": "Hatfield (Phase 3)",
        "Quickbase_Status": "Planned",
        "QBRecordID": 3463,
        "Third_Party_Dependant_For_Conne": null,
        "Latitude": -25.74376885,
        "Longitude": 28.24319967
      }
    },
    {
      "attributes": {
        "Precincts": "Arden Grove",
        "Quickbase_Status": "Planned",
        "QBRecordID": 1573,
        "Third_Party_Dependant_For_Conne": null,
        "Latitude": -33.86439744,
        "Longitude": 18.51363394
      }
    },
    {
      "attributes": {
        "Precincts": "Arden Grove",
        "Quickbase_Status": "Planned",
        "QBRecordID": 1567,
        "Third_Party_Dependant_For_Conne": null,
        "Latitude": -33.86296754,
        "Longitude": 18.51506458
      }
    },
    {
      "attributes": {
        "Precincts": "Arden Grove",
        "Quickbase_Status": "Planned",
        "QBRecordID": 1788,
        "Third_Party_Dependant_For_Conne": null,
        "Latitude": -33.86920369,
        "Longitude": 18.50998902
      }
    },
    {
      "attributes": {
        "Precincts": "Arden Grove",
        "Quickbase_Status": "Planned",
        "QBRecordID": 1791,
        "Third_Party_Dependant_For_Conne": null,
        "Latitude": -33.86758072,
        "Longitude": 18.51215196
      }
    },
    {
      "attributes": {
        "Precincts": "Arden Grove",
        "Quickbase_Status": "Planned",
        "QBRecordID": 1558,
        "Third_Party_Dependant_For_Conne": null,
        "Latitude": -33.86095681,
        "Longitude": 18.51314325
      }
    },
    {
      "attributes": {
        "Precincts": "Arden Grove",
        "Quickbase_Status": "Planned",
        "QBRecordID": 4081,
        "Third_Party_Dependant_For_Conne": null,
        "Latitude": -33.86362909,
        "Longitude": 18.5131563
      }
    },
    {
      "attributes": {
        "Precincts": "Bruma Lake",
        "Quickbase_Status": "Planned",
        "QBRecordID": 1543,
        "Third_Party_Dependant_For_Conne": null,
        "Latitude": -26.18064672,
        "Longitude": 28.11196904
      }
    },
    {
      "attributes": {
        "Precincts": "Bruma Lake",
        "Quickbase_Status": "Planned",
        "QBRecordID": 962,
        "Third_Party_Dependant_For_Conne": null,
        "Latitude": -26.18164024,
        "Longitude": 28.10897304
      }
    },
    {
      "attributes": {
        "Precincts": "Capital Hill",
        "Quickbase_Status": "Planned",
        "QBRecordID": 2406,
        "Third_Party_Dependant_For_Conne": null,
        "Latitude": -26.00874322,
        "Longitude": 28.13011611
      }
    },
    {
      "attributes": {
        "Precincts": "Capital Hill",
        "Quickbase_Status": "Planned",
        "QBRecordID": 2420,
        "Third_Party_Dependant_For_Conne": null,
        "Latitude": -26.01287144,
        "Longitude": 28.12672864
      }
    },
    {
      "attributes": {
        "Precincts": "Central Street",
        "Quickbase_Status": "Planned",
        "QBRecordID": 2822,
        "Third_Party_Dependant_For_Conne": null,
        "Latitude": -26.16268652,
        "Longitude": 28.05763205
      }
    },
    {
      "attributes": {
        "Precincts": "Central Street",
        "Quickbase_Status": "Planned",
        "QBRecordID": 2823,
        "Third_Party_Dependant_For_Conne": null,
        "Latitude": -26.16311109,
        "Longitude": 28.0573623
      }
    },
    {
      "attributes": {
        "Precincts": "George Road",
        "Quickbase_Status": "Planned",
        "QBRecordID": 994,
        "Third_Party_Dependant_For_Conne": null,
        "Latitude": -25.96449196,
        "Longitude": 28.13216156
      }
    },
    {
      "attributes": {
        "Precincts": "Girton",
        "Quickbase_Status": "Planned",
        "QBRecordID": 3891,
        "Third_Party_Dependant_For_Conne": null,
        "Latitude": -26.18445066,
        "Longitude": 28.03405164
      }
    },
    {
      "attributes": {
        "Precincts": "Hatfield (Phase 3)",
        "Quickbase_Status": "Planned",
        "QBRecordID": 3487,
        "Third_Party_Dependant_For_Conne": null,
        "Latitude": -25.74236419,
        "Longitude": 28.24072244
      }
    },
    {
      "attributes": {
        "Precincts": "Morningside",
        "Quickbase_Status": "Planned",
        "QBRecordID": 1450,
        "Third_Party_Dependant_For_Conne": null,
        "Latitude": -26.07964473,
        "Longitude": 28.06243301
      }
    },
    {
      "attributes": {
        "Precincts": "Rosebank Phase 2",
        "Quickbase_Status": "Planned",
        "QBRecordID": 3999,
        "Third_Party_Dependant_For_Conne": null,
        "Latitude": -26.14664534,
        "Longitude": 28.03747154
      }
    },
    {
      "attributes": {
        "Precincts": "Route 21 Office Park",
        "Quickbase_Status": "Planned",
        "QBRecordID": 2034,
        "Third_Party_Dependant_For_Conne": null,
        "Latitude": -25.85800423,
        "Longitude": 28.25651865
      }
    },
    {
      "attributes": {
        "Precincts": "Route 21 Office Park",
        "Quickbase_Status": "Planned",
        "QBRecordID": 2085,
        "Third_Party_Dependant_For_Conne": null,
        "Latitude": -25.86233674,
        "Longitude": 28.25711742
      }
    },
    {
      "attributes": {
        "Precincts": "Route 21 Office Park",
        "Quickbase_Status": "Planned",
        "QBRecordID": 2092,
        "Third_Party_Dependant_For_Conne": null,
        "Latitude": -25.86289224,
        "Longitude": 28.25701559
      }
    },
    {
      "attributes": {
        "Precincts": "Route 21 Office Park",
        "Quickbase_Status": "Planned",
        "QBRecordID": 2098,
        "Third_Party_Dependant_For_Conne": null,
        "Latitude": -25.86454185,
        "Longitude": 28.25806779
      }
    },
    {
      "attributes": {
        "Precincts": "Route 21 Office Park",
        "Quickbase_Status": "Planned",
        "QBRecordID": 2099,
        "Third_Party_Dependant_For_Conne": null,
        "Latitude": -25.86456703,
        "Longitude": 28.25788789
      }
    },
    {
      "attributes": {
        "Precincts": "Route 21 Office Park",
        "Quickbase_Status": "Planned",
        "QBRecordID": 2132,
        "Third_Party_Dependant_For_Conne": null,
        "Latitude": -25.86094529,
        "Longitude": 28.25704705
      }
    },
    {
      "attributes": {
        "Precincts": "Route 21 Office Park",
        "Quickbase_Status": "Planned",
        "QBRecordID": 2087,
        "Third_Party_Dependant_For_Conne": null,
        "Latitude": -25.86277742,
        "Longitude": 28.25733173
      }
    },
    {
      "attributes": {
        "Precincts": "Route 21 Office Park",
        "Quickbase_Status": "Planned",
        "QBRecordID": 2088,
        "Third_Party_Dependant_For_Conne": null,
        "Latitude": -25.86283063,
        "Longitude": 28.25720856
      }
    },
    {
      "attributes": {
        "Precincts": "Kent",
        "Quickbase_Status": "Planned",
        "QBRecordID": 3892,
        "Third_Party_Dependant_For_Conne": null,
        "Latitude": -26.0931827,
        "Longitude": 28.00099873
      }
    },
    {
      "attributes": {
        "Precincts": "Oberon",
        "Quickbase_Status": "Planned",
        "QBRecordID": 2334,
        "Third_Party_Dependant_For_Conne": null,
        "Latitude": -25.77938009,
        "Longitude": 28.29035866
      }
    },
    {
      "attributes": {
        "Precincts": "Peter Place",
        "Quickbase_Status": "Planned",
        "QBRecordID": 4078,
        "Third_Party_Dependant_For_Conne": null,
        "Latitude": -26.07975663,
        "Longitude": 28.01463216
      }
    },
    {
      "attributes": {
        "Precincts": "CPT CBD Phase 13",
        "Quickbase_Status": "Planned",
        "QBRecordID": 3674,
        "Third_Party_Dependant_For_Conne": null,
        "Latitude": -33.92081481,
        "Longitude": 18.42062335
      }
    },
    {
      "attributes": {
        "Precincts": "CPT CBD Phase 13",
        "Quickbase_Status": "Planned",
        "QBRecordID": 3677,
        "Third_Party_Dependant_For_Conne": null,
        "Latitude": -33.92093848,
        "Longitude": 18.42129324
      }
    },
    {
      "attributes": {
        "Precincts": "CPT CBD Phase 13",
        "Quickbase_Status": "Planned",
        "QBRecordID": 3690,
        "Third_Party_Dependant_For_Conne": null,
        "Latitude": -33.92056484,
        "Longitude": 18.41907909
      }
    },
    {
      "attributes": {
        "Precincts": "CPT CBD Phase 13",
        "Quickbase_Status": "Planned",
        "QBRecordID": 3684,
        "Third_Party_Dependant_For_Conne": null,
        "Latitude": -33.92050786,
        "Longitude": 18.41917768
      }
    },
    {
      "attributes": {
        "Precincts": "CPT CBD Phase 13",
        "Quickbase_Status": "Planned",
        "QBRecordID": 3692,
        "Third_Party_Dependant_For_Conne": null,
        "Latitude": -33.92075229,
        "Longitude": 18.42008886
      }
    },
    {
      "attributes": {
        "Precincts": "CPT CBD Phase 13",
        "Quickbase_Status": "Planned",
        "QBRecordID": 3697,
        "Third_Party_Dependant_For_Conne": null,
        "Latitude": -33.9211832,
        "Longitude": 18.41991965
      }
    },
    {
      "attributes": {
        "Precincts": "CPT CBD Phase 13",
        "Quickbase_Status": "Planned",
        "QBRecordID": 3695,
        "Third_Party_Dependant_For_Conne": null,
        "Latitude": -33.92113839,
        "Longitude": 18.42017099
      }
    },
    {
      "attributes": {
        "Precincts": "CPT CBD Phase 13",
        "Quickbase_Status": "Planned",
        "QBRecordID": 3838,
        "Third_Party_Dependant_For_Conne": null,
        "Latitude": -33.9210909,
        "Longitude": 18.42028389
      }
    },
    {
      "attributes": {
        "Precincts": "CPT CBD Phase 13",
        "Quickbase_Status": "Planned",
        "QBRecordID": 7065,
        "Third_Party_Dependant_For_Conne": null,
        "Latitude": -33.9212195,
        "Longitude": 18.42003076
      }
    },
    {
      "attributes": {
        "Precincts": "CPT CBD Phase 14",
        "Quickbase_Status": "Planned",
        "QBRecordID": 3703,
        "Third_Party_Dependant_For_Conne": null,
        "Latitude": -33.92129221,
        "Longitude": 18.42085492
      }
    },
    {
      "attributes": {
        "Precincts": "CPT CBD Phase 13",
        "Quickbase_Status": "Planned",
        "QBRecordID": 3713,
        "Third_Party_Dependant_For_Conne": null,
        "Latitude": -33.92123053,
        "Longitude": 18.42068155
      }
    },
    {
      "attributes": {
        "Precincts": "CPT CBD Phase 13",
        "Quickbase_Status": "Planned",
        "QBRecordID": 3705,
        "Third_Party_Dependant_For_Conne": null,
        "Latitude": -33.92162098,
        "Longitude": 18.42079102
      }
    },
    {
      "attributes": {
        "Precincts": "CPT CBD Phase 13",
        "Quickbase_Status": "Planned",
        "QBRecordID": 3709,
        "Third_Party_Dependant_For_Conne": null,
        "Latitude": -33.92156587,
        "Longitude": 18.42055888
      }
    },
    {
      "attributes": {
        "Precincts": "CPT CBD Phase 13",
        "Quickbase_Status": "Planned",
        "QBRecordID": 3708,
        "Third_Party_Dependant_For_Conne": null,
        "Latitude": -33.92162796,
        "Longitude": 18.42059331
      }
    },
    {
      "attributes": {
        "Precincts": "CPT CBD Phase 13",
        "Quickbase_Status": "Planned",
        "QBRecordID": 3707,
        "Third_Party_Dependant_For_Conne": null,
        "Latitude": -33.92173593,
        "Longitude": 18.42063964
      }
    },
    {
      "attributes": {
        "Precincts": "CPT CBD Phase 13",
        "Quickbase_Status": "Planned",
        "QBRecordID": 7066,
        "Third_Party_Dependant_For_Conne": null,
        "Latitude": -33.92112768,
        "Longitude": 18.42072212
      }
    },
    {
      "attributes": {
        "Precincts": "CPT CBD Phase 13",
        "Quickbase_Status": "Planned",
        "QBRecordID": 3723,
        "Third_Party_Dependant_For_Conne": null,
        "Latitude": -33.92115381,
        "Longitude": 18.41880953
      }
    },
    {
      "attributes": {
        "Precincts": "CPT CBD Phase 13",
        "Quickbase_Status": "Planned",
        "QBRecordID": 3725,
        "Third_Party_Dependant_For_Conne": null,
        "Latitude": -33.92098615,
        "Longitude": 18.41871386
      }
    },
    {
      "attributes": {
        "Precincts": "CPT CBD Phase 13",
        "Quickbase_Status": "Planned",
        "QBRecordID": 3715,
        "Third_Party_Dependant_For_Conne": null,
        "Latitude": -33.92085879,
        "Longitude": 18.41897256
      }
    },
    {
      "attributes": {
        "Precincts": "CPT CBD Phase 13",
        "Quickbase_Status": "Planned",
        "QBRecordID": 3736,
        "Third_Party_Dependant_For_Conne": null,
        "Latitude": -33.92146985,
        "Longitude": 18.41936295
      }
    },
    {
      "attributes": {
        "Precincts": "CPT CBD Phase 13",
        "Quickbase_Status": "Planned",
        "QBRecordID": 3732,
        "Third_Party_Dependant_For_Conne": null,
        "Latitude": -33.92176356,
        "Longitude": 18.4194618
      }
    },
    {
      "attributes": {
        "Precincts": "CPT CBD Phase 13",
        "Quickbase_Status": "Planned",
        "QBRecordID": 3730,
        "Third_Party_Dependant_For_Conne": null,
        "Latitude": -33.92185199,
        "Longitude": 18.4195714
      }
    },
    {
      "attributes": {
        "Precincts": "CPT CBD Phase 13",
        "Quickbase_Status": "Planned",
        "QBRecordID": 3739,
        "Third_Party_Dependant_For_Conne": null,
        "Latitude": -33.92173145,
        "Longitude": 18.42013422
      }
    },
    {
      "attributes": {
        "Precincts": "CPT CBD Phase 13",
        "Quickbase_Status": "Planned",
        "QBRecordID": 3743,
        "Third_Party_Dependant_For_Conne": null,
        "Latitude": -33.92226122,
        "Longitude": 18.42030266
      }
    },
    {
      "attributes": {
        "Precincts": "CPT CBD Phase 12",
        "Quickbase_Status": "Planned",
        "QBRecordID": 3656,
        "Third_Party_Dependant_For_Conne": null,
        "Latitude": -33.91863301,
        "Longitude": 18.42969948
      }
    },
    {
      "attributes": {
        "Precincts": "CPT CBD Phase 12",
        "Quickbase_Status": "Planned",
        "QBRecordID": 3657,
        "Third_Party_Dependant_For_Conne": null,
        "Latitude": -33.91797385,
        "Longitude": 18.42880497
      }
    },
    {
      "attributes": {
        "Precincts": "CPT CBD Phase 12",
        "Quickbase_Status": "Planned",
        "QBRecordID": 3662,
        "Third_Party_Dependant_For_Conne": null,
        "Latitude": -33.92224079,
        "Longitude": 18.4285954
      }
    },
    {
      "attributes": {
        "Precincts": "CPT CBD Phase 12",
        "Quickbase_Status": "Planned",
        "QBRecordID": 3663,
        "Third_Party_Dependant_For_Conne": null,
        "Latitude": -33.92308368,
        "Longitude": 18.42960878
      }
    },
    {
      "attributes": {
        "Precincts": "CPT CBD Phase 11",
        "Quickbase_Status": "Planned",
        "QBRecordID": 3604,
        "Third_Party_Dependant_For_Conne": null,
        "Latitude": -33.92199639,
        "Longitude": 18.41881409
      }
    },
    {
      "attributes": {
        "Precincts": "CPT CBD Phase 11",
        "Quickbase_Status": "Planned",
        "QBRecordID": 3619,
        "Third_Party_Dependant_For_Conne": null,
        "Latitude": -33.92229437,
        "Longitude": 18.41849743
      }
    },
    {
      "attributes": {
        "Precincts": "CPT CBD Phase 11",
        "Quickbase_Status": "Planned",
        "QBRecordID": 3617,
        "Third_Party_Dependant_For_Conne": null,
        "Latitude": -33.92244747,
        "Longitude": 18.4181984
      }
    },
    {
      "attributes": {
        "Precincts": "CPT CBD Phase 11",
        "Quickbase_Status": "Planned",
        "QBRecordID": 3616,
        "Third_Party_Dependant_For_Conne": null,
        "Latitude": -33.92251808,
        "Longitude": 18.41830572
      }
    },
    {
      "attributes": {
        "Precincts": "CPT CBD Phase 11",
        "Quickbase_Status": "Planned",
        "QBRecordID": 3614,
        "Third_Party_Dependant_For_Conne": null,
        "Latitude": -33.92268472,
        "Longitude": 18.41853229
      }
    },
    {
      "attributes": {
        "Precincts": "CPT CBD Phase 11",
        "Quickbase_Status": "Planned",
        "QBRecordID": 3613,
        "Third_Party_Dependant_For_Conne": null,
        "Latitude": -33.92256428,
        "Longitude": 18.41864995
      }
    },
    {
      "attributes": {
        "Precincts": "CPT CBD Phase 11",
        "Quickbase_Status": "Planned",
        "QBRecordID": 3612,
        "Third_Party_Dependant_For_Conne": null,
        "Latitude": -33.92248258,
        "Longitude": 18.41878422
      }
    },
    {
      "attributes": {
        "Precincts": "CPT CBD Phase 11",
        "Quickbase_Status": "Planned",
        "QBRecordID": 3611,
        "Third_Party_Dependant_For_Conne": null,
        "Latitude": -33.92241174,
        "Longitude": 18.41894137
      }
    },
    {
      "attributes": {
        "Precincts": "CPT CBD Phase 11",
        "Quickbase_Status": "Planned",
        "QBRecordID": 3610,
        "Third_Party_Dependant_For_Conne": null,
        "Latitude": -33.92232543,
        "Longitude": 18.41884346
      }
    },
    {
      "attributes": {
        "Precincts": "CPT CBD Phase 11",
        "Quickbase_Status": "Planned",
        "QBRecordID": 3629,
        "Third_Party_Dependant_For_Conne": null,
        "Latitude": -33.92290558,
        "Longitude": 18.41884645
      }
    },
    {
      "attributes": {
        "Precincts": "CPT CBD Phase 11",
        "Quickbase_Status": "Planned",
        "QBRecordID": 3630,
        "Third_Party_Dependant_For_Conne": null,
        "Latitude": -33.92283491,
        "Longitude": 18.41902289
      }
    },
    {
      "attributes": {
        "Precincts": "CPT CBD Phase 11",
        "Quickbase_Status": "Planned",
        "QBRecordID": 3621,
        "Third_Party_Dependant_For_Conne": null,
        "Latitude": -33.92261316,
        "Longitude": 18.41929521
      }
    },
    {
      "attributes": {
        "Precincts": "CPT CBD Phase 11",
        "Quickbase_Status": "Planned",
        "QBRecordID": 3631,
        "Third_Party_Dependant_For_Conne": null,
        "Latitude": -33.92317347,
        "Longitude": 18.41986595
      }
    },
    {
      "attributes": {
        "Precincts": "CPT CBD Phase 11",
        "Quickbase_Status": "Planned",
        "QBRecordID": 3638,
        "Third_Party_Dependant_For_Conne": null,
        "Latitude": -33.92288176,
        "Longitude": 18.41842645
      }
    },
    {
      "attributes": {
        "Precincts": "CPT CBD Phase 11",
        "Quickbase_Status": "Planned",
        "QBRecordID": 3644,
        "Third_Party_Dependant_For_Conne": null,
        "Latitude": -33.92269124,
        "Longitude": 18.41799231
      }
    },
    {
      "attributes": {
        "Precincts": "CPT CBD Phase 11",
        "Quickbase_Status": "Planned",
        "QBRecordID": 3647,
        "Third_Party_Dependant_For_Conne": null,
        "Latitude": -33.92310617,
        "Longitude": 18.41859974
      }
    },
    {
      "attributes": {
        "Precincts": "CPT CBD Phase 11",
        "Quickbase_Status": "Planned",
        "QBRecordID": 3646,
        "Third_Party_Dependant_For_Conne": null,
        "Latitude": -33.92310212,
        "Longitude": 18.41873671
      }
    },
    {
      "attributes": {
        "Precincts": "CPT CBD Phase 11",
        "Quickbase_Status": "Planned",
        "QBRecordID": 3650,
        "Third_Party_Dependant_For_Conne": null,
        "Latitude": -33.92358933,
        "Longitude": 18.41935507
      }
    },
    {
      "attributes": {
        "Precincts": "CPT CBD Phase 11",
        "Quickbase_Status": "Planned",
        "QBRecordID": 3652,
        "Third_Party_Dependant_For_Conne": null,
        "Latitude": -33.92424361,
        "Longitude": 18.41938249
      }
    },
    {
      "attributes": {
        "Precincts": "CPT CBD Phase 10",
        "Quickbase_Status": "Planned",
        "QBRecordID": 3561,
        "Third_Party_Dependant_For_Conne": null,
        "Latitude": -33.92353233,
        "Longitude": 18.42228762
      }
    },
    {
      "attributes": {
        "Precincts": "CPT CBD Phase 10",
        "Quickbase_Status": "Planned",
        "QBRecordID": 3567,
        "Third_Party_Dependant_For_Conne": null,
        "Latitude": -33.92422763,
        "Longitude": 18.42178038
      }
    },
    {
      "attributes": {
        "Precincts": "CPT CBD Phase 10",
        "Quickbase_Status": "Planned",
        "QBRecordID": 7074,
        "Third_Party_Dependant_For_Conne": null,
        "Latitude": -33.92469657,
        "Longitude": 18.42122329
      }
    },
    {
      "attributes": {
        "Precincts": "CPT CBD Phase 10",
        "Quickbase_Status": "Planned",
        "QBRecordID": 7075,
        "Third_Party_Dependant_For_Conne": null,
        "Latitude": -33.92453851,
        "Longitude": 18.42159256
      }
    },
    {
      "attributes": {
        "Precincts": "CPT CBD Phase 09",
        "Quickbase_Status": "Planned",
        "QBRecordID": 3337,
        "Third_Party_Dependant_For_Conne": null,
        "Latitude": -33.91983115,
        "Longitude": 18.4188409
      }
    },
    {
      "attributes": {
        "Precincts": "CPT CBD Phase 09",
        "Quickbase_Status": "Planned",
        "QBRecordID": 3342,
        "Third_Party_Dependant_For_Conne": null,
        "Latitude": -33.9202041,
        "Longitude": 18.41869419
      }
    },
    {
      "attributes": {
        "Precincts": "CPT CBD Phase 09",
        "Quickbase_Status": "Planned",
        "QBRecordID": 3339,
        "Third_Party_Dependant_For_Conne": null,
        "Latitude": -33.91998394,
        "Longitude": 18.4190657
      }
    },
    {
      "attributes": {
        "Precincts": "CPT CBD Phase 09",
        "Quickbase_Status": "Planned",
        "QBRecordID": 3338,
        "Third_Party_Dependant_For_Conne": null,
        "Latitude": -33.91991796,
        "Longitude": 18.4188996
      }
    },
    {
      "attributes": {
        "Precincts": "CPT CBD Phase 09",
        "Quickbase_Status": "Planned",
        "QBRecordID": 3343,
        "Third_Party_Dependant_For_Conne": null,
        "Latitude": -33.91994581,
        "Longitude": 18.41839648
      }
    },
    {
      "attributes": {
        "Precincts": "CPT CBD Phase 09",
        "Quickbase_Status": "Planned",
        "QBRecordID": 3358,
        "Third_Party_Dependant_For_Conne": null,
        "Latitude": -33.92145473,
        "Longitude": 18.41748404
      }
    },
    {
      "attributes": {
        "Precincts": "CPT CBD Phase 09",
        "Quickbase_Status": "Planned",
        "QBRecordID": 3361,
        "Third_Party_Dependant_For_Conne": null,
        "Latitude": -33.92139541,
        "Longitude": 18.41860886
      }
    },
    {
      "attributes": {
        "Precincts": "CPT CBD Phase 09",
        "Quickbase_Status": "Planned",
        "QBRecordID": 3365,
        "Third_Party_Dependant_For_Conne": null,
        "Latitude": -33.92156468,
        "Longitude": 18.41834274
      }
    },
    {
      "attributes": {
        "Precincts": "CPT CBD Phase 09",
        "Quickbase_Status": "Planned",
        "QBRecordID": 3364,
        "Third_Party_Dependant_For_Conne": null,
        "Latitude": -33.9217273,
        "Longitude": 18.41845017
      }
    },
    {
      "attributes": {
        "Precincts": "CPT CBD Phase 09",
        "Quickbase_Status": "Planned",
        "QBRecordID": 3369,
        "Third_Party_Dependant_For_Conne": null,
        "Latitude": -33.92192877,
        "Longitude": 18.41792349
      }
    },
    {
      "attributes": {
        "Precincts": "CPT CBD Phase 09",
        "Quickbase_Status": "Planned",
        "QBRecordID": 3374,
        "Third_Party_Dependant_For_Conne": null,
        "Latitude": -33.92221423,
        "Longitude": 18.41667853
      }
    },
    {
      "attributes": {
        "Precincts": "CPT CBD Phase 11",
        "Quickbase_Status": "Planned",
        "QBRecordID": 3382,
        "Third_Party_Dependant_For_Conne": null,
        "Latitude": -33.92238841,
        "Longitude": 18.41770988
      }
    },
    {
      "attributes": {
        "Precincts": "CPT CBD Phase 09",
        "Quickbase_Status": "Planned",
        "QBRecordID": 3380,
        "Third_Party_Dependant_For_Conne": null,
        "Latitude": -33.92218225,
        "Longitude": 18.41743858
      }
    },
    {
      "attributes": {
        "Precincts": "CPT CBD Phase 09",
        "Quickbase_Status": "Planned",
        "QBRecordID": 3385,
        "Third_Party_Dependant_For_Conne": null,
        "Latitude": -33.92274769,
        "Longitude": 18.41741105
      }
    },
    {
      "attributes": {
        "Precincts": "CPT CBD Phase 08",
        "Quickbase_Status": "Planned",
        "QBRecordID": 3276,
        "Third_Party_Dependant_For_Conne": null,
        "Latitude": -33.91738637,
        "Longitude": 18.42273891
      }
    },
    {
      "attributes": {
        "Precincts": "CPT CBD Phase 08",
        "Quickbase_Status": "Planned",
        "QBRecordID": 3277,
        "Third_Party_Dependant_For_Conne": null,
        "Latitude": -33.91721893,
        "Longitude": 18.4212371
      }
    },
    {
      "attributes": {
        "Precincts": "CPT CBD Phase 08",
        "Quickbase_Status": "Planned",
        "QBRecordID": 3279,
        "Third_Party_Dependant_For_Conne": null,
        "Latitude": -33.91736571,
        "Longitude": 18.42180794
      }
    },
    {
      "attributes": {
        "Precincts": "CPT CBD Phase 08",
        "Quickbase_Status": "Planned",
        "QBRecordID": 3280,
        "Third_Party_Dependant_For_Conne": null,
        "Latitude": -33.91745212,
        "Longitude": 18.42172157
      }
    },
    {
      "attributes": {
        "Precincts": "CPT CBD Phase 08",
        "Quickbase_Status": "Planned",
        "QBRecordID": 3281,
        "Third_Party_Dependant_For_Conne": null,
        "Latitude": -33.91755393,
        "Longitude": 18.42159981
      }
    },
    {
      "attributes": {
        "Precincts": "CPT CBD Phase 08",
        "Quickbase_Status": "Planned",
        "QBRecordID": 3282,
        "Third_Party_Dependant_For_Conne": null,
        "Latitude": -33.91769152,
        "Longitude": 18.42147022
      }
    },
    {
      "attributes": {
        "Precincts": "CPT CBD Phase 08",
        "Quickbase_Status": "Planned",
        "QBRecordID": 3283,
        "Third_Party_Dependant_For_Conne": null,
        "Latitude": -33.91781578,
        "Longitude": 18.42226409
      }
    },
    {
      "attributes": {
        "Precincts": "CPT CBD Phase 08",
        "Quickbase_Status": "Planned",
        "QBRecordID": 3289,
        "Third_Party_Dependant_For_Conne": null,
        "Latitude": -33.91796281,
        "Longitude": 18.42205461
      }
    },
    {
      "attributes": {
        "Precincts": "CPT CBD Phase 08",
        "Quickbase_Status": "Planned",
        "QBRecordID": 3286,
        "Third_Party_Dependant_For_Conne": null,
        "Latitude": -33.91830421,
        "Longitude": 18.42225808
      }
    },
    {
      "attributes": {
        "Precincts": "CPT CBD Phase 08",
        "Quickbase_Status": "Planned",
        "QBRecordID": 3285,
        "Third_Party_Dependant_For_Conne": null,
        "Latitude": -33.91817207,
        "Longitude": 18.42227775
      }
    },
    {
      "attributes": {
        "Precincts": "CPT CBD Phase 08",
        "Quickbase_Status": "Planned",
        "QBRecordID": 3292,
        "Third_Party_Dependant_For_Conne": null,
        "Latitude": -33.91869415,
        "Longitude": 18.42182913
      }
    },
    {
      "attributes": {
        "Precincts": "CPT CBD Phase 08",
        "Quickbase_Status": "Planned",
        "QBRecordID": 3293,
        "Third_Party_Dependant_For_Conne": null,
        "Latitude": -33.91863186,
        "Longitude": 18.4216803
      }
    },
    {
      "attributes": {
        "Precincts": "CPT CBD Phase 08",
        "Quickbase_Status": "Planned",
        "QBRecordID": 3299,
        "Third_Party_Dependant_For_Conne": null,
        "Latitude": -33.91775295,
        "Longitude": 18.42069315
      }
    },
    {
      "attributes": {
        "Precincts": "CPT CBD Phase 08",
        "Quickbase_Status": "Planned",
        "QBRecordID": 3303,
        "Third_Party_Dependant_For_Conne": null,
        "Latitude": -33.91842029,
        "Longitude": 18.42003344
      }
    },
    {
      "attributes": {
        "Precincts": "CPT CBD Phase 08",
        "Quickbase_Status": "Planned",
        "QBRecordID": 3301,
        "Third_Party_Dependant_For_Conne": null,
        "Latitude": -33.91824399,
        "Longitude": 18.42029404
      }
    },
    {
      "attributes": {
        "Precincts": "CPT CBD Phase 08",
        "Quickbase_Status": "Planned",
        "QBRecordID": 3310,
        "Third_Party_Dependant_For_Conne": null,
        "Latitude": -33.91922211,
        "Longitude": 18.4218563
      }
    },
    {
      "attributes": {
        "Precincts": "CPT CBD Phase 08",
        "Quickbase_Status": "Planned",
        "QBRecordID": 3311,
        "Third_Party_Dependant_For_Conne": null,
        "Latitude": -33.91931305,
        "Longitude": 18.42174717
      }
    },
    {
      "attributes": {
        "Precincts": "CPT CBD Phase 08",
        "Quickbase_Status": "Planned",
        "QBRecordID": 3316,
        "Third_Party_Dependant_For_Conne": null,
        "Latitude": -33.91936958,
        "Longitude": 18.42159836
      }
    },
    {
      "attributes": {
        "Precincts": "CPT CBD Phase 08",
        "Quickbase_Status": "Planned",
        "QBRecordID": 3315,
        "Third_Party_Dependant_For_Conne": null,
        "Latitude": -33.9194667,
        "Longitude": 18.42148426
      }
    },
    {
      "attributes": {
        "Precincts": "CPT CBD Phase 08",
        "Quickbase_Status": "Planned",
        "QBRecordID": 3313,
        "Third_Party_Dependant_For_Conne": null,
        "Latitude": -33.91948462,
        "Longitude": 18.42167238
      }
    },
    {
      "attributes": {
        "Precincts": "CPT CBD Phase 08",
        "Quickbase_Status": "Planned",
        "QBRecordID": 3322,
        "Third_Party_Dependant_For_Conne": null,
        "Latitude": -33.91885418,
        "Longitude": 18.41933731
      }
    },
    {
      "attributes": {
        "Precincts": "CPT CBD Phase 08",
        "Quickbase_Status": "Planned",
        "QBRecordID": 3321,
        "Third_Party_Dependant_For_Conne": null,
        "Latitude": -33.91894669,
        "Longitude": 18.41955437
      }
    },
    {
      "attributes": {
        "Precincts": "CPT CBD Phase 08",
        "Quickbase_Status": "Planned",
        "QBRecordID": 3320,
        "Third_Party_Dependant_For_Conne": null,
        "Latitude": -33.91912372,
        "Longitude": 18.41968564
      }
    },
    {
      "attributes": {
        "Precincts": "CPT CBD Phase 08",
        "Quickbase_Status": "Planned",
        "QBRecordID": 3319,
        "Third_Party_Dependant_For_Conne": null,
        "Latitude": -33.91894539,
        "Longitude": 18.42015695
      }
    },
    {
      "attributes": {
        "Precincts": "CPT CBD Phase 08",
        "Quickbase_Status": "Planned",
        "QBRecordID": 7013,
        "Third_Party_Dependant_For_Conne": null,
        "Latitude": -33.91861449,
        "Longitude": 18.41956912
      }
    },
    {
      "attributes": {
        "Precincts": "CPT CBD Phase 08",
        "Quickbase_Status": "Planned",
        "QBRecordID": 7012,
        "Third_Party_Dependant_For_Conne": null,
        "Latitude": -33.91869277,
        "Longitude": 18.41992266
      }
    },
    {
      "attributes": {
        "Precincts": "CPT CBD Phase 08",
        "Quickbase_Status": "Planned",
        "QBRecordID": 3326,
        "Third_Party_Dependant_For_Conne": null,
        "Latitude": -33.91937295,
        "Longitude": 18.42083327
      }
    },
    {
      "attributes": {
        "Precincts": "CPT CBD Phase 08",
        "Quickbase_Status": "Planned",
        "QBRecordID": 3334,
        "Third_Party_Dependant_For_Conne": null,
        "Latitude": -33.91978727,
        "Longitude": 18.42113858
      }
    },
    {
      "attributes": {
        "Precincts": "CPT CBD Phase 08",
        "Quickbase_Status": "Planned",
        "QBRecordID": 3333,
        "Third_Party_Dependant_For_Conne": null,
        "Latitude": -33.91986371,
        "Longitude": 18.42102949
      }
    },
    {
      "attributes": {
        "Precincts": "CPT CBD Phase 08",
        "Quickbase_Status": "Planned",
        "QBRecordID": 3330,
        "Third_Party_Dependant_For_Conne": null,
        "Latitude": -33.91982888,
        "Longitude": 18.42131228
      }
    },
    {
      "attributes": {
        "Precincts": "CPT CBD Phase 08",
        "Quickbase_Status": "Planned",
        "QBRecordID": 3332,
        "Third_Party_Dependant_For_Conne": null,
        "Latitude": -33.92005808,
        "Longitude": 18.42103821
      }
    },
    {
      "attributes": {
        "Precincts": "CPT CBD Phase 07",
        "Quickbase_Status": "Planned",
        "QBRecordID": 3234,
        "Third_Party_Dependant_For_Conne": null,
        "Latitude": -33.92468509,
        "Longitude": 18.41833762
      }
    },
    {
      "attributes": {
        "Precincts": "CPT CBD Phase 07",
        "Quickbase_Status": "Planned",
        "QBRecordID": 3239,
        "Third_Party_Dependant_For_Conne": null,
        "Latitude": -33.92611509,
        "Longitude": 18.41664277
      }
    },
    {
      "attributes": {
        "Precincts": "CPT CBD Phase 07",
        "Quickbase_Status": "Planned",
        "QBRecordID": 3241,
        "Third_Party_Dependant_For_Conne": null,
        "Latitude": -33.92342006,
        "Longitude": 18.41723826
      }
    },
    {
      "attributes": {
        "Precincts": "CPT CBD Phase 07",
        "Quickbase_Status": "Planned",
        "QBRecordID": 3248,
        "Third_Party_Dependant_For_Conne": null,
        "Latitude": -33.92383795,
        "Longitude": 18.41741923
      }
    },
    {
      "attributes": {
        "Precincts": "CPT CBD Phase 07",
        "Quickbase_Status": "Planned",
        "QBRecordID": 3243,
        "Third_Party_Dependant_For_Conne": null,
        "Latitude": -33.92351486,
        "Longitude": 18.41759767
      }
    },
    {
      "attributes": {
        "Precincts": "CPT CBD Phase 07",
        "Quickbase_Status": "Planned",
        "QBRecordID": 3257,
        "Third_Party_Dependant_For_Conne": null,
        "Latitude": -33.9245964,
        "Longitude": 18.41732382
      }
    },
    {
      "attributes": {
        "Precincts": "CPT CBD Phase 07",
        "Quickbase_Status": "Planned",
        "QBRecordID": 3256,
        "Third_Party_Dependant_For_Conne": null,
        "Latitude": -33.92475262,
        "Longitude": 18.41747245
      }
    },
    {
      "attributes": {
        "Precincts": "CPT CBD Phase 07",
        "Quickbase_Status": "Planned",
        "QBRecordID": 3252,
        "Third_Party_Dependant_For_Conne": null,
        "Latitude": -33.92427028,
        "Longitude": 18.41742245
      }
    },
    {
      "attributes": {
        "Precincts": "CPT CBD Phase 07",
        "Quickbase_Status": "Planned",
        "QBRecordID": 3259,
        "Third_Party_Dependant_For_Conne": null,
        "Latitude": -33.92475206,
        "Longitude": 18.41696115
      }
    },
    {
      "attributes": {
        "Precincts": "CPT CBD Phase 07",
        "Quickbase_Status": "Planned",
        "QBRecordID": 3264,
        "Third_Party_Dependant_For_Conne": null,
        "Latitude": -33.92480367,
        "Longitude": 18.41683526
      }
    },
    {
      "attributes": {
        "Precincts": "CPT CBD Phase 07",
        "Quickbase_Status": "Planned",
        "QBRecordID": 3267,
        "Third_Party_Dependant_For_Conne": null,
        "Latitude": -33.92550554,
        "Longitude": 18.41649345
      }
    },
    {
      "attributes": {
        "Precincts": "CPT CBD Phase 07",
        "Quickbase_Status": "Planned",
        "QBRecordID": 3269,
        "Third_Party_Dependant_For_Conne": null,
        "Latitude": -33.92577228,
        "Longitude": 18.41614702
      }
    },
    {
      "attributes": {
        "Precincts": "CPT CBD Phase 07",
        "Quickbase_Status": "Planned",
        "QBRecordID": 3268,
        "Third_Party_Dependant_For_Conne": null,
        "Latitude": -33.92560815,
        "Longitude": 18.4163723
      }
    },
    {
      "attributes": {
        "Precincts": "CPT CBD Phase 07",
        "Quickbase_Status": "Planned",
        "QBRecordID": 3272,
        "Third_Party_Dependant_For_Conne": null,
        "Latitude": -33.92546118,
        "Longitude": 18.41610308
      }
    },
    {
      "attributes": {
        "Precincts": "CPT CBD Phase 07",
        "Quickbase_Status": "Planned",
        "QBRecordID": 3265,
        "Third_Party_Dependant_For_Conne": null,
        "Latitude": -33.92507696,
        "Longitude": 18.41651423
      }
    },
    {
      "attributes": {
        "Precincts": "CPT CBD Phase 07",
        "Quickbase_Status": "Planned",
        "QBRecordID": 3270,
        "Third_Party_Dependant_For_Conne": null,
        "Latitude": -33.92535215,
        "Longitude": 18.41624628
      }
    },
    {
      "attributes": {
        "Precincts": "CPT CBD Phase 05",
        "Quickbase_Status": "Planned",
        "QBRecordID": 3160,
        "Third_Party_Dependant_For_Conne": null,
        "Latitude": -33.9230454,
        "Longitude": 18.41672869
      }
    },
    {
      "attributes": {
        "Precincts": "CPT CBD Phase 05",
        "Quickbase_Status": "Planned",
        "QBRecordID": 3161,
        "Third_Party_Dependant_For_Conne": null,
        "Latitude": -33.92332056,
        "Longitude": 18.41610002
      }
    },
    {
      "attributes": {
        "Precincts": "CPT CBD Phase 05",
        "Quickbase_Status": "Planned",
        "QBRecordID": 3162,
        "Third_Party_Dependant_For_Conne": null,
        "Latitude": -33.92341429,
        "Longitude": 18.41622535
      }
    },
    {
      "attributes": {
        "Precincts": "CPT CBD Phase 05",
        "Quickbase_Status": "Planned",
        "QBRecordID": 3164,
        "Third_Party_Dependant_For_Conne": null,
        "Latitude": -33.92356094,
        "Longitude": 18.41630708
      }
    },
    {
      "attributes": {
        "Precincts": "CPT CBD Phase 05",
        "Quickbase_Status": "Planned",
        "QBRecordID": 3165,
        "Third_Party_Dependant_For_Conne": null,
        "Latitude": -33.92361354,
        "Longitude": 18.41648084
      }
    },
    {
      "attributes": {
        "Precincts": "CPT CBD Phase 05",
        "Quickbase_Status": "Planned",
        "QBRecordID": 3169,
        "Third_Party_Dependant_For_Conne": null,
        "Latitude": -33.92344873,
        "Longitude": 18.41601705
      }
    },
    {
      "attributes": {
        "Precincts": "CPT CBD Phase 05",
        "Quickbase_Status": "Planned",
        "QBRecordID": 3168,
        "Third_Party_Dependant_For_Conne": null,
        "Latitude": -33.92352442,
        "Longitude": 18.41585309
      }
    },
    {
      "attributes": {
        "Precincts": "CPT CBD Phase 05",
        "Quickbase_Status": "Planned",
        "QBRecordID": 3166,
        "Third_Party_Dependant_For_Conne": null,
        "Latitude": -33.9238172,
        "Longitude": 18.41625246
      }
    },
    {
      "attributes": {
        "Precincts": "CPT CBD Phase 05",
        "Quickbase_Status": "Planned",
        "QBRecordID": 3163,
        "Third_Party_Dependant_For_Conne": null,
        "Latitude": -33.92371641,
        "Longitude": 18.41636026
      }
    },
    {
      "attributes": {
        "Precincts": "CPT CBD Phase 05",
        "Quickbase_Status": "Planned",
        "QBRecordID": 3167,
        "Third_Party_Dependant_For_Conne": null,
        "Latitude": -33.92366083,
        "Longitude": 18.41605585
      }
    },
    {
      "attributes": {
        "Precincts": "CPT CBD Phase 05",
        "Quickbase_Status": "Planned",
        "QBRecordID": 3170,
        "Third_Party_Dependant_For_Conne": null,
        "Latitude": -33.92398851,
        "Longitude": 18.41674183
      }
    },
    {
      "attributes": {
        "Precincts": "CPT CBD Phase 05",
        "Quickbase_Status": "Planned",
        "QBRecordID": 3171,
        "Third_Party_Dependant_For_Conne": null,
        "Latitude": -33.92407896,
        "Longitude": 18.41712753
      }
    },
    {
      "attributes": {
        "Precincts": "CPT CBD Phase 05",
        "Quickbase_Status": "Planned",
        "QBRecordID": 3172,
        "Third_Party_Dependant_For_Conne": null,
        "Latitude": -33.9241837,
        "Longitude": 18.4170128
      }
    },
    {
      "attributes": {
        "Precincts": "CPT CBD Phase 05",
        "Quickbase_Status": "Planned",
        "QBRecordID": 3174,
        "Third_Party_Dependant_For_Conne": null,
        "Latitude": -33.9242996,
        "Longitude": 18.4168972
      }
    },
    {
      "attributes": {
        "Precincts": "CPT CBD Phase 05",
        "Quickbase_Status": "Planned",
        "QBRecordID": 3176,
        "Third_Party_Dependant_For_Conne": null,
        "Latitude": -33.92395191,
        "Longitude": 18.41579719
      }
    },
    {
      "attributes": {
        "Precincts": "CPT CBD Phase 05",
        "Quickbase_Status": "Planned",
        "QBRecordID": 3175,
        "Third_Party_Dependant_For_Conne": null,
        "Latitude": -33.92373405,
        "Longitude": 18.41563536
      }
    },
    {
      "attributes": {
        "Precincts": "CPT CBD Phase 05",
        "Quickbase_Status": "Planned",
        "QBRecordID": 3183,
        "Third_Party_Dependant_For_Conne": null,
        "Latitude": -33.92425718,
        "Longitude": 18.41627648
      }
    },
    {
      "attributes": {
        "Precincts": "CPT CBD Phase 05",
        "Quickbase_Status": "Planned",
        "QBRecordID": 3189,
        "Third_Party_Dependant_For_Conne": null,
        "Latitude": -33.92450246,
        "Longitude": 18.41596374
      }
    },
    {
      "attributes": {
        "Precincts": "CPT CBD Phase 05",
        "Quickbase_Status": "Planned",
        "QBRecordID": 3184,
        "Third_Party_Dependant_For_Conne": null,
        "Latitude": -33.92447609,
        "Longitude": 18.41658824
      }
    },
    {
      "attributes": {
        "Precincts": "Somerset West Phase 1",
        "Quickbase_Status": "Planned",
        "QBRecordID": 79394,
        "Third_Party_Dependant_For_Conne": null,
        "Latitude": -34.07626311,
        "Longitude": 18.81762809
      }
    },
    {
      "attributes": {
        "Precincts": "Somerset West Phase 1",
        "Quickbase_Status": "Planned",
        "QBRecordID": 79395,
        "Third_Party_Dependant_For_Conne": null,
        "Latitude": -34.08052743,
        "Longitude": 18.81784719
      }
    },
    {
      "attributes": {
        "Precincts": "Somerset West Phase 1",
        "Quickbase_Status": "Planned",
        "QBRecordID": 79396,
        "Third_Party_Dependant_For_Conne": null,
        "Latitude": -34.08056237,
        "Longitude": 18.81768661
      }
    },
    {
      "attributes": {
        "Precincts": "CPT CBD Phase 07",
        "Quickbase_Status": "Planned",
        "QBRecordID": 3246,
        "Third_Party_Dependant_For_Conne": null,
        "Latitude": -33.92368519,
        "Longitude": 18.41753395
      }
    },
    {
      "attributes": {
        "Precincts": "CPT CBD Phase 13",
        "Quickbase_Status": "Planned",
        "QBRecordID": 7865,
        "Third_Party_Dependant_For_Conne": null,
        "Latitude": -33.92115457,
        "Longitude": 18.42069851
      }
    },
    {
      "attributes": {
        "Precincts": "Somerset West Phase 1",
        "Quickbase_Status": "Planned",
        "QBRecordID": 14309,
        "Third_Party_Dependant_For_Conne": null,
        "Latitude": -34.07967471,
        "Longitude": 18.81672227
      }
    },
    {
      "attributes": {
        "Precincts": "Somerset West Phase 2",
        "Quickbase_Status": "Planned",
        "QBRecordID": 16336,
        "Third_Party_Dependant_For_Conne": null,
        "Latitude": -34.08887214,
        "Longitude": 18.82192123
      }
    },
    {
      "attributes": {
        "Precincts": "Somerset West Phase 2",
        "Quickbase_Status": "Planned",
        "QBRecordID": 16337,
        "Third_Party_Dependant_For_Conne": null,
        "Latitude": -34.08908272,
        "Longitude": 18.82282027
      }
    },
    {
      "attributes": {
        "Precincts": "Somerset West Phase 1",
        "Quickbase_Status": "Planned",
        "QBRecordID": 14308,
        "Third_Party_Dependant_For_Conne": null,
        "Latitude": -34.08058746,
        "Longitude": 18.81719501
      }
    },
    {
      "attributes": {
        "Precincts": "Somerset West Phase 2",
        "Quickbase_Status": "Planned",
        "QBRecordID": 14304,
        "Third_Party_Dependant_For_Conne": null,
        "Latitude": -34.08208226,
        "Longitude": 18.82027355
      }
    },
    {
      "attributes": {
        "Precincts": "Somerset West Phase 1",
        "Quickbase_Status": "Planned",
        "QBRecordID": 14310,
        "Third_Party_Dependant_For_Conne": null,
        "Latitude": -34.07650336,
        "Longitude": 18.81865469
      }
    },
    {
      "attributes": {
        "Precincts": "Brackengate Business Park",
        "Quickbase_Status": "Planned",
        "QBRecordID": 6611,
        "Third_Party_Dependant_For_Conne": null,
        "Latitude": -33.89175837,
        "Longitude": 18.6840001
      }
    },
    {
      "attributes": {
        "Precincts": "Somerset West Phase 3",
        "Quickbase_Status": "Planned",
        "QBRecordID": 14275,
        "Third_Party_Dependant_For_Conne": null,
        "Latitude": -34.08678018,
        "Longitude": 18.82170025
      }
    },
    {
      "attributes": {
        "Precincts": "Somerset West Phase 2",
        "Quickbase_Status": "Planned",
        "QBRecordID": 14298,
        "Third_Party_Dependant_For_Conne": null,
        "Latitude": -34.08282315,
        "Longitude": 18.81999977
      }
    },
    {
      "attributes": {
        "Precincts": "Somerset West Phase 2",
        "Quickbase_Status": "Planned",
        "QBRecordID": 14343,
        "Third_Party_Dependant_For_Conne": null,
        "Latitude": -34.08890719,
        "Longitude": 18.8223394
      }
    },
    {
      "attributes": {
        "Precincts": "Umgeni Business Park",
        "Quickbase_Status": "Planned",
        "QBRecordID": 13323,
        "Third_Party_Dependant_For_Conne": null,
        "Latitude": -29.81180662,
        "Longitude": 30.99435405
      }
    },
    {
      "attributes": {
        "Precincts": "Umgeni Business Park",
        "Quickbase_Status": "Planned",
        "QBRecordID": 13324,
        "Third_Party_Dependant_For_Conne": null,
        "Latitude": -29.81198571,
        "Longitude": 30.9941946
      }
    },
    {
      "attributes": {
        "Precincts": "Umgeni Business Park",
        "Quickbase_Status": "Planned",
        "QBRecordID": 13325,
        "Third_Party_Dependant_For_Conne": null,
        "Latitude": -29.81236259,
        "Longitude": 30.99410896
      }
    },
    {
      "attributes": {
        "Precincts": "Umgeni Business Park",
        "Quickbase_Status": "Planned",
        "QBRecordID": 13326,
        "Third_Party_Dependant_For_Conne": null,
        "Latitude": -29.81200183,
        "Longitude": 30.99466767
      }
    },
    {
      "attributes": {
        "Precincts": "Umgeni Business Park",
        "Quickbase_Status": "Planned",
        "QBRecordID": 13327,
        "Third_Party_Dependant_For_Conne": null,
        "Latitude": -29.81254913,
        "Longitude": 30.99443302
      }
    },
    {
      "attributes": {
        "Precincts": "Umgeni Business Park",
        "Quickbase_Status": "Planned",
        "QBRecordID": 13353,
        "Third_Party_Dependant_For_Conne": null,
        "Latitude": -29.81313583,
        "Longitude": 31.00062478
      }
    },
    {
      "attributes": {
        "Precincts": "Umgeni Business Park",
        "Quickbase_Status": "Planned",
        "QBRecordID": 13354,
        "Third_Party_Dependant_For_Conne": null,
        "Latitude": -29.81313709,
        "Longitude": 31.00126937
      }
    },
    {
      "attributes": {
        "Precincts": "CPT CBD Phase 05",
        "Quickbase_Status": "Planned",
        "QBRecordID": 3186,
        "Third_Party_Dependant_For_Conne": null,
        "Latitude": -33.92469377,
        "Longitude": 18.41635028
      }
    },
    {
      "attributes": {
        "Precincts": "CPT CBD Phase 05",
        "Quickbase_Status": "Planned",
        "QBRecordID": 3192,
        "Third_Party_Dependant_For_Conne": null,
        "Latitude": -33.92442949,
        "Longitude": 18.41507402
      }
    },
    {
      "attributes": {
        "Precincts": "CPT CBD Phase 05",
        "Quickbase_Status": "Planned",
        "QBRecordID": 3191,
        "Third_Party_Dependant_For_Conne": null,
        "Latitude": -33.92428988,
        "Longitude": 18.41499398
      }
    },
    {
      "attributes": {
        "Precincts": "CPT CBD Phase 05",
        "Quickbase_Status": "Planned",
        "QBRecordID": 3198,
        "Third_Party_Dependant_For_Conne": null,
        "Latitude": -33.92462883,
        "Longitude": 18.41460668
      }
    },
    {
      "attributes": {
        "Precincts": "CPT CBD Phase 05",
        "Quickbase_Status": "Planned",
        "QBRecordID": 3204,
        "Third_Party_Dependant_For_Conne": null,
        "Latitude": -33.92538256,
        "Longitude": 18.41569896
      }
    },
    {
      "attributes": {
        "Precincts": "CPT CBD Phase 05",
        "Quickbase_Status": "Planned",
        "QBRecordID": 3203,
        "Third_Party_Dependant_For_Conne": null,
        "Latitude": -33.925245,
        "Longitude": 18.4158824
      }
    },
    {
      "attributes": {
        "Precincts": "CPT CBD Phase 05",
        "Quickbase_Status": "Planned",
        "QBRecordID": 3201,
        "Third_Party_Dependant_For_Conne": null,
        "Latitude": -33.92501441,
        "Longitude": 18.4156066
      }
    },
    {
      "attributes": {
        "Precincts": "CPT CBD Phase 10",
        "Quickbase_Status": "Planned",
        "QBRecordID": 3556,
        "Third_Party_Dependant_For_Conne": null,
        "Latitude": -33.92035503,
        "Longitude": 18.42643769
      }
    },
    {
      "attributes": {
        "Precincts": "CPT CBD Phase 10",
        "Quickbase_Status": "Planned",
        "QBRecordID": 3564,
        "Third_Party_Dependant_For_Conne": null,
        "Latitude": -33.92398107,
        "Longitude": 18.42204305
      }
    },
    {
      "attributes": {
        "Precincts": "CPT CBD Phase 10",
        "Quickbase_Status": "Planned",
        "QBRecordID": 3565,
        "Third_Party_Dependant_For_Conne": null,
        "Latitude": -33.9241681,
        "Longitude": 18.42192012
      }
    },
    {
      "attributes": {
        "Precincts": "CPT CBD Phase 10",
        "Quickbase_Status": "Planned",
        "QBRecordID": 3568,
        "Third_Party_Dependant_For_Conne": null,
        "Latitude": -33.92431736,
        "Longitude": 18.42230099
      }
    },
    {
      "attributes": {
        "Precincts": "CPT CBD Phase 10",
        "Quickbase_Status": "Planned",
        "QBRecordID": 3573,
        "Third_Party_Dependant_For_Conne": null,
        "Latitude": -33.92471414,
        "Longitude": 18.42301027
      }
    },
    {
      "attributes": {
        "Precincts": "CPT CBD Phase 10",
        "Quickbase_Status": "Planned",
        "QBRecordID": 3574,
        "Third_Party_Dependant_For_Conne": null,
        "Latitude": -33.92484968,
        "Longitude": 18.4232493
      }
    },
    {
      "attributes": {
        "Precincts": "CPT CBD Phase 10",
        "Quickbase_Status": "Planned",
        "QBRecordID": 3576,
        "Third_Party_Dependant_For_Conne": null,
        "Latitude": -33.92506371,
        "Longitude": 18.42301372
      }
    },
    {
      "attributes": {
        "Precincts": "CPT CBD Phase 10",
        "Quickbase_Status": "Planned",
        "QBRecordID": 7078,
        "Third_Party_Dependant_For_Conne": null,
        "Latitude": -33.92451646,
        "Longitude": 18.42097593
      }
    },
    {
      "attributes": {
        "Precincts": "CPT CBD Phase 10",
        "Quickbase_Status": "Planned",
        "QBRecordID": 3580,
        "Third_Party_Dependant_For_Conne": null,
        "Latitude": -33.92434095,
        "Longitude": 18.42139023
      }
    },
    {
      "attributes": {
        "Precincts": "CPT CBD Phase 10",
        "Quickbase_Status": "Planned",
        "QBRecordID": 3582,
        "Third_Party_Dependant_For_Conne": null,
        "Latitude": -33.92472548,
        "Longitude": 18.42198983
      }
    },
    {
      "attributes": {
        "Precincts": "CPT CBD Phase 10",
        "Quickbase_Status": "Planned",
        "QBRecordID": 3583,
        "Third_Party_Dependant_For_Conne": null,
        "Latitude": -33.92479164,
        "Longitude": 18.42208823
      }
    },
    {
      "attributes": {
        "Precincts": "CPT CBD Phase 10",
        "Quickbase_Status": "Planned",
        "QBRecordID": 3584,
        "Third_Party_Dependant_For_Conne": null,
        "Latitude": -33.92484157,
        "Longitude": 18.42224474
      }
    },
    {
      "attributes": {
        "Precincts": "CPT CBD Phase 10",
        "Quickbase_Status": "Planned",
        "QBRecordID": 3589,
        "Third_Party_Dependant_For_Conne": null,
        "Latitude": -33.92476758,
        "Longitude": 18.42167945
      }
    },
    {
      "attributes": {
        "Precincts": "CPT CBD Phase 10",
        "Quickbase_Status": "Planned",
        "QBRecordID": 3585,
        "Third_Party_Dependant_For_Conne": null,
        "Latitude": -33.92503635,
        "Longitude": 18.42205954
      }
    },
    {
      "attributes": {
        "Precincts": "CPT CBD Phase 10",
        "Quickbase_Status": "Planned",
        "QBRecordID": 3591,
        "Third_Party_Dependant_For_Conne": null,
        "Latitude": -33.92521894,
        "Longitude": 18.42172231
      }
    },
    {
      "attributes": {
        "Precincts": "CPT CBD Phase 10",
        "Quickbase_Status": "Planned",
        "QBRecordID": 3590,
        "Third_Party_Dependant_For_Conne": null,
        "Latitude": -33.92535589,
        "Longitude": 18.42153697
      }
    },
    {
      "attributes": {
        "Precincts": "CPT CBD Phase 10",
        "Quickbase_Status": "Planned",
        "QBRecordID": 3749,
        "Third_Party_Dependant_For_Conne": null,
        "Latitude": -33.92526475,
        "Longitude": 18.42262368
      }
    },
    {
      "attributes": {
        "Precincts": "CPT CBD Phase 10",
        "Quickbase_Status": "Planned",
        "QBRecordID": 3594,
        "Third_Party_Dependant_For_Conne": null,
        "Latitude": -33.92516237,
        "Longitude": 18.42057294
      }
    },
    {
      "attributes": {
        "Precincts": "CPT CBD Phase 09",
        "Quickbase_Status": "Planned",
        "QBRecordID": 8202,
        "Third_Party_Dependant_For_Conne": null,
        "Latitude": -33.92185958,
        "Longitude": 18.41700319
      }
    },
    {
      "attributes": {
        "Precincts": "Cresta",
        "Quickbase_Status": "Planned",
        "QBRecordID": 6806,
        "Third_Party_Dependant_For_Conne": null,
        "Latitude": -26.13418491,
        "Longitude": 27.97490849
      }
    },
    {
      "attributes": {
        "Precincts": "Cresta",
        "Quickbase_Status": "Planned",
        "QBRecordID": 6807,
        "Third_Party_Dependant_For_Conne": null,
        "Latitude": -26.13409663,
        "Longitude": 27.97508355
      }
    },
    {
      "attributes": {
        "Precincts": "Ballito Phase 1",
        "Quickbase_Status": "Planned",
        "QBRecordID": 7024,
        "Third_Party_Dependant_For_Conne": null,
        "Latitude": -29.5306549,
        "Longitude": 31.20208395
      }
    },
    {
      "attributes": {
        "Precincts": "Ballito Phase 1",
        "Quickbase_Status": "Planned",
        "QBRecordID": 7026,
        "Third_Party_Dependant_For_Conne": null,
        "Latitude": -29.5293757,
        "Longitude": 31.19949105
      }
    },
    {
      "attributes": {
        "Precincts": "Ballito Phase 1",
        "Quickbase_Status": "Planned",
        "QBRecordID": 7027,
        "Third_Party_Dependant_For_Conne": null,
        "Latitude": -29.52951798,
        "Longitude": 31.19930572
      }
    },
    {
      "attributes": {
        "Precincts": "Ballito Phase 1",
        "Quickbase_Status": "Planned",
        "QBRecordID": 7028,
        "Third_Party_Dependant_For_Conne": null,
        "Latitude": -29.52967449,
        "Longitude": 31.19900633
      }
    },
    {
      "attributes": {
        "Precincts": "Ballito Phase 1",
        "Quickbase_Status": "Planned",
        "QBRecordID": 7030,
        "Third_Party_Dependant_For_Conne": null,
        "Latitude": -29.52997321,
        "Longitude": 31.19856294
      }
    },
    {
      "attributes": {
        "Precincts": "Ballito Phase 1",
        "Quickbase_Status": "Planned",
        "QBRecordID": 7035,
        "Third_Party_Dependant_For_Conne": null,
        "Latitude": -29.52920426,
        "Longitude": 31.19739021
      }
    },
    {
      "attributes": {
        "Precincts": "Ballito Phase 1",
        "Quickbase_Status": "Planned",
        "QBRecordID": 7034,
        "Third_Party_Dependant_For_Conne": null,
        "Latitude": -29.52889456,
        "Longitude": 31.19748613
      }
    },
    {
      "attributes": {
        "Precincts": "Ballito Phase 2",
        "Quickbase_Status": "Planned",
        "QBRecordID": 7046,
        "Third_Party_Dependant_For_Conne": null,
        "Latitude": -29.52688364,
        "Longitude": 31.19870295
      }
    },
    {
      "attributes": {
        "Precincts": "Ballito Phase 1",
        "Quickbase_Status": "Planned",
        "QBRecordID": 7764,
        "Third_Party_Dependant_For_Conne": null,
        "Latitude": -29.5287233,
        "Longitude": 31.20068275
      }
    },
    {
      "attributes": {
        "Precincts": "Ballito Phase 2",
        "Quickbase_Status": "Planned",
        "QBRecordID": 7048,
        "Third_Party_Dependant_For_Conne": null,
        "Latitude": -29.52656523,
        "Longitude": 31.19947199
      }
    },
    {
      "attributes": {
        "Precincts": "Ballito Phase 2",
        "Quickbase_Status": "Planned",
        "QBRecordID": 7061,
        "Third_Party_Dependant_For_Conne": null,
        "Latitude": -29.52452826,
        "Longitude": 31.19862717
      }
    },
    {
      "attributes": {
        "Precincts": "Brackengate Business Park",
        "Quickbase_Status": "Planned",
        "QBRecordID": 6610,
        "Third_Party_Dependant_For_Conne": null,
        "Latitude": -33.89112234,
        "Longitude": 18.68232962
      }
    },
    {
      "attributes": {
        "Precincts": "Brackengate Business Park",
        "Quickbase_Status": "Planned",
        "QBRecordID": 6629,
        "Third_Party_Dependant_For_Conne": null,
        "Latitude": -33.89046214,
        "Longitude": 18.68030191
      }
    },
    {
      "attributes": {
        "Precincts": "Brackengate Business Park",
        "Quickbase_Status": "Planned",
        "QBRecordID": 6627,
        "Third_Party_Dependant_For_Conne": null,
        "Latitude": -33.89002956,
        "Longitude": 18.67954719
      }
    },
    {
      "attributes": {
        "Precincts": "Brackengate Business Park",
        "Quickbase_Status": "Planned",
        "QBRecordID": 6631,
        "Third_Party_Dependant_For_Conne": null,
        "Latitude": -33.89164946,
        "Longitude": 18.68113654
      }
    },
    {
      "attributes": {
        "Precincts": "Brackengate Business Park",
        "Quickbase_Status": "Planned",
        "QBRecordID": 6622,
        "Third_Party_Dependant_For_Conne": null,
        "Latitude": -33.89225671,
        "Longitude": 18.68145145
      }
    },
    {
      "attributes": {
        "Precincts": "Brackengate Business Park",
        "Quickbase_Status": "Planned",
        "QBRecordID": 6623,
        "Third_Party_Dependant_For_Conne": null,
        "Latitude": -33.89238945,
        "Longitude": 18.68103661
      }
    },
    {
      "attributes": {
        "Precincts": "Brackengate Business Park",
        "Quickbase_Status": "Planned",
        "QBRecordID": 6624,
        "Third_Party_Dependant_For_Conne": null,
        "Latitude": -33.89197769,
        "Longitude": 18.68036146
      }
    },
    {
      "attributes": {
        "Precincts": "Brooklyn",
        "Quickbase_Status": "Planned",
        "QBRecordID": 7226,
        "Third_Party_Dependant_For_Conne": null,
        "Latitude": -25.76975549,
        "Longitude": 28.23604902
      }
    },
    {
      "attributes": {
        "Precincts": "Westway Office Park",
        "Quickbase_Status": "Planned",
        "QBRecordID": 7123,
        "Third_Party_Dependant_For_Conne": null,
        "Latitude": -29.84797325,
        "Longitude": 30.92696956
      }
    },
    {
      "attributes": {
        "Precincts": "Westway Office Park",
        "Quickbase_Status": "Planned",
        "QBRecordID": 7111,
        "Third_Party_Dependant_For_Conne": null,
        "Latitude": -29.85041278,
        "Longitude": 30.92940195
      }
    },
    {
      "attributes": {
        "Precincts": "Westway Office Park",
        "Quickbase_Status": "Planned",
        "QBRecordID": 7110,
        "Third_Party_Dependant_For_Conne": null,
        "Latitude": -29.8501295,
        "Longitude": 30.92985672
      }
    },
    {
      "attributes": {
        "Precincts": "Westway Office Park",
        "Quickbase_Status": "Planned",
        "QBRecordID": 7131,
        "Third_Party_Dependant_For_Conne": null,
        "Latitude": -29.84938945,
        "Longitude": 30.92975479
      }
    },
    {
      "attributes": {
        "Precincts": "Westway Office Park",
        "Quickbase_Status": "Planned",
        "QBRecordID": 7105,
        "Third_Party_Dependant_For_Conne": null,
        "Latitude": -29.85188465,
        "Longitude": 30.93114441
      }
    },
    {
      "attributes": {
        "Precincts": "Westway Office Park",
        "Quickbase_Status": "Planned",
        "QBRecordID": 7104,
        "Third_Party_Dependant_For_Conne": null,
        "Latitude": -29.85054669,
        "Longitude": 30.93121417
      }
    },
    {
      "attributes": {
        "Precincts": "Derby Downs",
        "Quickbase_Status": "Planned",
        "QBRecordID": 7362,
        "Third_Party_Dependant_For_Conne": null,
        "Latitude": -29.82899857,
        "Longitude": 30.95401612
      }
    },
    {
      "attributes": {
        "Precincts": "Derby Downs",
        "Quickbase_Status": "Planned",
        "QBRecordID": 7354,
        "Third_Party_Dependant_For_Conne": null,
        "Latitude": -29.82844606,
        "Longitude": 30.95537352
      }
    },
    {
      "attributes": {
        "Precincts": "Derby Downs",
        "Quickbase_Status": "Planned",
        "QBRecordID": 7351,
        "Third_Party_Dependant_For_Conne": null,
        "Latitude": -29.82723501,
        "Longitude": 30.95550983
      }
    },
    {
      "attributes": {
        "Precincts": "Derby Downs",
        "Quickbase_Status": "Planned",
        "QBRecordID": 7352,
        "Third_Party_Dependant_For_Conne": null,
        "Latitude": -29.82700523,
        "Longitude": 30.95572366
      }
    },
    {
      "attributes": {
        "Precincts": "Derby Downs",
        "Quickbase_Status": "Planned",
        "QBRecordID": 7349,
        "Third_Party_Dependant_For_Conne": null,
        "Latitude": -29.8264515,
        "Longitude": 30.95575944
      }
    },
    {
      "attributes": {
        "Precincts": "Nelson Road",
        "Quickbase_Status": "Planned",
        "QBRecordID": 7342,
        "Third_Party_Dependant_For_Conne": null,
        "Latitude": -29.83177048,
        "Longitude": 30.94991871
      }
    },
    {
      "attributes": {
        "Precincts": "Lagoon Drive",
        "Quickbase_Status": "Planned",
        "QBRecordID": 7619,
        "Third_Party_Dependant_For_Conne": null,
        "Latitude": -29.72855785,
        "Longitude": 31.0871749
      }
    },
    {
      "attributes": {
        "Precincts": "Lagoon Drive",
        "Quickbase_Status": "Planned",
        "QBRecordID": 7631,
        "Third_Party_Dependant_For_Conne": null,
        "Latitude": -29.72883097,
        "Longitude": 31.08591079
      }
    },
    {
      "attributes": {
        "Precincts": "Ballito Phase 2",
        "Quickbase_Status": "Planned",
        "QBRecordID": 7574,
        "Third_Party_Dependant_For_Conne": null,
        "Latitude": -29.52404507,
        "Longitude": 31.20072931
      }
    },
    {
      "attributes": {
        "Precincts": "Ballito Phase 2",
        "Quickbase_Status": "Planned",
        "QBRecordID": 7049,
        "Third_Party_Dependant_For_Conne": null,
        "Latitude": -29.52684274,
        "Longitude": 31.19955063
      }
    },
    {
      "attributes": {
        "Precincts": "Centurion CBD 1",
        "Quickbase_Status": "Planned",
        "QBRecordID": 8502,
        "Third_Party_Dependant_For_Conne": null,
        "Latitude": -25.86321035,
        "Longitude": 28.18949915
      }
    },
    {
      "attributes": {
        "Precincts": "Stanley Avenue",
        "Quickbase_Status": "Planned",
        "QBRecordID": 7395,
        "Third_Party_Dependant_For_Conne": null,
        "Latitude": -26.18453991,
        "Longitude": 28.01878412
      }
    },
    {
      "attributes": {
        "Precincts": "Stanley Avenue",
        "Quickbase_Status": "Planned",
        "QBRecordID": 7396,
        "Third_Party_Dependant_For_Conne": null,
        "Latitude": -26.18605681,
        "Longitude": 28.01827328
      }
    },
    {
      "attributes": {
        "Precincts": "Stanley Avenue",
        "Quickbase_Status": "Planned",
        "QBRecordID": 7398,
        "Third_Party_Dependant_For_Conne": null,
        "Latitude": -26.18608527,
        "Longitude": 28.01890146
      }
    },
    {
      "attributes": {
        "Precincts": "Stanley Avenue",
        "Quickbase_Status": "Planned",
        "QBRecordID": 7399,
        "Third_Party_Dependant_For_Conne": null,
        "Latitude": -26.18624522,
        "Longitude": 28.01861653
      }
    },
    {
      "attributes": {
        "Precincts": "Stanley Avenue",
        "Quickbase_Status": "Planned",
        "QBRecordID": 7400,
        "Third_Party_Dependant_For_Conne": null,
        "Latitude": -26.18641587,
        "Longitude": 28.01876441
      }
    },
    {
      "attributes": {
        "Precincts": "Arden Grove",
        "Quickbase_Status": "Planned",
        "QBRecordID": 2829,
        "Third_Party_Dependant_For_Conne": null,
        "Latitude": -33.86362856,
        "Longitude": 18.51230831
      }
    },
    {
      "attributes": {
        "Precincts": "Arden Grove",
        "Quickbase_Status": "Planned",
        "QBRecordID": 1588,
        "Third_Party_Dependant_For_Conne": null,
        "Latitude": -33.86654594,
        "Longitude": 18.51317812
      }
    },
    {
      "attributes": {
        "Precincts": "Arden Grove",
        "Quickbase_Status": "Planned",
        "QBRecordID": 1589,
        "Third_Party_Dependant_For_Conne": null,
        "Latitude": -33.86647147,
        "Longitude": 18.5134999
      }
    },
    {
      "attributes": {
        "Precincts": "Bruma Lake",
        "Quickbase_Status": "Planned",
        "QBRecordID": 1545,
        "Third_Party_Dependant_For_Conne": null,
        "Latitude": -26.180309,
        "Longitude": 28.10951269
      }
    },
    {
      "attributes": {
        "Precincts": "Burnside Office Park",
        "Quickbase_Status": "Planned",
        "QBRecordID": 3453,
        "Third_Party_Dependant_For_Conne": null,
        "Latitude": -26.11415568,
        "Longitude": 28.02284871
      }
    },
    {
      "attributes": {
        "Precincts": "George Road",
        "Quickbase_Status": "Planned",
        "QBRecordID": 2847,
        "Third_Party_Dependant_For_Conne": null,
        "Latitude": -25.96915573,
        "Longitude": 28.13194874
      }
    },
    {
      "attributes": {
        "Precincts": "Girton",
        "Quickbase_Status": "Planned",
        "QBRecordID": 3890,
        "Third_Party_Dependant_For_Conne": null,
        "Latitude": -26.18436402,
        "Longitude": 28.03463753
      }
    },
    {
      "attributes": {
        "Precincts": "Rosebank Phase 1",
        "Quickbase_Status": "Planned",
        "QBRecordID": 3893,
        "Third_Party_Dependant_For_Conne": null,
        "Latitude": -26.14202742,
        "Longitude": 28.04180245
      }
    },
    {
      "attributes": {
        "Precincts": "Route 21 Office Park",
        "Quickbase_Status": "Planned",
        "QBRecordID": 2131,
        "Third_Party_Dependant_For_Conne": null,
        "Latitude": -25.86094788,
        "Longitude": 28.25687299
      }
    },
    {
      "attributes": {
        "Precincts": "Kent",
        "Quickbase_Status": "Planned",
        "QBRecordID": 591,
        "Third_Party_Dependant_For_Conne": null,
        "Latitude": -26.09365679,
        "Longitude": 27.99910442
      }
    },
    {
      "attributes": {
        "Precincts": "Kent",
        "Quickbase_Status": "Planned",
        "QBRecordID": 541,
        "Third_Party_Dependant_For_Conne": null,
        "Latitude": -26.09914546,
        "Longitude": 27.99989452
      }
    },
    {
      "attributes": {
        "Precincts": "Oberon",
        "Quickbase_Status": "Planned",
        "QBRecordID": 2335,
        "Third_Party_Dependant_For_Conne": null,
        "Latitude": -25.77938399,
        "Longitude": 28.29071285
      }
    },
    {
      "attributes": {
        "Precincts": "Oberon",
        "Quickbase_Status": "Planned",
        "QBRecordID": 3983,
        "Third_Party_Dependant_For_Conne": null,
        "Latitude": -25.77942723,
        "Longitude": 28.29104185
      }
    },
    {
      "attributes": {
        "Precincts": "Peter Place",
        "Quickbase_Status": "Planned",
        "QBRecordID": 12588,
        "Third_Party_Dependant_For_Conne": null,
        "Latitude": -26.08107756,
        "Longitude": 28.01761981
      }
    },
    {
      "attributes": {
        "Precincts": "Richards Drive",
        "Quickbase_Status": "Planned",
        "QBRecordID": 2426,
        "Third_Party_Dependant_For_Conne": null,
        "Latitude": -26.0155271,
        "Longitude": 28.12145848
      }
    },
    {
      "attributes": {
        "Precincts": "Route 21 Office Park",
        "Quickbase_Status": "Planned",
        "QBRecordID": 2033,
        "Third_Party_Dependant_For_Conne": null,
        "Latitude": -25.8580116,
        "Longitude": 28.25617535
      }
    },
    {
      "attributes": {
        "Precincts": "Tygervalley",
        "Quickbase_Status": "Planned",
        "QBRecordID": 2592,
        "Third_Party_Dependant_For_Conne": null,
        "Latitude": -33.88419051,
        "Longitude": 18.63626485
      }
    },
    {
      "attributes": {
        "Precincts": "Westlake",
        "Quickbase_Status": "Planned",
        "QBRecordID": 1816,
        "Third_Party_Dependant_For_Conne": null,
        "Latitude": -34.07965142,
        "Longitude": 18.44114401
      }
    },
    {
      "attributes": {
        "Precincts": "Westlake",
        "Quickbase_Status": "Planned",
        "QBRecordID": 1812,
        "Third_Party_Dependant_For_Conne": null,
        "Latitude": -34.0800207,
        "Longitude": 18.44063831
      }
    },
    {
      "attributes": {
        "Precincts": "Western Services",
        "Quickbase_Status": "Planned",
        "QBRecordID": 2681,
        "Third_Party_Dependant_For_Conne": null,
        "Latitude": -26.0569719,
        "Longitude": 28.08959015
      }
    },
    {
      "attributes": {
        "Precincts": "Tygervalley",
        "Quickbase_Status": "Planned",
        "QBRecordID": 4005,
        "Third_Party_Dependant_For_Conne": null,
        "Latitude": -33.88328951,
        "Longitude": 18.63637549
      }
    },
    {
      "attributes": {
        "Precincts": "Tygervalley",
        "Quickbase_Status": "Planned",
        "QBRecordID": 4006,
        "Third_Party_Dependant_For_Conne": null,
        "Latitude": -33.88364383,
        "Longitude": 18.63628807
      }
    },
    {
      "attributes": {
        "Precincts": "CPT CBD Phase 02",
        "Quickbase_Status": "Planned",
        "QBRecordID": 3105,
        "Third_Party_Dependant_For_Conne": null,
        "Latitude": -33.92156639,
        "Longitude": 18.43205625
      }
    },
    {
      "attributes": {
        "Precincts": "Rosebank Phase 1",
        "Quickbase_Status": "Planned",
        "QBRecordID": 4064,
        "Third_Party_Dependant_For_Conne": null,
        "Latitude": -26.14630655,
        "Longitude": 28.04357554
      }
    },
    {
      "attributes": {
        "Precincts": "Witch-Hazel",
        "Quickbase_Status": "Planned",
        "QBRecordID": 1727,
        "Third_Party_Dependant_For_Conne": null,
        "Latitude": -25.8746324,
        "Longitude": 28.18078955
      }
    },
    {
      "attributes": {
        "Precincts": "Highveld Technopark",
        "Quickbase_Status": "Planned",
        "QBRecordID": 5879,
        "Third_Party_Dependant_For_Conne": null,
        "Latitude": -25.87881218,
        "Longitude": 28.18411166
      }
    },
    {
      "attributes": {
        "Precincts": "Highveld Technopark",
        "Quickbase_Status": "Planned",
        "QBRecordID": 5880,
        "Third_Party_Dependant_For_Conne": null,
        "Latitude": -25.87862017,
        "Longitude": 28.18418323
      }
    },
    {
      "attributes": {
        "Precincts": "Highveld Technopark",
        "Quickbase_Status": "Planned",
        "QBRecordID": 4527,
        "Third_Party_Dependant_For_Conne": null,
        "Latitude": -25.87401384,
        "Longitude": 28.19008123
      }
    },
    {
      "attributes": {
        "Precincts": "Cresta",
        "Quickbase_Status": "Planned",
        "QBRecordID": 4247,
        "Third_Party_Dependant_For_Conne": null,
        "Latitude": -26.12771038,
        "Longitude": 27.97198448
      }
    },
    {
      "attributes": {
        "Precincts": "Cresta",
        "Quickbase_Status": "Planned",
        "QBRecordID": 4246,
        "Third_Party_Dependant_For_Conne": null,
        "Latitude": -26.12729178,
        "Longitude": 27.97235301
      }
    },
    {
      "attributes": {
        "Precincts": "Cresta",
        "Quickbase_Status": "Planned",
        "QBRecordID": 4271,
        "Third_Party_Dependant_For_Conne": null,
        "Latitude": -26.12954506,
        "Longitude": 27.96966852
      }
    },
    {
      "attributes": {
        "Precincts": "Cresta",
        "Quickbase_Status": "Planned",
        "QBRecordID": 4270,
        "Third_Party_Dependant_For_Conne": null,
        "Latitude": -26.12992482,
        "Longitude": 27.97032701
      }
    },
    {
      "attributes": {
        "Precincts": "Cresta",
        "Quickbase_Status": "Planned",
        "QBRecordID": 4269,
        "Third_Party_Dependant_For_Conne": null,
        "Latitude": -26.13011453,
        "Longitude": 27.97090675
      }
    },
    {
      "attributes": {
        "Precincts": "Cresta",
        "Quickbase_Status": "Planned",
        "QBRecordID": 4285,
        "Third_Party_Dependant_For_Conne": null,
        "Latitude": -26.13092252,
        "Longitude": 27.97150487
      }
    },
    {
      "attributes": {
        "Precincts": "Cresta",
        "Quickbase_Status": "Planned",
        "QBRecordID": 4286,
        "Third_Party_Dependant_For_Conne": null,
        "Latitude": -26.1309933,
        "Longitude": 27.9710678
      }
    },
    {
      "attributes": {
        "Precincts": "Lagoon Drive",
        "Quickbase_Status": "Planned",
        "QBRecordID": 7617,
        "Third_Party_Dependant_For_Conne": null,
        "Latitude": -29.72500035,
        "Longitude": 31.0859148
      }
    },
    {
      "attributes": {
        "Precincts": "Centurion CBD 1",
        "Quickbase_Status": "Planned",
        "QBRecordID": 6311,
        "Third_Party_Dependant_For_Conne": null,
        "Latitude": -25.86262014,
        "Longitude": 28.18682866
      }
    },
    {
      "attributes": {
        "Precincts": "Cresta",
        "Quickbase_Status": "Planned",
        "QBRecordID": 10183,
        "Third_Party_Dependant_For_Conne": null,
        "Latitude": -26.13055647,
        "Longitude": 27.97135857
      }
    },
    {
      "attributes": {
        "Precincts": "Riverhorse Road",
        "Quickbase_Status": "Planned",
        "QBRecordID": 8920,
        "Third_Party_Dependant_For_Conne": null,
        "Latitude": -29.78016811,
        "Longitude": 30.98541777
      }
    },
    {
      "attributes": {
        "Precincts": "Riverhorse Road",
        "Quickbase_Status": "Planned",
        "QBRecordID": 8919,
        "Third_Party_Dependant_For_Conne": null,
        "Latitude": -29.7820726,
        "Longitude": 30.9868388
      }
    },
    {
      "attributes": {
        "Precincts": "Riverhorse Road",
        "Quickbase_Status": "Planned",
        "QBRecordID": 8918,
        "Third_Party_Dependant_For_Conne": null,
        "Latitude": -29.78322392,
        "Longitude": 30.98757403
      }
    },
    {
      "attributes": {
        "Precincts": "Riverhorse Road",
        "Quickbase_Status": "Planned",
        "QBRecordID": 8917,
        "Third_Party_Dependant_For_Conne": null,
        "Latitude": -29.78388511,
        "Longitude": 30.9886669
      }
    },
    {
      "attributes": {
        "Precincts": "Riverhorse Road",
        "Quickbase_Status": "Planned",
        "QBRecordID": 8914,
        "Third_Party_Dependant_For_Conne": null,
        "Latitude": -29.78298757,
        "Longitude": 30.99071113
      }
    },
    {
      "attributes": {
        "Precincts": "Riverhorse Road",
        "Quickbase_Status": "Planned",
        "QBRecordID": 8910,
        "Third_Party_Dependant_For_Conne": null,
        "Latitude": -29.78020978,
        "Longitude": 30.9926044
      }
    },
    {
      "attributes": {
        "Precincts": "Riverhorse Road",
        "Quickbase_Status": "Planned",
        "QBRecordID": 8925,
        "Third_Party_Dependant_For_Conne": null,
        "Latitude": -29.77712426,
        "Longitude": 30.99302363
      }
    },
    {
      "attributes": {
        "Precincts": "CPT CBD Phase 10",
        "Quickbase_Status": "Planned",
        "QBRecordID": 7079,
        "Third_Party_Dependant_For_Conne": null,
        "Latitude": -33.9246709,
        "Longitude": 18.42180577
      }
    },
    {
      "attributes": {
        "Precincts": "Skeen Boulevard",
        "Quickbase_Status": "Planned",
        "QBRecordID": 1160,
        "Third_Party_Dependant_For_Conne": null,
        "Latitude": -26.17647532,
        "Longitude": 28.13325834
      }
    },
    {
      "attributes": {
        "Precincts": "Briardene",
        "Quickbase_Status": "Planned",
        "QBRecordID": 14152,
        "Third_Party_Dependant_For_Conne": null,
        "Latitude": -29.79615937,
        "Longitude": 31.01528204
      }
    },
    {
      "attributes": {
        "Precincts": "Persequor Park",
        "Quickbase_Status": "Planned",
        "QBRecordID": 5136,
        "Third_Party_Dependant_For_Conne": null,
        "Latitude": -25.74753591,
        "Longitude": 28.27230485
      }
    },
    {
      "attributes": {
        "Precincts": "Rosenpark",
        "Quickbase_Status": "Planned",
        "QBRecordID": 2687,
        "Third_Party_Dependant_For_Conne": null,
        "Latitude": -33.86983308,
        "Longitude": 18.63941938
      }
    },
    {
      "attributes": {
        "Precincts": "Rosenpark",
        "Quickbase_Status": "Planned",
        "QBRecordID": 2688,
        "Third_Party_Dependant_For_Conne": null,
        "Latitude": -33.86965452,
        "Longitude": 18.64004407
      }
    },
    {
      "attributes": {
        "Precincts": "Rosenpark",
        "Quickbase_Status": "Planned",
        "QBRecordID": 2692,
        "Third_Party_Dependant_For_Conne": null,
        "Latitude": -33.87029887,
        "Longitude": 18.64162771
      }
    },
    {
      "attributes": {
        "Precincts": "Route 21 Office Park",
        "Quickbase_Status": "Planned",
        "QBRecordID": 1984,
        "Third_Party_Dependant_For_Conne": null,
        "Latitude": -25.86202705,
        "Longitude": 28.25743255
      }
    },
    {
      "attributes": {
        "Precincts": "Wierda Road",
        "Quickbase_Status": "Planned",
        "QBRecordID": 346,
        "Third_Party_Dependant_For_Conne": null,
        "Latitude": -26.11166665,
        "Longitude": 28.05829515
      }
    },
    {
      "attributes": {
        "Precincts": "Wierda Road",
        "Quickbase_Status": "Planned",
        "QBRecordID": 602,
        "Third_Party_Dependant_For_Conne": null,
        "Latitude": -26.10991778,
        "Longitude": 28.0611885
      }
    },
    {
      "attributes": {
        "Precincts": "Sunninghill",
        "Quickbase_Status": "Planned",
        "QBRecordID": 4093,
        "Third_Party_Dependant_For_Conne": null,
        "Latitude": -26.03608502,
        "Longitude": 28.06613802
      }
    },
    {
      "attributes": {
        "Precincts": "Sunninghill",
        "Quickbase_Status": "Planned",
        "QBRecordID": 4092,
        "Third_Party_Dependant_For_Conne": null,
        "Latitude": -26.03589015,
        "Longitude": 28.06671034
      }
    },
    {
      "attributes": {
        "Precincts": "Wierda Road",
        "Quickbase_Status": "Planned",
        "QBRecordID": 365,
        "Third_Party_Dependant_For_Conne": null,
        "Latitude": -26.11403846,
        "Longitude": 28.05221723
      }
    },
    {
      "attributes": {
        "Precincts": "Brackengate Business Park",
        "Quickbase_Status": "Planned",
        "QBRecordID": 79748,
        "Third_Party_Dependant_For_Conne": null,
        "Latitude": -33.88990877,
        "Longitude": 18.68007641
      }
    },
    {
      "attributes": {
        "Precincts": "Witch-Hazel",
        "Quickbase_Status": "Planned",
        "QBRecordID": 2283,
        "Third_Party_Dependant_For_Conne": null,
        "Latitude": -25.87295032,
        "Longitude": 28.18191699
      }
    },
    {
      "attributes": {
        "Precincts": "Witch-Hazel",
        "Quickbase_Status": "Planned",
        "QBRecordID": 2284,
        "Third_Party_Dependant_For_Conne": null,
        "Latitude": -25.87265052,
        "Longitude": 28.18193591
      }
    }
  ]
}

Response body doesn't match expectation.
Expected: a string containing "WIP"
  Actual: {
  "displayFieldName": "Building_Name",
  "fieldAliases": {
    "Precincts": "Precinct",
    "Quickbase_Status": "Status",
    "QBRecordID": "RecordID",
    "Third_Party_Dependant_For_Conne": "Third Party",
    "Latitude": "Latitude",
    "Longitude": "Longitude"
  },
  "fields": [
    {
      "name": "Precincts",
      "type": "esriFieldTypeString",
      "alias": "Precinct",
      "length": 100
    },
    {
      "name": "Quickbase_Status",
      "type": "esriFieldTypeString",
      "alias": "Status",
      "length": 100
    },
    {
      "name": "QBRecordID",
      "type": "esriFieldTypeInteger",
      "alias": "RecordID"
    },
    {
      "name": "Third_Party_Dependant_For_Conne",
      "type": "esriFieldTypeString",
      "alias": "Third Party",
      "length": 50
    },
    {
      "name": "Latitude",
      "type": "esriFieldTypeDouble",
      "alias": "Latitude"
    },
    {
      "name": "Longitude",
      "type": "esriFieldTypeDouble",
      "alias": "Longitude"
    }
  ],
  "features": [
    {
      "attributes": {
        "Precincts": "Hatfield (Phase 3)",
        "Quickbase_Status": "Planned",
        "QBRecordID": 0,
        "Third_Party_Dependant_For_Conne": null,
        "Latitude": -25.7430356,
        "Longitude": 28.24053035
      }
    },
    {
      "attributes": {
        "Precincts": "Hatfield (Phase 3)",
        "Quickbase_Status": "Planned",
        "QBRecordID": 0,
        "Third_Party_Dependant_For_Conne": null,
        "Latitude": -25.7429375,
        "Longitude": 28.24242948
      }
    },
    {
      "attributes": {
        "Precincts": "Hatfield (Phase 3)",
        "Quickbase_Status": "Planned",
        "QBRecordID": 0,
        "Third_Party_Dependant_For_Conne": null,
        "Latitude": -25.74289195,
        "Longitude": 28.24254232
      }
    },
    {
      "attributes": {
        "Precincts": "Hatfield (Phase 3)",
        "Quickbase_Status": "Planned",
        "QBRecordID": 0,
        "Third_Party_Dependant_For_Conne": null,
        "Latitude": -25.74382682,
        "Longitude": 28.24276078
      }
    },
    {
      "attributes": {
        "Precincts": "Hatfield (Phase 3)",
        "Quickbase_Status": "Planned",
        "QBRecordID": 0,
        "Third_Party_Dependant_For_Conne": null,
        "Latitude": -25.74348779,
        "Longitude": 28.24275168
      }
    },
    {
      "attributes": {
        "Precincts": "Hatfield (Phase 3)",
        "Quickbase_Status": "Planned",
        "QBRecordID": 0,
        "Third_Party_Dependant_For_Conne": null,
        "Latitude": -25.74324315,
        "Longitude": 28.24302584
      }
    },
    {
      "attributes": {
        "Precincts": "Hatfield (Phase 3)",
        "Quickbase_Status": "Planned",
        "QBRecordID": 0,
        "Third_Party_Dependant_For_Conne": null,
        "Latitude": -25.74302639,
        "Longitude": 28.24297619
      }
    },
    {
      "attributes": {
        "Precincts": "Hatfield (Phase 3)",
        "Quickbase_Status": "Planned",
        "QBRecordID": 0,
        "Third_Party_Dependant_For_Conne": null,
        "Latitude": -25.74165535,
        "Longitude": 28.24229287
      }
    },
    {
      "attributes": {
        "Precincts": "Hatfield (Phase 3)",
        "Quickbase_Status": "Planned",
        "QBRecordID": 0,
        "Third_Party_Dependant_For_Conne": null,
        "Latitude": -25.74174418,
        "Longitude": 28.24227857
      }
    },
    {
      "attributes": {
        "Precincts": "Hatfield (Phase 3)",
        "Quickbase_Status": "Planned",
        "QBRecordID": 0,
        "Third_Party_Dependant_For_Conne": null,
        "Latitude": -25.74188598,
        "Longitude": 28.24218242
      }
    },
    {
      "attributes": {
        "Precincts": "Hatfield (Phase 3)",
        "Quickbase_Status": "Planned",
        "QBRecordID": 0,
        "Third_Party_Dependant_For_Conne": null,
        "Latitude": -25.74329195,
        "Longitude": 28.23972439
      }
    },
    {
      "attributes": {
        "Precincts": "Hatfield (Phase 3)",
        "Quickbase_Status": "Planned",
        "QBRecordID": 0,
        "Third_Party_Dependant_For_Conne": null,
        "Latitude": -25.74315819,
        "Longitude": 28.24060331
      }
    },
    {
      "attributes": {
        "Precincts": "Hatfield (Phase 3)",
        "Quickbase_Status": "Planned",
        "QBRecordID": 0,
        "Third_Party_Dependant_For_Conne": null,
        "Latitude": -25.74374148,
        "Longitude": 28.23977553
      }
    },
    {
      "attributes": {
        "Precincts": "Hatfield (Phase 3)",
        "Quickbase_Status": "Planned",
        "QBRecordID": 0,
        "Third_Party_Dependant_For_Conne": null,
        "Latitude": -25.74375292,
        "Longitude": 28.2399782
      }
    },
    {
      "attributes": {
        "Precincts": "Hatfield (Phase 3)",
        "Quickbase_Status": "Planned",
        "QBRecordID": 0,
        "Third_Party_Dependant_For_Conne": null,
        "Latitude": -25.74314603,
        "Longitude": 28.24024547
      }
    },
    {
      "attributes": {
        "Precincts": "Hatfield (Phase 3)",
        "Quickbase_Status": "Planned",
        "QBRecordID": 0,
        "Third_Party_Dependant_For_Conne": null,
        "Latitude": -25.74328954,
        "Longitude": 28.24025097
      }
    },
    {
      "attributes": {
        "Precincts": "Hatfield (Phase 3)",
        "Quickbase_Status": "Planned",
        "QBRecordID": 0,
        "Third_Party_Dependant_For_Conne": null,
        "Latitude": -25.74334134,
        "Longitude": 28.24034411
      }
    },
    {
      "attributes": {
        "Precincts": "Hatfield (Phase 3)",
        "Quickbase_Status": "Planned",
        "QBRecordID": 0,
        "Third_Party_Dependant_For_Conne": null,
        "Latitude": -25.74310429,
        "Longitude": 28.23928304
      }
    },
    {
      "attributes": {
        "Precincts": "Hatfield (Phase 3)",
        "Quickbase_Status": "Planned",
        "QBRecordID": 0,
        "Third_Party_Dependant_For_Conne": null,
        "Latitude": -25.74321064,
        "Longitude": 28.23998549
      }
    },
    {
      "attributes": {
        "Precincts": "Hatfield (Phase 3)",
        "Quickbase_Status": "Planned",
        "QBRecordID": 0,
        "Third_Party_Dependant_For_Conne": null,
        "Latitude": -25.74379318,
        "Longitude": 28.24023371
      }
    },
    {
      "attributes": {
        "Precincts": "Hatfield (Phase 3)",
        "Quickbase_Status": "Planned",
        "QBRecordID": 0,
        "Third_Party_Dependant_For_Conne": null,
        "Latitude": -25.74323783,
        "Longitude": 28.23921995
      }
    },
    {
      "attributes": {
        "Precincts": "Hatfield (Phase 3)",
        "Quickbase_Status": "Planned",
        "QBRecordID": 0,
        "Third_Party_Dependant_For_Conne": null,
        "Latitude": -25.7433213,
        "Longitude": 28.24056051
      }
    },
    {
      "attributes": {
        "Precincts": "Hatfield (Phase 3)",
        "Quickbase_Status": "Planned",
        "QBRecordID": 0,
        "Third_Party_Dependant_For_Conne": null,
        "Latitude": -25.74316236,
        "Longitude": 28.24097743
      }
    },
    {
      "attributes": {
        "Precincts": "Hatfield (Phase 3)",
        "Quickbase_Status": "Planned",
        "QBRecordID": 0,
        "Third_Party_Dependant_For_Conne": null,
        "Latitude": -25.74179429,
        "Longitude": 28.24103407
      }
    },
    {
      "attributes": {
        "Precincts": "Hatfield (Phase 3)",
        "Quickbase_Status": "Planned",
        "QBRecordID": 0,
        "Third_Party_Dependant_For_Conne": null,
        "Latitude": -25.74167492,
        "Longitude": 28.24146832
      }
    },
    {
      "attributes": {
        "Precincts": "Hatfield (Phase 3)",
        "Quickbase_Status": "Planned",
        "QBRecordID": 0,
        "Third_Party_Dependant_For_Conne": null,
        "Latitude": -25.74175421,
        "Longitude": 28.24119065
      }
    },
    {
      "attributes": {
        "Precincts": "Hatfield (Phase 3)",
        "Quickbase_Status": "Planned",
        "QBRecordID": 0,
        "Third_Party_Dependant_For_Conne": null,
        "Latitude": -25.74166321,
        "Longitude": 28.24130158
      }
    },
    {
      "attributes": {
        "Precincts": "Brooklyn",
        "Quickbase_Status": "Planned",
        "QBRecordID": 0,
        "Third_Party_Dependant_For_Conne": null,
        "Latitude": -25.77214415,
        "Longitude": 28.23668661
      }
    },
    {
      "attributes": {
        "Precincts": "Brooklyn",
        "Quickbase_Status": "Planned",
        "QBRecordID": 0,
        "Third_Party_Dependant_For_Conne": null,
        "Latitude": -25.77150594,
        "Longitude": 28.23654135
      }
    },
    {
      "attributes": {
        "Precincts": "Brooklyn",
        "Quickbase_Status": "Planned",
        "QBRecordID": 0,
        "Third_Party_Dependant_For_Conne": null,
        "Latitude": -25.77142713,
        "Longitude": 28.23665404
      }
    },
    {
      "attributes": {
        "Precincts": "Brooklyn",
        "Quickbase_Status": "Planned",
        "QBRecordID": 0,
        "Third_Party_Dependant_For_Conne": null,
        "Latitude": -25.76991606,
        "Longitude": 28.23440668
      }
    },
    {
      "attributes": {
        "Precincts": "Brooklyn",
        "Quickbase_Status": "Planned",
        "QBRecordID": 0,
        "Third_Party_Dependant_For_Conne": null,
        "Latitude": -25.76939383,
        "Longitude": 28.23479702
      }
    },
    {
      "attributes": {
        "Precincts": "Brooklyn",
        "Quickbase_Status": "Planned",
        "QBRecordID": 0,
        "Third_Party_Dependant_For_Conne": null,
        "Latitude": -25.76942453,
        "Longitude": 28.23485713
      }
    },
    {
      "attributes": {
        "Precincts": "Brooklyn",
        "Quickbase_Status": "Planned",
        "QBRecordID": 0,
        "Third_Party_Dependant_For_Conne": null,
        "Latitude": -25.76932248,
        "Longitude": 28.23479365
      }
    },
    {
      "attributes": {
        "Precincts": "Brooklyn",
        "Quickbase_Status": "Planned",
        "QBRecordID": 0,
        "Third_Party_Dependant_For_Conne": null,
        "Latitude": -25.76983096,
        "Longitude": 28.23468121
      }
    },
    {
      "attributes": {
        "Precincts": "Hatfield (Phase 3)",
        "Quickbase_Status": "Planned",
        "QBRecordID": 0,
        "Third_Party_Dependant_For_Conne": null,
        "Latitude": -25.74360848,
        "Longitude": 28.23914466
      }
    },
    {
      "attributes": {
        "Precincts": "Ashley Gardens",
        "Quickbase_Status": "Planned",
        "QBRecordID": 0,
        "Third_Party_Dependant_For_Conne": null,
        "Latitude": -25.78813779,
        "Longitude": 28.26614047
      }
    },
    {
      "attributes": {
        "Precincts": "Brooklyn",
        "Quickbase_Status": "Planned",
        "QBRecordID": 0,
        "Third_Party_Dependant_For_Conne": null,
        "Latitude": -25.76929128,
        "Longitude": 28.23507527
      }
    },
    {
      "attributes": {
        "Precincts": "Persequor Park",
        "Quickbase_Status": "Planned",
        "QBRecordID": 0,
        "Third_Party_Dependant_For_Conne": null,
        "Latitude": -25.73877278,
        "Longitude": 28.2723138
      }
    },
    {
      "attributes": {
        "Precincts": "Persequor Park",
        "Quickbase_Status": "Planned",
        "QBRecordID": 0,
        "Third_Party_Dependant_For_Conne": null,
        "Latitude": -25.73266026,
        "Longitude": 28.27194095
      }
    },
    {
      "attributes": {
        "Precincts": "Persequor Park",
        "Quickbase_Status": "Planned",
        "QBRecordID": 0,
        "Third_Party_Dependant_For_Conne": null,
        "Latitude": -25.73397045,
        "Longitude": 28.26794819
      }
    },
    {
      "attributes": {
        "Precincts": "Persequor Park",
        "Quickbase_Status": "Planned",
        "QBRecordID": 0,
        "Third_Party_Dependant_For_Conne": null,
        "Latitude": -25.73325033,
        "Longitude": 28.26796073
      }
    },
    {
      "attributes": {
        "Precincts": "Persequor Park",
        "Quickbase_Status": "Planned",
        "QBRecordID": 0,
        "Third_Party_Dependant_For_Conne": null,
        "Latitude": -25.73629863,
        "Longitude": 28.27002342
      }
    },
    {
      "attributes": {
        "Precincts": "Persequor Park",
        "Quickbase_Status": "Planned",
        "QBRecordID": 0,
        "Third_Party_Dependant_For_Conne": null,
        "Latitude": -25.73636167,
        "Longitude": 28.26886908
      }
    },
    {
      "attributes": {
        "Precincts": "Persequor Park",
        "Quickbase_Status": "Planned",
        "QBRecordID": 0,
        "Third_Party_Dependant_For_Conne": null,
        "Latitude": -25.73587523,
        "Longitude": 28.270209
      }
    },
    {
      "attributes": {
        "Precincts": "Persequor Park",
        "Quickbase_Status": "Planned",
        "QBRecordID": 0,
        "Third_Party_Dependant_For_Conne": null,
        "Latitude": -25.73596156,
        "Longitude": 28.27048431
      }
    },
    {
      "attributes": {
        "Precincts": "Persequor Park",
        "Quickbase_Status": "Planned",
        "QBRecordID": 0,
        "Third_Party_Dependant_For_Conne": null,
        "Latitude": -25.73618877,
        "Longitude": 28.26826732
      }
    },
    {
      "attributes": {
        "Precincts": "Persequor Park",
        "Quickbase_Status": "Planned",
        "QBRecordID": 0,
        "Third_Party_Dependant_For_Conne": null,
        "Latitude": -25.73606926,
        "Longitude": 28.2679971
      }
    },
    {
      "attributes": {
        "Precincts": "Persequor Park",
        "Quickbase_Status": "Planned",
        "QBRecordID": 0,
        "Third_Party_Dependant_For_Conne": null,
        "Latitude": -25.73593643,
        "Longitude": 28.2684185
      }
    },
    {
      "attributes": {
        "Precincts": "Persequor Park",
        "Quickbase_Status": "Planned",
        "QBRecordID": 0,
        "Third_Party_Dependant_For_Conne": null,
        "Latitude": -25.73581908,
        "Longitude": 28.26980662
      }
    },
    {
      "attributes": {
        "Precincts": "Persequor Park",
        "Quickbase_Status": "Planned",
        "QBRecordID": 0,
        "Third_Party_Dependant_For_Conne": null,
        "Latitude": -25.73599276,
        "Longitude": 28.27090086
      }
    },
    {
      "attributes": {
        "Precincts": "Persequor Park",
        "Quickbase_Status": "Planned",
        "QBRecordID": 0,
        "Third_Party_Dependant_For_Conne": null,
        "Latitude": -25.73575904,
        "Longitude": 28.26990162
      }
    },
    {
      "attributes": {
        "Precincts": "Persequor Park",
        "Quickbase_Status": "Planned",
        "QBRecordID": 0,
        "Third_Party_Dependant_For_Conne": null,
        "Latitude": -25.73586121,
        "Longitude": 28.26969885
      }
    },
    {
      "attributes": {
        "Precincts": "Persequor Park",
        "Quickbase_Status": "Planned",
        "QBRecordID": 0,
        "Third_Party_Dependant_For_Conne": null,
        "Latitude": -25.73315656,
        "Longitude": 28.26619791
      }
    },
    {
      "attributes": {
        "Precincts": "Persequor Park",
        "Quickbase_Status": "Planned",
        "QBRecordID": 0,
        "Third_Party_Dependant_For_Conne": null,
        "Latitude": -25.73321039,
        "Longitude": 28.26640519
      }
    },
    {
      "attributes": {
        "Precincts": "Persequor Park",
        "Quickbase_Status": "Planned",
        "QBRecordID": 0,
        "Third_Party_Dependant_For_Conne": null,
        "Latitude": -25.73232547,
        "Longitude": 28.26667932
      }
    },
    {
      "attributes": {
        "Precincts": "Persequor Park",
        "Quickbase_Status": "Planned",
        "QBRecordID": 0,
        "Third_Party_Dependant_For_Conne": null,
        "Latitude": -25.73250822,
        "Longitude": 28.26675486
      }
    },
    {
      "attributes": {
        "Precincts": "Persequor Park",
        "Quickbase_Status": "Planned",
        "QBRecordID": 0,
        "Third_Party_Dependant_For_Conne": null,
        "Latitude": -25.73271834,
        "Longitude": 28.26688715
      }
    },
    {
      "attributes": {
        "Precincts": "Persequor Park",
        "Quickbase_Status": "Planned",
        "QBRecordID": 0,
        "Third_Party_Dependant_For_Conne": null,
        "Latitude": -25.73273723,
        "Longitude": 28.26662314
      }
    },
    {
      "attributes": {
        "Precincts": "Persequor Park",
        "Quickbase_Status": "Planned",
        "QBRecordID": 0,
        "Third_Party_Dependant_For_Conne": null,
        "Latitude": -25.7328905,
        "Longitude": 28.26643218
      }
    },
    {
      "attributes": {
        "Precincts": "Persequor Park",
        "Quickbase_Status": "Planned",
        "QBRecordID": 0,
        "Third_Party_Dependant_For_Conne": null,
        "Latitude": -25.73316113,
        "Longitude": 28.26715944
      }
    },
    {
      "attributes": {
        "Precincts": "Persequor Park",
        "Quickbase_Status": "Planned",
        "QBRecordID": 0,
        "Third_Party_Dependant_For_Conne": null,
        "Latitude": -25.73216258,
        "Longitude": 28.26693916
      }
    },
    {
      "attributes": {
        "Precincts": "Persequor Park",
        "Quickbase_Status": "Planned",
        "QBRecordID": 0,
        "Third_Party_Dependant_For_Conne": null,
        "Latitude": -25.73202199,
        "Longitude": 28.26709107
      }
    },
    {
      "attributes": {
        "Precincts": "Persequor Park",
        "Quickbase_Status": "Planned",
        "QBRecordID": 0,
        "Third_Party_Dependant_For_Conne": null,
        "Latitude": -25.73332957,
        "Longitude": 28.26655185
      }
    },
    {
      "attributes": {
        "Precincts": "Persequor Park",
        "Quickbase_Status": "Planned",
        "QBRecordID": 0,
        "Third_Party_Dependant_For_Conne": null,
        "Latitude": -25.73335709,
        "Longitude": 28.26678797
      }
    },
    {
      "attributes": {
        "Precincts": "Persequor Park",
        "Quickbase_Status": "Planned",
        "QBRecordID": 0,
        "Third_Party_Dependant_For_Conne": null,
        "Latitude": -25.7327291,
        "Longitude": 28.26732305
      }
    },
    {
      "attributes": {
        "Precincts": "Persequor Park",
        "Quickbase_Status": "Planned",
        "QBRecordID": 0,
        "Third_Party_Dependant_For_Conne": null,
        "Latitude": -25.73296289,
        "Longitude": 28.26768917
      }
    },
    {
      "attributes": {
        "Precincts": "Persequor Park",
        "Quickbase_Status": "Planned",
        "QBRecordID": 0,
        "Third_Party_Dependant_For_Conne": null,
        "Latitude": -25.73272996,
        "Longitude": 28.26753704
      }
    },
    {
      "attributes": {
        "Precincts": "Persequor Park",
        "Quickbase_Status": "Planned",
        "QBRecordID": 0,
        "Third_Party_Dependant_For_Conne": null,
        "Latitude": -25.73312351,
        "Longitude": 28.26737162
      }
    },
    {
      "attributes": {
        "Precincts": "Persequor Park",
        "Quickbase_Status": "Planned",
        "QBRecordID": 0,
        "Third_Party_Dependant_For_Conne": null,
        "Latitude": -25.73223057,
        "Longitude": 28.267573
      }
    },
    {
      "attributes": {
        "Precincts": "Persequor Park",
        "Quickbase_Status": "Planned",
        "QBRecordID": 0,
        "Third_Party_Dependant_For_Conne": null,
        "Latitude": -25.73227302,
        "Longitude": 28.2677203
      }
    },
    {
      "attributes": {
        "Precincts": "Persequor Park",
        "Quickbase_Status": "Planned",
        "QBRecordID": 0,
        "Third_Party_Dependant_For_Conne": null,
        "Latitude": -25.73236079,
        "Longitude": 28.2679952
      }
    },
    {
      "attributes": {
        "Precincts": "Persequor Park",
        "Quickbase_Status": "Planned",
        "QBRecordID": 0,
        "Third_Party_Dependant_For_Conne": null,
        "Latitude": -25.73223536,
        "Longitude": 28.26784903
      }
    },
    {
      "attributes": {
        "Precincts": "Persequor Park",
        "Quickbase_Status": "Planned",
        "QBRecordID": 0,
        "Third_Party_Dependant_For_Conne": null,
        "Latitude": -25.7333045,
        "Longitude": 28.26769135
      }
    },
    {
      "attributes": {
        "Precincts": "Persequor Park",
        "Quickbase_Status": "Planned",
        "QBRecordID": 0,
        "Third_Party_Dependant_For_Conne": null,
        "Latitude": -25.73310972,
        "Longitude": 28.26797643
      }
    },
    {
      "attributes": {
        "Precincts": "Persequor Park",
        "Quickbase_Status": "Planned",
        "QBRecordID": 0,
        "Third_Party_Dependant_For_Conne": null,
        "Latitude": -25.73304054,
        "Longitude": 28.26677415
      }
    },
    {
      "attributes": {
        "Precincts": "Persequor Park",
        "Quickbase_Status": "Planned",
        "QBRecordID": 0,
        "Third_Party_Dependant_For_Conne": null,
        "Latitude": -25.73281067,
        "Longitude": 28.26837409
      }
    },
    {
      "attributes": {
        "Precincts": "Ingersol",
        "Quickbase_Status": "Planned",
        "QBRecordID": 0,
        "Third_Party_Dependant_For_Conne": null,
        "Latitude": -25.78172804,
        "Longitude": 28.27190589
      }
    },
    {
      "attributes": {
        "Precincts": "Ingersol",
        "Quickbase_Status": "Planned",
        "QBRecordID": 0,
        "Third_Party_Dependant_For_Conne": null,
        "Latitude": -25.78212979,
        "Longitude": 28.27180548
      }
    },
    {
      "attributes": {
        "Precincts": "Ingersol",
        "Quickbase_Status": "Planned",
        "QBRecordID": 0,
        "Third_Party_Dependant_For_Conne": null,
        "Latitude": -25.78075172,
        "Longitude": 28.27371517
      }
    },
    {
      "attributes": {
        "Precincts": "Ingersol",
        "Quickbase_Status": "Planned",
        "QBRecordID": 0,
        "Third_Party_Dependant_For_Conne": null,
        "Latitude": -25.7807539,
        "Longitude": 28.27296683
      }
    },
    {
      "attributes": {
        "Precincts": "Highveld Technopark",
        "Quickbase_Status": "Planned",
        "QBRecordID": 0,
        "Third_Party_Dependant_For_Conne": null,
        "Latitude": -25.87883359,
        "Longitude": 28.18577506
      }
    },
    {
      "attributes": {
        "Precincts": "Highveld Technopark",
        "Quickbase_Status": "Planned",
        "QBRecordID": 0,
        "Third_Party_Dependant_For_Conne": null,
        "Latitude": -25.87874921,
        "Longitude": 28.18556541
      }
    },
    {
      "attributes": {
        "Precincts": "Highveld Technopark",
        "Quickbase_Status": "Planned",
        "QBRecordID": 0,
        "Third_Party_Dependant_For_Conne": null,
        "Latitude": -25.87752497,
        "Longitude": 28.18433816
      }
    },
    {
      "attributes": {
        "Precincts": "Highveld Technopark",
        "Quickbase_Status": "Planned",
        "QBRecordID": 0,
        "Third_Party_Dependant_For_Conne": null,
        "Latitude": -25.87750318,
        "Longitude": 28.18479664
      }
    },
    {
      "attributes": {
        "Precincts": "Highveld Technopark",
        "Quickbase_Status": "Planned",
        "QBRecordID": 0,
        "Third_Party_Dependant_For_Conne": null,
        "Latitude": -25.8782458,
        "Longitude": 28.18616234
      }
    },
    {
      "attributes": {
        "Precincts": "Highveld Technopark",
        "Quickbase_Status": "Planned",
        "QBRecordID": 0,
        "Third_Party_Dependant_For_Conne": null,
        "Latitude": -25.87836436,
        "Longitude": 28.18589436
      }
    },
    {
      "attributes": {
        "Precincts": "James Crescent",
        "Quickbase_Status": "Planned",
        "QBRecordID": 0,
        "Third_Party_Dependant_For_Conne": null,
        "Latitude": -26.00220242,
        "Longitude": 28.12512661
      }
    },
    {
      "attributes": {
        "Precincts": "Richards Drive",
        "Quickbase_Status": "Planned",
        "QBRecordID": 0,
        "Third_Party_Dependant_For_Conne": null,
        "Latitude": -26.01240758,
        "Longitude": 28.12161305
      }
    },
    {
      "attributes": {
        "Precincts": "Richards Drive",
        "Quickbase_Status": "Planned",
        "QBRecordID": 0,
        "Third_Party_Dependant_For_Conne": null,
        "Latitude": -26.01492502,
        "Longitude": 28.11977089
      }
    },
    {
      "attributes": {
        "Precincts": "Richards Drive",
        "Quickbase_Status": "Planned",
        "QBRecordID": 0,
        "Third_Party_Dependant_For_Conne": null,
        "Latitude": -26.01625779,
        "Longitude": 28.11896132
      }
    },
    {
      "attributes": {
        "Precincts": "Richards Drive",
        "Quickbase_Status": "Planned",
        "QBRecordID": 0,
        "Third_Party_Dependant_For_Conne": null,
        "Latitude": -26.01473204,
        "Longitude": 28.11917145
      }
    },
    {
      "attributes": {
        "Precincts": "Richards Drive",
        "Quickbase_Status": "Planned",
        "QBRecordID": 0,
        "Third_Party_Dependant_For_Conne": null,
        "Latitude": -26.01475955,
        "Longitude": 28.11935483
      }
    },
    {
      "attributes": {
        "Precincts": "Richards Drive",
        "Quickbase_Status": "Planned",
        "QBRecordID": 0,
        "Third_Party_Dependant_For_Conne": null,
        "Latitude": -26.0148974,
        "Longitude": 28.11952958
      }
    },
    {
      "attributes": {
        "Precincts": "Capital Hill",
        "Quickbase_Status": "Planned",
        "QBRecordID": 0,
        "Third_Party_Dependant_For_Conne": null,
        "Latitude": -26.01249967,
        "Longitude": 28.12642547
      }
    },
    {
      "attributes": {
        "Precincts": "Capital Hill",
        "Quickbase_Status": "Planned",
        "QBRecordID": 0,
        "Third_Party_Dependant_For_Conne": null,
        "Latitude": -26.00750783,
        "Longitude": 28.13097417
      }
    },
    {
      "attributes": {
        "Precincts": "Capital Hill",
        "Quickbase_Status": "Planned",
        "QBRecordID": 0,
        "Third_Party_Dependant_For_Conne": null,
        "Latitude": -26.0075825,
        "Longitude": 28.13013577
      }
    },
    {
      "attributes": {
        "Precincts": "Capital Hill",
        "Quickbase_Status": "Planned",
        "QBRecordID": 0,
        "Third_Party_Dependant_For_Conne": null,
        "Latitude": -26.00807458,
        "Longitude": 28.13073264
      }
    },
    {
      "attributes": {
        "Precincts": "Richards Drive",
        "Quickbase_Status": "Planned",
        "QBRecordID": 0,
        "Third_Party_Dependant_For_Conne": null,
        "Latitude": -26.0150427,
        "Longitude": 28.1201678
      }
    },
    {
      "attributes": {
        "Precincts": "Capital Hill",
        "Quickbase_Status": "Planned",
        "QBRecordID": 0,
        "Third_Party_Dependant_For_Conne": null,
        "Latitude": -26.00695557,
        "Longitude": 28.13057505
      }
    },
    {
      "attributes": {
        "Precincts": "Richards Drive",
        "Quickbase_Status": "Planned",
        "QBRecordID": 0,
        "Third_Party_Dependant_For_Conne": null,
        "Latitude": -26.01241693,
        "Longitude": 28.12279866
      }
    },
    {
      "attributes": {
        "Precincts": "Witch-Hazel",
        "Quickbase_Status": "Planned",
        "QBRecordID": 0,
        "Third_Party_Dependant_For_Conne": null,
        "Latitude": -25.87468721,
        "Longitude": 28.1804503
      }
    },
    {
      "attributes": {
        "Precincts": "Witch-Hazel",
        "Quickbase_Status": "Planned",
        "QBRecordID": 0,
        "Third_Party_Dependant_For_Conne": null,
        "Latitude": -25.87348689,
        "Longitude": 28.18222236
      }
    },
    {
      "attributes": {
        "Precincts": "Witch-Hazel",
        "Quickbase_Status": "Planned",
        "QBRecordID": 0,
        "Third_Party_Dependant_For_Conne": null,
        "Latitude": -25.87340596,
        "Longitude": 28.18196064
      }
    },
    {
      "attributes": {
        "Precincts": "Centurion Gautrain Station",
        "Quickbase_Status": "Planned",
        "QBRecordID": 0,
        "Third_Party_Dependant_For_Conne": null,
        "Latitude": -25.84923931,
        "Longitude": 28.18856522
      }
    },
    {
      "attributes": {
        "Precincts": "Waterfall Office Park",
        "Quickbase_Status": "Planned",
        "QBRecordID": 92439,
        "Third_Party_Dependant_For_Conne": null,
        "Latitude": -26.01063393,
        "Longitude": 28.1139616
      }
    },
    {
      "attributes": {
        "Precincts": "CPT CBD Phase 01",
        "Quickbase_Status": "Planned",
        "QBRecordID": 3826,
        "Third_Party_Dependant_For_Conne": null,
        "Latitude": -33.91920232,
        "Longitude": 18.42530376
      }
    },
    {
      "attributes": {
        "Precincts": "Central Street",
        "Quickbase_Status": "Planned",
        "QBRecordID": 836,
        "Third_Party_Dependant_For_Conne": null,
        "Latitude": -26.15973477,
        "Longitude": 28.05801581
      }
    },
    {
      "attributes": {
        "Precincts": "Arden Grove",
        "Quickbase_Status": "Planned",
        "QBRecordID": 3540,
        "Third_Party_Dependant_For_Conne": null,
        "Latitude": -33.8622594,
        "Longitude": 18.51380711
      }
    },
    {
      "attributes": {
        "Precincts": "Arden Grove",
        "Quickbase_Status": "Planned",
        "QBRecordID": 4050,
        "Third_Party_Dependant_For_Conne": null,
        "Latitude": -33.86813658,
        "Longitude": 18.51295824
      }
    },
    {
      "attributes": {
        "Precincts": "Richards Drive",
        "Quickbase_Status": "Planned",
        "QBRecordID": 2988,
        "Third_Party_Dependant_For_Conne": null,
        "Latitude": -26.01214016,
        "Longitude": 28.12240363
      }
    },
    {
      "attributes": {
        "Precincts": "Route 21 Office Park",
        "Quickbase_Status": "Planned",
        "QBRecordID": 3931,
        "Third_Party_Dependant_For_Conne": null,
        "Latitude": -25.8622775,
        "Longitude": 28.25608028
      }
    },
    {
      "attributes": {
        "Precincts": "Sandton Phase 2",
        "Quickbase_Status": "Planned",
        "QBRecordID": 2960,
        "Third_Party_Dependant_For_Conne": null,
        "Latitude": -26.10470637,
        "Longitude": 28.05277062
      }
    },
    {
      "attributes": {
        "Precincts": "Sandton Phase 2",
        "Quickbase_Status": "Planned",
        "QBRecordID": 2951,
        "Third_Party_Dependant_For_Conne": null,
        "Latitude": -26.10514129,
        "Longitude": 28.05405698
      }
    },
    {
      "attributes": {
        "Precincts": "Rosebank Phase 1",
        "Quickbase_Status": "Planned",
        "QBRecordID": 3987,
        "Third_Party_Dependant_For_Conne": null,
        "Latitude": -26.14537725,
        "Longitude": 28.03836958
      }
    },
    {
      "attributes": {
        "Precincts": "Rosebank Phase 2",
        "Quickbase_Status": "Planned",
        "QBRecordID": 3512,
        "Third_Party_Dependant_For_Conne": null,
        "Latitude": -26.1487962,
        "Longitude": 28.04009483
      }
    },
    {
      "attributes": {
        "Precincts": "CPT CBD Phase 02",
        "Quickbase_Status": "Planned",
        "QBRecordID": 3840,
        "Third_Party_Dependant_For_Conne": null,
        "Latitude": -33.92258874,
        "Longitude": 18.43327179
      }
    },
    {
      "attributes": {
        "Precincts": "CPT CBD Phase 01",
        "Quickbase_Status": "Planned",
        "QBRecordID": 3068,
        "Third_Party_Dependant_For_Conne": null,
        "Latitude": -33.91829549,
        "Longitude": 18.42492915
      }
    },
    {
      "attributes": {
        "Precincts": "Bryanston Extension",
        "Quickbase_Status": "Planned",
        "QBRecordID": 2268,
        "Third_Party_Dependant_For_Conne": null,
        "Latitude": -26.05029784,
        "Longitude": 28.02062398
      }
    },
    {
      "attributes": {
        "Precincts": "Sandton Phase 1",
        "Quickbase_Status": "Planned",
        "QBRecordID": 4162,
        "Third_Party_Dependant_For_Conne": null,
        "Latitude": -26.09910978,
        "Longitude": 28.05290729
      }
    },
    {
      "attributes": {
        "Precincts": "Bruma Lake",
        "Quickbase_Status": "Planned",
        "QBRecordID": 982,
        "Third_Party_Dependant_For_Conne": null,
        "Latitude": -26.18041905,
        "Longitude": 28.10561123
      }
    },
    {
      "attributes": {
        "Precincts": "Bruma Lake",
        "Quickbase_Status": "Planned",
        "QBRecordID": 976,
        "Third_Party_Dependant_For_Conne": null,
        "Latitude": -26.18229153,
        "Longitude": 28.10583334
      }
    },
    {
      "attributes": {
        "Precincts": "Charles Crescent",
        "Quickbase_Status": "Planned",
        "QBRecordID": 949,
        "Third_Party_Dependant_For_Conne": null,
        "Latitude": -26.09288842,
        "Longitude": 28.08315085
      }
    },
    {
      "attributes": {
        "Precincts": "Arden Grove",
        "Quickbase_Status": "Planned",
        "QBRecordID": 1627,
        "Third_Party_Dependant_For_Conne": null,
        "Latitude": -33.8632174,
        "Longitude": 18.51223542
      }
    },
    {
      "attributes": {
        "Precincts": "Arden Grove",
        "Quickbase_Status": "Planned",
        "QBRecordID": 1585,
        "Third_Party_Dependant_For_Conne": null,
        "Latitude": -33.8627431,
        "Longitude": 18.51173697
      }
    },
    {
      "attributes": {
        "Precincts": "Arden Grove",
        "Quickbase_Status": "Planned",
        "QBRecordID": 1569,
        "Third_Party_Dependant_For_Conne": null,
        "Latitude": -33.86448633,
        "Longitude": 18.5124977
      }
    },
    {
      "attributes": {
        "Precincts": "Arden Grove",
        "Quickbase_Status": "Planned",
        "QBRecordID": 1599,
        "Third_Party_Dependant_For_Conne": null,
        "Latitude": -33.86811394,
        "Longitude": 18.5103383
      }
    },
    {
      "attributes": {
        "Precincts": "Umhlanga (Phase 3)",
        "Quickbase_Status": "Planned",
        "QBRecordID": 2799,
        "Third_Party_Dependant_For_Conne": null,
        "Latitude": -29.74496663,
        "Longitude": 31.06765808
      }
    },
    {
      "attributes": {
        "Precincts": "Umhlanga (Phase 3)",
        "Quickbase_Status": "Planned",
        "QBRecordID": 2776,
        "Third_Party_Dependant_For_Conne": null,
        "Latitude": -29.73625898,
        "Longitude": 31.06940957
      }
    },
    {
      "attributes": {
        "Precincts": "Sunninghill",
        "Quickbase_Status": "Planned",
        "QBRecordID": 4094,
        "Third_Party_Dependant_For_Conne": null,
        "Latitude": -26.0354923,
        "Longitude": 28.06594241
      }
    },
    {
      "attributes": {
        "Precincts": "Katherine Extension",
        "Quickbase_Status": "Planned",
        "QBRecordID": 1338,
        "Third_Party_Dependant_For_Conne": null,
        "Latitude": -26.10366242,
        "Longitude": 28.0701964
      }
    },
    {
      "attributes": {
        "Precincts": "Route 21 Office Park",
        "Quickbase_Status": "Planned",
        "QBRecordID": 1950,
        "Third_Party_Dependant_For_Conne": null,
        "Latitude": -25.86280693,
        "Longitude": 28.25831552
      }
    },
    {
      "attributes": {
        "Precincts": "Route 21 Office Park",
        "Quickbase_Status": "Planned",
        "QBRecordID": 2101,
        "Third_Party_Dependant_For_Conne": null,
        "Latitude": -25.86508062,
        "Longitude": 28.25815987
      }
    },
    {
      "attributes": {
        "Precincts": "Morningside",
        "Quickbase_Status": "Planned",
        "QBRecordID": 1517,
        "Third_Party_Dependant_For_Conne": null,
        "Latitude": -26.07419425,
        "Longitude": 28.06465364
      }
    },
    {
      "attributes": {
        "Precincts": "Tygervalley",
        "Quickbase_Status": "Planned",
        "QBRecordID": 2572,
        "Third_Party_Dependant_For_Conne": null,
        "Latitude": -33.8802619,
        "Longitude": 18.63633976
      }
    },
    {
      "attributes": {
        "Precincts": "Wierda Road",
        "Quickbase_Status": "Planned",
        "QBRecordID": 351,
        "Third_Party_Dependant_For_Conne": null,
        "Latitude": -26.11308544,
        "Longitude": 28.0581488
      }
    },
    {
      "attributes": {
        "Precincts": "Sandton Phase 2",
        "Quickbase_Status": "Planned",
        "QBRecordID": 3885,
        "Third_Party_Dependant_For_Conne": null,
        "Latitude": -26.10161087,
        "Longitude": 28.04962331
      }
    },
    {
      "attributes": {
        "Precincts": "Rosebank Phase 1",
        "Quickbase_Status": "Planned",
        "QBRecordID": 3988,
        "Third_Party_Dependant_For_Conne": null,
        "Latitude": -26.14353828,
        "Longitude": 28.03621627
      }
    },
    {
      "attributes": {
        "Precincts": "Peter Place",
        "Quickbase_Status": "Planned",
        "QBRecordID": 444,
        "Third_Party_Dependant_For_Conne": null,
        "Latitude": -26.07929253,
        "Longitude": 28.01377378
      }
    },
    {
      "attributes": {
        "Precincts": "Rosebank Phase 2",
        "Quickbase_Status": "Planned",
        "QBRecordID": 3997,
        "Third_Party_Dependant_For_Conne": null,
        "Latitude": -26.14666126,
        "Longitude": 28.03670068
      }
    },
    {
      "attributes": {
        "Precincts": "Centurion Gautrain Station",
        "Quickbase_Status": "Planned",
        "QBRecordID": 3435,
        "Third_Party_Dependant_For_Conne": null,
        "Latitude": -25.85378631,
        "Longitude": 28.19152391
      }
    },
    {
      "attributes": {
        "Precincts": "Centurion Gautrain Station",
        "Quickbase_Status": "Planned",
        "QBRecordID": 2298,
        "Third_Party_Dependant_For_Conne": null,
        "Latitude": -25.85381887,
        "Longitude": 28.1924704
      }
    },
    {
      "attributes": {
        "Precincts": "Peter Place",
        "Quickbase_Status": "Planned",
        "QBRecordID": 12587,
        "Third_Party_Dependant_For_Conne": null,
        "Latitude": -26.08050158,
        "Longitude": 28.0167715
      }
    },
    {
      "attributes": {
        "Precincts": "Hyde Park",
        "Quickbase_Status": "Planned",
        "QBRecordID": 4106,
        "Third_Party_Dependant_For_Conne": null,
        "Latitude": -26.11915214,
        "Longitude": 28.03164001
      }
    },
    {
      "attributes": {
        "Precincts": "Witch-Hazel",
        "Quickbase_Status": "Planned",
        "QBRecordID": 5799,
        "Third_Party_Dependant_For_Conne": null,
        "Latitude": -25.87256939,
        "Longitude": 28.18261297
      }
    },
    {
      "attributes": {
        "Precincts": "Hatfield (Phase 3)",
        "Quickbase_Status": "Planned",
        "QBRecordID": 3489,
        "Third_Party_Dependant_For_Conne": null,
        "Latitude": -25.74200619,
        "Longitude": 28.2406118
      }
    },
    {
      "attributes": {
        "Precincts": "Hatfield (Phase 3)",
        "Quickbase_Status": "Planned",
        "QBRecordID": 2997,
        "Third_Party_Dependant_For_Conne": null,
        "Latitude": -25.74381051,
        "Longitude": 28.24262092
      }
    },
    {
      "attributes": {
        "Precincts": "Ashley Gardens",
        "Quickbase_Status": "Planned",
        "QBRecordID": 2631,
        "Third_Party_Dependant_For_Conne": null,
        "Latitude": -25.78329562,
        "Longitude": 28.26460359
      }
    },
    {
      "attributes": {
        "Precincts": "Route 21 Office Park",
        "Quickbase_Status": "Planned",
        "QBRecordID": 1951,
        "Third_Party_Dependant_For_Conne": null,
        "Latitude": -25.86316457,
        "Longitude": 28.2587588
      }
    },
    {
      "attributes": {
        "Precincts": "James Crescent",
        "Quickbase_Status": "Planned",
        "QBRecordID": 2154,
        "Third_Party_Dependant_For_Conne": null,
        "Latitude": -26.00638491,
        "Longitude": 28.12482061
      }
    },
    {
      "attributes": {
        "Precincts": "James Crescent",
        "Quickbase_Status": "Planned",
        "QBRecordID": 2178,
        "Third_Party_Dependant_For_Conne": null,
        "Latitude": -26.00907314,
        "Longitude": 28.12349545
      }
    },
    {
      "attributes": {
        "Precincts": "James Crescent",
        "Quickbase_Status": "Planned",
        "QBRecordID": 2179,
        "Third_Party_Dependant_For_Conne": null,
        "Latitude": -26.00964891,
        "Longitude": 28.12292514
      }
    },
    {
      "attributes": {
        "Precincts": "James Crescent",
        "Quickbase_Status": "Planned",
        "QBRecordID": 2310,
        "Third_Party_Dependant_For_Conne": null,
        "Latitude": -26.00253855,
        "Longitude": 28.12586275
      }
    },
    {
      "attributes": {
        "Precincts": "Ingersol",
        "Quickbase_Status": "Planned",
        "QBRecordID": 2366,
        "Third_Party_Dependant_For_Conne": null,
        "Latitude": -25.77893894,
        "Longitude": 28.2739934
      }
    },
    {
      "attributes": {
        "Precincts": "Sandton Phase 1",
        "Quickbase_Status": "Planned",
        "QBRecordID": 4175,
        "Third_Party_Dependant_For_Conne": null,
        "Latitude": -26.10139505,
        "Longitude": 28.05358555
      }
    },
    {
      "attributes": {
        "Precincts": "George Road",
        "Quickbase_Status": "Planned",
        "QBRecordID": 4074,
        "Third_Party_Dependant_For_Conne": null,
        "Latitude": -25.95955228,
        "Longitude": 28.13622393
      }
    },
    {
      "attributes": {
        "Precincts": "Hatfield (Phase 3)",
        "Quickbase_Status": "Planned",
        "QBRecordID": 2917,
        "Third_Party_Dependant_For_Conne": null,
        "Latitude": -25.7437474,
        "Longitude": 28.24240305
      }
    },
    {
      "attributes": {
        "Precincts": "Sandton Phase 2",
        "Quickbase_Status": "Planned",
        "QBRecordID": 4182,
        "Third_Party_Dependant_For_Conne": null,
        "Latitude": -26.10622226,
        "Longitude": 28.05567171
      }
    },
    {
      "attributes": {
        "Precincts": "CPT CBD Phase 02",
        "Quickbase_Status": "Planned",
        "QBRecordID": 3092,
        "Third_Party_Dependant_For_Conne": null,
        "Latitude": -33.92074089,
        "Longitude": 18.43338724
      }
    },
    {
      "attributes": {
        "Precincts": "CPT CBD Phase 02",
        "Quickbase_Status": "Planned",
        "QBRecordID": 3090,
        "Third_Party_Dependant_For_Conne": null,
        "Latitude": -33.92067042,
        "Longitude": 18.4348701
      }
    },
    {
      "attributes": {
        "Precincts": "CPT CBD Phase 01",
        "Quickbase_Status": "Planned",
        "QBRecordID": 3083,
        "Third_Party_Dependant_For_Conne": null,
        "Latitude": -33.91740259,
        "Longitude": 18.4252263
      }
    },
    {
      "attributes": {
        "Precincts": "Route 21 Office Park",
        "Quickbase_Status": "Planned",
        "QBRecordID": 1967,
        "Third_Party_Dependant_For_Conne": null,
        "Latitude": -25.85970377,
        "Longitude": 28.25789802
      }
    },
    {
      "attributes": {
        "Precincts": "Richards Drive",
        "Quickbase_Status": "Planned",
        "QBRecordID": 2460,
        "Third_Party_Dependant_For_Conne": null,
        "Latitude": -26.01428104,
        "Longitude": 28.12224092
      }
    },
    {
      "attributes": {
        "Precincts": "Western Services",
        "Quickbase_Status": "Planned",
        "QBRecordID": 2501,
        "Third_Party_Dependant_For_Conne": null,
        "Latitude": -26.05848134,
        "Longitude": 28.08878122
      }
    },
    {
      "attributes": {
        "Precincts": "CPT CBD Phase 02",
        "Quickbase_Status": "Planned",
        "QBRecordID": 3098,
        "Third_Party_Dependant_For_Conne": null,
        "Latitude": -33.92100503,
        "Longitude": 18.43247925
      }
    },
    {
      "attributes": {
        "Precincts": "Rosenpark",
        "Quickbase_Status": "Planned",
        "QBRecordID": 2712,
        "Third_Party_Dependant_For_Conne": null,
        "Latitude": -33.86655873,
        "Longitude": 18.64016381
      }
    },
    {
      "attributes": {
        "Precincts": "CPT CBD Phase 02",
        "Quickbase_Status": "Planned",
        "QBRecordID": 3111,
        "Third_Party_Dependant_For_Conne": null,
        "Latitude": -33.91980186,
        "Longitude": 18.43203546
      }
    },
    {
      "attributes": {
        "Precincts": "Route 21 Office Park",
        "Quickbase_Status": "Planned",
        "QBRecordID": 1962,
        "Third_Party_Dependant_For_Conne": null,
        "Latitude": -25.86471023,
        "Longitude": 28.2586316
      }
    },
    {
      "attributes": {
        "Precincts": "James Crescent",
        "Quickbase_Status": "Planned",
        "QBRecordID": 2175,
        "Third_Party_Dependant_For_Conne": null,
        "Latitude": -26.00968432,
        "Longitude": 28.12255679
      }
    },
    {
      "attributes": {
        "Precincts": "James Crescent",
        "Quickbase_Status": "Planned",
        "QBRecordID": 2189,
        "Third_Party_Dependant_For_Conne": null,
        "Latitude": -26.00259465,
        "Longitude": 28.12690228
      }
    },
    {
      "attributes": {
        "Precincts": "James Crescent",
        "Quickbase_Status": "Planned",
        "QBRecordID": 2188,
        "Third_Party_Dependant_For_Conne": null,
        "Latitude": -26.00233279,
        "Longitude": 28.12687823
      }
    },
    {
      "attributes": {
        "Precincts": "James Crescent",
        "Quickbase_Status": "Planned",
        "QBRecordID": 2176,
        "Third_Party_Dependant_For_Conne": null,
        "Latitude": -26.00848487,
        "Longitude": 28.12418448
      }
    },
    {
      "attributes": {
        "Precincts": "James Crescent",
        "Quickbase_Status": "Planned",
        "QBRecordID": 2177,
        "Third_Party_Dependant_For_Conne": null,
        "Latitude": -26.00872683,
        "Longitude": 28.12388124
      }
    },
    {
      "attributes": {
        "Precincts": "Hatfield (Phase 3)",
        "Quickbase_Status": "Planned",
        "QBRecordID": 3462,
        "Third_Party_Dependant_For_Conne": null,
        "Latitude": -25.74318282,
        "Longitude": 28.24268593
      }
    },
    {
      "attributes": {
        "Precincts": "Rosebank Phase 1",
        "Quickbase_Status": "Planned",
        "QBRecordID": 2983,
        "Third_Party_Dependant_For_Conne": null,
        "Latitude": -26.1429873,
        "Longitude": 28.04088098
      }
    },
    {
      "attributes": {
        "Precincts": "Peter Place",
        "Quickbase_Status": "Planned",
        "QBRecordID": 4075,
        "Third_Party_Dependant_For_Conne": null,
        "Latitude": -26.08027029,
        "Longitude": 28.01371127
      }
    },
    {
      "attributes": {
        "Precincts": "Hatfield (Phase 3)",
        "Quickbase_Status": "Planned",
        "QBRecordID": 4091,
        "Third_Party_Dependant_For_Conne": null,
        "Latitude": -25.7437462,
        "Longitude": 28.24474709
      }
    },
    {
      "attributes": {
        "Precincts": "Richards Drive",
        "Quickbase_Status": "Planned",
        "QBRecordID": 2421,
        "Third_Party_Dependant_For_Conne": null,
        "Latitude": -26.01566168,
        "Longitude": 28.11956178
      }
    },
    {
      "attributes": {
        "Precincts": "Homestead",
        "Quickbase_Status": "Planned",
        "QBRecordID": 245,
        "Third_Party_Dependant_For_Conne": null,
        "Latitude": -26.04650483,
        "Longitude": 28.05701976
      }
    },
    {
      "attributes": {
        "Precincts": "Girton",
        "Quickbase_Status": "Planned",
        "QBRecordID": 794,
        "Third_Party_Dependant_For_Conne": null,
        "Latitude": -26.18471394,
        "Longitude": 28.03885509
      }
    },
    {
      "attributes": {
        "Precincts": "Girton",
        "Quickbase_Status": "Planned",
        "QBRecordID": 4086,
        "Third_Party_Dependant_For_Conne": null,
        "Latitude": -26.18333914,
        "Longitude": 28.03653555
      }
    },
    {
      "attributes": {
        "Precincts": "Sunninghill",
        "Quickbase_Status": "Planned",
        "QBRecordID": 383,
        "Third_Party_Dependant_For_Conne": null,
        "Latitude": -26.0353727,
        "Longitude": 28.06648828
      }
    },
    {
      "attributes": {
        "Precincts": "Oak Avenue",
        "Quickbase_Status": "Planned",
        "QBRecordID": 3910,
        "Third_Party_Dependant_For_Conne": null,
        "Latitude": -26.0996421,
        "Longitude": 28.00136847
      }
    },
    {
      "attributes": {
        "Precincts": "Sandton Phase 3",
        "Quickbase_Status": "Planned",
        "QBRecordID": 2893,
        "Third_Party_Dependant_For_Conne": null,
        "Latitude": -26.11089511,
        "Longitude": 28.05616831
      }
    },
    {
      "attributes": {
        "Precincts": "Ann Crescent",
        "Quickbase_Status": "Planned",
        "QBRecordID": 1322,
        "Third_Party_Dependant_For_Conne": null,
        "Latitude": -26.10267934,
        "Longitude": 28.07173819
      }
    },
    {
      "attributes": {
        "Precincts": "Burnside Office Park",
        "Quickbase_Status": "Planned",
        "QBRecordID": 2987,
        "Third_Party_Dependant_For_Conne": null,
        "Latitude": -26.11443125,
        "Longitude": 28.02167761
      }
    },
    {
      "attributes": {
        "Precincts": "Bruma Lake",
        "Quickbase_Status": "Planned",
        "QBRecordID": 4011,
        "Third_Party_Dependant_For_Conne": null,
        "Latitude": -26.18168098,
        "Longitude": 28.11021358
      }
    },
    {
      "attributes": {
        "Precincts": "CPT CBD Phase 01",
        "Quickbase_Status": "Planned",
        "QBRecordID": 3058,
        "Third_Party_Dependant_For_Conne": null,
        "Latitude": -33.91667861,
        "Longitude": 18.42474986
      }
    },
    {
      "attributes": {
        "Precincts": "Central Street",
        "Quickbase_Status": "Planned",
        "QBRecordID": 842,
        "Third_Party_Dependant_For_Conne": null,
        "Latitude": -26.16411283,
        "Longitude": 28.05701815
      }
    },
    {
      "attributes": {
        "Precincts": "George Road",
        "Quickbase_Status": "Planned",
        "QBRecordID": 4073,
        "Third_Party_Dependant_For_Conne": null,
        "Latitude": -25.97199363,
        "Longitude": 28.12975475
      }
    },
    {
      "attributes": {
        "Precincts": "Arden Grove",
        "Quickbase_Status": "Planned",
        "QBRecordID": 1561,
        "Third_Party_Dependant_For_Conne": null,
        "Latitude": -33.86351038,
        "Longitude": 18.51429929
      }
    },
    {
      "attributes": {
        "Precincts": "Arden Grove",
        "Quickbase_Status": "Planned",
        "QBRecordID": 1571,
        "Third_Party_Dependant_For_Conne": null,
        "Latitude": -33.86232441,
        "Longitude": 18.5148387
      }
    },
    {
      "attributes": {
        "Precincts": "Umhlanga (Phase 3)",
        "Quickbase_Status": "Planned",
        "QBRecordID": 2805,
        "Third_Party_Dependant_For_Conne": null,
        "Latitude": -29.73746246,
        "Longitude": 31.07110861
      }
    },
    {
      "attributes": {
        "Precincts": "Umhlanga (Phase 3)",
        "Quickbase_Status": "Planned",
        "QBRecordID": 95947,
        "Third_Party_Dependant_For_Conne": null,
        "Latitude": -29.73795533,
        "Longitude": 31.07077923
      }
    },
    {
      "attributes": {
        "Precincts": "CPT CBD Phase 02",
        "Quickbase_Status": "Planned",
        "QBRecordID": 3101,
        "Third_Party_Dependant_For_Conne": null,
        "Latitude": -33.92068677,
        "Longitude": 18.43169484
      }
    },
    {
      "attributes": {
        "Precincts": "Sunninghill",
        "Quickbase_Status": "Planned",
        "QBRecordID": 369,
        "Third_Party_Dependant_For_Conne": null,
        "Latitude": -26.03331693,
        "Longitude": 28.06333281
      }
    },
    {
      "attributes": {
        "Precincts": "Sandton Phase 1",
        "Quickbase_Status": "Planned",
        "QBRecordID": 4023,
        "Third_Party_Dependant_For_Conne": null,
        "Latitude": -26.09826732,
        "Longitude": 28.05530311
      }
    },
    {
      "attributes": {
        "Precincts": "Sandton Phase 1",
        "Quickbase_Status": "Planned",
        "QBRecordID": 2961,
        "Third_Party_Dependant_For_Conne": null,
        "Latitude": -26.09798751,
        "Longitude": 28.05591647
      }
    },
    {
      "attributes": {
        "Precincts": "Sandton Phase 1",
        "Quickbase_Status": "Planned",
        "QBRecordID": 4024,
        "Third_Party_Dependant_For_Conne": null,
        "Latitude": -26.0975017,
        "Longitude": 28.05530551
      }
    },
    {
      "attributes": {
        "Precincts": "Ashley Gardens",
        "Quickbase_Status": "Planned",
        "QBRecordID": 2633,
        "Third_Party_Dependant_For_Conne": null,
        "Latitude": -25.78386112,
        "Longitude": 28.26566257
      }
    },
    {
      "attributes": {
        "Precincts": "Route 21 Office Park",
        "Quickbase_Status": "Planned",
        "QBRecordID": 2000,
        "Third_Party_Dependant_For_Conne": null,
        "Latitude": -25.86119436,
        "Longitude": 28.2562718
      }
    },
    {
      "attributes": {
        "Precincts": "Tygervalley",
        "Quickbase_Status": "Planned",
        "QBRecordID": 4004,
        "Third_Party_Dependant_For_Conne": null,
        "Latitude": -33.88288802,
        "Longitude": 18.63649593
      }
    },
    {
      "attributes": {
        "Precincts": "Bruma Lake",
        "Quickbase_Status": "Planned",
        "QBRecordID": 4010,
        "Third_Party_Dependant_For_Conne": null,
        "Latitude": -26.18016114,
        "Longitude": 28.10698612
      }
    },
    {
      "attributes": {
        "Precincts": "Arden Grove",
        "Quickbase_Status": "Planned",
        "QBRecordID": 1600,
        "Third_Party_Dependant_For_Conne": null,
        "Latitude": -33.86859661,
        "Longitude": 18.51138477
      }
    },
    {
      "attributes": {
        "Precincts": "Rosebank Phase 2",
        "Quickbase_Status": "Planned",
        "QBRecordID": 4063,
        "Third_Party_Dependant_For_Conne": null,
        "Latitude": -26.14792896,
        "Longitude": 28.03787296
      }
    },
    {
      "attributes": {
        "Precincts": "James Crescent",
        "Quickbase_Status": "Planned",
        "QBRecordID": 2269,
        "Third_Party_Dependant_For_Conne": null,
        "Latitude": -26.01061879,
        "Longitude": 28.12393226
      }
    },
    {
      "attributes": {
        "Precincts": "Hyde Park",
        "Quickbase_Status": "Planned",
        "QBRecordID": 4105,
        "Third_Party_Dependant_For_Conne": null,
        "Latitude": -26.12346434,
        "Longitude": 28.03155042
      }
    },
    {
      "attributes": {
        "Precincts": "Oak Avenue",
        "Quickbase_Status": "Planned",
        "QBRecordID": 517,
        "Third_Party_Dependant_For_Conne": null,
        "Latitude": -26.09913448,
        "Longitude": 28.00080686
      }
    },
    {
      "attributes": {
        "Precincts": "Hatfield (Phase 3)",
        "Quickbase_Status": "Planned",
        "QBRecordID": 3486,
        "Third_Party_Dependant_For_Conne": null,
        "Latitude": -25.74220983,
        "Longitude": 28.24149408
      }
    },
    {
      "attributes": {
        "Precincts": "Hatfield (Phase 3)",
        "Quickbase_Status": "Planned",
        "QBRecordID": 3488,
        "Third_Party_Dependant_For_Conne": null,
        "Latitude": -25.74258004,
        "Longitude": 28.24009758
      }
    },
    {
      "attributes": {
        "Precincts": "Morningside",
        "Quickbase_Status": "Planned",
        "QBRecordID": 3918,
        "Third_Party_Dependant_For_Conne": null,
        "Latitude": -26.08012488,
        "Longitude": 28.06224826
      }
    },
    {
      "attributes": {
        "Precincts": "Sandton Phase 1",
        "Quickbase_Status": "Planned",
        "QBRecordID": 4165,
        "Third_Party_Dependant_For_Conne": null,
        "Latitude": -26.09942773,
        "Longitude": 28.05284679
      }
    },
    {
      "attributes": {
        "Precincts": "Persequor Park",
        "Quickbase_Status": "Planned",
        "QBRecordID": 4615,
        "Third_Party_Dependant_For_Conne": null,
        "Latitude": -25.74281261,
        "Longitude": 28.27312624
      }
    },
    {
      "attributes": {
        "Precincts": "Waterfall Office Park",
        "Quickbase_Status": "Planned",
        "QBRecordID": 4895,
        "Third_Party_Dependant_For_Conne": null,
        "Latitude": -26.01265018,
        "Longitude": 28.11248139
      }
    },
    {
      "attributes": {
        "Precincts": "Waterfall Office Park",
        "Quickbase_Status": "Planned",
        "QBRecordID": 4896,
        "Third_Party_Dependant_For_Conne": null,
        "Latitude": -26.01314309,
        "Longitude": 28.11243402
      }
    },
    {
      "attributes": {
        "Precincts": "Waterfall Office Park",
        "Quickbase_Status": "Planned",
        "QBRecordID": 4900,
        "Third_Party_Dependant_For_Conne": null,
        "Latitude": -26.01194103,
        "Longitude": 28.1129351
      }
    },
    {
      "attributes": {
        "Precincts": "Waterfall Office Park",
        "Quickbase_Status": "Planned",
        "QBRecordID": 4901,
        "Third_Party_Dependant_For_Conne": null,
        "Latitude": -26.01154773,
        "Longitude": 28.11349612
      }
    },
    {
      "attributes": {
        "Precincts": "Waterfall Office Park",
        "Quickbase_Status": "Planned",
        "QBRecordID": 5793,
        "Third_Party_Dependant_For_Conne": "Yes",
        "Latitude": -26.01339617,
        "Longitude": 28.11319434
      }
    },
    {
      "attributes": {
        "Precincts": "Route 21 Office Park",
        "Quickbase_Status": "Planned",
        "QBRecordID": 2086,
        "Third_Party_Dependant_For_Conne": null,
        "Latitude": -25.8627943,
        "Longitude": 28.25746459
      }
    },
    {
      "attributes": {
        "Precincts": "Riverview Office Park",
        "Quickbase_Status": "Planned",
        "QBRecordID": 2339,
        "Third_Party_Dependant_For_Conne": null,
        "Latitude": -26.00214219,
        "Longitude": 28.1204047
      }
    },
    {
      "attributes": {
        "Precincts": "Oak Avenue",
        "Quickbase_Status": "Planned",
        "QBRecordID": 582,
        "Third_Party_Dependant_For_Conne": null,
        "Latitude": -26.09475208,
        "Longitude": 28.00249929
      }
    },
    {
      "attributes": {
        "Precincts": "Sandton Phase 2",
        "Quickbase_Status": "Planned",
        "QBRecordID": 3914,
        "Third_Party_Dependant_For_Conne": null,
        "Latitude": -26.10205159,
        "Longitude": 28.05376612
      }
    },
    {
      "attributes": {
        "Precincts": "Ashley Gardens",
        "Quickbase_Status": "Planned",
        "QBRecordID": 2634,
        "Third_Party_Dependant_For_Conne": null,
        "Latitude": -25.78359032,
        "Longitude": 28.26579054
      }
    },
    {
      "attributes": {
        "Precincts": "Ashley Gardens",
        "Quickbase_Status": "Planned",
        "QBRecordID": 3431,
        "Third_Party_Dependant_For_Conne": null,
        "Latitude": -25.78424029,
        "Longitude": 28.26470111
      }
    },
    {
      "attributes": {
        "Precincts": "Route 21 Office Park",
        "Quickbase_Status": "Planned",
        "QBRecordID": 1992,
        "Third_Party_Dependant_For_Conne": null,
        "Latitude": -25.86073662,
        "Longitude": 28.25692154
      }
    },
    {
      "attributes": {
        "Precincts": "Centurion Gautrain Station",
        "Quickbase_Status": "Planned",
        "QBRecordID": 2286,
        "Third_Party_Dependant_For_Conne": null,
        "Latitude": -25.85171023,
        "Longitude": 28.18822122
      }
    },
    {
      "attributes": {
        "Precincts": "Centurion Gautrain Station",
        "Quickbase_Status": "Planned",
        "QBRecordID": 2285,
        "Third_Party_Dependant_For_Conne": null,
        "Latitude": -25.85104476,
        "Longitude": 28.1881665
      }
    },
    {
      "attributes": {
        "Precincts": "Rivonia North",
        "Quickbase_Status": "Planned",
        "QBRecordID": 425,
        "Third_Party_Dependant_For_Conne": null,
        "Latitude": -26.04043514,
        "Longitude": 28.05968215
      }
    },
    {
      "attributes": {
        "Precincts": "Sandton Phase 2",
        "Quickbase_Status": "Planned",
        "QBRecordID": 3913,
        "Third_Party_Dependant_For_Conne": null,
        "Latitude": -26.10523848,
        "Longitude": 28.05102919
      }
    },
    {
      "attributes": {
        "Precincts": "Arden Grove",
        "Quickbase_Status": "Planned",
        "QBRecordID": 3538,
        "Third_Party_Dependant_For_Conne": null,
        "Latitude": -33.86288778,
        "Longitude": 18.5135702
      }
    },
    {
      "attributes": {
        "Precincts": "Umhlanga (Phase 3)",
        "Quickbase_Status": "Planned",
        "QBRecordID": 2801,
        "Third_Party_Dependant_For_Conne": null,
        "Latitude": -29.74509009,
        "Longitude": 31.06797224
      }
    },
    {
      "attributes": {
        "Precincts": "Umhlanga (Phase 3)",
        "Quickbase_Status": "Planned",
        "QBRecordID": 2800,
        "Third_Party_Dependant_For_Conne": null,
        "Latitude": -29.74483625,
        "Longitude": 31.06788157
      }
    },
    {
      "attributes": {
        "Precincts": "Tygervalley",
        "Quickbase_Status": "Planned",
        "QBRecordID": 2580,
        "Third_Party_Dependant_For_Conne": null,
        "Latitude": -33.88235646,
        "Longitude": 18.63575988
      }
    },
    {
      "attributes": {
        "Precincts": "Tygervalley",
        "Quickbase_Status": "Planned",
        "QBRecordID": 2590,
        "Third_Party_Dependant_For_Conne": null,
        "Latitude": -33.88286597,
        "Longitude": 18.63569907
      }
    },
    {
      "attributes": {
        "Precincts": "Hatfield (Phase 3)",
        "Quickbase_Status": "Planned",
        "QBRecordID": 3475,
        "Third_Party_Dependant_For_Conne": null,
        "Latitude": -25.743055,
        "Longitude": 28.24229633
      }
    },
    {
      "attributes": {
        "Precincts": "Hatfield (Phase 3)",
        "Quickbase_Status": "Planned",
        "QBRecordID": 3474,
        "Third_Party_Dependant_For_Conne": null,
        "Latitude": -25.74310162,
        "Longitude": 28.24142555
      }
    },
    {
      "attributes": {
        "Precincts": "Sandton Phase 3",
        "Quickbase_Status": "Planned",
        "QBRecordID": 3897,
        "Third_Party_Dependant_For_Conne": null,
        "Latitude": -26.1021624,
        "Longitude": 28.06044259
      }
    },
    {
      "attributes": {
        "Precincts": "Sandton Phase 1",
        "Quickbase_Status": "Planned",
        "QBRecordID": 2906,
        "Third_Party_Dependant_For_Conne": null,
        "Latitude": -26.10028434,
        "Longitude": 28.05364447
      }
    },
    {
      "attributes": {
        "Precincts": "Sandton Phase 2",
        "Quickbase_Status": "Planned",
        "QBRecordID": 4167,
        "Third_Party_Dependant_For_Conne": null,
        "Latitude": -26.10470709,
        "Longitude": 28.05139876
      }
    },
    {
      "attributes": {
        "Precincts": "Waterfall Office Park",
        "Quickbase_Status": "Planned",
        "QBRecordID": 4898,
        "Third_Party_Dependant_For_Conne": null,
        "Latitude": -26.01221968,
        "Longitude": 28.11333178
      }
    },
    {
      "attributes": {
        "Precincts": "Waterfall Office Park",
        "Quickbase_Status": "Planned",
        "QBRecordID": 4899,
        "Third_Party_Dependant_For_Conne": null,
        "Latitude": -26.01204898,
        "Longitude": 28.11326259
      }
    },
    {
      "attributes": {
        "Precincts": "Waterfall Office Park",
        "Quickbase_Status": "Planned",
        "QBRecordID": 4915,
        "Third_Party_Dependant_For_Conne": null,
        "Latitude": -26.01056062,
        "Longitude": 28.11731077
      }
    },
    {
      "attributes": {
        "Precincts": "Waterfall Office Park",
        "Quickbase_Status": "Planned",
        "QBRecordID": 4917,
        "Third_Party_Dependant_For_Conne": null,
        "Latitude": -26.00836427,
        "Longitude": 28.11836506
      }
    },
    {
      "attributes": {
        "Precincts": "Sandton Phase 2",
        "Quickbase_Status": "Planned",
        "QBRecordID": 4046,
        "Third_Party_Dependant_For_Conne": null,
        "Latitude": -26.10565149,
        "Longitude": 28.05410497
      }
    },
    {
      "attributes": {
        "Precincts": "Sandton Phase 3",
        "Quickbase_Status": "Planned",
        "QBRecordID": 2989,
        "Third_Party_Dependant_For_Conne": null,
        "Latitude": -26.10433468,
        "Longitude": 28.05986677
      }
    },
    {
      "attributes": {
        "Precincts": "Sandton Phase 1",
        "Quickbase_Status": "Planned",
        "QBRecordID": 2896,
        "Third_Party_Dependant_For_Conne": null,
        "Latitude": -26.10231658,
        "Longitude": 28.05018579
      }
    },
    {
      "attributes": {
        "Precincts": "Umhlanga (Phase 3)",
        "Quickbase_Status": "Planned",
        "QBRecordID": 2808,
        "Third_Party_Dependant_For_Conne": null,
        "Latitude": -29.73772073,
        "Longitude": 31.07093905
      }
    },
    {
      "attributes": {
        "Precincts": "Witch-Hazel",
        "Quickbase_Status": "Planned",
        "QBRecordID": 3904,
        "Third_Party_Dependant_For_Conne": null,
        "Latitude": -25.87350695,
        "Longitude": 28.18034415
      }
    },
    {
      "attributes": {
        "Precincts": "Witch-Hazel",
        "Quickbase_Status": "Planned",
        "QBRecordID": 1270,
        "Third_Party_Dependant_For_Conne": null,
        "Latitude": -25.87329058,
        "Longitude": 28.18065561
      }
    },
    {
      "attributes": {
        "Precincts": "Witch-Hazel",
        "Quickbase_Status": "Planned",
        "QBRecordID": 1714,
        "Third_Party_Dependant_For_Conne": null,
        "Latitude": -25.87310238,
        "Longitude": 28.18105107
      }
    },
    {
      "attributes": {
        "Precincts": "Highveld Technopark",
        "Quickbase_Status": "Planned",
        "QBRecordID": 4540,
        "Third_Party_Dependant_For_Conne": null,
        "Latitude": -25.87899433,
        "Longitude": 28.18392351
      }
    },
    {
      "attributes": {
        "Precincts": "Highveld Technopark",
        "Quickbase_Status": "Planned",
        "QBRecordID": 4523,
        "Third_Party_Dependant_For_Conne": null,
        "Latitude": -25.87333215,
        "Longitude": 28.1907962
      }
    },
    {
      "attributes": {
        "Precincts": "Homestead",
        "Quickbase_Status": "Planned",
        "QBRecordID": 244,
        "Third_Party_Dependant_For_Conne": null,
        "Latitude": -26.04557967,
        "Longitude": 28.05640868
      }
    },
    {
      "attributes": {
        "Precincts": "Girton",
        "Quickbase_Status": "Planned",
        "QBRecordID": 802,
        "Third_Party_Dependant_For_Conne": null,
        "Latitude": -26.18304486,
        "Longitude": 28.03819259
      }
    },
    {
      "attributes": {
        "Precincts": "Brackengate Business Park",
        "Quickbase_Status": "Planned",
        "QBRecordID": 6628,
        "Third_Party_Dependant_For_Conne": null,
        "Latitude": -33.890303,
        "Longitude": 18.67982786
      }
    },
    {
      "attributes": {
        "Precincts": "Brackengate Business Park",
        "Quickbase_Status": "Planned",
        "QBRecordID": 6614,
        "Third_Party_Dependant_For_Conne": null,
        "Latitude": -33.8939671,
        "Longitude": 18.68258978
      }
    },
    {
      "attributes": {
        "Precincts": "Brackengate Business Park",
        "Quickbase_Status": "Planned",
        "QBRecordID": 6598,
        "Third_Party_Dependant_For_Conne": null,
        "Latitude": -33.89442973,
        "Longitude": 18.68222445
      }
    },
    {
      "attributes": {
        "Precincts": "Brackengate Business Park",
        "Quickbase_Status": "Planned",
        "QBRecordID": 6608,
        "Third_Party_Dependant_For_Conne": null,
        "Latitude": -33.89433673,
        "Longitude": 18.68194681
      }
    },
    {
      "attributes": {
        "Precincts": "Brackengate Business Park",
        "Quickbase_Status": "Planned",
        "QBRecordID": 6603,
        "Third_Party_Dependant_For_Conne": null,
        "Latitude": -33.89333703,
        "Longitude": 18.679423
      }
    },
    {
      "attributes": {
        "Precincts": "Brackengate Business Park",
        "Quickbase_Status": "Planned",
        "QBRecordID": 6605,
        "Third_Party_Dependant_For_Conne": null,
        "Latitude": -33.89224687,
        "Longitude": 18.67819588
      }
    },
    {
      "attributes": {
        "Precincts": "Brackengate Business Park",
        "Quickbase_Status": "Planned",
        "QBRecordID": 6621,
        "Third_Party_Dependant_For_Conne": null,
        "Latitude": -33.89255327,
        "Longitude": 18.68164496
      }
    },
    {
      "attributes": {
        "Precincts": "Brackengate Business Park",
        "Quickbase_Status": "Planned",
        "QBRecordID": 6618,
        "Third_Party_Dependant_For_Conne": null,
        "Latitude": -33.89299138,
        "Longitude": 18.68027175
      }
    },
    {
      "attributes": {
        "Precincts": "Brackengate Business Park",
        "Quickbase_Status": "Planned",
        "QBRecordID": 6616,
        "Third_Party_Dependant_For_Conne": null,
        "Latitude": -33.89281907,
        "Longitude": 18.68082207
      }
    },
    {
      "attributes": {
        "Precincts": "Brackengate Business Park",
        "Quickbase_Status": "Planned",
        "QBRecordID": 7830,
        "Third_Party_Dependant_For_Conne": null,
        "Latitude": -33.89215229,
        "Longitude": 18.68198531
      }
    },
    {
      "attributes": {
        "Precincts": "Brackengate Business Park",
        "Quickbase_Status": "Planned",
        "QBRecordID": 6632,
        "Third_Party_Dependant_For_Conne": null,
        "Latitude": -33.89128194,
        "Longitude": 18.68076727
      }
    },
    {
      "attributes": {
        "Precincts": "Brackengate Business Park",
        "Quickbase_Status": "Planned",
        "QBRecordID": 6620,
        "Third_Party_Dependant_For_Conne": null,
        "Latitude": -33.89273937,
        "Longitude": 18.68218998
      }
    },
    {
      "attributes": {
        "Precincts": "Brackengate Business Park",
        "Quickbase_Status": "Planned",
        "QBRecordID": 7831,
        "Third_Party_Dependant_For_Conne": null,
        "Latitude": -33.88839519,
        "Longitude": 18.68027565
      }
    },
    {
      "attributes": {
        "Precincts": "Flanders Drive",
        "Quickbase_Status": "Planned",
        "QBRecordID": 7141,
        "Third_Party_Dependant_For_Conne": null,
        "Latitude": -29.71070829,
        "Longitude": 31.05163035
      }
    },
    {
      "attributes": {
        "Precincts": "Flanders Drive",
        "Quickbase_Status": "Planned",
        "QBRecordID": 9412,
        "Third_Party_Dependant_For_Conne": null,
        "Latitude": -29.7147227,
        "Longitude": 31.05264852
      }
    },
    {
      "attributes": {
        "Precincts": "Flanders Drive",
        "Quickbase_Status": "Planned",
        "QBRecordID": 9413,
        "Third_Party_Dependant_For_Conne": null,
        "Latitude": -29.71542187,
        "Longitude": 31.05347623
      }
    },
    {
      "attributes": {
        "Precincts": "Flanders Drive",
        "Quickbase_Status": "Planned",
        "QBRecordID": 9415,
        "Third_Party_Dependant_For_Conne": null,
        "Latitude": -29.71589307,
        "Longitude": 31.0537544
      }
    },
    {
      "attributes": {
        "Precincts": "Flanders Drive",
        "Quickbase_Status": "Planned",
        "QBRecordID": 7133,
        "Third_Party_Dependant_For_Conne": null,
        "Latitude": -29.71832451,
        "Longitude": 31.05509162
      }
    },
    {
      "attributes": {
        "Precincts": "Island Circle",
        "Quickbase_Status": "Planned",
        "QBRecordID": 7191,
        "Third_Party_Dependant_For_Conne": null,
        "Latitude": -29.76797268,
        "Longitude": 31.00405718
      }
    },
    {
      "attributes": {
        "Precincts": "Island Circle",
        "Quickbase_Status": "Planned",
        "QBRecordID": 7192,
        "Third_Party_Dependant_For_Conne": null,
        "Latitude": -29.76748575,
        "Longitude": 31.0044418
      }
    },
    {
      "attributes": {
        "Precincts": "Island Circle",
        "Quickbase_Status": "Planned",
        "QBRecordID": 7194,
        "Third_Party_Dependant_For_Conne": null,
        "Latitude": -29.76727011,
        "Longitude": 31.00475784
      }
    },
    {
      "attributes": {
        "Precincts": "Island Circle",
        "Quickbase_Status": "Planned",
        "QBRecordID": 7202,
        "Third_Party_Dependant_For_Conne": null,
        "Latitude": -29.76735685,
        "Longitude": 31.00672529
      }
    },
    {
      "attributes": {
        "Precincts": "Island Circle",
        "Quickbase_Status": "Planned",
        "QBRecordID": 7205,
        "Third_Party_Dependant_For_Conne": null,
        "Latitude": -29.7681639,
        "Longitude": 31.00650271
      }
    },
    {
      "attributes": {
        "Precincts": "Island Circle",
        "Quickbase_Status": "Planned",
        "QBRecordID": 7206,
        "Third_Party_Dependant_For_Conne": null,
        "Latitude": -29.76841436,
        "Longitude": 31.00595686
      }
    },
    {
      "attributes": {
        "Precincts": "Island Circle",
        "Quickbase_Status": "Planned",
        "QBRecordID": 7208,
        "Third_Party_Dependant_For_Conne": null,
        "Latitude": -29.76863903,
        "Longitude": 31.0050664
      }
    },
    {
      "attributes": {
        "Precincts": "Island Circle",
        "Quickbase_Status": "Planned",
        "QBRecordID": 7209,
        "Third_Party_Dependant_For_Conne": null,
        "Latitude": -29.76879866,
        "Longitude": 31.00469608
      }
    },
    {
      "attributes": {
        "Precincts": "Island Circle",
        "Quickbase_Status": "Planned",
        "QBRecordID": 7190,
        "Third_Party_Dependant_For_Conne": null,
        "Latitude": -29.76784175,
        "Longitude": 31.00527104
      }
    },
    {
      "attributes": {
        "Precincts": "Umhlanga (Phase 3)",
        "Quickbase_Status": "Planned",
        "QBRecordID": 8141,
        "Third_Party_Dependant_For_Conne": null,
        "Latitude": -29.75547416,
        "Longitude": 31.06548912
      }
    },
    {
      "attributes": {
        "Precincts": "Umhlanga (Phase 3)",
        "Quickbase_Status": "Planned",
        "QBRecordID": 8140,
        "Third_Party_Dependant_For_Conne": null,
        "Latitude": -29.75449025,
        "Longitude": 31.06564341
      }
    },
    {
      "attributes": {
        "Precincts": "Meridian Drive",
        "Quickbase_Status": "Planned",
        "QBRecordID": 7540,
        "Third_Party_Dependant_For_Conne": null,
        "Latitude": -29.72955144,
        "Longitude": 31.06842981
      }
    },
    {
      "attributes": {
        "Precincts": "Meridian Drive",
        "Quickbase_Status": "Planned",
        "QBRecordID": 9424,
        "Third_Party_Dependant_For_Conne": null,
        "Latitude": -29.71818677,
        "Longitude": 31.0664246
      }
    },
    {
      "attributes": {
        "Precincts": "Meridian Drive",
        "Quickbase_Status": "Planned",
        "QBRecordID": 7463,
        "Third_Party_Dependant_For_Conne": null,
        "Latitude": -29.71790691,
        "Longitude": 31.06581856
      }
    },
    {
      "attributes": {
        "Precincts": "Meridian Drive",
        "Quickbase_Status": "Planned",
        "QBRecordID": 7455,
        "Third_Party_Dependant_For_Conne": null,
        "Latitude": -29.71896036,
        "Longitude": 31.06451768
      }
    },
    {
      "attributes": {
        "Precincts": "Meridian Drive",
        "Quickbase_Status": "Planned",
        "QBRecordID": 7486,
        "Third_Party_Dependant_For_Conne": null,
        "Latitude": -29.7216236,
        "Longitude": 31.06308972
      }
    },
    {
      "attributes": {
        "Precincts": "Meridian Drive",
        "Quickbase_Status": "Planned",
        "QBRecordID": 7485,
        "Third_Party_Dependant_For_Conne": null,
        "Latitude": -29.72156979,
        "Longitude": 31.062788
      }
    },
    {
      "attributes": {
        "Precincts": "Meridian Drive",
        "Quickbase_Status": "Planned",
        "QBRecordID": 7445,
        "Third_Party_Dependant_For_Conne": null,
        "Latitude": -29.72103941,
        "Longitude": 31.06283781
      }
    },
    {
      "attributes": {
        "Precincts": "Meridian Drive",
        "Quickbase_Status": "Planned",
        "QBRecordID": 7462,
        "Third_Party_Dependant_For_Conne": null,
        "Latitude": -29.72085756,
        "Longitude": 31.06259386
      }
    },
    {
      "attributes": {
        "Precincts": "Meridian Drive",
        "Quickbase_Status": "Planned",
        "QBRecordID": 7438,
        "Third_Party_Dependant_For_Conne": null,
        "Latitude": -29.72317225,
        "Longitude": 31.06213442
      }
    },
    {
      "attributes": {
        "Precincts": "Meridian Drive",
        "Quickbase_Status": "Planned",
        "QBRecordID": 7439,
        "Third_Party_Dependant_For_Conne": null,
        "Latitude": -29.72367252,
        "Longitude": 31.06268733
      }
    },
    {
      "attributes": {
        "Precincts": "Meridian Drive",
        "Quickbase_Status": "Planned",
        "QBRecordID": 7527,
        "Third_Party_Dependant_For_Conne": null,
        "Latitude": -29.72581447,
        "Longitude": 31.06843269
      }
    },
    {
      "attributes": {
        "Precincts": "Umhlanga (Phase 3)",
        "Quickbase_Status": "Planned",
        "QBRecordID": 8139,
        "Third_Party_Dependant_For_Conne": null,
        "Latitude": -29.75484218,
        "Longitude": 31.06335657
      }
    },
    {
      "attributes": {
        "Precincts": "Homestead",
        "Quickbase_Status": "Planned",
        "QBRecordID": 243,
        "Third_Party_Dependant_For_Conne": null,
        "Latitude": -26.04658765,
        "Longitude": 28.05614831
      }
    },
    {
      "attributes": {
        "Precincts": "TechnoPark",
        "Quickbase_Status": "Planned",
        "QBRecordID": 751,
        "Third_Party_Dependant_For_Conne": null,
        "Latitude": -33.96617982,
        "Longitude": 18.83813552
      }
    },
    {
      "attributes": {
        "Precincts": "Scott Street",
        "Quickbase_Status": "Planned",
        "QBRecordID": 1781,
        "Third_Party_Dependant_For_Conne": null,
        "Latitude": -26.12968008,
        "Longitude": 28.07264492
      }
    },
    {
      "attributes": {
        "Precincts": "Logan Ave",
        "Quickbase_Status": "Planned",
        "QBRecordID": 6070,
        "Third_Party_Dependant_For_Conne": null,
        "Latitude": -25.87597989,
        "Longitude": 28.19773092
      }
    },
    {
      "attributes": {
        "Precincts": "Logan Ave",
        "Quickbase_Status": "Planned",
        "QBRecordID": 6080,
        "Third_Party_Dependant_For_Conne": null,
        "Latitude": -25.87833011,
        "Longitude": 28.1986342
      }
    },
    {
      "attributes": {
        "Precincts": "Logan Ave",
        "Quickbase_Status": "Planned",
        "QBRecordID": 6081,
        "Third_Party_Dependant_For_Conne": null,
        "Latitude": -25.87846015,
        "Longitude": 28.19967096
      }
    },
    {
      "attributes": {
        "Precincts": "Samrand Business Park",
        "Quickbase_Status": "Planned",
        "QBRecordID": 6209,
        "Third_Party_Dependant_For_Conne": null,
        "Latitude": -25.92776686,
        "Longitude": 28.13901703
      }
    },
    {
      "attributes": {
        "Precincts": "Samrand Business Park",
        "Quickbase_Status": "Planned",
        "QBRecordID": 6221,
        "Third_Party_Dependant_For_Conne": null,
        "Latitude": -25.93230452,
        "Longitude": 28.14184003
      }
    },
    {
      "attributes": {
        "Precincts": "Samrand Business Park",
        "Quickbase_Status": "Planned",
        "QBRecordID": 6219,
        "Third_Party_Dependant_For_Conne": null,
        "Latitude": -25.93117697,
        "Longitude": 28.14261598
      }
    },
    {
      "attributes": {
        "Precincts": "Samrand Business Park",
        "Quickbase_Status": "Planned",
        "QBRecordID": 6220,
        "Third_Party_Dependant_For_Conne": null,
        "Latitude": -25.93095603,
        "Longitude": 28.14201382
      }
    },
    {
      "attributes": {
        "Precincts": "Samrand Business Park",
        "Quickbase_Status": "Planned",
        "QBRecordID": 6218,
        "Third_Party_Dependant_For_Conne": null,
        "Latitude": -25.93041379,
        "Longitude": 28.14269151
      }
    },
    {
      "attributes": {
        "Precincts": "Samrand Business Park",
        "Quickbase_Status": "Planned",
        "QBRecordID": 6224,
        "Third_Party_Dependant_For_Conne": null,
        "Latitude": -25.93157881,
        "Longitude": 28.13803858
      }
    },
    {
      "attributes": {
        "Precincts": "Brooklyn",
        "Quickbase_Status": "Planned",
        "QBRecordID": 7220,
        "Third_Party_Dependant_For_Conne": null,
        "Latitude": -25.77191353,
        "Longitude": 28.23639048
      }
    },
    {
      "attributes": {
        "Precincts": "Brooklyn",
        "Quickbase_Status": "Planned",
        "QBRecordID": 7227,
        "Third_Party_Dependant_For_Conne": null,
        "Latitude": -25.76961589,
        "Longitude": 28.23564443
      }
    },
    {
      "attributes": {
        "Precincts": "Brooklyn",
        "Quickbase_Status": "Planned",
        "QBRecordID": 7228,
        "Third_Party_Dependant_For_Conne": null,
        "Latitude": -25.76930846,
        "Longitude": 28.23583674
      }
    },
    {
      "attributes": {
        "Precincts": "Centurion CBD 1",
        "Quickbase_Status": "Planned",
        "QBRecordID": 6312,
        "Third_Party_Dependant_For_Conne": null,
        "Latitude": -25.8627831,
        "Longitude": 28.18693062
      }
    },
    {
      "attributes": {
        "Precincts": "Centurion CBD 1",
        "Quickbase_Status": "Planned",
        "QBRecordID": 6324,
        "Third_Party_Dependant_For_Conne": null,
        "Latitude": -25.86224831,
        "Longitude": 28.1865757
      }
    },
    {
      "attributes": {
        "Precincts": "Centurion CBD 2",
        "Quickbase_Status": "Planned",
        "QBRecordID": null,
        "Third_Party_Dependant_For_Conne": null,
        "Latitude": -25.86088823,
        "Longitude": 28.18849227
      }
    },
    {
      "attributes": {
        "Precincts": "Centurion CBD 2",
        "Quickbase_Status": "Planned",
        "QBRecordID": 6378,
        "Third_Party_Dependant_For_Conne": null,
        "Latitude": -25.86063013,
        "Longitude": 28.18777353
      }
    },
    {
      "attributes": {
        "Precincts": "Centurion CBD 2",
        "Quickbase_Status": "Planned",
        "QBRecordID": 6375,
        "Third_Party_Dependant_For_Conne": null,
        "Latitude": -25.8604824,
        "Longitude": 28.1880903
      }
    },
    {
      "attributes": {
        "Precincts": "Centurion CBD 1",
        "Quickbase_Status": "Planned",
        "QBRecordID": 6326,
        "Third_Party_Dependant_For_Conne": null,
        "Latitude": -25.86191912,
        "Longitude": 28.18857565
      }
    },
    {
      "attributes": {
        "Precincts": "Centurion CBD 1",
        "Quickbase_Status": "Planned",
        "QBRecordID": 6331,
        "Third_Party_Dependant_For_Conne": null,
        "Latitude": -25.8630368,
        "Longitude": 28.18742006
      }
    },
    {
      "attributes": {
        "Precincts": "Centurion CBD 1",
        "Quickbase_Status": "Planned",
        "QBRecordID": 6330,
        "Third_Party_Dependant_For_Conne": null,
        "Latitude": -25.86294184,
        "Longitude": 28.18792275
      }
    },
    {
      "attributes": {
        "Precincts": "Centurion CBD 1",
        "Quickbase_Status": "Planned",
        "QBRecordID": 6332,
        "Third_Party_Dependant_For_Conne": null,
        "Latitude": -25.86325538,
        "Longitude": 28.18793493
      }
    },
    {
      "attributes": {
        "Precincts": "Centurion CBD 1",
        "Quickbase_Status": "Planned",
        "QBRecordID": 6333,
        "Third_Party_Dependant_For_Conne": null,
        "Latitude": -25.86331064,
        "Longitude": 28.1881674
      }
    },
    {
      "attributes": {
        "Precincts": "Centurion CBD 1",
        "Quickbase_Status": "Planned",
        "QBRecordID": 6341,
        "Third_Party_Dependant_For_Conne": null,
        "Latitude": -25.86303673,
        "Longitude": 28.18918631
      }
    },
    {
      "attributes": {
        "Precincts": "Centurion CBD 1",
        "Quickbase_Status": "Planned",
        "QBRecordID": 6344,
        "Third_Party_Dependant_For_Conne": null,
        "Latitude": -25.8628481,
        "Longitude": 28.18973171
      }
    },
    {
      "attributes": {
        "Precincts": "Centurion CBD 1",
        "Quickbase_Status": "Planned",
        "QBRecordID": 6347,
        "Third_Party_Dependant_For_Conne": null,
        "Latitude": -25.86245774,
        "Longitude": 28.18882818
      }
    },
    {
      "attributes": {
        "Precincts": "Centurion CBD 2",
        "Quickbase_Status": "Planned",
        "QBRecordID": 6356,
        "Third_Party_Dependant_For_Conne": null,
        "Latitude": -25.86093293,
        "Longitude": 28.18941453
      }
    },
    {
      "attributes": {
        "Precincts": "Centurion CBD 2",
        "Quickbase_Status": "Planned",
        "QBRecordID": 6364,
        "Third_Party_Dependant_For_Conne": null,
        "Latitude": -25.86179175,
        "Longitude": 28.19098693
      }
    },
    {
      "attributes": {
        "Precincts": "Centurion CBD 2",
        "Quickbase_Status": "Planned",
        "QBRecordID": 6369,
        "Third_Party_Dependant_For_Conne": null,
        "Latitude": -25.86318798,
        "Longitude": 28.19063917
      }
    },
    {
      "attributes": {
        "Precincts": "Centurion CBD 2",
        "Quickbase_Status": "Planned",
        "QBRecordID": 6370,
        "Third_Party_Dependant_For_Conne": null,
        "Latitude": -25.86330017,
        "Longitude": 28.19095235
      }
    },
    {
      "attributes": {
        "Precincts": "Centurion CBD 2",
        "Quickbase_Status": "Planned",
        "QBRecordID": 6374,
        "Third_Party_Dependant_For_Conne": null,
        "Latitude": -25.86352598,
        "Longitude": 28.19034627
      }
    },
    {
      "attributes": {
        "Precincts": "Centurion CBD 2",
        "Quickbase_Status": "Planned",
        "QBRecordID": 6371,
        "Third_Party_Dependant_For_Conne": null,
        "Latitude": -25.86387189,
        "Longitude": 28.19027743
      }
    },
    {
      "attributes": {
        "Precincts": "Centurion CBD 1",
        "Quickbase_Status": "Planned",
        "QBRecordID": 6342,
        "Third_Party_Dependant_For_Conne": null,
        "Latitude": -25.86288036,
        "Longitude": 28.18891159
      }
    },
    {
      "attributes": {
        "Precincts": "Centurion CBD 1",
        "Quickbase_Status": "Planned",
        "QBRecordID": 6325,
        "Third_Party_Dependant_For_Conne": null,
        "Latitude": -25.86213132,
        "Longitude": 28.18831887
      }
    },
    {
      "attributes": {
        "Precincts": "Hatfield (Phase 3)",
        "Quickbase_Status": "Planned",
        "QBRecordID": 2932,
        "Third_Party_Dependant_For_Conne": null,
        "Latitude": -25.74451559,
        "Longitude": 28.24166628
      }
    },
    {
      "attributes": {
        "Precincts": "Peter Place",
        "Quickbase_Status": "Planned",
        "QBRecordID": 2849,
        "Third_Party_Dependant_For_Conne": null,
        "Latitude": -26.08148995,
        "Longitude": 28.01952029
      }
    },
    {
      "attributes": {
        "Precincts": "Ingersol",
        "Quickbase_Status": "Planned",
        "QBRecordID": 3883,
        "Third_Party_Dependant_For_Conne": null,
        "Latitude": -25.77705897,
        "Longitude": 28.27434593
      }
    },
    {
      "attributes": {
        "Precincts": "James Crescent",
        "Quickbase_Status": "Planned",
        "QBRecordID": 2152,
        "Third_Party_Dependant_For_Conne": null,
        "Latitude": -26.00757621,
        "Longitude": 28.12576594
      }
    },
    {
      "attributes": {
        "Precincts": "Rivonia North",
        "Quickbase_Status": "Planned",
        "QBRecordID": 3935,
        "Third_Party_Dependant_For_Conne": null,
        "Latitude": -26.03998641,
        "Longitude": 28.06126976
      }
    },
    {
      "attributes": {
        "Precincts": "CPT CBD Phase 03",
        "Quickbase_Status": "Planned",
        "QBRecordID": 3120,
        "Third_Party_Dependant_For_Conne": null,
        "Latitude": -33.92392715,
        "Longitude": 18.41416068
      }
    },
    {
      "attributes": {
        "Precincts": "CPT CBD Phase 03",
        "Quickbase_Status": "Planned",
        "QBRecordID": 3126,
        "Third_Party_Dependant_For_Conne": null,
        "Latitude": -33.92402728,
        "Longitude": 18.41453542
      }
    },
    {
      "attributes": {
        "Precincts": "CPT CBD Phase 03",
        "Quickbase_Status": "Planned",
        "QBRecordID": 3141,
        "Third_Party_Dependant_For_Conne": null,
        "Latitude": -33.92559903,
        "Longitude": 18.41542683
      }
    },
    {
      "attributes": {
        "Precincts": "CPT CBD Phase 03",
        "Quickbase_Status": "Planned",
        "QBRecordID": 3142,
        "Third_Party_Dependant_For_Conne": null,
        "Latitude": -33.92563875,
        "Longitude": 18.41522344
      }
    },
    {
      "attributes": {
        "Precincts": "CPT CBD Phase 03",
        "Quickbase_Status": "Planned",
        "QBRecordID": 3143,
        "Third_Party_Dependant_For_Conne": null,
        "Latitude": -33.9257749,
        "Longitude": 18.41527346
      }
    },
    {
      "attributes": {
        "Precincts": "CPT CBD Phase 03",
        "Quickbase_Status": "Planned",
        "QBRecordID": 3144,
        "Third_Party_Dependant_For_Conne": null,
        "Latitude": -33.92586659,
        "Longitude": 18.41518631
      }
    },
    {
      "attributes": {
        "Precincts": "CPT CBD Phase 03",
        "Quickbase_Status": "Planned",
        "QBRecordID": 3145,
        "Third_Party_Dependant_For_Conne": null,
        "Latitude": -33.92596689,
        "Longitude": 18.41507901
      }
    },
    {
      "attributes": {
        "Precincts": "CPT CBD Phase 03",
        "Quickbase_Status": "Planned",
        "QBRecordID": 3150,
        "Third_Party_Dependant_For_Conne": null,
        "Latitude": -33.92658181,
        "Longitude": 18.41600348
      }
    },
    {
      "attributes": {
        "Precincts": "CPT CBD Phase 03",
        "Quickbase_Status": "Planned",
        "QBRecordID": 3158,
        "Third_Party_Dependant_For_Conne": null,
        "Latitude": -33.92620165,
        "Longitude": 18.41527888
      }
    },
    {
      "attributes": {
        "Precincts": "CPT CBD Phase 03",
        "Quickbase_Status": "Planned",
        "QBRecordID": 3155,
        "Third_Party_Dependant_For_Conne": null,
        "Latitude": -33.92646245,
        "Longitude": 18.41560472
      }
    },
    {
      "attributes": {
        "Precincts": "CPT CBD Phase 03",
        "Quickbase_Status": "Planned",
        "QBRecordID": 3156,
        "Third_Party_Dependant_For_Conne": null,
        "Latitude": -33.92634437,
        "Longitude": 18.41545979
      }
    },
    {
      "attributes": {
        "Precincts": "CPT CBD Phase 04",
        "Quickbase_Status": "Planned",
        "QBRecordID": 3813,
        "Third_Party_Dependant_For_Conne": null,
        "Latitude": -33.92279228,
        "Longitude": 18.42084512
      }
    },
    {
      "attributes": {
        "Precincts": "CPT CBD Phase 04",
        "Quickbase_Status": "Planned",
        "QBRecordID": 3414,
        "Third_Party_Dependant_For_Conne": null,
        "Latitude": -33.92289973,
        "Longitude": 18.42061916
      }
    },
    {
      "attributes": {
        "Precincts": "CPT CBD Phase 03",
        "Quickbase_Status": "Planned",
        "QBRecordID": 3119,
        "Third_Party_Dependant_For_Conne": null,
        "Latitude": -33.9235198,
        "Longitude": 18.41491089
      }
    },
    {
      "attributes": {
        "Precincts": "CPT CBD Phase 04",
        "Quickbase_Status": "Planned",
        "QBRecordID": 3847,
        "Third_Party_Dependant_For_Conne": null,
        "Latitude": -33.92225051,
        "Longitude": 18.42210352
      }
    },
    {
      "attributes": {
        "Precincts": "CPT CBD Phase 04",
        "Quickbase_Status": "Planned",
        "QBRecordID": 3850,
        "Third_Party_Dependant_For_Conne": null,
        "Latitude": -33.92274199,
        "Longitude": 18.42206718
      }
    },
    {
      "attributes": {
        "Precincts": "CPT CBD Phase 04",
        "Quickbase_Status": "Planned",
        "QBRecordID": 3861,
        "Third_Party_Dependant_For_Conne": null,
        "Latitude": -33.92317243,
        "Longitude": 18.42141223
      }
    },
    {
      "attributes": {
        "Precincts": "CPT CBD Phase 04",
        "Quickbase_Status": "Planned",
        "QBRecordID": 3854,
        "Third_Party_Dependant_For_Conne": null,
        "Latitude": -33.92215872,
        "Longitude": 18.42084911
      }
    },
    {
      "attributes": {
        "Precincts": "CPT CBD Phase 04",
        "Quickbase_Status": "Planned",
        "QBRecordID": 3853,
        "Third_Party_Dependant_For_Conne": null,
        "Latitude": -33.92220408,
        "Longitude": 18.42096439
      }
    },
    {
      "attributes": {
        "Precincts": "CPT CBD Phase 04",
        "Quickbase_Status": "Planned",
        "QBRecordID": 3412,
        "Third_Party_Dependant_For_Conne": null,
        "Latitude": -33.92296972,
        "Longitude": 18.42117813
      }
    },
    {
      "attributes": {
        "Precincts": "CPT CBD Phase 04",
        "Quickbase_Status": "Planned",
        "QBRecordID": 3862,
        "Third_Party_Dependant_For_Conne": null,
        "Latitude": -33.92305515,
        "Longitude": 18.42124607
      }
    },
    {
      "attributes": {
        "Precincts": "CPT CBD Phase 04",
        "Quickbase_Status": "Planned",
        "QBRecordID": 3864,
        "Third_Party_Dependant_For_Conne": null,
        "Latitude": -33.92324289,
        "Longitude": 18.42104003
      }
    },
    {
      "attributes": {
        "Precincts": "CPT CBD Phase 04",
        "Quickbase_Status": "Planned",
        "QBRecordID": 3865,
        "Third_Party_Dependant_For_Conne": null,
        "Latitude": -33.92345736,
        "Longitude": 18.42124777
      }
    },
    {
      "attributes": {
        "Precincts": "CPT CBD Phase 04",
        "Quickbase_Status": "Planned",
        "QBRecordID": 3869,
        "Third_Party_Dependant_For_Conne": null,
        "Latitude": -33.92418265,
        "Longitude": 18.42017614
      }
    },
    {
      "attributes": {
        "Precincts": "CPT CBD Phase 04",
        "Quickbase_Status": "Planned",
        "QBRecordID": 3416,
        "Third_Party_Dependant_For_Conne": null,
        "Latitude": -33.92367667,
        "Longitude": 18.42051723
      }
    },
    {
      "attributes": {
        "Precincts": "CPT CBD Phase 03",
        "Quickbase_Status": "Planned",
        "QBRecordID": 3841,
        "Third_Party_Dependant_For_Conne": null,
        "Latitude": -33.92482378,
        "Longitude": 18.41366048
      }
    },
    {
      "attributes": {
        "Precincts": "CPT CBD Phase 06",
        "Quickbase_Status": "Planned",
        "QBRecordID": 3215,
        "Third_Party_Dependant_For_Conne": null,
        "Latitude": -33.91941636,
        "Longitude": 18.42301059
      }
    },
    {
      "attributes": {
        "Precincts": "CPT CBD Phase 06",
        "Quickbase_Status": "Planned",
        "QBRecordID": 3220,
        "Third_Party_Dependant_For_Conne": null,
        "Latitude": -33.92015226,
        "Longitude": 18.42249062
      }
    },
    {
      "attributes": {
        "Precincts": "CPT CBD Phase 06",
        "Quickbase_Status": "Planned",
        "QBRecordID": 3219,
        "Third_Party_Dependant_For_Conne": null,
        "Latitude": -33.9199374,
        "Longitude": 18.42271192
      }
    },
    {
      "attributes": {
        "Precincts": "CPT CBD Phase 06",
        "Quickbase_Status": "Planned",
        "QBRecordID": 3223,
        "Third_Party_Dependant_For_Conne": null,
        "Latitude": -33.9207833,
        "Longitude": 18.42385973
      }
    },
    {
      "attributes": {
        "Precincts": "CPT CBD Phase 06",
        "Quickbase_Status": "Planned",
        "QBRecordID": 3228,
        "Third_Party_Dependant_For_Conne": null,
        "Latitude": -33.92099638,
        "Longitude": 18.42273912
      }
    },
    {
      "attributes": {
        "Precincts": "CPT CBD Phase 06",
        "Quickbase_Status": "Planned",
        "QBRecordID": 3229,
        "Third_Party_Dependant_For_Conne": null,
        "Latitude": -33.92107857,
        "Longitude": 18.42275054
      }
    },
    {
      "attributes": {
        "Precincts": "CPT CBD Phase 06",
        "Quickbase_Status": "Planned",
        "QBRecordID": 3410,
        "Third_Party_Dependant_For_Conne": null,
        "Latitude": -33.92117158,
        "Longitude": 18.42266907
      }
    },
    {
      "attributes": {
        "Precincts": "CPT CBD Phase 14",
        "Quickbase_Status": "Planned",
        "QBRecordID": 3746,
        "Third_Party_Dependant_For_Conne": null,
        "Latitude": -33.92536942,
        "Longitude": 18.4237409
      }
    },
    {
      "attributes": {
        "Precincts": "CPT CBD Phase 14",
        "Quickbase_Status": "Planned",
        "QBRecordID": 3747,
        "Third_Party_Dependant_For_Conne": null,
        "Latitude": -33.92595368,
        "Longitude": 18.4245935
      }
    },
    {
      "attributes": {
        "Precincts": "CPT CBD Phase 14",
        "Quickbase_Status": "Planned",
        "QBRecordID": 3839,
        "Third_Party_Dependant_For_Conne": null,
        "Latitude": -33.92584955,
        "Longitude": 18.42325872
      }
    },
    {
      "attributes": {
        "Precincts": "CPT CBD Phase 14",
        "Quickbase_Status": "Planned",
        "QBRecordID": 3751,
        "Third_Party_Dependant_For_Conne": null,
        "Latitude": -33.92692694,
        "Longitude": 18.4249645
      }
    },
    {
      "attributes": {
        "Precincts": "CPT CBD Phase 14",
        "Quickbase_Status": "Planned",
        "QBRecordID": 3753,
        "Third_Party_Dependant_For_Conne": null,
        "Latitude": -33.9273128,
        "Longitude": 18.42480314
      }
    },
    {
      "attributes": {
        "Precincts": "CPT CBD Phase 14",
        "Quickbase_Status": "Planned",
        "QBRecordID": 3762,
        "Third_Party_Dependant_For_Conne": null,
        "Latitude": -33.92593171,
        "Longitude": 18.42118014
      }
    },
    {
      "attributes": {
        "Precincts": "CPT CBD Phase 14",
        "Quickbase_Status": "Planned",
        "QBRecordID": 3765,
        "Third_Party_Dependant_For_Conne": null,
        "Latitude": -33.92595951,
        "Longitude": 18.42169475
      }
    },
    {
      "attributes": {
        "Precincts": "CPT CBD Phase 14",
        "Quickbase_Status": "Planned",
        "QBRecordID": 3772,
        "Third_Party_Dependant_For_Conne": null,
        "Latitude": -33.92597604,
        "Longitude": 18.42159088
      }
    },
    {
      "attributes": {
        "Precincts": "CPT CBD Phase 14",
        "Quickbase_Status": "Planned",
        "QBRecordID": 3771,
        "Third_Party_Dependant_For_Conne": null,
        "Latitude": -33.92610644,
        "Longitude": 18.42157451
      }
    },
    {
      "attributes": {
        "Precincts": "CPT CBD Phase 14",
        "Quickbase_Status": "Planned",
        "QBRecordID": 3770,
        "Third_Party_Dependant_For_Conne": null,
        "Latitude": -33.92643028,
        "Longitude": 18.42107717
      }
    },
    {
      "attributes": {
        "Precincts": "CPT CBD Phase 14",
        "Quickbase_Status": "Planned",
        "QBRecordID": 3768,
        "Third_Party_Dependant_For_Conne": null,
        "Latitude": -33.92658424,
        "Longitude": 18.42126666
      }
    },
    {
      "attributes": {
        "Precincts": "CPT CBD Phase 14",
        "Quickbase_Status": "Planned",
        "QBRecordID": 3775,
        "Third_Party_Dependant_For_Conne": null,
        "Latitude": -33.92641097,
        "Longitude": 18.42317106
      }
    },
    {
      "attributes": {
        "Precincts": "CPT CBD Phase 14",
        "Quickbase_Status": "Planned",
        "QBRecordID": 3773,
        "Third_Party_Dependant_For_Conne": null,
        "Latitude": -33.9260822,
        "Longitude": 18.42255202
      }
    },
    {
      "attributes": {
        "Precincts": "CPT CBD Phase 14",
        "Quickbase_Status": "Planned",
        "QBRecordID": 3776,
        "Third_Party_Dependant_For_Conne": null,
        "Latitude": -33.92628625,
        "Longitude": 18.42232396
      }
    },
    {
      "attributes": {
        "Precincts": "CPT CBD Phase 14",
        "Quickbase_Status": "Planned",
        "QBRecordID": 3774,
        "Third_Party_Dependant_For_Conne": null,
        "Latitude": -33.92644455,
        "Longitude": 18.42278307
      }
    },
    {
      "attributes": {
        "Precincts": "CPT CBD Phase 13",
        "Quickbase_Status": "Planned",
        "QBRecordID": 10519,
        "Third_Party_Dependant_For_Conne": null,
        "Latitude": -33.92175674,
        "Longitude": 18.42007172
      }
    },
    {
      "attributes": {
        "Precincts": "CPT CBD Phase 10",
        "Quickbase_Status": "Planned",
        "QBRecordID": 10258,
        "Third_Party_Dependant_For_Conne": null,
        "Latitude": -33.92495093,
        "Longitude": 18.42217365
      }
    },
    {
      "attributes": {
        "Precincts": "Lagoon Drive",
        "Quickbase_Status": "Planned",
        "QBRecordID": 7626,
        "Third_Party_Dependant_For_Conne": null,
        "Latitude": -29.72704207,
        "Longitude": 31.08295459
      }
    },
    {
      "attributes": {
        "Precincts": "Lagoon Drive",
        "Quickbase_Status": "Planned",
        "QBRecordID": 7607,
        "Third_Party_Dependant_For_Conne": null,
        "Latitude": -29.72069415,
        "Longitude": 31.08985573
      }
    },
    {
      "attributes": {
        "Precincts": "Lagoon Drive",
        "Quickbase_Status": "Planned",
        "QBRecordID": 7606,
        "Third_Party_Dependant_For_Conne": null,
        "Latitude": -29.72128821,
        "Longitude": 31.08963308
      }
    },
    {
      "attributes": {
        "Precincts": "Lagoon Drive",
        "Quickbase_Status": "Planned",
        "QBRecordID": 7603,
        "Third_Party_Dependant_For_Conne": null,
        "Latitude": -29.72367429,
        "Longitude": 31.0860043
      }
    },
    {
      "attributes": {
        "Precincts": "Lagoon Drive",
        "Quickbase_Status": "Planned",
        "QBRecordID": 7605,
        "Third_Party_Dependant_For_Conne": null,
        "Latitude": -29.72181256,
        "Longitude": 31.08793945
      }
    },
    {
      "attributes": {
        "Precincts": "Lagoon Drive",
        "Quickbase_Status": "Planned",
        "QBRecordID": 7600,
        "Third_Party_Dependant_For_Conne": null,
        "Latitude": -29.72376402,
        "Longitude": 31.08790688
      }
    },
    {
      "attributes": {
        "Precincts": "Lagoon Drive",
        "Quickbase_Status": "Planned",
        "QBRecordID": 7601,
        "Third_Party_Dependant_For_Conne": null,
        "Latitude": -29.72471777,
        "Longitude": 31.08846307
      }
    },
    {
      "attributes": {
        "Precincts": "Lagoon Drive",
        "Quickbase_Status": "Planned",
        "QBRecordID": 7602,
        "Third_Party_Dependant_For_Conne": null,
        "Latitude": -29.72311012,
        "Longitude": 31.08574026
      }
    },
    {
      "attributes": {
        "Precincts": "Lagoon Drive",
        "Quickbase_Status": "Planned",
        "QBRecordID": 7620,
        "Third_Party_Dependant_For_Conne": null,
        "Latitude": -29.72634689,
        "Longitude": 31.08455031
      }
    },
    {
      "attributes": {
        "Precincts": "Umhlanga (Phase 2)",
        "Quickbase_Status": "Planned",
        "QBRecordID": 7556,
        "Third_Party_Dependant_For_Conne": null,
        "Latitude": -29.72974127,
        "Longitude": 31.06368176
      }
    },
    {
      "attributes": {
        "Precincts": "Umhlanga (Phase 2)",
        "Quickbase_Status": "Planned",
        "QBRecordID": 7565,
        "Third_Party_Dependant_For_Conne": null,
        "Latitude": -29.73199328,
        "Longitude": 31.06208635
      }
    },
    {
      "attributes": {
        "Precincts": "Meridian Drive",
        "Quickbase_Status": "Planned",
        "QBRecordID": 7508,
        "Third_Party_Dependant_For_Conne": null,
        "Latitude": -29.72015901,
        "Longitude": 31.06219945
      }
    },
    {
      "attributes": {
        "Precincts": "Meridian Drive",
        "Quickbase_Status": "Planned",
        "QBRecordID": 7492,
        "Third_Party_Dependant_For_Conne": null,
        "Latitude": -29.72021177,
        "Longitude": 31.0613511
      }
    },
    {
      "attributes": {
        "Precincts": "Meridian Drive",
        "Quickbase_Status": "Planned",
        "QBRecordID": 7509,
        "Third_Party_Dependant_For_Conne": null,
        "Latitude": -29.71973915,
        "Longitude": 31.06161347
      }
    },
    {
      "attributes": {
        "Precincts": "Meridian Drive",
        "Quickbase_Status": "Planned",
        "QBRecordID": 7507,
        "Third_Party_Dependant_For_Conne": null,
        "Latitude": -29.71908871,
        "Longitude": 31.06226661
      }
    },
    {
      "attributes": {
        "Precincts": "Meridian Drive",
        "Quickbase_Status": "Planned",
        "QBRecordID": 7477,
        "Third_Party_Dependant_For_Conne": null,
        "Latitude": -29.71881325,
        "Longitude": 31.06580955
      }
    },
    {
      "attributes": {
        "Precincts": "Meridian Drive",
        "Quickbase_Status": "Planned",
        "QBRecordID": 9425,
        "Third_Party_Dependant_For_Conne": null,
        "Latitude": -29.7191239,
        "Longitude": 31.06478992
      }
    },
    {
      "attributes": {
        "Precincts": "Meridian Drive",
        "Quickbase_Status": "Planned",
        "QBRecordID": 7451,
        "Third_Party_Dependant_For_Conne": null,
        "Latitude": -29.71854721,
        "Longitude": 31.06424988
      }
    },
    {
      "attributes": {
        "Precincts": "Meridian Drive",
        "Quickbase_Status": "Planned",
        "QBRecordID": 7452,
        "Third_Party_Dependant_For_Conne": null,
        "Latitude": -29.71900008,
        "Longitude": 31.06385173
      }
    },
    {
      "attributes": {
        "Precincts": "Meridian Drive",
        "Quickbase_Status": "Planned",
        "QBRecordID": 7460,
        "Third_Party_Dependant_For_Conne": null,
        "Latitude": -29.71772471,
        "Longitude": 31.0648308
      }
    },
    {
      "attributes": {
        "Precincts": "Meridian Drive",
        "Quickbase_Status": "Planned",
        "QBRecordID": 7535,
        "Third_Party_Dependant_For_Conne": null,
        "Latitude": -29.71693011,
        "Longitude": 31.06388218
      }
    },
    {
      "attributes": {
        "Precincts": "Meridian Drive",
        "Quickbase_Status": "Planned",
        "QBRecordID": 7446,
        "Third_Party_Dependant_For_Conne": null,
        "Latitude": -29.72040951,
        "Longitude": 31.06241834
      }
    },
    {
      "attributes": {
        "Precincts": "Meridian Drive",
        "Quickbase_Status": "Planned",
        "QBRecordID": 7443,
        "Third_Party_Dependant_For_Conne": null,
        "Latitude": -29.72111007,
        "Longitude": 31.06165922
      }
    },
    {
      "attributes": {
        "Precincts": "Meridian Drive",
        "Quickbase_Status": "Planned",
        "QBRecordID": 9427,
        "Third_Party_Dependant_For_Conne": null,
        "Latitude": -29.72155795,
        "Longitude": 31.06115783
      }
    },
    {
      "attributes": {
        "Precincts": "Meridian Drive",
        "Quickbase_Status": "Planned",
        "QBRecordID": 7442,
        "Third_Party_Dependant_For_Conne": null,
        "Latitude": -29.72186498,
        "Longitude": 31.06184067
      }
    },
    {
      "attributes": {
        "Precincts": "Meridian Drive",
        "Quickbase_Status": "Planned",
        "QBRecordID": 7506,
        "Third_Party_Dependant_For_Conne": null,
        "Latitude": -29.72142354,
        "Longitude": 31.063885
      }
    },
    {
      "attributes": {
        "Precincts": "Meridian Drive",
        "Quickbase_Status": "Planned",
        "QBRecordID": 7766,
        "Third_Party_Dependant_For_Conne": null,
        "Latitude": -29.72434592,
        "Longitude": 31.06263383
      }
    },
    {
      "attributes": {
        "Precincts": "Meridian Drive",
        "Quickbase_Status": "Planned",
        "QBRecordID": 7494,
        "Third_Party_Dependant_For_Conne": null,
        "Latitude": -29.72308359,
        "Longitude": 31.06316072
      }
    },
    {
      "attributes": {
        "Precincts": "Meridian Drive",
        "Quickbase_Status": "Planned",
        "QBRecordID": 7497,
        "Third_Party_Dependant_For_Conne": null,
        "Latitude": -29.72277643,
        "Longitude": 31.06356602
      }
    },
    {
      "attributes": {
        "Precincts": "Meridian Drive",
        "Quickbase_Status": "Planned",
        "QBRecordID": 9432,
        "Third_Party_Dependant_For_Conne": null,
        "Latitude": -29.7237051,
        "Longitude": 31.06432123
      }
    },
    {
      "attributes": {
        "Precincts": "Meridian Drive",
        "Quickbase_Status": "Planned",
        "QBRecordID": 9431,
        "Third_Party_Dependant_For_Conne": null,
        "Latitude": -29.72340848,
        "Longitude": 31.06453818
      }
    },
    {
      "attributes": {
        "Precincts": "Meridian Drive",
        "Quickbase_Status": "Planned",
        "QBRecordID": 7511,
        "Third_Party_Dependant_For_Conne": null,
        "Latitude": -29.72316286,
        "Longitude": 31.06513552
      }
    },
    {
      "attributes": {
        "Precincts": "Meridian Drive",
        "Quickbase_Status": "Planned",
        "QBRecordID": 7510,
        "Third_Party_Dependant_For_Conne": null,
        "Latitude": -29.72273771,
        "Longitude": 31.06554047
      }
    },
    {
      "attributes": {
        "Precincts": "Meridian Drive",
        "Quickbase_Status": "Planned",
        "QBRecordID": 9433,
        "Third_Party_Dependant_For_Conne": null,
        "Latitude": -29.72170125,
        "Longitude": 31.06593667
      }
    },
    {
      "attributes": {
        "Precincts": "Meridian Drive",
        "Quickbase_Status": "Planned",
        "QBRecordID": 7432,
        "Third_Party_Dependant_For_Conne": null,
        "Latitude": -29.7225082,
        "Longitude": 31.06642721
      }
    },
    {
      "attributes": {
        "Precincts": "Meridian Drive",
        "Quickbase_Status": "Planned",
        "QBRecordID": 7539,
        "Third_Party_Dependant_For_Conne": null,
        "Latitude": -29.72900461,
        "Longitude": 31.06878831
      }
    },
    {
      "attributes": {
        "Precincts": "Meridian Drive",
        "Quickbase_Status": "Planned",
        "QBRecordID": 9436,
        "Third_Party_Dependant_For_Conne": null,
        "Latitude": -29.7269315,
        "Longitude": 31.0699449
      }
    },
    {
      "attributes": {
        "Precincts": "Meridian Drive",
        "Quickbase_Status": "Planned",
        "QBRecordID": 7531,
        "Third_Party_Dependant_For_Conne": null,
        "Latitude": -29.72398605,
        "Longitude": 31.069976
      }
    },
    {
      "attributes": {
        "Precincts": "CPT CBD Phase 07",
        "Quickbase_Status": "Planned",
        "QBRecordID": 9368,
        "Third_Party_Dependant_For_Conne": null,
        "Latitude": -33.92482513,
        "Longitude": 18.41812712
      }
    },
    {
      "attributes": {
        "Precincts": "Briardene",
        "Quickbase_Status": "Planned",
        "QBRecordID": 14087,
        "Third_Party_Dependant_For_Conne": null,
        "Latitude": -29.798779,
        "Longitude": 31.00973621
      }
    },
    {
      "attributes": {
        "Precincts": "Briardene",
        "Quickbase_Status": "Planned",
        "QBRecordID": 14084,
        "Third_Party_Dependant_For_Conne": null,
        "Latitude": -29.79835209,
        "Longitude": 31.00974175
      }
    },
    {
      "attributes": {
        "Precincts": "Briardene",
        "Quickbase_Status": "Planned",
        "QBRecordID": 14097,
        "Third_Party_Dependant_For_Conne": null,
        "Latitude": -29.79750233,
        "Longitude": 31.01065456
      }
    },
    {
      "attributes": {
        "Precincts": "Somerset West Phase 2",
        "Quickbase_Status": "Planned",
        "QBRecordID": 13364,
        "Third_Party_Dependant_For_Conne": null,
        "Latitude": -34.08385941,
        "Longitude": 18.82062084
      }
    },
    {
      "attributes": {
        "Precincts": "Lagoon Drive",
        "Quickbase_Status": "Planned",
        "QBRecordID": 14357,
        "Third_Party_Dependant_For_Conne": null,
        "Latitude": -29.72713186,
        "Longitude": 31.08240451
      }
    },
    {
      "attributes": {
        "Precincts": "Somerset West Phase 2",
        "Quickbase_Status": "Planned",
        "QBRecordID": 14254,
        "Third_Party_Dependant_For_Conne": null,
        "Latitude": -34.08660231,
        "Longitude": 18.82980112
      }
    },
    {
      "attributes": {
        "Precincts": "Somerset West Phase 3",
        "Quickbase_Status": "Planned",
        "QBRecordID": 14258,
        "Third_Party_Dependant_For_Conne": null,
        "Latitude": -34.08678018,
        "Longitude": 18.82059296
      }
    },
    {
      "attributes": {
        "Precincts": "Somerset West Phase 3",
        "Quickbase_Status": "Planned",
        "QBRecordID": 14259,
        "Third_Party_Dependant_For_Conne": null,
        "Latitude": -34.08705272,
        "Longitude": 18.82051374
      }
    },
    {
      "attributes": {
        "Precincts": "Somerset West Phase 3",
        "Quickbase_Status": "Planned",
        "QBRecordID": 14260,
        "Third_Party_Dependant_For_Conne": null,
        "Latitude": -34.08733536,
        "Longitude": 18.82040705
      }
    },
    {
      "attributes": {
        "Precincts": "Somerset West Phase 3",
        "Quickbase_Status": "Planned",
        "QBRecordID": 14268,
        "Third_Party_Dependant_For_Conne": null,
        "Latitude": -34.08699301,
        "Longitude": 18.82152684
      }
    },
    {
      "attributes": {
        "Precincts": "Somerset West Phase 3",
        "Quickbase_Status": "Planned",
        "QBRecordID": 14269,
        "Third_Party_Dependant_For_Conne": null,
        "Latitude": -34.08727132,
        "Longitude": 18.82158178
      }
    },
    {
      "attributes": {
        "Precincts": "Somerset West Phase 3",
        "Quickbase_Status": "Planned",
        "QBRecordID": 14270,
        "Third_Party_Dependant_For_Conne": null,
        "Latitude": -34.08749951,
        "Longitude": 18.8213734
      }
    },
    {
      "attributes": {
        "Precincts": "Somerset West Phase 3",
        "Quickbase_Status": "Planned",
        "QBRecordID": 14271,
        "Third_Party_Dependant_For_Conne": null,
        "Latitude": -34.08620194,
        "Longitude": 18.82159361
      }
    },
    {
      "attributes": {
        "Precincts": "Somerset West Phase 3",
        "Quickbase_Status": "Planned",
        "QBRecordID": 14272,
        "Third_Party_Dependant_For_Conne": null,
        "Latitude": -34.08631726,
        "Longitude": 18.82169913
      }
    },
    {
      "attributes": {
        "Precincts": "Somerset West Phase 3",
        "Quickbase_Status": "Planned",
        "QBRecordID": 14273,
        "Third_Party_Dependant_For_Conne": null,
        "Latitude": -34.08644654,
        "Longitude": 18.82190147
      }
    },
    {
      "attributes": {
        "Precincts": "Somerset West Phase 3",
        "Quickbase_Status": "Planned",
        "QBRecordID": 14274,
        "Third_Party_Dependant_For_Conne": null,
        "Latitude": -34.08661344,
        "Longitude": 18.82180087
      }
    },
    {
      "attributes": {
        "Precincts": "CPT CBD Phase 14",
        "Quickbase_Status": "Planned",
        "QBRecordID": 3777,
        "Third_Party_Dependant_For_Conne": null,
        "Latitude": -33.92698504,
        "Longitude": 18.42353224
      }
    },
    {
      "attributes": {
        "Precincts": "CPT CBD Phase 14",
        "Quickbase_Status": "Planned",
        "QBRecordID": 3778,
        "Third_Party_Dependant_For_Conne": null,
        "Latitude": -33.92726313,
        "Longitude": 18.42436172
      }
    },
    {
      "attributes": {
        "Precincts": "CPT CBD Phase 14",
        "Quickbase_Status": "Planned",
        "QBRecordID": 3783,
        "Third_Party_Dependant_For_Conne": null,
        "Latitude": -33.92731389,
        "Longitude": 18.42423286
      }
    },
    {
      "attributes": {
        "Precincts": "CPT CBD Phase 14",
        "Quickbase_Status": "Planned",
        "QBRecordID": 3790,
        "Third_Party_Dependant_For_Conne": null,
        "Latitude": -33.92789701,
        "Longitude": 18.42363283
      }
    },
    {
      "attributes": {
        "Precincts": "CPT CBD Phase 14",
        "Quickbase_Status": "Planned",
        "QBRecordID": 3791,
        "Third_Party_Dependant_For_Conne": null,
        "Latitude": -33.92750478,
        "Longitude": 18.42297774
      }
    },
    {
      "attributes": {
        "Precincts": "CPT CBD Phase 14",
        "Quickbase_Status": "Planned",
        "QBRecordID": 3793,
        "Third_Party_Dependant_For_Conne": null,
        "Latitude": -33.92703152,
        "Longitude": 18.4223198
      }
    },
    {
      "attributes": {
        "Precincts": "CPT CBD Phase 14",
        "Quickbase_Status": "Planned",
        "QBRecordID": 3792,
        "Third_Party_Dependant_For_Conne": null,
        "Latitude": -33.9267643,
        "Longitude": 18.4219674
      }
    },
    {
      "attributes": {
        "Precincts": "CPT CBD Phase 14",
        "Quickbase_Status": "Planned",
        "QBRecordID": 3764,
        "Third_Party_Dependant_For_Conne": null,
        "Latitude": -33.92630645,
        "Longitude": 18.42068515
      }
    },
    {
      "attributes": {
        "Precincts": "Lagoon Drive",
        "Quickbase_Status": "Planned",
        "QBRecordID": 15420,
        "Third_Party_Dependant_For_Conne": null,
        "Latitude": -29.72691417,
        "Longitude": 31.08262237
      }
    },
    {
      "attributes": {
        "Precincts": "Briardene",
        "Quickbase_Status": "Planned",
        "QBRecordID": 14096,
        "Third_Party_Dependant_For_Conne": null,
        "Latitude": -29.79817358,
        "Longitude": 31.0114134
      }
    },
    {
      "attributes": {
        "Precincts": "Briardene",
        "Quickbase_Status": "Planned",
        "QBRecordID": 14101,
        "Third_Party_Dependant_For_Conne": null,
        "Latitude": -29.79698003,
        "Longitude": 31.01091122
      }
    },
    {
      "attributes": {
        "Precincts": "Briardene",
        "Quickbase_Status": "Planned",
        "QBRecordID": 14102,
        "Third_Party_Dependant_For_Conne": null,
        "Latitude": -29.79736573,
        "Longitude": 31.01183717
      }
    },
    {
      "attributes": {
        "Precincts": "Briardene",
        "Quickbase_Status": "Planned",
        "QBRecordID": 14103,
        "Third_Party_Dependant_For_Conne": null,
        "Latitude": -29.79762411,
        "Longitude": 31.01180144
      }
    },
    {
      "attributes": {
        "Precincts": "Briardene",
        "Quickbase_Status": "Planned",
        "QBRecordID": 14110,
        "Third_Party_Dependant_For_Conne": null,
        "Latitude": -29.79494927,
        "Longitude": 31.01063691
      }
    },
    {
      "attributes": {
        "Precincts": "Briardene",
        "Quickbase_Status": "Planned",
        "QBRecordID": 14116,
        "Third_Party_Dependant_For_Conne": null,
        "Latitude": -29.79643487,
        "Longitude": 31.01148008
      }
    },
    {
      "attributes": {
        "Precincts": "Briardene",
        "Quickbase_Status": "Planned",
        "QBRecordID": 14126,
        "Third_Party_Dependant_For_Conne": null,
        "Latitude": -29.7927114,
        "Longitude": 31.01196072
      }
    },
    {
      "attributes": {
        "Precincts": "Briardene",
        "Quickbase_Status": "Planned",
        "QBRecordID": 14127,
        "Third_Party_Dependant_For_Conne": null,
        "Latitude": -29.79278671,
        "Longitude": 31.01138492
      }
    },
    {
      "attributes": {
        "Precincts": "Briardene",
        "Quickbase_Status": "Planned",
        "QBRecordID": 14136,
        "Third_Party_Dependant_For_Conne": null,
        "Latitude": -29.80100754,
        "Longitude": 31.01070503
      }
    },
    {
      "attributes": {
        "Precincts": "Briardene",
        "Quickbase_Status": "Planned",
        "QBRecordID": 14137,
        "Third_Party_Dependant_For_Conne": null,
        "Latitude": -29.7996703,
        "Longitude": 31.01152
      }
    },
    {
      "attributes": {
        "Precincts": "Briardene",
        "Quickbase_Status": "Planned",
        "QBRecordID": 14138,
        "Third_Party_Dependant_For_Conne": null,
        "Latitude": -29.79966835,
        "Longitude": 31.01080149
      }
    },
    {
      "attributes": {
        "Precincts": "Briardene",
        "Quickbase_Status": "Planned",
        "QBRecordID": 14139,
        "Third_Party_Dependant_For_Conne": null,
        "Latitude": -29.79885982,
        "Longitude": 31.0117818
      }
    },
    {
      "attributes": {
        "Precincts": "Briardene",
        "Quickbase_Status": "Planned",
        "QBRecordID": 14153,
        "Third_Party_Dependant_For_Conne": null,
        "Latitude": -29.79613447,
        "Longitude": 31.01488134
      }
    },
    {
      "attributes": {
        "Precincts": "Briardene",
        "Quickbase_Status": "Planned",
        "QBRecordID": 14154,
        "Third_Party_Dependant_For_Conne": null,
        "Latitude": -29.7966431,
        "Longitude": 31.01449365
      }
    },
    {
      "attributes": {
        "Precincts": "Briardene",
        "Quickbase_Status": "Planned",
        "QBRecordID": 14155,
        "Third_Party_Dependant_For_Conne": null,
        "Latitude": -29.7970607,
        "Longitude": 31.01429738
      }
    },
    {
      "attributes": {
        "Precincts": "Broadway",
        "Quickbase_Status": "Planned",
        "QBRecordID": 14165,
        "Third_Party_Dependant_For_Conne": null,
        "Latitude": -29.78455566,
        "Longitude": 31.03924863
      }
    },
    {
      "attributes": {
        "Precincts": "Broadway",
        "Quickbase_Status": "Planned",
        "QBRecordID": 14176,
        "Third_Party_Dependant_For_Conne": null,
        "Latitude": -29.78574022,
        "Longitude": 31.04098642
      }
    },
    {
      "attributes": {
        "Precincts": "Broadway",
        "Quickbase_Status": "Planned",
        "QBRecordID": 14177,
        "Third_Party_Dependant_For_Conne": null,
        "Latitude": -29.7858238,
        "Longitude": 31.04095883
      }
    },
    {
      "attributes": {
        "Precincts": "Broadway",
        "Quickbase_Status": "Planned",
        "QBRecordID": 14178,
        "Third_Party_Dependant_For_Conne": null,
        "Latitude": -29.78588133,
        "Longitude": 31.04093187
      }
    },
    {
      "attributes": {
        "Precincts": "Broadway",
        "Quickbase_Status": "Planned",
        "QBRecordID": 14181,
        "Third_Party_Dependant_For_Conne": null,
        "Latitude": -29.78546481,
        "Longitude": 31.03994139
      }
    },
    {
      "attributes": {
        "Precincts": "Broadway",
        "Quickbase_Status": "Planned",
        "QBRecordID": 14184,
        "Third_Party_Dependant_For_Conne": null,
        "Latitude": -29.78628307,
        "Longitude": 31.03963125
      }
    },
    {
      "attributes": {
        "Precincts": "Somerset West Phase 2",
        "Quickbase_Status": "Planned",
        "QBRecordID": 14279,
        "Third_Party_Dependant_For_Conne": null,
        "Latitude": -34.08393916,
        "Longitude": 18.8222944
      }
    },
    {
      "attributes": {
        "Precincts": "Somerset West Phase 2",
        "Quickbase_Status": "Planned",
        "QBRecordID": 14280,
        "Third_Party_Dependant_For_Conne": null,
        "Latitude": -34.08416966,
        "Longitude": 18.82176329
      }
    },
    {
      "attributes": {
        "Precincts": "Somerset West Phase 2",
        "Quickbase_Status": "Planned",
        "QBRecordID": 14305,
        "Third_Party_Dependant_For_Conne": null,
        "Latitude": -34.08069676,
        "Longitude": 18.81973411
      }
    },
    {
      "attributes": {
        "Precincts": "Somerset West Phase 2",
        "Quickbase_Status": "Planned",
        "QBRecordID": 14307,
        "Third_Party_Dependant_For_Conne": null,
        "Latitude": -34.07868172,
        "Longitude": 18.82137217
      }
    },
    {
      "attributes": {
        "Precincts": "Somerset West Phase 1",
        "Quickbase_Status": "Planned",
        "QBRecordID": 14311,
        "Third_Party_Dependant_For_Conne": null,
        "Latitude": -34.07751037,
        "Longitude": 18.81762978
      }
    },
    {
      "attributes": {
        "Precincts": "Somerset West Phase 1",
        "Quickbase_Status": "Planned",
        "QBRecordID": 14312,
        "Third_Party_Dependant_For_Conne": null,
        "Latitude": -34.07783712,
        "Longitude": 18.81771225
      }
    },
    {
      "attributes": {
        "Precincts": "Somerset West Phase 1",
        "Quickbase_Status": "Planned",
        "QBRecordID": 14319,
        "Third_Party_Dependant_For_Conne": null,
        "Latitude": -34.07967774,
        "Longitude": 18.81825564
      }
    },
    {
      "attributes": {
        "Precincts": "Somerset West Phase 1",
        "Quickbase_Status": "Planned",
        "QBRecordID": 14320,
        "Third_Party_Dependant_For_Conne": null,
        "Latitude": -34.07917189,
        "Longitude": 18.81851738
      }
    },
    {
      "attributes": {
        "Precincts": "Somerset West Phase 1",
        "Quickbase_Status": "Planned",
        "QBRecordID": 14322,
        "Third_Party_Dependant_For_Conne": null,
        "Latitude": -34.07837939,
        "Longitude": 18.81795725
      }
    },
    {
      "attributes": {
        "Precincts": "Somerset West Phase 1",
        "Quickbase_Status": "Planned",
        "QBRecordID": 14323,
        "Third_Party_Dependant_For_Conne": null,
        "Latitude": -34.07858473,
        "Longitude": 18.81779633
      }
    },
    {
      "attributes": {
        "Precincts": "Somerset West Phase 1",
        "Quickbase_Status": "Planned",
        "QBRecordID": 14324,
        "Third_Party_Dependant_For_Conne": null,
        "Latitude": -34.07877496,
        "Longitude": 18.81765197
      }
    },
    {
      "attributes": {
        "Precincts": "Somerset West Phase 1",
        "Quickbase_Status": "Planned",
        "QBRecordID": 14325,
        "Third_Party_Dependant_For_Conne": null,
        "Latitude": -34.07920571,
        "Longitude": 18.81792645
      }
    },
    {
      "attributes": {
        "Precincts": "Somerset West Phase 1",
        "Quickbase_Status": "Planned",
        "QBRecordID": 14332,
        "Third_Party_Dependant_For_Conne": null,
        "Latitude": -34.07829796,
        "Longitude": 18.81663179
      }
    },
    {
      "attributes": {
        "Precincts": "Somerset West Phase 1",
        "Quickbase_Status": "Planned",
        "QBRecordID": 14333,
        "Third_Party_Dependant_For_Conne": null,
        "Latitude": -34.07769927,
        "Longitude": 18.8163617
      }
    },
    {
      "attributes": {
        "Precincts": "Somerset West Phase 1",
        "Quickbase_Status": "Planned",
        "QBRecordID": 14334,
        "Third_Party_Dependant_For_Conne": null,
        "Latitude": -34.07732896,
        "Longitude": 18.81626721
      }
    },
    {
      "attributes": {
        "Precincts": "Somerset West Phase 1",
        "Quickbase_Status": "Planned",
        "QBRecordID": 14335,
        "Third_Party_Dependant_For_Conne": null,
        "Latitude": -34.07711864,
        "Longitude": 18.81616897
      }
    },
    {
      "attributes": {
        "Precincts": "Somerset West Phase 1",
        "Quickbase_Status": "Planned",
        "QBRecordID": 14337,
        "Third_Party_Dependant_For_Conne": null,
        "Latitude": -34.07852294,
        "Longitude": 18.81672252
      }
    },
    {
      "attributes": {
        "Precincts": "Somerset West Phase 1",
        "Quickbase_Status": "Planned",
        "QBRecordID": 14348,
        "Third_Party_Dependant_For_Conne": null,
        "Latitude": -34.07718864,
        "Longitude": 18.81692117
      }
    },
    {
      "attributes": {
        "Precincts": "Briardene",
        "Quickbase_Status": "Planned",
        "QBRecordID": 14401,
        "Third_Party_Dependant_For_Conne": null,
        "Latitude": -29.79833512,
        "Longitude": 31.00942651
      }
    },
    {
      "attributes": {
        "Precincts": "Briardene",
        "Quickbase_Status": "Planned",
        "QBRecordID": 14098,
        "Third_Party_Dependant_For_Conne": null,
        "Latitude": -29.79764442,
        "Longitude": 31.01055958
      }
    },
    {
      "attributes": {
        "Precincts": "Briardene",
        "Quickbase_Status": "Planned",
        "QBRecordID": 14402,
        "Third_Party_Dependant_For_Conne": null,
        "Latitude": -29.79641136,
        "Longitude": 31.01114734
      }
    },
    {
      "attributes": {
        "Precincts": "Somerset West Phase 1",
        "Quickbase_Status": "Planned",
        "QBRecordID": 14350,
        "Third_Party_Dependant_For_Conne": null,
        "Latitude": -34.07919979,
        "Longitude": 18.81700839
      }
    },
    {
      "attributes": {
        "Precincts": "Red Hill",
        "Quickbase_Status": "Planned",
        "QBRecordID": 14615,
        "Third_Party_Dependant_For_Conne": null,
        "Latitude": -29.75970007,
        "Longitude": 31.02374805
      }
    },
    {
      "attributes": {
        "Precincts": "Red Hill",
        "Quickbase_Status": "Planned",
        "QBRecordID": 14616,
        "Third_Party_Dependant_For_Conne": null,
        "Latitude": -29.75971674,
        "Longitude": 31.02458117
      }
    },
    {
      "attributes": {
        "Precincts": "Red Hill",
        "Quickbase_Status": "Planned",
        "QBRecordID": 14617,
        "Third_Party_Dependant_For_Conne": null,
        "Latitude": -29.75975974,
        "Longitude": 31.02536557
      }
    },
    {
      "attributes": {
        "Precincts": "Red Hill",
        "Quickbase_Status": "Planned",
        "QBRecordID": 14618,
        "Third_Party_Dependant_For_Conne": null,
        "Latitude": -29.75984653,
        "Longitude": 31.02613257
      }
    },
    {
      "attributes": {
        "Precincts": "Red Hill",
        "Quickbase_Status": "Planned",
        "QBRecordID": 14622,
        "Third_Party_Dependant_For_Conne": null,
        "Latitude": -29.76923375,
        "Longitude": 31.02882139
      }
    },
    {
      "attributes": {
        "Precincts": "Red Hill",
        "Quickbase_Status": "Planned",
        "QBRecordID": 14623,
        "Third_Party_Dependant_For_Conne": null,
        "Latitude": -29.76927324,
        "Longitude": 31.02923399
      }
    },
    {
      "attributes": {
        "Precincts": "Red Hill",
        "Quickbase_Status": "Planned",
        "QBRecordID": 14648,
        "Third_Party_Dependant_For_Conne": null,
        "Latitude": -29.76368165,
        "Longitude": 31.02494375
      }
    },
    {
      "attributes": {
        "Precincts": "Red Hill",
        "Quickbase_Status": "Planned",
        "QBRecordID": 14649,
        "Third_Party_Dependant_For_Conne": null,
        "Latitude": -29.76535022,
        "Longitude": 31.02733456
      }
    },
    {
      "attributes": {
        "Precincts": "Red Hill",
        "Quickbase_Status": "Planned",
        "QBRecordID": 14650,
        "Third_Party_Dependant_For_Conne": null,
        "Latitude": -29.76581611,
        "Longitude": 31.02748678
      }
    },
    {
      "attributes": {
        "Precincts": "Red Hill",
        "Quickbase_Status": "Planned",
        "QBRecordID": 14651,
        "Third_Party_Dependant_For_Conne": null,
        "Latitude": -29.76639321,
        "Longitude": 31.02740784
      }
    },
    {
      "attributes": {
        "Precincts": "Red Hill",
        "Quickbase_Status": "Planned",
        "QBRecordID": 14693,
        "Third_Party_Dependant_For_Conne": null,
        "Latitude": -29.75887748,
        "Longitude": 31.02052759
      }
    },
    {
      "attributes": {
        "Precincts": "North Coast Road",
        "Quickbase_Status": "Planned",
        "QBRecordID": 14695,
        "Third_Party_Dependant_For_Conne": null,
        "Latitude": -29.7503641,
        "Longitude": 31.02798917
      }
    },
    {
      "attributes": {
        "Precincts": "North Coast Road",
        "Quickbase_Status": "Planned",
        "QBRecordID": 14696,
        "Third_Party_Dependant_For_Conne": null,
        "Latitude": -29.75062307,
        "Longitude": 31.02810646
      }
    },
    {
      "attributes": {
        "Precincts": "North Coast Road",
        "Quickbase_Status": "Planned",
        "QBRecordID": 14697,
        "Third_Party_Dependant_For_Conne": null,
        "Latitude": -29.74997124,
        "Longitude": 31.02882207
      }
    },
    {
      "attributes": {
        "Precincts": "North Coast Road",
        "Quickbase_Status": "Planned",
        "QBRecordID": 14698,
        "Third_Party_Dependant_For_Conne": null,
        "Latitude": -29.74971958,
        "Longitude": 31.03043884
      }
    },
    {
      "attributes": {
        "Precincts": "North Coast Road",
        "Quickbase_Status": "Planned",
        "QBRecordID": 14699,
        "Third_Party_Dependant_For_Conne": null,
        "Latitude": -29.74937016,
        "Longitude": 31.03105947
      }
    },
    {
      "attributes": {
        "Precincts": "North Coast Road",
        "Quickbase_Status": "Planned",
        "QBRecordID": 14700,
        "Third_Party_Dependant_For_Conne": null,
        "Latitude": -29.7504796,
        "Longitude": 31.02934297
      }
    },
    {
      "attributes": {
        "Precincts": "North Coast Road",
        "Quickbase_Status": "Planned",
        "QBRecordID": 14701,
        "Third_Party_Dependant_For_Conne": null,
        "Latitude": -29.75022868,
        "Longitude": 31.02952965
      }
    },
    {
      "attributes": {
        "Precincts": "North Coast Road",
        "Quickbase_Status": "Planned",
        "QBRecordID": 14702,
        "Third_Party_Dependant_For_Conne": null,
        "Latitude": -29.75029133,
        "Longitude": 31.03007247
      }
    },
    {
      "attributes": {
        "Precincts": "North Coast Road",
        "Quickbase_Status": "Planned",
        "QBRecordID": 14703,
        "Third_Party_Dependant_For_Conne": null,
        "Latitude": -29.75049304,
        "Longitude": 31.02977996
      }
    },
    {
      "attributes": {
        "Precincts": "North Coast Road",
        "Quickbase_Status": "Planned",
        "QBRecordID": 14704,
        "Third_Party_Dependant_For_Conne": null,
        "Latitude": -29.75107381,
        "Longitude": 31.02974422
      }
    },
    {
      "attributes": {
        "Precincts": "North Coast Road",
        "Quickbase_Status": "Planned",
        "QBRecordID": 14705,
        "Third_Party_Dependant_For_Conne": null,
        "Latitude": -29.75070249,
        "Longitude": 31.03041546
      }
    },
    {
      "attributes": {
        "Precincts": "North Coast Road",
        "Quickbase_Status": "Planned",
        "QBRecordID": 14706,
        "Third_Party_Dependant_For_Conne": null,
        "Latitude": -29.75094957,
        "Longitude": 31.03058127
      }
    },
    {
      "attributes": {
        "Precincts": "North Coast Road",
        "Quickbase_Status": "Planned",
        "QBRecordID": 14707,
        "Third_Party_Dependant_For_Conne": null,
        "Latitude": -29.75044654,
        "Longitude": 31.03128298
      }
    },
    {
      "attributes": {
        "Precincts": "North Coast Road",
        "Quickbase_Status": "Planned",
        "QBRecordID": 14708,
        "Third_Party_Dependant_For_Conne": null,
        "Latitude": -29.75073476,
        "Longitude": 31.03121415
      }
    },
    {
      "attributes": {
        "Precincts": "North Coast Road",
        "Quickbase_Status": "Planned",
        "QBRecordID": 14737,
        "Third_Party_Dependant_For_Conne": null,
        "Latitude": -29.75348302,
        "Longitude": 31.03103262
      }
    },
    {
      "attributes": {
        "Precincts": "North Coast Road",
        "Quickbase_Status": "Planned",
        "QBRecordID": 14738,
        "Third_Party_Dependant_For_Conne": null,
        "Latitude": -29.75375982,
        "Longitude": 31.03086262
      }
    },
    {
      "attributes": {
        "Precincts": "North Coast Road",
        "Quickbase_Status": "Planned",
        "QBRecordID": 14749,
        "Third_Party_Dependant_For_Conne": null,
        "Latitude": -29.75522615,
        "Longitude": 31.02065634
      }
    },
    {
      "attributes": {
        "Precincts": "North Coast Road",
        "Quickbase_Status": "Planned",
        "QBRecordID": 14750,
        "Third_Party_Dependant_For_Conne": null,
        "Latitude": -29.75494822,
        "Longitude": 31.02097201
      }
    },
    {
      "attributes": {
        "Precincts": "North Coast Road",
        "Quickbase_Status": "Planned",
        "QBRecordID": 14709,
        "Third_Party_Dependant_For_Conne": null,
        "Latitude": -29.75197971,
        "Longitude": 31.03410226
      }
    },
    {
      "attributes": {
        "Precincts": "North Coast Road",
        "Quickbase_Status": "Planned",
        "QBRecordID": 14741,
        "Third_Party_Dependant_For_Conne": null,
        "Latitude": -29.75331484,
        "Longitude": 31.03025535
      }
    },
    {
      "attributes": {
        "Precincts": "North Coast Road",
        "Quickbase_Status": "Planned",
        "QBRecordID": 14744,
        "Third_Party_Dependant_For_Conne": null,
        "Latitude": -29.7566803,
        "Longitude": 31.02022011
      }
    },
    {
      "attributes": {
        "Precincts": "North Coast Road",
        "Quickbase_Status": "Planned",
        "QBRecordID": 14774,
        "Third_Party_Dependant_For_Conne": null,
        "Latitude": -29.75330361,
        "Longitude": 31.02599851
      }
    },
    {
      "attributes": {
        "Precincts": "Arden Grove",
        "Quickbase_Status": "Planned",
        "QBRecordID": 4051,
        "Third_Party_Dependant_For_Conne": null,
        "Latitude": -33.86797299,
        "Longitude": 18.51311328
      }
    },
    {
      "attributes": {
        "Precincts": "Ashley Gardens",
        "Quickbase_Status": "Planned",
        "QBRecordID": 3425,
        "Third_Party_Dependant_For_Conne": null,
        "Latitude": -25.78484976,
        "Longitude": 28.26658373
      }
    },
    {
      "attributes": {
        "Precincts": "Bruma Lake",
        "Quickbase_Status": "Planned",
        "QBRecordID": 975,
        "Third_Party_Dependant_For_Conne": null,
        "Latitude": -26.18168465,
        "Longitude": 28.10631358
      }
    },
    {
      "attributes": {
        "Precincts": "Hatfield (Phase 3)",
        "Quickbase_Status": "Planned",
        "QBRecordID": 2954,
        "Third_Party_Dependant_For_Conne": null,
        "Latitude": -25.7434223,
        "Longitude": 28.24610575
      }
    },
    {
      "attributes": {
        "Precincts": "Hatfield (Phase 3)",
        "Quickbase_Status": "Planned",
        "QBRecordID": 3463,
        "Third_Party_Dependant_For_Conne": null,
        "Latitude": -25.74376885,
        "Longitude": 28.24319967
      }
    },
    {
      "attributes": {
        "Precincts": "Arden Grove",
        "Quickbase_Status": "Planned",
        "QBRecordID": 1573,
        "Third_Party_Dependant_For_Conne": null,
        "Latitude": -33.86439744,
        "Longitude": 18.51363394
      }
    },
    {
      "attributes": {
        "Precincts": "Arden Grove",
        "Quickbase_Status": "Planned",
        "QBRecordID": 1567,
        "Third_Party_Dependant_For_Conne": null,
        "Latitude": -33.86296754,
        "Longitude": 18.51506458
      }
    },
    {
      "attributes": {
        "Precincts": "Arden Grove",
        "Quickbase_Status": "Planned",
        "QBRecordID": 1788,
        "Third_Party_Dependant_For_Conne": null,
        "Latitude": -33.86920369,
        "Longitude": 18.50998902
      }
    },
    {
      "attributes": {
        "Precincts": "Arden Grove",
        "Quickbase_Status": "Planned",
        "QBRecordID": 1791,
        "Third_Party_Dependant_For_Conne": null,
        "Latitude": -33.86758072,
        "Longitude": 18.51215196
      }
    },
    {
      "attributes": {
        "Precincts": "Arden Grove",
        "Quickbase_Status": "Planned",
        "QBRecordID": 1558,
        "Third_Party_Dependant_For_Conne": null,
        "Latitude": -33.86095681,
        "Longitude": 18.51314325
      }
    },
    {
      "attributes": {
        "Precincts": "Arden Grove",
        "Quickbase_Status": "Planned",
        "QBRecordID": 4081,
        "Third_Party_Dependant_For_Conne": null,
        "Latitude": -33.86362909,
        "Longitude": 18.5131563
      }
    },
    {
      "attributes": {
        "Precincts": "Bruma Lake",
        "Quickbase_Status": "Planned",
        "QBRecordID": 1543,
        "Third_Party_Dependant_For_Conne": null,
        "Latitude": -26.18064672,
        "Longitude": 28.11196904
      }
    },
    {
      "attributes": {
        "Precincts": "Bruma Lake",
        "Quickbase_Status": "Planned",
        "QBRecordID": 962,
        "Third_Party_Dependant_For_Conne": null,
        "Latitude": -26.18164024,
        "Longitude": 28.10897304
      }
    },
    {
      "attributes": {
        "Precincts": "Capital Hill",
        "Quickbase_Status": "Planned",
        "QBRecordID": 2406,
        "Third_Party_Dependant_For_Conne": null,
        "Latitude": -26.00874322,
        "Longitude": 28.13011611
      }
    },
    {
      "attributes": {
        "Precincts": "Capital Hill",
        "Quickbase_Status": "Planned",
        "QBRecordID": 2420,
        "Third_Party_Dependant_For_Conne": null,
        "Latitude": -26.01287144,
        "Longitude": 28.12672864
      }
    },
    {
      "attributes": {
        "Precincts": "Central Street",
        "Quickbase_Status": "Planned",
        "QBRecordID": 2822,
        "Third_Party_Dependant_For_Conne": null,
        "Latitude": -26.16268652,
        "Longitude": 28.05763205
      }
    },
    {
      "attributes": {
        "Precincts": "Central Street",
        "Quickbase_Status": "Planned",
        "QBRecordID": 2823,
        "Third_Party_Dependant_For_Conne": null,
        "Latitude": -26.16311109,
        "Longitude": 28.0573623
      }
    },
    {
      "attributes": {
        "Precincts": "George Road",
        "Quickbase_Status": "Planned",
        "QBRecordID": 994,
        "Third_Party_Dependant_For_Conne": null,
        "Latitude": -25.96449196,
        "Longitude": 28.13216156
      }
    },
    {
      "attributes": {
        "Precincts": "Girton",
        "Quickbase_Status": "Planned",
        "QBRecordID": 3891,
        "Third_Party_Dependant_For_Conne": null,
        "Latitude": -26.18445066,
        "Longitude": 28.03405164
      }
    },
    {
      "attributes": {
        "Precincts": "Hatfield (Phase 3)",
        "Quickbase_Status": "Planned",
        "QBRecordID": 3487,
        "Third_Party_Dependant_For_Conne": null,
        "Latitude": -25.74236419,
        "Longitude": 28.24072244
      }
    },
    {
      "attributes": {
        "Precincts": "Morningside",
        "Quickbase_Status": "Planned",
        "QBRecordID": 1450,
        "Third_Party_Dependant_For_Conne": null,
        "Latitude": -26.07964473,
        "Longitude": 28.06243301
      }
    },
    {
      "attributes": {
        "Precincts": "Rosebank Phase 2",
        "Quickbase_Status": "Planned",
        "QBRecordID": 3999,
        "Third_Party_Dependant_For_Conne": null,
        "Latitude": -26.14664534,
        "Longitude": 28.03747154
      }
    },
    {
      "attributes": {
        "Precincts": "Route 21 Office Park",
        "Quickbase_Status": "Planned",
        "QBRecordID": 2034,
        "Third_Party_Dependant_For_Conne": null,
        "Latitude": -25.85800423,
        "Longitude": 28.25651865
      }
    },
    {
      "attributes": {
        "Precincts": "Route 21 Office Park",
        "Quickbase_Status": "Planned",
        "QBRecordID": 2085,
        "Third_Party_Dependant_For_Conne": null,
        "Latitude": -25.86233674,
        "Longitude": 28.25711742
      }
    },
    {
      "attributes": {
        "Precincts": "Route 21 Office Park",
        "Quickbase_Status": "Planned",
        "QBRecordID": 2092,
        "Third_Party_Dependant_For_Conne": null,
        "Latitude": -25.86289224,
        "Longitude": 28.25701559
      }
    },
    {
      "attributes": {
        "Precincts": "Route 21 Office Park",
        "Quickbase_Status": "Planned",
        "QBRecordID": 2098,
        "Third_Party_Dependant_For_Conne": null,
        "Latitude": -25.86454185,
        "Longitude": 28.25806779
      }
    },
    {
      "attributes": {
        "Precincts": "Route 21 Office Park",
        "Quickbase_Status": "Planned",
        "QBRecordID": 2099,
        "Third_Party_Dependant_For_Conne": null,
        "Latitude": -25.86456703,
        "Longitude": 28.25788789
      }
    },
    {
      "attributes": {
        "Precincts": "Route 21 Office Park",
        "Quickbase_Status": "Planned",
        "QBRecordID": 2132,
        "Third_Party_Dependant_For_Conne": null,
        "Latitude": -25.86094529,
        "Longitude": 28.25704705
      }
    },
    {
      "attributes": {
        "Precincts": "Route 21 Office Park",
        "Quickbase_Status": "Planned",
        "QBRecordID": 2087,
        "Third_Party_Dependant_For_Conne": null,
        "Latitude": -25.86277742,
        "Longitude": 28.25733173
      }
    },
    {
      "attributes": {
        "Precincts": "Route 21 Office Park",
        "Quickbase_Status": "Planned",
        "QBRecordID": 2088,
        "Third_Party_Dependant_For_Conne": null,
        "Latitude": -25.86283063,
        "Longitude": 28.25720856
      }
    },
    {
      "attributes": {
        "Precincts": "Kent",
        "Quickbase_Status": "Planned",
        "QBRecordID": 3892,
        "Third_Party_Dependant_For_Conne": null,
        "Latitude": -26.0931827,
        "Longitude": 28.00099873
      }
    },
    {
      "attributes": {
        "Precincts": "Oberon",
        "Quickbase_Status": "Planned",
        "QBRecordID": 2334,
        "Third_Party_Dependant_For_Conne": null,
        "Latitude": -25.77938009,
        "Longitude": 28.29035866
      }
    },
    {
      "attributes": {
        "Precincts": "Peter Place",
        "Quickbase_Status": "Planned",
        "QBRecordID": 4078,
        "Third_Party_Dependant_For_Conne": null,
        "Latitude": -26.07975663,
        "Longitude": 28.01463216
      }
    },
    {
      "attributes": {
        "Precincts": "CPT CBD Phase 13",
        "Quickbase_Status": "Planned",
        "QBRecordID": 3674,
        "Third_Party_Dependant_For_Conne": null,
        "Latitude": -33.92081481,
        "Longitude": 18.42062335
      }
    },
    {
      "attributes": {
        "Precincts": "CPT CBD Phase 13",
        "Quickbase_Status": "Planned",
        "QBRecordID": 3677,
        "Third_Party_Dependant_For_Conne": null,
        "Latitude": -33.92093848,
        "Longitude": 18.42129324
      }
    },
    {
      "attributes": {
        "Precincts": "CPT CBD Phase 13",
        "Quickbase_Status": "Planned",
        "QBRecordID": 3690,
        "Third_Party_Dependant_For_Conne": null,
        "Latitude": -33.92056484,
        "Longitude": 18.41907909
      }
    },
    {
      "attributes": {
        "Precincts": "CPT CBD Phase 13",
        "Quickbase_Status": "Planned",
        "QBRecordID": 3684,
        "Third_Party_Dependant_For_Conne": null,
        "Latitude": -33.92050786,
        "Longitude": 18.41917768
      }
    },
    {
      "attributes": {
        "Precincts": "CPT CBD Phase 13",
        "Quickbase_Status": "Planned",
        "QBRecordID": 3692,
        "Third_Party_Dependant_For_Conne": null,
        "Latitude": -33.92075229,
        "Longitude": 18.42008886
      }
    },
    {
      "attributes": {
        "Precincts": "CPT CBD Phase 13",
        "Quickbase_Status": "Planned",
        "QBRecordID": 3697,
        "Third_Party_Dependant_For_Conne": null,
        "Latitude": -33.9211832,
        "Longitude": 18.41991965
      }
    },
    {
      "attributes": {
        "Precincts": "CPT CBD Phase 13",
        "Quickbase_Status": "Planned",
        "QBRecordID": 3695,
        "Third_Party_Dependant_For_Conne": null,
        "Latitude": -33.92113839,
        "Longitude": 18.42017099
      }
    },
    {
      "attributes": {
        "Precincts": "CPT CBD Phase 13",
        "Quickbase_Status": "Planned",
        "QBRecordID": 3838,
        "Third_Party_Dependant_For_Conne": null,
        "Latitude": -33.9210909,
        "Longitude": 18.42028389
      }
    },
    {
      "attributes": {
        "Precincts": "CPT CBD Phase 13",
        "Quickbase_Status": "Planned",
        "QBRecordID": 7065,
        "Third_Party_Dependant_For_Conne": null,
        "Latitude": -33.9212195,
        "Longitude": 18.42003076
      }
    },
    {
      "attributes": {
        "Precincts": "CPT CBD Phase 14",
        "Quickbase_Status": "Planned",
        "QBRecordID": 3703,
        "Third_Party_Dependant_For_Conne": null,
        "Latitude": -33.92129221,
        "Longitude": 18.42085492
      }
    },
    {
      "attributes": {
        "Precincts": "CPT CBD Phase 13",
        "Quickbase_Status": "Planned",
        "QBRecordID": 3713,
        "Third_Party_Dependant_For_Conne": null,
        "Latitude": -33.92123053,
        "Longitude": 18.42068155
      }
    },
    {
      "attributes": {
        "Precincts": "CPT CBD Phase 13",
        "Quickbase_Status": "Planned",
        "QBRecordID": 3705,
        "Third_Party_Dependant_For_Conne": null,
        "Latitude": -33.92162098,
        "Longitude": 18.42079102
      }
    },
    {
      "attributes": {
        "Precincts": "CPT CBD Phase 13",
        "Quickbase_Status": "Planned",
        "QBRecordID": 3709,
        "Third_Party_Dependant_For_Conne": null,
        "Latitude": -33.92156587,
        "Longitude": 18.42055888
      }
    },
    {
      "attributes": {
        "Precincts": "CPT CBD Phase 13",
        "Quickbase_Status": "Planned",
        "QBRecordID": 3708,
        "Third_Party_Dependant_For_Conne": null,
        "Latitude": -33.92162796,
        "Longitude": 18.42059331
      }
    },
    {
      "attributes": {
        "Precincts": "CPT CBD Phase 13",
        "Quickbase_Status": "Planned",
        "QBRecordID": 3707,
        "Third_Party_Dependant_For_Conne": null,
        "Latitude": -33.92173593,
        "Longitude": 18.42063964
      }
    },
    {
      "attributes": {
        "Precincts": "CPT CBD Phase 13",
        "Quickbase_Status": "Planned",
        "QBRecordID": 7066,
        "Third_Party_Dependant_For_Conne": null,
        "Latitude": -33.92112768,
        "Longitude": 18.42072212
      }
    },
    {
      "attributes": {
        "Precincts": "CPT CBD Phase 13",
        "Quickbase_Status": "Planned",
        "QBRecordID": 3723,
        "Third_Party_Dependant_For_Conne": null,
        "Latitude": -33.92115381,
        "Longitude": 18.41880953
      }
    },
    {
      "attributes": {
        "Precincts": "CPT CBD Phase 13",
        "Quickbase_Status": "Planned",
        "QBRecordID": 3725,
        "Third_Party_Dependant_For_Conne": null,
        "Latitude": -33.92098615,
        "Longitude": 18.41871386
      }
    },
    {
      "attributes": {
        "Precincts": "CPT CBD Phase 13",
        "Quickbase_Status": "Planned",
        "QBRecordID": 3715,
        "Third_Party_Dependant_For_Conne": null,
        "Latitude": -33.92085879,
        "Longitude": 18.41897256
      }
    },
    {
      "attributes": {
        "Precincts": "CPT CBD Phase 13",
        "Quickbase_Status": "Planned",
        "QBRecordID": 3736,
        "Third_Party_Dependant_For_Conne": null,
        "Latitude": -33.92146985,
        "Longitude": 18.41936295
      }
    },
    {
      "attributes": {
        "Precincts": "CPT CBD Phase 13",
        "Quickbase_Status": "Planned",
        "QBRecordID": 3732,
        "Third_Party_Dependant_For_Conne": null,
        "Latitude": -33.92176356,
        "Longitude": 18.4194618
      }
    },
    {
      "attributes": {
        "Precincts": "CPT CBD Phase 13",
        "Quickbase_Status": "Planned",
        "QBRecordID": 3730,
        "Third_Party_Dependant_For_Conne": null,
        "Latitude": -33.92185199,
        "Longitude": 18.4195714
      }
    },
    {
      "attributes": {
        "Precincts": "CPT CBD Phase 13",
        "Quickbase_Status": "Planned",
        "QBRecordID": 3739,
        "Third_Party_Dependant_For_Conne": null,
        "Latitude": -33.92173145,
        "Longitude": 18.42013422
      }
    },
    {
      "attributes": {
        "Precincts": "CPT CBD Phase 13",
        "Quickbase_Status": "Planned",
        "QBRecordID": 3743,
        "Third_Party_Dependant_For_Conne": null,
        "Latitude": -33.92226122,
        "Longitude": 18.42030266
      }
    },
    {
      "attributes": {
        "Precincts": "CPT CBD Phase 12",
        "Quickbase_Status": "Planned",
        "QBRecordID": 3656,
        "Third_Party_Dependant_For_Conne": null,
        "Latitude": -33.91863301,
        "Longitude": 18.42969948
      }
    },
    {
      "attributes": {
        "Precincts": "CPT CBD Phase 12",
        "Quickbase_Status": "Planned",
        "QBRecordID": 3657,
        "Third_Party_Dependant_For_Conne": null,
        "Latitude": -33.91797385,
        "Longitude": 18.42880497
      }
    },
    {
      "attributes": {
        "Precincts": "CPT CBD Phase 12",
        "Quickbase_Status": "Planned",
        "QBRecordID": 3662,
        "Third_Party_Dependant_For_Conne": null,
        "Latitude": -33.92224079,
        "Longitude": 18.4285954
      }
    },
    {
      "attributes": {
        "Precincts": "CPT CBD Phase 12",
        "Quickbase_Status": "Planned",
        "QBRecordID": 3663,
        "Third_Party_Dependant_For_Conne": null,
        "Latitude": -33.92308368,
        "Longitude": 18.42960878
      }
    },
    {
      "attributes": {
        "Precincts": "CPT CBD Phase 11",
        "Quickbase_Status": "Planned",
        "QBRecordID": 3604,
        "Third_Party_Dependant_For_Conne": null,
        "Latitude": -33.92199639,
        "Longitude": 18.41881409
      }
    },
    {
      "attributes": {
        "Precincts": "CPT CBD Phase 11",
        "Quickbase_Status": "Planned",
        "QBRecordID": 3619,
        "Third_Party_Dependant_For_Conne": null,
        "Latitude": -33.92229437,
        "Longitude": 18.41849743
      }
    },
    {
      "attributes": {
        "Precincts": "CPT CBD Phase 11",
        "Quickbase_Status": "Planned",
        "QBRecordID": 3617,
        "Third_Party_Dependant_For_Conne": null,
        "Latitude": -33.92244747,
        "Longitude": 18.4181984
      }
    },
    {
      "attributes": {
        "Precincts": "CPT CBD Phase 11",
        "Quickbase_Status": "Planned",
        "QBRecordID": 3616,
        "Third_Party_Dependant_For_Conne": null,
        "Latitude": -33.92251808,
        "Longitude": 18.41830572
      }
    },
    {
      "attributes": {
        "Precincts": "CPT CBD Phase 11",
        "Quickbase_Status": "Planned",
        "QBRecordID": 3614,
        "Third_Party_Dependant_For_Conne": null,
        "Latitude": -33.92268472,
        "Longitude": 18.41853229
      }
    },
    {
      "attributes": {
        "Precincts": "CPT CBD Phase 11",
        "Quickbase_Status": "Planned",
        "QBRecordID": 3613,
        "Third_Party_Dependant_For_Conne": null,
        "Latitude": -33.92256428,
        "Longitude": 18.41864995
      }
    },
    {
      "attributes": {
        "Precincts": "CPT CBD Phase 11",
        "Quickbase_Status": "Planned",
        "QBRecordID": 3612,
        "Third_Party_Dependant_For_Conne": null,
        "Latitude": -33.92248258,
        "Longitude": 18.41878422
      }
    },
    {
      "attributes": {
        "Precincts": "CPT CBD Phase 11",
        "Quickbase_Status": "Planned",
        "QBRecordID": 3611,
        "Third_Party_Dependant_For_Conne": null,
        "Latitude": -33.92241174,
        "Longitude": 18.41894137
      }
    },
    {
      "attributes": {
        "Precincts": "CPT CBD Phase 11",
        "Quickbase_Status": "Planned",
        "QBRecordID": 3610,
        "Third_Party_Dependant_For_Conne": null,
        "Latitude": -33.92232543,
        "Longitude": 18.41884346
      }
    },
    {
      "attributes": {
        "Precincts": "CPT CBD Phase 11",
        "Quickbase_Status": "Planned",
        "QBRecordID": 3629,
        "Third_Party_Dependant_For_Conne": null,
        "Latitude": -33.92290558,
        "Longitude": 18.41884645
      }
    },
    {
      "attributes": {
        "Precincts": "CPT CBD Phase 11",
        "Quickbase_Status": "Planned",
        "QBRecordID": 3630,
        "Third_Party_Dependant_For_Conne": null,
        "Latitude": -33.92283491,
        "Longitude": 18.41902289
      }
    },
    {
      "attributes": {
        "Precincts": "CPT CBD Phase 11",
        "Quickbase_Status": "Planned",
        "QBRecordID": 3621,
        "Third_Party_Dependant_For_Conne": null,
        "Latitude": -33.92261316,
        "Longitude": 18.41929521
      }
    },
    {
      "attributes": {
        "Precincts": "CPT CBD Phase 11",
        "Quickbase_Status": "Planned",
        "QBRecordID": 3631,
        "Third_Party_Dependant_For_Conne": null,
        "Latitude": -33.92317347,
        "Longitude": 18.41986595
      }
    },
    {
      "attributes": {
        "Precincts": "CPT CBD Phase 11",
        "Quickbase_Status": "Planned",
        "QBRecordID": 3638,
        "Third_Party_Dependant_For_Conne": null,
        "Latitude": -33.92288176,
        "Longitude": 18.41842645
      }
    },
    {
      "attributes": {
        "Precincts": "CPT CBD Phase 11",
        "Quickbase_Status": "Planned",
        "QBRecordID": 3644,
        "Third_Party_Dependant_For_Conne": null,
        "Latitude": -33.92269124,
        "Longitude": 18.41799231
      }
    },
    {
      "attributes": {
        "Precincts": "CPT CBD Phase 11",
        "Quickbase_Status": "Planned",
        "QBRecordID": 3647,
        "Third_Party_Dependant_For_Conne": null,
        "Latitude": -33.92310617,
        "Longitude": 18.41859974
      }
    },
    {
      "attributes": {
        "Precincts": "CPT CBD Phase 11",
        "Quickbase_Status": "Planned",
        "QBRecordID": 3646,
        "Third_Party_Dependant_For_Conne": null,
        "Latitude": -33.92310212,
        "Longitude": 18.41873671
      }
    },
    {
      "attributes": {
        "Precincts": "CPT CBD Phase 11",
        "Quickbase_Status": "Planned",
        "QBRecordID": 3650,
        "Third_Party_Dependant_For_Conne": null,
        "Latitude": -33.92358933,
        "Longitude": 18.41935507
      }
    },
    {
      "attributes": {
        "Precincts": "CPT CBD Phase 11",
        "Quickbase_Status": "Planned",
        "QBRecordID": 3652,
        "Third_Party_Dependant_For_Conne": null,
        "Latitude": -33.92424361,
        "Longitude": 18.41938249
      }
    },
    {
      "attributes": {
        "Precincts": "CPT CBD Phase 10",
        "Quickbase_Status": "Planned",
        "QBRecordID": 3561,
        "Third_Party_Dependant_For_Conne": null,
        "Latitude": -33.92353233,
        "Longitude": 18.42228762
      }
    },
    {
      "attributes": {
        "Precincts": "CPT CBD Phase 10",
        "Quickbase_Status": "Planned",
        "QBRecordID": 3567,
        "Third_Party_Dependant_For_Conne": null,
        "Latitude": -33.92422763,
        "Longitude": 18.42178038
      }
    },
    {
      "attributes": {
        "Precincts": "CPT CBD Phase 10",
        "Quickbase_Status": "Planned",
        "QBRecordID": 7074,
        "Third_Party_Dependant_For_Conne": null,
        "Latitude": -33.92469657,
        "Longitude": 18.42122329
      }
    },
    {
      "attributes": {
        "Precincts": "CPT CBD Phase 10",
        "Quickbase_Status": "Planned",
        "QBRecordID": 7075,
        "Third_Party_Dependant_For_Conne": null,
        "Latitude": -33.92453851,
        "Longitude": 18.42159256
      }
    },
    {
      "attributes": {
        "Precincts": "CPT CBD Phase 09",
        "Quickbase_Status": "Planned",
        "QBRecordID": 3337,
        "Third_Party_Dependant_For_Conne": null,
        "Latitude": -33.91983115,
        "Longitude": 18.4188409
      }
    },
    {
      "attributes": {
        "Precincts": "CPT CBD Phase 09",
        "Quickbase_Status": "Planned",
        "QBRecordID": 3342,
        "Third_Party_Dependant_For_Conne": null,
        "Latitude": -33.9202041,
        "Longitude": 18.41869419
      }
    },
    {
      "attributes": {
        "Precincts": "CPT CBD Phase 09",
        "Quickbase_Status": "Planned",
        "QBRecordID": 3339,
        "Third_Party_Dependant_For_Conne": null,
        "Latitude": -33.91998394,
        "Longitude": 18.4190657
      }
    },
    {
      "attributes": {
        "Precincts": "CPT CBD Phase 09",
        "Quickbase_Status": "Planned",
        "QBRecordID": 3338,
        "Third_Party_Dependant_For_Conne": null,
        "Latitude": -33.91991796,
        "Longitude": 18.4188996
      }
    },
    {
      "attributes": {
        "Precincts": "CPT CBD Phase 09",
        "Quickbase_Status": "Planned",
        "QBRecordID": 3343,
        "Third_Party_Dependant_For_Conne": null,
        "Latitude": -33.91994581,
        "Longitude": 18.41839648
      }
    },
    {
      "attributes": {
        "Precincts": "CPT CBD Phase 09",
        "Quickbase_Status": "Planned",
        "QBRecordID": 3358,
        "Third_Party_Dependant_For_Conne": null,
        "Latitude": -33.92145473,
        "Longitude": 18.41748404
      }
    },
    {
      "attributes": {
        "Precincts": "CPT CBD Phase 09",
        "Quickbase_Status": "Planned",
        "QBRecordID": 3361,
        "Third_Party_Dependant_For_Conne": null,
        "Latitude": -33.92139541,
        "Longitude": 18.41860886
      }
    },
    {
      "attributes": {
        "Precincts": "CPT CBD Phase 09",
        "Quickbase_Status": "Planned",
        "QBRecordID": 3365,
        "Third_Party_Dependant_For_Conne": null,
        "Latitude": -33.92156468,
        "Longitude": 18.41834274
      }
    },
    {
      "attributes": {
        "Precincts": "CPT CBD Phase 09",
        "Quickbase_Status": "Planned",
        "QBRecordID": 3364,
        "Third_Party_Dependant_For_Conne": null,
        "Latitude": -33.9217273,
        "Longitude": 18.41845017
      }
    },
    {
      "attributes": {
        "Precincts": "CPT CBD Phase 09",
        "Quickbase_Status": "Planned",
        "QBRecordID": 3369,
        "Third_Party_Dependant_For_Conne": null,
        "Latitude": -33.92192877,
        "Longitude": 18.41792349
      }
    },
    {
      "attributes": {
        "Precincts": "CPT CBD Phase 09",
        "Quickbase_Status": "Planned",
        "QBRecordID": 3374,
        "Third_Party_Dependant_For_Conne": null,
        "Latitude": -33.92221423,
        "Longitude": 18.41667853
      }
    },
    {
      "attributes": {
        "Precincts": "CPT CBD Phase 11",
        "Quickbase_Status": "Planned",
        "QBRecordID": 3382,
        "Third_Party_Dependant_For_Conne": null,
        "Latitude": -33.92238841,
        "Longitude": 18.41770988
      }
    },
    {
      "attributes": {
        "Precincts": "CPT CBD Phase 09",
        "Quickbase_Status": "Planned",
        "QBRecordID": 3380,
        "Third_Party_Dependant_For_Conne": null,
        "Latitude": -33.92218225,
        "Longitude": 18.41743858
      }
    },
    {
      "attributes": {
        "Precincts": "CPT CBD Phase 09",
        "Quickbase_Status": "Planned",
        "QBRecordID": 3385,
        "Third_Party_Dependant_For_Conne": null,
        "Latitude": -33.92274769,
        "Longitude": 18.41741105
      }
    },
    {
      "attributes": {
        "Precincts": "CPT CBD Phase 08",
        "Quickbase_Status": "Planned",
        "QBRecordID": 3276,
        "Third_Party_Dependant_For_Conne": null,
        "Latitude": -33.91738637,
        "Longitude": 18.42273891
      }
    },
    {
      "attributes": {
        "Precincts": "CPT CBD Phase 08",
        "Quickbase_Status": "Planned",
        "QBRecordID": 3277,
        "Third_Party_Dependant_For_Conne": null,
        "Latitude": -33.91721893,
        "Longitude": 18.4212371
      }
    },
    {
      "attributes": {
        "Precincts": "CPT CBD Phase 08",
        "Quickbase_Status": "Planned",
        "QBRecordID": 3279,
        "Third_Party_Dependant_For_Conne": null,
        "Latitude": -33.91736571,
        "Longitude": 18.42180794
      }
    },
    {
      "attributes": {
        "Precincts": "CPT CBD Phase 08",
        "Quickbase_Status": "Planned",
        "QBRecordID": 3280,
        "Third_Party_Dependant_For_Conne": null,
        "Latitude": -33.91745212,
        "Longitude": 18.42172157
      }
    },
    {
      "attributes": {
        "Precincts": "CPT CBD Phase 08",
        "Quickbase_Status": "Planned",
        "QBRecordID": 3281,
        "Third_Party_Dependant_For_Conne": null,
        "Latitude": -33.91755393,
        "Longitude": 18.42159981
      }
    },
    {
      "attributes": {
        "Precincts": "CPT CBD Phase 08",
        "Quickbase_Status": "Planned",
        "QBRecordID": 3282,
        "Third_Party_Dependant_For_Conne": null,
        "Latitude": -33.91769152,
        "Longitude": 18.42147022
      }
    },
    {
      "attributes": {
        "Precincts": "CPT CBD Phase 08",
        "Quickbase_Status": "Planned",
        "QBRecordID": 3283,
        "Third_Party_Dependant_For_Conne": null,
        "Latitude": -33.91781578,
        "Longitude": 18.42226409
      }
    },
    {
      "attributes": {
        "Precincts": "CPT CBD Phase 08",
        "Quickbase_Status": "Planned",
        "QBRecordID": 3289,
        "Third_Party_Dependant_For_Conne": null,
        "Latitude": -33.91796281,
        "Longitude": 18.42205461
      }
    },
    {
      "attributes": {
        "Precincts": "CPT CBD Phase 08",
        "Quickbase_Status": "Planned",
        "QBRecordID": 3286,
        "Third_Party_Dependant_For_Conne": null,
        "Latitude": -33.91830421,
        "Longitude": 18.42225808
      }
    },
    {
      "attributes": {
        "Precincts": "CPT CBD Phase 08",
        "Quickbase_Status": "Planned",
        "QBRecordID": 3285,
        "Third_Party_Dependant_For_Conne": null,
        "Latitude": -33.91817207,
        "Longitude": 18.42227775
      }
    },
    {
      "attributes": {
        "Precincts": "CPT CBD Phase 08",
        "Quickbase_Status": "Planned",
        "QBRecordID": 3292,
        "Third_Party_Dependant_For_Conne": null,
        "Latitude": -33.91869415,
        "Longitude": 18.42182913
      }
    },
    {
      "attributes": {
        "Precincts": "CPT CBD Phase 08",
        "Quickbase_Status": "Planned",
        "QBRecordID": 3293,
        "Third_Party_Dependant_For_Conne": null,
        "Latitude": -33.91863186,
        "Longitude": 18.4216803
      }
    },
    {
      "attributes": {
        "Precincts": "CPT CBD Phase 08",
        "Quickbase_Status": "Planned",
        "QBRecordID": 3299,
        "Third_Party_Dependant_For_Conne": null,
        "Latitude": -33.91775295,
        "Longitude": 18.42069315
      }
    },
    {
      "attributes": {
        "Precincts": "CPT CBD Phase 08",
        "Quickbase_Status": "Planned",
        "QBRecordID": 3303,
        "Third_Party_Dependant_For_Conne": null,
        "Latitude": -33.91842029,
        "Longitude": 18.42003344
      }
    },
    {
      "attributes": {
        "Precincts": "CPT CBD Phase 08",
        "Quickbase_Status": "Planned",
        "QBRecordID": 3301,
        "Third_Party_Dependant_For_Conne": null,
        "Latitude": -33.91824399,
        "Longitude": 18.42029404
      }
    },
    {
      "attributes": {
        "Precincts": "CPT CBD Phase 08",
        "Quickbase_Status": "Planned",
        "QBRecordID": 3310,
        "Third_Party_Dependant_For_Conne": null,
        "Latitude": -33.91922211,
        "Longitude": 18.4218563
      }
    },
    {
      "attributes": {
        "Precincts": "CPT CBD Phase 08",
        "Quickbase_Status": "Planned",
        "QBRecordID": 3311,
        "Third_Party_Dependant_For_Conne": null,
        "Latitude": -33.91931305,
        "Longitude": 18.42174717
      }
    },
    {
      "attributes": {
        "Precincts": "CPT CBD Phase 08",
        "Quickbase_Status": "Planned",
        "QBRecordID": 3316,
        "Third_Party_Dependant_For_Conne": null,
        "Latitude": -33.91936958,
        "Longitude": 18.42159836
      }
    },
    {
      "attributes": {
        "Precincts": "CPT CBD Phase 08",
        "Quickbase_Status": "Planned",
        "QBRecordID": 3315,
        "Third_Party_Dependant_For_Conne": null,
        "Latitude": -33.9194667,
        "Longitude": 18.42148426
      }
    },
    {
      "attributes": {
        "Precincts": "CPT CBD Phase 08",
        "Quickbase_Status": "Planned",
        "QBRecordID": 3313,
        "Third_Party_Dependant_For_Conne": null,
        "Latitude": -33.91948462,
        "Longitude": 18.42167238
      }
    },
    {
      "attributes": {
        "Precincts": "CPT CBD Phase 08",
        "Quickbase_Status": "Planned",
        "QBRecordID": 3322,
        "Third_Party_Dependant_For_Conne": null,
        "Latitude": -33.91885418,
        "Longitude": 18.41933731
      }
    },
    {
      "attributes": {
        "Precincts": "CPT CBD Phase 08",
        "Quickbase_Status": "Planned",
        "QBRecordID": 3321,
        "Third_Party_Dependant_For_Conne": null,
        "Latitude": -33.91894669,
        "Longitude": 18.41955437
      }
    },
    {
      "attributes": {
        "Precincts": "CPT CBD Phase 08",
        "Quickbase_Status": "Planned",
        "QBRecordID": 3320,
        "Third_Party_Dependant_For_Conne": null,
        "Latitude": -33.91912372,
        "Longitude": 18.41968564
      }
    },
    {
      "attributes": {
        "Precincts": "CPT CBD Phase 08",
        "Quickbase_Status": "Planned",
        "QBRecordID": 3319,
        "Third_Party_Dependant_For_Conne": null,
        "Latitude": -33.91894539,
        "Longitude": 18.42015695
      }
    },
    {
      "attributes": {
        "Precincts": "CPT CBD Phase 08",
        "Quickbase_Status": "Planned",
        "QBRecordID": 7013,
        "Third_Party_Dependant_For_Conne": null,
        "Latitude": -33.91861449,
        "Longitude": 18.41956912
      }
    },
    {
      "attributes": {
        "Precincts": "CPT CBD Phase 08",
        "Quickbase_Status": "Planned",
        "QBRecordID": 7012,
        "Third_Party_Dependant_For_Conne": null,
        "Latitude": -33.91869277,
        "Longitude": 18.41992266
      }
    },
    {
      "attributes": {
        "Precincts": "CPT CBD Phase 08",
        "Quickbase_Status": "Planned",
        "QBRecordID": 3326,
        "Third_Party_Dependant_For_Conne": null,
        "Latitude": -33.91937295,
        "Longitude": 18.42083327
      }
    },
    {
      "attributes": {
        "Precincts": "CPT CBD Phase 08",
        "Quickbase_Status": "Planned",
        "QBRecordID": 3334,
        "Third_Party_Dependant_For_Conne": null,
        "Latitude": -33.91978727,
        "Longitude": 18.42113858
      }
    },
    {
      "attributes": {
        "Precincts": "CPT CBD Phase 08",
        "Quickbase_Status": "Planned",
        "QBRecordID": 3333,
        "Third_Party_Dependant_For_Conne": null,
        "Latitude": -33.91986371,
        "Longitude": 18.42102949
      }
    },
    {
      "attributes": {
        "Precincts": "CPT CBD Phase 08",
        "Quickbase_Status": "Planned",
        "QBRecordID": 3330,
        "Third_Party_Dependant_For_Conne": null,
        "Latitude": -33.91982888,
        "Longitude": 18.42131228
      }
    },
    {
      "attributes": {
        "Precincts": "CPT CBD Phase 08",
        "Quickbase_Status": "Planned",
        "QBRecordID": 3332,
        "Third_Party_Dependant_For_Conne": null,
        "Latitude": -33.92005808,
        "Longitude": 18.42103821
      }
    },
    {
      "attributes": {
        "Precincts": "CPT CBD Phase 07",
        "Quickbase_Status": "Planned",
        "QBRecordID": 3234,
        "Third_Party_Dependant_For_Conne": null,
        "Latitude": -33.92468509,
        "Longitude": 18.41833762
      }
    },
    {
      "attributes": {
        "Precincts": "CPT CBD Phase 07",
        "Quickbase_Status": "Planned",
        "QBRecordID": 3239,
        "Third_Party_Dependant_For_Conne": null,
        "Latitude": -33.92611509,
        "Longitude": 18.41664277
      }
    },
    {
      "attributes": {
        "Precincts": "CPT CBD Phase 07",
        "Quickbase_Status": "Planned",
        "QBRecordID": 3241,
        "Third_Party_Dependant_For_Conne": null,
        "Latitude": -33.92342006,
        "Longitude": 18.41723826
      }
    },
    {
      "attributes": {
        "Precincts": "CPT CBD Phase 07",
        "Quickbase_Status": "Planned",
        "QBRecordID": 3248,
        "Third_Party_Dependant_For_Conne": null,
        "Latitude": -33.92383795,
        "Longitude": 18.41741923
      }
    },
    {
      "attributes": {
        "Precincts": "CPT CBD Phase 07",
        "Quickbase_Status": "Planned",
        "QBRecordID": 3243,
        "Third_Party_Dependant_For_Conne": null,
        "Latitude": -33.92351486,
        "Longitude": 18.41759767
      }
    },
    {
      "attributes": {
        "Precincts": "CPT CBD Phase 07",
        "Quickbase_Status": "Planned",
        "QBRecordID": 3257,
        "Third_Party_Dependant_For_Conne": null,
        "Latitude": -33.9245964,
        "Longitude": 18.41732382
      }
    },
    {
      "attributes": {
        "Precincts": "CPT CBD Phase 07",
        "Quickbase_Status": "Planned",
        "QBRecordID": 3256,
        "Third_Party_Dependant_For_Conne": null,
        "Latitude": -33.92475262,
        "Longitude": 18.41747245
      }
    },
    {
      "attributes": {
        "Precincts": "CPT CBD Phase 07",
        "Quickbase_Status": "Planned",
        "QBRecordID": 3252,
        "Third_Party_Dependant_For_Conne": null,
        "Latitude": -33.92427028,
        "Longitude": 18.41742245
      }
    },
    {
      "attributes": {
        "Precincts": "CPT CBD Phase 07",
        "Quickbase_Status": "Planned",
        "QBRecordID": 3259,
        "Third_Party_Dependant_For_Conne": null,
        "Latitude": -33.92475206,
        "Longitude": 18.41696115
      }
    },
    {
      "attributes": {
        "Precincts": "CPT CBD Phase 07",
        "Quickbase_Status": "Planned",
        "QBRecordID": 3264,
        "Third_Party_Dependant_For_Conne": null,
        "Latitude": -33.92480367,
        "Longitude": 18.41683526
      }
    },
    {
      "attributes": {
        "Precincts": "CPT CBD Phase 07",
        "Quickbase_Status": "Planned",
        "QBRecordID": 3267,
        "Third_Party_Dependant_For_Conne": null,
        "Latitude": -33.92550554,
        "Longitude": 18.41649345
      }
    },
    {
      "attributes": {
        "Precincts": "CPT CBD Phase 07",
        "Quickbase_Status": "Planned",
        "QBRecordID": 3269,
        "Third_Party_Dependant_For_Conne": null,
        "Latitude": -33.92577228,
        "Longitude": 18.41614702
      }
    },
    {
      "attributes": {
        "Precincts": "CPT CBD Phase 07",
        "Quickbase_Status": "Planned",
        "QBRecordID": 3268,
        "Third_Party_Dependant_For_Conne": null,
        "Latitude": -33.92560815,
        "Longitude": 18.4163723
      }
    },
    {
      "attributes": {
        "Precincts": "CPT CBD Phase 07",
        "Quickbase_Status": "Planned",
        "QBRecordID": 3272,
        "Third_Party_Dependant_For_Conne": null,
        "Latitude": -33.92546118,
        "Longitude": 18.41610308
      }
    },
    {
      "attributes": {
        "Precincts": "CPT CBD Phase 07",
        "Quickbase_Status": "Planned",
        "QBRecordID": 3265,
        "Third_Party_Dependant_For_Conne": null,
        "Latitude": -33.92507696,
        "Longitude": 18.41651423
      }
    },
    {
      "attributes": {
        "Precincts": "CPT CBD Phase 07",
        "Quickbase_Status": "Planned",
        "QBRecordID": 3270,
        "Third_Party_Dependant_For_Conne": null,
        "Latitude": -33.92535215,
        "Longitude": 18.41624628
      }
    },
    {
      "attributes": {
        "Precincts": "CPT CBD Phase 05",
        "Quickbase_Status": "Planned",
        "QBRecordID": 3160,
        "Third_Party_Dependant_For_Conne": null,
        "Latitude": -33.9230454,
        "Longitude": 18.41672869
      }
    },
    {
      "attributes": {
        "Precincts": "CPT CBD Phase 05",
        "Quickbase_Status": "Planned",
        "QBRecordID": 3161,
        "Third_Party_Dependant_For_Conne": null,
        "Latitude": -33.92332056,
        "Longitude": 18.41610002
      }
    },
    {
      "attributes": {
        "Precincts": "CPT CBD Phase 05",
        "Quickbase_Status": "Planned",
        "QBRecordID": 3162,
        "Third_Party_Dependant_For_Conne": null,
        "Latitude": -33.92341429,
        "Longitude": 18.41622535
      }
    },
    {
      "attributes": {
        "Precincts": "CPT CBD Phase 05",
        "Quickbase_Status": "Planned",
        "QBRecordID": 3164,
        "Third_Party_Dependant_For_Conne": null,
        "Latitude": -33.92356094,
        "Longitude": 18.41630708
      }
    },
    {
      "attributes": {
        "Precincts": "CPT CBD Phase 05",
        "Quickbase_Status": "Planned",
        "QBRecordID": 3165,
        "Third_Party_Dependant_For_Conne": null,
        "Latitude": -33.92361354,
        "Longitude": 18.41648084
      }
    },
    {
      "attributes": {
        "Precincts": "CPT CBD Phase 05",
        "Quickbase_Status": "Planned",
        "QBRecordID": 3169,
        "Third_Party_Dependant_For_Conne": null,
        "Latitude": -33.92344873,
        "Longitude": 18.41601705
      }
    },
    {
      "attributes": {
        "Precincts": "CPT CBD Phase 05",
        "Quickbase_Status": "Planned",
        "QBRecordID": 3168,
        "Third_Party_Dependant_For_Conne": null,
        "Latitude": -33.92352442,
        "Longitude": 18.41585309
      }
    },
    {
      "attributes": {
        "Precincts": "CPT CBD Phase 05",
        "Quickbase_Status": "Planned",
        "QBRecordID": 3166,
        "Third_Party_Dependant_For_Conne": null,
        "Latitude": -33.9238172,
        "Longitude": 18.41625246
      }
    },
    {
      "attributes": {
        "Precincts": "CPT CBD Phase 05",
        "Quickbase_Status": "Planned",
        "QBRecordID": 3163,
        "Third_Party_Dependant_For_Conne": null,
        "Latitude": -33.92371641,
        "Longitude": 18.41636026
      }
    },
    {
      "attributes": {
        "Precincts": "CPT CBD Phase 05",
        "Quickbase_Status": "Planned",
        "QBRecordID": 3167,
        "Third_Party_Dependant_For_Conne": null,
        "Latitude": -33.92366083,
        "Longitude": 18.41605585
      }
    },
    {
      "attributes": {
        "Precincts": "CPT CBD Phase 05",
        "Quickbase_Status": "Planned",
        "QBRecordID": 3170,
        "Third_Party_Dependant_For_Conne": null,
        "Latitude": -33.92398851,
        "Longitude": 18.41674183
      }
    },
    {
      "attributes": {
        "Precincts": "CPT CBD Phase 05",
        "Quickbase_Status": "Planned",
        "QBRecordID": 3171,
        "Third_Party_Dependant_For_Conne": null,
        "Latitude": -33.92407896,
        "Longitude": 18.41712753
      }
    },
    {
      "attributes": {
        "Precincts": "CPT CBD Phase 05",
        "Quickbase_Status": "Planned",
        "QBRecordID": 3172,
        "Third_Party_Dependant_For_Conne": null,
        "Latitude": -33.9241837,
        "Longitude": 18.4170128
      }
    },
    {
      "attributes": {
        "Precincts": "CPT CBD Phase 05",
        "Quickbase_Status": "Planned",
        "QBRecordID": 3174,
        "Third_Party_Dependant_For_Conne": null,
        "Latitude": -33.9242996,
        "Longitude": 18.4168972
      }
    },
    {
      "attributes": {
        "Precincts": "CPT CBD Phase 05",
        "Quickbase_Status": "Planned",
        "QBRecordID": 3176,
        "Third_Party_Dependant_For_Conne": null,
        "Latitude": -33.92395191,
        "Longitude": 18.41579719
      }
    },
    {
      "attributes": {
        "Precincts": "CPT CBD Phase 05",
        "Quickbase_Status": "Planned",
        "QBRecordID": 3175,
        "Third_Party_Dependant_For_Conne": null,
        "Latitude": -33.92373405,
        "Longitude": 18.41563536
      }
    },
    {
      "attributes": {
        "Precincts": "CPT CBD Phase 05",
        "Quickbase_Status": "Planned",
        "QBRecordID": 3183,
        "Third_Party_Dependant_For_Conne": null,
        "Latitude": -33.92425718,
        "Longitude": 18.41627648
      }
    },
    {
      "attributes": {
        "Precincts": "CPT CBD Phase 05",
        "Quickbase_Status": "Planned",
        "QBRecordID": 3189,
        "Third_Party_Dependant_For_Conne": null,
        "Latitude": -33.92450246,
        "Longitude": 18.41596374
      }
    },
    {
      "attributes": {
        "Precincts": "CPT CBD Phase 05",
        "Quickbase_Status": "Planned",
        "QBRecordID": 3184,
        "Third_Party_Dependant_For_Conne": null,
        "Latitude": -33.92447609,
        "Longitude": 18.41658824
      }
    },
    {
      "attributes": {
        "Precincts": "Somerset West Phase 1",
        "Quickbase_Status": "Planned",
        "QBRecordID": 79394,
        "Third_Party_Dependant_For_Conne": null,
        "Latitude": -34.07626311,
        "Longitude": 18.81762809
      }
    },
    {
      "attributes": {
        "Precincts": "Somerset West Phase 1",
        "Quickbase_Status": "Planned",
        "QBRecordID": 79395,
        "Third_Party_Dependant_For_Conne": null,
        "Latitude": -34.08052743,
        "Longitude": 18.81784719
      }
    },
    {
      "attributes": {
        "Precincts": "Somerset West Phase 1",
        "Quickbase_Status": "Planned",
        "QBRecordID": 79396,
        "Third_Party_Dependant_For_Conne": null,
        "Latitude": -34.08056237,
        "Longitude": 18.81768661
      }
    },
    {
      "attributes": {
        "Precincts": "CPT CBD Phase 07",
        "Quickbase_Status": "Planned",
        "QBRecordID": 3246,
        "Third_Party_Dependant_For_Conne": null,
        "Latitude": -33.92368519,
        "Longitude": 18.41753395
      }
    },
    {
      "attributes": {
        "Precincts": "CPT CBD Phase 13",
        "Quickbase_Status": "Planned",
        "QBRecordID": 7865,
        "Third_Party_Dependant_For_Conne": null,
        "Latitude": -33.92115457,
        "Longitude": 18.42069851
      }
    },
    {
      "attributes": {
        "Precincts": "Somerset West Phase 1",
        "Quickbase_Status": "Planned",
        "QBRecordID": 14309,
        "Third_Party_Dependant_For_Conne": null,
        "Latitude": -34.07967471,
        "Longitude": 18.81672227
      }
    },
    {
      "attributes": {
        "Precincts": "Somerset West Phase 2",
        "Quickbase_Status": "Planned",
        "QBRecordID": 16336,
        "Third_Party_Dependant_For_Conne": null,
        "Latitude": -34.08887214,
        "Longitude": 18.82192123
      }
    },
    {
      "attributes": {
        "Precincts": "Somerset West Phase 2",
        "Quickbase_Status": "Planned",
        "QBRecordID": 16337,
        "Third_Party_Dependant_For_Conne": null,
        "Latitude": -34.08908272,
        "Longitude": 18.82282027
      }
    },
    {
      "attributes": {
        "Precincts": "Somerset West Phase 1",
        "Quickbase_Status": "Planned",
        "QBRecordID": 14308,
        "Third_Party_Dependant_For_Conne": null,
        "Latitude": -34.08058746,
        "Longitude": 18.81719501
      }
    },
    {
      "attributes": {
        "Precincts": "Somerset West Phase 2",
        "Quickbase_Status": "Planned",
        "QBRecordID": 14304,
        "Third_Party_Dependant_For_Conne": null,
        "Latitude": -34.08208226,
        "Longitude": 18.82027355
      }
    },
    {
      "attributes": {
        "Precincts": "Somerset West Phase 1",
        "Quickbase_Status": "Planned",
        "QBRecordID": 14310,
        "Third_Party_Dependant_For_Conne": null,
        "Latitude": -34.07650336,
        "Longitude": 18.81865469
      }
    },
    {
      "attributes": {
        "Precincts": "Brackengate Business Park",
        "Quickbase_Status": "Planned",
        "QBRecordID": 6611,
        "Third_Party_Dependant_For_Conne": null,
        "Latitude": -33.89175837,
        "Longitude": 18.6840001
      }
    },
    {
      "attributes": {
        "Precincts": "Somerset West Phase 3",
        "Quickbase_Status": "Planned",
        "QBRecordID": 14275,
        "Third_Party_Dependant_For_Conne": null,
        "Latitude": -34.08678018,
        "Longitude": 18.82170025
      }
    },
    {
      "attributes": {
        "Precincts": "Somerset West Phase 2",
        "Quickbase_Status": "Planned",
        "QBRecordID": 14298,
        "Third_Party_Dependant_For_Conne": null,
        "Latitude": -34.08282315,
        "Longitude": 18.81999977
      }
    },
    {
      "attributes": {
        "Precincts": "Somerset West Phase 2",
        "Quickbase_Status": "Planned",
        "QBRecordID": 14343,
        "Third_Party_Dependant_For_Conne": null,
        "Latitude": -34.08890719,
        "Longitude": 18.8223394
      }
    },
    {
      "attributes": {
        "Precincts": "Umgeni Business Park",
        "Quickbase_Status": "Planned",
        "QBRecordID": 13323,
        "Third_Party_Dependant_For_Conne": null,
        "Latitude": -29.81180662,
        "Longitude": 30.99435405
      }
    },
    {
      "attributes": {
        "Precincts": "Umgeni Business Park",
        "Quickbase_Status": "Planned",
        "QBRecordID": 13324,
        "Third_Party_Dependant_For_Conne": null,
        "Latitude": -29.81198571,
        "Longitude": 30.9941946
      }
    },
    {
      "attributes": {
        "Precincts": "Umgeni Business Park",
        "Quickbase_Status": "Planned",
        "QBRecordID": 13325,
        "Third_Party_Dependant_For_Conne": null,
        "Latitude": -29.81236259,
        "Longitude": 30.99410896
      }
    },
    {
      "attributes": {
        "Precincts": "Umgeni Business Park",
        "Quickbase_Status": "Planned",
        "QBRecordID": 13326,
        "Third_Party_Dependant_For_Conne": null,
        "Latitude": -29.81200183,
        "Longitude": 30.99466767
      }
    },
    {
      "attributes": {
        "Precincts": "Umgeni Business Park",
        "Quickbase_Status": "Planned",
        "QBRecordID": 13327,
        "Third_Party_Dependant_For_Conne": null,
        "Latitude": -29.81254913,
        "Longitude": 30.99443302
      }
    },
    {
      "attributes": {
        "Precincts": "Umgeni Business Park",
        "Quickbase_Status": "Planned",
        "QBRecordID": 13353,
        "Third_Party_Dependant_For_Conne": null,
        "Latitude": -29.81313583,
        "Longitude": 31.00062478
      }
    },
    {
      "attributes": {
        "Precincts": "Umgeni Business Park",
        "Quickbase_Status": "Planned",
        "QBRecordID": 13354,
        "Third_Party_Dependant_For_Conne": null,
        "Latitude": -29.81313709,
        "Longitude": 31.00126937
      }
    },
    {
      "attributes": {
        "Precincts": "CPT CBD Phase 05",
        "Quickbase_Status": "Planned",
        "QBRecordID": 3186,
        "Third_Party_Dependant_For_Conne": null,
        "Latitude": -33.92469377,
        "Longitude": 18.41635028
      }
    },
    {
      "attributes": {
        "Precincts": "CPT CBD Phase 05",
        "Quickbase_Status": "Planned",
        "QBRecordID": 3192,
        "Third_Party_Dependant_For_Conne": null,
        "Latitude": -33.92442949,
        "Longitude": 18.41507402
      }
    },
    {
      "attributes": {
        "Precincts": "CPT CBD Phase 05",
        "Quickbase_Status": "Planned",
        "QBRecordID": 3191,
        "Third_Party_Dependant_For_Conne": null,
        "Latitude": -33.92428988,
        "Longitude": 18.41499398
      }
    },
    {
      "attributes": {
        "Precincts": "CPT CBD Phase 05",
        "Quickbase_Status": "Planned",
        "QBRecordID": 3198,
        "Third_Party_Dependant_For_Conne": null,
        "Latitude": -33.92462883,
        "Longitude": 18.41460668
      }
    },
    {
      "attributes": {
        "Precincts": "CPT CBD Phase 05",
        "Quickbase_Status": "Planned",
        "QBRecordID": 3204,
        "Third_Party_Dependant_For_Conne": null,
        "Latitude": -33.92538256,
        "Longitude": 18.41569896
      }
    },
    {
      "attributes": {
        "Precincts": "CPT CBD Phase 05",
        "Quickbase_Status": "Planned",
        "QBRecordID": 3203,
        "Third_Party_Dependant_For_Conne": null,
        "Latitude": -33.925245,
        "Longitude": 18.4158824
      }
    },
    {
      "attributes": {
        "Precincts": "CPT CBD Phase 05",
        "Quickbase_Status": "Planned",
        "QBRecordID": 3201,
        "Third_Party_Dependant_For_Conne": null,
        "Latitude": -33.92501441,
        "Longitude": 18.4156066
      }
    },
    {
      "attributes": {
        "Precincts": "CPT CBD Phase 10",
        "Quickbase_Status": "Planned",
        "QBRecordID": 3556,
        "Third_Party_Dependant_For_Conne": null,
        "Latitude": -33.92035503,
        "Longitude": 18.42643769
      }
    },
    {
      "attributes": {
        "Precincts": "CPT CBD Phase 10",
        "Quickbase_Status": "Planned",
        "QBRecordID": 3564,
        "Third_Party_Dependant_For_Conne": null,
        "Latitude": -33.92398107,
        "Longitude": 18.42204305
      }
    },
    {
      "attributes": {
        "Precincts": "CPT CBD Phase 10",
        "Quickbase_Status": "Planned",
        "QBRecordID": 3565,
        "Third_Party_Dependant_For_Conne": null,
        "Latitude": -33.9241681,
        "Longitude": 18.42192012
      }
    },
    {
      "attributes": {
        "Precincts": "CPT CBD Phase 10",
        "Quickbase_Status": "Planned",
        "QBRecordID": 3568,
        "Third_Party_Dependant_For_Conne": null,
        "Latitude": -33.92431736,
        "Longitude": 18.42230099
      }
    },
    {
      "attributes": {
        "Precincts": "CPT CBD Phase 10",
        "Quickbase_Status": "Planned",
        "QBRecordID": 3573,
        "Third_Party_Dependant_For_Conne": null,
        "Latitude": -33.92471414,
        "Longitude": 18.42301027
      }
    },
    {
      "attributes": {
        "Precincts": "CPT CBD Phase 10",
        "Quickbase_Status": "Planned",
        "QBRecordID": 3574,
        "Third_Party_Dependant_For_Conne": null,
        "Latitude": -33.92484968,
        "Longitude": 18.4232493
      }
    },
    {
      "attributes": {
        "Precincts": "CPT CBD Phase 10",
        "Quickbase_Status": "Planned",
        "QBRecordID": 3576,
        "Third_Party_Dependant_For_Conne": null,
        "Latitude": -33.92506371,
        "Longitude": 18.42301372
      }
    },
    {
      "attributes": {
        "Precincts": "CPT CBD Phase 10",
        "Quickbase_Status": "Planned",
        "QBRecordID": 7078,
        "Third_Party_Dependant_For_Conne": null,
        "Latitude": -33.92451646,
        "Longitude": 18.42097593
      }
    },
    {
      "attributes": {
        "Precincts": "CPT CBD Phase 10",
        "Quickbase_Status": "Planned",
        "QBRecordID": 3580,
        "Third_Party_Dependant_For_Conne": null,
        "Latitude": -33.92434095,
        "Longitude": 18.42139023
      }
    },
    {
      "attributes": {
        "Precincts": "CPT CBD Phase 10",
        "Quickbase_Status": "Planned",
        "QBRecordID": 3582,
        "Third_Party_Dependant_For_Conne": null,
        "Latitude": -33.92472548,
        "Longitude": 18.42198983
      }
    },
    {
      "attributes": {
        "Precincts": "CPT CBD Phase 10",
        "Quickbase_Status": "Planned",
        "QBRecordID": 3583,
        "Third_Party_Dependant_For_Conne": null,
        "Latitude": -33.92479164,
        "Longitude": 18.42208823
      }
    },
    {
      "attributes": {
        "Precincts": "CPT CBD Phase 10",
        "Quickbase_Status": "Planned",
        "QBRecordID": 3584,
        "Third_Party_Dependant_For_Conne": null,
        "Latitude": -33.92484157,
        "Longitude": 18.42224474
      }
    },
    {
      "attributes": {
        "Precincts": "CPT CBD Phase 10",
        "Quickbase_Status": "Planned",
        "QBRecordID": 3589,
        "Third_Party_Dependant_For_Conne": null,
        "Latitude": -33.92476758,
        "Longitude": 18.42167945
      }
    },
    {
      "attributes": {
        "Precincts": "CPT CBD Phase 10",
        "Quickbase_Status": "Planned",
        "QBRecordID": 3585,
        "Third_Party_Dependant_For_Conne": null,
        "Latitude": -33.92503635,
        "Longitude": 18.42205954
      }
    },
    {
      "attributes": {
        "Precincts": "CPT CBD Phase 10",
        "Quickbase_Status": "Planned",
        "QBRecordID": 3591,
        "Third_Party_Dependant_For_Conne": null,
        "Latitude": -33.92521894,
        "Longitude": 18.42172231
      }
    },
    {
      "attributes": {
        "Precincts": "CPT CBD Phase 10",
        "Quickbase_Status": "Planned",
        "QBRecordID": 3590,
        "Third_Party_Dependant_For_Conne": null,
        "Latitude": -33.92535589,
        "Longitude": 18.42153697
      }
    },
    {
      "attributes": {
        "Precincts": "CPT CBD Phase 10",
        "Quickbase_Status": "Planned",
        "QBRecordID": 3749,
        "Third_Party_Dependant_For_Conne": null,
        "Latitude": -33.92526475,
        "Longitude": 18.42262368
      }
    },
    {
      "attributes": {
        "Precincts": "CPT CBD Phase 10",
        "Quickbase_Status": "Planned",
        "QBRecordID": 3594,
        "Third_Party_Dependant_For_Conne": null,
        "Latitude": -33.92516237,
        "Longitude": 18.42057294
      }
    },
    {
      "attributes": {
        "Precincts": "CPT CBD Phase 09",
        "Quickbase_Status": "Planned",
        "QBRecordID": 8202,
        "Third_Party_Dependant_For_Conne": null,
        "Latitude": -33.92185958,
        "Longitude": 18.41700319
      }
    },
    {
      "attributes": {
        "Precincts": "Cresta",
        "Quickbase_Status": "Planned",
        "QBRecordID": 6806,
        "Third_Party_Dependant_For_Conne": null,
        "Latitude": -26.13418491,
        "Longitude": 27.97490849
      }
    },
    {
      "attributes": {
        "Precincts": "Cresta",
        "Quickbase_Status": "Planned",
        "QBRecordID": 6807,
        "Third_Party_Dependant_For_Conne": null,
        "Latitude": -26.13409663,
        "Longitude": 27.97508355
      }
    },
    {
      "attributes": {
        "Precincts": "Ballito Phase 1",
        "Quickbase_Status": "Planned",
        "QBRecordID": 7024,
        "Third_Party_Dependant_For_Conne": null,
        "Latitude": -29.5306549,
        "Longitude": 31.20208395
      }
    },
    {
      "attributes": {
        "Precincts": "Ballito Phase 1",
        "Quickbase_Status": "Planned",
        "QBRecordID": 7026,
        "Third_Party_Dependant_For_Conne": null,
        "Latitude": -29.5293757,
        "Longitude": 31.19949105
      }
    },
    {
      "attributes": {
        "Precincts": "Ballito Phase 1",
        "Quickbase_Status": "Planned",
        "QBRecordID": 7027,
        "Third_Party_Dependant_For_Conne": null,
        "Latitude": -29.52951798,
        "Longitude": 31.19930572
      }
    },
    {
      "attributes": {
        "Precincts": "Ballito Phase 1",
        "Quickbase_Status": "Planned",
        "QBRecordID": 7028,
        "Third_Party_Dependant_For_Conne": null,
        "Latitude": -29.52967449,
        "Longitude": 31.19900633
      }
    },
    {
      "attributes": {
        "Precincts": "Ballito Phase 1",
        "Quickbase_Status": "Planned",
        "QBRecordID": 7030,
        "Third_Party_Dependant_For_Conne": null,
        "Latitude": -29.52997321,
        "Longitude": 31.19856294
      }
    },
    {
      "attributes": {
        "Precincts": "Ballito Phase 1",
        "Quickbase_Status": "Planned",
        "QBRecordID": 7035,
        "Third_Party_Dependant_For_Conne": null,
        "Latitude": -29.52920426,
        "Longitude": 31.19739021
      }
    },
    {
      "attributes": {
        "Precincts": "Ballito Phase 1",
        "Quickbase_Status": "Planned",
        "QBRecordID": 7034,
        "Third_Party_Dependant_For_Conne": null,
        "Latitude": -29.52889456,
        "Longitude": 31.19748613
      }
    },
    {
      "attributes": {
        "Precincts": "Ballito Phase 2",
        "Quickbase_Status": "Planned",
        "QBRecordID": 7046,
        "Third_Party_Dependant_For_Conne": null,
        "Latitude": -29.52688364,
        "Longitude": 31.19870295
      }
    },
    {
      "attributes": {
        "Precincts": "Ballito Phase 1",
        "Quickbase_Status": "Planned",
        "QBRecordID": 7764,
        "Third_Party_Dependant_For_Conne": null,
        "Latitude": -29.5287233,
        "Longitude": 31.20068275
      }
    },
    {
      "attributes": {
        "Precincts": "Ballito Phase 2",
        "Quickbase_Status": "Planned",
        "QBRecordID": 7048,
        "Third_Party_Dependant_For_Conne": null,
        "Latitude": -29.52656523,
        "Longitude": 31.19947199
      }
    },
    {
      "attributes": {
        "Precincts": "Ballito Phase 2",
        "Quickbase_Status": "Planned",
        "QBRecordID": 7061,
        "Third_Party_Dependant_For_Conne": null,
        "Latitude": -29.52452826,
        "Longitude": 31.19862717
      }
    },
    {
      "attributes": {
        "Precincts": "Brackengate Business Park",
        "Quickbase_Status": "Planned",
        "QBRecordID": 6610,
        "Third_Party_Dependant_For_Conne": null,
        "Latitude": -33.89112234,
        "Longitude": 18.68232962
      }
    },
    {
      "attributes": {
        "Precincts": "Brackengate Business Park",
        "Quickbase_Status": "Planned",
        "QBRecordID": 6629,
        "Third_Party_Dependant_For_Conne": null,
        "Latitude": -33.89046214,
        "Longitude": 18.68030191
      }
    },
    {
      "attributes": {
        "Precincts": "Brackengate Business Park",
        "Quickbase_Status": "Planned",
        "QBRecordID": 6627,
        "Third_Party_Dependant_For_Conne": null,
        "Latitude": -33.89002956,
        "Longitude": 18.67954719
      }
    },
    {
      "attributes": {
        "Precincts": "Brackengate Business Park",
        "Quickbase_Status": "Planned",
        "QBRecordID": 6631,
        "Third_Party_Dependant_For_Conne": null,
        "Latitude": -33.89164946,
        "Longitude": 18.68113654
      }
    },
    {
      "attributes": {
        "Precincts": "Brackengate Business Park",
        "Quickbase_Status": "Planned",
        "QBRecordID": 6622,
        "Third_Party_Dependant_For_Conne": null,
        "Latitude": -33.89225671,
        "Longitude": 18.68145145
      }
    },
    {
      "attributes": {
        "Precincts": "Brackengate Business Park",
        "Quickbase_Status": "Planned",
        "QBRecordID": 6623,
        "Third_Party_Dependant_For_Conne": null,
        "Latitude": -33.89238945,
        "Longitude": 18.68103661
      }
    },
    {
      "attributes": {
        "Precincts": "Brackengate Business Park",
        "Quickbase_Status": "Planned",
        "QBRecordID": 6624,
        "Third_Party_Dependant_For_Conne": null,
        "Latitude": -33.89197769,
        "Longitude": 18.68036146
      }
    },
    {
      "attributes": {
        "Precincts": "Brooklyn",
        "Quickbase_Status": "Planned",
        "QBRecordID": 7226,
        "Third_Party_Dependant_For_Conne": null,
        "Latitude": -25.76975549,
        "Longitude": 28.23604902
      }
    },
    {
      "attributes": {
        "Precincts": "Westway Office Park",
        "Quickbase_Status": "Planned",
        "QBRecordID": 7123,
        "Third_Party_Dependant_For_Conne": null,
        "Latitude": -29.84797325,
        "Longitude": 30.92696956
      }
    },
    {
      "attributes": {
        "Precincts": "Westway Office Park",
        "Quickbase_Status": "Planned",
        "QBRecordID": 7111,
        "Third_Party_Dependant_For_Conne": null,
        "Latitude": -29.85041278,
        "Longitude": 30.92940195
      }
    },
    {
      "attributes": {
        "Precincts": "Westway Office Park",
        "Quickbase_Status": "Planned",
        "QBRecordID": 7110,
        "Third_Party_Dependant_For_Conne": null,
        "Latitude": -29.8501295,
        "Longitude": 30.92985672
      }
    },
    {
      "attributes": {
        "Precincts": "Westway Office Park",
        "Quickbase_Status": "Planned",
        "QBRecordID": 7131,
        "Third_Party_Dependant_For_Conne": null,
        "Latitude": -29.84938945,
        "Longitude": 30.92975479
      }
    },
    {
      "attributes": {
        "Precincts": "Westway Office Park",
        "Quickbase_Status": "Planned",
        "QBRecordID": 7105,
        "Third_Party_Dependant_For_Conne": null,
        "Latitude": -29.85188465,
        "Longitude": 30.93114441
      }
    },
    {
      "attributes": {
        "Precincts": "Westway Office Park",
        "Quickbase_Status": "Planned",
        "QBRecordID": 7104,
        "Third_Party_Dependant_For_Conne": null,
        "Latitude": -29.85054669,
        "Longitude": 30.93121417
      }
    },
    {
      "attributes": {
        "Precincts": "Derby Downs",
        "Quickbase_Status": "Planned",
        "QBRecordID": 7362,
        "Third_Party_Dependant_For_Conne": null,
        "Latitude": -29.82899857,
        "Longitude": 30.95401612
      }
    },
    {
      "attributes": {
        "Precincts": "Derby Downs",
        "Quickbase_Status": "Planned",
        "QBRecordID": 7354,
        "Third_Party_Dependant_For_Conne": null,
        "Latitude": -29.82844606,
        "Longitude": 30.95537352
      }
    },
    {
      "attributes": {
        "Precincts": "Derby Downs",
        "Quickbase_Status": "Planned",
        "QBRecordID": 7351,
        "Third_Party_Dependant_For_Conne": null,
        "Latitude": -29.82723501,
        "Longitude": 30.95550983
      }
    },
    {
      "attributes": {
        "Precincts": "Derby Downs",
        "Quickbase_Status": "Planned",
        "QBRecordID": 7352,
        "Third_Party_Dependant_For_Conne": null,
        "Latitude": -29.82700523,
        "Longitude": 30.95572366
      }
    },
    {
      "attributes": {
        "Precincts": "Derby Downs",
        "Quickbase_Status": "Planned",
        "QBRecordID": 7349,
        "Third_Party_Dependant_For_Conne": null,
        "Latitude": -29.8264515,
        "Longitude": 30.95575944
      }
    },
    {
      "attributes": {
        "Precincts": "Nelson Road",
        "Quickbase_Status": "Planned",
        "QBRecordID": 7342,
        "Third_Party_Dependant_For_Conne": null,
        "Latitude": -29.83177048,
        "Longitude": 30.94991871
      }
    },
    {
      "attributes": {
        "Precincts": "Lagoon Drive",
        "Quickbase_Status": "Planned",
        "QBRecordID": 7619,
        "Third_Party_Dependant_For_Conne": null,
        "Latitude": -29.72855785,
        "Longitude": 31.0871749
      }
    },
    {
      "attributes": {
        "Precincts": "Lagoon Drive",
        "Quickbase_Status": "Planned",
        "QBRecordID": 7631,
        "Third_Party_Dependant_For_Conne": null,
        "Latitude": -29.72883097,
        "Longitude": 31.08591079
      }
    },
    {
      "attributes": {
        "Precincts": "Ballito Phase 2",
        "Quickbase_Status": "Planned",
        "QBRecordID": 7574,
        "Third_Party_Dependant_For_Conne": null,
        "Latitude": -29.52404507,
        "Longitude": 31.20072931
      }
    },
    {
      "attributes": {
        "Precincts": "Ballito Phase 2",
        "Quickbase_Status": "Planned",
        "QBRecordID": 7049,
        "Third_Party_Dependant_For_Conne": null,
        "Latitude": -29.52684274,
        "Longitude": 31.19955063
      }
    },
    {
      "attributes": {
        "Precincts": "Centurion CBD 1",
        "Quickbase_Status": "Planned",
        "QBRecordID": 8502,
        "Third_Party_Dependant_For_Conne": null,
        "Latitude": -25.86321035,
        "Longitude": 28.18949915
      }
    },
    {
      "attributes": {
        "Precincts": "Stanley Avenue",
        "Quickbase_Status": "Planned",
        "QBRecordID": 7395,
        "Third_Party_Dependant_For_Conne": null,
        "Latitude": -26.18453991,
        "Longitude": 28.01878412
      }
    },
    {
      "attributes": {
        "Precincts": "Stanley Avenue",
        "Quickbase_Status": "Planned",
        "QBRecordID": 7396,
        "Third_Party_Dependant_For_Conne": null,
        "Latitude": -26.18605681,
        "Longitude": 28.01827328
      }
    },
    {
      "attributes": {
        "Precincts": "Stanley Avenue",
        "Quickbase_Status": "Planned",
        "QBRecordID": 7398,
        "Third_Party_Dependant_For_Conne": null,
        "Latitude": -26.18608527,
        "Longitude": 28.01890146
      }
    },
    {
      "attributes": {
        "Precincts": "Stanley Avenue",
        "Quickbase_Status": "Planned",
        "QBRecordID": 7399,
        "Third_Party_Dependant_For_Conne": null,
        "Latitude": -26.18624522,
        "Longitude": 28.01861653
      }
    },
    {
      "attributes": {
        "Precincts": "Stanley Avenue",
        "Quickbase_Status": "Planned",
        "QBRecordID": 7400,
        "Third_Party_Dependant_For_Conne": null,
        "Latitude": -26.18641587,
        "Longitude": 28.01876441
      }
    },
    {
      "attributes": {
        "Precincts": "Arden Grove",
        "Quickbase_Status": "Planned",
        "QBRecordID": 2829,
        "Third_Party_Dependant_For_Conne": null,
        "Latitude": -33.86362856,
        "Longitude": 18.51230831
      }
    },
    {
      "attributes": {
        "Precincts": "Arden Grove",
        "Quickbase_Status": "Planned",
        "QBRecordID": 1588,
        "Third_Party_Dependant_For_Conne": null,
        "Latitude": -33.86654594,
        "Longitude": 18.51317812
      }
    },
    {
      "attributes": {
        "Precincts": "Arden Grove",
        "Quickbase_Status": "Planned",
        "QBRecordID": 1589,
        "Third_Party_Dependant_For_Conne": null,
        "Latitude": -33.86647147,
        "Longitude": 18.5134999
      }
    },
    {
      "attributes": {
        "Precincts": "Bruma Lake",
        "Quickbase_Status": "Planned",
        "QBRecordID": 1545,
        "Third_Party_Dependant_For_Conne": null,
        "Latitude": -26.180309,
        "Longitude": 28.10951269
      }
    },
    {
      "attributes": {
        "Precincts": "Burnside Office Park",
        "Quickbase_Status": "Planned",
        "QBRecordID": 3453,
        "Third_Party_Dependant_For_Conne": null,
        "Latitude": -26.11415568,
        "Longitude": 28.02284871
      }
    },
    {
      "attributes": {
        "Precincts": "George Road",
        "Quickbase_Status": "Planned",
        "QBRecordID": 2847,
        "Third_Party_Dependant_For_Conne": null,
        "Latitude": -25.96915573,
        "Longitude": 28.13194874
      }
    },
    {
      "attributes": {
        "Precincts": "Girton",
        "Quickbase_Status": "Planned",
        "QBRecordID": 3890,
        "Third_Party_Dependant_For_Conne": null,
        "Latitude": -26.18436402,
        "Longitude": 28.03463753
      }
    },
    {
      "attributes": {
        "Precincts": "Rosebank Phase 1",
        "Quickbase_Status": "Planned",
        "QBRecordID": 3893,
        "Third_Party_Dependant_For_Conne": null,
        "Latitude": -26.14202742,
        "Longitude": 28.04180245
      }
    },
    {
      "attributes": {
        "Precincts": "Route 21 Office Park",
        "Quickbase_Status": "Planned",
        "QBRecordID": 2131,
        "Third_Party_Dependant_For_Conne": null,
        "Latitude": -25.86094788,
        "Longitude": 28.25687299
      }
    },
    {
      "attributes": {
        "Precincts": "Kent",
        "Quickbase_Status": "Planned",
        "QBRecordID": 591,
        "Third_Party_Dependant_For_Conne": null,
        "Latitude": -26.09365679,
        "Longitude": 27.99910442
      }
    },
    {
      "attributes": {
        "Precincts": "Kent",
        "Quickbase_Status": "Planned",
        "QBRecordID": 541,
        "Third_Party_Dependant_For_Conne": null,
        "Latitude": -26.09914546,
        "Longitude": 27.99989452
      }
    },
    {
      "attributes": {
        "Precincts": "Oberon",
        "Quickbase_Status": "Planned",
        "QBRecordID": 2335,
        "Third_Party_Dependant_For_Conne": null,
        "Latitude": -25.77938399,
        "Longitude": 28.29071285
      }
    },
    {
      "attributes": {
        "Precincts": "Oberon",
        "Quickbase_Status": "Planned",
        "QBRecordID": 3983,
        "Third_Party_Dependant_For_Conne": null,
        "Latitude": -25.77942723,
        "Longitude": 28.29104185
      }
    },
    {
      "attributes": {
        "Precincts": "Peter Place",
        "Quickbase_Status": "Planned",
        "QBRecordID": 12588,
        "Third_Party_Dependant_For_Conne": null,
        "Latitude": -26.08107756,
        "Longitude": 28.01761981
      }
    },
    {
      "attributes": {
        "Precincts": "Richards Drive",
        "Quickbase_Status": "Planned",
        "QBRecordID": 2426,
        "Third_Party_Dependant_For_Conne": null,
        "Latitude": -26.0155271,
        "Longitude": 28.12145848
      }
    },
    {
      "attributes": {
        "Precincts": "Route 21 Office Park",
        "Quickbase_Status": "Planned",
        "QBRecordID": 2033,
        "Third_Party_Dependant_For_Conne": null,
        "Latitude": -25.8580116,
        "Longitude": 28.25617535
      }
    },
    {
      "attributes": {
        "Precincts": "Tygervalley",
        "Quickbase_Status": "Planned",
        "QBRecordID": 2592,
        "Third_Party_Dependant_For_Conne": null,
        "Latitude": -33.88419051,
        "Longitude": 18.63626485
      }
    },
    {
      "attributes": {
        "Precincts": "Westlake",
        "Quickbase_Status": "Planned",
        "QBRecordID": 1816,
        "Third_Party_Dependant_For_Conne": null,
        "Latitude": -34.07965142,
        "Longitude": 18.44114401
      }
    },
    {
      "attributes": {
        "Precincts": "Westlake",
        "Quickbase_Status": "Planned",
        "QBRecordID": 1812,
        "Third_Party_Dependant_For_Conne": null,
        "Latitude": -34.0800207,
        "Longitude": 18.44063831
      }
    },
    {
      "attributes": {
        "Precincts": "Western Services",
        "Quickbase_Status": "Planned",
        "QBRecordID": 2681,
        "Third_Party_Dependant_For_Conne": null,
        "Latitude": -26.0569719,
        "Longitude": 28.08959015
      }
    },
    {
      "attributes": {
        "Precincts": "Tygervalley",
        "Quickbase_Status": "Planned",
        "QBRecordID": 4005,
        "Third_Party_Dependant_For_Conne": null,
        "Latitude": -33.88328951,
        "Longitude": 18.63637549
      }
    },
    {
      "attributes": {
        "Precincts": "Tygervalley",
        "Quickbase_Status": "Planned",
        "QBRecordID": 4006,
        "Third_Party_Dependant_For_Conne": null,
        "Latitude": -33.88364383,
        "Longitude": 18.63628807
      }
    },
    {
      "attributes": {
        "Precincts": "CPT CBD Phase 02",
        "Quickbase_Status": "Planned",
        "QBRecordID": 3105,
        "Third_Party_Dependant_For_Conne": null,
        "Latitude": -33.92156639,
        "Longitude": 18.43205625
      }
    },
    {
      "attributes": {
        "Precincts": "Rosebank Phase 1",
        "Quickbase_Status": "Planned",
        "QBRecordID": 4064,
        "Third_Party_Dependant_For_Conne": null,
        "Latitude": -26.14630655,
        "Longitude": 28.04357554
      }
    },
    {
      "attributes": {
        "Precincts": "Witch-Hazel",
        "Quickbase_Status": "Planned",
        "QBRecordID": 1727,
        "Third_Party_Dependant_For_Conne": null,
        "Latitude": -25.8746324,
        "Longitude": 28.18078955
      }
    },
    {
      "attributes": {
        "Precincts": "Highveld Technopark",
        "Quickbase_Status": "Planned",
        "QBRecordID": 5879,
        "Third_Party_Dependant_For_Conne": null,
        "Latitude": -25.87881218,
        "Longitude": 28.18411166
      }
    },
    {
      "attributes": {
        "Precincts": "Highveld Technopark",
        "Quickbase_Status": "Planned",
        "QBRecordID": 5880,
        "Third_Party_Dependant_For_Conne": null,
        "Latitude": -25.87862017,
        "Longitude": 28.18418323
      }
    },
    {
      "attributes": {
        "Precincts": "Highveld Technopark",
        "Quickbase_Status": "Planned",
        "QBRecordID": 4527,
        "Third_Party_Dependant_For_Conne": null,
        "Latitude": -25.87401384,
        "Longitude": 28.19008123
      }
    },
    {
      "attributes": {
        "Precincts": "Cresta",
        "Quickbase_Status": "Planned",
        "QBRecordID": 4247,
        "Third_Party_Dependant_For_Conne": null,
        "Latitude": -26.12771038,
        "Longitude": 27.97198448
      }
    },
    {
      "attributes": {
        "Precincts": "Cresta",
        "Quickbase_Status": "Planned",
        "QBRecordID": 4246,
        "Third_Party_Dependant_For_Conne": null,
        "Latitude": -26.12729178,
        "Longitude": 27.97235301
      }
    },
    {
      "attributes": {
        "Precincts": "Cresta",
        "Quickbase_Status": "Planned",
        "QBRecordID": 4271,
        "Third_Party_Dependant_For_Conne": null,
        "Latitude": -26.12954506,
        "Longitude": 27.96966852
      }
    },
    {
      "attributes": {
        "Precincts": "Cresta",
        "Quickbase_Status": "Planned",
        "QBRecordID": 4270,
        "Third_Party_Dependant_For_Conne": null,
        "Latitude": -26.12992482,
        "Longitude": 27.97032701
      }
    },
    {
      "attributes": {
        "Precincts": "Cresta",
        "Quickbase_Status": "Planned",
        "QBRecordID": 4269,
        "Third_Party_Dependant_For_Conne": null,
        "Latitude": -26.13011453,
        "Longitude": 27.97090675
      }
    },
    {
      "attributes": {
        "Precincts": "Cresta",
        "Quickbase_Status": "Planned",
        "QBRecordID": 4285,
        "Third_Party_Dependant_For_Conne": null,
        "Latitude": -26.13092252,
        "Longitude": 27.97150487
      }
    },
    {
      "attributes": {
        "Precincts": "Cresta",
        "Quickbase_Status": "Planned",
        "QBRecordID": 4286,
        "Third_Party_Dependant_For_Conne": null,
        "Latitude": -26.1309933,
        "Longitude": 27.9710678
      }
    },
    {
      "attributes": {
        "Precincts": "Lagoon Drive",
        "Quickbase_Status": "Planned",
        "QBRecordID": 7617,
        "Third_Party_Dependant_For_Conne": null,
        "Latitude": -29.72500035,
        "Longitude": 31.0859148
      }
    },
    {
      "attributes": {
        "Precincts": "Centurion CBD 1",
        "Quickbase_Status": "Planned",
        "QBRecordID": 6311,
        "Third_Party_Dependant_For_Conne": null,
        "Latitude": -25.86262014,
        "Longitude": 28.18682866
      }
    },
    {
      "attributes": {
        "Precincts": "Cresta",
        "Quickbase_Status": "Planned",
        "QBRecordID": 10183,
        "Third_Party_Dependant_For_Conne": null,
        "Latitude": -26.13055647,
        "Longitude": 27.97135857
      }
    },
    {
      "attributes": {
        "Precincts": "Riverhorse Road",
        "Quickbase_Status": "Planned",
        "QBRecordID": 8920,
        "Third_Party_Dependant_For_Conne": null,
        "Latitude": -29.78016811,
        "Longitude": 30.98541777
      }
    },
    {
      "attributes": {
        "Precincts": "Riverhorse Road",
        "Quickbase_Status": "Planned",
        "QBRecordID": 8919,
        "Third_Party_Dependant_For_Conne": null,
        "Latitude": -29.7820726,
        "Longitude": 30.9868388
      }
    },
    {
      "attributes": {
        "Precincts": "Riverhorse Road",
        "Quickbase_Status": "Planned",
        "QBRecordID": 8918,
        "Third_Party_Dependant_For_Conne": null,
        "Latitude": -29.78322392,
        "Longitude": 30.98757403
      }
    },
    {
      "attributes": {
        "Precincts": "Riverhorse Road",
        "Quickbase_Status": "Planned",
        "QBRecordID": 8917,
        "Third_Party_Dependant_For_Conne": null,
        "Latitude": -29.78388511,
        "Longitude": 30.9886669
      }
    },
    {
      "attributes": {
        "Precincts": "Riverhorse Road",
        "Quickbase_Status": "Planned",
        "QBRecordID": 8914,
        "Third_Party_Dependant_For_Conne": null,
        "Latitude": -29.78298757,
        "Longitude": 30.99071113
      }
    },
    {
      "attributes": {
        "Precincts": "Riverhorse Road",
        "Quickbase_Status": "Planned",
        "QBRecordID": 8910,
        "Third_Party_Dependant_For_Conne": null,
        "Latitude": -29.78020978,
        "Longitude": 30.9926044
      }
    },
    {
      "attributes": {
        "Precincts": "Riverhorse Road",
        "Quickbase_Status": "Planned",
        "QBRecordID": 8925,
        "Third_Party_Dependant_For_Conne": null,
        "Latitude": -29.77712426,
        "Longitude": 30.99302363
      }
    },
    {
      "attributes": {
        "Precincts": "CPT CBD Phase 10",
        "Quickbase_Status": "Planned",
        "QBRecordID": 7079,
        "Third_Party_Dependant_For_Conne": null,
        "Latitude": -33.9246709,
        "Longitude": 18.42180577
      }
    },
    {
      "attributes": {
        "Precincts": "Skeen Boulevard",
        "Quickbase_Status": "Planned",
        "QBRecordID": 1160,
        "Third_Party_Dependant_For_Conne": null,
        "Latitude": -26.17647532,
        "Longitude": 28.13325834
      }
    },
    {
      "attributes": {
        "Precincts": "Briardene",
        "Quickbase_Status": "Planned",
        "QBRecordID": 14152,
        "Third_Party_Dependant_For_Conne": null,
        "Latitude": -29.79615937,
        "Longitude": 31.01528204
      }
    },
    {
      "attributes": {
        "Precincts": "Persequor Park",
        "Quickbase_Status": "Planned",
        "QBRecordID": 5136,
        "Third_Party_Dependant_For_Conne": null,
        "Latitude": -25.74753591,
        "Longitude": 28.27230485
      }
    },
    {
      "attributes": {
        "Precincts": "Rosenpark",
        "Quickbase_Status": "Planned",
        "QBRecordID": 2687,
        "Third_Party_Dependant_For_Conne": null,
        "Latitude": -33.86983308,
        "Longitude": 18.63941938
      }
    },
    {
      "attributes": {
        "Precincts": "Rosenpark",
        "Quickbase_Status": "Planned",
        "QBRecordID": 2688,
        "Third_Party_Dependant_For_Conne": null,
        "Latitude": -33.86965452,
        "Longitude": 18.64004407
      }
    },
    {
      "attributes": {
        "Precincts": "Rosenpark",
        "Quickbase_Status": "Planned",
        "QBRecordID": 2692,
        "Third_Party_Dependant_For_Conne": null,
        "Latitude": -33.87029887,
        "Longitude": 18.64162771
      }
    },
    {
      "attributes": {
        "Precincts": "Route 21 Office Park",
        "Quickbase_Status": "Planned",
        "QBRecordID": 1984,
        "Third_Party_Dependant_For_Conne": null,
        "Latitude": -25.86202705,
        "Longitude": 28.25743255
      }
    },
    {
      "attributes": {
        "Precincts": "Wierda Road",
        "Quickbase_Status": "Planned",
        "QBRecordID": 346,
        "Third_Party_Dependant_For_Conne": null,
        "Latitude": -26.11166665,
        "Longitude": 28.05829515
      }
    },
    {
      "attributes": {
        "Precincts": "Wierda Road",
        "Quickbase_Status": "Planned",
        "QBRecordID": 602,
        "Third_Party_Dependant_For_Conne": null,
        "Latitude": -26.10991778,
        "Longitude": 28.0611885
      }
    },
    {
      "attributes": {
        "Precincts": "Sunninghill",
        "Quickbase_Status": "Planned",
        "QBRecordID": 4093,
        "Third_Party_Dependant_For_Conne": null,
        "Latitude": -26.03608502,
        "Longitude": 28.06613802
      }
    },
    {
      "attributes": {
        "Precincts": "Sunninghill",
        "Quickbase_Status": "Planned",
        "QBRecordID": 4092,
        "Third_Party_Dependant_For_Conne": null,
        "Latitude": -26.03589015,
        "Longitude": 28.06671034
      }
    },
    {
      "attributes": {
        "Precincts": "Wierda Road",
        "Quickbase_Status": "Planned",
        "QBRecordID": 365,
        "Third_Party_Dependant_For_Conne": null,
        "Latitude": -26.11403846,
        "Longitude": 28.05221723
      }
    },
    {
      "attributes": {
        "Precincts": "Brackengate Business Park",
        "Quickbase_Status": "Planned",
        "QBRecordID": 79748,
        "Third_Party_Dependant_For_Conne": null,
        "Latitude": -33.88990877,
        "Longitude": 18.68007641
      }
    },
    {
      "attributes": {
        "Precincts": "Witch-Hazel",
        "Quickbase_Status": "Planned",
        "QBRecordID": 2283,
        "Third_Party_Dependant_For_Conne": null,
        "Latitude": -25.87295032,
        "Longitude": 28.18191699
      }
    },
    {
      "attributes": {
        "Precincts": "Witch-Hazel",
        "Quickbase_Status": "Planned",
        "QBRecordID": 2284,
        "Third_Party_Dependant_For_Conne": null,
        "Latitude": -25.87265052,
        "Longitude": 28.18193591
      }
    }
  ]
}

at java.base/jdk.internal.reflect.NativeConstructorAccessorImpl.newInstance0(Native Method)
at java.base/jdk.internal.reflect.NativeConstructorAccessorImpl.newInstance(NativeConstructorAccessorImpl.java:62)
at java.base/jdk.internal.reflect.DelegatingConstructorAccessorImpl.newInstance(DelegatingConstructorAccessorImpl.java:45)
at java.base/java.lang.reflect.Constructor.newInstanceWithCaller(Constructor.java:500)
at java.base/java.lang.reflect.Constructor.newInstance(Constructor.java:481)
at org.codehaus.groovy.reflection.CachedConstructor.invoke(CachedConstructor.java:80)
at org.codehaus.groovy.reflection.CachedConstructor.doConstructorInvoke(CachedConstructor.java:74)
at org.codehaus.groovy.runtime.callsite.ConstructorSite$ConstructorSiteNoUnwrap.callConstructor(ConstructorSite.java:84)
at org.codehaus.groovy.runtime.callsite.AbstractCallSite.callConstructor(AbstractCallSite.java:249)
at io.restassured.internal.ResponseSpecificationImpl$HamcrestAssertionClosure.validate(ResponseSpecificationImpl.groovy:493)
at io.restassured.internal.ResponseSpecificationImpl$HamcrestAssertionClosure$validate$1.call(Unknown Source)
at io.restassured.internal.ResponseSpecificationImpl.validateResponseIfRequired(ResponseSpecificationImpl.groovy:674)
at jdk.internal.reflect.GeneratedMethodAccessor14.invoke(Unknown Source)
at java.base/jdk.internal.reflect.DelegatingMethodAccessorImpl.invoke(DelegatingMethodAccessorImpl.java:43)
at java.base/java.lang.reflect.Method.invoke(Method.java:567)
at org.codehaus.groovy.runtime.callsite.PlainObjectMetaMethodSite.doInvoke(PlainObjectMetaMethodSite.java:43)
at org.codehaus.groovy.runtime.callsite.PogoMetaMethodSite$PogoCachedMethodSiteNoUnwrapNoCoerce.invoke(PogoMetaMethodSite.java:190)
at org.codehaus.groovy.runtime.callsite.PogoMetaMethodSite.callCurrent(PogoMetaMethodSite.java:58)
at org.codehaus.groovy.runtime.callsite.AbstractCallSite.callCurrent(AbstractCallSite.java:168)
at io.restassured.internal.ResponseSpecificationImpl.body(ResponseSpecificationImpl.groovy:98)
at io.restassured.internal.ValidatableResponseOptionsImpl.body(ValidatableResponseOptionsImpl.java:238)
at io.restassured.internal.ValidatableResponseImpl.super$2$body(ValidatableResponseImpl.groovy)
at jdk.internal.reflect.GeneratedMethodAccessor199.invoke(Unknown Source)
at java.base/jdk.internal.reflect.DelegatingMethodAccessorImpl.invoke(DelegatingMethodAccessorImpl.java:43)
at java.base/java.lang.reflect.Method.invoke(Method.java:567)
at org.codehaus.groovy.reflection.CachedMethod.invoke(CachedMethod.java:101)
at groovy.lang.MetaMethod.doMethodInvoke(MetaMethod.java:323)
at groovy.lang.MetaClassImpl.invokeMethod(MetaClassImpl.java:1217)
at org.codehaus.groovy.runtime.ScriptBytecodeAdapter.invokeMethodOnSuperN(ScriptBytecodeAdapter.java:144)
at io.restassured.internal.ValidatableResponseImpl.body(ValidatableResponseImpl.groovy:293)
at io.restassured.internal.ValidatableResponseImpl.body(ValidatableResponseImpl.groovy)
at com.ICM_UxAPI.GETPrecincts.whereParamQuickbase_StatusIsPlannedgetPrecincts(GETPrecincts.java:105)
at java.base/jdk.internal.reflect.NativeMethodAccessorImpl.invoke0(Native Method)
at java.base/jdk.internal.reflect.NativeMethodAccessorImpl.invoke(NativeMethodAccessorImpl.java:62)
at java.base/jdk.internal.reflect.DelegatingMethodAccessorImpl.invoke(DelegatingMethodAccessorImpl.java:43)
at java.base/java.lang.reflect.Method.invoke(Method.java:567)
at org.testng.internal.MethodInvocationHelper.invokeMethod(MethodInvocationHelper.java:124)
at org.testng.internal.Invoker.invokeMethod(Invoker.java:583)
at org.testng.internal.Invoker.invokeTestMethod(Invoker.java:719)
at org.testng.internal.Invoker.invokeTestMethods(Invoker.java:989)
at org.testng.internal.TestMethodWorker.invokeTestMethods(TestMethodWorker.java:125)
at org.testng.internal.TestMethodWorker.run(TestMethodWorker.java:109)
at org.testng.TestRunner.privateRun(TestRunner.java:648)
at org.testng.TestRunner.run(TestRunner.java:505)
at org.testng.SuiteRunner.runTest(SuiteRunner.java:455)
at org.testng.SuiteRunner.access$000(SuiteRunner.java:40)
at org.testng.SuiteRunner$SuiteWorker.run(SuiteRunner.java:489)
at org.testng.internal.thread.ThreadUtil$1.call(ThreadUtil.java:52)
at java.base/java.util.concurrent.FutureTask.run(FutureTask.java:264)
at java.base/java.util.concurrent.ThreadPoolExecutor.runWorker(ThreadPoolExecutor.java:1128)
at java.base/java.util.concurrent.ThreadPoolExecutor$Worker.run(ThreadPoolExecutor.java:628)
at java.base/java.lang.Thread.run(Thread.java:830)
]]>
    </failure>
  </testcase> <!-- whereParamQuickbase_StatusIsPlannedgetPrecincts -->
  <testcase classname="com.ICM_UxAPI.GETPrecincts" name="whereParamQuickbase_StatusIsPartialBuildCompletedgetPrecincts" time="0.999">
    <failure message="2 expectations failed.
Response body doesn&#039;t match expectation.
Expected: a string containing &quot;Completed&quot;
  Actual: {
  &quot;displayFieldName&quot;: &quot;Building_Name&quot;,
  &quot;fieldAliases&quot;: {
    &quot;Precincts&quot;: &quot;Precinct&quot;,
    &quot;Quickbase_Status&quot;: &quot;Status&quot;,
    &quot;QBRecordID&quot;: &quot;RecordID&quot;,
    &quot;Third_Party_Dependant_For_Conne&quot;: &quot;Third Party&quot;,
    &quot;Latitude&quot;: &quot;Latitude&quot;,
    &quot;Longitude&quot;: &quot;Longitude&quot;
  },
  &quot;fields&quot;: [
    {
      &quot;name&quot;: &quot;Precincts&quot;,
      &quot;type&quot;: &quot;esriFieldTypeString&quot;,
      &quot;alias&quot;: &quot;Precinct&quot;,
      &quot;length&quot;: 100
    },
    {
      &quot;name&quot;: &quot;Quickbase_Status&quot;,
      &quot;type&quot;: &quot;esriFieldTypeString&quot;,
      &quot;alias&quot;: &quot;Status&quot;,
      &quot;length&quot;: 100
    },
    {
      &quot;name&quot;: &quot;QBRecordID&quot;,
      &quot;type&quot;: &quot;esriFieldTypeInteger&quot;,
      &quot;alias&quot;: &quot;RecordID&quot;
    },
    {
      &quot;name&quot;: &quot;Third_Party_Dependant_For_Conne&quot;,
      &quot;type&quot;: &quot;esriFieldTypeString&quot;,
      &quot;alias&quot;: &quot;Third Party&quot;,
      &quot;length&quot;: 50
    },
    {
      &quot;name&quot;: &quot;Latitude&quot;,
      &quot;type&quot;: &quot;esriFieldTypeDouble&quot;,
      &quot;alias&quot;: &quot;Latitude&quot;
    },
    {
      &quot;name&quot;: &quot;Longitude&quot;,
      &quot;type&quot;: &quot;esriFieldTypeDouble&quot;,
      &quot;alias&quot;: &quot;Longitude&quot;
    }
  ],
  &quot;features&quot;: [
    {
      &quot;attributes&quot;: {
        &quot;Precincts&quot;: &quot;James Crescent&quot;,
        &quot;Quickbase_Status&quot;: &quot;WIP&quot;,
        &quot;QBRecordID&quot;: 0,
        &quot;Third_Party_Dependant_For_Conne&quot;: null,
        &quot;Latitude&quot;: -26.00994049,
        &quot;Longitude&quot;: 28.12529723
      }
    },
    {
      &quot;attributes&quot;: {
        &quot;Precincts&quot;: &quot;James Crescent&quot;,
        &quot;Quickbase_Status&quot;: &quot;WIP&quot;,
        &quot;QBRecordID&quot;: 0,
        &quot;Third_Party_Dependant_For_Conne&quot;: null,
        &quot;Latitude&quot;: -26.00903551,
        &quot;Longitude&quot;: 28.12612056
      }
    },
    {
      &quot;attributes&quot;: {
        &quot;Precincts&quot;: &quot;James Crescent&quot;,
        &quot;Quickbase_Status&quot;: &quot;WIP&quot;,
        &quot;QBRecordID&quot;: 0,
        &quot;Third_Party_Dependant_For_Conne&quot;: null,
        &quot;Latitude&quot;: -26.00934933,
        &quot;Longitude&quot;: 28.12431724
      }
    },
    {
      &quot;attributes&quot;: {
        &quot;Precincts&quot;: &quot;James Crescent&quot;,
        &quot;Quickbase_Status&quot;: &quot;WIP&quot;,
        &quot;QBRecordID&quot;: 0,
        &quot;Third_Party_Dependant_For_Conne&quot;: null,
        &quot;Latitude&quot;: -26.00971373,
        &quot;Longitude&quot;: 28.12569879
      }
    },
    {
      &quot;attributes&quot;: {
        &quot;Precincts&quot;: &quot;James Crescent&quot;,
        &quot;Quickbase_Status&quot;: &quot;WIP&quot;,
        &quot;QBRecordID&quot;: 0,
        &quot;Third_Party_Dependant_For_Conne&quot;: null,
        &quot;Latitude&quot;: -26.00978831,
        &quot;Longitude&quot;: 28.12593694
      }
    },
    {
      &quot;attributes&quot;: {
        &quot;Precincts&quot;: &quot;CPT CBD Phase 02&quot;,
        &quot;Quickbase_Status&quot;: &quot;WIP&quot;,
        &quot;QBRecordID&quot;: 3087,
        &quot;Third_Party_Dependant_For_Conne&quot;: null,
        &quot;Latitude&quot;: -33.92183198,
        &quot;Longitude&quot;: 18.4343656
      }
    },
    {
      &quot;attributes&quot;: {
        &quot;Precincts&quot;: &quot;CPT CBD Phase 02&quot;,
        &quot;Quickbase_Status&quot;: &quot;WIP&quot;,
        &quot;QBRecordID&quot;: 3088,
        &quot;Third_Party_Dependant_For_Conne&quot;: null,
        &quot;Latitude&quot;: -33.92159384,
        &quot;Longitude&quot;: 18.43367447
      }
    },
    {
      &quot;attributes&quot;: {
        &quot;Precincts&quot;: &quot;Richards Drive&quot;,
        &quot;Quickbase_Status&quot;: &quot;WIP&quot;,
        &quot;QBRecordID&quot;: 2677,
        &quot;Third_Party_Dependant_For_Conne&quot;: null,
        &quot;Latitude&quot;: -26.01419999,
        &quot;Longitude&quot;: 28.12279165
      }
    },
    {
      &quot;attributes&quot;: {
        &quot;Precincts&quot;: &quot;Umhlanga (Phase 3)&quot;,
        &quot;Quickbase_Status&quot;: &quot;WIP&quot;,
        &quot;QBRecordID&quot;: 2810,
        &quot;Third_Party_Dependant_For_Conne&quot;: null,
        &quot;Latitude&quot;: -29.74228065,
        &quot;Longitude&quot;: 31.06736902
      }
    },
    {
      &quot;attributes&quot;: {
        &quot;Precincts&quot;: &quot;Sandton Phase 2&quot;,
        &quot;Quickbase_Status&quot;: &quot;WIP&quot;,
        &quot;QBRecordID&quot;: 2950,
        &quot;Third_Party_Dependant_For_Conne&quot;: null,
        &quot;Latitude&quot;: -26.10731505,
        &quot;Longitude&quot;: 28.05198139
      }
    },
    {
      &quot;attributes&quot;: {
        &quot;Precincts&quot;: &quot;James Crescent&quot;,
        &quot;Quickbase_Status&quot;: &quot;WIP&quot;,
        &quot;QBRecordID&quot;: 2141,
        &quot;Third_Party_Dependant_For_Conne&quot;: null,
        &quot;Latitude&quot;: -26.00942818,
        &quot;Longitude&quot;: 28.12487026
      }
    },
    {
      &quot;attributes&quot;: {
        &quot;Precincts&quot;: &quot;James Crescent&quot;,
        &quot;Quickbase_Status&quot;: &quot;WIP&quot;,
        &quot;QBRecordID&quot;: 2142,
        &quot;Third_Party_Dependant_For_Conne&quot;: null,
        &quot;Latitude&quot;: -26.00903231,
        &quot;Longitude&quot;: 28.12508206
      }
    },
    {
      &quot;attributes&quot;: {
        &quot;Precincts&quot;: &quot;James Crescent&quot;,
        &quot;Quickbase_Status&quot;: &quot;WIP&quot;,
        &quot;QBRecordID&quot;: 2140,
        &quot;Third_Party_Dependant_For_Conne&quot;: null,
        &quot;Latitude&quot;: -26.00914232,
        &quot;Longitude&quot;: 28.12441577
      }
    },
    {
      &quot;attributes&quot;: {
        &quot;Precincts&quot;: &quot;CPT CBD Phase 02&quot;,
        &quot;Quickbase_Status&quot;: &quot;WIP&quot;,
        &quot;QBRecordID&quot;: 3089,
        &quot;Third_Party_Dependant_For_Conne&quot;: null,
        &quot;Latitude&quot;: -33.92095507,
        &quot;Longitude&quot;: 18.43429863
      }
    },
    {
      &quot;attributes&quot;: {
        &quot;Precincts&quot;: &quot;Sandton Phase 2&quot;,
        &quot;Quickbase_Status&quot;: &quot;WIP&quot;,
        &quot;QBRecordID&quot;: 4033,
        &quot;Third_Party_Dependant_For_Conne&quot;: null,
        &quot;Latitude&quot;: -26.10445009,
        &quot;Longitude&quot;: 28.05483701
      }
    },
    {
      &quot;attributes&quot;: {
        &quot;Precincts&quot;: &quot;Umhlanga (Phase 3)&quot;,
        &quot;Quickbase_Status&quot;: &quot;WIP&quot;,
        &quot;QBRecordID&quot;: 2775,
        &quot;Third_Party_Dependant_For_Conne&quot;: null,
        &quot;Latitude&quot;: -29.73533004,
        &quot;Longitude&quot;: 31.07030524
      }
    },
    {
      &quot;attributes&quot;: {
        &quot;Precincts&quot;: &quot;James Crescent&quot;,
        &quot;Quickbase_Status&quot;: &quot;WIP&quot;,
        &quot;QBRecordID&quot;: 2139,
        &quot;Third_Party_Dependant_For_Conne&quot;: null,
        &quot;Latitude&quot;: -26.0087647,
        &quot;Longitude&quot;: 28.12465126
      }
    },
    {
      &quot;attributes&quot;: {
        &quot;Precincts&quot;: &quot;Richards Drive&quot;,
        &quot;Quickbase_Status&quot;: &quot;WIP&quot;,
        &quot;QBRecordID&quot;: 2676,
        &quot;Third_Party_Dependant_For_Conne&quot;: null,
        &quot;Latitude&quot;: -26.01402779,
        &quot;Longitude&quot;: 28.12251169
      }
    },
    {
      &quot;attributes&quot;: {
        &quot;Precincts&quot;: &quot;TechnoPark&quot;,
        &quot;Quickbase_Status&quot;: &quot;WIP&quot;,
        &quot;QBRecordID&quot;: 880,
        &quot;Third_Party_Dependant_For_Conne&quot;: null,
        &quot;Latitude&quot;: -33.96447592,
        &quot;Longitude&quot;: 18.84013075
      }
    },
    {
      &quot;attributes&quot;: {
        &quot;Precincts&quot;: &quot;CPT CBD Phase 02&quot;,
        &quot;Quickbase_Status&quot;: &quot;WIP&quot;,
        &quot;QBRecordID&quot;: 3095,
        &quot;Third_Party_Dependant_For_Conne&quot;: null,
        &quot;Latitude&quot;: -33.91974945,
        &quot;Longitude&quot;: 18.43269626
      }
    },
    {
      &quot;attributes&quot;: {
        &quot;Precincts&quot;: &quot;Centurion CBD 1&quot;,
        &quot;Quickbase_Status&quot;: &quot;WIP&quot;,
        &quot;QBRecordID&quot;: 6307,
        &quot;Third_Party_Dependant_For_Conne&quot;: null,
        &quot;Latitude&quot;: -25.86246047,
        &quot;Longitude&quot;: 28.18597825
      }
    },
    {
      &quot;attributes&quot;: {
        &quot;Precincts&quot;: &quot;CPT CBD Phase 03&quot;,
        &quot;Quickbase_Status&quot;: &quot;WIP&quot;,
        &quot;QBRecordID&quot;: 3151,
        &quot;Third_Party_Dependant_For_Conne&quot;: null,
        &quot;Latitude&quot;: -33.92663577,
        &quot;Longitude&quot;: 18.41584313
      }
    },
    {
      &quot;attributes&quot;: {
        &quot;Precincts&quot;: &quot;Lagoon Drive&quot;,
        &quot;Quickbase_Status&quot;: &quot;WIP&quot;,
        &quot;QBRecordID&quot;: 7604,
        &quot;Third_Party_Dependant_For_Conne&quot;: null,
        &quot;Latitude&quot;: -29.72275812,
        &quot;Longitude&quot;: 31.08787322
      }
    },
    {
      &quot;attributes&quot;: {
        &quot;Precincts&quot;: &quot;Lagoon Drive&quot;,
        &quot;Quickbase_Status&quot;: &quot;WIP&quot;,
        &quot;QBRecordID&quot;: 7599,
        &quot;Third_Party_Dependant_For_Conne&quot;: null,
        &quot;Latitude&quot;: -29.72550709,
        &quot;Longitude&quot;: 31.08791996
      }
    },
    {
      &quot;attributes&quot;: {
        &quot;Precincts&quot;: &quot;Lagoon Drive&quot;,
        &quot;Quickbase_Status&quot;: &quot;WIP&quot;,
        &quot;QBRecordID&quot;: 7622,
        &quot;Third_Party_Dependant_For_Conne&quot;: null,
        &quot;Latitude&quot;: -29.72759557,
        &quot;Longitude&quot;: 31.08766995
      }
    },
    {
      &quot;attributes&quot;: {
        &quot;Precincts&quot;: &quot;Meridian Drive&quot;,
        &quot;Quickbase_Status&quot;: &quot;WIP&quot;,
        &quot;QBRecordID&quot;: 7444,
        &quot;Third_Party_Dependant_For_Conne&quot;: null,
        &quot;Latitude&quot;: -29.72143294,
        &quot;Longitude&quot;: 31.06206762
      }
    },
    {
      &quot;attributes&quot;: {
        &quot;Precincts&quot;: &quot;Meridian Drive&quot;,
        &quot;Quickbase_Status&quot;: &quot;WIP&quot;,
        &quot;QBRecordID&quot;: 94706,
        &quot;Third_Party_Dependant_For_Conne&quot;: null,
        &quot;Latitude&quot;: -29.72861012,
        &quot;Longitude&quot;: 31.06906933
      }
    },
    {
      &quot;attributes&quot;: {
        &quot;Precincts&quot;: &quot;Somerset West Phase 3&quot;,
        &quot;Quickbase_Status&quot;: &quot;WIP&quot;,
        &quot;QBRecordID&quot;: 14281,
        &quot;Third_Party_Dependant_For_Conne&quot;: null,
        &quot;Latitude&quot;: -34.08550676,
        &quot;Longitude&quot;: 18.82069851
      }
    },
    {
      &quot;attributes&quot;: {
        &quot;Precincts&quot;: &quot;Somerset West Phase 3&quot;,
        &quot;Quickbase_Status&quot;: &quot;WIP&quot;,
        &quot;QBRecordID&quot;: 14282,
        &quot;Third_Party_Dependant_For_Conne&quot;: null,
        &quot;Latitude&quot;: -34.08537601,
        &quot;Longitude&quot;: 18.82107843
      }
    },
    {
      &quot;attributes&quot;: {
        &quot;Precincts&quot;: &quot;Somerset West Phase 3&quot;,
        &quot;Quickbase_Status&quot;: &quot;WIP&quot;,
        &quot;QBRecordID&quot;: 14283,
        &quot;Third_Party_Dependant_For_Conne&quot;: null,
        &quot;Latitude&quot;: -34.08522629,
        &quot;Longitude&quot;: 18.82146308
      }
    },
    {
      &quot;attributes&quot;: {
        &quot;Precincts&quot;: &quot;Somerset West Phase 3&quot;,
        &quot;Quickbase_Status&quot;: &quot;WIP&quot;,
        &quot;QBRecordID&quot;: 14284,
        &quot;Third_Party_Dependant_For_Conne&quot;: null,
        &quot;Latitude&quot;: -34.08518921,
        &quot;Longitude&quot;: 18.82172604
      }
    },
    {
      &quot;attributes&quot;: {
        &quot;Precincts&quot;: &quot;Somerset West Phase 3&quot;,
        &quot;Quickbase_Status&quot;: &quot;WIP&quot;,
        &quot;QBRecordID&quot;: 14285,
        &quot;Third_Party_Dependant_For_Conne&quot;: null,
        &quot;Latitude&quot;: -34.08526621,
        &quot;Longitude&quot;: 18.82190992
      }
    },
    {
      &quot;attributes&quot;: {
        &quot;Precincts&quot;: &quot;Somerset West Phase 3&quot;,
        &quot;Quickbase_Status&quot;: &quot;WIP&quot;,
        &quot;QBRecordID&quot;: 14286,
        &quot;Third_Party_Dependant_For_Conne&quot;: null,
        &quot;Latitude&quot;: -34.08535143,
        &quot;Longitude&quot;: 18.82214425
      }
    },
    {
      &quot;attributes&quot;: {
        &quot;Precincts&quot;: &quot;Somerset West Phase 3&quot;,
        &quot;Quickbase_Status&quot;: &quot;WIP&quot;,
        &quot;QBRecordID&quot;: 14287,
        &quot;Third_Party_Dependant_For_Conne&quot;: null,
        &quot;Latitude&quot;: -34.08581491,
        &quot;Longitude&quot;: 18.82089072
      }
    },
    {
      &quot;attributes&quot;: {
        &quot;Precincts&quot;: &quot;Somerset West Phase 3&quot;,
        &quot;Quickbase_Status&quot;: &quot;WIP&quot;,
        &quot;QBRecordID&quot;: 14288,
        &quot;Third_Party_Dependant_For_Conne&quot;: null,
        &quot;Latitude&quot;: -34.08591832,
        &quot;Longitude&quot;: 18.82103918
      }
    },
    {
      &quot;attributes&quot;: {
        &quot;Precincts&quot;: &quot;Somerset West Phase 3&quot;,
        &quot;Quickbase_Status&quot;: &quot;WIP&quot;,
        &quot;QBRecordID&quot;: 14289,
        &quot;Third_Party_Dependant_For_Conne&quot;: null,
        &quot;Latitude&quot;: -34.08592819,
        &quot;Longitude&quot;: 18.82122687
      }
    },
    {
      &quot;attributes&quot;: {
        &quot;Precincts&quot;: &quot;Somerset West Phase 3&quot;,
        &quot;Quickbase_Status&quot;: &quot;WIP&quot;,
        &quot;QBRecordID&quot;: 14290,
        &quot;Third_Party_Dependant_For_Conne&quot;: null,
        &quot;Latitude&quot;: -34.0856519,
        &quot;Longitude&quot;: 18.82131301
      }
    },
    {
      &quot;attributes&quot;: {
        &quot;Precincts&quot;: &quot;Somerset West Phase 3&quot;,
        &quot;Quickbase_Status&quot;: &quot;WIP&quot;,
        &quot;QBRecordID&quot;: 14291,
        &quot;Third_Party_Dependant_For_Conne&quot;: null,
        &quot;Latitude&quot;: -34.08554557,
        &quot;Longitude&quot;: 18.82156792
      }
    },
    {
      &quot;attributes&quot;: {
        &quot;Precincts&quot;: &quot;Somerset West Phase 3&quot;,
        &quot;Quickbase_Status&quot;: &quot;WIP&quot;,
        &quot;QBRecordID&quot;: 14292,
        &quot;Third_Party_Dependant_For_Conne&quot;: null,
        &quot;Latitude&quot;: -34.08564677,
        &quot;Longitude&quot;: 18.82178375
      }
    },
    {
      &quot;attributes&quot;: {
        &quot;Precincts&quot;: &quot;Somerset West Phase 3&quot;,
        &quot;Quickbase_Status&quot;: &quot;WIP&quot;,
        &quot;QBRecordID&quot;: 14293,
        &quot;Third_Party_Dependant_For_Conne&quot;: null,
        &quot;Latitude&quot;: -34.08605499,
        &quot;Longitude&quot;: 18.82130727
      }
    },
    {
      &quot;attributes&quot;: {
        &quot;Precincts&quot;: &quot;Somerset West Phase 1&quot;,
        &quot;Quickbase_Status&quot;: &quot;WIP&quot;,
        &quot;QBRecordID&quot;: 14344,
        &quot;Third_Party_Dependant_For_Conne&quot;: null,
        &quot;Latitude&quot;: -34.07503414,
        &quot;Longitude&quot;: 18.81339813
      }
    },
    {
      &quot;attributes&quot;: {
        &quot;Precincts&quot;: &quot;Somerset West Phase 3&quot;,
        &quot;Quickbase_Status&quot;: &quot;WIP&quot;,
        &quot;QBRecordID&quot;: 71556,
        &quot;Third_Party_Dependant_For_Conne&quot;: null,
        &quot;Latitude&quot;: -34.08504903,
        &quot;Longitude&quot;: 18.8207738
      }
    },
    {
      &quot;attributes&quot;: {
        &quot;Precincts&quot;: &quot;Somerset West Phase 1&quot;,
        &quot;Quickbase_Status&quot;: &quot;WIP&quot;,
        &quot;QBRecordID&quot;: 14326,
        &quot;Third_Party_Dependant_For_Conne&quot;: null,
        &quot;Latitude&quot;: -34.07960672,
        &quot;Longitude&quot;: 18.8172231
      }
    },
    {
      &quot;attributes&quot;: {
        &quot;Precincts&quot;: &quot;CPT CBD Phase 12&quot;,
        &quot;Quickbase_Status&quot;: &quot;WIP&quot;,
        &quot;QBRecordID&quot;: 3659,
        &quot;Third_Party_Dependant_For_Conne&quot;: null,
        &quot;Latitude&quot;: -33.92122558,
        &quot;Longitude&quot;: 18.42895327
      }
    },
    {
      &quot;attributes&quot;: {
        &quot;Precincts&quot;: &quot;CPT CBD Phase 10&quot;,
        &quot;Quickbase_Status&quot;: &quot;WIP&quot;,
        &quot;QBRecordID&quot;: 7077,
        &quot;Third_Party_Dependant_For_Conne&quot;: null,
        &quot;Latitude&quot;: -33.92494789,
        &quot;Longitude&quot;: 18.4218475
      }
    },
    {
      &quot;attributes&quot;: {
        &quot;Precincts&quot;: &quot;CPT CBD Phase 08&quot;,
        &quot;Quickbase_Status&quot;: &quot;WIP&quot;,
        &quot;QBRecordID&quot;: 3305,
        &quot;Third_Party_Dependant_For_Conne&quot;: null,
        &quot;Latitude&quot;: -33.91869051,
        &quot;Longitude&quot;: 18.42041541
      }
    }
  ]
}

Response body doesn&#039;t match expectation.
Expected: a string containing &quot;Planned&quot;
  Actual: {
  &quot;displayFieldName&quot;: &quot;Building_Name&quot;,
  &quot;fieldAliases&quot;: {
    &quot;Precincts&quot;: &quot;Precinct&quot;,
    &quot;Quickbase_Status&quot;: &quot;Status&quot;,
    &quot;QBRecordID&quot;: &quot;RecordID&quot;,
    &quot;Third_Party_Dependant_For_Conne&quot;: &quot;Third Party&quot;,
    &quot;Latitude&quot;: &quot;Latitude&quot;,
    &quot;Longitude&quot;: &quot;Longitude&quot;
  },
  &quot;fields&quot;: [
    {
      &quot;name&quot;: &quot;Precincts&quot;,
      &quot;type&quot;: &quot;esriFieldTypeString&quot;,
      &quot;alias&quot;: &quot;Precinct&quot;,
      &quot;length&quot;: 100
    },
    {
      &quot;name&quot;: &quot;Quickbase_Status&quot;,
      &quot;type&quot;: &quot;esriFieldTypeString&quot;,
      &quot;alias&quot;: &quot;Status&quot;,
      &quot;length&quot;: 100
    },
    {
      &quot;name&quot;: &quot;QBRecordID&quot;,
      &quot;type&quot;: &quot;esriFieldTypeInteger&quot;,
      &quot;alias&quot;: &quot;RecordID&quot;
    },
    {
      &quot;name&quot;: &quot;Third_Party_Dependant_For_Conne&quot;,
      &quot;type&quot;: &quot;esriFieldTypeString&quot;,
      &quot;alias&quot;: &quot;Third Party&quot;,
      &quot;length&quot;: 50
    },
    {
      &quot;name&quot;: &quot;Latitude&quot;,
      &quot;type&quot;: &quot;esriFieldTypeDouble&quot;,
      &quot;alias&quot;: &quot;Latitude&quot;
    },
    {
      &quot;name&quot;: &quot;Longitude&quot;,
      &quot;type&quot;: &quot;esriFieldTypeDouble&quot;,
      &quot;alias&quot;: &quot;Longitude&quot;
    }
  ],
  &quot;features&quot;: [
    {
      &quot;attributes&quot;: {
        &quot;Precincts&quot;: &quot;James Crescent&quot;,
        &quot;Quickbase_Status&quot;: &quot;WIP&quot;,
        &quot;QBRecordID&quot;: 0,
        &quot;Third_Party_Dependant_For_Conne&quot;: null,
        &quot;Latitude&quot;: -26.00994049,
        &quot;Longitude&quot;: 28.12529723
      }
    },
    {
      &quot;attributes&quot;: {
        &quot;Precincts&quot;: &quot;James Crescent&quot;,
        &quot;Quickbase_Status&quot;: &quot;WIP&quot;,
        &quot;QBRecordID&quot;: 0,
        &quot;Third_Party_Dependant_For_Conne&quot;: null,
        &quot;Latitude&quot;: -26.00903551,
        &quot;Longitude&quot;: 28.12612056
      }
    },
    {
      &quot;attributes&quot;: {
        &quot;Precincts&quot;: &quot;James Crescent&quot;,
        &quot;Quickbase_Status&quot;: &quot;WIP&quot;,
        &quot;QBRecordID&quot;: 0,
        &quot;Third_Party_Dependant_For_Conne&quot;: null,
        &quot;Latitude&quot;: -26.00934933,
        &quot;Longitude&quot;: 28.12431724
      }
    },
    {
      &quot;attributes&quot;: {
        &quot;Precincts&quot;: &quot;James Crescent&quot;,
        &quot;Quickbase_Status&quot;: &quot;WIP&quot;,
        &quot;QBRecordID&quot;: 0,
        &quot;Third_Party_Dependant_For_Conne&quot;: null,
        &quot;Latitude&quot;: -26.00971373,
        &quot;Longitude&quot;: 28.12569879
      }
    },
    {
      &quot;attributes&quot;: {
        &quot;Precincts&quot;: &quot;James Crescent&quot;,
        &quot;Quickbase_Status&quot;: &quot;WIP&quot;,
        &quot;QBRecordID&quot;: 0,
        &quot;Third_Party_Dependant_For_Conne&quot;: null,
        &quot;Latitude&quot;: -26.00978831,
        &quot;Longitude&quot;: 28.12593694
      }
    },
    {
      &quot;attributes&quot;: {
        &quot;Precincts&quot;: &quot;CPT CBD Phase 02&quot;,
        &quot;Quickbase_Status&quot;: &quot;WIP&quot;,
        &quot;QBRecordID&quot;: 3087,
        &quot;Third_Party_Dependant_For_Conne&quot;: null,
        &quot;Latitude&quot;: -33.92183198,
        &quot;Longitude&quot;: 18.4343656
      }
    },
    {
      &quot;attributes&quot;: {
        &quot;Precincts&quot;: &quot;CPT CBD Phase 02&quot;,
        &quot;Quickbase_Status&quot;: &quot;WIP&quot;,
        &quot;QBRecordID&quot;: 3088,
        &quot;Third_Party_Dependant_For_Conne&quot;: null,
        &quot;Latitude&quot;: -33.92159384,
        &quot;Longitude&quot;: 18.43367447
      }
    },
    {
      &quot;attributes&quot;: {
        &quot;Precincts&quot;: &quot;Richards Drive&quot;,
        &quot;Quickbase_Status&quot;: &quot;WIP&quot;,
        &quot;QBRecordID&quot;: 2677,
        &quot;Third_Party_Dependant_For_Conne&quot;: null,
        &quot;Latitude&quot;: -26.01419999,
        &quot;Longitude&quot;: 28.12279165
      }
    },
    {
      &quot;attributes&quot;: {
        &quot;Precincts&quot;: &quot;Umhlanga (Phase 3)&quot;,
        &quot;Quickbase_Status&quot;: &quot;WIP&quot;,
        &quot;QBRecordID&quot;: 2810,
        &quot;Third_Party_Dependant_For_Conne&quot;: null,
        &quot;Latitude&quot;: -29.74228065,
        &quot;Longitude&quot;: 31.06736902
      }
    },
    {
      &quot;attributes&quot;: {
        &quot;Precincts&quot;: &quot;Sandton Phase 2&quot;,
        &quot;Quickbase_Status&quot;: &quot;WIP&quot;,
        &quot;QBRecordID&quot;: 2950,
        &quot;Third_Party_Dependant_For_Conne&quot;: null,
        &quot;Latitude&quot;: -26.10731505,
        &quot;Longitude&quot;: 28.05198139
      }
    },
    {
      &quot;attributes&quot;: {
        &quot;Precincts&quot;: &quot;James Crescent&quot;,
        &quot;Quickbase_Status&quot;: &quot;WIP&quot;,
        &quot;QBRecordID&quot;: 2141,
        &quot;Third_Party_Dependant_For_Conne&quot;: null,
        &quot;Latitude&quot;: -26.00942818,
        &quot;Longitude&quot;: 28.12487026
      }
    },
    {
      &quot;attributes&quot;: {
        &quot;Precincts&quot;: &quot;James Crescent&quot;,
        &quot;Quickbase_Status&quot;: &quot;WIP&quot;,
        &quot;QBRecordID&quot;: 2142,
        &quot;Third_Party_Dependant_For_Conne&quot;: null,
        &quot;Latitude&quot;: -26.00903231,
        &quot;Longitude&quot;: 28.12508206
      }
    },
    {
      &quot;attributes&quot;: {
        &quot;Precincts&quot;: &quot;James Crescent&quot;,
        &quot;Quickbase_Status&quot;: &quot;WIP&quot;,
        &quot;QBRecordID&quot;: 2140,
        &quot;Third_Party_Dependant_For_Conne&quot;: null,
        &quot;Latitude&quot;: -26.00914232,
        &quot;Longitude&quot;: 28.12441577
      }
    },
    {
      &quot;attributes&quot;: {
        &quot;Precincts&quot;: &quot;CPT CBD Phase 02&quot;,
        &quot;Quickbase_Status&quot;: &quot;WIP&quot;,
        &quot;QBRecordID&quot;: 3089,
        &quot;Third_Party_Dependant_For_Conne&quot;: null,
        &quot;Latitude&quot;: -33.92095507,
        &quot;Longitude&quot;: 18.43429863
      }
    },
    {
      &quot;attributes&quot;: {
        &quot;Precincts&quot;: &quot;Sandton Phase 2&quot;,
        &quot;Quickbase_Status&quot;: &quot;WIP&quot;,
        &quot;QBRecordID&quot;: 4033,
        &quot;Third_Party_Dependant_For_Conne&quot;: null,
        &quot;Latitude&quot;: -26.10445009,
        &quot;Longitude&quot;: 28.05483701
      }
    },
    {
      &quot;attributes&quot;: {
        &quot;Precincts&quot;: &quot;Umhlanga (Phase 3)&quot;,
        &quot;Quickbase_Status&quot;: &quot;WIP&quot;,
        &quot;QBRecordID&quot;: 2775,
        &quot;Third_Party_Dependant_For_Conne&quot;: null,
        &quot;Latitude&quot;: -29.73533004,
        &quot;Longitude&quot;: 31.07030524
      }
    },
    {
      &quot;attributes&quot;: {
        &quot;Precincts&quot;: &quot;James Crescent&quot;,
        &quot;Quickbase_Status&quot;: &quot;WIP&quot;,
        &quot;QBRecordID&quot;: 2139,
        &quot;Third_Party_Dependant_For_Conne&quot;: null,
        &quot;Latitude&quot;: -26.0087647,
        &quot;Longitude&quot;: 28.12465126
      }
    },
    {
      &quot;attributes&quot;: {
        &quot;Precincts&quot;: &quot;Richards Drive&quot;,
        &quot;Quickbase_Status&quot;: &quot;WIP&quot;,
        &quot;QBRecordID&quot;: 2676,
        &quot;Third_Party_Dependant_For_Conne&quot;: null,
        &quot;Latitude&quot;: -26.01402779,
        &quot;Longitude&quot;: 28.12251169
      }
    },
    {
      &quot;attributes&quot;: {
        &quot;Precincts&quot;: &quot;TechnoPark&quot;,
        &quot;Quickbase_Status&quot;: &quot;WIP&quot;,
        &quot;QBRecordID&quot;: 880,
        &quot;Third_Party_Dependant_For_Conne&quot;: null,
        &quot;Latitude&quot;: -33.96447592,
        &quot;Longitude&quot;: 18.84013075
      }
    },
    {
      &quot;attributes&quot;: {
        &quot;Precincts&quot;: &quot;CPT CBD Phase 02&quot;,
        &quot;Quickbase_Status&quot;: &quot;WIP&quot;,
        &quot;QBRecordID&quot;: 3095,
        &quot;Third_Party_Dependant_For_Conne&quot;: null,
        &quot;Latitude&quot;: -33.91974945,
        &quot;Longitude&quot;: 18.43269626
      }
    },
    {
      &quot;attributes&quot;: {
        &quot;Precincts&quot;: &quot;Centurion CBD 1&quot;,
        &quot;Quickbase_Status&quot;: &quot;WIP&quot;,
        &quot;QBRecordID&quot;: 6307,
        &quot;Third_Party_Dependant_For_Conne&quot;: null,
        &quot;Latitude&quot;: -25.86246047,
        &quot;Longitude&quot;: 28.18597825
      }
    },
    {
      &quot;attributes&quot;: {
        &quot;Precincts&quot;: &quot;CPT CBD Phase 03&quot;,
        &quot;Quickbase_Status&quot;: &quot;WIP&quot;,
        &quot;QBRecordID&quot;: 3151,
        &quot;Third_Party_Dependant_For_Conne&quot;: null,
        &quot;Latitude&quot;: -33.92663577,
        &quot;Longitude&quot;: 18.41584313
      }
    },
    {
      &quot;attributes&quot;: {
        &quot;Precincts&quot;: &quot;Lagoon Drive&quot;,
        &quot;Quickbase_Status&quot;: &quot;WIP&quot;,
        &quot;QBRecordID&quot;: 7604,
        &quot;Third_Party_Dependant_For_Conne&quot;: null,
        &quot;Latitude&quot;: -29.72275812,
        &quot;Longitude&quot;: 31.08787322
      }
    },
    {
      &quot;attributes&quot;: {
        &quot;Precincts&quot;: &quot;Lagoon Drive&quot;,
        &quot;Quickbase_Status&quot;: &quot;WIP&quot;,
        &quot;QBRecordID&quot;: 7599,
        &quot;Third_Party_Dependant_For_Conne&quot;: null,
        &quot;Latitude&quot;: -29.72550709,
        &quot;Longitude&quot;: 31.08791996
      }
    },
    {
      &quot;attributes&quot;: {
        &quot;Precincts&quot;: &quot;Lagoon Drive&quot;,
        &quot;Quickbase_Status&quot;: &quot;WIP&quot;,
        &quot;QBRecordID&quot;: 7622,
        &quot;Third_Party_Dependant_For_Conne&quot;: null,
        &quot;Latitude&quot;: -29.72759557,
        &quot;Longitude&quot;: 31.08766995
      }
    },
    {
      &quot;attributes&quot;: {
        &quot;Precincts&quot;: &quot;Meridian Drive&quot;,
        &quot;Quickbase_Status&quot;: &quot;WIP&quot;,
        &quot;QBRecordID&quot;: 7444,
        &quot;Third_Party_Dependant_For_Conne&quot;: null,
        &quot;Latitude&quot;: -29.72143294,
        &quot;Longitude&quot;: 31.06206762
      }
    },
    {
      &quot;attributes&quot;: {
        &quot;Precincts&quot;: &quot;Meridian Drive&quot;,
        &quot;Quickbase_Status&quot;: &quot;WIP&quot;,
        &quot;QBRecordID&quot;: 94706,
        &quot;Third_Party_Dependant_For_Conne&quot;: null,
        &quot;Latitude&quot;: -29.72861012,
        &quot;Longitude&quot;: 31.06906933
      }
    },
    {
      &quot;attributes&quot;: {
        &quot;Precincts&quot;: &quot;Somerset West Phase 3&quot;,
        &quot;Quickbase_Status&quot;: &quot;WIP&quot;,
        &quot;QBRecordID&quot;: 14281,
        &quot;Third_Party_Dependant_For_Conne&quot;: null,
        &quot;Latitude&quot;: -34.08550676,
        &quot;Longitude&quot;: 18.82069851
      }
    },
    {
      &quot;attributes&quot;: {
        &quot;Precincts&quot;: &quot;Somerset West Phase 3&quot;,
        &quot;Quickbase_Status&quot;: &quot;WIP&quot;,
        &quot;QBRecordID&quot;: 14282,
        &quot;Third_Party_Dependant_For_Conne&quot;: null,
        &quot;Latitude&quot;: -34.08537601,
        &quot;Longitude&quot;: 18.82107843
      }
    },
    {
      &quot;attributes&quot;: {
        &quot;Precincts&quot;: &quot;Somerset West Phase 3&quot;,
        &quot;Quickbase_Status&quot;: &quot;WIP&quot;,
        &quot;QBRecordID&quot;: 14283,
        &quot;Third_Party_Dependant_For_Conne&quot;: null,
        &quot;Latitude&quot;: -34.08522629,
        &quot;Longitude&quot;: 18.82146308
      }
    },
    {
      &quot;attributes&quot;: {
        &quot;Precincts&quot;: &quot;Somerset West Phase 3&quot;,
        &quot;Quickbase_Status&quot;: &quot;WIP&quot;,
        &quot;QBRecordID&quot;: 14284,
        &quot;Third_Party_Dependant_For_Conne&quot;: null,
        &quot;Latitude&quot;: -34.08518921,
        &quot;Longitude&quot;: 18.82172604
      }
    },
    {
      &quot;attributes&quot;: {
        &quot;Precincts&quot;: &quot;Somerset West Phase 3&quot;,
        &quot;Quickbase_Status&quot;: &quot;WIP&quot;,
        &quot;QBRecordID&quot;: 14285,
        &quot;Third_Party_Dependant_For_Conne&quot;: null,
        &quot;Latitude&quot;: -34.08526621,
        &quot;Longitude&quot;: 18.82190992
      }
    },
    {
      &quot;attributes&quot;: {
        &quot;Precincts&quot;: &quot;Somerset West Phase 3&quot;,
        &quot;Quickbase_Status&quot;: &quot;WIP&quot;,
        &quot;QBRecordID&quot;: 14286,
        &quot;Third_Party_Dependant_For_Conne&quot;: null,
        &quot;Latitude&quot;: -34.08535143,
        &quot;Longitude&quot;: 18.82214425
      }
    },
    {
      &quot;attributes&quot;: {
        &quot;Precincts&quot;: &quot;Somerset West Phase 3&quot;,
        &quot;Quickbase_Status&quot;: &quot;WIP&quot;,
        &quot;QBRecordID&quot;: 14287,
        &quot;Third_Party_Dependant_For_Conne&quot;: null,
        &quot;Latitude&quot;: -34.08581491,
        &quot;Longitude&quot;: 18.82089072
      }
    },
    {
      &quot;attributes&quot;: {
        &quot;Precincts&quot;: &quot;Somerset West Phase 3&quot;,
        &quot;Quickbase_Status&quot;: &quot;WIP&quot;,
        &quot;QBRecordID&quot;: 14288,
        &quot;Third_Party_Dependant_For_Conne&quot;: null,
        &quot;Latitude&quot;: -34.08591832,
        &quot;Longitude&quot;: 18.82103918
      }
    },
    {
      &quot;attributes&quot;: {
        &quot;Precincts&quot;: &quot;Somerset West Phase 3&quot;,
        &quot;Quickbase_Status&quot;: &quot;WIP&quot;,
        &quot;QBRecordID&quot;: 14289,
        &quot;Third_Party_Dependant_For_Conne&quot;: null,
        &quot;Latitude&quot;: -34.08592819,
        &quot;Longitude&quot;: 18.82122687
      }
    },
    {
      &quot;attributes&quot;: {
        &quot;Precincts&quot;: &quot;Somerset West Phase 3&quot;,
        &quot;Quickbase_Status&quot;: &quot;WIP&quot;,
        &quot;QBRecordID&quot;: 14290,
        &quot;Third_Party_Dependant_For_Conne&quot;: null,
        &quot;Latitude&quot;: -34.0856519,
        &quot;Longitude&quot;: 18.82131301
      }
    },
    {
      &quot;attributes&quot;: {
        &quot;Precincts&quot;: &quot;Somerset West Phase 3&quot;,
        &quot;Quickbase_Status&quot;: &quot;WIP&quot;,
        &quot;QBRecordID&quot;: 14291,
        &quot;Third_Party_Dependant_For_Conne&quot;: null,
        &quot;Latitude&quot;: -34.08554557,
        &quot;Longitude&quot;: 18.82156792
      }
    },
    {
      &quot;attributes&quot;: {
        &quot;Precincts&quot;: &quot;Somerset West Phase 3&quot;,
        &quot;Quickbase_Status&quot;: &quot;WIP&quot;,
        &quot;QBRecordID&quot;: 14292,
        &quot;Third_Party_Dependant_For_Conne&quot;: null,
        &quot;Latitude&quot;: -34.08564677,
        &quot;Longitude&quot;: 18.82178375
      }
    },
    {
      &quot;attributes&quot;: {
        &quot;Precincts&quot;: &quot;Somerset West Phase 3&quot;,
        &quot;Quickbase_Status&quot;: &quot;WIP&quot;,
        &quot;QBRecordID&quot;: 14293,
        &quot;Third_Party_Dependant_For_Conne&quot;: null,
        &quot;Latitude&quot;: -34.08605499,
        &quot;Longitude&quot;: 18.82130727
      }
    },
    {
      &quot;attributes&quot;: {
        &quot;Precincts&quot;: &quot;Somerset West Phase 1&quot;,
        &quot;Quickbase_Status&quot;: &quot;WIP&quot;,
        &quot;QBRecordID&quot;: 14344,
        &quot;Third_Party_Dependant_For_Conne&quot;: null,
        &quot;Latitude&quot;: -34.07503414,
        &quot;Longitude&quot;: 18.81339813
      }
    },
    {
      &quot;attributes&quot;: {
        &quot;Precincts&quot;: &quot;Somerset West Phase 3&quot;,
        &quot;Quickbase_Status&quot;: &quot;WIP&quot;,
        &quot;QBRecordID&quot;: 71556,
        &quot;Third_Party_Dependant_For_Conne&quot;: null,
        &quot;Latitude&quot;: -34.08504903,
        &quot;Longitude&quot;: 18.8207738
      }
    },
    {
      &quot;attributes&quot;: {
        &quot;Precincts&quot;: &quot;Somerset West Phase 1&quot;,
        &quot;Quickbase_Status&quot;: &quot;WIP&quot;,
        &quot;QBRecordID&quot;: 14326,
        &quot;Third_Party_Dependant_For_Conne&quot;: null,
        &quot;Latitude&quot;: -34.07960672,
        &quot;Longitude&quot;: 18.8172231
      }
    },
    {
      &quot;attributes&quot;: {
        &quot;Precincts&quot;: &quot;CPT CBD Phase 12&quot;,
        &quot;Quickbase_Status&quot;: &quot;WIP&quot;,
        &quot;QBRecordID&quot;: 3659,
        &quot;Third_Party_Dependant_For_Conne&quot;: null,
        &quot;Latitude&quot;: -33.92122558,
        &quot;Longitude&quot;: 18.42895327
      }
    },
    {
      &quot;attributes&quot;: {
        &quot;Precincts&quot;: &quot;CPT CBD Phase 10&quot;,
        &quot;Quickbase_Status&quot;: &quot;WIP&quot;,
        &quot;QBRecordID&quot;: 7077,
        &quot;Third_Party_Dependant_For_Conne&quot;: null,
        &quot;Latitude&quot;: -33.92494789,
        &quot;Longitude&quot;: 18.4218475
      }
    },
    {
      &quot;attributes&quot;: {
        &quot;Precincts&quot;: &quot;CPT CBD Phase 08&quot;,
        &quot;Quickbase_Status&quot;: &quot;WIP&quot;,
        &quot;QBRecordID&quot;: 3305,
        &quot;Third_Party_Dependant_For_Conne&quot;: null,
        &quot;Latitude&quot;: -33.91869051,
        &quot;Longitude&quot;: 18.42041541
      }
    }
  ]
}
" type="java.lang.AssertionError">
      <![CDATA[java.lang.AssertionError: 2 expectations failed.
Response body doesn't match expectation.
Expected: a string containing "Completed"
  Actual: {
  "displayFieldName": "Building_Name",
  "fieldAliases": {
    "Precincts": "Precinct",
    "Quickbase_Status": "Status",
    "QBRecordID": "RecordID",
    "Third_Party_Dependant_For_Conne": "Third Party",
    "Latitude": "Latitude",
    "Longitude": "Longitude"
  },
  "fields": [
    {
      "name": "Precincts",
      "type": "esriFieldTypeString",
      "alias": "Precinct",
      "length": 100
    },
    {
      "name": "Quickbase_Status",
      "type": "esriFieldTypeString",
      "alias": "Status",
      "length": 100
    },
    {
      "name": "QBRecordID",
      "type": "esriFieldTypeInteger",
      "alias": "RecordID"
    },
    {
      "name": "Third_Party_Dependant_For_Conne",
      "type": "esriFieldTypeString",
      "alias": "Third Party",
      "length": 50
    },
    {
      "name": "Latitude",
      "type": "esriFieldTypeDouble",
      "alias": "Latitude"
    },
    {
      "name": "Longitude",
      "type": "esriFieldTypeDouble",
      "alias": "Longitude"
    }
  ],
  "features": [
    {
      "attributes": {
        "Precincts": "James Crescent",
        "Quickbase_Status": "WIP",
        "QBRecordID": 0,
        "Third_Party_Dependant_For_Conne": null,
        "Latitude": -26.00994049,
        "Longitude": 28.12529723
      }
    },
    {
      "attributes": {
        "Precincts": "James Crescent",
        "Quickbase_Status": "WIP",
        "QBRecordID": 0,
        "Third_Party_Dependant_For_Conne": null,
        "Latitude": -26.00903551,
        "Longitude": 28.12612056
      }
    },
    {
      "attributes": {
        "Precincts": "James Crescent",
        "Quickbase_Status": "WIP",
        "QBRecordID": 0,
        "Third_Party_Dependant_For_Conne": null,
        "Latitude": -26.00934933,
        "Longitude": 28.12431724
      }
    },
    {
      "attributes": {
        "Precincts": "James Crescent",
        "Quickbase_Status": "WIP",
        "QBRecordID": 0,
        "Third_Party_Dependant_For_Conne": null,
        "Latitude": -26.00971373,
        "Longitude": 28.12569879
      }
    },
    {
      "attributes": {
        "Precincts": "James Crescent",
        "Quickbase_Status": "WIP",
        "QBRecordID": 0,
        "Third_Party_Dependant_For_Conne": null,
        "Latitude": -26.00978831,
        "Longitude": 28.12593694
      }
    },
    {
      "attributes": {
        "Precincts": "CPT CBD Phase 02",
        "Quickbase_Status": "WIP",
        "QBRecordID": 3087,
        "Third_Party_Dependant_For_Conne": null,
        "Latitude": -33.92183198,
        "Longitude": 18.4343656
      }
    },
    {
      "attributes": {
        "Precincts": "CPT CBD Phase 02",
        "Quickbase_Status": "WIP",
        "QBRecordID": 3088,
        "Third_Party_Dependant_For_Conne": null,
        "Latitude": -33.92159384,
        "Longitude": 18.43367447
      }
    },
    {
      "attributes": {
        "Precincts": "Richards Drive",
        "Quickbase_Status": "WIP",
        "QBRecordID": 2677,
        "Third_Party_Dependant_For_Conne": null,
        "Latitude": -26.01419999,
        "Longitude": 28.12279165
      }
    },
    {
      "attributes": {
        "Precincts": "Umhlanga (Phase 3)",
        "Quickbase_Status": "WIP",
        "QBRecordID": 2810,
        "Third_Party_Dependant_For_Conne": null,
        "Latitude": -29.74228065,
        "Longitude": 31.06736902
      }
    },
    {
      "attributes": {
        "Precincts": "Sandton Phase 2",
        "Quickbase_Status": "WIP",
        "QBRecordID": 2950,
        "Third_Party_Dependant_For_Conne": null,
        "Latitude": -26.10731505,
        "Longitude": 28.05198139
      }
    },
    {
      "attributes": {
        "Precincts": "James Crescent",
        "Quickbase_Status": "WIP",
        "QBRecordID": 2141,
        "Third_Party_Dependant_For_Conne": null,
        "Latitude": -26.00942818,
        "Longitude": 28.12487026
      }
    },
    {
      "attributes": {
        "Precincts": "James Crescent",
        "Quickbase_Status": "WIP",
        "QBRecordID": 2142,
        "Third_Party_Dependant_For_Conne": null,
        "Latitude": -26.00903231,
        "Longitude": 28.12508206
      }
    },
    {
      "attributes": {
        "Precincts": "James Crescent",
        "Quickbase_Status": "WIP",
        "QBRecordID": 2140,
        "Third_Party_Dependant_For_Conne": null,
        "Latitude": -26.00914232,
        "Longitude": 28.12441577
      }
    },
    {
      "attributes": {
        "Precincts": "CPT CBD Phase 02",
        "Quickbase_Status": "WIP",
        "QBRecordID": 3089,
        "Third_Party_Dependant_For_Conne": null,
        "Latitude": -33.92095507,
        "Longitude": 18.43429863
      }
    },
    {
      "attributes": {
        "Precincts": "Sandton Phase 2",
        "Quickbase_Status": "WIP",
        "QBRecordID": 4033,
        "Third_Party_Dependant_For_Conne": null,
        "Latitude": -26.10445009,
        "Longitude": 28.05483701
      }
    },
    {
      "attributes": {
        "Precincts": "Umhlanga (Phase 3)",
        "Quickbase_Status": "WIP",
        "QBRecordID": 2775,
        "Third_Party_Dependant_For_Conne": null,
        "Latitude": -29.73533004,
        "Longitude": 31.07030524
      }
    },
    {
      "attributes": {
        "Precincts": "James Crescent",
        "Quickbase_Status": "WIP",
        "QBRecordID": 2139,
        "Third_Party_Dependant_For_Conne": null,
        "Latitude": -26.0087647,
        "Longitude": 28.12465126
      }
    },
    {
      "attributes": {
        "Precincts": "Richards Drive",
        "Quickbase_Status": "WIP",
        "QBRecordID": 2676,
        "Third_Party_Dependant_For_Conne": null,
        "Latitude": -26.01402779,
        "Longitude": 28.12251169
      }
    },
    {
      "attributes": {
        "Precincts": "TechnoPark",
        "Quickbase_Status": "WIP",
        "QBRecordID": 880,
        "Third_Party_Dependant_For_Conne": null,
        "Latitude": -33.96447592,
        "Longitude": 18.84013075
      }
    },
    {
      "attributes": {
        "Precincts": "CPT CBD Phase 02",
        "Quickbase_Status": "WIP",
        "QBRecordID": 3095,
        "Third_Party_Dependant_For_Conne": null,
        "Latitude": -33.91974945,
        "Longitude": 18.43269626
      }
    },
    {
      "attributes": {
        "Precincts": "Centurion CBD 1",
        "Quickbase_Status": "WIP",
        "QBRecordID": 6307,
        "Third_Party_Dependant_For_Conne": null,
        "Latitude": -25.86246047,
        "Longitude": 28.18597825
      }
    },
    {
      "attributes": {
        "Precincts": "CPT CBD Phase 03",
        "Quickbase_Status": "WIP",
        "QBRecordID": 3151,
        "Third_Party_Dependant_For_Conne": null,
        "Latitude": -33.92663577,
        "Longitude": 18.41584313
      }
    },
    {
      "attributes": {
        "Precincts": "Lagoon Drive",
        "Quickbase_Status": "WIP",
        "QBRecordID": 7604,
        "Third_Party_Dependant_For_Conne": null,
        "Latitude": -29.72275812,
        "Longitude": 31.08787322
      }
    },
    {
      "attributes": {
        "Precincts": "Lagoon Drive",
        "Quickbase_Status": "WIP",
        "QBRecordID": 7599,
        "Third_Party_Dependant_For_Conne": null,
        "Latitude": -29.72550709,
        "Longitude": 31.08791996
      }
    },
    {
      "attributes": {
        "Precincts": "Lagoon Drive",
        "Quickbase_Status": "WIP",
        "QBRecordID": 7622,
        "Third_Party_Dependant_For_Conne": null,
        "Latitude": -29.72759557,
        "Longitude": 31.08766995
      }
    },
    {
      "attributes": {
        "Precincts": "Meridian Drive",
        "Quickbase_Status": "WIP",
        "QBRecordID": 7444,
        "Third_Party_Dependant_For_Conne": null,
        "Latitude": -29.72143294,
        "Longitude": 31.06206762
      }
    },
    {
      "attributes": {
        "Precincts": "Meridian Drive",
        "Quickbase_Status": "WIP",
        "QBRecordID": 94706,
        "Third_Party_Dependant_For_Conne": null,
        "Latitude": -29.72861012,
        "Longitude": 31.06906933
      }
    },
    {
      "attributes": {
        "Precincts": "Somerset West Phase 3",
        "Quickbase_Status": "WIP",
        "QBRecordID": 14281,
        "Third_Party_Dependant_For_Conne": null,
        "Latitude": -34.08550676,
        "Longitude": 18.82069851
      }
    },
    {
      "attributes": {
        "Precincts": "Somerset West Phase 3",
        "Quickbase_Status": "WIP",
        "QBRecordID": 14282,
        "Third_Party_Dependant_For_Conne": null,
        "Latitude": -34.08537601,
        "Longitude": 18.82107843
      }
    },
    {
      "attributes": {
        "Precincts": "Somerset West Phase 3",
        "Quickbase_Status": "WIP",
        "QBRecordID": 14283,
        "Third_Party_Dependant_For_Conne": null,
        "Latitude": -34.08522629,
        "Longitude": 18.82146308
      }
    },
    {
      "attributes": {
        "Precincts": "Somerset West Phase 3",
        "Quickbase_Status": "WIP",
        "QBRecordID": 14284,
        "Third_Party_Dependant_For_Conne": null,
        "Latitude": -34.08518921,
        "Longitude": 18.82172604
      }
    },
    {
      "attributes": {
        "Precincts": "Somerset West Phase 3",
        "Quickbase_Status": "WIP",
        "QBRecordID": 14285,
        "Third_Party_Dependant_For_Conne": null,
        "Latitude": -34.08526621,
        "Longitude": 18.82190992
      }
    },
    {
      "attributes": {
        "Precincts": "Somerset West Phase 3",
        "Quickbase_Status": "WIP",
        "QBRecordID": 14286,
        "Third_Party_Dependant_For_Conne": null,
        "Latitude": -34.08535143,
        "Longitude": 18.82214425
      }
    },
    {
      "attributes": {
        "Precincts": "Somerset West Phase 3",
        "Quickbase_Status": "WIP",
        "QBRecordID": 14287,
        "Third_Party_Dependant_For_Conne": null,
        "Latitude": -34.08581491,
        "Longitude": 18.82089072
      }
    },
    {
      "attributes": {
        "Precincts": "Somerset West Phase 3",
        "Quickbase_Status": "WIP",
        "QBRecordID": 14288,
        "Third_Party_Dependant_For_Conne": null,
        "Latitude": -34.08591832,
        "Longitude": 18.82103918
      }
    },
    {
      "attributes": {
        "Precincts": "Somerset West Phase 3",
        "Quickbase_Status": "WIP",
        "QBRecordID": 14289,
        "Third_Party_Dependant_For_Conne": null,
        "Latitude": -34.08592819,
        "Longitude": 18.82122687
      }
    },
    {
      "attributes": {
        "Precincts": "Somerset West Phase 3",
        "Quickbase_Status": "WIP",
        "QBRecordID": 14290,
        "Third_Party_Dependant_For_Conne": null,
        "Latitude": -34.0856519,
        "Longitude": 18.82131301
      }
    },
    {
      "attributes": {
        "Precincts": "Somerset West Phase 3",
        "Quickbase_Status": "WIP",
        "QBRecordID": 14291,
        "Third_Party_Dependant_For_Conne": null,
        "Latitude": -34.08554557,
        "Longitude": 18.82156792
      }
    },
    {
      "attributes": {
        "Precincts": "Somerset West Phase 3",
        "Quickbase_Status": "WIP",
        "QBRecordID": 14292,
        "Third_Party_Dependant_For_Conne": null,
        "Latitude": -34.08564677,
        "Longitude": 18.82178375
      }
    },
    {
      "attributes": {
        "Precincts": "Somerset West Phase 3",
        "Quickbase_Status": "WIP",
        "QBRecordID": 14293,
        "Third_Party_Dependant_For_Conne": null,
        "Latitude": -34.08605499,
        "Longitude": 18.82130727
      }
    },
    {
      "attributes": {
        "Precincts": "Somerset West Phase 1",
        "Quickbase_Status": "WIP",
        "QBRecordID": 14344,
        "Third_Party_Dependant_For_Conne": null,
        "Latitude": -34.07503414,
        "Longitude": 18.81339813
      }
    },
    {
      "attributes": {
        "Precincts": "Somerset West Phase 3",
        "Quickbase_Status": "WIP",
        "QBRecordID": 71556,
        "Third_Party_Dependant_For_Conne": null,
        "Latitude": -34.08504903,
        "Longitude": 18.8207738
      }
    },
    {
      "attributes": {
        "Precincts": "Somerset West Phase 1",
        "Quickbase_Status": "WIP",
        "QBRecordID": 14326,
        "Third_Party_Dependant_For_Conne": null,
        "Latitude": -34.07960672,
        "Longitude": 18.8172231
      }
    },
    {
      "attributes": {
        "Precincts": "CPT CBD Phase 12",
        "Quickbase_Status": "WIP",
        "QBRecordID": 3659,
        "Third_Party_Dependant_For_Conne": null,
        "Latitude": -33.92122558,
        "Longitude": 18.42895327
      }
    },
    {
      "attributes": {
        "Precincts": "CPT CBD Phase 10",
        "Quickbase_Status": "WIP",
        "QBRecordID": 7077,
        "Third_Party_Dependant_For_Conne": null,
        "Latitude": -33.92494789,
        "Longitude": 18.4218475
      }
    },
    {
      "attributes": {
        "Precincts": "CPT CBD Phase 08",
        "Quickbase_Status": "WIP",
        "QBRecordID": 3305,
        "Third_Party_Dependant_For_Conne": null,
        "Latitude": -33.91869051,
        "Longitude": 18.42041541
      }
    }
  ]
}

Response body doesn't match expectation.
Expected: a string containing "Planned"
  Actual: {
  "displayFieldName": "Building_Name",
  "fieldAliases": {
    "Precincts": "Precinct",
    "Quickbase_Status": "Status",
    "QBRecordID": "RecordID",
    "Third_Party_Dependant_For_Conne": "Third Party",
    "Latitude": "Latitude",
    "Longitude": "Longitude"
  },
  "fields": [
    {
      "name": "Precincts",
      "type": "esriFieldTypeString",
      "alias": "Precinct",
      "length": 100
    },
    {
      "name": "Quickbase_Status",
      "type": "esriFieldTypeString",
      "alias": "Status",
      "length": 100
    },
    {
      "name": "QBRecordID",
      "type": "esriFieldTypeInteger",
      "alias": "RecordID"
    },
    {
      "name": "Third_Party_Dependant_For_Conne",
      "type": "esriFieldTypeString",
      "alias": "Third Party",
      "length": 50
    },
    {
      "name": "Latitude",
      "type": "esriFieldTypeDouble",
      "alias": "Latitude"
    },
    {
      "name": "Longitude",
      "type": "esriFieldTypeDouble",
      "alias": "Longitude"
    }
  ],
  "features": [
    {
      "attributes": {
        "Precincts": "James Crescent",
        "Quickbase_Status": "WIP",
        "QBRecordID": 0,
        "Third_Party_Dependant_For_Conne": null,
        "Latitude": -26.00994049,
        "Longitude": 28.12529723
      }
    },
    {
      "attributes": {
        "Precincts": "James Crescent",
        "Quickbase_Status": "WIP",
        "QBRecordID": 0,
        "Third_Party_Dependant_For_Conne": null,
        "Latitude": -26.00903551,
        "Longitude": 28.12612056
      }
    },
    {
      "attributes": {
        "Precincts": "James Crescent",
        "Quickbase_Status": "WIP",
        "QBRecordID": 0,
        "Third_Party_Dependant_For_Conne": null,
        "Latitude": -26.00934933,
        "Longitude": 28.12431724
      }
    },
    {
      "attributes": {
        "Precincts": "James Crescent",
        "Quickbase_Status": "WIP",
        "QBRecordID": 0,
        "Third_Party_Dependant_For_Conne": null,
        "Latitude": -26.00971373,
        "Longitude": 28.12569879
      }
    },
    {
      "attributes": {
        "Precincts": "James Crescent",
        "Quickbase_Status": "WIP",
        "QBRecordID": 0,
        "Third_Party_Dependant_For_Conne": null,
        "Latitude": -26.00978831,
        "Longitude": 28.12593694
      }
    },
    {
      "attributes": {
        "Precincts": "CPT CBD Phase 02",
        "Quickbase_Status": "WIP",
        "QBRecordID": 3087,
        "Third_Party_Dependant_For_Conne": null,
        "Latitude": -33.92183198,
        "Longitude": 18.4343656
      }
    },
    {
      "attributes": {
        "Precincts": "CPT CBD Phase 02",
        "Quickbase_Status": "WIP",
        "QBRecordID": 3088,
        "Third_Party_Dependant_For_Conne": null,
        "Latitude": -33.92159384,
        "Longitude": 18.43367447
      }
    },
    {
      "attributes": {
        "Precincts": "Richards Drive",
        "Quickbase_Status": "WIP",
        "QBRecordID": 2677,
        "Third_Party_Dependant_For_Conne": null,
        "Latitude": -26.01419999,
        "Longitude": 28.12279165
      }
    },
    {
      "attributes": {
        "Precincts": "Umhlanga (Phase 3)",
        "Quickbase_Status": "WIP",
        "QBRecordID": 2810,
        "Third_Party_Dependant_For_Conne": null,
        "Latitude": -29.74228065,
        "Longitude": 31.06736902
      }
    },
    {
      "attributes": {
        "Precincts": "Sandton Phase 2",
        "Quickbase_Status": "WIP",
        "QBRecordID": 2950,
        "Third_Party_Dependant_For_Conne": null,
        "Latitude": -26.10731505,
        "Longitude": 28.05198139
      }
    },
    {
      "attributes": {
        "Precincts": "James Crescent",
        "Quickbase_Status": "WIP",
        "QBRecordID": 2141,
        "Third_Party_Dependant_For_Conne": null,
        "Latitude": -26.00942818,
        "Longitude": 28.12487026
      }
    },
    {
      "attributes": {
        "Precincts": "James Crescent",
        "Quickbase_Status": "WIP",
        "QBRecordID": 2142,
        "Third_Party_Dependant_For_Conne": null,
        "Latitude": -26.00903231,
        "Longitude": 28.12508206
      }
    },
    {
      "attributes": {
        "Precincts": "James Crescent",
        "Quickbase_Status": "WIP",
        "QBRecordID": 2140,
        "Third_Party_Dependant_For_Conne": null,
        "Latitude": -26.00914232,
        "Longitude": 28.12441577
      }
    },
    {
      "attributes": {
        "Precincts": "CPT CBD Phase 02",
        "Quickbase_Status": "WIP",
        "QBRecordID": 3089,
        "Third_Party_Dependant_For_Conne": null,
        "Latitude": -33.92095507,
        "Longitude": 18.43429863
      }
    },
    {
      "attributes": {
        "Precincts": "Sandton Phase 2",
        "Quickbase_Status": "WIP",
        "QBRecordID": 4033,
        "Third_Party_Dependant_For_Conne": null,
        "Latitude": -26.10445009,
        "Longitude": 28.05483701
      }
    },
    {
      "attributes": {
        "Precincts": "Umhlanga (Phase 3)",
        "Quickbase_Status": "WIP",
        "QBRecordID": 2775,
        "Third_Party_Dependant_For_Conne": null,
        "Latitude": -29.73533004,
        "Longitude": 31.07030524
      }
    },
    {
      "attributes": {
        "Precincts": "James Crescent",
        "Quickbase_Status": "WIP",
        "QBRecordID": 2139,
        "Third_Party_Dependant_For_Conne": null,
        "Latitude": -26.0087647,
        "Longitude": 28.12465126
      }
    },
    {
      "attributes": {
        "Precincts": "Richards Drive",
        "Quickbase_Status": "WIP",
        "QBRecordID": 2676,
        "Third_Party_Dependant_For_Conne": null,
        "Latitude": -26.01402779,
        "Longitude": 28.12251169
      }
    },
    {
      "attributes": {
        "Precincts": "TechnoPark",
        "Quickbase_Status": "WIP",
        "QBRecordID": 880,
        "Third_Party_Dependant_For_Conne": null,
        "Latitude": -33.96447592,
        "Longitude": 18.84013075
      }
    },
    {
      "attributes": {
        "Precincts": "CPT CBD Phase 02",
        "Quickbase_Status": "WIP",
        "QBRecordID": 3095,
        "Third_Party_Dependant_For_Conne": null,
        "Latitude": -33.91974945,
        "Longitude": 18.43269626
      }
    },
    {
      "attributes": {
        "Precincts": "Centurion CBD 1",
        "Quickbase_Status": "WIP",
        "QBRecordID": 6307,
        "Third_Party_Dependant_For_Conne": null,
        "Latitude": -25.86246047,
        "Longitude": 28.18597825
      }
    },
    {
      "attributes": {
        "Precincts": "CPT CBD Phase 03",
        "Quickbase_Status": "WIP",
        "QBRecordID": 3151,
        "Third_Party_Dependant_For_Conne": null,
        "Latitude": -33.92663577,
        "Longitude": 18.41584313
      }
    },
    {
      "attributes": {
        "Precincts": "Lagoon Drive",
        "Quickbase_Status": "WIP",
        "QBRecordID": 7604,
        "Third_Party_Dependant_For_Conne": null,
        "Latitude": -29.72275812,
        "Longitude": 31.08787322
      }
    },
    {
      "attributes": {
        "Precincts": "Lagoon Drive",
        "Quickbase_Status": "WIP",
        "QBRecordID": 7599,
        "Third_Party_Dependant_For_Conne": null,
        "Latitude": -29.72550709,
        "Longitude": 31.08791996
      }
    },
    {
      "attributes": {
        "Precincts": "Lagoon Drive",
        "Quickbase_Status": "WIP",
        "QBRecordID": 7622,
        "Third_Party_Dependant_For_Conne": null,
        "Latitude": -29.72759557,
        "Longitude": 31.08766995
      }
    },
    {
      "attributes": {
        "Precincts": "Meridian Drive",
        "Quickbase_Status": "WIP",
        "QBRecordID": 7444,
        "Third_Party_Dependant_For_Conne": null,
        "Latitude": -29.72143294,
        "Longitude": 31.06206762
      }
    },
    {
      "attributes": {
        "Precincts": "Meridian Drive",
        "Quickbase_Status": "WIP",
        "QBRecordID": 94706,
        "Third_Party_Dependant_For_Conne": null,
        "Latitude": -29.72861012,
        "Longitude": 31.06906933
      }
    },
    {
      "attributes": {
        "Precincts": "Somerset West Phase 3",
        "Quickbase_Status": "WIP",
        "QBRecordID": 14281,
        "Third_Party_Dependant_For_Conne": null,
        "Latitude": -34.08550676,
        "Longitude": 18.82069851
      }
    },
    {
      "attributes": {
        "Precincts": "Somerset West Phase 3",
        "Quickbase_Status": "WIP",
        "QBRecordID": 14282,
        "Third_Party_Dependant_For_Conne": null,
        "Latitude": -34.08537601,
        "Longitude": 18.82107843
      }
    },
    {
      "attributes": {
        "Precincts": "Somerset West Phase 3",
        "Quickbase_Status": "WIP",
        "QBRecordID": 14283,
        "Third_Party_Dependant_For_Conne": null,
        "Latitude": -34.08522629,
        "Longitude": 18.82146308
      }
    },
    {
      "attributes": {
        "Precincts": "Somerset West Phase 3",
        "Quickbase_Status": "WIP",
        "QBRecordID": 14284,
        "Third_Party_Dependant_For_Conne": null,
        "Latitude": -34.08518921,
        "Longitude": 18.82172604
      }
    },
    {
      "attributes": {
        "Precincts": "Somerset West Phase 3",
        "Quickbase_Status": "WIP",
        "QBRecordID": 14285,
        "Third_Party_Dependant_For_Conne": null,
        "Latitude": -34.08526621,
        "Longitude": 18.82190992
      }
    },
    {
      "attributes": {
        "Precincts": "Somerset West Phase 3",
        "Quickbase_Status": "WIP",
        "QBRecordID": 14286,
        "Third_Party_Dependant_For_Conne": null,
        "Latitude": -34.08535143,
        "Longitude": 18.82214425
      }
    },
    {
      "attributes": {
        "Precincts": "Somerset West Phase 3",
        "Quickbase_Status": "WIP",
        "QBRecordID": 14287,
        "Third_Party_Dependant_For_Conne": null,
        "Latitude": -34.08581491,
        "Longitude": 18.82089072
      }
    },
    {
      "attributes": {
        "Precincts": "Somerset West Phase 3",
        "Quickbase_Status": "WIP",
        "QBRecordID": 14288,
        "Third_Party_Dependant_For_Conne": null,
        "Latitude": -34.08591832,
        "Longitude": 18.82103918
      }
    },
    {
      "attributes": {
        "Precincts": "Somerset West Phase 3",
        "Quickbase_Status": "WIP",
        "QBRecordID": 14289,
        "Third_Party_Dependant_For_Conne": null,
        "Latitude": -34.08592819,
        "Longitude": 18.82122687
      }
    },
    {
      "attributes": {
        "Precincts": "Somerset West Phase 3",
        "Quickbase_Status": "WIP",
        "QBRecordID": 14290,
        "Third_Party_Dependant_For_Conne": null,
        "Latitude": -34.0856519,
        "Longitude": 18.82131301
      }
    },
    {
      "attributes": {
        "Precincts": "Somerset West Phase 3",
        "Quickbase_Status": "WIP",
        "QBRecordID": 14291,
        "Third_Party_Dependant_For_Conne": null,
        "Latitude": -34.08554557,
        "Longitude": 18.82156792
      }
    },
    {
      "attributes": {
        "Precincts": "Somerset West Phase 3",
        "Quickbase_Status": "WIP",
        "QBRecordID": 14292,
        "Third_Party_Dependant_For_Conne": null,
        "Latitude": -34.08564677,
        "Longitude": 18.82178375
      }
    },
    {
      "attributes": {
        "Precincts": "Somerset West Phase 3",
        "Quickbase_Status": "WIP",
        "QBRecordID": 14293,
        "Third_Party_Dependant_For_Conne": null,
        "Latitude": -34.08605499,
        "Longitude": 18.82130727
      }
    },
    {
      "attributes": {
        "Precincts": "Somerset West Phase 1",
        "Quickbase_Status": "WIP",
        "QBRecordID": 14344,
        "Third_Party_Dependant_For_Conne": null,
        "Latitude": -34.07503414,
        "Longitude": 18.81339813
      }
    },
    {
      "attributes": {
        "Precincts": "Somerset West Phase 3",
        "Quickbase_Status": "WIP",
        "QBRecordID": 71556,
        "Third_Party_Dependant_For_Conne": null,
        "Latitude": -34.08504903,
        "Longitude": 18.8207738
      }
    },
    {
      "attributes": {
        "Precincts": "Somerset West Phase 1",
        "Quickbase_Status": "WIP",
        "QBRecordID": 14326,
        "Third_Party_Dependant_For_Conne": null,
        "Latitude": -34.07960672,
        "Longitude": 18.8172231
      }
    },
    {
      "attributes": {
        "Precincts": "CPT CBD Phase 12",
        "Quickbase_Status": "WIP",
        "QBRecordID": 3659,
        "Third_Party_Dependant_For_Conne": null,
        "Latitude": -33.92122558,
        "Longitude": 18.42895327
      }
    },
    {
      "attributes": {
        "Precincts": "CPT CBD Phase 10",
        "Quickbase_Status": "WIP",
        "QBRecordID": 7077,
        "Third_Party_Dependant_For_Conne": null,
        "Latitude": -33.92494789,
        "Longitude": 18.4218475
      }
    },
    {
      "attributes": {
        "Precincts": "CPT CBD Phase 08",
        "Quickbase_Status": "WIP",
        "QBRecordID": 3305,
        "Third_Party_Dependant_For_Conne": null,
        "Latitude": -33.91869051,
        "Longitude": 18.42041541
      }
    }
  ]
}

at java.base/jdk.internal.reflect.NativeConstructorAccessorImpl.newInstance0(Native Method)
at java.base/jdk.internal.reflect.NativeConstructorAccessorImpl.newInstance(NativeConstructorAccessorImpl.java:62)
at java.base/jdk.internal.reflect.DelegatingConstructorAccessorImpl.newInstance(DelegatingConstructorAccessorImpl.java:45)
at java.base/java.lang.reflect.Constructor.newInstanceWithCaller(Constructor.java:500)
at java.base/java.lang.reflect.Constructor.newInstance(Constructor.java:481)
at org.codehaus.groovy.reflection.CachedConstructor.invoke(CachedConstructor.java:80)
at org.codehaus.groovy.reflection.CachedConstructor.doConstructorInvoke(CachedConstructor.java:74)
at org.codehaus.groovy.runtime.callsite.ConstructorSite$ConstructorSiteNoUnwrap.callConstructor(ConstructorSite.java:84)
at org.codehaus.groovy.runtime.callsite.AbstractCallSite.callConstructor(AbstractCallSite.java:249)
at io.restassured.internal.ResponseSpecificationImpl$HamcrestAssertionClosure.validate(ResponseSpecificationImpl.groovy:493)
at io.restassured.internal.ResponseSpecificationImpl$HamcrestAssertionClosure$validate$1.call(Unknown Source)
at io.restassured.internal.ResponseSpecificationImpl.validateResponseIfRequired(ResponseSpecificationImpl.groovy:674)
at jdk.internal.reflect.GeneratedMethodAccessor14.invoke(Unknown Source)
at java.base/jdk.internal.reflect.DelegatingMethodAccessorImpl.invoke(DelegatingMethodAccessorImpl.java:43)
at java.base/java.lang.reflect.Method.invoke(Method.java:567)
at org.codehaus.groovy.runtime.callsite.PlainObjectMetaMethodSite.doInvoke(PlainObjectMetaMethodSite.java:43)
at org.codehaus.groovy.runtime.callsite.PogoMetaMethodSite$PogoCachedMethodSiteNoUnwrapNoCoerce.invoke(PogoMetaMethodSite.java:190)
at org.codehaus.groovy.runtime.callsite.PogoMetaMethodSite.callCurrent(PogoMetaMethodSite.java:58)
at org.codehaus.groovy.runtime.callsite.AbstractCallSite.callCurrent(AbstractCallSite.java:168)
at io.restassured.internal.ResponseSpecificationImpl.body(ResponseSpecificationImpl.groovy:98)
at io.restassured.internal.ValidatableResponseOptionsImpl.body(ValidatableResponseOptionsImpl.java:238)
at io.restassured.internal.ValidatableResponseImpl.super$2$body(ValidatableResponseImpl.groovy)
at jdk.internal.reflect.GeneratedMethodAccessor199.invoke(Unknown Source)
at java.base/jdk.internal.reflect.DelegatingMethodAccessorImpl.invoke(DelegatingMethodAccessorImpl.java:43)
at java.base/java.lang.reflect.Method.invoke(Method.java:567)
at org.codehaus.groovy.reflection.CachedMethod.invoke(CachedMethod.java:101)
at groovy.lang.MetaMethod.doMethodInvoke(MetaMethod.java:323)
at groovy.lang.MetaClassImpl.invokeMethod(MetaClassImpl.java:1217)
at org.codehaus.groovy.runtime.ScriptBytecodeAdapter.invokeMethodOnSuperN(ScriptBytecodeAdapter.java:144)
at io.restassured.internal.ValidatableResponseImpl.body(ValidatableResponseImpl.groovy:293)
at io.restassured.internal.ValidatableResponseImpl.body(ValidatableResponseImpl.groovy)
at com.ICM_UxAPI.GETPrecincts.whereParamQuickbase_StatusIsPartialBuildCompletedgetPrecincts(GETPrecincts.java:119)
at java.base/jdk.internal.reflect.NativeMethodAccessorImpl.invoke0(Native Method)
at java.base/jdk.internal.reflect.NativeMethodAccessorImpl.invoke(NativeMethodAccessorImpl.java:62)
at java.base/jdk.internal.reflect.DelegatingMethodAccessorImpl.invoke(DelegatingMethodAccessorImpl.java:43)
at java.base/java.lang.reflect.Method.invoke(Method.java:567)
at org.testng.internal.MethodInvocationHelper.invokeMethod(MethodInvocationHelper.java:124)
at org.testng.internal.Invoker.invokeMethod(Invoker.java:583)
at org.testng.internal.Invoker.invokeTestMethod(Invoker.java:719)
at org.testng.internal.Invoker.invokeTestMethods(Invoker.java:989)
at org.testng.internal.TestMethodWorker.invokeTestMethods(TestMethodWorker.java:125)
at org.testng.internal.TestMethodWorker.run(TestMethodWorker.java:109)
at org.testng.TestRunner.privateRun(TestRunner.java:648)
at org.testng.TestRunner.run(TestRunner.java:505)
at org.testng.SuiteRunner.runTest(SuiteRunner.java:455)
at org.testng.SuiteRunner.access$000(SuiteRunner.java:40)
at org.testng.SuiteRunner$SuiteWorker.run(SuiteRunner.java:489)
at org.testng.internal.thread.ThreadUtil$1.call(ThreadUtil.java:52)
at java.base/java.util.concurrent.FutureTask.run(FutureTask.java:264)
at java.base/java.util.concurrent.ThreadPoolExecutor.runWorker(ThreadPoolExecutor.java:1128)
at java.base/java.util.concurrent.ThreadPoolExecutor$Worker.run(ThreadPoolExecutor.java:628)
at java.base/java.lang.Thread.run(Thread.java:830)
]]>
    </failure>
  </testcase> <!-- whereParamQuickbase_StatusIsPartialBuildCompletedgetPrecincts -->
  <testcase classname="com.ICM_UxAPI.GETPrecincts" name="validresultOffsetIs1001getPrecincts" time="1.312">
    <failure message="1 expectation failed.
Response body doesn&#039;t match expectation.
Expected: a string containing &quot;28.25427695&quot;
  Actual: [displayFieldName:Building_Name, fieldAliases:[Precincts:Precinct, Quickbase_Status:Status, QBRecordID:RecordID, Third_Party_Dependant_For_Conne:Third Party, Latitude:Latitude, Longitude:Longitude], fields:[[name:Precincts, type:esriFieldTypeString, alias:Precinct, length:100], [name:Quickbase_Status, type:esriFieldTypeString, alias:Status, length:100], [name:QBRecordID, type:esriFieldTypeInteger, alias:RecordID], [name:Third_Party_Dependant_For_Conne, type:esriFieldTypeString, alias:Third Party, length:50], [name:Latitude, type:esriFieldTypeDouble, alias:Latitude], [name:Longitude, type:esriFieldTypeDouble, alias:Longitude]], features:[[attributes:[Precincts:George Road, Quickbase_Status:Partial Build Completed, QBRecordID:1743, Third_Party_Dependant_For_Conne:null, Latitude:-25.958723, Longitude:28.136751]], [attributes:[Precincts:George Road, Quickbase_Status:Completed, QBRecordID:1000, Third_Party_Dependant_For_Conne:null, Latitude:-25.97192, Longitude:28.131813]], [attributes:[Precincts:George Road, Quickbase_Status:Completed, QBRecordID:1764, Third_Party_Dependant_For_Conne:null, Latitude:-25.956108, Longitude:28.137697]], [attributes:[Precincts:George Road, Quickbase_Status:Planned, QBRecordID:4074, Third_Party_Dependant_For_Conne:null, Latitude:-25.959553, Longitude:28.136225]], [attributes:[Precincts:George Road, Quickbase_Status:Completed, QBRecordID:4069, Third_Party_Dependant_For_Conne:null, Latitude:-25.968033, Longitude:28.135319]], [attributes:[Precincts:George Road, Quickbase_Status:Completed, QBRecordID:4070, Third_Party_Dependant_For_Conne:null, Latitude:-25.96801, Longitude:28.136292]], [attributes:[Precincts:Georgian Crescent, Quickbase_Status:Completed, QBRecordID:314, Third_Party_Dependant_For_Conne:null, Latitude:-26.04049, Longitude:28.016977]], [attributes:[Precincts:Hatfield (Phase 3), Quickbase_Status:Planned, QBRecordID:2917, Third_Party_Dependant_For_Conne:null, Latitude:-25.743748, Longitude:28.242403]], [attributes:[Precincts:Hatfield (Phase 3), Quickbase_Status:Completed, QBRecordID:4090, Third_Party_Dependant_For_Conne:null, Latitude:-25.74371, Longitude:28.243887]], [attributes:[Precincts:Hatfield (Phase 3), Quickbase_Status:Completed, QBRecordID:3470, Third_Party_Dependant_For_Conne:null, Latitude:-25.745115, Longitude:28.243078]], [attributes:[Precincts:Hatfield (Phase 3), Quickbase_Status:Completed, QBRecordID:3468, Third_Party_Dependant_For_Conne:null, Latitude:-25.745111, Longitude:28.243855]], [attributes:[Precincts:Hyde Park, Quickbase_Status:Completed, QBRecordID:1943, Third_Party_Dependant_For_Conne:null, Latitude:-26.12021, Longitude:28.031578]], [attributes:[Precincts:Albury, Quickbase_Status:Completed, QBRecordID:279, Third_Party_Dependant_For_Conne:null, Latitude:-26.12722, Longitude:28.031519]], [attributes:[Precincts:Albury, Quickbase_Status:Completed, QBRecordID:282, Third_Party_Dependant_For_Conne:null, Latitude:-26.127115, Longitude:28.032549]], [attributes:[Precincts:Albury, Quickbase_Status:Completed, QBRecordID:284, Third_Party_Dependant_For_Conne:null, Latitude:-26.128456, Longitude:28.03243]], [attributes:[Precincts:Bauhania Street, Quickbase_Status:Completed, QBRecordID:5822, Third_Party_Dependant_For_Conne:null, Latitude:-25.882229, Longitude:28.183949]], [attributes:[Precincts:Bauhania Street, Quickbase_Status:Completed, QBRecordID:5810, Third_Party_Dependant_For_Conne:null, Latitude:-25.881172, Longitude:28.184132]], [attributes:[Precincts:Bauhania Street, Quickbase_Status:Completed, QBRecordID:5824, Third_Party_Dependant_For_Conne:null, Latitude:-25.882454, Longitude:28.183865]], [attributes:[Precincts:Bauhania Street, Quickbase_Status:Completed, QBRecordID:5825, Third_Party_Dependant_For_Conne:null, Latitude:-25.882654, Longitude:28.183746]], [attributes:[Precincts:Bauhania Street, Quickbase_Status:Completed, QBRecordID:5826, Third_Party_Dependant_For_Conne:null, Latitude:-25.88271, Longitude:28.183535]], [attributes:[Precincts:Bauhania Street, Quickbase_Status:Completed, QBRecordID:5827, Third_Party_Dependant_For_Conne:null, Latitude:-25.882765, Longitude:28.1833]], [attributes:[Precincts:Bauhania Street, Quickbase_Status:Completed, QBRecordID:5828, Third_Party_Dependant_For_Conne:null, Latitude:-25.8831, Longitude:28.183128]], [attributes:[Precincts:Bauhania Street, Quickbase_Status:Completed, QBRecordID:5831, Third_Party_Dependant_For_Conne:null, Latitude:-25.883379, Longitude:28.183279]], [attributes:[Precincts:Bauhania Street, Quickbase_Status:Completed, QBRecordID:5830, Third_Party_Dependant_For_Conne:null, Latitude:-25.882982, Longitude:28.183676]], [attributes:[Precincts:Bauhania Street, Quickbase_Status:Completed, QBRecordID:5811, Third_Party_Dependant_For_Conne:null, Latitude:-25.881483, Longitude:28.18399]], [attributes:[Precincts:Bauhania Street, Quickbase_Status:Completed, QBRecordID:4885, Third_Party_Dependant_For_Conne:null, Latitude:-25.880781, Longitude:28.18434]], [attributes:[Precincts:Bauhania Street, Quickbase_Status:Completed, QBRecordID:5807, Third_Party_Dependant_For_Conne:null, Latitude:-25.880877, Longitude:28.184631]], [attributes:[Precincts:Bauhania Street, Quickbase_Status:Completed, QBRecordID:5808, Third_Party_Dependant_For_Conne:null, Latitude:-25.8811, Longitude:28.185024]], [attributes:[Precincts:Bauhania Street, Quickbase_Status:Completed, QBRecordID:5874, Third_Party_Dependant_For_Conne:null, Latitude:-25.882145, Longitude:28.182575]], [attributes:[Precincts:Bauhania Street, Quickbase_Status:Completed, QBRecordID:5870, Third_Party_Dependant_For_Conne:null, Latitude:-25.88194, Longitude:28.182444]], [attributes:[Precincts:Bauhania Street, Quickbase_Status:Completed, QBRecordID:5855, Third_Party_Dependant_For_Conne:null, Latitude:-25.880796, Longitude:28.181927]], [attributes:[Precincts:Bauhania Street, Quickbase_Status:Completed, QBRecordID:5856, Third_Party_Dependant_For_Conne:null, Latitude:-25.880718, Longitude:28.182251]], [attributes:[Precincts:Bauhania Street, Quickbase_Status:Completed, QBRecordID:5859, Third_Party_Dependant_For_Conne:null, Latitude:-25.88108, Longitude:28.182072]], [attributes:[Precincts:Bauhania Street, Quickbase_Status:Completed, QBRecordID:5860, Third_Party_Dependant_For_Conne:null, Latitude:-25.881016, Longitude:28.182335]], [attributes:[Precincts:Bauhania Street, Quickbase_Status:Completed, QBRecordID:5865, Third_Party_Dependant_For_Conne:null, Latitude:-25.88137, Longitude:28.182127]], [attributes:[Precincts:Bauhania Street, Quickbase_Status:Completed, QBRecordID:5852, Third_Party_Dependant_For_Conne:null, Latitude:-25.880377, Longitude:28.18184]], [attributes:[Precincts:Bauhania Street, Quickbase_Status:Completed, QBRecordID:5851, Third_Party_Dependant_For_Conne:null, Latitude:-25.880459, Longitude:28.181595]], [attributes:[Precincts:Bauhania Street, Quickbase_Status:Completed, QBRecordID:5848, Third_Party_Dependant_For_Conne:null, Latitude:-25.880161, Longitude:28.1817]], [attributes:[Precincts:Bauhania Street, Quickbase_Status:Completed, QBRecordID:5849, Third_Party_Dependant_For_Conne:null, Latitude:-25.880074, Longitude:28.182041]], [attributes:[Precincts:Bauhania Street, Quickbase_Status:Completed, QBRecordID:5847, Third_Party_Dependant_For_Conne:null, Latitude:-25.879866, Longitude:28.18192]], [attributes:[Precincts:Bauhania Street, Quickbase_Status:Completed, QBRecordID:5845, Third_Party_Dependant_For_Conne:null, Latitude:-25.87959, Longitude:28.182371]], [attributes:[Precincts:Bryanston Extension, Quickbase_Status:Completed, QBRecordID:1873, Third_Party_Dependant_For_Conne:null, Latitude:-26.04642, Longitude:28.019138]], [attributes:[Precincts:Bryanston Extension, Quickbase_Status:Completed, QBRecordID:1913, Third_Party_Dependant_For_Conne:null, Latitude:-26.045532, Longitude:28.018642]], [attributes:[Precincts:Bryanston Extension, Quickbase_Status:Completed, QBRecordID:1912, Third_Party_Dependant_For_Conne:null, Latitude:-26.04583, Longitude:28.018946]], [attributes:[Precincts:Bryanston Extension, Quickbase_Status:Completed, QBRecordID:1917, Third_Party_Dependant_For_Conne:null, Latitude:-26.045872, Longitude:28.017424]], [attributes:[Precincts:Sandton Phase 2, Quickbase_Status:Planned, QBRecordID:4182, Third_Party_Dependant_For_Conne:null, Latitude:-26.106222, Longitude:28.055672]], [attributes:[Precincts:Georgian Crescent, Quickbase_Status:Completed, QBRecordID:315, Third_Party_Dependant_For_Conne:null, Latitude:-26.040894, Longitude:28.016975]], [attributes:[Precincts:Impala, Quickbase_Status:Completed, QBRecordID:179, Third_Party_Dependant_For_Conne:null, Latitude:-26.116045, Longitude:28.04964]], [attributes:[Precincts:Impala, Quickbase_Status:Completed, QBRecordID:159, Third_Party_Dependant_For_Conne:null, Latitude:-26.115152, Longitude:28.051937]], [attributes:[Precincts:Country Club Estate, Quickbase_Status:Completed, QBRecordID:506, Third_Party_Dependant_For_Conne:null, Latitude:-26.06073, Longitude:28.082397]], [attributes:[Precincts:Eaton, Quickbase_Status:Completed, QBRecordID:216, Third_Party_Dependant_For_Conne:null, Latitude:-26.046478, Longitude:28.02363]], [attributes:[Precincts:Impala, Quickbase_Status:Partial Build Completed, QBRecordID:1426, Third_Party_Dependant_For_Conne:null, Latitude:-26.115126, Longitude:28.052439]], [attributes:[Precincts:Eaton, Quickbase_Status:Completed, QBRecordID:218, Third_Party_Dependant_For_Conne:null, Latitude:-26.043663, Longitude:28.02044]], [attributes:[Precincts:Eaton, Quickbase_Status:Completed, QBRecordID:3956, Third_Party_Dependant_For_Conne:null, Latitude:-26.045786, Longitude:28.022873]], [attributes:[Precincts:Saddle Drive, Quickbase_Status:Completed, QBRecordID:3549, Third_Party_Dependant_For_Conne:null, Latitude:-26.044119, Longitude:28.087963]], [attributes:[Precincts:TechnoPark, Quickbase_Status:Completed, QBRecordID:911, Third_Party_Dependant_For_Conne:null, Latitude:-33.965706, Longitude:18.84077]], [attributes:[Precincts:TechnoPark, Quickbase_Status:Completed, QBRecordID:1783, Third_Party_Dependant_For_Conne:null, Latitude:-33.965405, Longitude:18.83977]], [attributes:[Precincts:TechnoPark, Quickbase_Status:Completed, QBRecordID:2282, Third_Party_Dependant_For_Conne:null, Latitude:-33.965355, Longitude:18.840202]], [attributes:[Precincts:TechnoPark, Quickbase_Status:Completed, QBRecordID:3900, Third_Party_Dependant_For_Conne:null, Latitude:-33.965977, Longitude:18.836306]], [attributes:[Precincts:Riverview Office Park, Quickbase_Status:Completed, QBRecordID:2617, Third_Party_Dependant_For_Conne:null, Latitude:-25.999998, Longitude:28.119722]], [attributes:[Precincts:Riverview Office Park, Quickbase_Status:Completed, QBRecordID:2618, Third_Party_Dependant_For_Conne:null, Latitude:-25.99953, Longitude:28.119514]], [attributes:[Precincts:Riverview Office Park, Quickbase_Status:Completed, QBRecordID:2619, Third_Party_Dependant_For_Conne:null, Latitude:-25.999084, Longitude:28.119116]], [attributes:[Precincts:CPT CBD Phase 02, Quickbase_Status:Planned, QBRecordID:3092, Third_Party_Dependant_For_Conne:null, Latitude:-33.920742, Longitude:18.433388]], [attributes:[Precincts:Girton, Quickbase_Status:Completed, QBRecordID:815, Third_Party_Dependant_For_Conne:null, Latitude:-26.183208, Longitude:28.037146]], [attributes:[Precincts:Oberon, Quickbase_Status:Completed, QBRecordID:2320, Third_Party_Dependant_For_Conne:null, Latitude:-25.781666, Longitude:28.289948]], [attributes:[Precincts:CPT CBD Phase 02, Quickbase_Status:Planned, QBRecordID:3090, Third_Party_Dependant_For_Conne:null, Latitude:-33.92067, Longitude:18.43487]], [attributes:[Precincts:CPT CBD Phase 02, Quickbase_Status:Completed, QBRecordID:3097, Third_Party_Dependant_For_Conne:null, Latitude:-33.92115, Longitude:18.432993]], [attributes:[Precincts:Skeen Boulevard, Quickbase_Status:Completed, QBRecordID:1164, Third_Party_Dependant_For_Conne:null, Latitude:-26.175337, Longitude:28.132467]], [attributes:[Precincts:Skeen Boulevard, Quickbase_Status:Completed, QBRecordID:91362, Third_Party_Dependant_For_Conne:null, Latitude:-26.174732, Longitude:28.132675]], [attributes:[Precincts:Skeen Boulevard, Quickbase_Status:Completed, QBRecordID:1171, Third_Party_Dependant_For_Conne:null, Latitude:-26.174227, Longitude:28.13399]], [attributes:[Precincts:Sunninghill, Quickbase_Status:Completed, QBRecordID:718, Third_Party_Dependant_For_Conne:null, Latitude:-26.035082, Longitude:28.067951]], [attributes:[Precincts:Sunninghill, Quickbase_Status:Completed, QBRecordID:374, Third_Party_Dependant_For_Conne:null, Latitude:-26.033852, Longitude:28.067135]], [attributes:[Precincts:Sunninghill, Quickbase_Status:Completed, QBRecordID:714, Third_Party_Dependant_For_Conne:null, Latitude:-26.031904, Longitude:28.067053]], [attributes:[Precincts:CPT CBD Phase 01, Quickbase_Status:Planned, QBRecordID:3083, Third_Party_Dependant_For_Conne:null, Latitude:-33.917404, Longitude:18.425226]], [attributes:[Precincts:Sandton Phase 1, Quickbase_Status:Completed, QBRecordID:2909, Third_Party_Dependant_For_Conne:null, Latitude:-26.101887, Longitude:28.052366]], [attributes:[Precincts:Sandton Phase 1, Quickbase_Status:Completed, QBRecordID:2902, Third_Party_Dependant_For_Conne:null, Latitude:-26.101082, Longitude:28.053255]], [attributes:[Precincts:Sandton Phase 2, Quickbase_Status:Completed, QBRecordID:4026, Third_Party_Dependant_For_Conne:null, Latitude:-26.10323, Longitude:28.056528]], [attributes:[Precincts:Route 21 Office Park, Quickbase_Status:Planned, QBRecordID:1967, Third_Party_Dependant_For_Conne:null, Latitude:-25.859703, Longitude:28.257898]], [attributes:[Precincts:Richards Drive, Quickbase_Status:Planned, QBRecordID:2460, Third_Party_Dependant_For_Conne:null, Latitude:-26.01428, Longitude:28.12224]], [attributes:[Precincts:Richards Drive, Quickbase_Status:Completed, QBRecordID:2675, Third_Party_Dependant_For_Conne:null, Latitude:-26.013998, Longitude:28.123783]], [attributes:[Precincts:Impala, Quickbase_Status:Completed, QBRecordID:172, Third_Party_Dependant_For_Conne:null, Latitude:-26.11511, Longitude:28.054226]], [attributes:[Precincts:TechnoPark, Quickbase_Status:Completed, QBRecordID:1341, Third_Party_Dependant_For_Conne:null, Latitude:-33.964863, Longitude:18.840988]], [attributes:[Precincts:TechnoPark, Quickbase_Status:Completed, QBRecordID:800, Third_Party_Dependant_For_Conne:null, Latitude:-33.96329, Longitude:18.837399]], [attributes:[Precincts:TechnoPark, Quickbase_Status:Completed, QBRecordID:71304, Third_Party_Dependant_For_Conne:null, Latitude:-33.966225, Longitude:18.83765]], [attributes:[Precincts:TechnoPark, Quickbase_Status:Completed, QBRecordID:1280, Third_Party_Dependant_For_Conne:null, Latitude:-33.96457, Longitude:18.835966]], [attributes:[Precincts:TechnoPark, Quickbase_Status:Completed, QBRecordID:821, Third_Party_Dependant_For_Conne:null, Latitude:-33.964573, Longitude:18.839615]], [attributes:[Precincts:Western Services, Quickbase_Status:Completed, QBRecordID:2502, Third_Party_Dependant_For_Conne:null, Latitude:-26.057068, Longitude:28.088726]], [attributes:[Precincts:Western Services, Quickbase_Status:Planned, QBRecordID:2501, Third_Party_Dependant_For_Conne:null, Latitude:-26.058481, Longitude:28.088781]], [attributes:[Precincts:Western Services, Quickbase_Status:Completed, QBRecordID:2518, Third_Party_Dependant_For_Conne:null, Latitude:-26.058874, Longitude:28.089897]], [attributes:[Precincts:Western Services, Quickbase_Status:Completed, QBRecordID:2515, Third_Party_Dependant_For_Conne:null, Latitude:-26.058228, Longitude:28.089796]], [attributes:[Precincts:Western Services, Quickbase_Status:Completed, QBRecordID:2519, Third_Party_Dependant_For_Conne:null, Latitude:-26.059626, Longitude:28.089931]], [attributes:[Precincts:Girton, Quickbase_Status:Completed, QBRecordID:18378, Third_Party_Dependant_For_Conne:null, Latitude:-26.184185, Longitude:28.040289]], [attributes:[Precincts:Bauhania Street, Quickbase_Status:Completed, QBRecordID:5858, Third_Party_Dependant_For_Conne:null, Latitude:-25.88051, Longitude:28.183023]], [attributes:[Precincts:Bauhania Street, Quickbase_Status:Completed, QBRecordID:5854, Third_Party_Dependant_For_Conne:null, Latitude:-25.880156, Longitude:28.182655]], [attributes:[Precincts:Bauhania Street, Quickbase_Status:Completed, QBRecordID:5850, Third_Party_Dependant_For_Conne:null, Latitude:-25.87999, Longitude:28.182514]], [attributes:[Precincts:Bauhania Street, Quickbase_Status:Completed, QBRecordID:5853, Third_Party_Dependant_For_Conne:null, Latitude:-25.880308, Longitude:28.182117]], [attributes:[Precincts:Bauhania Street, Quickbase_Status:Completed, QBRecordID:5846, Third_Party_Dependant_For_Conne:null, Latitude:-25.879583, Longitude:28.181952]], [attributes:[Precincts:Bauhania Street, Quickbase_Status:Completed, QBRecordID:5844, Third_Party_Dependant_For_Conne:null, Latitude:-25.879385, Longitude:28.18205]], [attributes:[Precincts:Bauhania Street, Quickbase_Status:Completed, QBRecordID:5843, Third_Party_Dependant_For_Conne:null, Latitude:-25.87917, Longitude:28.182169]], [attributes:[Precincts:Bauhania Street, Quickbase_Status:Completed, QBRecordID:5842, Third_Party_Dependant_For_Conne:null, Latitude:-25.878885, Longitude:28.182573]], [attributes:[Precincts:Bauhania Street, Quickbase_Status:Completed, QBRecordID:5841, Third_Party_Dependant_For_Conne:null, Latitude:-25.878805, Longitude:28.18279]], [attributes:[Precincts:Bauhania Street, Quickbase_Status:Completed, QBRecordID:5840, Third_Party_Dependant_For_Conne:null, Latitude:-25.878565, Longitude:28.183006]], [attributes:[Precincts:Bauhania Street, Quickbase_Status:Completed, QBRecordID:5839, Third_Party_Dependant_For_Conne:null, Latitude:-25.878313, Longitude:28.18312]], [attributes:[Precincts:Bauhania Street, Quickbase_Status:Completed, QBRecordID:4887, Third_Party_Dependant_For_Conne:null, Latitude:-25.87812, Longitude:28.183199]], [attributes:[Precincts:Richards Drive, Quickbase_Status:Completed, QBRecordID:2441, Third_Party_Dependant_For_Conne:null, Latitude:-26.0131, Longitude:28.12322]], [attributes:[Precincts:Richards Drive, Quickbase_Status:Completed, QBRecordID:2443, Third_Party_Dependant_For_Conne:null, Latitude:-26.013817, Longitude:28.126112]], [attributes:[Precincts:Rivonia North, Quickbase_Status:Completed, QBRecordID:628, Third_Party_Dependant_For_Conne:null, Latitude:-26.03915, Longitude:28.057655]], [attributes:[Precincts:Sandton Phase 2, Quickbase_Status:Completed, QBRecordID:4038, Third_Party_Dependant_For_Conne:null, Latitude:-26.103971, Longitude:28.052023]], [attributes:[Precincts:Homestead, Quickbase_Status:Partial Build Completed, QBRecordID:4239, Third_Party_Dependant_For_Conne:null, Latitude:-26.04741, Longitude:28.055819]], [attributes:[Precincts:Richards Drive, Quickbase_Status:Completed, QBRecordID:2467, Third_Party_Dependant_For_Conne:null, Latitude:-26.016108, Longitude:28.121044]], [attributes:[Precincts:Muswell, Quickbase_Status:Completed, QBRecordID:194, Third_Party_Dependant_For_Conne:null, Latitude:-26.049757, Longitude:28.022385]], [attributes:[Precincts:Homestead, Quickbase_Status:Completed, QBRecordID:248, Third_Party_Dependant_For_Conne:null, Latitude:-26.04599, Longitude:28.057924]], [attributes:[Precincts:Impala, Quickbase_Status:Partial Build Completed, QBRecordID:1427, Third_Party_Dependant_For_Conne:null, Latitude:-26.114815, Longitude:28.052303]], [attributes:[Precincts:Mellis, Quickbase_Status:Completed, QBRecordID:292, Third_Party_Dependant_For_Conne:null, Latitude:-26.044659, Longitude:28.058407]], [attributes:[Precincts:Mellis, Quickbase_Status:Completed, QBRecordID:885, Third_Party_Dependant_For_Conne:null, Latitude:-26.045614, Longitude:28.058279]], [attributes:[Precincts:Georgian Crescent, Quickbase_Status:Completed, QBRecordID:320, Third_Party_Dependant_For_Conne:null, Latitude:-26.041279, Longitude:28.015715]], [attributes:[Precincts:Eaton, Quickbase_Status:Completed, QBRecordID:207, Third_Party_Dependant_For_Conne:null, Latitude:-26.046099, Longitude:28.020193]], [attributes:[Precincts:Saddle Drive, Quickbase_Status:Completed, QBRecordID:1831, Third_Party_Dependant_For_Conne:null, Latitude:-26.046932, Longitude:28.0898]], [attributes:[Precincts:Country Club Estate, Quickbase_Status:Completed, QBRecordID:503, Third_Party_Dependant_For_Conne:null, Latitude:-26.0603, Longitude:28.082466]], [attributes:[Precincts:Country Club Estate, Quickbase_Status:Completed, QBRecordID:492, Third_Party_Dependant_For_Conne:null, Latitude:-26.057135, Longitude:28.08414]], [attributes:[Precincts:Claremont, Quickbase_Status:Completed, QBRecordID:390, Third_Party_Dependant_For_Conne:null, Latitude:-33.97752, Longitude:18.46571]], [attributes:[Precincts:Eaton, Quickbase_Status:Completed, QBRecordID:214, Third_Party_Dependant_For_Conne:null, Latitude:-26.046143, Longitude:28.021679]], [attributes:[Precincts:Claremont, Quickbase_Status:Completed, QBRecordID:747, Third_Party_Dependant_For_Conne:null, Latitude:-33.979767, Longitude:18.460314]], [attributes:[Precincts:Claremont, Quickbase_Status:Completed, QBRecordID:749, Third_Party_Dependant_For_Conne:null, Latitude:-33.98, Longitude:18.46018]], [attributes:[Precincts:Claremont, Quickbase_Status:Completed, QBRecordID:748, Third_Party_Dependant_For_Conne:null, Latitude:-33.98017, Longitude:18.459908]], [attributes:[Precincts:Claremont, Quickbase_Status:Completed, QBRecordID:391, Third_Party_Dependant_For_Conne:null, Latitude:-33.980267, Longitude:18.45963]], [attributes:[Precincts:Saddle Drive, Quickbase_Status:Completed, QBRecordID:3953, Third_Party_Dependant_For_Conne:null, Latitude:-26.048445, Longitude:28.088507]], [attributes:[Precincts:Saddle Drive, Quickbase_Status:Completed, QBRecordID:1854, Third_Party_Dependant_For_Conne:null, Latitude:-26.046734, Longitude:28.089079]], [attributes:[Precincts:Saddle Drive, Quickbase_Status:Completed, QBRecordID:1834, Third_Party_Dependant_For_Conne:null, Latitude:-26.046364, Longitude:28.08983]], [attributes:[Precincts:Girton, Quickbase_Status:Completed, QBRecordID:789, Third_Party_Dependant_For_Conne:null, Latitude:-26.184872, Longitude:28.037886]], [attributes:[Precincts:TechnoPark, Quickbase_Status:Completed, QBRecordID:1343, Third_Party_Dependant_For_Conne:null, Latitude:-33.965015, Longitude:18.838785]], [attributes:[Precincts:TechnoPark, Quickbase_Status:Completed, QBRecordID:2197, Third_Party_Dependant_For_Conne:null, Latitude:-33.965904, Longitude:18.83038]], [attributes:[Precincts:TechnoPark, Quickbase_Status:Completed, QBRecordID:760, Third_Party_Dependant_For_Conne:null, Latitude:-33.965324, Longitude:18.841002]], [attributes:[Precincts:Western Services, Quickbase_Status:Completed, QBRecordID:2512, Third_Party_Dependant_For_Conne:null, Latitude:-26.057856, Longitude:28.08717]], [attributes:[Precincts:Western Services, Quickbase_Status:Completed, QBRecordID:2508, Third_Party_Dependant_For_Conne:null, Latitude:-26.057495, Longitude:28.086615]], [attributes:[Precincts:Western Services, Quickbase_Status:Completed, QBRecordID:2517, Third_Party_Dependant_For_Conne:null, Latitude:-26.060686, Longitude:28.090004]], [attributes:[Precincts:Western Services, Quickbase_Status:Completed, QBRecordID:2494, Third_Party_Dependant_For_Conne:null, Latitude:-26.062048, Longitude:28.08968]], [attributes:[Precincts:Girton, Quickbase_Status:Completed, QBRecordID:816, Third_Party_Dependant_For_Conne:null, Latitude:-26.183975, Longitude:28.037483]], [attributes:[Precincts:Girton, Quickbase_Status:Completed, QBRecordID:817, Third_Party_Dependant_For_Conne:null, Latitude:-26.184147, Longitude:28.036749]], [attributes:[Precincts:Ballyclare (Bally Oakes incl), Quickbase_Status:Completed, QBRecordID:564, Third_Party_Dependant_For_Conne:null, Latitude:-26.074091, Longitude:28.030252]], [attributes:[Precincts:Rosenpark, Quickbase_Status:Completed, QBRecordID:2730, Third_Party_Dependant_For_Conne:null, Latitude:-33.869812, Longitude:18.640247]], [attributes:[Precincts:Rosenpark, Quickbase_Status:Completed, QBRecordID:2731, Third_Party_Dependant_For_Conne:null, Latitude:-33.86986, Longitude:18.640543]], [attributes:[Precincts:Woodmead Estate, Quickbase_Status:Completed, QBRecordID:3942, Third_Party_Dependant_For_Conne:null, Latitude:-26.051394, Longitude:28.088932]], [attributes:[Precincts:Woodmead Estate, Quickbase_Status:Completed, QBRecordID:3943, Third_Party_Dependant_For_Conne:null, Latitude:-26.051336, Longitude:28.089457]], [attributes:[Precincts:Woodmead Estate, Quickbase_Status:Completed, QBRecordID:3944, Third_Party_Dependant_For_Conne:null, Latitude:-26.051777, Longitude:28.089571]], [attributes:[Precincts:Scott Street, Quickbase_Status:Completed, QBRecordID:1717, Third_Party_Dependant_For_Conne:null, Latitude:-26.134716, Longitude:28.070307]], [attributes:[Precincts:CPT CBD Phase 02, Quickbase_Status:Completed, QBRecordID:3103, Third_Party_Dependant_For_Conne:null, Latitude:-33.920853, Longitude:18.431967]], [attributes:[Precincts:CPT CBD Phase 02, Quickbase_Status:Planned, QBRecordID:3098, Third_Party_Dependant_For_Conne:null, Latitude:-33.921005, Longitude:18.43248]], [attributes:[Precincts:Rosenpark, Quickbase_Status:Planned, QBRecordID:2712, Third_Party_Dependant_For_Conne:null, Latitude:-33.866558, Longitude:18.640163]], [attributes:[Precincts:Rosenpark, Quickbase_Status:Completed, QBRecordID:2713, Third_Party_Dependant_For_Conne:null, Latitude:-33.86614, Longitude:18.640259]], [attributes:[Precincts:Rosenpark, Quickbase_Status:Completed, QBRecordID:2754, Third_Party_Dependant_For_Conne:null, Latitude:-33.87002, Longitude:18.640657]], [attributes:[Precincts:Sunninghill, Quickbase_Status:Completed, QBRecordID:381, Third_Party_Dependant_For_Conne:null, Latitude:-26.03535, Longitude:28.068558]], [attributes:[Precincts:Sunninghill, Quickbase_Status:Completed, QBRecordID:368, Third_Party_Dependant_For_Conne:null, Latitude:-26.034508, Longitude:28.062315]], [attributes:[Precincts:Sunninghill, Quickbase_Status:Completed, QBRecordID:719, Third_Party_Dependant_For_Conne:null, Latitude:-26.035204, Longitude:28.067118]], [attributes:[Precincts:Sunninghill, Quickbase_Status:Completed, QBRecordID:382, Third_Party_Dependant_For_Conne:null, Latitude:-26.035702, Longitude:28.067638]], [attributes:[Precincts:Sunninghill, Quickbase_Status:Completed, QBRecordID:589, Third_Party_Dependant_For_Conne:null, Latitude:-26.032589, Longitude:28.068857]], [attributes:[Precincts:Sunninghill, Quickbase_Status:Completed, QBRecordID:71051, Third_Party_Dependant_For_Conne:null, Latitude:-26.03307, Longitude:28.068106]], [attributes:[Precincts:Sunninghill, Quickbase_Status:Completed, QBRecordID:376, Third_Party_Dependant_For_Conne:null, Latitude:-26.03203, Longitude:28.063858]], [attributes:[Precincts:Sunninghill, Quickbase_Status:Completed, QBRecordID:655, Third_Party_Dependant_For_Conne:null, Latitude:-26.035192, Longitude:28.062115]], [attributes:[Precincts:Katherine Extension, Quickbase_Status:Completed, QBRecordID:934, Third_Party_Dependant_For_Conne:null, Latitude:-26.100286, Longitude:28.073153]], [attributes:[Precincts:Katherine Extension, Quickbase_Status:Completed, QBRecordID:1323, Third_Party_Dependant_For_Conne:null, Latitude:-26.09979, Longitude:28.074114]], [attributes:[Precincts:CPT CBD Phase 02, Quickbase_Status:Planned, QBRecordID:3111, Third_Party_Dependant_For_Conne:null, Latitude:-33.919804, Longitude:18.432035]], [attributes:[Precincts:Kent, Quickbase_Status:Completed, QBRecordID:561, Third_Party_Dependant_For_Conne:null, Latitude:-26.092901, Longitude:27.999887]], [attributes:[Precincts:Oak Avenue, Quickbase_Status:Completed, QBRecordID:667, Third_Party_Dependant_For_Conne:null, Latitude:-26.10024, Longitude:28.00047]], [attributes:[Precincts:Oak Avenue, Quickbase_Status:Completed, QBRecordID:669, Third_Party_Dependant_For_Conne:null, Latitude:-26.100441, Longitude:28.000427]], [attributes:[Precincts:Oak Avenue, Quickbase_Status:Completed, QBRecordID:684, Third_Party_Dependant_For_Conne:null, Latitude:-26.100348, Longitude:27.999878]], [attributes:[Precincts:Oak Avenue, Quickbase_Status:Completed, QBRecordID:513, Third_Party_Dependant_For_Conne:null, Latitude:-26.10013, Longitude:27.999748]], [attributes:[Precincts:Oak Avenue, Quickbase_Status:Completed, QBRecordID:663, Third_Party_Dependant_For_Conne:null, Latitude:-26.100323, Longitude:27.99971]], [attributes:[Precincts:Oak Avenue, Quickbase_Status:Completed, QBRecordID:664, Third_Party_Dependant_For_Conne:null, Latitude:-26.100372, Longitude:28.000023]], [attributes:[Precincts:Kent, Quickbase_Status:Completed, QBRecordID:736, Third_Party_Dependant_For_Conne:null, Latitude:-26.099827, Longitude:27.998732]], [attributes:[Precincts:Kent, Quickbase_Status:Completed, QBRecordID:737, Third_Party_Dependant_For_Conne:null, Latitude:-26.099798, Longitude:27.998533]], [attributes:[Precincts:Kent, Quickbase_Status:Completed, QBRecordID:738, Third_Party_Dependant_For_Conne:null, Latitude:-26.099863, Longitude:27.998974]], [attributes:[Precincts:Kent, Quickbase_Status:Completed, QBRecordID:739, Third_Party_Dependant_For_Conne:null, Latitude:-26.100002, Longitude:27.99823]], [attributes:[Precincts:Route 21 Office Park, Quickbase_Status:Planned, QBRecordID:1962, Third_Party_Dependant_For_Conne:null, Latitude:-25.86471, Longitude:28.25863]], [attributes:[Precincts:Route 21 Office Park, Quickbase_Status:Completed, QBRecordID:1971, Third_Party_Dependant_For_Conne:null, Latitude:-25.86046, Longitude:28.2581]], [attributes:[Precincts:Route 21 Office Park, Quickbase_Status:Completed, QBRecordID:1972, Third_Party_Dependant_For_Conne:null, Latitude:-25.860493, Longitude:28.257881]], [attributes:[Precincts:Route 21 Office Park, Quickbase_Status:Completed, QBRecordID:1977, Third_Party_Dependant_For_Conne:null, Latitude:-25.860489, Longitude:28.257238]], [attributes:[Precincts:James Crescent, Quickbase_Status:Completed, QBRecordID:80597, Third_Party_Dependant_For_Conne:null, Latitude:-26.008068, Longitude:28.1224]], [attributes:[Precincts:James Crescent, Quickbase_Status:WIP, QBRecordID:2142, Third_Party_Dependant_For_Conne:null, Latitude:-26.009033, Longitude:28.125082]], [attributes:[Precincts:James Crescent, Quickbase_Status:Completed, QBRecordID:2187, Third_Party_Dependant_For_Conne:null, Latitude:-26.007141, Longitude:28.12481]], [attributes:[Precincts:James Crescent, Quickbase_Status:Planned, QBRecordID:2175, Third_Party_Dependant_For_Conne:null, Latitude:-26.009684, Longitude:28.122557]], [attributes:[Precincts:James Crescent, Quickbase_Status:Planned, QBRecordID:2189, Third_Party_Dependant_For_Conne:null, Latitude:-26.002594, Longitude:28.126902]], [attributes:[Precincts:James Crescent, Quickbase_Status:Planned, QBRecordID:2188, Third_Party_Dependant_For_Conne:null, Latitude:-26.002333, Longitude:28.126879]], [attributes:[Precincts:James Crescent, Quickbase_Status:Completed, QBRecordID:2164, Third_Party_Dependant_For_Conne:null, Latitude:-26.00556, Longitude:28.124973]], [attributes:[Precincts:James Crescent, Quickbase_Status:Completed, QBRecordID:2166, Third_Party_Dependant_For_Conne:null, Latitude:-26.0049, Longitude:28.12452]], [attributes:[Precincts:James Crescent, Quickbase_Status:Completed, QBRecordID:18367, Third_Party_Dependant_For_Conne:null, Latitude:-26.00287, Longitude:28.127003]], [attributes:[Precincts:James Crescent, Quickbase_Status:Completed, QBRecordID:2190, Third_Party_Dependant_For_Conne:null, Latitude:-26.002718, Longitude:28.127287]], [attributes:[Precincts:James Crescent, Quickbase_Status:Planned, QBRecordID:2176, Third_Party_Dependant_For_Conne:null, Latitude:-26.008486, Longitude:28.124184]], [attributes:[Precincts:James Crescent, Quickbase_Status:Planned, QBRecordID:2177, Third_Party_Dependant_For_Conne:null, Latitude:-26.008726, Longitude:28.12388]], [attributes:[Precincts:James Crescent, Quickbase_Status:Completed, QBRecordID:2184, Third_Party_Dependant_For_Conne:null, Latitude:-26.00765, Longitude:28.123611]], [attributes:[Precincts:Ingersol, Quickbase_Status:Partial Build Completed, QBRecordID:2354, Third_Party_Dependant_For_Conne:null, Latitude:-25.782654, Longitude:28.279179]], [attributes:[Precincts:Ingersol, Quickbase_Status:Completed, QBRecordID:2351, Third_Party_Dependant_For_Conne:null, Latitude:-25.783228, Longitude:28.279516]], [attributes:[Precincts:Ingersol, Quickbase_Status:Completed, QBRecordID:2370, Third_Party_Dependant_For_Conne:null, Latitude:-25.78542, Longitude:28.2751]], [attributes:[Precincts:Ingersol, Quickbase_Status:Completed, QBRecordID:2375, Third_Party_Dependant_For_Conne:null, Latitude:-25.780018, Longitude:28.276682]], [attributes:[Precincts:Ingersol, Quickbase_Status:Completed, QBRecordID:2348, Third_Party_Dependant_For_Conne:null, Latitude:-25.779882, Longitude:28.278076]], [attributes:[Precincts:Ingersol, Quickbase_Status:Completed, QBRecordID:2346, Third_Party_Dependant_For_Conne:null, Latitude:-25.787592, Longitude:28.27895]], [attributes:[Precincts:Ingersol, Quickbase_Status:Completed, QBRecordID:2353, Third_Party_Dependant_For_Conne:null, Latitude:-25.78291, Longitude:28.278578]], [attributes:[Precincts:Ingersol, Quickbase_Status:Completed, QBRecordID:2364, Third_Party_Dependant_For_Conne:null, Latitude:-25.7871, Longitude:28.278008]], [attributes:[Precincts:Ingersol, Quickbase_Status:Completed, QBRecordID:2357, Third_Party_Dependant_For_Conne:null, Latitude:-25.783052, Longitude:28.27805]], [attributes:[Precincts:James Crescent, Quickbase_Status:WIP, QBRecordID:2140, Third_Party_Dependant_For_Conne:null, Latitude:-26.009142, Longitude:28.124416]], [attributes:[Precincts:James Crescent, Quickbase_Status:Completed, QBRecordID:2134, Third_Party_Dependant_For_Conne:null, Latitude:-26.009748, Longitude:28.123863]], [attributes:[Precincts:James Crescent, Quickbase_Status:Completed, QBRecordID:2137, Third_Party_Dependant_For_Conne:null, Latitude:-26.01032, Longitude:28.123617]], [attributes:[Precincts:James Crescent, Quickbase_Status:Completed, QBRecordID:2138, Third_Party_Dependant_For_Conne:null, Latitude:-26.010033, Longitude:28.123367]], [attributes:[Precincts:Ann Crescent, Quickbase_Status:Completed, QBRecordID:70440, Third_Party_Dependant_For_Conne:null, Latitude:-26.100794, Longitude:28.069635]], [attributes:[Precincts:Ann Crescent, Quickbase_Status:Completed, QBRecordID:929, Third_Party_Dependant_For_Conne:null, Latitude:-26.100288, Longitude:28.070492]], [attributes:[Precincts:Ann Crescent, Quickbase_Status:Completed, QBRecordID:931, Third_Party_Dependant_For_Conne:null, Latitude:-26.102352, Longitude:28.071693]], [attributes:[Precincts:Ann Crescent, Quickbase_Status:Completed, QBRecordID:921, Third_Party_Dependant_For_Conne:null, Latitude:-26.101522, Longitude:28.070621]], [attributes:[Precincts:Ann Crescent, Quickbase_Status:Completed, QBRecordID:1346, Third_Party_Dependant_For_Conne:null, Latitude:-26.10039, Longitude:28.07104]], [attributes:[Precincts:Bryanston Extension, Quickbase_Status:Completed, QBRecordID:1869, Third_Party_Dependant_For_Conne:null, Latitude:-26.045338, Longitude:28.023504]], [attributes:[Precincts:Hatfield (Phase 3), Quickbase_Status:Planned, QBRecordID:3462, Third_Party_Dependant_For_Conne:null, Latitude:-25.743183, Longitude:28.242685]], [attributes:[Precincts:Hatfield (Phase 3), Quickbase_Status:Completed, QBRecordID:2982, Third_Party_Dependant_For_Conne:null, Latitude:-25.742895, Longitude:28.243876]], [attributes:[Precincts:Rosebank Phase 2, Quickbase_Status:Completed, QBRecordID:3989, Third_Party_Dependant_For_Conne:null, Latitude:-26.142382, Longitude:28.039099]], [attributes:[Precincts:Rosebank Phase 1, Quickbase_Status:Completed, QBRecordID:2878, Third_Party_Dependant_For_Conne:null, Latitude:-26.142282, Longitude:28.04086]], [attributes:[Precincts:Witch-Hazel, Quickbase_Status:Completed, QBRecordID:1258, Third_Party_Dependant_For_Conne:null, Latitude:-25.870176, Longitude:28.187847]], [attributes:[Precincts:Witch-Hazel, Quickbase_Status:Completed, QBRecordID:1272, Third_Party_Dependant_For_Conne:null, Latitude:-25.873745, Longitude:28.179771]], [attributes:[Precincts:Witch-Hazel, Quickbase_Status:Completed, QBRecordID:1275, Third_Party_Dependant_For_Conne:null, Latitude:-25.874058, Longitude:28.181337]], [attributes:[Precincts:Rosebank Phase 1, Quickbase_Status:Completed, QBRecordID:2970, Third_Party_Dependant_For_Conne:null, Latitude:-26.148533, Longitude:28.035366]], [attributes:[Precincts:Rosebank Phase 1, Quickbase_Status:Planned, QBRecordID:2983, Third_Party_Dependant_For_Conne:null, Latitude:-26.142988, Longitude:28.04088]], [attributes:[Precincts:Rosebank Phase 2, Quickbase_Status:Completed, QBRecordID:3522, Third_Party_Dependant_For_Conne:null, Latitude:-26.146269, Longitude:28.039326]], [attributes:[Precincts:Rosebank Phase 2, Quickbase_Status:Completed, QBRecordID:2881, Third_Party_Dependant_For_Conne:null, Latitude:-26.147045, Longitude:28.038614]], [attributes:[Precincts:Steenberg, Quickbase_Status:Completed, QBRecordID:2536, Third_Party_Dependant_For_Conne:null, Latitude:-34.08065, Longitude:18.434036]], [attributes:[Precincts:Steenberg, Quickbase_Status:Completed, QBRecordID:2537, Third_Party_Dependant_For_Conne:null, Latitude:-34.08078, Longitude:18.434278]], [attributes:[Precincts:Steenberg, Quickbase_Status:Completed, QBRecordID:2526, Third_Party_Dependant_For_Conne:null, Latitude:-34.082226, Longitude:18.438375]], [attributes:[Precincts:Capital Hill, Quickbase_Status:Completed, QBRecordID:2836, Third_Party_Dependant_For_Conne:null, Latitude:-26.012005, Longitude:28.128294]], [attributes:[Precincts:Capital Hill, Quickbase_Status:Completed, QBRecordID:2418, Third_Party_Dependant_For_Conne:null, Latitude:-26.011637, Longitude:28.128668]], [attributes:[Precincts:Capital Hill, Quickbase_Status:Completed, QBRecordID:2837, Third_Party_Dependant_For_Conne:null, Latitude:-26.01139, Longitude:28.127783]], [attributes:[Precincts:Peter Place, Quickbase_Status:Completed, QBRecordID:405, Third_Party_Dependant_For_Conne:null, Latitude:-26.081623, Longitude:28.020731]], [attributes:[Precincts:Peter Place, Quickbase_Status:Completed, QBRecordID:689, Third_Party_Dependant_For_Conne:null, Latitude:-26.080952, Longitude:28.018957]], [attributes:[Precincts:Peter Place, Quickbase_Status:Completed, QBRecordID:690, Third_Party_Dependant_For_Conne:null, Latitude:-26.08062, Longitude:28.018656]], [attributes:[Precincts:Peter Place, Quickbase_Status:Planned, QBRecordID:4075, Third_Party_Dependant_For_Conne:null, Latitude:-26.08027, Longitude:28.013712]], [attributes:[Precincts:Design Quarter, Quickbase_Status:Completed, QBRecordID:2390, Third_Party_Dependant_For_Conne:null, Latitude:-26.031906, Longitude:28.013296]], [attributes:[Precincts:Design Quarter, Quickbase_Status:Completed, QBRecordID:2381, Third_Party_Dependant_For_Conne:null, Latitude:-26.031996, Longitude:28.012318]], [attributes:[Precincts:Design Quarter, Quickbase_Status:Completed, QBRecordID:2393, Third_Party_Dependant_For_Conne:null, Latitude:-26.032928, Longitude:28.012184]], [attributes:[Precincts:Design Quarter, Quickbase_Status:Completed, QBRecordID:2394, Third_Party_Dependant_For_Conne:null, Latitude:-26.032814, Longitude:28.0126]], [attributes:[Precincts:Sandton Phase 1, Quickbase_Status:Completed, QBRecordID:4035, Third_Party_Dependant_For_Conne:null, Latitude:-26.097935, Longitude:28.056635]], [attributes:[Precincts:Hatfield (Phase 3), Quickbase_Status:Planned, QBRecordID:4091, Third_Party_Dependant_For_Conne:null, Latitude:-25.743746, Longitude:28.244747]], [attributes:[Precincts:James Crescent, Quickbase_Status:Completed, QBRecordID:4103, Third_Party_Dependant_For_Conne:null, Latitude:-26.001675, Longitude:28.125916]], [attributes:[Precincts:James Crescent, Quickbase_Status:Completed, QBRecordID:4097, Third_Party_Dependant_For_Conne:null, Latitude:-26.000605, Longitude:28.126898]], [attributes:[Precincts:Ingersol, Quickbase_Status:Completed, QBRecordID:2345, Third_Party_Dependant_For_Conne:null, Latitude:-25.78003, Longitude:28.276327]], [attributes:[Precincts:Ingersol, Quickbase_Status:Completed, QBRecordID:2341, Third_Party_Dependant_For_Conne:null, Latitude:-25.780033, Longitude:28.277021]], [attributes:[Precincts:Richards Drive, Quickbase_Status:Completed, QBRecordID:2456, Third_Party_Dependant_For_Conne:null, Latitude:-26.014736, Longitude:28.121595]], [attributes:[Precincts:Richards Drive, Quickbase_Status:Planned, QBRecordID:2421, Third_Party_Dependant_For_Conne:null, Latitude:-26.015661, Longitude:28.119562]], [attributes:[Precincts:Arnold, Quickbase_Status:Completed, QBRecordID:70445, Third_Party_Dependant_For_Conne:null, Latitude:-26.148893, Longitude:28.041676]], [attributes:[Precincts:Arnold, Quickbase_Status:Completed, QBRecordID:261, Third_Party_Dependant_For_Conne:null, Latitude:-26.148785, Longitude:28.042482]], [attributes:[Precincts:Homestead, Quickbase_Status:Completed, QBRecordID:237, Third_Party_Dependant_For_Conne:null, Latitude:-26.047842, Longitude:28.056503]], [attributes:[Precincts:Homestead, Quickbase_Status:Completed, QBRecordID:238, Third_Party_Dependant_For_Conne:null, Latitude:-26.048054, Longitude:28.05596]], [attributes:[Precincts:Georgian Crescent, Quickbase_Status:Completed, QBRecordID:438, Third_Party_Dependant_For_Conne:null, Latitude:-26.040613, Longitude:28.016527]], [attributes:[Precincts:Georgian Crescent, Quickbase_Status:Completed, QBRecordID:668, Third_Party_Dependant_For_Conne:null, Latitude:-26.040836, Longitude:28.015812]], [attributes:[Precincts:Georgian Crescent, Quickbase_Status:Completed, QBRecordID:321, Third_Party_Dependant_For_Conne:null, Latitude:-26.039356, Longitude:28.018518]], [attributes:[Precincts:Georgian Crescent, Quickbase_Status:Completed, QBRecordID:312, Third_Party_Dependant_For_Conne:null, Latitude:-26.040527, Longitude:28.016794]], [attributes:[Precincts:Eaton, Quickbase_Status:Completed, QBRecordID:203, Third_Party_Dependant_For_Conne:null, Latitude:-26.046724, Longitude:28.021152]], [attributes:[Precincts:Country Club Estate, Quickbase_Status:Completed, QBRecordID:502, Third_Party_Dependant_For_Conne:null, Latitude:-26.05981, Longitude:28.082664]], [attributes:[Precincts:Country Club Estate, Quickbase_Status:Completed, QBRecordID:501, Third_Party_Dependant_For_Conne:null, Latitude:-26.059282, Longitude:28.082842]], [attributes:[Precincts:Claremont, Quickbase_Status:Completed, QBRecordID:1464, Third_Party_Dependant_For_Conne:null, Latitude:-33.978535, Longitude:18.464714]], [attributes:[Precincts:Albury, Quickbase_Status:Completed, QBRecordID:277, Third_Party_Dependant_For_Conne:null, Latitude:-26.124329, Longitude:28.030823]], [attributes:[Precincts:Homestead, Quickbase_Status:Planned, QBRecordID:245, Third_Party_Dependant_For_Conne:null, Latitude:-26.046505, Longitude:28.05702]], [attributes:[Precincts:Saddle Drive, Quickbase_Status:Completed, QBRecordID:1830, Third_Party_Dependant_For_Conne:null, Latitude:-26.048752, Longitude:28.088428]], [attributes:[Precincts:Saddle Drive, Quickbase_Status:Completed, QBRecordID:1851, Third_Party_Dependant_For_Conne:null, Latitude:-26.044907, Longitude:28.089844]], [attributes:[Precincts:Saddle Drive, Quickbase_Status:Completed, QBRecordID:1844, Third_Party_Dependant_For_Conne:null, Latitude:-26.045515, Longitude:28.089851]], [attributes:[Precincts:TechnoPark, Quickbase_Status:Completed, QBRecordID:754, Third_Party_Dependant_For_Conne:null, Latitude:-33.966476, Longitude:18.830046]], [attributes:[Precincts:Western Services, Quickbase_Status:Completed, QBRecordID:2511, Third_Party_Dependant_For_Conne:null, Latitude:-26.058064, Longitude:28.086378]], [attributes:[Precincts:Western Services, Quickbase_Status:Completed, QBRecordID:92890, Third_Party_Dependant_For_Conne:null, Latitude:-26.059788, Longitude:28.088968]], [attributes:[Precincts:Western Services, Quickbase_Status:Completed, QBRecordID:2495, Third_Party_Dependant_For_Conne:null, Latitude:-26.062141, Longitude:28.089197]], [attributes:[Precincts:Western Services, Quickbase_Status:Completed, QBRecordID:2678, Third_Party_Dependant_For_Conne:null, Latitude:-26.061705, Longitude:28.089432]], [attributes:[Precincts:Riverview Office Park, Quickbase_Status:Completed, QBRecordID:2620, Third_Party_Dependant_For_Conne:null, Latitude:-25.99866, Longitude:28.118715]], [attributes:[Precincts:Girton, Quickbase_Status:Planned, QBRecordID:794, Third_Party_Dependant_For_Conne:null, Latitude:-26.184713, Longitude:28.038855]], [attributes:[Precincts:Girton, Quickbase_Status:Planned, QBRecordID:4086, Third_Party_Dependant_For_Conne:null, Latitude:-26.18334, Longitude:28.036535]], [attributes:[Precincts:Girton, Quickbase_Status:Completed, QBRecordID:871, Third_Party_Dependant_For_Conne:null, Latitude:-26.184227, Longitude:28.03609]], [attributes:[Precincts:Woodmead Estate, Quickbase_Status:Completed, QBRecordID:3939, Third_Party_Dependant_For_Conne:null, Latitude:-26.052313, Longitude:28.089493]], [attributes:[Precincts:Woodmead Estate, Quickbase_Status:Completed, QBRecordID:3940, Third_Party_Dependant_For_Conne:null, Latitude:-26.05258, Longitude:28.088873]], [attributes:[Precincts:Woodmead Estate, Quickbase_Status:Completed, QBRecordID:3941, Third_Party_Dependant_For_Conne:null, Latitude:-26.052013, Longitude:28.08888]], [attributes:[Precincts:Woodmead Estate, Quickbase_Status:Completed, QBRecordID:3945, Third_Party_Dependant_For_Conne:null, Latitude:-26.053574, Longitude:28.089462]], [attributes:[Precincts:CPT CBD Phase 02, Quickbase_Status:Completed, QBRecordID:3099, Third_Party_Dependant_For_Conne:null, Latitude:-33.92053, Longitude:18.432346]], [attributes:[Precincts:CPT CBD Phase 01, Quickbase_Status:Completed, QBRecordID:3062, Third_Party_Dependant_For_Conne:null, Latitude:-33.916515, Longitude:18.42632]], [attributes:[Precincts:Skeen Boulevard, Quickbase_Status:Completed, QBRecordID:1515, Third_Party_Dependant_For_Conne:null, Latitude:-26.174215, Longitude:28.135391]], [attributes:[Precincts:Rosenpark, Quickbase_Status:Completed, QBRecordID:2720, Third_Party_Dependant_For_Conne:null, Latitude:-33.870464, Longitude:18.639431]], [attributes:[Precincts:Rosenpark, Quickbase_Status:Completed, QBRecordID:2755, Third_Party_Dependant_For_Conne:null, Latitude:-33.870228, Longitude:18.64061]], [attributes:[Precincts:Sunninghill, Quickbase_Status:Planned, QBRecordID:383, Third_Party_Dependant_For_Conne:null, Latitude:-26.035372, Longitude:28.066488]], [attributes:[Precincts:Katherine Extension, Quickbase_Status:Completed, QBRecordID:1325, Third_Party_Dependant_For_Conne:null, Latitude:-26.101442, Longitude:28.074644]], [attributes:[Precincts:Katherine Extension, Quickbase_Status:Completed, QBRecordID:1337, Third_Party_Dependant_For_Conne:null, Latitude:-26.105465, Longitude:28.068985]], [attributes:[Precincts:Katherine Extension, Quickbase_Status:Completed, QBRecordID:1335, Third_Party_Dependant_For_Conne:null, Latitude:-26.105165, Longitude:28.069757]], [attributes:[Precincts:Kent, Quickbase_Status:Completed, QBRecordID:575, Third_Party_Dependant_For_Conne:null, Latitude:-26.098873, Longitude:27.997879]], [attributes:[Precincts:Oak Avenue, Quickbase_Status:Planned, QBRecordID:3910, Third_Party_Dependant_For_Conne:null, Latitude:-26.099642, Longitude:28.001368]], [attributes:[Precincts:Sandton Phase 1, Quickbase_Status:Completed, QBRecordID:3915, Third_Party_Dependant_For_Conne:null, Latitude:-26.099281, Longitude:28.05587]], [attributes:[Precincts:Sandton Phase 3, Quickbase_Status:Completed, QBRecordID:2991, Third_Party_Dependant_For_Conne:null, Latitude:-26.102137, Longitude:28.057287]], [attributes:[Precincts:Sandton Phase 3, Quickbase_Status:Completed, QBRecordID:4030, Third_Party_Dependant_For_Conne:null, Latitude:-26.109106, Longitude:28.05701]], [attributes:[Precincts:Sandton Phase 1, Quickbase_Status:Completed, QBRecordID:2910, Third_Party_Dependant_For_Conne:null, Latitude:-26.100014, Longitude:28.050875]], [attributes:[Precincts:Sandton Phase 2, Quickbase_Status:Completed, QBRecordID:4034, Third_Party_Dependant_For_Conne:null, Latitude:-26.103277, Longitude:28.0536]], [attributes:[Precincts:Sandton Phase 1, Quickbase_Status:Completed, QBRecordID:2903, Third_Party_Dependant_For_Conne:null, Latitude:-26.103876, Longitude:28.054283]], [attributes:[Precincts:Ashley Gardens, Quickbase_Status:Completed, QBRecordID:2659, Third_Party_Dependant_For_Conne:null, Latitude:-25.78221, Longitude:28.265053]], [attributes:[Precincts:Ashley Gardens, Quickbase_Status:Completed, QBRecordID:2645, Third_Party_Dependant_For_Conne:null, Latitude:-25.784569, Longitude:28.264935]], [attributes:[Precincts:Ashley Gardens, Quickbase_Status:Completed, QBRecordID:2639, Third_Party_Dependant_For_Conne:null, Latitude:-25.783796, Longitude:28.26643]], [attributes:[Precincts:Ashley Gardens, Quickbase_Status:Completed, QBRecordID:2641, Third_Party_Dependant_For_Conne:null, Latitude:-25.783854, Longitude:28.266804]], [attributes:[Precincts:Route 21 Office Park, Quickbase_Status:Completed, QBRecordID:1969, Third_Party_Dependant_For_Conne:null, Latitude:-25.860336, Longitude:28.257902]], [attributes:[Precincts:Route 21 Office Park, Quickbase_Status:Completed, QBRecordID:1970, Third_Party_Dependant_For_Conne:null, Latitude:-25.860304, Longitude:28.258123]], [attributes:[Precincts:Route 21 Office Park, Quickbase_Status:Completed, QBRecordID:3971, Third_Party_Dependant_For_Conne:null, Latitude:-25.860798, Longitude:28.254122]], [attributes:[Precincts:Central Park, Quickbase_Status:Completed, QBRecordID:1475, Third_Party_Dependant_For_Conne:null, Latitude:-25.980457, Longitude:28.132357]], [attributes:[Precincts:Central Park, Quickbase_Status:Completed, QBRecordID:4017, Third_Party_Dependant_For_Conne:null, Latitude:-25.975683, Longitude:28.132923]], [attributes:[Precincts:Central Park, Quickbase_Status:Completed, QBRecordID:1487, Third_Party_Dependant_For_Conne:null, Latitude:-25.97844, Longitude:28.132385]], [attributes:[Precincts:Bryanston Extension, Quickbase_Status:Completed, QBRecordID:1924, Third_Party_Dependant_For_Conne:null, Latitude:-26.05471, Longitude:28.021288]], [attributes:[Precincts:Bryanston Extension, Quickbase_Status:Completed, QBRecordID:1883, Third_Party_Dependant_For_Conne:null, Latitude:-26.045933, Longitude:28.024305]], [attributes:[Precincts:Sandton Phase 3, Quickbase_Status:Completed, QBRecordID:3828, Third_Party_Dependant_For_Conne:null, Latitude:-26.111061, Longitude:28.055067]], [attributes:[Precincts:Sandton Phase 3, Quickbase_Status:Completed, QBRecordID:2919, Third_Party_Dependant_For_Conne:null, Latitude:-26.111359, Longitude:28.055454]], [attributes:[Precincts:Sandton Phase 3, Quickbase_Status:Planned, QBRecordID:2893, Third_Party_Dependant_For_Conne:null, Latitude:-26.110895, Longitude:28.056168]], [attributes:[Precincts:Tygervalley, Quickbase_Status:Completed, QBRecordID:2603, Third_Party_Dependant_For_Conne:null, Latitude:-33.880104, Longitude:18.634905]], [attributes:[Precincts:Tygervalley, Quickbase_Status:Completed, QBRecordID:2604, Third_Party_Dependant_For_Conne:null, Latitude:-33.8795, Longitude:18.634537]], [attributes:[Precincts:Tygervalley, Quickbase_Status:Completed, QBRecordID:2596, Third_Party_Dependant_For_Conne:null, Latitude:-33.881786, Longitude:18.635708]], [attributes:[Precincts:Tygervalley, Quickbase_Status:Completed, QBRecordID:2581, Third_Party_Dependant_For_Conne:null, Latitude:-33.881462, Longitude:18.63578]], [attributes:[Precincts:Tygervalley, Quickbase_Status:Completed, QBRecordID:4003, Third_Party_Dependant_For_Conne:null, Latitude:-33.883114, Longitude:18.635628]], [attributes:[Precincts:Westlake, Quickbase_Status:Completed, QBRecordID:3029, Third_Party_Dependant_For_Conne:null, Latitude:-34.07723, Longitude:18.440435]], [attributes:[Precincts:Wierda Road, Quickbase_Status:Completed, QBRecordID:354, Third_Party_Dependant_For_Conne:null, Latitude:-26.113438, Longitude:28.05752]], [attributes:[Precincts:Wierda Road, Quickbase_Status:Completed, QBRecordID:909, Third_Party_Dependant_For_Conne:null, Latitude:-26.113329, Longitude:28.057814]], [attributes:[Precincts:Wierda Road, Quickbase_Status:Completed, QBRecordID:905, Third_Party_Dependant_For_Conne:null, Latitude:-26.114542, Longitude:28.057327]], [attributes:[Precincts:Wierda Road, Quickbase_Status:Completed, QBRecordID:337, Third_Party_Dependant_For_Conne:null, Latitude:-26.110798, Longitude:28.060898]], [attributes:[Precincts:Wierda Road, Quickbase_Status:Completed, QBRecordID:619, Third_Party_Dependant_For_Conne:null, Latitude:-26.11121, Longitude:28.06111]], [attributes:[Precincts:Wierda Road, Quickbase_Status:Completed, QBRecordID:362, Third_Party_Dependant_For_Conne:null, Latitude:-26.113594, Longitude:28.05533]], [attributes:[Precincts:Rivonia North, Quickbase_Status:Completed, QBRecordID:1417, Third_Party_Dependant_For_Conne:null, Latitude:-26.042265, Longitude:28.06096]], [attributes:[Precincts:Rivonia North, Quickbase_Status:Completed, QBRecordID:644, Third_Party_Dependant_For_Conne:null, Latitude:-26.046589, Longitude:28.059963]], [attributes:[Precincts:Rivonia North, Quickbase_Status:Completed, QBRecordID:635, Third_Party_Dependant_For_Conne:null, Latitude:-26.047112, Longitude:28.05994]], [attributes:[Precincts:CPT CBD Phase 02, Quickbase_Status:WIP, QBRecordID:3089, Third_Party_Dependant_For_Conne:null, Latitude:-33.920956, Longitude:18.4343]], [attributes:[Precincts:Woodlands Office Park, Quickbase_Status:Completed, QBRecordID:1681, Third_Party_Dependant_For_Conne:null, Latitude:-26.062876, Longitude:28.083673]], [attributes:[Precincts:Woodlands Office Park, Quickbase_Status:Completed, QBRecordID:1682, Third_Party_Dependant_For_Conne:null, Latitude:-26.063118, Longitude:28.08411]], [attributes:[Precincts:Woodlands Office Park, Quickbase_Status:Completed, QBRecordID:1683, Third_Party_Dependant_For_Conne:null, Latitude:-26.063227, Longitude:28.084745]], [attributes:[Precincts:Woodlands Office Park, Quickbase_Status:Completed, QBRecordID:1648, Third_Party_Dependant_For_Conne:null, Latitude:-26.059397, Longitude:28.086708]], [attributes:[Precincts:Ann Crescent, Quickbase_Status:Completed, QBRecordID:922, Third_Party_Dependant_For_Conne:null, Latitude:-26.101658, Longitude:28.070904]], [attributes:[Precincts:Ann Crescent, Quickbase_Status:Planned, QBRecordID:1322, Third_Party_Dependant_For_Conne:null, Latitude:-26.10268, Longitude:28.071737]], [attributes:[Precincts:Ann Crescent, Quickbase_Status:Completed, QBRecordID:930, Third_Party_Dependant_For_Conne:null, Latitude:-26.102522, Longitude:28.071583]], [attributes:[Precincts:Burnside Office Park, Quickbase_Status:Completed, QBRecordID:3442, Third_Party_Dependant_For_Conne:null, Latitude:-26.11289, Longitude:28.02115]], [attributes:[Precincts:Burnside Office Park, Quickbase_Status:Planned, QBRecordID:2987, Third_Party_Dependant_For_Conne:null, Latitude:-26.114431, Longitude:28.021677]], [attributes:[Precincts:Burnside Office Park, Quickbase_Status:Completed, QBRecordID:3455, Third_Party_Dependant_For_Conne:null, Latitude:-26.116247, Longitude:28.020216]], [attributes:[Precincts:Thornhill, Quickbase_Status:Completed, QBRecordID:1185, Third_Party_Dependant_For_Conne:null, Latitude:-26.009916, Longitude:28.11217]], [attributes:[Precincts:Thornhill, Quickbase_Status:Completed, QBRecordID:1186, Third_Party_Dependant_For_Conne:null, Latitude:-26.010157, Longitude:28.111982]], [attributes:[Precincts:Thornhill, Quickbase_Status:Completed, QBRecordID:1202, Third_Party_Dependant_For_Conne:null, Latitude:-26.009232, Longitude:28.114048]], [attributes:[Precincts:Charles Crescent, Quickbase_Status:Completed, QBRecordID:1352, Third_Party_Dependant_For_Conne:null, Latitude:-26.09765, Longitude:28.079432]], [attributes:[Precincts:Charles Crescent, Quickbase_Status:Completed, QBRecordID:1351, Third_Party_Dependant_For_Conne:null, Latitude:-26.097342, Longitude:28.079967]], [attributes:[Precincts:Charles Crescent, Quickbase_Status:Completed, QBRecordID:948, Third_Party_Dependant_For_Conne:null, Latitude:-26.094177, Longitude:28.083155]], [attributes:[Precincts:Central Street, Quickbase_Status:Completed, QBRecordID:834, Third_Party_Dependant_For_Conne:null, Latitude:-26.161352, Longitude:28.057941]], [attributes:[Precincts:Central Street, Quickbase_Status:Completed, QBRecordID:830, Third_Party_Dependant_For_Conne:null, Latitude:-26.16712, Longitude:28.05598]], [attributes:[Precincts:Central Street, Quickbase_Status:Completed, QBRecordID:1459, Third_Party_Dependant_For_Conne:null, Latitude:-26.167715, Longitude:28.055649]], [attributes:[Precincts:Sandton Phase 2, Quickbase_Status:WIP, QBRecordID:4033, Third_Party_Dependant_For_Conne:null, Latitude:-26.10445, Longitude:28.054836]], [attributes:[Precincts:Sandton Phase 2, Quickbase_Status:Completed, QBRecordID:4037, Third_Party_Dependant_For_Conne:null, Latitude:-26.103207, Longitude:28.04843]], [attributes:[Precincts:Sandton Phase 2, Quickbase_Status:Completed, QBRecordID:2949, Third_Party_Dependant_For_Conne:null, Latitude:-26.104227, Longitude:28.053091]], [attributes:[Precincts:Woodlands Office Park, Quickbase_Status:Completed, QBRecordID:1640, Third_Party_Dependant_For_Conne:null, Latitude:-26.060812, Longitude:28.08788]], [attributes:[Precincts:Western Services, Quickbase_Status:Completed, QBRecordID:2507, Third_Party_Dependant_For_Conne:null, Latitude:-26.05643, Longitude:28.088402]], [attributes:[Precincts:Woodlands Office Park, Quickbase_Status:Completed, QBRecordID:1649, Third_Party_Dependant_For_Conne:null, Latitude:-26.059435, Longitude:28.086117]], [attributes:[Precincts:Woodlands Office Park, Quickbase_Status:Completed, QBRecordID:1650, Third_Party_Dependant_For_Conne:null, Latitude:-26.058474, Longitude:28.086266]], [attributes:[Precincts:Woodlands Office Park, Quickbase_Status:Completed, QBRecordID:1651, Third_Party_Dependant_For_Conne:null, Latitude:-26.057573, Longitude:28.085564]], [attributes:[Precincts:Ann Crescent, Quickbase_Status:Completed, QBRecordID:926, Third_Party_Dependant_For_Conne:null, Latitude:-26.100262, Longitude:28.069883]], [attributes:[Precincts:Ann Crescent, Quickbase_Status:Completed, QBRecordID:927, Third_Party_Dependant_For_Conne:null, Latitude:-26.100992, Longitude:28.070889]], [attributes:[Precincts:Ann Crescent, Quickbase_Status:Completed, QBRecordID:928, Third_Party_Dependant_For_Conne:null, Latitude:-26.100763, Longitude:28.071585]], [attributes:[Precincts:Burnside Office Park, Quickbase_Status:Completed, QBRecordID:3444, Third_Party_Dependant_For_Conne:null, Latitude:-26.113401, Longitude:28.021626]], [attributes:[Precincts:Bruma Lake, Quickbase_Status:Planned, QBRecordID:4011, Third_Party_Dependant_For_Conne:null, Latitude:-26.18168, Longitude:28.110214]], [attributes:[Precincts:Bruma Lake, Quickbase_Status:Completed, QBRecordID:966, Third_Party_Dependant_For_Conne:null, Latitude:-26.182486, Longitude:28.108494]], [attributes:[Precincts:Bruma Lake, Quickbase_Status:Completed, QBRecordID:973, Third_Party_Dependant_For_Conne:null, Latitude:-26.181828, Longitude:28.107105]], [attributes:[Precincts:Bruma Lake, Quickbase_Status:Completed, QBRecordID:1489, Third_Party_Dependant_For_Conne:null, Latitude:-26.180908, Longitude:28.105421]], [attributes:[Precincts:CPT CBD Phase 01, Quickbase_Status:Planned, QBRecordID:3058, Third_Party_Dependant_For_Conne:null, Latitude:-33.91668, Longitude:18.42475]], [attributes:[Precincts:Charles Crescent, Quickbase_Status:Completed, QBRecordID:953, Third_Party_Dependant_For_Conne:null, Latitude:-26.091366, Longitude:28.083164]], [attributes:[Precincts:Charles Crescent, Quickbase_Status:Completed, QBRecordID:1629, Third_Party_Dependant_For_Conne:null, Latitude:-26.091692, Longitude:28.082426]], [attributes:[Precincts:Central Street, Quickbase_Status:Planned, QBRecordID:842, Third_Party_Dependant_For_Conne:null, Latitude:-26.164112, Longitude:28.057018]], [attributes:[Precincts:George Road, Quickbase_Status:Completed, QBRecordID:1754, Third_Party_Dependant_For_Conne:null, Latitude:-25.967161, Longitude:28.131168]], [attributes:[Precincts:George Road, Quickbase_Status:Completed, QBRecordID:997, Third_Party_Dependant_For_Conne:null, Latitude:-25.968729, Longitude:28.130781]], [attributes:[Precincts:George Road, Quickbase_Status:Completed, QBRecordID:1755, Third_Party_Dependant_For_Conne:null, Latitude:-25.969461, Longitude:28.136065]], [attributes:[Precincts:George Road, Quickbase_Status:Completed, QBRecordID:1008, Third_Party_Dependant_For_Conne:null, Latitude:-25.970312, Longitude:28.134855]], [attributes:[Precincts:George Road, Quickbase_Status:Completed, QBRecordID:991, Third_Party_Dependant_For_Conne:null, Latitude:-25.964075, Longitude:28.135302]], [attributes:[Precincts:George Road, Quickbase_Status:Completed, QBRecordID:4071, Third_Party_Dependant_For_Conne:null, Latitude:-25.97198, Longitude:28.133791]], [attributes:[Precincts:George Road, Quickbase_Status:Planned, QBRecordID:4073, Third_Party_Dependant_For_Conne:null, Latitude:-25.971994, Longitude:28.129755]], [attributes:[Precincts:Arden Grove, Quickbase_Status:Completed, QBRecordID:1572, Third_Party_Dependant_For_Conne:null, Latitude:-33.86441, Longitude:18.515121]], [attributes:[Precincts:Arden Grove, Quickbase_Status:Planned, QBRecordID:1561, Third_Party_Dependant_For_Conne:null, Latitude:-33.86351, Longitude:18.5143]], [attributes:[Precincts:Arden Grove, Quickbase_Status:Planned, QBRecordID:1571, Third_Party_Dependant_For_Conne:null, Latitude:-33.862324, Longitude:18.51484]], [attributes:[Precincts:Arden Grove, Quickbase_Status:Completed, QBRecordID:1601, Third_Party_Dependant_For_Conne:null, Latitude:-33.86636, Longitude:18.51303]], [attributes:[Precincts:Arden Grove, Quickbase_Status:Partial Build Completed, QBRecordID:1604, Third_Party_Dependant_For_Conne:null, Latitude:-33.866047, Longitude:18.51333]], [attributes:[Precincts:CPT CBD Phase 01, Quickbase_Status:Completed, QBRecordID:3053, Third_Party_Dependant_For_Conne:null, Latitude:-33.91582, Longitude:18.423748]], [attributes:[Precincts:CPT CBD Phase 01, Quickbase_Status:Completed, QBRecordID:3055, Third_Party_Dependant_For_Conne:null, Latitude:-33.916557, Longitude:18.424042]], [attributes:[Precincts:Umhlanga (Phase 3), Quickbase_Status:Planned, QBRecordID:2805, Third_Party_Dependant_For_Conne:null, Latitude:-29.737463, Longitude:31.071108]], [attributes:[Precincts:Umhlanga (Phase 3), Quickbase_Status:Completed, QBRecordID:2766, Third_Party_Dependant_For_Conne:null, Latitude:-29.738543, Longitude:31.070219]], [attributes:[Precincts:Umhlanga (Phase 3), Quickbase_Status:Planned, QBRecordID:95947, Third_Party_Dependant_For_Conne:null, Latitude:-29.737955, Longitude:31.07078]], [attributes:[Precincts:Umhlanga (Phase 3), Quickbase_Status:Completed, QBRecordID:2781, Third_Party_Dependant_For_Conne:null, Latitude:-29.734396, Longitude:31.071133]], [attributes:[Precincts:Umhlanga (Phase 3), Quickbase_Status:WIP, QBRecordID:2775, Third_Party_Dependant_For_Conne:null, Latitude:-29.73533, Longitude:31.070305]], [attributes:[Precincts:Saddle Drive, Quickbase_Status:Completed, QBRecordID:1847, Third_Party_Dependant_For_Conne:null, Latitude:-26.04556, Longitude:28.08908]], [attributes:[Precincts:Saddle Drive, Quickbase_Status:Completed, QBRecordID:1850, Third_Party_Dependant_For_Conne:null, Latitude:-26.045046, Longitude:28.089087]], [attributes:[Precincts:Sandton Phase 3, Quickbase_Status:Completed, QBRecordID:2999, Third_Party_Dependant_For_Conne:null, Latitude:-26.102093, Longitude:28.056158]], [attributes:[Precincts:Sandton Phase 1, Quickbase_Status:Completed, QBRecordID:2915, Third_Party_Dependant_For_Conne:null, Latitude:-26.102444, Longitude:28.055677]], [attributes:[Precincts:Witch-Hazel, Quickbase_Status:Completed, QBRecordID:1674, Third_Party_Dependant_For_Conne:null, Latitude:-25.87316, Longitude:28.186098]], [attributes:[Precincts:Witch-Hazel, Quickbase_Status:Completed, QBRecordID:1675, Third_Party_Dependant_For_Conne:null, Latitude:-25.873066, Longitude:28.186337]], [attributes:[Precincts:Witch-Hazel, Quickbase_Status:Completed, QBRecordID:1669, Third_Party_Dependant_For_Conne:null, Latitude:-25.872387, Longitude:28.185709]], [attributes:[Precincts:Witch-Hazel, Quickbase_Status:Completed, QBRecordID:2193, Third_Party_Dependant_For_Conne:null, Latitude:-25.873901, Longitude:28.180784]], [attributes:[Precincts:Rosebank Phase 2, Quickbase_Status:Completed, QBRecordID:3996, Third_Party_Dependant_For_Conne:null, Latitude:-26.14616, Longitude:28.035168]], [attributes:[Precincts:Rosebank Phase 2, Quickbase_Status:Completed, QBRecordID:2887, Third_Party_Dependant_For_Conne:null, Latitude:-26.145657, Longitude:28.035316]], [attributes:[Precincts:Rosebank Phase 2, Quickbase_Status:Completed, QBRecordID:2886, Third_Party_Dependant_For_Conne:null, Latitude:-26.144165, Longitude:28.03541]], [attributes:[Precincts:Rosebank Phase 2, Quickbase_Status:Completed, QBRecordID:2884, Third_Party_Dependant_For_Conne:null, Latitude:-26.143892, Longitude:28.035038]], [attributes:[Precincts:Rosebank Phase 1, Quickbase_Status:Completed, QBRecordID:2877, Third_Party_Dependant_For_Conne:null, Latitude:-26.142122, Longitude:28.0412]], [attributes:[Precincts:Capital Hill, Quickbase_Status:Completed, QBRecordID:2407, Third_Party_Dependant_For_Conne:null, Latitude:-26.0092, Longitude:28.130812]], [attributes:[Precincts:Capital Hill, Quickbase_Status:Completed, QBRecordID:2408, Third_Party_Dependant_For_Conne:null, Latitude:-26.009987, Longitude:28.131395]], [attributes:[Precincts:Capital Hill, Quickbase_Status:Completed, QBRecordID:2414, Third_Party_Dependant_For_Conne:null, Latitude:-26.012205, Longitude:28.12755]], [attributes:[Precincts:Peter Place, Quickbase_Status:Completed, QBRecordID:700, Third_Party_Dependant_For_Conne:null, Latitude:-26.082706, Longitude:28.01993]], [attributes:[Precincts:Peter Place, Quickbase_Status:Completed, QBRecordID:701, Third_Party_Dependant_For_Conne:null, Latitude:-26.082378, Longitude:28.019981]], [attributes:[Precincts:Richards Drive, Quickbase_Status:Completed, QBRecordID:2455, Third_Party_Dependant_For_Conne:null, Latitude:-26.011364, Longitude:28.123363]], [attributes:[Precincts:Richards Drive, Quickbase_Status:Completed, QBRecordID:2673, Third_Party_Dependant_For_Conne:null, Latitude:-26.016201, Longitude:28.12182]], [attributes:[Precincts:Albury, Quickbase_Status:Completed, QBRecordID:276, Third_Party_Dependant_For_Conne:null, Latitude:-26.125679, Longitude:28.031355]], [attributes:[Precincts:Albury, Quickbase_Status:Completed, QBRecordID:278, Third_Party_Dependant_For_Conne:null, Latitude:-26.126013, Longitude:28.031326]], [attributes:[Precincts:Georgian Crescent, Quickbase_Status:Completed, QBRecordID:331, Third_Party_Dependant_For_Conne:null, Latitude:-26.038254, Longitude:28.018303]], [attributes:[Precincts:Impala, Quickbase_Status:Completed, QBRecordID:151, Third_Party_Dependant_For_Conne:null, Latitude:-26.115414, Longitude:28.050318]], [attributes:[Precincts:Impala, Quickbase_Status:Completed, QBRecordID:177, Third_Party_Dependant_For_Conne:null, Latitude:-26.116453, Longitude:28.050951]], [attributes:[Precincts:Impala, Quickbase_Status:Completed, QBRecordID:162, Third_Party_Dependant_For_Conne:null, Latitude:-26.114763, Longitude:28.052935]], [attributes:[Precincts:Country Club Estate, Quickbase_Status:Completed, QBRecordID:495, Third_Party_Dependant_For_Conne:null, Latitude:-26.057266, Longitude:28.08457]], [attributes:[Precincts:Claremont, Quickbase_Status:Completed, QBRecordID:393, Third_Party_Dependant_For_Conne:null, Latitude:-33.97928, Longitude:18.462265]], [attributes:[Precincts:TechnoPark, Quickbase_Status:Completed, QBRecordID:1284, Third_Party_Dependant_For_Conne:null, Latitude:-33.966354, Longitude:18.838724]], [attributes:[Precincts:Ballyclare (Bally Oakes incl), Quickbase_Status:Completed, QBRecordID:565, Third_Party_Dependant_For_Conne:null, Latitude:-26.074131, Longitude:28.029745]], [attributes:[Precincts:Scott Street, Quickbase_Status:Completed, QBRecordID:1716, Third_Party_Dependant_For_Conne:null, Latitude:-26.13555, Longitude:28.070051]], [attributes:[Precincts:Scott Street, Quickbase_Status:Completed, QBRecordID:2832, Third_Party_Dependant_For_Conne:null, Latitude:-26.130014, Longitude:28.072329]], [attributes:[Precincts:CPT CBD Phase 02, Quickbase_Status:Completed, QBRecordID:3100, Third_Party_Dependant_For_Conne:null, Latitude:-33.920425, Longitude:18.431992]], [attributes:[Precincts:CPT CBD Phase 02, Quickbase_Status:Planned, QBRecordID:3101, Third_Party_Dependant_For_Conne:null, Latitude:-33.92069, Longitude:18.431694]], [attributes:[Precincts:Sunninghill, Quickbase_Status:Planned, QBRecordID:369, Third_Party_Dependant_For_Conne:null, Latitude:-26.033318, Longitude:28.063334]], [attributes:[Precincts:Sunninghill, Quickbase_Status:Completed, QBRecordID:371, Third_Party_Dependant_For_Conne:null, Latitude:-26.033546, Longitude:28.062088]], [attributes:[Precincts:Sunninghill, Quickbase_Status:Completed, QBRecordID:375, Third_Party_Dependant_For_Conne:null, Latitude:-26.034357, Longitude:28.067345]], [attributes:[Precincts:Sunninghill, Quickbase_Status:Completed, QBRecordID:652, Third_Party_Dependant_For_Conne:null, Latitude:-26.0342, Longitude:28.06832]], [attributes:[Precincts:Kent, Quickbase_Status:Completed, QBRecordID:578, Third_Party_Dependant_For_Conne:null, Latitude:-26.097687, Longitude:27.998924]], [attributes:[Precincts:Kent, Quickbase_Status:Completed, QBRecordID:556, Third_Party_Dependant_For_Conne:null, Latitude:-26.095211, Longitude:28.00069]], [attributes:[Precincts:Kent, Quickbase_Status:Completed, QBRecordID:732, Third_Party_Dependant_For_Conne:null, Latitude:-26.09971, Longitude:27.998024]], [attributes:[Precincts:Kent, Quickbase_Status:Completed, QBRecordID:743, Third_Party_Dependant_For_Conne:null, Latitude:-26.099758, Longitude:27.99832]], [attributes:[Precincts:Kent, Quickbase_Status:Completed, QBRecordID:744, Third_Party_Dependant_For_Conne:null, Latitude:-26.100399, Longitude:27.99833]], [attributes:[Precincts:Kent, Quickbase_Status:Completed, QBRecordID:553, Third_Party_Dependant_For_Conne:null, Latitude:-26.095901, Longitude:28.000227]], [attributes:[Precincts:Oak Avenue, Quickbase_Status:Completed, QBRecordID:4068, Third_Party_Dependant_For_Conne:null, Latitude:-26.097725, Longitude:28.002155]], [attributes:[Precincts:Oak Avenue, Quickbase_Status:Completed, QBRecordID:525, Third_Party_Dependant_For_Conne:null, Latitude:-26.09771, Longitude:28.0018]], [attributes:[Precincts:Sandton Phase 1, Quickbase_Status:Planned, QBRecordID:4023, Third_Party_Dependant_For_Conne:null, Latitude:-26.098267, Longitude:28.055304]], [attributes:[Precincts:Sandton Phase 1, Quickbase_Status:Planned, QBRecordID:2961, Third_Party_Dependant_For_Conne:null, Latitude:-26.097988, Longitude:28.055916]], [attributes:[Precincts:Sandton Phase 1, Quickbase_Status:Planned, QBRecordID:4024, Third_Party_Dependant_For_Conne:null, Latitude:-26.097502, Longitude:28.055305]], [attributes:[Precincts:Sandton Phase 1, Quickbase_Status:Completed, QBRecordID:2924, Third_Party_Dependant_For_Conne:null, Latitude:-26.103014, Longitude:28.054876]], [attributes:[Precincts:Ashley Gardens, Quickbase_Status:Planned, QBRecordID:2633, Third_Party_Dependant_For_Conne:null, Latitude:-25.783861, Longitude:28.265663]], [attributes:[Precincts:Ashley Gardens, Quickbase_Status:Completed, QBRecordID:2627, Third_Party_Dependant_For_Conne:null, Latitude:-25.784182, Longitude:28.26437]], [attributes:[Precincts:Route 21 Office Park, Quickbase_Status:Planned, QBRecordID:2000, Third_Party_Dependant_For_Conne:null, Latitude:-25.861195, Longitude:28.256271]], [attributes:[Precincts:Central Park, Quickbase_Status:Completed, QBRecordID:1481, Third_Party_Dependant_For_Conne:null, Latitude:-25.979628, Longitude:28.131151]], [attributes:[Precincts:Bryanston Extension, Quickbase_Status:Completed, QBRecordID:1878, Third_Party_Dependant_For_Conne:null, Latitude:-26.04467, Longitude:28.025568]], [attributes:[Precincts:Bryanston Extension, Quickbase_Status:Completed, QBRecordID:1904, Third_Party_Dependant_For_Conne:null, Latitude:-26.040606, Longitude:28.013525]], [attributes:[Precincts:Bryanston Extension, Quickbase_Status:Completed, QBRecordID:1900, Third_Party_Dependant_For_Conne:null, Latitude:-26.040243, Longitude:28.011772]], [attributes:[Precincts:Bryanston Extension, Quickbase_Status:Completed, QBRecordID:1902, Third_Party_Dependant_For_Conne:null, Latitude:-26.040659, Longitude:28.011404]], [attributes:[Precincts:Morningside, Quickbase_Status:Completed, QBRecordID:1395, Third_Party_Dependant_For_Conne:null, Latitude:-26.073824, Longitude:28.065453]], [attributes:[Precincts:Morningside, Quickbase_Status:Completed, QBRecordID:1397, Third_Party_Dependant_For_Conne:null, Latitude:-26.073298, Longitude:28.065784]], [attributes:[Precincts:Sandton Phase 3, Quickbase_Status:Completed, QBRecordID:3934, Third_Party_Dependant_For_Conne:null, Latitude:-26.102747, Longitude:28.056307]], [attributes:[Precincts:Sandton Phase 3, Quickbase_Status:Completed, QBRecordID:2944, Third_Party_Dependant_For_Conne:null, Latitude:-26.105701, Longitude:28.060457]], [attributes:[Precincts:Tygervalley, Quickbase_Status:Completed, QBRecordID:2578, Third_Party_Dependant_For_Conne:null, Latitude:-33.877956, Longitude:18.636856]], [attributes:[Precincts:Tygervalley, Quickbase_Status:Completed, QBRecordID:2577, Third_Party_Dependant_For_Conne:null, Latitude:-33.878113, Longitude:18.63681]], [attributes:[Precincts:Tygervalley, Quickbase_Status:Completed, QBRecordID:2567, Third_Party_Dependant_For_Conne:null, Latitude:-33.883503, Longitude:18.635534]], [attributes:[Precincts:Tygervalley, Quickbase_Status:Planned, QBRecordID:4004, Third_Party_Dependant_For_Conne:null, Latitude:-33.88289, Longitude:18.636496]], [attributes:[Precincts:Westlake, Quickbase_Status:Completed, QBRecordID:1820, Third_Party_Dependant_For_Conne:null, Latitude:-34.076885, Longitude:18.436445]], [attributes:[Precincts:Westlake, Quickbase_Status:Completed, QBRecordID:1243, Third_Party_Dependant_For_Conne:null, Latitude:-34.079166, Longitude:18.440453]], [attributes:[Precincts:Westlake, Quickbase_Status:Partial Build Completed, QBRecordID:1239, Third_Party_Dependant_For_Conne:null, Latitude:-34.07903, Longitude:18.439991]], [attributes:[Precincts:Westlake, Quickbase_Status:Completed, QBRecordID:1212, Third_Party_Dependant_For_Conne:null, Latitude:-34.0787, Longitude:18.436296]], [attributes:[Precincts:Westlake, Quickbase_Status:Completed, QBRecordID:1818, Third_Party_Dependant_For_Conne:null, Latitude:-34.07811, Longitude:18.435837]], [attributes:[Precincts:Westlake, Quickbase_Status:Completed, QBRecordID:1811, Third_Party_Dependant_For_Conne:null, Latitude:-34.07822, Longitude:18.438814]], [attributes:[Precincts:Centurion Gautrain Station, Quickbase_Status:Completed, QBRecordID:2300, Third_Party_Dependant_For_Conne:null, Latitude:-25.853487, Longitude:28.195784]], [attributes:[Precincts:Centurion Gautrain Station, Quickbase_Status:Completed, QBRecordID:2290, Third_Party_Dependant_For_Conne:null, Latitude:-25.853943, Longitude:28.190182]], [attributes:[Precincts:Centurion Gautrain Station, Quickbase_Status:Completed, QBRecordID:2291, Third_Party_Dependant_For_Conne:null, Latitude:-25.854448, Longitude:28.190132]], [attributes:[Precincts:Rivonia North, Quickbase_Status:Completed, QBRecordID:413, Third_Party_Dependant_For_Conne:null, Latitude:-26.042513, Longitude:28.057589]], [attributes:[Precincts:Rivonia North, Quickbase_Status:Completed, QBRecordID:414, Third_Party_Dependant_For_Conne:null, Latitude:-26.042145, Longitude:28.05781]], [attributes:[Precincts:Rivonia North, Quickbase_Status:Completed, QBRecordID:1419, Third_Party_Dependant_For_Conne:null, Latitude:-26.041605, Longitude:28.061245]], [attributes:[Precincts:Woodlands Office Park, Quickbase_Status:Completed, QBRecordID:1634, Third_Party_Dependant_For_Conne:null, Latitude:-26.062277, Longitude:28.087145]], [attributes:[Precincts:Woodlands Office Park, Quickbase_Status:Completed, QBRecordID:1635, Third_Party_Dependant_For_Conne:null, Latitude:-26.06244, Longitude:28.086178]], [attributes:[Precincts:Woodlands Office Park, Quickbase_Status:Completed, QBRecordID:1636, Third_Party_Dependant_For_Conne:null, Latitude:-26.062328, Longitude:28.085508]], [attributes:[Precincts:Woodlands Office Park, Quickbase_Status:Completed, QBRecordID:1646, Third_Party_Dependant_For_Conne:null, Latitude:-26.059145, Longitude:28.087345]], [attributes:[Precincts:Woodlands Office Park, Quickbase_Status:Completed, QBRecordID:1647, Third_Party_Dependant_For_Conne:null, Latitude:-26.05842, Longitude:28.086994]], [attributes:[Precincts:Bruma Lake, Quickbase_Status:Completed, QBRecordID:1541, Third_Party_Dependant_For_Conne:null, Latitude:-26.178778, Longitude:28.112518]], [attributes:[Precincts:Bruma Lake, Quickbase_Status:Planned, QBRecordID:4010, Third_Party_Dependant_For_Conne:null, Latitude:-26.18016, Longitude:28.106987]], [attributes:[Precincts:Bruma Lake, Quickbase_Status:Completed, QBRecordID:972, Third_Party_Dependant_For_Conne:null, Latitude:-26.182539, Longitude:28.106707]], [attributes:[Precincts:Charles Crescent, Quickbase_Status:Completed, QBRecordID:1632, Third_Party_Dependant_For_Conne:null, Latitude:-26.09429, Longitude:28.083904]], [attributes:[Precincts:Central Street, Quickbase_Status:Completed, QBRecordID:845, Third_Party_Dependant_For_Conne:null, Latitude:-26.160757, Longitude:28.057938]], [attributes:[Precincts:Sandton Phase 2, Quickbase_Status:Completed, QBRecordID:2937, Third_Party_Dependant_For_Conne:null, Latitude:-26.10731, Longitude:28.049913]], [attributes:[Precincts:Sandton Phase 3, Quickbase_Status:Completed, QBRecordID:2946, Third_Party_Dependant_For_Conne:null, Latitude:-26.105055, Longitude:28.055525]], [attributes:[Precincts:Sandton Phase 2, Quickbase_Status:Completed, QBRecordID:3912, Third_Party_Dependant_For_Conne:null, Latitude:-26.108482, Longitude:28.048977]], [attributes:[Precincts:Arden Grove, Quickbase_Status:Completed, QBRecordID:1605, Third_Party_Dependant_For_Conne:null, Latitude:-33.86585, Longitude:18.512522]], [attributes:[Precincts:Arden Grove, Quickbase_Status:Planned, QBRecordID:1600, Third_Party_Dependant_For_Conne:null, Latitude:-33.868595, Longitude:18.511385]], [attributes:[Precincts:Arden Grove, Quickbase_Status:Completed, QBRecordID:1579, Third_Party_Dependant_For_Conne:null, Latitude:-33.867374, Longitude:18.512865]], [attributes:[Precincts:CPT CBD Phase 01, Quickbase_Status:Completed, QBRecordID:3056, Third_Party_Dependant_For_Conne:null, Latitude:-33.91699, Longitude:18.42345]], [attributes:[Precincts:Rosebank Phase 2, Quickbase_Status:Completed, QBRecordID:3825, Third_Party_Dependant_For_Conne:null, Latitude:-26.145554, Longitude:28.040709]], [attributes:[Precincts:Rosebank Phase 1, Quickbase_Status:Completed, QBRecordID:2971, Third_Party_Dependant_For_Conne:null, Latitude:-26.143456, Longitude:28.037672]], [attributes:[Precincts:Rosebank Phase 2, Quickbase_Status:Completed, QBRecordID:2929, Third_Party_Dependant_For_Conne:null, Latitude:-26.14236, Longitude:28.040071]], [attributes:[Precincts:Witch-Hazel, Quickbase_Status:Completed, QBRecordID:1274, Third_Party_Dependant_For_Conne:null, Latitude:-25.875225, Longitude:28.18136]], [attributes:[Precincts:Rosebank Phase 2, Quickbase_Status:Planned, QBRecordID:4063, Third_Party_Dependant_For_Conne:null, Latitude:-26.147928, Longitude:28.037872]], [attributes:[Precincts:Steenberg, Quickbase_Status:Completed, QBRecordID:2535, Third_Party_Dependant_For_Conne:null, Latitude:-34.081024, Longitude:18.434025]], [attributes:[Precincts:Steenberg, Quickbase_Status:Completed, QBRecordID:2529, Third_Party_Dependant_For_Conne:null, Latitude:-34.08003, Longitude:18.433584]], [attributes:[Precincts:Steenberg, Quickbase_Status:Completed, QBRecordID:2527, Third_Party_Dependant_For_Conne:null, Latitude:-34.082012, Longitude:18.438803]], [attributes:[Precincts:Steenberg, Quickbase_Status:Completed, QBRecordID:2528, Third_Party_Dependant_For_Conne:null, Latitude:-34.08134, Longitude:18.43969]], [attributes:[Precincts:Arden Grove, Quickbase_Status:Completed, QBRecordID:3391, Third_Party_Dependant_For_Conne:null, Latitude:-33.865463, Longitude:18.513065]], [attributes:[Precincts:Sandton Phase 1, Quickbase_Status:Completed, QBRecordID:4178, Third_Party_Dependant_For_Conne:null, Latitude:-26.102957, Longitude:28.054138]], [attributes:[Precincts:Richards Drive, Quickbase_Status:Completed, QBRecordID:4241, Third_Party_Dependant_For_Conne:null, Latitude:-26.010963, Longitude:28.122746]], [attributes:[Precincts:James Crescent, Quickbase_Status:Planned, QBRecordID:2269, Third_Party_Dependant_For_Conne:null, Latitude:-26.010618, Longitude:28.123932]], [attributes:[Precincts:James Crescent, Quickbase_Status:WIP, QBRecordID:2139, Third_Party_Dependant_For_Conne:null, Latitude:-26.008764, Longitude:28.124651]], [attributes:[Precincts:James Crescent, Quickbase_Status:Completed, QBRecordID:2183, Third_Party_Dependant_For_Conne:null, Latitude:-26.007515, Longitude:28.123901]], [attributes:[Precincts:Ingersol, Quickbase_Status:Completed, QBRecordID:2362, Third_Party_Dependant_For_Conne:null, Latitude:-25.783775, Longitude:28.278332]], [attributes:[Precincts:Ingersol, Quickbase_Status:Completed, QBRecordID:70431, Third_Party_Dependant_For_Conne:null, Latitude:-25.780855, Longitude:28.277462]], [attributes:[Precincts:Ingersol, Quickbase_Status:Completed, QBRecordID:2367, Third_Party_Dependant_For_Conne:null, Latitude:-25.784992, Longitude:28.277763]], [attributes:[Precincts:James Crescent, Quickbase_Status:Completed, QBRecordID:4112, Third_Party_Dependant_For_Conne:null, Latitude:-26.005442, Longitude:28.128117]], [attributes:[Precincts:James Crescent, Quickbase_Status:Completed, QBRecordID:4111, Third_Party_Dependant_For_Conne:null, Latitude:-26.004253, Longitude:28.128883]], [attributes:[Precincts:James Crescent, Quickbase_Status:Completed, QBRecordID:4242, Third_Party_Dependant_For_Conne:null, Latitude:-26.00441, Longitude:28.128624]], [attributes:[Precincts:Hatfield (Phase 3), Quickbase_Status:Completed, QBRecordID:3467, Third_Party_Dependant_For_Conne:null, Latitude:-25.744644, Longitude:28.24385]], [attributes:[Precincts:Hatfield (Phase 3), Quickbase_Status:Completed, QBRecordID:3469, Third_Party_Dependant_For_Conne:null, Latitude:-25.745377, Longitude:28.243254]], [attributes:[Precincts:Hatfield (Phase 3), Quickbase_Status:Completed, QBRecordID:2984, Third_Party_Dependant_For_Conne:null, Latitude:-25.743662, Longitude:28.245077]], [attributes:[Precincts:Richards Drive, Quickbase_Status:WIP, QBRecordID:2676, Third_Party_Dependant_For_Conne:null, Latitude:-26.014029, Longitude:28.12251]], [attributes:[Precincts:Umhlanga (Phase 3), Quickbase_Status:Completed, QBRecordID:5936, Third_Party_Dependant_For_Conne:null, Latitude:-29.746414, Longitude:31.068619]], [attributes:[Precincts:Hyde Park, Quickbase_Status:Planned, QBRecordID:4105, Third_Party_Dependant_For_Conne:null, Latitude:-26.123465, Longitude:28.031551]], [attributes:[Precincts:Sandton Phase 2, Quickbase_Status:Completed, QBRecordID:4025, Third_Party_Dependant_For_Conne:null, Latitude:-26.103575, Longitude:28.055899]], [attributes:[Precincts:Sandton Phase 2, Quickbase_Status:Completed, QBRecordID:4179, Third_Party_Dependant_For_Conne:null, Latitude:-26.10427, Longitude:28.047802]], [attributes:[Precincts:Sandton Phase 2, Quickbase_Status:Completed, QBRecordID:4042, Third_Party_Dependant_For_Conne:null, Latitude:-26.104195, Longitude:28.048843]], [attributes:[Precincts:Sandton Phase 1, Quickbase_Status:Completed, QBRecordID:2900, Third_Party_Dependant_For_Conne:null, Latitude:-26.102402, Longitude:28.050917]], [attributes:[Precincts:Sandton Phase 1, Quickbase_Status:Completed, QBRecordID:2899, Third_Party_Dependant_For_Conne:null, Latitude:-26.102858, Longitude:28.051386]], [attributes:[Precincts:Sandton Phase 2, Quickbase_Status:Completed, QBRecordID:2935, Third_Party_Dependant_For_Conne:null, Latitude:-26.104496, Longitude:28.049837]], [attributes:[Precincts:Bryanston Extension, Quickbase_Status:Completed, QBRecordID:1892, Third_Party_Dependant_For_Conne:null, Latitude:-26.041246, Longitude:28.013819]], [attributes:[Precincts:Bryanston Extension, Quickbase_Status:Completed, QBRecordID:1877, Third_Party_Dependant_For_Conne:null, Latitude:-26.044416, Longitude:28.017008]], [attributes:[Precincts:Oak Avenue, Quickbase_Status:Planned, QBRecordID:517, Third_Party_Dependant_For_Conne:null, Latitude:-26.099134, Longitude:28.000807]], [attributes:[Precincts:Oak Avenue, Quickbase_Status:Completed, QBRecordID:519, Third_Party_Dependant_For_Conne:null, Latitude:-26.098991, Longitude:28.001673]], [attributes:[Precincts:Hatfield (Phase 3), Quickbase_Status:Planned, QBRecordID:3486, Third_Party_Dependant_For_Conne:null, Latitude:-25.74221, Longitude:28.241493]], [attributes:[Precincts:Hatfield (Phase 3), Quickbase_Status:Planned, QBRecordID:3488, Third_Party_Dependant_For_Conne:null, Latitude:-25.74258, Longitude:28.240097]], [attributes:[Precincts:Kent, Quickbase_Status:Completed, QBRecordID:1424, Third_Party_Dependant_For_Conne:null, Latitude:-26.100227, Longitude:27.998951]], [attributes:[Precincts:Morningside, Quickbase_Status:Planned, QBRecordID:3918, Third_Party_Dependant_For_Conne:null, Latitude:-26.080126, Longitude:28.062248]], [attributes:[Precincts:Kent, Quickbase_Status:Completed, QBRecordID:734, Third_Party_Dependant_For_Conne:null, Latitude:-26.100088, Longitude:27.998718]], [attributes:[Precincts:Kent, Quickbase_Status:Completed, QBRecordID:735, Third_Party_Dependant_For_Conne:null, Latitude:-26.100113, Longitude:27.998903]], [attributes:[Precincts:Kent, Quickbase_Status:Completed, QBRecordID:558, Third_Party_Dependant_For_Conne:null, Latitude:-26.094217, Longitude:27.99967]], [attributes:[Precincts:Kent, Quickbase_Status:Completed, QBRecordID:581, Third_Party_Dependant_For_Conne:null, Latitude:-26.097984, Longitude:27.998238]], [attributes:[Precincts:Kent, Quickbase_Status:Completed, QBRecordID:555, Third_Party_Dependant_For_Conne:null, Latitude:-26.095613, Longitude:28.000515]], [attributes:[Precincts:Sandton Phase 1, Quickbase_Status:Planned, QBRecordID:4165, Third_Party_Dependant_For_Conne:null, Latitude:-26.099428, Longitude:28.052847]], [attributes:[Precincts:Sandton Phase 1, Quickbase_Status:Completed, QBRecordID:4163, Third_Party_Dependant_For_Conne:null, Latitude:-26.098755, Longitude:28.05356]], [attributes:[Precincts:Sandton Phase 1, Quickbase_Status:Completed, QBRecordID:4164, Third_Party_Dependant_For_Conne:null, Latitude:-26.09918, Longitude:28.0538]], [attributes:[Precincts:James Crescent, Quickbase_Status:Completed, QBRecordID:4243, Third_Party_Dependant_For_Conne:null, Latitude:-26.004566, Longitude:28.128355]], [attributes:[Precincts:Persequor Park, Quickbase_Status:Completed, QBRecordID:4666, Third_Party_Dependant_For_Conne:null, Latitude:-25.746222, Longitude:28.27374]], [attributes:[Precincts:Persequor Park, Quickbase_Status:Completed, QBRecordID:5110, Third_Party_Dependant_For_Conne:null, Latitude:-25.746347, Longitude:28.273193]], [attributes:[Precincts:Persequor Park, Quickbase_Status:Completed, QBRecordID:4603, Third_Party_Dependant_For_Conne:null, Latitude:-25.74277, Longitude:28.27694]], [attributes:[Precincts:Persequor Park, Quickbase_Status:Completed, QBRecordID:4604, Third_Party_Dependant_For_Conne:null, Latitude:-25.742117, Longitude:28.276907]], [attributes:[Precincts:Persequor Park, Quickbase_Status:Completed, QBRecordID:4621, Third_Party_Dependant_For_Conne:null, Latitude:-25.744074, Longitude:28.272573]], [attributes:[Precincts:Persequor Park, Quickbase_Status:Completed, QBRecordID:5118, Third_Party_Dependant_For_Conne:null, Latitude:-25.74434, Longitude:28.272495]], [attributes:[Precincts:Persequor Park, Quickbase_Status:Completed, QBRecordID:5117, Third_Party_Dependant_For_Conne:null, Latitude:-25.744215, Longitude:28.272526]], [attributes:[Precincts:Persequor Park, Quickbase_Status:Completed, QBRecordID:5126, Third_Party_Dependant_For_Conne:null, Latitude:-25.744253, Longitude:28.272802]], [attributes:[Precincts:Persequor Park, Quickbase_Status:Completed, QBRecordID:5128, Third_Party_Dependant_For_Conne:null, Latitude:-25.744268, Longitude:28.272655]], [attributes:[Precincts:Persequor Park, Quickbase_Status:Completed, QBRecordID:4645, Third_Party_Dependant_For_Conne:null, Latitude:-25.745565, Longitude:28.274994]], [attributes:[Precincts:Persequor Park, Quickbase_Status:Completed, QBRecordID:4630, Third_Party_Dependant_For_Conne:null, Latitude:-25.74477, Longitude:28.274658]], [attributes:[Precincts:Persequor Park, Quickbase_Status:Completed, QBRecordID:4644, Third_Party_Dependant_For_Conne:null, Latitude:-25.745085, Longitude:28.275028]], [attributes:[Precincts:Persequor Park, Quickbase_Status:Planned, QBRecordID:4615, Third_Party_Dependant_For_Conne:null, Latitude:-25.742813, Longitude:28.273127]], [attributes:[Precincts:Persequor Park, Quickbase_Status:Completed, QBRecordID:4650, Third_Party_Dependant_For_Conne:null, Latitude:-25.747076, Longitude:28.272936]], [attributes:[Precincts:Persequor Park, Quickbase_Status:Completed, QBRecordID:4651, Third_Party_Dependant_For_Conne:null, Latitude:-25.74728, Longitude:28.273003]], [attributes:[Precincts:Persequor Park, Quickbase_Status:Completed, QBRecordID:4662, Third_Party_Dependant_For_Conne:null, Latitude:-25.74591, Longitude:28.273651]], [attributes:[Precincts:Persequor Park, Quickbase_Status:Completed, QBRecordID:5204, Third_Party_Dependant_For_Conne:null, Latitude:-25.743986, Longitude:28.271723]], [attributes:[Precincts:Persequor Park, Quickbase_Status:Completed, QBRecordID:4620, Third_Party_Dependant_For_Conne:null, Latitude:-25.743341, Longitude:28.27407]], [attributes:[Precincts:Persequor Park, Quickbase_Status:Completed, QBRecordID:18372, Third_Party_Dependant_For_Conne:null, Latitude:-25.743557, Longitude:28.274426]], [attributes:[Precincts:Persequor Park, Quickbase_Status:Completed, QBRecordID:5201, Third_Party_Dependant_For_Conne:null, Latitude:-25.74357, Longitude:28.274097]], [attributes:[Precincts:Persequor Park, Quickbase_Status:Completed, QBRecordID:5206, Third_Party_Dependant_For_Conne:null, Latitude:-25.744177, Longitude:28.272078]], [attributes:[Precincts:Waterfall Office Park, Quickbase_Status:Planned, QBRecordID:4895, Third_Party_Dependant_For_Conne:null, Latitude:-26.01265, Longitude:28.112482]], [attributes:[Precincts:Waterfall Office Park, Quickbase_Status:Completed, QBRecordID:4894, Third_Party_Dependant_For_Conne:null, Latitude:-26.011005, Longitude:28.11063]], [attributes:[Precincts:Waterfall Office Park, Quickbase_Status:Planned, QBRecordID:4896, Third_Party_Dependant_For_Conne:null, Latitude:-26.013144, Longitude:28.112434]], [attributes:[Precincts:Waterfall Office Park, Quickbase_Status:Planned, QBRecordID:4900, Third_Party_Dependant_For_Conne:null, Latitude:-26.011942, Longitude:28.112936]], [attributes:[Precincts:Waterfall Office Park, Quickbase_Status:Planned, QBRecordID:4901, Third_Party_Dependant_For_Conne:null, Latitude:-26.011547, Longitude:28.113497]], [attributes:[Precincts:Waterfall Office Park, Quickbase_Status:Completed, QBRecordID:4897, Third_Party_Dependant_For_Conne:null, Latitude:-26.012278, Longitude:28.112892]], [attributes:[Precincts:Waterfall Office Park, Quickbase_Status:Completed, QBRecordID:5788, Third_Party_Dependant_For_Conne:Yes, Latitude:-26.012926, Longitude:28.116135]], [attributes:[Precincts:Waterfall Office Park, Quickbase_Status:Completed, QBRecordID:4910, Third_Party_Dependant_For_Conne:null, Latitude:-26.01181, Longitude:28.115997]], [attributes:[Precincts:Waterfall Office Park, Quickbase_Status:Completed, QBRecordID:4912, Third_Party_Dependant_For_Conne:null, Latitude:-26.01235, Longitude:28.116394]], [attributes:[Precincts:Waterfall Office Park, Quickbase_Status:Completed, QBRecordID:4911, Third_Party_Dependant_For_Conne:null, Latitude:-26.011415, Longitude:28.116196]], [attributes:[Precincts:Waterfall Office Park, Quickbase_Status:Completed, QBRecordID:4913, Third_Party_Dependant_For_Conne:null, Latitude:-26.01182, Longitude:28.1167]], [attributes:[Precincts:Waterfall Office Park, Quickbase_Status:Completed, QBRecordID:4922, Third_Party_Dependant_For_Conne:null, Latitude:-26.006199, Longitude:28.116196]], [attributes:[Precincts:Waterfall Office Park, Quickbase_Status:Completed, QBRecordID:4921, Third_Party_Dependant_For_Conne:null, Latitude:-26.005789, Longitude:28.115732]], [attributes:[Precincts:Waterfall Office Park, Quickbase_Status:Completed, QBRecordID:4924, Third_Party_Dependant_For_Conne:null, Latitude:-26.007177, Longitude:28.115448]], [attributes:[Precincts:Waterfall Office Park, Quickbase_Status:Completed, QBRecordID:4925, Third_Party_Dependant_For_Conne:null, Latitude:-26.007637, Longitude:28.115334]], [attributes:[Precincts:Waterfall Office Park, Quickbase_Status:Planned, QBRecordID:5793, Third_Party_Dependant_For_Conne:Yes, Latitude:-26.013395, Longitude:28.113194]], [attributes:[Precincts:Richards Drive, Quickbase_Status:Completed, QBRecordID:2430, Third_Party_Dependant_For_Conne:null, Latitude:-26.012632, Longitude:28.125113]], [attributes:[Precincts:Witch-Hazel, Quickbase_Status:Completed, QBRecordID:4110, Third_Party_Dependant_For_Conne:null, Latitude:-25.87356, Longitude:28.181498]], [attributes:[Precincts:Richards Drive, Quickbase_Status:Completed, QBRecordID:2457, Third_Party_Dependant_For_Conne:null, Latitude:-26.015005, Longitude:28.12215]], [attributes:[Precincts:Richards Drive, Quickbase_Status:Completed, QBRecordID:2458, Third_Party_Dependant_For_Conne:null, Latitude:-26.015448, Longitude:28.122822]], [attributes:[Precincts:Richards Drive, Quickbase_Status:Completed, QBRecordID:2435, Third_Party_Dependant_For_Conne:null, Latitude:-26.012741, Longitude:28.124073]], [attributes:[Precincts:Richards Drive, Quickbase_Status: , QBRecordID:2449, Third_Party_Dependant_For_Conne:null, Latitude:-26.014359, Longitude:28.12549]], [attributes:[Precincts:Eaton, Quickbase_Status:Completed, QBRecordID:225, Third_Party_Dependant_For_Conne:null, Latitude:-26.047472, Longitude:28.021976]], [attributes:[Precincts:Eaton, Quickbase_Status:Completed, QBRecordID:224, Third_Party_Dependant_For_Conne:null, Latitude:-26.043255, Longitude:28.020311]], [attributes:[Precincts:Eaton, Quickbase_Status:Completed, QBRecordID:212, Third_Party_Dependant_For_Conne:null, Latitude:-26.04656, Longitude:28.022182]], [attributes:[Precincts:Albury, Quickbase_Status:Completed, QBRecordID:280, Third_Party_Dependant_For_Conne:null, Latitude:-26.126736, Longitude:28.03146]], [attributes:[Precincts:Arnold, Quickbase_Status:Completed, QBRecordID:265, Third_Party_Dependant_For_Conne:null, Latitude:-26.148083, Longitude:28.041716]], [attributes:[Precincts:Arnold, Quickbase_Status:Completed, QBRecordID:262, Third_Party_Dependant_For_Conne:null, Latitude:-26.148046, Longitude:28.04211]], [attributes:[Precincts:Homestead, Quickbase_Status:Completed, QBRecordID:250, Third_Party_Dependant_For_Conne:null, Latitude:-26.043768, Longitude:28.05813]], [attributes:[Precincts:Homestead, Quickbase_Status:Completed, QBRecordID:251, Third_Party_Dependant_For_Conne:null, Latitude:-26.043955, Longitude:28.059305]], [attributes:[Precincts:Homestead, Quickbase_Status:Completed, QBRecordID:252, Third_Party_Dependant_For_Conne:null, Latitude:-26.044357, Longitude:28.059233]], [attributes:[Precincts:Georgian Crescent, Quickbase_Status:Completed, QBRecordID:309, Third_Party_Dependant_For_Conne:null, Latitude:-26.04006, Longitude:28.014725]], [attributes:[Precincts:Homestead, Quickbase_Status:Completed, QBRecordID:242, Third_Party_Dependant_For_Conne:null, Latitude:-26.047073, Longitude:28.057259]], [attributes:[Precincts:Georgian Crescent, Quickbase_Status:Completed, QBRecordID:306, Third_Party_Dependant_For_Conne:null, Latitude:-26.038849, Longitude:28.015316]], [attributes:[Precincts:Impala, Quickbase_Status:Completed, QBRecordID:176, Third_Party_Dependant_For_Conne:null, Latitude:-26.117853, Longitude:28.050356]], [attributes:[Precincts:Impala, Quickbase_Status:Completed, QBRecordID:149, Third_Party_Dependant_For_Conne:null, Latitude:-26.11592, Longitude:28.050566]], [attributes:[Precincts:Georgian Crescent, Quickbase_Status:Completed, QBRecordID:329, Third_Party_Dependant_For_Conne:null, Latitude:-26.038702, Longitude:28.017315]], [attributes:[Precincts:Georgian Crescent, Quickbase_Status:Completed, QBRecordID:327, Third_Party_Dependant_For_Conne:null, Latitude:-26.038853, Longitude:28.016327]], [attributes:[Precincts:Mellis, Quickbase_Status:Completed, QBRecordID:298, Third_Party_Dependant_For_Conne:null, Latitude:-26.044336, Longitude:28.057196]], [attributes:[Precincts:Mellis, Quickbase_Status:Completed, QBRecordID:296, Third_Party_Dependant_For_Conne:null, Latitude:-26.045218, Longitude:28.056957]], [attributes:[Precincts:Oxford Road, Quickbase_Status:Completed, QBRecordID:687, Third_Party_Dependant_For_Conne:null, Latitude:-26.130762, Longitude:28.048864]], [attributes:[Precincts:Oxford Road, Quickbase_Status:Completed, QBRecordID:688, Third_Party_Dependant_For_Conne:null, Latitude:-26.130447, Longitude:28.048956]], [attributes:[Precincts:Oxford Road, Quickbase_Status:Completed, QBRecordID:510, Third_Party_Dependant_For_Conne:null, Latitude:-26.129936, Longitude:28.048729]], [attributes:[Precincts:Arnold, Quickbase_Status:Completed, QBRecordID:270, Third_Party_Dependant_For_Conne:null, Latitude:-26.148895, Longitude:28.04212]], [attributes:[Precincts:Fricker, Quickbase_Status:Completed, QBRecordID:124, Third_Party_Dependant_For_Conne:null, Latitude:-26.133547, Longitude:28.046213]], [attributes:[Precincts:Fricker, Quickbase_Status:Completed, QBRecordID:123, Third_Party_Dependant_For_Conne:null, Latitude:-26.133715, Longitude:28.04708]], [attributes:[Precincts:Katherine Extension, Quickbase_Status:Completed, QBRecordID:1324, Third_Party_Dependant_For_Conne:null, Latitude:-26.099447, Longitude:28.07491]], [attributes:[Precincts:Katherine Extension, Quickbase_Status:Completed, QBRecordID:1326, Third_Party_Dependant_For_Conne:null, Latitude:-26.100346, Longitude:28.075022]], [attributes:[Precincts:Katherine Extension, Quickbase_Status:Completed, QBRecordID:1336, Third_Party_Dependant_For_Conne:null, Latitude:-26.105158, Longitude:28.069292]], [attributes:[Precincts:Kent, Quickbase_Status:Completed, QBRecordID:551, Third_Party_Dependant_For_Conne:null, Latitude:-26.097006, Longitude:28.000292]], [attributes:[Precincts:Oak Avenue, Quickbase_Status:Completed, QBRecordID:670, Third_Party_Dependant_For_Conne:null, Latitude:-26.100208, Longitude:28.000269]], [attributes:[Precincts:Oak Avenue, Quickbase_Status:Completed, QBRecordID:674, Third_Party_Dependant_For_Conne:null, Latitude:-26.100403, Longitude:28.000217]], [attributes:[Precincts:Oak Avenue, Quickbase_Status:Completed, QBRecordID:682, Third_Party_Dependant_For_Conne:null, Latitude:-26.100166, Longitude:28.000088]], [attributes:[Precincts:Ashley Gardens, Quickbase_Status:Completed, QBRecordID:2649, Third_Party_Dependant_For_Conne:null, Latitude:-25.782576, Longitude:28.265373]], [attributes:[Precincts:Ashley Gardens, Quickbase_Status:Completed, QBRecordID:2656, Third_Party_Dependant_For_Conne:null, Latitude:-25.782402, Longitude:28.264105]], [attributes:[Precincts:Ashley Gardens, Quickbase_Status:Completed, QBRecordID:2642, Third_Party_Dependant_For_Conne:null, Latitude:-25.783792, Longitude:28.263523]], [attributes:[Precincts:Ashley Gardens, Quickbase_Status:Completed, QBRecordID:2643, Third_Party_Dependant_For_Conne:null, Latitude:-25.7845, Longitude:28.265638]], [attributes:[Precincts:Ashley Gardens, Quickbase_Status:Completed, QBRecordID:2644, Third_Party_Dependant_For_Conne:null, Latitude:-25.784786, Longitude:28.265486]], [attributes:[Precincts:Ashley Gardens, Quickbase_Status:Completed, QBRecordID:2640, Third_Party_Dependant_For_Conne:null, Latitude:-25.78424, Longitude:28.266632]], [attributes:[Precincts:Route 21 Office Park, Quickbase_Status:Planned, QBRecordID:2086, Third_Party_Dependant_For_Conne:null, Latitude:-25.862795, Longitude:28.257465]], [attributes:[Precincts:Richards Drive, Quickbase_Status:Completed, QBRecordID:2469, Third_Party_Dependant_For_Conne:null, Latitude:-26.011547, Longitude:28.12285]], [attributes:[Precincts:Richards Drive, Quickbase_Status:Completed, QBRecordID:2429, Third_Party_Dependant_For_Conne:null, Latitude:-26.016933, Longitude:28.120222]], [attributes:[Precincts:Richards Drive, Quickbase_Status:Completed, QBRecordID:2471, Third_Party_Dependant_For_Conne:null, Latitude:-26.016764, Longitude:28.121012]], [attributes:[Precincts:Muswell, Quickbase_Status:Completed, QBRecordID:181, Third_Party_Dependant_For_Conne:null, Latitude:-26.054052, Longitude:28.02312]], [attributes:[Precincts:Muswell, Quickbase_Status:Completed, QBRecordID:71041, Third_Party_Dependant_For_Conne:null, Latitude:-26.050514, Longitude:28.02346]], [attributes:[Precincts:Muswell, Quickbase_Status:Completed, QBRecordID:202, Third_Party_Dependant_For_Conne:null, Latitude:-26.048857, Longitude:28.022831]], [attributes:[Precincts:TechnoPark, Quickbase_Status:Completed, QBRecordID:799, Third_Party_Dependant_For_Conne:null, Latitude:-33.964012, Longitude:18.839752]], [attributes:[Precincts:TechnoPark, Quickbase_Status:Completed, QBRecordID:1780, Third_Party_Dependant_For_Conne:null, Latitude:-33.96524, Longitude:18.83536]], [attributes:[Precincts:TechnoPark, Quickbase_Status:Completed, QBRecordID:750, Third_Party_Dependant_For_Conne:null, Latitude:-33.965527, Longitude:18.836159]], [attributes:[Precincts:TechnoPark, Quickbase_Status:Completed, QBRecordID:764, Third_Party_Dependant_For_Conne:null, Latitude:-33.965244, Longitude:18.836767]], [attributes:[Precincts:TechnoPark, Quickbase_Status:Completed, QBRecordID:765, Third_Party_Dependant_For_Conne:null, Latitude:-33.96493, Longitude:18.83658]], [attributes:[Precincts:TechnoPark, Quickbase_Status:Completed, QBRecordID:766, Third_Party_Dependant_For_Conne:null, Latitude:-33.964493, Longitude:18.836868]], [attributes:[Precincts:Western Services, Quickbase_Status:Completed, QBRecordID:2509, Third_Party_Dependant_For_Conne:null, Latitude:-26.057232, Longitude:28.087227]], [attributes:[Precincts:Western Services, Quickbase_Status:Completed, QBRecordID:2497, Third_Party_Dependant_For_Conne:null, Latitude:-26.060713, Longitude:28.089043]], [attributes:[Precincts:Western Services, Quickbase_Status:Completed, QBRecordID:2680, Third_Party_Dependant_For_Conne:null, Latitude:-26.06035, Longitude:28.088982]], [attributes:[Precincts:Riverview Office Park, Quickbase_Status:Planned, QBRecordID:2339, Third_Party_Dependant_For_Conne:null, Latitude:-26.002142, Longitude:28.120405]], [attributes:[Precincts:Riverview Office Park, Quickbase_Status:Completed, QBRecordID:2340, Third_Party_Dependant_For_Conne:null, Latitude:-26.001787, Longitude:28.12026]], [attributes:[Precincts:Riverview Office Park, Quickbase_Status:Completed, QBRecordID:2623, Third_Party_Dependant_For_Conne:null, Latitude:-25.997753, Longitude:28.119633]], [attributes:[Precincts:Riverview Office Park, Quickbase_Status:Completed, QBRecordID:2624, Third_Party_Dependant_For_Conne:null, Latitude:-25.997347, Longitude:28.120165]], [attributes:[Precincts:Riverview Office Park, Quickbase_Status:Completed, QBRecordID:2669, Third_Party_Dependant_For_Conne:null, Latitude:-25.998594, Longitude:28.12009]], [attributes:[Precincts:Ballyclare (Bally Oakes incl), Quickbase_Status:Completed, QBRecordID:894, Third_Party_Dependant_For_Conne:null, Latitude:-26.074614, Longitude:28.028955]], [attributes:[Precincts:Ballyclare (Bally Oakes incl), Quickbase_Status:Completed, QBRecordID:3961, Third_Party_Dependant_For_Conne:null, Latitude:-26.073267, Longitude:28.031992]], [attributes:[Precincts:Ballyclare (Bally Oakes incl), Quickbase_Status:Completed, QBRecordID:570, Third_Party_Dependant_For_Conne:null, Latitude:-26.073366, Longitude:28.03126]], [attributes:[Precincts:Ballyclare (Bally Oakes incl), Quickbase_Status:Completed, QBRecordID:70459, Third_Party_Dependant_For_Conne:null, Latitude:-26.07366, Longitude:28.030539]], [attributes:[Precincts:Georgian Crescent, Quickbase_Status:Completed, QBRecordID:310, Third_Party_Dependant_For_Conne:null, Latitude:-26.040485, Longitude:28.015388]], [attributes:[Precincts:Georgian Crescent, Quickbase_Status:Completed, QBRecordID:308, Third_Party_Dependant_For_Conne:null, Latitude:-26.039614, Longitude:28.015203]], [attributes:[Precincts:Oberon, Quickbase_Status:Completed, QBRecordID:2317, Third_Party_Dependant_For_Conne:null, Latitude:-25.780802, Longitude:28.28964]], [attributes:[Precincts:Woodmead Estate, Quickbase_Status:Completed, QBRecordID:3949, Third_Party_Dependant_For_Conne:null, Latitude:-26.054321, Longitude:28.088871]], [attributes:[Precincts:Woodmead Estate, Quickbase_Status:Completed, QBRecordID:3950, Third_Party_Dependant_For_Conne:null, Latitude:-26.054426, Longitude:28.089264]], [attributes:[Precincts:Skeen Boulevard, Quickbase_Status:Completed, QBRecordID:1493, Third_Party_Dependant_For_Conne:null, Latitude:-26.177322, Longitude:28.135864]], [attributes:[Precincts:Skeen Boulevard, Quickbase_Status:Completed, QBRecordID:1166, Third_Party_Dependant_For_Conne:null, Latitude:-26.174212, Longitude:28.13286]], [attributes:[Precincts:Rosenpark, Quickbase_Status:Completed, QBRecordID:2722, Third_Party_Dependant_For_Conne:null, Latitude:-33.86859, Longitude:18.640501]], [attributes:[Precincts:Rosenpark, Quickbase_Status:Completed, QBRecordID:2738, Third_Party_Dependant_For_Conne:null, Latitude:-33.871468, Longitude:18.64029]], [attributes:[Precincts:Rosenpark, Quickbase_Status:Completed, QBRecordID:2739, Third_Party_Dependant_For_Conne:null, Latitude:-33.871407, Longitude:18.639923]], [attributes:[Precincts:Rosenpark, Quickbase_Status:Completed, QBRecordID:2758, Third_Party_Dependant_For_Conne:null, Latitude:-33.87027, Longitude:18.640873]], [attributes:[Precincts:Sunninghill, Quickbase_Status:Completed, QBRecordID:372, Third_Party_Dependant_For_Conne:null, Latitude:-26.034521, Longitude:28.063961]], [attributes:[Precincts:Sunninghill, Quickbase_Status:Completed, QBRecordID:366, Third_Party_Dependant_For_Conne:null, Latitude:-26.036165, Longitude:28.06482]], [attributes:[Precincts:Sunninghill, Quickbase_Status:Completed, QBRecordID:651, Third_Party_Dependant_For_Conne:null, Latitude:-26.033539, Longitude:28.068876]], [attributes:[Precincts:Sunninghill, Quickbase_Status:Completed, QBRecordID:590, Third_Party_Dependant_For_Conne:null, Latitude:-26.032412, Longitude:28.067604]], [attributes:[Precincts:Sunninghill, Quickbase_Status:Completed, QBRecordID:657, Third_Party_Dependant_For_Conne:null, Latitude:-26.031763, Longitude:28.066303]], [attributes:[Precincts:Sunninghill, Quickbase_Status:Completed, QBRecordID:600, Third_Party_Dependant_For_Conne:null, Latitude:-26.031675, Longitude:28.067648]], [attributes:[Precincts:Katherine Extension, Quickbase_Status:Completed, QBRecordID:3050, Third_Party_Dependant_For_Conne:null, Latitude:-26.104485, Longitude:28.07169]], [attributes:[Precincts:Katherine Extension, Quickbase_Status:Completed, QBRecordID:1778, Third_Party_Dependant_For_Conne:null, Latitude:-26.103739, Longitude:28.072815]], [attributes:[Precincts:Oak Avenue, Quickbase_Status:Planned, QBRecordID:582, Third_Party_Dependant_For_Conne:null, Latitude:-26.094751, Longitude:28.002499]], [attributes:[Precincts:Oak Avenue, Quickbase_Status:Completed, QBRecordID:659, Third_Party_Dependant_For_Conne:null, Latitude:-26.098717, Longitude:28.002676]], [attributes:[Precincts:Oak Avenue, Quickbase_Status:Completed, QBRecordID:518, Third_Party_Dependant_For_Conne:null, Latitude:-26.099339, Longitude:28.001425]], [attributes:[Precincts:Sandton Phase 1, Quickbase_Status:Completed, QBRecordID:2912, Third_Party_Dependant_For_Conne:null, Latitude:-26.101294, Longitude:28.054113]], [attributes:[Precincts:Sandton Phase 2, Quickbase_Status:Planned, QBRecordID:3914, Third_Party_Dependant_For_Conne:null, Latitude:-26.10205, Longitude:28.053766]], [attributes:[Precincts:Ashley Gardens, Quickbase_Status:Planned, QBRecordID:2634, Third_Party_Dependant_For_Conne:null, Latitude:-25.78359, Longitude:28.26579]], [attributes:[Precincts:Ashley Gardens, Quickbase_Status:Completed, QBRecordID:2635, Third_Party_Dependant_For_Conne:null, Latitude:-25.782799, Longitude:28.264837]], [attributes:[Precincts:Ashley Gardens, Quickbase_Status:Planned, QBRecordID:3431, Third_Party_Dependant_For_Conne:null, Latitude:-25.78424, Longitude:28.264702]], [attributes:[Precincts:Route 21 Office Park, Quickbase_Status:Completed, QBRecordID:1981, Third_Party_Dependant_For_Conne:null, Latitude:-25.861347, Longitude:28.25736]], [attributes:[Precincts:Route 21 Office Park, Quickbase_Status:Planned, QBRecordID:1992, Third_Party_Dependant_For_Conne:null, Latitude:-25.860737, Longitude:28.256922]], [attributes:[Precincts:Route 21 Office Park, Quickbase_Status:Completed, QBRecordID:2071, Third_Party_Dependant_For_Conne:null, Latitude:-25.863523, Longitude:28.255764]], [attributes:[Precincts:Central Park, Quickbase_Status:Completed, QBRecordID:1531, Third_Party_Dependant_For_Conne:null, Latitude:-25.977667, Longitude:28.132624]], [attributes:[Precincts:Central Park, Quickbase_Status:Completed, QBRecordID:1473, Third_Party_Dependant_For_Conne:null, Latitude:-25.980974, Longitude:28.132011]], [attributes:[Precincts:Bryanston Extension, Quickbase_Status:Completed, QBRecordID:2262, Third_Party_Dependant_For_Conne:null, Latitude:-26.050915, Longitude:28.02041]], [attributes:[Precincts:Bryanston Extension, Quickbase_Status:Completed, QBRecordID:1888, Third_Party_Dependant_For_Conne:null, Latitude:-26.043509, Longitude:28.013397]], [attributes:[Precincts:Bryanston Extension, Quickbase_Status:Completed, QBRecordID:1880, Third_Party_Dependant_For_Conne:null, Latitude:-26.045109, Longitude:28.026005]], [attributes:[Precincts:Bryanston Extension, Quickbase_Status:Completed, QBRecordID:1881, Third_Party_Dependant_For_Conne:null, Latitude:-26.045404, Longitude:28.02605]], [attributes:[Precincts:Bryanston Extension, Quickbase_Status:Completed, QBRecordID:1882, Third_Party_Dependant_For_Conne:null, Latitude:-26.0452, Longitude:28.02552]], [attributes:[Precincts:Tygervalley, Quickbase_Status:Completed, QBRecordID:7740, Third_Party_Dependant_For_Conne:null, Latitude:-33.880604, Longitude:18.635883]], [attributes:[Precincts:Tygervalley, Quickbase_Status:Completed, QBRecordID:2591, Third_Party_Dependant_For_Conne:null, Latitude:-33.88112, Longitude:18.635988]], [attributes:[Precincts:Tygervalley, Quickbase_Status:Completed, QBRecordID:2569, Third_Party_Dependant_For_Conne:null, Latitude:-33.88173, Longitude:18.636045]], [attributes:[Precincts:Tygervalley, Quickbase_Status:Completed, QBRecordID:2599, Third_Party_Dependant_For_Conne:null, Latitude:-33.87925, Longitude:18.63652]], [attributes:[Precincts:Tygervalley, Quickbase_Status:Completed, QBRecordID:2607, Third_Party_Dependant_For_Conne:null, Latitude:-33.881973, Longitude:18.634398]], [attributes:[Precincts:Westlake, Quickbase_Status:Completed, QBRecordID:1802, Third_Party_Dependant_For_Conne:null, Latitude:-34.07845, Longitude:18.439657]], [attributes:[Precincts:Westlake, Quickbase_Status:Completed, QBRecordID:1804, Third_Party_Dependant_For_Conne:null, Latitude:-34.07971, Longitude:18.440022]], [attributes:[Precincts:Westlake, Quickbase_Status:Completed, QBRecordID:1828, Third_Party_Dependant_For_Conne:null, Latitude:-34.07901, Longitude:18.436953]], [attributes:[Precincts:Westlake, Quickbase_Status:Completed, QBRecordID:69761, Third_Party_Dependant_For_Conne:null, Latitude:-34.079025, Longitude:18.43656]], [attributes:[Precincts:Westlake, Quickbase_Status:Completed, QBRecordID:1221, Third_Party_Dependant_For_Conne:null, Latitude:-34.077515, Longitude:18.43599]], [attributes:[Precincts:Westlake, Quickbase_Status:Completed, QBRecordID:1827, Third_Party_Dependant_For_Conne:null, Latitude:-34.07938, Longitude:18.437138]], [attributes:[Precincts:Westlake, Quickbase_Status:Completed, QBRecordID:1809, Third_Party_Dependant_For_Conne:null, Latitude:-34.07888, Longitude:18.436749]], [attributes:[Precincts:Wierda Road, Quickbase_Status:Completed, QBRecordID:338, Third_Party_Dependant_For_Conne:null, Latitude:-26.111813, Longitude:28.060537]], [attributes:[Precincts:Wierda Road, Quickbase_Status:Completed, QBRecordID:601, Third_Party_Dependant_For_Conne:null, Latitude:-26.1087, Longitude:28.058342]], [attributes:[Precincts:Centurion Gautrain Station, Quickbase_Status:Planned, QBRecordID:2286, Third_Party_Dependant_For_Conne:null, Latitude:-25.85171, Longitude:28.188221]], [attributes:[Precincts:Centurion Gautrain Station, Quickbase_Status:Planned, QBRecordID:2285, Third_Party_Dependant_For_Conne:null, Latitude:-25.851046, Longitude:28.188166]], [attributes:[Precincts:Rivonia North, Quickbase_Status:Planned, QBRecordID:425, Third_Party_Dependant_For_Conne:null, Latitude:-26.040436, Longitude:28.059683]], [attributes:[Precincts:Rivonia North, Quickbase_Status:Completed, QBRecordID:423, Third_Party_Dependant_For_Conne:null, Latitude:-26.041029, Longitude:28.058844]], [attributes:[Precincts:Rivonia North, Quickbase_Status:Completed, QBRecordID:791, Third_Party_Dependant_For_Conne:null, Latitude:-26.045326, Longitude:28.060408]], [attributes:[Precincts:Rivonia North, Quickbase_Status:Completed, QBRecordID:597, Third_Party_Dependant_For_Conne:null, Latitude:-26.046144, Longitude:28.0598]], [attributes:[Precincts:Sandton Phase 2, Quickbase_Status:Completed, QBRecordID:4039, Third_Party_Dependant_For_Conne:null, Latitude:-26.103643, Longitude:28.050747]], [attributes:[Precincts:Sandton Phase 2, Quickbase_Status:Completed, QBRecordID:4041, Third_Party_Dependant_For_Conne:null, Latitude:-26.104044, Longitude:28.049948]], [attributes:[Precincts:Sandton Phase 2, Quickbase_Status:Planned, QBRecordID:3913, Third_Party_Dependant_For_Conne:null, Latitude:-26.105238, Longitude:28.05103]], [attributes:[Precincts:Sandton Phase 3, Quickbase_Status:Completed, QBRecordID:3827, Third_Party_Dependant_For_Conne:null, Latitude:-26.101404, Longitude:28.060013]], [attributes:[Precincts:Empire Road, Quickbase_Status:Completed, QBRecordID:2481, Third_Party_Dependant_For_Conne:null, Latitude:-26.183067, Longitude:28.022749]], [attributes:[Precincts:George Road, Quickbase_Status:Completed, QBRecordID:1288, Third_Party_Dependant_For_Conne:null, Latitude:-25.964922, Longitude:28.133434]], [attributes:[Precincts:George Road, Quickbase_Status:Completed, QBRecordID:1289, Third_Party_Dependant_For_Conne:null, Latitude:-25.964684, Longitude:28.134151]], [attributes:[Precincts:George Road, Quickbase_Status:Completed, QBRecordID:1357, Third_Party_Dependant_For_Conne:null, Latitude:-25.959269, Longitude:28.13775]], [attributes:[Precincts:George Road, Quickbase_Status:Completed, QBRecordID:1358, Third_Party_Dependant_For_Conne:null, Latitude:-25.963726, Longitude:28.134092]], [attributes:[Precincts:Arden Grove, Quickbase_Status:Completed, QBRecordID:1576, Third_Party_Dependant_For_Conne:null, Latitude:-33.864964, Longitude:18.513725]], [attributes:[Precincts:Arden Grove, Quickbase_Status:Completed, QBRecordID:1577, Third_Party_Dependant_For_Conne:null, Latitude:-33.864815, Longitude:18.514244]], [attributes:[Precincts:Arden Grove, Quickbase_Status:Completed, QBRecordID:1553, Third_Party_Dependant_For_Conne:null, Latitude:-33.86165, Longitude:18.51269]], [attributes:[Precincts:Arden Grove, Quickbase_Status:Completed, QBRecordID:3539, Third_Party_Dependant_For_Conne:null, Latitude:-33.861954, Longitude:18.513374]], [attributes:[Precincts:Arden Grove, Quickbase_Status:Completed, QBRecordID:4080, Third_Party_Dependant_For_Conne:null, Latitude:-33.86191, Longitude:18.51373]], [attributes:[Precincts:Arden Grove, Quickbase_Status:Planned, QBRecordID:3538, Third_Party_Dependant_For_Conne:null, Latitude:-33.86289, Longitude:18.51357]], [attributes:[Precincts:Arden Grove, Quickbase_Status:Completed, QBRecordID:1603, Third_Party_Dependant_For_Conne:null, Latitude:-33.865723, Longitude:18.513155]], [attributes:[Precincts:Richards Drive, Quickbase_Status:Completed, QBRecordID:2466, Third_Party_Dependant_For_Conne:null, Latitude:-26.013378, Longitude:28.124264]], [attributes:[Precincts:Umhlanga (Phase 3), Quickbase_Status:Completed, QBRecordID:2768, Third_Party_Dependant_For_Conne:null, Latitude:-29.741507, Longitude:31.067099]], [attributes:[Precincts:Umhlanga (Phase 3), Quickbase_Status:Completed, QBRecordID:2770, Third_Party_Dependant_For_Conne:null, Latitude:-29.740932, Longitude:31.067537]], [attributes:[Precincts:Umhlanga (Phase 3), Quickbase_Status:Completed, QBRecordID:2769, Third_Party_Dependant_For_Conne:null, Latitude:-29.741325, Longitude:31.067501]], [attributes:[Precincts:Umhlanga (Phase 3), Quickbase_Status:Planned, QBRecordID:2801, Third_Party_Dependant_For_Conne:null, Latitude:-29.74509, Longitude:31.067972]], [attributes:[Precincts:Umhlanga (Phase 3), Quickbase_Status:Planned, QBRecordID:2800, Third_Party_Dependant_For_Conne:null, Latitude:-29.744837, Longitude:31.06788]], [attributes:[Precincts:Umhlanga (Phase 3), Quickbase_Status:Completed, QBRecordID:2786, Third_Party_Dependant_For_Conne:null, Latitude:-29.736444, Longitude:31.071718]], [attributes:[Precincts:Umhlanga (Phase 3), Quickbase_Status:Completed, QBRecordID:2784, Third_Party_Dependant_For_Conne:null, Latitude:-29.736187, Longitude:31.071827]], [attributes:[Precincts:Hyde Park, Quickbase_Status:Completed, QBRecordID:1935, Third_Party_Dependant_For_Conne:null, Latitude:-26.118563, Longitude:28.03268]], [attributes:[Precincts:Witch-Hazel, Quickbase_Status:Completed, QBRecordID:1250, Third_Party_Dependant_For_Conne:null, Latitude:-25.87141, Longitude:28.187399]], [attributes:[Precincts:Rosebank Phase 2, Quickbase_Status:Completed, QBRecordID:2941, Third_Party_Dependant_For_Conne:null, Latitude:-26.147552, Longitude:28.03459]], [attributes:[Precincts:Rosebank Phase 2, Quickbase_Status:Completed, QBRecordID:2891, Third_Party_Dependant_For_Conne:null, Latitude:-26.147144, Longitude:28.034723]], [attributes:[Precincts:Rosebank Phase 2, Quickbase_Status:Completed, QBRecordID:2890, Third_Party_Dependant_For_Conne:null, Latitude:-26.146917, Longitude:28.03482]], [attributes:[Precincts:Rosebank Phase 2, Quickbase_Status:Completed, QBRecordID:2996, Third_Party_Dependant_For_Conne:null, Latitude:-26.146894, Longitude:28.035976]], [attributes:[Precincts:Capital Hill, Quickbase_Status:Completed, QBRecordID:2399, Third_Party_Dependant_For_Conne:null, Latitude:-26.01179, Longitude:28.12646]], [attributes:[Precincts:Capital Hill, Quickbase_Status:Completed, QBRecordID:2400, Third_Party_Dependant_For_Conne:null, Latitude:-26.011091, Longitude:28.12707]], [attributes:[Precincts:Peter Place, Quickbase_Status:Completed, QBRecordID:587, Third_Party_Dependant_For_Conne:null, Latitude:-26.08253, Longitude:28.021376]], [attributes:[Precincts:Design Quarter, Quickbase_Status:Completed, QBRecordID:2388, Third_Party_Dependant_For_Conne:null, Latitude:-26.030392, Longitude:28.012884]], [attributes:[Precincts:James Crescent, Quickbase_Status:Completed, QBRecordID:2151, Third_Party_Dependant_For_Conne:null, Latitude:-26.006382, Longitude:28.127071]], [attributes:[Precincts:James Crescent, Quickbase_Status:Completed, QBRecordID:2182, Third_Party_Dependant_For_Conne:null, Latitude:-26.007729, Longitude:28.123442]], [attributes:[Precincts:James Crescent, Quickbase_Status:Completed, QBRecordID:2171, Third_Party_Dependant_For_Conne:null, Latitude:-26.002947, Longitude:28.125702]], [attributes:[Precincts:Ingersol, Quickbase_Status:Completed, QBRecordID:2356, Third_Party_Dependant_For_Conne:null, Latitude:-25.78241, Longitude:28.278206]], [attributes:[Precincts:James Crescent, Quickbase_Status:Completed, QBRecordID:4244, Third_Party_Dependant_For_Conne:null, Latitude:-26.004913, Longitude:28.128227]], [attributes:[Precincts:Bryanston Extension, Quickbase_Status:Completed, QBRecordID:1915, Third_Party_Dependant_For_Conne:null, Latitude:-26.045477, Longitude:28.018011]], [attributes:[Precincts:Arden Grove, Quickbase_Status:Completed, QBRecordID:1551, Third_Party_Dependant_For_Conne:null, Latitude:-33.86198, Longitude:18.512718]], [attributes:[Precincts:Empire Road, Quickbase_Status:Completed, QBRecordID:2488, Third_Party_Dependant_For_Conne:null, Latitude:-26.183914, Longitude:28.024387]], [attributes:[Precincts:Hatfield (Phase 3), Quickbase_Status:Completed, QBRecordID:3018, Third_Party_Dependant_For_Conne:null, Latitude:-25.74435, Longitude:28.243122]], [attributes:[Precincts:Hatfield (Phase 3), Quickbase_Status:Completed, QBRecordID:3014, Third_Party_Dependant_For_Conne:null, Latitude:-25.744709, Longitude:28.243053]], [attributes:[Precincts:Hatfield (Phase 3), Quickbase_Status:Completed, QBRecordID:3466, Third_Party_Dependant_For_Conne:null, Latitude:-25.744349, Longitude:28.243824]], [attributes:[Precincts:George Road, Quickbase_Status:Completed, QBRecordID:1356, Third_Party_Dependant_For_Conne:null, Latitude:-25.959532, Longitude:28.138712]], [attributes:[Precincts:Rosebank Phase 2, Quickbase_Status:Completed, QBRecordID:4095, Third_Party_Dependant_For_Conne:null, Latitude:-26.143023, Longitude:28.038895]], [attributes:[Precincts:Tygervalley, Quickbase_Status:Planned, QBRecordID:2580, Third_Party_Dependant_For_Conne:null, Latitude:-33.882355, Longitude:18.63576]], [attributes:[Precincts:Tygervalley, Quickbase_Status:Planned, QBRecordID:2590, Third_Party_Dependant_For_Conne:null, Latitude:-33.882866, Longitude:18.635698]], [attributes:[Precincts:Witch-Hazel, Quickbase_Status:Completed, QBRecordID:1264, Third_Party_Dependant_For_Conne:null, Latitude:-25.872236, Longitude:28.183517]], [attributes:[Precincts:Sandton Phase 1, Quickbase_Status:Completed, QBRecordID:2905, Third_Party_Dependant_For_Conne:null, Latitude:-26.100138, Longitude:28.055182]], [attributes:[Precincts:Sandton Phase 1, Quickbase_Status:Completed, QBRecordID:2897, Third_Party_Dependant_For_Conne:null, Latitude:-26.09911, Longitude:28.057018]], [attributes:[Precincts:Sandton Phase 1, Quickbase_Status:Completed, QBRecordID:3916, Third_Party_Dependant_For_Conne:null, Latitude:-26.09723, Longitude:28.056456]], [attributes:[Precincts:Sandton Phase 3, Quickbase_Status:Completed, QBRecordID:4032, Third_Party_Dependant_For_Conne:null, Latitude:-26.107515, Longitude:28.050512]], [attributes:[Precincts:Sandton Phase 3, Quickbase_Status:Completed, QBRecordID:75000, Third_Party_Dependant_For_Conne:null, Latitude:-26.11012, Longitude:28.056349]], [attributes:[Precincts:Bryanston Extension, Quickbase_Status:Completed, QBRecordID:1911, Third_Party_Dependant_For_Conne:null, Latitude:-26.04475, Longitude:28.01629]], [attributes:[Precincts:Hatfield (Phase 3), Quickbase_Status: , QBRecordID:2927, Third_Party_Dependant_For_Conne:null, Latitude:-25.743795, Longitude:28.241228]], [attributes:[Precincts:Hatfield (Phase 3), Quickbase_Status:Completed, QBRecordID:3511, Third_Party_Dependant_For_Conne:null, Latitude:-25.744762, Longitude:28.24138]], [attributes:[Precincts:Hatfield (Phase 3), Quickbase_Status:Completed, QBRecordID:3459, Third_Party_Dependant_For_Conne:null, Latitude:-25.745409, Longitude:28.241936]], [attributes:[Precincts:Hatfield (Phase 3), Quickbase_Status:Completed, QBRecordID:3536, Third_Party_Dependant_For_Conne:null, Latitude:-25.744726, Longitude:28.244205]], [attributes:[Precincts:Hatfield (Phase 3), Quickbase_Status:Completed, QBRecordID:70428, Third_Party_Dependant_For_Conne:null, Latitude:-25.74222, Longitude:28.243036]], [attributes:[Precincts:Hatfield (Phase 3), Quickbase_Status:Planned, QBRecordID:3475, Third_Party_Dependant_For_Conne:null, Latitude:-25.743055, Longitude:28.242296]], [attributes:[Precincts:Hatfield (Phase 3), Quickbase_Status:Planned, QBRecordID:3474, Third_Party_Dependant_For_Conne:null, Latitude:-25.743101, Longitude:28.241426]], [attributes:[Precincts:Hatfield (Phase 3), Quickbase_Status:Completed, QBRecordID:3483, Third_Party_Dependant_For_Conne:null, Latitude:-25.743216, Longitude:28.244658]], [attributes:[Precincts:Hatfield (Phase 3), Quickbase_Status:Completed, QBRecordID:3473, Third_Party_Dependant_For_Conne:null, Latitude:-25.743425, Longitude:28.241488]], [attributes:[Precincts:Hatfield (Phase 3), Quickbase_Status:Completed, QBRecordID:3481, Third_Party_Dependant_For_Conne:null, Latitude:-25.743095, Longitude:28.246489]], [attributes:[Precincts:Sandton Phase 3, Quickbase_Status:Planned, QBRecordID:3897, Third_Party_Dependant_For_Conne:null, Latitude:-26.102163, Longitude:28.060442]], [attributes:[Precincts:Western Services, Quickbase_Status:Completed, QBRecordID:4159, Third_Party_Dependant_For_Conne:null, Latitude:-26.056395, Longitude:28.087917]], [attributes:[Precincts:Bryanston Extension, Quickbase_Status:Completed, QBRecordID:1872, Third_Party_Dependant_For_Conne:null, Latitude:-26.054262, Longitude:28.02037]], [attributes:[Precincts:Rosenpark, Quickbase_Status:Completed, QBRecordID:2732, Third_Party_Dependant_For_Conne:null, Latitude:-33.870087, Longitude:18.64018]], [attributes:[Precincts:Rosenpark, Quickbase_Status:Completed, QBRecordID:2733, Third_Party_Dependant_For_Conne:null, Latitude:-33.87014, Longitude:18.640461]], [attributes:[Precincts:Kent, Quickbase_Status:Completed, QBRecordID:538, Third_Party_Dependant_For_Conne:null, Latitude:-26.099884, Longitude:27.997736]], [attributes:[Precincts:Kent, Quickbase_Status:Completed, QBRecordID:729, Third_Party_Dependant_For_Conne:null, Latitude:-26.099731, Longitude:27.997765]], [attributes:[Precincts:Kent, Quickbase_Status:Completed, QBRecordID:730, Third_Party_Dependant_For_Conne:null, Latitude:-26.099813, Longitude:27.997541]], [attributes:[Precincts:Lynnwood East, Quickbase_Status:Completed, QBRecordID:3909, Third_Party_Dependant_For_Conne:null, Latitude:-25.765514, Longitude:28.283045]], [attributes:[Precincts:Lynnwood East, Quickbase_Status:Completed, QBRecordID:3526, Third_Party_Dependant_For_Conne:null, Latitude:-25.76572, Longitude:28.280975]], [attributes:[Precincts:Sandton Phase 1, Quickbase_Status:Completed, QBRecordID:2913, Third_Party_Dependant_For_Conne:null, Latitude:-26.100039, Longitude:28.057938]], [attributes:[Precincts:Sandton Phase 1, Quickbase_Status:Completed, QBRecordID:2911, Third_Party_Dependant_For_Conne:null, Latitude:-26.09992, Longitude:28.055931]], [attributes:[Precincts:Sandton Phase 1, Quickbase_Status:Completed, QBRecordID:4170, Third_Party_Dependant_For_Conne:null, Latitude:-26.100733, Longitude:28.056328]], [attributes:[Precincts:Sandton Phase 1, Quickbase_Status:Planned, QBRecordID:2906, Third_Party_Dependant_For_Conne:null, Latitude:-26.100285, Longitude:28.053644]], [attributes:[Precincts:Sandton Phase 2, Quickbase_Status:Planned, QBRecordID:4167, Third_Party_Dependant_For_Conne:null, Latitude:-26.104708, Longitude:28.0514]], [attributes:[Precincts:Sandton Phase 2, Quickbase_Status:Completed, QBRecordID:4045, Third_Party_Dependant_For_Conne:null, Latitude:-26.110153, Longitude:28.048529]], [attributes:[Precincts:Sandton Phase 4, Quickbase_Status:Completed, QBRecordID:4857, Third_Party_Dependant_For_Conne:null, Latitude:-26.108255, Longitude:28.054377]], [attributes:[Precincts:Sandton Phase 4, Quickbase_Status:Completed, QBRecordID:4861, Third_Party_Dependant_For_Conne:null, Latitude:-26.106869, Longitude:28.053719]], [attributes:[Precincts:Westlake, Quickbase_Status:Completed, QBRecordID:4926, Third_Party_Dependant_For_Conne:null, Latitude:-34.07895, Longitude:18.441998]], [attributes:[Precincts:Persequor Park, Quickbase_Status:Completed, QBRecordID:4635, Third_Party_Dependant_For_Conne:null, Latitude:-25.745275, Longitude:28.273546]], [attributes:[Precincts:Persequor Park, Quickbase_Status:Partial Build Completed, QBRecordID:4602, Third_Party_Dependant_For_Conne:null, Latitude:-25.743412, Longitude:28.2768]], [attributes:[Precincts:Persequor Park, Quickbase_Status:Partial Build Completed, QBRecordID:4606, Third_Party_Dependant_For_Conne:null, Latitude:-25.741457, Longitude:28.277304]], [attributes:[Precincts:Persequor Park, Quickbase_Status:Completed, QBRecordID:4654, Third_Party_Dependant_For_Conne:null, Latitude:-25.747162, Longitude:28.272533]], [attributes:[Precincts:Persequor Park, Quickbase_Status:Partial Build Completed, QBRecordID:4605, Third_Party_Dependant_For_Conne:null, Latitude:-25.742111, Longitude:28.277332]], [attributes:[Precincts:Persequor Park, Quickbase_Status:Completed, QBRecordID:4659, Third_Party_Dependant_For_Conne:null, Latitude:-25.74728, Longitude:28.272139]], [attributes:[Precincts:Persequor Park, Quickbase_Status:Completed, QBRecordID:4611, Third_Party_Dependant_For_Conne:null, Latitude:-25.74426, Longitude:28.27418]], [attributes:[Precincts:Persequor Park, Quickbase_Status:Completed, QBRecordID:5119, Third_Party_Dependant_For_Conne:null, Latitude:-25.744474, Longitude:28.272434]], [attributes:[Precincts:Persequor Park, Quickbase_Status:Completed, QBRecordID:5121, Third_Party_Dependant_For_Conne:null, Latitude:-25.744686, Longitude:28.272615]], [attributes:[Precincts:Persequor Park, Quickbase_Status:Completed, QBRecordID:5120, Third_Party_Dependant_For_Conne:null, Latitude:-25.74458, Longitude:28.272507]], [attributes:[Precincts:Persequor Park, Quickbase_Status:Completed, QBRecordID:5123, Third_Party_Dependant_For_Conne:null, Latitude:-25.744654, Longitude:28.27292]], [attributes:[Precincts:Persequor Park, Quickbase_Status:Completed, QBRecordID:5122, Third_Party_Dependant_For_Conne:null, Latitude:-25.744732, Longitude:28.272774]], [attributes:[Precincts:Persequor Park, Quickbase_Status:Completed, QBRecordID:5125, Third_Party_Dependant_For_Conne:null, Latitude:-25.744389, Longitude:28.272766]], [attributes:[Precincts:Persequor Park, Quickbase_Status:Completed, QBRecordID:5124, Third_Party_Dependant_For_Conne:null, Latitude:-25.74453, Longitude:28.272804]], [attributes:[Precincts:Persequor Park, Quickbase_Status:Completed, QBRecordID:5127, Third_Party_Dependant_For_Conne:null, Latitude:-25.744099, Longitude:28.272785]], [attributes:[Precincts:Persequor Park, Quickbase_Status:Completed, QBRecordID:4665, Third_Party_Dependant_For_Conne:null, Latitude:-25.746431, Longitude:28.274738]], [attributes:[Precincts:Persequor Park, Quickbase_Status:Completed, QBRecordID:6305, Third_Party_Dependant_For_Conne:null, Latitude:-25.744493, Longitude:28.273283]], [attributes:[Precincts:Persequor Park, Quickbase_Status:Completed, QBRecordID:5130, Third_Party_Dependant_For_Conne:null, Latitude:-25.747, Longitude:28.2743]], [attributes:[Precincts:Persequor Park, Quickbase_Status:Completed, QBRecordID:5129, Third_Party_Dependant_For_Conne:null, Latitude:-25.746819, Longitude:28.274588]], [attributes:[Precincts:Persequor Park, Quickbase_Status:Completed, QBRecordID:4668, Third_Party_Dependant_For_Conne:null, Latitude:-25.745066, Longitude:28.27166]], [attributes:[Precincts:Persequor Park, Quickbase_Status:Completed, QBRecordID:4649, Third_Party_Dependant_For_Conne:null, Latitude:-25.747126, Longitude:28.27334]], [attributes:[Precincts:Persequor Park, Quickbase_Status:Completed, QBRecordID:4669, Third_Party_Dependant_For_Conne:null, Latitude:-25.745354, Longitude:28.273167]], [attributes:[Precincts:Persequor Park, Quickbase_Status:Completed, QBRecordID:4629, Third_Party_Dependant_For_Conne:null, Latitude:-25.745506, Longitude:28.272789]], [attributes:[Precincts:Persequor Park, Quickbase_Status:Completed, QBRecordID:4648, Third_Party_Dependant_For_Conne:null, Latitude:-25.747147, Longitude:28.273872]], [attributes:[Precincts:Persequor Park, Quickbase_Status:Completed, QBRecordID:5134, Third_Party_Dependant_For_Conne:null, Latitude:-25.747725, Longitude:28.272903]], [attributes:[Precincts:Persequor Park, Quickbase_Status:Completed, QBRecordID:5135, Third_Party_Dependant_For_Conne:null, Latitude:-25.74745, Longitude:28.272903]], [attributes:[Precincts:Persequor Park, Quickbase_Status:Completed, QBRecordID:5205, Third_Party_Dependant_For_Conne:null, Latitude:-25.743958, Longitude:28.27155]], [attributes:[Precincts:Persequor Park, Quickbase_Status:Completed, QBRecordID:5207, Third_Party_Dependant_For_Conne:null, Latitude:-25.744232, Longitude:28.271946]], [attributes:[Precincts:Persequor Park, Quickbase_Status:Completed, QBRecordID:5208, Third_Party_Dependant_For_Conne:null, Latitude:-25.74423, Longitude:28.271664]], [attributes:[Precincts:Hyde Park, Quickbase_Status:Completed, QBRecordID:2671, Third_Party_Dependant_For_Conne:null, Latitude:-26.114819, Longitude:28.031317]], [attributes:[Precincts:Hyde Park, Quickbase_Status:Completed, QBRecordID:2672, Third_Party_Dependant_For_Conne:null, Latitude:-26.115194, Longitude:28.031351]], [attributes:[Precincts:Waterfall Office Park, Quickbase_Status:Completed, QBRecordID:3003, Third_Party_Dependant_For_Conne:null, Latitude:-26.00731, Longitude:28.117085]], [attributes:[Precincts:Waterfall Office Park, Quickbase_Status:Completed, QBRecordID:4892, Third_Party_Dependant_For_Conne:null, Latitude:-26.011927, Longitude:28.11215]], [attributes:[Precincts:Waterfall Office Park, Quickbase_Status:Planned, QBRecordID:4898, Third_Party_Dependant_For_Conne:null, Latitude:-26.01222, Longitude:28.11333]], [attributes:[Precincts:Waterfall Office Park, Quickbase_Status:Completed, QBRecordID:4902, Third_Party_Dependant_For_Conne:null, Latitude:-26.012772, Longitude:28.113668]], [attributes:[Precincts:Waterfall Office Park, Quickbase_Status:Planned, QBRecordID:4899, Third_Party_Dependant_For_Conne:null, Latitude:-26.012049, Longitude:28.113262]], [attributes:[Precincts:Waterfall Office Park, Quickbase_Status:Completed, QBRecordID:4907, Third_Party_Dependant_For_Conne:null, Latitude:-26.01299, Longitude:28.114605]], [attributes:[Precincts:Waterfall Office Park, Quickbase_Status:Completed, QBRecordID:4906, Third_Party_Dependant_For_Conne:null, Latitude:-26.012575, Longitude:28.114586]], [attributes:[Precincts:Waterfall Office Park, Quickbase_Status:Completed, QBRecordID:5787, Third_Party_Dependant_For_Conne:Yes, Latitude:-26.013586, Longitude:28.115744]], [attributes:[Precincts:Waterfall Office Park, Quickbase_Status:Completed, QBRecordID:4905, Third_Party_Dependant_For_Conne:null, Latitude:-26.013817, Longitude:28.11529]], [attributes:[Precincts:Waterfall Office Park, Quickbase_Status:Completed, QBRecordID:4914, Third_Party_Dependant_For_Conne:null, Latitude:-26.011024, Longitude:28.11675]], [attributes:[Precincts:Waterfall Office Park, Quickbase_Status:Planned, QBRecordID:4915, Third_Party_Dependant_For_Conne:null, Latitude:-26.010561, Longitude:28.117311]], [attributes:[Precincts:Waterfall Office Park, Quickbase_Status:Completed, QBRecordID:4916, Third_Party_Dependant_For_Conne:null, Latitude:-26.010077, Longitude:28.117563]], [attributes:[Precincts:Waterfall Office Park, Quickbase_Status:Planned, QBRecordID:4917, Third_Party_Dependant_For_Conne:null, Latitude:-26.008364, Longitude:28.118364]], [attributes:[Precincts:Waterfall Office Park, Quickbase_Status:Completed, QBRecordID:5790, Third_Party_Dependant_For_Conne:Yes, Latitude:-26.00777, Longitude:28.118301]], [attributes:[Precincts:Waterfall Office Park, Quickbase_Status:Completed, QBRecordID:5791, Third_Party_Dependant_For_Conne:Yes, Latitude:-26.007444, Longitude:28.118322]], [attributes:[Precincts:Waterfall Office Park, Quickbase_Status:Completed, QBRecordID:4919, Third_Party_Dependant_For_Conne:null, Latitude:-26.007584, Longitude:28.118008]], [attributes:[Precincts:Sandton Phase 2, Quickbase_Status:Completed, QBRecordID:4044, Third_Party_Dependant_For_Conne:null, Latitude:-26.104563, Longitude:28.048477]], [attributes:[Precincts:Sandton Phase 2, Quickbase_Status:Planned, QBRecordID:4046, Third_Party_Dependant_For_Conne:null, Latitude:-26.105652, Longitude:28.054106]], [attributes:[Precincts:Richards Drive, Quickbase_Status:Completed, QBRecordID:2432, Third_Party_Dependant_For_Conne:null, Latitude:-26.013588, Longitude:28.121552]], [attributes:[Precincts:George Road, Quickbase_Status:Completed, QBRecordID:1753, Third_Party_Dependant_For_Conne:null, Latitude:-25.969044, Longitude:28.134716]], [attributes:[Precincts:Richards Drive, Quickbase_Status:Completed, QBRecordID:2674, Third_Party_Dependant_For_Conne:null, Latitude:-26.01349, Longitude:28.123032]], [attributes:[Precincts:Richards Drive, Quickbase_Status:Completed, QBRecordID:2428, Third_Party_Dependant_For_Conne:null, Latitude:-26.01677, Longitude:28.120544]], [attributes:[Precincts:Richards Drive, Quickbase_Status:Completed, QBRecordID:2442, Third_Party_Dependant_For_Conne:null, Latitude:-26.013775, Longitude:28.124285]], [attributes:[Precincts:Richards Drive, Quickbase_Status:Completed, QBRecordID:2470, Third_Party_Dependant_For_Conne:null, Latitude:-26.01493, Longitude:28.122454]], [attributes:[Precincts:Muswell, Quickbase_Status:Completed, QBRecordID:193, Third_Party_Dependant_For_Conne:null, Latitude:-26.049517, Longitude:28.02258]], [attributes:[Precincts:Muswell, Quickbase_Status:Completed, QBRecordID:191, Third_Party_Dependant_For_Conne:null, Latitude:-26.049887, Longitude:28.023605]], [attributes:[Precincts:Albury, Quickbase_Status:Completed, QBRecordID:274, Third_Party_Dependant_For_Conne:null, Latitude:-26.12617, Longitude:28.031939]], [attributes:[Precincts:Albury, Quickbase_Status:Completed, QBRecordID:288, Third_Party_Dependant_For_Conne:null, Latitude:-26.126274, Longitude:28.031464]], [attributes:[Precincts:Homestead, Quickbase_Status:Completed, QBRecordID:256, Third_Party_Dependant_For_Conne:null, Latitude:-26.045979, Longitude:28.05886]], [attributes:[Precincts:Homestead, Quickbase_Status:Partial Build Completed, QBRecordID:239, Third_Party_Dependant_For_Conne:null, Latitude:-26.048424, Longitude:28.055895]], [attributes:[Precincts:Homestead, Quickbase_Status:Completed, QBRecordID:240, Third_Party_Dependant_For_Conne:null, Latitude:-26.048395, Longitude:28.056534]], [attributes:[Precincts:Georgian Crescent, Quickbase_Status:Completed, QBRecordID:334, Third_Party_Dependant_For_Conne:null, Latitude:-26.040892, Longitude:28.017775]], [attributes:[Precincts:Katherine Extension, Quickbase_Status:Completed, QBRecordID:1329, Third_Party_Dependant_For_Conne:null, Latitude:-26.101196, Longitude:28.073769]], [attributes:[Precincts:Katherine Extension, Quickbase_Status:Completed, QBRecordID:1331, Third_Party_Dependant_For_Conne:null, Latitude:-26.10209, Longitude:28.07344]], [attributes:[Precincts:Katherine Extension, Quickbase_Status:Completed, QBRecordID:1330, Third_Party_Dependant_For_Conne:null, Latitude:-26.102295, Longitude:28.074112]], [attributes:[Precincts:Katherine Extension, Quickbase_Status:Completed, QBRecordID:1332, Third_Party_Dependant_For_Conne:null, Latitude:-26.10318, Longitude:28.07301]], [attributes:[Precincts:Sandton Phase 3, Quickbase_Status:Planned, QBRecordID:2989, Third_Party_Dependant_For_Conne:null, Latitude:-26.104334, Longitude:28.059866]], [attributes:[Precincts:CPT CBD Phase 01, Quickbase_Status:Partial Build Completed, QBRecordID:3060, Third_Party_Dependant_For_Conne:null, Latitude:-33.9159, Longitude:18.427086]], [attributes:[Precincts:CPT CBD Phase 01, Quickbase_Status:Completed, QBRecordID:3061, Third_Party_Dependant_For_Conne:null, Latitude:-33.916534, Longitude:18.428492]], [attributes:[Precincts:CPT CBD Phase 01, Quickbase_Status:Completed, QBRecordID:3067, Third_Party_Dependant_For_Conne:null, Latitude:-33.917957, Longitude:18.425276]], [attributes:[Precincts:CPT CBD Phase 01, Quickbase_Status:Completed, QBRecordID:3073, Third_Party_Dependant_For_Conne:null, Latitude:-33.91827, Longitude:18.42566]], [attributes:[Precincts:Woodlands Office Park, Quickbase_Status:Completed, QBRecordID:1642, Third_Party_Dependant_For_Conne:null, Latitude:-26.059586, Longitude:28.088463]], [attributes:[Precincts:Woodlands Office Park, Quickbase_Status:Completed, QBRecordID:1643, Third_Party_Dependant_For_Conne:null, Latitude:-26.058378, Longitude:28.08781]], [attributes:[Precincts:Woodlands Office Park, Quickbase_Status:Completed, QBRecordID:1654, Third_Party_Dependant_For_Conne:null, Latitude:-26.059261, Longitude:28.084808]], [attributes:[Precincts:Woodlands Office Park, Quickbase_Status:Completed, QBRecordID:1655, Third_Party_Dependant_For_Conne:null, Latitude:-26.060034, Longitude:28.084726]], [attributes:[Precincts:Sandton Phase 1, Quickbase_Status:Completed, QBRecordID:2898, Third_Party_Dependant_For_Conne:null, Latitude:-26.101763, Longitude:28.050236]], [attributes:[Precincts:Sandton Phase 1, Quickbase_Status:Planned, QBRecordID:2896, Third_Party_Dependant_For_Conne:null, Latitude:-26.102316, Longitude:28.050186]], [attributes:[Precincts:Umhlanga (Phase 3), Quickbase_Status:Completed, QBRecordID:2767, Third_Party_Dependant_For_Conne:null, Latitude:-29.741184, Longitude:31.066967]], [attributes:[Precincts:Umhlanga (Phase 3), Quickbase_Status:Planned, QBRecordID:2808, Third_Party_Dependant_For_Conne:null, Latitude:-29.73772, Longitude:31.070938]], [attributes:[Precincts:Umhlanga (Phase 3), Quickbase_Status:Completed, QBRecordID:2777, Third_Party_Dependant_For_Conne:null, Latitude:-29.73364, Longitude:31.06941]], [attributes:[Precincts:Umhlanga (Phase 3), Quickbase_Status:Partial Build Completed, QBRecordID:2778, Third_Party_Dependant_For_Conne:null, Latitude:-29.733736, Longitude:31.07028]], [attributes:[Precincts:Umhlanga (Phase 3), Quickbase_Status:Completed, QBRecordID:2774, Third_Party_Dependant_For_Conne:null, Latitude:-29.736961, Longitude:31.069338]], [attributes:[Precincts:Umhlanga (Phase 3), Quickbase_Status:Completed, QBRecordID:6595, Third_Party_Dependant_For_Conne:null, Latitude:-29.74701, Longitude:31.068962]], [attributes:[Precincts:Sandton Phase 1, Quickbase_Status:Completed, QBRecordID:4168, Third_Party_Dependant_For_Conne:null, Latitude:-26.100338, Longitude:28.056696]], [attributes:[Precincts:Muswell, Quickbase_Status:Completed, QBRecordID:190, Third_Party_Dependant_For_Conne:null, Latitude:-26.05109, Longitude:28.023386]], [attributes:[Precincts:Skeen Boulevard, Quickbase_Status:Completed, QBRecordID:1161, Third_Party_Dependant_For_Conne:null, Latitude:-26.176533, Longitude:28.13267]], [attributes:[Precincts:Witch-Hazel, Quickbase_Status:Completed, QBRecordID:1279, Third_Party_Dependant_For_Conne:null, Latitude:-25.872744, Longitude:28.184797]], [attributes:[Precincts:Witch-Hazel, Quickbase_Status:Completed, QBRecordID:1667, Third_Party_Dependant_For_Conne:null, Latitude:-25.872648, Longitude:28.185041]], [attributes:[Precincts:Witch-Hazel, Quickbase_Status:Completed, QBRecordID:1668, Third_Party_Dependant_For_Conne:null, Latitude:-25.872482, Longitude:28.185469]], [attributes:[Precincts:Witch-Hazel, Quickbase_Status:Completed, QBRecordID:1252, Third_Party_Dependant_For_Conne:null, Latitude:-25.87142, Longitude:28.188093]], [attributes:[Precincts:Witch-Hazel, Quickbase_Status:Completed, QBRecordID:1263, Third_Party_Dependant_For_Conne:null, Latitude:-25.871826, Longitude:28.184788]], [attributes:[Precincts:Witch-Hazel, Quickbase_Status:Completed, QBRecordID:1266, Third_Party_Dependant_For_Conne:null, Latitude:-25.873043, Longitude:28.18237]], [attributes:[Precincts:Witch-Hazel, Quickbase_Status:Planned, QBRecordID:3904, Third_Party_Dependant_For_Conne:null, Latitude:-25.873507, Longitude:28.180344]], [attributes:[Precincts:Witch-Hazel, Quickbase_Status:Planned, QBRecordID:1270, Third_Party_Dependant_For_Conne:null, Latitude:-25.873291, Longitude:28.180656]], [attributes:[Precincts:Witch-Hazel, Quickbase_Status:Planned, QBRecordID:1714, Third_Party_Dependant_For_Conne:null, Latitude:-25.873102, Longitude:28.181051]], [attributes:[Precincts:Capital Hill, Quickbase_Status:Completed, QBRecordID:2419, Third_Party_Dependant_For_Conne:null, Latitude:-26.010906, Longitude:28.129288]], [attributes:[Precincts:George Road, Quickbase_Status:Completed, QBRecordID:1749, Third_Party_Dependant_For_Conne:null, Latitude:-25.96838, Longitude:28.13345]], [attributes:[Precincts:Bauhania Street, Quickbase_Status:Completed, QBRecordID:4543, Third_Party_Dependant_For_Conne:null, Latitude:-25.879242, Longitude:28.182905]], [attributes:[Precincts:Bauhania Street, Quickbase_Status:Completed, QBRecordID:4544, Third_Party_Dependant_For_Conne:null, Latitude:-25.879557, Longitude:28.183102]], [attributes:[Precincts:Highveld Technopark, Quickbase_Status:Completed, QBRecordID:5878, Third_Party_Dependant_For_Conne:null, Latitude:-25.87972, Longitude:28.183731]], [attributes:[Precincts:Highveld Technopark, Quickbase_Status:Completed, QBRecordID:4541, Third_Party_Dependant_For_Conne:null, Latitude:-25.879396, Longitude:28.183956]], [attributes:[Precincts:Highveld Technopark, Quickbase_Status:Planned, QBRecordID:4540, Third_Party_Dependant_For_Conne:null, Latitude:-25.878994, Longitude:28.183924]], [attributes:[Precincts:Highveld Technopark, Quickbase_Status:Completed, QBRecordID:4537, Third_Party_Dependant_For_Conne:null, Latitude:-25.876379, Longitude:28.185665]], [attributes:[Precincts:Highveld Technopark, Quickbase_Status:Completed, QBRecordID:4536, Third_Party_Dependant_For_Conne:null, Latitude:-25.87526, Longitude:28.185696]], [attributes:[Precincts:Highveld Technopark, Quickbase_Status:Completed, QBRecordID:4535, Third_Party_Dependant_For_Conne:null, Latitude:-25.874819, Longitude:28.186264]], [attributes:[Precincts:Highveld Technopark, Quickbase_Status:Completed, QBRecordID:4534, Third_Party_Dependant_For_Conne:null, Latitude:-25.874596, Longitude:28.18675]], [attributes:[Precincts:Highveld Technopark, Quickbase_Status:Completed, QBRecordID:5913, Third_Party_Dependant_For_Conne:null, Latitude:-25.875114, Longitude:28.187023]], [attributes:[Precincts:Highveld Technopark, Quickbase_Status:Completed, QBRecordID:4532, Third_Party_Dependant_For_Conne:null, Latitude:-25.873432, Longitude:28.188662]], [attributes:[Precincts:Highveld Technopark, Quickbase_Status:Completed, QBRecordID:4673, Third_Party_Dependant_For_Conne:null, Latitude:-25.872734, Longitude:28.189585]], [attributes:[Precincts:Highveld Technopark, Quickbase_Status:Completed, QBRecordID:5924, Third_Party_Dependant_For_Conne:null, Latitude:-25.872824, Longitude:28.189865]], [attributes:[Precincts:Highveld Technopark, Quickbase_Status:Completed, QBRecordID:4531, Third_Party_Dependant_For_Conne:null, Latitude:-25.873074, Longitude:28.1897]], [attributes:[Precincts:Highveld Technopark, Quickbase_Status:Completed, QBRecordID:5923, Third_Party_Dependant_For_Conne:null, Latitude:-25.873014, Longitude:28.190203]], [attributes:[Precincts:Highveld Technopark, Quickbase_Status:Completed, QBRecordID:4530, Third_Party_Dependant_For_Conne:null, Latitude:-25.873466, Longitude:28.189913]], [attributes:[Precincts:Highveld Technopark, Quickbase_Status:Planned, QBRecordID:4523, Third_Party_Dependant_For_Conne:null, Latitude:-25.873333, Longitude:28.190796]], [attributes:[Precincts:Highveld Technopark, Quickbase_Status:Completed, QBRecordID:4524, Third_Party_Dependant_For_Conne:null, Latitude:-25.87346, Longitude:28.19039]], [attributes:[Precincts:Highveld Technopark, Quickbase_Status:Completed, QBRecordID:8213, Third_Party_Dependant_For_Conne:null, Latitude:-25.874342, Longitude:28.18906]], [attributes:[Precincts:Highveld Technopark, Quickbase_Status:Completed, QBRecordID:4529, Third_Party_Dependant_For_Conne:null, Latitude:-25.87409, Longitude:28.189203]], [attributes:[Precincts:Highveld Technopark, Quickbase_Status:Completed, QBRecordID:4522, Third_Party_Dependant_For_Conne:null, Latitude:-25.873766, Longitude:28.190914]], [attributes:[Precincts:Highveld Technopark, Quickbase_Status:Completed, QBRecordID:4998, Third_Party_Dependant_For_Conne:null, Latitude:-25.877357, Longitude:28.181227]], [attributes:[Precincts:Highveld Technopark, Quickbase_Status:Completed, QBRecordID:4999, Third_Party_Dependant_For_Conne:null, Latitude:-25.877632, Longitude:28.181257]], [attributes:[Precincts:Highveld Technopark, Quickbase_Status:Completed, QBRecordID:5004, Third_Party_Dependant_For_Conne:null, Latitude:-25.87881, Longitude:28.180674]], [attributes:[Precincts:Highveld Technopark, Quickbase_Status:Completed, QBRecordID:5928, Third_Party_Dependant_For_Conne:null, Latitude:-25.878347, Longitude:28.180637]], [attributes:[Precincts:Highveld Technopark, Quickbase_Status:Completed, QBRecordID:5011, Third_Party_Dependant_For_Conne:null, Latitude:-25.878168, Longitude:28.180754]], [attributes:[Precincts:Highveld Technopark, Quickbase_Status:Completed, QBRecordID:5008, Third_Party_Dependant_For_Conne:null, Latitude:-25.878096, Longitude:28.180265]], [attributes:[Precincts:Highveld Technopark, Quickbase_Status:Completed, QBRecordID:5007, Third_Party_Dependant_For_Conne:null, Latitude:-25.87779, Longitude:28.180256]], [attributes:[Precincts:Highveld Technopark, Quickbase_Status:Completed, QBRecordID:5006, Third_Party_Dependant_For_Conne:null, Latitude:-25.877657, Longitude:28.180496]], [attributes:[Precincts:Highveld Technopark, Quickbase_Status:Completed, QBRecordID:5005, Third_Party_Dependant_For_Conne:null, Latitude:-25.877514, Longitude:28.180744]], [attributes:[Precincts:Highveld Technopark, Quickbase_Status:Completed, QBRecordID:4997, Third_Party_Dependant_For_Conne:null, Latitude:-25.876837, Longitude:28.180891]], [attributes:[Precincts:Georgian Crescent, Quickbase_Status:Completed, QBRecordID:319, Third_Party_Dependant_For_Conne:null, Latitude:-26.04111, Longitude:28.017904]], [attributes:[Precincts:Georgian Crescent, Quickbase_Status:Completed, QBRecordID:325, Third_Party_Dependant_For_Conne:null, Latitude:-26.039698, Longitude:28.016487]], [attributes:[Precincts:Impala, Quickbase_Status:Completed, QBRecordID:152, Third_Party_Dependant_For_Conne:null, Latitude:-26.115646, Longitude:28.05102]], [attributes:[Precincts:Impala, Quickbase_Status:Completed, QBRecordID:156, Third_Party_Dependant_For_Conne:null, Latitude:-26.115234, Longitude:28.051216]], [attributes:[Precincts:Impala, Quickbase_Status:Completed, QBRecordID:168, Third_Party_Dependant_For_Conne:null, Latitude:-26.114248, Longitude:28.053696]], [attributes:[Precincts:Impala, Quickbase_Status:Completed, QBRecordID:167, Third_Party_Dependant_For_Conne:null, Latitude:-26.114695, Longitude:28.05391]], [attributes:[Precincts:Mellis, Quickbase_Status:Completed, QBRecordID:299, Third_Party_Dependant_For_Conne:null, Latitude:-26.044903, Longitude:28.056793]], [attributes:[Precincts:Mellis, Quickbase_Status:Completed, QBRecordID:293, Third_Party_Dependant_For_Conne:null, Latitude:-26.044544, Longitude:28.057665]], [attributes:[Precincts:Oxford Road, Quickbase_Status:Completed, QBRecordID:129, Third_Party_Dependant_For_Conne:null, Latitude:-26.131193, Longitude:28.049778]], [attributes:[Precincts:Oxford Road, Quickbase_Status:Completed, QBRecordID:509, Third_Party_Dependant_For_Conne:null, Latitude:-26.130768, Longitude:28.048494]], [attributes:[Precincts:Homestead, Quickbase_Status:Planned, QBRecordID:244, Third_Party_Dependant_For_Conne:null, Latitude:-26.04558, Longitude:28.056408]], [attributes:[Precincts:Claremont, Quickbase_Status:Completed, QBRecordID:386, Third_Party_Dependant_For_Conne:null, Latitude:-33.978615, Longitude:18.46431]], [attributes:[Precincts:Claremont, Quickbase_Status:Completed, QBRecordID:593, Third_Party_Dependant_For_Conne:null, Latitude:-33.97841, Longitude:18.46425]], [attributes:[Precincts:Claremont, Quickbase_Status:Completed, QBRecordID:892, Third_Party_Dependant_For_Conne:null, Latitude:-33.978382, Longitude:18.464561]], [attributes:[Precincts:Saddle Drive, Quickbase_Status:Completed, QBRecordID:1836, Third_Party_Dependant_For_Conne:null, Latitude:-26.045288, Longitude:28.08838]], [attributes:[Precincts:Saddle Drive, Quickbase_Status:Completed, QBRecordID:1863, Third_Party_Dependant_For_Conne:null, Latitude:-26.047688, Longitude:28.08849]], [attributes:[Precincts:Saddle Drive, Quickbase_Status:Completed, QBRecordID:1866, Third_Party_Dependant_For_Conne:null, Latitude:-26.047268, Longitude:28.088646]], [attributes:[Precincts:Saddle Drive, Quickbase_Status:Completed, QBRecordID:1835, Third_Party_Dependant_For_Conne:null, Latitude:-26.049122, Longitude:28.08763]], [attributes:[Precincts:Saddle Drive, Quickbase_Status:Completed, QBRecordID:1841, Third_Party_Dependant_For_Conne:null, Latitude:-26.04769, Longitude:28.087902]], [attributes:[Precincts:TechnoPark, Quickbase_Status:Completed, QBRecordID:801, Third_Party_Dependant_For_Conne:null, Latitude:-33.966644, Longitude:18.838886]], [attributes:[Precincts:TechnoPark, Quickbase_Status:Completed, QBRecordID:1282, Third_Party_Dependant_For_Conne:null, Latitude:-33.964462, Longitude:18.837576]], [attributes:[Precincts:TechnoPark, Quickbase_Status:Completed, QBRecordID:1342, Third_Party_Dependant_For_Conne:null, Latitude:-33.965267, Longitude:18.83818]], [attributes:[Precincts:Albury, Quickbase_Status:Completed, QBRecordID:281, Third_Party_Dependant_For_Conne:null, Latitude:-26.126762, Longitude:28.032347]], [attributes:[Precincts:Albury, Quickbase_Status:Completed, QBRecordID:285, Third_Party_Dependant_For_Conne:null, Latitude:-26.1279, Longitude:28.031515]], [attributes:[Precincts:Arnold, Quickbase_Status:Completed, QBRecordID:259, Third_Party_Dependant_For_Conne:null, Latitude:-26.148453, Longitude:28.041695]], [attributes:[Precincts:Arnold, Quickbase_Status:Completed, QBRecordID:260, Third_Party_Dependant_For_Conne:null, Latitude:-26.148357, Longitude:28.042208]], [attributes:[Precincts:Georgian Crescent, Quickbase_Status:Completed, QBRecordID:333, Third_Party_Dependant_For_Conne:null, Latitude:-26.039778, Longitude:28.015913]], [attributes:[Precincts:Georgian Crescent, Quickbase_Status:Completed, QBRecordID:330, Third_Party_Dependant_For_Conne:null, Latitude:-26.038416, Longitude:28.017809]], [attributes:[Precincts:Georgian Crescent, Quickbase_Status:Completed, QBRecordID:328, Third_Party_Dependant_For_Conne:null, Latitude:-26.038744, Longitude:28.016823]], [attributes:[Precincts:Georgian Crescent, Quickbase_Status:Completed, QBRecordID:301, Third_Party_Dependant_For_Conne:null, Latitude:-26.03762, Longitude:28.018328]], [attributes:[Precincts:Impala, Quickbase_Status:Completed, QBRecordID:164, Third_Party_Dependant_For_Conne:null, Latitude:-26.115591, Longitude:28.053314]], [attributes:[Precincts:Oxford Road, Quickbase_Status:Completed, QBRecordID:511, Third_Party_Dependant_For_Conne:null, Latitude:-26.129536, Longitude:28.048893]], [attributes:[Precincts:Oxford Road, Quickbase_Status:Completed, QBRecordID:512, Third_Party_Dependant_For_Conne:null, Latitude:-26.128912, Longitude:28.048983]], [attributes:[Precincts:Georgian Crescent, Quickbase_Status:Completed, QBRecordID:661, Third_Party_Dependant_For_Conne:null, Latitude:-26.042625, Longitude:28.018232]], [attributes:[Precincts:Fricker, Quickbase_Status:Completed, QBRecordID:135, Third_Party_Dependant_For_Conne:null, Latitude:-26.13588, Longitude:28.046436]], [attributes:[Precincts:Country Club Estate, Quickbase_Status:Completed, QBRecordID:500, Third_Party_Dependant_For_Conne:null, Latitude:-26.058834, Longitude:28.083084]], [attributes:[Precincts:Country Club Estate, Quickbase_Status:Completed, QBRecordID:497, Third_Party_Dependant_For_Conne:null, Latitude:-26.057686, Longitude:28.08356]], [attributes:[Precincts:Claremont, Quickbase_Status:Completed, QBRecordID:70449, Third_Party_Dependant_For_Conne:null, Latitude:-33.97859, Longitude:18.463419]], [attributes:[Precincts:Saddle Drive, Quickbase_Status:Completed, QBRecordID:1859, Third_Party_Dependant_For_Conne:null, Latitude:-26.046335, Longitude:28.088251]], [attributes:[Precincts:Saddle Drive, Quickbase_Status:Completed, QBRecordID:1865, Third_Party_Dependant_For_Conne:null, Latitude:-26.045946, Longitude:28.08831]], [attributes:[Precincts:Saddle Drive, Quickbase_Status:Completed, QBRecordID:70442, Third_Party_Dependant_For_Conne:null, Latitude:-26.04565, Longitude:28.08836]], [attributes:[Precincts:Persequor Park, Quickbase_Status:Completed, QBRecordID:6145, Third_Party_Dependant_For_Conne:null, Latitude:-25.744537, Longitude:28.274122]], [attributes:[Precincts:Logan Ave, Quickbase_Status:Completed, QBRecordID:6065, Third_Party_Dependant_For_Conne:null, Latitude:-25.878939, Longitude:28.201077]], [attributes:[Precincts:Logan Ave, Quickbase_Status:Completed, QBRecordID:6066, Third_Party_Dependant_For_Conne:null, Latitude:-25.879122, Longitude:28.200834]], [attributes:[Precincts:Logan Ave, Quickbase_Status:Completed, QBRecordID:6067, Third_Party_Dependant_For_Conne:null, Latitude:-25.87927, Longitude:28.201015]], [attributes:[Precincts:Logan Ave, Quickbase_Status:Completed, QBRecordID:6068, Third_Party_Dependant_For_Conne:null, Latitude:-25.879444, Longitude:28.20115]], [attributes:[Precincts:Logan Ave, Quickbase_Status:Completed, QBRecordID:6069, Third_Party_Dependant_For_Conne:null, Latitude:-25.87969, Longitude:28.201414]], [attributes:[Precincts:Logan Ave, Quickbase_Status:Completed, QBRecordID:6038, Third_Party_Dependant_For_Conne:null, Latitude:-25.878555, Longitude:28.20048]], [attributes:[Precincts:Logan Ave, Quickbase_Status:Completed, QBRecordID:6039, Third_Party_Dependant_For_Conne:null, Latitude:-25.878366, Longitude:28.20068]], [attributes:[Precincts:Logan Ave, Quickbase_Status:Completed, QBRecordID:6040, Third_Party_Dependant_For_Conne:null, Latitude:-25.878408, Longitude:28.200855]], [attributes:[Precincts:Logan Ave, Quickbase_Status:Completed, QBRecordID:6041, Third_Party_Dependant_For_Conne:null, Latitude:-25.878641, Longitude:28.201075]], [attributes:[Precincts:Logan Ave, Quickbase_Status:Completed, QBRecordID:6042, Third_Party_Dependant_For_Conne:null, Latitude:-25.878948, Longitude:28.200655]], [attributes:[Precincts:Logan Ave, Quickbase_Status:Completed, QBRecordID:6043, Third_Party_Dependant_For_Conne:null, Latitude:-25.87925, Longitude:28.20025]], [attributes:[Precincts:Logan Ave, Quickbase_Status:Completed, QBRecordID:6044, Third_Party_Dependant_For_Conne:null, Latitude:-25.879015, Longitude:28.200027]], [attributes:[Precincts:Logan Ave, Quickbase_Status:Completed, QBRecordID:6045, Third_Party_Dependant_For_Conne:null, Latitude:-25.878708, Longitude:28.200283]], [attributes:[Precincts:Logan Ave, Quickbase_Status:Completed, QBRecordID:6046, Third_Party_Dependant_For_Conne:null, Latitude:-25.878826, Longitude:28.200039]], [attributes:[Precincts:Logan Ave, Quickbase_Status:Completed, QBRecordID:6052, Third_Party_Dependant_For_Conne:null, Latitude:-25.877325, Longitude:28.198986]], [attributes:[Precincts:Logan Ave, Quickbase_Status:Completed, QBRecordID:6053, Third_Party_Dependant_For_Conne:null, Latitude:-25.87788, Longitude:28.198982]], [attributes:[Precincts:Logan Ave, Quickbase_Status:Completed, QBRecordID:6054, Third_Party_Dependant_For_Conne:null, Latitude:-25.877735, Longitude:28.198835]], [attributes:[Precincts:Logan Ave, Quickbase_Status:Completed, QBRecordID:6055, Third_Party_Dependant_For_Conne:null, Latitude:-25.877607, Longitude:28.198723]], [attributes:[Precincts:Logan Ave, Quickbase_Status:Completed, QBRecordID:6056, Third_Party_Dependant_For_Conne:null, Latitude:-25.877556, Longitude:28.199507]], [attributes:[Precincts:Logan Ave, Quickbase_Status:Completed, QBRecordID:6057, Third_Party_Dependant_For_Conne:null, Latitude:-25.877289, Longitude:28.19976]], [attributes:[Precincts:Logan Ave, Quickbase_Status:Completed, QBRecordID:6058, Third_Party_Dependant_For_Conne:null, Latitude:-25.877138, Longitude:28.199635]], [attributes:[Precincts:Logan Ave, Quickbase_Status:Completed, QBRecordID:6059, Third_Party_Dependant_For_Conne:null, Latitude:-25.876999, Longitude:28.199516]], [attributes:[Precincts:Logan Ave, Quickbase_Status:Completed, QBRecordID:6060, Third_Party_Dependant_For_Conne:null, Latitude:-25.876778, Longitude:28.19926]], [attributes:[Precincts:Logan Ave, Quickbase_Status:Completed, QBRecordID:6061, Third_Party_Dependant_For_Conne:null, Latitude:-25.877064, Longitude:28.199057]], [attributes:[Precincts:Logan Ave, Quickbase_Status:Completed, QBRecordID:6062, Third_Party_Dependant_For_Conne:null, Latitude:-25.876926, Longitude:28.198936]], [attributes:[Precincts:Logan Ave, Quickbase_Status:Completed, QBRecordID:6063, Third_Party_Dependant_For_Conne:null, Latitude:-25.878223, Longitude:28.199484]], [attributes:[Precincts:Logan Ave, Quickbase_Status:Completed, QBRecordID:6048, Third_Party_Dependant_For_Conne:null, Latitude:-25.877546, Longitude:28.19981]], [attributes:[Precincts:Logan Ave, Quickbase_Status:Completed, QBRecordID:6049, Third_Party_Dependant_For_Conne:null, Latitude:-25.877443, Longitude:28.199982]], [attributes:[Precincts:CPT CBD Phase 13, Quickbase_Status:Completed, QBRecordID:3675, Third_Party_Dependant_For_Conne:null, Latitude:-33.920578, Longitude:18.420406]], [attributes:[Precincts:Homestead, Quickbase_Status:Completed, QBRecordID:257, Third_Party_Dependant_For_Conne:null, Latitude:-26.047274, Longitude:28.057793]], [attributes:[Precincts:Homestead, Quickbase_Status:Completed, QBRecordID:255, Third_Party_Dependant_For_Conne:null, Latitude:-26.046122, Longitude:28.05857]], [attributes:[Precincts:Homestead, Quickbase_Status:Completed, QBRecordID:253, Third_Party_Dependant_For_Conne:null, Latitude:-26.045397, Longitude:28.059126]], [attributes:[Precincts:Claremont, Quickbase_Status:Completed, QBRecordID:392, Third_Party_Dependant_For_Conne:null, Latitude:-33.979202, Longitude:18.46287]], [attributes:[Precincts:Claremont, Quickbase_Status:Completed, QBRecordID:74938, Third_Party_Dependant_For_Conne:null, Latitude:-33.978977, Longitude:18.461777]], [attributes:[Precincts:Claremont, Quickbase_Status:Completed, QBRecordID:745, Third_Party_Dependant_For_Conne:null, Latitude:-33.979397, Longitude:18.460455]], [attributes:[Precincts:Claremont, Quickbase_Status:Completed, QBRecordID:776, Third_Party_Dependant_For_Conne:null, Latitude:-33.979393, Longitude:18.461012]], [attributes:[Precincts:Claremont, Quickbase_Status:Completed, QBRecordID:746, Third_Party_Dependant_For_Conne:null, Latitude:-33.979733, Longitude:18.460663]], [attributes:[Precincts:Impala, Quickbase_Status:Completed, QBRecordID:169, Third_Party_Dependant_For_Conne:null, Latitude:-26.116398, Longitude:28.054613]], [attributes:[Precincts:Impala, Quickbase_Status:Completed, QBRecordID:170, Third_Party_Dependant_For_Conne:null, Latitude:-26.116608, Longitude:28.054379]], [attributes:[Precincts:Impala, Quickbase_Status:Completed, QBRecordID:3954, Third_Party_Dependant_For_Conne:null, Latitude:-26.115501, Longitude:28.054163]], [attributes:[Precincts:Saddle Drive, Quickbase_Status:Completed, QBRecordID:1843, Third_Party_Dependant_For_Conne:null, Latitude:-26.048723, Longitude:28.089188]], [attributes:[Precincts:Saddle Drive, Quickbase_Status:Completed, QBRecordID:1864, Third_Party_Dependant_For_Conne:null, Latitude:-26.047434, Longitude:28.089788]], [attributes:[Precincts:Saddle Drive, Quickbase_Status:Completed, QBRecordID:1849, Third_Party_Dependant_For_Conne:null, Latitude:-26.046652, Longitude:28.088194]], [attributes:[Precincts:Saddle Drive, Quickbase_Status:Completed, QBRecordID:1852, Third_Party_Dependant_For_Conne:null, Latitude:-26.046715, Longitude:28.088552]], [attributes:[Precincts:TechnoPark, Quickbase_Status:WIP, QBRecordID:880, Third_Party_Dependant_For_Conne:null, Latitude:-33.964478, Longitude:18.84013]], [attributes:[Precincts:TechnoPark, Quickbase_Status:Completed, QBRecordID:1148, Third_Party_Dependant_For_Conne:null, Latitude:-33.964317, Longitude:18.837746]], [attributes:[Precincts:TechnoPark, Quickbase_Status:Completed, QBRecordID:785, Third_Party_Dependant_For_Conne:null, Latitude:-33.964844, Longitude:18.836187]], [attributes:[Precincts:TechnoPark, Quickbase_Status:Completed, QBRecordID:755, Third_Party_Dependant_For_Conne:null, Latitude:-33.96576, Longitude:18.839828]], [attributes:[Precincts:TechnoPark, Quickbase_Status:Completed, QBRecordID:1520, Third_Party_Dependant_For_Conne:null, Latitude:-33.965748, Longitude:18.840263]], [attributes:[Precincts:TechnoPark, Quickbase_Status:Completed, QBRecordID:808, Third_Party_Dependant_For_Conne:null, Latitude:-33.964725, Longitude:18.836409]], [attributes:[Precincts:Western Services, Quickbase_Status:Completed, QBRecordID:2504, Third_Party_Dependant_For_Conne:null, Latitude:-26.057707, Longitude:28.088802]], [attributes:[Precincts:Western Services, Quickbase_Status:Completed, QBRecordID:2510, Third_Party_Dependant_For_Conne:null, Latitude:-26.057198, Longitude:28.088118]], [attributes:[Precincts:Western Services, Quickbase_Status:Completed, QBRecordID:2513, Third_Party_Dependant_For_Conne:null, Latitude:-26.057745, Longitude:28.087997]], [attributes:[Precincts:Western Services, Quickbase_Status:Completed, QBRecordID:2499, Third_Party_Dependant_For_Conne:null, Latitude:-26.059324, Longitude:28.088999]], [attributes:[Precincts:Western Services, Quickbase_Status:Completed, QBRecordID:2500, Third_Party_Dependant_For_Conne:null, Latitude:-26.05889, Longitude:28.088903]], [attributes:[Precincts:Riverview Office Park, Quickbase_Status:Completed, QBRecordID:2615, Third_Party_Dependant_For_Conne:null, Latitude:-26.00019, Longitude:28.120455]], [attributes:[Precincts:Riverview Office Park, Quickbase_Status:Completed, QBRecordID:2616, Third_Party_Dependant_For_Conne:null, Latitude:-25.999535, Longitude:28.120543]], [attributes:[Precincts:Riverview Office Park, Quickbase_Status:Completed, QBRecordID:2625, Third_Party_Dependant_For_Conne:null, Latitude:-25.996893, Longitude:28.120789]], [attributes:[Precincts:Riverview Office Park, Quickbase_Status:Completed, QBRecordID:2612, Third_Party_Dependant_For_Conne:null, Latitude:-25.99781, Longitude:28.120728]]], exceededTransferLimit:true]
" type="java.lang.AssertionError">
      <![CDATA[java.lang.AssertionError: 1 expectation failed.
Response body doesn't match expectation.
Expected: a string containing "28.25427695"
  Actual: [displayFieldName:Building_Name, fieldAliases:[Precincts:Precinct, Quickbase_Status:Status, QBRecordID:RecordID, Third_Party_Dependant_For_Conne:Third Party, Latitude:Latitude, Longitude:Longitude], fields:[[name:Precincts, type:esriFieldTypeString, alias:Precinct, length:100], [name:Quickbase_Status, type:esriFieldTypeString, alias:Status, length:100], [name:QBRecordID, type:esriFieldTypeInteger, alias:RecordID], [name:Third_Party_Dependant_For_Conne, type:esriFieldTypeString, alias:Third Party, length:50], [name:Latitude, type:esriFieldTypeDouble, alias:Latitude], [name:Longitude, type:esriFieldTypeDouble, alias:Longitude]], features:[[attributes:[Precincts:George Road, Quickbase_Status:Partial Build Completed, QBRecordID:1743, Third_Party_Dependant_For_Conne:null, Latitude:-25.958723, Longitude:28.136751]], [attributes:[Precincts:George Road, Quickbase_Status:Completed, QBRecordID:1000, Third_Party_Dependant_For_Conne:null, Latitude:-25.97192, Longitude:28.131813]], [attributes:[Precincts:George Road, Quickbase_Status:Completed, QBRecordID:1764, Third_Party_Dependant_For_Conne:null, Latitude:-25.956108, Longitude:28.137697]], [attributes:[Precincts:George Road, Quickbase_Status:Planned, QBRecordID:4074, Third_Party_Dependant_For_Conne:null, Latitude:-25.959553, Longitude:28.136225]], [attributes:[Precincts:George Road, Quickbase_Status:Completed, QBRecordID:4069, Third_Party_Dependant_For_Conne:null, Latitude:-25.968033, Longitude:28.135319]], [attributes:[Precincts:George Road, Quickbase_Status:Completed, QBRecordID:4070, Third_Party_Dependant_For_Conne:null, Latitude:-25.96801, Longitude:28.136292]], [attributes:[Precincts:Georgian Crescent, Quickbase_Status:Completed, QBRecordID:314, Third_Party_Dependant_For_Conne:null, Latitude:-26.04049, Longitude:28.016977]], [attributes:[Precincts:Hatfield (Phase 3), Quickbase_Status:Planned, QBRecordID:2917, Third_Party_Dependant_For_Conne:null, Latitude:-25.743748, Longitude:28.242403]], [attributes:[Precincts:Hatfield (Phase 3), Quickbase_Status:Completed, QBRecordID:4090, Third_Party_Dependant_For_Conne:null, Latitude:-25.74371, Longitude:28.243887]], [attributes:[Precincts:Hatfield (Phase 3), Quickbase_Status:Completed, QBRecordID:3470, Third_Party_Dependant_For_Conne:null, Latitude:-25.745115, Longitude:28.243078]], [attributes:[Precincts:Hatfield (Phase 3), Quickbase_Status:Completed, QBRecordID:3468, Third_Party_Dependant_For_Conne:null, Latitude:-25.745111, Longitude:28.243855]], [attributes:[Precincts:Hyde Park, Quickbase_Status:Completed, QBRecordID:1943, Third_Party_Dependant_For_Conne:null, Latitude:-26.12021, Longitude:28.031578]], [attributes:[Precincts:Albury, Quickbase_Status:Completed, QBRecordID:279, Third_Party_Dependant_For_Conne:null, Latitude:-26.12722, Longitude:28.031519]], [attributes:[Precincts:Albury, Quickbase_Status:Completed, QBRecordID:282, Third_Party_Dependant_For_Conne:null, Latitude:-26.127115, Longitude:28.032549]], [attributes:[Precincts:Albury, Quickbase_Status:Completed, QBRecordID:284, Third_Party_Dependant_For_Conne:null, Latitude:-26.128456, Longitude:28.03243]], [attributes:[Precincts:Bauhania Street, Quickbase_Status:Completed, QBRecordID:5822, Third_Party_Dependant_For_Conne:null, Latitude:-25.882229, Longitude:28.183949]], [attributes:[Precincts:Bauhania Street, Quickbase_Status:Completed, QBRecordID:5810, Third_Party_Dependant_For_Conne:null, Latitude:-25.881172, Longitude:28.184132]], [attributes:[Precincts:Bauhania Street, Quickbase_Status:Completed, QBRecordID:5824, Third_Party_Dependant_For_Conne:null, Latitude:-25.882454, Longitude:28.183865]], [attributes:[Precincts:Bauhania Street, Quickbase_Status:Completed, QBRecordID:5825, Third_Party_Dependant_For_Conne:null, Latitude:-25.882654, Longitude:28.183746]], [attributes:[Precincts:Bauhania Street, Quickbase_Status:Completed, QBRecordID:5826, Third_Party_Dependant_For_Conne:null, Latitude:-25.88271, Longitude:28.183535]], [attributes:[Precincts:Bauhania Street, Quickbase_Status:Completed, QBRecordID:5827, Third_Party_Dependant_For_Conne:null, Latitude:-25.882765, Longitude:28.1833]], [attributes:[Precincts:Bauhania Street, Quickbase_Status:Completed, QBRecordID:5828, Third_Party_Dependant_For_Conne:null, Latitude:-25.8831, Longitude:28.183128]], [attributes:[Precincts:Bauhania Street, Quickbase_Status:Completed, QBRecordID:5831, Third_Party_Dependant_For_Conne:null, Latitude:-25.883379, Longitude:28.183279]], [attributes:[Precincts:Bauhania Street, Quickbase_Status:Completed, QBRecordID:5830, Third_Party_Dependant_For_Conne:null, Latitude:-25.882982, Longitude:28.183676]], [attributes:[Precincts:Bauhania Street, Quickbase_Status:Completed, QBRecordID:5811, Third_Party_Dependant_For_Conne:null, Latitude:-25.881483, Longitude:28.18399]], [attributes:[Precincts:Bauhania Street, Quickbase_Status:Completed, QBRecordID:4885, Third_Party_Dependant_For_Conne:null, Latitude:-25.880781, Longitude:28.18434]], [attributes:[Precincts:Bauhania Street, Quickbase_Status:Completed, QBRecordID:5807, Third_Party_Dependant_For_Conne:null, Latitude:-25.880877, Longitude:28.184631]], [attributes:[Precincts:Bauhania Street, Quickbase_Status:Completed, QBRecordID:5808, Third_Party_Dependant_For_Conne:null, Latitude:-25.8811, Longitude:28.185024]], [attributes:[Precincts:Bauhania Street, Quickbase_Status:Completed, QBRecordID:5874, Third_Party_Dependant_For_Conne:null, Latitude:-25.882145, Longitude:28.182575]], [attributes:[Precincts:Bauhania Street, Quickbase_Status:Completed, QBRecordID:5870, Third_Party_Dependant_For_Conne:null, Latitude:-25.88194, Longitude:28.182444]], [attributes:[Precincts:Bauhania Street, Quickbase_Status:Completed, QBRecordID:5855, Third_Party_Dependant_For_Conne:null, Latitude:-25.880796, Longitude:28.181927]], [attributes:[Precincts:Bauhania Street, Quickbase_Status:Completed, QBRecordID:5856, Third_Party_Dependant_For_Conne:null, Latitude:-25.880718, Longitude:28.182251]], [attributes:[Precincts:Bauhania Street, Quickbase_Status:Completed, QBRecordID:5859, Third_Party_Dependant_For_Conne:null, Latitude:-25.88108, Longitude:28.182072]], [attributes:[Precincts:Bauhania Street, Quickbase_Status:Completed, QBRecordID:5860, Third_Party_Dependant_For_Conne:null, Latitude:-25.881016, Longitude:28.182335]], [attributes:[Precincts:Bauhania Street, Quickbase_Status:Completed, QBRecordID:5865, Third_Party_Dependant_For_Conne:null, Latitude:-25.88137, Longitude:28.182127]], [attributes:[Precincts:Bauhania Street, Quickbase_Status:Completed, QBRecordID:5852, Third_Party_Dependant_For_Conne:null, Latitude:-25.880377, Longitude:28.18184]], [attributes:[Precincts:Bauhania Street, Quickbase_Status:Completed, QBRecordID:5851, Third_Party_Dependant_For_Conne:null, Latitude:-25.880459, Longitude:28.181595]], [attributes:[Precincts:Bauhania Street, Quickbase_Status:Completed, QBRecordID:5848, Third_Party_Dependant_For_Conne:null, Latitude:-25.880161, Longitude:28.1817]], [attributes:[Precincts:Bauhania Street, Quickbase_Status:Completed, QBRecordID:5849, Third_Party_Dependant_For_Conne:null, Latitude:-25.880074, Longitude:28.182041]], [attributes:[Precincts:Bauhania Street, Quickbase_Status:Completed, QBRecordID:5847, Third_Party_Dependant_For_Conne:null, Latitude:-25.879866, Longitude:28.18192]], [attributes:[Precincts:Bauhania Street, Quickbase_Status:Completed, QBRecordID:5845, Third_Party_Dependant_For_Conne:null, Latitude:-25.87959, Longitude:28.182371]], [attributes:[Precincts:Bryanston Extension, Quickbase_Status:Completed, QBRecordID:1873, Third_Party_Dependant_For_Conne:null, Latitude:-26.04642, Longitude:28.019138]], [attributes:[Precincts:Bryanston Extension, Quickbase_Status:Completed, QBRecordID:1913, Third_Party_Dependant_For_Conne:null, Latitude:-26.045532, Longitude:28.018642]], [attributes:[Precincts:Bryanston Extension, Quickbase_Status:Completed, QBRecordID:1912, Third_Party_Dependant_For_Conne:null, Latitude:-26.04583, Longitude:28.018946]], [attributes:[Precincts:Bryanston Extension, Quickbase_Status:Completed, QBRecordID:1917, Third_Party_Dependant_For_Conne:null, Latitude:-26.045872, Longitude:28.017424]], [attributes:[Precincts:Sandton Phase 2, Quickbase_Status:Planned, QBRecordID:4182, Third_Party_Dependant_For_Conne:null, Latitude:-26.106222, Longitude:28.055672]], [attributes:[Precincts:Georgian Crescent, Quickbase_Status:Completed, QBRecordID:315, Third_Party_Dependant_For_Conne:null, Latitude:-26.040894, Longitude:28.016975]], [attributes:[Precincts:Impala, Quickbase_Status:Completed, QBRecordID:179, Third_Party_Dependant_For_Conne:null, Latitude:-26.116045, Longitude:28.04964]], [attributes:[Precincts:Impala, Quickbase_Status:Completed, QBRecordID:159, Third_Party_Dependant_For_Conne:null, Latitude:-26.115152, Longitude:28.051937]], [attributes:[Precincts:Country Club Estate, Quickbase_Status:Completed, QBRecordID:506, Third_Party_Dependant_For_Conne:null, Latitude:-26.06073, Longitude:28.082397]], [attributes:[Precincts:Eaton, Quickbase_Status:Completed, QBRecordID:216, Third_Party_Dependant_For_Conne:null, Latitude:-26.046478, Longitude:28.02363]], [attributes:[Precincts:Impala, Quickbase_Status:Partial Build Completed, QBRecordID:1426, Third_Party_Dependant_For_Conne:null, Latitude:-26.115126, Longitude:28.052439]], [attributes:[Precincts:Eaton, Quickbase_Status:Completed, QBRecordID:218, Third_Party_Dependant_For_Conne:null, Latitude:-26.043663, Longitude:28.02044]], [attributes:[Precincts:Eaton, Quickbase_Status:Completed, QBRecordID:3956, Third_Party_Dependant_For_Conne:null, Latitude:-26.045786, Longitude:28.022873]], [attributes:[Precincts:Saddle Drive, Quickbase_Status:Completed, QBRecordID:3549, Third_Party_Dependant_For_Conne:null, Latitude:-26.044119, Longitude:28.087963]], [attributes:[Precincts:TechnoPark, Quickbase_Status:Completed, QBRecordID:911, Third_Party_Dependant_For_Conne:null, Latitude:-33.965706, Longitude:18.84077]], [attributes:[Precincts:TechnoPark, Quickbase_Status:Completed, QBRecordID:1783, Third_Party_Dependant_For_Conne:null, Latitude:-33.965405, Longitude:18.83977]], [attributes:[Precincts:TechnoPark, Quickbase_Status:Completed, QBRecordID:2282, Third_Party_Dependant_For_Conne:null, Latitude:-33.965355, Longitude:18.840202]], [attributes:[Precincts:TechnoPark, Quickbase_Status:Completed, QBRecordID:3900, Third_Party_Dependant_For_Conne:null, Latitude:-33.965977, Longitude:18.836306]], [attributes:[Precincts:Riverview Office Park, Quickbase_Status:Completed, QBRecordID:2617, Third_Party_Dependant_For_Conne:null, Latitude:-25.999998, Longitude:28.119722]], [attributes:[Precincts:Riverview Office Park, Quickbase_Status:Completed, QBRecordID:2618, Third_Party_Dependant_For_Conne:null, Latitude:-25.99953, Longitude:28.119514]], [attributes:[Precincts:Riverview Office Park, Quickbase_Status:Completed, QBRecordID:2619, Third_Party_Dependant_For_Conne:null, Latitude:-25.999084, Longitude:28.119116]], [attributes:[Precincts:CPT CBD Phase 02, Quickbase_Status:Planned, QBRecordID:3092, Third_Party_Dependant_For_Conne:null, Latitude:-33.920742, Longitude:18.433388]], [attributes:[Precincts:Girton, Quickbase_Status:Completed, QBRecordID:815, Third_Party_Dependant_For_Conne:null, Latitude:-26.183208, Longitude:28.037146]], [attributes:[Precincts:Oberon, Quickbase_Status:Completed, QBRecordID:2320, Third_Party_Dependant_For_Conne:null, Latitude:-25.781666, Longitude:28.289948]], [attributes:[Precincts:CPT CBD Phase 02, Quickbase_Status:Planned, QBRecordID:3090, Third_Party_Dependant_For_Conne:null, Latitude:-33.92067, Longitude:18.43487]], [attributes:[Precincts:CPT CBD Phase 02, Quickbase_Status:Completed, QBRecordID:3097, Third_Party_Dependant_For_Conne:null, Latitude:-33.92115, Longitude:18.432993]], [attributes:[Precincts:Skeen Boulevard, Quickbase_Status:Completed, QBRecordID:1164, Third_Party_Dependant_For_Conne:null, Latitude:-26.175337, Longitude:28.132467]], [attributes:[Precincts:Skeen Boulevard, Quickbase_Status:Completed, QBRecordID:91362, Third_Party_Dependant_For_Conne:null, Latitude:-26.174732, Longitude:28.132675]], [attributes:[Precincts:Skeen Boulevard, Quickbase_Status:Completed, QBRecordID:1171, Third_Party_Dependant_For_Conne:null, Latitude:-26.174227, Longitude:28.13399]], [attributes:[Precincts:Sunninghill, Quickbase_Status:Completed, QBRecordID:718, Third_Party_Dependant_For_Conne:null, Latitude:-26.035082, Longitude:28.067951]], [attributes:[Precincts:Sunninghill, Quickbase_Status:Completed, QBRecordID:374, Third_Party_Dependant_For_Conne:null, Latitude:-26.033852, Longitude:28.067135]], [attributes:[Precincts:Sunninghill, Quickbase_Status:Completed, QBRecordID:714, Third_Party_Dependant_For_Conne:null, Latitude:-26.031904, Longitude:28.067053]], [attributes:[Precincts:CPT CBD Phase 01, Quickbase_Status:Planned, QBRecordID:3083, Third_Party_Dependant_For_Conne:null, Latitude:-33.917404, Longitude:18.425226]], [attributes:[Precincts:Sandton Phase 1, Quickbase_Status:Completed, QBRecordID:2909, Third_Party_Dependant_For_Conne:null, Latitude:-26.101887, Longitude:28.052366]], [attributes:[Precincts:Sandton Phase 1, Quickbase_Status:Completed, QBRecordID:2902, Third_Party_Dependant_For_Conne:null, Latitude:-26.101082, Longitude:28.053255]], [attributes:[Precincts:Sandton Phase 2, Quickbase_Status:Completed, QBRecordID:4026, Third_Party_Dependant_For_Conne:null, Latitude:-26.10323, Longitude:28.056528]], [attributes:[Precincts:Route 21 Office Park, Quickbase_Status:Planned, QBRecordID:1967, Third_Party_Dependant_For_Conne:null, Latitude:-25.859703, Longitude:28.257898]], [attributes:[Precincts:Richards Drive, Quickbase_Status:Planned, QBRecordID:2460, Third_Party_Dependant_For_Conne:null, Latitude:-26.01428, Longitude:28.12224]], [attributes:[Precincts:Richards Drive, Quickbase_Status:Completed, QBRecordID:2675, Third_Party_Dependant_For_Conne:null, Latitude:-26.013998, Longitude:28.123783]], [attributes:[Precincts:Impala, Quickbase_Status:Completed, QBRecordID:172, Third_Party_Dependant_For_Conne:null, Latitude:-26.11511, Longitude:28.054226]], [attributes:[Precincts:TechnoPark, Quickbase_Status:Completed, QBRecordID:1341, Third_Party_Dependant_For_Conne:null, Latitude:-33.964863, Longitude:18.840988]], [attributes:[Precincts:TechnoPark, Quickbase_Status:Completed, QBRecordID:800, Third_Party_Dependant_For_Conne:null, Latitude:-33.96329, Longitude:18.837399]], [attributes:[Precincts:TechnoPark, Quickbase_Status:Completed, QBRecordID:71304, Third_Party_Dependant_For_Conne:null, Latitude:-33.966225, Longitude:18.83765]], [attributes:[Precincts:TechnoPark, Quickbase_Status:Completed, QBRecordID:1280, Third_Party_Dependant_For_Conne:null, Latitude:-33.96457, Longitude:18.835966]], [attributes:[Precincts:TechnoPark, Quickbase_Status:Completed, QBRecordID:821, Third_Party_Dependant_For_Conne:null, Latitude:-33.964573, Longitude:18.839615]], [attributes:[Precincts:Western Services, Quickbase_Status:Completed, QBRecordID:2502, Third_Party_Dependant_For_Conne:null, Latitude:-26.057068, Longitude:28.088726]], [attributes:[Precincts:Western Services, Quickbase_Status:Planned, QBRecordID:2501, Third_Party_Dependant_For_Conne:null, Latitude:-26.058481, Longitude:28.088781]], [attributes:[Precincts:Western Services, Quickbase_Status:Completed, QBRecordID:2518, Third_Party_Dependant_For_Conne:null, Latitude:-26.058874, Longitude:28.089897]], [attributes:[Precincts:Western Services, Quickbase_Status:Completed, QBRecordID:2515, Third_Party_Dependant_For_Conne:null, Latitude:-26.058228, Longitude:28.089796]], [attributes:[Precincts:Western Services, Quickbase_Status:Completed, QBRecordID:2519, Third_Party_Dependant_For_Conne:null, Latitude:-26.059626, Longitude:28.089931]], [attributes:[Precincts:Girton, Quickbase_Status:Completed, QBRecordID:18378, Third_Party_Dependant_For_Conne:null, Latitude:-26.184185, Longitude:28.040289]], [attributes:[Precincts:Bauhania Street, Quickbase_Status:Completed, QBRecordID:5858, Third_Party_Dependant_For_Conne:null, Latitude:-25.88051, Longitude:28.183023]], [attributes:[Precincts:Bauhania Street, Quickbase_Status:Completed, QBRecordID:5854, Third_Party_Dependant_For_Conne:null, Latitude:-25.880156, Longitude:28.182655]], [attributes:[Precincts:Bauhania Street, Quickbase_Status:Completed, QBRecordID:5850, Third_Party_Dependant_For_Conne:null, Latitude:-25.87999, Longitude:28.182514]], [attributes:[Precincts:Bauhania Street, Quickbase_Status:Completed, QBRecordID:5853, Third_Party_Dependant_For_Conne:null, Latitude:-25.880308, Longitude:28.182117]], [attributes:[Precincts:Bauhania Street, Quickbase_Status:Completed, QBRecordID:5846, Third_Party_Dependant_For_Conne:null, Latitude:-25.879583, Longitude:28.181952]], [attributes:[Precincts:Bauhania Street, Quickbase_Status:Completed, QBRecordID:5844, Third_Party_Dependant_For_Conne:null, Latitude:-25.879385, Longitude:28.18205]], [attributes:[Precincts:Bauhania Street, Quickbase_Status:Completed, QBRecordID:5843, Third_Party_Dependant_For_Conne:null, Latitude:-25.87917, Longitude:28.182169]], [attributes:[Precincts:Bauhania Street, Quickbase_Status:Completed, QBRecordID:5842, Third_Party_Dependant_For_Conne:null, Latitude:-25.878885, Longitude:28.182573]], [attributes:[Precincts:Bauhania Street, Quickbase_Status:Completed, QBRecordID:5841, Third_Party_Dependant_For_Conne:null, Latitude:-25.878805, Longitude:28.18279]], [attributes:[Precincts:Bauhania Street, Quickbase_Status:Completed, QBRecordID:5840, Third_Party_Dependant_For_Conne:null, Latitude:-25.878565, Longitude:28.183006]], [attributes:[Precincts:Bauhania Street, Quickbase_Status:Completed, QBRecordID:5839, Third_Party_Dependant_For_Conne:null, Latitude:-25.878313, Longitude:28.18312]], [attributes:[Precincts:Bauhania Street, Quickbase_Status:Completed, QBRecordID:4887, Third_Party_Dependant_For_Conne:null, Latitude:-25.87812, Longitude:28.183199]], [attributes:[Precincts:Richards Drive, Quickbase_Status:Completed, QBRecordID:2441, Third_Party_Dependant_For_Conne:null, Latitude:-26.0131, Longitude:28.12322]], [attributes:[Precincts:Richards Drive, Quickbase_Status:Completed, QBRecordID:2443, Third_Party_Dependant_For_Conne:null, Latitude:-26.013817, Longitude:28.126112]], [attributes:[Precincts:Rivonia North, Quickbase_Status:Completed, QBRecordID:628, Third_Party_Dependant_For_Conne:null, Latitude:-26.03915, Longitude:28.057655]], [attributes:[Precincts:Sandton Phase 2, Quickbase_Status:Completed, QBRecordID:4038, Third_Party_Dependant_For_Conne:null, Latitude:-26.103971, Longitude:28.052023]], [attributes:[Precincts:Homestead, Quickbase_Status:Partial Build Completed, QBRecordID:4239, Third_Party_Dependant_For_Conne:null, Latitude:-26.04741, Longitude:28.055819]], [attributes:[Precincts:Richards Drive, Quickbase_Status:Completed, QBRecordID:2467, Third_Party_Dependant_For_Conne:null, Latitude:-26.016108, Longitude:28.121044]], [attributes:[Precincts:Muswell, Quickbase_Status:Completed, QBRecordID:194, Third_Party_Dependant_For_Conne:null, Latitude:-26.049757, Longitude:28.022385]], [attributes:[Precincts:Homestead, Quickbase_Status:Completed, QBRecordID:248, Third_Party_Dependant_For_Conne:null, Latitude:-26.04599, Longitude:28.057924]], [attributes:[Precincts:Impala, Quickbase_Status:Partial Build Completed, QBRecordID:1427, Third_Party_Dependant_For_Conne:null, Latitude:-26.114815, Longitude:28.052303]], [attributes:[Precincts:Mellis, Quickbase_Status:Completed, QBRecordID:292, Third_Party_Dependant_For_Conne:null, Latitude:-26.044659, Longitude:28.058407]], [attributes:[Precincts:Mellis, Quickbase_Status:Completed, QBRecordID:885, Third_Party_Dependant_For_Conne:null, Latitude:-26.045614, Longitude:28.058279]], [attributes:[Precincts:Georgian Crescent, Quickbase_Status:Completed, QBRecordID:320, Third_Party_Dependant_For_Conne:null, Latitude:-26.041279, Longitude:28.015715]], [attributes:[Precincts:Eaton, Quickbase_Status:Completed, QBRecordID:207, Third_Party_Dependant_For_Conne:null, Latitude:-26.046099, Longitude:28.020193]], [attributes:[Precincts:Saddle Drive, Quickbase_Status:Completed, QBRecordID:1831, Third_Party_Dependant_For_Conne:null, Latitude:-26.046932, Longitude:28.0898]], [attributes:[Precincts:Country Club Estate, Quickbase_Status:Completed, QBRecordID:503, Third_Party_Dependant_For_Conne:null, Latitude:-26.0603, Longitude:28.082466]], [attributes:[Precincts:Country Club Estate, Quickbase_Status:Completed, QBRecordID:492, Third_Party_Dependant_For_Conne:null, Latitude:-26.057135, Longitude:28.08414]], [attributes:[Precincts:Claremont, Quickbase_Status:Completed, QBRecordID:390, Third_Party_Dependant_For_Conne:null, Latitude:-33.97752, Longitude:18.46571]], [attributes:[Precincts:Eaton, Quickbase_Status:Completed, QBRecordID:214, Third_Party_Dependant_For_Conne:null, Latitude:-26.046143, Longitude:28.021679]], [attributes:[Precincts:Claremont, Quickbase_Status:Completed, QBRecordID:747, Third_Party_Dependant_For_Conne:null, Latitude:-33.979767, Longitude:18.460314]], [attributes:[Precincts:Claremont, Quickbase_Status:Completed, QBRecordID:749, Third_Party_Dependant_For_Conne:null, Latitude:-33.98, Longitude:18.46018]], [attributes:[Precincts:Claremont, Quickbase_Status:Completed, QBRecordID:748, Third_Party_Dependant_For_Conne:null, Latitude:-33.98017, Longitude:18.459908]], [attributes:[Precincts:Claremont, Quickbase_Status:Completed, QBRecordID:391, Third_Party_Dependant_For_Conne:null, Latitude:-33.980267, Longitude:18.45963]], [attributes:[Precincts:Saddle Drive, Quickbase_Status:Completed, QBRecordID:3953, Third_Party_Dependant_For_Conne:null, Latitude:-26.048445, Longitude:28.088507]], [attributes:[Precincts:Saddle Drive, Quickbase_Status:Completed, QBRecordID:1854, Third_Party_Dependant_For_Conne:null, Latitude:-26.046734, Longitude:28.089079]], [attributes:[Precincts:Saddle Drive, Quickbase_Status:Completed, QBRecordID:1834, Third_Party_Dependant_For_Conne:null, Latitude:-26.046364, Longitude:28.08983]], [attributes:[Precincts:Girton, Quickbase_Status:Completed, QBRecordID:789, Third_Party_Dependant_For_Conne:null, Latitude:-26.184872, Longitude:28.037886]], [attributes:[Precincts:TechnoPark, Quickbase_Status:Completed, QBRecordID:1343, Third_Party_Dependant_For_Conne:null, Latitude:-33.965015, Longitude:18.838785]], [attributes:[Precincts:TechnoPark, Quickbase_Status:Completed, QBRecordID:2197, Third_Party_Dependant_For_Conne:null, Latitude:-33.965904, Longitude:18.83038]], [attributes:[Precincts:TechnoPark, Quickbase_Status:Completed, QBRecordID:760, Third_Party_Dependant_For_Conne:null, Latitude:-33.965324, Longitude:18.841002]], [attributes:[Precincts:Western Services, Quickbase_Status:Completed, QBRecordID:2512, Third_Party_Dependant_For_Conne:null, Latitude:-26.057856, Longitude:28.08717]], [attributes:[Precincts:Western Services, Quickbase_Status:Completed, QBRecordID:2508, Third_Party_Dependant_For_Conne:null, Latitude:-26.057495, Longitude:28.086615]], [attributes:[Precincts:Western Services, Quickbase_Status:Completed, QBRecordID:2517, Third_Party_Dependant_For_Conne:null, Latitude:-26.060686, Longitude:28.090004]], [attributes:[Precincts:Western Services, Quickbase_Status:Completed, QBRecordID:2494, Third_Party_Dependant_For_Conne:null, Latitude:-26.062048, Longitude:28.08968]], [attributes:[Precincts:Girton, Quickbase_Status:Completed, QBRecordID:816, Third_Party_Dependant_For_Conne:null, Latitude:-26.183975, Longitude:28.037483]], [attributes:[Precincts:Girton, Quickbase_Status:Completed, QBRecordID:817, Third_Party_Dependant_For_Conne:null, Latitude:-26.184147, Longitude:28.036749]], [attributes:[Precincts:Ballyclare (Bally Oakes incl), Quickbase_Status:Completed, QBRecordID:564, Third_Party_Dependant_For_Conne:null, Latitude:-26.074091, Longitude:28.030252]], [attributes:[Precincts:Rosenpark, Quickbase_Status:Completed, QBRecordID:2730, Third_Party_Dependant_For_Conne:null, Latitude:-33.869812, Longitude:18.640247]], [attributes:[Precincts:Rosenpark, Quickbase_Status:Completed, QBRecordID:2731, Third_Party_Dependant_For_Conne:null, Latitude:-33.86986, Longitude:18.640543]], [attributes:[Precincts:Woodmead Estate, Quickbase_Status:Completed, QBRecordID:3942, Third_Party_Dependant_For_Conne:null, Latitude:-26.051394, Longitude:28.088932]], [attributes:[Precincts:Woodmead Estate, Quickbase_Status:Completed, QBRecordID:3943, Third_Party_Dependant_For_Conne:null, Latitude:-26.051336, Longitude:28.089457]], [attributes:[Precincts:Woodmead Estate, Quickbase_Status:Completed, QBRecordID:3944, Third_Party_Dependant_For_Conne:null, Latitude:-26.051777, Longitude:28.089571]], [attributes:[Precincts:Scott Street, Quickbase_Status:Completed, QBRecordID:1717, Third_Party_Dependant_For_Conne:null, Latitude:-26.134716, Longitude:28.070307]], [attributes:[Precincts:CPT CBD Phase 02, Quickbase_Status:Completed, QBRecordID:3103, Third_Party_Dependant_For_Conne:null, Latitude:-33.920853, Longitude:18.431967]], [attributes:[Precincts:CPT CBD Phase 02, Quickbase_Status:Planned, QBRecordID:3098, Third_Party_Dependant_For_Conne:null, Latitude:-33.921005, Longitude:18.43248]], [attributes:[Precincts:Rosenpark, Quickbase_Status:Planned, QBRecordID:2712, Third_Party_Dependant_For_Conne:null, Latitude:-33.866558, Longitude:18.640163]], [attributes:[Precincts:Rosenpark, Quickbase_Status:Completed, QBRecordID:2713, Third_Party_Dependant_For_Conne:null, Latitude:-33.86614, Longitude:18.640259]], [attributes:[Precincts:Rosenpark, Quickbase_Status:Completed, QBRecordID:2754, Third_Party_Dependant_For_Conne:null, Latitude:-33.87002, Longitude:18.640657]], [attributes:[Precincts:Sunninghill, Quickbase_Status:Completed, QBRecordID:381, Third_Party_Dependant_For_Conne:null, Latitude:-26.03535, Longitude:28.068558]], [attributes:[Precincts:Sunninghill, Quickbase_Status:Completed, QBRecordID:368, Third_Party_Dependant_For_Conne:null, Latitude:-26.034508, Longitude:28.062315]], [attributes:[Precincts:Sunninghill, Quickbase_Status:Completed, QBRecordID:719, Third_Party_Dependant_For_Conne:null, Latitude:-26.035204, Longitude:28.067118]], [attributes:[Precincts:Sunninghill, Quickbase_Status:Completed, QBRecordID:382, Third_Party_Dependant_For_Conne:null, Latitude:-26.035702, Longitude:28.067638]], [attributes:[Precincts:Sunninghill, Quickbase_Status:Completed, QBRecordID:589, Third_Party_Dependant_For_Conne:null, Latitude:-26.032589, Longitude:28.068857]], [attributes:[Precincts:Sunninghill, Quickbase_Status:Completed, QBRecordID:71051, Third_Party_Dependant_For_Conne:null, Latitude:-26.03307, Longitude:28.068106]], [attributes:[Precincts:Sunninghill, Quickbase_Status:Completed, QBRecordID:376, Third_Party_Dependant_For_Conne:null, Latitude:-26.03203, Longitude:28.063858]], [attributes:[Precincts:Sunninghill, Quickbase_Status:Completed, QBRecordID:655, Third_Party_Dependant_For_Conne:null, Latitude:-26.035192, Longitude:28.062115]], [attributes:[Precincts:Katherine Extension, Quickbase_Status:Completed, QBRecordID:934, Third_Party_Dependant_For_Conne:null, Latitude:-26.100286, Longitude:28.073153]], [attributes:[Precincts:Katherine Extension, Quickbase_Status:Completed, QBRecordID:1323, Third_Party_Dependant_For_Conne:null, Latitude:-26.09979, Longitude:28.074114]], [attributes:[Precincts:CPT CBD Phase 02, Quickbase_Status:Planned, QBRecordID:3111, Third_Party_Dependant_For_Conne:null, Latitude:-33.919804, Longitude:18.432035]], [attributes:[Precincts:Kent, Quickbase_Status:Completed, QBRecordID:561, Third_Party_Dependant_For_Conne:null, Latitude:-26.092901, Longitude:27.999887]], [attributes:[Precincts:Oak Avenue, Quickbase_Status:Completed, QBRecordID:667, Third_Party_Dependant_For_Conne:null, Latitude:-26.10024, Longitude:28.00047]], [attributes:[Precincts:Oak Avenue, Quickbase_Status:Completed, QBRecordID:669, Third_Party_Dependant_For_Conne:null, Latitude:-26.100441, Longitude:28.000427]], [attributes:[Precincts:Oak Avenue, Quickbase_Status:Completed, QBRecordID:684, Third_Party_Dependant_For_Conne:null, Latitude:-26.100348, Longitude:27.999878]], [attributes:[Precincts:Oak Avenue, Quickbase_Status:Completed, QBRecordID:513, Third_Party_Dependant_For_Conne:null, Latitude:-26.10013, Longitude:27.999748]], [attributes:[Precincts:Oak Avenue, Quickbase_Status:Completed, QBRecordID:663, Third_Party_Dependant_For_Conne:null, Latitude:-26.100323, Longitude:27.99971]], [attributes:[Precincts:Oak Avenue, Quickbase_Status:Completed, QBRecordID:664, Third_Party_Dependant_For_Conne:null, Latitude:-26.100372, Longitude:28.000023]], [attributes:[Precincts:Kent, Quickbase_Status:Completed, QBRecordID:736, Third_Party_Dependant_For_Conne:null, Latitude:-26.099827, Longitude:27.998732]], [attributes:[Precincts:Kent, Quickbase_Status:Completed, QBRecordID:737, Third_Party_Dependant_For_Conne:null, Latitude:-26.099798, Longitude:27.998533]], [attributes:[Precincts:Kent, Quickbase_Status:Completed, QBRecordID:738, Third_Party_Dependant_For_Conne:null, Latitude:-26.099863, Longitude:27.998974]], [attributes:[Precincts:Kent, Quickbase_Status:Completed, QBRecordID:739, Third_Party_Dependant_For_Conne:null, Latitude:-26.100002, Longitude:27.99823]], [attributes:[Precincts:Route 21 Office Park, Quickbase_Status:Planned, QBRecordID:1962, Third_Party_Dependant_For_Conne:null, Latitude:-25.86471, Longitude:28.25863]], [attributes:[Precincts:Route 21 Office Park, Quickbase_Status:Completed, QBRecordID:1971, Third_Party_Dependant_For_Conne:null, Latitude:-25.86046, Longitude:28.2581]], [attributes:[Precincts:Route 21 Office Park, Quickbase_Status:Completed, QBRecordID:1972, Third_Party_Dependant_For_Conne:null, Latitude:-25.860493, Longitude:28.257881]], [attributes:[Precincts:Route 21 Office Park, Quickbase_Status:Completed, QBRecordID:1977, Third_Party_Dependant_For_Conne:null, Latitude:-25.860489, Longitude:28.257238]], [attributes:[Precincts:James Crescent, Quickbase_Status:Completed, QBRecordID:80597, Third_Party_Dependant_For_Conne:null, Latitude:-26.008068, Longitude:28.1224]], [attributes:[Precincts:James Crescent, Quickbase_Status:WIP, QBRecordID:2142, Third_Party_Dependant_For_Conne:null, Latitude:-26.009033, Longitude:28.125082]], [attributes:[Precincts:James Crescent, Quickbase_Status:Completed, QBRecordID:2187, Third_Party_Dependant_For_Conne:null, Latitude:-26.007141, Longitude:28.12481]], [attributes:[Precincts:James Crescent, Quickbase_Status:Planned, QBRecordID:2175, Third_Party_Dependant_For_Conne:null, Latitude:-26.009684, Longitude:28.122557]], [attributes:[Precincts:James Crescent, Quickbase_Status:Planned, QBRecordID:2189, Third_Party_Dependant_For_Conne:null, Latitude:-26.002594, Longitude:28.126902]], [attributes:[Precincts:James Crescent, Quickbase_Status:Planned, QBRecordID:2188, Third_Party_Dependant_For_Conne:null, Latitude:-26.002333, Longitude:28.126879]], [attributes:[Precincts:James Crescent, Quickbase_Status:Completed, QBRecordID:2164, Third_Party_Dependant_For_Conne:null, Latitude:-26.00556, Longitude:28.124973]], [attributes:[Precincts:James Crescent, Quickbase_Status:Completed, QBRecordID:2166, Third_Party_Dependant_For_Conne:null, Latitude:-26.0049, Longitude:28.12452]], [attributes:[Precincts:James Crescent, Quickbase_Status:Completed, QBRecordID:18367, Third_Party_Dependant_For_Conne:null, Latitude:-26.00287, Longitude:28.127003]], [attributes:[Precincts:James Crescent, Quickbase_Status:Completed, QBRecordID:2190, Third_Party_Dependant_For_Conne:null, Latitude:-26.002718, Longitude:28.127287]], [attributes:[Precincts:James Crescent, Quickbase_Status:Planned, QBRecordID:2176, Third_Party_Dependant_For_Conne:null, Latitude:-26.008486, Longitude:28.124184]], [attributes:[Precincts:James Crescent, Quickbase_Status:Planned, QBRecordID:2177, Third_Party_Dependant_For_Conne:null, Latitude:-26.008726, Longitude:28.12388]], [attributes:[Precincts:James Crescent, Quickbase_Status:Completed, QBRecordID:2184, Third_Party_Dependant_For_Conne:null, Latitude:-26.00765, Longitude:28.123611]], [attributes:[Precincts:Ingersol, Quickbase_Status:Partial Build Completed, QBRecordID:2354, Third_Party_Dependant_For_Conne:null, Latitude:-25.782654, Longitude:28.279179]], [attributes:[Precincts:Ingersol, Quickbase_Status:Completed, QBRecordID:2351, Third_Party_Dependant_For_Conne:null, Latitude:-25.783228, Longitude:28.279516]], [attributes:[Precincts:Ingersol, Quickbase_Status:Completed, QBRecordID:2370, Third_Party_Dependant_For_Conne:null, Latitude:-25.78542, Longitude:28.2751]], [attributes:[Precincts:Ingersol, Quickbase_Status:Completed, QBRecordID:2375, Third_Party_Dependant_For_Conne:null, Latitude:-25.780018, Longitude:28.276682]], [attributes:[Precincts:Ingersol, Quickbase_Status:Completed, QBRecordID:2348, Third_Party_Dependant_For_Conne:null, Latitude:-25.779882, Longitude:28.278076]], [attributes:[Precincts:Ingersol, Quickbase_Status:Completed, QBRecordID:2346, Third_Party_Dependant_For_Conne:null, Latitude:-25.787592, Longitude:28.27895]], [attributes:[Precincts:Ingersol, Quickbase_Status:Completed, QBRecordID:2353, Third_Party_Dependant_For_Conne:null, Latitude:-25.78291, Longitude:28.278578]], [attributes:[Precincts:Ingersol, Quickbase_Status:Completed, QBRecordID:2364, Third_Party_Dependant_For_Conne:null, Latitude:-25.7871, Longitude:28.278008]], [attributes:[Precincts:Ingersol, Quickbase_Status:Completed, QBRecordID:2357, Third_Party_Dependant_For_Conne:null, Latitude:-25.783052, Longitude:28.27805]], [attributes:[Precincts:James Crescent, Quickbase_Status:WIP, QBRecordID:2140, Third_Party_Dependant_For_Conne:null, Latitude:-26.009142, Longitude:28.124416]], [attributes:[Precincts:James Crescent, Quickbase_Status:Completed, QBRecordID:2134, Third_Party_Dependant_For_Conne:null, Latitude:-26.009748, Longitude:28.123863]], [attributes:[Precincts:James Crescent, Quickbase_Status:Completed, QBRecordID:2137, Third_Party_Dependant_For_Conne:null, Latitude:-26.01032, Longitude:28.123617]], [attributes:[Precincts:James Crescent, Quickbase_Status:Completed, QBRecordID:2138, Third_Party_Dependant_For_Conne:null, Latitude:-26.010033, Longitude:28.123367]], [attributes:[Precincts:Ann Crescent, Quickbase_Status:Completed, QBRecordID:70440, Third_Party_Dependant_For_Conne:null, Latitude:-26.100794, Longitude:28.069635]], [attributes:[Precincts:Ann Crescent, Quickbase_Status:Completed, QBRecordID:929, Third_Party_Dependant_For_Conne:null, Latitude:-26.100288, Longitude:28.070492]], [attributes:[Precincts:Ann Crescent, Quickbase_Status:Completed, QBRecordID:931, Third_Party_Dependant_For_Conne:null, Latitude:-26.102352, Longitude:28.071693]], [attributes:[Precincts:Ann Crescent, Quickbase_Status:Completed, QBRecordID:921, Third_Party_Dependant_For_Conne:null, Latitude:-26.101522, Longitude:28.070621]], [attributes:[Precincts:Ann Crescent, Quickbase_Status:Completed, QBRecordID:1346, Third_Party_Dependant_For_Conne:null, Latitude:-26.10039, Longitude:28.07104]], [attributes:[Precincts:Bryanston Extension, Quickbase_Status:Completed, QBRecordID:1869, Third_Party_Dependant_For_Conne:null, Latitude:-26.045338, Longitude:28.023504]], [attributes:[Precincts:Hatfield (Phase 3), Quickbase_Status:Planned, QBRecordID:3462, Third_Party_Dependant_For_Conne:null, Latitude:-25.743183, Longitude:28.242685]], [attributes:[Precincts:Hatfield (Phase 3), Quickbase_Status:Completed, QBRecordID:2982, Third_Party_Dependant_For_Conne:null, Latitude:-25.742895, Longitude:28.243876]], [attributes:[Precincts:Rosebank Phase 2, Quickbase_Status:Completed, QBRecordID:3989, Third_Party_Dependant_For_Conne:null, Latitude:-26.142382, Longitude:28.039099]], [attributes:[Precincts:Rosebank Phase 1, Quickbase_Status:Completed, QBRecordID:2878, Third_Party_Dependant_For_Conne:null, Latitude:-26.142282, Longitude:28.04086]], [attributes:[Precincts:Witch-Hazel, Quickbase_Status:Completed, QBRecordID:1258, Third_Party_Dependant_For_Conne:null, Latitude:-25.870176, Longitude:28.187847]], [attributes:[Precincts:Witch-Hazel, Quickbase_Status:Completed, QBRecordID:1272, Third_Party_Dependant_For_Conne:null, Latitude:-25.873745, Longitude:28.179771]], [attributes:[Precincts:Witch-Hazel, Quickbase_Status:Completed, QBRecordID:1275, Third_Party_Dependant_For_Conne:null, Latitude:-25.874058, Longitude:28.181337]], [attributes:[Precincts:Rosebank Phase 1, Quickbase_Status:Completed, QBRecordID:2970, Third_Party_Dependant_For_Conne:null, Latitude:-26.148533, Longitude:28.035366]], [attributes:[Precincts:Rosebank Phase 1, Quickbase_Status:Planned, QBRecordID:2983, Third_Party_Dependant_For_Conne:null, Latitude:-26.142988, Longitude:28.04088]], [attributes:[Precincts:Rosebank Phase 2, Quickbase_Status:Completed, QBRecordID:3522, Third_Party_Dependant_For_Conne:null, Latitude:-26.146269, Longitude:28.039326]], [attributes:[Precincts:Rosebank Phase 2, Quickbase_Status:Completed, QBRecordID:2881, Third_Party_Dependant_For_Conne:null, Latitude:-26.147045, Longitude:28.038614]], [attributes:[Precincts:Steenberg, Quickbase_Status:Completed, QBRecordID:2536, Third_Party_Dependant_For_Conne:null, Latitude:-34.08065, Longitude:18.434036]], [attributes:[Precincts:Steenberg, Quickbase_Status:Completed, QBRecordID:2537, Third_Party_Dependant_For_Conne:null, Latitude:-34.08078, Longitude:18.434278]], [attributes:[Precincts:Steenberg, Quickbase_Status:Completed, QBRecordID:2526, Third_Party_Dependant_For_Conne:null, Latitude:-34.082226, Longitude:18.438375]], [attributes:[Precincts:Capital Hill, Quickbase_Status:Completed, QBRecordID:2836, Third_Party_Dependant_For_Conne:null, Latitude:-26.012005, Longitude:28.128294]], [attributes:[Precincts:Capital Hill, Quickbase_Status:Completed, QBRecordID:2418, Third_Party_Dependant_For_Conne:null, Latitude:-26.011637, Longitude:28.128668]], [attributes:[Precincts:Capital Hill, Quickbase_Status:Completed, QBRecordID:2837, Third_Party_Dependant_For_Conne:null, Latitude:-26.01139, Longitude:28.127783]], [attributes:[Precincts:Peter Place, Quickbase_Status:Completed, QBRecordID:405, Third_Party_Dependant_For_Conne:null, Latitude:-26.081623, Longitude:28.020731]], [attributes:[Precincts:Peter Place, Quickbase_Status:Completed, QBRecordID:689, Third_Party_Dependant_For_Conne:null, Latitude:-26.080952, Longitude:28.018957]], [attributes:[Precincts:Peter Place, Quickbase_Status:Completed, QBRecordID:690, Third_Party_Dependant_For_Conne:null, Latitude:-26.08062, Longitude:28.018656]], [attributes:[Precincts:Peter Place, Quickbase_Status:Planned, QBRecordID:4075, Third_Party_Dependant_For_Conne:null, Latitude:-26.08027, Longitude:28.013712]], [attributes:[Precincts:Design Quarter, Quickbase_Status:Completed, QBRecordID:2390, Third_Party_Dependant_For_Conne:null, Latitude:-26.031906, Longitude:28.013296]], [attributes:[Precincts:Design Quarter, Quickbase_Status:Completed, QBRecordID:2381, Third_Party_Dependant_For_Conne:null, Latitude:-26.031996, Longitude:28.012318]], [attributes:[Precincts:Design Quarter, Quickbase_Status:Completed, QBRecordID:2393, Third_Party_Dependant_For_Conne:null, Latitude:-26.032928, Longitude:28.012184]], [attributes:[Precincts:Design Quarter, Quickbase_Status:Completed, QBRecordID:2394, Third_Party_Dependant_For_Conne:null, Latitude:-26.032814, Longitude:28.0126]], [attributes:[Precincts:Sandton Phase 1, Quickbase_Status:Completed, QBRecordID:4035, Third_Party_Dependant_For_Conne:null, Latitude:-26.097935, Longitude:28.056635]], [attributes:[Precincts:Hatfield (Phase 3), Quickbase_Status:Planned, QBRecordID:4091, Third_Party_Dependant_For_Conne:null, Latitude:-25.743746, Longitude:28.244747]], [attributes:[Precincts:James Crescent, Quickbase_Status:Completed, QBRecordID:4103, Third_Party_Dependant_For_Conne:null, Latitude:-26.001675, Longitude:28.125916]], [attributes:[Precincts:James Crescent, Quickbase_Status:Completed, QBRecordID:4097, Third_Party_Dependant_For_Conne:null, Latitude:-26.000605, Longitude:28.126898]], [attributes:[Precincts:Ingersol, Quickbase_Status:Completed, QBRecordID:2345, Third_Party_Dependant_For_Conne:null, Latitude:-25.78003, Longitude:28.276327]], [attributes:[Precincts:Ingersol, Quickbase_Status:Completed, QBRecordID:2341, Third_Party_Dependant_For_Conne:null, Latitude:-25.780033, Longitude:28.277021]], [attributes:[Precincts:Richards Drive, Quickbase_Status:Completed, QBRecordID:2456, Third_Party_Dependant_For_Conne:null, Latitude:-26.014736, Longitude:28.121595]], [attributes:[Precincts:Richards Drive, Quickbase_Status:Planned, QBRecordID:2421, Third_Party_Dependant_For_Conne:null, Latitude:-26.015661, Longitude:28.119562]], [attributes:[Precincts:Arnold, Quickbase_Status:Completed, QBRecordID:70445, Third_Party_Dependant_For_Conne:null, Latitude:-26.148893, Longitude:28.041676]], [attributes:[Precincts:Arnold, Quickbase_Status:Completed, QBRecordID:261, Third_Party_Dependant_For_Conne:null, Latitude:-26.148785, Longitude:28.042482]], [attributes:[Precincts:Homestead, Quickbase_Status:Completed, QBRecordID:237, Third_Party_Dependant_For_Conne:null, Latitude:-26.047842, Longitude:28.056503]], [attributes:[Precincts:Homestead, Quickbase_Status:Completed, QBRecordID:238, Third_Party_Dependant_For_Conne:null, Latitude:-26.048054, Longitude:28.05596]], [attributes:[Precincts:Georgian Crescent, Quickbase_Status:Completed, QBRecordID:438, Third_Party_Dependant_For_Conne:null, Latitude:-26.040613, Longitude:28.016527]], [attributes:[Precincts:Georgian Crescent, Quickbase_Status:Completed, QBRecordID:668, Third_Party_Dependant_For_Conne:null, Latitude:-26.040836, Longitude:28.015812]], [attributes:[Precincts:Georgian Crescent, Quickbase_Status:Completed, QBRecordID:321, Third_Party_Dependant_For_Conne:null, Latitude:-26.039356, Longitude:28.018518]], [attributes:[Precincts:Georgian Crescent, Quickbase_Status:Completed, QBRecordID:312, Third_Party_Dependant_For_Conne:null, Latitude:-26.040527, Longitude:28.016794]], [attributes:[Precincts:Eaton, Quickbase_Status:Completed, QBRecordID:203, Third_Party_Dependant_For_Conne:null, Latitude:-26.046724, Longitude:28.021152]], [attributes:[Precincts:Country Club Estate, Quickbase_Status:Completed, QBRecordID:502, Third_Party_Dependant_For_Conne:null, Latitude:-26.05981, Longitude:28.082664]], [attributes:[Precincts:Country Club Estate, Quickbase_Status:Completed, QBRecordID:501, Third_Party_Dependant_For_Conne:null, Latitude:-26.059282, Longitude:28.082842]], [attributes:[Precincts:Claremont, Quickbase_Status:Completed, QBRecordID:1464, Third_Party_Dependant_For_Conne:null, Latitude:-33.978535, Longitude:18.464714]], [attributes:[Precincts:Albury, Quickbase_Status:Completed, QBRecordID:277, Third_Party_Dependant_For_Conne:null, Latitude:-26.124329, Longitude:28.030823]], [attributes:[Precincts:Homestead, Quickbase_Status:Planned, QBRecordID:245, Third_Party_Dependant_For_Conne:null, Latitude:-26.046505, Longitude:28.05702]], [attributes:[Precincts:Saddle Drive, Quickbase_Status:Completed, QBRecordID:1830, Third_Party_Dependant_For_Conne:null, Latitude:-26.048752, Longitude:28.088428]], [attributes:[Precincts:Saddle Drive, Quickbase_Status:Completed, QBRecordID:1851, Third_Party_Dependant_For_Conne:null, Latitude:-26.044907, Longitude:28.089844]], [attributes:[Precincts:Saddle Drive, Quickbase_Status:Completed, QBRecordID:1844, Third_Party_Dependant_For_Conne:null, Latitude:-26.045515, Longitude:28.089851]], [attributes:[Precincts:TechnoPark, Quickbase_Status:Completed, QBRecordID:754, Third_Party_Dependant_For_Conne:null, Latitude:-33.966476, Longitude:18.830046]], [attributes:[Precincts:Western Services, Quickbase_Status:Completed, QBRecordID:2511, Third_Party_Dependant_For_Conne:null, Latitude:-26.058064, Longitude:28.086378]], [attributes:[Precincts:Western Services, Quickbase_Status:Completed, QBRecordID:92890, Third_Party_Dependant_For_Conne:null, Latitude:-26.059788, Longitude:28.088968]], [attributes:[Precincts:Western Services, Quickbase_Status:Completed, QBRecordID:2495, Third_Party_Dependant_For_Conne:null, Latitude:-26.062141, Longitude:28.089197]], [attributes:[Precincts:Western Services, Quickbase_Status:Completed, QBRecordID:2678, Third_Party_Dependant_For_Conne:null, Latitude:-26.061705, Longitude:28.089432]], [attributes:[Precincts:Riverview Office Park, Quickbase_Status:Completed, QBRecordID:2620, Third_Party_Dependant_For_Conne:null, Latitude:-25.99866, Longitude:28.118715]], [attributes:[Precincts:Girton, Quickbase_Status:Planned, QBRecordID:794, Third_Party_Dependant_For_Conne:null, Latitude:-26.184713, Longitude:28.038855]], [attributes:[Precincts:Girton, Quickbase_Status:Planned, QBRecordID:4086, Third_Party_Dependant_For_Conne:null, Latitude:-26.18334, Longitude:28.036535]], [attributes:[Precincts:Girton, Quickbase_Status:Completed, QBRecordID:871, Third_Party_Dependant_For_Conne:null, Latitude:-26.184227, Longitude:28.03609]], [attributes:[Precincts:Woodmead Estate, Quickbase_Status:Completed, QBRecordID:3939, Third_Party_Dependant_For_Conne:null, Latitude:-26.052313, Longitude:28.089493]], [attributes:[Precincts:Woodmead Estate, Quickbase_Status:Completed, QBRecordID:3940, Third_Party_Dependant_For_Conne:null, Latitude:-26.05258, Longitude:28.088873]], [attributes:[Precincts:Woodmead Estate, Quickbase_Status:Completed, QBRecordID:3941, Third_Party_Dependant_For_Conne:null, Latitude:-26.052013, Longitude:28.08888]], [attributes:[Precincts:Woodmead Estate, Quickbase_Status:Completed, QBRecordID:3945, Third_Party_Dependant_For_Conne:null, Latitude:-26.053574, Longitude:28.089462]], [attributes:[Precincts:CPT CBD Phase 02, Quickbase_Status:Completed, QBRecordID:3099, Third_Party_Dependant_For_Conne:null, Latitude:-33.92053, Longitude:18.432346]], [attributes:[Precincts:CPT CBD Phase 01, Quickbase_Status:Completed, QBRecordID:3062, Third_Party_Dependant_For_Conne:null, Latitude:-33.916515, Longitude:18.42632]], [attributes:[Precincts:Skeen Boulevard, Quickbase_Status:Completed, QBRecordID:1515, Third_Party_Dependant_For_Conne:null, Latitude:-26.174215, Longitude:28.135391]], [attributes:[Precincts:Rosenpark, Quickbase_Status:Completed, QBRecordID:2720, Third_Party_Dependant_For_Conne:null, Latitude:-33.870464, Longitude:18.639431]], [attributes:[Precincts:Rosenpark, Quickbase_Status:Completed, QBRecordID:2755, Third_Party_Dependant_For_Conne:null, Latitude:-33.870228, Longitude:18.64061]], [attributes:[Precincts:Sunninghill, Quickbase_Status:Planned, QBRecordID:383, Third_Party_Dependant_For_Conne:null, Latitude:-26.035372, Longitude:28.066488]], [attributes:[Precincts:Katherine Extension, Quickbase_Status:Completed, QBRecordID:1325, Third_Party_Dependant_For_Conne:null, Latitude:-26.101442, Longitude:28.074644]], [attributes:[Precincts:Katherine Extension, Quickbase_Status:Completed, QBRecordID:1337, Third_Party_Dependant_For_Conne:null, Latitude:-26.105465, Longitude:28.068985]], [attributes:[Precincts:Katherine Extension, Quickbase_Status:Completed, QBRecordID:1335, Third_Party_Dependant_For_Conne:null, Latitude:-26.105165, Longitude:28.069757]], [attributes:[Precincts:Kent, Quickbase_Status:Completed, QBRecordID:575, Third_Party_Dependant_For_Conne:null, Latitude:-26.098873, Longitude:27.997879]], [attributes:[Precincts:Oak Avenue, Quickbase_Status:Planned, QBRecordID:3910, Third_Party_Dependant_For_Conne:null, Latitude:-26.099642, Longitude:28.001368]], [attributes:[Precincts:Sandton Phase 1, Quickbase_Status:Completed, QBRecordID:3915, Third_Party_Dependant_For_Conne:null, Latitude:-26.099281, Longitude:28.05587]], [attributes:[Precincts:Sandton Phase 3, Quickbase_Status:Completed, QBRecordID:2991, Third_Party_Dependant_For_Conne:null, Latitude:-26.102137, Longitude:28.057287]], [attributes:[Precincts:Sandton Phase 3, Quickbase_Status:Completed, QBRecordID:4030, Third_Party_Dependant_For_Conne:null, Latitude:-26.109106, Longitude:28.05701]], [attributes:[Precincts:Sandton Phase 1, Quickbase_Status:Completed, QBRecordID:2910, Third_Party_Dependant_For_Conne:null, Latitude:-26.100014, Longitude:28.050875]], [attributes:[Precincts:Sandton Phase 2, Quickbase_Status:Completed, QBRecordID:4034, Third_Party_Dependant_For_Conne:null, Latitude:-26.103277, Longitude:28.0536]], [attributes:[Precincts:Sandton Phase 1, Quickbase_Status:Completed, QBRecordID:2903, Third_Party_Dependant_For_Conne:null, Latitude:-26.103876, Longitude:28.054283]], [attributes:[Precincts:Ashley Gardens, Quickbase_Status:Completed, QBRecordID:2659, Third_Party_Dependant_For_Conne:null, Latitude:-25.78221, Longitude:28.265053]], [attributes:[Precincts:Ashley Gardens, Quickbase_Status:Completed, QBRecordID:2645, Third_Party_Dependant_For_Conne:null, Latitude:-25.784569, Longitude:28.264935]], [attributes:[Precincts:Ashley Gardens, Quickbase_Status:Completed, QBRecordID:2639, Third_Party_Dependant_For_Conne:null, Latitude:-25.783796, Longitude:28.26643]], [attributes:[Precincts:Ashley Gardens, Quickbase_Status:Completed, QBRecordID:2641, Third_Party_Dependant_For_Conne:null, Latitude:-25.783854, Longitude:28.266804]], [attributes:[Precincts:Route 21 Office Park, Quickbase_Status:Completed, QBRecordID:1969, Third_Party_Dependant_For_Conne:null, Latitude:-25.860336, Longitude:28.257902]], [attributes:[Precincts:Route 21 Office Park, Quickbase_Status:Completed, QBRecordID:1970, Third_Party_Dependant_For_Conne:null, Latitude:-25.860304, Longitude:28.258123]], [attributes:[Precincts:Route 21 Office Park, Quickbase_Status:Completed, QBRecordID:3971, Third_Party_Dependant_For_Conne:null, Latitude:-25.860798, Longitude:28.254122]], [attributes:[Precincts:Central Park, Quickbase_Status:Completed, QBRecordID:1475, Third_Party_Dependant_For_Conne:null, Latitude:-25.980457, Longitude:28.132357]], [attributes:[Precincts:Central Park, Quickbase_Status:Completed, QBRecordID:4017, Third_Party_Dependant_For_Conne:null, Latitude:-25.975683, Longitude:28.132923]], [attributes:[Precincts:Central Park, Quickbase_Status:Completed, QBRecordID:1487, Third_Party_Dependant_For_Conne:null, Latitude:-25.97844, Longitude:28.132385]], [attributes:[Precincts:Bryanston Extension, Quickbase_Status:Completed, QBRecordID:1924, Third_Party_Dependant_For_Conne:null, Latitude:-26.05471, Longitude:28.021288]], [attributes:[Precincts:Bryanston Extension, Quickbase_Status:Completed, QBRecordID:1883, Third_Party_Dependant_For_Conne:null, Latitude:-26.045933, Longitude:28.024305]], [attributes:[Precincts:Sandton Phase 3, Quickbase_Status:Completed, QBRecordID:3828, Third_Party_Dependant_For_Conne:null, Latitude:-26.111061, Longitude:28.055067]], [attributes:[Precincts:Sandton Phase 3, Quickbase_Status:Completed, QBRecordID:2919, Third_Party_Dependant_For_Conne:null, Latitude:-26.111359, Longitude:28.055454]], [attributes:[Precincts:Sandton Phase 3, Quickbase_Status:Planned, QBRecordID:2893, Third_Party_Dependant_For_Conne:null, Latitude:-26.110895, Longitude:28.056168]], [attributes:[Precincts:Tygervalley, Quickbase_Status:Completed, QBRecordID:2603, Third_Party_Dependant_For_Conne:null, Latitude:-33.880104, Longitude:18.634905]], [attributes:[Precincts:Tygervalley, Quickbase_Status:Completed, QBRecordID:2604, Third_Party_Dependant_For_Conne:null, Latitude:-33.8795, Longitude:18.634537]], [attributes:[Precincts:Tygervalley, Quickbase_Status:Completed, QBRecordID:2596, Third_Party_Dependant_For_Conne:null, Latitude:-33.881786, Longitude:18.635708]], [attributes:[Precincts:Tygervalley, Quickbase_Status:Completed, QBRecordID:2581, Third_Party_Dependant_For_Conne:null, Latitude:-33.881462, Longitude:18.63578]], [attributes:[Precincts:Tygervalley, Quickbase_Status:Completed, QBRecordID:4003, Third_Party_Dependant_For_Conne:null, Latitude:-33.883114, Longitude:18.635628]], [attributes:[Precincts:Westlake, Quickbase_Status:Completed, QBRecordID:3029, Third_Party_Dependant_For_Conne:null, Latitude:-34.07723, Longitude:18.440435]], [attributes:[Precincts:Wierda Road, Quickbase_Status:Completed, QBRecordID:354, Third_Party_Dependant_For_Conne:null, Latitude:-26.113438, Longitude:28.05752]], [attributes:[Precincts:Wierda Road, Quickbase_Status:Completed, QBRecordID:909, Third_Party_Dependant_For_Conne:null, Latitude:-26.113329, Longitude:28.057814]], [attributes:[Precincts:Wierda Road, Quickbase_Status:Completed, QBRecordID:905, Third_Party_Dependant_For_Conne:null, Latitude:-26.114542, Longitude:28.057327]], [attributes:[Precincts:Wierda Road, Quickbase_Status:Completed, QBRecordID:337, Third_Party_Dependant_For_Conne:null, Latitude:-26.110798, Longitude:28.060898]], [attributes:[Precincts:Wierda Road, Quickbase_Status:Completed, QBRecordID:619, Third_Party_Dependant_For_Conne:null, Latitude:-26.11121, Longitude:28.06111]], [attributes:[Precincts:Wierda Road, Quickbase_Status:Completed, QBRecordID:362, Third_Party_Dependant_For_Conne:null, Latitude:-26.113594, Longitude:28.05533]], [attributes:[Precincts:Rivonia North, Quickbase_Status:Completed, QBRecordID:1417, Third_Party_Dependant_For_Conne:null, Latitude:-26.042265, Longitude:28.06096]], [attributes:[Precincts:Rivonia North, Quickbase_Status:Completed, QBRecordID:644, Third_Party_Dependant_For_Conne:null, Latitude:-26.046589, Longitude:28.059963]], [attributes:[Precincts:Rivonia North, Quickbase_Status:Completed, QBRecordID:635, Third_Party_Dependant_For_Conne:null, Latitude:-26.047112, Longitude:28.05994]], [attributes:[Precincts:CPT CBD Phase 02, Quickbase_Status:WIP, QBRecordID:3089, Third_Party_Dependant_For_Conne:null, Latitude:-33.920956, Longitude:18.4343]], [attributes:[Precincts:Woodlands Office Park, Quickbase_Status:Completed, QBRecordID:1681, Third_Party_Dependant_For_Conne:null, Latitude:-26.062876, Longitude:28.083673]], [attributes:[Precincts:Woodlands Office Park, Quickbase_Status:Completed, QBRecordID:1682, Third_Party_Dependant_For_Conne:null, Latitude:-26.063118, Longitude:28.08411]], [attributes:[Precincts:Woodlands Office Park, Quickbase_Status:Completed, QBRecordID:1683, Third_Party_Dependant_For_Conne:null, Latitude:-26.063227, Longitude:28.084745]], [attributes:[Precincts:Woodlands Office Park, Quickbase_Status:Completed, QBRecordID:1648, Third_Party_Dependant_For_Conne:null, Latitude:-26.059397, Longitude:28.086708]], [attributes:[Precincts:Ann Crescent, Quickbase_Status:Completed, QBRecordID:922, Third_Party_Dependant_For_Conne:null, Latitude:-26.101658, Longitude:28.070904]], [attributes:[Precincts:Ann Crescent, Quickbase_Status:Planned, QBRecordID:1322, Third_Party_Dependant_For_Conne:null, Latitude:-26.10268, Longitude:28.071737]], [attributes:[Precincts:Ann Crescent, Quickbase_Status:Completed, QBRecordID:930, Third_Party_Dependant_For_Conne:null, Latitude:-26.102522, Longitude:28.071583]], [attributes:[Precincts:Burnside Office Park, Quickbase_Status:Completed, QBRecordID:3442, Third_Party_Dependant_For_Conne:null, Latitude:-26.11289, Longitude:28.02115]], [attributes:[Precincts:Burnside Office Park, Quickbase_Status:Planned, QBRecordID:2987, Third_Party_Dependant_For_Conne:null, Latitude:-26.114431, Longitude:28.021677]], [attributes:[Precincts:Burnside Office Park, Quickbase_Status:Completed, QBRecordID:3455, Third_Party_Dependant_For_Conne:null, Latitude:-26.116247, Longitude:28.020216]], [attributes:[Precincts:Thornhill, Quickbase_Status:Completed, QBRecordID:1185, Third_Party_Dependant_For_Conne:null, Latitude:-26.009916, Longitude:28.11217]], [attributes:[Precincts:Thornhill, Quickbase_Status:Completed, QBRecordID:1186, Third_Party_Dependant_For_Conne:null, Latitude:-26.010157, Longitude:28.111982]], [attributes:[Precincts:Thornhill, Quickbase_Status:Completed, QBRecordID:1202, Third_Party_Dependant_For_Conne:null, Latitude:-26.009232, Longitude:28.114048]], [attributes:[Precincts:Charles Crescent, Quickbase_Status:Completed, QBRecordID:1352, Third_Party_Dependant_For_Conne:null, Latitude:-26.09765, Longitude:28.079432]], [attributes:[Precincts:Charles Crescent, Quickbase_Status:Completed, QBRecordID:1351, Third_Party_Dependant_For_Conne:null, Latitude:-26.097342, Longitude:28.079967]], [attributes:[Precincts:Charles Crescent, Quickbase_Status:Completed, QBRecordID:948, Third_Party_Dependant_For_Conne:null, Latitude:-26.094177, Longitude:28.083155]], [attributes:[Precincts:Central Street, Quickbase_Status:Completed, QBRecordID:834, Third_Party_Dependant_For_Conne:null, Latitude:-26.161352, Longitude:28.057941]], [attributes:[Precincts:Central Street, Quickbase_Status:Completed, QBRecordID:830, Third_Party_Dependant_For_Conne:null, Latitude:-26.16712, Longitude:28.05598]], [attributes:[Precincts:Central Street, Quickbase_Status:Completed, QBRecordID:1459, Third_Party_Dependant_For_Conne:null, Latitude:-26.167715, Longitude:28.055649]], [attributes:[Precincts:Sandton Phase 2, Quickbase_Status:WIP, QBRecordID:4033, Third_Party_Dependant_For_Conne:null, Latitude:-26.10445, Longitude:28.054836]], [attributes:[Precincts:Sandton Phase 2, Quickbase_Status:Completed, QBRecordID:4037, Third_Party_Dependant_For_Conne:null, Latitude:-26.103207, Longitude:28.04843]], [attributes:[Precincts:Sandton Phase 2, Quickbase_Status:Completed, QBRecordID:2949, Third_Party_Dependant_For_Conne:null, Latitude:-26.104227, Longitude:28.053091]], [attributes:[Precincts:Woodlands Office Park, Quickbase_Status:Completed, QBRecordID:1640, Third_Party_Dependant_For_Conne:null, Latitude:-26.060812, Longitude:28.08788]], [attributes:[Precincts:Western Services, Quickbase_Status:Completed, QBRecordID:2507, Third_Party_Dependant_For_Conne:null, Latitude:-26.05643, Longitude:28.088402]], [attributes:[Precincts:Woodlands Office Park, Quickbase_Status:Completed, QBRecordID:1649, Third_Party_Dependant_For_Conne:null, Latitude:-26.059435, Longitude:28.086117]], [attributes:[Precincts:Woodlands Office Park, Quickbase_Status:Completed, QBRecordID:1650, Third_Party_Dependant_For_Conne:null, Latitude:-26.058474, Longitude:28.086266]], [attributes:[Precincts:Woodlands Office Park, Quickbase_Status:Completed, QBRecordID:1651, Third_Party_Dependant_For_Conne:null, Latitude:-26.057573, Longitude:28.085564]], [attributes:[Precincts:Ann Crescent, Quickbase_Status:Completed, QBRecordID:926, Third_Party_Dependant_For_Conne:null, Latitude:-26.100262, Longitude:28.069883]], [attributes:[Precincts:Ann Crescent, Quickbase_Status:Completed, QBRecordID:927, Third_Party_Dependant_For_Conne:null, Latitude:-26.100992, Longitude:28.070889]], [attributes:[Precincts:Ann Crescent, Quickbase_Status:Completed, QBRecordID:928, Third_Party_Dependant_For_Conne:null, Latitude:-26.100763, Longitude:28.071585]], [attributes:[Precincts:Burnside Office Park, Quickbase_Status:Completed, QBRecordID:3444, Third_Party_Dependant_For_Conne:null, Latitude:-26.113401, Longitude:28.021626]], [attributes:[Precincts:Bruma Lake, Quickbase_Status:Planned, QBRecordID:4011, Third_Party_Dependant_For_Conne:null, Latitude:-26.18168, Longitude:28.110214]], [attributes:[Precincts:Bruma Lake, Quickbase_Status:Completed, QBRecordID:966, Third_Party_Dependant_For_Conne:null, Latitude:-26.182486, Longitude:28.108494]], [attributes:[Precincts:Bruma Lake, Quickbase_Status:Completed, QBRecordID:973, Third_Party_Dependant_For_Conne:null, Latitude:-26.181828, Longitude:28.107105]], [attributes:[Precincts:Bruma Lake, Quickbase_Status:Completed, QBRecordID:1489, Third_Party_Dependant_For_Conne:null, Latitude:-26.180908, Longitude:28.105421]], [attributes:[Precincts:CPT CBD Phase 01, Quickbase_Status:Planned, QBRecordID:3058, Third_Party_Dependant_For_Conne:null, Latitude:-33.91668, Longitude:18.42475]], [attributes:[Precincts:Charles Crescent, Quickbase_Status:Completed, QBRecordID:953, Third_Party_Dependant_For_Conne:null, Latitude:-26.091366, Longitude:28.083164]], [attributes:[Precincts:Charles Crescent, Quickbase_Status:Completed, QBRecordID:1629, Third_Party_Dependant_For_Conne:null, Latitude:-26.091692, Longitude:28.082426]], [attributes:[Precincts:Central Street, Quickbase_Status:Planned, QBRecordID:842, Third_Party_Dependant_For_Conne:null, Latitude:-26.164112, Longitude:28.057018]], [attributes:[Precincts:George Road, Quickbase_Status:Completed, QBRecordID:1754, Third_Party_Dependant_For_Conne:null, Latitude:-25.967161, Longitude:28.131168]], [attributes:[Precincts:George Road, Quickbase_Status:Completed, QBRecordID:997, Third_Party_Dependant_For_Conne:null, Latitude:-25.968729, Longitude:28.130781]], [attributes:[Precincts:George Road, Quickbase_Status:Completed, QBRecordID:1755, Third_Party_Dependant_For_Conne:null, Latitude:-25.969461, Longitude:28.136065]], [attributes:[Precincts:George Road, Quickbase_Status:Completed, QBRecordID:1008, Third_Party_Dependant_For_Conne:null, Latitude:-25.970312, Longitude:28.134855]], [attributes:[Precincts:George Road, Quickbase_Status:Completed, QBRecordID:991, Third_Party_Dependant_For_Conne:null, Latitude:-25.964075, Longitude:28.135302]], [attributes:[Precincts:George Road, Quickbase_Status:Completed, QBRecordID:4071, Third_Party_Dependant_For_Conne:null, Latitude:-25.97198, Longitude:28.133791]], [attributes:[Precincts:George Road, Quickbase_Status:Planned, QBRecordID:4073, Third_Party_Dependant_For_Conne:null, Latitude:-25.971994, Longitude:28.129755]], [attributes:[Precincts:Arden Grove, Quickbase_Status:Completed, QBRecordID:1572, Third_Party_Dependant_For_Conne:null, Latitude:-33.86441, Longitude:18.515121]], [attributes:[Precincts:Arden Grove, Quickbase_Status:Planned, QBRecordID:1561, Third_Party_Dependant_For_Conne:null, Latitude:-33.86351, Longitude:18.5143]], [attributes:[Precincts:Arden Grove, Quickbase_Status:Planned, QBRecordID:1571, Third_Party_Dependant_For_Conne:null, Latitude:-33.862324, Longitude:18.51484]], [attributes:[Precincts:Arden Grove, Quickbase_Status:Completed, QBRecordID:1601, Third_Party_Dependant_For_Conne:null, Latitude:-33.86636, Longitude:18.51303]], [attributes:[Precincts:Arden Grove, Quickbase_Status:Partial Build Completed, QBRecordID:1604, Third_Party_Dependant_For_Conne:null, Latitude:-33.866047, Longitude:18.51333]], [attributes:[Precincts:CPT CBD Phase 01, Quickbase_Status:Completed, QBRecordID:3053, Third_Party_Dependant_For_Conne:null, Latitude:-33.91582, Longitude:18.423748]], [attributes:[Precincts:CPT CBD Phase 01, Quickbase_Status:Completed, QBRecordID:3055, Third_Party_Dependant_For_Conne:null, Latitude:-33.916557, Longitude:18.424042]], [attributes:[Precincts:Umhlanga (Phase 3), Quickbase_Status:Planned, QBRecordID:2805, Third_Party_Dependant_For_Conne:null, Latitude:-29.737463, Longitude:31.071108]], [attributes:[Precincts:Umhlanga (Phase 3), Quickbase_Status:Completed, QBRecordID:2766, Third_Party_Dependant_For_Conne:null, Latitude:-29.738543, Longitude:31.070219]], [attributes:[Precincts:Umhlanga (Phase 3), Quickbase_Status:Planned, QBRecordID:95947, Third_Party_Dependant_For_Conne:null, Latitude:-29.737955, Longitude:31.07078]], [attributes:[Precincts:Umhlanga (Phase 3), Quickbase_Status:Completed, QBRecordID:2781, Third_Party_Dependant_For_Conne:null, Latitude:-29.734396, Longitude:31.071133]], [attributes:[Precincts:Umhlanga (Phase 3), Quickbase_Status:WIP, QBRecordID:2775, Third_Party_Dependant_For_Conne:null, Latitude:-29.73533, Longitude:31.070305]], [attributes:[Precincts:Saddle Drive, Quickbase_Status:Completed, QBRecordID:1847, Third_Party_Dependant_For_Conne:null, Latitude:-26.04556, Longitude:28.08908]], [attributes:[Precincts:Saddle Drive, Quickbase_Status:Completed, QBRecordID:1850, Third_Party_Dependant_For_Conne:null, Latitude:-26.045046, Longitude:28.089087]], [attributes:[Precincts:Sandton Phase 3, Quickbase_Status:Completed, QBRecordID:2999, Third_Party_Dependant_For_Conne:null, Latitude:-26.102093, Longitude:28.056158]], [attributes:[Precincts:Sandton Phase 1, Quickbase_Status:Completed, QBRecordID:2915, Third_Party_Dependant_For_Conne:null, Latitude:-26.102444, Longitude:28.055677]], [attributes:[Precincts:Witch-Hazel, Quickbase_Status:Completed, QBRecordID:1674, Third_Party_Dependant_For_Conne:null, Latitude:-25.87316, Longitude:28.186098]], [attributes:[Precincts:Witch-Hazel, Quickbase_Status:Completed, QBRecordID:1675, Third_Party_Dependant_For_Conne:null, Latitude:-25.873066, Longitude:28.186337]], [attributes:[Precincts:Witch-Hazel, Quickbase_Status:Completed, QBRecordID:1669, Third_Party_Dependant_For_Conne:null, Latitude:-25.872387, Longitude:28.185709]], [attributes:[Precincts:Witch-Hazel, Quickbase_Status:Completed, QBRecordID:2193, Third_Party_Dependant_For_Conne:null, Latitude:-25.873901, Longitude:28.180784]], [attributes:[Precincts:Rosebank Phase 2, Quickbase_Status:Completed, QBRecordID:3996, Third_Party_Dependant_For_Conne:null, Latitude:-26.14616, Longitude:28.035168]], [attributes:[Precincts:Rosebank Phase 2, Quickbase_Status:Completed, QBRecordID:2887, Third_Party_Dependant_For_Conne:null, Latitude:-26.145657, Longitude:28.035316]], [attributes:[Precincts:Rosebank Phase 2, Quickbase_Status:Completed, QBRecordID:2886, Third_Party_Dependant_For_Conne:null, Latitude:-26.144165, Longitude:28.03541]], [attributes:[Precincts:Rosebank Phase 2, Quickbase_Status:Completed, QBRecordID:2884, Third_Party_Dependant_For_Conne:null, Latitude:-26.143892, Longitude:28.035038]], [attributes:[Precincts:Rosebank Phase 1, Quickbase_Status:Completed, QBRecordID:2877, Third_Party_Dependant_For_Conne:null, Latitude:-26.142122, Longitude:28.0412]], [attributes:[Precincts:Capital Hill, Quickbase_Status:Completed, QBRecordID:2407, Third_Party_Dependant_For_Conne:null, Latitude:-26.0092, Longitude:28.130812]], [attributes:[Precincts:Capital Hill, Quickbase_Status:Completed, QBRecordID:2408, Third_Party_Dependant_For_Conne:null, Latitude:-26.009987, Longitude:28.131395]], [attributes:[Precincts:Capital Hill, Quickbase_Status:Completed, QBRecordID:2414, Third_Party_Dependant_For_Conne:null, Latitude:-26.012205, Longitude:28.12755]], [attributes:[Precincts:Peter Place, Quickbase_Status:Completed, QBRecordID:700, Third_Party_Dependant_For_Conne:null, Latitude:-26.082706, Longitude:28.01993]], [attributes:[Precincts:Peter Place, Quickbase_Status:Completed, QBRecordID:701, Third_Party_Dependant_For_Conne:null, Latitude:-26.082378, Longitude:28.019981]], [attributes:[Precincts:Richards Drive, Quickbase_Status:Completed, QBRecordID:2455, Third_Party_Dependant_For_Conne:null, Latitude:-26.011364, Longitude:28.123363]], [attributes:[Precincts:Richards Drive, Quickbase_Status:Completed, QBRecordID:2673, Third_Party_Dependant_For_Conne:null, Latitude:-26.016201, Longitude:28.12182]], [attributes:[Precincts:Albury, Quickbase_Status:Completed, QBRecordID:276, Third_Party_Dependant_For_Conne:null, Latitude:-26.125679, Longitude:28.031355]], [attributes:[Precincts:Albury, Quickbase_Status:Completed, QBRecordID:278, Third_Party_Dependant_For_Conne:null, Latitude:-26.126013, Longitude:28.031326]], [attributes:[Precincts:Georgian Crescent, Quickbase_Status:Completed, QBRecordID:331, Third_Party_Dependant_For_Conne:null, Latitude:-26.038254, Longitude:28.018303]], [attributes:[Precincts:Impala, Quickbase_Status:Completed, QBRecordID:151, Third_Party_Dependant_For_Conne:null, Latitude:-26.115414, Longitude:28.050318]], [attributes:[Precincts:Impala, Quickbase_Status:Completed, QBRecordID:177, Third_Party_Dependant_For_Conne:null, Latitude:-26.116453, Longitude:28.050951]], [attributes:[Precincts:Impala, Quickbase_Status:Completed, QBRecordID:162, Third_Party_Dependant_For_Conne:null, Latitude:-26.114763, Longitude:28.052935]], [attributes:[Precincts:Country Club Estate, Quickbase_Status:Completed, QBRecordID:495, Third_Party_Dependant_For_Conne:null, Latitude:-26.057266, Longitude:28.08457]], [attributes:[Precincts:Claremont, Quickbase_Status:Completed, QBRecordID:393, Third_Party_Dependant_For_Conne:null, Latitude:-33.97928, Longitude:18.462265]], [attributes:[Precincts:TechnoPark, Quickbase_Status:Completed, QBRecordID:1284, Third_Party_Dependant_For_Conne:null, Latitude:-33.966354, Longitude:18.838724]], [attributes:[Precincts:Ballyclare (Bally Oakes incl), Quickbase_Status:Completed, QBRecordID:565, Third_Party_Dependant_For_Conne:null, Latitude:-26.074131, Longitude:28.029745]], [attributes:[Precincts:Scott Street, Quickbase_Status:Completed, QBRecordID:1716, Third_Party_Dependant_For_Conne:null, Latitude:-26.13555, Longitude:28.070051]], [attributes:[Precincts:Scott Street, Quickbase_Status:Completed, QBRecordID:2832, Third_Party_Dependant_For_Conne:null, Latitude:-26.130014, Longitude:28.072329]], [attributes:[Precincts:CPT CBD Phase 02, Quickbase_Status:Completed, QBRecordID:3100, Third_Party_Dependant_For_Conne:null, Latitude:-33.920425, Longitude:18.431992]], [attributes:[Precincts:CPT CBD Phase 02, Quickbase_Status:Planned, QBRecordID:3101, Third_Party_Dependant_For_Conne:null, Latitude:-33.92069, Longitude:18.431694]], [attributes:[Precincts:Sunninghill, Quickbase_Status:Planned, QBRecordID:369, Third_Party_Dependant_For_Conne:null, Latitude:-26.033318, Longitude:28.063334]], [attributes:[Precincts:Sunninghill, Quickbase_Status:Completed, QBRecordID:371, Third_Party_Dependant_For_Conne:null, Latitude:-26.033546, Longitude:28.062088]], [attributes:[Precincts:Sunninghill, Quickbase_Status:Completed, QBRecordID:375, Third_Party_Dependant_For_Conne:null, Latitude:-26.034357, Longitude:28.067345]], [attributes:[Precincts:Sunninghill, Quickbase_Status:Completed, QBRecordID:652, Third_Party_Dependant_For_Conne:null, Latitude:-26.0342, Longitude:28.06832]], [attributes:[Precincts:Kent, Quickbase_Status:Completed, QBRecordID:578, Third_Party_Dependant_For_Conne:null, Latitude:-26.097687, Longitude:27.998924]], [attributes:[Precincts:Kent, Quickbase_Status:Completed, QBRecordID:556, Third_Party_Dependant_For_Conne:null, Latitude:-26.095211, Longitude:28.00069]], [attributes:[Precincts:Kent, Quickbase_Status:Completed, QBRecordID:732, Third_Party_Dependant_For_Conne:null, Latitude:-26.09971, Longitude:27.998024]], [attributes:[Precincts:Kent, Quickbase_Status:Completed, QBRecordID:743, Third_Party_Dependant_For_Conne:null, Latitude:-26.099758, Longitude:27.99832]], [attributes:[Precincts:Kent, Quickbase_Status:Completed, QBRecordID:744, Third_Party_Dependant_For_Conne:null, Latitude:-26.100399, Longitude:27.99833]], [attributes:[Precincts:Kent, Quickbase_Status:Completed, QBRecordID:553, Third_Party_Dependant_For_Conne:null, Latitude:-26.095901, Longitude:28.000227]], [attributes:[Precincts:Oak Avenue, Quickbase_Status:Completed, QBRecordID:4068, Third_Party_Dependant_For_Conne:null, Latitude:-26.097725, Longitude:28.002155]], [attributes:[Precincts:Oak Avenue, Quickbase_Status:Completed, QBRecordID:525, Third_Party_Dependant_For_Conne:null, Latitude:-26.09771, Longitude:28.0018]], [attributes:[Precincts:Sandton Phase 1, Quickbase_Status:Planned, QBRecordID:4023, Third_Party_Dependant_For_Conne:null, Latitude:-26.098267, Longitude:28.055304]], [attributes:[Precincts:Sandton Phase 1, Quickbase_Status:Planned, QBRecordID:2961, Third_Party_Dependant_For_Conne:null, Latitude:-26.097988, Longitude:28.055916]], [attributes:[Precincts:Sandton Phase 1, Quickbase_Status:Planned, QBRecordID:4024, Third_Party_Dependant_For_Conne:null, Latitude:-26.097502, Longitude:28.055305]], [attributes:[Precincts:Sandton Phase 1, Quickbase_Status:Completed, QBRecordID:2924, Third_Party_Dependant_For_Conne:null, Latitude:-26.103014, Longitude:28.054876]], [attributes:[Precincts:Ashley Gardens, Quickbase_Status:Planned, QBRecordID:2633, Third_Party_Dependant_For_Conne:null, Latitude:-25.783861, Longitude:28.265663]], [attributes:[Precincts:Ashley Gardens, Quickbase_Status:Completed, QBRecordID:2627, Third_Party_Dependant_For_Conne:null, Latitude:-25.784182, Longitude:28.26437]], [attributes:[Precincts:Route 21 Office Park, Quickbase_Status:Planned, QBRecordID:2000, Third_Party_Dependant_For_Conne:null, Latitude:-25.861195, Longitude:28.256271]], [attributes:[Precincts:Central Park, Quickbase_Status:Completed, QBRecordID:1481, Third_Party_Dependant_For_Conne:null, Latitude:-25.979628, Longitude:28.131151]], [attributes:[Precincts:Bryanston Extension, Quickbase_Status:Completed, QBRecordID:1878, Third_Party_Dependant_For_Conne:null, Latitude:-26.04467, Longitude:28.025568]], [attributes:[Precincts:Bryanston Extension, Quickbase_Status:Completed, QBRecordID:1904, Third_Party_Dependant_For_Conne:null, Latitude:-26.040606, Longitude:28.013525]], [attributes:[Precincts:Bryanston Extension, Quickbase_Status:Completed, QBRecordID:1900, Third_Party_Dependant_For_Conne:null, Latitude:-26.040243, Longitude:28.011772]], [attributes:[Precincts:Bryanston Extension, Quickbase_Status:Completed, QBRecordID:1902, Third_Party_Dependant_For_Conne:null, Latitude:-26.040659, Longitude:28.011404]], [attributes:[Precincts:Morningside, Quickbase_Status:Completed, QBRecordID:1395, Third_Party_Dependant_For_Conne:null, Latitude:-26.073824, Longitude:28.065453]], [attributes:[Precincts:Morningside, Quickbase_Status:Completed, QBRecordID:1397, Third_Party_Dependant_For_Conne:null, Latitude:-26.073298, Longitude:28.065784]], [attributes:[Precincts:Sandton Phase 3, Quickbase_Status:Completed, QBRecordID:3934, Third_Party_Dependant_For_Conne:null, Latitude:-26.102747, Longitude:28.056307]], [attributes:[Precincts:Sandton Phase 3, Quickbase_Status:Completed, QBRecordID:2944, Third_Party_Dependant_For_Conne:null, Latitude:-26.105701, Longitude:28.060457]], [attributes:[Precincts:Tygervalley, Quickbase_Status:Completed, QBRecordID:2578, Third_Party_Dependant_For_Conne:null, Latitude:-33.877956, Longitude:18.636856]], [attributes:[Precincts:Tygervalley, Quickbase_Status:Completed, QBRecordID:2577, Third_Party_Dependant_For_Conne:null, Latitude:-33.878113, Longitude:18.63681]], [attributes:[Precincts:Tygervalley, Quickbase_Status:Completed, QBRecordID:2567, Third_Party_Dependant_For_Conne:null, Latitude:-33.883503, Longitude:18.635534]], [attributes:[Precincts:Tygervalley, Quickbase_Status:Planned, QBRecordID:4004, Third_Party_Dependant_For_Conne:null, Latitude:-33.88289, Longitude:18.636496]], [attributes:[Precincts:Westlake, Quickbase_Status:Completed, QBRecordID:1820, Third_Party_Dependant_For_Conne:null, Latitude:-34.076885, Longitude:18.436445]], [attributes:[Precincts:Westlake, Quickbase_Status:Completed, QBRecordID:1243, Third_Party_Dependant_For_Conne:null, Latitude:-34.079166, Longitude:18.440453]], [attributes:[Precincts:Westlake, Quickbase_Status:Partial Build Completed, QBRecordID:1239, Third_Party_Dependant_For_Conne:null, Latitude:-34.07903, Longitude:18.439991]], [attributes:[Precincts:Westlake, Quickbase_Status:Completed, QBRecordID:1212, Third_Party_Dependant_For_Conne:null, Latitude:-34.0787, Longitude:18.436296]], [attributes:[Precincts:Westlake, Quickbase_Status:Completed, QBRecordID:1818, Third_Party_Dependant_For_Conne:null, Latitude:-34.07811, Longitude:18.435837]], [attributes:[Precincts:Westlake, Quickbase_Status:Completed, QBRecordID:1811, Third_Party_Dependant_For_Conne:null, Latitude:-34.07822, Longitude:18.438814]], [attributes:[Precincts:Centurion Gautrain Station, Quickbase_Status:Completed, QBRecordID:2300, Third_Party_Dependant_For_Conne:null, Latitude:-25.853487, Longitude:28.195784]], [attributes:[Precincts:Centurion Gautrain Station, Quickbase_Status:Completed, QBRecordID:2290, Third_Party_Dependant_For_Conne:null, Latitude:-25.853943, Longitude:28.190182]], [attributes:[Precincts:Centurion Gautrain Station, Quickbase_Status:Completed, QBRecordID:2291, Third_Party_Dependant_For_Conne:null, Latitude:-25.854448, Longitude:28.190132]], [attributes:[Precincts:Rivonia North, Quickbase_Status:Completed, QBRecordID:413, Third_Party_Dependant_For_Conne:null, Latitude:-26.042513, Longitude:28.057589]], [attributes:[Precincts:Rivonia North, Quickbase_Status:Completed, QBRecordID:414, Third_Party_Dependant_For_Conne:null, Latitude:-26.042145, Longitude:28.05781]], [attributes:[Precincts:Rivonia North, Quickbase_Status:Completed, QBRecordID:1419, Third_Party_Dependant_For_Conne:null, Latitude:-26.041605, Longitude:28.061245]], [attributes:[Precincts:Woodlands Office Park, Quickbase_Status:Completed, QBRecordID:1634, Third_Party_Dependant_For_Conne:null, Latitude:-26.062277, Longitude:28.087145]], [attributes:[Precincts:Woodlands Office Park, Quickbase_Status:Completed, QBRecordID:1635, Third_Party_Dependant_For_Conne:null, Latitude:-26.06244, Longitude:28.086178]], [attributes:[Precincts:Woodlands Office Park, Quickbase_Status:Completed, QBRecordID:1636, Third_Party_Dependant_For_Conne:null, Latitude:-26.062328, Longitude:28.085508]], [attributes:[Precincts:Woodlands Office Park, Quickbase_Status:Completed, QBRecordID:1646, Third_Party_Dependant_For_Conne:null, Latitude:-26.059145, Longitude:28.087345]], [attributes:[Precincts:Woodlands Office Park, Quickbase_Status:Completed, QBRecordID:1647, Third_Party_Dependant_For_Conne:null, Latitude:-26.05842, Longitude:28.086994]], [attributes:[Precincts:Bruma Lake, Quickbase_Status:Completed, QBRecordID:1541, Third_Party_Dependant_For_Conne:null, Latitude:-26.178778, Longitude:28.112518]], [attributes:[Precincts:Bruma Lake, Quickbase_Status:Planned, QBRecordID:4010, Third_Party_Dependant_For_Conne:null, Latitude:-26.18016, Longitude:28.106987]], [attributes:[Precincts:Bruma Lake, Quickbase_Status:Completed, QBRecordID:972, Third_Party_Dependant_For_Conne:null, Latitude:-26.182539, Longitude:28.106707]], [attributes:[Precincts:Charles Crescent, Quickbase_Status:Completed, QBRecordID:1632, Third_Party_Dependant_For_Conne:null, Latitude:-26.09429, Longitude:28.083904]], [attributes:[Precincts:Central Street, Quickbase_Status:Completed, QBRecordID:845, Third_Party_Dependant_For_Conne:null, Latitude:-26.160757, Longitude:28.057938]], [attributes:[Precincts:Sandton Phase 2, Quickbase_Status:Completed, QBRecordID:2937, Third_Party_Dependant_For_Conne:null, Latitude:-26.10731, Longitude:28.049913]], [attributes:[Precincts:Sandton Phase 3, Quickbase_Status:Completed, QBRecordID:2946, Third_Party_Dependant_For_Conne:null, Latitude:-26.105055, Longitude:28.055525]], [attributes:[Precincts:Sandton Phase 2, Quickbase_Status:Completed, QBRecordID:3912, Third_Party_Dependant_For_Conne:null, Latitude:-26.108482, Longitude:28.048977]], [attributes:[Precincts:Arden Grove, Quickbase_Status:Completed, QBRecordID:1605, Third_Party_Dependant_For_Conne:null, Latitude:-33.86585, Longitude:18.512522]], [attributes:[Precincts:Arden Grove, Quickbase_Status:Planned, QBRecordID:1600, Third_Party_Dependant_For_Conne:null, Latitude:-33.868595, Longitude:18.511385]], [attributes:[Precincts:Arden Grove, Quickbase_Status:Completed, QBRecordID:1579, Third_Party_Dependant_For_Conne:null, Latitude:-33.867374, Longitude:18.512865]], [attributes:[Precincts:CPT CBD Phase 01, Quickbase_Status:Completed, QBRecordID:3056, Third_Party_Dependant_For_Conne:null, Latitude:-33.91699, Longitude:18.42345]], [attributes:[Precincts:Rosebank Phase 2, Quickbase_Status:Completed, QBRecordID:3825, Third_Party_Dependant_For_Conne:null, Latitude:-26.145554, Longitude:28.040709]], [attributes:[Precincts:Rosebank Phase 1, Quickbase_Status:Completed, QBRecordID:2971, Third_Party_Dependant_For_Conne:null, Latitude:-26.143456, Longitude:28.037672]], [attributes:[Precincts:Rosebank Phase 2, Quickbase_Status:Completed, QBRecordID:2929, Third_Party_Dependant_For_Conne:null, Latitude:-26.14236, Longitude:28.040071]], [attributes:[Precincts:Witch-Hazel, Quickbase_Status:Completed, QBRecordID:1274, Third_Party_Dependant_For_Conne:null, Latitude:-25.875225, Longitude:28.18136]], [attributes:[Precincts:Rosebank Phase 2, Quickbase_Status:Planned, QBRecordID:4063, Third_Party_Dependant_For_Conne:null, Latitude:-26.147928, Longitude:28.037872]], [attributes:[Precincts:Steenberg, Quickbase_Status:Completed, QBRecordID:2535, Third_Party_Dependant_For_Conne:null, Latitude:-34.081024, Longitude:18.434025]], [attributes:[Precincts:Steenberg, Quickbase_Status:Completed, QBRecordID:2529, Third_Party_Dependant_For_Conne:null, Latitude:-34.08003, Longitude:18.433584]], [attributes:[Precincts:Steenberg, Quickbase_Status:Completed, QBRecordID:2527, Third_Party_Dependant_For_Conne:null, Latitude:-34.082012, Longitude:18.438803]], [attributes:[Precincts:Steenberg, Quickbase_Status:Completed, QBRecordID:2528, Third_Party_Dependant_For_Conne:null, Latitude:-34.08134, Longitude:18.43969]], [attributes:[Precincts:Arden Grove, Quickbase_Status:Completed, QBRecordID:3391, Third_Party_Dependant_For_Conne:null, Latitude:-33.865463, Longitude:18.513065]], [attributes:[Precincts:Sandton Phase 1, Quickbase_Status:Completed, QBRecordID:4178, Third_Party_Dependant_For_Conne:null, Latitude:-26.102957, Longitude:28.054138]], [attributes:[Precincts:Richards Drive, Quickbase_Status:Completed, QBRecordID:4241, Third_Party_Dependant_For_Conne:null, Latitude:-26.010963, Longitude:28.122746]], [attributes:[Precincts:James Crescent, Quickbase_Status:Planned, QBRecordID:2269, Third_Party_Dependant_For_Conne:null, Latitude:-26.010618, Longitude:28.123932]], [attributes:[Precincts:James Crescent, Quickbase_Status:WIP, QBRecordID:2139, Third_Party_Dependant_For_Conne:null, Latitude:-26.008764, Longitude:28.124651]], [attributes:[Precincts:James Crescent, Quickbase_Status:Completed, QBRecordID:2183, Third_Party_Dependant_For_Conne:null, Latitude:-26.007515, Longitude:28.123901]], [attributes:[Precincts:Ingersol, Quickbase_Status:Completed, QBRecordID:2362, Third_Party_Dependant_For_Conne:null, Latitude:-25.783775, Longitude:28.278332]], [attributes:[Precincts:Ingersol, Quickbase_Status:Completed, QBRecordID:70431, Third_Party_Dependant_For_Conne:null, Latitude:-25.780855, Longitude:28.277462]], [attributes:[Precincts:Ingersol, Quickbase_Status:Completed, QBRecordID:2367, Third_Party_Dependant_For_Conne:null, Latitude:-25.784992, Longitude:28.277763]], [attributes:[Precincts:James Crescent, Quickbase_Status:Completed, QBRecordID:4112, Third_Party_Dependant_For_Conne:null, Latitude:-26.005442, Longitude:28.128117]], [attributes:[Precincts:James Crescent, Quickbase_Status:Completed, QBRecordID:4111, Third_Party_Dependant_For_Conne:null, Latitude:-26.004253, Longitude:28.128883]], [attributes:[Precincts:James Crescent, Quickbase_Status:Completed, QBRecordID:4242, Third_Party_Dependant_For_Conne:null, Latitude:-26.00441, Longitude:28.128624]], [attributes:[Precincts:Hatfield (Phase 3), Quickbase_Status:Completed, QBRecordID:3467, Third_Party_Dependant_For_Conne:null, Latitude:-25.744644, Longitude:28.24385]], [attributes:[Precincts:Hatfield (Phase 3), Quickbase_Status:Completed, QBRecordID:3469, Third_Party_Dependant_For_Conne:null, Latitude:-25.745377, Longitude:28.243254]], [attributes:[Precincts:Hatfield (Phase 3), Quickbase_Status:Completed, QBRecordID:2984, Third_Party_Dependant_For_Conne:null, Latitude:-25.743662, Longitude:28.245077]], [attributes:[Precincts:Richards Drive, Quickbase_Status:WIP, QBRecordID:2676, Third_Party_Dependant_For_Conne:null, Latitude:-26.014029, Longitude:28.12251]], [attributes:[Precincts:Umhlanga (Phase 3), Quickbase_Status:Completed, QBRecordID:5936, Third_Party_Dependant_For_Conne:null, Latitude:-29.746414, Longitude:31.068619]], [attributes:[Precincts:Hyde Park, Quickbase_Status:Planned, QBRecordID:4105, Third_Party_Dependant_For_Conne:null, Latitude:-26.123465, Longitude:28.031551]], [attributes:[Precincts:Sandton Phase 2, Quickbase_Status:Completed, QBRecordID:4025, Third_Party_Dependant_For_Conne:null, Latitude:-26.103575, Longitude:28.055899]], [attributes:[Precincts:Sandton Phase 2, Quickbase_Status:Completed, QBRecordID:4179, Third_Party_Dependant_For_Conne:null, Latitude:-26.10427, Longitude:28.047802]], [attributes:[Precincts:Sandton Phase 2, Quickbase_Status:Completed, QBRecordID:4042, Third_Party_Dependant_For_Conne:null, Latitude:-26.104195, Longitude:28.048843]], [attributes:[Precincts:Sandton Phase 1, Quickbase_Status:Completed, QBRecordID:2900, Third_Party_Dependant_For_Conne:null, Latitude:-26.102402, Longitude:28.050917]], [attributes:[Precincts:Sandton Phase 1, Quickbase_Status:Completed, QBRecordID:2899, Third_Party_Dependant_For_Conne:null, Latitude:-26.102858, Longitude:28.051386]], [attributes:[Precincts:Sandton Phase 2, Quickbase_Status:Completed, QBRecordID:2935, Third_Party_Dependant_For_Conne:null, Latitude:-26.104496, Longitude:28.049837]], [attributes:[Precincts:Bryanston Extension, Quickbase_Status:Completed, QBRecordID:1892, Third_Party_Dependant_For_Conne:null, Latitude:-26.041246, Longitude:28.013819]], [attributes:[Precincts:Bryanston Extension, Quickbase_Status:Completed, QBRecordID:1877, Third_Party_Dependant_For_Conne:null, Latitude:-26.044416, Longitude:28.017008]], [attributes:[Precincts:Oak Avenue, Quickbase_Status:Planned, QBRecordID:517, Third_Party_Dependant_For_Conne:null, Latitude:-26.099134, Longitude:28.000807]], [attributes:[Precincts:Oak Avenue, Quickbase_Status:Completed, QBRecordID:519, Third_Party_Dependant_For_Conne:null, Latitude:-26.098991, Longitude:28.001673]], [attributes:[Precincts:Hatfield (Phase 3), Quickbase_Status:Planned, QBRecordID:3486, Third_Party_Dependant_For_Conne:null, Latitude:-25.74221, Longitude:28.241493]], [attributes:[Precincts:Hatfield (Phase 3), Quickbase_Status:Planned, QBRecordID:3488, Third_Party_Dependant_For_Conne:null, Latitude:-25.74258, Longitude:28.240097]], [attributes:[Precincts:Kent, Quickbase_Status:Completed, QBRecordID:1424, Third_Party_Dependant_For_Conne:null, Latitude:-26.100227, Longitude:27.998951]], [attributes:[Precincts:Morningside, Quickbase_Status:Planned, QBRecordID:3918, Third_Party_Dependant_For_Conne:null, Latitude:-26.080126, Longitude:28.062248]], [attributes:[Precincts:Kent, Quickbase_Status:Completed, QBRecordID:734, Third_Party_Dependant_For_Conne:null, Latitude:-26.100088, Longitude:27.998718]], [attributes:[Precincts:Kent, Quickbase_Status:Completed, QBRecordID:735, Third_Party_Dependant_For_Conne:null, Latitude:-26.100113, Longitude:27.998903]], [attributes:[Precincts:Kent, Quickbase_Status:Completed, QBRecordID:558, Third_Party_Dependant_For_Conne:null, Latitude:-26.094217, Longitude:27.99967]], [attributes:[Precincts:Kent, Quickbase_Status:Completed, QBRecordID:581, Third_Party_Dependant_For_Conne:null, Latitude:-26.097984, Longitude:27.998238]], [attributes:[Precincts:Kent, Quickbase_Status:Completed, QBRecordID:555, Third_Party_Dependant_For_Conne:null, Latitude:-26.095613, Longitude:28.000515]], [attributes:[Precincts:Sandton Phase 1, Quickbase_Status:Planned, QBRecordID:4165, Third_Party_Dependant_For_Conne:null, Latitude:-26.099428, Longitude:28.052847]], [attributes:[Precincts:Sandton Phase 1, Quickbase_Status:Completed, QBRecordID:4163, Third_Party_Dependant_For_Conne:null, Latitude:-26.098755, Longitude:28.05356]], [attributes:[Precincts:Sandton Phase 1, Quickbase_Status:Completed, QBRecordID:4164, Third_Party_Dependant_For_Conne:null, Latitude:-26.09918, Longitude:28.0538]], [attributes:[Precincts:James Crescent, Quickbase_Status:Completed, QBRecordID:4243, Third_Party_Dependant_For_Conne:null, Latitude:-26.004566, Longitude:28.128355]], [attributes:[Precincts:Persequor Park, Quickbase_Status:Completed, QBRecordID:4666, Third_Party_Dependant_For_Conne:null, Latitude:-25.746222, Longitude:28.27374]], [attributes:[Precincts:Persequor Park, Quickbase_Status:Completed, QBRecordID:5110, Third_Party_Dependant_For_Conne:null, Latitude:-25.746347, Longitude:28.273193]], [attributes:[Precincts:Persequor Park, Quickbase_Status:Completed, QBRecordID:4603, Third_Party_Dependant_For_Conne:null, Latitude:-25.74277, Longitude:28.27694]], [attributes:[Precincts:Persequor Park, Quickbase_Status:Completed, QBRecordID:4604, Third_Party_Dependant_For_Conne:null, Latitude:-25.742117, Longitude:28.276907]], [attributes:[Precincts:Persequor Park, Quickbase_Status:Completed, QBRecordID:4621, Third_Party_Dependant_For_Conne:null, Latitude:-25.744074, Longitude:28.272573]], [attributes:[Precincts:Persequor Park, Quickbase_Status:Completed, QBRecordID:5118, Third_Party_Dependant_For_Conne:null, Latitude:-25.74434, Longitude:28.272495]], [attributes:[Precincts:Persequor Park, Quickbase_Status:Completed, QBRecordID:5117, Third_Party_Dependant_For_Conne:null, Latitude:-25.744215, Longitude:28.272526]], [attributes:[Precincts:Persequor Park, Quickbase_Status:Completed, QBRecordID:5126, Third_Party_Dependant_For_Conne:null, Latitude:-25.744253, Longitude:28.272802]], [attributes:[Precincts:Persequor Park, Quickbase_Status:Completed, QBRecordID:5128, Third_Party_Dependant_For_Conne:null, Latitude:-25.744268, Longitude:28.272655]], [attributes:[Precincts:Persequor Park, Quickbase_Status:Completed, QBRecordID:4645, Third_Party_Dependant_For_Conne:null, Latitude:-25.745565, Longitude:28.274994]], [attributes:[Precincts:Persequor Park, Quickbase_Status:Completed, QBRecordID:4630, Third_Party_Dependant_For_Conne:null, Latitude:-25.74477, Longitude:28.274658]], [attributes:[Precincts:Persequor Park, Quickbase_Status:Completed, QBRecordID:4644, Third_Party_Dependant_For_Conne:null, Latitude:-25.745085, Longitude:28.275028]], [attributes:[Precincts:Persequor Park, Quickbase_Status:Planned, QBRecordID:4615, Third_Party_Dependant_For_Conne:null, Latitude:-25.742813, Longitude:28.273127]], [attributes:[Precincts:Persequor Park, Quickbase_Status:Completed, QBRecordID:4650, Third_Party_Dependant_For_Conne:null, Latitude:-25.747076, Longitude:28.272936]], [attributes:[Precincts:Persequor Park, Quickbase_Status:Completed, QBRecordID:4651, Third_Party_Dependant_For_Conne:null, Latitude:-25.74728, Longitude:28.273003]], [attributes:[Precincts:Persequor Park, Quickbase_Status:Completed, QBRecordID:4662, Third_Party_Dependant_For_Conne:null, Latitude:-25.74591, Longitude:28.273651]], [attributes:[Precincts:Persequor Park, Quickbase_Status:Completed, QBRecordID:5204, Third_Party_Dependant_For_Conne:null, Latitude:-25.743986, Longitude:28.271723]], [attributes:[Precincts:Persequor Park, Quickbase_Status:Completed, QBRecordID:4620, Third_Party_Dependant_For_Conne:null, Latitude:-25.743341, Longitude:28.27407]], [attributes:[Precincts:Persequor Park, Quickbase_Status:Completed, QBRecordID:18372, Third_Party_Dependant_For_Conne:null, Latitude:-25.743557, Longitude:28.274426]], [attributes:[Precincts:Persequor Park, Quickbase_Status:Completed, QBRecordID:5201, Third_Party_Dependant_For_Conne:null, Latitude:-25.74357, Longitude:28.274097]], [attributes:[Precincts:Persequor Park, Quickbase_Status:Completed, QBRecordID:5206, Third_Party_Dependant_For_Conne:null, Latitude:-25.744177, Longitude:28.272078]], [attributes:[Precincts:Waterfall Office Park, Quickbase_Status:Planned, QBRecordID:4895, Third_Party_Dependant_For_Conne:null, Latitude:-26.01265, Longitude:28.112482]], [attributes:[Precincts:Waterfall Office Park, Quickbase_Status:Completed, QBRecordID:4894, Third_Party_Dependant_For_Conne:null, Latitude:-26.011005, Longitude:28.11063]], [attributes:[Precincts:Waterfall Office Park, Quickbase_Status:Planned, QBRecordID:4896, Third_Party_Dependant_For_Conne:null, Latitude:-26.013144, Longitude:28.112434]], [attributes:[Precincts:Waterfall Office Park, Quickbase_Status:Planned, QBRecordID:4900, Third_Party_Dependant_For_Conne:null, Latitude:-26.011942, Longitude:28.112936]], [attributes:[Precincts:Waterfall Office Park, Quickbase_Status:Planned, QBRecordID:4901, Third_Party_Dependant_For_Conne:null, Latitude:-26.011547, Longitude:28.113497]], [attributes:[Precincts:Waterfall Office Park, Quickbase_Status:Completed, QBRecordID:4897, Third_Party_Dependant_For_Conne:null, Latitude:-26.012278, Longitude:28.112892]], [attributes:[Precincts:Waterfall Office Park, Quickbase_Status:Completed, QBRecordID:5788, Third_Party_Dependant_For_Conne:Yes, Latitude:-26.012926, Longitude:28.116135]], [attributes:[Precincts:Waterfall Office Park, Quickbase_Status:Completed, QBRecordID:4910, Third_Party_Dependant_For_Conne:null, Latitude:-26.01181, Longitude:28.115997]], [attributes:[Precincts:Waterfall Office Park, Quickbase_Status:Completed, QBRecordID:4912, Third_Party_Dependant_For_Conne:null, Latitude:-26.01235, Longitude:28.116394]], [attributes:[Precincts:Waterfall Office Park, Quickbase_Status:Completed, QBRecordID:4911, Third_Party_Dependant_For_Conne:null, Latitude:-26.011415, Longitude:28.116196]], [attributes:[Precincts:Waterfall Office Park, Quickbase_Status:Completed, QBRecordID:4913, Third_Party_Dependant_For_Conne:null, Latitude:-26.01182, Longitude:28.1167]], [attributes:[Precincts:Waterfall Office Park, Quickbase_Status:Completed, QBRecordID:4922, Third_Party_Dependant_For_Conne:null, Latitude:-26.006199, Longitude:28.116196]], [attributes:[Precincts:Waterfall Office Park, Quickbase_Status:Completed, QBRecordID:4921, Third_Party_Dependant_For_Conne:null, Latitude:-26.005789, Longitude:28.115732]], [attributes:[Precincts:Waterfall Office Park, Quickbase_Status:Completed, QBRecordID:4924, Third_Party_Dependant_For_Conne:null, Latitude:-26.007177, Longitude:28.115448]], [attributes:[Precincts:Waterfall Office Park, Quickbase_Status:Completed, QBRecordID:4925, Third_Party_Dependant_For_Conne:null, Latitude:-26.007637, Longitude:28.115334]], [attributes:[Precincts:Waterfall Office Park, Quickbase_Status:Planned, QBRecordID:5793, Third_Party_Dependant_For_Conne:Yes, Latitude:-26.013395, Longitude:28.113194]], [attributes:[Precincts:Richards Drive, Quickbase_Status:Completed, QBRecordID:2430, Third_Party_Dependant_For_Conne:null, Latitude:-26.012632, Longitude:28.125113]], [attributes:[Precincts:Witch-Hazel, Quickbase_Status:Completed, QBRecordID:4110, Third_Party_Dependant_For_Conne:null, Latitude:-25.87356, Longitude:28.181498]], [attributes:[Precincts:Richards Drive, Quickbase_Status:Completed, QBRecordID:2457, Third_Party_Dependant_For_Conne:null, Latitude:-26.015005, Longitude:28.12215]], [attributes:[Precincts:Richards Drive, Quickbase_Status:Completed, QBRecordID:2458, Third_Party_Dependant_For_Conne:null, Latitude:-26.015448, Longitude:28.122822]], [attributes:[Precincts:Richards Drive, Quickbase_Status:Completed, QBRecordID:2435, Third_Party_Dependant_For_Conne:null, Latitude:-26.012741, Longitude:28.124073]], [attributes:[Precincts:Richards Drive, Quickbase_Status: , QBRecordID:2449, Third_Party_Dependant_For_Conne:null, Latitude:-26.014359, Longitude:28.12549]], [attributes:[Precincts:Eaton, Quickbase_Status:Completed, QBRecordID:225, Third_Party_Dependant_For_Conne:null, Latitude:-26.047472, Longitude:28.021976]], [attributes:[Precincts:Eaton, Quickbase_Status:Completed, QBRecordID:224, Third_Party_Dependant_For_Conne:null, Latitude:-26.043255, Longitude:28.020311]], [attributes:[Precincts:Eaton, Quickbase_Status:Completed, QBRecordID:212, Third_Party_Dependant_For_Conne:null, Latitude:-26.04656, Longitude:28.022182]], [attributes:[Precincts:Albury, Quickbase_Status:Completed, QBRecordID:280, Third_Party_Dependant_For_Conne:null, Latitude:-26.126736, Longitude:28.03146]], [attributes:[Precincts:Arnold, Quickbase_Status:Completed, QBRecordID:265, Third_Party_Dependant_For_Conne:null, Latitude:-26.148083, Longitude:28.041716]], [attributes:[Precincts:Arnold, Quickbase_Status:Completed, QBRecordID:262, Third_Party_Dependant_For_Conne:null, Latitude:-26.148046, Longitude:28.04211]], [attributes:[Precincts:Homestead, Quickbase_Status:Completed, QBRecordID:250, Third_Party_Dependant_For_Conne:null, Latitude:-26.043768, Longitude:28.05813]], [attributes:[Precincts:Homestead, Quickbase_Status:Completed, QBRecordID:251, Third_Party_Dependant_For_Conne:null, Latitude:-26.043955, Longitude:28.059305]], [attributes:[Precincts:Homestead, Quickbase_Status:Completed, QBRecordID:252, Third_Party_Dependant_For_Conne:null, Latitude:-26.044357, Longitude:28.059233]], [attributes:[Precincts:Georgian Crescent, Quickbase_Status:Completed, QBRecordID:309, Third_Party_Dependant_For_Conne:null, Latitude:-26.04006, Longitude:28.014725]], [attributes:[Precincts:Homestead, Quickbase_Status:Completed, QBRecordID:242, Third_Party_Dependant_For_Conne:null, Latitude:-26.047073, Longitude:28.057259]], [attributes:[Precincts:Georgian Crescent, Quickbase_Status:Completed, QBRecordID:306, Third_Party_Dependant_For_Conne:null, Latitude:-26.038849, Longitude:28.015316]], [attributes:[Precincts:Impala, Quickbase_Status:Completed, QBRecordID:176, Third_Party_Dependant_For_Conne:null, Latitude:-26.117853, Longitude:28.050356]], [attributes:[Precincts:Impala, Quickbase_Status:Completed, QBRecordID:149, Third_Party_Dependant_For_Conne:null, Latitude:-26.11592, Longitude:28.050566]], [attributes:[Precincts:Georgian Crescent, Quickbase_Status:Completed, QBRecordID:329, Third_Party_Dependant_For_Conne:null, Latitude:-26.038702, Longitude:28.017315]], [attributes:[Precincts:Georgian Crescent, Quickbase_Status:Completed, QBRecordID:327, Third_Party_Dependant_For_Conne:null, Latitude:-26.038853, Longitude:28.016327]], [attributes:[Precincts:Mellis, Quickbase_Status:Completed, QBRecordID:298, Third_Party_Dependant_For_Conne:null, Latitude:-26.044336, Longitude:28.057196]], [attributes:[Precincts:Mellis, Quickbase_Status:Completed, QBRecordID:296, Third_Party_Dependant_For_Conne:null, Latitude:-26.045218, Longitude:28.056957]], [attributes:[Precincts:Oxford Road, Quickbase_Status:Completed, QBRecordID:687, Third_Party_Dependant_For_Conne:null, Latitude:-26.130762, Longitude:28.048864]], [attributes:[Precincts:Oxford Road, Quickbase_Status:Completed, QBRecordID:688, Third_Party_Dependant_For_Conne:null, Latitude:-26.130447, Longitude:28.048956]], [attributes:[Precincts:Oxford Road, Quickbase_Status:Completed, QBRecordID:510, Third_Party_Dependant_For_Conne:null, Latitude:-26.129936, Longitude:28.048729]], [attributes:[Precincts:Arnold, Quickbase_Status:Completed, QBRecordID:270, Third_Party_Dependant_For_Conne:null, Latitude:-26.148895, Longitude:28.04212]], [attributes:[Precincts:Fricker, Quickbase_Status:Completed, QBRecordID:124, Third_Party_Dependant_For_Conne:null, Latitude:-26.133547, Longitude:28.046213]], [attributes:[Precincts:Fricker, Quickbase_Status:Completed, QBRecordID:123, Third_Party_Dependant_For_Conne:null, Latitude:-26.133715, Longitude:28.04708]], [attributes:[Precincts:Katherine Extension, Quickbase_Status:Completed, QBRecordID:1324, Third_Party_Dependant_For_Conne:null, Latitude:-26.099447, Longitude:28.07491]], [attributes:[Precincts:Katherine Extension, Quickbase_Status:Completed, QBRecordID:1326, Third_Party_Dependant_For_Conne:null, Latitude:-26.100346, Longitude:28.075022]], [attributes:[Precincts:Katherine Extension, Quickbase_Status:Completed, QBRecordID:1336, Third_Party_Dependant_For_Conne:null, Latitude:-26.105158, Longitude:28.069292]], [attributes:[Precincts:Kent, Quickbase_Status:Completed, QBRecordID:551, Third_Party_Dependant_For_Conne:null, Latitude:-26.097006, Longitude:28.000292]], [attributes:[Precincts:Oak Avenue, Quickbase_Status:Completed, QBRecordID:670, Third_Party_Dependant_For_Conne:null, Latitude:-26.100208, Longitude:28.000269]], [attributes:[Precincts:Oak Avenue, Quickbase_Status:Completed, QBRecordID:674, Third_Party_Dependant_For_Conne:null, Latitude:-26.100403, Longitude:28.000217]], [attributes:[Precincts:Oak Avenue, Quickbase_Status:Completed, QBRecordID:682, Third_Party_Dependant_For_Conne:null, Latitude:-26.100166, Longitude:28.000088]], [attributes:[Precincts:Ashley Gardens, Quickbase_Status:Completed, QBRecordID:2649, Third_Party_Dependant_For_Conne:null, Latitude:-25.782576, Longitude:28.265373]], [attributes:[Precincts:Ashley Gardens, Quickbase_Status:Completed, QBRecordID:2656, Third_Party_Dependant_For_Conne:null, Latitude:-25.782402, Longitude:28.264105]], [attributes:[Precincts:Ashley Gardens, Quickbase_Status:Completed, QBRecordID:2642, Third_Party_Dependant_For_Conne:null, Latitude:-25.783792, Longitude:28.263523]], [attributes:[Precincts:Ashley Gardens, Quickbase_Status:Completed, QBRecordID:2643, Third_Party_Dependant_For_Conne:null, Latitude:-25.7845, Longitude:28.265638]], [attributes:[Precincts:Ashley Gardens, Quickbase_Status:Completed, QBRecordID:2644, Third_Party_Dependant_For_Conne:null, Latitude:-25.784786, Longitude:28.265486]], [attributes:[Precincts:Ashley Gardens, Quickbase_Status:Completed, QBRecordID:2640, Third_Party_Dependant_For_Conne:null, Latitude:-25.78424, Longitude:28.266632]], [attributes:[Precincts:Route 21 Office Park, Quickbase_Status:Planned, QBRecordID:2086, Third_Party_Dependant_For_Conne:null, Latitude:-25.862795, Longitude:28.257465]], [attributes:[Precincts:Richards Drive, Quickbase_Status:Completed, QBRecordID:2469, Third_Party_Dependant_For_Conne:null, Latitude:-26.011547, Longitude:28.12285]], [attributes:[Precincts:Richards Drive, Quickbase_Status:Completed, QBRecordID:2429, Third_Party_Dependant_For_Conne:null, Latitude:-26.016933, Longitude:28.120222]], [attributes:[Precincts:Richards Drive, Quickbase_Status:Completed, QBRecordID:2471, Third_Party_Dependant_For_Conne:null, Latitude:-26.016764, Longitude:28.121012]], [attributes:[Precincts:Muswell, Quickbase_Status:Completed, QBRecordID:181, Third_Party_Dependant_For_Conne:null, Latitude:-26.054052, Longitude:28.02312]], [attributes:[Precincts:Muswell, Quickbase_Status:Completed, QBRecordID:71041, Third_Party_Dependant_For_Conne:null, Latitude:-26.050514, Longitude:28.02346]], [attributes:[Precincts:Muswell, Quickbase_Status:Completed, QBRecordID:202, Third_Party_Dependant_For_Conne:null, Latitude:-26.048857, Longitude:28.022831]], [attributes:[Precincts:TechnoPark, Quickbase_Status:Completed, QBRecordID:799, Third_Party_Dependant_For_Conne:null, Latitude:-33.964012, Longitude:18.839752]], [attributes:[Precincts:TechnoPark, Quickbase_Status:Completed, QBRecordID:1780, Third_Party_Dependant_For_Conne:null, Latitude:-33.96524, Longitude:18.83536]], [attributes:[Precincts:TechnoPark, Quickbase_Status:Completed, QBRecordID:750, Third_Party_Dependant_For_Conne:null, Latitude:-33.965527, Longitude:18.836159]], [attributes:[Precincts:TechnoPark, Quickbase_Status:Completed, QBRecordID:764, Third_Party_Dependant_For_Conne:null, Latitude:-33.965244, Longitude:18.836767]], [attributes:[Precincts:TechnoPark, Quickbase_Status:Completed, QBRecordID:765, Third_Party_Dependant_For_Conne:null, Latitude:-33.96493, Longitude:18.83658]], [attributes:[Precincts:TechnoPark, Quickbase_Status:Completed, QBRecordID:766, Third_Party_Dependant_For_Conne:null, Latitude:-33.964493, Longitude:18.836868]], [attributes:[Precincts:Western Services, Quickbase_Status:Completed, QBRecordID:2509, Third_Party_Dependant_For_Conne:null, Latitude:-26.057232, Longitude:28.087227]], [attributes:[Precincts:Western Services, Quickbase_Status:Completed, QBRecordID:2497, Third_Party_Dependant_For_Conne:null, Latitude:-26.060713, Longitude:28.089043]], [attributes:[Precincts:Western Services, Quickbase_Status:Completed, QBRecordID:2680, Third_Party_Dependant_For_Conne:null, Latitude:-26.06035, Longitude:28.088982]], [attributes:[Precincts:Riverview Office Park, Quickbase_Status:Planned, QBRecordID:2339, Third_Party_Dependant_For_Conne:null, Latitude:-26.002142, Longitude:28.120405]], [attributes:[Precincts:Riverview Office Park, Quickbase_Status:Completed, QBRecordID:2340, Third_Party_Dependant_For_Conne:null, Latitude:-26.001787, Longitude:28.12026]], [attributes:[Precincts:Riverview Office Park, Quickbase_Status:Completed, QBRecordID:2623, Third_Party_Dependant_For_Conne:null, Latitude:-25.997753, Longitude:28.119633]], [attributes:[Precincts:Riverview Office Park, Quickbase_Status:Completed, QBRecordID:2624, Third_Party_Dependant_For_Conne:null, Latitude:-25.997347, Longitude:28.120165]], [attributes:[Precincts:Riverview Office Park, Quickbase_Status:Completed, QBRecordID:2669, Third_Party_Dependant_For_Conne:null, Latitude:-25.998594, Longitude:28.12009]], [attributes:[Precincts:Ballyclare (Bally Oakes incl), Quickbase_Status:Completed, QBRecordID:894, Third_Party_Dependant_For_Conne:null, Latitude:-26.074614, Longitude:28.028955]], [attributes:[Precincts:Ballyclare (Bally Oakes incl), Quickbase_Status:Completed, QBRecordID:3961, Third_Party_Dependant_For_Conne:null, Latitude:-26.073267, Longitude:28.031992]], [attributes:[Precincts:Ballyclare (Bally Oakes incl), Quickbase_Status:Completed, QBRecordID:570, Third_Party_Dependant_For_Conne:null, Latitude:-26.073366, Longitude:28.03126]], [attributes:[Precincts:Ballyclare (Bally Oakes incl), Quickbase_Status:Completed, QBRecordID:70459, Third_Party_Dependant_For_Conne:null, Latitude:-26.07366, Longitude:28.030539]], [attributes:[Precincts:Georgian Crescent, Quickbase_Status:Completed, QBRecordID:310, Third_Party_Dependant_For_Conne:null, Latitude:-26.040485, Longitude:28.015388]], [attributes:[Precincts:Georgian Crescent, Quickbase_Status:Completed, QBRecordID:308, Third_Party_Dependant_For_Conne:null, Latitude:-26.039614, Longitude:28.015203]], [attributes:[Precincts:Oberon, Quickbase_Status:Completed, QBRecordID:2317, Third_Party_Dependant_For_Conne:null, Latitude:-25.780802, Longitude:28.28964]], [attributes:[Precincts:Woodmead Estate, Quickbase_Status:Completed, QBRecordID:3949, Third_Party_Dependant_For_Conne:null, Latitude:-26.054321, Longitude:28.088871]], [attributes:[Precincts:Woodmead Estate, Quickbase_Status:Completed, QBRecordID:3950, Third_Party_Dependant_For_Conne:null, Latitude:-26.054426, Longitude:28.089264]], [attributes:[Precincts:Skeen Boulevard, Quickbase_Status:Completed, QBRecordID:1493, Third_Party_Dependant_For_Conne:null, Latitude:-26.177322, Longitude:28.135864]], [attributes:[Precincts:Skeen Boulevard, Quickbase_Status:Completed, QBRecordID:1166, Third_Party_Dependant_For_Conne:null, Latitude:-26.174212, Longitude:28.13286]], [attributes:[Precincts:Rosenpark, Quickbase_Status:Completed, QBRecordID:2722, Third_Party_Dependant_For_Conne:null, Latitude:-33.86859, Longitude:18.640501]], [attributes:[Precincts:Rosenpark, Quickbase_Status:Completed, QBRecordID:2738, Third_Party_Dependant_For_Conne:null, Latitude:-33.871468, Longitude:18.64029]], [attributes:[Precincts:Rosenpark, Quickbase_Status:Completed, QBRecordID:2739, Third_Party_Dependant_For_Conne:null, Latitude:-33.871407, Longitude:18.639923]], [attributes:[Precincts:Rosenpark, Quickbase_Status:Completed, QBRecordID:2758, Third_Party_Dependant_For_Conne:null, Latitude:-33.87027, Longitude:18.640873]], [attributes:[Precincts:Sunninghill, Quickbase_Status:Completed, QBRecordID:372, Third_Party_Dependant_For_Conne:null, Latitude:-26.034521, Longitude:28.063961]], [attributes:[Precincts:Sunninghill, Quickbase_Status:Completed, QBRecordID:366, Third_Party_Dependant_For_Conne:null, Latitude:-26.036165, Longitude:28.06482]], [attributes:[Precincts:Sunninghill, Quickbase_Status:Completed, QBRecordID:651, Third_Party_Dependant_For_Conne:null, Latitude:-26.033539, Longitude:28.068876]], [attributes:[Precincts:Sunninghill, Quickbase_Status:Completed, QBRecordID:590, Third_Party_Dependant_For_Conne:null, Latitude:-26.032412, Longitude:28.067604]], [attributes:[Precincts:Sunninghill, Quickbase_Status:Completed, QBRecordID:657, Third_Party_Dependant_For_Conne:null, Latitude:-26.031763, Longitude:28.066303]], [attributes:[Precincts:Sunninghill, Quickbase_Status:Completed, QBRecordID:600, Third_Party_Dependant_For_Conne:null, Latitude:-26.031675, Longitude:28.067648]], [attributes:[Precincts:Katherine Extension, Quickbase_Status:Completed, QBRecordID:3050, Third_Party_Dependant_For_Conne:null, Latitude:-26.104485, Longitude:28.07169]], [attributes:[Precincts:Katherine Extension, Quickbase_Status:Completed, QBRecordID:1778, Third_Party_Dependant_For_Conne:null, Latitude:-26.103739, Longitude:28.072815]], [attributes:[Precincts:Oak Avenue, Quickbase_Status:Planned, QBRecordID:582, Third_Party_Dependant_For_Conne:null, Latitude:-26.094751, Longitude:28.002499]], [attributes:[Precincts:Oak Avenue, Quickbase_Status:Completed, QBRecordID:659, Third_Party_Dependant_For_Conne:null, Latitude:-26.098717, Longitude:28.002676]], [attributes:[Precincts:Oak Avenue, Quickbase_Status:Completed, QBRecordID:518, Third_Party_Dependant_For_Conne:null, Latitude:-26.099339, Longitude:28.001425]], [attributes:[Precincts:Sandton Phase 1, Quickbase_Status:Completed, QBRecordID:2912, Third_Party_Dependant_For_Conne:null, Latitude:-26.101294, Longitude:28.054113]], [attributes:[Precincts:Sandton Phase 2, Quickbase_Status:Planned, QBRecordID:3914, Third_Party_Dependant_For_Conne:null, Latitude:-26.10205, Longitude:28.053766]], [attributes:[Precincts:Ashley Gardens, Quickbase_Status:Planned, QBRecordID:2634, Third_Party_Dependant_For_Conne:null, Latitude:-25.78359, Longitude:28.26579]], [attributes:[Precincts:Ashley Gardens, Quickbase_Status:Completed, QBRecordID:2635, Third_Party_Dependant_For_Conne:null, Latitude:-25.782799, Longitude:28.264837]], [attributes:[Precincts:Ashley Gardens, Quickbase_Status:Planned, QBRecordID:3431, Third_Party_Dependant_For_Conne:null, Latitude:-25.78424, Longitude:28.264702]], [attributes:[Precincts:Route 21 Office Park, Quickbase_Status:Completed, QBRecordID:1981, Third_Party_Dependant_For_Conne:null, Latitude:-25.861347, Longitude:28.25736]], [attributes:[Precincts:Route 21 Office Park, Quickbase_Status:Planned, QBRecordID:1992, Third_Party_Dependant_For_Conne:null, Latitude:-25.860737, Longitude:28.256922]], [attributes:[Precincts:Route 21 Office Park, Quickbase_Status:Completed, QBRecordID:2071, Third_Party_Dependant_For_Conne:null, Latitude:-25.863523, Longitude:28.255764]], [attributes:[Precincts:Central Park, Quickbase_Status:Completed, QBRecordID:1531, Third_Party_Dependant_For_Conne:null, Latitude:-25.977667, Longitude:28.132624]], [attributes:[Precincts:Central Park, Quickbase_Status:Completed, QBRecordID:1473, Third_Party_Dependant_For_Conne:null, Latitude:-25.980974, Longitude:28.132011]], [attributes:[Precincts:Bryanston Extension, Quickbase_Status:Completed, QBRecordID:2262, Third_Party_Dependant_For_Conne:null, Latitude:-26.050915, Longitude:28.02041]], [attributes:[Precincts:Bryanston Extension, Quickbase_Status:Completed, QBRecordID:1888, Third_Party_Dependant_For_Conne:null, Latitude:-26.043509, Longitude:28.013397]], [attributes:[Precincts:Bryanston Extension, Quickbase_Status:Completed, QBRecordID:1880, Third_Party_Dependant_For_Conne:null, Latitude:-26.045109, Longitude:28.026005]], [attributes:[Precincts:Bryanston Extension, Quickbase_Status:Completed, QBRecordID:1881, Third_Party_Dependant_For_Conne:null, Latitude:-26.045404, Longitude:28.02605]], [attributes:[Precincts:Bryanston Extension, Quickbase_Status:Completed, QBRecordID:1882, Third_Party_Dependant_For_Conne:null, Latitude:-26.0452, Longitude:28.02552]], [attributes:[Precincts:Tygervalley, Quickbase_Status:Completed, QBRecordID:7740, Third_Party_Dependant_For_Conne:null, Latitude:-33.880604, Longitude:18.635883]], [attributes:[Precincts:Tygervalley, Quickbase_Status:Completed, QBRecordID:2591, Third_Party_Dependant_For_Conne:null, Latitude:-33.88112, Longitude:18.635988]], [attributes:[Precincts:Tygervalley, Quickbase_Status:Completed, QBRecordID:2569, Third_Party_Dependant_For_Conne:null, Latitude:-33.88173, Longitude:18.636045]], [attributes:[Precincts:Tygervalley, Quickbase_Status:Completed, QBRecordID:2599, Third_Party_Dependant_For_Conne:null, Latitude:-33.87925, Longitude:18.63652]], [attributes:[Precincts:Tygervalley, Quickbase_Status:Completed, QBRecordID:2607, Third_Party_Dependant_For_Conne:null, Latitude:-33.881973, Longitude:18.634398]], [attributes:[Precincts:Westlake, Quickbase_Status:Completed, QBRecordID:1802, Third_Party_Dependant_For_Conne:null, Latitude:-34.07845, Longitude:18.439657]], [attributes:[Precincts:Westlake, Quickbase_Status:Completed, QBRecordID:1804, Third_Party_Dependant_For_Conne:null, Latitude:-34.07971, Longitude:18.440022]], [attributes:[Precincts:Westlake, Quickbase_Status:Completed, QBRecordID:1828, Third_Party_Dependant_For_Conne:null, Latitude:-34.07901, Longitude:18.436953]], [attributes:[Precincts:Westlake, Quickbase_Status:Completed, QBRecordID:69761, Third_Party_Dependant_For_Conne:null, Latitude:-34.079025, Longitude:18.43656]], [attributes:[Precincts:Westlake, Quickbase_Status:Completed, QBRecordID:1221, Third_Party_Dependant_For_Conne:null, Latitude:-34.077515, Longitude:18.43599]], [attributes:[Precincts:Westlake, Quickbase_Status:Completed, QBRecordID:1827, Third_Party_Dependant_For_Conne:null, Latitude:-34.07938, Longitude:18.437138]], [attributes:[Precincts:Westlake, Quickbase_Status:Completed, QBRecordID:1809, Third_Party_Dependant_For_Conne:null, Latitude:-34.07888, Longitude:18.436749]], [attributes:[Precincts:Wierda Road, Quickbase_Status:Completed, QBRecordID:338, Third_Party_Dependant_For_Conne:null, Latitude:-26.111813, Longitude:28.060537]], [attributes:[Precincts:Wierda Road, Quickbase_Status:Completed, QBRecordID:601, Third_Party_Dependant_For_Conne:null, Latitude:-26.1087, Longitude:28.058342]], [attributes:[Precincts:Centurion Gautrain Station, Quickbase_Status:Planned, QBRecordID:2286, Third_Party_Dependant_For_Conne:null, Latitude:-25.85171, Longitude:28.188221]], [attributes:[Precincts:Centurion Gautrain Station, Quickbase_Status:Planned, QBRecordID:2285, Third_Party_Dependant_For_Conne:null, Latitude:-25.851046, Longitude:28.188166]], [attributes:[Precincts:Rivonia North, Quickbase_Status:Planned, QBRecordID:425, Third_Party_Dependant_For_Conne:null, Latitude:-26.040436, Longitude:28.059683]], [attributes:[Precincts:Rivonia North, Quickbase_Status:Completed, QBRecordID:423, Third_Party_Dependant_For_Conne:null, Latitude:-26.041029, Longitude:28.058844]], [attributes:[Precincts:Rivonia North, Quickbase_Status:Completed, QBRecordID:791, Third_Party_Dependant_For_Conne:null, Latitude:-26.045326, Longitude:28.060408]], [attributes:[Precincts:Rivonia North, Quickbase_Status:Completed, QBRecordID:597, Third_Party_Dependant_For_Conne:null, Latitude:-26.046144, Longitude:28.0598]], [attributes:[Precincts:Sandton Phase 2, Quickbase_Status:Completed, QBRecordID:4039, Third_Party_Dependant_For_Conne:null, Latitude:-26.103643, Longitude:28.050747]], [attributes:[Precincts:Sandton Phase 2, Quickbase_Status:Completed, QBRecordID:4041, Third_Party_Dependant_For_Conne:null, Latitude:-26.104044, Longitude:28.049948]], [attributes:[Precincts:Sandton Phase 2, Quickbase_Status:Planned, QBRecordID:3913, Third_Party_Dependant_For_Conne:null, Latitude:-26.105238, Longitude:28.05103]], [attributes:[Precincts:Sandton Phase 3, Quickbase_Status:Completed, QBRecordID:3827, Third_Party_Dependant_For_Conne:null, Latitude:-26.101404, Longitude:28.060013]], [attributes:[Precincts:Empire Road, Quickbase_Status:Completed, QBRecordID:2481, Third_Party_Dependant_For_Conne:null, Latitude:-26.183067, Longitude:28.022749]], [attributes:[Precincts:George Road, Quickbase_Status:Completed, QBRecordID:1288, Third_Party_Dependant_For_Conne:null, Latitude:-25.964922, Longitude:28.133434]], [attributes:[Precincts:George Road, Quickbase_Status:Completed, QBRecordID:1289, Third_Party_Dependant_For_Conne:null, Latitude:-25.964684, Longitude:28.134151]], [attributes:[Precincts:George Road, Quickbase_Status:Completed, QBRecordID:1357, Third_Party_Dependant_For_Conne:null, Latitude:-25.959269, Longitude:28.13775]], [attributes:[Precincts:George Road, Quickbase_Status:Completed, QBRecordID:1358, Third_Party_Dependant_For_Conne:null, Latitude:-25.963726, Longitude:28.134092]], [attributes:[Precincts:Arden Grove, Quickbase_Status:Completed, QBRecordID:1576, Third_Party_Dependant_For_Conne:null, Latitude:-33.864964, Longitude:18.513725]], [attributes:[Precincts:Arden Grove, Quickbase_Status:Completed, QBRecordID:1577, Third_Party_Dependant_For_Conne:null, Latitude:-33.864815, Longitude:18.514244]], [attributes:[Precincts:Arden Grove, Quickbase_Status:Completed, QBRecordID:1553, Third_Party_Dependant_For_Conne:null, Latitude:-33.86165, Longitude:18.51269]], [attributes:[Precincts:Arden Grove, Quickbase_Status:Completed, QBRecordID:3539, Third_Party_Dependant_For_Conne:null, Latitude:-33.861954, Longitude:18.513374]], [attributes:[Precincts:Arden Grove, Quickbase_Status:Completed, QBRecordID:4080, Third_Party_Dependant_For_Conne:null, Latitude:-33.86191, Longitude:18.51373]], [attributes:[Precincts:Arden Grove, Quickbase_Status:Planned, QBRecordID:3538, Third_Party_Dependant_For_Conne:null, Latitude:-33.86289, Longitude:18.51357]], [attributes:[Precincts:Arden Grove, Quickbase_Status:Completed, QBRecordID:1603, Third_Party_Dependant_For_Conne:null, Latitude:-33.865723, Longitude:18.513155]], [attributes:[Precincts:Richards Drive, Quickbase_Status:Completed, QBRecordID:2466, Third_Party_Dependant_For_Conne:null, Latitude:-26.013378, Longitude:28.124264]], [attributes:[Precincts:Umhlanga (Phase 3), Quickbase_Status:Completed, QBRecordID:2768, Third_Party_Dependant_For_Conne:null, Latitude:-29.741507, Longitude:31.067099]], [attributes:[Precincts:Umhlanga (Phase 3), Quickbase_Status:Completed, QBRecordID:2770, Third_Party_Dependant_For_Conne:null, Latitude:-29.740932, Longitude:31.067537]], [attributes:[Precincts:Umhlanga (Phase 3), Quickbase_Status:Completed, QBRecordID:2769, Third_Party_Dependant_For_Conne:null, Latitude:-29.741325, Longitude:31.067501]], [attributes:[Precincts:Umhlanga (Phase 3), Quickbase_Status:Planned, QBRecordID:2801, Third_Party_Dependant_For_Conne:null, Latitude:-29.74509, Longitude:31.067972]], [attributes:[Precincts:Umhlanga (Phase 3), Quickbase_Status:Planned, QBRecordID:2800, Third_Party_Dependant_For_Conne:null, Latitude:-29.744837, Longitude:31.06788]], [attributes:[Precincts:Umhlanga (Phase 3), Quickbase_Status:Completed, QBRecordID:2786, Third_Party_Dependant_For_Conne:null, Latitude:-29.736444, Longitude:31.071718]], [attributes:[Precincts:Umhlanga (Phase 3), Quickbase_Status:Completed, QBRecordID:2784, Third_Party_Dependant_For_Conne:null, Latitude:-29.736187, Longitude:31.071827]], [attributes:[Precincts:Hyde Park, Quickbase_Status:Completed, QBRecordID:1935, Third_Party_Dependant_For_Conne:null, Latitude:-26.118563, Longitude:28.03268]], [attributes:[Precincts:Witch-Hazel, Quickbase_Status:Completed, QBRecordID:1250, Third_Party_Dependant_For_Conne:null, Latitude:-25.87141, Longitude:28.187399]], [attributes:[Precincts:Rosebank Phase 2, Quickbase_Status:Completed, QBRecordID:2941, Third_Party_Dependant_For_Conne:null, Latitude:-26.147552, Longitude:28.03459]], [attributes:[Precincts:Rosebank Phase 2, Quickbase_Status:Completed, QBRecordID:2891, Third_Party_Dependant_For_Conne:null, Latitude:-26.147144, Longitude:28.034723]], [attributes:[Precincts:Rosebank Phase 2, Quickbase_Status:Completed, QBRecordID:2890, Third_Party_Dependant_For_Conne:null, Latitude:-26.146917, Longitude:28.03482]], [attributes:[Precincts:Rosebank Phase 2, Quickbase_Status:Completed, QBRecordID:2996, Third_Party_Dependant_For_Conne:null, Latitude:-26.146894, Longitude:28.035976]], [attributes:[Precincts:Capital Hill, Quickbase_Status:Completed, QBRecordID:2399, Third_Party_Dependant_For_Conne:null, Latitude:-26.01179, Longitude:28.12646]], [attributes:[Precincts:Capital Hill, Quickbase_Status:Completed, QBRecordID:2400, Third_Party_Dependant_For_Conne:null, Latitude:-26.011091, Longitude:28.12707]], [attributes:[Precincts:Peter Place, Quickbase_Status:Completed, QBRecordID:587, Third_Party_Dependant_For_Conne:null, Latitude:-26.08253, Longitude:28.021376]], [attributes:[Precincts:Design Quarter, Quickbase_Status:Completed, QBRecordID:2388, Third_Party_Dependant_For_Conne:null, Latitude:-26.030392, Longitude:28.012884]], [attributes:[Precincts:James Crescent, Quickbase_Status:Completed, QBRecordID:2151, Third_Party_Dependant_For_Conne:null, Latitude:-26.006382, Longitude:28.127071]], [attributes:[Precincts:James Crescent, Quickbase_Status:Completed, QBRecordID:2182, Third_Party_Dependant_For_Conne:null, Latitude:-26.007729, Longitude:28.123442]], [attributes:[Precincts:James Crescent, Quickbase_Status:Completed, QBRecordID:2171, Third_Party_Dependant_For_Conne:null, Latitude:-26.002947, Longitude:28.125702]], [attributes:[Precincts:Ingersol, Quickbase_Status:Completed, QBRecordID:2356, Third_Party_Dependant_For_Conne:null, Latitude:-25.78241, Longitude:28.278206]], [attributes:[Precincts:James Crescent, Quickbase_Status:Completed, QBRecordID:4244, Third_Party_Dependant_For_Conne:null, Latitude:-26.004913, Longitude:28.128227]], [attributes:[Precincts:Bryanston Extension, Quickbase_Status:Completed, QBRecordID:1915, Third_Party_Dependant_For_Conne:null, Latitude:-26.045477, Longitude:28.018011]], [attributes:[Precincts:Arden Grove, Quickbase_Status:Completed, QBRecordID:1551, Third_Party_Dependant_For_Conne:null, Latitude:-33.86198, Longitude:18.512718]], [attributes:[Precincts:Empire Road, Quickbase_Status:Completed, QBRecordID:2488, Third_Party_Dependant_For_Conne:null, Latitude:-26.183914, Longitude:28.024387]], [attributes:[Precincts:Hatfield (Phase 3), Quickbase_Status:Completed, QBRecordID:3018, Third_Party_Dependant_For_Conne:null, Latitude:-25.74435, Longitude:28.243122]], [attributes:[Precincts:Hatfield (Phase 3), Quickbase_Status:Completed, QBRecordID:3014, Third_Party_Dependant_For_Conne:null, Latitude:-25.744709, Longitude:28.243053]], [attributes:[Precincts:Hatfield (Phase 3), Quickbase_Status:Completed, QBRecordID:3466, Third_Party_Dependant_For_Conne:null, Latitude:-25.744349, Longitude:28.243824]], [attributes:[Precincts:George Road, Quickbase_Status:Completed, QBRecordID:1356, Third_Party_Dependant_For_Conne:null, Latitude:-25.959532, Longitude:28.138712]], [attributes:[Precincts:Rosebank Phase 2, Quickbase_Status:Completed, QBRecordID:4095, Third_Party_Dependant_For_Conne:null, Latitude:-26.143023, Longitude:28.038895]], [attributes:[Precincts:Tygervalley, Quickbase_Status:Planned, QBRecordID:2580, Third_Party_Dependant_For_Conne:null, Latitude:-33.882355, Longitude:18.63576]], [attributes:[Precincts:Tygervalley, Quickbase_Status:Planned, QBRecordID:2590, Third_Party_Dependant_For_Conne:null, Latitude:-33.882866, Longitude:18.635698]], [attributes:[Precincts:Witch-Hazel, Quickbase_Status:Completed, QBRecordID:1264, Third_Party_Dependant_For_Conne:null, Latitude:-25.872236, Longitude:28.183517]], [attributes:[Precincts:Sandton Phase 1, Quickbase_Status:Completed, QBRecordID:2905, Third_Party_Dependant_For_Conne:null, Latitude:-26.100138, Longitude:28.055182]], [attributes:[Precincts:Sandton Phase 1, Quickbase_Status:Completed, QBRecordID:2897, Third_Party_Dependant_For_Conne:null, Latitude:-26.09911, Longitude:28.057018]], [attributes:[Precincts:Sandton Phase 1, Quickbase_Status:Completed, QBRecordID:3916, Third_Party_Dependant_For_Conne:null, Latitude:-26.09723, Longitude:28.056456]], [attributes:[Precincts:Sandton Phase 3, Quickbase_Status:Completed, QBRecordID:4032, Third_Party_Dependant_For_Conne:null, Latitude:-26.107515, Longitude:28.050512]], [attributes:[Precincts:Sandton Phase 3, Quickbase_Status:Completed, QBRecordID:75000, Third_Party_Dependant_For_Conne:null, Latitude:-26.11012, Longitude:28.056349]], [attributes:[Precincts:Bryanston Extension, Quickbase_Status:Completed, QBRecordID:1911, Third_Party_Dependant_For_Conne:null, Latitude:-26.04475, Longitude:28.01629]], [attributes:[Precincts:Hatfield (Phase 3), Quickbase_Status: , QBRecordID:2927, Third_Party_Dependant_For_Conne:null, Latitude:-25.743795, Longitude:28.241228]], [attributes:[Precincts:Hatfield (Phase 3), Quickbase_Status:Completed, QBRecordID:3511, Third_Party_Dependant_For_Conne:null, Latitude:-25.744762, Longitude:28.24138]], [attributes:[Precincts:Hatfield (Phase 3), Quickbase_Status:Completed, QBRecordID:3459, Third_Party_Dependant_For_Conne:null, Latitude:-25.745409, Longitude:28.241936]], [attributes:[Precincts:Hatfield (Phase 3), Quickbase_Status:Completed, QBRecordID:3536, Third_Party_Dependant_For_Conne:null, Latitude:-25.744726, Longitude:28.244205]], [attributes:[Precincts:Hatfield (Phase 3), Quickbase_Status:Completed, QBRecordID:70428, Third_Party_Dependant_For_Conne:null, Latitude:-25.74222, Longitude:28.243036]], [attributes:[Precincts:Hatfield (Phase 3), Quickbase_Status:Planned, QBRecordID:3475, Third_Party_Dependant_For_Conne:null, Latitude:-25.743055, Longitude:28.242296]], [attributes:[Precincts:Hatfield (Phase 3), Quickbase_Status:Planned, QBRecordID:3474, Third_Party_Dependant_For_Conne:null, Latitude:-25.743101, Longitude:28.241426]], [attributes:[Precincts:Hatfield (Phase 3), Quickbase_Status:Completed, QBRecordID:3483, Third_Party_Dependant_For_Conne:null, Latitude:-25.743216, Longitude:28.244658]], [attributes:[Precincts:Hatfield (Phase 3), Quickbase_Status:Completed, QBRecordID:3473, Third_Party_Dependant_For_Conne:null, Latitude:-25.743425, Longitude:28.241488]], [attributes:[Precincts:Hatfield (Phase 3), Quickbase_Status:Completed, QBRecordID:3481, Third_Party_Dependant_For_Conne:null, Latitude:-25.743095, Longitude:28.246489]], [attributes:[Precincts:Sandton Phase 3, Quickbase_Status:Planned, QBRecordID:3897, Third_Party_Dependant_For_Conne:null, Latitude:-26.102163, Longitude:28.060442]], [attributes:[Precincts:Western Services, Quickbase_Status:Completed, QBRecordID:4159, Third_Party_Dependant_For_Conne:null, Latitude:-26.056395, Longitude:28.087917]], [attributes:[Precincts:Bryanston Extension, Quickbase_Status:Completed, QBRecordID:1872, Third_Party_Dependant_For_Conne:null, Latitude:-26.054262, Longitude:28.02037]], [attributes:[Precincts:Rosenpark, Quickbase_Status:Completed, QBRecordID:2732, Third_Party_Dependant_For_Conne:null, Latitude:-33.870087, Longitude:18.64018]], [attributes:[Precincts:Rosenpark, Quickbase_Status:Completed, QBRecordID:2733, Third_Party_Dependant_For_Conne:null, Latitude:-33.87014, Longitude:18.640461]], [attributes:[Precincts:Kent, Quickbase_Status:Completed, QBRecordID:538, Third_Party_Dependant_For_Conne:null, Latitude:-26.099884, Longitude:27.997736]], [attributes:[Precincts:Kent, Quickbase_Status:Completed, QBRecordID:729, Third_Party_Dependant_For_Conne:null, Latitude:-26.099731, Longitude:27.997765]], [attributes:[Precincts:Kent, Quickbase_Status:Completed, QBRecordID:730, Third_Party_Dependant_For_Conne:null, Latitude:-26.099813, Longitude:27.997541]], [attributes:[Precincts:Lynnwood East, Quickbase_Status:Completed, QBRecordID:3909, Third_Party_Dependant_For_Conne:null, Latitude:-25.765514, Longitude:28.283045]], [attributes:[Precincts:Lynnwood East, Quickbase_Status:Completed, QBRecordID:3526, Third_Party_Dependant_For_Conne:null, Latitude:-25.76572, Longitude:28.280975]], [attributes:[Precincts:Sandton Phase 1, Quickbase_Status:Completed, QBRecordID:2913, Third_Party_Dependant_For_Conne:null, Latitude:-26.100039, Longitude:28.057938]], [attributes:[Precincts:Sandton Phase 1, Quickbase_Status:Completed, QBRecordID:2911, Third_Party_Dependant_For_Conne:null, Latitude:-26.09992, Longitude:28.055931]], [attributes:[Precincts:Sandton Phase 1, Quickbase_Status:Completed, QBRecordID:4170, Third_Party_Dependant_For_Conne:null, Latitude:-26.100733, Longitude:28.056328]], [attributes:[Precincts:Sandton Phase 1, Quickbase_Status:Planned, QBRecordID:2906, Third_Party_Dependant_For_Conne:null, Latitude:-26.100285, Longitude:28.053644]], [attributes:[Precincts:Sandton Phase 2, Quickbase_Status:Planned, QBRecordID:4167, Third_Party_Dependant_For_Conne:null, Latitude:-26.104708, Longitude:28.0514]], [attributes:[Precincts:Sandton Phase 2, Quickbase_Status:Completed, QBRecordID:4045, Third_Party_Dependant_For_Conne:null, Latitude:-26.110153, Longitude:28.048529]], [attributes:[Precincts:Sandton Phase 4, Quickbase_Status:Completed, QBRecordID:4857, Third_Party_Dependant_For_Conne:null, Latitude:-26.108255, Longitude:28.054377]], [attributes:[Precincts:Sandton Phase 4, Quickbase_Status:Completed, QBRecordID:4861, Third_Party_Dependant_For_Conne:null, Latitude:-26.106869, Longitude:28.053719]], [attributes:[Precincts:Westlake, Quickbase_Status:Completed, QBRecordID:4926, Third_Party_Dependant_For_Conne:null, Latitude:-34.07895, Longitude:18.441998]], [attributes:[Precincts:Persequor Park, Quickbase_Status:Completed, QBRecordID:4635, Third_Party_Dependant_For_Conne:null, Latitude:-25.745275, Longitude:28.273546]], [attributes:[Precincts:Persequor Park, Quickbase_Status:Partial Build Completed, QBRecordID:4602, Third_Party_Dependant_For_Conne:null, Latitude:-25.743412, Longitude:28.2768]], [attributes:[Precincts:Persequor Park, Quickbase_Status:Partial Build Completed, QBRecordID:4606, Third_Party_Dependant_For_Conne:null, Latitude:-25.741457, Longitude:28.277304]], [attributes:[Precincts:Persequor Park, Quickbase_Status:Completed, QBRecordID:4654, Third_Party_Dependant_For_Conne:null, Latitude:-25.747162, Longitude:28.272533]], [attributes:[Precincts:Persequor Park, Quickbase_Status:Partial Build Completed, QBRecordID:4605, Third_Party_Dependant_For_Conne:null, Latitude:-25.742111, Longitude:28.277332]], [attributes:[Precincts:Persequor Park, Quickbase_Status:Completed, QBRecordID:4659, Third_Party_Dependant_For_Conne:null, Latitude:-25.74728, Longitude:28.272139]], [attributes:[Precincts:Persequor Park, Quickbase_Status:Completed, QBRecordID:4611, Third_Party_Dependant_For_Conne:null, Latitude:-25.74426, Longitude:28.27418]], [attributes:[Precincts:Persequor Park, Quickbase_Status:Completed, QBRecordID:5119, Third_Party_Dependant_For_Conne:null, Latitude:-25.744474, Longitude:28.272434]], [attributes:[Precincts:Persequor Park, Quickbase_Status:Completed, QBRecordID:5121, Third_Party_Dependant_For_Conne:null, Latitude:-25.744686, Longitude:28.272615]], [attributes:[Precincts:Persequor Park, Quickbase_Status:Completed, QBRecordID:5120, Third_Party_Dependant_For_Conne:null, Latitude:-25.74458, Longitude:28.272507]], [attributes:[Precincts:Persequor Park, Quickbase_Status:Completed, QBRecordID:5123, Third_Party_Dependant_For_Conne:null, Latitude:-25.744654, Longitude:28.27292]], [attributes:[Precincts:Persequor Park, Quickbase_Status:Completed, QBRecordID:5122, Third_Party_Dependant_For_Conne:null, Latitude:-25.744732, Longitude:28.272774]], [attributes:[Precincts:Persequor Park, Quickbase_Status:Completed, QBRecordID:5125, Third_Party_Dependant_For_Conne:null, Latitude:-25.744389, Longitude:28.272766]], [attributes:[Precincts:Persequor Park, Quickbase_Status:Completed, QBRecordID:5124, Third_Party_Dependant_For_Conne:null, Latitude:-25.74453, Longitude:28.272804]], [attributes:[Precincts:Persequor Park, Quickbase_Status:Completed, QBRecordID:5127, Third_Party_Dependant_For_Conne:null, Latitude:-25.744099, Longitude:28.272785]], [attributes:[Precincts:Persequor Park, Quickbase_Status:Completed, QBRecordID:4665, Third_Party_Dependant_For_Conne:null, Latitude:-25.746431, Longitude:28.274738]], [attributes:[Precincts:Persequor Park, Quickbase_Status:Completed, QBRecordID:6305, Third_Party_Dependant_For_Conne:null, Latitude:-25.744493, Longitude:28.273283]], [attributes:[Precincts:Persequor Park, Quickbase_Status:Completed, QBRecordID:5130, Third_Party_Dependant_For_Conne:null, Latitude:-25.747, Longitude:28.2743]], [attributes:[Precincts:Persequor Park, Quickbase_Status:Completed, QBRecordID:5129, Third_Party_Dependant_For_Conne:null, Latitude:-25.746819, Longitude:28.274588]], [attributes:[Precincts:Persequor Park, Quickbase_Status:Completed, QBRecordID:4668, Third_Party_Dependant_For_Conne:null, Latitude:-25.745066, Longitude:28.27166]], [attributes:[Precincts:Persequor Park, Quickbase_Status:Completed, QBRecordID:4649, Third_Party_Dependant_For_Conne:null, Latitude:-25.747126, Longitude:28.27334]], [attributes:[Precincts:Persequor Park, Quickbase_Status:Completed, QBRecordID:4669, Third_Party_Dependant_For_Conne:null, Latitude:-25.745354, Longitude:28.273167]], [attributes:[Precincts:Persequor Park, Quickbase_Status:Completed, QBRecordID:4629, Third_Party_Dependant_For_Conne:null, Latitude:-25.745506, Longitude:28.272789]], [attributes:[Precincts:Persequor Park, Quickbase_Status:Completed, QBRecordID:4648, Third_Party_Dependant_For_Conne:null, Latitude:-25.747147, Longitude:28.273872]], [attributes:[Precincts:Persequor Park, Quickbase_Status:Completed, QBRecordID:5134, Third_Party_Dependant_For_Conne:null, Latitude:-25.747725, Longitude:28.272903]], [attributes:[Precincts:Persequor Park, Quickbase_Status:Completed, QBRecordID:5135, Third_Party_Dependant_For_Conne:null, Latitude:-25.74745, Longitude:28.272903]], [attributes:[Precincts:Persequor Park, Quickbase_Status:Completed, QBRecordID:5205, Third_Party_Dependant_For_Conne:null, Latitude:-25.743958, Longitude:28.27155]], [attributes:[Precincts:Persequor Park, Quickbase_Status:Completed, QBRecordID:5207, Third_Party_Dependant_For_Conne:null, Latitude:-25.744232, Longitude:28.271946]], [attributes:[Precincts:Persequor Park, Quickbase_Status:Completed, QBRecordID:5208, Third_Party_Dependant_For_Conne:null, Latitude:-25.74423, Longitude:28.271664]], [attributes:[Precincts:Hyde Park, Quickbase_Status:Completed, QBRecordID:2671, Third_Party_Dependant_For_Conne:null, Latitude:-26.114819, Longitude:28.031317]], [attributes:[Precincts:Hyde Park, Quickbase_Status:Completed, QBRecordID:2672, Third_Party_Dependant_For_Conne:null, Latitude:-26.115194, Longitude:28.031351]], [attributes:[Precincts:Waterfall Office Park, Quickbase_Status:Completed, QBRecordID:3003, Third_Party_Dependant_For_Conne:null, Latitude:-26.00731, Longitude:28.117085]], [attributes:[Precincts:Waterfall Office Park, Quickbase_Status:Completed, QBRecordID:4892, Third_Party_Dependant_For_Conne:null, Latitude:-26.011927, Longitude:28.11215]], [attributes:[Precincts:Waterfall Office Park, Quickbase_Status:Planned, QBRecordID:4898, Third_Party_Dependant_For_Conne:null, Latitude:-26.01222, Longitude:28.11333]], [attributes:[Precincts:Waterfall Office Park, Quickbase_Status:Completed, QBRecordID:4902, Third_Party_Dependant_For_Conne:null, Latitude:-26.012772, Longitude:28.113668]], [attributes:[Precincts:Waterfall Office Park, Quickbase_Status:Planned, QBRecordID:4899, Third_Party_Dependant_For_Conne:null, Latitude:-26.012049, Longitude:28.113262]], [attributes:[Precincts:Waterfall Office Park, Quickbase_Status:Completed, QBRecordID:4907, Third_Party_Dependant_For_Conne:null, Latitude:-26.01299, Longitude:28.114605]], [attributes:[Precincts:Waterfall Office Park, Quickbase_Status:Completed, QBRecordID:4906, Third_Party_Dependant_For_Conne:null, Latitude:-26.012575, Longitude:28.114586]], [attributes:[Precincts:Waterfall Office Park, Quickbase_Status:Completed, QBRecordID:5787, Third_Party_Dependant_For_Conne:Yes, Latitude:-26.013586, Longitude:28.115744]], [attributes:[Precincts:Waterfall Office Park, Quickbase_Status:Completed, QBRecordID:4905, Third_Party_Dependant_For_Conne:null, Latitude:-26.013817, Longitude:28.11529]], [attributes:[Precincts:Waterfall Office Park, Quickbase_Status:Completed, QBRecordID:4914, Third_Party_Dependant_For_Conne:null, Latitude:-26.011024, Longitude:28.11675]], [attributes:[Precincts:Waterfall Office Park, Quickbase_Status:Planned, QBRecordID:4915, Third_Party_Dependant_For_Conne:null, Latitude:-26.010561, Longitude:28.117311]], [attributes:[Precincts:Waterfall Office Park, Quickbase_Status:Completed, QBRecordID:4916, Third_Party_Dependant_For_Conne:null, Latitude:-26.010077, Longitude:28.117563]], [attributes:[Precincts:Waterfall Office Park, Quickbase_Status:Planned, QBRecordID:4917, Third_Party_Dependant_For_Conne:null, Latitude:-26.008364, Longitude:28.118364]], [attributes:[Precincts:Waterfall Office Park, Quickbase_Status:Completed, QBRecordID:5790, Third_Party_Dependant_For_Conne:Yes, Latitude:-26.00777, Longitude:28.118301]], [attributes:[Precincts:Waterfall Office Park, Quickbase_Status:Completed, QBRecordID:5791, Third_Party_Dependant_For_Conne:Yes, Latitude:-26.007444, Longitude:28.118322]], [attributes:[Precincts:Waterfall Office Park, Quickbase_Status:Completed, QBRecordID:4919, Third_Party_Dependant_For_Conne:null, Latitude:-26.007584, Longitude:28.118008]], [attributes:[Precincts:Sandton Phase 2, Quickbase_Status:Completed, QBRecordID:4044, Third_Party_Dependant_For_Conne:null, Latitude:-26.104563, Longitude:28.048477]], [attributes:[Precincts:Sandton Phase 2, Quickbase_Status:Planned, QBRecordID:4046, Third_Party_Dependant_For_Conne:null, Latitude:-26.105652, Longitude:28.054106]], [attributes:[Precincts:Richards Drive, Quickbase_Status:Completed, QBRecordID:2432, Third_Party_Dependant_For_Conne:null, Latitude:-26.013588, Longitude:28.121552]], [attributes:[Precincts:George Road, Quickbase_Status:Completed, QBRecordID:1753, Third_Party_Dependant_For_Conne:null, Latitude:-25.969044, Longitude:28.134716]], [attributes:[Precincts:Richards Drive, Quickbase_Status:Completed, QBRecordID:2674, Third_Party_Dependant_For_Conne:null, Latitude:-26.01349, Longitude:28.123032]], [attributes:[Precincts:Richards Drive, Quickbase_Status:Completed, QBRecordID:2428, Third_Party_Dependant_For_Conne:null, Latitude:-26.01677, Longitude:28.120544]], [attributes:[Precincts:Richards Drive, Quickbase_Status:Completed, QBRecordID:2442, Third_Party_Dependant_For_Conne:null, Latitude:-26.013775, Longitude:28.124285]], [attributes:[Precincts:Richards Drive, Quickbase_Status:Completed, QBRecordID:2470, Third_Party_Dependant_For_Conne:null, Latitude:-26.01493, Longitude:28.122454]], [attributes:[Precincts:Muswell, Quickbase_Status:Completed, QBRecordID:193, Third_Party_Dependant_For_Conne:null, Latitude:-26.049517, Longitude:28.02258]], [attributes:[Precincts:Muswell, Quickbase_Status:Completed, QBRecordID:191, Third_Party_Dependant_For_Conne:null, Latitude:-26.049887, Longitude:28.023605]], [attributes:[Precincts:Albury, Quickbase_Status:Completed, QBRecordID:274, Third_Party_Dependant_For_Conne:null, Latitude:-26.12617, Longitude:28.031939]], [attributes:[Precincts:Albury, Quickbase_Status:Completed, QBRecordID:288, Third_Party_Dependant_For_Conne:null, Latitude:-26.126274, Longitude:28.031464]], [attributes:[Precincts:Homestead, Quickbase_Status:Completed, QBRecordID:256, Third_Party_Dependant_For_Conne:null, Latitude:-26.045979, Longitude:28.05886]], [attributes:[Precincts:Homestead, Quickbase_Status:Partial Build Completed, QBRecordID:239, Third_Party_Dependant_For_Conne:null, Latitude:-26.048424, Longitude:28.055895]], [attributes:[Precincts:Homestead, Quickbase_Status:Completed, QBRecordID:240, Third_Party_Dependant_For_Conne:null, Latitude:-26.048395, Longitude:28.056534]], [attributes:[Precincts:Georgian Crescent, Quickbase_Status:Completed, QBRecordID:334, Third_Party_Dependant_For_Conne:null, Latitude:-26.040892, Longitude:28.017775]], [attributes:[Precincts:Katherine Extension, Quickbase_Status:Completed, QBRecordID:1329, Third_Party_Dependant_For_Conne:null, Latitude:-26.101196, Longitude:28.073769]], [attributes:[Precincts:Katherine Extension, Quickbase_Status:Completed, QBRecordID:1331, Third_Party_Dependant_For_Conne:null, Latitude:-26.10209, Longitude:28.07344]], [attributes:[Precincts:Katherine Extension, Quickbase_Status:Completed, QBRecordID:1330, Third_Party_Dependant_For_Conne:null, Latitude:-26.102295, Longitude:28.074112]], [attributes:[Precincts:Katherine Extension, Quickbase_Status:Completed, QBRecordID:1332, Third_Party_Dependant_For_Conne:null, Latitude:-26.10318, Longitude:28.07301]], [attributes:[Precincts:Sandton Phase 3, Quickbase_Status:Planned, QBRecordID:2989, Third_Party_Dependant_For_Conne:null, Latitude:-26.104334, Longitude:28.059866]], [attributes:[Precincts:CPT CBD Phase 01, Quickbase_Status:Partial Build Completed, QBRecordID:3060, Third_Party_Dependant_For_Conne:null, Latitude:-33.9159, Longitude:18.427086]], [attributes:[Precincts:CPT CBD Phase 01, Quickbase_Status:Completed, QBRecordID:3061, Third_Party_Dependant_For_Conne:null, Latitude:-33.916534, Longitude:18.428492]], [attributes:[Precincts:CPT CBD Phase 01, Quickbase_Status:Completed, QBRecordID:3067, Third_Party_Dependant_For_Conne:null, Latitude:-33.917957, Longitude:18.425276]], [attributes:[Precincts:CPT CBD Phase 01, Quickbase_Status:Completed, QBRecordID:3073, Third_Party_Dependant_For_Conne:null, Latitude:-33.91827, Longitude:18.42566]], [attributes:[Precincts:Woodlands Office Park, Quickbase_Status:Completed, QBRecordID:1642, Third_Party_Dependant_For_Conne:null, Latitude:-26.059586, Longitude:28.088463]], [attributes:[Precincts:Woodlands Office Park, Quickbase_Status:Completed, QBRecordID:1643, Third_Party_Dependant_For_Conne:null, Latitude:-26.058378, Longitude:28.08781]], [attributes:[Precincts:Woodlands Office Park, Quickbase_Status:Completed, QBRecordID:1654, Third_Party_Dependant_For_Conne:null, Latitude:-26.059261, Longitude:28.084808]], [attributes:[Precincts:Woodlands Office Park, Quickbase_Status:Completed, QBRecordID:1655, Third_Party_Dependant_For_Conne:null, Latitude:-26.060034, Longitude:28.084726]], [attributes:[Precincts:Sandton Phase 1, Quickbase_Status:Completed, QBRecordID:2898, Third_Party_Dependant_For_Conne:null, Latitude:-26.101763, Longitude:28.050236]], [attributes:[Precincts:Sandton Phase 1, Quickbase_Status:Planned, QBRecordID:2896, Third_Party_Dependant_For_Conne:null, Latitude:-26.102316, Longitude:28.050186]], [attributes:[Precincts:Umhlanga (Phase 3), Quickbase_Status:Completed, QBRecordID:2767, Third_Party_Dependant_For_Conne:null, Latitude:-29.741184, Longitude:31.066967]], [attributes:[Precincts:Umhlanga (Phase 3), Quickbase_Status:Planned, QBRecordID:2808, Third_Party_Dependant_For_Conne:null, Latitude:-29.73772, Longitude:31.070938]], [attributes:[Precincts:Umhlanga (Phase 3), Quickbase_Status:Completed, QBRecordID:2777, Third_Party_Dependant_For_Conne:null, Latitude:-29.73364, Longitude:31.06941]], [attributes:[Precincts:Umhlanga (Phase 3), Quickbase_Status:Partial Build Completed, QBRecordID:2778, Third_Party_Dependant_For_Conne:null, Latitude:-29.733736, Longitude:31.07028]], [attributes:[Precincts:Umhlanga (Phase 3), Quickbase_Status:Completed, QBRecordID:2774, Third_Party_Dependant_For_Conne:null, Latitude:-29.736961, Longitude:31.069338]], [attributes:[Precincts:Umhlanga (Phase 3), Quickbase_Status:Completed, QBRecordID:6595, Third_Party_Dependant_For_Conne:null, Latitude:-29.74701, Longitude:31.068962]], [attributes:[Precincts:Sandton Phase 1, Quickbase_Status:Completed, QBRecordID:4168, Third_Party_Dependant_For_Conne:null, Latitude:-26.100338, Longitude:28.056696]], [attributes:[Precincts:Muswell, Quickbase_Status:Completed, QBRecordID:190, Third_Party_Dependant_For_Conne:null, Latitude:-26.05109, Longitude:28.023386]], [attributes:[Precincts:Skeen Boulevard, Quickbase_Status:Completed, QBRecordID:1161, Third_Party_Dependant_For_Conne:null, Latitude:-26.176533, Longitude:28.13267]], [attributes:[Precincts:Witch-Hazel, Quickbase_Status:Completed, QBRecordID:1279, Third_Party_Dependant_For_Conne:null, Latitude:-25.872744, Longitude:28.184797]], [attributes:[Precincts:Witch-Hazel, Quickbase_Status:Completed, QBRecordID:1667, Third_Party_Dependant_For_Conne:null, Latitude:-25.872648, Longitude:28.185041]], [attributes:[Precincts:Witch-Hazel, Quickbase_Status:Completed, QBRecordID:1668, Third_Party_Dependant_For_Conne:null, Latitude:-25.872482, Longitude:28.185469]], [attributes:[Precincts:Witch-Hazel, Quickbase_Status:Completed, QBRecordID:1252, Third_Party_Dependant_For_Conne:null, Latitude:-25.87142, Longitude:28.188093]], [attributes:[Precincts:Witch-Hazel, Quickbase_Status:Completed, QBRecordID:1263, Third_Party_Dependant_For_Conne:null, Latitude:-25.871826, Longitude:28.184788]], [attributes:[Precincts:Witch-Hazel, Quickbase_Status:Completed, QBRecordID:1266, Third_Party_Dependant_For_Conne:null, Latitude:-25.873043, Longitude:28.18237]], [attributes:[Precincts:Witch-Hazel, Quickbase_Status:Planned, QBRecordID:3904, Third_Party_Dependant_For_Conne:null, Latitude:-25.873507, Longitude:28.180344]], [attributes:[Precincts:Witch-Hazel, Quickbase_Status:Planned, QBRecordID:1270, Third_Party_Dependant_For_Conne:null, Latitude:-25.873291, Longitude:28.180656]], [attributes:[Precincts:Witch-Hazel, Quickbase_Status:Planned, QBRecordID:1714, Third_Party_Dependant_For_Conne:null, Latitude:-25.873102, Longitude:28.181051]], [attributes:[Precincts:Capital Hill, Quickbase_Status:Completed, QBRecordID:2419, Third_Party_Dependant_For_Conne:null, Latitude:-26.010906, Longitude:28.129288]], [attributes:[Precincts:George Road, Quickbase_Status:Completed, QBRecordID:1749, Third_Party_Dependant_For_Conne:null, Latitude:-25.96838, Longitude:28.13345]], [attributes:[Precincts:Bauhania Street, Quickbase_Status:Completed, QBRecordID:4543, Third_Party_Dependant_For_Conne:null, Latitude:-25.879242, Longitude:28.182905]], [attributes:[Precincts:Bauhania Street, Quickbase_Status:Completed, QBRecordID:4544, Third_Party_Dependant_For_Conne:null, Latitude:-25.879557, Longitude:28.183102]], [attributes:[Precincts:Highveld Technopark, Quickbase_Status:Completed, QBRecordID:5878, Third_Party_Dependant_For_Conne:null, Latitude:-25.87972, Longitude:28.183731]], [attributes:[Precincts:Highveld Technopark, Quickbase_Status:Completed, QBRecordID:4541, Third_Party_Dependant_For_Conne:null, Latitude:-25.879396, Longitude:28.183956]], [attributes:[Precincts:Highveld Technopark, Quickbase_Status:Planned, QBRecordID:4540, Third_Party_Dependant_For_Conne:null, Latitude:-25.878994, Longitude:28.183924]], [attributes:[Precincts:Highveld Technopark, Quickbase_Status:Completed, QBRecordID:4537, Third_Party_Dependant_For_Conne:null, Latitude:-25.876379, Longitude:28.185665]], [attributes:[Precincts:Highveld Technopark, Quickbase_Status:Completed, QBRecordID:4536, Third_Party_Dependant_For_Conne:null, Latitude:-25.87526, Longitude:28.185696]], [attributes:[Precincts:Highveld Technopark, Quickbase_Status:Completed, QBRecordID:4535, Third_Party_Dependant_For_Conne:null, Latitude:-25.874819, Longitude:28.186264]], [attributes:[Precincts:Highveld Technopark, Quickbase_Status:Completed, QBRecordID:4534, Third_Party_Dependant_For_Conne:null, Latitude:-25.874596, Longitude:28.18675]], [attributes:[Precincts:Highveld Technopark, Quickbase_Status:Completed, QBRecordID:5913, Third_Party_Dependant_For_Conne:null, Latitude:-25.875114, Longitude:28.187023]], [attributes:[Precincts:Highveld Technopark, Quickbase_Status:Completed, QBRecordID:4532, Third_Party_Dependant_For_Conne:null, Latitude:-25.873432, Longitude:28.188662]], [attributes:[Precincts:Highveld Technopark, Quickbase_Status:Completed, QBRecordID:4673, Third_Party_Dependant_For_Conne:null, Latitude:-25.872734, Longitude:28.189585]], [attributes:[Precincts:Highveld Technopark, Quickbase_Status:Completed, QBRecordID:5924, Third_Party_Dependant_For_Conne:null, Latitude:-25.872824, Longitude:28.189865]], [attributes:[Precincts:Highveld Technopark, Quickbase_Status:Completed, QBRecordID:4531, Third_Party_Dependant_For_Conne:null, Latitude:-25.873074, Longitude:28.1897]], [attributes:[Precincts:Highveld Technopark, Quickbase_Status:Completed, QBRecordID:5923, Third_Party_Dependant_For_Conne:null, Latitude:-25.873014, Longitude:28.190203]], [attributes:[Precincts:Highveld Technopark, Quickbase_Status:Completed, QBRecordID:4530, Third_Party_Dependant_For_Conne:null, Latitude:-25.873466, Longitude:28.189913]], [attributes:[Precincts:Highveld Technopark, Quickbase_Status:Planned, QBRecordID:4523, Third_Party_Dependant_For_Conne:null, Latitude:-25.873333, Longitude:28.190796]], [attributes:[Precincts:Highveld Technopark, Quickbase_Status:Completed, QBRecordID:4524, Third_Party_Dependant_For_Conne:null, Latitude:-25.87346, Longitude:28.19039]], [attributes:[Precincts:Highveld Technopark, Quickbase_Status:Completed, QBRecordID:8213, Third_Party_Dependant_For_Conne:null, Latitude:-25.874342, Longitude:28.18906]], [attributes:[Precincts:Highveld Technopark, Quickbase_Status:Completed, QBRecordID:4529, Third_Party_Dependant_For_Conne:null, Latitude:-25.87409, Longitude:28.189203]], [attributes:[Precincts:Highveld Technopark, Quickbase_Status:Completed, QBRecordID:4522, Third_Party_Dependant_For_Conne:null, Latitude:-25.873766, Longitude:28.190914]], [attributes:[Precincts:Highveld Technopark, Quickbase_Status:Completed, QBRecordID:4998, Third_Party_Dependant_For_Conne:null, Latitude:-25.877357, Longitude:28.181227]], [attributes:[Precincts:Highveld Technopark, Quickbase_Status:Completed, QBRecordID:4999, Third_Party_Dependant_For_Conne:null, Latitude:-25.877632, Longitude:28.181257]], [attributes:[Precincts:Highveld Technopark, Quickbase_Status:Completed, QBRecordID:5004, Third_Party_Dependant_For_Conne:null, Latitude:-25.87881, Longitude:28.180674]], [attributes:[Precincts:Highveld Technopark, Quickbase_Status:Completed, QBRecordID:5928, Third_Party_Dependant_For_Conne:null, Latitude:-25.878347, Longitude:28.180637]], [attributes:[Precincts:Highveld Technopark, Quickbase_Status:Completed, QBRecordID:5011, Third_Party_Dependant_For_Conne:null, Latitude:-25.878168, Longitude:28.180754]], [attributes:[Precincts:Highveld Technopark, Quickbase_Status:Completed, QBRecordID:5008, Third_Party_Dependant_For_Conne:null, Latitude:-25.878096, Longitude:28.180265]], [attributes:[Precincts:Highveld Technopark, Quickbase_Status:Completed, QBRecordID:5007, Third_Party_Dependant_For_Conne:null, Latitude:-25.87779, Longitude:28.180256]], [attributes:[Precincts:Highveld Technopark, Quickbase_Status:Completed, QBRecordID:5006, Third_Party_Dependant_For_Conne:null, Latitude:-25.877657, Longitude:28.180496]], [attributes:[Precincts:Highveld Technopark, Quickbase_Status:Completed, QBRecordID:5005, Third_Party_Dependant_For_Conne:null, Latitude:-25.877514, Longitude:28.180744]], [attributes:[Precincts:Highveld Technopark, Quickbase_Status:Completed, QBRecordID:4997, Third_Party_Dependant_For_Conne:null, Latitude:-25.876837, Longitude:28.180891]], [attributes:[Precincts:Georgian Crescent, Quickbase_Status:Completed, QBRecordID:319, Third_Party_Dependant_For_Conne:null, Latitude:-26.04111, Longitude:28.017904]], [attributes:[Precincts:Georgian Crescent, Quickbase_Status:Completed, QBRecordID:325, Third_Party_Dependant_For_Conne:null, Latitude:-26.039698, Longitude:28.016487]], [attributes:[Precincts:Impala, Quickbase_Status:Completed, QBRecordID:152, Third_Party_Dependant_For_Conne:null, Latitude:-26.115646, Longitude:28.05102]], [attributes:[Precincts:Impala, Quickbase_Status:Completed, QBRecordID:156, Third_Party_Dependant_For_Conne:null, Latitude:-26.115234, Longitude:28.051216]], [attributes:[Precincts:Impala, Quickbase_Status:Completed, QBRecordID:168, Third_Party_Dependant_For_Conne:null, Latitude:-26.114248, Longitude:28.053696]], [attributes:[Precincts:Impala, Quickbase_Status:Completed, QBRecordID:167, Third_Party_Dependant_For_Conne:null, Latitude:-26.114695, Longitude:28.05391]], [attributes:[Precincts:Mellis, Quickbase_Status:Completed, QBRecordID:299, Third_Party_Dependant_For_Conne:null, Latitude:-26.044903, Longitude:28.056793]], [attributes:[Precincts:Mellis, Quickbase_Status:Completed, QBRecordID:293, Third_Party_Dependant_For_Conne:null, Latitude:-26.044544, Longitude:28.057665]], [attributes:[Precincts:Oxford Road, Quickbase_Status:Completed, QBRecordID:129, Third_Party_Dependant_For_Conne:null, Latitude:-26.131193, Longitude:28.049778]], [attributes:[Precincts:Oxford Road, Quickbase_Status:Completed, QBRecordID:509, Third_Party_Dependant_For_Conne:null, Latitude:-26.130768, Longitude:28.048494]], [attributes:[Precincts:Homestead, Quickbase_Status:Planned, QBRecordID:244, Third_Party_Dependant_For_Conne:null, Latitude:-26.04558, Longitude:28.056408]], [attributes:[Precincts:Claremont, Quickbase_Status:Completed, QBRecordID:386, Third_Party_Dependant_For_Conne:null, Latitude:-33.978615, Longitude:18.46431]], [attributes:[Precincts:Claremont, Quickbase_Status:Completed, QBRecordID:593, Third_Party_Dependant_For_Conne:null, Latitude:-33.97841, Longitude:18.46425]], [attributes:[Precincts:Claremont, Quickbase_Status:Completed, QBRecordID:892, Third_Party_Dependant_For_Conne:null, Latitude:-33.978382, Longitude:18.464561]], [attributes:[Precincts:Saddle Drive, Quickbase_Status:Completed, QBRecordID:1836, Third_Party_Dependant_For_Conne:null, Latitude:-26.045288, Longitude:28.08838]], [attributes:[Precincts:Saddle Drive, Quickbase_Status:Completed, QBRecordID:1863, Third_Party_Dependant_For_Conne:null, Latitude:-26.047688, Longitude:28.08849]], [attributes:[Precincts:Saddle Drive, Quickbase_Status:Completed, QBRecordID:1866, Third_Party_Dependant_For_Conne:null, Latitude:-26.047268, Longitude:28.088646]], [attributes:[Precincts:Saddle Drive, Quickbase_Status:Completed, QBRecordID:1835, Third_Party_Dependant_For_Conne:null, Latitude:-26.049122, Longitude:28.08763]], [attributes:[Precincts:Saddle Drive, Quickbase_Status:Completed, QBRecordID:1841, Third_Party_Dependant_For_Conne:null, Latitude:-26.04769, Longitude:28.087902]], [attributes:[Precincts:TechnoPark, Quickbase_Status:Completed, QBRecordID:801, Third_Party_Dependant_For_Conne:null, Latitude:-33.966644, Longitude:18.838886]], [attributes:[Precincts:TechnoPark, Quickbase_Status:Completed, QBRecordID:1282, Third_Party_Dependant_For_Conne:null, Latitude:-33.964462, Longitude:18.837576]], [attributes:[Precincts:TechnoPark, Quickbase_Status:Completed, QBRecordID:1342, Third_Party_Dependant_For_Conne:null, Latitude:-33.965267, Longitude:18.83818]], [attributes:[Precincts:Albury, Quickbase_Status:Completed, QBRecordID:281, Third_Party_Dependant_For_Conne:null, Latitude:-26.126762, Longitude:28.032347]], [attributes:[Precincts:Albury, Quickbase_Status:Completed, QBRecordID:285, Third_Party_Dependant_For_Conne:null, Latitude:-26.1279, Longitude:28.031515]], [attributes:[Precincts:Arnold, Quickbase_Status:Completed, QBRecordID:259, Third_Party_Dependant_For_Conne:null, Latitude:-26.148453, Longitude:28.041695]], [attributes:[Precincts:Arnold, Quickbase_Status:Completed, QBRecordID:260, Third_Party_Dependant_For_Conne:null, Latitude:-26.148357, Longitude:28.042208]], [attributes:[Precincts:Georgian Crescent, Quickbase_Status:Completed, QBRecordID:333, Third_Party_Dependant_For_Conne:null, Latitude:-26.039778, Longitude:28.015913]], [attributes:[Precincts:Georgian Crescent, Quickbase_Status:Completed, QBRecordID:330, Third_Party_Dependant_For_Conne:null, Latitude:-26.038416, Longitude:28.017809]], [attributes:[Precincts:Georgian Crescent, Quickbase_Status:Completed, QBRecordID:328, Third_Party_Dependant_For_Conne:null, Latitude:-26.038744, Longitude:28.016823]], [attributes:[Precincts:Georgian Crescent, Quickbase_Status:Completed, QBRecordID:301, Third_Party_Dependant_For_Conne:null, Latitude:-26.03762, Longitude:28.018328]], [attributes:[Precincts:Impala, Quickbase_Status:Completed, QBRecordID:164, Third_Party_Dependant_For_Conne:null, Latitude:-26.115591, Longitude:28.053314]], [attributes:[Precincts:Oxford Road, Quickbase_Status:Completed, QBRecordID:511, Third_Party_Dependant_For_Conne:null, Latitude:-26.129536, Longitude:28.048893]], [attributes:[Precincts:Oxford Road, Quickbase_Status:Completed, QBRecordID:512, Third_Party_Dependant_For_Conne:null, Latitude:-26.128912, Longitude:28.048983]], [attributes:[Precincts:Georgian Crescent, Quickbase_Status:Completed, QBRecordID:661, Third_Party_Dependant_For_Conne:null, Latitude:-26.042625, Longitude:28.018232]], [attributes:[Precincts:Fricker, Quickbase_Status:Completed, QBRecordID:135, Third_Party_Dependant_For_Conne:null, Latitude:-26.13588, Longitude:28.046436]], [attributes:[Precincts:Country Club Estate, Quickbase_Status:Completed, QBRecordID:500, Third_Party_Dependant_For_Conne:null, Latitude:-26.058834, Longitude:28.083084]], [attributes:[Precincts:Country Club Estate, Quickbase_Status:Completed, QBRecordID:497, Third_Party_Dependant_For_Conne:null, Latitude:-26.057686, Longitude:28.08356]], [attributes:[Precincts:Claremont, Quickbase_Status:Completed, QBRecordID:70449, Third_Party_Dependant_For_Conne:null, Latitude:-33.97859, Longitude:18.463419]], [attributes:[Precincts:Saddle Drive, Quickbase_Status:Completed, QBRecordID:1859, Third_Party_Dependant_For_Conne:null, Latitude:-26.046335, Longitude:28.088251]], [attributes:[Precincts:Saddle Drive, Quickbase_Status:Completed, QBRecordID:1865, Third_Party_Dependant_For_Conne:null, Latitude:-26.045946, Longitude:28.08831]], [attributes:[Precincts:Saddle Drive, Quickbase_Status:Completed, QBRecordID:70442, Third_Party_Dependant_For_Conne:null, Latitude:-26.04565, Longitude:28.08836]], [attributes:[Precincts:Persequor Park, Quickbase_Status:Completed, QBRecordID:6145, Third_Party_Dependant_For_Conne:null, Latitude:-25.744537, Longitude:28.274122]], [attributes:[Precincts:Logan Ave, Quickbase_Status:Completed, QBRecordID:6065, Third_Party_Dependant_For_Conne:null, Latitude:-25.878939, Longitude:28.201077]], [attributes:[Precincts:Logan Ave, Quickbase_Status:Completed, QBRecordID:6066, Third_Party_Dependant_For_Conne:null, Latitude:-25.879122, Longitude:28.200834]], [attributes:[Precincts:Logan Ave, Quickbase_Status:Completed, QBRecordID:6067, Third_Party_Dependant_For_Conne:null, Latitude:-25.87927, Longitude:28.201015]], [attributes:[Precincts:Logan Ave, Quickbase_Status:Completed, QBRecordID:6068, Third_Party_Dependant_For_Conne:null, Latitude:-25.879444, Longitude:28.20115]], [attributes:[Precincts:Logan Ave, Quickbase_Status:Completed, QBRecordID:6069, Third_Party_Dependant_For_Conne:null, Latitude:-25.87969, Longitude:28.201414]], [attributes:[Precincts:Logan Ave, Quickbase_Status:Completed, QBRecordID:6038, Third_Party_Dependant_For_Conne:null, Latitude:-25.878555, Longitude:28.20048]], [attributes:[Precincts:Logan Ave, Quickbase_Status:Completed, QBRecordID:6039, Third_Party_Dependant_For_Conne:null, Latitude:-25.878366, Longitude:28.20068]], [attributes:[Precincts:Logan Ave, Quickbase_Status:Completed, QBRecordID:6040, Third_Party_Dependant_For_Conne:null, Latitude:-25.878408, Longitude:28.200855]], [attributes:[Precincts:Logan Ave, Quickbase_Status:Completed, QBRecordID:6041, Third_Party_Dependant_For_Conne:null, Latitude:-25.878641, Longitude:28.201075]], [attributes:[Precincts:Logan Ave, Quickbase_Status:Completed, QBRecordID:6042, Third_Party_Dependant_For_Conne:null, Latitude:-25.878948, Longitude:28.200655]], [attributes:[Precincts:Logan Ave, Quickbase_Status:Completed, QBRecordID:6043, Third_Party_Dependant_For_Conne:null, Latitude:-25.87925, Longitude:28.20025]], [attributes:[Precincts:Logan Ave, Quickbase_Status:Completed, QBRecordID:6044, Third_Party_Dependant_For_Conne:null, Latitude:-25.879015, Longitude:28.200027]], [attributes:[Precincts:Logan Ave, Quickbase_Status:Completed, QBRecordID:6045, Third_Party_Dependant_For_Conne:null, Latitude:-25.878708, Longitude:28.200283]], [attributes:[Precincts:Logan Ave, Quickbase_Status:Completed, QBRecordID:6046, Third_Party_Dependant_For_Conne:null, Latitude:-25.878826, Longitude:28.200039]], [attributes:[Precincts:Logan Ave, Quickbase_Status:Completed, QBRecordID:6052, Third_Party_Dependant_For_Conne:null, Latitude:-25.877325, Longitude:28.198986]], [attributes:[Precincts:Logan Ave, Quickbase_Status:Completed, QBRecordID:6053, Third_Party_Dependant_For_Conne:null, Latitude:-25.87788, Longitude:28.198982]], [attributes:[Precincts:Logan Ave, Quickbase_Status:Completed, QBRecordID:6054, Third_Party_Dependant_For_Conne:null, Latitude:-25.877735, Longitude:28.198835]], [attributes:[Precincts:Logan Ave, Quickbase_Status:Completed, QBRecordID:6055, Third_Party_Dependant_For_Conne:null, Latitude:-25.877607, Longitude:28.198723]], [attributes:[Precincts:Logan Ave, Quickbase_Status:Completed, QBRecordID:6056, Third_Party_Dependant_For_Conne:null, Latitude:-25.877556, Longitude:28.199507]], [attributes:[Precincts:Logan Ave, Quickbase_Status:Completed, QBRecordID:6057, Third_Party_Dependant_For_Conne:null, Latitude:-25.877289, Longitude:28.19976]], [attributes:[Precincts:Logan Ave, Quickbase_Status:Completed, QBRecordID:6058, Third_Party_Dependant_For_Conne:null, Latitude:-25.877138, Longitude:28.199635]], [attributes:[Precincts:Logan Ave, Quickbase_Status:Completed, QBRecordID:6059, Third_Party_Dependant_For_Conne:null, Latitude:-25.876999, Longitude:28.199516]], [attributes:[Precincts:Logan Ave, Quickbase_Status:Completed, QBRecordID:6060, Third_Party_Dependant_For_Conne:null, Latitude:-25.876778, Longitude:28.19926]], [attributes:[Precincts:Logan Ave, Quickbase_Status:Completed, QBRecordID:6061, Third_Party_Dependant_For_Conne:null, Latitude:-25.877064, Longitude:28.199057]], [attributes:[Precincts:Logan Ave, Quickbase_Status:Completed, QBRecordID:6062, Third_Party_Dependant_For_Conne:null, Latitude:-25.876926, Longitude:28.198936]], [attributes:[Precincts:Logan Ave, Quickbase_Status:Completed, QBRecordID:6063, Third_Party_Dependant_For_Conne:null, Latitude:-25.878223, Longitude:28.199484]], [attributes:[Precincts:Logan Ave, Quickbase_Status:Completed, QBRecordID:6048, Third_Party_Dependant_For_Conne:null, Latitude:-25.877546, Longitude:28.19981]], [attributes:[Precincts:Logan Ave, Quickbase_Status:Completed, QBRecordID:6049, Third_Party_Dependant_For_Conne:null, Latitude:-25.877443, Longitude:28.199982]], [attributes:[Precincts:CPT CBD Phase 13, Quickbase_Status:Completed, QBRecordID:3675, Third_Party_Dependant_For_Conne:null, Latitude:-33.920578, Longitude:18.420406]], [attributes:[Precincts:Homestead, Quickbase_Status:Completed, QBRecordID:257, Third_Party_Dependant_For_Conne:null, Latitude:-26.047274, Longitude:28.057793]], [attributes:[Precincts:Homestead, Quickbase_Status:Completed, QBRecordID:255, Third_Party_Dependant_For_Conne:null, Latitude:-26.046122, Longitude:28.05857]], [attributes:[Precincts:Homestead, Quickbase_Status:Completed, QBRecordID:253, Third_Party_Dependant_For_Conne:null, Latitude:-26.045397, Longitude:28.059126]], [attributes:[Precincts:Claremont, Quickbase_Status:Completed, QBRecordID:392, Third_Party_Dependant_For_Conne:null, Latitude:-33.979202, Longitude:18.46287]], [attributes:[Precincts:Claremont, Quickbase_Status:Completed, QBRecordID:74938, Third_Party_Dependant_For_Conne:null, Latitude:-33.978977, Longitude:18.461777]], [attributes:[Precincts:Claremont, Quickbase_Status:Completed, QBRecordID:745, Third_Party_Dependant_For_Conne:null, Latitude:-33.979397, Longitude:18.460455]], [attributes:[Precincts:Claremont, Quickbase_Status:Completed, QBRecordID:776, Third_Party_Dependant_For_Conne:null, Latitude:-33.979393, Longitude:18.461012]], [attributes:[Precincts:Claremont, Quickbase_Status:Completed, QBRecordID:746, Third_Party_Dependant_For_Conne:null, Latitude:-33.979733, Longitude:18.460663]], [attributes:[Precincts:Impala, Quickbase_Status:Completed, QBRecordID:169, Third_Party_Dependant_For_Conne:null, Latitude:-26.116398, Longitude:28.054613]], [attributes:[Precincts:Impala, Quickbase_Status:Completed, QBRecordID:170, Third_Party_Dependant_For_Conne:null, Latitude:-26.116608, Longitude:28.054379]], [attributes:[Precincts:Impala, Quickbase_Status:Completed, QBRecordID:3954, Third_Party_Dependant_For_Conne:null, Latitude:-26.115501, Longitude:28.054163]], [attributes:[Precincts:Saddle Drive, Quickbase_Status:Completed, QBRecordID:1843, Third_Party_Dependant_For_Conne:null, Latitude:-26.048723, Longitude:28.089188]], [attributes:[Precincts:Saddle Drive, Quickbase_Status:Completed, QBRecordID:1864, Third_Party_Dependant_For_Conne:null, Latitude:-26.047434, Longitude:28.089788]], [attributes:[Precincts:Saddle Drive, Quickbase_Status:Completed, QBRecordID:1849, Third_Party_Dependant_For_Conne:null, Latitude:-26.046652, Longitude:28.088194]], [attributes:[Precincts:Saddle Drive, Quickbase_Status:Completed, QBRecordID:1852, Third_Party_Dependant_For_Conne:null, Latitude:-26.046715, Longitude:28.088552]], [attributes:[Precincts:TechnoPark, Quickbase_Status:WIP, QBRecordID:880, Third_Party_Dependant_For_Conne:null, Latitude:-33.964478, Longitude:18.84013]], [attributes:[Precincts:TechnoPark, Quickbase_Status:Completed, QBRecordID:1148, Third_Party_Dependant_For_Conne:null, Latitude:-33.964317, Longitude:18.837746]], [attributes:[Precincts:TechnoPark, Quickbase_Status:Completed, QBRecordID:785, Third_Party_Dependant_For_Conne:null, Latitude:-33.964844, Longitude:18.836187]], [attributes:[Precincts:TechnoPark, Quickbase_Status:Completed, QBRecordID:755, Third_Party_Dependant_For_Conne:null, Latitude:-33.96576, Longitude:18.839828]], [attributes:[Precincts:TechnoPark, Quickbase_Status:Completed, QBRecordID:1520, Third_Party_Dependant_For_Conne:null, Latitude:-33.965748, Longitude:18.840263]], [attributes:[Precincts:TechnoPark, Quickbase_Status:Completed, QBRecordID:808, Third_Party_Dependant_For_Conne:null, Latitude:-33.964725, Longitude:18.836409]], [attributes:[Precincts:Western Services, Quickbase_Status:Completed, QBRecordID:2504, Third_Party_Dependant_For_Conne:null, Latitude:-26.057707, Longitude:28.088802]], [attributes:[Precincts:Western Services, Quickbase_Status:Completed, QBRecordID:2510, Third_Party_Dependant_For_Conne:null, Latitude:-26.057198, Longitude:28.088118]], [attributes:[Precincts:Western Services, Quickbase_Status:Completed, QBRecordID:2513, Third_Party_Dependant_For_Conne:null, Latitude:-26.057745, Longitude:28.087997]], [attributes:[Precincts:Western Services, Quickbase_Status:Completed, QBRecordID:2499, Third_Party_Dependant_For_Conne:null, Latitude:-26.059324, Longitude:28.088999]], [attributes:[Precincts:Western Services, Quickbase_Status:Completed, QBRecordID:2500, Third_Party_Dependant_For_Conne:null, Latitude:-26.05889, Longitude:28.088903]], [attributes:[Precincts:Riverview Office Park, Quickbase_Status:Completed, QBRecordID:2615, Third_Party_Dependant_For_Conne:null, Latitude:-26.00019, Longitude:28.120455]], [attributes:[Precincts:Riverview Office Park, Quickbase_Status:Completed, QBRecordID:2616, Third_Party_Dependant_For_Conne:null, Latitude:-25.999535, Longitude:28.120543]], [attributes:[Precincts:Riverview Office Park, Quickbase_Status:Completed, QBRecordID:2625, Third_Party_Dependant_For_Conne:null, Latitude:-25.996893, Longitude:28.120789]], [attributes:[Precincts:Riverview Office Park, Quickbase_Status:Completed, QBRecordID:2612, Third_Party_Dependant_For_Conne:null, Latitude:-25.99781, Longitude:28.120728]]], exceededTransferLimit:true]

at java.base/jdk.internal.reflect.NativeConstructorAccessorImpl.newInstance0(Native Method)
at java.base/jdk.internal.reflect.NativeConstructorAccessorImpl.newInstance(NativeConstructorAccessorImpl.java:62)
at java.base/jdk.internal.reflect.DelegatingConstructorAccessorImpl.newInstance(DelegatingConstructorAccessorImpl.java:45)
at java.base/java.lang.reflect.Constructor.newInstanceWithCaller(Constructor.java:500)
at java.base/java.lang.reflect.Constructor.newInstance(Constructor.java:481)
at org.codehaus.groovy.reflection.CachedConstructor.invoke(CachedConstructor.java:80)
at org.codehaus.groovy.reflection.CachedConstructor.doConstructorInvoke(CachedConstructor.java:74)
at org.codehaus.groovy.runtime.callsite.ConstructorSite$ConstructorSiteNoUnwrap.callConstructor(ConstructorSite.java:84)
at org.codehaus.groovy.runtime.callsite.AbstractCallSite.callConstructor(AbstractCallSite.java:249)
at io.restassured.internal.ResponseSpecificationImpl$HamcrestAssertionClosure.validate(ResponseSpecificationImpl.groovy:493)
at io.restassured.internal.ResponseSpecificationImpl$HamcrestAssertionClosure$validate$1.call(Unknown Source)
at io.restassured.internal.ResponseSpecificationImpl.validateResponseIfRequired(ResponseSpecificationImpl.groovy:674)
at jdk.internal.reflect.GeneratedMethodAccessor14.invoke(Unknown Source)
at java.base/jdk.internal.reflect.DelegatingMethodAccessorImpl.invoke(DelegatingMethodAccessorImpl.java:43)
at java.base/java.lang.reflect.Method.invoke(Method.java:567)
at org.codehaus.groovy.runtime.callsite.PlainObjectMetaMethodSite.doInvoke(PlainObjectMetaMethodSite.java:43)
at org.codehaus.groovy.runtime.callsite.PogoMetaMethodSite$PogoCachedMethodSiteNoUnwrapNoCoerce.invoke(PogoMetaMethodSite.java:190)
at org.codehaus.groovy.runtime.callsite.PogoMetaMethodSite.callCurrent(PogoMetaMethodSite.java:58)
at org.codehaus.groovy.runtime.callsite.AbstractCallSite.callCurrent(AbstractCallSite.java:168)
at io.restassured.internal.ResponseSpecificationImpl.body(ResponseSpecificationImpl.groovy:98)
at io.restassured.internal.ValidatableResponseOptionsImpl.body(ValidatableResponseOptionsImpl.java:238)
at io.restassured.internal.ValidatableResponseImpl.super$2$body(ValidatableResponseImpl.groovy)
at jdk.internal.reflect.GeneratedMethodAccessor199.invoke(Unknown Source)
at java.base/jdk.internal.reflect.DelegatingMethodAccessorImpl.invoke(DelegatingMethodAccessorImpl.java:43)
at java.base/java.lang.reflect.Method.invoke(Method.java:567)
at org.codehaus.groovy.reflection.CachedMethod.invoke(CachedMethod.java:101)
at groovy.lang.MetaMethod.doMethodInvoke(MetaMethod.java:323)
at groovy.lang.MetaClassImpl.invokeMethod(MetaClassImpl.java:1217)
at org.codehaus.groovy.runtime.ScriptBytecodeAdapter.invokeMethodOnSuperN(ScriptBytecodeAdapter.java:144)
at io.restassured.internal.ValidatableResponseImpl.body(ValidatableResponseImpl.groovy:293)
at io.restassured.internal.ValidatableResponseImpl.body(ValidatableResponseImpl.groovy)
at com.ICM_UxAPI.GETPrecincts.validresultOffsetIs1001getPrecincts(GETPrecincts.java:134)
at java.base/jdk.internal.reflect.NativeMethodAccessorImpl.invoke0(Native Method)
at java.base/jdk.internal.reflect.NativeMethodAccessorImpl.invoke(NativeMethodAccessorImpl.java:62)
at java.base/jdk.internal.reflect.DelegatingMethodAccessorImpl.invoke(DelegatingMethodAccessorImpl.java:43)
at java.base/java.lang.reflect.Method.invoke(Method.java:567)
at org.testng.internal.MethodInvocationHelper.invokeMethod(MethodInvocationHelper.java:124)
at org.testng.internal.Invoker.invokeMethod(Invoker.java:583)
at org.testng.internal.Invoker.invokeTestMethod(Invoker.java:719)
at org.testng.internal.Invoker.invokeTestMethods(Invoker.java:989)
at org.testng.internal.TestMethodWorker.invokeTestMethods(TestMethodWorker.java:125)
at org.testng.internal.TestMethodWorker.run(TestMethodWorker.java:109)
at org.testng.TestRunner.privateRun(TestRunner.java:648)
at org.testng.TestRunner.run(TestRunner.java:505)
at org.testng.SuiteRunner.runTest(SuiteRunner.java:455)
at org.testng.SuiteRunner.access$000(SuiteRunner.java:40)
at org.testng.SuiteRunner$SuiteWorker.run(SuiteRunner.java:489)
at org.testng.internal.thread.ThreadUtil$1.call(ThreadUtil.java:52)
at java.base/java.util.concurrent.FutureTask.run(FutureTask.java:264)
at java.base/java.util.concurrent.ThreadPoolExecutor.runWorker(ThreadPoolExecutor.java:1128)
at java.base/java.util.concurrent.ThreadPoolExecutor$Worker.run(ThreadPoolExecutor.java:628)
at java.base/java.lang.Thread.run(Thread.java:830)
]]>
    </failure>
  </testcase> <!-- validresultOffsetIs1001getPrecincts -->
  <testcase classname="com.ICM_UxAPI.GETPrecincts" name="lastParamresultOffsetIs3000getPrecincts" time="1.291">
    <failure message="1 expectation failed.
JSON path exceededTransferLimit doesn&#039;t match.
Expected: is &lt;true&gt;
  Actual: null
" type="java.lang.AssertionError">
      <![CDATA[java.lang.AssertionError: 1 expectation failed.
JSON path exceededTransferLimit doesn't match.
Expected: is <true>
  Actual: null

at java.base/jdk.internal.reflect.NativeConstructorAccessorImpl.newInstance0(Native Method)
at java.base/jdk.internal.reflect.NativeConstructorAccessorImpl.newInstance(NativeConstructorAccessorImpl.java:62)
at java.base/jdk.internal.reflect.DelegatingConstructorAccessorImpl.newInstance(DelegatingConstructorAccessorImpl.java:45)
at java.base/java.lang.reflect.Constructor.newInstanceWithCaller(Constructor.java:500)
at java.base/java.lang.reflect.Constructor.newInstance(Constructor.java:481)
at org.codehaus.groovy.reflection.CachedConstructor.invoke(CachedConstructor.java:80)
at org.codehaus.groovy.reflection.CachedConstructor.doConstructorInvoke(CachedConstructor.java:74)
at org.codehaus.groovy.runtime.callsite.ConstructorSite$ConstructorSiteNoUnwrap.callConstructor(ConstructorSite.java:84)
at org.codehaus.groovy.runtime.callsite.AbstractCallSite.callConstructor(AbstractCallSite.java:249)
at io.restassured.internal.ResponseSpecificationImpl$HamcrestAssertionClosure.validate(ResponseSpecificationImpl.groovy:493)
at io.restassured.internal.ResponseSpecificationImpl$HamcrestAssertionClosure$validate$1.call(Unknown Source)
at io.restassured.internal.ResponseSpecificationImpl.validateResponseIfRequired(ResponseSpecificationImpl.groovy:674)
at jdk.internal.reflect.GeneratedMethodAccessor14.invoke(Unknown Source)
at java.base/jdk.internal.reflect.DelegatingMethodAccessorImpl.invoke(DelegatingMethodAccessorImpl.java:43)
at java.base/java.lang.reflect.Method.invoke(Method.java:567)
at org.codehaus.groovy.runtime.callsite.PlainObjectMetaMethodSite.doInvoke(PlainObjectMetaMethodSite.java:43)
at org.codehaus.groovy.runtime.callsite.PogoMetaMethodSite$PogoCachedMethodSiteNoUnwrapNoCoerce.invoke(PogoMetaMethodSite.java:190)
at org.codehaus.groovy.runtime.callsite.PogoMetaMethodSite.callCurrent(PogoMetaMethodSite.java:58)
at org.codehaus.groovy.runtime.callsite.AbstractCallSite.callCurrent(AbstractCallSite.java:168)
at io.restassured.internal.ResponseSpecificationImpl.body(ResponseSpecificationImpl.groovy:261)
at io.restassured.specification.ResponseSpecification$body$4.callCurrent(Unknown Source)
at io.restassured.internal.ResponseSpecificationImpl.body(ResponseSpecificationImpl.groovy:108)
at io.restassured.internal.ValidatableResponseOptionsImpl.body(ValidatableResponseOptionsImpl.java:244)
at io.restassured.internal.ValidatableResponseImpl.super$2$body(ValidatableResponseImpl.groovy)
at jdk.internal.reflect.GeneratedMethodAccessor172.invoke(Unknown Source)
at java.base/jdk.internal.reflect.DelegatingMethodAccessorImpl.invoke(DelegatingMethodAccessorImpl.java:43)
at java.base/java.lang.reflect.Method.invoke(Method.java:567)
at org.codehaus.groovy.reflection.CachedMethod.invoke(CachedMethod.java:101)
at groovy.lang.MetaMethod.doMethodInvoke(MetaMethod.java:323)
at groovy.lang.MetaClassImpl.invokeMethod(MetaClassImpl.java:1217)
at org.codehaus.groovy.runtime.ScriptBytecodeAdapter.invokeMethodOnSuperN(ScriptBytecodeAdapter.java:144)
at io.restassured.internal.ValidatableResponseImpl.body(ValidatableResponseImpl.groovy:298)
at io.restassured.internal.ValidatableResponseImpl.body(ValidatableResponseImpl.groovy)
at com.ICM_UxAPI.GETPrecincts.lastParamresultOffsetIs3000getPrecincts(GETPrecincts.java:148)
at java.base/jdk.internal.reflect.NativeMethodAccessorImpl.invoke0(Native Method)
at java.base/jdk.internal.reflect.NativeMethodAccessorImpl.invoke(NativeMethodAccessorImpl.java:62)
at java.base/jdk.internal.reflect.DelegatingMethodAccessorImpl.invoke(DelegatingMethodAccessorImpl.java:43)
at java.base/java.lang.reflect.Method.invoke(Method.java:567)
at org.testng.internal.MethodInvocationHelper.invokeMethod(MethodInvocationHelper.java:124)
at org.testng.internal.Invoker.invokeMethod(Invoker.java:583)
at org.testng.internal.Invoker.invokeTestMethod(Invoker.java:719)
at org.testng.internal.Invoker.invokeTestMethods(Invoker.java:989)
at org.testng.internal.TestMethodWorker.invokeTestMethods(TestMethodWorker.java:125)
at org.testng.internal.TestMethodWorker.run(TestMethodWorker.java:109)
at org.testng.TestRunner.privateRun(TestRunner.java:648)
at org.testng.TestRunner.run(TestRunner.java:505)
at org.testng.SuiteRunner.runTest(SuiteRunner.java:455)
at org.testng.SuiteRunner.access$000(SuiteRunner.java:40)
at org.testng.SuiteRunner$SuiteWorker.run(SuiteRunner.java:489)
at org.testng.internal.thread.ThreadUtil$1.call(ThreadUtil.java:52)
at java.base/java.util.concurrent.FutureTask.run(FutureTask.java:264)
at java.base/java.util.concurrent.ThreadPoolExecutor.runWorker(ThreadPoolExecutor.java:1128)
at java.base/java.util.concurrent.ThreadPoolExecutor$Worker.run(ThreadPoolExecutor.java:628)
at java.base/java.lang.Thread.run(Thread.java:830)
]]>
    </failure>
  </testcase> <!-- lastParamresultOffsetIs3000getPrecincts -->
  <testcase classname="com.ICM_UxAPI.GETPrecincts" name="invalidresultOffsetIs4000getPrecincts" time="1.002"/>
</testsuite> <!-- com.ICM_UxAPI.GETPrecincts -->
