<?xml version="1.0" encoding="UTF-8"?>
<!-- Generated by org.testng.reporters.JUnitReportReporter -->
<testsuite hostname="DFALPT1087" failures="0" tests="11" name="com.ICM_UxAPI.MultipleSetsOfData" time="9.526" errors="0" timestamp="31 Mar 2020 14:50:30 GMT" skipped="0">
  <testcase classname="com.ICM_UxAPI.MultipleSetsOfData" name="contentTypeValidation" time="1.170"/>
  <testcase classname="com.ICM_UxAPI.MultipleSetsOfData" name="contentTypeValidation" time="0.870"/>
  <testcase classname="com.ICM_UxAPI.MultipleSetsOfData" name="contentTypeValidation" time="1.010"/>
  <testcase classname="com.ICM_UxAPI.MultipleSetsOfData" name="contentTypeValidation" time="0.839"/>
  <testcase classname="com.ICM_UxAPI.MultipleSetsOfData" name="contentTypeValidation" time="1.186"/>
  <testcase classname="com.ICM_UxAPI.MultipleSetsOfData" name="contentTypeValidation" time="0.362"/>
  <testcase classname="com.ICM_UxAPI.MultipleSetsOfData" name="contentTypeValidation" time="0.809"/>
  <testcase classname="com.ICM_UxAPI.MultipleSetsOfData" name="contentTypeValidation" time="0.339"/>
  <testcase classname="com.ICM_UxAPI.MultipleSetsOfData" name="contentTypeValidation" time="1.115"/>
  <testcase classname="com.ICM_UxAPI.MultipleSetsOfData" name="contentTypeValidation" time="0.892"/>
  <testcase classname="com.ICM_UxAPI.MultipleSetsOfData" name="contentTypeValidation" time="0.934"/>
</testsuite> <!-- com.ICM_UxAPI.MultipleSetsOfData -->
