<?xml version="1.0" encoding="UTF-8"?>
<!-- Generated by org.testng.reporters.JUnitReportReporter -->
<testsuite hostname="DFALPT1087" failures="5" tests="14" name="com.ICM_UxAPI.GetDuctBank" time="24.598" errors="0" timestamp="31 Mar 2020 14:50:30 GMT" skipped="0">
  <testcase classname="com.ICM_UxAPI.GetDuctBank" name="getDuctBankValidation" time="1.219"/>
  <testcase classname="com.ICM_UxAPI.GetDuctBank" name="whereParamStageIsCompletedgetDuctBank" time="1.006"/>
  <testcase classname="com.ICM_UxAPI.GetDuctBank" name="whereInvalidParamStageIsCompleteddgetDuctBank" time="0.856"/>
  <testcase classname="com.ICM_UxAPI.GetDuctBank" name="whereWrongFormatParamStageIsCompletedgetDuctBank" time="0.831"/>
  <testcase classname="com.ICM_UxAPI.GetDuctBank" name="whereParamStageIsConstructiongetDuctBank" time="1.207">
    <failure message="1 expectation failed.
Response body doesn&#039;t match expectation.
Expected: a string containing &quot;Completed&quot;
  Actual: {
  &quot;displayFieldName&quot;: &quot;name&quot;,
  &quot;fieldAliases&quot;: {
    &quot;owner&quot;: &quot;owner&quot;,
    &quot;stage&quot;: &quot;stage&quot;,
    &quot;ea1&quot;: &quot;Route Name&quot;,
    &quot;ea2&quot;: &quot;DFA Region&quot;
  },
  &quot;fields&quot;: [
    {
      &quot;name&quot;: &quot;owner&quot;,
      &quot;type&quot;: &quot;esriFieldTypeString&quot;,
      &quot;alias&quot;: &quot;owner&quot;,
      &quot;length&quot;: 50
    },
    {
      &quot;name&quot;: &quot;stage&quot;,
      &quot;type&quot;: &quot;esriFieldTypeString&quot;,
      &quot;alias&quot;: &quot;stage&quot;,
      &quot;length&quot;: 30
    },
    {
      &quot;name&quot;: &quot;ea1&quot;,
      &quot;type&quot;: &quot;esriFieldTypeString&quot;,
      &quot;alias&quot;: &quot;Route Name&quot;,
      &quot;length&quot;: 100
    },
    {
      &quot;name&quot;: &quot;ea2&quot;,
      &quot;type&quot;: &quot;esriFieldTypeString&quot;,
      &quot;alias&quot;: &quot;DFA Region&quot;,
      &quot;length&quot;: 100
    }
  ],
  &quot;features&quot;: [
    {
      &quot;attributes&quot;: {
        &quot;owner&quot;: &quot;Dark Fibre Africa&quot;,
        &quot;stage&quot;: &quot;Construction&quot;,
        &quot;ea1&quot;: &quot;G01P01&quot;,
        &quot;ea2&quot;: &quot;Gauteng South&quot;
      }
    },
    {
      &quot;attributes&quot;: {
        &quot;owner&quot;: &quot;Dark Fibre Africa&quot;,
        &quot;stage&quot;: &quot;Construction&quot;,
        &quot;ea1&quot;: &quot;Esher Entry 2&quot;,
        &quot;ea2&quot;: &quot;Gauteng South&quot;
      }
    },
    {
      &quot;attributes&quot;: {
        &quot;owner&quot;: &quot;Dark Fibre Africa&quot;,
        &quot;stage&quot;: &quot;Construction&quot;,
        &quot;ea1&quot;: &quot;G20P15&quot;,
        &quot;ea2&quot;: &quot;Gauteng South&quot;
      }
    },
    {
      &quot;attributes&quot;: {
        &quot;owner&quot;: &quot;Dark Fibre Africa&quot;,
        &quot;stage&quot;: &quot;Construction&quot;,
        &quot;ea1&quot;: &quot;IR01P01&quot;,
        &quot;ea2&quot;: &quot;Inter Regional&quot;
      }
    },
    {
      &quot;attributes&quot;: {
        &quot;owner&quot;: &quot;Dark Fibre Africa&quot;,
        &quot;stage&quot;: &quot;Construction&quot;,
        &quot;ea1&quot;: &quot;NB20P31&quot;,
        &quot;ea2&quot;: &quot;Northern Region&quot;
      }
    },
    {
      &quot;attributes&quot;: {
        &quot;owner&quot;: &quot;Dark Fibre Africa&quot;,
        &quot;stage&quot;: &quot;Construction&quot;,
        &quot;ea1&quot;: &quot;NB01P01&quot;,
        &quot;ea2&quot;: &quot;Northern Region&quot;
      }
    },
    {
      &quot;attributes&quot;: {
        &quot;owner&quot;: &quot;Dark Fibre Africa&quot;,
        &quot;stage&quot;: &quot;Construction&quot;,
        &quot;ea1&quot;: &quot;NB01P01&quot;,
        &quot;ea2&quot;: &quot;Northern Region&quot;
      }
    },
    {
      &quot;attributes&quot;: {
        &quot;owner&quot;: &quot;Dark Fibre Africa&quot;,
        &quot;stage&quot;: &quot;Construction&quot;,
        &quot;ea1&quot;: &quot;NB01P01&quot;,
        &quot;ea2&quot;: &quot;Northern Region&quot;
      }
    },
    {
      &quot;attributes&quot;: {
        &quot;owner&quot;: &quot;Dark Fibre Africa&quot;,
        &quot;stage&quot;: &quot;Construction&quot;,
        &quot;ea1&quot;: &quot;Access Build&quot;,
        &quot;ea2&quot;: &quot;Gauteng South&quot;
      }
    },
    {
      &quot;attributes&quot;: {
        &quot;owner&quot;: &quot;Dark Fibre Africa&quot;,
        &quot;stage&quot;: &quot;Construction&quot;,
        &quot;ea1&quot;: &quot;Access Build&quot;,
        &quot;ea2&quot;: &quot;Gauteng South&quot;
      }
    },
    {
      &quot;attributes&quot;: {
        &quot;owner&quot;: &quot;Dark Fibre Africa&quot;,
        &quot;stage&quot;: &quot;Construction&quot;,
        &quot;ea1&quot;: &quot;Access Build&quot;,
        &quot;ea2&quot;: &quot;Gauteng South&quot;
      }
    },
    {
      &quot;attributes&quot;: {
        &quot;owner&quot;: &quot;Dark Fibre Africa&quot;,
        &quot;stage&quot;: &quot;Construction&quot;,
        &quot;ea1&quot;: &quot;Access Build&quot;,
        &quot;ea2&quot;: &quot;Gauteng South&quot;
      }
    },
    {
      &quot;attributes&quot;: {
        &quot;owner&quot;: &quot;Dark Fibre Africa&quot;,
        &quot;stage&quot;: &quot;Construction&quot;,
        &quot;ea1&quot;: &quot;Access Build&quot;,
        &quot;ea2&quot;: &quot;Gauteng South&quot;
      }
    },
    {
      &quot;attributes&quot;: {
        &quot;owner&quot;: &quot;Dark Fibre Africa&quot;,
        &quot;stage&quot;: &quot;Construction&quot;,
        &quot;ea1&quot;: &quot;Access Build&quot;,
        &quot;ea2&quot;: &quot;Gauteng South&quot;
      }
    },
    {
      &quot;attributes&quot;: {
        &quot;owner&quot;: &quot;Dark Fibre Africa&quot;,
        &quot;stage&quot;: &quot;Construction&quot;,
        &quot;ea1&quot;: &quot;Access build&quot;,
        &quot;ea2&quot;: &quot;Gauteng South&quot;
      }
    },
    {
      &quot;attributes&quot;: {
        &quot;owner&quot;: &quot;Dark Fibre Africa&quot;,
        &quot;stage&quot;: &quot;Construction&quot;,
        &quot;ea1&quot;: &quot;Access build&quot;,
        &quot;ea2&quot;: &quot;Gauteng South&quot;
      }
    },
    {
      &quot;attributes&quot;: {
        &quot;owner&quot;: &quot;Dark Fibre Africa&quot;,
        &quot;stage&quot;: &quot;Construction&quot;,
        &quot;ea1&quot;: &quot;Access build&quot;,
        &quot;ea2&quot;: &quot;Gauteng South&quot;
      }
    },
    {
      &quot;attributes&quot;: {
        &quot;owner&quot;: &quot;Dark Fibre Africa&quot;,
        &quot;stage&quot;: &quot;Construction&quot;,
        &quot;ea1&quot;: &quot;Access build&quot;,
        &quot;ea2&quot;: &quot;Gauteng South&quot;
      }
    },
    {
      &quot;attributes&quot;: {
        &quot;owner&quot;: &quot;Dark Fibre Africa&quot;,
        &quot;stage&quot;: &quot;Construction&quot;,
        &quot;ea1&quot;: &quot;Access build&quot;,
        &quot;ea2&quot;: &quot;Gauteng South&quot;
      }
    },
    {
      &quot;attributes&quot;: {
        &quot;owner&quot;: &quot;Dark Fibre Africa&quot;,
        &quot;stage&quot;: &quot;Construction&quot;,
        &quot;ea1&quot;: &quot;Access build&quot;,
        &quot;ea2&quot;: &quot;Northern Region&quot;
      }
    },
    {
      &quot;attributes&quot;: {
        &quot;owner&quot;: &quot;Dark Fibre Africa&quot;,
        &quot;stage&quot;: &quot;Construction&quot;,
        &quot;ea1&quot;: &quot;Access build&quot;,
        &quot;ea2&quot;: &quot;Northern Region&quot;
      }
    },
    {
      &quot;attributes&quot;: {
        &quot;owner&quot;: &quot;Dark Fibre Africa&quot;,
        &quot;stage&quot;: &quot;Construction&quot;,
        &quot;ea1&quot;: &quot;Access build&quot;,
        &quot;ea2&quot;: &quot;Northern Region&quot;
      }
    },
    {
      &quot;attributes&quot;: {
        &quot;owner&quot;: &quot;Dark Fibre Africa&quot;,
        &quot;stage&quot;: &quot;Construction&quot;,
        &quot;ea1&quot;: &quot;Access build&quot;,
        &quot;ea2&quot;: &quot;Northern Region&quot;
      }
    },
    {
      &quot;attributes&quot;: {
        &quot;owner&quot;: &quot;Dark Fibre Africa&quot;,
        &quot;stage&quot;: &quot;Construction&quot;,
        &quot;ea1&quot;: &quot;Access build&quot;,
        &quot;ea2&quot;: &quot;Northern Region&quot;
      }
    },
    {
      &quot;attributes&quot;: {
        &quot;owner&quot;: &quot;Dark Fibre Africa&quot;,
        &quot;stage&quot;: &quot;Construction&quot;,
        &quot;ea1&quot;: &quot;Access build&quot;,
        &quot;ea2&quot;: &quot;Northern Region&quot;
      }
    },
    {
      &quot;attributes&quot;: {
        &quot;owner&quot;: &quot;Dark Fibre Africa&quot;,
        &quot;stage&quot;: &quot;Construction&quot;,
        &quot;ea1&quot;: &quot;Access build&quot;,
        &quot;ea2&quot;: &quot;Northern Region&quot;
      }
    },
    {
      &quot;attributes&quot;: {
        &quot;owner&quot;: &quot;Dark Fibre Africa&quot;,
        &quot;stage&quot;: &quot;Construction&quot;,
        &quot;ea1&quot;: &quot;Access build&quot;,
        &quot;ea2&quot;: &quot;Northern Region&quot;
      }
    },
    {
      &quot;attributes&quot;: {
        &quot;owner&quot;: &quot;Dark Fibre Africa&quot;,
        &quot;stage&quot;: &quot;Construction&quot;,
        &quot;ea1&quot;: &quot;Access build&quot;,
        &quot;ea2&quot;: &quot;Gauteng South&quot;
      }
    },
    {
      &quot;attributes&quot;: {
        &quot;owner&quot;: &quot;Dark Fibre Africa&quot;,
        &quot;stage&quot;: &quot;Construction&quot;,
        &quot;ea1&quot;: &quot;Access build&quot;,
        &quot;ea2&quot;: &quot;Gauteng South&quot;
      }
    },
    {
      &quot;attributes&quot;: {
        &quot;owner&quot;: &quot;Dark Fibre Africa&quot;,
        &quot;stage&quot;: &quot;Construction&quot;,
        &quot;ea1&quot;: &quot;Access build&quot;,
        &quot;ea2&quot;: &quot;Kwa-Zulu Natal&quot;
      }
    },
    {
      &quot;attributes&quot;: {
        &quot;owner&quot;: &quot;Dark Fibre Africa&quot;,
        &quot;stage&quot;: &quot;Construction&quot;,
        &quot;ea1&quot;: &quot;Access build&quot;,
        &quot;ea2&quot;: &quot;Kwa-Zulu Natal&quot;
      }
    },
    {
      &quot;attributes&quot;: {
        &quot;owner&quot;: &quot;Dark Fibre Africa&quot;,
        &quot;stage&quot;: &quot;Construction&quot;,
        &quot;ea1&quot;: &quot;Access build&quot;,
        &quot;ea2&quot;: &quot;Western Region&quot;
      }
    },
    {
      &quot;attributes&quot;: {
        &quot;owner&quot;: &quot;Dark Fibre Africa&quot;,
        &quot;stage&quot;: &quot;Construction&quot;,
        &quot;ea1&quot;: &quot;Access build&quot;,
        &quot;ea2&quot;: &quot;Gauteng South&quot;
      }
    },
    {
      &quot;attributes&quot;: {
        &quot;owner&quot;: &quot;Dark Fibre Africa&quot;,
        &quot;stage&quot;: &quot;Construction&quot;,
        &quot;ea1&quot;: &quot;W20P05&quot;,
        &quot;ea2&quot;: &quot;Western Region&quot;
      }
    },
    {
      &quot;attributes&quot;: {
        &quot;owner&quot;: &quot;Dark Fibre Africa&quot;,
        &quot;stage&quot;: &quot;Construction&quot;,
        &quot;ea1&quot;: &quot;W20P05&quot;,
        &quot;ea2&quot;: &quot;Western Region&quot;
      }
    },
    {
      &quot;attributes&quot;: {
        &quot;owner&quot;: &quot;Dark Fibre Africa&quot;,
        &quot;stage&quot;: &quot;Construction&quot;,
        &quot;ea1&quot;: &quot;K02P10&quot;,
        &quot;ea2&quot;: &quot;Kwa-Zulu Natal&quot;
      }
    },
    {
      &quot;attributes&quot;: {
        &quot;owner&quot;: &quot;Dark Fibre Africa&quot;,
        &quot;stage&quot;: &quot;Construction&quot;,
        &quot;ea1&quot;: &quot;K02P10&quot;,
        &quot;ea2&quot;: &quot;Kwa-Zulu Natal&quot;
      }
    },
    {
      &quot;attributes&quot;: {
        &quot;owner&quot;: &quot;Dark Fibre Africa&quot;,
        &quot;stage&quot;: &quot;Construction&quot;,
        &quot;ea1&quot;: &quot;none&quot;,
        &quot;ea2&quot;: &quot;Gauteng South&quot;
      }
    },
    {
      &quot;attributes&quot;: {
        &quot;owner&quot;: &quot;Dark Fibre Africa&quot;,
        &quot;stage&quot;: &quot;Construction&quot;,
        &quot;ea1&quot;: &quot;none&quot;,
        &quot;ea2&quot;: &quot;Gauteng South&quot;
      }
    },
    {
      &quot;attributes&quot;: {
        &quot;owner&quot;: &quot;Dark Fibre Africa&quot;,
        &quot;stage&quot;: &quot;Construction&quot;,
        &quot;ea1&quot;: &quot;NB20P06&quot;,
        &quot;ea2&quot;: &quot;Northern Region&quot;
      }
    },
    {
      &quot;attributes&quot;: {
        &quot;owner&quot;: &quot;Dark Fibre Africa&quot;,
        &quot;stage&quot;: &quot;Construction&quot;,
        &quot;ea1&quot;: &quot;none&quot;,
        &quot;ea2&quot;: &quot;None&quot;
      }
    },
    {
      &quot;attributes&quot;: {
        &quot;owner&quot;: &quot;Dark Fibre Africa&quot;,
        &quot;stage&quot;: &quot;Construction&quot;,
        &quot;ea1&quot;: &quot;none&quot;,
        &quot;ea2&quot;: &quot;None&quot;
      }
    },
    {
      &quot;attributes&quot;: {
        &quot;owner&quot;: &quot;Dark Fibre Africa&quot;,
        &quot;stage&quot;: &quot;Construction&quot;,
        &quot;ea1&quot;: &quot;none&quot;,
        &quot;ea2&quot;: &quot;None&quot;
      }
    },
    {
      &quot;attributes&quot;: {
        &quot;owner&quot;: &quot;Dark Fibre Africa&quot;,
        &quot;stage&quot;: &quot;Construction&quot;,
        &quot;ea1&quot;: &quot;none&quot;,
        &quot;ea2&quot;: &quot;None&quot;
      }
    },
    {
      &quot;attributes&quot;: {
        &quot;owner&quot;: &quot;Dark Fibre Africa&quot;,
        &quot;stage&quot;: &quot;Construction&quot;,
        &quot;ea1&quot;: &quot;MS00064WH020069&quot;,
        &quot;ea2&quot;: &quot;Western Region&quot;
      }
    },
    {
      &quot;attributes&quot;: {
        &quot;owner&quot;: &quot;Dark Fibre Africa&quot;,
        &quot;stage&quot;: &quot;Construction&quot;,
        &quot;ea1&quot;: &quot;NB20P06&quot;,
        &quot;ea2&quot;: &quot;Northern Region&quot;
      }
    },
    {
      &quot;attributes&quot;: {
        &quot;owner&quot;: &quot;Dark Fibre Africa&quot;,
        &quot;stage&quot;: &quot;Construction&quot;,
        &quot;ea1&quot;: &quot;none&quot;,
        &quot;ea2&quot;: &quot;Gauteng South&quot;
      }
    },
    {
      &quot;attributes&quot;: {
        &quot;owner&quot;: &quot;Dark Fibre Africa&quot;,
        &quot;stage&quot;: &quot;Construction&quot;,
        &quot;ea1&quot;: &quot;K02P10&quot;,
        &quot;ea2&quot;: &quot;Kwa-Zulu Natal&quot;
      }
    },
    {
      &quot;attributes&quot;: {
        &quot;owner&quot;: &quot;Dark Fibre Africa&quot;,
        &quot;stage&quot;: &quot;Construction&quot;,
        &quot;ea1&quot;: &quot;none&quot;,
        &quot;ea2&quot;: &quot;Gauteng South&quot;
      }
    },
    {
      &quot;attributes&quot;: {
        &quot;owner&quot;: &quot;Dark Fibre Africa&quot;,
        &quot;stage&quot;: &quot;Construction&quot;,
        &quot;ea1&quot;: &quot;none&quot;,
        &quot;ea2&quot;: &quot;Gauteng South&quot;
      }
    },
    {
      &quot;attributes&quot;: {
        &quot;owner&quot;: &quot;Dark Fibre Africa&quot;,
        &quot;stage&quot;: &quot;Construction&quot;,
        &quot;ea1&quot;: &quot;none&quot;,
        &quot;ea2&quot;: &quot;Gauteng South&quot;
      }
    },
    {
      &quot;attributes&quot;: {
        &quot;owner&quot;: &quot;Dark Fibre Africa&quot;,
        &quot;stage&quot;: &quot;Construction&quot;,
        &quot;ea1&quot;: &quot;none&quot;,
        &quot;ea2&quot;: &quot;Gauteng South&quot;
      }
    },
    {
      &quot;attributes&quot;: {
        &quot;owner&quot;: &quot;Dark Fibre Africa&quot;,
        &quot;stage&quot;: &quot;Construction&quot;,
        &quot;ea1&quot;: &quot;none&quot;,
        &quot;ea2&quot;: &quot;Gauteng South&quot;
      }
    },
    {
      &quot;attributes&quot;: {
        &quot;owner&quot;: &quot;Dark Fibre Africa&quot;,
        &quot;stage&quot;: &quot;Construction&quot;,
        &quot;ea1&quot;: &quot;none&quot;,
        &quot;ea2&quot;: &quot;Gauteng South&quot;
      }
    },
    {
      &quot;attributes&quot;: {
        &quot;owner&quot;: &quot;Dark Fibre Africa&quot;,
        &quot;stage&quot;: &quot;Construction&quot;,
        &quot;ea1&quot;: &quot;none&quot;,
        &quot;ea2&quot;: &quot;Gauteng South&quot;
      }
    },
    {
      &quot;attributes&quot;: {
        &quot;owner&quot;: &quot;Dark Fibre Africa&quot;,
        &quot;stage&quot;: &quot;Construction&quot;,
        &quot;ea1&quot;: &quot;AS00108GH000098&quot;,
        &quot;ea2&quot;: &quot;Gauteng South&quot;
      }
    },
    {
      &quot;attributes&quot;: {
        &quot;owner&quot;: &quot;Dark Fibre Africa&quot;,
        &quot;stage&quot;: &quot;Construction&quot;,
        &quot;ea1&quot;: &quot;none&quot;,
        &quot;ea2&quot;: &quot;Kwa-Zulu Natal&quot;
      }
    },
    {
      &quot;attributes&quot;: {
        &quot;owner&quot;: &quot;Dark Fibre Africa&quot;,
        &quot;stage&quot;: &quot;Construction&quot;,
        &quot;ea1&quot;: &quot;none&quot;,
        &quot;ea2&quot;: &quot;Kwa-Zulu Natal&quot;
      }
    },
    {
      &quot;attributes&quot;: {
        &quot;owner&quot;: &quot;Dark Fibre Africa&quot;,
        &quot;stage&quot;: &quot;Construction&quot;,
        &quot;ea1&quot;: &quot;none&quot;,
        &quot;ea2&quot;: &quot;Gauteng South&quot;
      }
    },
    {
      &quot;attributes&quot;: {
        &quot;owner&quot;: &quot;Dark Fibre Africa&quot;,
        &quot;stage&quot;: &quot;Construction&quot;,
        &quot;ea1&quot;: &quot;none&quot;,
        &quot;ea2&quot;: &quot;Northern Region&quot;
      }
    },
    {
      &quot;attributes&quot;: {
        &quot;owner&quot;: &quot;Dark Fibre Africa&quot;,
        &quot;stage&quot;: &quot;Construction&quot;,
        &quot;ea1&quot;: &quot;none&quot;,
        &quot;ea2&quot;: &quot;Gauteng South&quot;
      }
    },
    {
      &quot;attributes&quot;: {
        &quot;owner&quot;: &quot;Dark Fibre Africa&quot;,
        &quot;stage&quot;: &quot;Construction&quot;,
        &quot;ea1&quot;: &quot;none&quot;,
        &quot;ea2&quot;: &quot;Gauteng South&quot;
      }
    },
    {
      &quot;attributes&quot;: {
        &quot;owner&quot;: &quot;Dark Fibre Africa&quot;,
        &quot;stage&quot;: &quot;Construction&quot;,
        &quot;ea1&quot;: &quot;none&quot;,
        &quot;ea2&quot;: &quot;Gauteng South&quot;
      }
    },
    {
      &quot;attributes&quot;: {
        &quot;owner&quot;: &quot;Dark Fibre Africa&quot;,
        &quot;stage&quot;: &quot;Construction&quot;,
        &quot;ea1&quot;: &quot;AS18052GH000971&quot;,
        &quot;ea2&quot;: &quot;Gauteng South&quot;
      }
    },
    {
      &quot;attributes&quot;: {
        &quot;owner&quot;: &quot;Dark Fibre Africa&quot;,
        &quot;stage&quot;: &quot;Construction&quot;,
        &quot;ea1&quot;: &quot;none&quot;,
        &quot;ea2&quot;: &quot;Gauteng South&quot;
      }
    },
    {
      &quot;attributes&quot;: {
        &quot;owner&quot;: &quot;Dark Fibre Africa&quot;,
        &quot;stage&quot;: &quot;Construction&quot;,
        &quot;ea1&quot;: &quot;Neotel Data Centre&quot;,
        &quot;ea2&quot;: &quot;Gauteng South&quot;
      }
    },
    {
      &quot;attributes&quot;: {
        &quot;owner&quot;: &quot;Dark Fibre Africa&quot;,
        &quot;stage&quot;: &quot;Construction&quot;,
        &quot;ea1&quot;: &quot;Access build&quot;,
        &quot;ea2&quot;: &quot;Northern Region&quot;
      }
    },
    {
      &quot;attributes&quot;: {
        &quot;owner&quot;: &quot;Dark Fibre Africa&quot;,
        &quot;stage&quot;: &quot;Construction&quot;,
        &quot;ea1&quot;: &quot; NB20P11&quot;,
        &quot;ea2&quot;: &quot;Northern Region&quot;
      }
    },
    {
      &quot;attributes&quot;: {
        &quot;owner&quot;: &quot;Dark Fibre Africa&quot;,
        &quot;stage&quot;: &quot;Construction&quot;,
        &quot;ea1&quot;: &quot;none&quot;,
        &quot;ea2&quot;: &quot;Northern Region&quot;
      }
    },
    {
      &quot;attributes&quot;: {
        &quot;owner&quot;: &quot;Dark Fibre Africa&quot;,
        &quot;stage&quot;: &quot;Construction&quot;,
        &quot;ea1&quot;: &quot;none&quot;,
        &quot;ea2&quot;: &quot;Kwa-Zulu Natal&quot;
      }
    },
    {
      &quot;attributes&quot;: {
        &quot;owner&quot;: &quot;Dark Fibre Africa&quot;,
        &quot;stage&quot;: &quot;Construction&quot;,
        &quot;ea1&quot;: &quot;none&quot;,
        &quot;ea2&quot;: &quot;Kwa-Zulu Natal&quot;
      }
    },
    {
      &quot;attributes&quot;: {
        &quot;owner&quot;: &quot;Dark Fibre Africa&quot;,
        &quot;stage&quot;: &quot;Construction&quot;,
        &quot;ea1&quot;: &quot;none&quot;,
        &quot;ea2&quot;: &quot;Northern Region&quot;
      }
    },
    {
      &quot;attributes&quot;: {
        &quot;owner&quot;: &quot;Dark Fibre Africa&quot;,
        &quot;stage&quot;: &quot;Construction&quot;,
        &quot;ea1&quot;: &quot;none&quot;,
        &quot;ea2&quot;: &quot;Northern Region&quot;
      }
    },
    {
      &quot;attributes&quot;: {
        &quot;owner&quot;: &quot;Dark Fibre Africa&quot;,
        &quot;stage&quot;: &quot;Construction&quot;,
        &quot;ea1&quot;: &quot;AS14024KH020025&quot;,
        &quot;ea2&quot;: &quot;Kwa-Zulu Natal&quot;
      }
    },
    {
      &quot;attributes&quot;: {
        &quot;owner&quot;: &quot;Dark Fibre Africa&quot;,
        &quot;stage&quot;: &quot;Construction&quot;,
        &quot;ea1&quot;: &quot;none&quot;,
        &quot;ea2&quot;: &quot;Gauteng South&quot;
      }
    },
    {
      &quot;attributes&quot;: {
        &quot;owner&quot;: &quot;Dark Fibre Africa&quot;,
        &quot;stage&quot;: &quot;Construction&quot;,
        &quot;ea1&quot;: &quot;none&quot;,
        &quot;ea2&quot;: &quot;Northern Region&quot;
      }
    },
    {
      &quot;attributes&quot;: {
        &quot;owner&quot;: &quot;Dark Fibre Africa&quot;,
        &quot;stage&quot;: &quot;Construction&quot;,
        &quot;ea1&quot;: &quot;none&quot;,
        &quot;ea2&quot;: &quot;Gauteng South&quot;
      }
    },
    {
      &quot;attributes&quot;: {
        &quot;owner&quot;: &quot;Dark Fibre Africa&quot;,
        &quot;stage&quot;: &quot;Construction&quot;,
        &quot;ea1&quot;: &quot;none&quot;,
        &quot;ea2&quot;: &quot;Gauteng South&quot;
      }
    },
    {
      &quot;attributes&quot;: {
        &quot;owner&quot;: &quot;Dark Fibre Africa&quot;,
        &quot;stage&quot;: &quot;Construction&quot;,
        &quot;ea1&quot;: &quot;none&quot;,
        &quot;ea2&quot;: &quot;Gauteng South&quot;
      }
    },
    {
      &quot;attributes&quot;: {
        &quot;owner&quot;: &quot;Dark Fibre Africa&quot;,
        &quot;stage&quot;: &quot;Construction&quot;,
        &quot;ea1&quot;: &quot;none&quot;,
        &quot;ea2&quot;: &quot;Gauteng South&quot;
      }
    },
    {
      &quot;attributes&quot;: {
        &quot;owner&quot;: &quot;Dark Fibre Africa&quot;,
        &quot;stage&quot;: &quot;Construction&quot;,
        &quot;ea1&quot;: &quot;none&quot;,
        &quot;ea2&quot;: &quot;Gauteng South&quot;
      }
    },
    {
      &quot;attributes&quot;: {
        &quot;owner&quot;: &quot;Dark Fibre Africa&quot;,
        &quot;stage&quot;: &quot;Construction&quot;,
        &quot;ea1&quot;: &quot;none&quot;,
        &quot;ea2&quot;: &quot;Gauteng South&quot;
      }
    },
    {
      &quot;attributes&quot;: {
        &quot;owner&quot;: &quot;Dark Fibre Africa&quot;,
        &quot;stage&quot;: &quot;Construction&quot;,
        &quot;ea1&quot;: &quot;none&quot;,
        &quot;ea2&quot;: &quot;Gauteng South&quot;
      }
    },
    {
      &quot;attributes&quot;: {
        &quot;owner&quot;: &quot;Dark Fibre Africa&quot;,
        &quot;stage&quot;: &quot;Construction&quot;,
        &quot;ea1&quot;: &quot;Esher Entry 2&quot;,
        &quot;ea2&quot;: &quot;Gauteng South&quot;
      }
    },
    {
      &quot;attributes&quot;: {
        &quot;owner&quot;: &quot;Dark Fibre Africa&quot;,
        &quot;stage&quot;: &quot;Construction&quot;,
        &quot;ea1&quot;: &quot;none&quot;,
        &quot;ea2&quot;: &quot;Gauteng South&quot;
      }
    },
    {
      &quot;attributes&quot;: {
        &quot;owner&quot;: &quot;Dark Fibre Africa&quot;,
        &quot;stage&quot;: &quot;Construction&quot;,
        &quot;ea1&quot;: &quot;none&quot;,
        &quot;ea2&quot;: &quot;Gauteng South&quot;
      }
    },
    {
      &quot;attributes&quot;: {
        &quot;owner&quot;: &quot;Dark Fibre Africa&quot;,
        &quot;stage&quot;: &quot;Construction&quot;,
        &quot;ea1&quot;: &quot;none&quot;,
        &quot;ea2&quot;: &quot;Gauteng South&quot;
      }
    },
    {
      &quot;attributes&quot;: {
        &quot;owner&quot;: &quot;Dark Fibre Africa&quot;,
        &quot;stage&quot;: &quot;Construction&quot;,
        &quot;ea1&quot;: &quot;AS00239GH000081&quot;,
        &quot;ea2&quot;: &quot;Gauteng South&quot;
      }
    },
    {
      &quot;attributes&quot;: {
        &quot;owner&quot;: &quot;Dark Fibre Africa&quot;,
        &quot;stage&quot;: &quot;Construction&quot;,
        &quot;ea1&quot;: &quot;none&quot;,
        &quot;ea2&quot;: &quot;Gauteng South&quot;
      }
    },
    {
      &quot;attributes&quot;: {
        &quot;owner&quot;: &quot;Dark Fibre Africa&quot;,
        &quot;stage&quot;: &quot;Construction&quot;,
        &quot;ea1&quot;: &quot;none&quot;,
        &quot;ea2&quot;: &quot;Gauteng South&quot;
      }
    },
    {
      &quot;attributes&quot;: {
        &quot;owner&quot;: &quot;Dark Fibre Africa&quot;,
        &quot;stage&quot;: &quot;Construction&quot;,
        &quot;ea1&quot;: &quot;AS00242GH000541&quot;,
        &quot;ea2&quot;: &quot;Gauteng South&quot;
      }
    },
    {
      &quot;attributes&quot;: {
        &quot;owner&quot;: &quot;Dark Fibre Africa&quot;,
        &quot;stage&quot;: &quot;Construction&quot;,
        &quot;ea1&quot;: &quot;none&quot;,
        &quot;ea2&quot;: &quot;Gauteng South&quot;
      }
    },
    {
      &quot;attributes&quot;: {
        &quot;owner&quot;: &quot;Dark Fibre Africa&quot;,
        &quot;stage&quot;: &quot;Construction&quot;,
        &quot;ea1&quot;: null,
        &quot;ea2&quot;: &quot;Gauteng South&quot;
      }
    },
    {
      &quot;attributes&quot;: {
        &quot;owner&quot;: &quot;Dark Fibre Africa&quot;,
        &quot;stage&quot;: &quot;Construction&quot;,
        &quot;ea1&quot;: &quot;AS00244GH000040&quot;,
        &quot;ea2&quot;: &quot;Gauteng South&quot;
      }
    },
    {
      &quot;attributes&quot;: {
        &quot;owner&quot;: &quot;Dark Fibre Africa&quot;,
        &quot;stage&quot;: &quot;Construction&quot;,
        &quot;ea1&quot;: &quot;none&quot;,
        &quot;ea2&quot;: &quot;Gauteng South&quot;
      }
    },
    {
      &quot;attributes&quot;: {
        &quot;owner&quot;: &quot;Dark Fibre Africa&quot;,
        &quot;stage&quot;: &quot;Construction&quot;,
        &quot;ea1&quot;: &quot;G20P08&quot;,
        &quot;ea2&quot;: &quot;Gauteng South&quot;
      }
    },
    {
      &quot;attributes&quot;: {
        &quot;owner&quot;: &quot;Dark Fibre Africa&quot;,
        &quot;stage&quot;: &quot;Construction&quot;,
        &quot;ea1&quot;: &quot;none&quot;,
        &quot;ea2&quot;: &quot;Northern Region&quot;
      }
    },
    {
      &quot;attributes&quot;: {
        &quot;owner&quot;: &quot;Dark Fibre Africa&quot;,
        &quot;stage&quot;: &quot;Construction&quot;,
        &quot;ea1&quot;: &quot;none&quot;,
        &quot;ea2&quot;: &quot;Northern Region&quot;
      }
    },
    {
      &quot;attributes&quot;: {
        &quot;owner&quot;: &quot;Dark Fibre Africa&quot;,
        &quot;stage&quot;: &quot;Construction&quot;,
        &quot;ea1&quot;: null,
        &quot;ea2&quot;: &quot;Northern Region&quot;
      }
    },
    {
      &quot;attributes&quot;: {
        &quot;owner&quot;: &quot;Dark Fibre Africa&quot;,
        &quot;stage&quot;: &quot;Construction&quot;,
        &quot;ea1&quot;: &quot;none&quot;,
        &quot;ea2&quot;: &quot;Northern Region&quot;
      }
    },
    {
      &quot;attributes&quot;: {
        &quot;owner&quot;: &quot;Dark Fibre Africa&quot;,
        &quot;stage&quot;: &quot;Construction&quot;,
        &quot;ea1&quot;: null,
        &quot;ea2&quot;: &quot;Northern Region&quot;
      }
    },
    {
      &quot;attributes&quot;: {
        &quot;owner&quot;: &quot;Dark Fibre Africa&quot;,
        &quot;stage&quot;: &quot;Construction&quot;,
        &quot;ea1&quot;: null,
        &quot;ea2&quot;: &quot;Northern Region&quot;
      }
    },
    {
      &quot;attributes&quot;: {
        &quot;owner&quot;: &quot;Dark Fibre Africa&quot;,
        &quot;stage&quot;: &quot;Construction&quot;,
        &quot;ea1&quot;: &quot;none&quot;,
        &quot;ea2&quot;: &quot;Northern Region&quot;
      }
    },
    {
      &quot;attributes&quot;: {
        &quot;owner&quot;: &quot;Dark Fibre Africa&quot;,
        &quot;stage&quot;: &quot;Construction&quot;,
        &quot;ea1&quot;: &quot;none&quot;,
        &quot;ea2&quot;: &quot;Northern Region&quot;
      }
    },
    {
      &quot;attributes&quot;: {
        &quot;owner&quot;: &quot;Dark Fibre Africa&quot;,
        &quot;stage&quot;: &quot;Construction&quot;,
        &quot;ea1&quot;: &quot;none&quot;,
        &quot;ea2&quot;: &quot;Northern Region&quot;
      }
    },
    {
      &quot;attributes&quot;: {
        &quot;owner&quot;: &quot;Dark Fibre Africa&quot;,
        &quot;stage&quot;: &quot;Construction&quot;,
        &quot;ea1&quot;: &quot;Access Build&quot;,
        &quot;ea2&quot;: &quot;Kwa-Zulu Natal&quot;
      }
    },
    {
      &quot;attributes&quot;: {
        &quot;owner&quot;: &quot;Dark Fibre Africa&quot;,
        &quot;stage&quot;: &quot;Construction&quot;,
        &quot;ea1&quot;: &quot;Access Build&quot;,
        &quot;ea2&quot;: &quot;Kwa-Zulu Natal&quot;
      }
    },
    {
      &quot;attributes&quot;: {
        &quot;owner&quot;: &quot;Dark Fibre Africa&quot;,
        &quot;stage&quot;: &quot;Construction&quot;,
        &quot;ea1&quot;: &quot;K01P08&quot;,
        &quot;ea2&quot;: &quot;Kwa-Zulu Natal&quot;
      }
    },
    {
      &quot;attributes&quot;: {
        &quot;owner&quot;: &quot;Dark Fibre Africa&quot;,
        &quot;stage&quot;: &quot;Construction&quot;,
        &quot;ea1&quot;: &quot;K01P04&quot;,
        &quot;ea2&quot;: &quot;Kwa-Zulu Natal&quot;
      }
    },
    {
      &quot;attributes&quot;: {
        &quot;owner&quot;: &quot;Dark Fibre Africa&quot;,
        &quot;stage&quot;: &quot;Construction&quot;,
        &quot;ea1&quot;: &quot;Access Build&quot;,
        &quot;ea2&quot;: &quot;Gauteng South&quot;
      }
    },
    {
      &quot;attributes&quot;: {
        &quot;owner&quot;: &quot;Dark Fibre Africa&quot;,
        &quot;stage&quot;: &quot;Construction&quot;,
        &quot;ea1&quot;: &quot;Access Build&quot;,
        &quot;ea2&quot;: &quot;Gauteng South&quot;
      }
    },
    {
      &quot;attributes&quot;: {
        &quot;owner&quot;: &quot;Dark Fibre Africa&quot;,
        &quot;stage&quot;: &quot;Construction&quot;,
        &quot;ea1&quot;: &quot;none&quot;,
        &quot;ea2&quot;: &quot;Gauteng South&quot;
      }
    },
    {
      &quot;attributes&quot;: {
        &quot;owner&quot;: &quot;Dark Fibre Africa&quot;,
        &quot;stage&quot;: &quot;Construction&quot;,
        &quot;ea1&quot;: &quot;none&quot;,
        &quot;ea2&quot;: &quot;Gauteng South&quot;
      }
    },
    {
      &quot;attributes&quot;: {
        &quot;owner&quot;: &quot;Dark Fibre Africa&quot;,
        &quot;stage&quot;: &quot;Construction&quot;,
        &quot;ea1&quot;: &quot;none&quot;,
        &quot;ea2&quot;: &quot;Northern Region&quot;
      }
    },
    {
      &quot;attributes&quot;: {
        &quot;owner&quot;: &quot;Dark Fibre Africa&quot;,
        &quot;stage&quot;: &quot;Construction&quot;,
        &quot;ea1&quot;: &quot;Access Build&quot;,
        &quot;ea2&quot;: &quot;Northern Region&quot;
      }
    },
    {
      &quot;attributes&quot;: {
        &quot;owner&quot;: &quot;Dark Fibre Africa&quot;,
        &quot;stage&quot;: &quot;Construction&quot;,
        &quot;ea1&quot;: null,
        &quot;ea2&quot;: &quot;Northern Region&quot;
      }
    },
    {
      &quot;attributes&quot;: {
        &quot;owner&quot;: &quot;Dark Fibre Africa&quot;,
        &quot;stage&quot;: &quot;Construction&quot;,
        &quot;ea1&quot;: &quot;Access Build&quot;,
        &quot;ea2&quot;: &quot;Northern Region&quot;
      }
    },
    {
      &quot;attributes&quot;: {
        &quot;owner&quot;: &quot;Dark Fibre Africa&quot;,
        &quot;stage&quot;: &quot;Construction&quot;,
        &quot;ea1&quot;: &quot;none&quot;,
        &quot;ea2&quot;: &quot;Gauteng South&quot;
      }
    },
    {
      &quot;attributes&quot;: {
        &quot;owner&quot;: &quot;Dark Fibre Africa&quot;,
        &quot;stage&quot;: &quot;Construction&quot;,
        &quot;ea1&quot;: &quot;none&quot;,
        &quot;ea2&quot;: &quot;Kwa-Zulu Natal&quot;
      }
    },
    {
      &quot;attributes&quot;: {
        &quot;owner&quot;: &quot;Dark Fibre Africa&quot;,
        &quot;stage&quot;: &quot;Construction&quot;,
        &quot;ea1&quot;: &quot;K01P04&quot;,
        &quot;ea2&quot;: &quot;Kwa-Zulu Natal&quot;
      }
    },
    {
      &quot;attributes&quot;: {
        &quot;owner&quot;: &quot;Dark Fibre Africa&quot;,
        &quot;stage&quot;: &quot;Construction&quot;,
        &quot;ea1&quot;: &quot;AS00331GH003081&quot;,
        &quot;ea2&quot;: &quot;Gauteng South&quot;
      }
    },
    {
      &quot;attributes&quot;: {
        &quot;owner&quot;: &quot;Dark Fibre Africa&quot;,
        &quot;stage&quot;: &quot;Construction&quot;,
        &quot;ea1&quot;: &quot;none&quot;,
        &quot;ea2&quot;: &quot;Gauteng South&quot;
      }
    },
    {
      &quot;attributes&quot;: {
        &quot;owner&quot;: &quot;Dark Fibre Africa&quot;,
        &quot;stage&quot;: &quot;Construction&quot;,
        &quot;ea1&quot;: &quot;AS00353GH002017&quot;,
        &quot;ea2&quot;: &quot;Gauteng South&quot;
      }
    },
    {
      &quot;attributes&quot;: {
        &quot;owner&quot;: &quot;Dark Fibre Africa&quot;,
        &quot;stage&quot;: &quot;Construction&quot;,
        &quot;ea1&quot;: &quot;none&quot;,
        &quot;ea2&quot;: &quot;Gauteng South&quot;
      }
    },
    {
      &quot;attributes&quot;: {
        &quot;owner&quot;: &quot;Dark Fibre Africa&quot;,
        &quot;stage&quot;: &quot;Construction&quot;,
        &quot;ea1&quot;: &quot;G30P03&quot;,
        &quot;ea2&quot;: &quot;Gauteng South&quot;
      }
    },
    {
      &quot;attributes&quot;: {
        &quot;owner&quot;: &quot;Dark Fibre Africa&quot;,
        &quot;stage&quot;: &quot;Construction&quot;,
        &quot;ea1&quot;: &quot;none&quot;,
        &quot;ea2&quot;: &quot;Gauteng South&quot;
      }
    },
    {
      &quot;attributes&quot;: {
        &quot;owner&quot;: &quot;Dark Fibre Africa&quot;,
        &quot;stage&quot;: &quot;Construction&quot;,
        &quot;ea1&quot;: &quot;IOL Synchrony&quot;,
        &quot;ea2&quot;: &quot;Gauteng South&quot;
      }
    },
    {
      &quot;attributes&quot;: {
        &quot;owner&quot;: &quot;Dark Fibre Africa&quot;,
        &quot;stage&quot;: &quot;Construction&quot;,
        &quot;ea1&quot;: &quot;AS00358GH001434&quot;,
        &quot;ea2&quot;: &quot;Gauteng South&quot;
      }
    },
    {
      &quot;attributes&quot;: {
        &quot;owner&quot;: &quot;Dark Fibre Africa&quot;,
        &quot;stage&quot;: &quot;Construction&quot;,
        &quot;ea1&quot;: &quot;365-James Street (1280)&quot;,
        &quot;ea2&quot;: &quot;Gauteng South&quot;
      }
    },
    {
      &quot;attributes&quot;: {
        &quot;owner&quot;: &quot;Dark Fibre Africa&quot;,
        &quot;stage&quot;: &quot;Construction&quot;,
        &quot;ea1&quot;: &quot;365-James Street (1280)&quot;,
        &quot;ea2&quot;: &quot;Gauteng South&quot;
      }
    },
    {
      &quot;attributes&quot;: {
        &quot;owner&quot;: &quot;Dark Fibre Africa&quot;,
        &quot;stage&quot;: &quot;Construction&quot;,
        &quot;ea1&quot;: &quot;365-James Street (1280)&quot;,
        &quot;ea2&quot;: &quot;Gauteng South&quot;
      }
    },
    {
      &quot;attributes&quot;: {
        &quot;owner&quot;: &quot;Dark Fibre Africa&quot;,
        &quot;stage&quot;: &quot;Construction&quot;,
        &quot;ea1&quot;: &quot; &quot;,
        &quot;ea2&quot;: &quot;Gauteng South&quot;
      }
    },
    {
      &quot;attributes&quot;: {
        &quot;owner&quot;: &quot;Dark Fibre Africa&quot;,
        &quot;stage&quot;: &quot;Construction&quot;,
        &quot;ea1&quot;: &quot; &quot;,
        &quot;ea2&quot;: &quot;Gauteng South&quot;
      }
    },
    {
      &quot;attributes&quot;: {
        &quot;owner&quot;: &quot;Dark Fibre Africa&quot;,
        &quot;stage&quot;: &quot;Construction&quot;,
        &quot;ea1&quot;: &quot; &quot;,
        &quot;ea2&quot;: &quot;Gauteng South&quot;
      }
    },
    {
      &quot;attributes&quot;: {
        &quot;owner&quot;: &quot;Dark Fibre Africa&quot;,
        &quot;stage&quot;: &quot;Construction&quot;,
        &quot;ea1&quot;: &quot; &quot;,
        &quot;ea2&quot;: &quot;Gauteng South&quot;
      }
    },
    {
      &quot;attributes&quot;: {
        &quot;owner&quot;: &quot;Dark Fibre Africa&quot;,
        &quot;stage&quot;: &quot;Construction&quot;,
        &quot;ea1&quot;: &quot; &quot;,
        &quot;ea2&quot;: &quot;Gauteng South&quot;
      }
    },
    {
      &quot;attributes&quot;: {
        &quot;owner&quot;: &quot;Dark Fibre Africa&quot;,
        &quot;stage&quot;: &quot;Construction&quot;,
        &quot;ea1&quot;: &quot; &quot;,
        &quot;ea2&quot;: &quot;Gauteng South&quot;
      }
    },
    {
      &quot;attributes&quot;: {
        &quot;owner&quot;: &quot;Dark Fibre Africa&quot;,
        &quot;stage&quot;: &quot;Construction&quot;,
        &quot;ea1&quot;: &quot;AS00376GH000120 &quot;,
        &quot;ea2&quot;: &quot;Gauteng South&quot;
      }
    },
    {
      &quot;attributes&quot;: {
        &quot;owner&quot;: &quot;Dark Fibre Africa&quot;,
        &quot;stage&quot;: &quot;Construction&quot;,
        &quot;ea1&quot;: &quot; AS00379GH001818&quot;,
        &quot;ea2&quot;: &quot;Gauteng South&quot;
      }
    },
    {
      &quot;attributes&quot;: {
        &quot;owner&quot;: &quot;Dark Fibre Africa&quot;,
        &quot;stage&quot;: &quot;Construction&quot;,
        &quot;ea1&quot;: &quot; AS00379GH001818&quot;,
        &quot;ea2&quot;: &quot;Gauteng South&quot;
      }
    },
    {
      &quot;attributes&quot;: {
        &quot;owner&quot;: &quot;Dark Fibre Africa&quot;,
        &quot;stage&quot;: &quot;Construction&quot;,
        &quot;ea1&quot;: &quot; &quot;,
        &quot;ea2&quot;: &quot;Northern Region&quot;
      }
    },
    {
      &quot;attributes&quot;: {
        &quot;owner&quot;: &quot;Dark Fibre Africa&quot;,
        &quot;stage&quot;: &quot;Construction&quot;,
        &quot;ea1&quot;: &quot;AS00370GH002039 &quot;,
        &quot;ea2&quot;: &quot;Gauteng South&quot;
      }
    },
    {
      &quot;attributes&quot;: {
        &quot;owner&quot;: &quot;Dark Fibre Africa&quot;,
        &quot;stage&quot;: &quot;Construction&quot;,
        &quot;ea1&quot;: &quot; &quot;,
        &quot;ea2&quot;: &quot;Northern Region&quot;
      }
    },
    {
      &quot;attributes&quot;: {
        &quot;owner&quot;: &quot;Dark Fibre Africa&quot;,
        &quot;stage&quot;: &quot;Construction&quot;,
        &quot;ea1&quot;: &quot; &quot;,
        &quot;ea2&quot;: &quot;Northern Region&quot;
      }
    },
    {
      &quot;attributes&quot;: {
        &quot;owner&quot;: &quot;Dark Fibre Africa&quot;,
        &quot;stage&quot;: &quot;Construction&quot;,
        &quot;ea1&quot;: &quot; &quot;,
        &quot;ea2&quot;: &quot;Northern Region&quot;
      }
    },
    {
      &quot;attributes&quot;: {
        &quot;owner&quot;: &quot;Dark Fibre Africa&quot;,
        &quot;stage&quot;: &quot;Construction&quot;,
        &quot;ea1&quot;: &quot; &quot;,
        &quot;ea2&quot;: &quot;Northern Region&quot;
      }
    },
    {
      &quot;attributes&quot;: {
        &quot;owner&quot;: &quot;Dark Fibre Africa&quot;,
        &quot;stage&quot;: &quot;Construction&quot;,
        &quot;ea1&quot;: &quot; &quot;,
        &quot;ea2&quot;: &quot;Northern Region&quot;
      }
    },
    {
      &quot;attributes&quot;: {
        &quot;owner&quot;: &quot;Dark Fibre Africa&quot;,
        &quot;stage&quot;: &quot;Construction&quot;,
        &quot;ea1&quot;: &quot; &quot;,
        &quot;ea2&quot;: &quot;Northern Region&quot;
      }
    },
    {
      &quot;attributes&quot;: {
        &quot;owner&quot;: &quot;Dark Fibre Africa&quot;,
        &quot;stage&quot;: &quot;Construction&quot;,
        &quot;ea1&quot;: &quot; &quot;,
        &quot;ea2&quot;: &quot;Northern Region&quot;
      }
    },
    {
      &quot;attributes&quot;: {
        &quot;owner&quot;: &quot;Dark Fibre Africa&quot;,
        &quot;stage&quot;: &quot;Construction&quot;,
        &quot;ea1&quot;: &quot; &quot;,
        &quot;ea2&quot;: &quot;Northern Region&quot;
      }
    },
    {
      &quot;attributes&quot;: {
        &quot;owner&quot;: &quot;Dark Fibre Africa&quot;,
        &quot;stage&quot;: &quot;Construction&quot;,
        &quot;ea1&quot;: &quot; &quot;,
        &quot;ea2&quot;: &quot;Northern Region&quot;
      }
    },
    {
      &quot;attributes&quot;: {
        &quot;owner&quot;: &quot;Dark Fibre Africa&quot;,
        &quot;stage&quot;: &quot;Construction&quot;,
        &quot;ea1&quot;: &quot; &quot;,
        &quot;ea2&quot;: &quot;Northern Region&quot;
      }
    },
    {
      &quot;attributes&quot;: {
        &quot;owner&quot;: &quot;Dark Fibre Africa&quot;,
        &quot;stage&quot;: &quot;Construction&quot;,
        &quot;ea1&quot;: &quot; &quot;,
        &quot;ea2&quot;: &quot;Northern Region&quot;
      }
    },
    {
      &quot;attributes&quot;: {
        &quot;owner&quot;: &quot;Dark Fibre Africa&quot;,
        &quot;stage&quot;: &quot;Construction&quot;,
        &quot;ea1&quot;: &quot; &quot;,
        &quot;ea2&quot;: &quot;Northern Region&quot;
      }
    },
    {
      &quot;attributes&quot;: {
        &quot;owner&quot;: &quot;Dark Fibre Africa&quot;,
        &quot;stage&quot;: &quot;Construction&quot;,
        &quot;ea1&quot;: &quot; &quot;,
        &quot;ea2&quot;: &quot;Northern Region&quot;
      }
    },
    {
      &quot;attributes&quot;: {
        &quot;owner&quot;: &quot;Dark Fibre Africa&quot;,
        &quot;stage&quot;: &quot;Construction&quot;,
        &quot;ea1&quot;: &quot; &quot;,
        &quot;ea2&quot;: &quot;Northern Region&quot;
      }
    },
    {
      &quot;attributes&quot;: {
        &quot;owner&quot;: &quot;Dark Fibre Africa&quot;,
        &quot;stage&quot;: &quot;Construction&quot;,
        &quot;ea1&quot;: &quot; &quot;,
        &quot;ea2&quot;: &quot;Northern Region&quot;
      }
    },
    {
      &quot;attributes&quot;: {
        &quot;owner&quot;: &quot;Dark Fibre Africa&quot;,
        &quot;stage&quot;: &quot;Construction&quot;,
        &quot;ea1&quot;: &quot; &quot;,
        &quot;ea2&quot;: &quot;Northern Region&quot;
      }
    },
    {
      &quot;attributes&quot;: {
        &quot;owner&quot;: &quot;Dark Fibre Africa&quot;,
        &quot;stage&quot;: &quot;Construction&quot;,
        &quot;ea1&quot;: &quot; &quot;,
        &quot;ea2&quot;: &quot;Northern Region&quot;
      }
    },
    {
      &quot;attributes&quot;: {
        &quot;owner&quot;: &quot;Dark Fibre Africa&quot;,
        &quot;stage&quot;: &quot;Construction&quot;,
        &quot;ea1&quot;: &quot; &quot;,
        &quot;ea2&quot;: &quot;Northern Region&quot;
      }
    },
    {
      &quot;attributes&quot;: {
        &quot;owner&quot;: &quot;Dark Fibre Africa&quot;,
        &quot;stage&quot;: &quot;Construction&quot;,
        &quot;ea1&quot;: &quot; &quot;,
        &quot;ea2&quot;: &quot;Northern Region&quot;
      }
    },
    {
      &quot;attributes&quot;: {
        &quot;owner&quot;: &quot;Dark Fibre Africa&quot;,
        &quot;stage&quot;: &quot;Construction&quot;,
        &quot;ea1&quot;: &quot; &quot;,
        &quot;ea2&quot;: &quot;Northern Region&quot;
      }
    },
    {
      &quot;attributes&quot;: {
        &quot;owner&quot;: &quot;Dark Fibre Africa&quot;,
        &quot;stage&quot;: &quot;Construction&quot;,
        &quot;ea1&quot;: &quot; &quot;,
        &quot;ea2&quot;: &quot;Northern Region&quot;
      }
    },
    {
      &quot;attributes&quot;: {
        &quot;owner&quot;: &quot;Dark Fibre Africa&quot;,
        &quot;stage&quot;: &quot;Construction&quot;,
        &quot;ea1&quot;: &quot; &quot;,
        &quot;ea2&quot;: &quot;Gauteng South&quot;
      }
    },
    {
      &quot;attributes&quot;: {
        &quot;owner&quot;: &quot;Dark Fibre Africa&quot;,
        &quot;stage&quot;: &quot;Construction&quot;,
        &quot;ea1&quot;: &quot; &quot;,
        &quot;ea2&quot;: &quot;Gauteng South&quot;
      }
    },
    {
      &quot;attributes&quot;: {
        &quot;owner&quot;: &quot;Dark Fibre Africa&quot;,
        &quot;stage&quot;: &quot;Construction&quot;,
        &quot;ea1&quot;: &quot;K30P12&quot;,
        &quot;ea2&quot;: &quot;Kwa-Zulu Natal&quot;
      }
    },
    {
      &quot;attributes&quot;: {
        &quot;owner&quot;: &quot;Dark Fibre Africa&quot;,
        &quot;stage&quot;: &quot;Construction&quot;,
        &quot;ea1&quot;: &quot; AS77937BH340046&quot;,
        &quot;ea2&quot;: &quot;Northern Region&quot;
      }
    },
    {
      &quot;attributes&quot;: {
        &quot;owner&quot;: &quot;Dark Fibre Africa&quot;,
        &quot;stage&quot;: &quot;Construction&quot;,
        &quot;ea1&quot;: &quot; &quot;,
        &quot;ea2&quot;: &quot;Northern Region&quot;
      }
    },
    {
      &quot;attributes&quot;: {
        &quot;owner&quot;: &quot;Dark Fibre Africa&quot;,
        &quot;stage&quot;: &quot;Construction&quot;,
        &quot;ea1&quot;: &quot; &quot;,
        &quot;ea2&quot;: &quot;Gauteng South&quot;
      }
    },
    {
      &quot;attributes&quot;: {
        &quot;owner&quot;: &quot;Dark Fibre Africa&quot;,
        &quot;stage&quot;: &quot;Construction&quot;,
        &quot;ea1&quot;: &quot; &quot;,
        &quot;ea2&quot;: &quot;Gauteng South&quot;
      }
    },
    {
      &quot;attributes&quot;: {
        &quot;owner&quot;: &quot;Dark Fibre Africa&quot;,
        &quot;stage&quot;: &quot;Construction&quot;,
        &quot;ea1&quot;: &quot;K20P04&quot;,
        &quot;ea2&quot;: &quot;Kwa-Zulu Natal&quot;
      }
    },
    {
      &quot;attributes&quot;: {
        &quot;owner&quot;: &quot;Dark Fibre Africa&quot;,
        &quot;stage&quot;: &quot;Construction&quot;,
        &quot;ea1&quot;: &quot; &quot;,
        &quot;ea2&quot;: &quot;Northern Region&quot;
      }
    },
    {
      &quot;attributes&quot;: {
        &quot;owner&quot;: &quot;Dark Fibre Africa&quot;,
        &quot;stage&quot;: &quot;Construction&quot;,
        &quot;ea1&quot;: &quot; &quot;,
        &quot;ea2&quot;: &quot;Gauteng South&quot;
      }
    },
    {
      &quot;attributes&quot;: {
        &quot;owner&quot;: &quot;Dark Fibre Africa&quot;,
        &quot;stage&quot;: &quot;Construction&quot;,
        &quot;ea1&quot;: &quot; &quot;,
        &quot;ea2&quot;: &quot;Gauteng South&quot;
      }
    },
    {
      &quot;attributes&quot;: {
        &quot;owner&quot;: &quot;Dark Fibre Africa&quot;,
        &quot;stage&quot;: &quot;Construction&quot;,
        &quot;ea1&quot;: &quot; &quot;,
        &quot;ea2&quot;: &quot;Gauteng South&quot;
      }
    },
    {
      &quot;attributes&quot;: {
        &quot;owner&quot;: &quot;Dark Fibre Africa&quot;,
        &quot;stage&quot;: &quot;Construction&quot;,
        &quot;ea1&quot;: &quot; &quot;,
        &quot;ea2&quot;: &quot;Northern Region&quot;
      }
    },
    {
      &quot;attributes&quot;: {
        &quot;owner&quot;: &quot;Dark Fibre Africa&quot;,
        &quot;stage&quot;: &quot;Construction&quot;,
        &quot;ea1&quot;: &quot; &quot;,
        &quot;ea2&quot;: &quot;Northern Region&quot;
      }
    },
    {
      &quot;attributes&quot;: {
        &quot;owner&quot;: &quot;Dark Fibre Africa&quot;,
        &quot;stage&quot;: &quot;Construction&quot;,
        &quot;ea1&quot;: &quot; &quot;,
        &quot;ea2&quot;: &quot;Northern Region&quot;
      }
    },
    {
      &quot;attributes&quot;: {
        &quot;owner&quot;: &quot;Dark Fibre Africa&quot;,
        &quot;stage&quot;: &quot;Construction&quot;,
        &quot;ea1&quot;: &quot; &quot;,
        &quot;ea2&quot;: &quot;Northern Region&quot;
      }
    },
    {
      &quot;attributes&quot;: {
        &quot;owner&quot;: &quot;Dark Fibre Africa&quot;,
        &quot;stage&quot;: &quot;Construction&quot;,
        &quot;ea1&quot;: &quot; &quot;,
        &quot;ea2&quot;: &quot;Northern Region&quot;
      }
    },
    {
      &quot;attributes&quot;: {
        &quot;owner&quot;: &quot;Dark Fibre Africa&quot;,
        &quot;stage&quot;: &quot;Construction&quot;,
        &quot;ea1&quot;: &quot; &quot;,
        &quot;ea2&quot;: &quot;Northern Region&quot;
      }
    },
    {
      &quot;attributes&quot;: {
        &quot;owner&quot;: &quot;Dark Fibre Africa&quot;,
        &quot;stage&quot;: &quot;Construction&quot;,
        &quot;ea1&quot;: &quot;K20P01&quot;,
        &quot;ea2&quot;: &quot;Kwa-Zulu Natal&quot;
      }
    },
    {
      &quot;attributes&quot;: {
        &quot;owner&quot;: &quot;Dark Fibre Africa&quot;,
        &quot;stage&quot;: &quot;Construction&quot;,
        &quot;ea1&quot;: &quot;K20P01&quot;,
        &quot;ea2&quot;: &quot;Kwa-Zulu Natal&quot;
      }
    },
    {
      &quot;attributes&quot;: {
        &quot;owner&quot;: &quot;Dark Fibre Africa&quot;,
        &quot;stage&quot;: &quot;Construction&quot;,
        &quot;ea1&quot;: &quot; &quot;,
        &quot;ea2&quot;: &quot;Northern Region&quot;
      }
    },
    {
      &quot;attributes&quot;: {
        &quot;owner&quot;: &quot;Dark Fibre Africa&quot;,
        &quot;stage&quot;: &quot;Construction&quot;,
        &quot;ea1&quot;: &quot;AS00480GH000545 &quot;,
        &quot;ea2&quot;: &quot;Gauteng South&quot;
      }
    },
    {
      &quot;attributes&quot;: {
        &quot;owner&quot;: &quot;Dark Fibre Africa&quot;,
        &quot;stage&quot;: &quot;Construction&quot;,
        &quot;ea1&quot;: &quot; &quot;,
        &quot;ea2&quot;: &quot;Northern Region&quot;
      }
    },
    {
      &quot;attributes&quot;: {
        &quot;owner&quot;: &quot;Dark Fibre Africa&quot;,
        &quot;stage&quot;: &quot;Construction&quot;,
        &quot;ea1&quot;: &quot; &quot;,
        &quot;ea2&quot;: &quot;None&quot;
      }
    },
    {
      &quot;attributes&quot;: {
        &quot;owner&quot;: &quot;Dark Fibre Africa&quot;,
        &quot;stage&quot;: &quot;Construction&quot;,
        &quot;ea1&quot;: &quot; &quot;,
        &quot;ea2&quot;: &quot;Northern Region&quot;
      }
    },
    {
      &quot;attributes&quot;: {
        &quot;owner&quot;: &quot;Dark Fibre Africa&quot;,
        &quot;stage&quot;: &quot;Construction&quot;,
        &quot;ea1&quot;: &quot; &quot;,
        &quot;ea2&quot;: &quot;Northern Region&quot;
      }
    },
    {
      &quot;attributes&quot;: {
        &quot;owner&quot;: &quot;Dark Fibre Africa&quot;,
        &quot;stage&quot;: &quot;Construction&quot;,
        &quot;ea1&quot;: &quot; &quot;,
        &quot;ea2&quot;: &quot;Northern Region&quot;
      }
    },
    {
      &quot;attributes&quot;: {
        &quot;owner&quot;: &quot;Dark Fibre Africa&quot;,
        &quot;stage&quot;: &quot;Construction&quot;,
        &quot;ea1&quot;: &quot; &quot;,
        &quot;ea2&quot;: &quot;Northern Region&quot;
      }
    },
    {
      &quot;attributes&quot;: {
        &quot;owner&quot;: &quot;Dark Fibre Africa&quot;,
        &quot;stage&quot;: &quot;Construction&quot;,
        &quot;ea1&quot;: &quot;AS00520WH280927&quot;,
        &quot;ea2&quot;: &quot;Western Region&quot;
      }
    },
    {
      &quot;attributes&quot;: {
        &quot;owner&quot;: &quot;Dark Fibre Africa&quot;,
        &quot;stage&quot;: &quot;Construction&quot;,
        &quot;ea1&quot;: &quot;AS00527WH020148&quot;,
        &quot;ea2&quot;: &quot;Western Region&quot;
      }
    },
    {
      &quot;attributes&quot;: {
        &quot;owner&quot;: &quot;Dark Fibre Africa&quot;,
        &quot;stage&quot;: &quot;Construction&quot;,
        &quot;ea1&quot;: &quot;AS00531CH200140 &quot;,
        &quot;ea2&quot;: &quot;Western Region&quot;
      }
    },
    {
      &quot;attributes&quot;: {
        &quot;owner&quot;: &quot;Dark Fibre Africa&quot;,
        &quot;stage&quot;: &quot;Construction&quot;,
        &quot;ea1&quot;: &quot; G20P08&quot;,
        &quot;ea2&quot;: &quot;Gauteng South&quot;
      }
    },
    {
      &quot;attributes&quot;: {
        &quot;owner&quot;: &quot;Dark Fibre Africa&quot;,
        &quot;stage&quot;: &quot;Construction&quot;,
        &quot;ea1&quot;: &quot; &quot;,
        &quot;ea2&quot;: &quot;Gauteng South&quot;
      }
    },
    {
      &quot;attributes&quot;: {
        &quot;owner&quot;: &quot;Dark Fibre Africa&quot;,
        &quot;stage&quot;: &quot;Construction&quot;,
        &quot;ea1&quot;: &quot; &quot;,
        &quot;ea2&quot;: &quot;Gauteng South&quot;
      }
    },
    {
      &quot;attributes&quot;: {
        &quot;owner&quot;: &quot;Dark Fibre Africa&quot;,
        &quot;stage&quot;: &quot;Construction&quot;,
        &quot;ea1&quot;: &quot; &quot;,
        &quot;ea2&quot;: &quot;Gauteng South&quot;
      }
    },
    {
      &quot;attributes&quot;: {
        &quot;owner&quot;: &quot;Dark Fibre Africa&quot;,
        &quot;stage&quot;: &quot;Construction&quot;,
        &quot;ea1&quot;: &quot; &quot;,
        &quot;ea2&quot;: &quot;Gauteng South&quot;
      }
    },
    {
      &quot;attributes&quot;: {
        &quot;owner&quot;: &quot;Dark Fibre Africa&quot;,
        &quot;stage&quot;: &quot;Construction&quot;,
        &quot;ea1&quot;: &quot; &quot;,
        &quot;ea2&quot;: &quot;Gauteng South&quot;
      }
    },
    {
      &quot;attributes&quot;: {
        &quot;owner&quot;: &quot;Dark Fibre Africa&quot;,
        &quot;stage&quot;: &quot;Construction&quot;,
        &quot;ea1&quot;: &quot; &quot;,
        &quot;ea2&quot;: &quot;Gauteng South&quot;
      }
    },
    {
      &quot;attributes&quot;: {
        &quot;owner&quot;: &quot;Dark Fibre Africa&quot;,
        &quot;stage&quot;: &quot;Construction&quot;,
        &quot;ea1&quot;: &quot; &quot;,
        &quot;ea2&quot;: &quot;Gauteng South&quot;
      }
    },
    {
      &quot;attributes&quot;: {
        &quot;owner&quot;: &quot;Dark Fibre Africa&quot;,
        &quot;stage&quot;: &quot;Construction&quot;,
        &quot;ea1&quot;: &quot; &quot;,
        &quot;ea2&quot;: &quot;Gauteng South&quot;
      }
    },
    {
      &quot;attributes&quot;: {
        &quot;owner&quot;: &quot;Dark Fibre Africa&quot;,
        &quot;stage&quot;: &quot;Construction&quot;,
        &quot;ea1&quot;: &quot; AS03036BH020318&quot;,
        &quot;ea2&quot;: &quot;Northern Region&quot;
      }
    },
    {
      &quot;attributes&quot;: {
        &quot;owner&quot;: &quot;Dark Fibre Africa&quot;,
        &quot;stage&quot;: &quot;Construction&quot;,
        &quot;ea1&quot;: &quot; &quot;,
        &quot;ea2&quot;: &quot;Gauteng South&quot;
      }
    },
    {
      &quot;attributes&quot;: {
        &quot;owner&quot;: &quot;Dark Fibre Africa&quot;,
        &quot;stage&quot;: &quot;Construction&quot;,
        &quot;ea1&quot;: &quot; &quot;,
        &quot;ea2&quot;: &quot;Gauteng South&quot;
      }
    },
    {
      &quot;attributes&quot;: {
        &quot;owner&quot;: &quot;Dark Fibre Africa&quot;,
        &quot;stage&quot;: &quot;Construction&quot;,
        &quot;ea1&quot;: &quot; &quot;,
        &quot;ea2&quot;: &quot;Gauteng South&quot;
      }
    },
    {
      &quot;attributes&quot;: {
        &quot;owner&quot;: &quot;Dark Fibre Africa&quot;,
        &quot;stage&quot;: &quot;Construction&quot;,
        &quot;ea1&quot;: &quot; &quot;,
        &quot;ea2&quot;: &quot;Gauteng South&quot;
      }
    },
    {
      &quot;attributes&quot;: {
        &quot;owner&quot;: &quot;Dark Fibre Africa&quot;,
        &quot;stage&quot;: &quot;Construction&quot;,
        &quot;ea1&quot;: &quot; AS00574GH022803&quot;,
        &quot;ea2&quot;: &quot;Gauteng South&quot;
      }
    },
    {
      &quot;attributes&quot;: {
        &quot;owner&quot;: &quot;Dark Fibre Africa&quot;,
        &quot;stage&quot;: &quot;Construction&quot;,
        &quot;ea1&quot;: &quot; &quot;,
        &quot;ea2&quot;: &quot;Gauteng South&quot;
      }
    },
    {
      &quot;attributes&quot;: {
        &quot;owner&quot;: &quot;Dark Fibre Africa&quot;,
        &quot;stage&quot;: &quot;Construction&quot;,
        &quot;ea1&quot;: &quot; &quot;,
        &quot;ea2&quot;: &quot;Gauteng South&quot;
      }
    },
    {
      &quot;attributes&quot;: {
        &quot;owner&quot;: &quot;Dark Fibre Africa&quot;,
        &quot;stage&quot;: &quot;Construction&quot;,
        &quot;ea1&quot;: &quot; &quot;,
        &quot;ea2&quot;: &quot;Gauteng South&quot;
      }
    },
    {
      &quot;attributes&quot;: {
        &quot;owner&quot;: &quot;Dark Fibre Africa&quot;,
        &quot;stage&quot;: &quot;Construction&quot;,
        &quot;ea1&quot;: &quot; &quot;,
        &quot;ea2&quot;: &quot;Gauteng South&quot;
      }
    },
    {
      &quot;attributes&quot;: {
        &quot;owner&quot;: &quot;Dark Fibre Africa&quot;,
        &quot;stage&quot;: &quot;Construction&quot;,
        &quot;ea1&quot;: &quot; &quot;,
        &quot;ea2&quot;: &quot;Gauteng South&quot;
      }
    },
    {
      &quot;attributes&quot;: {
        &quot;owner&quot;: &quot;Dark Fibre Africa&quot;,
        &quot;stage&quot;: &quot;Construction&quot;,
        &quot;ea1&quot;: &quot; &quot;,
        &quot;ea2&quot;: &quot;Gauteng South&quot;
      }
    },
    {
      &quot;attributes&quot;: {
        &quot;owner&quot;: &quot;Dark Fibre Africa&quot;,
        &quot;stage&quot;: &quot;Construction&quot;,
        &quot;ea1&quot;: &quot; &quot;,
        &quot;ea2&quot;: &quot;Gauteng South&quot;
      }
    },
    {
      &quot;attributes&quot;: {
        &quot;owner&quot;: &quot;Dark Fibre Africa&quot;,
        &quot;stage&quot;: &quot;Construction&quot;,
        &quot;ea1&quot;: &quot; &quot;,
        &quot;ea2&quot;: &quot;Gauteng South&quot;
      }
    },
    {
      &quot;attributes&quot;: {
        &quot;owner&quot;: &quot;Dark Fibre Africa&quot;,
        &quot;stage&quot;: &quot;Construction&quot;,
        &quot;ea1&quot;: &quot; &quot;,
        &quot;ea2&quot;: &quot;Gauteng South&quot;
      }
    },
    {
      &quot;attributes&quot;: {
        &quot;owner&quot;: &quot;Dark Fibre Africa&quot;,
        &quot;stage&quot;: &quot;Construction&quot;,
        &quot;ea1&quot;: &quot; &quot;,
        &quot;ea2&quot;: &quot;Gauteng South&quot;
      }
    },
    {
      &quot;attributes&quot;: {
        &quot;owner&quot;: &quot;Dark Fibre Africa&quot;,
        &quot;stage&quot;: &quot;Construction&quot;,
        &quot;ea1&quot;: &quot; &quot;,
        &quot;ea2&quot;: &quot;Gauteng South&quot;
      }
    },
    {
      &quot;attributes&quot;: {
        &quot;owner&quot;: &quot;Dark Fibre Africa&quot;,
        &quot;stage&quot;: &quot;Construction&quot;,
        &quot;ea1&quot;: &quot; &quot;,
        &quot;ea2&quot;: &quot;Gauteng South&quot;
      }
    },
    {
      &quot;attributes&quot;: {
        &quot;owner&quot;: &quot;Dark Fibre Africa&quot;,
        &quot;stage&quot;: &quot;Construction&quot;,
        &quot;ea1&quot;: &quot; &quot;,
        &quot;ea2&quot;: &quot;Gauteng South&quot;
      }
    },
    {
      &quot;attributes&quot;: {
        &quot;owner&quot;: &quot;Dark Fibre Africa&quot;,
        &quot;stage&quot;: &quot;Construction&quot;,
        &quot;ea1&quot;: &quot; &quot;,
        &quot;ea2&quot;: &quot;Gauteng South&quot;
      }
    },
    {
      &quot;attributes&quot;: {
        &quot;owner&quot;: &quot;Dark Fibre Africa&quot;,
        &quot;stage&quot;: &quot;Construction&quot;,
        &quot;ea1&quot;: &quot;none&quot;,
        &quot;ea2&quot;: &quot;Gauteng South&quot;
      }
    },
    {
      &quot;attributes&quot;: {
        &quot;owner&quot;: &quot;Dark Fibre Africa&quot;,
        &quot;stage&quot;: &quot;Construction&quot;,
        &quot;ea1&quot;: &quot;none&quot;,
        &quot;ea2&quot;: &quot;Gauteng South&quot;
      }
    },
    {
      &quot;attributes&quot;: {
        &quot;owner&quot;: &quot;Dark Fibre Africa&quot;,
        &quot;stage&quot;: &quot;Construction&quot;,
        &quot;ea1&quot;: &quot;none&quot;,
        &quot;ea2&quot;: &quot;Gauteng South&quot;
      }
    },
    {
      &quot;attributes&quot;: {
        &quot;owner&quot;: &quot;Dark Fibre Africa&quot;,
        &quot;stage&quot;: &quot;Construction&quot;,
        &quot;ea1&quot;: &quot;none&quot;,
        &quot;ea2&quot;: &quot;Gauteng South&quot;
      }
    },
    {
      &quot;attributes&quot;: {
        &quot;owner&quot;: &quot;Dark Fibre Africa&quot;,
        &quot;stage&quot;: &quot;Construction&quot;,
        &quot;ea1&quot;: &quot;none&quot;,
        &quot;ea2&quot;: &quot;Gauteng South&quot;
      }
    },
    {
      &quot;attributes&quot;: {
        &quot;owner&quot;: &quot;Dark Fibre Africa&quot;,
        &quot;stage&quot;: &quot;Construction&quot;,
        &quot;ea1&quot;: &quot;none&quot;,
        &quot;ea2&quot;: &quot;Gauteng South&quot;
      }
    },
    {
      &quot;attributes&quot;: {
        &quot;owner&quot;: &quot;Dark Fibre Africa&quot;,
        &quot;stage&quot;: &quot;Construction&quot;,
        &quot;ea1&quot;: &quot;none&quot;,
        &quot;ea2&quot;: &quot;Gauteng South&quot;
      }
    },
    {
      &quot;attributes&quot;: {
        &quot;owner&quot;: &quot;Dark Fibre Africa&quot;,
        &quot;stage&quot;: &quot;Construction&quot;,
        &quot;ea1&quot;: &quot;none&quot;,
        &quot;ea2&quot;: &quot;Gauteng South&quot;
      }
    },
    {
      &quot;attributes&quot;: {
        &quot;owner&quot;: &quot;Dark Fibre Africa&quot;,
        &quot;stage&quot;: &quot;Construction&quot;,
        &quot;ea1&quot;: &quot;none&quot;,
        &quot;ea2&quot;: &quot;Gauteng South&quot;
      }
    },
    {
      &quot;attributes&quot;: {
        &quot;owner&quot;: &quot;Dark Fibre Africa&quot;,
        &quot;stage&quot;: &quot;Construction&quot;,
        &quot;ea1&quot;: &quot;none&quot;,
        &quot;ea2&quot;: &quot;Gauteng South&quot;
      }
    },
    {
      &quot;attributes&quot;: {
        &quot;owner&quot;: &quot;Dark Fibre Africa&quot;,
        &quot;stage&quot;: &quot;Construction&quot;,
        &quot;ea1&quot;: &quot;none&quot;,
        &quot;ea2&quot;: &quot;Gauteng South&quot;
      }
    },
    {
      &quot;attributes&quot;: {
        &quot;owner&quot;: &quot;Dark Fibre Africa&quot;,
        &quot;stage&quot;: &quot;Construction&quot;,
        &quot;ea1&quot;: &quot;none&quot;,
        &quot;ea2&quot;: &quot;Gauteng South&quot;
      }
    },
    {
      &quot;attributes&quot;: {
        &quot;owner&quot;: &quot;Dark Fibre Africa&quot;,
        &quot;stage&quot;: &quot;Construction&quot;,
        &quot;ea1&quot;: &quot;none&quot;,
        &quot;ea2&quot;: &quot;Gauteng South&quot;
      }
    },
    {
      &quot;attributes&quot;: {
        &quot;owner&quot;: &quot;Dark Fibre Africa&quot;,
        &quot;stage&quot;: &quot;Construction&quot;,
        &quot;ea1&quot;: &quot;none&quot;,
        &quot;ea2&quot;: &quot;Gauteng South&quot;
      }
    },
    {
      &quot;attributes&quot;: {
        &quot;owner&quot;: &quot;Dark Fibre Africa&quot;,
        &quot;stage&quot;: &quot;Construction&quot;,
        &quot;ea1&quot;: &quot;none&quot;,
        &quot;ea2&quot;: &quot;Gauteng South&quot;
      }
    },
    {
      &quot;attributes&quot;: {
        &quot;owner&quot;: &quot;Dark Fibre Africa&quot;,
        &quot;stage&quot;: &quot;Construction&quot;,
        &quot;ea1&quot;: &quot;none&quot;,
        &quot;ea2&quot;: &quot;Gauteng South&quot;
      }
    },
    {
      &quot;attributes&quot;: {
        &quot;owner&quot;: &quot;Dark Fibre Africa&quot;,
        &quot;stage&quot;: &quot;Construction&quot;,
        &quot;ea1&quot;: &quot;none&quot;,
        &quot;ea2&quot;: &quot;Gauteng South&quot;
      }
    },
    {
      &quot;attributes&quot;: {
        &quot;owner&quot;: &quot;Dark Fibre Africa&quot;,
        &quot;stage&quot;: &quot;Construction&quot;,
        &quot;ea1&quot;: &quot;K20P01&quot;,
        &quot;ea2&quot;: &quot;Kwa-Zulu Natal&quot;
      }
    },
    {
      &quot;attributes&quot;: {
        &quot;owner&quot;: &quot;Dark Fibre Africa&quot;,
        &quot;stage&quot;: &quot;Construction&quot;,
        &quot;ea1&quot;: &quot;none&quot;,
        &quot;ea2&quot;: &quot;Gauteng South&quot;
      }
    },
    {
      &quot;attributes&quot;: {
        &quot;owner&quot;: &quot;Dark Fibre Africa&quot;,
        &quot;stage&quot;: &quot;Construction&quot;,
        &quot;ea1&quot;: &quot;none&quot;,
        &quot;ea2&quot;: &quot;Gauteng South&quot;
      }
    },
    {
      &quot;attributes&quot;: {
        &quot;owner&quot;: &quot;Dark Fibre Africa&quot;,
        &quot;stage&quot;: &quot;Construction&quot;,
        &quot;ea1&quot;: &quot;none&quot;,
        &quot;ea2&quot;: &quot;Gauteng South&quot;
      }
    },
    {
      &quot;attributes&quot;: {
        &quot;owner&quot;: &quot;Dark Fibre Africa&quot;,
        &quot;stage&quot;: &quot;Construction&quot;,
        &quot;ea1&quot;: &quot;none&quot;,
        &quot;ea2&quot;: &quot;Gauteng South&quot;
      }
    },
    {
      &quot;attributes&quot;: {
        &quot;owner&quot;: &quot;Dark Fibre Africa&quot;,
        &quot;stage&quot;: &quot;Construction&quot;,
        &quot;ea1&quot;: &quot;none&quot;,
        &quot;ea2&quot;: &quot;Gauteng South&quot;
      }
    },
    {
      &quot;attributes&quot;: {
        &quot;owner&quot;: &quot;Dark Fibre Africa&quot;,
        &quot;stage&quot;: &quot;Construction&quot;,
        &quot;ea1&quot;: &quot;none&quot;,
        &quot;ea2&quot;: &quot;Gauteng South&quot;
      }
    },
    {
      &quot;attributes&quot;: {
        &quot;owner&quot;: &quot;Dark Fibre Africa&quot;,
        &quot;stage&quot;: &quot;Construction&quot;,
        &quot;ea1&quot;: &quot;AS680GH001071&quot;,
        &quot;ea2&quot;: &quot;Gauteng South&quot;
      }
    },
    {
      &quot;attributes&quot;: {
        &quot;owner&quot;: &quot;Dark Fibre Africa&quot;,
        &quot;stage&quot;: &quot;Construction&quot;,
        &quot;ea1&quot;: &quot;AS00647GH000672&quot;,
        &quot;ea2&quot;: &quot;Gauteng South&quot;
      }
    },
    {
      &quot;attributes&quot;: {
        &quot;owner&quot;: &quot;Dark Fibre Africa&quot;,
        &quot;stage&quot;: &quot;Construction&quot;,
        &quot;ea1&quot;: &quot;AS00647GH000672&quot;,
        &quot;ea2&quot;: &quot;Gauteng South&quot;
      }
    },
    {
      &quot;attributes&quot;: {
        &quot;owner&quot;: &quot;Dark Fibre Africa&quot;,
        &quot;stage&quot;: &quot;Construction&quot;,
        &quot;ea1&quot;: &quot;none&quot;,
        &quot;ea2&quot;: &quot;Gauteng South&quot;
      }
    },
    {
      &quot;attributes&quot;: {
        &quot;owner&quot;: &quot;Dark Fibre Africa&quot;,
        &quot;stage&quot;: &quot;Construction&quot;,
        &quot;ea1&quot;: &quot;none&quot;,
        &quot;ea2&quot;: &quot;Gauteng South&quot;
      }
    },
    {
      &quot;attributes&quot;: {
        &quot;owner&quot;: &quot;Dark Fibre Africa&quot;,
        &quot;stage&quot;: &quot;Construction&quot;,
        &quot;ea1&quot;: &quot;none&quot;,
        &quot;ea2&quot;: &quot;Gauteng South&quot;
      }
    },
    {
      &quot;attributes&quot;: {
        &quot;owner&quot;: &quot;Dark Fibre Africa&quot;,
        &quot;stage&quot;: &quot;Construction&quot;,
        &quot;ea1&quot;: &quot;none&quot;,
        &quot;ea2&quot;: &quot;Northern Region&quot;
      }
    },
    {
      &quot;attributes&quot;: {
        &quot;owner&quot;: &quot;Dark Fibre Africa&quot;,
        &quot;stage&quot;: &quot;Construction&quot;,
        &quot;ea1&quot;: &quot;none&quot;,
        &quot;ea2&quot;: &quot;Northern Region&quot;
      }
    },
    {
      &quot;attributes&quot;: {
        &quot;owner&quot;: &quot;Dark Fibre Africa&quot;,
        &quot;stage&quot;: &quot;Construction&quot;,
        &quot;ea1&quot;: &quot;none&quot;,
        &quot;ea2&quot;: &quot;Gauteng South&quot;
      }
    },
    {
      &quot;attributes&quot;: {
        &quot;owner&quot;: &quot;Dark Fibre Africa&quot;,
        &quot;stage&quot;: &quot;Construction&quot;,
        &quot;ea1&quot;: &quot;AS00676GH004189&quot;,
        &quot;ea2&quot;: &quot;Gauteng South&quot;
      }
    },
    {
      &quot;attributes&quot;: {
        &quot;owner&quot;: &quot;Dark Fibre Africa&quot;,
        &quot;stage&quot;: &quot;Construction&quot;,
        &quot;ea1&quot;: &quot;none&quot;,
        &quot;ea2&quot;: &quot;Gauteng South&quot;
      }
    },
    {
      &quot;attributes&quot;: {
        &quot;owner&quot;: &quot;Dark Fibre Africa&quot;,
        &quot;stage&quot;: &quot;Construction&quot;,
        &quot;ea1&quot;: &quot;none&quot;,
        &quot;ea2&quot;: &quot;Gauteng South&quot;
      }
    },
    {
      &quot;attributes&quot;: {
        &quot;owner&quot;: &quot;Dark Fibre Africa&quot;,
        &quot;stage&quot;: &quot;Construction&quot;,
        &quot;ea1&quot;: &quot;none&quot;,
        &quot;ea2&quot;: &quot;Gauteng South&quot;
      }
    },
    {
      &quot;attributes&quot;: {
        &quot;owner&quot;: &quot;Dark Fibre Africa&quot;,
        &quot;stage&quot;: &quot;Construction&quot;,
        &quot;ea1&quot;: &quot;none&quot;,
        &quot;ea2&quot;: &quot;Gauteng South&quot;
      }
    },
    {
      &quot;attributes&quot;: {
        &quot;owner&quot;: &quot;Dark Fibre Africa&quot;,
        &quot;stage&quot;: &quot;Construction&quot;,
        &quot;ea1&quot;: &quot;none&quot;,
        &quot;ea2&quot;: &quot;Gauteng South&quot;
      }
    },
    {
      &quot;attributes&quot;: {
        &quot;owner&quot;: &quot;Dark Fibre Africa&quot;,
        &quot;stage&quot;: &quot;Construction&quot;,
        &quot;ea1&quot;: &quot;none&quot;,
        &quot;ea2&quot;: &quot;Gauteng South&quot;
      }
    },
    {
      &quot;attributes&quot;: {
        &quot;owner&quot;: &quot;Dark Fibre Africa&quot;,
        &quot;stage&quot;: &quot;Construction&quot;,
        &quot;ea1&quot;: &quot;none&quot;,
        &quot;ea2&quot;: &quot;Gauteng South&quot;
      }
    },
    {
      &quot;attributes&quot;: {
        &quot;owner&quot;: &quot;Dark Fibre Africa&quot;,
        &quot;stage&quot;: &quot;Construction&quot;,
        &quot;ea1&quot;: &quot;none&quot;,
        &quot;ea2&quot;: &quot;Gauteng South&quot;
      }
    },
    {
      &quot;attributes&quot;: {
        &quot;owner&quot;: &quot;Dark Fibre Africa&quot;,
        &quot;stage&quot;: &quot;Construction&quot;,
        &quot;ea1&quot;: &quot;none&quot;,
        &quot;ea2&quot;: &quot;Gauteng South&quot;
      }
    },
    {
      &quot;attributes&quot;: {
        &quot;owner&quot;: &quot;Dark Fibre Africa&quot;,
        &quot;stage&quot;: &quot;Construction&quot;,
        &quot;ea1&quot;: &quot;none&quot;,
        &quot;ea2&quot;: &quot;Gauteng South&quot;
      }
    },
    {
      &quot;attributes&quot;: {
        &quot;owner&quot;: &quot;Dark Fibre Africa&quot;,
        &quot;stage&quot;: &quot;Construction&quot;,
        &quot;ea1&quot;: &quot;none&quot;,
        &quot;ea2&quot;: &quot;Gauteng South&quot;
      }
    },
    {
      &quot;attributes&quot;: {
        &quot;owner&quot;: &quot;Dark Fibre Africa&quot;,
        &quot;stage&quot;: &quot;Construction&quot;,
        &quot;ea1&quot;: &quot;none&quot;,
        &quot;ea2&quot;: &quot;Gauteng South&quot;
      }
    },
    {
      &quot;attributes&quot;: {
        &quot;owner&quot;: &quot;Dark Fibre Africa&quot;,
        &quot;stage&quot;: &quot;Construction&quot;,
        &quot;ea1&quot;: &quot;none&quot;,
        &quot;ea2&quot;: &quot;Gauteng South&quot;
      }
    },
    {
      &quot;attributes&quot;: {
        &quot;owner&quot;: &quot;Dark Fibre Africa&quot;,
        &quot;stage&quot;: &quot;Construction&quot;,
        &quot;ea1&quot;: &quot;none&quot;,
        &quot;ea2&quot;: &quot;Gauteng South&quot;
      }
    },
    {
      &quot;attributes&quot;: {
        &quot;owner&quot;: &quot;Dark Fibre Africa&quot;,
        &quot;stage&quot;: &quot;Construction&quot;,
        &quot;ea1&quot;: &quot;none&quot;,
        &quot;ea2&quot;: &quot;Gauteng South&quot;
      }
    },
    {
      &quot;attributes&quot;: {
        &quot;owner&quot;: &quot;Dark Fibre Africa&quot;,
        &quot;stage&quot;: &quot;Construction&quot;,
        &quot;ea1&quot;: &quot;none&quot;,
        &quot;ea2&quot;: &quot;Gauteng South&quot;
      }
    },
    {
      &quot;attributes&quot;: {
        &quot;owner&quot;: &quot;Dark Fibre Africa&quot;,
        &quot;stage&quot;: &quot;Construction&quot;,
        &quot;ea1&quot;: &quot;none&quot;,
        &quot;ea2&quot;: &quot;Gauteng South&quot;
      }
    },
    {
      &quot;attributes&quot;: {
        &quot;owner&quot;: &quot;Dark Fibre Africa&quot;,
        &quot;stage&quot;: &quot;Construction&quot;,
        &quot;ea1&quot;: &quot;AS00768GH000899&quot;,
        &quot;ea2&quot;: &quot;Gauteng South&quot;
      }
    },
    {
      &quot;attributes&quot;: {
        &quot;owner&quot;: &quot;Dark Fibre Africa&quot;,
        &quot;stage&quot;: &quot;Construction&quot;,
        &quot;ea1&quot;: &quot;AS00768GH000899&quot;,
        &quot;ea2&quot;: &quot;Gauteng South&quot;
      }
    },
    {
      &quot;attributes&quot;: {
        &quot;owner&quot;: &quot;Dark Fibre Africa&quot;,
        &quot;stage&quot;: &quot;Construction&quot;,
        &quot;ea1&quot;: &quot;none&quot;,
        &quot;ea2&quot;: &quot;Gauteng South&quot;
      }
    },
    {
      &quot;attributes&quot;: {
        &quot;owner&quot;: &quot;Dark Fibre Africa&quot;,
        &quot;stage&quot;: &quot;Construction&quot;,
        &quot;ea1&quot;: &quot;none&quot;,
        &quot;ea2&quot;: &quot;Gauteng South&quot;
      }
    },
    {
      &quot;attributes&quot;: {
        &quot;owner&quot;: &quot;Dark Fibre Africa&quot;,
        &quot;stage&quot;: &quot;Construction&quot;,
        &quot;ea1&quot;: &quot;AS00771GH000890&quot;,
        &quot;ea2&quot;: &quot;Gauteng South&quot;
      }
    },
    {
      &quot;attributes&quot;: {
        &quot;owner&quot;: &quot;Dark Fibre Africa&quot;,
        &quot;stage&quot;: &quot;Construction&quot;,
        &quot;ea1&quot;: &quot;none&quot;,
        &quot;ea2&quot;: &quot;Gauteng South&quot;
      }
    },
    {
      &quot;attributes&quot;: {
        &quot;owner&quot;: &quot;Dark Fibre Africa&quot;,
        &quot;stage&quot;: &quot;Construction&quot;,
        &quot;ea1&quot;: &quot;none&quot;,
        &quot;ea2&quot;: &quot;Gauteng South&quot;
      }
    },
    {
      &quot;attributes&quot;: {
        &quot;owner&quot;: &quot;Dark Fibre Africa&quot;,
        &quot;stage&quot;: &quot;Construction&quot;,
        &quot;ea1&quot;: &quot;none&quot;,
        &quot;ea2&quot;: &quot;Gauteng South&quot;
      }
    },
    {
      &quot;attributes&quot;: {
        &quot;owner&quot;: &quot;Dark Fibre Africa&quot;,
        &quot;stage&quot;: &quot;Construction&quot;,
        &quot;ea1&quot;: &quot;none&quot;,
        &quot;ea2&quot;: &quot;Gauteng South&quot;
      }
    },
    {
      &quot;attributes&quot;: {
        &quot;owner&quot;: &quot;Dark Fibre Africa&quot;,
        &quot;stage&quot;: &quot;Construction&quot;,
        &quot;ea1&quot;: &quot;none&quot;,
        &quot;ea2&quot;: &quot;None&quot;
      }
    },
    {
      &quot;attributes&quot;: {
        &quot;owner&quot;: &quot;Dark Fibre Africa&quot;,
        &quot;stage&quot;: &quot;Construction&quot;,
        &quot;ea1&quot;: &quot;none&quot;,
        &quot;ea2&quot;: &quot;None&quot;
      }
    },
    {
      &quot;attributes&quot;: {
        &quot;owner&quot;: &quot;Dark Fibre Africa&quot;,
        &quot;stage&quot;: &quot;Construction&quot;,
        &quot;ea1&quot;: &quot;none&quot;,
        &quot;ea2&quot;: &quot;Gauteng South&quot;
      }
    },
    {
      &quot;attributes&quot;: {
        &quot;owner&quot;: &quot;Dark Fibre Africa&quot;,
        &quot;stage&quot;: &quot;Construction&quot;,
        &quot;ea1&quot;: &quot;none&quot;,
        &quot;ea2&quot;: &quot;Gauteng South&quot;
      }
    },
    {
      &quot;attributes&quot;: {
        &quot;owner&quot;: &quot;Dark Fibre Africa&quot;,
        &quot;stage&quot;: &quot;Construction&quot;,
        &quot;ea1&quot;: &quot;none&quot;,
        &quot;ea2&quot;: &quot;Gauteng South&quot;
      }
    },
    {
      &quot;attributes&quot;: {
        &quot;owner&quot;: &quot;Dark Fibre Africa&quot;,
        &quot;stage&quot;: &quot;Construction&quot;,
        &quot;ea1&quot;: &quot;none&quot;,
        &quot;ea2&quot;: &quot;Gauteng South&quot;
      }
    },
    {
      &quot;attributes&quot;: {
        &quot;owner&quot;: &quot;Dark Fibre Africa&quot;,
        &quot;stage&quot;: &quot;Construction&quot;,
        &quot;ea1&quot;: &quot;none&quot;,
        &quot;ea2&quot;: &quot;Gauteng South&quot;
      }
    },
    {
      &quot;attributes&quot;: {
        &quot;owner&quot;: &quot;Dark Fibre Africa&quot;,
        &quot;stage&quot;: &quot;Construction&quot;,
        &quot;ea1&quot;: &quot;none&quot;,
        &quot;ea2&quot;: &quot;Gauteng South&quot;
      }
    },
    {
      &quot;attributes&quot;: {
        &quot;owner&quot;: &quot;Dark Fibre Africa&quot;,
        &quot;stage&quot;: &quot;Construction&quot;,
        &quot;ea1&quot;: &quot;none&quot;,
        &quot;ea2&quot;: &quot;Gauteng South&quot;
      }
    },
    {
      &quot;attributes&quot;: {
        &quot;owner&quot;: &quot;Dark Fibre Africa&quot;,
        &quot;stage&quot;: &quot;Construction&quot;,
        &quot;ea1&quot;: &quot;none&quot;,
        &quot;ea2&quot;: &quot;Gauteng South&quot;
      }
    },
    {
      &quot;attributes&quot;: {
        &quot;owner&quot;: &quot;Dark Fibre Africa&quot;,
        &quot;stage&quot;: &quot;Construction&quot;,
        &quot;ea1&quot;: &quot;none&quot;,
        &quot;ea2&quot;: &quot;Gauteng South&quot;
      }
    },
    {
      &quot;attributes&quot;: {
        &quot;owner&quot;: &quot;Dark Fibre Africa&quot;,
        &quot;stage&quot;: &quot;Construction&quot;,
        &quot;ea1&quot;: &quot;none&quot;,
        &quot;ea2&quot;: &quot;Gauteng South&quot;
      }
    },
    {
      &quot;attributes&quot;: {
        &quot;owner&quot;: &quot;Dark Fibre Africa&quot;,
        &quot;stage&quot;: &quot;Construction&quot;,
        &quot;ea1&quot;: &quot;none&quot;,
        &quot;ea2&quot;: &quot;Gauteng South&quot;
      }
    },
    {
      &quot;attributes&quot;: {
        &quot;owner&quot;: &quot;Dark Fibre Africa&quot;,
        &quot;stage&quot;: &quot;Construction&quot;,
        &quot;ea1&quot;: &quot;none&quot;,
        &quot;ea2&quot;: &quot;Gauteng South&quot;
      }
    },
    {
      &quot;attributes&quot;: {
        &quot;owner&quot;: &quot;Dark Fibre Africa&quot;,
        &quot;stage&quot;: &quot;Construction&quot;,
        &quot;ea1&quot;: &quot;none&quot;,
        &quot;ea2&quot;: &quot;Gauteng South&quot;
      }
    },
    {
      &quot;attributes&quot;: {
        &quot;owner&quot;: &quot;Dark Fibre Africa&quot;,
        &quot;stage&quot;: &quot;Construction&quot;,
        &quot;ea1&quot;: &quot;none&quot;,
        &quot;ea2&quot;: &quot;Gauteng South&quot;
      }
    },
    {
      &quot;attributes&quot;: {
        &quot;owner&quot;: &quot;Dark Fibre Africa&quot;,
        &quot;stage&quot;: &quot;Construction&quot;,
        &quot;ea1&quot;: &quot;none&quot;,
        &quot;ea2&quot;: &quot;Gauteng South&quot;
      }
    },
    {
      &quot;attributes&quot;: {
        &quot;owner&quot;: &quot;Dark Fibre Africa&quot;,
        &quot;stage&quot;: &quot;Construction&quot;,
        &quot;ea1&quot;: &quot;none&quot;,
        &quot;ea2&quot;: &quot;Gauteng South&quot;
      }
    },
    {
      &quot;attributes&quot;: {
        &quot;owner&quot;: &quot;Dark Fibre Africa&quot;,
        &quot;stage&quot;: &quot;Construction&quot;,
        &quot;ea1&quot;: &quot;AS00810GH060716&quot;,
        &quot;ea2&quot;: &quot;Gauteng South&quot;
      }
    },
    {
      &quot;attributes&quot;: {
        &quot;owner&quot;: &quot;Dark Fibre Africa&quot;,
        &quot;stage&quot;: &quot;Construction&quot;,
        &quot;ea1&quot;: &quot;none&quot;,
        &quot;ea2&quot;: &quot;Gauteng South&quot;
      }
    },
    {
      &quot;attributes&quot;: {
        &quot;owner&quot;: &quot;Dark Fibre Africa&quot;,
        &quot;stage&quot;: &quot;Construction&quot;,
        &quot;ea1&quot;: &quot;none&quot;,
        &quot;ea2&quot;: &quot;Gauteng South&quot;
      }
    },
    {
      &quot;attributes&quot;: {
        &quot;owner&quot;: &quot;Dark Fibre Africa&quot;,
        &quot;stage&quot;: &quot;Construction&quot;,
        &quot;ea1&quot;: &quot;none&quot;,
        &quot;ea2&quot;: &quot;Gauteng South&quot;
      }
    },
    {
      &quot;attributes&quot;: {
        &quot;owner&quot;: &quot;Dark Fibre Africa&quot;,
        &quot;stage&quot;: &quot;Construction&quot;,
        &quot;ea1&quot;: &quot;none&quot;,
        &quot;ea2&quot;: &quot;Gauteng South&quot;
      }
    },
    {
      &quot;attributes&quot;: {
        &quot;owner&quot;: &quot;Dark Fibre Africa&quot;,
        &quot;stage&quot;: &quot;Construction&quot;,
        &quot;ea1&quot;: &quot;none&quot;,
        &quot;ea2&quot;: &quot;Gauteng South&quot;
      }
    },
    {
      &quot;attributes&quot;: {
        &quot;owner&quot;: &quot;Dark Fibre Africa&quot;,
        &quot;stage&quot;: &quot;Construction&quot;,
        &quot;ea1&quot;: &quot;none&quot;,
        &quot;ea2&quot;: &quot;Gauteng South&quot;
      }
    },
    {
      &quot;attributes&quot;: {
        &quot;owner&quot;: &quot;Dark Fibre Africa&quot;,
        &quot;stage&quot;: &quot;Construction&quot;,
        &quot;ea1&quot;: &quot;none&quot;,
        &quot;ea2&quot;: &quot;Gauteng South&quot;
      }
    },
    {
      &quot;attributes&quot;: {
        &quot;owner&quot;: &quot;Dark Fibre Africa&quot;,
        &quot;stage&quot;: &quot;Construction&quot;,
        &quot;ea1&quot;: &quot;none&quot;,
        &quot;ea2&quot;: &quot;Gauteng South&quot;
      }
    },
    {
      &quot;attributes&quot;: {
        &quot;owner&quot;: &quot;Dark Fibre Africa&quot;,
        &quot;stage&quot;: &quot;Construction&quot;,
        &quot;ea1&quot;: &quot;none&quot;,
        &quot;ea2&quot;: &quot;Gauteng South&quot;
      }
    },
    {
      &quot;attributes&quot;: {
        &quot;owner&quot;: &quot;Dark Fibre Africa&quot;,
        &quot;stage&quot;: &quot;Construction&quot;,
        &quot;ea1&quot;: &quot;none&quot;,
        &quot;ea2&quot;: &quot;Gauteng South&quot;
      }
    },
    {
      &quot;attributes&quot;: {
        &quot;owner&quot;: &quot;Dark Fibre Africa&quot;,
        &quot;stage&quot;: &quot;Construction&quot;,
        &quot;ea1&quot;: &quot;none&quot;,
        &quot;ea2&quot;: &quot;Gauteng South&quot;
      }
    },
    {
      &quot;attributes&quot;: {
        &quot;owner&quot;: &quot;Dark Fibre Africa&quot;,
        &quot;stage&quot;: &quot;Construction&quot;,
        &quot;ea1&quot;: &quot;none&quot;,
        &quot;ea2&quot;: &quot;Gauteng South&quot;
      }
    },
    {
      &quot;attributes&quot;: {
        &quot;owner&quot;: &quot;Dark Fibre Africa&quot;,
        &quot;stage&quot;: &quot;Construction&quot;,
        &quot;ea1&quot;: &quot;none&quot;,
        &quot;ea2&quot;: &quot;Gauteng South&quot;
      }
    },
    {
      &quot;attributes&quot;: {
        &quot;owner&quot;: &quot;Dark Fibre Africa&quot;,
        &quot;stage&quot;: &quot;Construction&quot;,
        &quot;ea1&quot;: &quot;none&quot;,
        &quot;ea2&quot;: &quot;Gauteng South&quot;
      }
    },
    {
      &quot;attributes&quot;: {
        &quot;owner&quot;: &quot;Dark Fibre Africa&quot;,
        &quot;stage&quot;: &quot;Construction&quot;,
        &quot;ea1&quot;: &quot;none&quot;,
        &quot;ea2&quot;: &quot;Gauteng South&quot;
      }
    },
    {
      &quot;attributes&quot;: {
        &quot;owner&quot;: &quot;Dark Fibre Africa&quot;,
        &quot;stage&quot;: &quot;Construction&quot;,
        &quot;ea1&quot;: &quot;none&quot;,
        &quot;ea2&quot;: &quot;Gauteng South&quot;
      }
    },
    {
      &quot;attributes&quot;: {
        &quot;owner&quot;: &quot;Dark Fibre Africa&quot;,
        &quot;stage&quot;: &quot;Construction&quot;,
        &quot;ea1&quot;: &quot;AS00860GH004008&quot;,
        &quot;ea2&quot;: &quot;Gauteng South&quot;
      }
    },
    {
      &quot;attributes&quot;: {
        &quot;owner&quot;: &quot;Dark Fibre Africa&quot;,
        &quot;stage&quot;: &quot;Construction&quot;,
        &quot;ea1&quot;: &quot;AS00860GH004008&quot;,
        &quot;ea2&quot;: &quot;Gauteng South&quot;
      }
    },
    {
      &quot;attributes&quot;: {
        &quot;owner&quot;: &quot;Dark Fibre Africa&quot;,
        &quot;stage&quot;: &quot;Construction&quot;,
        &quot;ea1&quot;: &quot;AS00860GH004008&quot;,
        &quot;ea2&quot;: &quot;Gauteng South&quot;
      }
    },
    {
      &quot;attributes&quot;: {
        &quot;owner&quot;: &quot;Dark Fibre Africa&quot;,
        &quot;stage&quot;: &quot;Construction&quot;,
        &quot;ea1&quot;: &quot;none&quot;,
        &quot;ea2&quot;: &quot;Gauteng South&quot;
      }
    },
    {
      &quot;attributes&quot;: {
        &quot;owner&quot;: &quot;Dark Fibre Africa&quot;,
        &quot;stage&quot;: &quot;Construction&quot;,
        &quot;ea1&quot;: &quot;none&quot;,
        &quot;ea2&quot;: &quot;Gauteng South&quot;
      }
    },
    {
      &quot;attributes&quot;: {
        &quot;owner&quot;: &quot;Dark Fibre Africa&quot;,
        &quot;stage&quot;: &quot;Construction&quot;,
        &quot;ea1&quot;: &quot;none&quot;,
        &quot;ea2&quot;: &quot;Gauteng South&quot;
      }
    },
    {
      &quot;attributes&quot;: {
        &quot;owner&quot;: &quot;Dark Fibre Africa&quot;,
        &quot;stage&quot;: &quot;Construction&quot;,
        &quot;ea1&quot;: &quot;none&quot;,
        &quot;ea2&quot;: &quot;Gauteng South&quot;
      }
    },
    {
      &quot;attributes&quot;: {
        &quot;owner&quot;: &quot;Dark Fibre Africa&quot;,
        &quot;stage&quot;: &quot;Construction&quot;,
        &quot;ea1&quot;: &quot;none&quot;,
        &quot;ea2&quot;: &quot;Gauteng South&quot;
      }
    },
    {
      &quot;attributes&quot;: {
        &quot;owner&quot;: &quot;Dark Fibre Africa&quot;,
        &quot;stage&quot;: &quot;Construction&quot;,
        &quot;ea1&quot;: &quot;none&quot;,
        &quot;ea2&quot;: &quot;Gauteng South&quot;
      }
    },
    {
      &quot;attributes&quot;: {
        &quot;owner&quot;: &quot;Dark Fibre Africa&quot;,
        &quot;stage&quot;: &quot;Construction&quot;,
        &quot;ea1&quot;: &quot;none&quot;,
        &quot;ea2&quot;: &quot;Gauteng South&quot;
      }
    },
    {
      &quot;attributes&quot;: {
        &quot;owner&quot;: &quot;Dark Fibre Africa&quot;,
        &quot;stage&quot;: &quot;Construction&quot;,
        &quot;ea1&quot;: &quot;none&quot;,
        &quot;ea2&quot;: &quot;Gauteng South&quot;
      }
    },
    {
      &quot;attributes&quot;: {
        &quot;owner&quot;: &quot;Dark Fibre Africa&quot;,
        &quot;stage&quot;: &quot;Construction&quot;,
        &quot;ea1&quot;: &quot;none&quot;,
        &quot;ea2&quot;: &quot;Gauteng South&quot;
      }
    },
    {
      &quot;attributes&quot;: {
        &quot;owner&quot;: &quot;Dark Fibre Africa&quot;,
        &quot;stage&quot;: &quot;Construction&quot;,
        &quot;ea1&quot;: &quot;none&quot;,
        &quot;ea2&quot;: &quot;Gauteng South&quot;
      }
    },
    {
      &quot;attributes&quot;: {
        &quot;owner&quot;: &quot;Dark Fibre Africa&quot;,
        &quot;stage&quot;: &quot;Construction&quot;,
        &quot;ea1&quot;: &quot;none&quot;,
        &quot;ea2&quot;: &quot;Gauteng South&quot;
      }
    },
    {
      &quot;attributes&quot;: {
        &quot;owner&quot;: &quot;Dark Fibre Africa&quot;,
        &quot;stage&quot;: &quot;Construction&quot;,
        &quot;ea1&quot;: &quot;none&quot;,
        &quot;ea2&quot;: &quot;Gauteng South&quot;
      }
    },
    {
      &quot;attributes&quot;: {
        &quot;owner&quot;: &quot;Dark Fibre Africa&quot;,
        &quot;stage&quot;: &quot;Construction&quot;,
        &quot;ea1&quot;: &quot;none&quot;,
        &quot;ea2&quot;: &quot;Gauteng South&quot;
      }
    },
    {
      &quot;attributes&quot;: {
        &quot;owner&quot;: &quot;Dark Fibre Africa&quot;,
        &quot;stage&quot;: &quot;Construction&quot;,
        &quot;ea1&quot;: &quot;none&quot;,
        &quot;ea2&quot;: &quot;Gauteng South&quot;
      }
    },
    {
      &quot;attributes&quot;: {
        &quot;owner&quot;: &quot;Dark Fibre Africa&quot;,
        &quot;stage&quot;: &quot;Construction&quot;,
        &quot;ea1&quot;: &quot;none&quot;,
        &quot;ea2&quot;: &quot;Northern Region&quot;
      }
    },
    {
      &quot;attributes&quot;: {
        &quot;owner&quot;: &quot;Dark Fibre Africa&quot;,
        &quot;stage&quot;: &quot;Construction&quot;,
        &quot;ea1&quot;: &quot;none&quot;,
        &quot;ea2&quot;: &quot;Northern Region&quot;
      }
    },
    {
      &quot;attributes&quot;: {
        &quot;owner&quot;: &quot;Dark Fibre Africa&quot;,
        &quot;stage&quot;: &quot;Construction&quot;,
        &quot;ea1&quot;: &quot;none&quot;,
        &quot;ea2&quot;: &quot;Northern Region&quot;
      }
    },
    {
      &quot;attributes&quot;: {
        &quot;owner&quot;: &quot;Dark Fibre Africa&quot;,
        &quot;stage&quot;: &quot;Construction&quot;,
        &quot;ea1&quot;: &quot;none&quot;,
        &quot;ea2&quot;: &quot;Northern Region&quot;
      }
    },
    {
      &quot;attributes&quot;: {
        &quot;owner&quot;: &quot;Dark Fibre Africa&quot;,
        &quot;stage&quot;: &quot;Construction&quot;,
        &quot;ea1&quot;: &quot;none&quot;,
        &quot;ea2&quot;: &quot;Northern Region&quot;
      }
    },
    {
      &quot;attributes&quot;: {
        &quot;owner&quot;: &quot;Dark Fibre Africa&quot;,
        &quot;stage&quot;: &quot;Construction&quot;,
        &quot;ea1&quot;: &quot;none&quot;,
        &quot;ea2&quot;: &quot;Northern Region&quot;
      }
    },
    {
      &quot;attributes&quot;: {
        &quot;owner&quot;: &quot;Dark Fibre Africa&quot;,
        &quot;stage&quot;: &quot;Construction&quot;,
        &quot;ea1&quot;: &quot;none&quot;,
        &quot;ea2&quot;: &quot;Northern Region&quot;
      }
    },
    {
      &quot;attributes&quot;: {
        &quot;owner&quot;: &quot;Dark Fibre Africa&quot;,
        &quot;stage&quot;: &quot;Construction&quot;,
        &quot;ea1&quot;: &quot;none&quot;,
        &quot;ea2&quot;: &quot;Northern Region&quot;
      }
    },
    {
      &quot;attributes&quot;: {
        &quot;owner&quot;: &quot;Dark Fibre Africa&quot;,
        &quot;stage&quot;: &quot;Construction&quot;,
        &quot;ea1&quot;: &quot;none&quot;,
        &quot;ea2&quot;: &quot;Northern Region&quot;
      }
    },
    {
      &quot;attributes&quot;: {
        &quot;owner&quot;: &quot;Dark Fibre Africa&quot;,
        &quot;stage&quot;: &quot;Construction&quot;,
        &quot;ea1&quot;: &quot;none&quot;,
        &quot;ea2&quot;: &quot;Northern Region&quot;
      }
    },
    {
      &quot;attributes&quot;: {
        &quot;owner&quot;: &quot;Dark Fibre Africa&quot;,
        &quot;stage&quot;: &quot;Construction&quot;,
        &quot;ea1&quot;: &quot;none&quot;,
        &quot;ea2&quot;: &quot;Northern Region&quot;
      }
    },
    {
      &quot;attributes&quot;: {
        &quot;owner&quot;: &quot;Dark Fibre Africa&quot;,
        &quot;stage&quot;: &quot;Construction&quot;,
        &quot;ea1&quot;: &quot;none&quot;,
        &quot;ea2&quot;: &quot;Northern Region&quot;
      }
    },
    {
      &quot;attributes&quot;: {
        &quot;owner&quot;: &quot;Dark Fibre Africa&quot;,
        &quot;stage&quot;: &quot;Construction&quot;,
        &quot;ea1&quot;: &quot;none&quot;,
        &quot;ea2&quot;: &quot;Northern Region&quot;
      }
    },
    {
      &quot;attributes&quot;: {
        &quot;owner&quot;: &quot;Dark Fibre Africa&quot;,
        &quot;stage&quot;: &quot;Construction&quot;,
        &quot;ea1&quot;: &quot;none&quot;,
        &quot;ea2&quot;: &quot;Northern Region&quot;
      }
    },
    {
      &quot;attributes&quot;: {
        &quot;owner&quot;: &quot;Dark Fibre Africa&quot;,
        &quot;stage&quot;: &quot;Construction&quot;,
        &quot;ea1&quot;: &quot;none&quot;,
        &quot;ea2&quot;: &quot;Northern Region&quot;
      }
    },
    {
      &quot;attributes&quot;: {
        &quot;owner&quot;: &quot;Dark Fibre Africa&quot;,
        &quot;stage&quot;: &quot;Construction&quot;,
        &quot;ea1&quot;: &quot;none&quot;,
        &quot;ea2&quot;: &quot;Northern Region&quot;
      }
    },
    {
      &quot;attributes&quot;: {
        &quot;owner&quot;: &quot;Dark Fibre Africa&quot;,
        &quot;stage&quot;: &quot;Construction&quot;,
        &quot;ea1&quot;: &quot;none&quot;,
        &quot;ea2&quot;: &quot;Kwa-Zulu Natal&quot;
      }
    },
    {
      &quot;attributes&quot;: {
        &quot;owner&quot;: &quot;Dark Fibre Africa&quot;,
        &quot;stage&quot;: &quot;Construction&quot;,
        &quot;ea1&quot;: &quot;AS01294CH020457&quot;,
        &quot;ea2&quot;: &quot;Western Region&quot;
      }
    },
    {
      &quot;attributes&quot;: {
        &quot;owner&quot;: &quot;Dark Fibre Africa&quot;,
        &quot;stage&quot;: &quot;Construction&quot;,
        &quot;ea1&quot;: &quot;none&quot;,
        &quot;ea2&quot;: &quot;Western Region&quot;
      }
    },
    {
      &quot;attributes&quot;: {
        &quot;owner&quot;: &quot;Dark Fibre Africa&quot;,
        &quot;stage&quot;: &quot;Construction&quot;,
        &quot;ea1&quot;: &quot;none&quot;,
        &quot;ea2&quot;: &quot;Kwa-Zulu Natal&quot;
      }
    },
    {
      &quot;attributes&quot;: {
        &quot;owner&quot;: &quot;Dark Fibre Africa&quot;,
        &quot;stage&quot;: &quot;Construction&quot;,
        &quot;ea1&quot;: &quot;K01P07&quot;,
        &quot;ea2&quot;: &quot;Kwa-Zulu Natal&quot;
      }
    },
    {
      &quot;attributes&quot;: {
        &quot;owner&quot;: &quot;Dark Fibre Africa&quot;,
        &quot;stage&quot;: &quot;Construction&quot;,
        &quot;ea1&quot;: &quot;K01P07&quot;,
        &quot;ea2&quot;: &quot;Kwa-Zulu Natal&quot;
      }
    },
    {
      &quot;attributes&quot;: {
        &quot;owner&quot;: &quot;Dark Fibre Africa&quot;,
        &quot;stage&quot;: &quot;Construction&quot;,
        &quot;ea1&quot;: &quot;none&quot;,
        &quot;ea2&quot;: &quot;Gauteng South&quot;
      }
    },
    {
      &quot;attributes&quot;: {
        &quot;owner&quot;: &quot;Dark Fibre Africa&quot;,
        &quot;stage&quot;: &quot;Construction&quot;,
        &quot;ea1&quot;: &quot;K30P08&quot;,
        &quot;ea2&quot;: &quot;Kwa-Zulu Natal&quot;
      }
    },
    {
      &quot;attributes&quot;: {
        &quot;owner&quot;: &quot;Dark Fibre Africa&quot;,
        &quot;stage&quot;: &quot;Construction&quot;,
        &quot;ea1&quot;: &quot;K30P07&quot;,
        &quot;ea2&quot;: &quot;Kwa-Zulu Natal&quot;
      }
    },
    {
      &quot;attributes&quot;: {
        &quot;owner&quot;: &quot;Dark Fibre Africa&quot;,
        &quot;stage&quot;: &quot;Construction&quot;,
        &quot;ea1&quot;: &quot;K20P03&quot;,
        &quot;ea2&quot;: &quot;Kwa-Zulu Natal&quot;
      }
    },
    {
      &quot;attributes&quot;: {
        &quot;owner&quot;: &quot;Dark Fibre Africa&quot;,
        &quot;stage&quot;: &quot;Construction&quot;,
        &quot;ea1&quot;: &quot;none&quot;,
        &quot;ea2&quot;: &quot;Western Region&quot;
      }
    },
    {
      &quot;attributes&quot;: {
        &quot;owner&quot;: &quot;Dark Fibre Africa&quot;,
        &quot;stage&quot;: &quot;Construction&quot;,
        &quot;ea1&quot;: &quot;none&quot;,
        &quot;ea2&quot;: &quot;Gauteng South&quot;
      }
    },
    {
      &quot;attributes&quot;: {
        &quot;owner&quot;: &quot;Dark Fibre Africa&quot;,
        &quot;stage&quot;: &quot;Construction&quot;,
        &quot;ea1&quot;: &quot;none&quot;,
        &quot;ea2&quot;: &quot;Western Region&quot;
      }
    },
    {
      &quot;attributes&quot;: {
        &quot;owner&quot;: &quot;Dark Fibre Africa&quot;,
        &quot;stage&quot;: &quot;Construction&quot;,
        &quot;ea1&quot;: &quot;none&quot;,
        &quot;ea2&quot;: &quot;Western Region&quot;
      }
    },
    {
      &quot;attributes&quot;: {
        &quot;owner&quot;: &quot;Dark Fibre Africa&quot;,
        &quot;stage&quot;: &quot;Construction&quot;,
        &quot;ea1&quot;: &quot;none&quot;,
        &quot;ea2&quot;: &quot;Western Region&quot;
      }
    },
    {
      &quot;attributes&quot;: {
        &quot;owner&quot;: &quot;Dark Fibre Africa&quot;,
        &quot;stage&quot;: &quot;Construction&quot;,
        &quot;ea1&quot;: &quot;none&quot;,
        &quot;ea2&quot;: &quot;Western Region&quot;
      }
    },
    {
      &quot;attributes&quot;: {
        &quot;owner&quot;: &quot;Dark Fibre Africa&quot;,
        &quot;stage&quot;: &quot;Construction&quot;,
        &quot;ea1&quot;: &quot;none&quot;,
        &quot;ea2&quot;: &quot;Western Region&quot;
      }
    },
    {
      &quot;attributes&quot;: {
        &quot;owner&quot;: &quot;Dark Fibre Africa&quot;,
        &quot;stage&quot;: &quot;Construction&quot;,
        &quot;ea1&quot;: &quot;none&quot;,
        &quot;ea2&quot;: &quot;Western Region&quot;
      }
    },
    {
      &quot;attributes&quot;: {
        &quot;owner&quot;: &quot;Dark Fibre Africa&quot;,
        &quot;stage&quot;: &quot;Construction&quot;,
        &quot;ea1&quot;: &quot;none&quot;,
        &quot;ea2&quot;: &quot;Gauteng South&quot;
      }
    },
    {
      &quot;attributes&quot;: {
        &quot;owner&quot;: &quot;Dark Fibre Africa&quot;,
        &quot;stage&quot;: &quot;Construction&quot;,
        &quot;ea1&quot;: &quot;none&quot;,
        &quot;ea2&quot;: &quot;Western Region&quot;
      }
    },
    {
      &quot;attributes&quot;: {
        &quot;owner&quot;: &quot;Dark Fibre Africa&quot;,
        &quot;stage&quot;: &quot;Construction&quot;,
        &quot;ea1&quot;: &quot;none&quot;,
        &quot;ea2&quot;: &quot;Western Region&quot;
      }
    },
    {
      &quot;attributes&quot;: {
        &quot;owner&quot;: &quot;Dark Fibre Africa&quot;,
        &quot;stage&quot;: &quot;Construction&quot;,
        &quot;ea1&quot;: &quot;none&quot;,
        &quot;ea2&quot;: &quot;Western Region&quot;
      }
    },
    {
      &quot;attributes&quot;: {
        &quot;owner&quot;: &quot;Dark Fibre Africa&quot;,
        &quot;stage&quot;: &quot;Construction&quot;,
        &quot;ea1&quot;: &quot;none&quot;,
        &quot;ea2&quot;: &quot;Western Region&quot;
      }
    },
    {
      &quot;attributes&quot;: {
        &quot;owner&quot;: &quot;Dark Fibre Africa&quot;,
        &quot;stage&quot;: &quot;Construction&quot;,
        &quot;ea1&quot;: &quot;none&quot;,
        &quot;ea2&quot;: &quot;Western Region&quot;
      }
    },
    {
      &quot;attributes&quot;: {
        &quot;owner&quot;: &quot;Dark Fibre Africa&quot;,
        &quot;stage&quot;: &quot;Construction&quot;,
        &quot;ea1&quot;: &quot;none&quot;,
        &quot;ea2&quot;: &quot;Western Region&quot;
      }
    },
    {
      &quot;attributes&quot;: {
        &quot;owner&quot;: &quot;Dark Fibre Africa&quot;,
        &quot;stage&quot;: &quot;Construction&quot;,
        &quot;ea1&quot;: &quot;none&quot;,
        &quot;ea2&quot;: &quot;Western Region&quot;
      }
    },
    {
      &quot;attributes&quot;: {
        &quot;owner&quot;: &quot;Dark Fibre Africa&quot;,
        &quot;stage&quot;: &quot;Construction&quot;,
        &quot;ea1&quot;: &quot;none&quot;,
        &quot;ea2&quot;: &quot;Western Region&quot;
      }
    },
    {
      &quot;attributes&quot;: {
        &quot;owner&quot;: &quot;Dark Fibre Africa&quot;,
        &quot;stage&quot;: &quot;Construction&quot;,
        &quot;ea1&quot;: &quot;none&quot;,
        &quot;ea2&quot;: &quot;Gauteng South&quot;
      }
    },
    {
      &quot;attributes&quot;: {
        &quot;owner&quot;: &quot;Dark Fibre Africa&quot;,
        &quot;stage&quot;: &quot;Construction&quot;,
        &quot;ea1&quot;: &quot;none&quot;,
        &quot;ea2&quot;: &quot;Western Region&quot;
      }
    },
    {
      &quot;attributes&quot;: {
        &quot;owner&quot;: &quot;Dark Fibre Africa&quot;,
        &quot;stage&quot;: &quot;Construction&quot;,
        &quot;ea1&quot;: &quot;none&quot;,
        &quot;ea2&quot;: &quot;Western Region&quot;
      }
    },
    {
      &quot;attributes&quot;: {
        &quot;owner&quot;: &quot;Dark Fibre Africa&quot;,
        &quot;stage&quot;: &quot;Construction&quot;,
        &quot;ea1&quot;: &quot;none&quot;,
        &quot;ea2&quot;: &quot;Western Region&quot;
      }
    },
    {
      &quot;attributes&quot;: {
        &quot;owner&quot;: &quot;Dark Fibre Africa&quot;,
        &quot;stage&quot;: &quot;Construction&quot;,
        &quot;ea1&quot;: &quot;none&quot;,
        &quot;ea2&quot;: &quot;Western Region&quot;
      }
    },
    {
      &quot;attributes&quot;: {
        &quot;owner&quot;: &quot;Dark Fibre Africa&quot;,
        &quot;stage&quot;: &quot;Construction&quot;,
        &quot;ea1&quot;: &quot;none&quot;,
        &quot;ea2&quot;: &quot;Gauteng South&quot;
      }
    },
    {
      &quot;attributes&quot;: {
        &quot;owner&quot;: &quot;Dark Fibre Africa&quot;,
        &quot;stage&quot;: &quot;Construction&quot;,
        &quot;ea1&quot;: &quot;none&quot;,
        &quot;ea2&quot;: &quot;Gauteng South&quot;
      }
    },
    {
      &quot;attributes&quot;: {
        &quot;owner&quot;: &quot;Dark Fibre Africa&quot;,
        &quot;stage&quot;: &quot;Construction&quot;,
        &quot;ea1&quot;: &quot;none&quot;,
        &quot;ea2&quot;: &quot;Gauteng South&quot;
      }
    },
    {
      &quot;attributes&quot;: {
        &quot;owner&quot;: &quot;Dark Fibre Africa&quot;,
        &quot;stage&quot;: &quot;Construction&quot;,
        &quot;ea1&quot;: &quot;none&quot;,
        &quot;ea2&quot;: &quot;Gauteng South&quot;
      }
    },
    {
      &quot;attributes&quot;: {
        &quot;owner&quot;: &quot;Dark Fibre Africa&quot;,
        &quot;stage&quot;: &quot;Construction&quot;,
        &quot;ea1&quot;: &quot;none&quot;,
        &quot;ea2&quot;: &quot;Western Region&quot;
      }
    },
    {
      &quot;attributes&quot;: {
        &quot;owner&quot;: &quot;Dark Fibre Africa&quot;,
        &quot;stage&quot;: &quot;Construction&quot;,
        &quot;ea1&quot;: &quot;AS01250GH00014a&quot;,
        &quot;ea2&quot;: &quot;Gauteng South&quot;
      }
    },
    {
      &quot;attributes&quot;: {
        &quot;owner&quot;: &quot;Dark Fibre Africa&quot;,
        &quot;stage&quot;: &quot;Construction&quot;,
        &quot;ea1&quot;: &quot;AS01250GH00014b&quot;,
        &quot;ea2&quot;: &quot;Gauteng South&quot;
      }
    },
    {
      &quot;attributes&quot;: {
        &quot;owner&quot;: &quot;Dark Fibre Africa&quot;,
        &quot;stage&quot;: &quot;Construction&quot;,
        &quot;ea1&quot;: &quot;none&quot;,
        &quot;ea2&quot;: &quot;Western Region&quot;
      }
    },
    {
      &quot;attributes&quot;: {
        &quot;owner&quot;: &quot;Dark Fibre Africa&quot;,
        &quot;stage&quot;: &quot;Construction&quot;,
        &quot;ea1&quot;: &quot;none&quot;,
        &quot;ea2&quot;: &quot;Gauteng South&quot;
      }
    },
    {
      &quot;attributes&quot;: {
        &quot;owner&quot;: &quot;Dark Fibre Africa&quot;,
        &quot;stage&quot;: &quot;Construction&quot;,
        &quot;ea1&quot;: &quot;none&quot;,
        &quot;ea2&quot;: &quot;None&quot;
      }
    },
    {
      &quot;attributes&quot;: {
        &quot;owner&quot;: &quot;Dark Fibre Africa&quot;,
        &quot;stage&quot;: &quot;Construction&quot;,
        &quot;ea1&quot;: &quot;none&quot;,
        &quot;ea2&quot;: &quot;None&quot;
      }
    },
    {
      &quot;attributes&quot;: {
        &quot;owner&quot;: &quot;Dark Fibre Africa&quot;,
        &quot;stage&quot;: &quot;Construction&quot;,
        &quot;ea1&quot;: &quot;none&quot;,
        &quot;ea2&quot;: &quot;Gauteng South&quot;
      }
    },
    {
      &quot;attributes&quot;: {
        &quot;owner&quot;: &quot;Dark Fibre Africa&quot;,
        &quot;stage&quot;: &quot;Construction&quot;,
        &quot;ea1&quot;: &quot;none&quot;,
        &quot;ea2&quot;: &quot;Gauteng South&quot;
      }
    },
    {
      &quot;attributes&quot;: {
        &quot;owner&quot;: &quot;Dark Fibre Africa&quot;,
        &quot;stage&quot;: &quot;Construction&quot;,
        &quot;ea1&quot;: &quot;none&quot;,
        &quot;ea2&quot;: &quot;Gauteng South&quot;
      }
    },
    {
      &quot;attributes&quot;: {
        &quot;owner&quot;: &quot;Dark Fibre Africa&quot;,
        &quot;stage&quot;: &quot;Construction&quot;,
        &quot;ea1&quot;: &quot;none&quot;,
        &quot;ea2&quot;: &quot;Gauteng South&quot;
      }
    },
    {
      &quot;attributes&quot;: {
        &quot;owner&quot;: &quot;Dark Fibre Africa&quot;,
        &quot;stage&quot;: &quot;Construction&quot;,
        &quot;ea1&quot;: &quot;none&quot;,
        &quot;ea2&quot;: &quot;Gauteng South&quot;
      }
    },
    {
      &quot;attributes&quot;: {
        &quot;owner&quot;: &quot;Dark Fibre Africa&quot;,
        &quot;stage&quot;: &quot;Construction&quot;,
        &quot;ea1&quot;: &quot;none&quot;,
        &quot;ea2&quot;: &quot;Gauteng South&quot;
      }
    },
    {
      &quot;attributes&quot;: {
        &quot;owner&quot;: &quot;Dark Fibre Africa&quot;,
        &quot;stage&quot;: &quot;Construction&quot;,
        &quot;ea1&quot;: &quot;none&quot;,
        &quot;ea2&quot;: &quot;Gauteng South&quot;
      }
    },
    {
      &quot;attributes&quot;: {
        &quot;owner&quot;: &quot;Dark Fibre Africa&quot;,
        &quot;stage&quot;: &quot;Construction&quot;,
        &quot;ea1&quot;: &quot;AS01255GH000884 &quot;,
        &quot;ea2&quot;: &quot;Gauteng South&quot;
      }
    },
    {
      &quot;attributes&quot;: {
        &quot;owner&quot;: &quot;Dark Fibre Africa&quot;,
        &quot;stage&quot;: &quot;Construction&quot;,
        &quot;ea1&quot;: &quot;none&quot;,
        &quot;ea2&quot;: &quot;Gauteng South&quot;
      }
    },
    {
      &quot;attributes&quot;: {
        &quot;owner&quot;: &quot;Dark Fibre Africa&quot;,
        &quot;stage&quot;: &quot;Construction&quot;,
        &quot;ea1&quot;: &quot;none&quot;,
        &quot;ea2&quot;: &quot;Gauteng South&quot;
      }
    },
    {
      &quot;attributes&quot;: {
        &quot;owner&quot;: &quot;Dark Fibre Africa&quot;,
        &quot;stage&quot;: &quot;Construction&quot;,
        &quot;ea1&quot;: &quot;none&quot;,
        &quot;ea2&quot;: &quot;Gauteng South&quot;
      }
    },
    {
      &quot;attributes&quot;: {
        &quot;owner&quot;: &quot;Dark Fibre Africa&quot;,
        &quot;stage&quot;: &quot;Construction&quot;,
        &quot;ea1&quot;: &quot;none&quot;,
        &quot;ea2&quot;: &quot;Northern Region&quot;
      }
    },
    {
      &quot;attributes&quot;: {
        &quot;owner&quot;: &quot;Dark Fibre Africa&quot;,
        &quot;stage&quot;: &quot;Construction&quot;,
        &quot;ea1&quot;: &quot;none&quot;,
        &quot;ea2&quot;: &quot;Gauteng South&quot;
      }
    },
    {
      &quot;attributes&quot;: {
        &quot;owner&quot;: &quot;Dark Fibre Africa&quot;,
        &quot;stage&quot;: &quot;Construction&quot;,
        &quot;ea1&quot;: &quot;none&quot;,
        &quot;ea2&quot;: &quot;Gauteng South&quot;
      }
    },
    {
      &quot;attributes&quot;: {
        &quot;owner&quot;: &quot;Dark Fibre Africa&quot;,
        &quot;stage&quot;: &quot;Construction&quot;,
        &quot;ea1&quot;: &quot;none&quot;,
        &quot;ea2&quot;: &quot;Gauteng South&quot;
      }
    },
    {
      &quot;attributes&quot;: {
        &quot;owner&quot;: &quot;Dark Fibre Africa&quot;,
        &quot;stage&quot;: &quot;Construction&quot;,
        &quot;ea1&quot;: &quot;none&quot;,
        &quot;ea2&quot;: &quot;Gauteng South&quot;
      }
    },
    {
      &quot;attributes&quot;: {
        &quot;owner&quot;: &quot;Dark Fibre Africa&quot;,
        &quot;stage&quot;: &quot;Construction&quot;,
        &quot;ea1&quot;: &quot;none&quot;,
        &quot;ea2&quot;: &quot;Gauteng South&quot;
      }
    },
    {
      &quot;attributes&quot;: {
        &quot;owner&quot;: &quot;Dark Fibre Africa&quot;,
        &quot;stage&quot;: &quot;Construction&quot;,
        &quot;ea1&quot;: &quot;none&quot;,
        &quot;ea2&quot;: &quot;Gauteng South&quot;
      }
    },
    {
      &quot;attributes&quot;: {
        &quot;owner&quot;: &quot;Dark Fibre Africa&quot;,
        &quot;stage&quot;: &quot;Construction&quot;,
        &quot;ea1&quot;: &quot;none&quot;,
        &quot;ea2&quot;: &quot;Gauteng South&quot;
      }
    },
    {
      &quot;attributes&quot;: {
        &quot;owner&quot;: &quot;Dark Fibre Africa&quot;,
        &quot;stage&quot;: &quot;Construction&quot;,
        &quot;ea1&quot;: &quot;none&quot;,
        &quot;ea2&quot;: &quot;Gauteng South&quot;
      }
    },
    {
      &quot;attributes&quot;: {
        &quot;owner&quot;: &quot;Dark Fibre Africa&quot;,
        &quot;stage&quot;: &quot;Construction&quot;,
        &quot;ea1&quot;: &quot;none&quot;,
        &quot;ea2&quot;: &quot;Gauteng South&quot;
      }
    },
    {
      &quot;attributes&quot;: {
        &quot;owner&quot;: &quot;Dark Fibre Africa&quot;,
        &quot;stage&quot;: &quot;Construction&quot;,
        &quot;ea1&quot;: &quot;none&quot;,
        &quot;ea2&quot;: &quot;Gauteng South&quot;
      }
    },
    {
      &quot;attributes&quot;: {
        &quot;owner&quot;: &quot;Dark Fibre Africa&quot;,
        &quot;stage&quot;: &quot;Construction&quot;,
        &quot;ea1&quot;: &quot;none&quot;,
        &quot;ea2&quot;: &quot;Gauteng South&quot;
      }
    },
    {
      &quot;attributes&quot;: {
        &quot;owner&quot;: &quot;Dark Fibre Africa&quot;,
        &quot;stage&quot;: &quot;Construction&quot;,
        &quot;ea1&quot;: &quot;none&quot;,
        &quot;ea2&quot;: &quot;Western Region&quot;
      }
    },
    {
      &quot;attributes&quot;: {
        &quot;owner&quot;: &quot;Dark Fibre Africa&quot;,
        &quot;stage&quot;: &quot;Construction&quot;,
        &quot;ea1&quot;: &quot;none&quot;,
        &quot;ea2&quot;: &quot;Western Region&quot;
      }
    },
    {
      &quot;attributes&quot;: {
        &quot;owner&quot;: &quot;Dark Fibre Africa&quot;,
        &quot;stage&quot;: &quot;Construction&quot;,
        &quot;ea1&quot;: &quot;none&quot;,
        &quot;ea2&quot;: &quot;Western Region&quot;
      }
    },
    {
      &quot;attributes&quot;: {
        &quot;owner&quot;: &quot;Dark Fibre Africa&quot;,
        &quot;stage&quot;: &quot;Construction&quot;,
        &quot;ea1&quot;: &quot;none&quot;,
        &quot;ea2&quot;: &quot;Western Region&quot;
      }
    },
    {
      &quot;attributes&quot;: {
        &quot;owner&quot;: &quot;Dark Fibre Africa&quot;,
        &quot;stage&quot;: &quot;Construction&quot;,
        &quot;ea1&quot;: &quot;W01P06&quot;,
        &quot;ea2&quot;: &quot;Western Region&quot;
      }
    },
    {
      &quot;attributes&quot;: {
        &quot;owner&quot;: &quot;Dark Fibre Africa&quot;,
        &quot;stage&quot;: &quot;Construction&quot;,
        &quot;ea1&quot;: &quot;none&quot;,
        &quot;ea2&quot;: &quot;Gauteng South&quot;
      }
    },
    {
      &quot;attributes&quot;: {
        &quot;owner&quot;: &quot;Dark Fibre Africa&quot;,
        &quot;stage&quot;: &quot;Construction&quot;,
        &quot;ea1&quot;: &quot;AS4301GH001596&quot;,
        &quot;ea2&quot;: &quot;Gauteng South&quot;
      }
    },
    {
      &quot;attributes&quot;: {
        &quot;owner&quot;: &quot;Dark Fibre Africa&quot;,
        &quot;stage&quot;: &quot;Construction&quot;,
        &quot;ea1&quot;: &quot;AS04301GH001596&quot;,
        &quot;ea2&quot;: &quot;Gauteng South&quot;
      }
    },
    {
      &quot;attributes&quot;: {
        &quot;owner&quot;: &quot;Dark Fibre Africa&quot;,
        &quot;stage&quot;: &quot;Construction&quot;,
        &quot;ea1&quot;: &quot;none&quot;,
        &quot;ea2&quot;: &quot;Western Region&quot;
      }
    },
    {
      &quot;attributes&quot;: {
        &quot;owner&quot;: &quot;Dark Fibre Africa&quot;,
        &quot;stage&quot;: &quot;Construction&quot;,
        &quot;ea1&quot;: &quot;none&quot;,
        &quot;ea2&quot;: &quot;Western Region&quot;
      }
    },
    {
      &quot;attributes&quot;: {
        &quot;owner&quot;: &quot;Dark Fibre Africa&quot;,
        &quot;stage&quot;: &quot;Construction&quot;,
        &quot;ea1&quot;: &quot;none&quot;,
        &quot;ea2&quot;: &quot;Western Region&quot;
      }
    },
    {
      &quot;attributes&quot;: {
        &quot;owner&quot;: &quot;Dark Fibre Africa&quot;,
        &quot;stage&quot;: &quot;Construction&quot;,
        &quot;ea1&quot;: &quot;none&quot;,
        &quot;ea2&quot;: &quot;Western Region&quot;
      }
    },
    {
      &quot;attributes&quot;: {
        &quot;owner&quot;: &quot;Dark Fibre Africa&quot;,
        &quot;stage&quot;: &quot;Construction&quot;,
        &quot;ea1&quot;: &quot;none&quot;,
        &quot;ea2&quot;: &quot;Western Region&quot;
      }
    },
    {
      &quot;attributes&quot;: {
        &quot;owner&quot;: &quot;Dark Fibre Africa&quot;,
        &quot;stage&quot;: &quot;Construction&quot;,
        &quot;ea1&quot;: &quot;none&quot;,
        &quot;ea2&quot;: &quot;Western Region&quot;
      }
    },
    {
      &quot;attributes&quot;: {
        &quot;owner&quot;: &quot;Dark Fibre Africa&quot;,
        &quot;stage&quot;: &quot;Construction&quot;,
        &quot;ea1&quot;: &quot;none&quot;,
        &quot;ea2&quot;: &quot;Western Region&quot;
      }
    },
    {
      &quot;attributes&quot;: {
        &quot;owner&quot;: &quot;Dark Fibre Africa&quot;,
        &quot;stage&quot;: &quot;Construction&quot;,
        &quot;ea1&quot;: &quot;none&quot;,
        &quot;ea2&quot;: &quot;Western Region&quot;
      }
    },
    {
      &quot;attributes&quot;: {
        &quot;owner&quot;: &quot;Dark Fibre Africa&quot;,
        &quot;stage&quot;: &quot;Construction&quot;,
        &quot;ea1&quot;: &quot;none&quot;,
        &quot;ea2&quot;: &quot;Northern Region&quot;
      }
    },
    {
      &quot;attributes&quot;: {
        &quot;owner&quot;: &quot;Dark Fibre Africa&quot;,
        &quot;stage&quot;: &quot;Construction&quot;,
        &quot;ea1&quot;: &quot;none&quot;,
        &quot;ea2&quot;: &quot;Northern Region&quot;
      }
    },
    {
      &quot;attributes&quot;: {
        &quot;owner&quot;: &quot;Dark Fibre Africa&quot;,
        &quot;stage&quot;: &quot;Construction&quot;,
        &quot;ea1&quot;: &quot;none&quot;,
        &quot;ea2&quot;: &quot;Gauteng South&quot;
      }
    },
    {
      &quot;attributes&quot;: {
        &quot;owner&quot;: &quot;Dark Fibre Africa&quot;,
        &quot;stage&quot;: &quot;Construction&quot;,
        &quot;ea1&quot;: &quot;none&quot;,
        &quot;ea2&quot;: &quot;Gauteng South&quot;
      }
    },
    {
      &quot;attributes&quot;: {
        &quot;owner&quot;: &quot;Dark Fibre Africa&quot;,
        &quot;stage&quot;: &quot;Construction&quot;,
        &quot;ea1&quot;: &quot;none&quot;,
        &quot;ea2&quot;: &quot;Gauteng South&quot;
      }
    },
    {
      &quot;attributes&quot;: {
        &quot;owner&quot;: &quot;Dark Fibre Africa&quot;,
        &quot;stage&quot;: &quot;Construction&quot;,
        &quot;ea1&quot;: &quot;none&quot;,
        &quot;ea2&quot;: &quot;Gauteng South&quot;
      }
    },
    {
      &quot;attributes&quot;: {
        &quot;owner&quot;: &quot;Dark Fibre Africa&quot;,
        &quot;stage&quot;: &quot;Construction&quot;,
        &quot;ea1&quot;: &quot;none&quot;,
        &quot;ea2&quot;: &quot;Gauteng South&quot;
      }
    },
    {
      &quot;attributes&quot;: {
        &quot;owner&quot;: &quot;Dark Fibre Africa&quot;,
        &quot;stage&quot;: &quot;Construction&quot;,
        &quot;ea1&quot;: &quot;none&quot;,
        &quot;ea2&quot;: &quot;Gauteng South&quot;
      }
    },
    {
      &quot;attributes&quot;: {
        &quot;owner&quot;: &quot;Dark Fibre Africa&quot;,
        &quot;stage&quot;: &quot;Construction&quot;,
        &quot;ea1&quot;: &quot;none&quot;,
        &quot;ea2&quot;: &quot;Gauteng South&quot;
      }
    },
    {
      &quot;attributes&quot;: {
        &quot;owner&quot;: &quot;Dark Fibre Africa&quot;,
        &quot;stage&quot;: &quot;Construction&quot;,
        &quot;ea1&quot;: &quot;none&quot;,
        &quot;ea2&quot;: &quot;Gauteng South&quot;
      }
    },
    {
      &quot;attributes&quot;: {
        &quot;owner&quot;: &quot;Dark Fibre Africa&quot;,
        &quot;stage&quot;: &quot;Construction&quot;,
        &quot;ea1&quot;: &quot;none&quot;,
        &quot;ea2&quot;: &quot;Gauteng South&quot;
      }
    },
    {
      &quot;attributes&quot;: {
        &quot;owner&quot;: &quot;Dark Fibre Africa&quot;,
        &quot;stage&quot;: &quot;Construction&quot;,
        &quot;ea1&quot;: &quot;AS01359GH001073&quot;,
        &quot;ea2&quot;: &quot;Gauteng South&quot;
      }
    },
    {
      &quot;attributes&quot;: {
        &quot;owner&quot;: &quot;Dark Fibre Africa&quot;,
        &quot;stage&quot;: &quot;Construction&quot;,
        &quot;ea1&quot;: &quot;K01P04&quot;,
        &quot;ea2&quot;: &quot;Kwa-Zulu Natal&quot;
      }
    },
    {
      &quot;attributes&quot;: {
        &quot;owner&quot;: &quot;Dark Fibre Africa&quot;,
        &quot;stage&quot;: &quot;Construction&quot;,
        &quot;ea1&quot;: &quot;none&quot;,
        &quot;ea2&quot;: &quot;Western Region&quot;
      }
    },
    {
      &quot;attributes&quot;: {
        &quot;owner&quot;: &quot;Dark Fibre Africa&quot;,
        &quot;stage&quot;: &quot;Construction&quot;,
        &quot;ea1&quot;: &quot;none&quot;,
        &quot;ea2&quot;: &quot;Western Region&quot;
      }
    },
    {
      &quot;attributes&quot;: {
        &quot;owner&quot;: &quot;Dark Fibre Africa&quot;,
        &quot;stage&quot;: &quot;Construction&quot;,
        &quot;ea1&quot;: &quot;none&quot;,
        &quot;ea2&quot;: &quot;Northern Region&quot;
      }
    },
    {
      &quot;attributes&quot;: {
        &quot;owner&quot;: &quot;Dark Fibre Africa&quot;,
        &quot;stage&quot;: &quot;Construction&quot;,
        &quot;ea1&quot;: &quot;NB20P34&quot;,
        &quot;ea2&quot;: &quot;Northern Region&quot;
      }
    },
    {
      &quot;attributes&quot;: {
        &quot;owner&quot;: &quot;Dark Fibre Africa&quot;,
        &quot;stage&quot;: &quot;Construction&quot;,
        &quot;ea1&quot;: &quot;R21 Office Park&quot;,
        &quot;ea2&quot;: &quot;Northern Region&quot;
      }
    },
    {
      &quot;attributes&quot;: {
        &quot;owner&quot;: &quot;Dark Fibre Africa&quot;,
        &quot;stage&quot;: &quot;Construction&quot;,
        &quot;ea1&quot;: &quot;NB20P34&quot;,
        &quot;ea2&quot;: &quot;Northern Region&quot;
      }
    },
    {
      &quot;attributes&quot;: {
        &quot;owner&quot;: &quot;Dark Fibre Africa&quot;,
        &quot;stage&quot;: &quot;Construction&quot;,
        &quot;ea1&quot;: &quot;R21 Office Park&quot;,
        &quot;ea2&quot;: &quot;Northern Region&quot;
      }
    },
    {
      &quot;attributes&quot;: {
        &quot;owner&quot;: &quot;Dark Fibre Africa&quot;,
        &quot;stage&quot;: &quot;Construction&quot;,
        &quot;ea1&quot;: &quot;NB20P34&quot;,
        &quot;ea2&quot;: &quot;Northern Region&quot;
      }
    },
    {
      &quot;attributes&quot;: {
        &quot;owner&quot;: &quot;Dark Fibre Africa&quot;,
        &quot;stage&quot;: &quot;Construction&quot;,
        &quot;ea1&quot;: &quot;NB20P34&quot;,
        &quot;ea2&quot;: &quot;Northern Region&quot;
      }
    },
    {
      &quot;attributes&quot;: {
        &quot;owner&quot;: &quot;Dark Fibre Africa&quot;,
        &quot;stage&quot;: &quot;Construction&quot;,
        &quot;ea1&quot;: &quot;R21 Office Park&quot;,
        &quot;ea2&quot;: &quot;Northern Region&quot;
      }
    },
    {
      &quot;attributes&quot;: {
        &quot;owner&quot;: &quot;Dark Fibre Africa&quot;,
        &quot;stage&quot;: &quot;Construction&quot;,
        &quot;ea1&quot;: &quot;NB20P34&quot;,
        &quot;ea2&quot;: &quot;Northern Region&quot;
      }
    },
    {
      &quot;attributes&quot;: {
        &quot;owner&quot;: &quot;Dark Fibre Africa&quot;,
        &quot;stage&quot;: &quot;Construction&quot;,
        &quot;ea1&quot;: &quot;R21 Office Park&quot;,
        &quot;ea2&quot;: &quot;Northern Region&quot;
      }
    },
    {
      &quot;attributes&quot;: {
        &quot;owner&quot;: &quot;Dark Fibre Africa&quot;,
        &quot;stage&quot;: &quot;Construction&quot;,
        &quot;ea1&quot;: &quot;R21 Office Park&quot;,
        &quot;ea2&quot;: &quot;Northern Region&quot;
      }
    },
    {
      &quot;attributes&quot;: {
        &quot;owner&quot;: &quot;Dark Fibre Africa&quot;,
        &quot;stage&quot;: &quot;Construction&quot;,
        &quot;ea1&quot;: &quot;NB20P34&quot;,
        &quot;ea2&quot;: &quot;Northern Region&quot;
      }
    },
    {
      &quot;attributes&quot;: {
        &quot;owner&quot;: &quot;Dark Fibre Africa&quot;,
        &quot;stage&quot;: &quot;Construction&quot;,
        &quot;ea1&quot;: &quot;R21 Office Park&quot;,
        &quot;ea2&quot;: &quot;Northern Region&quot;
      }
    },
    {
      &quot;attributes&quot;: {
        &quot;owner&quot;: &quot;Dark Fibre Africa&quot;,
        &quot;stage&quot;: &quot;Construction&quot;,
        &quot;ea1&quot;: &quot;NB20P34&quot;,
        &quot;ea2&quot;: &quot;Northern Region&quot;
      }
    },
    {
      &quot;attributes&quot;: {
        &quot;owner&quot;: &quot;Dark Fibre Africa&quot;,
        &quot;stage&quot;: &quot;Construction&quot;,
        &quot;ea1&quot;: &quot;NB20P34&quot;,
        &quot;ea2&quot;: &quot;Northern Region&quot;
      }
    },
    {
      &quot;attributes&quot;: {
        &quot;owner&quot;: &quot;Dark Fibre Africa&quot;,
        &quot;stage&quot;: &quot;Construction&quot;,
        &quot;ea1&quot;: &quot;G30P26&quot;,
        &quot;ea2&quot;: &quot;Gauteng South&quot;
      }
    },
    {
      &quot;attributes&quot;: {
        &quot;owner&quot;: &quot;Dark Fibre Africa&quot;,
        &quot;stage&quot;: &quot;Construction&quot;,
        &quot;ea1&quot;: &quot; &quot;,
        &quot;ea2&quot;: &quot;Northern Region&quot;
      }
    },
    {
      &quot;attributes&quot;: {
        &quot;owner&quot;: &quot;Dark Fibre Africa&quot;,
        &quot;stage&quot;: &quot;Construction&quot;,
        &quot;ea1&quot;: &quot;none&quot;,
        &quot;ea2&quot;: &quot;Gauteng South&quot;
      }
    },
    {
      &quot;attributes&quot;: {
        &quot;owner&quot;: &quot;Dark Fibre Africa&quot;,
        &quot;stage&quot;: &quot;Construction&quot;,
        &quot;ea1&quot;: &quot;AS000693GH003729&quot;,
        &quot;ea2&quot;: &quot;Gauteng South&quot;
      }
    },
    {
      &quot;attributes&quot;: {
        &quot;owner&quot;: &quot;Dark Fibre Africa&quot;,
        &quot;stage&quot;: &quot;Construction&quot;,
        &quot;ea1&quot;: &quot;AS00693GH003729&quot;,
        &quot;ea2&quot;: &quot;Gauteng South&quot;
      }
    },
    {
      &quot;attributes&quot;: {
        &quot;owner&quot;: &quot;Dark Fibre Africa&quot;,
        &quot;stage&quot;: &quot;Construction&quot;,
        &quot;ea1&quot;: &quot;none&quot;,
        &quot;ea2&quot;: &quot;Gauteng South&quot;
      }
    },
    {
      &quot;attributes&quot;: {
        &quot;owner&quot;: &quot;Dark Fibre Africa&quot;,
        &quot;stage&quot;: &quot;Construction&quot;,
        &quot;ea1&quot;: &quot;W50P19&quot;,
        &quot;ea2&quot;: &quot;Western Region&quot;
      }
    },
    {
      &quot;attributes&quot;: {
        &quot;owner&quot;: &quot;Dark Fibre Africa&quot;,
        &quot;stage&quot;: &quot;Construction&quot;,
        &quot;ea1&quot;: &quot;NB50P32&quot;,
        &quot;ea2&quot;: &quot;Northern Region&quot;
      }
    },
    {
      &quot;attributes&quot;: {
        &quot;owner&quot;: &quot;Dark Fibre Africa&quot;,
        &quot;stage&quot;: &quot;Construction&quot;,
        &quot;ea1&quot;: &quot;G50P27&quot;,
        &quot;ea2&quot;: &quot;Gauteng South&quot;
      }
    },
    {
      &quot;attributes&quot;: {
        &quot;owner&quot;: &quot;Dark Fibre Africa&quot;,
        &quot;stage&quot;: &quot;Construction&quot;,
        &quot;ea1&quot;: &quot;G50P27&quot;,
        &quot;ea2&quot;: &quot;Gauteng South&quot;
      }
    },
    {
      &quot;attributes&quot;: {
        &quot;owner&quot;: &quot;Dark Fibre Africa&quot;,
        &quot;stage&quot;: &quot;Construction&quot;,
        &quot;ea1&quot;: &quot;G50P27&quot;,
        &quot;ea2&quot;: &quot;Gauteng South&quot;
      }
    },
    {
      &quot;attributes&quot;: {
        &quot;owner&quot;: &quot;Dark Fibre Africa&quot;,
        &quot;stage&quot;: &quot;Construction&quot;,
        &quot;ea1&quot;: &quot;G50P27&quot;,
        &quot;ea2&quot;: &quot;Gauteng South&quot;
      }
    },
    {
      &quot;attributes&quot;: {
        &quot;owner&quot;: &quot;Dark Fibre Africa&quot;,
        &quot;stage&quot;: &quot;Construction&quot;,
        &quot;ea1&quot;: &quot;G50P27&quot;,
        &quot;ea2&quot;: &quot;Gauteng South&quot;
      }
    },
    {
      &quot;attributes&quot;: {
        &quot;owner&quot;: &quot;Dark Fibre Africa&quot;,
        &quot;stage&quot;: &quot;Construction&quot;,
        &quot;ea1&quot;: &quot;G50P27&quot;,
        &quot;ea2&quot;: &quot;Gauteng South&quot;
      }
    },
    {
      &quot;attributes&quot;: {
        &quot;owner&quot;: &quot;Dark Fibre Africa&quot;,
        &quot;stage&quot;: &quot;Construction&quot;,
        &quot;ea1&quot;: &quot;G50P27&quot;,
        &quot;ea2&quot;: &quot;Gauteng South&quot;
      }
    },
    {
      &quot;attributes&quot;: {
        &quot;owner&quot;: &quot;Dark Fibre Africa&quot;,
        &quot;stage&quot;: &quot;Construction&quot;,
        &quot;ea1&quot;: &quot;none&quot;,
        &quot;ea2&quot;: &quot;Gauteng South&quot;
      }
    },
    {
      &quot;attributes&quot;: {
        &quot;owner&quot;: &quot;Dark Fibre Africa&quot;,
        &quot;stage&quot;: &quot;Construction&quot;,
        &quot;ea1&quot;: &quot;none&quot;,
        &quot;ea2&quot;: &quot;Gauteng South&quot;
      }
    },
    {
      &quot;attributes&quot;: {
        &quot;owner&quot;: &quot;Dark Fibre Africa&quot;,
        &quot;stage&quot;: &quot;Construction&quot;,
        &quot;ea1&quot;: &quot;NB5P1LH (A)&quot;,
        &quot;ea2&quot;: &quot;Northern Region&quot;
      }
    },
    {
      &quot;attributes&quot;: {
        &quot;owner&quot;: &quot;Dark Fibre Africa&quot;,
        &quot;stage&quot;: &quot;Construction&quot;,
        &quot;ea1&quot;: &quot;MTN Constantia Park&quot;,
        &quot;ea2&quot;: &quot;Mphumalanga&quot;
      }
    },
    {
      &quot;attributes&quot;: {
        &quot;owner&quot;: &quot;Dark Fibre Africa&quot;,
        &quot;stage&quot;: &quot;Construction&quot;,
        &quot;ea1&quot;: &quot;AS01705WH282125&quot;,
        &quot;ea2&quot;: &quot;Western Region&quot;
      }
    },
    {
      &quot;attributes&quot;: {
        &quot;owner&quot;: &quot;Dark Fibre Africa&quot;,
        &quot;stage&quot;: &quot;Construction&quot;,
        &quot;ea1&quot;: &quot;none&quot;,
        &quot;ea2&quot;: &quot;Western Region&quot;
      }
    },
    {
      &quot;attributes&quot;: {
        &quot;owner&quot;: &quot;Dark Fibre Africa&quot;,
        &quot;stage&quot;: &quot;Construction&quot;,
        &quot;ea1&quot;: &quot;none&quot;,
        &quot;ea2&quot;: &quot;Western Region&quot;
      }
    },
    {
      &quot;attributes&quot;: {
        &quot;owner&quot;: &quot;Dark Fibre Africa&quot;,
        &quot;stage&quot;: &quot;Construction&quot;,
        &quot;ea1&quot;: &quot;none&quot;,
        &quot;ea2&quot;: &quot;Western Region&quot;
      }
    },
    {
      &quot;attributes&quot;: {
        &quot;owner&quot;: &quot;Dark Fibre Africa&quot;,
        &quot;stage&quot;: &quot;Construction&quot;,
        &quot;ea1&quot;: &quot;none&quot;,
        &quot;ea2&quot;: &quot;Western Region&quot;
      }
    },
    {
      &quot;attributes&quot;: {
        &quot;owner&quot;: &quot;Dark Fibre Africa&quot;,
        &quot;stage&quot;: &quot;Construction&quot;,
        &quot;ea1&quot;: &quot;G51P81&quot;,
        &quot;ea2&quot;: &quot;Gauteng South&quot;
      }
    },
    {
      &quot;attributes&quot;: {
        &quot;owner&quot;: &quot;Dark Fibre Africa&quot;,
        &quot;stage&quot;: &quot;Construction&quot;,
        &quot;ea1&quot;: &quot;G51P81&quot;,
        &quot;ea2&quot;: &quot;Gauteng South&quot;
      }
    },
    {
      &quot;attributes&quot;: {
        &quot;owner&quot;: &quot;Dark Fibre Africa&quot;,
        &quot;stage&quot;: &quot;Construction&quot;,
        &quot;ea1&quot;: &quot;none&quot;,
        &quot;ea2&quot;: &quot;Gauteng South&quot;
      }
    },
    {
      &quot;attributes&quot;: {
        &quot;owner&quot;: &quot;Dark Fibre Africa&quot;,
        &quot;stage&quot;: &quot;Construction&quot;,
        &quot;ea1&quot;: &quot;none&quot;,
        &quot;ea2&quot;: &quot;Northern Region&quot;
      }
    },
    {
      &quot;attributes&quot;: {
        &quot;owner&quot;: &quot;Dark Fibre Africa&quot;,
        &quot;stage&quot;: &quot;Construction&quot;,
        &quot;ea1&quot;: &quot;NB50P18&quot;,
        &quot;ea2&quot;: &quot;Northern Region&quot;
      }
    },
    {
      &quot;attributes&quot;: {
        &quot;owner&quot;: &quot;Dark Fibre Africa&quot;,
        &quot;stage&quot;: &quot;Construction&quot;,
        &quot;ea1&quot;: &quot;G50P44&quot;,
        &quot;ea2&quot;: &quot;Gauteng South&quot;
      }
    },
    {
      &quot;attributes&quot;: {
        &quot;owner&quot;: &quot;Dark Fibre Africa&quot;,
        &quot;stage&quot;: &quot;Construction&quot;,
        &quot;ea1&quot;: &quot;none&quot;,
        &quot;ea2&quot;: &quot;Gauteng South&quot;
      }
    },
    {
      &quot;attributes&quot;: {
        &quot;owner&quot;: &quot;Dark Fibre Africa&quot;,
        &quot;stage&quot;: &quot;Construction&quot;,
        &quot;ea1&quot;: &quot;none&quot;,
        &quot;ea2&quot;: &quot;Northern Region&quot;
      }
    },
    {
      &quot;attributes&quot;: {
        &quot;owner&quot;: &quot;Dark Fibre Africa&quot;,
        &quot;stage&quot;: &quot;Construction&quot;,
        &quot;ea1&quot;: &quot;none&quot;,
        &quot;ea2&quot;: &quot;None&quot;
      }
    },
    {
      &quot;attributes&quot;: {
        &quot;owner&quot;: &quot;Dark Fibre Africa&quot;,
        &quot;stage&quot;: &quot;Construction&quot;,
        &quot;ea1&quot;: &quot;none&quot;,
        &quot;ea2&quot;: &quot;Gauteng South&quot;
      }
    },
    {
      &quot;attributes&quot;: {
        &quot;owner&quot;: &quot;Dark Fibre Africa&quot;,
        &quot;stage&quot;: &quot;Construction&quot;,
        &quot;ea1&quot;: &quot;none&quot;,
        &quot;ea2&quot;: &quot;Western Region&quot;
      }
    },
    {
      &quot;attributes&quot;: {
        &quot;owner&quot;: &quot;Dark Fibre Africa&quot;,
        &quot;stage&quot;: &quot;Construction&quot;,
        &quot;ea1&quot;: &quot;none&quot;,
        &quot;ea2&quot;: &quot;Gauteng South&quot;
      }
    },
    {
      &quot;attributes&quot;: {
        &quot;owner&quot;: &quot;Dark Fibre Africa&quot;,
        &quot;stage&quot;: &quot;Construction&quot;,
        &quot;ea1&quot;: &quot;none&quot;,
        &quot;ea2&quot;: &quot;Northern Region&quot;
      }
    },
    {
      &quot;attributes&quot;: {
        &quot;owner&quot;: &quot;Dark Fibre Africa&quot;,
        &quot;stage&quot;: &quot;Construction&quot;,
        &quot;ea1&quot;: &quot;none&quot;,
        &quot;ea2&quot;: &quot;Gauteng South&quot;
      }
    },
    {
      &quot;attributes&quot;: {
        &quot;owner&quot;: &quot;Dark Fibre Africa&quot;,
        &quot;stage&quot;: &quot;Construction&quot;,
        &quot;ea1&quot;: &quot;none&quot;,
        &quot;ea2&quot;: &quot;Gauteng South&quot;
      }
    },
    {
      &quot;attributes&quot;: {
        &quot;owner&quot;: &quot;Dark Fibre Africa&quot;,
        &quot;stage&quot;: &quot;Construction&quot;,
        &quot;ea1&quot;: &quot;none&quot;,
        &quot;ea2&quot;: &quot;Gauteng South&quot;
      }
    },
    {
      &quot;attributes&quot;: {
        &quot;owner&quot;: &quot;Dark Fibre Africa&quot;,
        &quot;stage&quot;: &quot;Construction&quot;,
        &quot;ea1&quot;: &quot;none&quot;,
        &quot;ea2&quot;: &quot;Gauteng South&quot;
      }
    },
    {
      &quot;attributes&quot;: {
        &quot;owner&quot;: &quot;Dark Fibre Africa&quot;,
        &quot;stage&quot;: &quot;Construction&quot;,
        &quot;ea1&quot;: &quot;AS01399GH001494&quot;,
        &quot;ea2&quot;: &quot;Gauteng South&quot;
      }
    },
    {
      &quot;attributes&quot;: {
        &quot;owner&quot;: &quot;Dark Fibre Africa&quot;,
        &quot;stage&quot;: &quot;Construction&quot;,
        &quot;ea1&quot;: &quot;none&quot;,
        &quot;ea2&quot;: &quot;Gauteng South&quot;
      }
    },
    {
      &quot;attributes&quot;: {
        &quot;owner&quot;: &quot;Dark Fibre Africa&quot;,
        &quot;stage&quot;: &quot;Construction&quot;,
        &quot;ea1&quot;: &quot;none&quot;,
        &quot;ea2&quot;: &quot;Gauteng South&quot;
      }
    },
    {
      &quot;attributes&quot;: {
        &quot;owner&quot;: &quot;Dark Fibre Africa&quot;,
        &quot;stage&quot;: &quot;Construction&quot;,
        &quot;ea1&quot;: &quot;none&quot;,
        &quot;ea2&quot;: &quot;Gauteng South&quot;
      }
    },
    {
      &quot;attributes&quot;: {
        &quot;owner&quot;: &quot;Dark Fibre Africa&quot;,
        &quot;stage&quot;: &quot;Construction&quot;,
        &quot;ea1&quot;: &quot;none&quot;,
        &quot;ea2&quot;: &quot;Gauteng South&quot;
      }
    },
    {
      &quot;attributes&quot;: {
        &quot;owner&quot;: &quot;Dark Fibre Africa&quot;,
        &quot;stage&quot;: &quot;Construction&quot;,
        &quot;ea1&quot;: &quot;VS01854WH282332&quot;,
        &quot;ea2&quot;: &quot;Western Region&quot;
      }
    },
    {
      &quot;attributes&quot;: {
        &quot;owner&quot;: &quot;Dark Fibre Africa&quot;,
        &quot;stage&quot;: &quot;Construction&quot;,
        &quot;ea1&quot;: &quot;none&quot;,
        &quot;ea2&quot;: &quot;Gauteng South&quot;
      }
    },
    {
      &quot;attributes&quot;: {
        &quot;owner&quot;: &quot;Dark Fibre Africa&quot;,
        &quot;stage&quot;: &quot;Construction&quot;,
        &quot;ea1&quot;: &quot;G51P58&quot;,
        &quot;ea2&quot;: &quot;Gauteng South&quot;
      }
    },
    {
      &quot;attributes&quot;: {
        &quot;owner&quot;: &quot;Dark Fibre Africa&quot;,
        &quot;stage&quot;: &quot;Construction&quot;,
        &quot;ea1&quot;: &quot;K20P01&quot;,
        &quot;ea2&quot;: &quot;Kwa-Zulu Natal&quot;
      }
    },
    {
      &quot;attributes&quot;: {
        &quot;owner&quot;: &quot;Dark Fibre Africa&quot;,
        &quot;stage&quot;: &quot;Construction&quot;,
        &quot;ea1&quot;: &quot;G50P99&quot;,
        &quot;ea2&quot;: &quot;Gauteng South&quot;
      }
    },
    {
      &quot;attributes&quot;: {
        &quot;owner&quot;: &quot;Dark Fibre Africa&quot;,
        &quot;stage&quot;: &quot;Construction&quot;,
        &quot;ea1&quot;: &quot;K02P08&quot;,
        &quot;ea2&quot;: &quot;Kwa-Zulu Natal&quot;
      }
    },
    {
      &quot;attributes&quot;: {
        &quot;owner&quot;: &quot;Dark Fibre Africa&quot;,
        &quot;stage&quot;: &quot;Construction&quot;,
        &quot;ea1&quot;: &quot;K02P06&quot;,
        &quot;ea2&quot;: &quot;Kwa-Zulu Natal&quot;
      }
    },
    {
      &quot;attributes&quot;: {
        &quot;owner&quot;: &quot;Dark Fibre Africa&quot;,
        &quot;stage&quot;: &quot;Construction&quot;,
        &quot;ea1&quot;: &quot;NB05P02&quot;,
        &quot;ea2&quot;: &quot;Northern Region&quot;
      }
    },
    {
      &quot;attributes&quot;: {
        &quot;owner&quot;: &quot;Dark Fibre Africa&quot;,
        &quot;stage&quot;: &quot;Construction&quot;,
        &quot;ea1&quot;: &quot;G30P30&quot;,
        &quot;ea2&quot;: &quot;Gauteng South&quot;
      }
    },
    {
      &quot;attributes&quot;: {
        &quot;owner&quot;: &quot;Dark Fibre Africa&quot;,
        &quot;stage&quot;: &quot;Construction&quot;,
        &quot;ea1&quot;: &quot;G30P30&quot;,
        &quot;ea2&quot;: &quot;Gauteng South&quot;
      }
    },
    {
      &quot;attributes&quot;: {
        &quot;owner&quot;: &quot;Dark Fibre Africa&quot;,
        &quot;stage&quot;: &quot;Construction&quot;,
        &quot;ea1&quot;: &quot;G30P30&quot;,
        &quot;ea2&quot;: &quot;Gauteng South&quot;
      }
    },
    {
      &quot;attributes&quot;: {
        &quot;owner&quot;: &quot;Dark Fibre Africa&quot;,
        &quot;stage&quot;: &quot;Construction&quot;,
        &quot;ea1&quot;: &quot;G30P30&quot;,
        &quot;ea2&quot;: &quot;Gauteng South&quot;
      }
    },
    {
      &quot;attributes&quot;: {
        &quot;owner&quot;: &quot;Dark Fibre Africa&quot;,
        &quot;stage&quot;: &quot;Construction&quot;,
        &quot;ea1&quot;: &quot;G30P30&quot;,
        &quot;ea2&quot;: &quot;Gauteng South&quot;
      }
    },
    {
      &quot;attributes&quot;: {
        &quot;owner&quot;: &quot;Dark Fibre Africa&quot;,
        &quot;stage&quot;: &quot;Construction&quot;,
        &quot;ea1&quot;: &quot;none&quot;,
        &quot;ea2&quot;: &quot;None&quot;
      }
    },
    {
      &quot;attributes&quot;: {
        &quot;owner&quot;: &quot;Dark Fibre Africa&quot;,
        &quot;stage&quot;: &quot;Construction&quot;,
        &quot;ea1&quot;: &quot;none&quot;,
        &quot;ea2&quot;: &quot;Western Region&quot;
      }
    },
    {
      &quot;attributes&quot;: {
        &quot;owner&quot;: &quot;Dark Fibre Africa&quot;,
        &quot;stage&quot;: &quot;Construction&quot;,
        &quot;ea1&quot;: &quot;none&quot;,
        &quot;ea2&quot;: &quot;Western Region&quot;
      }
    },
    {
      &quot;attributes&quot;: {
        &quot;owner&quot;: &quot;Dark Fibre Africa&quot;,
        &quot;stage&quot;: &quot;Construction&quot;,
        &quot;ea1&quot;: &quot;AS00047WH020524&quot;,
        &quot;ea2&quot;: &quot;Western Region&quot;
      }
    },
    {
      &quot;attributes&quot;: {
        &quot;owner&quot;: &quot;Dark Fibre Africa&quot;,
        &quot;stage&quot;: &quot;Construction&quot;,
        &quot;ea1&quot;: &quot;none&quot;,
        &quot;ea2&quot;: &quot;Northern Region&quot;
      }
    },
    {
      &quot;attributes&quot;: {
        &quot;owner&quot;: &quot;Dark Fibre Africa&quot;,
        &quot;stage&quot;: &quot;Construction&quot;,
        &quot;ea1&quot;: &quot;none&quot;,
        &quot;ea2&quot;: &quot;Gauteng South&quot;
      }
    },
    {
      &quot;attributes&quot;: {
        &quot;owner&quot;: &quot;Dark Fibre Africa&quot;,
        &quot;stage&quot;: &quot;Construction&quot;,
        &quot;ea1&quot;: &quot;NB50P40&quot;,
        &quot;ea2&quot;: &quot;Northern Region&quot;
      }
    },
    {
      &quot;attributes&quot;: {
        &quot;owner&quot;: &quot;Dark Fibre Africa&quot;,
        &quot;stage&quot;: &quot;Construction&quot;,
        &quot;ea1&quot;: &quot;G30P52&quot;,
        &quot;ea2&quot;: &quot;Gauteng South&quot;
      }
    },
    {
      &quot;attributes&quot;: {
        &quot;owner&quot;: &quot;Dark Fibre Africa&quot;,
        &quot;stage&quot;: &quot;Construction&quot;,
        &quot;ea1&quot;: &quot;G30P52&quot;,
        &quot;ea2&quot;: &quot;Gauteng South&quot;
      }
    },
    {
      &quot;attributes&quot;: {
        &quot;owner&quot;: &quot;Dark Fibre Africa&quot;,
        &quot;stage&quot;: &quot;Construction&quot;,
        &quot;ea1&quot;: &quot;VS01770CH020667&quot;,
        &quot;ea2&quot;: &quot;Western Region&quot;
      }
    },
    {
      &quot;attributes&quot;: {
        &quot;owner&quot;: &quot;Dark Fibre Africa&quot;,
        &quot;stage&quot;: &quot;Construction&quot;,
        &quot;ea1&quot;: &quot;none&quot;,
        &quot;ea2&quot;: &quot;Western Region&quot;
      }
    },
    {
      &quot;attributes&quot;: {
        &quot;owner&quot;: &quot;Dark Fibre Africa&quot;,
        &quot;stage&quot;: &quot;Construction&quot;,
        &quot;ea1&quot;: &quot;AS02928GH003630&quot;,
        &quot;ea2&quot;: &quot;Gauteng South&quot;
      }
    },
    {
      &quot;attributes&quot;: {
        &quot;owner&quot;: &quot;Dark Fibre Africa&quot;,
        &quot;stage&quot;: &quot;Construction&quot;,
        &quot;ea1&quot;: &quot;none&quot;,
        &quot;ea2&quot;: &quot;Northern Region&quot;
      }
    },
    {
      &quot;attributes&quot;: {
        &quot;owner&quot;: &quot;Dark Fibre Africa&quot;,
        &quot;stage&quot;: &quot;Construction&quot;,
        &quot;ea1&quot;: &quot;none&quot;,
        &quot;ea2&quot;: &quot;Gauteng South&quot;
      }
    },
    {
      &quot;attributes&quot;: {
        &quot;owner&quot;: &quot;Dark Fibre Africa&quot;,
        &quot;stage&quot;: &quot;Construction&quot;,
        &quot;ea1&quot;: &quot;none&quot;,
        &quot;ea2&quot;: &quot;Northern Region&quot;
      }
    },
    {
      &quot;attributes&quot;: {
        &quot;owner&quot;: &quot;Dark Fibre Africa&quot;,
        &quot;stage&quot;: &quot;Construction&quot;,
        &quot;ea1&quot;: &quot;none&quot;,
        &quot;ea2&quot;: &quot;Western Region&quot;
      }
    },
    {
      &quot;attributes&quot;: {
        &quot;owner&quot;: &quot;Dark Fibre Africa&quot;,
        &quot;stage&quot;: &quot;Construction&quot;,
        &quot;ea1&quot;: &quot;none&quot;,
        &quot;ea2&quot;: &quot;Western Region&quot;
      }
    },
    {
      &quot;attributes&quot;: {
        &quot;owner&quot;: &quot;Dark Fibre Africa&quot;,
        &quot;stage&quot;: &quot;Construction&quot;,
        &quot;ea1&quot;: &quot;none&quot;,
        &quot;ea2&quot;: &quot;Western Region&quot;
      }
    },
    {
      &quot;attributes&quot;: {
        &quot;owner&quot;: &quot;Dark Fibre Africa&quot;,
        &quot;stage&quot;: &quot;Construction&quot;,
        &quot;ea1&quot;: &quot;none&quot;,
        &quot;ea2&quot;: &quot;Western Region&quot;
      }
    },
    {
      &quot;attributes&quot;: {
        &quot;owner&quot;: &quot;Dark Fibre Africa&quot;,
        &quot;stage&quot;: &quot;Construction&quot;,
        &quot;ea1&quot;: &quot;none&quot;,
        &quot;ea2&quot;: &quot;Western Region&quot;
      }
    },
    {
      &quot;attributes&quot;: {
        &quot;owner&quot;: &quot;Dark Fibre Africa&quot;,
        &quot;stage&quot;: &quot;Construction&quot;,
        &quot;ea1&quot;: &quot;none&quot;,
        &quot;ea2&quot;: &quot;Kwa-Zulu Natal&quot;
      }
    },
    {
      &quot;attributes&quot;: {
        &quot;owner&quot;: &quot;Dark Fibre Africa&quot;,
        &quot;stage&quot;: &quot;Construction&quot;,
        &quot;ea1&quot;: &quot;K50P34&quot;,
        &quot;ea2&quot;: &quot;Kwa-Zulu Natal&quot;
      }
    },
    {
      &quot;attributes&quot;: {
        &quot;owner&quot;: &quot;Dark Fibre Africa&quot;,
        &quot;stage&quot;: &quot;Construction&quot;,
        &quot;ea1&quot;: &quot;AS13091WH002071 &quot;,
        &quot;ea2&quot;: &quot;Western Region&quot;
      }
    },
    {
      &quot;attributes&quot;: {
        &quot;owner&quot;: &quot;Dark Fibre Africa&quot;,
        &quot;stage&quot;: &quot;Construction&quot;,
        &quot;ea1&quot;: &quot;none&quot;,
        &quot;ea2&quot;: &quot;Western Region&quot;
      }
    },
    {
      &quot;attributes&quot;: {
        &quot;owner&quot;: &quot;Dark Fibre Africa&quot;,
        &quot;stage&quot;: &quot;Construction&quot;,
        &quot;ea1&quot;: &quot;none&quot;,
        &quot;ea2&quot;: &quot;Gauteng South&quot;
      }
    },
    {
      &quot;attributes&quot;: {
        &quot;owner&quot;: &quot;Dark Fibre Africa&quot;,
        &quot;stage&quot;: &quot;Construction&quot;,
        &quot;ea1&quot;: &quot;none&quot;,
        &quot;ea2&quot;: &quot;Gauteng South&quot;
      }
    },
    {
      &quot;attributes&quot;: {
        &quot;owner&quot;: &quot;Dark Fibre Africa&quot;,
        &quot;stage&quot;: &quot;Construction&quot;,
        &quot;ea1&quot;: &quot;none&quot;,
        &quot;ea2&quot;: &quot;Gauteng South&quot;
      }
    },
    {
      &quot;attributes&quot;: {
        &quot;owner&quot;: &quot;Dark Fibre Africa&quot;,
        &quot;stage&quot;: &quot;Construction&quot;,
        &quot;ea1&quot;: &quot;none&quot;,
        &quot;ea2&quot;: &quot;Gauteng South&quot;
      }
    },
    {
      &quot;attributes&quot;: {
        &quot;owner&quot;: &quot;Dark Fibre Africa&quot;,
        &quot;stage&quot;: &quot;Construction&quot;,
        &quot;ea1&quot;: &quot;none&quot;,
        &quot;ea2&quot;: &quot;Gauteng South&quot;
      }
    },
    {
      &quot;attributes&quot;: {
        &quot;owner&quot;: &quot;Dark Fibre Africa&quot;,
        &quot;stage&quot;: &quot;Construction&quot;,
        &quot;ea1&quot;: &quot;none&quot;,
        &quot;ea2&quot;: &quot;Gauteng South&quot;
      }
    },
    {
      &quot;attributes&quot;: {
        &quot;owner&quot;: &quot;Dark Fibre Africa&quot;,
        &quot;stage&quot;: &quot;Construction&quot;,
        &quot;ea1&quot;: &quot;none&quot;,
        &quot;ea2&quot;: &quot;Gauteng South&quot;
      }
    },
    {
      &quot;attributes&quot;: {
        &quot;owner&quot;: &quot;Dark Fibre Africa&quot;,
        &quot;stage&quot;: &quot;Construction&quot;,
        &quot;ea1&quot;: &quot;none&quot;,
        &quot;ea2&quot;: &quot;Gauteng South&quot;
      }
    },
    {
      &quot;attributes&quot;: {
        &quot;owner&quot;: &quot;Dark Fibre Africa&quot;,
        &quot;stage&quot;: &quot;Construction&quot;,
        &quot;ea1&quot;: &quot;VS02882GH000107 &quot;,
        &quot;ea2&quot;: &quot;Gauteng South&quot;
      }
    },
    {
      &quot;attributes&quot;: {
        &quot;owner&quot;: &quot;Dark Fibre Africa&quot;,
        &quot;stage&quot;: &quot;Construction&quot;,
        &quot;ea1&quot;: &quot;none&quot;,
        &quot;ea2&quot;: &quot;Western Region&quot;
      }
    },
    {
      &quot;attributes&quot;: {
        &quot;owner&quot;: &quot;Dark Fibre Africa&quot;,
        &quot;stage&quot;: &quot;Construction&quot;,
        &quot;ea1&quot;: &quot;none&quot;,
        &quot;ea2&quot;: &quot;Gauteng South&quot;
      }
    },
    {
      &quot;attributes&quot;: {
        &quot;owner&quot;: &quot;Dark Fibre Africa&quot;,
        &quot;stage&quot;: &quot;Construction&quot;,
        &quot;ea1&quot;: &quot;none&quot;,
        &quot;ea2&quot;: &quot;Western Region&quot;
      }
    },
    {
      &quot;attributes&quot;: {
        &quot;owner&quot;: &quot;Dark Fibre Africa&quot;,
        &quot;stage&quot;: &quot;Construction&quot;,
        &quot;ea1&quot;: &quot;none&quot;,
        &quot;ea2&quot;: &quot;Western Region&quot;
      }
    },
    {
      &quot;attributes&quot;: {
        &quot;owner&quot;: &quot;Dark Fibre Africa&quot;,
        &quot;stage&quot;: &quot;Construction&quot;,
        &quot;ea1&quot;: &quot;none&quot;,
        &quot;ea2&quot;: &quot;Gauteng South&quot;
      }
    },
    {
      &quot;attributes&quot;: {
        &quot;owner&quot;: &quot;Dark Fibre Africa&quot;,
        &quot;stage&quot;: &quot;Construction&quot;,
        &quot;ea1&quot;: &quot;NB50P07&quot;,
        &quot;ea2&quot;: &quot;Northern Region&quot;
      }
    },
    {
      &quot;attributes&quot;: {
        &quot;owner&quot;: &quot;Dark Fibre Africa&quot;,
        &quot;stage&quot;: &quot;Construction&quot;,
        &quot;ea1&quot;: &quot;NB50P07&quot;,
        &quot;ea2&quot;: &quot;Northern Region&quot;
      }
    },
    {
      &quot;attributes&quot;: {
        &quot;owner&quot;: &quot;Dark Fibre Africa&quot;,
        &quot;stage&quot;: &quot;Construction&quot;,
        &quot;ea1&quot;: &quot;K50P25&quot;,
        &quot;ea2&quot;: &quot;Kwa-Zulu Natal&quot;
      }
    },
    {
      &quot;attributes&quot;: {
        &quot;owner&quot;: &quot;Dark Fibre Africa&quot;,
        &quot;stage&quot;: &quot;Construction&quot;,
        &quot;ea1&quot;: &quot;G20P08&quot;,
        &quot;ea2&quot;: &quot;Gauteng South&quot;
      }
    },
    {
      &quot;attributes&quot;: {
        &quot;owner&quot;: &quot;Dark Fibre Africa&quot;,
        &quot;stage&quot;: &quot;Construction&quot;,
        &quot;ea1&quot;: &quot;G51P59&quot;,
        &quot;ea2&quot;: &quot;Gauteng South&quot;
      }
    },
    {
      &quot;attributes&quot;: {
        &quot;owner&quot;: &quot;Dark Fibre Africa&quot;,
        &quot;stage&quot;: &quot;Construction&quot;,
        &quot;ea1&quot;: &quot;NB50P49&quot;,
        &quot;ea2&quot;: &quot;Northern Region&quot;
      }
    },
    {
      &quot;attributes&quot;: {
        &quot;owner&quot;: &quot;Dark Fibre Africa&quot;,
        &quot;stage&quot;: &quot;Construction&quot;,
        &quot;ea1&quot;: &quot;NB20P30&quot;,
        &quot;ea2&quot;: &quot;Northern Region&quot;
      }
    },
    {
      &quot;attributes&quot;: {
        &quot;owner&quot;: &quot;Dark Fibre Africa&quot;,
        &quot;stage&quot;: &quot;Construction&quot;,
        &quot;ea1&quot;: &quot;NB20P25&quot;,
        &quot;ea2&quot;: &quot;Northern Region&quot;
      }
    },
    {
      &quot;attributes&quot;: {
        &quot;owner&quot;: &quot;Dark Fibre Africa&quot;,
        &quot;stage&quot;: &quot;Construction&quot;,
        &quot;ea1&quot;: &quot;G51P61&quot;,
        &quot;ea2&quot;: &quot;Gauteng South&quot;
      }
    },
    {
      &quot;attributes&quot;: {
        &quot;owner&quot;: &quot;Dark Fibre Africa&quot;,
        &quot;stage&quot;: &quot;Construction&quot;,
        &quot;ea1&quot;: &quot;none&quot;,
        &quot;ea2&quot;: &quot;None&quot;
      }
    },
    {
      &quot;attributes&quot;: {
        &quot;owner&quot;: &quot;Dark Fibre Africa&quot;,
        &quot;stage&quot;: &quot;Construction&quot;,
        &quot;ea1&quot;: &quot;VDC Snowflake Entry&quot;,
        &quot;ea2&quot;: &quot;Western Region&quot;
      }
    },
    {
      &quot;attributes&quot;: {
        &quot;owner&quot;: &quot;Dark Fibre Africa&quot;,
        &quot;stage&quot;: &quot;Construction&quot;,
        &quot;ea1&quot;: &quot;none&quot;,
        &quot;ea2&quot;: &quot;None&quot;
      }
    },
    {
      &quot;attributes&quot;: {
        &quot;owner&quot;: &quot;Dark Fibre Africa&quot;,
        &quot;stage&quot;: &quot;Construction&quot;,
        &quot;ea1&quot;: &quot;none&quot;,
        &quot;ea2&quot;: &quot;None&quot;
      }
    },
    {
      &quot;attributes&quot;: {
        &quot;owner&quot;: &quot;Dark Fibre Africa&quot;,
        &quot;stage&quot;: &quot;Construction&quot;,
        &quot;ea1&quot;: &quot;NB01P05&quot;,
        &quot;ea2&quot;: &quot;Northern Region&quot;
      }
    },
    {
      &quot;attributes&quot;: {
        &quot;owner&quot;: &quot;Dark Fibre Africa&quot;,
        &quot;stage&quot;: &quot;Construction&quot;,
        &quot;ea1&quot;: &quot;none&quot;,
        &quot;ea2&quot;: &quot;Gauteng South&quot;
      }
    },
    {
      &quot;attributes&quot;: {
        &quot;owner&quot;: &quot;Dark Fibre Africa&quot;,
        &quot;stage&quot;: &quot;Construction&quot;,
        &quot;ea1&quot;: &quot;none&quot;,
        &quot;ea2&quot;: &quot;Gauteng South&quot;
      }
    },
    {
      &quot;attributes&quot;: {
        &quot;owner&quot;: &quot;Dark Fibre Africa&quot;,
        &quot;stage&quot;: &quot;Construction&quot;,
        &quot;ea1&quot;: &quot;G51P22&quot;,
        &quot;ea2&quot;: &quot;Gauteng South&quot;
      }
    },
    {
      &quot;attributes&quot;: {
        &quot;owner&quot;: &quot;Dark Fibre Africa&quot;,
        &quot;stage&quot;: &quot;Construction&quot;,
        &quot;ea1&quot;: &quot;G52P02&quot;,
        &quot;ea2&quot;: &quot;Gauteng South&quot;
      }
    },
    {
      &quot;attributes&quot;: {
        &quot;owner&quot;: &quot;Dark Fibre Africa&quot;,
        &quot;stage&quot;: &quot;Construction&quot;,
        &quot;ea1&quot;: &quot;G51P94&quot;,
        &quot;ea2&quot;: &quot;Gauteng South&quot;
      }
    },
    {
      &quot;attributes&quot;: {
        &quot;owner&quot;: &quot;Dark Fibre Africa&quot;,
        &quot;stage&quot;: &quot;Construction&quot;,
        &quot;ea1&quot;: &quot;G51P83&quot;,
        &quot;ea2&quot;: &quot;Gauteng South&quot;
      }
    },
    {
      &quot;attributes&quot;: {
        &quot;owner&quot;: &quot;Dark Fibre Africa&quot;,
        &quot;stage&quot;: &quot;Construction&quot;,
        &quot;ea1&quot;: &quot;G51P83&quot;,
        &quot;ea2&quot;: &quot;Gauteng South&quot;
      }
    },
    {
      &quot;attributes&quot;: {
        &quot;owner&quot;: &quot;Dark Fibre Africa&quot;,
        &quot;stage&quot;: &quot;Construction&quot;,
        &quot;ea1&quot;: &quot;G51P83&quot;,
        &quot;ea2&quot;: &quot;Gauteng South&quot;
      }
    },
    {
      &quot;attributes&quot;: {
        &quot;owner&quot;: &quot;Dark Fibre Africa&quot;,
        &quot;stage&quot;: &quot;Construction&quot;,
        &quot;ea1&quot;: &quot;G51P83&quot;,
        &quot;ea2&quot;: &quot;Gauteng South&quot;
      }
    },
    {
      &quot;attributes&quot;: {
        &quot;owner&quot;: &quot;Dark Fibre Africa&quot;,
        &quot;stage&quot;: &quot;Construction&quot;,
        &quot;ea1&quot;: &quot;G51P83&quot;,
        &quot;ea2&quot;: &quot;Gauteng South&quot;
      }
    },
    {
      &quot;attributes&quot;: {
        &quot;owner&quot;: &quot;Dark Fibre Africa&quot;,
        &quot;stage&quot;: &quot;Construction&quot;,
        &quot;ea1&quot;: &quot;G51P83&quot;,
        &quot;ea2&quot;: &quot;Gauteng South&quot;
      }
    },
    {
      &quot;attributes&quot;: {
        &quot;owner&quot;: &quot;Dark Fibre Africa&quot;,
        &quot;stage&quot;: &quot;Construction&quot;,
        &quot;ea1&quot;: &quot;K02P10&quot;,
        &quot;ea2&quot;: &quot;Kwa-Zulu Natal&quot;
      }
    },
    {
      &quot;attributes&quot;: {
        &quot;owner&quot;: &quot;Dark Fibre Africa&quot;,
        &quot;stage&quot;: &quot;Construction&quot;,
        &quot;ea1&quot;: &quot;G51P73&quot;,
        &quot;ea2&quot;: &quot;Gauteng South&quot;
      }
    },
    {
      &quot;attributes&quot;: {
        &quot;owner&quot;: &quot;Dark Fibre Africa&quot;,
        &quot;stage&quot;: &quot;Construction&quot;,
        &quot;ea1&quot;: &quot;VS3563MP301034&quot;,
        &quot;ea2&quot;: &quot;Mphumalanga&quot;
      }
    },
    {
      &quot;attributes&quot;: {
        &quot;owner&quot;: &quot;Dark Fibre Africa&quot;,
        &quot;stage&quot;: &quot;Construction&quot;,
        &quot;ea1&quot;: &quot;G20P43&quot;,
        &quot;ea2&quot;: &quot;Gauteng South&quot;
      }
    },
    {
      &quot;attributes&quot;: {
        &quot;owner&quot;: &quot;Dark Fibre Africa&quot;,
        &quot;stage&quot;: &quot;Construction&quot;,
        &quot;ea1&quot;: &quot;G20P43&quot;,
        &quot;ea2&quot;: &quot;Gauteng South&quot;
      }
    },
    {
      &quot;attributes&quot;: {
        &quot;owner&quot;: &quot;Dark Fibre Africa&quot;,
        &quot;stage&quot;: &quot;Construction&quot;,
        &quot;ea1&quot;: &quot;G20P43&quot;,
        &quot;ea2&quot;: &quot;Gauteng South&quot;
      }
    },
    {
      &quot;attributes&quot;: {
        &quot;owner&quot;: &quot;Dark Fibre Africa&quot;,
        &quot;stage&quot;: &quot;Construction&quot;,
        &quot;ea1&quot;: &quot;G20P43&quot;,
        &quot;ea2&quot;: &quot;Gauteng South&quot;
      }
    },
    {
      &quot;attributes&quot;: {
        &quot;owner&quot;: &quot;Dark Fibre Africa&quot;,
        &quot;stage&quot;: &quot;Construction&quot;,
        &quot;ea1&quot;: &quot;M02P05&quot;,
        &quot;ea2&quot;: &quot;Mphumalanga&quot;
      }
    },
    {
      &quot;attributes&quot;: {
        &quot;owner&quot;: &quot;Dark Fibre Africa&quot;,
        &quot;stage&quot;: &quot;Construction&quot;,
        &quot;ea1&quot;: &quot;G51P02&quot;,
        &quot;ea2&quot;: &quot;Gauteng South&quot;
      }
    },
    {
      &quot;attributes&quot;: {
        &quot;owner&quot;: &quot;Dark Fibre Africa&quot;,
        &quot;stage&quot;: &quot;Construction&quot;,
        &quot;ea1&quot;: &quot;G51P83&quot;,
        &quot;ea2&quot;: &quot;Gauteng South&quot;
      }
    },
    {
      &quot;attributes&quot;: {
        &quot;owner&quot;: &quot;Dark Fibre Africa&quot;,
        &quot;stage&quot;: &quot;Construction&quot;,
        &quot;ea1&quot;: &quot;G51P03&quot;,
        &quot;ea2&quot;: &quot;Gauteng South&quot;
      }
    },
    {
      &quot;attributes&quot;: {
        &quot;owner&quot;: &quot;Dark Fibre Africa&quot;,
        &quot;stage&quot;: &quot;Construction&quot;,
        &quot;ea1&quot;: &quot;K50P25&quot;,
        &quot;ea2&quot;: &quot;Kwa-Zulu Natal&quot;
      }
    },
    {
      &quot;attributes&quot;: {
        &quot;owner&quot;: &quot;Dark Fibre Africa&quot;,
        &quot;stage&quot;: &quot;Construction&quot;,
        &quot;ea1&quot;: &quot; &quot;,
        &quot;ea2&quot;: &quot;Gauteng South&quot;
      }
    },
    {
      &quot;attributes&quot;: {
        &quot;owner&quot;: &quot;Dark Fibre Africa&quot;,
        &quot;stage&quot;: &quot;Construction&quot;,
        &quot;ea1&quot;: &quot;none&quot;,
        &quot;ea2&quot;: &quot;Mphumalanga&quot;
      }
    },
    {
      &quot;attributes&quot;: {
        &quot;owner&quot;: &quot;Dark Fibre Africa&quot;,
        &quot;stage&quot;: &quot;Construction&quot;,
        &quot;ea1&quot;: &quot;none&quot;,
        &quot;ea2&quot;: &quot;Mphumalanga&quot;
      }
    },
    {
      &quot;attributes&quot;: {
        &quot;owner&quot;: &quot;Dark Fibre Africa&quot;,
        &quot;stage&quot;: &quot;Construction&quot;,
        &quot;ea1&quot;: &quot;none&quot;,
        &quot;ea2&quot;: &quot;Mphumalanga&quot;
      }
    },
    {
      &quot;attributes&quot;: {
        &quot;owner&quot;: &quot;Dark Fibre Africa&quot;,
        &quot;stage&quot;: &quot;Construction&quot;,
        &quot;ea1&quot;: &quot;none&quot;,
        &quot;ea2&quot;: &quot;Mphumalanga&quot;
      }
    },
    {
      &quot;attributes&quot;: {
        &quot;owner&quot;: &quot;Dark Fibre Africa&quot;,
        &quot;stage&quot;: &quot;Construction&quot;,
        &quot;ea1&quot;: &quot;none&quot;,
        &quot;ea2&quot;: &quot;Mphumalanga&quot;
      }
    },
    {
      &quot;attributes&quot;: {
        &quot;owner&quot;: &quot;Dark Fibre Africa&quot;,
        &quot;stage&quot;: &quot;Construction&quot;,
        &quot;ea1&quot;: &quot;none&quot;,
        &quot;ea2&quot;: &quot;Gauteng South&quot;
      }
    },
    {
      &quot;attributes&quot;: {
        &quot;owner&quot;: &quot;Dark Fibre Africa&quot;,
        &quot;stage&quot;: &quot;Construction&quot;,
        &quot;ea1&quot;: &quot;none&quot;,
        &quot;ea2&quot;: &quot;Kwa-Zulu Natal&quot;
      }
    },
    {
      &quot;attributes&quot;: {
        &quot;owner&quot;: &quot;Dark Fibre Africa&quot;,
        &quot;stage&quot;: &quot;Construction&quot;,
        &quot;ea1&quot;: &quot;K50P25&quot;,
        &quot;ea2&quot;: &quot;Kwa-Zulu Natal&quot;
      }
    },
    {
      &quot;attributes&quot;: {
        &quot;owner&quot;: &quot;Dark Fibre Africa&quot;,
        &quot;stage&quot;: &quot;Construction&quot;,
        &quot;ea1&quot;: &quot;G50P71&quot;,
        &quot;ea2&quot;: &quot;Gauteng South&quot;
      }
    },
    {
      &quot;attributes&quot;: {
        &quot;owner&quot;: &quot;Dark Fibre Africa&quot;,
        &quot;stage&quot;: &quot;Construction&quot;,
        &quot;ea1&quot;: &quot;G50P71&quot;,
        &quot;ea2&quot;: &quot;Gauteng South&quot;
      }
    },
    {
      &quot;attributes&quot;: {
        &quot;owner&quot;: &quot;Dark Fibre Africa&quot;,
        &quot;stage&quot;: &quot;Construction&quot;,
        &quot;ea1&quot;: &quot;G50P71&quot;,
        &quot;ea2&quot;: &quot;Gauteng South&quot;
      }
    },
    {
      &quot;attributes&quot;: {
        &quot;owner&quot;: &quot;Dark Fibre Africa&quot;,
        &quot;stage&quot;: &quot;Construction&quot;,
        &quot;ea1&quot;: &quot;G50P71&quot;,
        &quot;ea2&quot;: &quot;Gauteng South&quot;
      }
    },
    {
      &quot;attributes&quot;: {
        &quot;owner&quot;: &quot;Dark Fibre Africa&quot;,
        &quot;stage&quot;: &quot;Construction&quot;,
        &quot;ea1&quot;: &quot;G50P71&quot;,
        &quot;ea2&quot;: &quot;Gauteng South&quot;
      }
    },
    {
      &quot;attributes&quot;: {
        &quot;owner&quot;: &quot;Dark Fibre Africa&quot;,
        &quot;stage&quot;: &quot;Construction&quot;,
        &quot;ea1&quot;: &quot;G50P71&quot;,
        &quot;ea2&quot;: &quot;Gauteng South&quot;
      }
    },
    {
      &quot;attributes&quot;: {
        &quot;owner&quot;: &quot;Dark Fibre Africa&quot;,
        &quot;stage&quot;: &quot;Construction&quot;,
        &quot;ea1&quot;: &quot;G50P71&quot;,
        &quot;ea2&quot;: &quot;Gauteng South&quot;
      }
    },
    {
      &quot;attributes&quot;: {
        &quot;owner&quot;: &quot;Dark Fibre Africa&quot;,
        &quot;stage&quot;: &quot;Construction&quot;,
        &quot;ea1&quot;: &quot;G50P71&quot;,
        &quot;ea2&quot;: &quot;Gauteng South&quot;
      }
    },
    {
      &quot;attributes&quot;: {
        &quot;owner&quot;: &quot;Dark Fibre Africa&quot;,
        &quot;stage&quot;: &quot;Construction&quot;,
        &quot;ea1&quot;: &quot;G50P71&quot;,
        &quot;ea2&quot;: &quot;Gauteng South&quot;
      }
    },
    {
      &quot;attributes&quot;: {
        &quot;owner&quot;: &quot;Dark Fibre Africa&quot;,
        &quot;stage&quot;: &quot;Construction&quot;,
        &quot;ea1&quot;: &quot;G50P71&quot;,
        &quot;ea2&quot;: &quot;Gauteng South&quot;
      }
    },
    {
      &quot;attributes&quot;: {
        &quot;owner&quot;: &quot;Dark Fibre Africa&quot;,
        &quot;stage&quot;: &quot;Construction&quot;,
        &quot;ea1&quot;: &quot;G50P71&quot;,
        &quot;ea2&quot;: &quot;Gauteng South&quot;
      }
    },
    {
      &quot;attributes&quot;: {
        &quot;owner&quot;: &quot;Dark Fibre Africa&quot;,
        &quot;stage&quot;: &quot;Construction&quot;,
        &quot;ea1&quot;: &quot;none&quot;,
        &quot;ea2&quot;: &quot;Gauteng South&quot;
      }
    },
    {
      &quot;attributes&quot;: {
        &quot;owner&quot;: &quot;Dark Fibre Africa&quot;,
        &quot;stage&quot;: &quot;Construction&quot;,
        &quot;ea1&quot;: &quot;none&quot;,
        &quot;ea2&quot;: &quot;Northern Region&quot;
      }
    },
    {
      &quot;attributes&quot;: {
        &quot;owner&quot;: &quot;Dark Fibre Africa&quot;,
        &quot;stage&quot;: &quot;Construction&quot;,
        &quot;ea1&quot;: &quot;AS2618GH020378&quot;,
        &quot;ea2&quot;: &quot;Northern Region&quot;
      }
    },
    {
      &quot;attributes&quot;: {
        &quot;owner&quot;: &quot;Dark Fibre Africa&quot;,
        &quot;stage&quot;: &quot;Construction&quot;,
        &quot;ea1&quot;: &quot;M02P02&quot;,
        &quot;ea2&quot;: &quot;Mphumalanga&quot;
      }
    },
    {
      &quot;attributes&quot;: {
        &quot;owner&quot;: &quot;Dark Fibre Africa&quot;,
        &quot;stage&quot;: &quot;Construction&quot;,
        &quot;ea1&quot;: &quot;W20P12&quot;,
        &quot;ea2&quot;: &quot;Western Region&quot;
      }
    },
    {
      &quot;attributes&quot;: {
        &quot;owner&quot;: &quot;Dark Fibre Africa&quot;,
        &quot;stage&quot;: &quot;Construction&quot;,
        &quot;ea1&quot;: &quot;M02P05&quot;,
        &quot;ea2&quot;: &quot;Mphumalanga&quot;
      }
    },
    {
      &quot;attributes&quot;: {
        &quot;owner&quot;: &quot;Dark Fibre Africa&quot;,
        &quot;stage&quot;: &quot;Construction&quot;,
        &quot;ea1&quot;: &quot;none&quot;,
        &quot;ea2&quot;: &quot;Gauteng South&quot;
      }
    },
    {
      &quot;attributes&quot;: {
        &quot;owner&quot;: &quot;Dark Fibre Africa&quot;,
        &quot;stage&quot;: &quot;Construction&quot;,
        &quot;ea1&quot;: &quot;K20P01&quot;,
        &quot;ea2&quot;: &quot;Kwa-Zulu Natal&quot;
      }
    },
    {
      &quot;attributes&quot;: {
        &quot;owner&quot;: &quot;Dark Fibre Africa&quot;,
        &quot;stage&quot;: &quot;Construction&quot;,
        &quot;ea1&quot;: &quot;none&quot;,
        &quot;ea2&quot;: &quot;None&quot;
      }
    },
    {
      &quot;attributes&quot;: {
        &quot;owner&quot;: &quot;Dark Fibre Africa&quot;,
        &quot;stage&quot;: &quot;Construction&quot;,
        &quot;ea1&quot;: &quot;G52P06&quot;,
        &quot;ea2&quot;: &quot;Gauteng South&quot;
      }
    },
    {
      &quot;attributes&quot;: {
        &quot;owner&quot;: &quot;Dark Fibre Africa&quot;,
        &quot;stage&quot;: &quot;Construction&quot;,
        &quot;ea1&quot;: &quot;G52P06&quot;,
        &quot;ea2&quot;: &quot;Gauteng South&quot;
      }
    },
    {
      &quot;attributes&quot;: {
        &quot;owner&quot;: &quot;Dark Fibre Africa&quot;,
        &quot;stage&quot;: &quot;Construction&quot;,
        &quot;ea1&quot;: &quot;M01P02&quot;,
        &quot;ea2&quot;: &quot;Mphumalanga&quot;
      }
    },
    {
      &quot;attributes&quot;: {
        &quot;owner&quot;: &quot;Dark Fibre Africa&quot;,
        &quot;stage&quot;: &quot;Construction&quot;,
        &quot;ea1&quot;: &quot;none&quot;,
        &quot;ea2&quot;: &quot;Western Region&quot;
      }
    },
    {
      &quot;attributes&quot;: {
        &quot;owner&quot;: &quot;Dark Fibre Africa&quot;,
        &quot;stage&quot;: &quot;Construction&quot;,
        &quot;ea1&quot;: &quot;NB50P48&quot;,
        &quot;ea2&quot;: &quot;Northern Region&quot;
      }
    },
    {
      &quot;attributes&quot;: {
        &quot;owner&quot;: &quot;Dark Fibre Africa&quot;,
        &quot;stage&quot;: &quot;Construction&quot;,
        &quot;ea1&quot;: &quot;NB50P48&quot;,
        &quot;ea2&quot;: &quot;Northern Region&quot;
      }
    },
    {
      &quot;attributes&quot;: {
        &quot;owner&quot;: &quot;Dark Fibre Africa&quot;,
        &quot;stage&quot;: &quot;Construction&quot;,
        &quot;ea1&quot;: &quot;NB50P48&quot;,
        &quot;ea2&quot;: &quot;Northern Region&quot;
      }
    },
    {
      &quot;attributes&quot;: {
        &quot;owner&quot;: &quot;Dark Fibre Africa&quot;,
        &quot;stage&quot;: &quot;Construction&quot;,
        &quot;ea1&quot;: &quot;NB50P48&quot;,
        &quot;ea2&quot;: &quot;Northern Region&quot;
      }
    },
    {
      &quot;attributes&quot;: {
        &quot;owner&quot;: &quot;Dark Fibre Africa&quot;,
        &quot;stage&quot;: &quot;Construction&quot;,
        &quot;ea1&quot;: &quot;NB50P48&quot;,
        &quot;ea2&quot;: &quot;Northern Region&quot;
      }
    },
    {
      &quot;attributes&quot;: {
        &quot;owner&quot;: &quot;Dark Fibre Africa&quot;,
        &quot;stage&quot;: &quot;Construction&quot;,
        &quot;ea1&quot;: &quot;NB50P48&quot;,
        &quot;ea2&quot;: &quot;Northern Region&quot;
      }
    },
    {
      &quot;attributes&quot;: {
        &quot;owner&quot;: &quot;Dark Fibre Africa&quot;,
        &quot;stage&quot;: &quot;Construction&quot;,
        &quot;ea1&quot;: &quot;K01P01&quot;,
        &quot;ea2&quot;: &quot;Kwa-Zulu Natal&quot;
      }
    },
    {
      &quot;attributes&quot;: {
        &quot;owner&quot;: &quot;Dark Fibre Africa&quot;,
        &quot;stage&quot;: &quot;Construction&quot;,
        &quot;ea1&quot;: &quot;M01P06&quot;,
        &quot;ea2&quot;: &quot;Mphumalanga&quot;
      }
    },
    {
      &quot;attributes&quot;: {
        &quot;owner&quot;: &quot;DFA&quot;,
        &quot;stage&quot;: &quot;Construction&quot;,
        &quot;ea1&quot;: &quot;none&quot;,
        &quot;ea2&quot;: &quot;Eastern Region&quot;
      }
    },
    {
      &quot;attributes&quot;: {
        &quot;owner&quot;: &quot;Dark Fibre Africa&quot;,
        &quot;stage&quot;: &quot;Construction&quot;,
        &quot;ea1&quot;: &quot;G51P20&quot;,
        &quot;ea2&quot;: &quot;Gauteng South&quot;
      }
    },
    {
      &quot;attributes&quot;: {
        &quot;owner&quot;: &quot;Dark Fibre Africa&quot;,
        &quot;stage&quot;: &quot;Construction&quot;,
        &quot;ea1&quot;: &quot;G51P20&quot;,
        &quot;ea2&quot;: &quot;Gauteng South&quot;
      }
    },
    {
      &quot;attributes&quot;: {
        &quot;owner&quot;: &quot;Dark Fibre Africa&quot;,
        &quot;stage&quot;: &quot;Construction&quot;,
        &quot;ea1&quot;: &quot;G51P20&quot;,
        &quot;ea2&quot;: &quot;Gauteng South&quot;
      }
    },
    {
      &quot;attributes&quot;: {
        &quot;owner&quot;: &quot;Dark Fibre Africa&quot;,
        &quot;stage&quot;: &quot;Construction&quot;,
        &quot;ea1&quot;: &quot;G51P20&quot;,
        &quot;ea2&quot;: &quot;Gauteng South&quot;
      }
    },
    {
      &quot;attributes&quot;: {
        &quot;owner&quot;: &quot;Dark Fibre Africa&quot;,
        &quot;stage&quot;: &quot;Construction&quot;,
        &quot;ea1&quot;: &quot;G51P20&quot;,
        &quot;ea2&quot;: &quot;Gauteng South&quot;
      }
    },
    {
      &quot;attributes&quot;: {
        &quot;owner&quot;: &quot;Dark Fibre Africa&quot;,
        &quot;stage&quot;: &quot;Construction&quot;,
        &quot;ea1&quot;: &quot;G51P20&quot;,
        &quot;ea2&quot;: &quot;Gauteng South&quot;
      }
    },
    {
      &quot;attributes&quot;: {
        &quot;owner&quot;: &quot;Dark Fibre Africa&quot;,
        &quot;stage&quot;: &quot;Construction&quot;,
        &quot;ea1&quot;: &quot;G51P20&quot;,
        &quot;ea2&quot;: &quot;Gauteng South&quot;
      }
    },
    {
      &quot;attributes&quot;: {
        &quot;owner&quot;: &quot;Dark Fibre Africa&quot;,
        &quot;stage&quot;: &quot;Construction&quot;,
        &quot;ea1&quot;: &quot;G51P20&quot;,
        &quot;ea2&quot;: &quot;Gauteng South&quot;
      }
    },
    {
      &quot;attributes&quot;: {
        &quot;owner&quot;: &quot;Dark Fibre Africa&quot;,
        &quot;stage&quot;: &quot;Construction&quot;,
        &quot;ea1&quot;: &quot;G51P20&quot;,
        &quot;ea2&quot;: &quot;Gauteng South&quot;
      }
    },
    {
      &quot;attributes&quot;: {
        &quot;owner&quot;: &quot;Dark Fibre Africa&quot;,
        &quot;stage&quot;: &quot;Construction&quot;,
        &quot;ea1&quot;: &quot;G51P20&quot;,
        &quot;ea2&quot;: &quot;Gauteng South&quot;
      }
    },
    {
      &quot;attributes&quot;: {
        &quot;owner&quot;: &quot;Dark Fibre Africa&quot;,
        &quot;stage&quot;: &quot;Construction&quot;,
        &quot;ea1&quot;: &quot;G51P20&quot;,
        &quot;ea2&quot;: &quot;Gauteng South&quot;
      }
    },
    {
      &quot;attributes&quot;: {
        &quot;owner&quot;: &quot;Dark Fibre Africa&quot;,
        &quot;stage&quot;: &quot;Construction&quot;,
        &quot;ea1&quot;: &quot;G51P20&quot;,
        &quot;ea2&quot;: &quot;Gauteng South&quot;
      }
    },
    {
      &quot;attributes&quot;: {
        &quot;owner&quot;: &quot;Dark Fibre Africa&quot;,
        &quot;stage&quot;: &quot;Construction&quot;,
        &quot;ea1&quot;: &quot;G51P20&quot;,
        &quot;ea2&quot;: &quot;Gauteng South&quot;
      }
    },
    {
      &quot;attributes&quot;: {
        &quot;owner&quot;: &quot;Dark Fibre Africa&quot;,
        &quot;stage&quot;: &quot;Construction&quot;,
        &quot;ea1&quot;: &quot;G51P20&quot;,
        &quot;ea2&quot;: &quot;Gauteng South&quot;
      }
    },
    {
      &quot;attributes&quot;: {
        &quot;owner&quot;: &quot;Dark Fibre Africa&quot;,
        &quot;stage&quot;: &quot;Construction&quot;,
        &quot;ea1&quot;: &quot;G51P20&quot;,
        &quot;ea2&quot;: &quot;Gauteng South&quot;
      }
    },
    {
      &quot;attributes&quot;: {
        &quot;owner&quot;: &quot;Dark Fibre Africa&quot;,
        &quot;stage&quot;: &quot;Construction&quot;,
        &quot;ea1&quot;: &quot;G51P20&quot;,
        &quot;ea2&quot;: &quot;Gauteng South&quot;
      }
    },
    {
      &quot;attributes&quot;: {
        &quot;owner&quot;: &quot;Dark Fibre Africa&quot;,
        &quot;stage&quot;: &quot;Construction&quot;,
        &quot;ea1&quot;: &quot;G51P20&quot;,
        &quot;ea2&quot;: &quot;Gauteng South&quot;
      }
    },
    {
      &quot;attributes&quot;: {
        &quot;owner&quot;: &quot;Dark Fibre Africa&quot;,
        &quot;stage&quot;: &quot;Construction&quot;,
        &quot;ea1&quot;: &quot;G51P20&quot;,
        &quot;ea2&quot;: &quot;Gauteng South&quot;
      }
    },
    {
      &quot;attributes&quot;: {
        &quot;owner&quot;: &quot;Dark Fibre Africa&quot;,
        &quot;stage&quot;: &quot;Construction&quot;,
        &quot;ea1&quot;: &quot;G51P20&quot;,
        &quot;ea2&quot;: &quot;Gauteng South&quot;
      }
    },
    {
      &quot;attributes&quot;: {
        &quot;owner&quot;: &quot;Dark Fibre Africa&quot;,
        &quot;stage&quot;: &quot;Construction&quot;,
        &quot;ea1&quot;: &quot;G51P20&quot;,
        &quot;ea2&quot;: &quot;Gauteng South&quot;
      }
    },
    {
      &quot;attributes&quot;: {
        &quot;owner&quot;: &quot;Dark Fibre Africa&quot;,
        &quot;stage&quot;: &quot;Construction&quot;,
        &quot;ea1&quot;: &quot;G51P20&quot;,
        &quot;ea2&quot;: &quot;Gauteng South&quot;
      }
    },
    {
      &quot;attributes&quot;: {
        &quot;owner&quot;: &quot;Dark Fibre Africa&quot;,
        &quot;stage&quot;: &quot;Construction&quot;,
        &quot;ea1&quot;: &quot;G51P20&quot;,
        &quot;ea2&quot;: &quot;Gauteng South&quot;
      }
    },
    {
      &quot;attributes&quot;: {
        &quot;owner&quot;: &quot;Dark Fibre Africa&quot;,
        &quot;stage&quot;: &quot;Construction&quot;,
        &quot;ea1&quot;: &quot;G51P20&quot;,
        &quot;ea2&quot;: &quot;Gauteng South&quot;
      }
    },
    {
      &quot;attributes&quot;: {
        &quot;owner&quot;: &quot;Dark Fibre Africa&quot;,
        &quot;stage&quot;: &quot;Construction&quot;,
        &quot;ea1&quot;: &quot;G51P20&quot;,
        &quot;ea2&quot;: &quot;Gauteng South&quot;
      }
    },
    {
      &quot;attributes&quot;: {
        &quot;owner&quot;: &quot;Dark Fibre Africa&quot;,
        &quot;stage&quot;: &quot;Construction&quot;,
        &quot;ea1&quot;: &quot;G51P20&quot;,
        &quot;ea2&quot;: &quot;Gauteng South&quot;
      }
    },
    {
      &quot;attributes&quot;: {
        &quot;owner&quot;: &quot;Dark Fibre Africa&quot;,
        &quot;stage&quot;: &quot;Construction&quot;,
        &quot;ea1&quot;: &quot;none&quot;,
        &quot;ea2&quot;: &quot;Western Region&quot;
      }
    },
    {
      &quot;attributes&quot;: {
        &quot;owner&quot;: &quot;Dark Fibre Africa&quot;,
        &quot;stage&quot;: &quot;Construction&quot;,
        &quot;ea1&quot;: &quot;none&quot;,
        &quot;ea2&quot;: &quot;Western Region&quot;
      }
    },
    {
      &quot;attributes&quot;: {
        &quot;owner&quot;: &quot;Dark Fibre Africa&quot;,
        &quot;stage&quot;: &quot;Construction&quot;,
        &quot;ea1&quot;: &quot;G51P36&quot;,
        &quot;ea2&quot;: &quot;Gauteng South&quot;
      }
    },
    {
      &quot;attributes&quot;: {
        &quot;owner&quot;: &quot;Dark Fibre Africa&quot;,
        &quot;stage&quot;: &quot;Construction&quot;,
        &quot;ea1&quot;: &quot;G51P36&quot;,
        &quot;ea2&quot;: &quot;Gauteng South&quot;
      }
    },
    {
      &quot;attributes&quot;: {
        &quot;owner&quot;: &quot;Dark Fibre Africa&quot;,
        &quot;stage&quot;: &quot;Construction&quot;,
        &quot;ea1&quot;: &quot;M01P07&quot;,
        &quot;ea2&quot;: &quot;Mphumalanga&quot;
      }
    },
    {
      &quot;attributes&quot;: {
        &quot;owner&quot;: &quot;Dark Fibre Africa&quot;,
        &quot;stage&quot;: &quot;Construction&quot;,
        &quot;ea1&quot;: &quot; &quot;,
        &quot;ea2&quot;: &quot;Northern Region&quot;
      }
    },
    {
      &quot;attributes&quot;: {
        &quot;owner&quot;: &quot;Dark Fibre Africa&quot;,
        &quot;stage&quot;: &quot;Construction&quot;,
        &quot;ea1&quot;: &quot;M01P11&quot;,
        &quot;ea2&quot;: &quot;Mphumalanga&quot;
      }
    },
    {
      &quot;attributes&quot;: {
        &quot;owner&quot;: &quot;Dark Fibre Africa&quot;,
        &quot;stage&quot;: &quot;Construction&quot;,
        &quot;ea1&quot;: &quot;none&quot;,
        &quot;ea2&quot;: &quot;Western Region&quot;
      }
    },
    {
      &quot;attributes&quot;: {
        &quot;owner&quot;: &quot;Dark Fibre Africa&quot;,
        &quot;stage&quot;: &quot;Construction&quot;,
        &quot;ea1&quot;: &quot;G52P58&quot;,
        &quot;ea2&quot;: &quot;Gauteng South&quot;
      }
    },
    {
      &quot;attributes&quot;: {
        &quot;owner&quot;: &quot;Dark Fibre Africa&quot;,
        &quot;stage&quot;: &quot;Construction&quot;,
        &quot;ea1&quot;: &quot; &quot;,
        &quot;ea2&quot;: &quot;Gauteng South&quot;
      }
    },
    {
      &quot;attributes&quot;: {
        &quot;owner&quot;: &quot;Dark Fibre Africa&quot;,
        &quot;stage&quot;: &quot;Construction&quot;,
        &quot;ea1&quot;: &quot;W50P63&quot;,
        &quot;ea2&quot;: &quot;Western Region&quot;
      }
    },
    {
      &quot;attributes&quot;: {
        &quot;owner&quot;: &quot;Dark Fibre Africa&quot;,
        &quot;stage&quot;: &quot;Construction&quot;,
        &quot;ea1&quot;: &quot;W50P63&quot;,
        &quot;ea2&quot;: &quot;Western Region&quot;
      }
    },
    {
      &quot;attributes&quot;: {
        &quot;owner&quot;: &quot;Dark Fibre Africa&quot;,
        &quot;stage&quot;: &quot;Construction&quot;,
        &quot;ea1&quot;: &quot;W50P63&quot;,
        &quot;ea2&quot;: &quot;Western Region&quot;
      }
    },
    {
      &quot;attributes&quot;: {
        &quot;owner&quot;: &quot;Dark Fibre Africa&quot;,
        &quot;stage&quot;: &quot;Construction&quot;,
        &quot;ea1&quot;: &quot;G52P60&quot;,
        &quot;ea2&quot;: &quot;Gauteng South&quot;
      }
    },
    {
      &quot;attributes&quot;: {
        &quot;owner&quot;: &quot;Dark Fibre Africa&quot;,
        &quot;stage&quot;: &quot;Construction&quot;,
        &quot;ea1&quot;: &quot;G52P60&quot;,
        &quot;ea2&quot;: &quot;Gauteng South&quot;
      }
    },
    {
      &quot;attributes&quot;: {
        &quot;owner&quot;: &quot;Dark Fibre Africa&quot;,
        &quot;stage&quot;: &quot;Construction&quot;,
        &quot;ea1&quot;: &quot;G52P60&quot;,
        &quot;ea2&quot;: &quot;Gauteng South&quot;
      }
    },
    {
      &quot;attributes&quot;: {
        &quot;owner&quot;: &quot;Dark Fibre Africa&quot;,
        &quot;stage&quot;: &quot;Construction&quot;,
        &quot;ea1&quot;: &quot;G52P60&quot;,
        &quot;ea2&quot;: &quot;Gauteng South&quot;
      }
    },
    {
      &quot;attributes&quot;: {
        &quot;owner&quot;: &quot;Dark Fibre Africa&quot;,
        &quot;stage&quot;: &quot;Construction&quot;,
        &quot;ea1&quot;: &quot;none&quot;,
        &quot;ea2&quot;: &quot;Western Region&quot;
      }
    },
    {
      &quot;attributes&quot;: {
        &quot;owner&quot;: &quot;Dark Fibre Africa&quot;,
        &quot;stage&quot;: &quot;Construction&quot;,
        &quot;ea1&quot;: &quot;G51P25&quot;,
        &quot;ea2&quot;: &quot;Gauteng South&quot;
      }
    },
    {
      &quot;attributes&quot;: {
        &quot;owner&quot;: &quot;Dark Fibre Africa&quot;,
        &quot;stage&quot;: &quot;Construction&quot;,
        &quot;ea1&quot;: &quot;none&quot;,
        &quot;ea2&quot;: &quot;None&quot;
      }
    },
    {
      &quot;attributes&quot;: {
        &quot;owner&quot;: &quot;Dark Fibre Africa&quot;,
        &quot;stage&quot;: &quot;Construction&quot;,
        &quot;ea1&quot;: &quot;AS04675CH080179&quot;,
        &quot;ea2&quot;: &quot;Western Region&quot;
      }
    },
    {
      &quot;attributes&quot;: {
        &quot;owner&quot;: &quot;Dark Fibre Africa&quot;,
        &quot;stage&quot;: &quot;Construction&quot;,
        &quot;ea1&quot;: &quot;none&quot;,
        &quot;ea2&quot;: &quot;Western Region&quot;
      }
    },
    {
      &quot;attributes&quot;: {
        &quot;owner&quot;: &quot;Dark Fibre Africa&quot;,
        &quot;stage&quot;: &quot;Construction&quot;,
        &quot;ea1&quot;: &quot;K50P26&quot;,
        &quot;ea2&quot;: &quot;Kwa-Zulu Natal&quot;
      }
    },
    {
      &quot;attributes&quot;: {
        &quot;owner&quot;: &quot;Dark Fibre Africa&quot;,
        &quot;stage&quot;: &quot;Construction&quot;,
        &quot;ea1&quot;: &quot;NB50P17&quot;,
        &quot;ea2&quot;: &quot;Northern Region&quot;
      }
    },
    {
      &quot;attributes&quot;: {
        &quot;owner&quot;: &quot;Dark Fibre Africa&quot;,
        &quot;stage&quot;: &quot;Construction&quot;,
        &quot;ea1&quot;: &quot;VS04146GH060511&quot;,
        &quot;ea2&quot;: &quot;None&quot;
      }
    },
    {
      &quot;attributes&quot;: {
        &quot;owner&quot;: &quot;Dark Fibre Africa&quot;,
        &quot;stage&quot;: &quot;Construction&quot;,
        &quot;ea1&quot;: &quot;none&quot;,
        &quot;ea2&quot;: &quot;Gauteng South&quot;
      }
    },
    {
      &quot;attributes&quot;: {
        &quot;owner&quot;: &quot;Dark Fibre Africa&quot;,
        &quot;stage&quot;: &quot;Construction&quot;,
        &quot;ea1&quot;: &quot;none&quot;,
        &quot;ea2&quot;: &quot;Gauteng South&quot;
      }
    },
    {
      &quot;attributes&quot;: {
        &quot;owner&quot;: &quot;Dark Fibre Africa&quot;,
        &quot;stage&quot;: &quot;Construction&quot;,
        &quot;ea1&quot;: &quot;K50P01&quot;,
        &quot;ea2&quot;: &quot;Kwa-Zulu Natal&quot;
      }
    },
    {
      &quot;attributes&quot;: {
        &quot;owner&quot;: &quot;Dark Fibre Africa&quot;,
        &quot;stage&quot;: &quot;Construction&quot;,
        &quot;ea1&quot;: &quot;NB30P19&quot;,
        &quot;ea2&quot;: &quot;Northern Region&quot;
      }
    },
    {
      &quot;attributes&quot;: {
        &quot;owner&quot;: &quot;Dark Fibre Africa&quot;,
        &quot;stage&quot;: &quot;Construction&quot;,
        &quot;ea1&quot;: &quot;G50P27&quot;,
        &quot;ea2&quot;: &quot;Gauteng South&quot;
      }
    },
    {
      &quot;attributes&quot;: {
        &quot;owner&quot;: &quot;Dark Fibre Africa&quot;,
        &quot;stage&quot;: &quot;Construction&quot;,
        &quot;ea1&quot;: &quot;G50P27&quot;,
        &quot;ea2&quot;: &quot;Gauteng South&quot;
      }
    },
    {
      &quot;attributes&quot;: {
        &quot;owner&quot;: &quot;Dark Fibre Africa&quot;,
        &quot;stage&quot;: &quot;Construction&quot;,
        &quot;ea1&quot;: &quot;G50P27&quot;,
        &quot;ea2&quot;: &quot;Gauteng South&quot;
      }
    },
    {
      &quot;attributes&quot;: {
        &quot;owner&quot;: &quot;Dark Fibre Africa&quot;,
        &quot;stage&quot;: &quot;Construction&quot;,
        &quot;ea1&quot;: &quot;G50P27&quot;,
        &quot;ea2&quot;: &quot;Gauteng South&quot;
      }
    },
    {
      &quot;attributes&quot;: {
        &quot;owner&quot;: &quot;Dark Fibre Africa&quot;,
        &quot;stage&quot;: &quot;Construction&quot;,
        &quot;ea1&quot;: &quot;G50P27&quot;,
        &quot;ea2&quot;: &quot;Gauteng South&quot;
      }
    },
    {
      &quot;attributes&quot;: {
        &quot;owner&quot;: &quot;Dark Fibre Africa&quot;,
        &quot;stage&quot;: &quot;Construction&quot;,
        &quot;ea1&quot;: &quot;G50P27&quot;,
        &quot;ea2&quot;: &quot;Gauteng South&quot;
      }
    },
    {
      &quot;attributes&quot;: {
        &quot;owner&quot;: &quot;Dark Fibre Africa&quot;,
        &quot;stage&quot;: &quot;Construction&quot;,
        &quot;ea1&quot;: &quot;G50P27&quot;,
        &quot;ea2&quot;: &quot;Gauteng South&quot;
      }
    },
    {
      &quot;attributes&quot;: {
        &quot;owner&quot;: &quot;Dark Fibre Africa&quot;,
        &quot;stage&quot;: &quot;Construction&quot;,
        &quot;ea1&quot;: &quot;G50P27&quot;,
        &quot;ea2&quot;: &quot;Gauteng South&quot;
      }
    },
    {
      &quot;attributes&quot;: {
        &quot;owner&quot;: &quot;Dark Fibre Africa&quot;,
        &quot;stage&quot;: &quot;Construction&quot;,
        &quot;ea1&quot;: &quot;G50P27&quot;,
        &quot;ea2&quot;: &quot;Gauteng South&quot;
      }
    },
    {
      &quot;attributes&quot;: {
        &quot;owner&quot;: &quot;Dark Fibre Africa&quot;,
        &quot;stage&quot;: &quot;Construction&quot;,
        &quot;ea1&quot;: &quot;G50P27&quot;,
        &quot;ea2&quot;: &quot;Gauteng South&quot;
      }
    },
    {
      &quot;attributes&quot;: {
        &quot;owner&quot;: &quot;Dark Fibre Africa&quot;,
        &quot;stage&quot;: &quot;Construction&quot;,
        &quot;ea1&quot;: &quot;G50P27&quot;,
        &quot;ea2&quot;: &quot;Gauteng South&quot;
      }
    },
    {
      &quot;attributes&quot;: {
        &quot;owner&quot;: &quot;Dark Fibre Africa&quot;,
        &quot;stage&quot;: &quot;Construction&quot;,
        &quot;ea1&quot;: &quot;G50P27&quot;,
        &quot;ea2&quot;: &quot;Gauteng South&quot;
      }
    },
    {
      &quot;attributes&quot;: {
        &quot;owner&quot;: &quot;Dark Fibre Africa&quot;,
        &quot;stage&quot;: &quot;Construction&quot;,
        &quot;ea1&quot;: &quot;AS04156GH080592&quot;,
        &quot;ea2&quot;: &quot;None&quot;
      }
    },
    {
      &quot;attributes&quot;: {
        &quot;owner&quot;: &quot;Dark Fibre Africa&quot;,
        &quot;stage&quot;: &quot;Construction&quot;,
        &quot;ea1&quot;: &quot;K30P14&quot;,
        &quot;ea2&quot;: &quot;Kwa-Zulu Natal&quot;
      }
    },
    {
      &quot;attributes&quot;: {
        &quot;owner&quot;: &quot;Dark Fibre Africa&quot;,
        &quot;stage&quot;: &quot;Construction&quot;,
        &quot;ea1&quot;: &quot;none&quot;,
        &quot;ea2&quot;: &quot;None&quot;
      }
    },
    {
      &quot;attributes&quot;: {
        &quot;owner&quot;: &quot;Dark Fibre Africa&quot;,
        &quot;stage&quot;: &quot;Construction&quot;,
        &quot;ea1&quot;: &quot;K50P09&quot;,
        &quot;ea2&quot;: &quot;Kwa-Zulu Natal&quot;
      }
    },
    {
      &quot;attributes&quot;: {
        &quot;owner&quot;: &quot;Dark Fibre Africa&quot;,
        &quot;stage&quot;: &quot;Construction&quot;,
        &quot;ea1&quot;: &quot;K01P02&quot;,
        &quot;ea2&quot;: &quot;Kwa-Zulu Natal&quot;
      }
    },
    {
      &quot;attributes&quot;: {
        &quot;owner&quot;: &quot;Dark Fibre Africa&quot;,
        &quot;stage&quot;: &quot;Construction&quot;,
        &quot;ea1&quot;: &quot;none&quot;,
        &quot;ea2&quot;: &quot;Northern Region&quot;
      }
    },
    {
      &quot;attributes&quot;: {
        &quot;owner&quot;: &quot;Dark Fibre Africa&quot;,
        &quot;stage&quot;: &quot;Construction&quot;,
        &quot;ea1&quot;: &quot;VS02361GH170095&quot;,
        &quot;ea2&quot;: &quot;None&quot;
      }
    },
    {
      &quot;attributes&quot;: {
        &quot;owner&quot;: &quot;Dark Fibre Africa&quot;,
        &quot;stage&quot;: &quot;Construction&quot;,
        &quot;ea1&quot;: &quot;none&quot;,
        &quot;ea2&quot;: &quot;None&quot;
      }
    },
    {
      &quot;attributes&quot;: {
        &quot;owner&quot;: &quot;Dark Fibre Africa&quot;,
        &quot;stage&quot;: &quot;Construction&quot;,
        &quot;ea1&quot;: &quot;none&quot;,
        &quot;ea2&quot;: &quot;None&quot;
      }
    },
    {
      &quot;attributes&quot;: {
        &quot;owner&quot;: &quot;Dark Fibre Africa&quot;,
        &quot;stage&quot;: &quot;Construction&quot;,
        &quot;ea1&quot;: &quot;K50P78&quot;,
        &quot;ea2&quot;: &quot;Kwa-Zulu Natal&quot;
      }
    },
    {
      &quot;attributes&quot;: {
        &quot;owner&quot;: &quot;Dark Fibre Africa&quot;,
        &quot;stage&quot;: &quot;Construction&quot;,
        &quot;ea1&quot;: &quot;M02P03&quot;,
        &quot;ea2&quot;: &quot;Mphumalanga&quot;
      }
    },
    {
      &quot;attributes&quot;: {
        &quot;owner&quot;: &quot;Dark Fibre Africa&quot;,
        &quot;stage&quot;: &quot;Construction&quot;,
        &quot;ea1&quot;: &quot;NB50P02&quot;,
        &quot;ea2&quot;: &quot;Northern Region&quot;
      }
    },
    {
      &quot;attributes&quot;: {
        &quot;owner&quot;: &quot;Dark Fibre Africa&quot;,
        &quot;stage&quot;: &quot;Construction&quot;,
        &quot;ea1&quot;: &quot;L01P04&quot;,
        &quot;ea2&quot;: &quot;Limpopo&quot;
      }
    },
    {
      &quot;attributes&quot;: {
        &quot;owner&quot;: &quot;Dark Fibre Africa&quot;,
        &quot;stage&quot;: &quot;Construction&quot;,
        &quot;ea1&quot;: &quot;L01P04&quot;,
        &quot;ea2&quot;: &quot;Limpopo&quot;
      }
    },
    {
      &quot;attributes&quot;: {
        &quot;owner&quot;: &quot;Dark Fibre Africa&quot;,
        &quot;stage&quot;: &quot;Construction&quot;,
        &quot;ea1&quot;: &quot;L01P04&quot;,
        &quot;ea2&quot;: &quot;Limpopo&quot;
      }
    },
    {
      &quot;attributes&quot;: {
        &quot;owner&quot;: &quot;Dark Fibre Africa&quot;,
        &quot;stage&quot;: &quot;Construction&quot;,
        &quot;ea1&quot;: &quot;L01P04&quot;,
        &quot;ea2&quot;: &quot;Limpopo&quot;
      }
    },
    {
      &quot;attributes&quot;: {
        &quot;owner&quot;: &quot;Dark Fibre Africa&quot;,
        &quot;stage&quot;: &quot;Construction&quot;,
        &quot;ea1&quot;: &quot;L01P04&quot;,
        &quot;ea2&quot;: &quot;Limpopo&quot;
      }
    },
    {
      &quot;attributes&quot;: {
        &quot;owner&quot;: &quot;Dark Fibre Africa&quot;,
        &quot;stage&quot;: &quot;Construction&quot;,
        &quot;ea1&quot;: &quot;L01P04&quot;,
        &quot;ea2&quot;: &quot;Limpopo&quot;
      }
    },
    {
      &quot;attributes&quot;: {
        &quot;owner&quot;: &quot;Dark Fibre Africa&quot;,
        &quot;stage&quot;: &quot;Construction&quot;,
        &quot;ea1&quot;: &quot;L01P04&quot;,
        &quot;ea2&quot;: &quot;Limpopo&quot;
      }
    },
    {
      &quot;attributes&quot;: {
        &quot;owner&quot;: &quot;Dark Fibre Africa&quot;,
        &quot;stage&quot;: &quot;Construction&quot;,
        &quot;ea1&quot;: &quot;M02P05&quot;,
        &quot;ea2&quot;: &quot;Mphumalanga&quot;
      }
    },
    {
      &quot;attributes&quot;: {
        &quot;owner&quot;: &quot;Dark Fibre Africa&quot;,
        &quot;stage&quot;: &quot;Construction&quot;,
        &quot;ea1&quot;: &quot;M02P05&quot;,
        &quot;ea2&quot;: &quot;Mphumalanga&quot;
      }
    },
    {
      &quot;attributes&quot;: {
        &quot;owner&quot;: &quot;Dark Fibre Africa&quot;,
        &quot;stage&quot;: &quot;Construction&quot;,
        &quot;ea1&quot;: &quot;M02P05&quot;,
        &quot;ea2&quot;: &quot;Mphumalanga&quot;
      }
    },
    {
      &quot;attributes&quot;: {
        &quot;owner&quot;: &quot;Dark Fibre Africa&quot;,
        &quot;stage&quot;: &quot;Construction&quot;,
        &quot;ea1&quot;: &quot;M02P05&quot;,
        &quot;ea2&quot;: &quot;Mphumalanga&quot;
      }
    },
    {
      &quot;attributes&quot;: {
        &quot;owner&quot;: &quot;Dark Fibre Africa&quot;,
        &quot;stage&quot;: &quot;Construction&quot;,
        &quot;ea1&quot;: &quot;K50P07&quot;,
        &quot;ea2&quot;: &quot;Kwa-Zulu Natal&quot;
      }
    },
    {
      &quot;attributes&quot;: {
        &quot;owner&quot;: &quot;Dark Fibre Africa&quot;,
        &quot;stage&quot;: &quot;Construction&quot;,
        &quot;ea1&quot;: &quot;L01P04&quot;,
        &quot;ea2&quot;: &quot;Limpopo&quot;
      }
    },
    {
      &quot;attributes&quot;: {
        &quot;owner&quot;: &quot;Dark Fibre Africa&quot;,
        &quot;stage&quot;: &quot;Construction&quot;,
        &quot;ea1&quot;: &quot;L01P04&quot;,
        &quot;ea2&quot;: &quot;Limpopo&quot;
      }
    },
    {
      &quot;attributes&quot;: {
        &quot;owner&quot;: &quot;Dark Fibre Africa&quot;,
        &quot;stage&quot;: &quot;Construction&quot;,
        &quot;ea1&quot;: &quot;K50P69&quot;,
        &quot;ea2&quot;: &quot;Kwa-Zulu Natal&quot;
      }
    },
    {
      &quot;attributes&quot;: {
        &quot;owner&quot;: &quot;Dark Fibre Africa&quot;,
        &quot;stage&quot;: &quot;Construction&quot;,
        &quot;ea1&quot;: &quot;M02P02&quot;,
        &quot;ea2&quot;: &quot;Mphumalanga&quot;
      }
    },
    {
      &quot;attributes&quot;: {
        &quot;owner&quot;: &quot;Dark Fibre Africa&quot;,
        &quot;stage&quot;: &quot;Construction&quot;,
        &quot;ea1&quot;: &quot;M02P02&quot;,
        &quot;ea2&quot;: &quot;Mphumalanga&quot;
      }
    },
    {
      &quot;attributes&quot;: {
        &quot;owner&quot;: &quot;Dark Fibre Africa&quot;,
        &quot;stage&quot;: &quot;Construction&quot;,
        &quot;ea1&quot;: &quot;M02P02&quot;,
        &quot;ea2&quot;: &quot;Mphumalanga&quot;
      }
    },
    {
      &quot;attributes&quot;: {
        &quot;owner&quot;: &quot;Dark Fibre Africa&quot;,
        &quot;stage&quot;: &quot;Construction&quot;,
        &quot;ea1&quot;: &quot;L01P07&quot;,
        &quot;ea2&quot;: &quot;Limpopo&quot;
      }
    },
    {
      &quot;attributes&quot;: {
        &quot;owner&quot;: &quot;Dark Fibre Africa&quot;,
        &quot;stage&quot;: &quot;Construction&quot;,
        &quot;ea1&quot;: &quot;L01P07&quot;,
        &quot;ea2&quot;: &quot;Limpopo&quot;
      }
    },
    {
      &quot;attributes&quot;: {
        &quot;owner&quot;: &quot;Dark Fibre Africa&quot;,
        &quot;stage&quot;: &quot;Construction&quot;,
        &quot;ea1&quot;: &quot;L01P07&quot;,
        &quot;ea2&quot;: &quot;Limpopo&quot;
      }
    },
    {
      &quot;attributes&quot;: {
        &quot;owner&quot;: &quot;Dark Fibre Africa&quot;,
        &quot;stage&quot;: &quot;Construction&quot;,
        &quot;ea1&quot;: &quot;NW01P01&quot;,
        &quot;ea2&quot;: &quot;North West&quot;
      }
    },
    {
      &quot;attributes&quot;: {
        &quot;owner&quot;: &quot;Dark Fibre Africa&quot;,
        &quot;stage&quot;: &quot;Construction&quot;,
        &quot;ea1&quot;: &quot;NW01P01&quot;,
        &quot;ea2&quot;: &quot;North West&quot;
      }
    },
    {
      &quot;attributes&quot;: {
        &quot;owner&quot;: &quot;Dark Fibre Africa&quot;,
        &quot;stage&quot;: &quot;Construction&quot;,
        &quot;ea1&quot;: &quot;NW01P01&quot;,
        &quot;ea2&quot;: &quot;North West&quot;
      }
    },
    {
      &quot;attributes&quot;: {
        &quot;owner&quot;: &quot;Dark Fibre Africa&quot;,
        &quot;stage&quot;: &quot;Construction&quot;,
        &quot;ea1&quot;: &quot;NW01P01&quot;,
        &quot;ea2&quot;: &quot;North West&quot;
      }
    },
    {
      &quot;attributes&quot;: {
        &quot;owner&quot;: &quot;Dark Fibre Africa&quot;,
        &quot;stage&quot;: &quot;Construction&quot;,
        &quot;ea1&quot;: &quot;NW01P01&quot;,
        &quot;ea2&quot;: &quot;North West&quot;
      }
    },
    {
      &quot;attributes&quot;: {
        &quot;owner&quot;: &quot;Dark Fibre Africa&quot;,
        &quot;stage&quot;: &quot;Construction&quot;,
        &quot;ea1&quot;: &quot;NW01P01&quot;,
        &quot;ea2&quot;: &quot;North West&quot;
      }
    },
    {
      &quot;attributes&quot;: {
        &quot;owner&quot;: &quot;Dark Fibre Africa&quot;,
        &quot;stage&quot;: &quot;Construction&quot;,
        &quot;ea1&quot;: &quot;NW01P01&quot;,
        &quot;ea2&quot;: &quot;North West&quot;
      }
    },
    {
      &quot;attributes&quot;: {
        &quot;owner&quot;: &quot;Dark Fibre Africa&quot;,
        &quot;stage&quot;: &quot;Construction&quot;,
        &quot;ea1&quot;: &quot;NW01P01&quot;,
        &quot;ea2&quot;: &quot;North West&quot;
      }
    },
    {
      &quot;attributes&quot;: {
        &quot;owner&quot;: &quot;Dark Fibre Africa&quot;,
        &quot;stage&quot;: &quot;Construction&quot;,
        &quot;ea1&quot;: &quot;NW01P01&quot;,
        &quot;ea2&quot;: &quot;North West&quot;
      }
    },
    {
      &quot;attributes&quot;: {
        &quot;owner&quot;: &quot;Dark Fibre Africa&quot;,
        &quot;stage&quot;: &quot;Construction&quot;,
        &quot;ea1&quot;: &quot;NW01P01&quot;,
        &quot;ea2&quot;: &quot;North West&quot;
      }
    },
    {
      &quot;attributes&quot;: {
        &quot;owner&quot;: &quot;Dark Fibre Africa&quot;,
        &quot;stage&quot;: &quot;Construction&quot;,
        &quot;ea1&quot;: &quot;NW01P01&quot;,
        &quot;ea2&quot;: &quot;North West&quot;
      }
    },
    {
      &quot;attributes&quot;: {
        &quot;owner&quot;: &quot;Dark Fibre Africa&quot;,
        &quot;stage&quot;: &quot;Construction&quot;,
        &quot;ea1&quot;: &quot;NW01P01&quot;,
        &quot;ea2&quot;: &quot;North West&quot;
      }
    },
    {
      &quot;attributes&quot;: {
        &quot;owner&quot;: &quot;Dark Fibre Africa&quot;,
        &quot;stage&quot;: &quot;Construction&quot;,
        &quot;ea1&quot;: &quot;NW01P01&quot;,
        &quot;ea2&quot;: &quot;North West&quot;
      }
    },
    {
      &quot;attributes&quot;: {
        &quot;owner&quot;: &quot;Dark Fibre Africa&quot;,
        &quot;stage&quot;: &quot;Construction&quot;,
        &quot;ea1&quot;: &quot;NW01P01&quot;,
        &quot;ea2&quot;: &quot;North West&quot;
      }
    },
    {
      &quot;attributes&quot;: {
        &quot;owner&quot;: &quot;Dark Fibre Africa&quot;,
        &quot;stage&quot;: &quot;Construction&quot;,
        &quot;ea1&quot;: &quot;NW01P01&quot;,
        &quot;ea2&quot;: &quot;North West&quot;
      }
    },
    {
      &quot;attributes&quot;: {
        &quot;owner&quot;: &quot;Dark Fibre Africa&quot;,
        &quot;stage&quot;: &quot;Construction&quot;,
        &quot;ea1&quot;: &quot;NW01P01&quot;,
        &quot;ea2&quot;: &quot;North West&quot;
      }
    },
    {
      &quot;attributes&quot;: {
        &quot;owner&quot;: &quot;Dark Fibre Africa&quot;,
        &quot;stage&quot;: &quot;Construction&quot;,
        &quot;ea1&quot;: &quot;NW01P01&quot;,
        &quot;ea2&quot;: &quot;North West&quot;
      }
    },
    {
      &quot;attributes&quot;: {
        &quot;owner&quot;: &quot;Dark Fibre Africa&quot;,
        &quot;stage&quot;: &quot;Construction&quot;,
        &quot;ea1&quot;: &quot;NW01P01&quot;,
        &quot;ea2&quot;: &quot;North West&quot;
      }
    },
    {
      &quot;attributes&quot;: {
        &quot;owner&quot;: &quot;Dark Fibre Africa&quot;,
        &quot;stage&quot;: &quot;Construction&quot;,
        &quot;ea1&quot;: &quot;NW01P01&quot;,
        &quot;ea2&quot;: &quot;North West&quot;
      }
    },
    {
      &quot;attributes&quot;: {
        &quot;owner&quot;: &quot;Dark Fibre Africa&quot;,
        &quot;stage&quot;: &quot;Construction&quot;,
        &quot;ea1&quot;: &quot;NW01P01&quot;,
        &quot;ea2&quot;: &quot;North West&quot;
      }
    },
    {
      &quot;attributes&quot;: {
        &quot;owner&quot;: &quot;Dark Fibre Africa&quot;,
        &quot;stage&quot;: &quot;Construction&quot;,
        &quot;ea1&quot;: &quot;NW01P01&quot;,
        &quot;ea2&quot;: &quot;North West&quot;
      }
    },
    {
      &quot;attributes&quot;: {
        &quot;owner&quot;: &quot;Dark Fibre Africa&quot;,
        &quot;stage&quot;: &quot;Construction&quot;,
        &quot;ea1&quot;: &quot;NW01P01&quot;,
        &quot;ea2&quot;: &quot;North West&quot;
      }
    },
    {
      &quot;attributes&quot;: {
        &quot;owner&quot;: &quot;Dark Fibre Africa&quot;,
        &quot;stage&quot;: &quot;Construction&quot;,
        &quot;ea1&quot;: &quot;NW01P01&quot;,
        &quot;ea2&quot;: &quot;North West&quot;
      }
    },
    {
      &quot;attributes&quot;: {
        &quot;owner&quot;: &quot;Dark Fibre Africa&quot;,
        &quot;stage&quot;: &quot;Construction&quot;,
        &quot;ea1&quot;: &quot;NW01P01&quot;,
        &quot;ea2&quot;: &quot;North West&quot;
      }
    },
    {
      &quot;attributes&quot;: {
        &quot;owner&quot;: &quot;Dark Fibre Africa&quot;,
        &quot;stage&quot;: &quot;Construction&quot;,
        &quot;ea1&quot;: &quot;NW01P01&quot;,
        &quot;ea2&quot;: &quot;North West&quot;
      }
    },
    {
      &quot;attributes&quot;: {
        &quot;owner&quot;: &quot;Dark Fibre Africa&quot;,
        &quot;stage&quot;: &quot;Construction&quot;,
        &quot;ea1&quot;: &quot;NW01P01&quot;,
        &quot;ea2&quot;: &quot;North West&quot;
      }
    },
    {
      &quot;attributes&quot;: {
        &quot;owner&quot;: &quot;Dark Fibre Africa&quot;,
        &quot;stage&quot;: &quot;Construction&quot;,
        &quot;ea1&quot;: &quot;NW01P01&quot;,
        &quot;ea2&quot;: &quot;North West&quot;
      }
    },
    {
      &quot;attributes&quot;: {
        &quot;owner&quot;: &quot;Dark Fibre Africa&quot;,
        &quot;stage&quot;: &quot;Construction&quot;,
        &quot;ea1&quot;: &quot;NW01P01&quot;,
        &quot;ea2&quot;: &quot;North West&quot;
      }
    },
    {
      &quot;attributes&quot;: {
        &quot;owner&quot;: &quot;Dark Fibre Africa&quot;,
        &quot;stage&quot;: &quot;Construction&quot;,
        &quot;ea1&quot;: &quot;NW01P01&quot;,
        &quot;ea2&quot;: &quot;North West&quot;
      }
    },
    {
      &quot;attributes&quot;: {
        &quot;owner&quot;: &quot;Dark Fibre Africa&quot;,
        &quot;stage&quot;: &quot;Construction&quot;,
        &quot;ea1&quot;: &quot;NW01P01&quot;,
        &quot;ea2&quot;: &quot;North West&quot;
      }
    },
    {
      &quot;attributes&quot;: {
        &quot;owner&quot;: &quot;Dark Fibre Africa&quot;,
        &quot;stage&quot;: &quot;Construction&quot;,
        &quot;ea1&quot;: &quot;NW01P01&quot;,
        &quot;ea2&quot;: &quot;North West&quot;
      }
    },
    {
      &quot;attributes&quot;: {
        &quot;owner&quot;: &quot;Dark Fibre Africa&quot;,
        &quot;stage&quot;: &quot;Construction&quot;,
        &quot;ea1&quot;: &quot;NW01P01&quot;,
        &quot;ea2&quot;: &quot;North West&quot;
      }
    },
    {
      &quot;attributes&quot;: {
        &quot;owner&quot;: &quot;Dark Fibre Africa&quot;,
        &quot;stage&quot;: &quot;Construction&quot;,
        &quot;ea1&quot;: &quot;NW01P01&quot;,
        &quot;ea2&quot;: &quot;North West&quot;
      }
    },
    {
      &quot;attributes&quot;: {
        &quot;owner&quot;: &quot;Dark Fibre Africa&quot;,
        &quot;stage&quot;: &quot;Construction&quot;,
        &quot;ea1&quot;: &quot;NW01P01&quot;,
        &quot;ea2&quot;: &quot;North West&quot;
      }
    },
    {
      &quot;attributes&quot;: {
        &quot;owner&quot;: &quot;Dark Fibre Africa&quot;,
        &quot;stage&quot;: &quot;Construction&quot;,
        &quot;ea1&quot;: &quot;NW01P01&quot;,
        &quot;ea2&quot;: &quot;North West&quot;
      }
    },
    {
      &quot;attributes&quot;: {
        &quot;owner&quot;: &quot;Dark Fibre Africa&quot;,
        &quot;stage&quot;: &quot;Construction&quot;,
        &quot;ea1&quot;: &quot;NW01P01&quot;,
        &quot;ea2&quot;: &quot;North West&quot;
      }
    },
    {
      &quot;attributes&quot;: {
        &quot;owner&quot;: &quot;Dark Fibre Africa&quot;,
        &quot;stage&quot;: &quot;Construction&quot;,
        &quot;ea1&quot;: &quot;NW01P01&quot;,
        &quot;ea2&quot;: &quot;North West&quot;
      }
    },
    {
      &quot;attributes&quot;: {
        &quot;owner&quot;: &quot;Dark Fibre Africa&quot;,
        &quot;stage&quot;: &quot;Construction&quot;,
        &quot;ea1&quot;: &quot;NW01P01&quot;,
        &quot;ea2&quot;: &quot;North West&quot;
      }
    },
    {
      &quot;attributes&quot;: {
        &quot;owner&quot;: &quot;Dark Fibre Africa&quot;,
        &quot;stage&quot;: &quot;Construction&quot;,
        &quot;ea1&quot;: &quot;NW01P01&quot;,
        &quot;ea2&quot;: &quot;North West&quot;
      }
    },
    {
      &quot;attributes&quot;: {
        &quot;owner&quot;: &quot;Dark Fibre Africa&quot;,
        &quot;stage&quot;: &quot;Construction&quot;,
        &quot;ea1&quot;: &quot;NW01P01&quot;,
        &quot;ea2&quot;: &quot;North West&quot;
      }
    },
    {
      &quot;attributes&quot;: {
        &quot;owner&quot;: &quot;Dark Fibre Africa&quot;,
        &quot;stage&quot;: &quot;Construction&quot;,
        &quot;ea1&quot;: &quot;NW01P01&quot;,
        &quot;ea2&quot;: &quot;North West&quot;
      }
    },
    {
      &quot;attributes&quot;: {
        &quot;owner&quot;: &quot;Dark Fibre Africa&quot;,
        &quot;stage&quot;: &quot;Construction&quot;,
        &quot;ea1&quot;: &quot;NW01P01&quot;,
        &quot;ea2&quot;: &quot;North West&quot;
      }
    },
    {
      &quot;attributes&quot;: {
        &quot;owner&quot;: &quot;Dark Fibre Africa&quot;,
        &quot;stage&quot;: &quot;Construction&quot;,
        &quot;ea1&quot;: &quot;NW01P01&quot;,
        &quot;ea2&quot;: &quot;North West&quot;
      }
    },
    {
      &quot;attributes&quot;: {
        &quot;owner&quot;: &quot;Dark Fibre Africa&quot;,
        &quot;stage&quot;: &quot;Construction&quot;,
        &quot;ea1&quot;: &quot;NW01P01&quot;,
        &quot;ea2&quot;: &quot;North West&quot;
      }
    },
    {
      &quot;attributes&quot;: {
        &quot;owner&quot;: &quot;Dark Fibre Africa&quot;,
        &quot;stage&quot;: &quot;Construction&quot;,
        &quot;ea1&quot;: &quot;NW01P01&quot;,
        &quot;ea2&quot;: &quot;North West&quot;
      }
    },
    {
      &quot;attributes&quot;: {
        &quot;owner&quot;: &quot;Dark Fibre Africa&quot;,
        &quot;stage&quot;: &quot;Construction&quot;,
        &quot;ea1&quot;: &quot;NW01P01&quot;,
        &quot;ea2&quot;: &quot;North West&quot;
      }
    },
    {
      &quot;attributes&quot;: {
        &quot;owner&quot;: &quot;Dark Fibre Africa&quot;,
        &quot;stage&quot;: &quot;Construction&quot;,
        &quot;ea1&quot;: &quot;NW01P01&quot;,
        &quot;ea2&quot;: &quot;North West&quot;
      }
    },
    {
      &quot;attributes&quot;: {
        &quot;owner&quot;: &quot;Dark Fibre Africa&quot;,
        &quot;stage&quot;: &quot;Construction&quot;,
        &quot;ea1&quot;: &quot;NW01P01&quot;,
        &quot;ea2&quot;: &quot;North West&quot;
      }
    },
    {
      &quot;attributes&quot;: {
        &quot;owner&quot;: &quot;Dark Fibre Africa&quot;,
        &quot;stage&quot;: &quot;Construction&quot;,
        &quot;ea1&quot;: &quot;NW01P01&quot;,
        &quot;ea2&quot;: &quot;North West&quot;
      }
    },
    {
      &quot;attributes&quot;: {
        &quot;owner&quot;: &quot;Dark Fibre Africa&quot;,
        &quot;stage&quot;: &quot;Construction&quot;,
        &quot;ea1&quot;: &quot;NW01P01&quot;,
        &quot;ea2&quot;: &quot;North West&quot;
      }
    },
    {
      &quot;attributes&quot;: {
        &quot;owner&quot;: &quot;Dark Fibre Africa&quot;,
        &quot;stage&quot;: &quot;Construction&quot;,
        &quot;ea1&quot;: &quot;NW01P01&quot;,
        &quot;ea2&quot;: &quot;North West&quot;
      }
    },
    {
      &quot;attributes&quot;: {
        &quot;owner&quot;: &quot;Dark Fibre Africa&quot;,
        &quot;stage&quot;: &quot;Construction&quot;,
        &quot;ea1&quot;: &quot;NW01P01&quot;,
        &quot;ea2&quot;: &quot;North West&quot;
      }
    },
    {
      &quot;attributes&quot;: {
        &quot;owner&quot;: &quot;Dark Fibre Africa&quot;,
        &quot;stage&quot;: &quot;Construction&quot;,
        &quot;ea1&quot;: &quot;NW01P01&quot;,
        &quot;ea2&quot;: &quot;North West&quot;
      }
    },
    {
      &quot;attributes&quot;: {
        &quot;owner&quot;: &quot;Dark Fibre Africa&quot;,
        &quot;stage&quot;: &quot;Construction&quot;,
        &quot;ea1&quot;: &quot;NW01P01&quot;,
        &quot;ea2&quot;: &quot;North West&quot;
      }
    },
    {
      &quot;attributes&quot;: {
        &quot;owner&quot;: &quot;Dark Fibre Africa&quot;,
        &quot;stage&quot;: &quot;Construction&quot;,
        &quot;ea1&quot;: &quot;NW01P01&quot;,
        &quot;ea2&quot;: &quot;North West&quot;
      }
    },
    {
      &quot;attributes&quot;: {
        &quot;owner&quot;: &quot;Dark Fibre Africa&quot;,
        &quot;stage&quot;: &quot;Construction&quot;,
        &quot;ea1&quot;: &quot;NW01P01&quot;,
        &quot;ea2&quot;: &quot;North West&quot;
      }
    },
    {
      &quot;attributes&quot;: {
        &quot;owner&quot;: &quot;Dark Fibre Africa&quot;,
        &quot;stage&quot;: &quot;Construction&quot;,
        &quot;ea1&quot;: &quot;NW01P01&quot;,
        &quot;ea2&quot;: &quot;North West&quot;
      }
    },
    {
      &quot;attributes&quot;: {
        &quot;owner&quot;: &quot;Dark Fibre Africa&quot;,
        &quot;stage&quot;: &quot;Construction&quot;,
        &quot;ea1&quot;: &quot;NW01P01&quot;,
        &quot;ea2&quot;: &quot;North West&quot;
      }
    },
    {
      &quot;attributes&quot;: {
        &quot;owner&quot;: &quot;Dark Fibre Africa&quot;,
        &quot;stage&quot;: &quot;Construction&quot;,
        &quot;ea1&quot;: &quot;NW01P01&quot;,
        &quot;ea2&quot;: &quot;North West&quot;
      }
    },
    {
      &quot;attributes&quot;: {
        &quot;owner&quot;: &quot;Dark Fibre Africa&quot;,
        &quot;stage&quot;: &quot;Construction&quot;,
        &quot;ea1&quot;: &quot;NW01P01&quot;,
        &quot;ea2&quot;: &quot;North West&quot;
      }
    },
    {
      &quot;attributes&quot;: {
        &quot;owner&quot;: &quot;Dark Fibre Africa&quot;,
        &quot;stage&quot;: &quot;Construction&quot;,
        &quot;ea1&quot;: &quot;NW01P01&quot;,
        &quot;ea2&quot;: &quot;North West&quot;
      }
    },
    {
      &quot;attributes&quot;: {
        &quot;owner&quot;: &quot;Dark Fibre Africa&quot;,
        &quot;stage&quot;: &quot;Construction&quot;,
        &quot;ea1&quot;: &quot;NW01P01&quot;,
        &quot;ea2&quot;: &quot;North West&quot;
      }
    },
    {
      &quot;attributes&quot;: {
        &quot;owner&quot;: &quot;Dark Fibre Africa&quot;,
        &quot;stage&quot;: &quot;Construction&quot;,
        &quot;ea1&quot;: &quot;NW01P01&quot;,
        &quot;ea2&quot;: &quot;North West&quot;
      }
    },
    {
      &quot;attributes&quot;: {
        &quot;owner&quot;: &quot;Dark Fibre Africa&quot;,
        &quot;stage&quot;: &quot;Construction&quot;,
        &quot;ea1&quot;: &quot;NW01P01&quot;,
        &quot;ea2&quot;: &quot;North West&quot;
      }
    },
    {
      &quot;attributes&quot;: {
        &quot;owner&quot;: &quot;Dark Fibre Africa&quot;,
        &quot;stage&quot;: &quot;Construction&quot;,
        &quot;ea1&quot;: &quot;NW01P01&quot;,
        &quot;ea2&quot;: &quot;North West&quot;
      }
    },
    {
      &quot;attributes&quot;: {
        &quot;owner&quot;: &quot;Dark Fibre Africa&quot;,
        &quot;stage&quot;: &quot;Construction&quot;,
        &quot;ea1&quot;: &quot;NW01P01&quot;,
        &quot;ea2&quot;: &quot;North West&quot;
      }
    },
    {
      &quot;attributes&quot;: {
        &quot;owner&quot;: &quot;Dark Fibre Africa&quot;,
        &quot;stage&quot;: &quot;Construction&quot;,
        &quot;ea1&quot;: &quot;NW01P01&quot;,
        &quot;ea2&quot;: &quot;North West&quot;
      }
    },
    {
      &quot;attributes&quot;: {
        &quot;owner&quot;: &quot;Dark Fibre Africa&quot;,
        &quot;stage&quot;: &quot;Construction&quot;,
        &quot;ea1&quot;: &quot;NW01P01&quot;,
        &quot;ea2&quot;: &quot;North West&quot;
      }
    },
    {
      &quot;attributes&quot;: {
        &quot;owner&quot;: &quot;Dark Fibre Africa&quot;,
        &quot;stage&quot;: &quot;Construction&quot;,
        &quot;ea1&quot;: &quot;NW01P01&quot;,
        &quot;ea2&quot;: &quot;North West&quot;
      }
    },
    {
      &quot;attributes&quot;: {
        &quot;owner&quot;: &quot;Dark Fibre Africa&quot;,
        &quot;stage&quot;: &quot;Construction&quot;,
        &quot;ea1&quot;: &quot;NW01P01&quot;,
        &quot;ea2&quot;: &quot;North West&quot;
      }
    },
    {
      &quot;attributes&quot;: {
        &quot;owner&quot;: &quot;Dark Fibre Africa&quot;,
        &quot;stage&quot;: &quot;Construction&quot;,
        &quot;ea1&quot;: &quot;NW01P01&quot;,
        &quot;ea2&quot;: &quot;North West&quot;
      }
    },
    {
      &quot;attributes&quot;: {
        &quot;owner&quot;: &quot;Dark Fibre Africa&quot;,
        &quot;stage&quot;: &quot;Construction&quot;,
        &quot;ea1&quot;: &quot;NW01P01&quot;,
        &quot;ea2&quot;: &quot;North West&quot;
      }
    },
    {
      &quot;attributes&quot;: {
        &quot;owner&quot;: &quot;Dark Fibre Africa&quot;,
        &quot;stage&quot;: &quot;Construction&quot;,
        &quot;ea1&quot;: &quot;NW01P01&quot;,
        &quot;ea2&quot;: &quot;North West&quot;
      }
    },
    {
      &quot;attributes&quot;: {
        &quot;owner&quot;: &quot;Dark Fibre Africa&quot;,
        &quot;stage&quot;: &quot;Construction&quot;,
        &quot;ea1&quot;: &quot;NW01P01&quot;,
        &quot;ea2&quot;: &quot;North West&quot;
      }
    },
    {
      &quot;attributes&quot;: {
        &quot;owner&quot;: &quot;Dark Fibre Africa&quot;,
        &quot;stage&quot;: &quot;Construction&quot;,
        &quot;ea1&quot;: &quot;NW01P01&quot;,
        &quot;ea2&quot;: &quot;North West&quot;
      }
    },
    {
      &quot;attributes&quot;: {
        &quot;owner&quot;: &quot;Dark Fibre Africa&quot;,
        &quot;stage&quot;: &quot;Construction&quot;,
        &quot;ea1&quot;: &quot;NW01P01&quot;,
        &quot;ea2&quot;: &quot;North West&quot;
      }
    },
    {
      &quot;attributes&quot;: {
        &quot;owner&quot;: &quot;Dark Fibre Africa&quot;,
        &quot;stage&quot;: &quot;Construction&quot;,
        &quot;ea1&quot;: &quot;NW01P01&quot;,
        &quot;ea2&quot;: &quot;North West&quot;
      }
    },
    {
      &quot;attributes&quot;: {
        &quot;owner&quot;: &quot;Dark Fibre Africa&quot;,
        &quot;stage&quot;: &quot;Construction&quot;,
        &quot;ea1&quot;: &quot;NW01P01&quot;,
        &quot;ea2&quot;: &quot;North West&quot;
      }
    },
    {
      &quot;attributes&quot;: {
        &quot;owner&quot;: &quot;Dark Fibre Africa&quot;,
        &quot;stage&quot;: &quot;Construction&quot;,
        &quot;ea1&quot;: &quot;NW01P01&quot;,
        &quot;ea2&quot;: &quot;North West&quot;
      }
    },
    {
      &quot;attributes&quot;: {
        &quot;owner&quot;: &quot;Dark Fibre Africa&quot;,
        &quot;stage&quot;: &quot;Construction&quot;,
        &quot;ea1&quot;: &quot;NW01P01&quot;,
        &quot;ea2&quot;: &quot;North West&quot;
      }
    },
    {
      &quot;attributes&quot;: {
        &quot;owner&quot;: &quot;Dark Fibre Africa&quot;,
        &quot;stage&quot;: &quot;Construction&quot;,
        &quot;ea1&quot;: &quot;NW01P01&quot;,
        &quot;ea2&quot;: &quot;North West&quot;
      }
    },
    {
      &quot;attributes&quot;: {
        &quot;owner&quot;: &quot;Dark Fibre Africa&quot;,
        &quot;stage&quot;: &quot;Construction&quot;,
        &quot;ea1&quot;: &quot;NW01P01&quot;,
        &quot;ea2&quot;: &quot;North West&quot;
      }
    },
    {
      &quot;attributes&quot;: {
        &quot;owner&quot;: &quot;Dark Fibre Africa&quot;,
        &quot;stage&quot;: &quot;Construction&quot;,
        &quot;ea1&quot;: &quot;NW01P01&quot;,
        &quot;ea2&quot;: &quot;North West&quot;
      }
    },
    {
      &quot;attributes&quot;: {
        &quot;owner&quot;: &quot;Dark Fibre Africa&quot;,
        &quot;stage&quot;: &quot;Construction&quot;,
        &quot;ea1&quot;: &quot;NW01P01&quot;,
        &quot;ea2&quot;: &quot;North West&quot;
      }
    },
    {
      &quot;attributes&quot;: {
        &quot;owner&quot;: &quot;Dark Fibre Africa&quot;,
        &quot;stage&quot;: &quot;Construction&quot;,
        &quot;ea1&quot;: &quot;NW01P01&quot;,
        &quot;ea2&quot;: &quot;North West&quot;
      }
    },
    {
      &quot;attributes&quot;: {
        &quot;owner&quot;: &quot;Dark Fibre Africa&quot;,
        &quot;stage&quot;: &quot;Construction&quot;,
        &quot;ea1&quot;: &quot;NW01P01&quot;,
        &quot;ea2&quot;: &quot;North West&quot;
      }
    },
    {
      &quot;attributes&quot;: {
        &quot;owner&quot;: &quot;Dark Fibre Africa&quot;,
        &quot;stage&quot;: &quot;Construction&quot;,
        &quot;ea1&quot;: &quot;NW01P01&quot;,
        &quot;ea2&quot;: &quot;North West&quot;
      }
    },
    {
      &quot;attributes&quot;: {
        &quot;owner&quot;: &quot;Dark Fibre Africa&quot;,
        &quot;stage&quot;: &quot;Construction&quot;,
        &quot;ea1&quot;: &quot;NW01P01&quot;,
        &quot;ea2&quot;: &quot;North West&quot;
      }
    },
    {
      &quot;attributes&quot;: {
        &quot;owner&quot;: &quot;Dark Fibre Africa&quot;,
        &quot;stage&quot;: &quot;Construction&quot;,
        &quot;ea1&quot;: &quot;NW01P01&quot;,
        &quot;ea2&quot;: &quot;North West&quot;
      }
    },
    {
      &quot;attributes&quot;: {
        &quot;owner&quot;: &quot;Dark Fibre Africa&quot;,
        &quot;stage&quot;: &quot;Construction&quot;,
        &quot;ea1&quot;: &quot;NW01P01&quot;,
        &quot;ea2&quot;: &quot;North West&quot;
      }
    },
    {
      &quot;attributes&quot;: {
        &quot;owner&quot;: &quot;Dark Fibre Africa&quot;,
        &quot;stage&quot;: &quot;Construction&quot;,
        &quot;ea1&quot;: &quot;NW01P01&quot;,
        &quot;ea2&quot;: &quot;North West&quot;
      }
    },
    {
      &quot;attributes&quot;: {
        &quot;owner&quot;: &quot;Dark Fibre Africa&quot;,
        &quot;stage&quot;: &quot;Construction&quot;,
        &quot;ea1&quot;: &quot;NW01P01&quot;,
        &quot;ea2&quot;: &quot;North West&quot;
      }
    },
    {
      &quot;attributes&quot;: {
        &quot;owner&quot;: &quot;Dark Fibre Africa&quot;,
        &quot;stage&quot;: &quot;Construction&quot;,
        &quot;ea1&quot;: &quot;NW01P01&quot;,
        &quot;ea2&quot;: &quot;North West&quot;
      }
    },
    {
      &quot;attributes&quot;: {
        &quot;owner&quot;: &quot;Dark Fibre Africa&quot;,
        &quot;stage&quot;: &quot;Construction&quot;,
        &quot;ea1&quot;: &quot;NW01P01&quot;,
        &quot;ea2&quot;: &quot;North West&quot;
      }
    },
    {
      &quot;attributes&quot;: {
        &quot;owner&quot;: &quot;Dark Fibre Africa&quot;,
        &quot;stage&quot;: &quot;Construction&quot;,
        &quot;ea1&quot;: &quot;NW01P01&quot;,
        &quot;ea2&quot;: &quot;North West&quot;
      }
    },
    {
      &quot;attributes&quot;: {
        &quot;owner&quot;: &quot;Dark Fibre Africa&quot;,
        &quot;stage&quot;: &quot;Construction&quot;,
        &quot;ea1&quot;: &quot;NW01P01&quot;,
        &quot;ea2&quot;: &quot;North West&quot;
      }
    },
    {
      &quot;attributes&quot;: {
        &quot;owner&quot;: &quot;Dark Fibre Africa&quot;,
        &quot;stage&quot;: &quot;Construction&quot;,
        &quot;ea1&quot;: &quot;NW01P01&quot;,
        &quot;ea2&quot;: &quot;North West&quot;
      }
    },
    {
      &quot;attributes&quot;: {
        &quot;owner&quot;: &quot;Dark Fibre Africa&quot;,
        &quot;stage&quot;: &quot;Construction&quot;,
        &quot;ea1&quot;: &quot;NW01P01&quot;,
        &quot;ea2&quot;: &quot;North West&quot;
      }
    },
    {
      &quot;attributes&quot;: {
        &quot;owner&quot;: &quot;Dark Fibre Africa&quot;,
        &quot;stage&quot;: &quot;Construction&quot;,
        &quot;ea1&quot;: &quot;NW01P01&quot;,
        &quot;ea2&quot;: &quot;North West&quot;
      }
    },
    {
      &quot;attributes&quot;: {
        &quot;owner&quot;: &quot;Dark Fibre Africa&quot;,
        &quot;stage&quot;: &quot;Construction&quot;,
        &quot;ea1&quot;: &quot;NW01P01&quot;,
        &quot;ea2&quot;: &quot;North West&quot;
      }
    },
    {
      &quot;attributes&quot;: {
        &quot;owner&quot;: &quot;Dark Fibre Africa&quot;,
        &quot;stage&quot;: &quot;Construction&quot;,
        &quot;ea1&quot;: &quot;NW01P01&quot;,
        &quot;ea2&quot;: &quot;North West&quot;
      }
    },
    {
      &quot;attributes&quot;: {
        &quot;owner&quot;: &quot;Dark Fibre Africa&quot;,
        &quot;stage&quot;: &quot;Construction&quot;,
        &quot;ea1&quot;: &quot;NW01P01&quot;,
        &quot;ea2&quot;: &quot;North West&quot;
      }
    },
    {
      &quot;attributes&quot;: {
        &quot;owner&quot;: &quot;Dark Fibre Africa&quot;,
        &quot;stage&quot;: &quot;Construction&quot;,
        &quot;ea1&quot;: &quot;NW01P01&quot;,
        &quot;ea2&quot;: &quot;North West&quot;
      }
    },
    {
      &quot;attributes&quot;: {
        &quot;owner&quot;: &quot;Dark Fibre Africa&quot;,
        &quot;stage&quot;: &quot;Construction&quot;,
        &quot;ea1&quot;: &quot;NW01P01&quot;,
        &quot;ea2&quot;: &quot;North West&quot;
      }
    },
    {
      &quot;attributes&quot;: {
        &quot;owner&quot;: &quot;Dark Fibre Africa&quot;,
        &quot;stage&quot;: &quot;Construction&quot;,
        &quot;ea1&quot;: &quot;NW01P01&quot;,
        &quot;ea2&quot;: &quot;North West&quot;
      }
    },
    {
      &quot;attributes&quot;: {
        &quot;owner&quot;: &quot;Dark Fibre Africa&quot;,
        &quot;stage&quot;: &quot;Construction&quot;,
        &quot;ea1&quot;: &quot;NW01P01&quot;,
        &quot;ea2&quot;: &quot;North West&quot;
      }
    },
    {
      &quot;attributes&quot;: {
        &quot;owner&quot;: &quot;Dark Fibre Africa&quot;,
        &quot;stage&quot;: &quot;Construction&quot;,
        &quot;ea1&quot;: &quot;NW01P01&quot;,
        &quot;ea2&quot;: &quot;North West&quot;
      }
    },
    {
      &quot;attributes&quot;: {
        &quot;owner&quot;: &quot;Dark Fibre Africa&quot;,
        &quot;stage&quot;: &quot;Construction&quot;,
        &quot;ea1&quot;: &quot;NW01P01&quot;,
        &quot;ea2&quot;: &quot;North West&quot;
      }
    },
    {
      &quot;attributes&quot;: {
        &quot;owner&quot;: &quot;Dark Fibre Africa&quot;,
        &quot;stage&quot;: &quot;Construction&quot;,
        &quot;ea1&quot;: &quot;NW01P01&quot;,
        &quot;ea2&quot;: &quot;North West&quot;
      }
    },
    {
      &quot;attributes&quot;: {
        &quot;owner&quot;: &quot;Dark Fibre Africa&quot;,
        &quot;stage&quot;: &quot;Construction&quot;,
        &quot;ea1&quot;: &quot;NW01P01&quot;,
        &quot;ea2&quot;: &quot;North West&quot;
      }
    },
    {
      &quot;attributes&quot;: {
        &quot;owner&quot;: &quot;Dark Fibre Africa&quot;,
        &quot;stage&quot;: &quot;Construction&quot;,
        &quot;ea1&quot;: &quot;NW01P01&quot;,
        &quot;ea2&quot;: &quot;North West&quot;
      }
    },
    {
      &quot;attributes&quot;: {
        &quot;owner&quot;: &quot;Dark Fibre Africa&quot;,
        &quot;stage&quot;: &quot;Construction&quot;,
        &quot;ea1&quot;: &quot;NW01P01&quot;,
        &quot;ea2&quot;: &quot;North West&quot;
      }
    },
    {
      &quot;attributes&quot;: {
        &quot;owner&quot;: &quot;Dark Fibre Africa&quot;,
        &quot;stage&quot;: &quot;Construction&quot;,
        &quot;ea1&quot;: &quot;NW01P01&quot;,
        &quot;ea2&quot;: &quot;North West&quot;
      }
    },
    {
      &quot;attributes&quot;: {
        &quot;owner&quot;: &quot;Dark Fibre Africa&quot;,
        &quot;stage&quot;: &quot;Construction&quot;,
        &quot;ea1&quot;: &quot;NW01P01&quot;,
        &quot;ea2&quot;: &quot;North West&quot;
      }
    },
    {
      &quot;attributes&quot;: {
        &quot;owner&quot;: &quot;Dark Fibre Africa&quot;,
        &quot;stage&quot;: &quot;Construction&quot;,
        &quot;ea1&quot;: &quot;NW01P01&quot;,
        &quot;ea2&quot;: &quot;North West&quot;
      }
    },
    {
      &quot;attributes&quot;: {
        &quot;owner&quot;: &quot;Dark Fibre Africa&quot;,
        &quot;stage&quot;: &quot;Construction&quot;,
        &quot;ea1&quot;: &quot;NW01P01&quot;,
        &quot;ea2&quot;: &quot;North West&quot;
      }
    },
    {
      &quot;attributes&quot;: {
        &quot;owner&quot;: &quot;Dark Fibre Africa&quot;,
        &quot;stage&quot;: &quot;Construction&quot;,
        &quot;ea1&quot;: &quot;G50P28&quot;,
        &quot;ea2&quot;: &quot;Gauteng South&quot;
      }
    },
    {
      &quot;attributes&quot;: {
        &quot;owner&quot;: &quot;Dark Fibre Africa&quot;,
        &quot;stage&quot;: &quot;Construction&quot;,
        &quot;ea1&quot;: &quot;G50P28&quot;,
        &quot;ea2&quot;: &quot;Gauteng South&quot;
      }
    },
    {
      &quot;attributes&quot;: {
        &quot;owner&quot;: &quot;Dark Fibre Africa&quot;,
        &quot;stage&quot;: &quot;Construction&quot;,
        &quot;ea1&quot;: &quot;G50P28&quot;,
        &quot;ea2&quot;: &quot;Gauteng South&quot;
      }
    },
    {
      &quot;attributes&quot;: {
        &quot;owner&quot;: &quot;Dark Fibre Africa&quot;,
        &quot;stage&quot;: &quot;Construction&quot;,
        &quot;ea1&quot;: &quot;G50P28&quot;,
        &quot;ea2&quot;: &quot;Gauteng South&quot;
      }
    },
    {
      &quot;attributes&quot;: {
        &quot;owner&quot;: &quot;Dark Fibre Africa&quot;,
        &quot;stage&quot;: &quot;Construction&quot;,
        &quot;ea1&quot;: &quot;G50P28&quot;,
        &quot;ea2&quot;: &quot;Gauteng South&quot;
      }
    },
    {
      &quot;attributes&quot;: {
        &quot;owner&quot;: &quot;Dark Fibre Africa&quot;,
        &quot;stage&quot;: &quot;Construction&quot;,
        &quot;ea1&quot;: &quot;G50P28&quot;,
        &quot;ea2&quot;: &quot;Gauteng South&quot;
      }
    },
    {
      &quot;attributes&quot;: {
        &quot;owner&quot;: &quot;Dark Fibre Africa&quot;,
        &quot;stage&quot;: &quot;Construction&quot;,
        &quot;ea1&quot;: &quot;G50P28&quot;,
        &quot;ea2&quot;: &quot;Gauteng South&quot;
      }
    },
    {
      &quot;attributes&quot;: {
        &quot;owner&quot;: &quot;Dark Fibre Africa&quot;,
        &quot;stage&quot;: &quot;Construction&quot;,
        &quot;ea1&quot;: &quot;G50P28&quot;,
        &quot;ea2&quot;: &quot;Gauteng South&quot;
      }
    },
    {
      &quot;attributes&quot;: {
        &quot;owner&quot;: &quot;Dark Fibre Africa&quot;,
        &quot;stage&quot;: &quot;Construction&quot;,
        &quot;ea1&quot;: &quot;G50P28&quot;,
        &quot;ea2&quot;: &quot;Gauteng South&quot;
      }
    },
    {
      &quot;attributes&quot;: {
        &quot;owner&quot;: &quot;Dark Fibre Africa&quot;,
        &quot;stage&quot;: &quot;Construction&quot;,
        &quot;ea1&quot;: &quot;G50P28&quot;,
        &quot;ea2&quot;: &quot;Gauteng South&quot;
      }
    },
    {
      &quot;attributes&quot;: {
        &quot;owner&quot;: &quot;Dark Fibre Africa&quot;,
        &quot;stage&quot;: &quot;Construction&quot;,
        &quot;ea1&quot;: &quot;G50P28&quot;,
        &quot;ea2&quot;: &quot;Gauteng South&quot;
      }
    },
    {
      &quot;attributes&quot;: {
        &quot;owner&quot;: &quot;Dark Fibre Africa&quot;,
        &quot;stage&quot;: &quot;Construction&quot;,
        &quot;ea1&quot;: &quot;G50P28&quot;,
        &quot;ea2&quot;: &quot;Gauteng South&quot;
      }
    },
    {
      &quot;attributes&quot;: {
        &quot;owner&quot;: &quot;Dark Fibre Africa&quot;,
        &quot;stage&quot;: &quot;Construction&quot;,
        &quot;ea1&quot;: &quot;G50P28&quot;,
        &quot;ea2&quot;: &quot;Gauteng South&quot;
      }
    },
    {
      &quot;attributes&quot;: {
        &quot;owner&quot;: &quot;Dark Fibre Africa&quot;,
        &quot;stage&quot;: &quot;Construction&quot;,
        &quot;ea1&quot;: &quot;G50P28&quot;,
        &quot;ea2&quot;: &quot;Gauteng South&quot;
      }
    },
    {
      &quot;attributes&quot;: {
        &quot;owner&quot;: &quot;Dark Fibre Africa&quot;,
        &quot;stage&quot;: &quot;Construction&quot;,
        &quot;ea1&quot;: &quot;G50P28&quot;,
        &quot;ea2&quot;: &quot;Gauteng South&quot;
      }
    },
    {
      &quot;attributes&quot;: {
        &quot;owner&quot;: &quot;Dark Fibre Africa&quot;,
        &quot;stage&quot;: &quot;Construction&quot;,
        &quot;ea1&quot;: &quot;G50P28&quot;,
        &quot;ea2&quot;: &quot;Gauteng South&quot;
      }
    },
    {
      &quot;attributes&quot;: {
        &quot;owner&quot;: &quot;Dark Fibre Africa&quot;,
        &quot;stage&quot;: &quot;Construction&quot;,
        &quot;ea1&quot;: &quot;G50P28&quot;,
        &quot;ea2&quot;: &quot;Gauteng South&quot;
      }
    },
    {
      &quot;attributes&quot;: {
        &quot;owner&quot;: &quot;Dark Fibre Africa&quot;,
        &quot;stage&quot;: &quot;Construction&quot;,
        &quot;ea1&quot;: &quot;G50P28&quot;,
        &quot;ea2&quot;: &quot;Gauteng South&quot;
      }
    },
    {
      &quot;attributes&quot;: {
        &quot;owner&quot;: &quot;Dark Fibre Africa&quot;,
        &quot;stage&quot;: &quot;Construction&quot;,
        &quot;ea1&quot;: &quot;G50P28&quot;,
        &quot;ea2&quot;: &quot;Gauteng South&quot;
      }
    },
    {
      &quot;attributes&quot;: {
        &quot;owner&quot;: &quot;Dark Fibre Africa&quot;,
        &quot;stage&quot;: &quot;Construction&quot;,
        &quot;ea1&quot;: &quot;G50P28&quot;,
        &quot;ea2&quot;: &quot;Gauteng South&quot;
      }
    },
    {
      &quot;attributes&quot;: {
        &quot;owner&quot;: &quot;Dark Fibre Africa&quot;,
        &quot;stage&quot;: &quot;Construction&quot;,
        &quot;ea1&quot;: &quot;G50P28&quot;,
        &quot;ea2&quot;: &quot;Gauteng South&quot;
      }
    },
    {
      &quot;attributes&quot;: {
        &quot;owner&quot;: &quot;Dark Fibre Africa&quot;,
        &quot;stage&quot;: &quot;Construction&quot;,
        &quot;ea1&quot;: &quot;G50P28&quot;,
        &quot;ea2&quot;: &quot;Gauteng South&quot;
      }
    },
    {
      &quot;attributes&quot;: {
        &quot;owner&quot;: &quot;Dark Fibre Africa&quot;,
        &quot;stage&quot;: &quot;Construction&quot;,
        &quot;ea1&quot;: &quot;G50P28&quot;,
        &quot;ea2&quot;: &quot;Gauteng South&quot;
      }
    },
    {
      &quot;attributes&quot;: {
        &quot;owner&quot;: &quot;Dark Fibre Africa&quot;,
        &quot;stage&quot;: &quot;Construction&quot;,
        &quot;ea1&quot;: &quot;G50P28&quot;,
        &quot;ea2&quot;: &quot;Gauteng South&quot;
      }
    },
    {
      &quot;attributes&quot;: {
        &quot;owner&quot;: &quot;Dark Fibre Africa&quot;,
        &quot;stage&quot;: &quot;Construction&quot;,
        &quot;ea1&quot;: &quot;G50P28&quot;,
        &quot;ea2&quot;: &quot;Gauteng South&quot;
      }
    },
    {
      &quot;attributes&quot;: {
        &quot;owner&quot;: &quot;Dark Fibre Africa&quot;,
        &quot;stage&quot;: &quot;Construction&quot;,
        &quot;ea1&quot;: &quot;G50P28&quot;,
        &quot;ea2&quot;: &quot;Gauteng South&quot;
      }
    },
    {
      &quot;attributes&quot;: {
        &quot;owner&quot;: &quot;Dark Fibre Africa&quot;,
        &quot;stage&quot;: &quot;Construction&quot;,
        &quot;ea1&quot;: &quot;G50P28&quot;,
        &quot;ea2&quot;: &quot;Gauteng South&quot;
      }
    },
    {
      &quot;attributes&quot;: {
        &quot;owner&quot;: &quot;Dark Fibre Africa&quot;,
        &quot;stage&quot;: &quot;Construction&quot;,
        &quot;ea1&quot;: &quot;G50P28&quot;,
        &quot;ea2&quot;: &quot;Gauteng South&quot;
      }
    },
    {
      &quot;attributes&quot;: {
        &quot;owner&quot;: &quot;Dark Fibre Africa&quot;,
        &quot;stage&quot;: &quot;Construction&quot;,
        &quot;ea1&quot;: &quot;G50P28&quot;,
        &quot;ea2&quot;: &quot;Gauteng South&quot;
      }
    },
    {
      &quot;attributes&quot;: {
        &quot;owner&quot;: &quot;Dark Fibre Africa&quot;,
        &quot;stage&quot;: &quot;Construction&quot;,
        &quot;ea1&quot;: &quot;G50P28&quot;,
        &quot;ea2&quot;: &quot;Gauteng South&quot;
      }
    },
    {
      &quot;attributes&quot;: {
        &quot;owner&quot;: &quot;Dark Fibre Africa&quot;,
        &quot;stage&quot;: &quot;Construction&quot;,
        &quot;ea1&quot;: &quot;G50P28&quot;,
        &quot;ea2&quot;: &quot;Gauteng South&quot;
      }
    },
    {
      &quot;attributes&quot;: {
        &quot;owner&quot;: &quot;Dark Fibre Africa&quot;,
        &quot;stage&quot;: &quot;Construction&quot;,
        &quot;ea1&quot;: &quot;G50P28&quot;,
        &quot;ea2&quot;: &quot;Gauteng South&quot;
      }
    },
    {
      &quot;attributes&quot;: {
        &quot;owner&quot;: &quot;Dark Fibre Africa&quot;,
        &quot;stage&quot;: &quot;Construction&quot;,
        &quot;ea1&quot;: &quot;G50P28&quot;,
        &quot;ea2&quot;: &quot;Gauteng South&quot;
      }
    },
    {
      &quot;attributes&quot;: {
        &quot;owner&quot;: &quot;Dark Fibre Africa&quot;,
        &quot;stage&quot;: &quot;Construction&quot;,
        &quot;ea1&quot;: &quot;G50P28&quot;,
        &quot;ea2&quot;: &quot;Gauteng South&quot;
      }
    },
    {
      &quot;attributes&quot;: {
        &quot;owner&quot;: &quot;Dark Fibre Africa&quot;,
        &quot;stage&quot;: &quot;Construction&quot;,
        &quot;ea1&quot;: &quot;G50P28&quot;,
        &quot;ea2&quot;: &quot;Gauteng South&quot;
      }
    },
    {
      &quot;attributes&quot;: {
        &quot;owner&quot;: &quot;Dark Fibre Africa&quot;,
        &quot;stage&quot;: &quot;Construction&quot;,
        &quot;ea1&quot;: &quot;G50P28&quot;,
        &quot;ea2&quot;: &quot;Gauteng South&quot;
      }
    },
    {
      &quot;attributes&quot;: {
        &quot;owner&quot;: &quot;Dark Fibre Africa&quot;,
        &quot;stage&quot;: &quot;Construction&quot;,
        &quot;ea1&quot;: &quot;G50P28&quot;,
        &quot;ea2&quot;: &quot;Gauteng South&quot;
      }
    },
    {
      &quot;attributes&quot;: {
        &quot;owner&quot;: &quot;Dark Fibre Africa&quot;,
        &quot;stage&quot;: &quot;Construction&quot;,
        &quot;ea1&quot;: &quot;G50P28&quot;,
        &quot;ea2&quot;: &quot;Gauteng South&quot;
      }
    },
    {
      &quot;attributes&quot;: {
        &quot;owner&quot;: &quot;Dark Fibre Africa&quot;,
        &quot;stage&quot;: &quot;Construction&quot;,
        &quot;ea1&quot;: &quot;G50P28&quot;,
        &quot;ea2&quot;: &quot;Gauteng South&quot;
      }
    },
    {
      &quot;attributes&quot;: {
        &quot;owner&quot;: &quot;Dark Fibre Africa&quot;,
        &quot;stage&quot;: &quot;Construction&quot;,
        &quot;ea1&quot;: &quot;G50P28&quot;,
        &quot;ea2&quot;: &quot;Gauteng South&quot;
      }
    },
    {
      &quot;attributes&quot;: {
        &quot;owner&quot;: &quot;Dark Fibre Africa&quot;,
        &quot;stage&quot;: &quot;Construction&quot;,
        &quot;ea1&quot;: &quot;G50P28&quot;,
        &quot;ea2&quot;: &quot;Gauteng South&quot;
      }
    },
    {
      &quot;attributes&quot;: {
        &quot;owner&quot;: &quot;Dark Fibre Africa&quot;,
        &quot;stage&quot;: &quot;Construction&quot;,
        &quot;ea1&quot;: &quot;G50P28&quot;,
        &quot;ea2&quot;: &quot;Gauteng South&quot;
      }
    },
    {
      &quot;attributes&quot;: {
        &quot;owner&quot;: &quot;Dark Fibre Africa&quot;,
        &quot;stage&quot;: &quot;Construction&quot;,
        &quot;ea1&quot;: &quot;G50P28&quot;,
        &quot;ea2&quot;: &quot;Gauteng South&quot;
      }
    },
    {
      &quot;attributes&quot;: {
        &quot;owner&quot;: &quot;Dark Fibre Africa&quot;,
        &quot;stage&quot;: &quot;Construction&quot;,
        &quot;ea1&quot;: &quot;G50P28&quot;,
        &quot;ea2&quot;: &quot;Gauteng South&quot;
      }
    },
    {
      &quot;attributes&quot;: {
        &quot;owner&quot;: &quot;Dark Fibre Africa&quot;,
        &quot;stage&quot;: &quot;Construction&quot;,
        &quot;ea1&quot;: &quot;G50P28&quot;,
        &quot;ea2&quot;: &quot;Gauteng South&quot;
      }
    },
    {
      &quot;attributes&quot;: {
        &quot;owner&quot;: &quot;Dark Fibre Africa&quot;,
        &quot;stage&quot;: &quot;Construction&quot;,
        &quot;ea1&quot;: &quot;G50P28&quot;,
        &quot;ea2&quot;: &quot;Gauteng South&quot;
      }
    },
    {
      &quot;attributes&quot;: {
        &quot;owner&quot;: &quot;Dark Fibre Africa&quot;,
        &quot;stage&quot;: &quot;Construction&quot;,
        &quot;ea1&quot;: &quot;G50P28&quot;,
        &quot;ea2&quot;: &quot;Gauteng South&quot;
      }
    },
    {
      &quot;attributes&quot;: {
        &quot;owner&quot;: &quot;Dark Fibre Africa&quot;,
        &quot;stage&quot;: &quot;Construction&quot;,
        &quot;ea1&quot;: &quot;G50P28&quot;,
        &quot;ea2&quot;: &quot;Gauteng South&quot;
      }
    },
    {
      &quot;attributes&quot;: {
        &quot;owner&quot;: &quot;Dark Fibre Africa&quot;,
        &quot;stage&quot;: &quot;Construction&quot;,
        &quot;ea1&quot;: &quot;G50P28&quot;,
        &quot;ea2&quot;: &quot;Gauteng South&quot;
      }
    },
    {
      &quot;attributes&quot;: {
        &quot;owner&quot;: &quot;Dark Fibre Africa&quot;,
        &quot;stage&quot;: &quot;Construction&quot;,
        &quot;ea1&quot;: &quot;G50P28&quot;,
        &quot;ea2&quot;: &quot;Gauteng South&quot;
      }
    },
    {
      &quot;attributes&quot;: {
        &quot;owner&quot;: &quot;Dark Fibre Africa&quot;,
        &quot;stage&quot;: &quot;Construction&quot;,
        &quot;ea1&quot;: &quot;G50P28&quot;,
        &quot;ea2&quot;: &quot;Gauteng South&quot;
      }
    },
    {
      &quot;attributes&quot;: {
        &quot;owner&quot;: &quot;Dark Fibre Africa&quot;,
        &quot;stage&quot;: &quot;Construction&quot;,
        &quot;ea1&quot;: &quot;G50P28&quot;,
        &quot;ea2&quot;: &quot;Gauteng South&quot;
      }
    },
    {
      &quot;attributes&quot;: {
        &quot;owner&quot;: &quot;Dark Fibre Africa&quot;,
        &quot;stage&quot;: &quot;Construction&quot;,
        &quot;ea1&quot;: &quot;G50P28&quot;,
        &quot;ea2&quot;: &quot;Gauteng South&quot;
      }
    },
    {
      &quot;attributes&quot;: {
        &quot;owner&quot;: &quot;Dark Fibre Africa&quot;,
        &quot;stage&quot;: &quot;Construction&quot;,
        &quot;ea1&quot;: &quot;G50P28&quot;,
        &quot;ea2&quot;: &quot;Gauteng South&quot;
      }
    },
    {
      &quot;attributes&quot;: {
        &quot;owner&quot;: &quot;Dark Fibre Africa&quot;,
        &quot;stage&quot;: &quot;Construction&quot;,
        &quot;ea1&quot;: &quot;G50P28&quot;,
        &quot;ea2&quot;: &quot;Gauteng South&quot;
      }
    },
    {
      &quot;attributes&quot;: {
        &quot;owner&quot;: &quot;Dark Fibre Africa&quot;,
        &quot;stage&quot;: &quot;Construction&quot;,
        &quot;ea1&quot;: &quot;G50P28&quot;,
        &quot;ea2&quot;: &quot;Gauteng South&quot;
      }
    },
    {
      &quot;attributes&quot;: {
        &quot;owner&quot;: &quot;Dark Fibre Africa&quot;,
        &quot;stage&quot;: &quot;Construction&quot;,
        &quot;ea1&quot;: &quot;G50P28&quot;,
        &quot;ea2&quot;: &quot;Gauteng South&quot;
      }
    },
    {
      &quot;attributes&quot;: {
        &quot;owner&quot;: &quot;Dark Fibre Africa&quot;,
        &quot;stage&quot;: &quot;Construction&quot;,
        &quot;ea1&quot;: &quot;G50P28&quot;,
        &quot;ea2&quot;: &quot;Gauteng South&quot;
      }
    },
    {
      &quot;attributes&quot;: {
        &quot;owner&quot;: &quot;Dark Fibre Africa&quot;,
        &quot;stage&quot;: &quot;Construction&quot;,
        &quot;ea1&quot;: &quot;G50P28&quot;,
        &quot;ea2&quot;: &quot;Gauteng South&quot;
      }
    },
    {
      &quot;attributes&quot;: {
        &quot;owner&quot;: &quot;Dark Fibre Africa&quot;,
        &quot;stage&quot;: &quot;Construction&quot;,
        &quot;ea1&quot;: &quot;G50P28&quot;,
        &quot;ea2&quot;: &quot;Gauteng South&quot;
      }
    },
    {
      &quot;attributes&quot;: {
        &quot;owner&quot;: &quot;Dark Fibre Africa&quot;,
        &quot;stage&quot;: &quot;Construction&quot;,
        &quot;ea1&quot;: &quot;G50P28&quot;,
        &quot;ea2&quot;: &quot;Gauteng South&quot;
      }
    },
    {
      &quot;attributes&quot;: {
        &quot;owner&quot;: &quot;Dark Fibre Africa&quot;,
        &quot;stage&quot;: &quot;Construction&quot;,
        &quot;ea1&quot;: &quot;G50P28&quot;,
        &quot;ea2&quot;: &quot;Gauteng South&quot;
      }
    },
    {
      &quot;attributes&quot;: {
        &quot;owner&quot;: &quot;Dark Fibre Africa&quot;,
        &quot;stage&quot;: &quot;Construction&quot;,
        &quot;ea1&quot;: &quot;G50P28&quot;,
        &quot;ea2&quot;: &quot;Gauteng South&quot;
      }
    },
    {
      &quot;attributes&quot;: {
        &quot;owner&quot;: &quot;Dark Fibre Africa&quot;,
        &quot;stage&quot;: &quot;Construction&quot;,
        &quot;ea1&quot;: &quot;G50P28&quot;,
        &quot;ea2&quot;: &quot;Gauteng South&quot;
      }
    },
    {
      &quot;attributes&quot;: {
        &quot;owner&quot;: &quot;Dark Fibre Africa&quot;,
        &quot;stage&quot;: &quot;Construction&quot;,
        &quot;ea1&quot;: &quot;G50P28&quot;,
        &quot;ea2&quot;: &quot;Gauteng South&quot;
      }
    },
    {
      &quot;attributes&quot;: {
        &quot;owner&quot;: &quot;Dark Fibre Africa&quot;,
        &quot;stage&quot;: &quot;Construction&quot;,
        &quot;ea1&quot;: &quot;G50P28&quot;,
        &quot;ea2&quot;: &quot;Gauteng South&quot;
      }
    },
    {
      &quot;attributes&quot;: {
        &quot;owner&quot;: &quot;Dark Fibre Africa&quot;,
        &quot;stage&quot;: &quot;Construction&quot;,
        &quot;ea1&quot;: &quot;G50P28&quot;,
        &quot;ea2&quot;: &quot;Gauteng South&quot;
      }
    },
    {
      &quot;attributes&quot;: {
        &quot;owner&quot;: &quot;Dark Fibre Africa&quot;,
        &quot;stage&quot;: &quot;Construction&quot;,
        &quot;ea1&quot;: &quot;G50P28&quot;,
        &quot;ea2&quot;: &quot;Gauteng South&quot;
      }
    },
    {
      &quot;attributes&quot;: {
        &quot;owner&quot;: &quot;Dark Fibre Africa&quot;,
        &quot;stage&quot;: &quot;Construction&quot;,
        &quot;ea1&quot;: &quot;G50P28&quot;,
        &quot;ea2&quot;: &quot;Gauteng South&quot;
      }
    },
    {
      &quot;attributes&quot;: {
        &quot;owner&quot;: &quot;Dark Fibre Africa&quot;,
        &quot;stage&quot;: &quot;Construction&quot;,
        &quot;ea1&quot;: &quot;G50P28&quot;,
        &quot;ea2&quot;: &quot;Gauteng South&quot;
      }
    },
    {
      &quot;attributes&quot;: {
        &quot;owner&quot;: &quot;Dark Fibre Africa&quot;,
        &quot;stage&quot;: &quot;Construction&quot;,
        &quot;ea1&quot;: &quot;G50P28&quot;,
        &quot;ea2&quot;: &quot;Gauteng South&quot;
      }
    },
    {
      &quot;attributes&quot;: {
        &quot;owner&quot;: &quot;Dark Fibre Africa&quot;,
        &quot;stage&quot;: &quot;Construction&quot;,
        &quot;ea1&quot;: &quot;G50P28&quot;,
        &quot;ea2&quot;: &quot;Gauteng South&quot;
      }
    },
    {
      &quot;attributes&quot;: {
        &quot;owner&quot;: &quot;Dark Fibre Africa&quot;,
        &quot;stage&quot;: &quot;Construction&quot;,
        &quot;ea1&quot;: &quot;G50P28&quot;,
        &quot;ea2&quot;: &quot;Gauteng South&quot;
      }
    },
    {
      &quot;attributes&quot;: {
        &quot;owner&quot;: &quot;Dark Fibre Africa&quot;,
        &quot;stage&quot;: &quot;Construction&quot;,
        &quot;ea1&quot;: &quot;G50P28&quot;,
        &quot;ea2&quot;: &quot;Gauteng South&quot;
      }
    },
    {
      &quot;attributes&quot;: {
        &quot;owner&quot;: &quot;Dark Fibre Africa&quot;,
        &quot;stage&quot;: &quot;Construction&quot;,
        &quot;ea1&quot;: &quot;G50P28&quot;,
        &quot;ea2&quot;: &quot;Gauteng South&quot;
      }
    },
    {
      &quot;attributes&quot;: {
        &quot;owner&quot;: &quot;Dark Fibre Africa&quot;,
        &quot;stage&quot;: &quot;Construction&quot;,
        &quot;ea1&quot;: &quot;G50P28&quot;,
        &quot;ea2&quot;: &quot;Gauteng South&quot;
      }
    },
    {
      &quot;attributes&quot;: {
        &quot;owner&quot;: &quot;Dark Fibre Africa&quot;,
        &quot;stage&quot;: &quot;Construction&quot;,
        &quot;ea1&quot;: &quot;G50P28&quot;,
        &quot;ea2&quot;: &quot;Gauteng South&quot;
      }
    },
    {
      &quot;attributes&quot;: {
        &quot;owner&quot;: &quot;Dark Fibre Africa&quot;,
        &quot;stage&quot;: &quot;Construction&quot;,
        &quot;ea1&quot;: &quot;G50P28&quot;,
        &quot;ea2&quot;: &quot;Gauteng South&quot;
      }
    },
    {
      &quot;attributes&quot;: {
        &quot;owner&quot;: &quot;Dark Fibre Africa&quot;,
        &quot;stage&quot;: &quot;Construction&quot;,
        &quot;ea1&quot;: &quot;G50P28&quot;,
        &quot;ea2&quot;: &quot;Gauteng South&quot;
      }
    },
    {
      &quot;attributes&quot;: {
        &quot;owner&quot;: &quot;Dark Fibre Africa&quot;,
        &quot;stage&quot;: &quot;Construction&quot;,
        &quot;ea1&quot;: &quot;G50P28&quot;,
        &quot;ea2&quot;: &quot;Gauteng South&quot;
      }
    },
    {
      &quot;attributes&quot;: {
        &quot;owner&quot;: &quot;Dark Fibre Africa&quot;,
        &quot;stage&quot;: &quot;Construction&quot;,
        &quot;ea1&quot;: &quot;G50P28&quot;,
        &quot;ea2&quot;: &quot;Gauteng South&quot;
      }
    },
    {
      &quot;attributes&quot;: {
        &quot;owner&quot;: &quot;Dark Fibre Africa&quot;,
        &quot;stage&quot;: &quot;Construction&quot;,
        &quot;ea1&quot;: &quot;G50P28&quot;,
        &quot;ea2&quot;: &quot;Gauteng South&quot;
      }
    },
    {
      &quot;attributes&quot;: {
        &quot;owner&quot;: &quot;Dark Fibre Africa&quot;,
        &quot;stage&quot;: &quot;Construction&quot;,
        &quot;ea1&quot;: &quot;G50P28&quot;,
        &quot;ea2&quot;: &quot;Gauteng South&quot;
      }
    },
    {
      &quot;attributes&quot;: {
        &quot;owner&quot;: &quot;Dark Fibre Africa&quot;,
        &quot;stage&quot;: &quot;Construction&quot;,
        &quot;ea1&quot;: &quot;G50P28&quot;,
        &quot;ea2&quot;: &quot;Gauteng South&quot;
      }
    },
    {
      &quot;attributes&quot;: {
        &quot;owner&quot;: &quot;Dark Fibre Africa&quot;,
        &quot;stage&quot;: &quot;Construction&quot;,
        &quot;ea1&quot;: &quot;G50P28&quot;,
        &quot;ea2&quot;: &quot;Gauteng South&quot;
      }
    },
    {
      &quot;attributes&quot;: {
        &quot;owner&quot;: &quot;Dark Fibre Africa&quot;,
        &quot;stage&quot;: &quot;Construction&quot;,
        &quot;ea1&quot;: &quot;G50P28&quot;,
        &quot;ea2&quot;: &quot;Gauteng South&quot;
      }
    },
    {
      &quot;attributes&quot;: {
        &quot;owner&quot;: &quot;Dark Fibre Africa&quot;,
        &quot;stage&quot;: &quot;Construction&quot;,
        &quot;ea1&quot;: &quot;G50P28&quot;,
        &quot;ea2&quot;: &quot;Gauteng South&quot;
      }
    },
    {
      &quot;attributes&quot;: {
        &quot;owner&quot;: &quot;Dark Fibre Africa&quot;,
        &quot;stage&quot;: &quot;Construction&quot;,
        &quot;ea1&quot;: &quot;G50P28&quot;,
        &quot;ea2&quot;: &quot;Gauteng South&quot;
      }
    },
    {
      &quot;attributes&quot;: {
        &quot;owner&quot;: &quot;Dark Fibre Africa&quot;,
        &quot;stage&quot;: &quot;Construction&quot;,
        &quot;ea1&quot;: &quot;G50P28&quot;,
        &quot;ea2&quot;: &quot;Gauteng South&quot;
      }
    },
    {
      &quot;attributes&quot;: {
        &quot;owner&quot;: &quot;Dark Fibre Africa&quot;,
        &quot;stage&quot;: &quot;Construction&quot;,
        &quot;ea1&quot;: &quot;G50P28&quot;,
        &quot;ea2&quot;: &quot;Gauteng South&quot;
      }
    },
    {
      &quot;attributes&quot;: {
        &quot;owner&quot;: &quot;Dark Fibre Africa&quot;,
        &quot;stage&quot;: &quot;Construction&quot;,
        &quot;ea1&quot;: &quot;G50P28&quot;,
        &quot;ea2&quot;: &quot;Gauteng South&quot;
      }
    },
    {
      &quot;attributes&quot;: {
        &quot;owner&quot;: &quot;Dark Fibre Africa&quot;,
        &quot;stage&quot;: &quot;Construction&quot;,
        &quot;ea1&quot;: &quot;G50P28&quot;,
        &quot;ea2&quot;: &quot;Gauteng South&quot;
      }
    },
    {
      &quot;attributes&quot;: {
        &quot;owner&quot;: &quot;Dark Fibre Africa&quot;,
        &quot;stage&quot;: &quot;Construction&quot;,
        &quot;ea1&quot;: &quot;G50P28&quot;,
        &quot;ea2&quot;: &quot;Gauteng South&quot;
      }
    },
    {
      &quot;attributes&quot;: {
        &quot;owner&quot;: &quot;Dark Fibre Africa&quot;,
        &quot;stage&quot;: &quot;Construction&quot;,
        &quot;ea1&quot;: &quot;G50P28&quot;,
        &quot;ea2&quot;: &quot;Gauteng South&quot;
      }
    },
    {
      &quot;attributes&quot;: {
        &quot;owner&quot;: &quot;Dark Fibre Africa&quot;,
        &quot;stage&quot;: &quot;Construction&quot;,
        &quot;ea1&quot;: &quot;G50P28&quot;,
        &quot;ea2&quot;: &quot;Gauteng South&quot;
      }
    },
    {
      &quot;attributes&quot;: {
        &quot;owner&quot;: &quot;Dark Fibre Africa&quot;,
        &quot;stage&quot;: &quot;Construction&quot;,
        &quot;ea1&quot;: &quot;G50P28&quot;,
        &quot;ea2&quot;: &quot;Gauteng South&quot;
      }
    },
    {
      &quot;attributes&quot;: {
        &quot;owner&quot;: &quot;Dark Fibre Africa&quot;,
        &quot;stage&quot;: &quot;Construction&quot;,
        &quot;ea1&quot;: &quot;G50P28&quot;,
        &quot;ea2&quot;: &quot;Gauteng South&quot;
      }
    },
    {
      &quot;attributes&quot;: {
        &quot;owner&quot;: &quot;Dark Fibre Africa&quot;,
        &quot;stage&quot;: &quot;Construction&quot;,
        &quot;ea1&quot;: &quot;G50P28&quot;,
        &quot;ea2&quot;: &quot;Gauteng South&quot;
      }
    },
    {
      &quot;attributes&quot;: {
        &quot;owner&quot;: &quot;Dark Fibre Africa&quot;,
        &quot;stage&quot;: &quot;Construction&quot;,
        &quot;ea1&quot;: &quot;G50P28&quot;,
        &quot;ea2&quot;: &quot;Gauteng South&quot;
      }
    },
    {
      &quot;attributes&quot;: {
        &quot;owner&quot;: &quot;Dark Fibre Africa&quot;,
        &quot;stage&quot;: &quot;Construction&quot;,
        &quot;ea1&quot;: &quot;G50P28&quot;,
        &quot;ea2&quot;: &quot;Gauteng South&quot;
      }
    },
    {
      &quot;attributes&quot;: {
        &quot;owner&quot;: &quot;Dark Fibre Africa&quot;,
        &quot;stage&quot;: &quot;Construction&quot;,
        &quot;ea1&quot;: &quot;G50P28&quot;,
        &quot;ea2&quot;: &quot;Gauteng South&quot;
      }
    },
    {
      &quot;attributes&quot;: {
        &quot;owner&quot;: &quot;Dark Fibre Africa&quot;,
        &quot;stage&quot;: &quot;Construction&quot;,
        &quot;ea1&quot;: &quot;G50P28&quot;,
        &quot;ea2&quot;: &quot;Gauteng South&quot;
      }
    },
    {
      &quot;attributes&quot;: {
        &quot;owner&quot;: &quot;Dark Fibre Africa&quot;,
        &quot;stage&quot;: &quot;Construction&quot;,
        &quot;ea1&quot;: &quot;G50P28&quot;,
        &quot;ea2&quot;: &quot;Gauteng South&quot;
      }
    },
    {
      &quot;attributes&quot;: {
        &quot;owner&quot;: &quot;Dark Fibre Africa&quot;,
        &quot;stage&quot;: &quot;Construction&quot;,
        &quot;ea1&quot;: &quot;G50P28&quot;,
        &quot;ea2&quot;: &quot;Gauteng South&quot;
      }
    },
    {
      &quot;attributes&quot;: {
        &quot;owner&quot;: &quot;Dark Fibre Africa&quot;,
        &quot;stage&quot;: &quot;Construction&quot;,
        &quot;ea1&quot;: &quot;G50P28&quot;,
        &quot;ea2&quot;: &quot;Gauteng South&quot;
      }
    },
    {
      &quot;attributes&quot;: {
        &quot;owner&quot;: &quot;Dark Fibre Africa&quot;,
        &quot;stage&quot;: &quot;Construction&quot;,
        &quot;ea1&quot;: &quot;G50P28&quot;,
        &quot;ea2&quot;: &quot;Gauteng South&quot;
      }
    },
    {
      &quot;attributes&quot;: {
        &quot;owner&quot;: &quot;Dark Fibre Africa&quot;,
        &quot;stage&quot;: &quot;Construction&quot;,
        &quot;ea1&quot;: &quot;G50P28&quot;,
        &quot;ea2&quot;: &quot;Gauteng South&quot;
      }
    },
    {
      &quot;attributes&quot;: {
        &quot;owner&quot;: &quot;Dark Fibre Africa&quot;,
        &quot;stage&quot;: &quot;Construction&quot;,
        &quot;ea1&quot;: &quot;G50P28&quot;,
        &quot;ea2&quot;: &quot;Gauteng South&quot;
      }
    },
    {
      &quot;attributes&quot;: {
        &quot;owner&quot;: &quot;Dark Fibre Africa&quot;,
        &quot;stage&quot;: &quot;Construction&quot;,
        &quot;ea1&quot;: &quot;G50P28&quot;,
        &quot;ea2&quot;: &quot;Gauteng South&quot;
      }
    },
    {
      &quot;attributes&quot;: {
        &quot;owner&quot;: &quot;Dark Fibre Africa&quot;,
        &quot;stage&quot;: &quot;Construction&quot;,
        &quot;ea1&quot;: &quot;G50P28&quot;,
        &quot;ea2&quot;: &quot;Gauteng South&quot;
      }
    },
    {
      &quot;attributes&quot;: {
        &quot;owner&quot;: &quot;Dark Fibre Africa&quot;,
        &quot;stage&quot;: &quot;Construction&quot;,
        &quot;ea1&quot;: &quot;G50P28&quot;,
        &quot;ea2&quot;: &quot;Gauteng South&quot;
      }
    },
    {
      &quot;attributes&quot;: {
        &quot;owner&quot;: &quot;Dark Fibre Africa&quot;,
        &quot;stage&quot;: &quot;Construction&quot;,
        &quot;ea1&quot;: &quot;G50P28&quot;,
        &quot;ea2&quot;: &quot;Gauteng South&quot;
      }
    },
    {
      &quot;attributes&quot;: {
        &quot;owner&quot;: &quot;Dark Fibre Africa&quot;,
        &quot;stage&quot;: &quot;Construction&quot;,
        &quot;ea1&quot;: &quot;G50P28&quot;,
        &quot;ea2&quot;: &quot;Gauteng South&quot;
      }
    },
    {
      &quot;attributes&quot;: {
        &quot;owner&quot;: &quot;Dark Fibre Africa&quot;,
        &quot;stage&quot;: &quot;Construction&quot;,
        &quot;ea1&quot;: &quot;G50P28&quot;,
        &quot;ea2&quot;: &quot;Gauteng South&quot;
      }
    },
    {
      &quot;attributes&quot;: {
        &quot;owner&quot;: &quot;Dark Fibre Africa&quot;,
        &quot;stage&quot;: &quot;Construction&quot;,
        &quot;ea1&quot;: &quot;G50P28&quot;,
        &quot;ea2&quot;: &quot;Gauteng South&quot;
      }
    },
    {
      &quot;attributes&quot;: {
        &quot;owner&quot;: &quot;Dark Fibre Africa&quot;,
        &quot;stage&quot;: &quot;Construction&quot;,
        &quot;ea1&quot;: &quot;G50P28&quot;,
        &quot;ea2&quot;: &quot;Gauteng South&quot;
      }
    },
    {
      &quot;attributes&quot;: {
        &quot;owner&quot;: &quot;Dark Fibre Africa&quot;,
        &quot;stage&quot;: &quot;Construction&quot;,
        &quot;ea1&quot;: &quot;G50P28&quot;,
        &quot;ea2&quot;: &quot;Gauteng South&quot;
      }
    },
    {
      &quot;attributes&quot;: {
        &quot;owner&quot;: &quot;Dark Fibre Africa&quot;,
        &quot;stage&quot;: &quot;Construction&quot;,
        &quot;ea1&quot;: &quot;G50P28&quot;,
        &quot;ea2&quot;: &quot;Gauteng South&quot;
      }
    },
    {
      &quot;attributes&quot;: {
        &quot;owner&quot;: &quot;Dark Fibre Africa&quot;,
        &quot;stage&quot;: &quot;Construction&quot;,
        &quot;ea1&quot;: &quot;G50P28&quot;,
        &quot;ea2&quot;: &quot;Gauteng South&quot;
      }
    },
    {
      &quot;attributes&quot;: {
        &quot;owner&quot;: &quot;Dark Fibre Africa&quot;,
        &quot;stage&quot;: &quot;Construction&quot;,
        &quot;ea1&quot;: &quot;G50P28&quot;,
        &quot;ea2&quot;: &quot;Gauteng South&quot;
      }
    },
    {
      &quot;attributes&quot;: {
        &quot;owner&quot;: &quot;Dark Fibre Africa&quot;,
        &quot;stage&quot;: &quot;Construction&quot;,
        &quot;ea1&quot;: &quot;G50P28&quot;,
        &quot;ea2&quot;: &quot;Gauteng South&quot;
      }
    },
    {
      &quot;attributes&quot;: {
        &quot;owner&quot;: &quot;Dark Fibre Africa&quot;,
        &quot;stage&quot;: &quot;Construction&quot;,
        &quot;ea1&quot;: &quot;G50P28&quot;,
        &quot;ea2&quot;: &quot;Gauteng South&quot;
      }
    },
    {
      &quot;attributes&quot;: {
        &quot;owner&quot;: &quot;Dark Fibre Africa&quot;,
        &quot;stage&quot;: &quot;Construction&quot;,
        &quot;ea1&quot;: &quot;G50P28&quot;,
        &quot;ea2&quot;: &quot;Gauteng South&quot;
      }
    },
    {
      &quot;attributes&quot;: {
        &quot;owner&quot;: &quot;Dark Fibre Africa&quot;,
        &quot;stage&quot;: &quot;Construction&quot;,
        &quot;ea1&quot;: &quot;G50P28&quot;,
        &quot;ea2&quot;: &quot;Gauteng South&quot;
      }
    },
    {
      &quot;attributes&quot;: {
        &quot;owner&quot;: &quot;Dark Fibre Africa&quot;,
        &quot;stage&quot;: &quot;Construction&quot;,
        &quot;ea1&quot;: &quot;G50P28&quot;,
        &quot;ea2&quot;: &quot;Gauteng South&quot;
      }
    },
    {
      &quot;attributes&quot;: {
        &quot;owner&quot;: &quot;Dark Fibre Africa&quot;,
        &quot;stage&quot;: &quot;Construction&quot;,
        &quot;ea1&quot;: &quot;G50P28&quot;,
        &quot;ea2&quot;: &quot;Gauteng South&quot;
      }
    },
    {
      &quot;attributes&quot;: {
        &quot;owner&quot;: &quot;Dark Fibre Africa&quot;,
        &quot;stage&quot;: &quot;Construction&quot;,
        &quot;ea1&quot;: &quot;G50P28&quot;,
        &quot;ea2&quot;: &quot;Gauteng South&quot;
      }
    },
    {
      &quot;attributes&quot;: {
        &quot;owner&quot;: &quot;Dark Fibre Africa&quot;,
        &quot;stage&quot;: &quot;Construction&quot;,
        &quot;ea1&quot;: &quot;G50P28&quot;,
        &quot;ea2&quot;: &quot;Gauteng South&quot;
      }
    },
    {
      &quot;attributes&quot;: {
        &quot;owner&quot;: &quot;Dark Fibre Africa&quot;,
        &quot;stage&quot;: &quot;Construction&quot;,
        &quot;ea1&quot;: &quot;G50P28&quot;,
        &quot;ea2&quot;: &quot;Gauteng South&quot;
      }
    },
    {
      &quot;attributes&quot;: {
        &quot;owner&quot;: &quot;Dark Fibre Africa&quot;,
        &quot;stage&quot;: &quot;Construction&quot;,
        &quot;ea1&quot;: &quot;G50P28&quot;,
        &quot;ea2&quot;: &quot;Gauteng South&quot;
      }
    },
    {
      &quot;attributes&quot;: {
        &quot;owner&quot;: &quot;Dark Fibre Africa&quot;,
        &quot;stage&quot;: &quot;Construction&quot;,
        &quot;ea1&quot;: &quot;G50P28&quot;,
        &quot;ea2&quot;: &quot;Gauteng South&quot;
      }
    },
    {
      &quot;attributes&quot;: {
        &quot;owner&quot;: &quot;Dark Fibre Africa&quot;,
        &quot;stage&quot;: &quot;Construction&quot;,
        &quot;ea1&quot;: &quot;G50P28&quot;,
        &quot;ea2&quot;: &quot;Gauteng South&quot;
      }
    },
    {
      &quot;attributes&quot;: {
        &quot;owner&quot;: &quot;Dark Fibre Africa&quot;,
        &quot;stage&quot;: &quot;Construction&quot;,
        &quot;ea1&quot;: &quot;G50P28&quot;,
        &quot;ea2&quot;: &quot;Gauteng South&quot;
      }
    },
    {
      &quot;attributes&quot;: {
        &quot;owner&quot;: &quot;Dark Fibre Africa&quot;,
        &quot;stage&quot;: &quot;Construction&quot;,
        &quot;ea1&quot;: &quot;G50P28&quot;,
        &quot;ea2&quot;: &quot;Gauteng South&quot;
      }
    },
    {
      &quot;attributes&quot;: {
        &quot;owner&quot;: &quot;Dark Fibre Africa&quot;,
        &quot;stage&quot;: &quot;Construction&quot;,
        &quot;ea1&quot;: &quot;G50P28&quot;,
        &quot;ea2&quot;: &quot;Gauteng South&quot;
      }
    },
    {
      &quot;attributes&quot;: {
        &quot;owner&quot;: &quot;Dark Fibre Africa&quot;,
        &quot;stage&quot;: &quot;Construction&quot;,
        &quot;ea1&quot;: &quot;G50P28&quot;,
        &quot;ea2&quot;: &quot;Gauteng South&quot;
      }
    },
    {
      &quot;attributes&quot;: {
        &quot;owner&quot;: &quot;Dark Fibre Africa&quot;,
        &quot;stage&quot;: &quot;Construction&quot;,
        &quot;ea1&quot;: &quot;G50P28&quot;,
        &quot;ea2&quot;: &quot;Gauteng South&quot;
      }
    },
    {
      &quot;attributes&quot;: {
        &quot;owner&quot;: &quot;Dark Fibre Africa&quot;,
        &quot;stage&quot;: &quot;Construction&quot;,
        &quot;ea1&quot;: &quot;G50P28&quot;,
        &quot;ea2&quot;: &quot;Gauteng South&quot;
      }
    },
    {
      &quot;attributes&quot;: {
        &quot;owner&quot;: &quot;Dark Fibre Africa&quot;,
        &quot;stage&quot;: &quot;Construction&quot;,
        &quot;ea1&quot;: &quot;G50P28&quot;,
        &quot;ea2&quot;: &quot;Gauteng South&quot;
      }
    },
    {
      &quot;attributes&quot;: {
        &quot;owner&quot;: &quot;Dark Fibre Africa&quot;,
        &quot;stage&quot;: &quot;Construction&quot;,
        &quot;ea1&quot;: &quot;G50P28&quot;,
        &quot;ea2&quot;: &quot;Gauteng South&quot;
      }
    },
    {
      &quot;attributes&quot;: {
        &quot;owner&quot;: &quot;Dark Fibre Africa&quot;,
        &quot;stage&quot;: &quot;Construction&quot;,
        &quot;ea1&quot;: &quot;G50P28&quot;,
        &quot;ea2&quot;: &quot;Gauteng South&quot;
      }
    },
    {
      &quot;attributes&quot;: {
        &quot;owner&quot;: &quot;Dark Fibre Africa&quot;,
        &quot;stage&quot;: &quot;Construction&quot;,
        &quot;ea1&quot;: &quot;G50P28&quot;,
        &quot;ea2&quot;: &quot;Gauteng South&quot;
      }
    },
    {
      &quot;attributes&quot;: {
        &quot;owner&quot;: &quot;Dark Fibre Africa&quot;,
        &quot;stage&quot;: &quot;Construction&quot;,
        &quot;ea1&quot;: &quot;G50P28&quot;,
        &quot;ea2&quot;: &quot;Gauteng South&quot;
      }
    },
    {
      &quot;attributes&quot;: {
        &quot;owner&quot;: &quot;Dark Fibre Africa&quot;,
        &quot;stage&quot;: &quot;Construction&quot;,
        &quot;ea1&quot;: &quot;G50P28&quot;,
        &quot;ea2&quot;: &quot;Gauteng South&quot;
      }
    },
    {
      &quot;attributes&quot;: {
        &quot;owner&quot;: &quot;Dark Fibre Africa&quot;,
        &quot;stage&quot;: &quot;Construction&quot;,
        &quot;ea1&quot;: &quot;G50P28&quot;,
        &quot;ea2&quot;: &quot;Gauteng South&quot;
      }
    },
    {
      &quot;attributes&quot;: {
        &quot;owner&quot;: &quot;Dark Fibre Africa&quot;,
        &quot;stage&quot;: &quot;Construction&quot;,
        &quot;ea1&quot;: &quot;G50P28&quot;,
        &quot;ea2&quot;: &quot;Gauteng South&quot;
      }
    }
  ],
  &quot;exceededTransferLimit&quot;: true
}
" type="java.lang.AssertionError">
      <![CDATA[java.lang.AssertionError: 1 expectation failed.
Response body doesn't match expectation.
Expected: a string containing "Completed"
  Actual: {
  "displayFieldName": "name",
  "fieldAliases": {
    "owner": "owner",
    "stage": "stage",
    "ea1": "Route Name",
    "ea2": "DFA Region"
  },
  "fields": [
    {
      "name": "owner",
      "type": "esriFieldTypeString",
      "alias": "owner",
      "length": 50
    },
    {
      "name": "stage",
      "type": "esriFieldTypeString",
      "alias": "stage",
      "length": 30
    },
    {
      "name": "ea1",
      "type": "esriFieldTypeString",
      "alias": "Route Name",
      "length": 100
    },
    {
      "name": "ea2",
      "type": "esriFieldTypeString",
      "alias": "DFA Region",
      "length": 100
    }
  ],
  "features": [
    {
      "attributes": {
        "owner": "Dark Fibre Africa",
        "stage": "Construction",
        "ea1": "G01P01",
        "ea2": "Gauteng South"
      }
    },
    {
      "attributes": {
        "owner": "Dark Fibre Africa",
        "stage": "Construction",
        "ea1": "Esher Entry 2",
        "ea2": "Gauteng South"
      }
    },
    {
      "attributes": {
        "owner": "Dark Fibre Africa",
        "stage": "Construction",
        "ea1": "G20P15",
        "ea2": "Gauteng South"
      }
    },
    {
      "attributes": {
        "owner": "Dark Fibre Africa",
        "stage": "Construction",
        "ea1": "IR01P01",
        "ea2": "Inter Regional"
      }
    },
    {
      "attributes": {
        "owner": "Dark Fibre Africa",
        "stage": "Construction",
        "ea1": "NB20P31",
        "ea2": "Northern Region"
      }
    },
    {
      "attributes": {
        "owner": "Dark Fibre Africa",
        "stage": "Construction",
        "ea1": "NB01P01",
        "ea2": "Northern Region"
      }
    },
    {
      "attributes": {
        "owner": "Dark Fibre Africa",
        "stage": "Construction",
        "ea1": "NB01P01",
        "ea2": "Northern Region"
      }
    },
    {
      "attributes": {
        "owner": "Dark Fibre Africa",
        "stage": "Construction",
        "ea1": "NB01P01",
        "ea2": "Northern Region"
      }
    },
    {
      "attributes": {
        "owner": "Dark Fibre Africa",
        "stage": "Construction",
        "ea1": "Access Build",
        "ea2": "Gauteng South"
      }
    },
    {
      "attributes": {
        "owner": "Dark Fibre Africa",
        "stage": "Construction",
        "ea1": "Access Build",
        "ea2": "Gauteng South"
      }
    },
    {
      "attributes": {
        "owner": "Dark Fibre Africa",
        "stage": "Construction",
        "ea1": "Access Build",
        "ea2": "Gauteng South"
      }
    },
    {
      "attributes": {
        "owner": "Dark Fibre Africa",
        "stage": "Construction",
        "ea1": "Access Build",
        "ea2": "Gauteng South"
      }
    },
    {
      "attributes": {
        "owner": "Dark Fibre Africa",
        "stage": "Construction",
        "ea1": "Access Build",
        "ea2": "Gauteng South"
      }
    },
    {
      "attributes": {
        "owner": "Dark Fibre Africa",
        "stage": "Construction",
        "ea1": "Access Build",
        "ea2": "Gauteng South"
      }
    },
    {
      "attributes": {
        "owner": "Dark Fibre Africa",
        "stage": "Construction",
        "ea1": "Access build",
        "ea2": "Gauteng South"
      }
    },
    {
      "attributes": {
        "owner": "Dark Fibre Africa",
        "stage": "Construction",
        "ea1": "Access build",
        "ea2": "Gauteng South"
      }
    },
    {
      "attributes": {
        "owner": "Dark Fibre Africa",
        "stage": "Construction",
        "ea1": "Access build",
        "ea2": "Gauteng South"
      }
    },
    {
      "attributes": {
        "owner": "Dark Fibre Africa",
        "stage": "Construction",
        "ea1": "Access build",
        "ea2": "Gauteng South"
      }
    },
    {
      "attributes": {
        "owner": "Dark Fibre Africa",
        "stage": "Construction",
        "ea1": "Access build",
        "ea2": "Gauteng South"
      }
    },
    {
      "attributes": {
        "owner": "Dark Fibre Africa",
        "stage": "Construction",
        "ea1": "Access build",
        "ea2": "Northern Region"
      }
    },
    {
      "attributes": {
        "owner": "Dark Fibre Africa",
        "stage": "Construction",
        "ea1": "Access build",
        "ea2": "Northern Region"
      }
    },
    {
      "attributes": {
        "owner": "Dark Fibre Africa",
        "stage": "Construction",
        "ea1": "Access build",
        "ea2": "Northern Region"
      }
    },
    {
      "attributes": {
        "owner": "Dark Fibre Africa",
        "stage": "Construction",
        "ea1": "Access build",
        "ea2": "Northern Region"
      }
    },
    {
      "attributes": {
        "owner": "Dark Fibre Africa",
        "stage": "Construction",
        "ea1": "Access build",
        "ea2": "Northern Region"
      }
    },
    {
      "attributes": {
        "owner": "Dark Fibre Africa",
        "stage": "Construction",
        "ea1": "Access build",
        "ea2": "Northern Region"
      }
    },
    {
      "attributes": {
        "owner": "Dark Fibre Africa",
        "stage": "Construction",
        "ea1": "Access build",
        "ea2": "Northern Region"
      }
    },
    {
      "attributes": {
        "owner": "Dark Fibre Africa",
        "stage": "Construction",
        "ea1": "Access build",
        "ea2": "Northern Region"
      }
    },
    {
      "attributes": {
        "owner": "Dark Fibre Africa",
        "stage": "Construction",
        "ea1": "Access build",
        "ea2": "Gauteng South"
      }
    },
    {
      "attributes": {
        "owner": "Dark Fibre Africa",
        "stage": "Construction",
        "ea1": "Access build",
        "ea2": "Gauteng South"
      }
    },
    {
      "attributes": {
        "owner": "Dark Fibre Africa",
        "stage": "Construction",
        "ea1": "Access build",
        "ea2": "Kwa-Zulu Natal"
      }
    },
    {
      "attributes": {
        "owner": "Dark Fibre Africa",
        "stage": "Construction",
        "ea1": "Access build",
        "ea2": "Kwa-Zulu Natal"
      }
    },
    {
      "attributes": {
        "owner": "Dark Fibre Africa",
        "stage": "Construction",
        "ea1": "Access build",
        "ea2": "Western Region"
      }
    },
    {
      "attributes": {
        "owner": "Dark Fibre Africa",
        "stage": "Construction",
        "ea1": "Access build",
        "ea2": "Gauteng South"
      }
    },
    {
      "attributes": {
        "owner": "Dark Fibre Africa",
        "stage": "Construction",
        "ea1": "W20P05",
        "ea2": "Western Region"
      }
    },
    {
      "attributes": {
        "owner": "Dark Fibre Africa",
        "stage": "Construction",
        "ea1": "W20P05",
        "ea2": "Western Region"
      }
    },
    {
      "attributes": {
        "owner": "Dark Fibre Africa",
        "stage": "Construction",
        "ea1": "K02P10",
        "ea2": "Kwa-Zulu Natal"
      }
    },
    {
      "attributes": {
        "owner": "Dark Fibre Africa",
        "stage": "Construction",
        "ea1": "K02P10",
        "ea2": "Kwa-Zulu Natal"
      }
    },
    {
      "attributes": {
        "owner": "Dark Fibre Africa",
        "stage": "Construction",
        "ea1": "none",
        "ea2": "Gauteng South"
      }
    },
    {
      "attributes": {
        "owner": "Dark Fibre Africa",
        "stage": "Construction",
        "ea1": "none",
        "ea2": "Gauteng South"
      }
    },
    {
      "attributes": {
        "owner": "Dark Fibre Africa",
        "stage": "Construction",
        "ea1": "NB20P06",
        "ea2": "Northern Region"
      }
    },
    {
      "attributes": {
        "owner": "Dark Fibre Africa",
        "stage": "Construction",
        "ea1": "none",
        "ea2": "None"
      }
    },
    {
      "attributes": {
        "owner": "Dark Fibre Africa",
        "stage": "Construction",
        "ea1": "none",
        "ea2": "None"
      }
    },
    {
      "attributes": {
        "owner": "Dark Fibre Africa",
        "stage": "Construction",
        "ea1": "none",
        "ea2": "None"
      }
    },
    {
      "attributes": {
        "owner": "Dark Fibre Africa",
        "stage": "Construction",
        "ea1": "none",
        "ea2": "None"
      }
    },
    {
      "attributes": {
        "owner": "Dark Fibre Africa",
        "stage": "Construction",
        "ea1": "MS00064WH020069",
        "ea2": "Western Region"
      }
    },
    {
      "attributes": {
        "owner": "Dark Fibre Africa",
        "stage": "Construction",
        "ea1": "NB20P06",
        "ea2": "Northern Region"
      }
    },
    {
      "attributes": {
        "owner": "Dark Fibre Africa",
        "stage": "Construction",
        "ea1": "none",
        "ea2": "Gauteng South"
      }
    },
    {
      "attributes": {
        "owner": "Dark Fibre Africa",
        "stage": "Construction",
        "ea1": "K02P10",
        "ea2": "Kwa-Zulu Natal"
      }
    },
    {
      "attributes": {
        "owner": "Dark Fibre Africa",
        "stage": "Construction",
        "ea1": "none",
        "ea2": "Gauteng South"
      }
    },
    {
      "attributes": {
        "owner": "Dark Fibre Africa",
        "stage": "Construction",
        "ea1": "none",
        "ea2": "Gauteng South"
      }
    },
    {
      "attributes": {
        "owner": "Dark Fibre Africa",
        "stage": "Construction",
        "ea1": "none",
        "ea2": "Gauteng South"
      }
    },
    {
      "attributes": {
        "owner": "Dark Fibre Africa",
        "stage": "Construction",
        "ea1": "none",
        "ea2": "Gauteng South"
      }
    },
    {
      "attributes": {
        "owner": "Dark Fibre Africa",
        "stage": "Construction",
        "ea1": "none",
        "ea2": "Gauteng South"
      }
    },
    {
      "attributes": {
        "owner": "Dark Fibre Africa",
        "stage": "Construction",
        "ea1": "none",
        "ea2": "Gauteng South"
      }
    },
    {
      "attributes": {
        "owner": "Dark Fibre Africa",
        "stage": "Construction",
        "ea1": "none",
        "ea2": "Gauteng South"
      }
    },
    {
      "attributes": {
        "owner": "Dark Fibre Africa",
        "stage": "Construction",
        "ea1": "AS00108GH000098",
        "ea2": "Gauteng South"
      }
    },
    {
      "attributes": {
        "owner": "Dark Fibre Africa",
        "stage": "Construction",
        "ea1": "none",
        "ea2": "Kwa-Zulu Natal"
      }
    },
    {
      "attributes": {
        "owner": "Dark Fibre Africa",
        "stage": "Construction",
        "ea1": "none",
        "ea2": "Kwa-Zulu Natal"
      }
    },
    {
      "attributes": {
        "owner": "Dark Fibre Africa",
        "stage": "Construction",
        "ea1": "none",
        "ea2": "Gauteng South"
      }
    },
    {
      "attributes": {
        "owner": "Dark Fibre Africa",
        "stage": "Construction",
        "ea1": "none",
        "ea2": "Northern Region"
      }
    },
    {
      "attributes": {
        "owner": "Dark Fibre Africa",
        "stage": "Construction",
        "ea1": "none",
        "ea2": "Gauteng South"
      }
    },
    {
      "attributes": {
        "owner": "Dark Fibre Africa",
        "stage": "Construction",
        "ea1": "none",
        "ea2": "Gauteng South"
      }
    },
    {
      "attributes": {
        "owner": "Dark Fibre Africa",
        "stage": "Construction",
        "ea1": "none",
        "ea2": "Gauteng South"
      }
    },
    {
      "attributes": {
        "owner": "Dark Fibre Africa",
        "stage": "Construction",
        "ea1": "AS18052GH000971",
        "ea2": "Gauteng South"
      }
    },
    {
      "attributes": {
        "owner": "Dark Fibre Africa",
        "stage": "Construction",
        "ea1": "none",
        "ea2": "Gauteng South"
      }
    },
    {
      "attributes": {
        "owner": "Dark Fibre Africa",
        "stage": "Construction",
        "ea1": "Neotel Data Centre",
        "ea2": "Gauteng South"
      }
    },
    {
      "attributes": {
        "owner": "Dark Fibre Africa",
        "stage": "Construction",
        "ea1": "Access build",
        "ea2": "Northern Region"
      }
    },
    {
      "attributes": {
        "owner": "Dark Fibre Africa",
        "stage": "Construction",
        "ea1": " NB20P11",
        "ea2": "Northern Region"
      }
    },
    {
      "attributes": {
        "owner": "Dark Fibre Africa",
        "stage": "Construction",
        "ea1": "none",
        "ea2": "Northern Region"
      }
    },
    {
      "attributes": {
        "owner": "Dark Fibre Africa",
        "stage": "Construction",
        "ea1": "none",
        "ea2": "Kwa-Zulu Natal"
      }
    },
    {
      "attributes": {
        "owner": "Dark Fibre Africa",
        "stage": "Construction",
        "ea1": "none",
        "ea2": "Kwa-Zulu Natal"
      }
    },
    {
      "attributes": {
        "owner": "Dark Fibre Africa",
        "stage": "Construction",
        "ea1": "none",
        "ea2": "Northern Region"
      }
    },
    {
      "attributes": {
        "owner": "Dark Fibre Africa",
        "stage": "Construction",
        "ea1": "none",
        "ea2": "Northern Region"
      }
    },
    {
      "attributes": {
        "owner": "Dark Fibre Africa",
        "stage": "Construction",
        "ea1": "AS14024KH020025",
        "ea2": "Kwa-Zulu Natal"
      }
    },
    {
      "attributes": {
        "owner": "Dark Fibre Africa",
        "stage": "Construction",
        "ea1": "none",
        "ea2": "Gauteng South"
      }
    },
    {
      "attributes": {
        "owner": "Dark Fibre Africa",
        "stage": "Construction",
        "ea1": "none",
        "ea2": "Northern Region"
      }
    },
    {
      "attributes": {
        "owner": "Dark Fibre Africa",
        "stage": "Construction",
        "ea1": "none",
        "ea2": "Gauteng South"
      }
    },
    {
      "attributes": {
        "owner": "Dark Fibre Africa",
        "stage": "Construction",
        "ea1": "none",
        "ea2": "Gauteng South"
      }
    },
    {
      "attributes": {
        "owner": "Dark Fibre Africa",
        "stage": "Construction",
        "ea1": "none",
        "ea2": "Gauteng South"
      }
    },
    {
      "attributes": {
        "owner": "Dark Fibre Africa",
        "stage": "Construction",
        "ea1": "none",
        "ea2": "Gauteng South"
      }
    },
    {
      "attributes": {
        "owner": "Dark Fibre Africa",
        "stage": "Construction",
        "ea1": "none",
        "ea2": "Gauteng South"
      }
    },
    {
      "attributes": {
        "owner": "Dark Fibre Africa",
        "stage": "Construction",
        "ea1": "none",
        "ea2": "Gauteng South"
      }
    },
    {
      "attributes": {
        "owner": "Dark Fibre Africa",
        "stage": "Construction",
        "ea1": "none",
        "ea2": "Gauteng South"
      }
    },
    {
      "attributes": {
        "owner": "Dark Fibre Africa",
        "stage": "Construction",
        "ea1": "Esher Entry 2",
        "ea2": "Gauteng South"
      }
    },
    {
      "attributes": {
        "owner": "Dark Fibre Africa",
        "stage": "Construction",
        "ea1": "none",
        "ea2": "Gauteng South"
      }
    },
    {
      "attributes": {
        "owner": "Dark Fibre Africa",
        "stage": "Construction",
        "ea1": "none",
        "ea2": "Gauteng South"
      }
    },
    {
      "attributes": {
        "owner": "Dark Fibre Africa",
        "stage": "Construction",
        "ea1": "none",
        "ea2": "Gauteng South"
      }
    },
    {
      "attributes": {
        "owner": "Dark Fibre Africa",
        "stage": "Construction",
        "ea1": "AS00239GH000081",
        "ea2": "Gauteng South"
      }
    },
    {
      "attributes": {
        "owner": "Dark Fibre Africa",
        "stage": "Construction",
        "ea1": "none",
        "ea2": "Gauteng South"
      }
    },
    {
      "attributes": {
        "owner": "Dark Fibre Africa",
        "stage": "Construction",
        "ea1": "none",
        "ea2": "Gauteng South"
      }
    },
    {
      "attributes": {
        "owner": "Dark Fibre Africa",
        "stage": "Construction",
        "ea1": "AS00242GH000541",
        "ea2": "Gauteng South"
      }
    },
    {
      "attributes": {
        "owner": "Dark Fibre Africa",
        "stage": "Construction",
        "ea1": "none",
        "ea2": "Gauteng South"
      }
    },
    {
      "attributes": {
        "owner": "Dark Fibre Africa",
        "stage": "Construction",
        "ea1": null,
        "ea2": "Gauteng South"
      }
    },
    {
      "attributes": {
        "owner": "Dark Fibre Africa",
        "stage": "Construction",
        "ea1": "AS00244GH000040",
        "ea2": "Gauteng South"
      }
    },
    {
      "attributes": {
        "owner": "Dark Fibre Africa",
        "stage": "Construction",
        "ea1": "none",
        "ea2": "Gauteng South"
      }
    },
    {
      "attributes": {
        "owner": "Dark Fibre Africa",
        "stage": "Construction",
        "ea1": "G20P08",
        "ea2": "Gauteng South"
      }
    },
    {
      "attributes": {
        "owner": "Dark Fibre Africa",
        "stage": "Construction",
        "ea1": "none",
        "ea2": "Northern Region"
      }
    },
    {
      "attributes": {
        "owner": "Dark Fibre Africa",
        "stage": "Construction",
        "ea1": "none",
        "ea2": "Northern Region"
      }
    },
    {
      "attributes": {
        "owner": "Dark Fibre Africa",
        "stage": "Construction",
        "ea1": null,
        "ea2": "Northern Region"
      }
    },
    {
      "attributes": {
        "owner": "Dark Fibre Africa",
        "stage": "Construction",
        "ea1": "none",
        "ea2": "Northern Region"
      }
    },
    {
      "attributes": {
        "owner": "Dark Fibre Africa",
        "stage": "Construction",
        "ea1": null,
        "ea2": "Northern Region"
      }
    },
    {
      "attributes": {
        "owner": "Dark Fibre Africa",
        "stage": "Construction",
        "ea1": null,
        "ea2": "Northern Region"
      }
    },
    {
      "attributes": {
        "owner": "Dark Fibre Africa",
        "stage": "Construction",
        "ea1": "none",
        "ea2": "Northern Region"
      }
    },
    {
      "attributes": {
        "owner": "Dark Fibre Africa",
        "stage": "Construction",
        "ea1": "none",
        "ea2": "Northern Region"
      }
    },
    {
      "attributes": {
        "owner": "Dark Fibre Africa",
        "stage": "Construction",
        "ea1": "none",
        "ea2": "Northern Region"
      }
    },
    {
      "attributes": {
        "owner": "Dark Fibre Africa",
        "stage": "Construction",
        "ea1": "Access Build",
        "ea2": "Kwa-Zulu Natal"
      }
    },
    {
      "attributes": {
        "owner": "Dark Fibre Africa",
        "stage": "Construction",
        "ea1": "Access Build",
        "ea2": "Kwa-Zulu Natal"
      }
    },
    {
      "attributes": {
        "owner": "Dark Fibre Africa",
        "stage": "Construction",
        "ea1": "K01P08",
        "ea2": "Kwa-Zulu Natal"
      }
    },
    {
      "attributes": {
        "owner": "Dark Fibre Africa",
        "stage": "Construction",
        "ea1": "K01P04",
        "ea2": "Kwa-Zulu Natal"
      }
    },
    {
      "attributes": {
        "owner": "Dark Fibre Africa",
        "stage": "Construction",
        "ea1": "Access Build",
        "ea2": "Gauteng South"
      }
    },
    {
      "attributes": {
        "owner": "Dark Fibre Africa",
        "stage": "Construction",
        "ea1": "Access Build",
        "ea2": "Gauteng South"
      }
    },
    {
      "attributes": {
        "owner": "Dark Fibre Africa",
        "stage": "Construction",
        "ea1": "none",
        "ea2": "Gauteng South"
      }
    },
    {
      "attributes": {
        "owner": "Dark Fibre Africa",
        "stage": "Construction",
        "ea1": "none",
        "ea2": "Gauteng South"
      }
    },
    {
      "attributes": {
        "owner": "Dark Fibre Africa",
        "stage": "Construction",
        "ea1": "none",
        "ea2": "Northern Region"
      }
    },
    {
      "attributes": {
        "owner": "Dark Fibre Africa",
        "stage": "Construction",
        "ea1": "Access Build",
        "ea2": "Northern Region"
      }
    },
    {
      "attributes": {
        "owner": "Dark Fibre Africa",
        "stage": "Construction",
        "ea1": null,
        "ea2": "Northern Region"
      }
    },
    {
      "attributes": {
        "owner": "Dark Fibre Africa",
        "stage": "Construction",
        "ea1": "Access Build",
        "ea2": "Northern Region"
      }
    },
    {
      "attributes": {
        "owner": "Dark Fibre Africa",
        "stage": "Construction",
        "ea1": "none",
        "ea2": "Gauteng South"
      }
    },
    {
      "attributes": {
        "owner": "Dark Fibre Africa",
        "stage": "Construction",
        "ea1": "none",
        "ea2": "Kwa-Zulu Natal"
      }
    },
    {
      "attributes": {
        "owner": "Dark Fibre Africa",
        "stage": "Construction",
        "ea1": "K01P04",
        "ea2": "Kwa-Zulu Natal"
      }
    },
    {
      "attributes": {
        "owner": "Dark Fibre Africa",
        "stage": "Construction",
        "ea1": "AS00331GH003081",
        "ea2": "Gauteng South"
      }
    },
    {
      "attributes": {
        "owner": "Dark Fibre Africa",
        "stage": "Construction",
        "ea1": "none",
        "ea2": "Gauteng South"
      }
    },
    {
      "attributes": {
        "owner": "Dark Fibre Africa",
        "stage": "Construction",
        "ea1": "AS00353GH002017",
        "ea2": "Gauteng South"
      }
    },
    {
      "attributes": {
        "owner": "Dark Fibre Africa",
        "stage": "Construction",
        "ea1": "none",
        "ea2": "Gauteng South"
      }
    },
    {
      "attributes": {
        "owner": "Dark Fibre Africa",
        "stage": "Construction",
        "ea1": "G30P03",
        "ea2": "Gauteng South"
      }
    },
    {
      "attributes": {
        "owner": "Dark Fibre Africa",
        "stage": "Construction",
        "ea1": "none",
        "ea2": "Gauteng South"
      }
    },
    {
      "attributes": {
        "owner": "Dark Fibre Africa",
        "stage": "Construction",
        "ea1": "IOL Synchrony",
        "ea2": "Gauteng South"
      }
    },
    {
      "attributes": {
        "owner": "Dark Fibre Africa",
        "stage": "Construction",
        "ea1": "AS00358GH001434",
        "ea2": "Gauteng South"
      }
    },
    {
      "attributes": {
        "owner": "Dark Fibre Africa",
        "stage": "Construction",
        "ea1": "365-James Street (1280)",
        "ea2": "Gauteng South"
      }
    },
    {
      "attributes": {
        "owner": "Dark Fibre Africa",
        "stage": "Construction",
        "ea1": "365-James Street (1280)",
        "ea2": "Gauteng South"
      }
    },
    {
      "attributes": {
        "owner": "Dark Fibre Africa",
        "stage": "Construction",
        "ea1": "365-James Street (1280)",
        "ea2": "Gauteng South"
      }
    },
    {
      "attributes": {
        "owner": "Dark Fibre Africa",
        "stage": "Construction",
        "ea1": " ",
        "ea2": "Gauteng South"
      }
    },
    {
      "attributes": {
        "owner": "Dark Fibre Africa",
        "stage": "Construction",
        "ea1": " ",
        "ea2": "Gauteng South"
      }
    },
    {
      "attributes": {
        "owner": "Dark Fibre Africa",
        "stage": "Construction",
        "ea1": " ",
        "ea2": "Gauteng South"
      }
    },
    {
      "attributes": {
        "owner": "Dark Fibre Africa",
        "stage": "Construction",
        "ea1": " ",
        "ea2": "Gauteng South"
      }
    },
    {
      "attributes": {
        "owner": "Dark Fibre Africa",
        "stage": "Construction",
        "ea1": " ",
        "ea2": "Gauteng South"
      }
    },
    {
      "attributes": {
        "owner": "Dark Fibre Africa",
        "stage": "Construction",
        "ea1": " ",
        "ea2": "Gauteng South"
      }
    },
    {
      "attributes": {
        "owner": "Dark Fibre Africa",
        "stage": "Construction",
        "ea1": "AS00376GH000120 ",
        "ea2": "Gauteng South"
      }
    },
    {
      "attributes": {
        "owner": "Dark Fibre Africa",
        "stage": "Construction",
        "ea1": " AS00379GH001818",
        "ea2": "Gauteng South"
      }
    },
    {
      "attributes": {
        "owner": "Dark Fibre Africa",
        "stage": "Construction",
        "ea1": " AS00379GH001818",
        "ea2": "Gauteng South"
      }
    },
    {
      "attributes": {
        "owner": "Dark Fibre Africa",
        "stage": "Construction",
        "ea1": " ",
        "ea2": "Northern Region"
      }
    },
    {
      "attributes": {
        "owner": "Dark Fibre Africa",
        "stage": "Construction",
        "ea1": "AS00370GH002039 ",
        "ea2": "Gauteng South"
      }
    },
    {
      "attributes": {
        "owner": "Dark Fibre Africa",
        "stage": "Construction",
        "ea1": " ",
        "ea2": "Northern Region"
      }
    },
    {
      "attributes": {
        "owner": "Dark Fibre Africa",
        "stage": "Construction",
        "ea1": " ",
        "ea2": "Northern Region"
      }
    },
    {
      "attributes": {
        "owner": "Dark Fibre Africa",
        "stage": "Construction",
        "ea1": " ",
        "ea2": "Northern Region"
      }
    },
    {
      "attributes": {
        "owner": "Dark Fibre Africa",
        "stage": "Construction",
        "ea1": " ",
        "ea2": "Northern Region"
      }
    },
    {
      "attributes": {
        "owner": "Dark Fibre Africa",
        "stage": "Construction",
        "ea1": " ",
        "ea2": "Northern Region"
      }
    },
    {
      "attributes": {
        "owner": "Dark Fibre Africa",
        "stage": "Construction",
        "ea1": " ",
        "ea2": "Northern Region"
      }
    },
    {
      "attributes": {
        "owner": "Dark Fibre Africa",
        "stage": "Construction",
        "ea1": " ",
        "ea2": "Northern Region"
      }
    },
    {
      "attributes": {
        "owner": "Dark Fibre Africa",
        "stage": "Construction",
        "ea1": " ",
        "ea2": "Northern Region"
      }
    },
    {
      "attributes": {
        "owner": "Dark Fibre Africa",
        "stage": "Construction",
        "ea1": " ",
        "ea2": "Northern Region"
      }
    },
    {
      "attributes": {
        "owner": "Dark Fibre Africa",
        "stage": "Construction",
        "ea1": " ",
        "ea2": "Northern Region"
      }
    },
    {
      "attributes": {
        "owner": "Dark Fibre Africa",
        "stage": "Construction",
        "ea1": " ",
        "ea2": "Northern Region"
      }
    },
    {
      "attributes": {
        "owner": "Dark Fibre Africa",
        "stage": "Construction",
        "ea1": " ",
        "ea2": "Northern Region"
      }
    },
    {
      "attributes": {
        "owner": "Dark Fibre Africa",
        "stage": "Construction",
        "ea1": " ",
        "ea2": "Northern Region"
      }
    },
    {
      "attributes": {
        "owner": "Dark Fibre Africa",
        "stage": "Construction",
        "ea1": " ",
        "ea2": "Northern Region"
      }
    },
    {
      "attributes": {
        "owner": "Dark Fibre Africa",
        "stage": "Construction",
        "ea1": " ",
        "ea2": "Northern Region"
      }
    },
    {
      "attributes": {
        "owner": "Dark Fibre Africa",
        "stage": "Construction",
        "ea1": " ",
        "ea2": "Northern Region"
      }
    },
    {
      "attributes": {
        "owner": "Dark Fibre Africa",
        "stage": "Construction",
        "ea1": " ",
        "ea2": "Northern Region"
      }
    },
    {
      "attributes": {
        "owner": "Dark Fibre Africa",
        "stage": "Construction",
        "ea1": " ",
        "ea2": "Northern Region"
      }
    },
    {
      "attributes": {
        "owner": "Dark Fibre Africa",
        "stage": "Construction",
        "ea1": " ",
        "ea2": "Northern Region"
      }
    },
    {
      "attributes": {
        "owner": "Dark Fibre Africa",
        "stage": "Construction",
        "ea1": " ",
        "ea2": "Northern Region"
      }
    },
    {
      "attributes": {
        "owner": "Dark Fibre Africa",
        "stage": "Construction",
        "ea1": " ",
        "ea2": "Northern Region"
      }
    },
    {
      "attributes": {
        "owner": "Dark Fibre Africa",
        "stage": "Construction",
        "ea1": " ",
        "ea2": "Gauteng South"
      }
    },
    {
      "attributes": {
        "owner": "Dark Fibre Africa",
        "stage": "Construction",
        "ea1": " ",
        "ea2": "Gauteng South"
      }
    },
    {
      "attributes": {
        "owner": "Dark Fibre Africa",
        "stage": "Construction",
        "ea1": "K30P12",
        "ea2": "Kwa-Zulu Natal"
      }
    },
    {
      "attributes": {
        "owner": "Dark Fibre Africa",
        "stage": "Construction",
        "ea1": " AS77937BH340046",
        "ea2": "Northern Region"
      }
    },
    {
      "attributes": {
        "owner": "Dark Fibre Africa",
        "stage": "Construction",
        "ea1": " ",
        "ea2": "Northern Region"
      }
    },
    {
      "attributes": {
        "owner": "Dark Fibre Africa",
        "stage": "Construction",
        "ea1": " ",
        "ea2": "Gauteng South"
      }
    },
    {
      "attributes": {
        "owner": "Dark Fibre Africa",
        "stage": "Construction",
        "ea1": " ",
        "ea2": "Gauteng South"
      }
    },
    {
      "attributes": {
        "owner": "Dark Fibre Africa",
        "stage": "Construction",
        "ea1": "K20P04",
        "ea2": "Kwa-Zulu Natal"
      }
    },
    {
      "attributes": {
        "owner": "Dark Fibre Africa",
        "stage": "Construction",
        "ea1": " ",
        "ea2": "Northern Region"
      }
    },
    {
      "attributes": {
        "owner": "Dark Fibre Africa",
        "stage": "Construction",
        "ea1": " ",
        "ea2": "Gauteng South"
      }
    },
    {
      "attributes": {
        "owner": "Dark Fibre Africa",
        "stage": "Construction",
        "ea1": " ",
        "ea2": "Gauteng South"
      }
    },
    {
      "attributes": {
        "owner": "Dark Fibre Africa",
        "stage": "Construction",
        "ea1": " ",
        "ea2": "Gauteng South"
      }
    },
    {
      "attributes": {
        "owner": "Dark Fibre Africa",
        "stage": "Construction",
        "ea1": " ",
        "ea2": "Northern Region"
      }
    },
    {
      "attributes": {
        "owner": "Dark Fibre Africa",
        "stage": "Construction",
        "ea1": " ",
        "ea2": "Northern Region"
      }
    },
    {
      "attributes": {
        "owner": "Dark Fibre Africa",
        "stage": "Construction",
        "ea1": " ",
        "ea2": "Northern Region"
      }
    },
    {
      "attributes": {
        "owner": "Dark Fibre Africa",
        "stage": "Construction",
        "ea1": " ",
        "ea2": "Northern Region"
      }
    },
    {
      "attributes": {
        "owner": "Dark Fibre Africa",
        "stage": "Construction",
        "ea1": " ",
        "ea2": "Northern Region"
      }
    },
    {
      "attributes": {
        "owner": "Dark Fibre Africa",
        "stage": "Construction",
        "ea1": " ",
        "ea2": "Northern Region"
      }
    },
    {
      "attributes": {
        "owner": "Dark Fibre Africa",
        "stage": "Construction",
        "ea1": "K20P01",
        "ea2": "Kwa-Zulu Natal"
      }
    },
    {
      "attributes": {
        "owner": "Dark Fibre Africa",
        "stage": "Construction",
        "ea1": "K20P01",
        "ea2": "Kwa-Zulu Natal"
      }
    },
    {
      "attributes": {
        "owner": "Dark Fibre Africa",
        "stage": "Construction",
        "ea1": " ",
        "ea2": "Northern Region"
      }
    },
    {
      "attributes": {
        "owner": "Dark Fibre Africa",
        "stage": "Construction",
        "ea1": "AS00480GH000545 ",
        "ea2": "Gauteng South"
      }
    },
    {
      "attributes": {
        "owner": "Dark Fibre Africa",
        "stage": "Construction",
        "ea1": " ",
        "ea2": "Northern Region"
      }
    },
    {
      "attributes": {
        "owner": "Dark Fibre Africa",
        "stage": "Construction",
        "ea1": " ",
        "ea2": "None"
      }
    },
    {
      "attributes": {
        "owner": "Dark Fibre Africa",
        "stage": "Construction",
        "ea1": " ",
        "ea2": "Northern Region"
      }
    },
    {
      "attributes": {
        "owner": "Dark Fibre Africa",
        "stage": "Construction",
        "ea1": " ",
        "ea2": "Northern Region"
      }
    },
    {
      "attributes": {
        "owner": "Dark Fibre Africa",
        "stage": "Construction",
        "ea1": " ",
        "ea2": "Northern Region"
      }
    },
    {
      "attributes": {
        "owner": "Dark Fibre Africa",
        "stage": "Construction",
        "ea1": " ",
        "ea2": "Northern Region"
      }
    },
    {
      "attributes": {
        "owner": "Dark Fibre Africa",
        "stage": "Construction",
        "ea1": "AS00520WH280927",
        "ea2": "Western Region"
      }
    },
    {
      "attributes": {
        "owner": "Dark Fibre Africa",
        "stage": "Construction",
        "ea1": "AS00527WH020148",
        "ea2": "Western Region"
      }
    },
    {
      "attributes": {
        "owner": "Dark Fibre Africa",
        "stage": "Construction",
        "ea1": "AS00531CH200140 ",
        "ea2": "Western Region"
      }
    },
    {
      "attributes": {
        "owner": "Dark Fibre Africa",
        "stage": "Construction",
        "ea1": " G20P08",
        "ea2": "Gauteng South"
      }
    },
    {
      "attributes": {
        "owner": "Dark Fibre Africa",
        "stage": "Construction",
        "ea1": " ",
        "ea2": "Gauteng South"
      }
    },
    {
      "attributes": {
        "owner": "Dark Fibre Africa",
        "stage": "Construction",
        "ea1": " ",
        "ea2": "Gauteng South"
      }
    },
    {
      "attributes": {
        "owner": "Dark Fibre Africa",
        "stage": "Construction",
        "ea1": " ",
        "ea2": "Gauteng South"
      }
    },
    {
      "attributes": {
        "owner": "Dark Fibre Africa",
        "stage": "Construction",
        "ea1": " ",
        "ea2": "Gauteng South"
      }
    },
    {
      "attributes": {
        "owner": "Dark Fibre Africa",
        "stage": "Construction",
        "ea1": " ",
        "ea2": "Gauteng South"
      }
    },
    {
      "attributes": {
        "owner": "Dark Fibre Africa",
        "stage": "Construction",
        "ea1": " ",
        "ea2": "Gauteng South"
      }
    },
    {
      "attributes": {
        "owner": "Dark Fibre Africa",
        "stage": "Construction",
        "ea1": " ",
        "ea2": "Gauteng South"
      }
    },
    {
      "attributes": {
        "owner": "Dark Fibre Africa",
        "stage": "Construction",
        "ea1": " ",
        "ea2": "Gauteng South"
      }
    },
    {
      "attributes": {
        "owner": "Dark Fibre Africa",
        "stage": "Construction",
        "ea1": " AS03036BH020318",
        "ea2": "Northern Region"
      }
    },
    {
      "attributes": {
        "owner": "Dark Fibre Africa",
        "stage": "Construction",
        "ea1": " ",
        "ea2": "Gauteng South"
      }
    },
    {
      "attributes": {
        "owner": "Dark Fibre Africa",
        "stage": "Construction",
        "ea1": " ",
        "ea2": "Gauteng South"
      }
    },
    {
      "attributes": {
        "owner": "Dark Fibre Africa",
        "stage": "Construction",
        "ea1": " ",
        "ea2": "Gauteng South"
      }
    },
    {
      "attributes": {
        "owner": "Dark Fibre Africa",
        "stage": "Construction",
        "ea1": " ",
        "ea2": "Gauteng South"
      }
    },
    {
      "attributes": {
        "owner": "Dark Fibre Africa",
        "stage": "Construction",
        "ea1": " AS00574GH022803",
        "ea2": "Gauteng South"
      }
    },
    {
      "attributes": {
        "owner": "Dark Fibre Africa",
        "stage": "Construction",
        "ea1": " ",
        "ea2": "Gauteng South"
      }
    },
    {
      "attributes": {
        "owner": "Dark Fibre Africa",
        "stage": "Construction",
        "ea1": " ",
        "ea2": "Gauteng South"
      }
    },
    {
      "attributes": {
        "owner": "Dark Fibre Africa",
        "stage": "Construction",
        "ea1": " ",
        "ea2": "Gauteng South"
      }
    },
    {
      "attributes": {
        "owner": "Dark Fibre Africa",
        "stage": "Construction",
        "ea1": " ",
        "ea2": "Gauteng South"
      }
    },
    {
      "attributes": {
        "owner": "Dark Fibre Africa",
        "stage": "Construction",
        "ea1": " ",
        "ea2": "Gauteng South"
      }
    },
    {
      "attributes": {
        "owner": "Dark Fibre Africa",
        "stage": "Construction",
        "ea1": " ",
        "ea2": "Gauteng South"
      }
    },
    {
      "attributes": {
        "owner": "Dark Fibre Africa",
        "stage": "Construction",
        "ea1": " ",
        "ea2": "Gauteng South"
      }
    },
    {
      "attributes": {
        "owner": "Dark Fibre Africa",
        "stage": "Construction",
        "ea1": " ",
        "ea2": "Gauteng South"
      }
    },
    {
      "attributes": {
        "owner": "Dark Fibre Africa",
        "stage": "Construction",
        "ea1": " ",
        "ea2": "Gauteng South"
      }
    },
    {
      "attributes": {
        "owner": "Dark Fibre Africa",
        "stage": "Construction",
        "ea1": " ",
        "ea2": "Gauteng South"
      }
    },
    {
      "attributes": {
        "owner": "Dark Fibre Africa",
        "stage": "Construction",
        "ea1": " ",
        "ea2": "Gauteng South"
      }
    },
    {
      "attributes": {
        "owner": "Dark Fibre Africa",
        "stage": "Construction",
        "ea1": " ",
        "ea2": "Gauteng South"
      }
    },
    {
      "attributes": {
        "owner": "Dark Fibre Africa",
        "stage": "Construction",
        "ea1": " ",
        "ea2": "Gauteng South"
      }
    },
    {
      "attributes": {
        "owner": "Dark Fibre Africa",
        "stage": "Construction",
        "ea1": " ",
        "ea2": "Gauteng South"
      }
    },
    {
      "attributes": {
        "owner": "Dark Fibre Africa",
        "stage": "Construction",
        "ea1": "none",
        "ea2": "Gauteng South"
      }
    },
    {
      "attributes": {
        "owner": "Dark Fibre Africa",
        "stage": "Construction",
        "ea1": "none",
        "ea2": "Gauteng South"
      }
    },
    {
      "attributes": {
        "owner": "Dark Fibre Africa",
        "stage": "Construction",
        "ea1": "none",
        "ea2": "Gauteng South"
      }
    },
    {
      "attributes": {
        "owner": "Dark Fibre Africa",
        "stage": "Construction",
        "ea1": "none",
        "ea2": "Gauteng South"
      }
    },
    {
      "attributes": {
        "owner": "Dark Fibre Africa",
        "stage": "Construction",
        "ea1": "none",
        "ea2": "Gauteng South"
      }
    },
    {
      "attributes": {
        "owner": "Dark Fibre Africa",
        "stage": "Construction",
        "ea1": "none",
        "ea2": "Gauteng South"
      }
    },
    {
      "attributes": {
        "owner": "Dark Fibre Africa",
        "stage": "Construction",
        "ea1": "none",
        "ea2": "Gauteng South"
      }
    },
    {
      "attributes": {
        "owner": "Dark Fibre Africa",
        "stage": "Construction",
        "ea1": "none",
        "ea2": "Gauteng South"
      }
    },
    {
      "attributes": {
        "owner": "Dark Fibre Africa",
        "stage": "Construction",
        "ea1": "none",
        "ea2": "Gauteng South"
      }
    },
    {
      "attributes": {
        "owner": "Dark Fibre Africa",
        "stage": "Construction",
        "ea1": "none",
        "ea2": "Gauteng South"
      }
    },
    {
      "attributes": {
        "owner": "Dark Fibre Africa",
        "stage": "Construction",
        "ea1": "none",
        "ea2": "Gauteng South"
      }
    },
    {
      "attributes": {
        "owner": "Dark Fibre Africa",
        "stage": "Construction",
        "ea1": "none",
        "ea2": "Gauteng South"
      }
    },
    {
      "attributes": {
        "owner": "Dark Fibre Africa",
        "stage": "Construction",
        "ea1": "none",
        "ea2": "Gauteng South"
      }
    },
    {
      "attributes": {
        "owner": "Dark Fibre Africa",
        "stage": "Construction",
        "ea1": "none",
        "ea2": "Gauteng South"
      }
    },
    {
      "attributes": {
        "owner": "Dark Fibre Africa",
        "stage": "Construction",
        "ea1": "none",
        "ea2": "Gauteng South"
      }
    },
    {
      "attributes": {
        "owner": "Dark Fibre Africa",
        "stage": "Construction",
        "ea1": "none",
        "ea2": "Gauteng South"
      }
    },
    {
      "attributes": {
        "owner": "Dark Fibre Africa",
        "stage": "Construction",
        "ea1": "none",
        "ea2": "Gauteng South"
      }
    },
    {
      "attributes": {
        "owner": "Dark Fibre Africa",
        "stage": "Construction",
        "ea1": "K20P01",
        "ea2": "Kwa-Zulu Natal"
      }
    },
    {
      "attributes": {
        "owner": "Dark Fibre Africa",
        "stage": "Construction",
        "ea1": "none",
        "ea2": "Gauteng South"
      }
    },
    {
      "attributes": {
        "owner": "Dark Fibre Africa",
        "stage": "Construction",
        "ea1": "none",
        "ea2": "Gauteng South"
      }
    },
    {
      "attributes": {
        "owner": "Dark Fibre Africa",
        "stage": "Construction",
        "ea1": "none",
        "ea2": "Gauteng South"
      }
    },
    {
      "attributes": {
        "owner": "Dark Fibre Africa",
        "stage": "Construction",
        "ea1": "none",
        "ea2": "Gauteng South"
      }
    },
    {
      "attributes": {
        "owner": "Dark Fibre Africa",
        "stage": "Construction",
        "ea1": "none",
        "ea2": "Gauteng South"
      }
    },
    {
      "attributes": {
        "owner": "Dark Fibre Africa",
        "stage": "Construction",
        "ea1": "none",
        "ea2": "Gauteng South"
      }
    },
    {
      "attributes": {
        "owner": "Dark Fibre Africa",
        "stage": "Construction",
        "ea1": "AS680GH001071",
        "ea2": "Gauteng South"
      }
    },
    {
      "attributes": {
        "owner": "Dark Fibre Africa",
        "stage": "Construction",
        "ea1": "AS00647GH000672",
        "ea2": "Gauteng South"
      }
    },
    {
      "attributes": {
        "owner": "Dark Fibre Africa",
        "stage": "Construction",
        "ea1": "AS00647GH000672",
        "ea2": "Gauteng South"
      }
    },
    {
      "attributes": {
        "owner": "Dark Fibre Africa",
        "stage": "Construction",
        "ea1": "none",
        "ea2": "Gauteng South"
      }
    },
    {
      "attributes": {
        "owner": "Dark Fibre Africa",
        "stage": "Construction",
        "ea1": "none",
        "ea2": "Gauteng South"
      }
    },
    {
      "attributes": {
        "owner": "Dark Fibre Africa",
        "stage": "Construction",
        "ea1": "none",
        "ea2": "Gauteng South"
      }
    },
    {
      "attributes": {
        "owner": "Dark Fibre Africa",
        "stage": "Construction",
        "ea1": "none",
        "ea2": "Northern Region"
      }
    },
    {
      "attributes": {
        "owner": "Dark Fibre Africa",
        "stage": "Construction",
        "ea1": "none",
        "ea2": "Northern Region"
      }
    },
    {
      "attributes": {
        "owner": "Dark Fibre Africa",
        "stage": "Construction",
        "ea1": "none",
        "ea2": "Gauteng South"
      }
    },
    {
      "attributes": {
        "owner": "Dark Fibre Africa",
        "stage": "Construction",
        "ea1": "AS00676GH004189",
        "ea2": "Gauteng South"
      }
    },
    {
      "attributes": {
        "owner": "Dark Fibre Africa",
        "stage": "Construction",
        "ea1": "none",
        "ea2": "Gauteng South"
      }
    },
    {
      "attributes": {
        "owner": "Dark Fibre Africa",
        "stage": "Construction",
        "ea1": "none",
        "ea2": "Gauteng South"
      }
    },
    {
      "attributes": {
        "owner": "Dark Fibre Africa",
        "stage": "Construction",
        "ea1": "none",
        "ea2": "Gauteng South"
      }
    },
    {
      "attributes": {
        "owner": "Dark Fibre Africa",
        "stage": "Construction",
        "ea1": "none",
        "ea2": "Gauteng South"
      }
    },
    {
      "attributes": {
        "owner": "Dark Fibre Africa",
        "stage": "Construction",
        "ea1": "none",
        "ea2": "Gauteng South"
      }
    },
    {
      "attributes": {
        "owner": "Dark Fibre Africa",
        "stage": "Construction",
        "ea1": "none",
        "ea2": "Gauteng South"
      }
    },
    {
      "attributes": {
        "owner": "Dark Fibre Africa",
        "stage": "Construction",
        "ea1": "none",
        "ea2": "Gauteng South"
      }
    },
    {
      "attributes": {
        "owner": "Dark Fibre Africa",
        "stage": "Construction",
        "ea1": "none",
        "ea2": "Gauteng South"
      }
    },
    {
      "attributes": {
        "owner": "Dark Fibre Africa",
        "stage": "Construction",
        "ea1": "none",
        "ea2": "Gauteng South"
      }
    },
    {
      "attributes": {
        "owner": "Dark Fibre Africa",
        "stage": "Construction",
        "ea1": "none",
        "ea2": "Gauteng South"
      }
    },
    {
      "attributes": {
        "owner": "Dark Fibre Africa",
        "stage": "Construction",
        "ea1": "none",
        "ea2": "Gauteng South"
      }
    },
    {
      "attributes": {
        "owner": "Dark Fibre Africa",
        "stage": "Construction",
        "ea1": "none",
        "ea2": "Gauteng South"
      }
    },
    {
      "attributes": {
        "owner": "Dark Fibre Africa",
        "stage": "Construction",
        "ea1": "none",
        "ea2": "Gauteng South"
      }
    },
    {
      "attributes": {
        "owner": "Dark Fibre Africa",
        "stage": "Construction",
        "ea1": "none",
        "ea2": "Gauteng South"
      }
    },
    {
      "attributes": {
        "owner": "Dark Fibre Africa",
        "stage": "Construction",
        "ea1": "none",
        "ea2": "Gauteng South"
      }
    },
    {
      "attributes": {
        "owner": "Dark Fibre Africa",
        "stage": "Construction",
        "ea1": "none",
        "ea2": "Gauteng South"
      }
    },
    {
      "attributes": {
        "owner": "Dark Fibre Africa",
        "stage": "Construction",
        "ea1": "none",
        "ea2": "Gauteng South"
      }
    },
    {
      "attributes": {
        "owner": "Dark Fibre Africa",
        "stage": "Construction",
        "ea1": "AS00768GH000899",
        "ea2": "Gauteng South"
      }
    },
    {
      "attributes": {
        "owner": "Dark Fibre Africa",
        "stage": "Construction",
        "ea1": "AS00768GH000899",
        "ea2": "Gauteng South"
      }
    },
    {
      "attributes": {
        "owner": "Dark Fibre Africa",
        "stage": "Construction",
        "ea1": "none",
        "ea2": "Gauteng South"
      }
    },
    {
      "attributes": {
        "owner": "Dark Fibre Africa",
        "stage": "Construction",
        "ea1": "none",
        "ea2": "Gauteng South"
      }
    },
    {
      "attributes": {
        "owner": "Dark Fibre Africa",
        "stage": "Construction",
        "ea1": "AS00771GH000890",
        "ea2": "Gauteng South"
      }
    },
    {
      "attributes": {
        "owner": "Dark Fibre Africa",
        "stage": "Construction",
        "ea1": "none",
        "ea2": "Gauteng South"
      }
    },
    {
      "attributes": {
        "owner": "Dark Fibre Africa",
        "stage": "Construction",
        "ea1": "none",
        "ea2": "Gauteng South"
      }
    },
    {
      "attributes": {
        "owner": "Dark Fibre Africa",
        "stage": "Construction",
        "ea1": "none",
        "ea2": "Gauteng South"
      }
    },
    {
      "attributes": {
        "owner": "Dark Fibre Africa",
        "stage": "Construction",
        "ea1": "none",
        "ea2": "Gauteng South"
      }
    },
    {
      "attributes": {
        "owner": "Dark Fibre Africa",
        "stage": "Construction",
        "ea1": "none",
        "ea2": "None"
      }
    },
    {
      "attributes": {
        "owner": "Dark Fibre Africa",
        "stage": "Construction",
        "ea1": "none",
        "ea2": "None"
      }
    },
    {
      "attributes": {
        "owner": "Dark Fibre Africa",
        "stage": "Construction",
        "ea1": "none",
        "ea2": "Gauteng South"
      }
    },
    {
      "attributes": {
        "owner": "Dark Fibre Africa",
        "stage": "Construction",
        "ea1": "none",
        "ea2": "Gauteng South"
      }
    },
    {
      "attributes": {
        "owner": "Dark Fibre Africa",
        "stage": "Construction",
        "ea1": "none",
        "ea2": "Gauteng South"
      }
    },
    {
      "attributes": {
        "owner": "Dark Fibre Africa",
        "stage": "Construction",
        "ea1": "none",
        "ea2": "Gauteng South"
      }
    },
    {
      "attributes": {
        "owner": "Dark Fibre Africa",
        "stage": "Construction",
        "ea1": "none",
        "ea2": "Gauteng South"
      }
    },
    {
      "attributes": {
        "owner": "Dark Fibre Africa",
        "stage": "Construction",
        "ea1": "none",
        "ea2": "Gauteng South"
      }
    },
    {
      "attributes": {
        "owner": "Dark Fibre Africa",
        "stage": "Construction",
        "ea1": "none",
        "ea2": "Gauteng South"
      }
    },
    {
      "attributes": {
        "owner": "Dark Fibre Africa",
        "stage": "Construction",
        "ea1": "none",
        "ea2": "Gauteng South"
      }
    },
    {
      "attributes": {
        "owner": "Dark Fibre Africa",
        "stage": "Construction",
        "ea1": "none",
        "ea2": "Gauteng South"
      }
    },
    {
      "attributes": {
        "owner": "Dark Fibre Africa",
        "stage": "Construction",
        "ea1": "none",
        "ea2": "Gauteng South"
      }
    },
    {
      "attributes": {
        "owner": "Dark Fibre Africa",
        "stage": "Construction",
        "ea1": "none",
        "ea2": "Gauteng South"
      }
    },
    {
      "attributes": {
        "owner": "Dark Fibre Africa",
        "stage": "Construction",
        "ea1": "none",
        "ea2": "Gauteng South"
      }
    },
    {
      "attributes": {
        "owner": "Dark Fibre Africa",
        "stage": "Construction",
        "ea1": "none",
        "ea2": "Gauteng South"
      }
    },
    {
      "attributes": {
        "owner": "Dark Fibre Africa",
        "stage": "Construction",
        "ea1": "none",
        "ea2": "Gauteng South"
      }
    },
    {
      "attributes": {
        "owner": "Dark Fibre Africa",
        "stage": "Construction",
        "ea1": "none",
        "ea2": "Gauteng South"
      }
    },
    {
      "attributes": {
        "owner": "Dark Fibre Africa",
        "stage": "Construction",
        "ea1": "none",
        "ea2": "Gauteng South"
      }
    },
    {
      "attributes": {
        "owner": "Dark Fibre Africa",
        "stage": "Construction",
        "ea1": "AS00810GH060716",
        "ea2": "Gauteng South"
      }
    },
    {
      "attributes": {
        "owner": "Dark Fibre Africa",
        "stage": "Construction",
        "ea1": "none",
        "ea2": "Gauteng South"
      }
    },
    {
      "attributes": {
        "owner": "Dark Fibre Africa",
        "stage": "Construction",
        "ea1": "none",
        "ea2": "Gauteng South"
      }
    },
    {
      "attributes": {
        "owner": "Dark Fibre Africa",
        "stage": "Construction",
        "ea1": "none",
        "ea2": "Gauteng South"
      }
    },
    {
      "attributes": {
        "owner": "Dark Fibre Africa",
        "stage": "Construction",
        "ea1": "none",
        "ea2": "Gauteng South"
      }
    },
    {
      "attributes": {
        "owner": "Dark Fibre Africa",
        "stage": "Construction",
        "ea1": "none",
        "ea2": "Gauteng South"
      }
    },
    {
      "attributes": {
        "owner": "Dark Fibre Africa",
        "stage": "Construction",
        "ea1": "none",
        "ea2": "Gauteng South"
      }
    },
    {
      "attributes": {
        "owner": "Dark Fibre Africa",
        "stage": "Construction",
        "ea1": "none",
        "ea2": "Gauteng South"
      }
    },
    {
      "attributes": {
        "owner": "Dark Fibre Africa",
        "stage": "Construction",
        "ea1": "none",
        "ea2": "Gauteng South"
      }
    },
    {
      "attributes": {
        "owner": "Dark Fibre Africa",
        "stage": "Construction",
        "ea1": "none",
        "ea2": "Gauteng South"
      }
    },
    {
      "attributes": {
        "owner": "Dark Fibre Africa",
        "stage": "Construction",
        "ea1": "none",
        "ea2": "Gauteng South"
      }
    },
    {
      "attributes": {
        "owner": "Dark Fibre Africa",
        "stage": "Construction",
        "ea1": "none",
        "ea2": "Gauteng South"
      }
    },
    {
      "attributes": {
        "owner": "Dark Fibre Africa",
        "stage": "Construction",
        "ea1": "none",
        "ea2": "Gauteng South"
      }
    },
    {
      "attributes": {
        "owner": "Dark Fibre Africa",
        "stage": "Construction",
        "ea1": "none",
        "ea2": "Gauteng South"
      }
    },
    {
      "attributes": {
        "owner": "Dark Fibre Africa",
        "stage": "Construction",
        "ea1": "none",
        "ea2": "Gauteng South"
      }
    },
    {
      "attributes": {
        "owner": "Dark Fibre Africa",
        "stage": "Construction",
        "ea1": "none",
        "ea2": "Gauteng South"
      }
    },
    {
      "attributes": {
        "owner": "Dark Fibre Africa",
        "stage": "Construction",
        "ea1": "none",
        "ea2": "Gauteng South"
      }
    },
    {
      "attributes": {
        "owner": "Dark Fibre Africa",
        "stage": "Construction",
        "ea1": "AS00860GH004008",
        "ea2": "Gauteng South"
      }
    },
    {
      "attributes": {
        "owner": "Dark Fibre Africa",
        "stage": "Construction",
        "ea1": "AS00860GH004008",
        "ea2": "Gauteng South"
      }
    },
    {
      "attributes": {
        "owner": "Dark Fibre Africa",
        "stage": "Construction",
        "ea1": "AS00860GH004008",
        "ea2": "Gauteng South"
      }
    },
    {
      "attributes": {
        "owner": "Dark Fibre Africa",
        "stage": "Construction",
        "ea1": "none",
        "ea2": "Gauteng South"
      }
    },
    {
      "attributes": {
        "owner": "Dark Fibre Africa",
        "stage": "Construction",
        "ea1": "none",
        "ea2": "Gauteng South"
      }
    },
    {
      "attributes": {
        "owner": "Dark Fibre Africa",
        "stage": "Construction",
        "ea1": "none",
        "ea2": "Gauteng South"
      }
    },
    {
      "attributes": {
        "owner": "Dark Fibre Africa",
        "stage": "Construction",
        "ea1": "none",
        "ea2": "Gauteng South"
      }
    },
    {
      "attributes": {
        "owner": "Dark Fibre Africa",
        "stage": "Construction",
        "ea1": "none",
        "ea2": "Gauteng South"
      }
    },
    {
      "attributes": {
        "owner": "Dark Fibre Africa",
        "stage": "Construction",
        "ea1": "none",
        "ea2": "Gauteng South"
      }
    },
    {
      "attributes": {
        "owner": "Dark Fibre Africa",
        "stage": "Construction",
        "ea1": "none",
        "ea2": "Gauteng South"
      }
    },
    {
      "attributes": {
        "owner": "Dark Fibre Africa",
        "stage": "Construction",
        "ea1": "none",
        "ea2": "Gauteng South"
      }
    },
    {
      "attributes": {
        "owner": "Dark Fibre Africa",
        "stage": "Construction",
        "ea1": "none",
        "ea2": "Gauteng South"
      }
    },
    {
      "attributes": {
        "owner": "Dark Fibre Africa",
        "stage": "Construction",
        "ea1": "none",
        "ea2": "Gauteng South"
      }
    },
    {
      "attributes": {
        "owner": "Dark Fibre Africa",
        "stage": "Construction",
        "ea1": "none",
        "ea2": "Gauteng South"
      }
    },
    {
      "attributes": {
        "owner": "Dark Fibre Africa",
        "stage": "Construction",
        "ea1": "none",
        "ea2": "Gauteng South"
      }
    },
    {
      "attributes": {
        "owner": "Dark Fibre Africa",
        "stage": "Construction",
        "ea1": "none",
        "ea2": "Gauteng South"
      }
    },
    {
      "attributes": {
        "owner": "Dark Fibre Africa",
        "stage": "Construction",
        "ea1": "none",
        "ea2": "Gauteng South"
      }
    },
    {
      "attributes": {
        "owner": "Dark Fibre Africa",
        "stage": "Construction",
        "ea1": "none",
        "ea2": "Northern Region"
      }
    },
    {
      "attributes": {
        "owner": "Dark Fibre Africa",
        "stage": "Construction",
        "ea1": "none",
        "ea2": "Northern Region"
      }
    },
    {
      "attributes": {
        "owner": "Dark Fibre Africa",
        "stage": "Construction",
        "ea1": "none",
        "ea2": "Northern Region"
      }
    },
    {
      "attributes": {
        "owner": "Dark Fibre Africa",
        "stage": "Construction",
        "ea1": "none",
        "ea2": "Northern Region"
      }
    },
    {
      "attributes": {
        "owner": "Dark Fibre Africa",
        "stage": "Construction",
        "ea1": "none",
        "ea2": "Northern Region"
      }
    },
    {
      "attributes": {
        "owner": "Dark Fibre Africa",
        "stage": "Construction",
        "ea1": "none",
        "ea2": "Northern Region"
      }
    },
    {
      "attributes": {
        "owner": "Dark Fibre Africa",
        "stage": "Construction",
        "ea1": "none",
        "ea2": "Northern Region"
      }
    },
    {
      "attributes": {
        "owner": "Dark Fibre Africa",
        "stage": "Construction",
        "ea1": "none",
        "ea2": "Northern Region"
      }
    },
    {
      "attributes": {
        "owner": "Dark Fibre Africa",
        "stage": "Construction",
        "ea1": "none",
        "ea2": "Northern Region"
      }
    },
    {
      "attributes": {
        "owner": "Dark Fibre Africa",
        "stage": "Construction",
        "ea1": "none",
        "ea2": "Northern Region"
      }
    },
    {
      "attributes": {
        "owner": "Dark Fibre Africa",
        "stage": "Construction",
        "ea1": "none",
        "ea2": "Northern Region"
      }
    },
    {
      "attributes": {
        "owner": "Dark Fibre Africa",
        "stage": "Construction",
        "ea1": "none",
        "ea2": "Northern Region"
      }
    },
    {
      "attributes": {
        "owner": "Dark Fibre Africa",
        "stage": "Construction",
        "ea1": "none",
        "ea2": "Northern Region"
      }
    },
    {
      "attributes": {
        "owner": "Dark Fibre Africa",
        "stage": "Construction",
        "ea1": "none",
        "ea2": "Northern Region"
      }
    },
    {
      "attributes": {
        "owner": "Dark Fibre Africa",
        "stage": "Construction",
        "ea1": "none",
        "ea2": "Northern Region"
      }
    },
    {
      "attributes": {
        "owner": "Dark Fibre Africa",
        "stage": "Construction",
        "ea1": "none",
        "ea2": "Northern Region"
      }
    },
    {
      "attributes": {
        "owner": "Dark Fibre Africa",
        "stage": "Construction",
        "ea1": "none",
        "ea2": "Kwa-Zulu Natal"
      }
    },
    {
      "attributes": {
        "owner": "Dark Fibre Africa",
        "stage": "Construction",
        "ea1": "AS01294CH020457",
        "ea2": "Western Region"
      }
    },
    {
      "attributes": {
        "owner": "Dark Fibre Africa",
        "stage": "Construction",
        "ea1": "none",
        "ea2": "Western Region"
      }
    },
    {
      "attributes": {
        "owner": "Dark Fibre Africa",
        "stage": "Construction",
        "ea1": "none",
        "ea2": "Kwa-Zulu Natal"
      }
    },
    {
      "attributes": {
        "owner": "Dark Fibre Africa",
        "stage": "Construction",
        "ea1": "K01P07",
        "ea2": "Kwa-Zulu Natal"
      }
    },
    {
      "attributes": {
        "owner": "Dark Fibre Africa",
        "stage": "Construction",
        "ea1": "K01P07",
        "ea2": "Kwa-Zulu Natal"
      }
    },
    {
      "attributes": {
        "owner": "Dark Fibre Africa",
        "stage": "Construction",
        "ea1": "none",
        "ea2": "Gauteng South"
      }
    },
    {
      "attributes": {
        "owner": "Dark Fibre Africa",
        "stage": "Construction",
        "ea1": "K30P08",
        "ea2": "Kwa-Zulu Natal"
      }
    },
    {
      "attributes": {
        "owner": "Dark Fibre Africa",
        "stage": "Construction",
        "ea1": "K30P07",
        "ea2": "Kwa-Zulu Natal"
      }
    },
    {
      "attributes": {
        "owner": "Dark Fibre Africa",
        "stage": "Construction",
        "ea1": "K20P03",
        "ea2": "Kwa-Zulu Natal"
      }
    },
    {
      "attributes": {
        "owner": "Dark Fibre Africa",
        "stage": "Construction",
        "ea1": "none",
        "ea2": "Western Region"
      }
    },
    {
      "attributes": {
        "owner": "Dark Fibre Africa",
        "stage": "Construction",
        "ea1": "none",
        "ea2": "Gauteng South"
      }
    },
    {
      "attributes": {
        "owner": "Dark Fibre Africa",
        "stage": "Construction",
        "ea1": "none",
        "ea2": "Western Region"
      }
    },
    {
      "attributes": {
        "owner": "Dark Fibre Africa",
        "stage": "Construction",
        "ea1": "none",
        "ea2": "Western Region"
      }
    },
    {
      "attributes": {
        "owner": "Dark Fibre Africa",
        "stage": "Construction",
        "ea1": "none",
        "ea2": "Western Region"
      }
    },
    {
      "attributes": {
        "owner": "Dark Fibre Africa",
        "stage": "Construction",
        "ea1": "none",
        "ea2": "Western Region"
      }
    },
    {
      "attributes": {
        "owner": "Dark Fibre Africa",
        "stage": "Construction",
        "ea1": "none",
        "ea2": "Western Region"
      }
    },
    {
      "attributes": {
        "owner": "Dark Fibre Africa",
        "stage": "Construction",
        "ea1": "none",
        "ea2": "Western Region"
      }
    },
    {
      "attributes": {
        "owner": "Dark Fibre Africa",
        "stage": "Construction",
        "ea1": "none",
        "ea2": "Gauteng South"
      }
    },
    {
      "attributes": {
        "owner": "Dark Fibre Africa",
        "stage": "Construction",
        "ea1": "none",
        "ea2": "Western Region"
      }
    },
    {
      "attributes": {
        "owner": "Dark Fibre Africa",
        "stage": "Construction",
        "ea1": "none",
        "ea2": "Western Region"
      }
    },
    {
      "attributes": {
        "owner": "Dark Fibre Africa",
        "stage": "Construction",
        "ea1": "none",
        "ea2": "Western Region"
      }
    },
    {
      "attributes": {
        "owner": "Dark Fibre Africa",
        "stage": "Construction",
        "ea1": "none",
        "ea2": "Western Region"
      }
    },
    {
      "attributes": {
        "owner": "Dark Fibre Africa",
        "stage": "Construction",
        "ea1": "none",
        "ea2": "Western Region"
      }
    },
    {
      "attributes": {
        "owner": "Dark Fibre Africa",
        "stage": "Construction",
        "ea1": "none",
        "ea2": "Western Region"
      }
    },
    {
      "attributes": {
        "owner": "Dark Fibre Africa",
        "stage": "Construction",
        "ea1": "none",
        "ea2": "Western Region"
      }
    },
    {
      "attributes": {
        "owner": "Dark Fibre Africa",
        "stage": "Construction",
        "ea1": "none",
        "ea2": "Western Region"
      }
    },
    {
      "attributes": {
        "owner": "Dark Fibre Africa",
        "stage": "Construction",
        "ea1": "none",
        "ea2": "Gauteng South"
      }
    },
    {
      "attributes": {
        "owner": "Dark Fibre Africa",
        "stage": "Construction",
        "ea1": "none",
        "ea2": "Western Region"
      }
    },
    {
      "attributes": {
        "owner": "Dark Fibre Africa",
        "stage": "Construction",
        "ea1": "none",
        "ea2": "Western Region"
      }
    },
    {
      "attributes": {
        "owner": "Dark Fibre Africa",
        "stage": "Construction",
        "ea1": "none",
        "ea2": "Western Region"
      }
    },
    {
      "attributes": {
        "owner": "Dark Fibre Africa",
        "stage": "Construction",
        "ea1": "none",
        "ea2": "Western Region"
      }
    },
    {
      "attributes": {
        "owner": "Dark Fibre Africa",
        "stage": "Construction",
        "ea1": "none",
        "ea2": "Gauteng South"
      }
    },
    {
      "attributes": {
        "owner": "Dark Fibre Africa",
        "stage": "Construction",
        "ea1": "none",
        "ea2": "Gauteng South"
      }
    },
    {
      "attributes": {
        "owner": "Dark Fibre Africa",
        "stage": "Construction",
        "ea1": "none",
        "ea2": "Gauteng South"
      }
    },
    {
      "attributes": {
        "owner": "Dark Fibre Africa",
        "stage": "Construction",
        "ea1": "none",
        "ea2": "Gauteng South"
      }
    },
    {
      "attributes": {
        "owner": "Dark Fibre Africa",
        "stage": "Construction",
        "ea1": "none",
        "ea2": "Western Region"
      }
    },
    {
      "attributes": {
        "owner": "Dark Fibre Africa",
        "stage": "Construction",
        "ea1": "AS01250GH00014a",
        "ea2": "Gauteng South"
      }
    },
    {
      "attributes": {
        "owner": "Dark Fibre Africa",
        "stage": "Construction",
        "ea1": "AS01250GH00014b",
        "ea2": "Gauteng South"
      }
    },
    {
      "attributes": {
        "owner": "Dark Fibre Africa",
        "stage": "Construction",
        "ea1": "none",
        "ea2": "Western Region"
      }
    },
    {
      "attributes": {
        "owner": "Dark Fibre Africa",
        "stage": "Construction",
        "ea1": "none",
        "ea2": "Gauteng South"
      }
    },
    {
      "attributes": {
        "owner": "Dark Fibre Africa",
        "stage": "Construction",
        "ea1": "none",
        "ea2": "None"
      }
    },
    {
      "attributes": {
        "owner": "Dark Fibre Africa",
        "stage": "Construction",
        "ea1": "none",
        "ea2": "None"
      }
    },
    {
      "attributes": {
        "owner": "Dark Fibre Africa",
        "stage": "Construction",
        "ea1": "none",
        "ea2": "Gauteng South"
      }
    },
    {
      "attributes": {
        "owner": "Dark Fibre Africa",
        "stage": "Construction",
        "ea1": "none",
        "ea2": "Gauteng South"
      }
    },
    {
      "attributes": {
        "owner": "Dark Fibre Africa",
        "stage": "Construction",
        "ea1": "none",
        "ea2": "Gauteng South"
      }
    },
    {
      "attributes": {
        "owner": "Dark Fibre Africa",
        "stage": "Construction",
        "ea1": "none",
        "ea2": "Gauteng South"
      }
    },
    {
      "attributes": {
        "owner": "Dark Fibre Africa",
        "stage": "Construction",
        "ea1": "none",
        "ea2": "Gauteng South"
      }
    },
    {
      "attributes": {
        "owner": "Dark Fibre Africa",
        "stage": "Construction",
        "ea1": "none",
        "ea2": "Gauteng South"
      }
    },
    {
      "attributes": {
        "owner": "Dark Fibre Africa",
        "stage": "Construction",
        "ea1": "none",
        "ea2": "Gauteng South"
      }
    },
    {
      "attributes": {
        "owner": "Dark Fibre Africa",
        "stage": "Construction",
        "ea1": "AS01255GH000884 ",
        "ea2": "Gauteng South"
      }
    },
    {
      "attributes": {
        "owner": "Dark Fibre Africa",
        "stage": "Construction",
        "ea1": "none",
        "ea2": "Gauteng South"
      }
    },
    {
      "attributes": {
        "owner": "Dark Fibre Africa",
        "stage": "Construction",
        "ea1": "none",
        "ea2": "Gauteng South"
      }
    },
    {
      "attributes": {
        "owner": "Dark Fibre Africa",
        "stage": "Construction",
        "ea1": "none",
        "ea2": "Gauteng South"
      }
    },
    {
      "attributes": {
        "owner": "Dark Fibre Africa",
        "stage": "Construction",
        "ea1": "none",
        "ea2": "Northern Region"
      }
    },
    {
      "attributes": {
        "owner": "Dark Fibre Africa",
        "stage": "Construction",
        "ea1": "none",
        "ea2": "Gauteng South"
      }
    },
    {
      "attributes": {
        "owner": "Dark Fibre Africa",
        "stage": "Construction",
        "ea1": "none",
        "ea2": "Gauteng South"
      }
    },
    {
      "attributes": {
        "owner": "Dark Fibre Africa",
        "stage": "Construction",
        "ea1": "none",
        "ea2": "Gauteng South"
      }
    },
    {
      "attributes": {
        "owner": "Dark Fibre Africa",
        "stage": "Construction",
        "ea1": "none",
        "ea2": "Gauteng South"
      }
    },
    {
      "attributes": {
        "owner": "Dark Fibre Africa",
        "stage": "Construction",
        "ea1": "none",
        "ea2": "Gauteng South"
      }
    },
    {
      "attributes": {
        "owner": "Dark Fibre Africa",
        "stage": "Construction",
        "ea1": "none",
        "ea2": "Gauteng South"
      }
    },
    {
      "attributes": {
        "owner": "Dark Fibre Africa",
        "stage": "Construction",
        "ea1": "none",
        "ea2": "Gauteng South"
      }
    },
    {
      "attributes": {
        "owner": "Dark Fibre Africa",
        "stage": "Construction",
        "ea1": "none",
        "ea2": "Gauteng South"
      }
    },
    {
      "attributes": {
        "owner": "Dark Fibre Africa",
        "stage": "Construction",
        "ea1": "none",
        "ea2": "Gauteng South"
      }
    },
    {
      "attributes": {
        "owner": "Dark Fibre Africa",
        "stage": "Construction",
        "ea1": "none",
        "ea2": "Gauteng South"
      }
    },
    {
      "attributes": {
        "owner": "Dark Fibre Africa",
        "stage": "Construction",
        "ea1": "none",
        "ea2": "Gauteng South"
      }
    },
    {
      "attributes": {
        "owner": "Dark Fibre Africa",
        "stage": "Construction",
        "ea1": "none",
        "ea2": "Western Region"
      }
    },
    {
      "attributes": {
        "owner": "Dark Fibre Africa",
        "stage": "Construction",
        "ea1": "none",
        "ea2": "Western Region"
      }
    },
    {
      "attributes": {
        "owner": "Dark Fibre Africa",
        "stage": "Construction",
        "ea1": "none",
        "ea2": "Western Region"
      }
    },
    {
      "attributes": {
        "owner": "Dark Fibre Africa",
        "stage": "Construction",
        "ea1": "none",
        "ea2": "Western Region"
      }
    },
    {
      "attributes": {
        "owner": "Dark Fibre Africa",
        "stage": "Construction",
        "ea1": "W01P06",
        "ea2": "Western Region"
      }
    },
    {
      "attributes": {
        "owner": "Dark Fibre Africa",
        "stage": "Construction",
        "ea1": "none",
        "ea2": "Gauteng South"
      }
    },
    {
      "attributes": {
        "owner": "Dark Fibre Africa",
        "stage": "Construction",
        "ea1": "AS4301GH001596",
        "ea2": "Gauteng South"
      }
    },
    {
      "attributes": {
        "owner": "Dark Fibre Africa",
        "stage": "Construction",
        "ea1": "AS04301GH001596",
        "ea2": "Gauteng South"
      }
    },
    {
      "attributes": {
        "owner": "Dark Fibre Africa",
        "stage": "Construction",
        "ea1": "none",
        "ea2": "Western Region"
      }
    },
    {
      "attributes": {
        "owner": "Dark Fibre Africa",
        "stage": "Construction",
        "ea1": "none",
        "ea2": "Western Region"
      }
    },
    {
      "attributes": {
        "owner": "Dark Fibre Africa",
        "stage": "Construction",
        "ea1": "none",
        "ea2": "Western Region"
      }
    },
    {
      "attributes": {
        "owner": "Dark Fibre Africa",
        "stage": "Construction",
        "ea1": "none",
        "ea2": "Western Region"
      }
    },
    {
      "attributes": {
        "owner": "Dark Fibre Africa",
        "stage": "Construction",
        "ea1": "none",
        "ea2": "Western Region"
      }
    },
    {
      "attributes": {
        "owner": "Dark Fibre Africa",
        "stage": "Construction",
        "ea1": "none",
        "ea2": "Western Region"
      }
    },
    {
      "attributes": {
        "owner": "Dark Fibre Africa",
        "stage": "Construction",
        "ea1": "none",
        "ea2": "Western Region"
      }
    },
    {
      "attributes": {
        "owner": "Dark Fibre Africa",
        "stage": "Construction",
        "ea1": "none",
        "ea2": "Western Region"
      }
    },
    {
      "attributes": {
        "owner": "Dark Fibre Africa",
        "stage": "Construction",
        "ea1": "none",
        "ea2": "Northern Region"
      }
    },
    {
      "attributes": {
        "owner": "Dark Fibre Africa",
        "stage": "Construction",
        "ea1": "none",
        "ea2": "Northern Region"
      }
    },
    {
      "attributes": {
        "owner": "Dark Fibre Africa",
        "stage": "Construction",
        "ea1": "none",
        "ea2": "Gauteng South"
      }
    },
    {
      "attributes": {
        "owner": "Dark Fibre Africa",
        "stage": "Construction",
        "ea1": "none",
        "ea2": "Gauteng South"
      }
    },
    {
      "attributes": {
        "owner": "Dark Fibre Africa",
        "stage": "Construction",
        "ea1": "none",
        "ea2": "Gauteng South"
      }
    },
    {
      "attributes": {
        "owner": "Dark Fibre Africa",
        "stage": "Construction",
        "ea1": "none",
        "ea2": "Gauteng South"
      }
    },
    {
      "attributes": {
        "owner": "Dark Fibre Africa",
        "stage": "Construction",
        "ea1": "none",
        "ea2": "Gauteng South"
      }
    },
    {
      "attributes": {
        "owner": "Dark Fibre Africa",
        "stage": "Construction",
        "ea1": "none",
        "ea2": "Gauteng South"
      }
    },
    {
      "attributes": {
        "owner": "Dark Fibre Africa",
        "stage": "Construction",
        "ea1": "none",
        "ea2": "Gauteng South"
      }
    },
    {
      "attributes": {
        "owner": "Dark Fibre Africa",
        "stage": "Construction",
        "ea1": "none",
        "ea2": "Gauteng South"
      }
    },
    {
      "attributes": {
        "owner": "Dark Fibre Africa",
        "stage": "Construction",
        "ea1": "none",
        "ea2": "Gauteng South"
      }
    },
    {
      "attributes": {
        "owner": "Dark Fibre Africa",
        "stage": "Construction",
        "ea1": "AS01359GH001073",
        "ea2": "Gauteng South"
      }
    },
    {
      "attributes": {
        "owner": "Dark Fibre Africa",
        "stage": "Construction",
        "ea1": "K01P04",
        "ea2": "Kwa-Zulu Natal"
      }
    },
    {
      "attributes": {
        "owner": "Dark Fibre Africa",
        "stage": "Construction",
        "ea1": "none",
        "ea2": "Western Region"
      }
    },
    {
      "attributes": {
        "owner": "Dark Fibre Africa",
        "stage": "Construction",
        "ea1": "none",
        "ea2": "Western Region"
      }
    },
    {
      "attributes": {
        "owner": "Dark Fibre Africa",
        "stage": "Construction",
        "ea1": "none",
        "ea2": "Northern Region"
      }
    },
    {
      "attributes": {
        "owner": "Dark Fibre Africa",
        "stage": "Construction",
        "ea1": "NB20P34",
        "ea2": "Northern Region"
      }
    },
    {
      "attributes": {
        "owner": "Dark Fibre Africa",
        "stage": "Construction",
        "ea1": "R21 Office Park",
        "ea2": "Northern Region"
      }
    },
    {
      "attributes": {
        "owner": "Dark Fibre Africa",
        "stage": "Construction",
        "ea1": "NB20P34",
        "ea2": "Northern Region"
      }
    },
    {
      "attributes": {
        "owner": "Dark Fibre Africa",
        "stage": "Construction",
        "ea1": "R21 Office Park",
        "ea2": "Northern Region"
      }
    },
    {
      "attributes": {
        "owner": "Dark Fibre Africa",
        "stage": "Construction",
        "ea1": "NB20P34",
        "ea2": "Northern Region"
      }
    },
    {
      "attributes": {
        "owner": "Dark Fibre Africa",
        "stage": "Construction",
        "ea1": "NB20P34",
        "ea2": "Northern Region"
      }
    },
    {
      "attributes": {
        "owner": "Dark Fibre Africa",
        "stage": "Construction",
        "ea1": "R21 Office Park",
        "ea2": "Northern Region"
      }
    },
    {
      "attributes": {
        "owner": "Dark Fibre Africa",
        "stage": "Construction",
        "ea1": "NB20P34",
        "ea2": "Northern Region"
      }
    },
    {
      "attributes": {
        "owner": "Dark Fibre Africa",
        "stage": "Construction",
        "ea1": "R21 Office Park",
        "ea2": "Northern Region"
      }
    },
    {
      "attributes": {
        "owner": "Dark Fibre Africa",
        "stage": "Construction",
        "ea1": "R21 Office Park",
        "ea2": "Northern Region"
      }
    },
    {
      "attributes": {
        "owner": "Dark Fibre Africa",
        "stage": "Construction",
        "ea1": "NB20P34",
        "ea2": "Northern Region"
      }
    },
    {
      "attributes": {
        "owner": "Dark Fibre Africa",
        "stage": "Construction",
        "ea1": "R21 Office Park",
        "ea2": "Northern Region"
      }
    },
    {
      "attributes": {
        "owner": "Dark Fibre Africa",
        "stage": "Construction",
        "ea1": "NB20P34",
        "ea2": "Northern Region"
      }
    },
    {
      "attributes": {
        "owner": "Dark Fibre Africa",
        "stage": "Construction",
        "ea1": "NB20P34",
        "ea2": "Northern Region"
      }
    },
    {
      "attributes": {
        "owner": "Dark Fibre Africa",
        "stage": "Construction",
        "ea1": "G30P26",
        "ea2": "Gauteng South"
      }
    },
    {
      "attributes": {
        "owner": "Dark Fibre Africa",
        "stage": "Construction",
        "ea1": " ",
        "ea2": "Northern Region"
      }
    },
    {
      "attributes": {
        "owner": "Dark Fibre Africa",
        "stage": "Construction",
        "ea1": "none",
        "ea2": "Gauteng South"
      }
    },
    {
      "attributes": {
        "owner": "Dark Fibre Africa",
        "stage": "Construction",
        "ea1": "AS000693GH003729",
        "ea2": "Gauteng South"
      }
    },
    {
      "attributes": {
        "owner": "Dark Fibre Africa",
        "stage": "Construction",
        "ea1": "AS00693GH003729",
        "ea2": "Gauteng South"
      }
    },
    {
      "attributes": {
        "owner": "Dark Fibre Africa",
        "stage": "Construction",
        "ea1": "none",
        "ea2": "Gauteng South"
      }
    },
    {
      "attributes": {
        "owner": "Dark Fibre Africa",
        "stage": "Construction",
        "ea1": "W50P19",
        "ea2": "Western Region"
      }
    },
    {
      "attributes": {
        "owner": "Dark Fibre Africa",
        "stage": "Construction",
        "ea1": "NB50P32",
        "ea2": "Northern Region"
      }
    },
    {
      "attributes": {
        "owner": "Dark Fibre Africa",
        "stage": "Construction",
        "ea1": "G50P27",
        "ea2": "Gauteng South"
      }
    },
    {
      "attributes": {
        "owner": "Dark Fibre Africa",
        "stage": "Construction",
        "ea1": "G50P27",
        "ea2": "Gauteng South"
      }
    },
    {
      "attributes": {
        "owner": "Dark Fibre Africa",
        "stage": "Construction",
        "ea1": "G50P27",
        "ea2": "Gauteng South"
      }
    },
    {
      "attributes": {
        "owner": "Dark Fibre Africa",
        "stage": "Construction",
        "ea1": "G50P27",
        "ea2": "Gauteng South"
      }
    },
    {
      "attributes": {
        "owner": "Dark Fibre Africa",
        "stage": "Construction",
        "ea1": "G50P27",
        "ea2": "Gauteng South"
      }
    },
    {
      "attributes": {
        "owner": "Dark Fibre Africa",
        "stage": "Construction",
        "ea1": "G50P27",
        "ea2": "Gauteng South"
      }
    },
    {
      "attributes": {
        "owner": "Dark Fibre Africa",
        "stage": "Construction",
        "ea1": "G50P27",
        "ea2": "Gauteng South"
      }
    },
    {
      "attributes": {
        "owner": "Dark Fibre Africa",
        "stage": "Construction",
        "ea1": "none",
        "ea2": "Gauteng South"
      }
    },
    {
      "attributes": {
        "owner": "Dark Fibre Africa",
        "stage": "Construction",
        "ea1": "none",
        "ea2": "Gauteng South"
      }
    },
    {
      "attributes": {
        "owner": "Dark Fibre Africa",
        "stage": "Construction",
        "ea1": "NB5P1LH (A)",
        "ea2": "Northern Region"
      }
    },
    {
      "attributes": {
        "owner": "Dark Fibre Africa",
        "stage": "Construction",
        "ea1": "MTN Constantia Park",
        "ea2": "Mphumalanga"
      }
    },
    {
      "attributes": {
        "owner": "Dark Fibre Africa",
        "stage": "Construction",
        "ea1": "AS01705WH282125",
        "ea2": "Western Region"
      }
    },
    {
      "attributes": {
        "owner": "Dark Fibre Africa",
        "stage": "Construction",
        "ea1": "none",
        "ea2": "Western Region"
      }
    },
    {
      "attributes": {
        "owner": "Dark Fibre Africa",
        "stage": "Construction",
        "ea1": "none",
        "ea2": "Western Region"
      }
    },
    {
      "attributes": {
        "owner": "Dark Fibre Africa",
        "stage": "Construction",
        "ea1": "none",
        "ea2": "Western Region"
      }
    },
    {
      "attributes": {
        "owner": "Dark Fibre Africa",
        "stage": "Construction",
        "ea1": "none",
        "ea2": "Western Region"
      }
    },
    {
      "attributes": {
        "owner": "Dark Fibre Africa",
        "stage": "Construction",
        "ea1": "G51P81",
        "ea2": "Gauteng South"
      }
    },
    {
      "attributes": {
        "owner": "Dark Fibre Africa",
        "stage": "Construction",
        "ea1": "G51P81",
        "ea2": "Gauteng South"
      }
    },
    {
      "attributes": {
        "owner": "Dark Fibre Africa",
        "stage": "Construction",
        "ea1": "none",
        "ea2": "Gauteng South"
      }
    },
    {
      "attributes": {
        "owner": "Dark Fibre Africa",
        "stage": "Construction",
        "ea1": "none",
        "ea2": "Northern Region"
      }
    },
    {
      "attributes": {
        "owner": "Dark Fibre Africa",
        "stage": "Construction",
        "ea1": "NB50P18",
        "ea2": "Northern Region"
      }
    },
    {
      "attributes": {
        "owner": "Dark Fibre Africa",
        "stage": "Construction",
        "ea1": "G50P44",
        "ea2": "Gauteng South"
      }
    },
    {
      "attributes": {
        "owner": "Dark Fibre Africa",
        "stage": "Construction",
        "ea1": "none",
        "ea2": "Gauteng South"
      }
    },
    {
      "attributes": {
        "owner": "Dark Fibre Africa",
        "stage": "Construction",
        "ea1": "none",
        "ea2": "Northern Region"
      }
    },
    {
      "attributes": {
        "owner": "Dark Fibre Africa",
        "stage": "Construction",
        "ea1": "none",
        "ea2": "None"
      }
    },
    {
      "attributes": {
        "owner": "Dark Fibre Africa",
        "stage": "Construction",
        "ea1": "none",
        "ea2": "Gauteng South"
      }
    },
    {
      "attributes": {
        "owner": "Dark Fibre Africa",
        "stage": "Construction",
        "ea1": "none",
        "ea2": "Western Region"
      }
    },
    {
      "attributes": {
        "owner": "Dark Fibre Africa",
        "stage": "Construction",
        "ea1": "none",
        "ea2": "Gauteng South"
      }
    },
    {
      "attributes": {
        "owner": "Dark Fibre Africa",
        "stage": "Construction",
        "ea1": "none",
        "ea2": "Northern Region"
      }
    },
    {
      "attributes": {
        "owner": "Dark Fibre Africa",
        "stage": "Construction",
        "ea1": "none",
        "ea2": "Gauteng South"
      }
    },
    {
      "attributes": {
        "owner": "Dark Fibre Africa",
        "stage": "Construction",
        "ea1": "none",
        "ea2": "Gauteng South"
      }
    },
    {
      "attributes": {
        "owner": "Dark Fibre Africa",
        "stage": "Construction",
        "ea1": "none",
        "ea2": "Gauteng South"
      }
    },
    {
      "attributes": {
        "owner": "Dark Fibre Africa",
        "stage": "Construction",
        "ea1": "none",
        "ea2": "Gauteng South"
      }
    },
    {
      "attributes": {
        "owner": "Dark Fibre Africa",
        "stage": "Construction",
        "ea1": "AS01399GH001494",
        "ea2": "Gauteng South"
      }
    },
    {
      "attributes": {
        "owner": "Dark Fibre Africa",
        "stage": "Construction",
        "ea1": "none",
        "ea2": "Gauteng South"
      }
    },
    {
      "attributes": {
        "owner": "Dark Fibre Africa",
        "stage": "Construction",
        "ea1": "none",
        "ea2": "Gauteng South"
      }
    },
    {
      "attributes": {
        "owner": "Dark Fibre Africa",
        "stage": "Construction",
        "ea1": "none",
        "ea2": "Gauteng South"
      }
    },
    {
      "attributes": {
        "owner": "Dark Fibre Africa",
        "stage": "Construction",
        "ea1": "none",
        "ea2": "Gauteng South"
      }
    },
    {
      "attributes": {
        "owner": "Dark Fibre Africa",
        "stage": "Construction",
        "ea1": "VS01854WH282332",
        "ea2": "Western Region"
      }
    },
    {
      "attributes": {
        "owner": "Dark Fibre Africa",
        "stage": "Construction",
        "ea1": "none",
        "ea2": "Gauteng South"
      }
    },
    {
      "attributes": {
        "owner": "Dark Fibre Africa",
        "stage": "Construction",
        "ea1": "G51P58",
        "ea2": "Gauteng South"
      }
    },
    {
      "attributes": {
        "owner": "Dark Fibre Africa",
        "stage": "Construction",
        "ea1": "K20P01",
        "ea2": "Kwa-Zulu Natal"
      }
    },
    {
      "attributes": {
        "owner": "Dark Fibre Africa",
        "stage": "Construction",
        "ea1": "G50P99",
        "ea2": "Gauteng South"
      }
    },
    {
      "attributes": {
        "owner": "Dark Fibre Africa",
        "stage": "Construction",
        "ea1": "K02P08",
        "ea2": "Kwa-Zulu Natal"
      }
    },
    {
      "attributes": {
        "owner": "Dark Fibre Africa",
        "stage": "Construction",
        "ea1": "K02P06",
        "ea2": "Kwa-Zulu Natal"
      }
    },
    {
      "attributes": {
        "owner": "Dark Fibre Africa",
        "stage": "Construction",
        "ea1": "NB05P02",
        "ea2": "Northern Region"
      }
    },
    {
      "attributes": {
        "owner": "Dark Fibre Africa",
        "stage": "Construction",
        "ea1": "G30P30",
        "ea2": "Gauteng South"
      }
    },
    {
      "attributes": {
        "owner": "Dark Fibre Africa",
        "stage": "Construction",
        "ea1": "G30P30",
        "ea2": "Gauteng South"
      }
    },
    {
      "attributes": {
        "owner": "Dark Fibre Africa",
        "stage": "Construction",
        "ea1": "G30P30",
        "ea2": "Gauteng South"
      }
    },
    {
      "attributes": {
        "owner": "Dark Fibre Africa",
        "stage": "Construction",
        "ea1": "G30P30",
        "ea2": "Gauteng South"
      }
    },
    {
      "attributes": {
        "owner": "Dark Fibre Africa",
        "stage": "Construction",
        "ea1": "G30P30",
        "ea2": "Gauteng South"
      }
    },
    {
      "attributes": {
        "owner": "Dark Fibre Africa",
        "stage": "Construction",
        "ea1": "none",
        "ea2": "None"
      }
    },
    {
      "attributes": {
        "owner": "Dark Fibre Africa",
        "stage": "Construction",
        "ea1": "none",
        "ea2": "Western Region"
      }
    },
    {
      "attributes": {
        "owner": "Dark Fibre Africa",
        "stage": "Construction",
        "ea1": "none",
        "ea2": "Western Region"
      }
    },
    {
      "attributes": {
        "owner": "Dark Fibre Africa",
        "stage": "Construction",
        "ea1": "AS00047WH020524",
        "ea2": "Western Region"
      }
    },
    {
      "attributes": {
        "owner": "Dark Fibre Africa",
        "stage": "Construction",
        "ea1": "none",
        "ea2": "Northern Region"
      }
    },
    {
      "attributes": {
        "owner": "Dark Fibre Africa",
        "stage": "Construction",
        "ea1": "none",
        "ea2": "Gauteng South"
      }
    },
    {
      "attributes": {
        "owner": "Dark Fibre Africa",
        "stage": "Construction",
        "ea1": "NB50P40",
        "ea2": "Northern Region"
      }
    },
    {
      "attributes": {
        "owner": "Dark Fibre Africa",
        "stage": "Construction",
        "ea1": "G30P52",
        "ea2": "Gauteng South"
      }
    },
    {
      "attributes": {
        "owner": "Dark Fibre Africa",
        "stage": "Construction",
        "ea1": "G30P52",
        "ea2": "Gauteng South"
      }
    },
    {
      "attributes": {
        "owner": "Dark Fibre Africa",
        "stage": "Construction",
        "ea1": "VS01770CH020667",
        "ea2": "Western Region"
      }
    },
    {
      "attributes": {
        "owner": "Dark Fibre Africa",
        "stage": "Construction",
        "ea1": "none",
        "ea2": "Western Region"
      }
    },
    {
      "attributes": {
        "owner": "Dark Fibre Africa",
        "stage": "Construction",
        "ea1": "AS02928GH003630",
        "ea2": "Gauteng South"
      }
    },
    {
      "attributes": {
        "owner": "Dark Fibre Africa",
        "stage": "Construction",
        "ea1": "none",
        "ea2": "Northern Region"
      }
    },
    {
      "attributes": {
        "owner": "Dark Fibre Africa",
        "stage": "Construction",
        "ea1": "none",
        "ea2": "Gauteng South"
      }
    },
    {
      "attributes": {
        "owner": "Dark Fibre Africa",
        "stage": "Construction",
        "ea1": "none",
        "ea2": "Northern Region"
      }
    },
    {
      "attributes": {
        "owner": "Dark Fibre Africa",
        "stage": "Construction",
        "ea1": "none",
        "ea2": "Western Region"
      }
    },
    {
      "attributes": {
        "owner": "Dark Fibre Africa",
        "stage": "Construction",
        "ea1": "none",
        "ea2": "Western Region"
      }
    },
    {
      "attributes": {
        "owner": "Dark Fibre Africa",
        "stage": "Construction",
        "ea1": "none",
        "ea2": "Western Region"
      }
    },
    {
      "attributes": {
        "owner": "Dark Fibre Africa",
        "stage": "Construction",
        "ea1": "none",
        "ea2": "Western Region"
      }
    },
    {
      "attributes": {
        "owner": "Dark Fibre Africa",
        "stage": "Construction",
        "ea1": "none",
        "ea2": "Western Region"
      }
    },
    {
      "attributes": {
        "owner": "Dark Fibre Africa",
        "stage": "Construction",
        "ea1": "none",
        "ea2": "Kwa-Zulu Natal"
      }
    },
    {
      "attributes": {
        "owner": "Dark Fibre Africa",
        "stage": "Construction",
        "ea1": "K50P34",
        "ea2": "Kwa-Zulu Natal"
      }
    },
    {
      "attributes": {
        "owner": "Dark Fibre Africa",
        "stage": "Construction",
        "ea1": "AS13091WH002071 ",
        "ea2": "Western Region"
      }
    },
    {
      "attributes": {
        "owner": "Dark Fibre Africa",
        "stage": "Construction",
        "ea1": "none",
        "ea2": "Western Region"
      }
    },
    {
      "attributes": {
        "owner": "Dark Fibre Africa",
        "stage": "Construction",
        "ea1": "none",
        "ea2": "Gauteng South"
      }
    },
    {
      "attributes": {
        "owner": "Dark Fibre Africa",
        "stage": "Construction",
        "ea1": "none",
        "ea2": "Gauteng South"
      }
    },
    {
      "attributes": {
        "owner": "Dark Fibre Africa",
        "stage": "Construction",
        "ea1": "none",
        "ea2": "Gauteng South"
      }
    },
    {
      "attributes": {
        "owner": "Dark Fibre Africa",
        "stage": "Construction",
        "ea1": "none",
        "ea2": "Gauteng South"
      }
    },
    {
      "attributes": {
        "owner": "Dark Fibre Africa",
        "stage": "Construction",
        "ea1": "none",
        "ea2": "Gauteng South"
      }
    },
    {
      "attributes": {
        "owner": "Dark Fibre Africa",
        "stage": "Construction",
        "ea1": "none",
        "ea2": "Gauteng South"
      }
    },
    {
      "attributes": {
        "owner": "Dark Fibre Africa",
        "stage": "Construction",
        "ea1": "none",
        "ea2": "Gauteng South"
      }
    },
    {
      "attributes": {
        "owner": "Dark Fibre Africa",
        "stage": "Construction",
        "ea1": "none",
        "ea2": "Gauteng South"
      }
    },
    {
      "attributes": {
        "owner": "Dark Fibre Africa",
        "stage": "Construction",
        "ea1": "VS02882GH000107 ",
        "ea2": "Gauteng South"
      }
    },
    {
      "attributes": {
        "owner": "Dark Fibre Africa",
        "stage": "Construction",
        "ea1": "none",
        "ea2": "Western Region"
      }
    },
    {
      "attributes": {
        "owner": "Dark Fibre Africa",
        "stage": "Construction",
        "ea1": "none",
        "ea2": "Gauteng South"
      }
    },
    {
      "attributes": {
        "owner": "Dark Fibre Africa",
        "stage": "Construction",
        "ea1": "none",
        "ea2": "Western Region"
      }
    },
    {
      "attributes": {
        "owner": "Dark Fibre Africa",
        "stage": "Construction",
        "ea1": "none",
        "ea2": "Western Region"
      }
    },
    {
      "attributes": {
        "owner": "Dark Fibre Africa",
        "stage": "Construction",
        "ea1": "none",
        "ea2": "Gauteng South"
      }
    },
    {
      "attributes": {
        "owner": "Dark Fibre Africa",
        "stage": "Construction",
        "ea1": "NB50P07",
        "ea2": "Northern Region"
      }
    },
    {
      "attributes": {
        "owner": "Dark Fibre Africa",
        "stage": "Construction",
        "ea1": "NB50P07",
        "ea2": "Northern Region"
      }
    },
    {
      "attributes": {
        "owner": "Dark Fibre Africa",
        "stage": "Construction",
        "ea1": "K50P25",
        "ea2": "Kwa-Zulu Natal"
      }
    },
    {
      "attributes": {
        "owner": "Dark Fibre Africa",
        "stage": "Construction",
        "ea1": "G20P08",
        "ea2": "Gauteng South"
      }
    },
    {
      "attributes": {
        "owner": "Dark Fibre Africa",
        "stage": "Construction",
        "ea1": "G51P59",
        "ea2": "Gauteng South"
      }
    },
    {
      "attributes": {
        "owner": "Dark Fibre Africa",
        "stage": "Construction",
        "ea1": "NB50P49",
        "ea2": "Northern Region"
      }
    },
    {
      "attributes": {
        "owner": "Dark Fibre Africa",
        "stage": "Construction",
        "ea1": "NB20P30",
        "ea2": "Northern Region"
      }
    },
    {
      "attributes": {
        "owner": "Dark Fibre Africa",
        "stage": "Construction",
        "ea1": "NB20P25",
        "ea2": "Northern Region"
      }
    },
    {
      "attributes": {
        "owner": "Dark Fibre Africa",
        "stage": "Construction",
        "ea1": "G51P61",
        "ea2": "Gauteng South"
      }
    },
    {
      "attributes": {
        "owner": "Dark Fibre Africa",
        "stage": "Construction",
        "ea1": "none",
        "ea2": "None"
      }
    },
    {
      "attributes": {
        "owner": "Dark Fibre Africa",
        "stage": "Construction",
        "ea1": "VDC Snowflake Entry",
        "ea2": "Western Region"
      }
    },
    {
      "attributes": {
        "owner": "Dark Fibre Africa",
        "stage": "Construction",
        "ea1": "none",
        "ea2": "None"
      }
    },
    {
      "attributes": {
        "owner": "Dark Fibre Africa",
        "stage": "Construction",
        "ea1": "none",
        "ea2": "None"
      }
    },
    {
      "attributes": {
        "owner": "Dark Fibre Africa",
        "stage": "Construction",
        "ea1": "NB01P05",
        "ea2": "Northern Region"
      }
    },
    {
      "attributes": {
        "owner": "Dark Fibre Africa",
        "stage": "Construction",
        "ea1": "none",
        "ea2": "Gauteng South"
      }
    },
    {
      "attributes": {
        "owner": "Dark Fibre Africa",
        "stage": "Construction",
        "ea1": "none",
        "ea2": "Gauteng South"
      }
    },
    {
      "attributes": {
        "owner": "Dark Fibre Africa",
        "stage": "Construction",
        "ea1": "G51P22",
        "ea2": "Gauteng South"
      }
    },
    {
      "attributes": {
        "owner": "Dark Fibre Africa",
        "stage": "Construction",
        "ea1": "G52P02",
        "ea2": "Gauteng South"
      }
    },
    {
      "attributes": {
        "owner": "Dark Fibre Africa",
        "stage": "Construction",
        "ea1": "G51P94",
        "ea2": "Gauteng South"
      }
    },
    {
      "attributes": {
        "owner": "Dark Fibre Africa",
        "stage": "Construction",
        "ea1": "G51P83",
        "ea2": "Gauteng South"
      }
    },
    {
      "attributes": {
        "owner": "Dark Fibre Africa",
        "stage": "Construction",
        "ea1": "G51P83",
        "ea2": "Gauteng South"
      }
    },
    {
      "attributes": {
        "owner": "Dark Fibre Africa",
        "stage": "Construction",
        "ea1": "G51P83",
        "ea2": "Gauteng South"
      }
    },
    {
      "attributes": {
        "owner": "Dark Fibre Africa",
        "stage": "Construction",
        "ea1": "G51P83",
        "ea2": "Gauteng South"
      }
    },
    {
      "attributes": {
        "owner": "Dark Fibre Africa",
        "stage": "Construction",
        "ea1": "G51P83",
        "ea2": "Gauteng South"
      }
    },
    {
      "attributes": {
        "owner": "Dark Fibre Africa",
        "stage": "Construction",
        "ea1": "G51P83",
        "ea2": "Gauteng South"
      }
    },
    {
      "attributes": {
        "owner": "Dark Fibre Africa",
        "stage": "Construction",
        "ea1": "K02P10",
        "ea2": "Kwa-Zulu Natal"
      }
    },
    {
      "attributes": {
        "owner": "Dark Fibre Africa",
        "stage": "Construction",
        "ea1": "G51P73",
        "ea2": "Gauteng South"
      }
    },
    {
      "attributes": {
        "owner": "Dark Fibre Africa",
        "stage": "Construction",
        "ea1": "VS3563MP301034",
        "ea2": "Mphumalanga"
      }
    },
    {
      "attributes": {
        "owner": "Dark Fibre Africa",
        "stage": "Construction",
        "ea1": "G20P43",
        "ea2": "Gauteng South"
      }
    },
    {
      "attributes": {
        "owner": "Dark Fibre Africa",
        "stage": "Construction",
        "ea1": "G20P43",
        "ea2": "Gauteng South"
      }
    },
    {
      "attributes": {
        "owner": "Dark Fibre Africa",
        "stage": "Construction",
        "ea1": "G20P43",
        "ea2": "Gauteng South"
      }
    },
    {
      "attributes": {
        "owner": "Dark Fibre Africa",
        "stage": "Construction",
        "ea1": "G20P43",
        "ea2": "Gauteng South"
      }
    },
    {
      "attributes": {
        "owner": "Dark Fibre Africa",
        "stage": "Construction",
        "ea1": "M02P05",
        "ea2": "Mphumalanga"
      }
    },
    {
      "attributes": {
        "owner": "Dark Fibre Africa",
        "stage": "Construction",
        "ea1": "G51P02",
        "ea2": "Gauteng South"
      }
    },
    {
      "attributes": {
        "owner": "Dark Fibre Africa",
        "stage": "Construction",
        "ea1": "G51P83",
        "ea2": "Gauteng South"
      }
    },
    {
      "attributes": {
        "owner": "Dark Fibre Africa",
        "stage": "Construction",
        "ea1": "G51P03",
        "ea2": "Gauteng South"
      }
    },
    {
      "attributes": {
        "owner": "Dark Fibre Africa",
        "stage": "Construction",
        "ea1": "K50P25",
        "ea2": "Kwa-Zulu Natal"
      }
    },
    {
      "attributes": {
        "owner": "Dark Fibre Africa",
        "stage": "Construction",
        "ea1": " ",
        "ea2": "Gauteng South"
      }
    },
    {
      "attributes": {
        "owner": "Dark Fibre Africa",
        "stage": "Construction",
        "ea1": "none",
        "ea2": "Mphumalanga"
      }
    },
    {
      "attributes": {
        "owner": "Dark Fibre Africa",
        "stage": "Construction",
        "ea1": "none",
        "ea2": "Mphumalanga"
      }
    },
    {
      "attributes": {
        "owner": "Dark Fibre Africa",
        "stage": "Construction",
        "ea1": "none",
        "ea2": "Mphumalanga"
      }
    },
    {
      "attributes": {
        "owner": "Dark Fibre Africa",
        "stage": "Construction",
        "ea1": "none",
        "ea2": "Mphumalanga"
      }
    },
    {
      "attributes": {
        "owner": "Dark Fibre Africa",
        "stage": "Construction",
        "ea1": "none",
        "ea2": "Mphumalanga"
      }
    },
    {
      "attributes": {
        "owner": "Dark Fibre Africa",
        "stage": "Construction",
        "ea1": "none",
        "ea2": "Gauteng South"
      }
    },
    {
      "attributes": {
        "owner": "Dark Fibre Africa",
        "stage": "Construction",
        "ea1": "none",
        "ea2": "Kwa-Zulu Natal"
      }
    },
    {
      "attributes": {
        "owner": "Dark Fibre Africa",
        "stage": "Construction",
        "ea1": "K50P25",
        "ea2": "Kwa-Zulu Natal"
      }
    },
    {
      "attributes": {
        "owner": "Dark Fibre Africa",
        "stage": "Construction",
        "ea1": "G50P71",
        "ea2": "Gauteng South"
      }
    },
    {
      "attributes": {
        "owner": "Dark Fibre Africa",
        "stage": "Construction",
        "ea1": "G50P71",
        "ea2": "Gauteng South"
      }
    },
    {
      "attributes": {
        "owner": "Dark Fibre Africa",
        "stage": "Construction",
        "ea1": "G50P71",
        "ea2": "Gauteng South"
      }
    },
    {
      "attributes": {
        "owner": "Dark Fibre Africa",
        "stage": "Construction",
        "ea1": "G50P71",
        "ea2": "Gauteng South"
      }
    },
    {
      "attributes": {
        "owner": "Dark Fibre Africa",
        "stage": "Construction",
        "ea1": "G50P71",
        "ea2": "Gauteng South"
      }
    },
    {
      "attributes": {
        "owner": "Dark Fibre Africa",
        "stage": "Construction",
        "ea1": "G50P71",
        "ea2": "Gauteng South"
      }
    },
    {
      "attributes": {
        "owner": "Dark Fibre Africa",
        "stage": "Construction",
        "ea1": "G50P71",
        "ea2": "Gauteng South"
      }
    },
    {
      "attributes": {
        "owner": "Dark Fibre Africa",
        "stage": "Construction",
        "ea1": "G50P71",
        "ea2": "Gauteng South"
      }
    },
    {
      "attributes": {
        "owner": "Dark Fibre Africa",
        "stage": "Construction",
        "ea1": "G50P71",
        "ea2": "Gauteng South"
      }
    },
    {
      "attributes": {
        "owner": "Dark Fibre Africa",
        "stage": "Construction",
        "ea1": "G50P71",
        "ea2": "Gauteng South"
      }
    },
    {
      "attributes": {
        "owner": "Dark Fibre Africa",
        "stage": "Construction",
        "ea1": "G50P71",
        "ea2": "Gauteng South"
      }
    },
    {
      "attributes": {
        "owner": "Dark Fibre Africa",
        "stage": "Construction",
        "ea1": "none",
        "ea2": "Gauteng South"
      }
    },
    {
      "attributes": {
        "owner": "Dark Fibre Africa",
        "stage": "Construction",
        "ea1": "none",
        "ea2": "Northern Region"
      }
    },
    {
      "attributes": {
        "owner": "Dark Fibre Africa",
        "stage": "Construction",
        "ea1": "AS2618GH020378",
        "ea2": "Northern Region"
      }
    },
    {
      "attributes": {
        "owner": "Dark Fibre Africa",
        "stage": "Construction",
        "ea1": "M02P02",
        "ea2": "Mphumalanga"
      }
    },
    {
      "attributes": {
        "owner": "Dark Fibre Africa",
        "stage": "Construction",
        "ea1": "W20P12",
        "ea2": "Western Region"
      }
    },
    {
      "attributes": {
        "owner": "Dark Fibre Africa",
        "stage": "Construction",
        "ea1": "M02P05",
        "ea2": "Mphumalanga"
      }
    },
    {
      "attributes": {
        "owner": "Dark Fibre Africa",
        "stage": "Construction",
        "ea1": "none",
        "ea2": "Gauteng South"
      }
    },
    {
      "attributes": {
        "owner": "Dark Fibre Africa",
        "stage": "Construction",
        "ea1": "K20P01",
        "ea2": "Kwa-Zulu Natal"
      }
    },
    {
      "attributes": {
        "owner": "Dark Fibre Africa",
        "stage": "Construction",
        "ea1": "none",
        "ea2": "None"
      }
    },
    {
      "attributes": {
        "owner": "Dark Fibre Africa",
        "stage": "Construction",
        "ea1": "G52P06",
        "ea2": "Gauteng South"
      }
    },
    {
      "attributes": {
        "owner": "Dark Fibre Africa",
        "stage": "Construction",
        "ea1": "G52P06",
        "ea2": "Gauteng South"
      }
    },
    {
      "attributes": {
        "owner": "Dark Fibre Africa",
        "stage": "Construction",
        "ea1": "M01P02",
        "ea2": "Mphumalanga"
      }
    },
    {
      "attributes": {
        "owner": "Dark Fibre Africa",
        "stage": "Construction",
        "ea1": "none",
        "ea2": "Western Region"
      }
    },
    {
      "attributes": {
        "owner": "Dark Fibre Africa",
        "stage": "Construction",
        "ea1": "NB50P48",
        "ea2": "Northern Region"
      }
    },
    {
      "attributes": {
        "owner": "Dark Fibre Africa",
        "stage": "Construction",
        "ea1": "NB50P48",
        "ea2": "Northern Region"
      }
    },
    {
      "attributes": {
        "owner": "Dark Fibre Africa",
        "stage": "Construction",
        "ea1": "NB50P48",
        "ea2": "Northern Region"
      }
    },
    {
      "attributes": {
        "owner": "Dark Fibre Africa",
        "stage": "Construction",
        "ea1": "NB50P48",
        "ea2": "Northern Region"
      }
    },
    {
      "attributes": {
        "owner": "Dark Fibre Africa",
        "stage": "Construction",
        "ea1": "NB50P48",
        "ea2": "Northern Region"
      }
    },
    {
      "attributes": {
        "owner": "Dark Fibre Africa",
        "stage": "Construction",
        "ea1": "NB50P48",
        "ea2": "Northern Region"
      }
    },
    {
      "attributes": {
        "owner": "Dark Fibre Africa",
        "stage": "Construction",
        "ea1": "K01P01",
        "ea2": "Kwa-Zulu Natal"
      }
    },
    {
      "attributes": {
        "owner": "Dark Fibre Africa",
        "stage": "Construction",
        "ea1": "M01P06",
        "ea2": "Mphumalanga"
      }
    },
    {
      "attributes": {
        "owner": "DFA",
        "stage": "Construction",
        "ea1": "none",
        "ea2": "Eastern Region"
      }
    },
    {
      "attributes": {
        "owner": "Dark Fibre Africa",
        "stage": "Construction",
        "ea1": "G51P20",
        "ea2": "Gauteng South"
      }
    },
    {
      "attributes": {
        "owner": "Dark Fibre Africa",
        "stage": "Construction",
        "ea1": "G51P20",
        "ea2": "Gauteng South"
      }
    },
    {
      "attributes": {
        "owner": "Dark Fibre Africa",
        "stage": "Construction",
        "ea1": "G51P20",
        "ea2": "Gauteng South"
      }
    },
    {
      "attributes": {
        "owner": "Dark Fibre Africa",
        "stage": "Construction",
        "ea1": "G51P20",
        "ea2": "Gauteng South"
      }
    },
    {
      "attributes": {
        "owner": "Dark Fibre Africa",
        "stage": "Construction",
        "ea1": "G51P20",
        "ea2": "Gauteng South"
      }
    },
    {
      "attributes": {
        "owner": "Dark Fibre Africa",
        "stage": "Construction",
        "ea1": "G51P20",
        "ea2": "Gauteng South"
      }
    },
    {
      "attributes": {
        "owner": "Dark Fibre Africa",
        "stage": "Construction",
        "ea1": "G51P20",
        "ea2": "Gauteng South"
      }
    },
    {
      "attributes": {
        "owner": "Dark Fibre Africa",
        "stage": "Construction",
        "ea1": "G51P20",
        "ea2": "Gauteng South"
      }
    },
    {
      "attributes": {
        "owner": "Dark Fibre Africa",
        "stage": "Construction",
        "ea1": "G51P20",
        "ea2": "Gauteng South"
      }
    },
    {
      "attributes": {
        "owner": "Dark Fibre Africa",
        "stage": "Construction",
        "ea1": "G51P20",
        "ea2": "Gauteng South"
      }
    },
    {
      "attributes": {
        "owner": "Dark Fibre Africa",
        "stage": "Construction",
        "ea1": "G51P20",
        "ea2": "Gauteng South"
      }
    },
    {
      "attributes": {
        "owner": "Dark Fibre Africa",
        "stage": "Construction",
        "ea1": "G51P20",
        "ea2": "Gauteng South"
      }
    },
    {
      "attributes": {
        "owner": "Dark Fibre Africa",
        "stage": "Construction",
        "ea1": "G51P20",
        "ea2": "Gauteng South"
      }
    },
    {
      "attributes": {
        "owner": "Dark Fibre Africa",
        "stage": "Construction",
        "ea1": "G51P20",
        "ea2": "Gauteng South"
      }
    },
    {
      "attributes": {
        "owner": "Dark Fibre Africa",
        "stage": "Construction",
        "ea1": "G51P20",
        "ea2": "Gauteng South"
      }
    },
    {
      "attributes": {
        "owner": "Dark Fibre Africa",
        "stage": "Construction",
        "ea1": "G51P20",
        "ea2": "Gauteng South"
      }
    },
    {
      "attributes": {
        "owner": "Dark Fibre Africa",
        "stage": "Construction",
        "ea1": "G51P20",
        "ea2": "Gauteng South"
      }
    },
    {
      "attributes": {
        "owner": "Dark Fibre Africa",
        "stage": "Construction",
        "ea1": "G51P20",
        "ea2": "Gauteng South"
      }
    },
    {
      "attributes": {
        "owner": "Dark Fibre Africa",
        "stage": "Construction",
        "ea1": "G51P20",
        "ea2": "Gauteng South"
      }
    },
    {
      "attributes": {
        "owner": "Dark Fibre Africa",
        "stage": "Construction",
        "ea1": "G51P20",
        "ea2": "Gauteng South"
      }
    },
    {
      "attributes": {
        "owner": "Dark Fibre Africa",
        "stage": "Construction",
        "ea1": "G51P20",
        "ea2": "Gauteng South"
      }
    },
    {
      "attributes": {
        "owner": "Dark Fibre Africa",
        "stage": "Construction",
        "ea1": "G51P20",
        "ea2": "Gauteng South"
      }
    },
    {
      "attributes": {
        "owner": "Dark Fibre Africa",
        "stage": "Construction",
        "ea1": "G51P20",
        "ea2": "Gauteng South"
      }
    },
    {
      "attributes": {
        "owner": "Dark Fibre Africa",
        "stage": "Construction",
        "ea1": "G51P20",
        "ea2": "Gauteng South"
      }
    },
    {
      "attributes": {
        "owner": "Dark Fibre Africa",
        "stage": "Construction",
        "ea1": "G51P20",
        "ea2": "Gauteng South"
      }
    },
    {
      "attributes": {
        "owner": "Dark Fibre Africa",
        "stage": "Construction",
        "ea1": "none",
        "ea2": "Western Region"
      }
    },
    {
      "attributes": {
        "owner": "Dark Fibre Africa",
        "stage": "Construction",
        "ea1": "none",
        "ea2": "Western Region"
      }
    },
    {
      "attributes": {
        "owner": "Dark Fibre Africa",
        "stage": "Construction",
        "ea1": "G51P36",
        "ea2": "Gauteng South"
      }
    },
    {
      "attributes": {
        "owner": "Dark Fibre Africa",
        "stage": "Construction",
        "ea1": "G51P36",
        "ea2": "Gauteng South"
      }
    },
    {
      "attributes": {
        "owner": "Dark Fibre Africa",
        "stage": "Construction",
        "ea1": "M01P07",
        "ea2": "Mphumalanga"
      }
    },
    {
      "attributes": {
        "owner": "Dark Fibre Africa",
        "stage": "Construction",
        "ea1": " ",
        "ea2": "Northern Region"
      }
    },
    {
      "attributes": {
        "owner": "Dark Fibre Africa",
        "stage": "Construction",
        "ea1": "M01P11",
        "ea2": "Mphumalanga"
      }
    },
    {
      "attributes": {
        "owner": "Dark Fibre Africa",
        "stage": "Construction",
        "ea1": "none",
        "ea2": "Western Region"
      }
    },
    {
      "attributes": {
        "owner": "Dark Fibre Africa",
        "stage": "Construction",
        "ea1": "G52P58",
        "ea2": "Gauteng South"
      }
    },
    {
      "attributes": {
        "owner": "Dark Fibre Africa",
        "stage": "Construction",
        "ea1": " ",
        "ea2": "Gauteng South"
      }
    },
    {
      "attributes": {
        "owner": "Dark Fibre Africa",
        "stage": "Construction",
        "ea1": "W50P63",
        "ea2": "Western Region"
      }
    },
    {
      "attributes": {
        "owner": "Dark Fibre Africa",
        "stage": "Construction",
        "ea1": "W50P63",
        "ea2": "Western Region"
      }
    },
    {
      "attributes": {
        "owner": "Dark Fibre Africa",
        "stage": "Construction",
        "ea1": "W50P63",
        "ea2": "Western Region"
      }
    },
    {
      "attributes": {
        "owner": "Dark Fibre Africa",
        "stage": "Construction",
        "ea1": "G52P60",
        "ea2": "Gauteng South"
      }
    },
    {
      "attributes": {
        "owner": "Dark Fibre Africa",
        "stage": "Construction",
        "ea1": "G52P60",
        "ea2": "Gauteng South"
      }
    },
    {
      "attributes": {
        "owner": "Dark Fibre Africa",
        "stage": "Construction",
        "ea1": "G52P60",
        "ea2": "Gauteng South"
      }
    },
    {
      "attributes": {
        "owner": "Dark Fibre Africa",
        "stage": "Construction",
        "ea1": "G52P60",
        "ea2": "Gauteng South"
      }
    },
    {
      "attributes": {
        "owner": "Dark Fibre Africa",
        "stage": "Construction",
        "ea1": "none",
        "ea2": "Western Region"
      }
    },
    {
      "attributes": {
        "owner": "Dark Fibre Africa",
        "stage": "Construction",
        "ea1": "G51P25",
        "ea2": "Gauteng South"
      }
    },
    {
      "attributes": {
        "owner": "Dark Fibre Africa",
        "stage": "Construction",
        "ea1": "none",
        "ea2": "None"
      }
    },
    {
      "attributes": {
        "owner": "Dark Fibre Africa",
        "stage": "Construction",
        "ea1": "AS04675CH080179",
        "ea2": "Western Region"
      }
    },
    {
      "attributes": {
        "owner": "Dark Fibre Africa",
        "stage": "Construction",
        "ea1": "none",
        "ea2": "Western Region"
      }
    },
    {
      "attributes": {
        "owner": "Dark Fibre Africa",
        "stage": "Construction",
        "ea1": "K50P26",
        "ea2": "Kwa-Zulu Natal"
      }
    },
    {
      "attributes": {
        "owner": "Dark Fibre Africa",
        "stage": "Construction",
        "ea1": "NB50P17",
        "ea2": "Northern Region"
      }
    },
    {
      "attributes": {
        "owner": "Dark Fibre Africa",
        "stage": "Construction",
        "ea1": "VS04146GH060511",
        "ea2": "None"
      }
    },
    {
      "attributes": {
        "owner": "Dark Fibre Africa",
        "stage": "Construction",
        "ea1": "none",
        "ea2": "Gauteng South"
      }
    },
    {
      "attributes": {
        "owner": "Dark Fibre Africa",
        "stage": "Construction",
        "ea1": "none",
        "ea2": "Gauteng South"
      }
    },
    {
      "attributes": {
        "owner": "Dark Fibre Africa",
        "stage": "Construction",
        "ea1": "K50P01",
        "ea2": "Kwa-Zulu Natal"
      }
    },
    {
      "attributes": {
        "owner": "Dark Fibre Africa",
        "stage": "Construction",
        "ea1": "NB30P19",
        "ea2": "Northern Region"
      }
    },
    {
      "attributes": {
        "owner": "Dark Fibre Africa",
        "stage": "Construction",
        "ea1": "G50P27",
        "ea2": "Gauteng South"
      }
    },
    {
      "attributes": {
        "owner": "Dark Fibre Africa",
        "stage": "Construction",
        "ea1": "G50P27",
        "ea2": "Gauteng South"
      }
    },
    {
      "attributes": {
        "owner": "Dark Fibre Africa",
        "stage": "Construction",
        "ea1": "G50P27",
        "ea2": "Gauteng South"
      }
    },
    {
      "attributes": {
        "owner": "Dark Fibre Africa",
        "stage": "Construction",
        "ea1": "G50P27",
        "ea2": "Gauteng South"
      }
    },
    {
      "attributes": {
        "owner": "Dark Fibre Africa",
        "stage": "Construction",
        "ea1": "G50P27",
        "ea2": "Gauteng South"
      }
    },
    {
      "attributes": {
        "owner": "Dark Fibre Africa",
        "stage": "Construction",
        "ea1": "G50P27",
        "ea2": "Gauteng South"
      }
    },
    {
      "attributes": {
        "owner": "Dark Fibre Africa",
        "stage": "Construction",
        "ea1": "G50P27",
        "ea2": "Gauteng South"
      }
    },
    {
      "attributes": {
        "owner": "Dark Fibre Africa",
        "stage": "Construction",
        "ea1": "G50P27",
        "ea2": "Gauteng South"
      }
    },
    {
      "attributes": {
        "owner": "Dark Fibre Africa",
        "stage": "Construction",
        "ea1": "G50P27",
        "ea2": "Gauteng South"
      }
    },
    {
      "attributes": {
        "owner": "Dark Fibre Africa",
        "stage": "Construction",
        "ea1": "G50P27",
        "ea2": "Gauteng South"
      }
    },
    {
      "attributes": {
        "owner": "Dark Fibre Africa",
        "stage": "Construction",
        "ea1": "G50P27",
        "ea2": "Gauteng South"
      }
    },
    {
      "attributes": {
        "owner": "Dark Fibre Africa",
        "stage": "Construction",
        "ea1": "G50P27",
        "ea2": "Gauteng South"
      }
    },
    {
      "attributes": {
        "owner": "Dark Fibre Africa",
        "stage": "Construction",
        "ea1": "AS04156GH080592",
        "ea2": "None"
      }
    },
    {
      "attributes": {
        "owner": "Dark Fibre Africa",
        "stage": "Construction",
        "ea1": "K30P14",
        "ea2": "Kwa-Zulu Natal"
      }
    },
    {
      "attributes": {
        "owner": "Dark Fibre Africa",
        "stage": "Construction",
        "ea1": "none",
        "ea2": "None"
      }
    },
    {
      "attributes": {
        "owner": "Dark Fibre Africa",
        "stage": "Construction",
        "ea1": "K50P09",
        "ea2": "Kwa-Zulu Natal"
      }
    },
    {
      "attributes": {
        "owner": "Dark Fibre Africa",
        "stage": "Construction",
        "ea1": "K01P02",
        "ea2": "Kwa-Zulu Natal"
      }
    },
    {
      "attributes": {
        "owner": "Dark Fibre Africa",
        "stage": "Construction",
        "ea1": "none",
        "ea2": "Northern Region"
      }
    },
    {
      "attributes": {
        "owner": "Dark Fibre Africa",
        "stage": "Construction",
        "ea1": "VS02361GH170095",
        "ea2": "None"
      }
    },
    {
      "attributes": {
        "owner": "Dark Fibre Africa",
        "stage": "Construction",
        "ea1": "none",
        "ea2": "None"
      }
    },
    {
      "attributes": {
        "owner": "Dark Fibre Africa",
        "stage": "Construction",
        "ea1": "none",
        "ea2": "None"
      }
    },
    {
      "attributes": {
        "owner": "Dark Fibre Africa",
        "stage": "Construction",
        "ea1": "K50P78",
        "ea2": "Kwa-Zulu Natal"
      }
    },
    {
      "attributes": {
        "owner": "Dark Fibre Africa",
        "stage": "Construction",
        "ea1": "M02P03",
        "ea2": "Mphumalanga"
      }
    },
    {
      "attributes": {
        "owner": "Dark Fibre Africa",
        "stage": "Construction",
        "ea1": "NB50P02",
        "ea2": "Northern Region"
      }
    },
    {
      "attributes": {
        "owner": "Dark Fibre Africa",
        "stage": "Construction",
        "ea1": "L01P04",
        "ea2": "Limpopo"
      }
    },
    {
      "attributes": {
        "owner": "Dark Fibre Africa",
        "stage": "Construction",
        "ea1": "L01P04",
        "ea2": "Limpopo"
      }
    },
    {
      "attributes": {
        "owner": "Dark Fibre Africa",
        "stage": "Construction",
        "ea1": "L01P04",
        "ea2": "Limpopo"
      }
    },
    {
      "attributes": {
        "owner": "Dark Fibre Africa",
        "stage": "Construction",
        "ea1": "L01P04",
        "ea2": "Limpopo"
      }
    },
    {
      "attributes": {
        "owner": "Dark Fibre Africa",
        "stage": "Construction",
        "ea1": "L01P04",
        "ea2": "Limpopo"
      }
    },
    {
      "attributes": {
        "owner": "Dark Fibre Africa",
        "stage": "Construction",
        "ea1": "L01P04",
        "ea2": "Limpopo"
      }
    },
    {
      "attributes": {
        "owner": "Dark Fibre Africa",
        "stage": "Construction",
        "ea1": "L01P04",
        "ea2": "Limpopo"
      }
    },
    {
      "attributes": {
        "owner": "Dark Fibre Africa",
        "stage": "Construction",
        "ea1": "M02P05",
        "ea2": "Mphumalanga"
      }
    },
    {
      "attributes": {
        "owner": "Dark Fibre Africa",
        "stage": "Construction",
        "ea1": "M02P05",
        "ea2": "Mphumalanga"
      }
    },
    {
      "attributes": {
        "owner": "Dark Fibre Africa",
        "stage": "Construction",
        "ea1": "M02P05",
        "ea2": "Mphumalanga"
      }
    },
    {
      "attributes": {
        "owner": "Dark Fibre Africa",
        "stage": "Construction",
        "ea1": "M02P05",
        "ea2": "Mphumalanga"
      }
    },
    {
      "attributes": {
        "owner": "Dark Fibre Africa",
        "stage": "Construction",
        "ea1": "K50P07",
        "ea2": "Kwa-Zulu Natal"
      }
    },
    {
      "attributes": {
        "owner": "Dark Fibre Africa",
        "stage": "Construction",
        "ea1": "L01P04",
        "ea2": "Limpopo"
      }
    },
    {
      "attributes": {
        "owner": "Dark Fibre Africa",
        "stage": "Construction",
        "ea1": "L01P04",
        "ea2": "Limpopo"
      }
    },
    {
      "attributes": {
        "owner": "Dark Fibre Africa",
        "stage": "Construction",
        "ea1": "K50P69",
        "ea2": "Kwa-Zulu Natal"
      }
    },
    {
      "attributes": {
        "owner": "Dark Fibre Africa",
        "stage": "Construction",
        "ea1": "M02P02",
        "ea2": "Mphumalanga"
      }
    },
    {
      "attributes": {
        "owner": "Dark Fibre Africa",
        "stage": "Construction",
        "ea1": "M02P02",
        "ea2": "Mphumalanga"
      }
    },
    {
      "attributes": {
        "owner": "Dark Fibre Africa",
        "stage": "Construction",
        "ea1": "M02P02",
        "ea2": "Mphumalanga"
      }
    },
    {
      "attributes": {
        "owner": "Dark Fibre Africa",
        "stage": "Construction",
        "ea1": "L01P07",
        "ea2": "Limpopo"
      }
    },
    {
      "attributes": {
        "owner": "Dark Fibre Africa",
        "stage": "Construction",
        "ea1": "L01P07",
        "ea2": "Limpopo"
      }
    },
    {
      "attributes": {
        "owner": "Dark Fibre Africa",
        "stage": "Construction",
        "ea1": "L01P07",
        "ea2": "Limpopo"
      }
    },
    {
      "attributes": {
        "owner": "Dark Fibre Africa",
        "stage": "Construction",
        "ea1": "NW01P01",
        "ea2": "North West"
      }
    },
    {
      "attributes": {
        "owner": "Dark Fibre Africa",
        "stage": "Construction",
        "ea1": "NW01P01",
        "ea2": "North West"
      }
    },
    {
      "attributes": {
        "owner": "Dark Fibre Africa",
        "stage": "Construction",
        "ea1": "NW01P01",
        "ea2": "North West"
      }
    },
    {
      "attributes": {
        "owner": "Dark Fibre Africa",
        "stage": "Construction",
        "ea1": "NW01P01",
        "ea2": "North West"
      }
    },
    {
      "attributes": {
        "owner": "Dark Fibre Africa",
        "stage": "Construction",
        "ea1": "NW01P01",
        "ea2": "North West"
      }
    },
    {
      "attributes": {
        "owner": "Dark Fibre Africa",
        "stage": "Construction",
        "ea1": "NW01P01",
        "ea2": "North West"
      }
    },
    {
      "attributes": {
        "owner": "Dark Fibre Africa",
        "stage": "Construction",
        "ea1": "NW01P01",
        "ea2": "North West"
      }
    },
    {
      "attributes": {
        "owner": "Dark Fibre Africa",
        "stage": "Construction",
        "ea1": "NW01P01",
        "ea2": "North West"
      }
    },
    {
      "attributes": {
        "owner": "Dark Fibre Africa",
        "stage": "Construction",
        "ea1": "NW01P01",
        "ea2": "North West"
      }
    },
    {
      "attributes": {
        "owner": "Dark Fibre Africa",
        "stage": "Construction",
        "ea1": "NW01P01",
        "ea2": "North West"
      }
    },
    {
      "attributes": {
        "owner": "Dark Fibre Africa",
        "stage": "Construction",
        "ea1": "NW01P01",
        "ea2": "North West"
      }
    },
    {
      "attributes": {
        "owner": "Dark Fibre Africa",
        "stage": "Construction",
        "ea1": "NW01P01",
        "ea2": "North West"
      }
    },
    {
      "attributes": {
        "owner": "Dark Fibre Africa",
        "stage": "Construction",
        "ea1": "NW01P01",
        "ea2": "North West"
      }
    },
    {
      "attributes": {
        "owner": "Dark Fibre Africa",
        "stage": "Construction",
        "ea1": "NW01P01",
        "ea2": "North West"
      }
    },
    {
      "attributes": {
        "owner": "Dark Fibre Africa",
        "stage": "Construction",
        "ea1": "NW01P01",
        "ea2": "North West"
      }
    },
    {
      "attributes": {
        "owner": "Dark Fibre Africa",
        "stage": "Construction",
        "ea1": "NW01P01",
        "ea2": "North West"
      }
    },
    {
      "attributes": {
        "owner": "Dark Fibre Africa",
        "stage": "Construction",
        "ea1": "NW01P01",
        "ea2": "North West"
      }
    },
    {
      "attributes": {
        "owner": "Dark Fibre Africa",
        "stage": "Construction",
        "ea1": "NW01P01",
        "ea2": "North West"
      }
    },
    {
      "attributes": {
        "owner": "Dark Fibre Africa",
        "stage": "Construction",
        "ea1": "NW01P01",
        "ea2": "North West"
      }
    },
    {
      "attributes": {
        "owner": "Dark Fibre Africa",
        "stage": "Construction",
        "ea1": "NW01P01",
        "ea2": "North West"
      }
    },
    {
      "attributes": {
        "owner": "Dark Fibre Africa",
        "stage": "Construction",
        "ea1": "NW01P01",
        "ea2": "North West"
      }
    },
    {
      "attributes": {
        "owner": "Dark Fibre Africa",
        "stage": "Construction",
        "ea1": "NW01P01",
        "ea2": "North West"
      }
    },
    {
      "attributes": {
        "owner": "Dark Fibre Africa",
        "stage": "Construction",
        "ea1": "NW01P01",
        "ea2": "North West"
      }
    },
    {
      "attributes": {
        "owner": "Dark Fibre Africa",
        "stage": "Construction",
        "ea1": "NW01P01",
        "ea2": "North West"
      }
    },
    {
      "attributes": {
        "owner": "Dark Fibre Africa",
        "stage": "Construction",
        "ea1": "NW01P01",
        "ea2": "North West"
      }
    },
    {
      "attributes": {
        "owner": "Dark Fibre Africa",
        "stage": "Construction",
        "ea1": "NW01P01",
        "ea2": "North West"
      }
    },
    {
      "attributes": {
        "owner": "Dark Fibre Africa",
        "stage": "Construction",
        "ea1": "NW01P01",
        "ea2": "North West"
      }
    },
    {
      "attributes": {
        "owner": "Dark Fibre Africa",
        "stage": "Construction",
        "ea1": "NW01P01",
        "ea2": "North West"
      }
    },
    {
      "attributes": {
        "owner": "Dark Fibre Africa",
        "stage": "Construction",
        "ea1": "NW01P01",
        "ea2": "North West"
      }
    },
    {
      "attributes": {
        "owner": "Dark Fibre Africa",
        "stage": "Construction",
        "ea1": "NW01P01",
        "ea2": "North West"
      }
    },
    {
      "attributes": {
        "owner": "Dark Fibre Africa",
        "stage": "Construction",
        "ea1": "NW01P01",
        "ea2": "North West"
      }
    },
    {
      "attributes": {
        "owner": "Dark Fibre Africa",
        "stage": "Construction",
        "ea1": "NW01P01",
        "ea2": "North West"
      }
    },
    {
      "attributes": {
        "owner": "Dark Fibre Africa",
        "stage": "Construction",
        "ea1": "NW01P01",
        "ea2": "North West"
      }
    },
    {
      "attributes": {
        "owner": "Dark Fibre Africa",
        "stage": "Construction",
        "ea1": "NW01P01",
        "ea2": "North West"
      }
    },
    {
      "attributes": {
        "owner": "Dark Fibre Africa",
        "stage": "Construction",
        "ea1": "NW01P01",
        "ea2": "North West"
      }
    },
    {
      "attributes": {
        "owner": "Dark Fibre Africa",
        "stage": "Construction",
        "ea1": "NW01P01",
        "ea2": "North West"
      }
    },
    {
      "attributes": {
        "owner": "Dark Fibre Africa",
        "stage": "Construction",
        "ea1": "NW01P01",
        "ea2": "North West"
      }
    },
    {
      "attributes": {
        "owner": "Dark Fibre Africa",
        "stage": "Construction",
        "ea1": "NW01P01",
        "ea2": "North West"
      }
    },
    {
      "attributes": {
        "owner": "Dark Fibre Africa",
        "stage": "Construction",
        "ea1": "NW01P01",
        "ea2": "North West"
      }
    },
    {
      "attributes": {
        "owner": "Dark Fibre Africa",
        "stage": "Construction",
        "ea1": "NW01P01",
        "ea2": "North West"
      }
    },
    {
      "attributes": {
        "owner": "Dark Fibre Africa",
        "stage": "Construction",
        "ea1": "NW01P01",
        "ea2": "North West"
      }
    },
    {
      "attributes": {
        "owner": "Dark Fibre Africa",
        "stage": "Construction",
        "ea1": "NW01P01",
        "ea2": "North West"
      }
    },
    {
      "attributes": {
        "owner": "Dark Fibre Africa",
        "stage": "Construction",
        "ea1": "NW01P01",
        "ea2": "North West"
      }
    },
    {
      "attributes": {
        "owner": "Dark Fibre Africa",
        "stage": "Construction",
        "ea1": "NW01P01",
        "ea2": "North West"
      }
    },
    {
      "attributes": {
        "owner": "Dark Fibre Africa",
        "stage": "Construction",
        "ea1": "NW01P01",
        "ea2": "North West"
      }
    },
    {
      "attributes": {
        "owner": "Dark Fibre Africa",
        "stage": "Construction",
        "ea1": "NW01P01",
        "ea2": "North West"
      }
    },
    {
      "attributes": {
        "owner": "Dark Fibre Africa",
        "stage": "Construction",
        "ea1": "NW01P01",
        "ea2": "North West"
      }
    },
    {
      "attributes": {
        "owner": "Dark Fibre Africa",
        "stage": "Construction",
        "ea1": "NW01P01",
        "ea2": "North West"
      }
    },
    {
      "attributes": {
        "owner": "Dark Fibre Africa",
        "stage": "Construction",
        "ea1": "NW01P01",
        "ea2": "North West"
      }
    },
    {
      "attributes": {
        "owner": "Dark Fibre Africa",
        "stage": "Construction",
        "ea1": "NW01P01",
        "ea2": "North West"
      }
    },
    {
      "attributes": {
        "owner": "Dark Fibre Africa",
        "stage": "Construction",
        "ea1": "NW01P01",
        "ea2": "North West"
      }
    },
    {
      "attributes": {
        "owner": "Dark Fibre Africa",
        "stage": "Construction",
        "ea1": "NW01P01",
        "ea2": "North West"
      }
    },
    {
      "attributes": {
        "owner": "Dark Fibre Africa",
        "stage": "Construction",
        "ea1": "NW01P01",
        "ea2": "North West"
      }
    },
    {
      "attributes": {
        "owner": "Dark Fibre Africa",
        "stage": "Construction",
        "ea1": "NW01P01",
        "ea2": "North West"
      }
    },
    {
      "attributes": {
        "owner": "Dark Fibre Africa",
        "stage": "Construction",
        "ea1": "NW01P01",
        "ea2": "North West"
      }
    },
    {
      "attributes": {
        "owner": "Dark Fibre Africa",
        "stage": "Construction",
        "ea1": "NW01P01",
        "ea2": "North West"
      }
    },
    {
      "attributes": {
        "owner": "Dark Fibre Africa",
        "stage": "Construction",
        "ea1": "NW01P01",
        "ea2": "North West"
      }
    },
    {
      "attributes": {
        "owner": "Dark Fibre Africa",
        "stage": "Construction",
        "ea1": "NW01P01",
        "ea2": "North West"
      }
    },
    {
      "attributes": {
        "owner": "Dark Fibre Africa",
        "stage": "Construction",
        "ea1": "NW01P01",
        "ea2": "North West"
      }
    },
    {
      "attributes": {
        "owner": "Dark Fibre Africa",
        "stage": "Construction",
        "ea1": "NW01P01",
        "ea2": "North West"
      }
    },
    {
      "attributes": {
        "owner": "Dark Fibre Africa",
        "stage": "Construction",
        "ea1": "NW01P01",
        "ea2": "North West"
      }
    },
    {
      "attributes": {
        "owner": "Dark Fibre Africa",
        "stage": "Construction",
        "ea1": "NW01P01",
        "ea2": "North West"
      }
    },
    {
      "attributes": {
        "owner": "Dark Fibre Africa",
        "stage": "Construction",
        "ea1": "NW01P01",
        "ea2": "North West"
      }
    },
    {
      "attributes": {
        "owner": "Dark Fibre Africa",
        "stage": "Construction",
        "ea1": "NW01P01",
        "ea2": "North West"
      }
    },
    {
      "attributes": {
        "owner": "Dark Fibre Africa",
        "stage": "Construction",
        "ea1": "NW01P01",
        "ea2": "North West"
      }
    },
    {
      "attributes": {
        "owner": "Dark Fibre Africa",
        "stage": "Construction",
        "ea1": "NW01P01",
        "ea2": "North West"
      }
    },
    {
      "attributes": {
        "owner": "Dark Fibre Africa",
        "stage": "Construction",
        "ea1": "NW01P01",
        "ea2": "North West"
      }
    },
    {
      "attributes": {
        "owner": "Dark Fibre Africa",
        "stage": "Construction",
        "ea1": "NW01P01",
        "ea2": "North West"
      }
    },
    {
      "attributes": {
        "owner": "Dark Fibre Africa",
        "stage": "Construction",
        "ea1": "NW01P01",
        "ea2": "North West"
      }
    },
    {
      "attributes": {
        "owner": "Dark Fibre Africa",
        "stage": "Construction",
        "ea1": "NW01P01",
        "ea2": "North West"
      }
    },
    {
      "attributes": {
        "owner": "Dark Fibre Africa",
        "stage": "Construction",
        "ea1": "NW01P01",
        "ea2": "North West"
      }
    },
    {
      "attributes": {
        "owner": "Dark Fibre Africa",
        "stage": "Construction",
        "ea1": "NW01P01",
        "ea2": "North West"
      }
    },
    {
      "attributes": {
        "owner": "Dark Fibre Africa",
        "stage": "Construction",
        "ea1": "NW01P01",
        "ea2": "North West"
      }
    },
    {
      "attributes": {
        "owner": "Dark Fibre Africa",
        "stage": "Construction",
        "ea1": "NW01P01",
        "ea2": "North West"
      }
    },
    {
      "attributes": {
        "owner": "Dark Fibre Africa",
        "stage": "Construction",
        "ea1": "NW01P01",
        "ea2": "North West"
      }
    },
    {
      "attributes": {
        "owner": "Dark Fibre Africa",
        "stage": "Construction",
        "ea1": "NW01P01",
        "ea2": "North West"
      }
    },
    {
      "attributes": {
        "owner": "Dark Fibre Africa",
        "stage": "Construction",
        "ea1": "NW01P01",
        "ea2": "North West"
      }
    },
    {
      "attributes": {
        "owner": "Dark Fibre Africa",
        "stage": "Construction",
        "ea1": "NW01P01",
        "ea2": "North West"
      }
    },
    {
      "attributes": {
        "owner": "Dark Fibre Africa",
        "stage": "Construction",
        "ea1": "NW01P01",
        "ea2": "North West"
      }
    },
    {
      "attributes": {
        "owner": "Dark Fibre Africa",
        "stage": "Construction",
        "ea1": "NW01P01",
        "ea2": "North West"
      }
    },
    {
      "attributes": {
        "owner": "Dark Fibre Africa",
        "stage": "Construction",
        "ea1": "NW01P01",
        "ea2": "North West"
      }
    },
    {
      "attributes": {
        "owner": "Dark Fibre Africa",
        "stage": "Construction",
        "ea1": "NW01P01",
        "ea2": "North West"
      }
    },
    {
      "attributes": {
        "owner": "Dark Fibre Africa",
        "stage": "Construction",
        "ea1": "NW01P01",
        "ea2": "North West"
      }
    },
    {
      "attributes": {
        "owner": "Dark Fibre Africa",
        "stage": "Construction",
        "ea1": "NW01P01",
        "ea2": "North West"
      }
    },
    {
      "attributes": {
        "owner": "Dark Fibre Africa",
        "stage": "Construction",
        "ea1": "NW01P01",
        "ea2": "North West"
      }
    },
    {
      "attributes": {
        "owner": "Dark Fibre Africa",
        "stage": "Construction",
        "ea1": "NW01P01",
        "ea2": "North West"
      }
    },
    {
      "attributes": {
        "owner": "Dark Fibre Africa",
        "stage": "Construction",
        "ea1": "NW01P01",
        "ea2": "North West"
      }
    },
    {
      "attributes": {
        "owner": "Dark Fibre Africa",
        "stage": "Construction",
        "ea1": "NW01P01",
        "ea2": "North West"
      }
    },
    {
      "attributes": {
        "owner": "Dark Fibre Africa",
        "stage": "Construction",
        "ea1": "NW01P01",
        "ea2": "North West"
      }
    },
    {
      "attributes": {
        "owner": "Dark Fibre Africa",
        "stage": "Construction",
        "ea1": "NW01P01",
        "ea2": "North West"
      }
    },
    {
      "attributes": {
        "owner": "Dark Fibre Africa",
        "stage": "Construction",
        "ea1": "NW01P01",
        "ea2": "North West"
      }
    },
    {
      "attributes": {
        "owner": "Dark Fibre Africa",
        "stage": "Construction",
        "ea1": "NW01P01",
        "ea2": "North West"
      }
    },
    {
      "attributes": {
        "owner": "Dark Fibre Africa",
        "stage": "Construction",
        "ea1": "NW01P01",
        "ea2": "North West"
      }
    },
    {
      "attributes": {
        "owner": "Dark Fibre Africa",
        "stage": "Construction",
        "ea1": "NW01P01",
        "ea2": "North West"
      }
    },
    {
      "attributes": {
        "owner": "Dark Fibre Africa",
        "stage": "Construction",
        "ea1": "NW01P01",
        "ea2": "North West"
      }
    },
    {
      "attributes": {
        "owner": "Dark Fibre Africa",
        "stage": "Construction",
        "ea1": "NW01P01",
        "ea2": "North West"
      }
    },
    {
      "attributes": {
        "owner": "Dark Fibre Africa",
        "stage": "Construction",
        "ea1": "NW01P01",
        "ea2": "North West"
      }
    },
    {
      "attributes": {
        "owner": "Dark Fibre Africa",
        "stage": "Construction",
        "ea1": "NW01P01",
        "ea2": "North West"
      }
    },
    {
      "attributes": {
        "owner": "Dark Fibre Africa",
        "stage": "Construction",
        "ea1": "NW01P01",
        "ea2": "North West"
      }
    },
    {
      "attributes": {
        "owner": "Dark Fibre Africa",
        "stage": "Construction",
        "ea1": "NW01P01",
        "ea2": "North West"
      }
    },
    {
      "attributes": {
        "owner": "Dark Fibre Africa",
        "stage": "Construction",
        "ea1": "NW01P01",
        "ea2": "North West"
      }
    },
    {
      "attributes": {
        "owner": "Dark Fibre Africa",
        "stage": "Construction",
        "ea1": "NW01P01",
        "ea2": "North West"
      }
    },
    {
      "attributes": {
        "owner": "Dark Fibre Africa",
        "stage": "Construction",
        "ea1": "NW01P01",
        "ea2": "North West"
      }
    },
    {
      "attributes": {
        "owner": "Dark Fibre Africa",
        "stage": "Construction",
        "ea1": "NW01P01",
        "ea2": "North West"
      }
    },
    {
      "attributes": {
        "owner": "Dark Fibre Africa",
        "stage": "Construction",
        "ea1": "NW01P01",
        "ea2": "North West"
      }
    },
    {
      "attributes": {
        "owner": "Dark Fibre Africa",
        "stage": "Construction",
        "ea1": "NW01P01",
        "ea2": "North West"
      }
    },
    {
      "attributes": {
        "owner": "Dark Fibre Africa",
        "stage": "Construction",
        "ea1": "NW01P01",
        "ea2": "North West"
      }
    },
    {
      "attributes": {
        "owner": "Dark Fibre Africa",
        "stage": "Construction",
        "ea1": "NW01P01",
        "ea2": "North West"
      }
    },
    {
      "attributes": {
        "owner": "Dark Fibre Africa",
        "stage": "Construction",
        "ea1": "NW01P01",
        "ea2": "North West"
      }
    },
    {
      "attributes": {
        "owner": "Dark Fibre Africa",
        "stage": "Construction",
        "ea1": "NW01P01",
        "ea2": "North West"
      }
    },
    {
      "attributes": {
        "owner": "Dark Fibre Africa",
        "stage": "Construction",
        "ea1": "NW01P01",
        "ea2": "North West"
      }
    },
    {
      "attributes": {
        "owner": "Dark Fibre Africa",
        "stage": "Construction",
        "ea1": "NW01P01",
        "ea2": "North West"
      }
    },
    {
      "attributes": {
        "owner": "Dark Fibre Africa",
        "stage": "Construction",
        "ea1": "NW01P01",
        "ea2": "North West"
      }
    },
    {
      "attributes": {
        "owner": "Dark Fibre Africa",
        "stage": "Construction",
        "ea1": "NW01P01",
        "ea2": "North West"
      }
    },
    {
      "attributes": {
        "owner": "Dark Fibre Africa",
        "stage": "Construction",
        "ea1": "NW01P01",
        "ea2": "North West"
      }
    },
    {
      "attributes": {
        "owner": "Dark Fibre Africa",
        "stage": "Construction",
        "ea1": "NW01P01",
        "ea2": "North West"
      }
    },
    {
      "attributes": {
        "owner": "Dark Fibre Africa",
        "stage": "Construction",
        "ea1": "G50P28",
        "ea2": "Gauteng South"
      }
    },
    {
      "attributes": {
        "owner": "Dark Fibre Africa",
        "stage": "Construction",
        "ea1": "G50P28",
        "ea2": "Gauteng South"
      }
    },
    {
      "attributes": {
        "owner": "Dark Fibre Africa",
        "stage": "Construction",
        "ea1": "G50P28",
        "ea2": "Gauteng South"
      }
    },
    {
      "attributes": {
        "owner": "Dark Fibre Africa",
        "stage": "Construction",
        "ea1": "G50P28",
        "ea2": "Gauteng South"
      }
    },
    {
      "attributes": {
        "owner": "Dark Fibre Africa",
        "stage": "Construction",
        "ea1": "G50P28",
        "ea2": "Gauteng South"
      }
    },
    {
      "attributes": {
        "owner": "Dark Fibre Africa",
        "stage": "Construction",
        "ea1": "G50P28",
        "ea2": "Gauteng South"
      }
    },
    {
      "attributes": {
        "owner": "Dark Fibre Africa",
        "stage": "Construction",
        "ea1": "G50P28",
        "ea2": "Gauteng South"
      }
    },
    {
      "attributes": {
        "owner": "Dark Fibre Africa",
        "stage": "Construction",
        "ea1": "G50P28",
        "ea2": "Gauteng South"
      }
    },
    {
      "attributes": {
        "owner": "Dark Fibre Africa",
        "stage": "Construction",
        "ea1": "G50P28",
        "ea2": "Gauteng South"
      }
    },
    {
      "attributes": {
        "owner": "Dark Fibre Africa",
        "stage": "Construction",
        "ea1": "G50P28",
        "ea2": "Gauteng South"
      }
    },
    {
      "attributes": {
        "owner": "Dark Fibre Africa",
        "stage": "Construction",
        "ea1": "G50P28",
        "ea2": "Gauteng South"
      }
    },
    {
      "attributes": {
        "owner": "Dark Fibre Africa",
        "stage": "Construction",
        "ea1": "G50P28",
        "ea2": "Gauteng South"
      }
    },
    {
      "attributes": {
        "owner": "Dark Fibre Africa",
        "stage": "Construction",
        "ea1": "G50P28",
        "ea2": "Gauteng South"
      }
    },
    {
      "attributes": {
        "owner": "Dark Fibre Africa",
        "stage": "Construction",
        "ea1": "G50P28",
        "ea2": "Gauteng South"
      }
    },
    {
      "attributes": {
        "owner": "Dark Fibre Africa",
        "stage": "Construction",
        "ea1": "G50P28",
        "ea2": "Gauteng South"
      }
    },
    {
      "attributes": {
        "owner": "Dark Fibre Africa",
        "stage": "Construction",
        "ea1": "G50P28",
        "ea2": "Gauteng South"
      }
    },
    {
      "attributes": {
        "owner": "Dark Fibre Africa",
        "stage": "Construction",
        "ea1": "G50P28",
        "ea2": "Gauteng South"
      }
    },
    {
      "attributes": {
        "owner": "Dark Fibre Africa",
        "stage": "Construction",
        "ea1": "G50P28",
        "ea2": "Gauteng South"
      }
    },
    {
      "attributes": {
        "owner": "Dark Fibre Africa",
        "stage": "Construction",
        "ea1": "G50P28",
        "ea2": "Gauteng South"
      }
    },
    {
      "attributes": {
        "owner": "Dark Fibre Africa",
        "stage": "Construction",
        "ea1": "G50P28",
        "ea2": "Gauteng South"
      }
    },
    {
      "attributes": {
        "owner": "Dark Fibre Africa",
        "stage": "Construction",
        "ea1": "G50P28",
        "ea2": "Gauteng South"
      }
    },
    {
      "attributes": {
        "owner": "Dark Fibre Africa",
        "stage": "Construction",
        "ea1": "G50P28",
        "ea2": "Gauteng South"
      }
    },
    {
      "attributes": {
        "owner": "Dark Fibre Africa",
        "stage": "Construction",
        "ea1": "G50P28",
        "ea2": "Gauteng South"
      }
    },
    {
      "attributes": {
        "owner": "Dark Fibre Africa",
        "stage": "Construction",
        "ea1": "G50P28",
        "ea2": "Gauteng South"
      }
    },
    {
      "attributes": {
        "owner": "Dark Fibre Africa",
        "stage": "Construction",
        "ea1": "G50P28",
        "ea2": "Gauteng South"
      }
    },
    {
      "attributes": {
        "owner": "Dark Fibre Africa",
        "stage": "Construction",
        "ea1": "G50P28",
        "ea2": "Gauteng South"
      }
    },
    {
      "attributes": {
        "owner": "Dark Fibre Africa",
        "stage": "Construction",
        "ea1": "G50P28",
        "ea2": "Gauteng South"
      }
    },
    {
      "attributes": {
        "owner": "Dark Fibre Africa",
        "stage": "Construction",
        "ea1": "G50P28",
        "ea2": "Gauteng South"
      }
    },
    {
      "attributes": {
        "owner": "Dark Fibre Africa",
        "stage": "Construction",
        "ea1": "G50P28",
        "ea2": "Gauteng South"
      }
    },
    {
      "attributes": {
        "owner": "Dark Fibre Africa",
        "stage": "Construction",
        "ea1": "G50P28",
        "ea2": "Gauteng South"
      }
    },
    {
      "attributes": {
        "owner": "Dark Fibre Africa",
        "stage": "Construction",
        "ea1": "G50P28",
        "ea2": "Gauteng South"
      }
    },
    {
      "attributes": {
        "owner": "Dark Fibre Africa",
        "stage": "Construction",
        "ea1": "G50P28",
        "ea2": "Gauteng South"
      }
    },
    {
      "attributes": {
        "owner": "Dark Fibre Africa",
        "stage": "Construction",
        "ea1": "G50P28",
        "ea2": "Gauteng South"
      }
    },
    {
      "attributes": {
        "owner": "Dark Fibre Africa",
        "stage": "Construction",
        "ea1": "G50P28",
        "ea2": "Gauteng South"
      }
    },
    {
      "attributes": {
        "owner": "Dark Fibre Africa",
        "stage": "Construction",
        "ea1": "G50P28",
        "ea2": "Gauteng South"
      }
    },
    {
      "attributes": {
        "owner": "Dark Fibre Africa",
        "stage": "Construction",
        "ea1": "G50P28",
        "ea2": "Gauteng South"
      }
    },
    {
      "attributes": {
        "owner": "Dark Fibre Africa",
        "stage": "Construction",
        "ea1": "G50P28",
        "ea2": "Gauteng South"
      }
    },
    {
      "attributes": {
        "owner": "Dark Fibre Africa",
        "stage": "Construction",
        "ea1": "G50P28",
        "ea2": "Gauteng South"
      }
    },
    {
      "attributes": {
        "owner": "Dark Fibre Africa",
        "stage": "Construction",
        "ea1": "G50P28",
        "ea2": "Gauteng South"
      }
    },
    {
      "attributes": {
        "owner": "Dark Fibre Africa",
        "stage": "Construction",
        "ea1": "G50P28",
        "ea2": "Gauteng South"
      }
    },
    {
      "attributes": {
        "owner": "Dark Fibre Africa",
        "stage": "Construction",
        "ea1": "G50P28",
        "ea2": "Gauteng South"
      }
    },
    {
      "attributes": {
        "owner": "Dark Fibre Africa",
        "stage": "Construction",
        "ea1": "G50P28",
        "ea2": "Gauteng South"
      }
    },
    {
      "attributes": {
        "owner": "Dark Fibre Africa",
        "stage": "Construction",
        "ea1": "G50P28",
        "ea2": "Gauteng South"
      }
    },
    {
      "attributes": {
        "owner": "Dark Fibre Africa",
        "stage": "Construction",
        "ea1": "G50P28",
        "ea2": "Gauteng South"
      }
    },
    {
      "attributes": {
        "owner": "Dark Fibre Africa",
        "stage": "Construction",
        "ea1": "G50P28",
        "ea2": "Gauteng South"
      }
    },
    {
      "attributes": {
        "owner": "Dark Fibre Africa",
        "stage": "Construction",
        "ea1": "G50P28",
        "ea2": "Gauteng South"
      }
    },
    {
      "attributes": {
        "owner": "Dark Fibre Africa",
        "stage": "Construction",
        "ea1": "G50P28",
        "ea2": "Gauteng South"
      }
    },
    {
      "attributes": {
        "owner": "Dark Fibre Africa",
        "stage": "Construction",
        "ea1": "G50P28",
        "ea2": "Gauteng South"
      }
    },
    {
      "attributes": {
        "owner": "Dark Fibre Africa",
        "stage": "Construction",
        "ea1": "G50P28",
        "ea2": "Gauteng South"
      }
    },
    {
      "attributes": {
        "owner": "Dark Fibre Africa",
        "stage": "Construction",
        "ea1": "G50P28",
        "ea2": "Gauteng South"
      }
    },
    {
      "attributes": {
        "owner": "Dark Fibre Africa",
        "stage": "Construction",
        "ea1": "G50P28",
        "ea2": "Gauteng South"
      }
    },
    {
      "attributes": {
        "owner": "Dark Fibre Africa",
        "stage": "Construction",
        "ea1": "G50P28",
        "ea2": "Gauteng South"
      }
    },
    {
      "attributes": {
        "owner": "Dark Fibre Africa",
        "stage": "Construction",
        "ea1": "G50P28",
        "ea2": "Gauteng South"
      }
    },
    {
      "attributes": {
        "owner": "Dark Fibre Africa",
        "stage": "Construction",
        "ea1": "G50P28",
        "ea2": "Gauteng South"
      }
    },
    {
      "attributes": {
        "owner": "Dark Fibre Africa",
        "stage": "Construction",
        "ea1": "G50P28",
        "ea2": "Gauteng South"
      }
    },
    {
      "attributes": {
        "owner": "Dark Fibre Africa",
        "stage": "Construction",
        "ea1": "G50P28",
        "ea2": "Gauteng South"
      }
    },
    {
      "attributes": {
        "owner": "Dark Fibre Africa",
        "stage": "Construction",
        "ea1": "G50P28",
        "ea2": "Gauteng South"
      }
    },
    {
      "attributes": {
        "owner": "Dark Fibre Africa",
        "stage": "Construction",
        "ea1": "G50P28",
        "ea2": "Gauteng South"
      }
    },
    {
      "attributes": {
        "owner": "Dark Fibre Africa",
        "stage": "Construction",
        "ea1": "G50P28",
        "ea2": "Gauteng South"
      }
    },
    {
      "attributes": {
        "owner": "Dark Fibre Africa",
        "stage": "Construction",
        "ea1": "G50P28",
        "ea2": "Gauteng South"
      }
    },
    {
      "attributes": {
        "owner": "Dark Fibre Africa",
        "stage": "Construction",
        "ea1": "G50P28",
        "ea2": "Gauteng South"
      }
    },
    {
      "attributes": {
        "owner": "Dark Fibre Africa",
        "stage": "Construction",
        "ea1": "G50P28",
        "ea2": "Gauteng South"
      }
    },
    {
      "attributes": {
        "owner": "Dark Fibre Africa",
        "stage": "Construction",
        "ea1": "G50P28",
        "ea2": "Gauteng South"
      }
    },
    {
      "attributes": {
        "owner": "Dark Fibre Africa",
        "stage": "Construction",
        "ea1": "G50P28",
        "ea2": "Gauteng South"
      }
    },
    {
      "attributes": {
        "owner": "Dark Fibre Africa",
        "stage": "Construction",
        "ea1": "G50P28",
        "ea2": "Gauteng South"
      }
    },
    {
      "attributes": {
        "owner": "Dark Fibre Africa",
        "stage": "Construction",
        "ea1": "G50P28",
        "ea2": "Gauteng South"
      }
    },
    {
      "attributes": {
        "owner": "Dark Fibre Africa",
        "stage": "Construction",
        "ea1": "G50P28",
        "ea2": "Gauteng South"
      }
    },
    {
      "attributes": {
        "owner": "Dark Fibre Africa",
        "stage": "Construction",
        "ea1": "G50P28",
        "ea2": "Gauteng South"
      }
    },
    {
      "attributes": {
        "owner": "Dark Fibre Africa",
        "stage": "Construction",
        "ea1": "G50P28",
        "ea2": "Gauteng South"
      }
    },
    {
      "attributes": {
        "owner": "Dark Fibre Africa",
        "stage": "Construction",
        "ea1": "G50P28",
        "ea2": "Gauteng South"
      }
    },
    {
      "attributes": {
        "owner": "Dark Fibre Africa",
        "stage": "Construction",
        "ea1": "G50P28",
        "ea2": "Gauteng South"
      }
    },
    {
      "attributes": {
        "owner": "Dark Fibre Africa",
        "stage": "Construction",
        "ea1": "G50P28",
        "ea2": "Gauteng South"
      }
    },
    {
      "attributes": {
        "owner": "Dark Fibre Africa",
        "stage": "Construction",
        "ea1": "G50P28",
        "ea2": "Gauteng South"
      }
    },
    {
      "attributes": {
        "owner": "Dark Fibre Africa",
        "stage": "Construction",
        "ea1": "G50P28",
        "ea2": "Gauteng South"
      }
    },
    {
      "attributes": {
        "owner": "Dark Fibre Africa",
        "stage": "Construction",
        "ea1": "G50P28",
        "ea2": "Gauteng South"
      }
    },
    {
      "attributes": {
        "owner": "Dark Fibre Africa",
        "stage": "Construction",
        "ea1": "G50P28",
        "ea2": "Gauteng South"
      }
    },
    {
      "attributes": {
        "owner": "Dark Fibre Africa",
        "stage": "Construction",
        "ea1": "G50P28",
        "ea2": "Gauteng South"
      }
    },
    {
      "attributes": {
        "owner": "Dark Fibre Africa",
        "stage": "Construction",
        "ea1": "G50P28",
        "ea2": "Gauteng South"
      }
    },
    {
      "attributes": {
        "owner": "Dark Fibre Africa",
        "stage": "Construction",
        "ea1": "G50P28",
        "ea2": "Gauteng South"
      }
    },
    {
      "attributes": {
        "owner": "Dark Fibre Africa",
        "stage": "Construction",
        "ea1": "G50P28",
        "ea2": "Gauteng South"
      }
    },
    {
      "attributes": {
        "owner": "Dark Fibre Africa",
        "stage": "Construction",
        "ea1": "G50P28",
        "ea2": "Gauteng South"
      }
    },
    {
      "attributes": {
        "owner": "Dark Fibre Africa",
        "stage": "Construction",
        "ea1": "G50P28",
        "ea2": "Gauteng South"
      }
    },
    {
      "attributes": {
        "owner": "Dark Fibre Africa",
        "stage": "Construction",
        "ea1": "G50P28",
        "ea2": "Gauteng South"
      }
    },
    {
      "attributes": {
        "owner": "Dark Fibre Africa",
        "stage": "Construction",
        "ea1": "G50P28",
        "ea2": "Gauteng South"
      }
    },
    {
      "attributes": {
        "owner": "Dark Fibre Africa",
        "stage": "Construction",
        "ea1": "G50P28",
        "ea2": "Gauteng South"
      }
    },
    {
      "attributes": {
        "owner": "Dark Fibre Africa",
        "stage": "Construction",
        "ea1": "G50P28",
        "ea2": "Gauteng South"
      }
    },
    {
      "attributes": {
        "owner": "Dark Fibre Africa",
        "stage": "Construction",
        "ea1": "G50P28",
        "ea2": "Gauteng South"
      }
    },
    {
      "attributes": {
        "owner": "Dark Fibre Africa",
        "stage": "Construction",
        "ea1": "G50P28",
        "ea2": "Gauteng South"
      }
    },
    {
      "attributes": {
        "owner": "Dark Fibre Africa",
        "stage": "Construction",
        "ea1": "G50P28",
        "ea2": "Gauteng South"
      }
    },
    {
      "attributes": {
        "owner": "Dark Fibre Africa",
        "stage": "Construction",
        "ea1": "G50P28",
        "ea2": "Gauteng South"
      }
    },
    {
      "attributes": {
        "owner": "Dark Fibre Africa",
        "stage": "Construction",
        "ea1": "G50P28",
        "ea2": "Gauteng South"
      }
    },
    {
      "attributes": {
        "owner": "Dark Fibre Africa",
        "stage": "Construction",
        "ea1": "G50P28",
        "ea2": "Gauteng South"
      }
    },
    {
      "attributes": {
        "owner": "Dark Fibre Africa",
        "stage": "Construction",
        "ea1": "G50P28",
        "ea2": "Gauteng South"
      }
    },
    {
      "attributes": {
        "owner": "Dark Fibre Africa",
        "stage": "Construction",
        "ea1": "G50P28",
        "ea2": "Gauteng South"
      }
    },
    {
      "attributes": {
        "owner": "Dark Fibre Africa",
        "stage": "Construction",
        "ea1": "G50P28",
        "ea2": "Gauteng South"
      }
    },
    {
      "attributes": {
        "owner": "Dark Fibre Africa",
        "stage": "Construction",
        "ea1": "G50P28",
        "ea2": "Gauteng South"
      }
    },
    {
      "attributes": {
        "owner": "Dark Fibre Africa",
        "stage": "Construction",
        "ea1": "G50P28",
        "ea2": "Gauteng South"
      }
    },
    {
      "attributes": {
        "owner": "Dark Fibre Africa",
        "stage": "Construction",
        "ea1": "G50P28",
        "ea2": "Gauteng South"
      }
    },
    {
      "attributes": {
        "owner": "Dark Fibre Africa",
        "stage": "Construction",
        "ea1": "G50P28",
        "ea2": "Gauteng South"
      }
    },
    {
      "attributes": {
        "owner": "Dark Fibre Africa",
        "stage": "Construction",
        "ea1": "G50P28",
        "ea2": "Gauteng South"
      }
    },
    {
      "attributes": {
        "owner": "Dark Fibre Africa",
        "stage": "Construction",
        "ea1": "G50P28",
        "ea2": "Gauteng South"
      }
    },
    {
      "attributes": {
        "owner": "Dark Fibre Africa",
        "stage": "Construction",
        "ea1": "G50P28",
        "ea2": "Gauteng South"
      }
    },
    {
      "attributes": {
        "owner": "Dark Fibre Africa",
        "stage": "Construction",
        "ea1": "G50P28",
        "ea2": "Gauteng South"
      }
    },
    {
      "attributes": {
        "owner": "Dark Fibre Africa",
        "stage": "Construction",
        "ea1": "G50P28",
        "ea2": "Gauteng South"
      }
    },
    {
      "attributes": {
        "owner": "Dark Fibre Africa",
        "stage": "Construction",
        "ea1": "G50P28",
        "ea2": "Gauteng South"
      }
    },
    {
      "attributes": {
        "owner": "Dark Fibre Africa",
        "stage": "Construction",
        "ea1": "G50P28",
        "ea2": "Gauteng South"
      }
    },
    {
      "attributes": {
        "owner": "Dark Fibre Africa",
        "stage": "Construction",
        "ea1": "G50P28",
        "ea2": "Gauteng South"
      }
    },
    {
      "attributes": {
        "owner": "Dark Fibre Africa",
        "stage": "Construction",
        "ea1": "G50P28",
        "ea2": "Gauteng South"
      }
    },
    {
      "attributes": {
        "owner": "Dark Fibre Africa",
        "stage": "Construction",
        "ea1": "G50P28",
        "ea2": "Gauteng South"
      }
    },
    {
      "attributes": {
        "owner": "Dark Fibre Africa",
        "stage": "Construction",
        "ea1": "G50P28",
        "ea2": "Gauteng South"
      }
    },
    {
      "attributes": {
        "owner": "Dark Fibre Africa",
        "stage": "Construction",
        "ea1": "G50P28",
        "ea2": "Gauteng South"
      }
    },
    {
      "attributes": {
        "owner": "Dark Fibre Africa",
        "stage": "Construction",
        "ea1": "G50P28",
        "ea2": "Gauteng South"
      }
    },
    {
      "attributes": {
        "owner": "Dark Fibre Africa",
        "stage": "Construction",
        "ea1": "G50P28",
        "ea2": "Gauteng South"
      }
    },
    {
      "attributes": {
        "owner": "Dark Fibre Africa",
        "stage": "Construction",
        "ea1": "G50P28",
        "ea2": "Gauteng South"
      }
    },
    {
      "attributes": {
        "owner": "Dark Fibre Africa",
        "stage": "Construction",
        "ea1": "G50P28",
        "ea2": "Gauteng South"
      }
    },
    {
      "attributes": {
        "owner": "Dark Fibre Africa",
        "stage": "Construction",
        "ea1": "G50P28",
        "ea2": "Gauteng South"
      }
    },
    {
      "attributes": {
        "owner": "Dark Fibre Africa",
        "stage": "Construction",
        "ea1": "G50P28",
        "ea2": "Gauteng South"
      }
    },
    {
      "attributes": {
        "owner": "Dark Fibre Africa",
        "stage": "Construction",
        "ea1": "G50P28",
        "ea2": "Gauteng South"
      }
    },
    {
      "attributes": {
        "owner": "Dark Fibre Africa",
        "stage": "Construction",
        "ea1": "G50P28",
        "ea2": "Gauteng South"
      }
    },
    {
      "attributes": {
        "owner": "Dark Fibre Africa",
        "stage": "Construction",
        "ea1": "G50P28",
        "ea2": "Gauteng South"
      }
    },
    {
      "attributes": {
        "owner": "Dark Fibre Africa",
        "stage": "Construction",
        "ea1": "G50P28",
        "ea2": "Gauteng South"
      }
    },
    {
      "attributes": {
        "owner": "Dark Fibre Africa",
        "stage": "Construction",
        "ea1": "G50P28",
        "ea2": "Gauteng South"
      }
    },
    {
      "attributes": {
        "owner": "Dark Fibre Africa",
        "stage": "Construction",
        "ea1": "G50P28",
        "ea2": "Gauteng South"
      }
    },
    {
      "attributes": {
        "owner": "Dark Fibre Africa",
        "stage": "Construction",
        "ea1": "G50P28",
        "ea2": "Gauteng South"
      }
    },
    {
      "attributes": {
        "owner": "Dark Fibre Africa",
        "stage": "Construction",
        "ea1": "G50P28",
        "ea2": "Gauteng South"
      }
    },
    {
      "attributes": {
        "owner": "Dark Fibre Africa",
        "stage": "Construction",
        "ea1": "G50P28",
        "ea2": "Gauteng South"
      }
    },
    {
      "attributes": {
        "owner": "Dark Fibre Africa",
        "stage": "Construction",
        "ea1": "G50P28",
        "ea2": "Gauteng South"
      }
    },
    {
      "attributes": {
        "owner": "Dark Fibre Africa",
        "stage": "Construction",
        "ea1": "G50P28",
        "ea2": "Gauteng South"
      }
    },
    {
      "attributes": {
        "owner": "Dark Fibre Africa",
        "stage": "Construction",
        "ea1": "G50P28",
        "ea2": "Gauteng South"
      }
    },
    {
      "attributes": {
        "owner": "Dark Fibre Africa",
        "stage": "Construction",
        "ea1": "G50P28",
        "ea2": "Gauteng South"
      }
    },
    {
      "attributes": {
        "owner": "Dark Fibre Africa",
        "stage": "Construction",
        "ea1": "G50P28",
        "ea2": "Gauteng South"
      }
    },
    {
      "attributes": {
        "owner": "Dark Fibre Africa",
        "stage": "Construction",
        "ea1": "G50P28",
        "ea2": "Gauteng South"
      }
    },
    {
      "attributes": {
        "owner": "Dark Fibre Africa",
        "stage": "Construction",
        "ea1": "G50P28",
        "ea2": "Gauteng South"
      }
    },
    {
      "attributes": {
        "owner": "Dark Fibre Africa",
        "stage": "Construction",
        "ea1": "G50P28",
        "ea2": "Gauteng South"
      }
    },
    {
      "attributes": {
        "owner": "Dark Fibre Africa",
        "stage": "Construction",
        "ea1": "G50P28",
        "ea2": "Gauteng South"
      }
    },
    {
      "attributes": {
        "owner": "Dark Fibre Africa",
        "stage": "Construction",
        "ea1": "G50P28",
        "ea2": "Gauteng South"
      }
    },
    {
      "attributes": {
        "owner": "Dark Fibre Africa",
        "stage": "Construction",
        "ea1": "G50P28",
        "ea2": "Gauteng South"
      }
    },
    {
      "attributes": {
        "owner": "Dark Fibre Africa",
        "stage": "Construction",
        "ea1": "G50P28",
        "ea2": "Gauteng South"
      }
    },
    {
      "attributes": {
        "owner": "Dark Fibre Africa",
        "stage": "Construction",
        "ea1": "G50P28",
        "ea2": "Gauteng South"
      }
    },
    {
      "attributes": {
        "owner": "Dark Fibre Africa",
        "stage": "Construction",
        "ea1": "G50P28",
        "ea2": "Gauteng South"
      }
    },
    {
      "attributes": {
        "owner": "Dark Fibre Africa",
        "stage": "Construction",
        "ea1": "G50P28",
        "ea2": "Gauteng South"
      }
    },
    {
      "attributes": {
        "owner": "Dark Fibre Africa",
        "stage": "Construction",
        "ea1": "G50P28",
        "ea2": "Gauteng South"
      }
    },
    {
      "attributes": {
        "owner": "Dark Fibre Africa",
        "stage": "Construction",
        "ea1": "G50P28",
        "ea2": "Gauteng South"
      }
    },
    {
      "attributes": {
        "owner": "Dark Fibre Africa",
        "stage": "Construction",
        "ea1": "G50P28",
        "ea2": "Gauteng South"
      }
    },
    {
      "attributes": {
        "owner": "Dark Fibre Africa",
        "stage": "Construction",
        "ea1": "G50P28",
        "ea2": "Gauteng South"
      }
    },
    {
      "attributes": {
        "owner": "Dark Fibre Africa",
        "stage": "Construction",
        "ea1": "G50P28",
        "ea2": "Gauteng South"
      }
    }
  ],
  "exceededTransferLimit": true
}

at java.base/jdk.internal.reflect.NativeConstructorAccessorImpl.newInstance0(Native Method)
at java.base/jdk.internal.reflect.NativeConstructorAccessorImpl.newInstance(NativeConstructorAccessorImpl.java:62)
at java.base/jdk.internal.reflect.DelegatingConstructorAccessorImpl.newInstance(DelegatingConstructorAccessorImpl.java:45)
at java.base/java.lang.reflect.Constructor.newInstanceWithCaller(Constructor.java:500)
at java.base/java.lang.reflect.Constructor.newInstance(Constructor.java:481)
at org.codehaus.groovy.reflection.CachedConstructor.invoke(CachedConstructor.java:80)
at org.codehaus.groovy.reflection.CachedConstructor.doConstructorInvoke(CachedConstructor.java:74)
at org.codehaus.groovy.runtime.callsite.ConstructorSite$ConstructorSiteNoUnwrap.callConstructor(ConstructorSite.java:84)
at org.codehaus.groovy.runtime.callsite.AbstractCallSite.callConstructor(AbstractCallSite.java:249)
at io.restassured.internal.ResponseSpecificationImpl$HamcrestAssertionClosure.validate(ResponseSpecificationImpl.groovy:493)
at io.restassured.internal.ResponseSpecificationImpl$HamcrestAssertionClosure$validate$1.call(Unknown Source)
at io.restassured.internal.ResponseSpecificationImpl.validateResponseIfRequired(ResponseSpecificationImpl.groovy:674)
at jdk.internal.reflect.GeneratedMethodAccessor14.invoke(Unknown Source)
at java.base/jdk.internal.reflect.DelegatingMethodAccessorImpl.invoke(DelegatingMethodAccessorImpl.java:43)
at java.base/java.lang.reflect.Method.invoke(Method.java:567)
at org.codehaus.groovy.runtime.callsite.PlainObjectMetaMethodSite.doInvoke(PlainObjectMetaMethodSite.java:43)
at org.codehaus.groovy.runtime.callsite.PogoMetaMethodSite$PogoCachedMethodSiteNoUnwrapNoCoerce.invoke(PogoMetaMethodSite.java:190)
at org.codehaus.groovy.runtime.callsite.PogoMetaMethodSite.callCurrent(PogoMetaMethodSite.java:58)
at org.codehaus.groovy.runtime.callsite.AbstractCallSite.callCurrent(AbstractCallSite.java:168)
at io.restassured.internal.ResponseSpecificationImpl.body(ResponseSpecificationImpl.groovy:98)
at io.restassured.internal.ValidatableResponseOptionsImpl.body(ValidatableResponseOptionsImpl.java:238)
at io.restassured.internal.ValidatableResponseImpl.super$2$body(ValidatableResponseImpl.groovy)
at jdk.internal.reflect.GeneratedMethodAccessor199.invoke(Unknown Source)
at java.base/jdk.internal.reflect.DelegatingMethodAccessorImpl.invoke(DelegatingMethodAccessorImpl.java:43)
at java.base/java.lang.reflect.Method.invoke(Method.java:567)
at org.codehaus.groovy.reflection.CachedMethod.invoke(CachedMethod.java:101)
at groovy.lang.MetaMethod.doMethodInvoke(MetaMethod.java:323)
at groovy.lang.MetaClassImpl.invokeMethod(MetaClassImpl.java:1217)
at org.codehaus.groovy.runtime.ScriptBytecodeAdapter.invokeMethodOnSuperN(ScriptBytecodeAdapter.java:144)
at io.restassured.internal.ValidatableResponseImpl.body(ValidatableResponseImpl.groovy:293)
at io.restassured.internal.ValidatableResponseImpl.body(ValidatableResponseImpl.groovy)
at com.ICM_UxAPI.GetDuctBank.whereParamStageIsConstructiongetDuctBank(GetDuctBank.java:119)
at java.base/jdk.internal.reflect.NativeMethodAccessorImpl.invoke0(Native Method)
at java.base/jdk.internal.reflect.NativeMethodAccessorImpl.invoke(NativeMethodAccessorImpl.java:62)
at java.base/jdk.internal.reflect.DelegatingMethodAccessorImpl.invoke(DelegatingMethodAccessorImpl.java:43)
at java.base/java.lang.reflect.Method.invoke(Method.java:567)
at org.testng.internal.MethodInvocationHelper.invokeMethod(MethodInvocationHelper.java:124)
at org.testng.internal.Invoker.invokeMethod(Invoker.java:583)
at org.testng.internal.Invoker.invokeTestMethod(Invoker.java:719)
at org.testng.internal.Invoker.invokeTestMethods(Invoker.java:989)
at org.testng.internal.TestMethodWorker.invokeTestMethods(TestMethodWorker.java:125)
at org.testng.internal.TestMethodWorker.run(TestMethodWorker.java:109)
at org.testng.TestRunner.privateRun(TestRunner.java:648)
at org.testng.TestRunner.run(TestRunner.java:505)
at org.testng.SuiteRunner.runTest(SuiteRunner.java:455)
at org.testng.SuiteRunner.access$000(SuiteRunner.java:40)
at org.testng.SuiteRunner$SuiteWorker.run(SuiteRunner.java:489)
at org.testng.internal.thread.ThreadUtil$1.call(ThreadUtil.java:52)
at java.base/java.util.concurrent.FutureTask.run(FutureTask.java:264)
at java.base/java.util.concurrent.ThreadPoolExecutor.runWorker(ThreadPoolExecutor.java:1128)
at java.base/java.util.concurrent.ThreadPoolExecutor$Worker.run(ThreadPoolExecutor.java:628)
at java.base/java.lang.Thread.run(Thread.java:830)
]]>
    </failure>
  </testcase> <!-- whereParamStageIsConstructiongetDuctBank -->
  <testcase classname="com.ICM_UxAPI.GetDuctBank" name="resultOffsetParamIs1001getDuctBank" time="1.224"/>
  <testcase classname="com.ICM_UxAPI.GetDuctBank" name="resultOffsetLastParamIs91000getDuctBank" time="1.227">
    <failure message="1 expectation failed.
JSON path exceededTransferLimit doesn&#039;t match.
Expected: is &lt;true&gt;
  Actual: null
" type="java.lang.AssertionError">
      <![CDATA[java.lang.AssertionError: 1 expectation failed.
JSON path exceededTransferLimit doesn't match.
Expected: is <true>
  Actual: null

at java.base/jdk.internal.reflect.NativeConstructorAccessorImpl.newInstance0(Native Method)
at java.base/jdk.internal.reflect.NativeConstructorAccessorImpl.newInstance(NativeConstructorAccessorImpl.java:62)
at java.base/jdk.internal.reflect.DelegatingConstructorAccessorImpl.newInstance(DelegatingConstructorAccessorImpl.java:45)
at java.base/java.lang.reflect.Constructor.newInstanceWithCaller(Constructor.java:500)
at java.base/java.lang.reflect.Constructor.newInstance(Constructor.java:481)
at org.codehaus.groovy.reflection.CachedConstructor.invoke(CachedConstructor.java:80)
at org.codehaus.groovy.reflection.CachedConstructor.doConstructorInvoke(CachedConstructor.java:74)
at org.codehaus.groovy.runtime.callsite.ConstructorSite$ConstructorSiteNoUnwrap.callConstructor(ConstructorSite.java:84)
at org.codehaus.groovy.runtime.callsite.AbstractCallSite.callConstructor(AbstractCallSite.java:249)
at io.restassured.internal.ResponseSpecificationImpl$HamcrestAssertionClosure.validate(ResponseSpecificationImpl.groovy:493)
at io.restassured.internal.ResponseSpecificationImpl$HamcrestAssertionClosure$validate$1.call(Unknown Source)
at io.restassured.internal.ResponseSpecificationImpl.validateResponseIfRequired(ResponseSpecificationImpl.groovy:674)
at jdk.internal.reflect.GeneratedMethodAccessor14.invoke(Unknown Source)
at java.base/jdk.internal.reflect.DelegatingMethodAccessorImpl.invoke(DelegatingMethodAccessorImpl.java:43)
at java.base/java.lang.reflect.Method.invoke(Method.java:567)
at org.codehaus.groovy.runtime.callsite.PlainObjectMetaMethodSite.doInvoke(PlainObjectMetaMethodSite.java:43)
at org.codehaus.groovy.runtime.callsite.PogoMetaMethodSite$PogoCachedMethodSiteNoUnwrapNoCoerce.invoke(PogoMetaMethodSite.java:190)
at org.codehaus.groovy.runtime.callsite.PogoMetaMethodSite.callCurrent(PogoMetaMethodSite.java:58)
at org.codehaus.groovy.runtime.callsite.AbstractCallSite.callCurrent(AbstractCallSite.java:168)
at io.restassured.internal.ResponseSpecificationImpl.body(ResponseSpecificationImpl.groovy:261)
at io.restassured.specification.ResponseSpecification$body$4.callCurrent(Unknown Source)
at io.restassured.internal.ResponseSpecificationImpl.body(ResponseSpecificationImpl.groovy:108)
at io.restassured.internal.ValidatableResponseOptionsImpl.body(ValidatableResponseOptionsImpl.java:244)
at io.restassured.internal.ValidatableResponseImpl.super$2$body(ValidatableResponseImpl.groovy)
at jdk.internal.reflect.GeneratedMethodAccessor172.invoke(Unknown Source)
at java.base/jdk.internal.reflect.DelegatingMethodAccessorImpl.invoke(DelegatingMethodAccessorImpl.java:43)
at java.base/java.lang.reflect.Method.invoke(Method.java:567)
at org.codehaus.groovy.reflection.CachedMethod.invoke(CachedMethod.java:101)
at groovy.lang.MetaMethod.doMethodInvoke(MetaMethod.java:323)
at groovy.lang.MetaClassImpl.invokeMethod(MetaClassImpl.java:1217)
at org.codehaus.groovy.runtime.ScriptBytecodeAdapter.invokeMethodOnSuperN(ScriptBytecodeAdapter.java:144)
at io.restassured.internal.ValidatableResponseImpl.body(ValidatableResponseImpl.groovy:298)
at io.restassured.internal.ValidatableResponseImpl.body(ValidatableResponseImpl.groovy)
at com.ICM_UxAPI.GetDuctBank.resultOffsetLastParamIs91000getDuctBank(GetDuctBank.java:150)
at java.base/jdk.internal.reflect.NativeMethodAccessorImpl.invoke0(Native Method)
at java.base/jdk.internal.reflect.NativeMethodAccessorImpl.invoke(NativeMethodAccessorImpl.java:62)
at java.base/jdk.internal.reflect.DelegatingMethodAccessorImpl.invoke(DelegatingMethodAccessorImpl.java:43)
at java.base/java.lang.reflect.Method.invoke(Method.java:567)
at org.testng.internal.MethodInvocationHelper.invokeMethod(MethodInvocationHelper.java:124)
at org.testng.internal.Invoker.invokeMethod(Invoker.java:583)
at org.testng.internal.Invoker.invokeTestMethod(Invoker.java:719)
at org.testng.internal.Invoker.invokeTestMethods(Invoker.java:989)
at org.testng.internal.TestMethodWorker.invokeTestMethods(TestMethodWorker.java:125)
at org.testng.internal.TestMethodWorker.run(TestMethodWorker.java:109)
at org.testng.TestRunner.privateRun(TestRunner.java:648)
at org.testng.TestRunner.run(TestRunner.java:505)
at org.testng.SuiteRunner.runTest(SuiteRunner.java:455)
at org.testng.SuiteRunner.access$000(SuiteRunner.java:40)
at org.testng.SuiteRunner$SuiteWorker.run(SuiteRunner.java:489)
at org.testng.internal.thread.ThreadUtil$1.call(ThreadUtil.java:52)
at java.base/java.util.concurrent.FutureTask.run(FutureTask.java:264)
at java.base/java.util.concurrent.ThreadPoolExecutor.runWorker(ThreadPoolExecutor.java:1128)
at java.base/java.util.concurrent.ThreadPoolExecutor$Worker.run(ThreadPoolExecutor.java:628)
at java.base/java.lang.Thread.run(Thread.java:830)
]]>
    </failure>
  </testcase> <!-- resultOffsetLastParamIs91000getDuctBank -->
  <testcase classname="com.ICM_UxAPI.GetDuctBank" name="resultOffsetInvalidParamIs92000getDuctBank" time="1.034"/>
  <testcase classname="com.ICM_UxAPI.GetDuctBank" name="returnGeometryParamIstruegetDuctBank" time="11.899"/>
  <testcase classname="com.ICM_UxAPI.GetDuctBank" name="returnGeometryInvalidParamIstrueegetDuctBank" time="0.426"/>
  <testcase classname="com.ICM_UxAPI.GetDuctBank" name="returnGeometryInvalidParamIsfalseegetDuctBank" time="0.372"/>
  <testcase classname="com.ICM_UxAPI.GetDuctBank" name="ownerIsDFA" time="1.178">
    <failure message="4 expectations failed.
Response body doesn&#039;t match expectation.
Expected: a string containing &quot;EBU&quot;
  Actual: {
  &quot;displayFieldName&quot;: &quot;name&quot;,
  &quot;fieldAliases&quot;: {
    &quot;owner&quot;: &quot;owner&quot;,
    &quot;stage&quot;: &quot;stage&quot;,
    &quot;ea1&quot;: &quot;Route Name&quot;,
    &quot;ea2&quot;: &quot;DFA Region&quot;
  },
  &quot;fields&quot;: [
    {
      &quot;name&quot;: &quot;owner&quot;,
      &quot;type&quot;: &quot;esriFieldTypeString&quot;,
      &quot;alias&quot;: &quot;owner&quot;,
      &quot;length&quot;: 50
    },
    {
      &quot;name&quot;: &quot;stage&quot;,
      &quot;type&quot;: &quot;esriFieldTypeString&quot;,
      &quot;alias&quot;: &quot;stage&quot;,
      &quot;length&quot;: 30
    },
    {
      &quot;name&quot;: &quot;ea1&quot;,
      &quot;type&quot;: &quot;esriFieldTypeString&quot;,
      &quot;alias&quot;: &quot;Route Name&quot;,
      &quot;length&quot;: 100
    },
    {
      &quot;name&quot;: &quot;ea2&quot;,
      &quot;type&quot;: &quot;esriFieldTypeString&quot;,
      &quot;alias&quot;: &quot;DFA Region&quot;,
      &quot;length&quot;: 100
    }
  ],
  &quot;features&quot;: [
    {
      &quot;attributes&quot;: {
        &quot;owner&quot;: &quot;DFA&quot;,
        &quot;stage&quot;: &quot;Completed&quot;,
        &quot;ea1&quot;: &quot;G02P03&quot;,
        &quot;ea2&quot;: &quot;Gauteng South&quot;
      }
    },
    {
      &quot;attributes&quot;: {
        &quot;owner&quot;: &quot;DFA&quot;,
        &quot;stage&quot;: &quot;Completed&quot;,
        &quot;ea1&quot;: &quot;K30P12&quot;,
        &quot;ea2&quot;: &quot;Kwa-Zulu Natal&quot;
      }
    },
    {
      &quot;attributes&quot;: {
        &quot;owner&quot;: &quot;DFA&quot;,
        &quot;stage&quot;: &quot;Completed&quot;,
        &quot;ea1&quot;: &quot;K30P12&quot;,
        &quot;ea2&quot;: &quot;Kwa-Zulu Natal&quot;
      }
    },
    {
      &quot;attributes&quot;: {
        &quot;owner&quot;: &quot;DFA&quot;,
        &quot;stage&quot;: &quot;Completed&quot;,
        &quot;ea1&quot;: &quot;K30P12&quot;,
        &quot;ea2&quot;: &quot;Kwa-Zulu Natal&quot;
      }
    },
    {
      &quot;attributes&quot;: {
        &quot;owner&quot;: &quot;DFA&quot;,
        &quot;stage&quot;: &quot;Completed&quot;,
        &quot;ea1&quot;: &quot;K30P12&quot;,
        &quot;ea2&quot;: &quot;Kwa-Zulu Natal&quot;
      }
    },
    {
      &quot;attributes&quot;: {
        &quot;owner&quot;: &quot;DFA&quot;,
        &quot;stage&quot;: &quot;Completed&quot;,
        &quot;ea1&quot;: &quot;K30P12&quot;,
        &quot;ea2&quot;: &quot;Kwa-Zulu Natal&quot;
      }
    },
    {
      &quot;attributes&quot;: {
        &quot;owner&quot;: &quot;DFA&quot;,
        &quot;stage&quot;: &quot;Completed&quot;,
        &quot;ea1&quot;: &quot;K30P12&quot;,
        &quot;ea2&quot;: &quot;Kwa-Zulu Natal&quot;
      }
    },
    {
      &quot;attributes&quot;: {
        &quot;owner&quot;: &quot;DFA&quot;,
        &quot;stage&quot;: &quot;Completed&quot;,
        &quot;ea1&quot;: &quot;K30P12&quot;,
        &quot;ea2&quot;: &quot;Kwa-Zulu Natal&quot;
      }
    },
    {
      &quot;attributes&quot;: {
        &quot;owner&quot;: &quot;DFA&quot;,
        &quot;stage&quot;: &quot;Completed&quot;,
        &quot;ea1&quot;: &quot;K30P12&quot;,
        &quot;ea2&quot;: &quot;Kwa-Zulu Natal&quot;
      }
    },
    {
      &quot;attributes&quot;: {
        &quot;owner&quot;: &quot;DFA&quot;,
        &quot;stage&quot;: &quot;Completed&quot;,
        &quot;ea1&quot;: &quot;K30P12&quot;,
        &quot;ea2&quot;: &quot;Kwa-Zulu Natal&quot;
      }
    },
    {
      &quot;attributes&quot;: {
        &quot;owner&quot;: &quot;DFA&quot;,
        &quot;stage&quot;: &quot;Completed&quot;,
        &quot;ea1&quot;: &quot;K30P12&quot;,
        &quot;ea2&quot;: &quot;Kwa-Zulu Natal&quot;
      }
    },
    {
      &quot;attributes&quot;: {
        &quot;owner&quot;: &quot;DFA&quot;,
        &quot;stage&quot;: &quot;Completed&quot;,
        &quot;ea1&quot;: &quot;K30P14&quot;,
        &quot;ea2&quot;: &quot;Kwa-Zulu Natal&quot;
      }
    },
    {
      &quot;attributes&quot;: {
        &quot;owner&quot;: &quot;DFA&quot;,
        &quot;stage&quot;: &quot;Completed&quot;,
        &quot;ea1&quot;: &quot;K50P53&quot;,
        &quot;ea2&quot;: &quot;Kwa-Zulu Natal&quot;
      }
    },
    {
      &quot;attributes&quot;: {
        &quot;owner&quot;: &quot;DFA&quot;,
        &quot;stage&quot;: &quot;Completed&quot;,
        &quot;ea1&quot;: &quot;K50P53&quot;,
        &quot;ea2&quot;: &quot;Kwa-Zulu Natal&quot;
      }
    },
    {
      &quot;attributes&quot;: {
        &quot;owner&quot;: &quot;DFA&quot;,
        &quot;stage&quot;: &quot;Completed&quot;,
        &quot;ea1&quot;: &quot;K50P53&quot;,
        &quot;ea2&quot;: &quot;Kwa-Zulu Natal&quot;
      }
    },
    {
      &quot;attributes&quot;: {
        &quot;owner&quot;: &quot;DFA&quot;,
        &quot;stage&quot;: &quot;Completed&quot;,
        &quot;ea1&quot;: &quot;K50P53&quot;,
        &quot;ea2&quot;: &quot;Kwa-Zulu Natal&quot;
      }
    },
    {
      &quot;attributes&quot;: {
        &quot;owner&quot;: &quot;DFA&quot;,
        &quot;stage&quot;: &quot;Completed&quot;,
        &quot;ea1&quot;: &quot;K50P53&quot;,
        &quot;ea2&quot;: &quot;Kwa-Zulu Natal&quot;
      }
    },
    {
      &quot;attributes&quot;: {
        &quot;owner&quot;: &quot;DFA&quot;,
        &quot;stage&quot;: &quot;Completed&quot;,
        &quot;ea1&quot;: &quot;K50P53&quot;,
        &quot;ea2&quot;: &quot;Kwa-Zulu Natal&quot;
      }
    },
    {
      &quot;attributes&quot;: {
        &quot;owner&quot;: &quot;DFA&quot;,
        &quot;stage&quot;: &quot;Completed&quot;,
        &quot;ea1&quot;: &quot;K50P53&quot;,
        &quot;ea2&quot;: &quot;Kwa-Zulu Natal&quot;
      }
    },
    {
      &quot;attributes&quot;: {
        &quot;owner&quot;: &quot;DFA&quot;,
        &quot;stage&quot;: &quot;Completed&quot;,
        &quot;ea1&quot;: &quot;K50P53&quot;,
        &quot;ea2&quot;: &quot;Kwa-Zulu Natal&quot;
      }
    },
    {
      &quot;attributes&quot;: {
        &quot;owner&quot;: &quot;DFA&quot;,
        &quot;stage&quot;: &quot;Completed&quot;,
        &quot;ea1&quot;: &quot;K50P53&quot;,
        &quot;ea2&quot;: &quot;Kwa-Zulu Natal&quot;
      }
    },
    {
      &quot;attributes&quot;: {
        &quot;owner&quot;: &quot;DFA&quot;,
        &quot;stage&quot;: &quot;Completed&quot;,
        &quot;ea1&quot;: &quot;K50P53&quot;,
        &quot;ea2&quot;: &quot;Kwa-Zulu Natal&quot;
      }
    },
    {
      &quot;attributes&quot;: {
        &quot;owner&quot;: &quot;DFA&quot;,
        &quot;stage&quot;: &quot;Completed&quot;,
        &quot;ea1&quot;: &quot;K50P53&quot;,
        &quot;ea2&quot;: &quot;Kwa-Zulu Natal&quot;
      }
    },
    {
      &quot;attributes&quot;: {
        &quot;owner&quot;: &quot;DFA&quot;,
        &quot;stage&quot;: &quot;Completed&quot;,
        &quot;ea1&quot;: &quot;K50P53&quot;,
        &quot;ea2&quot;: &quot;Kwa-Zulu Natal&quot;
      }
    },
    {
      &quot;attributes&quot;: {
        &quot;owner&quot;: &quot;DFA&quot;,
        &quot;stage&quot;: &quot;Completed&quot;,
        &quot;ea1&quot;: &quot;K50P45&quot;,
        &quot;ea2&quot;: &quot;Kwa-Zulu Natal&quot;
      }
    },
    {
      &quot;attributes&quot;: {
        &quot;owner&quot;: &quot;DFA&quot;,
        &quot;stage&quot;: &quot;Completed&quot;,
        &quot;ea1&quot;: &quot;K50P45&quot;,
        &quot;ea2&quot;: &quot;Kwa-Zulu Natal&quot;
      }
    },
    {
      &quot;attributes&quot;: {
        &quot;owner&quot;: &quot;DFA&quot;,
        &quot;stage&quot;: &quot;Completed&quot;,
        &quot;ea1&quot;: &quot;K50P45&quot;,
        &quot;ea2&quot;: &quot;Kwa-Zulu Natal&quot;
      }
    },
    {
      &quot;attributes&quot;: {
        &quot;owner&quot;: &quot;DFA&quot;,
        &quot;stage&quot;: &quot;Completed&quot;,
        &quot;ea1&quot;: &quot;K50P45&quot;,
        &quot;ea2&quot;: &quot;Kwa-Zulu Natal&quot;
      }
    },
    {
      &quot;attributes&quot;: {
        &quot;owner&quot;: &quot;DFA&quot;,
        &quot;stage&quot;: &quot;Completed&quot;,
        &quot;ea1&quot;: &quot;K50P45&quot;,
        &quot;ea2&quot;: &quot;Kwa-Zulu Natal&quot;
      }
    },
    {
      &quot;attributes&quot;: {
        &quot;owner&quot;: &quot;DFA&quot;,
        &quot;stage&quot;: &quot;Completed&quot;,
        &quot;ea1&quot;: &quot;K50P45&quot;,
        &quot;ea2&quot;: &quot;Kwa-Zulu Natal&quot;
      }
    },
    {
      &quot;attributes&quot;: {
        &quot;owner&quot;: &quot;DFA&quot;,
        &quot;stage&quot;: &quot;Completed&quot;,
        &quot;ea1&quot;: &quot;K01P05&quot;,
        &quot;ea2&quot;: &quot;Kwa-Zulu Natal&quot;
      }
    },
    {
      &quot;attributes&quot;: {
        &quot;owner&quot;: &quot;DFA&quot;,
        &quot;stage&quot;: &quot;Completed&quot;,
        &quot;ea1&quot;: &quot;K50P09&quot;,
        &quot;ea2&quot;: &quot;Kwa-Zulu Natal&quot;
      }
    },
    {
      &quot;attributes&quot;: {
        &quot;owner&quot;: &quot;DFA&quot;,
        &quot;stage&quot;: &quot;Completed&quot;,
        &quot;ea1&quot;: &quot;K50P09&quot;,
        &quot;ea2&quot;: &quot;Kwa-Zulu Natal&quot;
      }
    },
    {
      &quot;attributes&quot;: {
        &quot;owner&quot;: &quot;DFA&quot;,
        &quot;stage&quot;: &quot;Completed&quot;,
        &quot;ea1&quot;: &quot;K50P09&quot;,
        &quot;ea2&quot;: &quot;Kwa-Zulu Natal&quot;
      }
    },
    {
      &quot;attributes&quot;: {
        &quot;owner&quot;: &quot;DFA&quot;,
        &quot;stage&quot;: &quot;Completed&quot;,
        &quot;ea1&quot;: &quot;K50P09&quot;,
        &quot;ea2&quot;: &quot;Kwa-Zulu Natal&quot;
      }
    },
    {
      &quot;attributes&quot;: {
        &quot;owner&quot;: &quot;DFA&quot;,
        &quot;stage&quot;: &quot;Completed&quot;,
        &quot;ea1&quot;: &quot;K50P09&quot;,
        &quot;ea2&quot;: &quot;Kwa-Zulu Natal&quot;
      }
    },
    {
      &quot;attributes&quot;: {
        &quot;owner&quot;: &quot;DFA&quot;,
        &quot;stage&quot;: &quot;Completed&quot;,
        &quot;ea1&quot;: &quot;K50P09&quot;,
        &quot;ea2&quot;: &quot;Kwa-Zulu Natal&quot;
      }
    },
    {
      &quot;attributes&quot;: {
        &quot;owner&quot;: &quot;DFA&quot;,
        &quot;stage&quot;: &quot;Completed&quot;,
        &quot;ea1&quot;: &quot;K50P09&quot;,
        &quot;ea2&quot;: &quot;Kwa-Zulu Natal&quot;
      }
    },
    {
      &quot;attributes&quot;: {
        &quot;owner&quot;: &quot;DFA&quot;,
        &quot;stage&quot;: &quot;Completed&quot;,
        &quot;ea1&quot;: &quot;K50P09&quot;,
        &quot;ea2&quot;: &quot;Kwa-Zulu Natal&quot;
      }
    },
    {
      &quot;attributes&quot;: {
        &quot;owner&quot;: &quot;DFA&quot;,
        &quot;stage&quot;: &quot;Completed&quot;,
        &quot;ea1&quot;: &quot;K50P09&quot;,
        &quot;ea2&quot;: &quot;Kwa-Zulu Natal&quot;
      }
    },
    {
      &quot;attributes&quot;: {
        &quot;owner&quot;: &quot;DFA&quot;,
        &quot;stage&quot;: &quot;Completed&quot;,
        &quot;ea1&quot;: &quot;K50P09&quot;,
        &quot;ea2&quot;: &quot;Kwa-Zulu Natal&quot;
      }
    },
    {
      &quot;attributes&quot;: {
        &quot;owner&quot;: &quot;DFA&quot;,
        &quot;stage&quot;: &quot;Completed&quot;,
        &quot;ea1&quot;: &quot;AS0051CH023310&quot;,
        &quot;ea2&quot;: &quot;Western Region&quot;
      }
    },
    {
      &quot;attributes&quot;: {
        &quot;owner&quot;: &quot;DFA&quot;,
        &quot;stage&quot;: &quot;Completed&quot;,
        &quot;ea1&quot;: &quot;K30P11&quot;,
        &quot;ea2&quot;: &quot;Kwa-Zulu Natal&quot;
      }
    },
    {
      &quot;attributes&quot;: {
        &quot;owner&quot;: &quot;DFA&quot;,
        &quot;stage&quot;: &quot;Completed&quot;,
        &quot;ea1&quot;: &quot;K50P31&quot;,
        &quot;ea2&quot;: &quot;Kwa-Zulu Natal&quot;
      }
    },
    {
      &quot;attributes&quot;: {
        &quot;owner&quot;: &quot;DFA&quot;,
        &quot;stage&quot;: &quot;Completed&quot;,
        &quot;ea1&quot;: &quot;K50P31&quot;,
        &quot;ea2&quot;: &quot;Kwa-Zulu Natal&quot;
      }
    },
    {
      &quot;attributes&quot;: {
        &quot;owner&quot;: &quot;DFA&quot;,
        &quot;stage&quot;: &quot;Completed&quot;,
        &quot;ea1&quot;: &quot;K50P31&quot;,
        &quot;ea2&quot;: &quot;Kwa-Zulu Natal&quot;
      }
    },
    {
      &quot;attributes&quot;: {
        &quot;owner&quot;: &quot;DFA&quot;,
        &quot;stage&quot;: &quot;Completed&quot;,
        &quot;ea1&quot;: &quot;K50P31&quot;,
        &quot;ea2&quot;: &quot;Kwa-Zulu Natal&quot;
      }
    },
    {
      &quot;attributes&quot;: {
        &quot;owner&quot;: &quot;DFA&quot;,
        &quot;stage&quot;: &quot;Completed&quot;,
        &quot;ea1&quot;: &quot;K50P31&quot;,
        &quot;ea2&quot;: &quot;Kwa-Zulu Natal&quot;
      }
    },
    {
      &quot;attributes&quot;: {
        &quot;owner&quot;: &quot;DFA&quot;,
        &quot;stage&quot;: &quot;Completed&quot;,
        &quot;ea1&quot;: &quot;K50P31&quot;,
        &quot;ea2&quot;: &quot;Kwa-Zulu Natal&quot;
      }
    },
    {
      &quot;attributes&quot;: {
        &quot;owner&quot;: &quot;DFA&quot;,
        &quot;stage&quot;: &quot;Completed&quot;,
        &quot;ea1&quot;: &quot;K50P31&quot;,
        &quot;ea2&quot;: &quot;Kwa-Zulu Natal&quot;
      }
    },
    {
      &quot;attributes&quot;: {
        &quot;owner&quot;: &quot;DFA&quot;,
        &quot;stage&quot;: &quot;Completed&quot;,
        &quot;ea1&quot;: &quot;K50P31&quot;,
        &quot;ea2&quot;: &quot;Kwa-Zulu Natal&quot;
      }
    },
    {
      &quot;attributes&quot;: {
        &quot;owner&quot;: &quot;DFA&quot;,
        &quot;stage&quot;: &quot;Completed&quot;,
        &quot;ea1&quot;: &quot;K50P33&quot;,
        &quot;ea2&quot;: &quot;Kwa-Zulu Natal&quot;
      }
    },
    {
      &quot;attributes&quot;: {
        &quot;owner&quot;: &quot;DFA&quot;,
        &quot;stage&quot;: &quot;Completed&quot;,
        &quot;ea1&quot;: &quot;AS00590GH001265&quot;,
        &quot;ea2&quot;: &quot;Gauteng South&quot;
      }
    },
    {
      &quot;attributes&quot;: {
        &quot;owner&quot;: &quot;DFA&quot;,
        &quot;stage&quot;: &quot;Completed&quot;,
        &quot;ea1&quot;: &quot;K50P53&quot;,
        &quot;ea2&quot;: &quot;Kwa-Zulu Natal&quot;
      }
    },
    {
      &quot;attributes&quot;: {
        &quot;owner&quot;: &quot;DFA&quot;,
        &quot;stage&quot;: &quot;Completed&quot;,
        &quot;ea1&quot;: &quot;K50P23&quot;,
        &quot;ea2&quot;: &quot;Kwa-Zulu Natal&quot;
      }
    },
    {
      &quot;attributes&quot;: {
        &quot;owner&quot;: &quot;DFA&quot;,
        &quot;stage&quot;: &quot;Completed&quot;,
        &quot;ea1&quot;: &quot;AS04053GH024442&quot;,
        &quot;ea2&quot;: &quot;Gauteng South&quot;
      }
    },
    {
      &quot;attributes&quot;: {
        &quot;owner&quot;: &quot;DFA&quot;,
        &quot;stage&quot;: &quot;Completed&quot;,
        &quot;ea1&quot;: &quot;AS04053GH024443&quot;,
        &quot;ea2&quot;: &quot;Gauteng South&quot;
      }
    },
    {
      &quot;attributes&quot;: {
        &quot;owner&quot;: &quot;DFA&quot;,
        &quot;stage&quot;: &quot;Completed&quot;,
        &quot;ea1&quot;: &quot;K50P31&quot;,
        &quot;ea2&quot;: &quot;Kwa-Zulu Natal&quot;
      }
    },
    {
      &quot;attributes&quot;: {
        &quot;owner&quot;: &quot;DFA&quot;,
        &quot;stage&quot;: &quot;Completed&quot;,
        &quot;ea1&quot;: &quot;K50P31&quot;,
        &quot;ea2&quot;: &quot;Kwa-Zulu Natal&quot;
      }
    },
    {
      &quot;attributes&quot;: {
        &quot;owner&quot;: &quot;DFA&quot;,
        &quot;stage&quot;: &quot;Completed&quot;,
        &quot;ea1&quot;: &quot;AS01570GH001329&quot;,
        &quot;ea2&quot;: &quot;Gauteng South&quot;
      }
    },
    {
      &quot;attributes&quot;: {
        &quot;owner&quot;: &quot;DFA&quot;,
        &quot;stage&quot;: &quot;Completed&quot;,
        &quot;ea1&quot;: &quot;W01P08&quot;,
        &quot;ea2&quot;: &quot;Western Region&quot;
      }
    },
    {
      &quot;attributes&quot;: {
        &quot;owner&quot;: &quot;DFA&quot;,
        &quot;stage&quot;: &quot;Completed&quot;,
        &quot;ea1&quot;: &quot;K01P04&quot;,
        &quot;ea2&quot;: &quot;Kwa-Zulu Natal&quot;
      }
    },
    {
      &quot;attributes&quot;: {
        &quot;owner&quot;: &quot;DFA&quot;,
        &quot;stage&quot;: &quot;Completed&quot;,
        &quot;ea1&quot;: &quot;G65P40&quot;,
        &quot;ea2&quot;: &quot;Gauteng South&quot;
      }
    },
    {
      &quot;attributes&quot;: {
        &quot;owner&quot;: &quot;DFA&quot;,
        &quot;stage&quot;: &quot;Completed&quot;,
        &quot;ea1&quot;: &quot;K20P12&quot;,
        &quot;ea2&quot;: &quot;Kwa-Zulu Natal&quot;
      }
    },
    {
      &quot;attributes&quot;: {
        &quot;owner&quot;: &quot;DFA&quot;,
        &quot;stage&quot;: &quot;Completed&quot;,
        &quot;ea1&quot;: &quot;K30P04&quot;,
        &quot;ea2&quot;: &quot;Kwa-Zulu Natal&quot;
      }
    },
    {
      &quot;attributes&quot;: {
        &quot;owner&quot;: &quot;DFA&quot;,
        &quot;stage&quot;: &quot;Construction&quot;,
        &quot;ea1&quot;: &quot;none&quot;,
        &quot;ea2&quot;: &quot;Eastern Region&quot;
      }
    },
    {
      &quot;attributes&quot;: {
        &quot;owner&quot;: &quot;DFA&quot;,
        &quot;stage&quot;: &quot;Completed&quot;,
        &quot;ea1&quot;: &quot;K30P04&quot;,
        &quot;ea2&quot;: &quot;Kwa-Zulu Natal&quot;
      }
    },
    {
      &quot;attributes&quot;: {
        &quot;owner&quot;: &quot;DFA&quot;,
        &quot;stage&quot;: &quot;Completed&quot;,
        &quot;ea1&quot;: &quot;K50P36&quot;,
        &quot;ea2&quot;: &quot;Kwa-Zulu Natal&quot;
      }
    },
    {
      &quot;attributes&quot;: {
        &quot;owner&quot;: &quot;DFA&quot;,
        &quot;stage&quot;: &quot;Completed&quot;,
        &quot;ea1&quot;: &quot;VS02267KH022350&quot;,
        &quot;ea2&quot;: &quot;Kwa-Zulu Natal&quot;
      }
    },
    {
      &quot;attributes&quot;: {
        &quot;owner&quot;: &quot;DFA&quot;,
        &quot;stage&quot;: &quot;Completed&quot;,
        &quot;ea1&quot;: &quot;K30P09&quot;,
        &quot;ea2&quot;: &quot;Kwa-Zulu Natal&quot;
      }
    },
    {
      &quot;attributes&quot;: {
        &quot;owner&quot;: &quot;DFA&quot;,
        &quot;stage&quot;: &quot;Completed&quot;,
        &quot;ea1&quot;: &quot;AS01555GH000516&quot;,
        &quot;ea2&quot;: &quot;Gauteng South&quot;
      }
    },
    {
      &quot;attributes&quot;: {
        &quot;owner&quot;: &quot;DFA&quot;,
        &quot;stage&quot;: &quot;Completed&quot;,
        &quot;ea1&quot;: &quot;W44P04&quot;,
        &quot;ea2&quot;: &quot;Western Region&quot;
      }
    },
    {
      &quot;attributes&quot;: {
        &quot;owner&quot;: &quot;DFA&quot;,
        &quot;stage&quot;: &quot;Completed&quot;,
        &quot;ea1&quot;: &quot;W44P02&quot;,
        &quot;ea2&quot;: &quot;Western Region&quot;
      }
    },
    {
      &quot;attributes&quot;: {
        &quot;owner&quot;: &quot;DFA&quot;,
        &quot;stage&quot;: &quot;Completed&quot;,
        &quot;ea1&quot;: &quot;W44P02&quot;,
        &quot;ea2&quot;: &quot;Western Region&quot;
      }
    },
    {
      &quot;attributes&quot;: {
        &quot;owner&quot;: &quot;DFA&quot;,
        &quot;stage&quot;: &quot;Completed&quot;,
        &quot;ea1&quot;: &quot;none&quot;,
        &quot;ea2&quot;: &quot;Eastern Region&quot;
      }
    },
    {
      &quot;attributes&quot;: {
        &quot;owner&quot;: &quot;DFA&quot;,
        &quot;stage&quot;: &quot;Completed&quot;,
        &quot;ea1&quot;: &quot;W44P02&quot;,
        &quot;ea2&quot;: &quot;Western Region&quot;
      }
    },
    {
      &quot;attributes&quot;: {
        &quot;owner&quot;: &quot;DFA&quot;,
        &quot;stage&quot;: &quot;Completed&quot;,
        &quot;ea1&quot;: &quot;W44P02&quot;,
        &quot;ea2&quot;: &quot;Western Region&quot;
      }
    },
    {
      &quot;attributes&quot;: {
        &quot;owner&quot;: &quot;DFA&quot;,
        &quot;stage&quot;: &quot;Completed&quot;,
        &quot;ea1&quot;: &quot;W44P02&quot;,
        &quot;ea2&quot;: &quot;Western Region&quot;
      }
    },
    {
      &quot;attributes&quot;: {
        &quot;owner&quot;: &quot;DFA&quot;,
        &quot;stage&quot;: &quot;Completed&quot;,
        &quot;ea1&quot;: &quot;W44P07&quot;,
        &quot;ea2&quot;: &quot;Western Region&quot;
      }
    },
    {
      &quot;attributes&quot;: {
        &quot;owner&quot;: &quot;DFA&quot;,
        &quot;stage&quot;: &quot;Completed&quot;,
        &quot;ea1&quot;: &quot;W44P07&quot;,
        &quot;ea2&quot;: &quot;Western Region&quot;
      }
    },
    {
      &quot;attributes&quot;: {
        &quot;owner&quot;: &quot;DFA&quot;,
        &quot;stage&quot;: &quot;Completed&quot;,
        &quot;ea1&quot;: &quot;W44P07&quot;,
        &quot;ea2&quot;: &quot;Western Region&quot;
      }
    },
    {
      &quot;attributes&quot;: {
        &quot;owner&quot;: &quot;DFA&quot;,
        &quot;stage&quot;: &quot;Completed&quot;,
        &quot;ea1&quot;: &quot;VS03888WH050002&quot;,
        &quot;ea2&quot;: &quot;Western Region&quot;
      }
    },
    {
      &quot;attributes&quot;: {
        &quot;owner&quot;: &quot;DFA&quot;,
        &quot;stage&quot;: &quot;Completed&quot;,
        &quot;ea1&quot;: &quot;NW03P06&quot;,
        &quot;ea2&quot;: &quot;Northern Region&quot;
      }
    },
    {
      &quot;attributes&quot;: {
        &quot;owner&quot;: &quot;DFA&quot;,
        &quot;stage&quot;: &quot;Completed&quot;,
        &quot;ea1&quot;: &quot;NB50P80&quot;,
        &quot;ea2&quot;: &quot;Northern Region&quot;
      }
    },
    {
      &quot;attributes&quot;: {
        &quot;owner&quot;: &quot;DFA&quot;,
        &quot;stage&quot;: &quot;Construction&quot;,
        &quot;ea1&quot;: &quot;NB01P02&quot;,
        &quot;ea2&quot;: &quot;Northern Region&quot;
      }
    },
    {
      &quot;attributes&quot;: {
        &quot;owner&quot;: &quot;DFA&quot;,
        &quot;stage&quot;: &quot;Completed&quot;,
        &quot;ea1&quot;: &quot;G52P33&quot;,
        &quot;ea2&quot;: &quot;Gauteng South&quot;
      }
    },
    {
      &quot;attributes&quot;: {
        &quot;owner&quot;: &quot;DFA&quot;,
        &quot;stage&quot;: &quot;Completed&quot;,
        &quot;ea1&quot;: &quot;G52P33&quot;,
        &quot;ea2&quot;: &quot;Gauteng South&quot;
      }
    },
    {
      &quot;attributes&quot;: {
        &quot;owner&quot;: &quot;DFA&quot;,
        &quot;stage&quot;: &quot;Completed&quot;,
        &quot;ea1&quot;: &quot;G52P33&quot;,
        &quot;ea2&quot;: &quot;Gauteng South&quot;
      }
    },
    {
      &quot;attributes&quot;: {
        &quot;owner&quot;: &quot;DFA&quot;,
        &quot;stage&quot;: &quot;Completed&quot;,
        &quot;ea1&quot;: &quot;G52P33&quot;,
        &quot;ea2&quot;: &quot;Gauteng South&quot;
      }
    },
    {
      &quot;attributes&quot;: {
        &quot;owner&quot;: &quot;DFA&quot;,
        &quot;stage&quot;: &quot;Completed&quot;,
        &quot;ea1&quot;: &quot;G52P33&quot;,
        &quot;ea2&quot;: &quot;Gauteng South&quot;
      }
    },
    {
      &quot;attributes&quot;: {
        &quot;owner&quot;: &quot;DFA&quot;,
        &quot;stage&quot;: &quot;Completed&quot;,
        &quot;ea1&quot;: &quot;G52P33&quot;,
        &quot;ea2&quot;: &quot;Gauteng South&quot;
      }
    },
    {
      &quot;attributes&quot;: {
        &quot;owner&quot;: &quot;DFA&quot;,
        &quot;stage&quot;: &quot;Completed&quot;,
        &quot;ea1&quot;: &quot;G52P33&quot;,
        &quot;ea2&quot;: &quot;Gauteng South&quot;
      }
    },
    {
      &quot;attributes&quot;: {
        &quot;owner&quot;: &quot;DFA&quot;,
        &quot;stage&quot;: &quot;Completed&quot;,
        &quot;ea1&quot;: &quot;G52P33&quot;,
        &quot;ea2&quot;: &quot;Gauteng South&quot;
      }
    },
    {
      &quot;attributes&quot;: {
        &quot;owner&quot;: &quot;DFA&quot;,
        &quot;stage&quot;: &quot;Completed&quot;,
        &quot;ea1&quot;: &quot;G52P33&quot;,
        &quot;ea2&quot;: &quot;Gauteng South&quot;
      }
    },
    {
      &quot;attributes&quot;: {
        &quot;owner&quot;: &quot;DFA&quot;,
        &quot;stage&quot;: &quot;Completed&quot;,
        &quot;ea1&quot;: &quot;G52P33&quot;,
        &quot;ea2&quot;: &quot;Gauteng South&quot;
      }
    },
    {
      &quot;attributes&quot;: {
        &quot;owner&quot;: &quot;DFA&quot;,
        &quot;stage&quot;: &quot;Completed&quot;,
        &quot;ea1&quot;: &quot;G52P33&quot;,
        &quot;ea2&quot;: &quot;Gauteng South&quot;
      }
    },
    {
      &quot;attributes&quot;: {
        &quot;owner&quot;: &quot;DFA&quot;,
        &quot;stage&quot;: &quot;Completed&quot;,
        &quot;ea1&quot;: &quot;G52P33&quot;,
        &quot;ea2&quot;: &quot;Gauteng South&quot;
      }
    },
    {
      &quot;attributes&quot;: {
        &quot;owner&quot;: &quot;DFA&quot;,
        &quot;stage&quot;: &quot;Completed&quot;,
        &quot;ea1&quot;: &quot;G52P33&quot;,
        &quot;ea2&quot;: &quot;Gauteng South&quot;
      }
    },
    {
      &quot;attributes&quot;: {
        &quot;owner&quot;: &quot;DFA&quot;,
        &quot;stage&quot;: &quot;Completed&quot;,
        &quot;ea1&quot;: &quot;G52P33&quot;,
        &quot;ea2&quot;: &quot;Gauteng South&quot;
      }
    },
    {
      &quot;attributes&quot;: {
        &quot;owner&quot;: &quot;DFA&quot;,
        &quot;stage&quot;: &quot;Completed&quot;,
        &quot;ea1&quot;: &quot;G52P33&quot;,
        &quot;ea2&quot;: &quot;Gauteng South&quot;
      }
    },
    {
      &quot;attributes&quot;: {
        &quot;owner&quot;: &quot;DFA&quot;,
        &quot;stage&quot;: &quot;Completed&quot;,
        &quot;ea1&quot;: &quot;G52P33&quot;,
        &quot;ea2&quot;: &quot;Gauteng South&quot;
      }
    },
    {
      &quot;attributes&quot;: {
        &quot;owner&quot;: &quot;DFA&quot;,
        &quot;stage&quot;: &quot;Completed&quot;,
        &quot;ea1&quot;: &quot;G52P33&quot;,
        &quot;ea2&quot;: &quot;Gauteng South&quot;
      }
    },
    {
      &quot;attributes&quot;: {
        &quot;owner&quot;: &quot;DFA&quot;,
        &quot;stage&quot;: &quot;Completed&quot;,
        &quot;ea1&quot;: &quot;G52P33&quot;,
        &quot;ea2&quot;: &quot;Gauteng South&quot;
      }
    },
    {
      &quot;attributes&quot;: {
        &quot;owner&quot;: &quot;DFA&quot;,
        &quot;stage&quot;: &quot;Completed&quot;,
        &quot;ea1&quot;: &quot;G52P33&quot;,
        &quot;ea2&quot;: &quot;Gauteng South&quot;
      }
    },
    {
      &quot;attributes&quot;: {
        &quot;owner&quot;: &quot;DFA&quot;,
        &quot;stage&quot;: &quot;Completed&quot;,
        &quot;ea1&quot;: &quot;G52P33&quot;,
        &quot;ea2&quot;: &quot;Gauteng South&quot;
      }
    },
    {
      &quot;attributes&quot;: {
        &quot;owner&quot;: &quot;DFA&quot;,
        &quot;stage&quot;: &quot;Completed&quot;,
        &quot;ea1&quot;: &quot;G52P33&quot;,
        &quot;ea2&quot;: &quot;Gauteng South&quot;
      }
    },
    {
      &quot;attributes&quot;: {
        &quot;owner&quot;: &quot;DFA&quot;,
        &quot;stage&quot;: &quot;Completed&quot;,
        &quot;ea1&quot;: &quot;G52P33&quot;,
        &quot;ea2&quot;: &quot;Gauteng South&quot;
      }
    },
    {
      &quot;attributes&quot;: {
        &quot;owner&quot;: &quot;DFA&quot;,
        &quot;stage&quot;: &quot;Completed&quot;,
        &quot;ea1&quot;: &quot;G52P33&quot;,
        &quot;ea2&quot;: &quot;Gauteng South&quot;
      }
    },
    {
      &quot;attributes&quot;: {
        &quot;owner&quot;: &quot;DFA&quot;,
        &quot;stage&quot;: &quot;Completed&quot;,
        &quot;ea1&quot;: &quot;G52P33&quot;,
        &quot;ea2&quot;: &quot;Gauteng South&quot;
      }
    },
    {
      &quot;attributes&quot;: {
        &quot;owner&quot;: &quot;DFA&quot;,
        &quot;stage&quot;: &quot;Completed&quot;,
        &quot;ea1&quot;: &quot;G52P33&quot;,
        &quot;ea2&quot;: &quot;Gauteng South&quot;
      }
    },
    {
      &quot;attributes&quot;: {
        &quot;owner&quot;: &quot;DFA&quot;,
        &quot;stage&quot;: &quot;Completed&quot;,
        &quot;ea1&quot;: &quot;G52P33&quot;,
        &quot;ea2&quot;: &quot;Gauteng South&quot;
      }
    },
    {
      &quot;attributes&quot;: {
        &quot;owner&quot;: &quot;DFA&quot;,
        &quot;stage&quot;: &quot;Completed&quot;,
        &quot;ea1&quot;: &quot;G52P33&quot;,
        &quot;ea2&quot;: &quot;Gauteng South&quot;
      }
    },
    {
      &quot;attributes&quot;: {
        &quot;owner&quot;: &quot;DFA&quot;,
        &quot;stage&quot;: &quot;Completed&quot;,
        &quot;ea1&quot;: &quot;G52P33&quot;,
        &quot;ea2&quot;: &quot;Gauteng South&quot;
      }
    },
    {
      &quot;attributes&quot;: {
        &quot;owner&quot;: &quot;DFA&quot;,
        &quot;stage&quot;: &quot;Completed&quot;,
        &quot;ea1&quot;: &quot;G52P33&quot;,
        &quot;ea2&quot;: &quot;Gauteng South&quot;
      }
    },
    {
      &quot;attributes&quot;: {
        &quot;owner&quot;: &quot;DFA&quot;,
        &quot;stage&quot;: &quot;Completed&quot;,
        &quot;ea1&quot;: &quot;G52P33&quot;,
        &quot;ea2&quot;: &quot;Gauteng South&quot;
      }
    },
    {
      &quot;attributes&quot;: {
        &quot;owner&quot;: &quot;DFA&quot;,
        &quot;stage&quot;: &quot;Completed&quot;,
        &quot;ea1&quot;: &quot;G52P33&quot;,
        &quot;ea2&quot;: &quot;Gauteng South&quot;
      }
    },
    {
      &quot;attributes&quot;: {
        &quot;owner&quot;: &quot;DFA&quot;,
        &quot;stage&quot;: &quot;Completed&quot;,
        &quot;ea1&quot;: &quot;G52P33&quot;,
        &quot;ea2&quot;: &quot;Gauteng South&quot;
      }
    },
    {
      &quot;attributes&quot;: {
        &quot;owner&quot;: &quot;DFA&quot;,
        &quot;stage&quot;: &quot;Completed&quot;,
        &quot;ea1&quot;: &quot;G52P33&quot;,
        &quot;ea2&quot;: &quot;Gauteng South&quot;
      }
    },
    {
      &quot;attributes&quot;: {
        &quot;owner&quot;: &quot;DFA&quot;,
        &quot;stage&quot;: &quot;Completed&quot;,
        &quot;ea1&quot;: &quot;G52P33&quot;,
        &quot;ea2&quot;: &quot;Gauteng South&quot;
      }
    },
    {
      &quot;attributes&quot;: {
        &quot;owner&quot;: &quot;DFA&quot;,
        &quot;stage&quot;: &quot;Completed&quot;,
        &quot;ea1&quot;: &quot;G52P33&quot;,
        &quot;ea2&quot;: &quot;Gauteng South&quot;
      }
    },
    {
      &quot;attributes&quot;: {
        &quot;owner&quot;: &quot;DFA&quot;,
        &quot;stage&quot;: &quot;Completed&quot;,
        &quot;ea1&quot;: &quot;G52P33&quot;,
        &quot;ea2&quot;: &quot;Gauteng South&quot;
      }
    },
    {
      &quot;attributes&quot;: {
        &quot;owner&quot;: &quot;DFA&quot;,
        &quot;stage&quot;: &quot;Completed&quot;,
        &quot;ea1&quot;: &quot;G52P33&quot;,
        &quot;ea2&quot;: &quot;Gauteng South&quot;
      }
    },
    {
      &quot;attributes&quot;: {
        &quot;owner&quot;: &quot;DFA&quot;,
        &quot;stage&quot;: &quot;Completed&quot;,
        &quot;ea1&quot;: &quot;G52P33&quot;,
        &quot;ea2&quot;: &quot;Gauteng South&quot;
      }
    },
    {
      &quot;attributes&quot;: {
        &quot;owner&quot;: &quot;DFA&quot;,
        &quot;stage&quot;: &quot;Completed&quot;,
        &quot;ea1&quot;: &quot;G52P33&quot;,
        &quot;ea2&quot;: &quot;Gauteng South&quot;
      }
    },
    {
      &quot;attributes&quot;: {
        &quot;owner&quot;: &quot;DFA&quot;,
        &quot;stage&quot;: &quot;Completed&quot;,
        &quot;ea1&quot;: &quot;G52P33&quot;,
        &quot;ea2&quot;: &quot;Gauteng South&quot;
      }
    },
    {
      &quot;attributes&quot;: {
        &quot;owner&quot;: &quot;DFA&quot;,
        &quot;stage&quot;: &quot;Completed&quot;,
        &quot;ea1&quot;: &quot;G52P33&quot;,
        &quot;ea2&quot;: &quot;Gauteng South&quot;
      }
    },
    {
      &quot;attributes&quot;: {
        &quot;owner&quot;: &quot;DFA&quot;,
        &quot;stage&quot;: &quot;Completed&quot;,
        &quot;ea1&quot;: &quot;G52P33&quot;,
        &quot;ea2&quot;: &quot;Gauteng South&quot;
      }
    },
    {
      &quot;attributes&quot;: {
        &quot;owner&quot;: &quot;DFA&quot;,
        &quot;stage&quot;: &quot;Completed&quot;,
        &quot;ea1&quot;: &quot;G52P33&quot;,
        &quot;ea2&quot;: &quot;Gauteng South&quot;
      }
    },
    {
      &quot;attributes&quot;: {
        &quot;owner&quot;: &quot;DFA&quot;,
        &quot;stage&quot;: &quot;Completed&quot;,
        &quot;ea1&quot;: &quot;G52P33&quot;,
        &quot;ea2&quot;: &quot;Gauteng South&quot;
      }
    },
    {
      &quot;attributes&quot;: {
        &quot;owner&quot;: &quot;DFA&quot;,
        &quot;stage&quot;: &quot;Completed&quot;,
        &quot;ea1&quot;: &quot;G52P33&quot;,
        &quot;ea2&quot;: &quot;Gauteng South&quot;
      }
    },
    {
      &quot;attributes&quot;: {
        &quot;owner&quot;: &quot;DFA&quot;,
        &quot;stage&quot;: &quot;Construction&quot;,
        &quot;ea1&quot;: &quot;G50P66&quot;,
        &quot;ea2&quot;: &quot;Gauteng South&quot;
      }
    },
    {
      &quot;attributes&quot;: {
        &quot;owner&quot;: &quot;DFA&quot;,
        &quot;stage&quot;: &quot;Completed&quot;,
        &quot;ea1&quot;: &quot;G52P33&quot;,
        &quot;ea2&quot;: &quot;Gauteng South&quot;
      }
    },
    {
      &quot;attributes&quot;: {
        &quot;owner&quot;: &quot;DFA&quot;,
        &quot;stage&quot;: &quot;Completed&quot;,
        &quot;ea1&quot;: &quot;G52P33&quot;,
        &quot;ea2&quot;: &quot;Gauteng South&quot;
      }
    },
    {
      &quot;attributes&quot;: {
        &quot;owner&quot;: &quot;DFA&quot;,
        &quot;stage&quot;: &quot;Completed&quot;,
        &quot;ea1&quot;: &quot;G52P33&quot;,
        &quot;ea2&quot;: &quot;Gauteng South&quot;
      }
    },
    {
      &quot;attributes&quot;: {
        &quot;owner&quot;: &quot;DFA&quot;,
        &quot;stage&quot;: &quot;Completed&quot;,
        &quot;ea1&quot;: &quot;G52P33&quot;,
        &quot;ea2&quot;: &quot;Gauteng South&quot;
      }
    },
    {
      &quot;attributes&quot;: {
        &quot;owner&quot;: &quot;DFA&quot;,
        &quot;stage&quot;: &quot;Completed&quot;,
        &quot;ea1&quot;: &quot;G30P45&quot;,
        &quot;ea2&quot;: &quot;Gauteng South&quot;
      }
    },
    {
      &quot;attributes&quot;: {
        &quot;owner&quot;: &quot;DFA&quot;,
        &quot;stage&quot;: &quot;Completed&quot;,
        &quot;ea1&quot;: &quot;G52P43&quot;,
        &quot;ea2&quot;: &quot;Gauteng South&quot;
      }
    },
    {
      &quot;attributes&quot;: {
        &quot;owner&quot;: &quot;DFA&quot;,
        &quot;stage&quot;: &quot;Completed&quot;,
        &quot;ea1&quot;: &quot;G52P43&quot;,
        &quot;ea2&quot;: &quot;Gauteng South&quot;
      }
    },
    {
      &quot;attributes&quot;: {
        &quot;owner&quot;: &quot;DFA&quot;,
        &quot;stage&quot;: &quot;Completed&quot;,
        &quot;ea1&quot;: &quot;G52P43&quot;,
        &quot;ea2&quot;: &quot;Gauteng South&quot;
      }
    },
    {
      &quot;attributes&quot;: {
        &quot;owner&quot;: &quot;DFA&quot;,
        &quot;stage&quot;: &quot;Completed&quot;,
        &quot;ea1&quot;: &quot;G52P43&quot;,
        &quot;ea2&quot;: &quot;Gauteng South&quot;
      }
    },
    {
      &quot;attributes&quot;: {
        &quot;owner&quot;: &quot;DFA&quot;,
        &quot;stage&quot;: &quot;Completed&quot;,
        &quot;ea1&quot;: &quot;G52P43&quot;,
        &quot;ea2&quot;: &quot;Gauteng South&quot;
      }
    },
    {
      &quot;attributes&quot;: {
        &quot;owner&quot;: &quot;DFA&quot;,
        &quot;stage&quot;: &quot;Completed&quot;,
        &quot;ea1&quot;: &quot;G52P43&quot;,
        &quot;ea2&quot;: &quot;Gauteng South&quot;
      }
    },
    {
      &quot;attributes&quot;: {
        &quot;owner&quot;: &quot;DFA&quot;,
        &quot;stage&quot;: &quot;Completed&quot;,
        &quot;ea1&quot;: &quot;G52P43&quot;,
        &quot;ea2&quot;: &quot;Gauteng South&quot;
      }
    },
    {
      &quot;attributes&quot;: {
        &quot;owner&quot;: &quot;DFA&quot;,
        &quot;stage&quot;: &quot;Completed&quot;,
        &quot;ea1&quot;: &quot;G52P43&quot;,
        &quot;ea2&quot;: &quot;Gauteng South&quot;
      }
    },
    {
      &quot;attributes&quot;: {
        &quot;owner&quot;: &quot;DFA&quot;,
        &quot;stage&quot;: &quot;Completed&quot;,
        &quot;ea1&quot;: &quot;G52P43&quot;,
        &quot;ea2&quot;: &quot;Gauteng South&quot;
      }
    },
    {
      &quot;attributes&quot;: {
        &quot;owner&quot;: &quot;DFA&quot;,
        &quot;stage&quot;: &quot;Completed&quot;,
        &quot;ea1&quot;: &quot;G52P43&quot;,
        &quot;ea2&quot;: &quot;Gauteng South&quot;
      }
    },
    {
      &quot;attributes&quot;: {
        &quot;owner&quot;: &quot;DFA&quot;,
        &quot;stage&quot;: &quot;Completed&quot;,
        &quot;ea1&quot;: &quot;G52P43&quot;,
        &quot;ea2&quot;: &quot;Gauteng South&quot;
      }
    },
    {
      &quot;attributes&quot;: {
        &quot;owner&quot;: &quot;DFA&quot;,
        &quot;stage&quot;: &quot;Completed&quot;,
        &quot;ea1&quot;: &quot;G52P43&quot;,
        &quot;ea2&quot;: &quot;Gauteng South&quot;
      }
    },
    {
      &quot;attributes&quot;: {
        &quot;owner&quot;: &quot;DFA&quot;,
        &quot;stage&quot;: &quot;Completed&quot;,
        &quot;ea1&quot;: &quot;G52P43&quot;,
        &quot;ea2&quot;: &quot;Gauteng South&quot;
      }
    },
    {
      &quot;attributes&quot;: {
        &quot;owner&quot;: &quot;DFA&quot;,
        &quot;stage&quot;: &quot;Completed&quot;,
        &quot;ea1&quot;: &quot;G52P43&quot;,
        &quot;ea2&quot;: &quot;Gauteng South&quot;
      }
    },
    {
      &quot;attributes&quot;: {
        &quot;owner&quot;: &quot;DFA&quot;,
        &quot;stage&quot;: &quot;Completed&quot;,
        &quot;ea1&quot;: &quot;G52P43&quot;,
        &quot;ea2&quot;: &quot;Gauteng South&quot;
      }
    },
    {
      &quot;attributes&quot;: {
        &quot;owner&quot;: &quot;DFA&quot;,
        &quot;stage&quot;: &quot;Completed&quot;,
        &quot;ea1&quot;: &quot;G52P43&quot;,
        &quot;ea2&quot;: &quot;Gauteng South&quot;
      }
    },
    {
      &quot;attributes&quot;: {
        &quot;owner&quot;: &quot;DFA&quot;,
        &quot;stage&quot;: &quot;Completed&quot;,
        &quot;ea1&quot;: &quot;G52P43&quot;,
        &quot;ea2&quot;: &quot;Gauteng South&quot;
      }
    },
    {
      &quot;attributes&quot;: {
        &quot;owner&quot;: &quot;DFA&quot;,
        &quot;stage&quot;: &quot;Completed&quot;,
        &quot;ea1&quot;: &quot;G52P43&quot;,
        &quot;ea2&quot;: &quot;Gauteng South&quot;
      }
    },
    {
      &quot;attributes&quot;: {
        &quot;owner&quot;: &quot;DFA&quot;,
        &quot;stage&quot;: &quot;Completed&quot;,
        &quot;ea1&quot;: &quot;G52P43&quot;,
        &quot;ea2&quot;: &quot;Gauteng South&quot;
      }
    },
    {
      &quot;attributes&quot;: {
        &quot;owner&quot;: &quot;DFA&quot;,
        &quot;stage&quot;: &quot;Completed&quot;,
        &quot;ea1&quot;: &quot;G52P43&quot;,
        &quot;ea2&quot;: &quot;Gauteng South&quot;
      }
    },
    {
      &quot;attributes&quot;: {
        &quot;owner&quot;: &quot;DFA&quot;,
        &quot;stage&quot;: &quot;Construction&quot;,
        &quot;ea1&quot;: &quot;AS00865GH000988&quot;,
        &quot;ea2&quot;: &quot;None&quot;
      }
    },
    {
      &quot;attributes&quot;: {
        &quot;owner&quot;: &quot;DFA&quot;,
        &quot;stage&quot;: &quot;Construction&quot;,
        &quot;ea1&quot;: &quot;AS00865GH000988&quot;,
        &quot;ea2&quot;: &quot;None&quot;
      }
    },
    {
      &quot;attributes&quot;: {
        &quot;owner&quot;: &quot;DFA&quot;,
        &quot;stage&quot;: &quot;Construction&quot;,
        &quot;ea1&quot;: &quot;AS00865GH000988&quot;,
        &quot;ea2&quot;: &quot;None&quot;
      }
    },
    {
      &quot;attributes&quot;: {
        &quot;owner&quot;: &quot;DFA&quot;,
        &quot;stage&quot;: &quot;Completed&quot;,
        &quot;ea1&quot;: &quot;G52P43&quot;,
        &quot;ea2&quot;: &quot;Gauteng South&quot;
      }
    },
    {
      &quot;attributes&quot;: {
        &quot;owner&quot;: &quot;DFA&quot;,
        &quot;stage&quot;: &quot;Completed&quot;,
        &quot;ea1&quot;: &quot;G52P43&quot;,
        &quot;ea2&quot;: &quot;Gauteng South&quot;
      }
    },
    {
      &quot;attributes&quot;: {
        &quot;owner&quot;: &quot;DFA&quot;,
        &quot;stage&quot;: &quot;Completed&quot;,
        &quot;ea1&quot;: &quot;G52P43&quot;,
        &quot;ea2&quot;: &quot;Gauteng South&quot;
      }
    },
    {
      &quot;attributes&quot;: {
        &quot;owner&quot;: &quot;DFA&quot;,
        &quot;stage&quot;: &quot;Completed&quot;,
        &quot;ea1&quot;: &quot;G52P43&quot;,
        &quot;ea2&quot;: &quot;Gauteng South&quot;
      }
    },
    {
      &quot;attributes&quot;: {
        &quot;owner&quot;: &quot;DFA&quot;,
        &quot;stage&quot;: &quot;Completed&quot;,
        &quot;ea1&quot;: &quot;G52P43&quot;,
        &quot;ea2&quot;: &quot;Gauteng South&quot;
      }
    },
    {
      &quot;attributes&quot;: {
        &quot;owner&quot;: &quot;DFA&quot;,
        &quot;stage&quot;: &quot;Completed&quot;,
        &quot;ea1&quot;: &quot;G52P43&quot;,
        &quot;ea2&quot;: &quot;Gauteng South&quot;
      }
    },
    {
      &quot;attributes&quot;: {
        &quot;owner&quot;: &quot;DFA&quot;,
        &quot;stage&quot;: &quot;Completed&quot;,
        &quot;ea1&quot;: &quot;G52P43&quot;,
        &quot;ea2&quot;: &quot;Gauteng South&quot;
      }
    },
    {
      &quot;attributes&quot;: {
        &quot;owner&quot;: &quot;DFA&quot;,
        &quot;stage&quot;: &quot;Completed&quot;,
        &quot;ea1&quot;: &quot;G52P43&quot;,
        &quot;ea2&quot;: &quot;Gauteng South&quot;
      }
    },
    {
      &quot;attributes&quot;: {
        &quot;owner&quot;: &quot;DFA&quot;,
        &quot;stage&quot;: &quot;Completed&quot;,
        &quot;ea1&quot;: &quot;NB50P74&quot;,
        &quot;ea2&quot;: &quot;Northern Region&quot;
      }
    },
    {
      &quot;attributes&quot;: {
        &quot;owner&quot;: &quot;DFA&quot;,
        &quot;stage&quot;: &quot;Completed&quot;,
        &quot;ea1&quot;: &quot;M01P12&quot;,
        &quot;ea2&quot;: &quot;Mphumalanga&quot;
      }
    },
    {
      &quot;attributes&quot;: {
        &quot;owner&quot;: &quot;DFA&quot;,
        &quot;stage&quot;: &quot;Construction&quot;,
        &quot;ea1&quot;: &quot;AS04573HB001641-01&quot;,
        &quot;ea2&quot;: &quot;None&quot;
      }
    },
    {
      &quot;attributes&quot;: {
        &quot;owner&quot;: &quot;DFA&quot;,
        &quot;stage&quot;: &quot;Construction&quot;,
        &quot;ea1&quot;: &quot;AS04573NB001640&quot;,
        &quot;ea2&quot;: &quot;None&quot;
      }
    },
    {
      &quot;attributes&quot;: {
        &quot;owner&quot;: &quot;DFA&quot;,
        &quot;stage&quot;: &quot;Completed&quot;,
        &quot;ea1&quot;: &quot;NB50P90&quot;,
        &quot;ea2&quot;: &quot;Northern Region&quot;
      }
    },
    {
      &quot;attributes&quot;: {
        &quot;owner&quot;: &quot;DFA&quot;,
        &quot;stage&quot;: &quot;Completed&quot;,
        &quot;ea1&quot;: &quot;NB50P90&quot;,
        &quot;ea2&quot;: &quot;Northern Region&quot;
      }
    },
    {
      &quot;attributes&quot;: {
        &quot;owner&quot;: &quot;DFA&quot;,
        &quot;stage&quot;: &quot;Completed&quot;,
        &quot;ea1&quot;: &quot;NB50P90&quot;,
        &quot;ea2&quot;: &quot;Northern Region&quot;
      }
    },
    {
      &quot;attributes&quot;: {
        &quot;owner&quot;: &quot;DFA&quot;,
        &quot;stage&quot;: &quot;Completed&quot;,
        &quot;ea1&quot;: &quot;NB50P90&quot;,
        &quot;ea2&quot;: &quot;Northern Region&quot;
      }
    },
    {
      &quot;attributes&quot;: {
        &quot;owner&quot;: &quot;DFA&quot;,
        &quot;stage&quot;: &quot;Completed&quot;,
        &quot;ea1&quot;: &quot;NB50P90&quot;,
        &quot;ea2&quot;: &quot;Northern Region&quot;
      }
    },
    {
      &quot;attributes&quot;: {
        &quot;owner&quot;: &quot;DFA&quot;,
        &quot;stage&quot;: &quot;Completed&quot;,
        &quot;ea1&quot;: &quot;NB50P90&quot;,
        &quot;ea2&quot;: &quot;Northern Region&quot;
      }
    },
    {
      &quot;attributes&quot;: {
        &quot;owner&quot;: &quot;DFA&quot;,
        &quot;stage&quot;: &quot;Completed&quot;,
        &quot;ea1&quot;: &quot;NB50P90&quot;,
        &quot;ea2&quot;: &quot;Northern Region&quot;
      }
    },
    {
      &quot;attributes&quot;: {
        &quot;owner&quot;: &quot;DFA&quot;,
        &quot;stage&quot;: &quot;Completed&quot;,
        &quot;ea1&quot;: &quot;NB50P90&quot;,
        &quot;ea2&quot;: &quot;Northern Region&quot;
      }
    },
    {
      &quot;attributes&quot;: {
        &quot;owner&quot;: &quot;DFA&quot;,
        &quot;stage&quot;: &quot;Completed&quot;,
        &quot;ea1&quot;: &quot;NB50P90&quot;,
        &quot;ea2&quot;: &quot;Northern Region&quot;
      }
    },
    {
      &quot;attributes&quot;: {
        &quot;owner&quot;: &quot;DFA&quot;,
        &quot;stage&quot;: &quot;Completed&quot;,
        &quot;ea1&quot;: &quot;NB50P90&quot;,
        &quot;ea2&quot;: &quot;Northern Region&quot;
      }
    },
    {
      &quot;attributes&quot;: {
        &quot;owner&quot;: &quot;DFA&quot;,
        &quot;stage&quot;: &quot;Completed&quot;,
        &quot;ea1&quot;: &quot;NB50P90&quot;,
        &quot;ea2&quot;: &quot;Northern Region&quot;
      }
    },
    {
      &quot;attributes&quot;: {
        &quot;owner&quot;: &quot;DFA&quot;,
        &quot;stage&quot;: &quot;Completed&quot;,
        &quot;ea1&quot;: &quot;NB50P90&quot;,
        &quot;ea2&quot;: &quot;Northern Region&quot;
      }
    },
    {
      &quot;attributes&quot;: {
        &quot;owner&quot;: &quot;DFA&quot;,
        &quot;stage&quot;: &quot;Completed&quot;,
        &quot;ea1&quot;: &quot;NB50P90&quot;,
        &quot;ea2&quot;: &quot;Northern Region&quot;
      }
    },
    {
      &quot;attributes&quot;: {
        &quot;owner&quot;: &quot;DFA&quot;,
        &quot;stage&quot;: &quot;Completed&quot;,
        &quot;ea1&quot;: &quot;NB50P90&quot;,
        &quot;ea2&quot;: &quot;Northern Region&quot;
      }
    },
    {
      &quot;attributes&quot;: {
        &quot;owner&quot;: &quot;DFA&quot;,
        &quot;stage&quot;: &quot;Completed&quot;,
        &quot;ea1&quot;: &quot;NB50P90&quot;,
        &quot;ea2&quot;: &quot;Northern Region&quot;
      }
    },
    {
      &quot;attributes&quot;: {
        &quot;owner&quot;: &quot;DFA&quot;,
        &quot;stage&quot;: &quot;Completed&quot;,
        &quot;ea1&quot;: &quot;NB50P90&quot;,
        &quot;ea2&quot;: &quot;Northern Region&quot;
      }
    },
    {
      &quot;attributes&quot;: {
        &quot;owner&quot;: &quot;DFA&quot;,
        &quot;stage&quot;: &quot;Completed&quot;,
        &quot;ea1&quot;: &quot;NB50P90&quot;,
        &quot;ea2&quot;: &quot;Northern Region&quot;
      }
    },
    {
      &quot;attributes&quot;: {
        &quot;owner&quot;: &quot;DFA&quot;,
        &quot;stage&quot;: &quot;Completed&quot;,
        &quot;ea1&quot;: &quot;AS00144BH021031&quot;,
        &quot;ea2&quot;: &quot;Northern Region&quot;
      }
    },
    {
      &quot;attributes&quot;: {
        &quot;owner&quot;: &quot;DFA&quot;,
        &quot;stage&quot;: &quot;Completed&quot;,
        &quot;ea1&quot;: &quot;G52P68&quot;,
        &quot;ea2&quot;: &quot;Gauteng South&quot;
      }
    },
    {
      &quot;attributes&quot;: {
        &quot;owner&quot;: &quot;DFA&quot;,
        &quot;stage&quot;: &quot;Completed&quot;,
        &quot;ea1&quot;: &quot;G52P68&quot;,
        &quot;ea2&quot;: &quot;Gauteng South&quot;
      }
    },
    {
      &quot;attributes&quot;: {
        &quot;owner&quot;: &quot;DFA&quot;,
        &quot;stage&quot;: &quot;Completed&quot;,
        &quot;ea1&quot;: &quot;G52P68&quot;,
        &quot;ea2&quot;: &quot;Gauteng South&quot;
      }
    },
    {
      &quot;attributes&quot;: {
        &quot;owner&quot;: &quot;DFA&quot;,
        &quot;stage&quot;: &quot;Completed&quot;,
        &quot;ea1&quot;: &quot;G52P87&quot;,
        &quot;ea2&quot;: &quot;Gauteng South&quot;
      }
    },
    {
      &quot;attributes&quot;: {
        &quot;owner&quot;: &quot;DFA&quot;,
        &quot;stage&quot;: &quot;Completed&quot;,
        &quot;ea1&quot;: &quot;G52P87&quot;,
        &quot;ea2&quot;: &quot;Gauteng South&quot;
      }
    },
    {
      &quot;attributes&quot;: {
        &quot;owner&quot;: &quot;DFA&quot;,
        &quot;stage&quot;: &quot;Completed&quot;,
        &quot;ea1&quot;: &quot;G52P87&quot;,
        &quot;ea2&quot;: &quot;Gauteng South&quot;
      }
    },
    {
      &quot;attributes&quot;: {
        &quot;owner&quot;: &quot;DFA&quot;,
        &quot;stage&quot;: &quot;Completed&quot;,
        &quot;ea1&quot;: &quot;G52P87&quot;,
        &quot;ea2&quot;: &quot;Gauteng South&quot;
      }
    },
    {
      &quot;attributes&quot;: {
        &quot;owner&quot;: &quot;DFA&quot;,
        &quot;stage&quot;: &quot;Completed&quot;,
        &quot;ea1&quot;: &quot;G52P87&quot;,
        &quot;ea2&quot;: &quot;Gauteng South&quot;
      }
    },
    {
      &quot;attributes&quot;: {
        &quot;owner&quot;: &quot;DFA&quot;,
        &quot;stage&quot;: &quot;Completed&quot;,
        &quot;ea1&quot;: &quot;G52P87&quot;,
        &quot;ea2&quot;: &quot;Gauteng South&quot;
      }
    },
    {
      &quot;attributes&quot;: {
        &quot;owner&quot;: &quot;DFA&quot;,
        &quot;stage&quot;: &quot;Completed&quot;,
        &quot;ea1&quot;: &quot;G52P87&quot;,
        &quot;ea2&quot;: &quot;Gauteng South&quot;
      }
    },
    {
      &quot;attributes&quot;: {
        &quot;owner&quot;: &quot;DFA&quot;,
        &quot;stage&quot;: &quot;Completed&quot;,
        &quot;ea1&quot;: &quot;G52P87&quot;,
        &quot;ea2&quot;: &quot;Gauteng South&quot;
      }
    },
    {
      &quot;attributes&quot;: {
        &quot;owner&quot;: &quot;DFA&quot;,
        &quot;stage&quot;: &quot;Completed&quot;,
        &quot;ea1&quot;: &quot;G52P87&quot;,
        &quot;ea2&quot;: &quot;Gauteng South&quot;
      }
    },
    {
      &quot;attributes&quot;: {
        &quot;owner&quot;: &quot;DFA&quot;,
        &quot;stage&quot;: &quot;Completed&quot;,
        &quot;ea1&quot;: &quot;G52P87&quot;,
        &quot;ea2&quot;: &quot;Gauteng South&quot;
      }
    },
    {
      &quot;attributes&quot;: {
        &quot;owner&quot;: &quot;DFA&quot;,
        &quot;stage&quot;: &quot;Completed&quot;,
        &quot;ea1&quot;: &quot;G52P87&quot;,
        &quot;ea2&quot;: &quot;Gauteng South&quot;
      }
    },
    {
      &quot;attributes&quot;: {
        &quot;owner&quot;: &quot;DFA&quot;,
        &quot;stage&quot;: &quot;Completed&quot;,
        &quot;ea1&quot;: &quot;G52P87&quot;,
        &quot;ea2&quot;: &quot;Gauteng South&quot;
      }
    },
    {
      &quot;attributes&quot;: {
        &quot;owner&quot;: &quot;DFA&quot;,
        &quot;stage&quot;: &quot;Completed&quot;,
        &quot;ea1&quot;: &quot;G52P87&quot;,
        &quot;ea2&quot;: &quot;Gauteng South&quot;
      }
    },
    {
      &quot;attributes&quot;: {
        &quot;owner&quot;: &quot;DFA&quot;,
        &quot;stage&quot;: &quot;Completed&quot;,
        &quot;ea1&quot;: &quot;G52P87&quot;,
        &quot;ea2&quot;: &quot;Gauteng South&quot;
      }
    },
    {
      &quot;attributes&quot;: {
        &quot;owner&quot;: &quot;DFA&quot;,
        &quot;stage&quot;: &quot;Completed&quot;,
        &quot;ea1&quot;: &quot;G52P87&quot;,
        &quot;ea2&quot;: &quot;Gauteng South&quot;
      }
    },
    {
      &quot;attributes&quot;: {
        &quot;owner&quot;: &quot;DFA&quot;,
        &quot;stage&quot;: &quot;Completed&quot;,
        &quot;ea1&quot;: &quot;G52P87&quot;,
        &quot;ea2&quot;: &quot;Gauteng South&quot;
      }
    },
    {
      &quot;attributes&quot;: {
        &quot;owner&quot;: &quot;DFA&quot;,
        &quot;stage&quot;: &quot;Completed&quot;,
        &quot;ea1&quot;: &quot;G52P87&quot;,
        &quot;ea2&quot;: &quot;Gauteng South&quot;
      }
    },
    {
      &quot;attributes&quot;: {
        &quot;owner&quot;: &quot;DFA&quot;,
        &quot;stage&quot;: &quot;Completed&quot;,
        &quot;ea1&quot;: &quot;G52P87&quot;,
        &quot;ea2&quot;: &quot;Gauteng South&quot;
      }
    },
    {
      &quot;attributes&quot;: {
        &quot;owner&quot;: &quot;DFA&quot;,
        &quot;stage&quot;: &quot;Completed&quot;,
        &quot;ea1&quot;: &quot;G52P87&quot;,
        &quot;ea2&quot;: &quot;Gauteng South&quot;
      }
    },
    {
      &quot;attributes&quot;: {
        &quot;owner&quot;: &quot;DFA&quot;,
        &quot;stage&quot;: &quot;Construction&quot;,
        &quot;ea1&quot;: &quot;none&quot;,
        &quot;ea2&quot;: &quot;None&quot;
      }
    },
    {
      &quot;attributes&quot;: {
        &quot;owner&quot;: &quot;DFA&quot;,
        &quot;stage&quot;: &quot;Construction&quot;,
        &quot;ea1&quot;: &quot;none&quot;,
        &quot;ea2&quot;: &quot;None&quot;
      }
    },
    {
      &quot;attributes&quot;: {
        &quot;owner&quot;: &quot;DFA&quot;,
        &quot;stage&quot;: &quot;Construction&quot;,
        &quot;ea1&quot;: &quot;none&quot;,
        &quot;ea2&quot;: &quot;None&quot;
      }
    },
    {
      &quot;attributes&quot;: {
        &quot;owner&quot;: &quot;DFA&quot;,
        &quot;stage&quot;: &quot;Construction&quot;,
        &quot;ea1&quot;: &quot;none&quot;,
        &quot;ea2&quot;: &quot;None&quot;
      }
    },
    {
      &quot;attributes&quot;: {
        &quot;owner&quot;: &quot;DFA&quot;,
        &quot;stage&quot;: &quot;Completed&quot;,
        &quot;ea1&quot;: &quot;G52P90&quot;,
        &quot;ea2&quot;: &quot;Gauteng South&quot;
      }
    },
    {
      &quot;attributes&quot;: {
        &quot;owner&quot;: &quot;DFA&quot;,
        &quot;stage&quot;: &quot;Completed&quot;,
        &quot;ea1&quot;: &quot;G52P90&quot;,
        &quot;ea2&quot;: &quot;Gauteng South&quot;
      }
    },
    {
      &quot;attributes&quot;: {
        &quot;owner&quot;: &quot;DFA&quot;,
        &quot;stage&quot;: &quot;Completed&quot;,
        &quot;ea1&quot;: &quot;G50P29&quot;,
        &quot;ea2&quot;: &quot;Gauteng South&quot;
      }
    },
    {
      &quot;attributes&quot;: {
        &quot;owner&quot;: &quot;DFA&quot;,
        &quot;stage&quot;: &quot;Completed&quot;,
        &quot;ea1&quot;: &quot;G50P29&quot;,
        &quot;ea2&quot;: &quot;Gauteng South&quot;
      }
    },
    {
      &quot;attributes&quot;: {
        &quot;owner&quot;: &quot;DFA&quot;,
        &quot;stage&quot;: &quot;Completed&quot;,
        &quot;ea1&quot;: &quot;G50P29&quot;,
        &quot;ea2&quot;: &quot;Gauteng South&quot;
      }
    },
    {
      &quot;attributes&quot;: {
        &quot;owner&quot;: &quot;DFA&quot;,
        &quot;stage&quot;: &quot;Completed&quot;,
        &quot;ea1&quot;: &quot;G50P29&quot;,
        &quot;ea2&quot;: &quot;Gauteng South&quot;
      }
    },
    {
      &quot;attributes&quot;: {
        &quot;owner&quot;: &quot;DFA&quot;,
        &quot;stage&quot;: &quot;Completed&quot;,
        &quot;ea1&quot;: &quot;G50P29&quot;,
        &quot;ea2&quot;: &quot;Gauteng South&quot;
      }
    },
    {
      &quot;attributes&quot;: {
        &quot;owner&quot;: &quot;DFA&quot;,
        &quot;stage&quot;: &quot;Completed&quot;,
        &quot;ea1&quot;: &quot;G50P29&quot;,
        &quot;ea2&quot;: &quot;Gauteng South&quot;
      }
    },
    {
      &quot;attributes&quot;: {
        &quot;owner&quot;: &quot;DFA&quot;,
        &quot;stage&quot;: &quot;Completed&quot;,
        &quot;ea1&quot;: &quot;G50P29&quot;,
        &quot;ea2&quot;: &quot;Gauteng South&quot;
      }
    },
    {
      &quot;attributes&quot;: {
        &quot;owner&quot;: &quot;DFA&quot;,
        &quot;stage&quot;: &quot;Completed&quot;,
        &quot;ea1&quot;: &quot;G50P29&quot;,
        &quot;ea2&quot;: &quot;Gauteng South&quot;
      }
    },
    {
      &quot;attributes&quot;: {
        &quot;owner&quot;: &quot;DFA&quot;,
        &quot;stage&quot;: &quot;Completed&quot;,
        &quot;ea1&quot;: &quot;G50P29&quot;,
        &quot;ea2&quot;: &quot;Gauteng South&quot;
      }
    },
    {
      &quot;attributes&quot;: {
        &quot;owner&quot;: &quot;DFA&quot;,
        &quot;stage&quot;: &quot;Completed&quot;,
        &quot;ea1&quot;: &quot;G50P29&quot;,
        &quot;ea2&quot;: &quot;Gauteng South&quot;
      }
    },
    {
      &quot;attributes&quot;: {
        &quot;owner&quot;: &quot;DFA&quot;,
        &quot;stage&quot;: &quot;Completed&quot;,
        &quot;ea1&quot;: &quot;G50P29&quot;,
        &quot;ea2&quot;: &quot;Gauteng South&quot;
      }
    },
    {
      &quot;attributes&quot;: {
        &quot;owner&quot;: &quot;DFA&quot;,
        &quot;stage&quot;: &quot;Completed&quot;,
        &quot;ea1&quot;: &quot;G50P29&quot;,
        &quot;ea2&quot;: &quot;Gauteng South&quot;
      }
    },
    {
      &quot;attributes&quot;: {
        &quot;owner&quot;: &quot;DFA&quot;,
        &quot;stage&quot;: &quot;Completed&quot;,
        &quot;ea1&quot;: &quot;G50P29&quot;,
        &quot;ea2&quot;: &quot;Gauteng South&quot;
      }
    },
    {
      &quot;attributes&quot;: {
        &quot;owner&quot;: &quot;DFA&quot;,
        &quot;stage&quot;: &quot;Completed&quot;,
        &quot;ea1&quot;: &quot;G50P29&quot;,
        &quot;ea2&quot;: &quot;Gauteng South&quot;
      }
    },
    {
      &quot;attributes&quot;: {
        &quot;owner&quot;: &quot;DFA&quot;,
        &quot;stage&quot;: &quot;Completed&quot;,
        &quot;ea1&quot;: &quot;G50P29&quot;,
        &quot;ea2&quot;: &quot;Gauteng South&quot;
      }
    },
    {
      &quot;attributes&quot;: {
        &quot;owner&quot;: &quot;DFA&quot;,
        &quot;stage&quot;: &quot;Completed&quot;,
        &quot;ea1&quot;: &quot;G50P29&quot;,
        &quot;ea2&quot;: &quot;Gauteng South&quot;
      }
    },
    {
      &quot;attributes&quot;: {
        &quot;owner&quot;: &quot;DFA&quot;,
        &quot;stage&quot;: &quot;Completed&quot;,
        &quot;ea1&quot;: &quot;G50P29&quot;,
        &quot;ea2&quot;: &quot;Gauteng South&quot;
      }
    },
    {
      &quot;attributes&quot;: {
        &quot;owner&quot;: &quot;DFA&quot;,
        &quot;stage&quot;: &quot;Completed&quot;,
        &quot;ea1&quot;: &quot;G50P29&quot;,
        &quot;ea2&quot;: &quot;Gauteng South&quot;
      }
    },
    {
      &quot;attributes&quot;: {
        &quot;owner&quot;: &quot;DFA&quot;,
        &quot;stage&quot;: &quot;Completed&quot;,
        &quot;ea1&quot;: &quot;G50P29&quot;,
        &quot;ea2&quot;: &quot;Gauteng South&quot;
      }
    },
    {
      &quot;attributes&quot;: {
        &quot;owner&quot;: &quot;DFA&quot;,
        &quot;stage&quot;: &quot;Construction&quot;,
        &quot;ea1&quot;: &quot;none&quot;,
        &quot;ea2&quot;: &quot;None&quot;
      }
    },
    {
      &quot;attributes&quot;: {
        &quot;owner&quot;: &quot;DFA&quot;,
        &quot;stage&quot;: &quot;Completed&quot;,
        &quot;ea1&quot;: &quot;G50P29&quot;,
        &quot;ea2&quot;: &quot;Gauteng South&quot;
      }
    },
    {
      &quot;attributes&quot;: {
        &quot;owner&quot;: &quot;DFA&quot;,
        &quot;stage&quot;: &quot;Completed&quot;,
        &quot;ea1&quot;: &quot;G50P29&quot;,
        &quot;ea2&quot;: &quot;Gauteng South&quot;
      }
    },
    {
      &quot;attributes&quot;: {
        &quot;owner&quot;: &quot;DFA&quot;,
        &quot;stage&quot;: &quot;Completed&quot;,
        &quot;ea1&quot;: &quot;G50P29&quot;,
        &quot;ea2&quot;: &quot;Gauteng South&quot;
      }
    },
    {
      &quot;attributes&quot;: {
        &quot;owner&quot;: &quot;DFA&quot;,
        &quot;stage&quot;: &quot;Completed&quot;,
        &quot;ea1&quot;: &quot;G50P29&quot;,
        &quot;ea2&quot;: &quot;Gauteng South&quot;
      }
    },
    {
      &quot;attributes&quot;: {
        &quot;owner&quot;: &quot;DFA&quot;,
        &quot;stage&quot;: &quot;Completed&quot;,
        &quot;ea1&quot;: &quot;G50P29&quot;,
        &quot;ea2&quot;: &quot;Gauteng South&quot;
      }
    },
    {
      &quot;attributes&quot;: {
        &quot;owner&quot;: &quot;DFA&quot;,
        &quot;stage&quot;: &quot;Completed&quot;,
        &quot;ea1&quot;: &quot;G50P29&quot;,
        &quot;ea2&quot;: &quot;Gauteng South&quot;
      }
    },
    {
      &quot;attributes&quot;: {
        &quot;owner&quot;: &quot;DFA&quot;,
        &quot;stage&quot;: &quot;Completed&quot;,
        &quot;ea1&quot;: &quot;G50P29&quot;,
        &quot;ea2&quot;: &quot;Gauteng South&quot;
      }
    },
    {
      &quot;attributes&quot;: {
        &quot;owner&quot;: &quot;DFA&quot;,
        &quot;stage&quot;: &quot;Completed&quot;,
        &quot;ea1&quot;: &quot;G50P29&quot;,
        &quot;ea2&quot;: &quot;Gauteng South&quot;
      }
    },
    {
      &quot;attributes&quot;: {
        &quot;owner&quot;: &quot;DFA&quot;,
        &quot;stage&quot;: &quot;Completed&quot;,
        &quot;ea1&quot;: &quot;G50P29&quot;,
        &quot;ea2&quot;: &quot;Gauteng South&quot;
      }
    },
    {
      &quot;attributes&quot;: {
        &quot;owner&quot;: &quot;DFA&quot;,
        &quot;stage&quot;: &quot;Completed&quot;,
        &quot;ea1&quot;: &quot;G50P29&quot;,
        &quot;ea2&quot;: &quot;Gauteng South&quot;
      }
    },
    {
      &quot;attributes&quot;: {
        &quot;owner&quot;: &quot;DFA&quot;,
        &quot;stage&quot;: &quot;Completed&quot;,
        &quot;ea1&quot;: &quot;G50P29&quot;,
        &quot;ea2&quot;: &quot;Gauteng South&quot;
      }
    },
    {
      &quot;attributes&quot;: {
        &quot;owner&quot;: &quot;DFA&quot;,
        &quot;stage&quot;: &quot;Completed&quot;,
        &quot;ea1&quot;: &quot;G50P29&quot;,
        &quot;ea2&quot;: &quot;Gauteng South&quot;
      }
    },
    {
      &quot;attributes&quot;: {
        &quot;owner&quot;: &quot;DFA&quot;,
        &quot;stage&quot;: &quot;Completed&quot;,
        &quot;ea1&quot;: &quot;G50P29&quot;,
        &quot;ea2&quot;: &quot;Gauteng South&quot;
      }
    },
    {
      &quot;attributes&quot;: {
        &quot;owner&quot;: &quot;DFA&quot;,
        &quot;stage&quot;: &quot;Completed&quot;,
        &quot;ea1&quot;: &quot;G50P29&quot;,
        &quot;ea2&quot;: &quot;Gauteng South&quot;
      }
    },
    {
      &quot;attributes&quot;: {
        &quot;owner&quot;: &quot;DFA&quot;,
        &quot;stage&quot;: &quot;Completed&quot;,
        &quot;ea1&quot;: &quot;G50P29&quot;,
        &quot;ea2&quot;: &quot;Gauteng South&quot;
      }
    },
    {
      &quot;attributes&quot;: {
        &quot;owner&quot;: &quot;DFA&quot;,
        &quot;stage&quot;: &quot;Completed&quot;,
        &quot;ea1&quot;: &quot;G50P29&quot;,
        &quot;ea2&quot;: &quot;Gauteng South&quot;
      }
    },
    {
      &quot;attributes&quot;: {
        &quot;owner&quot;: &quot;DFA&quot;,
        &quot;stage&quot;: &quot;Completed&quot;,
        &quot;ea1&quot;: &quot;G50P29&quot;,
        &quot;ea2&quot;: &quot;Gauteng South&quot;
      }
    },
    {
      &quot;attributes&quot;: {
        &quot;owner&quot;: &quot;DFA&quot;,
        &quot;stage&quot;: &quot;Completed&quot;,
        &quot;ea1&quot;: &quot;G50P29&quot;,
        &quot;ea2&quot;: &quot;Gauteng South&quot;
      }
    },
    {
      &quot;attributes&quot;: {
        &quot;owner&quot;: &quot;DFA&quot;,
        &quot;stage&quot;: &quot;Completed&quot;,
        &quot;ea1&quot;: &quot;G50P29&quot;,
        &quot;ea2&quot;: &quot;Gauteng South&quot;
      }
    },
    {
      &quot;attributes&quot;: {
        &quot;owner&quot;: &quot;DFA&quot;,
        &quot;stage&quot;: &quot;Completed&quot;,
        &quot;ea1&quot;: &quot;G50P29&quot;,
        &quot;ea2&quot;: &quot;Gauteng South&quot;
      }
    },
    {
      &quot;attributes&quot;: {
        &quot;owner&quot;: &quot;DFA&quot;,
        &quot;stage&quot;: &quot;Completed&quot;,
        &quot;ea1&quot;: &quot;G50P29&quot;,
        &quot;ea2&quot;: &quot;Gauteng South&quot;
      }
    },
    {
      &quot;attributes&quot;: {
        &quot;owner&quot;: &quot;DFA&quot;,
        &quot;stage&quot;: &quot;Completed&quot;,
        &quot;ea1&quot;: &quot;G50P29&quot;,
        &quot;ea2&quot;: &quot;Gauteng South&quot;
      }
    },
    {
      &quot;attributes&quot;: {
        &quot;owner&quot;: &quot;DFA&quot;,
        &quot;stage&quot;: &quot;Completed&quot;,
        &quot;ea1&quot;: &quot;AS00735GH220001&quot;,
        &quot;ea2&quot;: &quot;Northern Region&quot;
      }
    },
    {
      &quot;attributes&quot;: {
        &quot;owner&quot;: &quot;DFA&quot;,
        &quot;stage&quot;: &quot;Completed&quot;,
        &quot;ea1&quot;: &quot;G53P75&quot;,
        &quot;ea2&quot;: &quot;Gauteng South&quot;
      }
    },
    {
      &quot;attributes&quot;: {
        &quot;owner&quot;: &quot;DFA&quot;,
        &quot;stage&quot;: &quot;Completed&quot;,
        &quot;ea1&quot;: &quot;G53P75&quot;,
        &quot;ea2&quot;: &quot;Gauteng South&quot;
      }
    },
    {
      &quot;attributes&quot;: {
        &quot;owner&quot;: &quot;DFA&quot;,
        &quot;stage&quot;: &quot;Completed&quot;,
        &quot;ea1&quot;: &quot;G53P75&quot;,
        &quot;ea2&quot;: &quot;Gauteng South&quot;
      }
    },
    {
      &quot;attributes&quot;: {
        &quot;owner&quot;: &quot;DFA&quot;,
        &quot;stage&quot;: &quot;Completed&quot;,
        &quot;ea1&quot;: &quot;G53P75&quot;,
        &quot;ea2&quot;: &quot;Gauteng South&quot;
      }
    },
    {
      &quot;attributes&quot;: {
        &quot;owner&quot;: &quot;DFA&quot;,
        &quot;stage&quot;: &quot;Completed&quot;,
        &quot;ea1&quot;: &quot;G53P75&quot;,
        &quot;ea2&quot;: &quot;Gauteng South&quot;
      }
    },
    {
      &quot;attributes&quot;: {
        &quot;owner&quot;: &quot;DFA&quot;,
        &quot;stage&quot;: &quot;Completed&quot;,
        &quot;ea1&quot;: &quot;K20P21&quot;,
        &quot;ea2&quot;: &quot;Kwa-Zulu Natal&quot;
      }
    },
    {
      &quot;attributes&quot;: {
        &quot;owner&quot;: &quot;DFA&quot;,
        &quot;stage&quot;: &quot;Completed&quot;,
        &quot;ea1&quot;: &quot;K20P21&quot;,
        &quot;ea2&quot;: &quot;Kwa-Zulu Natal&quot;
      }
    },
    {
      &quot;attributes&quot;: {
        &quot;owner&quot;: &quot;DFA&quot;,
        &quot;stage&quot;: &quot;Completed&quot;,
        &quot;ea1&quot;: &quot;K20P21&quot;,
        &quot;ea2&quot;: &quot;Kwa-Zulu Natal&quot;
      }
    },
    {
      &quot;attributes&quot;: {
        &quot;owner&quot;: &quot;DFA&quot;,
        &quot;stage&quot;: &quot;Completed&quot;,
        &quot;ea1&quot;: &quot;K20P21&quot;,
        &quot;ea2&quot;: &quot;Kwa-Zulu Natal&quot;
      }
    },
    {
      &quot;attributes&quot;: {
        &quot;owner&quot;: &quot;DFA&quot;,
        &quot;stage&quot;: &quot;Completed&quot;,
        &quot;ea1&quot;: &quot;K20P21&quot;,
        &quot;ea2&quot;: &quot;Kwa-Zulu Natal&quot;
      }
    },
    {
      &quot;attributes&quot;: {
        &quot;owner&quot;: &quot;DFA&quot;,
        &quot;stage&quot;: &quot;Completed&quot;,
        &quot;ea1&quot;: &quot;K20P21&quot;,
        &quot;ea2&quot;: &quot;Kwa-Zulu Natal&quot;
      }
    },
    {
      &quot;attributes&quot;: {
        &quot;owner&quot;: &quot;DFA&quot;,
        &quot;stage&quot;: &quot;Completed&quot;,
        &quot;ea1&quot;: &quot;AS03947WH280510B&quot;,
        &quot;ea2&quot;: &quot;Western Region&quot;
      }
    },
    {
      &quot;attributes&quot;: {
        &quot;owner&quot;: &quot;DFA&quot;,
        &quot;stage&quot;: &quot;Completed&quot;,
        &quot;ea1&quot;: &quot;K20P21&quot;,
        &quot;ea2&quot;: &quot;Kwa-Zulu Natal&quot;
      }
    },
    {
      &quot;attributes&quot;: {
        &quot;owner&quot;: &quot;DFA&quot;,
        &quot;stage&quot;: &quot;Construction&quot;,
        &quot;ea1&quot;: &quot;none&quot;,
        &quot;ea2&quot;: &quot;None&quot;
      }
    },
    {
      &quot;attributes&quot;: {
        &quot;owner&quot;: &quot;DFA&quot;,
        &quot;stage&quot;: &quot;Completed&quot;,
        &quot;ea1&quot;: &quot;AS00789GH301491A&quot;,
        &quot;ea2&quot;: &quot;Northern Region&quot;
      }
    },
    {
      &quot;attributes&quot;: {
        &quot;owner&quot;: &quot;DFA&quot;,
        &quot;stage&quot;: &quot;Completed&quot;,
        &quot;ea1&quot;: &quot;W50P19&quot;,
        &quot;ea2&quot;: &quot;Western Region&quot;
      }
    },
    {
      &quot;attributes&quot;: {
        &quot;owner&quot;: &quot;DFA&quot;,
        &quot;stage&quot;: &quot;Completed&quot;,
        &quot;ea1&quot;: &quot;W50P19&quot;,
        &quot;ea2&quot;: &quot;Western Region&quot;
      }
    },
    {
      &quot;attributes&quot;: {
        &quot;owner&quot;: &quot;DFA&quot;,
        &quot;stage&quot;: &quot;Completed&quot;,
        &quot;ea1&quot;: &quot;K50P40&quot;,
        &quot;ea2&quot;: &quot;Kwa-Zulu Natal&quot;
      }
    },
    {
      &quot;attributes&quot;: {
        &quot;owner&quot;: &quot;DFA&quot;,
        &quot;stage&quot;: &quot;Completed&quot;,
        &quot;ea1&quot;: &quot;K50P40&quot;,
        &quot;ea2&quot;: &quot;Kwa-Zulu Natal&quot;
      }
    },
    {
      &quot;attributes&quot;: {
        &quot;owner&quot;: &quot;DFA&quot;,
        &quot;stage&quot;: &quot;Completed&quot;,
        &quot;ea1&quot;: &quot;W51P07&quot;,
        &quot;ea2&quot;: &quot;Western Region&quot;
      }
    },
    {
      &quot;attributes&quot;: {
        &quot;owner&quot;: &quot;DFA&quot;,
        &quot;stage&quot;: &quot;Completed&quot;,
        &quot;ea1&quot;: &quot;W51P07&quot;,
        &quot;ea2&quot;: &quot;Western Region&quot;
      }
    },
    {
      &quot;attributes&quot;: {
        &quot;owner&quot;: &quot;DFA&quot;,
        &quot;stage&quot;: &quot;Completed&quot;,
        &quot;ea1&quot;: &quot;W51P07&quot;,
        &quot;ea2&quot;: &quot;Western Region&quot;
      }
    },
    {
      &quot;attributes&quot;: {
        &quot;owner&quot;: &quot;DFA&quot;,
        &quot;stage&quot;: &quot;Completed&quot;,
        &quot;ea1&quot;: &quot;W51P07&quot;,
        &quot;ea2&quot;: &quot;Western Region&quot;
      }
    },
    {
      &quot;attributes&quot;: {
        &quot;owner&quot;: &quot;DFA&quot;,
        &quot;stage&quot;: &quot;Completed&quot;,
        &quot;ea1&quot;: &quot;W51P07&quot;,
        &quot;ea2&quot;: &quot;Western Region&quot;
      }
    },
    {
      &quot;attributes&quot;: {
        &quot;owner&quot;: &quot;DFA&quot;,
        &quot;stage&quot;: &quot;Completed&quot;,
        &quot;ea1&quot;: &quot;W51P07&quot;,
        &quot;ea2&quot;: &quot;Western Region&quot;
      }
    },
    {
      &quot;attributes&quot;: {
        &quot;owner&quot;: &quot;DFA&quot;,
        &quot;stage&quot;: &quot;Completed&quot;,
        &quot;ea1&quot;: &quot;W51P07&quot;,
        &quot;ea2&quot;: &quot;Western Region&quot;
      }
    },
    {
      &quot;attributes&quot;: {
        &quot;owner&quot;: &quot;DFA&quot;,
        &quot;stage&quot;: &quot;Completed&quot;,
        &quot;ea1&quot;: &quot;W51P07&quot;,
        &quot;ea2&quot;: &quot;Western Region&quot;
      }
    },
    {
      &quot;attributes&quot;: {
        &quot;owner&quot;: &quot;DFA&quot;,
        &quot;stage&quot;: &quot;Construction&quot;,
        &quot;ea1&quot;: &quot;Greenway Drive Entry 1&quot;,
        &quot;ea2&quot;: &quot;Gauteng South&quot;
      }
    },
    {
      &quot;attributes&quot;: {
        &quot;owner&quot;: &quot;DFA&quot;,
        &quot;stage&quot;: &quot;Completed&quot;,
        &quot;ea1&quot;: &quot;G52P75&quot;,
        &quot;ea2&quot;: &quot;Gauteng South&quot;
      }
    },
    {
      &quot;attributes&quot;: {
        &quot;owner&quot;: &quot;DFA&quot;,
        &quot;stage&quot;: &quot;Completed&quot;,
        &quot;ea1&quot;: &quot;G52P75&quot;,
        &quot;ea2&quot;: &quot;Gauteng South&quot;
      }
    },
    {
      &quot;attributes&quot;: {
        &quot;owner&quot;: &quot;DFA&quot;,
        &quot;stage&quot;: &quot;Completed&quot;,
        &quot;ea1&quot;: &quot;G52P75&quot;,
        &quot;ea2&quot;: &quot;Gauteng South&quot;
      }
    },
    {
      &quot;attributes&quot;: {
        &quot;owner&quot;: &quot;DFA&quot;,
        &quot;stage&quot;: &quot;Completed&quot;,
        &quot;ea1&quot;: &quot;G52P75&quot;,
        &quot;ea2&quot;: &quot;Gauteng South&quot;
      }
    },
    {
      &quot;attributes&quot;: {
        &quot;owner&quot;: &quot;DFA&quot;,
        &quot;stage&quot;: &quot;Completed&quot;,
        &quot;ea1&quot;: &quot;G52P75&quot;,
        &quot;ea2&quot;: &quot;Gauteng South&quot;
      }
    },
    {
      &quot;attributes&quot;: {
        &quot;owner&quot;: &quot;DFA&quot;,
        &quot;stage&quot;: &quot;Completed&quot;,
        &quot;ea1&quot;: &quot;G52P75&quot;,
        &quot;ea2&quot;: &quot;Gauteng South&quot;
      }
    },
    {
      &quot;attributes&quot;: {
        &quot;owner&quot;: &quot;DFA&quot;,
        &quot;stage&quot;: &quot;Completed&quot;,
        &quot;ea1&quot;: &quot;G52P75&quot;,
        &quot;ea2&quot;: &quot;Gauteng South&quot;
      }
    },
    {
      &quot;attributes&quot;: {
        &quot;owner&quot;: &quot;DFA&quot;,
        &quot;stage&quot;: &quot;Completed&quot;,
        &quot;ea1&quot;: &quot;G52P75&quot;,
        &quot;ea2&quot;: &quot;Gauteng South&quot;
      }
    },
    {
      &quot;attributes&quot;: {
        &quot;owner&quot;: &quot;DFA&quot;,
        &quot;stage&quot;: &quot;Completed&quot;,
        &quot;ea1&quot;: &quot;G52P75&quot;,
        &quot;ea2&quot;: &quot;Gauteng South&quot;
      }
    },
    {
      &quot;attributes&quot;: {
        &quot;owner&quot;: &quot;DFA&quot;,
        &quot;stage&quot;: &quot;Completed&quot;,
        &quot;ea1&quot;: &quot;G52P75&quot;,
        &quot;ea2&quot;: &quot;Gauteng South&quot;
      }
    },
    {
      &quot;attributes&quot;: {
        &quot;owner&quot;: &quot;DFA&quot;,
        &quot;stage&quot;: &quot;Completed&quot;,
        &quot;ea1&quot;: &quot;G52P75&quot;,
        &quot;ea2&quot;: &quot;Gauteng South&quot;
      }
    },
    {
      &quot;attributes&quot;: {
        &quot;owner&quot;: &quot;DFA&quot;,
        &quot;stage&quot;: &quot;Completed&quot;,
        &quot;ea1&quot;: &quot;G52P75&quot;,
        &quot;ea2&quot;: &quot;Gauteng South&quot;
      }
    },
    {
      &quot;attributes&quot;: {
        &quot;owner&quot;: &quot;DFA&quot;,
        &quot;stage&quot;: &quot;Completed&quot;,
        &quot;ea1&quot;: &quot;G52P75&quot;,
        &quot;ea2&quot;: &quot;Gauteng South&quot;
      }
    },
    {
      &quot;attributes&quot;: {
        &quot;owner&quot;: &quot;DFA&quot;,
        &quot;stage&quot;: &quot;Completed&quot;,
        &quot;ea1&quot;: &quot;G52P75&quot;,
        &quot;ea2&quot;: &quot;Gauteng South&quot;
      }
    },
    {
      &quot;attributes&quot;: {
        &quot;owner&quot;: &quot;DFA&quot;,
        &quot;stage&quot;: &quot;Completed&quot;,
        &quot;ea1&quot;: &quot;G52P75&quot;,
        &quot;ea2&quot;: &quot;Gauteng South&quot;
      }
    },
    {
      &quot;attributes&quot;: {
        &quot;owner&quot;: &quot;DFA&quot;,
        &quot;stage&quot;: &quot;Completed&quot;,
        &quot;ea1&quot;: &quot;G52P75&quot;,
        &quot;ea2&quot;: &quot;Gauteng South&quot;
      }
    },
    {
      &quot;attributes&quot;: {
        &quot;owner&quot;: &quot;DFA&quot;,
        &quot;stage&quot;: &quot;Completed&quot;,
        &quot;ea1&quot;: &quot;G52P75&quot;,
        &quot;ea2&quot;: &quot;Gauteng South&quot;
      }
    },
    {
      &quot;attributes&quot;: {
        &quot;owner&quot;: &quot;DFA&quot;,
        &quot;stage&quot;: &quot;Completed&quot;,
        &quot;ea1&quot;: &quot;G52P75&quot;,
        &quot;ea2&quot;: &quot;Gauteng South&quot;
      }
    },
    {
      &quot;attributes&quot;: {
        &quot;owner&quot;: &quot;DFA&quot;,
        &quot;stage&quot;: &quot;Completed&quot;,
        &quot;ea1&quot;: &quot;G52P75&quot;,
        &quot;ea2&quot;: &quot;Gauteng South&quot;
      }
    },
    {
      &quot;attributes&quot;: {
        &quot;owner&quot;: &quot;DFA&quot;,
        &quot;stage&quot;: &quot;Completed&quot;,
        &quot;ea1&quot;: &quot;G52P75&quot;,
        &quot;ea2&quot;: &quot;Gauteng South&quot;
      }
    },
    {
      &quot;attributes&quot;: {
        &quot;owner&quot;: &quot;DFA&quot;,
        &quot;stage&quot;: &quot;Completed&quot;,
        &quot;ea1&quot;: &quot;G52P75&quot;,
        &quot;ea2&quot;: &quot;Gauteng South&quot;
      }
    },
    {
      &quot;attributes&quot;: {
        &quot;owner&quot;: &quot;DFA&quot;,
        &quot;stage&quot;: &quot;Completed&quot;,
        &quot;ea1&quot;: &quot;W50P23&quot;,
        &quot;ea2&quot;: &quot;Western Region&quot;
      }
    },
    {
      &quot;attributes&quot;: {
        &quot;owner&quot;: &quot;DFA&quot;,
        &quot;stage&quot;: &quot;Completed&quot;,
        &quot;ea1&quot;: &quot;G52P75&quot;,
        &quot;ea2&quot;: &quot;Gauteng South&quot;
      }
    },
    {
      &quot;attributes&quot;: {
        &quot;owner&quot;: &quot;DFA&quot;,
        &quot;stage&quot;: &quot;Completed&quot;,
        &quot;ea1&quot;: &quot;G52P75&quot;,
        &quot;ea2&quot;: &quot;Gauteng South&quot;
      }
    },
    {
      &quot;attributes&quot;: {
        &quot;owner&quot;: &quot;DFA&quot;,
        &quot;stage&quot;: &quot;Construction&quot;,
        &quot;ea1&quot;: &quot;G52P75&quot;,
        &quot;ea2&quot;: &quot;Gauteng South&quot;
      }
    },
    {
      &quot;attributes&quot;: {
        &quot;owner&quot;: &quot;DFA&quot;,
        &quot;stage&quot;: &quot;Completed&quot;,
        &quot;ea1&quot;: &quot;G52P75&quot;,
        &quot;ea2&quot;: &quot;Gauteng South&quot;
      }
    },
    {
      &quot;attributes&quot;: {
        &quot;owner&quot;: &quot;DFA&quot;,
        &quot;stage&quot;: &quot;Completed&quot;,
        &quot;ea1&quot;: &quot;G52P75&quot;,
        &quot;ea2&quot;: &quot;Gauteng South&quot;
      }
    },
    {
      &quot;attributes&quot;: {
        &quot;owner&quot;: &quot;DFA&quot;,
        &quot;stage&quot;: &quot;Completed&quot;,
        &quot;ea1&quot;: &quot;G52P75&quot;,
        &quot;ea2&quot;: &quot;Gauteng South&quot;
      }
    },
    {
      &quot;attributes&quot;: {
        &quot;owner&quot;: &quot;DFA&quot;,
        &quot;stage&quot;: &quot;Completed&quot;,
        &quot;ea1&quot;: &quot;G52P75&quot;,
        &quot;ea2&quot;: &quot;Gauteng South&quot;
      }
    },
    {
      &quot;attributes&quot;: {
        &quot;owner&quot;: &quot;DFA&quot;,
        &quot;stage&quot;: &quot;Completed&quot;,
        &quot;ea1&quot;: &quot;G52P75&quot;,
        &quot;ea2&quot;: &quot;Gauteng South&quot;
      }
    },
    {
      &quot;attributes&quot;: {
        &quot;owner&quot;: &quot;DFA&quot;,
        &quot;stage&quot;: &quot;Completed&quot;,
        &quot;ea1&quot;: &quot;G52P75&quot;,
        &quot;ea2&quot;: &quot;Gauteng South&quot;
      }
    },
    {
      &quot;attributes&quot;: {
        &quot;owner&quot;: &quot;DFA&quot;,
        &quot;stage&quot;: &quot;Completed&quot;,
        &quot;ea1&quot;: &quot;none&quot;,
        &quot;ea2&quot;: &quot;Western Region&quot;
      }
    },
    {
      &quot;attributes&quot;: {
        &quot;owner&quot;: &quot;DFA&quot;,
        &quot;stage&quot;: &quot;Construction&quot;,
        &quot;ea1&quot;: &quot;ECN Telekoms Entry 2&quot;,
        &quot;ea2&quot;: &quot;Eastern Region&quot;
      }
    },
    {
      &quot;attributes&quot;: {
        &quot;owner&quot;: &quot;DFA&quot;,
        &quot;stage&quot;: &quot;Completed&quot;,
        &quot;ea1&quot;: &quot;AS00573GH000223&quot;,
        &quot;ea2&quot;: &quot;Eastern Region&quot;
      }
    },
    {
      &quot;attributes&quot;: {
        &quot;owner&quot;: &quot;DFA&quot;,
        &quot;stage&quot;: &quot;Completed&quot;,
        &quot;ea1&quot;: &quot;Greenside East Entry 1&quot;,
        &quot;ea2&quot;: &quot;Gauteng South&quot;
      }
    },
    {
      &quot;attributes&quot;: {
        &quot;owner&quot;: &quot;DFA&quot;,
        &quot;stage&quot;: &quot;Construction&quot;,
        &quot;ea1&quot;: &quot;Hyde Park Entry 1&quot;,
        &quot;ea2&quot;: &quot;Gauteng South&quot;
      }
    },
    {
      &quot;attributes&quot;: {
        &quot;owner&quot;: &quot;DFA&quot;,
        &quot;stage&quot;: &quot;Construction&quot;,
        &quot;ea1&quot;: &quot;Southern Sun Hyde Park Ent 1&quot;,
        &quot;ea2&quot;: &quot;Gauteng South&quot;
      }
    },
    {
      &quot;attributes&quot;: {
        &quot;owner&quot;: &quot;DFA&quot;,
        &quot;stage&quot;: &quot;Construction&quot;,
        &quot;ea1&quot;: &quot;E_Rosebank_02A ENT 02&quot;,
        &quot;ea2&quot;: &quot;Eastern Region&quot;
      }
    },
    {
      &quot;attributes&quot;: {
        &quot;owner&quot;: &quot;DFA&quot;,
        &quot;stage&quot;: &quot;Completed&quot;,
        &quot;ea1&quot;: &quot;W51P08&quot;,
        &quot;ea2&quot;: &quot;Western Region&quot;
      }
    },
    {
      &quot;attributes&quot;: {
        &quot;owner&quot;: &quot;DFA&quot;,
        &quot;stage&quot;: &quot;Completed&quot;,
        &quot;ea1&quot;: &quot;W51P08&quot;,
        &quot;ea2&quot;: &quot;Western Region&quot;
      }
    },
    {
      &quot;attributes&quot;: {
        &quot;owner&quot;: &quot;DFA&quot;,
        &quot;stage&quot;: &quot;Completed&quot;,
        &quot;ea1&quot;: &quot;W51P17&quot;,
        &quot;ea2&quot;: &quot;Western Region&quot;
      }
    },
    {
      &quot;attributes&quot;: {
        &quot;owner&quot;: &quot;DFA&quot;,
        &quot;stage&quot;: &quot;Completed&quot;,
        &quot;ea1&quot;: &quot;W51P17&quot;,
        &quot;ea2&quot;: &quot;Western Region&quot;
      }
    },
    {
      &quot;attributes&quot;: {
        &quot;owner&quot;: &quot;DFA&quot;,
        &quot;stage&quot;: &quot;Completed&quot;,
        &quot;ea1&quot;: &quot;W50P18&quot;,
        &quot;ea2&quot;: &quot;Western Region&quot;
      }
    },
    {
      &quot;attributes&quot;: {
        &quot;owner&quot;: &quot;DFA&quot;,
        &quot;stage&quot;: &quot;Completed&quot;,
        &quot;ea1&quot;: &quot;W50P18&quot;,
        &quot;ea2&quot;: &quot;Western Region&quot;
      }
    },
    {
      &quot;attributes&quot;: {
        &quot;owner&quot;: &quot;DFA&quot;,
        &quot;stage&quot;: &quot;Completed&quot;,
        &quot;ea1&quot;: &quot;W50P18&quot;,
        &quot;ea2&quot;: &quot;Western Region&quot;
      }
    },
    {
      &quot;attributes&quot;: {
        &quot;owner&quot;: &quot;DFA&quot;,
        &quot;stage&quot;: &quot;Completed&quot;,
        &quot;ea1&quot;: &quot;W50P18&quot;,
        &quot;ea2&quot;: &quot;Western Region&quot;
      }
    },
    {
      &quot;attributes&quot;: {
        &quot;owner&quot;: &quot;DFA&quot;,
        &quot;stage&quot;: &quot;Completed&quot;,
        &quot;ea1&quot;: &quot;W50P18&quot;,
        &quot;ea2&quot;: &quot;Western Region&quot;
      }
    },
    {
      &quot;attributes&quot;: {
        &quot;owner&quot;: &quot;DFA&quot;,
        &quot;stage&quot;: &quot;Completed&quot;,
        &quot;ea1&quot;: &quot;W50P18&quot;,
        &quot;ea2&quot;: &quot;Western Region&quot;
      }
    },
    {
      &quot;attributes&quot;: {
        &quot;owner&quot;: &quot;DFA&quot;,
        &quot;stage&quot;: &quot;Completed&quot;,
        &quot;ea1&quot;: &quot;W50P18&quot;,
        &quot;ea2&quot;: &quot;Western Region&quot;
      }
    },
    {
      &quot;attributes&quot;: {
        &quot;owner&quot;: &quot;DFA&quot;,
        &quot;stage&quot;: &quot;Completed&quot;,
        &quot;ea1&quot;: &quot;W50P18&quot;,
        &quot;ea2&quot;: &quot;Western Region&quot;
      }
    },
    {
      &quot;attributes&quot;: {
        &quot;owner&quot;: &quot;DFA&quot;,
        &quot;stage&quot;: &quot;Completed&quot;,
        &quot;ea1&quot;: &quot;W50P18&quot;,
        &quot;ea2&quot;: &quot;Western Region&quot;
      }
    },
    {
      &quot;attributes&quot;: {
        &quot;owner&quot;: &quot;DFA&quot;,
        &quot;stage&quot;: &quot;Completed&quot;,
        &quot;ea1&quot;: &quot;W50P18&quot;,
        &quot;ea2&quot;: &quot;Western Region&quot;
      }
    },
    {
      &quot;attributes&quot;: {
        &quot;owner&quot;: &quot;DFA&quot;,
        &quot;stage&quot;: &quot;Completed&quot;,
        &quot;ea1&quot;: &quot;W50P18&quot;,
        &quot;ea2&quot;: &quot;Western Region&quot;
      }
    },
    {
      &quot;attributes&quot;: {
        &quot;owner&quot;: &quot;DFA&quot;,
        &quot;stage&quot;: &quot;Completed&quot;,
        &quot;ea1&quot;: &quot;W50P18&quot;,
        &quot;ea2&quot;: &quot;Western Region&quot;
      }
    },
    {
      &quot;attributes&quot;: {
        &quot;owner&quot;: &quot;DFA&quot;,
        &quot;stage&quot;: &quot;Completed&quot;,
        &quot;ea1&quot;: &quot;W50P18&quot;,
        &quot;ea2&quot;: &quot;Western Region&quot;
      }
    },
    {
      &quot;attributes&quot;: {
        &quot;owner&quot;: &quot;DFA&quot;,
        &quot;stage&quot;: &quot;Completed&quot;,
        &quot;ea1&quot;: &quot;W50P18&quot;,
        &quot;ea2&quot;: &quot;Western Region&quot;
      }
    },
    {
      &quot;attributes&quot;: {
        &quot;owner&quot;: &quot;DFA&quot;,
        &quot;stage&quot;: &quot;Completed&quot;,
        &quot;ea1&quot;: &quot;W50P18&quot;,
        &quot;ea2&quot;: &quot;Western Region&quot;
      }
    },
    {
      &quot;attributes&quot;: {
        &quot;owner&quot;: &quot;DFA&quot;,
        &quot;stage&quot;: &quot;Completed&quot;,
        &quot;ea1&quot;: &quot;W50P18&quot;,
        &quot;ea2&quot;: &quot;Western Region&quot;
      }
    },
    {
      &quot;attributes&quot;: {
        &quot;owner&quot;: &quot;DFA&quot;,
        &quot;stage&quot;: &quot;Completed&quot;,
        &quot;ea1&quot;: &quot;G52P10&quot;,
        &quot;ea2&quot;: &quot;Gauteng South&quot;
      }
    },
    {
      &quot;attributes&quot;: {
        &quot;owner&quot;: &quot;DFA&quot;,
        &quot;stage&quot;: &quot;Completed&quot;,
        &quot;ea1&quot;: &quot;G20P18&quot;,
        &quot;ea2&quot;: &quot;Gauteng South&quot;
      }
    },
    {
      &quot;attributes&quot;: {
        &quot;owner&quot;: &quot;DFA&quot;,
        &quot;stage&quot;: &quot;Completed&quot;,
        &quot;ea1&quot;: &quot;G52P10&quot;,
        &quot;ea2&quot;: &quot;Gauteng South&quot;
      }
    },
    {
      &quot;attributes&quot;: {
        &quot;owner&quot;: &quot;DFA&quot;,
        &quot;stage&quot;: &quot;Completed&quot;,
        &quot;ea1&quot;: &quot;G52P10&quot;,
        &quot;ea2&quot;: &quot;Gauteng South&quot;
      }
    },
    {
      &quot;attributes&quot;: {
        &quot;owner&quot;: &quot;DFA&quot;,
        &quot;stage&quot;: &quot;Completed&quot;,
        &quot;ea1&quot;: &quot;G52P10&quot;,
        &quot;ea2&quot;: &quot;Gauteng South&quot;
      }
    },
    {
      &quot;attributes&quot;: {
        &quot;owner&quot;: &quot;DFA&quot;,
        &quot;stage&quot;: &quot;Completed&quot;,
        &quot;ea1&quot;: &quot;G52P10&quot;,
        &quot;ea2&quot;: &quot;Gauteng South&quot;
      }
    },
    {
      &quot;attributes&quot;: {
        &quot;owner&quot;: &quot;DFA&quot;,
        &quot;stage&quot;: &quot;Completed&quot;,
        &quot;ea1&quot;: &quot;w&quot;,
        &quot;ea2&quot;: &quot;Gauteng South&quot;
      }
    },
    {
      &quot;attributes&quot;: {
        &quot;owner&quot;: &quot;DFA&quot;,
        &quot;stage&quot;: &quot;Completed&quot;,
        &quot;ea1&quot;: &quot;G52P10&quot;,
        &quot;ea2&quot;: &quot;Gauteng South&quot;
      }
    },
    {
      &quot;attributes&quot;: {
        &quot;owner&quot;: &quot;DFA&quot;,
        &quot;stage&quot;: &quot;Completed&quot;,
        &quot;ea1&quot;: &quot;w&quot;,
        &quot;ea2&quot;: &quot;Gauteng South&quot;
      }
    },
    {
      &quot;attributes&quot;: {
        &quot;owner&quot;: &quot;DFA&quot;,
        &quot;stage&quot;: &quot;Completed&quot;,
        &quot;ea1&quot;: &quot;G52P10&quot;,
        &quot;ea2&quot;: &quot;Gauteng South&quot;
      }
    },
    {
      &quot;attributes&quot;: {
        &quot;owner&quot;: &quot;DFA&quot;,
        &quot;stage&quot;: &quot;Completed&quot;,
        &quot;ea1&quot;: &quot;G52P10&quot;,
        &quot;ea2&quot;: &quot;Gauteng South&quot;
      }
    },
    {
      &quot;attributes&quot;: {
        &quot;owner&quot;: &quot;DFA&quot;,
        &quot;stage&quot;: &quot;Completed&quot;,
        &quot;ea1&quot;: &quot;w&quot;,
        &quot;ea2&quot;: &quot;Gauteng South&quot;
      }
    },
    {
      &quot;attributes&quot;: {
        &quot;owner&quot;: &quot;DFA&quot;,
        &quot;stage&quot;: &quot;Completed&quot;,
        &quot;ea1&quot;: &quot;G52P10&quot;,
        &quot;ea2&quot;: &quot;Gauteng South&quot;
      }
    },
    {
      &quot;attributes&quot;: {
        &quot;owner&quot;: &quot;DFA&quot;,
        &quot;stage&quot;: &quot;Completed&quot;,
        &quot;ea1&quot;: &quot;w&quot;,
        &quot;ea2&quot;: &quot;Gauteng South&quot;
      }
    },
    {
      &quot;attributes&quot;: {
        &quot;owner&quot;: &quot;DFA&quot;,
        &quot;stage&quot;: &quot;Completed&quot;,
        &quot;ea1&quot;: &quot;VS02314GH000632&quot;,
        &quot;ea2&quot;: &quot;None&quot;
      }
    },
    {
      &quot;attributes&quot;: {
        &quot;owner&quot;: &quot;DFA&quot;,
        &quot;stage&quot;: &quot;Construction&quot;,
        &quot;ea1&quot;: &quot;w&quot;,
        &quot;ea2&quot;: &quot;Gauteng South&quot;
      }
    },
    {
      &quot;attributes&quot;: {
        &quot;owner&quot;: &quot;DFA&quot;,
        &quot;stage&quot;: &quot;Completed&quot;,
        &quot;ea1&quot;: &quot;W50P67&quot;,
        &quot;ea2&quot;: &quot;Western Region&quot;
      }
    },
    {
      &quot;attributes&quot;: {
        &quot;owner&quot;: &quot;DFA&quot;,
        &quot;stage&quot;: &quot;Completed&quot;,
        &quot;ea1&quot;: &quot;W20P30&quot;,
        &quot;ea2&quot;: &quot;Western Region&quot;
      }
    },
    {
      &quot;attributes&quot;: {
        &quot;owner&quot;: &quot;DFA&quot;,
        &quot;stage&quot;: &quot;Completed&quot;,
        &quot;ea1&quot;: &quot;W20P16&quot;,
        &quot;ea2&quot;: &quot;Western Region&quot;
      }
    },
    {
      &quot;attributes&quot;: {
        &quot;owner&quot;: &quot;DFA&quot;,
        &quot;stage&quot;: &quot;Completed&quot;,
        &quot;ea1&quot;: &quot;W20P16&quot;,
        &quot;ea2&quot;: &quot;Western Region&quot;
      }
    },
    {
      &quot;attributes&quot;: {
        &quot;owner&quot;: &quot;DFA&quot;,
        &quot;stage&quot;: &quot;Completed&quot;,
        &quot;ea1&quot;: &quot;G52P53&quot;,
        &quot;ea2&quot;: &quot;Gauteng South&quot;
      }
    },
    {
      &quot;attributes&quot;: {
        &quot;owner&quot;: &quot;DFA&quot;,
        &quot;stage&quot;: &quot;Completed&quot;,
        &quot;ea1&quot;: &quot;G52P53&quot;,
        &quot;ea2&quot;: &quot;Gauteng South&quot;
      }
    },
    {
      &quot;attributes&quot;: {
        &quot;owner&quot;: &quot;DFA&quot;,
        &quot;stage&quot;: &quot;Completed&quot;,
        &quot;ea1&quot;: &quot;G52P53&quot;,
        &quot;ea2&quot;: &quot;Gauteng South&quot;
      }
    },
    {
      &quot;attributes&quot;: {
        &quot;owner&quot;: &quot;DFA&quot;,
        &quot;stage&quot;: &quot;Completed&quot;,
        &quot;ea1&quot;: &quot;AS01215GH001823&quot;,
        &quot;ea2&quot;: &quot;Gauteng South&quot;
      }
    },
    {
      &quot;attributes&quot;: {
        &quot;owner&quot;: &quot;DFA&quot;,
        &quot;stage&quot;: &quot;Completed&quot;,
        &quot;ea1&quot;: &quot;K50P93&quot;,
        &quot;ea2&quot;: &quot;Kwa-Zulu Natal&quot;
      }
    },
    {
      &quot;attributes&quot;: {
        &quot;owner&quot;: &quot;DFA&quot;,
        &quot;stage&quot;: &quot;Completed&quot;,
        &quot;ea1&quot;: &quot;G51P19&quot;,
        &quot;ea2&quot;: &quot;Gauteng South&quot;
      }
    },
    {
      &quot;attributes&quot;: {
        &quot;owner&quot;: &quot;DFA&quot;,
        &quot;stage&quot;: &quot;Completed&quot;,
        &quot;ea1&quot;: &quot;G51P19&quot;,
        &quot;ea2&quot;: &quot;Gauteng South&quot;
      }
    },
    {
      &quot;attributes&quot;: {
        &quot;owner&quot;: &quot;DFA&quot;,
        &quot;stage&quot;: &quot;Completed&quot;,
        &quot;ea1&quot;: &quot;G51P19&quot;,
        &quot;ea2&quot;: &quot;Gauteng South&quot;
      }
    },
    {
      &quot;attributes&quot;: {
        &quot;owner&quot;: &quot;DFA&quot;,
        &quot;stage&quot;: &quot;Completed&quot;,
        &quot;ea1&quot;: &quot;G51P19&quot;,
        &quot;ea2&quot;: &quot;Gauteng South&quot;
      }
    },
    {
      &quot;attributes&quot;: {
        &quot;owner&quot;: &quot;DFA&quot;,
        &quot;stage&quot;: &quot;Completed&quot;,
        &quot;ea1&quot;: &quot;G51P19&quot;,
        &quot;ea2&quot;: &quot;Gauteng South&quot;
      }
    },
    {
      &quot;attributes&quot;: {
        &quot;owner&quot;: &quot;DFA&quot;,
        &quot;stage&quot;: &quot;Completed&quot;,
        &quot;ea1&quot;: &quot;G51P19&quot;,
        &quot;ea2&quot;: &quot;Gauteng South&quot;
      }
    },
    {
      &quot;attributes&quot;: {
        &quot;owner&quot;: &quot;DFA&quot;,
        &quot;stage&quot;: &quot;Completed&quot;,
        &quot;ea1&quot;: &quot;G51P19&quot;,
        &quot;ea2&quot;: &quot;Gauteng South&quot;
      }
    },
    {
      &quot;attributes&quot;: {
        &quot;owner&quot;: &quot;DFA&quot;,
        &quot;stage&quot;: &quot;Completed&quot;,
        &quot;ea1&quot;: &quot;G51P19&quot;,
        &quot;ea2&quot;: &quot;Gauteng South&quot;
      }
    },
    {
      &quot;attributes&quot;: {
        &quot;owner&quot;: &quot;DFA&quot;,
        &quot;stage&quot;: &quot;Completed&quot;,
        &quot;ea1&quot;: &quot;W50P89&quot;,
        &quot;ea2&quot;: &quot;Western Region&quot;
      }
    },
    {
      &quot;attributes&quot;: {
        &quot;owner&quot;: &quot;DFA&quot;,
        &quot;stage&quot;: &quot;Completed&quot;,
        &quot;ea1&quot;: &quot;G51P19&quot;,
        &quot;ea2&quot;: &quot;Gauteng South&quot;
      }
    },
    {
      &quot;attributes&quot;: {
        &quot;owner&quot;: &quot;DFA&quot;,
        &quot;stage&quot;: &quot;Completed&quot;,
        &quot;ea1&quot;: &quot;G51P19&quot;,
        &quot;ea2&quot;: &quot;Gauteng South&quot;
      }
    },
    {
      &quot;attributes&quot;: {
        &quot;owner&quot;: &quot;DFA&quot;,
        &quot;stage&quot;: &quot;Completed&quot;,
        &quot;ea1&quot;: &quot;G51P19&quot;,
        &quot;ea2&quot;: &quot;Gauteng South&quot;
      }
    },
    {
      &quot;attributes&quot;: {
        &quot;owner&quot;: &quot;DFA&quot;,
        &quot;stage&quot;: &quot;Completed&quot;,
        &quot;ea1&quot;: &quot;G51P19&quot;,
        &quot;ea2&quot;: &quot;Gauteng South&quot;
      }
    },
    {
      &quot;attributes&quot;: {
        &quot;owner&quot;: &quot;DFA&quot;,
        &quot;stage&quot;: &quot;Completed&quot;,
        &quot;ea1&quot;: &quot;G51P19&quot;,
        &quot;ea2&quot;: &quot;Gauteng South&quot;
      }
    },
    {
      &quot;attributes&quot;: {
        &quot;owner&quot;: &quot;DFA&quot;,
        &quot;stage&quot;: &quot;Completed&quot;,
        &quot;ea1&quot;: &quot;W50P89&quot;,
        &quot;ea2&quot;: &quot;Western Region&quot;
      }
    },
    {
      &quot;attributes&quot;: {
        &quot;owner&quot;: &quot;DFA&quot;,
        &quot;stage&quot;: &quot;Completed&quot;,
        &quot;ea1&quot;: &quot;W50P89&quot;,
        &quot;ea2&quot;: &quot;Western Region&quot;
      }
    },
    {
      &quot;attributes&quot;: {
        &quot;owner&quot;: &quot;DFA&quot;,
        &quot;stage&quot;: &quot;Completed&quot;,
        &quot;ea1&quot;: &quot;W50P89&quot;,
        &quot;ea2&quot;: &quot;Western Region&quot;
      }
    },
    {
      &quot;attributes&quot;: {
        &quot;owner&quot;: &quot;DFA&quot;,
        &quot;stage&quot;: &quot;Completed&quot;,
        &quot;ea1&quot;: &quot;W50P89&quot;,
        &quot;ea2&quot;: &quot;Western Region&quot;
      }
    },
    {
      &quot;attributes&quot;: {
        &quot;owner&quot;: &quot;DFA&quot;,
        &quot;stage&quot;: &quot;Completed&quot;,
        &quot;ea1&quot;: &quot;W50P89&quot;,
        &quot;ea2&quot;: &quot;Western Region&quot;
      }
    },
    {
      &quot;attributes&quot;: {
        &quot;owner&quot;: &quot;DFA&quot;,
        &quot;stage&quot;: &quot;Construction&quot;,
        &quot;ea1&quot;: &quot;w&quot;,
        &quot;ea2&quot;: &quot;None&quot;
      }
    },
    {
      &quot;attributes&quot;: {
        &quot;owner&quot;: &quot;DFA&quot;,
        &quot;stage&quot;: &quot;Completed&quot;,
        &quot;ea1&quot;: &quot;W50P89&quot;,
        &quot;ea2&quot;: &quot;Western Region&quot;
      }
    },
    {
      &quot;attributes&quot;: {
        &quot;owner&quot;: &quot;DFA&quot;,
        &quot;stage&quot;: &quot;Completed&quot;,
        &quot;ea1&quot;: &quot;W50P89&quot;,
        &quot;ea2&quot;: &quot;Western Region&quot;
      }
    },
    {
      &quot;attributes&quot;: {
        &quot;owner&quot;: &quot;DFA&quot;,
        &quot;stage&quot;: &quot;Completed&quot;,
        &quot;ea1&quot;: &quot;W50P89&quot;,
        &quot;ea2&quot;: &quot;Western Region&quot;
      }
    },
    {
      &quot;attributes&quot;: {
        &quot;owner&quot;: &quot;DFA&quot;,
        &quot;stage&quot;: &quot;Completed&quot;,
        &quot;ea1&quot;: &quot;W50P89&quot;,
        &quot;ea2&quot;: &quot;Western Region&quot;
      }
    },
    {
      &quot;attributes&quot;: {
        &quot;owner&quot;: &quot;DFA&quot;,
        &quot;stage&quot;: &quot;Completed&quot;,
        &quot;ea1&quot;: &quot;W50P89&quot;,
        &quot;ea2&quot;: &quot;Western Region&quot;
      }
    },
    {
      &quot;attributes&quot;: {
        &quot;owner&quot;: &quot;DFA&quot;,
        &quot;stage&quot;: &quot;Construction&quot;,
        &quot;ea1&quot;: &quot;w&quot;,
        &quot;ea2&quot;: &quot;None&quot;
      }
    },
    {
      &quot;attributes&quot;: {
        &quot;owner&quot;: &quot;DFA&quot;,
        &quot;stage&quot;: &quot;Completed&quot;,
        &quot;ea1&quot;: &quot;W50P89&quot;,
        &quot;ea2&quot;: &quot;Western Region&quot;
      }
    },
    {
      &quot;attributes&quot;: {
        &quot;owner&quot;: &quot;DFA&quot;,
        &quot;stage&quot;: &quot;Completed&quot;,
        &quot;ea1&quot;: &quot;W50P89&quot;,
        &quot;ea2&quot;: &quot;Western Region&quot;
      }
    },
    {
      &quot;attributes&quot;: {
        &quot;owner&quot;: &quot;DFA&quot;,
        &quot;stage&quot;: &quot;Completed&quot;,
        &quot;ea1&quot;: &quot;W50P89&quot;,
        &quot;ea2&quot;: &quot;Western Region&quot;
      }
    },
    {
      &quot;attributes&quot;: {
        &quot;owner&quot;: &quot;DFA&quot;,
        &quot;stage&quot;: &quot;Construction&quot;,
        &quot;ea1&quot;: &quot;w&quot;,
        &quot;ea2&quot;: &quot;None&quot;
      }
    },
    {
      &quot;attributes&quot;: {
        &quot;owner&quot;: &quot;DFA&quot;,
        &quot;stage&quot;: &quot;Completed&quot;,
        &quot;ea1&quot;: &quot;W50P89&quot;,
        &quot;ea2&quot;: &quot;Western Region&quot;
      }
    },
    {
      &quot;attributes&quot;: {
        &quot;owner&quot;: &quot;DFA&quot;,
        &quot;stage&quot;: &quot;Completed&quot;,
        &quot;ea1&quot;: &quot;W50P89&quot;,
        &quot;ea2&quot;: &quot;Western Region&quot;
      }
    },
    {
      &quot;attributes&quot;: {
        &quot;owner&quot;: &quot;DFA&quot;,
        &quot;stage&quot;: &quot;Construction&quot;,
        &quot;ea1&quot;: &quot;w&quot;,
        &quot;ea2&quot;: &quot;None&quot;
      }
    },
    {
      &quot;attributes&quot;: {
        &quot;owner&quot;: &quot;DFA&quot;,
        &quot;stage&quot;: &quot;Completed&quot;,
        &quot;ea1&quot;: &quot;W50P89&quot;,
        &quot;ea2&quot;: &quot;Western Region&quot;
      }
    },
    {
      &quot;attributes&quot;: {
        &quot;owner&quot;: &quot;DFA&quot;,
        &quot;stage&quot;: &quot;Completed&quot;,
        &quot;ea1&quot;: &quot;W50P89&quot;,
        &quot;ea2&quot;: &quot;Western Region&quot;
      }
    },
    {
      &quot;attributes&quot;: {
        &quot;owner&quot;: &quot;DFA&quot;,
        &quot;stage&quot;: &quot;Construction&quot;,
        &quot;ea1&quot;: &quot;w&quot;,
        &quot;ea2&quot;: &quot;None&quot;
      }
    },
    {
      &quot;attributes&quot;: {
        &quot;owner&quot;: &quot;DFA&quot;,
        &quot;stage&quot;: &quot;Completed&quot;,
        &quot;ea1&quot;: &quot;W50P89&quot;,
        &quot;ea2&quot;: &quot;Western Region&quot;
      }
    },
    {
      &quot;attributes&quot;: {
        &quot;owner&quot;: &quot;DFA&quot;,
        &quot;stage&quot;: &quot;Completed&quot;,
        &quot;ea1&quot;: &quot;W50P89&quot;,
        &quot;ea2&quot;: &quot;Western Region&quot;
      }
    },
    {
      &quot;attributes&quot;: {
        &quot;owner&quot;: &quot;DFA&quot;,
        &quot;stage&quot;: &quot;Completed&quot;,
        &quot;ea1&quot;: &quot;W50P89&quot;,
        &quot;ea2&quot;: &quot;Western Region&quot;
      }
    },
    {
      &quot;attributes&quot;: {
        &quot;owner&quot;: &quot;DFA&quot;,
        &quot;stage&quot;: &quot;Construction&quot;,
        &quot;ea1&quot;: &quot;w&quot;,
        &quot;ea2&quot;: &quot;None&quot;
      }
    },
    {
      &quot;attributes&quot;: {
        &quot;owner&quot;: &quot;DFA&quot;,
        &quot;stage&quot;: &quot;Completed&quot;,
        &quot;ea1&quot;: &quot;G52P91&quot;,
        &quot;ea2&quot;: &quot;Gauteng South&quot;
      }
    },
    {
      &quot;attributes&quot;: {
        &quot;owner&quot;: &quot;DFA&quot;,
        &quot;stage&quot;: &quot;Completed&quot;,
        &quot;ea1&quot;: &quot;AS13084GA340762&quot;,
        &quot;ea2&quot;: &quot;Gauteng South&quot;
      }
    },
    {
      &quot;attributes&quot;: {
        &quot;owner&quot;: &quot;DFA&quot;,
        &quot;stage&quot;: &quot;Completed&quot;,
        &quot;ea1&quot;: &quot;G52P91&quot;,
        &quot;ea2&quot;: &quot;Gauteng South&quot;
      }
    },
    {
      &quot;attributes&quot;: {
        &quot;owner&quot;: &quot;DFA&quot;,
        &quot;stage&quot;: &quot;Completed&quot;,
        &quot;ea1&quot;: &quot;G52P91&quot;,
        &quot;ea2&quot;: &quot;Gauteng South&quot;
      }
    },
    {
      &quot;attributes&quot;: {
        &quot;owner&quot;: &quot;DFA&quot;,
        &quot;stage&quot;: &quot;Completed&quot;,
        &quot;ea1&quot;: &quot;G52P91&quot;,
        &quot;ea2&quot;: &quot;Gauteng South&quot;
      }
    },
    {
      &quot;attributes&quot;: {
        &quot;owner&quot;: &quot;DFA&quot;,
        &quot;stage&quot;: &quot;Completed&quot;,
        &quot;ea1&quot;: &quot;G52P91&quot;,
        &quot;ea2&quot;: &quot;Gauteng South&quot;
      }
    },
    {
      &quot;attributes&quot;: {
        &quot;owner&quot;: &quot;DFA&quot;,
        &quot;stage&quot;: &quot;Completed&quot;,
        &quot;ea1&quot;: &quot;G50P65&quot;,
        &quot;ea2&quot;: &quot;Gauteng South&quot;
      }
    },
    {
      &quot;attributes&quot;: {
        &quot;owner&quot;: &quot;DFA&quot;,
        &quot;stage&quot;: &quot;Completed&quot;,
        &quot;ea1&quot;: &quot;G50P65&quot;,
        &quot;ea2&quot;: &quot;Gauteng South&quot;
      }
    },
    {
      &quot;attributes&quot;: {
        &quot;owner&quot;: &quot;DFA&quot;,
        &quot;stage&quot;: &quot;Completed&quot;,
        &quot;ea1&quot;: &quot;G50P65&quot;,
        &quot;ea2&quot;: &quot;Gauteng South&quot;
      }
    },
    {
      &quot;attributes&quot;: {
        &quot;owner&quot;: &quot;DFA&quot;,
        &quot;stage&quot;: &quot;Completed&quot;,
        &quot;ea1&quot;: &quot;VS04577NB260586&quot;,
        &quot;ea2&quot;: &quot;Northern Region&quot;
      }
    },
    {
      &quot;attributes&quot;: {
        &quot;owner&quot;: &quot;DFA&quot;,
        &quot;stage&quot;: &quot;Completed&quot;,
        &quot;ea1&quot;: &quot;G52P22&quot;,
        &quot;ea2&quot;: &quot;Gauteng South&quot;
      }
    },
    {
      &quot;attributes&quot;: {
        &quot;owner&quot;: &quot;DFA&quot;,
        &quot;stage&quot;: &quot;Completed&quot;,
        &quot;ea1&quot;: &quot;G52P22&quot;,
        &quot;ea2&quot;: &quot;Gauteng South&quot;
      }
    },
    {
      &quot;attributes&quot;: {
        &quot;owner&quot;: &quot;DFA&quot;,
        &quot;stage&quot;: &quot;Completed&quot;,
        &quot;ea1&quot;: &quot;G52P22&quot;,
        &quot;ea2&quot;: &quot;Gauteng South&quot;
      }
    },
    {
      &quot;attributes&quot;: {
        &quot;owner&quot;: &quot;DFA&quot;,
        &quot;stage&quot;: &quot;Completed&quot;,
        &quot;ea1&quot;: &quot;G52P22&quot;,
        &quot;ea2&quot;: &quot;Gauteng South&quot;
      }
    },
    {
      &quot;attributes&quot;: {
        &quot;owner&quot;: &quot;DFA&quot;,
        &quot;stage&quot;: &quot;Completed&quot;,
        &quot;ea1&quot;: &quot;G52P22&quot;,
        &quot;ea2&quot;: &quot;Gauteng South&quot;
      }
    },
    {
      &quot;attributes&quot;: {
        &quot;owner&quot;: &quot;DFA&quot;,
        &quot;stage&quot;: &quot;Completed&quot;,
        &quot;ea1&quot;: &quot;G52P22&quot;,
        &quot;ea2&quot;: &quot;Gauteng South&quot;
      }
    },
    {
      &quot;attributes&quot;: {
        &quot;owner&quot;: &quot;DFA&quot;,
        &quot;stage&quot;: &quot;Completed&quot;,
        &quot;ea1&quot;: &quot;G52P22&quot;,
        &quot;ea2&quot;: &quot;Gauteng South&quot;
      }
    },
    {
      &quot;attributes&quot;: {
        &quot;owner&quot;: &quot;DFA&quot;,
        &quot;stage&quot;: &quot;Completed&quot;,
        &quot;ea1&quot;: &quot;G52P22&quot;,
        &quot;ea2&quot;: &quot;Gauteng South&quot;
      }
    },
    {
      &quot;attributes&quot;: {
        &quot;owner&quot;: &quot;DFA&quot;,
        &quot;stage&quot;: &quot;Completed&quot;,
        &quot;ea1&quot;: &quot;G52P22&quot;,
        &quot;ea2&quot;: &quot;Gauteng South&quot;
      }
    },
    {
      &quot;attributes&quot;: {
        &quot;owner&quot;: &quot;DFA&quot;,
        &quot;stage&quot;: &quot;Completed&quot;,
        &quot;ea1&quot;: &quot;G52P22&quot;,
        &quot;ea2&quot;: &quot;Gauteng South&quot;
      }
    },
    {
      &quot;attributes&quot;: {
        &quot;owner&quot;: &quot;DFA&quot;,
        &quot;stage&quot;: &quot;Completed&quot;,
        &quot;ea1&quot;: &quot;G52P22&quot;,
        &quot;ea2&quot;: &quot;Gauteng South&quot;
      }
    },
    {
      &quot;attributes&quot;: {
        &quot;owner&quot;: &quot;DFA&quot;,
        &quot;stage&quot;: &quot;Completed&quot;,
        &quot;ea1&quot;: &quot;G52P22&quot;,
        &quot;ea2&quot;: &quot;Gauteng South&quot;
      }
    },
    {
      &quot;attributes&quot;: {
        &quot;owner&quot;: &quot;DFA&quot;,
        &quot;stage&quot;: &quot;Completed&quot;,
        &quot;ea1&quot;: &quot;G52P22&quot;,
        &quot;ea2&quot;: &quot;Gauteng South&quot;
      }
    },
    {
      &quot;attributes&quot;: {
        &quot;owner&quot;: &quot;DFA&quot;,
        &quot;stage&quot;: &quot;Completed&quot;,
        &quot;ea1&quot;: &quot;G52P22&quot;,
        &quot;ea2&quot;: &quot;Gauteng South&quot;
      }
    },
    {
      &quot;attributes&quot;: {
        &quot;owner&quot;: &quot;DFA&quot;,
        &quot;stage&quot;: &quot;Completed&quot;,
        &quot;ea1&quot;: &quot;G52P22&quot;,
        &quot;ea2&quot;: &quot;Gauteng South&quot;
      }
    },
    {
      &quot;attributes&quot;: {
        &quot;owner&quot;: &quot;DFA&quot;,
        &quot;stage&quot;: &quot;Completed&quot;,
        &quot;ea1&quot;: &quot;G52P22&quot;,
        &quot;ea2&quot;: &quot;Gauteng South&quot;
      }
    },
    {
      &quot;attributes&quot;: {
        &quot;owner&quot;: &quot;DFA&quot;,
        &quot;stage&quot;: &quot;Completed&quot;,
        &quot;ea1&quot;: &quot;G52P22&quot;,
        &quot;ea2&quot;: &quot;Gauteng South&quot;
      }
    },
    {
      &quot;attributes&quot;: {
        &quot;owner&quot;: &quot;DFA&quot;,
        &quot;stage&quot;: &quot;Completed&quot;,
        &quot;ea1&quot;: &quot;G52P22&quot;,
        &quot;ea2&quot;: &quot;Gauteng South&quot;
      }
    },
    {
      &quot;attributes&quot;: {
        &quot;owner&quot;: &quot;DFA&quot;,
        &quot;stage&quot;: &quot;Completed&quot;,
        &quot;ea1&quot;: &quot;G52P22&quot;,
        &quot;ea2&quot;: &quot;Gauteng South&quot;
      }
    },
    {
      &quot;attributes&quot;: {
        &quot;owner&quot;: &quot;DFA&quot;,
        &quot;stage&quot;: &quot;Construction&quot;,
        &quot;ea1&quot;: &quot;VS04589NB020708&quot;,
        &quot;ea2&quot;: &quot;None&quot;
      }
    },
    {
      &quot;attributes&quot;: {
        &quot;owner&quot;: &quot;DFA&quot;,
        &quot;stage&quot;: &quot;Completed&quot;,
        &quot;ea1&quot;: &quot;G52P22&quot;,
        &quot;ea2&quot;: &quot;Gauteng South&quot;
      }
    },
    {
      &quot;attributes&quot;: {
        &quot;owner&quot;: &quot;DFA&quot;,
        &quot;stage&quot;: &quot;Completed&quot;,
        &quot;ea1&quot;: &quot;G52P22&quot;,
        &quot;ea2&quot;: &quot;Gauteng South&quot;
      }
    },
    {
      &quot;attributes&quot;: {
        &quot;owner&quot;: &quot;DFA&quot;,
        &quot;stage&quot;: &quot;Completed&quot;,
        &quot;ea1&quot;: &quot;G52P22&quot;,
        &quot;ea2&quot;: &quot;Gauteng South&quot;
      }
    },
    {
      &quot;attributes&quot;: {
        &quot;owner&quot;: &quot;DFA&quot;,
        &quot;stage&quot;: &quot;Completed&quot;,
        &quot;ea1&quot;: &quot;G52P22&quot;,
        &quot;ea2&quot;: &quot;Gauteng South&quot;
      }
    },
    {
      &quot;attributes&quot;: {
        &quot;owner&quot;: &quot;DFA&quot;,
        &quot;stage&quot;: &quot;Completed&quot;,
        &quot;ea1&quot;: &quot;G52P22&quot;,
        &quot;ea2&quot;: &quot;Gauteng South&quot;
      }
    },
    {
      &quot;attributes&quot;: {
        &quot;owner&quot;: &quot;DFA&quot;,
        &quot;stage&quot;: &quot;Completed&quot;,
        &quot;ea1&quot;: &quot;G52P22&quot;,
        &quot;ea2&quot;: &quot;Gauteng South&quot;
      }
    },
    {
      &quot;attributes&quot;: {
        &quot;owner&quot;: &quot;DFA&quot;,
        &quot;stage&quot;: &quot;Completed&quot;,
        &quot;ea1&quot;: &quot;G52P22&quot;,
        &quot;ea2&quot;: &quot;Gauteng South&quot;
      }
    },
    {
      &quot;attributes&quot;: {
        &quot;owner&quot;: &quot;DFA&quot;,
        &quot;stage&quot;: &quot;Completed&quot;,
        &quot;ea1&quot;: &quot;G52P22&quot;,
        &quot;ea2&quot;: &quot;Gauteng South&quot;
      }
    },
    {
      &quot;attributes&quot;: {
        &quot;owner&quot;: &quot;DFA&quot;,
        &quot;stage&quot;: &quot;Completed&quot;,
        &quot;ea1&quot;: &quot;W50P16&quot;,
        &quot;ea2&quot;: &quot;Western Region&quot;
      }
    },
    {
      &quot;attributes&quot;: {
        &quot;owner&quot;: &quot;DFA&quot;,
        &quot;stage&quot;: &quot;Completed&quot;,
        &quot;ea1&quot;: &quot;G52P22&quot;,
        &quot;ea2&quot;: &quot;Gauteng South&quot;
      }
    },
    {
      &quot;attributes&quot;: {
        &quot;owner&quot;: &quot;DFA&quot;,
        &quot;stage&quot;: &quot;Construction&quot;,
        &quot;ea1&quot;: &quot;VS04623NB002551&quot;,
        &quot;ea2&quot;: &quot;None&quot;
      }
    },
    {
      &quot;attributes&quot;: {
        &quot;owner&quot;: &quot;DFA&quot;,
        &quot;stage&quot;: &quot;Completed&quot;,
        &quot;ea1&quot;: &quot;W50P16&quot;,
        &quot;ea2&quot;: &quot;Western Region&quot;
      }
    },
    {
      &quot;attributes&quot;: {
        &quot;owner&quot;: &quot;DFA&quot;,
        &quot;stage&quot;: &quot;Completed&quot;,
        &quot;ea1&quot;: &quot;G52P22&quot;,
        &quot;ea2&quot;: &quot;Gauteng South&quot;
      }
    },
    {
      &quot;attributes&quot;: {
        &quot;owner&quot;: &quot;DFA&quot;,
        &quot;stage&quot;: &quot;Completed&quot;,
        &quot;ea1&quot;: &quot;G52P22&quot;,
        &quot;ea2&quot;: &quot;Gauteng South&quot;
      }
    },
    {
      &quot;attributes&quot;: {
        &quot;owner&quot;: &quot;DFA&quot;,
        &quot;stage&quot;: &quot;Completed&quot;,
        &quot;ea1&quot;: &quot;G52P22&quot;,
        &quot;ea2&quot;: &quot;Gauteng South&quot;
      }
    },
    {
      &quot;attributes&quot;: {
        &quot;owner&quot;: &quot;DFA&quot;,
        &quot;stage&quot;: &quot;Completed&quot;,
        &quot;ea1&quot;: &quot;W50P16&quot;,
        &quot;ea2&quot;: &quot;Western Region&quot;
      }
    },
    {
      &quot;attributes&quot;: {
        &quot;owner&quot;: &quot;DFA&quot;,
        &quot;stage&quot;: &quot;Completed&quot;,
        &quot;ea1&quot;: &quot;W50P16&quot;,
        &quot;ea2&quot;: &quot;Western Region&quot;
      }
    },
    {
      &quot;attributes&quot;: {
        &quot;owner&quot;: &quot;DFA&quot;,
        &quot;stage&quot;: &quot;Completed&quot;,
        &quot;ea1&quot;: &quot;W50P16&quot;,
        &quot;ea2&quot;: &quot;Western Region&quot;
      }
    },
    {
      &quot;attributes&quot;: {
        &quot;owner&quot;: &quot;DFA&quot;,
        &quot;stage&quot;: &quot;Completed&quot;,
        &quot;ea1&quot;: &quot;W50P16&quot;,
        &quot;ea2&quot;: &quot;Western Region&quot;
      }
    },
    {
      &quot;attributes&quot;: {
        &quot;owner&quot;: &quot;DFA&quot;,
        &quot;stage&quot;: &quot;Completed&quot;,
        &quot;ea1&quot;: &quot;W50P16&quot;,
        &quot;ea2&quot;: &quot;Western Region&quot;
      }
    },
    {
      &quot;attributes&quot;: {
        &quot;owner&quot;: &quot;DFA&quot;,
        &quot;stage&quot;: &quot;Construction&quot;,
        &quot;ea1&quot;: &quot;W50P16&quot;,
        &quot;ea2&quot;: &quot;Western Region&quot;
      }
    },
    {
      &quot;attributes&quot;: {
        &quot;owner&quot;: &quot;DFA&quot;,
        &quot;stage&quot;: &quot;Completed&quot;,
        &quot;ea1&quot;: &quot;W50P16&quot;,
        &quot;ea2&quot;: &quot;Western Region&quot;
      }
    },
    {
      &quot;attributes&quot;: {
        &quot;owner&quot;: &quot;DFA&quot;,
        &quot;stage&quot;: &quot;Completed&quot;,
        &quot;ea1&quot;: &quot;W50P16&quot;,
        &quot;ea2&quot;: &quot;Western Region&quot;
      }
    },
    {
      &quot;attributes&quot;: {
        &quot;owner&quot;: &quot;DFA&quot;,
        &quot;stage&quot;: &quot;Completed&quot;,
        &quot;ea1&quot;: &quot;W50P16&quot;,
        &quot;ea2&quot;: &quot;Western Region&quot;
      }
    },
    {
      &quot;attributes&quot;: {
        &quot;owner&quot;: &quot;DFA&quot;,
        &quot;stage&quot;: &quot;Completed&quot;,
        &quot;ea1&quot;: &quot;W50P16&quot;,
        &quot;ea2&quot;: &quot;Western Region&quot;
      }
    },
    {
      &quot;attributes&quot;: {
        &quot;owner&quot;: &quot;DFA&quot;,
        &quot;stage&quot;: &quot;Completed&quot;,
        &quot;ea1&quot;: &quot;W50P16&quot;,
        &quot;ea2&quot;: &quot;Western Region&quot;
      }
    },
    {
      &quot;attributes&quot;: {
        &quot;owner&quot;: &quot;DFA&quot;,
        &quot;stage&quot;: &quot;Completed&quot;,
        &quot;ea1&quot;: &quot;W50P16&quot;,
        &quot;ea2&quot;: &quot;Western Region&quot;
      }
    },
    {
      &quot;attributes&quot;: {
        &quot;owner&quot;: &quot;DFA&quot;,
        &quot;stage&quot;: &quot;Completed&quot;,
        &quot;ea1&quot;: &quot;W50P16&quot;,
        &quot;ea2&quot;: &quot;Western Region&quot;
      }
    },
    {
      &quot;attributes&quot;: {
        &quot;owner&quot;: &quot;DFA&quot;,
        &quot;stage&quot;: &quot;Completed&quot;,
        &quot;ea1&quot;: &quot;W50P16&quot;,
        &quot;ea2&quot;: &quot;Western Region&quot;
      }
    },
    {
      &quot;attributes&quot;: {
        &quot;owner&quot;: &quot;DFA&quot;,
        &quot;stage&quot;: &quot;Completed&quot;,
        &quot;ea1&quot;: &quot;W50P16&quot;,
        &quot;ea2&quot;: &quot;Western Region&quot;
      }
    },
    {
      &quot;attributes&quot;: {
        &quot;owner&quot;: &quot;DFA&quot;,
        &quot;stage&quot;: &quot;Completed&quot;,
        &quot;ea1&quot;: &quot;W50P16&quot;,
        &quot;ea2&quot;: &quot;Western Region&quot;
      }
    },
    {
      &quot;attributes&quot;: {
        &quot;owner&quot;: &quot;DFA&quot;,
        &quot;stage&quot;: &quot;Completed&quot;,
        &quot;ea1&quot;: &quot;W50P16&quot;,
        &quot;ea2&quot;: &quot;Western Region&quot;
      }
    },
    {
      &quot;attributes&quot;: {
        &quot;owner&quot;: &quot;DFA&quot;,
        &quot;stage&quot;: &quot;Completed&quot;,
        &quot;ea1&quot;: &quot;W50P16&quot;,
        &quot;ea2&quot;: &quot;Western Region&quot;
      }
    },
    {
      &quot;attributes&quot;: {
        &quot;owner&quot;: &quot;DFA&quot;,
        &quot;stage&quot;: &quot;Completed&quot;,
        &quot;ea1&quot;: &quot;W50P16&quot;,
        &quot;ea2&quot;: &quot;Western Region&quot;
      }
    },
    {
      &quot;attributes&quot;: {
        &quot;owner&quot;: &quot;DFA&quot;,
        &quot;stage&quot;: &quot;Completed&quot;,
        &quot;ea1&quot;: &quot;W50P16&quot;,
        &quot;ea2&quot;: &quot;Western Region&quot;
      }
    },
    {
      &quot;attributes&quot;: {
        &quot;owner&quot;: &quot;DFA&quot;,
        &quot;stage&quot;: &quot;Completed&quot;,
        &quot;ea1&quot;: &quot;G52P46&quot;,
        &quot;ea2&quot;: &quot;Gauteng South&quot;
      }
    },
    {
      &quot;attributes&quot;: {
        &quot;owner&quot;: &quot;DFA&quot;,
        &quot;stage&quot;: &quot;Completed&quot;,
        &quot;ea1&quot;: &quot;W20P30&quot;,
        &quot;ea2&quot;: &quot;Western Region&quot;
      }
    },
    {
      &quot;attributes&quot;: {
        &quot;owner&quot;: &quot;DFA&quot;,
        &quot;stage&quot;: &quot;Completed&quot;,
        &quot;ea1&quot;: &quot;W20P30&quot;,
        &quot;ea2&quot;: &quot;Western Region&quot;
      }
    },
    {
      &quot;attributes&quot;: {
        &quot;owner&quot;: &quot;DFA&quot;,
        &quot;stage&quot;: &quot;Completed&quot;,
        &quot;ea1&quot;: &quot;W20P30&quot;,
        &quot;ea2&quot;: &quot;Western Region&quot;
      }
    },
    {
      &quot;attributes&quot;: {
        &quot;owner&quot;: &quot;DFA&quot;,
        &quot;stage&quot;: &quot;Completed&quot;,
        &quot;ea1&quot;: &quot;W20P30&quot;,
        &quot;ea2&quot;: &quot;Western Region&quot;
      }
    },
    {
      &quot;attributes&quot;: {
        &quot;owner&quot;: &quot;DFA&quot;,
        &quot;stage&quot;: &quot;Completed&quot;,
        &quot;ea1&quot;: &quot;W20P30&quot;,
        &quot;ea2&quot;: &quot;Western Region&quot;
      }
    },
    {
      &quot;attributes&quot;: {
        &quot;owner&quot;: &quot;DFA&quot;,
        &quot;stage&quot;: &quot;Completed&quot;,
        &quot;ea1&quot;: &quot;W20P30&quot;,
        &quot;ea2&quot;: &quot;Western Region&quot;
      }
    },
    {
      &quot;attributes&quot;: {
        &quot;owner&quot;: &quot;DFA&quot;,
        &quot;stage&quot;: &quot;Completed&quot;,
        &quot;ea1&quot;: &quot;W20P30&quot;,
        &quot;ea2&quot;: &quot;Western Region&quot;
      }
    },
    {
      &quot;attributes&quot;: {
        &quot;owner&quot;: &quot;DFA&quot;,
        &quot;stage&quot;: &quot;Completed&quot;,
        &quot;ea1&quot;: &quot;G30P38&quot;,
        &quot;ea2&quot;: &quot;Gauteng South&quot;
      }
    },
    {
      &quot;attributes&quot;: {
        &quot;owner&quot;: &quot;DFA&quot;,
        &quot;stage&quot;: &quot;Completed&quot;,
        &quot;ea1&quot;: &quot;G02P02&quot;,
        &quot;ea2&quot;: &quot;Gauteng South&quot;
      }
    },
    {
      &quot;attributes&quot;: {
        &quot;owner&quot;: &quot;DFA&quot;,
        &quot;stage&quot;: &quot;Completed&quot;,
        &quot;ea1&quot;: &quot;W20P30&quot;,
        &quot;ea2&quot;: &quot;Western Region&quot;
      }
    },
    {
      &quot;attributes&quot;: {
        &quot;owner&quot;: &quot;DFA&quot;,
        &quot;stage&quot;: &quot;Completed&quot;,
        &quot;ea1&quot;: &quot;G30P38&quot;,
        &quot;ea2&quot;: &quot;Gauteng South&quot;
      }
    },
    {
      &quot;attributes&quot;: {
        &quot;owner&quot;: &quot;DFA&quot;,
        &quot;stage&quot;: &quot;Completed&quot;,
        &quot;ea1&quot;: &quot;G30P38&quot;,
        &quot;ea2&quot;: &quot;Gauteng South&quot;
      }
    },
    {
      &quot;attributes&quot;: {
        &quot;owner&quot;: &quot;DFA&quot;,
        &quot;stage&quot;: &quot;Completed&quot;,
        &quot;ea1&quot;: &quot;G30P38&quot;,
        &quot;ea2&quot;: &quot;Gauteng South&quot;
      }
    },
    {
      &quot;attributes&quot;: {
        &quot;owner&quot;: &quot;DFA&quot;,
        &quot;stage&quot;: &quot;Completed&quot;,
        &quot;ea1&quot;: &quot;W50P16&quot;,
        &quot;ea2&quot;: &quot;Western Region&quot;
      }
    },
    {
      &quot;attributes&quot;: {
        &quot;owner&quot;: &quot;DFA&quot;,
        &quot;stage&quot;: &quot;Completed&quot;,
        &quot;ea1&quot;: &quot;W50P16&quot;,
        &quot;ea2&quot;: &quot;Western Region&quot;
      }
    },
    {
      &quot;attributes&quot;: {
        &quot;owner&quot;: &quot;DFA&quot;,
        &quot;stage&quot;: &quot;Completed&quot;,
        &quot;ea1&quot;: &quot;W50P16&quot;,
        &quot;ea2&quot;: &quot;Western Region&quot;
      }
    },
    {
      &quot;attributes&quot;: {
        &quot;owner&quot;: &quot;DFA&quot;,
        &quot;stage&quot;: &quot;Completed&quot;,
        &quot;ea1&quot;: &quot;W50P16&quot;,
        &quot;ea2&quot;: &quot;Western Region&quot;
      }
    },
    {
      &quot;attributes&quot;: {
        &quot;owner&quot;: &quot;DFA&quot;,
        &quot;stage&quot;: &quot;Completed&quot;,
        &quot;ea1&quot;: &quot;W50P16&quot;,
        &quot;ea2&quot;: &quot;Western Region&quot;
      }
    },
    {
      &quot;attributes&quot;: {
        &quot;owner&quot;: &quot;DFA&quot;,
        &quot;stage&quot;: &quot;Completed&quot;,
        &quot;ea1&quot;: &quot;W50P16&quot;,
        &quot;ea2&quot;: &quot;Western Region&quot;
      }
    },
    {
      &quot;attributes&quot;: {
        &quot;owner&quot;: &quot;DFA&quot;,
        &quot;stage&quot;: &quot;Completed&quot;,
        &quot;ea1&quot;: &quot;W50P16&quot;,
        &quot;ea2&quot;: &quot;Western Region&quot;
      }
    },
    {
      &quot;attributes&quot;: {
        &quot;owner&quot;: &quot;DFA&quot;,
        &quot;stage&quot;: &quot;Construction&quot;,
        &quot;ea1&quot;: &quot;none&quot;,
        &quot;ea2&quot;: &quot;None&quot;
      }
    },
    {
      &quot;attributes&quot;: {
        &quot;owner&quot;: &quot;DFA&quot;,
        &quot;stage&quot;: &quot;Completed&quot;,
        &quot;ea1&quot;: &quot;W50P16&quot;,
        &quot;ea2&quot;: &quot;Western Region&quot;
      }
    },
    {
      &quot;attributes&quot;: {
        &quot;owner&quot;: &quot;DFA&quot;,
        &quot;stage&quot;: &quot;Completed&quot;,
        &quot;ea1&quot;: &quot;W50P16&quot;,
        &quot;ea2&quot;: &quot;Western Region&quot;
      }
    },
    {
      &quot;attributes&quot;: {
        &quot;owner&quot;: &quot;DFA&quot;,
        &quot;stage&quot;: &quot;Completed&quot;,
        &quot;ea1&quot;: &quot;W50P16&quot;,
        &quot;ea2&quot;: &quot;Western Region&quot;
      }
    },
    {
      &quot;attributes&quot;: {
        &quot;owner&quot;: &quot;DFA&quot;,
        &quot;stage&quot;: &quot;Construction&quot;,
        &quot;ea1&quot;: &quot;none&quot;,
        &quot;ea2&quot;: &quot;None&quot;
      }
    },
    {
      &quot;attributes&quot;: {
        &quot;owner&quot;: &quot;DFA&quot;,
        &quot;stage&quot;: &quot;Completed&quot;,
        &quot;ea1&quot;: &quot;W50P80&quot;,
        &quot;ea2&quot;: &quot;Western Region&quot;
      }
    },
    {
      &quot;attributes&quot;: {
        &quot;owner&quot;: &quot;DFA&quot;,
        &quot;stage&quot;: &quot;Completed&quot;,
        &quot;ea1&quot;: &quot;W50P80&quot;,
        &quot;ea2&quot;: &quot;Western Region&quot;
      }
    },
    {
      &quot;attributes&quot;: {
        &quot;owner&quot;: &quot;DFA&quot;,
        &quot;stage&quot;: &quot;Completed&quot;,
        &quot;ea1&quot;: &quot;W50P80&quot;,
        &quot;ea2&quot;: &quot;Western Region&quot;
      }
    },
    {
      &quot;attributes&quot;: {
        &quot;owner&quot;: &quot;DFA&quot;,
        &quot;stage&quot;: &quot;Completed&quot;,
        &quot;ea1&quot;: &quot;W50P80&quot;,
        &quot;ea2&quot;: &quot;Western Region&quot;
      }
    },
    {
      &quot;attributes&quot;: {
        &quot;owner&quot;: &quot;DFA&quot;,
        &quot;stage&quot;: &quot;Completed&quot;,
        &quot;ea1&quot;: &quot;G51P14&quot;,
        &quot;ea2&quot;: &quot;Gauteng South&quot;
      }
    },
    {
      &quot;attributes&quot;: {
        &quot;owner&quot;: &quot;DFA&quot;,
        &quot;stage&quot;: &quot;Completed&quot;,
        &quot;ea1&quot;: &quot;G51P14&quot;,
        &quot;ea2&quot;: &quot;Gauteng South&quot;
      }
    },
    {
      &quot;attributes&quot;: {
        &quot;owner&quot;: &quot;DFA&quot;,
        &quot;stage&quot;: &quot;Completed&quot;,
        &quot;ea1&quot;: &quot;G51P14&quot;,
        &quot;ea2&quot;: &quot;Gauteng South&quot;
      }
    },
    {
      &quot;attributes&quot;: {
        &quot;owner&quot;: &quot;DFA&quot;,
        &quot;stage&quot;: &quot;Completed&quot;,
        &quot;ea1&quot;: &quot;G51P14&quot;,
        &quot;ea2&quot;: &quot;Gauteng South&quot;
      }
    },
    {
      &quot;attributes&quot;: {
        &quot;owner&quot;: &quot;DFA&quot;,
        &quot;stage&quot;: &quot;Completed&quot;,
        &quot;ea1&quot;: &quot;G51P14&quot;,
        &quot;ea2&quot;: &quot;Gauteng South&quot;
      }
    },
    {
      &quot;attributes&quot;: {
        &quot;owner&quot;: &quot;DFA&quot;,
        &quot;stage&quot;: &quot;Completed&quot;,
        &quot;ea1&quot;: &quot;G52P60&quot;,
        &quot;ea2&quot;: &quot;Gauteng South&quot;
      }
    },
    {
      &quot;attributes&quot;: {
        &quot;owner&quot;: &quot;DFA&quot;,
        &quot;stage&quot;: &quot;Completed&quot;,
        &quot;ea1&quot;: &quot;G52P60&quot;,
        &quot;ea2&quot;: &quot;Gauteng South&quot;
      }
    },
    {
      &quot;attributes&quot;: {
        &quot;owner&quot;: &quot;DFA&quot;,
        &quot;stage&quot;: &quot;Completed&quot;,
        &quot;ea1&quot;: &quot;G52P60&quot;,
        &quot;ea2&quot;: &quot;Gauteng South&quot;
      }
    },
    {
      &quot;attributes&quot;: {
        &quot;owner&quot;: &quot;DFA&quot;,
        &quot;stage&quot;: &quot;Completed&quot;,
        &quot;ea1&quot;: &quot;G52P60&quot;,
        &quot;ea2&quot;: &quot;Gauteng South&quot;
      }
    },
    {
      &quot;attributes&quot;: {
        &quot;owner&quot;: &quot;DFA&quot;,
        &quot;stage&quot;: &quot;Completed&quot;,
        &quot;ea1&quot;: &quot;G52P60&quot;,
        &quot;ea2&quot;: &quot;Gauteng South&quot;
      }
    },
    {
      &quot;attributes&quot;: {
        &quot;owner&quot;: &quot;DFA&quot;,
        &quot;stage&quot;: &quot;Completed&quot;,
        &quot;ea1&quot;: &quot;G52P37&quot;,
        &quot;ea2&quot;: &quot;Gauteng South&quot;
      }
    },
    {
      &quot;attributes&quot;: {
        &quot;owner&quot;: &quot;DFA&quot;,
        &quot;stage&quot;: &quot;Completed&quot;,
        &quot;ea1&quot;: &quot;W50P90&quot;,
        &quot;ea2&quot;: &quot;Western Region&quot;
      }
    },
    {
      &quot;attributes&quot;: {
        &quot;owner&quot;: &quot;DFA&quot;,
        &quot;stage&quot;: &quot;Completed&quot;,
        &quot;ea1&quot;: &quot;W50P90&quot;,
        &quot;ea2&quot;: &quot;Western Region&quot;
      }
    },
    {
      &quot;attributes&quot;: {
        &quot;owner&quot;: &quot;DFA&quot;,
        &quot;stage&quot;: &quot;Completed&quot;,
        &quot;ea1&quot;: &quot;G52P37&quot;,
        &quot;ea2&quot;: &quot;Gauteng South&quot;
      }
    },
    {
      &quot;attributes&quot;: {
        &quot;owner&quot;: &quot;DFA&quot;,
        &quot;stage&quot;: &quot;Completed&quot;,
        &quot;ea1&quot;: &quot;G52P37&quot;,
        &quot;ea2&quot;: &quot;Gauteng South&quot;
      }
    },
    {
      &quot;attributes&quot;: {
        &quot;owner&quot;: &quot;DFA&quot;,
        &quot;stage&quot;: &quot;Completed&quot;,
        &quot;ea1&quot;: &quot;W20P37&quot;,
        &quot;ea2&quot;: &quot;Western Region&quot;
      }
    },
    {
      &quot;attributes&quot;: {
        &quot;owner&quot;: &quot;DFA&quot;,
        &quot;stage&quot;: &quot;Completed&quot;,
        &quot;ea1&quot;: &quot;W20P37&quot;,
        &quot;ea2&quot;: &quot;Western Region&quot;
      }
    },
    {
      &quot;attributes&quot;: {
        &quot;owner&quot;: &quot;DFA&quot;,
        &quot;stage&quot;: &quot;Completed&quot;,
        &quot;ea1&quot;: &quot;W20P37&quot;,
        &quot;ea2&quot;: &quot;Western Region&quot;
      }
    },
    {
      &quot;attributes&quot;: {
        &quot;owner&quot;: &quot;DFA&quot;,
        &quot;stage&quot;: &quot;Completed&quot;,
        &quot;ea1&quot;: &quot;W20P37&quot;,
        &quot;ea2&quot;: &quot;Western Region&quot;
      }
    },
    {
      &quot;attributes&quot;: {
        &quot;owner&quot;: &quot;DFA&quot;,
        &quot;stage&quot;: &quot;Completed&quot;,
        &quot;ea1&quot;: &quot;W20P05&quot;,
        &quot;ea2&quot;: &quot;Western Region&quot;
      }
    },
    {
      &quot;attributes&quot;: {
        &quot;owner&quot;: &quot;DFA&quot;,
        &quot;stage&quot;: &quot;Completed&quot;,
        &quot;ea1&quot;: &quot;W20P02&quot;,
        &quot;ea2&quot;: &quot;Western Region&quot;
      }
    },
    {
      &quot;attributes&quot;: {
        &quot;owner&quot;: &quot;DFA&quot;,
        &quot;stage&quot;: &quot;Completed&quot;,
        &quot;ea1&quot;: &quot;W20P05&quot;,
        &quot;ea2&quot;: &quot;Western Region&quot;
      }
    },
    {
      &quot;attributes&quot;: {
        &quot;owner&quot;: &quot;DFA&quot;,
        &quot;stage&quot;: &quot;Completed&quot;,
        &quot;ea1&quot;: &quot;W20P05&quot;,
        &quot;ea2&quot;: &quot;Western Region&quot;
      }
    },
    {
      &quot;attributes&quot;: {
        &quot;owner&quot;: &quot;DFA&quot;,
        &quot;stage&quot;: &quot;Completed&quot;,
        &quot;ea1&quot;: &quot;W20P05&quot;,
        &quot;ea2&quot;: &quot;Western Region&quot;
      }
    },
    {
      &quot;attributes&quot;: {
        &quot;owner&quot;: &quot;DFA&quot;,
        &quot;stage&quot;: &quot;Completed&quot;,
        &quot;ea1&quot;: &quot;W20P05&quot;,
        &quot;ea2&quot;: &quot;Western Region&quot;
      }
    },
    {
      &quot;attributes&quot;: {
        &quot;owner&quot;: &quot;DFA&quot;,
        &quot;stage&quot;: &quot;Completed&quot;,
        &quot;ea1&quot;: &quot;W20P05&quot;,
        &quot;ea2&quot;: &quot;Western Region&quot;
      }
    },
    {
      &quot;attributes&quot;: {
        &quot;owner&quot;: &quot;DFA&quot;,
        &quot;stage&quot;: &quot;Completed&quot;,
        &quot;ea1&quot;: &quot;W20P05&quot;,
        &quot;ea2&quot;: &quot;Western Region&quot;
      }
    },
    {
      &quot;attributes&quot;: {
        &quot;owner&quot;: &quot;DFA&quot;,
        &quot;stage&quot;: &quot;Completed&quot;,
        &quot;ea1&quot;: &quot;W20P05&quot;,
        &quot;ea2&quot;: &quot;Western Region&quot;
      }
    },
    {
      &quot;attributes&quot;: {
        &quot;owner&quot;: &quot;DFA&quot;,
        &quot;stage&quot;: &quot;Completed&quot;,
        &quot;ea1&quot;: &quot;W20P05&quot;,
        &quot;ea2&quot;: &quot;Western Region&quot;
      }
    },
    {
      &quot;attributes&quot;: {
        &quot;owner&quot;: &quot;DFA&quot;,
        &quot;stage&quot;: &quot;Completed&quot;,
        &quot;ea1&quot;: &quot;G51P31&quot;,
        &quot;ea2&quot;: &quot;Gauteng South&quot;
      }
    },
    {
      &quot;attributes&quot;: {
        &quot;owner&quot;: &quot;DFA&quot;,
        &quot;stage&quot;: &quot;Completed&quot;,
        &quot;ea1&quot;: &quot;G51P31&quot;,
        &quot;ea2&quot;: &quot;Gauteng South&quot;
      }
    },
    {
      &quot;attributes&quot;: {
        &quot;owner&quot;: &quot;DFA&quot;,
        &quot;stage&quot;: &quot;Completed&quot;,
        &quot;ea1&quot;: &quot;G51P31&quot;,
        &quot;ea2&quot;: &quot;Gauteng South&quot;
      }
    },
    {
      &quot;attributes&quot;: {
        &quot;owner&quot;: &quot;DFA&quot;,
        &quot;stage&quot;: &quot;Completed&quot;,
        &quot;ea1&quot;: &quot;G51P31&quot;,
        &quot;ea2&quot;: &quot;Gauteng South&quot;
      }
    },
    {
      &quot;attributes&quot;: {
        &quot;owner&quot;: &quot;DFA&quot;,
        &quot;stage&quot;: &quot;Completed&quot;,
        &quot;ea1&quot;: &quot;G51P31&quot;,
        &quot;ea2&quot;: &quot;Gauteng South&quot;
      }
    },
    {
      &quot;attributes&quot;: {
        &quot;owner&quot;: &quot;DFA&quot;,
        &quot;stage&quot;: &quot;Completed&quot;,
        &quot;ea1&quot;: &quot;G51P31&quot;,
        &quot;ea2&quot;: &quot;Gauteng South&quot;
      }
    },
    {
      &quot;attributes&quot;: {
        &quot;owner&quot;: &quot;DFA&quot;,
        &quot;stage&quot;: &quot;Completed&quot;,
        &quot;ea1&quot;: &quot;G51P31&quot;,
        &quot;ea2&quot;: &quot;Gauteng South&quot;
      }
    },
    {
      &quot;attributes&quot;: {
        &quot;owner&quot;: &quot;DFA&quot;,
        &quot;stage&quot;: &quot;Completed&quot;,
        &quot;ea1&quot;: &quot;G51P31&quot;,
        &quot;ea2&quot;: &quot;Gauteng South&quot;
      }
    },
    {
      &quot;attributes&quot;: {
        &quot;owner&quot;: &quot;DFA&quot;,
        &quot;stage&quot;: &quot;Completed&quot;,
        &quot;ea1&quot;: &quot;G51P31&quot;,
        &quot;ea2&quot;: &quot;Gauteng South&quot;
      }
    },
    {
      &quot;attributes&quot;: {
        &quot;owner&quot;: &quot;DFA&quot;,
        &quot;stage&quot;: &quot;Completed&quot;,
        &quot;ea1&quot;: &quot;G03P01&quot;,
        &quot;ea2&quot;: &quot;Gauteng South&quot;
      }
    },
    {
      &quot;attributes&quot;: {
        &quot;owner&quot;: &quot;DFA&quot;,
        &quot;stage&quot;: &quot;Construction&quot;,
        &quot;ea1&quot;: &quot;G01P14&quot;,
        &quot;ea2&quot;: &quot;Gauteng South&quot;
      }
    },
    {
      &quot;attributes&quot;: {
        &quot;owner&quot;: &quot;DFA&quot;,
        &quot;stage&quot;: &quot;Completed&quot;,
        &quot;ea1&quot;: &quot;W50P62&quot;,
        &quot;ea2&quot;: &quot;Western Region&quot;
      }
    },
    {
      &quot;attributes&quot;: {
        &quot;owner&quot;: &quot;DFA&quot;,
        &quot;stage&quot;: &quot;Completed&quot;,
        &quot;ea1&quot;: &quot;W50P62&quot;,
        &quot;ea2&quot;: &quot;Western Region&quot;
      }
    },
    {
      &quot;attributes&quot;: {
        &quot;owner&quot;: &quot;DFA&quot;,
        &quot;stage&quot;: &quot;Completed&quot;,
        &quot;ea1&quot;: &quot;W50P62&quot;,
        &quot;ea2&quot;: &quot;Western Region&quot;
      }
    },
    {
      &quot;attributes&quot;: {
        &quot;owner&quot;: &quot;DFA&quot;,
        &quot;stage&quot;: &quot;Completed&quot;,
        &quot;ea1&quot;: &quot;W50P62&quot;,
        &quot;ea2&quot;: &quot;Western Region&quot;
      }
    },
    {
      &quot;attributes&quot;: {
        &quot;owner&quot;: &quot;DFA&quot;,
        &quot;stage&quot;: &quot;Completed&quot;,
        &quot;ea1&quot;: &quot;G20P09&quot;,
        &quot;ea2&quot;: &quot;Gauteng South&quot;
      }
    },
    {
      &quot;attributes&quot;: {
        &quot;owner&quot;: &quot;DFA&quot;,
        &quot;stage&quot;: &quot;Completed&quot;,
        &quot;ea1&quot;: &quot;G20P09&quot;,
        &quot;ea2&quot;: &quot;Gauteng South&quot;
      }
    },
    {
      &quot;attributes&quot;: {
        &quot;owner&quot;: &quot;DFA&quot;,
        &quot;stage&quot;: &quot;Completed&quot;,
        &quot;ea1&quot;: &quot;G20P09&quot;,
        &quot;ea2&quot;: &quot;Gauteng South&quot;
      }
    },
    {
      &quot;attributes&quot;: {
        &quot;owner&quot;: &quot;DFA&quot;,
        &quot;stage&quot;: &quot;Completed&quot;,
        &quot;ea1&quot;: &quot;W20P21&quot;,
        &quot;ea2&quot;: &quot;Western Region&quot;
      }
    },
    {
      &quot;attributes&quot;: {
        &quot;owner&quot;: &quot;DFA&quot;,
        &quot;stage&quot;: &quot;Completed&quot;,
        &quot;ea1&quot;: &quot;W20P21&quot;,
        &quot;ea2&quot;: &quot;Western Region&quot;
      }
    },
    {
      &quot;attributes&quot;: {
        &quot;owner&quot;: &quot;DFA&quot;,
        &quot;stage&quot;: &quot;Completed&quot;,
        &quot;ea1&quot;: &quot;W20P21&quot;,
        &quot;ea2&quot;: &quot;Western Region&quot;
      }
    },
    {
      &quot;attributes&quot;: {
        &quot;owner&quot;: &quot;DFA&quot;,
        &quot;stage&quot;: &quot;Completed&quot;,
        &quot;ea1&quot;: &quot;W20P21&quot;,
        &quot;ea2&quot;: &quot;Western Region&quot;
      }
    },
    {
      &quot;attributes&quot;: {
        &quot;owner&quot;: &quot;DFA&quot;,
        &quot;stage&quot;: &quot;Completed&quot;,
        &quot;ea1&quot;: &quot;W20P21&quot;,
        &quot;ea2&quot;: &quot;Western Region&quot;
      }
    },
    {
      &quot;attributes&quot;: {
        &quot;owner&quot;: &quot;DFA&quot;,
        &quot;stage&quot;: &quot;Completed&quot;,
        &quot;ea1&quot;: &quot;W20P21&quot;,
        &quot;ea2&quot;: &quot;Western Region&quot;
      }
    },
    {
      &quot;attributes&quot;: {
        &quot;owner&quot;: &quot;DFA&quot;,
        &quot;stage&quot;: &quot;Completed&quot;,
        &quot;ea1&quot;: &quot;W20P21&quot;,
        &quot;ea2&quot;: &quot;Western Region&quot;
      }
    },
    {
      &quot;attributes&quot;: {
        &quot;owner&quot;: &quot;DFA&quot;,
        &quot;stage&quot;: &quot;Completed&quot;,
        &quot;ea1&quot;: &quot;W20P21&quot;,
        &quot;ea2&quot;: &quot;Western Region&quot;
      }
    },
    {
      &quot;attributes&quot;: {
        &quot;owner&quot;: &quot;DFA&quot;,
        &quot;stage&quot;: &quot;Completed&quot;,
        &quot;ea1&quot;: &quot;W20P21&quot;,
        &quot;ea2&quot;: &quot;Western Region&quot;
      }
    },
    {
      &quot;attributes&quot;: {
        &quot;owner&quot;: &quot;DFA&quot;,
        &quot;stage&quot;: &quot;Completed&quot;,
        &quot;ea1&quot;: &quot;W20P21&quot;,
        &quot;ea2&quot;: &quot;Western Region&quot;
      }
    },
    {
      &quot;attributes&quot;: {
        &quot;owner&quot;: &quot;DFA&quot;,
        &quot;stage&quot;: &quot;Completed&quot;,
        &quot;ea1&quot;: &quot;W20P21&quot;,
        &quot;ea2&quot;: &quot;Western Region&quot;
      }
    },
    {
      &quot;attributes&quot;: {
        &quot;owner&quot;: &quot;DFA&quot;,
        &quot;stage&quot;: &quot;Completed&quot;,
        &quot;ea1&quot;: &quot;W20P21&quot;,
        &quot;ea2&quot;: &quot;Western Region&quot;
      }
    },
    {
      &quot;attributes&quot;: {
        &quot;owner&quot;: &quot;DFA&quot;,
        &quot;stage&quot;: &quot;Completed&quot;,
        &quot;ea1&quot;: &quot;W20P21&quot;,
        &quot;ea2&quot;: &quot;Western Region&quot;
      }
    },
    {
      &quot;attributes&quot;: {
        &quot;owner&quot;: &quot;DFA&quot;,
        &quot;stage&quot;: &quot;Completed&quot;,
        &quot;ea1&quot;: &quot;W20P21&quot;,
        &quot;ea2&quot;: &quot;Western Region&quot;
      }
    },
    {
      &quot;attributes&quot;: {
        &quot;owner&quot;: &quot;DFA&quot;,
        &quot;stage&quot;: &quot;Completed&quot;,
        &quot;ea1&quot;: &quot;W20P21&quot;,
        &quot;ea2&quot;: &quot;Western Region&quot;
      }
    },
    {
      &quot;attributes&quot;: {
        &quot;owner&quot;: &quot;DFA&quot;,
        &quot;stage&quot;: &quot;Completed&quot;,
        &quot;ea1&quot;: &quot;W20P21&quot;,
        &quot;ea2&quot;: &quot;Western Region&quot;
      }
    },
    {
      &quot;attributes&quot;: {
        &quot;owner&quot;: &quot;DFA&quot;,
        &quot;stage&quot;: &quot;Completed&quot;,
        &quot;ea1&quot;: &quot;W50P48&quot;,
        &quot;ea2&quot;: &quot;Western Region&quot;
      }
    },
    {
      &quot;attributes&quot;: {
        &quot;owner&quot;: &quot;DFA&quot;,
        &quot;stage&quot;: &quot;Completed&quot;,
        &quot;ea1&quot;: &quot;W50P48&quot;,
        &quot;ea2&quot;: &quot;Western Region&quot;
      }
    },
    {
      &quot;attributes&quot;: {
        &quot;owner&quot;: &quot;DFA&quot;,
        &quot;stage&quot;: &quot;Completed&quot;,
        &quot;ea1&quot;: &quot;W50P48&quot;,
        &quot;ea2&quot;: &quot;Western Region&quot;
      }
    },
    {
      &quot;attributes&quot;: {
        &quot;owner&quot;: &quot;DFA&quot;,
        &quot;stage&quot;: &quot;Completed&quot;,
        &quot;ea1&quot;: &quot;W50P48&quot;,
        &quot;ea2&quot;: &quot;Western Region&quot;
      }
    },
    {
      &quot;attributes&quot;: {
        &quot;owner&quot;: &quot;DFA&quot;,
        &quot;stage&quot;: &quot;Completed&quot;,
        &quot;ea1&quot;: &quot;W50P48&quot;,
        &quot;ea2&quot;: &quot;Western Region&quot;
      }
    },
    {
      &quot;attributes&quot;: {
        &quot;owner&quot;: &quot;DFA&quot;,
        &quot;stage&quot;: &quot;Completed&quot;,
        &quot;ea1&quot;: &quot;W50P48&quot;,
        &quot;ea2&quot;: &quot;Western Region&quot;
      }
    },
    {
      &quot;attributes&quot;: {
        &quot;owner&quot;: &quot;DFA&quot;,
        &quot;stage&quot;: &quot;Completed&quot;,
        &quot;ea1&quot;: &quot;W50P48&quot;,
        &quot;ea2&quot;: &quot;Western Region&quot;
      }
    },
    {
      &quot;attributes&quot;: {
        &quot;owner&quot;: &quot;DFA&quot;,
        &quot;stage&quot;: &quot;Construction&quot;,
        &quot;ea1&quot;: &quot;none&quot;,
        &quot;ea2&quot;: &quot;None&quot;
      }
    },
    {
      &quot;attributes&quot;: {
        &quot;owner&quot;: &quot;DFA&quot;,
        &quot;stage&quot;: &quot;Completed&quot;,
        &quot;ea1&quot;: &quot;W50P48&quot;,
        &quot;ea2&quot;: &quot;Western Region&quot;
      }
    },
    {
      &quot;attributes&quot;: {
        &quot;owner&quot;: &quot;DFA&quot;,
        &quot;stage&quot;: &quot;Completed&quot;,
        &quot;ea1&quot;: &quot;W50P48&quot;,
        &quot;ea2&quot;: &quot;Western Region&quot;
      }
    },
    {
      &quot;attributes&quot;: {
        &quot;owner&quot;: &quot;DFA&quot;,
        &quot;stage&quot;: &quot;Completed&quot;,
        &quot;ea1&quot;: &quot;W50P48&quot;,
        &quot;ea2&quot;: &quot;Western Region&quot;
      }
    },
    {
      &quot;attributes&quot;: {
        &quot;owner&quot;: &quot;DFA&quot;,
        &quot;stage&quot;: &quot;Completed&quot;,
        &quot;ea1&quot;: &quot;W50P48&quot;,
        &quot;ea2&quot;: &quot;Western Region&quot;
      }
    },
    {
      &quot;attributes&quot;: {
        &quot;owner&quot;: &quot;DFA&quot;,
        &quot;stage&quot;: &quot;Completed&quot;,
        &quot;ea1&quot;: &quot;W50P91 &quot;,
        &quot;ea2&quot;: &quot;Western Region&quot;
      }
    },
    {
      &quot;attributes&quot;: {
        &quot;owner&quot;: &quot;DFA&quot;,
        &quot;stage&quot;: &quot;Completed&quot;,
        &quot;ea1&quot;: &quot;W50P91 &quot;,
        &quot;ea2&quot;: &quot;Western Region&quot;
      }
    },
    {
      &quot;attributes&quot;: {
        &quot;owner&quot;: &quot;DFA&quot;,
        &quot;stage&quot;: &quot;Completed&quot;,
        &quot;ea1&quot;: &quot;W50P91 &quot;,
        &quot;ea2&quot;: &quot;Western Region&quot;
      }
    },
    {
      &quot;attributes&quot;: {
        &quot;owner&quot;: &quot;DFA&quot;,
        &quot;stage&quot;: &quot;Completed&quot;,
        &quot;ea1&quot;: &quot;W50P91 &quot;,
        &quot;ea2&quot;: &quot;Western Region&quot;
      }
    },
    {
      &quot;attributes&quot;: {
        &quot;owner&quot;: &quot;DFA&quot;,
        &quot;stage&quot;: &quot;Completed&quot;,
        &quot;ea1&quot;: &quot;W50P91&quot;,
        &quot;ea2&quot;: &quot;Western Region&quot;
      }
    },
    {
      &quot;attributes&quot;: {
        &quot;owner&quot;: &quot;DFA&quot;,
        &quot;stage&quot;: &quot;Completed&quot;,
        &quot;ea1&quot;: &quot;W50P91 &quot;,
        &quot;ea2&quot;: &quot;Western Region&quot;
      }
    },
    {
      &quot;attributes&quot;: {
        &quot;owner&quot;: &quot;DFA&quot;,
        &quot;stage&quot;: &quot;Completed&quot;,
        &quot;ea1&quot;: &quot;W50P91&quot;,
        &quot;ea2&quot;: &quot;Western Region&quot;
      }
    },
    {
      &quot;attributes&quot;: {
        &quot;owner&quot;: &quot;DFA&quot;,
        &quot;stage&quot;: &quot;Completed&quot;,
        &quot;ea1&quot;: &quot;W50P91&quot;,
        &quot;ea2&quot;: &quot;Western Region&quot;
      }
    },
    {
      &quot;attributes&quot;: {
        &quot;owner&quot;: &quot;DFA&quot;,
        &quot;stage&quot;: &quot;Completed&quot;,
        &quot;ea1&quot;: &quot;W50P91&quot;,
        &quot;ea2&quot;: &quot;Western Region&quot;
      }
    },
    {
      &quot;attributes&quot;: {
        &quot;owner&quot;: &quot;DFA&quot;,
        &quot;stage&quot;: &quot;Completed&quot;,
        &quot;ea1&quot;: &quot;W50P91&quot;,
        &quot;ea2&quot;: &quot;Western Region&quot;
      }
    },
    {
      &quot;attributes&quot;: {
        &quot;owner&quot;: &quot;DFA&quot;,
        &quot;stage&quot;: &quot;Completed&quot;,
        &quot;ea1&quot;: &quot;NB30P08&quot;,
        &quot;ea2&quot;: &quot;Northern Region&quot;
      }
    },
    {
      &quot;attributes&quot;: {
        &quot;owner&quot;: &quot;DFA&quot;,
        &quot;stage&quot;: &quot;Construction&quot;,
        &quot;ea1&quot;: &quot;K20P65&quot;,
        &quot;ea2&quot;: &quot;Kwa-Zulu Natal&quot;
      }
    },
    {
      &quot;attributes&quot;: {
        &quot;owner&quot;: &quot;DFA&quot;,
        &quot;stage&quot;: &quot;Completed&quot;,
        &quot;ea1&quot;: &quot;none&quot;,
        &quot;ea2&quot;: &quot;None&quot;
      }
    },
    {
      &quot;attributes&quot;: {
        &quot;owner&quot;: &quot;DFA&quot;,
        &quot;stage&quot;: &quot;Completed&quot;,
        &quot;ea1&quot;: &quot;none&quot;,
        &quot;ea2&quot;: &quot;None&quot;
      }
    },
    {
      &quot;attributes&quot;: {
        &quot;owner&quot;: &quot;DFA&quot;,
        &quot;stage&quot;: &quot;Completed&quot;,
        &quot;ea1&quot;: &quot;none&quot;,
        &quot;ea2&quot;: &quot;None&quot;
      }
    },
    {
      &quot;attributes&quot;: {
        &quot;owner&quot;: &quot;DFA&quot;,
        &quot;stage&quot;: &quot;Completed&quot;,
        &quot;ea1&quot;: &quot;W20P44&quot;,
        &quot;ea2&quot;: &quot;Western Region&quot;
      }
    },
    {
      &quot;attributes&quot;: {
        &quot;owner&quot;: &quot;DFA&quot;,
        &quot;stage&quot;: &quot;Completed&quot;,
        &quot;ea1&quot;: &quot;none&quot;,
        &quot;ea2&quot;: &quot;None&quot;
      }
    },
    {
      &quot;attributes&quot;: {
        &quot;owner&quot;: &quot;DFA&quot;,
        &quot;stage&quot;: &quot;Completed&quot;,
        &quot;ea1&quot;: &quot;none&quot;,
        &quot;ea2&quot;: &quot;Northern Region&quot;
      }
    },
    {
      &quot;attributes&quot;: {
        &quot;owner&quot;: &quot;DFA&quot;,
        &quot;stage&quot;: &quot;Completed&quot;,
        &quot;ea1&quot;: &quot;none&quot;,
        &quot;ea2&quot;: &quot;Northern Region&quot;
      }
    },
    {
      &quot;attributes&quot;: {
        &quot;owner&quot;: &quot;DFA&quot;,
        &quot;stage&quot;: &quot;Completed&quot;,
        &quot;ea1&quot;: &quot;W51P18&quot;,
        &quot;ea2&quot;: &quot;Western Region&quot;
      }
    },
    {
      &quot;attributes&quot;: {
        &quot;owner&quot;: &quot;DFA&quot;,
        &quot;stage&quot;: &quot;Completed&quot;,
        &quot;ea1&quot;: &quot;W51P18&quot;,
        &quot;ea2&quot;: &quot;Western Region&quot;
      }
    },
    {
      &quot;attributes&quot;: {
        &quot;owner&quot;: &quot;DFA&quot;,
        &quot;stage&quot;: &quot;Completed&quot;,
        &quot;ea1&quot;: &quot;W50P91&quot;,
        &quot;ea2&quot;: &quot;Western Region&quot;
      }
    },
    {
      &quot;attributes&quot;: {
        &quot;owner&quot;: &quot;DFA&quot;,
        &quot;stage&quot;: &quot;Completed&quot;,
        &quot;ea1&quot;: &quot;W01P08&quot;,
        &quot;ea2&quot;: &quot;Western Region&quot;
      }
    },
    {
      &quot;attributes&quot;: {
        &quot;owner&quot;: &quot;DFA&quot;,
        &quot;stage&quot;: &quot;Completed&quot;,
        &quot;ea1&quot;: &quot;W01P08&quot;,
        &quot;ea2&quot;: &quot;Western Region&quot;
      }
    },
    {
      &quot;attributes&quot;: {
        &quot;owner&quot;: &quot;DFA&quot;,
        &quot;stage&quot;: &quot;Completed&quot;,
        &quot;ea1&quot;: &quot;W01P08&quot;,
        &quot;ea2&quot;: &quot;Western Region&quot;
      }
    },
    {
      &quot;attributes&quot;: {
        &quot;owner&quot;: &quot;DFA&quot;,
        &quot;stage&quot;: &quot;Completed&quot;,
        &quot;ea1&quot;: &quot;W01P08&quot;,
        &quot;ea2&quot;: &quot;Western Region&quot;
      }
    },
    {
      &quot;attributes&quot;: {
        &quot;owner&quot;: &quot;DFA&quot;,
        &quot;stage&quot;: &quot;Completed&quot;,
        &quot;ea1&quot;: &quot;W50P09&quot;,
        &quot;ea2&quot;: &quot;Western Region&quot;
      }
    },
    {
      &quot;attributes&quot;: {
        &quot;owner&quot;: &quot;DFA&quot;,
        &quot;stage&quot;: &quot;Completed&quot;,
        &quot;ea1&quot;: &quot;W50P09&quot;,
        &quot;ea2&quot;: &quot;Western Region&quot;
      }
    },
    {
      &quot;attributes&quot;: {
        &quot;owner&quot;: &quot;DFA&quot;,
        &quot;stage&quot;: &quot;Completed&quot;,
        &quot;ea1&quot;: &quot;W50P09&quot;,
        &quot;ea2&quot;: &quot;Western Region&quot;
      }
    },
    {
      &quot;attributes&quot;: {
        &quot;owner&quot;: &quot;DFA&quot;,
        &quot;stage&quot;: &quot;Completed&quot;,
        &quot;ea1&quot;: &quot;W50P09&quot;,
        &quot;ea2&quot;: &quot;Western Region&quot;
      }
    },
    {
      &quot;attributes&quot;: {
        &quot;owner&quot;: &quot;DFA&quot;,
        &quot;stage&quot;: &quot;Completed&quot;,
        &quot;ea1&quot;: &quot;W50P09&quot;,
        &quot;ea2&quot;: &quot;Western Region&quot;
      }
    },
    {
      &quot;attributes&quot;: {
        &quot;owner&quot;: &quot;DFA&quot;,
        &quot;stage&quot;: &quot;Completed&quot;,
        &quot;ea1&quot;: &quot;W50P09&quot;,
        &quot;ea2&quot;: &quot;Western Region&quot;
      }
    },
    {
      &quot;attributes&quot;: {
        &quot;owner&quot;: &quot;DFA&quot;,
        &quot;stage&quot;: &quot;Completed&quot;,
        &quot;ea1&quot;: &quot;W50P09&quot;,
        &quot;ea2&quot;: &quot;Western Region&quot;
      }
    },
    {
      &quot;attributes&quot;: {
        &quot;owner&quot;: &quot;DFA&quot;,
        &quot;stage&quot;: &quot;Completed&quot;,
        &quot;ea1&quot;: &quot;W50P09&quot;,
        &quot;ea2&quot;: &quot;Western Region&quot;
      }
    },
    {
      &quot;attributes&quot;: {
        &quot;owner&quot;: &quot;DFA&quot;,
        &quot;stage&quot;: &quot;Completed&quot;,
        &quot;ea1&quot;: &quot;W50P09&quot;,
        &quot;ea2&quot;: &quot;Western Region&quot;
      }
    },
    {
      &quot;attributes&quot;: {
        &quot;owner&quot;: &quot;DFA&quot;,
        &quot;stage&quot;: &quot;Completed&quot;,
        &quot;ea1&quot;: &quot;W50P09&quot;,
        &quot;ea2&quot;: &quot;Western Region&quot;
      }
    },
    {
      &quot;attributes&quot;: {
        &quot;owner&quot;: &quot;DFA&quot;,
        &quot;stage&quot;: &quot;Completed&quot;,
        &quot;ea1&quot;: &quot;W50P09&quot;,
        &quot;ea2&quot;: &quot;Western Region&quot;
      }
    },
    {
      &quot;attributes&quot;: {
        &quot;owner&quot;: &quot;DFA&quot;,
        &quot;stage&quot;: &quot;Completed&quot;,
        &quot;ea1&quot;: &quot;W50P09&quot;,
        &quot;ea2&quot;: &quot;Western Region&quot;
      }
    },
    {
      &quot;attributes&quot;: {
        &quot;owner&quot;: &quot;DFA&quot;,
        &quot;stage&quot;: &quot;Construction&quot;,
        &quot;ea1&quot;: &quot;G50P49&quot;,
        &quot;ea2&quot;: &quot;Gauteng South&quot;
      }
    },
    {
      &quot;attributes&quot;: {
        &quot;owner&quot;: &quot;DFA&quot;,
        &quot;stage&quot;: &quot;Completed&quot;,
        &quot;ea1&quot;: &quot;G50P53&quot;,
        &quot;ea2&quot;: &quot;Gauteng South&quot;
      }
    },
    {
      &quot;attributes&quot;: {
        &quot;owner&quot;: &quot;DFA&quot;,
        &quot;stage&quot;: &quot;Completed&quot;,
        &quot;ea1&quot;: &quot;G51P31&quot;,
        &quot;ea2&quot;: &quot;Gauteng South&quot;
      }
    },
    {
      &quot;attributes&quot;: {
        &quot;owner&quot;: &quot;DFA&quot;,
        &quot;stage&quot;: &quot;Completed&quot;,
        &quot;ea1&quot;: &quot;G51P31&quot;,
        &quot;ea2&quot;: &quot;Gauteng South&quot;
      }
    },
    {
      &quot;attributes&quot;: {
        &quot;owner&quot;: &quot;DFA&quot;,
        &quot;stage&quot;: &quot;Completed&quot;,
        &quot;ea1&quot;: &quot;G51P31&quot;,
        &quot;ea2&quot;: &quot;Gauteng South&quot;
      }
    },
    {
      &quot;attributes&quot;: {
        &quot;owner&quot;: &quot;DFA&quot;,
        &quot;stage&quot;: &quot;Completed&quot;,
        &quot;ea1&quot;: &quot;G51P31&quot;,
        &quot;ea2&quot;: &quot;Gauteng South&quot;
      }
    },
    {
      &quot;attributes&quot;: {
        &quot;owner&quot;: &quot;DFA&quot;,
        &quot;stage&quot;: &quot;Completed&quot;,
        &quot;ea1&quot;: &quot;G51P31&quot;,
        &quot;ea2&quot;: &quot;Gauteng South&quot;
      }
    },
    {
      &quot;attributes&quot;: {
        &quot;owner&quot;: &quot;DFA&quot;,
        &quot;stage&quot;: &quot;Completed&quot;,
        &quot;ea1&quot;: &quot;G51P31&quot;,
        &quot;ea2&quot;: &quot;Gauteng South&quot;
      }
    },
    {
      &quot;attributes&quot;: {
        &quot;owner&quot;: &quot;DFA&quot;,
        &quot;stage&quot;: &quot;Completed&quot;,
        &quot;ea1&quot;: &quot;G51P31&quot;,
        &quot;ea2&quot;: &quot;Gauteng South&quot;
      }
    },
    {
      &quot;attributes&quot;: {
        &quot;owner&quot;: &quot;DFA&quot;,
        &quot;stage&quot;: &quot;Construction&quot;,
        &quot;ea1&quot;: &quot;K50P10&quot;,
        &quot;ea2&quot;: &quot;Kwa-Zulu Natal&quot;
      }
    },
    {
      &quot;attributes&quot;: {
        &quot;owner&quot;: &quot;DFA&quot;,
        &quot;stage&quot;: &quot;Completed&quot;,
        &quot;ea1&quot;: &quot;W01P08&quot;,
        &quot;ea2&quot;: &quot;Western Region&quot;
      }
    },
    {
      &quot;attributes&quot;: {
        &quot;owner&quot;: &quot;DFA&quot;,
        &quot;stage&quot;: &quot;Construction&quot;,
        &quot;ea1&quot;: &quot;none&quot;,
        &quot;ea2&quot;: &quot;None&quot;
      }
    },
    {
      &quot;attributes&quot;: {
        &quot;owner&quot;: &quot;DFA&quot;,
        &quot;stage&quot;: &quot;Completed&quot;,
        &quot;ea1&quot;: &quot;W01P08&quot;,
        &quot;ea2&quot;: &quot;Western Region&quot;
      }
    },
    {
      &quot;attributes&quot;: {
        &quot;owner&quot;: &quot;DFA&quot;,
        &quot;stage&quot;: &quot;Completed&quot;,
        &quot;ea1&quot;: &quot;K50P10&quot;,
        &quot;ea2&quot;: &quot;Kwa-Zulu Natal&quot;
      }
    },
    {
      &quot;attributes&quot;: {
        &quot;owner&quot;: &quot;DFA&quot;,
        &quot;stage&quot;: &quot;Completed&quot;,
        &quot;ea1&quot;: &quot;K50P10&quot;,
        &quot;ea2&quot;: &quot;Kwa-Zulu Natal&quot;
      }
    },
    {
      &quot;attributes&quot;: {
        &quot;owner&quot;: &quot;DFA&quot;,
        &quot;stage&quot;: &quot;Completed&quot;,
        &quot;ea1&quot;: &quot;K50P10&quot;,
        &quot;ea2&quot;: &quot;Kwa-Zulu Natal&quot;
      }
    },
    {
      &quot;attributes&quot;: {
        &quot;owner&quot;: &quot;DFA&quot;,
        &quot;stage&quot;: &quot;Completed&quot;,
        &quot;ea1&quot;: &quot;K50P10&quot;,
        &quot;ea2&quot;: &quot;Kwa-Zulu Natal&quot;
      }
    },
    {
      &quot;attributes&quot;: {
        &quot;owner&quot;: &quot;DFA&quot;,
        &quot;stage&quot;: &quot;Completed&quot;,
        &quot;ea1&quot;: &quot;K50P10&quot;,
        &quot;ea2&quot;: &quot;Kwa-Zulu Natal&quot;
      }
    },
    {
      &quot;attributes&quot;: {
        &quot;owner&quot;: &quot;DFA&quot;,
        &quot;stage&quot;: &quot;Completed&quot;,
        &quot;ea1&quot;: &quot;K50P10&quot;,
        &quot;ea2&quot;: &quot;Kwa-Zulu Natal&quot;
      }
    },
    {
      &quot;attributes&quot;: {
        &quot;owner&quot;: &quot;DFA&quot;,
        &quot;stage&quot;: &quot;Completed&quot;,
        &quot;ea1&quot;: &quot;K50P10&quot;,
        &quot;ea2&quot;: &quot;Kwa-Zulu Natal&quot;
      }
    },
    {
      &quot;attributes&quot;: {
        &quot;owner&quot;: &quot;DFA&quot;,
        &quot;stage&quot;: &quot;Completed&quot;,
        &quot;ea1&quot;: &quot;K50P10&quot;,
        &quot;ea2&quot;: &quot;Kwa-Zulu Natal&quot;
      }
    },
    {
      &quot;attributes&quot;: {
        &quot;owner&quot;: &quot;DFA&quot;,
        &quot;stage&quot;: &quot;Completed&quot;,
        &quot;ea1&quot;: &quot;K50P10&quot;,
        &quot;ea2&quot;: &quot;Kwa-Zulu Natal&quot;
      }
    },
    {
      &quot;attributes&quot;: {
        &quot;owner&quot;: &quot;DFA&quot;,
        &quot;stage&quot;: &quot;Completed&quot;,
        &quot;ea1&quot;: &quot;K50P10&quot;,
        &quot;ea2&quot;: &quot;Kwa-Zulu Natal&quot;
      }
    },
    {
      &quot;attributes&quot;: {
        &quot;owner&quot;: &quot;DFA&quot;,
        &quot;stage&quot;: &quot;Completed&quot;,
        &quot;ea1&quot;: &quot;K50P10&quot;,
        &quot;ea2&quot;: &quot;Kwa-Zulu Natal&quot;
      }
    },
    {
      &quot;attributes&quot;: {
        &quot;owner&quot;: &quot;DFA&quot;,
        &quot;stage&quot;: &quot;Construction&quot;,
        &quot;ea1&quot;: &quot;K50P11&quot;,
        &quot;ea2&quot;: &quot;Kwa-Zulu Natal&quot;
      }
    },
    {
      &quot;attributes&quot;: {
        &quot;owner&quot;: &quot;DFA&quot;,
        &quot;stage&quot;: &quot;Construction&quot;,
        &quot;ea1&quot;: &quot;MS04386KH022621a&quot;,
        &quot;ea2&quot;: &quot;Kwa-Zulu Natal&quot;
      }
    },
    {
      &quot;attributes&quot;: {
        &quot;owner&quot;: &quot;DFA&quot;,
        &quot;stage&quot;: &quot;Completed&quot;,
        &quot;ea1&quot;: &quot;W20P40&quot;,
        &quot;ea2&quot;: &quot;Western Region&quot;
      }
    },
    {
      &quot;attributes&quot;: {
        &quot;owner&quot;: &quot;DFA&quot;,
        &quot;stage&quot;: &quot;Completed&quot;,
        &quot;ea1&quot;: &quot;W20P40&quot;,
        &quot;ea2&quot;: &quot;Western Region&quot;
      }
    },
    {
      &quot;attributes&quot;: {
        &quot;owner&quot;: &quot;DFA&quot;,
        &quot;stage&quot;: &quot;Completed&quot;,
        &quot;ea1&quot;: &quot;W20P40&quot;,
        &quot;ea2&quot;: &quot;Western Region&quot;
      }
    },
    {
      &quot;attributes&quot;: {
        &quot;owner&quot;: &quot;DFA&quot;,
        &quot;stage&quot;: &quot;Completed&quot;,
        &quot;ea1&quot;: &quot;W20P40&quot;,
        &quot;ea2&quot;: &quot;Western Region&quot;
      }
    },
    {
      &quot;attributes&quot;: {
        &quot;owner&quot;: &quot;DFA&quot;,
        &quot;stage&quot;: &quot;Completed&quot;,
        &quot;ea1&quot;: &quot;W20P40&quot;,
        &quot;ea2&quot;: &quot;Western Region&quot;
      }
    },
    {
      &quot;attributes&quot;: {
        &quot;owner&quot;: &quot;DFA&quot;,
        &quot;stage&quot;: &quot;Completed&quot;,
        &quot;ea1&quot;: &quot;W20P40&quot;,
        &quot;ea2&quot;: &quot;Western Region&quot;
      }
    },
    {
      &quot;attributes&quot;: {
        &quot;owner&quot;: &quot;DFA&quot;,
        &quot;stage&quot;: &quot;Completed&quot;,
        &quot;ea1&quot;: &quot;W20P40&quot;,
        &quot;ea2&quot;: &quot;Western Region&quot;
      }
    },
    {
      &quot;attributes&quot;: {
        &quot;owner&quot;: &quot;DFA&quot;,
        &quot;stage&quot;: &quot;Completed&quot;,
        &quot;ea1&quot;: &quot;K50P10&quot;,
        &quot;ea2&quot;: &quot;Kwa-Zulu Natal&quot;
      }
    },
    {
      &quot;attributes&quot;: {
        &quot;owner&quot;: &quot;DFA&quot;,
        &quot;stage&quot;: &quot;Completed&quot;,
        &quot;ea1&quot;: &quot;K50P10&quot;,
        &quot;ea2&quot;: &quot;Kwa-Zulu Natal&quot;
      }
    },
    {
      &quot;attributes&quot;: {
        &quot;owner&quot;: &quot;DFA&quot;,
        &quot;stage&quot;: &quot;Completed&quot;,
        &quot;ea1&quot;: &quot;K50P10&quot;,
        &quot;ea2&quot;: &quot;Kwa-Zulu Natal&quot;
      }
    },
    {
      &quot;attributes&quot;: {
        &quot;owner&quot;: &quot;DFA&quot;,
        &quot;stage&quot;: &quot;Completed&quot;,
        &quot;ea1&quot;: &quot;K50P10&quot;,
        &quot;ea2&quot;: &quot;Kwa-Zulu Natal&quot;
      }
    },
    {
      &quot;attributes&quot;: {
        &quot;owner&quot;: &quot;DFA&quot;,
        &quot;stage&quot;: &quot;Completed&quot;,
        &quot;ea1&quot;: &quot;K50P10&quot;,
        &quot;ea2&quot;: &quot;Kwa-Zulu Natal&quot;
      }
    },
    {
      &quot;attributes&quot;: {
        &quot;owner&quot;: &quot;DFA&quot;,
        &quot;stage&quot;: &quot;Completed&quot;,
        &quot;ea1&quot;: &quot;K50P10&quot;,
        &quot;ea2&quot;: &quot;Kwa-Zulu Natal&quot;
      }
    },
    {
      &quot;attributes&quot;: {
        &quot;owner&quot;: &quot;DFA&quot;,
        &quot;stage&quot;: &quot;Completed&quot;,
        &quot;ea1&quot;: &quot;K50P10&quot;,
        &quot;ea2&quot;: &quot;Kwa-Zulu Natal&quot;
      }
    },
    {
      &quot;attributes&quot;: {
        &quot;owner&quot;: &quot;DFA&quot;,
        &quot;stage&quot;: &quot;Completed&quot;,
        &quot;ea1&quot;: &quot;K50P10&quot;,
        &quot;ea2&quot;: &quot;Kwa-Zulu Natal&quot;
      }
    },
    {
      &quot;attributes&quot;: {
        &quot;owner&quot;: &quot;DFA&quot;,
        &quot;stage&quot;: &quot;Completed&quot;,
        &quot;ea1&quot;: &quot;K50P10&quot;,
        &quot;ea2&quot;: &quot;Kwa-Zulu Natal&quot;
      }
    },
    {
      &quot;attributes&quot;: {
        &quot;owner&quot;: &quot;DFA&quot;,
        &quot;stage&quot;: &quot;Completed&quot;,
        &quot;ea1&quot;: &quot;K50P10&quot;,
        &quot;ea2&quot;: &quot;Kwa-Zulu Natal&quot;
      }
    },
    {
      &quot;attributes&quot;: {
        &quot;owner&quot;: &quot;DFA&quot;,
        &quot;stage&quot;: &quot;Construction&quot;,
        &quot;ea1&quot;: &quot;none&quot;,
        &quot;ea2&quot;: &quot;Northern Region&quot;
      }
    },
    {
      &quot;attributes&quot;: {
        &quot;owner&quot;: &quot;DFA&quot;,
        &quot;stage&quot;: &quot;Completed&quot;,
        &quot;ea1&quot;: &quot;W50P25&quot;,
        &quot;ea2&quot;: &quot;Western Region&quot;
      }
    },
    {
      &quot;attributes&quot;: {
        &quot;owner&quot;: &quot;DFA&quot;,
        &quot;stage&quot;: &quot;Completed&quot;,
        &quot;ea1&quot;: &quot;K50P10&quot;,
        &quot;ea2&quot;: &quot;Kwa-Zulu Natal&quot;
      }
    },
    {
      &quot;attributes&quot;: {
        &quot;owner&quot;: &quot;DFA&quot;,
        &quot;stage&quot;: &quot;Completed&quot;,
        &quot;ea1&quot;: &quot;K50P10&quot;,
        &quot;ea2&quot;: &quot;Kwa-Zulu Natal&quot;
      }
    },
    {
      &quot;attributes&quot;: {
        &quot;owner&quot;: &quot;DFA&quot;,
        &quot;stage&quot;: &quot;Completed&quot;,
        &quot;ea1&quot;: &quot;W50P25&quot;,
        &quot;ea2&quot;: &quot;Western Region&quot;
      }
    },
    {
      &quot;attributes&quot;: {
        &quot;owner&quot;: &quot;DFA&quot;,
        &quot;stage&quot;: &quot;Construction&quot;,
        &quot;ea1&quot;: &quot;none&quot;,
        &quot;ea2&quot;: &quot;Northern Region&quot;
      }
    },
    {
      &quot;attributes&quot;: {
        &quot;owner&quot;: &quot;DFA&quot;,
        &quot;stage&quot;: &quot;Construction&quot;,
        &quot;ea1&quot;: &quot;none&quot;,
        &quot;ea2&quot;: &quot;None&quot;
      }
    },
    {
      &quot;attributes&quot;: {
        &quot;owner&quot;: &quot;DFA&quot;,
        &quot;stage&quot;: &quot;Completed&quot;,
        &quot;ea1&quot;: &quot;AS17677LH000233&quot;,
        &quot;ea2&quot;: &quot;Northern Region&quot;
      }
    },
    {
      &quot;attributes&quot;: {
        &quot;owner&quot;: &quot;DFA&quot;,
        &quot;stage&quot;: &quot;Completed&quot;,
        &quot;ea1&quot;: &quot;K50P10&quot;,
        &quot;ea2&quot;: &quot;Kwa-Zulu Natal&quot;
      }
    },
    {
      &quot;attributes&quot;: {
        &quot;owner&quot;: &quot;DFA&quot;,
        &quot;stage&quot;: &quot;Completed&quot;,
        &quot;ea1&quot;: &quot;K50P10&quot;,
        &quot;ea2&quot;: &quot;Kwa-Zulu Natal&quot;
      }
    },
    {
      &quot;attributes&quot;: {
        &quot;owner&quot;: &quot;DFA&quot;,
        &quot;stage&quot;: &quot;Completed&quot;,
        &quot;ea1&quot;: &quot;K50P10&quot;,
        &quot;ea2&quot;: &quot;Kwa-Zulu Natal&quot;
      }
    },
    {
      &quot;attributes&quot;: {
        &quot;owner&quot;: &quot;DFA&quot;,
        &quot;stage&quot;: &quot;Completed&quot;,
        &quot;ea1&quot;: &quot;K50P10&quot;,
        &quot;ea2&quot;: &quot;Kwa-Zulu Natal&quot;
      }
    },
    {
      &quot;attributes&quot;: {
        &quot;owner&quot;: &quot;DFA&quot;,
        &quot;stage&quot;: &quot;Completed&quot;,
        &quot;ea1&quot;: &quot;K50P10&quot;,
        &quot;ea2&quot;: &quot;Kwa-Zulu Natal&quot;
      }
    },
    {
      &quot;attributes&quot;: {
        &quot;owner&quot;: &quot;DFA&quot;,
        &quot;stage&quot;: &quot;Completed&quot;,
        &quot;ea1&quot;: &quot;K50P10&quot;,
        &quot;ea2&quot;: &quot;Kwa-Zulu Natal&quot;
      }
    },
    {
      &quot;attributes&quot;: {
        &quot;owner&quot;: &quot;DFA&quot;,
        &quot;stage&quot;: &quot;Completed&quot;,
        &quot;ea1&quot;: &quot;K50P10&quot;,
        &quot;ea2&quot;: &quot;Kwa-Zulu Natal&quot;
      }
    },
    {
      &quot;attributes&quot;: {
        &quot;owner&quot;: &quot;DFA&quot;,
        &quot;stage&quot;: &quot;Completed&quot;,
        &quot;ea1&quot;: &quot;K50P10&quot;,
        &quot;ea2&quot;: &quot;Kwa-Zulu Natal&quot;
      }
    },
    {
      &quot;attributes&quot;: {
        &quot;owner&quot;: &quot;DFA&quot;,
        &quot;stage&quot;: &quot;Completed&quot;,
        &quot;ea1&quot;: &quot;K50P10&quot;,
        &quot;ea2&quot;: &quot;Kwa-Zulu Natal&quot;
      }
    },
    {
      &quot;attributes&quot;: {
        &quot;owner&quot;: &quot;DFA&quot;,
        &quot;stage&quot;: &quot;Completed&quot;,
        &quot;ea1&quot;: &quot;K50P10&quot;,
        &quot;ea2&quot;: &quot;Kwa-Zulu Natal&quot;
      }
    },
    {
      &quot;attributes&quot;: {
        &quot;owner&quot;: &quot;DFA&quot;,
        &quot;stage&quot;: &quot;Completed&quot;,
        &quot;ea1&quot;: &quot;K50P10&quot;,
        &quot;ea2&quot;: &quot;Kwa-Zulu Natal&quot;
      }
    },
    {
      &quot;attributes&quot;: {
        &quot;owner&quot;: &quot;DFA&quot;,
        &quot;stage&quot;: &quot;Completed&quot;,
        &quot;ea1&quot;: &quot;K50P10&quot;,
        &quot;ea2&quot;: &quot;Kwa-Zulu Natal&quot;
      }
    },
    {
      &quot;attributes&quot;: {
        &quot;owner&quot;: &quot;DFA&quot;,
        &quot;stage&quot;: &quot;Completed&quot;,
        &quot;ea1&quot;: &quot;K50P10&quot;,
        &quot;ea2&quot;: &quot;Kwa-Zulu Natal&quot;
      }
    },
    {
      &quot;attributes&quot;: {
        &quot;owner&quot;: &quot;DFA&quot;,
        &quot;stage&quot;: &quot;Completed&quot;,
        &quot;ea1&quot;: &quot;K50P10&quot;,
        &quot;ea2&quot;: &quot;Kwa-Zulu Natal&quot;
      }
    },
    {
      &quot;attributes&quot;: {
        &quot;owner&quot;: &quot;DFA&quot;,
        &quot;stage&quot;: &quot;Completed&quot;,
        &quot;ea1&quot;: &quot;K50P10&quot;,
        &quot;ea2&quot;: &quot;Kwa-Zulu Natal&quot;
      }
    },
    {
      &quot;attributes&quot;: {
        &quot;owner&quot;: &quot;DFA&quot;,
        &quot;stage&quot;: &quot;Completed&quot;,
        &quot;ea1&quot;: &quot;K50P10&quot;,
        &quot;ea2&quot;: &quot;Kwa-Zulu Natal&quot;
      }
    },
    {
      &quot;attributes&quot;: {
        &quot;owner&quot;: &quot;DFA&quot;,
        &quot;stage&quot;: &quot;Completed&quot;,
        &quot;ea1&quot;: &quot;K50P10&quot;,
        &quot;ea2&quot;: &quot;Kwa-Zulu Natal&quot;
      }
    },
    {
      &quot;attributes&quot;: {
        &quot;owner&quot;: &quot;DFA&quot;,
        &quot;stage&quot;: &quot;Completed&quot;,
        &quot;ea1&quot;: &quot;K50P10&quot;,
        &quot;ea2&quot;: &quot;Kwa-Zulu Natal&quot;
      }
    },
    {
      &quot;attributes&quot;: {
        &quot;owner&quot;: &quot;DFA&quot;,
        &quot;stage&quot;: &quot;Completed&quot;,
        &quot;ea1&quot;: &quot;K50P10&quot;,
        &quot;ea2&quot;: &quot;Kwa-Zulu Natal&quot;
      }
    },
    {
      &quot;attributes&quot;: {
        &quot;owner&quot;: &quot;DFA&quot;,
        &quot;stage&quot;: &quot;Completed&quot;,
        &quot;ea1&quot;: &quot;K50P10&quot;,
        &quot;ea2&quot;: &quot;Kwa-Zulu Natal&quot;
      }
    },
    {
      &quot;attributes&quot;: {
        &quot;owner&quot;: &quot;DFA&quot;,
        &quot;stage&quot;: &quot;Completed&quot;,
        &quot;ea1&quot;: &quot;K50P10&quot;,
        &quot;ea2&quot;: &quot;Kwa-Zulu Natal&quot;
      }
    },
    {
      &quot;attributes&quot;: {
        &quot;owner&quot;: &quot;DFA&quot;,
        &quot;stage&quot;: &quot;Completed&quot;,
        &quot;ea1&quot;: &quot;K50P10&quot;,
        &quot;ea2&quot;: &quot;Kwa-Zulu Natal&quot;
      }
    },
    {
      &quot;attributes&quot;: {
        &quot;owner&quot;: &quot;DFA&quot;,
        &quot;stage&quot;: &quot;Completed&quot;,
        &quot;ea1&quot;: &quot;K50P10&quot;,
        &quot;ea2&quot;: &quot;Kwa-Zulu Natal&quot;
      }
    },
    {
      &quot;attributes&quot;: {
        &quot;owner&quot;: &quot;DFA&quot;,
        &quot;stage&quot;: &quot;Completed&quot;,
        &quot;ea1&quot;: &quot;K50P10&quot;,
        &quot;ea2&quot;: &quot;Kwa-Zulu Natal&quot;
      }
    },
    {
      &quot;attributes&quot;: {
        &quot;owner&quot;: &quot;DFA&quot;,
        &quot;stage&quot;: &quot;Completed&quot;,
        &quot;ea1&quot;: &quot;K50P10&quot;,
        &quot;ea2&quot;: &quot;Kwa-Zulu Natal&quot;
      }
    },
    {
      &quot;attributes&quot;: {
        &quot;owner&quot;: &quot;DFA&quot;,
        &quot;stage&quot;: &quot;Completed&quot;,
        &quot;ea1&quot;: &quot;K50P10&quot;,
        &quot;ea2&quot;: &quot;Kwa-Zulu Natal&quot;
      }
    },
    {
      &quot;attributes&quot;: {
        &quot;owner&quot;: &quot;DFA&quot;,
        &quot;stage&quot;: &quot;Completed&quot;,
        &quot;ea1&quot;: &quot;K50P10&quot;,
        &quot;ea2&quot;: &quot;Kwa-Zulu Natal&quot;
      }
    },
    {
      &quot;attributes&quot;: {
        &quot;owner&quot;: &quot;DFA&quot;,
        &quot;stage&quot;: &quot;Completed&quot;,
        &quot;ea1&quot;: &quot;K50P10&quot;,
        &quot;ea2&quot;: &quot;Kwa-Zulu Natal&quot;
      }
    },
    {
      &quot;attributes&quot;: {
        &quot;owner&quot;: &quot;DFA&quot;,
        &quot;stage&quot;: &quot;Completed&quot;,
        &quot;ea1&quot;: &quot;K50P10&quot;,
        &quot;ea2&quot;: &quot;Kwa-Zulu Natal&quot;
      }
    },
    {
      &quot;attributes&quot;: {
        &quot;owner&quot;: &quot;DFA&quot;,
        &quot;stage&quot;: &quot;Completed&quot;,
        &quot;ea1&quot;: &quot;K50P10&quot;,
        &quot;ea2&quot;: &quot;Kwa-Zulu Natal&quot;
      }
    },
    {
      &quot;attributes&quot;: {
        &quot;owner&quot;: &quot;DFA&quot;,
        &quot;stage&quot;: &quot;Completed&quot;,
        &quot;ea1&quot;: &quot;K50P10&quot;,
        &quot;ea2&quot;: &quot;Kwa-Zulu Natal&quot;
      }
    },
    {
      &quot;attributes&quot;: {
        &quot;owner&quot;: &quot;DFA&quot;,
        &quot;stage&quot;: &quot;Completed&quot;,
        &quot;ea1&quot;: &quot;K50P10&quot;,
        &quot;ea2&quot;: &quot;Kwa-Zulu Natal&quot;
      }
    },
    {
      &quot;attributes&quot;: {
        &quot;owner&quot;: &quot;DFA&quot;,
        &quot;stage&quot;: &quot;Completed&quot;,
        &quot;ea1&quot;: &quot;K50P10&quot;,
        &quot;ea2&quot;: &quot;Kwa-Zulu Natal&quot;
      }
    },
    {
      &quot;attributes&quot;: {
        &quot;owner&quot;: &quot;DFA&quot;,
        &quot;stage&quot;: &quot;Completed&quot;,
        &quot;ea1&quot;: &quot;K50P10&quot;,
        &quot;ea2&quot;: &quot;Kwa-Zulu Natal&quot;
      }
    },
    {
      &quot;attributes&quot;: {
        &quot;owner&quot;: &quot;DFA&quot;,
        &quot;stage&quot;: &quot;Completed&quot;,
        &quot;ea1&quot;: &quot;K50P10&quot;,
        &quot;ea2&quot;: &quot;Kwa-Zulu Natal&quot;
      }
    },
    {
      &quot;attributes&quot;: {
        &quot;owner&quot;: &quot;DFA&quot;,
        &quot;stage&quot;: &quot;Completed&quot;,
        &quot;ea1&quot;: &quot;K50P10&quot;,
        &quot;ea2&quot;: &quot;Kwa-Zulu Natal&quot;
      }
    },
    {
      &quot;attributes&quot;: {
        &quot;owner&quot;: &quot;DFA&quot;,
        &quot;stage&quot;: &quot;Completed&quot;,
        &quot;ea1&quot;: &quot;K50P10&quot;,
        &quot;ea2&quot;: &quot;Kwa-Zulu Natal&quot;
      }
    },
    {
      &quot;attributes&quot;: {
        &quot;owner&quot;: &quot;DFA&quot;,
        &quot;stage&quot;: &quot;Completed&quot;,
        &quot;ea1&quot;: &quot;K50P10&quot;,
        &quot;ea2&quot;: &quot;Kwa-Zulu Natal&quot;
      }
    },
    {
      &quot;attributes&quot;: {
        &quot;owner&quot;: &quot;DFA&quot;,
        &quot;stage&quot;: &quot;Completed&quot;,
        &quot;ea1&quot;: &quot;K50P10&quot;,
        &quot;ea2&quot;: &quot;Kwa-Zulu Natal&quot;
      }
    },
    {
      &quot;attributes&quot;: {
        &quot;owner&quot;: &quot;DFA&quot;,
        &quot;stage&quot;: &quot;Completed&quot;,
        &quot;ea1&quot;: &quot;K50P10&quot;,
        &quot;ea2&quot;: &quot;Kwa-Zulu Natal&quot;
      }
    },
    {
      &quot;attributes&quot;: {
        &quot;owner&quot;: &quot;DFA&quot;,
        &quot;stage&quot;: &quot;Completed&quot;,
        &quot;ea1&quot;: &quot;K50P10&quot;,
        &quot;ea2&quot;: &quot;Kwa-Zulu Natal&quot;
      }
    },
    {
      &quot;attributes&quot;: {
        &quot;owner&quot;: &quot;DFA&quot;,
        &quot;stage&quot;: &quot;Completed&quot;,
        &quot;ea1&quot;: &quot;K50P10&quot;,
        &quot;ea2&quot;: &quot;Kwa-Zulu Natal&quot;
      }
    },
    {
      &quot;attributes&quot;: {
        &quot;owner&quot;: &quot;DFA&quot;,
        &quot;stage&quot;: &quot;Completed&quot;,
        &quot;ea1&quot;: &quot;W50P61&quot;,
        &quot;ea2&quot;: &quot;Western Region&quot;
      }
    },
    {
      &quot;attributes&quot;: {
        &quot;owner&quot;: &quot;DFA&quot;,
        &quot;stage&quot;: &quot;Construction&quot;,
        &quot;ea1&quot;: &quot;none&quot;,
        &quot;ea2&quot;: &quot;None&quot;
      }
    },
    {
      &quot;attributes&quot;: {
        &quot;owner&quot;: &quot;DFA&quot;,
        &quot;stage&quot;: &quot;Completed&quot;,
        &quot;ea1&quot;: &quot;K50P10&quot;,
        &quot;ea2&quot;: &quot;Kwa-Zulu Natal&quot;
      }
    },
    {
      &quot;attributes&quot;: {
        &quot;owner&quot;: &quot;DFA&quot;,
        &quot;stage&quot;: &quot;Completed&quot;,
        &quot;ea1&quot;: &quot;K50P10&quot;,
        &quot;ea2&quot;: &quot;Kwa-Zulu Natal&quot;
      }
    },
    {
      &quot;attributes&quot;: {
        &quot;owner&quot;: &quot;DFA&quot;,
        &quot;stage&quot;: &quot;Completed&quot;,
        &quot;ea1&quot;: &quot;W50P65&quot;,
        &quot;ea2&quot;: &quot;Western Region&quot;
      }
    },
    {
      &quot;attributes&quot;: {
        &quot;owner&quot;: &quot;DFA&quot;,
        &quot;stage&quot;: &quot;Completed&quot;,
        &quot;ea1&quot;: &quot;K50P10&quot;,
        &quot;ea2&quot;: &quot;Kwa-Zulu Natal&quot;
      }
    },
    {
      &quot;attributes&quot;: {
        &quot;owner&quot;: &quot;DFA&quot;,
        &quot;stage&quot;: &quot;Completed&quot;,
        &quot;ea1&quot;: &quot;W50P65&quot;,
        &quot;ea2&quot;: &quot;Western Region&quot;
      }
    },
    {
      &quot;attributes&quot;: {
        &quot;owner&quot;: &quot;DFA&quot;,
        &quot;stage&quot;: &quot;Completed&quot;,
        &quot;ea1&quot;: &quot;K50P10&quot;,
        &quot;ea2&quot;: &quot;Kwa-Zulu Natal&quot;
      }
    },
    {
      &quot;attributes&quot;: {
        &quot;owner&quot;: &quot;DFA&quot;,
        &quot;stage&quot;: &quot;Completed&quot;,
        &quot;ea1&quot;: &quot;W50P65&quot;,
        &quot;ea2&quot;: &quot;Western Region&quot;
      }
    },
    {
      &quot;attributes&quot;: {
        &quot;owner&quot;: &quot;DFA&quot;,
        &quot;stage&quot;: &quot;Completed&quot;,
        &quot;ea1&quot;: &quot;K50P10&quot;,
        &quot;ea2&quot;: &quot;Kwa-Zulu Natal&quot;
      }
    },
    {
      &quot;attributes&quot;: {
        &quot;owner&quot;: &quot;DFA&quot;,
        &quot;stage&quot;: &quot;Completed&quot;,
        &quot;ea1&quot;: &quot;W50P65&quot;,
        &quot;ea2&quot;: &quot;Western Region&quot;
      }
    },
    {
      &quot;attributes&quot;: {
        &quot;owner&quot;: &quot;DFA&quot;,
        &quot;stage&quot;: &quot;Completed&quot;,
        &quot;ea1&quot;: &quot;W50P65&quot;,
        &quot;ea2&quot;: &quot;Western Region&quot;
      }
    },
    {
      &quot;attributes&quot;: {
        &quot;owner&quot;: &quot;DFA&quot;,
        &quot;stage&quot;: &quot;Completed&quot;,
        &quot;ea1&quot;: &quot;W50P65&quot;,
        &quot;ea2&quot;: &quot;Western Region&quot;
      }
    },
    {
      &quot;attributes&quot;: {
        &quot;owner&quot;: &quot;DFA&quot;,
        &quot;stage&quot;: &quot;Completed&quot;,
        &quot;ea1&quot;: &quot;MS03141LH020229&quot;,
        &quot;ea2&quot;: &quot;Northern Region&quot;
      }
    },
    {
      &quot;attributes&quot;: {
        &quot;owner&quot;: &quot;DFA&quot;,
        &quot;stage&quot;: &quot;Completed&quot;,
        &quot;ea1&quot;: &quot;W50P65&quot;,
        &quot;ea2&quot;: &quot;Western Region&quot;
      }
    },
    {
      &quot;attributes&quot;: {
        &quot;owner&quot;: &quot;DFA&quot;,
        &quot;stage&quot;: &quot;Completed&quot;,
        &quot;ea1&quot;: &quot;W50P64&quot;,
        &quot;ea2&quot;: &quot;Western Region&quot;
      }
    },
    {
      &quot;attributes&quot;: {
        &quot;owner&quot;: &quot;DFA&quot;,
        &quot;stage&quot;: &quot;Completed&quot;,
        &quot;ea1&quot;: &quot;none&quot;,
        &quot;ea2&quot;: &quot;Northern Region&quot;
      }
    },
    {
      &quot;attributes&quot;: {
        &quot;owner&quot;: &quot;DFA&quot;,
        &quot;stage&quot;: &quot;Completed&quot;,
        &quot;ea1&quot;: &quot;none&quot;,
        &quot;ea2&quot;: &quot;Northern Region&quot;
      }
    },
    {
      &quot;attributes&quot;: {
        &quot;owner&quot;: &quot;DFA&quot;,
        &quot;stage&quot;: &quot;Completed&quot;,
        &quot;ea1&quot;: &quot;none&quot;,
        &quot;ea2&quot;: &quot;Northern Region&quot;
      }
    },
    {
      &quot;attributes&quot;: {
        &quot;owner&quot;: &quot;DFA&quot;,
        &quot;stage&quot;: &quot;Completed&quot;,
        &quot;ea1&quot;: &quot;none&quot;,
        &quot;ea2&quot;: &quot;Northern Region&quot;
      }
    },
    {
      &quot;attributes&quot;: {
        &quot;owner&quot;: &quot;DFA&quot;,
        &quot;stage&quot;: &quot;Completed&quot;,
        &quot;ea1&quot;: &quot;none&quot;,
        &quot;ea2&quot;: &quot;Northern Region&quot;
      }
    },
    {
      &quot;attributes&quot;: {
        &quot;owner&quot;: &quot;DFA&quot;,
        &quot;stage&quot;: &quot;Completed&quot;,
        &quot;ea1&quot;: &quot;AS04786NB000951&quot;,
        &quot;ea2&quot;: &quot;Northern Region&quot;
      }
    },
    {
      &quot;attributes&quot;: {
        &quot;owner&quot;: &quot;DFA&quot;,
        &quot;stage&quot;: &quot;Completed&quot;,
        &quot;ea1&quot;: &quot;none&quot;,
        &quot;ea2&quot;: &quot;Northern Region&quot;
      }
    },
    {
      &quot;attributes&quot;: {
        &quot;owner&quot;: &quot;DFA&quot;,
        &quot;stage&quot;: &quot;Completed&quot;,
        &quot;ea1&quot;: &quot;none&quot;,
        &quot;ea2&quot;: &quot;Northern Region&quot;
      }
    },
    {
      &quot;attributes&quot;: {
        &quot;owner&quot;: &quot;DFA&quot;,
        &quot;stage&quot;: &quot;Completed&quot;,
        &quot;ea1&quot;: &quot;none&quot;,
        &quot;ea2&quot;: &quot;Northern Region&quot;
      }
    },
    {
      &quot;attributes&quot;: {
        &quot;owner&quot;: &quot;DFA&quot;,
        &quot;stage&quot;: &quot;Completed&quot;,
        &quot;ea1&quot;: &quot;none&quot;,
        &quot;ea2&quot;: &quot;Northern Region&quot;
      }
    },
    {
      &quot;attributes&quot;: {
        &quot;owner&quot;: &quot;DFA&quot;,
        &quot;stage&quot;: &quot;Completed&quot;,
        &quot;ea1&quot;: &quot;none&quot;,
        &quot;ea2&quot;: &quot;Northern Region&quot;
      }
    },
    {
      &quot;attributes&quot;: {
        &quot;owner&quot;: &quot;DFA&quot;,
        &quot;stage&quot;: &quot;Completed&quot;,
        &quot;ea1&quot;: &quot;none&quot;,
        &quot;ea2&quot;: &quot;Northern Region&quot;
      }
    },
    {
      &quot;attributes&quot;: {
        &quot;owner&quot;: &quot;DFA&quot;,
        &quot;stage&quot;: &quot;Completed&quot;,
        &quot;ea1&quot;: &quot;none&quot;,
        &quot;ea2&quot;: &quot;Northern Region&quot;
      }
    },
    {
      &quot;attributes&quot;: {
        &quot;owner&quot;: &quot;DFA&quot;,
        &quot;stage&quot;: &quot;Completed&quot;,
        &quot;ea1&quot;: &quot;none&quot;,
        &quot;ea2&quot;: &quot;Northern Region&quot;
      }
    },
    {
      &quot;attributes&quot;: {
        &quot;owner&quot;: &quot;DFA&quot;,
        &quot;stage&quot;: &quot;Completed&quot;,
        &quot;ea1&quot;: &quot;none&quot;,
        &quot;ea2&quot;: &quot;Northern Region&quot;
      }
    },
    {
      &quot;attributes&quot;: {
        &quot;owner&quot;: &quot;DFA&quot;,
        &quot;stage&quot;: &quot;Completed&quot;,
        &quot;ea1&quot;: &quot;none&quot;,
        &quot;ea2&quot;: &quot;Northern Region&quot;
      }
    },
    {
      &quot;attributes&quot;: {
        &quot;owner&quot;: &quot;DFA&quot;,
        &quot;stage&quot;: &quot;Completed&quot;,
        &quot;ea1&quot;: &quot;none&quot;,
        &quot;ea2&quot;: &quot;Northern Region&quot;
      }
    },
    {
      &quot;attributes&quot;: {
        &quot;owner&quot;: &quot;DFA&quot;,
        &quot;stage&quot;: &quot;Completed&quot;,
        &quot;ea1&quot;: &quot;none&quot;,
        &quot;ea2&quot;: &quot;Northern Region&quot;
      }
    },
    {
      &quot;attributes&quot;: {
        &quot;owner&quot;: &quot;DFA&quot;,
        &quot;stage&quot;: &quot;Completed&quot;,
        &quot;ea1&quot;: &quot;G01P13&quot;,
        &quot;ea2&quot;: &quot;Northern Region&quot;
      }
    },
    {
      &quot;attributes&quot;: {
        &quot;owner&quot;: &quot;DFA&quot;,
        &quot;stage&quot;: &quot;Completed&quot;,
        &quot;ea1&quot;: &quot;none&quot;,
        &quot;ea2&quot;: &quot;Northern Region&quot;
      }
    },
    {
      &quot;attributes&quot;: {
        &quot;owner&quot;: &quot;DFA&quot;,
        &quot;stage&quot;: &quot;Completed&quot;,
        &quot;ea1&quot;: &quot;K50P43&quot;,
        &quot;ea2&quot;: &quot;Kwa-Zulu Natal&quot;
      }
    },
    {
      &quot;attributes&quot;: {
        &quot;owner&quot;: &quot;DFA&quot;,
        &quot;stage&quot;: &quot;Completed&quot;,
        &quot;ea1&quot;: &quot;none&quot;,
        &quot;ea2&quot;: &quot;None&quot;
      }
    },
    {
      &quot;attributes&quot;: {
        &quot;owner&quot;: &quot;DFA&quot;,
        &quot;stage&quot;: &quot;Completed&quot;,
        &quot;ea1&quot;: &quot;K50P43&quot;,
        &quot;ea2&quot;: &quot;Kwa-Zulu Natal&quot;
      }
    },
    {
      &quot;attributes&quot;: {
        &quot;owner&quot;: &quot;DFA&quot;,
        &quot;stage&quot;: &quot;Completed&quot;,
        &quot;ea1&quot;: &quot;K50P43&quot;,
        &quot;ea2&quot;: &quot;Kwa-Zulu Natal&quot;
      }
    },
    {
      &quot;attributes&quot;: {
        &quot;owner&quot;: &quot;DFA&quot;,
        &quot;stage&quot;: &quot;Completed&quot;,
        &quot;ea1&quot;: &quot;K50P43&quot;,
        &quot;ea2&quot;: &quot;Kwa-Zulu Natal&quot;
      }
    },
    {
      &quot;attributes&quot;: {
        &quot;owner&quot;: &quot;DFA&quot;,
        &quot;stage&quot;: &quot;Completed&quot;,
        &quot;ea1&quot;: &quot;K50P43&quot;,
        &quot;ea2&quot;: &quot;Kwa-Zulu Natal&quot;
      }
    },
    {
      &quot;attributes&quot;: {
        &quot;owner&quot;: &quot;DFA&quot;,
        &quot;stage&quot;: &quot;Completed&quot;,
        &quot;ea1&quot;: &quot;K50P43&quot;,
        &quot;ea2&quot;: &quot;Kwa-Zulu Natal&quot;
      }
    },
    {
      &quot;attributes&quot;: {
        &quot;owner&quot;: &quot;DFA&quot;,
        &quot;stage&quot;: &quot;Completed&quot;,
        &quot;ea1&quot;: &quot;K50P43&quot;,
        &quot;ea2&quot;: &quot;Kwa-Zulu Natal&quot;
      }
    },
    {
      &quot;attributes&quot;: {
        &quot;owner&quot;: &quot;DFA&quot;,
        &quot;stage&quot;: &quot;Completed&quot;,
        &quot;ea1&quot;: &quot;K50P43&quot;,
        &quot;ea2&quot;: &quot;Kwa-Zulu Natal&quot;
      }
    },
    {
      &quot;attributes&quot;: {
        &quot;owner&quot;: &quot;DFA&quot;,
        &quot;stage&quot;: &quot;Completed&quot;,
        &quot;ea1&quot;: &quot;K50P43&quot;,
        &quot;ea2&quot;: &quot;Kwa-Zulu Natal&quot;
      }
    },
    {
      &quot;attributes&quot;: {
        &quot;owner&quot;: &quot;DFA&quot;,
        &quot;stage&quot;: &quot;Completed&quot;,
        &quot;ea1&quot;: &quot;K50P43&quot;,
        &quot;ea2&quot;: &quot;Kwa-Zulu Natal&quot;
      }
    },
    {
      &quot;attributes&quot;: {
        &quot;owner&quot;: &quot;DFA&quot;,
        &quot;stage&quot;: &quot;Completed&quot;,
        &quot;ea1&quot;: &quot;K50P43&quot;,
        &quot;ea2&quot;: &quot;Kwa-Zulu Natal&quot;
      }
    },
    {
      &quot;attributes&quot;: {
        &quot;owner&quot;: &quot;DFA&quot;,
        &quot;stage&quot;: &quot;Completed&quot;,
        &quot;ea1&quot;: &quot;K50P43&quot;,
        &quot;ea2&quot;: &quot;Kwa-Zulu Natal&quot;
      }
    },
    {
      &quot;attributes&quot;: {
        &quot;owner&quot;: &quot;DFA&quot;,
        &quot;stage&quot;: &quot;Completed&quot;,
        &quot;ea1&quot;: &quot;K50P43&quot;,
        &quot;ea2&quot;: &quot;Kwa-Zulu Natal&quot;
      }
    },
    {
      &quot;attributes&quot;: {
        &quot;owner&quot;: &quot;DFA&quot;,
        &quot;stage&quot;: &quot;Completed&quot;,
        &quot;ea1&quot;: &quot;K50P43&quot;,
        &quot;ea2&quot;: &quot;Kwa-Zulu Natal&quot;
      }
    },
    {
      &quot;attributes&quot;: {
        &quot;owner&quot;: &quot;DFA&quot;,
        &quot;stage&quot;: &quot;Completed&quot;,
        &quot;ea1&quot;: &quot;K50P43&quot;,
        &quot;ea2&quot;: &quot;Kwa-Zulu Natal&quot;
      }
    },
    {
      &quot;attributes&quot;: {
        &quot;owner&quot;: &quot;DFA&quot;,
        &quot;stage&quot;: &quot;Completed&quot;,
        &quot;ea1&quot;: &quot;G50P65&quot;,
        &quot;ea2&quot;: &quot;Gauteng South&quot;
      }
    },
    {
      &quot;attributes&quot;: {
        &quot;owner&quot;: &quot;DFA&quot;,
        &quot;stage&quot;: &quot;Completed&quot;,
        &quot;ea1&quot;: &quot;none&quot;,
        &quot;ea2&quot;: &quot;Northern Region&quot;
      }
    },
    {
      &quot;attributes&quot;: {
        &quot;owner&quot;: &quot;DFA&quot;,
        &quot;stage&quot;: &quot;Completed&quot;,
        &quot;ea1&quot;: &quot;W51P02&quot;,
        &quot;ea2&quot;: &quot;Western Region&quot;
      }
    },
    {
      &quot;attributes&quot;: {
        &quot;owner&quot;: &quot;DFA&quot;,
        &quot;stage&quot;: &quot;Completed&quot;,
        &quot;ea1&quot;: &quot;W51P02&quot;,
        &quot;ea2&quot;: &quot;Western Region&quot;
      }
    },
    {
      &quot;attributes&quot;: {
        &quot;owner&quot;: &quot;DFA&quot;,
        &quot;stage&quot;: &quot;Completed&quot;,
        &quot;ea1&quot;: &quot;W51P02&quot;,
        &quot;ea2&quot;: &quot;Western Region&quot;
      }
    },
    {
      &quot;attributes&quot;: {
        &quot;owner&quot;: &quot;DFA&quot;,
        &quot;stage&quot;: &quot;Completed&quot;,
        &quot;ea1&quot;: &quot;W51P02&quot;,
        &quot;ea2&quot;: &quot;Western Region&quot;
      }
    },
    {
      &quot;attributes&quot;: {
        &quot;owner&quot;: &quot;DFA&quot;,
        &quot;stage&quot;: &quot;Completed&quot;,
        &quot;ea1&quot;: &quot;W51P02&quot;,
        &quot;ea2&quot;: &quot;Western Region&quot;
      }
    },
    {
      &quot;attributes&quot;: {
        &quot;owner&quot;: &quot;DFA&quot;,
        &quot;stage&quot;: &quot;Completed&quot;,
        &quot;ea1&quot;: &quot;W51P02&quot;,
        &quot;ea2&quot;: &quot;Western Region&quot;
      }
    },
    {
      &quot;attributes&quot;: {
        &quot;owner&quot;: &quot;DFA&quot;,
        &quot;stage&quot;: &quot;Completed&quot;,
        &quot;ea1&quot;: &quot;none&quot;,
        &quot;ea2&quot;: &quot;None&quot;
      }
    },
    {
      &quot;attributes&quot;: {
        &quot;owner&quot;: &quot;DFA&quot;,
        &quot;stage&quot;: &quot;Construction&quot;,
        &quot;ea1&quot;: &quot;none&quot;,
        &quot;ea2&quot;: &quot;None&quot;
      }
    },
    {
      &quot;attributes&quot;: {
        &quot;owner&quot;: &quot;DFA&quot;,
        &quot;stage&quot;: &quot;Completed&quot;,
        &quot;ea1&quot;: &quot;none&quot;,
        &quot;ea2&quot;: &quot;Northern Region&quot;
      }
    },
    {
      &quot;attributes&quot;: {
        &quot;owner&quot;: &quot;DFA&quot;,
        &quot;stage&quot;: &quot;Construction&quot;,
        &quot;ea1&quot;: &quot;none&quot;,
        &quot;ea2&quot;: &quot;None&quot;
      }
    },
    {
      &quot;attributes&quot;: {
        &quot;owner&quot;: &quot;DFA&quot;,
        &quot;stage&quot;: &quot;Completed&quot;,
        &quot;ea1&quot;: &quot;W01P08&quot;,
        &quot;ea2&quot;: &quot;Western Region&quot;
      }
    },
    {
      &quot;attributes&quot;: {
        &quot;owner&quot;: &quot;DFA&quot;,
        &quot;stage&quot;: &quot;Completed&quot;,
        &quot;ea1&quot;: &quot;W01P08&quot;,
        &quot;ea2&quot;: &quot;Western Region&quot;
      }
    },
    {
      &quot;attributes&quot;: {
        &quot;owner&quot;: &quot;DFA&quot;,
        &quot;stage&quot;: &quot;Completed&quot;,
        &quot;ea1&quot;: &quot; VS01138GH000153&quot;,
        &quot;ea2&quot;: &quot;Northern Region&quot;
      }
    },
    {
      &quot;attributes&quot;: {
        &quot;owner&quot;: &quot;DFA&quot;,
        &quot;stage&quot;: &quot;Completed&quot;,
        &quot;ea1&quot;: &quot;AS11728BH021928&quot;,
        &quot;ea2&quot;: &quot;Gauteng South&quot;
      }
    },
    {
      &quot;attributes&quot;: {
        &quot;owner&quot;: &quot;DFA&quot;,
        &quot;stage&quot;: &quot;Construction&quot;,
        &quot;ea1&quot;: &quot;none&quot;,
        &quot;ea2&quot;: &quot;None&quot;
      }
    },
    {
      &quot;attributes&quot;: {
        &quot;owner&quot;: &quot;DFA&quot;,
        &quot;stage&quot;: &quot;Completed&quot;,
        &quot;ea1&quot;: &quot;none&quot;,
        &quot;ea2&quot;: &quot;Northern Region&quot;
      }
    },
    {
      &quot;attributes&quot;: {
        &quot;owner&quot;: &quot;DFA&quot;,
        &quot;stage&quot;: &quot;Completed&quot;,
        &quot;ea1&quot;: &quot;AS02311GH060995&quot;,
        &quot;ea2&quot;: &quot;Northern Region&quot;
      }
    },
    {
      &quot;attributes&quot;: {
        &quot;owner&quot;: &quot;DFA&quot;,
        &quot;stage&quot;: &quot;Completed&quot;,
        &quot;ea1&quot;: &quot;AS01156GH04041&quot;,
        &quot;ea2&quot;: &quot;Northern Region&quot;
      }
    },
    {
      &quot;attributes&quot;: {
        &quot;owner&quot;: &quot;DFA&quot;,
        &quot;stage&quot;: &quot;Completed&quot;,
        &quot;ea1&quot;: &quot;VS00893GH004039&quot;,
        &quot;ea2&quot;: &quot;Northern Region&quot;
      }
    },
    {
      &quot;attributes&quot;: {
        &quot;owner&quot;: &quot;DFA&quot;,
        &quot;stage&quot;: &quot;Construction&quot;,
        &quot;ea1&quot;: &quot;none&quot;,
        &quot;ea2&quot;: &quot;None&quot;
      }
    },
    {
      &quot;attributes&quot;: {
        &quot;owner&quot;: &quot;DFA&quot;,
        &quot;stage&quot;: &quot;Completed&quot;,
        &quot;ea1&quot;: &quot;AS03279BH004091 &quot;,
        &quot;ea2&quot;: &quot;Northern Region&quot;
      }
    },
    {
      &quot;attributes&quot;: {
        &quot;owner&quot;: &quot;DFA&quot;,
        &quot;stage&quot;: &quot;Construction&quot;,
        &quot;ea1&quot;: &quot;none&quot;,
        &quot;ea2&quot;: &quot;None&quot;
      }
    },
    {
      &quot;attributes&quot;: {
        &quot;owner&quot;: &quot;DFA&quot;,
        &quot;stage&quot;: &quot;Completed&quot;,
        &quot;ea1&quot;: &quot;VS02112GH210146 &quot;,
        &quot;ea2&quot;: &quot;Northern Region&quot;
      }
    },
    {
      &quot;attributes&quot;: {
        &quot;owner&quot;: &quot;DFA&quot;,
        &quot;stage&quot;: &quot;Completed&quot;,
        &quot;ea1&quot;: &quot;VS02520NB210123&quot;,
        &quot;ea2&quot;: &quot;Northern Region&quot;
      }
    },
    {
      &quot;attributes&quot;: {
        &quot;owner&quot;: &quot;DFA&quot;,
        &quot;stage&quot;: &quot;Construction&quot;,
        &quot;ea1&quot;: &quot;none&quot;,
        &quot;ea2&quot;: &quot;None&quot;
      }
    },
    {
      &quot;attributes&quot;: {
        &quot;owner&quot;: &quot;DFA&quot;,
        &quot;stage&quot;: &quot;Construction&quot;,
        &quot;ea1&quot;: &quot;none&quot;,
        &quot;ea2&quot;: &quot;None&quot;
      }
    },
    {
      &quot;attributes&quot;: {
        &quot;owner&quot;: &quot;DFA&quot;,
        &quot;stage&quot;: &quot;Construction&quot;,
        &quot;ea1&quot;: &quot;none&quot;,
        &quot;ea2&quot;: &quot;None&quot;
      }
    },
    {
      &quot;attributes&quot;: {
        &quot;owner&quot;: &quot;DFA&quot;,
        &quot;stage&quot;: &quot;Completed&quot;,
        &quot;ea1&quot;: &quot;MS01595GH000170&quot;,
        &quot;ea2&quot;: &quot;Northern Region&quot;
      }
    },
    {
      &quot;attributes&quot;: {
        &quot;owner&quot;: &quot;DFA&quot;,
        &quot;stage&quot;: &quot;Completed&quot;,
        &quot;ea1&quot;: &quot;W01P08&quot;,
        &quot;ea2&quot;: &quot;Western Region&quot;
      }
    },
    {
      &quot;attributes&quot;: {
        &quot;owner&quot;: &quot;DFA&quot;,
        &quot;stage&quot;: &quot;Completed&quot;,
        &quot;ea1&quot;: &quot;W01P08&quot;,
        &quot;ea2&quot;: &quot;Western Region&quot;
      }
    },
    {
      &quot;attributes&quot;: {
        &quot;owner&quot;: &quot;DFA&quot;,
        &quot;stage&quot;: &quot;Completed&quot;,
        &quot;ea1&quot;: &quot;none&quot;,
        &quot;ea2&quot;: &quot;None&quot;
      }
    },
    {
      &quot;attributes&quot;: {
        &quot;owner&quot;: &quot;DFA&quot;,
        &quot;stage&quot;: &quot;Completed&quot;,
        &quot;ea1&quot;: &quot;G52P75&quot;,
        &quot;ea2&quot;: &quot;Gauteng South&quot;
      }
    },
    {
      &quot;attributes&quot;: {
        &quot;owner&quot;: &quot;DFA&quot;,
        &quot;stage&quot;: &quot;Construction&quot;,
        &quot;ea1&quot;: &quot;G51P34&quot;,
        &quot;ea2&quot;: &quot;None&quot;
      }
    },
    {
      &quot;attributes&quot;: {
        &quot;owner&quot;: &quot;DFA&quot;,
        &quot;stage&quot;: &quot;Completed&quot;,
        &quot;ea1&quot;: &quot;W01P08&quot;,
        &quot;ea2&quot;: &quot;Western Region&quot;
      }
    },
    {
      &quot;attributes&quot;: {
        &quot;owner&quot;: &quot;DFA&quot;,
        &quot;stage&quot;: &quot;Completed&quot;,
        &quot;ea1&quot;: &quot;W30P24&quot;,
        &quot;ea2&quot;: &quot;Western Region&quot;
      }
    },
    {
      &quot;attributes&quot;: {
        &quot;owner&quot;: &quot;DFA&quot;,
        &quot;stage&quot;: &quot;Completed&quot;,
        &quot;ea1&quot;: &quot;AS00725GH022410&quot;,
        &quot;ea2&quot;: &quot;Northern Region&quot;
      }
    },
    {
      &quot;attributes&quot;: {
        &quot;owner&quot;: &quot;DFA&quot;,
        &quot;stage&quot;: &quot;Completed&quot;,
        &quot;ea1&quot;: &quot;K50P21&quot;,
        &quot;ea2&quot;: &quot;Kwa-Zulu Natal&quot;
      }
    },
    {
      &quot;attributes&quot;: {
        &quot;owner&quot;: &quot;DFA&quot;,
        &quot;stage&quot;: &quot;Completed&quot;,
        &quot;ea1&quot;: &quot;K50P21&quot;,
        &quot;ea2&quot;: &quot;Kwa-Zulu Natal&quot;
      }
    },
    {
      &quot;attributes&quot;: {
        &quot;owner&quot;: &quot;DFA&quot;,
        &quot;stage&quot;: &quot;Completed&quot;,
        &quot;ea1&quot;: &quot;W30P24&quot;,
        &quot;ea2&quot;: &quot;Western Region&quot;
      }
    },
    {
      &quot;attributes&quot;: {
        &quot;owner&quot;: &quot;DFA&quot;,
        &quot;stage&quot;: &quot;Completed&quot;,
        &quot;ea1&quot;: &quot;W30P24&quot;,
        &quot;ea2&quot;: &quot;Western Region&quot;
      }
    },
    {
      &quot;attributes&quot;: {
        &quot;owner&quot;: &quot;DFA&quot;,
        &quot;stage&quot;: &quot;Completed&quot;,
        &quot;ea1&quot;: &quot;W20P04&quot;,
        &quot;ea2&quot;: &quot;Western Region&quot;
      }
    },
    {
      &quot;attributes&quot;: {
        &quot;owner&quot;: &quot;DFA&quot;,
        &quot;stage&quot;: &quot;Completed&quot;,
        &quot;ea1&quot;: &quot;W20P04&quot;,
        &quot;ea2&quot;: &quot;Western Region&quot;
      }
    },
    {
      &quot;attributes&quot;: {
        &quot;owner&quot;: &quot;DFA&quot;,
        &quot;stage&quot;: &quot;Completed&quot;,
        &quot;ea1&quot;: &quot;W20P04&quot;,
        &quot;ea2&quot;: &quot;Western Region&quot;
      }
    },
    {
      &quot;attributes&quot;: {
        &quot;owner&quot;: &quot;DFA&quot;,
        &quot;stage&quot;: &quot;Completed&quot;,
        &quot;ea1&quot;: &quot;W20P04&quot;,
        &quot;ea2&quot;: &quot;Western Region&quot;
      }
    },
    {
      &quot;attributes&quot;: {
        &quot;owner&quot;: &quot;DFA&quot;,
        &quot;stage&quot;: &quot;Completed&quot;,
        &quot;ea1&quot;: &quot;W20P04&quot;,
        &quot;ea2&quot;: &quot;Western Region&quot;
      }
    },
    {
      &quot;attributes&quot;: {
        &quot;owner&quot;: &quot;DFA&quot;,
        &quot;stage&quot;: &quot;Completed&quot;,
        &quot;ea1&quot;: &quot;W20P04&quot;,
        &quot;ea2&quot;: &quot;Western Region&quot;
      }
    },
    {
      &quot;attributes&quot;: {
        &quot;owner&quot;: &quot;DFA&quot;,
        &quot;stage&quot;: &quot;Completed&quot;,
        &quot;ea1&quot;: &quot;none&quot;,
        &quot;ea2&quot;: &quot;None&quot;
      }
    },
    {
      &quot;attributes&quot;: {
        &quot;owner&quot;: &quot;DFA&quot;,
        &quot;stage&quot;: &quot;Completed&quot;,
        &quot;ea1&quot;: &quot;W50P37&quot;,
        &quot;ea2&quot;: &quot;Western Region&quot;
      }
    },
    {
      &quot;attributes&quot;: {
        &quot;owner&quot;: &quot;DFA&quot;,
        &quot;stage&quot;: &quot;Completed&quot;,
        &quot;ea1&quot;: &quot;W50P37&quot;,
        &quot;ea2&quot;: &quot;Western Region&quot;
      }
    },
    {
      &quot;attributes&quot;: {
        &quot;owner&quot;: &quot;DFA&quot;,
        &quot;stage&quot;: &quot;Completed&quot;,
        &quot;ea1&quot;: &quot;W50P37&quot;,
        &quot;ea2&quot;: &quot;Western Region&quot;
      }
    },
    {
      &quot;attributes&quot;: {
        &quot;owner&quot;: &quot;DFA&quot;,
        &quot;stage&quot;: &quot;Completed&quot;,
        &quot;ea1&quot;: &quot;W50P37&quot;,
        &quot;ea2&quot;: &quot;Western Region&quot;
      }
    },
    {
      &quot;attributes&quot;: {
        &quot;owner&quot;: &quot;DFA&quot;,
        &quot;stage&quot;: &quot;Completed&quot;,
        &quot;ea1&quot;: &quot;W50P37&quot;,
        &quot;ea2&quot;: &quot;Western Region&quot;
      }
    },
    {
      &quot;attributes&quot;: {
        &quot;owner&quot;: &quot;DFA&quot;,
        &quot;stage&quot;: &quot;Completed&quot;,
        &quot;ea1&quot;: &quot;W50P37&quot;,
        &quot;ea2&quot;: &quot;Western Region&quot;
      }
    },
    {
      &quot;attributes&quot;: {
        &quot;owner&quot;: &quot;DFA&quot;,
        &quot;stage&quot;: &quot;Completed&quot;,
        &quot;ea1&quot;: &quot;W50P37&quot;,
        &quot;ea2&quot;: &quot;Western Region&quot;
      }
    },
    {
      &quot;attributes&quot;: {
        &quot;owner&quot;: &quot;DFA&quot;,
        &quot;stage&quot;: &quot;Completed&quot;,
        &quot;ea1&quot;: &quot;W50P37&quot;,
        &quot;ea2&quot;: &quot;Western Region&quot;
      }
    },
    {
      &quot;attributes&quot;: {
        &quot;owner&quot;: &quot;DFA&quot;,
        &quot;stage&quot;: &quot;Completed&quot;,
        &quot;ea1&quot;: &quot;W50P37&quot;,
        &quot;ea2&quot;: &quot;Western Region&quot;
      }
    },
    {
      &quot;attributes&quot;: {
        &quot;owner&quot;: &quot;DFA&quot;,
        &quot;stage&quot;: &quot;Completed&quot;,
        &quot;ea1&quot;: &quot;W50P37&quot;,
        &quot;ea2&quot;: &quot;Western Region&quot;
      }
    },
    {
      &quot;attributes&quot;: {
        &quot;owner&quot;: &quot;DFA&quot;,
        &quot;stage&quot;: &quot;Completed&quot;,
        &quot;ea1&quot;: &quot;W50P37&quot;,
        &quot;ea2&quot;: &quot;Western Region&quot;
      }
    },
    {
      &quot;attributes&quot;: {
        &quot;owner&quot;: &quot;DFA&quot;,
        &quot;stage&quot;: &quot;Completed&quot;,
        &quot;ea1&quot;: &quot;W50P37&quot;,
        &quot;ea2&quot;: &quot;Western Region&quot;
      }
    },
    {
      &quot;attributes&quot;: {
        &quot;owner&quot;: &quot;DFA&quot;,
        &quot;stage&quot;: &quot;Completed&quot;,
        &quot;ea1&quot;: &quot;W50P37&quot;,
        &quot;ea2&quot;: &quot;Western Region&quot;
      }
    },
    {
      &quot;attributes&quot;: {
        &quot;owner&quot;: &quot;DFA&quot;,
        &quot;stage&quot;: &quot;Completed&quot;,
        &quot;ea1&quot;: &quot;W50P37&quot;,
        &quot;ea2&quot;: &quot;Western Region&quot;
      }
    },
    {
      &quot;attributes&quot;: {
        &quot;owner&quot;: &quot;DFA&quot;,
        &quot;stage&quot;: &quot;Completed&quot;,
        &quot;ea1&quot;: &quot;W50P37&quot;,
        &quot;ea2&quot;: &quot;Western Region&quot;
      }
    },
    {
      &quot;attributes&quot;: {
        &quot;owner&quot;: &quot;DFA&quot;,
        &quot;stage&quot;: &quot;Completed&quot;,
        &quot;ea1&quot;: &quot;W50P37&quot;,
        &quot;ea2&quot;: &quot;Western Region&quot;
      }
    },
    {
      &quot;attributes&quot;: {
        &quot;owner&quot;: &quot;DFA&quot;,
        &quot;stage&quot;: &quot;Completed&quot;,
        &quot;ea1&quot;: &quot;W50P37&quot;,
        &quot;ea2&quot;: &quot;Western Region&quot;
      }
    },
    {
      &quot;attributes&quot;: {
        &quot;owner&quot;: &quot;DFA&quot;,
        &quot;stage&quot;: &quot;Completed&quot;,
        &quot;ea1&quot;: &quot;W50P37&quot;,
        &quot;ea2&quot;: &quot;Western Region&quot;
      }
    },
    {
      &quot;attributes&quot;: {
        &quot;owner&quot;: &quot;DFA&quot;,
        &quot;stage&quot;: &quot;Completed&quot;,
        &quot;ea1&quot;: &quot;W50P26&quot;,
        &quot;ea2&quot;: &quot;Western Region&quot;
      }
    },
    {
      &quot;attributes&quot;: {
        &quot;owner&quot;: &quot;DFA&quot;,
        &quot;stage&quot;: &quot;Completed&quot;,
        &quot;ea1&quot;: &quot;W50P26&quot;,
        &quot;ea2&quot;: &quot;Western Region&quot;
      }
    },
    {
      &quot;attributes&quot;: {
        &quot;owner&quot;: &quot;DFA&quot;,
        &quot;stage&quot;: &quot;Completed&quot;,
        &quot;ea1&quot;: &quot;W50P26&quot;,
        &quot;ea2&quot;: &quot;Western Region&quot;
      }
    },
    {
      &quot;attributes&quot;: {
        &quot;owner&quot;: &quot;DFA&quot;,
        &quot;stage&quot;: &quot;Completed&quot;,
        &quot;ea1&quot;: &quot;W50P26&quot;,
        &quot;ea2&quot;: &quot;Western Region&quot;
      }
    },
    {
      &quot;attributes&quot;: {
        &quot;owner&quot;: &quot;DFA&quot;,
        &quot;stage&quot;: &quot;Completed&quot;,
        &quot;ea1&quot;: &quot;W50P26&quot;,
        &quot;ea2&quot;: &quot;Western Region&quot;
      }
    },
    {
      &quot;attributes&quot;: {
        &quot;owner&quot;: &quot;DFA&quot;,
        &quot;stage&quot;: &quot;Completed&quot;,
        &quot;ea1&quot;: &quot;W50P26&quot;,
        &quot;ea2&quot;: &quot;Western Region&quot;
      }
    },
    {
      &quot;attributes&quot;: {
        &quot;owner&quot;: &quot;DFA&quot;,
        &quot;stage&quot;: &quot;Completed&quot;,
        &quot;ea1&quot;: &quot;W50P26&quot;,
        &quot;ea2&quot;: &quot;Western Region&quot;
      }
    },
    {
      &quot;attributes&quot;: {
        &quot;owner&quot;: &quot;DFA&quot;,
        &quot;stage&quot;: &quot;Completed&quot;,
        &quot;ea1&quot;: &quot;W50P26&quot;,
        &quot;ea2&quot;: &quot;Western Region&quot;
      }
    },
    {
      &quot;attributes&quot;: {
        &quot;owner&quot;: &quot;DFA&quot;,
        &quot;stage&quot;: &quot;Completed&quot;,
        &quot;ea1&quot;: &quot;W50P26&quot;,
        &quot;ea2&quot;: &quot;Western Region&quot;
      }
    },
    {
      &quot;attributes&quot;: {
        &quot;owner&quot;: &quot;DFA&quot;,
        &quot;stage&quot;: &quot;Completed&quot;,
        &quot;ea1&quot;: &quot;W50P26&quot;,
        &quot;ea2&quot;: &quot;Western Region&quot;
      }
    },
    {
      &quot;attributes&quot;: {
        &quot;owner&quot;: &quot;DFA&quot;,
        &quot;stage&quot;: &quot;Completed&quot;,
        &quot;ea1&quot;: &quot;W30P03&quot;,
        &quot;ea2&quot;: &quot;Western Region&quot;
      }
    },
    {
      &quot;attributes&quot;: {
        &quot;owner&quot;: &quot;DFA&quot;,
        &quot;stage&quot;: &quot;Completed&quot;,
        &quot;ea1&quot;: &quot;W50P26&quot;,
        &quot;ea2&quot;: &quot;Western Region&quot;
      }
    },
    {
      &quot;attributes&quot;: {
        &quot;owner&quot;: &quot;DFA&quot;,
        &quot;stage&quot;: &quot;Completed&quot;,
        &quot;ea1&quot;: &quot;W51P35&quot;,
        &quot;ea2&quot;: &quot;Western Region&quot;
      }
    },
    {
      &quot;attributes&quot;: {
        &quot;owner&quot;: &quot;DFA&quot;,
        &quot;stage&quot;: &quot;Completed&quot;,
        &quot;ea1&quot;: &quot;W51P35&quot;,
        &quot;ea2&quot;: &quot;Western Region&quot;
      }
    },
    {
      &quot;attributes&quot;: {
        &quot;owner&quot;: &quot;DFA&quot;,
        &quot;stage&quot;: &quot;Completed&quot;,
        &quot;ea1&quot;: &quot;W51P35&quot;,
        &quot;ea2&quot;: &quot;Western Region&quot;
      }
    },
    {
      &quot;attributes&quot;: {
        &quot;owner&quot;: &quot;DFA&quot;,
        &quot;stage&quot;: &quot;Completed&quot;,
        &quot;ea1&quot;: &quot;W44P02&quot;,
        &quot;ea2&quot;: &quot;Western Region&quot;
      }
    },
    {
      &quot;attributes&quot;: {
        &quot;owner&quot;: &quot;DFA&quot;,
        &quot;stage&quot;: &quot;Completed&quot;,
        &quot;ea1&quot;: &quot;VS02393GH001509  &quot;,
        &quot;ea2&quot;: &quot;Northern Region&quot;
      }
    },
    {
      &quot;attributes&quot;: {
        &quot;owner&quot;: &quot;DFA&quot;,
        &quot;stage&quot;: &quot;Completed&quot;,
        &quot;ea1&quot;: &quot;none&quot;,
        &quot;ea2&quot;: &quot;None&quot;
      }
    },
    {
      &quot;attributes&quot;: {
        &quot;owner&quot;: &quot;DFA&quot;,
        &quot;stage&quot;: &quot;Completed&quot;,
        &quot;ea1&quot;: &quot;W44P02&quot;,
        &quot;ea2&quot;: &quot;Eastern Region&quot;
      }
    },
    {
      &quot;attributes&quot;: {
        &quot;owner&quot;: &quot;DFA&quot;,
        &quot;stage&quot;: &quot;Construction&quot;,
        &quot;ea1&quot;: &quot;none&quot;,
        &quot;ea2&quot;: &quot;None&quot;
      }
    },
    {
      &quot;attributes&quot;: {
        &quot;owner&quot;: &quot;DFA&quot;,
        &quot;stage&quot;: &quot;Construction&quot;,
        &quot;ea1&quot;: &quot;none&quot;,
        &quot;ea2&quot;: &quot;None&quot;
      }
    },
    {
      &quot;attributes&quot;: {
        &quot;owner&quot;: &quot;DFA&quot;,
        &quot;stage&quot;: &quot;Construction&quot;,
        &quot;ea1&quot;: &quot;none&quot;,
        &quot;ea2&quot;: &quot;None&quot;
      }
    },
    {
      &quot;attributes&quot;: {
        &quot;owner&quot;: &quot;DFA&quot;,
        &quot;stage&quot;: &quot;Completed&quot;,
        &quot;ea1&quot;: &quot;W44P02&quot;,
        &quot;ea2&quot;: &quot;Eastern Region&quot;
      }
    },
    {
      &quot;attributes&quot;: {
        &quot;owner&quot;: &quot;DFA&quot;,
        &quot;stage&quot;: &quot;Completed&quot;,
        &quot;ea1&quot;: &quot;none&quot;,
        &quot;ea2&quot;: &quot;None&quot;
      }
    },
    {
      &quot;attributes&quot;: {
        &quot;owner&quot;: &quot;DFA&quot;,
        &quot;stage&quot;: &quot;Completed&quot;,
        &quot;ea1&quot;: &quot;none&quot;,
        &quot;ea2&quot;: &quot;None&quot;
      }
    },
    {
      &quot;attributes&quot;: {
        &quot;owner&quot;: &quot;DFA&quot;,
        &quot;stage&quot;: &quot;Completed&quot;,
        &quot;ea1&quot;: &quot;W50P04&quot;,
        &quot;ea2&quot;: &quot;Western Region&quot;
      }
    },
    {
      &quot;attributes&quot;: {
        &quot;owner&quot;: &quot;DFA&quot;,
        &quot;stage&quot;: &quot;Construction&quot;,
        &quot;ea1&quot;: &quot;none&quot;,
        &quot;ea2&quot;: &quot;None&quot;
      }
    },
    {
      &quot;attributes&quot;: {
        &quot;owner&quot;: &quot;DFA&quot;,
        &quot;stage&quot;: &quot;Completed&quot;,
        &quot;ea1&quot;: &quot;W50P04&quot;,
        &quot;ea2&quot;: &quot;Western Region&quot;
      }
    },
    {
      &quot;attributes&quot;: {
        &quot;owner&quot;: &quot;DFA&quot;,
        &quot;stage&quot;: &quot;Completed&quot;,
        &quot;ea1&quot;: &quot;W50P04&quot;,
        &quot;ea2&quot;: &quot;Western Region&quot;
      }
    },
    {
      &quot;attributes&quot;: {
        &quot;owner&quot;: &quot;DFA&quot;,
        &quot;stage&quot;: &quot;Completed&quot;,
        &quot;ea1&quot;: &quot;W50P04&quot;,
        &quot;ea2&quot;: &quot;Western Region&quot;
      }
    },
    {
      &quot;attributes&quot;: {
        &quot;owner&quot;: &quot;DFA&quot;,
        &quot;stage&quot;: &quot;Completed&quot;,
        &quot;ea1&quot;: &quot;W50P04&quot;,
        &quot;ea2&quot;: &quot;Western Region&quot;
      }
    },
    {
      &quot;attributes&quot;: {
        &quot;owner&quot;: &quot;DFA&quot;,
        &quot;stage&quot;: &quot;Completed&quot;,
        &quot;ea1&quot;: &quot;W50P04&quot;,
        &quot;ea2&quot;: &quot;Western Region&quot;
      }
    },
    {
      &quot;attributes&quot;: {
        &quot;owner&quot;: &quot;DFA&quot;,
        &quot;stage&quot;: &quot;Completed&quot;,
        &quot;ea1&quot;: &quot;W50P04&quot;,
        &quot;ea2&quot;: &quot;Western Region&quot;
      }
    },
    {
      &quot;attributes&quot;: {
        &quot;owner&quot;: &quot;DFA&quot;,
        &quot;stage&quot;: &quot;Completed&quot;,
        &quot;ea1&quot;: &quot;W50P04&quot;,
        &quot;ea2&quot;: &quot;Western Region&quot;
      }
    },
    {
      &quot;attributes&quot;: {
        &quot;owner&quot;: &quot;DFA&quot;,
        &quot;stage&quot;: &quot;Completed&quot;,
        &quot;ea1&quot;: &quot;W50P04&quot;,
        &quot;ea2&quot;: &quot;Western Region&quot;
      }
    },
    {
      &quot;attributes&quot;: {
        &quot;owner&quot;: &quot;DFA&quot;,
        &quot;stage&quot;: &quot;Completed&quot;,
        &quot;ea1&quot;: &quot;W50P04&quot;,
        &quot;ea2&quot;: &quot;Western Region&quot;
      }
    },
    {
      &quot;attributes&quot;: {
        &quot;owner&quot;: &quot;DFA&quot;,
        &quot;stage&quot;: &quot;Completed&quot;,
        &quot;ea1&quot;: &quot;W50P04&quot;,
        &quot;ea2&quot;: &quot;Western Region&quot;
      }
    },
    {
      &quot;attributes&quot;: {
        &quot;owner&quot;: &quot;DFA&quot;,
        &quot;stage&quot;: &quot;Completed&quot;,
        &quot;ea1&quot;: &quot;W50P04&quot;,
        &quot;ea2&quot;: &quot;Western Region&quot;
      }
    },
    {
      &quot;attributes&quot;: {
        &quot;owner&quot;: &quot;DFA&quot;,
        &quot;stage&quot;: &quot;Completed&quot;,
        &quot;ea1&quot;: &quot;W50P04&quot;,
        &quot;ea2&quot;: &quot;Western Region&quot;
      }
    },
    {
      &quot;attributes&quot;: {
        &quot;owner&quot;: &quot;DFA&quot;,
        &quot;stage&quot;: &quot;Completed&quot;,
        &quot;ea1&quot;: &quot;W50P04&quot;,
        &quot;ea2&quot;: &quot;Western Region&quot;
      }
    },
    {
      &quot;attributes&quot;: {
        &quot;owner&quot;: &quot;DFA&quot;,
        &quot;stage&quot;: &quot;Completed&quot;,
        &quot;ea1&quot;: &quot;W50P04&quot;,
        &quot;ea2&quot;: &quot;Western Region&quot;
      }
    },
    {
      &quot;attributes&quot;: {
        &quot;owner&quot;: &quot;DFA&quot;,
        &quot;stage&quot;: &quot;Completed&quot;,
        &quot;ea1&quot;: &quot;W50P04&quot;,
        &quot;ea2&quot;: &quot;Western Region&quot;
      }
    },
    {
      &quot;attributes&quot;: {
        &quot;owner&quot;: &quot;DFA&quot;,
        &quot;stage&quot;: &quot;Completed&quot;,
        &quot;ea1&quot;: &quot;W50P04&quot;,
        &quot;ea2&quot;: &quot;Western Region&quot;
      }
    },
    {
      &quot;attributes&quot;: {
        &quot;owner&quot;: &quot;DFA&quot;,
        &quot;stage&quot;: &quot;Completed&quot;,
        &quot;ea1&quot;: &quot;W50P04&quot;,
        &quot;ea2&quot;: &quot;Western Region&quot;
      }
    },
    {
      &quot;attributes&quot;: {
        &quot;owner&quot;: &quot;DFA&quot;,
        &quot;stage&quot;: &quot;Completed&quot;,
        &quot;ea1&quot;: &quot;W50P04&quot;,
        &quot;ea2&quot;: &quot;Western Region&quot;
      }
    },
    {
      &quot;attributes&quot;: {
        &quot;owner&quot;: &quot;DFA&quot;,
        &quot;stage&quot;: &quot;Completed&quot;,
        &quot;ea1&quot;: &quot;W50P04&quot;,
        &quot;ea2&quot;: &quot;Western Region&quot;
      }
    },
    {
      &quot;attributes&quot;: {
        &quot;owner&quot;: &quot;DFA&quot;,
        &quot;stage&quot;: &quot;Completed&quot;,
        &quot;ea1&quot;: &quot;W50P04&quot;,
        &quot;ea2&quot;: &quot;Western Region&quot;
      }
    },
    {
      &quot;attributes&quot;: {
        &quot;owner&quot;: &quot;DFA&quot;,
        &quot;stage&quot;: &quot;Completed&quot;,
        &quot;ea1&quot;: &quot;W50P04&quot;,
        &quot;ea2&quot;: &quot;Western Region&quot;
      }
    },
    {
      &quot;attributes&quot;: {
        &quot;owner&quot;: &quot;DFA&quot;,
        &quot;stage&quot;: &quot;Completed&quot;,
        &quot;ea1&quot;: &quot;W50P04&quot;,
        &quot;ea2&quot;: &quot;Western Region&quot;
      }
    },
    {
      &quot;attributes&quot;: {
        &quot;owner&quot;: &quot;DFA&quot;,
        &quot;stage&quot;: &quot;Completed&quot;,
        &quot;ea1&quot;: &quot;W50P04&quot;,
        &quot;ea2&quot;: &quot;Western Region&quot;
      }
    },
    {
      &quot;attributes&quot;: {
        &quot;owner&quot;: &quot;DFA&quot;,
        &quot;stage&quot;: &quot;Completed&quot;,
        &quot;ea1&quot;: &quot;W50P04&quot;,
        &quot;ea2&quot;: &quot;Western Region&quot;
      }
    },
    {
      &quot;attributes&quot;: {
        &quot;owner&quot;: &quot;DFA&quot;,
        &quot;stage&quot;: &quot;Completed&quot;,
        &quot;ea1&quot;: &quot;W50P04&quot;,
        &quot;ea2&quot;: &quot;Western Region&quot;
      }
    },
    {
      &quot;attributes&quot;: {
        &quot;owner&quot;: &quot;DFA&quot;,
        &quot;stage&quot;: &quot;Completed&quot;,
        &quot;ea1&quot;: &quot;W50P04&quot;,
        &quot;ea2&quot;: &quot;Western Region&quot;
      }
    },
    {
      &quot;attributes&quot;: {
        &quot;owner&quot;: &quot;DFA&quot;,
        &quot;stage&quot;: &quot;Construction&quot;,
        &quot;ea1&quot;: &quot;none&quot;,
        &quot;ea2&quot;: &quot;None&quot;
      }
    },
    {
      &quot;attributes&quot;: {
        &quot;owner&quot;: &quot;DFA&quot;,
        &quot;stage&quot;: &quot;Completed&quot;,
        &quot;ea1&quot;: &quot;W50P04&quot;,
        &quot;ea2&quot;: &quot;Western Region&quot;
      }
    },
    {
      &quot;attributes&quot;: {
        &quot;owner&quot;: &quot;DFA&quot;,
        &quot;stage&quot;: &quot;Completed&quot;,
        &quot;ea1&quot;: &quot;W50P04&quot;,
        &quot;ea2&quot;: &quot;Western Region&quot;
      }
    },
    {
      &quot;attributes&quot;: {
        &quot;owner&quot;: &quot;DFA&quot;,
        &quot;stage&quot;: &quot;Completed&quot;,
        &quot;ea1&quot;: &quot;W50P04&quot;,
        &quot;ea2&quot;: &quot;Western Region&quot;
      }
    },
    {
      &quot;attributes&quot;: {
        &quot;owner&quot;: &quot;DFA&quot;,
        &quot;stage&quot;: &quot;Completed&quot;,
        &quot;ea1&quot;: &quot;W50P04&quot;,
        &quot;ea2&quot;: &quot;Western Region&quot;
      }
    },
    {
      &quot;attributes&quot;: {
        &quot;owner&quot;: &quot;DFA&quot;,
        &quot;stage&quot;: &quot;Completed&quot;,
        &quot;ea1&quot;: &quot;W50P04&quot;,
        &quot;ea2&quot;: &quot;Western Region&quot;
      }
    },
    {
      &quot;attributes&quot;: {
        &quot;owner&quot;: &quot;DFA&quot;,
        &quot;stage&quot;: &quot;Completed&quot;,
        &quot;ea1&quot;: &quot;W50P04&quot;,
        &quot;ea2&quot;: &quot;Western Region&quot;
      }
    },
    {
      &quot;attributes&quot;: {
        &quot;owner&quot;: &quot;DFA&quot;,
        &quot;stage&quot;: &quot;Completed&quot;,
        &quot;ea1&quot;: &quot;W50P04&quot;,
        &quot;ea2&quot;: &quot;Western Region&quot;
      }
    },
    {
      &quot;attributes&quot;: {
        &quot;owner&quot;: &quot;DFA&quot;,
        &quot;stage&quot;: &quot;Completed&quot;,
        &quot;ea1&quot;: &quot;W50P04&quot;,
        &quot;ea2&quot;: &quot;Western Region&quot;
      }
    },
    {
      &quot;attributes&quot;: {
        &quot;owner&quot;: &quot;DFA&quot;,
        &quot;stage&quot;: &quot;Completed&quot;,
        &quot;ea1&quot;: &quot;W50P04&quot;,
        &quot;ea2&quot;: &quot;Western Region&quot;
      }
    },
    {
      &quot;attributes&quot;: {
        &quot;owner&quot;: &quot;DFA&quot;,
        &quot;stage&quot;: &quot;Completed&quot;,
        &quot;ea1&quot;: &quot;W50P04&quot;,
        &quot;ea2&quot;: &quot;Western Region&quot;
      }
    },
    {
      &quot;attributes&quot;: {
        &quot;owner&quot;: &quot;DFA&quot;,
        &quot;stage&quot;: &quot;Completed&quot;,
        &quot;ea1&quot;: &quot;W50P04&quot;,
        &quot;ea2&quot;: &quot;Western Region&quot;
      }
    },
    {
      &quot;attributes&quot;: {
        &quot;owner&quot;: &quot;DFA&quot;,
        &quot;stage&quot;: &quot;Completed&quot;,
        &quot;ea1&quot;: &quot;W43P02&quot;,
        &quot;ea2&quot;: &quot;Western Region&quot;
      }
    },
    {
      &quot;attributes&quot;: {
        &quot;owner&quot;: &quot;DFA&quot;,
        &quot;stage&quot;: &quot;Completed&quot;,
        &quot;ea1&quot;: &quot;K20P23&quot;,
        &quot;ea2&quot;: &quot;Kwa-Zulu Natal&quot;
      }
    },
    {
      &quot;attributes&quot;: {
        &quot;owner&quot;: &quot;DFA&quot;,
        &quot;stage&quot;: &quot;Completed&quot;,
        &quot;ea1&quot;: &quot;K20P23&quot;,
        &quot;ea2&quot;: &quot;Kwa-Zulu Natal&quot;
      }
    },
    {
      &quot;attributes&quot;: {
        &quot;owner&quot;: &quot;DFA&quot;,
        &quot;stage&quot;: &quot;Completed&quot;,
        &quot;ea1&quot;: &quot;K20P23&quot;,
        &quot;ea2&quot;: &quot;Kwa-Zulu Natal&quot;
      }
    },
    {
      &quot;attributes&quot;: {
        &quot;owner&quot;: &quot;DFA&quot;,
        &quot;stage&quot;: &quot;Completed&quot;,
        &quot;ea1&quot;: &quot;K20P23&quot;,
        &quot;ea2&quot;: &quot;Kwa-Zulu Natal&quot;
      }
    },
    {
      &quot;attributes&quot;: {
        &quot;owner&quot;: &quot;DFA&quot;,
        &quot;stage&quot;: &quot;Completed&quot;,
        &quot;ea1&quot;: &quot;K20P23&quot;,
        &quot;ea2&quot;: &quot;Kwa-Zulu Natal&quot;
      }
    },
    {
      &quot;attributes&quot;: {
        &quot;owner&quot;: &quot;DFA&quot;,
        &quot;stage&quot;: &quot;Completed&quot;,
        &quot;ea1&quot;: &quot;K20P23&quot;,
        &quot;ea2&quot;: &quot;Kwa-Zulu Natal&quot;
      }
    },
    {
      &quot;attributes&quot;: {
        &quot;owner&quot;: &quot;DFA&quot;,
        &quot;stage&quot;: &quot;Completed&quot;,
        &quot;ea1&quot;: &quot;none&quot;,
        &quot;ea2&quot;: &quot;Western Region&quot;
      }
    },
    {
      &quot;attributes&quot;: {
        &quot;owner&quot;: &quot;DFA&quot;,
        &quot;stage&quot;: &quot;Construction&quot;,
        &quot;ea1&quot;: &quot;none&quot;,
        &quot;ea2&quot;: &quot;None&quot;
      }
    },
    {
      &quot;attributes&quot;: {
        &quot;owner&quot;: &quot;DFA&quot;,
        &quot;stage&quot;: &quot;Completed&quot;,
        &quot;ea1&quot;: &quot;W50P55&quot;,
        &quot;ea2&quot;: &quot;Western Region&quot;
      }
    },
    {
      &quot;attributes&quot;: {
        &quot;owner&quot;: &quot;DFA&quot;,
        &quot;stage&quot;: &quot;Completed&quot;,
        &quot;ea1&quot;: &quot;W50P55&quot;,
        &quot;ea2&quot;: &quot;Western Region&quot;
      }
    },
    {
      &quot;attributes&quot;: {
        &quot;owner&quot;: &quot;DFA&quot;,
        &quot;stage&quot;: &quot;Completed&quot;,
        &quot;ea1&quot;: &quot;W50P55&quot;,
        &quot;ea2&quot;: &quot;Western Region&quot;
      }
    },
    {
      &quot;attributes&quot;: {
        &quot;owner&quot;: &quot;DFA&quot;,
        &quot;stage&quot;: &quot;Completed&quot;,
        &quot;ea1&quot;: &quot;W50P55&quot;,
        &quot;ea2&quot;: &quot;Western Region&quot;
      }
    },
    {
      &quot;attributes&quot;: {
        &quot;owner&quot;: &quot;DFA&quot;,
        &quot;stage&quot;: &quot;Completed&quot;,
        &quot;ea1&quot;: &quot;W50P55&quot;,
        &quot;ea2&quot;: &quot;Western Region&quot;
      }
    },
    {
      &quot;attributes&quot;: {
        &quot;owner&quot;: &quot;DFA&quot;,
        &quot;stage&quot;: &quot;Completed&quot;,
        &quot;ea1&quot;: &quot;W50P55&quot;,
        &quot;ea2&quot;: &quot;Western Region&quot;
      }
    },
    {
      &quot;attributes&quot;: {
        &quot;owner&quot;: &quot;DFA&quot;,
        &quot;stage&quot;: &quot;Completed&quot;,
        &quot;ea1&quot;: &quot;W50P55&quot;,
        &quot;ea2&quot;: &quot;Western Region&quot;
      }
    },
    {
      &quot;attributes&quot;: {
        &quot;owner&quot;: &quot;DFA&quot;,
        &quot;stage&quot;: &quot;Completed&quot;,
        &quot;ea1&quot;: &quot;W50P55&quot;,
        &quot;ea2&quot;: &quot;Western Region&quot;
      }
    },
    {
      &quot;attributes&quot;: {
        &quot;owner&quot;: &quot;DFA&quot;,
        &quot;stage&quot;: &quot;Completed&quot;,
        &quot;ea1&quot;: &quot;W50P55&quot;,
        &quot;ea2&quot;: &quot;Western Region&quot;
      }
    },
    {
      &quot;attributes&quot;: {
        &quot;owner&quot;: &quot;DFA&quot;,
        &quot;stage&quot;: &quot;Completed&quot;,
        &quot;ea1&quot;: &quot;W50P55&quot;,
        &quot;ea2&quot;: &quot;Western Region&quot;
      }
    },
    {
      &quot;attributes&quot;: {
        &quot;owner&quot;: &quot;DFA&quot;,
        &quot;stage&quot;: &quot;Completed&quot;,
        &quot;ea1&quot;: &quot;W50P55&quot;,
        &quot;ea2&quot;: &quot;Western Region&quot;
      }
    },
    {
      &quot;attributes&quot;: {
        &quot;owner&quot;: &quot;DFA&quot;,
        &quot;stage&quot;: &quot;Completed&quot;,
        &quot;ea1&quot;: &quot;W50P55&quot;,
        &quot;ea2&quot;: &quot;Western Region&quot;
      }
    },
    {
      &quot;attributes&quot;: {
        &quot;owner&quot;: &quot;DFA&quot;,
        &quot;stage&quot;: &quot;Completed&quot;,
        &quot;ea1&quot;: &quot;W50P55&quot;,
        &quot;ea2&quot;: &quot;Western Region&quot;
      }
    },
    {
      &quot;attributes&quot;: {
        &quot;owner&quot;: &quot;DFA&quot;,
        &quot;stage&quot;: &quot;Completed&quot;,
        &quot;ea1&quot;: &quot;W50P55&quot;,
        &quot;ea2&quot;: &quot;Western Region&quot;
      }
    },
    {
      &quot;attributes&quot;: {
        &quot;owner&quot;: &quot;DFA&quot;,
        &quot;stage&quot;: &quot;Completed&quot;,
        &quot;ea1&quot;: &quot;W50P55&quot;,
        &quot;ea2&quot;: &quot;Western Region&quot;
      }
    },
    {
      &quot;attributes&quot;: {
        &quot;owner&quot;: &quot;DFA&quot;,
        &quot;stage&quot;: &quot;Completed&quot;,
        &quot;ea1&quot;: &quot;W50P55&quot;,
        &quot;ea2&quot;: &quot;Western Region&quot;
      }
    },
    {
      &quot;attributes&quot;: {
        &quot;owner&quot;: &quot;DFA&quot;,
        &quot;stage&quot;: &quot;Completed&quot;,
        &quot;ea1&quot;: &quot;W50P55&quot;,
        &quot;ea2&quot;: &quot;Western Region&quot;
      }
    },
    {
      &quot;attributes&quot;: {
        &quot;owner&quot;: &quot;DFA&quot;,
        &quot;stage&quot;: &quot;Completed&quot;,
        &quot;ea1&quot;: &quot;W50P55&quot;,
        &quot;ea2&quot;: &quot;Western Region&quot;
      }
    },
    {
      &quot;attributes&quot;: {
        &quot;owner&quot;: &quot;DFA&quot;,
        &quot;stage&quot;: &quot;Completed&quot;,
        &quot;ea1&quot;: &quot;W50P55&quot;,
        &quot;ea2&quot;: &quot;Western Region&quot;
      }
    },
    {
      &quot;attributes&quot;: {
        &quot;owner&quot;: &quot;DFA&quot;,
        &quot;stage&quot;: &quot;Completed&quot;,
        &quot;ea1&quot;: &quot;W50P55&quot;,
        &quot;ea2&quot;: &quot;Western Region&quot;
      }
    },
    {
      &quot;attributes&quot;: {
        &quot;owner&quot;: &quot;DFA&quot;,
        &quot;stage&quot;: &quot;Completed&quot;,
        &quot;ea1&quot;: &quot;W50P55&quot;,
        &quot;ea2&quot;: &quot;Western Region&quot;
      }
    },
    {
      &quot;attributes&quot;: {
        &quot;owner&quot;: &quot;DFA&quot;,
        &quot;stage&quot;: &quot;Completed&quot;,
        &quot;ea1&quot;: &quot;W50P55&quot;,
        &quot;ea2&quot;: &quot;Western Region&quot;
      }
    },
    {
      &quot;attributes&quot;: {
        &quot;owner&quot;: &quot;DFA&quot;,
        &quot;stage&quot;: &quot;Completed&quot;,
        &quot;ea1&quot;: &quot;W50P55&quot;,
        &quot;ea2&quot;: &quot;Western Region&quot;
      }
    },
    {
      &quot;attributes&quot;: {
        &quot;owner&quot;: &quot;DFA&quot;,
        &quot;stage&quot;: &quot;Completed&quot;,
        &quot;ea1&quot;: &quot;W50P55&quot;,
        &quot;ea2&quot;: &quot;Western Region&quot;
      }
    },
    {
      &quot;attributes&quot;: {
        &quot;owner&quot;: &quot;DFA&quot;,
        &quot;stage&quot;: &quot;Completed&quot;,
        &quot;ea1&quot;: &quot;W50P55&quot;,
        &quot;ea2&quot;: &quot;Western Region&quot;
      }
    },
    {
      &quot;attributes&quot;: {
        &quot;owner&quot;: &quot;DFA&quot;,
        &quot;stage&quot;: &quot;Completed&quot;,
        &quot;ea1&quot;: &quot;W50P55&quot;,
        &quot;ea2&quot;: &quot;Western Region&quot;
      }
    },
    {
      &quot;attributes&quot;: {
        &quot;owner&quot;: &quot;DFA&quot;,
        &quot;stage&quot;: &quot;Completed&quot;,
        &quot;ea1&quot;: &quot;W50P55&quot;,
        &quot;ea2&quot;: &quot;Western Region&quot;
      }
    },
    {
      &quot;attributes&quot;: {
        &quot;owner&quot;: &quot;DFA&quot;,
        &quot;stage&quot;: &quot;Completed&quot;,
        &quot;ea1&quot;: &quot;W50P55&quot;,
        &quot;ea2&quot;: &quot;Western Region&quot;
      }
    },
    {
      &quot;attributes&quot;: {
        &quot;owner&quot;: &quot;DFA&quot;,
        &quot;stage&quot;: &quot;Completed&quot;,
        &quot;ea1&quot;: &quot;W50P55&quot;,
        &quot;ea2&quot;: &quot;Western Region&quot;
      }
    },
    {
      &quot;attributes&quot;: {
        &quot;owner&quot;: &quot;DFA&quot;,
        &quot;stage&quot;: &quot;Completed&quot;,
        &quot;ea1&quot;: &quot;W50P55&quot;,
        &quot;ea2&quot;: &quot;Western Region&quot;
      }
    },
    {
      &quot;attributes&quot;: {
        &quot;owner&quot;: &quot;DFA&quot;,
        &quot;stage&quot;: &quot;Completed&quot;,
        &quot;ea1&quot;: &quot;W50P55&quot;,
        &quot;ea2&quot;: &quot;Western Region&quot;
      }
    },
    {
      &quot;attributes&quot;: {
        &quot;owner&quot;: &quot;DFA&quot;,
        &quot;stage&quot;: &quot;Completed&quot;,
        &quot;ea1&quot;: &quot;W50P55&quot;,
        &quot;ea2&quot;: &quot;Western Region&quot;
      }
    },
    {
      &quot;attributes&quot;: {
        &quot;owner&quot;: &quot;DFA&quot;,
        &quot;stage&quot;: &quot;Completed&quot;,
        &quot;ea1&quot;: &quot;W50P55&quot;,
        &quot;ea2&quot;: &quot;Western Region&quot;
      }
    },
    {
      &quot;attributes&quot;: {
        &quot;owner&quot;: &quot;DFA&quot;,
        &quot;stage&quot;: &quot;Completed&quot;,
        &quot;ea1&quot;: &quot;W50P55&quot;,
        &quot;ea2&quot;: &quot;Western Region&quot;
      }
    },
    {
      &quot;attributes&quot;: {
        &quot;owner&quot;: &quot;DFA&quot;,
        &quot;stage&quot;: &quot;Completed&quot;,
        &quot;ea1&quot;: &quot;W50P55&quot;,
        &quot;ea2&quot;: &quot;Western Region&quot;
      }
    },
    {
      &quot;attributes&quot;: {
        &quot;owner&quot;: &quot;DFA&quot;,
        &quot;stage&quot;: &quot;Completed&quot;,
        &quot;ea1&quot;: &quot;W50P55&quot;,
        &quot;ea2&quot;: &quot;Western Region&quot;
      }
    },
    {
      &quot;attributes&quot;: {
        &quot;owner&quot;: &quot;DFA&quot;,
        &quot;stage&quot;: &quot;Completed&quot;,
        &quot;ea1&quot;: &quot;W50P55&quot;,
        &quot;ea2&quot;: &quot;Western Region&quot;
      }
    },
    {
      &quot;attributes&quot;: {
        &quot;owner&quot;: &quot;DFA&quot;,
        &quot;stage&quot;: &quot;Completed&quot;,
        &quot;ea1&quot;: &quot;W50P55&quot;,
        &quot;ea2&quot;: &quot;Western Region&quot;
      }
    },
    {
      &quot;attributes&quot;: {
        &quot;owner&quot;: &quot;DFA&quot;,
        &quot;stage&quot;: &quot;Completed&quot;,
        &quot;ea1&quot;: &quot;W50P55&quot;,
        &quot;ea2&quot;: &quot;Western Region&quot;
      }
    },
    {
      &quot;attributes&quot;: {
        &quot;owner&quot;: &quot;DFA&quot;,
        &quot;stage&quot;: &quot;Completed&quot;,
        &quot;ea1&quot;: &quot;W50P55&quot;,
        &quot;ea2&quot;: &quot;Western Region&quot;
      }
    },
    {
      &quot;attributes&quot;: {
        &quot;owner&quot;: &quot;DFA&quot;,
        &quot;stage&quot;: &quot;Completed&quot;,
        &quot;ea1&quot;: &quot;W50P55&quot;,
        &quot;ea2&quot;: &quot;Western Region&quot;
      }
    },
    {
      &quot;attributes&quot;: {
        &quot;owner&quot;: &quot;DFA&quot;,
        &quot;stage&quot;: &quot;Completed&quot;,
        &quot;ea1&quot;: &quot;W50P55&quot;,
        &quot;ea2&quot;: &quot;Western Region&quot;
      }
    },
    {
      &quot;attributes&quot;: {
        &quot;owner&quot;: &quot;DFA&quot;,
        &quot;stage&quot;: &quot;Completed&quot;,
        &quot;ea1&quot;: &quot;W50P55&quot;,
        &quot;ea2&quot;: &quot;Western Region&quot;
      }
    },
    {
      &quot;attributes&quot;: {
        &quot;owner&quot;: &quot;DFA&quot;,
        &quot;stage&quot;: &quot;Completed&quot;,
        &quot;ea1&quot;: &quot;W50P55&quot;,
        &quot;ea2&quot;: &quot;Western Region&quot;
      }
    },
    {
      &quot;attributes&quot;: {
        &quot;owner&quot;: &quot;DFA&quot;,
        &quot;stage&quot;: &quot;Completed&quot;,
        &quot;ea1&quot;: &quot;W50P55&quot;,
        &quot;ea2&quot;: &quot;Western Region&quot;
      }
    },
    {
      &quot;attributes&quot;: {
        &quot;owner&quot;: &quot;DFA&quot;,
        &quot;stage&quot;: &quot;Completed&quot;,
        &quot;ea1&quot;: &quot;W50P55&quot;,
        &quot;ea2&quot;: &quot;Western Region&quot;
      }
    },
    {
      &quot;attributes&quot;: {
        &quot;owner&quot;: &quot;DFA&quot;,
        &quot;stage&quot;: &quot;Completed&quot;,
        &quot;ea1&quot;: &quot;W50P55&quot;,
        &quot;ea2&quot;: &quot;Western Region&quot;
      }
    },
    {
      &quot;attributes&quot;: {
        &quot;owner&quot;: &quot;DFA&quot;,
        &quot;stage&quot;: &quot;Completed&quot;,
        &quot;ea1&quot;: &quot;W50P55&quot;,
        &quot;ea2&quot;: &quot;Western Region&quot;
      }
    },
    {
      &quot;attributes&quot;: {
        &quot;owner&quot;: &quot;DFA&quot;,
        &quot;stage&quot;: &quot;Completed&quot;,
        &quot;ea1&quot;: &quot;W50P55&quot;,
        &quot;ea2&quot;: &quot;Western Region&quot;
      }
    },
    {
      &quot;attributes&quot;: {
        &quot;owner&quot;: &quot;DFA&quot;,
        &quot;stage&quot;: &quot;Completed&quot;,
        &quot;ea1&quot;: &quot;W50P55&quot;,
        &quot;ea2&quot;: &quot;Western Region&quot;
      }
    },
    {
      &quot;attributes&quot;: {
        &quot;owner&quot;: &quot;DFA&quot;,
        &quot;stage&quot;: &quot;Completed&quot;,
        &quot;ea1&quot;: &quot;W50P55&quot;,
        &quot;ea2&quot;: &quot;Western Region&quot;
      }
    },
    {
      &quot;attributes&quot;: {
        &quot;owner&quot;: &quot;DFA&quot;,
        &quot;stage&quot;: &quot;Completed&quot;,
        &quot;ea1&quot;: &quot;W50P55&quot;,
        &quot;ea2&quot;: &quot;Western Region&quot;
      }
    },
    {
      &quot;attributes&quot;: {
        &quot;owner&quot;: &quot;DFA&quot;,
        &quot;stage&quot;: &quot;Completed&quot;,
        &quot;ea1&quot;: &quot;W50P55&quot;,
        &quot;ea2&quot;: &quot;Western Region&quot;
      }
    },
    {
      &quot;attributes&quot;: {
        &quot;owner&quot;: &quot;DFA&quot;,
        &quot;stage&quot;: &quot;Construction&quot;,
        &quot;ea1&quot;: &quot;AS70123WH364200&quot;,
        &quot;ea2&quot;: &quot;Western Region&quot;
      }
    },
    {
      &quot;attributes&quot;: {
        &quot;owner&quot;: &quot;DFA&quot;,
        &quot;stage&quot;: &quot;Completed&quot;,
        &quot;ea1&quot;: &quot;AS00118WH282167&quot;,
        &quot;ea2&quot;: &quot;None&quot;
      }
    },
    {
      &quot;attributes&quot;: {
        &quot;owner&quot;: &quot;DFA&quot;,
        &quot;stage&quot;: &quot;Completed&quot;,
        &quot;ea1&quot;: &quot;K50P75&quot;,
        &quot;ea2&quot;: &quot;Kwa-Zulu Natal&quot;
      }
    },
    {
      &quot;attributes&quot;: {
        &quot;owner&quot;: &quot;DFA&quot;,
        &quot;stage&quot;: &quot;Completed&quot;,
        &quot;ea1&quot;: &quot;K50P75&quot;,
        &quot;ea2&quot;: &quot;Kwa-Zulu Natal&quot;
      }
    },
    {
      &quot;attributes&quot;: {
        &quot;owner&quot;: &quot;DFA&quot;,
        &quot;stage&quot;: &quot;Completed&quot;,
        &quot;ea1&quot;: &quot; &quot;,
        &quot;ea2&quot;: &quot;Kwa-Zulu Natal&quot;
      }
    },
    {
      &quot;attributes&quot;: {
        &quot;owner&quot;: &quot;DFA&quot;,
        &quot;stage&quot;: &quot;Completed&quot;,
        &quot;ea1&quot;: &quot;AS01092BH021465&quot;,
        &quot;ea2&quot;: &quot;Northern Region&quot;
      }
    },
    {
      &quot;attributes&quot;: {
        &quot;owner&quot;: &quot;DFA&quot;,
        &quot;stage&quot;: &quot;Completed&quot;,
        &quot;ea1&quot;: &quot;K50P75&quot;,
        &quot;ea2&quot;: &quot;Kwa-Zulu Natal&quot;
      }
    },
    {
      &quot;attributes&quot;: {
        &quot;owner&quot;: &quot;DFA&quot;,
        &quot;stage&quot;: &quot;Completed&quot;,
        &quot;ea1&quot;: &quot;K50P75&quot;,
        &quot;ea2&quot;: &quot;Kwa-Zulu Natal&quot;
      }
    },
    {
      &quot;attributes&quot;: {
        &quot;owner&quot;: &quot;DFA&quot;,
        &quot;stage&quot;: &quot;Completed&quot;,
        &quot;ea1&quot;: &quot;K50P75&quot;,
        &quot;ea2&quot;: &quot;Kwa-Zulu Natal&quot;
      }
    },
    {
      &quot;attributes&quot;: {
        &quot;owner&quot;: &quot;DFA&quot;,
        &quot;stage&quot;: &quot;Completed&quot;,
        &quot;ea1&quot;: &quot;K50P84&quot;,
        &quot;ea2&quot;: &quot;Kwa-Zulu Natal&quot;
      }
    },
    {
      &quot;attributes&quot;: {
        &quot;owner&quot;: &quot;DFA&quot;,
        &quot;stage&quot;: &quot;Completed&quot;,
        &quot;ea1&quot;: &quot;K50P75&quot;,
        &quot;ea2&quot;: &quot;Kwa-Zulu Natal&quot;
      }
    },
    {
      &quot;attributes&quot;: {
        &quot;owner&quot;: &quot;DFA&quot;,
        &quot;stage&quot;: &quot;Completed&quot;,
        &quot;ea1&quot;: &quot;K01P06&quot;,
        &quot;ea2&quot;: &quot;Kwa-Zulu Natal&quot;
      }
    },
    {
      &quot;attributes&quot;: {
        &quot;owner&quot;: &quot;DFA&quot;,
        &quot;stage&quot;: &quot;Completed&quot;,
        &quot;ea1&quot;: &quot;K50P84&quot;,
        &quot;ea2&quot;: &quot;Kwa-Zulu Natal&quot;
      }
    },
    {
      &quot;attributes&quot;: {
        &quot;owner&quot;: &quot;DFA&quot;,
        &quot;stage&quot;: &quot;Completed&quot;,
        &quot;ea1&quot;: &quot;K50P84&quot;,
        &quot;ea2&quot;: &quot;Kwa-Zulu Natal&quot;
      }
    },
    {
      &quot;attributes&quot;: {
        &quot;owner&quot;: &quot;DFA&quot;,
        &quot;stage&quot;: &quot;Completed&quot;,
        &quot;ea1&quot;: &quot;K50P75&quot;,
        &quot;ea2&quot;: &quot;Kwa-Zulu Natal&quot;
      }
    },
    {
      &quot;attributes&quot;: {
        &quot;owner&quot;: &quot;DFA&quot;,
        &quot;stage&quot;: &quot;Completed&quot;,
        &quot;ea1&quot;: &quot;K50P75&quot;,
        &quot;ea2&quot;: &quot;Kwa-Zulu Natal&quot;
      }
    },
    {
      &quot;attributes&quot;: {
        &quot;owner&quot;: &quot;DFA&quot;,
        &quot;stage&quot;: &quot;Completed&quot;,
        &quot;ea1&quot;: &quot;K50P75&quot;,
        &quot;ea2&quot;: &quot;Kwa-Zulu Natal&quot;
      }
    },
    {
      &quot;attributes&quot;: {
        &quot;owner&quot;: &quot;DFA&quot;,
        &quot;stage&quot;: &quot;Completed&quot;,
        &quot;ea1&quot;: &quot;K50P75&quot;,
        &quot;ea2&quot;: &quot;Kwa-Zulu Natal&quot;
      }
    },
    {
      &quot;attributes&quot;: {
        &quot;owner&quot;: &quot;DFA&quot;,
        &quot;stage&quot;: &quot;Completed&quot;,
        &quot;ea1&quot;: &quot;K50P75&quot;,
        &quot;ea2&quot;: &quot;Kwa-Zulu Natal&quot;
      }
    },
    {
      &quot;attributes&quot;: {
        &quot;owner&quot;: &quot;DFA&quot;,
        &quot;stage&quot;: &quot;Completed&quot;,
        &quot;ea1&quot;: &quot;K50P75&quot;,
        &quot;ea2&quot;: &quot;Kwa-Zulu Natal&quot;
      }
    },
    {
      &quot;attributes&quot;: {
        &quot;owner&quot;: &quot;DFA&quot;,
        &quot;stage&quot;: &quot;Completed&quot;,
        &quot;ea1&quot;: &quot;K50P75&quot;,
        &quot;ea2&quot;: &quot;Kwa-Zulu Natal&quot;
      }
    },
    {
      &quot;attributes&quot;: {
        &quot;owner&quot;: &quot;DFA&quot;,
        &quot;stage&quot;: &quot;Construction&quot;,
        &quot;ea1&quot;: &quot;none&quot;,
        &quot;ea2&quot;: &quot;None&quot;
      }
    },
    {
      &quot;attributes&quot;: {
        &quot;owner&quot;: &quot;DFA&quot;,
        &quot;stage&quot;: &quot;Completed&quot;,
        &quot;ea1&quot;: &quot;K50P75&quot;,
        &quot;ea2&quot;: &quot;Kwa-Zulu Natal&quot;
      }
    },
    {
      &quot;attributes&quot;: {
        &quot;owner&quot;: &quot;DFA&quot;,
        &quot;stage&quot;: &quot;Completed&quot;,
        &quot;ea1&quot;: &quot;K50P75&quot;,
        &quot;ea2&quot;: &quot;Kwa-Zulu Natal&quot;
      }
    },
    {
      &quot;attributes&quot;: {
        &quot;owner&quot;: &quot;DFA&quot;,
        &quot;stage&quot;: &quot;Completed&quot;,
        &quot;ea1&quot;: &quot;K50P75&quot;,
        &quot;ea2&quot;: &quot;Kwa-Zulu Natal&quot;
      }
    },
    {
      &quot;attributes&quot;: {
        &quot;owner&quot;: &quot;DFA&quot;,
        &quot;stage&quot;: &quot;Completed&quot;,
        &quot;ea1&quot;: &quot;K50P75&quot;,
        &quot;ea2&quot;: &quot;Kwa-Zulu Natal&quot;
      }
    },
    {
      &quot;attributes&quot;: {
        &quot;owner&quot;: &quot;DFA&quot;,
        &quot;stage&quot;: &quot;Completed&quot;,
        &quot;ea1&quot;: &quot;K50P75&quot;,
        &quot;ea2&quot;: &quot;Kwa-Zulu Natal&quot;
      }
    },
    {
      &quot;attributes&quot;: {
        &quot;owner&quot;: &quot;DFA&quot;,
        &quot;stage&quot;: &quot;Completed&quot;,
        &quot;ea1&quot;: &quot;K50P75&quot;,
        &quot;ea2&quot;: &quot;Kwa-Zulu Natal&quot;
      }
    },
    {
      &quot;attributes&quot;: {
        &quot;owner&quot;: &quot;DFA&quot;,
        &quot;stage&quot;: &quot;Completed&quot;,
        &quot;ea1&quot;: &quot;K50P75&quot;,
        &quot;ea2&quot;: &quot;Kwa-Zulu Natal&quot;
      }
    },
    {
      &quot;attributes&quot;: {
        &quot;owner&quot;: &quot;DFA&quot;,
        &quot;stage&quot;: &quot;Completed&quot;,
        &quot;ea1&quot;: &quot;AS05390BH005002&quot;,
        &quot;ea2&quot;: &quot;Northern Region&quot;
      }
    },
    {
      &quot;attributes&quot;: {
        &quot;owner&quot;: &quot;DFA&quot;,
        &quot;stage&quot;: &quot;Construction&quot;,
        &quot;ea1&quot;: &quot;none&quot;,
        &quot;ea2&quot;: &quot;None&quot;
      }
    },
    {
      &quot;attributes&quot;: {
        &quot;owner&quot;: &quot;DFA&quot;,
        &quot;stage&quot;: &quot;Completed&quot;,
        &quot;ea1&quot;: &quot;W50P12&quot;,
        &quot;ea2&quot;: &quot;Western Region&quot;
      }
    },
    {
      &quot;attributes&quot;: {
        &quot;owner&quot;: &quot;DFA&quot;,
        &quot;stage&quot;: &quot;Completed&quot;,
        &quot;ea1&quot;: &quot;W50P12&quot;,
        &quot;ea2&quot;: &quot;Western Region&quot;
      }
    },
    {
      &quot;attributes&quot;: {
        &quot;owner&quot;: &quot;DFA&quot;,
        &quot;stage&quot;: &quot;Completed&quot;,
        &quot;ea1&quot;: &quot;W50P12&quot;,
        &quot;ea2&quot;: &quot;Western Region&quot;
      }
    },
    {
      &quot;attributes&quot;: {
        &quot;owner&quot;: &quot;DFA&quot;,
        &quot;stage&quot;: &quot;Completed&quot;,
        &quot;ea1&quot;: &quot;W50P12&quot;,
        &quot;ea2&quot;: &quot;Western Region&quot;
      }
    },
    {
      &quot;attributes&quot;: {
        &quot;owner&quot;: &quot;DFA&quot;,
        &quot;stage&quot;: &quot;Completed&quot;,
        &quot;ea1&quot;: &quot;W50P12&quot;,
        &quot;ea2&quot;: &quot;Western Region&quot;
      }
    },
    {
      &quot;attributes&quot;: {
        &quot;owner&quot;: &quot;DFA&quot;,
        &quot;stage&quot;: &quot;Completed&quot;,
        &quot;ea1&quot;: &quot;W50P12&quot;,
        &quot;ea2&quot;: &quot;Western Region&quot;
      }
    },
    {
      &quot;attributes&quot;: {
        &quot;owner&quot;: &quot;DFA&quot;,
        &quot;stage&quot;: &quot;Completed&quot;,
        &quot;ea1&quot;: &quot;K50P75&quot;,
        &quot;ea2&quot;: &quot;Kwa-Zulu Natal&quot;
      }
    },
    {
      &quot;attributes&quot;: {
        &quot;owner&quot;: &quot;DFA&quot;,
        &quot;stage&quot;: &quot;Completed&quot;,
        &quot;ea1&quot;: &quot;W50P12&quot;,
        &quot;ea2&quot;: &quot;Western Region&quot;
      }
    },
    {
      &quot;attributes&quot;: {
        &quot;owner&quot;: &quot;DFA&quot;,
        &quot;stage&quot;: &quot;Completed&quot;,
        &quot;ea1&quot;: &quot;W50P12&quot;,
        &quot;ea2&quot;: &quot;Western Region&quot;
      }
    },
    {
      &quot;attributes&quot;: {
        &quot;owner&quot;: &quot;DFA&quot;,
        &quot;stage&quot;: &quot;Completed&quot;,
        &quot;ea1&quot;: &quot;W50P12&quot;,
        &quot;ea2&quot;: &quot;Western Region&quot;
      }
    },
    {
      &quot;attributes&quot;: {
        &quot;owner&quot;: &quot;DFA&quot;,
        &quot;stage&quot;: &quot;Completed&quot;,
        &quot;ea1&quot;: &quot;W50P12&quot;,
        &quot;ea2&quot;: &quot;Western Region&quot;
      }
    }
  ],
  &quot;exceededTransferLimit&quot;: true
}

Response body doesn&#039;t match expectation.
Expected: a string containing &quot;Conduct&quot;
  Actual: {
  &quot;displayFieldName&quot;: &quot;name&quot;,
  &quot;fieldAliases&quot;: {
    &quot;owner&quot;: &quot;owner&quot;,
    &quot;stage&quot;: &quot;stage&quot;,
    &quot;ea1&quot;: &quot;Route Name&quot;,
    &quot;ea2&quot;: &quot;DFA Region&quot;
  },
  &quot;fields&quot;: [
    {
      &quot;name&quot;: &quot;owner&quot;,
      &quot;type&quot;: &quot;esriFieldTypeString&quot;,
      &quot;alias&quot;: &quot;owner&quot;,
      &quot;length&quot;: 50
    },
    {
      &quot;name&quot;: &quot;stage&quot;,
      &quot;type&quot;: &quot;esriFieldTypeString&quot;,
      &quot;alias&quot;: &quot;stage&quot;,
      &quot;length&quot;: 30
    },
    {
      &quot;name&quot;: &quot;ea1&quot;,
      &quot;type&quot;: &quot;esriFieldTypeString&quot;,
      &quot;alias&quot;: &quot;Route Name&quot;,
      &quot;length&quot;: 100
    },
    {
      &quot;name&quot;: &quot;ea2&quot;,
      &quot;type&quot;: &quot;esriFieldTypeString&quot;,
      &quot;alias&quot;: &quot;DFA Region&quot;,
      &quot;length&quot;: 100
    }
  ],
  &quot;features&quot;: [
    {
      &quot;attributes&quot;: {
        &quot;owner&quot;: &quot;DFA&quot;,
        &quot;stage&quot;: &quot;Completed&quot;,
        &quot;ea1&quot;: &quot;G02P03&quot;,
        &quot;ea2&quot;: &quot;Gauteng South&quot;
      }
    },
    {
      &quot;attributes&quot;: {
        &quot;owner&quot;: &quot;DFA&quot;,
        &quot;stage&quot;: &quot;Completed&quot;,
        &quot;ea1&quot;: &quot;K30P12&quot;,
        &quot;ea2&quot;: &quot;Kwa-Zulu Natal&quot;
      }
    },
    {
      &quot;attributes&quot;: {
        &quot;owner&quot;: &quot;DFA&quot;,
        &quot;stage&quot;: &quot;Completed&quot;,
        &quot;ea1&quot;: &quot;K30P12&quot;,
        &quot;ea2&quot;: &quot;Kwa-Zulu Natal&quot;
      }
    },
    {
      &quot;attributes&quot;: {
        &quot;owner&quot;: &quot;DFA&quot;,
        &quot;stage&quot;: &quot;Completed&quot;,
        &quot;ea1&quot;: &quot;K30P12&quot;,
        &quot;ea2&quot;: &quot;Kwa-Zulu Natal&quot;
      }
    },
    {
      &quot;attributes&quot;: {
        &quot;owner&quot;: &quot;DFA&quot;,
        &quot;stage&quot;: &quot;Completed&quot;,
        &quot;ea1&quot;: &quot;K30P12&quot;,
        &quot;ea2&quot;: &quot;Kwa-Zulu Natal&quot;
      }
    },
    {
      &quot;attributes&quot;: {
        &quot;owner&quot;: &quot;DFA&quot;,
        &quot;stage&quot;: &quot;Completed&quot;,
        &quot;ea1&quot;: &quot;K30P12&quot;,
        &quot;ea2&quot;: &quot;Kwa-Zulu Natal&quot;
      }
    },
    {
      &quot;attributes&quot;: {
        &quot;owner&quot;: &quot;DFA&quot;,
        &quot;stage&quot;: &quot;Completed&quot;,
        &quot;ea1&quot;: &quot;K30P12&quot;,
        &quot;ea2&quot;: &quot;Kwa-Zulu Natal&quot;
      }
    },
    {
      &quot;attributes&quot;: {
        &quot;owner&quot;: &quot;DFA&quot;,
        &quot;stage&quot;: &quot;Completed&quot;,
        &quot;ea1&quot;: &quot;K30P12&quot;,
        &quot;ea2&quot;: &quot;Kwa-Zulu Natal&quot;
      }
    },
    {
      &quot;attributes&quot;: {
        &quot;owner&quot;: &quot;DFA&quot;,
        &quot;stage&quot;: &quot;Completed&quot;,
        &quot;ea1&quot;: &quot;K30P12&quot;,
        &quot;ea2&quot;: &quot;Kwa-Zulu Natal&quot;
      }
    },
    {
      &quot;attributes&quot;: {
        &quot;owner&quot;: &quot;DFA&quot;,
        &quot;stage&quot;: &quot;Completed&quot;,
        &quot;ea1&quot;: &quot;K30P12&quot;,
        &quot;ea2&quot;: &quot;Kwa-Zulu Natal&quot;
      }
    },
    {
      &quot;attributes&quot;: {
        &quot;owner&quot;: &quot;DFA&quot;,
        &quot;stage&quot;: &quot;Completed&quot;,
        &quot;ea1&quot;: &quot;K30P12&quot;,
        &quot;ea2&quot;: &quot;Kwa-Zulu Natal&quot;
      }
    },
    {
      &quot;attributes&quot;: {
        &quot;owner&quot;: &quot;DFA&quot;,
        &quot;stage&quot;: &quot;Completed&quot;,
        &quot;ea1&quot;: &quot;K30P14&quot;,
        &quot;ea2&quot;: &quot;Kwa-Zulu Natal&quot;
      }
    },
    {
      &quot;attributes&quot;: {
        &quot;owner&quot;: &quot;DFA&quot;,
        &quot;stage&quot;: &quot;Completed&quot;,
        &quot;ea1&quot;: &quot;K50P53&quot;,
        &quot;ea2&quot;: &quot;Kwa-Zulu Natal&quot;
      }
    },
    {
      &quot;attributes&quot;: {
        &quot;owner&quot;: &quot;DFA&quot;,
        &quot;stage&quot;: &quot;Completed&quot;,
        &quot;ea1&quot;: &quot;K50P53&quot;,
        &quot;ea2&quot;: &quot;Kwa-Zulu Natal&quot;
      }
    },
    {
      &quot;attributes&quot;: {
        &quot;owner&quot;: &quot;DFA&quot;,
        &quot;stage&quot;: &quot;Completed&quot;,
        &quot;ea1&quot;: &quot;K50P53&quot;,
        &quot;ea2&quot;: &quot;Kwa-Zulu Natal&quot;
      }
    },
    {
      &quot;attributes&quot;: {
        &quot;owner&quot;: &quot;DFA&quot;,
        &quot;stage&quot;: &quot;Completed&quot;,
        &quot;ea1&quot;: &quot;K50P53&quot;,
        &quot;ea2&quot;: &quot;Kwa-Zulu Natal&quot;
      }
    },
    {
      &quot;attributes&quot;: {
        &quot;owner&quot;: &quot;DFA&quot;,
        &quot;stage&quot;: &quot;Completed&quot;,
        &quot;ea1&quot;: &quot;K50P53&quot;,
        &quot;ea2&quot;: &quot;Kwa-Zulu Natal&quot;
      }
    },
    {
      &quot;attributes&quot;: {
        &quot;owner&quot;: &quot;DFA&quot;,
        &quot;stage&quot;: &quot;Completed&quot;,
        &quot;ea1&quot;: &quot;K50P53&quot;,
        &quot;ea2&quot;: &quot;Kwa-Zulu Natal&quot;
      }
    },
    {
      &quot;attributes&quot;: {
        &quot;owner&quot;: &quot;DFA&quot;,
        &quot;stage&quot;: &quot;Completed&quot;,
        &quot;ea1&quot;: &quot;K50P53&quot;,
        &quot;ea2&quot;: &quot;Kwa-Zulu Natal&quot;
      }
    },
    {
      &quot;attributes&quot;: {
        &quot;owner&quot;: &quot;DFA&quot;,
        &quot;stage&quot;: &quot;Completed&quot;,
        &quot;ea1&quot;: &quot;K50P53&quot;,
        &quot;ea2&quot;: &quot;Kwa-Zulu Natal&quot;
      }
    },
    {
      &quot;attributes&quot;: {
        &quot;owner&quot;: &quot;DFA&quot;,
        &quot;stage&quot;: &quot;Completed&quot;,
        &quot;ea1&quot;: &quot;K50P53&quot;,
        &quot;ea2&quot;: &quot;Kwa-Zulu Natal&quot;
      }
    },
    {
      &quot;attributes&quot;: {
        &quot;owner&quot;: &quot;DFA&quot;,
        &quot;stage&quot;: &quot;Completed&quot;,
        &quot;ea1&quot;: &quot;K50P53&quot;,
        &quot;ea2&quot;: &quot;Kwa-Zulu Natal&quot;
      }
    },
    {
      &quot;attributes&quot;: {
        &quot;owner&quot;: &quot;DFA&quot;,
        &quot;stage&quot;: &quot;Completed&quot;,
        &quot;ea1&quot;: &quot;K50P53&quot;,
        &quot;ea2&quot;: &quot;Kwa-Zulu Natal&quot;
      }
    },
    {
      &quot;attributes&quot;: {
        &quot;owner&quot;: &quot;DFA&quot;,
        &quot;stage&quot;: &quot;Completed&quot;,
        &quot;ea1&quot;: &quot;K50P53&quot;,
        &quot;ea2&quot;: &quot;Kwa-Zulu Natal&quot;
      }
    },
    {
      &quot;attributes&quot;: {
        &quot;owner&quot;: &quot;DFA&quot;,
        &quot;stage&quot;: &quot;Completed&quot;,
        &quot;ea1&quot;: &quot;K50P45&quot;,
        &quot;ea2&quot;: &quot;Kwa-Zulu Natal&quot;
      }
    },
    {
      &quot;attributes&quot;: {
        &quot;owner&quot;: &quot;DFA&quot;,
        &quot;stage&quot;: &quot;Completed&quot;,
        &quot;ea1&quot;: &quot;K50P45&quot;,
        &quot;ea2&quot;: &quot;Kwa-Zulu Natal&quot;
      }
    },
    {
      &quot;attributes&quot;: {
        &quot;owner&quot;: &quot;DFA&quot;,
        &quot;stage&quot;: &quot;Completed&quot;,
        &quot;ea1&quot;: &quot;K50P45&quot;,
        &quot;ea2&quot;: &quot;Kwa-Zulu Natal&quot;
      }
    },
    {
      &quot;attributes&quot;: {
        &quot;owner&quot;: &quot;DFA&quot;,
        &quot;stage&quot;: &quot;Completed&quot;,
        &quot;ea1&quot;: &quot;K50P45&quot;,
        &quot;ea2&quot;: &quot;Kwa-Zulu Natal&quot;
      }
    },
    {
      &quot;attributes&quot;: {
        &quot;owner&quot;: &quot;DFA&quot;,
        &quot;stage&quot;: &quot;Completed&quot;,
        &quot;ea1&quot;: &quot;K50P45&quot;,
        &quot;ea2&quot;: &quot;Kwa-Zulu Natal&quot;
      }
    },
    {
      &quot;attributes&quot;: {
        &quot;owner&quot;: &quot;DFA&quot;,
        &quot;stage&quot;: &quot;Completed&quot;,
        &quot;ea1&quot;: &quot;K50P45&quot;,
        &quot;ea2&quot;: &quot;Kwa-Zulu Natal&quot;
      }
    },
    {
      &quot;attributes&quot;: {
        &quot;owner&quot;: &quot;DFA&quot;,
        &quot;stage&quot;: &quot;Completed&quot;,
        &quot;ea1&quot;: &quot;K01P05&quot;,
        &quot;ea2&quot;: &quot;Kwa-Zulu Natal&quot;
      }
    },
    {
      &quot;attributes&quot;: {
        &quot;owner&quot;: &quot;DFA&quot;,
        &quot;stage&quot;: &quot;Completed&quot;,
        &quot;ea1&quot;: &quot;K50P09&quot;,
        &quot;ea2&quot;: &quot;Kwa-Zulu Natal&quot;
      }
    },
    {
      &quot;attributes&quot;: {
        &quot;owner&quot;: &quot;DFA&quot;,
        &quot;stage&quot;: &quot;Completed&quot;,
        &quot;ea1&quot;: &quot;K50P09&quot;,
        &quot;ea2&quot;: &quot;Kwa-Zulu Natal&quot;
      }
    },
    {
      &quot;attributes&quot;: {
        &quot;owner&quot;: &quot;DFA&quot;,
        &quot;stage&quot;: &quot;Completed&quot;,
        &quot;ea1&quot;: &quot;K50P09&quot;,
        &quot;ea2&quot;: &quot;Kwa-Zulu Natal&quot;
      }
    },
    {
      &quot;attributes&quot;: {
        &quot;owner&quot;: &quot;DFA&quot;,
        &quot;stage&quot;: &quot;Completed&quot;,
        &quot;ea1&quot;: &quot;K50P09&quot;,
        &quot;ea2&quot;: &quot;Kwa-Zulu Natal&quot;
      }
    },
    {
      &quot;attributes&quot;: {
        &quot;owner&quot;: &quot;DFA&quot;,
        &quot;stage&quot;: &quot;Completed&quot;,
        &quot;ea1&quot;: &quot;K50P09&quot;,
        &quot;ea2&quot;: &quot;Kwa-Zulu Natal&quot;
      }
    },
    {
      &quot;attributes&quot;: {
        &quot;owner&quot;: &quot;DFA&quot;,
        &quot;stage&quot;: &quot;Completed&quot;,
        &quot;ea1&quot;: &quot;K50P09&quot;,
        &quot;ea2&quot;: &quot;Kwa-Zulu Natal&quot;
      }
    },
    {
      &quot;attributes&quot;: {
        &quot;owner&quot;: &quot;DFA&quot;,
        &quot;stage&quot;: &quot;Completed&quot;,
        &quot;ea1&quot;: &quot;K50P09&quot;,
        &quot;ea2&quot;: &quot;Kwa-Zulu Natal&quot;
      }
    },
    {
      &quot;attributes&quot;: {
        &quot;owner&quot;: &quot;DFA&quot;,
        &quot;stage&quot;: &quot;Completed&quot;,
        &quot;ea1&quot;: &quot;K50P09&quot;,
        &quot;ea2&quot;: &quot;Kwa-Zulu Natal&quot;
      }
    },
    {
      &quot;attributes&quot;: {
        &quot;owner&quot;: &quot;DFA&quot;,
        &quot;stage&quot;: &quot;Completed&quot;,
        &quot;ea1&quot;: &quot;K50P09&quot;,
        &quot;ea2&quot;: &quot;Kwa-Zulu Natal&quot;
      }
    },
    {
      &quot;attributes&quot;: {
        &quot;owner&quot;: &quot;DFA&quot;,
        &quot;stage&quot;: &quot;Completed&quot;,
        &quot;ea1&quot;: &quot;K50P09&quot;,
        &quot;ea2&quot;: &quot;Kwa-Zulu Natal&quot;
      }
    },
    {
      &quot;attributes&quot;: {
        &quot;owner&quot;: &quot;DFA&quot;,
        &quot;stage&quot;: &quot;Completed&quot;,
        &quot;ea1&quot;: &quot;AS0051CH023310&quot;,
        &quot;ea2&quot;: &quot;Western Region&quot;
      }
    },
    {
      &quot;attributes&quot;: {
        &quot;owner&quot;: &quot;DFA&quot;,
        &quot;stage&quot;: &quot;Completed&quot;,
        &quot;ea1&quot;: &quot;K30P11&quot;,
        &quot;ea2&quot;: &quot;Kwa-Zulu Natal&quot;
      }
    },
    {
      &quot;attributes&quot;: {
        &quot;owner&quot;: &quot;DFA&quot;,
        &quot;stage&quot;: &quot;Completed&quot;,
        &quot;ea1&quot;: &quot;K50P31&quot;,
        &quot;ea2&quot;: &quot;Kwa-Zulu Natal&quot;
      }
    },
    {
      &quot;attributes&quot;: {
        &quot;owner&quot;: &quot;DFA&quot;,
        &quot;stage&quot;: &quot;Completed&quot;,
        &quot;ea1&quot;: &quot;K50P31&quot;,
        &quot;ea2&quot;: &quot;Kwa-Zulu Natal&quot;
      }
    },
    {
      &quot;attributes&quot;: {
        &quot;owner&quot;: &quot;DFA&quot;,
        &quot;stage&quot;: &quot;Completed&quot;,
        &quot;ea1&quot;: &quot;K50P31&quot;,
        &quot;ea2&quot;: &quot;Kwa-Zulu Natal&quot;
      }
    },
    {
      &quot;attributes&quot;: {
        &quot;owner&quot;: &quot;DFA&quot;,
        &quot;stage&quot;: &quot;Completed&quot;,
        &quot;ea1&quot;: &quot;K50P31&quot;,
        &quot;ea2&quot;: &quot;Kwa-Zulu Natal&quot;
      }
    },
    {
      &quot;attributes&quot;: {
        &quot;owner&quot;: &quot;DFA&quot;,
        &quot;stage&quot;: &quot;Completed&quot;,
        &quot;ea1&quot;: &quot;K50P31&quot;,
        &quot;ea2&quot;: &quot;Kwa-Zulu Natal&quot;
      }
    },
    {
      &quot;attributes&quot;: {
        &quot;owner&quot;: &quot;DFA&quot;,
        &quot;stage&quot;: &quot;Completed&quot;,
        &quot;ea1&quot;: &quot;K50P31&quot;,
        &quot;ea2&quot;: &quot;Kwa-Zulu Natal&quot;
      }
    },
    {
      &quot;attributes&quot;: {
        &quot;owner&quot;: &quot;DFA&quot;,
        &quot;stage&quot;: &quot;Completed&quot;,
        &quot;ea1&quot;: &quot;K50P31&quot;,
        &quot;ea2&quot;: &quot;Kwa-Zulu Natal&quot;
      }
    },
    {
      &quot;attributes&quot;: {
        &quot;owner&quot;: &quot;DFA&quot;,
        &quot;stage&quot;: &quot;Completed&quot;,
        &quot;ea1&quot;: &quot;K50P31&quot;,
        &quot;ea2&quot;: &quot;Kwa-Zulu Natal&quot;
      }
    },
    {
      &quot;attributes&quot;: {
        &quot;owner&quot;: &quot;DFA&quot;,
        &quot;stage&quot;: &quot;Completed&quot;,
        &quot;ea1&quot;: &quot;K50P33&quot;,
        &quot;ea2&quot;: &quot;Kwa-Zulu Natal&quot;
      }
    },
    {
      &quot;attributes&quot;: {
        &quot;owner&quot;: &quot;DFA&quot;,
        &quot;stage&quot;: &quot;Completed&quot;,
        &quot;ea1&quot;: &quot;AS00590GH001265&quot;,
        &quot;ea2&quot;: &quot;Gauteng South&quot;
      }
    },
    {
      &quot;attributes&quot;: {
        &quot;owner&quot;: &quot;DFA&quot;,
        &quot;stage&quot;: &quot;Completed&quot;,
        &quot;ea1&quot;: &quot;K50P53&quot;,
        &quot;ea2&quot;: &quot;Kwa-Zulu Natal&quot;
      }
    },
    {
      &quot;attributes&quot;: {
        &quot;owner&quot;: &quot;DFA&quot;,
        &quot;stage&quot;: &quot;Completed&quot;,
        &quot;ea1&quot;: &quot;K50P23&quot;,
        &quot;ea2&quot;: &quot;Kwa-Zulu Natal&quot;
      }
    },
    {
      &quot;attributes&quot;: {
        &quot;owner&quot;: &quot;DFA&quot;,
        &quot;stage&quot;: &quot;Completed&quot;,
        &quot;ea1&quot;: &quot;AS04053GH024442&quot;,
        &quot;ea2&quot;: &quot;Gauteng South&quot;
      }
    },
    {
      &quot;attributes&quot;: {
        &quot;owner&quot;: &quot;DFA&quot;,
        &quot;stage&quot;: &quot;Completed&quot;,
        &quot;ea1&quot;: &quot;AS04053GH024443&quot;,
        &quot;ea2&quot;: &quot;Gauteng South&quot;
      }
    },
    {
      &quot;attributes&quot;: {
        &quot;owner&quot;: &quot;DFA&quot;,
        &quot;stage&quot;: &quot;Completed&quot;,
        &quot;ea1&quot;: &quot;K50P31&quot;,
        &quot;ea2&quot;: &quot;Kwa-Zulu Natal&quot;
      }
    },
    {
      &quot;attributes&quot;: {
        &quot;owner&quot;: &quot;DFA&quot;,
        &quot;stage&quot;: &quot;Completed&quot;,
        &quot;ea1&quot;: &quot;K50P31&quot;,
        &quot;ea2&quot;: &quot;Kwa-Zulu Natal&quot;
      }
    },
    {
      &quot;attributes&quot;: {
        &quot;owner&quot;: &quot;DFA&quot;,
        &quot;stage&quot;: &quot;Completed&quot;,
        &quot;ea1&quot;: &quot;AS01570GH001329&quot;,
        &quot;ea2&quot;: &quot;Gauteng South&quot;
      }
    },
    {
      &quot;attributes&quot;: {
        &quot;owner&quot;: &quot;DFA&quot;,
        &quot;stage&quot;: &quot;Completed&quot;,
        &quot;ea1&quot;: &quot;W01P08&quot;,
        &quot;ea2&quot;: &quot;Western Region&quot;
      }
    },
    {
      &quot;attributes&quot;: {
        &quot;owner&quot;: &quot;DFA&quot;,
        &quot;stage&quot;: &quot;Completed&quot;,
        &quot;ea1&quot;: &quot;K01P04&quot;,
        &quot;ea2&quot;: &quot;Kwa-Zulu Natal&quot;
      }
    },
    {
      &quot;attributes&quot;: {
        &quot;owner&quot;: &quot;DFA&quot;,
        &quot;stage&quot;: &quot;Completed&quot;,
        &quot;ea1&quot;: &quot;G65P40&quot;,
        &quot;ea2&quot;: &quot;Gauteng South&quot;
      }
    },
    {
      &quot;attributes&quot;: {
        &quot;owner&quot;: &quot;DFA&quot;,
        &quot;stage&quot;: &quot;Completed&quot;,
        &quot;ea1&quot;: &quot;K20P12&quot;,
        &quot;ea2&quot;: &quot;Kwa-Zulu Natal&quot;
      }
    },
    {
      &quot;attributes&quot;: {
        &quot;owner&quot;: &quot;DFA&quot;,
        &quot;stage&quot;: &quot;Completed&quot;,
        &quot;ea1&quot;: &quot;K30P04&quot;,
        &quot;ea2&quot;: &quot;Kwa-Zulu Natal&quot;
      }
    },
    {
      &quot;attributes&quot;: {
        &quot;owner&quot;: &quot;DFA&quot;,
        &quot;stage&quot;: &quot;Construction&quot;,
        &quot;ea1&quot;: &quot;none&quot;,
        &quot;ea2&quot;: &quot;Eastern Region&quot;
      }
    },
    {
      &quot;attributes&quot;: {
        &quot;owner&quot;: &quot;DFA&quot;,
        &quot;stage&quot;: &quot;Completed&quot;,
        &quot;ea1&quot;: &quot;K30P04&quot;,
        &quot;ea2&quot;: &quot;Kwa-Zulu Natal&quot;
      }
    },
    {
      &quot;attributes&quot;: {
        &quot;owner&quot;: &quot;DFA&quot;,
        &quot;stage&quot;: &quot;Completed&quot;,
        &quot;ea1&quot;: &quot;K50P36&quot;,
        &quot;ea2&quot;: &quot;Kwa-Zulu Natal&quot;
      }
    },
    {
      &quot;attributes&quot;: {
        &quot;owner&quot;: &quot;DFA&quot;,
        &quot;stage&quot;: &quot;Completed&quot;,
        &quot;ea1&quot;: &quot;VS02267KH022350&quot;,
        &quot;ea2&quot;: &quot;Kwa-Zulu Natal&quot;
      }
    },
    {
      &quot;attributes&quot;: {
        &quot;owner&quot;: &quot;DFA&quot;,
        &quot;stage&quot;: &quot;Completed&quot;,
        &quot;ea1&quot;: &quot;K30P09&quot;,
        &quot;ea2&quot;: &quot;Kwa-Zulu Natal&quot;
      }
    },
    {
      &quot;attributes&quot;: {
        &quot;owner&quot;: &quot;DFA&quot;,
        &quot;stage&quot;: &quot;Completed&quot;,
        &quot;ea1&quot;: &quot;AS01555GH000516&quot;,
        &quot;ea2&quot;: &quot;Gauteng South&quot;
      }
    },
    {
      &quot;attributes&quot;: {
        &quot;owner&quot;: &quot;DFA&quot;,
        &quot;stage&quot;: &quot;Completed&quot;,
        &quot;ea1&quot;: &quot;W44P04&quot;,
        &quot;ea2&quot;: &quot;Western Region&quot;
      }
    },
    {
      &quot;attributes&quot;: {
        &quot;owner&quot;: &quot;DFA&quot;,
        &quot;stage&quot;: &quot;Completed&quot;,
        &quot;ea1&quot;: &quot;W44P02&quot;,
        &quot;ea2&quot;: &quot;Western Region&quot;
      }
    },
    {
      &quot;attributes&quot;: {
        &quot;owner&quot;: &quot;DFA&quot;,
        &quot;stage&quot;: &quot;Completed&quot;,
        &quot;ea1&quot;: &quot;W44P02&quot;,
        &quot;ea2&quot;: &quot;Western Region&quot;
      }
    },
    {
      &quot;attributes&quot;: {
        &quot;owner&quot;: &quot;DFA&quot;,
        &quot;stage&quot;: &quot;Completed&quot;,
        &quot;ea1&quot;: &quot;none&quot;,
        &quot;ea2&quot;: &quot;Eastern Region&quot;
      }
    },
    {
      &quot;attributes&quot;: {
        &quot;owner&quot;: &quot;DFA&quot;,
        &quot;stage&quot;: &quot;Completed&quot;,
        &quot;ea1&quot;: &quot;W44P02&quot;,
        &quot;ea2&quot;: &quot;Western Region&quot;
      }
    },
    {
      &quot;attributes&quot;: {
        &quot;owner&quot;: &quot;DFA&quot;,
        &quot;stage&quot;: &quot;Completed&quot;,
        &quot;ea1&quot;: &quot;W44P02&quot;,
        &quot;ea2&quot;: &quot;Western Region&quot;
      }
    },
    {
      &quot;attributes&quot;: {
        &quot;owner&quot;: &quot;DFA&quot;,
        &quot;stage&quot;: &quot;Completed&quot;,
        &quot;ea1&quot;: &quot;W44P02&quot;,
        &quot;ea2&quot;: &quot;Western Region&quot;
      }
    },
    {
      &quot;attributes&quot;: {
        &quot;owner&quot;: &quot;DFA&quot;,
        &quot;stage&quot;: &quot;Completed&quot;,
        &quot;ea1&quot;: &quot;W44P07&quot;,
        &quot;ea2&quot;: &quot;Western Region&quot;
      }
    },
    {
      &quot;attributes&quot;: {
        &quot;owner&quot;: &quot;DFA&quot;,
        &quot;stage&quot;: &quot;Completed&quot;,
        &quot;ea1&quot;: &quot;W44P07&quot;,
        &quot;ea2&quot;: &quot;Western Region&quot;
      }
    },
    {
      &quot;attributes&quot;: {
        &quot;owner&quot;: &quot;DFA&quot;,
        &quot;stage&quot;: &quot;Completed&quot;,
        &quot;ea1&quot;: &quot;W44P07&quot;,
        &quot;ea2&quot;: &quot;Western Region&quot;
      }
    },
    {
      &quot;attributes&quot;: {
        &quot;owner&quot;: &quot;DFA&quot;,
        &quot;stage&quot;: &quot;Completed&quot;,
        &quot;ea1&quot;: &quot;VS03888WH050002&quot;,
        &quot;ea2&quot;: &quot;Western Region&quot;
      }
    },
    {
      &quot;attributes&quot;: {
        &quot;owner&quot;: &quot;DFA&quot;,
        &quot;stage&quot;: &quot;Completed&quot;,
        &quot;ea1&quot;: &quot;NW03P06&quot;,
        &quot;ea2&quot;: &quot;Northern Region&quot;
      }
    },
    {
      &quot;attributes&quot;: {
        &quot;owner&quot;: &quot;DFA&quot;,
        &quot;stage&quot;: &quot;Completed&quot;,
        &quot;ea1&quot;: &quot;NB50P80&quot;,
        &quot;ea2&quot;: &quot;Northern Region&quot;
      }
    },
    {
      &quot;attributes&quot;: {
        &quot;owner&quot;: &quot;DFA&quot;,
        &quot;stage&quot;: &quot;Construction&quot;,
        &quot;ea1&quot;: &quot;NB01P02&quot;,
        &quot;ea2&quot;: &quot;Northern Region&quot;
      }
    },
    {
      &quot;attributes&quot;: {
        &quot;owner&quot;: &quot;DFA&quot;,
        &quot;stage&quot;: &quot;Completed&quot;,
        &quot;ea1&quot;: &quot;G52P33&quot;,
        &quot;ea2&quot;: &quot;Gauteng South&quot;
      }
    },
    {
      &quot;attributes&quot;: {
        &quot;owner&quot;: &quot;DFA&quot;,
        &quot;stage&quot;: &quot;Completed&quot;,
        &quot;ea1&quot;: &quot;G52P33&quot;,
        &quot;ea2&quot;: &quot;Gauteng South&quot;
      }
    },
    {
      &quot;attributes&quot;: {
        &quot;owner&quot;: &quot;DFA&quot;,
        &quot;stage&quot;: &quot;Completed&quot;,
        &quot;ea1&quot;: &quot;G52P33&quot;,
        &quot;ea2&quot;: &quot;Gauteng South&quot;
      }
    },
    {
      &quot;attributes&quot;: {
        &quot;owner&quot;: &quot;DFA&quot;,
        &quot;stage&quot;: &quot;Completed&quot;,
        &quot;ea1&quot;: &quot;G52P33&quot;,
        &quot;ea2&quot;: &quot;Gauteng South&quot;
      }
    },
    {
      &quot;attributes&quot;: {
        &quot;owner&quot;: &quot;DFA&quot;,
        &quot;stage&quot;: &quot;Completed&quot;,
        &quot;ea1&quot;: &quot;G52P33&quot;,
        &quot;ea2&quot;: &quot;Gauteng South&quot;
      }
    },
    {
      &quot;attributes&quot;: {
        &quot;owner&quot;: &quot;DFA&quot;,
        &quot;stage&quot;: &quot;Completed&quot;,
        &quot;ea1&quot;: &quot;G52P33&quot;,
        &quot;ea2&quot;: &quot;Gauteng South&quot;
      }
    },
    {
      &quot;attributes&quot;: {
        &quot;owner&quot;: &quot;DFA&quot;,
        &quot;stage&quot;: &quot;Completed&quot;,
        &quot;ea1&quot;: &quot;G52P33&quot;,
        &quot;ea2&quot;: &quot;Gauteng South&quot;
      }
    },
    {
      &quot;attributes&quot;: {
        &quot;owner&quot;: &quot;DFA&quot;,
        &quot;stage&quot;: &quot;Completed&quot;,
        &quot;ea1&quot;: &quot;G52P33&quot;,
        &quot;ea2&quot;: &quot;Gauteng South&quot;
      }
    },
    {
      &quot;attributes&quot;: {
        &quot;owner&quot;: &quot;DFA&quot;,
        &quot;stage&quot;: &quot;Completed&quot;,
        &quot;ea1&quot;: &quot;G52P33&quot;,
        &quot;ea2&quot;: &quot;Gauteng South&quot;
      }
    },
    {
      &quot;attributes&quot;: {
        &quot;owner&quot;: &quot;DFA&quot;,
        &quot;stage&quot;: &quot;Completed&quot;,
        &quot;ea1&quot;: &quot;G52P33&quot;,
        &quot;ea2&quot;: &quot;Gauteng South&quot;
      }
    },
    {
      &quot;attributes&quot;: {
        &quot;owner&quot;: &quot;DFA&quot;,
        &quot;stage&quot;: &quot;Completed&quot;,
        &quot;ea1&quot;: &quot;G52P33&quot;,
        &quot;ea2&quot;: &quot;Gauteng South&quot;
      }
    },
    {
      &quot;attributes&quot;: {
        &quot;owner&quot;: &quot;DFA&quot;,
        &quot;stage&quot;: &quot;Completed&quot;,
        &quot;ea1&quot;: &quot;G52P33&quot;,
        &quot;ea2&quot;: &quot;Gauteng South&quot;
      }
    },
    {
      &quot;attributes&quot;: {
        &quot;owner&quot;: &quot;DFA&quot;,
        &quot;stage&quot;: &quot;Completed&quot;,
        &quot;ea1&quot;: &quot;G52P33&quot;,
        &quot;ea2&quot;: &quot;Gauteng South&quot;
      }
    },
    {
      &quot;attributes&quot;: {
        &quot;owner&quot;: &quot;DFA&quot;,
        &quot;stage&quot;: &quot;Completed&quot;,
        &quot;ea1&quot;: &quot;G52P33&quot;,
        &quot;ea2&quot;: &quot;Gauteng South&quot;
      }
    },
    {
      &quot;attributes&quot;: {
        &quot;owner&quot;: &quot;DFA&quot;,
        &quot;stage&quot;: &quot;Completed&quot;,
        &quot;ea1&quot;: &quot;G52P33&quot;,
        &quot;ea2&quot;: &quot;Gauteng South&quot;
      }
    },
    {
      &quot;attributes&quot;: {
        &quot;owner&quot;: &quot;DFA&quot;,
        &quot;stage&quot;: &quot;Completed&quot;,
        &quot;ea1&quot;: &quot;G52P33&quot;,
        &quot;ea2&quot;: &quot;Gauteng South&quot;
      }
    },
    {
      &quot;attributes&quot;: {
        &quot;owner&quot;: &quot;DFA&quot;,
        &quot;stage&quot;: &quot;Completed&quot;,
        &quot;ea1&quot;: &quot;G52P33&quot;,
        &quot;ea2&quot;: &quot;Gauteng South&quot;
      }
    },
    {
      &quot;attributes&quot;: {
        &quot;owner&quot;: &quot;DFA&quot;,
        &quot;stage&quot;: &quot;Completed&quot;,
        &quot;ea1&quot;: &quot;G52P33&quot;,
        &quot;ea2&quot;: &quot;Gauteng South&quot;
      }
    },
    {
      &quot;attributes&quot;: {
        &quot;owner&quot;: &quot;DFA&quot;,
        &quot;stage&quot;: &quot;Completed&quot;,
        &quot;ea1&quot;: &quot;G52P33&quot;,
        &quot;ea2&quot;: &quot;Gauteng South&quot;
      }
    },
    {
      &quot;attributes&quot;: {
        &quot;owner&quot;: &quot;DFA&quot;,
        &quot;stage&quot;: &quot;Completed&quot;,
        &quot;ea1&quot;: &quot;G52P33&quot;,
        &quot;ea2&quot;: &quot;Gauteng South&quot;
      }
    },
    {
      &quot;attributes&quot;: {
        &quot;owner&quot;: &quot;DFA&quot;,
        &quot;stage&quot;: &quot;Completed&quot;,
        &quot;ea1&quot;: &quot;G52P33&quot;,
        &quot;ea2&quot;: &quot;Gauteng South&quot;
      }
    },
    {
      &quot;attributes&quot;: {
        &quot;owner&quot;: &quot;DFA&quot;,
        &quot;stage&quot;: &quot;Completed&quot;,
        &quot;ea1&quot;: &quot;G52P33&quot;,
        &quot;ea2&quot;: &quot;Gauteng South&quot;
      }
    },
    {
      &quot;attributes&quot;: {
        &quot;owner&quot;: &quot;DFA&quot;,
        &quot;stage&quot;: &quot;Completed&quot;,
        &quot;ea1&quot;: &quot;G52P33&quot;,
        &quot;ea2&quot;: &quot;Gauteng South&quot;
      }
    },
    {
      &quot;attributes&quot;: {
        &quot;owner&quot;: &quot;DFA&quot;,
        &quot;stage&quot;: &quot;Completed&quot;,
        &quot;ea1&quot;: &quot;G52P33&quot;,
        &quot;ea2&quot;: &quot;Gauteng South&quot;
      }
    },
    {
      &quot;attributes&quot;: {
        &quot;owner&quot;: &quot;DFA&quot;,
        &quot;stage&quot;: &quot;Completed&quot;,
        &quot;ea1&quot;: &quot;G52P33&quot;,
        &quot;ea2&quot;: &quot;Gauteng South&quot;
      }
    },
    {
      &quot;attributes&quot;: {
        &quot;owner&quot;: &quot;DFA&quot;,
        &quot;stage&quot;: &quot;Completed&quot;,
        &quot;ea1&quot;: &quot;G52P33&quot;,
        &quot;ea2&quot;: &quot;Gauteng South&quot;
      }
    },
    {
      &quot;attributes&quot;: {
        &quot;owner&quot;: &quot;DFA&quot;,
        &quot;stage&quot;: &quot;Completed&quot;,
        &quot;ea1&quot;: &quot;G52P33&quot;,
        &quot;ea2&quot;: &quot;Gauteng South&quot;
      }
    },
    {
      &quot;attributes&quot;: {
        &quot;owner&quot;: &quot;DFA&quot;,
        &quot;stage&quot;: &quot;Completed&quot;,
        &quot;ea1&quot;: &quot;G52P33&quot;,
        &quot;ea2&quot;: &quot;Gauteng South&quot;
      }
    },
    {
      &quot;attributes&quot;: {
        &quot;owner&quot;: &quot;DFA&quot;,
        &quot;stage&quot;: &quot;Completed&quot;,
        &quot;ea1&quot;: &quot;G52P33&quot;,
        &quot;ea2&quot;: &quot;Gauteng South&quot;
      }
    },
    {
      &quot;attributes&quot;: {
        &quot;owner&quot;: &quot;DFA&quot;,
        &quot;stage&quot;: &quot;Completed&quot;,
        &quot;ea1&quot;: &quot;G52P33&quot;,
        &quot;ea2&quot;: &quot;Gauteng South&quot;
      }
    },
    {
      &quot;attributes&quot;: {
        &quot;owner&quot;: &quot;DFA&quot;,
        &quot;stage&quot;: &quot;Completed&quot;,
        &quot;ea1&quot;: &quot;G52P33&quot;,
        &quot;ea2&quot;: &quot;Gauteng South&quot;
      }
    },
    {
      &quot;attributes&quot;: {
        &quot;owner&quot;: &quot;DFA&quot;,
        &quot;stage&quot;: &quot;Completed&quot;,
        &quot;ea1&quot;: &quot;G52P33&quot;,
        &quot;ea2&quot;: &quot;Gauteng South&quot;
      }
    },
    {
      &quot;attributes&quot;: {
        &quot;owner&quot;: &quot;DFA&quot;,
        &quot;stage&quot;: &quot;Completed&quot;,
        &quot;ea1&quot;: &quot;G52P33&quot;,
        &quot;ea2&quot;: &quot;Gauteng South&quot;
      }
    },
    {
      &quot;attributes&quot;: {
        &quot;owner&quot;: &quot;DFA&quot;,
        &quot;stage&quot;: &quot;Completed&quot;,
        &quot;ea1&quot;: &quot;G52P33&quot;,
        &quot;ea2&quot;: &quot;Gauteng South&quot;
      }
    },
    {
      &quot;attributes&quot;: {
        &quot;owner&quot;: &quot;DFA&quot;,
        &quot;stage&quot;: &quot;Completed&quot;,
        &quot;ea1&quot;: &quot;G52P33&quot;,
        &quot;ea2&quot;: &quot;Gauteng South&quot;
      }
    },
    {
      &quot;attributes&quot;: {
        &quot;owner&quot;: &quot;DFA&quot;,
        &quot;stage&quot;: &quot;Completed&quot;,
        &quot;ea1&quot;: &quot;G52P33&quot;,
        &quot;ea2&quot;: &quot;Gauteng South&quot;
      }
    },
    {
      &quot;attributes&quot;: {
        &quot;owner&quot;: &quot;DFA&quot;,
        &quot;stage&quot;: &quot;Completed&quot;,
        &quot;ea1&quot;: &quot;G52P33&quot;,
        &quot;ea2&quot;: &quot;Gauteng South&quot;
      }
    },
    {
      &quot;attributes&quot;: {
        &quot;owner&quot;: &quot;DFA&quot;,
        &quot;stage&quot;: &quot;Completed&quot;,
        &quot;ea1&quot;: &quot;G52P33&quot;,
        &quot;ea2&quot;: &quot;Gauteng South&quot;
      }
    },
    {
      &quot;attributes&quot;: {
        &quot;owner&quot;: &quot;DFA&quot;,
        &quot;stage&quot;: &quot;Completed&quot;,
        &quot;ea1&quot;: &quot;G52P33&quot;,
        &quot;ea2&quot;: &quot;Gauteng South&quot;
      }
    },
    {
      &quot;attributes&quot;: {
        &quot;owner&quot;: &quot;DFA&quot;,
        &quot;stage&quot;: &quot;Completed&quot;,
        &quot;ea1&quot;: &quot;G52P33&quot;,
        &quot;ea2&quot;: &quot;Gauteng South&quot;
      }
    },
    {
      &quot;attributes&quot;: {
        &quot;owner&quot;: &quot;DFA&quot;,
        &quot;stage&quot;: &quot;Completed&quot;,
        &quot;ea1&quot;: &quot;G52P33&quot;,
        &quot;ea2&quot;: &quot;Gauteng South&quot;
      }
    },
    {
      &quot;attributes&quot;: {
        &quot;owner&quot;: &quot;DFA&quot;,
        &quot;stage&quot;: &quot;Completed&quot;,
        &quot;ea1&quot;: &quot;G52P33&quot;,
        &quot;ea2&quot;: &quot;Gauteng South&quot;
      }
    },
    {
      &quot;attributes&quot;: {
        &quot;owner&quot;: &quot;DFA&quot;,
        &quot;stage&quot;: &quot;Completed&quot;,
        &quot;ea1&quot;: &quot;G52P33&quot;,
        &quot;ea2&quot;: &quot;Gauteng South&quot;
      }
    },
    {
      &quot;attributes&quot;: {
        &quot;owner&quot;: &quot;DFA&quot;,
        &quot;stage&quot;: &quot;Completed&quot;,
        &quot;ea1&quot;: &quot;G52P33&quot;,
        &quot;ea2&quot;: &quot;Gauteng South&quot;
      }
    },
    {
      &quot;attributes&quot;: {
        &quot;owner&quot;: &quot;DFA&quot;,
        &quot;stage&quot;: &quot;Completed&quot;,
        &quot;ea1&quot;: &quot;G52P33&quot;,
        &quot;ea2&quot;: &quot;Gauteng South&quot;
      }
    },
    {
      &quot;attributes&quot;: {
        &quot;owner&quot;: &quot;DFA&quot;,
        &quot;stage&quot;: &quot;Construction&quot;,
        &quot;ea1&quot;: &quot;G50P66&quot;,
        &quot;ea2&quot;: &quot;Gauteng South&quot;
      }
    },
    {
      &quot;attributes&quot;: {
        &quot;owner&quot;: &quot;DFA&quot;,
        &quot;stage&quot;: &quot;Completed&quot;,
        &quot;ea1&quot;: &quot;G52P33&quot;,
        &quot;ea2&quot;: &quot;Gauteng South&quot;
      }
    },
    {
      &quot;attributes&quot;: {
        &quot;owner&quot;: &quot;DFA&quot;,
        &quot;stage&quot;: &quot;Completed&quot;,
        &quot;ea1&quot;: &quot;G52P33&quot;,
        &quot;ea2&quot;: &quot;Gauteng South&quot;
      }
    },
    {
      &quot;attributes&quot;: {
        &quot;owner&quot;: &quot;DFA&quot;,
        &quot;stage&quot;: &quot;Completed&quot;,
        &quot;ea1&quot;: &quot;G52P33&quot;,
        &quot;ea2&quot;: &quot;Gauteng South&quot;
      }
    },
    {
      &quot;attributes&quot;: {
        &quot;owner&quot;: &quot;DFA&quot;,
        &quot;stage&quot;: &quot;Completed&quot;,
        &quot;ea1&quot;: &quot;G52P33&quot;,
        &quot;ea2&quot;: &quot;Gauteng South&quot;
      }
    },
    {
      &quot;attributes&quot;: {
        &quot;owner&quot;: &quot;DFA&quot;,
        &quot;stage&quot;: &quot;Completed&quot;,
        &quot;ea1&quot;: &quot;G30P45&quot;,
        &quot;ea2&quot;: &quot;Gauteng South&quot;
      }
    },
    {
      &quot;attributes&quot;: {
        &quot;owner&quot;: &quot;DFA&quot;,
        &quot;stage&quot;: &quot;Completed&quot;,
        &quot;ea1&quot;: &quot;G52P43&quot;,
        &quot;ea2&quot;: &quot;Gauteng South&quot;
      }
    },
    {
      &quot;attributes&quot;: {
        &quot;owner&quot;: &quot;DFA&quot;,
        &quot;stage&quot;: &quot;Completed&quot;,
        &quot;ea1&quot;: &quot;G52P43&quot;,
        &quot;ea2&quot;: &quot;Gauteng South&quot;
      }
    },
    {
      &quot;attributes&quot;: {
        &quot;owner&quot;: &quot;DFA&quot;,
        &quot;stage&quot;: &quot;Completed&quot;,
        &quot;ea1&quot;: &quot;G52P43&quot;,
        &quot;ea2&quot;: &quot;Gauteng South&quot;
      }
    },
    {
      &quot;attributes&quot;: {
        &quot;owner&quot;: &quot;DFA&quot;,
        &quot;stage&quot;: &quot;Completed&quot;,
        &quot;ea1&quot;: &quot;G52P43&quot;,
        &quot;ea2&quot;: &quot;Gauteng South&quot;
      }
    },
    {
      &quot;attributes&quot;: {
        &quot;owner&quot;: &quot;DFA&quot;,
        &quot;stage&quot;: &quot;Completed&quot;,
        &quot;ea1&quot;: &quot;G52P43&quot;,
        &quot;ea2&quot;: &quot;Gauteng South&quot;
      }
    },
    {
      &quot;attributes&quot;: {
        &quot;owner&quot;: &quot;DFA&quot;,
        &quot;stage&quot;: &quot;Completed&quot;,
        &quot;ea1&quot;: &quot;G52P43&quot;,
        &quot;ea2&quot;: &quot;Gauteng South&quot;
      }
    },
    {
      &quot;attributes&quot;: {
        &quot;owner&quot;: &quot;DFA&quot;,
        &quot;stage&quot;: &quot;Completed&quot;,
        &quot;ea1&quot;: &quot;G52P43&quot;,
        &quot;ea2&quot;: &quot;Gauteng South&quot;
      }
    },
    {
      &quot;attributes&quot;: {
        &quot;owner&quot;: &quot;DFA&quot;,
        &quot;stage&quot;: &quot;Completed&quot;,
        &quot;ea1&quot;: &quot;G52P43&quot;,
        &quot;ea2&quot;: &quot;Gauteng South&quot;
      }
    },
    {
      &quot;attributes&quot;: {
        &quot;owner&quot;: &quot;DFA&quot;,
        &quot;stage&quot;: &quot;Completed&quot;,
        &quot;ea1&quot;: &quot;G52P43&quot;,
        &quot;ea2&quot;: &quot;Gauteng South&quot;
      }
    },
    {
      &quot;attributes&quot;: {
        &quot;owner&quot;: &quot;DFA&quot;,
        &quot;stage&quot;: &quot;Completed&quot;,
        &quot;ea1&quot;: &quot;G52P43&quot;,
        &quot;ea2&quot;: &quot;Gauteng South&quot;
      }
    },
    {
      &quot;attributes&quot;: {
        &quot;owner&quot;: &quot;DFA&quot;,
        &quot;stage&quot;: &quot;Completed&quot;,
        &quot;ea1&quot;: &quot;G52P43&quot;,
        &quot;ea2&quot;: &quot;Gauteng South&quot;
      }
    },
    {
      &quot;attributes&quot;: {
        &quot;owner&quot;: &quot;DFA&quot;,
        &quot;stage&quot;: &quot;Completed&quot;,
        &quot;ea1&quot;: &quot;G52P43&quot;,
        &quot;ea2&quot;: &quot;Gauteng South&quot;
      }
    },
    {
      &quot;attributes&quot;: {
        &quot;owner&quot;: &quot;DFA&quot;,
        &quot;stage&quot;: &quot;Completed&quot;,
        &quot;ea1&quot;: &quot;G52P43&quot;,
        &quot;ea2&quot;: &quot;Gauteng South&quot;
      }
    },
    {
      &quot;attributes&quot;: {
        &quot;owner&quot;: &quot;DFA&quot;,
        &quot;stage&quot;: &quot;Completed&quot;,
        &quot;ea1&quot;: &quot;G52P43&quot;,
        &quot;ea2&quot;: &quot;Gauteng South&quot;
      }
    },
    {
      &quot;attributes&quot;: {
        &quot;owner&quot;: &quot;DFA&quot;,
        &quot;stage&quot;: &quot;Completed&quot;,
        &quot;ea1&quot;: &quot;G52P43&quot;,
        &quot;ea2&quot;: &quot;Gauteng South&quot;
      }
    },
    {
      &quot;attributes&quot;: {
        &quot;owner&quot;: &quot;DFA&quot;,
        &quot;stage&quot;: &quot;Completed&quot;,
        &quot;ea1&quot;: &quot;G52P43&quot;,
        &quot;ea2&quot;: &quot;Gauteng South&quot;
      }
    },
    {
      &quot;attributes&quot;: {
        &quot;owner&quot;: &quot;DFA&quot;,
        &quot;stage&quot;: &quot;Completed&quot;,
        &quot;ea1&quot;: &quot;G52P43&quot;,
        &quot;ea2&quot;: &quot;Gauteng South&quot;
      }
    },
    {
      &quot;attributes&quot;: {
        &quot;owner&quot;: &quot;DFA&quot;,
        &quot;stage&quot;: &quot;Completed&quot;,
        &quot;ea1&quot;: &quot;G52P43&quot;,
        &quot;ea2&quot;: &quot;Gauteng South&quot;
      }
    },
    {
      &quot;attributes&quot;: {
        &quot;owner&quot;: &quot;DFA&quot;,
        &quot;stage&quot;: &quot;Completed&quot;,
        &quot;ea1&quot;: &quot;G52P43&quot;,
        &quot;ea2&quot;: &quot;Gauteng South&quot;
      }
    },
    {
      &quot;attributes&quot;: {
        &quot;owner&quot;: &quot;DFA&quot;,
        &quot;stage&quot;: &quot;Completed&quot;,
        &quot;ea1&quot;: &quot;G52P43&quot;,
        &quot;ea2&quot;: &quot;Gauteng South&quot;
      }
    },
    {
      &quot;attributes&quot;: {
        &quot;owner&quot;: &quot;DFA&quot;,
        &quot;stage&quot;: &quot;Construction&quot;,
        &quot;ea1&quot;: &quot;AS00865GH000988&quot;,
        &quot;ea2&quot;: &quot;None&quot;
      }
    },
    {
      &quot;attributes&quot;: {
        &quot;owner&quot;: &quot;DFA&quot;,
        &quot;stage&quot;: &quot;Construction&quot;,
        &quot;ea1&quot;: &quot;AS00865GH000988&quot;,
        &quot;ea2&quot;: &quot;None&quot;
      }
    },
    {
      &quot;attributes&quot;: {
        &quot;owner&quot;: &quot;DFA&quot;,
        &quot;stage&quot;: &quot;Construction&quot;,
        &quot;ea1&quot;: &quot;AS00865GH000988&quot;,
        &quot;ea2&quot;: &quot;None&quot;
      }
    },
    {
      &quot;attributes&quot;: {
        &quot;owner&quot;: &quot;DFA&quot;,
        &quot;stage&quot;: &quot;Completed&quot;,
        &quot;ea1&quot;: &quot;G52P43&quot;,
        &quot;ea2&quot;: &quot;Gauteng South&quot;
      }
    },
    {
      &quot;attributes&quot;: {
        &quot;owner&quot;: &quot;DFA&quot;,
        &quot;stage&quot;: &quot;Completed&quot;,
        &quot;ea1&quot;: &quot;G52P43&quot;,
        &quot;ea2&quot;: &quot;Gauteng South&quot;
      }
    },
    {
      &quot;attributes&quot;: {
        &quot;owner&quot;: &quot;DFA&quot;,
        &quot;stage&quot;: &quot;Completed&quot;,
        &quot;ea1&quot;: &quot;G52P43&quot;,
        &quot;ea2&quot;: &quot;Gauteng South&quot;
      }
    },
    {
      &quot;attributes&quot;: {
        &quot;owner&quot;: &quot;DFA&quot;,
        &quot;stage&quot;: &quot;Completed&quot;,
        &quot;ea1&quot;: &quot;G52P43&quot;,
        &quot;ea2&quot;: &quot;Gauteng South&quot;
      }
    },
    {
      &quot;attributes&quot;: {
        &quot;owner&quot;: &quot;DFA&quot;,
        &quot;stage&quot;: &quot;Completed&quot;,
        &quot;ea1&quot;: &quot;G52P43&quot;,
        &quot;ea2&quot;: &quot;Gauteng South&quot;
      }
    },
    {
      &quot;attributes&quot;: {
        &quot;owner&quot;: &quot;DFA&quot;,
        &quot;stage&quot;: &quot;Completed&quot;,
        &quot;ea1&quot;: &quot;G52P43&quot;,
        &quot;ea2&quot;: &quot;Gauteng South&quot;
      }
    },
    {
      &quot;attributes&quot;: {
        &quot;owner&quot;: &quot;DFA&quot;,
        &quot;stage&quot;: &quot;Completed&quot;,
        &quot;ea1&quot;: &quot;G52P43&quot;,
        &quot;ea2&quot;: &quot;Gauteng South&quot;
      }
    },
    {
      &quot;attributes&quot;: {
        &quot;owner&quot;: &quot;DFA&quot;,
        &quot;stage&quot;: &quot;Completed&quot;,
        &quot;ea1&quot;: &quot;G52P43&quot;,
        &quot;ea2&quot;: &quot;Gauteng South&quot;
      }
    },
    {
      &quot;attributes&quot;: {
        &quot;owner&quot;: &quot;DFA&quot;,
        &quot;stage&quot;: &quot;Completed&quot;,
        &quot;ea1&quot;: &quot;NB50P74&quot;,
        &quot;ea2&quot;: &quot;Northern Region&quot;
      }
    },
    {
      &quot;attributes&quot;: {
        &quot;owner&quot;: &quot;DFA&quot;,
        &quot;stage&quot;: &quot;Completed&quot;,
        &quot;ea1&quot;: &quot;M01P12&quot;,
        &quot;ea2&quot;: &quot;Mphumalanga&quot;
      }
    },
    {
      &quot;attributes&quot;: {
        &quot;owner&quot;: &quot;DFA&quot;,
        &quot;stage&quot;: &quot;Construction&quot;,
        &quot;ea1&quot;: &quot;AS04573HB001641-01&quot;,
        &quot;ea2&quot;: &quot;None&quot;
      }
    },
    {
      &quot;attributes&quot;: {
        &quot;owner&quot;: &quot;DFA&quot;,
        &quot;stage&quot;: &quot;Construction&quot;,
        &quot;ea1&quot;: &quot;AS04573NB001640&quot;,
        &quot;ea2&quot;: &quot;None&quot;
      }
    },
    {
      &quot;attributes&quot;: {
        &quot;owner&quot;: &quot;DFA&quot;,
        &quot;stage&quot;: &quot;Completed&quot;,
        &quot;ea1&quot;: &quot;NB50P90&quot;,
        &quot;ea2&quot;: &quot;Northern Region&quot;
      }
    },
    {
      &quot;attributes&quot;: {
        &quot;owner&quot;: &quot;DFA&quot;,
        &quot;stage&quot;: &quot;Completed&quot;,
        &quot;ea1&quot;: &quot;NB50P90&quot;,
        &quot;ea2&quot;: &quot;Northern Region&quot;
      }
    },
    {
      &quot;attributes&quot;: {
        &quot;owner&quot;: &quot;DFA&quot;,
        &quot;stage&quot;: &quot;Completed&quot;,
        &quot;ea1&quot;: &quot;NB50P90&quot;,
        &quot;ea2&quot;: &quot;Northern Region&quot;
      }
    },
    {
      &quot;attributes&quot;: {
        &quot;owner&quot;: &quot;DFA&quot;,
        &quot;stage&quot;: &quot;Completed&quot;,
        &quot;ea1&quot;: &quot;NB50P90&quot;,
        &quot;ea2&quot;: &quot;Northern Region&quot;
      }
    },
    {
      &quot;attributes&quot;: {
        &quot;owner&quot;: &quot;DFA&quot;,
        &quot;stage&quot;: &quot;Completed&quot;,
        &quot;ea1&quot;: &quot;NB50P90&quot;,
        &quot;ea2&quot;: &quot;Northern Region&quot;
      }
    },
    {
      &quot;attributes&quot;: {
        &quot;owner&quot;: &quot;DFA&quot;,
        &quot;stage&quot;: &quot;Completed&quot;,
        &quot;ea1&quot;: &quot;NB50P90&quot;,
        &quot;ea2&quot;: &quot;Northern Region&quot;
      }
    },
    {
      &quot;attributes&quot;: {
        &quot;owner&quot;: &quot;DFA&quot;,
        &quot;stage&quot;: &quot;Completed&quot;,
        &quot;ea1&quot;: &quot;NB50P90&quot;,
        &quot;ea2&quot;: &quot;Northern Region&quot;
      }
    },
    {
      &quot;attributes&quot;: {
        &quot;owner&quot;: &quot;DFA&quot;,
        &quot;stage&quot;: &quot;Completed&quot;,
        &quot;ea1&quot;: &quot;NB50P90&quot;,
        &quot;ea2&quot;: &quot;Northern Region&quot;
      }
    },
    {
      &quot;attributes&quot;: {
        &quot;owner&quot;: &quot;DFA&quot;,
        &quot;stage&quot;: &quot;Completed&quot;,
        &quot;ea1&quot;: &quot;NB50P90&quot;,
        &quot;ea2&quot;: &quot;Northern Region&quot;
      }
    },
    {
      &quot;attributes&quot;: {
        &quot;owner&quot;: &quot;DFA&quot;,
        &quot;stage&quot;: &quot;Completed&quot;,
        &quot;ea1&quot;: &quot;NB50P90&quot;,
        &quot;ea2&quot;: &quot;Northern Region&quot;
      }
    },
    {
      &quot;attributes&quot;: {
        &quot;owner&quot;: &quot;DFA&quot;,
        &quot;stage&quot;: &quot;Completed&quot;,
        &quot;ea1&quot;: &quot;NB50P90&quot;,
        &quot;ea2&quot;: &quot;Northern Region&quot;
      }
    },
    {
      &quot;attributes&quot;: {
        &quot;owner&quot;: &quot;DFA&quot;,
        &quot;stage&quot;: &quot;Completed&quot;,
        &quot;ea1&quot;: &quot;NB50P90&quot;,
        &quot;ea2&quot;: &quot;Northern Region&quot;
      }
    },
    {
      &quot;attributes&quot;: {
        &quot;owner&quot;: &quot;DFA&quot;,
        &quot;stage&quot;: &quot;Completed&quot;,
        &quot;ea1&quot;: &quot;NB50P90&quot;,
        &quot;ea2&quot;: &quot;Northern Region&quot;
      }
    },
    {
      &quot;attributes&quot;: {
        &quot;owner&quot;: &quot;DFA&quot;,
        &quot;stage&quot;: &quot;Completed&quot;,
        &quot;ea1&quot;: &quot;NB50P90&quot;,
        &quot;ea2&quot;: &quot;Northern Region&quot;
      }
    },
    {
      &quot;attributes&quot;: {
        &quot;owner&quot;: &quot;DFA&quot;,
        &quot;stage&quot;: &quot;Completed&quot;,
        &quot;ea1&quot;: &quot;NB50P90&quot;,
        &quot;ea2&quot;: &quot;Northern Region&quot;
      }
    },
    {
      &quot;attributes&quot;: {
        &quot;owner&quot;: &quot;DFA&quot;,
        &quot;stage&quot;: &quot;Completed&quot;,
        &quot;ea1&quot;: &quot;NB50P90&quot;,
        &quot;ea2&quot;: &quot;Northern Region&quot;
      }
    },
    {
      &quot;attributes&quot;: {
        &quot;owner&quot;: &quot;DFA&quot;,
        &quot;stage&quot;: &quot;Completed&quot;,
        &quot;ea1&quot;: &quot;NB50P90&quot;,
        &quot;ea2&quot;: &quot;Northern Region&quot;
      }
    },
    {
      &quot;attributes&quot;: {
        &quot;owner&quot;: &quot;DFA&quot;,
        &quot;stage&quot;: &quot;Completed&quot;,
        &quot;ea1&quot;: &quot;AS00144BH021031&quot;,
        &quot;ea2&quot;: &quot;Northern Region&quot;
      }
    },
    {
      &quot;attributes&quot;: {
        &quot;owner&quot;: &quot;DFA&quot;,
        &quot;stage&quot;: &quot;Completed&quot;,
        &quot;ea1&quot;: &quot;G52P68&quot;,
        &quot;ea2&quot;: &quot;Gauteng South&quot;
      }
    },
    {
      &quot;attributes&quot;: {
        &quot;owner&quot;: &quot;DFA&quot;,
        &quot;stage&quot;: &quot;Completed&quot;,
        &quot;ea1&quot;: &quot;G52P68&quot;,
        &quot;ea2&quot;: &quot;Gauteng South&quot;
      }
    },
    {
      &quot;attributes&quot;: {
        &quot;owner&quot;: &quot;DFA&quot;,
        &quot;stage&quot;: &quot;Completed&quot;,
        &quot;ea1&quot;: &quot;G52P68&quot;,
        &quot;ea2&quot;: &quot;Gauteng South&quot;
      }
    },
    {
      &quot;attributes&quot;: {
        &quot;owner&quot;: &quot;DFA&quot;,
        &quot;stage&quot;: &quot;Completed&quot;,
        &quot;ea1&quot;: &quot;G52P87&quot;,
        &quot;ea2&quot;: &quot;Gauteng South&quot;
      }
    },
    {
      &quot;attributes&quot;: {
        &quot;owner&quot;: &quot;DFA&quot;,
        &quot;stage&quot;: &quot;Completed&quot;,
        &quot;ea1&quot;: &quot;G52P87&quot;,
        &quot;ea2&quot;: &quot;Gauteng South&quot;
      }
    },
    {
      &quot;attributes&quot;: {
        &quot;owner&quot;: &quot;DFA&quot;,
        &quot;stage&quot;: &quot;Completed&quot;,
        &quot;ea1&quot;: &quot;G52P87&quot;,
        &quot;ea2&quot;: &quot;Gauteng South&quot;
      }
    },
    {
      &quot;attributes&quot;: {
        &quot;owner&quot;: &quot;DFA&quot;,
        &quot;stage&quot;: &quot;Completed&quot;,
        &quot;ea1&quot;: &quot;G52P87&quot;,
        &quot;ea2&quot;: &quot;Gauteng South&quot;
      }
    },
    {
      &quot;attributes&quot;: {
        &quot;owner&quot;: &quot;DFA&quot;,
        &quot;stage&quot;: &quot;Completed&quot;,
        &quot;ea1&quot;: &quot;G52P87&quot;,
        &quot;ea2&quot;: &quot;Gauteng South&quot;
      }
    },
    {
      &quot;attributes&quot;: {
        &quot;owner&quot;: &quot;DFA&quot;,
        &quot;stage&quot;: &quot;Completed&quot;,
        &quot;ea1&quot;: &quot;G52P87&quot;,
        &quot;ea2&quot;: &quot;Gauteng South&quot;
      }
    },
    {
      &quot;attributes&quot;: {
        &quot;owner&quot;: &quot;DFA&quot;,
        &quot;stage&quot;: &quot;Completed&quot;,
        &quot;ea1&quot;: &quot;G52P87&quot;,
        &quot;ea2&quot;: &quot;Gauteng South&quot;
      }
    },
    {
      &quot;attributes&quot;: {
        &quot;owner&quot;: &quot;DFA&quot;,
        &quot;stage&quot;: &quot;Completed&quot;,
        &quot;ea1&quot;: &quot;G52P87&quot;,
        &quot;ea2&quot;: &quot;Gauteng South&quot;
      }
    },
    {
      &quot;attributes&quot;: {
        &quot;owner&quot;: &quot;DFA&quot;,
        &quot;stage&quot;: &quot;Completed&quot;,
        &quot;ea1&quot;: &quot;G52P87&quot;,
        &quot;ea2&quot;: &quot;Gauteng South&quot;
      }
    },
    {
      &quot;attributes&quot;: {
        &quot;owner&quot;: &quot;DFA&quot;,
        &quot;stage&quot;: &quot;Completed&quot;,
        &quot;ea1&quot;: &quot;G52P87&quot;,
        &quot;ea2&quot;: &quot;Gauteng South&quot;
      }
    },
    {
      &quot;attributes&quot;: {
        &quot;owner&quot;: &quot;DFA&quot;,
        &quot;stage&quot;: &quot;Completed&quot;,
        &quot;ea1&quot;: &quot;G52P87&quot;,
        &quot;ea2&quot;: &quot;Gauteng South&quot;
      }
    },
    {
      &quot;attributes&quot;: {
        &quot;owner&quot;: &quot;DFA&quot;,
        &quot;stage&quot;: &quot;Completed&quot;,
        &quot;ea1&quot;: &quot;G52P87&quot;,
        &quot;ea2&quot;: &quot;Gauteng South&quot;
      }
    },
    {
      &quot;attributes&quot;: {
        &quot;owner&quot;: &quot;DFA&quot;,
        &quot;stage&quot;: &quot;Completed&quot;,
        &quot;ea1&quot;: &quot;G52P87&quot;,
        &quot;ea2&quot;: &quot;Gauteng South&quot;
      }
    },
    {
      &quot;attributes&quot;: {
        &quot;owner&quot;: &quot;DFA&quot;,
        &quot;stage&quot;: &quot;Completed&quot;,
        &quot;ea1&quot;: &quot;G52P87&quot;,
        &quot;ea2&quot;: &quot;Gauteng South&quot;
      }
    },
    {
      &quot;attributes&quot;: {
        &quot;owner&quot;: &quot;DFA&quot;,
        &quot;stage&quot;: &quot;Completed&quot;,
        &quot;ea1&quot;: &quot;G52P87&quot;,
        &quot;ea2&quot;: &quot;Gauteng South&quot;
      }
    },
    {
      &quot;attributes&quot;: {
        &quot;owner&quot;: &quot;DFA&quot;,
        &quot;stage&quot;: &quot;Completed&quot;,
        &quot;ea1&quot;: &quot;G52P87&quot;,
        &quot;ea2&quot;: &quot;Gauteng South&quot;
      }
    },
    {
      &quot;attributes&quot;: {
        &quot;owner&quot;: &quot;DFA&quot;,
        &quot;stage&quot;: &quot;Completed&quot;,
        &quot;ea1&quot;: &quot;G52P87&quot;,
        &quot;ea2&quot;: &quot;Gauteng South&quot;
      }
    },
    {
      &quot;attributes&quot;: {
        &quot;owner&quot;: &quot;DFA&quot;,
        &quot;stage&quot;: &quot;Completed&quot;,
        &quot;ea1&quot;: &quot;G52P87&quot;,
        &quot;ea2&quot;: &quot;Gauteng South&quot;
      }
    },
    {
      &quot;attributes&quot;: {
        &quot;owner&quot;: &quot;DFA&quot;,
        &quot;stage&quot;: &quot;Completed&quot;,
        &quot;ea1&quot;: &quot;G52P87&quot;,
        &quot;ea2&quot;: &quot;Gauteng South&quot;
      }
    },
    {
      &quot;attributes&quot;: {
        &quot;owner&quot;: &quot;DFA&quot;,
        &quot;stage&quot;: &quot;Construction&quot;,
        &quot;ea1&quot;: &quot;none&quot;,
        &quot;ea2&quot;: &quot;None&quot;
      }
    },
    {
      &quot;attributes&quot;: {
        &quot;owner&quot;: &quot;DFA&quot;,
        &quot;stage&quot;: &quot;Construction&quot;,
        &quot;ea1&quot;: &quot;none&quot;,
        &quot;ea2&quot;: &quot;None&quot;
      }
    },
    {
      &quot;attributes&quot;: {
        &quot;owner&quot;: &quot;DFA&quot;,
        &quot;stage&quot;: &quot;Construction&quot;,
        &quot;ea1&quot;: &quot;none&quot;,
        &quot;ea2&quot;: &quot;None&quot;
      }
    },
    {
      &quot;attributes&quot;: {
        &quot;owner&quot;: &quot;DFA&quot;,
        &quot;stage&quot;: &quot;Construction&quot;,
        &quot;ea1&quot;: &quot;none&quot;,
        &quot;ea2&quot;: &quot;None&quot;
      }
    },
    {
      &quot;attributes&quot;: {
        &quot;owner&quot;: &quot;DFA&quot;,
        &quot;stage&quot;: &quot;Completed&quot;,
        &quot;ea1&quot;: &quot;G52P90&quot;,
        &quot;ea2&quot;: &quot;Gauteng South&quot;
      }
    },
    {
      &quot;attributes&quot;: {
        &quot;owner&quot;: &quot;DFA&quot;,
        &quot;stage&quot;: &quot;Completed&quot;,
        &quot;ea1&quot;: &quot;G52P90&quot;,
        &quot;ea2&quot;: &quot;Gauteng South&quot;
      }
    },
    {
      &quot;attributes&quot;: {
        &quot;owner&quot;: &quot;DFA&quot;,
        &quot;stage&quot;: &quot;Completed&quot;,
        &quot;ea1&quot;: &quot;G50P29&quot;,
        &quot;ea2&quot;: &quot;Gauteng South&quot;
      }
    },
    {
      &quot;attributes&quot;: {
        &quot;owner&quot;: &quot;DFA&quot;,
        &quot;stage&quot;: &quot;Completed&quot;,
        &quot;ea1&quot;: &quot;G50P29&quot;,
        &quot;ea2&quot;: &quot;Gauteng South&quot;
      }
    },
    {
      &quot;attributes&quot;: {
        &quot;owner&quot;: &quot;DFA&quot;,
        &quot;stage&quot;: &quot;Completed&quot;,
        &quot;ea1&quot;: &quot;G50P29&quot;,
        &quot;ea2&quot;: &quot;Gauteng South&quot;
      }
    },
    {
      &quot;attributes&quot;: {
        &quot;owner&quot;: &quot;DFA&quot;,
        &quot;stage&quot;: &quot;Completed&quot;,
        &quot;ea1&quot;: &quot;G50P29&quot;,
        &quot;ea2&quot;: &quot;Gauteng South&quot;
      }
    },
    {
      &quot;attributes&quot;: {
        &quot;owner&quot;: &quot;DFA&quot;,
        &quot;stage&quot;: &quot;Completed&quot;,
        &quot;ea1&quot;: &quot;G50P29&quot;,
        &quot;ea2&quot;: &quot;Gauteng South&quot;
      }
    },
    {
      &quot;attributes&quot;: {
        &quot;owner&quot;: &quot;DFA&quot;,
        &quot;stage&quot;: &quot;Completed&quot;,
        &quot;ea1&quot;: &quot;G50P29&quot;,
        &quot;ea2&quot;: &quot;Gauteng South&quot;
      }
    },
    {
      &quot;attributes&quot;: {
        &quot;owner&quot;: &quot;DFA&quot;,
        &quot;stage&quot;: &quot;Completed&quot;,
        &quot;ea1&quot;: &quot;G50P29&quot;,
        &quot;ea2&quot;: &quot;Gauteng South&quot;
      }
    },
    {
      &quot;attributes&quot;: {
        &quot;owner&quot;: &quot;DFA&quot;,
        &quot;stage&quot;: &quot;Completed&quot;,
        &quot;ea1&quot;: &quot;G50P29&quot;,
        &quot;ea2&quot;: &quot;Gauteng South&quot;
      }
    },
    {
      &quot;attributes&quot;: {
        &quot;owner&quot;: &quot;DFA&quot;,
        &quot;stage&quot;: &quot;Completed&quot;,
        &quot;ea1&quot;: &quot;G50P29&quot;,
        &quot;ea2&quot;: &quot;Gauteng South&quot;
      }
    },
    {
      &quot;attributes&quot;: {
        &quot;owner&quot;: &quot;DFA&quot;,
        &quot;stage&quot;: &quot;Completed&quot;,
        &quot;ea1&quot;: &quot;G50P29&quot;,
        &quot;ea2&quot;: &quot;Gauteng South&quot;
      }
    },
    {
      &quot;attributes&quot;: {
        &quot;owner&quot;: &quot;DFA&quot;,
        &quot;stage&quot;: &quot;Completed&quot;,
        &quot;ea1&quot;: &quot;G50P29&quot;,
        &quot;ea2&quot;: &quot;Gauteng South&quot;
      }
    },
    {
      &quot;attributes&quot;: {
        &quot;owner&quot;: &quot;DFA&quot;,
        &quot;stage&quot;: &quot;Completed&quot;,
        &quot;ea1&quot;: &quot;G50P29&quot;,
        &quot;ea2&quot;: &quot;Gauteng South&quot;
      }
    },
    {
      &quot;attributes&quot;: {
        &quot;owner&quot;: &quot;DFA&quot;,
        &quot;stage&quot;: &quot;Completed&quot;,
        &quot;ea1&quot;: &quot;G50P29&quot;,
        &quot;ea2&quot;: &quot;Gauteng South&quot;
      }
    },
    {
      &quot;attributes&quot;: {
        &quot;owner&quot;: &quot;DFA&quot;,
        &quot;stage&quot;: &quot;Completed&quot;,
        &quot;ea1&quot;: &quot;G50P29&quot;,
        &quot;ea2&quot;: &quot;Gauteng South&quot;
      }
    },
    {
      &quot;attributes&quot;: {
        &quot;owner&quot;: &quot;DFA&quot;,
        &quot;stage&quot;: &quot;Completed&quot;,
        &quot;ea1&quot;: &quot;G50P29&quot;,
        &quot;ea2&quot;: &quot;Gauteng South&quot;
      }
    },
    {
      &quot;attributes&quot;: {
        &quot;owner&quot;: &quot;DFA&quot;,
        &quot;stage&quot;: &quot;Completed&quot;,
        &quot;ea1&quot;: &quot;G50P29&quot;,
        &quot;ea2&quot;: &quot;Gauteng South&quot;
      }
    },
    {
      &quot;attributes&quot;: {
        &quot;owner&quot;: &quot;DFA&quot;,
        &quot;stage&quot;: &quot;Completed&quot;,
        &quot;ea1&quot;: &quot;G50P29&quot;,
        &quot;ea2&quot;: &quot;Gauteng South&quot;
      }
    },
    {
      &quot;attributes&quot;: {
        &quot;owner&quot;: &quot;DFA&quot;,
        &quot;stage&quot;: &quot;Completed&quot;,
        &quot;ea1&quot;: &quot;G50P29&quot;,
        &quot;ea2&quot;: &quot;Gauteng South&quot;
      }
    },
    {
      &quot;attributes&quot;: {
        &quot;owner&quot;: &quot;DFA&quot;,
        &quot;stage&quot;: &quot;Completed&quot;,
        &quot;ea1&quot;: &quot;G50P29&quot;,
        &quot;ea2&quot;: &quot;Gauteng South&quot;
      }
    },
    {
      &quot;attributes&quot;: {
        &quot;owner&quot;: &quot;DFA&quot;,
        &quot;stage&quot;: &quot;Construction&quot;,
        &quot;ea1&quot;: &quot;none&quot;,
        &quot;ea2&quot;: &quot;None&quot;
      }
    },
    {
      &quot;attributes&quot;: {
        &quot;owner&quot;: &quot;DFA&quot;,
        &quot;stage&quot;: &quot;Completed&quot;,
        &quot;ea1&quot;: &quot;G50P29&quot;,
        &quot;ea2&quot;: &quot;Gauteng South&quot;
      }
    },
    {
      &quot;attributes&quot;: {
        &quot;owner&quot;: &quot;DFA&quot;,
        &quot;stage&quot;: &quot;Completed&quot;,
        &quot;ea1&quot;: &quot;G50P29&quot;,
        &quot;ea2&quot;: &quot;Gauteng South&quot;
      }
    },
    {
      &quot;attributes&quot;: {
        &quot;owner&quot;: &quot;DFA&quot;,
        &quot;stage&quot;: &quot;Completed&quot;,
        &quot;ea1&quot;: &quot;G50P29&quot;,
        &quot;ea2&quot;: &quot;Gauteng South&quot;
      }
    },
    {
      &quot;attributes&quot;: {
        &quot;owner&quot;: &quot;DFA&quot;,
        &quot;stage&quot;: &quot;Completed&quot;,
        &quot;ea1&quot;: &quot;G50P29&quot;,
        &quot;ea2&quot;: &quot;Gauteng South&quot;
      }
    },
    {
      &quot;attributes&quot;: {
        &quot;owner&quot;: &quot;DFA&quot;,
        &quot;stage&quot;: &quot;Completed&quot;,
        &quot;ea1&quot;: &quot;G50P29&quot;,
        &quot;ea2&quot;: &quot;Gauteng South&quot;
      }
    },
    {
      &quot;attributes&quot;: {
        &quot;owner&quot;: &quot;DFA&quot;,
        &quot;stage&quot;: &quot;Completed&quot;,
        &quot;ea1&quot;: &quot;G50P29&quot;,
        &quot;ea2&quot;: &quot;Gauteng South&quot;
      }
    },
    {
      &quot;attributes&quot;: {
        &quot;owner&quot;: &quot;DFA&quot;,
        &quot;stage&quot;: &quot;Completed&quot;,
        &quot;ea1&quot;: &quot;G50P29&quot;,
        &quot;ea2&quot;: &quot;Gauteng South&quot;
      }
    },
    {
      &quot;attributes&quot;: {
        &quot;owner&quot;: &quot;DFA&quot;,
        &quot;stage&quot;: &quot;Completed&quot;,
        &quot;ea1&quot;: &quot;G50P29&quot;,
        &quot;ea2&quot;: &quot;Gauteng South&quot;
      }
    },
    {
      &quot;attributes&quot;: {
        &quot;owner&quot;: &quot;DFA&quot;,
        &quot;stage&quot;: &quot;Completed&quot;,
        &quot;ea1&quot;: &quot;G50P29&quot;,
        &quot;ea2&quot;: &quot;Gauteng South&quot;
      }
    },
    {
      &quot;attributes&quot;: {
        &quot;owner&quot;: &quot;DFA&quot;,
        &quot;stage&quot;: &quot;Completed&quot;,
        &quot;ea1&quot;: &quot;G50P29&quot;,
        &quot;ea2&quot;: &quot;Gauteng South&quot;
      }
    },
    {
      &quot;attributes&quot;: {
        &quot;owner&quot;: &quot;DFA&quot;,
        &quot;stage&quot;: &quot;Completed&quot;,
        &quot;ea1&quot;: &quot;G50P29&quot;,
        &quot;ea2&quot;: &quot;Gauteng South&quot;
      }
    },
    {
      &quot;attributes&quot;: {
        &quot;owner&quot;: &quot;DFA&quot;,
        &quot;stage&quot;: &quot;Completed&quot;,
        &quot;ea1&quot;: &quot;G50P29&quot;,
        &quot;ea2&quot;: &quot;Gauteng South&quot;
      }
    },
    {
      &quot;attributes&quot;: {
        &quot;owner&quot;: &quot;DFA&quot;,
        &quot;stage&quot;: &quot;Completed&quot;,
        &quot;ea1&quot;: &quot;G50P29&quot;,
        &quot;ea2&quot;: &quot;Gauteng South&quot;
      }
    },
    {
      &quot;attributes&quot;: {
        &quot;owner&quot;: &quot;DFA&quot;,
        &quot;stage&quot;: &quot;Completed&quot;,
        &quot;ea1&quot;: &quot;G50P29&quot;,
        &quot;ea2&quot;: &quot;Gauteng South&quot;
      }
    },
    {
      &quot;attributes&quot;: {
        &quot;owner&quot;: &quot;DFA&quot;,
        &quot;stage&quot;: &quot;Completed&quot;,
        &quot;ea1&quot;: &quot;G50P29&quot;,
        &quot;ea2&quot;: &quot;Gauteng South&quot;
      }
    },
    {
      &quot;attributes&quot;: {
        &quot;owner&quot;: &quot;DFA&quot;,
        &quot;stage&quot;: &quot;Completed&quot;,
        &quot;ea1&quot;: &quot;G50P29&quot;,
        &quot;ea2&quot;: &quot;Gauteng South&quot;
      }
    },
    {
      &quot;attributes&quot;: {
        &quot;owner&quot;: &quot;DFA&quot;,
        &quot;stage&quot;: &quot;Completed&quot;,
        &quot;ea1&quot;: &quot;G50P29&quot;,
        &quot;ea2&quot;: &quot;Gauteng South&quot;
      }
    },
    {
      &quot;attributes&quot;: {
        &quot;owner&quot;: &quot;DFA&quot;,
        &quot;stage&quot;: &quot;Completed&quot;,
        &quot;ea1&quot;: &quot;G50P29&quot;,
        &quot;ea2&quot;: &quot;Gauteng South&quot;
      }
    },
    {
      &quot;attributes&quot;: {
        &quot;owner&quot;: &quot;DFA&quot;,
        &quot;stage&quot;: &quot;Completed&quot;,
        &quot;ea1&quot;: &quot;G50P29&quot;,
        &quot;ea2&quot;: &quot;Gauteng South&quot;
      }
    },
    {
      &quot;attributes&quot;: {
        &quot;owner&quot;: &quot;DFA&quot;,
        &quot;stage&quot;: &quot;Completed&quot;,
        &quot;ea1&quot;: &quot;G50P29&quot;,
        &quot;ea2&quot;: &quot;Gauteng South&quot;
      }
    },
    {
      &quot;attributes&quot;: {
        &quot;owner&quot;: &quot;DFA&quot;,
        &quot;stage&quot;: &quot;Completed&quot;,
        &quot;ea1&quot;: &quot;G50P29&quot;,
        &quot;ea2&quot;: &quot;Gauteng South&quot;
      }
    },
    {
      &quot;attributes&quot;: {
        &quot;owner&quot;: &quot;DFA&quot;,
        &quot;stage&quot;: &quot;Completed&quot;,
        &quot;ea1&quot;: &quot;G50P29&quot;,
        &quot;ea2&quot;: &quot;Gauteng South&quot;
      }
    },
    {
      &quot;attributes&quot;: {
        &quot;owner&quot;: &quot;DFA&quot;,
        &quot;stage&quot;: &quot;Completed&quot;,
        &quot;ea1&quot;: &quot;AS00735GH220001&quot;,
        &quot;ea2&quot;: &quot;Northern Region&quot;
      }
    },
    {
      &quot;attributes&quot;: {
        &quot;owner&quot;: &quot;DFA&quot;,
        &quot;stage&quot;: &quot;Completed&quot;,
        &quot;ea1&quot;: &quot;G53P75&quot;,
        &quot;ea2&quot;: &quot;Gauteng South&quot;
      }
    },
    {
      &quot;attributes&quot;: {
        &quot;owner&quot;: &quot;DFA&quot;,
        &quot;stage&quot;: &quot;Completed&quot;,
        &quot;ea1&quot;: &quot;G53P75&quot;,
        &quot;ea2&quot;: &quot;Gauteng South&quot;
      }
    },
    {
      &quot;attributes&quot;: {
        &quot;owner&quot;: &quot;DFA&quot;,
        &quot;stage&quot;: &quot;Completed&quot;,
        &quot;ea1&quot;: &quot;G53P75&quot;,
        &quot;ea2&quot;: &quot;Gauteng South&quot;
      }
    },
    {
      &quot;attributes&quot;: {
        &quot;owner&quot;: &quot;DFA&quot;,
        &quot;stage&quot;: &quot;Completed&quot;,
        &quot;ea1&quot;: &quot;G53P75&quot;,
        &quot;ea2&quot;: &quot;Gauteng South&quot;
      }
    },
    {
      &quot;attributes&quot;: {
        &quot;owner&quot;: &quot;DFA&quot;,
        &quot;stage&quot;: &quot;Completed&quot;,
        &quot;ea1&quot;: &quot;G53P75&quot;,
        &quot;ea2&quot;: &quot;Gauteng South&quot;
      }
    },
    {
      &quot;attributes&quot;: {
        &quot;owner&quot;: &quot;DFA&quot;,
        &quot;stage&quot;: &quot;Completed&quot;,
        &quot;ea1&quot;: &quot;K20P21&quot;,
        &quot;ea2&quot;: &quot;Kwa-Zulu Natal&quot;
      }
    },
    {
      &quot;attributes&quot;: {
        &quot;owner&quot;: &quot;DFA&quot;,
        &quot;stage&quot;: &quot;Completed&quot;,
        &quot;ea1&quot;: &quot;K20P21&quot;,
        &quot;ea2&quot;: &quot;Kwa-Zulu Natal&quot;
      }
    },
    {
      &quot;attributes&quot;: {
        &quot;owner&quot;: &quot;DFA&quot;,
        &quot;stage&quot;: &quot;Completed&quot;,
        &quot;ea1&quot;: &quot;K20P21&quot;,
        &quot;ea2&quot;: &quot;Kwa-Zulu Natal&quot;
      }
    },
    {
      &quot;attributes&quot;: {
        &quot;owner&quot;: &quot;DFA&quot;,
        &quot;stage&quot;: &quot;Completed&quot;,
        &quot;ea1&quot;: &quot;K20P21&quot;,
        &quot;ea2&quot;: &quot;Kwa-Zulu Natal&quot;
      }
    },
    {
      &quot;attributes&quot;: {
        &quot;owner&quot;: &quot;DFA&quot;,
        &quot;stage&quot;: &quot;Completed&quot;,
        &quot;ea1&quot;: &quot;K20P21&quot;,
        &quot;ea2&quot;: &quot;Kwa-Zulu Natal&quot;
      }
    },
    {
      &quot;attributes&quot;: {
        &quot;owner&quot;: &quot;DFA&quot;,
        &quot;stage&quot;: &quot;Completed&quot;,
        &quot;ea1&quot;: &quot;K20P21&quot;,
        &quot;ea2&quot;: &quot;Kwa-Zulu Natal&quot;
      }
    },
    {
      &quot;attributes&quot;: {
        &quot;owner&quot;: &quot;DFA&quot;,
        &quot;stage&quot;: &quot;Completed&quot;,
        &quot;ea1&quot;: &quot;AS03947WH280510B&quot;,
        &quot;ea2&quot;: &quot;Western Region&quot;
      }
    },
    {
      &quot;attributes&quot;: {
        &quot;owner&quot;: &quot;DFA&quot;,
        &quot;stage&quot;: &quot;Completed&quot;,
        &quot;ea1&quot;: &quot;K20P21&quot;,
        &quot;ea2&quot;: &quot;Kwa-Zulu Natal&quot;
      }
    },
    {
      &quot;attributes&quot;: {
        &quot;owner&quot;: &quot;DFA&quot;,
        &quot;stage&quot;: &quot;Construction&quot;,
        &quot;ea1&quot;: &quot;none&quot;,
        &quot;ea2&quot;: &quot;None&quot;
      }
    },
    {
      &quot;attributes&quot;: {
        &quot;owner&quot;: &quot;DFA&quot;,
        &quot;stage&quot;: &quot;Completed&quot;,
        &quot;ea1&quot;: &quot;AS00789GH301491A&quot;,
        &quot;ea2&quot;: &quot;Northern Region&quot;
      }
    },
    {
      &quot;attributes&quot;: {
        &quot;owner&quot;: &quot;DFA&quot;,
        &quot;stage&quot;: &quot;Completed&quot;,
        &quot;ea1&quot;: &quot;W50P19&quot;,
        &quot;ea2&quot;: &quot;Western Region&quot;
      }
    },
    {
      &quot;attributes&quot;: {
        &quot;owner&quot;: &quot;DFA&quot;,
        &quot;stage&quot;: &quot;Completed&quot;,
        &quot;ea1&quot;: &quot;W50P19&quot;,
        &quot;ea2&quot;: &quot;Western Region&quot;
      }
    },
    {
      &quot;attributes&quot;: {
        &quot;owner&quot;: &quot;DFA&quot;,
        &quot;stage&quot;: &quot;Completed&quot;,
        &quot;ea1&quot;: &quot;K50P40&quot;,
        &quot;ea2&quot;: &quot;Kwa-Zulu Natal&quot;
      }
    },
    {
      &quot;attributes&quot;: {
        &quot;owner&quot;: &quot;DFA&quot;,
        &quot;stage&quot;: &quot;Completed&quot;,
        &quot;ea1&quot;: &quot;K50P40&quot;,
        &quot;ea2&quot;: &quot;Kwa-Zulu Natal&quot;
      }
    },
    {
      &quot;attributes&quot;: {
        &quot;owner&quot;: &quot;DFA&quot;,
        &quot;stage&quot;: &quot;Completed&quot;,
        &quot;ea1&quot;: &quot;W51P07&quot;,
        &quot;ea2&quot;: &quot;Western Region&quot;
      }
    },
    {
      &quot;attributes&quot;: {
        &quot;owner&quot;: &quot;DFA&quot;,
        &quot;stage&quot;: &quot;Completed&quot;,
        &quot;ea1&quot;: &quot;W51P07&quot;,
        &quot;ea2&quot;: &quot;Western Region&quot;
      }
    },
    {
      &quot;attributes&quot;: {
        &quot;owner&quot;: &quot;DFA&quot;,
        &quot;stage&quot;: &quot;Completed&quot;,
        &quot;ea1&quot;: &quot;W51P07&quot;,
        &quot;ea2&quot;: &quot;Western Region&quot;
      }
    },
    {
      &quot;attributes&quot;: {
        &quot;owner&quot;: &quot;DFA&quot;,
        &quot;stage&quot;: &quot;Completed&quot;,
        &quot;ea1&quot;: &quot;W51P07&quot;,
        &quot;ea2&quot;: &quot;Western Region&quot;
      }
    },
    {
      &quot;attributes&quot;: {
        &quot;owner&quot;: &quot;DFA&quot;,
        &quot;stage&quot;: &quot;Completed&quot;,
        &quot;ea1&quot;: &quot;W51P07&quot;,
        &quot;ea2&quot;: &quot;Western Region&quot;
      }
    },
    {
      &quot;attributes&quot;: {
        &quot;owner&quot;: &quot;DFA&quot;,
        &quot;stage&quot;: &quot;Completed&quot;,
        &quot;ea1&quot;: &quot;W51P07&quot;,
        &quot;ea2&quot;: &quot;Western Region&quot;
      }
    },
    {
      &quot;attributes&quot;: {
        &quot;owner&quot;: &quot;DFA&quot;,
        &quot;stage&quot;: &quot;Completed&quot;,
        &quot;ea1&quot;: &quot;W51P07&quot;,
        &quot;ea2&quot;: &quot;Western Region&quot;
      }
    },
    {
      &quot;attributes&quot;: {
        &quot;owner&quot;: &quot;DFA&quot;,
        &quot;stage&quot;: &quot;Completed&quot;,
        &quot;ea1&quot;: &quot;W51P07&quot;,
        &quot;ea2&quot;: &quot;Western Region&quot;
      }
    },
    {
      &quot;attributes&quot;: {
        &quot;owner&quot;: &quot;DFA&quot;,
        &quot;stage&quot;: &quot;Construction&quot;,
        &quot;ea1&quot;: &quot;Greenway Drive Entry 1&quot;,
        &quot;ea2&quot;: &quot;Gauteng South&quot;
      }
    },
    {
      &quot;attributes&quot;: {
        &quot;owner&quot;: &quot;DFA&quot;,
        &quot;stage&quot;: &quot;Completed&quot;,
        &quot;ea1&quot;: &quot;G52P75&quot;,
        &quot;ea2&quot;: &quot;Gauteng South&quot;
      }
    },
    {
      &quot;attributes&quot;: {
        &quot;owner&quot;: &quot;DFA&quot;,
        &quot;stage&quot;: &quot;Completed&quot;,
        &quot;ea1&quot;: &quot;G52P75&quot;,
        &quot;ea2&quot;: &quot;Gauteng South&quot;
      }
    },
    {
      &quot;attributes&quot;: {
        &quot;owner&quot;: &quot;DFA&quot;,
        &quot;stage&quot;: &quot;Completed&quot;,
        &quot;ea1&quot;: &quot;G52P75&quot;,
        &quot;ea2&quot;: &quot;Gauteng South&quot;
      }
    },
    {
      &quot;attributes&quot;: {
        &quot;owner&quot;: &quot;DFA&quot;,
        &quot;stage&quot;: &quot;Completed&quot;,
        &quot;ea1&quot;: &quot;G52P75&quot;,
        &quot;ea2&quot;: &quot;Gauteng South&quot;
      }
    },
    {
      &quot;attributes&quot;: {
        &quot;owner&quot;: &quot;DFA&quot;,
        &quot;stage&quot;: &quot;Completed&quot;,
        &quot;ea1&quot;: &quot;G52P75&quot;,
        &quot;ea2&quot;: &quot;Gauteng South&quot;
      }
    },
    {
      &quot;attributes&quot;: {
        &quot;owner&quot;: &quot;DFA&quot;,
        &quot;stage&quot;: &quot;Completed&quot;,
        &quot;ea1&quot;: &quot;G52P75&quot;,
        &quot;ea2&quot;: &quot;Gauteng South&quot;
      }
    },
    {
      &quot;attributes&quot;: {
        &quot;owner&quot;: &quot;DFA&quot;,
        &quot;stage&quot;: &quot;Completed&quot;,
        &quot;ea1&quot;: &quot;G52P75&quot;,
        &quot;ea2&quot;: &quot;Gauteng South&quot;
      }
    },
    {
      &quot;attributes&quot;: {
        &quot;owner&quot;: &quot;DFA&quot;,
        &quot;stage&quot;: &quot;Completed&quot;,
        &quot;ea1&quot;: &quot;G52P75&quot;,
        &quot;ea2&quot;: &quot;Gauteng South&quot;
      }
    },
    {
      &quot;attributes&quot;: {
        &quot;owner&quot;: &quot;DFA&quot;,
        &quot;stage&quot;: &quot;Completed&quot;,
        &quot;ea1&quot;: &quot;G52P75&quot;,
        &quot;ea2&quot;: &quot;Gauteng South&quot;
      }
    },
    {
      &quot;attributes&quot;: {
        &quot;owner&quot;: &quot;DFA&quot;,
        &quot;stage&quot;: &quot;Completed&quot;,
        &quot;ea1&quot;: &quot;G52P75&quot;,
        &quot;ea2&quot;: &quot;Gauteng South&quot;
      }
    },
    {
      &quot;attributes&quot;: {
        &quot;owner&quot;: &quot;DFA&quot;,
        &quot;stage&quot;: &quot;Completed&quot;,
        &quot;ea1&quot;: &quot;G52P75&quot;,
        &quot;ea2&quot;: &quot;Gauteng South&quot;
      }
    },
    {
      &quot;attributes&quot;: {
        &quot;owner&quot;: &quot;DFA&quot;,
        &quot;stage&quot;: &quot;Completed&quot;,
        &quot;ea1&quot;: &quot;G52P75&quot;,
        &quot;ea2&quot;: &quot;Gauteng South&quot;
      }
    },
    {
      &quot;attributes&quot;: {
        &quot;owner&quot;: &quot;DFA&quot;,
        &quot;stage&quot;: &quot;Completed&quot;,
        &quot;ea1&quot;: &quot;G52P75&quot;,
        &quot;ea2&quot;: &quot;Gauteng South&quot;
      }
    },
    {
      &quot;attributes&quot;: {
        &quot;owner&quot;: &quot;DFA&quot;,
        &quot;stage&quot;: &quot;Completed&quot;,
        &quot;ea1&quot;: &quot;G52P75&quot;,
        &quot;ea2&quot;: &quot;Gauteng South&quot;
      }
    },
    {
      &quot;attributes&quot;: {
        &quot;owner&quot;: &quot;DFA&quot;,
        &quot;stage&quot;: &quot;Completed&quot;,
        &quot;ea1&quot;: &quot;G52P75&quot;,
        &quot;ea2&quot;: &quot;Gauteng South&quot;
      }
    },
    {
      &quot;attributes&quot;: {
        &quot;owner&quot;: &quot;DFA&quot;,
        &quot;stage&quot;: &quot;Completed&quot;,
        &quot;ea1&quot;: &quot;G52P75&quot;,
        &quot;ea2&quot;: &quot;Gauteng South&quot;
      }
    },
    {
      &quot;attributes&quot;: {
        &quot;owner&quot;: &quot;DFA&quot;,
        &quot;stage&quot;: &quot;Completed&quot;,
        &quot;ea1&quot;: &quot;G52P75&quot;,
        &quot;ea2&quot;: &quot;Gauteng South&quot;
      }
    },
    {
      &quot;attributes&quot;: {
        &quot;owner&quot;: &quot;DFA&quot;,
        &quot;stage&quot;: &quot;Completed&quot;,
        &quot;ea1&quot;: &quot;G52P75&quot;,
        &quot;ea2&quot;: &quot;Gauteng South&quot;
      }
    },
    {
      &quot;attributes&quot;: {
        &quot;owner&quot;: &quot;DFA&quot;,
        &quot;stage&quot;: &quot;Completed&quot;,
        &quot;ea1&quot;: &quot;G52P75&quot;,
        &quot;ea2&quot;: &quot;Gauteng South&quot;
      }
    },
    {
      &quot;attributes&quot;: {
        &quot;owner&quot;: &quot;DFA&quot;,
        &quot;stage&quot;: &quot;Completed&quot;,
        &quot;ea1&quot;: &quot;G52P75&quot;,
        &quot;ea2&quot;: &quot;Gauteng South&quot;
      }
    },
    {
      &quot;attributes&quot;: {
        &quot;owner&quot;: &quot;DFA&quot;,
        &quot;stage&quot;: &quot;Completed&quot;,
        &quot;ea1&quot;: &quot;G52P75&quot;,
        &quot;ea2&quot;: &quot;Gauteng South&quot;
      }
    },
    {
      &quot;attributes&quot;: {
        &quot;owner&quot;: &quot;DFA&quot;,
        &quot;stage&quot;: &quot;Completed&quot;,
        &quot;ea1&quot;: &quot;W50P23&quot;,
        &quot;ea2&quot;: &quot;Western Region&quot;
      }
    },
    {
      &quot;attributes&quot;: {
        &quot;owner&quot;: &quot;DFA&quot;,
        &quot;stage&quot;: &quot;Completed&quot;,
        &quot;ea1&quot;: &quot;G52P75&quot;,
        &quot;ea2&quot;: &quot;Gauteng South&quot;
      }
    },
    {
      &quot;attributes&quot;: {
        &quot;owner&quot;: &quot;DFA&quot;,
        &quot;stage&quot;: &quot;Completed&quot;,
        &quot;ea1&quot;: &quot;G52P75&quot;,
        &quot;ea2&quot;: &quot;Gauteng South&quot;
      }
    },
    {
      &quot;attributes&quot;: {
        &quot;owner&quot;: &quot;DFA&quot;,
        &quot;stage&quot;: &quot;Construction&quot;,
        &quot;ea1&quot;: &quot;G52P75&quot;,
        &quot;ea2&quot;: &quot;Gauteng South&quot;
      }
    },
    {
      &quot;attributes&quot;: {
        &quot;owner&quot;: &quot;DFA&quot;,
        &quot;stage&quot;: &quot;Completed&quot;,
        &quot;ea1&quot;: &quot;G52P75&quot;,
        &quot;ea2&quot;: &quot;Gauteng South&quot;
      }
    },
    {
      &quot;attributes&quot;: {
        &quot;owner&quot;: &quot;DFA&quot;,
        &quot;stage&quot;: &quot;Completed&quot;,
        &quot;ea1&quot;: &quot;G52P75&quot;,
        &quot;ea2&quot;: &quot;Gauteng South&quot;
      }
    },
    {
      &quot;attributes&quot;: {
        &quot;owner&quot;: &quot;DFA&quot;,
        &quot;stage&quot;: &quot;Completed&quot;,
        &quot;ea1&quot;: &quot;G52P75&quot;,
        &quot;ea2&quot;: &quot;Gauteng South&quot;
      }
    },
    {
      &quot;attributes&quot;: {
        &quot;owner&quot;: &quot;DFA&quot;,
        &quot;stage&quot;: &quot;Completed&quot;,
        &quot;ea1&quot;: &quot;G52P75&quot;,
        &quot;ea2&quot;: &quot;Gauteng South&quot;
      }
    },
    {
      &quot;attributes&quot;: {
        &quot;owner&quot;: &quot;DFA&quot;,
        &quot;stage&quot;: &quot;Completed&quot;,
        &quot;ea1&quot;: &quot;G52P75&quot;,
        &quot;ea2&quot;: &quot;Gauteng South&quot;
      }
    },
    {
      &quot;attributes&quot;: {
        &quot;owner&quot;: &quot;DFA&quot;,
        &quot;stage&quot;: &quot;Completed&quot;,
        &quot;ea1&quot;: &quot;G52P75&quot;,
        &quot;ea2&quot;: &quot;Gauteng South&quot;
      }
    },
    {
      &quot;attributes&quot;: {
        &quot;owner&quot;: &quot;DFA&quot;,
        &quot;stage&quot;: &quot;Completed&quot;,
        &quot;ea1&quot;: &quot;none&quot;,
        &quot;ea2&quot;: &quot;Western Region&quot;
      }
    },
    {
      &quot;attributes&quot;: {
        &quot;owner&quot;: &quot;DFA&quot;,
        &quot;stage&quot;: &quot;Construction&quot;,
        &quot;ea1&quot;: &quot;ECN Telekoms Entry 2&quot;,
        &quot;ea2&quot;: &quot;Eastern Region&quot;
      }
    },
    {
      &quot;attributes&quot;: {
        &quot;owner&quot;: &quot;DFA&quot;,
        &quot;stage&quot;: &quot;Completed&quot;,
        &quot;ea1&quot;: &quot;AS00573GH000223&quot;,
        &quot;ea2&quot;: &quot;Eastern Region&quot;
      }
    },
    {
      &quot;attributes&quot;: {
        &quot;owner&quot;: &quot;DFA&quot;,
        &quot;stage&quot;: &quot;Completed&quot;,
        &quot;ea1&quot;: &quot;Greenside East Entry 1&quot;,
        &quot;ea2&quot;: &quot;Gauteng South&quot;
      }
    },
    {
      &quot;attributes&quot;: {
        &quot;owner&quot;: &quot;DFA&quot;,
        &quot;stage&quot;: &quot;Construction&quot;,
        &quot;ea1&quot;: &quot;Hyde Park Entry 1&quot;,
        &quot;ea2&quot;: &quot;Gauteng South&quot;
      }
    },
    {
      &quot;attributes&quot;: {
        &quot;owner&quot;: &quot;DFA&quot;,
        &quot;stage&quot;: &quot;Construction&quot;,
        &quot;ea1&quot;: &quot;Southern Sun Hyde Park Ent 1&quot;,
        &quot;ea2&quot;: &quot;Gauteng South&quot;
      }
    },
    {
      &quot;attributes&quot;: {
        &quot;owner&quot;: &quot;DFA&quot;,
        &quot;stage&quot;: &quot;Construction&quot;,
        &quot;ea1&quot;: &quot;E_Rosebank_02A ENT 02&quot;,
        &quot;ea2&quot;: &quot;Eastern Region&quot;
      }
    },
    {
      &quot;attributes&quot;: {
        &quot;owner&quot;: &quot;DFA&quot;,
        &quot;stage&quot;: &quot;Completed&quot;,
        &quot;ea1&quot;: &quot;W51P08&quot;,
        &quot;ea2&quot;: &quot;Western Region&quot;
      }
    },
    {
      &quot;attributes&quot;: {
        &quot;owner&quot;: &quot;DFA&quot;,
        &quot;stage&quot;: &quot;Completed&quot;,
        &quot;ea1&quot;: &quot;W51P08&quot;,
        &quot;ea2&quot;: &quot;Western Region&quot;
      }
    },
    {
      &quot;attributes&quot;: {
        &quot;owner&quot;: &quot;DFA&quot;,
        &quot;stage&quot;: &quot;Completed&quot;,
        &quot;ea1&quot;: &quot;W51P17&quot;,
        &quot;ea2&quot;: &quot;Western Region&quot;
      }
    },
    {
      &quot;attributes&quot;: {
        &quot;owner&quot;: &quot;DFA&quot;,
        &quot;stage&quot;: &quot;Completed&quot;,
        &quot;ea1&quot;: &quot;W51P17&quot;,
        &quot;ea2&quot;: &quot;Western Region&quot;
      }
    },
    {
      &quot;attributes&quot;: {
        &quot;owner&quot;: &quot;DFA&quot;,
        &quot;stage&quot;: &quot;Completed&quot;,
        &quot;ea1&quot;: &quot;W50P18&quot;,
        &quot;ea2&quot;: &quot;Western Region&quot;
      }
    },
    {
      &quot;attributes&quot;: {
        &quot;owner&quot;: &quot;DFA&quot;,
        &quot;stage&quot;: &quot;Completed&quot;,
        &quot;ea1&quot;: &quot;W50P18&quot;,
        &quot;ea2&quot;: &quot;Western Region&quot;
      }
    },
    {
      &quot;attributes&quot;: {
        &quot;owner&quot;: &quot;DFA&quot;,
        &quot;stage&quot;: &quot;Completed&quot;,
        &quot;ea1&quot;: &quot;W50P18&quot;,
        &quot;ea2&quot;: &quot;Western Region&quot;
      }
    },
    {
      &quot;attributes&quot;: {
        &quot;owner&quot;: &quot;DFA&quot;,
        &quot;stage&quot;: &quot;Completed&quot;,
        &quot;ea1&quot;: &quot;W50P18&quot;,
        &quot;ea2&quot;: &quot;Western Region&quot;
      }
    },
    {
      &quot;attributes&quot;: {
        &quot;owner&quot;: &quot;DFA&quot;,
        &quot;stage&quot;: &quot;Completed&quot;,
        &quot;ea1&quot;: &quot;W50P18&quot;,
        &quot;ea2&quot;: &quot;Western Region&quot;
      }
    },
    {
      &quot;attributes&quot;: {
        &quot;owner&quot;: &quot;DFA&quot;,
        &quot;stage&quot;: &quot;Completed&quot;,
        &quot;ea1&quot;: &quot;W50P18&quot;,
        &quot;ea2&quot;: &quot;Western Region&quot;
      }
    },
    {
      &quot;attributes&quot;: {
        &quot;owner&quot;: &quot;DFA&quot;,
        &quot;stage&quot;: &quot;Completed&quot;,
        &quot;ea1&quot;: &quot;W50P18&quot;,
        &quot;ea2&quot;: &quot;Western Region&quot;
      }
    },
    {
      &quot;attributes&quot;: {
        &quot;owner&quot;: &quot;DFA&quot;,
        &quot;stage&quot;: &quot;Completed&quot;,
        &quot;ea1&quot;: &quot;W50P18&quot;,
        &quot;ea2&quot;: &quot;Western Region&quot;
      }
    },
    {
      &quot;attributes&quot;: {
        &quot;owner&quot;: &quot;DFA&quot;,
        &quot;stage&quot;: &quot;Completed&quot;,
        &quot;ea1&quot;: &quot;W50P18&quot;,
        &quot;ea2&quot;: &quot;Western Region&quot;
      }
    },
    {
      &quot;attributes&quot;: {
        &quot;owner&quot;: &quot;DFA&quot;,
        &quot;stage&quot;: &quot;Completed&quot;,
        &quot;ea1&quot;: &quot;W50P18&quot;,
        &quot;ea2&quot;: &quot;Western Region&quot;
      }
    },
    {
      &quot;attributes&quot;: {
        &quot;owner&quot;: &quot;DFA&quot;,
        &quot;stage&quot;: &quot;Completed&quot;,
        &quot;ea1&quot;: &quot;W50P18&quot;,
        &quot;ea2&quot;: &quot;Western Region&quot;
      }
    },
    {
      &quot;attributes&quot;: {
        &quot;owner&quot;: &quot;DFA&quot;,
        &quot;stage&quot;: &quot;Completed&quot;,
        &quot;ea1&quot;: &quot;W50P18&quot;,
        &quot;ea2&quot;: &quot;Western Region&quot;
      }
    },
    {
      &quot;attributes&quot;: {
        &quot;owner&quot;: &quot;DFA&quot;,
        &quot;stage&quot;: &quot;Completed&quot;,
        &quot;ea1&quot;: &quot;W50P18&quot;,
        &quot;ea2&quot;: &quot;Western Region&quot;
      }
    },
    {
      &quot;attributes&quot;: {
        &quot;owner&quot;: &quot;DFA&quot;,
        &quot;stage&quot;: &quot;Completed&quot;,
        &quot;ea1&quot;: &quot;W50P18&quot;,
        &quot;ea2&quot;: &quot;Western Region&quot;
      }
    },
    {
      &quot;attributes&quot;: {
        &quot;owner&quot;: &quot;DFA&quot;,
        &quot;stage&quot;: &quot;Completed&quot;,
        &quot;ea1&quot;: &quot;W50P18&quot;,
        &quot;ea2&quot;: &quot;Western Region&quot;
      }
    },
    {
      &quot;attributes&quot;: {
        &quot;owner&quot;: &quot;DFA&quot;,
        &quot;stage&quot;: &quot;Completed&quot;,
        &quot;ea1&quot;: &quot;W50P18&quot;,
        &quot;ea2&quot;: &quot;Western Region&quot;
      }
    },
    {
      &quot;attributes&quot;: {
        &quot;owner&quot;: &quot;DFA&quot;,
        &quot;stage&quot;: &quot;Completed&quot;,
        &quot;ea1&quot;: &quot;G52P10&quot;,
        &quot;ea2&quot;: &quot;Gauteng South&quot;
      }
    },
    {
      &quot;attributes&quot;: {
        &quot;owner&quot;: &quot;DFA&quot;,
        &quot;stage&quot;: &quot;Completed&quot;,
        &quot;ea1&quot;: &quot;G20P18&quot;,
        &quot;ea2&quot;: &quot;Gauteng South&quot;
      }
    },
    {
      &quot;attributes&quot;: {
        &quot;owner&quot;: &quot;DFA&quot;,
        &quot;stage&quot;: &quot;Completed&quot;,
        &quot;ea1&quot;: &quot;G52P10&quot;,
        &quot;ea2&quot;: &quot;Gauteng South&quot;
      }
    },
    {
      &quot;attributes&quot;: {
        &quot;owner&quot;: &quot;DFA&quot;,
        &quot;stage&quot;: &quot;Completed&quot;,
        &quot;ea1&quot;: &quot;G52P10&quot;,
        &quot;ea2&quot;: &quot;Gauteng South&quot;
      }
    },
    {
      &quot;attributes&quot;: {
        &quot;owner&quot;: &quot;DFA&quot;,
        &quot;stage&quot;: &quot;Completed&quot;,
        &quot;ea1&quot;: &quot;G52P10&quot;,
        &quot;ea2&quot;: &quot;Gauteng South&quot;
      }
    },
    {
      &quot;attributes&quot;: {
        &quot;owner&quot;: &quot;DFA&quot;,
        &quot;stage&quot;: &quot;Completed&quot;,
        &quot;ea1&quot;: &quot;G52P10&quot;,
        &quot;ea2&quot;: &quot;Gauteng South&quot;
      }
    },
    {
      &quot;attributes&quot;: {
        &quot;owner&quot;: &quot;DFA&quot;,
        &quot;stage&quot;: &quot;Completed&quot;,
        &quot;ea1&quot;: &quot;w&quot;,
        &quot;ea2&quot;: &quot;Gauteng South&quot;
      }
    },
    {
      &quot;attributes&quot;: {
        &quot;owner&quot;: &quot;DFA&quot;,
        &quot;stage&quot;: &quot;Completed&quot;,
        &quot;ea1&quot;: &quot;G52P10&quot;,
        &quot;ea2&quot;: &quot;Gauteng South&quot;
      }
    },
    {
      &quot;attributes&quot;: {
        &quot;owner&quot;: &quot;DFA&quot;,
        &quot;stage&quot;: &quot;Completed&quot;,
        &quot;ea1&quot;: &quot;w&quot;,
        &quot;ea2&quot;: &quot;Gauteng South&quot;
      }
    },
    {
      &quot;attributes&quot;: {
        &quot;owner&quot;: &quot;DFA&quot;,
        &quot;stage&quot;: &quot;Completed&quot;,
        &quot;ea1&quot;: &quot;G52P10&quot;,
        &quot;ea2&quot;: &quot;Gauteng South&quot;
      }
    },
    {
      &quot;attributes&quot;: {
        &quot;owner&quot;: &quot;DFA&quot;,
        &quot;stage&quot;: &quot;Completed&quot;,
        &quot;ea1&quot;: &quot;G52P10&quot;,
        &quot;ea2&quot;: &quot;Gauteng South&quot;
      }
    },
    {
      &quot;attributes&quot;: {
        &quot;owner&quot;: &quot;DFA&quot;,
        &quot;stage&quot;: &quot;Completed&quot;,
        &quot;ea1&quot;: &quot;w&quot;,
        &quot;ea2&quot;: &quot;Gauteng South&quot;
      }
    },
    {
      &quot;attributes&quot;: {
        &quot;owner&quot;: &quot;DFA&quot;,
        &quot;stage&quot;: &quot;Completed&quot;,
        &quot;ea1&quot;: &quot;G52P10&quot;,
        &quot;ea2&quot;: &quot;Gauteng South&quot;
      }
    },
    {
      &quot;attributes&quot;: {
        &quot;owner&quot;: &quot;DFA&quot;,
        &quot;stage&quot;: &quot;Completed&quot;,
        &quot;ea1&quot;: &quot;w&quot;,
        &quot;ea2&quot;: &quot;Gauteng South&quot;
      }
    },
    {
      &quot;attributes&quot;: {
        &quot;owner&quot;: &quot;DFA&quot;,
        &quot;stage&quot;: &quot;Completed&quot;,
        &quot;ea1&quot;: &quot;VS02314GH000632&quot;,
        &quot;ea2&quot;: &quot;None&quot;
      }
    },
    {
      &quot;attributes&quot;: {
        &quot;owner&quot;: &quot;DFA&quot;,
        &quot;stage&quot;: &quot;Construction&quot;,
        &quot;ea1&quot;: &quot;w&quot;,
        &quot;ea2&quot;: &quot;Gauteng South&quot;
      }
    },
    {
      &quot;attributes&quot;: {
        &quot;owner&quot;: &quot;DFA&quot;,
        &quot;stage&quot;: &quot;Completed&quot;,
        &quot;ea1&quot;: &quot;W50P67&quot;,
        &quot;ea2&quot;: &quot;Western Region&quot;
      }
    },
    {
      &quot;attributes&quot;: {
        &quot;owner&quot;: &quot;DFA&quot;,
        &quot;stage&quot;: &quot;Completed&quot;,
        &quot;ea1&quot;: &quot;W20P30&quot;,
        &quot;ea2&quot;: &quot;Western Region&quot;
      }
    },
    {
      &quot;attributes&quot;: {
        &quot;owner&quot;: &quot;DFA&quot;,
        &quot;stage&quot;: &quot;Completed&quot;,
        &quot;ea1&quot;: &quot;W20P16&quot;,
        &quot;ea2&quot;: &quot;Western Region&quot;
      }
    },
    {
      &quot;attributes&quot;: {
        &quot;owner&quot;: &quot;DFA&quot;,
        &quot;stage&quot;: &quot;Completed&quot;,
        &quot;ea1&quot;: &quot;W20P16&quot;,
        &quot;ea2&quot;: &quot;Western Region&quot;
      }
    },
    {
      &quot;attributes&quot;: {
        &quot;owner&quot;: &quot;DFA&quot;,
        &quot;stage&quot;: &quot;Completed&quot;,
        &quot;ea1&quot;: &quot;G52P53&quot;,
        &quot;ea2&quot;: &quot;Gauteng South&quot;
      }
    },
    {
      &quot;attributes&quot;: {
        &quot;owner&quot;: &quot;DFA&quot;,
        &quot;stage&quot;: &quot;Completed&quot;,
        &quot;ea1&quot;: &quot;G52P53&quot;,
        &quot;ea2&quot;: &quot;Gauteng South&quot;
      }
    },
    {
      &quot;attributes&quot;: {
        &quot;owner&quot;: &quot;DFA&quot;,
        &quot;stage&quot;: &quot;Completed&quot;,
        &quot;ea1&quot;: &quot;G52P53&quot;,
        &quot;ea2&quot;: &quot;Gauteng South&quot;
      }
    },
    {
      &quot;attributes&quot;: {
        &quot;owner&quot;: &quot;DFA&quot;,
        &quot;stage&quot;: &quot;Completed&quot;,
        &quot;ea1&quot;: &quot;AS01215GH001823&quot;,
        &quot;ea2&quot;: &quot;Gauteng South&quot;
      }
    },
    {
      &quot;attributes&quot;: {
        &quot;owner&quot;: &quot;DFA&quot;,
        &quot;stage&quot;: &quot;Completed&quot;,
        &quot;ea1&quot;: &quot;K50P93&quot;,
        &quot;ea2&quot;: &quot;Kwa-Zulu Natal&quot;
      }
    },
    {
      &quot;attributes&quot;: {
        &quot;owner&quot;: &quot;DFA&quot;,
        &quot;stage&quot;: &quot;Completed&quot;,
        &quot;ea1&quot;: &quot;G51P19&quot;,
        &quot;ea2&quot;: &quot;Gauteng South&quot;
      }
    },
    {
      &quot;attributes&quot;: {
        &quot;owner&quot;: &quot;DFA&quot;,
        &quot;stage&quot;: &quot;Completed&quot;,
        &quot;ea1&quot;: &quot;G51P19&quot;,
        &quot;ea2&quot;: &quot;Gauteng South&quot;
      }
    },
    {
      &quot;attributes&quot;: {
        &quot;owner&quot;: &quot;DFA&quot;,
        &quot;stage&quot;: &quot;Completed&quot;,
        &quot;ea1&quot;: &quot;G51P19&quot;,
        &quot;ea2&quot;: &quot;Gauteng South&quot;
      }
    },
    {
      &quot;attributes&quot;: {
        &quot;owner&quot;: &quot;DFA&quot;,
        &quot;stage&quot;: &quot;Completed&quot;,
        &quot;ea1&quot;: &quot;G51P19&quot;,
        &quot;ea2&quot;: &quot;Gauteng South&quot;
      }
    },
    {
      &quot;attributes&quot;: {
        &quot;owner&quot;: &quot;DFA&quot;,
        &quot;stage&quot;: &quot;Completed&quot;,
        &quot;ea1&quot;: &quot;G51P19&quot;,
        &quot;ea2&quot;: &quot;Gauteng South&quot;
      }
    },
    {
      &quot;attributes&quot;: {
        &quot;owner&quot;: &quot;DFA&quot;,
        &quot;stage&quot;: &quot;Completed&quot;,
        &quot;ea1&quot;: &quot;G51P19&quot;,
        &quot;ea2&quot;: &quot;Gauteng South&quot;
      }
    },
    {
      &quot;attributes&quot;: {
        &quot;owner&quot;: &quot;DFA&quot;,
        &quot;stage&quot;: &quot;Completed&quot;,
        &quot;ea1&quot;: &quot;G51P19&quot;,
        &quot;ea2&quot;: &quot;Gauteng South&quot;
      }
    },
    {
      &quot;attributes&quot;: {
        &quot;owner&quot;: &quot;DFA&quot;,
        &quot;stage&quot;: &quot;Completed&quot;,
        &quot;ea1&quot;: &quot;G51P19&quot;,
        &quot;ea2&quot;: &quot;Gauteng South&quot;
      }
    },
    {
      &quot;attributes&quot;: {
        &quot;owner&quot;: &quot;DFA&quot;,
        &quot;stage&quot;: &quot;Completed&quot;,
        &quot;ea1&quot;: &quot;W50P89&quot;,
        &quot;ea2&quot;: &quot;Western Region&quot;
      }
    },
    {
      &quot;attributes&quot;: {
        &quot;owner&quot;: &quot;DFA&quot;,
        &quot;stage&quot;: &quot;Completed&quot;,
        &quot;ea1&quot;: &quot;G51P19&quot;,
        &quot;ea2&quot;: &quot;Gauteng South&quot;
      }
    },
    {
      &quot;attributes&quot;: {
        &quot;owner&quot;: &quot;DFA&quot;,
        &quot;stage&quot;: &quot;Completed&quot;,
        &quot;ea1&quot;: &quot;G51P19&quot;,
        &quot;ea2&quot;: &quot;Gauteng South&quot;
      }
    },
    {
      &quot;attributes&quot;: {
        &quot;owner&quot;: &quot;DFA&quot;,
        &quot;stage&quot;: &quot;Completed&quot;,
        &quot;ea1&quot;: &quot;G51P19&quot;,
        &quot;ea2&quot;: &quot;Gauteng South&quot;
      }
    },
    {
      &quot;attributes&quot;: {
        &quot;owner&quot;: &quot;DFA&quot;,
        &quot;stage&quot;: &quot;Completed&quot;,
        &quot;ea1&quot;: &quot;G51P19&quot;,
        &quot;ea2&quot;: &quot;Gauteng South&quot;
      }
    },
    {
      &quot;attributes&quot;: {
        &quot;owner&quot;: &quot;DFA&quot;,
        &quot;stage&quot;: &quot;Completed&quot;,
        &quot;ea1&quot;: &quot;G51P19&quot;,
        &quot;ea2&quot;: &quot;Gauteng South&quot;
      }
    },
    {
      &quot;attributes&quot;: {
        &quot;owner&quot;: &quot;DFA&quot;,
        &quot;stage&quot;: &quot;Completed&quot;,
        &quot;ea1&quot;: &quot;W50P89&quot;,
        &quot;ea2&quot;: &quot;Western Region&quot;
      }
    },
    {
      &quot;attributes&quot;: {
        &quot;owner&quot;: &quot;DFA&quot;,
        &quot;stage&quot;: &quot;Completed&quot;,
        &quot;ea1&quot;: &quot;W50P89&quot;,
        &quot;ea2&quot;: &quot;Western Region&quot;
      }
    },
    {
      &quot;attributes&quot;: {
        &quot;owner&quot;: &quot;DFA&quot;,
        &quot;stage&quot;: &quot;Completed&quot;,
        &quot;ea1&quot;: &quot;W50P89&quot;,
        &quot;ea2&quot;: &quot;Western Region&quot;
      }
    },
    {
      &quot;attributes&quot;: {
        &quot;owner&quot;: &quot;DFA&quot;,
        &quot;stage&quot;: &quot;Completed&quot;,
        &quot;ea1&quot;: &quot;W50P89&quot;,
        &quot;ea2&quot;: &quot;Western Region&quot;
      }
    },
    {
      &quot;attributes&quot;: {
        &quot;owner&quot;: &quot;DFA&quot;,
        &quot;stage&quot;: &quot;Completed&quot;,
        &quot;ea1&quot;: &quot;W50P89&quot;,
        &quot;ea2&quot;: &quot;Western Region&quot;
      }
    },
    {
      &quot;attributes&quot;: {
        &quot;owner&quot;: &quot;DFA&quot;,
        &quot;stage&quot;: &quot;Construction&quot;,
        &quot;ea1&quot;: &quot;w&quot;,
        &quot;ea2&quot;: &quot;None&quot;
      }
    },
    {
      &quot;attributes&quot;: {
        &quot;owner&quot;: &quot;DFA&quot;,
        &quot;stage&quot;: &quot;Completed&quot;,
        &quot;ea1&quot;: &quot;W50P89&quot;,
        &quot;ea2&quot;: &quot;Western Region&quot;
      }
    },
    {
      &quot;attributes&quot;: {
        &quot;owner&quot;: &quot;DFA&quot;,
        &quot;stage&quot;: &quot;Completed&quot;,
        &quot;ea1&quot;: &quot;W50P89&quot;,
        &quot;ea2&quot;: &quot;Western Region&quot;
      }
    },
    {
      &quot;attributes&quot;: {
        &quot;owner&quot;: &quot;DFA&quot;,
        &quot;stage&quot;: &quot;Completed&quot;,
        &quot;ea1&quot;: &quot;W50P89&quot;,
        &quot;ea2&quot;: &quot;Western Region&quot;
      }
    },
    {
      &quot;attributes&quot;: {
        &quot;owner&quot;: &quot;DFA&quot;,
        &quot;stage&quot;: &quot;Completed&quot;,
        &quot;ea1&quot;: &quot;W50P89&quot;,
        &quot;ea2&quot;: &quot;Western Region&quot;
      }
    },
    {
      &quot;attributes&quot;: {
        &quot;owner&quot;: &quot;DFA&quot;,
        &quot;stage&quot;: &quot;Completed&quot;,
        &quot;ea1&quot;: &quot;W50P89&quot;,
        &quot;ea2&quot;: &quot;Western Region&quot;
      }
    },
    {
      &quot;attributes&quot;: {
        &quot;owner&quot;: &quot;DFA&quot;,
        &quot;stage&quot;: &quot;Construction&quot;,
        &quot;ea1&quot;: &quot;w&quot;,
        &quot;ea2&quot;: &quot;None&quot;
      }
    },
    {
      &quot;attributes&quot;: {
        &quot;owner&quot;: &quot;DFA&quot;,
        &quot;stage&quot;: &quot;Completed&quot;,
        &quot;ea1&quot;: &quot;W50P89&quot;,
        &quot;ea2&quot;: &quot;Western Region&quot;
      }
    },
    {
      &quot;attributes&quot;: {
        &quot;owner&quot;: &quot;DFA&quot;,
        &quot;stage&quot;: &quot;Completed&quot;,
        &quot;ea1&quot;: &quot;W50P89&quot;,
        &quot;ea2&quot;: &quot;Western Region&quot;
      }
    },
    {
      &quot;attributes&quot;: {
        &quot;owner&quot;: &quot;DFA&quot;,
        &quot;stage&quot;: &quot;Completed&quot;,
        &quot;ea1&quot;: &quot;W50P89&quot;,
        &quot;ea2&quot;: &quot;Western Region&quot;
      }
    },
    {
      &quot;attributes&quot;: {
        &quot;owner&quot;: &quot;DFA&quot;,
        &quot;stage&quot;: &quot;Construction&quot;,
        &quot;ea1&quot;: &quot;w&quot;,
        &quot;ea2&quot;: &quot;None&quot;
      }
    },
    {
      &quot;attributes&quot;: {
        &quot;owner&quot;: &quot;DFA&quot;,
        &quot;stage&quot;: &quot;Completed&quot;,
        &quot;ea1&quot;: &quot;W50P89&quot;,
        &quot;ea2&quot;: &quot;Western Region&quot;
      }
    },
    {
      &quot;attributes&quot;: {
        &quot;owner&quot;: &quot;DFA&quot;,
        &quot;stage&quot;: &quot;Completed&quot;,
        &quot;ea1&quot;: &quot;W50P89&quot;,
        &quot;ea2&quot;: &quot;Western Region&quot;
      }
    },
    {
      &quot;attributes&quot;: {
        &quot;owner&quot;: &quot;DFA&quot;,
        &quot;stage&quot;: &quot;Construction&quot;,
        &quot;ea1&quot;: &quot;w&quot;,
        &quot;ea2&quot;: &quot;None&quot;
      }
    },
    {
      &quot;attributes&quot;: {
        &quot;owner&quot;: &quot;DFA&quot;,
        &quot;stage&quot;: &quot;Completed&quot;,
        &quot;ea1&quot;: &quot;W50P89&quot;,
        &quot;ea2&quot;: &quot;Western Region&quot;
      }
    },
    {
      &quot;attributes&quot;: {
        &quot;owner&quot;: &quot;DFA&quot;,
        &quot;stage&quot;: &quot;Completed&quot;,
        &quot;ea1&quot;: &quot;W50P89&quot;,
        &quot;ea2&quot;: &quot;Western Region&quot;
      }
    },
    {
      &quot;attributes&quot;: {
        &quot;owner&quot;: &quot;DFA&quot;,
        &quot;stage&quot;: &quot;Construction&quot;,
        &quot;ea1&quot;: &quot;w&quot;,
        &quot;ea2&quot;: &quot;None&quot;
      }
    },
    {
      &quot;attributes&quot;: {
        &quot;owner&quot;: &quot;DFA&quot;,
        &quot;stage&quot;: &quot;Completed&quot;,
        &quot;ea1&quot;: &quot;W50P89&quot;,
        &quot;ea2&quot;: &quot;Western Region&quot;
      }
    },
    {
      &quot;attributes&quot;: {
        &quot;owner&quot;: &quot;DFA&quot;,
        &quot;stage&quot;: &quot;Completed&quot;,
        &quot;ea1&quot;: &quot;W50P89&quot;,
        &quot;ea2&quot;: &quot;Western Region&quot;
      }
    },
    {
      &quot;attributes&quot;: {
        &quot;owner&quot;: &quot;DFA&quot;,
        &quot;stage&quot;: &quot;Completed&quot;,
        &quot;ea1&quot;: &quot;W50P89&quot;,
        &quot;ea2&quot;: &quot;Western Region&quot;
      }
    },
    {
      &quot;attributes&quot;: {
        &quot;owner&quot;: &quot;DFA&quot;,
        &quot;stage&quot;: &quot;Construction&quot;,
        &quot;ea1&quot;: &quot;w&quot;,
        &quot;ea2&quot;: &quot;None&quot;
      }
    },
    {
      &quot;attributes&quot;: {
        &quot;owner&quot;: &quot;DFA&quot;,
        &quot;stage&quot;: &quot;Completed&quot;,
        &quot;ea1&quot;: &quot;G52P91&quot;,
        &quot;ea2&quot;: &quot;Gauteng South&quot;
      }
    },
    {
      &quot;attributes&quot;: {
        &quot;owner&quot;: &quot;DFA&quot;,
        &quot;stage&quot;: &quot;Completed&quot;,
        &quot;ea1&quot;: &quot;AS13084GA340762&quot;,
        &quot;ea2&quot;: &quot;Gauteng South&quot;
      }
    },
    {
      &quot;attributes&quot;: {
        &quot;owner&quot;: &quot;DFA&quot;,
        &quot;stage&quot;: &quot;Completed&quot;,
        &quot;ea1&quot;: &quot;G52P91&quot;,
        &quot;ea2&quot;: &quot;Gauteng South&quot;
      }
    },
    {
      &quot;attributes&quot;: {
        &quot;owner&quot;: &quot;DFA&quot;,
        &quot;stage&quot;: &quot;Completed&quot;,
        &quot;ea1&quot;: &quot;G52P91&quot;,
        &quot;ea2&quot;: &quot;Gauteng South&quot;
      }
    },
    {
      &quot;attributes&quot;: {
        &quot;owner&quot;: &quot;DFA&quot;,
        &quot;stage&quot;: &quot;Completed&quot;,
        &quot;ea1&quot;: &quot;G52P91&quot;,
        &quot;ea2&quot;: &quot;Gauteng South&quot;
      }
    },
    {
      &quot;attributes&quot;: {
        &quot;owner&quot;: &quot;DFA&quot;,
        &quot;stage&quot;: &quot;Completed&quot;,
        &quot;ea1&quot;: &quot;G52P91&quot;,
        &quot;ea2&quot;: &quot;Gauteng South&quot;
      }
    },
    {
      &quot;attributes&quot;: {
        &quot;owner&quot;: &quot;DFA&quot;,
        &quot;stage&quot;: &quot;Completed&quot;,
        &quot;ea1&quot;: &quot;G50P65&quot;,
        &quot;ea2&quot;: &quot;Gauteng South&quot;
      }
    },
    {
      &quot;attributes&quot;: {
        &quot;owner&quot;: &quot;DFA&quot;,
        &quot;stage&quot;: &quot;Completed&quot;,
        &quot;ea1&quot;: &quot;G50P65&quot;,
        &quot;ea2&quot;: &quot;Gauteng South&quot;
      }
    },
    {
      &quot;attributes&quot;: {
        &quot;owner&quot;: &quot;DFA&quot;,
        &quot;stage&quot;: &quot;Completed&quot;,
        &quot;ea1&quot;: &quot;G50P65&quot;,
        &quot;ea2&quot;: &quot;Gauteng South&quot;
      }
    },
    {
      &quot;attributes&quot;: {
        &quot;owner&quot;: &quot;DFA&quot;,
        &quot;stage&quot;: &quot;Completed&quot;,
        &quot;ea1&quot;: &quot;VS04577NB260586&quot;,
        &quot;ea2&quot;: &quot;Northern Region&quot;
      }
    },
    {
      &quot;attributes&quot;: {
        &quot;owner&quot;: &quot;DFA&quot;,
        &quot;stage&quot;: &quot;Completed&quot;,
        &quot;ea1&quot;: &quot;G52P22&quot;,
        &quot;ea2&quot;: &quot;Gauteng South&quot;
      }
    },
    {
      &quot;attributes&quot;: {
        &quot;owner&quot;: &quot;DFA&quot;,
        &quot;stage&quot;: &quot;Completed&quot;,
        &quot;ea1&quot;: &quot;G52P22&quot;,
        &quot;ea2&quot;: &quot;Gauteng South&quot;
      }
    },
    {
      &quot;attributes&quot;: {
        &quot;owner&quot;: &quot;DFA&quot;,
        &quot;stage&quot;: &quot;Completed&quot;,
        &quot;ea1&quot;: &quot;G52P22&quot;,
        &quot;ea2&quot;: &quot;Gauteng South&quot;
      }
    },
    {
      &quot;attributes&quot;: {
        &quot;owner&quot;: &quot;DFA&quot;,
        &quot;stage&quot;: &quot;Completed&quot;,
        &quot;ea1&quot;: &quot;G52P22&quot;,
        &quot;ea2&quot;: &quot;Gauteng South&quot;
      }
    },
    {
      &quot;attributes&quot;: {
        &quot;owner&quot;: &quot;DFA&quot;,
        &quot;stage&quot;: &quot;Completed&quot;,
        &quot;ea1&quot;: &quot;G52P22&quot;,
        &quot;ea2&quot;: &quot;Gauteng South&quot;
      }
    },
    {
      &quot;attributes&quot;: {
        &quot;owner&quot;: &quot;DFA&quot;,
        &quot;stage&quot;: &quot;Completed&quot;,
        &quot;ea1&quot;: &quot;G52P22&quot;,
        &quot;ea2&quot;: &quot;Gauteng South&quot;
      }
    },
    {
      &quot;attributes&quot;: {
        &quot;owner&quot;: &quot;DFA&quot;,
        &quot;stage&quot;: &quot;Completed&quot;,
        &quot;ea1&quot;: &quot;G52P22&quot;,
        &quot;ea2&quot;: &quot;Gauteng South&quot;
      }
    },
    {
      &quot;attributes&quot;: {
        &quot;owner&quot;: &quot;DFA&quot;,
        &quot;stage&quot;: &quot;Completed&quot;,
        &quot;ea1&quot;: &quot;G52P22&quot;,
        &quot;ea2&quot;: &quot;Gauteng South&quot;
      }
    },
    {
      &quot;attributes&quot;: {
        &quot;owner&quot;: &quot;DFA&quot;,
        &quot;stage&quot;: &quot;Completed&quot;,
        &quot;ea1&quot;: &quot;G52P22&quot;,
        &quot;ea2&quot;: &quot;Gauteng South&quot;
      }
    },
    {
      &quot;attributes&quot;: {
        &quot;owner&quot;: &quot;DFA&quot;,
        &quot;stage&quot;: &quot;Completed&quot;,
        &quot;ea1&quot;: &quot;G52P22&quot;,
        &quot;ea2&quot;: &quot;Gauteng South&quot;
      }
    },
    {
      &quot;attributes&quot;: {
        &quot;owner&quot;: &quot;DFA&quot;,
        &quot;stage&quot;: &quot;Completed&quot;,
        &quot;ea1&quot;: &quot;G52P22&quot;,
        &quot;ea2&quot;: &quot;Gauteng South&quot;
      }
    },
    {
      &quot;attributes&quot;: {
        &quot;owner&quot;: &quot;DFA&quot;,
        &quot;stage&quot;: &quot;Completed&quot;,
        &quot;ea1&quot;: &quot;G52P22&quot;,
        &quot;ea2&quot;: &quot;Gauteng South&quot;
      }
    },
    {
      &quot;attributes&quot;: {
        &quot;owner&quot;: &quot;DFA&quot;,
        &quot;stage&quot;: &quot;Completed&quot;,
        &quot;ea1&quot;: &quot;G52P22&quot;,
        &quot;ea2&quot;: &quot;Gauteng South&quot;
      }
    },
    {
      &quot;attributes&quot;: {
        &quot;owner&quot;: &quot;DFA&quot;,
        &quot;stage&quot;: &quot;Completed&quot;,
        &quot;ea1&quot;: &quot;G52P22&quot;,
        &quot;ea2&quot;: &quot;Gauteng South&quot;
      }
    },
    {
      &quot;attributes&quot;: {
        &quot;owner&quot;: &quot;DFA&quot;,
        &quot;stage&quot;: &quot;Completed&quot;,
        &quot;ea1&quot;: &quot;G52P22&quot;,
        &quot;ea2&quot;: &quot;Gauteng South&quot;
      }
    },
    {
      &quot;attributes&quot;: {
        &quot;owner&quot;: &quot;DFA&quot;,
        &quot;stage&quot;: &quot;Completed&quot;,
        &quot;ea1&quot;: &quot;G52P22&quot;,
        &quot;ea2&quot;: &quot;Gauteng South&quot;
      }
    },
    {
      &quot;attributes&quot;: {
        &quot;owner&quot;: &quot;DFA&quot;,
        &quot;stage&quot;: &quot;Completed&quot;,
        &quot;ea1&quot;: &quot;G52P22&quot;,
        &quot;ea2&quot;: &quot;Gauteng South&quot;
      }
    },
    {
      &quot;attributes&quot;: {
        &quot;owner&quot;: &quot;DFA&quot;,
        &quot;stage&quot;: &quot;Completed&quot;,
        &quot;ea1&quot;: &quot;G52P22&quot;,
        &quot;ea2&quot;: &quot;Gauteng South&quot;
      }
    },
    {
      &quot;attributes&quot;: {
        &quot;owner&quot;: &quot;DFA&quot;,
        &quot;stage&quot;: &quot;Completed&quot;,
        &quot;ea1&quot;: &quot;G52P22&quot;,
        &quot;ea2&quot;: &quot;Gauteng South&quot;
      }
    },
    {
      &quot;attributes&quot;: {
        &quot;owner&quot;: &quot;DFA&quot;,
        &quot;stage&quot;: &quot;Construction&quot;,
        &quot;ea1&quot;: &quot;VS04589NB020708&quot;,
        &quot;ea2&quot;: &quot;None&quot;
      }
    },
    {
      &quot;attributes&quot;: {
        &quot;owner&quot;: &quot;DFA&quot;,
        &quot;stage&quot;: &quot;Completed&quot;,
        &quot;ea1&quot;: &quot;G52P22&quot;,
        &quot;ea2&quot;: &quot;Gauteng South&quot;
      }
    },
    {
      &quot;attributes&quot;: {
        &quot;owner&quot;: &quot;DFA&quot;,
        &quot;stage&quot;: &quot;Completed&quot;,
        &quot;ea1&quot;: &quot;G52P22&quot;,
        &quot;ea2&quot;: &quot;Gauteng South&quot;
      }
    },
    {
      &quot;attributes&quot;: {
        &quot;owner&quot;: &quot;DFA&quot;,
        &quot;stage&quot;: &quot;Completed&quot;,
        &quot;ea1&quot;: &quot;G52P22&quot;,
        &quot;ea2&quot;: &quot;Gauteng South&quot;
      }
    },
    {
      &quot;attributes&quot;: {
        &quot;owner&quot;: &quot;DFA&quot;,
        &quot;stage&quot;: &quot;Completed&quot;,
        &quot;ea1&quot;: &quot;G52P22&quot;,
        &quot;ea2&quot;: &quot;Gauteng South&quot;
      }
    },
    {
      &quot;attributes&quot;: {
        &quot;owner&quot;: &quot;DFA&quot;,
        &quot;stage&quot;: &quot;Completed&quot;,
        &quot;ea1&quot;: &quot;G52P22&quot;,
        &quot;ea2&quot;: &quot;Gauteng South&quot;
      }
    },
    {
      &quot;attributes&quot;: {
        &quot;owner&quot;: &quot;DFA&quot;,
        &quot;stage&quot;: &quot;Completed&quot;,
        &quot;ea1&quot;: &quot;G52P22&quot;,
        &quot;ea2&quot;: &quot;Gauteng South&quot;
      }
    },
    {
      &quot;attributes&quot;: {
        &quot;owner&quot;: &quot;DFA&quot;,
        &quot;stage&quot;: &quot;Completed&quot;,
        &quot;ea1&quot;: &quot;G52P22&quot;,
        &quot;ea2&quot;: &quot;Gauteng South&quot;
      }
    },
    {
      &quot;attributes&quot;: {
        &quot;owner&quot;: &quot;DFA&quot;,
        &quot;stage&quot;: &quot;Completed&quot;,
        &quot;ea1&quot;: &quot;G52P22&quot;,
        &quot;ea2&quot;: &quot;Gauteng South&quot;
      }
    },
    {
      &quot;attributes&quot;: {
        &quot;owner&quot;: &quot;DFA&quot;,
        &quot;stage&quot;: &quot;Completed&quot;,
        &quot;ea1&quot;: &quot;W50P16&quot;,
        &quot;ea2&quot;: &quot;Western Region&quot;
      }
    },
    {
      &quot;attributes&quot;: {
        &quot;owner&quot;: &quot;DFA&quot;,
        &quot;stage&quot;: &quot;Completed&quot;,
        &quot;ea1&quot;: &quot;G52P22&quot;,
        &quot;ea2&quot;: &quot;Gauteng South&quot;
      }
    },
    {
      &quot;attributes&quot;: {
        &quot;owner&quot;: &quot;DFA&quot;,
        &quot;stage&quot;: &quot;Construction&quot;,
        &quot;ea1&quot;: &quot;VS04623NB002551&quot;,
        &quot;ea2&quot;: &quot;None&quot;
      }
    },
    {
      &quot;attributes&quot;: {
        &quot;owner&quot;: &quot;DFA&quot;,
        &quot;stage&quot;: &quot;Completed&quot;,
        &quot;ea1&quot;: &quot;W50P16&quot;,
        &quot;ea2&quot;: &quot;Western Region&quot;
      }
    },
    {
      &quot;attributes&quot;: {
        &quot;owner&quot;: &quot;DFA&quot;,
        &quot;stage&quot;: &quot;Completed&quot;,
        &quot;ea1&quot;: &quot;G52P22&quot;,
        &quot;ea2&quot;: &quot;Gauteng South&quot;
      }
    },
    {
      &quot;attributes&quot;: {
        &quot;owner&quot;: &quot;DFA&quot;,
        &quot;stage&quot;: &quot;Completed&quot;,
        &quot;ea1&quot;: &quot;G52P22&quot;,
        &quot;ea2&quot;: &quot;Gauteng South&quot;
      }
    },
    {
      &quot;attributes&quot;: {
        &quot;owner&quot;: &quot;DFA&quot;,
        &quot;stage&quot;: &quot;Completed&quot;,
        &quot;ea1&quot;: &quot;G52P22&quot;,
        &quot;ea2&quot;: &quot;Gauteng South&quot;
      }
    },
    {
      &quot;attributes&quot;: {
        &quot;owner&quot;: &quot;DFA&quot;,
        &quot;stage&quot;: &quot;Completed&quot;,
        &quot;ea1&quot;: &quot;W50P16&quot;,
        &quot;ea2&quot;: &quot;Western Region&quot;
      }
    },
    {
      &quot;attributes&quot;: {
        &quot;owner&quot;: &quot;DFA&quot;,
        &quot;stage&quot;: &quot;Completed&quot;,
        &quot;ea1&quot;: &quot;W50P16&quot;,
        &quot;ea2&quot;: &quot;Western Region&quot;
      }
    },
    {
      &quot;attributes&quot;: {
        &quot;owner&quot;: &quot;DFA&quot;,
        &quot;stage&quot;: &quot;Completed&quot;,
        &quot;ea1&quot;: &quot;W50P16&quot;,
        &quot;ea2&quot;: &quot;Western Region&quot;
      }
    },
    {
      &quot;attributes&quot;: {
        &quot;owner&quot;: &quot;DFA&quot;,
        &quot;stage&quot;: &quot;Completed&quot;,
        &quot;ea1&quot;: &quot;W50P16&quot;,
        &quot;ea2&quot;: &quot;Western Region&quot;
      }
    },
    {
      &quot;attributes&quot;: {
        &quot;owner&quot;: &quot;DFA&quot;,
        &quot;stage&quot;: &quot;Completed&quot;,
        &quot;ea1&quot;: &quot;W50P16&quot;,
        &quot;ea2&quot;: &quot;Western Region&quot;
      }
    },
    {
      &quot;attributes&quot;: {
        &quot;owner&quot;: &quot;DFA&quot;,
        &quot;stage&quot;: &quot;Construction&quot;,
        &quot;ea1&quot;: &quot;W50P16&quot;,
        &quot;ea2&quot;: &quot;Western Region&quot;
      }
    },
    {
      &quot;attributes&quot;: {
        &quot;owner&quot;: &quot;DFA&quot;,
        &quot;stage&quot;: &quot;Completed&quot;,
        &quot;ea1&quot;: &quot;W50P16&quot;,
        &quot;ea2&quot;: &quot;Western Region&quot;
      }
    },
    {
      &quot;attributes&quot;: {
        &quot;owner&quot;: &quot;DFA&quot;,
        &quot;stage&quot;: &quot;Completed&quot;,
        &quot;ea1&quot;: &quot;W50P16&quot;,
        &quot;ea2&quot;: &quot;Western Region&quot;
      }
    },
    {
      &quot;attributes&quot;: {
        &quot;owner&quot;: &quot;DFA&quot;,
        &quot;stage&quot;: &quot;Completed&quot;,
        &quot;ea1&quot;: &quot;W50P16&quot;,
        &quot;ea2&quot;: &quot;Western Region&quot;
      }
    },
    {
      &quot;attributes&quot;: {
        &quot;owner&quot;: &quot;DFA&quot;,
        &quot;stage&quot;: &quot;Completed&quot;,
        &quot;ea1&quot;: &quot;W50P16&quot;,
        &quot;ea2&quot;: &quot;Western Region&quot;
      }
    },
    {
      &quot;attributes&quot;: {
        &quot;owner&quot;: &quot;DFA&quot;,
        &quot;stage&quot;: &quot;Completed&quot;,
        &quot;ea1&quot;: &quot;W50P16&quot;,
        &quot;ea2&quot;: &quot;Western Region&quot;
      }
    },
    {
      &quot;attributes&quot;: {
        &quot;owner&quot;: &quot;DFA&quot;,
        &quot;stage&quot;: &quot;Completed&quot;,
        &quot;ea1&quot;: &quot;W50P16&quot;,
        &quot;ea2&quot;: &quot;Western Region&quot;
      }
    },
    {
      &quot;attributes&quot;: {
        &quot;owner&quot;: &quot;DFA&quot;,
        &quot;stage&quot;: &quot;Completed&quot;,
        &quot;ea1&quot;: &quot;W50P16&quot;,
        &quot;ea2&quot;: &quot;Western Region&quot;
      }
    },
    {
      &quot;attributes&quot;: {
        &quot;owner&quot;: &quot;DFA&quot;,
        &quot;stage&quot;: &quot;Completed&quot;,
        &quot;ea1&quot;: &quot;W50P16&quot;,
        &quot;ea2&quot;: &quot;Western Region&quot;
      }
    },
    {
      &quot;attributes&quot;: {
        &quot;owner&quot;: &quot;DFA&quot;,
        &quot;stage&quot;: &quot;Completed&quot;,
        &quot;ea1&quot;: &quot;W50P16&quot;,
        &quot;ea2&quot;: &quot;Western Region&quot;
      }
    },
    {
      &quot;attributes&quot;: {
        &quot;owner&quot;: &quot;DFA&quot;,
        &quot;stage&quot;: &quot;Completed&quot;,
        &quot;ea1&quot;: &quot;W50P16&quot;,
        &quot;ea2&quot;: &quot;Western Region&quot;
      }
    },
    {
      &quot;attributes&quot;: {
        &quot;owner&quot;: &quot;DFA&quot;,
        &quot;stage&quot;: &quot;Completed&quot;,
        &quot;ea1&quot;: &quot;W50P16&quot;,
        &quot;ea2&quot;: &quot;Western Region&quot;
      }
    },
    {
      &quot;attributes&quot;: {
        &quot;owner&quot;: &quot;DFA&quot;,
        &quot;stage&quot;: &quot;Completed&quot;,
        &quot;ea1&quot;: &quot;W50P16&quot;,
        &quot;ea2&quot;: &quot;Western Region&quot;
      }
    },
    {
      &quot;attributes&quot;: {
        &quot;owner&quot;: &quot;DFA&quot;,
        &quot;stage&quot;: &quot;Completed&quot;,
        &quot;ea1&quot;: &quot;W50P16&quot;,
        &quot;ea2&quot;: &quot;Western Region&quot;
      }
    },
    {
      &quot;attributes&quot;: {
        &quot;owner&quot;: &quot;DFA&quot;,
        &quot;stage&quot;: &quot;Completed&quot;,
        &quot;ea1&quot;: &quot;W50P16&quot;,
        &quot;ea2&quot;: &quot;Western Region&quot;
      }
    },
    {
      &quot;attributes&quot;: {
        &quot;owner&quot;: &quot;DFA&quot;,
        &quot;stage&quot;: &quot;Completed&quot;,
        &quot;ea1&quot;: &quot;G52P46&quot;,
        &quot;ea2&quot;: &quot;Gauteng South&quot;
      }
    },
    {
      &quot;attributes&quot;: {
        &quot;owner&quot;: &quot;DFA&quot;,
        &quot;stage&quot;: &quot;Completed&quot;,
        &quot;ea1&quot;: &quot;W20P30&quot;,
        &quot;ea2&quot;: &quot;Western Region&quot;
      }
    },
    {
      &quot;attributes&quot;: {
        &quot;owner&quot;: &quot;DFA&quot;,
        &quot;stage&quot;: &quot;Completed&quot;,
        &quot;ea1&quot;: &quot;W20P30&quot;,
        &quot;ea2&quot;: &quot;Western Region&quot;
      }
    },
    {
      &quot;attributes&quot;: {
        &quot;owner&quot;: &quot;DFA&quot;,
        &quot;stage&quot;: &quot;Completed&quot;,
        &quot;ea1&quot;: &quot;W20P30&quot;,
        &quot;ea2&quot;: &quot;Western Region&quot;
      }
    },
    {
      &quot;attributes&quot;: {
        &quot;owner&quot;: &quot;DFA&quot;,
        &quot;stage&quot;: &quot;Completed&quot;,
        &quot;ea1&quot;: &quot;W20P30&quot;,
        &quot;ea2&quot;: &quot;Western Region&quot;
      }
    },
    {
      &quot;attributes&quot;: {
        &quot;owner&quot;: &quot;DFA&quot;,
        &quot;stage&quot;: &quot;Completed&quot;,
        &quot;ea1&quot;: &quot;W20P30&quot;,
        &quot;ea2&quot;: &quot;Western Region&quot;
      }
    },
    {
      &quot;attributes&quot;: {
        &quot;owner&quot;: &quot;DFA&quot;,
        &quot;stage&quot;: &quot;Completed&quot;,
        &quot;ea1&quot;: &quot;W20P30&quot;,
        &quot;ea2&quot;: &quot;Western Region&quot;
      }
    },
    {
      &quot;attributes&quot;: {
        &quot;owner&quot;: &quot;DFA&quot;,
        &quot;stage&quot;: &quot;Completed&quot;,
        &quot;ea1&quot;: &quot;W20P30&quot;,
        &quot;ea2&quot;: &quot;Western Region&quot;
      }
    },
    {
      &quot;attributes&quot;: {
        &quot;owner&quot;: &quot;DFA&quot;,
        &quot;stage&quot;: &quot;Completed&quot;,
        &quot;ea1&quot;: &quot;G30P38&quot;,
        &quot;ea2&quot;: &quot;Gauteng South&quot;
      }
    },
    {
      &quot;attributes&quot;: {
        &quot;owner&quot;: &quot;DFA&quot;,
        &quot;stage&quot;: &quot;Completed&quot;,
        &quot;ea1&quot;: &quot;G02P02&quot;,
        &quot;ea2&quot;: &quot;Gauteng South&quot;
      }
    },
    {
      &quot;attributes&quot;: {
        &quot;owner&quot;: &quot;DFA&quot;,
        &quot;stage&quot;: &quot;Completed&quot;,
        &quot;ea1&quot;: &quot;W20P30&quot;,
        &quot;ea2&quot;: &quot;Western Region&quot;
      }
    },
    {
      &quot;attributes&quot;: {
        &quot;owner&quot;: &quot;DFA&quot;,
        &quot;stage&quot;: &quot;Completed&quot;,
        &quot;ea1&quot;: &quot;G30P38&quot;,
        &quot;ea2&quot;: &quot;Gauteng South&quot;
      }
    },
    {
      &quot;attributes&quot;: {
        &quot;owner&quot;: &quot;DFA&quot;,
        &quot;stage&quot;: &quot;Completed&quot;,
        &quot;ea1&quot;: &quot;G30P38&quot;,
        &quot;ea2&quot;: &quot;Gauteng South&quot;
      }
    },
    {
      &quot;attributes&quot;: {
        &quot;owner&quot;: &quot;DFA&quot;,
        &quot;stage&quot;: &quot;Completed&quot;,
        &quot;ea1&quot;: &quot;G30P38&quot;,
        &quot;ea2&quot;: &quot;Gauteng South&quot;
      }
    },
    {
      &quot;attributes&quot;: {
        &quot;owner&quot;: &quot;DFA&quot;,
        &quot;stage&quot;: &quot;Completed&quot;,
        &quot;ea1&quot;: &quot;W50P16&quot;,
        &quot;ea2&quot;: &quot;Western Region&quot;
      }
    },
    {
      &quot;attributes&quot;: {
        &quot;owner&quot;: &quot;DFA&quot;,
        &quot;stage&quot;: &quot;Completed&quot;,
        &quot;ea1&quot;: &quot;W50P16&quot;,
        &quot;ea2&quot;: &quot;Western Region&quot;
      }
    },
    {
      &quot;attributes&quot;: {
        &quot;owner&quot;: &quot;DFA&quot;,
        &quot;stage&quot;: &quot;Completed&quot;,
        &quot;ea1&quot;: &quot;W50P16&quot;,
        &quot;ea2&quot;: &quot;Western Region&quot;
      }
    },
    {
      &quot;attributes&quot;: {
        &quot;owner&quot;: &quot;DFA&quot;,
        &quot;stage&quot;: &quot;Completed&quot;,
        &quot;ea1&quot;: &quot;W50P16&quot;,
        &quot;ea2&quot;: &quot;Western Region&quot;
      }
    },
    {
      &quot;attributes&quot;: {
        &quot;owner&quot;: &quot;DFA&quot;,
        &quot;stage&quot;: &quot;Completed&quot;,
        &quot;ea1&quot;: &quot;W50P16&quot;,
        &quot;ea2&quot;: &quot;Western Region&quot;
      }
    },
    {
      &quot;attributes&quot;: {
        &quot;owner&quot;: &quot;DFA&quot;,
        &quot;stage&quot;: &quot;Completed&quot;,
        &quot;ea1&quot;: &quot;W50P16&quot;,
        &quot;ea2&quot;: &quot;Western Region&quot;
      }
    },
    {
      &quot;attributes&quot;: {
        &quot;owner&quot;: &quot;DFA&quot;,
        &quot;stage&quot;: &quot;Completed&quot;,
        &quot;ea1&quot;: &quot;W50P16&quot;,
        &quot;ea2&quot;: &quot;Western Region&quot;
      }
    },
    {
      &quot;attributes&quot;: {
        &quot;owner&quot;: &quot;DFA&quot;,
        &quot;stage&quot;: &quot;Construction&quot;,
        &quot;ea1&quot;: &quot;none&quot;,
        &quot;ea2&quot;: &quot;None&quot;
      }
    },
    {
      &quot;attributes&quot;: {
        &quot;owner&quot;: &quot;DFA&quot;,
        &quot;stage&quot;: &quot;Completed&quot;,
        &quot;ea1&quot;: &quot;W50P16&quot;,
        &quot;ea2&quot;: &quot;Western Region&quot;
      }
    },
    {
      &quot;attributes&quot;: {
        &quot;owner&quot;: &quot;DFA&quot;,
        &quot;stage&quot;: &quot;Completed&quot;,
        &quot;ea1&quot;: &quot;W50P16&quot;,
        &quot;ea2&quot;: &quot;Western Region&quot;
      }
    },
    {
      &quot;attributes&quot;: {
        &quot;owner&quot;: &quot;DFA&quot;,
        &quot;stage&quot;: &quot;Completed&quot;,
        &quot;ea1&quot;: &quot;W50P16&quot;,
        &quot;ea2&quot;: &quot;Western Region&quot;
      }
    },
    {
      &quot;attributes&quot;: {
        &quot;owner&quot;: &quot;DFA&quot;,
        &quot;stage&quot;: &quot;Construction&quot;,
        &quot;ea1&quot;: &quot;none&quot;,
        &quot;ea2&quot;: &quot;None&quot;
      }
    },
    {
      &quot;attributes&quot;: {
        &quot;owner&quot;: &quot;DFA&quot;,
        &quot;stage&quot;: &quot;Completed&quot;,
        &quot;ea1&quot;: &quot;W50P80&quot;,
        &quot;ea2&quot;: &quot;Western Region&quot;
      }
    },
    {
      &quot;attributes&quot;: {
        &quot;owner&quot;: &quot;DFA&quot;,
        &quot;stage&quot;: &quot;Completed&quot;,
        &quot;ea1&quot;: &quot;W50P80&quot;,
        &quot;ea2&quot;: &quot;Western Region&quot;
      }
    },
    {
      &quot;attributes&quot;: {
        &quot;owner&quot;: &quot;DFA&quot;,
        &quot;stage&quot;: &quot;Completed&quot;,
        &quot;ea1&quot;: &quot;W50P80&quot;,
        &quot;ea2&quot;: &quot;Western Region&quot;
      }
    },
    {
      &quot;attributes&quot;: {
        &quot;owner&quot;: &quot;DFA&quot;,
        &quot;stage&quot;: &quot;Completed&quot;,
        &quot;ea1&quot;: &quot;W50P80&quot;,
        &quot;ea2&quot;: &quot;Western Region&quot;
      }
    },
    {
      &quot;attributes&quot;: {
        &quot;owner&quot;: &quot;DFA&quot;,
        &quot;stage&quot;: &quot;Completed&quot;,
        &quot;ea1&quot;: &quot;G51P14&quot;,
        &quot;ea2&quot;: &quot;Gauteng South&quot;
      }
    },
    {
      &quot;attributes&quot;: {
        &quot;owner&quot;: &quot;DFA&quot;,
        &quot;stage&quot;: &quot;Completed&quot;,
        &quot;ea1&quot;: &quot;G51P14&quot;,
        &quot;ea2&quot;: &quot;Gauteng South&quot;
      }
    },
    {
      &quot;attributes&quot;: {
        &quot;owner&quot;: &quot;DFA&quot;,
        &quot;stage&quot;: &quot;Completed&quot;,
        &quot;ea1&quot;: &quot;G51P14&quot;,
        &quot;ea2&quot;: &quot;Gauteng South&quot;
      }
    },
    {
      &quot;attributes&quot;: {
        &quot;owner&quot;: &quot;DFA&quot;,
        &quot;stage&quot;: &quot;Completed&quot;,
        &quot;ea1&quot;: &quot;G51P14&quot;,
        &quot;ea2&quot;: &quot;Gauteng South&quot;
      }
    },
    {
      &quot;attributes&quot;: {
        &quot;owner&quot;: &quot;DFA&quot;,
        &quot;stage&quot;: &quot;Completed&quot;,
        &quot;ea1&quot;: &quot;G51P14&quot;,
        &quot;ea2&quot;: &quot;Gauteng South&quot;
      }
    },
    {
      &quot;attributes&quot;: {
        &quot;owner&quot;: &quot;DFA&quot;,
        &quot;stage&quot;: &quot;Completed&quot;,
        &quot;ea1&quot;: &quot;G52P60&quot;,
        &quot;ea2&quot;: &quot;Gauteng South&quot;
      }
    },
    {
      &quot;attributes&quot;: {
        &quot;owner&quot;: &quot;DFA&quot;,
        &quot;stage&quot;: &quot;Completed&quot;,
        &quot;ea1&quot;: &quot;G52P60&quot;,
        &quot;ea2&quot;: &quot;Gauteng South&quot;
      }
    },
    {
      &quot;attributes&quot;: {
        &quot;owner&quot;: &quot;DFA&quot;,
        &quot;stage&quot;: &quot;Completed&quot;,
        &quot;ea1&quot;: &quot;G52P60&quot;,
        &quot;ea2&quot;: &quot;Gauteng South&quot;
      }
    },
    {
      &quot;attributes&quot;: {
        &quot;owner&quot;: &quot;DFA&quot;,
        &quot;stage&quot;: &quot;Completed&quot;,
        &quot;ea1&quot;: &quot;G52P60&quot;,
        &quot;ea2&quot;: &quot;Gauteng South&quot;
      }
    },
    {
      &quot;attributes&quot;: {
        &quot;owner&quot;: &quot;DFA&quot;,
        &quot;stage&quot;: &quot;Completed&quot;,
        &quot;ea1&quot;: &quot;G52P60&quot;,
        &quot;ea2&quot;: &quot;Gauteng South&quot;
      }
    },
    {
      &quot;attributes&quot;: {
        &quot;owner&quot;: &quot;DFA&quot;,
        &quot;stage&quot;: &quot;Completed&quot;,
        &quot;ea1&quot;: &quot;G52P37&quot;,
        &quot;ea2&quot;: &quot;Gauteng South&quot;
      }
    },
    {
      &quot;attributes&quot;: {
        &quot;owner&quot;: &quot;DFA&quot;,
        &quot;stage&quot;: &quot;Completed&quot;,
        &quot;ea1&quot;: &quot;W50P90&quot;,
        &quot;ea2&quot;: &quot;Western Region&quot;
      }
    },
    {
      &quot;attributes&quot;: {
        &quot;owner&quot;: &quot;DFA&quot;,
        &quot;stage&quot;: &quot;Completed&quot;,
        &quot;ea1&quot;: &quot;W50P90&quot;,
        &quot;ea2&quot;: &quot;Western Region&quot;
      }
    },
    {
      &quot;attributes&quot;: {
        &quot;owner&quot;: &quot;DFA&quot;,
        &quot;stage&quot;: &quot;Completed&quot;,
        &quot;ea1&quot;: &quot;G52P37&quot;,
        &quot;ea2&quot;: &quot;Gauteng South&quot;
      }
    },
    {
      &quot;attributes&quot;: {
        &quot;owner&quot;: &quot;DFA&quot;,
        &quot;stage&quot;: &quot;Completed&quot;,
        &quot;ea1&quot;: &quot;G52P37&quot;,
        &quot;ea2&quot;: &quot;Gauteng South&quot;
      }
    },
    {
      &quot;attributes&quot;: {
        &quot;owner&quot;: &quot;DFA&quot;,
        &quot;stage&quot;: &quot;Completed&quot;,
        &quot;ea1&quot;: &quot;W20P37&quot;,
        &quot;ea2&quot;: &quot;Western Region&quot;
      }
    },
    {
      &quot;attributes&quot;: {
        &quot;owner&quot;: &quot;DFA&quot;,
        &quot;stage&quot;: &quot;Completed&quot;,
        &quot;ea1&quot;: &quot;W20P37&quot;,
        &quot;ea2&quot;: &quot;Western Region&quot;
      }
    },
    {
      &quot;attributes&quot;: {
        &quot;owner&quot;: &quot;DFA&quot;,
        &quot;stage&quot;: &quot;Completed&quot;,
        &quot;ea1&quot;: &quot;W20P37&quot;,
        &quot;ea2&quot;: &quot;Western Region&quot;
      }
    },
    {
      &quot;attributes&quot;: {
        &quot;owner&quot;: &quot;DFA&quot;,
        &quot;stage&quot;: &quot;Completed&quot;,
        &quot;ea1&quot;: &quot;W20P37&quot;,
        &quot;ea2&quot;: &quot;Western Region&quot;
      }
    },
    {
      &quot;attributes&quot;: {
        &quot;owner&quot;: &quot;DFA&quot;,
        &quot;stage&quot;: &quot;Completed&quot;,
        &quot;ea1&quot;: &quot;W20P05&quot;,
        &quot;ea2&quot;: &quot;Western Region&quot;
      }
    },
    {
      &quot;attributes&quot;: {
        &quot;owner&quot;: &quot;DFA&quot;,
        &quot;stage&quot;: &quot;Completed&quot;,
        &quot;ea1&quot;: &quot;W20P02&quot;,
        &quot;ea2&quot;: &quot;Western Region&quot;
      }
    },
    {
      &quot;attributes&quot;: {
        &quot;owner&quot;: &quot;DFA&quot;,
        &quot;stage&quot;: &quot;Completed&quot;,
        &quot;ea1&quot;: &quot;W20P05&quot;,
        &quot;ea2&quot;: &quot;Western Region&quot;
      }
    },
    {
      &quot;attributes&quot;: {
        &quot;owner&quot;: &quot;DFA&quot;,
        &quot;stage&quot;: &quot;Completed&quot;,
        &quot;ea1&quot;: &quot;W20P05&quot;,
        &quot;ea2&quot;: &quot;Western Region&quot;
      }
    },
    {
      &quot;attributes&quot;: {
        &quot;owner&quot;: &quot;DFA&quot;,
        &quot;stage&quot;: &quot;Completed&quot;,
        &quot;ea1&quot;: &quot;W20P05&quot;,
        &quot;ea2&quot;: &quot;Western Region&quot;
      }
    },
    {
      &quot;attributes&quot;: {
        &quot;owner&quot;: &quot;DFA&quot;,
        &quot;stage&quot;: &quot;Completed&quot;,
        &quot;ea1&quot;: &quot;W20P05&quot;,
        &quot;ea2&quot;: &quot;Western Region&quot;
      }
    },
    {
      &quot;attributes&quot;: {
        &quot;owner&quot;: &quot;DFA&quot;,
        &quot;stage&quot;: &quot;Completed&quot;,
        &quot;ea1&quot;: &quot;W20P05&quot;,
        &quot;ea2&quot;: &quot;Western Region&quot;
      }
    },
    {
      &quot;attributes&quot;: {
        &quot;owner&quot;: &quot;DFA&quot;,
        &quot;stage&quot;: &quot;Completed&quot;,
        &quot;ea1&quot;: &quot;W20P05&quot;,
        &quot;ea2&quot;: &quot;Western Region&quot;
      }
    },
    {
      &quot;attributes&quot;: {
        &quot;owner&quot;: &quot;DFA&quot;,
        &quot;stage&quot;: &quot;Completed&quot;,
        &quot;ea1&quot;: &quot;W20P05&quot;,
        &quot;ea2&quot;: &quot;Western Region&quot;
      }
    },
    {
      &quot;attributes&quot;: {
        &quot;owner&quot;: &quot;DFA&quot;,
        &quot;stage&quot;: &quot;Completed&quot;,
        &quot;ea1&quot;: &quot;W20P05&quot;,
        &quot;ea2&quot;: &quot;Western Region&quot;
      }
    },
    {
      &quot;attributes&quot;: {
        &quot;owner&quot;: &quot;DFA&quot;,
        &quot;stage&quot;: &quot;Completed&quot;,
        &quot;ea1&quot;: &quot;G51P31&quot;,
        &quot;ea2&quot;: &quot;Gauteng South&quot;
      }
    },
    {
      &quot;attributes&quot;: {
        &quot;owner&quot;: &quot;DFA&quot;,
        &quot;stage&quot;: &quot;Completed&quot;,
        &quot;ea1&quot;: &quot;G51P31&quot;,
        &quot;ea2&quot;: &quot;Gauteng South&quot;
      }
    },
    {
      &quot;attributes&quot;: {
        &quot;owner&quot;: &quot;DFA&quot;,
        &quot;stage&quot;: &quot;Completed&quot;,
        &quot;ea1&quot;: &quot;G51P31&quot;,
        &quot;ea2&quot;: &quot;Gauteng South&quot;
      }
    },
    {
      &quot;attributes&quot;: {
        &quot;owner&quot;: &quot;DFA&quot;,
        &quot;stage&quot;: &quot;Completed&quot;,
        &quot;ea1&quot;: &quot;G51P31&quot;,
        &quot;ea2&quot;: &quot;Gauteng South&quot;
      }
    },
    {
      &quot;attributes&quot;: {
        &quot;owner&quot;: &quot;DFA&quot;,
        &quot;stage&quot;: &quot;Completed&quot;,
        &quot;ea1&quot;: &quot;G51P31&quot;,
        &quot;ea2&quot;: &quot;Gauteng South&quot;
      }
    },
    {
      &quot;attributes&quot;: {
        &quot;owner&quot;: &quot;DFA&quot;,
        &quot;stage&quot;: &quot;Completed&quot;,
        &quot;ea1&quot;: &quot;G51P31&quot;,
        &quot;ea2&quot;: &quot;Gauteng South&quot;
      }
    },
    {
      &quot;attributes&quot;: {
        &quot;owner&quot;: &quot;DFA&quot;,
        &quot;stage&quot;: &quot;Completed&quot;,
        &quot;ea1&quot;: &quot;G51P31&quot;,
        &quot;ea2&quot;: &quot;Gauteng South&quot;
      }
    },
    {
      &quot;attributes&quot;: {
        &quot;owner&quot;: &quot;DFA&quot;,
        &quot;stage&quot;: &quot;Completed&quot;,
        &quot;ea1&quot;: &quot;G51P31&quot;,
        &quot;ea2&quot;: &quot;Gauteng South&quot;
      }
    },
    {
      &quot;attributes&quot;: {
        &quot;owner&quot;: &quot;DFA&quot;,
        &quot;stage&quot;: &quot;Completed&quot;,
        &quot;ea1&quot;: &quot;G51P31&quot;,
        &quot;ea2&quot;: &quot;Gauteng South&quot;
      }
    },
    {
      &quot;attributes&quot;: {
        &quot;owner&quot;: &quot;DFA&quot;,
        &quot;stage&quot;: &quot;Completed&quot;,
        &quot;ea1&quot;: &quot;G03P01&quot;,
        &quot;ea2&quot;: &quot;Gauteng South&quot;
      }
    },
    {
      &quot;attributes&quot;: {
        &quot;owner&quot;: &quot;DFA&quot;,
        &quot;stage&quot;: &quot;Construction&quot;,
        &quot;ea1&quot;: &quot;G01P14&quot;,
        &quot;ea2&quot;: &quot;Gauteng South&quot;
      }
    },
    {
      &quot;attributes&quot;: {
        &quot;owner&quot;: &quot;DFA&quot;,
        &quot;stage&quot;: &quot;Completed&quot;,
        &quot;ea1&quot;: &quot;W50P62&quot;,
        &quot;ea2&quot;: &quot;Western Region&quot;
      }
    },
    {
      &quot;attributes&quot;: {
        &quot;owner&quot;: &quot;DFA&quot;,
        &quot;stage&quot;: &quot;Completed&quot;,
        &quot;ea1&quot;: &quot;W50P62&quot;,
        &quot;ea2&quot;: &quot;Western Region&quot;
      }
    },
    {
      &quot;attributes&quot;: {
        &quot;owner&quot;: &quot;DFA&quot;,
        &quot;stage&quot;: &quot;Completed&quot;,
        &quot;ea1&quot;: &quot;W50P62&quot;,
        &quot;ea2&quot;: &quot;Western Region&quot;
      }
    },
    {
      &quot;attributes&quot;: {
        &quot;owner&quot;: &quot;DFA&quot;,
        &quot;stage&quot;: &quot;Completed&quot;,
        &quot;ea1&quot;: &quot;W50P62&quot;,
        &quot;ea2&quot;: &quot;Western Region&quot;
      }
    },
    {
      &quot;attributes&quot;: {
        &quot;owner&quot;: &quot;DFA&quot;,
        &quot;stage&quot;: &quot;Completed&quot;,
        &quot;ea1&quot;: &quot;G20P09&quot;,
        &quot;ea2&quot;: &quot;Gauteng South&quot;
      }
    },
    {
      &quot;attributes&quot;: {
        &quot;owner&quot;: &quot;DFA&quot;,
        &quot;stage&quot;: &quot;Completed&quot;,
        &quot;ea1&quot;: &quot;G20P09&quot;,
        &quot;ea2&quot;: &quot;Gauteng South&quot;
      }
    },
    {
      &quot;attributes&quot;: {
        &quot;owner&quot;: &quot;DFA&quot;,
        &quot;stage&quot;: &quot;Completed&quot;,
        &quot;ea1&quot;: &quot;G20P09&quot;,
        &quot;ea2&quot;: &quot;Gauteng South&quot;
      }
    },
    {
      &quot;attributes&quot;: {
        &quot;owner&quot;: &quot;DFA&quot;,
        &quot;stage&quot;: &quot;Completed&quot;,
        &quot;ea1&quot;: &quot;W20P21&quot;,
        &quot;ea2&quot;: &quot;Western Region&quot;
      }
    },
    {
      &quot;attributes&quot;: {
        &quot;owner&quot;: &quot;DFA&quot;,
        &quot;stage&quot;: &quot;Completed&quot;,
        &quot;ea1&quot;: &quot;W20P21&quot;,
        &quot;ea2&quot;: &quot;Western Region&quot;
      }
    },
    {
      &quot;attributes&quot;: {
        &quot;owner&quot;: &quot;DFA&quot;,
        &quot;stage&quot;: &quot;Completed&quot;,
        &quot;ea1&quot;: &quot;W20P21&quot;,
        &quot;ea2&quot;: &quot;Western Region&quot;
      }
    },
    {
      &quot;attributes&quot;: {
        &quot;owner&quot;: &quot;DFA&quot;,
        &quot;stage&quot;: &quot;Completed&quot;,
        &quot;ea1&quot;: &quot;W20P21&quot;,
        &quot;ea2&quot;: &quot;Western Region&quot;
      }
    },
    {
      &quot;attributes&quot;: {
        &quot;owner&quot;: &quot;DFA&quot;,
        &quot;stage&quot;: &quot;Completed&quot;,
        &quot;ea1&quot;: &quot;W20P21&quot;,
        &quot;ea2&quot;: &quot;Western Region&quot;
      }
    },
    {
      &quot;attributes&quot;: {
        &quot;owner&quot;: &quot;DFA&quot;,
        &quot;stage&quot;: &quot;Completed&quot;,
        &quot;ea1&quot;: &quot;W20P21&quot;,
        &quot;ea2&quot;: &quot;Western Region&quot;
      }
    },
    {
      &quot;attributes&quot;: {
        &quot;owner&quot;: &quot;DFA&quot;,
        &quot;stage&quot;: &quot;Completed&quot;,
        &quot;ea1&quot;: &quot;W20P21&quot;,
        &quot;ea2&quot;: &quot;Western Region&quot;
      }
    },
    {
      &quot;attributes&quot;: {
        &quot;owner&quot;: &quot;DFA&quot;,
        &quot;stage&quot;: &quot;Completed&quot;,
        &quot;ea1&quot;: &quot;W20P21&quot;,
        &quot;ea2&quot;: &quot;Western Region&quot;
      }
    },
    {
      &quot;attributes&quot;: {
        &quot;owner&quot;: &quot;DFA&quot;,
        &quot;stage&quot;: &quot;Completed&quot;,
        &quot;ea1&quot;: &quot;W20P21&quot;,
        &quot;ea2&quot;: &quot;Western Region&quot;
      }
    },
    {
      &quot;attributes&quot;: {
        &quot;owner&quot;: &quot;DFA&quot;,
        &quot;stage&quot;: &quot;Completed&quot;,
        &quot;ea1&quot;: &quot;W20P21&quot;,
        &quot;ea2&quot;: &quot;Western Region&quot;
      }
    },
    {
      &quot;attributes&quot;: {
        &quot;owner&quot;: &quot;DFA&quot;,
        &quot;stage&quot;: &quot;Completed&quot;,
        &quot;ea1&quot;: &quot;W20P21&quot;,
        &quot;ea2&quot;: &quot;Western Region&quot;
      }
    },
    {
      &quot;attributes&quot;: {
        &quot;owner&quot;: &quot;DFA&quot;,
        &quot;stage&quot;: &quot;Completed&quot;,
        &quot;ea1&quot;: &quot;W20P21&quot;,
        &quot;ea2&quot;: &quot;Western Region&quot;
      }
    },
    {
      &quot;attributes&quot;: {
        &quot;owner&quot;: &quot;DFA&quot;,
        &quot;stage&quot;: &quot;Completed&quot;,
        &quot;ea1&quot;: &quot;W20P21&quot;,
        &quot;ea2&quot;: &quot;Western Region&quot;
      }
    },
    {
      &quot;attributes&quot;: {
        &quot;owner&quot;: &quot;DFA&quot;,
        &quot;stage&quot;: &quot;Completed&quot;,
        &quot;ea1&quot;: &quot;W20P21&quot;,
        &quot;ea2&quot;: &quot;Western Region&quot;
      }
    },
    {
      &quot;attributes&quot;: {
        &quot;owner&quot;: &quot;DFA&quot;,
        &quot;stage&quot;: &quot;Completed&quot;,
        &quot;ea1&quot;: &quot;W20P21&quot;,
        &quot;ea2&quot;: &quot;Western Region&quot;
      }
    },
    {
      &quot;attributes&quot;: {
        &quot;owner&quot;: &quot;DFA&quot;,
        &quot;stage&quot;: &quot;Completed&quot;,
        &quot;ea1&quot;: &quot;W20P21&quot;,
        &quot;ea2&quot;: &quot;Western Region&quot;
      }
    },
    {
      &quot;attributes&quot;: {
        &quot;owner&quot;: &quot;DFA&quot;,
        &quot;stage&quot;: &quot;Completed&quot;,
        &quot;ea1&quot;: &quot;W50P48&quot;,
        &quot;ea2&quot;: &quot;Western Region&quot;
      }
    },
    {
      &quot;attributes&quot;: {
        &quot;owner&quot;: &quot;DFA&quot;,
        &quot;stage&quot;: &quot;Completed&quot;,
        &quot;ea1&quot;: &quot;W50P48&quot;,
        &quot;ea2&quot;: &quot;Western Region&quot;
      }
    },
    {
      &quot;attributes&quot;: {
        &quot;owner&quot;: &quot;DFA&quot;,
        &quot;stage&quot;: &quot;Completed&quot;,
        &quot;ea1&quot;: &quot;W50P48&quot;,
        &quot;ea2&quot;: &quot;Western Region&quot;
      }
    },
    {
      &quot;attributes&quot;: {
        &quot;owner&quot;: &quot;DFA&quot;,
        &quot;stage&quot;: &quot;Completed&quot;,
        &quot;ea1&quot;: &quot;W50P48&quot;,
        &quot;ea2&quot;: &quot;Western Region&quot;
      }
    },
    {
      &quot;attributes&quot;: {
        &quot;owner&quot;: &quot;DFA&quot;,
        &quot;stage&quot;: &quot;Completed&quot;,
        &quot;ea1&quot;: &quot;W50P48&quot;,
        &quot;ea2&quot;: &quot;Western Region&quot;
      }
    },
    {
      &quot;attributes&quot;: {
        &quot;owner&quot;: &quot;DFA&quot;,
        &quot;stage&quot;: &quot;Completed&quot;,
        &quot;ea1&quot;: &quot;W50P48&quot;,
        &quot;ea2&quot;: &quot;Western Region&quot;
      }
    },
    {
      &quot;attributes&quot;: {
        &quot;owner&quot;: &quot;DFA&quot;,
        &quot;stage&quot;: &quot;Completed&quot;,
        &quot;ea1&quot;: &quot;W50P48&quot;,
        &quot;ea2&quot;: &quot;Western Region&quot;
      }
    },
    {
      &quot;attributes&quot;: {
        &quot;owner&quot;: &quot;DFA&quot;,
        &quot;stage&quot;: &quot;Construction&quot;,
        &quot;ea1&quot;: &quot;none&quot;,
        &quot;ea2&quot;: &quot;None&quot;
      }
    },
    {
      &quot;attributes&quot;: {
        &quot;owner&quot;: &quot;DFA&quot;,
        &quot;stage&quot;: &quot;Completed&quot;,
        &quot;ea1&quot;: &quot;W50P48&quot;,
        &quot;ea2&quot;: &quot;Western Region&quot;
      }
    },
    {
      &quot;attributes&quot;: {
        &quot;owner&quot;: &quot;DFA&quot;,
        &quot;stage&quot;: &quot;Completed&quot;,
        &quot;ea1&quot;: &quot;W50P48&quot;,
        &quot;ea2&quot;: &quot;Western Region&quot;
      }
    },
    {
      &quot;attributes&quot;: {
        &quot;owner&quot;: &quot;DFA&quot;,
        &quot;stage&quot;: &quot;Completed&quot;,
        &quot;ea1&quot;: &quot;W50P48&quot;,
        &quot;ea2&quot;: &quot;Western Region&quot;
      }
    },
    {
      &quot;attributes&quot;: {
        &quot;owner&quot;: &quot;DFA&quot;,
        &quot;stage&quot;: &quot;Completed&quot;,
        &quot;ea1&quot;: &quot;W50P48&quot;,
        &quot;ea2&quot;: &quot;Western Region&quot;
      }
    },
    {
      &quot;attributes&quot;: {
        &quot;owner&quot;: &quot;DFA&quot;,
        &quot;stage&quot;: &quot;Completed&quot;,
        &quot;ea1&quot;: &quot;W50P91 &quot;,
        &quot;ea2&quot;: &quot;Western Region&quot;
      }
    },
    {
      &quot;attributes&quot;: {
        &quot;owner&quot;: &quot;DFA&quot;,
        &quot;stage&quot;: &quot;Completed&quot;,
        &quot;ea1&quot;: &quot;W50P91 &quot;,
        &quot;ea2&quot;: &quot;Western Region&quot;
      }
    },
    {
      &quot;attributes&quot;: {
        &quot;owner&quot;: &quot;DFA&quot;,
        &quot;stage&quot;: &quot;Completed&quot;,
        &quot;ea1&quot;: &quot;W50P91 &quot;,
        &quot;ea2&quot;: &quot;Western Region&quot;
      }
    },
    {
      &quot;attributes&quot;: {
        &quot;owner&quot;: &quot;DFA&quot;,
        &quot;stage&quot;: &quot;Completed&quot;,
        &quot;ea1&quot;: &quot;W50P91 &quot;,
        &quot;ea2&quot;: &quot;Western Region&quot;
      }
    },
    {
      &quot;attributes&quot;: {
        &quot;owner&quot;: &quot;DFA&quot;,
        &quot;stage&quot;: &quot;Completed&quot;,
        &quot;ea1&quot;: &quot;W50P91&quot;,
        &quot;ea2&quot;: &quot;Western Region&quot;
      }
    },
    {
      &quot;attributes&quot;: {
        &quot;owner&quot;: &quot;DFA&quot;,
        &quot;stage&quot;: &quot;Completed&quot;,
        &quot;ea1&quot;: &quot;W50P91 &quot;,
        &quot;ea2&quot;: &quot;Western Region&quot;
      }
    },
    {
      &quot;attributes&quot;: {
        &quot;owner&quot;: &quot;DFA&quot;,
        &quot;stage&quot;: &quot;Completed&quot;,
        &quot;ea1&quot;: &quot;W50P91&quot;,
        &quot;ea2&quot;: &quot;Western Region&quot;
      }
    },
    {
      &quot;attributes&quot;: {
        &quot;owner&quot;: &quot;DFA&quot;,
        &quot;stage&quot;: &quot;Completed&quot;,
        &quot;ea1&quot;: &quot;W50P91&quot;,
        &quot;ea2&quot;: &quot;Western Region&quot;
      }
    },
    {
      &quot;attributes&quot;: {
        &quot;owner&quot;: &quot;DFA&quot;,
        &quot;stage&quot;: &quot;Completed&quot;,
        &quot;ea1&quot;: &quot;W50P91&quot;,
        &quot;ea2&quot;: &quot;Western Region&quot;
      }
    },
    {
      &quot;attributes&quot;: {
        &quot;owner&quot;: &quot;DFA&quot;,
        &quot;stage&quot;: &quot;Completed&quot;,
        &quot;ea1&quot;: &quot;W50P91&quot;,
        &quot;ea2&quot;: &quot;Western Region&quot;
      }
    },
    {
      &quot;attributes&quot;: {
        &quot;owner&quot;: &quot;DFA&quot;,
        &quot;stage&quot;: &quot;Completed&quot;,
        &quot;ea1&quot;: &quot;NB30P08&quot;,
        &quot;ea2&quot;: &quot;Northern Region&quot;
      }
    },
    {
      &quot;attributes&quot;: {
        &quot;owner&quot;: &quot;DFA&quot;,
        &quot;stage&quot;: &quot;Construction&quot;,
        &quot;ea1&quot;: &quot;K20P65&quot;,
        &quot;ea2&quot;: &quot;Kwa-Zulu Natal&quot;
      }
    },
    {
      &quot;attributes&quot;: {
        &quot;owner&quot;: &quot;DFA&quot;,
        &quot;stage&quot;: &quot;Completed&quot;,
        &quot;ea1&quot;: &quot;none&quot;,
        &quot;ea2&quot;: &quot;None&quot;
      }
    },
    {
      &quot;attributes&quot;: {
        &quot;owner&quot;: &quot;DFA&quot;,
        &quot;stage&quot;: &quot;Completed&quot;,
        &quot;ea1&quot;: &quot;none&quot;,
        &quot;ea2&quot;: &quot;None&quot;
      }
    },
    {
      &quot;attributes&quot;: {
        &quot;owner&quot;: &quot;DFA&quot;,
        &quot;stage&quot;: &quot;Completed&quot;,
        &quot;ea1&quot;: &quot;none&quot;,
        &quot;ea2&quot;: &quot;None&quot;
      }
    },
    {
      &quot;attributes&quot;: {
        &quot;owner&quot;: &quot;DFA&quot;,
        &quot;stage&quot;: &quot;Completed&quot;,
        &quot;ea1&quot;: &quot;W20P44&quot;,
        &quot;ea2&quot;: &quot;Western Region&quot;
      }
    },
    {
      &quot;attributes&quot;: {
        &quot;owner&quot;: &quot;DFA&quot;,
        &quot;stage&quot;: &quot;Completed&quot;,
        &quot;ea1&quot;: &quot;none&quot;,
        &quot;ea2&quot;: &quot;None&quot;
      }
    },
    {
      &quot;attributes&quot;: {
        &quot;owner&quot;: &quot;DFA&quot;,
        &quot;stage&quot;: &quot;Completed&quot;,
        &quot;ea1&quot;: &quot;none&quot;,
        &quot;ea2&quot;: &quot;Northern Region&quot;
      }
    },
    {
      &quot;attributes&quot;: {
        &quot;owner&quot;: &quot;DFA&quot;,
        &quot;stage&quot;: &quot;Completed&quot;,
        &quot;ea1&quot;: &quot;none&quot;,
        &quot;ea2&quot;: &quot;Northern Region&quot;
      }
    },
    {
      &quot;attributes&quot;: {
        &quot;owner&quot;: &quot;DFA&quot;,
        &quot;stage&quot;: &quot;Completed&quot;,
        &quot;ea1&quot;: &quot;W51P18&quot;,
        &quot;ea2&quot;: &quot;Western Region&quot;
      }
    },
    {
      &quot;attributes&quot;: {
        &quot;owner&quot;: &quot;DFA&quot;,
        &quot;stage&quot;: &quot;Completed&quot;,
        &quot;ea1&quot;: &quot;W51P18&quot;,
        &quot;ea2&quot;: &quot;Western Region&quot;
      }
    },
    {
      &quot;attributes&quot;: {
        &quot;owner&quot;: &quot;DFA&quot;,
        &quot;stage&quot;: &quot;Completed&quot;,
        &quot;ea1&quot;: &quot;W50P91&quot;,
        &quot;ea2&quot;: &quot;Western Region&quot;
      }
    },
    {
      &quot;attributes&quot;: {
        &quot;owner&quot;: &quot;DFA&quot;,
        &quot;stage&quot;: &quot;Completed&quot;,
        &quot;ea1&quot;: &quot;W01P08&quot;,
        &quot;ea2&quot;: &quot;Western Region&quot;
      }
    },
    {
      &quot;attributes&quot;: {
        &quot;owner&quot;: &quot;DFA&quot;,
        &quot;stage&quot;: &quot;Completed&quot;,
        &quot;ea1&quot;: &quot;W01P08&quot;,
        &quot;ea2&quot;: &quot;Western Region&quot;
      }
    },
    {
      &quot;attributes&quot;: {
        &quot;owner&quot;: &quot;DFA&quot;,
        &quot;stage&quot;: &quot;Completed&quot;,
        &quot;ea1&quot;: &quot;W01P08&quot;,
        &quot;ea2&quot;: &quot;Western Region&quot;
      }
    },
    {
      &quot;attributes&quot;: {
        &quot;owner&quot;: &quot;DFA&quot;,
        &quot;stage&quot;: &quot;Completed&quot;,
        &quot;ea1&quot;: &quot;W01P08&quot;,
        &quot;ea2&quot;: &quot;Western Region&quot;
      }
    },
    {
      &quot;attributes&quot;: {
        &quot;owner&quot;: &quot;DFA&quot;,
        &quot;stage&quot;: &quot;Completed&quot;,
        &quot;ea1&quot;: &quot;W50P09&quot;,
        &quot;ea2&quot;: &quot;Western Region&quot;
      }
    },
    {
      &quot;attributes&quot;: {
        &quot;owner&quot;: &quot;DFA&quot;,
        &quot;stage&quot;: &quot;Completed&quot;,
        &quot;ea1&quot;: &quot;W50P09&quot;,
        &quot;ea2&quot;: &quot;Western Region&quot;
      }
    },
    {
      &quot;attributes&quot;: {
        &quot;owner&quot;: &quot;DFA&quot;,
        &quot;stage&quot;: &quot;Completed&quot;,
        &quot;ea1&quot;: &quot;W50P09&quot;,
        &quot;ea2&quot;: &quot;Western Region&quot;
      }
    },
    {
      &quot;attributes&quot;: {
        &quot;owner&quot;: &quot;DFA&quot;,
        &quot;stage&quot;: &quot;Completed&quot;,
        &quot;ea1&quot;: &quot;W50P09&quot;,
        &quot;ea2&quot;: &quot;Western Region&quot;
      }
    },
    {
      &quot;attributes&quot;: {
        &quot;owner&quot;: &quot;DFA&quot;,
        &quot;stage&quot;: &quot;Completed&quot;,
        &quot;ea1&quot;: &quot;W50P09&quot;,
        &quot;ea2&quot;: &quot;Western Region&quot;
      }
    },
    {
      &quot;attributes&quot;: {
        &quot;owner&quot;: &quot;DFA&quot;,
        &quot;stage&quot;: &quot;Completed&quot;,
        &quot;ea1&quot;: &quot;W50P09&quot;,
        &quot;ea2&quot;: &quot;Western Region&quot;
      }
    },
    {
      &quot;attributes&quot;: {
        &quot;owner&quot;: &quot;DFA&quot;,
        &quot;stage&quot;: &quot;Completed&quot;,
        &quot;ea1&quot;: &quot;W50P09&quot;,
        &quot;ea2&quot;: &quot;Western Region&quot;
      }
    },
    {
      &quot;attributes&quot;: {
        &quot;owner&quot;: &quot;DFA&quot;,
        &quot;stage&quot;: &quot;Completed&quot;,
        &quot;ea1&quot;: &quot;W50P09&quot;,
        &quot;ea2&quot;: &quot;Western Region&quot;
      }
    },
    {
      &quot;attributes&quot;: {
        &quot;owner&quot;: &quot;DFA&quot;,
        &quot;stage&quot;: &quot;Completed&quot;,
        &quot;ea1&quot;: &quot;W50P09&quot;,
        &quot;ea2&quot;: &quot;Western Region&quot;
      }
    },
    {
      &quot;attributes&quot;: {
        &quot;owner&quot;: &quot;DFA&quot;,
        &quot;stage&quot;: &quot;Completed&quot;,
        &quot;ea1&quot;: &quot;W50P09&quot;,
        &quot;ea2&quot;: &quot;Western Region&quot;
      }
    },
    {
      &quot;attributes&quot;: {
        &quot;owner&quot;: &quot;DFA&quot;,
        &quot;stage&quot;: &quot;Completed&quot;,
        &quot;ea1&quot;: &quot;W50P09&quot;,
        &quot;ea2&quot;: &quot;Western Region&quot;
      }
    },
    {
      &quot;attributes&quot;: {
        &quot;owner&quot;: &quot;DFA&quot;,
        &quot;stage&quot;: &quot;Completed&quot;,
        &quot;ea1&quot;: &quot;W50P09&quot;,
        &quot;ea2&quot;: &quot;Western Region&quot;
      }
    },
    {
      &quot;attributes&quot;: {
        &quot;owner&quot;: &quot;DFA&quot;,
        &quot;stage&quot;: &quot;Construction&quot;,
        &quot;ea1&quot;: &quot;G50P49&quot;,
        &quot;ea2&quot;: &quot;Gauteng South&quot;
      }
    },
    {
      &quot;attributes&quot;: {
        &quot;owner&quot;: &quot;DFA&quot;,
        &quot;stage&quot;: &quot;Completed&quot;,
        &quot;ea1&quot;: &quot;G50P53&quot;,
        &quot;ea2&quot;: &quot;Gauteng South&quot;
      }
    },
    {
      &quot;attributes&quot;: {
        &quot;owner&quot;: &quot;DFA&quot;,
        &quot;stage&quot;: &quot;Completed&quot;,
        &quot;ea1&quot;: &quot;G51P31&quot;,
        &quot;ea2&quot;: &quot;Gauteng South&quot;
      }
    },
    {
      &quot;attributes&quot;: {
        &quot;owner&quot;: &quot;DFA&quot;,
        &quot;stage&quot;: &quot;Completed&quot;,
        &quot;ea1&quot;: &quot;G51P31&quot;,
        &quot;ea2&quot;: &quot;Gauteng South&quot;
      }
    },
    {
      &quot;attributes&quot;: {
        &quot;owner&quot;: &quot;DFA&quot;,
        &quot;stage&quot;: &quot;Completed&quot;,
        &quot;ea1&quot;: &quot;G51P31&quot;,
        &quot;ea2&quot;: &quot;Gauteng South&quot;
      }
    },
    {
      &quot;attributes&quot;: {
        &quot;owner&quot;: &quot;DFA&quot;,
        &quot;stage&quot;: &quot;Completed&quot;,
        &quot;ea1&quot;: &quot;G51P31&quot;,
        &quot;ea2&quot;: &quot;Gauteng South&quot;
      }
    },
    {
      &quot;attributes&quot;: {
        &quot;owner&quot;: &quot;DFA&quot;,
        &quot;stage&quot;: &quot;Completed&quot;,
        &quot;ea1&quot;: &quot;G51P31&quot;,
        &quot;ea2&quot;: &quot;Gauteng South&quot;
      }
    },
    {
      &quot;attributes&quot;: {
        &quot;owner&quot;: &quot;DFA&quot;,
        &quot;stage&quot;: &quot;Completed&quot;,
        &quot;ea1&quot;: &quot;G51P31&quot;,
        &quot;ea2&quot;: &quot;Gauteng South&quot;
      }
    },
    {
      &quot;attributes&quot;: {
        &quot;owner&quot;: &quot;DFA&quot;,
        &quot;stage&quot;: &quot;Completed&quot;,
        &quot;ea1&quot;: &quot;G51P31&quot;,
        &quot;ea2&quot;: &quot;Gauteng South&quot;
      }
    },
    {
      &quot;attributes&quot;: {
        &quot;owner&quot;: &quot;DFA&quot;,
        &quot;stage&quot;: &quot;Construction&quot;,
        &quot;ea1&quot;: &quot;K50P10&quot;,
        &quot;ea2&quot;: &quot;Kwa-Zulu Natal&quot;
      }
    },
    {
      &quot;attributes&quot;: {
        &quot;owner&quot;: &quot;DFA&quot;,
        &quot;stage&quot;: &quot;Completed&quot;,
        &quot;ea1&quot;: &quot;W01P08&quot;,
        &quot;ea2&quot;: &quot;Western Region&quot;
      }
    },
    {
      &quot;attributes&quot;: {
        &quot;owner&quot;: &quot;DFA&quot;,
        &quot;stage&quot;: &quot;Construction&quot;,
        &quot;ea1&quot;: &quot;none&quot;,
        &quot;ea2&quot;: &quot;None&quot;
      }
    },
    {
      &quot;attributes&quot;: {
        &quot;owner&quot;: &quot;DFA&quot;,
        &quot;stage&quot;: &quot;Completed&quot;,
        &quot;ea1&quot;: &quot;W01P08&quot;,
        &quot;ea2&quot;: &quot;Western Region&quot;
      }
    },
    {
      &quot;attributes&quot;: {
        &quot;owner&quot;: &quot;DFA&quot;,
        &quot;stage&quot;: &quot;Completed&quot;,
        &quot;ea1&quot;: &quot;K50P10&quot;,
        &quot;ea2&quot;: &quot;Kwa-Zulu Natal&quot;
      }
    },
    {
      &quot;attributes&quot;: {
        &quot;owner&quot;: &quot;DFA&quot;,
        &quot;stage&quot;: &quot;Completed&quot;,
        &quot;ea1&quot;: &quot;K50P10&quot;,
        &quot;ea2&quot;: &quot;Kwa-Zulu Natal&quot;
      }
    },
    {
      &quot;attributes&quot;: {
        &quot;owner&quot;: &quot;DFA&quot;,
        &quot;stage&quot;: &quot;Completed&quot;,
        &quot;ea1&quot;: &quot;K50P10&quot;,
        &quot;ea2&quot;: &quot;Kwa-Zulu Natal&quot;
      }
    },
    {
      &quot;attributes&quot;: {
        &quot;owner&quot;: &quot;DFA&quot;,
        &quot;stage&quot;: &quot;Completed&quot;,
        &quot;ea1&quot;: &quot;K50P10&quot;,
        &quot;ea2&quot;: &quot;Kwa-Zulu Natal&quot;
      }
    },
    {
      &quot;attributes&quot;: {
        &quot;owner&quot;: &quot;DFA&quot;,
        &quot;stage&quot;: &quot;Completed&quot;,
        &quot;ea1&quot;: &quot;K50P10&quot;,
        &quot;ea2&quot;: &quot;Kwa-Zulu Natal&quot;
      }
    },
    {
      &quot;attributes&quot;: {
        &quot;owner&quot;: &quot;DFA&quot;,
        &quot;stage&quot;: &quot;Completed&quot;,
        &quot;ea1&quot;: &quot;K50P10&quot;,
        &quot;ea2&quot;: &quot;Kwa-Zulu Natal&quot;
      }
    },
    {
      &quot;attributes&quot;: {
        &quot;owner&quot;: &quot;DFA&quot;,
        &quot;stage&quot;: &quot;Completed&quot;,
        &quot;ea1&quot;: &quot;K50P10&quot;,
        &quot;ea2&quot;: &quot;Kwa-Zulu Natal&quot;
      }
    },
    {
      &quot;attributes&quot;: {
        &quot;owner&quot;: &quot;DFA&quot;,
        &quot;stage&quot;: &quot;Completed&quot;,
        &quot;ea1&quot;: &quot;K50P10&quot;,
        &quot;ea2&quot;: &quot;Kwa-Zulu Natal&quot;
      }
    },
    {
      &quot;attributes&quot;: {
        &quot;owner&quot;: &quot;DFA&quot;,
        &quot;stage&quot;: &quot;Completed&quot;,
        &quot;ea1&quot;: &quot;K50P10&quot;,
        &quot;ea2&quot;: &quot;Kwa-Zulu Natal&quot;
      }
    },
    {
      &quot;attributes&quot;: {
        &quot;owner&quot;: &quot;DFA&quot;,
        &quot;stage&quot;: &quot;Completed&quot;,
        &quot;ea1&quot;: &quot;K50P10&quot;,
        &quot;ea2&quot;: &quot;Kwa-Zulu Natal&quot;
      }
    },
    {
      &quot;attributes&quot;: {
        &quot;owner&quot;: &quot;DFA&quot;,
        &quot;stage&quot;: &quot;Completed&quot;,
        &quot;ea1&quot;: &quot;K50P10&quot;,
        &quot;ea2&quot;: &quot;Kwa-Zulu Natal&quot;
      }
    },
    {
      &quot;attributes&quot;: {
        &quot;owner&quot;: &quot;DFA&quot;,
        &quot;stage&quot;: &quot;Construction&quot;,
        &quot;ea1&quot;: &quot;K50P11&quot;,
        &quot;ea2&quot;: &quot;Kwa-Zulu Natal&quot;
      }
    },
    {
      &quot;attributes&quot;: {
        &quot;owner&quot;: &quot;DFA&quot;,
        &quot;stage&quot;: &quot;Construction&quot;,
        &quot;ea1&quot;: &quot;MS04386KH022621a&quot;,
        &quot;ea2&quot;: &quot;Kwa-Zulu Natal&quot;
      }
    },
    {
      &quot;attributes&quot;: {
        &quot;owner&quot;: &quot;DFA&quot;,
        &quot;stage&quot;: &quot;Completed&quot;,
        &quot;ea1&quot;: &quot;W20P40&quot;,
        &quot;ea2&quot;: &quot;Western Region&quot;
      }
    },
    {
      &quot;attributes&quot;: {
        &quot;owner&quot;: &quot;DFA&quot;,
        &quot;stage&quot;: &quot;Completed&quot;,
        &quot;ea1&quot;: &quot;W20P40&quot;,
        &quot;ea2&quot;: &quot;Western Region&quot;
      }
    },
    {
      &quot;attributes&quot;: {
        &quot;owner&quot;: &quot;DFA&quot;,
        &quot;stage&quot;: &quot;Completed&quot;,
        &quot;ea1&quot;: &quot;W20P40&quot;,
        &quot;ea2&quot;: &quot;Western Region&quot;
      }
    },
    {
      &quot;attributes&quot;: {
        &quot;owner&quot;: &quot;DFA&quot;,
        &quot;stage&quot;: &quot;Completed&quot;,
        &quot;ea1&quot;: &quot;W20P40&quot;,
        &quot;ea2&quot;: &quot;Western Region&quot;
      }
    },
    {
      &quot;attributes&quot;: {
        &quot;owner&quot;: &quot;DFA&quot;,
        &quot;stage&quot;: &quot;Completed&quot;,
        &quot;ea1&quot;: &quot;W20P40&quot;,
        &quot;ea2&quot;: &quot;Western Region&quot;
      }
    },
    {
      &quot;attributes&quot;: {
        &quot;owner&quot;: &quot;DFA&quot;,
        &quot;stage&quot;: &quot;Completed&quot;,
        &quot;ea1&quot;: &quot;W20P40&quot;,
        &quot;ea2&quot;: &quot;Western Region&quot;
      }
    },
    {
      &quot;attributes&quot;: {
        &quot;owner&quot;: &quot;DFA&quot;,
        &quot;stage&quot;: &quot;Completed&quot;,
        &quot;ea1&quot;: &quot;W20P40&quot;,
        &quot;ea2&quot;: &quot;Western Region&quot;
      }
    },
    {
      &quot;attributes&quot;: {
        &quot;owner&quot;: &quot;DFA&quot;,
        &quot;stage&quot;: &quot;Completed&quot;,
        &quot;ea1&quot;: &quot;K50P10&quot;,
        &quot;ea2&quot;: &quot;Kwa-Zulu Natal&quot;
      }
    },
    {
      &quot;attributes&quot;: {
        &quot;owner&quot;: &quot;DFA&quot;,
        &quot;stage&quot;: &quot;Completed&quot;,
        &quot;ea1&quot;: &quot;K50P10&quot;,
        &quot;ea2&quot;: &quot;Kwa-Zulu Natal&quot;
      }
    },
    {
      &quot;attributes&quot;: {
        &quot;owner&quot;: &quot;DFA&quot;,
        &quot;stage&quot;: &quot;Completed&quot;,
        &quot;ea1&quot;: &quot;K50P10&quot;,
        &quot;ea2&quot;: &quot;Kwa-Zulu Natal&quot;
      }
    },
    {
      &quot;attributes&quot;: {
        &quot;owner&quot;: &quot;DFA&quot;,
        &quot;stage&quot;: &quot;Completed&quot;,
        &quot;ea1&quot;: &quot;K50P10&quot;,
        &quot;ea2&quot;: &quot;Kwa-Zulu Natal&quot;
      }
    },
    {
      &quot;attributes&quot;: {
        &quot;owner&quot;: &quot;DFA&quot;,
        &quot;stage&quot;: &quot;Completed&quot;,
        &quot;ea1&quot;: &quot;K50P10&quot;,
        &quot;ea2&quot;: &quot;Kwa-Zulu Natal&quot;
      }
    },
    {
      &quot;attributes&quot;: {
        &quot;owner&quot;: &quot;DFA&quot;,
        &quot;stage&quot;: &quot;Completed&quot;,
        &quot;ea1&quot;: &quot;K50P10&quot;,
        &quot;ea2&quot;: &quot;Kwa-Zulu Natal&quot;
      }
    },
    {
      &quot;attributes&quot;: {
        &quot;owner&quot;: &quot;DFA&quot;,
        &quot;stage&quot;: &quot;Completed&quot;,
        &quot;ea1&quot;: &quot;K50P10&quot;,
        &quot;ea2&quot;: &quot;Kwa-Zulu Natal&quot;
      }
    },
    {
      &quot;attributes&quot;: {
        &quot;owner&quot;: &quot;DFA&quot;,
        &quot;stage&quot;: &quot;Completed&quot;,
        &quot;ea1&quot;: &quot;K50P10&quot;,
        &quot;ea2&quot;: &quot;Kwa-Zulu Natal&quot;
      }
    },
    {
      &quot;attributes&quot;: {
        &quot;owner&quot;: &quot;DFA&quot;,
        &quot;stage&quot;: &quot;Completed&quot;,
        &quot;ea1&quot;: &quot;K50P10&quot;,
        &quot;ea2&quot;: &quot;Kwa-Zulu Natal&quot;
      }
    },
    {
      &quot;attributes&quot;: {
        &quot;owner&quot;: &quot;DFA&quot;,
        &quot;stage&quot;: &quot;Completed&quot;,
        &quot;ea1&quot;: &quot;K50P10&quot;,
        &quot;ea2&quot;: &quot;Kwa-Zulu Natal&quot;
      }
    },
    {
      &quot;attributes&quot;: {
        &quot;owner&quot;: &quot;DFA&quot;,
        &quot;stage&quot;: &quot;Construction&quot;,
        &quot;ea1&quot;: &quot;none&quot;,
        &quot;ea2&quot;: &quot;Northern Region&quot;
      }
    },
    {
      &quot;attributes&quot;: {
        &quot;owner&quot;: &quot;DFA&quot;,
        &quot;stage&quot;: &quot;Completed&quot;,
        &quot;ea1&quot;: &quot;W50P25&quot;,
        &quot;ea2&quot;: &quot;Western Region&quot;
      }
    },
    {
      &quot;attributes&quot;: {
        &quot;owner&quot;: &quot;DFA&quot;,
        &quot;stage&quot;: &quot;Completed&quot;,
        &quot;ea1&quot;: &quot;K50P10&quot;,
        &quot;ea2&quot;: &quot;Kwa-Zulu Natal&quot;
      }
    },
    {
      &quot;attributes&quot;: {
        &quot;owner&quot;: &quot;DFA&quot;,
        &quot;stage&quot;: &quot;Completed&quot;,
        &quot;ea1&quot;: &quot;K50P10&quot;,
        &quot;ea2&quot;: &quot;Kwa-Zulu Natal&quot;
      }
    },
    {
      &quot;attributes&quot;: {
        &quot;owner&quot;: &quot;DFA&quot;,
        &quot;stage&quot;: &quot;Completed&quot;,
        &quot;ea1&quot;: &quot;W50P25&quot;,
        &quot;ea2&quot;: &quot;Western Region&quot;
      }
    },
    {
      &quot;attributes&quot;: {
        &quot;owner&quot;: &quot;DFA&quot;,
        &quot;stage&quot;: &quot;Construction&quot;,
        &quot;ea1&quot;: &quot;none&quot;,
        &quot;ea2&quot;: &quot;Northern Region&quot;
      }
    },
    {
      &quot;attributes&quot;: {
        &quot;owner&quot;: &quot;DFA&quot;,
        &quot;stage&quot;: &quot;Construction&quot;,
        &quot;ea1&quot;: &quot;none&quot;,
        &quot;ea2&quot;: &quot;None&quot;
      }
    },
    {
      &quot;attributes&quot;: {
        &quot;owner&quot;: &quot;DFA&quot;,
        &quot;stage&quot;: &quot;Completed&quot;,
        &quot;ea1&quot;: &quot;AS17677LH000233&quot;,
        &quot;ea2&quot;: &quot;Northern Region&quot;
      }
    },
    {
      &quot;attributes&quot;: {
        &quot;owner&quot;: &quot;DFA&quot;,
        &quot;stage&quot;: &quot;Completed&quot;,
        &quot;ea1&quot;: &quot;K50P10&quot;,
        &quot;ea2&quot;: &quot;Kwa-Zulu Natal&quot;
      }
    },
    {
      &quot;attributes&quot;: {
        &quot;owner&quot;: &quot;DFA&quot;,
        &quot;stage&quot;: &quot;Completed&quot;,
        &quot;ea1&quot;: &quot;K50P10&quot;,
        &quot;ea2&quot;: &quot;Kwa-Zulu Natal&quot;
      }
    },
    {
      &quot;attributes&quot;: {
        &quot;owner&quot;: &quot;DFA&quot;,
        &quot;stage&quot;: &quot;Completed&quot;,
        &quot;ea1&quot;: &quot;K50P10&quot;,
        &quot;ea2&quot;: &quot;Kwa-Zulu Natal&quot;
      }
    },
    {
      &quot;attributes&quot;: {
        &quot;owner&quot;: &quot;DFA&quot;,
        &quot;stage&quot;: &quot;Completed&quot;,
        &quot;ea1&quot;: &quot;K50P10&quot;,
        &quot;ea2&quot;: &quot;Kwa-Zulu Natal&quot;
      }
    },
    {
      &quot;attributes&quot;: {
        &quot;owner&quot;: &quot;DFA&quot;,
        &quot;stage&quot;: &quot;Completed&quot;,
        &quot;ea1&quot;: &quot;K50P10&quot;,
        &quot;ea2&quot;: &quot;Kwa-Zulu Natal&quot;
      }
    },
    {
      &quot;attributes&quot;: {
        &quot;owner&quot;: &quot;DFA&quot;,
        &quot;stage&quot;: &quot;Completed&quot;,
        &quot;ea1&quot;: &quot;K50P10&quot;,
        &quot;ea2&quot;: &quot;Kwa-Zulu Natal&quot;
      }
    },
    {
      &quot;attributes&quot;: {
        &quot;owner&quot;: &quot;DFA&quot;,
        &quot;stage&quot;: &quot;Completed&quot;,
        &quot;ea1&quot;: &quot;K50P10&quot;,
        &quot;ea2&quot;: &quot;Kwa-Zulu Natal&quot;
      }
    },
    {
      &quot;attributes&quot;: {
        &quot;owner&quot;: &quot;DFA&quot;,
        &quot;stage&quot;: &quot;Completed&quot;,
        &quot;ea1&quot;: &quot;K50P10&quot;,
        &quot;ea2&quot;: &quot;Kwa-Zulu Natal&quot;
      }
    },
    {
      &quot;attributes&quot;: {
        &quot;owner&quot;: &quot;DFA&quot;,
        &quot;stage&quot;: &quot;Completed&quot;,
        &quot;ea1&quot;: &quot;K50P10&quot;,
        &quot;ea2&quot;: &quot;Kwa-Zulu Natal&quot;
      }
    },
    {
      &quot;attributes&quot;: {
        &quot;owner&quot;: &quot;DFA&quot;,
        &quot;stage&quot;: &quot;Completed&quot;,
        &quot;ea1&quot;: &quot;K50P10&quot;,
        &quot;ea2&quot;: &quot;Kwa-Zulu Natal&quot;
      }
    },
    {
      &quot;attributes&quot;: {
        &quot;owner&quot;: &quot;DFA&quot;,
        &quot;stage&quot;: &quot;Completed&quot;,
        &quot;ea1&quot;: &quot;K50P10&quot;,
        &quot;ea2&quot;: &quot;Kwa-Zulu Natal&quot;
      }
    },
    {
      &quot;attributes&quot;: {
        &quot;owner&quot;: &quot;DFA&quot;,
        &quot;stage&quot;: &quot;Completed&quot;,
        &quot;ea1&quot;: &quot;K50P10&quot;,
        &quot;ea2&quot;: &quot;Kwa-Zulu Natal&quot;
      }
    },
    {
      &quot;attributes&quot;: {
        &quot;owner&quot;: &quot;DFA&quot;,
        &quot;stage&quot;: &quot;Completed&quot;,
        &quot;ea1&quot;: &quot;K50P10&quot;,
        &quot;ea2&quot;: &quot;Kwa-Zulu Natal&quot;
      }
    },
    {
      &quot;attributes&quot;: {
        &quot;owner&quot;: &quot;DFA&quot;,
        &quot;stage&quot;: &quot;Completed&quot;,
        &quot;ea1&quot;: &quot;K50P10&quot;,
        &quot;ea2&quot;: &quot;Kwa-Zulu Natal&quot;
      }
    },
    {
      &quot;attributes&quot;: {
        &quot;owner&quot;: &quot;DFA&quot;,
        &quot;stage&quot;: &quot;Completed&quot;,
        &quot;ea1&quot;: &quot;K50P10&quot;,
        &quot;ea2&quot;: &quot;Kwa-Zulu Natal&quot;
      }
    },
    {
      &quot;attributes&quot;: {
        &quot;owner&quot;: &quot;DFA&quot;,
        &quot;stage&quot;: &quot;Completed&quot;,
        &quot;ea1&quot;: &quot;K50P10&quot;,
        &quot;ea2&quot;: &quot;Kwa-Zulu Natal&quot;
      }
    },
    {
      &quot;attributes&quot;: {
        &quot;owner&quot;: &quot;DFA&quot;,
        &quot;stage&quot;: &quot;Completed&quot;,
        &quot;ea1&quot;: &quot;K50P10&quot;,
        &quot;ea2&quot;: &quot;Kwa-Zulu Natal&quot;
      }
    },
    {
      &quot;attributes&quot;: {
        &quot;owner&quot;: &quot;DFA&quot;,
        &quot;stage&quot;: &quot;Completed&quot;,
        &quot;ea1&quot;: &quot;K50P10&quot;,
        &quot;ea2&quot;: &quot;Kwa-Zulu Natal&quot;
      }
    },
    {
      &quot;attributes&quot;: {
        &quot;owner&quot;: &quot;DFA&quot;,
        &quot;stage&quot;: &quot;Completed&quot;,
        &quot;ea1&quot;: &quot;K50P10&quot;,
        &quot;ea2&quot;: &quot;Kwa-Zulu Natal&quot;
      }
    },
    {
      &quot;attributes&quot;: {
        &quot;owner&quot;: &quot;DFA&quot;,
        &quot;stage&quot;: &quot;Completed&quot;,
        &quot;ea1&quot;: &quot;K50P10&quot;,
        &quot;ea2&quot;: &quot;Kwa-Zulu Natal&quot;
      }
    },
    {
      &quot;attributes&quot;: {
        &quot;owner&quot;: &quot;DFA&quot;,
        &quot;stage&quot;: &quot;Completed&quot;,
        &quot;ea1&quot;: &quot;K50P10&quot;,
        &quot;ea2&quot;: &quot;Kwa-Zulu Natal&quot;
      }
    },
    {
      &quot;attributes&quot;: {
        &quot;owner&quot;: &quot;DFA&quot;,
        &quot;stage&quot;: &quot;Completed&quot;,
        &quot;ea1&quot;: &quot;K50P10&quot;,
        &quot;ea2&quot;: &quot;Kwa-Zulu Natal&quot;
      }
    },
    {
      &quot;attributes&quot;: {
        &quot;owner&quot;: &quot;DFA&quot;,
        &quot;stage&quot;: &quot;Completed&quot;,
        &quot;ea1&quot;: &quot;K50P10&quot;,
        &quot;ea2&quot;: &quot;Kwa-Zulu Natal&quot;
      }
    },
    {
      &quot;attributes&quot;: {
        &quot;owner&quot;: &quot;DFA&quot;,
        &quot;stage&quot;: &quot;Completed&quot;,
        &quot;ea1&quot;: &quot;K50P10&quot;,
        &quot;ea2&quot;: &quot;Kwa-Zulu Natal&quot;
      }
    },
    {
      &quot;attributes&quot;: {
        &quot;owner&quot;: &quot;DFA&quot;,
        &quot;stage&quot;: &quot;Completed&quot;,
        &quot;ea1&quot;: &quot;K50P10&quot;,
        &quot;ea2&quot;: &quot;Kwa-Zulu Natal&quot;
      }
    },
    {
      &quot;attributes&quot;: {
        &quot;owner&quot;: &quot;DFA&quot;,
        &quot;stage&quot;: &quot;Completed&quot;,
        &quot;ea1&quot;: &quot;K50P10&quot;,
        &quot;ea2&quot;: &quot;Kwa-Zulu Natal&quot;
      }
    },
    {
      &quot;attributes&quot;: {
        &quot;owner&quot;: &quot;DFA&quot;,
        &quot;stage&quot;: &quot;Completed&quot;,
        &quot;ea1&quot;: &quot;K50P10&quot;,
        &quot;ea2&quot;: &quot;Kwa-Zulu Natal&quot;
      }
    },
    {
      &quot;attributes&quot;: {
        &quot;owner&quot;: &quot;DFA&quot;,
        &quot;stage&quot;: &quot;Completed&quot;,
        &quot;ea1&quot;: &quot;K50P10&quot;,
        &quot;ea2&quot;: &quot;Kwa-Zulu Natal&quot;
      }
    },
    {
      &quot;attributes&quot;: {
        &quot;owner&quot;: &quot;DFA&quot;,
        &quot;stage&quot;: &quot;Completed&quot;,
        &quot;ea1&quot;: &quot;K50P10&quot;,
        &quot;ea2&quot;: &quot;Kwa-Zulu Natal&quot;
      }
    },
    {
      &quot;attributes&quot;: {
        &quot;owner&quot;: &quot;DFA&quot;,
        &quot;stage&quot;: &quot;Completed&quot;,
        &quot;ea1&quot;: &quot;K50P10&quot;,
        &quot;ea2&quot;: &quot;Kwa-Zulu Natal&quot;
      }
    },
    {
      &quot;attributes&quot;: {
        &quot;owner&quot;: &quot;DFA&quot;,
        &quot;stage&quot;: &quot;Completed&quot;,
        &quot;ea1&quot;: &quot;K50P10&quot;,
        &quot;ea2&quot;: &quot;Kwa-Zulu Natal&quot;
      }
    },
    {
      &quot;attributes&quot;: {
        &quot;owner&quot;: &quot;DFA&quot;,
        &quot;stage&quot;: &quot;Completed&quot;,
        &quot;ea1&quot;: &quot;K50P10&quot;,
        &quot;ea2&quot;: &quot;Kwa-Zulu Natal&quot;
      }
    },
    {
      &quot;attributes&quot;: {
        &quot;owner&quot;: &quot;DFA&quot;,
        &quot;stage&quot;: &quot;Completed&quot;,
        &quot;ea1&quot;: &quot;K50P10&quot;,
        &quot;ea2&quot;: &quot;Kwa-Zulu Natal&quot;
      }
    },
    {
      &quot;attributes&quot;: {
        &quot;owner&quot;: &quot;DFA&quot;,
        &quot;stage&quot;: &quot;Completed&quot;,
        &quot;ea1&quot;: &quot;K50P10&quot;,
        &quot;ea2&quot;: &quot;Kwa-Zulu Natal&quot;
      }
    },
    {
      &quot;attributes&quot;: {
        &quot;owner&quot;: &quot;DFA&quot;,
        &quot;stage&quot;: &quot;Completed&quot;,
        &quot;ea1&quot;: &quot;K50P10&quot;,
        &quot;ea2&quot;: &quot;Kwa-Zulu Natal&quot;
      }
    },
    {
      &quot;attributes&quot;: {
        &quot;owner&quot;: &quot;DFA&quot;,
        &quot;stage&quot;: &quot;Completed&quot;,
        &quot;ea1&quot;: &quot;K50P10&quot;,
        &quot;ea2&quot;: &quot;Kwa-Zulu Natal&quot;
      }
    },
    {
      &quot;attributes&quot;: {
        &quot;owner&quot;: &quot;DFA&quot;,
        &quot;stage&quot;: &quot;Completed&quot;,
        &quot;ea1&quot;: &quot;K50P10&quot;,
        &quot;ea2&quot;: &quot;Kwa-Zulu Natal&quot;
      }
    },
    {
      &quot;attributes&quot;: {
        &quot;owner&quot;: &quot;DFA&quot;,
        &quot;stage&quot;: &quot;Completed&quot;,
        &quot;ea1&quot;: &quot;K50P10&quot;,
        &quot;ea2&quot;: &quot;Kwa-Zulu Natal&quot;
      }
    },
    {
      &quot;attributes&quot;: {
        &quot;owner&quot;: &quot;DFA&quot;,
        &quot;stage&quot;: &quot;Completed&quot;,
        &quot;ea1&quot;: &quot;K50P10&quot;,
        &quot;ea2&quot;: &quot;Kwa-Zulu Natal&quot;
      }
    },
    {
      &quot;attributes&quot;: {
        &quot;owner&quot;: &quot;DFA&quot;,
        &quot;stage&quot;: &quot;Completed&quot;,
        &quot;ea1&quot;: &quot;K50P10&quot;,
        &quot;ea2&quot;: &quot;Kwa-Zulu Natal&quot;
      }
    },
    {
      &quot;attributes&quot;: {
        &quot;owner&quot;: &quot;DFA&quot;,
        &quot;stage&quot;: &quot;Completed&quot;,
        &quot;ea1&quot;: &quot;K50P10&quot;,
        &quot;ea2&quot;: &quot;Kwa-Zulu Natal&quot;
      }
    },
    {
      &quot;attributes&quot;: {
        &quot;owner&quot;: &quot;DFA&quot;,
        &quot;stage&quot;: &quot;Completed&quot;,
        &quot;ea1&quot;: &quot;K50P10&quot;,
        &quot;ea2&quot;: &quot;Kwa-Zulu Natal&quot;
      }
    },
    {
      &quot;attributes&quot;: {
        &quot;owner&quot;: &quot;DFA&quot;,
        &quot;stage&quot;: &quot;Completed&quot;,
        &quot;ea1&quot;: &quot;W50P61&quot;,
        &quot;ea2&quot;: &quot;Western Region&quot;
      }
    },
    {
      &quot;attributes&quot;: {
        &quot;owner&quot;: &quot;DFA&quot;,
        &quot;stage&quot;: &quot;Construction&quot;,
        &quot;ea1&quot;: &quot;none&quot;,
        &quot;ea2&quot;: &quot;None&quot;
      }
    },
    {
      &quot;attributes&quot;: {
        &quot;owner&quot;: &quot;DFA&quot;,
        &quot;stage&quot;: &quot;Completed&quot;,
        &quot;ea1&quot;: &quot;K50P10&quot;,
        &quot;ea2&quot;: &quot;Kwa-Zulu Natal&quot;
      }
    },
    {
      &quot;attributes&quot;: {
        &quot;owner&quot;: &quot;DFA&quot;,
        &quot;stage&quot;: &quot;Completed&quot;,
        &quot;ea1&quot;: &quot;K50P10&quot;,
        &quot;ea2&quot;: &quot;Kwa-Zulu Natal&quot;
      }
    },
    {
      &quot;attributes&quot;: {
        &quot;owner&quot;: &quot;DFA&quot;,
        &quot;stage&quot;: &quot;Completed&quot;,
        &quot;ea1&quot;: &quot;W50P65&quot;,
        &quot;ea2&quot;: &quot;Western Region&quot;
      }
    },
    {
      &quot;attributes&quot;: {
        &quot;owner&quot;: &quot;DFA&quot;,
        &quot;stage&quot;: &quot;Completed&quot;,
        &quot;ea1&quot;: &quot;K50P10&quot;,
        &quot;ea2&quot;: &quot;Kwa-Zulu Natal&quot;
      }
    },
    {
      &quot;attributes&quot;: {
        &quot;owner&quot;: &quot;DFA&quot;,
        &quot;stage&quot;: &quot;Completed&quot;,
        &quot;ea1&quot;: &quot;W50P65&quot;,
        &quot;ea2&quot;: &quot;Western Region&quot;
      }
    },
    {
      &quot;attributes&quot;: {
        &quot;owner&quot;: &quot;DFA&quot;,
        &quot;stage&quot;: &quot;Completed&quot;,
        &quot;ea1&quot;: &quot;K50P10&quot;,
        &quot;ea2&quot;: &quot;Kwa-Zulu Natal&quot;
      }
    },
    {
      &quot;attributes&quot;: {
        &quot;owner&quot;: &quot;DFA&quot;,
        &quot;stage&quot;: &quot;Completed&quot;,
        &quot;ea1&quot;: &quot;W50P65&quot;,
        &quot;ea2&quot;: &quot;Western Region&quot;
      }
    },
    {
      &quot;attributes&quot;: {
        &quot;owner&quot;: &quot;DFA&quot;,
        &quot;stage&quot;: &quot;Completed&quot;,
        &quot;ea1&quot;: &quot;K50P10&quot;,
        &quot;ea2&quot;: &quot;Kwa-Zulu Natal&quot;
      }
    },
    {
      &quot;attributes&quot;: {
        &quot;owner&quot;: &quot;DFA&quot;,
        &quot;stage&quot;: &quot;Completed&quot;,
        &quot;ea1&quot;: &quot;W50P65&quot;,
        &quot;ea2&quot;: &quot;Western Region&quot;
      }
    },
    {
      &quot;attributes&quot;: {
        &quot;owner&quot;: &quot;DFA&quot;,
        &quot;stage&quot;: &quot;Completed&quot;,
        &quot;ea1&quot;: &quot;W50P65&quot;,
        &quot;ea2&quot;: &quot;Western Region&quot;
      }
    },
    {
      &quot;attributes&quot;: {
        &quot;owner&quot;: &quot;DFA&quot;,
        &quot;stage&quot;: &quot;Completed&quot;,
        &quot;ea1&quot;: &quot;W50P65&quot;,
        &quot;ea2&quot;: &quot;Western Region&quot;
      }
    },
    {
      &quot;attributes&quot;: {
        &quot;owner&quot;: &quot;DFA&quot;,
        &quot;stage&quot;: &quot;Completed&quot;,
        &quot;ea1&quot;: &quot;MS03141LH020229&quot;,
        &quot;ea2&quot;: &quot;Northern Region&quot;
      }
    },
    {
      &quot;attributes&quot;: {
        &quot;owner&quot;: &quot;DFA&quot;,
        &quot;stage&quot;: &quot;Completed&quot;,
        &quot;ea1&quot;: &quot;W50P65&quot;,
        &quot;ea2&quot;: &quot;Western Region&quot;
      }
    },
    {
      &quot;attributes&quot;: {
        &quot;owner&quot;: &quot;DFA&quot;,
        &quot;stage&quot;: &quot;Completed&quot;,
        &quot;ea1&quot;: &quot;W50P64&quot;,
        &quot;ea2&quot;: &quot;Western Region&quot;
      }
    },
    {
      &quot;attributes&quot;: {
        &quot;owner&quot;: &quot;DFA&quot;,
        &quot;stage&quot;: &quot;Completed&quot;,
        &quot;ea1&quot;: &quot;none&quot;,
        &quot;ea2&quot;: &quot;Northern Region&quot;
      }
    },
    {
      &quot;attributes&quot;: {
        &quot;owner&quot;: &quot;DFA&quot;,
        &quot;stage&quot;: &quot;Completed&quot;,
        &quot;ea1&quot;: &quot;none&quot;,
        &quot;ea2&quot;: &quot;Northern Region&quot;
      }
    },
    {
      &quot;attributes&quot;: {
        &quot;owner&quot;: &quot;DFA&quot;,
        &quot;stage&quot;: &quot;Completed&quot;,
        &quot;ea1&quot;: &quot;none&quot;,
        &quot;ea2&quot;: &quot;Northern Region&quot;
      }
    },
    {
      &quot;attributes&quot;: {
        &quot;owner&quot;: &quot;DFA&quot;,
        &quot;stage&quot;: &quot;Completed&quot;,
        &quot;ea1&quot;: &quot;none&quot;,
        &quot;ea2&quot;: &quot;Northern Region&quot;
      }
    },
    {
      &quot;attributes&quot;: {
        &quot;owner&quot;: &quot;DFA&quot;,
        &quot;stage&quot;: &quot;Completed&quot;,
        &quot;ea1&quot;: &quot;none&quot;,
        &quot;ea2&quot;: &quot;Northern Region&quot;
      }
    },
    {
      &quot;attributes&quot;: {
        &quot;owner&quot;: &quot;DFA&quot;,
        &quot;stage&quot;: &quot;Completed&quot;,
        &quot;ea1&quot;: &quot;AS04786NB000951&quot;,
        &quot;ea2&quot;: &quot;Northern Region&quot;
      }
    },
    {
      &quot;attributes&quot;: {
        &quot;owner&quot;: &quot;DFA&quot;,
        &quot;stage&quot;: &quot;Completed&quot;,
        &quot;ea1&quot;: &quot;none&quot;,
        &quot;ea2&quot;: &quot;Northern Region&quot;
      }
    },
    {
      &quot;attributes&quot;: {
        &quot;owner&quot;: &quot;DFA&quot;,
        &quot;stage&quot;: &quot;Completed&quot;,
        &quot;ea1&quot;: &quot;none&quot;,
        &quot;ea2&quot;: &quot;Northern Region&quot;
      }
    },
    {
      &quot;attributes&quot;: {
        &quot;owner&quot;: &quot;DFA&quot;,
        &quot;stage&quot;: &quot;Completed&quot;,
        &quot;ea1&quot;: &quot;none&quot;,
        &quot;ea2&quot;: &quot;Northern Region&quot;
      }
    },
    {
      &quot;attributes&quot;: {
        &quot;owner&quot;: &quot;DFA&quot;,
        &quot;stage&quot;: &quot;Completed&quot;,
        &quot;ea1&quot;: &quot;none&quot;,
        &quot;ea2&quot;: &quot;Northern Region&quot;
      }
    },
    {
      &quot;attributes&quot;: {
        &quot;owner&quot;: &quot;DFA&quot;,
        &quot;stage&quot;: &quot;Completed&quot;,
        &quot;ea1&quot;: &quot;none&quot;,
        &quot;ea2&quot;: &quot;Northern Region&quot;
      }
    },
    {
      &quot;attributes&quot;: {
        &quot;owner&quot;: &quot;DFA&quot;,
        &quot;stage&quot;: &quot;Completed&quot;,
        &quot;ea1&quot;: &quot;none&quot;,
        &quot;ea2&quot;: &quot;Northern Region&quot;
      }
    },
    {
      &quot;attributes&quot;: {
        &quot;owner&quot;: &quot;DFA&quot;,
        &quot;stage&quot;: &quot;Completed&quot;,
        &quot;ea1&quot;: &quot;none&quot;,
        &quot;ea2&quot;: &quot;Northern Region&quot;
      }
    },
    {
      &quot;attributes&quot;: {
        &quot;owner&quot;: &quot;DFA&quot;,
        &quot;stage&quot;: &quot;Completed&quot;,
        &quot;ea1&quot;: &quot;none&quot;,
        &quot;ea2&quot;: &quot;Northern Region&quot;
      }
    },
    {
      &quot;attributes&quot;: {
        &quot;owner&quot;: &quot;DFA&quot;,
        &quot;stage&quot;: &quot;Completed&quot;,
        &quot;ea1&quot;: &quot;none&quot;,
        &quot;ea2&quot;: &quot;Northern Region&quot;
      }
    },
    {
      &quot;attributes&quot;: {
        &quot;owner&quot;: &quot;DFA&quot;,
        &quot;stage&quot;: &quot;Completed&quot;,
        &quot;ea1&quot;: &quot;none&quot;,
        &quot;ea2&quot;: &quot;Northern Region&quot;
      }
    },
    {
      &quot;attributes&quot;: {
        &quot;owner&quot;: &quot;DFA&quot;,
        &quot;stage&quot;: &quot;Completed&quot;,
        &quot;ea1&quot;: &quot;none&quot;,
        &quot;ea2&quot;: &quot;Northern Region&quot;
      }
    },
    {
      &quot;attributes&quot;: {
        &quot;owner&quot;: &quot;DFA&quot;,
        &quot;stage&quot;: &quot;Completed&quot;,
        &quot;ea1&quot;: &quot;none&quot;,
        &quot;ea2&quot;: &quot;Northern Region&quot;
      }
    },
    {
      &quot;attributes&quot;: {
        &quot;owner&quot;: &quot;DFA&quot;,
        &quot;stage&quot;: &quot;Completed&quot;,
        &quot;ea1&quot;: &quot;G01P13&quot;,
        &quot;ea2&quot;: &quot;Northern Region&quot;
      }
    },
    {
      &quot;attributes&quot;: {
        &quot;owner&quot;: &quot;DFA&quot;,
        &quot;stage&quot;: &quot;Completed&quot;,
        &quot;ea1&quot;: &quot;none&quot;,
        &quot;ea2&quot;: &quot;Northern Region&quot;
      }
    },
    {
      &quot;attributes&quot;: {
        &quot;owner&quot;: &quot;DFA&quot;,
        &quot;stage&quot;: &quot;Completed&quot;,
        &quot;ea1&quot;: &quot;K50P43&quot;,
        &quot;ea2&quot;: &quot;Kwa-Zulu Natal&quot;
      }
    },
    {
      &quot;attributes&quot;: {
        &quot;owner&quot;: &quot;DFA&quot;,
        &quot;stage&quot;: &quot;Completed&quot;,
        &quot;ea1&quot;: &quot;none&quot;,
        &quot;ea2&quot;: &quot;None&quot;
      }
    },
    {
      &quot;attributes&quot;: {
        &quot;owner&quot;: &quot;DFA&quot;,
        &quot;stage&quot;: &quot;Completed&quot;,
        &quot;ea1&quot;: &quot;K50P43&quot;,
        &quot;ea2&quot;: &quot;Kwa-Zulu Natal&quot;
      }
    },
    {
      &quot;attributes&quot;: {
        &quot;owner&quot;: &quot;DFA&quot;,
        &quot;stage&quot;: &quot;Completed&quot;,
        &quot;ea1&quot;: &quot;K50P43&quot;,
        &quot;ea2&quot;: &quot;Kwa-Zulu Natal&quot;
      }
    },
    {
      &quot;attributes&quot;: {
        &quot;owner&quot;: &quot;DFA&quot;,
        &quot;stage&quot;: &quot;Completed&quot;,
        &quot;ea1&quot;: &quot;K50P43&quot;,
        &quot;ea2&quot;: &quot;Kwa-Zulu Natal&quot;
      }
    },
    {
      &quot;attributes&quot;: {
        &quot;owner&quot;: &quot;DFA&quot;,
        &quot;stage&quot;: &quot;Completed&quot;,
        &quot;ea1&quot;: &quot;K50P43&quot;,
        &quot;ea2&quot;: &quot;Kwa-Zulu Natal&quot;
      }
    },
    {
      &quot;attributes&quot;: {
        &quot;owner&quot;: &quot;DFA&quot;,
        &quot;stage&quot;: &quot;Completed&quot;,
        &quot;ea1&quot;: &quot;K50P43&quot;,
        &quot;ea2&quot;: &quot;Kwa-Zulu Natal&quot;
      }
    },
    {
      &quot;attributes&quot;: {
        &quot;owner&quot;: &quot;DFA&quot;,
        &quot;stage&quot;: &quot;Completed&quot;,
        &quot;ea1&quot;: &quot;K50P43&quot;,
        &quot;ea2&quot;: &quot;Kwa-Zulu Natal&quot;
      }
    },
    {
      &quot;attributes&quot;: {
        &quot;owner&quot;: &quot;DFA&quot;,
        &quot;stage&quot;: &quot;Completed&quot;,
        &quot;ea1&quot;: &quot;K50P43&quot;,
        &quot;ea2&quot;: &quot;Kwa-Zulu Natal&quot;
      }
    },
    {
      &quot;attributes&quot;: {
        &quot;owner&quot;: &quot;DFA&quot;,
        &quot;stage&quot;: &quot;Completed&quot;,
        &quot;ea1&quot;: &quot;K50P43&quot;,
        &quot;ea2&quot;: &quot;Kwa-Zulu Natal&quot;
      }
    },
    {
      &quot;attributes&quot;: {
        &quot;owner&quot;: &quot;DFA&quot;,
        &quot;stage&quot;: &quot;Completed&quot;,
        &quot;ea1&quot;: &quot;K50P43&quot;,
        &quot;ea2&quot;: &quot;Kwa-Zulu Natal&quot;
      }
    },
    {
      &quot;attributes&quot;: {
        &quot;owner&quot;: &quot;DFA&quot;,
        &quot;stage&quot;: &quot;Completed&quot;,
        &quot;ea1&quot;: &quot;K50P43&quot;,
        &quot;ea2&quot;: &quot;Kwa-Zulu Natal&quot;
      }
    },
    {
      &quot;attributes&quot;: {
        &quot;owner&quot;: &quot;DFA&quot;,
        &quot;stage&quot;: &quot;Completed&quot;,
        &quot;ea1&quot;: &quot;K50P43&quot;,
        &quot;ea2&quot;: &quot;Kwa-Zulu Natal&quot;
      }
    },
    {
      &quot;attributes&quot;: {
        &quot;owner&quot;: &quot;DFA&quot;,
        &quot;stage&quot;: &quot;Completed&quot;,
        &quot;ea1&quot;: &quot;K50P43&quot;,
        &quot;ea2&quot;: &quot;Kwa-Zulu Natal&quot;
      }
    },
    {
      &quot;attributes&quot;: {
        &quot;owner&quot;: &quot;DFA&quot;,
        &quot;stage&quot;: &quot;Completed&quot;,
        &quot;ea1&quot;: &quot;K50P43&quot;,
        &quot;ea2&quot;: &quot;Kwa-Zulu Natal&quot;
      }
    },
    {
      &quot;attributes&quot;: {
        &quot;owner&quot;: &quot;DFA&quot;,
        &quot;stage&quot;: &quot;Completed&quot;,
        &quot;ea1&quot;: &quot;K50P43&quot;,
        &quot;ea2&quot;: &quot;Kwa-Zulu Natal&quot;
      }
    },
    {
      &quot;attributes&quot;: {
        &quot;owner&quot;: &quot;DFA&quot;,
        &quot;stage&quot;: &quot;Completed&quot;,
        &quot;ea1&quot;: &quot;G50P65&quot;,
        &quot;ea2&quot;: &quot;Gauteng South&quot;
      }
    },
    {
      &quot;attributes&quot;: {
        &quot;owner&quot;: &quot;DFA&quot;,
        &quot;stage&quot;: &quot;Completed&quot;,
        &quot;ea1&quot;: &quot;none&quot;,
        &quot;ea2&quot;: &quot;Northern Region&quot;
      }
    },
    {
      &quot;attributes&quot;: {
        &quot;owner&quot;: &quot;DFA&quot;,
        &quot;stage&quot;: &quot;Completed&quot;,
        &quot;ea1&quot;: &quot;W51P02&quot;,
        &quot;ea2&quot;: &quot;Western Region&quot;
      }
    },
    {
      &quot;attributes&quot;: {
        &quot;owner&quot;: &quot;DFA&quot;,
        &quot;stage&quot;: &quot;Completed&quot;,
        &quot;ea1&quot;: &quot;W51P02&quot;,
        &quot;ea2&quot;: &quot;Western Region&quot;
      }
    },
    {
      &quot;attributes&quot;: {
        &quot;owner&quot;: &quot;DFA&quot;,
        &quot;stage&quot;: &quot;Completed&quot;,
        &quot;ea1&quot;: &quot;W51P02&quot;,
        &quot;ea2&quot;: &quot;Western Region&quot;
      }
    },
    {
      &quot;attributes&quot;: {
        &quot;owner&quot;: &quot;DFA&quot;,
        &quot;stage&quot;: &quot;Completed&quot;,
        &quot;ea1&quot;: &quot;W51P02&quot;,
        &quot;ea2&quot;: &quot;Western Region&quot;
      }
    },
    {
      &quot;attributes&quot;: {
        &quot;owner&quot;: &quot;DFA&quot;,
        &quot;stage&quot;: &quot;Completed&quot;,
        &quot;ea1&quot;: &quot;W51P02&quot;,
        &quot;ea2&quot;: &quot;Western Region&quot;
      }
    },
    {
      &quot;attributes&quot;: {
        &quot;owner&quot;: &quot;DFA&quot;,
        &quot;stage&quot;: &quot;Completed&quot;,
        &quot;ea1&quot;: &quot;W51P02&quot;,
        &quot;ea2&quot;: &quot;Western Region&quot;
      }
    },
    {
      &quot;attributes&quot;: {
        &quot;owner&quot;: &quot;DFA&quot;,
        &quot;stage&quot;: &quot;Completed&quot;,
        &quot;ea1&quot;: &quot;none&quot;,
        &quot;ea2&quot;: &quot;None&quot;
      }
    },
    {
      &quot;attributes&quot;: {
        &quot;owner&quot;: &quot;DFA&quot;,
        &quot;stage&quot;: &quot;Construction&quot;,
        &quot;ea1&quot;: &quot;none&quot;,
        &quot;ea2&quot;: &quot;None&quot;
      }
    },
    {
      &quot;attributes&quot;: {
        &quot;owner&quot;: &quot;DFA&quot;,
        &quot;stage&quot;: &quot;Completed&quot;,
        &quot;ea1&quot;: &quot;none&quot;,
        &quot;ea2&quot;: &quot;Northern Region&quot;
      }
    },
    {
      &quot;attributes&quot;: {
        &quot;owner&quot;: &quot;DFA&quot;,
        &quot;stage&quot;: &quot;Construction&quot;,
        &quot;ea1&quot;: &quot;none&quot;,
        &quot;ea2&quot;: &quot;None&quot;
      }
    },
    {
      &quot;attributes&quot;: {
        &quot;owner&quot;: &quot;DFA&quot;,
        &quot;stage&quot;: &quot;Completed&quot;,
        &quot;ea1&quot;: &quot;W01P08&quot;,
        &quot;ea2&quot;: &quot;Western Region&quot;
      }
    },
    {
      &quot;attributes&quot;: {
        &quot;owner&quot;: &quot;DFA&quot;,
        &quot;stage&quot;: &quot;Completed&quot;,
        &quot;ea1&quot;: &quot;W01P08&quot;,
        &quot;ea2&quot;: &quot;Western Region&quot;
      }
    },
    {
      &quot;attributes&quot;: {
        &quot;owner&quot;: &quot;DFA&quot;,
        &quot;stage&quot;: &quot;Completed&quot;,
        &quot;ea1&quot;: &quot; VS01138GH000153&quot;,
        &quot;ea2&quot;: &quot;Northern Region&quot;
      }
    },
    {
      &quot;attributes&quot;: {
        &quot;owner&quot;: &quot;DFA&quot;,
        &quot;stage&quot;: &quot;Completed&quot;,
        &quot;ea1&quot;: &quot;AS11728BH021928&quot;,
        &quot;ea2&quot;: &quot;Gauteng South&quot;
      }
    },
    {
      &quot;attributes&quot;: {
        &quot;owner&quot;: &quot;DFA&quot;,
        &quot;stage&quot;: &quot;Construction&quot;,
        &quot;ea1&quot;: &quot;none&quot;,
        &quot;ea2&quot;: &quot;None&quot;
      }
    },
    {
      &quot;attributes&quot;: {
        &quot;owner&quot;: &quot;DFA&quot;,
        &quot;stage&quot;: &quot;Completed&quot;,
        &quot;ea1&quot;: &quot;none&quot;,
        &quot;ea2&quot;: &quot;Northern Region&quot;
      }
    },
    {
      &quot;attributes&quot;: {
        &quot;owner&quot;: &quot;DFA&quot;,
        &quot;stage&quot;: &quot;Completed&quot;,
        &quot;ea1&quot;: &quot;AS02311GH060995&quot;,
        &quot;ea2&quot;: &quot;Northern Region&quot;
      }
    },
    {
      &quot;attributes&quot;: {
        &quot;owner&quot;: &quot;DFA&quot;,
        &quot;stage&quot;: &quot;Completed&quot;,
        &quot;ea1&quot;: &quot;AS01156GH04041&quot;,
        &quot;ea2&quot;: &quot;Northern Region&quot;
      }
    },
    {
      &quot;attributes&quot;: {
        &quot;owner&quot;: &quot;DFA&quot;,
        &quot;stage&quot;: &quot;Completed&quot;,
        &quot;ea1&quot;: &quot;VS00893GH004039&quot;,
        &quot;ea2&quot;: &quot;Northern Region&quot;
      }
    },
    {
      &quot;attributes&quot;: {
        &quot;owner&quot;: &quot;DFA&quot;,
        &quot;stage&quot;: &quot;Construction&quot;,
        &quot;ea1&quot;: &quot;none&quot;,
        &quot;ea2&quot;: &quot;None&quot;
      }
    },
    {
      &quot;attributes&quot;: {
        &quot;owner&quot;: &quot;DFA&quot;,
        &quot;stage&quot;: &quot;Completed&quot;,
        &quot;ea1&quot;: &quot;AS03279BH004091 &quot;,
        &quot;ea2&quot;: &quot;Northern Region&quot;
      }
    },
    {
      &quot;attributes&quot;: {
        &quot;owner&quot;: &quot;DFA&quot;,
        &quot;stage&quot;: &quot;Construction&quot;,
        &quot;ea1&quot;: &quot;none&quot;,
        &quot;ea2&quot;: &quot;None&quot;
      }
    },
    {
      &quot;attributes&quot;: {
        &quot;owner&quot;: &quot;DFA&quot;,
        &quot;stage&quot;: &quot;Completed&quot;,
        &quot;ea1&quot;: &quot;VS02112GH210146 &quot;,
        &quot;ea2&quot;: &quot;Northern Region&quot;
      }
    },
    {
      &quot;attributes&quot;: {
        &quot;owner&quot;: &quot;DFA&quot;,
        &quot;stage&quot;: &quot;Completed&quot;,
        &quot;ea1&quot;: &quot;VS02520NB210123&quot;,
        &quot;ea2&quot;: &quot;Northern Region&quot;
      }
    },
    {
      &quot;attributes&quot;: {
        &quot;owner&quot;: &quot;DFA&quot;,
        &quot;stage&quot;: &quot;Construction&quot;,
        &quot;ea1&quot;: &quot;none&quot;,
        &quot;ea2&quot;: &quot;None&quot;
      }
    },
    {
      &quot;attributes&quot;: {
        &quot;owner&quot;: &quot;DFA&quot;,
        &quot;stage&quot;: &quot;Construction&quot;,
        &quot;ea1&quot;: &quot;none&quot;,
        &quot;ea2&quot;: &quot;None&quot;
      }
    },
    {
      &quot;attributes&quot;: {
        &quot;owner&quot;: &quot;DFA&quot;,
        &quot;stage&quot;: &quot;Construction&quot;,
        &quot;ea1&quot;: &quot;none&quot;,
        &quot;ea2&quot;: &quot;None&quot;
      }
    },
    {
      &quot;attributes&quot;: {
        &quot;owner&quot;: &quot;DFA&quot;,
        &quot;stage&quot;: &quot;Completed&quot;,
        &quot;ea1&quot;: &quot;MS01595GH000170&quot;,
        &quot;ea2&quot;: &quot;Northern Region&quot;
      }
    },
    {
      &quot;attributes&quot;: {
        &quot;owner&quot;: &quot;DFA&quot;,
        &quot;stage&quot;: &quot;Completed&quot;,
        &quot;ea1&quot;: &quot;W01P08&quot;,
        &quot;ea2&quot;: &quot;Western Region&quot;
      }
    },
    {
      &quot;attributes&quot;: {
        &quot;owner&quot;: &quot;DFA&quot;,
        &quot;stage&quot;: &quot;Completed&quot;,
        &quot;ea1&quot;: &quot;W01P08&quot;,
        &quot;ea2&quot;: &quot;Western Region&quot;
      }
    },
    {
      &quot;attributes&quot;: {
        &quot;owner&quot;: &quot;DFA&quot;,
        &quot;stage&quot;: &quot;Completed&quot;,
        &quot;ea1&quot;: &quot;none&quot;,
        &quot;ea2&quot;: &quot;None&quot;
      }
    },
    {
      &quot;attributes&quot;: {
        &quot;owner&quot;: &quot;DFA&quot;,
        &quot;stage&quot;: &quot;Completed&quot;,
        &quot;ea1&quot;: &quot;G52P75&quot;,
        &quot;ea2&quot;: &quot;Gauteng South&quot;
      }
    },
    {
      &quot;attributes&quot;: {
        &quot;owner&quot;: &quot;DFA&quot;,
        &quot;stage&quot;: &quot;Construction&quot;,
        &quot;ea1&quot;: &quot;G51P34&quot;,
        &quot;ea2&quot;: &quot;None&quot;
      }
    },
    {
      &quot;attributes&quot;: {
        &quot;owner&quot;: &quot;DFA&quot;,
        &quot;stage&quot;: &quot;Completed&quot;,
        &quot;ea1&quot;: &quot;W01P08&quot;,
        &quot;ea2&quot;: &quot;Western Region&quot;
      }
    },
    {
      &quot;attributes&quot;: {
        &quot;owner&quot;: &quot;DFA&quot;,
        &quot;stage&quot;: &quot;Completed&quot;,
        &quot;ea1&quot;: &quot;W30P24&quot;,
        &quot;ea2&quot;: &quot;Western Region&quot;
      }
    },
    {
      &quot;attributes&quot;: {
        &quot;owner&quot;: &quot;DFA&quot;,
        &quot;stage&quot;: &quot;Completed&quot;,
        &quot;ea1&quot;: &quot;AS00725GH022410&quot;,
        &quot;ea2&quot;: &quot;Northern Region&quot;
      }
    },
    {
      &quot;attributes&quot;: {
        &quot;owner&quot;: &quot;DFA&quot;,
        &quot;stage&quot;: &quot;Completed&quot;,
        &quot;ea1&quot;: &quot;K50P21&quot;,
        &quot;ea2&quot;: &quot;Kwa-Zulu Natal&quot;
      }
    },
    {
      &quot;attributes&quot;: {
        &quot;owner&quot;: &quot;DFA&quot;,
        &quot;stage&quot;: &quot;Completed&quot;,
        &quot;ea1&quot;: &quot;K50P21&quot;,
        &quot;ea2&quot;: &quot;Kwa-Zulu Natal&quot;
      }
    },
    {
      &quot;attributes&quot;: {
        &quot;owner&quot;: &quot;DFA&quot;,
        &quot;stage&quot;: &quot;Completed&quot;,
        &quot;ea1&quot;: &quot;W30P24&quot;,
        &quot;ea2&quot;: &quot;Western Region&quot;
      }
    },
    {
      &quot;attributes&quot;: {
        &quot;owner&quot;: &quot;DFA&quot;,
        &quot;stage&quot;: &quot;Completed&quot;,
        &quot;ea1&quot;: &quot;W30P24&quot;,
        &quot;ea2&quot;: &quot;Western Region&quot;
      }
    },
    {
      &quot;attributes&quot;: {
        &quot;owner&quot;: &quot;DFA&quot;,
        &quot;stage&quot;: &quot;Completed&quot;,
        &quot;ea1&quot;: &quot;W20P04&quot;,
        &quot;ea2&quot;: &quot;Western Region&quot;
      }
    },
    {
      &quot;attributes&quot;: {
        &quot;owner&quot;: &quot;DFA&quot;,
        &quot;stage&quot;: &quot;Completed&quot;,
        &quot;ea1&quot;: &quot;W20P04&quot;,
        &quot;ea2&quot;: &quot;Western Region&quot;
      }
    },
    {
      &quot;attributes&quot;: {
        &quot;owner&quot;: &quot;DFA&quot;,
        &quot;stage&quot;: &quot;Completed&quot;,
        &quot;ea1&quot;: &quot;W20P04&quot;,
        &quot;ea2&quot;: &quot;Western Region&quot;
      }
    },
    {
      &quot;attributes&quot;: {
        &quot;owner&quot;: &quot;DFA&quot;,
        &quot;stage&quot;: &quot;Completed&quot;,
        &quot;ea1&quot;: &quot;W20P04&quot;,
        &quot;ea2&quot;: &quot;Western Region&quot;
      }
    },
    {
      &quot;attributes&quot;: {
        &quot;owner&quot;: &quot;DFA&quot;,
        &quot;stage&quot;: &quot;Completed&quot;,
        &quot;ea1&quot;: &quot;W20P04&quot;,
        &quot;ea2&quot;: &quot;Western Region&quot;
      }
    },
    {
      &quot;attributes&quot;: {
        &quot;owner&quot;: &quot;DFA&quot;,
        &quot;stage&quot;: &quot;Completed&quot;,
        &quot;ea1&quot;: &quot;W20P04&quot;,
        &quot;ea2&quot;: &quot;Western Region&quot;
      }
    },
    {
      &quot;attributes&quot;: {
        &quot;owner&quot;: &quot;DFA&quot;,
        &quot;stage&quot;: &quot;Completed&quot;,
        &quot;ea1&quot;: &quot;none&quot;,
        &quot;ea2&quot;: &quot;None&quot;
      }
    },
    {
      &quot;attributes&quot;: {
        &quot;owner&quot;: &quot;DFA&quot;,
        &quot;stage&quot;: &quot;Completed&quot;,
        &quot;ea1&quot;: &quot;W50P37&quot;,
        &quot;ea2&quot;: &quot;Western Region&quot;
      }
    },
    {
      &quot;attributes&quot;: {
        &quot;owner&quot;: &quot;DFA&quot;,
        &quot;stage&quot;: &quot;Completed&quot;,
        &quot;ea1&quot;: &quot;W50P37&quot;,
        &quot;ea2&quot;: &quot;Western Region&quot;
      }
    },
    {
      &quot;attributes&quot;: {
        &quot;owner&quot;: &quot;DFA&quot;,
        &quot;stage&quot;: &quot;Completed&quot;,
        &quot;ea1&quot;: &quot;W50P37&quot;,
        &quot;ea2&quot;: &quot;Western Region&quot;
      }
    },
    {
      &quot;attributes&quot;: {
        &quot;owner&quot;: &quot;DFA&quot;,
        &quot;stage&quot;: &quot;Completed&quot;,
        &quot;ea1&quot;: &quot;W50P37&quot;,
        &quot;ea2&quot;: &quot;Western Region&quot;
      }
    },
    {
      &quot;attributes&quot;: {
        &quot;owner&quot;: &quot;DFA&quot;,
        &quot;stage&quot;: &quot;Completed&quot;,
        &quot;ea1&quot;: &quot;W50P37&quot;,
        &quot;ea2&quot;: &quot;Western Region&quot;
      }
    },
    {
      &quot;attributes&quot;: {
        &quot;owner&quot;: &quot;DFA&quot;,
        &quot;stage&quot;: &quot;Completed&quot;,
        &quot;ea1&quot;: &quot;W50P37&quot;,
        &quot;ea2&quot;: &quot;Western Region&quot;
      }
    },
    {
      &quot;attributes&quot;: {
        &quot;owner&quot;: &quot;DFA&quot;,
        &quot;stage&quot;: &quot;Completed&quot;,
        &quot;ea1&quot;: &quot;W50P37&quot;,
        &quot;ea2&quot;: &quot;Western Region&quot;
      }
    },
    {
      &quot;attributes&quot;: {
        &quot;owner&quot;: &quot;DFA&quot;,
        &quot;stage&quot;: &quot;Completed&quot;,
        &quot;ea1&quot;: &quot;W50P37&quot;,
        &quot;ea2&quot;: &quot;Western Region&quot;
      }
    },
    {
      &quot;attributes&quot;: {
        &quot;owner&quot;: &quot;DFA&quot;,
        &quot;stage&quot;: &quot;Completed&quot;,
        &quot;ea1&quot;: &quot;W50P37&quot;,
        &quot;ea2&quot;: &quot;Western Region&quot;
      }
    },
    {
      &quot;attributes&quot;: {
        &quot;owner&quot;: &quot;DFA&quot;,
        &quot;stage&quot;: &quot;Completed&quot;,
        &quot;ea1&quot;: &quot;W50P37&quot;,
        &quot;ea2&quot;: &quot;Western Region&quot;
      }
    },
    {
      &quot;attributes&quot;: {
        &quot;owner&quot;: &quot;DFA&quot;,
        &quot;stage&quot;: &quot;Completed&quot;,
        &quot;ea1&quot;: &quot;W50P37&quot;,
        &quot;ea2&quot;: &quot;Western Region&quot;
      }
    },
    {
      &quot;attributes&quot;: {
        &quot;owner&quot;: &quot;DFA&quot;,
        &quot;stage&quot;: &quot;Completed&quot;,
        &quot;ea1&quot;: &quot;W50P37&quot;,
        &quot;ea2&quot;: &quot;Western Region&quot;
      }
    },
    {
      &quot;attributes&quot;: {
        &quot;owner&quot;: &quot;DFA&quot;,
        &quot;stage&quot;: &quot;Completed&quot;,
        &quot;ea1&quot;: &quot;W50P37&quot;,
        &quot;ea2&quot;: &quot;Western Region&quot;
      }
    },
    {
      &quot;attributes&quot;: {
        &quot;owner&quot;: &quot;DFA&quot;,
        &quot;stage&quot;: &quot;Completed&quot;,
        &quot;ea1&quot;: &quot;W50P37&quot;,
        &quot;ea2&quot;: &quot;Western Region&quot;
      }
    },
    {
      &quot;attributes&quot;: {
        &quot;owner&quot;: &quot;DFA&quot;,
        &quot;stage&quot;: &quot;Completed&quot;,
        &quot;ea1&quot;: &quot;W50P37&quot;,
        &quot;ea2&quot;: &quot;Western Region&quot;
      }
    },
    {
      &quot;attributes&quot;: {
        &quot;owner&quot;: &quot;DFA&quot;,
        &quot;stage&quot;: &quot;Completed&quot;,
        &quot;ea1&quot;: &quot;W50P37&quot;,
        &quot;ea2&quot;: &quot;Western Region&quot;
      }
    },
    {
      &quot;attributes&quot;: {
        &quot;owner&quot;: &quot;DFA&quot;,
        &quot;stage&quot;: &quot;Completed&quot;,
        &quot;ea1&quot;: &quot;W50P37&quot;,
        &quot;ea2&quot;: &quot;Western Region&quot;
      }
    },
    {
      &quot;attributes&quot;: {
        &quot;owner&quot;: &quot;DFA&quot;,
        &quot;stage&quot;: &quot;Completed&quot;,
        &quot;ea1&quot;: &quot;W50P37&quot;,
        &quot;ea2&quot;: &quot;Western Region&quot;
      }
    },
    {
      &quot;attributes&quot;: {
        &quot;owner&quot;: &quot;DFA&quot;,
        &quot;stage&quot;: &quot;Completed&quot;,
        &quot;ea1&quot;: &quot;W50P26&quot;,
        &quot;ea2&quot;: &quot;Western Region&quot;
      }
    },
    {
      &quot;attributes&quot;: {
        &quot;owner&quot;: &quot;DFA&quot;,
        &quot;stage&quot;: &quot;Completed&quot;,
        &quot;ea1&quot;: &quot;W50P26&quot;,
        &quot;ea2&quot;: &quot;Western Region&quot;
      }
    },
    {
      &quot;attributes&quot;: {
        &quot;owner&quot;: &quot;DFA&quot;,
        &quot;stage&quot;: &quot;Completed&quot;,
        &quot;ea1&quot;: &quot;W50P26&quot;,
        &quot;ea2&quot;: &quot;Western Region&quot;
      }
    },
    {
      &quot;attributes&quot;: {
        &quot;owner&quot;: &quot;DFA&quot;,
        &quot;stage&quot;: &quot;Completed&quot;,
        &quot;ea1&quot;: &quot;W50P26&quot;,
        &quot;ea2&quot;: &quot;Western Region&quot;
      }
    },
    {
      &quot;attributes&quot;: {
        &quot;owner&quot;: &quot;DFA&quot;,
        &quot;stage&quot;: &quot;Completed&quot;,
        &quot;ea1&quot;: &quot;W50P26&quot;,
        &quot;ea2&quot;: &quot;Western Region&quot;
      }
    },
    {
      &quot;attributes&quot;: {
        &quot;owner&quot;: &quot;DFA&quot;,
        &quot;stage&quot;: &quot;Completed&quot;,
        &quot;ea1&quot;: &quot;W50P26&quot;,
        &quot;ea2&quot;: &quot;Western Region&quot;
      }
    },
    {
      &quot;attributes&quot;: {
        &quot;owner&quot;: &quot;DFA&quot;,
        &quot;stage&quot;: &quot;Completed&quot;,
        &quot;ea1&quot;: &quot;W50P26&quot;,
        &quot;ea2&quot;: &quot;Western Region&quot;
      }
    },
    {
      &quot;attributes&quot;: {
        &quot;owner&quot;: &quot;DFA&quot;,
        &quot;stage&quot;: &quot;Completed&quot;,
        &quot;ea1&quot;: &quot;W50P26&quot;,
        &quot;ea2&quot;: &quot;Western Region&quot;
      }
    },
    {
      &quot;attributes&quot;: {
        &quot;owner&quot;: &quot;DFA&quot;,
        &quot;stage&quot;: &quot;Completed&quot;,
        &quot;ea1&quot;: &quot;W50P26&quot;,
        &quot;ea2&quot;: &quot;Western Region&quot;
      }
    },
    {
      &quot;attributes&quot;: {
        &quot;owner&quot;: &quot;DFA&quot;,
        &quot;stage&quot;: &quot;Completed&quot;,
        &quot;ea1&quot;: &quot;W50P26&quot;,
        &quot;ea2&quot;: &quot;Western Region&quot;
      }
    },
    {
      &quot;attributes&quot;: {
        &quot;owner&quot;: &quot;DFA&quot;,
        &quot;stage&quot;: &quot;Completed&quot;,
        &quot;ea1&quot;: &quot;W30P03&quot;,
        &quot;ea2&quot;: &quot;Western Region&quot;
      }
    },
    {
      &quot;attributes&quot;: {
        &quot;owner&quot;: &quot;DFA&quot;,
        &quot;stage&quot;: &quot;Completed&quot;,
        &quot;ea1&quot;: &quot;W50P26&quot;,
        &quot;ea2&quot;: &quot;Western Region&quot;
      }
    },
    {
      &quot;attributes&quot;: {
        &quot;owner&quot;: &quot;DFA&quot;,
        &quot;stage&quot;: &quot;Completed&quot;,
        &quot;ea1&quot;: &quot;W51P35&quot;,
        &quot;ea2&quot;: &quot;Western Region&quot;
      }
    },
    {
      &quot;attributes&quot;: {
        &quot;owner&quot;: &quot;DFA&quot;,
        &quot;stage&quot;: &quot;Completed&quot;,
        &quot;ea1&quot;: &quot;W51P35&quot;,
        &quot;ea2&quot;: &quot;Western Region&quot;
      }
    },
    {
      &quot;attributes&quot;: {
        &quot;owner&quot;: &quot;DFA&quot;,
        &quot;stage&quot;: &quot;Completed&quot;,
        &quot;ea1&quot;: &quot;W51P35&quot;,
        &quot;ea2&quot;: &quot;Western Region&quot;
      }
    },
    {
      &quot;attributes&quot;: {
        &quot;owner&quot;: &quot;DFA&quot;,
        &quot;stage&quot;: &quot;Completed&quot;,
        &quot;ea1&quot;: &quot;W44P02&quot;,
        &quot;ea2&quot;: &quot;Western Region&quot;
      }
    },
    {
      &quot;attributes&quot;: {
        &quot;owner&quot;: &quot;DFA&quot;,
        &quot;stage&quot;: &quot;Completed&quot;,
        &quot;ea1&quot;: &quot;VS02393GH001509  &quot;,
        &quot;ea2&quot;: &quot;Northern Region&quot;
      }
    },
    {
      &quot;attributes&quot;: {
        &quot;owner&quot;: &quot;DFA&quot;,
        &quot;stage&quot;: &quot;Completed&quot;,
        &quot;ea1&quot;: &quot;none&quot;,
        &quot;ea2&quot;: &quot;None&quot;
      }
    },
    {
      &quot;attributes&quot;: {
        &quot;owner&quot;: &quot;DFA&quot;,
        &quot;stage&quot;: &quot;Completed&quot;,
        &quot;ea1&quot;: &quot;W44P02&quot;,
        &quot;ea2&quot;: &quot;Eastern Region&quot;
      }
    },
    {
      &quot;attributes&quot;: {
        &quot;owner&quot;: &quot;DFA&quot;,
        &quot;stage&quot;: &quot;Construction&quot;,
        &quot;ea1&quot;: &quot;none&quot;,
        &quot;ea2&quot;: &quot;None&quot;
      }
    },
    {
      &quot;attributes&quot;: {
        &quot;owner&quot;: &quot;DFA&quot;,
        &quot;stage&quot;: &quot;Construction&quot;,
        &quot;ea1&quot;: &quot;none&quot;,
        &quot;ea2&quot;: &quot;None&quot;
      }
    },
    {
      &quot;attributes&quot;: {
        &quot;owner&quot;: &quot;DFA&quot;,
        &quot;stage&quot;: &quot;Construction&quot;,
        &quot;ea1&quot;: &quot;none&quot;,
        &quot;ea2&quot;: &quot;None&quot;
      }
    },
    {
      &quot;attributes&quot;: {
        &quot;owner&quot;: &quot;DFA&quot;,
        &quot;stage&quot;: &quot;Completed&quot;,
        &quot;ea1&quot;: &quot;W44P02&quot;,
        &quot;ea2&quot;: &quot;Eastern Region&quot;
      }
    },
    {
      &quot;attributes&quot;: {
        &quot;owner&quot;: &quot;DFA&quot;,
        &quot;stage&quot;: &quot;Completed&quot;,
        &quot;ea1&quot;: &quot;none&quot;,
        &quot;ea2&quot;: &quot;None&quot;
      }
    },
    {
      &quot;attributes&quot;: {
        &quot;owner&quot;: &quot;DFA&quot;,
        &quot;stage&quot;: &quot;Completed&quot;,
        &quot;ea1&quot;: &quot;none&quot;,
        &quot;ea2&quot;: &quot;None&quot;
      }
    },
    {
      &quot;attributes&quot;: {
        &quot;owner&quot;: &quot;DFA&quot;,
        &quot;stage&quot;: &quot;Completed&quot;,
        &quot;ea1&quot;: &quot;W50P04&quot;,
        &quot;ea2&quot;: &quot;Western Region&quot;
      }
    },
    {
      &quot;attributes&quot;: {
        &quot;owner&quot;: &quot;DFA&quot;,
        &quot;stage&quot;: &quot;Construction&quot;,
        &quot;ea1&quot;: &quot;none&quot;,
        &quot;ea2&quot;: &quot;None&quot;
      }
    },
    {
      &quot;attributes&quot;: {
        &quot;owner&quot;: &quot;DFA&quot;,
        &quot;stage&quot;: &quot;Completed&quot;,
        &quot;ea1&quot;: &quot;W50P04&quot;,
        &quot;ea2&quot;: &quot;Western Region&quot;
      }
    },
    {
      &quot;attributes&quot;: {
        &quot;owner&quot;: &quot;DFA&quot;,
        &quot;stage&quot;: &quot;Completed&quot;,
        &quot;ea1&quot;: &quot;W50P04&quot;,
        &quot;ea2&quot;: &quot;Western Region&quot;
      }
    },
    {
      &quot;attributes&quot;: {
        &quot;owner&quot;: &quot;DFA&quot;,
        &quot;stage&quot;: &quot;Completed&quot;,
        &quot;ea1&quot;: &quot;W50P04&quot;,
        &quot;ea2&quot;: &quot;Western Region&quot;
      }
    },
    {
      &quot;attributes&quot;: {
        &quot;owner&quot;: &quot;DFA&quot;,
        &quot;stage&quot;: &quot;Completed&quot;,
        &quot;ea1&quot;: &quot;W50P04&quot;,
        &quot;ea2&quot;: &quot;Western Region&quot;
      }
    },
    {
      &quot;attributes&quot;: {
        &quot;owner&quot;: &quot;DFA&quot;,
        &quot;stage&quot;: &quot;Completed&quot;,
        &quot;ea1&quot;: &quot;W50P04&quot;,
        &quot;ea2&quot;: &quot;Western Region&quot;
      }
    },
    {
      &quot;attributes&quot;: {
        &quot;owner&quot;: &quot;DFA&quot;,
        &quot;stage&quot;: &quot;Completed&quot;,
        &quot;ea1&quot;: &quot;W50P04&quot;,
        &quot;ea2&quot;: &quot;Western Region&quot;
      }
    },
    {
      &quot;attributes&quot;: {
        &quot;owner&quot;: &quot;DFA&quot;,
        &quot;stage&quot;: &quot;Completed&quot;,
        &quot;ea1&quot;: &quot;W50P04&quot;,
        &quot;ea2&quot;: &quot;Western Region&quot;
      }
    },
    {
      &quot;attributes&quot;: {
        &quot;owner&quot;: &quot;DFA&quot;,
        &quot;stage&quot;: &quot;Completed&quot;,
        &quot;ea1&quot;: &quot;W50P04&quot;,
        &quot;ea2&quot;: &quot;Western Region&quot;
      }
    },
    {
      &quot;attributes&quot;: {
        &quot;owner&quot;: &quot;DFA&quot;,
        &quot;stage&quot;: &quot;Completed&quot;,
        &quot;ea1&quot;: &quot;W50P04&quot;,
        &quot;ea2&quot;: &quot;Western Region&quot;
      }
    },
    {
      &quot;attributes&quot;: {
        &quot;owner&quot;: &quot;DFA&quot;,
        &quot;stage&quot;: &quot;Completed&quot;,
        &quot;ea1&quot;: &quot;W50P04&quot;,
        &quot;ea2&quot;: &quot;Western Region&quot;
      }
    },
    {
      &quot;attributes&quot;: {
        &quot;owner&quot;: &quot;DFA&quot;,
        &quot;stage&quot;: &quot;Completed&quot;,
        &quot;ea1&quot;: &quot;W50P04&quot;,
        &quot;ea2&quot;: &quot;Western Region&quot;
      }
    },
    {
      &quot;attributes&quot;: {
        &quot;owner&quot;: &quot;DFA&quot;,
        &quot;stage&quot;: &quot;Completed&quot;,
        &quot;ea1&quot;: &quot;W50P04&quot;,
        &quot;ea2&quot;: &quot;Western Region&quot;
      }
    },
    {
      &quot;attributes&quot;: {
        &quot;owner&quot;: &quot;DFA&quot;,
        &quot;stage&quot;: &quot;Completed&quot;,
        &quot;ea1&quot;: &quot;W50P04&quot;,
        &quot;ea2&quot;: &quot;Western Region&quot;
      }
    },
    {
      &quot;attributes&quot;: {
        &quot;owner&quot;: &quot;DFA&quot;,
        &quot;stage&quot;: &quot;Completed&quot;,
        &quot;ea1&quot;: &quot;W50P04&quot;,
        &quot;ea2&quot;: &quot;Western Region&quot;
      }
    },
    {
      &quot;attributes&quot;: {
        &quot;owner&quot;: &quot;DFA&quot;,
        &quot;stage&quot;: &quot;Completed&quot;,
        &quot;ea1&quot;: &quot;W50P04&quot;,
        &quot;ea2&quot;: &quot;Western Region&quot;
      }
    },
    {
      &quot;attributes&quot;: {
        &quot;owner&quot;: &quot;DFA&quot;,
        &quot;stage&quot;: &quot;Completed&quot;,
        &quot;ea1&quot;: &quot;W50P04&quot;,
        &quot;ea2&quot;: &quot;Western Region&quot;
      }
    },
    {
      &quot;attributes&quot;: {
        &quot;owner&quot;: &quot;DFA&quot;,
        &quot;stage&quot;: &quot;Completed&quot;,
        &quot;ea1&quot;: &quot;W50P04&quot;,
        &quot;ea2&quot;: &quot;Western Region&quot;
      }
    },
    {
      &quot;attributes&quot;: {
        &quot;owner&quot;: &quot;DFA&quot;,
        &quot;stage&quot;: &quot;Completed&quot;,
        &quot;ea1&quot;: &quot;W50P04&quot;,
        &quot;ea2&quot;: &quot;Western Region&quot;
      }
    },
    {
      &quot;attributes&quot;: {
        &quot;owner&quot;: &quot;DFA&quot;,
        &quot;stage&quot;: &quot;Completed&quot;,
        &quot;ea1&quot;: &quot;W50P04&quot;,
        &quot;ea2&quot;: &quot;Western Region&quot;
      }
    },
    {
      &quot;attributes&quot;: {
        &quot;owner&quot;: &quot;DFA&quot;,
        &quot;stage&quot;: &quot;Completed&quot;,
        &quot;ea1&quot;: &quot;W50P04&quot;,
        &quot;ea2&quot;: &quot;Western Region&quot;
      }
    },
    {
      &quot;attributes&quot;: {
        &quot;owner&quot;: &quot;DFA&quot;,
        &quot;stage&quot;: &quot;Completed&quot;,
        &quot;ea1&quot;: &quot;W50P04&quot;,
        &quot;ea2&quot;: &quot;Western Region&quot;
      }
    },
    {
      &quot;attributes&quot;: {
        &quot;owner&quot;: &quot;DFA&quot;,
        &quot;stage&quot;: &quot;Completed&quot;,
        &quot;ea1&quot;: &quot;W50P04&quot;,
        &quot;ea2&quot;: &quot;Western Region&quot;
      }
    },
    {
      &quot;attributes&quot;: {
        &quot;owner&quot;: &quot;DFA&quot;,
        &quot;stage&quot;: &quot;Completed&quot;,
        &quot;ea1&quot;: &quot;W50P04&quot;,
        &quot;ea2&quot;: &quot;Western Region&quot;
      }
    },
    {
      &quot;attributes&quot;: {
        &quot;owner&quot;: &quot;DFA&quot;,
        &quot;stage&quot;: &quot;Completed&quot;,
        &quot;ea1&quot;: &quot;W50P04&quot;,
        &quot;ea2&quot;: &quot;Western Region&quot;
      }
    },
    {
      &quot;attributes&quot;: {
        &quot;owner&quot;: &quot;DFA&quot;,
        &quot;stage&quot;: &quot;Completed&quot;,
        &quot;ea1&quot;: &quot;W50P04&quot;,
        &quot;ea2&quot;: &quot;Western Region&quot;
      }
    },
    {
      &quot;attributes&quot;: {
        &quot;owner&quot;: &quot;DFA&quot;,
        &quot;stage&quot;: &quot;Completed&quot;,
        &quot;ea1&quot;: &quot;W50P04&quot;,
        &quot;ea2&quot;: &quot;Western Region&quot;
      }
    },
    {
      &quot;attributes&quot;: {
        &quot;owner&quot;: &quot;DFA&quot;,
        &quot;stage&quot;: &quot;Construction&quot;,
        &quot;ea1&quot;: &quot;none&quot;,
        &quot;ea2&quot;: &quot;None&quot;
      }
    },
    {
      &quot;attributes&quot;: {
        &quot;owner&quot;: &quot;DFA&quot;,
        &quot;stage&quot;: &quot;Completed&quot;,
        &quot;ea1&quot;: &quot;W50P04&quot;,
        &quot;ea2&quot;: &quot;Western Region&quot;
      }
    },
    {
      &quot;attributes&quot;: {
        &quot;owner&quot;: &quot;DFA&quot;,
        &quot;stage&quot;: &quot;Completed&quot;,
        &quot;ea1&quot;: &quot;W50P04&quot;,
        &quot;ea2&quot;: &quot;Western Region&quot;
      }
    },
    {
      &quot;attributes&quot;: {
        &quot;owner&quot;: &quot;DFA&quot;,
        &quot;stage&quot;: &quot;Completed&quot;,
        &quot;ea1&quot;: &quot;W50P04&quot;,
        &quot;ea2&quot;: &quot;Western Region&quot;
      }
    },
    {
      &quot;attributes&quot;: {
        &quot;owner&quot;: &quot;DFA&quot;,
        &quot;stage&quot;: &quot;Completed&quot;,
        &quot;ea1&quot;: &quot;W50P04&quot;,
        &quot;ea2&quot;: &quot;Western Region&quot;
      }
    },
    {
      &quot;attributes&quot;: {
        &quot;owner&quot;: &quot;DFA&quot;,
        &quot;stage&quot;: &quot;Completed&quot;,
        &quot;ea1&quot;: &quot;W50P04&quot;,
        &quot;ea2&quot;: &quot;Western Region&quot;
      }
    },
    {
      &quot;attributes&quot;: {
        &quot;owner&quot;: &quot;DFA&quot;,
        &quot;stage&quot;: &quot;Completed&quot;,
        &quot;ea1&quot;: &quot;W50P04&quot;,
        &quot;ea2&quot;: &quot;Western Region&quot;
      }
    },
    {
      &quot;attributes&quot;: {
        &quot;owner&quot;: &quot;DFA&quot;,
        &quot;stage&quot;: &quot;Completed&quot;,
        &quot;ea1&quot;: &quot;W50P04&quot;,
        &quot;ea2&quot;: &quot;Western Region&quot;
      }
    },
    {
      &quot;attributes&quot;: {
        &quot;owner&quot;: &quot;DFA&quot;,
        &quot;stage&quot;: &quot;Completed&quot;,
        &quot;ea1&quot;: &quot;W50P04&quot;,
        &quot;ea2&quot;: &quot;Western Region&quot;
      }
    },
    {
      &quot;attributes&quot;: {
        &quot;owner&quot;: &quot;DFA&quot;,
        &quot;stage&quot;: &quot;Completed&quot;,
        &quot;ea1&quot;: &quot;W50P04&quot;,
        &quot;ea2&quot;: &quot;Western Region&quot;
      }
    },
    {
      &quot;attributes&quot;: {
        &quot;owner&quot;: &quot;DFA&quot;,
        &quot;stage&quot;: &quot;Completed&quot;,
        &quot;ea1&quot;: &quot;W50P04&quot;,
        &quot;ea2&quot;: &quot;Western Region&quot;
      }
    },
    {
      &quot;attributes&quot;: {
        &quot;owner&quot;: &quot;DFA&quot;,
        &quot;stage&quot;: &quot;Completed&quot;,
        &quot;ea1&quot;: &quot;W50P04&quot;,
        &quot;ea2&quot;: &quot;Western Region&quot;
      }
    },
    {
      &quot;attributes&quot;: {
        &quot;owner&quot;: &quot;DFA&quot;,
        &quot;stage&quot;: &quot;Completed&quot;,
        &quot;ea1&quot;: &quot;W43P02&quot;,
        &quot;ea2&quot;: &quot;Western Region&quot;
      }
    },
    {
      &quot;attributes&quot;: {
        &quot;owner&quot;: &quot;DFA&quot;,
        &quot;stage&quot;: &quot;Completed&quot;,
        &quot;ea1&quot;: &quot;K20P23&quot;,
        &quot;ea2&quot;: &quot;Kwa-Zulu Natal&quot;
      }
    },
    {
      &quot;attributes&quot;: {
        &quot;owner&quot;: &quot;DFA&quot;,
        &quot;stage&quot;: &quot;Completed&quot;,
        &quot;ea1&quot;: &quot;K20P23&quot;,
        &quot;ea2&quot;: &quot;Kwa-Zulu Natal&quot;
      }
    },
    {
      &quot;attributes&quot;: {
        &quot;owner&quot;: &quot;DFA&quot;,
        &quot;stage&quot;: &quot;Completed&quot;,
        &quot;ea1&quot;: &quot;K20P23&quot;,
        &quot;ea2&quot;: &quot;Kwa-Zulu Natal&quot;
      }
    },
    {
      &quot;attributes&quot;: {
        &quot;owner&quot;: &quot;DFA&quot;,
        &quot;stage&quot;: &quot;Completed&quot;,
        &quot;ea1&quot;: &quot;K20P23&quot;,
        &quot;ea2&quot;: &quot;Kwa-Zulu Natal&quot;
      }
    },
    {
      &quot;attributes&quot;: {
        &quot;owner&quot;: &quot;DFA&quot;,
        &quot;stage&quot;: &quot;Completed&quot;,
        &quot;ea1&quot;: &quot;K20P23&quot;,
        &quot;ea2&quot;: &quot;Kwa-Zulu Natal&quot;
      }
    },
    {
      &quot;attributes&quot;: {
        &quot;owner&quot;: &quot;DFA&quot;,
        &quot;stage&quot;: &quot;Completed&quot;,
        &quot;ea1&quot;: &quot;K20P23&quot;,
        &quot;ea2&quot;: &quot;Kwa-Zulu Natal&quot;
      }
    },
    {
      &quot;attributes&quot;: {
        &quot;owner&quot;: &quot;DFA&quot;,
        &quot;stage&quot;: &quot;Completed&quot;,
        &quot;ea1&quot;: &quot;none&quot;,
        &quot;ea2&quot;: &quot;Western Region&quot;
      }
    },
    {
      &quot;attributes&quot;: {
        &quot;owner&quot;: &quot;DFA&quot;,
        &quot;stage&quot;: &quot;Construction&quot;,
        &quot;ea1&quot;: &quot;none&quot;,
        &quot;ea2&quot;: &quot;None&quot;
      }
    },
    {
      &quot;attributes&quot;: {
        &quot;owner&quot;: &quot;DFA&quot;,
        &quot;stage&quot;: &quot;Completed&quot;,
        &quot;ea1&quot;: &quot;W50P55&quot;,
        &quot;ea2&quot;: &quot;Western Region&quot;
      }
    },
    {
      &quot;attributes&quot;: {
        &quot;owner&quot;: &quot;DFA&quot;,
        &quot;stage&quot;: &quot;Completed&quot;,
        &quot;ea1&quot;: &quot;W50P55&quot;,
        &quot;ea2&quot;: &quot;Western Region&quot;
      }
    },
    {
      &quot;attributes&quot;: {
        &quot;owner&quot;: &quot;DFA&quot;,
        &quot;stage&quot;: &quot;Completed&quot;,
        &quot;ea1&quot;: &quot;W50P55&quot;,
        &quot;ea2&quot;: &quot;Western Region&quot;
      }
    },
    {
      &quot;attributes&quot;: {
        &quot;owner&quot;: &quot;DFA&quot;,
        &quot;stage&quot;: &quot;Completed&quot;,
        &quot;ea1&quot;: &quot;W50P55&quot;,
        &quot;ea2&quot;: &quot;Western Region&quot;
      }
    },
    {
      &quot;attributes&quot;: {
        &quot;owner&quot;: &quot;DFA&quot;,
        &quot;stage&quot;: &quot;Completed&quot;,
        &quot;ea1&quot;: &quot;W50P55&quot;,
        &quot;ea2&quot;: &quot;Western Region&quot;
      }
    },
    {
      &quot;attributes&quot;: {
        &quot;owner&quot;: &quot;DFA&quot;,
        &quot;stage&quot;: &quot;Completed&quot;,
        &quot;ea1&quot;: &quot;W50P55&quot;,
        &quot;ea2&quot;: &quot;Western Region&quot;
      }
    },
    {
      &quot;attributes&quot;: {
        &quot;owner&quot;: &quot;DFA&quot;,
        &quot;stage&quot;: &quot;Completed&quot;,
        &quot;ea1&quot;: &quot;W50P55&quot;,
        &quot;ea2&quot;: &quot;Western Region&quot;
      }
    },
    {
      &quot;attributes&quot;: {
        &quot;owner&quot;: &quot;DFA&quot;,
        &quot;stage&quot;: &quot;Completed&quot;,
        &quot;ea1&quot;: &quot;W50P55&quot;,
        &quot;ea2&quot;: &quot;Western Region&quot;
      }
    },
    {
      &quot;attributes&quot;: {
        &quot;owner&quot;: &quot;DFA&quot;,
        &quot;stage&quot;: &quot;Completed&quot;,
        &quot;ea1&quot;: &quot;W50P55&quot;,
        &quot;ea2&quot;: &quot;Western Region&quot;
      }
    },
    {
      &quot;attributes&quot;: {
        &quot;owner&quot;: &quot;DFA&quot;,
        &quot;stage&quot;: &quot;Completed&quot;,
        &quot;ea1&quot;: &quot;W50P55&quot;,
        &quot;ea2&quot;: &quot;Western Region&quot;
      }
    },
    {
      &quot;attributes&quot;: {
        &quot;owner&quot;: &quot;DFA&quot;,
        &quot;stage&quot;: &quot;Completed&quot;,
        &quot;ea1&quot;: &quot;W50P55&quot;,
        &quot;ea2&quot;: &quot;Western Region&quot;
      }
    },
    {
      &quot;attributes&quot;: {
        &quot;owner&quot;: &quot;DFA&quot;,
        &quot;stage&quot;: &quot;Completed&quot;,
        &quot;ea1&quot;: &quot;W50P55&quot;,
        &quot;ea2&quot;: &quot;Western Region&quot;
      }
    },
    {
      &quot;attributes&quot;: {
        &quot;owner&quot;: &quot;DFA&quot;,
        &quot;stage&quot;: &quot;Completed&quot;,
        &quot;ea1&quot;: &quot;W50P55&quot;,
        &quot;ea2&quot;: &quot;Western Region&quot;
      }
    },
    {
      &quot;attributes&quot;: {
        &quot;owner&quot;: &quot;DFA&quot;,
        &quot;stage&quot;: &quot;Completed&quot;,
        &quot;ea1&quot;: &quot;W50P55&quot;,
        &quot;ea2&quot;: &quot;Western Region&quot;
      }
    },
    {
      &quot;attributes&quot;: {
        &quot;owner&quot;: &quot;DFA&quot;,
        &quot;stage&quot;: &quot;Completed&quot;,
        &quot;ea1&quot;: &quot;W50P55&quot;,
        &quot;ea2&quot;: &quot;Western Region&quot;
      }
    },
    {
      &quot;attributes&quot;: {
        &quot;owner&quot;: &quot;DFA&quot;,
        &quot;stage&quot;: &quot;Completed&quot;,
        &quot;ea1&quot;: &quot;W50P55&quot;,
        &quot;ea2&quot;: &quot;Western Region&quot;
      }
    },
    {
      &quot;attributes&quot;: {
        &quot;owner&quot;: &quot;DFA&quot;,
        &quot;stage&quot;: &quot;Completed&quot;,
        &quot;ea1&quot;: &quot;W50P55&quot;,
        &quot;ea2&quot;: &quot;Western Region&quot;
      }
    },
    {
      &quot;attributes&quot;: {
        &quot;owner&quot;: &quot;DFA&quot;,
        &quot;stage&quot;: &quot;Completed&quot;,
        &quot;ea1&quot;: &quot;W50P55&quot;,
        &quot;ea2&quot;: &quot;Western Region&quot;
      }
    },
    {
      &quot;attributes&quot;: {
        &quot;owner&quot;: &quot;DFA&quot;,
        &quot;stage&quot;: &quot;Completed&quot;,
        &quot;ea1&quot;: &quot;W50P55&quot;,
        &quot;ea2&quot;: &quot;Western Region&quot;
      }
    },
    {
      &quot;attributes&quot;: {
        &quot;owner&quot;: &quot;DFA&quot;,
        &quot;stage&quot;: &quot;Completed&quot;,
        &quot;ea1&quot;: &quot;W50P55&quot;,
        &quot;ea2&quot;: &quot;Western Region&quot;
      }
    },
    {
      &quot;attributes&quot;: {
        &quot;owner&quot;: &quot;DFA&quot;,
        &quot;stage&quot;: &quot;Completed&quot;,
        &quot;ea1&quot;: &quot;W50P55&quot;,
        &quot;ea2&quot;: &quot;Western Region&quot;
      }
    },
    {
      &quot;attributes&quot;: {
        &quot;owner&quot;: &quot;DFA&quot;,
        &quot;stage&quot;: &quot;Completed&quot;,
        &quot;ea1&quot;: &quot;W50P55&quot;,
        &quot;ea2&quot;: &quot;Western Region&quot;
      }
    },
    {
      &quot;attributes&quot;: {
        &quot;owner&quot;: &quot;DFA&quot;,
        &quot;stage&quot;: &quot;Completed&quot;,
        &quot;ea1&quot;: &quot;W50P55&quot;,
        &quot;ea2&quot;: &quot;Western Region&quot;
      }
    },
    {
      &quot;attributes&quot;: {
        &quot;owner&quot;: &quot;DFA&quot;,
        &quot;stage&quot;: &quot;Completed&quot;,
        &quot;ea1&quot;: &quot;W50P55&quot;,
        &quot;ea2&quot;: &quot;Western Region&quot;
      }
    },
    {
      &quot;attributes&quot;: {
        &quot;owner&quot;: &quot;DFA&quot;,
        &quot;stage&quot;: &quot;Completed&quot;,
        &quot;ea1&quot;: &quot;W50P55&quot;,
        &quot;ea2&quot;: &quot;Western Region&quot;
      }
    },
    {
      &quot;attributes&quot;: {
        &quot;owner&quot;: &quot;DFA&quot;,
        &quot;stage&quot;: &quot;Completed&quot;,
        &quot;ea1&quot;: &quot;W50P55&quot;,
        &quot;ea2&quot;: &quot;Western Region&quot;
      }
    },
    {
      &quot;attributes&quot;: {
        &quot;owner&quot;: &quot;DFA&quot;,
        &quot;stage&quot;: &quot;Completed&quot;,
        &quot;ea1&quot;: &quot;W50P55&quot;,
        &quot;ea2&quot;: &quot;Western Region&quot;
      }
    },
    {
      &quot;attributes&quot;: {
        &quot;owner&quot;: &quot;DFA&quot;,
        &quot;stage&quot;: &quot;Completed&quot;,
        &quot;ea1&quot;: &quot;W50P55&quot;,
        &quot;ea2&quot;: &quot;Western Region&quot;
      }
    },
    {
      &quot;attributes&quot;: {
        &quot;owner&quot;: &quot;DFA&quot;,
        &quot;stage&quot;: &quot;Completed&quot;,
        &quot;ea1&quot;: &quot;W50P55&quot;,
        &quot;ea2&quot;: &quot;Western Region&quot;
      }
    },
    {
      &quot;attributes&quot;: {
        &quot;owner&quot;: &quot;DFA&quot;,
        &quot;stage&quot;: &quot;Completed&quot;,
        &quot;ea1&quot;: &quot;W50P55&quot;,
        &quot;ea2&quot;: &quot;Western Region&quot;
      }
    },
    {
      &quot;attributes&quot;: {
        &quot;owner&quot;: &quot;DFA&quot;,
        &quot;stage&quot;: &quot;Completed&quot;,
        &quot;ea1&quot;: &quot;W50P55&quot;,
        &quot;ea2&quot;: &quot;Western Region&quot;
      }
    },
    {
      &quot;attributes&quot;: {
        &quot;owner&quot;: &quot;DFA&quot;,
        &quot;stage&quot;: &quot;Completed&quot;,
        &quot;ea1&quot;: &quot;W50P55&quot;,
        &quot;ea2&quot;: &quot;Western Region&quot;
      }
    },
    {
      &quot;attributes&quot;: {
        &quot;owner&quot;: &quot;DFA&quot;,
        &quot;stage&quot;: &quot;Completed&quot;,
        &quot;ea1&quot;: &quot;W50P55&quot;,
        &quot;ea2&quot;: &quot;Western Region&quot;
      }
    },
    {
      &quot;attributes&quot;: {
        &quot;owner&quot;: &quot;DFA&quot;,
        &quot;stage&quot;: &quot;Completed&quot;,
        &quot;ea1&quot;: &quot;W50P55&quot;,
        &quot;ea2&quot;: &quot;Western Region&quot;
      }
    },
    {
      &quot;attributes&quot;: {
        &quot;owner&quot;: &quot;DFA&quot;,
        &quot;stage&quot;: &quot;Completed&quot;,
        &quot;ea1&quot;: &quot;W50P55&quot;,
        &quot;ea2&quot;: &quot;Western Region&quot;
      }
    },
    {
      &quot;attributes&quot;: {
        &quot;owner&quot;: &quot;DFA&quot;,
        &quot;stage&quot;: &quot;Completed&quot;,
        &quot;ea1&quot;: &quot;W50P55&quot;,
        &quot;ea2&quot;: &quot;Western Region&quot;
      }
    },
    {
      &quot;attributes&quot;: {
        &quot;owner&quot;: &quot;DFA&quot;,
        &quot;stage&quot;: &quot;Completed&quot;,
        &quot;ea1&quot;: &quot;W50P55&quot;,
        &quot;ea2&quot;: &quot;Western Region&quot;
      }
    },
    {
      &quot;attributes&quot;: {
        &quot;owner&quot;: &quot;DFA&quot;,
        &quot;stage&quot;: &quot;Completed&quot;,
        &quot;ea1&quot;: &quot;W50P55&quot;,
        &quot;ea2&quot;: &quot;Western Region&quot;
      }
    },
    {
      &quot;attributes&quot;: {
        &quot;owner&quot;: &quot;DFA&quot;,
        &quot;stage&quot;: &quot;Completed&quot;,
        &quot;ea1&quot;: &quot;W50P55&quot;,
        &quot;ea2&quot;: &quot;Western Region&quot;
      }
    },
    {
      &quot;attributes&quot;: {
        &quot;owner&quot;: &quot;DFA&quot;,
        &quot;stage&quot;: &quot;Completed&quot;,
        &quot;ea1&quot;: &quot;W50P55&quot;,
        &quot;ea2&quot;: &quot;Western Region&quot;
      }
    },
    {
      &quot;attributes&quot;: {
        &quot;owner&quot;: &quot;DFA&quot;,
        &quot;stage&quot;: &quot;Completed&quot;,
        &quot;ea1&quot;: &quot;W50P55&quot;,
        &quot;ea2&quot;: &quot;Western Region&quot;
      }
    },
    {
      &quot;attributes&quot;: {
        &quot;owner&quot;: &quot;DFA&quot;,
        &quot;stage&quot;: &quot;Completed&quot;,
        &quot;ea1&quot;: &quot;W50P55&quot;,
        &quot;ea2&quot;: &quot;Western Region&quot;
      }
    },
    {
      &quot;attributes&quot;: {
        &quot;owner&quot;: &quot;DFA&quot;,
        &quot;stage&quot;: &quot;Completed&quot;,
        &quot;ea1&quot;: &quot;W50P55&quot;,
        &quot;ea2&quot;: &quot;Western Region&quot;
      }
    },
    {
      &quot;attributes&quot;: {
        &quot;owner&quot;: &quot;DFA&quot;,
        &quot;stage&quot;: &quot;Completed&quot;,
        &quot;ea1&quot;: &quot;W50P55&quot;,
        &quot;ea2&quot;: &quot;Western Region&quot;
      }
    },
    {
      &quot;attributes&quot;: {
        &quot;owner&quot;: &quot;DFA&quot;,
        &quot;stage&quot;: &quot;Completed&quot;,
        &quot;ea1&quot;: &quot;W50P55&quot;,
        &quot;ea2&quot;: &quot;Western Region&quot;
      }
    },
    {
      &quot;attributes&quot;: {
        &quot;owner&quot;: &quot;DFA&quot;,
        &quot;stage&quot;: &quot;Completed&quot;,
        &quot;ea1&quot;: &quot;W50P55&quot;,
        &quot;ea2&quot;: &quot;Western Region&quot;
      }
    },
    {
      &quot;attributes&quot;: {
        &quot;owner&quot;: &quot;DFA&quot;,
        &quot;stage&quot;: &quot;Completed&quot;,
        &quot;ea1&quot;: &quot;W50P55&quot;,
        &quot;ea2&quot;: &quot;Western Region&quot;
      }
    },
    {
      &quot;attributes&quot;: {
        &quot;owner&quot;: &quot;DFA&quot;,
        &quot;stage&quot;: &quot;Completed&quot;,
        &quot;ea1&quot;: &quot;W50P55&quot;,
        &quot;ea2&quot;: &quot;Western Region&quot;
      }
    },
    {
      &quot;attributes&quot;: {
        &quot;owner&quot;: &quot;DFA&quot;,
        &quot;stage&quot;: &quot;Completed&quot;,
        &quot;ea1&quot;: &quot;W50P55&quot;,
        &quot;ea2&quot;: &quot;Western Region&quot;
      }
    },
    {
      &quot;attributes&quot;: {
        &quot;owner&quot;: &quot;DFA&quot;,
        &quot;stage&quot;: &quot;Completed&quot;,
        &quot;ea1&quot;: &quot;W50P55&quot;,
        &quot;ea2&quot;: &quot;Western Region&quot;
      }
    },
    {
      &quot;attributes&quot;: {
        &quot;owner&quot;: &quot;DFA&quot;,
        &quot;stage&quot;: &quot;Completed&quot;,
        &quot;ea1&quot;: &quot;W50P55&quot;,
        &quot;ea2&quot;: &quot;Western Region&quot;
      }
    },
    {
      &quot;attributes&quot;: {
        &quot;owner&quot;: &quot;DFA&quot;,
        &quot;stage&quot;: &quot;Completed&quot;,
        &quot;ea1&quot;: &quot;W50P55&quot;,
        &quot;ea2&quot;: &quot;Western Region&quot;
      }
    },
    {
      &quot;attributes&quot;: {
        &quot;owner&quot;: &quot;DFA&quot;,
        &quot;stage&quot;: &quot;Completed&quot;,
        &quot;ea1&quot;: &quot;W50P55&quot;,
        &quot;ea2&quot;: &quot;Western Region&quot;
      }
    },
    {
      &quot;attributes&quot;: {
        &quot;owner&quot;: &quot;DFA&quot;,
        &quot;stage&quot;: &quot;Construction&quot;,
        &quot;ea1&quot;: &quot;AS70123WH364200&quot;,
        &quot;ea2&quot;: &quot;Western Region&quot;
      }
    },
    {
      &quot;attributes&quot;: {
        &quot;owner&quot;: &quot;DFA&quot;,
        &quot;stage&quot;: &quot;Completed&quot;,
        &quot;ea1&quot;: &quot;AS00118WH282167&quot;,
        &quot;ea2&quot;: &quot;None&quot;
      }
    },
    {
      &quot;attributes&quot;: {
        &quot;owner&quot;: &quot;DFA&quot;,
        &quot;stage&quot;: &quot;Completed&quot;,
        &quot;ea1&quot;: &quot;K50P75&quot;,
        &quot;ea2&quot;: &quot;Kwa-Zulu Natal&quot;
      }
    },
    {
      &quot;attributes&quot;: {
        &quot;owner&quot;: &quot;DFA&quot;,
        &quot;stage&quot;: &quot;Completed&quot;,
        &quot;ea1&quot;: &quot;K50P75&quot;,
        &quot;ea2&quot;: &quot;Kwa-Zulu Natal&quot;
      }
    },
    {
      &quot;attributes&quot;: {
        &quot;owner&quot;: &quot;DFA&quot;,
        &quot;stage&quot;: &quot;Completed&quot;,
        &quot;ea1&quot;: &quot; &quot;,
        &quot;ea2&quot;: &quot;Kwa-Zulu Natal&quot;
      }
    },
    {
      &quot;attributes&quot;: {
        &quot;owner&quot;: &quot;DFA&quot;,
        &quot;stage&quot;: &quot;Completed&quot;,
        &quot;ea1&quot;: &quot;AS01092BH021465&quot;,
        &quot;ea2&quot;: &quot;Northern Region&quot;
      }
    },
    {
      &quot;attributes&quot;: {
        &quot;owner&quot;: &quot;DFA&quot;,
        &quot;stage&quot;: &quot;Completed&quot;,
        &quot;ea1&quot;: &quot;K50P75&quot;,
        &quot;ea2&quot;: &quot;Kwa-Zulu Natal&quot;
      }
    },
    {
      &quot;attributes&quot;: {
        &quot;owner&quot;: &quot;DFA&quot;,
        &quot;stage&quot;: &quot;Completed&quot;,
        &quot;ea1&quot;: &quot;K50P75&quot;,
        &quot;ea2&quot;: &quot;Kwa-Zulu Natal&quot;
      }
    },
    {
      &quot;attributes&quot;: {
        &quot;owner&quot;: &quot;DFA&quot;,
        &quot;stage&quot;: &quot;Completed&quot;,
        &quot;ea1&quot;: &quot;K50P75&quot;,
        &quot;ea2&quot;: &quot;Kwa-Zulu Natal&quot;
      }
    },
    {
      &quot;attributes&quot;: {
        &quot;owner&quot;: &quot;DFA&quot;,
        &quot;stage&quot;: &quot;Completed&quot;,
        &quot;ea1&quot;: &quot;K50P84&quot;,
        &quot;ea2&quot;: &quot;Kwa-Zulu Natal&quot;
      }
    },
    {
      &quot;attributes&quot;: {
        &quot;owner&quot;: &quot;DFA&quot;,
        &quot;stage&quot;: &quot;Completed&quot;,
        &quot;ea1&quot;: &quot;K50P75&quot;,
        &quot;ea2&quot;: &quot;Kwa-Zulu Natal&quot;
      }
    },
    {
      &quot;attributes&quot;: {
        &quot;owner&quot;: &quot;DFA&quot;,
        &quot;stage&quot;: &quot;Completed&quot;,
        &quot;ea1&quot;: &quot;K01P06&quot;,
        &quot;ea2&quot;: &quot;Kwa-Zulu Natal&quot;
      }
    },
    {
      &quot;attributes&quot;: {
        &quot;owner&quot;: &quot;DFA&quot;,
        &quot;stage&quot;: &quot;Completed&quot;,
        &quot;ea1&quot;: &quot;K50P84&quot;,
        &quot;ea2&quot;: &quot;Kwa-Zulu Natal&quot;
      }
    },
    {
      &quot;attributes&quot;: {
        &quot;owner&quot;: &quot;DFA&quot;,
        &quot;stage&quot;: &quot;Completed&quot;,
        &quot;ea1&quot;: &quot;K50P84&quot;,
        &quot;ea2&quot;: &quot;Kwa-Zulu Natal&quot;
      }
    },
    {
      &quot;attributes&quot;: {
        &quot;owner&quot;: &quot;DFA&quot;,
        &quot;stage&quot;: &quot;Completed&quot;,
        &quot;ea1&quot;: &quot;K50P75&quot;,
        &quot;ea2&quot;: &quot;Kwa-Zulu Natal&quot;
      }
    },
    {
      &quot;attributes&quot;: {
        &quot;owner&quot;: &quot;DFA&quot;,
        &quot;stage&quot;: &quot;Completed&quot;,
        &quot;ea1&quot;: &quot;K50P75&quot;,
        &quot;ea2&quot;: &quot;Kwa-Zulu Natal&quot;
      }
    },
    {
      &quot;attributes&quot;: {
        &quot;owner&quot;: &quot;DFA&quot;,
        &quot;stage&quot;: &quot;Completed&quot;,
        &quot;ea1&quot;: &quot;K50P75&quot;,
        &quot;ea2&quot;: &quot;Kwa-Zulu Natal&quot;
      }
    },
    {
      &quot;attributes&quot;: {
        &quot;owner&quot;: &quot;DFA&quot;,
        &quot;stage&quot;: &quot;Completed&quot;,
        &quot;ea1&quot;: &quot;K50P75&quot;,
        &quot;ea2&quot;: &quot;Kwa-Zulu Natal&quot;
      }
    },
    {
      &quot;attributes&quot;: {
        &quot;owner&quot;: &quot;DFA&quot;,
        &quot;stage&quot;: &quot;Completed&quot;,
        &quot;ea1&quot;: &quot;K50P75&quot;,
        &quot;ea2&quot;: &quot;Kwa-Zulu Natal&quot;
      }
    },
    {
      &quot;attributes&quot;: {
        &quot;owner&quot;: &quot;DFA&quot;,
        &quot;stage&quot;: &quot;Completed&quot;,
        &quot;ea1&quot;: &quot;K50P75&quot;,
        &quot;ea2&quot;: &quot;Kwa-Zulu Natal&quot;
      }
    },
    {
      &quot;attributes&quot;: {
        &quot;owner&quot;: &quot;DFA&quot;,
        &quot;stage&quot;: &quot;Completed&quot;,
        &quot;ea1&quot;: &quot;K50P75&quot;,
        &quot;ea2&quot;: &quot;Kwa-Zulu Natal&quot;
      }
    },
    {
      &quot;attributes&quot;: {
        &quot;owner&quot;: &quot;DFA&quot;,
        &quot;stage&quot;: &quot;Construction&quot;,
        &quot;ea1&quot;: &quot;none&quot;,
        &quot;ea2&quot;: &quot;None&quot;
      }
    },
    {
      &quot;attributes&quot;: {
        &quot;owner&quot;: &quot;DFA&quot;,
        &quot;stage&quot;: &quot;Completed&quot;,
        &quot;ea1&quot;: &quot;K50P75&quot;,
        &quot;ea2&quot;: &quot;Kwa-Zulu Natal&quot;
      }
    },
    {
      &quot;attributes&quot;: {
        &quot;owner&quot;: &quot;DFA&quot;,
        &quot;stage&quot;: &quot;Completed&quot;,
        &quot;ea1&quot;: &quot;K50P75&quot;,
        &quot;ea2&quot;: &quot;Kwa-Zulu Natal&quot;
      }
    },
    {
      &quot;attributes&quot;: {
        &quot;owner&quot;: &quot;DFA&quot;,
        &quot;stage&quot;: &quot;Completed&quot;,
        &quot;ea1&quot;: &quot;K50P75&quot;,
        &quot;ea2&quot;: &quot;Kwa-Zulu Natal&quot;
      }
    },
    {
      &quot;attributes&quot;: {
        &quot;owner&quot;: &quot;DFA&quot;,
        &quot;stage&quot;: &quot;Completed&quot;,
        &quot;ea1&quot;: &quot;K50P75&quot;,
        &quot;ea2&quot;: &quot;Kwa-Zulu Natal&quot;
      }
    },
    {
      &quot;attributes&quot;: {
        &quot;owner&quot;: &quot;DFA&quot;,
        &quot;stage&quot;: &quot;Completed&quot;,
        &quot;ea1&quot;: &quot;K50P75&quot;,
        &quot;ea2&quot;: &quot;Kwa-Zulu Natal&quot;
      }
    },
    {
      &quot;attributes&quot;: {
        &quot;owner&quot;: &quot;DFA&quot;,
        &quot;stage&quot;: &quot;Completed&quot;,
        &quot;ea1&quot;: &quot;K50P75&quot;,
        &quot;ea2&quot;: &quot;Kwa-Zulu Natal&quot;
      }
    },
    {
      &quot;attributes&quot;: {
        &quot;owner&quot;: &quot;DFA&quot;,
        &quot;stage&quot;: &quot;Completed&quot;,
        &quot;ea1&quot;: &quot;K50P75&quot;,
        &quot;ea2&quot;: &quot;Kwa-Zulu Natal&quot;
      }
    },
    {
      &quot;attributes&quot;: {
        &quot;owner&quot;: &quot;DFA&quot;,
        &quot;stage&quot;: &quot;Completed&quot;,
        &quot;ea1&quot;: &quot;AS05390BH005002&quot;,
        &quot;ea2&quot;: &quot;Northern Region&quot;
      }
    },
    {
      &quot;attributes&quot;: {
        &quot;owner&quot;: &quot;DFA&quot;,
        &quot;stage&quot;: &quot;Construction&quot;,
        &quot;ea1&quot;: &quot;none&quot;,
        &quot;ea2&quot;: &quot;None&quot;
      }
    },
    {
      &quot;attributes&quot;: {
        &quot;owner&quot;: &quot;DFA&quot;,
        &quot;stage&quot;: &quot;Completed&quot;,
        &quot;ea1&quot;: &quot;W50P12&quot;,
        &quot;ea2&quot;: &quot;Western Region&quot;
      }
    },
    {
      &quot;attributes&quot;: {
        &quot;owner&quot;: &quot;DFA&quot;,
        &quot;stage&quot;: &quot;Completed&quot;,
        &quot;ea1&quot;: &quot;W50P12&quot;,
        &quot;ea2&quot;: &quot;Western Region&quot;
      }
    },
    {
      &quot;attributes&quot;: {
        &quot;owner&quot;: &quot;DFA&quot;,
        &quot;stage&quot;: &quot;Completed&quot;,
        &quot;ea1&quot;: &quot;W50P12&quot;,
        &quot;ea2&quot;: &quot;Western Region&quot;
      }
    },
    {
      &quot;attributes&quot;: {
        &quot;owner&quot;: &quot;DFA&quot;,
        &quot;stage&quot;: &quot;Completed&quot;,
        &quot;ea1&quot;: &quot;W50P12&quot;,
        &quot;ea2&quot;: &quot;Western Region&quot;
      }
    },
    {
      &quot;attributes&quot;: {
        &quot;owner&quot;: &quot;DFA&quot;,
        &quot;stage&quot;: &quot;Completed&quot;,
        &quot;ea1&quot;: &quot;W50P12&quot;,
        &quot;ea2&quot;: &quot;Western Region&quot;
      }
    },
    {
      &quot;attributes&quot;: {
        &quot;owner&quot;: &quot;DFA&quot;,
        &quot;stage&quot;: &quot;Completed&quot;,
        &quot;ea1&quot;: &quot;W50P12&quot;,
        &quot;ea2&quot;: &quot;Western Region&quot;
      }
    },
    {
      &quot;attributes&quot;: {
        &quot;owner&quot;: &quot;DFA&quot;,
        &quot;stage&quot;: &quot;Completed&quot;,
        &quot;ea1&quot;: &quot;K50P75&quot;,
        &quot;ea2&quot;: &quot;Kwa-Zulu Natal&quot;
      }
    },
    {
      &quot;attributes&quot;: {
        &quot;owner&quot;: &quot;DFA&quot;,
        &quot;stage&quot;: &quot;Completed&quot;,
        &quot;ea1&quot;: &quot;W50P12&quot;,
        &quot;ea2&quot;: &quot;Western Region&quot;
      }
    },
    {
      &quot;attributes&quot;: {
        &quot;owner&quot;: &quot;DFA&quot;,
        &quot;stage&quot;: &quot;Completed&quot;,
        &quot;ea1&quot;: &quot;W50P12&quot;,
        &quot;ea2&quot;: &quot;Western Region&quot;
      }
    },
    {
      &quot;attributes&quot;: {
        &quot;owner&quot;: &quot;DFA&quot;,
        &quot;stage&quot;: &quot;Completed&quot;,
        &quot;ea1&quot;: &quot;W50P12&quot;,
        &quot;ea2&quot;: &quot;Western Region&quot;
      }
    },
    {
      &quot;attributes&quot;: {
        &quot;owner&quot;: &quot;DFA&quot;,
        &quot;stage&quot;: &quot;Completed&quot;,
        &quot;ea1&quot;: &quot;W50P12&quot;,
        &quot;ea2&quot;: &quot;Western Region&quot;
      }
    }
  ],
  &quot;exceededTransferLimit&quot;: true
}

Response body doesn&#039;t match expectation.
Expected: a string containing &quot;Dark Fibre Africa&quot;
  Actual: {
  &quot;displayFieldName&quot;: &quot;name&quot;,
  &quot;fieldAliases&quot;: {
    &quot;owner&quot;: &quot;owner&quot;,
    &quot;stage&quot;: &quot;stage&quot;,
    &quot;ea1&quot;: &quot;Route Name&quot;,
    &quot;ea2&quot;: &quot;DFA Region&quot;
  },
  &quot;fields&quot;: [
    {
      &quot;name&quot;: &quot;owner&quot;,
      &quot;type&quot;: &quot;esriFieldTypeString&quot;,
      &quot;alias&quot;: &quot;owner&quot;,
      &quot;length&quot;: 50
    },
    {
      &quot;name&quot;: &quot;stage&quot;,
      &quot;type&quot;: &quot;esriFieldTypeString&quot;,
      &quot;alias&quot;: &quot;stage&quot;,
      &quot;length&quot;: 30
    },
    {
      &quot;name&quot;: &quot;ea1&quot;,
      &quot;type&quot;: &quot;esriFieldTypeString&quot;,
      &quot;alias&quot;: &quot;Route Name&quot;,
      &quot;length&quot;: 100
    },
    {
      &quot;name&quot;: &quot;ea2&quot;,
      &quot;type&quot;: &quot;esriFieldTypeString&quot;,
      &quot;alias&quot;: &quot;DFA Region&quot;,
      &quot;length&quot;: 100
    }
  ],
  &quot;features&quot;: [
    {
      &quot;attributes&quot;: {
        &quot;owner&quot;: &quot;DFA&quot;,
        &quot;stage&quot;: &quot;Completed&quot;,
        &quot;ea1&quot;: &quot;G02P03&quot;,
        &quot;ea2&quot;: &quot;Gauteng South&quot;
      }
    },
    {
      &quot;attributes&quot;: {
        &quot;owner&quot;: &quot;DFA&quot;,
        &quot;stage&quot;: &quot;Completed&quot;,
        &quot;ea1&quot;: &quot;K30P12&quot;,
        &quot;ea2&quot;: &quot;Kwa-Zulu Natal&quot;
      }
    },
    {
      &quot;attributes&quot;: {
        &quot;owner&quot;: &quot;DFA&quot;,
        &quot;stage&quot;: &quot;Completed&quot;,
        &quot;ea1&quot;: &quot;K30P12&quot;,
        &quot;ea2&quot;: &quot;Kwa-Zulu Natal&quot;
      }
    },
    {
      &quot;attributes&quot;: {
        &quot;owner&quot;: &quot;DFA&quot;,
        &quot;stage&quot;: &quot;Completed&quot;,
        &quot;ea1&quot;: &quot;K30P12&quot;,
        &quot;ea2&quot;: &quot;Kwa-Zulu Natal&quot;
      }
    },
    {
      &quot;attributes&quot;: {
        &quot;owner&quot;: &quot;DFA&quot;,
        &quot;stage&quot;: &quot;Completed&quot;,
        &quot;ea1&quot;: &quot;K30P12&quot;,
        &quot;ea2&quot;: &quot;Kwa-Zulu Natal&quot;
      }
    },
    {
      &quot;attributes&quot;: {
        &quot;owner&quot;: &quot;DFA&quot;,
        &quot;stage&quot;: &quot;Completed&quot;,
        &quot;ea1&quot;: &quot;K30P12&quot;,
        &quot;ea2&quot;: &quot;Kwa-Zulu Natal&quot;
      }
    },
    {
      &quot;attributes&quot;: {
        &quot;owner&quot;: &quot;DFA&quot;,
        &quot;stage&quot;: &quot;Completed&quot;,
        &quot;ea1&quot;: &quot;K30P12&quot;,
        &quot;ea2&quot;: &quot;Kwa-Zulu Natal&quot;
      }
    },
    {
      &quot;attributes&quot;: {
        &quot;owner&quot;: &quot;DFA&quot;,
        &quot;stage&quot;: &quot;Completed&quot;,
        &quot;ea1&quot;: &quot;K30P12&quot;,
        &quot;ea2&quot;: &quot;Kwa-Zulu Natal&quot;
      }
    },
    {
      &quot;attributes&quot;: {
        &quot;owner&quot;: &quot;DFA&quot;,
        &quot;stage&quot;: &quot;Completed&quot;,
        &quot;ea1&quot;: &quot;K30P12&quot;,
        &quot;ea2&quot;: &quot;Kwa-Zulu Natal&quot;
      }
    },
    {
      &quot;attributes&quot;: {
        &quot;owner&quot;: &quot;DFA&quot;,
        &quot;stage&quot;: &quot;Completed&quot;,
        &quot;ea1&quot;: &quot;K30P12&quot;,
        &quot;ea2&quot;: &quot;Kwa-Zulu Natal&quot;
      }
    },
    {
      &quot;attributes&quot;: {
        &quot;owner&quot;: &quot;DFA&quot;,
        &quot;stage&quot;: &quot;Completed&quot;,
        &quot;ea1&quot;: &quot;K30P12&quot;,
        &quot;ea2&quot;: &quot;Kwa-Zulu Natal&quot;
      }
    },
    {
      &quot;attributes&quot;: {
        &quot;owner&quot;: &quot;DFA&quot;,
        &quot;stage&quot;: &quot;Completed&quot;,
        &quot;ea1&quot;: &quot;K30P14&quot;,
        &quot;ea2&quot;: &quot;Kwa-Zulu Natal&quot;
      }
    },
    {
      &quot;attributes&quot;: {
        &quot;owner&quot;: &quot;DFA&quot;,
        &quot;stage&quot;: &quot;Completed&quot;,
        &quot;ea1&quot;: &quot;K50P53&quot;,
        &quot;ea2&quot;: &quot;Kwa-Zulu Natal&quot;
      }
    },
    {
      &quot;attributes&quot;: {
        &quot;owner&quot;: &quot;DFA&quot;,
        &quot;stage&quot;: &quot;Completed&quot;,
        &quot;ea1&quot;: &quot;K50P53&quot;,
        &quot;ea2&quot;: &quot;Kwa-Zulu Natal&quot;
      }
    },
    {
      &quot;attributes&quot;: {
        &quot;owner&quot;: &quot;DFA&quot;,
        &quot;stage&quot;: &quot;Completed&quot;,
        &quot;ea1&quot;: &quot;K50P53&quot;,
        &quot;ea2&quot;: &quot;Kwa-Zulu Natal&quot;
      }
    },
    {
      &quot;attributes&quot;: {
        &quot;owner&quot;: &quot;DFA&quot;,
        &quot;stage&quot;: &quot;Completed&quot;,
        &quot;ea1&quot;: &quot;K50P53&quot;,
        &quot;ea2&quot;: &quot;Kwa-Zulu Natal&quot;
      }
    },
    {
      &quot;attributes&quot;: {
        &quot;owner&quot;: &quot;DFA&quot;,
        &quot;stage&quot;: &quot;Completed&quot;,
        &quot;ea1&quot;: &quot;K50P53&quot;,
        &quot;ea2&quot;: &quot;Kwa-Zulu Natal&quot;
      }
    },
    {
      &quot;attributes&quot;: {
        &quot;owner&quot;: &quot;DFA&quot;,
        &quot;stage&quot;: &quot;Completed&quot;,
        &quot;ea1&quot;: &quot;K50P53&quot;,
        &quot;ea2&quot;: &quot;Kwa-Zulu Natal&quot;
      }
    },
    {
      &quot;attributes&quot;: {
        &quot;owner&quot;: &quot;DFA&quot;,
        &quot;stage&quot;: &quot;Completed&quot;,
        &quot;ea1&quot;: &quot;K50P53&quot;,
        &quot;ea2&quot;: &quot;Kwa-Zulu Natal&quot;
      }
    },
    {
      &quot;attributes&quot;: {
        &quot;owner&quot;: &quot;DFA&quot;,
        &quot;stage&quot;: &quot;Completed&quot;,
        &quot;ea1&quot;: &quot;K50P53&quot;,
        &quot;ea2&quot;: &quot;Kwa-Zulu Natal&quot;
      }
    },
    {
      &quot;attributes&quot;: {
        &quot;owner&quot;: &quot;DFA&quot;,
        &quot;stage&quot;: &quot;Completed&quot;,
        &quot;ea1&quot;: &quot;K50P53&quot;,
        &quot;ea2&quot;: &quot;Kwa-Zulu Natal&quot;
      }
    },
    {
      &quot;attributes&quot;: {
        &quot;owner&quot;: &quot;DFA&quot;,
        &quot;stage&quot;: &quot;Completed&quot;,
        &quot;ea1&quot;: &quot;K50P53&quot;,
        &quot;ea2&quot;: &quot;Kwa-Zulu Natal&quot;
      }
    },
    {
      &quot;attributes&quot;: {
        &quot;owner&quot;: &quot;DFA&quot;,
        &quot;stage&quot;: &quot;Completed&quot;,
        &quot;ea1&quot;: &quot;K50P53&quot;,
        &quot;ea2&quot;: &quot;Kwa-Zulu Natal&quot;
      }
    },
    {
      &quot;attributes&quot;: {
        &quot;owner&quot;: &quot;DFA&quot;,
        &quot;stage&quot;: &quot;Completed&quot;,
        &quot;ea1&quot;: &quot;K50P53&quot;,
        &quot;ea2&quot;: &quot;Kwa-Zulu Natal&quot;
      }
    },
    {
      &quot;attributes&quot;: {
        &quot;owner&quot;: &quot;DFA&quot;,
        &quot;stage&quot;: &quot;Completed&quot;,
        &quot;ea1&quot;: &quot;K50P45&quot;,
        &quot;ea2&quot;: &quot;Kwa-Zulu Natal&quot;
      }
    },
    {
      &quot;attributes&quot;: {
        &quot;owner&quot;: &quot;DFA&quot;,
        &quot;stage&quot;: &quot;Completed&quot;,
        &quot;ea1&quot;: &quot;K50P45&quot;,
        &quot;ea2&quot;: &quot;Kwa-Zulu Natal&quot;
      }
    },
    {
      &quot;attributes&quot;: {
        &quot;owner&quot;: &quot;DFA&quot;,
        &quot;stage&quot;: &quot;Completed&quot;,
        &quot;ea1&quot;: &quot;K50P45&quot;,
        &quot;ea2&quot;: &quot;Kwa-Zulu Natal&quot;
      }
    },
    {
      &quot;attributes&quot;: {
        &quot;owner&quot;: &quot;DFA&quot;,
        &quot;stage&quot;: &quot;Completed&quot;,
        &quot;ea1&quot;: &quot;K50P45&quot;,
        &quot;ea2&quot;: &quot;Kwa-Zulu Natal&quot;
      }
    },
    {
      &quot;attributes&quot;: {
        &quot;owner&quot;: &quot;DFA&quot;,
        &quot;stage&quot;: &quot;Completed&quot;,
        &quot;ea1&quot;: &quot;K50P45&quot;,
        &quot;ea2&quot;: &quot;Kwa-Zulu Natal&quot;
      }
    },
    {
      &quot;attributes&quot;: {
        &quot;owner&quot;: &quot;DFA&quot;,
        &quot;stage&quot;: &quot;Completed&quot;,
        &quot;ea1&quot;: &quot;K50P45&quot;,
        &quot;ea2&quot;: &quot;Kwa-Zulu Natal&quot;
      }
    },
    {
      &quot;attributes&quot;: {
        &quot;owner&quot;: &quot;DFA&quot;,
        &quot;stage&quot;: &quot;Completed&quot;,
        &quot;ea1&quot;: &quot;K01P05&quot;,
        &quot;ea2&quot;: &quot;Kwa-Zulu Natal&quot;
      }
    },
    {
      &quot;attributes&quot;: {
        &quot;owner&quot;: &quot;DFA&quot;,
        &quot;stage&quot;: &quot;Completed&quot;,
        &quot;ea1&quot;: &quot;K50P09&quot;,
        &quot;ea2&quot;: &quot;Kwa-Zulu Natal&quot;
      }
    },
    {
      &quot;attributes&quot;: {
        &quot;owner&quot;: &quot;DFA&quot;,
        &quot;stage&quot;: &quot;Completed&quot;,
        &quot;ea1&quot;: &quot;K50P09&quot;,
        &quot;ea2&quot;: &quot;Kwa-Zulu Natal&quot;
      }
    },
    {
      &quot;attributes&quot;: {
        &quot;owner&quot;: &quot;DFA&quot;,
        &quot;stage&quot;: &quot;Completed&quot;,
        &quot;ea1&quot;: &quot;K50P09&quot;,
        &quot;ea2&quot;: &quot;Kwa-Zulu Natal&quot;
      }
    },
    {
      &quot;attributes&quot;: {
        &quot;owner&quot;: &quot;DFA&quot;,
        &quot;stage&quot;: &quot;Completed&quot;,
        &quot;ea1&quot;: &quot;K50P09&quot;,
        &quot;ea2&quot;: &quot;Kwa-Zulu Natal&quot;
      }
    },
    {
      &quot;attributes&quot;: {
        &quot;owner&quot;: &quot;DFA&quot;,
        &quot;stage&quot;: &quot;Completed&quot;,
        &quot;ea1&quot;: &quot;K50P09&quot;,
        &quot;ea2&quot;: &quot;Kwa-Zulu Natal&quot;
      }
    },
    {
      &quot;attributes&quot;: {
        &quot;owner&quot;: &quot;DFA&quot;,
        &quot;stage&quot;: &quot;Completed&quot;,
        &quot;ea1&quot;: &quot;K50P09&quot;,
        &quot;ea2&quot;: &quot;Kwa-Zulu Natal&quot;
      }
    },
    {
      &quot;attributes&quot;: {
        &quot;owner&quot;: &quot;DFA&quot;,
        &quot;stage&quot;: &quot;Completed&quot;,
        &quot;ea1&quot;: &quot;K50P09&quot;,
        &quot;ea2&quot;: &quot;Kwa-Zulu Natal&quot;
      }
    },
    {
      &quot;attributes&quot;: {
        &quot;owner&quot;: &quot;DFA&quot;,
        &quot;stage&quot;: &quot;Completed&quot;,
        &quot;ea1&quot;: &quot;K50P09&quot;,
        &quot;ea2&quot;: &quot;Kwa-Zulu Natal&quot;
      }
    },
    {
      &quot;attributes&quot;: {
        &quot;owner&quot;: &quot;DFA&quot;,
        &quot;stage&quot;: &quot;Completed&quot;,
        &quot;ea1&quot;: &quot;K50P09&quot;,
        &quot;ea2&quot;: &quot;Kwa-Zulu Natal&quot;
      }
    },
    {
      &quot;attributes&quot;: {
        &quot;owner&quot;: &quot;DFA&quot;,
        &quot;stage&quot;: &quot;Completed&quot;,
        &quot;ea1&quot;: &quot;K50P09&quot;,
        &quot;ea2&quot;: &quot;Kwa-Zulu Natal&quot;
      }
    },
    {
      &quot;attributes&quot;: {
        &quot;owner&quot;: &quot;DFA&quot;,
        &quot;stage&quot;: &quot;Completed&quot;,
        &quot;ea1&quot;: &quot;AS0051CH023310&quot;,
        &quot;ea2&quot;: &quot;Western Region&quot;
      }
    },
    {
      &quot;attributes&quot;: {
        &quot;owner&quot;: &quot;DFA&quot;,
        &quot;stage&quot;: &quot;Completed&quot;,
        &quot;ea1&quot;: &quot;K30P11&quot;,
        &quot;ea2&quot;: &quot;Kwa-Zulu Natal&quot;
      }
    },
    {
      &quot;attributes&quot;: {
        &quot;owner&quot;: &quot;DFA&quot;,
        &quot;stage&quot;: &quot;Completed&quot;,
        &quot;ea1&quot;: &quot;K50P31&quot;,
        &quot;ea2&quot;: &quot;Kwa-Zulu Natal&quot;
      }
    },
    {
      &quot;attributes&quot;: {
        &quot;owner&quot;: &quot;DFA&quot;,
        &quot;stage&quot;: &quot;Completed&quot;,
        &quot;ea1&quot;: &quot;K50P31&quot;,
        &quot;ea2&quot;: &quot;Kwa-Zulu Natal&quot;
      }
    },
    {
      &quot;attributes&quot;: {
        &quot;owner&quot;: &quot;DFA&quot;,
        &quot;stage&quot;: &quot;Completed&quot;,
        &quot;ea1&quot;: &quot;K50P31&quot;,
        &quot;ea2&quot;: &quot;Kwa-Zulu Natal&quot;
      }
    },
    {
      &quot;attributes&quot;: {
        &quot;owner&quot;: &quot;DFA&quot;,
        &quot;stage&quot;: &quot;Completed&quot;,
        &quot;ea1&quot;: &quot;K50P31&quot;,
        &quot;ea2&quot;: &quot;Kwa-Zulu Natal&quot;
      }
    },
    {
      &quot;attributes&quot;: {
        &quot;owner&quot;: &quot;DFA&quot;,
        &quot;stage&quot;: &quot;Completed&quot;,
        &quot;ea1&quot;: &quot;K50P31&quot;,
        &quot;ea2&quot;: &quot;Kwa-Zulu Natal&quot;
      }
    },
    {
      &quot;attributes&quot;: {
        &quot;owner&quot;: &quot;DFA&quot;,
        &quot;stage&quot;: &quot;Completed&quot;,
        &quot;ea1&quot;: &quot;K50P31&quot;,
        &quot;ea2&quot;: &quot;Kwa-Zulu Natal&quot;
      }
    },
    {
      &quot;attributes&quot;: {
        &quot;owner&quot;: &quot;DFA&quot;,
        &quot;stage&quot;: &quot;Completed&quot;,
        &quot;ea1&quot;: &quot;K50P31&quot;,
        &quot;ea2&quot;: &quot;Kwa-Zulu Natal&quot;
      }
    },
    {
      &quot;attributes&quot;: {
        &quot;owner&quot;: &quot;DFA&quot;,
        &quot;stage&quot;: &quot;Completed&quot;,
        &quot;ea1&quot;: &quot;K50P31&quot;,
        &quot;ea2&quot;: &quot;Kwa-Zulu Natal&quot;
      }
    },
    {
      &quot;attributes&quot;: {
        &quot;owner&quot;: &quot;DFA&quot;,
        &quot;stage&quot;: &quot;Completed&quot;,
        &quot;ea1&quot;: &quot;K50P33&quot;,
        &quot;ea2&quot;: &quot;Kwa-Zulu Natal&quot;
      }
    },
    {
      &quot;attributes&quot;: {
        &quot;owner&quot;: &quot;DFA&quot;,
        &quot;stage&quot;: &quot;Completed&quot;,
        &quot;ea1&quot;: &quot;AS00590GH001265&quot;,
        &quot;ea2&quot;: &quot;Gauteng South&quot;
      }
    },
    {
      &quot;attributes&quot;: {
        &quot;owner&quot;: &quot;DFA&quot;,
        &quot;stage&quot;: &quot;Completed&quot;,
        &quot;ea1&quot;: &quot;K50P53&quot;,
        &quot;ea2&quot;: &quot;Kwa-Zulu Natal&quot;
      }
    },
    {
      &quot;attributes&quot;: {
        &quot;owner&quot;: &quot;DFA&quot;,
        &quot;stage&quot;: &quot;Completed&quot;,
        &quot;ea1&quot;: &quot;K50P23&quot;,
        &quot;ea2&quot;: &quot;Kwa-Zulu Natal&quot;
      }
    },
    {
      &quot;attributes&quot;: {
        &quot;owner&quot;: &quot;DFA&quot;,
        &quot;stage&quot;: &quot;Completed&quot;,
        &quot;ea1&quot;: &quot;AS04053GH024442&quot;,
        &quot;ea2&quot;: &quot;Gauteng South&quot;
      }
    },
    {
      &quot;attributes&quot;: {
        &quot;owner&quot;: &quot;DFA&quot;,
        &quot;stage&quot;: &quot;Completed&quot;,
        &quot;ea1&quot;: &quot;AS04053GH024443&quot;,
        &quot;ea2&quot;: &quot;Gauteng South&quot;
      }
    },
    {
      &quot;attributes&quot;: {
        &quot;owner&quot;: &quot;DFA&quot;,
        &quot;stage&quot;: &quot;Completed&quot;,
        &quot;ea1&quot;: &quot;K50P31&quot;,
        &quot;ea2&quot;: &quot;Kwa-Zulu Natal&quot;
      }
    },
    {
      &quot;attributes&quot;: {
        &quot;owner&quot;: &quot;DFA&quot;,
        &quot;stage&quot;: &quot;Completed&quot;,
        &quot;ea1&quot;: &quot;K50P31&quot;,
        &quot;ea2&quot;: &quot;Kwa-Zulu Natal&quot;
      }
    },
    {
      &quot;attributes&quot;: {
        &quot;owner&quot;: &quot;DFA&quot;,
        &quot;stage&quot;: &quot;Completed&quot;,
        &quot;ea1&quot;: &quot;AS01570GH001329&quot;,
        &quot;ea2&quot;: &quot;Gauteng South&quot;
      }
    },
    {
      &quot;attributes&quot;: {
        &quot;owner&quot;: &quot;DFA&quot;,
        &quot;stage&quot;: &quot;Completed&quot;,
        &quot;ea1&quot;: &quot;W01P08&quot;,
        &quot;ea2&quot;: &quot;Western Region&quot;
      }
    },
    {
      &quot;attributes&quot;: {
        &quot;owner&quot;: &quot;DFA&quot;,
        &quot;stage&quot;: &quot;Completed&quot;,
        &quot;ea1&quot;: &quot;K01P04&quot;,
        &quot;ea2&quot;: &quot;Kwa-Zulu Natal&quot;
      }
    },
    {
      &quot;attributes&quot;: {
        &quot;owner&quot;: &quot;DFA&quot;,
        &quot;stage&quot;: &quot;Completed&quot;,
        &quot;ea1&quot;: &quot;G65P40&quot;,
        &quot;ea2&quot;: &quot;Gauteng South&quot;
      }
    },
    {
      &quot;attributes&quot;: {
        &quot;owner&quot;: &quot;DFA&quot;,
        &quot;stage&quot;: &quot;Completed&quot;,
        &quot;ea1&quot;: &quot;K20P12&quot;,
        &quot;ea2&quot;: &quot;Kwa-Zulu Natal&quot;
      }
    },
    {
      &quot;attributes&quot;: {
        &quot;owner&quot;: &quot;DFA&quot;,
        &quot;stage&quot;: &quot;Completed&quot;,
        &quot;ea1&quot;: &quot;K30P04&quot;,
        &quot;ea2&quot;: &quot;Kwa-Zulu Natal&quot;
      }
    },
    {
      &quot;attributes&quot;: {
        &quot;owner&quot;: &quot;DFA&quot;,
        &quot;stage&quot;: &quot;Construction&quot;,
        &quot;ea1&quot;: &quot;none&quot;,
        &quot;ea2&quot;: &quot;Eastern Region&quot;
      }
    },
    {
      &quot;attributes&quot;: {
        &quot;owner&quot;: &quot;DFA&quot;,
        &quot;stage&quot;: &quot;Completed&quot;,
        &quot;ea1&quot;: &quot;K30P04&quot;,
        &quot;ea2&quot;: &quot;Kwa-Zulu Natal&quot;
      }
    },
    {
      &quot;attributes&quot;: {
        &quot;owner&quot;: &quot;DFA&quot;,
        &quot;stage&quot;: &quot;Completed&quot;,
        &quot;ea1&quot;: &quot;K50P36&quot;,
        &quot;ea2&quot;: &quot;Kwa-Zulu Natal&quot;
      }
    },
    {
      &quot;attributes&quot;: {
        &quot;owner&quot;: &quot;DFA&quot;,
        &quot;stage&quot;: &quot;Completed&quot;,
        &quot;ea1&quot;: &quot;VS02267KH022350&quot;,
        &quot;ea2&quot;: &quot;Kwa-Zulu Natal&quot;
      }
    },
    {
      &quot;attributes&quot;: {
        &quot;owner&quot;: &quot;DFA&quot;,
        &quot;stage&quot;: &quot;Completed&quot;,
        &quot;ea1&quot;: &quot;K30P09&quot;,
        &quot;ea2&quot;: &quot;Kwa-Zulu Natal&quot;
      }
    },
    {
      &quot;attributes&quot;: {
        &quot;owner&quot;: &quot;DFA&quot;,
        &quot;stage&quot;: &quot;Completed&quot;,
        &quot;ea1&quot;: &quot;AS01555GH000516&quot;,
        &quot;ea2&quot;: &quot;Gauteng South&quot;
      }
    },
    {
      &quot;attributes&quot;: {
        &quot;owner&quot;: &quot;DFA&quot;,
        &quot;stage&quot;: &quot;Completed&quot;,
        &quot;ea1&quot;: &quot;W44P04&quot;,
        &quot;ea2&quot;: &quot;Western Region&quot;
      }
    },
    {
      &quot;attributes&quot;: {
        &quot;owner&quot;: &quot;DFA&quot;,
        &quot;stage&quot;: &quot;Completed&quot;,
        &quot;ea1&quot;: &quot;W44P02&quot;,
        &quot;ea2&quot;: &quot;Western Region&quot;
      }
    },
    {
      &quot;attributes&quot;: {
        &quot;owner&quot;: &quot;DFA&quot;,
        &quot;stage&quot;: &quot;Completed&quot;,
        &quot;ea1&quot;: &quot;W44P02&quot;,
        &quot;ea2&quot;: &quot;Western Region&quot;
      }
    },
    {
      &quot;attributes&quot;: {
        &quot;owner&quot;: &quot;DFA&quot;,
        &quot;stage&quot;: &quot;Completed&quot;,
        &quot;ea1&quot;: &quot;none&quot;,
        &quot;ea2&quot;: &quot;Eastern Region&quot;
      }
    },
    {
      &quot;attributes&quot;: {
        &quot;owner&quot;: &quot;DFA&quot;,
        &quot;stage&quot;: &quot;Completed&quot;,
        &quot;ea1&quot;: &quot;W44P02&quot;,
        &quot;ea2&quot;: &quot;Western Region&quot;
      }
    },
    {
      &quot;attributes&quot;: {
        &quot;owner&quot;: &quot;DFA&quot;,
        &quot;stage&quot;: &quot;Completed&quot;,
        &quot;ea1&quot;: &quot;W44P02&quot;,
        &quot;ea2&quot;: &quot;Western Region&quot;
      }
    },
    {
      &quot;attributes&quot;: {
        &quot;owner&quot;: &quot;DFA&quot;,
        &quot;stage&quot;: &quot;Completed&quot;,
        &quot;ea1&quot;: &quot;W44P02&quot;,
        &quot;ea2&quot;: &quot;Western Region&quot;
      }
    },
    {
      &quot;attributes&quot;: {
        &quot;owner&quot;: &quot;DFA&quot;,
        &quot;stage&quot;: &quot;Completed&quot;,
        &quot;ea1&quot;: &quot;W44P07&quot;,
        &quot;ea2&quot;: &quot;Western Region&quot;
      }
    },
    {
      &quot;attributes&quot;: {
        &quot;owner&quot;: &quot;DFA&quot;,
        &quot;stage&quot;: &quot;Completed&quot;,
        &quot;ea1&quot;: &quot;W44P07&quot;,
        &quot;ea2&quot;: &quot;Western Region&quot;
      }
    },
    {
      &quot;attributes&quot;: {
        &quot;owner&quot;: &quot;DFA&quot;,
        &quot;stage&quot;: &quot;Completed&quot;,
        &quot;ea1&quot;: &quot;W44P07&quot;,
        &quot;ea2&quot;: &quot;Western Region&quot;
      }
    },
    {
      &quot;attributes&quot;: {
        &quot;owner&quot;: &quot;DFA&quot;,
        &quot;stage&quot;: &quot;Completed&quot;,
        &quot;ea1&quot;: &quot;VS03888WH050002&quot;,
        &quot;ea2&quot;: &quot;Western Region&quot;
      }
    },
    {
      &quot;attributes&quot;: {
        &quot;owner&quot;: &quot;DFA&quot;,
        &quot;stage&quot;: &quot;Completed&quot;,
        &quot;ea1&quot;: &quot;NW03P06&quot;,
        &quot;ea2&quot;: &quot;Northern Region&quot;
      }
    },
    {
      &quot;attributes&quot;: {
        &quot;owner&quot;: &quot;DFA&quot;,
        &quot;stage&quot;: &quot;Completed&quot;,
        &quot;ea1&quot;: &quot;NB50P80&quot;,
        &quot;ea2&quot;: &quot;Northern Region&quot;
      }
    },
    {
      &quot;attributes&quot;: {
        &quot;owner&quot;: &quot;DFA&quot;,
        &quot;stage&quot;: &quot;Construction&quot;,
        &quot;ea1&quot;: &quot;NB01P02&quot;,
        &quot;ea2&quot;: &quot;Northern Region&quot;
      }
    },
    {
      &quot;attributes&quot;: {
        &quot;owner&quot;: &quot;DFA&quot;,
        &quot;stage&quot;: &quot;Completed&quot;,
        &quot;ea1&quot;: &quot;G52P33&quot;,
        &quot;ea2&quot;: &quot;Gauteng South&quot;
      }
    },
    {
      &quot;attributes&quot;: {
        &quot;owner&quot;: &quot;DFA&quot;,
        &quot;stage&quot;: &quot;Completed&quot;,
        &quot;ea1&quot;: &quot;G52P33&quot;,
        &quot;ea2&quot;: &quot;Gauteng South&quot;
      }
    },
    {
      &quot;attributes&quot;: {
        &quot;owner&quot;: &quot;DFA&quot;,
        &quot;stage&quot;: &quot;Completed&quot;,
        &quot;ea1&quot;: &quot;G52P33&quot;,
        &quot;ea2&quot;: &quot;Gauteng South&quot;
      }
    },
    {
      &quot;attributes&quot;: {
        &quot;owner&quot;: &quot;DFA&quot;,
        &quot;stage&quot;: &quot;Completed&quot;,
        &quot;ea1&quot;: &quot;G52P33&quot;,
        &quot;ea2&quot;: &quot;Gauteng South&quot;
      }
    },
    {
      &quot;attributes&quot;: {
        &quot;owner&quot;: &quot;DFA&quot;,
        &quot;stage&quot;: &quot;Completed&quot;,
        &quot;ea1&quot;: &quot;G52P33&quot;,
        &quot;ea2&quot;: &quot;Gauteng South&quot;
      }
    },
    {
      &quot;attributes&quot;: {
        &quot;owner&quot;: &quot;DFA&quot;,
        &quot;stage&quot;: &quot;Completed&quot;,
        &quot;ea1&quot;: &quot;G52P33&quot;,
        &quot;ea2&quot;: &quot;Gauteng South&quot;
      }
    },
    {
      &quot;attributes&quot;: {
        &quot;owner&quot;: &quot;DFA&quot;,
        &quot;stage&quot;: &quot;Completed&quot;,
        &quot;ea1&quot;: &quot;G52P33&quot;,
        &quot;ea2&quot;: &quot;Gauteng South&quot;
      }
    },
    {
      &quot;attributes&quot;: {
        &quot;owner&quot;: &quot;DFA&quot;,
        &quot;stage&quot;: &quot;Completed&quot;,
        &quot;ea1&quot;: &quot;G52P33&quot;,
        &quot;ea2&quot;: &quot;Gauteng South&quot;
      }
    },
    {
      &quot;attributes&quot;: {
        &quot;owner&quot;: &quot;DFA&quot;,
        &quot;stage&quot;: &quot;Completed&quot;,
        &quot;ea1&quot;: &quot;G52P33&quot;,
        &quot;ea2&quot;: &quot;Gauteng South&quot;
      }
    },
    {
      &quot;attributes&quot;: {
        &quot;owner&quot;: &quot;DFA&quot;,
        &quot;stage&quot;: &quot;Completed&quot;,
        &quot;ea1&quot;: &quot;G52P33&quot;,
        &quot;ea2&quot;: &quot;Gauteng South&quot;
      }
    },
    {
      &quot;attributes&quot;: {
        &quot;owner&quot;: &quot;DFA&quot;,
        &quot;stage&quot;: &quot;Completed&quot;,
        &quot;ea1&quot;: &quot;G52P33&quot;,
        &quot;ea2&quot;: &quot;Gauteng South&quot;
      }
    },
    {
      &quot;attributes&quot;: {
        &quot;owner&quot;: &quot;DFA&quot;,
        &quot;stage&quot;: &quot;Completed&quot;,
        &quot;ea1&quot;: &quot;G52P33&quot;,
        &quot;ea2&quot;: &quot;Gauteng South&quot;
      }
    },
    {
      &quot;attributes&quot;: {
        &quot;owner&quot;: &quot;DFA&quot;,
        &quot;stage&quot;: &quot;Completed&quot;,
        &quot;ea1&quot;: &quot;G52P33&quot;,
        &quot;ea2&quot;: &quot;Gauteng South&quot;
      }
    },
    {
      &quot;attributes&quot;: {
        &quot;owner&quot;: &quot;DFA&quot;,
        &quot;stage&quot;: &quot;Completed&quot;,
        &quot;ea1&quot;: &quot;G52P33&quot;,
        &quot;ea2&quot;: &quot;Gauteng South&quot;
      }
    },
    {
      &quot;attributes&quot;: {
        &quot;owner&quot;: &quot;DFA&quot;,
        &quot;stage&quot;: &quot;Completed&quot;,
        &quot;ea1&quot;: &quot;G52P33&quot;,
        &quot;ea2&quot;: &quot;Gauteng South&quot;
      }
    },
    {
      &quot;attributes&quot;: {
        &quot;owner&quot;: &quot;DFA&quot;,
        &quot;stage&quot;: &quot;Completed&quot;,
        &quot;ea1&quot;: &quot;G52P33&quot;,
        &quot;ea2&quot;: &quot;Gauteng South&quot;
      }
    },
    {
      &quot;attributes&quot;: {
        &quot;owner&quot;: &quot;DFA&quot;,
        &quot;stage&quot;: &quot;Completed&quot;,
        &quot;ea1&quot;: &quot;G52P33&quot;,
        &quot;ea2&quot;: &quot;Gauteng South&quot;
      }
    },
    {
      &quot;attributes&quot;: {
        &quot;owner&quot;: &quot;DFA&quot;,
        &quot;stage&quot;: &quot;Completed&quot;,
        &quot;ea1&quot;: &quot;G52P33&quot;,
        &quot;ea2&quot;: &quot;Gauteng South&quot;
      }
    },
    {
      &quot;attributes&quot;: {
        &quot;owner&quot;: &quot;DFA&quot;,
        &quot;stage&quot;: &quot;Completed&quot;,
        &quot;ea1&quot;: &quot;G52P33&quot;,
        &quot;ea2&quot;: &quot;Gauteng South&quot;
      }
    },
    {
      &quot;attributes&quot;: {
        &quot;owner&quot;: &quot;DFA&quot;,
        &quot;stage&quot;: &quot;Completed&quot;,
        &quot;ea1&quot;: &quot;G52P33&quot;,
        &quot;ea2&quot;: &quot;Gauteng South&quot;
      }
    },
    {
      &quot;attributes&quot;: {
        &quot;owner&quot;: &quot;DFA&quot;,
        &quot;stage&quot;: &quot;Completed&quot;,
        &quot;ea1&quot;: &quot;G52P33&quot;,
        &quot;ea2&quot;: &quot;Gauteng South&quot;
      }
    },
    {
      &quot;attributes&quot;: {
        &quot;owner&quot;: &quot;DFA&quot;,
        &quot;stage&quot;: &quot;Completed&quot;,
        &quot;ea1&quot;: &quot;G52P33&quot;,
        &quot;ea2&quot;: &quot;Gauteng South&quot;
      }
    },
    {
      &quot;attributes&quot;: {
        &quot;owner&quot;: &quot;DFA&quot;,
        &quot;stage&quot;: &quot;Completed&quot;,
        &quot;ea1&quot;: &quot;G52P33&quot;,
        &quot;ea2&quot;: &quot;Gauteng South&quot;
      }
    },
    {
      &quot;attributes&quot;: {
        &quot;owner&quot;: &quot;DFA&quot;,
        &quot;stage&quot;: &quot;Completed&quot;,
        &quot;ea1&quot;: &quot;G52P33&quot;,
        &quot;ea2&quot;: &quot;Gauteng South&quot;
      }
    },
    {
      &quot;attributes&quot;: {
        &quot;owner&quot;: &quot;DFA&quot;,
        &quot;stage&quot;: &quot;Completed&quot;,
        &quot;ea1&quot;: &quot;G52P33&quot;,
        &quot;ea2&quot;: &quot;Gauteng South&quot;
      }
    },
    {
      &quot;attributes&quot;: {
        &quot;owner&quot;: &quot;DFA&quot;,
        &quot;stage&quot;: &quot;Completed&quot;,
        &quot;ea1&quot;: &quot;G52P33&quot;,
        &quot;ea2&quot;: &quot;Gauteng South&quot;
      }
    },
    {
      &quot;attributes&quot;: {
        &quot;owner&quot;: &quot;DFA&quot;,
        &quot;stage&quot;: &quot;Completed&quot;,
        &quot;ea1&quot;: &quot;G52P33&quot;,
        &quot;ea2&quot;: &quot;Gauteng South&quot;
      }
    },
    {
      &quot;attributes&quot;: {
        &quot;owner&quot;: &quot;DFA&quot;,
        &quot;stage&quot;: &quot;Completed&quot;,
        &quot;ea1&quot;: &quot;G52P33&quot;,
        &quot;ea2&quot;: &quot;Gauteng South&quot;
      }
    },
    {
      &quot;attributes&quot;: {
        &quot;owner&quot;: &quot;DFA&quot;,
        &quot;stage&quot;: &quot;Completed&quot;,
        &quot;ea1&quot;: &quot;G52P33&quot;,
        &quot;ea2&quot;: &quot;Gauteng South&quot;
      }
    },
    {
      &quot;attributes&quot;: {
        &quot;owner&quot;: &quot;DFA&quot;,
        &quot;stage&quot;: &quot;Completed&quot;,
        &quot;ea1&quot;: &quot;G52P33&quot;,
        &quot;ea2&quot;: &quot;Gauteng South&quot;
      }
    },
    {
      &quot;attributes&quot;: {
        &quot;owner&quot;: &quot;DFA&quot;,
        &quot;stage&quot;: &quot;Completed&quot;,
        &quot;ea1&quot;: &quot;G52P33&quot;,
        &quot;ea2&quot;: &quot;Gauteng South&quot;
      }
    },
    {
      &quot;attributes&quot;: {
        &quot;owner&quot;: &quot;DFA&quot;,
        &quot;stage&quot;: &quot;Completed&quot;,
        &quot;ea1&quot;: &quot;G52P33&quot;,
        &quot;ea2&quot;: &quot;Gauteng South&quot;
      }
    },
    {
      &quot;attributes&quot;: {
        &quot;owner&quot;: &quot;DFA&quot;,
        &quot;stage&quot;: &quot;Completed&quot;,
        &quot;ea1&quot;: &quot;G52P33&quot;,
        &quot;ea2&quot;: &quot;Gauteng South&quot;
      }
    },
    {
      &quot;attributes&quot;: {
        &quot;owner&quot;: &quot;DFA&quot;,
        &quot;stage&quot;: &quot;Completed&quot;,
        &quot;ea1&quot;: &quot;G52P33&quot;,
        &quot;ea2&quot;: &quot;Gauteng South&quot;
      }
    },
    {
      &quot;attributes&quot;: {
        &quot;owner&quot;: &quot;DFA&quot;,
        &quot;stage&quot;: &quot;Completed&quot;,
        &quot;ea1&quot;: &quot;G52P33&quot;,
        &quot;ea2&quot;: &quot;Gauteng South&quot;
      }
    },
    {
      &quot;attributes&quot;: {
        &quot;owner&quot;: &quot;DFA&quot;,
        &quot;stage&quot;: &quot;Completed&quot;,
        &quot;ea1&quot;: &quot;G52P33&quot;,
        &quot;ea2&quot;: &quot;Gauteng South&quot;
      }
    },
    {
      &quot;attributes&quot;: {
        &quot;owner&quot;: &quot;DFA&quot;,
        &quot;stage&quot;: &quot;Completed&quot;,
        &quot;ea1&quot;: &quot;G52P33&quot;,
        &quot;ea2&quot;: &quot;Gauteng South&quot;
      }
    },
    {
      &quot;attributes&quot;: {
        &quot;owner&quot;: &quot;DFA&quot;,
        &quot;stage&quot;: &quot;Completed&quot;,
        &quot;ea1&quot;: &quot;G52P33&quot;,
        &quot;ea2&quot;: &quot;Gauteng South&quot;
      }
    },
    {
      &quot;attributes&quot;: {
        &quot;owner&quot;: &quot;DFA&quot;,
        &quot;stage&quot;: &quot;Completed&quot;,
        &quot;ea1&quot;: &quot;G52P33&quot;,
        &quot;ea2&quot;: &quot;Gauteng South&quot;
      }
    },
    {
      &quot;attributes&quot;: {
        &quot;owner&quot;: &quot;DFA&quot;,
        &quot;stage&quot;: &quot;Completed&quot;,
        &quot;ea1&quot;: &quot;G52P33&quot;,
        &quot;ea2&quot;: &quot;Gauteng South&quot;
      }
    },
    {
      &quot;attributes&quot;: {
        &quot;owner&quot;: &quot;DFA&quot;,
        &quot;stage&quot;: &quot;Completed&quot;,
        &quot;ea1&quot;: &quot;G52P33&quot;,
        &quot;ea2&quot;: &quot;Gauteng South&quot;
      }
    },
    {
      &quot;attributes&quot;: {
        &quot;owner&quot;: &quot;DFA&quot;,
        &quot;stage&quot;: &quot;Completed&quot;,
        &quot;ea1&quot;: &quot;G52P33&quot;,
        &quot;ea2&quot;: &quot;Gauteng South&quot;
      }
    },
    {
      &quot;attributes&quot;: {
        &quot;owner&quot;: &quot;DFA&quot;,
        &quot;stage&quot;: &quot;Completed&quot;,
        &quot;ea1&quot;: &quot;G52P33&quot;,
        &quot;ea2&quot;: &quot;Gauteng South&quot;
      }
    },
    {
      &quot;attributes&quot;: {
        &quot;owner&quot;: &quot;DFA&quot;,
        &quot;stage&quot;: &quot;Completed&quot;,
        &quot;ea1&quot;: &quot;G52P33&quot;,
        &quot;ea2&quot;: &quot;Gauteng South&quot;
      }
    },
    {
      &quot;attributes&quot;: {
        &quot;owner&quot;: &quot;DFA&quot;,
        &quot;stage&quot;: &quot;Completed&quot;,
        &quot;ea1&quot;: &quot;G52P33&quot;,
        &quot;ea2&quot;: &quot;Gauteng South&quot;
      }
    },
    {
      &quot;attributes&quot;: {
        &quot;owner&quot;: &quot;DFA&quot;,
        &quot;stage&quot;: &quot;Construction&quot;,
        &quot;ea1&quot;: &quot;G50P66&quot;,
        &quot;ea2&quot;: &quot;Gauteng South&quot;
      }
    },
    {
      &quot;attributes&quot;: {
        &quot;owner&quot;: &quot;DFA&quot;,
        &quot;stage&quot;: &quot;Completed&quot;,
        &quot;ea1&quot;: &quot;G52P33&quot;,
        &quot;ea2&quot;: &quot;Gauteng South&quot;
      }
    },
    {
      &quot;attributes&quot;: {
        &quot;owner&quot;: &quot;DFA&quot;,
        &quot;stage&quot;: &quot;Completed&quot;,
        &quot;ea1&quot;: &quot;G52P33&quot;,
        &quot;ea2&quot;: &quot;Gauteng South&quot;
      }
    },
    {
      &quot;attributes&quot;: {
        &quot;owner&quot;: &quot;DFA&quot;,
        &quot;stage&quot;: &quot;Completed&quot;,
        &quot;ea1&quot;: &quot;G52P33&quot;,
        &quot;ea2&quot;: &quot;Gauteng South&quot;
      }
    },
    {
      &quot;attributes&quot;: {
        &quot;owner&quot;: &quot;DFA&quot;,
        &quot;stage&quot;: &quot;Completed&quot;,
        &quot;ea1&quot;: &quot;G52P33&quot;,
        &quot;ea2&quot;: &quot;Gauteng South&quot;
      }
    },
    {
      &quot;attributes&quot;: {
        &quot;owner&quot;: &quot;DFA&quot;,
        &quot;stage&quot;: &quot;Completed&quot;,
        &quot;ea1&quot;: &quot;G30P45&quot;,
        &quot;ea2&quot;: &quot;Gauteng South&quot;
      }
    },
    {
      &quot;attributes&quot;: {
        &quot;owner&quot;: &quot;DFA&quot;,
        &quot;stage&quot;: &quot;Completed&quot;,
        &quot;ea1&quot;: &quot;G52P43&quot;,
        &quot;ea2&quot;: &quot;Gauteng South&quot;
      }
    },
    {
      &quot;attributes&quot;: {
        &quot;owner&quot;: &quot;DFA&quot;,
        &quot;stage&quot;: &quot;Completed&quot;,
        &quot;ea1&quot;: &quot;G52P43&quot;,
        &quot;ea2&quot;: &quot;Gauteng South&quot;
      }
    },
    {
      &quot;attributes&quot;: {
        &quot;owner&quot;: &quot;DFA&quot;,
        &quot;stage&quot;: &quot;Completed&quot;,
        &quot;ea1&quot;: &quot;G52P43&quot;,
        &quot;ea2&quot;: &quot;Gauteng South&quot;
      }
    },
    {
      &quot;attributes&quot;: {
        &quot;owner&quot;: &quot;DFA&quot;,
        &quot;stage&quot;: &quot;Completed&quot;,
        &quot;ea1&quot;: &quot;G52P43&quot;,
        &quot;ea2&quot;: &quot;Gauteng South&quot;
      }
    },
    {
      &quot;attributes&quot;: {
        &quot;owner&quot;: &quot;DFA&quot;,
        &quot;stage&quot;: &quot;Completed&quot;,
        &quot;ea1&quot;: &quot;G52P43&quot;,
        &quot;ea2&quot;: &quot;Gauteng South&quot;
      }
    },
    {
      &quot;attributes&quot;: {
        &quot;owner&quot;: &quot;DFA&quot;,
        &quot;stage&quot;: &quot;Completed&quot;,
        &quot;ea1&quot;: &quot;G52P43&quot;,
        &quot;ea2&quot;: &quot;Gauteng South&quot;
      }
    },
    {
      &quot;attributes&quot;: {
        &quot;owner&quot;: &quot;DFA&quot;,
        &quot;stage&quot;: &quot;Completed&quot;,
        &quot;ea1&quot;: &quot;G52P43&quot;,
        &quot;ea2&quot;: &quot;Gauteng South&quot;
      }
    },
    {
      &quot;attributes&quot;: {
        &quot;owner&quot;: &quot;DFA&quot;,
        &quot;stage&quot;: &quot;Completed&quot;,
        &quot;ea1&quot;: &quot;G52P43&quot;,
        &quot;ea2&quot;: &quot;Gauteng South&quot;
      }
    },
    {
      &quot;attributes&quot;: {
        &quot;owner&quot;: &quot;DFA&quot;,
        &quot;stage&quot;: &quot;Completed&quot;,
        &quot;ea1&quot;: &quot;G52P43&quot;,
        &quot;ea2&quot;: &quot;Gauteng South&quot;
      }
    },
    {
      &quot;attributes&quot;: {
        &quot;owner&quot;: &quot;DFA&quot;,
        &quot;stage&quot;: &quot;Completed&quot;,
        &quot;ea1&quot;: &quot;G52P43&quot;,
        &quot;ea2&quot;: &quot;Gauteng South&quot;
      }
    },
    {
      &quot;attributes&quot;: {
        &quot;owner&quot;: &quot;DFA&quot;,
        &quot;stage&quot;: &quot;Completed&quot;,
        &quot;ea1&quot;: &quot;G52P43&quot;,
        &quot;ea2&quot;: &quot;Gauteng South&quot;
      }
    },
    {
      &quot;attributes&quot;: {
        &quot;owner&quot;: &quot;DFA&quot;,
        &quot;stage&quot;: &quot;Completed&quot;,
        &quot;ea1&quot;: &quot;G52P43&quot;,
        &quot;ea2&quot;: &quot;Gauteng South&quot;
      }
    },
    {
      &quot;attributes&quot;: {
        &quot;owner&quot;: &quot;DFA&quot;,
        &quot;stage&quot;: &quot;Completed&quot;,
        &quot;ea1&quot;: &quot;G52P43&quot;,
        &quot;ea2&quot;: &quot;Gauteng South&quot;
      }
    },
    {
      &quot;attributes&quot;: {
        &quot;owner&quot;: &quot;DFA&quot;,
        &quot;stage&quot;: &quot;Completed&quot;,
        &quot;ea1&quot;: &quot;G52P43&quot;,
        &quot;ea2&quot;: &quot;Gauteng South&quot;
      }
    },
    {
      &quot;attributes&quot;: {
        &quot;owner&quot;: &quot;DFA&quot;,
        &quot;stage&quot;: &quot;Completed&quot;,
        &quot;ea1&quot;: &quot;G52P43&quot;,
        &quot;ea2&quot;: &quot;Gauteng South&quot;
      }
    },
    {
      &quot;attributes&quot;: {
        &quot;owner&quot;: &quot;DFA&quot;,
        &quot;stage&quot;: &quot;Completed&quot;,
        &quot;ea1&quot;: &quot;G52P43&quot;,
        &quot;ea2&quot;: &quot;Gauteng South&quot;
      }
    },
    {
      &quot;attributes&quot;: {
        &quot;owner&quot;: &quot;DFA&quot;,
        &quot;stage&quot;: &quot;Completed&quot;,
        &quot;ea1&quot;: &quot;G52P43&quot;,
        &quot;ea2&quot;: &quot;Gauteng South&quot;
      }
    },
    {
      &quot;attributes&quot;: {
        &quot;owner&quot;: &quot;DFA&quot;,
        &quot;stage&quot;: &quot;Completed&quot;,
        &quot;ea1&quot;: &quot;G52P43&quot;,
        &quot;ea2&quot;: &quot;Gauteng South&quot;
      }
    },
    {
      &quot;attributes&quot;: {
        &quot;owner&quot;: &quot;DFA&quot;,
        &quot;stage&quot;: &quot;Completed&quot;,
        &quot;ea1&quot;: &quot;G52P43&quot;,
        &quot;ea2&quot;: &quot;Gauteng South&quot;
      }
    },
    {
      &quot;attributes&quot;: {
        &quot;owner&quot;: &quot;DFA&quot;,
        &quot;stage&quot;: &quot;Completed&quot;,
        &quot;ea1&quot;: &quot;G52P43&quot;,
        &quot;ea2&quot;: &quot;Gauteng South&quot;
      }
    },
    {
      &quot;attributes&quot;: {
        &quot;owner&quot;: &quot;DFA&quot;,
        &quot;stage&quot;: &quot;Construction&quot;,
        &quot;ea1&quot;: &quot;AS00865GH000988&quot;,
        &quot;ea2&quot;: &quot;None&quot;
      }
    },
    {
      &quot;attributes&quot;: {
        &quot;owner&quot;: &quot;DFA&quot;,
        &quot;stage&quot;: &quot;Construction&quot;,
        &quot;ea1&quot;: &quot;AS00865GH000988&quot;,
        &quot;ea2&quot;: &quot;None&quot;
      }
    },
    {
      &quot;attributes&quot;: {
        &quot;owner&quot;: &quot;DFA&quot;,
        &quot;stage&quot;: &quot;Construction&quot;,
        &quot;ea1&quot;: &quot;AS00865GH000988&quot;,
        &quot;ea2&quot;: &quot;None&quot;
      }
    },
    {
      &quot;attributes&quot;: {
        &quot;owner&quot;: &quot;DFA&quot;,
        &quot;stage&quot;: &quot;Completed&quot;,
        &quot;ea1&quot;: &quot;G52P43&quot;,
        &quot;ea2&quot;: &quot;Gauteng South&quot;
      }
    },
    {
      &quot;attributes&quot;: {
        &quot;owner&quot;: &quot;DFA&quot;,
        &quot;stage&quot;: &quot;Completed&quot;,
        &quot;ea1&quot;: &quot;G52P43&quot;,
        &quot;ea2&quot;: &quot;Gauteng South&quot;
      }
    },
    {
      &quot;attributes&quot;: {
        &quot;owner&quot;: &quot;DFA&quot;,
        &quot;stage&quot;: &quot;Completed&quot;,
        &quot;ea1&quot;: &quot;G52P43&quot;,
        &quot;ea2&quot;: &quot;Gauteng South&quot;
      }
    },
    {
      &quot;attributes&quot;: {
        &quot;owner&quot;: &quot;DFA&quot;,
        &quot;stage&quot;: &quot;Completed&quot;,
        &quot;ea1&quot;: &quot;G52P43&quot;,
        &quot;ea2&quot;: &quot;Gauteng South&quot;
      }
    },
    {
      &quot;attributes&quot;: {
        &quot;owner&quot;: &quot;DFA&quot;,
        &quot;stage&quot;: &quot;Completed&quot;,
        &quot;ea1&quot;: &quot;G52P43&quot;,
        &quot;ea2&quot;: &quot;Gauteng South&quot;
      }
    },
    {
      &quot;attributes&quot;: {
        &quot;owner&quot;: &quot;DFA&quot;,
        &quot;stage&quot;: &quot;Completed&quot;,
        &quot;ea1&quot;: &quot;G52P43&quot;,
        &quot;ea2&quot;: &quot;Gauteng South&quot;
      }
    },
    {
      &quot;attributes&quot;: {
        &quot;owner&quot;: &quot;DFA&quot;,
        &quot;stage&quot;: &quot;Completed&quot;,
        &quot;ea1&quot;: &quot;G52P43&quot;,
        &quot;ea2&quot;: &quot;Gauteng South&quot;
      }
    },
    {
      &quot;attributes&quot;: {
        &quot;owner&quot;: &quot;DFA&quot;,
        &quot;stage&quot;: &quot;Completed&quot;,
        &quot;ea1&quot;: &quot;G52P43&quot;,
        &quot;ea2&quot;: &quot;Gauteng South&quot;
      }
    },
    {
      &quot;attributes&quot;: {
        &quot;owner&quot;: &quot;DFA&quot;,
        &quot;stage&quot;: &quot;Completed&quot;,
        &quot;ea1&quot;: &quot;NB50P74&quot;,
        &quot;ea2&quot;: &quot;Northern Region&quot;
      }
    },
    {
      &quot;attributes&quot;: {
        &quot;owner&quot;: &quot;DFA&quot;,
        &quot;stage&quot;: &quot;Completed&quot;,
        &quot;ea1&quot;: &quot;M01P12&quot;,
        &quot;ea2&quot;: &quot;Mphumalanga&quot;
      }
    },
    {
      &quot;attributes&quot;: {
        &quot;owner&quot;: &quot;DFA&quot;,
        &quot;stage&quot;: &quot;Construction&quot;,
        &quot;ea1&quot;: &quot;AS04573HB001641-01&quot;,
        &quot;ea2&quot;: &quot;None&quot;
      }
    },
    {
      &quot;attributes&quot;: {
        &quot;owner&quot;: &quot;DFA&quot;,
        &quot;stage&quot;: &quot;Construction&quot;,
        &quot;ea1&quot;: &quot;AS04573NB001640&quot;,
        &quot;ea2&quot;: &quot;None&quot;
      }
    },
    {
      &quot;attributes&quot;: {
        &quot;owner&quot;: &quot;DFA&quot;,
        &quot;stage&quot;: &quot;Completed&quot;,
        &quot;ea1&quot;: &quot;NB50P90&quot;,
        &quot;ea2&quot;: &quot;Northern Region&quot;
      }
    },
    {
      &quot;attributes&quot;: {
        &quot;owner&quot;: &quot;DFA&quot;,
        &quot;stage&quot;: &quot;Completed&quot;,
        &quot;ea1&quot;: &quot;NB50P90&quot;,
        &quot;ea2&quot;: &quot;Northern Region&quot;
      }
    },
    {
      &quot;attributes&quot;: {
        &quot;owner&quot;: &quot;DFA&quot;,
        &quot;stage&quot;: &quot;Completed&quot;,
        &quot;ea1&quot;: &quot;NB50P90&quot;,
        &quot;ea2&quot;: &quot;Northern Region&quot;
      }
    },
    {
      &quot;attributes&quot;: {
        &quot;owner&quot;: &quot;DFA&quot;,
        &quot;stage&quot;: &quot;Completed&quot;,
        &quot;ea1&quot;: &quot;NB50P90&quot;,
        &quot;ea2&quot;: &quot;Northern Region&quot;
      }
    },
    {
      &quot;attributes&quot;: {
        &quot;owner&quot;: &quot;DFA&quot;,
        &quot;stage&quot;: &quot;Completed&quot;,
        &quot;ea1&quot;: &quot;NB50P90&quot;,
        &quot;ea2&quot;: &quot;Northern Region&quot;
      }
    },
    {
      &quot;attributes&quot;: {
        &quot;owner&quot;: &quot;DFA&quot;,
        &quot;stage&quot;: &quot;Completed&quot;,
        &quot;ea1&quot;: &quot;NB50P90&quot;,
        &quot;ea2&quot;: &quot;Northern Region&quot;
      }
    },
    {
      &quot;attributes&quot;: {
        &quot;owner&quot;: &quot;DFA&quot;,
        &quot;stage&quot;: &quot;Completed&quot;,
        &quot;ea1&quot;: &quot;NB50P90&quot;,
        &quot;ea2&quot;: &quot;Northern Region&quot;
      }
    },
    {
      &quot;attributes&quot;: {
        &quot;owner&quot;: &quot;DFA&quot;,
        &quot;stage&quot;: &quot;Completed&quot;,
        &quot;ea1&quot;: &quot;NB50P90&quot;,
        &quot;ea2&quot;: &quot;Northern Region&quot;
      }
    },
    {
      &quot;attributes&quot;: {
        &quot;owner&quot;: &quot;DFA&quot;,
        &quot;stage&quot;: &quot;Completed&quot;,
        &quot;ea1&quot;: &quot;NB50P90&quot;,
        &quot;ea2&quot;: &quot;Northern Region&quot;
      }
    },
    {
      &quot;attributes&quot;: {
        &quot;owner&quot;: &quot;DFA&quot;,
        &quot;stage&quot;: &quot;Completed&quot;,
        &quot;ea1&quot;: &quot;NB50P90&quot;,
        &quot;ea2&quot;: &quot;Northern Region&quot;
      }
    },
    {
      &quot;attributes&quot;: {
        &quot;owner&quot;: &quot;DFA&quot;,
        &quot;stage&quot;: &quot;Completed&quot;,
        &quot;ea1&quot;: &quot;NB50P90&quot;,
        &quot;ea2&quot;: &quot;Northern Region&quot;
      }
    },
    {
      &quot;attributes&quot;: {
        &quot;owner&quot;: &quot;DFA&quot;,
        &quot;stage&quot;: &quot;Completed&quot;,
        &quot;ea1&quot;: &quot;NB50P90&quot;,
        &quot;ea2&quot;: &quot;Northern Region&quot;
      }
    },
    {
      &quot;attributes&quot;: {
        &quot;owner&quot;: &quot;DFA&quot;,
        &quot;stage&quot;: &quot;Completed&quot;,
        &quot;ea1&quot;: &quot;NB50P90&quot;,
        &quot;ea2&quot;: &quot;Northern Region&quot;
      }
    },
    {
      &quot;attributes&quot;: {
        &quot;owner&quot;: &quot;DFA&quot;,
        &quot;stage&quot;: &quot;Completed&quot;,
        &quot;ea1&quot;: &quot;NB50P90&quot;,
        &quot;ea2&quot;: &quot;Northern Region&quot;
      }
    },
    {
      &quot;attributes&quot;: {
        &quot;owner&quot;: &quot;DFA&quot;,
        &quot;stage&quot;: &quot;Completed&quot;,
        &quot;ea1&quot;: &quot;NB50P90&quot;,
        &quot;ea2&quot;: &quot;Northern Region&quot;
      }
    },
    {
      &quot;attributes&quot;: {
        &quot;owner&quot;: &quot;DFA&quot;,
        &quot;stage&quot;: &quot;Completed&quot;,
        &quot;ea1&quot;: &quot;NB50P90&quot;,
        &quot;ea2&quot;: &quot;Northern Region&quot;
      }
    },
    {
      &quot;attributes&quot;: {
        &quot;owner&quot;: &quot;DFA&quot;,
        &quot;stage&quot;: &quot;Completed&quot;,
        &quot;ea1&quot;: &quot;NB50P90&quot;,
        &quot;ea2&quot;: &quot;Northern Region&quot;
      }
    },
    {
      &quot;attributes&quot;: {
        &quot;owner&quot;: &quot;DFA&quot;,
        &quot;stage&quot;: &quot;Completed&quot;,
        &quot;ea1&quot;: &quot;AS00144BH021031&quot;,
        &quot;ea2&quot;: &quot;Northern Region&quot;
      }
    },
    {
      &quot;attributes&quot;: {
        &quot;owner&quot;: &quot;DFA&quot;,
        &quot;stage&quot;: &quot;Completed&quot;,
        &quot;ea1&quot;: &quot;G52P68&quot;,
        &quot;ea2&quot;: &quot;Gauteng South&quot;
      }
    },
    {
      &quot;attributes&quot;: {
        &quot;owner&quot;: &quot;DFA&quot;,
        &quot;stage&quot;: &quot;Completed&quot;,
        &quot;ea1&quot;: &quot;G52P68&quot;,
        &quot;ea2&quot;: &quot;Gauteng South&quot;
      }
    },
    {
      &quot;attributes&quot;: {
        &quot;owner&quot;: &quot;DFA&quot;,
        &quot;stage&quot;: &quot;Completed&quot;,
        &quot;ea1&quot;: &quot;G52P68&quot;,
        &quot;ea2&quot;: &quot;Gauteng South&quot;
      }
    },
    {
      &quot;attributes&quot;: {
        &quot;owner&quot;: &quot;DFA&quot;,
        &quot;stage&quot;: &quot;Completed&quot;,
        &quot;ea1&quot;: &quot;G52P87&quot;,
        &quot;ea2&quot;: &quot;Gauteng South&quot;
      }
    },
    {
      &quot;attributes&quot;: {
        &quot;owner&quot;: &quot;DFA&quot;,
        &quot;stage&quot;: &quot;Completed&quot;,
        &quot;ea1&quot;: &quot;G52P87&quot;,
        &quot;ea2&quot;: &quot;Gauteng South&quot;
      }
    },
    {
      &quot;attributes&quot;: {
        &quot;owner&quot;: &quot;DFA&quot;,
        &quot;stage&quot;: &quot;Completed&quot;,
        &quot;ea1&quot;: &quot;G52P87&quot;,
        &quot;ea2&quot;: &quot;Gauteng South&quot;
      }
    },
    {
      &quot;attributes&quot;: {
        &quot;owner&quot;: &quot;DFA&quot;,
        &quot;stage&quot;: &quot;Completed&quot;,
        &quot;ea1&quot;: &quot;G52P87&quot;,
        &quot;ea2&quot;: &quot;Gauteng South&quot;
      }
    },
    {
      &quot;attributes&quot;: {
        &quot;owner&quot;: &quot;DFA&quot;,
        &quot;stage&quot;: &quot;Completed&quot;,
        &quot;ea1&quot;: &quot;G52P87&quot;,
        &quot;ea2&quot;: &quot;Gauteng South&quot;
      }
    },
    {
      &quot;attributes&quot;: {
        &quot;owner&quot;: &quot;DFA&quot;,
        &quot;stage&quot;: &quot;Completed&quot;,
        &quot;ea1&quot;: &quot;G52P87&quot;,
        &quot;ea2&quot;: &quot;Gauteng South&quot;
      }
    },
    {
      &quot;attributes&quot;: {
        &quot;owner&quot;: &quot;DFA&quot;,
        &quot;stage&quot;: &quot;Completed&quot;,
        &quot;ea1&quot;: &quot;G52P87&quot;,
        &quot;ea2&quot;: &quot;Gauteng South&quot;
      }
    },
    {
      &quot;attributes&quot;: {
        &quot;owner&quot;: &quot;DFA&quot;,
        &quot;stage&quot;: &quot;Completed&quot;,
        &quot;ea1&quot;: &quot;G52P87&quot;,
        &quot;ea2&quot;: &quot;Gauteng South&quot;
      }
    },
    {
      &quot;attributes&quot;: {
        &quot;owner&quot;: &quot;DFA&quot;,
        &quot;stage&quot;: &quot;Completed&quot;,
        &quot;ea1&quot;: &quot;G52P87&quot;,
        &quot;ea2&quot;: &quot;Gauteng South&quot;
      }
    },
    {
      &quot;attributes&quot;: {
        &quot;owner&quot;: &quot;DFA&quot;,
        &quot;stage&quot;: &quot;Completed&quot;,
        &quot;ea1&quot;: &quot;G52P87&quot;,
        &quot;ea2&quot;: &quot;Gauteng South&quot;
      }
    },
    {
      &quot;attributes&quot;: {
        &quot;owner&quot;: &quot;DFA&quot;,
        &quot;stage&quot;: &quot;Completed&quot;,
        &quot;ea1&quot;: &quot;G52P87&quot;,
        &quot;ea2&quot;: &quot;Gauteng South&quot;
      }
    },
    {
      &quot;attributes&quot;: {
        &quot;owner&quot;: &quot;DFA&quot;,
        &quot;stage&quot;: &quot;Completed&quot;,
        &quot;ea1&quot;: &quot;G52P87&quot;,
        &quot;ea2&quot;: &quot;Gauteng South&quot;
      }
    },
    {
      &quot;attributes&quot;: {
        &quot;owner&quot;: &quot;DFA&quot;,
        &quot;stage&quot;: &quot;Completed&quot;,
        &quot;ea1&quot;: &quot;G52P87&quot;,
        &quot;ea2&quot;: &quot;Gauteng South&quot;
      }
    },
    {
      &quot;attributes&quot;: {
        &quot;owner&quot;: &quot;DFA&quot;,
        &quot;stage&quot;: &quot;Completed&quot;,
        &quot;ea1&quot;: &quot;G52P87&quot;,
        &quot;ea2&quot;: &quot;Gauteng South&quot;
      }
    },
    {
      &quot;attributes&quot;: {
        &quot;owner&quot;: &quot;DFA&quot;,
        &quot;stage&quot;: &quot;Completed&quot;,
        &quot;ea1&quot;: &quot;G52P87&quot;,
        &quot;ea2&quot;: &quot;Gauteng South&quot;
      }
    },
    {
      &quot;attributes&quot;: {
        &quot;owner&quot;: &quot;DFA&quot;,
        &quot;stage&quot;: &quot;Completed&quot;,
        &quot;ea1&quot;: &quot;G52P87&quot;,
        &quot;ea2&quot;: &quot;Gauteng South&quot;
      }
    },
    {
      &quot;attributes&quot;: {
        &quot;owner&quot;: &quot;DFA&quot;,
        &quot;stage&quot;: &quot;Completed&quot;,
        &quot;ea1&quot;: &quot;G52P87&quot;,
        &quot;ea2&quot;: &quot;Gauteng South&quot;
      }
    },
    {
      &quot;attributes&quot;: {
        &quot;owner&quot;: &quot;DFA&quot;,
        &quot;stage&quot;: &quot;Completed&quot;,
        &quot;ea1&quot;: &quot;G52P87&quot;,
        &quot;ea2&quot;: &quot;Gauteng South&quot;
      }
    },
    {
      &quot;attributes&quot;: {
        &quot;owner&quot;: &quot;DFA&quot;,
        &quot;stage&quot;: &quot;Completed&quot;,
        &quot;ea1&quot;: &quot;G52P87&quot;,
        &quot;ea2&quot;: &quot;Gauteng South&quot;
      }
    },
    {
      &quot;attributes&quot;: {
        &quot;owner&quot;: &quot;DFA&quot;,
        &quot;stage&quot;: &quot;Construction&quot;,
        &quot;ea1&quot;: &quot;none&quot;,
        &quot;ea2&quot;: &quot;None&quot;
      }
    },
    {
      &quot;attributes&quot;: {
        &quot;owner&quot;: &quot;DFA&quot;,
        &quot;stage&quot;: &quot;Construction&quot;,
        &quot;ea1&quot;: &quot;none&quot;,
        &quot;ea2&quot;: &quot;None&quot;
      }
    },
    {
      &quot;attributes&quot;: {
        &quot;owner&quot;: &quot;DFA&quot;,
        &quot;stage&quot;: &quot;Construction&quot;,
        &quot;ea1&quot;: &quot;none&quot;,
        &quot;ea2&quot;: &quot;None&quot;
      }
    },
    {
      &quot;attributes&quot;: {
        &quot;owner&quot;: &quot;DFA&quot;,
        &quot;stage&quot;: &quot;Construction&quot;,
        &quot;ea1&quot;: &quot;none&quot;,
        &quot;ea2&quot;: &quot;None&quot;
      }
    },
    {
      &quot;attributes&quot;: {
        &quot;owner&quot;: &quot;DFA&quot;,
        &quot;stage&quot;: &quot;Completed&quot;,
        &quot;ea1&quot;: &quot;G52P90&quot;,
        &quot;ea2&quot;: &quot;Gauteng South&quot;
      }
    },
    {
      &quot;attributes&quot;: {
        &quot;owner&quot;: &quot;DFA&quot;,
        &quot;stage&quot;: &quot;Completed&quot;,
        &quot;ea1&quot;: &quot;G52P90&quot;,
        &quot;ea2&quot;: &quot;Gauteng South&quot;
      }
    },
    {
      &quot;attributes&quot;: {
        &quot;owner&quot;: &quot;DFA&quot;,
        &quot;stage&quot;: &quot;Completed&quot;,
        &quot;ea1&quot;: &quot;G50P29&quot;,
        &quot;ea2&quot;: &quot;Gauteng South&quot;
      }
    },
    {
      &quot;attributes&quot;: {
        &quot;owner&quot;: &quot;DFA&quot;,
        &quot;stage&quot;: &quot;Completed&quot;,
        &quot;ea1&quot;: &quot;G50P29&quot;,
        &quot;ea2&quot;: &quot;Gauteng South&quot;
      }
    },
    {
      &quot;attributes&quot;: {
        &quot;owner&quot;: &quot;DFA&quot;,
        &quot;stage&quot;: &quot;Completed&quot;,
        &quot;ea1&quot;: &quot;G50P29&quot;,
        &quot;ea2&quot;: &quot;Gauteng South&quot;
      }
    },
    {
      &quot;attributes&quot;: {
        &quot;owner&quot;: &quot;DFA&quot;,
        &quot;stage&quot;: &quot;Completed&quot;,
        &quot;ea1&quot;: &quot;G50P29&quot;,
        &quot;ea2&quot;: &quot;Gauteng South&quot;
      }
    },
    {
      &quot;attributes&quot;: {
        &quot;owner&quot;: &quot;DFA&quot;,
        &quot;stage&quot;: &quot;Completed&quot;,
        &quot;ea1&quot;: &quot;G50P29&quot;,
        &quot;ea2&quot;: &quot;Gauteng South&quot;
      }
    },
    {
      &quot;attributes&quot;: {
        &quot;owner&quot;: &quot;DFA&quot;,
        &quot;stage&quot;: &quot;Completed&quot;,
        &quot;ea1&quot;: &quot;G50P29&quot;,
        &quot;ea2&quot;: &quot;Gauteng South&quot;
      }
    },
    {
      &quot;attributes&quot;: {
        &quot;owner&quot;: &quot;DFA&quot;,
        &quot;stage&quot;: &quot;Completed&quot;,
        &quot;ea1&quot;: &quot;G50P29&quot;,
        &quot;ea2&quot;: &quot;Gauteng South&quot;
      }
    },
    {
      &quot;attributes&quot;: {
        &quot;owner&quot;: &quot;DFA&quot;,
        &quot;stage&quot;: &quot;Completed&quot;,
        &quot;ea1&quot;: &quot;G50P29&quot;,
        &quot;ea2&quot;: &quot;Gauteng South&quot;
      }
    },
    {
      &quot;attributes&quot;: {
        &quot;owner&quot;: &quot;DFA&quot;,
        &quot;stage&quot;: &quot;Completed&quot;,
        &quot;ea1&quot;: &quot;G50P29&quot;,
        &quot;ea2&quot;: &quot;Gauteng South&quot;
      }
    },
    {
      &quot;attributes&quot;: {
        &quot;owner&quot;: &quot;DFA&quot;,
        &quot;stage&quot;: &quot;Completed&quot;,
        &quot;ea1&quot;: &quot;G50P29&quot;,
        &quot;ea2&quot;: &quot;Gauteng South&quot;
      }
    },
    {
      &quot;attributes&quot;: {
        &quot;owner&quot;: &quot;DFA&quot;,
        &quot;stage&quot;: &quot;Completed&quot;,
        &quot;ea1&quot;: &quot;G50P29&quot;,
        &quot;ea2&quot;: &quot;Gauteng South&quot;
      }
    },
    {
      &quot;attributes&quot;: {
        &quot;owner&quot;: &quot;DFA&quot;,
        &quot;stage&quot;: &quot;Completed&quot;,
        &quot;ea1&quot;: &quot;G50P29&quot;,
        &quot;ea2&quot;: &quot;Gauteng South&quot;
      }
    },
    {
      &quot;attributes&quot;: {
        &quot;owner&quot;: &quot;DFA&quot;,
        &quot;stage&quot;: &quot;Completed&quot;,
        &quot;ea1&quot;: &quot;G50P29&quot;,
        &quot;ea2&quot;: &quot;Gauteng South&quot;
      }
    },
    {
      &quot;attributes&quot;: {
        &quot;owner&quot;: &quot;DFA&quot;,
        &quot;stage&quot;: &quot;Completed&quot;,
        &quot;ea1&quot;: &quot;G50P29&quot;,
        &quot;ea2&quot;: &quot;Gauteng South&quot;
      }
    },
    {
      &quot;attributes&quot;: {
        &quot;owner&quot;: &quot;DFA&quot;,
        &quot;stage&quot;: &quot;Completed&quot;,
        &quot;ea1&quot;: &quot;G50P29&quot;,
        &quot;ea2&quot;: &quot;Gauteng South&quot;
      }
    },
    {
      &quot;attributes&quot;: {
        &quot;owner&quot;: &quot;DFA&quot;,
        &quot;stage&quot;: &quot;Completed&quot;,
        &quot;ea1&quot;: &quot;G50P29&quot;,
        &quot;ea2&quot;: &quot;Gauteng South&quot;
      }
    },
    {
      &quot;attributes&quot;: {
        &quot;owner&quot;: &quot;DFA&quot;,
        &quot;stage&quot;: &quot;Completed&quot;,
        &quot;ea1&quot;: &quot;G50P29&quot;,
        &quot;ea2&quot;: &quot;Gauteng South&quot;
      }
    },
    {
      &quot;attributes&quot;: {
        &quot;owner&quot;: &quot;DFA&quot;,
        &quot;stage&quot;: &quot;Completed&quot;,
        &quot;ea1&quot;: &quot;G50P29&quot;,
        &quot;ea2&quot;: &quot;Gauteng South&quot;
      }
    },
    {
      &quot;attributes&quot;: {
        &quot;owner&quot;: &quot;DFA&quot;,
        &quot;stage&quot;: &quot;Completed&quot;,
        &quot;ea1&quot;: &quot;G50P29&quot;,
        &quot;ea2&quot;: &quot;Gauteng South&quot;
      }
    },
    {
      &quot;attributes&quot;: {
        &quot;owner&quot;: &quot;DFA&quot;,
        &quot;stage&quot;: &quot;Construction&quot;,
        &quot;ea1&quot;: &quot;none&quot;,
        &quot;ea2&quot;: &quot;None&quot;
      }
    },
    {
      &quot;attributes&quot;: {
        &quot;owner&quot;: &quot;DFA&quot;,
        &quot;stage&quot;: &quot;Completed&quot;,
        &quot;ea1&quot;: &quot;G50P29&quot;,
        &quot;ea2&quot;: &quot;Gauteng South&quot;
      }
    },
    {
      &quot;attributes&quot;: {
        &quot;owner&quot;: &quot;DFA&quot;,
        &quot;stage&quot;: &quot;Completed&quot;,
        &quot;ea1&quot;: &quot;G50P29&quot;,
        &quot;ea2&quot;: &quot;Gauteng South&quot;
      }
    },
    {
      &quot;attributes&quot;: {
        &quot;owner&quot;: &quot;DFA&quot;,
        &quot;stage&quot;: &quot;Completed&quot;,
        &quot;ea1&quot;: &quot;G50P29&quot;,
        &quot;ea2&quot;: &quot;Gauteng South&quot;
      }
    },
    {
      &quot;attributes&quot;: {
        &quot;owner&quot;: &quot;DFA&quot;,
        &quot;stage&quot;: &quot;Completed&quot;,
        &quot;ea1&quot;: &quot;G50P29&quot;,
        &quot;ea2&quot;: &quot;Gauteng South&quot;
      }
    },
    {
      &quot;attributes&quot;: {
        &quot;owner&quot;: &quot;DFA&quot;,
        &quot;stage&quot;: &quot;Completed&quot;,
        &quot;ea1&quot;: &quot;G50P29&quot;,
        &quot;ea2&quot;: &quot;Gauteng South&quot;
      }
    },
    {
      &quot;attributes&quot;: {
        &quot;owner&quot;: &quot;DFA&quot;,
        &quot;stage&quot;: &quot;Completed&quot;,
        &quot;ea1&quot;: &quot;G50P29&quot;,
        &quot;ea2&quot;: &quot;Gauteng South&quot;
      }
    },
    {
      &quot;attributes&quot;: {
        &quot;owner&quot;: &quot;DFA&quot;,
        &quot;stage&quot;: &quot;Completed&quot;,
        &quot;ea1&quot;: &quot;G50P29&quot;,
        &quot;ea2&quot;: &quot;Gauteng South&quot;
      }
    },
    {
      &quot;attributes&quot;: {
        &quot;owner&quot;: &quot;DFA&quot;,
        &quot;stage&quot;: &quot;Completed&quot;,
        &quot;ea1&quot;: &quot;G50P29&quot;,
        &quot;ea2&quot;: &quot;Gauteng South&quot;
      }
    },
    {
      &quot;attributes&quot;: {
        &quot;owner&quot;: &quot;DFA&quot;,
        &quot;stage&quot;: &quot;Completed&quot;,
        &quot;ea1&quot;: &quot;G50P29&quot;,
        &quot;ea2&quot;: &quot;Gauteng South&quot;
      }
    },
    {
      &quot;attributes&quot;: {
        &quot;owner&quot;: &quot;DFA&quot;,
        &quot;stage&quot;: &quot;Completed&quot;,
        &quot;ea1&quot;: &quot;G50P29&quot;,
        &quot;ea2&quot;: &quot;Gauteng South&quot;
      }
    },
    {
      &quot;attributes&quot;: {
        &quot;owner&quot;: &quot;DFA&quot;,
        &quot;stage&quot;: &quot;Completed&quot;,
        &quot;ea1&quot;: &quot;G50P29&quot;,
        &quot;ea2&quot;: &quot;Gauteng South&quot;
      }
    },
    {
      &quot;attributes&quot;: {
        &quot;owner&quot;: &quot;DFA&quot;,
        &quot;stage&quot;: &quot;Completed&quot;,
        &quot;ea1&quot;: &quot;G50P29&quot;,
        &quot;ea2&quot;: &quot;Gauteng South&quot;
      }
    },
    {
      &quot;attributes&quot;: {
        &quot;owner&quot;: &quot;DFA&quot;,
        &quot;stage&quot;: &quot;Completed&quot;,
        &quot;ea1&quot;: &quot;G50P29&quot;,
        &quot;ea2&quot;: &quot;Gauteng South&quot;
      }
    },
    {
      &quot;attributes&quot;: {
        &quot;owner&quot;: &quot;DFA&quot;,
        &quot;stage&quot;: &quot;Completed&quot;,
        &quot;ea1&quot;: &quot;G50P29&quot;,
        &quot;ea2&quot;: &quot;Gauteng South&quot;
      }
    },
    {
      &quot;attributes&quot;: {
        &quot;owner&quot;: &quot;DFA&quot;,
        &quot;stage&quot;: &quot;Completed&quot;,
        &quot;ea1&quot;: &quot;G50P29&quot;,
        &quot;ea2&quot;: &quot;Gauteng South&quot;
      }
    },
    {
      &quot;attributes&quot;: {
        &quot;owner&quot;: &quot;DFA&quot;,
        &quot;stage&quot;: &quot;Completed&quot;,
        &quot;ea1&quot;: &quot;G50P29&quot;,
        &quot;ea2&quot;: &quot;Gauteng South&quot;
      }
    },
    {
      &quot;attributes&quot;: {
        &quot;owner&quot;: &quot;DFA&quot;,
        &quot;stage&quot;: &quot;Completed&quot;,
        &quot;ea1&quot;: &quot;G50P29&quot;,
        &quot;ea2&quot;: &quot;Gauteng South&quot;
      }
    },
    {
      &quot;attributes&quot;: {
        &quot;owner&quot;: &quot;DFA&quot;,
        &quot;stage&quot;: &quot;Completed&quot;,
        &quot;ea1&quot;: &quot;G50P29&quot;,
        &quot;ea2&quot;: &quot;Gauteng South&quot;
      }
    },
    {
      &quot;attributes&quot;: {
        &quot;owner&quot;: &quot;DFA&quot;,
        &quot;stage&quot;: &quot;Completed&quot;,
        &quot;ea1&quot;: &quot;G50P29&quot;,
        &quot;ea2&quot;: &quot;Gauteng South&quot;
      }
    },
    {
      &quot;attributes&quot;: {
        &quot;owner&quot;: &quot;DFA&quot;,
        &quot;stage&quot;: &quot;Completed&quot;,
        &quot;ea1&quot;: &quot;G50P29&quot;,
        &quot;ea2&quot;: &quot;Gauteng South&quot;
      }
    },
    {
      &quot;attributes&quot;: {
        &quot;owner&quot;: &quot;DFA&quot;,
        &quot;stage&quot;: &quot;Completed&quot;,
        &quot;ea1&quot;: &quot;G50P29&quot;,
        &quot;ea2&quot;: &quot;Gauteng South&quot;
      }
    },
    {
      &quot;attributes&quot;: {
        &quot;owner&quot;: &quot;DFA&quot;,
        &quot;stage&quot;: &quot;Completed&quot;,
        &quot;ea1&quot;: &quot;G50P29&quot;,
        &quot;ea2&quot;: &quot;Gauteng South&quot;
      }
    },
    {
      &quot;attributes&quot;: {
        &quot;owner&quot;: &quot;DFA&quot;,
        &quot;stage&quot;: &quot;Completed&quot;,
        &quot;ea1&quot;: &quot;AS00735GH220001&quot;,
        &quot;ea2&quot;: &quot;Northern Region&quot;
      }
    },
    {
      &quot;attributes&quot;: {
        &quot;owner&quot;: &quot;DFA&quot;,
        &quot;stage&quot;: &quot;Completed&quot;,
        &quot;ea1&quot;: &quot;G53P75&quot;,
        &quot;ea2&quot;: &quot;Gauteng South&quot;
      }
    },
    {
      &quot;attributes&quot;: {
        &quot;owner&quot;: &quot;DFA&quot;,
        &quot;stage&quot;: &quot;Completed&quot;,
        &quot;ea1&quot;: &quot;G53P75&quot;,
        &quot;ea2&quot;: &quot;Gauteng South&quot;
      }
    },
    {
      &quot;attributes&quot;: {
        &quot;owner&quot;: &quot;DFA&quot;,
        &quot;stage&quot;: &quot;Completed&quot;,
        &quot;ea1&quot;: &quot;G53P75&quot;,
        &quot;ea2&quot;: &quot;Gauteng South&quot;
      }
    },
    {
      &quot;attributes&quot;: {
        &quot;owner&quot;: &quot;DFA&quot;,
        &quot;stage&quot;: &quot;Completed&quot;,
        &quot;ea1&quot;: &quot;G53P75&quot;,
        &quot;ea2&quot;: &quot;Gauteng South&quot;
      }
    },
    {
      &quot;attributes&quot;: {
        &quot;owner&quot;: &quot;DFA&quot;,
        &quot;stage&quot;: &quot;Completed&quot;,
        &quot;ea1&quot;: &quot;G53P75&quot;,
        &quot;ea2&quot;: &quot;Gauteng South&quot;
      }
    },
    {
      &quot;attributes&quot;: {
        &quot;owner&quot;: &quot;DFA&quot;,
        &quot;stage&quot;: &quot;Completed&quot;,
        &quot;ea1&quot;: &quot;K20P21&quot;,
        &quot;ea2&quot;: &quot;Kwa-Zulu Natal&quot;
      }
    },
    {
      &quot;attributes&quot;: {
        &quot;owner&quot;: &quot;DFA&quot;,
        &quot;stage&quot;: &quot;Completed&quot;,
        &quot;ea1&quot;: &quot;K20P21&quot;,
        &quot;ea2&quot;: &quot;Kwa-Zulu Natal&quot;
      }
    },
    {
      &quot;attributes&quot;: {
        &quot;owner&quot;: &quot;DFA&quot;,
        &quot;stage&quot;: &quot;Completed&quot;,
        &quot;ea1&quot;: &quot;K20P21&quot;,
        &quot;ea2&quot;: &quot;Kwa-Zulu Natal&quot;
      }
    },
    {
      &quot;attributes&quot;: {
        &quot;owner&quot;: &quot;DFA&quot;,
        &quot;stage&quot;: &quot;Completed&quot;,
        &quot;ea1&quot;: &quot;K20P21&quot;,
        &quot;ea2&quot;: &quot;Kwa-Zulu Natal&quot;
      }
    },
    {
      &quot;attributes&quot;: {
        &quot;owner&quot;: &quot;DFA&quot;,
        &quot;stage&quot;: &quot;Completed&quot;,
        &quot;ea1&quot;: &quot;K20P21&quot;,
        &quot;ea2&quot;: &quot;Kwa-Zulu Natal&quot;
      }
    },
    {
      &quot;attributes&quot;: {
        &quot;owner&quot;: &quot;DFA&quot;,
        &quot;stage&quot;: &quot;Completed&quot;,
        &quot;ea1&quot;: &quot;K20P21&quot;,
        &quot;ea2&quot;: &quot;Kwa-Zulu Natal&quot;
      }
    },
    {
      &quot;attributes&quot;: {
        &quot;owner&quot;: &quot;DFA&quot;,
        &quot;stage&quot;: &quot;Completed&quot;,
        &quot;ea1&quot;: &quot;AS03947WH280510B&quot;,
        &quot;ea2&quot;: &quot;Western Region&quot;
      }
    },
    {
      &quot;attributes&quot;: {
        &quot;owner&quot;: &quot;DFA&quot;,
        &quot;stage&quot;: &quot;Completed&quot;,
        &quot;ea1&quot;: &quot;K20P21&quot;,
        &quot;ea2&quot;: &quot;Kwa-Zulu Natal&quot;
      }
    },
    {
      &quot;attributes&quot;: {
        &quot;owner&quot;: &quot;DFA&quot;,
        &quot;stage&quot;: &quot;Construction&quot;,
        &quot;ea1&quot;: &quot;none&quot;,
        &quot;ea2&quot;: &quot;None&quot;
      }
    },
    {
      &quot;attributes&quot;: {
        &quot;owner&quot;: &quot;DFA&quot;,
        &quot;stage&quot;: &quot;Completed&quot;,
        &quot;ea1&quot;: &quot;AS00789GH301491A&quot;,
        &quot;ea2&quot;: &quot;Northern Region&quot;
      }
    },
    {
      &quot;attributes&quot;: {
        &quot;owner&quot;: &quot;DFA&quot;,
        &quot;stage&quot;: &quot;Completed&quot;,
        &quot;ea1&quot;: &quot;W50P19&quot;,
        &quot;ea2&quot;: &quot;Western Region&quot;
      }
    },
    {
      &quot;attributes&quot;: {
        &quot;owner&quot;: &quot;DFA&quot;,
        &quot;stage&quot;: &quot;Completed&quot;,
        &quot;ea1&quot;: &quot;W50P19&quot;,
        &quot;ea2&quot;: &quot;Western Region&quot;
      }
    },
    {
      &quot;attributes&quot;: {
        &quot;owner&quot;: &quot;DFA&quot;,
        &quot;stage&quot;: &quot;Completed&quot;,
        &quot;ea1&quot;: &quot;K50P40&quot;,
        &quot;ea2&quot;: &quot;Kwa-Zulu Natal&quot;
      }
    },
    {
      &quot;attributes&quot;: {
        &quot;owner&quot;: &quot;DFA&quot;,
        &quot;stage&quot;: &quot;Completed&quot;,
        &quot;ea1&quot;: &quot;K50P40&quot;,
        &quot;ea2&quot;: &quot;Kwa-Zulu Natal&quot;
      }
    },
    {
      &quot;attributes&quot;: {
        &quot;owner&quot;: &quot;DFA&quot;,
        &quot;stage&quot;: &quot;Completed&quot;,
        &quot;ea1&quot;: &quot;W51P07&quot;,
        &quot;ea2&quot;: &quot;Western Region&quot;
      }
    },
    {
      &quot;attributes&quot;: {
        &quot;owner&quot;: &quot;DFA&quot;,
        &quot;stage&quot;: &quot;Completed&quot;,
        &quot;ea1&quot;: &quot;W51P07&quot;,
        &quot;ea2&quot;: &quot;Western Region&quot;
      }
    },
    {
      &quot;attributes&quot;: {
        &quot;owner&quot;: &quot;DFA&quot;,
        &quot;stage&quot;: &quot;Completed&quot;,
        &quot;ea1&quot;: &quot;W51P07&quot;,
        &quot;ea2&quot;: &quot;Western Region&quot;
      }
    },
    {
      &quot;attributes&quot;: {
        &quot;owner&quot;: &quot;DFA&quot;,
        &quot;stage&quot;: &quot;Completed&quot;,
        &quot;ea1&quot;: &quot;W51P07&quot;,
        &quot;ea2&quot;: &quot;Western Region&quot;
      }
    },
    {
      &quot;attributes&quot;: {
        &quot;owner&quot;: &quot;DFA&quot;,
        &quot;stage&quot;: &quot;Completed&quot;,
        &quot;ea1&quot;: &quot;W51P07&quot;,
        &quot;ea2&quot;: &quot;Western Region&quot;
      }
    },
    {
      &quot;attributes&quot;: {
        &quot;owner&quot;: &quot;DFA&quot;,
        &quot;stage&quot;: &quot;Completed&quot;,
        &quot;ea1&quot;: &quot;W51P07&quot;,
        &quot;ea2&quot;: &quot;Western Region&quot;
      }
    },
    {
      &quot;attributes&quot;: {
        &quot;owner&quot;: &quot;DFA&quot;,
        &quot;stage&quot;: &quot;Completed&quot;,
        &quot;ea1&quot;: &quot;W51P07&quot;,
        &quot;ea2&quot;: &quot;Western Region&quot;
      }
    },
    {
      &quot;attributes&quot;: {
        &quot;owner&quot;: &quot;DFA&quot;,
        &quot;stage&quot;: &quot;Completed&quot;,
        &quot;ea1&quot;: &quot;W51P07&quot;,
        &quot;ea2&quot;: &quot;Western Region&quot;
      }
    },
    {
      &quot;attributes&quot;: {
        &quot;owner&quot;: &quot;DFA&quot;,
        &quot;stage&quot;: &quot;Construction&quot;,
        &quot;ea1&quot;: &quot;Greenway Drive Entry 1&quot;,
        &quot;ea2&quot;: &quot;Gauteng South&quot;
      }
    },
    {
      &quot;attributes&quot;: {
        &quot;owner&quot;: &quot;DFA&quot;,
        &quot;stage&quot;: &quot;Completed&quot;,
        &quot;ea1&quot;: &quot;G52P75&quot;,
        &quot;ea2&quot;: &quot;Gauteng South&quot;
      }
    },
    {
      &quot;attributes&quot;: {
        &quot;owner&quot;: &quot;DFA&quot;,
        &quot;stage&quot;: &quot;Completed&quot;,
        &quot;ea1&quot;: &quot;G52P75&quot;,
        &quot;ea2&quot;: &quot;Gauteng South&quot;
      }
    },
    {
      &quot;attributes&quot;: {
        &quot;owner&quot;: &quot;DFA&quot;,
        &quot;stage&quot;: &quot;Completed&quot;,
        &quot;ea1&quot;: &quot;G52P75&quot;,
        &quot;ea2&quot;: &quot;Gauteng South&quot;
      }
    },
    {
      &quot;attributes&quot;: {
        &quot;owner&quot;: &quot;DFA&quot;,
        &quot;stage&quot;: &quot;Completed&quot;,
        &quot;ea1&quot;: &quot;G52P75&quot;,
        &quot;ea2&quot;: &quot;Gauteng South&quot;
      }
    },
    {
      &quot;attributes&quot;: {
        &quot;owner&quot;: &quot;DFA&quot;,
        &quot;stage&quot;: &quot;Completed&quot;,
        &quot;ea1&quot;: &quot;G52P75&quot;,
        &quot;ea2&quot;: &quot;Gauteng South&quot;
      }
    },
    {
      &quot;attributes&quot;: {
        &quot;owner&quot;: &quot;DFA&quot;,
        &quot;stage&quot;: &quot;Completed&quot;,
        &quot;ea1&quot;: &quot;G52P75&quot;,
        &quot;ea2&quot;: &quot;Gauteng South&quot;
      }
    },
    {
      &quot;attributes&quot;: {
        &quot;owner&quot;: &quot;DFA&quot;,
        &quot;stage&quot;: &quot;Completed&quot;,
        &quot;ea1&quot;: &quot;G52P75&quot;,
        &quot;ea2&quot;: &quot;Gauteng South&quot;
      }
    },
    {
      &quot;attributes&quot;: {
        &quot;owner&quot;: &quot;DFA&quot;,
        &quot;stage&quot;: &quot;Completed&quot;,
        &quot;ea1&quot;: &quot;G52P75&quot;,
        &quot;ea2&quot;: &quot;Gauteng South&quot;
      }
    },
    {
      &quot;attributes&quot;: {
        &quot;owner&quot;: &quot;DFA&quot;,
        &quot;stage&quot;: &quot;Completed&quot;,
        &quot;ea1&quot;: &quot;G52P75&quot;,
        &quot;ea2&quot;: &quot;Gauteng South&quot;
      }
    },
    {
      &quot;attributes&quot;: {
        &quot;owner&quot;: &quot;DFA&quot;,
        &quot;stage&quot;: &quot;Completed&quot;,
        &quot;ea1&quot;: &quot;G52P75&quot;,
        &quot;ea2&quot;: &quot;Gauteng South&quot;
      }
    },
    {
      &quot;attributes&quot;: {
        &quot;owner&quot;: &quot;DFA&quot;,
        &quot;stage&quot;: &quot;Completed&quot;,
        &quot;ea1&quot;: &quot;G52P75&quot;,
        &quot;ea2&quot;: &quot;Gauteng South&quot;
      }
    },
    {
      &quot;attributes&quot;: {
        &quot;owner&quot;: &quot;DFA&quot;,
        &quot;stage&quot;: &quot;Completed&quot;,
        &quot;ea1&quot;: &quot;G52P75&quot;,
        &quot;ea2&quot;: &quot;Gauteng South&quot;
      }
    },
    {
      &quot;attributes&quot;: {
        &quot;owner&quot;: &quot;DFA&quot;,
        &quot;stage&quot;: &quot;Completed&quot;,
        &quot;ea1&quot;: &quot;G52P75&quot;,
        &quot;ea2&quot;: &quot;Gauteng South&quot;
      }
    },
    {
      &quot;attributes&quot;: {
        &quot;owner&quot;: &quot;DFA&quot;,
        &quot;stage&quot;: &quot;Completed&quot;,
        &quot;ea1&quot;: &quot;G52P75&quot;,
        &quot;ea2&quot;: &quot;Gauteng South&quot;
      }
    },
    {
      &quot;attributes&quot;: {
        &quot;owner&quot;: &quot;DFA&quot;,
        &quot;stage&quot;: &quot;Completed&quot;,
        &quot;ea1&quot;: &quot;G52P75&quot;,
        &quot;ea2&quot;: &quot;Gauteng South&quot;
      }
    },
    {
      &quot;attributes&quot;: {
        &quot;owner&quot;: &quot;DFA&quot;,
        &quot;stage&quot;: &quot;Completed&quot;,
        &quot;ea1&quot;: &quot;G52P75&quot;,
        &quot;ea2&quot;: &quot;Gauteng South&quot;
      }
    },
    {
      &quot;attributes&quot;: {
        &quot;owner&quot;: &quot;DFA&quot;,
        &quot;stage&quot;: &quot;Completed&quot;,
        &quot;ea1&quot;: &quot;G52P75&quot;,
        &quot;ea2&quot;: &quot;Gauteng South&quot;
      }
    },
    {
      &quot;attributes&quot;: {
        &quot;owner&quot;: &quot;DFA&quot;,
        &quot;stage&quot;: &quot;Completed&quot;,
        &quot;ea1&quot;: &quot;G52P75&quot;,
        &quot;ea2&quot;: &quot;Gauteng South&quot;
      }
    },
    {
      &quot;attributes&quot;: {
        &quot;owner&quot;: &quot;DFA&quot;,
        &quot;stage&quot;: &quot;Completed&quot;,
        &quot;ea1&quot;: &quot;G52P75&quot;,
        &quot;ea2&quot;: &quot;Gauteng South&quot;
      }
    },
    {
      &quot;attributes&quot;: {
        &quot;owner&quot;: &quot;DFA&quot;,
        &quot;stage&quot;: &quot;Completed&quot;,
        &quot;ea1&quot;: &quot;G52P75&quot;,
        &quot;ea2&quot;: &quot;Gauteng South&quot;
      }
    },
    {
      &quot;attributes&quot;: {
        &quot;owner&quot;: &quot;DFA&quot;,
        &quot;stage&quot;: &quot;Completed&quot;,
        &quot;ea1&quot;: &quot;G52P75&quot;,
        &quot;ea2&quot;: &quot;Gauteng South&quot;
      }
    },
    {
      &quot;attributes&quot;: {
        &quot;owner&quot;: &quot;DFA&quot;,
        &quot;stage&quot;: &quot;Completed&quot;,
        &quot;ea1&quot;: &quot;W50P23&quot;,
        &quot;ea2&quot;: &quot;Western Region&quot;
      }
    },
    {
      &quot;attributes&quot;: {
        &quot;owner&quot;: &quot;DFA&quot;,
        &quot;stage&quot;: &quot;Completed&quot;,
        &quot;ea1&quot;: &quot;G52P75&quot;,
        &quot;ea2&quot;: &quot;Gauteng South&quot;
      }
    },
    {
      &quot;attributes&quot;: {
        &quot;owner&quot;: &quot;DFA&quot;,
        &quot;stage&quot;: &quot;Completed&quot;,
        &quot;ea1&quot;: &quot;G52P75&quot;,
        &quot;ea2&quot;: &quot;Gauteng South&quot;
      }
    },
    {
      &quot;attributes&quot;: {
        &quot;owner&quot;: &quot;DFA&quot;,
        &quot;stage&quot;: &quot;Construction&quot;,
        &quot;ea1&quot;: &quot;G52P75&quot;,
        &quot;ea2&quot;: &quot;Gauteng South&quot;
      }
    },
    {
      &quot;attributes&quot;: {
        &quot;owner&quot;: &quot;DFA&quot;,
        &quot;stage&quot;: &quot;Completed&quot;,
        &quot;ea1&quot;: &quot;G52P75&quot;,
        &quot;ea2&quot;: &quot;Gauteng South&quot;
      }
    },
    {
      &quot;attributes&quot;: {
        &quot;owner&quot;: &quot;DFA&quot;,
        &quot;stage&quot;: &quot;Completed&quot;,
        &quot;ea1&quot;: &quot;G52P75&quot;,
        &quot;ea2&quot;: &quot;Gauteng South&quot;
      }
    },
    {
      &quot;attributes&quot;: {
        &quot;owner&quot;: &quot;DFA&quot;,
        &quot;stage&quot;: &quot;Completed&quot;,
        &quot;ea1&quot;: &quot;G52P75&quot;,
        &quot;ea2&quot;: &quot;Gauteng South&quot;
      }
    },
    {
      &quot;attributes&quot;: {
        &quot;owner&quot;: &quot;DFA&quot;,
        &quot;stage&quot;: &quot;Completed&quot;,
        &quot;ea1&quot;: &quot;G52P75&quot;,
        &quot;ea2&quot;: &quot;Gauteng South&quot;
      }
    },
    {
      &quot;attributes&quot;: {
        &quot;owner&quot;: &quot;DFA&quot;,
        &quot;stage&quot;: &quot;Completed&quot;,
        &quot;ea1&quot;: &quot;G52P75&quot;,
        &quot;ea2&quot;: &quot;Gauteng South&quot;
      }
    },
    {
      &quot;attributes&quot;: {
        &quot;owner&quot;: &quot;DFA&quot;,
        &quot;stage&quot;: &quot;Completed&quot;,
        &quot;ea1&quot;: &quot;G52P75&quot;,
        &quot;ea2&quot;: &quot;Gauteng South&quot;
      }
    },
    {
      &quot;attributes&quot;: {
        &quot;owner&quot;: &quot;DFA&quot;,
        &quot;stage&quot;: &quot;Completed&quot;,
        &quot;ea1&quot;: &quot;none&quot;,
        &quot;ea2&quot;: &quot;Western Region&quot;
      }
    },
    {
      &quot;attributes&quot;: {
        &quot;owner&quot;: &quot;DFA&quot;,
        &quot;stage&quot;: &quot;Construction&quot;,
        &quot;ea1&quot;: &quot;ECN Telekoms Entry 2&quot;,
        &quot;ea2&quot;: &quot;Eastern Region&quot;
      }
    },
    {
      &quot;attributes&quot;: {
        &quot;owner&quot;: &quot;DFA&quot;,
        &quot;stage&quot;: &quot;Completed&quot;,
        &quot;ea1&quot;: &quot;AS00573GH000223&quot;,
        &quot;ea2&quot;: &quot;Eastern Region&quot;
      }
    },
    {
      &quot;attributes&quot;: {
        &quot;owner&quot;: &quot;DFA&quot;,
        &quot;stage&quot;: &quot;Completed&quot;,
        &quot;ea1&quot;: &quot;Greenside East Entry 1&quot;,
        &quot;ea2&quot;: &quot;Gauteng South&quot;
      }
    },
    {
      &quot;attributes&quot;: {
        &quot;owner&quot;: &quot;DFA&quot;,
        &quot;stage&quot;: &quot;Construction&quot;,
        &quot;ea1&quot;: &quot;Hyde Park Entry 1&quot;,
        &quot;ea2&quot;: &quot;Gauteng South&quot;
      }
    },
    {
      &quot;attributes&quot;: {
        &quot;owner&quot;: &quot;DFA&quot;,
        &quot;stage&quot;: &quot;Construction&quot;,
        &quot;ea1&quot;: &quot;Southern Sun Hyde Park Ent 1&quot;,
        &quot;ea2&quot;: &quot;Gauteng South&quot;
      }
    },
    {
      &quot;attributes&quot;: {
        &quot;owner&quot;: &quot;DFA&quot;,
        &quot;stage&quot;: &quot;Construction&quot;,
        &quot;ea1&quot;: &quot;E_Rosebank_02A ENT 02&quot;,
        &quot;ea2&quot;: &quot;Eastern Region&quot;
      }
    },
    {
      &quot;attributes&quot;: {
        &quot;owner&quot;: &quot;DFA&quot;,
        &quot;stage&quot;: &quot;Completed&quot;,
        &quot;ea1&quot;: &quot;W51P08&quot;,
        &quot;ea2&quot;: &quot;Western Region&quot;
      }
    },
    {
      &quot;attributes&quot;: {
        &quot;owner&quot;: &quot;DFA&quot;,
        &quot;stage&quot;: &quot;Completed&quot;,
        &quot;ea1&quot;: &quot;W51P08&quot;,
        &quot;ea2&quot;: &quot;Western Region&quot;
      }
    },
    {
      &quot;attributes&quot;: {
        &quot;owner&quot;: &quot;DFA&quot;,
        &quot;stage&quot;: &quot;Completed&quot;,
        &quot;ea1&quot;: &quot;W51P17&quot;,
        &quot;ea2&quot;: &quot;Western Region&quot;
      }
    },
    {
      &quot;attributes&quot;: {
        &quot;owner&quot;: &quot;DFA&quot;,
        &quot;stage&quot;: &quot;Completed&quot;,
        &quot;ea1&quot;: &quot;W51P17&quot;,
        &quot;ea2&quot;: &quot;Western Region&quot;
      }
    },
    {
      &quot;attributes&quot;: {
        &quot;owner&quot;: &quot;DFA&quot;,
        &quot;stage&quot;: &quot;Completed&quot;,
        &quot;ea1&quot;: &quot;W50P18&quot;,
        &quot;ea2&quot;: &quot;Western Region&quot;
      }
    },
    {
      &quot;attributes&quot;: {
        &quot;owner&quot;: &quot;DFA&quot;,
        &quot;stage&quot;: &quot;Completed&quot;,
        &quot;ea1&quot;: &quot;W50P18&quot;,
        &quot;ea2&quot;: &quot;Western Region&quot;
      }
    },
    {
      &quot;attributes&quot;: {
        &quot;owner&quot;: &quot;DFA&quot;,
        &quot;stage&quot;: &quot;Completed&quot;,
        &quot;ea1&quot;: &quot;W50P18&quot;,
        &quot;ea2&quot;: &quot;Western Region&quot;
      }
    },
    {
      &quot;attributes&quot;: {
        &quot;owner&quot;: &quot;DFA&quot;,
        &quot;stage&quot;: &quot;Completed&quot;,
        &quot;ea1&quot;: &quot;W50P18&quot;,
        &quot;ea2&quot;: &quot;Western Region&quot;
      }
    },
    {
      &quot;attributes&quot;: {
        &quot;owner&quot;: &quot;DFA&quot;,
        &quot;stage&quot;: &quot;Completed&quot;,
        &quot;ea1&quot;: &quot;W50P18&quot;,
        &quot;ea2&quot;: &quot;Western Region&quot;
      }
    },
    {
      &quot;attributes&quot;: {
        &quot;owner&quot;: &quot;DFA&quot;,
        &quot;stage&quot;: &quot;Completed&quot;,
        &quot;ea1&quot;: &quot;W50P18&quot;,
        &quot;ea2&quot;: &quot;Western Region&quot;
      }
    },
    {
      &quot;attributes&quot;: {
        &quot;owner&quot;: &quot;DFA&quot;,
        &quot;stage&quot;: &quot;Completed&quot;,
        &quot;ea1&quot;: &quot;W50P18&quot;,
        &quot;ea2&quot;: &quot;Western Region&quot;
      }
    },
    {
      &quot;attributes&quot;: {
        &quot;owner&quot;: &quot;DFA&quot;,
        &quot;stage&quot;: &quot;Completed&quot;,
        &quot;ea1&quot;: &quot;W50P18&quot;,
        &quot;ea2&quot;: &quot;Western Region&quot;
      }
    },
    {
      &quot;attributes&quot;: {
        &quot;owner&quot;: &quot;DFA&quot;,
        &quot;stage&quot;: &quot;Completed&quot;,
        &quot;ea1&quot;: &quot;W50P18&quot;,
        &quot;ea2&quot;: &quot;Western Region&quot;
      }
    },
    {
      &quot;attributes&quot;: {
        &quot;owner&quot;: &quot;DFA&quot;,
        &quot;stage&quot;: &quot;Completed&quot;,
        &quot;ea1&quot;: &quot;W50P18&quot;,
        &quot;ea2&quot;: &quot;Western Region&quot;
      }
    },
    {
      &quot;attributes&quot;: {
        &quot;owner&quot;: &quot;DFA&quot;,
        &quot;stage&quot;: &quot;Completed&quot;,
        &quot;ea1&quot;: &quot;W50P18&quot;,
        &quot;ea2&quot;: &quot;Western Region&quot;
      }
    },
    {
      &quot;attributes&quot;: {
        &quot;owner&quot;: &quot;DFA&quot;,
        &quot;stage&quot;: &quot;Completed&quot;,
        &quot;ea1&quot;: &quot;W50P18&quot;,
        &quot;ea2&quot;: &quot;Western Region&quot;
      }
    },
    {
      &quot;attributes&quot;: {
        &quot;owner&quot;: &quot;DFA&quot;,
        &quot;stage&quot;: &quot;Completed&quot;,
        &quot;ea1&quot;: &quot;W50P18&quot;,
        &quot;ea2&quot;: &quot;Western Region&quot;
      }
    },
    {
      &quot;attributes&quot;: {
        &quot;owner&quot;: &quot;DFA&quot;,
        &quot;stage&quot;: &quot;Completed&quot;,
        &quot;ea1&quot;: &quot;W50P18&quot;,
        &quot;ea2&quot;: &quot;Western Region&quot;
      }
    },
    {
      &quot;attributes&quot;: {
        &quot;owner&quot;: &quot;DFA&quot;,
        &quot;stage&quot;: &quot;Completed&quot;,
        &quot;ea1&quot;: &quot;W50P18&quot;,
        &quot;ea2&quot;: &quot;Western Region&quot;
      }
    },
    {
      &quot;attributes&quot;: {
        &quot;owner&quot;: &quot;DFA&quot;,
        &quot;stage&quot;: &quot;Completed&quot;,
        &quot;ea1&quot;: &quot;W50P18&quot;,
        &quot;ea2&quot;: &quot;Western Region&quot;
      }
    },
    {
      &quot;attributes&quot;: {
        &quot;owner&quot;: &quot;DFA&quot;,
        &quot;stage&quot;: &quot;Completed&quot;,
        &quot;ea1&quot;: &quot;G52P10&quot;,
        &quot;ea2&quot;: &quot;Gauteng South&quot;
      }
    },
    {
      &quot;attributes&quot;: {
        &quot;owner&quot;: &quot;DFA&quot;,
        &quot;stage&quot;: &quot;Completed&quot;,
        &quot;ea1&quot;: &quot;G20P18&quot;,
        &quot;ea2&quot;: &quot;Gauteng South&quot;
      }
    },
    {
      &quot;attributes&quot;: {
        &quot;owner&quot;: &quot;DFA&quot;,
        &quot;stage&quot;: &quot;Completed&quot;,
        &quot;ea1&quot;: &quot;G52P10&quot;,
        &quot;ea2&quot;: &quot;Gauteng South&quot;
      }
    },
    {
      &quot;attributes&quot;: {
        &quot;owner&quot;: &quot;DFA&quot;,
        &quot;stage&quot;: &quot;Completed&quot;,
        &quot;ea1&quot;: &quot;G52P10&quot;,
        &quot;ea2&quot;: &quot;Gauteng South&quot;
      }
    },
    {
      &quot;attributes&quot;: {
        &quot;owner&quot;: &quot;DFA&quot;,
        &quot;stage&quot;: &quot;Completed&quot;,
        &quot;ea1&quot;: &quot;G52P10&quot;,
        &quot;ea2&quot;: &quot;Gauteng South&quot;
      }
    },
    {
      &quot;attributes&quot;: {
        &quot;owner&quot;: &quot;DFA&quot;,
        &quot;stage&quot;: &quot;Completed&quot;,
        &quot;ea1&quot;: &quot;G52P10&quot;,
        &quot;ea2&quot;: &quot;Gauteng South&quot;
      }
    },
    {
      &quot;attributes&quot;: {
        &quot;owner&quot;: &quot;DFA&quot;,
        &quot;stage&quot;: &quot;Completed&quot;,
        &quot;ea1&quot;: &quot;w&quot;,
        &quot;ea2&quot;: &quot;Gauteng South&quot;
      }
    },
    {
      &quot;attributes&quot;: {
        &quot;owner&quot;: &quot;DFA&quot;,
        &quot;stage&quot;: &quot;Completed&quot;,
        &quot;ea1&quot;: &quot;G52P10&quot;,
        &quot;ea2&quot;: &quot;Gauteng South&quot;
      }
    },
    {
      &quot;attributes&quot;: {
        &quot;owner&quot;: &quot;DFA&quot;,
        &quot;stage&quot;: &quot;Completed&quot;,
        &quot;ea1&quot;: &quot;w&quot;,
        &quot;ea2&quot;: &quot;Gauteng South&quot;
      }
    },
    {
      &quot;attributes&quot;: {
        &quot;owner&quot;: &quot;DFA&quot;,
        &quot;stage&quot;: &quot;Completed&quot;,
        &quot;ea1&quot;: &quot;G52P10&quot;,
        &quot;ea2&quot;: &quot;Gauteng South&quot;
      }
    },
    {
      &quot;attributes&quot;: {
        &quot;owner&quot;: &quot;DFA&quot;,
        &quot;stage&quot;: &quot;Completed&quot;,
        &quot;ea1&quot;: &quot;G52P10&quot;,
        &quot;ea2&quot;: &quot;Gauteng South&quot;
      }
    },
    {
      &quot;attributes&quot;: {
        &quot;owner&quot;: &quot;DFA&quot;,
        &quot;stage&quot;: &quot;Completed&quot;,
        &quot;ea1&quot;: &quot;w&quot;,
        &quot;ea2&quot;: &quot;Gauteng South&quot;
      }
    },
    {
      &quot;attributes&quot;: {
        &quot;owner&quot;: &quot;DFA&quot;,
        &quot;stage&quot;: &quot;Completed&quot;,
        &quot;ea1&quot;: &quot;G52P10&quot;,
        &quot;ea2&quot;: &quot;Gauteng South&quot;
      }
    },
    {
      &quot;attributes&quot;: {
        &quot;owner&quot;: &quot;DFA&quot;,
        &quot;stage&quot;: &quot;Completed&quot;,
        &quot;ea1&quot;: &quot;w&quot;,
        &quot;ea2&quot;: &quot;Gauteng South&quot;
      }
    },
    {
      &quot;attributes&quot;: {
        &quot;owner&quot;: &quot;DFA&quot;,
        &quot;stage&quot;: &quot;Completed&quot;,
        &quot;ea1&quot;: &quot;VS02314GH000632&quot;,
        &quot;ea2&quot;: &quot;None&quot;
      }
    },
    {
      &quot;attributes&quot;: {
        &quot;owner&quot;: &quot;DFA&quot;,
        &quot;stage&quot;: &quot;Construction&quot;,
        &quot;ea1&quot;: &quot;w&quot;,
        &quot;ea2&quot;: &quot;Gauteng South&quot;
      }
    },
    {
      &quot;attributes&quot;: {
        &quot;owner&quot;: &quot;DFA&quot;,
        &quot;stage&quot;: &quot;Completed&quot;,
        &quot;ea1&quot;: &quot;W50P67&quot;,
        &quot;ea2&quot;: &quot;Western Region&quot;
      }
    },
    {
      &quot;attributes&quot;: {
        &quot;owner&quot;: &quot;DFA&quot;,
        &quot;stage&quot;: &quot;Completed&quot;,
        &quot;ea1&quot;: &quot;W20P30&quot;,
        &quot;ea2&quot;: &quot;Western Region&quot;
      }
    },
    {
      &quot;attributes&quot;: {
        &quot;owner&quot;: &quot;DFA&quot;,
        &quot;stage&quot;: &quot;Completed&quot;,
        &quot;ea1&quot;: &quot;W20P16&quot;,
        &quot;ea2&quot;: &quot;Western Region&quot;
      }
    },
    {
      &quot;attributes&quot;: {
        &quot;owner&quot;: &quot;DFA&quot;,
        &quot;stage&quot;: &quot;Completed&quot;,
        &quot;ea1&quot;: &quot;W20P16&quot;,
        &quot;ea2&quot;: &quot;Western Region&quot;
      }
    },
    {
      &quot;attributes&quot;: {
        &quot;owner&quot;: &quot;DFA&quot;,
        &quot;stage&quot;: &quot;Completed&quot;,
        &quot;ea1&quot;: &quot;G52P53&quot;,
        &quot;ea2&quot;: &quot;Gauteng South&quot;
      }
    },
    {
      &quot;attributes&quot;: {
        &quot;owner&quot;: &quot;DFA&quot;,
        &quot;stage&quot;: &quot;Completed&quot;,
        &quot;ea1&quot;: &quot;G52P53&quot;,
        &quot;ea2&quot;: &quot;Gauteng South&quot;
      }
    },
    {
      &quot;attributes&quot;: {
        &quot;owner&quot;: &quot;DFA&quot;,
        &quot;stage&quot;: &quot;Completed&quot;,
        &quot;ea1&quot;: &quot;G52P53&quot;,
        &quot;ea2&quot;: &quot;Gauteng South&quot;
      }
    },
    {
      &quot;attributes&quot;: {
        &quot;owner&quot;: &quot;DFA&quot;,
        &quot;stage&quot;: &quot;Completed&quot;,
        &quot;ea1&quot;: &quot;AS01215GH001823&quot;,
        &quot;ea2&quot;: &quot;Gauteng South&quot;
      }
    },
    {
      &quot;attributes&quot;: {
        &quot;owner&quot;: &quot;DFA&quot;,
        &quot;stage&quot;: &quot;Completed&quot;,
        &quot;ea1&quot;: &quot;K50P93&quot;,
        &quot;ea2&quot;: &quot;Kwa-Zulu Natal&quot;
      }
    },
    {
      &quot;attributes&quot;: {
        &quot;owner&quot;: &quot;DFA&quot;,
        &quot;stage&quot;: &quot;Completed&quot;,
        &quot;ea1&quot;: &quot;G51P19&quot;,
        &quot;ea2&quot;: &quot;Gauteng South&quot;
      }
    },
    {
      &quot;attributes&quot;: {
        &quot;owner&quot;: &quot;DFA&quot;,
        &quot;stage&quot;: &quot;Completed&quot;,
        &quot;ea1&quot;: &quot;G51P19&quot;,
        &quot;ea2&quot;: &quot;Gauteng South&quot;
      }
    },
    {
      &quot;attributes&quot;: {
        &quot;owner&quot;: &quot;DFA&quot;,
        &quot;stage&quot;: &quot;Completed&quot;,
        &quot;ea1&quot;: &quot;G51P19&quot;,
        &quot;ea2&quot;: &quot;Gauteng South&quot;
      }
    },
    {
      &quot;attributes&quot;: {
        &quot;owner&quot;: &quot;DFA&quot;,
        &quot;stage&quot;: &quot;Completed&quot;,
        &quot;ea1&quot;: &quot;G51P19&quot;,
        &quot;ea2&quot;: &quot;Gauteng South&quot;
      }
    },
    {
      &quot;attributes&quot;: {
        &quot;owner&quot;: &quot;DFA&quot;,
        &quot;stage&quot;: &quot;Completed&quot;,
        &quot;ea1&quot;: &quot;G51P19&quot;,
        &quot;ea2&quot;: &quot;Gauteng South&quot;
      }
    },
    {
      &quot;attributes&quot;: {
        &quot;owner&quot;: &quot;DFA&quot;,
        &quot;stage&quot;: &quot;Completed&quot;,
        &quot;ea1&quot;: &quot;G51P19&quot;,
        &quot;ea2&quot;: &quot;Gauteng South&quot;
      }
    },
    {
      &quot;attributes&quot;: {
        &quot;owner&quot;: &quot;DFA&quot;,
        &quot;stage&quot;: &quot;Completed&quot;,
        &quot;ea1&quot;: &quot;G51P19&quot;,
        &quot;ea2&quot;: &quot;Gauteng South&quot;
      }
    },
    {
      &quot;attributes&quot;: {
        &quot;owner&quot;: &quot;DFA&quot;,
        &quot;stage&quot;: &quot;Completed&quot;,
        &quot;ea1&quot;: &quot;G51P19&quot;,
        &quot;ea2&quot;: &quot;Gauteng South&quot;
      }
    },
    {
      &quot;attributes&quot;: {
        &quot;owner&quot;: &quot;DFA&quot;,
        &quot;stage&quot;: &quot;Completed&quot;,
        &quot;ea1&quot;: &quot;W50P89&quot;,
        &quot;ea2&quot;: &quot;Western Region&quot;
      }
    },
    {
      &quot;attributes&quot;: {
        &quot;owner&quot;: &quot;DFA&quot;,
        &quot;stage&quot;: &quot;Completed&quot;,
        &quot;ea1&quot;: &quot;G51P19&quot;,
        &quot;ea2&quot;: &quot;Gauteng South&quot;
      }
    },
    {
      &quot;attributes&quot;: {
        &quot;owner&quot;: &quot;DFA&quot;,
        &quot;stage&quot;: &quot;Completed&quot;,
        &quot;ea1&quot;: &quot;G51P19&quot;,
        &quot;ea2&quot;: &quot;Gauteng South&quot;
      }
    },
    {
      &quot;attributes&quot;: {
        &quot;owner&quot;: &quot;DFA&quot;,
        &quot;stage&quot;: &quot;Completed&quot;,
        &quot;ea1&quot;: &quot;G51P19&quot;,
        &quot;ea2&quot;: &quot;Gauteng South&quot;
      }
    },
    {
      &quot;attributes&quot;: {
        &quot;owner&quot;: &quot;DFA&quot;,
        &quot;stage&quot;: &quot;Completed&quot;,
        &quot;ea1&quot;: &quot;G51P19&quot;,
        &quot;ea2&quot;: &quot;Gauteng South&quot;
      }
    },
    {
      &quot;attributes&quot;: {
        &quot;owner&quot;: &quot;DFA&quot;,
        &quot;stage&quot;: &quot;Completed&quot;,
        &quot;ea1&quot;: &quot;G51P19&quot;,
        &quot;ea2&quot;: &quot;Gauteng South&quot;
      }
    },
    {
      &quot;attributes&quot;: {
        &quot;owner&quot;: &quot;DFA&quot;,
        &quot;stage&quot;: &quot;Completed&quot;,
        &quot;ea1&quot;: &quot;W50P89&quot;,
        &quot;ea2&quot;: &quot;Western Region&quot;
      }
    },
    {
      &quot;attributes&quot;: {
        &quot;owner&quot;: &quot;DFA&quot;,
        &quot;stage&quot;: &quot;Completed&quot;,
        &quot;ea1&quot;: &quot;W50P89&quot;,
        &quot;ea2&quot;: &quot;Western Region&quot;
      }
    },
    {
      &quot;attributes&quot;: {
        &quot;owner&quot;: &quot;DFA&quot;,
        &quot;stage&quot;: &quot;Completed&quot;,
        &quot;ea1&quot;: &quot;W50P89&quot;,
        &quot;ea2&quot;: &quot;Western Region&quot;
      }
    },
    {
      &quot;attributes&quot;: {
        &quot;owner&quot;: &quot;DFA&quot;,
        &quot;stage&quot;: &quot;Completed&quot;,
        &quot;ea1&quot;: &quot;W50P89&quot;,
        &quot;ea2&quot;: &quot;Western Region&quot;
      }
    },
    {
      &quot;attributes&quot;: {
        &quot;owner&quot;: &quot;DFA&quot;,
        &quot;stage&quot;: &quot;Completed&quot;,
        &quot;ea1&quot;: &quot;W50P89&quot;,
        &quot;ea2&quot;: &quot;Western Region&quot;
      }
    },
    {
      &quot;attributes&quot;: {
        &quot;owner&quot;: &quot;DFA&quot;,
        &quot;stage&quot;: &quot;Construction&quot;,
        &quot;ea1&quot;: &quot;w&quot;,
        &quot;ea2&quot;: &quot;None&quot;
      }
    },
    {
      &quot;attributes&quot;: {
        &quot;owner&quot;: &quot;DFA&quot;,
        &quot;stage&quot;: &quot;Completed&quot;,
        &quot;ea1&quot;: &quot;W50P89&quot;,
        &quot;ea2&quot;: &quot;Western Region&quot;
      }
    },
    {
      &quot;attributes&quot;: {
        &quot;owner&quot;: &quot;DFA&quot;,
        &quot;stage&quot;: &quot;Completed&quot;,
        &quot;ea1&quot;: &quot;W50P89&quot;,
        &quot;ea2&quot;: &quot;Western Region&quot;
      }
    },
    {
      &quot;attributes&quot;: {
        &quot;owner&quot;: &quot;DFA&quot;,
        &quot;stage&quot;: &quot;Completed&quot;,
        &quot;ea1&quot;: &quot;W50P89&quot;,
        &quot;ea2&quot;: &quot;Western Region&quot;
      }
    },
    {
      &quot;attributes&quot;: {
        &quot;owner&quot;: &quot;DFA&quot;,
        &quot;stage&quot;: &quot;Completed&quot;,
        &quot;ea1&quot;: &quot;W50P89&quot;,
        &quot;ea2&quot;: &quot;Western Region&quot;
      }
    },
    {
      &quot;attributes&quot;: {
        &quot;owner&quot;: &quot;DFA&quot;,
        &quot;stage&quot;: &quot;Completed&quot;,
        &quot;ea1&quot;: &quot;W50P89&quot;,
        &quot;ea2&quot;: &quot;Western Region&quot;
      }
    },
    {
      &quot;attributes&quot;: {
        &quot;owner&quot;: &quot;DFA&quot;,
        &quot;stage&quot;: &quot;Construction&quot;,
        &quot;ea1&quot;: &quot;w&quot;,
        &quot;ea2&quot;: &quot;None&quot;
      }
    },
    {
      &quot;attributes&quot;: {
        &quot;owner&quot;: &quot;DFA&quot;,
        &quot;stage&quot;: &quot;Completed&quot;,
        &quot;ea1&quot;: &quot;W50P89&quot;,
        &quot;ea2&quot;: &quot;Western Region&quot;
      }
    },
    {
      &quot;attributes&quot;: {
        &quot;owner&quot;: &quot;DFA&quot;,
        &quot;stage&quot;: &quot;Completed&quot;,
        &quot;ea1&quot;: &quot;W50P89&quot;,
        &quot;ea2&quot;: &quot;Western Region&quot;
      }
    },
    {
      &quot;attributes&quot;: {
        &quot;owner&quot;: &quot;DFA&quot;,
        &quot;stage&quot;: &quot;Completed&quot;,
        &quot;ea1&quot;: &quot;W50P89&quot;,
        &quot;ea2&quot;: &quot;Western Region&quot;
      }
    },
    {
      &quot;attributes&quot;: {
        &quot;owner&quot;: &quot;DFA&quot;,
        &quot;stage&quot;: &quot;Construction&quot;,
        &quot;ea1&quot;: &quot;w&quot;,
        &quot;ea2&quot;: &quot;None&quot;
      }
    },
    {
      &quot;attributes&quot;: {
        &quot;owner&quot;: &quot;DFA&quot;,
        &quot;stage&quot;: &quot;Completed&quot;,
        &quot;ea1&quot;: &quot;W50P89&quot;,
        &quot;ea2&quot;: &quot;Western Region&quot;
      }
    },
    {
      &quot;attributes&quot;: {
        &quot;owner&quot;: &quot;DFA&quot;,
        &quot;stage&quot;: &quot;Completed&quot;,
        &quot;ea1&quot;: &quot;W50P89&quot;,
        &quot;ea2&quot;: &quot;Western Region&quot;
      }
    },
    {
      &quot;attributes&quot;: {
        &quot;owner&quot;: &quot;DFA&quot;,
        &quot;stage&quot;: &quot;Construction&quot;,
        &quot;ea1&quot;: &quot;w&quot;,
        &quot;ea2&quot;: &quot;None&quot;
      }
    },
    {
      &quot;attributes&quot;: {
        &quot;owner&quot;: &quot;DFA&quot;,
        &quot;stage&quot;: &quot;Completed&quot;,
        &quot;ea1&quot;: &quot;W50P89&quot;,
        &quot;ea2&quot;: &quot;Western Region&quot;
      }
    },
    {
      &quot;attributes&quot;: {
        &quot;owner&quot;: &quot;DFA&quot;,
        &quot;stage&quot;: &quot;Completed&quot;,
        &quot;ea1&quot;: &quot;W50P89&quot;,
        &quot;ea2&quot;: &quot;Western Region&quot;
      }
    },
    {
      &quot;attributes&quot;: {
        &quot;owner&quot;: &quot;DFA&quot;,
        &quot;stage&quot;: &quot;Construction&quot;,
        &quot;ea1&quot;: &quot;w&quot;,
        &quot;ea2&quot;: &quot;None&quot;
      }
    },
    {
      &quot;attributes&quot;: {
        &quot;owner&quot;: &quot;DFA&quot;,
        &quot;stage&quot;: &quot;Completed&quot;,
        &quot;ea1&quot;: &quot;W50P89&quot;,
        &quot;ea2&quot;: &quot;Western Region&quot;
      }
    },
    {
      &quot;attributes&quot;: {
        &quot;owner&quot;: &quot;DFA&quot;,
        &quot;stage&quot;: &quot;Completed&quot;,
        &quot;ea1&quot;: &quot;W50P89&quot;,
        &quot;ea2&quot;: &quot;Western Region&quot;
      }
    },
    {
      &quot;attributes&quot;: {
        &quot;owner&quot;: &quot;DFA&quot;,
        &quot;stage&quot;: &quot;Completed&quot;,
        &quot;ea1&quot;: &quot;W50P89&quot;,
        &quot;ea2&quot;: &quot;Western Region&quot;
      }
    },
    {
      &quot;attributes&quot;: {
        &quot;owner&quot;: &quot;DFA&quot;,
        &quot;stage&quot;: &quot;Construction&quot;,
        &quot;ea1&quot;: &quot;w&quot;,
        &quot;ea2&quot;: &quot;None&quot;
      }
    },
    {
      &quot;attributes&quot;: {
        &quot;owner&quot;: &quot;DFA&quot;,
        &quot;stage&quot;: &quot;Completed&quot;,
        &quot;ea1&quot;: &quot;G52P91&quot;,
        &quot;ea2&quot;: &quot;Gauteng South&quot;
      }
    },
    {
      &quot;attributes&quot;: {
        &quot;owner&quot;: &quot;DFA&quot;,
        &quot;stage&quot;: &quot;Completed&quot;,
        &quot;ea1&quot;: &quot;AS13084GA340762&quot;,
        &quot;ea2&quot;: &quot;Gauteng South&quot;
      }
    },
    {
      &quot;attributes&quot;: {
        &quot;owner&quot;: &quot;DFA&quot;,
        &quot;stage&quot;: &quot;Completed&quot;,
        &quot;ea1&quot;: &quot;G52P91&quot;,
        &quot;ea2&quot;: &quot;Gauteng South&quot;
      }
    },
    {
      &quot;attributes&quot;: {
        &quot;owner&quot;: &quot;DFA&quot;,
        &quot;stage&quot;: &quot;Completed&quot;,
        &quot;ea1&quot;: &quot;G52P91&quot;,
        &quot;ea2&quot;: &quot;Gauteng South&quot;
      }
    },
    {
      &quot;attributes&quot;: {
        &quot;owner&quot;: &quot;DFA&quot;,
        &quot;stage&quot;: &quot;Completed&quot;,
        &quot;ea1&quot;: &quot;G52P91&quot;,
        &quot;ea2&quot;: &quot;Gauteng South&quot;
      }
    },
    {
      &quot;attributes&quot;: {
        &quot;owner&quot;: &quot;DFA&quot;,
        &quot;stage&quot;: &quot;Completed&quot;,
        &quot;ea1&quot;: &quot;G52P91&quot;,
        &quot;ea2&quot;: &quot;Gauteng South&quot;
      }
    },
    {
      &quot;attributes&quot;: {
        &quot;owner&quot;: &quot;DFA&quot;,
        &quot;stage&quot;: &quot;Completed&quot;,
        &quot;ea1&quot;: &quot;G50P65&quot;,
        &quot;ea2&quot;: &quot;Gauteng South&quot;
      }
    },
    {
      &quot;attributes&quot;: {
        &quot;owner&quot;: &quot;DFA&quot;,
        &quot;stage&quot;: &quot;Completed&quot;,
        &quot;ea1&quot;: &quot;G50P65&quot;,
        &quot;ea2&quot;: &quot;Gauteng South&quot;
      }
    },
    {
      &quot;attributes&quot;: {
        &quot;owner&quot;: &quot;DFA&quot;,
        &quot;stage&quot;: &quot;Completed&quot;,
        &quot;ea1&quot;: &quot;G50P65&quot;,
        &quot;ea2&quot;: &quot;Gauteng South&quot;
      }
    },
    {
      &quot;attributes&quot;: {
        &quot;owner&quot;: &quot;DFA&quot;,
        &quot;stage&quot;: &quot;Completed&quot;,
        &quot;ea1&quot;: &quot;VS04577NB260586&quot;,
        &quot;ea2&quot;: &quot;Northern Region&quot;
      }
    },
    {
      &quot;attributes&quot;: {
        &quot;owner&quot;: &quot;DFA&quot;,
        &quot;stage&quot;: &quot;Completed&quot;,
        &quot;ea1&quot;: &quot;G52P22&quot;,
        &quot;ea2&quot;: &quot;Gauteng South&quot;
      }
    },
    {
      &quot;attributes&quot;: {
        &quot;owner&quot;: &quot;DFA&quot;,
        &quot;stage&quot;: &quot;Completed&quot;,
        &quot;ea1&quot;: &quot;G52P22&quot;,
        &quot;ea2&quot;: &quot;Gauteng South&quot;
      }
    },
    {
      &quot;attributes&quot;: {
        &quot;owner&quot;: &quot;DFA&quot;,
        &quot;stage&quot;: &quot;Completed&quot;,
        &quot;ea1&quot;: &quot;G52P22&quot;,
        &quot;ea2&quot;: &quot;Gauteng South&quot;
      }
    },
    {
      &quot;attributes&quot;: {
        &quot;owner&quot;: &quot;DFA&quot;,
        &quot;stage&quot;: &quot;Completed&quot;,
        &quot;ea1&quot;: &quot;G52P22&quot;,
        &quot;ea2&quot;: &quot;Gauteng South&quot;
      }
    },
    {
      &quot;attributes&quot;: {
        &quot;owner&quot;: &quot;DFA&quot;,
        &quot;stage&quot;: &quot;Completed&quot;,
        &quot;ea1&quot;: &quot;G52P22&quot;,
        &quot;ea2&quot;: &quot;Gauteng South&quot;
      }
    },
    {
      &quot;attributes&quot;: {
        &quot;owner&quot;: &quot;DFA&quot;,
        &quot;stage&quot;: &quot;Completed&quot;,
        &quot;ea1&quot;: &quot;G52P22&quot;,
        &quot;ea2&quot;: &quot;Gauteng South&quot;
      }
    },
    {
      &quot;attributes&quot;: {
        &quot;owner&quot;: &quot;DFA&quot;,
        &quot;stage&quot;: &quot;Completed&quot;,
        &quot;ea1&quot;: &quot;G52P22&quot;,
        &quot;ea2&quot;: &quot;Gauteng South&quot;
      }
    },
    {
      &quot;attributes&quot;: {
        &quot;owner&quot;: &quot;DFA&quot;,
        &quot;stage&quot;: &quot;Completed&quot;,
        &quot;ea1&quot;: &quot;G52P22&quot;,
        &quot;ea2&quot;: &quot;Gauteng South&quot;
      }
    },
    {
      &quot;attributes&quot;: {
        &quot;owner&quot;: &quot;DFA&quot;,
        &quot;stage&quot;: &quot;Completed&quot;,
        &quot;ea1&quot;: &quot;G52P22&quot;,
        &quot;ea2&quot;: &quot;Gauteng South&quot;
      }
    },
    {
      &quot;attributes&quot;: {
        &quot;owner&quot;: &quot;DFA&quot;,
        &quot;stage&quot;: &quot;Completed&quot;,
        &quot;ea1&quot;: &quot;G52P22&quot;,
        &quot;ea2&quot;: &quot;Gauteng South&quot;
      }
    },
    {
      &quot;attributes&quot;: {
        &quot;owner&quot;: &quot;DFA&quot;,
        &quot;stage&quot;: &quot;Completed&quot;,
        &quot;ea1&quot;: &quot;G52P22&quot;,
        &quot;ea2&quot;: &quot;Gauteng South&quot;
      }
    },
    {
      &quot;attributes&quot;: {
        &quot;owner&quot;: &quot;DFA&quot;,
        &quot;stage&quot;: &quot;Completed&quot;,
        &quot;ea1&quot;: &quot;G52P22&quot;,
        &quot;ea2&quot;: &quot;Gauteng South&quot;
      }
    },
    {
      &quot;attributes&quot;: {
        &quot;owner&quot;: &quot;DFA&quot;,
        &quot;stage&quot;: &quot;Completed&quot;,
        &quot;ea1&quot;: &quot;G52P22&quot;,
        &quot;ea2&quot;: &quot;Gauteng South&quot;
      }
    },
    {
      &quot;attributes&quot;: {
        &quot;owner&quot;: &quot;DFA&quot;,
        &quot;stage&quot;: &quot;Completed&quot;,
        &quot;ea1&quot;: &quot;G52P22&quot;,
        &quot;ea2&quot;: &quot;Gauteng South&quot;
      }
    },
    {
      &quot;attributes&quot;: {
        &quot;owner&quot;: &quot;DFA&quot;,
        &quot;stage&quot;: &quot;Completed&quot;,
        &quot;ea1&quot;: &quot;G52P22&quot;,
        &quot;ea2&quot;: &quot;Gauteng South&quot;
      }
    },
    {
      &quot;attributes&quot;: {
        &quot;owner&quot;: &quot;DFA&quot;,
        &quot;stage&quot;: &quot;Completed&quot;,
        &quot;ea1&quot;: &quot;G52P22&quot;,
        &quot;ea2&quot;: &quot;Gauteng South&quot;
      }
    },
    {
      &quot;attributes&quot;: {
        &quot;owner&quot;: &quot;DFA&quot;,
        &quot;stage&quot;: &quot;Completed&quot;,
        &quot;ea1&quot;: &quot;G52P22&quot;,
        &quot;ea2&quot;: &quot;Gauteng South&quot;
      }
    },
    {
      &quot;attributes&quot;: {
        &quot;owner&quot;: &quot;DFA&quot;,
        &quot;stage&quot;: &quot;Completed&quot;,
        &quot;ea1&quot;: &quot;G52P22&quot;,
        &quot;ea2&quot;: &quot;Gauteng South&quot;
      }
    },
    {
      &quot;attributes&quot;: {
        &quot;owner&quot;: &quot;DFA&quot;,
        &quot;stage&quot;: &quot;Completed&quot;,
        &quot;ea1&quot;: &quot;G52P22&quot;,
        &quot;ea2&quot;: &quot;Gauteng South&quot;
      }
    },
    {
      &quot;attributes&quot;: {
        &quot;owner&quot;: &quot;DFA&quot;,
        &quot;stage&quot;: &quot;Construction&quot;,
        &quot;ea1&quot;: &quot;VS04589NB020708&quot;,
        &quot;ea2&quot;: &quot;None&quot;
      }
    },
    {
      &quot;attributes&quot;: {
        &quot;owner&quot;: &quot;DFA&quot;,
        &quot;stage&quot;: &quot;Completed&quot;,
        &quot;ea1&quot;: &quot;G52P22&quot;,
        &quot;ea2&quot;: &quot;Gauteng South&quot;
      }
    },
    {
      &quot;attributes&quot;: {
        &quot;owner&quot;: &quot;DFA&quot;,
        &quot;stage&quot;: &quot;Completed&quot;,
        &quot;ea1&quot;: &quot;G52P22&quot;,
        &quot;ea2&quot;: &quot;Gauteng South&quot;
      }
    },
    {
      &quot;attributes&quot;: {
        &quot;owner&quot;: &quot;DFA&quot;,
        &quot;stage&quot;: &quot;Completed&quot;,
        &quot;ea1&quot;: &quot;G52P22&quot;,
        &quot;ea2&quot;: &quot;Gauteng South&quot;
      }
    },
    {
      &quot;attributes&quot;: {
        &quot;owner&quot;: &quot;DFA&quot;,
        &quot;stage&quot;: &quot;Completed&quot;,
        &quot;ea1&quot;: &quot;G52P22&quot;,
        &quot;ea2&quot;: &quot;Gauteng South&quot;
      }
    },
    {
      &quot;attributes&quot;: {
        &quot;owner&quot;: &quot;DFA&quot;,
        &quot;stage&quot;: &quot;Completed&quot;,
        &quot;ea1&quot;: &quot;G52P22&quot;,
        &quot;ea2&quot;: &quot;Gauteng South&quot;
      }
    },
    {
      &quot;attributes&quot;: {
        &quot;owner&quot;: &quot;DFA&quot;,
        &quot;stage&quot;: &quot;Completed&quot;,
        &quot;ea1&quot;: &quot;G52P22&quot;,
        &quot;ea2&quot;: &quot;Gauteng South&quot;
      }
    },
    {
      &quot;attributes&quot;: {
        &quot;owner&quot;: &quot;DFA&quot;,
        &quot;stage&quot;: &quot;Completed&quot;,
        &quot;ea1&quot;: &quot;G52P22&quot;,
        &quot;ea2&quot;: &quot;Gauteng South&quot;
      }
    },
    {
      &quot;attributes&quot;: {
        &quot;owner&quot;: &quot;DFA&quot;,
        &quot;stage&quot;: &quot;Completed&quot;,
        &quot;ea1&quot;: &quot;G52P22&quot;,
        &quot;ea2&quot;: &quot;Gauteng South&quot;
      }
    },
    {
      &quot;attributes&quot;: {
        &quot;owner&quot;: &quot;DFA&quot;,
        &quot;stage&quot;: &quot;Completed&quot;,
        &quot;ea1&quot;: &quot;W50P16&quot;,
        &quot;ea2&quot;: &quot;Western Region&quot;
      }
    },
    {
      &quot;attributes&quot;: {
        &quot;owner&quot;: &quot;DFA&quot;,
        &quot;stage&quot;: &quot;Completed&quot;,
        &quot;ea1&quot;: &quot;G52P22&quot;,
        &quot;ea2&quot;: &quot;Gauteng South&quot;
      }
    },
    {
      &quot;attributes&quot;: {
        &quot;owner&quot;: &quot;DFA&quot;,
        &quot;stage&quot;: &quot;Construction&quot;,
        &quot;ea1&quot;: &quot;VS04623NB002551&quot;,
        &quot;ea2&quot;: &quot;None&quot;
      }
    },
    {
      &quot;attributes&quot;: {
        &quot;owner&quot;: &quot;DFA&quot;,
        &quot;stage&quot;: &quot;Completed&quot;,
        &quot;ea1&quot;: &quot;W50P16&quot;,
        &quot;ea2&quot;: &quot;Western Region&quot;
      }
    },
    {
      &quot;attributes&quot;: {
        &quot;owner&quot;: &quot;DFA&quot;,
        &quot;stage&quot;: &quot;Completed&quot;,
        &quot;ea1&quot;: &quot;G52P22&quot;,
        &quot;ea2&quot;: &quot;Gauteng South&quot;
      }
    },
    {
      &quot;attributes&quot;: {
        &quot;owner&quot;: &quot;DFA&quot;,
        &quot;stage&quot;: &quot;Completed&quot;,
        &quot;ea1&quot;: &quot;G52P22&quot;,
        &quot;ea2&quot;: &quot;Gauteng South&quot;
      }
    },
    {
      &quot;attributes&quot;: {
        &quot;owner&quot;: &quot;DFA&quot;,
        &quot;stage&quot;: &quot;Completed&quot;,
        &quot;ea1&quot;: &quot;G52P22&quot;,
        &quot;ea2&quot;: &quot;Gauteng South&quot;
      }
    },
    {
      &quot;attributes&quot;: {
        &quot;owner&quot;: &quot;DFA&quot;,
        &quot;stage&quot;: &quot;Completed&quot;,
        &quot;ea1&quot;: &quot;W50P16&quot;,
        &quot;ea2&quot;: &quot;Western Region&quot;
      }
    },
    {
      &quot;attributes&quot;: {
        &quot;owner&quot;: &quot;DFA&quot;,
        &quot;stage&quot;: &quot;Completed&quot;,
        &quot;ea1&quot;: &quot;W50P16&quot;,
        &quot;ea2&quot;: &quot;Western Region&quot;
      }
    },
    {
      &quot;attributes&quot;: {
        &quot;owner&quot;: &quot;DFA&quot;,
        &quot;stage&quot;: &quot;Completed&quot;,
        &quot;ea1&quot;: &quot;W50P16&quot;,
        &quot;ea2&quot;: &quot;Western Region&quot;
      }
    },
    {
      &quot;attributes&quot;: {
        &quot;owner&quot;: &quot;DFA&quot;,
        &quot;stage&quot;: &quot;Completed&quot;,
        &quot;ea1&quot;: &quot;W50P16&quot;,
        &quot;ea2&quot;: &quot;Western Region&quot;
      }
    },
    {
      &quot;attributes&quot;: {
        &quot;owner&quot;: &quot;DFA&quot;,
        &quot;stage&quot;: &quot;Completed&quot;,
        &quot;ea1&quot;: &quot;W50P16&quot;,
        &quot;ea2&quot;: &quot;Western Region&quot;
      }
    },
    {
      &quot;attributes&quot;: {
        &quot;owner&quot;: &quot;DFA&quot;,
        &quot;stage&quot;: &quot;Construction&quot;,
        &quot;ea1&quot;: &quot;W50P16&quot;,
        &quot;ea2&quot;: &quot;Western Region&quot;
      }
    },
    {
      &quot;attributes&quot;: {
        &quot;owner&quot;: &quot;DFA&quot;,
        &quot;stage&quot;: &quot;Completed&quot;,
        &quot;ea1&quot;: &quot;W50P16&quot;,
        &quot;ea2&quot;: &quot;Western Region&quot;
      }
    },
    {
      &quot;attributes&quot;: {
        &quot;owner&quot;: &quot;DFA&quot;,
        &quot;stage&quot;: &quot;Completed&quot;,
        &quot;ea1&quot;: &quot;W50P16&quot;,
        &quot;ea2&quot;: &quot;Western Region&quot;
      }
    },
    {
      &quot;attributes&quot;: {
        &quot;owner&quot;: &quot;DFA&quot;,
        &quot;stage&quot;: &quot;Completed&quot;,
        &quot;ea1&quot;: &quot;W50P16&quot;,
        &quot;ea2&quot;: &quot;Western Region&quot;
      }
    },
    {
      &quot;attributes&quot;: {
        &quot;owner&quot;: &quot;DFA&quot;,
        &quot;stage&quot;: &quot;Completed&quot;,
        &quot;ea1&quot;: &quot;W50P16&quot;,
        &quot;ea2&quot;: &quot;Western Region&quot;
      }
    },
    {
      &quot;attributes&quot;: {
        &quot;owner&quot;: &quot;DFA&quot;,
        &quot;stage&quot;: &quot;Completed&quot;,
        &quot;ea1&quot;: &quot;W50P16&quot;,
        &quot;ea2&quot;: &quot;Western Region&quot;
      }
    },
    {
      &quot;attributes&quot;: {
        &quot;owner&quot;: &quot;DFA&quot;,
        &quot;stage&quot;: &quot;Completed&quot;,
        &quot;ea1&quot;: &quot;W50P16&quot;,
        &quot;ea2&quot;: &quot;Western Region&quot;
      }
    },
    {
      &quot;attributes&quot;: {
        &quot;owner&quot;: &quot;DFA&quot;,
        &quot;stage&quot;: &quot;Completed&quot;,
        &quot;ea1&quot;: &quot;W50P16&quot;,
        &quot;ea2&quot;: &quot;Western Region&quot;
      }
    },
    {
      &quot;attributes&quot;: {
        &quot;owner&quot;: &quot;DFA&quot;,
        &quot;stage&quot;: &quot;Completed&quot;,
        &quot;ea1&quot;: &quot;W50P16&quot;,
        &quot;ea2&quot;: &quot;Western Region&quot;
      }
    },
    {
      &quot;attributes&quot;: {
        &quot;owner&quot;: &quot;DFA&quot;,
        &quot;stage&quot;: &quot;Completed&quot;,
        &quot;ea1&quot;: &quot;W50P16&quot;,
        &quot;ea2&quot;: &quot;Western Region&quot;
      }
    },
    {
      &quot;attributes&quot;: {
        &quot;owner&quot;: &quot;DFA&quot;,
        &quot;stage&quot;: &quot;Completed&quot;,
        &quot;ea1&quot;: &quot;W50P16&quot;,
        &quot;ea2&quot;: &quot;Western Region&quot;
      }
    },
    {
      &quot;attributes&quot;: {
        &quot;owner&quot;: &quot;DFA&quot;,
        &quot;stage&quot;: &quot;Completed&quot;,
        &quot;ea1&quot;: &quot;W50P16&quot;,
        &quot;ea2&quot;: &quot;Western Region&quot;
      }
    },
    {
      &quot;attributes&quot;: {
        &quot;owner&quot;: &quot;DFA&quot;,
        &quot;stage&quot;: &quot;Completed&quot;,
        &quot;ea1&quot;: &quot;W50P16&quot;,
        &quot;ea2&quot;: &quot;Western Region&quot;
      }
    },
    {
      &quot;attributes&quot;: {
        &quot;owner&quot;: &quot;DFA&quot;,
        &quot;stage&quot;: &quot;Completed&quot;,
        &quot;ea1&quot;: &quot;W50P16&quot;,
        &quot;ea2&quot;: &quot;Western Region&quot;
      }
    },
    {
      &quot;attributes&quot;: {
        &quot;owner&quot;: &quot;DFA&quot;,
        &quot;stage&quot;: &quot;Completed&quot;,
        &quot;ea1&quot;: &quot;W50P16&quot;,
        &quot;ea2&quot;: &quot;Western Region&quot;
      }
    },
    {
      &quot;attributes&quot;: {
        &quot;owner&quot;: &quot;DFA&quot;,
        &quot;stage&quot;: &quot;Completed&quot;,
        &quot;ea1&quot;: &quot;G52P46&quot;,
        &quot;ea2&quot;: &quot;Gauteng South&quot;
      }
    },
    {
      &quot;attributes&quot;: {
        &quot;owner&quot;: &quot;DFA&quot;,
        &quot;stage&quot;: &quot;Completed&quot;,
        &quot;ea1&quot;: &quot;W20P30&quot;,
        &quot;ea2&quot;: &quot;Western Region&quot;
      }
    },
    {
      &quot;attributes&quot;: {
        &quot;owner&quot;: &quot;DFA&quot;,
        &quot;stage&quot;: &quot;Completed&quot;,
        &quot;ea1&quot;: &quot;W20P30&quot;,
        &quot;ea2&quot;: &quot;Western Region&quot;
      }
    },
    {
      &quot;attributes&quot;: {
        &quot;owner&quot;: &quot;DFA&quot;,
        &quot;stage&quot;: &quot;Completed&quot;,
        &quot;ea1&quot;: &quot;W20P30&quot;,
        &quot;ea2&quot;: &quot;Western Region&quot;
      }
    },
    {
      &quot;attributes&quot;: {
        &quot;owner&quot;: &quot;DFA&quot;,
        &quot;stage&quot;: &quot;Completed&quot;,
        &quot;ea1&quot;: &quot;W20P30&quot;,
        &quot;ea2&quot;: &quot;Western Region&quot;
      }
    },
    {
      &quot;attributes&quot;: {
        &quot;owner&quot;: &quot;DFA&quot;,
        &quot;stage&quot;: &quot;Completed&quot;,
        &quot;ea1&quot;: &quot;W20P30&quot;,
        &quot;ea2&quot;: &quot;Western Region&quot;
      }
    },
    {
      &quot;attributes&quot;: {
        &quot;owner&quot;: &quot;DFA&quot;,
        &quot;stage&quot;: &quot;Completed&quot;,
        &quot;ea1&quot;: &quot;W20P30&quot;,
        &quot;ea2&quot;: &quot;Western Region&quot;
      }
    },
    {
      &quot;attributes&quot;: {
        &quot;owner&quot;: &quot;DFA&quot;,
        &quot;stage&quot;: &quot;Completed&quot;,
        &quot;ea1&quot;: &quot;W20P30&quot;,
        &quot;ea2&quot;: &quot;Western Region&quot;
      }
    },
    {
      &quot;attributes&quot;: {
        &quot;owner&quot;: &quot;DFA&quot;,
        &quot;stage&quot;: &quot;Completed&quot;,
        &quot;ea1&quot;: &quot;G30P38&quot;,
        &quot;ea2&quot;: &quot;Gauteng South&quot;
      }
    },
    {
      &quot;attributes&quot;: {
        &quot;owner&quot;: &quot;DFA&quot;,
        &quot;stage&quot;: &quot;Completed&quot;,
        &quot;ea1&quot;: &quot;G02P02&quot;,
        &quot;ea2&quot;: &quot;Gauteng South&quot;
      }
    },
    {
      &quot;attributes&quot;: {
        &quot;owner&quot;: &quot;DFA&quot;,
        &quot;stage&quot;: &quot;Completed&quot;,
        &quot;ea1&quot;: &quot;W20P30&quot;,
        &quot;ea2&quot;: &quot;Western Region&quot;
      }
    },
    {
      &quot;attributes&quot;: {
        &quot;owner&quot;: &quot;DFA&quot;,
        &quot;stage&quot;: &quot;Completed&quot;,
        &quot;ea1&quot;: &quot;G30P38&quot;,
        &quot;ea2&quot;: &quot;Gauteng South&quot;
      }
    },
    {
      &quot;attributes&quot;: {
        &quot;owner&quot;: &quot;DFA&quot;,
        &quot;stage&quot;: &quot;Completed&quot;,
        &quot;ea1&quot;: &quot;G30P38&quot;,
        &quot;ea2&quot;: &quot;Gauteng South&quot;
      }
    },
    {
      &quot;attributes&quot;: {
        &quot;owner&quot;: &quot;DFA&quot;,
        &quot;stage&quot;: &quot;Completed&quot;,
        &quot;ea1&quot;: &quot;G30P38&quot;,
        &quot;ea2&quot;: &quot;Gauteng South&quot;
      }
    },
    {
      &quot;attributes&quot;: {
        &quot;owner&quot;: &quot;DFA&quot;,
        &quot;stage&quot;: &quot;Completed&quot;,
        &quot;ea1&quot;: &quot;W50P16&quot;,
        &quot;ea2&quot;: &quot;Western Region&quot;
      }
    },
    {
      &quot;attributes&quot;: {
        &quot;owner&quot;: &quot;DFA&quot;,
        &quot;stage&quot;: &quot;Completed&quot;,
        &quot;ea1&quot;: &quot;W50P16&quot;,
        &quot;ea2&quot;: &quot;Western Region&quot;
      }
    },
    {
      &quot;attributes&quot;: {
        &quot;owner&quot;: &quot;DFA&quot;,
        &quot;stage&quot;: &quot;Completed&quot;,
        &quot;ea1&quot;: &quot;W50P16&quot;,
        &quot;ea2&quot;: &quot;Western Region&quot;
      }
    },
    {
      &quot;attributes&quot;: {
        &quot;owner&quot;: &quot;DFA&quot;,
        &quot;stage&quot;: &quot;Completed&quot;,
        &quot;ea1&quot;: &quot;W50P16&quot;,
        &quot;ea2&quot;: &quot;Western Region&quot;
      }
    },
    {
      &quot;attributes&quot;: {
        &quot;owner&quot;: &quot;DFA&quot;,
        &quot;stage&quot;: &quot;Completed&quot;,
        &quot;ea1&quot;: &quot;W50P16&quot;,
        &quot;ea2&quot;: &quot;Western Region&quot;
      }
    },
    {
      &quot;attributes&quot;: {
        &quot;owner&quot;: &quot;DFA&quot;,
        &quot;stage&quot;: &quot;Completed&quot;,
        &quot;ea1&quot;: &quot;W50P16&quot;,
        &quot;ea2&quot;: &quot;Western Region&quot;
      }
    },
    {
      &quot;attributes&quot;: {
        &quot;owner&quot;: &quot;DFA&quot;,
        &quot;stage&quot;: &quot;Completed&quot;,
        &quot;ea1&quot;: &quot;W50P16&quot;,
        &quot;ea2&quot;: &quot;Western Region&quot;
      }
    },
    {
      &quot;attributes&quot;: {
        &quot;owner&quot;: &quot;DFA&quot;,
        &quot;stage&quot;: &quot;Construction&quot;,
        &quot;ea1&quot;: &quot;none&quot;,
        &quot;ea2&quot;: &quot;None&quot;
      }
    },
    {
      &quot;attributes&quot;: {
        &quot;owner&quot;: &quot;DFA&quot;,
        &quot;stage&quot;: &quot;Completed&quot;,
        &quot;ea1&quot;: &quot;W50P16&quot;,
        &quot;ea2&quot;: &quot;Western Region&quot;
      }
    },
    {
      &quot;attributes&quot;: {
        &quot;owner&quot;: &quot;DFA&quot;,
        &quot;stage&quot;: &quot;Completed&quot;,
        &quot;ea1&quot;: &quot;W50P16&quot;,
        &quot;ea2&quot;: &quot;Western Region&quot;
      }
    },
    {
      &quot;attributes&quot;: {
        &quot;owner&quot;: &quot;DFA&quot;,
        &quot;stage&quot;: &quot;Completed&quot;,
        &quot;ea1&quot;: &quot;W50P16&quot;,
        &quot;ea2&quot;: &quot;Western Region&quot;
      }
    },
    {
      &quot;attributes&quot;: {
        &quot;owner&quot;: &quot;DFA&quot;,
        &quot;stage&quot;: &quot;Construction&quot;,
        &quot;ea1&quot;: &quot;none&quot;,
        &quot;ea2&quot;: &quot;None&quot;
      }
    },
    {
      &quot;attributes&quot;: {
        &quot;owner&quot;: &quot;DFA&quot;,
        &quot;stage&quot;: &quot;Completed&quot;,
        &quot;ea1&quot;: &quot;W50P80&quot;,
        &quot;ea2&quot;: &quot;Western Region&quot;
      }
    },
    {
      &quot;attributes&quot;: {
        &quot;owner&quot;: &quot;DFA&quot;,
        &quot;stage&quot;: &quot;Completed&quot;,
        &quot;ea1&quot;: &quot;W50P80&quot;,
        &quot;ea2&quot;: &quot;Western Region&quot;
      }
    },
    {
      &quot;attributes&quot;: {
        &quot;owner&quot;: &quot;DFA&quot;,
        &quot;stage&quot;: &quot;Completed&quot;,
        &quot;ea1&quot;: &quot;W50P80&quot;,
        &quot;ea2&quot;: &quot;Western Region&quot;
      }
    },
    {
      &quot;attributes&quot;: {
        &quot;owner&quot;: &quot;DFA&quot;,
        &quot;stage&quot;: &quot;Completed&quot;,
        &quot;ea1&quot;: &quot;W50P80&quot;,
        &quot;ea2&quot;: &quot;Western Region&quot;
      }
    },
    {
      &quot;attributes&quot;: {
        &quot;owner&quot;: &quot;DFA&quot;,
        &quot;stage&quot;: &quot;Completed&quot;,
        &quot;ea1&quot;: &quot;G51P14&quot;,
        &quot;ea2&quot;: &quot;Gauteng South&quot;
      }
    },
    {
      &quot;attributes&quot;: {
        &quot;owner&quot;: &quot;DFA&quot;,
        &quot;stage&quot;: &quot;Completed&quot;,
        &quot;ea1&quot;: &quot;G51P14&quot;,
        &quot;ea2&quot;: &quot;Gauteng South&quot;
      }
    },
    {
      &quot;attributes&quot;: {
        &quot;owner&quot;: &quot;DFA&quot;,
        &quot;stage&quot;: &quot;Completed&quot;,
        &quot;ea1&quot;: &quot;G51P14&quot;,
        &quot;ea2&quot;: &quot;Gauteng South&quot;
      }
    },
    {
      &quot;attributes&quot;: {
        &quot;owner&quot;: &quot;DFA&quot;,
        &quot;stage&quot;: &quot;Completed&quot;,
        &quot;ea1&quot;: &quot;G51P14&quot;,
        &quot;ea2&quot;: &quot;Gauteng South&quot;
      }
    },
    {
      &quot;attributes&quot;: {
        &quot;owner&quot;: &quot;DFA&quot;,
        &quot;stage&quot;: &quot;Completed&quot;,
        &quot;ea1&quot;: &quot;G51P14&quot;,
        &quot;ea2&quot;: &quot;Gauteng South&quot;
      }
    },
    {
      &quot;attributes&quot;: {
        &quot;owner&quot;: &quot;DFA&quot;,
        &quot;stage&quot;: &quot;Completed&quot;,
        &quot;ea1&quot;: &quot;G52P60&quot;,
        &quot;ea2&quot;: &quot;Gauteng South&quot;
      }
    },
    {
      &quot;attributes&quot;: {
        &quot;owner&quot;: &quot;DFA&quot;,
        &quot;stage&quot;: &quot;Completed&quot;,
        &quot;ea1&quot;: &quot;G52P60&quot;,
        &quot;ea2&quot;: &quot;Gauteng South&quot;
      }
    },
    {
      &quot;attributes&quot;: {
        &quot;owner&quot;: &quot;DFA&quot;,
        &quot;stage&quot;: &quot;Completed&quot;,
        &quot;ea1&quot;: &quot;G52P60&quot;,
        &quot;ea2&quot;: &quot;Gauteng South&quot;
      }
    },
    {
      &quot;attributes&quot;: {
        &quot;owner&quot;: &quot;DFA&quot;,
        &quot;stage&quot;: &quot;Completed&quot;,
        &quot;ea1&quot;: &quot;G52P60&quot;,
        &quot;ea2&quot;: &quot;Gauteng South&quot;
      }
    },
    {
      &quot;attributes&quot;: {
        &quot;owner&quot;: &quot;DFA&quot;,
        &quot;stage&quot;: &quot;Completed&quot;,
        &quot;ea1&quot;: &quot;G52P60&quot;,
        &quot;ea2&quot;: &quot;Gauteng South&quot;
      }
    },
    {
      &quot;attributes&quot;: {
        &quot;owner&quot;: &quot;DFA&quot;,
        &quot;stage&quot;: &quot;Completed&quot;,
        &quot;ea1&quot;: &quot;G52P37&quot;,
        &quot;ea2&quot;: &quot;Gauteng South&quot;
      }
    },
    {
      &quot;attributes&quot;: {
        &quot;owner&quot;: &quot;DFA&quot;,
        &quot;stage&quot;: &quot;Completed&quot;,
        &quot;ea1&quot;: &quot;W50P90&quot;,
        &quot;ea2&quot;: &quot;Western Region&quot;
      }
    },
    {
      &quot;attributes&quot;: {
        &quot;owner&quot;: &quot;DFA&quot;,
        &quot;stage&quot;: &quot;Completed&quot;,
        &quot;ea1&quot;: &quot;W50P90&quot;,
        &quot;ea2&quot;: &quot;Western Region&quot;
      }
    },
    {
      &quot;attributes&quot;: {
        &quot;owner&quot;: &quot;DFA&quot;,
        &quot;stage&quot;: &quot;Completed&quot;,
        &quot;ea1&quot;: &quot;G52P37&quot;,
        &quot;ea2&quot;: &quot;Gauteng South&quot;
      }
    },
    {
      &quot;attributes&quot;: {
        &quot;owner&quot;: &quot;DFA&quot;,
        &quot;stage&quot;: &quot;Completed&quot;,
        &quot;ea1&quot;: &quot;G52P37&quot;,
        &quot;ea2&quot;: &quot;Gauteng South&quot;
      }
    },
    {
      &quot;attributes&quot;: {
        &quot;owner&quot;: &quot;DFA&quot;,
        &quot;stage&quot;: &quot;Completed&quot;,
        &quot;ea1&quot;: &quot;W20P37&quot;,
        &quot;ea2&quot;: &quot;Western Region&quot;
      }
    },
    {
      &quot;attributes&quot;: {
        &quot;owner&quot;: &quot;DFA&quot;,
        &quot;stage&quot;: &quot;Completed&quot;,
        &quot;ea1&quot;: &quot;W20P37&quot;,
        &quot;ea2&quot;: &quot;Western Region&quot;
      }
    },
    {
      &quot;attributes&quot;: {
        &quot;owner&quot;: &quot;DFA&quot;,
        &quot;stage&quot;: &quot;Completed&quot;,
        &quot;ea1&quot;: &quot;W20P37&quot;,
        &quot;ea2&quot;: &quot;Western Region&quot;
      }
    },
    {
      &quot;attributes&quot;: {
        &quot;owner&quot;: &quot;DFA&quot;,
        &quot;stage&quot;: &quot;Completed&quot;,
        &quot;ea1&quot;: &quot;W20P37&quot;,
        &quot;ea2&quot;: &quot;Western Region&quot;
      }
    },
    {
      &quot;attributes&quot;: {
        &quot;owner&quot;: &quot;DFA&quot;,
        &quot;stage&quot;: &quot;Completed&quot;,
        &quot;ea1&quot;: &quot;W20P05&quot;,
        &quot;ea2&quot;: &quot;Western Region&quot;
      }
    },
    {
      &quot;attributes&quot;: {
        &quot;owner&quot;: &quot;DFA&quot;,
        &quot;stage&quot;: &quot;Completed&quot;,
        &quot;ea1&quot;: &quot;W20P02&quot;,
        &quot;ea2&quot;: &quot;Western Region&quot;
      }
    },
    {
      &quot;attributes&quot;: {
        &quot;owner&quot;: &quot;DFA&quot;,
        &quot;stage&quot;: &quot;Completed&quot;,
        &quot;ea1&quot;: &quot;W20P05&quot;,
        &quot;ea2&quot;: &quot;Western Region&quot;
      }
    },
    {
      &quot;attributes&quot;: {
        &quot;owner&quot;: &quot;DFA&quot;,
        &quot;stage&quot;: &quot;Completed&quot;,
        &quot;ea1&quot;: &quot;W20P05&quot;,
        &quot;ea2&quot;: &quot;Western Region&quot;
      }
    },
    {
      &quot;attributes&quot;: {
        &quot;owner&quot;: &quot;DFA&quot;,
        &quot;stage&quot;: &quot;Completed&quot;,
        &quot;ea1&quot;: &quot;W20P05&quot;,
        &quot;ea2&quot;: &quot;Western Region&quot;
      }
    },
    {
      &quot;attributes&quot;: {
        &quot;owner&quot;: &quot;DFA&quot;,
        &quot;stage&quot;: &quot;Completed&quot;,
        &quot;ea1&quot;: &quot;W20P05&quot;,
        &quot;ea2&quot;: &quot;Western Region&quot;
      }
    },
    {
      &quot;attributes&quot;: {
        &quot;owner&quot;: &quot;DFA&quot;,
        &quot;stage&quot;: &quot;Completed&quot;,
        &quot;ea1&quot;: &quot;W20P05&quot;,
        &quot;ea2&quot;: &quot;Western Region&quot;
      }
    },
    {
      &quot;attributes&quot;: {
        &quot;owner&quot;: &quot;DFA&quot;,
        &quot;stage&quot;: &quot;Completed&quot;,
        &quot;ea1&quot;: &quot;W20P05&quot;,
        &quot;ea2&quot;: &quot;Western Region&quot;
      }
    },
    {
      &quot;attributes&quot;: {
        &quot;owner&quot;: &quot;DFA&quot;,
        &quot;stage&quot;: &quot;Completed&quot;,
        &quot;ea1&quot;: &quot;W20P05&quot;,
        &quot;ea2&quot;: &quot;Western Region&quot;
      }
    },
    {
      &quot;attributes&quot;: {
        &quot;owner&quot;: &quot;DFA&quot;,
        &quot;stage&quot;: &quot;Completed&quot;,
        &quot;ea1&quot;: &quot;W20P05&quot;,
        &quot;ea2&quot;: &quot;Western Region&quot;
      }
    },
    {
      &quot;attributes&quot;: {
        &quot;owner&quot;: &quot;DFA&quot;,
        &quot;stage&quot;: &quot;Completed&quot;,
        &quot;ea1&quot;: &quot;G51P31&quot;,
        &quot;ea2&quot;: &quot;Gauteng South&quot;
      }
    },
    {
      &quot;attributes&quot;: {
        &quot;owner&quot;: &quot;DFA&quot;,
        &quot;stage&quot;: &quot;Completed&quot;,
        &quot;ea1&quot;: &quot;G51P31&quot;,
        &quot;ea2&quot;: &quot;Gauteng South&quot;
      }
    },
    {
      &quot;attributes&quot;: {
        &quot;owner&quot;: &quot;DFA&quot;,
        &quot;stage&quot;: &quot;Completed&quot;,
        &quot;ea1&quot;: &quot;G51P31&quot;,
        &quot;ea2&quot;: &quot;Gauteng South&quot;
      }
    },
    {
      &quot;attributes&quot;: {
        &quot;owner&quot;: &quot;DFA&quot;,
        &quot;stage&quot;: &quot;Completed&quot;,
        &quot;ea1&quot;: &quot;G51P31&quot;,
        &quot;ea2&quot;: &quot;Gauteng South&quot;
      }
    },
    {
      &quot;attributes&quot;: {
        &quot;owner&quot;: &quot;DFA&quot;,
        &quot;stage&quot;: &quot;Completed&quot;,
        &quot;ea1&quot;: &quot;G51P31&quot;,
        &quot;ea2&quot;: &quot;Gauteng South&quot;
      }
    },
    {
      &quot;attributes&quot;: {
        &quot;owner&quot;: &quot;DFA&quot;,
        &quot;stage&quot;: &quot;Completed&quot;,
        &quot;ea1&quot;: &quot;G51P31&quot;,
        &quot;ea2&quot;: &quot;Gauteng South&quot;
      }
    },
    {
      &quot;attributes&quot;: {
        &quot;owner&quot;: &quot;DFA&quot;,
        &quot;stage&quot;: &quot;Completed&quot;,
        &quot;ea1&quot;: &quot;G51P31&quot;,
        &quot;ea2&quot;: &quot;Gauteng South&quot;
      }
    },
    {
      &quot;attributes&quot;: {
        &quot;owner&quot;: &quot;DFA&quot;,
        &quot;stage&quot;: &quot;Completed&quot;,
        &quot;ea1&quot;: &quot;G51P31&quot;,
        &quot;ea2&quot;: &quot;Gauteng South&quot;
      }
    },
    {
      &quot;attributes&quot;: {
        &quot;owner&quot;: &quot;DFA&quot;,
        &quot;stage&quot;: &quot;Completed&quot;,
        &quot;ea1&quot;: &quot;G51P31&quot;,
        &quot;ea2&quot;: &quot;Gauteng South&quot;
      }
    },
    {
      &quot;attributes&quot;: {
        &quot;owner&quot;: &quot;DFA&quot;,
        &quot;stage&quot;: &quot;Completed&quot;,
        &quot;ea1&quot;: &quot;G03P01&quot;,
        &quot;ea2&quot;: &quot;Gauteng South&quot;
      }
    },
    {
      &quot;attributes&quot;: {
        &quot;owner&quot;: &quot;DFA&quot;,
        &quot;stage&quot;: &quot;Construction&quot;,
        &quot;ea1&quot;: &quot;G01P14&quot;,
        &quot;ea2&quot;: &quot;Gauteng South&quot;
      }
    },
    {
      &quot;attributes&quot;: {
        &quot;owner&quot;: &quot;DFA&quot;,
        &quot;stage&quot;: &quot;Completed&quot;,
        &quot;ea1&quot;: &quot;W50P62&quot;,
        &quot;ea2&quot;: &quot;Western Region&quot;
      }
    },
    {
      &quot;attributes&quot;: {
        &quot;owner&quot;: &quot;DFA&quot;,
        &quot;stage&quot;: &quot;Completed&quot;,
        &quot;ea1&quot;: &quot;W50P62&quot;,
        &quot;ea2&quot;: &quot;Western Region&quot;
      }
    },
    {
      &quot;attributes&quot;: {
        &quot;owner&quot;: &quot;DFA&quot;,
        &quot;stage&quot;: &quot;Completed&quot;,
        &quot;ea1&quot;: &quot;W50P62&quot;,
        &quot;ea2&quot;: &quot;Western Region&quot;
      }
    },
    {
      &quot;attributes&quot;: {
        &quot;owner&quot;: &quot;DFA&quot;,
        &quot;stage&quot;: &quot;Completed&quot;,
        &quot;ea1&quot;: &quot;W50P62&quot;,
        &quot;ea2&quot;: &quot;Western Region&quot;
      }
    },
    {
      &quot;attributes&quot;: {
        &quot;owner&quot;: &quot;DFA&quot;,
        &quot;stage&quot;: &quot;Completed&quot;,
        &quot;ea1&quot;: &quot;G20P09&quot;,
        &quot;ea2&quot;: &quot;Gauteng South&quot;
      }
    },
    {
      &quot;attributes&quot;: {
        &quot;owner&quot;: &quot;DFA&quot;,
        &quot;stage&quot;: &quot;Completed&quot;,
        &quot;ea1&quot;: &quot;G20P09&quot;,
        &quot;ea2&quot;: &quot;Gauteng South&quot;
      }
    },
    {
      &quot;attributes&quot;: {
        &quot;owner&quot;: &quot;DFA&quot;,
        &quot;stage&quot;: &quot;Completed&quot;,
        &quot;ea1&quot;: &quot;G20P09&quot;,
        &quot;ea2&quot;: &quot;Gauteng South&quot;
      }
    },
    {
      &quot;attributes&quot;: {
        &quot;owner&quot;: &quot;DFA&quot;,
        &quot;stage&quot;: &quot;Completed&quot;,
        &quot;ea1&quot;: &quot;W20P21&quot;,
        &quot;ea2&quot;: &quot;Western Region&quot;
      }
    },
    {
      &quot;attributes&quot;: {
        &quot;owner&quot;: &quot;DFA&quot;,
        &quot;stage&quot;: &quot;Completed&quot;,
        &quot;ea1&quot;: &quot;W20P21&quot;,
        &quot;ea2&quot;: &quot;Western Region&quot;
      }
    },
    {
      &quot;attributes&quot;: {
        &quot;owner&quot;: &quot;DFA&quot;,
        &quot;stage&quot;: &quot;Completed&quot;,
        &quot;ea1&quot;: &quot;W20P21&quot;,
        &quot;ea2&quot;: &quot;Western Region&quot;
      }
    },
    {
      &quot;attributes&quot;: {
        &quot;owner&quot;: &quot;DFA&quot;,
        &quot;stage&quot;: &quot;Completed&quot;,
        &quot;ea1&quot;: &quot;W20P21&quot;,
        &quot;ea2&quot;: &quot;Western Region&quot;
      }
    },
    {
      &quot;attributes&quot;: {
        &quot;owner&quot;: &quot;DFA&quot;,
        &quot;stage&quot;: &quot;Completed&quot;,
        &quot;ea1&quot;: &quot;W20P21&quot;,
        &quot;ea2&quot;: &quot;Western Region&quot;
      }
    },
    {
      &quot;attributes&quot;: {
        &quot;owner&quot;: &quot;DFA&quot;,
        &quot;stage&quot;: &quot;Completed&quot;,
        &quot;ea1&quot;: &quot;W20P21&quot;,
        &quot;ea2&quot;: &quot;Western Region&quot;
      }
    },
    {
      &quot;attributes&quot;: {
        &quot;owner&quot;: &quot;DFA&quot;,
        &quot;stage&quot;: &quot;Completed&quot;,
        &quot;ea1&quot;: &quot;W20P21&quot;,
        &quot;ea2&quot;: &quot;Western Region&quot;
      }
    },
    {
      &quot;attributes&quot;: {
        &quot;owner&quot;: &quot;DFA&quot;,
        &quot;stage&quot;: &quot;Completed&quot;,
        &quot;ea1&quot;: &quot;W20P21&quot;,
        &quot;ea2&quot;: &quot;Western Region&quot;
      }
    },
    {
      &quot;attributes&quot;: {
        &quot;owner&quot;: &quot;DFA&quot;,
        &quot;stage&quot;: &quot;Completed&quot;,
        &quot;ea1&quot;: &quot;W20P21&quot;,
        &quot;ea2&quot;: &quot;Western Region&quot;
      }
    },
    {
      &quot;attributes&quot;: {
        &quot;owner&quot;: &quot;DFA&quot;,
        &quot;stage&quot;: &quot;Completed&quot;,
        &quot;ea1&quot;: &quot;W20P21&quot;,
        &quot;ea2&quot;: &quot;Western Region&quot;
      }
    },
    {
      &quot;attributes&quot;: {
        &quot;owner&quot;: &quot;DFA&quot;,
        &quot;stage&quot;: &quot;Completed&quot;,
        &quot;ea1&quot;: &quot;W20P21&quot;,
        &quot;ea2&quot;: &quot;Western Region&quot;
      }
    },
    {
      &quot;attributes&quot;: {
        &quot;owner&quot;: &quot;DFA&quot;,
        &quot;stage&quot;: &quot;Completed&quot;,
        &quot;ea1&quot;: &quot;W20P21&quot;,
        &quot;ea2&quot;: &quot;Western Region&quot;
      }
    },
    {
      &quot;attributes&quot;: {
        &quot;owner&quot;: &quot;DFA&quot;,
        &quot;stage&quot;: &quot;Completed&quot;,
        &quot;ea1&quot;: &quot;W20P21&quot;,
        &quot;ea2&quot;: &quot;Western Region&quot;
      }
    },
    {
      &quot;attributes&quot;: {
        &quot;owner&quot;: &quot;DFA&quot;,
        &quot;stage&quot;: &quot;Completed&quot;,
        &quot;ea1&quot;: &quot;W20P21&quot;,
        &quot;ea2&quot;: &quot;Western Region&quot;
      }
    },
    {
      &quot;attributes&quot;: {
        &quot;owner&quot;: &quot;DFA&quot;,
        &quot;stage&quot;: &quot;Completed&quot;,
        &quot;ea1&quot;: &quot;W20P21&quot;,
        &quot;ea2&quot;: &quot;Western Region&quot;
      }
    },
    {
      &quot;attributes&quot;: {
        &quot;owner&quot;: &quot;DFA&quot;,
        &quot;stage&quot;: &quot;Completed&quot;,
        &quot;ea1&quot;: &quot;W20P21&quot;,
        &quot;ea2&quot;: &quot;Western Region&quot;
      }
    },
    {
      &quot;attributes&quot;: {
        &quot;owner&quot;: &quot;DFA&quot;,
        &quot;stage&quot;: &quot;Completed&quot;,
        &quot;ea1&quot;: &quot;W50P48&quot;,
        &quot;ea2&quot;: &quot;Western Region&quot;
      }
    },
    {
      &quot;attributes&quot;: {
        &quot;owner&quot;: &quot;DFA&quot;,
        &quot;stage&quot;: &quot;Completed&quot;,
        &quot;ea1&quot;: &quot;W50P48&quot;,
        &quot;ea2&quot;: &quot;Western Region&quot;
      }
    },
    {
      &quot;attributes&quot;: {
        &quot;owner&quot;: &quot;DFA&quot;,
        &quot;stage&quot;: &quot;Completed&quot;,
        &quot;ea1&quot;: &quot;W50P48&quot;,
        &quot;ea2&quot;: &quot;Western Region&quot;
      }
    },
    {
      &quot;attributes&quot;: {
        &quot;owner&quot;: &quot;DFA&quot;,
        &quot;stage&quot;: &quot;Completed&quot;,
        &quot;ea1&quot;: &quot;W50P48&quot;,
        &quot;ea2&quot;: &quot;Western Region&quot;
      }
    },
    {
      &quot;attributes&quot;: {
        &quot;owner&quot;: &quot;DFA&quot;,
        &quot;stage&quot;: &quot;Completed&quot;,
        &quot;ea1&quot;: &quot;W50P48&quot;,
        &quot;ea2&quot;: &quot;Western Region&quot;
      }
    },
    {
      &quot;attributes&quot;: {
        &quot;owner&quot;: &quot;DFA&quot;,
        &quot;stage&quot;: &quot;Completed&quot;,
        &quot;ea1&quot;: &quot;W50P48&quot;,
        &quot;ea2&quot;: &quot;Western Region&quot;
      }
    },
    {
      &quot;attributes&quot;: {
        &quot;owner&quot;: &quot;DFA&quot;,
        &quot;stage&quot;: &quot;Completed&quot;,
        &quot;ea1&quot;: &quot;W50P48&quot;,
        &quot;ea2&quot;: &quot;Western Region&quot;
      }
    },
    {
      &quot;attributes&quot;: {
        &quot;owner&quot;: &quot;DFA&quot;,
        &quot;stage&quot;: &quot;Construction&quot;,
        &quot;ea1&quot;: &quot;none&quot;,
        &quot;ea2&quot;: &quot;None&quot;
      }
    },
    {
      &quot;attributes&quot;: {
        &quot;owner&quot;: &quot;DFA&quot;,
        &quot;stage&quot;: &quot;Completed&quot;,
        &quot;ea1&quot;: &quot;W50P48&quot;,
        &quot;ea2&quot;: &quot;Western Region&quot;
      }
    },
    {
      &quot;attributes&quot;: {
        &quot;owner&quot;: &quot;DFA&quot;,
        &quot;stage&quot;: &quot;Completed&quot;,
        &quot;ea1&quot;: &quot;W50P48&quot;,
        &quot;ea2&quot;: &quot;Western Region&quot;
      }
    },
    {
      &quot;attributes&quot;: {
        &quot;owner&quot;: &quot;DFA&quot;,
        &quot;stage&quot;: &quot;Completed&quot;,
        &quot;ea1&quot;: &quot;W50P48&quot;,
        &quot;ea2&quot;: &quot;Western Region&quot;
      }
    },
    {
      &quot;attributes&quot;: {
        &quot;owner&quot;: &quot;DFA&quot;,
        &quot;stage&quot;: &quot;Completed&quot;,
        &quot;ea1&quot;: &quot;W50P48&quot;,
        &quot;ea2&quot;: &quot;Western Region&quot;
      }
    },
    {
      &quot;attributes&quot;: {
        &quot;owner&quot;: &quot;DFA&quot;,
        &quot;stage&quot;: &quot;Completed&quot;,
        &quot;ea1&quot;: &quot;W50P91 &quot;,
        &quot;ea2&quot;: &quot;Western Region&quot;
      }
    },
    {
      &quot;attributes&quot;: {
        &quot;owner&quot;: &quot;DFA&quot;,
        &quot;stage&quot;: &quot;Completed&quot;,
        &quot;ea1&quot;: &quot;W50P91 &quot;,
        &quot;ea2&quot;: &quot;Western Region&quot;
      }
    },
    {
      &quot;attributes&quot;: {
        &quot;owner&quot;: &quot;DFA&quot;,
        &quot;stage&quot;: &quot;Completed&quot;,
        &quot;ea1&quot;: &quot;W50P91 &quot;,
        &quot;ea2&quot;: &quot;Western Region&quot;
      }
    },
    {
      &quot;attributes&quot;: {
        &quot;owner&quot;: &quot;DFA&quot;,
        &quot;stage&quot;: &quot;Completed&quot;,
        &quot;ea1&quot;: &quot;W50P91 &quot;,
        &quot;ea2&quot;: &quot;Western Region&quot;
      }
    },
    {
      &quot;attributes&quot;: {
        &quot;owner&quot;: &quot;DFA&quot;,
        &quot;stage&quot;: &quot;Completed&quot;,
        &quot;ea1&quot;: &quot;W50P91&quot;,
        &quot;ea2&quot;: &quot;Western Region&quot;
      }
    },
    {
      &quot;attributes&quot;: {
        &quot;owner&quot;: &quot;DFA&quot;,
        &quot;stage&quot;: &quot;Completed&quot;,
        &quot;ea1&quot;: &quot;W50P91 &quot;,
        &quot;ea2&quot;: &quot;Western Region&quot;
      }
    },
    {
      &quot;attributes&quot;: {
        &quot;owner&quot;: &quot;DFA&quot;,
        &quot;stage&quot;: &quot;Completed&quot;,
        &quot;ea1&quot;: &quot;W50P91&quot;,
        &quot;ea2&quot;: &quot;Western Region&quot;
      }
    },
    {
      &quot;attributes&quot;: {
        &quot;owner&quot;: &quot;DFA&quot;,
        &quot;stage&quot;: &quot;Completed&quot;,
        &quot;ea1&quot;: &quot;W50P91&quot;,
        &quot;ea2&quot;: &quot;Western Region&quot;
      }
    },
    {
      &quot;attributes&quot;: {
        &quot;owner&quot;: &quot;DFA&quot;,
        &quot;stage&quot;: &quot;Completed&quot;,
        &quot;ea1&quot;: &quot;W50P91&quot;,
        &quot;ea2&quot;: &quot;Western Region&quot;
      }
    },
    {
      &quot;attributes&quot;: {
        &quot;owner&quot;: &quot;DFA&quot;,
        &quot;stage&quot;: &quot;Completed&quot;,
        &quot;ea1&quot;: &quot;W50P91&quot;,
        &quot;ea2&quot;: &quot;Western Region&quot;
      }
    },
    {
      &quot;attributes&quot;: {
        &quot;owner&quot;: &quot;DFA&quot;,
        &quot;stage&quot;: &quot;Completed&quot;,
        &quot;ea1&quot;: &quot;NB30P08&quot;,
        &quot;ea2&quot;: &quot;Northern Region&quot;
      }
    },
    {
      &quot;attributes&quot;: {
        &quot;owner&quot;: &quot;DFA&quot;,
        &quot;stage&quot;: &quot;Construction&quot;,
        &quot;ea1&quot;: &quot;K20P65&quot;,
        &quot;ea2&quot;: &quot;Kwa-Zulu Natal&quot;
      }
    },
    {
      &quot;attributes&quot;: {
        &quot;owner&quot;: &quot;DFA&quot;,
        &quot;stage&quot;: &quot;Completed&quot;,
        &quot;ea1&quot;: &quot;none&quot;,
        &quot;ea2&quot;: &quot;None&quot;
      }
    },
    {
      &quot;attributes&quot;: {
        &quot;owner&quot;: &quot;DFA&quot;,
        &quot;stage&quot;: &quot;Completed&quot;,
        &quot;ea1&quot;: &quot;none&quot;,
        &quot;ea2&quot;: &quot;None&quot;
      }
    },
    {
      &quot;attributes&quot;: {
        &quot;owner&quot;: &quot;DFA&quot;,
        &quot;stage&quot;: &quot;Completed&quot;,
        &quot;ea1&quot;: &quot;none&quot;,
        &quot;ea2&quot;: &quot;None&quot;
      }
    },
    {
      &quot;attributes&quot;: {
        &quot;owner&quot;: &quot;DFA&quot;,
        &quot;stage&quot;: &quot;Completed&quot;,
        &quot;ea1&quot;: &quot;W20P44&quot;,
        &quot;ea2&quot;: &quot;Western Region&quot;
      }
    },
    {
      &quot;attributes&quot;: {
        &quot;owner&quot;: &quot;DFA&quot;,
        &quot;stage&quot;: &quot;Completed&quot;,
        &quot;ea1&quot;: &quot;none&quot;,
        &quot;ea2&quot;: &quot;None&quot;
      }
    },
    {
      &quot;attributes&quot;: {
        &quot;owner&quot;: &quot;DFA&quot;,
        &quot;stage&quot;: &quot;Completed&quot;,
        &quot;ea1&quot;: &quot;none&quot;,
        &quot;ea2&quot;: &quot;Northern Region&quot;
      }
    },
    {
      &quot;attributes&quot;: {
        &quot;owner&quot;: &quot;DFA&quot;,
        &quot;stage&quot;: &quot;Completed&quot;,
        &quot;ea1&quot;: &quot;none&quot;,
        &quot;ea2&quot;: &quot;Northern Region&quot;
      }
    },
    {
      &quot;attributes&quot;: {
        &quot;owner&quot;: &quot;DFA&quot;,
        &quot;stage&quot;: &quot;Completed&quot;,
        &quot;ea1&quot;: &quot;W51P18&quot;,
        &quot;ea2&quot;: &quot;Western Region&quot;
      }
    },
    {
      &quot;attributes&quot;: {
        &quot;owner&quot;: &quot;DFA&quot;,
        &quot;stage&quot;: &quot;Completed&quot;,
        &quot;ea1&quot;: &quot;W51P18&quot;,
        &quot;ea2&quot;: &quot;Western Region&quot;
      }
    },
    {
      &quot;attributes&quot;: {
        &quot;owner&quot;: &quot;DFA&quot;,
        &quot;stage&quot;: &quot;Completed&quot;,
        &quot;ea1&quot;: &quot;W50P91&quot;,
        &quot;ea2&quot;: &quot;Western Region&quot;
      }
    },
    {
      &quot;attributes&quot;: {
        &quot;owner&quot;: &quot;DFA&quot;,
        &quot;stage&quot;: &quot;Completed&quot;,
        &quot;ea1&quot;: &quot;W01P08&quot;,
        &quot;ea2&quot;: &quot;Western Region&quot;
      }
    },
    {
      &quot;attributes&quot;: {
        &quot;owner&quot;: &quot;DFA&quot;,
        &quot;stage&quot;: &quot;Completed&quot;,
        &quot;ea1&quot;: &quot;W01P08&quot;,
        &quot;ea2&quot;: &quot;Western Region&quot;
      }
    },
    {
      &quot;attributes&quot;: {
        &quot;owner&quot;: &quot;DFA&quot;,
        &quot;stage&quot;: &quot;Completed&quot;,
        &quot;ea1&quot;: &quot;W01P08&quot;,
        &quot;ea2&quot;: &quot;Western Region&quot;
      }
    },
    {
      &quot;attributes&quot;: {
        &quot;owner&quot;: &quot;DFA&quot;,
        &quot;stage&quot;: &quot;Completed&quot;,
        &quot;ea1&quot;: &quot;W01P08&quot;,
        &quot;ea2&quot;: &quot;Western Region&quot;
      }
    },
    {
      &quot;attributes&quot;: {
        &quot;owner&quot;: &quot;DFA&quot;,
        &quot;stage&quot;: &quot;Completed&quot;,
        &quot;ea1&quot;: &quot;W50P09&quot;,
        &quot;ea2&quot;: &quot;Western Region&quot;
      }
    },
    {
      &quot;attributes&quot;: {
        &quot;owner&quot;: &quot;DFA&quot;,
        &quot;stage&quot;: &quot;Completed&quot;,
        &quot;ea1&quot;: &quot;W50P09&quot;,
        &quot;ea2&quot;: &quot;Western Region&quot;
      }
    },
    {
      &quot;attributes&quot;: {
        &quot;owner&quot;: &quot;DFA&quot;,
        &quot;stage&quot;: &quot;Completed&quot;,
        &quot;ea1&quot;: &quot;W50P09&quot;,
        &quot;ea2&quot;: &quot;Western Region&quot;
      }
    },
    {
      &quot;attributes&quot;: {
        &quot;owner&quot;: &quot;DFA&quot;,
        &quot;stage&quot;: &quot;Completed&quot;,
        &quot;ea1&quot;: &quot;W50P09&quot;,
        &quot;ea2&quot;: &quot;Western Region&quot;
      }
    },
    {
      &quot;attributes&quot;: {
        &quot;owner&quot;: &quot;DFA&quot;,
        &quot;stage&quot;: &quot;Completed&quot;,
        &quot;ea1&quot;: &quot;W50P09&quot;,
        &quot;ea2&quot;: &quot;Western Region&quot;
      }
    },
    {
      &quot;attributes&quot;: {
        &quot;owner&quot;: &quot;DFA&quot;,
        &quot;stage&quot;: &quot;Completed&quot;,
        &quot;ea1&quot;: &quot;W50P09&quot;,
        &quot;ea2&quot;: &quot;Western Region&quot;
      }
    },
    {
      &quot;attributes&quot;: {
        &quot;owner&quot;: &quot;DFA&quot;,
        &quot;stage&quot;: &quot;Completed&quot;,
        &quot;ea1&quot;: &quot;W50P09&quot;,
        &quot;ea2&quot;: &quot;Western Region&quot;
      }
    },
    {
      &quot;attributes&quot;: {
        &quot;owner&quot;: &quot;DFA&quot;,
        &quot;stage&quot;: &quot;Completed&quot;,
        &quot;ea1&quot;: &quot;W50P09&quot;,
        &quot;ea2&quot;: &quot;Western Region&quot;
      }
    },
    {
      &quot;attributes&quot;: {
        &quot;owner&quot;: &quot;DFA&quot;,
        &quot;stage&quot;: &quot;Completed&quot;,
        &quot;ea1&quot;: &quot;W50P09&quot;,
        &quot;ea2&quot;: &quot;Western Region&quot;
      }
    },
    {
      &quot;attributes&quot;: {
        &quot;owner&quot;: &quot;DFA&quot;,
        &quot;stage&quot;: &quot;Completed&quot;,
        &quot;ea1&quot;: &quot;W50P09&quot;,
        &quot;ea2&quot;: &quot;Western Region&quot;
      }
    },
    {
      &quot;attributes&quot;: {
        &quot;owner&quot;: &quot;DFA&quot;,
        &quot;stage&quot;: &quot;Completed&quot;,
        &quot;ea1&quot;: &quot;W50P09&quot;,
        &quot;ea2&quot;: &quot;Western Region&quot;
      }
    },
    {
      &quot;attributes&quot;: {
        &quot;owner&quot;: &quot;DFA&quot;,
        &quot;stage&quot;: &quot;Completed&quot;,
        &quot;ea1&quot;: &quot;W50P09&quot;,
        &quot;ea2&quot;: &quot;Western Region&quot;
      }
    },
    {
      &quot;attributes&quot;: {
        &quot;owner&quot;: &quot;DFA&quot;,
        &quot;stage&quot;: &quot;Construction&quot;,
        &quot;ea1&quot;: &quot;G50P49&quot;,
        &quot;ea2&quot;: &quot;Gauteng South&quot;
      }
    },
    {
      &quot;attributes&quot;: {
        &quot;owner&quot;: &quot;DFA&quot;,
        &quot;stage&quot;: &quot;Completed&quot;,
        &quot;ea1&quot;: &quot;G50P53&quot;,
        &quot;ea2&quot;: &quot;Gauteng South&quot;
      }
    },
    {
      &quot;attributes&quot;: {
        &quot;owner&quot;: &quot;DFA&quot;,
        &quot;stage&quot;: &quot;Completed&quot;,
        &quot;ea1&quot;: &quot;G51P31&quot;,
        &quot;ea2&quot;: &quot;Gauteng South&quot;
      }
    },
    {
      &quot;attributes&quot;: {
        &quot;owner&quot;: &quot;DFA&quot;,
        &quot;stage&quot;: &quot;Completed&quot;,
        &quot;ea1&quot;: &quot;G51P31&quot;,
        &quot;ea2&quot;: &quot;Gauteng South&quot;
      }
    },
    {
      &quot;attributes&quot;: {
        &quot;owner&quot;: &quot;DFA&quot;,
        &quot;stage&quot;: &quot;Completed&quot;,
        &quot;ea1&quot;: &quot;G51P31&quot;,
        &quot;ea2&quot;: &quot;Gauteng South&quot;
      }
    },
    {
      &quot;attributes&quot;: {
        &quot;owner&quot;: &quot;DFA&quot;,
        &quot;stage&quot;: &quot;Completed&quot;,
        &quot;ea1&quot;: &quot;G51P31&quot;,
        &quot;ea2&quot;: &quot;Gauteng South&quot;
      }
    },
    {
      &quot;attributes&quot;: {
        &quot;owner&quot;: &quot;DFA&quot;,
        &quot;stage&quot;: &quot;Completed&quot;,
        &quot;ea1&quot;: &quot;G51P31&quot;,
        &quot;ea2&quot;: &quot;Gauteng South&quot;
      }
    },
    {
      &quot;attributes&quot;: {
        &quot;owner&quot;: &quot;DFA&quot;,
        &quot;stage&quot;: &quot;Completed&quot;,
        &quot;ea1&quot;: &quot;G51P31&quot;,
        &quot;ea2&quot;: &quot;Gauteng South&quot;
      }
    },
    {
      &quot;attributes&quot;: {
        &quot;owner&quot;: &quot;DFA&quot;,
        &quot;stage&quot;: &quot;Completed&quot;,
        &quot;ea1&quot;: &quot;G51P31&quot;,
        &quot;ea2&quot;: &quot;Gauteng South&quot;
      }
    },
    {
      &quot;attributes&quot;: {
        &quot;owner&quot;: &quot;DFA&quot;,
        &quot;stage&quot;: &quot;Construction&quot;,
        &quot;ea1&quot;: &quot;K50P10&quot;,
        &quot;ea2&quot;: &quot;Kwa-Zulu Natal&quot;
      }
    },
    {
      &quot;attributes&quot;: {
        &quot;owner&quot;: &quot;DFA&quot;,
        &quot;stage&quot;: &quot;Completed&quot;,
        &quot;ea1&quot;: &quot;W01P08&quot;,
        &quot;ea2&quot;: &quot;Western Region&quot;
      }
    },
    {
      &quot;attributes&quot;: {
        &quot;owner&quot;: &quot;DFA&quot;,
        &quot;stage&quot;: &quot;Construction&quot;,
        &quot;ea1&quot;: &quot;none&quot;,
        &quot;ea2&quot;: &quot;None&quot;
      }
    },
    {
      &quot;attributes&quot;: {
        &quot;owner&quot;: &quot;DFA&quot;,
        &quot;stage&quot;: &quot;Completed&quot;,
        &quot;ea1&quot;: &quot;W01P08&quot;,
        &quot;ea2&quot;: &quot;Western Region&quot;
      }
    },
    {
      &quot;attributes&quot;: {
        &quot;owner&quot;: &quot;DFA&quot;,
        &quot;stage&quot;: &quot;Completed&quot;,
        &quot;ea1&quot;: &quot;K50P10&quot;,
        &quot;ea2&quot;: &quot;Kwa-Zulu Natal&quot;
      }
    },
    {
      &quot;attributes&quot;: {
        &quot;owner&quot;: &quot;DFA&quot;,
        &quot;stage&quot;: &quot;Completed&quot;,
        &quot;ea1&quot;: &quot;K50P10&quot;,
        &quot;ea2&quot;: &quot;Kwa-Zulu Natal&quot;
      }
    },
    {
      &quot;attributes&quot;: {
        &quot;owner&quot;: &quot;DFA&quot;,
        &quot;stage&quot;: &quot;Completed&quot;,
        &quot;ea1&quot;: &quot;K50P10&quot;,
        &quot;ea2&quot;: &quot;Kwa-Zulu Natal&quot;
      }
    },
    {
      &quot;attributes&quot;: {
        &quot;owner&quot;: &quot;DFA&quot;,
        &quot;stage&quot;: &quot;Completed&quot;,
        &quot;ea1&quot;: &quot;K50P10&quot;,
        &quot;ea2&quot;: &quot;Kwa-Zulu Natal&quot;
      }
    },
    {
      &quot;attributes&quot;: {
        &quot;owner&quot;: &quot;DFA&quot;,
        &quot;stage&quot;: &quot;Completed&quot;,
        &quot;ea1&quot;: &quot;K50P10&quot;,
        &quot;ea2&quot;: &quot;Kwa-Zulu Natal&quot;
      }
    },
    {
      &quot;attributes&quot;: {
        &quot;owner&quot;: &quot;DFA&quot;,
        &quot;stage&quot;: &quot;Completed&quot;,
        &quot;ea1&quot;: &quot;K50P10&quot;,
        &quot;ea2&quot;: &quot;Kwa-Zulu Natal&quot;
      }
    },
    {
      &quot;attributes&quot;: {
        &quot;owner&quot;: &quot;DFA&quot;,
        &quot;stage&quot;: &quot;Completed&quot;,
        &quot;ea1&quot;: &quot;K50P10&quot;,
        &quot;ea2&quot;: &quot;Kwa-Zulu Natal&quot;
      }
    },
    {
      &quot;attributes&quot;: {
        &quot;owner&quot;: &quot;DFA&quot;,
        &quot;stage&quot;: &quot;Completed&quot;,
        &quot;ea1&quot;: &quot;K50P10&quot;,
        &quot;ea2&quot;: &quot;Kwa-Zulu Natal&quot;
      }
    },
    {
      &quot;attributes&quot;: {
        &quot;owner&quot;: &quot;DFA&quot;,
        &quot;stage&quot;: &quot;Completed&quot;,
        &quot;ea1&quot;: &quot;K50P10&quot;,
        &quot;ea2&quot;: &quot;Kwa-Zulu Natal&quot;
      }
    },
    {
      &quot;attributes&quot;: {
        &quot;owner&quot;: &quot;DFA&quot;,
        &quot;stage&quot;: &quot;Completed&quot;,
        &quot;ea1&quot;: &quot;K50P10&quot;,
        &quot;ea2&quot;: &quot;Kwa-Zulu Natal&quot;
      }
    },
    {
      &quot;attributes&quot;: {
        &quot;owner&quot;: &quot;DFA&quot;,
        &quot;stage&quot;: &quot;Completed&quot;,
        &quot;ea1&quot;: &quot;K50P10&quot;,
        &quot;ea2&quot;: &quot;Kwa-Zulu Natal&quot;
      }
    },
    {
      &quot;attributes&quot;: {
        &quot;owner&quot;: &quot;DFA&quot;,
        &quot;stage&quot;: &quot;Construction&quot;,
        &quot;ea1&quot;: &quot;K50P11&quot;,
        &quot;ea2&quot;: &quot;Kwa-Zulu Natal&quot;
      }
    },
    {
      &quot;attributes&quot;: {
        &quot;owner&quot;: &quot;DFA&quot;,
        &quot;stage&quot;: &quot;Construction&quot;,
        &quot;ea1&quot;: &quot;MS04386KH022621a&quot;,
        &quot;ea2&quot;: &quot;Kwa-Zulu Natal&quot;
      }
    },
    {
      &quot;attributes&quot;: {
        &quot;owner&quot;: &quot;DFA&quot;,
        &quot;stage&quot;: &quot;Completed&quot;,
        &quot;ea1&quot;: &quot;W20P40&quot;,
        &quot;ea2&quot;: &quot;Western Region&quot;
      }
    },
    {
      &quot;attributes&quot;: {
        &quot;owner&quot;: &quot;DFA&quot;,
        &quot;stage&quot;: &quot;Completed&quot;,
        &quot;ea1&quot;: &quot;W20P40&quot;,
        &quot;ea2&quot;: &quot;Western Region&quot;
      }
    },
    {
      &quot;attributes&quot;: {
        &quot;owner&quot;: &quot;DFA&quot;,
        &quot;stage&quot;: &quot;Completed&quot;,
        &quot;ea1&quot;: &quot;W20P40&quot;,
        &quot;ea2&quot;: &quot;Western Region&quot;
      }
    },
    {
      &quot;attributes&quot;: {
        &quot;owner&quot;: &quot;DFA&quot;,
        &quot;stage&quot;: &quot;Completed&quot;,
        &quot;ea1&quot;: &quot;W20P40&quot;,
        &quot;ea2&quot;: &quot;Western Region&quot;
      }
    },
    {
      &quot;attributes&quot;: {
        &quot;owner&quot;: &quot;DFA&quot;,
        &quot;stage&quot;: &quot;Completed&quot;,
        &quot;ea1&quot;: &quot;W20P40&quot;,
        &quot;ea2&quot;: &quot;Western Region&quot;
      }
    },
    {
      &quot;attributes&quot;: {
        &quot;owner&quot;: &quot;DFA&quot;,
        &quot;stage&quot;: &quot;Completed&quot;,
        &quot;ea1&quot;: &quot;W20P40&quot;,
        &quot;ea2&quot;: &quot;Western Region&quot;
      }
    },
    {
      &quot;attributes&quot;: {
        &quot;owner&quot;: &quot;DFA&quot;,
        &quot;stage&quot;: &quot;Completed&quot;,
        &quot;ea1&quot;: &quot;W20P40&quot;,
        &quot;ea2&quot;: &quot;Western Region&quot;
      }
    },
    {
      &quot;attributes&quot;: {
        &quot;owner&quot;: &quot;DFA&quot;,
        &quot;stage&quot;: &quot;Completed&quot;,
        &quot;ea1&quot;: &quot;K50P10&quot;,
        &quot;ea2&quot;: &quot;Kwa-Zulu Natal&quot;
      }
    },
    {
      &quot;attributes&quot;: {
        &quot;owner&quot;: &quot;DFA&quot;,
        &quot;stage&quot;: &quot;Completed&quot;,
        &quot;ea1&quot;: &quot;K50P10&quot;,
        &quot;ea2&quot;: &quot;Kwa-Zulu Natal&quot;
      }
    },
    {
      &quot;attributes&quot;: {
        &quot;owner&quot;: &quot;DFA&quot;,
        &quot;stage&quot;: &quot;Completed&quot;,
        &quot;ea1&quot;: &quot;K50P10&quot;,
        &quot;ea2&quot;: &quot;Kwa-Zulu Natal&quot;
      }
    },
    {
      &quot;attributes&quot;: {
        &quot;owner&quot;: &quot;DFA&quot;,
        &quot;stage&quot;: &quot;Completed&quot;,
        &quot;ea1&quot;: &quot;K50P10&quot;,
        &quot;ea2&quot;: &quot;Kwa-Zulu Natal&quot;
      }
    },
    {
      &quot;attributes&quot;: {
        &quot;owner&quot;: &quot;DFA&quot;,
        &quot;stage&quot;: &quot;Completed&quot;,
        &quot;ea1&quot;: &quot;K50P10&quot;,
        &quot;ea2&quot;: &quot;Kwa-Zulu Natal&quot;
      }
    },
    {
      &quot;attributes&quot;: {
        &quot;owner&quot;: &quot;DFA&quot;,
        &quot;stage&quot;: &quot;Completed&quot;,
        &quot;ea1&quot;: &quot;K50P10&quot;,
        &quot;ea2&quot;: &quot;Kwa-Zulu Natal&quot;
      }
    },
    {
      &quot;attributes&quot;: {
        &quot;owner&quot;: &quot;DFA&quot;,
        &quot;stage&quot;: &quot;Completed&quot;,
        &quot;ea1&quot;: &quot;K50P10&quot;,
        &quot;ea2&quot;: &quot;Kwa-Zulu Natal&quot;
      }
    },
    {
      &quot;attributes&quot;: {
        &quot;owner&quot;: &quot;DFA&quot;,
        &quot;stage&quot;: &quot;Completed&quot;,
        &quot;ea1&quot;: &quot;K50P10&quot;,
        &quot;ea2&quot;: &quot;Kwa-Zulu Natal&quot;
      }
    },
    {
      &quot;attributes&quot;: {
        &quot;owner&quot;: &quot;DFA&quot;,
        &quot;stage&quot;: &quot;Completed&quot;,
        &quot;ea1&quot;: &quot;K50P10&quot;,
        &quot;ea2&quot;: &quot;Kwa-Zulu Natal&quot;
      }
    },
    {
      &quot;attributes&quot;: {
        &quot;owner&quot;: &quot;DFA&quot;,
        &quot;stage&quot;: &quot;Completed&quot;,
        &quot;ea1&quot;: &quot;K50P10&quot;,
        &quot;ea2&quot;: &quot;Kwa-Zulu Natal&quot;
      }
    },
    {
      &quot;attributes&quot;: {
        &quot;owner&quot;: &quot;DFA&quot;,
        &quot;stage&quot;: &quot;Construction&quot;,
        &quot;ea1&quot;: &quot;none&quot;,
        &quot;ea2&quot;: &quot;Northern Region&quot;
      }
    },
    {
      &quot;attributes&quot;: {
        &quot;owner&quot;: &quot;DFA&quot;,
        &quot;stage&quot;: &quot;Completed&quot;,
        &quot;ea1&quot;: &quot;W50P25&quot;,
        &quot;ea2&quot;: &quot;Western Region&quot;
      }
    },
    {
      &quot;attributes&quot;: {
        &quot;owner&quot;: &quot;DFA&quot;,
        &quot;stage&quot;: &quot;Completed&quot;,
        &quot;ea1&quot;: &quot;K50P10&quot;,
        &quot;ea2&quot;: &quot;Kwa-Zulu Natal&quot;
      }
    },
    {
      &quot;attributes&quot;: {
        &quot;owner&quot;: &quot;DFA&quot;,
        &quot;stage&quot;: &quot;Completed&quot;,
        &quot;ea1&quot;: &quot;K50P10&quot;,
        &quot;ea2&quot;: &quot;Kwa-Zulu Natal&quot;
      }
    },
    {
      &quot;attributes&quot;: {
        &quot;owner&quot;: &quot;DFA&quot;,
        &quot;stage&quot;: &quot;Completed&quot;,
        &quot;ea1&quot;: &quot;W50P25&quot;,
        &quot;ea2&quot;: &quot;Western Region&quot;
      }
    },
    {
      &quot;attributes&quot;: {
        &quot;owner&quot;: &quot;DFA&quot;,
        &quot;stage&quot;: &quot;Construction&quot;,
        &quot;ea1&quot;: &quot;none&quot;,
        &quot;ea2&quot;: &quot;Northern Region&quot;
      }
    },
    {
      &quot;attributes&quot;: {
        &quot;owner&quot;: &quot;DFA&quot;,
        &quot;stage&quot;: &quot;Construction&quot;,
        &quot;ea1&quot;: &quot;none&quot;,
        &quot;ea2&quot;: &quot;None&quot;
      }
    },
    {
      &quot;attributes&quot;: {
        &quot;owner&quot;: &quot;DFA&quot;,
        &quot;stage&quot;: &quot;Completed&quot;,
        &quot;ea1&quot;: &quot;AS17677LH000233&quot;,
        &quot;ea2&quot;: &quot;Northern Region&quot;
      }
    },
    {
      &quot;attributes&quot;: {
        &quot;owner&quot;: &quot;DFA&quot;,
        &quot;stage&quot;: &quot;Completed&quot;,
        &quot;ea1&quot;: &quot;K50P10&quot;,
        &quot;ea2&quot;: &quot;Kwa-Zulu Natal&quot;
      }
    },
    {
      &quot;attributes&quot;: {
        &quot;owner&quot;: &quot;DFA&quot;,
        &quot;stage&quot;: &quot;Completed&quot;,
        &quot;ea1&quot;: &quot;K50P10&quot;,
        &quot;ea2&quot;: &quot;Kwa-Zulu Natal&quot;
      }
    },
    {
      &quot;attributes&quot;: {
        &quot;owner&quot;: &quot;DFA&quot;,
        &quot;stage&quot;: &quot;Completed&quot;,
        &quot;ea1&quot;: &quot;K50P10&quot;,
        &quot;ea2&quot;: &quot;Kwa-Zulu Natal&quot;
      }
    },
    {
      &quot;attributes&quot;: {
        &quot;owner&quot;: &quot;DFA&quot;,
        &quot;stage&quot;: &quot;Completed&quot;,
        &quot;ea1&quot;: &quot;K50P10&quot;,
        &quot;ea2&quot;: &quot;Kwa-Zulu Natal&quot;
      }
    },
    {
      &quot;attributes&quot;: {
        &quot;owner&quot;: &quot;DFA&quot;,
        &quot;stage&quot;: &quot;Completed&quot;,
        &quot;ea1&quot;: &quot;K50P10&quot;,
        &quot;ea2&quot;: &quot;Kwa-Zulu Natal&quot;
      }
    },
    {
      &quot;attributes&quot;: {
        &quot;owner&quot;: &quot;DFA&quot;,
        &quot;stage&quot;: &quot;Completed&quot;,
        &quot;ea1&quot;: &quot;K50P10&quot;,
        &quot;ea2&quot;: &quot;Kwa-Zulu Natal&quot;
      }
    },
    {
      &quot;attributes&quot;: {
        &quot;owner&quot;: &quot;DFA&quot;,
        &quot;stage&quot;: &quot;Completed&quot;,
        &quot;ea1&quot;: &quot;K50P10&quot;,
        &quot;ea2&quot;: &quot;Kwa-Zulu Natal&quot;
      }
    },
    {
      &quot;attributes&quot;: {
        &quot;owner&quot;: &quot;DFA&quot;,
        &quot;stage&quot;: &quot;Completed&quot;,
        &quot;ea1&quot;: &quot;K50P10&quot;,
        &quot;ea2&quot;: &quot;Kwa-Zulu Natal&quot;
      }
    },
    {
      &quot;attributes&quot;: {
        &quot;owner&quot;: &quot;DFA&quot;,
        &quot;stage&quot;: &quot;Completed&quot;,
        &quot;ea1&quot;: &quot;K50P10&quot;,
        &quot;ea2&quot;: &quot;Kwa-Zulu Natal&quot;
      }
    },
    {
      &quot;attributes&quot;: {
        &quot;owner&quot;: &quot;DFA&quot;,
        &quot;stage&quot;: &quot;Completed&quot;,
        &quot;ea1&quot;: &quot;K50P10&quot;,
        &quot;ea2&quot;: &quot;Kwa-Zulu Natal&quot;
      }
    },
    {
      &quot;attributes&quot;: {
        &quot;owner&quot;: &quot;DFA&quot;,
        &quot;stage&quot;: &quot;Completed&quot;,
        &quot;ea1&quot;: &quot;K50P10&quot;,
        &quot;ea2&quot;: &quot;Kwa-Zulu Natal&quot;
      }
    },
    {
      &quot;attributes&quot;: {
        &quot;owner&quot;: &quot;DFA&quot;,
        &quot;stage&quot;: &quot;Completed&quot;,
        &quot;ea1&quot;: &quot;K50P10&quot;,
        &quot;ea2&quot;: &quot;Kwa-Zulu Natal&quot;
      }
    },
    {
      &quot;attributes&quot;: {
        &quot;owner&quot;: &quot;DFA&quot;,
        &quot;stage&quot;: &quot;Completed&quot;,
        &quot;ea1&quot;: &quot;K50P10&quot;,
        &quot;ea2&quot;: &quot;Kwa-Zulu Natal&quot;
      }
    },
    {
      &quot;attributes&quot;: {
        &quot;owner&quot;: &quot;DFA&quot;,
        &quot;stage&quot;: &quot;Completed&quot;,
        &quot;ea1&quot;: &quot;K50P10&quot;,
        &quot;ea2&quot;: &quot;Kwa-Zulu Natal&quot;
      }
    },
    {
      &quot;attributes&quot;: {
        &quot;owner&quot;: &quot;DFA&quot;,
        &quot;stage&quot;: &quot;Completed&quot;,
        &quot;ea1&quot;: &quot;K50P10&quot;,
        &quot;ea2&quot;: &quot;Kwa-Zulu Natal&quot;
      }
    },
    {
      &quot;attributes&quot;: {
        &quot;owner&quot;: &quot;DFA&quot;,
        &quot;stage&quot;: &quot;Completed&quot;,
        &quot;ea1&quot;: &quot;K50P10&quot;,
        &quot;ea2&quot;: &quot;Kwa-Zulu Natal&quot;
      }
    },
    {
      &quot;attributes&quot;: {
        &quot;owner&quot;: &quot;DFA&quot;,
        &quot;stage&quot;: &quot;Completed&quot;,
        &quot;ea1&quot;: &quot;K50P10&quot;,
        &quot;ea2&quot;: &quot;Kwa-Zulu Natal&quot;
      }
    },
    {
      &quot;attributes&quot;: {
        &quot;owner&quot;: &quot;DFA&quot;,
        &quot;stage&quot;: &quot;Completed&quot;,
        &quot;ea1&quot;: &quot;K50P10&quot;,
        &quot;ea2&quot;: &quot;Kwa-Zulu Natal&quot;
      }
    },
    {
      &quot;attributes&quot;: {
        &quot;owner&quot;: &quot;DFA&quot;,
        &quot;stage&quot;: &quot;Completed&quot;,
        &quot;ea1&quot;: &quot;K50P10&quot;,
        &quot;ea2&quot;: &quot;Kwa-Zulu Natal&quot;
      }
    },
    {
      &quot;attributes&quot;: {
        &quot;owner&quot;: &quot;DFA&quot;,
        &quot;stage&quot;: &quot;Completed&quot;,
        &quot;ea1&quot;: &quot;K50P10&quot;,
        &quot;ea2&quot;: &quot;Kwa-Zulu Natal&quot;
      }
    },
    {
      &quot;attributes&quot;: {
        &quot;owner&quot;: &quot;DFA&quot;,
        &quot;stage&quot;: &quot;Completed&quot;,
        &quot;ea1&quot;: &quot;K50P10&quot;,
        &quot;ea2&quot;: &quot;Kwa-Zulu Natal&quot;
      }
    },
    {
      &quot;attributes&quot;: {
        &quot;owner&quot;: &quot;DFA&quot;,
        &quot;stage&quot;: &quot;Completed&quot;,
        &quot;ea1&quot;: &quot;K50P10&quot;,
        &quot;ea2&quot;: &quot;Kwa-Zulu Natal&quot;
      }
    },
    {
      &quot;attributes&quot;: {
        &quot;owner&quot;: &quot;DFA&quot;,
        &quot;stage&quot;: &quot;Completed&quot;,
        &quot;ea1&quot;: &quot;K50P10&quot;,
        &quot;ea2&quot;: &quot;Kwa-Zulu Natal&quot;
      }
    },
    {
      &quot;attributes&quot;: {
        &quot;owner&quot;: &quot;DFA&quot;,
        &quot;stage&quot;: &quot;Completed&quot;,
        &quot;ea1&quot;: &quot;K50P10&quot;,
        &quot;ea2&quot;: &quot;Kwa-Zulu Natal&quot;
      }
    },
    {
      &quot;attributes&quot;: {
        &quot;owner&quot;: &quot;DFA&quot;,
        &quot;stage&quot;: &quot;Completed&quot;,
        &quot;ea1&quot;: &quot;K50P10&quot;,
        &quot;ea2&quot;: &quot;Kwa-Zulu Natal&quot;
      }
    },
    {
      &quot;attributes&quot;: {
        &quot;owner&quot;: &quot;DFA&quot;,
        &quot;stage&quot;: &quot;Completed&quot;,
        &quot;ea1&quot;: &quot;K50P10&quot;,
        &quot;ea2&quot;: &quot;Kwa-Zulu Natal&quot;
      }
    },
    {
      &quot;attributes&quot;: {
        &quot;owner&quot;: &quot;DFA&quot;,
        &quot;stage&quot;: &quot;Completed&quot;,
        &quot;ea1&quot;: &quot;K50P10&quot;,
        &quot;ea2&quot;: &quot;Kwa-Zulu Natal&quot;
      }
    },
    {
      &quot;attributes&quot;: {
        &quot;owner&quot;: &quot;DFA&quot;,
        &quot;stage&quot;: &quot;Completed&quot;,
        &quot;ea1&quot;: &quot;K50P10&quot;,
        &quot;ea2&quot;: &quot;Kwa-Zulu Natal&quot;
      }
    },
    {
      &quot;attributes&quot;: {
        &quot;owner&quot;: &quot;DFA&quot;,
        &quot;stage&quot;: &quot;Completed&quot;,
        &quot;ea1&quot;: &quot;K50P10&quot;,
        &quot;ea2&quot;: &quot;Kwa-Zulu Natal&quot;
      }
    },
    {
      &quot;attributes&quot;: {
        &quot;owner&quot;: &quot;DFA&quot;,
        &quot;stage&quot;: &quot;Completed&quot;,
        &quot;ea1&quot;: &quot;K50P10&quot;,
        &quot;ea2&quot;: &quot;Kwa-Zulu Natal&quot;
      }
    },
    {
      &quot;attributes&quot;: {
        &quot;owner&quot;: &quot;DFA&quot;,
        &quot;stage&quot;: &quot;Completed&quot;,
        &quot;ea1&quot;: &quot;K50P10&quot;,
        &quot;ea2&quot;: &quot;Kwa-Zulu Natal&quot;
      }
    },
    {
      &quot;attributes&quot;: {
        &quot;owner&quot;: &quot;DFA&quot;,
        &quot;stage&quot;: &quot;Completed&quot;,
        &quot;ea1&quot;: &quot;K50P10&quot;,
        &quot;ea2&quot;: &quot;Kwa-Zulu Natal&quot;
      }
    },
    {
      &quot;attributes&quot;: {
        &quot;owner&quot;: &quot;DFA&quot;,
        &quot;stage&quot;: &quot;Completed&quot;,
        &quot;ea1&quot;: &quot;K50P10&quot;,
        &quot;ea2&quot;: &quot;Kwa-Zulu Natal&quot;
      }
    },
    {
      &quot;attributes&quot;: {
        &quot;owner&quot;: &quot;DFA&quot;,
        &quot;stage&quot;: &quot;Completed&quot;,
        &quot;ea1&quot;: &quot;K50P10&quot;,
        &quot;ea2&quot;: &quot;Kwa-Zulu Natal&quot;
      }
    },
    {
      &quot;attributes&quot;: {
        &quot;owner&quot;: &quot;DFA&quot;,
        &quot;stage&quot;: &quot;Completed&quot;,
        &quot;ea1&quot;: &quot;K50P10&quot;,
        &quot;ea2&quot;: &quot;Kwa-Zulu Natal&quot;
      }
    },
    {
      &quot;attributes&quot;: {
        &quot;owner&quot;: &quot;DFA&quot;,
        &quot;stage&quot;: &quot;Completed&quot;,
        &quot;ea1&quot;: &quot;K50P10&quot;,
        &quot;ea2&quot;: &quot;Kwa-Zulu Natal&quot;
      }
    },
    {
      &quot;attributes&quot;: {
        &quot;owner&quot;: &quot;DFA&quot;,
        &quot;stage&quot;: &quot;Completed&quot;,
        &quot;ea1&quot;: &quot;K50P10&quot;,
        &quot;ea2&quot;: &quot;Kwa-Zulu Natal&quot;
      }
    },
    {
      &quot;attributes&quot;: {
        &quot;owner&quot;: &quot;DFA&quot;,
        &quot;stage&quot;: &quot;Completed&quot;,
        &quot;ea1&quot;: &quot;K50P10&quot;,
        &quot;ea2&quot;: &quot;Kwa-Zulu Natal&quot;
      }
    },
    {
      &quot;attributes&quot;: {
        &quot;owner&quot;: &quot;DFA&quot;,
        &quot;stage&quot;: &quot;Completed&quot;,
        &quot;ea1&quot;: &quot;K50P10&quot;,
        &quot;ea2&quot;: &quot;Kwa-Zulu Natal&quot;
      }
    },
    {
      &quot;attributes&quot;: {
        &quot;owner&quot;: &quot;DFA&quot;,
        &quot;stage&quot;: &quot;Completed&quot;,
        &quot;ea1&quot;: &quot;K50P10&quot;,
        &quot;ea2&quot;: &quot;Kwa-Zulu Natal&quot;
      }
    },
    {
      &quot;attributes&quot;: {
        &quot;owner&quot;: &quot;DFA&quot;,
        &quot;stage&quot;: &quot;Completed&quot;,
        &quot;ea1&quot;: &quot;K50P10&quot;,
        &quot;ea2&quot;: &quot;Kwa-Zulu Natal&quot;
      }
    },
    {
      &quot;attributes&quot;: {
        &quot;owner&quot;: &quot;DFA&quot;,
        &quot;stage&quot;: &quot;Completed&quot;,
        &quot;ea1&quot;: &quot;K50P10&quot;,
        &quot;ea2&quot;: &quot;Kwa-Zulu Natal&quot;
      }
    },
    {
      &quot;attributes&quot;: {
        &quot;owner&quot;: &quot;DFA&quot;,
        &quot;stage&quot;: &quot;Completed&quot;,
        &quot;ea1&quot;: &quot;W50P61&quot;,
        &quot;ea2&quot;: &quot;Western Region&quot;
      }
    },
    {
      &quot;attributes&quot;: {
        &quot;owner&quot;: &quot;DFA&quot;,
        &quot;stage&quot;: &quot;Construction&quot;,
        &quot;ea1&quot;: &quot;none&quot;,
        &quot;ea2&quot;: &quot;None&quot;
      }
    },
    {
      &quot;attributes&quot;: {
        &quot;owner&quot;: &quot;DFA&quot;,
        &quot;stage&quot;: &quot;Completed&quot;,
        &quot;ea1&quot;: &quot;K50P10&quot;,
        &quot;ea2&quot;: &quot;Kwa-Zulu Natal&quot;
      }
    },
    {
      &quot;attributes&quot;: {
        &quot;owner&quot;: &quot;DFA&quot;,
        &quot;stage&quot;: &quot;Completed&quot;,
        &quot;ea1&quot;: &quot;K50P10&quot;,
        &quot;ea2&quot;: &quot;Kwa-Zulu Natal&quot;
      }
    },
    {
      &quot;attributes&quot;: {
        &quot;owner&quot;: &quot;DFA&quot;,
        &quot;stage&quot;: &quot;Completed&quot;,
        &quot;ea1&quot;: &quot;W50P65&quot;,
        &quot;ea2&quot;: &quot;Western Region&quot;
      }
    },
    {
      &quot;attributes&quot;: {
        &quot;owner&quot;: &quot;DFA&quot;,
        &quot;stage&quot;: &quot;Completed&quot;,
        &quot;ea1&quot;: &quot;K50P10&quot;,
        &quot;ea2&quot;: &quot;Kwa-Zulu Natal&quot;
      }
    },
    {
      &quot;attributes&quot;: {
        &quot;owner&quot;: &quot;DFA&quot;,
        &quot;stage&quot;: &quot;Completed&quot;,
        &quot;ea1&quot;: &quot;W50P65&quot;,
        &quot;ea2&quot;: &quot;Western Region&quot;
      }
    },
    {
      &quot;attributes&quot;: {
        &quot;owner&quot;: &quot;DFA&quot;,
        &quot;stage&quot;: &quot;Completed&quot;,
        &quot;ea1&quot;: &quot;K50P10&quot;,
        &quot;ea2&quot;: &quot;Kwa-Zulu Natal&quot;
      }
    },
    {
      &quot;attributes&quot;: {
        &quot;owner&quot;: &quot;DFA&quot;,
        &quot;stage&quot;: &quot;Completed&quot;,
        &quot;ea1&quot;: &quot;W50P65&quot;,
        &quot;ea2&quot;: &quot;Western Region&quot;
      }
    },
    {
      &quot;attributes&quot;: {
        &quot;owner&quot;: &quot;DFA&quot;,
        &quot;stage&quot;: &quot;Completed&quot;,
        &quot;ea1&quot;: &quot;K50P10&quot;,
        &quot;ea2&quot;: &quot;Kwa-Zulu Natal&quot;
      }
    },
    {
      &quot;attributes&quot;: {
        &quot;owner&quot;: &quot;DFA&quot;,
        &quot;stage&quot;: &quot;Completed&quot;,
        &quot;ea1&quot;: &quot;W50P65&quot;,
        &quot;ea2&quot;: &quot;Western Region&quot;
      }
    },
    {
      &quot;attributes&quot;: {
        &quot;owner&quot;: &quot;DFA&quot;,
        &quot;stage&quot;: &quot;Completed&quot;,
        &quot;ea1&quot;: &quot;W50P65&quot;,
        &quot;ea2&quot;: &quot;Western Region&quot;
      }
    },
    {
      &quot;attributes&quot;: {
        &quot;owner&quot;: &quot;DFA&quot;,
        &quot;stage&quot;: &quot;Completed&quot;,
        &quot;ea1&quot;: &quot;W50P65&quot;,
        &quot;ea2&quot;: &quot;Western Region&quot;
      }
    },
    {
      &quot;attributes&quot;: {
        &quot;owner&quot;: &quot;DFA&quot;,
        &quot;stage&quot;: &quot;Completed&quot;,
        &quot;ea1&quot;: &quot;MS03141LH020229&quot;,
        &quot;ea2&quot;: &quot;Northern Region&quot;
      }
    },
    {
      &quot;attributes&quot;: {
        &quot;owner&quot;: &quot;DFA&quot;,
        &quot;stage&quot;: &quot;Completed&quot;,
        &quot;ea1&quot;: &quot;W50P65&quot;,
        &quot;ea2&quot;: &quot;Western Region&quot;
      }
    },
    {
      &quot;attributes&quot;: {
        &quot;owner&quot;: &quot;DFA&quot;,
        &quot;stage&quot;: &quot;Completed&quot;,
        &quot;ea1&quot;: &quot;W50P64&quot;,
        &quot;ea2&quot;: &quot;Western Region&quot;
      }
    },
    {
      &quot;attributes&quot;: {
        &quot;owner&quot;: &quot;DFA&quot;,
        &quot;stage&quot;: &quot;Completed&quot;,
        &quot;ea1&quot;: &quot;none&quot;,
        &quot;ea2&quot;: &quot;Northern Region&quot;
      }
    },
    {
      &quot;attributes&quot;: {
        &quot;owner&quot;: &quot;DFA&quot;,
        &quot;stage&quot;: &quot;Completed&quot;,
        &quot;ea1&quot;: &quot;none&quot;,
        &quot;ea2&quot;: &quot;Northern Region&quot;
      }
    },
    {
      &quot;attributes&quot;: {
        &quot;owner&quot;: &quot;DFA&quot;,
        &quot;stage&quot;: &quot;Completed&quot;,
        &quot;ea1&quot;: &quot;none&quot;,
        &quot;ea2&quot;: &quot;Northern Region&quot;
      }
    },
    {
      &quot;attributes&quot;: {
        &quot;owner&quot;: &quot;DFA&quot;,
        &quot;stage&quot;: &quot;Completed&quot;,
        &quot;ea1&quot;: &quot;none&quot;,
        &quot;ea2&quot;: &quot;Northern Region&quot;
      }
    },
    {
      &quot;attributes&quot;: {
        &quot;owner&quot;: &quot;DFA&quot;,
        &quot;stage&quot;: &quot;Completed&quot;,
        &quot;ea1&quot;: &quot;none&quot;,
        &quot;ea2&quot;: &quot;Northern Region&quot;
      }
    },
    {
      &quot;attributes&quot;: {
        &quot;owner&quot;: &quot;DFA&quot;,
        &quot;stage&quot;: &quot;Completed&quot;,
        &quot;ea1&quot;: &quot;AS04786NB000951&quot;,
        &quot;ea2&quot;: &quot;Northern Region&quot;
      }
    },
    {
      &quot;attributes&quot;: {
        &quot;owner&quot;: &quot;DFA&quot;,
        &quot;stage&quot;: &quot;Completed&quot;,
        &quot;ea1&quot;: &quot;none&quot;,
        &quot;ea2&quot;: &quot;Northern Region&quot;
      }
    },
    {
      &quot;attributes&quot;: {
        &quot;owner&quot;: &quot;DFA&quot;,
        &quot;stage&quot;: &quot;Completed&quot;,
        &quot;ea1&quot;: &quot;none&quot;,
        &quot;ea2&quot;: &quot;Northern Region&quot;
      }
    },
    {
      &quot;attributes&quot;: {
        &quot;owner&quot;: &quot;DFA&quot;,
        &quot;stage&quot;: &quot;Completed&quot;,
        &quot;ea1&quot;: &quot;none&quot;,
        &quot;ea2&quot;: &quot;Northern Region&quot;
      }
    },
    {
      &quot;attributes&quot;: {
        &quot;owner&quot;: &quot;DFA&quot;,
        &quot;stage&quot;: &quot;Completed&quot;,
        &quot;ea1&quot;: &quot;none&quot;,
        &quot;ea2&quot;: &quot;Northern Region&quot;
      }
    },
    {
      &quot;attributes&quot;: {
        &quot;owner&quot;: &quot;DFA&quot;,
        &quot;stage&quot;: &quot;Completed&quot;,
        &quot;ea1&quot;: &quot;none&quot;,
        &quot;ea2&quot;: &quot;Northern Region&quot;
      }
    },
    {
      &quot;attributes&quot;: {
        &quot;owner&quot;: &quot;DFA&quot;,
        &quot;stage&quot;: &quot;Completed&quot;,
        &quot;ea1&quot;: &quot;none&quot;,
        &quot;ea2&quot;: &quot;Northern Region&quot;
      }
    },
    {
      &quot;attributes&quot;: {
        &quot;owner&quot;: &quot;DFA&quot;,
        &quot;stage&quot;: &quot;Completed&quot;,
        &quot;ea1&quot;: &quot;none&quot;,
        &quot;ea2&quot;: &quot;Northern Region&quot;
      }
    },
    {
      &quot;attributes&quot;: {
        &quot;owner&quot;: &quot;DFA&quot;,
        &quot;stage&quot;: &quot;Completed&quot;,
        &quot;ea1&quot;: &quot;none&quot;,
        &quot;ea2&quot;: &quot;Northern Region&quot;
      }
    },
    {
      &quot;attributes&quot;: {
        &quot;owner&quot;: &quot;DFA&quot;,
        &quot;stage&quot;: &quot;Completed&quot;,
        &quot;ea1&quot;: &quot;none&quot;,
        &quot;ea2&quot;: &quot;Northern Region&quot;
      }
    },
    {
      &quot;attributes&quot;: {
        &quot;owner&quot;: &quot;DFA&quot;,
        &quot;stage&quot;: &quot;Completed&quot;,
        &quot;ea1&quot;: &quot;none&quot;,
        &quot;ea2&quot;: &quot;Northern Region&quot;
      }
    },
    {
      &quot;attributes&quot;: {
        &quot;owner&quot;: &quot;DFA&quot;,
        &quot;stage&quot;: &quot;Completed&quot;,
        &quot;ea1&quot;: &quot;none&quot;,
        &quot;ea2&quot;: &quot;Northern Region&quot;
      }
    },
    {
      &quot;attributes&quot;: {
        &quot;owner&quot;: &quot;DFA&quot;,
        &quot;stage&quot;: &quot;Completed&quot;,
        &quot;ea1&quot;: &quot;none&quot;,
        &quot;ea2&quot;: &quot;Northern Region&quot;
      }
    },
    {
      &quot;attributes&quot;: {
        &quot;owner&quot;: &quot;DFA&quot;,
        &quot;stage&quot;: &quot;Completed&quot;,
        &quot;ea1&quot;: &quot;G01P13&quot;,
        &quot;ea2&quot;: &quot;Northern Region&quot;
      }
    },
    {
      &quot;attributes&quot;: {
        &quot;owner&quot;: &quot;DFA&quot;,
        &quot;stage&quot;: &quot;Completed&quot;,
        &quot;ea1&quot;: &quot;none&quot;,
        &quot;ea2&quot;: &quot;Northern Region&quot;
      }
    },
    {
      &quot;attributes&quot;: {
        &quot;owner&quot;: &quot;DFA&quot;,
        &quot;stage&quot;: &quot;Completed&quot;,
        &quot;ea1&quot;: &quot;K50P43&quot;,
        &quot;ea2&quot;: &quot;Kwa-Zulu Natal&quot;
      }
    },
    {
      &quot;attributes&quot;: {
        &quot;owner&quot;: &quot;DFA&quot;,
        &quot;stage&quot;: &quot;Completed&quot;,
        &quot;ea1&quot;: &quot;none&quot;,
        &quot;ea2&quot;: &quot;None&quot;
      }
    },
    {
      &quot;attributes&quot;: {
        &quot;owner&quot;: &quot;DFA&quot;,
        &quot;stage&quot;: &quot;Completed&quot;,
        &quot;ea1&quot;: &quot;K50P43&quot;,
        &quot;ea2&quot;: &quot;Kwa-Zulu Natal&quot;
      }
    },
    {
      &quot;attributes&quot;: {
        &quot;owner&quot;: &quot;DFA&quot;,
        &quot;stage&quot;: &quot;Completed&quot;,
        &quot;ea1&quot;: &quot;K50P43&quot;,
        &quot;ea2&quot;: &quot;Kwa-Zulu Natal&quot;
      }
    },
    {
      &quot;attributes&quot;: {
        &quot;owner&quot;: &quot;DFA&quot;,
        &quot;stage&quot;: &quot;Completed&quot;,
        &quot;ea1&quot;: &quot;K50P43&quot;,
        &quot;ea2&quot;: &quot;Kwa-Zulu Natal&quot;
      }
    },
    {
      &quot;attributes&quot;: {
        &quot;owner&quot;: &quot;DFA&quot;,
        &quot;stage&quot;: &quot;Completed&quot;,
        &quot;ea1&quot;: &quot;K50P43&quot;,
        &quot;ea2&quot;: &quot;Kwa-Zulu Natal&quot;
      }
    },
    {
      &quot;attributes&quot;: {
        &quot;owner&quot;: &quot;DFA&quot;,
        &quot;stage&quot;: &quot;Completed&quot;,
        &quot;ea1&quot;: &quot;K50P43&quot;,
        &quot;ea2&quot;: &quot;Kwa-Zulu Natal&quot;
      }
    },
    {
      &quot;attributes&quot;: {
        &quot;owner&quot;: &quot;DFA&quot;,
        &quot;stage&quot;: &quot;Completed&quot;,
        &quot;ea1&quot;: &quot;K50P43&quot;,
        &quot;ea2&quot;: &quot;Kwa-Zulu Natal&quot;
      }
    },
    {
      &quot;attributes&quot;: {
        &quot;owner&quot;: &quot;DFA&quot;,
        &quot;stage&quot;: &quot;Completed&quot;,
        &quot;ea1&quot;: &quot;K50P43&quot;,
        &quot;ea2&quot;: &quot;Kwa-Zulu Natal&quot;
      }
    },
    {
      &quot;attributes&quot;: {
        &quot;owner&quot;: &quot;DFA&quot;,
        &quot;stage&quot;: &quot;Completed&quot;,
        &quot;ea1&quot;: &quot;K50P43&quot;,
        &quot;ea2&quot;: &quot;Kwa-Zulu Natal&quot;
      }
    },
    {
      &quot;attributes&quot;: {
        &quot;owner&quot;: &quot;DFA&quot;,
        &quot;stage&quot;: &quot;Completed&quot;,
        &quot;ea1&quot;: &quot;K50P43&quot;,
        &quot;ea2&quot;: &quot;Kwa-Zulu Natal&quot;
      }
    },
    {
      &quot;attributes&quot;: {
        &quot;owner&quot;: &quot;DFA&quot;,
        &quot;stage&quot;: &quot;Completed&quot;,
        &quot;ea1&quot;: &quot;K50P43&quot;,
        &quot;ea2&quot;: &quot;Kwa-Zulu Natal&quot;
      }
    },
    {
      &quot;attributes&quot;: {
        &quot;owner&quot;: &quot;DFA&quot;,
        &quot;stage&quot;: &quot;Completed&quot;,
        &quot;ea1&quot;: &quot;K50P43&quot;,
        &quot;ea2&quot;: &quot;Kwa-Zulu Natal&quot;
      }
    },
    {
      &quot;attributes&quot;: {
        &quot;owner&quot;: &quot;DFA&quot;,
        &quot;stage&quot;: &quot;Completed&quot;,
        &quot;ea1&quot;: &quot;K50P43&quot;,
        &quot;ea2&quot;: &quot;Kwa-Zulu Natal&quot;
      }
    },
    {
      &quot;attributes&quot;: {
        &quot;owner&quot;: &quot;DFA&quot;,
        &quot;stage&quot;: &quot;Completed&quot;,
        &quot;ea1&quot;: &quot;K50P43&quot;,
        &quot;ea2&quot;: &quot;Kwa-Zulu Natal&quot;
      }
    },
    {
      &quot;attributes&quot;: {
        &quot;owner&quot;: &quot;DFA&quot;,
        &quot;stage&quot;: &quot;Completed&quot;,
        &quot;ea1&quot;: &quot;K50P43&quot;,
        &quot;ea2&quot;: &quot;Kwa-Zulu Natal&quot;
      }
    },
    {
      &quot;attributes&quot;: {
        &quot;owner&quot;: &quot;DFA&quot;,
        &quot;stage&quot;: &quot;Completed&quot;,
        &quot;ea1&quot;: &quot;G50P65&quot;,
        &quot;ea2&quot;: &quot;Gauteng South&quot;
      }
    },
    {
      &quot;attributes&quot;: {
        &quot;owner&quot;: &quot;DFA&quot;,
        &quot;stage&quot;: &quot;Completed&quot;,
        &quot;ea1&quot;: &quot;none&quot;,
        &quot;ea2&quot;: &quot;Northern Region&quot;
      }
    },
    {
      &quot;attributes&quot;: {
        &quot;owner&quot;: &quot;DFA&quot;,
        &quot;stage&quot;: &quot;Completed&quot;,
        &quot;ea1&quot;: &quot;W51P02&quot;,
        &quot;ea2&quot;: &quot;Western Region&quot;
      }
    },
    {
      &quot;attributes&quot;: {
        &quot;owner&quot;: &quot;DFA&quot;,
        &quot;stage&quot;: &quot;Completed&quot;,
        &quot;ea1&quot;: &quot;W51P02&quot;,
        &quot;ea2&quot;: &quot;Western Region&quot;
      }
    },
    {
      &quot;attributes&quot;: {
        &quot;owner&quot;: &quot;DFA&quot;,
        &quot;stage&quot;: &quot;Completed&quot;,
        &quot;ea1&quot;: &quot;W51P02&quot;,
        &quot;ea2&quot;: &quot;Western Region&quot;
      }
    },
    {
      &quot;attributes&quot;: {
        &quot;owner&quot;: &quot;DFA&quot;,
        &quot;stage&quot;: &quot;Completed&quot;,
        &quot;ea1&quot;: &quot;W51P02&quot;,
        &quot;ea2&quot;: &quot;Western Region&quot;
      }
    },
    {
      &quot;attributes&quot;: {
        &quot;owner&quot;: &quot;DFA&quot;,
        &quot;stage&quot;: &quot;Completed&quot;,
        &quot;ea1&quot;: &quot;W51P02&quot;,
        &quot;ea2&quot;: &quot;Western Region&quot;
      }
    },
    {
      &quot;attributes&quot;: {
        &quot;owner&quot;: &quot;DFA&quot;,
        &quot;stage&quot;: &quot;Completed&quot;,
        &quot;ea1&quot;: &quot;W51P02&quot;,
        &quot;ea2&quot;: &quot;Western Region&quot;
      }
    },
    {
      &quot;attributes&quot;: {
        &quot;owner&quot;: &quot;DFA&quot;,
        &quot;stage&quot;: &quot;Completed&quot;,
        &quot;ea1&quot;: &quot;none&quot;,
        &quot;ea2&quot;: &quot;None&quot;
      }
    },
    {
      &quot;attributes&quot;: {
        &quot;owner&quot;: &quot;DFA&quot;,
        &quot;stage&quot;: &quot;Construction&quot;,
        &quot;ea1&quot;: &quot;none&quot;,
        &quot;ea2&quot;: &quot;None&quot;
      }
    },
    {
      &quot;attributes&quot;: {
        &quot;owner&quot;: &quot;DFA&quot;,
        &quot;stage&quot;: &quot;Completed&quot;,
        &quot;ea1&quot;: &quot;none&quot;,
        &quot;ea2&quot;: &quot;Northern Region&quot;
      }
    },
    {
      &quot;attributes&quot;: {
        &quot;owner&quot;: &quot;DFA&quot;,
        &quot;stage&quot;: &quot;Construction&quot;,
        &quot;ea1&quot;: &quot;none&quot;,
        &quot;ea2&quot;: &quot;None&quot;
      }
    },
    {
      &quot;attributes&quot;: {
        &quot;owner&quot;: &quot;DFA&quot;,
        &quot;stage&quot;: &quot;Completed&quot;,
        &quot;ea1&quot;: &quot;W01P08&quot;,
        &quot;ea2&quot;: &quot;Western Region&quot;
      }
    },
    {
      &quot;attributes&quot;: {
        &quot;owner&quot;: &quot;DFA&quot;,
        &quot;stage&quot;: &quot;Completed&quot;,
        &quot;ea1&quot;: &quot;W01P08&quot;,
        &quot;ea2&quot;: &quot;Western Region&quot;
      }
    },
    {
      &quot;attributes&quot;: {
        &quot;owner&quot;: &quot;DFA&quot;,
        &quot;stage&quot;: &quot;Completed&quot;,
        &quot;ea1&quot;: &quot; VS01138GH000153&quot;,
        &quot;ea2&quot;: &quot;Northern Region&quot;
      }
    },
    {
      &quot;attributes&quot;: {
        &quot;owner&quot;: &quot;DFA&quot;,
        &quot;stage&quot;: &quot;Completed&quot;,
        &quot;ea1&quot;: &quot;AS11728BH021928&quot;,
        &quot;ea2&quot;: &quot;Gauteng South&quot;
      }
    },
    {
      &quot;attributes&quot;: {
        &quot;owner&quot;: &quot;DFA&quot;,
        &quot;stage&quot;: &quot;Construction&quot;,
        &quot;ea1&quot;: &quot;none&quot;,
        &quot;ea2&quot;: &quot;None&quot;
      }
    },
    {
      &quot;attributes&quot;: {
        &quot;owner&quot;: &quot;DFA&quot;,
        &quot;stage&quot;: &quot;Completed&quot;,
        &quot;ea1&quot;: &quot;none&quot;,
        &quot;ea2&quot;: &quot;Northern Region&quot;
      }
    },
    {
      &quot;attributes&quot;: {
        &quot;owner&quot;: &quot;DFA&quot;,
        &quot;stage&quot;: &quot;Completed&quot;,
        &quot;ea1&quot;: &quot;AS02311GH060995&quot;,
        &quot;ea2&quot;: &quot;Northern Region&quot;
      }
    },
    {
      &quot;attributes&quot;: {
        &quot;owner&quot;: &quot;DFA&quot;,
        &quot;stage&quot;: &quot;Completed&quot;,
        &quot;ea1&quot;: &quot;AS01156GH04041&quot;,
        &quot;ea2&quot;: &quot;Northern Region&quot;
      }
    },
    {
      &quot;attributes&quot;: {
        &quot;owner&quot;: &quot;DFA&quot;,
        &quot;stage&quot;: &quot;Completed&quot;,
        &quot;ea1&quot;: &quot;VS00893GH004039&quot;,
        &quot;ea2&quot;: &quot;Northern Region&quot;
      }
    },
    {
      &quot;attributes&quot;: {
        &quot;owner&quot;: &quot;DFA&quot;,
        &quot;stage&quot;: &quot;Construction&quot;,
        &quot;ea1&quot;: &quot;none&quot;,
        &quot;ea2&quot;: &quot;None&quot;
      }
    },
    {
      &quot;attributes&quot;: {
        &quot;owner&quot;: &quot;DFA&quot;,
        &quot;stage&quot;: &quot;Completed&quot;,
        &quot;ea1&quot;: &quot;AS03279BH004091 &quot;,
        &quot;ea2&quot;: &quot;Northern Region&quot;
      }
    },
    {
      &quot;attributes&quot;: {
        &quot;owner&quot;: &quot;DFA&quot;,
        &quot;stage&quot;: &quot;Construction&quot;,
        &quot;ea1&quot;: &quot;none&quot;,
        &quot;ea2&quot;: &quot;None&quot;
      }
    },
    {
      &quot;attributes&quot;: {
        &quot;owner&quot;: &quot;DFA&quot;,
        &quot;stage&quot;: &quot;Completed&quot;,
        &quot;ea1&quot;: &quot;VS02112GH210146 &quot;,
        &quot;ea2&quot;: &quot;Northern Region&quot;
      }
    },
    {
      &quot;attributes&quot;: {
        &quot;owner&quot;: &quot;DFA&quot;,
        &quot;stage&quot;: &quot;Completed&quot;,
        &quot;ea1&quot;: &quot;VS02520NB210123&quot;,
        &quot;ea2&quot;: &quot;Northern Region&quot;
      }
    },
    {
      &quot;attributes&quot;: {
        &quot;owner&quot;: &quot;DFA&quot;,
        &quot;stage&quot;: &quot;Construction&quot;,
        &quot;ea1&quot;: &quot;none&quot;,
        &quot;ea2&quot;: &quot;None&quot;
      }
    },
    {
      &quot;attributes&quot;: {
        &quot;owner&quot;: &quot;DFA&quot;,
        &quot;stage&quot;: &quot;Construction&quot;,
        &quot;ea1&quot;: &quot;none&quot;,
        &quot;ea2&quot;: &quot;None&quot;
      }
    },
    {
      &quot;attributes&quot;: {
        &quot;owner&quot;: &quot;DFA&quot;,
        &quot;stage&quot;: &quot;Construction&quot;,
        &quot;ea1&quot;: &quot;none&quot;,
        &quot;ea2&quot;: &quot;None&quot;
      }
    },
    {
      &quot;attributes&quot;: {
        &quot;owner&quot;: &quot;DFA&quot;,
        &quot;stage&quot;: &quot;Completed&quot;,
        &quot;ea1&quot;: &quot;MS01595GH000170&quot;,
        &quot;ea2&quot;: &quot;Northern Region&quot;
      }
    },
    {
      &quot;attributes&quot;: {
        &quot;owner&quot;: &quot;DFA&quot;,
        &quot;stage&quot;: &quot;Completed&quot;,
        &quot;ea1&quot;: &quot;W01P08&quot;,
        &quot;ea2&quot;: &quot;Western Region&quot;
      }
    },
    {
      &quot;attributes&quot;: {
        &quot;owner&quot;: &quot;DFA&quot;,
        &quot;stage&quot;: &quot;Completed&quot;,
        &quot;ea1&quot;: &quot;W01P08&quot;,
        &quot;ea2&quot;: &quot;Western Region&quot;
      }
    },
    {
      &quot;attributes&quot;: {
        &quot;owner&quot;: &quot;DFA&quot;,
        &quot;stage&quot;: &quot;Completed&quot;,
        &quot;ea1&quot;: &quot;none&quot;,
        &quot;ea2&quot;: &quot;None&quot;
      }
    },
    {
      &quot;attributes&quot;: {
        &quot;owner&quot;: &quot;DFA&quot;,
        &quot;stage&quot;: &quot;Completed&quot;,
        &quot;ea1&quot;: &quot;G52P75&quot;,
        &quot;ea2&quot;: &quot;Gauteng South&quot;
      }
    },
    {
      &quot;attributes&quot;: {
        &quot;owner&quot;: &quot;DFA&quot;,
        &quot;stage&quot;: &quot;Construction&quot;,
        &quot;ea1&quot;: &quot;G51P34&quot;,
        &quot;ea2&quot;: &quot;None&quot;
      }
    },
    {
      &quot;attributes&quot;: {
        &quot;owner&quot;: &quot;DFA&quot;,
        &quot;stage&quot;: &quot;Completed&quot;,
        &quot;ea1&quot;: &quot;W01P08&quot;,
        &quot;ea2&quot;: &quot;Western Region&quot;
      }
    },
    {
      &quot;attributes&quot;: {
        &quot;owner&quot;: &quot;DFA&quot;,
        &quot;stage&quot;: &quot;Completed&quot;,
        &quot;ea1&quot;: &quot;W30P24&quot;,
        &quot;ea2&quot;: &quot;Western Region&quot;
      }
    },
    {
      &quot;attributes&quot;: {
        &quot;owner&quot;: &quot;DFA&quot;,
        &quot;stage&quot;: &quot;Completed&quot;,
        &quot;ea1&quot;: &quot;AS00725GH022410&quot;,
        &quot;ea2&quot;: &quot;Northern Region&quot;
      }
    },
    {
      &quot;attributes&quot;: {
        &quot;owner&quot;: &quot;DFA&quot;,
        &quot;stage&quot;: &quot;Completed&quot;,
        &quot;ea1&quot;: &quot;K50P21&quot;,
        &quot;ea2&quot;: &quot;Kwa-Zulu Natal&quot;
      }
    },
    {
      &quot;attributes&quot;: {
        &quot;owner&quot;: &quot;DFA&quot;,
        &quot;stage&quot;: &quot;Completed&quot;,
        &quot;ea1&quot;: &quot;K50P21&quot;,
        &quot;ea2&quot;: &quot;Kwa-Zulu Natal&quot;
      }
    },
    {
      &quot;attributes&quot;: {
        &quot;owner&quot;: &quot;DFA&quot;,
        &quot;stage&quot;: &quot;Completed&quot;,
        &quot;ea1&quot;: &quot;W30P24&quot;,
        &quot;ea2&quot;: &quot;Western Region&quot;
      }
    },
    {
      &quot;attributes&quot;: {
        &quot;owner&quot;: &quot;DFA&quot;,
        &quot;stage&quot;: &quot;Completed&quot;,
        &quot;ea1&quot;: &quot;W30P24&quot;,
        &quot;ea2&quot;: &quot;Western Region&quot;
      }
    },
    {
      &quot;attributes&quot;: {
        &quot;owner&quot;: &quot;DFA&quot;,
        &quot;stage&quot;: &quot;Completed&quot;,
        &quot;ea1&quot;: &quot;W20P04&quot;,
        &quot;ea2&quot;: &quot;Western Region&quot;
      }
    },
    {
      &quot;attributes&quot;: {
        &quot;owner&quot;: &quot;DFA&quot;,
        &quot;stage&quot;: &quot;Completed&quot;,
        &quot;ea1&quot;: &quot;W20P04&quot;,
        &quot;ea2&quot;: &quot;Western Region&quot;
      }
    },
    {
      &quot;attributes&quot;: {
        &quot;owner&quot;: &quot;DFA&quot;,
        &quot;stage&quot;: &quot;Completed&quot;,
        &quot;ea1&quot;: &quot;W20P04&quot;,
        &quot;ea2&quot;: &quot;Western Region&quot;
      }
    },
    {
      &quot;attributes&quot;: {
        &quot;owner&quot;: &quot;DFA&quot;,
        &quot;stage&quot;: &quot;Completed&quot;,
        &quot;ea1&quot;: &quot;W20P04&quot;,
        &quot;ea2&quot;: &quot;Western Region&quot;
      }
    },
    {
      &quot;attributes&quot;: {
        &quot;owner&quot;: &quot;DFA&quot;,
        &quot;stage&quot;: &quot;Completed&quot;,
        &quot;ea1&quot;: &quot;W20P04&quot;,
        &quot;ea2&quot;: &quot;Western Region&quot;
      }
    },
    {
      &quot;attributes&quot;: {
        &quot;owner&quot;: &quot;DFA&quot;,
        &quot;stage&quot;: &quot;Completed&quot;,
        &quot;ea1&quot;: &quot;W20P04&quot;,
        &quot;ea2&quot;: &quot;Western Region&quot;
      }
    },
    {
      &quot;attributes&quot;: {
        &quot;owner&quot;: &quot;DFA&quot;,
        &quot;stage&quot;: &quot;Completed&quot;,
        &quot;ea1&quot;: &quot;none&quot;,
        &quot;ea2&quot;: &quot;None&quot;
      }
    },
    {
      &quot;attributes&quot;: {
        &quot;owner&quot;: &quot;DFA&quot;,
        &quot;stage&quot;: &quot;Completed&quot;,
        &quot;ea1&quot;: &quot;W50P37&quot;,
        &quot;ea2&quot;: &quot;Western Region&quot;
      }
    },
    {
      &quot;attributes&quot;: {
        &quot;owner&quot;: &quot;DFA&quot;,
        &quot;stage&quot;: &quot;Completed&quot;,
        &quot;ea1&quot;: &quot;W50P37&quot;,
        &quot;ea2&quot;: &quot;Western Region&quot;
      }
    },
    {
      &quot;attributes&quot;: {
        &quot;owner&quot;: &quot;DFA&quot;,
        &quot;stage&quot;: &quot;Completed&quot;,
        &quot;ea1&quot;: &quot;W50P37&quot;,
        &quot;ea2&quot;: &quot;Western Region&quot;
      }
    },
    {
      &quot;attributes&quot;: {
        &quot;owner&quot;: &quot;DFA&quot;,
        &quot;stage&quot;: &quot;Completed&quot;,
        &quot;ea1&quot;: &quot;W50P37&quot;,
        &quot;ea2&quot;: &quot;Western Region&quot;
      }
    },
    {
      &quot;attributes&quot;: {
        &quot;owner&quot;: &quot;DFA&quot;,
        &quot;stage&quot;: &quot;Completed&quot;,
        &quot;ea1&quot;: &quot;W50P37&quot;,
        &quot;ea2&quot;: &quot;Western Region&quot;
      }
    },
    {
      &quot;attributes&quot;: {
        &quot;owner&quot;: &quot;DFA&quot;,
        &quot;stage&quot;: &quot;Completed&quot;,
        &quot;ea1&quot;: &quot;W50P37&quot;,
        &quot;ea2&quot;: &quot;Western Region&quot;
      }
    },
    {
      &quot;attributes&quot;: {
        &quot;owner&quot;: &quot;DFA&quot;,
        &quot;stage&quot;: &quot;Completed&quot;,
        &quot;ea1&quot;: &quot;W50P37&quot;,
        &quot;ea2&quot;: &quot;Western Region&quot;
      }
    },
    {
      &quot;attributes&quot;: {
        &quot;owner&quot;: &quot;DFA&quot;,
        &quot;stage&quot;: &quot;Completed&quot;,
        &quot;ea1&quot;: &quot;W50P37&quot;,
        &quot;ea2&quot;: &quot;Western Region&quot;
      }
    },
    {
      &quot;attributes&quot;: {
        &quot;owner&quot;: &quot;DFA&quot;,
        &quot;stage&quot;: &quot;Completed&quot;,
        &quot;ea1&quot;: &quot;W50P37&quot;,
        &quot;ea2&quot;: &quot;Western Region&quot;
      }
    },
    {
      &quot;attributes&quot;: {
        &quot;owner&quot;: &quot;DFA&quot;,
        &quot;stage&quot;: &quot;Completed&quot;,
        &quot;ea1&quot;: &quot;W50P37&quot;,
        &quot;ea2&quot;: &quot;Western Region&quot;
      }
    },
    {
      &quot;attributes&quot;: {
        &quot;owner&quot;: &quot;DFA&quot;,
        &quot;stage&quot;: &quot;Completed&quot;,
        &quot;ea1&quot;: &quot;W50P37&quot;,
        &quot;ea2&quot;: &quot;Western Region&quot;
      }
    },
    {
      &quot;attributes&quot;: {
        &quot;owner&quot;: &quot;DFA&quot;,
        &quot;stage&quot;: &quot;Completed&quot;,
        &quot;ea1&quot;: &quot;W50P37&quot;,
        &quot;ea2&quot;: &quot;Western Region&quot;
      }
    },
    {
      &quot;attributes&quot;: {
        &quot;owner&quot;: &quot;DFA&quot;,
        &quot;stage&quot;: &quot;Completed&quot;,
        &quot;ea1&quot;: &quot;W50P37&quot;,
        &quot;ea2&quot;: &quot;Western Region&quot;
      }
    },
    {
      &quot;attributes&quot;: {
        &quot;owner&quot;: &quot;DFA&quot;,
        &quot;stage&quot;: &quot;Completed&quot;,
        &quot;ea1&quot;: &quot;W50P37&quot;,
        &quot;ea2&quot;: &quot;Western Region&quot;
      }
    },
    {
      &quot;attributes&quot;: {
        &quot;owner&quot;: &quot;DFA&quot;,
        &quot;stage&quot;: &quot;Completed&quot;,
        &quot;ea1&quot;: &quot;W50P37&quot;,
        &quot;ea2&quot;: &quot;Western Region&quot;
      }
    },
    {
      &quot;attributes&quot;: {
        &quot;owner&quot;: &quot;DFA&quot;,
        &quot;stage&quot;: &quot;Completed&quot;,
        &quot;ea1&quot;: &quot;W50P37&quot;,
        &quot;ea2&quot;: &quot;Western Region&quot;
      }
    },
    {
      &quot;attributes&quot;: {
        &quot;owner&quot;: &quot;DFA&quot;,
        &quot;stage&quot;: &quot;Completed&quot;,
        &quot;ea1&quot;: &quot;W50P37&quot;,
        &quot;ea2&quot;: &quot;Western Region&quot;
      }
    },
    {
      &quot;attributes&quot;: {
        &quot;owner&quot;: &quot;DFA&quot;,
        &quot;stage&quot;: &quot;Completed&quot;,
        &quot;ea1&quot;: &quot;W50P37&quot;,
        &quot;ea2&quot;: &quot;Western Region&quot;
      }
    },
    {
      &quot;attributes&quot;: {
        &quot;owner&quot;: &quot;DFA&quot;,
        &quot;stage&quot;: &quot;Completed&quot;,
        &quot;ea1&quot;: &quot;W50P26&quot;,
        &quot;ea2&quot;: &quot;Western Region&quot;
      }
    },
    {
      &quot;attributes&quot;: {
        &quot;owner&quot;: &quot;DFA&quot;,
        &quot;stage&quot;: &quot;Completed&quot;,
        &quot;ea1&quot;: &quot;W50P26&quot;,
        &quot;ea2&quot;: &quot;Western Region&quot;
      }
    },
    {
      &quot;attributes&quot;: {
        &quot;owner&quot;: &quot;DFA&quot;,
        &quot;stage&quot;: &quot;Completed&quot;,
        &quot;ea1&quot;: &quot;W50P26&quot;,
        &quot;ea2&quot;: &quot;Western Region&quot;
      }
    },
    {
      &quot;attributes&quot;: {
        &quot;owner&quot;: &quot;DFA&quot;,
        &quot;stage&quot;: &quot;Completed&quot;,
        &quot;ea1&quot;: &quot;W50P26&quot;,
        &quot;ea2&quot;: &quot;Western Region&quot;
      }
    },
    {
      &quot;attributes&quot;: {
        &quot;owner&quot;: &quot;DFA&quot;,
        &quot;stage&quot;: &quot;Completed&quot;,
        &quot;ea1&quot;: &quot;W50P26&quot;,
        &quot;ea2&quot;: &quot;Western Region&quot;
      }
    },
    {
      &quot;attributes&quot;: {
        &quot;owner&quot;: &quot;DFA&quot;,
        &quot;stage&quot;: &quot;Completed&quot;,
        &quot;ea1&quot;: &quot;W50P26&quot;,
        &quot;ea2&quot;: &quot;Western Region&quot;
      }
    },
    {
      &quot;attributes&quot;: {
        &quot;owner&quot;: &quot;DFA&quot;,
        &quot;stage&quot;: &quot;Completed&quot;,
        &quot;ea1&quot;: &quot;W50P26&quot;,
        &quot;ea2&quot;: &quot;Western Region&quot;
      }
    },
    {
      &quot;attributes&quot;: {
        &quot;owner&quot;: &quot;DFA&quot;,
        &quot;stage&quot;: &quot;Completed&quot;,
        &quot;ea1&quot;: &quot;W50P26&quot;,
        &quot;ea2&quot;: &quot;Western Region&quot;
      }
    },
    {
      &quot;attributes&quot;: {
        &quot;owner&quot;: &quot;DFA&quot;,
        &quot;stage&quot;: &quot;Completed&quot;,
        &quot;ea1&quot;: &quot;W50P26&quot;,
        &quot;ea2&quot;: &quot;Western Region&quot;
      }
    },
    {
      &quot;attributes&quot;: {
        &quot;owner&quot;: &quot;DFA&quot;,
        &quot;stage&quot;: &quot;Completed&quot;,
        &quot;ea1&quot;: &quot;W50P26&quot;,
        &quot;ea2&quot;: &quot;Western Region&quot;
      }
    },
    {
      &quot;attributes&quot;: {
        &quot;owner&quot;: &quot;DFA&quot;,
        &quot;stage&quot;: &quot;Completed&quot;,
        &quot;ea1&quot;: &quot;W30P03&quot;,
        &quot;ea2&quot;: &quot;Western Region&quot;
      }
    },
    {
      &quot;attributes&quot;: {
        &quot;owner&quot;: &quot;DFA&quot;,
        &quot;stage&quot;: &quot;Completed&quot;,
        &quot;ea1&quot;: &quot;W50P26&quot;,
        &quot;ea2&quot;: &quot;Western Region&quot;
      }
    },
    {
      &quot;attributes&quot;: {
        &quot;owner&quot;: &quot;DFA&quot;,
        &quot;stage&quot;: &quot;Completed&quot;,
        &quot;ea1&quot;: &quot;W51P35&quot;,
        &quot;ea2&quot;: &quot;Western Region&quot;
      }
    },
    {
      &quot;attributes&quot;: {
        &quot;owner&quot;: &quot;DFA&quot;,
        &quot;stage&quot;: &quot;Completed&quot;,
        &quot;ea1&quot;: &quot;W51P35&quot;,
        &quot;ea2&quot;: &quot;Western Region&quot;
      }
    },
    {
      &quot;attributes&quot;: {
        &quot;owner&quot;: &quot;DFA&quot;,
        &quot;stage&quot;: &quot;Completed&quot;,
        &quot;ea1&quot;: &quot;W51P35&quot;,
        &quot;ea2&quot;: &quot;Western Region&quot;
      }
    },
    {
      &quot;attributes&quot;: {
        &quot;owner&quot;: &quot;DFA&quot;,
        &quot;stage&quot;: &quot;Completed&quot;,
        &quot;ea1&quot;: &quot;W44P02&quot;,
        &quot;ea2&quot;: &quot;Western Region&quot;
      }
    },
    {
      &quot;attributes&quot;: {
        &quot;owner&quot;: &quot;DFA&quot;,
        &quot;stage&quot;: &quot;Completed&quot;,
        &quot;ea1&quot;: &quot;VS02393GH001509  &quot;,
        &quot;ea2&quot;: &quot;Northern Region&quot;
      }
    },
    {
      &quot;attributes&quot;: {
        &quot;owner&quot;: &quot;DFA&quot;,
        &quot;stage&quot;: &quot;Completed&quot;,
        &quot;ea1&quot;: &quot;none&quot;,
        &quot;ea2&quot;: &quot;None&quot;
      }
    },
    {
      &quot;attributes&quot;: {
        &quot;owner&quot;: &quot;DFA&quot;,
        &quot;stage&quot;: &quot;Completed&quot;,
        &quot;ea1&quot;: &quot;W44P02&quot;,
        &quot;ea2&quot;: &quot;Eastern Region&quot;
      }
    },
    {
      &quot;attributes&quot;: {
        &quot;owner&quot;: &quot;DFA&quot;,
        &quot;stage&quot;: &quot;Construction&quot;,
        &quot;ea1&quot;: &quot;none&quot;,
        &quot;ea2&quot;: &quot;None&quot;
      }
    },
    {
      &quot;attributes&quot;: {
        &quot;owner&quot;: &quot;DFA&quot;,
        &quot;stage&quot;: &quot;Construction&quot;,
        &quot;ea1&quot;: &quot;none&quot;,
        &quot;ea2&quot;: &quot;None&quot;
      }
    },
    {
      &quot;attributes&quot;: {
        &quot;owner&quot;: &quot;DFA&quot;,
        &quot;stage&quot;: &quot;Construction&quot;,
        &quot;ea1&quot;: &quot;none&quot;,
        &quot;ea2&quot;: &quot;None&quot;
      }
    },
    {
      &quot;attributes&quot;: {
        &quot;owner&quot;: &quot;DFA&quot;,
        &quot;stage&quot;: &quot;Completed&quot;,
        &quot;ea1&quot;: &quot;W44P02&quot;,
        &quot;ea2&quot;: &quot;Eastern Region&quot;
      }
    },
    {
      &quot;attributes&quot;: {
        &quot;owner&quot;: &quot;DFA&quot;,
        &quot;stage&quot;: &quot;Completed&quot;,
        &quot;ea1&quot;: &quot;none&quot;,
        &quot;ea2&quot;: &quot;None&quot;
      }
    },
    {
      &quot;attributes&quot;: {
        &quot;owner&quot;: &quot;DFA&quot;,
        &quot;stage&quot;: &quot;Completed&quot;,
        &quot;ea1&quot;: &quot;none&quot;,
        &quot;ea2&quot;: &quot;None&quot;
      }
    },
    {
      &quot;attributes&quot;: {
        &quot;owner&quot;: &quot;DFA&quot;,
        &quot;stage&quot;: &quot;Completed&quot;,
        &quot;ea1&quot;: &quot;W50P04&quot;,
        &quot;ea2&quot;: &quot;Western Region&quot;
      }
    },
    {
      &quot;attributes&quot;: {
        &quot;owner&quot;: &quot;DFA&quot;,
        &quot;stage&quot;: &quot;Construction&quot;,
        &quot;ea1&quot;: &quot;none&quot;,
        &quot;ea2&quot;: &quot;None&quot;
      }
    },
    {
      &quot;attributes&quot;: {
        &quot;owner&quot;: &quot;DFA&quot;,
        &quot;stage&quot;: &quot;Completed&quot;,
        &quot;ea1&quot;: &quot;W50P04&quot;,
        &quot;ea2&quot;: &quot;Western Region&quot;
      }
    },
    {
      &quot;attributes&quot;: {
        &quot;owner&quot;: &quot;DFA&quot;,
        &quot;stage&quot;: &quot;Completed&quot;,
        &quot;ea1&quot;: &quot;W50P04&quot;,
        &quot;ea2&quot;: &quot;Western Region&quot;
      }
    },
    {
      &quot;attributes&quot;: {
        &quot;owner&quot;: &quot;DFA&quot;,
        &quot;stage&quot;: &quot;Completed&quot;,
        &quot;ea1&quot;: &quot;W50P04&quot;,
        &quot;ea2&quot;: &quot;Western Region&quot;
      }
    },
    {
      &quot;attributes&quot;: {
        &quot;owner&quot;: &quot;DFA&quot;,
        &quot;stage&quot;: &quot;Completed&quot;,
        &quot;ea1&quot;: &quot;W50P04&quot;,
        &quot;ea2&quot;: &quot;Western Region&quot;
      }
    },
    {
      &quot;attributes&quot;: {
        &quot;owner&quot;: &quot;DFA&quot;,
        &quot;stage&quot;: &quot;Completed&quot;,
        &quot;ea1&quot;: &quot;W50P04&quot;,
        &quot;ea2&quot;: &quot;Western Region&quot;
      }
    },
    {
      &quot;attributes&quot;: {
        &quot;owner&quot;: &quot;DFA&quot;,
        &quot;stage&quot;: &quot;Completed&quot;,
        &quot;ea1&quot;: &quot;W50P04&quot;,
        &quot;ea2&quot;: &quot;Western Region&quot;
      }
    },
    {
      &quot;attributes&quot;: {
        &quot;owner&quot;: &quot;DFA&quot;,
        &quot;stage&quot;: &quot;Completed&quot;,
        &quot;ea1&quot;: &quot;W50P04&quot;,
        &quot;ea2&quot;: &quot;Western Region&quot;
      }
    },
    {
      &quot;attributes&quot;: {
        &quot;owner&quot;: &quot;DFA&quot;,
        &quot;stage&quot;: &quot;Completed&quot;,
        &quot;ea1&quot;: &quot;W50P04&quot;,
        &quot;ea2&quot;: &quot;Western Region&quot;
      }
    },
    {
      &quot;attributes&quot;: {
        &quot;owner&quot;: &quot;DFA&quot;,
        &quot;stage&quot;: &quot;Completed&quot;,
        &quot;ea1&quot;: &quot;W50P04&quot;,
        &quot;ea2&quot;: &quot;Western Region&quot;
      }
    },
    {
      &quot;attributes&quot;: {
        &quot;owner&quot;: &quot;DFA&quot;,
        &quot;stage&quot;: &quot;Completed&quot;,
        &quot;ea1&quot;: &quot;W50P04&quot;,
        &quot;ea2&quot;: &quot;Western Region&quot;
      }
    },
    {
      &quot;attributes&quot;: {
        &quot;owner&quot;: &quot;DFA&quot;,
        &quot;stage&quot;: &quot;Completed&quot;,
        &quot;ea1&quot;: &quot;W50P04&quot;,
        &quot;ea2&quot;: &quot;Western Region&quot;
      }
    },
    {
      &quot;attributes&quot;: {
        &quot;owner&quot;: &quot;DFA&quot;,
        &quot;stage&quot;: &quot;Completed&quot;,
        &quot;ea1&quot;: &quot;W50P04&quot;,
        &quot;ea2&quot;: &quot;Western Region&quot;
      }
    },
    {
      &quot;attributes&quot;: {
        &quot;owner&quot;: &quot;DFA&quot;,
        &quot;stage&quot;: &quot;Completed&quot;,
        &quot;ea1&quot;: &quot;W50P04&quot;,
        &quot;ea2&quot;: &quot;Western Region&quot;
      }
    },
    {
      &quot;attributes&quot;: {
        &quot;owner&quot;: &quot;DFA&quot;,
        &quot;stage&quot;: &quot;Completed&quot;,
        &quot;ea1&quot;: &quot;W50P04&quot;,
        &quot;ea2&quot;: &quot;Western Region&quot;
      }
    },
    {
      &quot;attributes&quot;: {
        &quot;owner&quot;: &quot;DFA&quot;,
        &quot;stage&quot;: &quot;Completed&quot;,
        &quot;ea1&quot;: &quot;W50P04&quot;,
        &quot;ea2&quot;: &quot;Western Region&quot;
      }
    },
    {
      &quot;attributes&quot;: {
        &quot;owner&quot;: &quot;DFA&quot;,
        &quot;stage&quot;: &quot;Completed&quot;,
        &quot;ea1&quot;: &quot;W50P04&quot;,
        &quot;ea2&quot;: &quot;Western Region&quot;
      }
    },
    {
      &quot;attributes&quot;: {
        &quot;owner&quot;: &quot;DFA&quot;,
        &quot;stage&quot;: &quot;Completed&quot;,
        &quot;ea1&quot;: &quot;W50P04&quot;,
        &quot;ea2&quot;: &quot;Western Region&quot;
      }
    },
    {
      &quot;attributes&quot;: {
        &quot;owner&quot;: &quot;DFA&quot;,
        &quot;stage&quot;: &quot;Completed&quot;,
        &quot;ea1&quot;: &quot;W50P04&quot;,
        &quot;ea2&quot;: &quot;Western Region&quot;
      }
    },
    {
      &quot;attributes&quot;: {
        &quot;owner&quot;: &quot;DFA&quot;,
        &quot;stage&quot;: &quot;Completed&quot;,
        &quot;ea1&quot;: &quot;W50P04&quot;,
        &quot;ea2&quot;: &quot;Western Region&quot;
      }
    },
    {
      &quot;attributes&quot;: {
        &quot;owner&quot;: &quot;DFA&quot;,
        &quot;stage&quot;: &quot;Completed&quot;,
        &quot;ea1&quot;: &quot;W50P04&quot;,
        &quot;ea2&quot;: &quot;Western Region&quot;
      }
    },
    {
      &quot;attributes&quot;: {
        &quot;owner&quot;: &quot;DFA&quot;,
        &quot;stage&quot;: &quot;Completed&quot;,
        &quot;ea1&quot;: &quot;W50P04&quot;,
        &quot;ea2&quot;: &quot;Western Region&quot;
      }
    },
    {
      &quot;attributes&quot;: {
        &quot;owner&quot;: &quot;DFA&quot;,
        &quot;stage&quot;: &quot;Completed&quot;,
        &quot;ea1&quot;: &quot;W50P04&quot;,
        &quot;ea2&quot;: &quot;Western Region&quot;
      }
    },
    {
      &quot;attributes&quot;: {
        &quot;owner&quot;: &quot;DFA&quot;,
        &quot;stage&quot;: &quot;Completed&quot;,
        &quot;ea1&quot;: &quot;W50P04&quot;,
        &quot;ea2&quot;: &quot;Western Region&quot;
      }
    },
    {
      &quot;attributes&quot;: {
        &quot;owner&quot;: &quot;DFA&quot;,
        &quot;stage&quot;: &quot;Completed&quot;,
        &quot;ea1&quot;: &quot;W50P04&quot;,
        &quot;ea2&quot;: &quot;Western Region&quot;
      }
    },
    {
      &quot;attributes&quot;: {
        &quot;owner&quot;: &quot;DFA&quot;,
        &quot;stage&quot;: &quot;Completed&quot;,
        &quot;ea1&quot;: &quot;W50P04&quot;,
        &quot;ea2&quot;: &quot;Western Region&quot;
      }
    },
    {
      &quot;attributes&quot;: {
        &quot;owner&quot;: &quot;DFA&quot;,
        &quot;stage&quot;: &quot;Completed&quot;,
        &quot;ea1&quot;: &quot;W50P04&quot;,
        &quot;ea2&quot;: &quot;Western Region&quot;
      }
    },
    {
      &quot;attributes&quot;: {
        &quot;owner&quot;: &quot;DFA&quot;,
        &quot;stage&quot;: &quot;Construction&quot;,
        &quot;ea1&quot;: &quot;none&quot;,
        &quot;ea2&quot;: &quot;None&quot;
      }
    },
    {
      &quot;attributes&quot;: {
        &quot;owner&quot;: &quot;DFA&quot;,
        &quot;stage&quot;: &quot;Completed&quot;,
        &quot;ea1&quot;: &quot;W50P04&quot;,
        &quot;ea2&quot;: &quot;Western Region&quot;
      }
    },
    {
      &quot;attributes&quot;: {
        &quot;owner&quot;: &quot;DFA&quot;,
        &quot;stage&quot;: &quot;Completed&quot;,
        &quot;ea1&quot;: &quot;W50P04&quot;,
        &quot;ea2&quot;: &quot;Western Region&quot;
      }
    },
    {
      &quot;attributes&quot;: {
        &quot;owner&quot;: &quot;DFA&quot;,
        &quot;stage&quot;: &quot;Completed&quot;,
        &quot;ea1&quot;: &quot;W50P04&quot;,
        &quot;ea2&quot;: &quot;Western Region&quot;
      }
    },
    {
      &quot;attributes&quot;: {
        &quot;owner&quot;: &quot;DFA&quot;,
        &quot;stage&quot;: &quot;Completed&quot;,
        &quot;ea1&quot;: &quot;W50P04&quot;,
        &quot;ea2&quot;: &quot;Western Region&quot;
      }
    },
    {
      &quot;attributes&quot;: {
        &quot;owner&quot;: &quot;DFA&quot;,
        &quot;stage&quot;: &quot;Completed&quot;,
        &quot;ea1&quot;: &quot;W50P04&quot;,
        &quot;ea2&quot;: &quot;Western Region&quot;
      }
    },
    {
      &quot;attributes&quot;: {
        &quot;owner&quot;: &quot;DFA&quot;,
        &quot;stage&quot;: &quot;Completed&quot;,
        &quot;ea1&quot;: &quot;W50P04&quot;,
        &quot;ea2&quot;: &quot;Western Region&quot;
      }
    },
    {
      &quot;attributes&quot;: {
        &quot;owner&quot;: &quot;DFA&quot;,
        &quot;stage&quot;: &quot;Completed&quot;,
        &quot;ea1&quot;: &quot;W50P04&quot;,
        &quot;ea2&quot;: &quot;Western Region&quot;
      }
    },
    {
      &quot;attributes&quot;: {
        &quot;owner&quot;: &quot;DFA&quot;,
        &quot;stage&quot;: &quot;Completed&quot;,
        &quot;ea1&quot;: &quot;W50P04&quot;,
        &quot;ea2&quot;: &quot;Western Region&quot;
      }
    },
    {
      &quot;attributes&quot;: {
        &quot;owner&quot;: &quot;DFA&quot;,
        &quot;stage&quot;: &quot;Completed&quot;,
        &quot;ea1&quot;: &quot;W50P04&quot;,
        &quot;ea2&quot;: &quot;Western Region&quot;
      }
    },
    {
      &quot;attributes&quot;: {
        &quot;owner&quot;: &quot;DFA&quot;,
        &quot;stage&quot;: &quot;Completed&quot;,
        &quot;ea1&quot;: &quot;W50P04&quot;,
        &quot;ea2&quot;: &quot;Western Region&quot;
      }
    },
    {
      &quot;attributes&quot;: {
        &quot;owner&quot;: &quot;DFA&quot;,
        &quot;stage&quot;: &quot;Completed&quot;,
        &quot;ea1&quot;: &quot;W50P04&quot;,
        &quot;ea2&quot;: &quot;Western Region&quot;
      }
    },
    {
      &quot;attributes&quot;: {
        &quot;owner&quot;: &quot;DFA&quot;,
        &quot;stage&quot;: &quot;Completed&quot;,
        &quot;ea1&quot;: &quot;W43P02&quot;,
        &quot;ea2&quot;: &quot;Western Region&quot;
      }
    },
    {
      &quot;attributes&quot;: {
        &quot;owner&quot;: &quot;DFA&quot;,
        &quot;stage&quot;: &quot;Completed&quot;,
        &quot;ea1&quot;: &quot;K20P23&quot;,
        &quot;ea2&quot;: &quot;Kwa-Zulu Natal&quot;
      }
    },
    {
      &quot;attributes&quot;: {
        &quot;owner&quot;: &quot;DFA&quot;,
        &quot;stage&quot;: &quot;Completed&quot;,
        &quot;ea1&quot;: &quot;K20P23&quot;,
        &quot;ea2&quot;: &quot;Kwa-Zulu Natal&quot;
      }
    },
    {
      &quot;attributes&quot;: {
        &quot;owner&quot;: &quot;DFA&quot;,
        &quot;stage&quot;: &quot;Completed&quot;,
        &quot;ea1&quot;: &quot;K20P23&quot;,
        &quot;ea2&quot;: &quot;Kwa-Zulu Natal&quot;
      }
    },
    {
      &quot;attributes&quot;: {
        &quot;owner&quot;: &quot;DFA&quot;,
        &quot;stage&quot;: &quot;Completed&quot;,
        &quot;ea1&quot;: &quot;K20P23&quot;,
        &quot;ea2&quot;: &quot;Kwa-Zulu Natal&quot;
      }
    },
    {
      &quot;attributes&quot;: {
        &quot;owner&quot;: &quot;DFA&quot;,
        &quot;stage&quot;: &quot;Completed&quot;,
        &quot;ea1&quot;: &quot;K20P23&quot;,
        &quot;ea2&quot;: &quot;Kwa-Zulu Natal&quot;
      }
    },
    {
      &quot;attributes&quot;: {
        &quot;owner&quot;: &quot;DFA&quot;,
        &quot;stage&quot;: &quot;Completed&quot;,
        &quot;ea1&quot;: &quot;K20P23&quot;,
        &quot;ea2&quot;: &quot;Kwa-Zulu Natal&quot;
      }
    },
    {
      &quot;attributes&quot;: {
        &quot;owner&quot;: &quot;DFA&quot;,
        &quot;stage&quot;: &quot;Completed&quot;,
        &quot;ea1&quot;: &quot;none&quot;,
        &quot;ea2&quot;: &quot;Western Region&quot;
      }
    },
    {
      &quot;attributes&quot;: {
        &quot;owner&quot;: &quot;DFA&quot;,
        &quot;stage&quot;: &quot;Construction&quot;,
        &quot;ea1&quot;: &quot;none&quot;,
        &quot;ea2&quot;: &quot;None&quot;
      }
    },
    {
      &quot;attributes&quot;: {
        &quot;owner&quot;: &quot;DFA&quot;,
        &quot;stage&quot;: &quot;Completed&quot;,
        &quot;ea1&quot;: &quot;W50P55&quot;,
        &quot;ea2&quot;: &quot;Western Region&quot;
      }
    },
    {
      &quot;attributes&quot;: {
        &quot;owner&quot;: &quot;DFA&quot;,
        &quot;stage&quot;: &quot;Completed&quot;,
        &quot;ea1&quot;: &quot;W50P55&quot;,
        &quot;ea2&quot;: &quot;Western Region&quot;
      }
    },
    {
      &quot;attributes&quot;: {
        &quot;owner&quot;: &quot;DFA&quot;,
        &quot;stage&quot;: &quot;Completed&quot;,
        &quot;ea1&quot;: &quot;W50P55&quot;,
        &quot;ea2&quot;: &quot;Western Region&quot;
      }
    },
    {
      &quot;attributes&quot;: {
        &quot;owner&quot;: &quot;DFA&quot;,
        &quot;stage&quot;: &quot;Completed&quot;,
        &quot;ea1&quot;: &quot;W50P55&quot;,
        &quot;ea2&quot;: &quot;Western Region&quot;
      }
    },
    {
      &quot;attributes&quot;: {
        &quot;owner&quot;: &quot;DFA&quot;,
        &quot;stage&quot;: &quot;Completed&quot;,
        &quot;ea1&quot;: &quot;W50P55&quot;,
        &quot;ea2&quot;: &quot;Western Region&quot;
      }
    },
    {
      &quot;attributes&quot;: {
        &quot;owner&quot;: &quot;DFA&quot;,
        &quot;stage&quot;: &quot;Completed&quot;,
        &quot;ea1&quot;: &quot;W50P55&quot;,
        &quot;ea2&quot;: &quot;Western Region&quot;
      }
    },
    {
      &quot;attributes&quot;: {
        &quot;owner&quot;: &quot;DFA&quot;,
        &quot;stage&quot;: &quot;Completed&quot;,
        &quot;ea1&quot;: &quot;W50P55&quot;,
        &quot;ea2&quot;: &quot;Western Region&quot;
      }
    },
    {
      &quot;attributes&quot;: {
        &quot;owner&quot;: &quot;DFA&quot;,
        &quot;stage&quot;: &quot;Completed&quot;,
        &quot;ea1&quot;: &quot;W50P55&quot;,
        &quot;ea2&quot;: &quot;Western Region&quot;
      }
    },
    {
      &quot;attributes&quot;: {
        &quot;owner&quot;: &quot;DFA&quot;,
        &quot;stage&quot;: &quot;Completed&quot;,
        &quot;ea1&quot;: &quot;W50P55&quot;,
        &quot;ea2&quot;: &quot;Western Region&quot;
      }
    },
    {
      &quot;attributes&quot;: {
        &quot;owner&quot;: &quot;DFA&quot;,
        &quot;stage&quot;: &quot;Completed&quot;,
        &quot;ea1&quot;: &quot;W50P55&quot;,
        &quot;ea2&quot;: &quot;Western Region&quot;
      }
    },
    {
      &quot;attributes&quot;: {
        &quot;owner&quot;: &quot;DFA&quot;,
        &quot;stage&quot;: &quot;Completed&quot;,
        &quot;ea1&quot;: &quot;W50P55&quot;,
        &quot;ea2&quot;: &quot;Western Region&quot;
      }
    },
    {
      &quot;attributes&quot;: {
        &quot;owner&quot;: &quot;DFA&quot;,
        &quot;stage&quot;: &quot;Completed&quot;,
        &quot;ea1&quot;: &quot;W50P55&quot;,
        &quot;ea2&quot;: &quot;Western Region&quot;
      }
    },
    {
      &quot;attributes&quot;: {
        &quot;owner&quot;: &quot;DFA&quot;,
        &quot;stage&quot;: &quot;Completed&quot;,
        &quot;ea1&quot;: &quot;W50P55&quot;,
        &quot;ea2&quot;: &quot;Western Region&quot;
      }
    },
    {
      &quot;attributes&quot;: {
        &quot;owner&quot;: &quot;DFA&quot;,
        &quot;stage&quot;: &quot;Completed&quot;,
        &quot;ea1&quot;: &quot;W50P55&quot;,
        &quot;ea2&quot;: &quot;Western Region&quot;
      }
    },
    {
      &quot;attributes&quot;: {
        &quot;owner&quot;: &quot;DFA&quot;,
        &quot;stage&quot;: &quot;Completed&quot;,
        &quot;ea1&quot;: &quot;W50P55&quot;,
        &quot;ea2&quot;: &quot;Western Region&quot;
      }
    },
    {
      &quot;attributes&quot;: {
        &quot;owner&quot;: &quot;DFA&quot;,
        &quot;stage&quot;: &quot;Completed&quot;,
        &quot;ea1&quot;: &quot;W50P55&quot;,
        &quot;ea2&quot;: &quot;Western Region&quot;
      }
    },
    {
      &quot;attributes&quot;: {
        &quot;owner&quot;: &quot;DFA&quot;,
        &quot;stage&quot;: &quot;Completed&quot;,
        &quot;ea1&quot;: &quot;W50P55&quot;,
        &quot;ea2&quot;: &quot;Western Region&quot;
      }
    },
    {
      &quot;attributes&quot;: {
        &quot;owner&quot;: &quot;DFA&quot;,
        &quot;stage&quot;: &quot;Completed&quot;,
        &quot;ea1&quot;: &quot;W50P55&quot;,
        &quot;ea2&quot;: &quot;Western Region&quot;
      }
    },
    {
      &quot;attributes&quot;: {
        &quot;owner&quot;: &quot;DFA&quot;,
        &quot;stage&quot;: &quot;Completed&quot;,
        &quot;ea1&quot;: &quot;W50P55&quot;,
        &quot;ea2&quot;: &quot;Western Region&quot;
      }
    },
    {
      &quot;attributes&quot;: {
        &quot;owner&quot;: &quot;DFA&quot;,
        &quot;stage&quot;: &quot;Completed&quot;,
        &quot;ea1&quot;: &quot;W50P55&quot;,
        &quot;ea2&quot;: &quot;Western Region&quot;
      }
    },
    {
      &quot;attributes&quot;: {
        &quot;owner&quot;: &quot;DFA&quot;,
        &quot;stage&quot;: &quot;Completed&quot;,
        &quot;ea1&quot;: &quot;W50P55&quot;,
        &quot;ea2&quot;: &quot;Western Region&quot;
      }
    },
    {
      &quot;attributes&quot;: {
        &quot;owner&quot;: &quot;DFA&quot;,
        &quot;stage&quot;: &quot;Completed&quot;,
        &quot;ea1&quot;: &quot;W50P55&quot;,
        &quot;ea2&quot;: &quot;Western Region&quot;
      }
    },
    {
      &quot;attributes&quot;: {
        &quot;owner&quot;: &quot;DFA&quot;,
        &quot;stage&quot;: &quot;Completed&quot;,
        &quot;ea1&quot;: &quot;W50P55&quot;,
        &quot;ea2&quot;: &quot;Western Region&quot;
      }
    },
    {
      &quot;attributes&quot;: {
        &quot;owner&quot;: &quot;DFA&quot;,
        &quot;stage&quot;: &quot;Completed&quot;,
        &quot;ea1&quot;: &quot;W50P55&quot;,
        &quot;ea2&quot;: &quot;Western Region&quot;
      }
    },
    {
      &quot;attributes&quot;: {
        &quot;owner&quot;: &quot;DFA&quot;,
        &quot;stage&quot;: &quot;Completed&quot;,
        &quot;ea1&quot;: &quot;W50P55&quot;,
        &quot;ea2&quot;: &quot;Western Region&quot;
      }
    },
    {
      &quot;attributes&quot;: {
        &quot;owner&quot;: &quot;DFA&quot;,
        &quot;stage&quot;: &quot;Completed&quot;,
        &quot;ea1&quot;: &quot;W50P55&quot;,
        &quot;ea2&quot;: &quot;Western Region&quot;
      }
    },
    {
      &quot;attributes&quot;: {
        &quot;owner&quot;: &quot;DFA&quot;,
        &quot;stage&quot;: &quot;Completed&quot;,
        &quot;ea1&quot;: &quot;W50P55&quot;,
        &quot;ea2&quot;: &quot;Western Region&quot;
      }
    },
    {
      &quot;attributes&quot;: {
        &quot;owner&quot;: &quot;DFA&quot;,
        &quot;stage&quot;: &quot;Completed&quot;,
        &quot;ea1&quot;: &quot;W50P55&quot;,
        &quot;ea2&quot;: &quot;Western Region&quot;
      }
    },
    {
      &quot;attributes&quot;: {
        &quot;owner&quot;: &quot;DFA&quot;,
        &quot;stage&quot;: &quot;Completed&quot;,
        &quot;ea1&quot;: &quot;W50P55&quot;,
        &quot;ea2&quot;: &quot;Western Region&quot;
      }
    },
    {
      &quot;attributes&quot;: {
        &quot;owner&quot;: &quot;DFA&quot;,
        &quot;stage&quot;: &quot;Completed&quot;,
        &quot;ea1&quot;: &quot;W50P55&quot;,
        &quot;ea2&quot;: &quot;Western Region&quot;
      }
    },
    {
      &quot;attributes&quot;: {
        &quot;owner&quot;: &quot;DFA&quot;,
        &quot;stage&quot;: &quot;Completed&quot;,
        &quot;ea1&quot;: &quot;W50P55&quot;,
        &quot;ea2&quot;: &quot;Western Region&quot;
      }
    },
    {
      &quot;attributes&quot;: {
        &quot;owner&quot;: &quot;DFA&quot;,
        &quot;stage&quot;: &quot;Completed&quot;,
        &quot;ea1&quot;: &quot;W50P55&quot;,
        &quot;ea2&quot;: &quot;Western Region&quot;
      }
    },
    {
      &quot;attributes&quot;: {
        &quot;owner&quot;: &quot;DFA&quot;,
        &quot;stage&quot;: &quot;Completed&quot;,
        &quot;ea1&quot;: &quot;W50P55&quot;,
        &quot;ea2&quot;: &quot;Western Region&quot;
      }
    },
    {
      &quot;attributes&quot;: {
        &quot;owner&quot;: &quot;DFA&quot;,
        &quot;stage&quot;: &quot;Completed&quot;,
        &quot;ea1&quot;: &quot;W50P55&quot;,
        &quot;ea2&quot;: &quot;Western Region&quot;
      }
    },
    {
      &quot;attributes&quot;: {
        &quot;owner&quot;: &quot;DFA&quot;,
        &quot;stage&quot;: &quot;Completed&quot;,
        &quot;ea1&quot;: &quot;W50P55&quot;,
        &quot;ea2&quot;: &quot;Western Region&quot;
      }
    },
    {
      &quot;attributes&quot;: {
        &quot;owner&quot;: &quot;DFA&quot;,
        &quot;stage&quot;: &quot;Completed&quot;,
        &quot;ea1&quot;: &quot;W50P55&quot;,
        &quot;ea2&quot;: &quot;Western Region&quot;
      }
    },
    {
      &quot;attributes&quot;: {
        &quot;owner&quot;: &quot;DFA&quot;,
        &quot;stage&quot;: &quot;Completed&quot;,
        &quot;ea1&quot;: &quot;W50P55&quot;,
        &quot;ea2&quot;: &quot;Western Region&quot;
      }
    },
    {
      &quot;attributes&quot;: {
        &quot;owner&quot;: &quot;DFA&quot;,
        &quot;stage&quot;: &quot;Completed&quot;,
        &quot;ea1&quot;: &quot;W50P55&quot;,
        &quot;ea2&quot;: &quot;Western Region&quot;
      }
    },
    {
      &quot;attributes&quot;: {
        &quot;owner&quot;: &quot;DFA&quot;,
        &quot;stage&quot;: &quot;Completed&quot;,
        &quot;ea1&quot;: &quot;W50P55&quot;,
        &quot;ea2&quot;: &quot;Western Region&quot;
      }
    },
    {
      &quot;attributes&quot;: {
        &quot;owner&quot;: &quot;DFA&quot;,
        &quot;stage&quot;: &quot;Completed&quot;,
        &quot;ea1&quot;: &quot;W50P55&quot;,
        &quot;ea2&quot;: &quot;Western Region&quot;
      }
    },
    {
      &quot;attributes&quot;: {
        &quot;owner&quot;: &quot;DFA&quot;,
        &quot;stage&quot;: &quot;Completed&quot;,
        &quot;ea1&quot;: &quot;W50P55&quot;,
        &quot;ea2&quot;: &quot;Western Region&quot;
      }
    },
    {
      &quot;attributes&quot;: {
        &quot;owner&quot;: &quot;DFA&quot;,
        &quot;stage&quot;: &quot;Completed&quot;,
        &quot;ea1&quot;: &quot;W50P55&quot;,
        &quot;ea2&quot;: &quot;Western Region&quot;
      }
    },
    {
      &quot;attributes&quot;: {
        &quot;owner&quot;: &quot;DFA&quot;,
        &quot;stage&quot;: &quot;Completed&quot;,
        &quot;ea1&quot;: &quot;W50P55&quot;,
        &quot;ea2&quot;: &quot;Western Region&quot;
      }
    },
    {
      &quot;attributes&quot;: {
        &quot;owner&quot;: &quot;DFA&quot;,
        &quot;stage&quot;: &quot;Completed&quot;,
        &quot;ea1&quot;: &quot;W50P55&quot;,
        &quot;ea2&quot;: &quot;Western Region&quot;
      }
    },
    {
      &quot;attributes&quot;: {
        &quot;owner&quot;: &quot;DFA&quot;,
        &quot;stage&quot;: &quot;Completed&quot;,
        &quot;ea1&quot;: &quot;W50P55&quot;,
        &quot;ea2&quot;: &quot;Western Region&quot;
      }
    },
    {
      &quot;attributes&quot;: {
        &quot;owner&quot;: &quot;DFA&quot;,
        &quot;stage&quot;: &quot;Completed&quot;,
        &quot;ea1&quot;: &quot;W50P55&quot;,
        &quot;ea2&quot;: &quot;Western Region&quot;
      }
    },
    {
      &quot;attributes&quot;: {
        &quot;owner&quot;: &quot;DFA&quot;,
        &quot;stage&quot;: &quot;Completed&quot;,
        &quot;ea1&quot;: &quot;W50P55&quot;,
        &quot;ea2&quot;: &quot;Western Region&quot;
      }
    },
    {
      &quot;attributes&quot;: {
        &quot;owner&quot;: &quot;DFA&quot;,
        &quot;stage&quot;: &quot;Completed&quot;,
        &quot;ea1&quot;: &quot;W50P55&quot;,
        &quot;ea2&quot;: &quot;Western Region&quot;
      }
    },
    {
      &quot;attributes&quot;: {
        &quot;owner&quot;: &quot;DFA&quot;,
        &quot;stage&quot;: &quot;Completed&quot;,
        &quot;ea1&quot;: &quot;W50P55&quot;,
        &quot;ea2&quot;: &quot;Western Region&quot;
      }
    },
    {
      &quot;attributes&quot;: {
        &quot;owner&quot;: &quot;DFA&quot;,
        &quot;stage&quot;: &quot;Completed&quot;,
        &quot;ea1&quot;: &quot;W50P55&quot;,
        &quot;ea2&quot;: &quot;Western Region&quot;
      }
    },
    {
      &quot;attributes&quot;: {
        &quot;owner&quot;: &quot;DFA&quot;,
        &quot;stage&quot;: &quot;Completed&quot;,
        &quot;ea1&quot;: &quot;W50P55&quot;,
        &quot;ea2&quot;: &quot;Western Region&quot;
      }
    },
    {
      &quot;attributes&quot;: {
        &quot;owner&quot;: &quot;DFA&quot;,
        &quot;stage&quot;: &quot;Completed&quot;,
        &quot;ea1&quot;: &quot;W50P55&quot;,
        &quot;ea2&quot;: &quot;Western Region&quot;
      }
    },
    {
      &quot;attributes&quot;: {
        &quot;owner&quot;: &quot;DFA&quot;,
        &quot;stage&quot;: &quot;Completed&quot;,
        &quot;ea1&quot;: &quot;W50P55&quot;,
        &quot;ea2&quot;: &quot;Western Region&quot;
      }
    },
    {
      &quot;attributes&quot;: {
        &quot;owner&quot;: &quot;DFA&quot;,
        &quot;stage&quot;: &quot;Construction&quot;,
        &quot;ea1&quot;: &quot;AS70123WH364200&quot;,
        &quot;ea2&quot;: &quot;Western Region&quot;
      }
    },
    {
      &quot;attributes&quot;: {
        &quot;owner&quot;: &quot;DFA&quot;,
        &quot;stage&quot;: &quot;Completed&quot;,
        &quot;ea1&quot;: &quot;AS00118WH282167&quot;,
        &quot;ea2&quot;: &quot;None&quot;
      }
    },
    {
      &quot;attributes&quot;: {
        &quot;owner&quot;: &quot;DFA&quot;,
        &quot;stage&quot;: &quot;Completed&quot;,
        &quot;ea1&quot;: &quot;K50P75&quot;,
        &quot;ea2&quot;: &quot;Kwa-Zulu Natal&quot;
      }
    },
    {
      &quot;attributes&quot;: {
        &quot;owner&quot;: &quot;DFA&quot;,
        &quot;stage&quot;: &quot;Completed&quot;,
        &quot;ea1&quot;: &quot;K50P75&quot;,
        &quot;ea2&quot;: &quot;Kwa-Zulu Natal&quot;
      }
    },
    {
      &quot;attributes&quot;: {
        &quot;owner&quot;: &quot;DFA&quot;,
        &quot;stage&quot;: &quot;Completed&quot;,
        &quot;ea1&quot;: &quot; &quot;,
        &quot;ea2&quot;: &quot;Kwa-Zulu Natal&quot;
      }
    },
    {
      &quot;attributes&quot;: {
        &quot;owner&quot;: &quot;DFA&quot;,
        &quot;stage&quot;: &quot;Completed&quot;,
        &quot;ea1&quot;: &quot;AS01092BH021465&quot;,
        &quot;ea2&quot;: &quot;Northern Region&quot;
      }
    },
    {
      &quot;attributes&quot;: {
        &quot;owner&quot;: &quot;DFA&quot;,
        &quot;stage&quot;: &quot;Completed&quot;,
        &quot;ea1&quot;: &quot;K50P75&quot;,
        &quot;ea2&quot;: &quot;Kwa-Zulu Natal&quot;
      }
    },
    {
      &quot;attributes&quot;: {
        &quot;owner&quot;: &quot;DFA&quot;,
        &quot;stage&quot;: &quot;Completed&quot;,
        &quot;ea1&quot;: &quot;K50P75&quot;,
        &quot;ea2&quot;: &quot;Kwa-Zulu Natal&quot;
      }
    },
    {
      &quot;attributes&quot;: {
        &quot;owner&quot;: &quot;DFA&quot;,
        &quot;stage&quot;: &quot;Completed&quot;,
        &quot;ea1&quot;: &quot;K50P75&quot;,
        &quot;ea2&quot;: &quot;Kwa-Zulu Natal&quot;
      }
    },
    {
      &quot;attributes&quot;: {
        &quot;owner&quot;: &quot;DFA&quot;,
        &quot;stage&quot;: &quot;Completed&quot;,
        &quot;ea1&quot;: &quot;K50P84&quot;,
        &quot;ea2&quot;: &quot;Kwa-Zulu Natal&quot;
      }
    },
    {
      &quot;attributes&quot;: {
        &quot;owner&quot;: &quot;DFA&quot;,
        &quot;stage&quot;: &quot;Completed&quot;,
        &quot;ea1&quot;: &quot;K50P75&quot;,
        &quot;ea2&quot;: &quot;Kwa-Zulu Natal&quot;
      }
    },
    {
      &quot;attributes&quot;: {
        &quot;owner&quot;: &quot;DFA&quot;,
        &quot;stage&quot;: &quot;Completed&quot;,
        &quot;ea1&quot;: &quot;K01P06&quot;,
        &quot;ea2&quot;: &quot;Kwa-Zulu Natal&quot;
      }
    },
    {
      &quot;attributes&quot;: {
        &quot;owner&quot;: &quot;DFA&quot;,
        &quot;stage&quot;: &quot;Completed&quot;,
        &quot;ea1&quot;: &quot;K50P84&quot;,
        &quot;ea2&quot;: &quot;Kwa-Zulu Natal&quot;
      }
    },
    {
      &quot;attributes&quot;: {
        &quot;owner&quot;: &quot;DFA&quot;,
        &quot;stage&quot;: &quot;Completed&quot;,
        &quot;ea1&quot;: &quot;K50P84&quot;,
        &quot;ea2&quot;: &quot;Kwa-Zulu Natal&quot;
      }
    },
    {
      &quot;attributes&quot;: {
        &quot;owner&quot;: &quot;DFA&quot;,
        &quot;stage&quot;: &quot;Completed&quot;,
        &quot;ea1&quot;: &quot;K50P75&quot;,
        &quot;ea2&quot;: &quot;Kwa-Zulu Natal&quot;
      }
    },
    {
      &quot;attributes&quot;: {
        &quot;owner&quot;: &quot;DFA&quot;,
        &quot;stage&quot;: &quot;Completed&quot;,
        &quot;ea1&quot;: &quot;K50P75&quot;,
        &quot;ea2&quot;: &quot;Kwa-Zulu Natal&quot;
      }
    },
    {
      &quot;attributes&quot;: {
        &quot;owner&quot;: &quot;DFA&quot;,
        &quot;stage&quot;: &quot;Completed&quot;,
        &quot;ea1&quot;: &quot;K50P75&quot;,
        &quot;ea2&quot;: &quot;Kwa-Zulu Natal&quot;
      }
    },
    {
      &quot;attributes&quot;: {
        &quot;owner&quot;: &quot;DFA&quot;,
        &quot;stage&quot;: &quot;Completed&quot;,
        &quot;ea1&quot;: &quot;K50P75&quot;,
        &quot;ea2&quot;: &quot;Kwa-Zulu Natal&quot;
      }
    },
    {
      &quot;attributes&quot;: {
        &quot;owner&quot;: &quot;DFA&quot;,
        &quot;stage&quot;: &quot;Completed&quot;,
        &quot;ea1&quot;: &quot;K50P75&quot;,
        &quot;ea2&quot;: &quot;Kwa-Zulu Natal&quot;
      }
    },
    {
      &quot;attributes&quot;: {
        &quot;owner&quot;: &quot;DFA&quot;,
        &quot;stage&quot;: &quot;Completed&quot;,
        &quot;ea1&quot;: &quot;K50P75&quot;,
        &quot;ea2&quot;: &quot;Kwa-Zulu Natal&quot;
      }
    },
    {
      &quot;attributes&quot;: {
        &quot;owner&quot;: &quot;DFA&quot;,
        &quot;stage&quot;: &quot;Completed&quot;,
        &quot;ea1&quot;: &quot;K50P75&quot;,
        &quot;ea2&quot;: &quot;Kwa-Zulu Natal&quot;
      }
    },
    {
      &quot;attributes&quot;: {
        &quot;owner&quot;: &quot;DFA&quot;,
        &quot;stage&quot;: &quot;Construction&quot;,
        &quot;ea1&quot;: &quot;none&quot;,
        &quot;ea2&quot;: &quot;None&quot;
      }
    },
    {
      &quot;attributes&quot;: {
        &quot;owner&quot;: &quot;DFA&quot;,
        &quot;stage&quot;: &quot;Completed&quot;,
        &quot;ea1&quot;: &quot;K50P75&quot;,
        &quot;ea2&quot;: &quot;Kwa-Zulu Natal&quot;
      }
    },
    {
      &quot;attributes&quot;: {
        &quot;owner&quot;: &quot;DFA&quot;,
        &quot;stage&quot;: &quot;Completed&quot;,
        &quot;ea1&quot;: &quot;K50P75&quot;,
        &quot;ea2&quot;: &quot;Kwa-Zulu Natal&quot;
      }
    },
    {
      &quot;attributes&quot;: {
        &quot;owner&quot;: &quot;DFA&quot;,
        &quot;stage&quot;: &quot;Completed&quot;,
        &quot;ea1&quot;: &quot;K50P75&quot;,
        &quot;ea2&quot;: &quot;Kwa-Zulu Natal&quot;
      }
    },
    {
      &quot;attributes&quot;: {
        &quot;owner&quot;: &quot;DFA&quot;,
        &quot;stage&quot;: &quot;Completed&quot;,
        &quot;ea1&quot;: &quot;K50P75&quot;,
        &quot;ea2&quot;: &quot;Kwa-Zulu Natal&quot;
      }
    },
    {
      &quot;attributes&quot;: {
        &quot;owner&quot;: &quot;DFA&quot;,
        &quot;stage&quot;: &quot;Completed&quot;,
        &quot;ea1&quot;: &quot;K50P75&quot;,
        &quot;ea2&quot;: &quot;Kwa-Zulu Natal&quot;
      }
    },
    {
      &quot;attributes&quot;: {
        &quot;owner&quot;: &quot;DFA&quot;,
        &quot;stage&quot;: &quot;Completed&quot;,
        &quot;ea1&quot;: &quot;K50P75&quot;,
        &quot;ea2&quot;: &quot;Kwa-Zulu Natal&quot;
      }
    },
    {
      &quot;attributes&quot;: {
        &quot;owner&quot;: &quot;DFA&quot;,
        &quot;stage&quot;: &quot;Completed&quot;,
        &quot;ea1&quot;: &quot;K50P75&quot;,
        &quot;ea2&quot;: &quot;Kwa-Zulu Natal&quot;
      }
    },
    {
      &quot;attributes&quot;: {
        &quot;owner&quot;: &quot;DFA&quot;,
        &quot;stage&quot;: &quot;Completed&quot;,
        &quot;ea1&quot;: &quot;AS05390BH005002&quot;,
        &quot;ea2&quot;: &quot;Northern Region&quot;
      }
    },
    {
      &quot;attributes&quot;: {
        &quot;owner&quot;: &quot;DFA&quot;,
        &quot;stage&quot;: &quot;Construction&quot;,
        &quot;ea1&quot;: &quot;none&quot;,
        &quot;ea2&quot;: &quot;None&quot;
      }
    },
    {
      &quot;attributes&quot;: {
        &quot;owner&quot;: &quot;DFA&quot;,
        &quot;stage&quot;: &quot;Completed&quot;,
        &quot;ea1&quot;: &quot;W50P12&quot;,
        &quot;ea2&quot;: &quot;Western Region&quot;
      }
    },
    {
      &quot;attributes&quot;: {
        &quot;owner&quot;: &quot;DFA&quot;,
        &quot;stage&quot;: &quot;Completed&quot;,
        &quot;ea1&quot;: &quot;W50P12&quot;,
        &quot;ea2&quot;: &quot;Western Region&quot;
      }
    },
    {
      &quot;attributes&quot;: {
        &quot;owner&quot;: &quot;DFA&quot;,
        &quot;stage&quot;: &quot;Completed&quot;,
        &quot;ea1&quot;: &quot;W50P12&quot;,
        &quot;ea2&quot;: &quot;Western Region&quot;
      }
    },
    {
      &quot;attributes&quot;: {
        &quot;owner&quot;: &quot;DFA&quot;,
        &quot;stage&quot;: &quot;Completed&quot;,
        &quot;ea1&quot;: &quot;W50P12&quot;,
        &quot;ea2&quot;: &quot;Western Region&quot;
      }
    },
    {
      &quot;attributes&quot;: {
        &quot;owner&quot;: &quot;DFA&quot;,
        &quot;stage&quot;: &quot;Completed&quot;,
        &quot;ea1&quot;: &quot;W50P12&quot;,
        &quot;ea2&quot;: &quot;Western Region&quot;
      }
    },
    {
      &quot;attributes&quot;: {
        &quot;owner&quot;: &quot;DFA&quot;,
        &quot;stage&quot;: &quot;Completed&quot;,
        &quot;ea1&quot;: &quot;W50P12&quot;,
        &quot;ea2&quot;: &quot;Western Region&quot;
      }
    },
    {
      &quot;attributes&quot;: {
        &quot;owner&quot;: &quot;DFA&quot;,
        &quot;stage&quot;: &quot;Completed&quot;,
        &quot;ea1&quot;: &quot;K50P75&quot;,
        &quot;ea2&quot;: &quot;Kwa-Zulu Natal&quot;
      }
    },
    {
      &quot;attributes&quot;: {
        &quot;owner&quot;: &quot;DFA&quot;,
        &quot;stage&quot;: &quot;Completed&quot;,
        &quot;ea1&quot;: &quot;W50P12&quot;,
        &quot;ea2&quot;: &quot;Western Region&quot;
      }
    },
    {
      &quot;attributes&quot;: {
        &quot;owner&quot;: &quot;DFA&quot;,
        &quot;stage&quot;: &quot;Completed&quot;,
        &quot;ea1&quot;: &quot;W50P12&quot;,
        &quot;ea2&quot;: &quot;Western Region&quot;
      }
    },
    {
      &quot;attributes&quot;: {
        &quot;owner&quot;: &quot;DFA&quot;,
        &quot;stage&quot;: &quot;Completed&quot;,
        &quot;ea1&quot;: &quot;W50P12&quot;,
        &quot;ea2&quot;: &quot;Western Region&quot;
      }
    },
    {
      &quot;attributes&quot;: {
        &quot;owner&quot;: &quot;DFA&quot;,
        &quot;stage&quot;: &quot;Completed&quot;,
        &quot;ea1&quot;: &quot;W50P12&quot;,
        &quot;ea2&quot;: &quot;Western Region&quot;
      }
    }
  ],
  &quot;exceededTransferLimit&quot;: true
}

Response body doesn&#039;t match expectation.
Expected: a string containing &quot;DFA Internal Contracts&quot;
  Actual: {
  &quot;displayFieldName&quot;: &quot;name&quot;,
  &quot;fieldAliases&quot;: {
    &quot;owner&quot;: &quot;owner&quot;,
    &quot;stage&quot;: &quot;stage&quot;,
    &quot;ea1&quot;: &quot;Route Name&quot;,
    &quot;ea2&quot;: &quot;DFA Region&quot;
  },
  &quot;fields&quot;: [
    {
      &quot;name&quot;: &quot;owner&quot;,
      &quot;type&quot;: &quot;esriFieldTypeString&quot;,
      &quot;alias&quot;: &quot;owner&quot;,
      &quot;length&quot;: 50
    },
    {
      &quot;name&quot;: &quot;stage&quot;,
      &quot;type&quot;: &quot;esriFieldTypeString&quot;,
      &quot;alias&quot;: &quot;stage&quot;,
      &quot;length&quot;: 30
    },
    {
      &quot;name&quot;: &quot;ea1&quot;,
      &quot;type&quot;: &quot;esriFieldTypeString&quot;,
      &quot;alias&quot;: &quot;Route Name&quot;,
      &quot;length&quot;: 100
    },
    {
      &quot;name&quot;: &quot;ea2&quot;,
      &quot;type&quot;: &quot;esriFieldTypeString&quot;,
      &quot;alias&quot;: &quot;DFA Region&quot;,
      &quot;length&quot;: 100
    }
  ],
  &quot;features&quot;: [
    {
      &quot;attributes&quot;: {
        &quot;owner&quot;: &quot;DFA&quot;,
        &quot;stage&quot;: &quot;Completed&quot;,
        &quot;ea1&quot;: &quot;G02P03&quot;,
        &quot;ea2&quot;: &quot;Gauteng South&quot;
      }
    },
    {
      &quot;attributes&quot;: {
        &quot;owner&quot;: &quot;DFA&quot;,
        &quot;stage&quot;: &quot;Completed&quot;,
        &quot;ea1&quot;: &quot;K30P12&quot;,
        &quot;ea2&quot;: &quot;Kwa-Zulu Natal&quot;
      }
    },
    {
      &quot;attributes&quot;: {
        &quot;owner&quot;: &quot;DFA&quot;,
        &quot;stage&quot;: &quot;Completed&quot;,
        &quot;ea1&quot;: &quot;K30P12&quot;,
        &quot;ea2&quot;: &quot;Kwa-Zulu Natal&quot;
      }
    },
    {
      &quot;attributes&quot;: {
        &quot;owner&quot;: &quot;DFA&quot;,
        &quot;stage&quot;: &quot;Completed&quot;,
        &quot;ea1&quot;: &quot;K30P12&quot;,
        &quot;ea2&quot;: &quot;Kwa-Zulu Natal&quot;
      }
    },
    {
      &quot;attributes&quot;: {
        &quot;owner&quot;: &quot;DFA&quot;,
        &quot;stage&quot;: &quot;Completed&quot;,
        &quot;ea1&quot;: &quot;K30P12&quot;,
        &quot;ea2&quot;: &quot;Kwa-Zulu Natal&quot;
      }
    },
    {
      &quot;attributes&quot;: {
        &quot;owner&quot;: &quot;DFA&quot;,
        &quot;stage&quot;: &quot;Completed&quot;,
        &quot;ea1&quot;: &quot;K30P12&quot;,
        &quot;ea2&quot;: &quot;Kwa-Zulu Natal&quot;
      }
    },
    {
      &quot;attributes&quot;: {
        &quot;owner&quot;: &quot;DFA&quot;,
        &quot;stage&quot;: &quot;Completed&quot;,
        &quot;ea1&quot;: &quot;K30P12&quot;,
        &quot;ea2&quot;: &quot;Kwa-Zulu Natal&quot;
      }
    },
    {
      &quot;attributes&quot;: {
        &quot;owner&quot;: &quot;DFA&quot;,
        &quot;stage&quot;: &quot;Completed&quot;,
        &quot;ea1&quot;: &quot;K30P12&quot;,
        &quot;ea2&quot;: &quot;Kwa-Zulu Natal&quot;
      }
    },
    {
      &quot;attributes&quot;: {
        &quot;owner&quot;: &quot;DFA&quot;,
        &quot;stage&quot;: &quot;Completed&quot;,
        &quot;ea1&quot;: &quot;K30P12&quot;,
        &quot;ea2&quot;: &quot;Kwa-Zulu Natal&quot;
      }
    },
    {
      &quot;attributes&quot;: {
        &quot;owner&quot;: &quot;DFA&quot;,
        &quot;stage&quot;: &quot;Completed&quot;,
        &quot;ea1&quot;: &quot;K30P12&quot;,
        &quot;ea2&quot;: &quot;Kwa-Zulu Natal&quot;
      }
    },
    {
      &quot;attributes&quot;: {
        &quot;owner&quot;: &quot;DFA&quot;,
        &quot;stage&quot;: &quot;Completed&quot;,
        &quot;ea1&quot;: &quot;K30P12&quot;,
        &quot;ea2&quot;: &quot;Kwa-Zulu Natal&quot;
      }
    },
    {
      &quot;attributes&quot;: {
        &quot;owner&quot;: &quot;DFA&quot;,
        &quot;stage&quot;: &quot;Completed&quot;,
        &quot;ea1&quot;: &quot;K30P14&quot;,
        &quot;ea2&quot;: &quot;Kwa-Zulu Natal&quot;
      }
    },
    {
      &quot;attributes&quot;: {
        &quot;owner&quot;: &quot;DFA&quot;,
        &quot;stage&quot;: &quot;Completed&quot;,
        &quot;ea1&quot;: &quot;K50P53&quot;,
        &quot;ea2&quot;: &quot;Kwa-Zulu Natal&quot;
      }
    },
    {
      &quot;attributes&quot;: {
        &quot;owner&quot;: &quot;DFA&quot;,
        &quot;stage&quot;: &quot;Completed&quot;,
        &quot;ea1&quot;: &quot;K50P53&quot;,
        &quot;ea2&quot;: &quot;Kwa-Zulu Natal&quot;
      }
    },
    {
      &quot;attributes&quot;: {
        &quot;owner&quot;: &quot;DFA&quot;,
        &quot;stage&quot;: &quot;Completed&quot;,
        &quot;ea1&quot;: &quot;K50P53&quot;,
        &quot;ea2&quot;: &quot;Kwa-Zulu Natal&quot;
      }
    },
    {
      &quot;attributes&quot;: {
        &quot;owner&quot;: &quot;DFA&quot;,
        &quot;stage&quot;: &quot;Completed&quot;,
        &quot;ea1&quot;: &quot;K50P53&quot;,
        &quot;ea2&quot;: &quot;Kwa-Zulu Natal&quot;
      }
    },
    {
      &quot;attributes&quot;: {
        &quot;owner&quot;: &quot;DFA&quot;,
        &quot;stage&quot;: &quot;Completed&quot;,
        &quot;ea1&quot;: &quot;K50P53&quot;,
        &quot;ea2&quot;: &quot;Kwa-Zulu Natal&quot;
      }
    },
    {
      &quot;attributes&quot;: {
        &quot;owner&quot;: &quot;DFA&quot;,
        &quot;stage&quot;: &quot;Completed&quot;,
        &quot;ea1&quot;: &quot;K50P53&quot;,
        &quot;ea2&quot;: &quot;Kwa-Zulu Natal&quot;
      }
    },
    {
      &quot;attributes&quot;: {
        &quot;owner&quot;: &quot;DFA&quot;,
        &quot;stage&quot;: &quot;Completed&quot;,
        &quot;ea1&quot;: &quot;K50P53&quot;,
        &quot;ea2&quot;: &quot;Kwa-Zulu Natal&quot;
      }
    },
    {
      &quot;attributes&quot;: {
        &quot;owner&quot;: &quot;DFA&quot;,
        &quot;stage&quot;: &quot;Completed&quot;,
        &quot;ea1&quot;: &quot;K50P53&quot;,
        &quot;ea2&quot;: &quot;Kwa-Zulu Natal&quot;
      }
    },
    {
      &quot;attributes&quot;: {
        &quot;owner&quot;: &quot;DFA&quot;,
        &quot;stage&quot;: &quot;Completed&quot;,
        &quot;ea1&quot;: &quot;K50P53&quot;,
        &quot;ea2&quot;: &quot;Kwa-Zulu Natal&quot;
      }
    },
    {
      &quot;attributes&quot;: {
        &quot;owner&quot;: &quot;DFA&quot;,
        &quot;stage&quot;: &quot;Completed&quot;,
        &quot;ea1&quot;: &quot;K50P53&quot;,
        &quot;ea2&quot;: &quot;Kwa-Zulu Natal&quot;
      }
    },
    {
      &quot;attributes&quot;: {
        &quot;owner&quot;: &quot;DFA&quot;,
        &quot;stage&quot;: &quot;Completed&quot;,
        &quot;ea1&quot;: &quot;K50P53&quot;,
        &quot;ea2&quot;: &quot;Kwa-Zulu Natal&quot;
      }
    },
    {
      &quot;attributes&quot;: {
        &quot;owner&quot;: &quot;DFA&quot;,
        &quot;stage&quot;: &quot;Completed&quot;,
        &quot;ea1&quot;: &quot;K50P53&quot;,
        &quot;ea2&quot;: &quot;Kwa-Zulu Natal&quot;
      }
    },
    {
      &quot;attributes&quot;: {
        &quot;owner&quot;: &quot;DFA&quot;,
        &quot;stage&quot;: &quot;Completed&quot;,
        &quot;ea1&quot;: &quot;K50P45&quot;,
        &quot;ea2&quot;: &quot;Kwa-Zulu Natal&quot;
      }
    },
    {
      &quot;attributes&quot;: {
        &quot;owner&quot;: &quot;DFA&quot;,
        &quot;stage&quot;: &quot;Completed&quot;,
        &quot;ea1&quot;: &quot;K50P45&quot;,
        &quot;ea2&quot;: &quot;Kwa-Zulu Natal&quot;
      }
    },
    {
      &quot;attributes&quot;: {
        &quot;owner&quot;: &quot;DFA&quot;,
        &quot;stage&quot;: &quot;Completed&quot;,
        &quot;ea1&quot;: &quot;K50P45&quot;,
        &quot;ea2&quot;: &quot;Kwa-Zulu Natal&quot;
      }
    },
    {
      &quot;attributes&quot;: {
        &quot;owner&quot;: &quot;DFA&quot;,
        &quot;stage&quot;: &quot;Completed&quot;,
        &quot;ea1&quot;: &quot;K50P45&quot;,
        &quot;ea2&quot;: &quot;Kwa-Zulu Natal&quot;
      }
    },
    {
      &quot;attributes&quot;: {
        &quot;owner&quot;: &quot;DFA&quot;,
        &quot;stage&quot;: &quot;Completed&quot;,
        &quot;ea1&quot;: &quot;K50P45&quot;,
        &quot;ea2&quot;: &quot;Kwa-Zulu Natal&quot;
      }
    },
    {
      &quot;attributes&quot;: {
        &quot;owner&quot;: &quot;DFA&quot;,
        &quot;stage&quot;: &quot;Completed&quot;,
        &quot;ea1&quot;: &quot;K50P45&quot;,
        &quot;ea2&quot;: &quot;Kwa-Zulu Natal&quot;
      }
    },
    {
      &quot;attributes&quot;: {
        &quot;owner&quot;: &quot;DFA&quot;,
        &quot;stage&quot;: &quot;Completed&quot;,
        &quot;ea1&quot;: &quot;K01P05&quot;,
        &quot;ea2&quot;: &quot;Kwa-Zulu Natal&quot;
      }
    },
    {
      &quot;attributes&quot;: {
        &quot;owner&quot;: &quot;DFA&quot;,
        &quot;stage&quot;: &quot;Completed&quot;,
        &quot;ea1&quot;: &quot;K50P09&quot;,
        &quot;ea2&quot;: &quot;Kwa-Zulu Natal&quot;
      }
    },
    {
      &quot;attributes&quot;: {
        &quot;owner&quot;: &quot;DFA&quot;,
        &quot;stage&quot;: &quot;Completed&quot;,
        &quot;ea1&quot;: &quot;K50P09&quot;,
        &quot;ea2&quot;: &quot;Kwa-Zulu Natal&quot;
      }
    },
    {
      &quot;attributes&quot;: {
        &quot;owner&quot;: &quot;DFA&quot;,
        &quot;stage&quot;: &quot;Completed&quot;,
        &quot;ea1&quot;: &quot;K50P09&quot;,
        &quot;ea2&quot;: &quot;Kwa-Zulu Natal&quot;
      }
    },
    {
      &quot;attributes&quot;: {
        &quot;owner&quot;: &quot;DFA&quot;,
        &quot;stage&quot;: &quot;Completed&quot;,
        &quot;ea1&quot;: &quot;K50P09&quot;,
        &quot;ea2&quot;: &quot;Kwa-Zulu Natal&quot;
      }
    },
    {
      &quot;attributes&quot;: {
        &quot;owner&quot;: &quot;DFA&quot;,
        &quot;stage&quot;: &quot;Completed&quot;,
        &quot;ea1&quot;: &quot;K50P09&quot;,
        &quot;ea2&quot;: &quot;Kwa-Zulu Natal&quot;
      }
    },
    {
      &quot;attributes&quot;: {
        &quot;owner&quot;: &quot;DFA&quot;,
        &quot;stage&quot;: &quot;Completed&quot;,
        &quot;ea1&quot;: &quot;K50P09&quot;,
        &quot;ea2&quot;: &quot;Kwa-Zulu Natal&quot;
      }
    },
    {
      &quot;attributes&quot;: {
        &quot;owner&quot;: &quot;DFA&quot;,
        &quot;stage&quot;: &quot;Completed&quot;,
        &quot;ea1&quot;: &quot;K50P09&quot;,
        &quot;ea2&quot;: &quot;Kwa-Zulu Natal&quot;
      }
    },
    {
      &quot;attributes&quot;: {
        &quot;owner&quot;: &quot;DFA&quot;,
        &quot;stage&quot;: &quot;Completed&quot;,
        &quot;ea1&quot;: &quot;K50P09&quot;,
        &quot;ea2&quot;: &quot;Kwa-Zulu Natal&quot;
      }
    },
    {
      &quot;attributes&quot;: {
        &quot;owner&quot;: &quot;DFA&quot;,
        &quot;stage&quot;: &quot;Completed&quot;,
        &quot;ea1&quot;: &quot;K50P09&quot;,
        &quot;ea2&quot;: &quot;Kwa-Zulu Natal&quot;
      }
    },
    {
      &quot;attributes&quot;: {
        &quot;owner&quot;: &quot;DFA&quot;,
        &quot;stage&quot;: &quot;Completed&quot;,
        &quot;ea1&quot;: &quot;K50P09&quot;,
        &quot;ea2&quot;: &quot;Kwa-Zulu Natal&quot;
      }
    },
    {
      &quot;attributes&quot;: {
        &quot;owner&quot;: &quot;DFA&quot;,
        &quot;stage&quot;: &quot;Completed&quot;,
        &quot;ea1&quot;: &quot;AS0051CH023310&quot;,
        &quot;ea2&quot;: &quot;Western Region&quot;
      }
    },
    {
      &quot;attributes&quot;: {
        &quot;owner&quot;: &quot;DFA&quot;,
        &quot;stage&quot;: &quot;Completed&quot;,
        &quot;ea1&quot;: &quot;K30P11&quot;,
        &quot;ea2&quot;: &quot;Kwa-Zulu Natal&quot;
      }
    },
    {
      &quot;attributes&quot;: {
        &quot;owner&quot;: &quot;DFA&quot;,
        &quot;stage&quot;: &quot;Completed&quot;,
        &quot;ea1&quot;: &quot;K50P31&quot;,
        &quot;ea2&quot;: &quot;Kwa-Zulu Natal&quot;
      }
    },
    {
      &quot;attributes&quot;: {
        &quot;owner&quot;: &quot;DFA&quot;,
        &quot;stage&quot;: &quot;Completed&quot;,
        &quot;ea1&quot;: &quot;K50P31&quot;,
        &quot;ea2&quot;: &quot;Kwa-Zulu Natal&quot;
      }
    },
    {
      &quot;attributes&quot;: {
        &quot;owner&quot;: &quot;DFA&quot;,
        &quot;stage&quot;: &quot;Completed&quot;,
        &quot;ea1&quot;: &quot;K50P31&quot;,
        &quot;ea2&quot;: &quot;Kwa-Zulu Natal&quot;
      }
    },
    {
      &quot;attributes&quot;: {
        &quot;owner&quot;: &quot;DFA&quot;,
        &quot;stage&quot;: &quot;Completed&quot;,
        &quot;ea1&quot;: &quot;K50P31&quot;,
        &quot;ea2&quot;: &quot;Kwa-Zulu Natal&quot;
      }
    },
    {
      &quot;attributes&quot;: {
        &quot;owner&quot;: &quot;DFA&quot;,
        &quot;stage&quot;: &quot;Completed&quot;,
        &quot;ea1&quot;: &quot;K50P31&quot;,
        &quot;ea2&quot;: &quot;Kwa-Zulu Natal&quot;
      }
    },
    {
      &quot;attributes&quot;: {
        &quot;owner&quot;: &quot;DFA&quot;,
        &quot;stage&quot;: &quot;Completed&quot;,
        &quot;ea1&quot;: &quot;K50P31&quot;,
        &quot;ea2&quot;: &quot;Kwa-Zulu Natal&quot;
      }
    },
    {
      &quot;attributes&quot;: {
        &quot;owner&quot;: &quot;DFA&quot;,
        &quot;stage&quot;: &quot;Completed&quot;,
        &quot;ea1&quot;: &quot;K50P31&quot;,
        &quot;ea2&quot;: &quot;Kwa-Zulu Natal&quot;
      }
    },
    {
      &quot;attributes&quot;: {
        &quot;owner&quot;: &quot;DFA&quot;,
        &quot;stage&quot;: &quot;Completed&quot;,
        &quot;ea1&quot;: &quot;K50P31&quot;,
        &quot;ea2&quot;: &quot;Kwa-Zulu Natal&quot;
      }
    },
    {
      &quot;attributes&quot;: {
        &quot;owner&quot;: &quot;DFA&quot;,
        &quot;stage&quot;: &quot;Completed&quot;,
        &quot;ea1&quot;: &quot;K50P33&quot;,
        &quot;ea2&quot;: &quot;Kwa-Zulu Natal&quot;
      }
    },
    {
      &quot;attributes&quot;: {
        &quot;owner&quot;: &quot;DFA&quot;,
        &quot;stage&quot;: &quot;Completed&quot;,
        &quot;ea1&quot;: &quot;AS00590GH001265&quot;,
        &quot;ea2&quot;: &quot;Gauteng South&quot;
      }
    },
    {
      &quot;attributes&quot;: {
        &quot;owner&quot;: &quot;DFA&quot;,
        &quot;stage&quot;: &quot;Completed&quot;,
        &quot;ea1&quot;: &quot;K50P53&quot;,
        &quot;ea2&quot;: &quot;Kwa-Zulu Natal&quot;
      }
    },
    {
      &quot;attributes&quot;: {
        &quot;owner&quot;: &quot;DFA&quot;,
        &quot;stage&quot;: &quot;Completed&quot;,
        &quot;ea1&quot;: &quot;K50P23&quot;,
        &quot;ea2&quot;: &quot;Kwa-Zulu Natal&quot;
      }
    },
    {
      &quot;attributes&quot;: {
        &quot;owner&quot;: &quot;DFA&quot;,
        &quot;stage&quot;: &quot;Completed&quot;,
        &quot;ea1&quot;: &quot;AS04053GH024442&quot;,
        &quot;ea2&quot;: &quot;Gauteng South&quot;
      }
    },
    {
      &quot;attributes&quot;: {
        &quot;owner&quot;: &quot;DFA&quot;,
        &quot;stage&quot;: &quot;Completed&quot;,
        &quot;ea1&quot;: &quot;AS04053GH024443&quot;,
        &quot;ea2&quot;: &quot;Gauteng South&quot;
      }
    },
    {
      &quot;attributes&quot;: {
        &quot;owner&quot;: &quot;DFA&quot;,
        &quot;stage&quot;: &quot;Completed&quot;,
        &quot;ea1&quot;: &quot;K50P31&quot;,
        &quot;ea2&quot;: &quot;Kwa-Zulu Natal&quot;
      }
    },
    {
      &quot;attributes&quot;: {
        &quot;owner&quot;: &quot;DFA&quot;,
        &quot;stage&quot;: &quot;Completed&quot;,
        &quot;ea1&quot;: &quot;K50P31&quot;,
        &quot;ea2&quot;: &quot;Kwa-Zulu Natal&quot;
      }
    },
    {
      &quot;attributes&quot;: {
        &quot;owner&quot;: &quot;DFA&quot;,
        &quot;stage&quot;: &quot;Completed&quot;,
        &quot;ea1&quot;: &quot;AS01570GH001329&quot;,
        &quot;ea2&quot;: &quot;Gauteng South&quot;
      }
    },
    {
      &quot;attributes&quot;: {
        &quot;owner&quot;: &quot;DFA&quot;,
        &quot;stage&quot;: &quot;Completed&quot;,
        &quot;ea1&quot;: &quot;W01P08&quot;,
        &quot;ea2&quot;: &quot;Western Region&quot;
      }
    },
    {
      &quot;attributes&quot;: {
        &quot;owner&quot;: &quot;DFA&quot;,
        &quot;stage&quot;: &quot;Completed&quot;,
        &quot;ea1&quot;: &quot;K01P04&quot;,
        &quot;ea2&quot;: &quot;Kwa-Zulu Natal&quot;
      }
    },
    {
      &quot;attributes&quot;: {
        &quot;owner&quot;: &quot;DFA&quot;,
        &quot;stage&quot;: &quot;Completed&quot;,
        &quot;ea1&quot;: &quot;G65P40&quot;,
        &quot;ea2&quot;: &quot;Gauteng South&quot;
      }
    },
    {
      &quot;attributes&quot;: {
        &quot;owner&quot;: &quot;DFA&quot;,
        &quot;stage&quot;: &quot;Completed&quot;,
        &quot;ea1&quot;: &quot;K20P12&quot;,
        &quot;ea2&quot;: &quot;Kwa-Zulu Natal&quot;
      }
    },
    {
      &quot;attributes&quot;: {
        &quot;owner&quot;: &quot;DFA&quot;,
        &quot;stage&quot;: &quot;Completed&quot;,
        &quot;ea1&quot;: &quot;K30P04&quot;,
        &quot;ea2&quot;: &quot;Kwa-Zulu Natal&quot;
      }
    },
    {
      &quot;attributes&quot;: {
        &quot;owner&quot;: &quot;DFA&quot;,
        &quot;stage&quot;: &quot;Construction&quot;,
        &quot;ea1&quot;: &quot;none&quot;,
        &quot;ea2&quot;: &quot;Eastern Region&quot;
      }
    },
    {
      &quot;attributes&quot;: {
        &quot;owner&quot;: &quot;DFA&quot;,
        &quot;stage&quot;: &quot;Completed&quot;,
        &quot;ea1&quot;: &quot;K30P04&quot;,
        &quot;ea2&quot;: &quot;Kwa-Zulu Natal&quot;
      }
    },
    {
      &quot;attributes&quot;: {
        &quot;owner&quot;: &quot;DFA&quot;,
        &quot;stage&quot;: &quot;Completed&quot;,
        &quot;ea1&quot;: &quot;K50P36&quot;,
        &quot;ea2&quot;: &quot;Kwa-Zulu Natal&quot;
      }
    },
    {
      &quot;attributes&quot;: {
        &quot;owner&quot;: &quot;DFA&quot;,
        &quot;stage&quot;: &quot;Completed&quot;,
        &quot;ea1&quot;: &quot;VS02267KH022350&quot;,
        &quot;ea2&quot;: &quot;Kwa-Zulu Natal&quot;
      }
    },
    {
      &quot;attributes&quot;: {
        &quot;owner&quot;: &quot;DFA&quot;,
        &quot;stage&quot;: &quot;Completed&quot;,
        &quot;ea1&quot;: &quot;K30P09&quot;,
        &quot;ea2&quot;: &quot;Kwa-Zulu Natal&quot;
      }
    },
    {
      &quot;attributes&quot;: {
        &quot;owner&quot;: &quot;DFA&quot;,
        &quot;stage&quot;: &quot;Completed&quot;,
        &quot;ea1&quot;: &quot;AS01555GH000516&quot;,
        &quot;ea2&quot;: &quot;Gauteng South&quot;
      }
    },
    {
      &quot;attributes&quot;: {
        &quot;owner&quot;: &quot;DFA&quot;,
        &quot;stage&quot;: &quot;Completed&quot;,
        &quot;ea1&quot;: &quot;W44P04&quot;,
        &quot;ea2&quot;: &quot;Western Region&quot;
      }
    },
    {
      &quot;attributes&quot;: {
        &quot;owner&quot;: &quot;DFA&quot;,
        &quot;stage&quot;: &quot;Completed&quot;,
        &quot;ea1&quot;: &quot;W44P02&quot;,
        &quot;ea2&quot;: &quot;Western Region&quot;
      }
    },
    {
      &quot;attributes&quot;: {
        &quot;owner&quot;: &quot;DFA&quot;,
        &quot;stage&quot;: &quot;Completed&quot;,
        &quot;ea1&quot;: &quot;W44P02&quot;,
        &quot;ea2&quot;: &quot;Western Region&quot;
      }
    },
    {
      &quot;attributes&quot;: {
        &quot;owner&quot;: &quot;DFA&quot;,
        &quot;stage&quot;: &quot;Completed&quot;,
        &quot;ea1&quot;: &quot;none&quot;,
        &quot;ea2&quot;: &quot;Eastern Region&quot;
      }
    },
    {
      &quot;attributes&quot;: {
        &quot;owner&quot;: &quot;DFA&quot;,
        &quot;stage&quot;: &quot;Completed&quot;,
        &quot;ea1&quot;: &quot;W44P02&quot;,
        &quot;ea2&quot;: &quot;Western Region&quot;
      }
    },
    {
      &quot;attributes&quot;: {
        &quot;owner&quot;: &quot;DFA&quot;,
        &quot;stage&quot;: &quot;Completed&quot;,
        &quot;ea1&quot;: &quot;W44P02&quot;,
        &quot;ea2&quot;: &quot;Western Region&quot;
      }
    },
    {
      &quot;attributes&quot;: {
        &quot;owner&quot;: &quot;DFA&quot;,
        &quot;stage&quot;: &quot;Completed&quot;,
        &quot;ea1&quot;: &quot;W44P02&quot;,
        &quot;ea2&quot;: &quot;Western Region&quot;
      }
    },
    {
      &quot;attributes&quot;: {
        &quot;owner&quot;: &quot;DFA&quot;,
        &quot;stage&quot;: &quot;Completed&quot;,
        &quot;ea1&quot;: &quot;W44P07&quot;,
        &quot;ea2&quot;: &quot;Western Region&quot;
      }
    },
    {
      &quot;attributes&quot;: {
        &quot;owner&quot;: &quot;DFA&quot;,
        &quot;stage&quot;: &quot;Completed&quot;,
        &quot;ea1&quot;: &quot;W44P07&quot;,
        &quot;ea2&quot;: &quot;Western Region&quot;
      }
    },
    {
      &quot;attributes&quot;: {
        &quot;owner&quot;: &quot;DFA&quot;,
        &quot;stage&quot;: &quot;Completed&quot;,
        &quot;ea1&quot;: &quot;W44P07&quot;,
        &quot;ea2&quot;: &quot;Western Region&quot;
      }
    },
    {
      &quot;attributes&quot;: {
        &quot;owner&quot;: &quot;DFA&quot;,
        &quot;stage&quot;: &quot;Completed&quot;,
        &quot;ea1&quot;: &quot;VS03888WH050002&quot;,
        &quot;ea2&quot;: &quot;Western Region&quot;
      }
    },
    {
      &quot;attributes&quot;: {
        &quot;owner&quot;: &quot;DFA&quot;,
        &quot;stage&quot;: &quot;Completed&quot;,
        &quot;ea1&quot;: &quot;NW03P06&quot;,
        &quot;ea2&quot;: &quot;Northern Region&quot;
      }
    },
    {
      &quot;attributes&quot;: {
        &quot;owner&quot;: &quot;DFA&quot;,
        &quot;stage&quot;: &quot;Completed&quot;,
        &quot;ea1&quot;: &quot;NB50P80&quot;,
        &quot;ea2&quot;: &quot;Northern Region&quot;
      }
    },
    {
      &quot;attributes&quot;: {
        &quot;owner&quot;: &quot;DFA&quot;,
        &quot;stage&quot;: &quot;Construction&quot;,
        &quot;ea1&quot;: &quot;NB01P02&quot;,
        &quot;ea2&quot;: &quot;Northern Region&quot;
      }
    },
    {
      &quot;attributes&quot;: {
        &quot;owner&quot;: &quot;DFA&quot;,
        &quot;stage&quot;: &quot;Completed&quot;,
        &quot;ea1&quot;: &quot;G52P33&quot;,
        &quot;ea2&quot;: &quot;Gauteng South&quot;
      }
    },
    {
      &quot;attributes&quot;: {
        &quot;owner&quot;: &quot;DFA&quot;,
        &quot;stage&quot;: &quot;Completed&quot;,
        &quot;ea1&quot;: &quot;G52P33&quot;,
        &quot;ea2&quot;: &quot;Gauteng South&quot;
      }
    },
    {
      &quot;attributes&quot;: {
        &quot;owner&quot;: &quot;DFA&quot;,
        &quot;stage&quot;: &quot;Completed&quot;,
        &quot;ea1&quot;: &quot;G52P33&quot;,
        &quot;ea2&quot;: &quot;Gauteng South&quot;
      }
    },
    {
      &quot;attributes&quot;: {
        &quot;owner&quot;: &quot;DFA&quot;,
        &quot;stage&quot;: &quot;Completed&quot;,
        &quot;ea1&quot;: &quot;G52P33&quot;,
        &quot;ea2&quot;: &quot;Gauteng South&quot;
      }
    },
    {
      &quot;attributes&quot;: {
        &quot;owner&quot;: &quot;DFA&quot;,
        &quot;stage&quot;: &quot;Completed&quot;,
        &quot;ea1&quot;: &quot;G52P33&quot;,
        &quot;ea2&quot;: &quot;Gauteng South&quot;
      }
    },
    {
      &quot;attributes&quot;: {
        &quot;owner&quot;: &quot;DFA&quot;,
        &quot;stage&quot;: &quot;Completed&quot;,
        &quot;ea1&quot;: &quot;G52P33&quot;,
        &quot;ea2&quot;: &quot;Gauteng South&quot;
      }
    },
    {
      &quot;attributes&quot;: {
        &quot;owner&quot;: &quot;DFA&quot;,
        &quot;stage&quot;: &quot;Completed&quot;,
        &quot;ea1&quot;: &quot;G52P33&quot;,
        &quot;ea2&quot;: &quot;Gauteng South&quot;
      }
    },
    {
      &quot;attributes&quot;: {
        &quot;owner&quot;: &quot;DFA&quot;,
        &quot;stage&quot;: &quot;Completed&quot;,
        &quot;ea1&quot;: &quot;G52P33&quot;,
        &quot;ea2&quot;: &quot;Gauteng South&quot;
      }
    },
    {
      &quot;attributes&quot;: {
        &quot;owner&quot;: &quot;DFA&quot;,
        &quot;stage&quot;: &quot;Completed&quot;,
        &quot;ea1&quot;: &quot;G52P33&quot;,
        &quot;ea2&quot;: &quot;Gauteng South&quot;
      }
    },
    {
      &quot;attributes&quot;: {
        &quot;owner&quot;: &quot;DFA&quot;,
        &quot;stage&quot;: &quot;Completed&quot;,
        &quot;ea1&quot;: &quot;G52P33&quot;,
        &quot;ea2&quot;: &quot;Gauteng South&quot;
      }
    },
    {
      &quot;attributes&quot;: {
        &quot;owner&quot;: &quot;DFA&quot;,
        &quot;stage&quot;: &quot;Completed&quot;,
        &quot;ea1&quot;: &quot;G52P33&quot;,
        &quot;ea2&quot;: &quot;Gauteng South&quot;
      }
    },
    {
      &quot;attributes&quot;: {
        &quot;owner&quot;: &quot;DFA&quot;,
        &quot;stage&quot;: &quot;Completed&quot;,
        &quot;ea1&quot;: &quot;G52P33&quot;,
        &quot;ea2&quot;: &quot;Gauteng South&quot;
      }
    },
    {
      &quot;attributes&quot;: {
        &quot;owner&quot;: &quot;DFA&quot;,
        &quot;stage&quot;: &quot;Completed&quot;,
        &quot;ea1&quot;: &quot;G52P33&quot;,
        &quot;ea2&quot;: &quot;Gauteng South&quot;
      }
    },
    {
      &quot;attributes&quot;: {
        &quot;owner&quot;: &quot;DFA&quot;,
        &quot;stage&quot;: &quot;Completed&quot;,
        &quot;ea1&quot;: &quot;G52P33&quot;,
        &quot;ea2&quot;: &quot;Gauteng South&quot;
      }
    },
    {
      &quot;attributes&quot;: {
        &quot;owner&quot;: &quot;DFA&quot;,
        &quot;stage&quot;: &quot;Completed&quot;,
        &quot;ea1&quot;: &quot;G52P33&quot;,
        &quot;ea2&quot;: &quot;Gauteng South&quot;
      }
    },
    {
      &quot;attributes&quot;: {
        &quot;owner&quot;: &quot;DFA&quot;,
        &quot;stage&quot;: &quot;Completed&quot;,
        &quot;ea1&quot;: &quot;G52P33&quot;,
        &quot;ea2&quot;: &quot;Gauteng South&quot;
      }
    },
    {
      &quot;attributes&quot;: {
        &quot;owner&quot;: &quot;DFA&quot;,
        &quot;stage&quot;: &quot;Completed&quot;,
        &quot;ea1&quot;: &quot;G52P33&quot;,
        &quot;ea2&quot;: &quot;Gauteng South&quot;
      }
    },
    {
      &quot;attributes&quot;: {
        &quot;owner&quot;: &quot;DFA&quot;,
        &quot;stage&quot;: &quot;Completed&quot;,
        &quot;ea1&quot;: &quot;G52P33&quot;,
        &quot;ea2&quot;: &quot;Gauteng South&quot;
      }
    },
    {
      &quot;attributes&quot;: {
        &quot;owner&quot;: &quot;DFA&quot;,
        &quot;stage&quot;: &quot;Completed&quot;,
        &quot;ea1&quot;: &quot;G52P33&quot;,
        &quot;ea2&quot;: &quot;Gauteng South&quot;
      }
    },
    {
      &quot;attributes&quot;: {
        &quot;owner&quot;: &quot;DFA&quot;,
        &quot;stage&quot;: &quot;Completed&quot;,
        &quot;ea1&quot;: &quot;G52P33&quot;,
        &quot;ea2&quot;: &quot;Gauteng South&quot;
      }
    },
    {
      &quot;attributes&quot;: {
        &quot;owner&quot;: &quot;DFA&quot;,
        &quot;stage&quot;: &quot;Completed&quot;,
        &quot;ea1&quot;: &quot;G52P33&quot;,
        &quot;ea2&quot;: &quot;Gauteng South&quot;
      }
    },
    {
      &quot;attributes&quot;: {
        &quot;owner&quot;: &quot;DFA&quot;,
        &quot;stage&quot;: &quot;Completed&quot;,
        &quot;ea1&quot;: &quot;G52P33&quot;,
        &quot;ea2&quot;: &quot;Gauteng South&quot;
      }
    },
    {
      &quot;attributes&quot;: {
        &quot;owner&quot;: &quot;DFA&quot;,
        &quot;stage&quot;: &quot;Completed&quot;,
        &quot;ea1&quot;: &quot;G52P33&quot;,
        &quot;ea2&quot;: &quot;Gauteng South&quot;
      }
    },
    {
      &quot;attributes&quot;: {
        &quot;owner&quot;: &quot;DFA&quot;,
        &quot;stage&quot;: &quot;Completed&quot;,
        &quot;ea1&quot;: &quot;G52P33&quot;,
        &quot;ea2&quot;: &quot;Gauteng South&quot;
      }
    },
    {
      &quot;attributes&quot;: {
        &quot;owner&quot;: &quot;DFA&quot;,
        &quot;stage&quot;: &quot;Completed&quot;,
        &quot;ea1&quot;: &quot;G52P33&quot;,
        &quot;ea2&quot;: &quot;Gauteng South&quot;
      }
    },
    {
      &quot;attributes&quot;: {
        &quot;owner&quot;: &quot;DFA&quot;,
        &quot;stage&quot;: &quot;Completed&quot;,
        &quot;ea1&quot;: &quot;G52P33&quot;,
        &quot;ea2&quot;: &quot;Gauteng South&quot;
      }
    },
    {
      &quot;attributes&quot;: {
        &quot;owner&quot;: &quot;DFA&quot;,
        &quot;stage&quot;: &quot;Completed&quot;,
        &quot;ea1&quot;: &quot;G52P33&quot;,
        &quot;ea2&quot;: &quot;Gauteng South&quot;
      }
    },
    {
      &quot;attributes&quot;: {
        &quot;owner&quot;: &quot;DFA&quot;,
        &quot;stage&quot;: &quot;Completed&quot;,
        &quot;ea1&quot;: &quot;G52P33&quot;,
        &quot;ea2&quot;: &quot;Gauteng South&quot;
      }
    },
    {
      &quot;attributes&quot;: {
        &quot;owner&quot;: &quot;DFA&quot;,
        &quot;stage&quot;: &quot;Completed&quot;,
        &quot;ea1&quot;: &quot;G52P33&quot;,
        &quot;ea2&quot;: &quot;Gauteng South&quot;
      }
    },
    {
      &quot;attributes&quot;: {
        &quot;owner&quot;: &quot;DFA&quot;,
        &quot;stage&quot;: &quot;Completed&quot;,
        &quot;ea1&quot;: &quot;G52P33&quot;,
        &quot;ea2&quot;: &quot;Gauteng South&quot;
      }
    },
    {
      &quot;attributes&quot;: {
        &quot;owner&quot;: &quot;DFA&quot;,
        &quot;stage&quot;: &quot;Completed&quot;,
        &quot;ea1&quot;: &quot;G52P33&quot;,
        &quot;ea2&quot;: &quot;Gauteng South&quot;
      }
    },
    {
      &quot;attributes&quot;: {
        &quot;owner&quot;: &quot;DFA&quot;,
        &quot;stage&quot;: &quot;Completed&quot;,
        &quot;ea1&quot;: &quot;G52P33&quot;,
        &quot;ea2&quot;: &quot;Gauteng South&quot;
      }
    },
    {
      &quot;attributes&quot;: {
        &quot;owner&quot;: &quot;DFA&quot;,
        &quot;stage&quot;: &quot;Completed&quot;,
        &quot;ea1&quot;: &quot;G52P33&quot;,
        &quot;ea2&quot;: &quot;Gauteng South&quot;
      }
    },
    {
      &quot;attributes&quot;: {
        &quot;owner&quot;: &quot;DFA&quot;,
        &quot;stage&quot;: &quot;Completed&quot;,
        &quot;ea1&quot;: &quot;G52P33&quot;,
        &quot;ea2&quot;: &quot;Gauteng South&quot;
      }
    },
    {
      &quot;attributes&quot;: {
        &quot;owner&quot;: &quot;DFA&quot;,
        &quot;stage&quot;: &quot;Completed&quot;,
        &quot;ea1&quot;: &quot;G52P33&quot;,
        &quot;ea2&quot;: &quot;Gauteng South&quot;
      }
    },
    {
      &quot;attributes&quot;: {
        &quot;owner&quot;: &quot;DFA&quot;,
        &quot;stage&quot;: &quot;Completed&quot;,
        &quot;ea1&quot;: &quot;G52P33&quot;,
        &quot;ea2&quot;: &quot;Gauteng South&quot;
      }
    },
    {
      &quot;attributes&quot;: {
        &quot;owner&quot;: &quot;DFA&quot;,
        &quot;stage&quot;: &quot;Completed&quot;,
        &quot;ea1&quot;: &quot;G52P33&quot;,
        &quot;ea2&quot;: &quot;Gauteng South&quot;
      }
    },
    {
      &quot;attributes&quot;: {
        &quot;owner&quot;: &quot;DFA&quot;,
        &quot;stage&quot;: &quot;Completed&quot;,
        &quot;ea1&quot;: &quot;G52P33&quot;,
        &quot;ea2&quot;: &quot;Gauteng South&quot;
      }
    },
    {
      &quot;attributes&quot;: {
        &quot;owner&quot;: &quot;DFA&quot;,
        &quot;stage&quot;: &quot;Completed&quot;,
        &quot;ea1&quot;: &quot;G52P33&quot;,
        &quot;ea2&quot;: &quot;Gauteng South&quot;
      }
    },
    {
      &quot;attributes&quot;: {
        &quot;owner&quot;: &quot;DFA&quot;,
        &quot;stage&quot;: &quot;Completed&quot;,
        &quot;ea1&quot;: &quot;G52P33&quot;,
        &quot;ea2&quot;: &quot;Gauteng South&quot;
      }
    },
    {
      &quot;attributes&quot;: {
        &quot;owner&quot;: &quot;DFA&quot;,
        &quot;stage&quot;: &quot;Completed&quot;,
        &quot;ea1&quot;: &quot;G52P33&quot;,
        &quot;ea2&quot;: &quot;Gauteng South&quot;
      }
    },
    {
      &quot;attributes&quot;: {
        &quot;owner&quot;: &quot;DFA&quot;,
        &quot;stage&quot;: &quot;Completed&quot;,
        &quot;ea1&quot;: &quot;G52P33&quot;,
        &quot;ea2&quot;: &quot;Gauteng South&quot;
      }
    },
    {
      &quot;attributes&quot;: {
        &quot;owner&quot;: &quot;DFA&quot;,
        &quot;stage&quot;: &quot;Completed&quot;,
        &quot;ea1&quot;: &quot;G52P33&quot;,
        &quot;ea2&quot;: &quot;Gauteng South&quot;
      }
    },
    {
      &quot;attributes&quot;: {
        &quot;owner&quot;: &quot;DFA&quot;,
        &quot;stage&quot;: &quot;Completed&quot;,
        &quot;ea1&quot;: &quot;G52P33&quot;,
        &quot;ea2&quot;: &quot;Gauteng South&quot;
      }
    },
    {
      &quot;attributes&quot;: {
        &quot;owner&quot;: &quot;DFA&quot;,
        &quot;stage&quot;: &quot;Completed&quot;,
        &quot;ea1&quot;: &quot;G52P33&quot;,
        &quot;ea2&quot;: &quot;Gauteng South&quot;
      }
    },
    {
      &quot;attributes&quot;: {
        &quot;owner&quot;: &quot;DFA&quot;,
        &quot;stage&quot;: &quot;Construction&quot;,
        &quot;ea1&quot;: &quot;G50P66&quot;,
        &quot;ea2&quot;: &quot;Gauteng South&quot;
      }
    },
    {
      &quot;attributes&quot;: {
        &quot;owner&quot;: &quot;DFA&quot;,
        &quot;stage&quot;: &quot;Completed&quot;,
        &quot;ea1&quot;: &quot;G52P33&quot;,
        &quot;ea2&quot;: &quot;Gauteng South&quot;
      }
    },
    {
      &quot;attributes&quot;: {
        &quot;owner&quot;: &quot;DFA&quot;,
        &quot;stage&quot;: &quot;Completed&quot;,
        &quot;ea1&quot;: &quot;G52P33&quot;,
        &quot;ea2&quot;: &quot;Gauteng South&quot;
      }
    },
    {
      &quot;attributes&quot;: {
        &quot;owner&quot;: &quot;DFA&quot;,
        &quot;stage&quot;: &quot;Completed&quot;,
        &quot;ea1&quot;: &quot;G52P33&quot;,
        &quot;ea2&quot;: &quot;Gauteng South&quot;
      }
    },
    {
      &quot;attributes&quot;: {
        &quot;owner&quot;: &quot;DFA&quot;,
        &quot;stage&quot;: &quot;Completed&quot;,
        &quot;ea1&quot;: &quot;G52P33&quot;,
        &quot;ea2&quot;: &quot;Gauteng South&quot;
      }
    },
    {
      &quot;attributes&quot;: {
        &quot;owner&quot;: &quot;DFA&quot;,
        &quot;stage&quot;: &quot;Completed&quot;,
        &quot;ea1&quot;: &quot;G30P45&quot;,
        &quot;ea2&quot;: &quot;Gauteng South&quot;
      }
    },
    {
      &quot;attributes&quot;: {
        &quot;owner&quot;: &quot;DFA&quot;,
        &quot;stage&quot;: &quot;Completed&quot;,
        &quot;ea1&quot;: &quot;G52P43&quot;,
        &quot;ea2&quot;: &quot;Gauteng South&quot;
      }
    },
    {
      &quot;attributes&quot;: {
        &quot;owner&quot;: &quot;DFA&quot;,
        &quot;stage&quot;: &quot;Completed&quot;,
        &quot;ea1&quot;: &quot;G52P43&quot;,
        &quot;ea2&quot;: &quot;Gauteng South&quot;
      }
    },
    {
      &quot;attributes&quot;: {
        &quot;owner&quot;: &quot;DFA&quot;,
        &quot;stage&quot;: &quot;Completed&quot;,
        &quot;ea1&quot;: &quot;G52P43&quot;,
        &quot;ea2&quot;: &quot;Gauteng South&quot;
      }
    },
    {
      &quot;attributes&quot;: {
        &quot;owner&quot;: &quot;DFA&quot;,
        &quot;stage&quot;: &quot;Completed&quot;,
        &quot;ea1&quot;: &quot;G52P43&quot;,
        &quot;ea2&quot;: &quot;Gauteng South&quot;
      }
    },
    {
      &quot;attributes&quot;: {
        &quot;owner&quot;: &quot;DFA&quot;,
        &quot;stage&quot;: &quot;Completed&quot;,
        &quot;ea1&quot;: &quot;G52P43&quot;,
        &quot;ea2&quot;: &quot;Gauteng South&quot;
      }
    },
    {
      &quot;attributes&quot;: {
        &quot;owner&quot;: &quot;DFA&quot;,
        &quot;stage&quot;: &quot;Completed&quot;,
        &quot;ea1&quot;: &quot;G52P43&quot;,
        &quot;ea2&quot;: &quot;Gauteng South&quot;
      }
    },
    {
      &quot;attributes&quot;: {
        &quot;owner&quot;: &quot;DFA&quot;,
        &quot;stage&quot;: &quot;Completed&quot;,
        &quot;ea1&quot;: &quot;G52P43&quot;,
        &quot;ea2&quot;: &quot;Gauteng South&quot;
      }
    },
    {
      &quot;attributes&quot;: {
        &quot;owner&quot;: &quot;DFA&quot;,
        &quot;stage&quot;: &quot;Completed&quot;,
        &quot;ea1&quot;: &quot;G52P43&quot;,
        &quot;ea2&quot;: &quot;Gauteng South&quot;
      }
    },
    {
      &quot;attributes&quot;: {
        &quot;owner&quot;: &quot;DFA&quot;,
        &quot;stage&quot;: &quot;Completed&quot;,
        &quot;ea1&quot;: &quot;G52P43&quot;,
        &quot;ea2&quot;: &quot;Gauteng South&quot;
      }
    },
    {
      &quot;attributes&quot;: {
        &quot;owner&quot;: &quot;DFA&quot;,
        &quot;stage&quot;: &quot;Completed&quot;,
        &quot;ea1&quot;: &quot;G52P43&quot;,
        &quot;ea2&quot;: &quot;Gauteng South&quot;
      }
    },
    {
      &quot;attributes&quot;: {
        &quot;owner&quot;: &quot;DFA&quot;,
        &quot;stage&quot;: &quot;Completed&quot;,
        &quot;ea1&quot;: &quot;G52P43&quot;,
        &quot;ea2&quot;: &quot;Gauteng South&quot;
      }
    },
    {
      &quot;attributes&quot;: {
        &quot;owner&quot;: &quot;DFA&quot;,
        &quot;stage&quot;: &quot;Completed&quot;,
        &quot;ea1&quot;: &quot;G52P43&quot;,
        &quot;ea2&quot;: &quot;Gauteng South&quot;
      }
    },
    {
      &quot;attributes&quot;: {
        &quot;owner&quot;: &quot;DFA&quot;,
        &quot;stage&quot;: &quot;Completed&quot;,
        &quot;ea1&quot;: &quot;G52P43&quot;,
        &quot;ea2&quot;: &quot;Gauteng South&quot;
      }
    },
    {
      &quot;attributes&quot;: {
        &quot;owner&quot;: &quot;DFA&quot;,
        &quot;stage&quot;: &quot;Completed&quot;,
        &quot;ea1&quot;: &quot;G52P43&quot;,
        &quot;ea2&quot;: &quot;Gauteng South&quot;
      }
    },
    {
      &quot;attributes&quot;: {
        &quot;owner&quot;: &quot;DFA&quot;,
        &quot;stage&quot;: &quot;Completed&quot;,
        &quot;ea1&quot;: &quot;G52P43&quot;,
        &quot;ea2&quot;: &quot;Gauteng South&quot;
      }
    },
    {
      &quot;attributes&quot;: {
        &quot;owner&quot;: &quot;DFA&quot;,
        &quot;stage&quot;: &quot;Completed&quot;,
        &quot;ea1&quot;: &quot;G52P43&quot;,
        &quot;ea2&quot;: &quot;Gauteng South&quot;
      }
    },
    {
      &quot;attributes&quot;: {
        &quot;owner&quot;: &quot;DFA&quot;,
        &quot;stage&quot;: &quot;Completed&quot;,
        &quot;ea1&quot;: &quot;G52P43&quot;,
        &quot;ea2&quot;: &quot;Gauteng South&quot;
      }
    },
    {
      &quot;attributes&quot;: {
        &quot;owner&quot;: &quot;DFA&quot;,
        &quot;stage&quot;: &quot;Completed&quot;,
        &quot;ea1&quot;: &quot;G52P43&quot;,
        &quot;ea2&quot;: &quot;Gauteng South&quot;
      }
    },
    {
      &quot;attributes&quot;: {
        &quot;owner&quot;: &quot;DFA&quot;,
        &quot;stage&quot;: &quot;Completed&quot;,
        &quot;ea1&quot;: &quot;G52P43&quot;,
        &quot;ea2&quot;: &quot;Gauteng South&quot;
      }
    },
    {
      &quot;attributes&quot;: {
        &quot;owner&quot;: &quot;DFA&quot;,
        &quot;stage&quot;: &quot;Completed&quot;,
        &quot;ea1&quot;: &quot;G52P43&quot;,
        &quot;ea2&quot;: &quot;Gauteng South&quot;
      }
    },
    {
      &quot;attributes&quot;: {
        &quot;owner&quot;: &quot;DFA&quot;,
        &quot;stage&quot;: &quot;Construction&quot;,
        &quot;ea1&quot;: &quot;AS00865GH000988&quot;,
        &quot;ea2&quot;: &quot;None&quot;
      }
    },
    {
      &quot;attributes&quot;: {
        &quot;owner&quot;: &quot;DFA&quot;,
        &quot;stage&quot;: &quot;Construction&quot;,
        &quot;ea1&quot;: &quot;AS00865GH000988&quot;,
        &quot;ea2&quot;: &quot;None&quot;
      }
    },
    {
      &quot;attributes&quot;: {
        &quot;owner&quot;: &quot;DFA&quot;,
        &quot;stage&quot;: &quot;Construction&quot;,
        &quot;ea1&quot;: &quot;AS00865GH000988&quot;,
        &quot;ea2&quot;: &quot;None&quot;
      }
    },
    {
      &quot;attributes&quot;: {
        &quot;owner&quot;: &quot;DFA&quot;,
        &quot;stage&quot;: &quot;Completed&quot;,
        &quot;ea1&quot;: &quot;G52P43&quot;,
        &quot;ea2&quot;: &quot;Gauteng South&quot;
      }
    },
    {
      &quot;attributes&quot;: {
        &quot;owner&quot;: &quot;DFA&quot;,
        &quot;stage&quot;: &quot;Completed&quot;,
        &quot;ea1&quot;: &quot;G52P43&quot;,
        &quot;ea2&quot;: &quot;Gauteng South&quot;
      }
    },
    {
      &quot;attributes&quot;: {
        &quot;owner&quot;: &quot;DFA&quot;,
        &quot;stage&quot;: &quot;Completed&quot;,
        &quot;ea1&quot;: &quot;G52P43&quot;,
        &quot;ea2&quot;: &quot;Gauteng South&quot;
      }
    },
    {
      &quot;attributes&quot;: {
        &quot;owner&quot;: &quot;DFA&quot;,
        &quot;stage&quot;: &quot;Completed&quot;,
        &quot;ea1&quot;: &quot;G52P43&quot;,
        &quot;ea2&quot;: &quot;Gauteng South&quot;
      }
    },
    {
      &quot;attributes&quot;: {
        &quot;owner&quot;: &quot;DFA&quot;,
        &quot;stage&quot;: &quot;Completed&quot;,
        &quot;ea1&quot;: &quot;G52P43&quot;,
        &quot;ea2&quot;: &quot;Gauteng South&quot;
      }
    },
    {
      &quot;attributes&quot;: {
        &quot;owner&quot;: &quot;DFA&quot;,
        &quot;stage&quot;: &quot;Completed&quot;,
        &quot;ea1&quot;: &quot;G52P43&quot;,
        &quot;ea2&quot;: &quot;Gauteng South&quot;
      }
    },
    {
      &quot;attributes&quot;: {
        &quot;owner&quot;: &quot;DFA&quot;,
        &quot;stage&quot;: &quot;Completed&quot;,
        &quot;ea1&quot;: &quot;G52P43&quot;,
        &quot;ea2&quot;: &quot;Gauteng South&quot;
      }
    },
    {
      &quot;attributes&quot;: {
        &quot;owner&quot;: &quot;DFA&quot;,
        &quot;stage&quot;: &quot;Completed&quot;,
        &quot;ea1&quot;: &quot;G52P43&quot;,
        &quot;ea2&quot;: &quot;Gauteng South&quot;
      }
    },
    {
      &quot;attributes&quot;: {
        &quot;owner&quot;: &quot;DFA&quot;,
        &quot;stage&quot;: &quot;Completed&quot;,
        &quot;ea1&quot;: &quot;NB50P74&quot;,
        &quot;ea2&quot;: &quot;Northern Region&quot;
      }
    },
    {
      &quot;attributes&quot;: {
        &quot;owner&quot;: &quot;DFA&quot;,
        &quot;stage&quot;: &quot;Completed&quot;,
        &quot;ea1&quot;: &quot;M01P12&quot;,
        &quot;ea2&quot;: &quot;Mphumalanga&quot;
      }
    },
    {
      &quot;attributes&quot;: {
        &quot;owner&quot;: &quot;DFA&quot;,
        &quot;stage&quot;: &quot;Construction&quot;,
        &quot;ea1&quot;: &quot;AS04573HB001641-01&quot;,
        &quot;ea2&quot;: &quot;None&quot;
      }
    },
    {
      &quot;attributes&quot;: {
        &quot;owner&quot;: &quot;DFA&quot;,
        &quot;stage&quot;: &quot;Construction&quot;,
        &quot;ea1&quot;: &quot;AS04573NB001640&quot;,
        &quot;ea2&quot;: &quot;None&quot;
      }
    },
    {
      &quot;attributes&quot;: {
        &quot;owner&quot;: &quot;DFA&quot;,
        &quot;stage&quot;: &quot;Completed&quot;,
        &quot;ea1&quot;: &quot;NB50P90&quot;,
        &quot;ea2&quot;: &quot;Northern Region&quot;
      }
    },
    {
      &quot;attributes&quot;: {
        &quot;owner&quot;: &quot;DFA&quot;,
        &quot;stage&quot;: &quot;Completed&quot;,
        &quot;ea1&quot;: &quot;NB50P90&quot;,
        &quot;ea2&quot;: &quot;Northern Region&quot;
      }
    },
    {
      &quot;attributes&quot;: {
        &quot;owner&quot;: &quot;DFA&quot;,
        &quot;stage&quot;: &quot;Completed&quot;,
        &quot;ea1&quot;: &quot;NB50P90&quot;,
        &quot;ea2&quot;: &quot;Northern Region&quot;
      }
    },
    {
      &quot;attributes&quot;: {
        &quot;owner&quot;: &quot;DFA&quot;,
        &quot;stage&quot;: &quot;Completed&quot;,
        &quot;ea1&quot;: &quot;NB50P90&quot;,
        &quot;ea2&quot;: &quot;Northern Region&quot;
      }
    },
    {
      &quot;attributes&quot;: {
        &quot;owner&quot;: &quot;DFA&quot;,
        &quot;stage&quot;: &quot;Completed&quot;,
        &quot;ea1&quot;: &quot;NB50P90&quot;,
        &quot;ea2&quot;: &quot;Northern Region&quot;
      }
    },
    {
      &quot;attributes&quot;: {
        &quot;owner&quot;: &quot;DFA&quot;,
        &quot;stage&quot;: &quot;Completed&quot;,
        &quot;ea1&quot;: &quot;NB50P90&quot;,
        &quot;ea2&quot;: &quot;Northern Region&quot;
      }
    },
    {
      &quot;attributes&quot;: {
        &quot;owner&quot;: &quot;DFA&quot;,
        &quot;stage&quot;: &quot;Completed&quot;,
        &quot;ea1&quot;: &quot;NB50P90&quot;,
        &quot;ea2&quot;: &quot;Northern Region&quot;
      }
    },
    {
      &quot;attributes&quot;: {
        &quot;owner&quot;: &quot;DFA&quot;,
        &quot;stage&quot;: &quot;Completed&quot;,
        &quot;ea1&quot;: &quot;NB50P90&quot;,
        &quot;ea2&quot;: &quot;Northern Region&quot;
      }
    },
    {
      &quot;attributes&quot;: {
        &quot;owner&quot;: &quot;DFA&quot;,
        &quot;stage&quot;: &quot;Completed&quot;,
        &quot;ea1&quot;: &quot;NB50P90&quot;,
        &quot;ea2&quot;: &quot;Northern Region&quot;
      }
    },
    {
      &quot;attributes&quot;: {
        &quot;owner&quot;: &quot;DFA&quot;,
        &quot;stage&quot;: &quot;Completed&quot;,
        &quot;ea1&quot;: &quot;NB50P90&quot;,
        &quot;ea2&quot;: &quot;Northern Region&quot;
      }
    },
    {
      &quot;attributes&quot;: {
        &quot;owner&quot;: &quot;DFA&quot;,
        &quot;stage&quot;: &quot;Completed&quot;,
        &quot;ea1&quot;: &quot;NB50P90&quot;,
        &quot;ea2&quot;: &quot;Northern Region&quot;
      }
    },
    {
      &quot;attributes&quot;: {
        &quot;owner&quot;: &quot;DFA&quot;,
        &quot;stage&quot;: &quot;Completed&quot;,
        &quot;ea1&quot;: &quot;NB50P90&quot;,
        &quot;ea2&quot;: &quot;Northern Region&quot;
      }
    },
    {
      &quot;attributes&quot;: {
        &quot;owner&quot;: &quot;DFA&quot;,
        &quot;stage&quot;: &quot;Completed&quot;,
        &quot;ea1&quot;: &quot;NB50P90&quot;,
        &quot;ea2&quot;: &quot;Northern Region&quot;
      }
    },
    {
      &quot;attributes&quot;: {
        &quot;owner&quot;: &quot;DFA&quot;,
        &quot;stage&quot;: &quot;Completed&quot;,
        &quot;ea1&quot;: &quot;NB50P90&quot;,
        &quot;ea2&quot;: &quot;Northern Region&quot;
      }
    },
    {
      &quot;attributes&quot;: {
        &quot;owner&quot;: &quot;DFA&quot;,
        &quot;stage&quot;: &quot;Completed&quot;,
        &quot;ea1&quot;: &quot;NB50P90&quot;,
        &quot;ea2&quot;: &quot;Northern Region&quot;
      }
    },
    {
      &quot;attributes&quot;: {
        &quot;owner&quot;: &quot;DFA&quot;,
        &quot;stage&quot;: &quot;Completed&quot;,
        &quot;ea1&quot;: &quot;NB50P90&quot;,
        &quot;ea2&quot;: &quot;Northern Region&quot;
      }
    },
    {
      &quot;attributes&quot;: {
        &quot;owner&quot;: &quot;DFA&quot;,
        &quot;stage&quot;: &quot;Completed&quot;,
        &quot;ea1&quot;: &quot;NB50P90&quot;,
        &quot;ea2&quot;: &quot;Northern Region&quot;
      }
    },
    {
      &quot;attributes&quot;: {
        &quot;owner&quot;: &quot;DFA&quot;,
        &quot;stage&quot;: &quot;Completed&quot;,
        &quot;ea1&quot;: &quot;AS00144BH021031&quot;,
        &quot;ea2&quot;: &quot;Northern Region&quot;
      }
    },
    {
      &quot;attributes&quot;: {
        &quot;owner&quot;: &quot;DFA&quot;,
        &quot;stage&quot;: &quot;Completed&quot;,
        &quot;ea1&quot;: &quot;G52P68&quot;,
        &quot;ea2&quot;: &quot;Gauteng South&quot;
      }
    },
    {
      &quot;attributes&quot;: {
        &quot;owner&quot;: &quot;DFA&quot;,
        &quot;stage&quot;: &quot;Completed&quot;,
        &quot;ea1&quot;: &quot;G52P68&quot;,
        &quot;ea2&quot;: &quot;Gauteng South&quot;
      }
    },
    {
      &quot;attributes&quot;: {
        &quot;owner&quot;: &quot;DFA&quot;,
        &quot;stage&quot;: &quot;Completed&quot;,
        &quot;ea1&quot;: &quot;G52P68&quot;,
        &quot;ea2&quot;: &quot;Gauteng South&quot;
      }
    },
    {
      &quot;attributes&quot;: {
        &quot;owner&quot;: &quot;DFA&quot;,
        &quot;stage&quot;: &quot;Completed&quot;,
        &quot;ea1&quot;: &quot;G52P87&quot;,
        &quot;ea2&quot;: &quot;Gauteng South&quot;
      }
    },
    {
      &quot;attributes&quot;: {
        &quot;owner&quot;: &quot;DFA&quot;,
        &quot;stage&quot;: &quot;Completed&quot;,
        &quot;ea1&quot;: &quot;G52P87&quot;,
        &quot;ea2&quot;: &quot;Gauteng South&quot;
      }
    },
    {
      &quot;attributes&quot;: {
        &quot;owner&quot;: &quot;DFA&quot;,
        &quot;stage&quot;: &quot;Completed&quot;,
        &quot;ea1&quot;: &quot;G52P87&quot;,
        &quot;ea2&quot;: &quot;Gauteng South&quot;
      }
    },
    {
      &quot;attributes&quot;: {
        &quot;owner&quot;: &quot;DFA&quot;,
        &quot;stage&quot;: &quot;Completed&quot;,
        &quot;ea1&quot;: &quot;G52P87&quot;,
        &quot;ea2&quot;: &quot;Gauteng South&quot;
      }
    },
    {
      &quot;attributes&quot;: {
        &quot;owner&quot;: &quot;DFA&quot;,
        &quot;stage&quot;: &quot;Completed&quot;,
        &quot;ea1&quot;: &quot;G52P87&quot;,
        &quot;ea2&quot;: &quot;Gauteng South&quot;
      }
    },
    {
      &quot;attributes&quot;: {
        &quot;owner&quot;: &quot;DFA&quot;,
        &quot;stage&quot;: &quot;Completed&quot;,
        &quot;ea1&quot;: &quot;G52P87&quot;,
        &quot;ea2&quot;: &quot;Gauteng South&quot;
      }
    },
    {
      &quot;attributes&quot;: {
        &quot;owner&quot;: &quot;DFA&quot;,
        &quot;stage&quot;: &quot;Completed&quot;,
        &quot;ea1&quot;: &quot;G52P87&quot;,
        &quot;ea2&quot;: &quot;Gauteng South&quot;
      }
    },
    {
      &quot;attributes&quot;: {
        &quot;owner&quot;: &quot;DFA&quot;,
        &quot;stage&quot;: &quot;Completed&quot;,
        &quot;ea1&quot;: &quot;G52P87&quot;,
        &quot;ea2&quot;: &quot;Gauteng South&quot;
      }
    },
    {
      &quot;attributes&quot;: {
        &quot;owner&quot;: &quot;DFA&quot;,
        &quot;stage&quot;: &quot;Completed&quot;,
        &quot;ea1&quot;: &quot;G52P87&quot;,
        &quot;ea2&quot;: &quot;Gauteng South&quot;
      }
    },
    {
      &quot;attributes&quot;: {
        &quot;owner&quot;: &quot;DFA&quot;,
        &quot;stage&quot;: &quot;Completed&quot;,
        &quot;ea1&quot;: &quot;G52P87&quot;,
        &quot;ea2&quot;: &quot;Gauteng South&quot;
      }
    },
    {
      &quot;attributes&quot;: {
        &quot;owner&quot;: &quot;DFA&quot;,
        &quot;stage&quot;: &quot;Completed&quot;,
        &quot;ea1&quot;: &quot;G52P87&quot;,
        &quot;ea2&quot;: &quot;Gauteng South&quot;
      }
    },
    {
      &quot;attributes&quot;: {
        &quot;owner&quot;: &quot;DFA&quot;,
        &quot;stage&quot;: &quot;Completed&quot;,
        &quot;ea1&quot;: &quot;G52P87&quot;,
        &quot;ea2&quot;: &quot;Gauteng South&quot;
      }
    },
    {
      &quot;attributes&quot;: {
        &quot;owner&quot;: &quot;DFA&quot;,
        &quot;stage&quot;: &quot;Completed&quot;,
        &quot;ea1&quot;: &quot;G52P87&quot;,
        &quot;ea2&quot;: &quot;Gauteng South&quot;
      }
    },
    {
      &quot;attributes&quot;: {
        &quot;owner&quot;: &quot;DFA&quot;,
        &quot;stage&quot;: &quot;Completed&quot;,
        &quot;ea1&quot;: &quot;G52P87&quot;,
        &quot;ea2&quot;: &quot;Gauteng South&quot;
      }
    },
    {
      &quot;attributes&quot;: {
        &quot;owner&quot;: &quot;DFA&quot;,
        &quot;stage&quot;: &quot;Completed&quot;,
        &quot;ea1&quot;: &quot;G52P87&quot;,
        &quot;ea2&quot;: &quot;Gauteng South&quot;
      }
    },
    {
      &quot;attributes&quot;: {
        &quot;owner&quot;: &quot;DFA&quot;,
        &quot;stage&quot;: &quot;Completed&quot;,
        &quot;ea1&quot;: &quot;G52P87&quot;,
        &quot;ea2&quot;: &quot;Gauteng South&quot;
      }
    },
    {
      &quot;attributes&quot;: {
        &quot;owner&quot;: &quot;DFA&quot;,
        &quot;stage&quot;: &quot;Completed&quot;,
        &quot;ea1&quot;: &quot;G52P87&quot;,
        &quot;ea2&quot;: &quot;Gauteng South&quot;
      }
    },
    {
      &quot;attributes&quot;: {
        &quot;owner&quot;: &quot;DFA&quot;,
        &quot;stage&quot;: &quot;Completed&quot;,
        &quot;ea1&quot;: &quot;G52P87&quot;,
        &quot;ea2&quot;: &quot;Gauteng South&quot;
      }
    },
    {
      &quot;attributes&quot;: {
        &quot;owner&quot;: &quot;DFA&quot;,
        &quot;stage&quot;: &quot;Completed&quot;,
        &quot;ea1&quot;: &quot;G52P87&quot;,
        &quot;ea2&quot;: &quot;Gauteng South&quot;
      }
    },
    {
      &quot;attributes&quot;: {
        &quot;owner&quot;: &quot;DFA&quot;,
        &quot;stage&quot;: &quot;Construction&quot;,
        &quot;ea1&quot;: &quot;none&quot;,
        &quot;ea2&quot;: &quot;None&quot;
      }
    },
    {
      &quot;attributes&quot;: {
        &quot;owner&quot;: &quot;DFA&quot;,
        &quot;stage&quot;: &quot;Construction&quot;,
        &quot;ea1&quot;: &quot;none&quot;,
        &quot;ea2&quot;: &quot;None&quot;
      }
    },
    {
      &quot;attributes&quot;: {
        &quot;owner&quot;: &quot;DFA&quot;,
        &quot;stage&quot;: &quot;Construction&quot;,
        &quot;ea1&quot;: &quot;none&quot;,
        &quot;ea2&quot;: &quot;None&quot;
      }
    },
    {
      &quot;attributes&quot;: {
        &quot;owner&quot;: &quot;DFA&quot;,
        &quot;stage&quot;: &quot;Construction&quot;,
        &quot;ea1&quot;: &quot;none&quot;,
        &quot;ea2&quot;: &quot;None&quot;
      }
    },
    {
      &quot;attributes&quot;: {
        &quot;owner&quot;: &quot;DFA&quot;,
        &quot;stage&quot;: &quot;Completed&quot;,
        &quot;ea1&quot;: &quot;G52P90&quot;,
        &quot;ea2&quot;: &quot;Gauteng South&quot;
      }
    },
    {
      &quot;attributes&quot;: {
        &quot;owner&quot;: &quot;DFA&quot;,
        &quot;stage&quot;: &quot;Completed&quot;,
        &quot;ea1&quot;: &quot;G52P90&quot;,
        &quot;ea2&quot;: &quot;Gauteng South&quot;
      }
    },
    {
      &quot;attributes&quot;: {
        &quot;owner&quot;: &quot;DFA&quot;,
        &quot;stage&quot;: &quot;Completed&quot;,
        &quot;ea1&quot;: &quot;G50P29&quot;,
        &quot;ea2&quot;: &quot;Gauteng South&quot;
      }
    },
    {
      &quot;attributes&quot;: {
        &quot;owner&quot;: &quot;DFA&quot;,
        &quot;stage&quot;: &quot;Completed&quot;,
        &quot;ea1&quot;: &quot;G50P29&quot;,
        &quot;ea2&quot;: &quot;Gauteng South&quot;
      }
    },
    {
      &quot;attributes&quot;: {
        &quot;owner&quot;: &quot;DFA&quot;,
        &quot;stage&quot;: &quot;Completed&quot;,
        &quot;ea1&quot;: &quot;G50P29&quot;,
        &quot;ea2&quot;: &quot;Gauteng South&quot;
      }
    },
    {
      &quot;attributes&quot;: {
        &quot;owner&quot;: &quot;DFA&quot;,
        &quot;stage&quot;: &quot;Completed&quot;,
        &quot;ea1&quot;: &quot;G50P29&quot;,
        &quot;ea2&quot;: &quot;Gauteng South&quot;
      }
    },
    {
      &quot;attributes&quot;: {
        &quot;owner&quot;: &quot;DFA&quot;,
        &quot;stage&quot;: &quot;Completed&quot;,
        &quot;ea1&quot;: &quot;G50P29&quot;,
        &quot;ea2&quot;: &quot;Gauteng South&quot;
      }
    },
    {
      &quot;attributes&quot;: {
        &quot;owner&quot;: &quot;DFA&quot;,
        &quot;stage&quot;: &quot;Completed&quot;,
        &quot;ea1&quot;: &quot;G50P29&quot;,
        &quot;ea2&quot;: &quot;Gauteng South&quot;
      }
    },
    {
      &quot;attributes&quot;: {
        &quot;owner&quot;: &quot;DFA&quot;,
        &quot;stage&quot;: &quot;Completed&quot;,
        &quot;ea1&quot;: &quot;G50P29&quot;,
        &quot;ea2&quot;: &quot;Gauteng South&quot;
      }
    },
    {
      &quot;attributes&quot;: {
        &quot;owner&quot;: &quot;DFA&quot;,
        &quot;stage&quot;: &quot;Completed&quot;,
        &quot;ea1&quot;: &quot;G50P29&quot;,
        &quot;ea2&quot;: &quot;Gauteng South&quot;
      }
    },
    {
      &quot;attributes&quot;: {
        &quot;owner&quot;: &quot;DFA&quot;,
        &quot;stage&quot;: &quot;Completed&quot;,
        &quot;ea1&quot;: &quot;G50P29&quot;,
        &quot;ea2&quot;: &quot;Gauteng South&quot;
      }
    },
    {
      &quot;attributes&quot;: {
        &quot;owner&quot;: &quot;DFA&quot;,
        &quot;stage&quot;: &quot;Completed&quot;,
        &quot;ea1&quot;: &quot;G50P29&quot;,
        &quot;ea2&quot;: &quot;Gauteng South&quot;
      }
    },
    {
      &quot;attributes&quot;: {
        &quot;owner&quot;: &quot;DFA&quot;,
        &quot;stage&quot;: &quot;Completed&quot;,
        &quot;ea1&quot;: &quot;G50P29&quot;,
        &quot;ea2&quot;: &quot;Gauteng South&quot;
      }
    },
    {
      &quot;attributes&quot;: {
        &quot;owner&quot;: &quot;DFA&quot;,
        &quot;stage&quot;: &quot;Completed&quot;,
        &quot;ea1&quot;: &quot;G50P29&quot;,
        &quot;ea2&quot;: &quot;Gauteng South&quot;
      }
    },
    {
      &quot;attributes&quot;: {
        &quot;owner&quot;: &quot;DFA&quot;,
        &quot;stage&quot;: &quot;Completed&quot;,
        &quot;ea1&quot;: &quot;G50P29&quot;,
        &quot;ea2&quot;: &quot;Gauteng South&quot;
      }
    },
    {
      &quot;attributes&quot;: {
        &quot;owner&quot;: &quot;DFA&quot;,
        &quot;stage&quot;: &quot;Completed&quot;,
        &quot;ea1&quot;: &quot;G50P29&quot;,
        &quot;ea2&quot;: &quot;Gauteng South&quot;
      }
    },
    {
      &quot;attributes&quot;: {
        &quot;owner&quot;: &quot;DFA&quot;,
        &quot;stage&quot;: &quot;Completed&quot;,
        &quot;ea1&quot;: &quot;G50P29&quot;,
        &quot;ea2&quot;: &quot;Gauteng South&quot;
      }
    },
    {
      &quot;attributes&quot;: {
        &quot;owner&quot;: &quot;DFA&quot;,
        &quot;stage&quot;: &quot;Completed&quot;,
        &quot;ea1&quot;: &quot;G50P29&quot;,
        &quot;ea2&quot;: &quot;Gauteng South&quot;
      }
    },
    {
      &quot;attributes&quot;: {
        &quot;owner&quot;: &quot;DFA&quot;,
        &quot;stage&quot;: &quot;Completed&quot;,
        &quot;ea1&quot;: &quot;G50P29&quot;,
        &quot;ea2&quot;: &quot;Gauteng South&quot;
      }
    },
    {
      &quot;attributes&quot;: {
        &quot;owner&quot;: &quot;DFA&quot;,
        &quot;stage&quot;: &quot;Completed&quot;,
        &quot;ea1&quot;: &quot;G50P29&quot;,
        &quot;ea2&quot;: &quot;Gauteng South&quot;
      }
    },
    {
      &quot;attributes&quot;: {
        &quot;owner&quot;: &quot;DFA&quot;,
        &quot;stage&quot;: &quot;Completed&quot;,
        &quot;ea1&quot;: &quot;G50P29&quot;,
        &quot;ea2&quot;: &quot;Gauteng South&quot;
      }
    },
    {
      &quot;attributes&quot;: {
        &quot;owner&quot;: &quot;DFA&quot;,
        &quot;stage&quot;: &quot;Construction&quot;,
        &quot;ea1&quot;: &quot;none&quot;,
        &quot;ea2&quot;: &quot;None&quot;
      }
    },
    {
      &quot;attributes&quot;: {
        &quot;owner&quot;: &quot;DFA&quot;,
        &quot;stage&quot;: &quot;Completed&quot;,
        &quot;ea1&quot;: &quot;G50P29&quot;,
        &quot;ea2&quot;: &quot;Gauteng South&quot;
      }
    },
    {
      &quot;attributes&quot;: {
        &quot;owner&quot;: &quot;DFA&quot;,
        &quot;stage&quot;: &quot;Completed&quot;,
        &quot;ea1&quot;: &quot;G50P29&quot;,
        &quot;ea2&quot;: &quot;Gauteng South&quot;
      }
    },
    {
      &quot;attributes&quot;: {
        &quot;owner&quot;: &quot;DFA&quot;,
        &quot;stage&quot;: &quot;Completed&quot;,
        &quot;ea1&quot;: &quot;G50P29&quot;,
        &quot;ea2&quot;: &quot;Gauteng South&quot;
      }
    },
    {
      &quot;attributes&quot;: {
        &quot;owner&quot;: &quot;DFA&quot;,
        &quot;stage&quot;: &quot;Completed&quot;,
        &quot;ea1&quot;: &quot;G50P29&quot;,
        &quot;ea2&quot;: &quot;Gauteng South&quot;
      }
    },
    {
      &quot;attributes&quot;: {
        &quot;owner&quot;: &quot;DFA&quot;,
        &quot;stage&quot;: &quot;Completed&quot;,
        &quot;ea1&quot;: &quot;G50P29&quot;,
        &quot;ea2&quot;: &quot;Gauteng South&quot;
      }
    },
    {
      &quot;attributes&quot;: {
        &quot;owner&quot;: &quot;DFA&quot;,
        &quot;stage&quot;: &quot;Completed&quot;,
        &quot;ea1&quot;: &quot;G50P29&quot;,
        &quot;ea2&quot;: &quot;Gauteng South&quot;
      }
    },
    {
      &quot;attributes&quot;: {
        &quot;owner&quot;: &quot;DFA&quot;,
        &quot;stage&quot;: &quot;Completed&quot;,
        &quot;ea1&quot;: &quot;G50P29&quot;,
        &quot;ea2&quot;: &quot;Gauteng South&quot;
      }
    },
    {
      &quot;attributes&quot;: {
        &quot;owner&quot;: &quot;DFA&quot;,
        &quot;stage&quot;: &quot;Completed&quot;,
        &quot;ea1&quot;: &quot;G50P29&quot;,
        &quot;ea2&quot;: &quot;Gauteng South&quot;
      }
    },
    {
      &quot;attributes&quot;: {
        &quot;owner&quot;: &quot;DFA&quot;,
        &quot;stage&quot;: &quot;Completed&quot;,
        &quot;ea1&quot;: &quot;G50P29&quot;,
        &quot;ea2&quot;: &quot;Gauteng South&quot;
      }
    },
    {
      &quot;attributes&quot;: {
        &quot;owner&quot;: &quot;DFA&quot;,
        &quot;stage&quot;: &quot;Completed&quot;,
        &quot;ea1&quot;: &quot;G50P29&quot;,
        &quot;ea2&quot;: &quot;Gauteng South&quot;
      }
    },
    {
      &quot;attributes&quot;: {
        &quot;owner&quot;: &quot;DFA&quot;,
        &quot;stage&quot;: &quot;Completed&quot;,
        &quot;ea1&quot;: &quot;G50P29&quot;,
        &quot;ea2&quot;: &quot;Gauteng South&quot;
      }
    },
    {
      &quot;attributes&quot;: {
        &quot;owner&quot;: &quot;DFA&quot;,
        &quot;stage&quot;: &quot;Completed&quot;,
        &quot;ea1&quot;: &quot;G50P29&quot;,
        &quot;ea2&quot;: &quot;Gauteng South&quot;
      }
    },
    {
      &quot;attributes&quot;: {
        &quot;owner&quot;: &quot;DFA&quot;,
        &quot;stage&quot;: &quot;Completed&quot;,
        &quot;ea1&quot;: &quot;G50P29&quot;,
        &quot;ea2&quot;: &quot;Gauteng South&quot;
      }
    },
    {
      &quot;attributes&quot;: {
        &quot;owner&quot;: &quot;DFA&quot;,
        &quot;stage&quot;: &quot;Completed&quot;,
        &quot;ea1&quot;: &quot;G50P29&quot;,
        &quot;ea2&quot;: &quot;Gauteng South&quot;
      }
    },
    {
      &quot;attributes&quot;: {
        &quot;owner&quot;: &quot;DFA&quot;,
        &quot;stage&quot;: &quot;Completed&quot;,
        &quot;ea1&quot;: &quot;G50P29&quot;,
        &quot;ea2&quot;: &quot;Gauteng South&quot;
      }
    },
    {
      &quot;attributes&quot;: {
        &quot;owner&quot;: &quot;DFA&quot;,
        &quot;stage&quot;: &quot;Completed&quot;,
        &quot;ea1&quot;: &quot;G50P29&quot;,
        &quot;ea2&quot;: &quot;Gauteng South&quot;
      }
    },
    {
      &quot;attributes&quot;: {
        &quot;owner&quot;: &quot;DFA&quot;,
        &quot;stage&quot;: &quot;Completed&quot;,
        &quot;ea1&quot;: &quot;G50P29&quot;,
        &quot;ea2&quot;: &quot;Gauteng South&quot;
      }
    },
    {
      &quot;attributes&quot;: {
        &quot;owner&quot;: &quot;DFA&quot;,
        &quot;stage&quot;: &quot;Completed&quot;,
        &quot;ea1&quot;: &quot;G50P29&quot;,
        &quot;ea2&quot;: &quot;Gauteng South&quot;
      }
    },
    {
      &quot;attributes&quot;: {
        &quot;owner&quot;: &quot;DFA&quot;,
        &quot;stage&quot;: &quot;Completed&quot;,
        &quot;ea1&quot;: &quot;G50P29&quot;,
        &quot;ea2&quot;: &quot;Gauteng South&quot;
      }
    },
    {
      &quot;attributes&quot;: {
        &quot;owner&quot;: &quot;DFA&quot;,
        &quot;stage&quot;: &quot;Completed&quot;,
        &quot;ea1&quot;: &quot;G50P29&quot;,
        &quot;ea2&quot;: &quot;Gauteng South&quot;
      }
    },
    {
      &quot;attributes&quot;: {
        &quot;owner&quot;: &quot;DFA&quot;,
        &quot;stage&quot;: &quot;Completed&quot;,
        &quot;ea1&quot;: &quot;G50P29&quot;,
        &quot;ea2&quot;: &quot;Gauteng South&quot;
      }
    },
    {
      &quot;attributes&quot;: {
        &quot;owner&quot;: &quot;DFA&quot;,
        &quot;stage&quot;: &quot;Completed&quot;,
        &quot;ea1&quot;: &quot;G50P29&quot;,
        &quot;ea2&quot;: &quot;Gauteng South&quot;
      }
    },
    {
      &quot;attributes&quot;: {
        &quot;owner&quot;: &quot;DFA&quot;,
        &quot;stage&quot;: &quot;Completed&quot;,
        &quot;ea1&quot;: &quot;AS00735GH220001&quot;,
        &quot;ea2&quot;: &quot;Northern Region&quot;
      }
    },
    {
      &quot;attributes&quot;: {
        &quot;owner&quot;: &quot;DFA&quot;,
        &quot;stage&quot;: &quot;Completed&quot;,
        &quot;ea1&quot;: &quot;G53P75&quot;,
        &quot;ea2&quot;: &quot;Gauteng South&quot;
      }
    },
    {
      &quot;attributes&quot;: {
        &quot;owner&quot;: &quot;DFA&quot;,
        &quot;stage&quot;: &quot;Completed&quot;,
        &quot;ea1&quot;: &quot;G53P75&quot;,
        &quot;ea2&quot;: &quot;Gauteng South&quot;
      }
    },
    {
      &quot;attributes&quot;: {
        &quot;owner&quot;: &quot;DFA&quot;,
        &quot;stage&quot;: &quot;Completed&quot;,
        &quot;ea1&quot;: &quot;G53P75&quot;,
        &quot;ea2&quot;: &quot;Gauteng South&quot;
      }
    },
    {
      &quot;attributes&quot;: {
        &quot;owner&quot;: &quot;DFA&quot;,
        &quot;stage&quot;: &quot;Completed&quot;,
        &quot;ea1&quot;: &quot;G53P75&quot;,
        &quot;ea2&quot;: &quot;Gauteng South&quot;
      }
    },
    {
      &quot;attributes&quot;: {
        &quot;owner&quot;: &quot;DFA&quot;,
        &quot;stage&quot;: &quot;Completed&quot;,
        &quot;ea1&quot;: &quot;G53P75&quot;,
        &quot;ea2&quot;: &quot;Gauteng South&quot;
      }
    },
    {
      &quot;attributes&quot;: {
        &quot;owner&quot;: &quot;DFA&quot;,
        &quot;stage&quot;: &quot;Completed&quot;,
        &quot;ea1&quot;: &quot;K20P21&quot;,
        &quot;ea2&quot;: &quot;Kwa-Zulu Natal&quot;
      }
    },
    {
      &quot;attributes&quot;: {
        &quot;owner&quot;: &quot;DFA&quot;,
        &quot;stage&quot;: &quot;Completed&quot;,
        &quot;ea1&quot;: &quot;K20P21&quot;,
        &quot;ea2&quot;: &quot;Kwa-Zulu Natal&quot;
      }
    },
    {
      &quot;attributes&quot;: {
        &quot;owner&quot;: &quot;DFA&quot;,
        &quot;stage&quot;: &quot;Completed&quot;,
        &quot;ea1&quot;: &quot;K20P21&quot;,
        &quot;ea2&quot;: &quot;Kwa-Zulu Natal&quot;
      }
    },
    {
      &quot;attributes&quot;: {
        &quot;owner&quot;: &quot;DFA&quot;,
        &quot;stage&quot;: &quot;Completed&quot;,
        &quot;ea1&quot;: &quot;K20P21&quot;,
        &quot;ea2&quot;: &quot;Kwa-Zulu Natal&quot;
      }
    },
    {
      &quot;attributes&quot;: {
        &quot;owner&quot;: &quot;DFA&quot;,
        &quot;stage&quot;: &quot;Completed&quot;,
        &quot;ea1&quot;: &quot;K20P21&quot;,
        &quot;ea2&quot;: &quot;Kwa-Zulu Natal&quot;
      }
    },
    {
      &quot;attributes&quot;: {
        &quot;owner&quot;: &quot;DFA&quot;,
        &quot;stage&quot;: &quot;Completed&quot;,
        &quot;ea1&quot;: &quot;K20P21&quot;,
        &quot;ea2&quot;: &quot;Kwa-Zulu Natal&quot;
      }
    },
    {
      &quot;attributes&quot;: {
        &quot;owner&quot;: &quot;DFA&quot;,
        &quot;stage&quot;: &quot;Completed&quot;,
        &quot;ea1&quot;: &quot;AS03947WH280510B&quot;,
        &quot;ea2&quot;: &quot;Western Region&quot;
      }
    },
    {
      &quot;attributes&quot;: {
        &quot;owner&quot;: &quot;DFA&quot;,
        &quot;stage&quot;: &quot;Completed&quot;,
        &quot;ea1&quot;: &quot;K20P21&quot;,
        &quot;ea2&quot;: &quot;Kwa-Zulu Natal&quot;
      }
    },
    {
      &quot;attributes&quot;: {
        &quot;owner&quot;: &quot;DFA&quot;,
        &quot;stage&quot;: &quot;Construction&quot;,
        &quot;ea1&quot;: &quot;none&quot;,
        &quot;ea2&quot;: &quot;None&quot;
      }
    },
    {
      &quot;attributes&quot;: {
        &quot;owner&quot;: &quot;DFA&quot;,
        &quot;stage&quot;: &quot;Completed&quot;,
        &quot;ea1&quot;: &quot;AS00789GH301491A&quot;,
        &quot;ea2&quot;: &quot;Northern Region&quot;
      }
    },
    {
      &quot;attributes&quot;: {
        &quot;owner&quot;: &quot;DFA&quot;,
        &quot;stage&quot;: &quot;Completed&quot;,
        &quot;ea1&quot;: &quot;W50P19&quot;,
        &quot;ea2&quot;: &quot;Western Region&quot;
      }
    },
    {
      &quot;attributes&quot;: {
        &quot;owner&quot;: &quot;DFA&quot;,
        &quot;stage&quot;: &quot;Completed&quot;,
        &quot;ea1&quot;: &quot;W50P19&quot;,
        &quot;ea2&quot;: &quot;Western Region&quot;
      }
    },
    {
      &quot;attributes&quot;: {
        &quot;owner&quot;: &quot;DFA&quot;,
        &quot;stage&quot;: &quot;Completed&quot;,
        &quot;ea1&quot;: &quot;K50P40&quot;,
        &quot;ea2&quot;: &quot;Kwa-Zulu Natal&quot;
      }
    },
    {
      &quot;attributes&quot;: {
        &quot;owner&quot;: &quot;DFA&quot;,
        &quot;stage&quot;: &quot;Completed&quot;,
        &quot;ea1&quot;: &quot;K50P40&quot;,
        &quot;ea2&quot;: &quot;Kwa-Zulu Natal&quot;
      }
    },
    {
      &quot;attributes&quot;: {
        &quot;owner&quot;: &quot;DFA&quot;,
        &quot;stage&quot;: &quot;Completed&quot;,
        &quot;ea1&quot;: &quot;W51P07&quot;,
        &quot;ea2&quot;: &quot;Western Region&quot;
      }
    },
    {
      &quot;attributes&quot;: {
        &quot;owner&quot;: &quot;DFA&quot;,
        &quot;stage&quot;: &quot;Completed&quot;,
        &quot;ea1&quot;: &quot;W51P07&quot;,
        &quot;ea2&quot;: &quot;Western Region&quot;
      }
    },
    {
      &quot;attributes&quot;: {
        &quot;owner&quot;: &quot;DFA&quot;,
        &quot;stage&quot;: &quot;Completed&quot;,
        &quot;ea1&quot;: &quot;W51P07&quot;,
        &quot;ea2&quot;: &quot;Western Region&quot;
      }
    },
    {
      &quot;attributes&quot;: {
        &quot;owner&quot;: &quot;DFA&quot;,
        &quot;stage&quot;: &quot;Completed&quot;,
        &quot;ea1&quot;: &quot;W51P07&quot;,
        &quot;ea2&quot;: &quot;Western Region&quot;
      }
    },
    {
      &quot;attributes&quot;: {
        &quot;owner&quot;: &quot;DFA&quot;,
        &quot;stage&quot;: &quot;Completed&quot;,
        &quot;ea1&quot;: &quot;W51P07&quot;,
        &quot;ea2&quot;: &quot;Western Region&quot;
      }
    },
    {
      &quot;attributes&quot;: {
        &quot;owner&quot;: &quot;DFA&quot;,
        &quot;stage&quot;: &quot;Completed&quot;,
        &quot;ea1&quot;: &quot;W51P07&quot;,
        &quot;ea2&quot;: &quot;Western Region&quot;
      }
    },
    {
      &quot;attributes&quot;: {
        &quot;owner&quot;: &quot;DFA&quot;,
        &quot;stage&quot;: &quot;Completed&quot;,
        &quot;ea1&quot;: &quot;W51P07&quot;,
        &quot;ea2&quot;: &quot;Western Region&quot;
      }
    },
    {
      &quot;attributes&quot;: {
        &quot;owner&quot;: &quot;DFA&quot;,
        &quot;stage&quot;: &quot;Completed&quot;,
        &quot;ea1&quot;: &quot;W51P07&quot;,
        &quot;ea2&quot;: &quot;Western Region&quot;
      }
    },
    {
      &quot;attributes&quot;: {
        &quot;owner&quot;: &quot;DFA&quot;,
        &quot;stage&quot;: &quot;Construction&quot;,
        &quot;ea1&quot;: &quot;Greenway Drive Entry 1&quot;,
        &quot;ea2&quot;: &quot;Gauteng South&quot;
      }
    },
    {
      &quot;attributes&quot;: {
        &quot;owner&quot;: &quot;DFA&quot;,
        &quot;stage&quot;: &quot;Completed&quot;,
        &quot;ea1&quot;: &quot;G52P75&quot;,
        &quot;ea2&quot;: &quot;Gauteng South&quot;
      }
    },
    {
      &quot;attributes&quot;: {
        &quot;owner&quot;: &quot;DFA&quot;,
        &quot;stage&quot;: &quot;Completed&quot;,
        &quot;ea1&quot;: &quot;G52P75&quot;,
        &quot;ea2&quot;: &quot;Gauteng South&quot;
      }
    },
    {
      &quot;attributes&quot;: {
        &quot;owner&quot;: &quot;DFA&quot;,
        &quot;stage&quot;: &quot;Completed&quot;,
        &quot;ea1&quot;: &quot;G52P75&quot;,
        &quot;ea2&quot;: &quot;Gauteng South&quot;
      }
    },
    {
      &quot;attributes&quot;: {
        &quot;owner&quot;: &quot;DFA&quot;,
        &quot;stage&quot;: &quot;Completed&quot;,
        &quot;ea1&quot;: &quot;G52P75&quot;,
        &quot;ea2&quot;: &quot;Gauteng South&quot;
      }
    },
    {
      &quot;attributes&quot;: {
        &quot;owner&quot;: &quot;DFA&quot;,
        &quot;stage&quot;: &quot;Completed&quot;,
        &quot;ea1&quot;: &quot;G52P75&quot;,
        &quot;ea2&quot;: &quot;Gauteng South&quot;
      }
    },
    {
      &quot;attributes&quot;: {
        &quot;owner&quot;: &quot;DFA&quot;,
        &quot;stage&quot;: &quot;Completed&quot;,
        &quot;ea1&quot;: &quot;G52P75&quot;,
        &quot;ea2&quot;: &quot;Gauteng South&quot;
      }
    },
    {
      &quot;attributes&quot;: {
        &quot;owner&quot;: &quot;DFA&quot;,
        &quot;stage&quot;: &quot;Completed&quot;,
        &quot;ea1&quot;: &quot;G52P75&quot;,
        &quot;ea2&quot;: &quot;Gauteng South&quot;
      }
    },
    {
      &quot;attributes&quot;: {
        &quot;owner&quot;: &quot;DFA&quot;,
        &quot;stage&quot;: &quot;Completed&quot;,
        &quot;ea1&quot;: &quot;G52P75&quot;,
        &quot;ea2&quot;: &quot;Gauteng South&quot;
      }
    },
    {
      &quot;attributes&quot;: {
        &quot;owner&quot;: &quot;DFA&quot;,
        &quot;stage&quot;: &quot;Completed&quot;,
        &quot;ea1&quot;: &quot;G52P75&quot;,
        &quot;ea2&quot;: &quot;Gauteng South&quot;
      }
    },
    {
      &quot;attributes&quot;: {
        &quot;owner&quot;: &quot;DFA&quot;,
        &quot;stage&quot;: &quot;Completed&quot;,
        &quot;ea1&quot;: &quot;G52P75&quot;,
        &quot;ea2&quot;: &quot;Gauteng South&quot;
      }
    },
    {
      &quot;attributes&quot;: {
        &quot;owner&quot;: &quot;DFA&quot;,
        &quot;stage&quot;: &quot;Completed&quot;,
        &quot;ea1&quot;: &quot;G52P75&quot;,
        &quot;ea2&quot;: &quot;Gauteng South&quot;
      }
    },
    {
      &quot;attributes&quot;: {
        &quot;owner&quot;: &quot;DFA&quot;,
        &quot;stage&quot;: &quot;Completed&quot;,
        &quot;ea1&quot;: &quot;G52P75&quot;,
        &quot;ea2&quot;: &quot;Gauteng South&quot;
      }
    },
    {
      &quot;attributes&quot;: {
        &quot;owner&quot;: &quot;DFA&quot;,
        &quot;stage&quot;: &quot;Completed&quot;,
        &quot;ea1&quot;: &quot;G52P75&quot;,
        &quot;ea2&quot;: &quot;Gauteng South&quot;
      }
    },
    {
      &quot;attributes&quot;: {
        &quot;owner&quot;: &quot;DFA&quot;,
        &quot;stage&quot;: &quot;Completed&quot;,
        &quot;ea1&quot;: &quot;G52P75&quot;,
        &quot;ea2&quot;: &quot;Gauteng South&quot;
      }
    },
    {
      &quot;attributes&quot;: {
        &quot;owner&quot;: &quot;DFA&quot;,
        &quot;stage&quot;: &quot;Completed&quot;,
        &quot;ea1&quot;: &quot;G52P75&quot;,
        &quot;ea2&quot;: &quot;Gauteng South&quot;
      }
    },
    {
      &quot;attributes&quot;: {
        &quot;owner&quot;: &quot;DFA&quot;,
        &quot;stage&quot;: &quot;Completed&quot;,
        &quot;ea1&quot;: &quot;G52P75&quot;,
        &quot;ea2&quot;: &quot;Gauteng South&quot;
      }
    },
    {
      &quot;attributes&quot;: {
        &quot;owner&quot;: &quot;DFA&quot;,
        &quot;stage&quot;: &quot;Completed&quot;,
        &quot;ea1&quot;: &quot;G52P75&quot;,
        &quot;ea2&quot;: &quot;Gauteng South&quot;
      }
    },
    {
      &quot;attributes&quot;: {
        &quot;owner&quot;: &quot;DFA&quot;,
        &quot;stage&quot;: &quot;Completed&quot;,
        &quot;ea1&quot;: &quot;G52P75&quot;,
        &quot;ea2&quot;: &quot;Gauteng South&quot;
      }
    },
    {
      &quot;attributes&quot;: {
        &quot;owner&quot;: &quot;DFA&quot;,
        &quot;stage&quot;: &quot;Completed&quot;,
        &quot;ea1&quot;: &quot;G52P75&quot;,
        &quot;ea2&quot;: &quot;Gauteng South&quot;
      }
    },
    {
      &quot;attributes&quot;: {
        &quot;owner&quot;: &quot;DFA&quot;,
        &quot;stage&quot;: &quot;Completed&quot;,
        &quot;ea1&quot;: &quot;G52P75&quot;,
        &quot;ea2&quot;: &quot;Gauteng South&quot;
      }
    },
    {
      &quot;attributes&quot;: {
        &quot;owner&quot;: &quot;DFA&quot;,
        &quot;stage&quot;: &quot;Completed&quot;,
        &quot;ea1&quot;: &quot;G52P75&quot;,
        &quot;ea2&quot;: &quot;Gauteng South&quot;
      }
    },
    {
      &quot;attributes&quot;: {
        &quot;owner&quot;: &quot;DFA&quot;,
        &quot;stage&quot;: &quot;Completed&quot;,
        &quot;ea1&quot;: &quot;W50P23&quot;,
        &quot;ea2&quot;: &quot;Western Region&quot;
      }
    },
    {
      &quot;attributes&quot;: {
        &quot;owner&quot;: &quot;DFA&quot;,
        &quot;stage&quot;: &quot;Completed&quot;,
        &quot;ea1&quot;: &quot;G52P75&quot;,
        &quot;ea2&quot;: &quot;Gauteng South&quot;
      }
    },
    {
      &quot;attributes&quot;: {
        &quot;owner&quot;: &quot;DFA&quot;,
        &quot;stage&quot;: &quot;Completed&quot;,
        &quot;ea1&quot;: &quot;G52P75&quot;,
        &quot;ea2&quot;: &quot;Gauteng South&quot;
      }
    },
    {
      &quot;attributes&quot;: {
        &quot;owner&quot;: &quot;DFA&quot;,
        &quot;stage&quot;: &quot;Construction&quot;,
        &quot;ea1&quot;: &quot;G52P75&quot;,
        &quot;ea2&quot;: &quot;Gauteng South&quot;
      }
    },
    {
      &quot;attributes&quot;: {
        &quot;owner&quot;: &quot;DFA&quot;,
        &quot;stage&quot;: &quot;Completed&quot;,
        &quot;ea1&quot;: &quot;G52P75&quot;,
        &quot;ea2&quot;: &quot;Gauteng South&quot;
      }
    },
    {
      &quot;attributes&quot;: {
        &quot;owner&quot;: &quot;DFA&quot;,
        &quot;stage&quot;: &quot;Completed&quot;,
        &quot;ea1&quot;: &quot;G52P75&quot;,
        &quot;ea2&quot;: &quot;Gauteng South&quot;
      }
    },
    {
      &quot;attributes&quot;: {
        &quot;owner&quot;: &quot;DFA&quot;,
        &quot;stage&quot;: &quot;Completed&quot;,
        &quot;ea1&quot;: &quot;G52P75&quot;,
        &quot;ea2&quot;: &quot;Gauteng South&quot;
      }
    },
    {
      &quot;attributes&quot;: {
        &quot;owner&quot;: &quot;DFA&quot;,
        &quot;stage&quot;: &quot;Completed&quot;,
        &quot;ea1&quot;: &quot;G52P75&quot;,
        &quot;ea2&quot;: &quot;Gauteng South&quot;
      }
    },
    {
      &quot;attributes&quot;: {
        &quot;owner&quot;: &quot;DFA&quot;,
        &quot;stage&quot;: &quot;Completed&quot;,
        &quot;ea1&quot;: &quot;G52P75&quot;,
        &quot;ea2&quot;: &quot;Gauteng South&quot;
      }
    },
    {
      &quot;attributes&quot;: {
        &quot;owner&quot;: &quot;DFA&quot;,
        &quot;stage&quot;: &quot;Completed&quot;,
        &quot;ea1&quot;: &quot;G52P75&quot;,
        &quot;ea2&quot;: &quot;Gauteng South&quot;
      }
    },
    {
      &quot;attributes&quot;: {
        &quot;owner&quot;: &quot;DFA&quot;,
        &quot;stage&quot;: &quot;Completed&quot;,
        &quot;ea1&quot;: &quot;none&quot;,
        &quot;ea2&quot;: &quot;Western Region&quot;
      }
    },
    {
      &quot;attributes&quot;: {
        &quot;owner&quot;: &quot;DFA&quot;,
        &quot;stage&quot;: &quot;Construction&quot;,
        &quot;ea1&quot;: &quot;ECN Telekoms Entry 2&quot;,
        &quot;ea2&quot;: &quot;Eastern Region&quot;
      }
    },
    {
      &quot;attributes&quot;: {
        &quot;owner&quot;: &quot;DFA&quot;,
        &quot;stage&quot;: &quot;Completed&quot;,
        &quot;ea1&quot;: &quot;AS00573GH000223&quot;,
        &quot;ea2&quot;: &quot;Eastern Region&quot;
      }
    },
    {
      &quot;attributes&quot;: {
        &quot;owner&quot;: &quot;DFA&quot;,
        &quot;stage&quot;: &quot;Completed&quot;,
        &quot;ea1&quot;: &quot;Greenside East Entry 1&quot;,
        &quot;ea2&quot;: &quot;Gauteng South&quot;
      }
    },
    {
      &quot;attributes&quot;: {
        &quot;owner&quot;: &quot;DFA&quot;,
        &quot;stage&quot;: &quot;Construction&quot;,
        &quot;ea1&quot;: &quot;Hyde Park Entry 1&quot;,
        &quot;ea2&quot;: &quot;Gauteng South&quot;
      }
    },
    {
      &quot;attributes&quot;: {
        &quot;owner&quot;: &quot;DFA&quot;,
        &quot;stage&quot;: &quot;Construction&quot;,
        &quot;ea1&quot;: &quot;Southern Sun Hyde Park Ent 1&quot;,
        &quot;ea2&quot;: &quot;Gauteng South&quot;
      }
    },
    {
      &quot;attributes&quot;: {
        &quot;owner&quot;: &quot;DFA&quot;,
        &quot;stage&quot;: &quot;Construction&quot;,
        &quot;ea1&quot;: &quot;E_Rosebank_02A ENT 02&quot;,
        &quot;ea2&quot;: &quot;Eastern Region&quot;
      }
    },
    {
      &quot;attributes&quot;: {
        &quot;owner&quot;: &quot;DFA&quot;,
        &quot;stage&quot;: &quot;Completed&quot;,
        &quot;ea1&quot;: &quot;W51P08&quot;,
        &quot;ea2&quot;: &quot;Western Region&quot;
      }
    },
    {
      &quot;attributes&quot;: {
        &quot;owner&quot;: &quot;DFA&quot;,
        &quot;stage&quot;: &quot;Completed&quot;,
        &quot;ea1&quot;: &quot;W51P08&quot;,
        &quot;ea2&quot;: &quot;Western Region&quot;
      }
    },
    {
      &quot;attributes&quot;: {
        &quot;owner&quot;: &quot;DFA&quot;,
        &quot;stage&quot;: &quot;Completed&quot;,
        &quot;ea1&quot;: &quot;W51P17&quot;,
        &quot;ea2&quot;: &quot;Western Region&quot;
      }
    },
    {
      &quot;attributes&quot;: {
        &quot;owner&quot;: &quot;DFA&quot;,
        &quot;stage&quot;: &quot;Completed&quot;,
        &quot;ea1&quot;: &quot;W51P17&quot;,
        &quot;ea2&quot;: &quot;Western Region&quot;
      }
    },
    {
      &quot;attributes&quot;: {
        &quot;owner&quot;: &quot;DFA&quot;,
        &quot;stage&quot;: &quot;Completed&quot;,
        &quot;ea1&quot;: &quot;W50P18&quot;,
        &quot;ea2&quot;: &quot;Western Region&quot;
      }
    },
    {
      &quot;attributes&quot;: {
        &quot;owner&quot;: &quot;DFA&quot;,
        &quot;stage&quot;: &quot;Completed&quot;,
        &quot;ea1&quot;: &quot;W50P18&quot;,
        &quot;ea2&quot;: &quot;Western Region&quot;
      }
    },
    {
      &quot;attributes&quot;: {
        &quot;owner&quot;: &quot;DFA&quot;,
        &quot;stage&quot;: &quot;Completed&quot;,
        &quot;ea1&quot;: &quot;W50P18&quot;,
        &quot;ea2&quot;: &quot;Western Region&quot;
      }
    },
    {
      &quot;attributes&quot;: {
        &quot;owner&quot;: &quot;DFA&quot;,
        &quot;stage&quot;: &quot;Completed&quot;,
        &quot;ea1&quot;: &quot;W50P18&quot;,
        &quot;ea2&quot;: &quot;Western Region&quot;
      }
    },
    {
      &quot;attributes&quot;: {
        &quot;owner&quot;: &quot;DFA&quot;,
        &quot;stage&quot;: &quot;Completed&quot;,
        &quot;ea1&quot;: &quot;W50P18&quot;,
        &quot;ea2&quot;: &quot;Western Region&quot;
      }
    },
    {
      &quot;attributes&quot;: {
        &quot;owner&quot;: &quot;DFA&quot;,
        &quot;stage&quot;: &quot;Completed&quot;,
        &quot;ea1&quot;: &quot;W50P18&quot;,
        &quot;ea2&quot;: &quot;Western Region&quot;
      }
    },
    {
      &quot;attributes&quot;: {
        &quot;owner&quot;: &quot;DFA&quot;,
        &quot;stage&quot;: &quot;Completed&quot;,
        &quot;ea1&quot;: &quot;W50P18&quot;,
        &quot;ea2&quot;: &quot;Western Region&quot;
      }
    },
    {
      &quot;attributes&quot;: {
        &quot;owner&quot;: &quot;DFA&quot;,
        &quot;stage&quot;: &quot;Completed&quot;,
        &quot;ea1&quot;: &quot;W50P18&quot;,
        &quot;ea2&quot;: &quot;Western Region&quot;
      }
    },
    {
      &quot;attributes&quot;: {
        &quot;owner&quot;: &quot;DFA&quot;,
        &quot;stage&quot;: &quot;Completed&quot;,
        &quot;ea1&quot;: &quot;W50P18&quot;,
        &quot;ea2&quot;: &quot;Western Region&quot;
      }
    },
    {
      &quot;attributes&quot;: {
        &quot;owner&quot;: &quot;DFA&quot;,
        &quot;stage&quot;: &quot;Completed&quot;,
        &quot;ea1&quot;: &quot;W50P18&quot;,
        &quot;ea2&quot;: &quot;Western Region&quot;
      }
    },
    {
      &quot;attributes&quot;: {
        &quot;owner&quot;: &quot;DFA&quot;,
        &quot;stage&quot;: &quot;Completed&quot;,
        &quot;ea1&quot;: &quot;W50P18&quot;,
        &quot;ea2&quot;: &quot;Western Region&quot;
      }
    },
    {
      &quot;attributes&quot;: {
        &quot;owner&quot;: &quot;DFA&quot;,
        &quot;stage&quot;: &quot;Completed&quot;,
        &quot;ea1&quot;: &quot;W50P18&quot;,
        &quot;ea2&quot;: &quot;Western Region&quot;
      }
    },
    {
      &quot;attributes&quot;: {
        &quot;owner&quot;: &quot;DFA&quot;,
        &quot;stage&quot;: &quot;Completed&quot;,
        &quot;ea1&quot;: &quot;W50P18&quot;,
        &quot;ea2&quot;: &quot;Western Region&quot;
      }
    },
    {
      &quot;attributes&quot;: {
        &quot;owner&quot;: &quot;DFA&quot;,
        &quot;stage&quot;: &quot;Completed&quot;,
        &quot;ea1&quot;: &quot;W50P18&quot;,
        &quot;ea2&quot;: &quot;Western Region&quot;
      }
    },
    {
      &quot;attributes&quot;: {
        &quot;owner&quot;: &quot;DFA&quot;,
        &quot;stage&quot;: &quot;Completed&quot;,
        &quot;ea1&quot;: &quot;W50P18&quot;,
        &quot;ea2&quot;: &quot;Western Region&quot;
      }
    },
    {
      &quot;attributes&quot;: {
        &quot;owner&quot;: &quot;DFA&quot;,
        &quot;stage&quot;: &quot;Completed&quot;,
        &quot;ea1&quot;: &quot;W50P18&quot;,
        &quot;ea2&quot;: &quot;Western Region&quot;
      }
    },
    {
      &quot;attributes&quot;: {
        &quot;owner&quot;: &quot;DFA&quot;,
        &quot;stage&quot;: &quot;Completed&quot;,
        &quot;ea1&quot;: &quot;G52P10&quot;,
        &quot;ea2&quot;: &quot;Gauteng South&quot;
      }
    },
    {
      &quot;attributes&quot;: {
        &quot;owner&quot;: &quot;DFA&quot;,
        &quot;stage&quot;: &quot;Completed&quot;,
        &quot;ea1&quot;: &quot;G20P18&quot;,
        &quot;ea2&quot;: &quot;Gauteng South&quot;
      }
    },
    {
      &quot;attributes&quot;: {
        &quot;owner&quot;: &quot;DFA&quot;,
        &quot;stage&quot;: &quot;Completed&quot;,
        &quot;ea1&quot;: &quot;G52P10&quot;,
        &quot;ea2&quot;: &quot;Gauteng South&quot;
      }
    },
    {
      &quot;attributes&quot;: {
        &quot;owner&quot;: &quot;DFA&quot;,
        &quot;stage&quot;: &quot;Completed&quot;,
        &quot;ea1&quot;: &quot;G52P10&quot;,
        &quot;ea2&quot;: &quot;Gauteng South&quot;
      }
    },
    {
      &quot;attributes&quot;: {
        &quot;owner&quot;: &quot;DFA&quot;,
        &quot;stage&quot;: &quot;Completed&quot;,
        &quot;ea1&quot;: &quot;G52P10&quot;,
        &quot;ea2&quot;: &quot;Gauteng South&quot;
      }
    },
    {
      &quot;attributes&quot;: {
        &quot;owner&quot;: &quot;DFA&quot;,
        &quot;stage&quot;: &quot;Completed&quot;,
        &quot;ea1&quot;: &quot;G52P10&quot;,
        &quot;ea2&quot;: &quot;Gauteng South&quot;
      }
    },
    {
      &quot;attributes&quot;: {
        &quot;owner&quot;: &quot;DFA&quot;,
        &quot;stage&quot;: &quot;Completed&quot;,
        &quot;ea1&quot;: &quot;w&quot;,
        &quot;ea2&quot;: &quot;Gauteng South&quot;
      }
    },
    {
      &quot;attributes&quot;: {
        &quot;owner&quot;: &quot;DFA&quot;,
        &quot;stage&quot;: &quot;Completed&quot;,
        &quot;ea1&quot;: &quot;G52P10&quot;,
        &quot;ea2&quot;: &quot;Gauteng South&quot;
      }
    },
    {
      &quot;attributes&quot;: {
        &quot;owner&quot;: &quot;DFA&quot;,
        &quot;stage&quot;: &quot;Completed&quot;,
        &quot;ea1&quot;: &quot;w&quot;,
        &quot;ea2&quot;: &quot;Gauteng South&quot;
      }
    },
    {
      &quot;attributes&quot;: {
        &quot;owner&quot;: &quot;DFA&quot;,
        &quot;stage&quot;: &quot;Completed&quot;,
        &quot;ea1&quot;: &quot;G52P10&quot;,
        &quot;ea2&quot;: &quot;Gauteng South&quot;
      }
    },
    {
      &quot;attributes&quot;: {
        &quot;owner&quot;: &quot;DFA&quot;,
        &quot;stage&quot;: &quot;Completed&quot;,
        &quot;ea1&quot;: &quot;G52P10&quot;,
        &quot;ea2&quot;: &quot;Gauteng South&quot;
      }
    },
    {
      &quot;attributes&quot;: {
        &quot;owner&quot;: &quot;DFA&quot;,
        &quot;stage&quot;: &quot;Completed&quot;,
        &quot;ea1&quot;: &quot;w&quot;,
        &quot;ea2&quot;: &quot;Gauteng South&quot;
      }
    },
    {
      &quot;attributes&quot;: {
        &quot;owner&quot;: &quot;DFA&quot;,
        &quot;stage&quot;: &quot;Completed&quot;,
        &quot;ea1&quot;: &quot;G52P10&quot;,
        &quot;ea2&quot;: &quot;Gauteng South&quot;
      }
    },
    {
      &quot;attributes&quot;: {
        &quot;owner&quot;: &quot;DFA&quot;,
        &quot;stage&quot;: &quot;Completed&quot;,
        &quot;ea1&quot;: &quot;w&quot;,
        &quot;ea2&quot;: &quot;Gauteng South&quot;
      }
    },
    {
      &quot;attributes&quot;: {
        &quot;owner&quot;: &quot;DFA&quot;,
        &quot;stage&quot;: &quot;Completed&quot;,
        &quot;ea1&quot;: &quot;VS02314GH000632&quot;,
        &quot;ea2&quot;: &quot;None&quot;
      }
    },
    {
      &quot;attributes&quot;: {
        &quot;owner&quot;: &quot;DFA&quot;,
        &quot;stage&quot;: &quot;Construction&quot;,
        &quot;ea1&quot;: &quot;w&quot;,
        &quot;ea2&quot;: &quot;Gauteng South&quot;
      }
    },
    {
      &quot;attributes&quot;: {
        &quot;owner&quot;: &quot;DFA&quot;,
        &quot;stage&quot;: &quot;Completed&quot;,
        &quot;ea1&quot;: &quot;W50P67&quot;,
        &quot;ea2&quot;: &quot;Western Region&quot;
      }
    },
    {
      &quot;attributes&quot;: {
        &quot;owner&quot;: &quot;DFA&quot;,
        &quot;stage&quot;: &quot;Completed&quot;,
        &quot;ea1&quot;: &quot;W20P30&quot;,
        &quot;ea2&quot;: &quot;Western Region&quot;
      }
    },
    {
      &quot;attributes&quot;: {
        &quot;owner&quot;: &quot;DFA&quot;,
        &quot;stage&quot;: &quot;Completed&quot;,
        &quot;ea1&quot;: &quot;W20P16&quot;,
        &quot;ea2&quot;: &quot;Western Region&quot;
      }
    },
    {
      &quot;attributes&quot;: {
        &quot;owner&quot;: &quot;DFA&quot;,
        &quot;stage&quot;: &quot;Completed&quot;,
        &quot;ea1&quot;: &quot;W20P16&quot;,
        &quot;ea2&quot;: &quot;Western Region&quot;
      }
    },
    {
      &quot;attributes&quot;: {
        &quot;owner&quot;: &quot;DFA&quot;,
        &quot;stage&quot;: &quot;Completed&quot;,
        &quot;ea1&quot;: &quot;G52P53&quot;,
        &quot;ea2&quot;: &quot;Gauteng South&quot;
      }
    },
    {
      &quot;attributes&quot;: {
        &quot;owner&quot;: &quot;DFA&quot;,
        &quot;stage&quot;: &quot;Completed&quot;,
        &quot;ea1&quot;: &quot;G52P53&quot;,
        &quot;ea2&quot;: &quot;Gauteng South&quot;
      }
    },
    {
      &quot;attributes&quot;: {
        &quot;owner&quot;: &quot;DFA&quot;,
        &quot;stage&quot;: &quot;Completed&quot;,
        &quot;ea1&quot;: &quot;G52P53&quot;,
        &quot;ea2&quot;: &quot;Gauteng South&quot;
      }
    },
    {
      &quot;attributes&quot;: {
        &quot;owner&quot;: &quot;DFA&quot;,
        &quot;stage&quot;: &quot;Completed&quot;,
        &quot;ea1&quot;: &quot;AS01215GH001823&quot;,
        &quot;ea2&quot;: &quot;Gauteng South&quot;
      }
    },
    {
      &quot;attributes&quot;: {
        &quot;owner&quot;: &quot;DFA&quot;,
        &quot;stage&quot;: &quot;Completed&quot;,
        &quot;ea1&quot;: &quot;K50P93&quot;,
        &quot;ea2&quot;: &quot;Kwa-Zulu Natal&quot;
      }
    },
    {
      &quot;attributes&quot;: {
        &quot;owner&quot;: &quot;DFA&quot;,
        &quot;stage&quot;: &quot;Completed&quot;,
        &quot;ea1&quot;: &quot;G51P19&quot;,
        &quot;ea2&quot;: &quot;Gauteng South&quot;
      }
    },
    {
      &quot;attributes&quot;: {
        &quot;owner&quot;: &quot;DFA&quot;,
        &quot;stage&quot;: &quot;Completed&quot;,
        &quot;ea1&quot;: &quot;G51P19&quot;,
        &quot;ea2&quot;: &quot;Gauteng South&quot;
      }
    },
    {
      &quot;attributes&quot;: {
        &quot;owner&quot;: &quot;DFA&quot;,
        &quot;stage&quot;: &quot;Completed&quot;,
        &quot;ea1&quot;: &quot;G51P19&quot;,
        &quot;ea2&quot;: &quot;Gauteng South&quot;
      }
    },
    {
      &quot;attributes&quot;: {
        &quot;owner&quot;: &quot;DFA&quot;,
        &quot;stage&quot;: &quot;Completed&quot;,
        &quot;ea1&quot;: &quot;G51P19&quot;,
        &quot;ea2&quot;: &quot;Gauteng South&quot;
      }
    },
    {
      &quot;attributes&quot;: {
        &quot;owner&quot;: &quot;DFA&quot;,
        &quot;stage&quot;: &quot;Completed&quot;,
        &quot;ea1&quot;: &quot;G51P19&quot;,
        &quot;ea2&quot;: &quot;Gauteng South&quot;
      }
    },
    {
      &quot;attributes&quot;: {
        &quot;owner&quot;: &quot;DFA&quot;,
        &quot;stage&quot;: &quot;Completed&quot;,
        &quot;ea1&quot;: &quot;G51P19&quot;,
        &quot;ea2&quot;: &quot;Gauteng South&quot;
      }
    },
    {
      &quot;attributes&quot;: {
        &quot;owner&quot;: &quot;DFA&quot;,
        &quot;stage&quot;: &quot;Completed&quot;,
        &quot;ea1&quot;: &quot;G51P19&quot;,
        &quot;ea2&quot;: &quot;Gauteng South&quot;
      }
    },
    {
      &quot;attributes&quot;: {
        &quot;owner&quot;: &quot;DFA&quot;,
        &quot;stage&quot;: &quot;Completed&quot;,
        &quot;ea1&quot;: &quot;G51P19&quot;,
        &quot;ea2&quot;: &quot;Gauteng South&quot;
      }
    },
    {
      &quot;attributes&quot;: {
        &quot;owner&quot;: &quot;DFA&quot;,
        &quot;stage&quot;: &quot;Completed&quot;,
        &quot;ea1&quot;: &quot;W50P89&quot;,
        &quot;ea2&quot;: &quot;Western Region&quot;
      }
    },
    {
      &quot;attributes&quot;: {
        &quot;owner&quot;: &quot;DFA&quot;,
        &quot;stage&quot;: &quot;Completed&quot;,
        &quot;ea1&quot;: &quot;G51P19&quot;,
        &quot;ea2&quot;: &quot;Gauteng South&quot;
      }
    },
    {
      &quot;attributes&quot;: {
        &quot;owner&quot;: &quot;DFA&quot;,
        &quot;stage&quot;: &quot;Completed&quot;,
        &quot;ea1&quot;: &quot;G51P19&quot;,
        &quot;ea2&quot;: &quot;Gauteng South&quot;
      }
    },
    {
      &quot;attributes&quot;: {
        &quot;owner&quot;: &quot;DFA&quot;,
        &quot;stage&quot;: &quot;Completed&quot;,
        &quot;ea1&quot;: &quot;G51P19&quot;,
        &quot;ea2&quot;: &quot;Gauteng South&quot;
      }
    },
    {
      &quot;attributes&quot;: {
        &quot;owner&quot;: &quot;DFA&quot;,
        &quot;stage&quot;: &quot;Completed&quot;,
        &quot;ea1&quot;: &quot;G51P19&quot;,
        &quot;ea2&quot;: &quot;Gauteng South&quot;
      }
    },
    {
      &quot;attributes&quot;: {
        &quot;owner&quot;: &quot;DFA&quot;,
        &quot;stage&quot;: &quot;Completed&quot;,
        &quot;ea1&quot;: &quot;G51P19&quot;,
        &quot;ea2&quot;: &quot;Gauteng South&quot;
      }
    },
    {
      &quot;attributes&quot;: {
        &quot;owner&quot;: &quot;DFA&quot;,
        &quot;stage&quot;: &quot;Completed&quot;,
        &quot;ea1&quot;: &quot;W50P89&quot;,
        &quot;ea2&quot;: &quot;Western Region&quot;
      }
    },
    {
      &quot;attributes&quot;: {
        &quot;owner&quot;: &quot;DFA&quot;,
        &quot;stage&quot;: &quot;Completed&quot;,
        &quot;ea1&quot;: &quot;W50P89&quot;,
        &quot;ea2&quot;: &quot;Western Region&quot;
      }
    },
    {
      &quot;attributes&quot;: {
        &quot;owner&quot;: &quot;DFA&quot;,
        &quot;stage&quot;: &quot;Completed&quot;,
        &quot;ea1&quot;: &quot;W50P89&quot;,
        &quot;ea2&quot;: &quot;Western Region&quot;
      }
    },
    {
      &quot;attributes&quot;: {
        &quot;owner&quot;: &quot;DFA&quot;,
        &quot;stage&quot;: &quot;Completed&quot;,
        &quot;ea1&quot;: &quot;W50P89&quot;,
        &quot;ea2&quot;: &quot;Western Region&quot;
      }
    },
    {
      &quot;attributes&quot;: {
        &quot;owner&quot;: &quot;DFA&quot;,
        &quot;stage&quot;: &quot;Completed&quot;,
        &quot;ea1&quot;: &quot;W50P89&quot;,
        &quot;ea2&quot;: &quot;Western Region&quot;
      }
    },
    {
      &quot;attributes&quot;: {
        &quot;owner&quot;: &quot;DFA&quot;,
        &quot;stage&quot;: &quot;Construction&quot;,
        &quot;ea1&quot;: &quot;w&quot;,
        &quot;ea2&quot;: &quot;None&quot;
      }
    },
    {
      &quot;attributes&quot;: {
        &quot;owner&quot;: &quot;DFA&quot;,
        &quot;stage&quot;: &quot;Completed&quot;,
        &quot;ea1&quot;: &quot;W50P89&quot;,
        &quot;ea2&quot;: &quot;Western Region&quot;
      }
    },
    {
      &quot;attributes&quot;: {
        &quot;owner&quot;: &quot;DFA&quot;,
        &quot;stage&quot;: &quot;Completed&quot;,
        &quot;ea1&quot;: &quot;W50P89&quot;,
        &quot;ea2&quot;: &quot;Western Region&quot;
      }
    },
    {
      &quot;attributes&quot;: {
        &quot;owner&quot;: &quot;DFA&quot;,
        &quot;stage&quot;: &quot;Completed&quot;,
        &quot;ea1&quot;: &quot;W50P89&quot;,
        &quot;ea2&quot;: &quot;Western Region&quot;
      }
    },
    {
      &quot;attributes&quot;: {
        &quot;owner&quot;: &quot;DFA&quot;,
        &quot;stage&quot;: &quot;Completed&quot;,
        &quot;ea1&quot;: &quot;W50P89&quot;,
        &quot;ea2&quot;: &quot;Western Region&quot;
      }
    },
    {
      &quot;attributes&quot;: {
        &quot;owner&quot;: &quot;DFA&quot;,
        &quot;stage&quot;: &quot;Completed&quot;,
        &quot;ea1&quot;: &quot;W50P89&quot;,
        &quot;ea2&quot;: &quot;Western Region&quot;
      }
    },
    {
      &quot;attributes&quot;: {
        &quot;owner&quot;: &quot;DFA&quot;,
        &quot;stage&quot;: &quot;Construction&quot;,
        &quot;ea1&quot;: &quot;w&quot;,
        &quot;ea2&quot;: &quot;None&quot;
      }
    },
    {
      &quot;attributes&quot;: {
        &quot;owner&quot;: &quot;DFA&quot;,
        &quot;stage&quot;: &quot;Completed&quot;,
        &quot;ea1&quot;: &quot;W50P89&quot;,
        &quot;ea2&quot;: &quot;Western Region&quot;
      }
    },
    {
      &quot;attributes&quot;: {
        &quot;owner&quot;: &quot;DFA&quot;,
        &quot;stage&quot;: &quot;Completed&quot;,
        &quot;ea1&quot;: &quot;W50P89&quot;,
        &quot;ea2&quot;: &quot;Western Region&quot;
      }
    },
    {
      &quot;attributes&quot;: {
        &quot;owner&quot;: &quot;DFA&quot;,
        &quot;stage&quot;: &quot;Completed&quot;,
        &quot;ea1&quot;: &quot;W50P89&quot;,
        &quot;ea2&quot;: &quot;Western Region&quot;
      }
    },
    {
      &quot;attributes&quot;: {
        &quot;owner&quot;: &quot;DFA&quot;,
        &quot;stage&quot;: &quot;Construction&quot;,
        &quot;ea1&quot;: &quot;w&quot;,
        &quot;ea2&quot;: &quot;None&quot;
      }
    },
    {
      &quot;attributes&quot;: {
        &quot;owner&quot;: &quot;DFA&quot;,
        &quot;stage&quot;: &quot;Completed&quot;,
        &quot;ea1&quot;: &quot;W50P89&quot;,
        &quot;ea2&quot;: &quot;Western Region&quot;
      }
    },
    {
      &quot;attributes&quot;: {
        &quot;owner&quot;: &quot;DFA&quot;,
        &quot;stage&quot;: &quot;Completed&quot;,
        &quot;ea1&quot;: &quot;W50P89&quot;,
        &quot;ea2&quot;: &quot;Western Region&quot;
      }
    },
    {
      &quot;attributes&quot;: {
        &quot;owner&quot;: &quot;DFA&quot;,
        &quot;stage&quot;: &quot;Construction&quot;,
        &quot;ea1&quot;: &quot;w&quot;,
        &quot;ea2&quot;: &quot;None&quot;
      }
    },
    {
      &quot;attributes&quot;: {
        &quot;owner&quot;: &quot;DFA&quot;,
        &quot;stage&quot;: &quot;Completed&quot;,
        &quot;ea1&quot;: &quot;W50P89&quot;,
        &quot;ea2&quot;: &quot;Western Region&quot;
      }
    },
    {
      &quot;attributes&quot;: {
        &quot;owner&quot;: &quot;DFA&quot;,
        &quot;stage&quot;: &quot;Completed&quot;,
        &quot;ea1&quot;: &quot;W50P89&quot;,
        &quot;ea2&quot;: &quot;Western Region&quot;
      }
    },
    {
      &quot;attributes&quot;: {
        &quot;owner&quot;: &quot;DFA&quot;,
        &quot;stage&quot;: &quot;Construction&quot;,
        &quot;ea1&quot;: &quot;w&quot;,
        &quot;ea2&quot;: &quot;None&quot;
      }
    },
    {
      &quot;attributes&quot;: {
        &quot;owner&quot;: &quot;DFA&quot;,
        &quot;stage&quot;: &quot;Completed&quot;,
        &quot;ea1&quot;: &quot;W50P89&quot;,
        &quot;ea2&quot;: &quot;Western Region&quot;
      }
    },
    {
      &quot;attributes&quot;: {
        &quot;owner&quot;: &quot;DFA&quot;,
        &quot;stage&quot;: &quot;Completed&quot;,
        &quot;ea1&quot;: &quot;W50P89&quot;,
        &quot;ea2&quot;: &quot;Western Region&quot;
      }
    },
    {
      &quot;attributes&quot;: {
        &quot;owner&quot;: &quot;DFA&quot;,
        &quot;stage&quot;: &quot;Completed&quot;,
        &quot;ea1&quot;: &quot;W50P89&quot;,
        &quot;ea2&quot;: &quot;Western Region&quot;
      }
    },
    {
      &quot;attributes&quot;: {
        &quot;owner&quot;: &quot;DFA&quot;,
        &quot;stage&quot;: &quot;Construction&quot;,
        &quot;ea1&quot;: &quot;w&quot;,
        &quot;ea2&quot;: &quot;None&quot;
      }
    },
    {
      &quot;attributes&quot;: {
        &quot;owner&quot;: &quot;DFA&quot;,
        &quot;stage&quot;: &quot;Completed&quot;,
        &quot;ea1&quot;: &quot;G52P91&quot;,
        &quot;ea2&quot;: &quot;Gauteng South&quot;
      }
    },
    {
      &quot;attributes&quot;: {
        &quot;owner&quot;: &quot;DFA&quot;,
        &quot;stage&quot;: &quot;Completed&quot;,
        &quot;ea1&quot;: &quot;AS13084GA340762&quot;,
        &quot;ea2&quot;: &quot;Gauteng South&quot;
      }
    },
    {
      &quot;attributes&quot;: {
        &quot;owner&quot;: &quot;DFA&quot;,
        &quot;stage&quot;: &quot;Completed&quot;,
        &quot;ea1&quot;: &quot;G52P91&quot;,
        &quot;ea2&quot;: &quot;Gauteng South&quot;
      }
    },
    {
      &quot;attributes&quot;: {
        &quot;owner&quot;: &quot;DFA&quot;,
        &quot;stage&quot;: &quot;Completed&quot;,
        &quot;ea1&quot;: &quot;G52P91&quot;,
        &quot;ea2&quot;: &quot;Gauteng South&quot;
      }
    },
    {
      &quot;attributes&quot;: {
        &quot;owner&quot;: &quot;DFA&quot;,
        &quot;stage&quot;: &quot;Completed&quot;,
        &quot;ea1&quot;: &quot;G52P91&quot;,
        &quot;ea2&quot;: &quot;Gauteng South&quot;
      }
    },
    {
      &quot;attributes&quot;: {
        &quot;owner&quot;: &quot;DFA&quot;,
        &quot;stage&quot;: &quot;Completed&quot;,
        &quot;ea1&quot;: &quot;G52P91&quot;,
        &quot;ea2&quot;: &quot;Gauteng South&quot;
      }
    },
    {
      &quot;attributes&quot;: {
        &quot;owner&quot;: &quot;DFA&quot;,
        &quot;stage&quot;: &quot;Completed&quot;,
        &quot;ea1&quot;: &quot;G50P65&quot;,
        &quot;ea2&quot;: &quot;Gauteng South&quot;
      }
    },
    {
      &quot;attributes&quot;: {
        &quot;owner&quot;: &quot;DFA&quot;,
        &quot;stage&quot;: &quot;Completed&quot;,
        &quot;ea1&quot;: &quot;G50P65&quot;,
        &quot;ea2&quot;: &quot;Gauteng South&quot;
      }
    },
    {
      &quot;attributes&quot;: {
        &quot;owner&quot;: &quot;DFA&quot;,
        &quot;stage&quot;: &quot;Completed&quot;,
        &quot;ea1&quot;: &quot;G50P65&quot;,
        &quot;ea2&quot;: &quot;Gauteng South&quot;
      }
    },
    {
      &quot;attributes&quot;: {
        &quot;owner&quot;: &quot;DFA&quot;,
        &quot;stage&quot;: &quot;Completed&quot;,
        &quot;ea1&quot;: &quot;VS04577NB260586&quot;,
        &quot;ea2&quot;: &quot;Northern Region&quot;
      }
    },
    {
      &quot;attributes&quot;: {
        &quot;owner&quot;: &quot;DFA&quot;,
        &quot;stage&quot;: &quot;Completed&quot;,
        &quot;ea1&quot;: &quot;G52P22&quot;,
        &quot;ea2&quot;: &quot;Gauteng South&quot;
      }
    },
    {
      &quot;attributes&quot;: {
        &quot;owner&quot;: &quot;DFA&quot;,
        &quot;stage&quot;: &quot;Completed&quot;,
        &quot;ea1&quot;: &quot;G52P22&quot;,
        &quot;ea2&quot;: &quot;Gauteng South&quot;
      }
    },
    {
      &quot;attributes&quot;: {
        &quot;owner&quot;: &quot;DFA&quot;,
        &quot;stage&quot;: &quot;Completed&quot;,
        &quot;ea1&quot;: &quot;G52P22&quot;,
        &quot;ea2&quot;: &quot;Gauteng South&quot;
      }
    },
    {
      &quot;attributes&quot;: {
        &quot;owner&quot;: &quot;DFA&quot;,
        &quot;stage&quot;: &quot;Completed&quot;,
        &quot;ea1&quot;: &quot;G52P22&quot;,
        &quot;ea2&quot;: &quot;Gauteng South&quot;
      }
    },
    {
      &quot;attributes&quot;: {
        &quot;owner&quot;: &quot;DFA&quot;,
        &quot;stage&quot;: &quot;Completed&quot;,
        &quot;ea1&quot;: &quot;G52P22&quot;,
        &quot;ea2&quot;: &quot;Gauteng South&quot;
      }
    },
    {
      &quot;attributes&quot;: {
        &quot;owner&quot;: &quot;DFA&quot;,
        &quot;stage&quot;: &quot;Completed&quot;,
        &quot;ea1&quot;: &quot;G52P22&quot;,
        &quot;ea2&quot;: &quot;Gauteng South&quot;
      }
    },
    {
      &quot;attributes&quot;: {
        &quot;owner&quot;: &quot;DFA&quot;,
        &quot;stage&quot;: &quot;Completed&quot;,
        &quot;ea1&quot;: &quot;G52P22&quot;,
        &quot;ea2&quot;: &quot;Gauteng South&quot;
      }
    },
    {
      &quot;attributes&quot;: {
        &quot;owner&quot;: &quot;DFA&quot;,
        &quot;stage&quot;: &quot;Completed&quot;,
        &quot;ea1&quot;: &quot;G52P22&quot;,
        &quot;ea2&quot;: &quot;Gauteng South&quot;
      }
    },
    {
      &quot;attributes&quot;: {
        &quot;owner&quot;: &quot;DFA&quot;,
        &quot;stage&quot;: &quot;Completed&quot;,
        &quot;ea1&quot;: &quot;G52P22&quot;,
        &quot;ea2&quot;: &quot;Gauteng South&quot;
      }
    },
    {
      &quot;attributes&quot;: {
        &quot;owner&quot;: &quot;DFA&quot;,
        &quot;stage&quot;: &quot;Completed&quot;,
        &quot;ea1&quot;: &quot;G52P22&quot;,
        &quot;ea2&quot;: &quot;Gauteng South&quot;
      }
    },
    {
      &quot;attributes&quot;: {
        &quot;owner&quot;: &quot;DFA&quot;,
        &quot;stage&quot;: &quot;Completed&quot;,
        &quot;ea1&quot;: &quot;G52P22&quot;,
        &quot;ea2&quot;: &quot;Gauteng South&quot;
      }
    },
    {
      &quot;attributes&quot;: {
        &quot;owner&quot;: &quot;DFA&quot;,
        &quot;stage&quot;: &quot;Completed&quot;,
        &quot;ea1&quot;: &quot;G52P22&quot;,
        &quot;ea2&quot;: &quot;Gauteng South&quot;
      }
    },
    {
      &quot;attributes&quot;: {
        &quot;owner&quot;: &quot;DFA&quot;,
        &quot;stage&quot;: &quot;Completed&quot;,
        &quot;ea1&quot;: &quot;G52P22&quot;,
        &quot;ea2&quot;: &quot;Gauteng South&quot;
      }
    },
    {
      &quot;attributes&quot;: {
        &quot;owner&quot;: &quot;DFA&quot;,
        &quot;stage&quot;: &quot;Completed&quot;,
        &quot;ea1&quot;: &quot;G52P22&quot;,
        &quot;ea2&quot;: &quot;Gauteng South&quot;
      }
    },
    {
      &quot;attributes&quot;: {
        &quot;owner&quot;: &quot;DFA&quot;,
        &quot;stage&quot;: &quot;Completed&quot;,
        &quot;ea1&quot;: &quot;G52P22&quot;,
        &quot;ea2&quot;: &quot;Gauteng South&quot;
      }
    },
    {
      &quot;attributes&quot;: {
        &quot;owner&quot;: &quot;DFA&quot;,
        &quot;stage&quot;: &quot;Completed&quot;,
        &quot;ea1&quot;: &quot;G52P22&quot;,
        &quot;ea2&quot;: &quot;Gauteng South&quot;
      }
    },
    {
      &quot;attributes&quot;: {
        &quot;owner&quot;: &quot;DFA&quot;,
        &quot;stage&quot;: &quot;Completed&quot;,
        &quot;ea1&quot;: &quot;G52P22&quot;,
        &quot;ea2&quot;: &quot;Gauteng South&quot;
      }
    },
    {
      &quot;attributes&quot;: {
        &quot;owner&quot;: &quot;DFA&quot;,
        &quot;stage&quot;: &quot;Completed&quot;,
        &quot;ea1&quot;: &quot;G52P22&quot;,
        &quot;ea2&quot;: &quot;Gauteng South&quot;
      }
    },
    {
      &quot;attributes&quot;: {
        &quot;owner&quot;: &quot;DFA&quot;,
        &quot;stage&quot;: &quot;Completed&quot;,
        &quot;ea1&quot;: &quot;G52P22&quot;,
        &quot;ea2&quot;: &quot;Gauteng South&quot;
      }
    },
    {
      &quot;attributes&quot;: {
        &quot;owner&quot;: &quot;DFA&quot;,
        &quot;stage&quot;: &quot;Construction&quot;,
        &quot;ea1&quot;: &quot;VS04589NB020708&quot;,
        &quot;ea2&quot;: &quot;None&quot;
      }
    },
    {
      &quot;attributes&quot;: {
        &quot;owner&quot;: &quot;DFA&quot;,
        &quot;stage&quot;: &quot;Completed&quot;,
        &quot;ea1&quot;: &quot;G52P22&quot;,
        &quot;ea2&quot;: &quot;Gauteng South&quot;
      }
    },
    {
      &quot;attributes&quot;: {
        &quot;owner&quot;: &quot;DFA&quot;,
        &quot;stage&quot;: &quot;Completed&quot;,
        &quot;ea1&quot;: &quot;G52P22&quot;,
        &quot;ea2&quot;: &quot;Gauteng South&quot;
      }
    },
    {
      &quot;attributes&quot;: {
        &quot;owner&quot;: &quot;DFA&quot;,
        &quot;stage&quot;: &quot;Completed&quot;,
        &quot;ea1&quot;: &quot;G52P22&quot;,
        &quot;ea2&quot;: &quot;Gauteng South&quot;
      }
    },
    {
      &quot;attributes&quot;: {
        &quot;owner&quot;: &quot;DFA&quot;,
        &quot;stage&quot;: &quot;Completed&quot;,
        &quot;ea1&quot;: &quot;G52P22&quot;,
        &quot;ea2&quot;: &quot;Gauteng South&quot;
      }
    },
    {
      &quot;attributes&quot;: {
        &quot;owner&quot;: &quot;DFA&quot;,
        &quot;stage&quot;: &quot;Completed&quot;,
        &quot;ea1&quot;: &quot;G52P22&quot;,
        &quot;ea2&quot;: &quot;Gauteng South&quot;
      }
    },
    {
      &quot;attributes&quot;: {
        &quot;owner&quot;: &quot;DFA&quot;,
        &quot;stage&quot;: &quot;Completed&quot;,
        &quot;ea1&quot;: &quot;G52P22&quot;,
        &quot;ea2&quot;: &quot;Gauteng South&quot;
      }
    },
    {
      &quot;attributes&quot;: {
        &quot;owner&quot;: &quot;DFA&quot;,
        &quot;stage&quot;: &quot;Completed&quot;,
        &quot;ea1&quot;: &quot;G52P22&quot;,
        &quot;ea2&quot;: &quot;Gauteng South&quot;
      }
    },
    {
      &quot;attributes&quot;: {
        &quot;owner&quot;: &quot;DFA&quot;,
        &quot;stage&quot;: &quot;Completed&quot;,
        &quot;ea1&quot;: &quot;G52P22&quot;,
        &quot;ea2&quot;: &quot;Gauteng South&quot;
      }
    },
    {
      &quot;attributes&quot;: {
        &quot;owner&quot;: &quot;DFA&quot;,
        &quot;stage&quot;: &quot;Completed&quot;,
        &quot;ea1&quot;: &quot;W50P16&quot;,
        &quot;ea2&quot;: &quot;Western Region&quot;
      }
    },
    {
      &quot;attributes&quot;: {
        &quot;owner&quot;: &quot;DFA&quot;,
        &quot;stage&quot;: &quot;Completed&quot;,
        &quot;ea1&quot;: &quot;G52P22&quot;,
        &quot;ea2&quot;: &quot;Gauteng South&quot;
      }
    },
    {
      &quot;attributes&quot;: {
        &quot;owner&quot;: &quot;DFA&quot;,
        &quot;stage&quot;: &quot;Construction&quot;,
        &quot;ea1&quot;: &quot;VS04623NB002551&quot;,
        &quot;ea2&quot;: &quot;None&quot;
      }
    },
    {
      &quot;attributes&quot;: {
        &quot;owner&quot;: &quot;DFA&quot;,
        &quot;stage&quot;: &quot;Completed&quot;,
        &quot;ea1&quot;: &quot;W50P16&quot;,
        &quot;ea2&quot;: &quot;Western Region&quot;
      }
    },
    {
      &quot;attributes&quot;: {
        &quot;owner&quot;: &quot;DFA&quot;,
        &quot;stage&quot;: &quot;Completed&quot;,
        &quot;ea1&quot;: &quot;G52P22&quot;,
        &quot;ea2&quot;: &quot;Gauteng South&quot;
      }
    },
    {
      &quot;attributes&quot;: {
        &quot;owner&quot;: &quot;DFA&quot;,
        &quot;stage&quot;: &quot;Completed&quot;,
        &quot;ea1&quot;: &quot;G52P22&quot;,
        &quot;ea2&quot;: &quot;Gauteng South&quot;
      }
    },
    {
      &quot;attributes&quot;: {
        &quot;owner&quot;: &quot;DFA&quot;,
        &quot;stage&quot;: &quot;Completed&quot;,
        &quot;ea1&quot;: &quot;G52P22&quot;,
        &quot;ea2&quot;: &quot;Gauteng South&quot;
      }
    },
    {
      &quot;attributes&quot;: {
        &quot;owner&quot;: &quot;DFA&quot;,
        &quot;stage&quot;: &quot;Completed&quot;,
        &quot;ea1&quot;: &quot;W50P16&quot;,
        &quot;ea2&quot;: &quot;Western Region&quot;
      }
    },
    {
      &quot;attributes&quot;: {
        &quot;owner&quot;: &quot;DFA&quot;,
        &quot;stage&quot;: &quot;Completed&quot;,
        &quot;ea1&quot;: &quot;W50P16&quot;,
        &quot;ea2&quot;: &quot;Western Region&quot;
      }
    },
    {
      &quot;attributes&quot;: {
        &quot;owner&quot;: &quot;DFA&quot;,
        &quot;stage&quot;: &quot;Completed&quot;,
        &quot;ea1&quot;: &quot;W50P16&quot;,
        &quot;ea2&quot;: &quot;Western Region&quot;
      }
    },
    {
      &quot;attributes&quot;: {
        &quot;owner&quot;: &quot;DFA&quot;,
        &quot;stage&quot;: &quot;Completed&quot;,
        &quot;ea1&quot;: &quot;W50P16&quot;,
        &quot;ea2&quot;: &quot;Western Region&quot;
      }
    },
    {
      &quot;attributes&quot;: {
        &quot;owner&quot;: &quot;DFA&quot;,
        &quot;stage&quot;: &quot;Completed&quot;,
        &quot;ea1&quot;: &quot;W50P16&quot;,
        &quot;ea2&quot;: &quot;Western Region&quot;
      }
    },
    {
      &quot;attributes&quot;: {
        &quot;owner&quot;: &quot;DFA&quot;,
        &quot;stage&quot;: &quot;Construction&quot;,
        &quot;ea1&quot;: &quot;W50P16&quot;,
        &quot;ea2&quot;: &quot;Western Region&quot;
      }
    },
    {
      &quot;attributes&quot;: {
        &quot;owner&quot;: &quot;DFA&quot;,
        &quot;stage&quot;: &quot;Completed&quot;,
        &quot;ea1&quot;: &quot;W50P16&quot;,
        &quot;ea2&quot;: &quot;Western Region&quot;
      }
    },
    {
      &quot;attributes&quot;: {
        &quot;owner&quot;: &quot;DFA&quot;,
        &quot;stage&quot;: &quot;Completed&quot;,
        &quot;ea1&quot;: &quot;W50P16&quot;,
        &quot;ea2&quot;: &quot;Western Region&quot;
      }
    },
    {
      &quot;attributes&quot;: {
        &quot;owner&quot;: &quot;DFA&quot;,
        &quot;stage&quot;: &quot;Completed&quot;,
        &quot;ea1&quot;: &quot;W50P16&quot;,
        &quot;ea2&quot;: &quot;Western Region&quot;
      }
    },
    {
      &quot;attributes&quot;: {
        &quot;owner&quot;: &quot;DFA&quot;,
        &quot;stage&quot;: &quot;Completed&quot;,
        &quot;ea1&quot;: &quot;W50P16&quot;,
        &quot;ea2&quot;: &quot;Western Region&quot;
      }
    },
    {
      &quot;attributes&quot;: {
        &quot;owner&quot;: &quot;DFA&quot;,
        &quot;stage&quot;: &quot;Completed&quot;,
        &quot;ea1&quot;: &quot;W50P16&quot;,
        &quot;ea2&quot;: &quot;Western Region&quot;
      }
    },
    {
      &quot;attributes&quot;: {
        &quot;owner&quot;: &quot;DFA&quot;,
        &quot;stage&quot;: &quot;Completed&quot;,
        &quot;ea1&quot;: &quot;W50P16&quot;,
        &quot;ea2&quot;: &quot;Western Region&quot;
      }
    },
    {
      &quot;attributes&quot;: {
        &quot;owner&quot;: &quot;DFA&quot;,
        &quot;stage&quot;: &quot;Completed&quot;,
        &quot;ea1&quot;: &quot;W50P16&quot;,
        &quot;ea2&quot;: &quot;Western Region&quot;
      }
    },
    {
      &quot;attributes&quot;: {
        &quot;owner&quot;: &quot;DFA&quot;,
        &quot;stage&quot;: &quot;Completed&quot;,
        &quot;ea1&quot;: &quot;W50P16&quot;,
        &quot;ea2&quot;: &quot;Western Region&quot;
      }
    },
    {
      &quot;attributes&quot;: {
        &quot;owner&quot;: &quot;DFA&quot;,
        &quot;stage&quot;: &quot;Completed&quot;,
        &quot;ea1&quot;: &quot;W50P16&quot;,
        &quot;ea2&quot;: &quot;Western Region&quot;
      }
    },
    {
      &quot;attributes&quot;: {
        &quot;owner&quot;: &quot;DFA&quot;,
        &quot;stage&quot;: &quot;Completed&quot;,
        &quot;ea1&quot;: &quot;W50P16&quot;,
        &quot;ea2&quot;: &quot;Western Region&quot;
      }
    },
    {
      &quot;attributes&quot;: {
        &quot;owner&quot;: &quot;DFA&quot;,
        &quot;stage&quot;: &quot;Completed&quot;,
        &quot;ea1&quot;: &quot;W50P16&quot;,
        &quot;ea2&quot;: &quot;Western Region&quot;
      }
    },
    {
      &quot;attributes&quot;: {
        &quot;owner&quot;: &quot;DFA&quot;,
        &quot;stage&quot;: &quot;Completed&quot;,
        &quot;ea1&quot;: &quot;W50P16&quot;,
        &quot;ea2&quot;: &quot;Western Region&quot;
      }
    },
    {
      &quot;attributes&quot;: {
        &quot;owner&quot;: &quot;DFA&quot;,
        &quot;stage&quot;: &quot;Completed&quot;,
        &quot;ea1&quot;: &quot;W50P16&quot;,
        &quot;ea2&quot;: &quot;Western Region&quot;
      }
    },
    {
      &quot;attributes&quot;: {
        &quot;owner&quot;: &quot;DFA&quot;,
        &quot;stage&quot;: &quot;Completed&quot;,
        &quot;ea1&quot;: &quot;W50P16&quot;,
        &quot;ea2&quot;: &quot;Western Region&quot;
      }
    },
    {
      &quot;attributes&quot;: {
        &quot;owner&quot;: &quot;DFA&quot;,
        &quot;stage&quot;: &quot;Completed&quot;,
        &quot;ea1&quot;: &quot;G52P46&quot;,
        &quot;ea2&quot;: &quot;Gauteng South&quot;
      }
    },
    {
      &quot;attributes&quot;: {
        &quot;owner&quot;: &quot;DFA&quot;,
        &quot;stage&quot;: &quot;Completed&quot;,
        &quot;ea1&quot;: &quot;W20P30&quot;,
        &quot;ea2&quot;: &quot;Western Region&quot;
      }
    },
    {
      &quot;attributes&quot;: {
        &quot;owner&quot;: &quot;DFA&quot;,
        &quot;stage&quot;: &quot;Completed&quot;,
        &quot;ea1&quot;: &quot;W20P30&quot;,
        &quot;ea2&quot;: &quot;Western Region&quot;
      }
    },
    {
      &quot;attributes&quot;: {
        &quot;owner&quot;: &quot;DFA&quot;,
        &quot;stage&quot;: &quot;Completed&quot;,
        &quot;ea1&quot;: &quot;W20P30&quot;,
        &quot;ea2&quot;: &quot;Western Region&quot;
      }
    },
    {
      &quot;attributes&quot;: {
        &quot;owner&quot;: &quot;DFA&quot;,
        &quot;stage&quot;: &quot;Completed&quot;,
        &quot;ea1&quot;: &quot;W20P30&quot;,
        &quot;ea2&quot;: &quot;Western Region&quot;
      }
    },
    {
      &quot;attributes&quot;: {
        &quot;owner&quot;: &quot;DFA&quot;,
        &quot;stage&quot;: &quot;Completed&quot;,
        &quot;ea1&quot;: &quot;W20P30&quot;,
        &quot;ea2&quot;: &quot;Western Region&quot;
      }
    },
    {
      &quot;attributes&quot;: {
        &quot;owner&quot;: &quot;DFA&quot;,
        &quot;stage&quot;: &quot;Completed&quot;,
        &quot;ea1&quot;: &quot;W20P30&quot;,
        &quot;ea2&quot;: &quot;Western Region&quot;
      }
    },
    {
      &quot;attributes&quot;: {
        &quot;owner&quot;: &quot;DFA&quot;,
        &quot;stage&quot;: &quot;Completed&quot;,
        &quot;ea1&quot;: &quot;W20P30&quot;,
        &quot;ea2&quot;: &quot;Western Region&quot;
      }
    },
    {
      &quot;attributes&quot;: {
        &quot;owner&quot;: &quot;DFA&quot;,
        &quot;stage&quot;: &quot;Completed&quot;,
        &quot;ea1&quot;: &quot;G30P38&quot;,
        &quot;ea2&quot;: &quot;Gauteng South&quot;
      }
    },
    {
      &quot;attributes&quot;: {
        &quot;owner&quot;: &quot;DFA&quot;,
        &quot;stage&quot;: &quot;Completed&quot;,
        &quot;ea1&quot;: &quot;G02P02&quot;,
        &quot;ea2&quot;: &quot;Gauteng South&quot;
      }
    },
    {
      &quot;attributes&quot;: {
        &quot;owner&quot;: &quot;DFA&quot;,
        &quot;stage&quot;: &quot;Completed&quot;,
        &quot;ea1&quot;: &quot;W20P30&quot;,
        &quot;ea2&quot;: &quot;Western Region&quot;
      }
    },
    {
      &quot;attributes&quot;: {
        &quot;owner&quot;: &quot;DFA&quot;,
        &quot;stage&quot;: &quot;Completed&quot;,
        &quot;ea1&quot;: &quot;G30P38&quot;,
        &quot;ea2&quot;: &quot;Gauteng South&quot;
      }
    },
    {
      &quot;attributes&quot;: {
        &quot;owner&quot;: &quot;DFA&quot;,
        &quot;stage&quot;: &quot;Completed&quot;,
        &quot;ea1&quot;: &quot;G30P38&quot;,
        &quot;ea2&quot;: &quot;Gauteng South&quot;
      }
    },
    {
      &quot;attributes&quot;: {
        &quot;owner&quot;: &quot;DFA&quot;,
        &quot;stage&quot;: &quot;Completed&quot;,
        &quot;ea1&quot;: &quot;G30P38&quot;,
        &quot;ea2&quot;: &quot;Gauteng South&quot;
      }
    },
    {
      &quot;attributes&quot;: {
        &quot;owner&quot;: &quot;DFA&quot;,
        &quot;stage&quot;: &quot;Completed&quot;,
        &quot;ea1&quot;: &quot;W50P16&quot;,
        &quot;ea2&quot;: &quot;Western Region&quot;
      }
    },
    {
      &quot;attributes&quot;: {
        &quot;owner&quot;: &quot;DFA&quot;,
        &quot;stage&quot;: &quot;Completed&quot;,
        &quot;ea1&quot;: &quot;W50P16&quot;,
        &quot;ea2&quot;: &quot;Western Region&quot;
      }
    },
    {
      &quot;attributes&quot;: {
        &quot;owner&quot;: &quot;DFA&quot;,
        &quot;stage&quot;: &quot;Completed&quot;,
        &quot;ea1&quot;: &quot;W50P16&quot;,
        &quot;ea2&quot;: &quot;Western Region&quot;
      }
    },
    {
      &quot;attributes&quot;: {
        &quot;owner&quot;: &quot;DFA&quot;,
        &quot;stage&quot;: &quot;Completed&quot;,
        &quot;ea1&quot;: &quot;W50P16&quot;,
        &quot;ea2&quot;: &quot;Western Region&quot;
      }
    },
    {
      &quot;attributes&quot;: {
        &quot;owner&quot;: &quot;DFA&quot;,
        &quot;stage&quot;: &quot;Completed&quot;,
        &quot;ea1&quot;: &quot;W50P16&quot;,
        &quot;ea2&quot;: &quot;Western Region&quot;
      }
    },
    {
      &quot;attributes&quot;: {
        &quot;owner&quot;: &quot;DFA&quot;,
        &quot;stage&quot;: &quot;Completed&quot;,
        &quot;ea1&quot;: &quot;W50P16&quot;,
        &quot;ea2&quot;: &quot;Western Region&quot;
      }
    },
    {
      &quot;attributes&quot;: {
        &quot;owner&quot;: &quot;DFA&quot;,
        &quot;stage&quot;: &quot;Completed&quot;,
        &quot;ea1&quot;: &quot;W50P16&quot;,
        &quot;ea2&quot;: &quot;Western Region&quot;
      }
    },
    {
      &quot;attributes&quot;: {
        &quot;owner&quot;: &quot;DFA&quot;,
        &quot;stage&quot;: &quot;Construction&quot;,
        &quot;ea1&quot;: &quot;none&quot;,
        &quot;ea2&quot;: &quot;None&quot;
      }
    },
    {
      &quot;attributes&quot;: {
        &quot;owner&quot;: &quot;DFA&quot;,
        &quot;stage&quot;: &quot;Completed&quot;,
        &quot;ea1&quot;: &quot;W50P16&quot;,
        &quot;ea2&quot;: &quot;Western Region&quot;
      }
    },
    {
      &quot;attributes&quot;: {
        &quot;owner&quot;: &quot;DFA&quot;,
        &quot;stage&quot;: &quot;Completed&quot;,
        &quot;ea1&quot;: &quot;W50P16&quot;,
        &quot;ea2&quot;: &quot;Western Region&quot;
      }
    },
    {
      &quot;attributes&quot;: {
        &quot;owner&quot;: &quot;DFA&quot;,
        &quot;stage&quot;: &quot;Completed&quot;,
        &quot;ea1&quot;: &quot;W50P16&quot;,
        &quot;ea2&quot;: &quot;Western Region&quot;
      }
    },
    {
      &quot;attributes&quot;: {
        &quot;owner&quot;: &quot;DFA&quot;,
        &quot;stage&quot;: &quot;Construction&quot;,
        &quot;ea1&quot;: &quot;none&quot;,
        &quot;ea2&quot;: &quot;None&quot;
      }
    },
    {
      &quot;attributes&quot;: {
        &quot;owner&quot;: &quot;DFA&quot;,
        &quot;stage&quot;: &quot;Completed&quot;,
        &quot;ea1&quot;: &quot;W50P80&quot;,
        &quot;ea2&quot;: &quot;Western Region&quot;
      }
    },
    {
      &quot;attributes&quot;: {
        &quot;owner&quot;: &quot;DFA&quot;,
        &quot;stage&quot;: &quot;Completed&quot;,
        &quot;ea1&quot;: &quot;W50P80&quot;,
        &quot;ea2&quot;: &quot;Western Region&quot;
      }
    },
    {
      &quot;attributes&quot;: {
        &quot;owner&quot;: &quot;DFA&quot;,
        &quot;stage&quot;: &quot;Completed&quot;,
        &quot;ea1&quot;: &quot;W50P80&quot;,
        &quot;ea2&quot;: &quot;Western Region&quot;
      }
    },
    {
      &quot;attributes&quot;: {
        &quot;owner&quot;: &quot;DFA&quot;,
        &quot;stage&quot;: &quot;Completed&quot;,
        &quot;ea1&quot;: &quot;W50P80&quot;,
        &quot;ea2&quot;: &quot;Western Region&quot;
      }
    },
    {
      &quot;attributes&quot;: {
        &quot;owner&quot;: &quot;DFA&quot;,
        &quot;stage&quot;: &quot;Completed&quot;,
        &quot;ea1&quot;: &quot;G51P14&quot;,
        &quot;ea2&quot;: &quot;Gauteng South&quot;
      }
    },
    {
      &quot;attributes&quot;: {
        &quot;owner&quot;: &quot;DFA&quot;,
        &quot;stage&quot;: &quot;Completed&quot;,
        &quot;ea1&quot;: &quot;G51P14&quot;,
        &quot;ea2&quot;: &quot;Gauteng South&quot;
      }
    },
    {
      &quot;attributes&quot;: {
        &quot;owner&quot;: &quot;DFA&quot;,
        &quot;stage&quot;: &quot;Completed&quot;,
        &quot;ea1&quot;: &quot;G51P14&quot;,
        &quot;ea2&quot;: &quot;Gauteng South&quot;
      }
    },
    {
      &quot;attributes&quot;: {
        &quot;owner&quot;: &quot;DFA&quot;,
        &quot;stage&quot;: &quot;Completed&quot;,
        &quot;ea1&quot;: &quot;G51P14&quot;,
        &quot;ea2&quot;: &quot;Gauteng South&quot;
      }
    },
    {
      &quot;attributes&quot;: {
        &quot;owner&quot;: &quot;DFA&quot;,
        &quot;stage&quot;: &quot;Completed&quot;,
        &quot;ea1&quot;: &quot;G51P14&quot;,
        &quot;ea2&quot;: &quot;Gauteng South&quot;
      }
    },
    {
      &quot;attributes&quot;: {
        &quot;owner&quot;: &quot;DFA&quot;,
        &quot;stage&quot;: &quot;Completed&quot;,
        &quot;ea1&quot;: &quot;G52P60&quot;,
        &quot;ea2&quot;: &quot;Gauteng South&quot;
      }
    },
    {
      &quot;attributes&quot;: {
        &quot;owner&quot;: &quot;DFA&quot;,
        &quot;stage&quot;: &quot;Completed&quot;,
        &quot;ea1&quot;: &quot;G52P60&quot;,
        &quot;ea2&quot;: &quot;Gauteng South&quot;
      }
    },
    {
      &quot;attributes&quot;: {
        &quot;owner&quot;: &quot;DFA&quot;,
        &quot;stage&quot;: &quot;Completed&quot;,
        &quot;ea1&quot;: &quot;G52P60&quot;,
        &quot;ea2&quot;: &quot;Gauteng South&quot;
      }
    },
    {
      &quot;attributes&quot;: {
        &quot;owner&quot;: &quot;DFA&quot;,
        &quot;stage&quot;: &quot;Completed&quot;,
        &quot;ea1&quot;: &quot;G52P60&quot;,
        &quot;ea2&quot;: &quot;Gauteng South&quot;
      }
    },
    {
      &quot;attributes&quot;: {
        &quot;owner&quot;: &quot;DFA&quot;,
        &quot;stage&quot;: &quot;Completed&quot;,
        &quot;ea1&quot;: &quot;G52P60&quot;,
        &quot;ea2&quot;: &quot;Gauteng South&quot;
      }
    },
    {
      &quot;attributes&quot;: {
        &quot;owner&quot;: &quot;DFA&quot;,
        &quot;stage&quot;: &quot;Completed&quot;,
        &quot;ea1&quot;: &quot;G52P37&quot;,
        &quot;ea2&quot;: &quot;Gauteng South&quot;
      }
    },
    {
      &quot;attributes&quot;: {
        &quot;owner&quot;: &quot;DFA&quot;,
        &quot;stage&quot;: &quot;Completed&quot;,
        &quot;ea1&quot;: &quot;W50P90&quot;,
        &quot;ea2&quot;: &quot;Western Region&quot;
      }
    },
    {
      &quot;attributes&quot;: {
        &quot;owner&quot;: &quot;DFA&quot;,
        &quot;stage&quot;: &quot;Completed&quot;,
        &quot;ea1&quot;: &quot;W50P90&quot;,
        &quot;ea2&quot;: &quot;Western Region&quot;
      }
    },
    {
      &quot;attributes&quot;: {
        &quot;owner&quot;: &quot;DFA&quot;,
        &quot;stage&quot;: &quot;Completed&quot;,
        &quot;ea1&quot;: &quot;G52P37&quot;,
        &quot;ea2&quot;: &quot;Gauteng South&quot;
      }
    },
    {
      &quot;attributes&quot;: {
        &quot;owner&quot;: &quot;DFA&quot;,
        &quot;stage&quot;: &quot;Completed&quot;,
        &quot;ea1&quot;: &quot;G52P37&quot;,
        &quot;ea2&quot;: &quot;Gauteng South&quot;
      }
    },
    {
      &quot;attributes&quot;: {
        &quot;owner&quot;: &quot;DFA&quot;,
        &quot;stage&quot;: &quot;Completed&quot;,
        &quot;ea1&quot;: &quot;W20P37&quot;,
        &quot;ea2&quot;: &quot;Western Region&quot;
      }
    },
    {
      &quot;attributes&quot;: {
        &quot;owner&quot;: &quot;DFA&quot;,
        &quot;stage&quot;: &quot;Completed&quot;,
        &quot;ea1&quot;: &quot;W20P37&quot;,
        &quot;ea2&quot;: &quot;Western Region&quot;
      }
    },
    {
      &quot;attributes&quot;: {
        &quot;owner&quot;: &quot;DFA&quot;,
        &quot;stage&quot;: &quot;Completed&quot;,
        &quot;ea1&quot;: &quot;W20P37&quot;,
        &quot;ea2&quot;: &quot;Western Region&quot;
      }
    },
    {
      &quot;attributes&quot;: {
        &quot;owner&quot;: &quot;DFA&quot;,
        &quot;stage&quot;: &quot;Completed&quot;,
        &quot;ea1&quot;: &quot;W20P37&quot;,
        &quot;ea2&quot;: &quot;Western Region&quot;
      }
    },
    {
      &quot;attributes&quot;: {
        &quot;owner&quot;: &quot;DFA&quot;,
        &quot;stage&quot;: &quot;Completed&quot;,
        &quot;ea1&quot;: &quot;W20P05&quot;,
        &quot;ea2&quot;: &quot;Western Region&quot;
      }
    },
    {
      &quot;attributes&quot;: {
        &quot;owner&quot;: &quot;DFA&quot;,
        &quot;stage&quot;: &quot;Completed&quot;,
        &quot;ea1&quot;: &quot;W20P02&quot;,
        &quot;ea2&quot;: &quot;Western Region&quot;
      }
    },
    {
      &quot;attributes&quot;: {
        &quot;owner&quot;: &quot;DFA&quot;,
        &quot;stage&quot;: &quot;Completed&quot;,
        &quot;ea1&quot;: &quot;W20P05&quot;,
        &quot;ea2&quot;: &quot;Western Region&quot;
      }
    },
    {
      &quot;attributes&quot;: {
        &quot;owner&quot;: &quot;DFA&quot;,
        &quot;stage&quot;: &quot;Completed&quot;,
        &quot;ea1&quot;: &quot;W20P05&quot;,
        &quot;ea2&quot;: &quot;Western Region&quot;
      }
    },
    {
      &quot;attributes&quot;: {
        &quot;owner&quot;: &quot;DFA&quot;,
        &quot;stage&quot;: &quot;Completed&quot;,
        &quot;ea1&quot;: &quot;W20P05&quot;,
        &quot;ea2&quot;: &quot;Western Region&quot;
      }
    },
    {
      &quot;attributes&quot;: {
        &quot;owner&quot;: &quot;DFA&quot;,
        &quot;stage&quot;: &quot;Completed&quot;,
        &quot;ea1&quot;: &quot;W20P05&quot;,
        &quot;ea2&quot;: &quot;Western Region&quot;
      }
    },
    {
      &quot;attributes&quot;: {
        &quot;owner&quot;: &quot;DFA&quot;,
        &quot;stage&quot;: &quot;Completed&quot;,
        &quot;ea1&quot;: &quot;W20P05&quot;,
        &quot;ea2&quot;: &quot;Western Region&quot;
      }
    },
    {
      &quot;attributes&quot;: {
        &quot;owner&quot;: &quot;DFA&quot;,
        &quot;stage&quot;: &quot;Completed&quot;,
        &quot;ea1&quot;: &quot;W20P05&quot;,
        &quot;ea2&quot;: &quot;Western Region&quot;
      }
    },
    {
      &quot;attributes&quot;: {
        &quot;owner&quot;: &quot;DFA&quot;,
        &quot;stage&quot;: &quot;Completed&quot;,
        &quot;ea1&quot;: &quot;W20P05&quot;,
        &quot;ea2&quot;: &quot;Western Region&quot;
      }
    },
    {
      &quot;attributes&quot;: {
        &quot;owner&quot;: &quot;DFA&quot;,
        &quot;stage&quot;: &quot;Completed&quot;,
        &quot;ea1&quot;: &quot;W20P05&quot;,
        &quot;ea2&quot;: &quot;Western Region&quot;
      }
    },
    {
      &quot;attributes&quot;: {
        &quot;owner&quot;: &quot;DFA&quot;,
        &quot;stage&quot;: &quot;Completed&quot;,
        &quot;ea1&quot;: &quot;G51P31&quot;,
        &quot;ea2&quot;: &quot;Gauteng South&quot;
      }
    },
    {
      &quot;attributes&quot;: {
        &quot;owner&quot;: &quot;DFA&quot;,
        &quot;stage&quot;: &quot;Completed&quot;,
        &quot;ea1&quot;: &quot;G51P31&quot;,
        &quot;ea2&quot;: &quot;Gauteng South&quot;
      }
    },
    {
      &quot;attributes&quot;: {
        &quot;owner&quot;: &quot;DFA&quot;,
        &quot;stage&quot;: &quot;Completed&quot;,
        &quot;ea1&quot;: &quot;G51P31&quot;,
        &quot;ea2&quot;: &quot;Gauteng South&quot;
      }
    },
    {
      &quot;attributes&quot;: {
        &quot;owner&quot;: &quot;DFA&quot;,
        &quot;stage&quot;: &quot;Completed&quot;,
        &quot;ea1&quot;: &quot;G51P31&quot;,
        &quot;ea2&quot;: &quot;Gauteng South&quot;
      }
    },
    {
      &quot;attributes&quot;: {
        &quot;owner&quot;: &quot;DFA&quot;,
        &quot;stage&quot;: &quot;Completed&quot;,
        &quot;ea1&quot;: &quot;G51P31&quot;,
        &quot;ea2&quot;: &quot;Gauteng South&quot;
      }
    },
    {
      &quot;attributes&quot;: {
        &quot;owner&quot;: &quot;DFA&quot;,
        &quot;stage&quot;: &quot;Completed&quot;,
        &quot;ea1&quot;: &quot;G51P31&quot;,
        &quot;ea2&quot;: &quot;Gauteng South&quot;
      }
    },
    {
      &quot;attributes&quot;: {
        &quot;owner&quot;: &quot;DFA&quot;,
        &quot;stage&quot;: &quot;Completed&quot;,
        &quot;ea1&quot;: &quot;G51P31&quot;,
        &quot;ea2&quot;: &quot;Gauteng South&quot;
      }
    },
    {
      &quot;attributes&quot;: {
        &quot;owner&quot;: &quot;DFA&quot;,
        &quot;stage&quot;: &quot;Completed&quot;,
        &quot;ea1&quot;: &quot;G51P31&quot;,
        &quot;ea2&quot;: &quot;Gauteng South&quot;
      }
    },
    {
      &quot;attributes&quot;: {
        &quot;owner&quot;: &quot;DFA&quot;,
        &quot;stage&quot;: &quot;Completed&quot;,
        &quot;ea1&quot;: &quot;G51P31&quot;,
        &quot;ea2&quot;: &quot;Gauteng South&quot;
      }
    },
    {
      &quot;attributes&quot;: {
        &quot;owner&quot;: &quot;DFA&quot;,
        &quot;stage&quot;: &quot;Completed&quot;,
        &quot;ea1&quot;: &quot;G03P01&quot;,
        &quot;ea2&quot;: &quot;Gauteng South&quot;
      }
    },
    {
      &quot;attributes&quot;: {
        &quot;owner&quot;: &quot;DFA&quot;,
        &quot;stage&quot;: &quot;Construction&quot;,
        &quot;ea1&quot;: &quot;G01P14&quot;,
        &quot;ea2&quot;: &quot;Gauteng South&quot;
      }
    },
    {
      &quot;attributes&quot;: {
        &quot;owner&quot;: &quot;DFA&quot;,
        &quot;stage&quot;: &quot;Completed&quot;,
        &quot;ea1&quot;: &quot;W50P62&quot;,
        &quot;ea2&quot;: &quot;Western Region&quot;
      }
    },
    {
      &quot;attributes&quot;: {
        &quot;owner&quot;: &quot;DFA&quot;,
        &quot;stage&quot;: &quot;Completed&quot;,
        &quot;ea1&quot;: &quot;W50P62&quot;,
        &quot;ea2&quot;: &quot;Western Region&quot;
      }
    },
    {
      &quot;attributes&quot;: {
        &quot;owner&quot;: &quot;DFA&quot;,
        &quot;stage&quot;: &quot;Completed&quot;,
        &quot;ea1&quot;: &quot;W50P62&quot;,
        &quot;ea2&quot;: &quot;Western Region&quot;
      }
    },
    {
      &quot;attributes&quot;: {
        &quot;owner&quot;: &quot;DFA&quot;,
        &quot;stage&quot;: &quot;Completed&quot;,
        &quot;ea1&quot;: &quot;W50P62&quot;,
        &quot;ea2&quot;: &quot;Western Region&quot;
      }
    },
    {
      &quot;attributes&quot;: {
        &quot;owner&quot;: &quot;DFA&quot;,
        &quot;stage&quot;: &quot;Completed&quot;,
        &quot;ea1&quot;: &quot;G20P09&quot;,
        &quot;ea2&quot;: &quot;Gauteng South&quot;
      }
    },
    {
      &quot;attributes&quot;: {
        &quot;owner&quot;: &quot;DFA&quot;,
        &quot;stage&quot;: &quot;Completed&quot;,
        &quot;ea1&quot;: &quot;G20P09&quot;,
        &quot;ea2&quot;: &quot;Gauteng South&quot;
      }
    },
    {
      &quot;attributes&quot;: {
        &quot;owner&quot;: &quot;DFA&quot;,
        &quot;stage&quot;: &quot;Completed&quot;,
        &quot;ea1&quot;: &quot;G20P09&quot;,
        &quot;ea2&quot;: &quot;Gauteng South&quot;
      }
    },
    {
      &quot;attributes&quot;: {
        &quot;owner&quot;: &quot;DFA&quot;,
        &quot;stage&quot;: &quot;Completed&quot;,
        &quot;ea1&quot;: &quot;W20P21&quot;,
        &quot;ea2&quot;: &quot;Western Region&quot;
      }
    },
    {
      &quot;attributes&quot;: {
        &quot;owner&quot;: &quot;DFA&quot;,
        &quot;stage&quot;: &quot;Completed&quot;,
        &quot;ea1&quot;: &quot;W20P21&quot;,
        &quot;ea2&quot;: &quot;Western Region&quot;
      }
    },
    {
      &quot;attributes&quot;: {
        &quot;owner&quot;: &quot;DFA&quot;,
        &quot;stage&quot;: &quot;Completed&quot;,
        &quot;ea1&quot;: &quot;W20P21&quot;,
        &quot;ea2&quot;: &quot;Western Region&quot;
      }
    },
    {
      &quot;attributes&quot;: {
        &quot;owner&quot;: &quot;DFA&quot;,
        &quot;stage&quot;: &quot;Completed&quot;,
        &quot;ea1&quot;: &quot;W20P21&quot;,
        &quot;ea2&quot;: &quot;Western Region&quot;
      }
    },
    {
      &quot;attributes&quot;: {
        &quot;owner&quot;: &quot;DFA&quot;,
        &quot;stage&quot;: &quot;Completed&quot;,
        &quot;ea1&quot;: &quot;W20P21&quot;,
        &quot;ea2&quot;: &quot;Western Region&quot;
      }
    },
    {
      &quot;attributes&quot;: {
        &quot;owner&quot;: &quot;DFA&quot;,
        &quot;stage&quot;: &quot;Completed&quot;,
        &quot;ea1&quot;: &quot;W20P21&quot;,
        &quot;ea2&quot;: &quot;Western Region&quot;
      }
    },
    {
      &quot;attributes&quot;: {
        &quot;owner&quot;: &quot;DFA&quot;,
        &quot;stage&quot;: &quot;Completed&quot;,
        &quot;ea1&quot;: &quot;W20P21&quot;,
        &quot;ea2&quot;: &quot;Western Region&quot;
      }
    },
    {
      &quot;attributes&quot;: {
        &quot;owner&quot;: &quot;DFA&quot;,
        &quot;stage&quot;: &quot;Completed&quot;,
        &quot;ea1&quot;: &quot;W20P21&quot;,
        &quot;ea2&quot;: &quot;Western Region&quot;
      }
    },
    {
      &quot;attributes&quot;: {
        &quot;owner&quot;: &quot;DFA&quot;,
        &quot;stage&quot;: &quot;Completed&quot;,
        &quot;ea1&quot;: &quot;W20P21&quot;,
        &quot;ea2&quot;: &quot;Western Region&quot;
      }
    },
    {
      &quot;attributes&quot;: {
        &quot;owner&quot;: &quot;DFA&quot;,
        &quot;stage&quot;: &quot;Completed&quot;,
        &quot;ea1&quot;: &quot;W20P21&quot;,
        &quot;ea2&quot;: &quot;Western Region&quot;
      }
    },
    {
      &quot;attributes&quot;: {
        &quot;owner&quot;: &quot;DFA&quot;,
        &quot;stage&quot;: &quot;Completed&quot;,
        &quot;ea1&quot;: &quot;W20P21&quot;,
        &quot;ea2&quot;: &quot;Western Region&quot;
      }
    },
    {
      &quot;attributes&quot;: {
        &quot;owner&quot;: &quot;DFA&quot;,
        &quot;stage&quot;: &quot;Completed&quot;,
        &quot;ea1&quot;: &quot;W20P21&quot;,
        &quot;ea2&quot;: &quot;Western Region&quot;
      }
    },
    {
      &quot;attributes&quot;: {
        &quot;owner&quot;: &quot;DFA&quot;,
        &quot;stage&quot;: &quot;Completed&quot;,
        &quot;ea1&quot;: &quot;W20P21&quot;,
        &quot;ea2&quot;: &quot;Western Region&quot;
      }
    },
    {
      &quot;attributes&quot;: {
        &quot;owner&quot;: &quot;DFA&quot;,
        &quot;stage&quot;: &quot;Completed&quot;,
        &quot;ea1&quot;: &quot;W20P21&quot;,
        &quot;ea2&quot;: &quot;Western Region&quot;
      }
    },
    {
      &quot;attributes&quot;: {
        &quot;owner&quot;: &quot;DFA&quot;,
        &quot;stage&quot;: &quot;Completed&quot;,
        &quot;ea1&quot;: &quot;W20P21&quot;,
        &quot;ea2&quot;: &quot;Western Region&quot;
      }
    },
    {
      &quot;attributes&quot;: {
        &quot;owner&quot;: &quot;DFA&quot;,
        &quot;stage&quot;: &quot;Completed&quot;,
        &quot;ea1&quot;: &quot;W20P21&quot;,
        &quot;ea2&quot;: &quot;Western Region&quot;
      }
    },
    {
      &quot;attributes&quot;: {
        &quot;owner&quot;: &quot;DFA&quot;,
        &quot;stage&quot;: &quot;Completed&quot;,
        &quot;ea1&quot;: &quot;W50P48&quot;,
        &quot;ea2&quot;: &quot;Western Region&quot;
      }
    },
    {
      &quot;attributes&quot;: {
        &quot;owner&quot;: &quot;DFA&quot;,
        &quot;stage&quot;: &quot;Completed&quot;,
        &quot;ea1&quot;: &quot;W50P48&quot;,
        &quot;ea2&quot;: &quot;Western Region&quot;
      }
    },
    {
      &quot;attributes&quot;: {
        &quot;owner&quot;: &quot;DFA&quot;,
        &quot;stage&quot;: &quot;Completed&quot;,
        &quot;ea1&quot;: &quot;W50P48&quot;,
        &quot;ea2&quot;: &quot;Western Region&quot;
      }
    },
    {
      &quot;attributes&quot;: {
        &quot;owner&quot;: &quot;DFA&quot;,
        &quot;stage&quot;: &quot;Completed&quot;,
        &quot;ea1&quot;: &quot;W50P48&quot;,
        &quot;ea2&quot;: &quot;Western Region&quot;
      }
    },
    {
      &quot;attributes&quot;: {
        &quot;owner&quot;: &quot;DFA&quot;,
        &quot;stage&quot;: &quot;Completed&quot;,
        &quot;ea1&quot;: &quot;W50P48&quot;,
        &quot;ea2&quot;: &quot;Western Region&quot;
      }
    },
    {
      &quot;attributes&quot;: {
        &quot;owner&quot;: &quot;DFA&quot;,
        &quot;stage&quot;: &quot;Completed&quot;,
        &quot;ea1&quot;: &quot;W50P48&quot;,
        &quot;ea2&quot;: &quot;Western Region&quot;
      }
    },
    {
      &quot;attributes&quot;: {
        &quot;owner&quot;: &quot;DFA&quot;,
        &quot;stage&quot;: &quot;Completed&quot;,
        &quot;ea1&quot;: &quot;W50P48&quot;,
        &quot;ea2&quot;: &quot;Western Region&quot;
      }
    },
    {
      &quot;attributes&quot;: {
        &quot;owner&quot;: &quot;DFA&quot;,
        &quot;stage&quot;: &quot;Construction&quot;,
        &quot;ea1&quot;: &quot;none&quot;,
        &quot;ea2&quot;: &quot;None&quot;
      }
    },
    {
      &quot;attributes&quot;: {
        &quot;owner&quot;: &quot;DFA&quot;,
        &quot;stage&quot;: &quot;Completed&quot;,
        &quot;ea1&quot;: &quot;W50P48&quot;,
        &quot;ea2&quot;: &quot;Western Region&quot;
      }
    },
    {
      &quot;attributes&quot;: {
        &quot;owner&quot;: &quot;DFA&quot;,
        &quot;stage&quot;: &quot;Completed&quot;,
        &quot;ea1&quot;: &quot;W50P48&quot;,
        &quot;ea2&quot;: &quot;Western Region&quot;
      }
    },
    {
      &quot;attributes&quot;: {
        &quot;owner&quot;: &quot;DFA&quot;,
        &quot;stage&quot;: &quot;Completed&quot;,
        &quot;ea1&quot;: &quot;W50P48&quot;,
        &quot;ea2&quot;: &quot;Western Region&quot;
      }
    },
    {
      &quot;attributes&quot;: {
        &quot;owner&quot;: &quot;DFA&quot;,
        &quot;stage&quot;: &quot;Completed&quot;,
        &quot;ea1&quot;: &quot;W50P48&quot;,
        &quot;ea2&quot;: &quot;Western Region&quot;
      }
    },
    {
      &quot;attributes&quot;: {
        &quot;owner&quot;: &quot;DFA&quot;,
        &quot;stage&quot;: &quot;Completed&quot;,
        &quot;ea1&quot;: &quot;W50P91 &quot;,
        &quot;ea2&quot;: &quot;Western Region&quot;
      }
    },
    {
      &quot;attributes&quot;: {
        &quot;owner&quot;: &quot;DFA&quot;,
        &quot;stage&quot;: &quot;Completed&quot;,
        &quot;ea1&quot;: &quot;W50P91 &quot;,
        &quot;ea2&quot;: &quot;Western Region&quot;
      }
    },
    {
      &quot;attributes&quot;: {
        &quot;owner&quot;: &quot;DFA&quot;,
        &quot;stage&quot;: &quot;Completed&quot;,
        &quot;ea1&quot;: &quot;W50P91 &quot;,
        &quot;ea2&quot;: &quot;Western Region&quot;
      }
    },
    {
      &quot;attributes&quot;: {
        &quot;owner&quot;: &quot;DFA&quot;,
        &quot;stage&quot;: &quot;Completed&quot;,
        &quot;ea1&quot;: &quot;W50P91 &quot;,
        &quot;ea2&quot;: &quot;Western Region&quot;
      }
    },
    {
      &quot;attributes&quot;: {
        &quot;owner&quot;: &quot;DFA&quot;,
        &quot;stage&quot;: &quot;Completed&quot;,
        &quot;ea1&quot;: &quot;W50P91&quot;,
        &quot;ea2&quot;: &quot;Western Region&quot;
      }
    },
    {
      &quot;attributes&quot;: {
        &quot;owner&quot;: &quot;DFA&quot;,
        &quot;stage&quot;: &quot;Completed&quot;,
        &quot;ea1&quot;: &quot;W50P91 &quot;,
        &quot;ea2&quot;: &quot;Western Region&quot;
      }
    },
    {
      &quot;attributes&quot;: {
        &quot;owner&quot;: &quot;DFA&quot;,
        &quot;stage&quot;: &quot;Completed&quot;,
        &quot;ea1&quot;: &quot;W50P91&quot;,
        &quot;ea2&quot;: &quot;Western Region&quot;
      }
    },
    {
      &quot;attributes&quot;: {
        &quot;owner&quot;: &quot;DFA&quot;,
        &quot;stage&quot;: &quot;Completed&quot;,
        &quot;ea1&quot;: &quot;W50P91&quot;,
        &quot;ea2&quot;: &quot;Western Region&quot;
      }
    },
    {
      &quot;attributes&quot;: {
        &quot;owner&quot;: &quot;DFA&quot;,
        &quot;stage&quot;: &quot;Completed&quot;,
        &quot;ea1&quot;: &quot;W50P91&quot;,
        &quot;ea2&quot;: &quot;Western Region&quot;
      }
    },
    {
      &quot;attributes&quot;: {
        &quot;owner&quot;: &quot;DFA&quot;,
        &quot;stage&quot;: &quot;Completed&quot;,
        &quot;ea1&quot;: &quot;W50P91&quot;,
        &quot;ea2&quot;: &quot;Western Region&quot;
      }
    },
    {
      &quot;attributes&quot;: {
        &quot;owner&quot;: &quot;DFA&quot;,
        &quot;stage&quot;: &quot;Completed&quot;,
        &quot;ea1&quot;: &quot;NB30P08&quot;,
        &quot;ea2&quot;: &quot;Northern Region&quot;
      }
    },
    {
      &quot;attributes&quot;: {
        &quot;owner&quot;: &quot;DFA&quot;,
        &quot;stage&quot;: &quot;Construction&quot;,
        &quot;ea1&quot;: &quot;K20P65&quot;,
        &quot;ea2&quot;: &quot;Kwa-Zulu Natal&quot;
      }
    },
    {
      &quot;attributes&quot;: {
        &quot;owner&quot;: &quot;DFA&quot;,
        &quot;stage&quot;: &quot;Completed&quot;,
        &quot;ea1&quot;: &quot;none&quot;,
        &quot;ea2&quot;: &quot;None&quot;
      }
    },
    {
      &quot;attributes&quot;: {
        &quot;owner&quot;: &quot;DFA&quot;,
        &quot;stage&quot;: &quot;Completed&quot;,
        &quot;ea1&quot;: &quot;none&quot;,
        &quot;ea2&quot;: &quot;None&quot;
      }
    },
    {
      &quot;attributes&quot;: {
        &quot;owner&quot;: &quot;DFA&quot;,
        &quot;stage&quot;: &quot;Completed&quot;,
        &quot;ea1&quot;: &quot;none&quot;,
        &quot;ea2&quot;: &quot;None&quot;
      }
    },
    {
      &quot;attributes&quot;: {
        &quot;owner&quot;: &quot;DFA&quot;,
        &quot;stage&quot;: &quot;Completed&quot;,
        &quot;ea1&quot;: &quot;W20P44&quot;,
        &quot;ea2&quot;: &quot;Western Region&quot;
      }
    },
    {
      &quot;attributes&quot;: {
        &quot;owner&quot;: &quot;DFA&quot;,
        &quot;stage&quot;: &quot;Completed&quot;,
        &quot;ea1&quot;: &quot;none&quot;,
        &quot;ea2&quot;: &quot;None&quot;
      }
    },
    {
      &quot;attributes&quot;: {
        &quot;owner&quot;: &quot;DFA&quot;,
        &quot;stage&quot;: &quot;Completed&quot;,
        &quot;ea1&quot;: &quot;none&quot;,
        &quot;ea2&quot;: &quot;Northern Region&quot;
      }
    },
    {
      &quot;attributes&quot;: {
        &quot;owner&quot;: &quot;DFA&quot;,
        &quot;stage&quot;: &quot;Completed&quot;,
        &quot;ea1&quot;: &quot;none&quot;,
        &quot;ea2&quot;: &quot;Northern Region&quot;
      }
    },
    {
      &quot;attributes&quot;: {
        &quot;owner&quot;: &quot;DFA&quot;,
        &quot;stage&quot;: &quot;Completed&quot;,
        &quot;ea1&quot;: &quot;W51P18&quot;,
        &quot;ea2&quot;: &quot;Western Region&quot;
      }
    },
    {
      &quot;attributes&quot;: {
        &quot;owner&quot;: &quot;DFA&quot;,
        &quot;stage&quot;: &quot;Completed&quot;,
        &quot;ea1&quot;: &quot;W51P18&quot;,
        &quot;ea2&quot;: &quot;Western Region&quot;
      }
    },
    {
      &quot;attributes&quot;: {
        &quot;owner&quot;: &quot;DFA&quot;,
        &quot;stage&quot;: &quot;Completed&quot;,
        &quot;ea1&quot;: &quot;W50P91&quot;,
        &quot;ea2&quot;: &quot;Western Region&quot;
      }
    },
    {
      &quot;attributes&quot;: {
        &quot;owner&quot;: &quot;DFA&quot;,
        &quot;stage&quot;: &quot;Completed&quot;,
        &quot;ea1&quot;: &quot;W01P08&quot;,
        &quot;ea2&quot;: &quot;Western Region&quot;
      }
    },
    {
      &quot;attributes&quot;: {
        &quot;owner&quot;: &quot;DFA&quot;,
        &quot;stage&quot;: &quot;Completed&quot;,
        &quot;ea1&quot;: &quot;W01P08&quot;,
        &quot;ea2&quot;: &quot;Western Region&quot;
      }
    },
    {
      &quot;attributes&quot;: {
        &quot;owner&quot;: &quot;DFA&quot;,
        &quot;stage&quot;: &quot;Completed&quot;,
        &quot;ea1&quot;: &quot;W01P08&quot;,
        &quot;ea2&quot;: &quot;Western Region&quot;
      }
    },
    {
      &quot;attributes&quot;: {
        &quot;owner&quot;: &quot;DFA&quot;,
        &quot;stage&quot;: &quot;Completed&quot;,
        &quot;ea1&quot;: &quot;W01P08&quot;,
        &quot;ea2&quot;: &quot;Western Region&quot;
      }
    },
    {
      &quot;attributes&quot;: {
        &quot;owner&quot;: &quot;DFA&quot;,
        &quot;stage&quot;: &quot;Completed&quot;,
        &quot;ea1&quot;: &quot;W50P09&quot;,
        &quot;ea2&quot;: &quot;Western Region&quot;
      }
    },
    {
      &quot;attributes&quot;: {
        &quot;owner&quot;: &quot;DFA&quot;,
        &quot;stage&quot;: &quot;Completed&quot;,
        &quot;ea1&quot;: &quot;W50P09&quot;,
        &quot;ea2&quot;: &quot;Western Region&quot;
      }
    },
    {
      &quot;attributes&quot;: {
        &quot;owner&quot;: &quot;DFA&quot;,
        &quot;stage&quot;: &quot;Completed&quot;,
        &quot;ea1&quot;: &quot;W50P09&quot;,
        &quot;ea2&quot;: &quot;Western Region&quot;
      }
    },
    {
      &quot;attributes&quot;: {
        &quot;owner&quot;: &quot;DFA&quot;,
        &quot;stage&quot;: &quot;Completed&quot;,
        &quot;ea1&quot;: &quot;W50P09&quot;,
        &quot;ea2&quot;: &quot;Western Region&quot;
      }
    },
    {
      &quot;attributes&quot;: {
        &quot;owner&quot;: &quot;DFA&quot;,
        &quot;stage&quot;: &quot;Completed&quot;,
        &quot;ea1&quot;: &quot;W50P09&quot;,
        &quot;ea2&quot;: &quot;Western Region&quot;
      }
    },
    {
      &quot;attributes&quot;: {
        &quot;owner&quot;: &quot;DFA&quot;,
        &quot;stage&quot;: &quot;Completed&quot;,
        &quot;ea1&quot;: &quot;W50P09&quot;,
        &quot;ea2&quot;: &quot;Western Region&quot;
      }
    },
    {
      &quot;attributes&quot;: {
        &quot;owner&quot;: &quot;DFA&quot;,
        &quot;stage&quot;: &quot;Completed&quot;,
        &quot;ea1&quot;: &quot;W50P09&quot;,
        &quot;ea2&quot;: &quot;Western Region&quot;
      }
    },
    {
      &quot;attributes&quot;: {
        &quot;owner&quot;: &quot;DFA&quot;,
        &quot;stage&quot;: &quot;Completed&quot;,
        &quot;ea1&quot;: &quot;W50P09&quot;,
        &quot;ea2&quot;: &quot;Western Region&quot;
      }
    },
    {
      &quot;attributes&quot;: {
        &quot;owner&quot;: &quot;DFA&quot;,
        &quot;stage&quot;: &quot;Completed&quot;,
        &quot;ea1&quot;: &quot;W50P09&quot;,
        &quot;ea2&quot;: &quot;Western Region&quot;
      }
    },
    {
      &quot;attributes&quot;: {
        &quot;owner&quot;: &quot;DFA&quot;,
        &quot;stage&quot;: &quot;Completed&quot;,
        &quot;ea1&quot;: &quot;W50P09&quot;,
        &quot;ea2&quot;: &quot;Western Region&quot;
      }
    },
    {
      &quot;attributes&quot;: {
        &quot;owner&quot;: &quot;DFA&quot;,
        &quot;stage&quot;: &quot;Completed&quot;,
        &quot;ea1&quot;: &quot;W50P09&quot;,
        &quot;ea2&quot;: &quot;Western Region&quot;
      }
    },
    {
      &quot;attributes&quot;: {
        &quot;owner&quot;: &quot;DFA&quot;,
        &quot;stage&quot;: &quot;Completed&quot;,
        &quot;ea1&quot;: &quot;W50P09&quot;,
        &quot;ea2&quot;: &quot;Western Region&quot;
      }
    },
    {
      &quot;attributes&quot;: {
        &quot;owner&quot;: &quot;DFA&quot;,
        &quot;stage&quot;: &quot;Construction&quot;,
        &quot;ea1&quot;: &quot;G50P49&quot;,
        &quot;ea2&quot;: &quot;Gauteng South&quot;
      }
    },
    {
      &quot;attributes&quot;: {
        &quot;owner&quot;: &quot;DFA&quot;,
        &quot;stage&quot;: &quot;Completed&quot;,
        &quot;ea1&quot;: &quot;G50P53&quot;,
        &quot;ea2&quot;: &quot;Gauteng South&quot;
      }
    },
    {
      &quot;attributes&quot;: {
        &quot;owner&quot;: &quot;DFA&quot;,
        &quot;stage&quot;: &quot;Completed&quot;,
        &quot;ea1&quot;: &quot;G51P31&quot;,
        &quot;ea2&quot;: &quot;Gauteng South&quot;
      }
    },
    {
      &quot;attributes&quot;: {
        &quot;owner&quot;: &quot;DFA&quot;,
        &quot;stage&quot;: &quot;Completed&quot;,
        &quot;ea1&quot;: &quot;G51P31&quot;,
        &quot;ea2&quot;: &quot;Gauteng South&quot;
      }
    },
    {
      &quot;attributes&quot;: {
        &quot;owner&quot;: &quot;DFA&quot;,
        &quot;stage&quot;: &quot;Completed&quot;,
        &quot;ea1&quot;: &quot;G51P31&quot;,
        &quot;ea2&quot;: &quot;Gauteng South&quot;
      }
    },
    {
      &quot;attributes&quot;: {
        &quot;owner&quot;: &quot;DFA&quot;,
        &quot;stage&quot;: &quot;Completed&quot;,
        &quot;ea1&quot;: &quot;G51P31&quot;,
        &quot;ea2&quot;: &quot;Gauteng South&quot;
      }
    },
    {
      &quot;attributes&quot;: {
        &quot;owner&quot;: &quot;DFA&quot;,
        &quot;stage&quot;: &quot;Completed&quot;,
        &quot;ea1&quot;: &quot;G51P31&quot;,
        &quot;ea2&quot;: &quot;Gauteng South&quot;
      }
    },
    {
      &quot;attributes&quot;: {
        &quot;owner&quot;: &quot;DFA&quot;,
        &quot;stage&quot;: &quot;Completed&quot;,
        &quot;ea1&quot;: &quot;G51P31&quot;,
        &quot;ea2&quot;: &quot;Gauteng South&quot;
      }
    },
    {
      &quot;attributes&quot;: {
        &quot;owner&quot;: &quot;DFA&quot;,
        &quot;stage&quot;: &quot;Completed&quot;,
        &quot;ea1&quot;: &quot;G51P31&quot;,
        &quot;ea2&quot;: &quot;Gauteng South&quot;
      }
    },
    {
      &quot;attributes&quot;: {
        &quot;owner&quot;: &quot;DFA&quot;,
        &quot;stage&quot;: &quot;Construction&quot;,
        &quot;ea1&quot;: &quot;K50P10&quot;,
        &quot;ea2&quot;: &quot;Kwa-Zulu Natal&quot;
      }
    },
    {
      &quot;attributes&quot;: {
        &quot;owner&quot;: &quot;DFA&quot;,
        &quot;stage&quot;: &quot;Completed&quot;,
        &quot;ea1&quot;: &quot;W01P08&quot;,
        &quot;ea2&quot;: &quot;Western Region&quot;
      }
    },
    {
      &quot;attributes&quot;: {
        &quot;owner&quot;: &quot;DFA&quot;,
        &quot;stage&quot;: &quot;Construction&quot;,
        &quot;ea1&quot;: &quot;none&quot;,
        &quot;ea2&quot;: &quot;None&quot;
      }
    },
    {
      &quot;attributes&quot;: {
        &quot;owner&quot;: &quot;DFA&quot;,
        &quot;stage&quot;: &quot;Completed&quot;,
        &quot;ea1&quot;: &quot;W01P08&quot;,
        &quot;ea2&quot;: &quot;Western Region&quot;
      }
    },
    {
      &quot;attributes&quot;: {
        &quot;owner&quot;: &quot;DFA&quot;,
        &quot;stage&quot;: &quot;Completed&quot;,
        &quot;ea1&quot;: &quot;K50P10&quot;,
        &quot;ea2&quot;: &quot;Kwa-Zulu Natal&quot;
      }
    },
    {
      &quot;attributes&quot;: {
        &quot;owner&quot;: &quot;DFA&quot;,
        &quot;stage&quot;: &quot;Completed&quot;,
        &quot;ea1&quot;: &quot;K50P10&quot;,
        &quot;ea2&quot;: &quot;Kwa-Zulu Natal&quot;
      }
    },
    {
      &quot;attributes&quot;: {
        &quot;owner&quot;: &quot;DFA&quot;,
        &quot;stage&quot;: &quot;Completed&quot;,
        &quot;ea1&quot;: &quot;K50P10&quot;,
        &quot;ea2&quot;: &quot;Kwa-Zulu Natal&quot;
      }
    },
    {
      &quot;attributes&quot;: {
        &quot;owner&quot;: &quot;DFA&quot;,
        &quot;stage&quot;: &quot;Completed&quot;,
        &quot;ea1&quot;: &quot;K50P10&quot;,
        &quot;ea2&quot;: &quot;Kwa-Zulu Natal&quot;
      }
    },
    {
      &quot;attributes&quot;: {
        &quot;owner&quot;: &quot;DFA&quot;,
        &quot;stage&quot;: &quot;Completed&quot;,
        &quot;ea1&quot;: &quot;K50P10&quot;,
        &quot;ea2&quot;: &quot;Kwa-Zulu Natal&quot;
      }
    },
    {
      &quot;attributes&quot;: {
        &quot;owner&quot;: &quot;DFA&quot;,
        &quot;stage&quot;: &quot;Completed&quot;,
        &quot;ea1&quot;: &quot;K50P10&quot;,
        &quot;ea2&quot;: &quot;Kwa-Zulu Natal&quot;
      }
    },
    {
      &quot;attributes&quot;: {
        &quot;owner&quot;: &quot;DFA&quot;,
        &quot;stage&quot;: &quot;Completed&quot;,
        &quot;ea1&quot;: &quot;K50P10&quot;,
        &quot;ea2&quot;: &quot;Kwa-Zulu Natal&quot;
      }
    },
    {
      &quot;attributes&quot;: {
        &quot;owner&quot;: &quot;DFA&quot;,
        &quot;stage&quot;: &quot;Completed&quot;,
        &quot;ea1&quot;: &quot;K50P10&quot;,
        &quot;ea2&quot;: &quot;Kwa-Zulu Natal&quot;
      }
    },
    {
      &quot;attributes&quot;: {
        &quot;owner&quot;: &quot;DFA&quot;,
        &quot;stage&quot;: &quot;Completed&quot;,
        &quot;ea1&quot;: &quot;K50P10&quot;,
        &quot;ea2&quot;: &quot;Kwa-Zulu Natal&quot;
      }
    },
    {
      &quot;attributes&quot;: {
        &quot;owner&quot;: &quot;DFA&quot;,
        &quot;stage&quot;: &quot;Completed&quot;,
        &quot;ea1&quot;: &quot;K50P10&quot;,
        &quot;ea2&quot;: &quot;Kwa-Zulu Natal&quot;
      }
    },
    {
      &quot;attributes&quot;: {
        &quot;owner&quot;: &quot;DFA&quot;,
        &quot;stage&quot;: &quot;Completed&quot;,
        &quot;ea1&quot;: &quot;K50P10&quot;,
        &quot;ea2&quot;: &quot;Kwa-Zulu Natal&quot;
      }
    },
    {
      &quot;attributes&quot;: {
        &quot;owner&quot;: &quot;DFA&quot;,
        &quot;stage&quot;: &quot;Construction&quot;,
        &quot;ea1&quot;: &quot;K50P11&quot;,
        &quot;ea2&quot;: &quot;Kwa-Zulu Natal&quot;
      }
    },
    {
      &quot;attributes&quot;: {
        &quot;owner&quot;: &quot;DFA&quot;,
        &quot;stage&quot;: &quot;Construction&quot;,
        &quot;ea1&quot;: &quot;MS04386KH022621a&quot;,
        &quot;ea2&quot;: &quot;Kwa-Zulu Natal&quot;
      }
    },
    {
      &quot;attributes&quot;: {
        &quot;owner&quot;: &quot;DFA&quot;,
        &quot;stage&quot;: &quot;Completed&quot;,
        &quot;ea1&quot;: &quot;W20P40&quot;,
        &quot;ea2&quot;: &quot;Western Region&quot;
      }
    },
    {
      &quot;attributes&quot;: {
        &quot;owner&quot;: &quot;DFA&quot;,
        &quot;stage&quot;: &quot;Completed&quot;,
        &quot;ea1&quot;: &quot;W20P40&quot;,
        &quot;ea2&quot;: &quot;Western Region&quot;
      }
    },
    {
      &quot;attributes&quot;: {
        &quot;owner&quot;: &quot;DFA&quot;,
        &quot;stage&quot;: &quot;Completed&quot;,
        &quot;ea1&quot;: &quot;W20P40&quot;,
        &quot;ea2&quot;: &quot;Western Region&quot;
      }
    },
    {
      &quot;attributes&quot;: {
        &quot;owner&quot;: &quot;DFA&quot;,
        &quot;stage&quot;: &quot;Completed&quot;,
        &quot;ea1&quot;: &quot;W20P40&quot;,
        &quot;ea2&quot;: &quot;Western Region&quot;
      }
    },
    {
      &quot;attributes&quot;: {
        &quot;owner&quot;: &quot;DFA&quot;,
        &quot;stage&quot;: &quot;Completed&quot;,
        &quot;ea1&quot;: &quot;W20P40&quot;,
        &quot;ea2&quot;: &quot;Western Region&quot;
      }
    },
    {
      &quot;attributes&quot;: {
        &quot;owner&quot;: &quot;DFA&quot;,
        &quot;stage&quot;: &quot;Completed&quot;,
        &quot;ea1&quot;: &quot;W20P40&quot;,
        &quot;ea2&quot;: &quot;Western Region&quot;
      }
    },
    {
      &quot;attributes&quot;: {
        &quot;owner&quot;: &quot;DFA&quot;,
        &quot;stage&quot;: &quot;Completed&quot;,
        &quot;ea1&quot;: &quot;W20P40&quot;,
        &quot;ea2&quot;: &quot;Western Region&quot;
      }
    },
    {
      &quot;attributes&quot;: {
        &quot;owner&quot;: &quot;DFA&quot;,
        &quot;stage&quot;: &quot;Completed&quot;,
        &quot;ea1&quot;: &quot;K50P10&quot;,
        &quot;ea2&quot;: &quot;Kwa-Zulu Natal&quot;
      }
    },
    {
      &quot;attributes&quot;: {
        &quot;owner&quot;: &quot;DFA&quot;,
        &quot;stage&quot;: &quot;Completed&quot;,
        &quot;ea1&quot;: &quot;K50P10&quot;,
        &quot;ea2&quot;: &quot;Kwa-Zulu Natal&quot;
      }
    },
    {
      &quot;attributes&quot;: {
        &quot;owner&quot;: &quot;DFA&quot;,
        &quot;stage&quot;: &quot;Completed&quot;,
        &quot;ea1&quot;: &quot;K50P10&quot;,
        &quot;ea2&quot;: &quot;Kwa-Zulu Natal&quot;
      }
    },
    {
      &quot;attributes&quot;: {
        &quot;owner&quot;: &quot;DFA&quot;,
        &quot;stage&quot;: &quot;Completed&quot;,
        &quot;ea1&quot;: &quot;K50P10&quot;,
        &quot;ea2&quot;: &quot;Kwa-Zulu Natal&quot;
      }
    },
    {
      &quot;attributes&quot;: {
        &quot;owner&quot;: &quot;DFA&quot;,
        &quot;stage&quot;: &quot;Completed&quot;,
        &quot;ea1&quot;: &quot;K50P10&quot;,
        &quot;ea2&quot;: &quot;Kwa-Zulu Natal&quot;
      }
    },
    {
      &quot;attributes&quot;: {
        &quot;owner&quot;: &quot;DFA&quot;,
        &quot;stage&quot;: &quot;Completed&quot;,
        &quot;ea1&quot;: &quot;K50P10&quot;,
        &quot;ea2&quot;: &quot;Kwa-Zulu Natal&quot;
      }
    },
    {
      &quot;attributes&quot;: {
        &quot;owner&quot;: &quot;DFA&quot;,
        &quot;stage&quot;: &quot;Completed&quot;,
        &quot;ea1&quot;: &quot;K50P10&quot;,
        &quot;ea2&quot;: &quot;Kwa-Zulu Natal&quot;
      }
    },
    {
      &quot;attributes&quot;: {
        &quot;owner&quot;: &quot;DFA&quot;,
        &quot;stage&quot;: &quot;Completed&quot;,
        &quot;ea1&quot;: &quot;K50P10&quot;,
        &quot;ea2&quot;: &quot;Kwa-Zulu Natal&quot;
      }
    },
    {
      &quot;attributes&quot;: {
        &quot;owner&quot;: &quot;DFA&quot;,
        &quot;stage&quot;: &quot;Completed&quot;,
        &quot;ea1&quot;: &quot;K50P10&quot;,
        &quot;ea2&quot;: &quot;Kwa-Zulu Natal&quot;
      }
    },
    {
      &quot;attributes&quot;: {
        &quot;owner&quot;: &quot;DFA&quot;,
        &quot;stage&quot;: &quot;Completed&quot;,
        &quot;ea1&quot;: &quot;K50P10&quot;,
        &quot;ea2&quot;: &quot;Kwa-Zulu Natal&quot;
      }
    },
    {
      &quot;attributes&quot;: {
        &quot;owner&quot;: &quot;DFA&quot;,
        &quot;stage&quot;: &quot;Construction&quot;,
        &quot;ea1&quot;: &quot;none&quot;,
        &quot;ea2&quot;: &quot;Northern Region&quot;
      }
    },
    {
      &quot;attributes&quot;: {
        &quot;owner&quot;: &quot;DFA&quot;,
        &quot;stage&quot;: &quot;Completed&quot;,
        &quot;ea1&quot;: &quot;W50P25&quot;,
        &quot;ea2&quot;: &quot;Western Region&quot;
      }
    },
    {
      &quot;attributes&quot;: {
        &quot;owner&quot;: &quot;DFA&quot;,
        &quot;stage&quot;: &quot;Completed&quot;,
        &quot;ea1&quot;: &quot;K50P10&quot;,
        &quot;ea2&quot;: &quot;Kwa-Zulu Natal&quot;
      }
    },
    {
      &quot;attributes&quot;: {
        &quot;owner&quot;: &quot;DFA&quot;,
        &quot;stage&quot;: &quot;Completed&quot;,
        &quot;ea1&quot;: &quot;K50P10&quot;,
        &quot;ea2&quot;: &quot;Kwa-Zulu Natal&quot;
      }
    },
    {
      &quot;attributes&quot;: {
        &quot;owner&quot;: &quot;DFA&quot;,
        &quot;stage&quot;: &quot;Completed&quot;,
        &quot;ea1&quot;: &quot;W50P25&quot;,
        &quot;ea2&quot;: &quot;Western Region&quot;
      }
    },
    {
      &quot;attributes&quot;: {
        &quot;owner&quot;: &quot;DFA&quot;,
        &quot;stage&quot;: &quot;Construction&quot;,
        &quot;ea1&quot;: &quot;none&quot;,
        &quot;ea2&quot;: &quot;Northern Region&quot;
      }
    },
    {
      &quot;attributes&quot;: {
        &quot;owner&quot;: &quot;DFA&quot;,
        &quot;stage&quot;: &quot;Construction&quot;,
        &quot;ea1&quot;: &quot;none&quot;,
        &quot;ea2&quot;: &quot;None&quot;
      }
    },
    {
      &quot;attributes&quot;: {
        &quot;owner&quot;: &quot;DFA&quot;,
        &quot;stage&quot;: &quot;Completed&quot;,
        &quot;ea1&quot;: &quot;AS17677LH000233&quot;,
        &quot;ea2&quot;: &quot;Northern Region&quot;
      }
    },
    {
      &quot;attributes&quot;: {
        &quot;owner&quot;: &quot;DFA&quot;,
        &quot;stage&quot;: &quot;Completed&quot;,
        &quot;ea1&quot;: &quot;K50P10&quot;,
        &quot;ea2&quot;: &quot;Kwa-Zulu Natal&quot;
      }
    },
    {
      &quot;attributes&quot;: {
        &quot;owner&quot;: &quot;DFA&quot;,
        &quot;stage&quot;: &quot;Completed&quot;,
        &quot;ea1&quot;: &quot;K50P10&quot;,
        &quot;ea2&quot;: &quot;Kwa-Zulu Natal&quot;
      }
    },
    {
      &quot;attributes&quot;: {
        &quot;owner&quot;: &quot;DFA&quot;,
        &quot;stage&quot;: &quot;Completed&quot;,
        &quot;ea1&quot;: &quot;K50P10&quot;,
        &quot;ea2&quot;: &quot;Kwa-Zulu Natal&quot;
      }
    },
    {
      &quot;attributes&quot;: {
        &quot;owner&quot;: &quot;DFA&quot;,
        &quot;stage&quot;: &quot;Completed&quot;,
        &quot;ea1&quot;: &quot;K50P10&quot;,
        &quot;ea2&quot;: &quot;Kwa-Zulu Natal&quot;
      }
    },
    {
      &quot;attributes&quot;: {
        &quot;owner&quot;: &quot;DFA&quot;,
        &quot;stage&quot;: &quot;Completed&quot;,
        &quot;ea1&quot;: &quot;K50P10&quot;,
        &quot;ea2&quot;: &quot;Kwa-Zulu Natal&quot;
      }
    },
    {
      &quot;attributes&quot;: {
        &quot;owner&quot;: &quot;DFA&quot;,
        &quot;stage&quot;: &quot;Completed&quot;,
        &quot;ea1&quot;: &quot;K50P10&quot;,
        &quot;ea2&quot;: &quot;Kwa-Zulu Natal&quot;
      }
    },
    {
      &quot;attributes&quot;: {
        &quot;owner&quot;: &quot;DFA&quot;,
        &quot;stage&quot;: &quot;Completed&quot;,
        &quot;ea1&quot;: &quot;K50P10&quot;,
        &quot;ea2&quot;: &quot;Kwa-Zulu Natal&quot;
      }
    },
    {
      &quot;attributes&quot;: {
        &quot;owner&quot;: &quot;DFA&quot;,
        &quot;stage&quot;: &quot;Completed&quot;,
        &quot;ea1&quot;: &quot;K50P10&quot;,
        &quot;ea2&quot;: &quot;Kwa-Zulu Natal&quot;
      }
    },
    {
      &quot;attributes&quot;: {
        &quot;owner&quot;: &quot;DFA&quot;,
        &quot;stage&quot;: &quot;Completed&quot;,
        &quot;ea1&quot;: &quot;K50P10&quot;,
        &quot;ea2&quot;: &quot;Kwa-Zulu Natal&quot;
      }
    },
    {
      &quot;attributes&quot;: {
        &quot;owner&quot;: &quot;DFA&quot;,
        &quot;stage&quot;: &quot;Completed&quot;,
        &quot;ea1&quot;: &quot;K50P10&quot;,
        &quot;ea2&quot;: &quot;Kwa-Zulu Natal&quot;
      }
    },
    {
      &quot;attributes&quot;: {
        &quot;owner&quot;: &quot;DFA&quot;,
        &quot;stage&quot;: &quot;Completed&quot;,
        &quot;ea1&quot;: &quot;K50P10&quot;,
        &quot;ea2&quot;: &quot;Kwa-Zulu Natal&quot;
      }
    },
    {
      &quot;attributes&quot;: {
        &quot;owner&quot;: &quot;DFA&quot;,
        &quot;stage&quot;: &quot;Completed&quot;,
        &quot;ea1&quot;: &quot;K50P10&quot;,
        &quot;ea2&quot;: &quot;Kwa-Zulu Natal&quot;
      }
    },
    {
      &quot;attributes&quot;: {
        &quot;owner&quot;: &quot;DFA&quot;,
        &quot;stage&quot;: &quot;Completed&quot;,
        &quot;ea1&quot;: &quot;K50P10&quot;,
        &quot;ea2&quot;: &quot;Kwa-Zulu Natal&quot;
      }
    },
    {
      &quot;attributes&quot;: {
        &quot;owner&quot;: &quot;DFA&quot;,
        &quot;stage&quot;: &quot;Completed&quot;,
        &quot;ea1&quot;: &quot;K50P10&quot;,
        &quot;ea2&quot;: &quot;Kwa-Zulu Natal&quot;
      }
    },
    {
      &quot;attributes&quot;: {
        &quot;owner&quot;: &quot;DFA&quot;,
        &quot;stage&quot;: &quot;Completed&quot;,
        &quot;ea1&quot;: &quot;K50P10&quot;,
        &quot;ea2&quot;: &quot;Kwa-Zulu Natal&quot;
      }
    },
    {
      &quot;attributes&quot;: {
        &quot;owner&quot;: &quot;DFA&quot;,
        &quot;stage&quot;: &quot;Completed&quot;,
        &quot;ea1&quot;: &quot;K50P10&quot;,
        &quot;ea2&quot;: &quot;Kwa-Zulu Natal&quot;
      }
    },
    {
      &quot;attributes&quot;: {
        &quot;owner&quot;: &quot;DFA&quot;,
        &quot;stage&quot;: &quot;Completed&quot;,
        &quot;ea1&quot;: &quot;K50P10&quot;,
        &quot;ea2&quot;: &quot;Kwa-Zulu Natal&quot;
      }
    },
    {
      &quot;attributes&quot;: {
        &quot;owner&quot;: &quot;DFA&quot;,
        &quot;stage&quot;: &quot;Completed&quot;,
        &quot;ea1&quot;: &quot;K50P10&quot;,
        &quot;ea2&quot;: &quot;Kwa-Zulu Natal&quot;
      }
    },
    {
      &quot;attributes&quot;: {
        &quot;owner&quot;: &quot;DFA&quot;,
        &quot;stage&quot;: &quot;Completed&quot;,
        &quot;ea1&quot;: &quot;K50P10&quot;,
        &quot;ea2&quot;: &quot;Kwa-Zulu Natal&quot;
      }
    },
    {
      &quot;attributes&quot;: {
        &quot;owner&quot;: &quot;DFA&quot;,
        &quot;stage&quot;: &quot;Completed&quot;,
        &quot;ea1&quot;: &quot;K50P10&quot;,
        &quot;ea2&quot;: &quot;Kwa-Zulu Natal&quot;
      }
    },
    {
      &quot;attributes&quot;: {
        &quot;owner&quot;: &quot;DFA&quot;,
        &quot;stage&quot;: &quot;Completed&quot;,
        &quot;ea1&quot;: &quot;K50P10&quot;,
        &quot;ea2&quot;: &quot;Kwa-Zulu Natal&quot;
      }
    },
    {
      &quot;attributes&quot;: {
        &quot;owner&quot;: &quot;DFA&quot;,
        &quot;stage&quot;: &quot;Completed&quot;,
        &quot;ea1&quot;: &quot;K50P10&quot;,
        &quot;ea2&quot;: &quot;Kwa-Zulu Natal&quot;
      }
    },
    {
      &quot;attributes&quot;: {
        &quot;owner&quot;: &quot;DFA&quot;,
        &quot;stage&quot;: &quot;Completed&quot;,
        &quot;ea1&quot;: &quot;K50P10&quot;,
        &quot;ea2&quot;: &quot;Kwa-Zulu Natal&quot;
      }
    },
    {
      &quot;attributes&quot;: {
        &quot;owner&quot;: &quot;DFA&quot;,
        &quot;stage&quot;: &quot;Completed&quot;,
        &quot;ea1&quot;: &quot;K50P10&quot;,
        &quot;ea2&quot;: &quot;Kwa-Zulu Natal&quot;
      }
    },
    {
      &quot;attributes&quot;: {
        &quot;owner&quot;: &quot;DFA&quot;,
        &quot;stage&quot;: &quot;Completed&quot;,
        &quot;ea1&quot;: &quot;K50P10&quot;,
        &quot;ea2&quot;: &quot;Kwa-Zulu Natal&quot;
      }
    },
    {
      &quot;attributes&quot;: {
        &quot;owner&quot;: &quot;DFA&quot;,
        &quot;stage&quot;: &quot;Completed&quot;,
        &quot;ea1&quot;: &quot;K50P10&quot;,
        &quot;ea2&quot;: &quot;Kwa-Zulu Natal&quot;
      }
    },
    {
      &quot;attributes&quot;: {
        &quot;owner&quot;: &quot;DFA&quot;,
        &quot;stage&quot;: &quot;Completed&quot;,
        &quot;ea1&quot;: &quot;K50P10&quot;,
        &quot;ea2&quot;: &quot;Kwa-Zulu Natal&quot;
      }
    },
    {
      &quot;attributes&quot;: {
        &quot;owner&quot;: &quot;DFA&quot;,
        &quot;stage&quot;: &quot;Completed&quot;,
        &quot;ea1&quot;: &quot;K50P10&quot;,
        &quot;ea2&quot;: &quot;Kwa-Zulu Natal&quot;
      }
    },
    {
      &quot;attributes&quot;: {
        &quot;owner&quot;: &quot;DFA&quot;,
        &quot;stage&quot;: &quot;Completed&quot;,
        &quot;ea1&quot;: &quot;K50P10&quot;,
        &quot;ea2&quot;: &quot;Kwa-Zulu Natal&quot;
      }
    },
    {
      &quot;attributes&quot;: {
        &quot;owner&quot;: &quot;DFA&quot;,
        &quot;stage&quot;: &quot;Completed&quot;,
        &quot;ea1&quot;: &quot;K50P10&quot;,
        &quot;ea2&quot;: &quot;Kwa-Zulu Natal&quot;
      }
    },
    {
      &quot;attributes&quot;: {
        &quot;owner&quot;: &quot;DFA&quot;,
        &quot;stage&quot;: &quot;Completed&quot;,
        &quot;ea1&quot;: &quot;K50P10&quot;,
        &quot;ea2&quot;: &quot;Kwa-Zulu Natal&quot;
      }
    },
    {
      &quot;attributes&quot;: {
        &quot;owner&quot;: &quot;DFA&quot;,
        &quot;stage&quot;: &quot;Completed&quot;,
        &quot;ea1&quot;: &quot;K50P10&quot;,
        &quot;ea2&quot;: &quot;Kwa-Zulu Natal&quot;
      }
    },
    {
      &quot;attributes&quot;: {
        &quot;owner&quot;: &quot;DFA&quot;,
        &quot;stage&quot;: &quot;Completed&quot;,
        &quot;ea1&quot;: &quot;K50P10&quot;,
        &quot;ea2&quot;: &quot;Kwa-Zulu Natal&quot;
      }
    },
    {
      &quot;attributes&quot;: {
        &quot;owner&quot;: &quot;DFA&quot;,
        &quot;stage&quot;: &quot;Completed&quot;,
        &quot;ea1&quot;: &quot;K50P10&quot;,
        &quot;ea2&quot;: &quot;Kwa-Zulu Natal&quot;
      }
    },
    {
      &quot;attributes&quot;: {
        &quot;owner&quot;: &quot;DFA&quot;,
        &quot;stage&quot;: &quot;Completed&quot;,
        &quot;ea1&quot;: &quot;K50P10&quot;,
        &quot;ea2&quot;: &quot;Kwa-Zulu Natal&quot;
      }
    },
    {
      &quot;attributes&quot;: {
        &quot;owner&quot;: &quot;DFA&quot;,
        &quot;stage&quot;: &quot;Completed&quot;,
        &quot;ea1&quot;: &quot;K50P10&quot;,
        &quot;ea2&quot;: &quot;Kwa-Zulu Natal&quot;
      }
    },
    {
      &quot;attributes&quot;: {
        &quot;owner&quot;: &quot;DFA&quot;,
        &quot;stage&quot;: &quot;Completed&quot;,
        &quot;ea1&quot;: &quot;K50P10&quot;,
        &quot;ea2&quot;: &quot;Kwa-Zulu Natal&quot;
      }
    },
    {
      &quot;attributes&quot;: {
        &quot;owner&quot;: &quot;DFA&quot;,
        &quot;stage&quot;: &quot;Completed&quot;,
        &quot;ea1&quot;: &quot;K50P10&quot;,
        &quot;ea2&quot;: &quot;Kwa-Zulu Natal&quot;
      }
    },
    {
      &quot;attributes&quot;: {
        &quot;owner&quot;: &quot;DFA&quot;,
        &quot;stage&quot;: &quot;Completed&quot;,
        &quot;ea1&quot;: &quot;K50P10&quot;,
        &quot;ea2&quot;: &quot;Kwa-Zulu Natal&quot;
      }
    },
    {
      &quot;attributes&quot;: {
        &quot;owner&quot;: &quot;DFA&quot;,
        &quot;stage&quot;: &quot;Completed&quot;,
        &quot;ea1&quot;: &quot;K50P10&quot;,
        &quot;ea2&quot;: &quot;Kwa-Zulu Natal&quot;
      }
    },
    {
      &quot;attributes&quot;: {
        &quot;owner&quot;: &quot;DFA&quot;,
        &quot;stage&quot;: &quot;Completed&quot;,
        &quot;ea1&quot;: &quot;K50P10&quot;,
        &quot;ea2&quot;: &quot;Kwa-Zulu Natal&quot;
      }
    },
    {
      &quot;attributes&quot;: {
        &quot;owner&quot;: &quot;DFA&quot;,
        &quot;stage&quot;: &quot;Completed&quot;,
        &quot;ea1&quot;: &quot;K50P10&quot;,
        &quot;ea2&quot;: &quot;Kwa-Zulu Natal&quot;
      }
    },
    {
      &quot;attributes&quot;: {
        &quot;owner&quot;: &quot;DFA&quot;,
        &quot;stage&quot;: &quot;Completed&quot;,
        &quot;ea1&quot;: &quot;W50P61&quot;,
        &quot;ea2&quot;: &quot;Western Region&quot;
      }
    },
    {
      &quot;attributes&quot;: {
        &quot;owner&quot;: &quot;DFA&quot;,
        &quot;stage&quot;: &quot;Construction&quot;,
        &quot;ea1&quot;: &quot;none&quot;,
        &quot;ea2&quot;: &quot;None&quot;
      }
    },
    {
      &quot;attributes&quot;: {
        &quot;owner&quot;: &quot;DFA&quot;,
        &quot;stage&quot;: &quot;Completed&quot;,
        &quot;ea1&quot;: &quot;K50P10&quot;,
        &quot;ea2&quot;: &quot;Kwa-Zulu Natal&quot;
      }
    },
    {
      &quot;attributes&quot;: {
        &quot;owner&quot;: &quot;DFA&quot;,
        &quot;stage&quot;: &quot;Completed&quot;,
        &quot;ea1&quot;: &quot;K50P10&quot;,
        &quot;ea2&quot;: &quot;Kwa-Zulu Natal&quot;
      }
    },
    {
      &quot;attributes&quot;: {
        &quot;owner&quot;: &quot;DFA&quot;,
        &quot;stage&quot;: &quot;Completed&quot;,
        &quot;ea1&quot;: &quot;W50P65&quot;,
        &quot;ea2&quot;: &quot;Western Region&quot;
      }
    },
    {
      &quot;attributes&quot;: {
        &quot;owner&quot;: &quot;DFA&quot;,
        &quot;stage&quot;: &quot;Completed&quot;,
        &quot;ea1&quot;: &quot;K50P10&quot;,
        &quot;ea2&quot;: &quot;Kwa-Zulu Natal&quot;
      }
    },
    {
      &quot;attributes&quot;: {
        &quot;owner&quot;: &quot;DFA&quot;,
        &quot;stage&quot;: &quot;Completed&quot;,
        &quot;ea1&quot;: &quot;W50P65&quot;,
        &quot;ea2&quot;: &quot;Western Region&quot;
      }
    },
    {
      &quot;attributes&quot;: {
        &quot;owner&quot;: &quot;DFA&quot;,
        &quot;stage&quot;: &quot;Completed&quot;,
        &quot;ea1&quot;: &quot;K50P10&quot;,
        &quot;ea2&quot;: &quot;Kwa-Zulu Natal&quot;
      }
    },
    {
      &quot;attributes&quot;: {
        &quot;owner&quot;: &quot;DFA&quot;,
        &quot;stage&quot;: &quot;Completed&quot;,
        &quot;ea1&quot;: &quot;W50P65&quot;,
        &quot;ea2&quot;: &quot;Western Region&quot;
      }
    },
    {
      &quot;attributes&quot;: {
        &quot;owner&quot;: &quot;DFA&quot;,
        &quot;stage&quot;: &quot;Completed&quot;,
        &quot;ea1&quot;: &quot;K50P10&quot;,
        &quot;ea2&quot;: &quot;Kwa-Zulu Natal&quot;
      }
    },
    {
      &quot;attributes&quot;: {
        &quot;owner&quot;: &quot;DFA&quot;,
        &quot;stage&quot;: &quot;Completed&quot;,
        &quot;ea1&quot;: &quot;W50P65&quot;,
        &quot;ea2&quot;: &quot;Western Region&quot;
      }
    },
    {
      &quot;attributes&quot;: {
        &quot;owner&quot;: &quot;DFA&quot;,
        &quot;stage&quot;: &quot;Completed&quot;,
        &quot;ea1&quot;: &quot;W50P65&quot;,
        &quot;ea2&quot;: &quot;Western Region&quot;
      }
    },
    {
      &quot;attributes&quot;: {
        &quot;owner&quot;: &quot;DFA&quot;,
        &quot;stage&quot;: &quot;Completed&quot;,
        &quot;ea1&quot;: &quot;W50P65&quot;,
        &quot;ea2&quot;: &quot;Western Region&quot;
      }
    },
    {
      &quot;attributes&quot;: {
        &quot;owner&quot;: &quot;DFA&quot;,
        &quot;stage&quot;: &quot;Completed&quot;,
        &quot;ea1&quot;: &quot;MS03141LH020229&quot;,
        &quot;ea2&quot;: &quot;Northern Region&quot;
      }
    },
    {
      &quot;attributes&quot;: {
        &quot;owner&quot;: &quot;DFA&quot;,
        &quot;stage&quot;: &quot;Completed&quot;,
        &quot;ea1&quot;: &quot;W50P65&quot;,
        &quot;ea2&quot;: &quot;Western Region&quot;
      }
    },
    {
      &quot;attributes&quot;: {
        &quot;owner&quot;: &quot;DFA&quot;,
        &quot;stage&quot;: &quot;Completed&quot;,
        &quot;ea1&quot;: &quot;W50P64&quot;,
        &quot;ea2&quot;: &quot;Western Region&quot;
      }
    },
    {
      &quot;attributes&quot;: {
        &quot;owner&quot;: &quot;DFA&quot;,
        &quot;stage&quot;: &quot;Completed&quot;,
        &quot;ea1&quot;: &quot;none&quot;,
        &quot;ea2&quot;: &quot;Northern Region&quot;
      }
    },
    {
      &quot;attributes&quot;: {
        &quot;owner&quot;: &quot;DFA&quot;,
        &quot;stage&quot;: &quot;Completed&quot;,
        &quot;ea1&quot;: &quot;none&quot;,
        &quot;ea2&quot;: &quot;Northern Region&quot;
      }
    },
    {
      &quot;attributes&quot;: {
        &quot;owner&quot;: &quot;DFA&quot;,
        &quot;stage&quot;: &quot;Completed&quot;,
        &quot;ea1&quot;: &quot;none&quot;,
        &quot;ea2&quot;: &quot;Northern Region&quot;
      }
    },
    {
      &quot;attributes&quot;: {
        &quot;owner&quot;: &quot;DFA&quot;,
        &quot;stage&quot;: &quot;Completed&quot;,
        &quot;ea1&quot;: &quot;none&quot;,
        &quot;ea2&quot;: &quot;Northern Region&quot;
      }
    },
    {
      &quot;attributes&quot;: {
        &quot;owner&quot;: &quot;DFA&quot;,
        &quot;stage&quot;: &quot;Completed&quot;,
        &quot;ea1&quot;: &quot;none&quot;,
        &quot;ea2&quot;: &quot;Northern Region&quot;
      }
    },
    {
      &quot;attributes&quot;: {
        &quot;owner&quot;: &quot;DFA&quot;,
        &quot;stage&quot;: &quot;Completed&quot;,
        &quot;ea1&quot;: &quot;AS04786NB000951&quot;,
        &quot;ea2&quot;: &quot;Northern Region&quot;
      }
    },
    {
      &quot;attributes&quot;: {
        &quot;owner&quot;: &quot;DFA&quot;,
        &quot;stage&quot;: &quot;Completed&quot;,
        &quot;ea1&quot;: &quot;none&quot;,
        &quot;ea2&quot;: &quot;Northern Region&quot;
      }
    },
    {
      &quot;attributes&quot;: {
        &quot;owner&quot;: &quot;DFA&quot;,
        &quot;stage&quot;: &quot;Completed&quot;,
        &quot;ea1&quot;: &quot;none&quot;,
        &quot;ea2&quot;: &quot;Northern Region&quot;
      }
    },
    {
      &quot;attributes&quot;: {
        &quot;owner&quot;: &quot;DFA&quot;,
        &quot;stage&quot;: &quot;Completed&quot;,
        &quot;ea1&quot;: &quot;none&quot;,
        &quot;ea2&quot;: &quot;Northern Region&quot;
      }
    },
    {
      &quot;attributes&quot;: {
        &quot;owner&quot;: &quot;DFA&quot;,
        &quot;stage&quot;: &quot;Completed&quot;,
        &quot;ea1&quot;: &quot;none&quot;,
        &quot;ea2&quot;: &quot;Northern Region&quot;
      }
    },
    {
      &quot;attributes&quot;: {
        &quot;owner&quot;: &quot;DFA&quot;,
        &quot;stage&quot;: &quot;Completed&quot;,
        &quot;ea1&quot;: &quot;none&quot;,
        &quot;ea2&quot;: &quot;Northern Region&quot;
      }
    },
    {
      &quot;attributes&quot;: {
        &quot;owner&quot;: &quot;DFA&quot;,
        &quot;stage&quot;: &quot;Completed&quot;,
        &quot;ea1&quot;: &quot;none&quot;,
        &quot;ea2&quot;: &quot;Northern Region&quot;
      }
    },
    {
      &quot;attributes&quot;: {
        &quot;owner&quot;: &quot;DFA&quot;,
        &quot;stage&quot;: &quot;Completed&quot;,
        &quot;ea1&quot;: &quot;none&quot;,
        &quot;ea2&quot;: &quot;Northern Region&quot;
      }
    },
    {
      &quot;attributes&quot;: {
        &quot;owner&quot;: &quot;DFA&quot;,
        &quot;stage&quot;: &quot;Completed&quot;,
        &quot;ea1&quot;: &quot;none&quot;,
        &quot;ea2&quot;: &quot;Northern Region&quot;
      }
    },
    {
      &quot;attributes&quot;: {
        &quot;owner&quot;: &quot;DFA&quot;,
        &quot;stage&quot;: &quot;Completed&quot;,
        &quot;ea1&quot;: &quot;none&quot;,
        &quot;ea2&quot;: &quot;Northern Region&quot;
      }
    },
    {
      &quot;attributes&quot;: {
        &quot;owner&quot;: &quot;DFA&quot;,
        &quot;stage&quot;: &quot;Completed&quot;,
        &quot;ea1&quot;: &quot;none&quot;,
        &quot;ea2&quot;: &quot;Northern Region&quot;
      }
    },
    {
      &quot;attributes&quot;: {
        &quot;owner&quot;: &quot;DFA&quot;,
        &quot;stage&quot;: &quot;Completed&quot;,
        &quot;ea1&quot;: &quot;none&quot;,
        &quot;ea2&quot;: &quot;Northern Region&quot;
      }
    },
    {
      &quot;attributes&quot;: {
        &quot;owner&quot;: &quot;DFA&quot;,
        &quot;stage&quot;: &quot;Completed&quot;,
        &quot;ea1&quot;: &quot;none&quot;,
        &quot;ea2&quot;: &quot;Northern Region&quot;
      }
    },
    {
      &quot;attributes&quot;: {
        &quot;owner&quot;: &quot;DFA&quot;,
        &quot;stage&quot;: &quot;Completed&quot;,
        &quot;ea1&quot;: &quot;G01P13&quot;,
        &quot;ea2&quot;: &quot;Northern Region&quot;
      }
    },
    {
      &quot;attributes&quot;: {
        &quot;owner&quot;: &quot;DFA&quot;,
        &quot;stage&quot;: &quot;Completed&quot;,
        &quot;ea1&quot;: &quot;none&quot;,
        &quot;ea2&quot;: &quot;Northern Region&quot;
      }
    },
    {
      &quot;attributes&quot;: {
        &quot;owner&quot;: &quot;DFA&quot;,
        &quot;stage&quot;: &quot;Completed&quot;,
        &quot;ea1&quot;: &quot;K50P43&quot;,
        &quot;ea2&quot;: &quot;Kwa-Zulu Natal&quot;
      }
    },
    {
      &quot;attributes&quot;: {
        &quot;owner&quot;: &quot;DFA&quot;,
        &quot;stage&quot;: &quot;Completed&quot;,
        &quot;ea1&quot;: &quot;none&quot;,
        &quot;ea2&quot;: &quot;None&quot;
      }
    },
    {
      &quot;attributes&quot;: {
        &quot;owner&quot;: &quot;DFA&quot;,
        &quot;stage&quot;: &quot;Completed&quot;,
        &quot;ea1&quot;: &quot;K50P43&quot;,
        &quot;ea2&quot;: &quot;Kwa-Zulu Natal&quot;
      }
    },
    {
      &quot;attributes&quot;: {
        &quot;owner&quot;: &quot;DFA&quot;,
        &quot;stage&quot;: &quot;Completed&quot;,
        &quot;ea1&quot;: &quot;K50P43&quot;,
        &quot;ea2&quot;: &quot;Kwa-Zulu Natal&quot;
      }
    },
    {
      &quot;attributes&quot;: {
        &quot;owner&quot;: &quot;DFA&quot;,
        &quot;stage&quot;: &quot;Completed&quot;,
        &quot;ea1&quot;: &quot;K50P43&quot;,
        &quot;ea2&quot;: &quot;Kwa-Zulu Natal&quot;
      }
    },
    {
      &quot;attributes&quot;: {
        &quot;owner&quot;: &quot;DFA&quot;,
        &quot;stage&quot;: &quot;Completed&quot;,
        &quot;ea1&quot;: &quot;K50P43&quot;,
        &quot;ea2&quot;: &quot;Kwa-Zulu Natal&quot;
      }
    },
    {
      &quot;attributes&quot;: {
        &quot;owner&quot;: &quot;DFA&quot;,
        &quot;stage&quot;: &quot;Completed&quot;,
        &quot;ea1&quot;: &quot;K50P43&quot;,
        &quot;ea2&quot;: &quot;Kwa-Zulu Natal&quot;
      }
    },
    {
      &quot;attributes&quot;: {
        &quot;owner&quot;: &quot;DFA&quot;,
        &quot;stage&quot;: &quot;Completed&quot;,
        &quot;ea1&quot;: &quot;K50P43&quot;,
        &quot;ea2&quot;: &quot;Kwa-Zulu Natal&quot;
      }
    },
    {
      &quot;attributes&quot;: {
        &quot;owner&quot;: &quot;DFA&quot;,
        &quot;stage&quot;: &quot;Completed&quot;,
        &quot;ea1&quot;: &quot;K50P43&quot;,
        &quot;ea2&quot;: &quot;Kwa-Zulu Natal&quot;
      }
    },
    {
      &quot;attributes&quot;: {
        &quot;owner&quot;: &quot;DFA&quot;,
        &quot;stage&quot;: &quot;Completed&quot;,
        &quot;ea1&quot;: &quot;K50P43&quot;,
        &quot;ea2&quot;: &quot;Kwa-Zulu Natal&quot;
      }
    },
    {
      &quot;attributes&quot;: {
        &quot;owner&quot;: &quot;DFA&quot;,
        &quot;stage&quot;: &quot;Completed&quot;,
        &quot;ea1&quot;: &quot;K50P43&quot;,
        &quot;ea2&quot;: &quot;Kwa-Zulu Natal&quot;
      }
    },
    {
      &quot;attributes&quot;: {
        &quot;owner&quot;: &quot;DFA&quot;,
        &quot;stage&quot;: &quot;Completed&quot;,
        &quot;ea1&quot;: &quot;K50P43&quot;,
        &quot;ea2&quot;: &quot;Kwa-Zulu Natal&quot;
      }
    },
    {
      &quot;attributes&quot;: {
        &quot;owner&quot;: &quot;DFA&quot;,
        &quot;stage&quot;: &quot;Completed&quot;,
        &quot;ea1&quot;: &quot;K50P43&quot;,
        &quot;ea2&quot;: &quot;Kwa-Zulu Natal&quot;
      }
    },
    {
      &quot;attributes&quot;: {
        &quot;owner&quot;: &quot;DFA&quot;,
        &quot;stage&quot;: &quot;Completed&quot;,
        &quot;ea1&quot;: &quot;K50P43&quot;,
        &quot;ea2&quot;: &quot;Kwa-Zulu Natal&quot;
      }
    },
    {
      &quot;attributes&quot;: {
        &quot;owner&quot;: &quot;DFA&quot;,
        &quot;stage&quot;: &quot;Completed&quot;,
        &quot;ea1&quot;: &quot;K50P43&quot;,
        &quot;ea2&quot;: &quot;Kwa-Zulu Natal&quot;
      }
    },
    {
      &quot;attributes&quot;: {
        &quot;owner&quot;: &quot;DFA&quot;,
        &quot;stage&quot;: &quot;Completed&quot;,
        &quot;ea1&quot;: &quot;K50P43&quot;,
        &quot;ea2&quot;: &quot;Kwa-Zulu Natal&quot;
      }
    },
    {
      &quot;attributes&quot;: {
        &quot;owner&quot;: &quot;DFA&quot;,
        &quot;stage&quot;: &quot;Completed&quot;,
        &quot;ea1&quot;: &quot;G50P65&quot;,
        &quot;ea2&quot;: &quot;Gauteng South&quot;
      }
    },
    {
      &quot;attributes&quot;: {
        &quot;owner&quot;: &quot;DFA&quot;,
        &quot;stage&quot;: &quot;Completed&quot;,
        &quot;ea1&quot;: &quot;none&quot;,
        &quot;ea2&quot;: &quot;Northern Region&quot;
      }
    },
    {
      &quot;attributes&quot;: {
        &quot;owner&quot;: &quot;DFA&quot;,
        &quot;stage&quot;: &quot;Completed&quot;,
        &quot;ea1&quot;: &quot;W51P02&quot;,
        &quot;ea2&quot;: &quot;Western Region&quot;
      }
    },
    {
      &quot;attributes&quot;: {
        &quot;owner&quot;: &quot;DFA&quot;,
        &quot;stage&quot;: &quot;Completed&quot;,
        &quot;ea1&quot;: &quot;W51P02&quot;,
        &quot;ea2&quot;: &quot;Western Region&quot;
      }
    },
    {
      &quot;attributes&quot;: {
        &quot;owner&quot;: &quot;DFA&quot;,
        &quot;stage&quot;: &quot;Completed&quot;,
        &quot;ea1&quot;: &quot;W51P02&quot;,
        &quot;ea2&quot;: &quot;Western Region&quot;
      }
    },
    {
      &quot;attributes&quot;: {
        &quot;owner&quot;: &quot;DFA&quot;,
        &quot;stage&quot;: &quot;Completed&quot;,
        &quot;ea1&quot;: &quot;W51P02&quot;,
        &quot;ea2&quot;: &quot;Western Region&quot;
      }
    },
    {
      &quot;attributes&quot;: {
        &quot;owner&quot;: &quot;DFA&quot;,
        &quot;stage&quot;: &quot;Completed&quot;,
        &quot;ea1&quot;: &quot;W51P02&quot;,
        &quot;ea2&quot;: &quot;Western Region&quot;
      }
    },
    {
      &quot;attributes&quot;: {
        &quot;owner&quot;: &quot;DFA&quot;,
        &quot;stage&quot;: &quot;Completed&quot;,
        &quot;ea1&quot;: &quot;W51P02&quot;,
        &quot;ea2&quot;: &quot;Western Region&quot;
      }
    },
    {
      &quot;attributes&quot;: {
        &quot;owner&quot;: &quot;DFA&quot;,
        &quot;stage&quot;: &quot;Completed&quot;,
        &quot;ea1&quot;: &quot;none&quot;,
        &quot;ea2&quot;: &quot;None&quot;
      }
    },
    {
      &quot;attributes&quot;: {
        &quot;owner&quot;: &quot;DFA&quot;,
        &quot;stage&quot;: &quot;Construction&quot;,
        &quot;ea1&quot;: &quot;none&quot;,
        &quot;ea2&quot;: &quot;None&quot;
      }
    },
    {
      &quot;attributes&quot;: {
        &quot;owner&quot;: &quot;DFA&quot;,
        &quot;stage&quot;: &quot;Completed&quot;,
        &quot;ea1&quot;: &quot;none&quot;,
        &quot;ea2&quot;: &quot;Northern Region&quot;
      }
    },
    {
      &quot;attributes&quot;: {
        &quot;owner&quot;: &quot;DFA&quot;,
        &quot;stage&quot;: &quot;Construction&quot;,
        &quot;ea1&quot;: &quot;none&quot;,
        &quot;ea2&quot;: &quot;None&quot;
      }
    },
    {
      &quot;attributes&quot;: {
        &quot;owner&quot;: &quot;DFA&quot;,
        &quot;stage&quot;: &quot;Completed&quot;,
        &quot;ea1&quot;: &quot;W01P08&quot;,
        &quot;ea2&quot;: &quot;Western Region&quot;
      }
    },
    {
      &quot;attributes&quot;: {
        &quot;owner&quot;: &quot;DFA&quot;,
        &quot;stage&quot;: &quot;Completed&quot;,
        &quot;ea1&quot;: &quot;W01P08&quot;,
        &quot;ea2&quot;: &quot;Western Region&quot;
      }
    },
    {
      &quot;attributes&quot;: {
        &quot;owner&quot;: &quot;DFA&quot;,
        &quot;stage&quot;: &quot;Completed&quot;,
        &quot;ea1&quot;: &quot; VS01138GH000153&quot;,
        &quot;ea2&quot;: &quot;Northern Region&quot;
      }
    },
    {
      &quot;attributes&quot;: {
        &quot;owner&quot;: &quot;DFA&quot;,
        &quot;stage&quot;: &quot;Completed&quot;,
        &quot;ea1&quot;: &quot;AS11728BH021928&quot;,
        &quot;ea2&quot;: &quot;Gauteng South&quot;
      }
    },
    {
      &quot;attributes&quot;: {
        &quot;owner&quot;: &quot;DFA&quot;,
        &quot;stage&quot;: &quot;Construction&quot;,
        &quot;ea1&quot;: &quot;none&quot;,
        &quot;ea2&quot;: &quot;None&quot;
      }
    },
    {
      &quot;attributes&quot;: {
        &quot;owner&quot;: &quot;DFA&quot;,
        &quot;stage&quot;: &quot;Completed&quot;,
        &quot;ea1&quot;: &quot;none&quot;,
        &quot;ea2&quot;: &quot;Northern Region&quot;
      }
    },
    {
      &quot;attributes&quot;: {
        &quot;owner&quot;: &quot;DFA&quot;,
        &quot;stage&quot;: &quot;Completed&quot;,
        &quot;ea1&quot;: &quot;AS02311GH060995&quot;,
        &quot;ea2&quot;: &quot;Northern Region&quot;
      }
    },
    {
      &quot;attributes&quot;: {
        &quot;owner&quot;: &quot;DFA&quot;,
        &quot;stage&quot;: &quot;Completed&quot;,
        &quot;ea1&quot;: &quot;AS01156GH04041&quot;,
        &quot;ea2&quot;: &quot;Northern Region&quot;
      }
    },
    {
      &quot;attributes&quot;: {
        &quot;owner&quot;: &quot;DFA&quot;,
        &quot;stage&quot;: &quot;Completed&quot;,
        &quot;ea1&quot;: &quot;VS00893GH004039&quot;,
        &quot;ea2&quot;: &quot;Northern Region&quot;
      }
    },
    {
      &quot;attributes&quot;: {
        &quot;owner&quot;: &quot;DFA&quot;,
        &quot;stage&quot;: &quot;Construction&quot;,
        &quot;ea1&quot;: &quot;none&quot;,
        &quot;ea2&quot;: &quot;None&quot;
      }
    },
    {
      &quot;attributes&quot;: {
        &quot;owner&quot;: &quot;DFA&quot;,
        &quot;stage&quot;: &quot;Completed&quot;,
        &quot;ea1&quot;: &quot;AS03279BH004091 &quot;,
        &quot;ea2&quot;: &quot;Northern Region&quot;
      }
    },
    {
      &quot;attributes&quot;: {
        &quot;owner&quot;: &quot;DFA&quot;,
        &quot;stage&quot;: &quot;Construction&quot;,
        &quot;ea1&quot;: &quot;none&quot;,
        &quot;ea2&quot;: &quot;None&quot;
      }
    },
    {
      &quot;attributes&quot;: {
        &quot;owner&quot;: &quot;DFA&quot;,
        &quot;stage&quot;: &quot;Completed&quot;,
        &quot;ea1&quot;: &quot;VS02112GH210146 &quot;,
        &quot;ea2&quot;: &quot;Northern Region&quot;
      }
    },
    {
      &quot;attributes&quot;: {
        &quot;owner&quot;: &quot;DFA&quot;,
        &quot;stage&quot;: &quot;Completed&quot;,
        &quot;ea1&quot;: &quot;VS02520NB210123&quot;,
        &quot;ea2&quot;: &quot;Northern Region&quot;
      }
    },
    {
      &quot;attributes&quot;: {
        &quot;owner&quot;: &quot;DFA&quot;,
        &quot;stage&quot;: &quot;Construction&quot;,
        &quot;ea1&quot;: &quot;none&quot;,
        &quot;ea2&quot;: &quot;None&quot;
      }
    },
    {
      &quot;attributes&quot;: {
        &quot;owner&quot;: &quot;DFA&quot;,
        &quot;stage&quot;: &quot;Construction&quot;,
        &quot;ea1&quot;: &quot;none&quot;,
        &quot;ea2&quot;: &quot;None&quot;
      }
    },
    {
      &quot;attributes&quot;: {
        &quot;owner&quot;: &quot;DFA&quot;,
        &quot;stage&quot;: &quot;Construction&quot;,
        &quot;ea1&quot;: &quot;none&quot;,
        &quot;ea2&quot;: &quot;None&quot;
      }
    },
    {
      &quot;attributes&quot;: {
        &quot;owner&quot;: &quot;DFA&quot;,
        &quot;stage&quot;: &quot;Completed&quot;,
        &quot;ea1&quot;: &quot;MS01595GH000170&quot;,
        &quot;ea2&quot;: &quot;Northern Region&quot;
      }
    },
    {
      &quot;attributes&quot;: {
        &quot;owner&quot;: &quot;DFA&quot;,
        &quot;stage&quot;: &quot;Completed&quot;,
        &quot;ea1&quot;: &quot;W01P08&quot;,
        &quot;ea2&quot;: &quot;Western Region&quot;
      }
    },
    {
      &quot;attributes&quot;: {
        &quot;owner&quot;: &quot;DFA&quot;,
        &quot;stage&quot;: &quot;Completed&quot;,
        &quot;ea1&quot;: &quot;W01P08&quot;,
        &quot;ea2&quot;: &quot;Western Region&quot;
      }
    },
    {
      &quot;attributes&quot;: {
        &quot;owner&quot;: &quot;DFA&quot;,
        &quot;stage&quot;: &quot;Completed&quot;,
        &quot;ea1&quot;: &quot;none&quot;,
        &quot;ea2&quot;: &quot;None&quot;
      }
    },
    {
      &quot;attributes&quot;: {
        &quot;owner&quot;: &quot;DFA&quot;,
        &quot;stage&quot;: &quot;Completed&quot;,
        &quot;ea1&quot;: &quot;G52P75&quot;,
        &quot;ea2&quot;: &quot;Gauteng South&quot;
      }
    },
    {
      &quot;attributes&quot;: {
        &quot;owner&quot;: &quot;DFA&quot;,
        &quot;stage&quot;: &quot;Construction&quot;,
        &quot;ea1&quot;: &quot;G51P34&quot;,
        &quot;ea2&quot;: &quot;None&quot;
      }
    },
    {
      &quot;attributes&quot;: {
        &quot;owner&quot;: &quot;DFA&quot;,
        &quot;stage&quot;: &quot;Completed&quot;,
        &quot;ea1&quot;: &quot;W01P08&quot;,
        &quot;ea2&quot;: &quot;Western Region&quot;
      }
    },
    {
      &quot;attributes&quot;: {
        &quot;owner&quot;: &quot;DFA&quot;,
        &quot;stage&quot;: &quot;Completed&quot;,
        &quot;ea1&quot;: &quot;W30P24&quot;,
        &quot;ea2&quot;: &quot;Western Region&quot;
      }
    },
    {
      &quot;attributes&quot;: {
        &quot;owner&quot;: &quot;DFA&quot;,
        &quot;stage&quot;: &quot;Completed&quot;,
        &quot;ea1&quot;: &quot;AS00725GH022410&quot;,
        &quot;ea2&quot;: &quot;Northern Region&quot;
      }
    },
    {
      &quot;attributes&quot;: {
        &quot;owner&quot;: &quot;DFA&quot;,
        &quot;stage&quot;: &quot;Completed&quot;,
        &quot;ea1&quot;: &quot;K50P21&quot;,
        &quot;ea2&quot;: &quot;Kwa-Zulu Natal&quot;
      }
    },
    {
      &quot;attributes&quot;: {
        &quot;owner&quot;: &quot;DFA&quot;,
        &quot;stage&quot;: &quot;Completed&quot;,
        &quot;ea1&quot;: &quot;K50P21&quot;,
        &quot;ea2&quot;: &quot;Kwa-Zulu Natal&quot;
      }
    },
    {
      &quot;attributes&quot;: {
        &quot;owner&quot;: &quot;DFA&quot;,
        &quot;stage&quot;: &quot;Completed&quot;,
        &quot;ea1&quot;: &quot;W30P24&quot;,
        &quot;ea2&quot;: &quot;Western Region&quot;
      }
    },
    {
      &quot;attributes&quot;: {
        &quot;owner&quot;: &quot;DFA&quot;,
        &quot;stage&quot;: &quot;Completed&quot;,
        &quot;ea1&quot;: &quot;W30P24&quot;,
        &quot;ea2&quot;: &quot;Western Region&quot;
      }
    },
    {
      &quot;attributes&quot;: {
        &quot;owner&quot;: &quot;DFA&quot;,
        &quot;stage&quot;: &quot;Completed&quot;,
        &quot;ea1&quot;: &quot;W20P04&quot;,
        &quot;ea2&quot;: &quot;Western Region&quot;
      }
    },
    {
      &quot;attributes&quot;: {
        &quot;owner&quot;: &quot;DFA&quot;,
        &quot;stage&quot;: &quot;Completed&quot;,
        &quot;ea1&quot;: &quot;W20P04&quot;,
        &quot;ea2&quot;: &quot;Western Region&quot;
      }
    },
    {
      &quot;attributes&quot;: {
        &quot;owner&quot;: &quot;DFA&quot;,
        &quot;stage&quot;: &quot;Completed&quot;,
        &quot;ea1&quot;: &quot;W20P04&quot;,
        &quot;ea2&quot;: &quot;Western Region&quot;
      }
    },
    {
      &quot;attributes&quot;: {
        &quot;owner&quot;: &quot;DFA&quot;,
        &quot;stage&quot;: &quot;Completed&quot;,
        &quot;ea1&quot;: &quot;W20P04&quot;,
        &quot;ea2&quot;: &quot;Western Region&quot;
      }
    },
    {
      &quot;attributes&quot;: {
        &quot;owner&quot;: &quot;DFA&quot;,
        &quot;stage&quot;: &quot;Completed&quot;,
        &quot;ea1&quot;: &quot;W20P04&quot;,
        &quot;ea2&quot;: &quot;Western Region&quot;
      }
    },
    {
      &quot;attributes&quot;: {
        &quot;owner&quot;: &quot;DFA&quot;,
        &quot;stage&quot;: &quot;Completed&quot;,
        &quot;ea1&quot;: &quot;W20P04&quot;,
        &quot;ea2&quot;: &quot;Western Region&quot;
      }
    },
    {
      &quot;attributes&quot;: {
        &quot;owner&quot;: &quot;DFA&quot;,
        &quot;stage&quot;: &quot;Completed&quot;,
        &quot;ea1&quot;: &quot;none&quot;,
        &quot;ea2&quot;: &quot;None&quot;
      }
    },
    {
      &quot;attributes&quot;: {
        &quot;owner&quot;: &quot;DFA&quot;,
        &quot;stage&quot;: &quot;Completed&quot;,
        &quot;ea1&quot;: &quot;W50P37&quot;,
        &quot;ea2&quot;: &quot;Western Region&quot;
      }
    },
    {
      &quot;attributes&quot;: {
        &quot;owner&quot;: &quot;DFA&quot;,
        &quot;stage&quot;: &quot;Completed&quot;,
        &quot;ea1&quot;: &quot;W50P37&quot;,
        &quot;ea2&quot;: &quot;Western Region&quot;
      }
    },
    {
      &quot;attributes&quot;: {
        &quot;owner&quot;: &quot;DFA&quot;,
        &quot;stage&quot;: &quot;Completed&quot;,
        &quot;ea1&quot;: &quot;W50P37&quot;,
        &quot;ea2&quot;: &quot;Western Region&quot;
      }
    },
    {
      &quot;attributes&quot;: {
        &quot;owner&quot;: &quot;DFA&quot;,
        &quot;stage&quot;: &quot;Completed&quot;,
        &quot;ea1&quot;: &quot;W50P37&quot;,
        &quot;ea2&quot;: &quot;Western Region&quot;
      }
    },
    {
      &quot;attributes&quot;: {
        &quot;owner&quot;: &quot;DFA&quot;,
        &quot;stage&quot;: &quot;Completed&quot;,
        &quot;ea1&quot;: &quot;W50P37&quot;,
        &quot;ea2&quot;: &quot;Western Region&quot;
      }
    },
    {
      &quot;attributes&quot;: {
        &quot;owner&quot;: &quot;DFA&quot;,
        &quot;stage&quot;: &quot;Completed&quot;,
        &quot;ea1&quot;: &quot;W50P37&quot;,
        &quot;ea2&quot;: &quot;Western Region&quot;
      }
    },
    {
      &quot;attributes&quot;: {
        &quot;owner&quot;: &quot;DFA&quot;,
        &quot;stage&quot;: &quot;Completed&quot;,
        &quot;ea1&quot;: &quot;W50P37&quot;,
        &quot;ea2&quot;: &quot;Western Region&quot;
      }
    },
    {
      &quot;attributes&quot;: {
        &quot;owner&quot;: &quot;DFA&quot;,
        &quot;stage&quot;: &quot;Completed&quot;,
        &quot;ea1&quot;: &quot;W50P37&quot;,
        &quot;ea2&quot;: &quot;Western Region&quot;
      }
    },
    {
      &quot;attributes&quot;: {
        &quot;owner&quot;: &quot;DFA&quot;,
        &quot;stage&quot;: &quot;Completed&quot;,
        &quot;ea1&quot;: &quot;W50P37&quot;,
        &quot;ea2&quot;: &quot;Western Region&quot;
      }
    },
    {
      &quot;attributes&quot;: {
        &quot;owner&quot;: &quot;DFA&quot;,
        &quot;stage&quot;: &quot;Completed&quot;,
        &quot;ea1&quot;: &quot;W50P37&quot;,
        &quot;ea2&quot;: &quot;Western Region&quot;
      }
    },
    {
      &quot;attributes&quot;: {
        &quot;owner&quot;: &quot;DFA&quot;,
        &quot;stage&quot;: &quot;Completed&quot;,
        &quot;ea1&quot;: &quot;W50P37&quot;,
        &quot;ea2&quot;: &quot;Western Region&quot;
      }
    },
    {
      &quot;attributes&quot;: {
        &quot;owner&quot;: &quot;DFA&quot;,
        &quot;stage&quot;: &quot;Completed&quot;,
        &quot;ea1&quot;: &quot;W50P37&quot;,
        &quot;ea2&quot;: &quot;Western Region&quot;
      }
    },
    {
      &quot;attributes&quot;: {
        &quot;owner&quot;: &quot;DFA&quot;,
        &quot;stage&quot;: &quot;Completed&quot;,
        &quot;ea1&quot;: &quot;W50P37&quot;,
        &quot;ea2&quot;: &quot;Western Region&quot;
      }
    },
    {
      &quot;attributes&quot;: {
        &quot;owner&quot;: &quot;DFA&quot;,
        &quot;stage&quot;: &quot;Completed&quot;,
        &quot;ea1&quot;: &quot;W50P37&quot;,
        &quot;ea2&quot;: &quot;Western Region&quot;
      }
    },
    {
      &quot;attributes&quot;: {
        &quot;owner&quot;: &quot;DFA&quot;,
        &quot;stage&quot;: &quot;Completed&quot;,
        &quot;ea1&quot;: &quot;W50P37&quot;,
        &quot;ea2&quot;: &quot;Western Region&quot;
      }
    },
    {
      &quot;attributes&quot;: {
        &quot;owner&quot;: &quot;DFA&quot;,
        &quot;stage&quot;: &quot;Completed&quot;,
        &quot;ea1&quot;: &quot;W50P37&quot;,
        &quot;ea2&quot;: &quot;Western Region&quot;
      }
    },
    {
      &quot;attributes&quot;: {
        &quot;owner&quot;: &quot;DFA&quot;,
        &quot;stage&quot;: &quot;Completed&quot;,
        &quot;ea1&quot;: &quot;W50P37&quot;,
        &quot;ea2&quot;: &quot;Western Region&quot;
      }
    },
    {
      &quot;attributes&quot;: {
        &quot;owner&quot;: &quot;DFA&quot;,
        &quot;stage&quot;: &quot;Completed&quot;,
        &quot;ea1&quot;: &quot;W50P37&quot;,
        &quot;ea2&quot;: &quot;Western Region&quot;
      }
    },
    {
      &quot;attributes&quot;: {
        &quot;owner&quot;: &quot;DFA&quot;,
        &quot;stage&quot;: &quot;Completed&quot;,
        &quot;ea1&quot;: &quot;W50P26&quot;,
        &quot;ea2&quot;: &quot;Western Region&quot;
      }
    },
    {
      &quot;attributes&quot;: {
        &quot;owner&quot;: &quot;DFA&quot;,
        &quot;stage&quot;: &quot;Completed&quot;,
        &quot;ea1&quot;: &quot;W50P26&quot;,
        &quot;ea2&quot;: &quot;Western Region&quot;
      }
    },
    {
      &quot;attributes&quot;: {
        &quot;owner&quot;: &quot;DFA&quot;,
        &quot;stage&quot;: &quot;Completed&quot;,
        &quot;ea1&quot;: &quot;W50P26&quot;,
        &quot;ea2&quot;: &quot;Western Region&quot;
      }
    },
    {
      &quot;attributes&quot;: {
        &quot;owner&quot;: &quot;DFA&quot;,
        &quot;stage&quot;: &quot;Completed&quot;,
        &quot;ea1&quot;: &quot;W50P26&quot;,
        &quot;ea2&quot;: &quot;Western Region&quot;
      }
    },
    {
      &quot;attributes&quot;: {
        &quot;owner&quot;: &quot;DFA&quot;,
        &quot;stage&quot;: &quot;Completed&quot;,
        &quot;ea1&quot;: &quot;W50P26&quot;,
        &quot;ea2&quot;: &quot;Western Region&quot;
      }
    },
    {
      &quot;attributes&quot;: {
        &quot;owner&quot;: &quot;DFA&quot;,
        &quot;stage&quot;: &quot;Completed&quot;,
        &quot;ea1&quot;: &quot;W50P26&quot;,
        &quot;ea2&quot;: &quot;Western Region&quot;
      }
    },
    {
      &quot;attributes&quot;: {
        &quot;owner&quot;: &quot;DFA&quot;,
        &quot;stage&quot;: &quot;Completed&quot;,
        &quot;ea1&quot;: &quot;W50P26&quot;,
        &quot;ea2&quot;: &quot;Western Region&quot;
      }
    },
    {
      &quot;attributes&quot;: {
        &quot;owner&quot;: &quot;DFA&quot;,
        &quot;stage&quot;: &quot;Completed&quot;,
        &quot;ea1&quot;: &quot;W50P26&quot;,
        &quot;ea2&quot;: &quot;Western Region&quot;
      }
    },
    {
      &quot;attributes&quot;: {
        &quot;owner&quot;: &quot;DFA&quot;,
        &quot;stage&quot;: &quot;Completed&quot;,
        &quot;ea1&quot;: &quot;W50P26&quot;,
        &quot;ea2&quot;: &quot;Western Region&quot;
      }
    },
    {
      &quot;attributes&quot;: {
        &quot;owner&quot;: &quot;DFA&quot;,
        &quot;stage&quot;: &quot;Completed&quot;,
        &quot;ea1&quot;: &quot;W50P26&quot;,
        &quot;ea2&quot;: &quot;Western Region&quot;
      }
    },
    {
      &quot;attributes&quot;: {
        &quot;owner&quot;: &quot;DFA&quot;,
        &quot;stage&quot;: &quot;Completed&quot;,
        &quot;ea1&quot;: &quot;W30P03&quot;,
        &quot;ea2&quot;: &quot;Western Region&quot;
      }
    },
    {
      &quot;attributes&quot;: {
        &quot;owner&quot;: &quot;DFA&quot;,
        &quot;stage&quot;: &quot;Completed&quot;,
        &quot;ea1&quot;: &quot;W50P26&quot;,
        &quot;ea2&quot;: &quot;Western Region&quot;
      }
    },
    {
      &quot;attributes&quot;: {
        &quot;owner&quot;: &quot;DFA&quot;,
        &quot;stage&quot;: &quot;Completed&quot;,
        &quot;ea1&quot;: &quot;W51P35&quot;,
        &quot;ea2&quot;: &quot;Western Region&quot;
      }
    },
    {
      &quot;attributes&quot;: {
        &quot;owner&quot;: &quot;DFA&quot;,
        &quot;stage&quot;: &quot;Completed&quot;,
        &quot;ea1&quot;: &quot;W51P35&quot;,
        &quot;ea2&quot;: &quot;Western Region&quot;
      }
    },
    {
      &quot;attributes&quot;: {
        &quot;owner&quot;: &quot;DFA&quot;,
        &quot;stage&quot;: &quot;Completed&quot;,
        &quot;ea1&quot;: &quot;W51P35&quot;,
        &quot;ea2&quot;: &quot;Western Region&quot;
      }
    },
    {
      &quot;attributes&quot;: {
        &quot;owner&quot;: &quot;DFA&quot;,
        &quot;stage&quot;: &quot;Completed&quot;,
        &quot;ea1&quot;: &quot;W44P02&quot;,
        &quot;ea2&quot;: &quot;Western Region&quot;
      }
    },
    {
      &quot;attributes&quot;: {
        &quot;owner&quot;: &quot;DFA&quot;,
        &quot;stage&quot;: &quot;Completed&quot;,
        &quot;ea1&quot;: &quot;VS02393GH001509  &quot;,
        &quot;ea2&quot;: &quot;Northern Region&quot;
      }
    },
    {
      &quot;attributes&quot;: {
        &quot;owner&quot;: &quot;DFA&quot;,
        &quot;stage&quot;: &quot;Completed&quot;,
        &quot;ea1&quot;: &quot;none&quot;,
        &quot;ea2&quot;: &quot;None&quot;
      }
    },
    {
      &quot;attributes&quot;: {
        &quot;owner&quot;: &quot;DFA&quot;,
        &quot;stage&quot;: &quot;Completed&quot;,
        &quot;ea1&quot;: &quot;W44P02&quot;,
        &quot;ea2&quot;: &quot;Eastern Region&quot;
      }
    },
    {
      &quot;attributes&quot;: {
        &quot;owner&quot;: &quot;DFA&quot;,
        &quot;stage&quot;: &quot;Construction&quot;,
        &quot;ea1&quot;: &quot;none&quot;,
        &quot;ea2&quot;: &quot;None&quot;
      }
    },
    {
      &quot;attributes&quot;: {
        &quot;owner&quot;: &quot;DFA&quot;,
        &quot;stage&quot;: &quot;Construction&quot;,
        &quot;ea1&quot;: &quot;none&quot;,
        &quot;ea2&quot;: &quot;None&quot;
      }
    },
    {
      &quot;attributes&quot;: {
        &quot;owner&quot;: &quot;DFA&quot;,
        &quot;stage&quot;: &quot;Construction&quot;,
        &quot;ea1&quot;: &quot;none&quot;,
        &quot;ea2&quot;: &quot;None&quot;
      }
    },
    {
      &quot;attributes&quot;: {
        &quot;owner&quot;: &quot;DFA&quot;,
        &quot;stage&quot;: &quot;Completed&quot;,
        &quot;ea1&quot;: &quot;W44P02&quot;,
        &quot;ea2&quot;: &quot;Eastern Region&quot;
      }
    },
    {
      &quot;attributes&quot;: {
        &quot;owner&quot;: &quot;DFA&quot;,
        &quot;stage&quot;: &quot;Completed&quot;,
        &quot;ea1&quot;: &quot;none&quot;,
        &quot;ea2&quot;: &quot;None&quot;
      }
    },
    {
      &quot;attributes&quot;: {
        &quot;owner&quot;: &quot;DFA&quot;,
        &quot;stage&quot;: &quot;Completed&quot;,
        &quot;ea1&quot;: &quot;none&quot;,
        &quot;ea2&quot;: &quot;None&quot;
      }
    },
    {
      &quot;attributes&quot;: {
        &quot;owner&quot;: &quot;DFA&quot;,
        &quot;stage&quot;: &quot;Completed&quot;,
        &quot;ea1&quot;: &quot;W50P04&quot;,
        &quot;ea2&quot;: &quot;Western Region&quot;
      }
    },
    {
      &quot;attributes&quot;: {
        &quot;owner&quot;: &quot;DFA&quot;,
        &quot;stage&quot;: &quot;Construction&quot;,
        &quot;ea1&quot;: &quot;none&quot;,
        &quot;ea2&quot;: &quot;None&quot;
      }
    },
    {
      &quot;attributes&quot;: {
        &quot;owner&quot;: &quot;DFA&quot;,
        &quot;stage&quot;: &quot;Completed&quot;,
        &quot;ea1&quot;: &quot;W50P04&quot;,
        &quot;ea2&quot;: &quot;Western Region&quot;
      }
    },
    {
      &quot;attributes&quot;: {
        &quot;owner&quot;: &quot;DFA&quot;,
        &quot;stage&quot;: &quot;Completed&quot;,
        &quot;ea1&quot;: &quot;W50P04&quot;,
        &quot;ea2&quot;: &quot;Western Region&quot;
      }
    },
    {
      &quot;attributes&quot;: {
        &quot;owner&quot;: &quot;DFA&quot;,
        &quot;stage&quot;: &quot;Completed&quot;,
        &quot;ea1&quot;: &quot;W50P04&quot;,
        &quot;ea2&quot;: &quot;Western Region&quot;
      }
    },
    {
      &quot;attributes&quot;: {
        &quot;owner&quot;: &quot;DFA&quot;,
        &quot;stage&quot;: &quot;Completed&quot;,
        &quot;ea1&quot;: &quot;W50P04&quot;,
        &quot;ea2&quot;: &quot;Western Region&quot;
      }
    },
    {
      &quot;attributes&quot;: {
        &quot;owner&quot;: &quot;DFA&quot;,
        &quot;stage&quot;: &quot;Completed&quot;,
        &quot;ea1&quot;: &quot;W50P04&quot;,
        &quot;ea2&quot;: &quot;Western Region&quot;
      }
    },
    {
      &quot;attributes&quot;: {
        &quot;owner&quot;: &quot;DFA&quot;,
        &quot;stage&quot;: &quot;Completed&quot;,
        &quot;ea1&quot;: &quot;W50P04&quot;,
        &quot;ea2&quot;: &quot;Western Region&quot;
      }
    },
    {
      &quot;attributes&quot;: {
        &quot;owner&quot;: &quot;DFA&quot;,
        &quot;stage&quot;: &quot;Completed&quot;,
        &quot;ea1&quot;: &quot;W50P04&quot;,
        &quot;ea2&quot;: &quot;Western Region&quot;
      }
    },
    {
      &quot;attributes&quot;: {
        &quot;owner&quot;: &quot;DFA&quot;,
        &quot;stage&quot;: &quot;Completed&quot;,
        &quot;ea1&quot;: &quot;W50P04&quot;,
        &quot;ea2&quot;: &quot;Western Region&quot;
      }
    },
    {
      &quot;attributes&quot;: {
        &quot;owner&quot;: &quot;DFA&quot;,
        &quot;stage&quot;: &quot;Completed&quot;,
        &quot;ea1&quot;: &quot;W50P04&quot;,
        &quot;ea2&quot;: &quot;Western Region&quot;
      }
    },
    {
      &quot;attributes&quot;: {
        &quot;owner&quot;: &quot;DFA&quot;,
        &quot;stage&quot;: &quot;Completed&quot;,
        &quot;ea1&quot;: &quot;W50P04&quot;,
        &quot;ea2&quot;: &quot;Western Region&quot;
      }
    },
    {
      &quot;attributes&quot;: {
        &quot;owner&quot;: &quot;DFA&quot;,
        &quot;stage&quot;: &quot;Completed&quot;,
        &quot;ea1&quot;: &quot;W50P04&quot;,
        &quot;ea2&quot;: &quot;Western Region&quot;
      }
    },
    {
      &quot;attributes&quot;: {
        &quot;owner&quot;: &quot;DFA&quot;,
        &quot;stage&quot;: &quot;Completed&quot;,
        &quot;ea1&quot;: &quot;W50P04&quot;,
        &quot;ea2&quot;: &quot;Western Region&quot;
      }
    },
    {
      &quot;attributes&quot;: {
        &quot;owner&quot;: &quot;DFA&quot;,
        &quot;stage&quot;: &quot;Completed&quot;,
        &quot;ea1&quot;: &quot;W50P04&quot;,
        &quot;ea2&quot;: &quot;Western Region&quot;
      }
    },
    {
      &quot;attributes&quot;: {
        &quot;owner&quot;: &quot;DFA&quot;,
        &quot;stage&quot;: &quot;Completed&quot;,
        &quot;ea1&quot;: &quot;W50P04&quot;,
        &quot;ea2&quot;: &quot;Western Region&quot;
      }
    },
    {
      &quot;attributes&quot;: {
        &quot;owner&quot;: &quot;DFA&quot;,
        &quot;stage&quot;: &quot;Completed&quot;,
        &quot;ea1&quot;: &quot;W50P04&quot;,
        &quot;ea2&quot;: &quot;Western Region&quot;
      }
    },
    {
      &quot;attributes&quot;: {
        &quot;owner&quot;: &quot;DFA&quot;,
        &quot;stage&quot;: &quot;Completed&quot;,
        &quot;ea1&quot;: &quot;W50P04&quot;,
        &quot;ea2&quot;: &quot;Western Region&quot;
      }
    },
    {
      &quot;attributes&quot;: {
        &quot;owner&quot;: &quot;DFA&quot;,
        &quot;stage&quot;: &quot;Completed&quot;,
        &quot;ea1&quot;: &quot;W50P04&quot;,
        &quot;ea2&quot;: &quot;Western Region&quot;
      }
    },
    {
      &quot;attributes&quot;: {
        &quot;owner&quot;: &quot;DFA&quot;,
        &quot;stage&quot;: &quot;Completed&quot;,
        &quot;ea1&quot;: &quot;W50P04&quot;,
        &quot;ea2&quot;: &quot;Western Region&quot;
      }
    },
    {
      &quot;attributes&quot;: {
        &quot;owner&quot;: &quot;DFA&quot;,
        &quot;stage&quot;: &quot;Completed&quot;,
        &quot;ea1&quot;: &quot;W50P04&quot;,
        &quot;ea2&quot;: &quot;Western Region&quot;
      }
    },
    {
      &quot;attributes&quot;: {
        &quot;owner&quot;: &quot;DFA&quot;,
        &quot;stage&quot;: &quot;Completed&quot;,
        &quot;ea1&quot;: &quot;W50P04&quot;,
        &quot;ea2&quot;: &quot;Western Region&quot;
      }
    },
    {
      &quot;attributes&quot;: {
        &quot;owner&quot;: &quot;DFA&quot;,
        &quot;stage&quot;: &quot;Completed&quot;,
        &quot;ea1&quot;: &quot;W50P04&quot;,
        &quot;ea2&quot;: &quot;Western Region&quot;
      }
    },
    {
      &quot;attributes&quot;: {
        &quot;owner&quot;: &quot;DFA&quot;,
        &quot;stage&quot;: &quot;Completed&quot;,
        &quot;ea1&quot;: &quot;W50P04&quot;,
        &quot;ea2&quot;: &quot;Western Region&quot;
      }
    },
    {
      &quot;attributes&quot;: {
        &quot;owner&quot;: &quot;DFA&quot;,
        &quot;stage&quot;: &quot;Completed&quot;,
        &quot;ea1&quot;: &quot;W50P04&quot;,
        &quot;ea2&quot;: &quot;Western Region&quot;
      }
    },
    {
      &quot;attributes&quot;: {
        &quot;owner&quot;: &quot;DFA&quot;,
        &quot;stage&quot;: &quot;Completed&quot;,
        &quot;ea1&quot;: &quot;W50P04&quot;,
        &quot;ea2&quot;: &quot;Western Region&quot;
      }
    },
    {
      &quot;attributes&quot;: {
        &quot;owner&quot;: &quot;DFA&quot;,
        &quot;stage&quot;: &quot;Completed&quot;,
        &quot;ea1&quot;: &quot;W50P04&quot;,
        &quot;ea2&quot;: &quot;Western Region&quot;
      }
    },
    {
      &quot;attributes&quot;: {
        &quot;owner&quot;: &quot;DFA&quot;,
        &quot;stage&quot;: &quot;Completed&quot;,
        &quot;ea1&quot;: &quot;W50P04&quot;,
        &quot;ea2&quot;: &quot;Western Region&quot;
      }
    },
    {
      &quot;attributes&quot;: {
        &quot;owner&quot;: &quot;DFA&quot;,
        &quot;stage&quot;: &quot;Construction&quot;,
        &quot;ea1&quot;: &quot;none&quot;,
        &quot;ea2&quot;: &quot;None&quot;
      }
    },
    {
      &quot;attributes&quot;: {
        &quot;owner&quot;: &quot;DFA&quot;,
        &quot;stage&quot;: &quot;Completed&quot;,
        &quot;ea1&quot;: &quot;W50P04&quot;,
        &quot;ea2&quot;: &quot;Western Region&quot;
      }
    },
    {
      &quot;attributes&quot;: {
        &quot;owner&quot;: &quot;DFA&quot;,
        &quot;stage&quot;: &quot;Completed&quot;,
        &quot;ea1&quot;: &quot;W50P04&quot;,
        &quot;ea2&quot;: &quot;Western Region&quot;
      }
    },
    {
      &quot;attributes&quot;: {
        &quot;owner&quot;: &quot;DFA&quot;,
        &quot;stage&quot;: &quot;Completed&quot;,
        &quot;ea1&quot;: &quot;W50P04&quot;,
        &quot;ea2&quot;: &quot;Western Region&quot;
      }
    },
    {
      &quot;attributes&quot;: {
        &quot;owner&quot;: &quot;DFA&quot;,
        &quot;stage&quot;: &quot;Completed&quot;,
        &quot;ea1&quot;: &quot;W50P04&quot;,
        &quot;ea2&quot;: &quot;Western Region&quot;
      }
    },
    {
      &quot;attributes&quot;: {
        &quot;owner&quot;: &quot;DFA&quot;,
        &quot;stage&quot;: &quot;Completed&quot;,
        &quot;ea1&quot;: &quot;W50P04&quot;,
        &quot;ea2&quot;: &quot;Western Region&quot;
      }
    },
    {
      &quot;attributes&quot;: {
        &quot;owner&quot;: &quot;DFA&quot;,
        &quot;stage&quot;: &quot;Completed&quot;,
        &quot;ea1&quot;: &quot;W50P04&quot;,
        &quot;ea2&quot;: &quot;Western Region&quot;
      }
    },
    {
      &quot;attributes&quot;: {
        &quot;owner&quot;: &quot;DFA&quot;,
        &quot;stage&quot;: &quot;Completed&quot;,
        &quot;ea1&quot;: &quot;W50P04&quot;,
        &quot;ea2&quot;: &quot;Western Region&quot;
      }
    },
    {
      &quot;attributes&quot;: {
        &quot;owner&quot;: &quot;DFA&quot;,
        &quot;stage&quot;: &quot;Completed&quot;,
        &quot;ea1&quot;: &quot;W50P04&quot;,
        &quot;ea2&quot;: &quot;Western Region&quot;
      }
    },
    {
      &quot;attributes&quot;: {
        &quot;owner&quot;: &quot;DFA&quot;,
        &quot;stage&quot;: &quot;Completed&quot;,
        &quot;ea1&quot;: &quot;W50P04&quot;,
        &quot;ea2&quot;: &quot;Western Region&quot;
      }
    },
    {
      &quot;attributes&quot;: {
        &quot;owner&quot;: &quot;DFA&quot;,
        &quot;stage&quot;: &quot;Completed&quot;,
        &quot;ea1&quot;: &quot;W50P04&quot;,
        &quot;ea2&quot;: &quot;Western Region&quot;
      }
    },
    {
      &quot;attributes&quot;: {
        &quot;owner&quot;: &quot;DFA&quot;,
        &quot;stage&quot;: &quot;Completed&quot;,
        &quot;ea1&quot;: &quot;W50P04&quot;,
        &quot;ea2&quot;: &quot;Western Region&quot;
      }
    },
    {
      &quot;attributes&quot;: {
        &quot;owner&quot;: &quot;DFA&quot;,
        &quot;stage&quot;: &quot;Completed&quot;,
        &quot;ea1&quot;: &quot;W43P02&quot;,
        &quot;ea2&quot;: &quot;Western Region&quot;
      }
    },
    {
      &quot;attributes&quot;: {
        &quot;owner&quot;: &quot;DFA&quot;,
        &quot;stage&quot;: &quot;Completed&quot;,
        &quot;ea1&quot;: &quot;K20P23&quot;,
        &quot;ea2&quot;: &quot;Kwa-Zulu Natal&quot;
      }
    },
    {
      &quot;attributes&quot;: {
        &quot;owner&quot;: &quot;DFA&quot;,
        &quot;stage&quot;: &quot;Completed&quot;,
        &quot;ea1&quot;: &quot;K20P23&quot;,
        &quot;ea2&quot;: &quot;Kwa-Zulu Natal&quot;
      }
    },
    {
      &quot;attributes&quot;: {
        &quot;owner&quot;: &quot;DFA&quot;,
        &quot;stage&quot;: &quot;Completed&quot;,
        &quot;ea1&quot;: &quot;K20P23&quot;,
        &quot;ea2&quot;: &quot;Kwa-Zulu Natal&quot;
      }
    },
    {
      &quot;attributes&quot;: {
        &quot;owner&quot;: &quot;DFA&quot;,
        &quot;stage&quot;: &quot;Completed&quot;,
        &quot;ea1&quot;: &quot;K20P23&quot;,
        &quot;ea2&quot;: &quot;Kwa-Zulu Natal&quot;
      }
    },
    {
      &quot;attributes&quot;: {
        &quot;owner&quot;: &quot;DFA&quot;,
        &quot;stage&quot;: &quot;Completed&quot;,
        &quot;ea1&quot;: &quot;K20P23&quot;,
        &quot;ea2&quot;: &quot;Kwa-Zulu Natal&quot;
      }
    },
    {
      &quot;attributes&quot;: {
        &quot;owner&quot;: &quot;DFA&quot;,
        &quot;stage&quot;: &quot;Completed&quot;,
        &quot;ea1&quot;: &quot;K20P23&quot;,
        &quot;ea2&quot;: &quot;Kwa-Zulu Natal&quot;
      }
    },
    {
      &quot;attributes&quot;: {
        &quot;owner&quot;: &quot;DFA&quot;,
        &quot;stage&quot;: &quot;Completed&quot;,
        &quot;ea1&quot;: &quot;none&quot;,
        &quot;ea2&quot;: &quot;Western Region&quot;
      }
    },
    {
      &quot;attributes&quot;: {
        &quot;owner&quot;: &quot;DFA&quot;,
        &quot;stage&quot;: &quot;Construction&quot;,
        &quot;ea1&quot;: &quot;none&quot;,
        &quot;ea2&quot;: &quot;None&quot;
      }
    },
    {
      &quot;attributes&quot;: {
        &quot;owner&quot;: &quot;DFA&quot;,
        &quot;stage&quot;: &quot;Completed&quot;,
        &quot;ea1&quot;: &quot;W50P55&quot;,
        &quot;ea2&quot;: &quot;Western Region&quot;
      }
    },
    {
      &quot;attributes&quot;: {
        &quot;owner&quot;: &quot;DFA&quot;,
        &quot;stage&quot;: &quot;Completed&quot;,
        &quot;ea1&quot;: &quot;W50P55&quot;,
        &quot;ea2&quot;: &quot;Western Region&quot;
      }
    },
    {
      &quot;attributes&quot;: {
        &quot;owner&quot;: &quot;DFA&quot;,
        &quot;stage&quot;: &quot;Completed&quot;,
        &quot;ea1&quot;: &quot;W50P55&quot;,
        &quot;ea2&quot;: &quot;Western Region&quot;
      }
    },
    {
      &quot;attributes&quot;: {
        &quot;owner&quot;: &quot;DFA&quot;,
        &quot;stage&quot;: &quot;Completed&quot;,
        &quot;ea1&quot;: &quot;W50P55&quot;,
        &quot;ea2&quot;: &quot;Western Region&quot;
      }
    },
    {
      &quot;attributes&quot;: {
        &quot;owner&quot;: &quot;DFA&quot;,
        &quot;stage&quot;: &quot;Completed&quot;,
        &quot;ea1&quot;: &quot;W50P55&quot;,
        &quot;ea2&quot;: &quot;Western Region&quot;
      }
    },
    {
      &quot;attributes&quot;: {
        &quot;owner&quot;: &quot;DFA&quot;,
        &quot;stage&quot;: &quot;Completed&quot;,
        &quot;ea1&quot;: &quot;W50P55&quot;,
        &quot;ea2&quot;: &quot;Western Region&quot;
      }
    },
    {
      &quot;attributes&quot;: {
        &quot;owner&quot;: &quot;DFA&quot;,
        &quot;stage&quot;: &quot;Completed&quot;,
        &quot;ea1&quot;: &quot;W50P55&quot;,
        &quot;ea2&quot;: &quot;Western Region&quot;
      }
    },
    {
      &quot;attributes&quot;: {
        &quot;owner&quot;: &quot;DFA&quot;,
        &quot;stage&quot;: &quot;Completed&quot;,
        &quot;ea1&quot;: &quot;W50P55&quot;,
        &quot;ea2&quot;: &quot;Western Region&quot;
      }
    },
    {
      &quot;attributes&quot;: {
        &quot;owner&quot;: &quot;DFA&quot;,
        &quot;stage&quot;: &quot;Completed&quot;,
        &quot;ea1&quot;: &quot;W50P55&quot;,
        &quot;ea2&quot;: &quot;Western Region&quot;
      }
    },
    {
      &quot;attributes&quot;: {
        &quot;owner&quot;: &quot;DFA&quot;,
        &quot;stage&quot;: &quot;Completed&quot;,
        &quot;ea1&quot;: &quot;W50P55&quot;,
        &quot;ea2&quot;: &quot;Western Region&quot;
      }
    },
    {
      &quot;attributes&quot;: {
        &quot;owner&quot;: &quot;DFA&quot;,
        &quot;stage&quot;: &quot;Completed&quot;,
        &quot;ea1&quot;: &quot;W50P55&quot;,
        &quot;ea2&quot;: &quot;Western Region&quot;
      }
    },
    {
      &quot;attributes&quot;: {
        &quot;owner&quot;: &quot;DFA&quot;,
        &quot;stage&quot;: &quot;Completed&quot;,
        &quot;ea1&quot;: &quot;W50P55&quot;,
        &quot;ea2&quot;: &quot;Western Region&quot;
      }
    },
    {
      &quot;attributes&quot;: {
        &quot;owner&quot;: &quot;DFA&quot;,
        &quot;stage&quot;: &quot;Completed&quot;,
        &quot;ea1&quot;: &quot;W50P55&quot;,
        &quot;ea2&quot;: &quot;Western Region&quot;
      }
    },
    {
      &quot;attributes&quot;: {
        &quot;owner&quot;: &quot;DFA&quot;,
        &quot;stage&quot;: &quot;Completed&quot;,
        &quot;ea1&quot;: &quot;W50P55&quot;,
        &quot;ea2&quot;: &quot;Western Region&quot;
      }
    },
    {
      &quot;attributes&quot;: {
        &quot;owner&quot;: &quot;DFA&quot;,
        &quot;stage&quot;: &quot;Completed&quot;,
        &quot;ea1&quot;: &quot;W50P55&quot;,
        &quot;ea2&quot;: &quot;Western Region&quot;
      }
    },
    {
      &quot;attributes&quot;: {
        &quot;owner&quot;: &quot;DFA&quot;,
        &quot;stage&quot;: &quot;Completed&quot;,
        &quot;ea1&quot;: &quot;W50P55&quot;,
        &quot;ea2&quot;: &quot;Western Region&quot;
      }
    },
    {
      &quot;attributes&quot;: {
        &quot;owner&quot;: &quot;DFA&quot;,
        &quot;stage&quot;: &quot;Completed&quot;,
        &quot;ea1&quot;: &quot;W50P55&quot;,
        &quot;ea2&quot;: &quot;Western Region&quot;
      }
    },
    {
      &quot;attributes&quot;: {
        &quot;owner&quot;: &quot;DFA&quot;,
        &quot;stage&quot;: &quot;Completed&quot;,
        &quot;ea1&quot;: &quot;W50P55&quot;,
        &quot;ea2&quot;: &quot;Western Region&quot;
      }
    },
    {
      &quot;attributes&quot;: {
        &quot;owner&quot;: &quot;DFA&quot;,
        &quot;stage&quot;: &quot;Completed&quot;,
        &quot;ea1&quot;: &quot;W50P55&quot;,
        &quot;ea2&quot;: &quot;Western Region&quot;
      }
    },
    {
      &quot;attributes&quot;: {
        &quot;owner&quot;: &quot;DFA&quot;,
        &quot;stage&quot;: &quot;Completed&quot;,
        &quot;ea1&quot;: &quot;W50P55&quot;,
        &quot;ea2&quot;: &quot;Western Region&quot;
      }
    },
    {
      &quot;attributes&quot;: {
        &quot;owner&quot;: &quot;DFA&quot;,
        &quot;stage&quot;: &quot;Completed&quot;,
        &quot;ea1&quot;: &quot;W50P55&quot;,
        &quot;ea2&quot;: &quot;Western Region&quot;
      }
    },
    {
      &quot;attributes&quot;: {
        &quot;owner&quot;: &quot;DFA&quot;,
        &quot;stage&quot;: &quot;Completed&quot;,
        &quot;ea1&quot;: &quot;W50P55&quot;,
        &quot;ea2&quot;: &quot;Western Region&quot;
      }
    },
    {
      &quot;attributes&quot;: {
        &quot;owner&quot;: &quot;DFA&quot;,
        &quot;stage&quot;: &quot;Completed&quot;,
        &quot;ea1&quot;: &quot;W50P55&quot;,
        &quot;ea2&quot;: &quot;Western Region&quot;
      }
    },
    {
      &quot;attributes&quot;: {
        &quot;owner&quot;: &quot;DFA&quot;,
        &quot;stage&quot;: &quot;Completed&quot;,
        &quot;ea1&quot;: &quot;W50P55&quot;,
        &quot;ea2&quot;: &quot;Western Region&quot;
      }
    },
    {
      &quot;attributes&quot;: {
        &quot;owner&quot;: &quot;DFA&quot;,
        &quot;stage&quot;: &quot;Completed&quot;,
        &quot;ea1&quot;: &quot;W50P55&quot;,
        &quot;ea2&quot;: &quot;Western Region&quot;
      }
    },
    {
      &quot;attributes&quot;: {
        &quot;owner&quot;: &quot;DFA&quot;,
        &quot;stage&quot;: &quot;Completed&quot;,
        &quot;ea1&quot;: &quot;W50P55&quot;,
        &quot;ea2&quot;: &quot;Western Region&quot;
      }
    },
    {
      &quot;attributes&quot;: {
        &quot;owner&quot;: &quot;DFA&quot;,
        &quot;stage&quot;: &quot;Completed&quot;,
        &quot;ea1&quot;: &quot;W50P55&quot;,
        &quot;ea2&quot;: &quot;Western Region&quot;
      }
    },
    {
      &quot;attributes&quot;: {
        &quot;owner&quot;: &quot;DFA&quot;,
        &quot;stage&quot;: &quot;Completed&quot;,
        &quot;ea1&quot;: &quot;W50P55&quot;,
        &quot;ea2&quot;: &quot;Western Region&quot;
      }
    },
    {
      &quot;attributes&quot;: {
        &quot;owner&quot;: &quot;DFA&quot;,
        &quot;stage&quot;: &quot;Completed&quot;,
        &quot;ea1&quot;: &quot;W50P55&quot;,
        &quot;ea2&quot;: &quot;Western Region&quot;
      }
    },
    {
      &quot;attributes&quot;: {
        &quot;owner&quot;: &quot;DFA&quot;,
        &quot;stage&quot;: &quot;Completed&quot;,
        &quot;ea1&quot;: &quot;W50P55&quot;,
        &quot;ea2&quot;: &quot;Western Region&quot;
      }
    },
    {
      &quot;attributes&quot;: {
        &quot;owner&quot;: &quot;DFA&quot;,
        &quot;stage&quot;: &quot;Completed&quot;,
        &quot;ea1&quot;: &quot;W50P55&quot;,
        &quot;ea2&quot;: &quot;Western Region&quot;
      }
    },
    {
      &quot;attributes&quot;: {
        &quot;owner&quot;: &quot;DFA&quot;,
        &quot;stage&quot;: &quot;Completed&quot;,
        &quot;ea1&quot;: &quot;W50P55&quot;,
        &quot;ea2&quot;: &quot;Western Region&quot;
      }
    },
    {
      &quot;attributes&quot;: {
        &quot;owner&quot;: &quot;DFA&quot;,
        &quot;stage&quot;: &quot;Completed&quot;,
        &quot;ea1&quot;: &quot;W50P55&quot;,
        &quot;ea2&quot;: &quot;Western Region&quot;
      }
    },
    {
      &quot;attributes&quot;: {
        &quot;owner&quot;: &quot;DFA&quot;,
        &quot;stage&quot;: &quot;Completed&quot;,
        &quot;ea1&quot;: &quot;W50P55&quot;,
        &quot;ea2&quot;: &quot;Western Region&quot;
      }
    },
    {
      &quot;attributes&quot;: {
        &quot;owner&quot;: &quot;DFA&quot;,
        &quot;stage&quot;: &quot;Completed&quot;,
        &quot;ea1&quot;: &quot;W50P55&quot;,
        &quot;ea2&quot;: &quot;Western Region&quot;
      }
    },
    {
      &quot;attributes&quot;: {
        &quot;owner&quot;: &quot;DFA&quot;,
        &quot;stage&quot;: &quot;Completed&quot;,
        &quot;ea1&quot;: &quot;W50P55&quot;,
        &quot;ea2&quot;: &quot;Western Region&quot;
      }
    },
    {
      &quot;attributes&quot;: {
        &quot;owner&quot;: &quot;DFA&quot;,
        &quot;stage&quot;: &quot;Completed&quot;,
        &quot;ea1&quot;: &quot;W50P55&quot;,
        &quot;ea2&quot;: &quot;Western Region&quot;
      }
    },
    {
      &quot;attributes&quot;: {
        &quot;owner&quot;: &quot;DFA&quot;,
        &quot;stage&quot;: &quot;Completed&quot;,
        &quot;ea1&quot;: &quot;W50P55&quot;,
        &quot;ea2&quot;: &quot;Western Region&quot;
      }
    },
    {
      &quot;attributes&quot;: {
        &quot;owner&quot;: &quot;DFA&quot;,
        &quot;stage&quot;: &quot;Completed&quot;,
        &quot;ea1&quot;: &quot;W50P55&quot;,
        &quot;ea2&quot;: &quot;Western Region&quot;
      }
    },
    {
      &quot;attributes&quot;: {
        &quot;owner&quot;: &quot;DFA&quot;,
        &quot;stage&quot;: &quot;Completed&quot;,
        &quot;ea1&quot;: &quot;W50P55&quot;,
        &quot;ea2&quot;: &quot;Western Region&quot;
      }
    },
    {
      &quot;attributes&quot;: {
        &quot;owner&quot;: &quot;DFA&quot;,
        &quot;stage&quot;: &quot;Completed&quot;,
        &quot;ea1&quot;: &quot;W50P55&quot;,
        &quot;ea2&quot;: &quot;Western Region&quot;
      }
    },
    {
      &quot;attributes&quot;: {
        &quot;owner&quot;: &quot;DFA&quot;,
        &quot;stage&quot;: &quot;Completed&quot;,
        &quot;ea1&quot;: &quot;W50P55&quot;,
        &quot;ea2&quot;: &quot;Western Region&quot;
      }
    },
    {
      &quot;attributes&quot;: {
        &quot;owner&quot;: &quot;DFA&quot;,
        &quot;stage&quot;: &quot;Completed&quot;,
        &quot;ea1&quot;: &quot;W50P55&quot;,
        &quot;ea2&quot;: &quot;Western Region&quot;
      }
    },
    {
      &quot;attributes&quot;: {
        &quot;owner&quot;: &quot;DFA&quot;,
        &quot;stage&quot;: &quot;Completed&quot;,
        &quot;ea1&quot;: &quot;W50P55&quot;,
        &quot;ea2&quot;: &quot;Western Region&quot;
      }
    },
    {
      &quot;attributes&quot;: {
        &quot;owner&quot;: &quot;DFA&quot;,
        &quot;stage&quot;: &quot;Completed&quot;,
        &quot;ea1&quot;: &quot;W50P55&quot;,
        &quot;ea2&quot;: &quot;Western Region&quot;
      }
    },
    {
      &quot;attributes&quot;: {
        &quot;owner&quot;: &quot;DFA&quot;,
        &quot;stage&quot;: &quot;Completed&quot;,
        &quot;ea1&quot;: &quot;W50P55&quot;,
        &quot;ea2&quot;: &quot;Western Region&quot;
      }
    },
    {
      &quot;attributes&quot;: {
        &quot;owner&quot;: &quot;DFA&quot;,
        &quot;stage&quot;: &quot;Completed&quot;,
        &quot;ea1&quot;: &quot;W50P55&quot;,
        &quot;ea2&quot;: &quot;Western Region&quot;
      }
    },
    {
      &quot;attributes&quot;: {
        &quot;owner&quot;: &quot;DFA&quot;,
        &quot;stage&quot;: &quot;Completed&quot;,
        &quot;ea1&quot;: &quot;W50P55&quot;,
        &quot;ea2&quot;: &quot;Western Region&quot;
      }
    },
    {
      &quot;attributes&quot;: {
        &quot;owner&quot;: &quot;DFA&quot;,
        &quot;stage&quot;: &quot;Completed&quot;,
        &quot;ea1&quot;: &quot;W50P55&quot;,
        &quot;ea2&quot;: &quot;Western Region&quot;
      }
    },
    {
      &quot;attributes&quot;: {
        &quot;owner&quot;: &quot;DFA&quot;,
        &quot;stage&quot;: &quot;Completed&quot;,
        &quot;ea1&quot;: &quot;W50P55&quot;,
        &quot;ea2&quot;: &quot;Western Region&quot;
      }
    },
    {
      &quot;attributes&quot;: {
        &quot;owner&quot;: &quot;DFA&quot;,
        &quot;stage&quot;: &quot;Completed&quot;,
        &quot;ea1&quot;: &quot;W50P55&quot;,
        &quot;ea2&quot;: &quot;Western Region&quot;
      }
    },
    {
      &quot;attributes&quot;: {
        &quot;owner&quot;: &quot;DFA&quot;,
        &quot;stage&quot;: &quot;Completed&quot;,
        &quot;ea1&quot;: &quot;W50P55&quot;,
        &quot;ea2&quot;: &quot;Western Region&quot;
      }
    },
    {
      &quot;attributes&quot;: {
        &quot;owner&quot;: &quot;DFA&quot;,
        &quot;stage&quot;: &quot;Completed&quot;,
        &quot;ea1&quot;: &quot;W50P55&quot;,
        &quot;ea2&quot;: &quot;Western Region&quot;
      }
    },
    {
      &quot;attributes&quot;: {
        &quot;owner&quot;: &quot;DFA&quot;,
        &quot;stage&quot;: &quot;Construction&quot;,
        &quot;ea1&quot;: &quot;AS70123WH364200&quot;,
        &quot;ea2&quot;: &quot;Western Region&quot;
      }
    },
    {
      &quot;attributes&quot;: {
        &quot;owner&quot;: &quot;DFA&quot;,
        &quot;stage&quot;: &quot;Completed&quot;,
        &quot;ea1&quot;: &quot;AS00118WH282167&quot;,
        &quot;ea2&quot;: &quot;None&quot;
      }
    },
    {
      &quot;attributes&quot;: {
        &quot;owner&quot;: &quot;DFA&quot;,
        &quot;stage&quot;: &quot;Completed&quot;,
        &quot;ea1&quot;: &quot;K50P75&quot;,
        &quot;ea2&quot;: &quot;Kwa-Zulu Natal&quot;
      }
    },
    {
      &quot;attributes&quot;: {
        &quot;owner&quot;: &quot;DFA&quot;,
        &quot;stage&quot;: &quot;Completed&quot;,
        &quot;ea1&quot;: &quot;K50P75&quot;,
        &quot;ea2&quot;: &quot;Kwa-Zulu Natal&quot;
      }
    },
    {
      &quot;attributes&quot;: {
        &quot;owner&quot;: &quot;DFA&quot;,
        &quot;stage&quot;: &quot;Completed&quot;,
        &quot;ea1&quot;: &quot; &quot;,
        &quot;ea2&quot;: &quot;Kwa-Zulu Natal&quot;
      }
    },
    {
      &quot;attributes&quot;: {
        &quot;owner&quot;: &quot;DFA&quot;,
        &quot;stage&quot;: &quot;Completed&quot;,
        &quot;ea1&quot;: &quot;AS01092BH021465&quot;,
        &quot;ea2&quot;: &quot;Northern Region&quot;
      }
    },
    {
      &quot;attributes&quot;: {
        &quot;owner&quot;: &quot;DFA&quot;,
        &quot;stage&quot;: &quot;Completed&quot;,
        &quot;ea1&quot;: &quot;K50P75&quot;,
        &quot;ea2&quot;: &quot;Kwa-Zulu Natal&quot;
      }
    },
    {
      &quot;attributes&quot;: {
        &quot;owner&quot;: &quot;DFA&quot;,
        &quot;stage&quot;: &quot;Completed&quot;,
        &quot;ea1&quot;: &quot;K50P75&quot;,
        &quot;ea2&quot;: &quot;Kwa-Zulu Natal&quot;
      }
    },
    {
      &quot;attributes&quot;: {
        &quot;owner&quot;: &quot;DFA&quot;,
        &quot;stage&quot;: &quot;Completed&quot;,
        &quot;ea1&quot;: &quot;K50P75&quot;,
        &quot;ea2&quot;: &quot;Kwa-Zulu Natal&quot;
      }
    },
    {
      &quot;attributes&quot;: {
        &quot;owner&quot;: &quot;DFA&quot;,
        &quot;stage&quot;: &quot;Completed&quot;,
        &quot;ea1&quot;: &quot;K50P84&quot;,
        &quot;ea2&quot;: &quot;Kwa-Zulu Natal&quot;
      }
    },
    {
      &quot;attributes&quot;: {
        &quot;owner&quot;: &quot;DFA&quot;,
        &quot;stage&quot;: &quot;Completed&quot;,
        &quot;ea1&quot;: &quot;K50P75&quot;,
        &quot;ea2&quot;: &quot;Kwa-Zulu Natal&quot;
      }
    },
    {
      &quot;attributes&quot;: {
        &quot;owner&quot;: &quot;DFA&quot;,
        &quot;stage&quot;: &quot;Completed&quot;,
        &quot;ea1&quot;: &quot;K01P06&quot;,
        &quot;ea2&quot;: &quot;Kwa-Zulu Natal&quot;
      }
    },
    {
      &quot;attributes&quot;: {
        &quot;owner&quot;: &quot;DFA&quot;,
        &quot;stage&quot;: &quot;Completed&quot;,
        &quot;ea1&quot;: &quot;K50P84&quot;,
        &quot;ea2&quot;: &quot;Kwa-Zulu Natal&quot;
      }
    },
    {
      &quot;attributes&quot;: {
        &quot;owner&quot;: &quot;DFA&quot;,
        &quot;stage&quot;: &quot;Completed&quot;,
        &quot;ea1&quot;: &quot;K50P84&quot;,
        &quot;ea2&quot;: &quot;Kwa-Zulu Natal&quot;
      }
    },
    {
      &quot;attributes&quot;: {
        &quot;owner&quot;: &quot;DFA&quot;,
        &quot;stage&quot;: &quot;Completed&quot;,
        &quot;ea1&quot;: &quot;K50P75&quot;,
        &quot;ea2&quot;: &quot;Kwa-Zulu Natal&quot;
      }
    },
    {
      &quot;attributes&quot;: {
        &quot;owner&quot;: &quot;DFA&quot;,
        &quot;stage&quot;: &quot;Completed&quot;,
        &quot;ea1&quot;: &quot;K50P75&quot;,
        &quot;ea2&quot;: &quot;Kwa-Zulu Natal&quot;
      }
    },
    {
      &quot;attributes&quot;: {
        &quot;owner&quot;: &quot;DFA&quot;,
        &quot;stage&quot;: &quot;Completed&quot;,
        &quot;ea1&quot;: &quot;K50P75&quot;,
        &quot;ea2&quot;: &quot;Kwa-Zulu Natal&quot;
      }
    },
    {
      &quot;attributes&quot;: {
        &quot;owner&quot;: &quot;DFA&quot;,
        &quot;stage&quot;: &quot;Completed&quot;,
        &quot;ea1&quot;: &quot;K50P75&quot;,
        &quot;ea2&quot;: &quot;Kwa-Zulu Natal&quot;
      }
    },
    {
      &quot;attributes&quot;: {
        &quot;owner&quot;: &quot;DFA&quot;,
        &quot;stage&quot;: &quot;Completed&quot;,
        &quot;ea1&quot;: &quot;K50P75&quot;,
        &quot;ea2&quot;: &quot;Kwa-Zulu Natal&quot;
      }
    },
    {
      &quot;attributes&quot;: {
        &quot;owner&quot;: &quot;DFA&quot;,
        &quot;stage&quot;: &quot;Completed&quot;,
        &quot;ea1&quot;: &quot;K50P75&quot;,
        &quot;ea2&quot;: &quot;Kwa-Zulu Natal&quot;
      }
    },
    {
      &quot;attributes&quot;: {
        &quot;owner&quot;: &quot;DFA&quot;,
        &quot;stage&quot;: &quot;Completed&quot;,
        &quot;ea1&quot;: &quot;K50P75&quot;,
        &quot;ea2&quot;: &quot;Kwa-Zulu Natal&quot;
      }
    },
    {
      &quot;attributes&quot;: {
        &quot;owner&quot;: &quot;DFA&quot;,
        &quot;stage&quot;: &quot;Construction&quot;,
        &quot;ea1&quot;: &quot;none&quot;,
        &quot;ea2&quot;: &quot;None&quot;
      }
    },
    {
      &quot;attributes&quot;: {
        &quot;owner&quot;: &quot;DFA&quot;,
        &quot;stage&quot;: &quot;Completed&quot;,
        &quot;ea1&quot;: &quot;K50P75&quot;,
        &quot;ea2&quot;: &quot;Kwa-Zulu Natal&quot;
      }
    },
    {
      &quot;attributes&quot;: {
        &quot;owner&quot;: &quot;DFA&quot;,
        &quot;stage&quot;: &quot;Completed&quot;,
        &quot;ea1&quot;: &quot;K50P75&quot;,
        &quot;ea2&quot;: &quot;Kwa-Zulu Natal&quot;
      }
    },
    {
      &quot;attributes&quot;: {
        &quot;owner&quot;: &quot;DFA&quot;,
        &quot;stage&quot;: &quot;Completed&quot;,
        &quot;ea1&quot;: &quot;K50P75&quot;,
        &quot;ea2&quot;: &quot;Kwa-Zulu Natal&quot;
      }
    },
    {
      &quot;attributes&quot;: {
        &quot;owner&quot;: &quot;DFA&quot;,
        &quot;stage&quot;: &quot;Completed&quot;,
        &quot;ea1&quot;: &quot;K50P75&quot;,
        &quot;ea2&quot;: &quot;Kwa-Zulu Natal&quot;
      }
    },
    {
      &quot;attributes&quot;: {
        &quot;owner&quot;: &quot;DFA&quot;,
        &quot;stage&quot;: &quot;Completed&quot;,
        &quot;ea1&quot;: &quot;K50P75&quot;,
        &quot;ea2&quot;: &quot;Kwa-Zulu Natal&quot;
      }
    },
    {
      &quot;attributes&quot;: {
        &quot;owner&quot;: &quot;DFA&quot;,
        &quot;stage&quot;: &quot;Completed&quot;,
        &quot;ea1&quot;: &quot;K50P75&quot;,
        &quot;ea2&quot;: &quot;Kwa-Zulu Natal&quot;
      }
    },
    {
      &quot;attributes&quot;: {
        &quot;owner&quot;: &quot;DFA&quot;,
        &quot;stage&quot;: &quot;Completed&quot;,
        &quot;ea1&quot;: &quot;K50P75&quot;,
        &quot;ea2&quot;: &quot;Kwa-Zulu Natal&quot;
      }
    },
    {
      &quot;attributes&quot;: {
        &quot;owner&quot;: &quot;DFA&quot;,
        &quot;stage&quot;: &quot;Completed&quot;,
        &quot;ea1&quot;: &quot;AS05390BH005002&quot;,
        &quot;ea2&quot;: &quot;Northern Region&quot;
      }
    },
    {
      &quot;attributes&quot;: {
        &quot;owner&quot;: &quot;DFA&quot;,
        &quot;stage&quot;: &quot;Construction&quot;,
        &quot;ea1&quot;: &quot;none&quot;,
        &quot;ea2&quot;: &quot;None&quot;
      }
    },
    {
      &quot;attributes&quot;: {
        &quot;owner&quot;: &quot;DFA&quot;,
        &quot;stage&quot;: &quot;Completed&quot;,
        &quot;ea1&quot;: &quot;W50P12&quot;,
        &quot;ea2&quot;: &quot;Western Region&quot;
      }
    },
    {
      &quot;attributes&quot;: {
        &quot;owner&quot;: &quot;DFA&quot;,
        &quot;stage&quot;: &quot;Completed&quot;,
        &quot;ea1&quot;: &quot;W50P12&quot;,
        &quot;ea2&quot;: &quot;Western Region&quot;
      }
    },
    {
      &quot;attributes&quot;: {
        &quot;owner&quot;: &quot;DFA&quot;,
        &quot;stage&quot;: &quot;Completed&quot;,
        &quot;ea1&quot;: &quot;W50P12&quot;,
        &quot;ea2&quot;: &quot;Western Region&quot;
      }
    },
    {
      &quot;attributes&quot;: {
        &quot;owner&quot;: &quot;DFA&quot;,
        &quot;stage&quot;: &quot;Completed&quot;,
        &quot;ea1&quot;: &quot;W50P12&quot;,
        &quot;ea2&quot;: &quot;Western Region&quot;
      }
    },
    {
      &quot;attributes&quot;: {
        &quot;owner&quot;: &quot;DFA&quot;,
        &quot;stage&quot;: &quot;Completed&quot;,
        &quot;ea1&quot;: &quot;W50P12&quot;,
        &quot;ea2&quot;: &quot;Western Region&quot;
      }
    },
    {
      &quot;attributes&quot;: {
        &quot;owner&quot;: &quot;DFA&quot;,
        &quot;stage&quot;: &quot;Completed&quot;,
        &quot;ea1&quot;: &quot;W50P12&quot;,
        &quot;ea2&quot;: &quot;Western Region&quot;
      }
    },
    {
      &quot;attributes&quot;: {
        &quot;owner&quot;: &quot;DFA&quot;,
        &quot;stage&quot;: &quot;Completed&quot;,
        &quot;ea1&quot;: &quot;K50P75&quot;,
        &quot;ea2&quot;: &quot;Kwa-Zulu Natal&quot;
      }
    },
    {
      &quot;attributes&quot;: {
        &quot;owner&quot;: &quot;DFA&quot;,
        &quot;stage&quot;: &quot;Completed&quot;,
        &quot;ea1&quot;: &quot;W50P12&quot;,
        &quot;ea2&quot;: &quot;Western Region&quot;
      }
    },
    {
      &quot;attributes&quot;: {
        &quot;owner&quot;: &quot;DFA&quot;,
        &quot;stage&quot;: &quot;Completed&quot;,
        &quot;ea1&quot;: &quot;W50P12&quot;,
        &quot;ea2&quot;: &quot;Western Region&quot;
      }
    },
    {
      &quot;attributes&quot;: {
        &quot;owner&quot;: &quot;DFA&quot;,
        &quot;stage&quot;: &quot;Completed&quot;,
        &quot;ea1&quot;: &quot;W50P12&quot;,
        &quot;ea2&quot;: &quot;Western Region&quot;
      }
    },
    {
      &quot;attributes&quot;: {
        &quot;owner&quot;: &quot;DFA&quot;,
        &quot;stage&quot;: &quot;Completed&quot;,
        &quot;ea1&quot;: &quot;W50P12&quot;,
        &quot;ea2&quot;: &quot;Western Region&quot;
      }
    }
  ],
  &quot;exceededTransferLimit&quot;: true
}
" type="java.lang.AssertionError">
      <![CDATA[java.lang.AssertionError: 4 expectations failed.
Response body doesn't match expectation.
Expected: a string containing "EBU"
  Actual: {
  "displayFieldName": "name",
  "fieldAliases": {
    "owner": "owner",
    "stage": "stage",
    "ea1": "Route Name",
    "ea2": "DFA Region"
  },
  "fields": [
    {
      "name": "owner",
      "type": "esriFieldTypeString",
      "alias": "owner",
      "length": 50
    },
    {
      "name": "stage",
      "type": "esriFieldTypeString",
      "alias": "stage",
      "length": 30
    },
    {
      "name": "ea1",
      "type": "esriFieldTypeString",
      "alias": "Route Name",
      "length": 100
    },
    {
      "name": "ea2",
      "type": "esriFieldTypeString",
      "alias": "DFA Region",
      "length": 100
    }
  ],
  "features": [
    {
      "attributes": {
        "owner": "DFA",
        "stage": "Completed",
        "ea1": "G02P03",
        "ea2": "Gauteng South"
      }
    },
    {
      "attributes": {
        "owner": "DFA",
        "stage": "Completed",
        "ea1": "K30P12",
        "ea2": "Kwa-Zulu Natal"
      }
    },
    {
      "attributes": {
        "owner": "DFA",
        "stage": "Completed",
        "ea1": "K30P12",
        "ea2": "Kwa-Zulu Natal"
      }
    },
    {
      "attributes": {
        "owner": "DFA",
        "stage": "Completed",
        "ea1": "K30P12",
        "ea2": "Kwa-Zulu Natal"
      }
    },
    {
      "attributes": {
        "owner": "DFA",
        "stage": "Completed",
        "ea1": "K30P12",
        "ea2": "Kwa-Zulu Natal"
      }
    },
    {
      "attributes": {
        "owner": "DFA",
        "stage": "Completed",
        "ea1": "K30P12",
        "ea2": "Kwa-Zulu Natal"
      }
    },
    {
      "attributes": {
        "owner": "DFA",
        "stage": "Completed",
        "ea1": "K30P12",
        "ea2": "Kwa-Zulu Natal"
      }
    },
    {
      "attributes": {
        "owner": "DFA",
        "stage": "Completed",
        "ea1": "K30P12",
        "ea2": "Kwa-Zulu Natal"
      }
    },
    {
      "attributes": {
        "owner": "DFA",
        "stage": "Completed",
        "ea1": "K30P12",
        "ea2": "Kwa-Zulu Natal"
      }
    },
    {
      "attributes": {
        "owner": "DFA",
        "stage": "Completed",
        "ea1": "K30P12",
        "ea2": "Kwa-Zulu Natal"
      }
    },
    {
      "attributes": {
        "owner": "DFA",
        "stage": "Completed",
        "ea1": "K30P12",
        "ea2": "Kwa-Zulu Natal"
      }
    },
    {
      "attributes": {
        "owner": "DFA",
        "stage": "Completed",
        "ea1": "K30P14",
        "ea2": "Kwa-Zulu Natal"
      }
    },
    {
      "attributes": {
        "owner": "DFA",
        "stage": "Completed",
        "ea1": "K50P53",
        "ea2": "Kwa-Zulu Natal"
      }
    },
    {
      "attributes": {
        "owner": "DFA",
        "stage": "Completed",
        "ea1": "K50P53",
        "ea2": "Kwa-Zulu Natal"
      }
    },
    {
      "attributes": {
        "owner": "DFA",
        "stage": "Completed",
        "ea1": "K50P53",
        "ea2": "Kwa-Zulu Natal"
      }
    },
    {
      "attributes": {
        "owner": "DFA",
        "stage": "Completed",
        "ea1": "K50P53",
        "ea2": "Kwa-Zulu Natal"
      }
    },
    {
      "attributes": {
        "owner": "DFA",
        "stage": "Completed",
        "ea1": "K50P53",
        "ea2": "Kwa-Zulu Natal"
      }
    },
    {
      "attributes": {
        "owner": "DFA",
        "stage": "Completed",
        "ea1": "K50P53",
        "ea2": "Kwa-Zulu Natal"
      }
    },
    {
      "attributes": {
        "owner": "DFA",
        "stage": "Completed",
        "ea1": "K50P53",
        "ea2": "Kwa-Zulu Natal"
      }
    },
    {
      "attributes": {
        "owner": "DFA",
        "stage": "Completed",
        "ea1": "K50P53",
        "ea2": "Kwa-Zulu Natal"
      }
    },
    {
      "attributes": {
        "owner": "DFA",
        "stage": "Completed",
        "ea1": "K50P53",
        "ea2": "Kwa-Zulu Natal"
      }
    },
    {
      "attributes": {
        "owner": "DFA",
        "stage": "Completed",
        "ea1": "K50P53",
        "ea2": "Kwa-Zulu Natal"
      }
    },
    {
      "attributes": {
        "owner": "DFA",
        "stage": "Completed",
        "ea1": "K50P53",
        "ea2": "Kwa-Zulu Natal"
      }
    },
    {
      "attributes": {
        "owner": "DFA",
        "stage": "Completed",
        "ea1": "K50P53",
        "ea2": "Kwa-Zulu Natal"
      }
    },
    {
      "attributes": {
        "owner": "DFA",
        "stage": "Completed",
        "ea1": "K50P45",
        "ea2": "Kwa-Zulu Natal"
      }
    },
    {
      "attributes": {
        "owner": "DFA",
        "stage": "Completed",
        "ea1": "K50P45",
        "ea2": "Kwa-Zulu Natal"
      }
    },
    {
      "attributes": {
        "owner": "DFA",
        "stage": "Completed",
        "ea1": "K50P45",
        "ea2": "Kwa-Zulu Natal"
      }
    },
    {
      "attributes": {
        "owner": "DFA",
        "stage": "Completed",
        "ea1": "K50P45",
        "ea2": "Kwa-Zulu Natal"
      }
    },
    {
      "attributes": {
        "owner": "DFA",
        "stage": "Completed",
        "ea1": "K50P45",
        "ea2": "Kwa-Zulu Natal"
      }
    },
    {
      "attributes": {
        "owner": "DFA",
        "stage": "Completed",
        "ea1": "K50P45",
        "ea2": "Kwa-Zulu Natal"
      }
    },
    {
      "attributes": {
        "owner": "DFA",
        "stage": "Completed",
        "ea1": "K01P05",
        "ea2": "Kwa-Zulu Natal"
      }
    },
    {
      "attributes": {
        "owner": "DFA",
        "stage": "Completed",
        "ea1": "K50P09",
        "ea2": "Kwa-Zulu Natal"
      }
    },
    {
      "attributes": {
        "owner": "DFA",
        "stage": "Completed",
        "ea1": "K50P09",
        "ea2": "Kwa-Zulu Natal"
      }
    },
    {
      "attributes": {
        "owner": "DFA",
        "stage": "Completed",
        "ea1": "K50P09",
        "ea2": "Kwa-Zulu Natal"
      }
    },
    {
      "attributes": {
        "owner": "DFA",
        "stage": "Completed",
        "ea1": "K50P09",
        "ea2": "Kwa-Zulu Natal"
      }
    },
    {
      "attributes": {
        "owner": "DFA",
        "stage": "Completed",
        "ea1": "K50P09",
        "ea2": "Kwa-Zulu Natal"
      }
    },
    {
      "attributes": {
        "owner": "DFA",
        "stage": "Completed",
        "ea1": "K50P09",
        "ea2": "Kwa-Zulu Natal"
      }
    },
    {
      "attributes": {
        "owner": "DFA",
        "stage": "Completed",
        "ea1": "K50P09",
        "ea2": "Kwa-Zulu Natal"
      }
    },
    {
      "attributes": {
        "owner": "DFA",
        "stage": "Completed",
        "ea1": "K50P09",
        "ea2": "Kwa-Zulu Natal"
      }
    },
    {
      "attributes": {
        "owner": "DFA",
        "stage": "Completed",
        "ea1": "K50P09",
        "ea2": "Kwa-Zulu Natal"
      }
    },
    {
      "attributes": {
        "owner": "DFA",
        "stage": "Completed",
        "ea1": "K50P09",
        "ea2": "Kwa-Zulu Natal"
      }
    },
    {
      "attributes": {
        "owner": "DFA",
        "stage": "Completed",
        "ea1": "AS0051CH023310",
        "ea2": "Western Region"
      }
    },
    {
      "attributes": {
        "owner": "DFA",
        "stage": "Completed",
        "ea1": "K30P11",
        "ea2": "Kwa-Zulu Natal"
      }
    },
    {
      "attributes": {
        "owner": "DFA",
        "stage": "Completed",
        "ea1": "K50P31",
        "ea2": "Kwa-Zulu Natal"
      }
    },
    {
      "attributes": {
        "owner": "DFA",
        "stage": "Completed",
        "ea1": "K50P31",
        "ea2": "Kwa-Zulu Natal"
      }
    },
    {
      "attributes": {
        "owner": "DFA",
        "stage": "Completed",
        "ea1": "K50P31",
        "ea2": "Kwa-Zulu Natal"
      }
    },
    {
      "attributes": {
        "owner": "DFA",
        "stage": "Completed",
        "ea1": "K50P31",
        "ea2": "Kwa-Zulu Natal"
      }
    },
    {
      "attributes": {
        "owner": "DFA",
        "stage": "Completed",
        "ea1": "K50P31",
        "ea2": "Kwa-Zulu Natal"
      }
    },
    {
      "attributes": {
        "owner": "DFA",
        "stage": "Completed",
        "ea1": "K50P31",
        "ea2": "Kwa-Zulu Natal"
      }
    },
    {
      "attributes": {
        "owner": "DFA",
        "stage": "Completed",
        "ea1": "K50P31",
        "ea2": "Kwa-Zulu Natal"
      }
    },
    {
      "attributes": {
        "owner": "DFA",
        "stage": "Completed",
        "ea1": "K50P31",
        "ea2": "Kwa-Zulu Natal"
      }
    },
    {
      "attributes": {
        "owner": "DFA",
        "stage": "Completed",
        "ea1": "K50P33",
        "ea2": "Kwa-Zulu Natal"
      }
    },
    {
      "attributes": {
        "owner": "DFA",
        "stage": "Completed",
        "ea1": "AS00590GH001265",
        "ea2": "Gauteng South"
      }
    },
    {
      "attributes": {
        "owner": "DFA",
        "stage": "Completed",
        "ea1": "K50P53",
        "ea2": "Kwa-Zulu Natal"
      }
    },
    {
      "attributes": {
        "owner": "DFA",
        "stage": "Completed",
        "ea1": "K50P23",
        "ea2": "Kwa-Zulu Natal"
      }
    },
    {
      "attributes": {
        "owner": "DFA",
        "stage": "Completed",
        "ea1": "AS04053GH024442",
        "ea2": "Gauteng South"
      }
    },
    {
      "attributes": {
        "owner": "DFA",
        "stage": "Completed",
        "ea1": "AS04053GH024443",
        "ea2": "Gauteng South"
      }
    },
    {
      "attributes": {
        "owner": "DFA",
        "stage": "Completed",
        "ea1": "K50P31",
        "ea2": "Kwa-Zulu Natal"
      }
    },
    {
      "attributes": {
        "owner": "DFA",
        "stage": "Completed",
        "ea1": "K50P31",
        "ea2": "Kwa-Zulu Natal"
      }
    },
    {
      "attributes": {
        "owner": "DFA",
        "stage": "Completed",
        "ea1": "AS01570GH001329",
        "ea2": "Gauteng South"
      }
    },
    {
      "attributes": {
        "owner": "DFA",
        "stage": "Completed",
        "ea1": "W01P08",
        "ea2": "Western Region"
      }
    },
    {
      "attributes": {
        "owner": "DFA",
        "stage": "Completed",
        "ea1": "K01P04",
        "ea2": "Kwa-Zulu Natal"
      }
    },
    {
      "attributes": {
        "owner": "DFA",
        "stage": "Completed",
        "ea1": "G65P40",
        "ea2": "Gauteng South"
      }
    },
    {
      "attributes": {
        "owner": "DFA",
        "stage": "Completed",
        "ea1": "K20P12",
        "ea2": "Kwa-Zulu Natal"
      }
    },
    {
      "attributes": {
        "owner": "DFA",
        "stage": "Completed",
        "ea1": "K30P04",
        "ea2": "Kwa-Zulu Natal"
      }
    },
    {
      "attributes": {
        "owner": "DFA",
        "stage": "Construction",
        "ea1": "none",
        "ea2": "Eastern Region"
      }
    },
    {
      "attributes": {
        "owner": "DFA",
        "stage": "Completed",
        "ea1": "K30P04",
        "ea2": "Kwa-Zulu Natal"
      }
    },
    {
      "attributes": {
        "owner": "DFA",
        "stage": "Completed",
        "ea1": "K50P36",
        "ea2": "Kwa-Zulu Natal"
      }
    },
    {
      "attributes": {
        "owner": "DFA",
        "stage": "Completed",
        "ea1": "VS02267KH022350",
        "ea2": "Kwa-Zulu Natal"
      }
    },
    {
      "attributes": {
        "owner": "DFA",
        "stage": "Completed",
        "ea1": "K30P09",
        "ea2": "Kwa-Zulu Natal"
      }
    },
    {
      "attributes": {
        "owner": "DFA",
        "stage": "Completed",
        "ea1": "AS01555GH000516",
        "ea2": "Gauteng South"
      }
    },
    {
      "attributes": {
        "owner": "DFA",
        "stage": "Completed",
        "ea1": "W44P04",
        "ea2": "Western Region"
      }
    },
    {
      "attributes": {
        "owner": "DFA",
        "stage": "Completed",
        "ea1": "W44P02",
        "ea2": "Western Region"
      }
    },
    {
      "attributes": {
        "owner": "DFA",
        "stage": "Completed",
        "ea1": "W44P02",
        "ea2": "Western Region"
      }
    },
    {
      "attributes": {
        "owner": "DFA",
        "stage": "Completed",
        "ea1": "none",
        "ea2": "Eastern Region"
      }
    },
    {
      "attributes": {
        "owner": "DFA",
        "stage": "Completed",
        "ea1": "W44P02",
        "ea2": "Western Region"
      }
    },
    {
      "attributes": {
        "owner": "DFA",
        "stage": "Completed",
        "ea1": "W44P02",
        "ea2": "Western Region"
      }
    },
    {
      "attributes": {
        "owner": "DFA",
        "stage": "Completed",
        "ea1": "W44P02",
        "ea2": "Western Region"
      }
    },
    {
      "attributes": {
        "owner": "DFA",
        "stage": "Completed",
        "ea1": "W44P07",
        "ea2": "Western Region"
      }
    },
    {
      "attributes": {
        "owner": "DFA",
        "stage": "Completed",
        "ea1": "W44P07",
        "ea2": "Western Region"
      }
    },
    {
      "attributes": {
        "owner": "DFA",
        "stage": "Completed",
        "ea1": "W44P07",
        "ea2": "Western Region"
      }
    },
    {
      "attributes": {
        "owner": "DFA",
        "stage": "Completed",
        "ea1": "VS03888WH050002",
        "ea2": "Western Region"
      }
    },
    {
      "attributes": {
        "owner": "DFA",
        "stage": "Completed",
        "ea1": "NW03P06",
        "ea2": "Northern Region"
      }
    },
    {
      "attributes": {
        "owner": "DFA",
        "stage": "Completed",
        "ea1": "NB50P80",
        "ea2": "Northern Region"
      }
    },
    {
      "attributes": {
        "owner": "DFA",
        "stage": "Construction",
        "ea1": "NB01P02",
        "ea2": "Northern Region"
      }
    },
    {
      "attributes": {
        "owner": "DFA",
        "stage": "Completed",
        "ea1": "G52P33",
        "ea2": "Gauteng South"
      }
    },
    {
      "attributes": {
        "owner": "DFA",
        "stage": "Completed",
        "ea1": "G52P33",
        "ea2": "Gauteng South"
      }
    },
    {
      "attributes": {
        "owner": "DFA",
        "stage": "Completed",
        "ea1": "G52P33",
        "ea2": "Gauteng South"
      }
    },
    {
      "attributes": {
        "owner": "DFA",
        "stage": "Completed",
        "ea1": "G52P33",
        "ea2": "Gauteng South"
      }
    },
    {
      "attributes": {
        "owner": "DFA",
        "stage": "Completed",
        "ea1": "G52P33",
        "ea2": "Gauteng South"
      }
    },
    {
      "attributes": {
        "owner": "DFA",
        "stage": "Completed",
        "ea1": "G52P33",
        "ea2": "Gauteng South"
      }
    },
    {
      "attributes": {
        "owner": "DFA",
        "stage": "Completed",
        "ea1": "G52P33",
        "ea2": "Gauteng South"
      }
    },
    {
      "attributes": {
        "owner": "DFA",
        "stage": "Completed",
        "ea1": "G52P33",
        "ea2": "Gauteng South"
      }
    },
    {
      "attributes": {
        "owner": "DFA",
        "stage": "Completed",
        "ea1": "G52P33",
        "ea2": "Gauteng South"
      }
    },
    {
      "attributes": {
        "owner": "DFA",
        "stage": "Completed",
        "ea1": "G52P33",
        "ea2": "Gauteng South"
      }
    },
    {
      "attributes": {
        "owner": "DFA",
        "stage": "Completed",
        "ea1": "G52P33",
        "ea2": "Gauteng South"
      }
    },
    {
      "attributes": {
        "owner": "DFA",
        "stage": "Completed",
        "ea1": "G52P33",
        "ea2": "Gauteng South"
      }
    },
    {
      "attributes": {
        "owner": "DFA",
        "stage": "Completed",
        "ea1": "G52P33",
        "ea2": "Gauteng South"
      }
    },
    {
      "attributes": {
        "owner": "DFA",
        "stage": "Completed",
        "ea1": "G52P33",
        "ea2": "Gauteng South"
      }
    },
    {
      "attributes": {
        "owner": "DFA",
        "stage": "Completed",
        "ea1": "G52P33",
        "ea2": "Gauteng South"
      }
    },
    {
      "attributes": {
        "owner": "DFA",
        "stage": "Completed",
        "ea1": "G52P33",
        "ea2": "Gauteng South"
      }
    },
    {
      "attributes": {
        "owner": "DFA",
        "stage": "Completed",
        "ea1": "G52P33",
        "ea2": "Gauteng South"
      }
    },
    {
      "attributes": {
        "owner": "DFA",
        "stage": "Completed",
        "ea1": "G52P33",
        "ea2": "Gauteng South"
      }
    },
    {
      "attributes": {
        "owner": "DFA",
        "stage": "Completed",
        "ea1": "G52P33",
        "ea2": "Gauteng South"
      }
    },
    {
      "attributes": {
        "owner": "DFA",
        "stage": "Completed",
        "ea1": "G52P33",
        "ea2": "Gauteng South"
      }
    },
    {
      "attributes": {
        "owner": "DFA",
        "stage": "Completed",
        "ea1": "G52P33",
        "ea2": "Gauteng South"
      }
    },
    {
      "attributes": {
        "owner": "DFA",
        "stage": "Completed",
        "ea1": "G52P33",
        "ea2": "Gauteng South"
      }
    },
    {
      "attributes": {
        "owner": "DFA",
        "stage": "Completed",
        "ea1": "G52P33",
        "ea2": "Gauteng South"
      }
    },
    {
      "attributes": {
        "owner": "DFA",
        "stage": "Completed",
        "ea1": "G52P33",
        "ea2": "Gauteng South"
      }
    },
    {
      "attributes": {
        "owner": "DFA",
        "stage": "Completed",
        "ea1": "G52P33",
        "ea2": "Gauteng South"
      }
    },
    {
      "attributes": {
        "owner": "DFA",
        "stage": "Completed",
        "ea1": "G52P33",
        "ea2": "Gauteng South"
      }
    },
    {
      "attributes": {
        "owner": "DFA",
        "stage": "Completed",
        "ea1": "G52P33",
        "ea2": "Gauteng South"
      }
    },
    {
      "attributes": {
        "owner": "DFA",
        "stage": "Completed",
        "ea1": "G52P33",
        "ea2": "Gauteng South"
      }
    },
    {
      "attributes": {
        "owner": "DFA",
        "stage": "Completed",
        "ea1": "G52P33",
        "ea2": "Gauteng South"
      }
    },
    {
      "attributes": {
        "owner": "DFA",
        "stage": "Completed",
        "ea1": "G52P33",
        "ea2": "Gauteng South"
      }
    },
    {
      "attributes": {
        "owner": "DFA",
        "stage": "Completed",
        "ea1": "G52P33",
        "ea2": "Gauteng South"
      }
    },
    {
      "attributes": {
        "owner": "DFA",
        "stage": "Completed",
        "ea1": "G52P33",
        "ea2": "Gauteng South"
      }
    },
    {
      "attributes": {
        "owner": "DFA",
        "stage": "Completed",
        "ea1": "G52P33",
        "ea2": "Gauteng South"
      }
    },
    {
      "attributes": {
        "owner": "DFA",
        "stage": "Completed",
        "ea1": "G52P33",
        "ea2": "Gauteng South"
      }
    },
    {
      "attributes": {
        "owner": "DFA",
        "stage": "Completed",
        "ea1": "G52P33",
        "ea2": "Gauteng South"
      }
    },
    {
      "attributes": {
        "owner": "DFA",
        "stage": "Completed",
        "ea1": "G52P33",
        "ea2": "Gauteng South"
      }
    },
    {
      "attributes": {
        "owner": "DFA",
        "stage": "Completed",
        "ea1": "G52P33",
        "ea2": "Gauteng South"
      }
    },
    {
      "attributes": {
        "owner": "DFA",
        "stage": "Completed",
        "ea1": "G52P33",
        "ea2": "Gauteng South"
      }
    },
    {
      "attributes": {
        "owner": "DFA",
        "stage": "Completed",
        "ea1": "G52P33",
        "ea2": "Gauteng South"
      }
    },
    {
      "attributes": {
        "owner": "DFA",
        "stage": "Completed",
        "ea1": "G52P33",
        "ea2": "Gauteng South"
      }
    },
    {
      "attributes": {
        "owner": "DFA",
        "stage": "Completed",
        "ea1": "G52P33",
        "ea2": "Gauteng South"
      }
    },
    {
      "attributes": {
        "owner": "DFA",
        "stage": "Completed",
        "ea1": "G52P33",
        "ea2": "Gauteng South"
      }
    },
    {
      "attributes": {
        "owner": "DFA",
        "stage": "Completed",
        "ea1": "G52P33",
        "ea2": "Gauteng South"
      }
    },
    {
      "attributes": {
        "owner": "DFA",
        "stage": "Completed",
        "ea1": "G52P33",
        "ea2": "Gauteng South"
      }
    },
    {
      "attributes": {
        "owner": "DFA",
        "stage": "Completed",
        "ea1": "G52P33",
        "ea2": "Gauteng South"
      }
    },
    {
      "attributes": {
        "owner": "DFA",
        "stage": "Construction",
        "ea1": "G50P66",
        "ea2": "Gauteng South"
      }
    },
    {
      "attributes": {
        "owner": "DFA",
        "stage": "Completed",
        "ea1": "G52P33",
        "ea2": "Gauteng South"
      }
    },
    {
      "attributes": {
        "owner": "DFA",
        "stage": "Completed",
        "ea1": "G52P33",
        "ea2": "Gauteng South"
      }
    },
    {
      "attributes": {
        "owner": "DFA",
        "stage": "Completed",
        "ea1": "G52P33",
        "ea2": "Gauteng South"
      }
    },
    {
      "attributes": {
        "owner": "DFA",
        "stage": "Completed",
        "ea1": "G52P33",
        "ea2": "Gauteng South"
      }
    },
    {
      "attributes": {
        "owner": "DFA",
        "stage": "Completed",
        "ea1": "G30P45",
        "ea2": "Gauteng South"
      }
    },
    {
      "attributes": {
        "owner": "DFA",
        "stage": "Completed",
        "ea1": "G52P43",
        "ea2": "Gauteng South"
      }
    },
    {
      "attributes": {
        "owner": "DFA",
        "stage": "Completed",
        "ea1": "G52P43",
        "ea2": "Gauteng South"
      }
    },
    {
      "attributes": {
        "owner": "DFA",
        "stage": "Completed",
        "ea1": "G52P43",
        "ea2": "Gauteng South"
      }
    },
    {
      "attributes": {
        "owner": "DFA",
        "stage": "Completed",
        "ea1": "G52P43",
        "ea2": "Gauteng South"
      }
    },
    {
      "attributes": {
        "owner": "DFA",
        "stage": "Completed",
        "ea1": "G52P43",
        "ea2": "Gauteng South"
      }
    },
    {
      "attributes": {
        "owner": "DFA",
        "stage": "Completed",
        "ea1": "G52P43",
        "ea2": "Gauteng South"
      }
    },
    {
      "attributes": {
        "owner": "DFA",
        "stage": "Completed",
        "ea1": "G52P43",
        "ea2": "Gauteng South"
      }
    },
    {
      "attributes": {
        "owner": "DFA",
        "stage": "Completed",
        "ea1": "G52P43",
        "ea2": "Gauteng South"
      }
    },
    {
      "attributes": {
        "owner": "DFA",
        "stage": "Completed",
        "ea1": "G52P43",
        "ea2": "Gauteng South"
      }
    },
    {
      "attributes": {
        "owner": "DFA",
        "stage": "Completed",
        "ea1": "G52P43",
        "ea2": "Gauteng South"
      }
    },
    {
      "attributes": {
        "owner": "DFA",
        "stage": "Completed",
        "ea1": "G52P43",
        "ea2": "Gauteng South"
      }
    },
    {
      "attributes": {
        "owner": "DFA",
        "stage": "Completed",
        "ea1": "G52P43",
        "ea2": "Gauteng South"
      }
    },
    {
      "attributes": {
        "owner": "DFA",
        "stage": "Completed",
        "ea1": "G52P43",
        "ea2": "Gauteng South"
      }
    },
    {
      "attributes": {
        "owner": "DFA",
        "stage": "Completed",
        "ea1": "G52P43",
        "ea2": "Gauteng South"
      }
    },
    {
      "attributes": {
        "owner": "DFA",
        "stage": "Completed",
        "ea1": "G52P43",
        "ea2": "Gauteng South"
      }
    },
    {
      "attributes": {
        "owner": "DFA",
        "stage": "Completed",
        "ea1": "G52P43",
        "ea2": "Gauteng South"
      }
    },
    {
      "attributes": {
        "owner": "DFA",
        "stage": "Completed",
        "ea1": "G52P43",
        "ea2": "Gauteng South"
      }
    },
    {
      "attributes": {
        "owner": "DFA",
        "stage": "Completed",
        "ea1": "G52P43",
        "ea2": "Gauteng South"
      }
    },
    {
      "attributes": {
        "owner": "DFA",
        "stage": "Completed",
        "ea1": "G52P43",
        "ea2": "Gauteng South"
      }
    },
    {
      "attributes": {
        "owner": "DFA",
        "stage": "Completed",
        "ea1": "G52P43",
        "ea2": "Gauteng South"
      }
    },
    {
      "attributes": {
        "owner": "DFA",
        "stage": "Construction",
        "ea1": "AS00865GH000988",
        "ea2": "None"
      }
    },
    {
      "attributes": {
        "owner": "DFA",
        "stage": "Construction",
        "ea1": "AS00865GH000988",
        "ea2": "None"
      }
    },
    {
      "attributes": {
        "owner": "DFA",
        "stage": "Construction",
        "ea1": "AS00865GH000988",
        "ea2": "None"
      }
    },
    {
      "attributes": {
        "owner": "DFA",
        "stage": "Completed",
        "ea1": "G52P43",
        "ea2": "Gauteng South"
      }
    },
    {
      "attributes": {
        "owner": "DFA",
        "stage": "Completed",
        "ea1": "G52P43",
        "ea2": "Gauteng South"
      }
    },
    {
      "attributes": {
        "owner": "DFA",
        "stage": "Completed",
        "ea1": "G52P43",
        "ea2": "Gauteng South"
      }
    },
    {
      "attributes": {
        "owner": "DFA",
        "stage": "Completed",
        "ea1": "G52P43",
        "ea2": "Gauteng South"
      }
    },
    {
      "attributes": {
        "owner": "DFA",
        "stage": "Completed",
        "ea1": "G52P43",
        "ea2": "Gauteng South"
      }
    },
    {
      "attributes": {
        "owner": "DFA",
        "stage": "Completed",
        "ea1": "G52P43",
        "ea2": "Gauteng South"
      }
    },
    {
      "attributes": {
        "owner": "DFA",
        "stage": "Completed",
        "ea1": "G52P43",
        "ea2": "Gauteng South"
      }
    },
    {
      "attributes": {
        "owner": "DFA",
        "stage": "Completed",
        "ea1": "G52P43",
        "ea2": "Gauteng South"
      }
    },
    {
      "attributes": {
        "owner": "DFA",
        "stage": "Completed",
        "ea1": "NB50P74",
        "ea2": "Northern Region"
      }
    },
    {
      "attributes": {
        "owner": "DFA",
        "stage": "Completed",
        "ea1": "M01P12",
        "ea2": "Mphumalanga"
      }
    },
    {
      "attributes": {
        "owner": "DFA",
        "stage": "Construction",
        "ea1": "AS04573HB001641-01",
        "ea2": "None"
      }
    },
    {
      "attributes": {
        "owner": "DFA",
        "stage": "Construction",
        "ea1": "AS04573NB001640",
        "ea2": "None"
      }
    },
    {
      "attributes": {
        "owner": "DFA",
        "stage": "Completed",
        "ea1": "NB50P90",
        "ea2": "Northern Region"
      }
    },
    {
      "attributes": {
        "owner": "DFA",
        "stage": "Completed",
        "ea1": "NB50P90",
        "ea2": "Northern Region"
      }
    },
    {
      "attributes": {
        "owner": "DFA",
        "stage": "Completed",
        "ea1": "NB50P90",
        "ea2": "Northern Region"
      }
    },
    {
      "attributes": {
        "owner": "DFA",
        "stage": "Completed",
        "ea1": "NB50P90",
        "ea2": "Northern Region"
      }
    },
    {
      "attributes": {
        "owner": "DFA",
        "stage": "Completed",
        "ea1": "NB50P90",
        "ea2": "Northern Region"
      }
    },
    {
      "attributes": {
        "owner": "DFA",
        "stage": "Completed",
        "ea1": "NB50P90",
        "ea2": "Northern Region"
      }
    },
    {
      "attributes": {
        "owner": "DFA",
        "stage": "Completed",
        "ea1": "NB50P90",
        "ea2": "Northern Region"
      }
    },
    {
      "attributes": {
        "owner": "DFA",
        "stage": "Completed",
        "ea1": "NB50P90",
        "ea2": "Northern Region"
      }
    },
    {
      "attributes": {
        "owner": "DFA",
        "stage": "Completed",
        "ea1": "NB50P90",
        "ea2": "Northern Region"
      }
    },
    {
      "attributes": {
        "owner": "DFA",
        "stage": "Completed",
        "ea1": "NB50P90",
        "ea2": "Northern Region"
      }
    },
    {
      "attributes": {
        "owner": "DFA",
        "stage": "Completed",
        "ea1": "NB50P90",
        "ea2": "Northern Region"
      }
    },
    {
      "attributes": {
        "owner": "DFA",
        "stage": "Completed",
        "ea1": "NB50P90",
        "ea2": "Northern Region"
      }
    },
    {
      "attributes": {
        "owner": "DFA",
        "stage": "Completed",
        "ea1": "NB50P90",
        "ea2": "Northern Region"
      }
    },
    {
      "attributes": {
        "owner": "DFA",
        "stage": "Completed",
        "ea1": "NB50P90",
        "ea2": "Northern Region"
      }
    },
    {
      "attributes": {
        "owner": "DFA",
        "stage": "Completed",
        "ea1": "NB50P90",
        "ea2": "Northern Region"
      }
    },
    {
      "attributes": {
        "owner": "DFA",
        "stage": "Completed",
        "ea1": "NB50P90",
        "ea2": "Northern Region"
      }
    },
    {
      "attributes": {
        "owner": "DFA",
        "stage": "Completed",
        "ea1": "NB50P90",
        "ea2": "Northern Region"
      }
    },
    {
      "attributes": {
        "owner": "DFA",
        "stage": "Completed",
        "ea1": "AS00144BH021031",
        "ea2": "Northern Region"
      }
    },
    {
      "attributes": {
        "owner": "DFA",
        "stage": "Completed",
        "ea1": "G52P68",
        "ea2": "Gauteng South"
      }
    },
    {
      "attributes": {
        "owner": "DFA",
        "stage": "Completed",
        "ea1": "G52P68",
        "ea2": "Gauteng South"
      }
    },
    {
      "attributes": {
        "owner": "DFA",
        "stage": "Completed",
        "ea1": "G52P68",
        "ea2": "Gauteng South"
      }
    },
    {
      "attributes": {
        "owner": "DFA",
        "stage": "Completed",
        "ea1": "G52P87",
        "ea2": "Gauteng South"
      }
    },
    {
      "attributes": {
        "owner": "DFA",
        "stage": "Completed",
        "ea1": "G52P87",
        "ea2": "Gauteng South"
      }
    },
    {
      "attributes": {
        "owner": "DFA",
        "stage": "Completed",
        "ea1": "G52P87",
        "ea2": "Gauteng South"
      }
    },
    {
      "attributes": {
        "owner": "DFA",
        "stage": "Completed",
        "ea1": "G52P87",
        "ea2": "Gauteng South"
      }
    },
    {
      "attributes": {
        "owner": "DFA",
        "stage": "Completed",
        "ea1": "G52P87",
        "ea2": "Gauteng South"
      }
    },
    {
      "attributes": {
        "owner": "DFA",
        "stage": "Completed",
        "ea1": "G52P87",
        "ea2": "Gauteng South"
      }
    },
    {
      "attributes": {
        "owner": "DFA",
        "stage": "Completed",
        "ea1": "G52P87",
        "ea2": "Gauteng South"
      }
    },
    {
      "attributes": {
        "owner": "DFA",
        "stage": "Completed",
        "ea1": "G52P87",
        "ea2": "Gauteng South"
      }
    },
    {
      "attributes": {
        "owner": "DFA",
        "stage": "Completed",
        "ea1": "G52P87",
        "ea2": "Gauteng South"
      }
    },
    {
      "attributes": {
        "owner": "DFA",
        "stage": "Completed",
        "ea1": "G52P87",
        "ea2": "Gauteng South"
      }
    },
    {
      "attributes": {
        "owner": "DFA",
        "stage": "Completed",
        "ea1": "G52P87",
        "ea2": "Gauteng South"
      }
    },
    {
      "attributes": {
        "owner": "DFA",
        "stage": "Completed",
        "ea1": "G52P87",
        "ea2": "Gauteng South"
      }
    },
    {
      "attributes": {
        "owner": "DFA",
        "stage": "Completed",
        "ea1": "G52P87",
        "ea2": "Gauteng South"
      }
    },
    {
      "attributes": {
        "owner": "DFA",
        "stage": "Completed",
        "ea1": "G52P87",
        "ea2": "Gauteng South"
      }
    },
    {
      "attributes": {
        "owner": "DFA",
        "stage": "Completed",
        "ea1": "G52P87",
        "ea2": "Gauteng South"
      }
    },
    {
      "attributes": {
        "owner": "DFA",
        "stage": "Completed",
        "ea1": "G52P87",
        "ea2": "Gauteng South"
      }
    },
    {
      "attributes": {
        "owner": "DFA",
        "stage": "Completed",
        "ea1": "G52P87",
        "ea2": "Gauteng South"
      }
    },
    {
      "attributes": {
        "owner": "DFA",
        "stage": "Completed",
        "ea1": "G52P87",
        "ea2": "Gauteng South"
      }
    },
    {
      "attributes": {
        "owner": "DFA",
        "stage": "Completed",
        "ea1": "G52P87",
        "ea2": "Gauteng South"
      }
    },
    {
      "attributes": {
        "owner": "DFA",
        "stage": "Construction",
        "ea1": "none",
        "ea2": "None"
      }
    },
    {
      "attributes": {
        "owner": "DFA",
        "stage": "Construction",
        "ea1": "none",
        "ea2": "None"
      }
    },
    {
      "attributes": {
        "owner": "DFA",
        "stage": "Construction",
        "ea1": "none",
        "ea2": "None"
      }
    },
    {
      "attributes": {
        "owner": "DFA",
        "stage": "Construction",
        "ea1": "none",
        "ea2": "None"
      }
    },
    {
      "attributes": {
        "owner": "DFA",
        "stage": "Completed",
        "ea1": "G52P90",
        "ea2": "Gauteng South"
      }
    },
    {
      "attributes": {
        "owner": "DFA",
        "stage": "Completed",
        "ea1": "G52P90",
        "ea2": "Gauteng South"
      }
    },
    {
      "attributes": {
        "owner": "DFA",
        "stage": "Completed",
        "ea1": "G50P29",
        "ea2": "Gauteng South"
      }
    },
    {
      "attributes": {
        "owner": "DFA",
        "stage": "Completed",
        "ea1": "G50P29",
        "ea2": "Gauteng South"
      }
    },
    {
      "attributes": {
        "owner": "DFA",
        "stage": "Completed",
        "ea1": "G50P29",
        "ea2": "Gauteng South"
      }
    },
    {
      "attributes": {
        "owner": "DFA",
        "stage": "Completed",
        "ea1": "G50P29",
        "ea2": "Gauteng South"
      }
    },
    {
      "attributes": {
        "owner": "DFA",
        "stage": "Completed",
        "ea1": "G50P29",
        "ea2": "Gauteng South"
      }
    },
    {
      "attributes": {
        "owner": "DFA",
        "stage": "Completed",
        "ea1": "G50P29",
        "ea2": "Gauteng South"
      }
    },
    {
      "attributes": {
        "owner": "DFA",
        "stage": "Completed",
        "ea1": "G50P29",
        "ea2": "Gauteng South"
      }
    },
    {
      "attributes": {
        "owner": "DFA",
        "stage": "Completed",
        "ea1": "G50P29",
        "ea2": "Gauteng South"
      }
    },
    {
      "attributes": {
        "owner": "DFA",
        "stage": "Completed",
        "ea1": "G50P29",
        "ea2": "Gauteng South"
      }
    },
    {
      "attributes": {
        "owner": "DFA",
        "stage": "Completed",
        "ea1": "G50P29",
        "ea2": "Gauteng South"
      }
    },
    {
      "attributes": {
        "owner": "DFA",
        "stage": "Completed",
        "ea1": "G50P29",
        "ea2": "Gauteng South"
      }
    },
    {
      "attributes": {
        "owner": "DFA",
        "stage": "Completed",
        "ea1": "G50P29",
        "ea2": "Gauteng South"
      }
    },
    {
      "attributes": {
        "owner": "DFA",
        "stage": "Completed",
        "ea1": "G50P29",
        "ea2": "Gauteng South"
      }
    },
    {
      "attributes": {
        "owner": "DFA",
        "stage": "Completed",
        "ea1": "G50P29",
        "ea2": "Gauteng South"
      }
    },
    {
      "attributes": {
        "owner": "DFA",
        "stage": "Completed",
        "ea1": "G50P29",
        "ea2": "Gauteng South"
      }
    },
    {
      "attributes": {
        "owner": "DFA",
        "stage": "Completed",
        "ea1": "G50P29",
        "ea2": "Gauteng South"
      }
    },
    {
      "attributes": {
        "owner": "DFA",
        "stage": "Completed",
        "ea1": "G50P29",
        "ea2": "Gauteng South"
      }
    },
    {
      "attributes": {
        "owner": "DFA",
        "stage": "Completed",
        "ea1": "G50P29",
        "ea2": "Gauteng South"
      }
    },
    {
      "attributes": {
        "owner": "DFA",
        "stage": "Completed",
        "ea1": "G50P29",
        "ea2": "Gauteng South"
      }
    },
    {
      "attributes": {
        "owner": "DFA",
        "stage": "Construction",
        "ea1": "none",
        "ea2": "None"
      }
    },
    {
      "attributes": {
        "owner": "DFA",
        "stage": "Completed",
        "ea1": "G50P29",
        "ea2": "Gauteng South"
      }
    },
    {
      "attributes": {
        "owner": "DFA",
        "stage": "Completed",
        "ea1": "G50P29",
        "ea2": "Gauteng South"
      }
    },
    {
      "attributes": {
        "owner": "DFA",
        "stage": "Completed",
        "ea1": "G50P29",
        "ea2": "Gauteng South"
      }
    },
    {
      "attributes": {
        "owner": "DFA",
        "stage": "Completed",
        "ea1": "G50P29",
        "ea2": "Gauteng South"
      }
    },
    {
      "attributes": {
        "owner": "DFA",
        "stage": "Completed",
        "ea1": "G50P29",
        "ea2": "Gauteng South"
      }
    },
    {
      "attributes": {
        "owner": "DFA",
        "stage": "Completed",
        "ea1": "G50P29",
        "ea2": "Gauteng South"
      }
    },
    {
      "attributes": {
        "owner": "DFA",
        "stage": "Completed",
        "ea1": "G50P29",
        "ea2": "Gauteng South"
      }
    },
    {
      "attributes": {
        "owner": "DFA",
        "stage": "Completed",
        "ea1": "G50P29",
        "ea2": "Gauteng South"
      }
    },
    {
      "attributes": {
        "owner": "DFA",
        "stage": "Completed",
        "ea1": "G50P29",
        "ea2": "Gauteng South"
      }
    },
    {
      "attributes": {
        "owner": "DFA",
        "stage": "Completed",
        "ea1": "G50P29",
        "ea2": "Gauteng South"
      }
    },
    {
      "attributes": {
        "owner": "DFA",
        "stage": "Completed",
        "ea1": "G50P29",
        "ea2": "Gauteng South"
      }
    },
    {
      "attributes": {
        "owner": "DFA",
        "stage": "Completed",
        "ea1": "G50P29",
        "ea2": "Gauteng South"
      }
    },
    {
      "attributes": {
        "owner": "DFA",
        "stage": "Completed",
        "ea1": "G50P29",
        "ea2": "Gauteng South"
      }
    },
    {
      "attributes": {
        "owner": "DFA",
        "stage": "Completed",
        "ea1": "G50P29",
        "ea2": "Gauteng South"
      }
    },
    {
      "attributes": {
        "owner": "DFA",
        "stage": "Completed",
        "ea1": "G50P29",
        "ea2": "Gauteng South"
      }
    },
    {
      "attributes": {
        "owner": "DFA",
        "stage": "Completed",
        "ea1": "G50P29",
        "ea2": "Gauteng South"
      }
    },
    {
      "attributes": {
        "owner": "DFA",
        "stage": "Completed",
        "ea1": "G50P29",
        "ea2": "Gauteng South"
      }
    },
    {
      "attributes": {
        "owner": "DFA",
        "stage": "Completed",
        "ea1": "G50P29",
        "ea2": "Gauteng South"
      }
    },
    {
      "attributes": {
        "owner": "DFA",
        "stage": "Completed",
        "ea1": "G50P29",
        "ea2": "Gauteng South"
      }
    },
    {
      "attributes": {
        "owner": "DFA",
        "stage": "Completed",
        "ea1": "G50P29",
        "ea2": "Gauteng South"
      }
    },
    {
      "attributes": {
        "owner": "DFA",
        "stage": "Completed",
        "ea1": "G50P29",
        "ea2": "Gauteng South"
      }
    },
    {
      "attributes": {
        "owner": "DFA",
        "stage": "Completed",
        "ea1": "G50P29",
        "ea2": "Gauteng South"
      }
    },
    {
      "attributes": {
        "owner": "DFA",
        "stage": "Completed",
        "ea1": "AS00735GH220001",
        "ea2": "Northern Region"
      }
    },
    {
      "attributes": {
        "owner": "DFA",
        "stage": "Completed",
        "ea1": "G53P75",
        "ea2": "Gauteng South"
      }
    },
    {
      "attributes": {
        "owner": "DFA",
        "stage": "Completed",
        "ea1": "G53P75",
        "ea2": "Gauteng South"
      }
    },
    {
      "attributes": {
        "owner": "DFA",
        "stage": "Completed",
        "ea1": "G53P75",
        "ea2": "Gauteng South"
      }
    },
    {
      "attributes": {
        "owner": "DFA",
        "stage": "Completed",
        "ea1": "G53P75",
        "ea2": "Gauteng South"
      }
    },
    {
      "attributes": {
        "owner": "DFA",
        "stage": "Completed",
        "ea1": "G53P75",
        "ea2": "Gauteng South"
      }
    },
    {
      "attributes": {
        "owner": "DFA",
        "stage": "Completed",
        "ea1": "K20P21",
        "ea2": "Kwa-Zulu Natal"
      }
    },
    {
      "attributes": {
        "owner": "DFA",
        "stage": "Completed",
        "ea1": "K20P21",
        "ea2": "Kwa-Zulu Natal"
      }
    },
    {
      "attributes": {
        "owner": "DFA",
        "stage": "Completed",
        "ea1": "K20P21",
        "ea2": "Kwa-Zulu Natal"
      }
    },
    {
      "attributes": {
        "owner": "DFA",
        "stage": "Completed",
        "ea1": "K20P21",
        "ea2": "Kwa-Zulu Natal"
      }
    },
    {
      "attributes": {
        "owner": "DFA",
        "stage": "Completed",
        "ea1": "K20P21",
        "ea2": "Kwa-Zulu Natal"
      }
    },
    {
      "attributes": {
        "owner": "DFA",
        "stage": "Completed",
        "ea1": "K20P21",
        "ea2": "Kwa-Zulu Natal"
      }
    },
    {
      "attributes": {
        "owner": "DFA",
        "stage": "Completed",
        "ea1": "AS03947WH280510B",
        "ea2": "Western Region"
      }
    },
    {
      "attributes": {
        "owner": "DFA",
        "stage": "Completed",
        "ea1": "K20P21",
        "ea2": "Kwa-Zulu Natal"
      }
    },
    {
      "attributes": {
        "owner": "DFA",
        "stage": "Construction",
        "ea1": "none",
        "ea2": "None"
      }
    },
    {
      "attributes": {
        "owner": "DFA",
        "stage": "Completed",
        "ea1": "AS00789GH301491A",
        "ea2": "Northern Region"
      }
    },
    {
      "attributes": {
        "owner": "DFA",
        "stage": "Completed",
        "ea1": "W50P19",
        "ea2": "Western Region"
      }
    },
    {
      "attributes": {
        "owner": "DFA",
        "stage": "Completed",
        "ea1": "W50P19",
        "ea2": "Western Region"
      }
    },
    {
      "attributes": {
        "owner": "DFA",
        "stage": "Completed",
        "ea1": "K50P40",
        "ea2": "Kwa-Zulu Natal"
      }
    },
    {
      "attributes": {
        "owner": "DFA",
        "stage": "Completed",
        "ea1": "K50P40",
        "ea2": "Kwa-Zulu Natal"
      }
    },
    {
      "attributes": {
        "owner": "DFA",
        "stage": "Completed",
        "ea1": "W51P07",
        "ea2": "Western Region"
      }
    },
    {
      "attributes": {
        "owner": "DFA",
        "stage": "Completed",
        "ea1": "W51P07",
        "ea2": "Western Region"
      }
    },
    {
      "attributes": {
        "owner": "DFA",
        "stage": "Completed",
        "ea1": "W51P07",
        "ea2": "Western Region"
      }
    },
    {
      "attributes": {
        "owner": "DFA",
        "stage": "Completed",
        "ea1": "W51P07",
        "ea2": "Western Region"
      }
    },
    {
      "attributes": {
        "owner": "DFA",
        "stage": "Completed",
        "ea1": "W51P07",
        "ea2": "Western Region"
      }
    },
    {
      "attributes": {
        "owner": "DFA",
        "stage": "Completed",
        "ea1": "W51P07",
        "ea2": "Western Region"
      }
    },
    {
      "attributes": {
        "owner": "DFA",
        "stage": "Completed",
        "ea1": "W51P07",
        "ea2": "Western Region"
      }
    },
    {
      "attributes": {
        "owner": "DFA",
        "stage": "Completed",
        "ea1": "W51P07",
        "ea2": "Western Region"
      }
    },
    {
      "attributes": {
        "owner": "DFA",
        "stage": "Construction",
        "ea1": "Greenway Drive Entry 1",
        "ea2": "Gauteng South"
      }
    },
    {
      "attributes": {
        "owner": "DFA",
        "stage": "Completed",
        "ea1": "G52P75",
        "ea2": "Gauteng South"
      }
    },
    {
      "attributes": {
        "owner": "DFA",
        "stage": "Completed",
        "ea1": "G52P75",
        "ea2": "Gauteng South"
      }
    },
    {
      "attributes": {
        "owner": "DFA",
        "stage": "Completed",
        "ea1": "G52P75",
        "ea2": "Gauteng South"
      }
    },
    {
      "attributes": {
        "owner": "DFA",
        "stage": "Completed",
        "ea1": "G52P75",
        "ea2": "Gauteng South"
      }
    },
    {
      "attributes": {
        "owner": "DFA",
        "stage": "Completed",
        "ea1": "G52P75",
        "ea2": "Gauteng South"
      }
    },
    {
      "attributes": {
        "owner": "DFA",
        "stage": "Completed",
        "ea1": "G52P75",
        "ea2": "Gauteng South"
      }
    },
    {
      "attributes": {
        "owner": "DFA",
        "stage": "Completed",
        "ea1": "G52P75",
        "ea2": "Gauteng South"
      }
    },
    {
      "attributes": {
        "owner": "DFA",
        "stage": "Completed",
        "ea1": "G52P75",
        "ea2": "Gauteng South"
      }
    },
    {
      "attributes": {
        "owner": "DFA",
        "stage": "Completed",
        "ea1": "G52P75",
        "ea2": "Gauteng South"
      }
    },
    {
      "attributes": {
        "owner": "DFA",
        "stage": "Completed",
        "ea1": "G52P75",
        "ea2": "Gauteng South"
      }
    },
    {
      "attributes": {
        "owner": "DFA",
        "stage": "Completed",
        "ea1": "G52P75",
        "ea2": "Gauteng South"
      }
    },
    {
      "attributes": {
        "owner": "DFA",
        "stage": "Completed",
        "ea1": "G52P75",
        "ea2": "Gauteng South"
      }
    },
    {
      "attributes": {
        "owner": "DFA",
        "stage": "Completed",
        "ea1": "G52P75",
        "ea2": "Gauteng South"
      }
    },
    {
      "attributes": {
        "owner": "DFA",
        "stage": "Completed",
        "ea1": "G52P75",
        "ea2": "Gauteng South"
      }
    },
    {
      "attributes": {
        "owner": "DFA",
        "stage": "Completed",
        "ea1": "G52P75",
        "ea2": "Gauteng South"
      }
    },
    {
      "attributes": {
        "owner": "DFA",
        "stage": "Completed",
        "ea1": "G52P75",
        "ea2": "Gauteng South"
      }
    },
    {
      "attributes": {
        "owner": "DFA",
        "stage": "Completed",
        "ea1": "G52P75",
        "ea2": "Gauteng South"
      }
    },
    {
      "attributes": {
        "owner": "DFA",
        "stage": "Completed",
        "ea1": "G52P75",
        "ea2": "Gauteng South"
      }
    },
    {
      "attributes": {
        "owner": "DFA",
        "stage": "Completed",
        "ea1": "G52P75",
        "ea2": "Gauteng South"
      }
    },
    {
      "attributes": {
        "owner": "DFA",
        "stage": "Completed",
        "ea1": "G52P75",
        "ea2": "Gauteng South"
      }
    },
    {
      "attributes": {
        "owner": "DFA",
        "stage": "Completed",
        "ea1": "G52P75",
        "ea2": "Gauteng South"
      }
    },
    {
      "attributes": {
        "owner": "DFA",
        "stage": "Completed",
        "ea1": "W50P23",
        "ea2": "Western Region"
      }
    },
    {
      "attributes": {
        "owner": "DFA",
        "stage": "Completed",
        "ea1": "G52P75",
        "ea2": "Gauteng South"
      }
    },
    {
      "attributes": {
        "owner": "DFA",
        "stage": "Completed",
        "ea1": "G52P75",
        "ea2": "Gauteng South"
      }
    },
    {
      "attributes": {
        "owner": "DFA",
        "stage": "Construction",
        "ea1": "G52P75",
        "ea2": "Gauteng South"
      }
    },
    {
      "attributes": {
        "owner": "DFA",
        "stage": "Completed",
        "ea1": "G52P75",
        "ea2": "Gauteng South"
      }
    },
    {
      "attributes": {
        "owner": "DFA",
        "stage": "Completed",
        "ea1": "G52P75",
        "ea2": "Gauteng South"
      }
    },
    {
      "attributes": {
        "owner": "DFA",
        "stage": "Completed",
        "ea1": "G52P75",
        "ea2": "Gauteng South"
      }
    },
    {
      "attributes": {
        "owner": "DFA",
        "stage": "Completed",
        "ea1": "G52P75",
        "ea2": "Gauteng South"
      }
    },
    {
      "attributes": {
        "owner": "DFA",
        "stage": "Completed",
        "ea1": "G52P75",
        "ea2": "Gauteng South"
      }
    },
    {
      "attributes": {
        "owner": "DFA",
        "stage": "Completed",
        "ea1": "G52P75",
        "ea2": "Gauteng South"
      }
    },
    {
      "attributes": {
        "owner": "DFA",
        "stage": "Completed",
        "ea1": "none",
        "ea2": "Western Region"
      }
    },
    {
      "attributes": {
        "owner": "DFA",
        "stage": "Construction",
        "ea1": "ECN Telekoms Entry 2",
        "ea2": "Eastern Region"
      }
    },
    {
      "attributes": {
        "owner": "DFA",
        "stage": "Completed",
        "ea1": "AS00573GH000223",
        "ea2": "Eastern Region"
      }
    },
    {
      "attributes": {
        "owner": "DFA",
        "stage": "Completed",
        "ea1": "Greenside East Entry 1",
        "ea2": "Gauteng South"
      }
    },
    {
      "attributes": {
        "owner": "DFA",
        "stage": "Construction",
        "ea1": "Hyde Park Entry 1",
        "ea2": "Gauteng South"
      }
    },
    {
      "attributes": {
        "owner": "DFA",
        "stage": "Construction",
        "ea1": "Southern Sun Hyde Park Ent 1",
        "ea2": "Gauteng South"
      }
    },
    {
      "attributes": {
        "owner": "DFA",
        "stage": "Construction",
        "ea1": "E_Rosebank_02A ENT 02",
        "ea2": "Eastern Region"
      }
    },
    {
      "attributes": {
        "owner": "DFA",
        "stage": "Completed",
        "ea1": "W51P08",
        "ea2": "Western Region"
      }
    },
    {
      "attributes": {
        "owner": "DFA",
        "stage": "Completed",
        "ea1": "W51P08",
        "ea2": "Western Region"
      }
    },
    {
      "attributes": {
        "owner": "DFA",
        "stage": "Completed",
        "ea1": "W51P17",
        "ea2": "Western Region"
      }
    },
    {
      "attributes": {
        "owner": "DFA",
        "stage": "Completed",
        "ea1": "W51P17",
        "ea2": "Western Region"
      }
    },
    {
      "attributes": {
        "owner": "DFA",
        "stage": "Completed",
        "ea1": "W50P18",
        "ea2": "Western Region"
      }
    },
    {
      "attributes": {
        "owner": "DFA",
        "stage": "Completed",
        "ea1": "W50P18",
        "ea2": "Western Region"
      }
    },
    {
      "attributes": {
        "owner": "DFA",
        "stage": "Completed",
        "ea1": "W50P18",
        "ea2": "Western Region"
      }
    },
    {
      "attributes": {
        "owner": "DFA",
        "stage": "Completed",
        "ea1": "W50P18",
        "ea2": "Western Region"
      }
    },
    {
      "attributes": {
        "owner": "DFA",
        "stage": "Completed",
        "ea1": "W50P18",
        "ea2": "Western Region"
      }
    },
    {
      "attributes": {
        "owner": "DFA",
        "stage": "Completed",
        "ea1": "W50P18",
        "ea2": "Western Region"
      }
    },
    {
      "attributes": {
        "owner": "DFA",
        "stage": "Completed",
        "ea1": "W50P18",
        "ea2": "Western Region"
      }
    },
    {
      "attributes": {
        "owner": "DFA",
        "stage": "Completed",
        "ea1": "W50P18",
        "ea2": "Western Region"
      }
    },
    {
      "attributes": {
        "owner": "DFA",
        "stage": "Completed",
        "ea1": "W50P18",
        "ea2": "Western Region"
      }
    },
    {
      "attributes": {
        "owner": "DFA",
        "stage": "Completed",
        "ea1": "W50P18",
        "ea2": "Western Region"
      }
    },
    {
      "attributes": {
        "owner": "DFA",
        "stage": "Completed",
        "ea1": "W50P18",
        "ea2": "Western Region"
      }
    },
    {
      "attributes": {
        "owner": "DFA",
        "stage": "Completed",
        "ea1": "W50P18",
        "ea2": "Western Region"
      }
    },
    {
      "attributes": {
        "owner": "DFA",
        "stage": "Completed",
        "ea1": "W50P18",
        "ea2": "Western Region"
      }
    },
    {
      "attributes": {
        "owner": "DFA",
        "stage": "Completed",
        "ea1": "W50P18",
        "ea2": "Western Region"
      }
    },
    {
      "attributes": {
        "owner": "DFA",
        "stage": "Completed",
        "ea1": "W50P18",
        "ea2": "Western Region"
      }
    },
    {
      "attributes": {
        "owner": "DFA",
        "stage": "Completed",
        "ea1": "W50P18",
        "ea2": "Western Region"
      }
    },
    {
      "attributes": {
        "owner": "DFA",
        "stage": "Completed",
        "ea1": "G52P10",
        "ea2": "Gauteng South"
      }
    },
    {
      "attributes": {
        "owner": "DFA",
        "stage": "Completed",
        "ea1": "G20P18",
        "ea2": "Gauteng South"
      }
    },
    {
      "attributes": {
        "owner": "DFA",
        "stage": "Completed",
        "ea1": "G52P10",
        "ea2": "Gauteng South"
      }
    },
    {
      "attributes": {
        "owner": "DFA",
        "stage": "Completed",
        "ea1": "G52P10",
        "ea2": "Gauteng South"
      }
    },
    {
      "attributes": {
        "owner": "DFA",
        "stage": "Completed",
        "ea1": "G52P10",
        "ea2": "Gauteng South"
      }
    },
    {
      "attributes": {
        "owner": "DFA",
        "stage": "Completed",
        "ea1": "G52P10",
        "ea2": "Gauteng South"
      }
    },
    {
      "attributes": {
        "owner": "DFA",
        "stage": "Completed",
        "ea1": "w",
        "ea2": "Gauteng South"
      }
    },
    {
      "attributes": {
        "owner": "DFA",
        "stage": "Completed",
        "ea1": "G52P10",
        "ea2": "Gauteng South"
      }
    },
    {
      "attributes": {
        "owner": "DFA",
        "stage": "Completed",
        "ea1": "w",
        "ea2": "Gauteng South"
      }
    },
    {
      "attributes": {
        "owner": "DFA",
        "stage": "Completed",
        "ea1": "G52P10",
        "ea2": "Gauteng South"
      }
    },
    {
      "attributes": {
        "owner": "DFA",
        "stage": "Completed",
        "ea1": "G52P10",
        "ea2": "Gauteng South"
      }
    },
    {
      "attributes": {
        "owner": "DFA",
        "stage": "Completed",
        "ea1": "w",
        "ea2": "Gauteng South"
      }
    },
    {
      "attributes": {
        "owner": "DFA",
        "stage": "Completed",
        "ea1": "G52P10",
        "ea2": "Gauteng South"
      }
    },
    {
      "attributes": {
        "owner": "DFA",
        "stage": "Completed",
        "ea1": "w",
        "ea2": "Gauteng South"
      }
    },
    {
      "attributes": {
        "owner": "DFA",
        "stage": "Completed",
        "ea1": "VS02314GH000632",
        "ea2": "None"
      }
    },
    {
      "attributes": {
        "owner": "DFA",
        "stage": "Construction",
        "ea1": "w",
        "ea2": "Gauteng South"
      }
    },
    {
      "attributes": {
        "owner": "DFA",
        "stage": "Completed",
        "ea1": "W50P67",
        "ea2": "Western Region"
      }
    },
    {
      "attributes": {
        "owner": "DFA",
        "stage": "Completed",
        "ea1": "W20P30",
        "ea2": "Western Region"
      }
    },
    {
      "attributes": {
        "owner": "DFA",
        "stage": "Completed",
        "ea1": "W20P16",
        "ea2": "Western Region"
      }
    },
    {
      "attributes": {
        "owner": "DFA",
        "stage": "Completed",
        "ea1": "W20P16",
        "ea2": "Western Region"
      }
    },
    {
      "attributes": {
        "owner": "DFA",
        "stage": "Completed",
        "ea1": "G52P53",
        "ea2": "Gauteng South"
      }
    },
    {
      "attributes": {
        "owner": "DFA",
        "stage": "Completed",
        "ea1": "G52P53",
        "ea2": "Gauteng South"
      }
    },
    {
      "attributes": {
        "owner": "DFA",
        "stage": "Completed",
        "ea1": "G52P53",
        "ea2": "Gauteng South"
      }
    },
    {
      "attributes": {
        "owner": "DFA",
        "stage": "Completed",
        "ea1": "AS01215GH001823",
        "ea2": "Gauteng South"
      }
    },
    {
      "attributes": {
        "owner": "DFA",
        "stage": "Completed",
        "ea1": "K50P93",
        "ea2": "Kwa-Zulu Natal"
      }
    },
    {
      "attributes": {
        "owner": "DFA",
        "stage": "Completed",
        "ea1": "G51P19",
        "ea2": "Gauteng South"
      }
    },
    {
      "attributes": {
        "owner": "DFA",
        "stage": "Completed",
        "ea1": "G51P19",
        "ea2": "Gauteng South"
      }
    },
    {
      "attributes": {
        "owner": "DFA",
        "stage": "Completed",
        "ea1": "G51P19",
        "ea2": "Gauteng South"
      }
    },
    {
      "attributes": {
        "owner": "DFA",
        "stage": "Completed",
        "ea1": "G51P19",
        "ea2": "Gauteng South"
      }
    },
    {
      "attributes": {
        "owner": "DFA",
        "stage": "Completed",
        "ea1": "G51P19",
        "ea2": "Gauteng South"
      }
    },
    {
      "attributes": {
        "owner": "DFA",
        "stage": "Completed",
        "ea1": "G51P19",
        "ea2": "Gauteng South"
      }
    },
    {
      "attributes": {
        "owner": "DFA",
        "stage": "Completed",
        "ea1": "G51P19",
        "ea2": "Gauteng South"
      }
    },
    {
      "attributes": {
        "owner": "DFA",
        "stage": "Completed",
        "ea1": "G51P19",
        "ea2": "Gauteng South"
      }
    },
    {
      "attributes": {
        "owner": "DFA",
        "stage": "Completed",
        "ea1": "W50P89",
        "ea2": "Western Region"
      }
    },
    {
      "attributes": {
        "owner": "DFA",
        "stage": "Completed",
        "ea1": "G51P19",
        "ea2": "Gauteng South"
      }
    },
    {
      "attributes": {
        "owner": "DFA",
        "stage": "Completed",
        "ea1": "G51P19",
        "ea2": "Gauteng South"
      }
    },
    {
      "attributes": {
        "owner": "DFA",
        "stage": "Completed",
        "ea1": "G51P19",
        "ea2": "Gauteng South"
      }
    },
    {
      "attributes": {
        "owner": "DFA",
        "stage": "Completed",
        "ea1": "G51P19",
        "ea2": "Gauteng South"
      }
    },
    {
      "attributes": {
        "owner": "DFA",
        "stage": "Completed",
        "ea1": "G51P19",
        "ea2": "Gauteng South"
      }
    },
    {
      "attributes": {
        "owner": "DFA",
        "stage": "Completed",
        "ea1": "W50P89",
        "ea2": "Western Region"
      }
    },
    {
      "attributes": {
        "owner": "DFA",
        "stage": "Completed",
        "ea1": "W50P89",
        "ea2": "Western Region"
      }
    },
    {
      "attributes": {
        "owner": "DFA",
        "stage": "Completed",
        "ea1": "W50P89",
        "ea2": "Western Region"
      }
    },
    {
      "attributes": {
        "owner": "DFA",
        "stage": "Completed",
        "ea1": "W50P89",
        "ea2": "Western Region"
      }
    },
    {
      "attributes": {
        "owner": "DFA",
        "stage": "Completed",
        "ea1": "W50P89",
        "ea2": "Western Region"
      }
    },
    {
      "attributes": {
        "owner": "DFA",
        "stage": "Construction",
        "ea1": "w",
        "ea2": "None"
      }
    },
    {
      "attributes": {
        "owner": "DFA",
        "stage": "Completed",
        "ea1": "W50P89",
        "ea2": "Western Region"
      }
    },
    {
      "attributes": {
        "owner": "DFA",
        "stage": "Completed",
        "ea1": "W50P89",
        "ea2": "Western Region"
      }
    },
    {
      "attributes": {
        "owner": "DFA",
        "stage": "Completed",
        "ea1": "W50P89",
        "ea2": "Western Region"
      }
    },
    {
      "attributes": {
        "owner": "DFA",
        "stage": "Completed",
        "ea1": "W50P89",
        "ea2": "Western Region"
      }
    },
    {
      "attributes": {
        "owner": "DFA",
        "stage": "Completed",
        "ea1": "W50P89",
        "ea2": "Western Region"
      }
    },
    {
      "attributes": {
        "owner": "DFA",
        "stage": "Construction",
        "ea1": "w",
        "ea2": "None"
      }
    },
    {
      "attributes": {
        "owner": "DFA",
        "stage": "Completed",
        "ea1": "W50P89",
        "ea2": "Western Region"
      }
    },
    {
      "attributes": {
        "owner": "DFA",
        "stage": "Completed",
        "ea1": "W50P89",
        "ea2": "Western Region"
      }
    },
    {
      "attributes": {
        "owner": "DFA",
        "stage": "Completed",
        "ea1": "W50P89",
        "ea2": "Western Region"
      }
    },
    {
      "attributes": {
        "owner": "DFA",
        "stage": "Construction",
        "ea1": "w",
        "ea2": "None"
      }
    },
    {
      "attributes": {
        "owner": "DFA",
        "stage": "Completed",
        "ea1": "W50P89",
        "ea2": "Western Region"
      }
    },
    {
      "attributes": {
        "owner": "DFA",
        "stage": "Completed",
        "ea1": "W50P89",
        "ea2": "Western Region"
      }
    },
    {
      "attributes": {
        "owner": "DFA",
        "stage": "Construction",
        "ea1": "w",
        "ea2": "None"
      }
    },
    {
      "attributes": {
        "owner": "DFA",
        "stage": "Completed",
        "ea1": "W50P89",
        "ea2": "Western Region"
      }
    },
    {
      "attributes": {
        "owner": "DFA",
        "stage": "Completed",
        "ea1": "W50P89",
        "ea2": "Western Region"
      }
    },
    {
      "attributes": {
        "owner": "DFA",
        "stage": "Construction",
        "ea1": "w",
        "ea2": "None"
      }
    },
    {
      "attributes": {
        "owner": "DFA",
        "stage": "Completed",
        "ea1": "W50P89",
        "ea2": "Western Region"
      }
    },
    {
      "attributes": {
        "owner": "DFA",
        "stage": "Completed",
        "ea1": "W50P89",
        "ea2": "Western Region"
      }
    },
    {
      "attributes": {
        "owner": "DFA",
        "stage": "Completed",
        "ea1": "W50P89",
        "ea2": "Western Region"
      }
    },
    {
      "attributes": {
        "owner": "DFA",
        "stage": "Construction",
        "ea1": "w",
        "ea2": "None"
      }
    },
    {
      "attributes": {
        "owner": "DFA",
        "stage": "Completed",
        "ea1": "G52P91",
        "ea2": "Gauteng South"
      }
    },
    {
      "attributes": {
        "owner": "DFA",
        "stage": "Completed",
        "ea1": "AS13084GA340762",
        "ea2": "Gauteng South"
      }
    },
    {
      "attributes": {
        "owner": "DFA",
        "stage": "Completed",
        "ea1": "G52P91",
        "ea2": "Gauteng South"
      }
    },
    {
      "attributes": {
        "owner": "DFA",
        "stage": "Completed",
        "ea1": "G52P91",
        "ea2": "Gauteng South"
      }
    },
    {
      "attributes": {
        "owner": "DFA",
        "stage": "Completed",
        "ea1": "G52P91",
        "ea2": "Gauteng South"
      }
    },
    {
      "attributes": {
        "owner": "DFA",
        "stage": "Completed",
        "ea1": "G52P91",
        "ea2": "Gauteng South"
      }
    },
    {
      "attributes": {
        "owner": "DFA",
        "stage": "Completed",
        "ea1": "G50P65",
        "ea2": "Gauteng South"
      }
    },
    {
      "attributes": {
        "owner": "DFA",
        "stage": "Completed",
        "ea1": "G50P65",
        "ea2": "Gauteng South"
      }
    },
    {
      "attributes": {
        "owner": "DFA",
        "stage": "Completed",
        "ea1": "G50P65",
        "ea2": "Gauteng South"
      }
    },
    {
      "attributes": {
        "owner": "DFA",
        "stage": "Completed",
        "ea1": "VS04577NB260586",
        "ea2": "Northern Region"
      }
    },
    {
      "attributes": {
        "owner": "DFA",
        "stage": "Completed",
        "ea1": "G52P22",
        "ea2": "Gauteng South"
      }
    },
    {
      "attributes": {
        "owner": "DFA",
        "stage": "Completed",
        "ea1": "G52P22",
        "ea2": "Gauteng South"
      }
    },
    {
      "attributes": {
        "owner": "DFA",
        "stage": "Completed",
        "ea1": "G52P22",
        "ea2": "Gauteng South"
      }
    },
    {
      "attributes": {
        "owner": "DFA",
        "stage": "Completed",
        "ea1": "G52P22",
        "ea2": "Gauteng South"
      }
    },
    {
      "attributes": {
        "owner": "DFA",
        "stage": "Completed",
        "ea1": "G52P22",
        "ea2": "Gauteng South"
      }
    },
    {
      "attributes": {
        "owner": "DFA",
        "stage": "Completed",
        "ea1": "G52P22",
        "ea2": "Gauteng South"
      }
    },
    {
      "attributes": {
        "owner": "DFA",
        "stage": "Completed",
        "ea1": "G52P22",
        "ea2": "Gauteng South"
      }
    },
    {
      "attributes": {
        "owner": "DFA",
        "stage": "Completed",
        "ea1": "G52P22",
        "ea2": "Gauteng South"
      }
    },
    {
      "attributes": {
        "owner": "DFA",
        "stage": "Completed",
        "ea1": "G52P22",
        "ea2": "Gauteng South"
      }
    },
    {
      "attributes": {
        "owner": "DFA",
        "stage": "Completed",
        "ea1": "G52P22",
        "ea2": "Gauteng South"
      }
    },
    {
      "attributes": {
        "owner": "DFA",
        "stage": "Completed",
        "ea1": "G52P22",
        "ea2": "Gauteng South"
      }
    },
    {
      "attributes": {
        "owner": "DFA",
        "stage": "Completed",
        "ea1": "G52P22",
        "ea2": "Gauteng South"
      }
    },
    {
      "attributes": {
        "owner": "DFA",
        "stage": "Completed",
        "ea1": "G52P22",
        "ea2": "Gauteng South"
      }
    },
    {
      "attributes": {
        "owner": "DFA",
        "stage": "Completed",
        "ea1": "G52P22",
        "ea2": "Gauteng South"
      }
    },
    {
      "attributes": {
        "owner": "DFA",
        "stage": "Completed",
        "ea1": "G52P22",
        "ea2": "Gauteng South"
      }
    },
    {
      "attributes": {
        "owner": "DFA",
        "stage": "Completed",
        "ea1": "G52P22",
        "ea2": "Gauteng South"
      }
    },
    {
      "attributes": {
        "owner": "DFA",
        "stage": "Completed",
        "ea1": "G52P22",
        "ea2": "Gauteng South"
      }
    },
    {
      "attributes": {
        "owner": "DFA",
        "stage": "Completed",
        "ea1": "G52P22",
        "ea2": "Gauteng South"
      }
    },
    {
      "attributes": {
        "owner": "DFA",
        "stage": "Completed",
        "ea1": "G52P22",
        "ea2": "Gauteng South"
      }
    },
    {
      "attributes": {
        "owner": "DFA",
        "stage": "Construction",
        "ea1": "VS04589NB020708",
        "ea2": "None"
      }
    },
    {
      "attributes": {
        "owner": "DFA",
        "stage": "Completed",
        "ea1": "G52P22",
        "ea2": "Gauteng South"
      }
    },
    {
      "attributes": {
        "owner": "DFA",
        "stage": "Completed",
        "ea1": "G52P22",
        "ea2": "Gauteng South"
      }
    },
    {
      "attributes": {
        "owner": "DFA",
        "stage": "Completed",
        "ea1": "G52P22",
        "ea2": "Gauteng South"
      }
    },
    {
      "attributes": {
        "owner": "DFA",
        "stage": "Completed",
        "ea1": "G52P22",
        "ea2": "Gauteng South"
      }
    },
    {
      "attributes": {
        "owner": "DFA",
        "stage": "Completed",
        "ea1": "G52P22",
        "ea2": "Gauteng South"
      }
    },
    {
      "attributes": {
        "owner": "DFA",
        "stage": "Completed",
        "ea1": "G52P22",
        "ea2": "Gauteng South"
      }
    },
    {
      "attributes": {
        "owner": "DFA",
        "stage": "Completed",
        "ea1": "G52P22",
        "ea2": "Gauteng South"
      }
    },
    {
      "attributes": {
        "owner": "DFA",
        "stage": "Completed",
        "ea1": "G52P22",
        "ea2": "Gauteng South"
      }
    },
    {
      "attributes": {
        "owner": "DFA",
        "stage": "Completed",
        "ea1": "W50P16",
        "ea2": "Western Region"
      }
    },
    {
      "attributes": {
        "owner": "DFA",
        "stage": "Completed",
        "ea1": "G52P22",
        "ea2": "Gauteng South"
      }
    },
    {
      "attributes": {
        "owner": "DFA",
        "stage": "Construction",
        "ea1": "VS04623NB002551",
        "ea2": "None"
      }
    },
    {
      "attributes": {
        "owner": "DFA",
        "stage": "Completed",
        "ea1": "W50P16",
        "ea2": "Western Region"
      }
    },
    {
      "attributes": {
        "owner": "DFA",
        "stage": "Completed",
        "ea1": "G52P22",
        "ea2": "Gauteng South"
      }
    },
    {
      "attributes": {
        "owner": "DFA",
        "stage": "Completed",
        "ea1": "G52P22",
        "ea2": "Gauteng South"
      }
    },
    {
      "attributes": {
        "owner": "DFA",
        "stage": "Completed",
        "ea1": "G52P22",
        "ea2": "Gauteng South"
      }
    },
    {
      "attributes": {
        "owner": "DFA",
        "stage": "Completed",
        "ea1": "W50P16",
        "ea2": "Western Region"
      }
    },
    {
      "attributes": {
        "owner": "DFA",
        "stage": "Completed",
        "ea1": "W50P16",
        "ea2": "Western Region"
      }
    },
    {
      "attributes": {
        "owner": "DFA",
        "stage": "Completed",
        "ea1": "W50P16",
        "ea2": "Western Region"
      }
    },
    {
      "attributes": {
        "owner": "DFA",
        "stage": "Completed",
        "ea1": "W50P16",
        "ea2": "Western Region"
      }
    },
    {
      "attributes": {
        "owner": "DFA",
        "stage": "Completed",
        "ea1": "W50P16",
        "ea2": "Western Region"
      }
    },
    {
      "attributes": {
        "owner": "DFA",
        "stage": "Construction",
        "ea1": "W50P16",
        "ea2": "Western Region"
      }
    },
    {
      "attributes": {
        "owner": "DFA",
        "stage": "Completed",
        "ea1": "W50P16",
        "ea2": "Western Region"
      }
    },
    {
      "attributes": {
        "owner": "DFA",
        "stage": "Completed",
        "ea1": "W50P16",
        "ea2": "Western Region"
      }
    },
    {
      "attributes": {
        "owner": "DFA",
        "stage": "Completed",
        "ea1": "W50P16",
        "ea2": "Western Region"
      }
    },
    {
      "attributes": {
        "owner": "DFA",
        "stage": "Completed",
        "ea1": "W50P16",
        "ea2": "Western Region"
      }
    },
    {
      "attributes": {
        "owner": "DFA",
        "stage": "Completed",
        "ea1": "W50P16",
        "ea2": "Western Region"
      }
    },
    {
      "attributes": {
        "owner": "DFA",
        "stage": "Completed",
        "ea1": "W50P16",
        "ea2": "Western Region"
      }
    },
    {
      "attributes": {
        "owner": "DFA",
        "stage": "Completed",
        "ea1": "W50P16",
        "ea2": "Western Region"
      }
    },
    {
      "attributes": {
        "owner": "DFA",
        "stage": "Completed",
        "ea1": "W50P16",
        "ea2": "Western Region"
      }
    },
    {
      "attributes": {
        "owner": "DFA",
        "stage": "Completed",
        "ea1": "W50P16",
        "ea2": "Western Region"
      }
    },
    {
      "attributes": {
        "owner": "DFA",
        "stage": "Completed",
        "ea1": "W50P16",
        "ea2": "Western Region"
      }
    },
    {
      "attributes": {
        "owner": "DFA",
        "stage": "Completed",
        "ea1": "W50P16",
        "ea2": "Western Region"
      }
    },
    {
      "attributes": {
        "owner": "DFA",
        "stage": "Completed",
        "ea1": "W50P16",
        "ea2": "Western Region"
      }
    },
    {
      "attributes": {
        "owner": "DFA",
        "stage": "Completed",
        "ea1": "W50P16",
        "ea2": "Western Region"
      }
    },
    {
      "attributes": {
        "owner": "DFA",
        "stage": "Completed",
        "ea1": "W50P16",
        "ea2": "Western Region"
      }
    },
    {
      "attributes": {
        "owner": "DFA",
        "stage": "Completed",
        "ea1": "G52P46",
        "ea2": "Gauteng South"
      }
    },
    {
      "attributes": {
        "owner": "DFA",
        "stage": "Completed",
        "ea1": "W20P30",
        "ea2": "Western Region"
      }
    },
    {
      "attributes": {
        "owner": "DFA",
        "stage": "Completed",
        "ea1": "W20P30",
        "ea2": "Western Region"
      }
    },
    {
      "attributes": {
        "owner": "DFA",
        "stage": "Completed",
        "ea1": "W20P30",
        "ea2": "Western Region"
      }
    },
    {
      "attributes": {
        "owner": "DFA",
        "stage": "Completed",
        "ea1": "W20P30",
        "ea2": "Western Region"
      }
    },
    {
      "attributes": {
        "owner": "DFA",
        "stage": "Completed",
        "ea1": "W20P30",
        "ea2": "Western Region"
      }
    },
    {
      "attributes": {
        "owner": "DFA",
        "stage": "Completed",
        "ea1": "W20P30",
        "ea2": "Western Region"
      }
    },
    {
      "attributes": {
        "owner": "DFA",
        "stage": "Completed",
        "ea1": "W20P30",
        "ea2": "Western Region"
      }
    },
    {
      "attributes": {
        "owner": "DFA",
        "stage": "Completed",
        "ea1": "G30P38",
        "ea2": "Gauteng South"
      }
    },
    {
      "attributes": {
        "owner": "DFA",
        "stage": "Completed",
        "ea1": "G02P02",
        "ea2": "Gauteng South"
      }
    },
    {
      "attributes": {
        "owner": "DFA",
        "stage": "Completed",
        "ea1": "W20P30",
        "ea2": "Western Region"
      }
    },
    {
      "attributes": {
        "owner": "DFA",
        "stage": "Completed",
        "ea1": "G30P38",
        "ea2": "Gauteng South"
      }
    },
    {
      "attributes": {
        "owner": "DFA",
        "stage": "Completed",
        "ea1": "G30P38",
        "ea2": "Gauteng South"
      }
    },
    {
      "attributes": {
        "owner": "DFA",
        "stage": "Completed",
        "ea1": "G30P38",
        "ea2": "Gauteng South"
      }
    },
    {
      "attributes": {
        "owner": "DFA",
        "stage": "Completed",
        "ea1": "W50P16",
        "ea2": "Western Region"
      }
    },
    {
      "attributes": {
        "owner": "DFA",
        "stage": "Completed",
        "ea1": "W50P16",
        "ea2": "Western Region"
      }
    },
    {
      "attributes": {
        "owner": "DFA",
        "stage": "Completed",
        "ea1": "W50P16",
        "ea2": "Western Region"
      }
    },
    {
      "attributes": {
        "owner": "DFA",
        "stage": "Completed",
        "ea1": "W50P16",
        "ea2": "Western Region"
      }
    },
    {
      "attributes": {
        "owner": "DFA",
        "stage": "Completed",
        "ea1": "W50P16",
        "ea2": "Western Region"
      }
    },
    {
      "attributes": {
        "owner": "DFA",
        "stage": "Completed",
        "ea1": "W50P16",
        "ea2": "Western Region"
      }
    },
    {
      "attributes": {
        "owner": "DFA",
        "stage": "Completed",
        "ea1": "W50P16",
        "ea2": "Western Region"
      }
    },
    {
      "attributes": {
        "owner": "DFA",
        "stage": "Construction",
        "ea1": "none",
        "ea2": "None"
      }
    },
    {
      "attributes": {
        "owner": "DFA",
        "stage": "Completed",
        "ea1": "W50P16",
        "ea2": "Western Region"
      }
    },
    {
      "attributes": {
        "owner": "DFA",
        "stage": "Completed",
        "ea1": "W50P16",
        "ea2": "Western Region"
      }
    },
    {
      "attributes": {
        "owner": "DFA",
        "stage": "Completed",
        "ea1": "W50P16",
        "ea2": "Western Region"
      }
    },
    {
      "attributes": {
        "owner": "DFA",
        "stage": "Construction",
        "ea1": "none",
        "ea2": "None"
      }
    },
    {
      "attributes": {
        "owner": "DFA",
        "stage": "Completed",
        "ea1": "W50P80",
        "ea2": "Western Region"
      }
    },
    {
      "attributes": {
        "owner": "DFA",
        "stage": "Completed",
        "ea1": "W50P80",
        "ea2": "Western Region"
      }
    },
    {
      "attributes": {
        "owner": "DFA",
        "stage": "Completed",
        "ea1": "W50P80",
        "ea2": "Western Region"
      }
    },
    {
      "attributes": {
        "owner": "DFA",
        "stage": "Completed",
        "ea1": "W50P80",
        "ea2": "Western Region"
      }
    },
    {
      "attributes": {
        "owner": "DFA",
        "stage": "Completed",
        "ea1": "G51P14",
        "ea2": "Gauteng South"
      }
    },
    {
      "attributes": {
        "owner": "DFA",
        "stage": "Completed",
        "ea1": "G51P14",
        "ea2": "Gauteng South"
      }
    },
    {
      "attributes": {
        "owner": "DFA",
        "stage": "Completed",
        "ea1": "G51P14",
        "ea2": "Gauteng South"
      }
    },
    {
      "attributes": {
        "owner": "DFA",
        "stage": "Completed",
        "ea1": "G51P14",
        "ea2": "Gauteng South"
      }
    },
    {
      "attributes": {
        "owner": "DFA",
        "stage": "Completed",
        "ea1": "G51P14",
        "ea2": "Gauteng South"
      }
    },
    {
      "attributes": {
        "owner": "DFA",
        "stage": "Completed",
        "ea1": "G52P60",
        "ea2": "Gauteng South"
      }
    },
    {
      "attributes": {
        "owner": "DFA",
        "stage": "Completed",
        "ea1": "G52P60",
        "ea2": "Gauteng South"
      }
    },
    {
      "attributes": {
        "owner": "DFA",
        "stage": "Completed",
        "ea1": "G52P60",
        "ea2": "Gauteng South"
      }
    },
    {
      "attributes": {
        "owner": "DFA",
        "stage": "Completed",
        "ea1": "G52P60",
        "ea2": "Gauteng South"
      }
    },
    {
      "attributes": {
        "owner": "DFA",
        "stage": "Completed",
        "ea1": "G52P60",
        "ea2": "Gauteng South"
      }
    },
    {
      "attributes": {
        "owner": "DFA",
        "stage": "Completed",
        "ea1": "G52P37",
        "ea2": "Gauteng South"
      }
    },
    {
      "attributes": {
        "owner": "DFA",
        "stage": "Completed",
        "ea1": "W50P90",
        "ea2": "Western Region"
      }
    },
    {
      "attributes": {
        "owner": "DFA",
        "stage": "Completed",
        "ea1": "W50P90",
        "ea2": "Western Region"
      }
    },
    {
      "attributes": {
        "owner": "DFA",
        "stage": "Completed",
        "ea1": "G52P37",
        "ea2": "Gauteng South"
      }
    },
    {
      "attributes": {
        "owner": "DFA",
        "stage": "Completed",
        "ea1": "G52P37",
        "ea2": "Gauteng South"
      }
    },
    {
      "attributes": {
        "owner": "DFA",
        "stage": "Completed",
        "ea1": "W20P37",
        "ea2": "Western Region"
      }
    },
    {
      "attributes": {
        "owner": "DFA",
        "stage": "Completed",
        "ea1": "W20P37",
        "ea2": "Western Region"
      }
    },
    {
      "attributes": {
        "owner": "DFA",
        "stage": "Completed",
        "ea1": "W20P37",
        "ea2": "Western Region"
      }
    },
    {
      "attributes": {
        "owner": "DFA",
        "stage": "Completed",
        "ea1": "W20P37",
        "ea2": "Western Region"
      }
    },
    {
      "attributes": {
        "owner": "DFA",
        "stage": "Completed",
        "ea1": "W20P05",
        "ea2": "Western Region"
      }
    },
    {
      "attributes": {
        "owner": "DFA",
        "stage": "Completed",
        "ea1": "W20P02",
        "ea2": "Western Region"
      }
    },
    {
      "attributes": {
        "owner": "DFA",
        "stage": "Completed",
        "ea1": "W20P05",
        "ea2": "Western Region"
      }
    },
    {
      "attributes": {
        "owner": "DFA",
        "stage": "Completed",
        "ea1": "W20P05",
        "ea2": "Western Region"
      }
    },
    {
      "attributes": {
        "owner": "DFA",
        "stage": "Completed",
        "ea1": "W20P05",
        "ea2": "Western Region"
      }
    },
    {
      "attributes": {
        "owner": "DFA",
        "stage": "Completed",
        "ea1": "W20P05",
        "ea2": "Western Region"
      }
    },
    {
      "attributes": {
        "owner": "DFA",
        "stage": "Completed",
        "ea1": "W20P05",
        "ea2": "Western Region"
      }
    },
    {
      "attributes": {
        "owner": "DFA",
        "stage": "Completed",
        "ea1": "W20P05",
        "ea2": "Western Region"
      }
    },
    {
      "attributes": {
        "owner": "DFA",
        "stage": "Completed",
        "ea1": "W20P05",
        "ea2": "Western Region"
      }
    },
    {
      "attributes": {
        "owner": "DFA",
        "stage": "Completed",
        "ea1": "W20P05",
        "ea2": "Western Region"
      }
    },
    {
      "attributes": {
        "owner": "DFA",
        "stage": "Completed",
        "ea1": "G51P31",
        "ea2": "Gauteng South"
      }
    },
    {
      "attributes": {
        "owner": "DFA",
        "stage": "Completed",
        "ea1": "G51P31",
        "ea2": "Gauteng South"
      }
    },
    {
      "attributes": {
        "owner": "DFA",
        "stage": "Completed",
        "ea1": "G51P31",
        "ea2": "Gauteng South"
      }
    },
    {
      "attributes": {
        "owner": "DFA",
        "stage": "Completed",
        "ea1": "G51P31",
        "ea2": "Gauteng South"
      }
    },
    {
      "attributes": {
        "owner": "DFA",
        "stage": "Completed",
        "ea1": "G51P31",
        "ea2": "Gauteng South"
      }
    },
    {
      "attributes": {
        "owner": "DFA",
        "stage": "Completed",
        "ea1": "G51P31",
        "ea2": "Gauteng South"
      }
    },
    {
      "attributes": {
        "owner": "DFA",
        "stage": "Completed",
        "ea1": "G51P31",
        "ea2": "Gauteng South"
      }
    },
    {
      "attributes": {
        "owner": "DFA",
        "stage": "Completed",
        "ea1": "G51P31",
        "ea2": "Gauteng South"
      }
    },
    {
      "attributes": {
        "owner": "DFA",
        "stage": "Completed",
        "ea1": "G51P31",
        "ea2": "Gauteng South"
      }
    },
    {
      "attributes": {
        "owner": "DFA",
        "stage": "Completed",
        "ea1": "G03P01",
        "ea2": "Gauteng South"
      }
    },
    {
      "attributes": {
        "owner": "DFA",
        "stage": "Construction",
        "ea1": "G01P14",
        "ea2": "Gauteng South"
      }
    },
    {
      "attributes": {
        "owner": "DFA",
        "stage": "Completed",
        "ea1": "W50P62",
        "ea2": "Western Region"
      }
    },
    {
      "attributes": {
        "owner": "DFA",
        "stage": "Completed",
        "ea1": "W50P62",
        "ea2": "Western Region"
      }
    },
    {
      "attributes": {
        "owner": "DFA",
        "stage": "Completed",
        "ea1": "W50P62",
        "ea2": "Western Region"
      }
    },
    {
      "attributes": {
        "owner": "DFA",
        "stage": "Completed",
        "ea1": "W50P62",
        "ea2": "Western Region"
      }
    },
    {
      "attributes": {
        "owner": "DFA",
        "stage": "Completed",
        "ea1": "G20P09",
        "ea2": "Gauteng South"
      }
    },
    {
      "attributes": {
        "owner": "DFA",
        "stage": "Completed",
        "ea1": "G20P09",
        "ea2": "Gauteng South"
      }
    },
    {
      "attributes": {
        "owner": "DFA",
        "stage": "Completed",
        "ea1": "G20P09",
        "ea2": "Gauteng South"
      }
    },
    {
      "attributes": {
        "owner": "DFA",
        "stage": "Completed",
        "ea1": "W20P21",
        "ea2": "Western Region"
      }
    },
    {
      "attributes": {
        "owner": "DFA",
        "stage": "Completed",
        "ea1": "W20P21",
        "ea2": "Western Region"
      }
    },
    {
      "attributes": {
        "owner": "DFA",
        "stage": "Completed",
        "ea1": "W20P21",
        "ea2": "Western Region"
      }
    },
    {
      "attributes": {
        "owner": "DFA",
        "stage": "Completed",
        "ea1": "W20P21",
        "ea2": "Western Region"
      }
    },
    {
      "attributes": {
        "owner": "DFA",
        "stage": "Completed",
        "ea1": "W20P21",
        "ea2": "Western Region"
      }
    },
    {
      "attributes": {
        "owner": "DFA",
        "stage": "Completed",
        "ea1": "W20P21",
        "ea2": "Western Region"
      }
    },
    {
      "attributes": {
        "owner": "DFA",
        "stage": "Completed",
        "ea1": "W20P21",
        "ea2": "Western Region"
      }
    },
    {
      "attributes": {
        "owner": "DFA",
        "stage": "Completed",
        "ea1": "W20P21",
        "ea2": "Western Region"
      }
    },
    {
      "attributes": {
        "owner": "DFA",
        "stage": "Completed",
        "ea1": "W20P21",
        "ea2": "Western Region"
      }
    },
    {
      "attributes": {
        "owner": "DFA",
        "stage": "Completed",
        "ea1": "W20P21",
        "ea2": "Western Region"
      }
    },
    {
      "attributes": {
        "owner": "DFA",
        "stage": "Completed",
        "ea1": "W20P21",
        "ea2": "Western Region"
      }
    },
    {
      "attributes": {
        "owner": "DFA",
        "stage": "Completed",
        "ea1": "W20P21",
        "ea2": "Western Region"
      }
    },
    {
      "attributes": {
        "owner": "DFA",
        "stage": "Completed",
        "ea1": "W20P21",
        "ea2": "Western Region"
      }
    },
    {
      "attributes": {
        "owner": "DFA",
        "stage": "Completed",
        "ea1": "W20P21",
        "ea2": "Western Region"
      }
    },
    {
      "attributes": {
        "owner": "DFA",
        "stage": "Completed",
        "ea1": "W20P21",
        "ea2": "Western Region"
      }
    },
    {
      "attributes": {
        "owner": "DFA",
        "stage": "Completed",
        "ea1": "W20P21",
        "ea2": "Western Region"
      }
    },
    {
      "attributes": {
        "owner": "DFA",
        "stage": "Completed",
        "ea1": "W50P48",
        "ea2": "Western Region"
      }
    },
    {
      "attributes": {
        "owner": "DFA",
        "stage": "Completed",
        "ea1": "W50P48",
        "ea2": "Western Region"
      }
    },
    {
      "attributes": {
        "owner": "DFA",
        "stage": "Completed",
        "ea1": "W50P48",
        "ea2": "Western Region"
      }
    },
    {
      "attributes": {
        "owner": "DFA",
        "stage": "Completed",
        "ea1": "W50P48",
        "ea2": "Western Region"
      }
    },
    {
      "attributes": {
        "owner": "DFA",
        "stage": "Completed",
        "ea1": "W50P48",
        "ea2": "Western Region"
      }
    },
    {
      "attributes": {
        "owner": "DFA",
        "stage": "Completed",
        "ea1": "W50P48",
        "ea2": "Western Region"
      }
    },
    {
      "attributes": {
        "owner": "DFA",
        "stage": "Completed",
        "ea1": "W50P48",
        "ea2": "Western Region"
      }
    },
    {
      "attributes": {
        "owner": "DFA",
        "stage": "Construction",
        "ea1": "none",
        "ea2": "None"
      }
    },
    {
      "attributes": {
        "owner": "DFA",
        "stage": "Completed",
        "ea1": "W50P48",
        "ea2": "Western Region"
      }
    },
    {
      "attributes": {
        "owner": "DFA",
        "stage": "Completed",
        "ea1": "W50P48",
        "ea2": "Western Region"
      }
    },
    {
      "attributes": {
        "owner": "DFA",
        "stage": "Completed",
        "ea1": "W50P48",
        "ea2": "Western Region"
      }
    },
    {
      "attributes": {
        "owner": "DFA",
        "stage": "Completed",
        "ea1": "W50P48",
        "ea2": "Western Region"
      }
    },
    {
      "attributes": {
        "owner": "DFA",
        "stage": "Completed",
        "ea1": "W50P91 ",
        "ea2": "Western Region"
      }
    },
    {
      "attributes": {
        "owner": "DFA",
        "stage": "Completed",
        "ea1": "W50P91 ",
        "ea2": "Western Region"
      }
    },
    {
      "attributes": {
        "owner": "DFA",
        "stage": "Completed",
        "ea1": "W50P91 ",
        "ea2": "Western Region"
      }
    },
    {
      "attributes": {
        "owner": "DFA",
        "stage": "Completed",
        "ea1": "W50P91 ",
        "ea2": "Western Region"
      }
    },
    {
      "attributes": {
        "owner": "DFA",
        "stage": "Completed",
        "ea1": "W50P91",
        "ea2": "Western Region"
      }
    },
    {
      "attributes": {
        "owner": "DFA",
        "stage": "Completed",
        "ea1": "W50P91 ",
        "ea2": "Western Region"
      }
    },
    {
      "attributes": {
        "owner": "DFA",
        "stage": "Completed",
        "ea1": "W50P91",
        "ea2": "Western Region"
      }
    },
    {
      "attributes": {
        "owner": "DFA",
        "stage": "Completed",
        "ea1": "W50P91",
        "ea2": "Western Region"
      }
    },
    {
      "attributes": {
        "owner": "DFA",
        "stage": "Completed",
        "ea1": "W50P91",
        "ea2": "Western Region"
      }
    },
    {
      "attributes": {
        "owner": "DFA",
        "stage": "Completed",
        "ea1": "W50P91",
        "ea2": "Western Region"
      }
    },
    {
      "attributes": {
        "owner": "DFA",
        "stage": "Completed",
        "ea1": "NB30P08",
        "ea2": "Northern Region"
      }
    },
    {
      "attributes": {
        "owner": "DFA",
        "stage": "Construction",
        "ea1": "K20P65",
        "ea2": "Kwa-Zulu Natal"
      }
    },
    {
      "attributes": {
        "owner": "DFA",
        "stage": "Completed",
        "ea1": "none",
        "ea2": "None"
      }
    },
    {
      "attributes": {
        "owner": "DFA",
        "stage": "Completed",
        "ea1": "none",
        "ea2": "None"
      }
    },
    {
      "attributes": {
        "owner": "DFA",
        "stage": "Completed",
        "ea1": "none",
        "ea2": "None"
      }
    },
    {
      "attributes": {
        "owner": "DFA",
        "stage": "Completed",
        "ea1": "W20P44",
        "ea2": "Western Region"
      }
    },
    {
      "attributes": {
        "owner": "DFA",
        "stage": "Completed",
        "ea1": "none",
        "ea2": "None"
      }
    },
    {
      "attributes": {
        "owner": "DFA",
        "stage": "Completed",
        "ea1": "none",
        "ea2": "Northern Region"
      }
    },
    {
      "attributes": {
        "owner": "DFA",
        "stage": "Completed",
        "ea1": "none",
        "ea2": "Northern Region"
      }
    },
    {
      "attributes": {
        "owner": "DFA",
        "stage": "Completed",
        "ea1": "W51P18",
        "ea2": "Western Region"
      }
    },
    {
      "attributes": {
        "owner": "DFA",
        "stage": "Completed",
        "ea1": "W51P18",
        "ea2": "Western Region"
      }
    },
    {
      "attributes": {
        "owner": "DFA",
        "stage": "Completed",
        "ea1": "W50P91",
        "ea2": "Western Region"
      }
    },
    {
      "attributes": {
        "owner": "DFA",
        "stage": "Completed",
        "ea1": "W01P08",
        "ea2": "Western Region"
      }
    },
    {
      "attributes": {
        "owner": "DFA",
        "stage": "Completed",
        "ea1": "W01P08",
        "ea2": "Western Region"
      }
    },
    {
      "attributes": {
        "owner": "DFA",
        "stage": "Completed",
        "ea1": "W01P08",
        "ea2": "Western Region"
      }
    },
    {
      "attributes": {
        "owner": "DFA",
        "stage": "Completed",
        "ea1": "W01P08",
        "ea2": "Western Region"
      }
    },
    {
      "attributes": {
        "owner": "DFA",
        "stage": "Completed",
        "ea1": "W50P09",
        "ea2": "Western Region"
      }
    },
    {
      "attributes": {
        "owner": "DFA",
        "stage": "Completed",
        "ea1": "W50P09",
        "ea2": "Western Region"
      }
    },
    {
      "attributes": {
        "owner": "DFA",
        "stage": "Completed",
        "ea1": "W50P09",
        "ea2": "Western Region"
      }
    },
    {
      "attributes": {
        "owner": "DFA",
        "stage": "Completed",
        "ea1": "W50P09",
        "ea2": "Western Region"
      }
    },
    {
      "attributes": {
        "owner": "DFA",
        "stage": "Completed",
        "ea1": "W50P09",
        "ea2": "Western Region"
      }
    },
    {
      "attributes": {
        "owner": "DFA",
        "stage": "Completed",
        "ea1": "W50P09",
        "ea2": "Western Region"
      }
    },
    {
      "attributes": {
        "owner": "DFA",
        "stage": "Completed",
        "ea1": "W50P09",
        "ea2": "Western Region"
      }
    },
    {
      "attributes": {
        "owner": "DFA",
        "stage": "Completed",
        "ea1": "W50P09",
        "ea2": "Western Region"
      }
    },
    {
      "attributes": {
        "owner": "DFA",
        "stage": "Completed",
        "ea1": "W50P09",
        "ea2": "Western Region"
      }
    },
    {
      "attributes": {
        "owner": "DFA",
        "stage": "Completed",
        "ea1": "W50P09",
        "ea2": "Western Region"
      }
    },
    {
      "attributes": {
        "owner": "DFA",
        "stage": "Completed",
        "ea1": "W50P09",
        "ea2": "Western Region"
      }
    },
    {
      "attributes": {
        "owner": "DFA",
        "stage": "Completed",
        "ea1": "W50P09",
        "ea2": "Western Region"
      }
    },
    {
      "attributes": {
        "owner": "DFA",
        "stage": "Construction",
        "ea1": "G50P49",
        "ea2": "Gauteng South"
      }
    },
    {
      "attributes": {
        "owner": "DFA",
        "stage": "Completed",
        "ea1": "G50P53",
        "ea2": "Gauteng South"
      }
    },
    {
      "attributes": {
        "owner": "DFA",
        "stage": "Completed",
        "ea1": "G51P31",
        "ea2": "Gauteng South"
      }
    },
    {
      "attributes": {
        "owner": "DFA",
        "stage": "Completed",
        "ea1": "G51P31",
        "ea2": "Gauteng South"
      }
    },
    {
      "attributes": {
        "owner": "DFA",
        "stage": "Completed",
        "ea1": "G51P31",
        "ea2": "Gauteng South"
      }
    },
    {
      "attributes": {
        "owner": "DFA",
        "stage": "Completed",
        "ea1": "G51P31",
        "ea2": "Gauteng South"
      }
    },
    {
      "attributes": {
        "owner": "DFA",
        "stage": "Completed",
        "ea1": "G51P31",
        "ea2": "Gauteng South"
      }
    },
    {
      "attributes": {
        "owner": "DFA",
        "stage": "Completed",
        "ea1": "G51P31",
        "ea2": "Gauteng South"
      }
    },
    {
      "attributes": {
        "owner": "DFA",
        "stage": "Completed",
        "ea1": "G51P31",
        "ea2": "Gauteng South"
      }
    },
    {
      "attributes": {
        "owner": "DFA",
        "stage": "Construction",
        "ea1": "K50P10",
        "ea2": "Kwa-Zulu Natal"
      }
    },
    {
      "attributes": {
        "owner": "DFA",
        "stage": "Completed",
        "ea1": "W01P08",
        "ea2": "Western Region"
      }
    },
    {
      "attributes": {
        "owner": "DFA",
        "stage": "Construction",
        "ea1": "none",
        "ea2": "None"
      }
    },
    {
      "attributes": {
        "owner": "DFA",
        "stage": "Completed",
        "ea1": "W01P08",
        "ea2": "Western Region"
      }
    },
    {
      "attributes": {
        "owner": "DFA",
        "stage": "Completed",
        "ea1": "K50P10",
        "ea2": "Kwa-Zulu Natal"
      }
    },
    {
      "attributes": {
        "owner": "DFA",
        "stage": "Completed",
        "ea1": "K50P10",
        "ea2": "Kwa-Zulu Natal"
      }
    },
    {
      "attributes": {
        "owner": "DFA",
        "stage": "Completed",
        "ea1": "K50P10",
        "ea2": "Kwa-Zulu Natal"
      }
    },
    {
      "attributes": {
        "owner": "DFA",
        "stage": "Completed",
        "ea1": "K50P10",
        "ea2": "Kwa-Zulu Natal"
      }
    },
    {
      "attributes": {
        "owner": "DFA",
        "stage": "Completed",
        "ea1": "K50P10",
        "ea2": "Kwa-Zulu Natal"
      }
    },
    {
      "attributes": {
        "owner": "DFA",
        "stage": "Completed",
        "ea1": "K50P10",
        "ea2": "Kwa-Zulu Natal"
      }
    },
    {
      "attributes": {
        "owner": "DFA",
        "stage": "Completed",
        "ea1": "K50P10",
        "ea2": "Kwa-Zulu Natal"
      }
    },
    {
      "attributes": {
        "owner": "DFA",
        "stage": "Completed",
        "ea1": "K50P10",
        "ea2": "Kwa-Zulu Natal"
      }
    },
    {
      "attributes": {
        "owner": "DFA",
        "stage": "Completed",
        "ea1": "K50P10",
        "ea2": "Kwa-Zulu Natal"
      }
    },
    {
      "attributes": {
        "owner": "DFA",
        "stage": "Completed",
        "ea1": "K50P10",
        "ea2": "Kwa-Zulu Natal"
      }
    },
    {
      "attributes": {
        "owner": "DFA",
        "stage": "Completed",
        "ea1": "K50P10",
        "ea2": "Kwa-Zulu Natal"
      }
    },
    {
      "attributes": {
        "owner": "DFA",
        "stage": "Construction",
        "ea1": "K50P11",
        "ea2": "Kwa-Zulu Natal"
      }
    },
    {
      "attributes": {
        "owner": "DFA",
        "stage": "Construction",
        "ea1": "MS04386KH022621a",
        "ea2": "Kwa-Zulu Natal"
      }
    },
    {
      "attributes": {
        "owner": "DFA",
        "stage": "Completed",
        "ea1": "W20P40",
        "ea2": "Western Region"
      }
    },
    {
      "attributes": {
        "owner": "DFA",
        "stage": "Completed",
        "ea1": "W20P40",
        "ea2": "Western Region"
      }
    },
    {
      "attributes": {
        "owner": "DFA",
        "stage": "Completed",
        "ea1": "W20P40",
        "ea2": "Western Region"
      }
    },
    {
      "attributes": {
        "owner": "DFA",
        "stage": "Completed",
        "ea1": "W20P40",
        "ea2": "Western Region"
      }
    },
    {
      "attributes": {
        "owner": "DFA",
        "stage": "Completed",
        "ea1": "W20P40",
        "ea2": "Western Region"
      }
    },
    {
      "attributes": {
        "owner": "DFA",
        "stage": "Completed",
        "ea1": "W20P40",
        "ea2": "Western Region"
      }
    },
    {
      "attributes": {
        "owner": "DFA",
        "stage": "Completed",
        "ea1": "W20P40",
        "ea2": "Western Region"
      }
    },
    {
      "attributes": {
        "owner": "DFA",
        "stage": "Completed",
        "ea1": "K50P10",
        "ea2": "Kwa-Zulu Natal"
      }
    },
    {
      "attributes": {
        "owner": "DFA",
        "stage": "Completed",
        "ea1": "K50P10",
        "ea2": "Kwa-Zulu Natal"
      }
    },
    {
      "attributes": {
        "owner": "DFA",
        "stage": "Completed",
        "ea1": "K50P10",
        "ea2": "Kwa-Zulu Natal"
      }
    },
    {
      "attributes": {
        "owner": "DFA",
        "stage": "Completed",
        "ea1": "K50P10",
        "ea2": "Kwa-Zulu Natal"
      }
    },
    {
      "attributes": {
        "owner": "DFA",
        "stage": "Completed",
        "ea1": "K50P10",
        "ea2": "Kwa-Zulu Natal"
      }
    },
    {
      "attributes": {
        "owner": "DFA",
        "stage": "Completed",
        "ea1": "K50P10",
        "ea2": "Kwa-Zulu Natal"
      }
    },
    {
      "attributes": {
        "owner": "DFA",
        "stage": "Completed",
        "ea1": "K50P10",
        "ea2": "Kwa-Zulu Natal"
      }
    },
    {
      "attributes": {
        "owner": "DFA",
        "stage": "Completed",
        "ea1": "K50P10",
        "ea2": "Kwa-Zulu Natal"
      }
    },
    {
      "attributes": {
        "owner": "DFA",
        "stage": "Completed",
        "ea1": "K50P10",
        "ea2": "Kwa-Zulu Natal"
      }
    },
    {
      "attributes": {
        "owner": "DFA",
        "stage": "Completed",
        "ea1": "K50P10",
        "ea2": "Kwa-Zulu Natal"
      }
    },
    {
      "attributes": {
        "owner": "DFA",
        "stage": "Construction",
        "ea1": "none",
        "ea2": "Northern Region"
      }
    },
    {
      "attributes": {
        "owner": "DFA",
        "stage": "Completed",
        "ea1": "W50P25",
        "ea2": "Western Region"
      }
    },
    {
      "attributes": {
        "owner": "DFA",
        "stage": "Completed",
        "ea1": "K50P10",
        "ea2": "Kwa-Zulu Natal"
      }
    },
    {
      "attributes": {
        "owner": "DFA",
        "stage": "Completed",
        "ea1": "K50P10",
        "ea2": "Kwa-Zulu Natal"
      }
    },
    {
      "attributes": {
        "owner": "DFA",
        "stage": "Completed",
        "ea1": "W50P25",
        "ea2": "Western Region"
      }
    },
    {
      "attributes": {
        "owner": "DFA",
        "stage": "Construction",
        "ea1": "none",
        "ea2": "Northern Region"
      }
    },
    {
      "attributes": {
        "owner": "DFA",
        "stage": "Construction",
        "ea1": "none",
        "ea2": "None"
      }
    },
    {
      "attributes": {
        "owner": "DFA",
        "stage": "Completed",
        "ea1": "AS17677LH000233",
        "ea2": "Northern Region"
      }
    },
    {
      "attributes": {
        "owner": "DFA",
        "stage": "Completed",
        "ea1": "K50P10",
        "ea2": "Kwa-Zulu Natal"
      }
    },
    {
      "attributes": {
        "owner": "DFA",
        "stage": "Completed",
        "ea1": "K50P10",
        "ea2": "Kwa-Zulu Natal"
      }
    },
    {
      "attributes": {
        "owner": "DFA",
        "stage": "Completed",
        "ea1": "K50P10",
        "ea2": "Kwa-Zulu Natal"
      }
    },
    {
      "attributes": {
        "owner": "DFA",
        "stage": "Completed",
        "ea1": "K50P10",
        "ea2": "Kwa-Zulu Natal"
      }
    },
    {
      "attributes": {
        "owner": "DFA",
        "stage": "Completed",
        "ea1": "K50P10",
        "ea2": "Kwa-Zulu Natal"
      }
    },
    {
      "attributes": {
        "owner": "DFA",
        "stage": "Completed",
        "ea1": "K50P10",
        "ea2": "Kwa-Zulu Natal"
      }
    },
    {
      "attributes": {
        "owner": "DFA",
        "stage": "Completed",
        "ea1": "K50P10",
        "ea2": "Kwa-Zulu Natal"
      }
    },
    {
      "attributes": {
        "owner": "DFA",
        "stage": "Completed",
        "ea1": "K50P10",
        "ea2": "Kwa-Zulu Natal"
      }
    },
    {
      "attributes": {
        "owner": "DFA",
        "stage": "Completed",
        "ea1": "K50P10",
        "ea2": "Kwa-Zulu Natal"
      }
    },
    {
      "attributes": {
        "owner": "DFA",
        "stage": "Completed",
        "ea1": "K50P10",
        "ea2": "Kwa-Zulu Natal"
      }
    },
    {
      "attributes": {
        "owner": "DFA",
        "stage": "Completed",
        "ea1": "K50P10",
        "ea2": "Kwa-Zulu Natal"
      }
    },
    {
      "attributes": {
        "owner": "DFA",
        "stage": "Completed",
        "ea1": "K50P10",
        "ea2": "Kwa-Zulu Natal"
      }
    },
    {
      "attributes": {
        "owner": "DFA",
        "stage": "Completed",
        "ea1": "K50P10",
        "ea2": "Kwa-Zulu Natal"
      }
    },
    {
      "attributes": {
        "owner": "DFA",
        "stage": "Completed",
        "ea1": "K50P10",
        "ea2": "Kwa-Zulu Natal"
      }
    },
    {
      "attributes": {
        "owner": "DFA",
        "stage": "Completed",
        "ea1": "K50P10",
        "ea2": "Kwa-Zulu Natal"
      }
    },
    {
      "attributes": {
        "owner": "DFA",
        "stage": "Completed",
        "ea1": "K50P10",
        "ea2": "Kwa-Zulu Natal"
      }
    },
    {
      "attributes": {
        "owner": "DFA",
        "stage": "Completed",
        "ea1": "K50P10",
        "ea2": "Kwa-Zulu Natal"
      }
    },
    {
      "attributes": {
        "owner": "DFA",
        "stage": "Completed",
        "ea1": "K50P10",
        "ea2": "Kwa-Zulu Natal"
      }
    },
    {
      "attributes": {
        "owner": "DFA",
        "stage": "Completed",
        "ea1": "K50P10",
        "ea2": "Kwa-Zulu Natal"
      }
    },
    {
      "attributes": {
        "owner": "DFA",
        "stage": "Completed",
        "ea1": "K50P10",
        "ea2": "Kwa-Zulu Natal"
      }
    },
    {
      "attributes": {
        "owner": "DFA",
        "stage": "Completed",
        "ea1": "K50P10",
        "ea2": "Kwa-Zulu Natal"
      }
    },
    {
      "attributes": {
        "owner": "DFA",
        "stage": "Completed",
        "ea1": "K50P10",
        "ea2": "Kwa-Zulu Natal"
      }
    },
    {
      "attributes": {
        "owner": "DFA",
        "stage": "Completed",
        "ea1": "K50P10",
        "ea2": "Kwa-Zulu Natal"
      }
    },
    {
      "attributes": {
        "owner": "DFA",
        "stage": "Completed",
        "ea1": "K50P10",
        "ea2": "Kwa-Zulu Natal"
      }
    },
    {
      "attributes": {
        "owner": "DFA",
        "stage": "Completed",
        "ea1": "K50P10",
        "ea2": "Kwa-Zulu Natal"
      }
    },
    {
      "attributes": {
        "owner": "DFA",
        "stage": "Completed",
        "ea1": "K50P10",
        "ea2": "Kwa-Zulu Natal"
      }
    },
    {
      "attributes": {
        "owner": "DFA",
        "stage": "Completed",
        "ea1": "K50P10",
        "ea2": "Kwa-Zulu Natal"
      }
    },
    {
      "attributes": {
        "owner": "DFA",
        "stage": "Completed",
        "ea1": "K50P10",
        "ea2": "Kwa-Zulu Natal"
      }
    },
    {
      "attributes": {
        "owner": "DFA",
        "stage": "Completed",
        "ea1": "K50P10",
        "ea2": "Kwa-Zulu Natal"
      }
    },
    {
      "attributes": {
        "owner": "DFA",
        "stage": "Completed",
        "ea1": "K50P10",
        "ea2": "Kwa-Zulu Natal"
      }
    },
    {
      "attributes": {
        "owner": "DFA",
        "stage": "Completed",
        "ea1": "K50P10",
        "ea2": "Kwa-Zulu Natal"
      }
    },
    {
      "attributes": {
        "owner": "DFA",
        "stage": "Completed",
        "ea1": "K50P10",
        "ea2": "Kwa-Zulu Natal"
      }
    },
    {
      "attributes": {
        "owner": "DFA",
        "stage": "Completed",
        "ea1": "K50P10",
        "ea2": "Kwa-Zulu Natal"
      }
    },
    {
      "attributes": {
        "owner": "DFA",
        "stage": "Completed",
        "ea1": "K50P10",
        "ea2": "Kwa-Zulu Natal"
      }
    },
    {
      "attributes": {
        "owner": "DFA",
        "stage": "Completed",
        "ea1": "K50P10",
        "ea2": "Kwa-Zulu Natal"
      }
    },
    {
      "attributes": {
        "owner": "DFA",
        "stage": "Completed",
        "ea1": "K50P10",
        "ea2": "Kwa-Zulu Natal"
      }
    },
    {
      "attributes": {
        "owner": "DFA",
        "stage": "Completed",
        "ea1": "K50P10",
        "ea2": "Kwa-Zulu Natal"
      }
    },
    {
      "attributes": {
        "owner": "DFA",
        "stage": "Completed",
        "ea1": "K50P10",
        "ea2": "Kwa-Zulu Natal"
      }
    },
    {
      "attributes": {
        "owner": "DFA",
        "stage": "Completed",
        "ea1": "K50P10",
        "ea2": "Kwa-Zulu Natal"
      }
    },
    {
      "attributes": {
        "owner": "DFA",
        "stage": "Completed",
        "ea1": "K50P10",
        "ea2": "Kwa-Zulu Natal"
      }
    },
    {
      "attributes": {
        "owner": "DFA",
        "stage": "Completed",
        "ea1": "K50P10",
        "ea2": "Kwa-Zulu Natal"
      }
    },
    {
      "attributes": {
        "owner": "DFA",
        "stage": "Completed",
        "ea1": "K50P10",
        "ea2": "Kwa-Zulu Natal"
      }
    },
    {
      "attributes": {
        "owner": "DFA",
        "stage": "Completed",
        "ea1": "W50P61",
        "ea2": "Western Region"
      }
    },
    {
      "attributes": {
        "owner": "DFA",
        "stage": "Construction",
        "ea1": "none",
        "ea2": "None"
      }
    },
    {
      "attributes": {
        "owner": "DFA",
        "stage": "Completed",
        "ea1": "K50P10",
        "ea2": "Kwa-Zulu Natal"
      }
    },
    {
      "attributes": {
        "owner": "DFA",
        "stage": "Completed",
        "ea1": "K50P10",
        "ea2": "Kwa-Zulu Natal"
      }
    },
    {
      "attributes": {
        "owner": "DFA",
        "stage": "Completed",
        "ea1": "W50P65",
        "ea2": "Western Region"
      }
    },
    {
      "attributes": {
        "owner": "DFA",
        "stage": "Completed",
        "ea1": "K50P10",
        "ea2": "Kwa-Zulu Natal"
      }
    },
    {
      "attributes": {
        "owner": "DFA",
        "stage": "Completed",
        "ea1": "W50P65",
        "ea2": "Western Region"
      }
    },
    {
      "attributes": {
        "owner": "DFA",
        "stage": "Completed",
        "ea1": "K50P10",
        "ea2": "Kwa-Zulu Natal"
      }
    },
    {
      "attributes": {
        "owner": "DFA",
        "stage": "Completed",
        "ea1": "W50P65",
        "ea2": "Western Region"
      }
    },
    {
      "attributes": {
        "owner": "DFA",
        "stage": "Completed",
        "ea1": "K50P10",
        "ea2": "Kwa-Zulu Natal"
      }
    },
    {
      "attributes": {
        "owner": "DFA",
        "stage": "Completed",
        "ea1": "W50P65",
        "ea2": "Western Region"
      }
    },
    {
      "attributes": {
        "owner": "DFA",
        "stage": "Completed",
        "ea1": "W50P65",
        "ea2": "Western Region"
      }
    },
    {
      "attributes": {
        "owner": "DFA",
        "stage": "Completed",
        "ea1": "W50P65",
        "ea2": "Western Region"
      }
    },
    {
      "attributes": {
        "owner": "DFA",
        "stage": "Completed",
        "ea1": "MS03141LH020229",
        "ea2": "Northern Region"
      }
    },
    {
      "attributes": {
        "owner": "DFA",
        "stage": "Completed",
        "ea1": "W50P65",
        "ea2": "Western Region"
      }
    },
    {
      "attributes": {
        "owner": "DFA",
        "stage": "Completed",
        "ea1": "W50P64",
        "ea2": "Western Region"
      }
    },
    {
      "attributes": {
        "owner": "DFA",
        "stage": "Completed",
        "ea1": "none",
        "ea2": "Northern Region"
      }
    },
    {
      "attributes": {
        "owner": "DFA",
        "stage": "Completed",
        "ea1": "none",
        "ea2": "Northern Region"
      }
    },
    {
      "attributes": {
        "owner": "DFA",
        "stage": "Completed",
        "ea1": "none",
        "ea2": "Northern Region"
      }
    },
    {
      "attributes": {
        "owner": "DFA",
        "stage": "Completed",
        "ea1": "none",
        "ea2": "Northern Region"
      }
    },
    {
      "attributes": {
        "owner": "DFA",
        "stage": "Completed",
        "ea1": "none",
        "ea2": "Northern Region"
      }
    },
    {
      "attributes": {
        "owner": "DFA",
        "stage": "Completed",
        "ea1": "AS04786NB000951",
        "ea2": "Northern Region"
      }
    },
    {
      "attributes": {
        "owner": "DFA",
        "stage": "Completed",
        "ea1": "none",
        "ea2": "Northern Region"
      }
    },
    {
      "attributes": {
        "owner": "DFA",
        "stage": "Completed",
        "ea1": "none",
        "ea2": "Northern Region"
      }
    },
    {
      "attributes": {
        "owner": "DFA",
        "stage": "Completed",
        "ea1": "none",
        "ea2": "Northern Region"
      }
    },
    {
      "attributes": {
        "owner": "DFA",
        "stage": "Completed",
        "ea1": "none",
        "ea2": "Northern Region"
      }
    },
    {
      "attributes": {
        "owner": "DFA",
        "stage": "Completed",
        "ea1": "none",
        "ea2": "Northern Region"
      }
    },
    {
      "attributes": {
        "owner": "DFA",
        "stage": "Completed",
        "ea1": "none",
        "ea2": "Northern Region"
      }
    },
    {
      "attributes": {
        "owner": "DFA",
        "stage": "Completed",
        "ea1": "none",
        "ea2": "Northern Region"
      }
    },
    {
      "attributes": {
        "owner": "DFA",
        "stage": "Completed",
        "ea1": "none",
        "ea2": "Northern Region"
      }
    },
    {
      "attributes": {
        "owner": "DFA",
        "stage": "Completed",
        "ea1": "none",
        "ea2": "Northern Region"
      }
    },
    {
      "attributes": {
        "owner": "DFA",
        "stage": "Completed",
        "ea1": "none",
        "ea2": "Northern Region"
      }
    },
    {
      "attributes": {
        "owner": "DFA",
        "stage": "Completed",
        "ea1": "none",
        "ea2": "Northern Region"
      }
    },
    {
      "attributes": {
        "owner": "DFA",
        "stage": "Completed",
        "ea1": "none",
        "ea2": "Northern Region"
      }
    },
    {
      "attributes": {
        "owner": "DFA",
        "stage": "Completed",
        "ea1": "G01P13",
        "ea2": "Northern Region"
      }
    },
    {
      "attributes": {
        "owner": "DFA",
        "stage": "Completed",
        "ea1": "none",
        "ea2": "Northern Region"
      }
    },
    {
      "attributes": {
        "owner": "DFA",
        "stage": "Completed",
        "ea1": "K50P43",
        "ea2": "Kwa-Zulu Natal"
      }
    },
    {
      "attributes": {
        "owner": "DFA",
        "stage": "Completed",
        "ea1": "none",
        "ea2": "None"
      }
    },
    {
      "attributes": {
        "owner": "DFA",
        "stage": "Completed",
        "ea1": "K50P43",
        "ea2": "Kwa-Zulu Natal"
      }
    },
    {
      "attributes": {
        "owner": "DFA",
        "stage": "Completed",
        "ea1": "K50P43",
        "ea2": "Kwa-Zulu Natal"
      }
    },
    {
      "attributes": {
        "owner": "DFA",
        "stage": "Completed",
        "ea1": "K50P43",
        "ea2": "Kwa-Zulu Natal"
      }
    },
    {
      "attributes": {
        "owner": "DFA",
        "stage": "Completed",
        "ea1": "K50P43",
        "ea2": "Kwa-Zulu Natal"
      }
    },
    {
      "attributes": {
        "owner": "DFA",
        "stage": "Completed",
        "ea1": "K50P43",
        "ea2": "Kwa-Zulu Natal"
      }
    },
    {
      "attributes": {
        "owner": "DFA",
        "stage": "Completed",
        "ea1": "K50P43",
        "ea2": "Kwa-Zulu Natal"
      }
    },
    {
      "attributes": {
        "owner": "DFA",
        "stage": "Completed",
        "ea1": "K50P43",
        "ea2": "Kwa-Zulu Natal"
      }
    },
    {
      "attributes": {
        "owner": "DFA",
        "stage": "Completed",
        "ea1": "K50P43",
        "ea2": "Kwa-Zulu Natal"
      }
    },
    {
      "attributes": {
        "owner": "DFA",
        "stage": "Completed",
        "ea1": "K50P43",
        "ea2": "Kwa-Zulu Natal"
      }
    },
    {
      "attributes": {
        "owner": "DFA",
        "stage": "Completed",
        "ea1": "K50P43",
        "ea2": "Kwa-Zulu Natal"
      }
    },
    {
      "attributes": {
        "owner": "DFA",
        "stage": "Completed",
        "ea1": "K50P43",
        "ea2": "Kwa-Zulu Natal"
      }
    },
    {
      "attributes": {
        "owner": "DFA",
        "stage": "Completed",
        "ea1": "K50P43",
        "ea2": "Kwa-Zulu Natal"
      }
    },
    {
      "attributes": {
        "owner": "DFA",
        "stage": "Completed",
        "ea1": "K50P43",
        "ea2": "Kwa-Zulu Natal"
      }
    },
    {
      "attributes": {
        "owner": "DFA",
        "stage": "Completed",
        "ea1": "K50P43",
        "ea2": "Kwa-Zulu Natal"
      }
    },
    {
      "attributes": {
        "owner": "DFA",
        "stage": "Completed",
        "ea1": "G50P65",
        "ea2": "Gauteng South"
      }
    },
    {
      "attributes": {
        "owner": "DFA",
        "stage": "Completed",
        "ea1": "none",
        "ea2": "Northern Region"
      }
    },
    {
      "attributes": {
        "owner": "DFA",
        "stage": "Completed",
        "ea1": "W51P02",
        "ea2": "Western Region"
      }
    },
    {
      "attributes": {
        "owner": "DFA",
        "stage": "Completed",
        "ea1": "W51P02",
        "ea2": "Western Region"
      }
    },
    {
      "attributes": {
        "owner": "DFA",
        "stage": "Completed",
        "ea1": "W51P02",
        "ea2": "Western Region"
      }
    },
    {
      "attributes": {
        "owner": "DFA",
        "stage": "Completed",
        "ea1": "W51P02",
        "ea2": "Western Region"
      }
    },
    {
      "attributes": {
        "owner": "DFA",
        "stage": "Completed",
        "ea1": "W51P02",
        "ea2": "Western Region"
      }
    },
    {
      "attributes": {
        "owner": "DFA",
        "stage": "Completed",
        "ea1": "W51P02",
        "ea2": "Western Region"
      }
    },
    {
      "attributes": {
        "owner": "DFA",
        "stage": "Completed",
        "ea1": "none",
        "ea2": "None"
      }
    },
    {
      "attributes": {
        "owner": "DFA",
        "stage": "Construction",
        "ea1": "none",
        "ea2": "None"
      }
    },
    {
      "attributes": {
        "owner": "DFA",
        "stage": "Completed",
        "ea1": "none",
        "ea2": "Northern Region"
      }
    },
    {
      "attributes": {
        "owner": "DFA",
        "stage": "Construction",
        "ea1": "none",
        "ea2": "None"
      }
    },
    {
      "attributes": {
        "owner": "DFA",
        "stage": "Completed",
        "ea1": "W01P08",
        "ea2": "Western Region"
      }
    },
    {
      "attributes": {
        "owner": "DFA",
        "stage": "Completed",
        "ea1": "W01P08",
        "ea2": "Western Region"
      }
    },
    {
      "attributes": {
        "owner": "DFA",
        "stage": "Completed",
        "ea1": " VS01138GH000153",
        "ea2": "Northern Region"
      }
    },
    {
      "attributes": {
        "owner": "DFA",
        "stage": "Completed",
        "ea1": "AS11728BH021928",
        "ea2": "Gauteng South"
      }
    },
    {
      "attributes": {
        "owner": "DFA",
        "stage": "Construction",
        "ea1": "none",
        "ea2": "None"
      }
    },
    {
      "attributes": {
        "owner": "DFA",
        "stage": "Completed",
        "ea1": "none",
        "ea2": "Northern Region"
      }
    },
    {
      "attributes": {
        "owner": "DFA",
        "stage": "Completed",
        "ea1": "AS02311GH060995",
        "ea2": "Northern Region"
      }
    },
    {
      "attributes": {
        "owner": "DFA",
        "stage": "Completed",
        "ea1": "AS01156GH04041",
        "ea2": "Northern Region"
      }
    },
    {
      "attributes": {
        "owner": "DFA",
        "stage": "Completed",
        "ea1": "VS00893GH004039",
        "ea2": "Northern Region"
      }
    },
    {
      "attributes": {
        "owner": "DFA",
        "stage": "Construction",
        "ea1": "none",
        "ea2": "None"
      }
    },
    {
      "attributes": {
        "owner": "DFA",
        "stage": "Completed",
        "ea1": "AS03279BH004091 ",
        "ea2": "Northern Region"
      }
    },
    {
      "attributes": {
        "owner": "DFA",
        "stage": "Construction",
        "ea1": "none",
        "ea2": "None"
      }
    },
    {
      "attributes": {
        "owner": "DFA",
        "stage": "Completed",
        "ea1": "VS02112GH210146 ",
        "ea2": "Northern Region"
      }
    },
    {
      "attributes": {
        "owner": "DFA",
        "stage": "Completed",
        "ea1": "VS02520NB210123",
        "ea2": "Northern Region"
      }
    },
    {
      "attributes": {
        "owner": "DFA",
        "stage": "Construction",
        "ea1": "none",
        "ea2": "None"
      }
    },
    {
      "attributes": {
        "owner": "DFA",
        "stage": "Construction",
        "ea1": "none",
        "ea2": "None"
      }
    },
    {
      "attributes": {
        "owner": "DFA",
        "stage": "Construction",
        "ea1": "none",
        "ea2": "None"
      }
    },
    {
      "attributes": {
        "owner": "DFA",
        "stage": "Completed",
        "ea1": "MS01595GH000170",
        "ea2": "Northern Region"
      }
    },
    {
      "attributes": {
        "owner": "DFA",
        "stage": "Completed",
        "ea1": "W01P08",
        "ea2": "Western Region"
      }
    },
    {
      "attributes": {
        "owner": "DFA",
        "stage": "Completed",
        "ea1": "W01P08",
        "ea2": "Western Region"
      }
    },
    {
      "attributes": {
        "owner": "DFA",
        "stage": "Completed",
        "ea1": "none",
        "ea2": "None"
      }
    },
    {
      "attributes": {
        "owner": "DFA",
        "stage": "Completed",
        "ea1": "G52P75",
        "ea2": "Gauteng South"
      }
    },
    {
      "attributes": {
        "owner": "DFA",
        "stage": "Construction",
        "ea1": "G51P34",
        "ea2": "None"
      }
    },
    {
      "attributes": {
        "owner": "DFA",
        "stage": "Completed",
        "ea1": "W01P08",
        "ea2": "Western Region"
      }
    },
    {
      "attributes": {
        "owner": "DFA",
        "stage": "Completed",
        "ea1": "W30P24",
        "ea2": "Western Region"
      }
    },
    {
      "attributes": {
        "owner": "DFA",
        "stage": "Completed",
        "ea1": "AS00725GH022410",
        "ea2": "Northern Region"
      }
    },
    {
      "attributes": {
        "owner": "DFA",
        "stage": "Completed",
        "ea1": "K50P21",
        "ea2": "Kwa-Zulu Natal"
      }
    },
    {
      "attributes": {
        "owner": "DFA",
        "stage": "Completed",
        "ea1": "K50P21",
        "ea2": "Kwa-Zulu Natal"
      }
    },
    {
      "attributes": {
        "owner": "DFA",
        "stage": "Completed",
        "ea1": "W30P24",
        "ea2": "Western Region"
      }
    },
    {
      "attributes": {
        "owner": "DFA",
        "stage": "Completed",
        "ea1": "W30P24",
        "ea2": "Western Region"
      }
    },
    {
      "attributes": {
        "owner": "DFA",
        "stage": "Completed",
        "ea1": "W20P04",
        "ea2": "Western Region"
      }
    },
    {
      "attributes": {
        "owner": "DFA",
        "stage": "Completed",
        "ea1": "W20P04",
        "ea2": "Western Region"
      }
    },
    {
      "attributes": {
        "owner": "DFA",
        "stage": "Completed",
        "ea1": "W20P04",
        "ea2": "Western Region"
      }
    },
    {
      "attributes": {
        "owner": "DFA",
        "stage": "Completed",
        "ea1": "W20P04",
        "ea2": "Western Region"
      }
    },
    {
      "attributes": {
        "owner": "DFA",
        "stage": "Completed",
        "ea1": "W20P04",
        "ea2": "Western Region"
      }
    },
    {
      "attributes": {
        "owner": "DFA",
        "stage": "Completed",
        "ea1": "W20P04",
        "ea2": "Western Region"
      }
    },
    {
      "attributes": {
        "owner": "DFA",
        "stage": "Completed",
        "ea1": "none",
        "ea2": "None"
      }
    },
    {
      "attributes": {
        "owner": "DFA",
        "stage": "Completed",
        "ea1": "W50P37",
        "ea2": "Western Region"
      }
    },
    {
      "attributes": {
        "owner": "DFA",
        "stage": "Completed",
        "ea1": "W50P37",
        "ea2": "Western Region"
      }
    },
    {
      "attributes": {
        "owner": "DFA",
        "stage": "Completed",
        "ea1": "W50P37",
        "ea2": "Western Region"
      }
    },
    {
      "attributes": {
        "owner": "DFA",
        "stage": "Completed",
        "ea1": "W50P37",
        "ea2": "Western Region"
      }
    },
    {
      "attributes": {
        "owner": "DFA",
        "stage": "Completed",
        "ea1": "W50P37",
        "ea2": "Western Region"
      }
    },
    {
      "attributes": {
        "owner": "DFA",
        "stage": "Completed",
        "ea1": "W50P37",
        "ea2": "Western Region"
      }
    },
    {
      "attributes": {
        "owner": "DFA",
        "stage": "Completed",
        "ea1": "W50P37",
        "ea2": "Western Region"
      }
    },
    {
      "attributes": {
        "owner": "DFA",
        "stage": "Completed",
        "ea1": "W50P37",
        "ea2": "Western Region"
      }
    },
    {
      "attributes": {
        "owner": "DFA",
        "stage": "Completed",
        "ea1": "W50P37",
        "ea2": "Western Region"
      }
    },
    {
      "attributes": {
        "owner": "DFA",
        "stage": "Completed",
        "ea1": "W50P37",
        "ea2": "Western Region"
      }
    },
    {
      "attributes": {
        "owner": "DFA",
        "stage": "Completed",
        "ea1": "W50P37",
        "ea2": "Western Region"
      }
    },
    {
      "attributes": {
        "owner": "DFA",
        "stage": "Completed",
        "ea1": "W50P37",
        "ea2": "Western Region"
      }
    },
    {
      "attributes": {
        "owner": "DFA",
        "stage": "Completed",
        "ea1": "W50P37",
        "ea2": "Western Region"
      }
    },
    {
      "attributes": {
        "owner": "DFA",
        "stage": "Completed",
        "ea1": "W50P37",
        "ea2": "Western Region"
      }
    },
    {
      "attributes": {
        "owner": "DFA",
        "stage": "Completed",
        "ea1": "W50P37",
        "ea2": "Western Region"
      }
    },
    {
      "attributes": {
        "owner": "DFA",
        "stage": "Completed",
        "ea1": "W50P37",
        "ea2": "Western Region"
      }
    },
    {
      "attributes": {
        "owner": "DFA",
        "stage": "Completed",
        "ea1": "W50P37",
        "ea2": "Western Region"
      }
    },
    {
      "attributes": {
        "owner": "DFA",
        "stage": "Completed",
        "ea1": "W50P37",
        "ea2": "Western Region"
      }
    },
    {
      "attributes": {
        "owner": "DFA",
        "stage": "Completed",
        "ea1": "W50P26",
        "ea2": "Western Region"
      }
    },
    {
      "attributes": {
        "owner": "DFA",
        "stage": "Completed",
        "ea1": "W50P26",
        "ea2": "Western Region"
      }
    },
    {
      "attributes": {
        "owner": "DFA",
        "stage": "Completed",
        "ea1": "W50P26",
        "ea2": "Western Region"
      }
    },
    {
      "attributes": {
        "owner": "DFA",
        "stage": "Completed",
        "ea1": "W50P26",
        "ea2": "Western Region"
      }
    },
    {
      "attributes": {
        "owner": "DFA",
        "stage": "Completed",
        "ea1": "W50P26",
        "ea2": "Western Region"
      }
    },
    {
      "attributes": {
        "owner": "DFA",
        "stage": "Completed",
        "ea1": "W50P26",
        "ea2": "Western Region"
      }
    },
    {
      "attributes": {
        "owner": "DFA",
        "stage": "Completed",
        "ea1": "W50P26",
        "ea2": "Western Region"
      }
    },
    {
      "attributes": {
        "owner": "DFA",
        "stage": "Completed",
        "ea1": "W50P26",
        "ea2": "Western Region"
      }
    },
    {
      "attributes": {
        "owner": "DFA",
        "stage": "Completed",
        "ea1": "W50P26",
        "ea2": "Western Region"
      }
    },
    {
      "attributes": {
        "owner": "DFA",
        "stage": "Completed",
        "ea1": "W50P26",
        "ea2": "Western Region"
      }
    },
    {
      "attributes": {
        "owner": "DFA",
        "stage": "Completed",
        "ea1": "W30P03",
        "ea2": "Western Region"
      }
    },
    {
      "attributes": {
        "owner": "DFA",
        "stage": "Completed",
        "ea1": "W50P26",
        "ea2": "Western Region"
      }
    },
    {
      "attributes": {
        "owner": "DFA",
        "stage": "Completed",
        "ea1": "W51P35",
        "ea2": "Western Region"
      }
    },
    {
      "attributes": {
        "owner": "DFA",
        "stage": "Completed",
        "ea1": "W51P35",
        "ea2": "Western Region"
      }
    },
    {
      "attributes": {
        "owner": "DFA",
        "stage": "Completed",
        "ea1": "W51P35",
        "ea2": "Western Region"
      }
    },
    {
      "attributes": {
        "owner": "DFA",
        "stage": "Completed",
        "ea1": "W44P02",
        "ea2": "Western Region"
      }
    },
    {
      "attributes": {
        "owner": "DFA",
        "stage": "Completed",
        "ea1": "VS02393GH001509  ",
        "ea2": "Northern Region"
      }
    },
    {
      "attributes": {
        "owner": "DFA",
        "stage": "Completed",
        "ea1": "none",
        "ea2": "None"
      }
    },
    {
      "attributes": {
        "owner": "DFA",
        "stage": "Completed",
        "ea1": "W44P02",
        "ea2": "Eastern Region"
      }
    },
    {
      "attributes": {
        "owner": "DFA",
        "stage": "Construction",
        "ea1": "none",
        "ea2": "None"
      }
    },
    {
      "attributes": {
        "owner": "DFA",
        "stage": "Construction",
        "ea1": "none",
        "ea2": "None"
      }
    },
    {
      "attributes": {
        "owner": "DFA",
        "stage": "Construction",
        "ea1": "none",
        "ea2": "None"
      }
    },
    {
      "attributes": {
        "owner": "DFA",
        "stage": "Completed",
        "ea1": "W44P02",
        "ea2": "Eastern Region"
      }
    },
    {
      "attributes": {
        "owner": "DFA",
        "stage": "Completed",
        "ea1": "none",
        "ea2": "None"
      }
    },
    {
      "attributes": {
        "owner": "DFA",
        "stage": "Completed",
        "ea1": "none",
        "ea2": "None"
      }
    },
    {
      "attributes": {
        "owner": "DFA",
        "stage": "Completed",
        "ea1": "W50P04",
        "ea2": "Western Region"
      }
    },
    {
      "attributes": {
        "owner": "DFA",
        "stage": "Construction",
        "ea1": "none",
        "ea2": "None"
      }
    },
    {
      "attributes": {
        "owner": "DFA",
        "stage": "Completed",
        "ea1": "W50P04",
        "ea2": "Western Region"
      }
    },
    {
      "attributes": {
        "owner": "DFA",
        "stage": "Completed",
        "ea1": "W50P04",
        "ea2": "Western Region"
      }
    },
    {
      "attributes": {
        "owner": "DFA",
        "stage": "Completed",
        "ea1": "W50P04",
        "ea2": "Western Region"
      }
    },
    {
      "attributes": {
        "owner": "DFA",
        "stage": "Completed",
        "ea1": "W50P04",
        "ea2": "Western Region"
      }
    },
    {
      "attributes": {
        "owner": "DFA",
        "stage": "Completed",
        "ea1": "W50P04",
        "ea2": "Western Region"
      }
    },
    {
      "attributes": {
        "owner": "DFA",
        "stage": "Completed",
        "ea1": "W50P04",
        "ea2": "Western Region"
      }
    },
    {
      "attributes": {
        "owner": "DFA",
        "stage": "Completed",
        "ea1": "W50P04",
        "ea2": "Western Region"
      }
    },
    {
      "attributes": {
        "owner": "DFA",
        "stage": "Completed",
        "ea1": "W50P04",
        "ea2": "Western Region"
      }
    },
    {
      "attributes": {
        "owner": "DFA",
        "stage": "Completed",
        "ea1": "W50P04",
        "ea2": "Western Region"
      }
    },
    {
      "attributes": {
        "owner": "DFA",
        "stage": "Completed",
        "ea1": "W50P04",
        "ea2": "Western Region"
      }
    },
    {
      "attributes": {
        "owner": "DFA",
        "stage": "Completed",
        "ea1": "W50P04",
        "ea2": "Western Region"
      }
    },
    {
      "attributes": {
        "owner": "DFA",
        "stage": "Completed",
        "ea1": "W50P04",
        "ea2": "Western Region"
      }
    },
    {
      "attributes": {
        "owner": "DFA",
        "stage": "Completed",
        "ea1": "W50P04",
        "ea2": "Western Region"
      }
    },
    {
      "attributes": {
        "owner": "DFA",
        "stage": "Completed",
        "ea1": "W50P04",
        "ea2": "Western Region"
      }
    },
    {
      "attributes": {
        "owner": "DFA",
        "stage": "Completed",
        "ea1": "W50P04",
        "ea2": "Western Region"
      }
    },
    {
      "attributes": {
        "owner": "DFA",
        "stage": "Completed",
        "ea1": "W50P04",
        "ea2": "Western Region"
      }
    },
    {
      "attributes": {
        "owner": "DFA",
        "stage": "Completed",
        "ea1": "W50P04",
        "ea2": "Western Region"
      }
    },
    {
      "attributes": {
        "owner": "DFA",
        "stage": "Completed",
        "ea1": "W50P04",
        "ea2": "Western Region"
      }
    },
    {
      "attributes": {
        "owner": "DFA",
        "stage": "Completed",
        "ea1": "W50P04",
        "ea2": "Western Region"
      }
    },
    {
      "attributes": {
        "owner": "DFA",
        "stage": "Completed",
        "ea1": "W50P04",
        "ea2": "Western Region"
      }
    },
    {
      "attributes": {
        "owner": "DFA",
        "stage": "Completed",
        "ea1": "W50P04",
        "ea2": "Western Region"
      }
    },
    {
      "attributes": {
        "owner": "DFA",
        "stage": "Completed",
        "ea1": "W50P04",
        "ea2": "Western Region"
      }
    },
    {
      "attributes": {
        "owner": "DFA",
        "stage": "Completed",
        "ea1": "W50P04",
        "ea2": "Western Region"
      }
    },
    {
      "attributes": {
        "owner": "DFA",
        "stage": "Completed",
        "ea1": "W50P04",
        "ea2": "Western Region"
      }
    },
    {
      "attributes": {
        "owner": "DFA",
        "stage": "Completed",
        "ea1": "W50P04",
        "ea2": "Western Region"
      }
    },
    {
      "attributes": {
        "owner": "DFA",
        "stage": "Completed",
        "ea1": "W50P04",
        "ea2": "Western Region"
      }
    },
    {
      "attributes": {
        "owner": "DFA",
        "stage": "Construction",
        "ea1": "none",
        "ea2": "None"
      }
    },
    {
      "attributes": {
        "owner": "DFA",
        "stage": "Completed",
        "ea1": "W50P04",
        "ea2": "Western Region"
      }
    },
    {
      "attributes": {
        "owner": "DFA",
        "stage": "Completed",
        "ea1": "W50P04",
        "ea2": "Western Region"
      }
    },
    {
      "attributes": {
        "owner": "DFA",
        "stage": "Completed",
        "ea1": "W50P04",
        "ea2": "Western Region"
      }
    },
    {
      "attributes": {
        "owner": "DFA",
        "stage": "Completed",
        "ea1": "W50P04",
        "ea2": "Western Region"
      }
    },
    {
      "attributes": {
        "owner": "DFA",
        "stage": "Completed",
        "ea1": "W50P04",
        "ea2": "Western Region"
      }
    },
    {
      "attributes": {
        "owner": "DFA",
        "stage": "Completed",
        "ea1": "W50P04",
        "ea2": "Western Region"
      }
    },
    {
      "attributes": {
        "owner": "DFA",
        "stage": "Completed",
        "ea1": "W50P04",
        "ea2": "Western Region"
      }
    },
    {
      "attributes": {
        "owner": "DFA",
        "stage": "Completed",
        "ea1": "W50P04",
        "ea2": "Western Region"
      }
    },
    {
      "attributes": {
        "owner": "DFA",
        "stage": "Completed",
        "ea1": "W50P04",
        "ea2": "Western Region"
      }
    },
    {
      "attributes": {
        "owner": "DFA",
        "stage": "Completed",
        "ea1": "W50P04",
        "ea2": "Western Region"
      }
    },
    {
      "attributes": {
        "owner": "DFA",
        "stage": "Completed",
        "ea1": "W50P04",
        "ea2": "Western Region"
      }
    },
    {
      "attributes": {
        "owner": "DFA",
        "stage": "Completed",
        "ea1": "W43P02",
        "ea2": "Western Region"
      }
    },
    {
      "attributes": {
        "owner": "DFA",
        "stage": "Completed",
        "ea1": "K20P23",
        "ea2": "Kwa-Zulu Natal"
      }
    },
    {
      "attributes": {
        "owner": "DFA",
        "stage": "Completed",
        "ea1": "K20P23",
        "ea2": "Kwa-Zulu Natal"
      }
    },
    {
      "attributes": {
        "owner": "DFA",
        "stage": "Completed",
        "ea1": "K20P23",
        "ea2": "Kwa-Zulu Natal"
      }
    },
    {
      "attributes": {
        "owner": "DFA",
        "stage": "Completed",
        "ea1": "K20P23",
        "ea2": "Kwa-Zulu Natal"
      }
    },
    {
      "attributes": {
        "owner": "DFA",
        "stage": "Completed",
        "ea1": "K20P23",
        "ea2": "Kwa-Zulu Natal"
      }
    },
    {
      "attributes": {
        "owner": "DFA",
        "stage": "Completed",
        "ea1": "K20P23",
        "ea2": "Kwa-Zulu Natal"
      }
    },
    {
      "attributes": {
        "owner": "DFA",
        "stage": "Completed",
        "ea1": "none",
        "ea2": "Western Region"
      }
    },
    {
      "attributes": {
        "owner": "DFA",
        "stage": "Construction",
        "ea1": "none",
        "ea2": "None"
      }
    },
    {
      "attributes": {
        "owner": "DFA",
        "stage": "Completed",
        "ea1": "W50P55",
        "ea2": "Western Region"
      }
    },
    {
      "attributes": {
        "owner": "DFA",
        "stage": "Completed",
        "ea1": "W50P55",
        "ea2": "Western Region"
      }
    },
    {
      "attributes": {
        "owner": "DFA",
        "stage": "Completed",
        "ea1": "W50P55",
        "ea2": "Western Region"
      }
    },
    {
      "attributes": {
        "owner": "DFA",
        "stage": "Completed",
        "ea1": "W50P55",
        "ea2": "Western Region"
      }
    },
    {
      "attributes": {
        "owner": "DFA",
        "stage": "Completed",
        "ea1": "W50P55",
        "ea2": "Western Region"
      }
    },
    {
      "attributes": {
        "owner": "DFA",
        "stage": "Completed",
        "ea1": "W50P55",
        "ea2": "Western Region"
      }
    },
    {
      "attributes": {
        "owner": "DFA",
        "stage": "Completed",
        "ea1": "W50P55",
        "ea2": "Western Region"
      }
    },
    {
      "attributes": {
        "owner": "DFA",
        "stage": "Completed",
        "ea1": "W50P55",
        "ea2": "Western Region"
      }
    },
    {
      "attributes": {
        "owner": "DFA",
        "stage": "Completed",
        "ea1": "W50P55",
        "ea2": "Western Region"
      }
    },
    {
      "attributes": {
        "owner": "DFA",
        "stage": "Completed",
        "ea1": "W50P55",
        "ea2": "Western Region"
      }
    },
    {
      "attributes": {
        "owner": "DFA",
        "stage": "Completed",
        "ea1": "W50P55",
        "ea2": "Western Region"
      }
    },
    {
      "attributes": {
        "owner": "DFA",
        "stage": "Completed",
        "ea1": "W50P55",
        "ea2": "Western Region"
      }
    },
    {
      "attributes": {
        "owner": "DFA",
        "stage": "Completed",
        "ea1": "W50P55",
        "ea2": "Western Region"
      }
    },
    {
      "attributes": {
        "owner": "DFA",
        "stage": "Completed",
        "ea1": "W50P55",
        "ea2": "Western Region"
      }
    },
    {
      "attributes": {
        "owner": "DFA",
        "stage": "Completed",
        "ea1": "W50P55",
        "ea2": "Western Region"
      }
    },
    {
      "attributes": {
        "owner": "DFA",
        "stage": "Completed",
        "ea1": "W50P55",
        "ea2": "Western Region"
      }
    },
    {
      "attributes": {
        "owner": "DFA",
        "stage": "Completed",
        "ea1": "W50P55",
        "ea2": "Western Region"
      }
    },
    {
      "attributes": {
        "owner": "DFA",
        "stage": "Completed",
        "ea1": "W50P55",
        "ea2": "Western Region"
      }
    },
    {
      "attributes": {
        "owner": "DFA",
        "stage": "Completed",
        "ea1": "W50P55",
        "ea2": "Western Region"
      }
    },
    {
      "attributes": {
        "owner": "DFA",
        "stage": "Completed",
        "ea1": "W50P55",
        "ea2": "Western Region"
      }
    },
    {
      "attributes": {
        "owner": "DFA",
        "stage": "Completed",
        "ea1": "W50P55",
        "ea2": "Western Region"
      }
    },
    {
      "attributes": {
        "owner": "DFA",
        "stage": "Completed",
        "ea1": "W50P55",
        "ea2": "Western Region"
      }
    },
    {
      "attributes": {
        "owner": "DFA",
        "stage": "Completed",
        "ea1": "W50P55",
        "ea2": "Western Region"
      }
    },
    {
      "attributes": {
        "owner": "DFA",
        "stage": "Completed",
        "ea1": "W50P55",
        "ea2": "Western Region"
      }
    },
    {
      "attributes": {
        "owner": "DFA",
        "stage": "Completed",
        "ea1": "W50P55",
        "ea2": "Western Region"
      }
    },
    {
      "attributes": {
        "owner": "DFA",
        "stage": "Completed",
        "ea1": "W50P55",
        "ea2": "Western Region"
      }
    },
    {
      "attributes": {
        "owner": "DFA",
        "stage": "Completed",
        "ea1": "W50P55",
        "ea2": "Western Region"
      }
    },
    {
      "attributes": {
        "owner": "DFA",
        "stage": "Completed",
        "ea1": "W50P55",
        "ea2": "Western Region"
      }
    },
    {
      "attributes": {
        "owner": "DFA",
        "stage": "Completed",
        "ea1": "W50P55",
        "ea2": "Western Region"
      }
    },
    {
      "attributes": {
        "owner": "DFA",
        "stage": "Completed",
        "ea1": "W50P55",
        "ea2": "Western Region"
      }
    },
    {
      "attributes": {
        "owner": "DFA",
        "stage": "Completed",
        "ea1": "W50P55",
        "ea2": "Western Region"
      }
    },
    {
      "attributes": {
        "owner": "DFA",
        "stage": "Completed",
        "ea1": "W50P55",
        "ea2": "Western Region"
      }
    },
    {
      "attributes": {
        "owner": "DFA",
        "stage": "Completed",
        "ea1": "W50P55",
        "ea2": "Western Region"
      }
    },
    {
      "attributes": {
        "owner": "DFA",
        "stage": "Completed",
        "ea1": "W50P55",
        "ea2": "Western Region"
      }
    },
    {
      "attributes": {
        "owner": "DFA",
        "stage": "Completed",
        "ea1": "W50P55",
        "ea2": "Western Region"
      }
    },
    {
      "attributes": {
        "owner": "DFA",
        "stage": "Completed",
        "ea1": "W50P55",
        "ea2": "Western Region"
      }
    },
    {
      "attributes": {
        "owner": "DFA",
        "stage": "Completed",
        "ea1": "W50P55",
        "ea2": "Western Region"
      }
    },
    {
      "attributes": {
        "owner": "DFA",
        "stage": "Completed",
        "ea1": "W50P55",
        "ea2": "Western Region"
      }
    },
    {
      "attributes": {
        "owner": "DFA",
        "stage": "Completed",
        "ea1": "W50P55",
        "ea2": "Western Region"
      }
    },
    {
      "attributes": {
        "owner": "DFA",
        "stage": "Completed",
        "ea1": "W50P55",
        "ea2": "Western Region"
      }
    },
    {
      "attributes": {
        "owner": "DFA",
        "stage": "Completed",
        "ea1": "W50P55",
        "ea2": "Western Region"
      }
    },
    {
      "attributes": {
        "owner": "DFA",
        "stage": "Completed",
        "ea1": "W50P55",
        "ea2": "Western Region"
      }
    },
    {
      "attributes": {
        "owner": "DFA",
        "stage": "Completed",
        "ea1": "W50P55",
        "ea2": "Western Region"
      }
    },
    {
      "attributes": {
        "owner": "DFA",
        "stage": "Completed",
        "ea1": "W50P55",
        "ea2": "Western Region"
      }
    },
    {
      "attributes": {
        "owner": "DFA",
        "stage": "Completed",
        "ea1": "W50P55",
        "ea2": "Western Region"
      }
    },
    {
      "attributes": {
        "owner": "DFA",
        "stage": "Completed",
        "ea1": "W50P55",
        "ea2": "Western Region"
      }
    },
    {
      "attributes": {
        "owner": "DFA",
        "stage": "Completed",
        "ea1": "W50P55",
        "ea2": "Western Region"
      }
    },
    {
      "attributes": {
        "owner": "DFA",
        "stage": "Completed",
        "ea1": "W50P55",
        "ea2": "Western Region"
      }
    },
    {
      "attributes": {
        "owner": "DFA",
        "stage": "Completed",
        "ea1": "W50P55",
        "ea2": "Western Region"
      }
    },
    {
      "attributes": {
        "owner": "DFA",
        "stage": "Completed",
        "ea1": "W50P55",
        "ea2": "Western Region"
      }
    },
    {
      "attributes": {
        "owner": "DFA",
        "stage": "Completed",
        "ea1": "W50P55",
        "ea2": "Western Region"
      }
    },
    {
      "attributes": {
        "owner": "DFA",
        "stage": "Completed",
        "ea1": "W50P55",
        "ea2": "Western Region"
      }
    },
    {
      "attributes": {
        "owner": "DFA",
        "stage": "Completed",
        "ea1": "W50P55",
        "ea2": "Western Region"
      }
    },
    {
      "attributes": {
        "owner": "DFA",
        "stage": "Construction",
        "ea1": "AS70123WH364200",
        "ea2": "Western Region"
      }
    },
    {
      "attributes": {
        "owner": "DFA",
        "stage": "Completed",
        "ea1": "AS00118WH282167",
        "ea2": "None"
      }
    },
    {
      "attributes": {
        "owner": "DFA",
        "stage": "Completed",
        "ea1": "K50P75",
        "ea2": "Kwa-Zulu Natal"
      }
    },
    {
      "attributes": {
        "owner": "DFA",
        "stage": "Completed",
        "ea1": "K50P75",
        "ea2": "Kwa-Zulu Natal"
      }
    },
    {
      "attributes": {
        "owner": "DFA",
        "stage": "Completed",
        "ea1": " ",
        "ea2": "Kwa-Zulu Natal"
      }
    },
    {
      "attributes": {
        "owner": "DFA",
        "stage": "Completed",
        "ea1": "AS01092BH021465",
        "ea2": "Northern Region"
      }
    },
    {
      "attributes": {
        "owner": "DFA",
        "stage": "Completed",
        "ea1": "K50P75",
        "ea2": "Kwa-Zulu Natal"
      }
    },
    {
      "attributes": {
        "owner": "DFA",
        "stage": "Completed",
        "ea1": "K50P75",
        "ea2": "Kwa-Zulu Natal"
      }
    },
    {
      "attributes": {
        "owner": "DFA",
        "stage": "Completed",
        "ea1": "K50P75",
        "ea2": "Kwa-Zulu Natal"
      }
    },
    {
      "attributes": {
        "owner": "DFA",
        "stage": "Completed",
        "ea1": "K50P84",
        "ea2": "Kwa-Zulu Natal"
      }
    },
    {
      "attributes": {
        "owner": "DFA",
        "stage": "Completed",
        "ea1": "K50P75",
        "ea2": "Kwa-Zulu Natal"
      }
    },
    {
      "attributes": {
        "owner": "DFA",
        "stage": "Completed",
        "ea1": "K01P06",
        "ea2": "Kwa-Zulu Natal"
      }
    },
    {
      "attributes": {
        "owner": "DFA",
        "stage": "Completed",
        "ea1": "K50P84",
        "ea2": "Kwa-Zulu Natal"
      }
    },
    {
      "attributes": {
        "owner": "DFA",
        "stage": "Completed",
        "ea1": "K50P84",
        "ea2": "Kwa-Zulu Natal"
      }
    },
    {
      "attributes": {
        "owner": "DFA",
        "stage": "Completed",
        "ea1": "K50P75",
        "ea2": "Kwa-Zulu Natal"
      }
    },
    {
      "attributes": {
        "owner": "DFA",
        "stage": "Completed",
        "ea1": "K50P75",
        "ea2": "Kwa-Zulu Natal"
      }
    },
    {
      "attributes": {
        "owner": "DFA",
        "stage": "Completed",
        "ea1": "K50P75",
        "ea2": "Kwa-Zulu Natal"
      }
    },
    {
      "attributes": {
        "owner": "DFA",
        "stage": "Completed",
        "ea1": "K50P75",
        "ea2": "Kwa-Zulu Natal"
      }
    },
    {
      "attributes": {
        "owner": "DFA",
        "stage": "Completed",
        "ea1": "K50P75",
        "ea2": "Kwa-Zulu Natal"
      }
    },
    {
      "attributes": {
        "owner": "DFA",
        "stage": "Completed",
        "ea1": "K50P75",
        "ea2": "Kwa-Zulu Natal"
      }
    },
    {
      "attributes": {
        "owner": "DFA",
        "stage": "Completed",
        "ea1": "K50P75",
        "ea2": "Kwa-Zulu Natal"
      }
    },
    {
      "attributes": {
        "owner": "DFA",
        "stage": "Construction",
        "ea1": "none",
        "ea2": "None"
      }
    },
    {
      "attributes": {
        "owner": "DFA",
        "stage": "Completed",
        "ea1": "K50P75",
        "ea2": "Kwa-Zulu Natal"
      }
    },
    {
      "attributes": {
        "owner": "DFA",
        "stage": "Completed",
        "ea1": "K50P75",
        "ea2": "Kwa-Zulu Natal"
      }
    },
    {
      "attributes": {
        "owner": "DFA",
        "stage": "Completed",
        "ea1": "K50P75",
        "ea2": "Kwa-Zulu Natal"
      }
    },
    {
      "attributes": {
        "owner": "DFA",
        "stage": "Completed",
        "ea1": "K50P75",
        "ea2": "Kwa-Zulu Natal"
      }
    },
    {
      "attributes": {
        "owner": "DFA",
        "stage": "Completed",
        "ea1": "K50P75",
        "ea2": "Kwa-Zulu Natal"
      }
    },
    {
      "attributes": {
        "owner": "DFA",
        "stage": "Completed",
        "ea1": "K50P75",
        "ea2": "Kwa-Zulu Natal"
      }
    },
    {
      "attributes": {
        "owner": "DFA",
        "stage": "Completed",
        "ea1": "K50P75",
        "ea2": "Kwa-Zulu Natal"
      }
    },
    {
      "attributes": {
        "owner": "DFA",
        "stage": "Completed",
        "ea1": "AS05390BH005002",
        "ea2": "Northern Region"
      }
    },
    {
      "attributes": {
        "owner": "DFA",
        "stage": "Construction",
        "ea1": "none",
        "ea2": "None"
      }
    },
    {
      "attributes": {
        "owner": "DFA",
        "stage": "Completed",
        "ea1": "W50P12",
        "ea2": "Western Region"
      }
    },
    {
      "attributes": {
        "owner": "DFA",
        "stage": "Completed",
        "ea1": "W50P12",
        "ea2": "Western Region"
      }
    },
    {
      "attributes": {
        "owner": "DFA",
        "stage": "Completed",
        "ea1": "W50P12",
        "ea2": "Western Region"
      }
    },
    {
      "attributes": {
        "owner": "DFA",
        "stage": "Completed",
        "ea1": "W50P12",
        "ea2": "Western Region"
      }
    },
    {
      "attributes": {
        "owner": "DFA",
        "stage": "Completed",
        "ea1": "W50P12",
        "ea2": "Western Region"
      }
    },
    {
      "attributes": {
        "owner": "DFA",
        "stage": "Completed",
        "ea1": "W50P12",
        "ea2": "Western Region"
      }
    },
    {
      "attributes": {
        "owner": "DFA",
        "stage": "Completed",
        "ea1": "K50P75",
        "ea2": "Kwa-Zulu Natal"
      }
    },
    {
      "attributes": {
        "owner": "DFA",
        "stage": "Completed",
        "ea1": "W50P12",
        "ea2": "Western Region"
      }
    },
    {
      "attributes": {
        "owner": "DFA",
        "stage": "Completed",
        "ea1": "W50P12",
        "ea2": "Western Region"
      }
    },
    {
      "attributes": {
        "owner": "DFA",
        "stage": "Completed",
        "ea1": "W50P12",
        "ea2": "Western Region"
      }
    },
    {
      "attributes": {
        "owner": "DFA",
        "stage": "Completed",
        "ea1": "W50P12",
        "ea2": "Western Region"
      }
    }
  ],
  "exceededTransferLimit": true
}

Response body doesn't match expectation.
Expected: a string containing "Conduct"
  Actual: {
  "displayFieldName": "name",
  "fieldAliases": {
    "owner": "owner",
    "stage": "stage",
    "ea1": "Route Name",
    "ea2": "DFA Region"
  },
  "fields": [
    {
      "name": "owner",
      "type": "esriFieldTypeString",
      "alias": "owner",
      "length": 50
    },
    {
      "name": "stage",
      "type": "esriFieldTypeString",
      "alias": "stage",
      "length": 30
    },
    {
      "name": "ea1",
      "type": "esriFieldTypeString",
      "alias": "Route Name",
      "length": 100
    },
    {
      "name": "ea2",
      "type": "esriFieldTypeString",
      "alias": "DFA Region",
      "length": 100
    }
  ],
  "features": [
    {
      "attributes": {
        "owner": "DFA",
        "stage": "Completed",
        "ea1": "G02P03",
        "ea2": "Gauteng South"
      }
    },
    {
      "attributes": {
        "owner": "DFA",
        "stage": "Completed",
        "ea1": "K30P12",
        "ea2": "Kwa-Zulu Natal"
      }
    },
    {
      "attributes": {
        "owner": "DFA",
        "stage": "Completed",
        "ea1": "K30P12",
        "ea2": "Kwa-Zulu Natal"
      }
    },
    {
      "attributes": {
        "owner": "DFA",
        "stage": "Completed",
        "ea1": "K30P12",
        "ea2": "Kwa-Zulu Natal"
      }
    },
    {
      "attributes": {
        "owner": "DFA",
        "stage": "Completed",
        "ea1": "K30P12",
        "ea2": "Kwa-Zulu Natal"
      }
    },
    {
      "attributes": {
        "owner": "DFA",
        "stage": "Completed",
        "ea1": "K30P12",
        "ea2": "Kwa-Zulu Natal"
      }
    },
    {
      "attributes": {
        "owner": "DFA",
        "stage": "Completed",
        "ea1": "K30P12",
        "ea2": "Kwa-Zulu Natal"
      }
    },
    {
      "attributes": {
        "owner": "DFA",
        "stage": "Completed",
        "ea1": "K30P12",
        "ea2": "Kwa-Zulu Natal"
      }
    },
    {
      "attributes": {
        "owner": "DFA",
        "stage": "Completed",
        "ea1": "K30P12",
        "ea2": "Kwa-Zulu Natal"
      }
    },
    {
      "attributes": {
        "owner": "DFA",
        "stage": "Completed",
        "ea1": "K30P12",
        "ea2": "Kwa-Zulu Natal"
      }
    },
    {
      "attributes": {
        "owner": "DFA",
        "stage": "Completed",
        "ea1": "K30P12",
        "ea2": "Kwa-Zulu Natal"
      }
    },
    {
      "attributes": {
        "owner": "DFA",
        "stage": "Completed",
        "ea1": "K30P14",
        "ea2": "Kwa-Zulu Natal"
      }
    },
    {
      "attributes": {
        "owner": "DFA",
        "stage": "Completed",
        "ea1": "K50P53",
        "ea2": "Kwa-Zulu Natal"
      }
    },
    {
      "attributes": {
        "owner": "DFA",
        "stage": "Completed",
        "ea1": "K50P53",
        "ea2": "Kwa-Zulu Natal"
      }
    },
    {
      "attributes": {
        "owner": "DFA",
        "stage": "Completed",
        "ea1": "K50P53",
        "ea2": "Kwa-Zulu Natal"
      }
    },
    {
      "attributes": {
        "owner": "DFA",
        "stage": "Completed",
        "ea1": "K50P53",
        "ea2": "Kwa-Zulu Natal"
      }
    },
    {
      "attributes": {
        "owner": "DFA",
        "stage": "Completed",
        "ea1": "K50P53",
        "ea2": "Kwa-Zulu Natal"
      }
    },
    {
      "attributes": {
        "owner": "DFA",
        "stage": "Completed",
        "ea1": "K50P53",
        "ea2": "Kwa-Zulu Natal"
      }
    },
    {
      "attributes": {
        "owner": "DFA",
        "stage": "Completed",
        "ea1": "K50P53",
        "ea2": "Kwa-Zulu Natal"
      }
    },
    {
      "attributes": {
        "owner": "DFA",
        "stage": "Completed",
        "ea1": "K50P53",
        "ea2": "Kwa-Zulu Natal"
      }
    },
    {
      "attributes": {
        "owner": "DFA",
        "stage": "Completed",
        "ea1": "K50P53",
        "ea2": "Kwa-Zulu Natal"
      }
    },
    {
      "attributes": {
        "owner": "DFA",
        "stage": "Completed",
        "ea1": "K50P53",
        "ea2": "Kwa-Zulu Natal"
      }
    },
    {
      "attributes": {
        "owner": "DFA",
        "stage": "Completed",
        "ea1": "K50P53",
        "ea2": "Kwa-Zulu Natal"
      }
    },
    {
      "attributes": {
        "owner": "DFA",
        "stage": "Completed",
        "ea1": "K50P53",
        "ea2": "Kwa-Zulu Natal"
      }
    },
    {
      "attributes": {
        "owner": "DFA",
        "stage": "Completed",
        "ea1": "K50P45",
        "ea2": "Kwa-Zulu Natal"
      }
    },
    {
      "attributes": {
        "owner": "DFA",
        "stage": "Completed",
        "ea1": "K50P45",
        "ea2": "Kwa-Zulu Natal"
      }
    },
    {
      "attributes": {
        "owner": "DFA",
        "stage": "Completed",
        "ea1": "K50P45",
        "ea2": "Kwa-Zulu Natal"
      }
    },
    {
      "attributes": {
        "owner": "DFA",
        "stage": "Completed",
        "ea1": "K50P45",
        "ea2": "Kwa-Zulu Natal"
      }
    },
    {
      "attributes": {
        "owner": "DFA",
        "stage": "Completed",
        "ea1": "K50P45",
        "ea2": "Kwa-Zulu Natal"
      }
    },
    {
      "attributes": {
        "owner": "DFA",
        "stage": "Completed",
        "ea1": "K50P45",
        "ea2": "Kwa-Zulu Natal"
      }
    },
    {
      "attributes": {
        "owner": "DFA",
        "stage": "Completed",
        "ea1": "K01P05",
        "ea2": "Kwa-Zulu Natal"
      }
    },
    {
      "attributes": {
        "owner": "DFA",
        "stage": "Completed",
        "ea1": "K50P09",
        "ea2": "Kwa-Zulu Natal"
      }
    },
    {
      "attributes": {
        "owner": "DFA",
        "stage": "Completed",
        "ea1": "K50P09",
        "ea2": "Kwa-Zulu Natal"
      }
    },
    {
      "attributes": {
        "owner": "DFA",
        "stage": "Completed",
        "ea1": "K50P09",
        "ea2": "Kwa-Zulu Natal"
      }
    },
    {
      "attributes": {
        "owner": "DFA",
        "stage": "Completed",
        "ea1": "K50P09",
        "ea2": "Kwa-Zulu Natal"
      }
    },
    {
      "attributes": {
        "owner": "DFA",
        "stage": "Completed",
        "ea1": "K50P09",
        "ea2": "Kwa-Zulu Natal"
      }
    },
    {
      "attributes": {
        "owner": "DFA",
        "stage": "Completed",
        "ea1": "K50P09",
        "ea2": "Kwa-Zulu Natal"
      }
    },
    {
      "attributes": {
        "owner": "DFA",
        "stage": "Completed",
        "ea1": "K50P09",
        "ea2": "Kwa-Zulu Natal"
      }
    },
    {
      "attributes": {
        "owner": "DFA",
        "stage": "Completed",
        "ea1": "K50P09",
        "ea2": "Kwa-Zulu Natal"
      }
    },
    {
      "attributes": {
        "owner": "DFA",
        "stage": "Completed",
        "ea1": "K50P09",
        "ea2": "Kwa-Zulu Natal"
      }
    },
    {
      "attributes": {
        "owner": "DFA",
        "stage": "Completed",
        "ea1": "K50P09",
        "ea2": "Kwa-Zulu Natal"
      }
    },
    {
      "attributes": {
        "owner": "DFA",
        "stage": "Completed",
        "ea1": "AS0051CH023310",
        "ea2": "Western Region"
      }
    },
    {
      "attributes": {
        "owner": "DFA",
        "stage": "Completed",
        "ea1": "K30P11",
        "ea2": "Kwa-Zulu Natal"
      }
    },
    {
      "attributes": {
        "owner": "DFA",
        "stage": "Completed",
        "ea1": "K50P31",
        "ea2": "Kwa-Zulu Natal"
      }
    },
    {
      "attributes": {
        "owner": "DFA",
        "stage": "Completed",
        "ea1": "K50P31",
        "ea2": "Kwa-Zulu Natal"
      }
    },
    {
      "attributes": {
        "owner": "DFA",
        "stage": "Completed",
        "ea1": "K50P31",
        "ea2": "Kwa-Zulu Natal"
      }
    },
    {
      "attributes": {
        "owner": "DFA",
        "stage": "Completed",
        "ea1": "K50P31",
        "ea2": "Kwa-Zulu Natal"
      }
    },
    {
      "attributes": {
        "owner": "DFA",
        "stage": "Completed",
        "ea1": "K50P31",
        "ea2": "Kwa-Zulu Natal"
      }
    },
    {
      "attributes": {
        "owner": "DFA",
        "stage": "Completed",
        "ea1": "K50P31",
        "ea2": "Kwa-Zulu Natal"
      }
    },
    {
      "attributes": {
        "owner": "DFA",
        "stage": "Completed",
        "ea1": "K50P31",
        "ea2": "Kwa-Zulu Natal"
      }
    },
    {
      "attributes": {
        "owner": "DFA",
        "stage": "Completed",
        "ea1": "K50P31",
        "ea2": "Kwa-Zulu Natal"
      }
    },
    {
      "attributes": {
        "owner": "DFA",
        "stage": "Completed",
        "ea1": "K50P33",
        "ea2": "Kwa-Zulu Natal"
      }
    },
    {
      "attributes": {
        "owner": "DFA",
        "stage": "Completed",
        "ea1": "AS00590GH001265",
        "ea2": "Gauteng South"
      }
    },
    {
      "attributes": {
        "owner": "DFA",
        "stage": "Completed",
        "ea1": "K50P53",
        "ea2": "Kwa-Zulu Natal"
      }
    },
    {
      "attributes": {
        "owner": "DFA",
        "stage": "Completed",
        "ea1": "K50P23",
        "ea2": "Kwa-Zulu Natal"
      }
    },
    {
      "attributes": {
        "owner": "DFA",
        "stage": "Completed",
        "ea1": "AS04053GH024442",
        "ea2": "Gauteng South"
      }
    },
    {
      "attributes": {
        "owner": "DFA",
        "stage": "Completed",
        "ea1": "AS04053GH024443",
        "ea2": "Gauteng South"
      }
    },
    {
      "attributes": {
        "owner": "DFA",
        "stage": "Completed",
        "ea1": "K50P31",
        "ea2": "Kwa-Zulu Natal"
      }
    },
    {
      "attributes": {
        "owner": "DFA",
        "stage": "Completed",
        "ea1": "K50P31",
        "ea2": "Kwa-Zulu Natal"
      }
    },
    {
      "attributes": {
        "owner": "DFA",
        "stage": "Completed",
        "ea1": "AS01570GH001329",
        "ea2": "Gauteng South"
      }
    },
    {
      "attributes": {
        "owner": "DFA",
        "stage": "Completed",
        "ea1": "W01P08",
        "ea2": "Western Region"
      }
    },
    {
      "attributes": {
        "owner": "DFA",
        "stage": "Completed",
        "ea1": "K01P04",
        "ea2": "Kwa-Zulu Natal"
      }
    },
    {
      "attributes": {
        "owner": "DFA",
        "stage": "Completed",
        "ea1": "G65P40",
        "ea2": "Gauteng South"
      }
    },
    {
      "attributes": {
        "owner": "DFA",
        "stage": "Completed",
        "ea1": "K20P12",
        "ea2": "Kwa-Zulu Natal"
      }
    },
    {
      "attributes": {
        "owner": "DFA",
        "stage": "Completed",
        "ea1": "K30P04",
        "ea2": "Kwa-Zulu Natal"
      }
    },
    {
      "attributes": {
        "owner": "DFA",
        "stage": "Construction",
        "ea1": "none",
        "ea2": "Eastern Region"
      }
    },
    {
      "attributes": {
        "owner": "DFA",
        "stage": "Completed",
        "ea1": "K30P04",
        "ea2": "Kwa-Zulu Natal"
      }
    },
    {
      "attributes": {
        "owner": "DFA",
        "stage": "Completed",
        "ea1": "K50P36",
        "ea2": "Kwa-Zulu Natal"
      }
    },
    {
      "attributes": {
        "owner": "DFA",
        "stage": "Completed",
        "ea1": "VS02267KH022350",
        "ea2": "Kwa-Zulu Natal"
      }
    },
    {
      "attributes": {
        "owner": "DFA",
        "stage": "Completed",
        "ea1": "K30P09",
        "ea2": "Kwa-Zulu Natal"
      }
    },
    {
      "attributes": {
        "owner": "DFA",
        "stage": "Completed",
        "ea1": "AS01555GH000516",
        "ea2": "Gauteng South"
      }
    },
    {
      "attributes": {
        "owner": "DFA",
        "stage": "Completed",
        "ea1": "W44P04",
        "ea2": "Western Region"
      }
    },
    {
      "attributes": {
        "owner": "DFA",
        "stage": "Completed",
        "ea1": "W44P02",
        "ea2": "Western Region"
      }
    },
    {
      "attributes": {
        "owner": "DFA",
        "stage": "Completed",
        "ea1": "W44P02",
        "ea2": "Western Region"
      }
    },
    {
      "attributes": {
        "owner": "DFA",
        "stage": "Completed",
        "ea1": "none",
        "ea2": "Eastern Region"
      }
    },
    {
      "attributes": {
        "owner": "DFA",
        "stage": "Completed",
        "ea1": "W44P02",
        "ea2": "Western Region"
      }
    },
    {
      "attributes": {
        "owner": "DFA",
        "stage": "Completed",
        "ea1": "W44P02",
        "ea2": "Western Region"
      }
    },
    {
      "attributes": {
        "owner": "DFA",
        "stage": "Completed",
        "ea1": "W44P02",
        "ea2": "Western Region"
      }
    },
    {
      "attributes": {
        "owner": "DFA",
        "stage": "Completed",
        "ea1": "W44P07",
        "ea2": "Western Region"
      }
    },
    {
      "attributes": {
        "owner": "DFA",
        "stage": "Completed",
        "ea1": "W44P07",
        "ea2": "Western Region"
      }
    },
    {
      "attributes": {
        "owner": "DFA",
        "stage": "Completed",
        "ea1": "W44P07",
        "ea2": "Western Region"
      }
    },
    {
      "attributes": {
        "owner": "DFA",
        "stage": "Completed",
        "ea1": "VS03888WH050002",
        "ea2": "Western Region"
      }
    },
    {
      "attributes": {
        "owner": "DFA",
        "stage": "Completed",
        "ea1": "NW03P06",
        "ea2": "Northern Region"
      }
    },
    {
      "attributes": {
        "owner": "DFA",
        "stage": "Completed",
        "ea1": "NB50P80",
        "ea2": "Northern Region"
      }
    },
    {
      "attributes": {
        "owner": "DFA",
        "stage": "Construction",
        "ea1": "NB01P02",
        "ea2": "Northern Region"
      }
    },
    {
      "attributes": {
        "owner": "DFA",
        "stage": "Completed",
        "ea1": "G52P33",
        "ea2": "Gauteng South"
      }
    },
    {
      "attributes": {
        "owner": "DFA",
        "stage": "Completed",
        "ea1": "G52P33",
        "ea2": "Gauteng South"
      }
    },
    {
      "attributes": {
        "owner": "DFA",
        "stage": "Completed",
        "ea1": "G52P33",
        "ea2": "Gauteng South"
      }
    },
    {
      "attributes": {
        "owner": "DFA",
        "stage": "Completed",
        "ea1": "G52P33",
        "ea2": "Gauteng South"
      }
    },
    {
      "attributes": {
        "owner": "DFA",
        "stage": "Completed",
        "ea1": "G52P33",
        "ea2": "Gauteng South"
      }
    },
    {
      "attributes": {
        "owner": "DFA",
        "stage": "Completed",
        "ea1": "G52P33",
        "ea2": "Gauteng South"
      }
    },
    {
      "attributes": {
        "owner": "DFA",
        "stage": "Completed",
        "ea1": "G52P33",
        "ea2": "Gauteng South"
      }
    },
    {
      "attributes": {
        "owner": "DFA",
        "stage": "Completed",
        "ea1": "G52P33",
        "ea2": "Gauteng South"
      }
    },
    {
      "attributes": {
        "owner": "DFA",
        "stage": "Completed",
        "ea1": "G52P33",
        "ea2": "Gauteng South"
      }
    },
    {
      "attributes": {
        "owner": "DFA",
        "stage": "Completed",
        "ea1": "G52P33",
        "ea2": "Gauteng South"
      }
    },
    {
      "attributes": {
        "owner": "DFA",
        "stage": "Completed",
        "ea1": "G52P33",
        "ea2": "Gauteng South"
      }
    },
    {
      "attributes": {
        "owner": "DFA",
        "stage": "Completed",
        "ea1": "G52P33",
        "ea2": "Gauteng South"
      }
    },
    {
      "attributes": {
        "owner": "DFA",
        "stage": "Completed",
        "ea1": "G52P33",
        "ea2": "Gauteng South"
      }
    },
    {
      "attributes": {
        "owner": "DFA",
        "stage": "Completed",
        "ea1": "G52P33",
        "ea2": "Gauteng South"
      }
    },
    {
      "attributes": {
        "owner": "DFA",
        "stage": "Completed",
        "ea1": "G52P33",
        "ea2": "Gauteng South"
      }
    },
    {
      "attributes": {
        "owner": "DFA",
        "stage": "Completed",
        "ea1": "G52P33",
        "ea2": "Gauteng South"
      }
    },
    {
      "attributes": {
        "owner": "DFA",
        "stage": "Completed",
        "ea1": "G52P33",
        "ea2": "Gauteng South"
      }
    },
    {
      "attributes": {
        "owner": "DFA",
        "stage": "Completed",
        "ea1": "G52P33",
        "ea2": "Gauteng South"
      }
    },
    {
      "attributes": {
        "owner": "DFA",
        "stage": "Completed",
        "ea1": "G52P33",
        "ea2": "Gauteng South"
      }
    },
    {
      "attributes": {
        "owner": "DFA",
        "stage": "Completed",
        "ea1": "G52P33",
        "ea2": "Gauteng South"
      }
    },
    {
      "attributes": {
        "owner": "DFA",
        "stage": "Completed",
        "ea1": "G52P33",
        "ea2": "Gauteng South"
      }
    },
    {
      "attributes": {
        "owner": "DFA",
        "stage": "Completed",
        "ea1": "G52P33",
        "ea2": "Gauteng South"
      }
    },
    {
      "attributes": {
        "owner": "DFA",
        "stage": "Completed",
        "ea1": "G52P33",
        "ea2": "Gauteng South"
      }
    },
    {
      "attributes": {
        "owner": "DFA",
        "stage": "Completed",
        "ea1": "G52P33",
        "ea2": "Gauteng South"
      }
    },
    {
      "attributes": {
        "owner": "DFA",
        "stage": "Completed",
        "ea1": "G52P33",
        "ea2": "Gauteng South"
      }
    },
    {
      "attributes": {
        "owner": "DFA",
        "stage": "Completed",
        "ea1": "G52P33",
        "ea2": "Gauteng South"
      }
    },
    {
      "attributes": {
        "owner": "DFA",
        "stage": "Completed",
        "ea1": "G52P33",
        "ea2": "Gauteng South"
      }
    },
    {
      "attributes": {
        "owner": "DFA",
        "stage": "Completed",
        "ea1": "G52P33",
        "ea2": "Gauteng South"
      }
    },
    {
      "attributes": {
        "owner": "DFA",
        "stage": "Completed",
        "ea1": "G52P33",
        "ea2": "Gauteng South"
      }
    },
    {
      "attributes": {
        "owner": "DFA",
        "stage": "Completed",
        "ea1": "G52P33",
        "ea2": "Gauteng South"
      }
    },
    {
      "attributes": {
        "owner": "DFA",
        "stage": "Completed",
        "ea1": "G52P33",
        "ea2": "Gauteng South"
      }
    },
    {
      "attributes": {
        "owner": "DFA",
        "stage": "Completed",
        "ea1": "G52P33",
        "ea2": "Gauteng South"
      }
    },
    {
      "attributes": {
        "owner": "DFA",
        "stage": "Completed",
        "ea1": "G52P33",
        "ea2": "Gauteng South"
      }
    },
    {
      "attributes": {
        "owner": "DFA",
        "stage": "Completed",
        "ea1": "G52P33",
        "ea2": "Gauteng South"
      }
    },
    {
      "attributes": {
        "owner": "DFA",
        "stage": "Completed",
        "ea1": "G52P33",
        "ea2": "Gauteng South"
      }
    },
    {
      "attributes": {
        "owner": "DFA",
        "stage": "Completed",
        "ea1": "G52P33",
        "ea2": "Gauteng South"
      }
    },
    {
      "attributes": {
        "owner": "DFA",
        "stage": "Completed",
        "ea1": "G52P33",
        "ea2": "Gauteng South"
      }
    },
    {
      "attributes": {
        "owner": "DFA",
        "stage": "Completed",
        "ea1": "G52P33",
        "ea2": "Gauteng South"
      }
    },
    {
      "attributes": {
        "owner": "DFA",
        "stage": "Completed",
        "ea1": "G52P33",
        "ea2": "Gauteng South"
      }
    },
    {
      "attributes": {
        "owner": "DFA",
        "stage": "Completed",
        "ea1": "G52P33",
        "ea2": "Gauteng South"
      }
    },
    {
      "attributes": {
        "owner": "DFA",
        "stage": "Completed",
        "ea1": "G52P33",
        "ea2": "Gauteng South"
      }
    },
    {
      "attributes": {
        "owner": "DFA",
        "stage": "Completed",
        "ea1": "G52P33",
        "ea2": "Gauteng South"
      }
    },
    {
      "attributes": {
        "owner": "DFA",
        "stage": "Completed",
        "ea1": "G52P33",
        "ea2": "Gauteng South"
      }
    },
    {
      "attributes": {
        "owner": "DFA",
        "stage": "Completed",
        "ea1": "G52P33",
        "ea2": "Gauteng South"
      }
    },
    {
      "attributes": {
        "owner": "DFA",
        "stage": "Completed",
        "ea1": "G52P33",
        "ea2": "Gauteng South"
      }
    },
    {
      "attributes": {
        "owner": "DFA",
        "stage": "Construction",
        "ea1": "G50P66",
        "ea2": "Gauteng South"
      }
    },
    {
      "attributes": {
        "owner": "DFA",
        "stage": "Completed",
        "ea1": "G52P33",
        "ea2": "Gauteng South"
      }
    },
    {
      "attributes": {
        "owner": "DFA",
        "stage": "Completed",
        "ea1": "G52P33",
        "ea2": "Gauteng South"
      }
    },
    {
      "attributes": {
        "owner": "DFA",
        "stage": "Completed",
        "ea1": "G52P33",
        "ea2": "Gauteng South"
      }
    },
    {
      "attributes": {
        "owner": "DFA",
        "stage": "Completed",
        "ea1": "G52P33",
        "ea2": "Gauteng South"
      }
    },
    {
      "attributes": {
        "owner": "DFA",
        "stage": "Completed",
        "ea1": "G30P45",
        "ea2": "Gauteng South"
      }
    },
    {
      "attributes": {
        "owner": "DFA",
        "stage": "Completed",
        "ea1": "G52P43",
        "ea2": "Gauteng South"
      }
    },
    {
      "attributes": {
        "owner": "DFA",
        "stage": "Completed",
        "ea1": "G52P43",
        "ea2": "Gauteng South"
      }
    },
    {
      "attributes": {
        "owner": "DFA",
        "stage": "Completed",
        "ea1": "G52P43",
        "ea2": "Gauteng South"
      }
    },
    {
      "attributes": {
        "owner": "DFA",
        "stage": "Completed",
        "ea1": "G52P43",
        "ea2": "Gauteng South"
      }
    },
    {
      "attributes": {
        "owner": "DFA",
        "stage": "Completed",
        "ea1": "G52P43",
        "ea2": "Gauteng South"
      }
    },
    {
      "attributes": {
        "owner": "DFA",
        "stage": "Completed",
        "ea1": "G52P43",
        "ea2": "Gauteng South"
      }
    },
    {
      "attributes": {
        "owner": "DFA",
        "stage": "Completed",
        "ea1": "G52P43",
        "ea2": "Gauteng South"
      }
    },
    {
      "attributes": {
        "owner": "DFA",
        "stage": "Completed",
        "ea1": "G52P43",
        "ea2": "Gauteng South"
      }
    },
    {
      "attributes": {
        "owner": "DFA",
        "stage": "Completed",
        "ea1": "G52P43",
        "ea2": "Gauteng South"
      }
    },
    {
      "attributes": {
        "owner": "DFA",
        "stage": "Completed",
        "ea1": "G52P43",
        "ea2": "Gauteng South"
      }
    },
    {
      "attributes": {
        "owner": "DFA",
        "stage": "Completed",
        "ea1": "G52P43",
        "ea2": "Gauteng South"
      }
    },
    {
      "attributes": {
        "owner": "DFA",
        "stage": "Completed",
        "ea1": "G52P43",
        "ea2": "Gauteng South"
      }
    },
    {
      "attributes": {
        "owner": "DFA",
        "stage": "Completed",
        "ea1": "G52P43",
        "ea2": "Gauteng South"
      }
    },
    {
      "attributes": {
        "owner": "DFA",
        "stage": "Completed",
        "ea1": "G52P43",
        "ea2": "Gauteng South"
      }
    },
    {
      "attributes": {
        "owner": "DFA",
        "stage": "Completed",
        "ea1": "G52P43",
        "ea2": "Gauteng South"
      }
    },
    {
      "attributes": {
        "owner": "DFA",
        "stage": "Completed",
        "ea1": "G52P43",
        "ea2": "Gauteng South"
      }
    },
    {
      "attributes": {
        "owner": "DFA",
        "stage": "Completed",
        "ea1": "G52P43",
        "ea2": "Gauteng South"
      }
    },
    {
      "attributes": {
        "owner": "DFA",
        "stage": "Completed",
        "ea1": "G52P43",
        "ea2": "Gauteng South"
      }
    },
    {
      "attributes": {
        "owner": "DFA",
        "stage": "Completed",
        "ea1": "G52P43",
        "ea2": "Gauteng South"
      }
    },
    {
      "attributes": {
        "owner": "DFA",
        "stage": "Completed",
        "ea1": "G52P43",
        "ea2": "Gauteng South"
      }
    },
    {
      "attributes": {
        "owner": "DFA",
        "stage": "Construction",
        "ea1": "AS00865GH000988",
        "ea2": "None"
      }
    },
    {
      "attributes": {
        "owner": "DFA",
        "stage": "Construction",
        "ea1": "AS00865GH000988",
        "ea2": "None"
      }
    },
    {
      "attributes": {
        "owner": "DFA",
        "stage": "Construction",
        "ea1": "AS00865GH000988",
        "ea2": "None"
      }
    },
    {
      "attributes": {
        "owner": "DFA",
        "stage": "Completed",
        "ea1": "G52P43",
        "ea2": "Gauteng South"
      }
    },
    {
      "attributes": {
        "owner": "DFA",
        "stage": "Completed",
        "ea1": "G52P43",
        "ea2": "Gauteng South"
      }
    },
    {
      "attributes": {
        "owner": "DFA",
        "stage": "Completed",
        "ea1": "G52P43",
        "ea2": "Gauteng South"
      }
    },
    {
      "attributes": {
        "owner": "DFA",
        "stage": "Completed",
        "ea1": "G52P43",
        "ea2": "Gauteng South"
      }
    },
    {
      "attributes": {
        "owner": "DFA",
        "stage": "Completed",
        "ea1": "G52P43",
        "ea2": "Gauteng South"
      }
    },
    {
      "attributes": {
        "owner": "DFA",
        "stage": "Completed",
        "ea1": "G52P43",
        "ea2": "Gauteng South"
      }
    },
    {
      "attributes": {
        "owner": "DFA",
        "stage": "Completed",
        "ea1": "G52P43",
        "ea2": "Gauteng South"
      }
    },
    {
      "attributes": {
        "owner": "DFA",
        "stage": "Completed",
        "ea1": "G52P43",
        "ea2": "Gauteng South"
      }
    },
    {
      "attributes": {
        "owner": "DFA",
        "stage": "Completed",
        "ea1": "NB50P74",
        "ea2": "Northern Region"
      }
    },
    {
      "attributes": {
        "owner": "DFA",
        "stage": "Completed",
        "ea1": "M01P12",
        "ea2": "Mphumalanga"
      }
    },
    {
      "attributes": {
        "owner": "DFA",
        "stage": "Construction",
        "ea1": "AS04573HB001641-01",
        "ea2": "None"
      }
    },
    {
      "attributes": {
        "owner": "DFA",
        "stage": "Construction",
        "ea1": "AS04573NB001640",
        "ea2": "None"
      }
    },
    {
      "attributes": {
        "owner": "DFA",
        "stage": "Completed",
        "ea1": "NB50P90",
        "ea2": "Northern Region"
      }
    },
    {
      "attributes": {
        "owner": "DFA",
        "stage": "Completed",
        "ea1": "NB50P90",
        "ea2": "Northern Region"
      }
    },
    {
      "attributes": {
        "owner": "DFA",
        "stage": "Completed",
        "ea1": "NB50P90",
        "ea2": "Northern Region"
      }
    },
    {
      "attributes": {
        "owner": "DFA",
        "stage": "Completed",
        "ea1": "NB50P90",
        "ea2": "Northern Region"
      }
    },
    {
      "attributes": {
        "owner": "DFA",
        "stage": "Completed",
        "ea1": "NB50P90",
        "ea2": "Northern Region"
      }
    },
    {
      "attributes": {
        "owner": "DFA",
        "stage": "Completed",
        "ea1": "NB50P90",
        "ea2": "Northern Region"
      }
    },
    {
      "attributes": {
        "owner": "DFA",
        "stage": "Completed",
        "ea1": "NB50P90",
        "ea2": "Northern Region"
      }
    },
    {
      "attributes": {
        "owner": "DFA",
        "stage": "Completed",
        "ea1": "NB50P90",
        "ea2": "Northern Region"
      }
    },
    {
      "attributes": {
        "owner": "DFA",
        "stage": "Completed",
        "ea1": "NB50P90",
        "ea2": "Northern Region"
      }
    },
    {
      "attributes": {
        "owner": "DFA",
        "stage": "Completed",
        "ea1": "NB50P90",
        "ea2": "Northern Region"
      }
    },
    {
      "attributes": {
        "owner": "DFA",
        "stage": "Completed",
        "ea1": "NB50P90",
        "ea2": "Northern Region"
      }
    },
    {
      "attributes": {
        "owner": "DFA",
        "stage": "Completed",
        "ea1": "NB50P90",
        "ea2": "Northern Region"
      }
    },
    {
      "attributes": {
        "owner": "DFA",
        "stage": "Completed",
        "ea1": "NB50P90",
        "ea2": "Northern Region"
      }
    },
    {
      "attributes": {
        "owner": "DFA",
        "stage": "Completed",
        "ea1": "NB50P90",
        "ea2": "Northern Region"
      }
    },
    {
      "attributes": {
        "owner": "DFA",
        "stage": "Completed",
        "ea1": "NB50P90",
        "ea2": "Northern Region"
      }
    },
    {
      "attributes": {
        "owner": "DFA",
        "stage": "Completed",
        "ea1": "NB50P90",
        "ea2": "Northern Region"
      }
    },
    {
      "attributes": {
        "owner": "DFA",
        "stage": "Completed",
        "ea1": "NB50P90",
        "ea2": "Northern Region"
      }
    },
    {
      "attributes": {
        "owner": "DFA",
        "stage": "Completed",
        "ea1": "AS00144BH021031",
        "ea2": "Northern Region"
      }
    },
    {
      "attributes": {
        "owner": "DFA",
        "stage": "Completed",
        "ea1": "G52P68",
        "ea2": "Gauteng South"
      }
    },
    {
      "attributes": {
        "owner": "DFA",
        "stage": "Completed",
        "ea1": "G52P68",
        "ea2": "Gauteng South"
      }
    },
    {
      "attributes": {
        "owner": "DFA",
        "stage": "Completed",
        "ea1": "G52P68",
        "ea2": "Gauteng South"
      }
    },
    {
      "attributes": {
        "owner": "DFA",
        "stage": "Completed",
        "ea1": "G52P87",
        "ea2": "Gauteng South"
      }
    },
    {
      "attributes": {
        "owner": "DFA",
        "stage": "Completed",
        "ea1": "G52P87",
        "ea2": "Gauteng South"
      }
    },
    {
      "attributes": {
        "owner": "DFA",
        "stage": "Completed",
        "ea1": "G52P87",
        "ea2": "Gauteng South"
      }
    },
    {
      "attributes": {
        "owner": "DFA",
        "stage": "Completed",
        "ea1": "G52P87",
        "ea2": "Gauteng South"
      }
    },
    {
      "attributes": {
        "owner": "DFA",
        "stage": "Completed",
        "ea1": "G52P87",
        "ea2": "Gauteng South"
      }
    },
    {
      "attributes": {
        "owner": "DFA",
        "stage": "Completed",
        "ea1": "G52P87",
        "ea2": "Gauteng South"
      }
    },
    {
      "attributes": {
        "owner": "DFA",
        "stage": "Completed",
        "ea1": "G52P87",
        "ea2": "Gauteng South"
      }
    },
    {
      "attributes": {
        "owner": "DFA",
        "stage": "Completed",
        "ea1": "G52P87",
        "ea2": "Gauteng South"
      }
    },
    {
      "attributes": {
        "owner": "DFA",
        "stage": "Completed",
        "ea1": "G52P87",
        "ea2": "Gauteng South"
      }
    },
    {
      "attributes": {
        "owner": "DFA",
        "stage": "Completed",
        "ea1": "G52P87",
        "ea2": "Gauteng South"
      }
    },
    {
      "attributes": {
        "owner": "DFA",
        "stage": "Completed",
        "ea1": "G52P87",
        "ea2": "Gauteng South"
      }
    },
    {
      "attributes": {
        "owner": "DFA",
        "stage": "Completed",
        "ea1": "G52P87",
        "ea2": "Gauteng South"
      }
    },
    {
      "attributes": {
        "owner": "DFA",
        "stage": "Completed",
        "ea1": "G52P87",
        "ea2": "Gauteng South"
      }
    },
    {
      "attributes": {
        "owner": "DFA",
        "stage": "Completed",
        "ea1": "G52P87",
        "ea2": "Gauteng South"
      }
    },
    {
      "attributes": {
        "owner": "DFA",
        "stage": "Completed",
        "ea1": "G52P87",
        "ea2": "Gauteng South"
      }
    },
    {
      "attributes": {
        "owner": "DFA",
        "stage": "Completed",
        "ea1": "G52P87",
        "ea2": "Gauteng South"
      }
    },
    {
      "attributes": {
        "owner": "DFA",
        "stage": "Completed",
        "ea1": "G52P87",
        "ea2": "Gauteng South"
      }
    },
    {
      "attributes": {
        "owner": "DFA",
        "stage": "Completed",
        "ea1": "G52P87",
        "ea2": "Gauteng South"
      }
    },
    {
      "attributes": {
        "owner": "DFA",
        "stage": "Completed",
        "ea1": "G52P87",
        "ea2": "Gauteng South"
      }
    },
    {
      "attributes": {
        "owner": "DFA",
        "stage": "Construction",
        "ea1": "none",
        "ea2": "None"
      }
    },
    {
      "attributes": {
        "owner": "DFA",
        "stage": "Construction",
        "ea1": "none",
        "ea2": "None"
      }
    },
    {
      "attributes": {
        "owner": "DFA",
        "stage": "Construction",
        "ea1": "none",
        "ea2": "None"
      }
    },
    {
      "attributes": {
        "owner": "DFA",
        "stage": "Construction",
        "ea1": "none",
        "ea2": "None"
      }
    },
    {
      "attributes": {
        "owner": "DFA",
        "stage": "Completed",
        "ea1": "G52P90",
        "ea2": "Gauteng South"
      }
    },
    {
      "attributes": {
        "owner": "DFA",
        "stage": "Completed",
        "ea1": "G52P90",
        "ea2": "Gauteng South"
      }
    },
    {
      "attributes": {
        "owner": "DFA",
        "stage": "Completed",
        "ea1": "G50P29",
        "ea2": "Gauteng South"
      }
    },
    {
      "attributes": {
        "owner": "DFA",
        "stage": "Completed",
        "ea1": "G50P29",
        "ea2": "Gauteng South"
      }
    },
    {
      "attributes": {
        "owner": "DFA",
        "stage": "Completed",
        "ea1": "G50P29",
        "ea2": "Gauteng South"
      }
    },
    {
      "attributes": {
        "owner": "DFA",
        "stage": "Completed",
        "ea1": "G50P29",
        "ea2": "Gauteng South"
      }
    },
    {
      "attributes": {
        "owner": "DFA",
        "stage": "Completed",
        "ea1": "G50P29",
        "ea2": "Gauteng South"
      }
    },
    {
      "attributes": {
        "owner": "DFA",
        "stage": "Completed",
        "ea1": "G50P29",
        "ea2": "Gauteng South"
      }
    },
    {
      "attributes": {
        "owner": "DFA",
        "stage": "Completed",
        "ea1": "G50P29",
        "ea2": "Gauteng South"
      }
    },
    {
      "attributes": {
        "owner": "DFA",
        "stage": "Completed",
        "ea1": "G50P29",
        "ea2": "Gauteng South"
      }
    },
    {
      "attributes": {
        "owner": "DFA",
        "stage": "Completed",
        "ea1": "G50P29",
        "ea2": "Gauteng South"
      }
    },
    {
      "attributes": {
        "owner": "DFA",
        "stage": "Completed",
        "ea1": "G50P29",
        "ea2": "Gauteng South"
      }
    },
    {
      "attributes": {
        "owner": "DFA",
        "stage": "Completed",
        "ea1": "G50P29",
        "ea2": "Gauteng South"
      }
    },
    {
      "attributes": {
        "owner": "DFA",
        "stage": "Completed",
        "ea1": "G50P29",
        "ea2": "Gauteng South"
      }
    },
    {
      "attributes": {
        "owner": "DFA",
        "stage": "Completed",
        "ea1": "G50P29",
        "ea2": "Gauteng South"
      }
    },
    {
      "attributes": {
        "owner": "DFA",
        "stage": "Completed",
        "ea1": "G50P29",
        "ea2": "Gauteng South"
      }
    },
    {
      "attributes": {
        "owner": "DFA",
        "stage": "Completed",
        "ea1": "G50P29",
        "ea2": "Gauteng South"
      }
    },
    {
      "attributes": {
        "owner": "DFA",
        "stage": "Completed",
        "ea1": "G50P29",
        "ea2": "Gauteng South"
      }
    },
    {
      "attributes": {
        "owner": "DFA",
        "stage": "Completed",
        "ea1": "G50P29",
        "ea2": "Gauteng South"
      }
    },
    {
      "attributes": {
        "owner": "DFA",
        "stage": "Completed",
        "ea1": "G50P29",
        "ea2": "Gauteng South"
      }
    },
    {
      "attributes": {
        "owner": "DFA",
        "stage": "Completed",
        "ea1": "G50P29",
        "ea2": "Gauteng South"
      }
    },
    {
      "attributes": {
        "owner": "DFA",
        "stage": "Construction",
        "ea1": "none",
        "ea2": "None"
      }
    },
    {
      "attributes": {
        "owner": "DFA",
        "stage": "Completed",
        "ea1": "G50P29",
        "ea2": "Gauteng South"
      }
    },
    {
      "attributes": {
        "owner": "DFA",
        "stage": "Completed",
        "ea1": "G50P29",
        "ea2": "Gauteng South"
      }
    },
    {
      "attributes": {
        "owner": "DFA",
        "stage": "Completed",
        "ea1": "G50P29",
        "ea2": "Gauteng South"
      }
    },
    {
      "attributes": {
        "owner": "DFA",
        "stage": "Completed",
        "ea1": "G50P29",
        "ea2": "Gauteng South"
      }
    },
    {
      "attributes": {
        "owner": "DFA",
        "stage": "Completed",
        "ea1": "G50P29",
        "ea2": "Gauteng South"
      }
    },
    {
      "attributes": {
        "owner": "DFA",
        "stage": "Completed",
        "ea1": "G50P29",
        "ea2": "Gauteng South"
      }
    },
    {
      "attributes": {
        "owner": "DFA",
        "stage": "Completed",
        "ea1": "G50P29",
        "ea2": "Gauteng South"
      }
    },
    {
      "attributes": {
        "owner": "DFA",
        "stage": "Completed",
        "ea1": "G50P29",
        "ea2": "Gauteng South"
      }
    },
    {
      "attributes": {
        "owner": "DFA",
        "stage": "Completed",
        "ea1": "G50P29",
        "ea2": "Gauteng South"
      }
    },
    {
      "attributes": {
        "owner": "DFA",
        "stage": "Completed",
        "ea1": "G50P29",
        "ea2": "Gauteng South"
      }
    },
    {
      "attributes": {
        "owner": "DFA",
        "stage": "Completed",
        "ea1": "G50P29",
        "ea2": "Gauteng South"
      }
    },
    {
      "attributes": {
        "owner": "DFA",
        "stage": "Completed",
        "ea1": "G50P29",
        "ea2": "Gauteng South"
      }
    },
    {
      "attributes": {
        "owner": "DFA",
        "stage": "Completed",
        "ea1": "G50P29",
        "ea2": "Gauteng South"
      }
    },
    {
      "attributes": {
        "owner": "DFA",
        "stage": "Completed",
        "ea1": "G50P29",
        "ea2": "Gauteng South"
      }
    },
    {
      "attributes": {
        "owner": "DFA",
        "stage": "Completed",
        "ea1": "G50P29",
        "ea2": "Gauteng South"
      }
    },
    {
      "attributes": {
        "owner": "DFA",
        "stage": "Completed",
        "ea1": "G50P29",
        "ea2": "Gauteng South"
      }
    },
    {
      "attributes": {
        "owner": "DFA",
        "stage": "Completed",
        "ea1": "G50P29",
        "ea2": "Gauteng South"
      }
    },
    {
      "attributes": {
        "owner": "DFA",
        "stage": "Completed",
        "ea1": "G50P29",
        "ea2": "Gauteng South"
      }
    },
    {
      "attributes": {
        "owner": "DFA",
        "stage": "Completed",
        "ea1": "G50P29",
        "ea2": "Gauteng South"
      }
    },
    {
      "attributes": {
        "owner": "DFA",
        "stage": "Completed",
        "ea1": "G50P29",
        "ea2": "Gauteng South"
      }
    },
    {
      "attributes": {
        "owner": "DFA",
        "stage": "Completed",
        "ea1": "G50P29",
        "ea2": "Gauteng South"
      }
    },
    {
      "attributes": {
        "owner": "DFA",
        "stage": "Completed",
        "ea1": "G50P29",
        "ea2": "Gauteng South"
      }
    },
    {
      "attributes": {
        "owner": "DFA",
        "stage": "Completed",
        "ea1": "AS00735GH220001",
        "ea2": "Northern Region"
      }
    },
    {
      "attributes": {
        "owner": "DFA",
        "stage": "Completed",
        "ea1": "G53P75",
        "ea2": "Gauteng South"
      }
    },
    {
      "attributes": {
        "owner": "DFA",
        "stage": "Completed",
        "ea1": "G53P75",
        "ea2": "Gauteng South"
      }
    },
    {
      "attributes": {
        "owner": "DFA",
        "stage": "Completed",
        "ea1": "G53P75",
        "ea2": "Gauteng South"
      }
    },
    {
      "attributes": {
        "owner": "DFA",
        "stage": "Completed",
        "ea1": "G53P75",
        "ea2": "Gauteng South"
      }
    },
    {
      "attributes": {
        "owner": "DFA",
        "stage": "Completed",
        "ea1": "G53P75",
        "ea2": "Gauteng South"
      }
    },
    {
      "attributes": {
        "owner": "DFA",
        "stage": "Completed",
        "ea1": "K20P21",
        "ea2": "Kwa-Zulu Natal"
      }
    },
    {
      "attributes": {
        "owner": "DFA",
        "stage": "Completed",
        "ea1": "K20P21",
        "ea2": "Kwa-Zulu Natal"
      }
    },
    {
      "attributes": {
        "owner": "DFA",
        "stage": "Completed",
        "ea1": "K20P21",
        "ea2": "Kwa-Zulu Natal"
      }
    },
    {
      "attributes": {
        "owner": "DFA",
        "stage": "Completed",
        "ea1": "K20P21",
        "ea2": "Kwa-Zulu Natal"
      }
    },
    {
      "attributes": {
        "owner": "DFA",
        "stage": "Completed",
        "ea1": "K20P21",
        "ea2": "Kwa-Zulu Natal"
      }
    },
    {
      "attributes": {
        "owner": "DFA",
        "stage": "Completed",
        "ea1": "K20P21",
        "ea2": "Kwa-Zulu Natal"
      }
    },
    {
      "attributes": {
        "owner": "DFA",
        "stage": "Completed",
        "ea1": "AS03947WH280510B",
        "ea2": "Western Region"
      }
    },
    {
      "attributes": {
        "owner": "DFA",
        "stage": "Completed",
        "ea1": "K20P21",
        "ea2": "Kwa-Zulu Natal"
      }
    },
    {
      "attributes": {
        "owner": "DFA",
        "stage": "Construction",
        "ea1": "none",
        "ea2": "None"
      }
    },
    {
      "attributes": {
        "owner": "DFA",
        "stage": "Completed",
        "ea1": "AS00789GH301491A",
        "ea2": "Northern Region"
      }
    },
    {
      "attributes": {
        "owner": "DFA",
        "stage": "Completed",
        "ea1": "W50P19",
        "ea2": "Western Region"
      }
    },
    {
      "attributes": {
        "owner": "DFA",
        "stage": "Completed",
        "ea1": "W50P19",
        "ea2": "Western Region"
      }
    },
    {
      "attributes": {
        "owner": "DFA",
        "stage": "Completed",
        "ea1": "K50P40",
        "ea2": "Kwa-Zulu Natal"
      }
    },
    {
      "attributes": {
        "owner": "DFA",
        "stage": "Completed",
        "ea1": "K50P40",
        "ea2": "Kwa-Zulu Natal"
      }
    },
    {
      "attributes": {
        "owner": "DFA",
        "stage": "Completed",
        "ea1": "W51P07",
        "ea2": "Western Region"
      }
    },
    {
      "attributes": {
        "owner": "DFA",
        "stage": "Completed",
        "ea1": "W51P07",
        "ea2": "Western Region"
      }
    },
    {
      "attributes": {
        "owner": "DFA",
        "stage": "Completed",
        "ea1": "W51P07",
        "ea2": "Western Region"
      }
    },
    {
      "attributes": {
        "owner": "DFA",
        "stage": "Completed",
        "ea1": "W51P07",
        "ea2": "Western Region"
      }
    },
    {
      "attributes": {
        "owner": "DFA",
        "stage": "Completed",
        "ea1": "W51P07",
        "ea2": "Western Region"
      }
    },
    {
      "attributes": {
        "owner": "DFA",
        "stage": "Completed",
        "ea1": "W51P07",
        "ea2": "Western Region"
      }
    },
    {
      "attributes": {
        "owner": "DFA",
        "stage": "Completed",
        "ea1": "W51P07",
        "ea2": "Western Region"
      }
    },
    {
      "attributes": {
        "owner": "DFA",
        "stage": "Completed",
        "ea1": "W51P07",
        "ea2": "Western Region"
      }
    },
    {
      "attributes": {
        "owner": "DFA",
        "stage": "Construction",
        "ea1": "Greenway Drive Entry 1",
        "ea2": "Gauteng South"
      }
    },
    {
      "attributes": {
        "owner": "DFA",
        "stage": "Completed",
        "ea1": "G52P75",
        "ea2": "Gauteng South"
      }
    },
    {
      "attributes": {
        "owner": "DFA",
        "stage": "Completed",
        "ea1": "G52P75",
        "ea2": "Gauteng South"
      }
    },
    {
      "attributes": {
        "owner": "DFA",
        "stage": "Completed",
        "ea1": "G52P75",
        "ea2": "Gauteng South"
      }
    },
    {
      "attributes": {
        "owner": "DFA",
        "stage": "Completed",
        "ea1": "G52P75",
        "ea2": "Gauteng South"
      }
    },
    {
      "attributes": {
        "owner": "DFA",
        "stage": "Completed",
        "ea1": "G52P75",
        "ea2": "Gauteng South"
      }
    },
    {
      "attributes": {
        "owner": "DFA",
        "stage": "Completed",
        "ea1": "G52P75",
        "ea2": "Gauteng South"
      }
    },
    {
      "attributes": {
        "owner": "DFA",
        "stage": "Completed",
        "ea1": "G52P75",
        "ea2": "Gauteng South"
      }
    },
    {
      "attributes": {
        "owner": "DFA",
        "stage": "Completed",
        "ea1": "G52P75",
        "ea2": "Gauteng South"
      }
    },
    {
      "attributes": {
        "owner": "DFA",
        "stage": "Completed",
        "ea1": "G52P75",
        "ea2": "Gauteng South"
      }
    },
    {
      "attributes": {
        "owner": "DFA",
        "stage": "Completed",
        "ea1": "G52P75",
        "ea2": "Gauteng South"
      }
    },
    {
      "attributes": {
        "owner": "DFA",
        "stage": "Completed",
        "ea1": "G52P75",
        "ea2": "Gauteng South"
      }
    },
    {
      "attributes": {
        "owner": "DFA",
        "stage": "Completed",
        "ea1": "G52P75",
        "ea2": "Gauteng South"
      }
    },
    {
      "attributes": {
        "owner": "DFA",
        "stage": "Completed",
        "ea1": "G52P75",
        "ea2": "Gauteng South"
      }
    },
    {
      "attributes": {
        "owner": "DFA",
        "stage": "Completed",
        "ea1": "G52P75",
        "ea2": "Gauteng South"
      }
    },
    {
      "attributes": {
        "owner": "DFA",
        "stage": "Completed",
        "ea1": "G52P75",
        "ea2": "Gauteng South"
      }
    },
    {
      "attributes": {
        "owner": "DFA",
        "stage": "Completed",
        "ea1": "G52P75",
        "ea2": "Gauteng South"
      }
    },
    {
      "attributes": {
        "owner": "DFA",
        "stage": "Completed",
        "ea1": "G52P75",
        "ea2": "Gauteng South"
      }
    },
    {
      "attributes": {
        "owner": "DFA",
        "stage": "Completed",
        "ea1": "G52P75",
        "ea2": "Gauteng South"
      }
    },
    {
      "attributes": {
        "owner": "DFA",
        "stage": "Completed",
        "ea1": "G52P75",
        "ea2": "Gauteng South"
      }
    },
    {
      "attributes": {
        "owner": "DFA",
        "stage": "Completed",
        "ea1": "G52P75",
        "ea2": "Gauteng South"
      }
    },
    {
      "attributes": {
        "owner": "DFA",
        "stage": "Completed",
        "ea1": "G52P75",
        "ea2": "Gauteng South"
      }
    },
    {
      "attributes": {
        "owner": "DFA",
        "stage": "Completed",
        "ea1": "W50P23",
        "ea2": "Western Region"
      }
    },
    {
      "attributes": {
        "owner": "DFA",
        "stage": "Completed",
        "ea1": "G52P75",
        "ea2": "Gauteng South"
      }
    },
    {
      "attributes": {
        "owner": "DFA",
        "stage": "Completed",
        "ea1": "G52P75",
        "ea2": "Gauteng South"
      }
    },
    {
      "attributes": {
        "owner": "DFA",
        "stage": "Construction",
        "ea1": "G52P75",
        "ea2": "Gauteng South"
      }
    },
    {
      "attributes": {
        "owner": "DFA",
        "stage": "Completed",
        "ea1": "G52P75",
        "ea2": "Gauteng South"
      }
    },
    {
      "attributes": {
        "owner": "DFA",
        "stage": "Completed",
        "ea1": "G52P75",
        "ea2": "Gauteng South"
      }
    },
    {
      "attributes": {
        "owner": "DFA",
        "stage": "Completed",
        "ea1": "G52P75",
        "ea2": "Gauteng South"
      }
    },
    {
      "attributes": {
        "owner": "DFA",
        "stage": "Completed",
        "ea1": "G52P75",
        "ea2": "Gauteng South"
      }
    },
    {
      "attributes": {
        "owner": "DFA",
        "stage": "Completed",
        "ea1": "G52P75",
        "ea2": "Gauteng South"
      }
    },
    {
      "attributes": {
        "owner": "DFA",
        "stage": "Completed",
        "ea1": "G52P75",
        "ea2": "Gauteng South"
      }
    },
    {
      "attributes": {
        "owner": "DFA",
        "stage": "Completed",
        "ea1": "none",
        "ea2": "Western Region"
      }
    },
    {
      "attributes": {
        "owner": "DFA",
        "stage": "Construction",
        "ea1": "ECN Telekoms Entry 2",
        "ea2": "Eastern Region"
      }
    },
    {
      "attributes": {
        "owner": "DFA",
        "stage": "Completed",
        "ea1": "AS00573GH000223",
        "ea2": "Eastern Region"
      }
    },
    {
      "attributes": {
        "owner": "DFA",
        "stage": "Completed",
        "ea1": "Greenside East Entry 1",
        "ea2": "Gauteng South"
      }
    },
    {
      "attributes": {
        "owner": "DFA",
        "stage": "Construction",
        "ea1": "Hyde Park Entry 1",
        "ea2": "Gauteng South"
      }
    },
    {
      "attributes": {
        "owner": "DFA",
        "stage": "Construction",
        "ea1": "Southern Sun Hyde Park Ent 1",
        "ea2": "Gauteng South"
      }
    },
    {
      "attributes": {
        "owner": "DFA",
        "stage": "Construction",
        "ea1": "E_Rosebank_02A ENT 02",
        "ea2": "Eastern Region"
      }
    },
    {
      "attributes": {
        "owner": "DFA",
        "stage": "Completed",
        "ea1": "W51P08",
        "ea2": "Western Region"
      }
    },
    {
      "attributes": {
        "owner": "DFA",
        "stage": "Completed",
        "ea1": "W51P08",
        "ea2": "Western Region"
      }
    },
    {
      "attributes": {
        "owner": "DFA",
        "stage": "Completed",
        "ea1": "W51P17",
        "ea2": "Western Region"
      }
    },
    {
      "attributes": {
        "owner": "DFA",
        "stage": "Completed",
        "ea1": "W51P17",
        "ea2": "Western Region"
      }
    },
    {
      "attributes": {
        "owner": "DFA",
        "stage": "Completed",
        "ea1": "W50P18",
        "ea2": "Western Region"
      }
    },
    {
      "attributes": {
        "owner": "DFA",
        "stage": "Completed",
        "ea1": "W50P18",
        "ea2": "Western Region"
      }
    },
    {
      "attributes": {
        "owner": "DFA",
        "stage": "Completed",
        "ea1": "W50P18",
        "ea2": "Western Region"
      }
    },
    {
      "attributes": {
        "owner": "DFA",
        "stage": "Completed",
        "ea1": "W50P18",
        "ea2": "Western Region"
      }
    },
    {
      "attributes": {
        "owner": "DFA",
        "stage": "Completed",
        "ea1": "W50P18",
        "ea2": "Western Region"
      }
    },
    {
      "attributes": {
        "owner": "DFA",
        "stage": "Completed",
        "ea1": "W50P18",
        "ea2": "Western Region"
      }
    },
    {
      "attributes": {
        "owner": "DFA",
        "stage": "Completed",
        "ea1": "W50P18",
        "ea2": "Western Region"
      }
    },
    {
      "attributes": {
        "owner": "DFA",
        "stage": "Completed",
        "ea1": "W50P18",
        "ea2": "Western Region"
      }
    },
    {
      "attributes": {
        "owner": "DFA",
        "stage": "Completed",
        "ea1": "W50P18",
        "ea2": "Western Region"
      }
    },
    {
      "attributes": {
        "owner": "DFA",
        "stage": "Completed",
        "ea1": "W50P18",
        "ea2": "Western Region"
      }
    },
    {
      "attributes": {
        "owner": "DFA",
        "stage": "Completed",
        "ea1": "W50P18",
        "ea2": "Western Region"
      }
    },
    {
      "attributes": {
        "owner": "DFA",
        "stage": "Completed",
        "ea1": "W50P18",
        "ea2": "Western Region"
      }
    },
    {
      "attributes": {
        "owner": "DFA",
        "stage": "Completed",
        "ea1": "W50P18",
        "ea2": "Western Region"
      }
    },
    {
      "attributes": {
        "owner": "DFA",
        "stage": "Completed",
        "ea1": "W50P18",
        "ea2": "Western Region"
      }
    },
    {
      "attributes": {
        "owner": "DFA",
        "stage": "Completed",
        "ea1": "W50P18",
        "ea2": "Western Region"
      }
    },
    {
      "attributes": {
        "owner": "DFA",
        "stage": "Completed",
        "ea1": "W50P18",
        "ea2": "Western Region"
      }
    },
    {
      "attributes": {
        "owner": "DFA",
        "stage": "Completed",
        "ea1": "G52P10",
        "ea2": "Gauteng South"
      }
    },
    {
      "attributes": {
        "owner": "DFA",
        "stage": "Completed",
        "ea1": "G20P18",
        "ea2": "Gauteng South"
      }
    },
    {
      "attributes": {
        "owner": "DFA",
        "stage": "Completed",
        "ea1": "G52P10",
        "ea2": "Gauteng South"
      }
    },
    {
      "attributes": {
        "owner": "DFA",
        "stage": "Completed",
        "ea1": "G52P10",
        "ea2": "Gauteng South"
      }
    },
    {
      "attributes": {
        "owner": "DFA",
        "stage": "Completed",
        "ea1": "G52P10",
        "ea2": "Gauteng South"
      }
    },
    {
      "attributes": {
        "owner": "DFA",
        "stage": "Completed",
        "ea1": "G52P10",
        "ea2": "Gauteng South"
      }
    },
    {
      "attributes": {
        "owner": "DFA",
        "stage": "Completed",
        "ea1": "w",
        "ea2": "Gauteng South"
      }
    },
    {
      "attributes": {
        "owner": "DFA",
        "stage": "Completed",
        "ea1": "G52P10",
        "ea2": "Gauteng South"
      }
    },
    {
      "attributes": {
        "owner": "DFA",
        "stage": "Completed",
        "ea1": "w",
        "ea2": "Gauteng South"
      }
    },
    {
      "attributes": {
        "owner": "DFA",
        "stage": "Completed",
        "ea1": "G52P10",
        "ea2": "Gauteng South"
      }
    },
    {
      "attributes": {
        "owner": "DFA",
        "stage": "Completed",
        "ea1": "G52P10",
        "ea2": "Gauteng South"
      }
    },
    {
      "attributes": {
        "owner": "DFA",
        "stage": "Completed",
        "ea1": "w",
        "ea2": "Gauteng South"
      }
    },
    {
      "attributes": {
        "owner": "DFA",
        "stage": "Completed",
        "ea1": "G52P10",
        "ea2": "Gauteng South"
      }
    },
    {
      "attributes": {
        "owner": "DFA",
        "stage": "Completed",
        "ea1": "w",
        "ea2": "Gauteng South"
      }
    },
    {
      "attributes": {
        "owner": "DFA",
        "stage": "Completed",
        "ea1": "VS02314GH000632",
        "ea2": "None"
      }
    },
    {
      "attributes": {
        "owner": "DFA",
        "stage": "Construction",
        "ea1": "w",
        "ea2": "Gauteng South"
      }
    },
    {
      "attributes": {
        "owner": "DFA",
        "stage": "Completed",
        "ea1": "W50P67",
        "ea2": "Western Region"
      }
    },
    {
      "attributes": {
        "owner": "DFA",
        "stage": "Completed",
        "ea1": "W20P30",
        "ea2": "Western Region"
      }
    },
    {
      "attributes": {
        "owner": "DFA",
        "stage": "Completed",
        "ea1": "W20P16",
        "ea2": "Western Region"
      }
    },
    {
      "attributes": {
        "owner": "DFA",
        "stage": "Completed",
        "ea1": "W20P16",
        "ea2": "Western Region"
      }
    },
    {
      "attributes": {
        "owner": "DFA",
        "stage": "Completed",
        "ea1": "G52P53",
        "ea2": "Gauteng South"
      }
    },
    {
      "attributes": {
        "owner": "DFA",
        "stage": "Completed",
        "ea1": "G52P53",
        "ea2": "Gauteng South"
      }
    },
    {
      "attributes": {
        "owner": "DFA",
        "stage": "Completed",
        "ea1": "G52P53",
        "ea2": "Gauteng South"
      }
    },
    {
      "attributes": {
        "owner": "DFA",
        "stage": "Completed",
        "ea1": "AS01215GH001823",
        "ea2": "Gauteng South"
      }
    },
    {
      "attributes": {
        "owner": "DFA",
        "stage": "Completed",
        "ea1": "K50P93",
        "ea2": "Kwa-Zulu Natal"
      }
    },
    {
      "attributes": {
        "owner": "DFA",
        "stage": "Completed",
        "ea1": "G51P19",
        "ea2": "Gauteng South"
      }
    },
    {
      "attributes": {
        "owner": "DFA",
        "stage": "Completed",
        "ea1": "G51P19",
        "ea2": "Gauteng South"
      }
    },
    {
      "attributes": {
        "owner": "DFA",
        "stage": "Completed",
        "ea1": "G51P19",
        "ea2": "Gauteng South"
      }
    },
    {
      "attributes": {
        "owner": "DFA",
        "stage": "Completed",
        "ea1": "G51P19",
        "ea2": "Gauteng South"
      }
    },
    {
      "attributes": {
        "owner": "DFA",
        "stage": "Completed",
        "ea1": "G51P19",
        "ea2": "Gauteng South"
      }
    },
    {
      "attributes": {
        "owner": "DFA",
        "stage": "Completed",
        "ea1": "G51P19",
        "ea2": "Gauteng South"
      }
    },
    {
      "attributes": {
        "owner": "DFA",
        "stage": "Completed",
        "ea1": "G51P19",
        "ea2": "Gauteng South"
      }
    },
    {
      "attributes": {
        "owner": "DFA",
        "stage": "Completed",
        "ea1": "G51P19",
        "ea2": "Gauteng South"
      }
    },
    {
      "attributes": {
        "owner": "DFA",
        "stage": "Completed",
        "ea1": "W50P89",
        "ea2": "Western Region"
      }
    },
    {
      "attributes": {
        "owner": "DFA",
        "stage": "Completed",
        "ea1": "G51P19",
        "ea2": "Gauteng South"
      }
    },
    {
      "attributes": {
        "owner": "DFA",
        "stage": "Completed",
        "ea1": "G51P19",
        "ea2": "Gauteng South"
      }
    },
    {
      "attributes": {
        "owner": "DFA",
        "stage": "Completed",
        "ea1": "G51P19",
        "ea2": "Gauteng South"
      }
    },
    {
      "attributes": {
        "owner": "DFA",
        "stage": "Completed",
        "ea1": "G51P19",
        "ea2": "Gauteng South"
      }
    },
    {
      "attributes": {
        "owner": "DFA",
        "stage": "Completed",
        "ea1": "G51P19",
        "ea2": "Gauteng South"
      }
    },
    {
      "attributes": {
        "owner": "DFA",
        "stage": "Completed",
        "ea1": "W50P89",
        "ea2": "Western Region"
      }
    },
    {
      "attributes": {
        "owner": "DFA",
        "stage": "Completed",
        "ea1": "W50P89",
        "ea2": "Western Region"
      }
    },
    {
      "attributes": {
        "owner": "DFA",
        "stage": "Completed",
        "ea1": "W50P89",
        "ea2": "Western Region"
      }
    },
    {
      "attributes": {
        "owner": "DFA",
        "stage": "Completed",
        "ea1": "W50P89",
        "ea2": "Western Region"
      }
    },
    {
      "attributes": {
        "owner": "DFA",
        "stage": "Completed",
        "ea1": "W50P89",
        "ea2": "Western Region"
      }
    },
    {
      "attributes": {
        "owner": "DFA",
        "stage": "Construction",
        "ea1": "w",
        "ea2": "None"
      }
    },
    {
      "attributes": {
        "owner": "DFA",
        "stage": "Completed",
        "ea1": "W50P89",
        "ea2": "Western Region"
      }
    },
    {
      "attributes": {
        "owner": "DFA",
        "stage": "Completed",
        "ea1": "W50P89",
        "ea2": "Western Region"
      }
    },
    {
      "attributes": {
        "owner": "DFA",
        "stage": "Completed",
        "ea1": "W50P89",
        "ea2": "Western Region"
      }
    },
    {
      "attributes": {
        "owner": "DFA",
        "stage": "Completed",
        "ea1": "W50P89",
        "ea2": "Western Region"
      }
    },
    {
      "attributes": {
        "owner": "DFA",
        "stage": "Completed",
        "ea1": "W50P89",
        "ea2": "Western Region"
      }
    },
    {
      "attributes": {
        "owner": "DFA",
        "stage": "Construction",
        "ea1": "w",
        "ea2": "None"
      }
    },
    {
      "attributes": {
        "owner": "DFA",
        "stage": "Completed",
        "ea1": "W50P89",
        "ea2": "Western Region"
      }
    },
    {
      "attributes": {
        "owner": "DFA",
        "stage": "Completed",
        "ea1": "W50P89",
        "ea2": "Western Region"
      }
    },
    {
      "attributes": {
        "owner": "DFA",
        "stage": "Completed",
        "ea1": "W50P89",
        "ea2": "Western Region"
      }
    },
    {
      "attributes": {
        "owner": "DFA",
        "stage": "Construction",
        "ea1": "w",
        "ea2": "None"
      }
    },
    {
      "attributes": {
        "owner": "DFA",
        "stage": "Completed",
        "ea1": "W50P89",
        "ea2": "Western Region"
      }
    },
    {
      "attributes": {
        "owner": "DFA",
        "stage": "Completed",
        "ea1": "W50P89",
        "ea2": "Western Region"
      }
    },
    {
      "attributes": {
        "owner": "DFA",
        "stage": "Construction",
        "ea1": "w",
        "ea2": "None"
      }
    },
    {
      "attributes": {
        "owner": "DFA",
        "stage": "Completed",
        "ea1": "W50P89",
        "ea2": "Western Region"
      }
    },
    {
      "attributes": {
        "owner": "DFA",
        "stage": "Completed",
        "ea1": "W50P89",
        "ea2": "Western Region"
      }
    },
    {
      "attributes": {
        "owner": "DFA",
        "stage": "Construction",
        "ea1": "w",
        "ea2": "None"
      }
    },
    {
      "attributes": {
        "owner": "DFA",
        "stage": "Completed",
        "ea1": "W50P89",
        "ea2": "Western Region"
      }
    },
    {
      "attributes": {
        "owner": "DFA",
        "stage": "Completed",
        "ea1": "W50P89",
        "ea2": "Western Region"
      }
    },
    {
      "attributes": {
        "owner": "DFA",
        "stage": "Completed",
        "ea1": "W50P89",
        "ea2": "Western Region"
      }
    },
    {
      "attributes": {
        "owner": "DFA",
        "stage": "Construction",
        "ea1": "w",
        "ea2": "None"
      }
    },
    {
      "attributes": {
        "owner": "DFA",
        "stage": "Completed",
        "ea1": "G52P91",
        "ea2": "Gauteng South"
      }
    },
    {
      "attributes": {
        "owner": "DFA",
        "stage": "Completed",
        "ea1": "AS13084GA340762",
        "ea2": "Gauteng South"
      }
    },
    {
      "attributes": {
        "owner": "DFA",
        "stage": "Completed",
        "ea1": "G52P91",
        "ea2": "Gauteng South"
      }
    },
    {
      "attributes": {
        "owner": "DFA",
        "stage": "Completed",
        "ea1": "G52P91",
        "ea2": "Gauteng South"
      }
    },
    {
      "attributes": {
        "owner": "DFA",
        "stage": "Completed",
        "ea1": "G52P91",
        "ea2": "Gauteng South"
      }
    },
    {
      "attributes": {
        "owner": "DFA",
        "stage": "Completed",
        "ea1": "G52P91",
        "ea2": "Gauteng South"
      }
    },
    {
      "attributes": {
        "owner": "DFA",
        "stage": "Completed",
        "ea1": "G50P65",
        "ea2": "Gauteng South"
      }
    },
    {
      "attributes": {
        "owner": "DFA",
        "stage": "Completed",
        "ea1": "G50P65",
        "ea2": "Gauteng South"
      }
    },
    {
      "attributes": {
        "owner": "DFA",
        "stage": "Completed",
        "ea1": "G50P65",
        "ea2": "Gauteng South"
      }
    },
    {
      "attributes": {
        "owner": "DFA",
        "stage": "Completed",
        "ea1": "VS04577NB260586",
        "ea2": "Northern Region"
      }
    },
    {
      "attributes": {
        "owner": "DFA",
        "stage": "Completed",
        "ea1": "G52P22",
        "ea2": "Gauteng South"
      }
    },
    {
      "attributes": {
        "owner": "DFA",
        "stage": "Completed",
        "ea1": "G52P22",
        "ea2": "Gauteng South"
      }
    },
    {
      "attributes": {
        "owner": "DFA",
        "stage": "Completed",
        "ea1": "G52P22",
        "ea2": "Gauteng South"
      }
    },
    {
      "attributes": {
        "owner": "DFA",
        "stage": "Completed",
        "ea1": "G52P22",
        "ea2": "Gauteng South"
      }
    },
    {
      "attributes": {
        "owner": "DFA",
        "stage": "Completed",
        "ea1": "G52P22",
        "ea2": "Gauteng South"
      }
    },
    {
      "attributes": {
        "owner": "DFA",
        "stage": "Completed",
        "ea1": "G52P22",
        "ea2": "Gauteng South"
      }
    },
    {
      "attributes": {
        "owner": "DFA",
        "stage": "Completed",
        "ea1": "G52P22",
        "ea2": "Gauteng South"
      }
    },
    {
      "attributes": {
        "owner": "DFA",
        "stage": "Completed",
        "ea1": "G52P22",
        "ea2": "Gauteng South"
      }
    },
    {
      "attributes": {
        "owner": "DFA",
        "stage": "Completed",
        "ea1": "G52P22",
        "ea2": "Gauteng South"
      }
    },
    {
      "attributes": {
        "owner": "DFA",
        "stage": "Completed",
        "ea1": "G52P22",
        "ea2": "Gauteng South"
      }
    },
    {
      "attributes": {
        "owner": "DFA",
        "stage": "Completed",
        "ea1": "G52P22",
        "ea2": "Gauteng South"
      }
    },
    {
      "attributes": {
        "owner": "DFA",
        "stage": "Completed",
        "ea1": "G52P22",
        "ea2": "Gauteng South"
      }
    },
    {
      "attributes": {
        "owner": "DFA",
        "stage": "Completed",
        "ea1": "G52P22",
        "ea2": "Gauteng South"
      }
    },
    {
      "attributes": {
        "owner": "DFA",
        "stage": "Completed",
        "ea1": "G52P22",
        "ea2": "Gauteng South"
      }
    },
    {
      "attributes": {
        "owner": "DFA",
        "stage": "Completed",
        "ea1": "G52P22",
        "ea2": "Gauteng South"
      }
    },
    {
      "attributes": {
        "owner": "DFA",
        "stage": "Completed",
        "ea1": "G52P22",
        "ea2": "Gauteng South"
      }
    },
    {
      "attributes": {
        "owner": "DFA",
        "stage": "Completed",
        "ea1": "G52P22",
        "ea2": "Gauteng South"
      }
    },
    {
      "attributes": {
        "owner": "DFA",
        "stage": "Completed",
        "ea1": "G52P22",
        "ea2": "Gauteng South"
      }
    },
    {
      "attributes": {
        "owner": "DFA",
        "stage": "Completed",
        "ea1": "G52P22",
        "ea2": "Gauteng South"
      }
    },
    {
      "attributes": {
        "owner": "DFA",
        "stage": "Construction",
        "ea1": "VS04589NB020708",
        "ea2": "None"
      }
    },
    {
      "attributes": {
        "owner": "DFA",
        "stage": "Completed",
        "ea1": "G52P22",
        "ea2": "Gauteng South"
      }
    },
    {
      "attributes": {
        "owner": "DFA",
        "stage": "Completed",
        "ea1": "G52P22",
        "ea2": "Gauteng South"
      }
    },
    {
      "attributes": {
        "owner": "DFA",
        "stage": "Completed",
        "ea1": "G52P22",
        "ea2": "Gauteng South"
      }
    },
    {
      "attributes": {
        "owner": "DFA",
        "stage": "Completed",
        "ea1": "G52P22",
        "ea2": "Gauteng South"
      }
    },
    {
      "attributes": {
        "owner": "DFA",
        "stage": "Completed",
        "ea1": "G52P22",
        "ea2": "Gauteng South"
      }
    },
    {
      "attributes": {
        "owner": "DFA",
        "stage": "Completed",
        "ea1": "G52P22",
        "ea2": "Gauteng South"
      }
    },
    {
      "attributes": {
        "owner": "DFA",
        "stage": "Completed",
        "ea1": "G52P22",
        "ea2": "Gauteng South"
      }
    },
    {
      "attributes": {
        "owner": "DFA",
        "stage": "Completed",
        "ea1": "G52P22",
        "ea2": "Gauteng South"
      }
    },
    {
      "attributes": {
        "owner": "DFA",
        "stage": "Completed",
        "ea1": "W50P16",
        "ea2": "Western Region"
      }
    },
    {
      "attributes": {
        "owner": "DFA",
        "stage": "Completed",
        "ea1": "G52P22",
        "ea2": "Gauteng South"
      }
    },
    {
      "attributes": {
        "owner": "DFA",
        "stage": "Construction",
        "ea1": "VS04623NB002551",
        "ea2": "None"
      }
    },
    {
      "attributes": {
        "owner": "DFA",
        "stage": "Completed",
        "ea1": "W50P16",
        "ea2": "Western Region"
      }
    },
    {
      "attributes": {
        "owner": "DFA",
        "stage": "Completed",
        "ea1": "G52P22",
        "ea2": "Gauteng South"
      }
    },
    {
      "attributes": {
        "owner": "DFA",
        "stage": "Completed",
        "ea1": "G52P22",
        "ea2": "Gauteng South"
      }
    },
    {
      "attributes": {
        "owner": "DFA",
        "stage": "Completed",
        "ea1": "G52P22",
        "ea2": "Gauteng South"
      }
    },
    {
      "attributes": {
        "owner": "DFA",
        "stage": "Completed",
        "ea1": "W50P16",
        "ea2": "Western Region"
      }
    },
    {
      "attributes": {
        "owner": "DFA",
        "stage": "Completed",
        "ea1": "W50P16",
        "ea2": "Western Region"
      }
    },
    {
      "attributes": {
        "owner": "DFA",
        "stage": "Completed",
        "ea1": "W50P16",
        "ea2": "Western Region"
      }
    },
    {
      "attributes": {
        "owner": "DFA",
        "stage": "Completed",
        "ea1": "W50P16",
        "ea2": "Western Region"
      }
    },
    {
      "attributes": {
        "owner": "DFA",
        "stage": "Completed",
        "ea1": "W50P16",
        "ea2": "Western Region"
      }
    },
    {
      "attributes": {
        "owner": "DFA",
        "stage": "Construction",
        "ea1": "W50P16",
        "ea2": "Western Region"
      }
    },
    {
      "attributes": {
        "owner": "DFA",
        "stage": "Completed",
        "ea1": "W50P16",
        "ea2": "Western Region"
      }
    },
    {
      "attributes": {
        "owner": "DFA",
        "stage": "Completed",
        "ea1": "W50P16",
        "ea2": "Western Region"
      }
    },
    {
      "attributes": {
        "owner": "DFA",
        "stage": "Completed",
        "ea1": "W50P16",
        "ea2": "Western Region"
      }
    },
    {
      "attributes": {
        "owner": "DFA",
        "stage": "Completed",
        "ea1": "W50P16",
        "ea2": "Western Region"
      }
    },
    {
      "attributes": {
        "owner": "DFA",
        "stage": "Completed",
        "ea1": "W50P16",
        "ea2": "Western Region"
      }
    },
    {
      "attributes": {
        "owner": "DFA",
        "stage": "Completed",
        "ea1": "W50P16",
        "ea2": "Western Region"
      }
    },
    {
      "attributes": {
        "owner": "DFA",
        "stage": "Completed",
        "ea1": "W50P16",
        "ea2": "Western Region"
      }
    },
    {
      "attributes": {
        "owner": "DFA",
        "stage": "Completed",
        "ea1": "W50P16",
        "ea2": "Western Region"
      }
    },
    {
      "attributes": {
        "owner": "DFA",
        "stage": "Completed",
        "ea1": "W50P16",
        "ea2": "Western Region"
      }
    },
    {
      "attributes": {
        "owner": "DFA",
        "stage": "Completed",
        "ea1": "W50P16",
        "ea2": "Western Region"
      }
    },
    {
      "attributes": {
        "owner": "DFA",
        "stage": "Completed",
        "ea1": "W50P16",
        "ea2": "Western Region"
      }
    },
    {
      "attributes": {
        "owner": "DFA",
        "stage": "Completed",
        "ea1": "W50P16",
        "ea2": "Western Region"
      }
    },
    {
      "attributes": {
        "owner": "DFA",
        "stage": "Completed",
        "ea1": "W50P16",
        "ea2": "Western Region"
      }
    },
    {
      "attributes": {
        "owner": "DFA",
        "stage": "Completed",
        "ea1": "W50P16",
        "ea2": "Western Region"
      }
    },
    {
      "attributes": {
        "owner": "DFA",
        "stage": "Completed",
        "ea1": "G52P46",
        "ea2": "Gauteng South"
      }
    },
    {
      "attributes": {
        "owner": "DFA",
        "stage": "Completed",
        "ea1": "W20P30",
        "ea2": "Western Region"
      }
    },
    {
      "attributes": {
        "owner": "DFA",
        "stage": "Completed",
        "ea1": "W20P30",
        "ea2": "Western Region"
      }
    },
    {
      "attributes": {
        "owner": "DFA",
        "stage": "Completed",
        "ea1": "W20P30",
        "ea2": "Western Region"
      }
    },
    {
      "attributes": {
        "owner": "DFA",
        "stage": "Completed",
        "ea1": "W20P30",
        "ea2": "Western Region"
      }
    },
    {
      "attributes": {
        "owner": "DFA",
        "stage": "Completed",
        "ea1": "W20P30",
        "ea2": "Western Region"
      }
    },
    {
      "attributes": {
        "owner": "DFA",
        "stage": "Completed",
        "ea1": "W20P30",
        "ea2": "Western Region"
      }
    },
    {
      "attributes": {
        "owner": "DFA",
        "stage": "Completed",
        "ea1": "W20P30",
        "ea2": "Western Region"
      }
    },
    {
      "attributes": {
        "owner": "DFA",
        "stage": "Completed",
        "ea1": "G30P38",
        "ea2": "Gauteng South"
      }
    },
    {
      "attributes": {
        "owner": "DFA",
        "stage": "Completed",
        "ea1": "G02P02",
        "ea2": "Gauteng South"
      }
    },
    {
      "attributes": {
        "owner": "DFA",
        "stage": "Completed",
        "ea1": "W20P30",
        "ea2": "Western Region"
      }
    },
    {
      "attributes": {
        "owner": "DFA",
        "stage": "Completed",
        "ea1": "G30P38",
        "ea2": "Gauteng South"
      }
    },
    {
      "attributes": {
        "owner": "DFA",
        "stage": "Completed",
        "ea1": "G30P38",
        "ea2": "Gauteng South"
      }
    },
    {
      "attributes": {
        "owner": "DFA",
        "stage": "Completed",
        "ea1": "G30P38",
        "ea2": "Gauteng South"
      }
    },
    {
      "attributes": {
        "owner": "DFA",
        "stage": "Completed",
        "ea1": "W50P16",
        "ea2": "Western Region"
      }
    },
    {
      "attributes": {
        "owner": "DFA",
        "stage": "Completed",
        "ea1": "W50P16",
        "ea2": "Western Region"
      }
    },
    {
      "attributes": {
        "owner": "DFA",
        "stage": "Completed",
        "ea1": "W50P16",
        "ea2": "Western Region"
      }
    },
    {
      "attributes": {
        "owner": "DFA",
        "stage": "Completed",
        "ea1": "W50P16",
        "ea2": "Western Region"
      }
    },
    {
      "attributes": {
        "owner": "DFA",
        "stage": "Completed",
        "ea1": "W50P16",
        "ea2": "Western Region"
      }
    },
    {
      "attributes": {
        "owner": "DFA",
        "stage": "Completed",
        "ea1": "W50P16",
        "ea2": "Western Region"
      }
    },
    {
      "attributes": {
        "owner": "DFA",
        "stage": "Completed",
        "ea1": "W50P16",
        "ea2": "Western Region"
      }
    },
    {
      "attributes": {
        "owner": "DFA",
        "stage": "Construction",
        "ea1": "none",
        "ea2": "None"
      }
    },
    {
      "attributes": {
        "owner": "DFA",
        "stage": "Completed",
        "ea1": "W50P16",
        "ea2": "Western Region"
      }
    },
    {
      "attributes": {
        "owner": "DFA",
        "stage": "Completed",
        "ea1": "W50P16",
        "ea2": "Western Region"
      }
    },
    {
      "attributes": {
        "owner": "DFA",
        "stage": "Completed",
        "ea1": "W50P16",
        "ea2": "Western Region"
      }
    },
    {
      "attributes": {
        "owner": "DFA",
        "stage": "Construction",
        "ea1": "none",
        "ea2": "None"
      }
    },
    {
      "attributes": {
        "owner": "DFA",
        "stage": "Completed",
        "ea1": "W50P80",
        "ea2": "Western Region"
      }
    },
    {
      "attributes": {
        "owner": "DFA",
        "stage": "Completed",
        "ea1": "W50P80",
        "ea2": "Western Region"
      }
    },
    {
      "attributes": {
        "owner": "DFA",
        "stage": "Completed",
        "ea1": "W50P80",
        "ea2": "Western Region"
      }
    },
    {
      "attributes": {
        "owner": "DFA",
        "stage": "Completed",
        "ea1": "W50P80",
        "ea2": "Western Region"
      }
    },
    {
      "attributes": {
        "owner": "DFA",
        "stage": "Completed",
        "ea1": "G51P14",
        "ea2": "Gauteng South"
      }
    },
    {
      "attributes": {
        "owner": "DFA",
        "stage": "Completed",
        "ea1": "G51P14",
        "ea2": "Gauteng South"
      }
    },
    {
      "attributes": {
        "owner": "DFA",
        "stage": "Completed",
        "ea1": "G51P14",
        "ea2": "Gauteng South"
      }
    },
    {
      "attributes": {
        "owner": "DFA",
        "stage": "Completed",
        "ea1": "G51P14",
        "ea2": "Gauteng South"
      }
    },
    {
      "attributes": {
        "owner": "DFA",
        "stage": "Completed",
        "ea1": "G51P14",
        "ea2": "Gauteng South"
      }
    },
    {
      "attributes": {
        "owner": "DFA",
        "stage": "Completed",
        "ea1": "G52P60",
        "ea2": "Gauteng South"
      }
    },
    {
      "attributes": {
        "owner": "DFA",
        "stage": "Completed",
        "ea1": "G52P60",
        "ea2": "Gauteng South"
      }
    },
    {
      "attributes": {
        "owner": "DFA",
        "stage": "Completed",
        "ea1": "G52P60",
        "ea2": "Gauteng South"
      }
    },
    {
      "attributes": {
        "owner": "DFA",
        "stage": "Completed",
        "ea1": "G52P60",
        "ea2": "Gauteng South"
      }
    },
    {
      "attributes": {
        "owner": "DFA",
        "stage": "Completed",
        "ea1": "G52P60",
        "ea2": "Gauteng South"
      }
    },
    {
      "attributes": {
        "owner": "DFA",
        "stage": "Completed",
        "ea1": "G52P37",
        "ea2": "Gauteng South"
      }
    },
    {
      "attributes": {
        "owner": "DFA",
        "stage": "Completed",
        "ea1": "W50P90",
        "ea2": "Western Region"
      }
    },
    {
      "attributes": {
        "owner": "DFA",
        "stage": "Completed",
        "ea1": "W50P90",
        "ea2": "Western Region"
      }
    },
    {
      "attributes": {
        "owner": "DFA",
        "stage": "Completed",
        "ea1": "G52P37",
        "ea2": "Gauteng South"
      }
    },
    {
      "attributes": {
        "owner": "DFA",
        "stage": "Completed",
        "ea1": "G52P37",
        "ea2": "Gauteng South"
      }
    },
    {
      "attributes": {
        "owner": "DFA",
        "stage": "Completed",
        "ea1": "W20P37",
        "ea2": "Western Region"
      }
    },
    {
      "attributes": {
        "owner": "DFA",
        "stage": "Completed",
        "ea1": "W20P37",
        "ea2": "Western Region"
      }
    },
    {
      "attributes": {
        "owner": "DFA",
        "stage": "Completed",
        "ea1": "W20P37",
        "ea2": "Western Region"
      }
    },
    {
      "attributes": {
        "owner": "DFA",
        "stage": "Completed",
        "ea1": "W20P37",
        "ea2": "Western Region"
      }
    },
    {
      "attributes": {
        "owner": "DFA",
        "stage": "Completed",
        "ea1": "W20P05",
        "ea2": "Western Region"
      }
    },
    {
      "attributes": {
        "owner": "DFA",
        "stage": "Completed",
        "ea1": "W20P02",
        "ea2": "Western Region"
      }
    },
    {
      "attributes": {
        "owner": "DFA",
        "stage": "Completed",
        "ea1": "W20P05",
        "ea2": "Western Region"
      }
    },
    {
      "attributes": {
        "owner": "DFA",
        "stage": "Completed",
        "ea1": "W20P05",
        "ea2": "Western Region"
      }
    },
    {
      "attributes": {
        "owner": "DFA",
        "stage": "Completed",
        "ea1": "W20P05",
        "ea2": "Western Region"
      }
    },
    {
      "attributes": {
        "owner": "DFA",
        "stage": "Completed",
        "ea1": "W20P05",
        "ea2": "Western Region"
      }
    },
    {
      "attributes": {
        "owner": "DFA",
        "stage": "Completed",
        "ea1": "W20P05",
        "ea2": "Western Region"
      }
    },
    {
      "attributes": {
        "owner": "DFA",
        "stage": "Completed",
        "ea1": "W20P05",
        "ea2": "Western Region"
      }
    },
    {
      "attributes": {
        "owner": "DFA",
        "stage": "Completed",
        "ea1": "W20P05",
        "ea2": "Western Region"
      }
    },
    {
      "attributes": {
        "owner": "DFA",
        "stage": "Completed",
        "ea1": "W20P05",
        "ea2": "Western Region"
      }
    },
    {
      "attributes": {
        "owner": "DFA",
        "stage": "Completed",
        "ea1": "G51P31",
        "ea2": "Gauteng South"
      }
    },
    {
      "attributes": {
        "owner": "DFA",
        "stage": "Completed",
        "ea1": "G51P31",
        "ea2": "Gauteng South"
      }
    },
    {
      "attributes": {
        "owner": "DFA",
        "stage": "Completed",
        "ea1": "G51P31",
        "ea2": "Gauteng South"
      }
    },
    {
      "attributes": {
        "owner": "DFA",
        "stage": "Completed",
        "ea1": "G51P31",
        "ea2": "Gauteng South"
      }
    },
    {
      "attributes": {
        "owner": "DFA",
        "stage": "Completed",
        "ea1": "G51P31",
        "ea2": "Gauteng South"
      }
    },
    {
      "attributes": {
        "owner": "DFA",
        "stage": "Completed",
        "ea1": "G51P31",
        "ea2": "Gauteng South"
      }
    },
    {
      "attributes": {
        "owner": "DFA",
        "stage": "Completed",
        "ea1": "G51P31",
        "ea2": "Gauteng South"
      }
    },
    {
      "attributes": {
        "owner": "DFA",
        "stage": "Completed",
        "ea1": "G51P31",
        "ea2": "Gauteng South"
      }
    },
    {
      "attributes": {
        "owner": "DFA",
        "stage": "Completed",
        "ea1": "G51P31",
        "ea2": "Gauteng South"
      }
    },
    {
      "attributes": {
        "owner": "DFA",
        "stage": "Completed",
        "ea1": "G03P01",
        "ea2": "Gauteng South"
      }
    },
    {
      "attributes": {
        "owner": "DFA",
        "stage": "Construction",
        "ea1": "G01P14",
        "ea2": "Gauteng South"
      }
    },
    {
      "attributes": {
        "owner": "DFA",
        "stage": "Completed",
        "ea1": "W50P62",
        "ea2": "Western Region"
      }
    },
    {
      "attributes": {
        "owner": "DFA",
        "stage": "Completed",
        "ea1": "W50P62",
        "ea2": "Western Region"
      }
    },
    {
      "attributes": {
        "owner": "DFA",
        "stage": "Completed",
        "ea1": "W50P62",
        "ea2": "Western Region"
      }
    },
    {
      "attributes": {
        "owner": "DFA",
        "stage": "Completed",
        "ea1": "W50P62",
        "ea2": "Western Region"
      }
    },
    {
      "attributes": {
        "owner": "DFA",
        "stage": "Completed",
        "ea1": "G20P09",
        "ea2": "Gauteng South"
      }
    },
    {
      "attributes": {
        "owner": "DFA",
        "stage": "Completed",
        "ea1": "G20P09",
        "ea2": "Gauteng South"
      }
    },
    {
      "attributes": {
        "owner": "DFA",
        "stage": "Completed",
        "ea1": "G20P09",
        "ea2": "Gauteng South"
      }
    },
    {
      "attributes": {
        "owner": "DFA",
        "stage": "Completed",
        "ea1": "W20P21",
        "ea2": "Western Region"
      }
    },
    {
      "attributes": {
        "owner": "DFA",
        "stage": "Completed",
        "ea1": "W20P21",
        "ea2": "Western Region"
      }
    },
    {
      "attributes": {
        "owner": "DFA",
        "stage": "Completed",
        "ea1": "W20P21",
        "ea2": "Western Region"
      }
    },
    {
      "attributes": {
        "owner": "DFA",
        "stage": "Completed",
        "ea1": "W20P21",
        "ea2": "Western Region"
      }
    },
    {
      "attributes": {
        "owner": "DFA",
        "stage": "Completed",
        "ea1": "W20P21",
        "ea2": "Western Region"
      }
    },
    {
      "attributes": {
        "owner": "DFA",
        "stage": "Completed",
        "ea1": "W20P21",
        "ea2": "Western Region"
      }
    },
    {
      "attributes": {
        "owner": "DFA",
        "stage": "Completed",
        "ea1": "W20P21",
        "ea2": "Western Region"
      }
    },
    {
      "attributes": {
        "owner": "DFA",
        "stage": "Completed",
        "ea1": "W20P21",
        "ea2": "Western Region"
      }
    },
    {
      "attributes": {
        "owner": "DFA",
        "stage": "Completed",
        "ea1": "W20P21",
        "ea2": "Western Region"
      }
    },
    {
      "attributes": {
        "owner": "DFA",
        "stage": "Completed",
        "ea1": "W20P21",
        "ea2": "Western Region"
      }
    },
    {
      "attributes": {
        "owner": "DFA",
        "stage": "Completed",
        "ea1": "W20P21",
        "ea2": "Western Region"
      }
    },
    {
      "attributes": {
        "owner": "DFA",
        "stage": "Completed",
        "ea1": "W20P21",
        "ea2": "Western Region"
      }
    },
    {
      "attributes": {
        "owner": "DFA",
        "stage": "Completed",
        "ea1": "W20P21",
        "ea2": "Western Region"
      }
    },
    {
      "attributes": {
        "owner": "DFA",
        "stage": "Completed",
        "ea1": "W20P21",
        "ea2": "Western Region"
      }
    },
    {
      "attributes": {
        "owner": "DFA",
        "stage": "Completed",
        "ea1": "W20P21",
        "ea2": "Western Region"
      }
    },
    {
      "attributes": {
        "owner": "DFA",
        "stage": "Completed",
        "ea1": "W20P21",
        "ea2": "Western Region"
      }
    },
    {
      "attributes": {
        "owner": "DFA",
        "stage": "Completed",
        "ea1": "W50P48",
        "ea2": "Western Region"
      }
    },
    {
      "attributes": {
        "owner": "DFA",
        "stage": "Completed",
        "ea1": "W50P48",
        "ea2": "Western Region"
      }
    },
    {
      "attributes": {
        "owner": "DFA",
        "stage": "Completed",
        "ea1": "W50P48",
        "ea2": "Western Region"
      }
    },
    {
      "attributes": {
        "owner": "DFA",
        "stage": "Completed",
        "ea1": "W50P48",
        "ea2": "Western Region"
      }
    },
    {
      "attributes": {
        "owner": "DFA",
        "stage": "Completed",
        "ea1": "W50P48",
        "ea2": "Western Region"
      }
    },
    {
      "attributes": {
        "owner": "DFA",
        "stage": "Completed",
        "ea1": "W50P48",
        "ea2": "Western Region"
      }
    },
    {
      "attributes": {
        "owner": "DFA",
        "stage": "Completed",
        "ea1": "W50P48",
        "ea2": "Western Region"
      }
    },
    {
      "attributes": {
        "owner": "DFA",
        "stage": "Construction",
        "ea1": "none",
        "ea2": "None"
      }
    },
    {
      "attributes": {
        "owner": "DFA",
        "stage": "Completed",
        "ea1": "W50P48",
        "ea2": "Western Region"
      }
    },
    {
      "attributes": {
        "owner": "DFA",
        "stage": "Completed",
        "ea1": "W50P48",
        "ea2": "Western Region"
      }
    },
    {
      "attributes": {
        "owner": "DFA",
        "stage": "Completed",
        "ea1": "W50P48",
        "ea2": "Western Region"
      }
    },
    {
      "attributes": {
        "owner": "DFA",
        "stage": "Completed",
        "ea1": "W50P48",
        "ea2": "Western Region"
      }
    },
    {
      "attributes": {
        "owner": "DFA",
        "stage": "Completed",
        "ea1": "W50P91 ",
        "ea2": "Western Region"
      }
    },
    {
      "attributes": {
        "owner": "DFA",
        "stage": "Completed",
        "ea1": "W50P91 ",
        "ea2": "Western Region"
      }
    },
    {
      "attributes": {
        "owner": "DFA",
        "stage": "Completed",
        "ea1": "W50P91 ",
        "ea2": "Western Region"
      }
    },
    {
      "attributes": {
        "owner": "DFA",
        "stage": "Completed",
        "ea1": "W50P91 ",
        "ea2": "Western Region"
      }
    },
    {
      "attributes": {
        "owner": "DFA",
        "stage": "Completed",
        "ea1": "W50P91",
        "ea2": "Western Region"
      }
    },
    {
      "attributes": {
        "owner": "DFA",
        "stage": "Completed",
        "ea1": "W50P91 ",
        "ea2": "Western Region"
      }
    },
    {
      "attributes": {
        "owner": "DFA",
        "stage": "Completed",
        "ea1": "W50P91",
        "ea2": "Western Region"
      }
    },
    {
      "attributes": {
        "owner": "DFA",
        "stage": "Completed",
        "ea1": "W50P91",
        "ea2": "Western Region"
      }
    },
    {
      "attributes": {
        "owner": "DFA",
        "stage": "Completed",
        "ea1": "W50P91",
        "ea2": "Western Region"
      }
    },
    {
      "attributes": {
        "owner": "DFA",
        "stage": "Completed",
        "ea1": "W50P91",
        "ea2": "Western Region"
      }
    },
    {
      "attributes": {
        "owner": "DFA",
        "stage": "Completed",
        "ea1": "NB30P08",
        "ea2": "Northern Region"
      }
    },
    {
      "attributes": {
        "owner": "DFA",
        "stage": "Construction",
        "ea1": "K20P65",
        "ea2": "Kwa-Zulu Natal"
      }
    },
    {
      "attributes": {
        "owner": "DFA",
        "stage": "Completed",
        "ea1": "none",
        "ea2": "None"
      }
    },
    {
      "attributes": {
        "owner": "DFA",
        "stage": "Completed",
        "ea1": "none",
        "ea2": "None"
      }
    },
    {
      "attributes": {
        "owner": "DFA",
        "stage": "Completed",
        "ea1": "none",
        "ea2": "None"
      }
    },
    {
      "attributes": {
        "owner": "DFA",
        "stage": "Completed",
        "ea1": "W20P44",
        "ea2": "Western Region"
      }
    },
    {
      "attributes": {
        "owner": "DFA",
        "stage": "Completed",
        "ea1": "none",
        "ea2": "None"
      }
    },
    {
      "attributes": {
        "owner": "DFA",
        "stage": "Completed",
        "ea1": "none",
        "ea2": "Northern Region"
      }
    },
    {
      "attributes": {
        "owner": "DFA",
        "stage": "Completed",
        "ea1": "none",
        "ea2": "Northern Region"
      }
    },
    {
      "attributes": {
        "owner": "DFA",
        "stage": "Completed",
        "ea1": "W51P18",
        "ea2": "Western Region"
      }
    },
    {
      "attributes": {
        "owner": "DFA",
        "stage": "Completed",
        "ea1": "W51P18",
        "ea2": "Western Region"
      }
    },
    {
      "attributes": {
        "owner": "DFA",
        "stage": "Completed",
        "ea1": "W50P91",
        "ea2": "Western Region"
      }
    },
    {
      "attributes": {
        "owner": "DFA",
        "stage": "Completed",
        "ea1": "W01P08",
        "ea2": "Western Region"
      }
    },
    {
      "attributes": {
        "owner": "DFA",
        "stage": "Completed",
        "ea1": "W01P08",
        "ea2": "Western Region"
      }
    },
    {
      "attributes": {
        "owner": "DFA",
        "stage": "Completed",
        "ea1": "W01P08",
        "ea2": "Western Region"
      }
    },
    {
      "attributes": {
        "owner": "DFA",
        "stage": "Completed",
        "ea1": "W01P08",
        "ea2": "Western Region"
      }
    },
    {
      "attributes": {
        "owner": "DFA",
        "stage": "Completed",
        "ea1": "W50P09",
        "ea2": "Western Region"
      }
    },
    {
      "attributes": {
        "owner": "DFA",
        "stage": "Completed",
        "ea1": "W50P09",
        "ea2": "Western Region"
      }
    },
    {
      "attributes": {
        "owner": "DFA",
        "stage": "Completed",
        "ea1": "W50P09",
        "ea2": "Western Region"
      }
    },
    {
      "attributes": {
        "owner": "DFA",
        "stage": "Completed",
        "ea1": "W50P09",
        "ea2": "Western Region"
      }
    },
    {
      "attributes": {
        "owner": "DFA",
        "stage": "Completed",
        "ea1": "W50P09",
        "ea2": "Western Region"
      }
    },
    {
      "attributes": {
        "owner": "DFA",
        "stage": "Completed",
        "ea1": "W50P09",
        "ea2": "Western Region"
      }
    },
    {
      "attributes": {
        "owner": "DFA",
        "stage": "Completed",
        "ea1": "W50P09",
        "ea2": "Western Region"
      }
    },
    {
      "attributes": {
        "owner": "DFA",
        "stage": "Completed",
        "ea1": "W50P09",
        "ea2": "Western Region"
      }
    },
    {
      "attributes": {
        "owner": "DFA",
        "stage": "Completed",
        "ea1": "W50P09",
        "ea2": "Western Region"
      }
    },
    {
      "attributes": {
        "owner": "DFA",
        "stage": "Completed",
        "ea1": "W50P09",
        "ea2": "Western Region"
      }
    },
    {
      "attributes": {
        "owner": "DFA",
        "stage": "Completed",
        "ea1": "W50P09",
        "ea2": "Western Region"
      }
    },
    {
      "attributes": {
        "owner": "DFA",
        "stage": "Completed",
        "ea1": "W50P09",
        "ea2": "Western Region"
      }
    },
    {
      "attributes": {
        "owner": "DFA",
        "stage": "Construction",
        "ea1": "G50P49",
        "ea2": "Gauteng South"
      }
    },
    {
      "attributes": {
        "owner": "DFA",
        "stage": "Completed",
        "ea1": "G50P53",
        "ea2": "Gauteng South"
      }
    },
    {
      "attributes": {
        "owner": "DFA",
        "stage": "Completed",
        "ea1": "G51P31",
        "ea2": "Gauteng South"
      }
    },
    {
      "attributes": {
        "owner": "DFA",
        "stage": "Completed",
        "ea1": "G51P31",
        "ea2": "Gauteng South"
      }
    },
    {
      "attributes": {
        "owner": "DFA",
        "stage": "Completed",
        "ea1": "G51P31",
        "ea2": "Gauteng South"
      }
    },
    {
      "attributes": {
        "owner": "DFA",
        "stage": "Completed",
        "ea1": "G51P31",
        "ea2": "Gauteng South"
      }
    },
    {
      "attributes": {
        "owner": "DFA",
        "stage": "Completed",
        "ea1": "G51P31",
        "ea2": "Gauteng South"
      }
    },
    {
      "attributes": {
        "owner": "DFA",
        "stage": "Completed",
        "ea1": "G51P31",
        "ea2": "Gauteng South"
      }
    },
    {
      "attributes": {
        "owner": "DFA",
        "stage": "Completed",
        "ea1": "G51P31",
        "ea2": "Gauteng South"
      }
    },
    {
      "attributes": {
        "owner": "DFA",
        "stage": "Construction",
        "ea1": "K50P10",
        "ea2": "Kwa-Zulu Natal"
      }
    },
    {
      "attributes": {
        "owner": "DFA",
        "stage": "Completed",
        "ea1": "W01P08",
        "ea2": "Western Region"
      }
    },
    {
      "attributes": {
        "owner": "DFA",
        "stage": "Construction",
        "ea1": "none",
        "ea2": "None"
      }
    },
    {
      "attributes": {
        "owner": "DFA",
        "stage": "Completed",
        "ea1": "W01P08",
        "ea2": "Western Region"
      }
    },
    {
      "attributes": {
        "owner": "DFA",
        "stage": "Completed",
        "ea1": "K50P10",
        "ea2": "Kwa-Zulu Natal"
      }
    },
    {
      "attributes": {
        "owner": "DFA",
        "stage": "Completed",
        "ea1": "K50P10",
        "ea2": "Kwa-Zulu Natal"
      }
    },
    {
      "attributes": {
        "owner": "DFA",
        "stage": "Completed",
        "ea1": "K50P10",
        "ea2": "Kwa-Zulu Natal"
      }
    },
    {
      "attributes": {
        "owner": "DFA",
        "stage": "Completed",
        "ea1": "K50P10",
        "ea2": "Kwa-Zulu Natal"
      }
    },
    {
      "attributes": {
        "owner": "DFA",
        "stage": "Completed",
        "ea1": "K50P10",
        "ea2": "Kwa-Zulu Natal"
      }
    },
    {
      "attributes": {
        "owner": "DFA",
        "stage": "Completed",
        "ea1": "K50P10",
        "ea2": "Kwa-Zulu Natal"
      }
    },
    {
      "attributes": {
        "owner": "DFA",
        "stage": "Completed",
        "ea1": "K50P10",
        "ea2": "Kwa-Zulu Natal"
      }
    },
    {
      "attributes": {
        "owner": "DFA",
        "stage": "Completed",
        "ea1": "K50P10",
        "ea2": "Kwa-Zulu Natal"
      }
    },
    {
      "attributes": {
        "owner": "DFA",
        "stage": "Completed",
        "ea1": "K50P10",
        "ea2": "Kwa-Zulu Natal"
      }
    },
    {
      "attributes": {
        "owner": "DFA",
        "stage": "Completed",
        "ea1": "K50P10",
        "ea2": "Kwa-Zulu Natal"
      }
    },
    {
      "attributes": {
        "owner": "DFA",
        "stage": "Completed",
        "ea1": "K50P10",
        "ea2": "Kwa-Zulu Natal"
      }
    },
    {
      "attributes": {
        "owner": "DFA",
        "stage": "Construction",
        "ea1": "K50P11",
        "ea2": "Kwa-Zulu Natal"
      }
    },
    {
      "attributes": {
        "owner": "DFA",
        "stage": "Construction",
        "ea1": "MS04386KH022621a",
        "ea2": "Kwa-Zulu Natal"
      }
    },
    {
      "attributes": {
        "owner": "DFA",
        "stage": "Completed",
        "ea1": "W20P40",
        "ea2": "Western Region"
      }
    },
    {
      "attributes": {
        "owner": "DFA",
        "stage": "Completed",
        "ea1": "W20P40",
        "ea2": "Western Region"
      }
    },
    {
      "attributes": {
        "owner": "DFA",
        "stage": "Completed",
        "ea1": "W20P40",
        "ea2": "Western Region"
      }
    },
    {
      "attributes": {
        "owner": "DFA",
        "stage": "Completed",
        "ea1": "W20P40",
        "ea2": "Western Region"
      }
    },
    {
      "attributes": {
        "owner": "DFA",
        "stage": "Completed",
        "ea1": "W20P40",
        "ea2": "Western Region"
      }
    },
    {
      "attributes": {
        "owner": "DFA",
        "stage": "Completed",
        "ea1": "W20P40",
        "ea2": "Western Region"
      }
    },
    {
      "attributes": {
        "owner": "DFA",
        "stage": "Completed",
        "ea1": "W20P40",
        "ea2": "Western Region"
      }
    },
    {
      "attributes": {
        "owner": "DFA",
        "stage": "Completed",
        "ea1": "K50P10",
        "ea2": "Kwa-Zulu Natal"
      }
    },
    {
      "attributes": {
        "owner": "DFA",
        "stage": "Completed",
        "ea1": "K50P10",
        "ea2": "Kwa-Zulu Natal"
      }
    },
    {
      "attributes": {
        "owner": "DFA",
        "stage": "Completed",
        "ea1": "K50P10",
        "ea2": "Kwa-Zulu Natal"
      }
    },
    {
      "attributes": {
        "owner": "DFA",
        "stage": "Completed",
        "ea1": "K50P10",
        "ea2": "Kwa-Zulu Natal"
      }
    },
    {
      "attributes": {
        "owner": "DFA",
        "stage": "Completed",
        "ea1": "K50P10",
        "ea2": "Kwa-Zulu Natal"
      }
    },
    {
      "attributes": {
        "owner": "DFA",
        "stage": "Completed",
        "ea1": "K50P10",
        "ea2": "Kwa-Zulu Natal"
      }
    },
    {
      "attributes": {
        "owner": "DFA",
        "stage": "Completed",
        "ea1": "K50P10",
        "ea2": "Kwa-Zulu Natal"
      }
    },
    {
      "attributes": {
        "owner": "DFA",
        "stage": "Completed",
        "ea1": "K50P10",
        "ea2": "Kwa-Zulu Natal"
      }
    },
    {
      "attributes": {
        "owner": "DFA",
        "stage": "Completed",
        "ea1": "K50P10",
        "ea2": "Kwa-Zulu Natal"
      }
    },
    {
      "attributes": {
        "owner": "DFA",
        "stage": "Completed",
        "ea1": "K50P10",
        "ea2": "Kwa-Zulu Natal"
      }
    },
    {
      "attributes": {
        "owner": "DFA",
        "stage": "Construction",
        "ea1": "none",
        "ea2": "Northern Region"
      }
    },
    {
      "attributes": {
        "owner": "DFA",
        "stage": "Completed",
        "ea1": "W50P25",
        "ea2": "Western Region"
      }
    },
    {
      "attributes": {
        "owner": "DFA",
        "stage": "Completed",
        "ea1": "K50P10",
        "ea2": "Kwa-Zulu Natal"
      }
    },
    {
      "attributes": {
        "owner": "DFA",
        "stage": "Completed",
        "ea1": "K50P10",
        "ea2": "Kwa-Zulu Natal"
      }
    },
    {
      "attributes": {
        "owner": "DFA",
        "stage": "Completed",
        "ea1": "W50P25",
        "ea2": "Western Region"
      }
    },
    {
      "attributes": {
        "owner": "DFA",
        "stage": "Construction",
        "ea1": "none",
        "ea2": "Northern Region"
      }
    },
    {
      "attributes": {
        "owner": "DFA",
        "stage": "Construction",
        "ea1": "none",
        "ea2": "None"
      }
    },
    {
      "attributes": {
        "owner": "DFA",
        "stage": "Completed",
        "ea1": "AS17677LH000233",
        "ea2": "Northern Region"
      }
    },
    {
      "attributes": {
        "owner": "DFA",
        "stage": "Completed",
        "ea1": "K50P10",
        "ea2": "Kwa-Zulu Natal"
      }
    },
    {
      "attributes": {
        "owner": "DFA",
        "stage": "Completed",
        "ea1": "K50P10",
        "ea2": "Kwa-Zulu Natal"
      }
    },
    {
      "attributes": {
        "owner": "DFA",
        "stage": "Completed",
        "ea1": "K50P10",
        "ea2": "Kwa-Zulu Natal"
      }
    },
    {
      "attributes": {
        "owner": "DFA",
        "stage": "Completed",
        "ea1": "K50P10",
        "ea2": "Kwa-Zulu Natal"
      }
    },
    {
      "attributes": {
        "owner": "DFA",
        "stage": "Completed",
        "ea1": "K50P10",
        "ea2": "Kwa-Zulu Natal"
      }
    },
    {
      "attributes": {
        "owner": "DFA",
        "stage": "Completed",
        "ea1": "K50P10",
        "ea2": "Kwa-Zulu Natal"
      }
    },
    {
      "attributes": {
        "owner": "DFA",
        "stage": "Completed",
        "ea1": "K50P10",
        "ea2": "Kwa-Zulu Natal"
      }
    },
    {
      "attributes": {
        "owner": "DFA",
        "stage": "Completed",
        "ea1": "K50P10",
        "ea2": "Kwa-Zulu Natal"
      }
    },
    {
      "attributes": {
        "owner": "DFA",
        "stage": "Completed",
        "ea1": "K50P10",
        "ea2": "Kwa-Zulu Natal"
      }
    },
    {
      "attributes": {
        "owner": "DFA",
        "stage": "Completed",
        "ea1": "K50P10",
        "ea2": "Kwa-Zulu Natal"
      }
    },
    {
      "attributes": {
        "owner": "DFA",
        "stage": "Completed",
        "ea1": "K50P10",
        "ea2": "Kwa-Zulu Natal"
      }
    },
    {
      "attributes": {
        "owner": "DFA",
        "stage": "Completed",
        "ea1": "K50P10",
        "ea2": "Kwa-Zulu Natal"
      }
    },
    {
      "attributes": {
        "owner": "DFA",
        "stage": "Completed",
        "ea1": "K50P10",
        "ea2": "Kwa-Zulu Natal"
      }
    },
    {
      "attributes": {
        "owner": "DFA",
        "stage": "Completed",
        "ea1": "K50P10",
        "ea2": "Kwa-Zulu Natal"
      }
    },
    {
      "attributes": {
        "owner": "DFA",
        "stage": "Completed",
        "ea1": "K50P10",
        "ea2": "Kwa-Zulu Natal"
      }
    },
    {
      "attributes": {
        "owner": "DFA",
        "stage": "Completed",
        "ea1": "K50P10",
        "ea2": "Kwa-Zulu Natal"
      }
    },
    {
      "attributes": {
        "owner": "DFA",
        "stage": "Completed",
        "ea1": "K50P10",
        "ea2": "Kwa-Zulu Natal"
      }
    },
    {
      "attributes": {
        "owner": "DFA",
        "stage": "Completed",
        "ea1": "K50P10",
        "ea2": "Kwa-Zulu Natal"
      }
    },
    {
      "attributes": {
        "owner": "DFA",
        "stage": "Completed",
        "ea1": "K50P10",
        "ea2": "Kwa-Zulu Natal"
      }
    },
    {
      "attributes": {
        "owner": "DFA",
        "stage": "Completed",
        "ea1": "K50P10",
        "ea2": "Kwa-Zulu Natal"
      }
    },
    {
      "attributes": {
        "owner": "DFA",
        "stage": "Completed",
        "ea1": "K50P10",
        "ea2": "Kwa-Zulu Natal"
      }
    },
    {
      "attributes": {
        "owner": "DFA",
        "stage": "Completed",
        "ea1": "K50P10",
        "ea2": "Kwa-Zulu Natal"
      }
    },
    {
      "attributes": {
        "owner": "DFA",
        "stage": "Completed",
        "ea1": "K50P10",
        "ea2": "Kwa-Zulu Natal"
      }
    },
    {
      "attributes": {
        "owner": "DFA",
        "stage": "Completed",
        "ea1": "K50P10",
        "ea2": "Kwa-Zulu Natal"
      }
    },
    {
      "attributes": {
        "owner": "DFA",
        "stage": "Completed",
        "ea1": "K50P10",
        "ea2": "Kwa-Zulu Natal"
      }
    },
    {
      "attributes": {
        "owner": "DFA",
        "stage": "Completed",
        "ea1": "K50P10",
        "ea2": "Kwa-Zulu Natal"
      }
    },
    {
      "attributes": {
        "owner": "DFA",
        "stage": "Completed",
        "ea1": "K50P10",
        "ea2": "Kwa-Zulu Natal"
      }
    },
    {
      "attributes": {
        "owner": "DFA",
        "stage": "Completed",
        "ea1": "K50P10",
        "ea2": "Kwa-Zulu Natal"
      }
    },
    {
      "attributes": {
        "owner": "DFA",
        "stage": "Completed",
        "ea1": "K50P10",
        "ea2": "Kwa-Zulu Natal"
      }
    },
    {
      "attributes": {
        "owner": "DFA",
        "stage": "Completed",
        "ea1": "K50P10",
        "ea2": "Kwa-Zulu Natal"
      }
    },
    {
      "attributes": {
        "owner": "DFA",
        "stage": "Completed",
        "ea1": "K50P10",
        "ea2": "Kwa-Zulu Natal"
      }
    },
    {
      "attributes": {
        "owner": "DFA",
        "stage": "Completed",
        "ea1": "K50P10",
        "ea2": "Kwa-Zulu Natal"
      }
    },
    {
      "attributes": {
        "owner": "DFA",
        "stage": "Completed",
        "ea1": "K50P10",
        "ea2": "Kwa-Zulu Natal"
      }
    },
    {
      "attributes": {
        "owner": "DFA",
        "stage": "Completed",
        "ea1": "K50P10",
        "ea2": "Kwa-Zulu Natal"
      }
    },
    {
      "attributes": {
        "owner": "DFA",
        "stage": "Completed",
        "ea1": "K50P10",
        "ea2": "Kwa-Zulu Natal"
      }
    },
    {
      "attributes": {
        "owner": "DFA",
        "stage": "Completed",
        "ea1": "K50P10",
        "ea2": "Kwa-Zulu Natal"
      }
    },
    {
      "attributes": {
        "owner": "DFA",
        "stage": "Completed",
        "ea1": "K50P10",
        "ea2": "Kwa-Zulu Natal"
      }
    },
    {
      "attributes": {
        "owner": "DFA",
        "stage": "Completed",
        "ea1": "K50P10",
        "ea2": "Kwa-Zulu Natal"
      }
    },
    {
      "attributes": {
        "owner": "DFA",
        "stage": "Completed",
        "ea1": "K50P10",
        "ea2": "Kwa-Zulu Natal"
      }
    },
    {
      "attributes": {
        "owner": "DFA",
        "stage": "Completed",
        "ea1": "K50P10",
        "ea2": "Kwa-Zulu Natal"
      }
    },
    {
      "attributes": {
        "owner": "DFA",
        "stage": "Completed",
        "ea1": "K50P10",
        "ea2": "Kwa-Zulu Natal"
      }
    },
    {
      "attributes": {
        "owner": "DFA",
        "stage": "Completed",
        "ea1": "K50P10",
        "ea2": "Kwa-Zulu Natal"
      }
    },
    {
      "attributes": {
        "owner": "DFA",
        "stage": "Completed",
        "ea1": "W50P61",
        "ea2": "Western Region"
      }
    },
    {
      "attributes": {
        "owner": "DFA",
        "stage": "Construction",
        "ea1": "none",
        "ea2": "None"
      }
    },
    {
      "attributes": {
        "owner": "DFA",
        "stage": "Completed",
        "ea1": "K50P10",
        "ea2": "Kwa-Zulu Natal"
      }
    },
    {
      "attributes": {
        "owner": "DFA",
        "stage": "Completed",
        "ea1": "K50P10",
        "ea2": "Kwa-Zulu Natal"
      }
    },
    {
      "attributes": {
        "owner": "DFA",
        "stage": "Completed",
        "ea1": "W50P65",
        "ea2": "Western Region"
      }
    },
    {
      "attributes": {
        "owner": "DFA",
        "stage": "Completed",
        "ea1": "K50P10",
        "ea2": "Kwa-Zulu Natal"
      }
    },
    {
      "attributes": {
        "owner": "DFA",
        "stage": "Completed",
        "ea1": "W50P65",
        "ea2": "Western Region"
      }
    },
    {
      "attributes": {
        "owner": "DFA",
        "stage": "Completed",
        "ea1": "K50P10",
        "ea2": "Kwa-Zulu Natal"
      }
    },
    {
      "attributes": {
        "owner": "DFA",
        "stage": "Completed",
        "ea1": "W50P65",
        "ea2": "Western Region"
      }
    },
    {
      "attributes": {
        "owner": "DFA",
        "stage": "Completed",
        "ea1": "K50P10",
        "ea2": "Kwa-Zulu Natal"
      }
    },
    {
      "attributes": {
        "owner": "DFA",
        "stage": "Completed",
        "ea1": "W50P65",
        "ea2": "Western Region"
      }
    },
    {
      "attributes": {
        "owner": "DFA",
        "stage": "Completed",
        "ea1": "W50P65",
        "ea2": "Western Region"
      }
    },
    {
      "attributes": {
        "owner": "DFA",
        "stage": "Completed",
        "ea1": "W50P65",
        "ea2": "Western Region"
      }
    },
    {
      "attributes": {
        "owner": "DFA",
        "stage": "Completed",
        "ea1": "MS03141LH020229",
        "ea2": "Northern Region"
      }
    },
    {
      "attributes": {
        "owner": "DFA",
        "stage": "Completed",
        "ea1": "W50P65",
        "ea2": "Western Region"
      }
    },
    {
      "attributes": {
        "owner": "DFA",
        "stage": "Completed",
        "ea1": "W50P64",
        "ea2": "Western Region"
      }
    },
    {
      "attributes": {
        "owner": "DFA",
        "stage": "Completed",
        "ea1": "none",
        "ea2": "Northern Region"
      }
    },
    {
      "attributes": {
        "owner": "DFA",
        "stage": "Completed",
        "ea1": "none",
        "ea2": "Northern Region"
      }
    },
    {
      "attributes": {
        "owner": "DFA",
        "stage": "Completed",
        "ea1": "none",
        "ea2": "Northern Region"
      }
    },
    {
      "attributes": {
        "owner": "DFA",
        "stage": "Completed",
        "ea1": "none",
        "ea2": "Northern Region"
      }
    },
    {
      "attributes": {
        "owner": "DFA",
        "stage": "Completed",
        "ea1": "none",
        "ea2": "Northern Region"
      }
    },
    {
      "attributes": {
        "owner": "DFA",
        "stage": "Completed",
        "ea1": "AS04786NB000951",
        "ea2": "Northern Region"
      }
    },
    {
      "attributes": {
        "owner": "DFA",
        "stage": "Completed",
        "ea1": "none",
        "ea2": "Northern Region"
      }
    },
    {
      "attributes": {
        "owner": "DFA",
        "stage": "Completed",
        "ea1": "none",
        "ea2": "Northern Region"
      }
    },
    {
      "attributes": {
        "owner": "DFA",
        "stage": "Completed",
        "ea1": "none",
        "ea2": "Northern Region"
      }
    },
    {
      "attributes": {
        "owner": "DFA",
        "stage": "Completed",
        "ea1": "none",
        "ea2": "Northern Region"
      }
    },
    {
      "attributes": {
        "owner": "DFA",
        "stage": "Completed",
        "ea1": "none",
        "ea2": "Northern Region"
      }
    },
    {
      "attributes": {
        "owner": "DFA",
        "stage": "Completed",
        "ea1": "none",
        "ea2": "Northern Region"
      }
    },
    {
      "attributes": {
        "owner": "DFA",
        "stage": "Completed",
        "ea1": "none",
        "ea2": "Northern Region"
      }
    },
    {
      "attributes": {
        "owner": "DFA",
        "stage": "Completed",
        "ea1": "none",
        "ea2": "Northern Region"
      }
    },
    {
      "attributes": {
        "owner": "DFA",
        "stage": "Completed",
        "ea1": "none",
        "ea2": "Northern Region"
      }
    },
    {
      "attributes": {
        "owner": "DFA",
        "stage": "Completed",
        "ea1": "none",
        "ea2": "Northern Region"
      }
    },
    {
      "attributes": {
        "owner": "DFA",
        "stage": "Completed",
        "ea1": "none",
        "ea2": "Northern Region"
      }
    },
    {
      "attributes": {
        "owner": "DFA",
        "stage": "Completed",
        "ea1": "none",
        "ea2": "Northern Region"
      }
    },
    {
      "attributes": {
        "owner": "DFA",
        "stage": "Completed",
        "ea1": "G01P13",
        "ea2": "Northern Region"
      }
    },
    {
      "attributes": {
        "owner": "DFA",
        "stage": "Completed",
        "ea1": "none",
        "ea2": "Northern Region"
      }
    },
    {
      "attributes": {
        "owner": "DFA",
        "stage": "Completed",
        "ea1": "K50P43",
        "ea2": "Kwa-Zulu Natal"
      }
    },
    {
      "attributes": {
        "owner": "DFA",
        "stage": "Completed",
        "ea1": "none",
        "ea2": "None"
      }
    },
    {
      "attributes": {
        "owner": "DFA",
        "stage": "Completed",
        "ea1": "K50P43",
        "ea2": "Kwa-Zulu Natal"
      }
    },
    {
      "attributes": {
        "owner": "DFA",
        "stage": "Completed",
        "ea1": "K50P43",
        "ea2": "Kwa-Zulu Natal"
      }
    },
    {
      "attributes": {
        "owner": "DFA",
        "stage": "Completed",
        "ea1": "K50P43",
        "ea2": "Kwa-Zulu Natal"
      }
    },
    {
      "attributes": {
        "owner": "DFA",
        "stage": "Completed",
        "ea1": "K50P43",
        "ea2": "Kwa-Zulu Natal"
      }
    },
    {
      "attributes": {
        "owner": "DFA",
        "stage": "Completed",
        "ea1": "K50P43",
        "ea2": "Kwa-Zulu Natal"
      }
    },
    {
      "attributes": {
        "owner": "DFA",
        "stage": "Completed",
        "ea1": "K50P43",
        "ea2": "Kwa-Zulu Natal"
      }
    },
    {
      "attributes": {
        "owner": "DFA",
        "stage": "Completed",
        "ea1": "K50P43",
        "ea2": "Kwa-Zulu Natal"
      }
    },
    {
      "attributes": {
        "owner": "DFA",
        "stage": "Completed",
        "ea1": "K50P43",
        "ea2": "Kwa-Zulu Natal"
      }
    },
    {
      "attributes": {
        "owner": "DFA",
        "stage": "Completed",
        "ea1": "K50P43",
        "ea2": "Kwa-Zulu Natal"
      }
    },
    {
      "attributes": {
        "owner": "DFA",
        "stage": "Completed",
        "ea1": "K50P43",
        "ea2": "Kwa-Zulu Natal"
      }
    },
    {
      "attributes": {
        "owner": "DFA",
        "stage": "Completed",
        "ea1": "K50P43",
        "ea2": "Kwa-Zulu Natal"
      }
    },
    {
      "attributes": {
        "owner": "DFA",
        "stage": "Completed",
        "ea1": "K50P43",
        "ea2": "Kwa-Zulu Natal"
      }
    },
    {
      "attributes": {
        "owner": "DFA",
        "stage": "Completed",
        "ea1": "K50P43",
        "ea2": "Kwa-Zulu Natal"
      }
    },
    {
      "attributes": {
        "owner": "DFA",
        "stage": "Completed",
        "ea1": "K50P43",
        "ea2": "Kwa-Zulu Natal"
      }
    },
    {
      "attributes": {
        "owner": "DFA",
        "stage": "Completed",
        "ea1": "G50P65",
        "ea2": "Gauteng South"
      }
    },
    {
      "attributes": {
        "owner": "DFA",
        "stage": "Completed",
        "ea1": "none",
        "ea2": "Northern Region"
      }
    },
    {
      "attributes": {
        "owner": "DFA",
        "stage": "Completed",
        "ea1": "W51P02",
        "ea2": "Western Region"
      }
    },
    {
      "attributes": {
        "owner": "DFA",
        "stage": "Completed",
        "ea1": "W51P02",
        "ea2": "Western Region"
      }
    },
    {
      "attributes": {
        "owner": "DFA",
        "stage": "Completed",
        "ea1": "W51P02",
        "ea2": "Western Region"
      }
    },
    {
      "attributes": {
        "owner": "DFA",
        "stage": "Completed",
        "ea1": "W51P02",
        "ea2": "Western Region"
      }
    },
    {
      "attributes": {
        "owner": "DFA",
        "stage": "Completed",
        "ea1": "W51P02",
        "ea2": "Western Region"
      }
    },
    {
      "attributes": {
        "owner": "DFA",
        "stage": "Completed",
        "ea1": "W51P02",
        "ea2": "Western Region"
      }
    },
    {
      "attributes": {
        "owner": "DFA",
        "stage": "Completed",
        "ea1": "none",
        "ea2": "None"
      }
    },
    {
      "attributes": {
        "owner": "DFA",
        "stage": "Construction",
        "ea1": "none",
        "ea2": "None"
      }
    },
    {
      "attributes": {
        "owner": "DFA",
        "stage": "Completed",
        "ea1": "none",
        "ea2": "Northern Region"
      }
    },
    {
      "attributes": {
        "owner": "DFA",
        "stage": "Construction",
        "ea1": "none",
        "ea2": "None"
      }
    },
    {
      "attributes": {
        "owner": "DFA",
        "stage": "Completed",
        "ea1": "W01P08",
        "ea2": "Western Region"
      }
    },
    {
      "attributes": {
        "owner": "DFA",
        "stage": "Completed",
        "ea1": "W01P08",
        "ea2": "Western Region"
      }
    },
    {
      "attributes": {
        "owner": "DFA",
        "stage": "Completed",
        "ea1": " VS01138GH000153",
        "ea2": "Northern Region"
      }
    },
    {
      "attributes": {
        "owner": "DFA",
        "stage": "Completed",
        "ea1": "AS11728BH021928",
        "ea2": "Gauteng South"
      }
    },
    {
      "attributes": {
        "owner": "DFA",
        "stage": "Construction",
        "ea1": "none",
        "ea2": "None"
      }
    },
    {
      "attributes": {
        "owner": "DFA",
        "stage": "Completed",
        "ea1": "none",
        "ea2": "Northern Region"
      }
    },
    {
      "attributes": {
        "owner": "DFA",
        "stage": "Completed",
        "ea1": "AS02311GH060995",
        "ea2": "Northern Region"
      }
    },
    {
      "attributes": {
        "owner": "DFA",
        "stage": "Completed",
        "ea1": "AS01156GH04041",
        "ea2": "Northern Region"
      }
    },
    {
      "attributes": {
        "owner": "DFA",
        "stage": "Completed",
        "ea1": "VS00893GH004039",
        "ea2": "Northern Region"
      }
    },
    {
      "attributes": {
        "owner": "DFA",
        "stage": "Construction",
        "ea1": "none",
        "ea2": "None"
      }
    },
    {
      "attributes": {
        "owner": "DFA",
        "stage": "Completed",
        "ea1": "AS03279BH004091 ",
        "ea2": "Northern Region"
      }
    },
    {
      "attributes": {
        "owner": "DFA",
        "stage": "Construction",
        "ea1": "none",
        "ea2": "None"
      }
    },
    {
      "attributes": {
        "owner": "DFA",
        "stage": "Completed",
        "ea1": "VS02112GH210146 ",
        "ea2": "Northern Region"
      }
    },
    {
      "attributes": {
        "owner": "DFA",
        "stage": "Completed",
        "ea1": "VS02520NB210123",
        "ea2": "Northern Region"
      }
    },
    {
      "attributes": {
        "owner": "DFA",
        "stage": "Construction",
        "ea1": "none",
        "ea2": "None"
      }
    },
    {
      "attributes": {
        "owner": "DFA",
        "stage": "Construction",
        "ea1": "none",
        "ea2": "None"
      }
    },
    {
      "attributes": {
        "owner": "DFA",
        "stage": "Construction",
        "ea1": "none",
        "ea2": "None"
      }
    },
    {
      "attributes": {
        "owner": "DFA",
        "stage": "Completed",
        "ea1": "MS01595GH000170",
        "ea2": "Northern Region"
      }
    },
    {
      "attributes": {
        "owner": "DFA",
        "stage": "Completed",
        "ea1": "W01P08",
        "ea2": "Western Region"
      }
    },
    {
      "attributes": {
        "owner": "DFA",
        "stage": "Completed",
        "ea1": "W01P08",
        "ea2": "Western Region"
      }
    },
    {
      "attributes": {
        "owner": "DFA",
        "stage": "Completed",
        "ea1": "none",
        "ea2": "None"
      }
    },
    {
      "attributes": {
        "owner": "DFA",
        "stage": "Completed",
        "ea1": "G52P75",
        "ea2": "Gauteng South"
      }
    },
    {
      "attributes": {
        "owner": "DFA",
        "stage": "Construction",
        "ea1": "G51P34",
        "ea2": "None"
      }
    },
    {
      "attributes": {
        "owner": "DFA",
        "stage": "Completed",
        "ea1": "W01P08",
        "ea2": "Western Region"
      }
    },
    {
      "attributes": {
        "owner": "DFA",
        "stage": "Completed",
        "ea1": "W30P24",
        "ea2": "Western Region"
      }
    },
    {
      "attributes": {
        "owner": "DFA",
        "stage": "Completed",
        "ea1": "AS00725GH022410",
        "ea2": "Northern Region"
      }
    },
    {
      "attributes": {
        "owner": "DFA",
        "stage": "Completed",
        "ea1": "K50P21",
        "ea2": "Kwa-Zulu Natal"
      }
    },
    {
      "attributes": {
        "owner": "DFA",
        "stage": "Completed",
        "ea1": "K50P21",
        "ea2": "Kwa-Zulu Natal"
      }
    },
    {
      "attributes": {
        "owner": "DFA",
        "stage": "Completed",
        "ea1": "W30P24",
        "ea2": "Western Region"
      }
    },
    {
      "attributes": {
        "owner": "DFA",
        "stage": "Completed",
        "ea1": "W30P24",
        "ea2": "Western Region"
      }
    },
    {
      "attributes": {
        "owner": "DFA",
        "stage": "Completed",
        "ea1": "W20P04",
        "ea2": "Western Region"
      }
    },
    {
      "attributes": {
        "owner": "DFA",
        "stage": "Completed",
        "ea1": "W20P04",
        "ea2": "Western Region"
      }
    },
    {
      "attributes": {
        "owner": "DFA",
        "stage": "Completed",
        "ea1": "W20P04",
        "ea2": "Western Region"
      }
    },
    {
      "attributes": {
        "owner": "DFA",
        "stage": "Completed",
        "ea1": "W20P04",
        "ea2": "Western Region"
      }
    },
    {
      "attributes": {
        "owner": "DFA",
        "stage": "Completed",
        "ea1": "W20P04",
        "ea2": "Western Region"
      }
    },
    {
      "attributes": {
        "owner": "DFA",
        "stage": "Completed",
        "ea1": "W20P04",
        "ea2": "Western Region"
      }
    },
    {
      "attributes": {
        "owner": "DFA",
        "stage": "Completed",
        "ea1": "none",
        "ea2": "None"
      }
    },
    {
      "attributes": {
        "owner": "DFA",
        "stage": "Completed",
        "ea1": "W50P37",
        "ea2": "Western Region"
      }
    },
    {
      "attributes": {
        "owner": "DFA",
        "stage": "Completed",
        "ea1": "W50P37",
        "ea2": "Western Region"
      }
    },
    {
      "attributes": {
        "owner": "DFA",
        "stage": "Completed",
        "ea1": "W50P37",
        "ea2": "Western Region"
      }
    },
    {
      "attributes": {
        "owner": "DFA",
        "stage": "Completed",
        "ea1": "W50P37",
        "ea2": "Western Region"
      }
    },
    {
      "attributes": {
        "owner": "DFA",
        "stage": "Completed",
        "ea1": "W50P37",
        "ea2": "Western Region"
      }
    },
    {
      "attributes": {
        "owner": "DFA",
        "stage": "Completed",
        "ea1": "W50P37",
        "ea2": "Western Region"
      }
    },
    {
      "attributes": {
        "owner": "DFA",
        "stage": "Completed",
        "ea1": "W50P37",
        "ea2": "Western Region"
      }
    },
    {
      "attributes": {
        "owner": "DFA",
        "stage": "Completed",
        "ea1": "W50P37",
        "ea2": "Western Region"
      }
    },
    {
      "attributes": {
        "owner": "DFA",
        "stage": "Completed",
        "ea1": "W50P37",
        "ea2": "Western Region"
      }
    },
    {
      "attributes": {
        "owner": "DFA",
        "stage": "Completed",
        "ea1": "W50P37",
        "ea2": "Western Region"
      }
    },
    {
      "attributes": {
        "owner": "DFA",
        "stage": "Completed",
        "ea1": "W50P37",
        "ea2": "Western Region"
      }
    },
    {
      "attributes": {
        "owner": "DFA",
        "stage": "Completed",
        "ea1": "W50P37",
        "ea2": "Western Region"
      }
    },
    {
      "attributes": {
        "owner": "DFA",
        "stage": "Completed",
        "ea1": "W50P37",
        "ea2": "Western Region"
      }
    },
    {
      "attributes": {
        "owner": "DFA",
        "stage": "Completed",
        "ea1": "W50P37",
        "ea2": "Western Region"
      }
    },
    {
      "attributes": {
        "owner": "DFA",
        "stage": "Completed",
        "ea1": "W50P37",
        "ea2": "Western Region"
      }
    },
    {
      "attributes": {
        "owner": "DFA",
        "stage": "Completed",
        "ea1": "W50P37",
        "ea2": "Western Region"
      }
    },
    {
      "attributes": {
        "owner": "DFA",
        "stage": "Completed",
        "ea1": "W50P37",
        "ea2": "Western Region"
      }
    },
    {
      "attributes": {
        "owner": "DFA",
        "stage": "Completed",
        "ea1": "W50P37",
        "ea2": "Western Region"
      }
    },
    {
      "attributes": {
        "owner": "DFA",
        "stage": "Completed",
        "ea1": "W50P26",
        "ea2": "Western Region"
      }
    },
    {
      "attributes": {
        "owner": "DFA",
        "stage": "Completed",
        "ea1": "W50P26",
        "ea2": "Western Region"
      }
    },
    {
      "attributes": {
        "owner": "DFA",
        "stage": "Completed",
        "ea1": "W50P26",
        "ea2": "Western Region"
      }
    },
    {
      "attributes": {
        "owner": "DFA",
        "stage": "Completed",
        "ea1": "W50P26",
        "ea2": "Western Region"
      }
    },
    {
      "attributes": {
        "owner": "DFA",
        "stage": "Completed",
        "ea1": "W50P26",
        "ea2": "Western Region"
      }
    },
    {
      "attributes": {
        "owner": "DFA",
        "stage": "Completed",
        "ea1": "W50P26",
        "ea2": "Western Region"
      }
    },
    {
      "attributes": {
        "owner": "DFA",
        "stage": "Completed",
        "ea1": "W50P26",
        "ea2": "Western Region"
      }
    },
    {
      "attributes": {
        "owner": "DFA",
        "stage": "Completed",
        "ea1": "W50P26",
        "ea2": "Western Region"
      }
    },
    {
      "attributes": {
        "owner": "DFA",
        "stage": "Completed",
        "ea1": "W50P26",
        "ea2": "Western Region"
      }
    },
    {
      "attributes": {
        "owner": "DFA",
        "stage": "Completed",
        "ea1": "W50P26",
        "ea2": "Western Region"
      }
    },
    {
      "attributes": {
        "owner": "DFA",
        "stage": "Completed",
        "ea1": "W30P03",
        "ea2": "Western Region"
      }
    },
    {
      "attributes": {
        "owner": "DFA",
        "stage": "Completed",
        "ea1": "W50P26",
        "ea2": "Western Region"
      }
    },
    {
      "attributes": {
        "owner": "DFA",
        "stage": "Completed",
        "ea1": "W51P35",
        "ea2": "Western Region"
      }
    },
    {
      "attributes": {
        "owner": "DFA",
        "stage": "Completed",
        "ea1": "W51P35",
        "ea2": "Western Region"
      }
    },
    {
      "attributes": {
        "owner": "DFA",
        "stage": "Completed",
        "ea1": "W51P35",
        "ea2": "Western Region"
      }
    },
    {
      "attributes": {
        "owner": "DFA",
        "stage": "Completed",
        "ea1": "W44P02",
        "ea2": "Western Region"
      }
    },
    {
      "attributes": {
        "owner": "DFA",
        "stage": "Completed",
        "ea1": "VS02393GH001509  ",
        "ea2": "Northern Region"
      }
    },
    {
      "attributes": {
        "owner": "DFA",
        "stage": "Completed",
        "ea1": "none",
        "ea2": "None"
      }
    },
    {
      "attributes": {
        "owner": "DFA",
        "stage": "Completed",
        "ea1": "W44P02",
        "ea2": "Eastern Region"
      }
    },
    {
      "attributes": {
        "owner": "DFA",
        "stage": "Construction",
        "ea1": "none",
        "ea2": "None"
      }
    },
    {
      "attributes": {
        "owner": "DFA",
        "stage": "Construction",
        "ea1": "none",
        "ea2": "None"
      }
    },
    {
      "attributes": {
        "owner": "DFA",
        "stage": "Construction",
        "ea1": "none",
        "ea2": "None"
      }
    },
    {
      "attributes": {
        "owner": "DFA",
        "stage": "Completed",
        "ea1": "W44P02",
        "ea2": "Eastern Region"
      }
    },
    {
      "attributes": {
        "owner": "DFA",
        "stage": "Completed",
        "ea1": "none",
        "ea2": "None"
      }
    },
    {
      "attributes": {
        "owner": "DFA",
        "stage": "Completed",
        "ea1": "none",
        "ea2": "None"
      }
    },
    {
      "attributes": {
        "owner": "DFA",
        "stage": "Completed",
        "ea1": "W50P04",
        "ea2": "Western Region"
      }
    },
    {
      "attributes": {
        "owner": "DFA",
        "stage": "Construction",
        "ea1": "none",
        "ea2": "None"
      }
    },
    {
      "attributes": {
        "owner": "DFA",
        "stage": "Completed",
        "ea1": "W50P04",
        "ea2": "Western Region"
      }
    },
    {
      "attributes": {
        "owner": "DFA",
        "stage": "Completed",
        "ea1": "W50P04",
        "ea2": "Western Region"
      }
    },
    {
      "attributes": {
        "owner": "DFA",
        "stage": "Completed",
        "ea1": "W50P04",
        "ea2": "Western Region"
      }
    },
    {
      "attributes": {
        "owner": "DFA",
        "stage": "Completed",
        "ea1": "W50P04",
        "ea2": "Western Region"
      }
    },
    {
      "attributes": {
        "owner": "DFA",
        "stage": "Completed",
        "ea1": "W50P04",
        "ea2": "Western Region"
      }
    },
    {
      "attributes": {
        "owner": "DFA",
        "stage": "Completed",
        "ea1": "W50P04",
        "ea2": "Western Region"
      }
    },
    {
      "attributes": {
        "owner": "DFA",
        "stage": "Completed",
        "ea1": "W50P04",
        "ea2": "Western Region"
      }
    },
    {
      "attributes": {
        "owner": "DFA",
        "stage": "Completed",
        "ea1": "W50P04",
        "ea2": "Western Region"
      }
    },
    {
      "attributes": {
        "owner": "DFA",
        "stage": "Completed",
        "ea1": "W50P04",
        "ea2": "Western Region"
      }
    },
    {
      "attributes": {
        "owner": "DFA",
        "stage": "Completed",
        "ea1": "W50P04",
        "ea2": "Western Region"
      }
    },
    {
      "attributes": {
        "owner": "DFA",
        "stage": "Completed",
        "ea1": "W50P04",
        "ea2": "Western Region"
      }
    },
    {
      "attributes": {
        "owner": "DFA",
        "stage": "Completed",
        "ea1": "W50P04",
        "ea2": "Western Region"
      }
    },
    {
      "attributes": {
        "owner": "DFA",
        "stage": "Completed",
        "ea1": "W50P04",
        "ea2": "Western Region"
      }
    },
    {
      "attributes": {
        "owner": "DFA",
        "stage": "Completed",
        "ea1": "W50P04",
        "ea2": "Western Region"
      }
    },
    {
      "attributes": {
        "owner": "DFA",
        "stage": "Completed",
        "ea1": "W50P04",
        "ea2": "Western Region"
      }
    },
    {
      "attributes": {
        "owner": "DFA",
        "stage": "Completed",
        "ea1": "W50P04",
        "ea2": "Western Region"
      }
    },
    {
      "attributes": {
        "owner": "DFA",
        "stage": "Completed",
        "ea1": "W50P04",
        "ea2": "Western Region"
      }
    },
    {
      "attributes": {
        "owner": "DFA",
        "stage": "Completed",
        "ea1": "W50P04",
        "ea2": "Western Region"
      }
    },
    {
      "attributes": {
        "owner": "DFA",
        "stage": "Completed",
        "ea1": "W50P04",
        "ea2": "Western Region"
      }
    },
    {
      "attributes": {
        "owner": "DFA",
        "stage": "Completed",
        "ea1": "W50P04",
        "ea2": "Western Region"
      }
    },
    {
      "attributes": {
        "owner": "DFA",
        "stage": "Completed",
        "ea1": "W50P04",
        "ea2": "Western Region"
      }
    },
    {
      "attributes": {
        "owner": "DFA",
        "stage": "Completed",
        "ea1": "W50P04",
        "ea2": "Western Region"
      }
    },
    {
      "attributes": {
        "owner": "DFA",
        "stage": "Completed",
        "ea1": "W50P04",
        "ea2": "Western Region"
      }
    },
    {
      "attributes": {
        "owner": "DFA",
        "stage": "Completed",
        "ea1": "W50P04",
        "ea2": "Western Region"
      }
    },
    {
      "attributes": {
        "owner": "DFA",
        "stage": "Completed",
        "ea1": "W50P04",
        "ea2": "Western Region"
      }
    },
    {
      "attributes": {
        "owner": "DFA",
        "stage": "Completed",
        "ea1": "W50P04",
        "ea2": "Western Region"
      }
    },
    {
      "attributes": {
        "owner": "DFA",
        "stage": "Construction",
        "ea1": "none",
        "ea2": "None"
      }
    },
    {
      "attributes": {
        "owner": "DFA",
        "stage": "Completed",
        "ea1": "W50P04",
        "ea2": "Western Region"
      }
    },
    {
      "attributes": {
        "owner": "DFA",
        "stage": "Completed",
        "ea1": "W50P04",
        "ea2": "Western Region"
      }
    },
    {
      "attributes": {
        "owner": "DFA",
        "stage": "Completed",
        "ea1": "W50P04",
        "ea2": "Western Region"
      }
    },
    {
      "attributes": {
        "owner": "DFA",
        "stage": "Completed",
        "ea1": "W50P04",
        "ea2": "Western Region"
      }
    },
    {
      "attributes": {
        "owner": "DFA",
        "stage": "Completed",
        "ea1": "W50P04",
        "ea2": "Western Region"
      }
    },
    {
      "attributes": {
        "owner": "DFA",
        "stage": "Completed",
        "ea1": "W50P04",
        "ea2": "Western Region"
      }
    },
    {
      "attributes": {
        "owner": "DFA",
        "stage": "Completed",
        "ea1": "W50P04",
        "ea2": "Western Region"
      }
    },
    {
      "attributes": {
        "owner": "DFA",
        "stage": "Completed",
        "ea1": "W50P04",
        "ea2": "Western Region"
      }
    },
    {
      "attributes": {
        "owner": "DFA",
        "stage": "Completed",
        "ea1": "W50P04",
        "ea2": "Western Region"
      }
    },
    {
      "attributes": {
        "owner": "DFA",
        "stage": "Completed",
        "ea1": "W50P04",
        "ea2": "Western Region"
      }
    },
    {
      "attributes": {
        "owner": "DFA",
        "stage": "Completed",
        "ea1": "W50P04",
        "ea2": "Western Region"
      }
    },
    {
      "attributes": {
        "owner": "DFA",
        "stage": "Completed",
        "ea1": "W43P02",
        "ea2": "Western Region"
      }
    },
    {
      "attributes": {
        "owner": "DFA",
        "stage": "Completed",
        "ea1": "K20P23",
        "ea2": "Kwa-Zulu Natal"
      }
    },
    {
      "attributes": {
        "owner": "DFA",
        "stage": "Completed",
        "ea1": "K20P23",
        "ea2": "Kwa-Zulu Natal"
      }
    },
    {
      "attributes": {
        "owner": "DFA",
        "stage": "Completed",
        "ea1": "K20P23",
        "ea2": "Kwa-Zulu Natal"
      }
    },
    {
      "attributes": {
        "owner": "DFA",
        "stage": "Completed",
        "ea1": "K20P23",
        "ea2": "Kwa-Zulu Natal"
      }
    },
    {
      "attributes": {
        "owner": "DFA",
        "stage": "Completed",
        "ea1": "K20P23",
        "ea2": "Kwa-Zulu Natal"
      }
    },
    {
      "attributes": {
        "owner": "DFA",
        "stage": "Completed",
        "ea1": "K20P23",
        "ea2": "Kwa-Zulu Natal"
      }
    },
    {
      "attributes": {
        "owner": "DFA",
        "stage": "Completed",
        "ea1": "none",
        "ea2": "Western Region"
      }
    },
    {
      "attributes": {
        "owner": "DFA",
        "stage": "Construction",
        "ea1": "none",
        "ea2": "None"
      }
    },
    {
      "attributes": {
        "owner": "DFA",
        "stage": "Completed",
        "ea1": "W50P55",
        "ea2": "Western Region"
      }
    },
    {
      "attributes": {
        "owner": "DFA",
        "stage": "Completed",
        "ea1": "W50P55",
        "ea2": "Western Region"
      }
    },
    {
      "attributes": {
        "owner": "DFA",
        "stage": "Completed",
        "ea1": "W50P55",
        "ea2": "Western Region"
      }
    },
    {
      "attributes": {
        "owner": "DFA",
        "stage": "Completed",
        "ea1": "W50P55",
        "ea2": "Western Region"
      }
    },
    {
      "attributes": {
        "owner": "DFA",
        "stage": "Completed",
        "ea1": "W50P55",
        "ea2": "Western Region"
      }
    },
    {
      "attributes": {
        "owner": "DFA",
        "stage": "Completed",
        "ea1": "W50P55",
        "ea2": "Western Region"
      }
    },
    {
      "attributes": {
        "owner": "DFA",
        "stage": "Completed",
        "ea1": "W50P55",
        "ea2": "Western Region"
      }
    },
    {
      "attributes": {
        "owner": "DFA",
        "stage": "Completed",
        "ea1": "W50P55",
        "ea2": "Western Region"
      }
    },
    {
      "attributes": {
        "owner": "DFA",
        "stage": "Completed",
        "ea1": "W50P55",
        "ea2": "Western Region"
      }
    },
    {
      "attributes": {
        "owner": "DFA",
        "stage": "Completed",
        "ea1": "W50P55",
        "ea2": "Western Region"
      }
    },
    {
      "attributes": {
        "owner": "DFA",
        "stage": "Completed",
        "ea1": "W50P55",
        "ea2": "Western Region"
      }
    },
    {
      "attributes": {
        "owner": "DFA",
        "stage": "Completed",
        "ea1": "W50P55",
        "ea2": "Western Region"
      }
    },
    {
      "attributes": {
        "owner": "DFA",
        "stage": "Completed",
        "ea1": "W50P55",
        "ea2": "Western Region"
      }
    },
    {
      "attributes": {
        "owner": "DFA",
        "stage": "Completed",
        "ea1": "W50P55",
        "ea2": "Western Region"
      }
    },
    {
      "attributes": {
        "owner": "DFA",
        "stage": "Completed",
        "ea1": "W50P55",
        "ea2": "Western Region"
      }
    },
    {
      "attributes": {
        "owner": "DFA",
        "stage": "Completed",
        "ea1": "W50P55",
        "ea2": "Western Region"
      }
    },
    {
      "attributes": {
        "owner": "DFA",
        "stage": "Completed",
        "ea1": "W50P55",
        "ea2": "Western Region"
      }
    },
    {
      "attributes": {
        "owner": "DFA",
        "stage": "Completed",
        "ea1": "W50P55",
        "ea2": "Western Region"
      }
    },
    {
      "attributes": {
        "owner": "DFA",
        "stage": "Completed",
        "ea1": "W50P55",
        "ea2": "Western Region"
      }
    },
    {
      "attributes": {
        "owner": "DFA",
        "stage": "Completed",
        "ea1": "W50P55",
        "ea2": "Western Region"
      }
    },
    {
      "attributes": {
        "owner": "DFA",
        "stage": "Completed",
        "ea1": "W50P55",
        "ea2": "Western Region"
      }
    },
    {
      "attributes": {
        "owner": "DFA",
        "stage": "Completed",
        "ea1": "W50P55",
        "ea2": "Western Region"
      }
    },
    {
      "attributes": {
        "owner": "DFA",
        "stage": "Completed",
        "ea1": "W50P55",
        "ea2": "Western Region"
      }
    },
    {
      "attributes": {
        "owner": "DFA",
        "stage": "Completed",
        "ea1": "W50P55",
        "ea2": "Western Region"
      }
    },
    {
      "attributes": {
        "owner": "DFA",
        "stage": "Completed",
        "ea1": "W50P55",
        "ea2": "Western Region"
      }
    },
    {
      "attributes": {
        "owner": "DFA",
        "stage": "Completed",
        "ea1": "W50P55",
        "ea2": "Western Region"
      }
    },
    {
      "attributes": {
        "owner": "DFA",
        "stage": "Completed",
        "ea1": "W50P55",
        "ea2": "Western Region"
      }
    },
    {
      "attributes": {
        "owner": "DFA",
        "stage": "Completed",
        "ea1": "W50P55",
        "ea2": "Western Region"
      }
    },
    {
      "attributes": {
        "owner": "DFA",
        "stage": "Completed",
        "ea1": "W50P55",
        "ea2": "Western Region"
      }
    },
    {
      "attributes": {
        "owner": "DFA",
        "stage": "Completed",
        "ea1": "W50P55",
        "ea2": "Western Region"
      }
    },
    {
      "attributes": {
        "owner": "DFA",
        "stage": "Completed",
        "ea1": "W50P55",
        "ea2": "Western Region"
      }
    },
    {
      "attributes": {
        "owner": "DFA",
        "stage": "Completed",
        "ea1": "W50P55",
        "ea2": "Western Region"
      }
    },
    {
      "attributes": {
        "owner": "DFA",
        "stage": "Completed",
        "ea1": "W50P55",
        "ea2": "Western Region"
      }
    },
    {
      "attributes": {
        "owner": "DFA",
        "stage": "Completed",
        "ea1": "W50P55",
        "ea2": "Western Region"
      }
    },
    {
      "attributes": {
        "owner": "DFA",
        "stage": "Completed",
        "ea1": "W50P55",
        "ea2": "Western Region"
      }
    },
    {
      "attributes": {
        "owner": "DFA",
        "stage": "Completed",
        "ea1": "W50P55",
        "ea2": "Western Region"
      }
    },
    {
      "attributes": {
        "owner": "DFA",
        "stage": "Completed",
        "ea1": "W50P55",
        "ea2": "Western Region"
      }
    },
    {
      "attributes": {
        "owner": "DFA",
        "stage": "Completed",
        "ea1": "W50P55",
        "ea2": "Western Region"
      }
    },
    {
      "attributes": {
        "owner": "DFA",
        "stage": "Completed",
        "ea1": "W50P55",
        "ea2": "Western Region"
      }
    },
    {
      "attributes": {
        "owner": "DFA",
        "stage": "Completed",
        "ea1": "W50P55",
        "ea2": "Western Region"
      }
    },
    {
      "attributes": {
        "owner": "DFA",
        "stage": "Completed",
        "ea1": "W50P55",
        "ea2": "Western Region"
      }
    },
    {
      "attributes": {
        "owner": "DFA",
        "stage": "Completed",
        "ea1": "W50P55",
        "ea2": "Western Region"
      }
    },
    {
      "attributes": {
        "owner": "DFA",
        "stage": "Completed",
        "ea1": "W50P55",
        "ea2": "Western Region"
      }
    },
    {
      "attributes": {
        "owner": "DFA",
        "stage": "Completed",
        "ea1": "W50P55",
        "ea2": "Western Region"
      }
    },
    {
      "attributes": {
        "owner": "DFA",
        "stage": "Completed",
        "ea1": "W50P55",
        "ea2": "Western Region"
      }
    },
    {
      "attributes": {
        "owner": "DFA",
        "stage": "Completed",
        "ea1": "W50P55",
        "ea2": "Western Region"
      }
    },
    {
      "attributes": {
        "owner": "DFA",
        "stage": "Completed",
        "ea1": "W50P55",
        "ea2": "Western Region"
      }
    },
    {
      "attributes": {
        "owner": "DFA",
        "stage": "Completed",
        "ea1": "W50P55",
        "ea2": "Western Region"
      }
    },
    {
      "attributes": {
        "owner": "DFA",
        "stage": "Completed",
        "ea1": "W50P55",
        "ea2": "Western Region"
      }
    },
    {
      "attributes": {
        "owner": "DFA",
        "stage": "Completed",
        "ea1": "W50P55",
        "ea2": "Western Region"
      }
    },
    {
      "attributes": {
        "owner": "DFA",
        "stage": "Completed",
        "ea1": "W50P55",
        "ea2": "Western Region"
      }
    },
    {
      "attributes": {
        "owner": "DFA",
        "stage": "Completed",
        "ea1": "W50P55",
        "ea2": "Western Region"
      }
    },
    {
      "attributes": {
        "owner": "DFA",
        "stage": "Completed",
        "ea1": "W50P55",
        "ea2": "Western Region"
      }
    },
    {
      "attributes": {
        "owner": "DFA",
        "stage": "Construction",
        "ea1": "AS70123WH364200",
        "ea2": "Western Region"
      }
    },
    {
      "attributes": {
        "owner": "DFA",
        "stage": "Completed",
        "ea1": "AS00118WH282167",
        "ea2": "None"
      }
    },
    {
      "attributes": {
        "owner": "DFA",
        "stage": "Completed",
        "ea1": "K50P75",
        "ea2": "Kwa-Zulu Natal"
      }
    },
    {
      "attributes": {
        "owner": "DFA",
        "stage": "Completed",
        "ea1": "K50P75",
        "ea2": "Kwa-Zulu Natal"
      }
    },
    {
      "attributes": {
        "owner": "DFA",
        "stage": "Completed",
        "ea1": " ",
        "ea2": "Kwa-Zulu Natal"
      }
    },
    {
      "attributes": {
        "owner": "DFA",
        "stage": "Completed",
        "ea1": "AS01092BH021465",
        "ea2": "Northern Region"
      }
    },
    {
      "attributes": {
        "owner": "DFA",
        "stage": "Completed",
        "ea1": "K50P75",
        "ea2": "Kwa-Zulu Natal"
      }
    },
    {
      "attributes": {
        "owner": "DFA",
        "stage": "Completed",
        "ea1": "K50P75",
        "ea2": "Kwa-Zulu Natal"
      }
    },
    {
      "attributes": {
        "owner": "DFA",
        "stage": "Completed",
        "ea1": "K50P75",
        "ea2": "Kwa-Zulu Natal"
      }
    },
    {
      "attributes": {
        "owner": "DFA",
        "stage": "Completed",
        "ea1": "K50P84",
        "ea2": "Kwa-Zulu Natal"
      }
    },
    {
      "attributes": {
        "owner": "DFA",
        "stage": "Completed",
        "ea1": "K50P75",
        "ea2": "Kwa-Zulu Natal"
      }
    },
    {
      "attributes": {
        "owner": "DFA",
        "stage": "Completed",
        "ea1": "K01P06",
        "ea2": "Kwa-Zulu Natal"
      }
    },
    {
      "attributes": {
        "owner": "DFA",
        "stage": "Completed",
        "ea1": "K50P84",
        "ea2": "Kwa-Zulu Natal"
      }
    },
    {
      "attributes": {
        "owner": "DFA",
        "stage": "Completed",
        "ea1": "K50P84",
        "ea2": "Kwa-Zulu Natal"
      }
    },
    {
      "attributes": {
        "owner": "DFA",
        "stage": "Completed",
        "ea1": "K50P75",
        "ea2": "Kwa-Zulu Natal"
      }
    },
    {
      "attributes": {
        "owner": "DFA",
        "stage": "Completed",
        "ea1": "K50P75",
        "ea2": "Kwa-Zulu Natal"
      }
    },
    {
      "attributes": {
        "owner": "DFA",
        "stage": "Completed",
        "ea1": "K50P75",
        "ea2": "Kwa-Zulu Natal"
      }
    },
    {
      "attributes": {
        "owner": "DFA",
        "stage": "Completed",
        "ea1": "K50P75",
        "ea2": "Kwa-Zulu Natal"
      }
    },
    {
      "attributes": {
        "owner": "DFA",
        "stage": "Completed",
        "ea1": "K50P75",
        "ea2": "Kwa-Zulu Natal"
      }
    },
    {
      "attributes": {
        "owner": "DFA",
        "stage": "Completed",
        "ea1": "K50P75",
        "ea2": "Kwa-Zulu Natal"
      }
    },
    {
      "attributes": {
        "owner": "DFA",
        "stage": "Completed",
        "ea1": "K50P75",
        "ea2": "Kwa-Zulu Natal"
      }
    },
    {
      "attributes": {
        "owner": "DFA",
        "stage": "Construction",
        "ea1": "none",
        "ea2": "None"
      }
    },
    {
      "attributes": {
        "owner": "DFA",
        "stage": "Completed",
        "ea1": "K50P75",
        "ea2": "Kwa-Zulu Natal"
      }
    },
    {
      "attributes": {
        "owner": "DFA",
        "stage": "Completed",
        "ea1": "K50P75",
        "ea2": "Kwa-Zulu Natal"
      }
    },
    {
      "attributes": {
        "owner": "DFA",
        "stage": "Completed",
        "ea1": "K50P75",
        "ea2": "Kwa-Zulu Natal"
      }
    },
    {
      "attributes": {
        "owner": "DFA",
        "stage": "Completed",
        "ea1": "K50P75",
        "ea2": "Kwa-Zulu Natal"
      }
    },
    {
      "attributes": {
        "owner": "DFA",
        "stage": "Completed",
        "ea1": "K50P75",
        "ea2": "Kwa-Zulu Natal"
      }
    },
    {
      "attributes": {
        "owner": "DFA",
        "stage": "Completed",
        "ea1": "K50P75",
        "ea2": "Kwa-Zulu Natal"
      }
    },
    {
      "attributes": {
        "owner": "DFA",
        "stage": "Completed",
        "ea1": "K50P75",
        "ea2": "Kwa-Zulu Natal"
      }
    },
    {
      "attributes": {
        "owner": "DFA",
        "stage": "Completed",
        "ea1": "AS05390BH005002",
        "ea2": "Northern Region"
      }
    },
    {
      "attributes": {
        "owner": "DFA",
        "stage": "Construction",
        "ea1": "none",
        "ea2": "None"
      }
    },
    {
      "attributes": {
        "owner": "DFA",
        "stage": "Completed",
        "ea1": "W50P12",
        "ea2": "Western Region"
      }
    },
    {
      "attributes": {
        "owner": "DFA",
        "stage": "Completed",
        "ea1": "W50P12",
        "ea2": "Western Region"
      }
    },
    {
      "attributes": {
        "owner": "DFA",
        "stage": "Completed",
        "ea1": "W50P12",
        "ea2": "Western Region"
      }
    },
    {
      "attributes": {
        "owner": "DFA",
        "stage": "Completed",
        "ea1": "W50P12",
        "ea2": "Western Region"
      }
    },
    {
      "attributes": {
        "owner": "DFA",
        "stage": "Completed",
        "ea1": "W50P12",
        "ea2": "Western Region"
      }
    },
    {
      "attributes": {
        "owner": "DFA",
        "stage": "Completed",
        "ea1": "W50P12",
        "ea2": "Western Region"
      }
    },
    {
      "attributes": {
        "owner": "DFA",
        "stage": "Completed",
        "ea1": "K50P75",
        "ea2": "Kwa-Zulu Natal"
      }
    },
    {
      "attributes": {
        "owner": "DFA",
        "stage": "Completed",
        "ea1": "W50P12",
        "ea2": "Western Region"
      }
    },
    {
      "attributes": {
        "owner": "DFA",
        "stage": "Completed",
        "ea1": "W50P12",
        "ea2": "Western Region"
      }
    },
    {
      "attributes": {
        "owner": "DFA",
        "stage": "Completed",
        "ea1": "W50P12",
        "ea2": "Western Region"
      }
    },
    {
      "attributes": {
        "owner": "DFA",
        "stage": "Completed",
        "ea1": "W50P12",
        "ea2": "Western Region"
      }
    }
  ],
  "exceededTransferLimit": true
}

Response body doesn't match expectation.
Expected: a string containing "Dark Fibre Africa"
  Actual: {
  "displayFieldName": "name",
  "fieldAliases": {
    "owner": "owner",
    "stage": "stage",
    "ea1": "Route Name",
    "ea2": "DFA Region"
  },
  "fields": [
    {
      "name": "owner",
      "type": "esriFieldTypeString",
      "alias": "owner",
      "length": 50
    },
    {
      "name": "stage",
      "type": "esriFieldTypeString",
      "alias": "stage",
      "length": 30
    },
    {
      "name": "ea1",
      "type": "esriFieldTypeString",
      "alias": "Route Name",
      "length": 100
    },
    {
      "name": "ea2",
      "type": "esriFieldTypeString",
      "alias": "DFA Region",
      "length": 100
    }
  ],
  "features": [
    {
      "attributes": {
        "owner": "DFA",
        "stage": "Completed",
        "ea1": "G02P03",
        "ea2": "Gauteng South"
      }
    },
    {
      "attributes": {
        "owner": "DFA",
        "stage": "Completed",
        "ea1": "K30P12",
        "ea2": "Kwa-Zulu Natal"
      }
    },
    {
      "attributes": {
        "owner": "DFA",
        "stage": "Completed",
        "ea1": "K30P12",
        "ea2": "Kwa-Zulu Natal"
      }
    },
    {
      "attributes": {
        "owner": "DFA",
        "stage": "Completed",
        "ea1": "K30P12",
        "ea2": "Kwa-Zulu Natal"
      }
    },
    {
      "attributes": {
        "owner": "DFA",
        "stage": "Completed",
        "ea1": "K30P12",
        "ea2": "Kwa-Zulu Natal"
      }
    },
    {
      "attributes": {
        "owner": "DFA",
        "stage": "Completed",
        "ea1": "K30P12",
        "ea2": "Kwa-Zulu Natal"
      }
    },
    {
      "attributes": {
        "owner": "DFA",
        "stage": "Completed",
        "ea1": "K30P12",
        "ea2": "Kwa-Zulu Natal"
      }
    },
    {
      "attributes": {
        "owner": "DFA",
        "stage": "Completed",
        "ea1": "K30P12",
        "ea2": "Kwa-Zulu Natal"
      }
    },
    {
      "attributes": {
        "owner": "DFA",
        "stage": "Completed",
        "ea1": "K30P12",
        "ea2": "Kwa-Zulu Natal"
      }
    },
    {
      "attributes": {
        "owner": "DFA",
        "stage": "Completed",
        "ea1": "K30P12",
        "ea2": "Kwa-Zulu Natal"
      }
    },
    {
      "attributes": {
        "owner": "DFA",
        "stage": "Completed",
        "ea1": "K30P12",
        "ea2": "Kwa-Zulu Natal"
      }
    },
    {
      "attributes": {
        "owner": "DFA",
        "stage": "Completed",
        "ea1": "K30P14",
        "ea2": "Kwa-Zulu Natal"
      }
    },
    {
      "attributes": {
        "owner": "DFA",
        "stage": "Completed",
        "ea1": "K50P53",
        "ea2": "Kwa-Zulu Natal"
      }
    },
    {
      "attributes": {
        "owner": "DFA",
        "stage": "Completed",
        "ea1": "K50P53",
        "ea2": "Kwa-Zulu Natal"
      }
    },
    {
      "attributes": {
        "owner": "DFA",
        "stage": "Completed",
        "ea1": "K50P53",
        "ea2": "Kwa-Zulu Natal"
      }
    },
    {
      "attributes": {
        "owner": "DFA",
        "stage": "Completed",
        "ea1": "K50P53",
        "ea2": "Kwa-Zulu Natal"
      }
    },
    {
      "attributes": {
        "owner": "DFA",
        "stage": "Completed",
        "ea1": "K50P53",
        "ea2": "Kwa-Zulu Natal"
      }
    },
    {
      "attributes": {
        "owner": "DFA",
        "stage": "Completed",
        "ea1": "K50P53",
        "ea2": "Kwa-Zulu Natal"
      }
    },
    {
      "attributes": {
        "owner": "DFA",
        "stage": "Completed",
        "ea1": "K50P53",
        "ea2": "Kwa-Zulu Natal"
      }
    },
    {
      "attributes": {
        "owner": "DFA",
        "stage": "Completed",
        "ea1": "K50P53",
        "ea2": "Kwa-Zulu Natal"
      }
    },
    {
      "attributes": {
        "owner": "DFA",
        "stage": "Completed",
        "ea1": "K50P53",
        "ea2": "Kwa-Zulu Natal"
      }
    },
    {
      "attributes": {
        "owner": "DFA",
        "stage": "Completed",
        "ea1": "K50P53",
        "ea2": "Kwa-Zulu Natal"
      }
    },
    {
      "attributes": {
        "owner": "DFA",
        "stage": "Completed",
        "ea1": "K50P53",
        "ea2": "Kwa-Zulu Natal"
      }
    },
    {
      "attributes": {
        "owner": "DFA",
        "stage": "Completed",
        "ea1": "K50P53",
        "ea2": "Kwa-Zulu Natal"
      }
    },
    {
      "attributes": {
        "owner": "DFA",
        "stage": "Completed",
        "ea1": "K50P45",
        "ea2": "Kwa-Zulu Natal"
      }
    },
    {
      "attributes": {
        "owner": "DFA",
        "stage": "Completed",
        "ea1": "K50P45",
        "ea2": "Kwa-Zulu Natal"
      }
    },
    {
      "attributes": {
        "owner": "DFA",
        "stage": "Completed",
        "ea1": "K50P45",
        "ea2": "Kwa-Zulu Natal"
      }
    },
    {
      "attributes": {
        "owner": "DFA",
        "stage": "Completed",
        "ea1": "K50P45",
        "ea2": "Kwa-Zulu Natal"
      }
    },
    {
      "attributes": {
        "owner": "DFA",
        "stage": "Completed",
        "ea1": "K50P45",
        "ea2": "Kwa-Zulu Natal"
      }
    },
    {
      "attributes": {
        "owner": "DFA",
        "stage": "Completed",
        "ea1": "K50P45",
        "ea2": "Kwa-Zulu Natal"
      }
    },
    {
      "attributes": {
        "owner": "DFA",
        "stage": "Completed",
        "ea1": "K01P05",
        "ea2": "Kwa-Zulu Natal"
      }
    },
    {
      "attributes": {
        "owner": "DFA",
        "stage": "Completed",
        "ea1": "K50P09",
        "ea2": "Kwa-Zulu Natal"
      }
    },
    {
      "attributes": {
        "owner": "DFA",
        "stage": "Completed",
        "ea1": "K50P09",
        "ea2": "Kwa-Zulu Natal"
      }
    },
    {
      "attributes": {
        "owner": "DFA",
        "stage": "Completed",
        "ea1": "K50P09",
        "ea2": "Kwa-Zulu Natal"
      }
    },
    {
      "attributes": {
        "owner": "DFA",
        "stage": "Completed",
        "ea1": "K50P09",
        "ea2": "Kwa-Zulu Natal"
      }
    },
    {
      "attributes": {
        "owner": "DFA",
        "stage": "Completed",
        "ea1": "K50P09",
        "ea2": "Kwa-Zulu Natal"
      }
    },
    {
      "attributes": {
        "owner": "DFA",
        "stage": "Completed",
        "ea1": "K50P09",
        "ea2": "Kwa-Zulu Natal"
      }
    },
    {
      "attributes": {
        "owner": "DFA",
        "stage": "Completed",
        "ea1": "K50P09",
        "ea2": "Kwa-Zulu Natal"
      }
    },
    {
      "attributes": {
        "owner": "DFA",
        "stage": "Completed",
        "ea1": "K50P09",
        "ea2": "Kwa-Zulu Natal"
      }
    },
    {
      "attributes": {
        "owner": "DFA",
        "stage": "Completed",
        "ea1": "K50P09",
        "ea2": "Kwa-Zulu Natal"
      }
    },
    {
      "attributes": {
        "owner": "DFA",
        "stage": "Completed",
        "ea1": "K50P09",
        "ea2": "Kwa-Zulu Natal"
      }
    },
    {
      "attributes": {
        "owner": "DFA",
        "stage": "Completed",
        "ea1": "AS0051CH023310",
        "ea2": "Western Region"
      }
    },
    {
      "attributes": {
        "owner": "DFA",
        "stage": "Completed",
        "ea1": "K30P11",
        "ea2": "Kwa-Zulu Natal"
      }
    },
    {
      "attributes": {
        "owner": "DFA",
        "stage": "Completed",
        "ea1": "K50P31",
        "ea2": "Kwa-Zulu Natal"
      }
    },
    {
      "attributes": {
        "owner": "DFA",
        "stage": "Completed",
        "ea1": "K50P31",
        "ea2": "Kwa-Zulu Natal"
      }
    },
    {
      "attributes": {
        "owner": "DFA",
        "stage": "Completed",
        "ea1": "K50P31",
        "ea2": "Kwa-Zulu Natal"
      }
    },
    {
      "attributes": {
        "owner": "DFA",
        "stage": "Completed",
        "ea1": "K50P31",
        "ea2": "Kwa-Zulu Natal"
      }
    },
    {
      "attributes": {
        "owner": "DFA",
        "stage": "Completed",
        "ea1": "K50P31",
        "ea2": "Kwa-Zulu Natal"
      }
    },
    {
      "attributes": {
        "owner": "DFA",
        "stage": "Completed",
        "ea1": "K50P31",
        "ea2": "Kwa-Zulu Natal"
      }
    },
    {
      "attributes": {
        "owner": "DFA",
        "stage": "Completed",
        "ea1": "K50P31",
        "ea2": "Kwa-Zulu Natal"
      }
    },
    {
      "attributes": {
        "owner": "DFA",
        "stage": "Completed",
        "ea1": "K50P31",
        "ea2": "Kwa-Zulu Natal"
      }
    },
    {
      "attributes": {
        "owner": "DFA",
        "stage": "Completed",
        "ea1": "K50P33",
        "ea2": "Kwa-Zulu Natal"
      }
    },
    {
      "attributes": {
        "owner": "DFA",
        "stage": "Completed",
        "ea1": "AS00590GH001265",
        "ea2": "Gauteng South"
      }
    },
    {
      "attributes": {
        "owner": "DFA",
        "stage": "Completed",
        "ea1": "K50P53",
        "ea2": "Kwa-Zulu Natal"
      }
    },
    {
      "attributes": {
        "owner": "DFA",
        "stage": "Completed",
        "ea1": "K50P23",
        "ea2": "Kwa-Zulu Natal"
      }
    },
    {
      "attributes": {
        "owner": "DFA",
        "stage": "Completed",
        "ea1": "AS04053GH024442",
        "ea2": "Gauteng South"
      }
    },
    {
      "attributes": {
        "owner": "DFA",
        "stage": "Completed",
        "ea1": "AS04053GH024443",
        "ea2": "Gauteng South"
      }
    },
    {
      "attributes": {
        "owner": "DFA",
        "stage": "Completed",
        "ea1": "K50P31",
        "ea2": "Kwa-Zulu Natal"
      }
    },
    {
      "attributes": {
        "owner": "DFA",
        "stage": "Completed",
        "ea1": "K50P31",
        "ea2": "Kwa-Zulu Natal"
      }
    },
    {
      "attributes": {
        "owner": "DFA",
        "stage": "Completed",
        "ea1": "AS01570GH001329",
        "ea2": "Gauteng South"
      }
    },
    {
      "attributes": {
        "owner": "DFA",
        "stage": "Completed",
        "ea1": "W01P08",
        "ea2": "Western Region"
      }
    },
    {
      "attributes": {
        "owner": "DFA",
        "stage": "Completed",
        "ea1": "K01P04",
        "ea2": "Kwa-Zulu Natal"
      }
    },
    {
      "attributes": {
        "owner": "DFA",
        "stage": "Completed",
        "ea1": "G65P40",
        "ea2": "Gauteng South"
      }
    },
    {
      "attributes": {
        "owner": "DFA",
        "stage": "Completed",
        "ea1": "K20P12",
        "ea2": "Kwa-Zulu Natal"
      }
    },
    {
      "attributes": {
        "owner": "DFA",
        "stage": "Completed",
        "ea1": "K30P04",
        "ea2": "Kwa-Zulu Natal"
      }
    },
    {
      "attributes": {
        "owner": "DFA",
        "stage": "Construction",
        "ea1": "none",
        "ea2": "Eastern Region"
      }
    },
    {
      "attributes": {
        "owner": "DFA",
        "stage": "Completed",
        "ea1": "K30P04",
        "ea2": "Kwa-Zulu Natal"
      }
    },
    {
      "attributes": {
        "owner": "DFA",
        "stage": "Completed",
        "ea1": "K50P36",
        "ea2": "Kwa-Zulu Natal"
      }
    },
    {
      "attributes": {
        "owner": "DFA",
        "stage": "Completed",
        "ea1": "VS02267KH022350",
        "ea2": "Kwa-Zulu Natal"
      }
    },
    {
      "attributes": {
        "owner": "DFA",
        "stage": "Completed",
        "ea1": "K30P09",
        "ea2": "Kwa-Zulu Natal"
      }
    },
    {
      "attributes": {
        "owner": "DFA",
        "stage": "Completed",
        "ea1": "AS01555GH000516",
        "ea2": "Gauteng South"
      }
    },
    {
      "attributes": {
        "owner": "DFA",
        "stage": "Completed",
        "ea1": "W44P04",
        "ea2": "Western Region"
      }
    },
    {
      "attributes": {
        "owner": "DFA",
        "stage": "Completed",
        "ea1": "W44P02",
        "ea2": "Western Region"
      }
    },
    {
      "attributes": {
        "owner": "DFA",
        "stage": "Completed",
        "ea1": "W44P02",
        "ea2": "Western Region"
      }
    },
    {
      "attributes": {
        "owner": "DFA",
        "stage": "Completed",
        "ea1": "none",
        "ea2": "Eastern Region"
      }
    },
    {
      "attributes": {
        "owner": "DFA",
        "stage": "Completed",
        "ea1": "W44P02",
        "ea2": "Western Region"
      }
    },
    {
      "attributes": {
        "owner": "DFA",
        "stage": "Completed",
        "ea1": "W44P02",
        "ea2": "Western Region"
      }
    },
    {
      "attributes": {
        "owner": "DFA",
        "stage": "Completed",
        "ea1": "W44P02",
        "ea2": "Western Region"
      }
    },
    {
      "attributes": {
        "owner": "DFA",
        "stage": "Completed",
        "ea1": "W44P07",
        "ea2": "Western Region"
      }
    },
    {
      "attributes": {
        "owner": "DFA",
        "stage": "Completed",
        "ea1": "W44P07",
        "ea2": "Western Region"
      }
    },
    {
      "attributes": {
        "owner": "DFA",
        "stage": "Completed",
        "ea1": "W44P07",
        "ea2": "Western Region"
      }
    },
    {
      "attributes": {
        "owner": "DFA",
        "stage": "Completed",
        "ea1": "VS03888WH050002",
        "ea2": "Western Region"
      }
    },
    {
      "attributes": {
        "owner": "DFA",
        "stage": "Completed",
        "ea1": "NW03P06",
        "ea2": "Northern Region"
      }
    },
    {
      "attributes": {
        "owner": "DFA",
        "stage": "Completed",
        "ea1": "NB50P80",
        "ea2": "Northern Region"
      }
    },
    {
      "attributes": {
        "owner": "DFA",
        "stage": "Construction",
        "ea1": "NB01P02",
        "ea2": "Northern Region"
      }
    },
    {
      "attributes": {
        "owner": "DFA",
        "stage": "Completed",
        "ea1": "G52P33",
        "ea2": "Gauteng South"
      }
    },
    {
      "attributes": {
        "owner": "DFA",
        "stage": "Completed",
        "ea1": "G52P33",
        "ea2": "Gauteng South"
      }
    },
    {
      "attributes": {
        "owner": "DFA",
        "stage": "Completed",
        "ea1": "G52P33",
        "ea2": "Gauteng South"
      }
    },
    {
      "attributes": {
        "owner": "DFA",
        "stage": "Completed",
        "ea1": "G52P33",
        "ea2": "Gauteng South"
      }
    },
    {
      "attributes": {
        "owner": "DFA",
        "stage": "Completed",
        "ea1": "G52P33",
        "ea2": "Gauteng South"
      }
    },
    {
      "attributes": {
        "owner": "DFA",
        "stage": "Completed",
        "ea1": "G52P33",
        "ea2": "Gauteng South"
      }
    },
    {
      "attributes": {
        "owner": "DFA",
        "stage": "Completed",
        "ea1": "G52P33",
        "ea2": "Gauteng South"
      }
    },
    {
      "attributes": {
        "owner": "DFA",
        "stage": "Completed",
        "ea1": "G52P33",
        "ea2": "Gauteng South"
      }
    },
    {
      "attributes": {
        "owner": "DFA",
        "stage": "Completed",
        "ea1": "G52P33",
        "ea2": "Gauteng South"
      }
    },
    {
      "attributes": {
        "owner": "DFA",
        "stage": "Completed",
        "ea1": "G52P33",
        "ea2": "Gauteng South"
      }
    },
    {
      "attributes": {
        "owner": "DFA",
        "stage": "Completed",
        "ea1": "G52P33",
        "ea2": "Gauteng South"
      }
    },
    {
      "attributes": {
        "owner": "DFA",
        "stage": "Completed",
        "ea1": "G52P33",
        "ea2": "Gauteng South"
      }
    },
    {
      "attributes": {
        "owner": "DFA",
        "stage": "Completed",
        "ea1": "G52P33",
        "ea2": "Gauteng South"
      }
    },
    {
      "attributes": {
        "owner": "DFA",
        "stage": "Completed",
        "ea1": "G52P33",
        "ea2": "Gauteng South"
      }
    },
    {
      "attributes": {
        "owner": "DFA",
        "stage": "Completed",
        "ea1": "G52P33",
        "ea2": "Gauteng South"
      }
    },
    {
      "attributes": {
        "owner": "DFA",
        "stage": "Completed",
        "ea1": "G52P33",
        "ea2": "Gauteng South"
      }
    },
    {
      "attributes": {
        "owner": "DFA",
        "stage": "Completed",
        "ea1": "G52P33",
        "ea2": "Gauteng South"
      }
    },
    {
      "attributes": {
        "owner": "DFA",
        "stage": "Completed",
        "ea1": "G52P33",
        "ea2": "Gauteng South"
      }
    },
    {
      "attributes": {
        "owner": "DFA",
        "stage": "Completed",
        "ea1": "G52P33",
        "ea2": "Gauteng South"
      }
    },
    {
      "attributes": {
        "owner": "DFA",
        "stage": "Completed",
        "ea1": "G52P33",
        "ea2": "Gauteng South"
      }
    },
    {
      "attributes": {
        "owner": "DFA",
        "stage": "Completed",
        "ea1": "G52P33",
        "ea2": "Gauteng South"
      }
    },
    {
      "attributes": {
        "owner": "DFA",
        "stage": "Completed",
        "ea1": "G52P33",
        "ea2": "Gauteng South"
      }
    },
    {
      "attributes": {
        "owner": "DFA",
        "stage": "Completed",
        "ea1": "G52P33",
        "ea2": "Gauteng South"
      }
    },
    {
      "attributes": {
        "owner": "DFA",
        "stage": "Completed",
        "ea1": "G52P33",
        "ea2": "Gauteng South"
      }
    },
    {
      "attributes": {
        "owner": "DFA",
        "stage": "Completed",
        "ea1": "G52P33",
        "ea2": "Gauteng South"
      }
    },
    {
      "attributes": {
        "owner": "DFA",
        "stage": "Completed",
        "ea1": "G52P33",
        "ea2": "Gauteng South"
      }
    },
    {
      "attributes": {
        "owner": "DFA",
        "stage": "Completed",
        "ea1": "G52P33",
        "ea2": "Gauteng South"
      }
    },
    {
      "attributes": {
        "owner": "DFA",
        "stage": "Completed",
        "ea1": "G52P33",
        "ea2": "Gauteng South"
      }
    },
    {
      "attributes": {
        "owner": "DFA",
        "stage": "Completed",
        "ea1": "G52P33",
        "ea2": "Gauteng South"
      }
    },
    {
      "attributes": {
        "owner": "DFA",
        "stage": "Completed",
        "ea1": "G52P33",
        "ea2": "Gauteng South"
      }
    },
    {
      "attributes": {
        "owner": "DFA",
        "stage": "Completed",
        "ea1": "G52P33",
        "ea2": "Gauteng South"
      }
    },
    {
      "attributes": {
        "owner": "DFA",
        "stage": "Completed",
        "ea1": "G52P33",
        "ea2": "Gauteng South"
      }
    },
    {
      "attributes": {
        "owner": "DFA",
        "stage": "Completed",
        "ea1": "G52P33",
        "ea2": "Gauteng South"
      }
    },
    {
      "attributes": {
        "owner": "DFA",
        "stage": "Completed",
        "ea1": "G52P33",
        "ea2": "Gauteng South"
      }
    },
    {
      "attributes": {
        "owner": "DFA",
        "stage": "Completed",
        "ea1": "G52P33",
        "ea2": "Gauteng South"
      }
    },
    {
      "attributes": {
        "owner": "DFA",
        "stage": "Completed",
        "ea1": "G52P33",
        "ea2": "Gauteng South"
      }
    },
    {
      "attributes": {
        "owner": "DFA",
        "stage": "Completed",
        "ea1": "G52P33",
        "ea2": "Gauteng South"
      }
    },
    {
      "attributes": {
        "owner": "DFA",
        "stage": "Completed",
        "ea1": "G52P33",
        "ea2": "Gauteng South"
      }
    },
    {
      "attributes": {
        "owner": "DFA",
        "stage": "Completed",
        "ea1": "G52P33",
        "ea2": "Gauteng South"
      }
    },
    {
      "attributes": {
        "owner": "DFA",
        "stage": "Completed",
        "ea1": "G52P33",
        "ea2": "Gauteng South"
      }
    },
    {
      "attributes": {
        "owner": "DFA",
        "stage": "Completed",
        "ea1": "G52P33",
        "ea2": "Gauteng South"
      }
    },
    {
      "attributes": {
        "owner": "DFA",
        "stage": "Completed",
        "ea1": "G52P33",
        "ea2": "Gauteng South"
      }
    },
    {
      "attributes": {
        "owner": "DFA",
        "stage": "Completed",
        "ea1": "G52P33",
        "ea2": "Gauteng South"
      }
    },
    {
      "attributes": {
        "owner": "DFA",
        "stage": "Completed",
        "ea1": "G52P33",
        "ea2": "Gauteng South"
      }
    },
    {
      "attributes": {
        "owner": "DFA",
        "stage": "Completed",
        "ea1": "G52P33",
        "ea2": "Gauteng South"
      }
    },
    {
      "attributes": {
        "owner": "DFA",
        "stage": "Construction",
        "ea1": "G50P66",
        "ea2": "Gauteng South"
      }
    },
    {
      "attributes": {
        "owner": "DFA",
        "stage": "Completed",
        "ea1": "G52P33",
        "ea2": "Gauteng South"
      }
    },
    {
      "attributes": {
        "owner": "DFA",
        "stage": "Completed",
        "ea1": "G52P33",
        "ea2": "Gauteng South"
      }
    },
    {
      "attributes": {
        "owner": "DFA",
        "stage": "Completed",
        "ea1": "G52P33",
        "ea2": "Gauteng South"
      }
    },
    {
      "attributes": {
        "owner": "DFA",
        "stage": "Completed",
        "ea1": "G52P33",
        "ea2": "Gauteng South"
      }
    },
    {
      "attributes": {
        "owner": "DFA",
        "stage": "Completed",
        "ea1": "G30P45",
        "ea2": "Gauteng South"
      }
    },
    {
      "attributes": {
        "owner": "DFA",
        "stage": "Completed",
        "ea1": "G52P43",
        "ea2": "Gauteng South"
      }
    },
    {
      "attributes": {
        "owner": "DFA",
        "stage": "Completed",
        "ea1": "G52P43",
        "ea2": "Gauteng South"
      }
    },
    {
      "attributes": {
        "owner": "DFA",
        "stage": "Completed",
        "ea1": "G52P43",
        "ea2": "Gauteng South"
      }
    },
    {
      "attributes": {
        "owner": "DFA",
        "stage": "Completed",
        "ea1": "G52P43",
        "ea2": "Gauteng South"
      }
    },
    {
      "attributes": {
        "owner": "DFA",
        "stage": "Completed",
        "ea1": "G52P43",
        "ea2": "Gauteng South"
      }
    },
    {
      "attributes": {
        "owner": "DFA",
        "stage": "Completed",
        "ea1": "G52P43",
        "ea2": "Gauteng South"
      }
    },
    {
      "attributes": {
        "owner": "DFA",
        "stage": "Completed",
        "ea1": "G52P43",
        "ea2": "Gauteng South"
      }
    },
    {
      "attributes": {
        "owner": "DFA",
        "stage": "Completed",
        "ea1": "G52P43",
        "ea2": "Gauteng South"
      }
    },
    {
      "attributes": {
        "owner": "DFA",
        "stage": "Completed",
        "ea1": "G52P43",
        "ea2": "Gauteng South"
      }
    },
    {
      "attributes": {
        "owner": "DFA",
        "stage": "Completed",
        "ea1": "G52P43",
        "ea2": "Gauteng South"
      }
    },
    {
      "attributes": {
        "owner": "DFA",
        "stage": "Completed",
        "ea1": "G52P43",
        "ea2": "Gauteng South"
      }
    },
    {
      "attributes": {
        "owner": "DFA",
        "stage": "Completed",
        "ea1": "G52P43",
        "ea2": "Gauteng South"
      }
    },
    {
      "attributes": {
        "owner": "DFA",
        "stage": "Completed",
        "ea1": "G52P43",
        "ea2": "Gauteng South"
      }
    },
    {
      "attributes": {
        "owner": "DFA",
        "stage": "Completed",
        "ea1": "G52P43",
        "ea2": "Gauteng South"
      }
    },
    {
      "attributes": {
        "owner": "DFA",
        "stage": "Completed",
        "ea1": "G52P43",
        "ea2": "Gauteng South"
      }
    },
    {
      "attributes": {
        "owner": "DFA",
        "stage": "Completed",
        "ea1": "G52P43",
        "ea2": "Gauteng South"
      }
    },
    {
      "attributes": {
        "owner": "DFA",
        "stage": "Completed",
        "ea1": "G52P43",
        "ea2": "Gauteng South"
      }
    },
    {
      "attributes": {
        "owner": "DFA",
        "stage": "Completed",
        "ea1": "G52P43",
        "ea2": "Gauteng South"
      }
    },
    {
      "attributes": {
        "owner": "DFA",
        "stage": "Completed",
        "ea1": "G52P43",
        "ea2": "Gauteng South"
      }
    },
    {
      "attributes": {
        "owner": "DFA",
        "stage": "Completed",
        "ea1": "G52P43",
        "ea2": "Gauteng South"
      }
    },
    {
      "attributes": {
        "owner": "DFA",
        "stage": "Construction",
        "ea1": "AS00865GH000988",
        "ea2": "None"
      }
    },
    {
      "attributes": {
        "owner": "DFA",
        "stage": "Construction",
        "ea1": "AS00865GH000988",
        "ea2": "None"
      }
    },
    {
      "attributes": {
        "owner": "DFA",
        "stage": "Construction",
        "ea1": "AS00865GH000988",
        "ea2": "None"
      }
    },
    {
      "attributes": {
        "owner": "DFA",
        "stage": "Completed",
        "ea1": "G52P43",
        "ea2": "Gauteng South"
      }
    },
    {
      "attributes": {
        "owner": "DFA",
        "stage": "Completed",
        "ea1": "G52P43",
        "ea2": "Gauteng South"
      }
    },
    {
      "attributes": {
        "owner": "DFA",
        "stage": "Completed",
        "ea1": "G52P43",
        "ea2": "Gauteng South"
      }
    },
    {
      "attributes": {
        "owner": "DFA",
        "stage": "Completed",
        "ea1": "G52P43",
        "ea2": "Gauteng South"
      }
    },
    {
      "attributes": {
        "owner": "DFA",
        "stage": "Completed",
        "ea1": "G52P43",
        "ea2": "Gauteng South"
      }
    },
    {
      "attributes": {
        "owner": "DFA",
        "stage": "Completed",
        "ea1": "G52P43",
        "ea2": "Gauteng South"
      }
    },
    {
      "attributes": {
        "owner": "DFA",
        "stage": "Completed",
        "ea1": "G52P43",
        "ea2": "Gauteng South"
      }
    },
    {
      "attributes": {
        "owner": "DFA",
        "stage": "Completed",
        "ea1": "G52P43",
        "ea2": "Gauteng South"
      }
    },
    {
      "attributes": {
        "owner": "DFA",
        "stage": "Completed",
        "ea1": "NB50P74",
        "ea2": "Northern Region"
      }
    },
    {
      "attributes": {
        "owner": "DFA",
        "stage": "Completed",
        "ea1": "M01P12",
        "ea2": "Mphumalanga"
      }
    },
    {
      "attributes": {
        "owner": "DFA",
        "stage": "Construction",
        "ea1": "AS04573HB001641-01",
        "ea2": "None"
      }
    },
    {
      "attributes": {
        "owner": "DFA",
        "stage": "Construction",
        "ea1": "AS04573NB001640",
        "ea2": "None"
      }
    },
    {
      "attributes": {
        "owner": "DFA",
        "stage": "Completed",
        "ea1": "NB50P90",
        "ea2": "Northern Region"
      }
    },
    {
      "attributes": {
        "owner": "DFA",
        "stage": "Completed",
        "ea1": "NB50P90",
        "ea2": "Northern Region"
      }
    },
    {
      "attributes": {
        "owner": "DFA",
        "stage": "Completed",
        "ea1": "NB50P90",
        "ea2": "Northern Region"
      }
    },
    {
      "attributes": {
        "owner": "DFA",
        "stage": "Completed",
        "ea1": "NB50P90",
        "ea2": "Northern Region"
      }
    },
    {
      "attributes": {
        "owner": "DFA",
        "stage": "Completed",
        "ea1": "NB50P90",
        "ea2": "Northern Region"
      }
    },
    {
      "attributes": {
        "owner": "DFA",
        "stage": "Completed",
        "ea1": "NB50P90",
        "ea2": "Northern Region"
      }
    },
    {
      "attributes": {
        "owner": "DFA",
        "stage": "Completed",
        "ea1": "NB50P90",
        "ea2": "Northern Region"
      }
    },
    {
      "attributes": {
        "owner": "DFA",
        "stage": "Completed",
        "ea1": "NB50P90",
        "ea2": "Northern Region"
      }
    },
    {
      "attributes": {
        "owner": "DFA",
        "stage": "Completed",
        "ea1": "NB50P90",
        "ea2": "Northern Region"
      }
    },
    {
      "attributes": {
        "owner": "DFA",
        "stage": "Completed",
        "ea1": "NB50P90",
        "ea2": "Northern Region"
      }
    },
    {
      "attributes": {
        "owner": "DFA",
        "stage": "Completed",
        "ea1": "NB50P90",
        "ea2": "Northern Region"
      }
    },
    {
      "attributes": {
        "owner": "DFA",
        "stage": "Completed",
        "ea1": "NB50P90",
        "ea2": "Northern Region"
      }
    },
    {
      "attributes": {
        "owner": "DFA",
        "stage": "Completed",
        "ea1": "NB50P90",
        "ea2": "Northern Region"
      }
    },
    {
      "attributes": {
        "owner": "DFA",
        "stage": "Completed",
        "ea1": "NB50P90",
        "ea2": "Northern Region"
      }
    },
    {
      "attributes": {
        "owner": "DFA",
        "stage": "Completed",
        "ea1": "NB50P90",
        "ea2": "Northern Region"
      }
    },
    {
      "attributes": {
        "owner": "DFA",
        "stage": "Completed",
        "ea1": "NB50P90",
        "ea2": "Northern Region"
      }
    },
    {
      "attributes": {
        "owner": "DFA",
        "stage": "Completed",
        "ea1": "NB50P90",
        "ea2": "Northern Region"
      }
    },
    {
      "attributes": {
        "owner": "DFA",
        "stage": "Completed",
        "ea1": "AS00144BH021031",
        "ea2": "Northern Region"
      }
    },
    {
      "attributes": {
        "owner": "DFA",
        "stage": "Completed",
        "ea1": "G52P68",
        "ea2": "Gauteng South"
      }
    },
    {
      "attributes": {
        "owner": "DFA",
        "stage": "Completed",
        "ea1": "G52P68",
        "ea2": "Gauteng South"
      }
    },
    {
      "attributes": {
        "owner": "DFA",
        "stage": "Completed",
        "ea1": "G52P68",
        "ea2": "Gauteng South"
      }
    },
    {
      "attributes": {
        "owner": "DFA",
        "stage": "Completed",
        "ea1": "G52P87",
        "ea2": "Gauteng South"
      }
    },
    {
      "attributes": {
        "owner": "DFA",
        "stage": "Completed",
        "ea1": "G52P87",
        "ea2": "Gauteng South"
      }
    },
    {
      "attributes": {
        "owner": "DFA",
        "stage": "Completed",
        "ea1": "G52P87",
        "ea2": "Gauteng South"
      }
    },
    {
      "attributes": {
        "owner": "DFA",
        "stage": "Completed",
        "ea1": "G52P87",
        "ea2": "Gauteng South"
      }
    },
    {
      "attributes": {
        "owner": "DFA",
        "stage": "Completed",
        "ea1": "G52P87",
        "ea2": "Gauteng South"
      }
    },
    {
      "attributes": {
        "owner": "DFA",
        "stage": "Completed",
        "ea1": "G52P87",
        "ea2": "Gauteng South"
      }
    },
    {
      "attributes": {
        "owner": "DFA",
        "stage": "Completed",
        "ea1": "G52P87",
        "ea2": "Gauteng South"
      }
    },
    {
      "attributes": {
        "owner": "DFA",
        "stage": "Completed",
        "ea1": "G52P87",
        "ea2": "Gauteng South"
      }
    },
    {
      "attributes": {
        "owner": "DFA",
        "stage": "Completed",
        "ea1": "G52P87",
        "ea2": "Gauteng South"
      }
    },
    {
      "attributes": {
        "owner": "DFA",
        "stage": "Completed",
        "ea1": "G52P87",
        "ea2": "Gauteng South"
      }
    },
    {
      "attributes": {
        "owner": "DFA",
        "stage": "Completed",
        "ea1": "G52P87",
        "ea2": "Gauteng South"
      }
    },
    {
      "attributes": {
        "owner": "DFA",
        "stage": "Completed",
        "ea1": "G52P87",
        "ea2": "Gauteng South"
      }
    },
    {
      "attributes": {
        "owner": "DFA",
        "stage": "Completed",
        "ea1": "G52P87",
        "ea2": "Gauteng South"
      }
    },
    {
      "attributes": {
        "owner": "DFA",
        "stage": "Completed",
        "ea1": "G52P87",
        "ea2": "Gauteng South"
      }
    },
    {
      "attributes": {
        "owner": "DFA",
        "stage": "Completed",
        "ea1": "G52P87",
        "ea2": "Gauteng South"
      }
    },
    {
      "attributes": {
        "owner": "DFA",
        "stage": "Completed",
        "ea1": "G52P87",
        "ea2": "Gauteng South"
      }
    },
    {
      "attributes": {
        "owner": "DFA",
        "stage": "Completed",
        "ea1": "G52P87",
        "ea2": "Gauteng South"
      }
    },
    {
      "attributes": {
        "owner": "DFA",
        "stage": "Completed",
        "ea1": "G52P87",
        "ea2": "Gauteng South"
      }
    },
    {
      "attributes": {
        "owner": "DFA",
        "stage": "Completed",
        "ea1": "G52P87",
        "ea2": "Gauteng South"
      }
    },
    {
      "attributes": {
        "owner": "DFA",
        "stage": "Construction",
        "ea1": "none",
        "ea2": "None"
      }
    },
    {
      "attributes": {
        "owner": "DFA",
        "stage": "Construction",
        "ea1": "none",
        "ea2": "None"
      }
    },
    {
      "attributes": {
        "owner": "DFA",
        "stage": "Construction",
        "ea1": "none",
        "ea2": "None"
      }
    },
    {
      "attributes": {
        "owner": "DFA",
        "stage": "Construction",
        "ea1": "none",
        "ea2": "None"
      }
    },
    {
      "attributes": {
        "owner": "DFA",
        "stage": "Completed",
        "ea1": "G52P90",
        "ea2": "Gauteng South"
      }
    },
    {
      "attributes": {
        "owner": "DFA",
        "stage": "Completed",
        "ea1": "G52P90",
        "ea2": "Gauteng South"
      }
    },
    {
      "attributes": {
        "owner": "DFA",
        "stage": "Completed",
        "ea1": "G50P29",
        "ea2": "Gauteng South"
      }
    },
    {
      "attributes": {
        "owner": "DFA",
        "stage": "Completed",
        "ea1": "G50P29",
        "ea2": "Gauteng South"
      }
    },
    {
      "attributes": {
        "owner": "DFA",
        "stage": "Completed",
        "ea1": "G50P29",
        "ea2": "Gauteng South"
      }
    },
    {
      "attributes": {
        "owner": "DFA",
        "stage": "Completed",
        "ea1": "G50P29",
        "ea2": "Gauteng South"
      }
    },
    {
      "attributes": {
        "owner": "DFA",
        "stage": "Completed",
        "ea1": "G50P29",
        "ea2": "Gauteng South"
      }
    },
    {
      "attributes": {
        "owner": "DFA",
        "stage": "Completed",
        "ea1": "G50P29",
        "ea2": "Gauteng South"
      }
    },
    {
      "attributes": {
        "owner": "DFA",
        "stage": "Completed",
        "ea1": "G50P29",
        "ea2": "Gauteng South"
      }
    },
    {
      "attributes": {
        "owner": "DFA",
        "stage": "Completed",
        "ea1": "G50P29",
        "ea2": "Gauteng South"
      }
    },
    {
      "attributes": {
        "owner": "DFA",
        "stage": "Completed",
        "ea1": "G50P29",
        "ea2": "Gauteng South"
      }
    },
    {
      "attributes": {
        "owner": "DFA",
        "stage": "Completed",
        "ea1": "G50P29",
        "ea2": "Gauteng South"
      }
    },
    {
      "attributes": {
        "owner": "DFA",
        "stage": "Completed",
        "ea1": "G50P29",
        "ea2": "Gauteng South"
      }
    },
    {
      "attributes": {
        "owner": "DFA",
        "stage": "Completed",
        "ea1": "G50P29",
        "ea2": "Gauteng South"
      }
    },
    {
      "attributes": {
        "owner": "DFA",
        "stage": "Completed",
        "ea1": "G50P29",
        "ea2": "Gauteng South"
      }
    },
    {
      "attributes": {
        "owner": "DFA",
        "stage": "Completed",
        "ea1": "G50P29",
        "ea2": "Gauteng South"
      }
    },
    {
      "attributes": {
        "owner": "DFA",
        "stage": "Completed",
        "ea1": "G50P29",
        "ea2": "Gauteng South"
      }
    },
    {
      "attributes": {
        "owner": "DFA",
        "stage": "Completed",
        "ea1": "G50P29",
        "ea2": "Gauteng South"
      }
    },
    {
      "attributes": {
        "owner": "DFA",
        "stage": "Completed",
        "ea1": "G50P29",
        "ea2": "Gauteng South"
      }
    },
    {
      "attributes": {
        "owner": "DFA",
        "stage": "Completed",
        "ea1": "G50P29",
        "ea2": "Gauteng South"
      }
    },
    {
      "attributes": {
        "owner": "DFA",
        "stage": "Completed",
        "ea1": "G50P29",
        "ea2": "Gauteng South"
      }
    },
    {
      "attributes": {
        "owner": "DFA",
        "stage": "Construction",
        "ea1": "none",
        "ea2": "None"
      }
    },
    {
      "attributes": {
        "owner": "DFA",
        "stage": "Completed",
        "ea1": "G50P29",
        "ea2": "Gauteng South"
      }
    },
    {
      "attributes": {
        "owner": "DFA",
        "stage": "Completed",
        "ea1": "G50P29",
        "ea2": "Gauteng South"
      }
    },
    {
      "attributes": {
        "owner": "DFA",
        "stage": "Completed",
        "ea1": "G50P29",
        "ea2": "Gauteng South"
      }
    },
    {
      "attributes": {
        "owner": "DFA",
        "stage": "Completed",
        "ea1": "G50P29",
        "ea2": "Gauteng South"
      }
    },
    {
      "attributes": {
        "owner": "DFA",
        "stage": "Completed",
        "ea1": "G50P29",
        "ea2": "Gauteng South"
      }
    },
    {
      "attributes": {
        "owner": "DFA",
        "stage": "Completed",
        "ea1": "G50P29",
        "ea2": "Gauteng South"
      }
    },
    {
      "attributes": {
        "owner": "DFA",
        "stage": "Completed",
        "ea1": "G50P29",
        "ea2": "Gauteng South"
      }
    },
    {
      "attributes": {
        "owner": "DFA",
        "stage": "Completed",
        "ea1": "G50P29",
        "ea2": "Gauteng South"
      }
    },
    {
      "attributes": {
        "owner": "DFA",
        "stage": "Completed",
        "ea1": "G50P29",
        "ea2": "Gauteng South"
      }
    },
    {
      "attributes": {
        "owner": "DFA",
        "stage": "Completed",
        "ea1": "G50P29",
        "ea2": "Gauteng South"
      }
    },
    {
      "attributes": {
        "owner": "DFA",
        "stage": "Completed",
        "ea1": "G50P29",
        "ea2": "Gauteng South"
      }
    },
    {
      "attributes": {
        "owner": "DFA",
        "stage": "Completed",
        "ea1": "G50P29",
        "ea2": "Gauteng South"
      }
    },
    {
      "attributes": {
        "owner": "DFA",
        "stage": "Completed",
        "ea1": "G50P29",
        "ea2": "Gauteng South"
      }
    },
    {
      "attributes": {
        "owner": "DFA",
        "stage": "Completed",
        "ea1": "G50P29",
        "ea2": "Gauteng South"
      }
    },
    {
      "attributes": {
        "owner": "DFA",
        "stage": "Completed",
        "ea1": "G50P29",
        "ea2": "Gauteng South"
      }
    },
    {
      "attributes": {
        "owner": "DFA",
        "stage": "Completed",
        "ea1": "G50P29",
        "ea2": "Gauteng South"
      }
    },
    {
      "attributes": {
        "owner": "DFA",
        "stage": "Completed",
        "ea1": "G50P29",
        "ea2": "Gauteng South"
      }
    },
    {
      "attributes": {
        "owner": "DFA",
        "stage": "Completed",
        "ea1": "G50P29",
        "ea2": "Gauteng South"
      }
    },
    {
      "attributes": {
        "owner": "DFA",
        "stage": "Completed",
        "ea1": "G50P29",
        "ea2": "Gauteng South"
      }
    },
    {
      "attributes": {
        "owner": "DFA",
        "stage": "Completed",
        "ea1": "G50P29",
        "ea2": "Gauteng South"
      }
    },
    {
      "attributes": {
        "owner": "DFA",
        "stage": "Completed",
        "ea1": "G50P29",
        "ea2": "Gauteng South"
      }
    },
    {
      "attributes": {
        "owner": "DFA",
        "stage": "Completed",
        "ea1": "G50P29",
        "ea2": "Gauteng South"
      }
    },
    {
      "attributes": {
        "owner": "DFA",
        "stage": "Completed",
        "ea1": "AS00735GH220001",
        "ea2": "Northern Region"
      }
    },
    {
      "attributes": {
        "owner": "DFA",
        "stage": "Completed",
        "ea1": "G53P75",
        "ea2": "Gauteng South"
      }
    },
    {
      "attributes": {
        "owner": "DFA",
        "stage": "Completed",
        "ea1": "G53P75",
        "ea2": "Gauteng South"
      }
    },
    {
      "attributes": {
        "owner": "DFA",
        "stage": "Completed",
        "ea1": "G53P75",
        "ea2": "Gauteng South"
      }
    },
    {
      "attributes": {
        "owner": "DFA",
        "stage": "Completed",
        "ea1": "G53P75",
        "ea2": "Gauteng South"
      }
    },
    {
      "attributes": {
        "owner": "DFA",
        "stage": "Completed",
        "ea1": "G53P75",
        "ea2": "Gauteng South"
      }
    },
    {
      "attributes": {
        "owner": "DFA",
        "stage": "Completed",
        "ea1": "K20P21",
        "ea2": "Kwa-Zulu Natal"
      }
    },
    {
      "attributes": {
        "owner": "DFA",
        "stage": "Completed",
        "ea1": "K20P21",
        "ea2": "Kwa-Zulu Natal"
      }
    },
    {
      "attributes": {
        "owner": "DFA",
        "stage": "Completed",
        "ea1": "K20P21",
        "ea2": "Kwa-Zulu Natal"
      }
    },
    {
      "attributes": {
        "owner": "DFA",
        "stage": "Completed",
        "ea1": "K20P21",
        "ea2": "Kwa-Zulu Natal"
      }
    },
    {
      "attributes": {
        "owner": "DFA",
        "stage": "Completed",
        "ea1": "K20P21",
        "ea2": "Kwa-Zulu Natal"
      }
    },
    {
      "attributes": {
        "owner": "DFA",
        "stage": "Completed",
        "ea1": "K20P21",
        "ea2": "Kwa-Zulu Natal"
      }
    },
    {
      "attributes": {
        "owner": "DFA",
        "stage": "Completed",
        "ea1": "AS03947WH280510B",
        "ea2": "Western Region"
      }
    },
    {
      "attributes": {
        "owner": "DFA",
        "stage": "Completed",
        "ea1": "K20P21",
        "ea2": "Kwa-Zulu Natal"
      }
    },
    {
      "attributes": {
        "owner": "DFA",
        "stage": "Construction",
        "ea1": "none",
        "ea2": "None"
      }
    },
    {
      "attributes": {
        "owner": "DFA",
        "stage": "Completed",
        "ea1": "AS00789GH301491A",
        "ea2": "Northern Region"
      }
    },
    {
      "attributes": {
        "owner": "DFA",
        "stage": "Completed",
        "ea1": "W50P19",
        "ea2": "Western Region"
      }
    },
    {
      "attributes": {
        "owner": "DFA",
        "stage": "Completed",
        "ea1": "W50P19",
        "ea2": "Western Region"
      }
    },
    {
      "attributes": {
        "owner": "DFA",
        "stage": "Completed",
        "ea1": "K50P40",
        "ea2": "Kwa-Zulu Natal"
      }
    },
    {
      "attributes": {
        "owner": "DFA",
        "stage": "Completed",
        "ea1": "K50P40",
        "ea2": "Kwa-Zulu Natal"
      }
    },
    {
      "attributes": {
        "owner": "DFA",
        "stage": "Completed",
        "ea1": "W51P07",
        "ea2": "Western Region"
      }
    },
    {
      "attributes": {
        "owner": "DFA",
        "stage": "Completed",
        "ea1": "W51P07",
        "ea2": "Western Region"
      }
    },
    {
      "attributes": {
        "owner": "DFA",
        "stage": "Completed",
        "ea1": "W51P07",
        "ea2": "Western Region"
      }
    },
    {
      "attributes": {
        "owner": "DFA",
        "stage": "Completed",
        "ea1": "W51P07",
        "ea2": "Western Region"
      }
    },
    {
      "attributes": {
        "owner": "DFA",
        "stage": "Completed",
        "ea1": "W51P07",
        "ea2": "Western Region"
      }
    },
    {
      "attributes": {
        "owner": "DFA",
        "stage": "Completed",
        "ea1": "W51P07",
        "ea2": "Western Region"
      }
    },
    {
      "attributes": {
        "owner": "DFA",
        "stage": "Completed",
        "ea1": "W51P07",
        "ea2": "Western Region"
      }
    },
    {
      "attributes": {
        "owner": "DFA",
        "stage": "Completed",
        "ea1": "W51P07",
        "ea2": "Western Region"
      }
    },
    {
      "attributes": {
        "owner": "DFA",
        "stage": "Construction",
        "ea1": "Greenway Drive Entry 1",
        "ea2": "Gauteng South"
      }
    },
    {
      "attributes": {
        "owner": "DFA",
        "stage": "Completed",
        "ea1": "G52P75",
        "ea2": "Gauteng South"
      }
    },
    {
      "attributes": {
        "owner": "DFA",
        "stage": "Completed",
        "ea1": "G52P75",
        "ea2": "Gauteng South"
      }
    },
    {
      "attributes": {
        "owner": "DFA",
        "stage": "Completed",
        "ea1": "G52P75",
        "ea2": "Gauteng South"
      }
    },
    {
      "attributes": {
        "owner": "DFA",
        "stage": "Completed",
        "ea1": "G52P75",
        "ea2": "Gauteng South"
      }
    },
    {
      "attributes": {
        "owner": "DFA",
        "stage": "Completed",
        "ea1": "G52P75",
        "ea2": "Gauteng South"
      }
    },
    {
      "attributes": {
        "owner": "DFA",
        "stage": "Completed",
        "ea1": "G52P75",
        "ea2": "Gauteng South"
      }
    },
    {
      "attributes": {
        "owner": "DFA",
        "stage": "Completed",
        "ea1": "G52P75",
        "ea2": "Gauteng South"
      }
    },
    {
      "attributes": {
        "owner": "DFA",
        "stage": "Completed",
        "ea1": "G52P75",
        "ea2": "Gauteng South"
      }
    },
    {
      "attributes": {
        "owner": "DFA",
        "stage": "Completed",
        "ea1": "G52P75",
        "ea2": "Gauteng South"
      }
    },
    {
      "attributes": {
        "owner": "DFA",
        "stage": "Completed",
        "ea1": "G52P75",
        "ea2": "Gauteng South"
      }
    },
    {
      "attributes": {
        "owner": "DFA",
        "stage": "Completed",
        "ea1": "G52P75",
        "ea2": "Gauteng South"
      }
    },
    {
      "attributes": {
        "owner": "DFA",
        "stage": "Completed",
        "ea1": "G52P75",
        "ea2": "Gauteng South"
      }
    },
    {
      "attributes": {
        "owner": "DFA",
        "stage": "Completed",
        "ea1": "G52P75",
        "ea2": "Gauteng South"
      }
    },
    {
      "attributes": {
        "owner": "DFA",
        "stage": "Completed",
        "ea1": "G52P75",
        "ea2": "Gauteng South"
      }
    },
    {
      "attributes": {
        "owner": "DFA",
        "stage": "Completed",
        "ea1": "G52P75",
        "ea2": "Gauteng South"
      }
    },
    {
      "attributes": {
        "owner": "DFA",
        "stage": "Completed",
        "ea1": "G52P75",
        "ea2": "Gauteng South"
      }
    },
    {
      "attributes": {
        "owner": "DFA",
        "stage": "Completed",
        "ea1": "G52P75",
        "ea2": "Gauteng South"
      }
    },
    {
      "attributes": {
        "owner": "DFA",
        "stage": "Completed",
        "ea1": "G52P75",
        "ea2": "Gauteng South"
      }
    },
    {
      "attributes": {
        "owner": "DFA",
        "stage": "Completed",
        "ea1": "G52P75",
        "ea2": "Gauteng South"
      }
    },
    {
      "attributes": {
        "owner": "DFA",
        "stage": "Completed",
        "ea1": "G52P75",
        "ea2": "Gauteng South"
      }
    },
    {
      "attributes": {
        "owner": "DFA",
        "stage": "Completed",
        "ea1": "G52P75",
        "ea2": "Gauteng South"
      }
    },
    {
      "attributes": {
        "owner": "DFA",
        "stage": "Completed",
        "ea1": "W50P23",
        "ea2": "Western Region"
      }
    },
    {
      "attributes": {
        "owner": "DFA",
        "stage": "Completed",
        "ea1": "G52P75",
        "ea2": "Gauteng South"
      }
    },
    {
      "attributes": {
        "owner": "DFA",
        "stage": "Completed",
        "ea1": "G52P75",
        "ea2": "Gauteng South"
      }
    },
    {
      "attributes": {
        "owner": "DFA",
        "stage": "Construction",
        "ea1": "G52P75",
        "ea2": "Gauteng South"
      }
    },
    {
      "attributes": {
        "owner": "DFA",
        "stage": "Completed",
        "ea1": "G52P75",
        "ea2": "Gauteng South"
      }
    },
    {
      "attributes": {
        "owner": "DFA",
        "stage": "Completed",
        "ea1": "G52P75",
        "ea2": "Gauteng South"
      }
    },
    {
      "attributes": {
        "owner": "DFA",
        "stage": "Completed",
        "ea1": "G52P75",
        "ea2": "Gauteng South"
      }
    },
    {
      "attributes": {
        "owner": "DFA",
        "stage": "Completed",
        "ea1": "G52P75",
        "ea2": "Gauteng South"
      }
    },
    {
      "attributes": {
        "owner": "DFA",
        "stage": "Completed",
        "ea1": "G52P75",
        "ea2": "Gauteng South"
      }
    },
    {
      "attributes": {
        "owner": "DFA",
        "stage": "Completed",
        "ea1": "G52P75",
        "ea2": "Gauteng South"
      }
    },
    {
      "attributes": {
        "owner": "DFA",
        "stage": "Completed",
        "ea1": "none",
        "ea2": "Western Region"
      }
    },
    {
      "attributes": {
        "owner": "DFA",
        "stage": "Construction",
        "ea1": "ECN Telekoms Entry 2",
        "ea2": "Eastern Region"
      }
    },
    {
      "attributes": {
        "owner": "DFA",
        "stage": "Completed",
        "ea1": "AS00573GH000223",
        "ea2": "Eastern Region"
      }
    },
    {
      "attributes": {
        "owner": "DFA",
        "stage": "Completed",
        "ea1": "Greenside East Entry 1",
        "ea2": "Gauteng South"
      }
    },
    {
      "attributes": {
        "owner": "DFA",
        "stage": "Construction",
        "ea1": "Hyde Park Entry 1",
        "ea2": "Gauteng South"
      }
    },
    {
      "attributes": {
        "owner": "DFA",
        "stage": "Construction",
        "ea1": "Southern Sun Hyde Park Ent 1",
        "ea2": "Gauteng South"
      }
    },
    {
      "attributes": {
        "owner": "DFA",
        "stage": "Construction",
        "ea1": "E_Rosebank_02A ENT 02",
        "ea2": "Eastern Region"
      }
    },
    {
      "attributes": {
        "owner": "DFA",
        "stage": "Completed",
        "ea1": "W51P08",
        "ea2": "Western Region"
      }
    },
    {
      "attributes": {
        "owner": "DFA",
        "stage": "Completed",
        "ea1": "W51P08",
        "ea2": "Western Region"
      }
    },
    {
      "attributes": {
        "owner": "DFA",
        "stage": "Completed",
        "ea1": "W51P17",
        "ea2": "Western Region"
      }
    },
    {
      "attributes": {
        "owner": "DFA",
        "stage": "Completed",
        "ea1": "W51P17",
        "ea2": "Western Region"
      }
    },
    {
      "attributes": {
        "owner": "DFA",
        "stage": "Completed",
        "ea1": "W50P18",
        "ea2": "Western Region"
      }
    },
    {
      "attributes": {
        "owner": "DFA",
        "stage": "Completed",
        "ea1": "W50P18",
        "ea2": "Western Region"
      }
    },
    {
      "attributes": {
        "owner": "DFA",
        "stage": "Completed",
        "ea1": "W50P18",
        "ea2": "Western Region"
      }
    },
    {
      "attributes": {
        "owner": "DFA",
        "stage": "Completed",
        "ea1": "W50P18",
        "ea2": "Western Region"
      }
    },
    {
      "attributes": {
        "owner": "DFA",
        "stage": "Completed",
        "ea1": "W50P18",
        "ea2": "Western Region"
      }
    },
    {
      "attributes": {
        "owner": "DFA",
        "stage": "Completed",
        "ea1": "W50P18",
        "ea2": "Western Region"
      }
    },
    {
      "attributes": {
        "owner": "DFA",
        "stage": "Completed",
        "ea1": "W50P18",
        "ea2": "Western Region"
      }
    },
    {
      "attributes": {
        "owner": "DFA",
        "stage": "Completed",
        "ea1": "W50P18",
        "ea2": "Western Region"
      }
    },
    {
      "attributes": {
        "owner": "DFA",
        "stage": "Completed",
        "ea1": "W50P18",
        "ea2": "Western Region"
      }
    },
    {
      "attributes": {
        "owner": "DFA",
        "stage": "Completed",
        "ea1": "W50P18",
        "ea2": "Western Region"
      }
    },
    {
      "attributes": {
        "owner": "DFA",
        "stage": "Completed",
        "ea1": "W50P18",
        "ea2": "Western Region"
      }
    },
    {
      "attributes": {
        "owner": "DFA",
        "stage": "Completed",
        "ea1": "W50P18",
        "ea2": "Western Region"
      }
    },
    {
      "attributes": {
        "owner": "DFA",
        "stage": "Completed",
        "ea1": "W50P18",
        "ea2": "Western Region"
      }
    },
    {
      "attributes": {
        "owner": "DFA",
        "stage": "Completed",
        "ea1": "W50P18",
        "ea2": "Western Region"
      }
    },
    {
      "attributes": {
        "owner": "DFA",
        "stage": "Completed",
        "ea1": "W50P18",
        "ea2": "Western Region"
      }
    },
    {
      "attributes": {
        "owner": "DFA",
        "stage": "Completed",
        "ea1": "W50P18",
        "ea2": "Western Region"
      }
    },
    {
      "attributes": {
        "owner": "DFA",
        "stage": "Completed",
        "ea1": "G52P10",
        "ea2": "Gauteng South"
      }
    },
    {
      "attributes": {
        "owner": "DFA",
        "stage": "Completed",
        "ea1": "G20P18",
        "ea2": "Gauteng South"
      }
    },
    {
      "attributes": {
        "owner": "DFA",
        "stage": "Completed",
        "ea1": "G52P10",
        "ea2": "Gauteng South"
      }
    },
    {
      "attributes": {
        "owner": "DFA",
        "stage": "Completed",
        "ea1": "G52P10",
        "ea2": "Gauteng South"
      }
    },
    {
      "attributes": {
        "owner": "DFA",
        "stage": "Completed",
        "ea1": "G52P10",
        "ea2": "Gauteng South"
      }
    },
    {
      "attributes": {
        "owner": "DFA",
        "stage": "Completed",
        "ea1": "G52P10",
        "ea2": "Gauteng South"
      }
    },
    {
      "attributes": {
        "owner": "DFA",
        "stage": "Completed",
        "ea1": "w",
        "ea2": "Gauteng South"
      }
    },
    {
      "attributes": {
        "owner": "DFA",
        "stage": "Completed",
        "ea1": "G52P10",
        "ea2": "Gauteng South"
      }
    },
    {
      "attributes": {
        "owner": "DFA",
        "stage": "Completed",
        "ea1": "w",
        "ea2": "Gauteng South"
      }
    },
    {
      "attributes": {
        "owner": "DFA",
        "stage": "Completed",
        "ea1": "G52P10",
        "ea2": "Gauteng South"
      }
    },
    {
      "attributes": {
        "owner": "DFA",
        "stage": "Completed",
        "ea1": "G52P10",
        "ea2": "Gauteng South"
      }
    },
    {
      "attributes": {
        "owner": "DFA",
        "stage": "Completed",
        "ea1": "w",
        "ea2": "Gauteng South"
      }
    },
    {
      "attributes": {
        "owner": "DFA",
        "stage": "Completed",
        "ea1": "G52P10",
        "ea2": "Gauteng South"
      }
    },
    {
      "attributes": {
        "owner": "DFA",
        "stage": "Completed",
        "ea1": "w",
        "ea2": "Gauteng South"
      }
    },
    {
      "attributes": {
        "owner": "DFA",
        "stage": "Completed",
        "ea1": "VS02314GH000632",
        "ea2": "None"
      }
    },
    {
      "attributes": {
        "owner": "DFA",
        "stage": "Construction",
        "ea1": "w",
        "ea2": "Gauteng South"
      }
    },
    {
      "attributes": {
        "owner": "DFA",
        "stage": "Completed",
        "ea1": "W50P67",
        "ea2": "Western Region"
      }
    },
    {
      "attributes": {
        "owner": "DFA",
        "stage": "Completed",
        "ea1": "W20P30",
        "ea2": "Western Region"
      }
    },
    {
      "attributes": {
        "owner": "DFA",
        "stage": "Completed",
        "ea1": "W20P16",
        "ea2": "Western Region"
      }
    },
    {
      "attributes": {
        "owner": "DFA",
        "stage": "Completed",
        "ea1": "W20P16",
        "ea2": "Western Region"
      }
    },
    {
      "attributes": {
        "owner": "DFA",
        "stage": "Completed",
        "ea1": "G52P53",
        "ea2": "Gauteng South"
      }
    },
    {
      "attributes": {
        "owner": "DFA",
        "stage": "Completed",
        "ea1": "G52P53",
        "ea2": "Gauteng South"
      }
    },
    {
      "attributes": {
        "owner": "DFA",
        "stage": "Completed",
        "ea1": "G52P53",
        "ea2": "Gauteng South"
      }
    },
    {
      "attributes": {
        "owner": "DFA",
        "stage": "Completed",
        "ea1": "AS01215GH001823",
        "ea2": "Gauteng South"
      }
    },
    {
      "attributes": {
        "owner": "DFA",
        "stage": "Completed",
        "ea1": "K50P93",
        "ea2": "Kwa-Zulu Natal"
      }
    },
    {
      "attributes": {
        "owner": "DFA",
        "stage": "Completed",
        "ea1": "G51P19",
        "ea2": "Gauteng South"
      }
    },
    {
      "attributes": {
        "owner": "DFA",
        "stage": "Completed",
        "ea1": "G51P19",
        "ea2": "Gauteng South"
      }
    },
    {
      "attributes": {
        "owner": "DFA",
        "stage": "Completed",
        "ea1": "G51P19",
        "ea2": "Gauteng South"
      }
    },
    {
      "attributes": {
        "owner": "DFA",
        "stage": "Completed",
        "ea1": "G51P19",
        "ea2": "Gauteng South"
      }
    },
    {
      "attributes": {
        "owner": "DFA",
        "stage": "Completed",
        "ea1": "G51P19",
        "ea2": "Gauteng South"
      }
    },
    {
      "attributes": {
        "owner": "DFA",
        "stage": "Completed",
        "ea1": "G51P19",
        "ea2": "Gauteng South"
      }
    },
    {
      "attributes": {
        "owner": "DFA",
        "stage": "Completed",
        "ea1": "G51P19",
        "ea2": "Gauteng South"
      }
    },
    {
      "attributes": {
        "owner": "DFA",
        "stage": "Completed",
        "ea1": "G51P19",
        "ea2": "Gauteng South"
      }
    },
    {
      "attributes": {
        "owner": "DFA",
        "stage": "Completed",
        "ea1": "W50P89",
        "ea2": "Western Region"
      }
    },
    {
      "attributes": {
        "owner": "DFA",
        "stage": "Completed",
        "ea1": "G51P19",
        "ea2": "Gauteng South"
      }
    },
    {
      "attributes": {
        "owner": "DFA",
        "stage": "Completed",
        "ea1": "G51P19",
        "ea2": "Gauteng South"
      }
    },
    {
      "attributes": {
        "owner": "DFA",
        "stage": "Completed",
        "ea1": "G51P19",
        "ea2": "Gauteng South"
      }
    },
    {
      "attributes": {
        "owner": "DFA",
        "stage": "Completed",
        "ea1": "G51P19",
        "ea2": "Gauteng South"
      }
    },
    {
      "attributes": {
        "owner": "DFA",
        "stage": "Completed",
        "ea1": "G51P19",
        "ea2": "Gauteng South"
      }
    },
    {
      "attributes": {
        "owner": "DFA",
        "stage": "Completed",
        "ea1": "W50P89",
        "ea2": "Western Region"
      }
    },
    {
      "attributes": {
        "owner": "DFA",
        "stage": "Completed",
        "ea1": "W50P89",
        "ea2": "Western Region"
      }
    },
    {
      "attributes": {
        "owner": "DFA",
        "stage": "Completed",
        "ea1": "W50P89",
        "ea2": "Western Region"
      }
    },
    {
      "attributes": {
        "owner": "DFA",
        "stage": "Completed",
        "ea1": "W50P89",
        "ea2": "Western Region"
      }
    },
    {
      "attributes": {
        "owner": "DFA",
        "stage": "Completed",
        "ea1": "W50P89",
        "ea2": "Western Region"
      }
    },
    {
      "attributes": {
        "owner": "DFA",
        "stage": "Construction",
        "ea1": "w",
        "ea2": "None"
      }
    },
    {
      "attributes": {
        "owner": "DFA",
        "stage": "Completed",
        "ea1": "W50P89",
        "ea2": "Western Region"
      }
    },
    {
      "attributes": {
        "owner": "DFA",
        "stage": "Completed",
        "ea1": "W50P89",
        "ea2": "Western Region"
      }
    },
    {
      "attributes": {
        "owner": "DFA",
        "stage": "Completed",
        "ea1": "W50P89",
        "ea2": "Western Region"
      }
    },
    {
      "attributes": {
        "owner": "DFA",
        "stage": "Completed",
        "ea1": "W50P89",
        "ea2": "Western Region"
      }
    },
    {
      "attributes": {
        "owner": "DFA",
        "stage": "Completed",
        "ea1": "W50P89",
        "ea2": "Western Region"
      }
    },
    {
      "attributes": {
        "owner": "DFA",
        "stage": "Construction",
        "ea1": "w",
        "ea2": "None"
      }
    },
    {
      "attributes": {
        "owner": "DFA",
        "stage": "Completed",
        "ea1": "W50P89",
        "ea2": "Western Region"
      }
    },
    {
      "attributes": {
        "owner": "DFA",
        "stage": "Completed",
        "ea1": "W50P89",
        "ea2": "Western Region"
      }
    },
    {
      "attributes": {
        "owner": "DFA",
        "stage": "Completed",
        "ea1": "W50P89",
        "ea2": "Western Region"
      }
    },
    {
      "attributes": {
        "owner": "DFA",
        "stage": "Construction",
        "ea1": "w",
        "ea2": "None"
      }
    },
    {
      "attributes": {
        "owner": "DFA",
        "stage": "Completed",
        "ea1": "W50P89",
        "ea2": "Western Region"
      }
    },
    {
      "attributes": {
        "owner": "DFA",
        "stage": "Completed",
        "ea1": "W50P89",
        "ea2": "Western Region"
      }
    },
    {
      "attributes": {
        "owner": "DFA",
        "stage": "Construction",
        "ea1": "w",
        "ea2": "None"
      }
    },
    {
      "attributes": {
        "owner": "DFA",
        "stage": "Completed",
        "ea1": "W50P89",
        "ea2": "Western Region"
      }
    },
    {
      "attributes": {
        "owner": "DFA",
        "stage": "Completed",
        "ea1": "W50P89",
        "ea2": "Western Region"
      }
    },
    {
      "attributes": {
        "owner": "DFA",
        "stage": "Construction",
        "ea1": "w",
        "ea2": "None"
      }
    },
    {
      "attributes": {
        "owner": "DFA",
        "stage": "Completed",
        "ea1": "W50P89",
        "ea2": "Western Region"
      }
    },
    {
      "attributes": {
        "owner": "DFA",
        "stage": "Completed",
        "ea1": "W50P89",
        "ea2": "Western Region"
      }
    },
    {
      "attributes": {
        "owner": "DFA",
        "stage": "Completed",
        "ea1": "W50P89",
        "ea2": "Western Region"
      }
    },
    {
      "attributes": {
        "owner": "DFA",
        "stage": "Construction",
        "ea1": "w",
        "ea2": "None"
      }
    },
    {
      "attributes": {
        "owner": "DFA",
        "stage": "Completed",
        "ea1": "G52P91",
        "ea2": "Gauteng South"
      }
    },
    {
      "attributes": {
        "owner": "DFA",
        "stage": "Completed",
        "ea1": "AS13084GA340762",
        "ea2": "Gauteng South"
      }
    },
    {
      "attributes": {
        "owner": "DFA",
        "stage": "Completed",
        "ea1": "G52P91",
        "ea2": "Gauteng South"
      }
    },
    {
      "attributes": {
        "owner": "DFA",
        "stage": "Completed",
        "ea1": "G52P91",
        "ea2": "Gauteng South"
      }
    },
    {
      "attributes": {
        "owner": "DFA",
        "stage": "Completed",
        "ea1": "G52P91",
        "ea2": "Gauteng South"
      }
    },
    {
      "attributes": {
        "owner": "DFA",
        "stage": "Completed",
        "ea1": "G52P91",
        "ea2": "Gauteng South"
      }
    },
    {
      "attributes": {
        "owner": "DFA",
        "stage": "Completed",
        "ea1": "G50P65",
        "ea2": "Gauteng South"
      }
    },
    {
      "attributes": {
        "owner": "DFA",
        "stage": "Completed",
        "ea1": "G50P65",
        "ea2": "Gauteng South"
      }
    },
    {
      "attributes": {
        "owner": "DFA",
        "stage": "Completed",
        "ea1": "G50P65",
        "ea2": "Gauteng South"
      }
    },
    {
      "attributes": {
        "owner": "DFA",
        "stage": "Completed",
        "ea1": "VS04577NB260586",
        "ea2": "Northern Region"
      }
    },
    {
      "attributes": {
        "owner": "DFA",
        "stage": "Completed",
        "ea1": "G52P22",
        "ea2": "Gauteng South"
      }
    },
    {
      "attributes": {
        "owner": "DFA",
        "stage": "Completed",
        "ea1": "G52P22",
        "ea2": "Gauteng South"
      }
    },
    {
      "attributes": {
        "owner": "DFA",
        "stage": "Completed",
        "ea1": "G52P22",
        "ea2": "Gauteng South"
      }
    },
    {
      "attributes": {
        "owner": "DFA",
        "stage": "Completed",
        "ea1": "G52P22",
        "ea2": "Gauteng South"
      }
    },
    {
      "attributes": {
        "owner": "DFA",
        "stage": "Completed",
        "ea1": "G52P22",
        "ea2": "Gauteng South"
      }
    },
    {
      "attributes": {
        "owner": "DFA",
        "stage": "Completed",
        "ea1": "G52P22",
        "ea2": "Gauteng South"
      }
    },
    {
      "attributes": {
        "owner": "DFA",
        "stage": "Completed",
        "ea1": "G52P22",
        "ea2": "Gauteng South"
      }
    },
    {
      "attributes": {
        "owner": "DFA",
        "stage": "Completed",
        "ea1": "G52P22",
        "ea2": "Gauteng South"
      }
    },
    {
      "attributes": {
        "owner": "DFA",
        "stage": "Completed",
        "ea1": "G52P22",
        "ea2": "Gauteng South"
      }
    },
    {
      "attributes": {
        "owner": "DFA",
        "stage": "Completed",
        "ea1": "G52P22",
        "ea2": "Gauteng South"
      }
    },
    {
      "attributes": {
        "owner": "DFA",
        "stage": "Completed",
        "ea1": "G52P22",
        "ea2": "Gauteng South"
      }
    },
    {
      "attributes": {
        "owner": "DFA",
        "stage": "Completed",
        "ea1": "G52P22",
        "ea2": "Gauteng South"
      }
    },
    {
      "attributes": {
        "owner": "DFA",
        "stage": "Completed",
        "ea1": "G52P22",
        "ea2": "Gauteng South"
      }
    },
    {
      "attributes": {
        "owner": "DFA",
        "stage": "Completed",
        "ea1": "G52P22",
        "ea2": "Gauteng South"
      }
    },
    {
      "attributes": {
        "owner": "DFA",
        "stage": "Completed",
        "ea1": "G52P22",
        "ea2": "Gauteng South"
      }
    },
    {
      "attributes": {
        "owner": "DFA",
        "stage": "Completed",
        "ea1": "G52P22",
        "ea2": "Gauteng South"
      }
    },
    {
      "attributes": {
        "owner": "DFA",
        "stage": "Completed",
        "ea1": "G52P22",
        "ea2": "Gauteng South"
      }
    },
    {
      "attributes": {
        "owner": "DFA",
        "stage": "Completed",
        "ea1": "G52P22",
        "ea2": "Gauteng South"
      }
    },
    {
      "attributes": {
        "owner": "DFA",
        "stage": "Completed",
        "ea1": "G52P22",
        "ea2": "Gauteng South"
      }
    },
    {
      "attributes": {
        "owner": "DFA",
        "stage": "Construction",
        "ea1": "VS04589NB020708",
        "ea2": "None"
      }
    },
    {
      "attributes": {
        "owner": "DFA",
        "stage": "Completed",
        "ea1": "G52P22",
        "ea2": "Gauteng South"
      }
    },
    {
      "attributes": {
        "owner": "DFA",
        "stage": "Completed",
        "ea1": "G52P22",
        "ea2": "Gauteng South"
      }
    },
    {
      "attributes": {
        "owner": "DFA",
        "stage": "Completed",
        "ea1": "G52P22",
        "ea2": "Gauteng South"
      }
    },
    {
      "attributes": {
        "owner": "DFA",
        "stage": "Completed",
        "ea1": "G52P22",
        "ea2": "Gauteng South"
      }
    },
    {
      "attributes": {
        "owner": "DFA",
        "stage": "Completed",
        "ea1": "G52P22",
        "ea2": "Gauteng South"
      }
    },
    {
      "attributes": {
        "owner": "DFA",
        "stage": "Completed",
        "ea1": "G52P22",
        "ea2": "Gauteng South"
      }
    },
    {
      "attributes": {
        "owner": "DFA",
        "stage": "Completed",
        "ea1": "G52P22",
        "ea2": "Gauteng South"
      }
    },
    {
      "attributes": {
        "owner": "DFA",
        "stage": "Completed",
        "ea1": "G52P22",
        "ea2": "Gauteng South"
      }
    },
    {
      "attributes": {
        "owner": "DFA",
        "stage": "Completed",
        "ea1": "W50P16",
        "ea2": "Western Region"
      }
    },
    {
      "attributes": {
        "owner": "DFA",
        "stage": "Completed",
        "ea1": "G52P22",
        "ea2": "Gauteng South"
      }
    },
    {
      "attributes": {
        "owner": "DFA",
        "stage": "Construction",
        "ea1": "VS04623NB002551",
        "ea2": "None"
      }
    },
    {
      "attributes": {
        "owner": "DFA",
        "stage": "Completed",
        "ea1": "W50P16",
        "ea2": "Western Region"
      }
    },
    {
      "attributes": {
        "owner": "DFA",
        "stage": "Completed",
        "ea1": "G52P22",
        "ea2": "Gauteng South"
      }
    },
    {
      "attributes": {
        "owner": "DFA",
        "stage": "Completed",
        "ea1": "G52P22",
        "ea2": "Gauteng South"
      }
    },
    {
      "attributes": {
        "owner": "DFA",
        "stage": "Completed",
        "ea1": "G52P22",
        "ea2": "Gauteng South"
      }
    },
    {
      "attributes": {
        "owner": "DFA",
        "stage": "Completed",
        "ea1": "W50P16",
        "ea2": "Western Region"
      }
    },
    {
      "attributes": {
        "owner": "DFA",
        "stage": "Completed",
        "ea1": "W50P16",
        "ea2": "Western Region"
      }
    },
    {
      "attributes": {
        "owner": "DFA",
        "stage": "Completed",
        "ea1": "W50P16",
        "ea2": "Western Region"
      }
    },
    {
      "attributes": {
        "owner": "DFA",
        "stage": "Completed",
        "ea1": "W50P16",
        "ea2": "Western Region"
      }
    },
    {
      "attributes": {
        "owner": "DFA",
        "stage": "Completed",
        "ea1": "W50P16",
        "ea2": "Western Region"
      }
    },
    {
      "attributes": {
        "owner": "DFA",
        "stage": "Construction",
        "ea1": "W50P16",
        "ea2": "Western Region"
      }
    },
    {
      "attributes": {
        "owner": "DFA",
        "stage": "Completed",
        "ea1": "W50P16",
        "ea2": "Western Region"
      }
    },
    {
      "attributes": {
        "owner": "DFA",
        "stage": "Completed",
        "ea1": "W50P16",
        "ea2": "Western Region"
      }
    },
    {
      "attributes": {
        "owner": "DFA",
        "stage": "Completed",
        "ea1": "W50P16",
        "ea2": "Western Region"
      }
    },
    {
      "attributes": {
        "owner": "DFA",
        "stage": "Completed",
        "ea1": "W50P16",
        "ea2": "Western Region"
      }
    },
    {
      "attributes": {
        "owner": "DFA",
        "stage": "Completed",
        "ea1": "W50P16",
        "ea2": "Western Region"
      }
    },
    {
      "attributes": {
        "owner": "DFA",
        "stage": "Completed",
        "ea1": "W50P16",
        "ea2": "Western Region"
      }
    },
    {
      "attributes": {
        "owner": "DFA",
        "stage": "Completed",
        "ea1": "W50P16",
        "ea2": "Western Region"
      }
    },
    {
      "attributes": {
        "owner": "DFA",
        "stage": "Completed",
        "ea1": "W50P16",
        "ea2": "Western Region"
      }
    },
    {
      "attributes": {
        "owner": "DFA",
        "stage": "Completed",
        "ea1": "W50P16",
        "ea2": "Western Region"
      }
    },
    {
      "attributes": {
        "owner": "DFA",
        "stage": "Completed",
        "ea1": "W50P16",
        "ea2": "Western Region"
      }
    },
    {
      "attributes": {
        "owner": "DFA",
        "stage": "Completed",
        "ea1": "W50P16",
        "ea2": "Western Region"
      }
    },
    {
      "attributes": {
        "owner": "DFA",
        "stage": "Completed",
        "ea1": "W50P16",
        "ea2": "Western Region"
      }
    },
    {
      "attributes": {
        "owner": "DFA",
        "stage": "Completed",
        "ea1": "W50P16",
        "ea2": "Western Region"
      }
    },
    {
      "attributes": {
        "owner": "DFA",
        "stage": "Completed",
        "ea1": "W50P16",
        "ea2": "Western Region"
      }
    },
    {
      "attributes": {
        "owner": "DFA",
        "stage": "Completed",
        "ea1": "G52P46",
        "ea2": "Gauteng South"
      }
    },
    {
      "attributes": {
        "owner": "DFA",
        "stage": "Completed",
        "ea1": "W20P30",
        "ea2": "Western Region"
      }
    },
    {
      "attributes": {
        "owner": "DFA",
        "stage": "Completed",
        "ea1": "W20P30",
        "ea2": "Western Region"
      }
    },
    {
      "attributes": {
        "owner": "DFA",
        "stage": "Completed",
        "ea1": "W20P30",
        "ea2": "Western Region"
      }
    },
    {
      "attributes": {
        "owner": "DFA",
        "stage": "Completed",
        "ea1": "W20P30",
        "ea2": "Western Region"
      }
    },
    {
      "attributes": {
        "owner": "DFA",
        "stage": "Completed",
        "ea1": "W20P30",
        "ea2": "Western Region"
      }
    },
    {
      "attributes": {
        "owner": "DFA",
        "stage": "Completed",
        "ea1": "W20P30",
        "ea2": "Western Region"
      }
    },
    {
      "attributes": {
        "owner": "DFA",
        "stage": "Completed",
        "ea1": "W20P30",
        "ea2": "Western Region"
      }
    },
    {
      "attributes": {
        "owner": "DFA",
        "stage": "Completed",
        "ea1": "G30P38",
        "ea2": "Gauteng South"
      }
    },
    {
      "attributes": {
        "owner": "DFA",
        "stage": "Completed",
        "ea1": "G02P02",
        "ea2": "Gauteng South"
      }
    },
    {
      "attributes": {
        "owner": "DFA",
        "stage": "Completed",
        "ea1": "W20P30",
        "ea2": "Western Region"
      }
    },
    {
      "attributes": {
        "owner": "DFA",
        "stage": "Completed",
        "ea1": "G30P38",
        "ea2": "Gauteng South"
      }
    },
    {
      "attributes": {
        "owner": "DFA",
        "stage": "Completed",
        "ea1": "G30P38",
        "ea2": "Gauteng South"
      }
    },
    {
      "attributes": {
        "owner": "DFA",
        "stage": "Completed",
        "ea1": "G30P38",
        "ea2": "Gauteng South"
      }
    },
    {
      "attributes": {
        "owner": "DFA",
        "stage": "Completed",
        "ea1": "W50P16",
        "ea2": "Western Region"
      }
    },
    {
      "attributes": {
        "owner": "DFA",
        "stage": "Completed",
        "ea1": "W50P16",
        "ea2": "Western Region"
      }
    },
    {
      "attributes": {
        "owner": "DFA",
        "stage": "Completed",
        "ea1": "W50P16",
        "ea2": "Western Region"
      }
    },
    {
      "attributes": {
        "owner": "DFA",
        "stage": "Completed",
        "ea1": "W50P16",
        "ea2": "Western Region"
      }
    },
    {
      "attributes": {
        "owner": "DFA",
        "stage": "Completed",
        "ea1": "W50P16",
        "ea2": "Western Region"
      }
    },
    {
      "attributes": {
        "owner": "DFA",
        "stage": "Completed",
        "ea1": "W50P16",
        "ea2": "Western Region"
      }
    },
    {
      "attributes": {
        "owner": "DFA",
        "stage": "Completed",
        "ea1": "W50P16",
        "ea2": "Western Region"
      }
    },
    {
      "attributes": {
        "owner": "DFA",
        "stage": "Construction",
        "ea1": "none",
        "ea2": "None"
      }
    },
    {
      "attributes": {
        "owner": "DFA",
        "stage": "Completed",
        "ea1": "W50P16",
        "ea2": "Western Region"
      }
    },
    {
      "attributes": {
        "owner": "DFA",
        "stage": "Completed",
        "ea1": "W50P16",
        "ea2": "Western Region"
      }
    },
    {
      "attributes": {
        "owner": "DFA",
        "stage": "Completed",
        "ea1": "W50P16",
        "ea2": "Western Region"
      }
    },
    {
      "attributes": {
        "owner": "DFA",
        "stage": "Construction",
        "ea1": "none",
        "ea2": "None"
      }
    },
    {
      "attributes": {
        "owner": "DFA",
        "stage": "Completed",
        "ea1": "W50P80",
        "ea2": "Western Region"
      }
    },
    {
      "attributes": {
        "owner": "DFA",
        "stage": "Completed",
        "ea1": "W50P80",
        "ea2": "Western Region"
      }
    },
    {
      "attributes": {
        "owner": "DFA",
        "stage": "Completed",
        "ea1": "W50P80",
        "ea2": "Western Region"
      }
    },
    {
      "attributes": {
        "owner": "DFA",
        "stage": "Completed",
        "ea1": "W50P80",
        "ea2": "Western Region"
      }
    },
    {
      "attributes": {
        "owner": "DFA",
        "stage": "Completed",
        "ea1": "G51P14",
        "ea2": "Gauteng South"
      }
    },
    {
      "attributes": {
        "owner": "DFA",
        "stage": "Completed",
        "ea1": "G51P14",
        "ea2": "Gauteng South"
      }
    },
    {
      "attributes": {
        "owner": "DFA",
        "stage": "Completed",
        "ea1": "G51P14",
        "ea2": "Gauteng South"
      }
    },
    {
      "attributes": {
        "owner": "DFA",
        "stage": "Completed",
        "ea1": "G51P14",
        "ea2": "Gauteng South"
      }
    },
    {
      "attributes": {
        "owner": "DFA",
        "stage": "Completed",
        "ea1": "G51P14",
        "ea2": "Gauteng South"
      }
    },
    {
      "attributes": {
        "owner": "DFA",
        "stage": "Completed",
        "ea1": "G52P60",
        "ea2": "Gauteng South"
      }
    },
    {
      "attributes": {
        "owner": "DFA",
        "stage": "Completed",
        "ea1": "G52P60",
        "ea2": "Gauteng South"
      }
    },
    {
      "attributes": {
        "owner": "DFA",
        "stage": "Completed",
        "ea1": "G52P60",
        "ea2": "Gauteng South"
      }
    },
    {
      "attributes": {
        "owner": "DFA",
        "stage": "Completed",
        "ea1": "G52P60",
        "ea2": "Gauteng South"
      }
    },
    {
      "attributes": {
        "owner": "DFA",
        "stage": "Completed",
        "ea1": "G52P60",
        "ea2": "Gauteng South"
      }
    },
    {
      "attributes": {
        "owner": "DFA",
        "stage": "Completed",
        "ea1": "G52P37",
        "ea2": "Gauteng South"
      }
    },
    {
      "attributes": {
        "owner": "DFA",
        "stage": "Completed",
        "ea1": "W50P90",
        "ea2": "Western Region"
      }
    },
    {
      "attributes": {
        "owner": "DFA",
        "stage": "Completed",
        "ea1": "W50P90",
        "ea2": "Western Region"
      }
    },
    {
      "attributes": {
        "owner": "DFA",
        "stage": "Completed",
        "ea1": "G52P37",
        "ea2": "Gauteng South"
      }
    },
    {
      "attributes": {
        "owner": "DFA",
        "stage": "Completed",
        "ea1": "G52P37",
        "ea2": "Gauteng South"
      }
    },
    {
      "attributes": {
        "owner": "DFA",
        "stage": "Completed",
        "ea1": "W20P37",
        "ea2": "Western Region"
      }
    },
    {
      "attributes": {
        "owner": "DFA",
        "stage": "Completed",
        "ea1": "W20P37",
        "ea2": "Western Region"
      }
    },
    {
      "attributes": {
        "owner": "DFA",
        "stage": "Completed",
        "ea1": "W20P37",
        "ea2": "Western Region"
      }
    },
    {
      "attributes": {
        "owner": "DFA",
        "stage": "Completed",
        "ea1": "W20P37",
        "ea2": "Western Region"
      }
    },
    {
      "attributes": {
        "owner": "DFA",
        "stage": "Completed",
        "ea1": "W20P05",
        "ea2": "Western Region"
      }
    },
    {
      "attributes": {
        "owner": "DFA",
        "stage": "Completed",
        "ea1": "W20P02",
        "ea2": "Western Region"
      }
    },
    {
      "attributes": {
        "owner": "DFA",
        "stage": "Completed",
        "ea1": "W20P05",
        "ea2": "Western Region"
      }
    },
    {
      "attributes": {
        "owner": "DFA",
        "stage": "Completed",
        "ea1": "W20P05",
        "ea2": "Western Region"
      }
    },
    {
      "attributes": {
        "owner": "DFA",
        "stage": "Completed",
        "ea1": "W20P05",
        "ea2": "Western Region"
      }
    },
    {
      "attributes": {
        "owner": "DFA",
        "stage": "Completed",
        "ea1": "W20P05",
        "ea2": "Western Region"
      }
    },
    {
      "attributes": {
        "owner": "DFA",
        "stage": "Completed",
        "ea1": "W20P05",
        "ea2": "Western Region"
      }
    },
    {
      "attributes": {
        "owner": "DFA",
        "stage": "Completed",
        "ea1": "W20P05",
        "ea2": "Western Region"
      }
    },
    {
      "attributes": {
        "owner": "DFA",
        "stage": "Completed",
        "ea1": "W20P05",
        "ea2": "Western Region"
      }
    },
    {
      "attributes": {
        "owner": "DFA",
        "stage": "Completed",
        "ea1": "W20P05",
        "ea2": "Western Region"
      }
    },
    {
      "attributes": {
        "owner": "DFA",
        "stage": "Completed",
        "ea1": "G51P31",
        "ea2": "Gauteng South"
      }
    },
    {
      "attributes": {
        "owner": "DFA",
        "stage": "Completed",
        "ea1": "G51P31",
        "ea2": "Gauteng South"
      }
    },
    {
      "attributes": {
        "owner": "DFA",
        "stage": "Completed",
        "ea1": "G51P31",
        "ea2": "Gauteng South"
      }
    },
    {
      "attributes": {
        "owner": "DFA",
        "stage": "Completed",
        "ea1": "G51P31",
        "ea2": "Gauteng South"
      }
    },
    {
      "attributes": {
        "owner": "DFA",
        "stage": "Completed",
        "ea1": "G51P31",
        "ea2": "Gauteng South"
      }
    },
    {
      "attributes": {
        "owner": "DFA",
        "stage": "Completed",
        "ea1": "G51P31",
        "ea2": "Gauteng South"
      }
    },
    {
      "attributes": {
        "owner": "DFA",
        "stage": "Completed",
        "ea1": "G51P31",
        "ea2": "Gauteng South"
      }
    },
    {
      "attributes": {
        "owner": "DFA",
        "stage": "Completed",
        "ea1": "G51P31",
        "ea2": "Gauteng South"
      }
    },
    {
      "attributes": {
        "owner": "DFA",
        "stage": "Completed",
        "ea1": "G51P31",
        "ea2": "Gauteng South"
      }
    },
    {
      "attributes": {
        "owner": "DFA",
        "stage": "Completed",
        "ea1": "G03P01",
        "ea2": "Gauteng South"
      }
    },
    {
      "attributes": {
        "owner": "DFA",
        "stage": "Construction",
        "ea1": "G01P14",
        "ea2": "Gauteng South"
      }
    },
    {
      "attributes": {
        "owner": "DFA",
        "stage": "Completed",
        "ea1": "W50P62",
        "ea2": "Western Region"
      }
    },
    {
      "attributes": {
        "owner": "DFA",
        "stage": "Completed",
        "ea1": "W50P62",
        "ea2": "Western Region"
      }
    },
    {
      "attributes": {
        "owner": "DFA",
        "stage": "Completed",
        "ea1": "W50P62",
        "ea2": "Western Region"
      }
    },
    {
      "attributes": {
        "owner": "DFA",
        "stage": "Completed",
        "ea1": "W50P62",
        "ea2": "Western Region"
      }
    },
    {
      "attributes": {
        "owner": "DFA",
        "stage": "Completed",
        "ea1": "G20P09",
        "ea2": "Gauteng South"
      }
    },
    {
      "attributes": {
        "owner": "DFA",
        "stage": "Completed",
        "ea1": "G20P09",
        "ea2": "Gauteng South"
      }
    },
    {
      "attributes": {
        "owner": "DFA",
        "stage": "Completed",
        "ea1": "G20P09",
        "ea2": "Gauteng South"
      }
    },
    {
      "attributes": {
        "owner": "DFA",
        "stage": "Completed",
        "ea1": "W20P21",
        "ea2": "Western Region"
      }
    },
    {
      "attributes": {
        "owner": "DFA",
        "stage": "Completed",
        "ea1": "W20P21",
        "ea2": "Western Region"
      }
    },
    {
      "attributes": {
        "owner": "DFA",
        "stage": "Completed",
        "ea1": "W20P21",
        "ea2": "Western Region"
      }
    },
    {
      "attributes": {
        "owner": "DFA",
        "stage": "Completed",
        "ea1": "W20P21",
        "ea2": "Western Region"
      }
    },
    {
      "attributes": {
        "owner": "DFA",
        "stage": "Completed",
        "ea1": "W20P21",
        "ea2": "Western Region"
      }
    },
    {
      "attributes": {
        "owner": "DFA",
        "stage": "Completed",
        "ea1": "W20P21",
        "ea2": "Western Region"
      }
    },
    {
      "attributes": {
        "owner": "DFA",
        "stage": "Completed",
        "ea1": "W20P21",
        "ea2": "Western Region"
      }
    },
    {
      "attributes": {
        "owner": "DFA",
        "stage": "Completed",
        "ea1": "W20P21",
        "ea2": "Western Region"
      }
    },
    {
      "attributes": {
        "owner": "DFA",
        "stage": "Completed",
        "ea1": "W20P21",
        "ea2": "Western Region"
      }
    },
    {
      "attributes": {
        "owner": "DFA",
        "stage": "Completed",
        "ea1": "W20P21",
        "ea2": "Western Region"
      }
    },
    {
      "attributes": {
        "owner": "DFA",
        "stage": "Completed",
        "ea1": "W20P21",
        "ea2": "Western Region"
      }
    },
    {
      "attributes": {
        "owner": "DFA",
        "stage": "Completed",
        "ea1": "W20P21",
        "ea2": "Western Region"
      }
    },
    {
      "attributes": {
        "owner": "DFA",
        "stage": "Completed",
        "ea1": "W20P21",
        "ea2": "Western Region"
      }
    },
    {
      "attributes": {
        "owner": "DFA",
        "stage": "Completed",
        "ea1": "W20P21",
        "ea2": "Western Region"
      }
    },
    {
      "attributes": {
        "owner": "DFA",
        "stage": "Completed",
        "ea1": "W20P21",
        "ea2": "Western Region"
      }
    },
    {
      "attributes": {
        "owner": "DFA",
        "stage": "Completed",
        "ea1": "W20P21",
        "ea2": "Western Region"
      }
    },
    {
      "attributes": {
        "owner": "DFA",
        "stage": "Completed",
        "ea1": "W50P48",
        "ea2": "Western Region"
      }
    },
    {
      "attributes": {
        "owner": "DFA",
        "stage": "Completed",
        "ea1": "W50P48",
        "ea2": "Western Region"
      }
    },
    {
      "attributes": {
        "owner": "DFA",
        "stage": "Completed",
        "ea1": "W50P48",
        "ea2": "Western Region"
      }
    },
    {
      "attributes": {
        "owner": "DFA",
        "stage": "Completed",
        "ea1": "W50P48",
        "ea2": "Western Region"
      }
    },
    {
      "attributes": {
        "owner": "DFA",
        "stage": "Completed",
        "ea1": "W50P48",
        "ea2": "Western Region"
      }
    },
    {
      "attributes": {
        "owner": "DFA",
        "stage": "Completed",
        "ea1": "W50P48",
        "ea2": "Western Region"
      }
    },
    {
      "attributes": {
        "owner": "DFA",
        "stage": "Completed",
        "ea1": "W50P48",
        "ea2": "Western Region"
      }
    },
    {
      "attributes": {
        "owner": "DFA",
        "stage": "Construction",
        "ea1": "none",
        "ea2": "None"
      }
    },
    {
      "attributes": {
        "owner": "DFA",
        "stage": "Completed",
        "ea1": "W50P48",
        "ea2": "Western Region"
      }
    },
    {
      "attributes": {
        "owner": "DFA",
        "stage": "Completed",
        "ea1": "W50P48",
        "ea2": "Western Region"
      }
    },
    {
      "attributes": {
        "owner": "DFA",
        "stage": "Completed",
        "ea1": "W50P48",
        "ea2": "Western Region"
      }
    },
    {
      "attributes": {
        "owner": "DFA",
        "stage": "Completed",
        "ea1": "W50P48",
        "ea2": "Western Region"
      }
    },
    {
      "attributes": {
        "owner": "DFA",
        "stage": "Completed",
        "ea1": "W50P91 ",
        "ea2": "Western Region"
      }
    },
    {
      "attributes": {
        "owner": "DFA",
        "stage": "Completed",
        "ea1": "W50P91 ",
        "ea2": "Western Region"
      }
    },
    {
      "attributes": {
        "owner": "DFA",
        "stage": "Completed",
        "ea1": "W50P91 ",
        "ea2": "Western Region"
      }
    },
    {
      "attributes": {
        "owner": "DFA",
        "stage": "Completed",
        "ea1": "W50P91 ",
        "ea2": "Western Region"
      }
    },
    {
      "attributes": {
        "owner": "DFA",
        "stage": "Completed",
        "ea1": "W50P91",
        "ea2": "Western Region"
      }
    },
    {
      "attributes": {
        "owner": "DFA",
        "stage": "Completed",
        "ea1": "W50P91 ",
        "ea2": "Western Region"
      }
    },
    {
      "attributes": {
        "owner": "DFA",
        "stage": "Completed",
        "ea1": "W50P91",
        "ea2": "Western Region"
      }
    },
    {
      "attributes": {
        "owner": "DFA",
        "stage": "Completed",
        "ea1": "W50P91",
        "ea2": "Western Region"
      }
    },
    {
      "attributes": {
        "owner": "DFA",
        "stage": "Completed",
        "ea1": "W50P91",
        "ea2": "Western Region"
      }
    },
    {
      "attributes": {
        "owner": "DFA",
        "stage": "Completed",
        "ea1": "W50P91",
        "ea2": "Western Region"
      }
    },
    {
      "attributes": {
        "owner": "DFA",
        "stage": "Completed",
        "ea1": "NB30P08",
        "ea2": "Northern Region"
      }
    },
    {
      "attributes": {
        "owner": "DFA",
        "stage": "Construction",
        "ea1": "K20P65",
        "ea2": "Kwa-Zulu Natal"
      }
    },
    {
      "attributes": {
        "owner": "DFA",
        "stage": "Completed",
        "ea1": "none",
        "ea2": "None"
      }
    },
    {
      "attributes": {
        "owner": "DFA",
        "stage": "Completed",
        "ea1": "none",
        "ea2": "None"
      }
    },
    {
      "attributes": {
        "owner": "DFA",
        "stage": "Completed",
        "ea1": "none",
        "ea2": "None"
      }
    },
    {
      "attributes": {
        "owner": "DFA",
        "stage": "Completed",
        "ea1": "W20P44",
        "ea2": "Western Region"
      }
    },
    {
      "attributes": {
        "owner": "DFA",
        "stage": "Completed",
        "ea1": "none",
        "ea2": "None"
      }
    },
    {
      "attributes": {
        "owner": "DFA",
        "stage": "Completed",
        "ea1": "none",
        "ea2": "Northern Region"
      }
    },
    {
      "attributes": {
        "owner": "DFA",
        "stage": "Completed",
        "ea1": "none",
        "ea2": "Northern Region"
      }
    },
    {
      "attributes": {
        "owner": "DFA",
        "stage": "Completed",
        "ea1": "W51P18",
        "ea2": "Western Region"
      }
    },
    {
      "attributes": {
        "owner": "DFA",
        "stage": "Completed",
        "ea1": "W51P18",
        "ea2": "Western Region"
      }
    },
    {
      "attributes": {
        "owner": "DFA",
        "stage": "Completed",
        "ea1": "W50P91",
        "ea2": "Western Region"
      }
    },
    {
      "attributes": {
        "owner": "DFA",
        "stage": "Completed",
        "ea1": "W01P08",
        "ea2": "Western Region"
      }
    },
    {
      "attributes": {
        "owner": "DFA",
        "stage": "Completed",
        "ea1": "W01P08",
        "ea2": "Western Region"
      }
    },
    {
      "attributes": {
        "owner": "DFA",
        "stage": "Completed",
        "ea1": "W01P08",
        "ea2": "Western Region"
      }
    },
    {
      "attributes": {
        "owner": "DFA",
        "stage": "Completed",
        "ea1": "W01P08",
        "ea2": "Western Region"
      }
    },
    {
      "attributes": {
        "owner": "DFA",
        "stage": "Completed",
        "ea1": "W50P09",
        "ea2": "Western Region"
      }
    },
    {
      "attributes": {
        "owner": "DFA",
        "stage": "Completed",
        "ea1": "W50P09",
        "ea2": "Western Region"
      }
    },
    {
      "attributes": {
        "owner": "DFA",
        "stage": "Completed",
        "ea1": "W50P09",
        "ea2": "Western Region"
      }
    },
    {
      "attributes": {
        "owner": "DFA",
        "stage": "Completed",
        "ea1": "W50P09",
        "ea2": "Western Region"
      }
    },
    {
      "attributes": {
        "owner": "DFA",
        "stage": "Completed",
        "ea1": "W50P09",
        "ea2": "Western Region"
      }
    },
    {
      "attributes": {
        "owner": "DFA",
        "stage": "Completed",
        "ea1": "W50P09",
        "ea2": "Western Region"
      }
    },
    {
      "attributes": {
        "owner": "DFA",
        "stage": "Completed",
        "ea1": "W50P09",
        "ea2": "Western Region"
      }
    },
    {
      "attributes": {
        "owner": "DFA",
        "stage": "Completed",
        "ea1": "W50P09",
        "ea2": "Western Region"
      }
    },
    {
      "attributes": {
        "owner": "DFA",
        "stage": "Completed",
        "ea1": "W50P09",
        "ea2": "Western Region"
      }
    },
    {
      "attributes": {
        "owner": "DFA",
        "stage": "Completed",
        "ea1": "W50P09",
        "ea2": "Western Region"
      }
    },
    {
      "attributes": {
        "owner": "DFA",
        "stage": "Completed",
        "ea1": "W50P09",
        "ea2": "Western Region"
      }
    },
    {
      "attributes": {
        "owner": "DFA",
        "stage": "Completed",
        "ea1": "W50P09",
        "ea2": "Western Region"
      }
    },
    {
      "attributes": {
        "owner": "DFA",
        "stage": "Construction",
        "ea1": "G50P49",
        "ea2": "Gauteng South"
      }
    },
    {
      "attributes": {
        "owner": "DFA",
        "stage": "Completed",
        "ea1": "G50P53",
        "ea2": "Gauteng South"
      }
    },
    {
      "attributes": {
        "owner": "DFA",
        "stage": "Completed",
        "ea1": "G51P31",
        "ea2": "Gauteng South"
      }
    },
    {
      "attributes": {
        "owner": "DFA",
        "stage": "Completed",
        "ea1": "G51P31",
        "ea2": "Gauteng South"
      }
    },
    {
      "attributes": {
        "owner": "DFA",
        "stage": "Completed",
        "ea1": "G51P31",
        "ea2": "Gauteng South"
      }
    },
    {
      "attributes": {
        "owner": "DFA",
        "stage": "Completed",
        "ea1": "G51P31",
        "ea2": "Gauteng South"
      }
    },
    {
      "attributes": {
        "owner": "DFA",
        "stage": "Completed",
        "ea1": "G51P31",
        "ea2": "Gauteng South"
      }
    },
    {
      "attributes": {
        "owner": "DFA",
        "stage": "Completed",
        "ea1": "G51P31",
        "ea2": "Gauteng South"
      }
    },
    {
      "attributes": {
        "owner": "DFA",
        "stage": "Completed",
        "ea1": "G51P31",
        "ea2": "Gauteng South"
      }
    },
    {
      "attributes": {
        "owner": "DFA",
        "stage": "Construction",
        "ea1": "K50P10",
        "ea2": "Kwa-Zulu Natal"
      }
    },
    {
      "attributes": {
        "owner": "DFA",
        "stage": "Completed",
        "ea1": "W01P08",
        "ea2": "Western Region"
      }
    },
    {
      "attributes": {
        "owner": "DFA",
        "stage": "Construction",
        "ea1": "none",
        "ea2": "None"
      }
    },
    {
      "attributes": {
        "owner": "DFA",
        "stage": "Completed",
        "ea1": "W01P08",
        "ea2": "Western Region"
      }
    },
    {
      "attributes": {
        "owner": "DFA",
        "stage": "Completed",
        "ea1": "K50P10",
        "ea2": "Kwa-Zulu Natal"
      }
    },
    {
      "attributes": {
        "owner": "DFA",
        "stage": "Completed",
        "ea1": "K50P10",
        "ea2": "Kwa-Zulu Natal"
      }
    },
    {
      "attributes": {
        "owner": "DFA",
        "stage": "Completed",
        "ea1": "K50P10",
        "ea2": "Kwa-Zulu Natal"
      }
    },
    {
      "attributes": {
        "owner": "DFA",
        "stage": "Completed",
        "ea1": "K50P10",
        "ea2": "Kwa-Zulu Natal"
      }
    },
    {
      "attributes": {
        "owner": "DFA",
        "stage": "Completed",
        "ea1": "K50P10",
        "ea2": "Kwa-Zulu Natal"
      }
    },
    {
      "attributes": {
        "owner": "DFA",
        "stage": "Completed",
        "ea1": "K50P10",
        "ea2": "Kwa-Zulu Natal"
      }
    },
    {
      "attributes": {
        "owner": "DFA",
        "stage": "Completed",
        "ea1": "K50P10",
        "ea2": "Kwa-Zulu Natal"
      }
    },
    {
      "attributes": {
        "owner": "DFA",
        "stage": "Completed",
        "ea1": "K50P10",
        "ea2": "Kwa-Zulu Natal"
      }
    },
    {
      "attributes": {
        "owner": "DFA",
        "stage": "Completed",
        "ea1": "K50P10",
        "ea2": "Kwa-Zulu Natal"
      }
    },
    {
      "attributes": {
        "owner": "DFA",
        "stage": "Completed",
        "ea1": "K50P10",
        "ea2": "Kwa-Zulu Natal"
      }
    },
    {
      "attributes": {
        "owner": "DFA",
        "stage": "Completed",
        "ea1": "K50P10",
        "ea2": "Kwa-Zulu Natal"
      }
    },
    {
      "attributes": {
        "owner": "DFA",
        "stage": "Construction",
        "ea1": "K50P11",
        "ea2": "Kwa-Zulu Natal"
      }
    },
    {
      "attributes": {
        "owner": "DFA",
        "stage": "Construction",
        "ea1": "MS04386KH022621a",
        "ea2": "Kwa-Zulu Natal"
      }
    },
    {
      "attributes": {
        "owner": "DFA",
        "stage": "Completed",
        "ea1": "W20P40",
        "ea2": "Western Region"
      }
    },
    {
      "attributes": {
        "owner": "DFA",
        "stage": "Completed",
        "ea1": "W20P40",
        "ea2": "Western Region"
      }
    },
    {
      "attributes": {
        "owner": "DFA",
        "stage": "Completed",
        "ea1": "W20P40",
        "ea2": "Western Region"
      }
    },
    {
      "attributes": {
        "owner": "DFA",
        "stage": "Completed",
        "ea1": "W20P40",
        "ea2": "Western Region"
      }
    },
    {
      "attributes": {
        "owner": "DFA",
        "stage": "Completed",
        "ea1": "W20P40",
        "ea2": "Western Region"
      }
    },
    {
      "attributes": {
        "owner": "DFA",
        "stage": "Completed",
        "ea1": "W20P40",
        "ea2": "Western Region"
      }
    },
    {
      "attributes": {
        "owner": "DFA",
        "stage": "Completed",
        "ea1": "W20P40",
        "ea2": "Western Region"
      }
    },
    {
      "attributes": {
        "owner": "DFA",
        "stage": "Completed",
        "ea1": "K50P10",
        "ea2": "Kwa-Zulu Natal"
      }
    },
    {
      "attributes": {
        "owner": "DFA",
        "stage": "Completed",
        "ea1": "K50P10",
        "ea2": "Kwa-Zulu Natal"
      }
    },
    {
      "attributes": {
        "owner": "DFA",
        "stage": "Completed",
        "ea1": "K50P10",
        "ea2": "Kwa-Zulu Natal"
      }
    },
    {
      "attributes": {
        "owner": "DFA",
        "stage": "Completed",
        "ea1": "K50P10",
        "ea2": "Kwa-Zulu Natal"
      }
    },
    {
      "attributes": {
        "owner": "DFA",
        "stage": "Completed",
        "ea1": "K50P10",
        "ea2": "Kwa-Zulu Natal"
      }
    },
    {
      "attributes": {
        "owner": "DFA",
        "stage": "Completed",
        "ea1": "K50P10",
        "ea2": "Kwa-Zulu Natal"
      }
    },
    {
      "attributes": {
        "owner": "DFA",
        "stage": "Completed",
        "ea1": "K50P10",
        "ea2": "Kwa-Zulu Natal"
      }
    },
    {
      "attributes": {
        "owner": "DFA",
        "stage": "Completed",
        "ea1": "K50P10",
        "ea2": "Kwa-Zulu Natal"
      }
    },
    {
      "attributes": {
        "owner": "DFA",
        "stage": "Completed",
        "ea1": "K50P10",
        "ea2": "Kwa-Zulu Natal"
      }
    },
    {
      "attributes": {
        "owner": "DFA",
        "stage": "Completed",
        "ea1": "K50P10",
        "ea2": "Kwa-Zulu Natal"
      }
    },
    {
      "attributes": {
        "owner": "DFA",
        "stage": "Construction",
        "ea1": "none",
        "ea2": "Northern Region"
      }
    },
    {
      "attributes": {
        "owner": "DFA",
        "stage": "Completed",
        "ea1": "W50P25",
        "ea2": "Western Region"
      }
    },
    {
      "attributes": {
        "owner": "DFA",
        "stage": "Completed",
        "ea1": "K50P10",
        "ea2": "Kwa-Zulu Natal"
      }
    },
    {
      "attributes": {
        "owner": "DFA",
        "stage": "Completed",
        "ea1": "K50P10",
        "ea2": "Kwa-Zulu Natal"
      }
    },
    {
      "attributes": {
        "owner": "DFA",
        "stage": "Completed",
        "ea1": "W50P25",
        "ea2": "Western Region"
      }
    },
    {
      "attributes": {
        "owner": "DFA",
        "stage": "Construction",
        "ea1": "none",
        "ea2": "Northern Region"
      }
    },
    {
      "attributes": {
        "owner": "DFA",
        "stage": "Construction",
        "ea1": "none",
        "ea2": "None"
      }
    },
    {
      "attributes": {
        "owner": "DFA",
        "stage": "Completed",
        "ea1": "AS17677LH000233",
        "ea2": "Northern Region"
      }
    },
    {
      "attributes": {
        "owner": "DFA",
        "stage": "Completed",
        "ea1": "K50P10",
        "ea2": "Kwa-Zulu Natal"
      }
    },
    {
      "attributes": {
        "owner": "DFA",
        "stage": "Completed",
        "ea1": "K50P10",
        "ea2": "Kwa-Zulu Natal"
      }
    },
    {
      "attributes": {
        "owner": "DFA",
        "stage": "Completed",
        "ea1": "K50P10",
        "ea2": "Kwa-Zulu Natal"
      }
    },
    {
      "attributes": {
        "owner": "DFA",
        "stage": "Completed",
        "ea1": "K50P10",
        "ea2": "Kwa-Zulu Natal"
      }
    },
    {
      "attributes": {
        "owner": "DFA",
        "stage": "Completed",
        "ea1": "K50P10",
        "ea2": "Kwa-Zulu Natal"
      }
    },
    {
      "attributes": {
        "owner": "DFA",
        "stage": "Completed",
        "ea1": "K50P10",
        "ea2": "Kwa-Zulu Natal"
      }
    },
    {
      "attributes": {
        "owner": "DFA",
        "stage": "Completed",
        "ea1": "K50P10",
        "ea2": "Kwa-Zulu Natal"
      }
    },
    {
      "attributes": {
        "owner": "DFA",
        "stage": "Completed",
        "ea1": "K50P10",
        "ea2": "Kwa-Zulu Natal"
      }
    },
    {
      "attributes": {
        "owner": "DFA",
        "stage": "Completed",
        "ea1": "K50P10",
        "ea2": "Kwa-Zulu Natal"
      }
    },
    {
      "attributes": {
        "owner": "DFA",
        "stage": "Completed",
        "ea1": "K50P10",
        "ea2": "Kwa-Zulu Natal"
      }
    },
    {
      "attributes": {
        "owner": "DFA",
        "stage": "Completed",
        "ea1": "K50P10",
        "ea2": "Kwa-Zulu Natal"
      }
    },
    {
      "attributes": {
        "owner": "DFA",
        "stage": "Completed",
        "ea1": "K50P10",
        "ea2": "Kwa-Zulu Natal"
      }
    },
    {
      "attributes": {
        "owner": "DFA",
        "stage": "Completed",
        "ea1": "K50P10",
        "ea2": "Kwa-Zulu Natal"
      }
    },
    {
      "attributes": {
        "owner": "DFA",
        "stage": "Completed",
        "ea1": "K50P10",
        "ea2": "Kwa-Zulu Natal"
      }
    },
    {
      "attributes": {
        "owner": "DFA",
        "stage": "Completed",
        "ea1": "K50P10",
        "ea2": "Kwa-Zulu Natal"
      }
    },
    {
      "attributes": {
        "owner": "DFA",
        "stage": "Completed",
        "ea1": "K50P10",
        "ea2": "Kwa-Zulu Natal"
      }
    },
    {
      "attributes": {
        "owner": "DFA",
        "stage": "Completed",
        "ea1": "K50P10",
        "ea2": "Kwa-Zulu Natal"
      }
    },
    {
      "attributes": {
        "owner": "DFA",
        "stage": "Completed",
        "ea1": "K50P10",
        "ea2": "Kwa-Zulu Natal"
      }
    },
    {
      "attributes": {
        "owner": "DFA",
        "stage": "Completed",
        "ea1": "K50P10",
        "ea2": "Kwa-Zulu Natal"
      }
    },
    {
      "attributes": {
        "owner": "DFA",
        "stage": "Completed",
        "ea1": "K50P10",
        "ea2": "Kwa-Zulu Natal"
      }
    },
    {
      "attributes": {
        "owner": "DFA",
        "stage": "Completed",
        "ea1": "K50P10",
        "ea2": "Kwa-Zulu Natal"
      }
    },
    {
      "attributes": {
        "owner": "DFA",
        "stage": "Completed",
        "ea1": "K50P10",
        "ea2": "Kwa-Zulu Natal"
      }
    },
    {
      "attributes": {
        "owner": "DFA",
        "stage": "Completed",
        "ea1": "K50P10",
        "ea2": "Kwa-Zulu Natal"
      }
    },
    {
      "attributes": {
        "owner": "DFA",
        "stage": "Completed",
        "ea1": "K50P10",
        "ea2": "Kwa-Zulu Natal"
      }
    },
    {
      "attributes": {
        "owner": "DFA",
        "stage": "Completed",
        "ea1": "K50P10",
        "ea2": "Kwa-Zulu Natal"
      }
    },
    {
      "attributes": {
        "owner": "DFA",
        "stage": "Completed",
        "ea1": "K50P10",
        "ea2": "Kwa-Zulu Natal"
      }
    },
    {
      "attributes": {
        "owner": "DFA",
        "stage": "Completed",
        "ea1": "K50P10",
        "ea2": "Kwa-Zulu Natal"
      }
    },
    {
      "attributes": {
        "owner": "DFA",
        "stage": "Completed",
        "ea1": "K50P10",
        "ea2": "Kwa-Zulu Natal"
      }
    },
    {
      "attributes": {
        "owner": "DFA",
        "stage": "Completed",
        "ea1": "K50P10",
        "ea2": "Kwa-Zulu Natal"
      }
    },
    {
      "attributes": {
        "owner": "DFA",
        "stage": "Completed",
        "ea1": "K50P10",
        "ea2": "Kwa-Zulu Natal"
      }
    },
    {
      "attributes": {
        "owner": "DFA",
        "stage": "Completed",
        "ea1": "K50P10",
        "ea2": "Kwa-Zulu Natal"
      }
    },
    {
      "attributes": {
        "owner": "DFA",
        "stage": "Completed",
        "ea1": "K50P10",
        "ea2": "Kwa-Zulu Natal"
      }
    },
    {
      "attributes": {
        "owner": "DFA",
        "stage": "Completed",
        "ea1": "K50P10",
        "ea2": "Kwa-Zulu Natal"
      }
    },
    {
      "attributes": {
        "owner": "DFA",
        "stage": "Completed",
        "ea1": "K50P10",
        "ea2": "Kwa-Zulu Natal"
      }
    },
    {
      "attributes": {
        "owner": "DFA",
        "stage": "Completed",
        "ea1": "K50P10",
        "ea2": "Kwa-Zulu Natal"
      }
    },
    {
      "attributes": {
        "owner": "DFA",
        "stage": "Completed",
        "ea1": "K50P10",
        "ea2": "Kwa-Zulu Natal"
      }
    },
    {
      "attributes": {
        "owner": "DFA",
        "stage": "Completed",
        "ea1": "K50P10",
        "ea2": "Kwa-Zulu Natal"
      }
    },
    {
      "attributes": {
        "owner": "DFA",
        "stage": "Completed",
        "ea1": "K50P10",
        "ea2": "Kwa-Zulu Natal"
      }
    },
    {
      "attributes": {
        "owner": "DFA",
        "stage": "Completed",
        "ea1": "K50P10",
        "ea2": "Kwa-Zulu Natal"
      }
    },
    {
      "attributes": {
        "owner": "DFA",
        "stage": "Completed",
        "ea1": "K50P10",
        "ea2": "Kwa-Zulu Natal"
      }
    },
    {
      "attributes": {
        "owner": "DFA",
        "stage": "Completed",
        "ea1": "K50P10",
        "ea2": "Kwa-Zulu Natal"
      }
    },
    {
      "attributes": {
        "owner": "DFA",
        "stage": "Completed",
        "ea1": "K50P10",
        "ea2": "Kwa-Zulu Natal"
      }
    },
    {
      "attributes": {
        "owner": "DFA",
        "stage": "Completed",
        "ea1": "W50P61",
        "ea2": "Western Region"
      }
    },
    {
      "attributes": {
        "owner": "DFA",
        "stage": "Construction",
        "ea1": "none",
        "ea2": "None"
      }
    },
    {
      "attributes": {
        "owner": "DFA",
        "stage": "Completed",
        "ea1": "K50P10",
        "ea2": "Kwa-Zulu Natal"
      }
    },
    {
      "attributes": {
        "owner": "DFA",
        "stage": "Completed",
        "ea1": "K50P10",
        "ea2": "Kwa-Zulu Natal"
      }
    },
    {
      "attributes": {
        "owner": "DFA",
        "stage": "Completed",
        "ea1": "W50P65",
        "ea2": "Western Region"
      }
    },
    {
      "attributes": {
        "owner": "DFA",
        "stage": "Completed",
        "ea1": "K50P10",
        "ea2": "Kwa-Zulu Natal"
      }
    },
    {
      "attributes": {
        "owner": "DFA",
        "stage": "Completed",
        "ea1": "W50P65",
        "ea2": "Western Region"
      }
    },
    {
      "attributes": {
        "owner": "DFA",
        "stage": "Completed",
        "ea1": "K50P10",
        "ea2": "Kwa-Zulu Natal"
      }
    },
    {
      "attributes": {
        "owner": "DFA",
        "stage": "Completed",
        "ea1": "W50P65",
        "ea2": "Western Region"
      }
    },
    {
      "attributes": {
        "owner": "DFA",
        "stage": "Completed",
        "ea1": "K50P10",
        "ea2": "Kwa-Zulu Natal"
      }
    },
    {
      "attributes": {
        "owner": "DFA",
        "stage": "Completed",
        "ea1": "W50P65",
        "ea2": "Western Region"
      }
    },
    {
      "attributes": {
        "owner": "DFA",
        "stage": "Completed",
        "ea1": "W50P65",
        "ea2": "Western Region"
      }
    },
    {
      "attributes": {
        "owner": "DFA",
        "stage": "Completed",
        "ea1": "W50P65",
        "ea2": "Western Region"
      }
    },
    {
      "attributes": {
        "owner": "DFA",
        "stage": "Completed",
        "ea1": "MS03141LH020229",
        "ea2": "Northern Region"
      }
    },
    {
      "attributes": {
        "owner": "DFA",
        "stage": "Completed",
        "ea1": "W50P65",
        "ea2": "Western Region"
      }
    },
    {
      "attributes": {
        "owner": "DFA",
        "stage": "Completed",
        "ea1": "W50P64",
        "ea2": "Western Region"
      }
    },
    {
      "attributes": {
        "owner": "DFA",
        "stage": "Completed",
        "ea1": "none",
        "ea2": "Northern Region"
      }
    },
    {
      "attributes": {
        "owner": "DFA",
        "stage": "Completed",
        "ea1": "none",
        "ea2": "Northern Region"
      }
    },
    {
      "attributes": {
        "owner": "DFA",
        "stage": "Completed",
        "ea1": "none",
        "ea2": "Northern Region"
      }
    },
    {
      "attributes": {
        "owner": "DFA",
        "stage": "Completed",
        "ea1": "none",
        "ea2": "Northern Region"
      }
    },
    {
      "attributes": {
        "owner": "DFA",
        "stage": "Completed",
        "ea1": "none",
        "ea2": "Northern Region"
      }
    },
    {
      "attributes": {
        "owner": "DFA",
        "stage": "Completed",
        "ea1": "AS04786NB000951",
        "ea2": "Northern Region"
      }
    },
    {
      "attributes": {
        "owner": "DFA",
        "stage": "Completed",
        "ea1": "none",
        "ea2": "Northern Region"
      }
    },
    {
      "attributes": {
        "owner": "DFA",
        "stage": "Completed",
        "ea1": "none",
        "ea2": "Northern Region"
      }
    },
    {
      "attributes": {
        "owner": "DFA",
        "stage": "Completed",
        "ea1": "none",
        "ea2": "Northern Region"
      }
    },
    {
      "attributes": {
        "owner": "DFA",
        "stage": "Completed",
        "ea1": "none",
        "ea2": "Northern Region"
      }
    },
    {
      "attributes": {
        "owner": "DFA",
        "stage": "Completed",
        "ea1": "none",
        "ea2": "Northern Region"
      }
    },
    {
      "attributes": {
        "owner": "DFA",
        "stage": "Completed",
        "ea1": "none",
        "ea2": "Northern Region"
      }
    },
    {
      "attributes": {
        "owner": "DFA",
        "stage": "Completed",
        "ea1": "none",
        "ea2": "Northern Region"
      }
    },
    {
      "attributes": {
        "owner": "DFA",
        "stage": "Completed",
        "ea1": "none",
        "ea2": "Northern Region"
      }
    },
    {
      "attributes": {
        "owner": "DFA",
        "stage": "Completed",
        "ea1": "none",
        "ea2": "Northern Region"
      }
    },
    {
      "attributes": {
        "owner": "DFA",
        "stage": "Completed",
        "ea1": "none",
        "ea2": "Northern Region"
      }
    },
    {
      "attributes": {
        "owner": "DFA",
        "stage": "Completed",
        "ea1": "none",
        "ea2": "Northern Region"
      }
    },
    {
      "attributes": {
        "owner": "DFA",
        "stage": "Completed",
        "ea1": "none",
        "ea2": "Northern Region"
      }
    },
    {
      "attributes": {
        "owner": "DFA",
        "stage": "Completed",
        "ea1": "G01P13",
        "ea2": "Northern Region"
      }
    },
    {
      "attributes": {
        "owner": "DFA",
        "stage": "Completed",
        "ea1": "none",
        "ea2": "Northern Region"
      }
    },
    {
      "attributes": {
        "owner": "DFA",
        "stage": "Completed",
        "ea1": "K50P43",
        "ea2": "Kwa-Zulu Natal"
      }
    },
    {
      "attributes": {
        "owner": "DFA",
        "stage": "Completed",
        "ea1": "none",
        "ea2": "None"
      }
    },
    {
      "attributes": {
        "owner": "DFA",
        "stage": "Completed",
        "ea1": "K50P43",
        "ea2": "Kwa-Zulu Natal"
      }
    },
    {
      "attributes": {
        "owner": "DFA",
        "stage": "Completed",
        "ea1": "K50P43",
        "ea2": "Kwa-Zulu Natal"
      }
    },
    {
      "attributes": {
        "owner": "DFA",
        "stage": "Completed",
        "ea1": "K50P43",
        "ea2": "Kwa-Zulu Natal"
      }
    },
    {
      "attributes": {
        "owner": "DFA",
        "stage": "Completed",
        "ea1": "K50P43",
        "ea2": "Kwa-Zulu Natal"
      }
    },
    {
      "attributes": {
        "owner": "DFA",
        "stage": "Completed",
        "ea1": "K50P43",
        "ea2": "Kwa-Zulu Natal"
      }
    },
    {
      "attributes": {
        "owner": "DFA",
        "stage": "Completed",
        "ea1": "K50P43",
        "ea2": "Kwa-Zulu Natal"
      }
    },
    {
      "attributes": {
        "owner": "DFA",
        "stage": "Completed",
        "ea1": "K50P43",
        "ea2": "Kwa-Zulu Natal"
      }
    },
    {
      "attributes": {
        "owner": "DFA",
        "stage": "Completed",
        "ea1": "K50P43",
        "ea2": "Kwa-Zulu Natal"
      }
    },
    {
      "attributes": {
        "owner": "DFA",
        "stage": "Completed",
        "ea1": "K50P43",
        "ea2": "Kwa-Zulu Natal"
      }
    },
    {
      "attributes": {
        "owner": "DFA",
        "stage": "Completed",
        "ea1": "K50P43",
        "ea2": "Kwa-Zulu Natal"
      }
    },
    {
      "attributes": {
        "owner": "DFA",
        "stage": "Completed",
        "ea1": "K50P43",
        "ea2": "Kwa-Zulu Natal"
      }
    },
    {
      "attributes": {
        "owner": "DFA",
        "stage": "Completed",
        "ea1": "K50P43",
        "ea2": "Kwa-Zulu Natal"
      }
    },
    {
      "attributes": {
        "owner": "DFA",
        "stage": "Completed",
        "ea1": "K50P43",
        "ea2": "Kwa-Zulu Natal"
      }
    },
    {
      "attributes": {
        "owner": "DFA",
        "stage": "Completed",
        "ea1": "K50P43",
        "ea2": "Kwa-Zulu Natal"
      }
    },
    {
      "attributes": {
        "owner": "DFA",
        "stage": "Completed",
        "ea1": "G50P65",
        "ea2": "Gauteng South"
      }
    },
    {
      "attributes": {
        "owner": "DFA",
        "stage": "Completed",
        "ea1": "none",
        "ea2": "Northern Region"
      }
    },
    {
      "attributes": {
        "owner": "DFA",
        "stage": "Completed",
        "ea1": "W51P02",
        "ea2": "Western Region"
      }
    },
    {
      "attributes": {
        "owner": "DFA",
        "stage": "Completed",
        "ea1": "W51P02",
        "ea2": "Western Region"
      }
    },
    {
      "attributes": {
        "owner": "DFA",
        "stage": "Completed",
        "ea1": "W51P02",
        "ea2": "Western Region"
      }
    },
    {
      "attributes": {
        "owner": "DFA",
        "stage": "Completed",
        "ea1": "W51P02",
        "ea2": "Western Region"
      }
    },
    {
      "attributes": {
        "owner": "DFA",
        "stage": "Completed",
        "ea1": "W51P02",
        "ea2": "Western Region"
      }
    },
    {
      "attributes": {
        "owner": "DFA",
        "stage": "Completed",
        "ea1": "W51P02",
        "ea2": "Western Region"
      }
    },
    {
      "attributes": {
        "owner": "DFA",
        "stage": "Completed",
        "ea1": "none",
        "ea2": "None"
      }
    },
    {
      "attributes": {
        "owner": "DFA",
        "stage": "Construction",
        "ea1": "none",
        "ea2": "None"
      }
    },
    {
      "attributes": {
        "owner": "DFA",
        "stage": "Completed",
        "ea1": "none",
        "ea2": "Northern Region"
      }
    },
    {
      "attributes": {
        "owner": "DFA",
        "stage": "Construction",
        "ea1": "none",
        "ea2": "None"
      }
    },
    {
      "attributes": {
        "owner": "DFA",
        "stage": "Completed",
        "ea1": "W01P08",
        "ea2": "Western Region"
      }
    },
    {
      "attributes": {
        "owner": "DFA",
        "stage": "Completed",
        "ea1": "W01P08",
        "ea2": "Western Region"
      }
    },
    {
      "attributes": {
        "owner": "DFA",
        "stage": "Completed",
        "ea1": " VS01138GH000153",
        "ea2": "Northern Region"
      }
    },
    {
      "attributes": {
        "owner": "DFA",
        "stage": "Completed",
        "ea1": "AS11728BH021928",
        "ea2": "Gauteng South"
      }
    },
    {
      "attributes": {
        "owner": "DFA",
        "stage": "Construction",
        "ea1": "none",
        "ea2": "None"
      }
    },
    {
      "attributes": {
        "owner": "DFA",
        "stage": "Completed",
        "ea1": "none",
        "ea2": "Northern Region"
      }
    },
    {
      "attributes": {
        "owner": "DFA",
        "stage": "Completed",
        "ea1": "AS02311GH060995",
        "ea2": "Northern Region"
      }
    },
    {
      "attributes": {
        "owner": "DFA",
        "stage": "Completed",
        "ea1": "AS01156GH04041",
        "ea2": "Northern Region"
      }
    },
    {
      "attributes": {
        "owner": "DFA",
        "stage": "Completed",
        "ea1": "VS00893GH004039",
        "ea2": "Northern Region"
      }
    },
    {
      "attributes": {
        "owner": "DFA",
        "stage": "Construction",
        "ea1": "none",
        "ea2": "None"
      }
    },
    {
      "attributes": {
        "owner": "DFA",
        "stage": "Completed",
        "ea1": "AS03279BH004091 ",
        "ea2": "Northern Region"
      }
    },
    {
      "attributes": {
        "owner": "DFA",
        "stage": "Construction",
        "ea1": "none",
        "ea2": "None"
      }
    },
    {
      "attributes": {
        "owner": "DFA",
        "stage": "Completed",
        "ea1": "VS02112GH210146 ",
        "ea2": "Northern Region"
      }
    },
    {
      "attributes": {
        "owner": "DFA",
        "stage": "Completed",
        "ea1": "VS02520NB210123",
        "ea2": "Northern Region"
      }
    },
    {
      "attributes": {
        "owner": "DFA",
        "stage": "Construction",
        "ea1": "none",
        "ea2": "None"
      }
    },
    {
      "attributes": {
        "owner": "DFA",
        "stage": "Construction",
        "ea1": "none",
        "ea2": "None"
      }
    },
    {
      "attributes": {
        "owner": "DFA",
        "stage": "Construction",
        "ea1": "none",
        "ea2": "None"
      }
    },
    {
      "attributes": {
        "owner": "DFA",
        "stage": "Completed",
        "ea1": "MS01595GH000170",
        "ea2": "Northern Region"
      }
    },
    {
      "attributes": {
        "owner": "DFA",
        "stage": "Completed",
        "ea1": "W01P08",
        "ea2": "Western Region"
      }
    },
    {
      "attributes": {
        "owner": "DFA",
        "stage": "Completed",
        "ea1": "W01P08",
        "ea2": "Western Region"
      }
    },
    {
      "attributes": {
        "owner": "DFA",
        "stage": "Completed",
        "ea1": "none",
        "ea2": "None"
      }
    },
    {
      "attributes": {
        "owner": "DFA",
        "stage": "Completed",
        "ea1": "G52P75",
        "ea2": "Gauteng South"
      }
    },
    {
      "attributes": {
        "owner": "DFA",
        "stage": "Construction",
        "ea1": "G51P34",
        "ea2": "None"
      }
    },
    {
      "attributes": {
        "owner": "DFA",
        "stage": "Completed",
        "ea1": "W01P08",
        "ea2": "Western Region"
      }
    },
    {
      "attributes": {
        "owner": "DFA",
        "stage": "Completed",
        "ea1": "W30P24",
        "ea2": "Western Region"
      }
    },
    {
      "attributes": {
        "owner": "DFA",
        "stage": "Completed",
        "ea1": "AS00725GH022410",
        "ea2": "Northern Region"
      }
    },
    {
      "attributes": {
        "owner": "DFA",
        "stage": "Completed",
        "ea1": "K50P21",
        "ea2": "Kwa-Zulu Natal"
      }
    },
    {
      "attributes": {
        "owner": "DFA",
        "stage": "Completed",
        "ea1": "K50P21",
        "ea2": "Kwa-Zulu Natal"
      }
    },
    {
      "attributes": {
        "owner": "DFA",
        "stage": "Completed",
        "ea1": "W30P24",
        "ea2": "Western Region"
      }
    },
    {
      "attributes": {
        "owner": "DFA",
        "stage": "Completed",
        "ea1": "W30P24",
        "ea2": "Western Region"
      }
    },
    {
      "attributes": {
        "owner": "DFA",
        "stage": "Completed",
        "ea1": "W20P04",
        "ea2": "Western Region"
      }
    },
    {
      "attributes": {
        "owner": "DFA",
        "stage": "Completed",
        "ea1": "W20P04",
        "ea2": "Western Region"
      }
    },
    {
      "attributes": {
        "owner": "DFA",
        "stage": "Completed",
        "ea1": "W20P04",
        "ea2": "Western Region"
      }
    },
    {
      "attributes": {
        "owner": "DFA",
        "stage": "Completed",
        "ea1": "W20P04",
        "ea2": "Western Region"
      }
    },
    {
      "attributes": {
        "owner": "DFA",
        "stage": "Completed",
        "ea1": "W20P04",
        "ea2": "Western Region"
      }
    },
    {
      "attributes": {
        "owner": "DFA",
        "stage": "Completed",
        "ea1": "W20P04",
        "ea2": "Western Region"
      }
    },
    {
      "attributes": {
        "owner": "DFA",
        "stage": "Completed",
        "ea1": "none",
        "ea2": "None"
      }
    },
    {
      "attributes": {
        "owner": "DFA",
        "stage": "Completed",
        "ea1": "W50P37",
        "ea2": "Western Region"
      }
    },
    {
      "attributes": {
        "owner": "DFA",
        "stage": "Completed",
        "ea1": "W50P37",
        "ea2": "Western Region"
      }
    },
    {
      "attributes": {
        "owner": "DFA",
        "stage": "Completed",
        "ea1": "W50P37",
        "ea2": "Western Region"
      }
    },
    {
      "attributes": {
        "owner": "DFA",
        "stage": "Completed",
        "ea1": "W50P37",
        "ea2": "Western Region"
      }
    },
    {
      "attributes": {
        "owner": "DFA",
        "stage": "Completed",
        "ea1": "W50P37",
        "ea2": "Western Region"
      }
    },
    {
      "attributes": {
        "owner": "DFA",
        "stage": "Completed",
        "ea1": "W50P37",
        "ea2": "Western Region"
      }
    },
    {
      "attributes": {
        "owner": "DFA",
        "stage": "Completed",
        "ea1": "W50P37",
        "ea2": "Western Region"
      }
    },
    {
      "attributes": {
        "owner": "DFA",
        "stage": "Completed",
        "ea1": "W50P37",
        "ea2": "Western Region"
      }
    },
    {
      "attributes": {
        "owner": "DFA",
        "stage": "Completed",
        "ea1": "W50P37",
        "ea2": "Western Region"
      }
    },
    {
      "attributes": {
        "owner": "DFA",
        "stage": "Completed",
        "ea1": "W50P37",
        "ea2": "Western Region"
      }
    },
    {
      "attributes": {
        "owner": "DFA",
        "stage": "Completed",
        "ea1": "W50P37",
        "ea2": "Western Region"
      }
    },
    {
      "attributes": {
        "owner": "DFA",
        "stage": "Completed",
        "ea1": "W50P37",
        "ea2": "Western Region"
      }
    },
    {
      "attributes": {
        "owner": "DFA",
        "stage": "Completed",
        "ea1": "W50P37",
        "ea2": "Western Region"
      }
    },
    {
      "attributes": {
        "owner": "DFA",
        "stage": "Completed",
        "ea1": "W50P37",
        "ea2": "Western Region"
      }
    },
    {
      "attributes": {
        "owner": "DFA",
        "stage": "Completed",
        "ea1": "W50P37",
        "ea2": "Western Region"
      }
    },
    {
      "attributes": {
        "owner": "DFA",
        "stage": "Completed",
        "ea1": "W50P37",
        "ea2": "Western Region"
      }
    },
    {
      "attributes": {
        "owner": "DFA",
        "stage": "Completed",
        "ea1": "W50P37",
        "ea2": "Western Region"
      }
    },
    {
      "attributes": {
        "owner": "DFA",
        "stage": "Completed",
        "ea1": "W50P37",
        "ea2": "Western Region"
      }
    },
    {
      "attributes": {
        "owner": "DFA",
        "stage": "Completed",
        "ea1": "W50P26",
        "ea2": "Western Region"
      }
    },
    {
      "attributes": {
        "owner": "DFA",
        "stage": "Completed",
        "ea1": "W50P26",
        "ea2": "Western Region"
      }
    },
    {
      "attributes": {
        "owner": "DFA",
        "stage": "Completed",
        "ea1": "W50P26",
        "ea2": "Western Region"
      }
    },
    {
      "attributes": {
        "owner": "DFA",
        "stage": "Completed",
        "ea1": "W50P26",
        "ea2": "Western Region"
      }
    },
    {
      "attributes": {
        "owner": "DFA",
        "stage": "Completed",
        "ea1": "W50P26",
        "ea2": "Western Region"
      }
    },
    {
      "attributes": {
        "owner": "DFA",
        "stage": "Completed",
        "ea1": "W50P26",
        "ea2": "Western Region"
      }
    },
    {
      "attributes": {
        "owner": "DFA",
        "stage": "Completed",
        "ea1": "W50P26",
        "ea2": "Western Region"
      }
    },
    {
      "attributes": {
        "owner": "DFA",
        "stage": "Completed",
        "ea1": "W50P26",
        "ea2": "Western Region"
      }
    },
    {
      "attributes": {
        "owner": "DFA",
        "stage": "Completed",
        "ea1": "W50P26",
        "ea2": "Western Region"
      }
    },
    {
      "attributes": {
        "owner": "DFA",
        "stage": "Completed",
        "ea1": "W50P26",
        "ea2": "Western Region"
      }
    },
    {
      "attributes": {
        "owner": "DFA",
        "stage": "Completed",
        "ea1": "W30P03",
        "ea2": "Western Region"
      }
    },
    {
      "attributes": {
        "owner": "DFA",
        "stage": "Completed",
        "ea1": "W50P26",
        "ea2": "Western Region"
      }
    },
    {
      "attributes": {
        "owner": "DFA",
        "stage": "Completed",
        "ea1": "W51P35",
        "ea2": "Western Region"
      }
    },
    {
      "attributes": {
        "owner": "DFA",
        "stage": "Completed",
        "ea1": "W51P35",
        "ea2": "Western Region"
      }
    },
    {
      "attributes": {
        "owner": "DFA",
        "stage": "Completed",
        "ea1": "W51P35",
        "ea2": "Western Region"
      }
    },
    {
      "attributes": {
        "owner": "DFA",
        "stage": "Completed",
        "ea1": "W44P02",
        "ea2": "Western Region"
      }
    },
    {
      "attributes": {
        "owner": "DFA",
        "stage": "Completed",
        "ea1": "VS02393GH001509  ",
        "ea2": "Northern Region"
      }
    },
    {
      "attributes": {
        "owner": "DFA",
        "stage": "Completed",
        "ea1": "none",
        "ea2": "None"
      }
    },
    {
      "attributes": {
        "owner": "DFA",
        "stage": "Completed",
        "ea1": "W44P02",
        "ea2": "Eastern Region"
      }
    },
    {
      "attributes": {
        "owner": "DFA",
        "stage": "Construction",
        "ea1": "none",
        "ea2": "None"
      }
    },
    {
      "attributes": {
        "owner": "DFA",
        "stage": "Construction",
        "ea1": "none",
        "ea2": "None"
      }
    },
    {
      "attributes": {
        "owner": "DFA",
        "stage": "Construction",
        "ea1": "none",
        "ea2": "None"
      }
    },
    {
      "attributes": {
        "owner": "DFA",
        "stage": "Completed",
        "ea1": "W44P02",
        "ea2": "Eastern Region"
      }
    },
    {
      "attributes": {
        "owner": "DFA",
        "stage": "Completed",
        "ea1": "none",
        "ea2": "None"
      }
    },
    {
      "attributes": {
        "owner": "DFA",
        "stage": "Completed",
        "ea1": "none",
        "ea2": "None"
      }
    },
    {
      "attributes": {
        "owner": "DFA",
        "stage": "Completed",
        "ea1": "W50P04",
        "ea2": "Western Region"
      }
    },
    {
      "attributes": {
        "owner": "DFA",
        "stage": "Construction",
        "ea1": "none",
        "ea2": "None"
      }
    },
    {
      "attributes": {
        "owner": "DFA",
        "stage": "Completed",
        "ea1": "W50P04",
        "ea2": "Western Region"
      }
    },
    {
      "attributes": {
        "owner": "DFA",
        "stage": "Completed",
        "ea1": "W50P04",
        "ea2": "Western Region"
      }
    },
    {
      "attributes": {
        "owner": "DFA",
        "stage": "Completed",
        "ea1": "W50P04",
        "ea2": "Western Region"
      }
    },
    {
      "attributes": {
        "owner": "DFA",
        "stage": "Completed",
        "ea1": "W50P04",
        "ea2": "Western Region"
      }
    },
    {
      "attributes": {
        "owner": "DFA",
        "stage": "Completed",
        "ea1": "W50P04",
        "ea2": "Western Region"
      }
    },
    {
      "attributes": {
        "owner": "DFA",
        "stage": "Completed",
        "ea1": "W50P04",
        "ea2": "Western Region"
      }
    },
    {
      "attributes": {
        "owner": "DFA",
        "stage": "Completed",
        "ea1": "W50P04",
        "ea2": "Western Region"
      }
    },
    {
      "attributes": {
        "owner": "DFA",
        "stage": "Completed",
        "ea1": "W50P04",
        "ea2": "Western Region"
      }
    },
    {
      "attributes": {
        "owner": "DFA",
        "stage": "Completed",
        "ea1": "W50P04",
        "ea2": "Western Region"
      }
    },
    {
      "attributes": {
        "owner": "DFA",
        "stage": "Completed",
        "ea1": "W50P04",
        "ea2": "Western Region"
      }
    },
    {
      "attributes": {
        "owner": "DFA",
        "stage": "Completed",
        "ea1": "W50P04",
        "ea2": "Western Region"
      }
    },
    {
      "attributes": {
        "owner": "DFA",
        "stage": "Completed",
        "ea1": "W50P04",
        "ea2": "Western Region"
      }
    },
    {
      "attributes": {
        "owner": "DFA",
        "stage": "Completed",
        "ea1": "W50P04",
        "ea2": "Western Region"
      }
    },
    {
      "attributes": {
        "owner": "DFA",
        "stage": "Completed",
        "ea1": "W50P04",
        "ea2": "Western Region"
      }
    },
    {
      "attributes": {
        "owner": "DFA",
        "stage": "Completed",
        "ea1": "W50P04",
        "ea2": "Western Region"
      }
    },
    {
      "attributes": {
        "owner": "DFA",
        "stage": "Completed",
        "ea1": "W50P04",
        "ea2": "Western Region"
      }
    },
    {
      "attributes": {
        "owner": "DFA",
        "stage": "Completed",
        "ea1": "W50P04",
        "ea2": "Western Region"
      }
    },
    {
      "attributes": {
        "owner": "DFA",
        "stage": "Completed",
        "ea1": "W50P04",
        "ea2": "Western Region"
      }
    },
    {
      "attributes": {
        "owner": "DFA",
        "stage": "Completed",
        "ea1": "W50P04",
        "ea2": "Western Region"
      }
    },
    {
      "attributes": {
        "owner": "DFA",
        "stage": "Completed",
        "ea1": "W50P04",
        "ea2": "Western Region"
      }
    },
    {
      "attributes": {
        "owner": "DFA",
        "stage": "Completed",
        "ea1": "W50P04",
        "ea2": "Western Region"
      }
    },
    {
      "attributes": {
        "owner": "DFA",
        "stage": "Completed",
        "ea1": "W50P04",
        "ea2": "Western Region"
      }
    },
    {
      "attributes": {
        "owner": "DFA",
        "stage": "Completed",
        "ea1": "W50P04",
        "ea2": "Western Region"
      }
    },
    {
      "attributes": {
        "owner": "DFA",
        "stage": "Completed",
        "ea1": "W50P04",
        "ea2": "Western Region"
      }
    },
    {
      "attributes": {
        "owner": "DFA",
        "stage": "Completed",
        "ea1": "W50P04",
        "ea2": "Western Region"
      }
    },
    {
      "attributes": {
        "owner": "DFA",
        "stage": "Completed",
        "ea1": "W50P04",
        "ea2": "Western Region"
      }
    },
    {
      "attributes": {
        "owner": "DFA",
        "stage": "Construction",
        "ea1": "none",
        "ea2": "None"
      }
    },
    {
      "attributes": {
        "owner": "DFA",
        "stage": "Completed",
        "ea1": "W50P04",
        "ea2": "Western Region"
      }
    },
    {
      "attributes": {
        "owner": "DFA",
        "stage": "Completed",
        "ea1": "W50P04",
        "ea2": "Western Region"
      }
    },
    {
      "attributes": {
        "owner": "DFA",
        "stage": "Completed",
        "ea1": "W50P04",
        "ea2": "Western Region"
      }
    },
    {
      "attributes": {
        "owner": "DFA",
        "stage": "Completed",
        "ea1": "W50P04",
        "ea2": "Western Region"
      }
    },
    {
      "attributes": {
        "owner": "DFA",
        "stage": "Completed",
        "ea1": "W50P04",
        "ea2": "Western Region"
      }
    },
    {
      "attributes": {
        "owner": "DFA",
        "stage": "Completed",
        "ea1": "W50P04",
        "ea2": "Western Region"
      }
    },
    {
      "attributes": {
        "owner": "DFA",
        "stage": "Completed",
        "ea1": "W50P04",
        "ea2": "Western Region"
      }
    },
    {
      "attributes": {
        "owner": "DFA",
        "stage": "Completed",
        "ea1": "W50P04",
        "ea2": "Western Region"
      }
    },
    {
      "attributes": {
        "owner": "DFA",
        "stage": "Completed",
        "ea1": "W50P04",
        "ea2": "Western Region"
      }
    },
    {
      "attributes": {
        "owner": "DFA",
        "stage": "Completed",
        "ea1": "W50P04",
        "ea2": "Western Region"
      }
    },
    {
      "attributes": {
        "owner": "DFA",
        "stage": "Completed",
        "ea1": "W50P04",
        "ea2": "Western Region"
      }
    },
    {
      "attributes": {
        "owner": "DFA",
        "stage": "Completed",
        "ea1": "W43P02",
        "ea2": "Western Region"
      }
    },
    {
      "attributes": {
        "owner": "DFA",
        "stage": "Completed",
        "ea1": "K20P23",
        "ea2": "Kwa-Zulu Natal"
      }
    },
    {
      "attributes": {
        "owner": "DFA",
        "stage": "Completed",
        "ea1": "K20P23",
        "ea2": "Kwa-Zulu Natal"
      }
    },
    {
      "attributes": {
        "owner": "DFA",
        "stage": "Completed",
        "ea1": "K20P23",
        "ea2": "Kwa-Zulu Natal"
      }
    },
    {
      "attributes": {
        "owner": "DFA",
        "stage": "Completed",
        "ea1": "K20P23",
        "ea2": "Kwa-Zulu Natal"
      }
    },
    {
      "attributes": {
        "owner": "DFA",
        "stage": "Completed",
        "ea1": "K20P23",
        "ea2": "Kwa-Zulu Natal"
      }
    },
    {
      "attributes": {
        "owner": "DFA",
        "stage": "Completed",
        "ea1": "K20P23",
        "ea2": "Kwa-Zulu Natal"
      }
    },
    {
      "attributes": {
        "owner": "DFA",
        "stage": "Completed",
        "ea1": "none",
        "ea2": "Western Region"
      }
    },
    {
      "attributes": {
        "owner": "DFA",
        "stage": "Construction",
        "ea1": "none",
        "ea2": "None"
      }
    },
    {
      "attributes": {
        "owner": "DFA",
        "stage": "Completed",
        "ea1": "W50P55",
        "ea2": "Western Region"
      }
    },
    {
      "attributes": {
        "owner": "DFA",
        "stage": "Completed",
        "ea1": "W50P55",
        "ea2": "Western Region"
      }
    },
    {
      "attributes": {
        "owner": "DFA",
        "stage": "Completed",
        "ea1": "W50P55",
        "ea2": "Western Region"
      }
    },
    {
      "attributes": {
        "owner": "DFA",
        "stage": "Completed",
        "ea1": "W50P55",
        "ea2": "Western Region"
      }
    },
    {
      "attributes": {
        "owner": "DFA",
        "stage": "Completed",
        "ea1": "W50P55",
        "ea2": "Western Region"
      }
    },
    {
      "attributes": {
        "owner": "DFA",
        "stage": "Completed",
        "ea1": "W50P55",
        "ea2": "Western Region"
      }
    },
    {
      "attributes": {
        "owner": "DFA",
        "stage": "Completed",
        "ea1": "W50P55",
        "ea2": "Western Region"
      }
    },
    {
      "attributes": {
        "owner": "DFA",
        "stage": "Completed",
        "ea1": "W50P55",
        "ea2": "Western Region"
      }
    },
    {
      "attributes": {
        "owner": "DFA",
        "stage": "Completed",
        "ea1": "W50P55",
        "ea2": "Western Region"
      }
    },
    {
      "attributes": {
        "owner": "DFA",
        "stage": "Completed",
        "ea1": "W50P55",
        "ea2": "Western Region"
      }
    },
    {
      "attributes": {
        "owner": "DFA",
        "stage": "Completed",
        "ea1": "W50P55",
        "ea2": "Western Region"
      }
    },
    {
      "attributes": {
        "owner": "DFA",
        "stage": "Completed",
        "ea1": "W50P55",
        "ea2": "Western Region"
      }
    },
    {
      "attributes": {
        "owner": "DFA",
        "stage": "Completed",
        "ea1": "W50P55",
        "ea2": "Western Region"
      }
    },
    {
      "attributes": {
        "owner": "DFA",
        "stage": "Completed",
        "ea1": "W50P55",
        "ea2": "Western Region"
      }
    },
    {
      "attributes": {
        "owner": "DFA",
        "stage": "Completed",
        "ea1": "W50P55",
        "ea2": "Western Region"
      }
    },
    {
      "attributes": {
        "owner": "DFA",
        "stage": "Completed",
        "ea1": "W50P55",
        "ea2": "Western Region"
      }
    },
    {
      "attributes": {
        "owner": "DFA",
        "stage": "Completed",
        "ea1": "W50P55",
        "ea2": "Western Region"
      }
    },
    {
      "attributes": {
        "owner": "DFA",
        "stage": "Completed",
        "ea1": "W50P55",
        "ea2": "Western Region"
      }
    },
    {
      "attributes": {
        "owner": "DFA",
        "stage": "Completed",
        "ea1": "W50P55",
        "ea2": "Western Region"
      }
    },
    {
      "attributes": {
        "owner": "DFA",
        "stage": "Completed",
        "ea1": "W50P55",
        "ea2": "Western Region"
      }
    },
    {
      "attributes": {
        "owner": "DFA",
        "stage": "Completed",
        "ea1": "W50P55",
        "ea2": "Western Region"
      }
    },
    {
      "attributes": {
        "owner": "DFA",
        "stage": "Completed",
        "ea1": "W50P55",
        "ea2": "Western Region"
      }
    },
    {
      "attributes": {
        "owner": "DFA",
        "stage": "Completed",
        "ea1": "W50P55",
        "ea2": "Western Region"
      }
    },
    {
      "attributes": {
        "owner": "DFA",
        "stage": "Completed",
        "ea1": "W50P55",
        "ea2": "Western Region"
      }
    },
    {
      "attributes": {
        "owner": "DFA",
        "stage": "Completed",
        "ea1": "W50P55",
        "ea2": "Western Region"
      }
    },
    {
      "attributes": {
        "owner": "DFA",
        "stage": "Completed",
        "ea1": "W50P55",
        "ea2": "Western Region"
      }
    },
    {
      "attributes": {
        "owner": "DFA",
        "stage": "Completed",
        "ea1": "W50P55",
        "ea2": "Western Region"
      }
    },
    {
      "attributes": {
        "owner": "DFA",
        "stage": "Completed",
        "ea1": "W50P55",
        "ea2": "Western Region"
      }
    },
    {
      "attributes": {
        "owner": "DFA",
        "stage": "Completed",
        "ea1": "W50P55",
        "ea2": "Western Region"
      }
    },
    {
      "attributes": {
        "owner": "DFA",
        "stage": "Completed",
        "ea1": "W50P55",
        "ea2": "Western Region"
      }
    },
    {
      "attributes": {
        "owner": "DFA",
        "stage": "Completed",
        "ea1": "W50P55",
        "ea2": "Western Region"
      }
    },
    {
      "attributes": {
        "owner": "DFA",
        "stage": "Completed",
        "ea1": "W50P55",
        "ea2": "Western Region"
      }
    },
    {
      "attributes": {
        "owner": "DFA",
        "stage": "Completed",
        "ea1": "W50P55",
        "ea2": "Western Region"
      }
    },
    {
      "attributes": {
        "owner": "DFA",
        "stage": "Completed",
        "ea1": "W50P55",
        "ea2": "Western Region"
      }
    },
    {
      "attributes": {
        "owner": "DFA",
        "stage": "Completed",
        "ea1": "W50P55",
        "ea2": "Western Region"
      }
    },
    {
      "attributes": {
        "owner": "DFA",
        "stage": "Completed",
        "ea1": "W50P55",
        "ea2": "Western Region"
      }
    },
    {
      "attributes": {
        "owner": "DFA",
        "stage": "Completed",
        "ea1": "W50P55",
        "ea2": "Western Region"
      }
    },
    {
      "attributes": {
        "owner": "DFA",
        "stage": "Completed",
        "ea1": "W50P55",
        "ea2": "Western Region"
      }
    },
    {
      "attributes": {
        "owner": "DFA",
        "stage": "Completed",
        "ea1": "W50P55",
        "ea2": "Western Region"
      }
    },
    {
      "attributes": {
        "owner": "DFA",
        "stage": "Completed",
        "ea1": "W50P55",
        "ea2": "Western Region"
      }
    },
    {
      "attributes": {
        "owner": "DFA",
        "stage": "Completed",
        "ea1": "W50P55",
        "ea2": "Western Region"
      }
    },
    {
      "attributes": {
        "owner": "DFA",
        "stage": "Completed",
        "ea1": "W50P55",
        "ea2": "Western Region"
      }
    },
    {
      "attributes": {
        "owner": "DFA",
        "stage": "Completed",
        "ea1": "W50P55",
        "ea2": "Western Region"
      }
    },
    {
      "attributes": {
        "owner": "DFA",
        "stage": "Completed",
        "ea1": "W50P55",
        "ea2": "Western Region"
      }
    },
    {
      "attributes": {
        "owner": "DFA",
        "stage": "Completed",
        "ea1": "W50P55",
        "ea2": "Western Region"
      }
    },
    {
      "attributes": {
        "owner": "DFA",
        "stage": "Completed",
        "ea1": "W50P55",
        "ea2": "Western Region"
      }
    },
    {
      "attributes": {
        "owner": "DFA",
        "stage": "Completed",
        "ea1": "W50P55",
        "ea2": "Western Region"
      }
    },
    {
      "attributes": {
        "owner": "DFA",
        "stage": "Completed",
        "ea1": "W50P55",
        "ea2": "Western Region"
      }
    },
    {
      "attributes": {
        "owner": "DFA",
        "stage": "Completed",
        "ea1": "W50P55",
        "ea2": "Western Region"
      }
    },
    {
      "attributes": {
        "owner": "DFA",
        "stage": "Completed",
        "ea1": "W50P55",
        "ea2": "Western Region"
      }
    },
    {
      "attributes": {
        "owner": "DFA",
        "stage": "Completed",
        "ea1": "W50P55",
        "ea2": "Western Region"
      }
    },
    {
      "attributes": {
        "owner": "DFA",
        "stage": "Completed",
        "ea1": "W50P55",
        "ea2": "Western Region"
      }
    },
    {
      "attributes": {
        "owner": "DFA",
        "stage": "Completed",
        "ea1": "W50P55",
        "ea2": "Western Region"
      }
    },
    {
      "attributes": {
        "owner": "DFA",
        "stage": "Construction",
        "ea1": "AS70123WH364200",
        "ea2": "Western Region"
      }
    },
    {
      "attributes": {
        "owner": "DFA",
        "stage": "Completed",
        "ea1": "AS00118WH282167",
        "ea2": "None"
      }
    },
    {
      "attributes": {
        "owner": "DFA",
        "stage": "Completed",
        "ea1": "K50P75",
        "ea2": "Kwa-Zulu Natal"
      }
    },
    {
      "attributes": {
        "owner": "DFA",
        "stage": "Completed",
        "ea1": "K50P75",
        "ea2": "Kwa-Zulu Natal"
      }
    },
    {
      "attributes": {
        "owner": "DFA",
        "stage": "Completed",
        "ea1": " ",
        "ea2": "Kwa-Zulu Natal"
      }
    },
    {
      "attributes": {
        "owner": "DFA",
        "stage": "Completed",
        "ea1": "AS01092BH021465",
        "ea2": "Northern Region"
      }
    },
    {
      "attributes": {
        "owner": "DFA",
        "stage": "Completed",
        "ea1": "K50P75",
        "ea2": "Kwa-Zulu Natal"
      }
    },
    {
      "attributes": {
        "owner": "DFA",
        "stage": "Completed",
        "ea1": "K50P75",
        "ea2": "Kwa-Zulu Natal"
      }
    },
    {
      "attributes": {
        "owner": "DFA",
        "stage": "Completed",
        "ea1": "K50P75",
        "ea2": "Kwa-Zulu Natal"
      }
    },
    {
      "attributes": {
        "owner": "DFA",
        "stage": "Completed",
        "ea1": "K50P84",
        "ea2": "Kwa-Zulu Natal"
      }
    },
    {
      "attributes": {
        "owner": "DFA",
        "stage": "Completed",
        "ea1": "K50P75",
        "ea2": "Kwa-Zulu Natal"
      }
    },
    {
      "attributes": {
        "owner": "DFA",
        "stage": "Completed",
        "ea1": "K01P06",
        "ea2": "Kwa-Zulu Natal"
      }
    },
    {
      "attributes": {
        "owner": "DFA",
        "stage": "Completed",
        "ea1": "K50P84",
        "ea2": "Kwa-Zulu Natal"
      }
    },
    {
      "attributes": {
        "owner": "DFA",
        "stage": "Completed",
        "ea1": "K50P84",
        "ea2": "Kwa-Zulu Natal"
      }
    },
    {
      "attributes": {
        "owner": "DFA",
        "stage": "Completed",
        "ea1": "K50P75",
        "ea2": "Kwa-Zulu Natal"
      }
    },
    {
      "attributes": {
        "owner": "DFA",
        "stage": "Completed",
        "ea1": "K50P75",
        "ea2": "Kwa-Zulu Natal"
      }
    },
    {
      "attributes": {
        "owner": "DFA",
        "stage": "Completed",
        "ea1": "K50P75",
        "ea2": "Kwa-Zulu Natal"
      }
    },
    {
      "attributes": {
        "owner": "DFA",
        "stage": "Completed",
        "ea1": "K50P75",
        "ea2": "Kwa-Zulu Natal"
      }
    },
    {
      "attributes": {
        "owner": "DFA",
        "stage": "Completed",
        "ea1": "K50P75",
        "ea2": "Kwa-Zulu Natal"
      }
    },
    {
      "attributes": {
        "owner": "DFA",
        "stage": "Completed",
        "ea1": "K50P75",
        "ea2": "Kwa-Zulu Natal"
      }
    },
    {
      "attributes": {
        "owner": "DFA",
        "stage": "Completed",
        "ea1": "K50P75",
        "ea2": "Kwa-Zulu Natal"
      }
    },
    {
      "attributes": {
        "owner": "DFA",
        "stage": "Construction",
        "ea1": "none",
        "ea2": "None"
      }
    },
    {
      "attributes": {
        "owner": "DFA",
        "stage": "Completed",
        "ea1": "K50P75",
        "ea2": "Kwa-Zulu Natal"
      }
    },
    {
      "attributes": {
        "owner": "DFA",
        "stage": "Completed",
        "ea1": "K50P75",
        "ea2": "Kwa-Zulu Natal"
      }
    },
    {
      "attributes": {
        "owner": "DFA",
        "stage": "Completed",
        "ea1": "K50P75",
        "ea2": "Kwa-Zulu Natal"
      }
    },
    {
      "attributes": {
        "owner": "DFA",
        "stage": "Completed",
        "ea1": "K50P75",
        "ea2": "Kwa-Zulu Natal"
      }
    },
    {
      "attributes": {
        "owner": "DFA",
        "stage": "Completed",
        "ea1": "K50P75",
        "ea2": "Kwa-Zulu Natal"
      }
    },
    {
      "attributes": {
        "owner": "DFA",
        "stage": "Completed",
        "ea1": "K50P75",
        "ea2": "Kwa-Zulu Natal"
      }
    },
    {
      "attributes": {
        "owner": "DFA",
        "stage": "Completed",
        "ea1": "K50P75",
        "ea2": "Kwa-Zulu Natal"
      }
    },
    {
      "attributes": {
        "owner": "DFA",
        "stage": "Completed",
        "ea1": "AS05390BH005002",
        "ea2": "Northern Region"
      }
    },
    {
      "attributes": {
        "owner": "DFA",
        "stage": "Construction",
        "ea1": "none",
        "ea2": "None"
      }
    },
    {
      "attributes": {
        "owner": "DFA",
        "stage": "Completed",
        "ea1": "W50P12",
        "ea2": "Western Region"
      }
    },
    {
      "attributes": {
        "owner": "DFA",
        "stage": "Completed",
        "ea1": "W50P12",
        "ea2": "Western Region"
      }
    },
    {
      "attributes": {
        "owner": "DFA",
        "stage": "Completed",
        "ea1": "W50P12",
        "ea2": "Western Region"
      }
    },
    {
      "attributes": {
        "owner": "DFA",
        "stage": "Completed",
        "ea1": "W50P12",
        "ea2": "Western Region"
      }
    },
    {
      "attributes": {
        "owner": "DFA",
        "stage": "Completed",
        "ea1": "W50P12",
        "ea2": "Western Region"
      }
    },
    {
      "attributes": {
        "owner": "DFA",
        "stage": "Completed",
        "ea1": "W50P12",
        "ea2": "Western Region"
      }
    },
    {
      "attributes": {
        "owner": "DFA",
        "stage": "Completed",
        "ea1": "K50P75",
        "ea2": "Kwa-Zulu Natal"
      }
    },
    {
      "attributes": {
        "owner": "DFA",
        "stage": "Completed",
        "ea1": "W50P12",
        "ea2": "Western Region"
      }
    },
    {
      "attributes": {
        "owner": "DFA",
        "stage": "Completed",
        "ea1": "W50P12",
        "ea2": "Western Region"
      }
    },
    {
      "attributes": {
        "owner": "DFA",
        "stage": "Completed",
        "ea1": "W50P12",
        "ea2": "Western Region"
      }
    },
    {
      "attributes": {
        "owner": "DFA",
        "stage": "Completed",
        "ea1": "W50P12",
        "ea2": "Western Region"
      }
    }
  ],
  "exceededTransferLimit": true
}

Response body doesn't match expectation.
Expected: a string containing "DFA Internal Contracts"
  Actual: {
  "displayFieldName": "name",
  "fieldAliases": {
    "owner": "owner",
    "stage": "stage",
    "ea1": "Route Name",
    "ea2": "DFA Region"
  },
  "fields": [
    {
      "name": "owner",
      "type": "esriFieldTypeString",
      "alias": "owner",
      "length": 50
    },
    {
      "name": "stage",
      "type": "esriFieldTypeString",
      "alias": "stage",
      "length": 30
    },
    {
      "name": "ea1",
      "type": "esriFieldTypeString",
      "alias": "Route Name",
      "length": 100
    },
    {
      "name": "ea2",
      "type": "esriFieldTypeString",
      "alias": "DFA Region",
      "length": 100
    }
  ],
  "features": [
    {
      "attributes": {
        "owner": "DFA",
        "stage": "Completed",
        "ea1": "G02P03",
        "ea2": "Gauteng South"
      }
    },
    {
      "attributes": {
        "owner": "DFA",
        "stage": "Completed",
        "ea1": "K30P12",
        "ea2": "Kwa-Zulu Natal"
      }
    },
    {
      "attributes": {
        "owner": "DFA",
        "stage": "Completed",
        "ea1": "K30P12",
        "ea2": "Kwa-Zulu Natal"
      }
    },
    {
      "attributes": {
        "owner": "DFA",
        "stage": "Completed",
        "ea1": "K30P12",
        "ea2": "Kwa-Zulu Natal"
      }
    },
    {
      "attributes": {
        "owner": "DFA",
        "stage": "Completed",
        "ea1": "K30P12",
        "ea2": "Kwa-Zulu Natal"
      }
    },
    {
      "attributes": {
        "owner": "DFA",
        "stage": "Completed",
        "ea1": "K30P12",
        "ea2": "Kwa-Zulu Natal"
      }
    },
    {
      "attributes": {
        "owner": "DFA",
        "stage": "Completed",
        "ea1": "K30P12",
        "ea2": "Kwa-Zulu Natal"
      }
    },
    {
      "attributes": {
        "owner": "DFA",
        "stage": "Completed",
        "ea1": "K30P12",
        "ea2": "Kwa-Zulu Natal"
      }
    },
    {
      "attributes": {
        "owner": "DFA",
        "stage": "Completed",
        "ea1": "K30P12",
        "ea2": "Kwa-Zulu Natal"
      }
    },
    {
      "attributes": {
        "owner": "DFA",
        "stage": "Completed",
        "ea1": "K30P12",
        "ea2": "Kwa-Zulu Natal"
      }
    },
    {
      "attributes": {
        "owner": "DFA",
        "stage": "Completed",
        "ea1": "K30P12",
        "ea2": "Kwa-Zulu Natal"
      }
    },
    {
      "attributes": {
        "owner": "DFA",
        "stage": "Completed",
        "ea1": "K30P14",
        "ea2": "Kwa-Zulu Natal"
      }
    },
    {
      "attributes": {
        "owner": "DFA",
        "stage": "Completed",
        "ea1": "K50P53",
        "ea2": "Kwa-Zulu Natal"
      }
    },
    {
      "attributes": {
        "owner": "DFA",
        "stage": "Completed",
        "ea1": "K50P53",
        "ea2": "Kwa-Zulu Natal"
      }
    },
    {
      "attributes": {
        "owner": "DFA",
        "stage": "Completed",
        "ea1": "K50P53",
        "ea2": "Kwa-Zulu Natal"
      }
    },
    {
      "attributes": {
        "owner": "DFA",
        "stage": "Completed",
        "ea1": "K50P53",
        "ea2": "Kwa-Zulu Natal"
      }
    },
    {
      "attributes": {
        "owner": "DFA",
        "stage": "Completed",
        "ea1": "K50P53",
        "ea2": "Kwa-Zulu Natal"
      }
    },
    {
      "attributes": {
        "owner": "DFA",
        "stage": "Completed",
        "ea1": "K50P53",
        "ea2": "Kwa-Zulu Natal"
      }
    },
    {
      "attributes": {
        "owner": "DFA",
        "stage": "Completed",
        "ea1": "K50P53",
        "ea2": "Kwa-Zulu Natal"
      }
    },
    {
      "attributes": {
        "owner": "DFA",
        "stage": "Completed",
        "ea1": "K50P53",
        "ea2": "Kwa-Zulu Natal"
      }
    },
    {
      "attributes": {
        "owner": "DFA",
        "stage": "Completed",
        "ea1": "K50P53",
        "ea2": "Kwa-Zulu Natal"
      }
    },
    {
      "attributes": {
        "owner": "DFA",
        "stage": "Completed",
        "ea1": "K50P53",
        "ea2": "Kwa-Zulu Natal"
      }
    },
    {
      "attributes": {
        "owner": "DFA",
        "stage": "Completed",
        "ea1": "K50P53",
        "ea2": "Kwa-Zulu Natal"
      }
    },
    {
      "attributes": {
        "owner": "DFA",
        "stage": "Completed",
        "ea1": "K50P53",
        "ea2": "Kwa-Zulu Natal"
      }
    },
    {
      "attributes": {
        "owner": "DFA",
        "stage": "Completed",
        "ea1": "K50P45",
        "ea2": "Kwa-Zulu Natal"
      }
    },
    {
      "attributes": {
        "owner": "DFA",
        "stage": "Completed",
        "ea1": "K50P45",
        "ea2": "Kwa-Zulu Natal"
      }
    },
    {
      "attributes": {
        "owner": "DFA",
        "stage": "Completed",
        "ea1": "K50P45",
        "ea2": "Kwa-Zulu Natal"
      }
    },
    {
      "attributes": {
        "owner": "DFA",
        "stage": "Completed",
        "ea1": "K50P45",
        "ea2": "Kwa-Zulu Natal"
      }
    },
    {
      "attributes": {
        "owner": "DFA",
        "stage": "Completed",
        "ea1": "K50P45",
        "ea2": "Kwa-Zulu Natal"
      }
    },
    {
      "attributes": {
        "owner": "DFA",
        "stage": "Completed",
        "ea1": "K50P45",
        "ea2": "Kwa-Zulu Natal"
      }
    },
    {
      "attributes": {
        "owner": "DFA",
        "stage": "Completed",
        "ea1": "K01P05",
        "ea2": "Kwa-Zulu Natal"
      }
    },
    {
      "attributes": {
        "owner": "DFA",
        "stage": "Completed",
        "ea1": "K50P09",
        "ea2": "Kwa-Zulu Natal"
      }
    },
    {
      "attributes": {
        "owner": "DFA",
        "stage": "Completed",
        "ea1": "K50P09",
        "ea2": "Kwa-Zulu Natal"
      }
    },
    {
      "attributes": {
        "owner": "DFA",
        "stage": "Completed",
        "ea1": "K50P09",
        "ea2": "Kwa-Zulu Natal"
      }
    },
    {
      "attributes": {
        "owner": "DFA",
        "stage": "Completed",
        "ea1": "K50P09",
        "ea2": "Kwa-Zulu Natal"
      }
    },
    {
      "attributes": {
        "owner": "DFA",
        "stage": "Completed",
        "ea1": "K50P09",
        "ea2": "Kwa-Zulu Natal"
      }
    },
    {
      "attributes": {
        "owner": "DFA",
        "stage": "Completed",
        "ea1": "K50P09",
        "ea2": "Kwa-Zulu Natal"
      }
    },
    {
      "attributes": {
        "owner": "DFA",
        "stage": "Completed",
        "ea1": "K50P09",
        "ea2": "Kwa-Zulu Natal"
      }
    },
    {
      "attributes": {
        "owner": "DFA",
        "stage": "Completed",
        "ea1": "K50P09",
        "ea2": "Kwa-Zulu Natal"
      }
    },
    {
      "attributes": {
        "owner": "DFA",
        "stage": "Completed",
        "ea1": "K50P09",
        "ea2": "Kwa-Zulu Natal"
      }
    },
    {
      "attributes": {
        "owner": "DFA",
        "stage": "Completed",
        "ea1": "K50P09",
        "ea2": "Kwa-Zulu Natal"
      }
    },
    {
      "attributes": {
        "owner": "DFA",
        "stage": "Completed",
        "ea1": "AS0051CH023310",
        "ea2": "Western Region"
      }
    },
    {
      "attributes": {
        "owner": "DFA",
        "stage": "Completed",
        "ea1": "K30P11",
        "ea2": "Kwa-Zulu Natal"
      }
    },
    {
      "attributes": {
        "owner": "DFA",
        "stage": "Completed",
        "ea1": "K50P31",
        "ea2": "Kwa-Zulu Natal"
      }
    },
    {
      "attributes": {
        "owner": "DFA",
        "stage": "Completed",
        "ea1": "K50P31",
        "ea2": "Kwa-Zulu Natal"
      }
    },
    {
      "attributes": {
        "owner": "DFA",
        "stage": "Completed",
        "ea1": "K50P31",
        "ea2": "Kwa-Zulu Natal"
      }
    },
    {
      "attributes": {
        "owner": "DFA",
        "stage": "Completed",
        "ea1": "K50P31",
        "ea2": "Kwa-Zulu Natal"
      }
    },
    {
      "attributes": {
        "owner": "DFA",
        "stage": "Completed",
        "ea1": "K50P31",
        "ea2": "Kwa-Zulu Natal"
      }
    },
    {
      "attributes": {
        "owner": "DFA",
        "stage": "Completed",
        "ea1": "K50P31",
        "ea2": "Kwa-Zulu Natal"
      }
    },
    {
      "attributes": {
        "owner": "DFA",
        "stage": "Completed",
        "ea1": "K50P31",
        "ea2": "Kwa-Zulu Natal"
      }
    },
    {
      "attributes": {
        "owner": "DFA",
        "stage": "Completed",
        "ea1": "K50P31",
        "ea2": "Kwa-Zulu Natal"
      }
    },
    {
      "attributes": {
        "owner": "DFA",
        "stage": "Completed",
        "ea1": "K50P33",
        "ea2": "Kwa-Zulu Natal"
      }
    },
    {
      "attributes": {
        "owner": "DFA",
        "stage": "Completed",
        "ea1": "AS00590GH001265",
        "ea2": "Gauteng South"
      }
    },
    {
      "attributes": {
        "owner": "DFA",
        "stage": "Completed",
        "ea1": "K50P53",
        "ea2": "Kwa-Zulu Natal"
      }
    },
    {
      "attributes": {
        "owner": "DFA",
        "stage": "Completed",
        "ea1": "K50P23",
        "ea2": "Kwa-Zulu Natal"
      }
    },
    {
      "attributes": {
        "owner": "DFA",
        "stage": "Completed",
        "ea1": "AS04053GH024442",
        "ea2": "Gauteng South"
      }
    },
    {
      "attributes": {
        "owner": "DFA",
        "stage": "Completed",
        "ea1": "AS04053GH024443",
        "ea2": "Gauteng South"
      }
    },
    {
      "attributes": {
        "owner": "DFA",
        "stage": "Completed",
        "ea1": "K50P31",
        "ea2": "Kwa-Zulu Natal"
      }
    },
    {
      "attributes": {
        "owner": "DFA",
        "stage": "Completed",
        "ea1": "K50P31",
        "ea2": "Kwa-Zulu Natal"
      }
    },
    {
      "attributes": {
        "owner": "DFA",
        "stage": "Completed",
        "ea1": "AS01570GH001329",
        "ea2": "Gauteng South"
      }
    },
    {
      "attributes": {
        "owner": "DFA",
        "stage": "Completed",
        "ea1": "W01P08",
        "ea2": "Western Region"
      }
    },
    {
      "attributes": {
        "owner": "DFA",
        "stage": "Completed",
        "ea1": "K01P04",
        "ea2": "Kwa-Zulu Natal"
      }
    },
    {
      "attributes": {
        "owner": "DFA",
        "stage": "Completed",
        "ea1": "G65P40",
        "ea2": "Gauteng South"
      }
    },
    {
      "attributes": {
        "owner": "DFA",
        "stage": "Completed",
        "ea1": "K20P12",
        "ea2": "Kwa-Zulu Natal"
      }
    },
    {
      "attributes": {
        "owner": "DFA",
        "stage": "Completed",
        "ea1": "K30P04",
        "ea2": "Kwa-Zulu Natal"
      }
    },
    {
      "attributes": {
        "owner": "DFA",
        "stage": "Construction",
        "ea1": "none",
        "ea2": "Eastern Region"
      }
    },
    {
      "attributes": {
        "owner": "DFA",
        "stage": "Completed",
        "ea1": "K30P04",
        "ea2": "Kwa-Zulu Natal"
      }
    },
    {
      "attributes": {
        "owner": "DFA",
        "stage": "Completed",
        "ea1": "K50P36",
        "ea2": "Kwa-Zulu Natal"
      }
    },
    {
      "attributes": {
        "owner": "DFA",
        "stage": "Completed",
        "ea1": "VS02267KH022350",
        "ea2": "Kwa-Zulu Natal"
      }
    },
    {
      "attributes": {
        "owner": "DFA",
        "stage": "Completed",
        "ea1": "K30P09",
        "ea2": "Kwa-Zulu Natal"
      }
    },
    {
      "attributes": {
        "owner": "DFA",
        "stage": "Completed",
        "ea1": "AS01555GH000516",
        "ea2": "Gauteng South"
      }
    },
    {
      "attributes": {
        "owner": "DFA",
        "stage": "Completed",
        "ea1": "W44P04",
        "ea2": "Western Region"
      }
    },
    {
      "attributes": {
        "owner": "DFA",
        "stage": "Completed",
        "ea1": "W44P02",
        "ea2": "Western Region"
      }
    },
    {
      "attributes": {
        "owner": "DFA",
        "stage": "Completed",
        "ea1": "W44P02",
        "ea2": "Western Region"
      }
    },
    {
      "attributes": {
        "owner": "DFA",
        "stage": "Completed",
        "ea1": "none",
        "ea2": "Eastern Region"
      }
    },
    {
      "attributes": {
        "owner": "DFA",
        "stage": "Completed",
        "ea1": "W44P02",
        "ea2": "Western Region"
      }
    },
    {
      "attributes": {
        "owner": "DFA",
        "stage": "Completed",
        "ea1": "W44P02",
        "ea2": "Western Region"
      }
    },
    {
      "attributes": {
        "owner": "DFA",
        "stage": "Completed",
        "ea1": "W44P02",
        "ea2": "Western Region"
      }
    },
    {
      "attributes": {
        "owner": "DFA",
        "stage": "Completed",
        "ea1": "W44P07",
        "ea2": "Western Region"
      }
    },
    {
      "attributes": {
        "owner": "DFA",
        "stage": "Completed",
        "ea1": "W44P07",
        "ea2": "Western Region"
      }
    },
    {
      "attributes": {
        "owner": "DFA",
        "stage": "Completed",
        "ea1": "W44P07",
        "ea2": "Western Region"
      }
    },
    {
      "attributes": {
        "owner": "DFA",
        "stage": "Completed",
        "ea1": "VS03888WH050002",
        "ea2": "Western Region"
      }
    },
    {
      "attributes": {
        "owner": "DFA",
        "stage": "Completed",
        "ea1": "NW03P06",
        "ea2": "Northern Region"
      }
    },
    {
      "attributes": {
        "owner": "DFA",
        "stage": "Completed",
        "ea1": "NB50P80",
        "ea2": "Northern Region"
      }
    },
    {
      "attributes": {
        "owner": "DFA",
        "stage": "Construction",
        "ea1": "NB01P02",
        "ea2": "Northern Region"
      }
    },
    {
      "attributes": {
        "owner": "DFA",
        "stage": "Completed",
        "ea1": "G52P33",
        "ea2": "Gauteng South"
      }
    },
    {
      "attributes": {
        "owner": "DFA",
        "stage": "Completed",
        "ea1": "G52P33",
        "ea2": "Gauteng South"
      }
    },
    {
      "attributes": {
        "owner": "DFA",
        "stage": "Completed",
        "ea1": "G52P33",
        "ea2": "Gauteng South"
      }
    },
    {
      "attributes": {
        "owner": "DFA",
        "stage": "Completed",
        "ea1": "G52P33",
        "ea2": "Gauteng South"
      }
    },
    {
      "attributes": {
        "owner": "DFA",
        "stage": "Completed",
        "ea1": "G52P33",
        "ea2": "Gauteng South"
      }
    },
    {
      "attributes": {
        "owner": "DFA",
        "stage": "Completed",
        "ea1": "G52P33",
        "ea2": "Gauteng South"
      }
    },
    {
      "attributes": {
        "owner": "DFA",
        "stage": "Completed",
        "ea1": "G52P33",
        "ea2": "Gauteng South"
      }
    },
    {
      "attributes": {
        "owner": "DFA",
        "stage": "Completed",
        "ea1": "G52P33",
        "ea2": "Gauteng South"
      }
    },
    {
      "attributes": {
        "owner": "DFA",
        "stage": "Completed",
        "ea1": "G52P33",
        "ea2": "Gauteng South"
      }
    },
    {
      "attributes": {
        "owner": "DFA",
        "stage": "Completed",
        "ea1": "G52P33",
        "ea2": "Gauteng South"
      }
    },
    {
      "attributes": {
        "owner": "DFA",
        "stage": "Completed",
        "ea1": "G52P33",
        "ea2": "Gauteng South"
      }
    },
    {
      "attributes": {
        "owner": "DFA",
        "stage": "Completed",
        "ea1": "G52P33",
        "ea2": "Gauteng South"
      }
    },
    {
      "attributes": {
        "owner": "DFA",
        "stage": "Completed",
        "ea1": "G52P33",
        "ea2": "Gauteng South"
      }
    },
    {
      "attributes": {
        "owner": "DFA",
        "stage": "Completed",
        "ea1": "G52P33",
        "ea2": "Gauteng South"
      }
    },
    {
      "attributes": {
        "owner": "DFA",
        "stage": "Completed",
        "ea1": "G52P33",
        "ea2": "Gauteng South"
      }
    },
    {
      "attributes": {
        "owner": "DFA",
        "stage": "Completed",
        "ea1": "G52P33",
        "ea2": "Gauteng South"
      }
    },
    {
      "attributes": {
        "owner": "DFA",
        "stage": "Completed",
        "ea1": "G52P33",
        "ea2": "Gauteng South"
      }
    },
    {
      "attributes": {
        "owner": "DFA",
        "stage": "Completed",
        "ea1": "G52P33",
        "ea2": "Gauteng South"
      }
    },
    {
      "attributes": {
        "owner": "DFA",
        "stage": "Completed",
        "ea1": "G52P33",
        "ea2": "Gauteng South"
      }
    },
    {
      "attributes": {
        "owner": "DFA",
        "stage": "Completed",
        "ea1": "G52P33",
        "ea2": "Gauteng South"
      }
    },
    {
      "attributes": {
        "owner": "DFA",
        "stage": "Completed",
        "ea1": "G52P33",
        "ea2": "Gauteng South"
      }
    },
    {
      "attributes": {
        "owner": "DFA",
        "stage": "Completed",
        "ea1": "G52P33",
        "ea2": "Gauteng South"
      }
    },
    {
      "attributes": {
        "owner": "DFA",
        "stage": "Completed",
        "ea1": "G52P33",
        "ea2": "Gauteng South"
      }
    },
    {
      "attributes": {
        "owner": "DFA",
        "stage": "Completed",
        "ea1": "G52P33",
        "ea2": "Gauteng South"
      }
    },
    {
      "attributes": {
        "owner": "DFA",
        "stage": "Completed",
        "ea1": "G52P33",
        "ea2": "Gauteng South"
      }
    },
    {
      "attributes": {
        "owner": "DFA",
        "stage": "Completed",
        "ea1": "G52P33",
        "ea2": "Gauteng South"
      }
    },
    {
      "attributes": {
        "owner": "DFA",
        "stage": "Completed",
        "ea1": "G52P33",
        "ea2": "Gauteng South"
      }
    },
    {
      "attributes": {
        "owner": "DFA",
        "stage": "Completed",
        "ea1": "G52P33",
        "ea2": "Gauteng South"
      }
    },
    {
      "attributes": {
        "owner": "DFA",
        "stage": "Completed",
        "ea1": "G52P33",
        "ea2": "Gauteng South"
      }
    },
    {
      "attributes": {
        "owner": "DFA",
        "stage": "Completed",
        "ea1": "G52P33",
        "ea2": "Gauteng South"
      }
    },
    {
      "attributes": {
        "owner": "DFA",
        "stage": "Completed",
        "ea1": "G52P33",
        "ea2": "Gauteng South"
      }
    },
    {
      "attributes": {
        "owner": "DFA",
        "stage": "Completed",
        "ea1": "G52P33",
        "ea2": "Gauteng South"
      }
    },
    {
      "attributes": {
        "owner": "DFA",
        "stage": "Completed",
        "ea1": "G52P33",
        "ea2": "Gauteng South"
      }
    },
    {
      "attributes": {
        "owner": "DFA",
        "stage": "Completed",
        "ea1": "G52P33",
        "ea2": "Gauteng South"
      }
    },
    {
      "attributes": {
        "owner": "DFA",
        "stage": "Completed",
        "ea1": "G52P33",
        "ea2": "Gauteng South"
      }
    },
    {
      "attributes": {
        "owner": "DFA",
        "stage": "Completed",
        "ea1": "G52P33",
        "ea2": "Gauteng South"
      }
    },
    {
      "attributes": {
        "owner": "DFA",
        "stage": "Completed",
        "ea1": "G52P33",
        "ea2": "Gauteng South"
      }
    },
    {
      "attributes": {
        "owner": "DFA",
        "stage": "Completed",
        "ea1": "G52P33",
        "ea2": "Gauteng South"
      }
    },
    {
      "attributes": {
        "owner": "DFA",
        "stage": "Completed",
        "ea1": "G52P33",
        "ea2": "Gauteng South"
      }
    },
    {
      "attributes": {
        "owner": "DFA",
        "stage": "Completed",
        "ea1": "G52P33",
        "ea2": "Gauteng South"
      }
    },
    {
      "attributes": {
        "owner": "DFA",
        "stage": "Completed",
        "ea1": "G52P33",
        "ea2": "Gauteng South"
      }
    },
    {
      "attributes": {
        "owner": "DFA",
        "stage": "Completed",
        "ea1": "G52P33",
        "ea2": "Gauteng South"
      }
    },
    {
      "attributes": {
        "owner": "DFA",
        "stage": "Completed",
        "ea1": "G52P33",
        "ea2": "Gauteng South"
      }
    },
    {
      "attributes": {
        "owner": "DFA",
        "stage": "Completed",
        "ea1": "G52P33",
        "ea2": "Gauteng South"
      }
    },
    {
      "attributes": {
        "owner": "DFA",
        "stage": "Completed",
        "ea1": "G52P33",
        "ea2": "Gauteng South"
      }
    },
    {
      "attributes": {
        "owner": "DFA",
        "stage": "Construction",
        "ea1": "G50P66",
        "ea2": "Gauteng South"
      }
    },
    {
      "attributes": {
        "owner": "DFA",
        "stage": "Completed",
        "ea1": "G52P33",
        "ea2": "Gauteng South"
      }
    },
    {
      "attributes": {
        "owner": "DFA",
        "stage": "Completed",
        "ea1": "G52P33",
        "ea2": "Gauteng South"
      }
    },
    {
      "attributes": {
        "owner": "DFA",
        "stage": "Completed",
        "ea1": "G52P33",
        "ea2": "Gauteng South"
      }
    },
    {
      "attributes": {
        "owner": "DFA",
        "stage": "Completed",
        "ea1": "G52P33",
        "ea2": "Gauteng South"
      }
    },
    {
      "attributes": {
        "owner": "DFA",
        "stage": "Completed",
        "ea1": "G30P45",
        "ea2": "Gauteng South"
      }
    },
    {
      "attributes": {
        "owner": "DFA",
        "stage": "Completed",
        "ea1": "G52P43",
        "ea2": "Gauteng South"
      }
    },
    {
      "attributes": {
        "owner": "DFA",
        "stage": "Completed",
        "ea1": "G52P43",
        "ea2": "Gauteng South"
      }
    },
    {
      "attributes": {
        "owner": "DFA",
        "stage": "Completed",
        "ea1": "G52P43",
        "ea2": "Gauteng South"
      }
    },
    {
      "attributes": {
        "owner": "DFA",
        "stage": "Completed",
        "ea1": "G52P43",
        "ea2": "Gauteng South"
      }
    },
    {
      "attributes": {
        "owner": "DFA",
        "stage": "Completed",
        "ea1": "G52P43",
        "ea2": "Gauteng South"
      }
    },
    {
      "attributes": {
        "owner": "DFA",
        "stage": "Completed",
        "ea1": "G52P43",
        "ea2": "Gauteng South"
      }
    },
    {
      "attributes": {
        "owner": "DFA",
        "stage": "Completed",
        "ea1": "G52P43",
        "ea2": "Gauteng South"
      }
    },
    {
      "attributes": {
        "owner": "DFA",
        "stage": "Completed",
        "ea1": "G52P43",
        "ea2": "Gauteng South"
      }
    },
    {
      "attributes": {
        "owner": "DFA",
        "stage": "Completed",
        "ea1": "G52P43",
        "ea2": "Gauteng South"
      }
    },
    {
      "attributes": {
        "owner": "DFA",
        "stage": "Completed",
        "ea1": "G52P43",
        "ea2": "Gauteng South"
      }
    },
    {
      "attributes": {
        "owner": "DFA",
        "stage": "Completed",
        "ea1": "G52P43",
        "ea2": "Gauteng South"
      }
    },
    {
      "attributes": {
        "owner": "DFA",
        "stage": "Completed",
        "ea1": "G52P43",
        "ea2": "Gauteng South"
      }
    },
    {
      "attributes": {
        "owner": "DFA",
        "stage": "Completed",
        "ea1": "G52P43",
        "ea2": "Gauteng South"
      }
    },
    {
      "attributes": {
        "owner": "DFA",
        "stage": "Completed",
        "ea1": "G52P43",
        "ea2": "Gauteng South"
      }
    },
    {
      "attributes": {
        "owner": "DFA",
        "stage": "Completed",
        "ea1": "G52P43",
        "ea2": "Gauteng South"
      }
    },
    {
      "attributes": {
        "owner": "DFA",
        "stage": "Completed",
        "ea1": "G52P43",
        "ea2": "Gauteng South"
      }
    },
    {
      "attributes": {
        "owner": "DFA",
        "stage": "Completed",
        "ea1": "G52P43",
        "ea2": "Gauteng South"
      }
    },
    {
      "attributes": {
        "owner": "DFA",
        "stage": "Completed",
        "ea1": "G52P43",
        "ea2": "Gauteng South"
      }
    },
    {
      "attributes": {
        "owner": "DFA",
        "stage": "Completed",
        "ea1": "G52P43",
        "ea2": "Gauteng South"
      }
    },
    {
      "attributes": {
        "owner": "DFA",
        "stage": "Completed",
        "ea1": "G52P43",
        "ea2": "Gauteng South"
      }
    },
    {
      "attributes": {
        "owner": "DFA",
        "stage": "Construction",
        "ea1": "AS00865GH000988",
        "ea2": "None"
      }
    },
    {
      "attributes": {
        "owner": "DFA",
        "stage": "Construction",
        "ea1": "AS00865GH000988",
        "ea2": "None"
      }
    },
    {
      "attributes": {
        "owner": "DFA",
        "stage": "Construction",
        "ea1": "AS00865GH000988",
        "ea2": "None"
      }
    },
    {
      "attributes": {
        "owner": "DFA",
        "stage": "Completed",
        "ea1": "G52P43",
        "ea2": "Gauteng South"
      }
    },
    {
      "attributes": {
        "owner": "DFA",
        "stage": "Completed",
        "ea1": "G52P43",
        "ea2": "Gauteng South"
      }
    },
    {
      "attributes": {
        "owner": "DFA",
        "stage": "Completed",
        "ea1": "G52P43",
        "ea2": "Gauteng South"
      }
    },
    {
      "attributes": {
        "owner": "DFA",
        "stage": "Completed",
        "ea1": "G52P43",
        "ea2": "Gauteng South"
      }
    },
    {
      "attributes": {
        "owner": "DFA",
        "stage": "Completed",
        "ea1": "G52P43",
        "ea2": "Gauteng South"
      }
    },
    {
      "attributes": {
        "owner": "DFA",
        "stage": "Completed",
        "ea1": "G52P43",
        "ea2": "Gauteng South"
      }
    },
    {
      "attributes": {
        "owner": "DFA",
        "stage": "Completed",
        "ea1": "G52P43",
        "ea2": "Gauteng South"
      }
    },
    {
      "attributes": {
        "owner": "DFA",
        "stage": "Completed",
        "ea1": "G52P43",
        "ea2": "Gauteng South"
      }
    },
    {
      "attributes": {
        "owner": "DFA",
        "stage": "Completed",
        "ea1": "NB50P74",
        "ea2": "Northern Region"
      }
    },
    {
      "attributes": {
        "owner": "DFA",
        "stage": "Completed",
        "ea1": "M01P12",
        "ea2": "Mphumalanga"
      }
    },
    {
      "attributes": {
        "owner": "DFA",
        "stage": "Construction",
        "ea1": "AS04573HB001641-01",
        "ea2": "None"
      }
    },
    {
      "attributes": {
        "owner": "DFA",
        "stage": "Construction",
        "ea1": "AS04573NB001640",
        "ea2": "None"
      }
    },
    {
      "attributes": {
        "owner": "DFA",
        "stage": "Completed",
        "ea1": "NB50P90",
        "ea2": "Northern Region"
      }
    },
    {
      "attributes": {
        "owner": "DFA",
        "stage": "Completed",
        "ea1": "NB50P90",
        "ea2": "Northern Region"
      }
    },
    {
      "attributes": {
        "owner": "DFA",
        "stage": "Completed",
        "ea1": "NB50P90",
        "ea2": "Northern Region"
      }
    },
    {
      "attributes": {
        "owner": "DFA",
        "stage": "Completed",
        "ea1": "NB50P90",
        "ea2": "Northern Region"
      }
    },
    {
      "attributes": {
        "owner": "DFA",
        "stage": "Completed",
        "ea1": "NB50P90",
        "ea2": "Northern Region"
      }
    },
    {
      "attributes": {
        "owner": "DFA",
        "stage": "Completed",
        "ea1": "NB50P90",
        "ea2": "Northern Region"
      }
    },
    {
      "attributes": {
        "owner": "DFA",
        "stage": "Completed",
        "ea1": "NB50P90",
        "ea2": "Northern Region"
      }
    },
    {
      "attributes": {
        "owner": "DFA",
        "stage": "Completed",
        "ea1": "NB50P90",
        "ea2": "Northern Region"
      }
    },
    {
      "attributes": {
        "owner": "DFA",
        "stage": "Completed",
        "ea1": "NB50P90",
        "ea2": "Northern Region"
      }
    },
    {
      "attributes": {
        "owner": "DFA",
        "stage": "Completed",
        "ea1": "NB50P90",
        "ea2": "Northern Region"
      }
    },
    {
      "attributes": {
        "owner": "DFA",
        "stage": "Completed",
        "ea1": "NB50P90",
        "ea2": "Northern Region"
      }
    },
    {
      "attributes": {
        "owner": "DFA",
        "stage": "Completed",
        "ea1": "NB50P90",
        "ea2": "Northern Region"
      }
    },
    {
      "attributes": {
        "owner": "DFA",
        "stage": "Completed",
        "ea1": "NB50P90",
        "ea2": "Northern Region"
      }
    },
    {
      "attributes": {
        "owner": "DFA",
        "stage": "Completed",
        "ea1": "NB50P90",
        "ea2": "Northern Region"
      }
    },
    {
      "attributes": {
        "owner": "DFA",
        "stage": "Completed",
        "ea1": "NB50P90",
        "ea2": "Northern Region"
      }
    },
    {
      "attributes": {
        "owner": "DFA",
        "stage": "Completed",
        "ea1": "NB50P90",
        "ea2": "Northern Region"
      }
    },
    {
      "attributes": {
        "owner": "DFA",
        "stage": "Completed",
        "ea1": "NB50P90",
        "ea2": "Northern Region"
      }
    },
    {
      "attributes": {
        "owner": "DFA",
        "stage": "Completed",
        "ea1": "AS00144BH021031",
        "ea2": "Northern Region"
      }
    },
    {
      "attributes": {
        "owner": "DFA",
        "stage": "Completed",
        "ea1": "G52P68",
        "ea2": "Gauteng South"
      }
    },
    {
      "attributes": {
        "owner": "DFA",
        "stage": "Completed",
        "ea1": "G52P68",
        "ea2": "Gauteng South"
      }
    },
    {
      "attributes": {
        "owner": "DFA",
        "stage": "Completed",
        "ea1": "G52P68",
        "ea2": "Gauteng South"
      }
    },
    {
      "attributes": {
        "owner": "DFA",
        "stage": "Completed",
        "ea1": "G52P87",
        "ea2": "Gauteng South"
      }
    },
    {
      "attributes": {
        "owner": "DFA",
        "stage": "Completed",
        "ea1": "G52P87",
        "ea2": "Gauteng South"
      }
    },
    {
      "attributes": {
        "owner": "DFA",
        "stage": "Completed",
        "ea1": "G52P87",
        "ea2": "Gauteng South"
      }
    },
    {
      "attributes": {
        "owner": "DFA",
        "stage": "Completed",
        "ea1": "G52P87",
        "ea2": "Gauteng South"
      }
    },
    {
      "attributes": {
        "owner": "DFA",
        "stage": "Completed",
        "ea1": "G52P87",
        "ea2": "Gauteng South"
      }
    },
    {
      "attributes": {
        "owner": "DFA",
        "stage": "Completed",
        "ea1": "G52P87",
        "ea2": "Gauteng South"
      }
    },
    {
      "attributes": {
        "owner": "DFA",
        "stage": "Completed",
        "ea1": "G52P87",
        "ea2": "Gauteng South"
      }
    },
    {
      "attributes": {
        "owner": "DFA",
        "stage": "Completed",
        "ea1": "G52P87",
        "ea2": "Gauteng South"
      }
    },
    {
      "attributes": {
        "owner": "DFA",
        "stage": "Completed",
        "ea1": "G52P87",
        "ea2": "Gauteng South"
      }
    },
    {
      "attributes": {
        "owner": "DFA",
        "stage": "Completed",
        "ea1": "G52P87",
        "ea2": "Gauteng South"
      }
    },
    {
      "attributes": {
        "owner": "DFA",
        "stage": "Completed",
        "ea1": "G52P87",
        "ea2": "Gauteng South"
      }
    },
    {
      "attributes": {
        "owner": "DFA",
        "stage": "Completed",
        "ea1": "G52P87",
        "ea2": "Gauteng South"
      }
    },
    {
      "attributes": {
        "owner": "DFA",
        "stage": "Completed",
        "ea1": "G52P87",
        "ea2": "Gauteng South"
      }
    },
    {
      "attributes": {
        "owner": "DFA",
        "stage": "Completed",
        "ea1": "G52P87",
        "ea2": "Gauteng South"
      }
    },
    {
      "attributes": {
        "owner": "DFA",
        "stage": "Completed",
        "ea1": "G52P87",
        "ea2": "Gauteng South"
      }
    },
    {
      "attributes": {
        "owner": "DFA",
        "stage": "Completed",
        "ea1": "G52P87",
        "ea2": "Gauteng South"
      }
    },
    {
      "attributes": {
        "owner": "DFA",
        "stage": "Completed",
        "ea1": "G52P87",
        "ea2": "Gauteng South"
      }
    },
    {
      "attributes": {
        "owner": "DFA",
        "stage": "Completed",
        "ea1": "G52P87",
        "ea2": "Gauteng South"
      }
    },
    {
      "attributes": {
        "owner": "DFA",
        "stage": "Completed",
        "ea1": "G52P87",
        "ea2": "Gauteng South"
      }
    },
    {
      "attributes": {
        "owner": "DFA",
        "stage": "Construction",
        "ea1": "none",
        "ea2": "None"
      }
    },
    {
      "attributes": {
        "owner": "DFA",
        "stage": "Construction",
        "ea1": "none",
        "ea2": "None"
      }
    },
    {
      "attributes": {
        "owner": "DFA",
        "stage": "Construction",
        "ea1": "none",
        "ea2": "None"
      }
    },
    {
      "attributes": {
        "owner": "DFA",
        "stage": "Construction",
        "ea1": "none",
        "ea2": "None"
      }
    },
    {
      "attributes": {
        "owner": "DFA",
        "stage": "Completed",
        "ea1": "G52P90",
        "ea2": "Gauteng South"
      }
    },
    {
      "attributes": {
        "owner": "DFA",
        "stage": "Completed",
        "ea1": "G52P90",
        "ea2": "Gauteng South"
      }
    },
    {
      "attributes": {
        "owner": "DFA",
        "stage": "Completed",
        "ea1": "G50P29",
        "ea2": "Gauteng South"
      }
    },
    {
      "attributes": {
        "owner": "DFA",
        "stage": "Completed",
        "ea1": "G50P29",
        "ea2": "Gauteng South"
      }
    },
    {
      "attributes": {
        "owner": "DFA",
        "stage": "Completed",
        "ea1": "G50P29",
        "ea2": "Gauteng South"
      }
    },
    {
      "attributes": {
        "owner": "DFA",
        "stage": "Completed",
        "ea1": "G50P29",
        "ea2": "Gauteng South"
      }
    },
    {
      "attributes": {
        "owner": "DFA",
        "stage": "Completed",
        "ea1": "G50P29",
        "ea2": "Gauteng South"
      }
    },
    {
      "attributes": {
        "owner": "DFA",
        "stage": "Completed",
        "ea1": "G50P29",
        "ea2": "Gauteng South"
      }
    },
    {
      "attributes": {
        "owner": "DFA",
        "stage": "Completed",
        "ea1": "G50P29",
        "ea2": "Gauteng South"
      }
    },
    {
      "attributes": {
        "owner": "DFA",
        "stage": "Completed",
        "ea1": "G50P29",
        "ea2": "Gauteng South"
      }
    },
    {
      "attributes": {
        "owner": "DFA",
        "stage": "Completed",
        "ea1": "G50P29",
        "ea2": "Gauteng South"
      }
    },
    {
      "attributes": {
        "owner": "DFA",
        "stage": "Completed",
        "ea1": "G50P29",
        "ea2": "Gauteng South"
      }
    },
    {
      "attributes": {
        "owner": "DFA",
        "stage": "Completed",
        "ea1": "G50P29",
        "ea2": "Gauteng South"
      }
    },
    {
      "attributes": {
        "owner": "DFA",
        "stage": "Completed",
        "ea1": "G50P29",
        "ea2": "Gauteng South"
      }
    },
    {
      "attributes": {
        "owner": "DFA",
        "stage": "Completed",
        "ea1": "G50P29",
        "ea2": "Gauteng South"
      }
    },
    {
      "attributes": {
        "owner": "DFA",
        "stage": "Completed",
        "ea1": "G50P29",
        "ea2": "Gauteng South"
      }
    },
    {
      "attributes": {
        "owner": "DFA",
        "stage": "Completed",
        "ea1": "G50P29",
        "ea2": "Gauteng South"
      }
    },
    {
      "attributes": {
        "owner": "DFA",
        "stage": "Completed",
        "ea1": "G50P29",
        "ea2": "Gauteng South"
      }
    },
    {
      "attributes": {
        "owner": "DFA",
        "stage": "Completed",
        "ea1": "G50P29",
        "ea2": "Gauteng South"
      }
    },
    {
      "attributes": {
        "owner": "DFA",
        "stage": "Completed",
        "ea1": "G50P29",
        "ea2": "Gauteng South"
      }
    },
    {
      "attributes": {
        "owner": "DFA",
        "stage": "Completed",
        "ea1": "G50P29",
        "ea2": "Gauteng South"
      }
    },
    {
      "attributes": {
        "owner": "DFA",
        "stage": "Construction",
        "ea1": "none",
        "ea2": "None"
      }
    },
    {
      "attributes": {
        "owner": "DFA",
        "stage": "Completed",
        "ea1": "G50P29",
        "ea2": "Gauteng South"
      }
    },
    {
      "attributes": {
        "owner": "DFA",
        "stage": "Completed",
        "ea1": "G50P29",
        "ea2": "Gauteng South"
      }
    },
    {
      "attributes": {
        "owner": "DFA",
        "stage": "Completed",
        "ea1": "G50P29",
        "ea2": "Gauteng South"
      }
    },
    {
      "attributes": {
        "owner": "DFA",
        "stage": "Completed",
        "ea1": "G50P29",
        "ea2": "Gauteng South"
      }
    },
    {
      "attributes": {
        "owner": "DFA",
        "stage": "Completed",
        "ea1": "G50P29",
        "ea2": "Gauteng South"
      }
    },
    {
      "attributes": {
        "owner": "DFA",
        "stage": "Completed",
        "ea1": "G50P29",
        "ea2": "Gauteng South"
      }
    },
    {
      "attributes": {
        "owner": "DFA",
        "stage": "Completed",
        "ea1": "G50P29",
        "ea2": "Gauteng South"
      }
    },
    {
      "attributes": {
        "owner": "DFA",
        "stage": "Completed",
        "ea1": "G50P29",
        "ea2": "Gauteng South"
      }
    },
    {
      "attributes": {
        "owner": "DFA",
        "stage": "Completed",
        "ea1": "G50P29",
        "ea2": "Gauteng South"
      }
    },
    {
      "attributes": {
        "owner": "DFA",
        "stage": "Completed",
        "ea1": "G50P29",
        "ea2": "Gauteng South"
      }
    },
    {
      "attributes": {
        "owner": "DFA",
        "stage": "Completed",
        "ea1": "G50P29",
        "ea2": "Gauteng South"
      }
    },
    {
      "attributes": {
        "owner": "DFA",
        "stage": "Completed",
        "ea1": "G50P29",
        "ea2": "Gauteng South"
      }
    },
    {
      "attributes": {
        "owner": "DFA",
        "stage": "Completed",
        "ea1": "G50P29",
        "ea2": "Gauteng South"
      }
    },
    {
      "attributes": {
        "owner": "DFA",
        "stage": "Completed",
        "ea1": "G50P29",
        "ea2": "Gauteng South"
      }
    },
    {
      "attributes": {
        "owner": "DFA",
        "stage": "Completed",
        "ea1": "G50P29",
        "ea2": "Gauteng South"
      }
    },
    {
      "attributes": {
        "owner": "DFA",
        "stage": "Completed",
        "ea1": "G50P29",
        "ea2": "Gauteng South"
      }
    },
    {
      "attributes": {
        "owner": "DFA",
        "stage": "Completed",
        "ea1": "G50P29",
        "ea2": "Gauteng South"
      }
    },
    {
      "attributes": {
        "owner": "DFA",
        "stage": "Completed",
        "ea1": "G50P29",
        "ea2": "Gauteng South"
      }
    },
    {
      "attributes": {
        "owner": "DFA",
        "stage": "Completed",
        "ea1": "G50P29",
        "ea2": "Gauteng South"
      }
    },
    {
      "attributes": {
        "owner": "DFA",
        "stage": "Completed",
        "ea1": "G50P29",
        "ea2": "Gauteng South"
      }
    },
    {
      "attributes": {
        "owner": "DFA",
        "stage": "Completed",
        "ea1": "G50P29",
        "ea2": "Gauteng South"
      }
    },
    {
      "attributes": {
        "owner": "DFA",
        "stage": "Completed",
        "ea1": "G50P29",
        "ea2": "Gauteng South"
      }
    },
    {
      "attributes": {
        "owner": "DFA",
        "stage": "Completed",
        "ea1": "AS00735GH220001",
        "ea2": "Northern Region"
      }
    },
    {
      "attributes": {
        "owner": "DFA",
        "stage": "Completed",
        "ea1": "G53P75",
        "ea2": "Gauteng South"
      }
    },
    {
      "attributes": {
        "owner": "DFA",
        "stage": "Completed",
        "ea1": "G53P75",
        "ea2": "Gauteng South"
      }
    },
    {
      "attributes": {
        "owner": "DFA",
        "stage": "Completed",
        "ea1": "G53P75",
        "ea2": "Gauteng South"
      }
    },
    {
      "attributes": {
        "owner": "DFA",
        "stage": "Completed",
        "ea1": "G53P75",
        "ea2": "Gauteng South"
      }
    },
    {
      "attributes": {
        "owner": "DFA",
        "stage": "Completed",
        "ea1": "G53P75",
        "ea2": "Gauteng South"
      }
    },
    {
      "attributes": {
        "owner": "DFA",
        "stage": "Completed",
        "ea1": "K20P21",
        "ea2": "Kwa-Zulu Natal"
      }
    },
    {
      "attributes": {
        "owner": "DFA",
        "stage": "Completed",
        "ea1": "K20P21",
        "ea2": "Kwa-Zulu Natal"
      }
    },
    {
      "attributes": {
        "owner": "DFA",
        "stage": "Completed",
        "ea1": "K20P21",
        "ea2": "Kwa-Zulu Natal"
      }
    },
    {
      "attributes": {
        "owner": "DFA",
        "stage": "Completed",
        "ea1": "K20P21",
        "ea2": "Kwa-Zulu Natal"
      }
    },
    {
      "attributes": {
        "owner": "DFA",
        "stage": "Completed",
        "ea1": "K20P21",
        "ea2": "Kwa-Zulu Natal"
      }
    },
    {
      "attributes": {
        "owner": "DFA",
        "stage": "Completed",
        "ea1": "K20P21",
        "ea2": "Kwa-Zulu Natal"
      }
    },
    {
      "attributes": {
        "owner": "DFA",
        "stage": "Completed",
        "ea1": "AS03947WH280510B",
        "ea2": "Western Region"
      }
    },
    {
      "attributes": {
        "owner": "DFA",
        "stage": "Completed",
        "ea1": "K20P21",
        "ea2": "Kwa-Zulu Natal"
      }
    },
    {
      "attributes": {
        "owner": "DFA",
        "stage": "Construction",
        "ea1": "none",
        "ea2": "None"
      }
    },
    {
      "attributes": {
        "owner": "DFA",
        "stage": "Completed",
        "ea1": "AS00789GH301491A",
        "ea2": "Northern Region"
      }
    },
    {
      "attributes": {
        "owner": "DFA",
        "stage": "Completed",
        "ea1": "W50P19",
        "ea2": "Western Region"
      }
    },
    {
      "attributes": {
        "owner": "DFA",
        "stage": "Completed",
        "ea1": "W50P19",
        "ea2": "Western Region"
      }
    },
    {
      "attributes": {
        "owner": "DFA",
        "stage": "Completed",
        "ea1": "K50P40",
        "ea2": "Kwa-Zulu Natal"
      }
    },
    {
      "attributes": {
        "owner": "DFA",
        "stage": "Completed",
        "ea1": "K50P40",
        "ea2": "Kwa-Zulu Natal"
      }
    },
    {
      "attributes": {
        "owner": "DFA",
        "stage": "Completed",
        "ea1": "W51P07",
        "ea2": "Western Region"
      }
    },
    {
      "attributes": {
        "owner": "DFA",
        "stage": "Completed",
        "ea1": "W51P07",
        "ea2": "Western Region"
      }
    },
    {
      "attributes": {
        "owner": "DFA",
        "stage": "Completed",
        "ea1": "W51P07",
        "ea2": "Western Region"
      }
    },
    {
      "attributes": {
        "owner": "DFA",
        "stage": "Completed",
        "ea1": "W51P07",
        "ea2": "Western Region"
      }
    },
    {
      "attributes": {
        "owner": "DFA",
        "stage": "Completed",
        "ea1": "W51P07",
        "ea2": "Western Region"
      }
    },
    {
      "attributes": {
        "owner": "DFA",
        "stage": "Completed",
        "ea1": "W51P07",
        "ea2": "Western Region"
      }
    },
    {
      "attributes": {
        "owner": "DFA",
        "stage": "Completed",
        "ea1": "W51P07",
        "ea2": "Western Region"
      }
    },
    {
      "attributes": {
        "owner": "DFA",
        "stage": "Completed",
        "ea1": "W51P07",
        "ea2": "Western Region"
      }
    },
    {
      "attributes": {
        "owner": "DFA",
        "stage": "Construction",
        "ea1": "Greenway Drive Entry 1",
        "ea2": "Gauteng South"
      }
    },
    {
      "attributes": {
        "owner": "DFA",
        "stage": "Completed",
        "ea1": "G52P75",
        "ea2": "Gauteng South"
      }
    },
    {
      "attributes": {
        "owner": "DFA",
        "stage": "Completed",
        "ea1": "G52P75",
        "ea2": "Gauteng South"
      }
    },
    {
      "attributes": {
        "owner": "DFA",
        "stage": "Completed",
        "ea1": "G52P75",
        "ea2": "Gauteng South"
      }
    },
    {
      "attributes": {
        "owner": "DFA",
        "stage": "Completed",
        "ea1": "G52P75",
        "ea2": "Gauteng South"
      }
    },
    {
      "attributes": {
        "owner": "DFA",
        "stage": "Completed",
        "ea1": "G52P75",
        "ea2": "Gauteng South"
      }
    },
    {
      "attributes": {
        "owner": "DFA",
        "stage": "Completed",
        "ea1": "G52P75",
        "ea2": "Gauteng South"
      }
    },
    {
      "attributes": {
        "owner": "DFA",
        "stage": "Completed",
        "ea1": "G52P75",
        "ea2": "Gauteng South"
      }
    },
    {
      "attributes": {
        "owner": "DFA",
        "stage": "Completed",
        "ea1": "G52P75",
        "ea2": "Gauteng South"
      }
    },
    {
      "attributes": {
        "owner": "DFA",
        "stage": "Completed",
        "ea1": "G52P75",
        "ea2": "Gauteng South"
      }
    },
    {
      "attributes": {
        "owner": "DFA",
        "stage": "Completed",
        "ea1": "G52P75",
        "ea2": "Gauteng South"
      }
    },
    {
      "attributes": {
        "owner": "DFA",
        "stage": "Completed",
        "ea1": "G52P75",
        "ea2": "Gauteng South"
      }
    },
    {
      "attributes": {
        "owner": "DFA",
        "stage": "Completed",
        "ea1": "G52P75",
        "ea2": "Gauteng South"
      }
    },
    {
      "attributes": {
        "owner": "DFA",
        "stage": "Completed",
        "ea1": "G52P75",
        "ea2": "Gauteng South"
      }
    },
    {
      "attributes": {
        "owner": "DFA",
        "stage": "Completed",
        "ea1": "G52P75",
        "ea2": "Gauteng South"
      }
    },
    {
      "attributes": {
        "owner": "DFA",
        "stage": "Completed",
        "ea1": "G52P75",
        "ea2": "Gauteng South"
      }
    },
    {
      "attributes": {
        "owner": "DFA",
        "stage": "Completed",
        "ea1": "G52P75",
        "ea2": "Gauteng South"
      }
    },
    {
      "attributes": {
        "owner": "DFA",
        "stage": "Completed",
        "ea1": "G52P75",
        "ea2": "Gauteng South"
      }
    },
    {
      "attributes": {
        "owner": "DFA",
        "stage": "Completed",
        "ea1": "G52P75",
        "ea2": "Gauteng South"
      }
    },
    {
      "attributes": {
        "owner": "DFA",
        "stage": "Completed",
        "ea1": "G52P75",
        "ea2": "Gauteng South"
      }
    },
    {
      "attributes": {
        "owner": "DFA",
        "stage": "Completed",
        "ea1": "G52P75",
        "ea2": "Gauteng South"
      }
    },
    {
      "attributes": {
        "owner": "DFA",
        "stage": "Completed",
        "ea1": "G52P75",
        "ea2": "Gauteng South"
      }
    },
    {
      "attributes": {
        "owner": "DFA",
        "stage": "Completed",
        "ea1": "W50P23",
        "ea2": "Western Region"
      }
    },
    {
      "attributes": {
        "owner": "DFA",
        "stage": "Completed",
        "ea1": "G52P75",
        "ea2": "Gauteng South"
      }
    },
    {
      "attributes": {
        "owner": "DFA",
        "stage": "Completed",
        "ea1": "G52P75",
        "ea2": "Gauteng South"
      }
    },
    {
      "attributes": {
        "owner": "DFA",
        "stage": "Construction",
        "ea1": "G52P75",
        "ea2": "Gauteng South"
      }
    },
    {
      "attributes": {
        "owner": "DFA",
        "stage": "Completed",
        "ea1": "G52P75",
        "ea2": "Gauteng South"
      }
    },
    {
      "attributes": {
        "owner": "DFA",
        "stage": "Completed",
        "ea1": "G52P75",
        "ea2": "Gauteng South"
      }
    },
    {
      "attributes": {
        "owner": "DFA",
        "stage": "Completed",
        "ea1": "G52P75",
        "ea2": "Gauteng South"
      }
    },
    {
      "attributes": {
        "owner": "DFA",
        "stage": "Completed",
        "ea1": "G52P75",
        "ea2": "Gauteng South"
      }
    },
    {
      "attributes": {
        "owner": "DFA",
        "stage": "Completed",
        "ea1": "G52P75",
        "ea2": "Gauteng South"
      }
    },
    {
      "attributes": {
        "owner": "DFA",
        "stage": "Completed",
        "ea1": "G52P75",
        "ea2": "Gauteng South"
      }
    },
    {
      "attributes": {
        "owner": "DFA",
        "stage": "Completed",
        "ea1": "none",
        "ea2": "Western Region"
      }
    },
    {
      "attributes": {
        "owner": "DFA",
        "stage": "Construction",
        "ea1": "ECN Telekoms Entry 2",
        "ea2": "Eastern Region"
      }
    },
    {
      "attributes": {
        "owner": "DFA",
        "stage": "Completed",
        "ea1": "AS00573GH000223",
        "ea2": "Eastern Region"
      }
    },
    {
      "attributes": {
        "owner": "DFA",
        "stage": "Completed",
        "ea1": "Greenside East Entry 1",
        "ea2": "Gauteng South"
      }
    },
    {
      "attributes": {
        "owner": "DFA",
        "stage": "Construction",
        "ea1": "Hyde Park Entry 1",
        "ea2": "Gauteng South"
      }
    },
    {
      "attributes": {
        "owner": "DFA",
        "stage": "Construction",
        "ea1": "Southern Sun Hyde Park Ent 1",
        "ea2": "Gauteng South"
      }
    },
    {
      "attributes": {
        "owner": "DFA",
        "stage": "Construction",
        "ea1": "E_Rosebank_02A ENT 02",
        "ea2": "Eastern Region"
      }
    },
    {
      "attributes": {
        "owner": "DFA",
        "stage": "Completed",
        "ea1": "W51P08",
        "ea2": "Western Region"
      }
    },
    {
      "attributes": {
        "owner": "DFA",
        "stage": "Completed",
        "ea1": "W51P08",
        "ea2": "Western Region"
      }
    },
    {
      "attributes": {
        "owner": "DFA",
        "stage": "Completed",
        "ea1": "W51P17",
        "ea2": "Western Region"
      }
    },
    {
      "attributes": {
        "owner": "DFA",
        "stage": "Completed",
        "ea1": "W51P17",
        "ea2": "Western Region"
      }
    },
    {
      "attributes": {
        "owner": "DFA",
        "stage": "Completed",
        "ea1": "W50P18",
        "ea2": "Western Region"
      }
    },
    {
      "attributes": {
        "owner": "DFA",
        "stage": "Completed",
        "ea1": "W50P18",
        "ea2": "Western Region"
      }
    },
    {
      "attributes": {
        "owner": "DFA",
        "stage": "Completed",
        "ea1": "W50P18",
        "ea2": "Western Region"
      }
    },
    {
      "attributes": {
        "owner": "DFA",
        "stage": "Completed",
        "ea1": "W50P18",
        "ea2": "Western Region"
      }
    },
    {
      "attributes": {
        "owner": "DFA",
        "stage": "Completed",
        "ea1": "W50P18",
        "ea2": "Western Region"
      }
    },
    {
      "attributes": {
        "owner": "DFA",
        "stage": "Completed",
        "ea1": "W50P18",
        "ea2": "Western Region"
      }
    },
    {
      "attributes": {
        "owner": "DFA",
        "stage": "Completed",
        "ea1": "W50P18",
        "ea2": "Western Region"
      }
    },
    {
      "attributes": {
        "owner": "DFA",
        "stage": "Completed",
        "ea1": "W50P18",
        "ea2": "Western Region"
      }
    },
    {
      "attributes": {
        "owner": "DFA",
        "stage": "Completed",
        "ea1": "W50P18",
        "ea2": "Western Region"
      }
    },
    {
      "attributes": {
        "owner": "DFA",
        "stage": "Completed",
        "ea1": "W50P18",
        "ea2": "Western Region"
      }
    },
    {
      "attributes": {
        "owner": "DFA",
        "stage": "Completed",
        "ea1": "W50P18",
        "ea2": "Western Region"
      }
    },
    {
      "attributes": {
        "owner": "DFA",
        "stage": "Completed",
        "ea1": "W50P18",
        "ea2": "Western Region"
      }
    },
    {
      "attributes": {
        "owner": "DFA",
        "stage": "Completed",
        "ea1": "W50P18",
        "ea2": "Western Region"
      }
    },
    {
      "attributes": {
        "owner": "DFA",
        "stage": "Completed",
        "ea1": "W50P18",
        "ea2": "Western Region"
      }
    },
    {
      "attributes": {
        "owner": "DFA",
        "stage": "Completed",
        "ea1": "W50P18",
        "ea2": "Western Region"
      }
    },
    {
      "attributes": {
        "owner": "DFA",
        "stage": "Completed",
        "ea1": "W50P18",
        "ea2": "Western Region"
      }
    },
    {
      "attributes": {
        "owner": "DFA",
        "stage": "Completed",
        "ea1": "G52P10",
        "ea2": "Gauteng South"
      }
    },
    {
      "attributes": {
        "owner": "DFA",
        "stage": "Completed",
        "ea1": "G20P18",
        "ea2": "Gauteng South"
      }
    },
    {
      "attributes": {
        "owner": "DFA",
        "stage": "Completed",
        "ea1": "G52P10",
        "ea2": "Gauteng South"
      }
    },
    {
      "attributes": {
        "owner": "DFA",
        "stage": "Completed",
        "ea1": "G52P10",
        "ea2": "Gauteng South"
      }
    },
    {
      "attributes": {
        "owner": "DFA",
        "stage": "Completed",
        "ea1": "G52P10",
        "ea2": "Gauteng South"
      }
    },
    {
      "attributes": {
        "owner": "DFA",
        "stage": "Completed",
        "ea1": "G52P10",
        "ea2": "Gauteng South"
      }
    },
    {
      "attributes": {
        "owner": "DFA",
        "stage": "Completed",
        "ea1": "w",
        "ea2": "Gauteng South"
      }
    },
    {
      "attributes": {
        "owner": "DFA",
        "stage": "Completed",
        "ea1": "G52P10",
        "ea2": "Gauteng South"
      }
    },
    {
      "attributes": {
        "owner": "DFA",
        "stage": "Completed",
        "ea1": "w",
        "ea2": "Gauteng South"
      }
    },
    {
      "attributes": {
        "owner": "DFA",
        "stage": "Completed",
        "ea1": "G52P10",
        "ea2": "Gauteng South"
      }
    },
    {
      "attributes": {
        "owner": "DFA",
        "stage": "Completed",
        "ea1": "G52P10",
        "ea2": "Gauteng South"
      }
    },
    {
      "attributes": {
        "owner": "DFA",
        "stage": "Completed",
        "ea1": "w",
        "ea2": "Gauteng South"
      }
    },
    {
      "attributes": {
        "owner": "DFA",
        "stage": "Completed",
        "ea1": "G52P10",
        "ea2": "Gauteng South"
      }
    },
    {
      "attributes": {
        "owner": "DFA",
        "stage": "Completed",
        "ea1": "w",
        "ea2": "Gauteng South"
      }
    },
    {
      "attributes": {
        "owner": "DFA",
        "stage": "Completed",
        "ea1": "VS02314GH000632",
        "ea2": "None"
      }
    },
    {
      "attributes": {
        "owner": "DFA",
        "stage": "Construction",
        "ea1": "w",
        "ea2": "Gauteng South"
      }
    },
    {
      "attributes": {
        "owner": "DFA",
        "stage": "Completed",
        "ea1": "W50P67",
        "ea2": "Western Region"
      }
    },
    {
      "attributes": {
        "owner": "DFA",
        "stage": "Completed",
        "ea1": "W20P30",
        "ea2": "Western Region"
      }
    },
    {
      "attributes": {
        "owner": "DFA",
        "stage": "Completed",
        "ea1": "W20P16",
        "ea2": "Western Region"
      }
    },
    {
      "attributes": {
        "owner": "DFA",
        "stage": "Completed",
        "ea1": "W20P16",
        "ea2": "Western Region"
      }
    },
    {
      "attributes": {
        "owner": "DFA",
        "stage": "Completed",
        "ea1": "G52P53",
        "ea2": "Gauteng South"
      }
    },
    {
      "attributes": {
        "owner": "DFA",
        "stage": "Completed",
        "ea1": "G52P53",
        "ea2": "Gauteng South"
      }
    },
    {
      "attributes": {
        "owner": "DFA",
        "stage": "Completed",
        "ea1": "G52P53",
        "ea2": "Gauteng South"
      }
    },
    {
      "attributes": {
        "owner": "DFA",
        "stage": "Completed",
        "ea1": "AS01215GH001823",
        "ea2": "Gauteng South"
      }
    },
    {
      "attributes": {
        "owner": "DFA",
        "stage": "Completed",
        "ea1": "K50P93",
        "ea2": "Kwa-Zulu Natal"
      }
    },
    {
      "attributes": {
        "owner": "DFA",
        "stage": "Completed",
        "ea1": "G51P19",
        "ea2": "Gauteng South"
      }
    },
    {
      "attributes": {
        "owner": "DFA",
        "stage": "Completed",
        "ea1": "G51P19",
        "ea2": "Gauteng South"
      }
    },
    {
      "attributes": {
        "owner": "DFA",
        "stage": "Completed",
        "ea1": "G51P19",
        "ea2": "Gauteng South"
      }
    },
    {
      "attributes": {
        "owner": "DFA",
        "stage": "Completed",
        "ea1": "G51P19",
        "ea2": "Gauteng South"
      }
    },
    {
      "attributes": {
        "owner": "DFA",
        "stage": "Completed",
        "ea1": "G51P19",
        "ea2": "Gauteng South"
      }
    },
    {
      "attributes": {
        "owner": "DFA",
        "stage": "Completed",
        "ea1": "G51P19",
        "ea2": "Gauteng South"
      }
    },
    {
      "attributes": {
        "owner": "DFA",
        "stage": "Completed",
        "ea1": "G51P19",
        "ea2": "Gauteng South"
      }
    },
    {
      "attributes": {
        "owner": "DFA",
        "stage": "Completed",
        "ea1": "G51P19",
        "ea2": "Gauteng South"
      }
    },
    {
      "attributes": {
        "owner": "DFA",
        "stage": "Completed",
        "ea1": "W50P89",
        "ea2": "Western Region"
      }
    },
    {
      "attributes": {
        "owner": "DFA",
        "stage": "Completed",
        "ea1": "G51P19",
        "ea2": "Gauteng South"
      }
    },
    {
      "attributes": {
        "owner": "DFA",
        "stage": "Completed",
        "ea1": "G51P19",
        "ea2": "Gauteng South"
      }
    },
    {
      "attributes": {
        "owner": "DFA",
        "stage": "Completed",
        "ea1": "G51P19",
        "ea2": "Gauteng South"
      }
    },
    {
      "attributes": {
        "owner": "DFA",
        "stage": "Completed",
        "ea1": "G51P19",
        "ea2": "Gauteng South"
      }
    },
    {
      "attributes": {
        "owner": "DFA",
        "stage": "Completed",
        "ea1": "G51P19",
        "ea2": "Gauteng South"
      }
    },
    {
      "attributes": {
        "owner": "DFA",
        "stage": "Completed",
        "ea1": "W50P89",
        "ea2": "Western Region"
      }
    },
    {
      "attributes": {
        "owner": "DFA",
        "stage": "Completed",
        "ea1": "W50P89",
        "ea2": "Western Region"
      }
    },
    {
      "attributes": {
        "owner": "DFA",
        "stage": "Completed",
        "ea1": "W50P89",
        "ea2": "Western Region"
      }
    },
    {
      "attributes": {
        "owner": "DFA",
        "stage": "Completed",
        "ea1": "W50P89",
        "ea2": "Western Region"
      }
    },
    {
      "attributes": {
        "owner": "DFA",
        "stage": "Completed",
        "ea1": "W50P89",
        "ea2": "Western Region"
      }
    },
    {
      "attributes": {
        "owner": "DFA",
        "stage": "Construction",
        "ea1": "w",
        "ea2": "None"
      }
    },
    {
      "attributes": {
        "owner": "DFA",
        "stage": "Completed",
        "ea1": "W50P89",
        "ea2": "Western Region"
      }
    },
    {
      "attributes": {
        "owner": "DFA",
        "stage": "Completed",
        "ea1": "W50P89",
        "ea2": "Western Region"
      }
    },
    {
      "attributes": {
        "owner": "DFA",
        "stage": "Completed",
        "ea1": "W50P89",
        "ea2": "Western Region"
      }
    },
    {
      "attributes": {
        "owner": "DFA",
        "stage": "Completed",
        "ea1": "W50P89",
        "ea2": "Western Region"
      }
    },
    {
      "attributes": {
        "owner": "DFA",
        "stage": "Completed",
        "ea1": "W50P89",
        "ea2": "Western Region"
      }
    },
    {
      "attributes": {
        "owner": "DFA",
        "stage": "Construction",
        "ea1": "w",
        "ea2": "None"
      }
    },
    {
      "attributes": {
        "owner": "DFA",
        "stage": "Completed",
        "ea1": "W50P89",
        "ea2": "Western Region"
      }
    },
    {
      "attributes": {
        "owner": "DFA",
        "stage": "Completed",
        "ea1": "W50P89",
        "ea2": "Western Region"
      }
    },
    {
      "attributes": {
        "owner": "DFA",
        "stage": "Completed",
        "ea1": "W50P89",
        "ea2": "Western Region"
      }
    },
    {
      "attributes": {
        "owner": "DFA",
        "stage": "Construction",
        "ea1": "w",
        "ea2": "None"
      }
    },
    {
      "attributes": {
        "owner": "DFA",
        "stage": "Completed",
        "ea1": "W50P89",
        "ea2": "Western Region"
      }
    },
    {
      "attributes": {
        "owner": "DFA",
        "stage": "Completed",
        "ea1": "W50P89",
        "ea2": "Western Region"
      }
    },
    {
      "attributes": {
        "owner": "DFA",
        "stage": "Construction",
        "ea1": "w",
        "ea2": "None"
      }
    },
    {
      "attributes": {
        "owner": "DFA",
        "stage": "Completed",
        "ea1": "W50P89",
        "ea2": "Western Region"
      }
    },
    {
      "attributes": {
        "owner": "DFA",
        "stage": "Completed",
        "ea1": "W50P89",
        "ea2": "Western Region"
      }
    },
    {
      "attributes": {
        "owner": "DFA",
        "stage": "Construction",
        "ea1": "w",
        "ea2": "None"
      }
    },
    {
      "attributes": {
        "owner": "DFA",
        "stage": "Completed",
        "ea1": "W50P89",
        "ea2": "Western Region"
      }
    },
    {
      "attributes": {
        "owner": "DFA",
        "stage": "Completed",
        "ea1": "W50P89",
        "ea2": "Western Region"
      }
    },
    {
      "attributes": {
        "owner": "DFA",
        "stage": "Completed",
        "ea1": "W50P89",
        "ea2": "Western Region"
      }
    },
    {
      "attributes": {
        "owner": "DFA",
        "stage": "Construction",
        "ea1": "w",
        "ea2": "None"
      }
    },
    {
      "attributes": {
        "owner": "DFA",
        "stage": "Completed",
        "ea1": "G52P91",
        "ea2": "Gauteng South"
      }
    },
    {
      "attributes": {
        "owner": "DFA",
        "stage": "Completed",
        "ea1": "AS13084GA340762",
        "ea2": "Gauteng South"
      }
    },
    {
      "attributes": {
        "owner": "DFA",
        "stage": "Completed",
        "ea1": "G52P91",
        "ea2": "Gauteng South"
      }
    },
    {
      "attributes": {
        "owner": "DFA",
        "stage": "Completed",
        "ea1": "G52P91",
        "ea2": "Gauteng South"
      }
    },
    {
      "attributes": {
        "owner": "DFA",
        "stage": "Completed",
        "ea1": "G52P91",
        "ea2": "Gauteng South"
      }
    },
    {
      "attributes": {
        "owner": "DFA",
        "stage": "Completed",
        "ea1": "G52P91",
        "ea2": "Gauteng South"
      }
    },
    {
      "attributes": {
        "owner": "DFA",
        "stage": "Completed",
        "ea1": "G50P65",
        "ea2": "Gauteng South"
      }
    },
    {
      "attributes": {
        "owner": "DFA",
        "stage": "Completed",
        "ea1": "G50P65",
        "ea2": "Gauteng South"
      }
    },
    {
      "attributes": {
        "owner": "DFA",
        "stage": "Completed",
        "ea1": "G50P65",
        "ea2": "Gauteng South"
      }
    },
    {
      "attributes": {
        "owner": "DFA",
        "stage": "Completed",
        "ea1": "VS04577NB260586",
        "ea2": "Northern Region"
      }
    },
    {
      "attributes": {
        "owner": "DFA",
        "stage": "Completed",
        "ea1": "G52P22",
        "ea2": "Gauteng South"
      }
    },
    {
      "attributes": {
        "owner": "DFA",
        "stage": "Completed",
        "ea1": "G52P22",
        "ea2": "Gauteng South"
      }
    },
    {
      "attributes": {
        "owner": "DFA",
        "stage": "Completed",
        "ea1": "G52P22",
        "ea2": "Gauteng South"
      }
    },
    {
      "attributes": {
        "owner": "DFA",
        "stage": "Completed",
        "ea1": "G52P22",
        "ea2": "Gauteng South"
      }
    },
    {
      "attributes": {
        "owner": "DFA",
        "stage": "Completed",
        "ea1": "G52P22",
        "ea2": "Gauteng South"
      }
    },
    {
      "attributes": {
        "owner": "DFA",
        "stage": "Completed",
        "ea1": "G52P22",
        "ea2": "Gauteng South"
      }
    },
    {
      "attributes": {
        "owner": "DFA",
        "stage": "Completed",
        "ea1": "G52P22",
        "ea2": "Gauteng South"
      }
    },
    {
      "attributes": {
        "owner": "DFA",
        "stage": "Completed",
        "ea1": "G52P22",
        "ea2": "Gauteng South"
      }
    },
    {
      "attributes": {
        "owner": "DFA",
        "stage": "Completed",
        "ea1": "G52P22",
        "ea2": "Gauteng South"
      }
    },
    {
      "attributes": {
        "owner": "DFA",
        "stage": "Completed",
        "ea1": "G52P22",
        "ea2": "Gauteng South"
      }
    },
    {
      "attributes": {
        "owner": "DFA",
        "stage": "Completed",
        "ea1": "G52P22",
        "ea2": "Gauteng South"
      }
    },
    {
      "attributes": {
        "owner": "DFA",
        "stage": "Completed",
        "ea1": "G52P22",
        "ea2": "Gauteng South"
      }
    },
    {
      "attributes": {
        "owner": "DFA",
        "stage": "Completed",
        "ea1": "G52P22",
        "ea2": "Gauteng South"
      }
    },
    {
      "attributes": {
        "owner": "DFA",
        "stage": "Completed",
        "ea1": "G52P22",
        "ea2": "Gauteng South"
      }
    },
    {
      "attributes": {
        "owner": "DFA",
        "stage": "Completed",
        "ea1": "G52P22",
        "ea2": "Gauteng South"
      }
    },
    {
      "attributes": {
        "owner": "DFA",
        "stage": "Completed",
        "ea1": "G52P22",
        "ea2": "Gauteng South"
      }
    },
    {
      "attributes": {
        "owner": "DFA",
        "stage": "Completed",
        "ea1": "G52P22",
        "ea2": "Gauteng South"
      }
    },
    {
      "attributes": {
        "owner": "DFA",
        "stage": "Completed",
        "ea1": "G52P22",
        "ea2": "Gauteng South"
      }
    },
    {
      "attributes": {
        "owner": "DFA",
        "stage": "Completed",
        "ea1": "G52P22",
        "ea2": "Gauteng South"
      }
    },
    {
      "attributes": {
        "owner": "DFA",
        "stage": "Construction",
        "ea1": "VS04589NB020708",
        "ea2": "None"
      }
    },
    {
      "attributes": {
        "owner": "DFA",
        "stage": "Completed",
        "ea1": "G52P22",
        "ea2": "Gauteng South"
      }
    },
    {
      "attributes": {
        "owner": "DFA",
        "stage": "Completed",
        "ea1": "G52P22",
        "ea2": "Gauteng South"
      }
    },
    {
      "attributes": {
        "owner": "DFA",
        "stage": "Completed",
        "ea1": "G52P22",
        "ea2": "Gauteng South"
      }
    },
    {
      "attributes": {
        "owner": "DFA",
        "stage": "Completed",
        "ea1": "G52P22",
        "ea2": "Gauteng South"
      }
    },
    {
      "attributes": {
        "owner": "DFA",
        "stage": "Completed",
        "ea1": "G52P22",
        "ea2": "Gauteng South"
      }
    },
    {
      "attributes": {
        "owner": "DFA",
        "stage": "Completed",
        "ea1": "G52P22",
        "ea2": "Gauteng South"
      }
    },
    {
      "attributes": {
        "owner": "DFA",
        "stage": "Completed",
        "ea1": "G52P22",
        "ea2": "Gauteng South"
      }
    },
    {
      "attributes": {
        "owner": "DFA",
        "stage": "Completed",
        "ea1": "G52P22",
        "ea2": "Gauteng South"
      }
    },
    {
      "attributes": {
        "owner": "DFA",
        "stage": "Completed",
        "ea1": "W50P16",
        "ea2": "Western Region"
      }
    },
    {
      "attributes": {
        "owner": "DFA",
        "stage": "Completed",
        "ea1": "G52P22",
        "ea2": "Gauteng South"
      }
    },
    {
      "attributes": {
        "owner": "DFA",
        "stage": "Construction",
        "ea1": "VS04623NB002551",
        "ea2": "None"
      }
    },
    {
      "attributes": {
        "owner": "DFA",
        "stage": "Completed",
        "ea1": "W50P16",
        "ea2": "Western Region"
      }
    },
    {
      "attributes": {
        "owner": "DFA",
        "stage": "Completed",
        "ea1": "G52P22",
        "ea2": "Gauteng South"
      }
    },
    {
      "attributes": {
        "owner": "DFA",
        "stage": "Completed",
        "ea1": "G52P22",
        "ea2": "Gauteng South"
      }
    },
    {
      "attributes": {
        "owner": "DFA",
        "stage": "Completed",
        "ea1": "G52P22",
        "ea2": "Gauteng South"
      }
    },
    {
      "attributes": {
        "owner": "DFA",
        "stage": "Completed",
        "ea1": "W50P16",
        "ea2": "Western Region"
      }
    },
    {
      "attributes": {
        "owner": "DFA",
        "stage": "Completed",
        "ea1": "W50P16",
        "ea2": "Western Region"
      }
    },
    {
      "attributes": {
        "owner": "DFA",
        "stage": "Completed",
        "ea1": "W50P16",
        "ea2": "Western Region"
      }
    },
    {
      "attributes": {
        "owner": "DFA",
        "stage": "Completed",
        "ea1": "W50P16",
        "ea2": "Western Region"
      }
    },
    {
      "attributes": {
        "owner": "DFA",
        "stage": "Completed",
        "ea1": "W50P16",
        "ea2": "Western Region"
      }
    },
    {
      "attributes": {
        "owner": "DFA",
        "stage": "Construction",
        "ea1": "W50P16",
        "ea2": "Western Region"
      }
    },
    {
      "attributes": {
        "owner": "DFA",
        "stage": "Completed",
        "ea1": "W50P16",
        "ea2": "Western Region"
      }
    },
    {
      "attributes": {
        "owner": "DFA",
        "stage": "Completed",
        "ea1": "W50P16",
        "ea2": "Western Region"
      }
    },
    {
      "attributes": {
        "owner": "DFA",
        "stage": "Completed",
        "ea1": "W50P16",
        "ea2": "Western Region"
      }
    },
    {
      "attributes": {
        "owner": "DFA",
        "stage": "Completed",
        "ea1": "W50P16",
        "ea2": "Western Region"
      }
    },
    {
      "attributes": {
        "owner": "DFA",
        "stage": "Completed",
        "ea1": "W50P16",
        "ea2": "Western Region"
      }
    },
    {
      "attributes": {
        "owner": "DFA",
        "stage": "Completed",
        "ea1": "W50P16",
        "ea2": "Western Region"
      }
    },
    {
      "attributes": {
        "owner": "DFA",
        "stage": "Completed",
        "ea1": "W50P16",
        "ea2": "Western Region"
      }
    },
    {
      "attributes": {
        "owner": "DFA",
        "stage": "Completed",
        "ea1": "W50P16",
        "ea2": "Western Region"
      }
    },
    {
      "attributes": {
        "owner": "DFA",
        "stage": "Completed",
        "ea1": "W50P16",
        "ea2": "Western Region"
      }
    },
    {
      "attributes": {
        "owner": "DFA",
        "stage": "Completed",
        "ea1": "W50P16",
        "ea2": "Western Region"
      }
    },
    {
      "attributes": {
        "owner": "DFA",
        "stage": "Completed",
        "ea1": "W50P16",
        "ea2": "Western Region"
      }
    },
    {
      "attributes": {
        "owner": "DFA",
        "stage": "Completed",
        "ea1": "W50P16",
        "ea2": "Western Region"
      }
    },
    {
      "attributes": {
        "owner": "DFA",
        "stage": "Completed",
        "ea1": "W50P16",
        "ea2": "Western Region"
      }
    },
    {
      "attributes": {
        "owner": "DFA",
        "stage": "Completed",
        "ea1": "W50P16",
        "ea2": "Western Region"
      }
    },
    {
      "attributes": {
        "owner": "DFA",
        "stage": "Completed",
        "ea1": "G52P46",
        "ea2": "Gauteng South"
      }
    },
    {
      "attributes": {
        "owner": "DFA",
        "stage": "Completed",
        "ea1": "W20P30",
        "ea2": "Western Region"
      }
    },
    {
      "attributes": {
        "owner": "DFA",
        "stage": "Completed",
        "ea1": "W20P30",
        "ea2": "Western Region"
      }
    },
    {
      "attributes": {
        "owner": "DFA",
        "stage": "Completed",
        "ea1": "W20P30",
        "ea2": "Western Region"
      }
    },
    {
      "attributes": {
        "owner": "DFA",
        "stage": "Completed",
        "ea1": "W20P30",
        "ea2": "Western Region"
      }
    },
    {
      "attributes": {
        "owner": "DFA",
        "stage": "Completed",
        "ea1": "W20P30",
        "ea2": "Western Region"
      }
    },
    {
      "attributes": {
        "owner": "DFA",
        "stage": "Completed",
        "ea1": "W20P30",
        "ea2": "Western Region"
      }
    },
    {
      "attributes": {
        "owner": "DFA",
        "stage": "Completed",
        "ea1": "W20P30",
        "ea2": "Western Region"
      }
    },
    {
      "attributes": {
        "owner": "DFA",
        "stage": "Completed",
        "ea1": "G30P38",
        "ea2": "Gauteng South"
      }
    },
    {
      "attributes": {
        "owner": "DFA",
        "stage": "Completed",
        "ea1": "G02P02",
        "ea2": "Gauteng South"
      }
    },
    {
      "attributes": {
        "owner": "DFA",
        "stage": "Completed",
        "ea1": "W20P30",
        "ea2": "Western Region"
      }
    },
    {
      "attributes": {
        "owner": "DFA",
        "stage": "Completed",
        "ea1": "G30P38",
        "ea2": "Gauteng South"
      }
    },
    {
      "attributes": {
        "owner": "DFA",
        "stage": "Completed",
        "ea1": "G30P38",
        "ea2": "Gauteng South"
      }
    },
    {
      "attributes": {
        "owner": "DFA",
        "stage": "Completed",
        "ea1": "G30P38",
        "ea2": "Gauteng South"
      }
    },
    {
      "attributes": {
        "owner": "DFA",
        "stage": "Completed",
        "ea1": "W50P16",
        "ea2": "Western Region"
      }
    },
    {
      "attributes": {
        "owner": "DFA",
        "stage": "Completed",
        "ea1": "W50P16",
        "ea2": "Western Region"
      }
    },
    {
      "attributes": {
        "owner": "DFA",
        "stage": "Completed",
        "ea1": "W50P16",
        "ea2": "Western Region"
      }
    },
    {
      "attributes": {
        "owner": "DFA",
        "stage": "Completed",
        "ea1": "W50P16",
        "ea2": "Western Region"
      }
    },
    {
      "attributes": {
        "owner": "DFA",
        "stage": "Completed",
        "ea1": "W50P16",
        "ea2": "Western Region"
      }
    },
    {
      "attributes": {
        "owner": "DFA",
        "stage": "Completed",
        "ea1": "W50P16",
        "ea2": "Western Region"
      }
    },
    {
      "attributes": {
        "owner": "DFA",
        "stage": "Completed",
        "ea1": "W50P16",
        "ea2": "Western Region"
      }
    },
    {
      "attributes": {
        "owner": "DFA",
        "stage": "Construction",
        "ea1": "none",
        "ea2": "None"
      }
    },
    {
      "attributes": {
        "owner": "DFA",
        "stage": "Completed",
        "ea1": "W50P16",
        "ea2": "Western Region"
      }
    },
    {
      "attributes": {
        "owner": "DFA",
        "stage": "Completed",
        "ea1": "W50P16",
        "ea2": "Western Region"
      }
    },
    {
      "attributes": {
        "owner": "DFA",
        "stage": "Completed",
        "ea1": "W50P16",
        "ea2": "Western Region"
      }
    },
    {
      "attributes": {
        "owner": "DFA",
        "stage": "Construction",
        "ea1": "none",
        "ea2": "None"
      }
    },
    {
      "attributes": {
        "owner": "DFA",
        "stage": "Completed",
        "ea1": "W50P80",
        "ea2": "Western Region"
      }
    },
    {
      "attributes": {
        "owner": "DFA",
        "stage": "Completed",
        "ea1": "W50P80",
        "ea2": "Western Region"
      }
    },
    {
      "attributes": {
        "owner": "DFA",
        "stage": "Completed",
        "ea1": "W50P80",
        "ea2": "Western Region"
      }
    },
    {
      "attributes": {
        "owner": "DFA",
        "stage": "Completed",
        "ea1": "W50P80",
        "ea2": "Western Region"
      }
    },
    {
      "attributes": {
        "owner": "DFA",
        "stage": "Completed",
        "ea1": "G51P14",
        "ea2": "Gauteng South"
      }
    },
    {
      "attributes": {
        "owner": "DFA",
        "stage": "Completed",
        "ea1": "G51P14",
        "ea2": "Gauteng South"
      }
    },
    {
      "attributes": {
        "owner": "DFA",
        "stage": "Completed",
        "ea1": "G51P14",
        "ea2": "Gauteng South"
      }
    },
    {
      "attributes": {
        "owner": "DFA",
        "stage": "Completed",
        "ea1": "G51P14",
        "ea2": "Gauteng South"
      }
    },
    {
      "attributes": {
        "owner": "DFA",
        "stage": "Completed",
        "ea1": "G51P14",
        "ea2": "Gauteng South"
      }
    },
    {
      "attributes": {
        "owner": "DFA",
        "stage": "Completed",
        "ea1": "G52P60",
        "ea2": "Gauteng South"
      }
    },
    {
      "attributes": {
        "owner": "DFA",
        "stage": "Completed",
        "ea1": "G52P60",
        "ea2": "Gauteng South"
      }
    },
    {
      "attributes": {
        "owner": "DFA",
        "stage": "Completed",
        "ea1": "G52P60",
        "ea2": "Gauteng South"
      }
    },
    {
      "attributes": {
        "owner": "DFA",
        "stage": "Completed",
        "ea1": "G52P60",
        "ea2": "Gauteng South"
      }
    },
    {
      "attributes": {
        "owner": "DFA",
        "stage": "Completed",
        "ea1": "G52P60",
        "ea2": "Gauteng South"
      }
    },
    {
      "attributes": {
        "owner": "DFA",
        "stage": "Completed",
        "ea1": "G52P37",
        "ea2": "Gauteng South"
      }
    },
    {
      "attributes": {
        "owner": "DFA",
        "stage": "Completed",
        "ea1": "W50P90",
        "ea2": "Western Region"
      }
    },
    {
      "attributes": {
        "owner": "DFA",
        "stage": "Completed",
        "ea1": "W50P90",
        "ea2": "Western Region"
      }
    },
    {
      "attributes": {
        "owner": "DFA",
        "stage": "Completed",
        "ea1": "G52P37",
        "ea2": "Gauteng South"
      }
    },
    {
      "attributes": {
        "owner": "DFA",
        "stage": "Completed",
        "ea1": "G52P37",
        "ea2": "Gauteng South"
      }
    },
    {
      "attributes": {
        "owner": "DFA",
        "stage": "Completed",
        "ea1": "W20P37",
        "ea2": "Western Region"
      }
    },
    {
      "attributes": {
        "owner": "DFA",
        "stage": "Completed",
        "ea1": "W20P37",
        "ea2": "Western Region"
      }
    },
    {
      "attributes": {
        "owner": "DFA",
        "stage": "Completed",
        "ea1": "W20P37",
        "ea2": "Western Region"
      }
    },
    {
      "attributes": {
        "owner": "DFA",
        "stage": "Completed",
        "ea1": "W20P37",
        "ea2": "Western Region"
      }
    },
    {
      "attributes": {
        "owner": "DFA",
        "stage": "Completed",
        "ea1": "W20P05",
        "ea2": "Western Region"
      }
    },
    {
      "attributes": {
        "owner": "DFA",
        "stage": "Completed",
        "ea1": "W20P02",
        "ea2": "Western Region"
      }
    },
    {
      "attributes": {
        "owner": "DFA",
        "stage": "Completed",
        "ea1": "W20P05",
        "ea2": "Western Region"
      }
    },
    {
      "attributes": {
        "owner": "DFA",
        "stage": "Completed",
        "ea1": "W20P05",
        "ea2": "Western Region"
      }
    },
    {
      "attributes": {
        "owner": "DFA",
        "stage": "Completed",
        "ea1": "W20P05",
        "ea2": "Western Region"
      }
    },
    {
      "attributes": {
        "owner": "DFA",
        "stage": "Completed",
        "ea1": "W20P05",
        "ea2": "Western Region"
      }
    },
    {
      "attributes": {
        "owner": "DFA",
        "stage": "Completed",
        "ea1": "W20P05",
        "ea2": "Western Region"
      }
    },
    {
      "attributes": {
        "owner": "DFA",
        "stage": "Completed",
        "ea1": "W20P05",
        "ea2": "Western Region"
      }
    },
    {
      "attributes": {
        "owner": "DFA",
        "stage": "Completed",
        "ea1": "W20P05",
        "ea2": "Western Region"
      }
    },
    {
      "attributes": {
        "owner": "DFA",
        "stage": "Completed",
        "ea1": "W20P05",
        "ea2": "Western Region"
      }
    },
    {
      "attributes": {
        "owner": "DFA",
        "stage": "Completed",
        "ea1": "G51P31",
        "ea2": "Gauteng South"
      }
    },
    {
      "attributes": {
        "owner": "DFA",
        "stage": "Completed",
        "ea1": "G51P31",
        "ea2": "Gauteng South"
      }
    },
    {
      "attributes": {
        "owner": "DFA",
        "stage": "Completed",
        "ea1": "G51P31",
        "ea2": "Gauteng South"
      }
    },
    {
      "attributes": {
        "owner": "DFA",
        "stage": "Completed",
        "ea1": "G51P31",
        "ea2": "Gauteng South"
      }
    },
    {
      "attributes": {
        "owner": "DFA",
        "stage": "Completed",
        "ea1": "G51P31",
        "ea2": "Gauteng South"
      }
    },
    {
      "attributes": {
        "owner": "DFA",
        "stage": "Completed",
        "ea1": "G51P31",
        "ea2": "Gauteng South"
      }
    },
    {
      "attributes": {
        "owner": "DFA",
        "stage": "Completed",
        "ea1": "G51P31",
        "ea2": "Gauteng South"
      }
    },
    {
      "attributes": {
        "owner": "DFA",
        "stage": "Completed",
        "ea1": "G51P31",
        "ea2": "Gauteng South"
      }
    },
    {
      "attributes": {
        "owner": "DFA",
        "stage": "Completed",
        "ea1": "G51P31",
        "ea2": "Gauteng South"
      }
    },
    {
      "attributes": {
        "owner": "DFA",
        "stage": "Completed",
        "ea1": "G03P01",
        "ea2": "Gauteng South"
      }
    },
    {
      "attributes": {
        "owner": "DFA",
        "stage": "Construction",
        "ea1": "G01P14",
        "ea2": "Gauteng South"
      }
    },
    {
      "attributes": {
        "owner": "DFA",
        "stage": "Completed",
        "ea1": "W50P62",
        "ea2": "Western Region"
      }
    },
    {
      "attributes": {
        "owner": "DFA",
        "stage": "Completed",
        "ea1": "W50P62",
        "ea2": "Western Region"
      }
    },
    {
      "attributes": {
        "owner": "DFA",
        "stage": "Completed",
        "ea1": "W50P62",
        "ea2": "Western Region"
      }
    },
    {
      "attributes": {
        "owner": "DFA",
        "stage": "Completed",
        "ea1": "W50P62",
        "ea2": "Western Region"
      }
    },
    {
      "attributes": {
        "owner": "DFA",
        "stage": "Completed",
        "ea1": "G20P09",
        "ea2": "Gauteng South"
      }
    },
    {
      "attributes": {
        "owner": "DFA",
        "stage": "Completed",
        "ea1": "G20P09",
        "ea2": "Gauteng South"
      }
    },
    {
      "attributes": {
        "owner": "DFA",
        "stage": "Completed",
        "ea1": "G20P09",
        "ea2": "Gauteng South"
      }
    },
    {
      "attributes": {
        "owner": "DFA",
        "stage": "Completed",
        "ea1": "W20P21",
        "ea2": "Western Region"
      }
    },
    {
      "attributes": {
        "owner": "DFA",
        "stage": "Completed",
        "ea1": "W20P21",
        "ea2": "Western Region"
      }
    },
    {
      "attributes": {
        "owner": "DFA",
        "stage": "Completed",
        "ea1": "W20P21",
        "ea2": "Western Region"
      }
    },
    {
      "attributes": {
        "owner": "DFA",
        "stage": "Completed",
        "ea1": "W20P21",
        "ea2": "Western Region"
      }
    },
    {
      "attributes": {
        "owner": "DFA",
        "stage": "Completed",
        "ea1": "W20P21",
        "ea2": "Western Region"
      }
    },
    {
      "attributes": {
        "owner": "DFA",
        "stage": "Completed",
        "ea1": "W20P21",
        "ea2": "Western Region"
      }
    },
    {
      "attributes": {
        "owner": "DFA",
        "stage": "Completed",
        "ea1": "W20P21",
        "ea2": "Western Region"
      }
    },
    {
      "attributes": {
        "owner": "DFA",
        "stage": "Completed",
        "ea1": "W20P21",
        "ea2": "Western Region"
      }
    },
    {
      "attributes": {
        "owner": "DFA",
        "stage": "Completed",
        "ea1": "W20P21",
        "ea2": "Western Region"
      }
    },
    {
      "attributes": {
        "owner": "DFA",
        "stage": "Completed",
        "ea1": "W20P21",
        "ea2": "Western Region"
      }
    },
    {
      "attributes": {
        "owner": "DFA",
        "stage": "Completed",
        "ea1": "W20P21",
        "ea2": "Western Region"
      }
    },
    {
      "attributes": {
        "owner": "DFA",
        "stage": "Completed",
        "ea1": "W20P21",
        "ea2": "Western Region"
      }
    },
    {
      "attributes": {
        "owner": "DFA",
        "stage": "Completed",
        "ea1": "W20P21",
        "ea2": "Western Region"
      }
    },
    {
      "attributes": {
        "owner": "DFA",
        "stage": "Completed",
        "ea1": "W20P21",
        "ea2": "Western Region"
      }
    },
    {
      "attributes": {
        "owner": "DFA",
        "stage": "Completed",
        "ea1": "W20P21",
        "ea2": "Western Region"
      }
    },
    {
      "attributes": {
        "owner": "DFA",
        "stage": "Completed",
        "ea1": "W20P21",
        "ea2": "Western Region"
      }
    },
    {
      "attributes": {
        "owner": "DFA",
        "stage": "Completed",
        "ea1": "W50P48",
        "ea2": "Western Region"
      }
    },
    {
      "attributes": {
        "owner": "DFA",
        "stage": "Completed",
        "ea1": "W50P48",
        "ea2": "Western Region"
      }
    },
    {
      "attributes": {
        "owner": "DFA",
        "stage": "Completed",
        "ea1": "W50P48",
        "ea2": "Western Region"
      }
    },
    {
      "attributes": {
        "owner": "DFA",
        "stage": "Completed",
        "ea1": "W50P48",
        "ea2": "Western Region"
      }
    },
    {
      "attributes": {
        "owner": "DFA",
        "stage": "Completed",
        "ea1": "W50P48",
        "ea2": "Western Region"
      }
    },
    {
      "attributes": {
        "owner": "DFA",
        "stage": "Completed",
        "ea1": "W50P48",
        "ea2": "Western Region"
      }
    },
    {
      "attributes": {
        "owner": "DFA",
        "stage": "Completed",
        "ea1": "W50P48",
        "ea2": "Western Region"
      }
    },
    {
      "attributes": {
        "owner": "DFA",
        "stage": "Construction",
        "ea1": "none",
        "ea2": "None"
      }
    },
    {
      "attributes": {
        "owner": "DFA",
        "stage": "Completed",
        "ea1": "W50P48",
        "ea2": "Western Region"
      }
    },
    {
      "attributes": {
        "owner": "DFA",
        "stage": "Completed",
        "ea1": "W50P48",
        "ea2": "Western Region"
      }
    },
    {
      "attributes": {
        "owner": "DFA",
        "stage": "Completed",
        "ea1": "W50P48",
        "ea2": "Western Region"
      }
    },
    {
      "attributes": {
        "owner": "DFA",
        "stage": "Completed",
        "ea1": "W50P48",
        "ea2": "Western Region"
      }
    },
    {
      "attributes": {
        "owner": "DFA",
        "stage": "Completed",
        "ea1": "W50P91 ",
        "ea2": "Western Region"
      }
    },
    {
      "attributes": {
        "owner": "DFA",
        "stage": "Completed",
        "ea1": "W50P91 ",
        "ea2": "Western Region"
      }
    },
    {
      "attributes": {
        "owner": "DFA",
        "stage": "Completed",
        "ea1": "W50P91 ",
        "ea2": "Western Region"
      }
    },
    {
      "attributes": {
        "owner": "DFA",
        "stage": "Completed",
        "ea1": "W50P91 ",
        "ea2": "Western Region"
      }
    },
    {
      "attributes": {
        "owner": "DFA",
        "stage": "Completed",
        "ea1": "W50P91",
        "ea2": "Western Region"
      }
    },
    {
      "attributes": {
        "owner": "DFA",
        "stage": "Completed",
        "ea1": "W50P91 ",
        "ea2": "Western Region"
      }
    },
    {
      "attributes": {
        "owner": "DFA",
        "stage": "Completed",
        "ea1": "W50P91",
        "ea2": "Western Region"
      }
    },
    {
      "attributes": {
        "owner": "DFA",
        "stage": "Completed",
        "ea1": "W50P91",
        "ea2": "Western Region"
      }
    },
    {
      "attributes": {
        "owner": "DFA",
        "stage": "Completed",
        "ea1": "W50P91",
        "ea2": "Western Region"
      }
    },
    {
      "attributes": {
        "owner": "DFA",
        "stage": "Completed",
        "ea1": "W50P91",
        "ea2": "Western Region"
      }
    },
    {
      "attributes": {
        "owner": "DFA",
        "stage": "Completed",
        "ea1": "NB30P08",
        "ea2": "Northern Region"
      }
    },
    {
      "attributes": {
        "owner": "DFA",
        "stage": "Construction",
        "ea1": "K20P65",
        "ea2": "Kwa-Zulu Natal"
      }
    },
    {
      "attributes": {
        "owner": "DFA",
        "stage": "Completed",
        "ea1": "none",
        "ea2": "None"
      }
    },
    {
      "attributes": {
        "owner": "DFA",
        "stage": "Completed",
        "ea1": "none",
        "ea2": "None"
      }
    },
    {
      "attributes": {
        "owner": "DFA",
        "stage": "Completed",
        "ea1": "none",
        "ea2": "None"
      }
    },
    {
      "attributes": {
        "owner": "DFA",
        "stage": "Completed",
        "ea1": "W20P44",
        "ea2": "Western Region"
      }
    },
    {
      "attributes": {
        "owner": "DFA",
        "stage": "Completed",
        "ea1": "none",
        "ea2": "None"
      }
    },
    {
      "attributes": {
        "owner": "DFA",
        "stage": "Completed",
        "ea1": "none",
        "ea2": "Northern Region"
      }
    },
    {
      "attributes": {
        "owner": "DFA",
        "stage": "Completed",
        "ea1": "none",
        "ea2": "Northern Region"
      }
    },
    {
      "attributes": {
        "owner": "DFA",
        "stage": "Completed",
        "ea1": "W51P18",
        "ea2": "Western Region"
      }
    },
    {
      "attributes": {
        "owner": "DFA",
        "stage": "Completed",
        "ea1": "W51P18",
        "ea2": "Western Region"
      }
    },
    {
      "attributes": {
        "owner": "DFA",
        "stage": "Completed",
        "ea1": "W50P91",
        "ea2": "Western Region"
      }
    },
    {
      "attributes": {
        "owner": "DFA",
        "stage": "Completed",
        "ea1": "W01P08",
        "ea2": "Western Region"
      }
    },
    {
      "attributes": {
        "owner": "DFA",
        "stage": "Completed",
        "ea1": "W01P08",
        "ea2": "Western Region"
      }
    },
    {
      "attributes": {
        "owner": "DFA",
        "stage": "Completed",
        "ea1": "W01P08",
        "ea2": "Western Region"
      }
    },
    {
      "attributes": {
        "owner": "DFA",
        "stage": "Completed",
        "ea1": "W01P08",
        "ea2": "Western Region"
      }
    },
    {
      "attributes": {
        "owner": "DFA",
        "stage": "Completed",
        "ea1": "W50P09",
        "ea2": "Western Region"
      }
    },
    {
      "attributes": {
        "owner": "DFA",
        "stage": "Completed",
        "ea1": "W50P09",
        "ea2": "Western Region"
      }
    },
    {
      "attributes": {
        "owner": "DFA",
        "stage": "Completed",
        "ea1": "W50P09",
        "ea2": "Western Region"
      }
    },
    {
      "attributes": {
        "owner": "DFA",
        "stage": "Completed",
        "ea1": "W50P09",
        "ea2": "Western Region"
      }
    },
    {
      "attributes": {
        "owner": "DFA",
        "stage": "Completed",
        "ea1": "W50P09",
        "ea2": "Western Region"
      }
    },
    {
      "attributes": {
        "owner": "DFA",
        "stage": "Completed",
        "ea1": "W50P09",
        "ea2": "Western Region"
      }
    },
    {
      "attributes": {
        "owner": "DFA",
        "stage": "Completed",
        "ea1": "W50P09",
        "ea2": "Western Region"
      }
    },
    {
      "attributes": {
        "owner": "DFA",
        "stage": "Completed",
        "ea1": "W50P09",
        "ea2": "Western Region"
      }
    },
    {
      "attributes": {
        "owner": "DFA",
        "stage": "Completed",
        "ea1": "W50P09",
        "ea2": "Western Region"
      }
    },
    {
      "attributes": {
        "owner": "DFA",
        "stage": "Completed",
        "ea1": "W50P09",
        "ea2": "Western Region"
      }
    },
    {
      "attributes": {
        "owner": "DFA",
        "stage": "Completed",
        "ea1": "W50P09",
        "ea2": "Western Region"
      }
    },
    {
      "attributes": {
        "owner": "DFA",
        "stage": "Completed",
        "ea1": "W50P09",
        "ea2": "Western Region"
      }
    },
    {
      "attributes": {
        "owner": "DFA",
        "stage": "Construction",
        "ea1": "G50P49",
        "ea2": "Gauteng South"
      }
    },
    {
      "attributes": {
        "owner": "DFA",
        "stage": "Completed",
        "ea1": "G50P53",
        "ea2": "Gauteng South"
      }
    },
    {
      "attributes": {
        "owner": "DFA",
        "stage": "Completed",
        "ea1": "G51P31",
        "ea2": "Gauteng South"
      }
    },
    {
      "attributes": {
        "owner": "DFA",
        "stage": "Completed",
        "ea1": "G51P31",
        "ea2": "Gauteng South"
      }
    },
    {
      "attributes": {
        "owner": "DFA",
        "stage": "Completed",
        "ea1": "G51P31",
        "ea2": "Gauteng South"
      }
    },
    {
      "attributes": {
        "owner": "DFA",
        "stage": "Completed",
        "ea1": "G51P31",
        "ea2": "Gauteng South"
      }
    },
    {
      "attributes": {
        "owner": "DFA",
        "stage": "Completed",
        "ea1": "G51P31",
        "ea2": "Gauteng South"
      }
    },
    {
      "attributes": {
        "owner": "DFA",
        "stage": "Completed",
        "ea1": "G51P31",
        "ea2": "Gauteng South"
      }
    },
    {
      "attributes": {
        "owner": "DFA",
        "stage": "Completed",
        "ea1": "G51P31",
        "ea2": "Gauteng South"
      }
    },
    {
      "attributes": {
        "owner": "DFA",
        "stage": "Construction",
        "ea1": "K50P10",
        "ea2": "Kwa-Zulu Natal"
      }
    },
    {
      "attributes": {
        "owner": "DFA",
        "stage": "Completed",
        "ea1": "W01P08",
        "ea2": "Western Region"
      }
    },
    {
      "attributes": {
        "owner": "DFA",
        "stage": "Construction",
        "ea1": "none",
        "ea2": "None"
      }
    },
    {
      "attributes": {
        "owner": "DFA",
        "stage": "Completed",
        "ea1": "W01P08",
        "ea2": "Western Region"
      }
    },
    {
      "attributes": {
        "owner": "DFA",
        "stage": "Completed",
        "ea1": "K50P10",
        "ea2": "Kwa-Zulu Natal"
      }
    },
    {
      "attributes": {
        "owner": "DFA",
        "stage": "Completed",
        "ea1": "K50P10",
        "ea2": "Kwa-Zulu Natal"
      }
    },
    {
      "attributes": {
        "owner": "DFA",
        "stage": "Completed",
        "ea1": "K50P10",
        "ea2": "Kwa-Zulu Natal"
      }
    },
    {
      "attributes": {
        "owner": "DFA",
        "stage": "Completed",
        "ea1": "K50P10",
        "ea2": "Kwa-Zulu Natal"
      }
    },
    {
      "attributes": {
        "owner": "DFA",
        "stage": "Completed",
        "ea1": "K50P10",
        "ea2": "Kwa-Zulu Natal"
      }
    },
    {
      "attributes": {
        "owner": "DFA",
        "stage": "Completed",
        "ea1": "K50P10",
        "ea2": "Kwa-Zulu Natal"
      }
    },
    {
      "attributes": {
        "owner": "DFA",
        "stage": "Completed",
        "ea1": "K50P10",
        "ea2": "Kwa-Zulu Natal"
      }
    },
    {
      "attributes": {
        "owner": "DFA",
        "stage": "Completed",
        "ea1": "K50P10",
        "ea2": "Kwa-Zulu Natal"
      }
    },
    {
      "attributes": {
        "owner": "DFA",
        "stage": "Completed",
        "ea1": "K50P10",
        "ea2": "Kwa-Zulu Natal"
      }
    },
    {
      "attributes": {
        "owner": "DFA",
        "stage": "Completed",
        "ea1": "K50P10",
        "ea2": "Kwa-Zulu Natal"
      }
    },
    {
      "attributes": {
        "owner": "DFA",
        "stage": "Completed",
        "ea1": "K50P10",
        "ea2": "Kwa-Zulu Natal"
      }
    },
    {
      "attributes": {
        "owner": "DFA",
        "stage": "Construction",
        "ea1": "K50P11",
        "ea2": "Kwa-Zulu Natal"
      }
    },
    {
      "attributes": {
        "owner": "DFA",
        "stage": "Construction",
        "ea1": "MS04386KH022621a",
        "ea2": "Kwa-Zulu Natal"
      }
    },
    {
      "attributes": {
        "owner": "DFA",
        "stage": "Completed",
        "ea1": "W20P40",
        "ea2": "Western Region"
      }
    },
    {
      "attributes": {
        "owner": "DFA",
        "stage": "Completed",
        "ea1": "W20P40",
        "ea2": "Western Region"
      }
    },
    {
      "attributes": {
        "owner": "DFA",
        "stage": "Completed",
        "ea1": "W20P40",
        "ea2": "Western Region"
      }
    },
    {
      "attributes": {
        "owner": "DFA",
        "stage": "Completed",
        "ea1": "W20P40",
        "ea2": "Western Region"
      }
    },
    {
      "attributes": {
        "owner": "DFA",
        "stage": "Completed",
        "ea1": "W20P40",
        "ea2": "Western Region"
      }
    },
    {
      "attributes": {
        "owner": "DFA",
        "stage": "Completed",
        "ea1": "W20P40",
        "ea2": "Western Region"
      }
    },
    {
      "attributes": {
        "owner": "DFA",
        "stage": "Completed",
        "ea1": "W20P40",
        "ea2": "Western Region"
      }
    },
    {
      "attributes": {
        "owner": "DFA",
        "stage": "Completed",
        "ea1": "K50P10",
        "ea2": "Kwa-Zulu Natal"
      }
    },
    {
      "attributes": {
        "owner": "DFA",
        "stage": "Completed",
        "ea1": "K50P10",
        "ea2": "Kwa-Zulu Natal"
      }
    },
    {
      "attributes": {
        "owner": "DFA",
        "stage": "Completed",
        "ea1": "K50P10",
        "ea2": "Kwa-Zulu Natal"
      }
    },
    {
      "attributes": {
        "owner": "DFA",
        "stage": "Completed",
        "ea1": "K50P10",
        "ea2": "Kwa-Zulu Natal"
      }
    },
    {
      "attributes": {
        "owner": "DFA",
        "stage": "Completed",
        "ea1": "K50P10",
        "ea2": "Kwa-Zulu Natal"
      }
    },
    {
      "attributes": {
        "owner": "DFA",
        "stage": "Completed",
        "ea1": "K50P10",
        "ea2": "Kwa-Zulu Natal"
      }
    },
    {
      "attributes": {
        "owner": "DFA",
        "stage": "Completed",
        "ea1": "K50P10",
        "ea2": "Kwa-Zulu Natal"
      }
    },
    {
      "attributes": {
        "owner": "DFA",
        "stage": "Completed",
        "ea1": "K50P10",
        "ea2": "Kwa-Zulu Natal"
      }
    },
    {
      "attributes": {
        "owner": "DFA",
        "stage": "Completed",
        "ea1": "K50P10",
        "ea2": "Kwa-Zulu Natal"
      }
    },
    {
      "attributes": {
        "owner": "DFA",
        "stage": "Completed",
        "ea1": "K50P10",
        "ea2": "Kwa-Zulu Natal"
      }
    },
    {
      "attributes": {
        "owner": "DFA",
        "stage": "Construction",
        "ea1": "none",
        "ea2": "Northern Region"
      }
    },
    {
      "attributes": {
        "owner": "DFA",
        "stage": "Completed",
        "ea1": "W50P25",
        "ea2": "Western Region"
      }
    },
    {
      "attributes": {
        "owner": "DFA",
        "stage": "Completed",
        "ea1": "K50P10",
        "ea2": "Kwa-Zulu Natal"
      }
    },
    {
      "attributes": {
        "owner": "DFA",
        "stage": "Completed",
        "ea1": "K50P10",
        "ea2": "Kwa-Zulu Natal"
      }
    },
    {
      "attributes": {
        "owner": "DFA",
        "stage": "Completed",
        "ea1": "W50P25",
        "ea2": "Western Region"
      }
    },
    {
      "attributes": {
        "owner": "DFA",
        "stage": "Construction",
        "ea1": "none",
        "ea2": "Northern Region"
      }
    },
    {
      "attributes": {
        "owner": "DFA",
        "stage": "Construction",
        "ea1": "none",
        "ea2": "None"
      }
    },
    {
      "attributes": {
        "owner": "DFA",
        "stage": "Completed",
        "ea1": "AS17677LH000233",
        "ea2": "Northern Region"
      }
    },
    {
      "attributes": {
        "owner": "DFA",
        "stage": "Completed",
        "ea1": "K50P10",
        "ea2": "Kwa-Zulu Natal"
      }
    },
    {
      "attributes": {
        "owner": "DFA",
        "stage": "Completed",
        "ea1": "K50P10",
        "ea2": "Kwa-Zulu Natal"
      }
    },
    {
      "attributes": {
        "owner": "DFA",
        "stage": "Completed",
        "ea1": "K50P10",
        "ea2": "Kwa-Zulu Natal"
      }
    },
    {
      "attributes": {
        "owner": "DFA",
        "stage": "Completed",
        "ea1": "K50P10",
        "ea2": "Kwa-Zulu Natal"
      }
    },
    {
      "attributes": {
        "owner": "DFA",
        "stage": "Completed",
        "ea1": "K50P10",
        "ea2": "Kwa-Zulu Natal"
      }
    },
    {
      "attributes": {
        "owner": "DFA",
        "stage": "Completed",
        "ea1": "K50P10",
        "ea2": "Kwa-Zulu Natal"
      }
    },
    {
      "attributes": {
        "owner": "DFA",
        "stage": "Completed",
        "ea1": "K50P10",
        "ea2": "Kwa-Zulu Natal"
      }
    },
    {
      "attributes": {
        "owner": "DFA",
        "stage": "Completed",
        "ea1": "K50P10",
        "ea2": "Kwa-Zulu Natal"
      }
    },
    {
      "attributes": {
        "owner": "DFA",
        "stage": "Completed",
        "ea1": "K50P10",
        "ea2": "Kwa-Zulu Natal"
      }
    },
    {
      "attributes": {
        "owner": "DFA",
        "stage": "Completed",
        "ea1": "K50P10",
        "ea2": "Kwa-Zulu Natal"
      }
    },
    {
      "attributes": {
        "owner": "DFA",
        "stage": "Completed",
        "ea1": "K50P10",
        "ea2": "Kwa-Zulu Natal"
      }
    },
    {
      "attributes": {
        "owner": "DFA",
        "stage": "Completed",
        "ea1": "K50P10",
        "ea2": "Kwa-Zulu Natal"
      }
    },
    {
      "attributes": {
        "owner": "DFA",
        "stage": "Completed",
        "ea1": "K50P10",
        "ea2": "Kwa-Zulu Natal"
      }
    },
    {
      "attributes": {
        "owner": "DFA",
        "stage": "Completed",
        "ea1": "K50P10",
        "ea2": "Kwa-Zulu Natal"
      }
    },
    {
      "attributes": {
        "owner": "DFA",
        "stage": "Completed",
        "ea1": "K50P10",
        "ea2": "Kwa-Zulu Natal"
      }
    },
    {
      "attributes": {
        "owner": "DFA",
        "stage": "Completed",
        "ea1": "K50P10",
        "ea2": "Kwa-Zulu Natal"
      }
    },
    {
      "attributes": {
        "owner": "DFA",
        "stage": "Completed",
        "ea1": "K50P10",
        "ea2": "Kwa-Zulu Natal"
      }
    },
    {
      "attributes": {
        "owner": "DFA",
        "stage": "Completed",
        "ea1": "K50P10",
        "ea2": "Kwa-Zulu Natal"
      }
    },
    {
      "attributes": {
        "owner": "DFA",
        "stage": "Completed",
        "ea1": "K50P10",
        "ea2": "Kwa-Zulu Natal"
      }
    },
    {
      "attributes": {
        "owner": "DFA",
        "stage": "Completed",
        "ea1": "K50P10",
        "ea2": "Kwa-Zulu Natal"
      }
    },
    {
      "attributes": {
        "owner": "DFA",
        "stage": "Completed",
        "ea1": "K50P10",
        "ea2": "Kwa-Zulu Natal"
      }
    },
    {
      "attributes": {
        "owner": "DFA",
        "stage": "Completed",
        "ea1": "K50P10",
        "ea2": "Kwa-Zulu Natal"
      }
    },
    {
      "attributes": {
        "owner": "DFA",
        "stage": "Completed",
        "ea1": "K50P10",
        "ea2": "Kwa-Zulu Natal"
      }
    },
    {
      "attributes": {
        "owner": "DFA",
        "stage": "Completed",
        "ea1": "K50P10",
        "ea2": "Kwa-Zulu Natal"
      }
    },
    {
      "attributes": {
        "owner": "DFA",
        "stage": "Completed",
        "ea1": "K50P10",
        "ea2": "Kwa-Zulu Natal"
      }
    },
    {
      "attributes": {
        "owner": "DFA",
        "stage": "Completed",
        "ea1": "K50P10",
        "ea2": "Kwa-Zulu Natal"
      }
    },
    {
      "attributes": {
        "owner": "DFA",
        "stage": "Completed",
        "ea1": "K50P10",
        "ea2": "Kwa-Zulu Natal"
      }
    },
    {
      "attributes": {
        "owner": "DFA",
        "stage": "Completed",
        "ea1": "K50P10",
        "ea2": "Kwa-Zulu Natal"
      }
    },
    {
      "attributes": {
        "owner": "DFA",
        "stage": "Completed",
        "ea1": "K50P10",
        "ea2": "Kwa-Zulu Natal"
      }
    },
    {
      "attributes": {
        "owner": "DFA",
        "stage": "Completed",
        "ea1": "K50P10",
        "ea2": "Kwa-Zulu Natal"
      }
    },
    {
      "attributes": {
        "owner": "DFA",
        "stage": "Completed",
        "ea1": "K50P10",
        "ea2": "Kwa-Zulu Natal"
      }
    },
    {
      "attributes": {
        "owner": "DFA",
        "stage": "Completed",
        "ea1": "K50P10",
        "ea2": "Kwa-Zulu Natal"
      }
    },
    {
      "attributes": {
        "owner": "DFA",
        "stage": "Completed",
        "ea1": "K50P10",
        "ea2": "Kwa-Zulu Natal"
      }
    },
    {
      "attributes": {
        "owner": "DFA",
        "stage": "Completed",
        "ea1": "K50P10",
        "ea2": "Kwa-Zulu Natal"
      }
    },
    {
      "attributes": {
        "owner": "DFA",
        "stage": "Completed",
        "ea1": "K50P10",
        "ea2": "Kwa-Zulu Natal"
      }
    },
    {
      "attributes": {
        "owner": "DFA",
        "stage": "Completed",
        "ea1": "K50P10",
        "ea2": "Kwa-Zulu Natal"
      }
    },
    {
      "attributes": {
        "owner": "DFA",
        "stage": "Completed",
        "ea1": "K50P10",
        "ea2": "Kwa-Zulu Natal"
      }
    },
    {
      "attributes": {
        "owner": "DFA",
        "stage": "Completed",
        "ea1": "K50P10",
        "ea2": "Kwa-Zulu Natal"
      }
    },
    {
      "attributes": {
        "owner": "DFA",
        "stage": "Completed",
        "ea1": "K50P10",
        "ea2": "Kwa-Zulu Natal"
      }
    },
    {
      "attributes": {
        "owner": "DFA",
        "stage": "Completed",
        "ea1": "K50P10",
        "ea2": "Kwa-Zulu Natal"
      }
    },
    {
      "attributes": {
        "owner": "DFA",
        "stage": "Completed",
        "ea1": "K50P10",
        "ea2": "Kwa-Zulu Natal"
      }
    },
    {
      "attributes": {
        "owner": "DFA",
        "stage": "Completed",
        "ea1": "K50P10",
        "ea2": "Kwa-Zulu Natal"
      }
    },
    {
      "attributes": {
        "owner": "DFA",
        "stage": "Completed",
        "ea1": "W50P61",
        "ea2": "Western Region"
      }
    },
    {
      "attributes": {
        "owner": "DFA",
        "stage": "Construction",
        "ea1": "none",
        "ea2": "None"
      }
    },
    {
      "attributes": {
        "owner": "DFA",
        "stage": "Completed",
        "ea1": "K50P10",
        "ea2": "Kwa-Zulu Natal"
      }
    },
    {
      "attributes": {
        "owner": "DFA",
        "stage": "Completed",
        "ea1": "K50P10",
        "ea2": "Kwa-Zulu Natal"
      }
    },
    {
      "attributes": {
        "owner": "DFA",
        "stage": "Completed",
        "ea1": "W50P65",
        "ea2": "Western Region"
      }
    },
    {
      "attributes": {
        "owner": "DFA",
        "stage": "Completed",
        "ea1": "K50P10",
        "ea2": "Kwa-Zulu Natal"
      }
    },
    {
      "attributes": {
        "owner": "DFA",
        "stage": "Completed",
        "ea1": "W50P65",
        "ea2": "Western Region"
      }
    },
    {
      "attributes": {
        "owner": "DFA",
        "stage": "Completed",
        "ea1": "K50P10",
        "ea2": "Kwa-Zulu Natal"
      }
    },
    {
      "attributes": {
        "owner": "DFA",
        "stage": "Completed",
        "ea1": "W50P65",
        "ea2": "Western Region"
      }
    },
    {
      "attributes": {
        "owner": "DFA",
        "stage": "Completed",
        "ea1": "K50P10",
        "ea2": "Kwa-Zulu Natal"
      }
    },
    {
      "attributes": {
        "owner": "DFA",
        "stage": "Completed",
        "ea1": "W50P65",
        "ea2": "Western Region"
      }
    },
    {
      "attributes": {
        "owner": "DFA",
        "stage": "Completed",
        "ea1": "W50P65",
        "ea2": "Western Region"
      }
    },
    {
      "attributes": {
        "owner": "DFA",
        "stage": "Completed",
        "ea1": "W50P65",
        "ea2": "Western Region"
      }
    },
    {
      "attributes": {
        "owner": "DFA",
        "stage": "Completed",
        "ea1": "MS03141LH020229",
        "ea2": "Northern Region"
      }
    },
    {
      "attributes": {
        "owner": "DFA",
        "stage": "Completed",
        "ea1": "W50P65",
        "ea2": "Western Region"
      }
    },
    {
      "attributes": {
        "owner": "DFA",
        "stage": "Completed",
        "ea1": "W50P64",
        "ea2": "Western Region"
      }
    },
    {
      "attributes": {
        "owner": "DFA",
        "stage": "Completed",
        "ea1": "none",
        "ea2": "Northern Region"
      }
    },
    {
      "attributes": {
        "owner": "DFA",
        "stage": "Completed",
        "ea1": "none",
        "ea2": "Northern Region"
      }
    },
    {
      "attributes": {
        "owner": "DFA",
        "stage": "Completed",
        "ea1": "none",
        "ea2": "Northern Region"
      }
    },
    {
      "attributes": {
        "owner": "DFA",
        "stage": "Completed",
        "ea1": "none",
        "ea2": "Northern Region"
      }
    },
    {
      "attributes": {
        "owner": "DFA",
        "stage": "Completed",
        "ea1": "none",
        "ea2": "Northern Region"
      }
    },
    {
      "attributes": {
        "owner": "DFA",
        "stage": "Completed",
        "ea1": "AS04786NB000951",
        "ea2": "Northern Region"
      }
    },
    {
      "attributes": {
        "owner": "DFA",
        "stage": "Completed",
        "ea1": "none",
        "ea2": "Northern Region"
      }
    },
    {
      "attributes": {
        "owner": "DFA",
        "stage": "Completed",
        "ea1": "none",
        "ea2": "Northern Region"
      }
    },
    {
      "attributes": {
        "owner": "DFA",
        "stage": "Completed",
        "ea1": "none",
        "ea2": "Northern Region"
      }
    },
    {
      "attributes": {
        "owner": "DFA",
        "stage": "Completed",
        "ea1": "none",
        "ea2": "Northern Region"
      }
    },
    {
      "attributes": {
        "owner": "DFA",
        "stage": "Completed",
        "ea1": "none",
        "ea2": "Northern Region"
      }
    },
    {
      "attributes": {
        "owner": "DFA",
        "stage": "Completed",
        "ea1": "none",
        "ea2": "Northern Region"
      }
    },
    {
      "attributes": {
        "owner": "DFA",
        "stage": "Completed",
        "ea1": "none",
        "ea2": "Northern Region"
      }
    },
    {
      "attributes": {
        "owner": "DFA",
        "stage": "Completed",
        "ea1": "none",
        "ea2": "Northern Region"
      }
    },
    {
      "attributes": {
        "owner": "DFA",
        "stage": "Completed",
        "ea1": "none",
        "ea2": "Northern Region"
      }
    },
    {
      "attributes": {
        "owner": "DFA",
        "stage": "Completed",
        "ea1": "none",
        "ea2": "Northern Region"
      }
    },
    {
      "attributes": {
        "owner": "DFA",
        "stage": "Completed",
        "ea1": "none",
        "ea2": "Northern Region"
      }
    },
    {
      "attributes": {
        "owner": "DFA",
        "stage": "Completed",
        "ea1": "none",
        "ea2": "Northern Region"
      }
    },
    {
      "attributes": {
        "owner": "DFA",
        "stage": "Completed",
        "ea1": "G01P13",
        "ea2": "Northern Region"
      }
    },
    {
      "attributes": {
        "owner": "DFA",
        "stage": "Completed",
        "ea1": "none",
        "ea2": "Northern Region"
      }
    },
    {
      "attributes": {
        "owner": "DFA",
        "stage": "Completed",
        "ea1": "K50P43",
        "ea2": "Kwa-Zulu Natal"
      }
    },
    {
      "attributes": {
        "owner": "DFA",
        "stage": "Completed",
        "ea1": "none",
        "ea2": "None"
      }
    },
    {
      "attributes": {
        "owner": "DFA",
        "stage": "Completed",
        "ea1": "K50P43",
        "ea2": "Kwa-Zulu Natal"
      }
    },
    {
      "attributes": {
        "owner": "DFA",
        "stage": "Completed",
        "ea1": "K50P43",
        "ea2": "Kwa-Zulu Natal"
      }
    },
    {
      "attributes": {
        "owner": "DFA",
        "stage": "Completed",
        "ea1": "K50P43",
        "ea2": "Kwa-Zulu Natal"
      }
    },
    {
      "attributes": {
        "owner": "DFA",
        "stage": "Completed",
        "ea1": "K50P43",
        "ea2": "Kwa-Zulu Natal"
      }
    },
    {
      "attributes": {
        "owner": "DFA",
        "stage": "Completed",
        "ea1": "K50P43",
        "ea2": "Kwa-Zulu Natal"
      }
    },
    {
      "attributes": {
        "owner": "DFA",
        "stage": "Completed",
        "ea1": "K50P43",
        "ea2": "Kwa-Zulu Natal"
      }
    },
    {
      "attributes": {
        "owner": "DFA",
        "stage": "Completed",
        "ea1": "K50P43",
        "ea2": "Kwa-Zulu Natal"
      }
    },
    {
      "attributes": {
        "owner": "DFA",
        "stage": "Completed",
        "ea1": "K50P43",
        "ea2": "Kwa-Zulu Natal"
      }
    },
    {
      "attributes": {
        "owner": "DFA",
        "stage": "Completed",
        "ea1": "K50P43",
        "ea2": "Kwa-Zulu Natal"
      }
    },
    {
      "attributes": {
        "owner": "DFA",
        "stage": "Completed",
        "ea1": "K50P43",
        "ea2": "Kwa-Zulu Natal"
      }
    },
    {
      "attributes": {
        "owner": "DFA",
        "stage": "Completed",
        "ea1": "K50P43",
        "ea2": "Kwa-Zulu Natal"
      }
    },
    {
      "attributes": {
        "owner": "DFA",
        "stage": "Completed",
        "ea1": "K50P43",
        "ea2": "Kwa-Zulu Natal"
      }
    },
    {
      "attributes": {
        "owner": "DFA",
        "stage": "Completed",
        "ea1": "K50P43",
        "ea2": "Kwa-Zulu Natal"
      }
    },
    {
      "attributes": {
        "owner": "DFA",
        "stage": "Completed",
        "ea1": "K50P43",
        "ea2": "Kwa-Zulu Natal"
      }
    },
    {
      "attributes": {
        "owner": "DFA",
        "stage": "Completed",
        "ea1": "G50P65",
        "ea2": "Gauteng South"
      }
    },
    {
      "attributes": {
        "owner": "DFA",
        "stage": "Completed",
        "ea1": "none",
        "ea2": "Northern Region"
      }
    },
    {
      "attributes": {
        "owner": "DFA",
        "stage": "Completed",
        "ea1": "W51P02",
        "ea2": "Western Region"
      }
    },
    {
      "attributes": {
        "owner": "DFA",
        "stage": "Completed",
        "ea1": "W51P02",
        "ea2": "Western Region"
      }
    },
    {
      "attributes": {
        "owner": "DFA",
        "stage": "Completed",
        "ea1": "W51P02",
        "ea2": "Western Region"
      }
    },
    {
      "attributes": {
        "owner": "DFA",
        "stage": "Completed",
        "ea1": "W51P02",
        "ea2": "Western Region"
      }
    },
    {
      "attributes": {
        "owner": "DFA",
        "stage": "Completed",
        "ea1": "W51P02",
        "ea2": "Western Region"
      }
    },
    {
      "attributes": {
        "owner": "DFA",
        "stage": "Completed",
        "ea1": "W51P02",
        "ea2": "Western Region"
      }
    },
    {
      "attributes": {
        "owner": "DFA",
        "stage": "Completed",
        "ea1": "none",
        "ea2": "None"
      }
    },
    {
      "attributes": {
        "owner": "DFA",
        "stage": "Construction",
        "ea1": "none",
        "ea2": "None"
      }
    },
    {
      "attributes": {
        "owner": "DFA",
        "stage": "Completed",
        "ea1": "none",
        "ea2": "Northern Region"
      }
    },
    {
      "attributes": {
        "owner": "DFA",
        "stage": "Construction",
        "ea1": "none",
        "ea2": "None"
      }
    },
    {
      "attributes": {
        "owner": "DFA",
        "stage": "Completed",
        "ea1": "W01P08",
        "ea2": "Western Region"
      }
    },
    {
      "attributes": {
        "owner": "DFA",
        "stage": "Completed",
        "ea1": "W01P08",
        "ea2": "Western Region"
      }
    },
    {
      "attributes": {
        "owner": "DFA",
        "stage": "Completed",
        "ea1": " VS01138GH000153",
        "ea2": "Northern Region"
      }
    },
    {
      "attributes": {
        "owner": "DFA",
        "stage": "Completed",
        "ea1": "AS11728BH021928",
        "ea2": "Gauteng South"
      }
    },
    {
      "attributes": {
        "owner": "DFA",
        "stage": "Construction",
        "ea1": "none",
        "ea2": "None"
      }
    },
    {
      "attributes": {
        "owner": "DFA",
        "stage": "Completed",
        "ea1": "none",
        "ea2": "Northern Region"
      }
    },
    {
      "attributes": {
        "owner": "DFA",
        "stage": "Completed",
        "ea1": "AS02311GH060995",
        "ea2": "Northern Region"
      }
    },
    {
      "attributes": {
        "owner": "DFA",
        "stage": "Completed",
        "ea1": "AS01156GH04041",
        "ea2": "Northern Region"
      }
    },
    {
      "attributes": {
        "owner": "DFA",
        "stage": "Completed",
        "ea1": "VS00893GH004039",
        "ea2": "Northern Region"
      }
    },
    {
      "attributes": {
        "owner": "DFA",
        "stage": "Construction",
        "ea1": "none",
        "ea2": "None"
      }
    },
    {
      "attributes": {
        "owner": "DFA",
        "stage": "Completed",
        "ea1": "AS03279BH004091 ",
        "ea2": "Northern Region"
      }
    },
    {
      "attributes": {
        "owner": "DFA",
        "stage": "Construction",
        "ea1": "none",
        "ea2": "None"
      }
    },
    {
      "attributes": {
        "owner": "DFA",
        "stage": "Completed",
        "ea1": "VS02112GH210146 ",
        "ea2": "Northern Region"
      }
    },
    {
      "attributes": {
        "owner": "DFA",
        "stage": "Completed",
        "ea1": "VS02520NB210123",
        "ea2": "Northern Region"
      }
    },
    {
      "attributes": {
        "owner": "DFA",
        "stage": "Construction",
        "ea1": "none",
        "ea2": "None"
      }
    },
    {
      "attributes": {
        "owner": "DFA",
        "stage": "Construction",
        "ea1": "none",
        "ea2": "None"
      }
    },
    {
      "attributes": {
        "owner": "DFA",
        "stage": "Construction",
        "ea1": "none",
        "ea2": "None"
      }
    },
    {
      "attributes": {
        "owner": "DFA",
        "stage": "Completed",
        "ea1": "MS01595GH000170",
        "ea2": "Northern Region"
      }
    },
    {
      "attributes": {
        "owner": "DFA",
        "stage": "Completed",
        "ea1": "W01P08",
        "ea2": "Western Region"
      }
    },
    {
      "attributes": {
        "owner": "DFA",
        "stage": "Completed",
        "ea1": "W01P08",
        "ea2": "Western Region"
      }
    },
    {
      "attributes": {
        "owner": "DFA",
        "stage": "Completed",
        "ea1": "none",
        "ea2": "None"
      }
    },
    {
      "attributes": {
        "owner": "DFA",
        "stage": "Completed",
        "ea1": "G52P75",
        "ea2": "Gauteng South"
      }
    },
    {
      "attributes": {
        "owner": "DFA",
        "stage": "Construction",
        "ea1": "G51P34",
        "ea2": "None"
      }
    },
    {
      "attributes": {
        "owner": "DFA",
        "stage": "Completed",
        "ea1": "W01P08",
        "ea2": "Western Region"
      }
    },
    {
      "attributes": {
        "owner": "DFA",
        "stage": "Completed",
        "ea1": "W30P24",
        "ea2": "Western Region"
      }
    },
    {
      "attributes": {
        "owner": "DFA",
        "stage": "Completed",
        "ea1": "AS00725GH022410",
        "ea2": "Northern Region"
      }
    },
    {
      "attributes": {
        "owner": "DFA",
        "stage": "Completed",
        "ea1": "K50P21",
        "ea2": "Kwa-Zulu Natal"
      }
    },
    {
      "attributes": {
        "owner": "DFA",
        "stage": "Completed",
        "ea1": "K50P21",
        "ea2": "Kwa-Zulu Natal"
      }
    },
    {
      "attributes": {
        "owner": "DFA",
        "stage": "Completed",
        "ea1": "W30P24",
        "ea2": "Western Region"
      }
    },
    {
      "attributes": {
        "owner": "DFA",
        "stage": "Completed",
        "ea1": "W30P24",
        "ea2": "Western Region"
      }
    },
    {
      "attributes": {
        "owner": "DFA",
        "stage": "Completed",
        "ea1": "W20P04",
        "ea2": "Western Region"
      }
    },
    {
      "attributes": {
        "owner": "DFA",
        "stage": "Completed",
        "ea1": "W20P04",
        "ea2": "Western Region"
      }
    },
    {
      "attributes": {
        "owner": "DFA",
        "stage": "Completed",
        "ea1": "W20P04",
        "ea2": "Western Region"
      }
    },
    {
      "attributes": {
        "owner": "DFA",
        "stage": "Completed",
        "ea1": "W20P04",
        "ea2": "Western Region"
      }
    },
    {
      "attributes": {
        "owner": "DFA",
        "stage": "Completed",
        "ea1": "W20P04",
        "ea2": "Western Region"
      }
    },
    {
      "attributes": {
        "owner": "DFA",
        "stage": "Completed",
        "ea1": "W20P04",
        "ea2": "Western Region"
      }
    },
    {
      "attributes": {
        "owner": "DFA",
        "stage": "Completed",
        "ea1": "none",
        "ea2": "None"
      }
    },
    {
      "attributes": {
        "owner": "DFA",
        "stage": "Completed",
        "ea1": "W50P37",
        "ea2": "Western Region"
      }
    },
    {
      "attributes": {
        "owner": "DFA",
        "stage": "Completed",
        "ea1": "W50P37",
        "ea2": "Western Region"
      }
    },
    {
      "attributes": {
        "owner": "DFA",
        "stage": "Completed",
        "ea1": "W50P37",
        "ea2": "Western Region"
      }
    },
    {
      "attributes": {
        "owner": "DFA",
        "stage": "Completed",
        "ea1": "W50P37",
        "ea2": "Western Region"
      }
    },
    {
      "attributes": {
        "owner": "DFA",
        "stage": "Completed",
        "ea1": "W50P37",
        "ea2": "Western Region"
      }
    },
    {
      "attributes": {
        "owner": "DFA",
        "stage": "Completed",
        "ea1": "W50P37",
        "ea2": "Western Region"
      }
    },
    {
      "attributes": {
        "owner": "DFA",
        "stage": "Completed",
        "ea1": "W50P37",
        "ea2": "Western Region"
      }
    },
    {
      "attributes": {
        "owner": "DFA",
        "stage": "Completed",
        "ea1": "W50P37",
        "ea2": "Western Region"
      }
    },
    {
      "attributes": {
        "owner": "DFA",
        "stage": "Completed",
        "ea1": "W50P37",
        "ea2": "Western Region"
      }
    },
    {
      "attributes": {
        "owner": "DFA",
        "stage": "Completed",
        "ea1": "W50P37",
        "ea2": "Western Region"
      }
    },
    {
      "attributes": {
        "owner": "DFA",
        "stage": "Completed",
        "ea1": "W50P37",
        "ea2": "Western Region"
      }
    },
    {
      "attributes": {
        "owner": "DFA",
        "stage": "Completed",
        "ea1": "W50P37",
        "ea2": "Western Region"
      }
    },
    {
      "attributes": {
        "owner": "DFA",
        "stage": "Completed",
        "ea1": "W50P37",
        "ea2": "Western Region"
      }
    },
    {
      "attributes": {
        "owner": "DFA",
        "stage": "Completed",
        "ea1": "W50P37",
        "ea2": "Western Region"
      }
    },
    {
      "attributes": {
        "owner": "DFA",
        "stage": "Completed",
        "ea1": "W50P37",
        "ea2": "Western Region"
      }
    },
    {
      "attributes": {
        "owner": "DFA",
        "stage": "Completed",
        "ea1": "W50P37",
        "ea2": "Western Region"
      }
    },
    {
      "attributes": {
        "owner": "DFA",
        "stage": "Completed",
        "ea1": "W50P37",
        "ea2": "Western Region"
      }
    },
    {
      "attributes": {
        "owner": "DFA",
        "stage": "Completed",
        "ea1": "W50P37",
        "ea2": "Western Region"
      }
    },
    {
      "attributes": {
        "owner": "DFA",
        "stage": "Completed",
        "ea1": "W50P26",
        "ea2": "Western Region"
      }
    },
    {
      "attributes": {
        "owner": "DFA",
        "stage": "Completed",
        "ea1": "W50P26",
        "ea2": "Western Region"
      }
    },
    {
      "attributes": {
        "owner": "DFA",
        "stage": "Completed",
        "ea1": "W50P26",
        "ea2": "Western Region"
      }
    },
    {
      "attributes": {
        "owner": "DFA",
        "stage": "Completed",
        "ea1": "W50P26",
        "ea2": "Western Region"
      }
    },
    {
      "attributes": {
        "owner": "DFA",
        "stage": "Completed",
        "ea1": "W50P26",
        "ea2": "Western Region"
      }
    },
    {
      "attributes": {
        "owner": "DFA",
        "stage": "Completed",
        "ea1": "W50P26",
        "ea2": "Western Region"
      }
    },
    {
      "attributes": {
        "owner": "DFA",
        "stage": "Completed",
        "ea1": "W50P26",
        "ea2": "Western Region"
      }
    },
    {
      "attributes": {
        "owner": "DFA",
        "stage": "Completed",
        "ea1": "W50P26",
        "ea2": "Western Region"
      }
    },
    {
      "attributes": {
        "owner": "DFA",
        "stage": "Completed",
        "ea1": "W50P26",
        "ea2": "Western Region"
      }
    },
    {
      "attributes": {
        "owner": "DFA",
        "stage": "Completed",
        "ea1": "W50P26",
        "ea2": "Western Region"
      }
    },
    {
      "attributes": {
        "owner": "DFA",
        "stage": "Completed",
        "ea1": "W30P03",
        "ea2": "Western Region"
      }
    },
    {
      "attributes": {
        "owner": "DFA",
        "stage": "Completed",
        "ea1": "W50P26",
        "ea2": "Western Region"
      }
    },
    {
      "attributes": {
        "owner": "DFA",
        "stage": "Completed",
        "ea1": "W51P35",
        "ea2": "Western Region"
      }
    },
    {
      "attributes": {
        "owner": "DFA",
        "stage": "Completed",
        "ea1": "W51P35",
        "ea2": "Western Region"
      }
    },
    {
      "attributes": {
        "owner": "DFA",
        "stage": "Completed",
        "ea1": "W51P35",
        "ea2": "Western Region"
      }
    },
    {
      "attributes": {
        "owner": "DFA",
        "stage": "Completed",
        "ea1": "W44P02",
        "ea2": "Western Region"
      }
    },
    {
      "attributes": {
        "owner": "DFA",
        "stage": "Completed",
        "ea1": "VS02393GH001509  ",
        "ea2": "Northern Region"
      }
    },
    {
      "attributes": {
        "owner": "DFA",
        "stage": "Completed",
        "ea1": "none",
        "ea2": "None"
      }
    },
    {
      "attributes": {
        "owner": "DFA",
        "stage": "Completed",
        "ea1": "W44P02",
        "ea2": "Eastern Region"
      }
    },
    {
      "attributes": {
        "owner": "DFA",
        "stage": "Construction",
        "ea1": "none",
        "ea2": "None"
      }
    },
    {
      "attributes": {
        "owner": "DFA",
        "stage": "Construction",
        "ea1": "none",
        "ea2": "None"
      }
    },
    {
      "attributes": {
        "owner": "DFA",
        "stage": "Construction",
        "ea1": "none",
        "ea2": "None"
      }
    },
    {
      "attributes": {
        "owner": "DFA",
        "stage": "Completed",
        "ea1": "W44P02",
        "ea2": "Eastern Region"
      }
    },
    {
      "attributes": {
        "owner": "DFA",
        "stage": "Completed",
        "ea1": "none",
        "ea2": "None"
      }
    },
    {
      "attributes": {
        "owner": "DFA",
        "stage": "Completed",
        "ea1": "none",
        "ea2": "None"
      }
    },
    {
      "attributes": {
        "owner": "DFA",
        "stage": "Completed",
        "ea1": "W50P04",
        "ea2": "Western Region"
      }
    },
    {
      "attributes": {
        "owner": "DFA",
        "stage": "Construction",
        "ea1": "none",
        "ea2": "None"
      }
    },
    {
      "attributes": {
        "owner": "DFA",
        "stage": "Completed",
        "ea1": "W50P04",
        "ea2": "Western Region"
      }
    },
    {
      "attributes": {
        "owner": "DFA",
        "stage": "Completed",
        "ea1": "W50P04",
        "ea2": "Western Region"
      }
    },
    {
      "attributes": {
        "owner": "DFA",
        "stage": "Completed",
        "ea1": "W50P04",
        "ea2": "Western Region"
      }
    },
    {
      "attributes": {
        "owner": "DFA",
        "stage": "Completed",
        "ea1": "W50P04",
        "ea2": "Western Region"
      }
    },
    {
      "attributes": {
        "owner": "DFA",
        "stage": "Completed",
        "ea1": "W50P04",
        "ea2": "Western Region"
      }
    },
    {
      "attributes": {
        "owner": "DFA",
        "stage": "Completed",
        "ea1": "W50P04",
        "ea2": "Western Region"
      }
    },
    {
      "attributes": {
        "owner": "DFA",
        "stage": "Completed",
        "ea1": "W50P04",
        "ea2": "Western Region"
      }
    },
    {
      "attributes": {
        "owner": "DFA",
        "stage": "Completed",
        "ea1": "W50P04",
        "ea2": "Western Region"
      }
    },
    {
      "attributes": {
        "owner": "DFA",
        "stage": "Completed",
        "ea1": "W50P04",
        "ea2": "Western Region"
      }
    },
    {
      "attributes": {
        "owner": "DFA",
        "stage": "Completed",
        "ea1": "W50P04",
        "ea2": "Western Region"
      }
    },
    {
      "attributes": {
        "owner": "DFA",
        "stage": "Completed",
        "ea1": "W50P04",
        "ea2": "Western Region"
      }
    },
    {
      "attributes": {
        "owner": "DFA",
        "stage": "Completed",
        "ea1": "W50P04",
        "ea2": "Western Region"
      }
    },
    {
      "attributes": {
        "owner": "DFA",
        "stage": "Completed",
        "ea1": "W50P04",
        "ea2": "Western Region"
      }
    },
    {
      "attributes": {
        "owner": "DFA",
        "stage": "Completed",
        "ea1": "W50P04",
        "ea2": "Western Region"
      }
    },
    {
      "attributes": {
        "owner": "DFA",
        "stage": "Completed",
        "ea1": "W50P04",
        "ea2": "Western Region"
      }
    },
    {
      "attributes": {
        "owner": "DFA",
        "stage": "Completed",
        "ea1": "W50P04",
        "ea2": "Western Region"
      }
    },
    {
      "attributes": {
        "owner": "DFA",
        "stage": "Completed",
        "ea1": "W50P04",
        "ea2": "Western Region"
      }
    },
    {
      "attributes": {
        "owner": "DFA",
        "stage": "Completed",
        "ea1": "W50P04",
        "ea2": "Western Region"
      }
    },
    {
      "attributes": {
        "owner": "DFA",
        "stage": "Completed",
        "ea1": "W50P04",
        "ea2": "Western Region"
      }
    },
    {
      "attributes": {
        "owner": "DFA",
        "stage": "Completed",
        "ea1": "W50P04",
        "ea2": "Western Region"
      }
    },
    {
      "attributes": {
        "owner": "DFA",
        "stage": "Completed",
        "ea1": "W50P04",
        "ea2": "Western Region"
      }
    },
    {
      "attributes": {
        "owner": "DFA",
        "stage": "Completed",
        "ea1": "W50P04",
        "ea2": "Western Region"
      }
    },
    {
      "attributes": {
        "owner": "DFA",
        "stage": "Completed",
        "ea1": "W50P04",
        "ea2": "Western Region"
      }
    },
    {
      "attributes": {
        "owner": "DFA",
        "stage": "Completed",
        "ea1": "W50P04",
        "ea2": "Western Region"
      }
    },
    {
      "attributes": {
        "owner": "DFA",
        "stage": "Completed",
        "ea1": "W50P04",
        "ea2": "Western Region"
      }
    },
    {
      "attributes": {
        "owner": "DFA",
        "stage": "Completed",
        "ea1": "W50P04",
        "ea2": "Western Region"
      }
    },
    {
      "attributes": {
        "owner": "DFA",
        "stage": "Construction",
        "ea1": "none",
        "ea2": "None"
      }
    },
    {
      "attributes": {
        "owner": "DFA",
        "stage": "Completed",
        "ea1": "W50P04",
        "ea2": "Western Region"
      }
    },
    {
      "attributes": {
        "owner": "DFA",
        "stage": "Completed",
        "ea1": "W50P04",
        "ea2": "Western Region"
      }
    },
    {
      "attributes": {
        "owner": "DFA",
        "stage": "Completed",
        "ea1": "W50P04",
        "ea2": "Western Region"
      }
    },
    {
      "attributes": {
        "owner": "DFA",
        "stage": "Completed",
        "ea1": "W50P04",
        "ea2": "Western Region"
      }
    },
    {
      "attributes": {
        "owner": "DFA",
        "stage": "Completed",
        "ea1": "W50P04",
        "ea2": "Western Region"
      }
    },
    {
      "attributes": {
        "owner": "DFA",
        "stage": "Completed",
        "ea1": "W50P04",
        "ea2": "Western Region"
      }
    },
    {
      "attributes": {
        "owner": "DFA",
        "stage": "Completed",
        "ea1": "W50P04",
        "ea2": "Western Region"
      }
    },
    {
      "attributes": {
        "owner": "DFA",
        "stage": "Completed",
        "ea1": "W50P04",
        "ea2": "Western Region"
      }
    },
    {
      "attributes": {
        "owner": "DFA",
        "stage": "Completed",
        "ea1": "W50P04",
        "ea2": "Western Region"
      }
    },
    {
      "attributes": {
        "owner": "DFA",
        "stage": "Completed",
        "ea1": "W50P04",
        "ea2": "Western Region"
      }
    },
    {
      "attributes": {
        "owner": "DFA",
        "stage": "Completed",
        "ea1": "W50P04",
        "ea2": "Western Region"
      }
    },
    {
      "attributes": {
        "owner": "DFA",
        "stage": "Completed",
        "ea1": "W43P02",
        "ea2": "Western Region"
      }
    },
    {
      "attributes": {
        "owner": "DFA",
        "stage": "Completed",
        "ea1": "K20P23",
        "ea2": "Kwa-Zulu Natal"
      }
    },
    {
      "attributes": {
        "owner": "DFA",
        "stage": "Completed",
        "ea1": "K20P23",
        "ea2": "Kwa-Zulu Natal"
      }
    },
    {
      "attributes": {
        "owner": "DFA",
        "stage": "Completed",
        "ea1": "K20P23",
        "ea2": "Kwa-Zulu Natal"
      }
    },
    {
      "attributes": {
        "owner": "DFA",
        "stage": "Completed",
        "ea1": "K20P23",
        "ea2": "Kwa-Zulu Natal"
      }
    },
    {
      "attributes": {
        "owner": "DFA",
        "stage": "Completed",
        "ea1": "K20P23",
        "ea2": "Kwa-Zulu Natal"
      }
    },
    {
      "attributes": {
        "owner": "DFA",
        "stage": "Completed",
        "ea1": "K20P23",
        "ea2": "Kwa-Zulu Natal"
      }
    },
    {
      "attributes": {
        "owner": "DFA",
        "stage": "Completed",
        "ea1": "none",
        "ea2": "Western Region"
      }
    },
    {
      "attributes": {
        "owner": "DFA",
        "stage": "Construction",
        "ea1": "none",
        "ea2": "None"
      }
    },
    {
      "attributes": {
        "owner": "DFA",
        "stage": "Completed",
        "ea1": "W50P55",
        "ea2": "Western Region"
      }
    },
    {
      "attributes": {
        "owner": "DFA",
        "stage": "Completed",
        "ea1": "W50P55",
        "ea2": "Western Region"
      }
    },
    {
      "attributes": {
        "owner": "DFA",
        "stage": "Completed",
        "ea1": "W50P55",
        "ea2": "Western Region"
      }
    },
    {
      "attributes": {
        "owner": "DFA",
        "stage": "Completed",
        "ea1": "W50P55",
        "ea2": "Western Region"
      }
    },
    {
      "attributes": {
        "owner": "DFA",
        "stage": "Completed",
        "ea1": "W50P55",
        "ea2": "Western Region"
      }
    },
    {
      "attributes": {
        "owner": "DFA",
        "stage": "Completed",
        "ea1": "W50P55",
        "ea2": "Western Region"
      }
    },
    {
      "attributes": {
        "owner": "DFA",
        "stage": "Completed",
        "ea1": "W50P55",
        "ea2": "Western Region"
      }
    },
    {
      "attributes": {
        "owner": "DFA",
        "stage": "Completed",
        "ea1": "W50P55",
        "ea2": "Western Region"
      }
    },
    {
      "attributes": {
        "owner": "DFA",
        "stage": "Completed",
        "ea1": "W50P55",
        "ea2": "Western Region"
      }
    },
    {
      "attributes": {
        "owner": "DFA",
        "stage": "Completed",
        "ea1": "W50P55",
        "ea2": "Western Region"
      }
    },
    {
      "attributes": {
        "owner": "DFA",
        "stage": "Completed",
        "ea1": "W50P55",
        "ea2": "Western Region"
      }
    },
    {
      "attributes": {
        "owner": "DFA",
        "stage": "Completed",
        "ea1": "W50P55",
        "ea2": "Western Region"
      }
    },
    {
      "attributes": {
        "owner": "DFA",
        "stage": "Completed",
        "ea1": "W50P55",
        "ea2": "Western Region"
      }
    },
    {
      "attributes": {
        "owner": "DFA",
        "stage": "Completed",
        "ea1": "W50P55",
        "ea2": "Western Region"
      }
    },
    {
      "attributes": {
        "owner": "DFA",
        "stage": "Completed",
        "ea1": "W50P55",
        "ea2": "Western Region"
      }
    },
    {
      "attributes": {
        "owner": "DFA",
        "stage": "Completed",
        "ea1": "W50P55",
        "ea2": "Western Region"
      }
    },
    {
      "attributes": {
        "owner": "DFA",
        "stage": "Completed",
        "ea1": "W50P55",
        "ea2": "Western Region"
      }
    },
    {
      "attributes": {
        "owner": "DFA",
        "stage": "Completed",
        "ea1": "W50P55",
        "ea2": "Western Region"
      }
    },
    {
      "attributes": {
        "owner": "DFA",
        "stage": "Completed",
        "ea1": "W50P55",
        "ea2": "Western Region"
      }
    },
    {
      "attributes": {
        "owner": "DFA",
        "stage": "Completed",
        "ea1": "W50P55",
        "ea2": "Western Region"
      }
    },
    {
      "attributes": {
        "owner": "DFA",
        "stage": "Completed",
        "ea1": "W50P55",
        "ea2": "Western Region"
      }
    },
    {
      "attributes": {
        "owner": "DFA",
        "stage": "Completed",
        "ea1": "W50P55",
        "ea2": "Western Region"
      }
    },
    {
      "attributes": {
        "owner": "DFA",
        "stage": "Completed",
        "ea1": "W50P55",
        "ea2": "Western Region"
      }
    },
    {
      "attributes": {
        "owner": "DFA",
        "stage": "Completed",
        "ea1": "W50P55",
        "ea2": "Western Region"
      }
    },
    {
      "attributes": {
        "owner": "DFA",
        "stage": "Completed",
        "ea1": "W50P55",
        "ea2": "Western Region"
      }
    },
    {
      "attributes": {
        "owner": "DFA",
        "stage": "Completed",
        "ea1": "W50P55",
        "ea2": "Western Region"
      }
    },
    {
      "attributes": {
        "owner": "DFA",
        "stage": "Completed",
        "ea1": "W50P55",
        "ea2": "Western Region"
      }
    },
    {
      "attributes": {
        "owner": "DFA",
        "stage": "Completed",
        "ea1": "W50P55",
        "ea2": "Western Region"
      }
    },
    {
      "attributes": {
        "owner": "DFA",
        "stage": "Completed",
        "ea1": "W50P55",
        "ea2": "Western Region"
      }
    },
    {
      "attributes": {
        "owner": "DFA",
        "stage": "Completed",
        "ea1": "W50P55",
        "ea2": "Western Region"
      }
    },
    {
      "attributes": {
        "owner": "DFA",
        "stage": "Completed",
        "ea1": "W50P55",
        "ea2": "Western Region"
      }
    },
    {
      "attributes": {
        "owner": "DFA",
        "stage": "Completed",
        "ea1": "W50P55",
        "ea2": "Western Region"
      }
    },
    {
      "attributes": {
        "owner": "DFA",
        "stage": "Completed",
        "ea1": "W50P55",
        "ea2": "Western Region"
      }
    },
    {
      "attributes": {
        "owner": "DFA",
        "stage": "Completed",
        "ea1": "W50P55",
        "ea2": "Western Region"
      }
    },
    {
      "attributes": {
        "owner": "DFA",
        "stage": "Completed",
        "ea1": "W50P55",
        "ea2": "Western Region"
      }
    },
    {
      "attributes": {
        "owner": "DFA",
        "stage": "Completed",
        "ea1": "W50P55",
        "ea2": "Western Region"
      }
    },
    {
      "attributes": {
        "owner": "DFA",
        "stage": "Completed",
        "ea1": "W50P55",
        "ea2": "Western Region"
      }
    },
    {
      "attributes": {
        "owner": "DFA",
        "stage": "Completed",
        "ea1": "W50P55",
        "ea2": "Western Region"
      }
    },
    {
      "attributes": {
        "owner": "DFA",
        "stage": "Completed",
        "ea1": "W50P55",
        "ea2": "Western Region"
      }
    },
    {
      "attributes": {
        "owner": "DFA",
        "stage": "Completed",
        "ea1": "W50P55",
        "ea2": "Western Region"
      }
    },
    {
      "attributes": {
        "owner": "DFA",
        "stage": "Completed",
        "ea1": "W50P55",
        "ea2": "Western Region"
      }
    },
    {
      "attributes": {
        "owner": "DFA",
        "stage": "Completed",
        "ea1": "W50P55",
        "ea2": "Western Region"
      }
    },
    {
      "attributes": {
        "owner": "DFA",
        "stage": "Completed",
        "ea1": "W50P55",
        "ea2": "Western Region"
      }
    },
    {
      "attributes": {
        "owner": "DFA",
        "stage": "Completed",
        "ea1": "W50P55",
        "ea2": "Western Region"
      }
    },
    {
      "attributes": {
        "owner": "DFA",
        "stage": "Completed",
        "ea1": "W50P55",
        "ea2": "Western Region"
      }
    },
    {
      "attributes": {
        "owner": "DFA",
        "stage": "Completed",
        "ea1": "W50P55",
        "ea2": "Western Region"
      }
    },
    {
      "attributes": {
        "owner": "DFA",
        "stage": "Completed",
        "ea1": "W50P55",
        "ea2": "Western Region"
      }
    },
    {
      "attributes": {
        "owner": "DFA",
        "stage": "Completed",
        "ea1": "W50P55",
        "ea2": "Western Region"
      }
    },
    {
      "attributes": {
        "owner": "DFA",
        "stage": "Completed",
        "ea1": "W50P55",
        "ea2": "Western Region"
      }
    },
    {
      "attributes": {
        "owner": "DFA",
        "stage": "Completed",
        "ea1": "W50P55",
        "ea2": "Western Region"
      }
    },
    {
      "attributes": {
        "owner": "DFA",
        "stage": "Completed",
        "ea1": "W50P55",
        "ea2": "Western Region"
      }
    },
    {
      "attributes": {
        "owner": "DFA",
        "stage": "Completed",
        "ea1": "W50P55",
        "ea2": "Western Region"
      }
    },
    {
      "attributes": {
        "owner": "DFA",
        "stage": "Completed",
        "ea1": "W50P55",
        "ea2": "Western Region"
      }
    },
    {
      "attributes": {
        "owner": "DFA",
        "stage": "Construction",
        "ea1": "AS70123WH364200",
        "ea2": "Western Region"
      }
    },
    {
      "attributes": {
        "owner": "DFA",
        "stage": "Completed",
        "ea1": "AS00118WH282167",
        "ea2": "None"
      }
    },
    {
      "attributes": {
        "owner": "DFA",
        "stage": "Completed",
        "ea1": "K50P75",
        "ea2": "Kwa-Zulu Natal"
      }
    },
    {
      "attributes": {
        "owner": "DFA",
        "stage": "Completed",
        "ea1": "K50P75",
        "ea2": "Kwa-Zulu Natal"
      }
    },
    {
      "attributes": {
        "owner": "DFA",
        "stage": "Completed",
        "ea1": " ",
        "ea2": "Kwa-Zulu Natal"
      }
    },
    {
      "attributes": {
        "owner": "DFA",
        "stage": "Completed",
        "ea1": "AS01092BH021465",
        "ea2": "Northern Region"
      }
    },
    {
      "attributes": {
        "owner": "DFA",
        "stage": "Completed",
        "ea1": "K50P75",
        "ea2": "Kwa-Zulu Natal"
      }
    },
    {
      "attributes": {
        "owner": "DFA",
        "stage": "Completed",
        "ea1": "K50P75",
        "ea2": "Kwa-Zulu Natal"
      }
    },
    {
      "attributes": {
        "owner": "DFA",
        "stage": "Completed",
        "ea1": "K50P75",
        "ea2": "Kwa-Zulu Natal"
      }
    },
    {
      "attributes": {
        "owner": "DFA",
        "stage": "Completed",
        "ea1": "K50P84",
        "ea2": "Kwa-Zulu Natal"
      }
    },
    {
      "attributes": {
        "owner": "DFA",
        "stage": "Completed",
        "ea1": "K50P75",
        "ea2": "Kwa-Zulu Natal"
      }
    },
    {
      "attributes": {
        "owner": "DFA",
        "stage": "Completed",
        "ea1": "K01P06",
        "ea2": "Kwa-Zulu Natal"
      }
    },
    {
      "attributes": {
        "owner": "DFA",
        "stage": "Completed",
        "ea1": "K50P84",
        "ea2": "Kwa-Zulu Natal"
      }
    },
    {
      "attributes": {
        "owner": "DFA",
        "stage": "Completed",
        "ea1": "K50P84",
        "ea2": "Kwa-Zulu Natal"
      }
    },
    {
      "attributes": {
        "owner": "DFA",
        "stage": "Completed",
        "ea1": "K50P75",
        "ea2": "Kwa-Zulu Natal"
      }
    },
    {
      "attributes": {
        "owner": "DFA",
        "stage": "Completed",
        "ea1": "K50P75",
        "ea2": "Kwa-Zulu Natal"
      }
    },
    {
      "attributes": {
        "owner": "DFA",
        "stage": "Completed",
        "ea1": "K50P75",
        "ea2": "Kwa-Zulu Natal"
      }
    },
    {
      "attributes": {
        "owner": "DFA",
        "stage": "Completed",
        "ea1": "K50P75",
        "ea2": "Kwa-Zulu Natal"
      }
    },
    {
      "attributes": {
        "owner": "DFA",
        "stage": "Completed",
        "ea1": "K50P75",
        "ea2": "Kwa-Zulu Natal"
      }
    },
    {
      "attributes": {
        "owner": "DFA",
        "stage": "Completed",
        "ea1": "K50P75",
        "ea2": "Kwa-Zulu Natal"
      }
    },
    {
      "attributes": {
        "owner": "DFA",
        "stage": "Completed",
        "ea1": "K50P75",
        "ea2": "Kwa-Zulu Natal"
      }
    },
    {
      "attributes": {
        "owner": "DFA",
        "stage": "Construction",
        "ea1": "none",
        "ea2": "None"
      }
    },
    {
      "attributes": {
        "owner": "DFA",
        "stage": "Completed",
        "ea1": "K50P75",
        "ea2": "Kwa-Zulu Natal"
      }
    },
    {
      "attributes": {
        "owner": "DFA",
        "stage": "Completed",
        "ea1": "K50P75",
        "ea2": "Kwa-Zulu Natal"
      }
    },
    {
      "attributes": {
        "owner": "DFA",
        "stage": "Completed",
        "ea1": "K50P75",
        "ea2": "Kwa-Zulu Natal"
      }
    },
    {
      "attributes": {
        "owner": "DFA",
        "stage": "Completed",
        "ea1": "K50P75",
        "ea2": "Kwa-Zulu Natal"
      }
    },
    {
      "attributes": {
        "owner": "DFA",
        "stage": "Completed",
        "ea1": "K50P75",
        "ea2": "Kwa-Zulu Natal"
      }
    },
    {
      "attributes": {
        "owner": "DFA",
        "stage": "Completed",
        "ea1": "K50P75",
        "ea2": "Kwa-Zulu Natal"
      }
    },
    {
      "attributes": {
        "owner": "DFA",
        "stage": "Completed",
        "ea1": "K50P75",
        "ea2": "Kwa-Zulu Natal"
      }
    },
    {
      "attributes": {
        "owner": "DFA",
        "stage": "Completed",
        "ea1": "AS05390BH005002",
        "ea2": "Northern Region"
      }
    },
    {
      "attributes": {
        "owner": "DFA",
        "stage": "Construction",
        "ea1": "none",
        "ea2": "None"
      }
    },
    {
      "attributes": {
        "owner": "DFA",
        "stage": "Completed",
        "ea1": "W50P12",
        "ea2": "Western Region"
      }
    },
    {
      "attributes": {
        "owner": "DFA",
        "stage": "Completed",
        "ea1": "W50P12",
        "ea2": "Western Region"
      }
    },
    {
      "attributes": {
        "owner": "DFA",
        "stage": "Completed",
        "ea1": "W50P12",
        "ea2": "Western Region"
      }
    },
    {
      "attributes": {
        "owner": "DFA",
        "stage": "Completed",
        "ea1": "W50P12",
        "ea2": "Western Region"
      }
    },
    {
      "attributes": {
        "owner": "DFA",
        "stage": "Completed",
        "ea1": "W50P12",
        "ea2": "Western Region"
      }
    },
    {
      "attributes": {
        "owner": "DFA",
        "stage": "Completed",
        "ea1": "W50P12",
        "ea2": "Western Region"
      }
    },
    {
      "attributes": {
        "owner": "DFA",
        "stage": "Completed",
        "ea1": "K50P75",
        "ea2": "Kwa-Zulu Natal"
      }
    },
    {
      "attributes": {
        "owner": "DFA",
        "stage": "Completed",
        "ea1": "W50P12",
        "ea2": "Western Region"
      }
    },
    {
      "attributes": {
        "owner": "DFA",
        "stage": "Completed",
        "ea1": "W50P12",
        "ea2": "Western Region"
      }
    },
    {
      "attributes": {
        "owner": "DFA",
        "stage": "Completed",
        "ea1": "W50P12",
        "ea2": "Western Region"
      }
    },
    {
      "attributes": {
        "owner": "DFA",
        "stage": "Completed",
        "ea1": "W50P12",
        "ea2": "Western Region"
      }
    }
  ],
  "exceededTransferLimit": true
}

at java.base/jdk.internal.reflect.GeneratedConstructorAccessor83.newInstance(Unknown Source)
at java.base/jdk.internal.reflect.DelegatingConstructorAccessorImpl.newInstance(DelegatingConstructorAccessorImpl.java:45)
at java.base/java.lang.reflect.Constructor.newInstanceWithCaller(Constructor.java:500)
at java.base/java.lang.reflect.Constructor.newInstance(Constructor.java:481)
at org.codehaus.groovy.reflection.CachedConstructor.invoke(CachedConstructor.java:80)
at org.codehaus.groovy.reflection.CachedConstructor.doConstructorInvoke(CachedConstructor.java:74)
at org.codehaus.groovy.runtime.callsite.ConstructorSite$ConstructorSiteNoUnwrap.callConstructor(ConstructorSite.java:84)
at org.codehaus.groovy.runtime.callsite.AbstractCallSite.callConstructor(AbstractCallSite.java:249)
at io.restassured.internal.ResponseSpecificationImpl$HamcrestAssertionClosure.validate(ResponseSpecificationImpl.groovy:493)
at io.restassured.internal.ResponseSpecificationImpl$HamcrestAssertionClosure$validate$1.call(Unknown Source)
at io.restassured.internal.ResponseSpecificationImpl.validateResponseIfRequired(ResponseSpecificationImpl.groovy:674)
at jdk.internal.reflect.GeneratedMethodAccessor14.invoke(Unknown Source)
at java.base/jdk.internal.reflect.DelegatingMethodAccessorImpl.invoke(DelegatingMethodAccessorImpl.java:43)
at java.base/java.lang.reflect.Method.invoke(Method.java:567)
at org.codehaus.groovy.runtime.callsite.PlainObjectMetaMethodSite.doInvoke(PlainObjectMetaMethodSite.java:43)
at org.codehaus.groovy.runtime.callsite.PogoMetaMethodSite$PogoCachedMethodSiteNoUnwrapNoCoerce.invoke(PogoMetaMethodSite.java:190)
at org.codehaus.groovy.runtime.callsite.PogoMetaMethodSite.callCurrent(PogoMetaMethodSite.java:58)
at org.codehaus.groovy.runtime.callsite.AbstractCallSite.callCurrent(AbstractCallSite.java:168)
at io.restassured.internal.ResponseSpecificationImpl.body(ResponseSpecificationImpl.groovy:98)
at io.restassured.internal.ValidatableResponseOptionsImpl.body(ValidatableResponseOptionsImpl.java:238)
at io.restassured.internal.ValidatableResponseImpl.super$2$body(ValidatableResponseImpl.groovy)
at jdk.internal.reflect.GeneratedMethodAccessor199.invoke(Unknown Source)
at java.base/jdk.internal.reflect.DelegatingMethodAccessorImpl.invoke(DelegatingMethodAccessorImpl.java:43)
at java.base/java.lang.reflect.Method.invoke(Method.java:567)
at org.codehaus.groovy.reflection.CachedMethod.invoke(CachedMethod.java:101)
at groovy.lang.MetaMethod.doMethodInvoke(MetaMethod.java:323)
at groovy.lang.MetaClassImpl.invokeMethod(MetaClassImpl.java:1217)
at org.codehaus.groovy.runtime.ScriptBytecodeAdapter.invokeMethodOnSuperN(ScriptBytecodeAdapter.java:144)
at io.restassured.internal.ValidatableResponseImpl.body(ValidatableResponseImpl.groovy:293)
at io.restassured.internal.ValidatableResponseImpl.body(ValidatableResponseImpl.groovy)
at com.ICM_UxAPI.GetDuctBank.ownerIsDFA(GetDuctBank.java:230)
at java.base/jdk.internal.reflect.NativeMethodAccessorImpl.invoke0(Native Method)
at java.base/jdk.internal.reflect.NativeMethodAccessorImpl.invoke(NativeMethodAccessorImpl.java:62)
at java.base/jdk.internal.reflect.DelegatingMethodAccessorImpl.invoke(DelegatingMethodAccessorImpl.java:43)
at java.base/java.lang.reflect.Method.invoke(Method.java:567)
at org.testng.internal.MethodInvocationHelper.invokeMethod(MethodInvocationHelper.java:124)
at org.testng.internal.Invoker.invokeMethod(Invoker.java:583)
at org.testng.internal.Invoker.invokeTestMethod(Invoker.java:719)
at org.testng.internal.Invoker.invokeTestMethods(Invoker.java:989)
at org.testng.internal.TestMethodWorker.invokeTestMethods(TestMethodWorker.java:125)
at org.testng.internal.TestMethodWorker.run(TestMethodWorker.java:109)
at org.testng.TestRunner.privateRun(TestRunner.java:648)
at org.testng.TestRunner.run(TestRunner.java:505)
at org.testng.SuiteRunner.runTest(SuiteRunner.java:455)
at org.testng.SuiteRunner.access$000(SuiteRunner.java:40)
at org.testng.SuiteRunner$SuiteWorker.run(SuiteRunner.java:489)
at org.testng.internal.thread.ThreadUtil$1.call(ThreadUtil.java:52)
at java.base/java.util.concurrent.FutureTask.run(FutureTask.java:264)
at java.base/java.util.concurrent.ThreadPoolExecutor.runWorker(ThreadPoolExecutor.java:1128)
at java.base/java.util.concurrent.ThreadPoolExecutor$Worker.run(ThreadPoolExecutor.java:628)
at java.base/java.lang.Thread.run(Thread.java:830)
]]>
    </failure>
  </testcase> <!-- ownerIsDFA -->
  <testcase classname="com.ICM_UxAPI.GetDuctBank" name="ownerIsEBU" time="1.048">
    <failure message="2 expectations failed.
Response body doesn&#039;t match expectation.
Expected: a string containing &quot;Dark Fibre Africa&quot;
  Actual: {
  &quot;displayFieldName&quot;: &quot;name&quot;,
  &quot;fieldAliases&quot;: {
    &quot;owner&quot;: &quot;owner&quot;,
    &quot;stage&quot;: &quot;stage&quot;,
    &quot;ea1&quot;: &quot;Route Name&quot;,
    &quot;ea2&quot;: &quot;DFA Region&quot;
  },
  &quot;fields&quot;: [
    {
      &quot;name&quot;: &quot;owner&quot;,
      &quot;type&quot;: &quot;esriFieldTypeString&quot;,
      &quot;alias&quot;: &quot;owner&quot;,
      &quot;length&quot;: 50
    },
    {
      &quot;name&quot;: &quot;stage&quot;,
      &quot;type&quot;: &quot;esriFieldTypeString&quot;,
      &quot;alias&quot;: &quot;stage&quot;,
      &quot;length&quot;: 30
    },
    {
      &quot;name&quot;: &quot;ea1&quot;,
      &quot;type&quot;: &quot;esriFieldTypeString&quot;,
      &quot;alias&quot;: &quot;Route Name&quot;,
      &quot;length&quot;: 100
    },
    {
      &quot;name&quot;: &quot;ea2&quot;,
      &quot;type&quot;: &quot;esriFieldTypeString&quot;,
      &quot;alias&quot;: &quot;DFA Region&quot;,
      &quot;length&quot;: 100
    }
  ],
  &quot;features&quot;: [
    {
      &quot;attributes&quot;: {
        &quot;owner&quot;: &quot;EBU&quot;,
        &quot;stage&quot;: &quot;Completed&quot;,
        &quot;ea1&quot;: &quot;G71P27&quot;,
        &quot;ea2&quot;: &quot;Gauteng South&quot;
      }
    },
    {
      &quot;attributes&quot;: {
        &quot;owner&quot;: &quot;EBU&quot;,
        &quot;stage&quot;: &quot;Completed&quot;,
        &quot;ea1&quot;: &quot;G71P27&quot;,
        &quot;ea2&quot;: &quot;Gauteng South&quot;
      }
    },
    {
      &quot;attributes&quot;: {
        &quot;owner&quot;: &quot;EBU&quot;,
        &quot;stage&quot;: &quot;Completed&quot;,
        &quot;ea1&quot;: &quot;G71P27&quot;,
        &quot;ea2&quot;: &quot;Gauteng South&quot;
      }
    },
    {
      &quot;attributes&quot;: {
        &quot;owner&quot;: &quot;EBU&quot;,
        &quot;stage&quot;: &quot;Completed&quot;,
        &quot;ea1&quot;: &quot;G70P30&quot;,
        &quot;ea2&quot;: &quot;Gauteng South&quot;
      }
    },
    {
      &quot;attributes&quot;: {
        &quot;owner&quot;: &quot;EBU&quot;,
        &quot;stage&quot;: &quot;Completed&quot;,
        &quot;ea1&quot;: &quot;none&quot;,
        &quot;ea2&quot;: &quot;Northern Region&quot;
      }
    },
    {
      &quot;attributes&quot;: {
        &quot;owner&quot;: &quot;EBU&quot;,
        &quot;stage&quot;: &quot;Completed&quot;,
        &quot;ea1&quot;: &quot;none&quot;,
        &quot;ea2&quot;: &quot;Northern Region&quot;
      }
    },
    {
      &quot;attributes&quot;: {
        &quot;owner&quot;: &quot;EBU&quot;,
        &quot;stage&quot;: &quot;Completed&quot;,
        &quot;ea1&quot;: &quot;none&quot;,
        &quot;ea2&quot;: &quot;Northern Region&quot;
      }
    },
    {
      &quot;attributes&quot;: {
        &quot;owner&quot;: &quot;EBU&quot;,
        &quot;stage&quot;: &quot;Completed&quot;,
        &quot;ea1&quot;: &quot;none&quot;,
        &quot;ea2&quot;: &quot;Northern Region&quot;
      }
    },
    {
      &quot;attributes&quot;: {
        &quot;owner&quot;: &quot;EBU&quot;,
        &quot;stage&quot;: &quot;Completed&quot;,
        &quot;ea1&quot;: &quot;none&quot;,
        &quot;ea2&quot;: &quot;Northern Region&quot;
      }
    },
    {
      &quot;attributes&quot;: {
        &quot;owner&quot;: &quot;EBU&quot;,
        &quot;stage&quot;: &quot;Completed&quot;,
        &quot;ea1&quot;: &quot;none&quot;,
        &quot;ea2&quot;: &quot;Northern Region&quot;
      }
    },
    {
      &quot;attributes&quot;: {
        &quot;owner&quot;: &quot;EBU&quot;,
        &quot;stage&quot;: &quot;Completed&quot;,
        &quot;ea1&quot;: &quot;none&quot;,
        &quot;ea2&quot;: &quot;Northern Region&quot;
      }
    },
    {
      &quot;attributes&quot;: {
        &quot;owner&quot;: &quot;EBU&quot;,
        &quot;stage&quot;: &quot;Completed&quot;,
        &quot;ea1&quot;: &quot;NB70P83&quot;,
        &quot;ea2&quot;: &quot;Northern Region&quot;
      }
    },
    {
      &quot;attributes&quot;: {
        &quot;owner&quot;: &quot;EBU&quot;,
        &quot;stage&quot;: &quot;Completed&quot;,
        &quot;ea1&quot;: &quot;NB70P83&quot;,
        &quot;ea2&quot;: &quot;Northern Region&quot;
      }
    },
    {
      &quot;attributes&quot;: {
        &quot;owner&quot;: &quot;EBU&quot;,
        &quot;stage&quot;: &quot;Completed&quot;,
        &quot;ea1&quot;: &quot;AS23516BH025284&quot;,
        &quot;ea2&quot;: &quot;Northern Region&quot;
      }
    },
    {
      &quot;attributes&quot;: {
        &quot;owner&quot;: &quot;EBU&quot;,
        &quot;stage&quot;: &quot;Completed&quot;,
        &quot;ea1&quot;: &quot;AS23516BH025284&quot;,
        &quot;ea2&quot;: &quot;Northern Region&quot;
      }
    },
    {
      &quot;attributes&quot;: {
        &quot;owner&quot;: &quot;EBU&quot;,
        &quot;stage&quot;: &quot;Completed&quot;,
        &quot;ea1&quot;: &quot;AS23516BH025284&quot;,
        &quot;ea2&quot;: &quot;Northern Region&quot;
      }
    },
    {
      &quot;attributes&quot;: {
        &quot;owner&quot;: &quot;EBU&quot;,
        &quot;stage&quot;: &quot;Completed&quot;,
        &quot;ea1&quot;: &quot;AS23516BH025284&quot;,
        &quot;ea2&quot;: &quot;Northern Region&quot;
      }
    },
    {
      &quot;attributes&quot;: {
        &quot;owner&quot;: &quot;EBU&quot;,
        &quot;stage&quot;: &quot;Completed&quot;,
        &quot;ea1&quot;: &quot;AS23516BH025284&quot;,
        &quot;ea2&quot;: &quot;Northern Region&quot;
      }
    },
    {
      &quot;attributes&quot;: {
        &quot;owner&quot;: &quot;EBU&quot;,
        &quot;stage&quot;: &quot;Completed&quot;,
        &quot;ea1&quot;: &quot;AS23516BH025284&quot;,
        &quot;ea2&quot;: &quot;Northern Region&quot;
      }
    },
    {
      &quot;attributes&quot;: {
        &quot;owner&quot;: &quot;EBU&quot;,
        &quot;stage&quot;: &quot;Completed&quot;,
        &quot;ea1&quot;: &quot;NB70P34&quot;,
        &quot;ea2&quot;: &quot;Northern Region&quot;
      }
    },
    {
      &quot;attributes&quot;: {
        &quot;owner&quot;: &quot;EBU&quot;,
        &quot;stage&quot;: &quot;Completed&quot;,
        &quot;ea1&quot;: &quot;NB70P34&quot;,
        &quot;ea2&quot;: &quot;Northern Region&quot;
      }
    },
    {
      &quot;attributes&quot;: {
        &quot;owner&quot;: &quot;EBU&quot;,
        &quot;stage&quot;: &quot;Completed&quot;,
        &quot;ea1&quot;: &quot;NB70P34&quot;,
        &quot;ea2&quot;: &quot;Northern Region&quot;
      }
    },
    {
      &quot;attributes&quot;: {
        &quot;owner&quot;: &quot;EBU&quot;,
        &quot;stage&quot;: &quot;Completed&quot;,
        &quot;ea1&quot;: &quot;NB70P34&quot;,
        &quot;ea2&quot;: &quot;Northern Region&quot;
      }
    },
    {
      &quot;attributes&quot;: {
        &quot;owner&quot;: &quot;EBU&quot;,
        &quot;stage&quot;: &quot;Completed&quot;,
        &quot;ea1&quot;: &quot;NB70P34&quot;,
        &quot;ea2&quot;: &quot;Northern Region&quot;
      }
    },
    {
      &quot;attributes&quot;: {
        &quot;owner&quot;: &quot;EBU&quot;,
        &quot;stage&quot;: &quot;Completed&quot;,
        &quot;ea1&quot;: &quot;NB70P34&quot;,
        &quot;ea2&quot;: &quot;Northern Region&quot;
      }
    },
    {
      &quot;attributes&quot;: {
        &quot;owner&quot;: &quot;EBU&quot;,
        &quot;stage&quot;: &quot;Completed&quot;,
        &quot;ea1&quot;: &quot;NB70P34&quot;,
        &quot;ea2&quot;: &quot;Northern Region&quot;
      }
    },
    {
      &quot;attributes&quot;: {
        &quot;owner&quot;: &quot;EBU&quot;,
        &quot;stage&quot;: &quot;Completed&quot;,
        &quot;ea1&quot;: &quot;NB70P34&quot;,
        &quot;ea2&quot;: &quot;Northern Region&quot;
      }
    },
    {
      &quot;attributes&quot;: {
        &quot;owner&quot;: &quot;EBU&quot;,
        &quot;stage&quot;: &quot;Completed&quot;,
        &quot;ea1&quot;: &quot;none&quot;,
        &quot;ea2&quot;: &quot;Northern Region&quot;
      }
    },
    {
      &quot;attributes&quot;: {
        &quot;owner&quot;: &quot;EBU&quot;,
        &quot;stage&quot;: &quot;Completed&quot;,
        &quot;ea1&quot;: &quot;NB71P03&quot;,
        &quot;ea2&quot;: &quot;Northern Region&quot;
      }
    },
    {
      &quot;attributes&quot;: {
        &quot;owner&quot;: &quot;EBU&quot;,
        &quot;stage&quot;: &quot;Completed&quot;,
        &quot;ea1&quot;: &quot;NB71P04&quot;,
        &quot;ea2&quot;: &quot;Northern Region&quot;
      }
    },
    {
      &quot;attributes&quot;: {
        &quot;owner&quot;: &quot;EBU&quot;,
        &quot;stage&quot;: &quot;Completed&quot;,
        &quot;ea1&quot;: &quot;G70P94&quot;,
        &quot;ea2&quot;: &quot;Gauteng South&quot;
      }
    },
    {
      &quot;attributes&quot;: {
        &quot;owner&quot;: &quot;EBU&quot;,
        &quot;stage&quot;: &quot;Completed&quot;,
        &quot;ea1&quot;: &quot;G70P94&quot;,
        &quot;ea2&quot;: &quot;Gauteng South&quot;
      }
    },
    {
      &quot;attributes&quot;: {
        &quot;owner&quot;: &quot;EBU&quot;,
        &quot;stage&quot;: &quot;Completed&quot;,
        &quot;ea1&quot;: &quot;G70P94&quot;,
        &quot;ea2&quot;: &quot;Gauteng South&quot;
      }
    },
    {
      &quot;attributes&quot;: {
        &quot;owner&quot;: &quot;EBU&quot;,
        &quot;stage&quot;: &quot;Completed&quot;,
        &quot;ea1&quot;: &quot;AS11271WH283669&quot;,
        &quot;ea2&quot;: &quot;Western Region&quot;
      }
    },
    {
      &quot;attributes&quot;: {
        &quot;owner&quot;: &quot;EBU&quot;,
        &quot;stage&quot;: &quot;Completed&quot;,
        &quot;ea1&quot;: &quot;AS11271WH020523&quot;,
        &quot;ea2&quot;: &quot;Western Region&quot;
      }
    },
    {
      &quot;attributes&quot;: {
        &quot;owner&quot;: &quot;EBU&quot;,
        &quot;stage&quot;: &quot;Completed&quot;,
        &quot;ea1&quot;: &quot;G71P27&quot;,
        &quot;ea2&quot;: &quot;Gauteng South&quot;
      }
    },
    {
      &quot;attributes&quot;: {
        &quot;owner&quot;: &quot;EBU&quot;,
        &quot;stage&quot;: &quot;Completed&quot;,
        &quot;ea1&quot;: &quot;G71P27&quot;,
        &quot;ea2&quot;: &quot;Gauteng South&quot;
      }
    },
    {
      &quot;attributes&quot;: {
        &quot;owner&quot;: &quot;EBU&quot;,
        &quot;stage&quot;: &quot;Completed&quot;,
        &quot;ea1&quot;: &quot;G71P27&quot;,
        &quot;ea2&quot;: &quot;Gauteng South&quot;
      }
    },
    {
      &quot;attributes&quot;: {
        &quot;owner&quot;: &quot;EBU&quot;,
        &quot;stage&quot;: &quot;Completed&quot;,
        &quot;ea1&quot;: &quot;G71P27&quot;,
        &quot;ea2&quot;: &quot;Gauteng South&quot;
      }
    },
    {
      &quot;attributes&quot;: {
        &quot;owner&quot;: &quot;EBU&quot;,
        &quot;stage&quot;: &quot;Completed&quot;,
        &quot;ea1&quot;: &quot;G71P27&quot;,
        &quot;ea2&quot;: &quot;Gauteng South&quot;
      }
    },
    {
      &quot;attributes&quot;: {
        &quot;owner&quot;: &quot;EBU&quot;,
        &quot;stage&quot;: &quot;Completed&quot;,
        &quot;ea1&quot;: &quot;G71P27&quot;,
        &quot;ea2&quot;: &quot;Gauteng South&quot;
      }
    },
    {
      &quot;attributes&quot;: {
        &quot;owner&quot;: &quot;EBU&quot;,
        &quot;stage&quot;: &quot;Completed&quot;,
        &quot;ea1&quot;: &quot;G71P27&quot;,
        &quot;ea2&quot;: &quot;Gauteng South&quot;
      }
    },
    {
      &quot;attributes&quot;: {
        &quot;owner&quot;: &quot;EBU&quot;,
        &quot;stage&quot;: &quot;Completed&quot;,
        &quot;ea1&quot;: &quot;G71P27&quot;,
        &quot;ea2&quot;: &quot;Gauteng South&quot;
      }
    },
    {
      &quot;attributes&quot;: {
        &quot;owner&quot;: &quot;EBU&quot;,
        &quot;stage&quot;: &quot;Completed&quot;,
        &quot;ea1&quot;: &quot;G71P27&quot;,
        &quot;ea2&quot;: &quot;Gauteng South&quot;
      }
    },
    {
      &quot;attributes&quot;: {
        &quot;owner&quot;: &quot;EBU&quot;,
        &quot;stage&quot;: &quot;Completed&quot;,
        &quot;ea1&quot;: &quot;G71P27&quot;,
        &quot;ea2&quot;: &quot;Gauteng South&quot;
      }
    },
    {
      &quot;attributes&quot;: {
        &quot;owner&quot;: &quot;EBU&quot;,
        &quot;stage&quot;: &quot;Completed&quot;,
        &quot;ea1&quot;: &quot;G70P47&quot;,
        &quot;ea2&quot;: &quot;Gauteng South&quot;
      }
    },
    {
      &quot;attributes&quot;: {
        &quot;owner&quot;: &quot;EBU&quot;,
        &quot;stage&quot;: &quot;Completed&quot;,
        &quot;ea1&quot;: &quot;G70P47&quot;,
        &quot;ea2&quot;: &quot;Gauteng South&quot;
      }
    },
    {
      &quot;attributes&quot;: {
        &quot;owner&quot;: &quot;EBU&quot;,
        &quot;stage&quot;: &quot;Completed&quot;,
        &quot;ea1&quot;: &quot;G70P47&quot;,
        &quot;ea2&quot;: &quot;Gauteng South&quot;
      }
    },
    {
      &quot;attributes&quot;: {
        &quot;owner&quot;: &quot;EBU&quot;,
        &quot;stage&quot;: &quot;Completed&quot;,
        &quot;ea1&quot;: &quot;G70P47&quot;,
        &quot;ea2&quot;: &quot;Gauteng South&quot;
      }
    },
    {
      &quot;attributes&quot;: {
        &quot;owner&quot;: &quot;EBU&quot;,
        &quot;stage&quot;: &quot;Completed&quot;,
        &quot;ea1&quot;: &quot;G70P47&quot;,
        &quot;ea2&quot;: &quot;Gauteng South&quot;
      }
    },
    {
      &quot;attributes&quot;: {
        &quot;owner&quot;: &quot;EBU&quot;,
        &quot;stage&quot;: &quot;Completed&quot;,
        &quot;ea1&quot;: &quot;G70P47&quot;,
        &quot;ea2&quot;: &quot;Gauteng South&quot;
      }
    },
    {
      &quot;attributes&quot;: {
        &quot;owner&quot;: &quot;EBU&quot;,
        &quot;stage&quot;: &quot;Completed&quot;,
        &quot;ea1&quot;: &quot;G70P47&quot;,
        &quot;ea2&quot;: &quot;Gauteng South&quot;
      }
    },
    {
      &quot;attributes&quot;: {
        &quot;owner&quot;: &quot;EBU&quot;,
        &quot;stage&quot;: &quot;Completed&quot;,
        &quot;ea1&quot;: &quot;G70P47&quot;,
        &quot;ea2&quot;: &quot;Gauteng South&quot;
      }
    },
    {
      &quot;attributes&quot;: {
        &quot;owner&quot;: &quot;EBU&quot;,
        &quot;stage&quot;: &quot;Completed&quot;,
        &quot;ea1&quot;: &quot;G70P47&quot;,
        &quot;ea2&quot;: &quot;Gauteng South&quot;
      }
    },
    {
      &quot;attributes&quot;: {
        &quot;owner&quot;: &quot;EBU&quot;,
        &quot;stage&quot;: &quot;Completed&quot;,
        &quot;ea1&quot;: &quot;G70P47&quot;,
        &quot;ea2&quot;: &quot;Gauteng South&quot;
      }
    },
    {
      &quot;attributes&quot;: {
        &quot;owner&quot;: &quot;EBU&quot;,
        &quot;stage&quot;: &quot;Completed&quot;,
        &quot;ea1&quot;: &quot;G70P46&quot;,
        &quot;ea2&quot;: &quot;Gauteng South&quot;
      }
    },
    {
      &quot;attributes&quot;: {
        &quot;owner&quot;: &quot;EBU&quot;,
        &quot;stage&quot;: &quot;Completed&quot;,
        &quot;ea1&quot;: &quot;G70P46&quot;,
        &quot;ea2&quot;: &quot;Gauteng South&quot;
      }
    },
    {
      &quot;attributes&quot;: {
        &quot;owner&quot;: &quot;EBU&quot;,
        &quot;stage&quot;: &quot;Completed&quot;,
        &quot;ea1&quot;: &quot;G70P46&quot;,
        &quot;ea2&quot;: &quot;Gauteng South&quot;
      }
    },
    {
      &quot;attributes&quot;: {
        &quot;owner&quot;: &quot;EBU&quot;,
        &quot;stage&quot;: &quot;Completed&quot;,
        &quot;ea1&quot;: &quot;G70P46&quot;,
        &quot;ea2&quot;: &quot;Gauteng South&quot;
      }
    },
    {
      &quot;attributes&quot;: {
        &quot;owner&quot;: &quot;EBU&quot;,
        &quot;stage&quot;: &quot;Completed&quot;,
        &quot;ea1&quot;: &quot;G70P46&quot;,
        &quot;ea2&quot;: &quot;Gauteng South&quot;
      }
    },
    {
      &quot;attributes&quot;: {
        &quot;owner&quot;: &quot;EBU&quot;,
        &quot;stage&quot;: &quot;Completed&quot;,
        &quot;ea1&quot;: &quot;G70P46&quot;,
        &quot;ea2&quot;: &quot;Gauteng South&quot;
      }
    },
    {
      &quot;attributes&quot;: {
        &quot;owner&quot;: &quot;EBU&quot;,
        &quot;stage&quot;: &quot;Completed&quot;,
        &quot;ea1&quot;: &quot;G70P49&quot;,
        &quot;ea2&quot;: &quot;Gauteng South&quot;
      }
    },
    {
      &quot;attributes&quot;: {
        &quot;owner&quot;: &quot;EBU&quot;,
        &quot;stage&quot;: &quot;Completed&quot;,
        &quot;ea1&quot;: &quot;G70P49&quot;,
        &quot;ea2&quot;: &quot;Gauteng South&quot;
      }
    },
    {
      &quot;attributes&quot;: {
        &quot;owner&quot;: &quot;EBU&quot;,
        &quot;stage&quot;: &quot;Completed&quot;,
        &quot;ea1&quot;: &quot;G70P49&quot;,
        &quot;ea2&quot;: &quot;Gauteng South&quot;
      }
    },
    {
      &quot;attributes&quot;: {
        &quot;owner&quot;: &quot;EBU&quot;,
        &quot;stage&quot;: &quot;Completed&quot;,
        &quot;ea1&quot;: &quot;G70P48&quot;,
        &quot;ea2&quot;: &quot;Gauteng South&quot;
      }
    },
    {
      &quot;attributes&quot;: {
        &quot;owner&quot;: &quot;EBU&quot;,
        &quot;stage&quot;: &quot;Completed&quot;,
        &quot;ea1&quot;: &quot;G70P53&quot;,
        &quot;ea2&quot;: &quot;Gauteng South&quot;
      }
    },
    {
      &quot;attributes&quot;: {
        &quot;owner&quot;: &quot;EBU&quot;,
        &quot;stage&quot;: &quot;Completed&quot;,
        &quot;ea1&quot;: &quot;G70P53&quot;,
        &quot;ea2&quot;: &quot;Gauteng South&quot;
      }
    },
    {
      &quot;attributes&quot;: {
        &quot;owner&quot;: &quot;EBU&quot;,
        &quot;stage&quot;: &quot;Completed&quot;,
        &quot;ea1&quot;: &quot;G70P53&quot;,
        &quot;ea2&quot;: &quot;Gauteng South&quot;
      }
    },
    {
      &quot;attributes&quot;: {
        &quot;owner&quot;: &quot;EBU&quot;,
        &quot;stage&quot;: &quot;Completed&quot;,
        &quot;ea1&quot;: &quot;G70P53&quot;,
        &quot;ea2&quot;: &quot;Gauteng South&quot;
      }
    },
    {
      &quot;attributes&quot;: {
        &quot;owner&quot;: &quot;EBU&quot;,
        &quot;stage&quot;: &quot;Completed&quot;,
        &quot;ea1&quot;: &quot;G70P53&quot;,
        &quot;ea2&quot;: &quot;Gauteng South&quot;
      }
    },
    {
      &quot;attributes&quot;: {
        &quot;owner&quot;: &quot;EBU&quot;,
        &quot;stage&quot;: &quot;Completed&quot;,
        &quot;ea1&quot;: &quot;G70P87&quot;,
        &quot;ea2&quot;: &quot;Gauteng South&quot;
      }
    },
    {
      &quot;attributes&quot;: {
        &quot;owner&quot;: &quot;EBU&quot;,
        &quot;stage&quot;: &quot;Completed&quot;,
        &quot;ea1&quot;: &quot;G70P87&quot;,
        &quot;ea2&quot;: &quot;Gauteng South&quot;
      }
    },
    {
      &quot;attributes&quot;: {
        &quot;owner&quot;: &quot;EBU&quot;,
        &quot;stage&quot;: &quot;Completed&quot;,
        &quot;ea1&quot;: &quot;G70P87&quot;,
        &quot;ea2&quot;: &quot;Gauteng South&quot;
      }
    },
    {
      &quot;attributes&quot;: {
        &quot;owner&quot;: &quot;EBU&quot;,
        &quot;stage&quot;: &quot;Completed&quot;,
        &quot;ea1&quot;: &quot;Conduct Eaton Rd Peering Point&quot;,
        &quot;ea2&quot;: &quot;Gauteng South&quot;
      }
    },
    {
      &quot;attributes&quot;: {
        &quot;owner&quot;: &quot;EBU&quot;,
        &quot;stage&quot;: &quot;Completed&quot;,
        &quot;ea1&quot;: &quot;G70P11&quot;,
        &quot;ea2&quot;: &quot;Gauteng South&quot;
      }
    },
    {
      &quot;attributes&quot;: {
        &quot;owner&quot;: &quot;EBU&quot;,
        &quot;stage&quot;: &quot;Completed&quot;,
        &quot;ea1&quot;: &quot;G70P11&quot;,
        &quot;ea2&quot;: &quot;Gauteng South&quot;
      }
    },
    {
      &quot;attributes&quot;: {
        &quot;owner&quot;: &quot;EBU&quot;,
        &quot;stage&quot;: &quot;Completed&quot;,
        &quot;ea1&quot;: &quot;G70P11&quot;,
        &quot;ea2&quot;: &quot;Gauteng South&quot;
      }
    },
    {
      &quot;attributes&quot;: {
        &quot;owner&quot;: &quot;EBU&quot;,
        &quot;stage&quot;: &quot;Completed&quot;,
        &quot;ea1&quot;: &quot;G70P11&quot;,
        &quot;ea2&quot;: &quot;Gauteng South&quot;
      }
    },
    {
      &quot;attributes&quot;: {
        &quot;owner&quot;: &quot;EBU&quot;,
        &quot;stage&quot;: &quot;Completed&quot;,
        &quot;ea1&quot;: &quot;G70P11&quot;,
        &quot;ea2&quot;: &quot;Gauteng South&quot;
      }
    },
    {
      &quot;attributes&quot;: {
        &quot;owner&quot;: &quot;EBU&quot;,
        &quot;stage&quot;: &quot;Completed&quot;,
        &quot;ea1&quot;: &quot;G70P11&quot;,
        &quot;ea2&quot;: &quot;Gauteng South&quot;
      }
    },
    {
      &quot;attributes&quot;: {
        &quot;owner&quot;: &quot;EBU&quot;,
        &quot;stage&quot;: &quot;Completed&quot;,
        &quot;ea1&quot;: &quot;G70P11&quot;,
        &quot;ea2&quot;: &quot;Gauteng South&quot;
      }
    },
    {
      &quot;attributes&quot;: {
        &quot;owner&quot;: &quot;EBU&quot;,
        &quot;stage&quot;: &quot;Completed&quot;,
        &quot;ea1&quot;: &quot;G70P11&quot;,
        &quot;ea2&quot;: &quot;Gauteng South&quot;
      }
    },
    {
      &quot;attributes&quot;: {
        &quot;owner&quot;: &quot;EBU&quot;,
        &quot;stage&quot;: &quot;Completed&quot;,
        &quot;ea1&quot;: &quot;G70P11&quot;,
        &quot;ea2&quot;: &quot;Gauteng South&quot;
      }
    },
    {
      &quot;attributes&quot;: {
        &quot;owner&quot;: &quot;EBU&quot;,
        &quot;stage&quot;: &quot;Completed&quot;,
        &quot;ea1&quot;: &quot;G70P11&quot;,
        &quot;ea2&quot;: &quot;Gauteng South&quot;
      }
    },
    {
      &quot;attributes&quot;: {
        &quot;owner&quot;: &quot;EBU&quot;,
        &quot;stage&quot;: &quot;Completed&quot;,
        &quot;ea1&quot;: &quot;G70P11&quot;,
        &quot;ea2&quot;: &quot;Gauteng South&quot;
      }
    },
    {
      &quot;attributes&quot;: {
        &quot;owner&quot;: &quot;EBU&quot;,
        &quot;stage&quot;: &quot;Completed&quot;,
        &quot;ea1&quot;: &quot;G70P11&quot;,
        &quot;ea2&quot;: &quot;Gauteng South&quot;
      }
    },
    {
      &quot;attributes&quot;: {
        &quot;owner&quot;: &quot;EBU&quot;,
        &quot;stage&quot;: &quot;Completed&quot;,
        &quot;ea1&quot;: &quot;G70P11&quot;,
        &quot;ea2&quot;: &quot;Gauteng South&quot;
      }
    },
    {
      &quot;attributes&quot;: {
        &quot;owner&quot;: &quot;EBU&quot;,
        &quot;stage&quot;: &quot;Completed&quot;,
        &quot;ea1&quot;: &quot;G70P11&quot;,
        &quot;ea2&quot;: &quot;Gauteng South&quot;
      }
    },
    {
      &quot;attributes&quot;: {
        &quot;owner&quot;: &quot;EBU&quot;,
        &quot;stage&quot;: &quot;Completed&quot;,
        &quot;ea1&quot;: &quot;G70P11&quot;,
        &quot;ea2&quot;: &quot;Gauteng South&quot;
      }
    },
    {
      &quot;attributes&quot;: {
        &quot;owner&quot;: &quot;EBU&quot;,
        &quot;stage&quot;: &quot;Completed&quot;,
        &quot;ea1&quot;: &quot;G70P11&quot;,
        &quot;ea2&quot;: &quot;Gauteng South&quot;
      }
    },
    {
      &quot;attributes&quot;: {
        &quot;owner&quot;: &quot;EBU&quot;,
        &quot;stage&quot;: &quot;Completed&quot;,
        &quot;ea1&quot;: &quot;G70P11&quot;,
        &quot;ea2&quot;: &quot;Gauteng South&quot;
      }
    },
    {
      &quot;attributes&quot;: {
        &quot;owner&quot;: &quot;EBU&quot;,
        &quot;stage&quot;: &quot;Completed&quot;,
        &quot;ea1&quot;: &quot;Conduct Eaton Rd Peering Point&quot;,
        &quot;ea2&quot;: &quot;Gauteng South&quot;
      }
    },
    {
      &quot;attributes&quot;: {
        &quot;owner&quot;: &quot;EBU&quot;,
        &quot;stage&quot;: &quot;Completed&quot;,
        &quot;ea1&quot;: &quot;G70P09&quot;,
        &quot;ea2&quot;: &quot;Gauteng South&quot;
      }
    },
    {
      &quot;attributes&quot;: {
        &quot;owner&quot;: &quot;EBU&quot;,
        &quot;stage&quot;: &quot;Completed&quot;,
        &quot;ea1&quot;: &quot;AS17269GAXXXXXX&quot;,
        &quot;ea2&quot;: &quot;Gauteng South&quot;
      }
    },
    {
      &quot;attributes&quot;: {
        &quot;owner&quot;: &quot;EBU&quot;,
        &quot;stage&quot;: &quot;Completed&quot;,
        &quot;ea1&quot;: &quot;G70P09&quot;,
        &quot;ea2&quot;: &quot;Gauteng South&quot;
      }
    },
    {
      &quot;attributes&quot;: {
        &quot;owner&quot;: &quot;EBU&quot;,
        &quot;stage&quot;: &quot;Completed&quot;,
        &quot;ea1&quot;: &quot;G70P09&quot;,
        &quot;ea2&quot;: &quot;Gauteng South&quot;
      }
    },
    {
      &quot;attributes&quot;: {
        &quot;owner&quot;: &quot;EBU&quot;,
        &quot;stage&quot;: &quot;Completed&quot;,
        &quot;ea1&quot;: &quot;G70P09&quot;,
        &quot;ea2&quot;: &quot;Gauteng South&quot;
      }
    },
    {
      &quot;attributes&quot;: {
        &quot;owner&quot;: &quot;EBU&quot;,
        &quot;stage&quot;: &quot;Completed&quot;,
        &quot;ea1&quot;: &quot;G70P09&quot;,
        &quot;ea2&quot;: &quot;Gauteng South&quot;
      }
    },
    {
      &quot;attributes&quot;: {
        &quot;owner&quot;: &quot;EBU&quot;,
        &quot;stage&quot;: &quot;Completed&quot;,
        &quot;ea1&quot;: &quot;G70P09&quot;,
        &quot;ea2&quot;: &quot;Gauteng South&quot;
      }
    },
    {
      &quot;attributes&quot;: {
        &quot;owner&quot;: &quot;EBU&quot;,
        &quot;stage&quot;: &quot;Completed&quot;,
        &quot;ea1&quot;: &quot;G70P09&quot;,
        &quot;ea2&quot;: &quot;Gauteng South&quot;
      }
    },
    {
      &quot;attributes&quot;: {
        &quot;owner&quot;: &quot;EBU&quot;,
        &quot;stage&quot;: &quot;Completed&quot;,
        &quot;ea1&quot;: &quot;G70P09&quot;,
        &quot;ea2&quot;: &quot;Gauteng South&quot;
      }
    },
    {
      &quot;attributes&quot;: {
        &quot;owner&quot;: &quot;EBU&quot;,
        &quot;stage&quot;: &quot;Completed&quot;,
        &quot;ea1&quot;: &quot;G70P09&quot;,
        &quot;ea2&quot;: &quot;Gauteng South&quot;
      }
    },
    {
      &quot;attributes&quot;: {
        &quot;owner&quot;: &quot;EBU&quot;,
        &quot;stage&quot;: &quot;Completed&quot;,
        &quot;ea1&quot;: &quot;G70P09&quot;,
        &quot;ea2&quot;: &quot;Gauteng South&quot;
      }
    },
    {
      &quot;attributes&quot;: {
        &quot;owner&quot;: &quot;EBU&quot;,
        &quot;stage&quot;: &quot;Completed&quot;,
        &quot;ea1&quot;: &quot;G70P09&quot;,
        &quot;ea2&quot;: &quot;Gauteng South&quot;
      }
    },
    {
      &quot;attributes&quot;: {
        &quot;owner&quot;: &quot;EBU&quot;,
        &quot;stage&quot;: &quot;Completed&quot;,
        &quot;ea1&quot;: &quot;G70P48&quot;,
        &quot;ea2&quot;: &quot;Gauteng South&quot;
      }
    },
    {
      &quot;attributes&quot;: {
        &quot;owner&quot;: &quot;EBU&quot;,
        &quot;stage&quot;: &quot;Completed&quot;,
        &quot;ea1&quot;: &quot;G73P21&quot;,
        &quot;ea2&quot;: &quot;Gauteng South&quot;
      }
    },
    {
      &quot;attributes&quot;: {
        &quot;owner&quot;: &quot;EBU&quot;,
        &quot;stage&quot;: &quot;Completed&quot;,
        &quot;ea1&quot;: &quot;G70P13&quot;,
        &quot;ea2&quot;: &quot;Gauteng South&quot;
      }
    },
    {
      &quot;attributes&quot;: {
        &quot;owner&quot;: &quot;EBU&quot;,
        &quot;stage&quot;: &quot;Completed&quot;,
        &quot;ea1&quot;: &quot;G70P13&quot;,
        &quot;ea2&quot;: &quot;Gauteng South&quot;
      }
    },
    {
      &quot;attributes&quot;: {
        &quot;owner&quot;: &quot;EBU&quot;,
        &quot;stage&quot;: &quot;Completed&quot;,
        &quot;ea1&quot;: &quot;G70P13&quot;,
        &quot;ea2&quot;: &quot;Gauteng South&quot;
      }
    },
    {
      &quot;attributes&quot;: {
        &quot;owner&quot;: &quot;EBU&quot;,
        &quot;stage&quot;: &quot;Completed&quot;,
        &quot;ea1&quot;: &quot;G70P13&quot;,
        &quot;ea2&quot;: &quot;Gauteng South&quot;
      }
    },
    {
      &quot;attributes&quot;: {
        &quot;owner&quot;: &quot;EBU&quot;,
        &quot;stage&quot;: &quot;Completed&quot;,
        &quot;ea1&quot;: &quot;G70P13&quot;,
        &quot;ea2&quot;: &quot;Gauteng South&quot;
      }
    },
    {
      &quot;attributes&quot;: {
        &quot;owner&quot;: &quot;EBU&quot;,
        &quot;stage&quot;: &quot;Completed&quot;,
        &quot;ea1&quot;: &quot;G70P13&quot;,
        &quot;ea2&quot;: &quot;Gauteng South&quot;
      }
    },
    {
      &quot;attributes&quot;: {
        &quot;owner&quot;: &quot;EBU&quot;,
        &quot;stage&quot;: &quot;Completed&quot;,
        &quot;ea1&quot;: &quot;G70P13&quot;,
        &quot;ea2&quot;: &quot;Gauteng South&quot;
      }
    },
    {
      &quot;attributes&quot;: {
        &quot;owner&quot;: &quot;EBU&quot;,
        &quot;stage&quot;: &quot;Completed&quot;,
        &quot;ea1&quot;: &quot;G70P13&quot;,
        &quot;ea2&quot;: &quot;Gauteng South&quot;
      }
    },
    {
      &quot;attributes&quot;: {
        &quot;owner&quot;: &quot;EBU&quot;,
        &quot;stage&quot;: &quot;Completed&quot;,
        &quot;ea1&quot;: &quot;G70P13&quot;,
        &quot;ea2&quot;: &quot;Gauteng South&quot;
      }
    },
    {
      &quot;attributes&quot;: {
        &quot;owner&quot;: &quot;EBU&quot;,
        &quot;stage&quot;: &quot;Completed&quot;,
        &quot;ea1&quot;: &quot;G70P13&quot;,
        &quot;ea2&quot;: &quot;Gauteng South&quot;
      }
    },
    {
      &quot;attributes&quot;: {
        &quot;owner&quot;: &quot;EBU&quot;,
        &quot;stage&quot;: &quot;Completed&quot;,
        &quot;ea1&quot;: &quot;G70P13&quot;,
        &quot;ea2&quot;: &quot;Gauteng South&quot;
      }
    },
    {
      &quot;attributes&quot;: {
        &quot;owner&quot;: &quot;EBU&quot;,
        &quot;stage&quot;: &quot;Completed&quot;,
        &quot;ea1&quot;: &quot;G70P13&quot;,
        &quot;ea2&quot;: &quot;Gauteng South&quot;
      }
    },
    {
      &quot;attributes&quot;: {
        &quot;owner&quot;: &quot;EBU&quot;,
        &quot;stage&quot;: &quot;Completed&quot;,
        &quot;ea1&quot;: &quot;G70P13&quot;,
        &quot;ea2&quot;: &quot;Gauteng South&quot;
      }
    },
    {
      &quot;attributes&quot;: {
        &quot;owner&quot;: &quot;EBU&quot;,
        &quot;stage&quot;: &quot;Completed&quot;,
        &quot;ea1&quot;: &quot;G70P13&quot;,
        &quot;ea2&quot;: &quot;Gauteng South&quot;
      }
    },
    {
      &quot;attributes&quot;: {
        &quot;owner&quot;: &quot;EBU&quot;,
        &quot;stage&quot;: &quot;Completed&quot;,
        &quot;ea1&quot;: &quot;G70P14&quot;,
        &quot;ea2&quot;: &quot;Gauteng South&quot;
      }
    },
    {
      &quot;attributes&quot;: {
        &quot;owner&quot;: &quot;EBU&quot;,
        &quot;stage&quot;: &quot;Completed&quot;,
        &quot;ea1&quot;: &quot;G70P14&quot;,
        &quot;ea2&quot;: &quot;Gauteng South&quot;
      }
    },
    {
      &quot;attributes&quot;: {
        &quot;owner&quot;: &quot;EBU&quot;,
        &quot;stage&quot;: &quot;Completed&quot;,
        &quot;ea1&quot;: &quot;G70P14&quot;,
        &quot;ea2&quot;: &quot;Gauteng South&quot;
      }
    },
    {
      &quot;attributes&quot;: {
        &quot;owner&quot;: &quot;EBU&quot;,
        &quot;stage&quot;: &quot;Completed&quot;,
        &quot;ea1&quot;: &quot;G70P16&quot;,
        &quot;ea2&quot;: &quot;Gauteng South&quot;
      }
    },
    {
      &quot;attributes&quot;: {
        &quot;owner&quot;: &quot;EBU&quot;,
        &quot;stage&quot;: &quot;Completed&quot;,
        &quot;ea1&quot;: &quot;G70P15&quot;,
        &quot;ea2&quot;: &quot;Gauteng South&quot;
      }
    },
    {
      &quot;attributes&quot;: {
        &quot;owner&quot;: &quot;EBU&quot;,
        &quot;stage&quot;: &quot;Completed&quot;,
        &quot;ea1&quot;: &quot;G70P15&quot;,
        &quot;ea2&quot;: &quot;Gauteng South&quot;
      }
    },
    {
      &quot;attributes&quot;: {
        &quot;owner&quot;: &quot;EBU&quot;,
        &quot;stage&quot;: &quot;Completed&quot;,
        &quot;ea1&quot;: &quot;G70P13&quot;,
        &quot;ea2&quot;: &quot;Gauteng South&quot;
      }
    },
    {
      &quot;attributes&quot;: {
        &quot;owner&quot;: &quot;EBU&quot;,
        &quot;stage&quot;: &quot;Completed&quot;,
        &quot;ea1&quot;: &quot;G70P13&quot;,
        &quot;ea2&quot;: &quot;Gauteng South&quot;
      }
    },
    {
      &quot;attributes&quot;: {
        &quot;owner&quot;: &quot;EBU&quot;,
        &quot;stage&quot;: &quot;Completed&quot;,
        &quot;ea1&quot;: &quot;G70P67&quot;,
        &quot;ea2&quot;: &quot;Gauteng South&quot;
      }
    },
    {
      &quot;attributes&quot;: {
        &quot;owner&quot;: &quot;EBU&quot;,
        &quot;stage&quot;: &quot;Completed&quot;,
        &quot;ea1&quot;: &quot;G70P74&quot;,
        &quot;ea2&quot;: &quot;Gauteng South&quot;
      }
    },
    {
      &quot;attributes&quot;: {
        &quot;owner&quot;: &quot;EBU&quot;,
        &quot;stage&quot;: &quot;Completed&quot;,
        &quot;ea1&quot;: &quot;G70P73&quot;,
        &quot;ea2&quot;: &quot;Gauteng South&quot;
      }
    },
    {
      &quot;attributes&quot;: {
        &quot;owner&quot;: &quot;EBU&quot;,
        &quot;stage&quot;: &quot;Completed&quot;,
        &quot;ea1&quot;: &quot;G70P71&quot;,
        &quot;ea2&quot;: &quot;Gauteng South&quot;
      }
    },
    {
      &quot;attributes&quot;: {
        &quot;owner&quot;: &quot;EBU&quot;,
        &quot;stage&quot;: &quot;Completed&quot;,
        &quot;ea1&quot;: &quot;G70P40&quot;,
        &quot;ea2&quot;: &quot;Gauteng South&quot;
      }
    },
    {
      &quot;attributes&quot;: {
        &quot;owner&quot;: &quot;EBU&quot;,
        &quot;stage&quot;: &quot;Completed&quot;,
        &quot;ea1&quot;: &quot;G70P40&quot;,
        &quot;ea2&quot;: &quot;Gauteng South&quot;
      }
    },
    {
      &quot;attributes&quot;: {
        &quot;owner&quot;: &quot;EBU&quot;,
        &quot;stage&quot;: &quot;Completed&quot;,
        &quot;ea1&quot;: &quot;G70P40&quot;,
        &quot;ea2&quot;: &quot;Gauteng South&quot;
      }
    },
    {
      &quot;attributes&quot;: {
        &quot;owner&quot;: &quot;EBU&quot;,
        &quot;stage&quot;: &quot;Completed&quot;,
        &quot;ea1&quot;: &quot;G70P40&quot;,
        &quot;ea2&quot;: &quot;Gauteng South&quot;
      }
    },
    {
      &quot;attributes&quot;: {
        &quot;owner&quot;: &quot;EBU&quot;,
        &quot;stage&quot;: &quot;Completed&quot;,
        &quot;ea1&quot;: &quot;G70P40&quot;,
        &quot;ea2&quot;: &quot;Gauteng South&quot;
      }
    },
    {
      &quot;attributes&quot;: {
        &quot;owner&quot;: &quot;EBU&quot;,
        &quot;stage&quot;: &quot;Completed&quot;,
        &quot;ea1&quot;: &quot;G70P40&quot;,
        &quot;ea2&quot;: &quot;Gauteng South&quot;
      }
    },
    {
      &quot;attributes&quot;: {
        &quot;owner&quot;: &quot;EBU&quot;,
        &quot;stage&quot;: &quot;Completed&quot;,
        &quot;ea1&quot;: &quot;G70P40&quot;,
        &quot;ea2&quot;: &quot;Gauteng South&quot;
      }
    },
    {
      &quot;attributes&quot;: {
        &quot;owner&quot;: &quot;EBU&quot;,
        &quot;stage&quot;: &quot;Completed&quot;,
        &quot;ea1&quot;: &quot;G70P40&quot;,
        &quot;ea2&quot;: &quot;Gauteng South&quot;
      }
    },
    {
      &quot;attributes&quot;: {
        &quot;owner&quot;: &quot;EBU&quot;,
        &quot;stage&quot;: &quot;Completed&quot;,
        &quot;ea1&quot;: &quot;G70P40&quot;,
        &quot;ea2&quot;: &quot;Gauteng South&quot;
      }
    },
    {
      &quot;attributes&quot;: {
        &quot;owner&quot;: &quot;EBU&quot;,
        &quot;stage&quot;: &quot;Completed&quot;,
        &quot;ea1&quot;: &quot;G70P40&quot;,
        &quot;ea2&quot;: &quot;Gauteng South&quot;
      }
    },
    {
      &quot;attributes&quot;: {
        &quot;owner&quot;: &quot;EBU&quot;,
        &quot;stage&quot;: &quot;Completed&quot;,
        &quot;ea1&quot;: &quot;G70P40&quot;,
        &quot;ea2&quot;: &quot;Gauteng South&quot;
      }
    },
    {
      &quot;attributes&quot;: {
        &quot;owner&quot;: &quot;EBU&quot;,
        &quot;stage&quot;: &quot;Completed&quot;,
        &quot;ea1&quot;: &quot;G70P40&quot;,
        &quot;ea2&quot;: &quot;Gauteng South&quot;
      }
    },
    {
      &quot;attributes&quot;: {
        &quot;owner&quot;: &quot;EBU&quot;,
        &quot;stage&quot;: &quot;Completed&quot;,
        &quot;ea1&quot;: &quot;G70P40&quot;,
        &quot;ea2&quot;: &quot;Gauteng South&quot;
      }
    },
    {
      &quot;attributes&quot;: {
        &quot;owner&quot;: &quot;EBU&quot;,
        &quot;stage&quot;: &quot;Completed&quot;,
        &quot;ea1&quot;: &quot;G70P40&quot;,
        &quot;ea2&quot;: &quot;Gauteng South&quot;
      }
    },
    {
      &quot;attributes&quot;: {
        &quot;owner&quot;: &quot;EBU&quot;,
        &quot;stage&quot;: &quot;Completed&quot;,
        &quot;ea1&quot;: &quot;G70P40&quot;,
        &quot;ea2&quot;: &quot;Gauteng South&quot;
      }
    },
    {
      &quot;attributes&quot;: {
        &quot;owner&quot;: &quot;EBU&quot;,
        &quot;stage&quot;: &quot;Completed&quot;,
        &quot;ea1&quot;: &quot;G70P40&quot;,
        &quot;ea2&quot;: &quot;Gauteng South&quot;
      }
    },
    {
      &quot;attributes&quot;: {
        &quot;owner&quot;: &quot;EBU&quot;,
        &quot;stage&quot;: &quot;Completed&quot;,
        &quot;ea1&quot;: &quot;G70P40&quot;,
        &quot;ea2&quot;: &quot;Gauteng South&quot;
      }
    },
    {
      &quot;attributes&quot;: {
        &quot;owner&quot;: &quot;EBU&quot;,
        &quot;stage&quot;: &quot;Completed&quot;,
        &quot;ea1&quot;: &quot;G70P40&quot;,
        &quot;ea2&quot;: &quot;Gauteng South&quot;
      }
    },
    {
      &quot;attributes&quot;: {
        &quot;owner&quot;: &quot;EBU&quot;,
        &quot;stage&quot;: &quot;Completed&quot;,
        &quot;ea1&quot;: &quot;G70P40&quot;,
        &quot;ea2&quot;: &quot;Gauteng South&quot;
      }
    },
    {
      &quot;attributes&quot;: {
        &quot;owner&quot;: &quot;EBU&quot;,
        &quot;stage&quot;: &quot;Completed&quot;,
        &quot;ea1&quot;: &quot;G70P40&quot;,
        &quot;ea2&quot;: &quot;Gauteng South&quot;
      }
    },
    {
      &quot;attributes&quot;: {
        &quot;owner&quot;: &quot;EBU&quot;,
        &quot;stage&quot;: &quot;Completed&quot;,
        &quot;ea1&quot;: &quot;G70P40&quot;,
        &quot;ea2&quot;: &quot;Gauteng South&quot;
      }
    },
    {
      &quot;attributes&quot;: {
        &quot;owner&quot;: &quot;EBU&quot;,
        &quot;stage&quot;: &quot;Completed&quot;,
        &quot;ea1&quot;: &quot;G72P01&quot;,
        &quot;ea2&quot;: &quot;Gauteng South&quot;
      }
    },
    {
      &quot;attributes&quot;: {
        &quot;owner&quot;: &quot;EBU&quot;,
        &quot;stage&quot;: &quot;Completed&quot;,
        &quot;ea1&quot;: &quot;G72P01&quot;,
        &quot;ea2&quot;: &quot;Gauteng South&quot;
      }
    },
    {
      &quot;attributes&quot;: {
        &quot;owner&quot;: &quot;EBU&quot;,
        &quot;stage&quot;: &quot;Completed&quot;,
        &quot;ea1&quot;: &quot;G72P01&quot;,
        &quot;ea2&quot;: &quot;Gauteng South&quot;
      }
    },
    {
      &quot;attributes&quot;: {
        &quot;owner&quot;: &quot;EBU&quot;,
        &quot;stage&quot;: &quot;Completed&quot;,
        &quot;ea1&quot;: &quot;G72P01&quot;,
        &quot;ea2&quot;: &quot;Gauteng South&quot;
      }
    },
    {
      &quot;attributes&quot;: {
        &quot;owner&quot;: &quot;EBU&quot;,
        &quot;stage&quot;: &quot;Completed&quot;,
        &quot;ea1&quot;: &quot;G73P03&quot;,
        &quot;ea2&quot;: &quot;Gauteng South&quot;
      }
    },
    {
      &quot;attributes&quot;: {
        &quot;owner&quot;: &quot;EBU&quot;,
        &quot;stage&quot;: &quot;Completed&quot;,
        &quot;ea1&quot;: &quot;G73P03&quot;,
        &quot;ea2&quot;: &quot;Gauteng South&quot;
      }
    },
    {
      &quot;attributes&quot;: {
        &quot;owner&quot;: &quot;EBU&quot;,
        &quot;stage&quot;: &quot;Completed&quot;,
        &quot;ea1&quot;: &quot;G73P03&quot;,
        &quot;ea2&quot;: &quot;Gauteng South&quot;
      }
    },
    {
      &quot;attributes&quot;: {
        &quot;owner&quot;: &quot;EBU&quot;,
        &quot;stage&quot;: &quot;Completed&quot;,
        &quot;ea1&quot;: &quot;G73P03&quot;,
        &quot;ea2&quot;: &quot;Gauteng South&quot;
      }
    },
    {
      &quot;attributes&quot;: {
        &quot;owner&quot;: &quot;EBU&quot;,
        &quot;stage&quot;: &quot;Completed&quot;,
        &quot;ea1&quot;: &quot;G73P03&quot;,
        &quot;ea2&quot;: &quot;Gauteng South&quot;
      }
    },
    {
      &quot;attributes&quot;: {
        &quot;owner&quot;: &quot;EBU&quot;,
        &quot;stage&quot;: &quot;Completed&quot;,
        &quot;ea1&quot;: &quot;G70P72&quot;,
        &quot;ea2&quot;: &quot;Gauteng South&quot;
      }
    },
    {
      &quot;attributes&quot;: {
        &quot;owner&quot;: &quot;EBU&quot;,
        &quot;stage&quot;: &quot;Completed&quot;,
        &quot;ea1&quot;: &quot;G70P72&quot;,
        &quot;ea2&quot;: &quot;Gauteng South&quot;
      }
    },
    {
      &quot;attributes&quot;: {
        &quot;owner&quot;: &quot;EBU&quot;,
        &quot;stage&quot;: &quot;Completed&quot;,
        &quot;ea1&quot;: &quot;G70P71&quot;,
        &quot;ea2&quot;: &quot;Gauteng South&quot;
      }
    },
    {
      &quot;attributes&quot;: {
        &quot;owner&quot;: &quot;EBU&quot;,
        &quot;stage&quot;: &quot;Completed&quot;,
        &quot;ea1&quot;: &quot;G70P71&quot;,
        &quot;ea2&quot;: &quot;Gauteng South&quot;
      }
    },
    {
      &quot;attributes&quot;: {
        &quot;owner&quot;: &quot;EBU&quot;,
        &quot;stage&quot;: &quot;Completed&quot;,
        &quot;ea1&quot;: &quot;G70P71&quot;,
        &quot;ea2&quot;: &quot;Gauteng South&quot;
      }
    },
    {
      &quot;attributes&quot;: {
        &quot;owner&quot;: &quot;EBU&quot;,
        &quot;stage&quot;: &quot;Completed&quot;,
        &quot;ea1&quot;: &quot;G70P71&quot;,
        &quot;ea2&quot;: &quot;Gauteng South&quot;
      }
    },
    {
      &quot;attributes&quot;: {
        &quot;owner&quot;: &quot;EBU&quot;,
        &quot;stage&quot;: &quot;Completed&quot;,
        &quot;ea1&quot;: &quot;G70P71&quot;,
        &quot;ea2&quot;: &quot;Gauteng South&quot;
      }
    },
    {
      &quot;attributes&quot;: {
        &quot;owner&quot;: &quot;EBU&quot;,
        &quot;stage&quot;: &quot;Completed&quot;,
        &quot;ea1&quot;: &quot;G70P71&quot;,
        &quot;ea2&quot;: &quot;Gauteng South&quot;
      }
    },
    {
      &quot;attributes&quot;: {
        &quot;owner&quot;: &quot;EBU&quot;,
        &quot;stage&quot;: &quot;Completed&quot;,
        &quot;ea1&quot;: &quot;G70P65&quot;,
        &quot;ea2&quot;: &quot;Gauteng South&quot;
      }
    },
    {
      &quot;attributes&quot;: {
        &quot;owner&quot;: &quot;EBU&quot;,
        &quot;stage&quot;: &quot;Completed&quot;,
        &quot;ea1&quot;: &quot;G70P65&quot;,
        &quot;ea2&quot;: &quot;Gauteng South&quot;
      }
    },
    {
      &quot;attributes&quot;: {
        &quot;owner&quot;: &quot;EBU&quot;,
        &quot;stage&quot;: &quot;Completed&quot;,
        &quot;ea1&quot;: &quot;G70P65&quot;,
        &quot;ea2&quot;: &quot;Gauteng South&quot;
      }
    },
    {
      &quot;attributes&quot;: {
        &quot;owner&quot;: &quot;EBU&quot;,
        &quot;stage&quot;: &quot;Completed&quot;,
        &quot;ea1&quot;: &quot;G70P65&quot;,
        &quot;ea2&quot;: &quot;Gauteng South&quot;
      }
    },
    {
      &quot;attributes&quot;: {
        &quot;owner&quot;: &quot;EBU&quot;,
        &quot;stage&quot;: &quot;Completed&quot;,
        &quot;ea1&quot;: &quot;G70P70&quot;,
        &quot;ea2&quot;: &quot;Gauteng South&quot;
      }
    },
    {
      &quot;attributes&quot;: {
        &quot;owner&quot;: &quot;EBU&quot;,
        &quot;stage&quot;: &quot;Completed&quot;,
        &quot;ea1&quot;: &quot;G70P69&quot;,
        &quot;ea2&quot;: &quot;Gauteng South&quot;
      }
    },
    {
      &quot;attributes&quot;: {
        &quot;owner&quot;: &quot;EBU&quot;,
        &quot;stage&quot;: &quot;Completed&quot;,
        &quot;ea1&quot;: &quot;G70P69&quot;,
        &quot;ea2&quot;: &quot;Gauteng South&quot;
      }
    },
    {
      &quot;attributes&quot;: {
        &quot;owner&quot;: &quot;EBU&quot;,
        &quot;stage&quot;: &quot;Completed&quot;,
        &quot;ea1&quot;: &quot;G70P69&quot;,
        &quot;ea2&quot;: &quot;Gauteng South&quot;
      }
    },
    {
      &quot;attributes&quot;: {
        &quot;owner&quot;: &quot;EBU&quot;,
        &quot;stage&quot;: &quot;Completed&quot;,
        &quot;ea1&quot;: &quot;G70P66&quot;,
        &quot;ea2&quot;: &quot;Gauteng South&quot;
      }
    },
    {
      &quot;attributes&quot;: {
        &quot;owner&quot;: &quot;EBU&quot;,
        &quot;stage&quot;: &quot;Completed&quot;,
        &quot;ea1&quot;: &quot;G70P66&quot;,
        &quot;ea2&quot;: &quot;Gauteng South&quot;
      }
    },
    {
      &quot;attributes&quot;: {
        &quot;owner&quot;: &quot;EBU&quot;,
        &quot;stage&quot;: &quot;Completed&quot;,
        &quot;ea1&quot;: &quot;G70P73&quot;,
        &quot;ea2&quot;: &quot;Gauteng South&quot;
      }
    },
    {
      &quot;attributes&quot;: {
        &quot;owner&quot;: &quot;EBU&quot;,
        &quot;stage&quot;: &quot;Completed&quot;,
        &quot;ea1&quot;: &quot;G70P73&quot;,
        &quot;ea2&quot;: &quot;Gauteng South&quot;
      }
    },
    {
      &quot;attributes&quot;: {
        &quot;owner&quot;: &quot;EBU&quot;,
        &quot;stage&quot;: &quot;Completed&quot;,
        &quot;ea1&quot;: &quot;G59P96&quot;,
        &quot;ea2&quot;: &quot;Gauteng South&quot;
      }
    },
    {
      &quot;attributes&quot;: {
        &quot;owner&quot;: &quot;EBU&quot;,
        &quot;stage&quot;: &quot;Completed&quot;,
        &quot;ea1&quot;: &quot;G59P96&quot;,
        &quot;ea2&quot;: &quot;Gauteng South&quot;
      }
    },
    {
      &quot;attributes&quot;: {
        &quot;owner&quot;: &quot;EBU&quot;,
        &quot;stage&quot;: &quot;Completed&quot;,
        &quot;ea1&quot;: &quot;G70P64&quot;,
        &quot;ea2&quot;: &quot;Gauteng South&quot;
      }
    },
    {
      &quot;attributes&quot;: {
        &quot;owner&quot;: &quot;EBU&quot;,
        &quot;stage&quot;: &quot;Completed&quot;,
        &quot;ea1&quot;: &quot;G70P88&quot;,
        &quot;ea2&quot;: &quot;Gauteng South&quot;
      }
    },
    {
      &quot;attributes&quot;: {
        &quot;owner&quot;: &quot;EBU&quot;,
        &quot;stage&quot;: &quot;Completed&quot;,
        &quot;ea1&quot;: &quot;G70P63&quot;,
        &quot;ea2&quot;: &quot;Gauteng South&quot;
      }
    },
    {
      &quot;attributes&quot;: {
        &quot;owner&quot;: &quot;EBU&quot;,
        &quot;stage&quot;: &quot;Completed&quot;,
        &quot;ea1&quot;: &quot;G70P63&quot;,
        &quot;ea2&quot;: &quot;Gauteng South&quot;
      }
    },
    {
      &quot;attributes&quot;: {
        &quot;owner&quot;: &quot;EBU&quot;,
        &quot;stage&quot;: &quot;Completed&quot;,
        &quot;ea1&quot;: &quot;G70P63&quot;,
        &quot;ea2&quot;: &quot;Gauteng South&quot;
      }
    },
    {
      &quot;attributes&quot;: {
        &quot;owner&quot;: &quot;EBU&quot;,
        &quot;stage&quot;: &quot;Completed&quot;,
        &quot;ea1&quot;: &quot;G70P63&quot;,
        &quot;ea2&quot;: &quot;Gauteng South&quot;
      }
    },
    {
      &quot;attributes&quot;: {
        &quot;owner&quot;: &quot;EBU&quot;,
        &quot;stage&quot;: &quot;Completed&quot;,
        &quot;ea1&quot;: &quot;G70P63&quot;,
        &quot;ea2&quot;: &quot;Gauteng South&quot;
      }
    },
    {
      &quot;attributes&quot;: {
        &quot;owner&quot;: &quot;EBU&quot;,
        &quot;stage&quot;: &quot;Completed&quot;,
        &quot;ea1&quot;: &quot;G70P63&quot;,
        &quot;ea2&quot;: &quot;Gauteng South&quot;
      }
    },
    {
      &quot;attributes&quot;: {
        &quot;owner&quot;: &quot;EBU&quot;,
        &quot;stage&quot;: &quot;Completed&quot;,
        &quot;ea1&quot;: &quot;G70P63&quot;,
        &quot;ea2&quot;: &quot;Gauteng South&quot;
      }
    },
    {
      &quot;attributes&quot;: {
        &quot;owner&quot;: &quot;EBU&quot;,
        &quot;stage&quot;: &quot;Completed&quot;,
        &quot;ea1&quot;: &quot;G70P63&quot;,
        &quot;ea2&quot;: &quot;Gauteng South&quot;
      }
    },
    {
      &quot;attributes&quot;: {
        &quot;owner&quot;: &quot;EBU&quot;,
        &quot;stage&quot;: &quot;Completed&quot;,
        &quot;ea1&quot;: &quot;G70P63&quot;,
        &quot;ea2&quot;: &quot;Gauteng South&quot;
      }
    },
    {
      &quot;attributes&quot;: {
        &quot;owner&quot;: &quot;EBU&quot;,
        &quot;stage&quot;: &quot;Completed&quot;,
        &quot;ea1&quot;: &quot;G70P63&quot;,
        &quot;ea2&quot;: &quot;Gauteng South&quot;
      }
    },
    {
      &quot;attributes&quot;: {
        &quot;owner&quot;: &quot;EBU&quot;,
        &quot;stage&quot;: &quot;Completed&quot;,
        &quot;ea1&quot;: &quot;G70P63&quot;,
        &quot;ea2&quot;: &quot;Gauteng South&quot;
      }
    },
    {
      &quot;attributes&quot;: {
        &quot;owner&quot;: &quot;EBU&quot;,
        &quot;stage&quot;: &quot;Completed&quot;,
        &quot;ea1&quot;: &quot;G70P63&quot;,
        &quot;ea2&quot;: &quot;Gauteng South&quot;
      }
    },
    {
      &quot;attributes&quot;: {
        &quot;owner&quot;: &quot;EBU&quot;,
        &quot;stage&quot;: &quot;Completed&quot;,
        &quot;ea1&quot;: &quot;G70P63&quot;,
        &quot;ea2&quot;: &quot;Gauteng South&quot;
      }
    },
    {
      &quot;attributes&quot;: {
        &quot;owner&quot;: &quot;EBU&quot;,
        &quot;stage&quot;: &quot;Completed&quot;,
        &quot;ea1&quot;: &quot;G70P63&quot;,
        &quot;ea2&quot;: &quot;Gauteng South&quot;
      }
    },
    {
      &quot;attributes&quot;: {
        &quot;owner&quot;: &quot;EBU&quot;,
        &quot;stage&quot;: &quot;Completed&quot;,
        &quot;ea1&quot;: &quot;G70P63&quot;,
        &quot;ea2&quot;: &quot;Gauteng South&quot;
      }
    },
    {
      &quot;attributes&quot;: {
        &quot;owner&quot;: &quot;EBU&quot;,
        &quot;stage&quot;: &quot;Completed&quot;,
        &quot;ea1&quot;: &quot;G70P63&quot;,
        &quot;ea2&quot;: &quot;Gauteng South&quot;
      }
    },
    {
      &quot;attributes&quot;: {
        &quot;owner&quot;: &quot;EBU&quot;,
        &quot;stage&quot;: &quot;Completed&quot;,
        &quot;ea1&quot;: &quot;G70P63&quot;,
        &quot;ea2&quot;: &quot;Gauteng South&quot;
      }
    },
    {
      &quot;attributes&quot;: {
        &quot;owner&quot;: &quot;EBU&quot;,
        &quot;stage&quot;: &quot;Completed&quot;,
        &quot;ea1&quot;: &quot;G70P63&quot;,
        &quot;ea2&quot;: &quot;Gauteng South&quot;
      }
    },
    {
      &quot;attributes&quot;: {
        &quot;owner&quot;: &quot;EBU&quot;,
        &quot;stage&quot;: &quot;Completed&quot;,
        &quot;ea1&quot;: &quot;G70P63&quot;,
        &quot;ea2&quot;: &quot;Gauteng South&quot;
      }
    },
    {
      &quot;attributes&quot;: {
        &quot;owner&quot;: &quot;EBU&quot;,
        &quot;stage&quot;: &quot;Completed&quot;,
        &quot;ea1&quot;: &quot;G70P63&quot;,
        &quot;ea2&quot;: &quot;Gauteng South&quot;
      }
    },
    {
      &quot;attributes&quot;: {
        &quot;owner&quot;: &quot;EBU&quot;,
        &quot;stage&quot;: &quot;Completed&quot;,
        &quot;ea1&quot;: &quot;G70P63&quot;,
        &quot;ea2&quot;: &quot;Gauteng South&quot;
      }
    },
    {
      &quot;attributes&quot;: {
        &quot;owner&quot;: &quot;EBU&quot;,
        &quot;stage&quot;: &quot;Completed&quot;,
        &quot;ea1&quot;: &quot;G70P71&quot;,
        &quot;ea2&quot;: &quot;Gauteng South&quot;
      }
    },
    {
      &quot;attributes&quot;: {
        &quot;owner&quot;: &quot;EBU&quot;,
        &quot;stage&quot;: &quot;Completed&quot;,
        &quot;ea1&quot;: &quot;G72P56&quot;,
        &quot;ea2&quot;: &quot;Gauteng South&quot;
      }
    },
    {
      &quot;attributes&quot;: {
        &quot;owner&quot;: &quot;EBU&quot;,
        &quot;stage&quot;: &quot;Completed&quot;,
        &quot;ea1&quot;: &quot;G70P47&quot;,
        &quot;ea2&quot;: &quot;Gauteng South&quot;
      }
    },
    {
      &quot;attributes&quot;: {
        &quot;owner&quot;: &quot;EBU&quot;,
        &quot;stage&quot;: &quot;Completed&quot;,
        &quot;ea1&quot;: &quot;G70P25&quot;,
        &quot;ea2&quot;: &quot;Gauteng South&quot;
      }
    },
    {
      &quot;attributes&quot;: {
        &quot;owner&quot;: &quot;EBU&quot;,
        &quot;stage&quot;: &quot;Completed&quot;,
        &quot;ea1&quot;: &quot;G70P25&quot;,
        &quot;ea2&quot;: &quot;Gauteng South&quot;
      }
    },
    {
      &quot;attributes&quot;: {
        &quot;owner&quot;: &quot;EBU&quot;,
        &quot;stage&quot;: &quot;Completed&quot;,
        &quot;ea1&quot;: &quot;G70P25&quot;,
        &quot;ea2&quot;: &quot;Gauteng South&quot;
      }
    },
    {
      &quot;attributes&quot;: {
        &quot;owner&quot;: &quot;EBU&quot;,
        &quot;stage&quot;: &quot;Completed&quot;,
        &quot;ea1&quot;: &quot;G70P25&quot;,
        &quot;ea2&quot;: &quot;Gauteng South&quot;
      }
    },
    {
      &quot;attributes&quot;: {
        &quot;owner&quot;: &quot;EBU&quot;,
        &quot;stage&quot;: &quot;Completed&quot;,
        &quot;ea1&quot;: &quot;G70P25&quot;,
        &quot;ea2&quot;: &quot;Gauteng South&quot;
      }
    },
    {
      &quot;attributes&quot;: {
        &quot;owner&quot;: &quot;EBU&quot;,
        &quot;stage&quot;: &quot;Completed&quot;,
        &quot;ea1&quot;: &quot;Conduct Oak/Kent&quot;,
        &quot;ea2&quot;: &quot;Gauteng South&quot;
      }
    },
    {
      &quot;attributes&quot;: {
        &quot;owner&quot;: &quot;EBU&quot;,
        &quot;stage&quot;: &quot;Completed&quot;,
        &quot;ea1&quot;: &quot;G70P25&quot;,
        &quot;ea2&quot;: &quot;Gauteng South&quot;
      }
    },
    {
      &quot;attributes&quot;: {
        &quot;owner&quot;: &quot;EBU&quot;,
        &quot;stage&quot;: &quot;Completed&quot;,
        &quot;ea1&quot;: &quot;G70P25&quot;,
        &quot;ea2&quot;: &quot;Gauteng South&quot;
      }
    },
    {
      &quot;attributes&quot;: {
        &quot;owner&quot;: &quot;EBU&quot;,
        &quot;stage&quot;: &quot;Completed&quot;,
        &quot;ea1&quot;: &quot;G70P25&quot;,
        &quot;ea2&quot;: &quot;Gauteng South&quot;
      }
    },
    {
      &quot;attributes&quot;: {
        &quot;owner&quot;: &quot;EBU&quot;,
        &quot;stage&quot;: &quot;Completed&quot;,
        &quot;ea1&quot;: &quot;G70P25&quot;,
        &quot;ea2&quot;: &quot;Gauteng South&quot;
      }
    },
    {
      &quot;attributes&quot;: {
        &quot;owner&quot;: &quot;EBU&quot;,
        &quot;stage&quot;: &quot;Completed&quot;,
        &quot;ea1&quot;: &quot;G70P25&quot;,
        &quot;ea2&quot;: &quot;Gauteng South&quot;
      }
    },
    {
      &quot;attributes&quot;: {
        &quot;owner&quot;: &quot;EBU&quot;,
        &quot;stage&quot;: &quot;Completed&quot;,
        &quot;ea1&quot;: &quot;G70P25&quot;,
        &quot;ea2&quot;: &quot;Gauteng South&quot;
      }
    },
    {
      &quot;attributes&quot;: {
        &quot;owner&quot;: &quot;EBU&quot;,
        &quot;stage&quot;: &quot;Completed&quot;,
        &quot;ea1&quot;: &quot;G70P25&quot;,
        &quot;ea2&quot;: &quot;Gauteng South&quot;
      }
    },
    {
      &quot;attributes&quot;: {
        &quot;owner&quot;: &quot;EBU&quot;,
        &quot;stage&quot;: &quot;Completed&quot;,
        &quot;ea1&quot;: &quot;G70P25&quot;,
        &quot;ea2&quot;: &quot;Gauteng South&quot;
      }
    },
    {
      &quot;attributes&quot;: {
        &quot;owner&quot;: &quot;EBU&quot;,
        &quot;stage&quot;: &quot;Completed&quot;,
        &quot;ea1&quot;: &quot;G70P25&quot;,
        &quot;ea2&quot;: &quot;Gauteng South&quot;
      }
    },
    {
      &quot;attributes&quot;: {
        &quot;owner&quot;: &quot;EBU&quot;,
        &quot;stage&quot;: &quot;Completed&quot;,
        &quot;ea1&quot;: &quot;G70P25&quot;,
        &quot;ea2&quot;: &quot;Gauteng South&quot;
      }
    },
    {
      &quot;attributes&quot;: {
        &quot;owner&quot;: &quot;EBU&quot;,
        &quot;stage&quot;: &quot;Completed&quot;,
        &quot;ea1&quot;: &quot;G70P25&quot;,
        &quot;ea2&quot;: &quot;Gauteng South&quot;
      }
    },
    {
      &quot;attributes&quot;: {
        &quot;owner&quot;: &quot;EBU&quot;,
        &quot;stage&quot;: &quot;Completed&quot;,
        &quot;ea1&quot;: &quot;G70P25&quot;,
        &quot;ea2&quot;: &quot;Gauteng South&quot;
      }
    },
    {
      &quot;attributes&quot;: {
        &quot;owner&quot;: &quot;EBU&quot;,
        &quot;stage&quot;: &quot;Completed&quot;,
        &quot;ea1&quot;: &quot;G70P25&quot;,
        &quot;ea2&quot;: &quot;Gauteng South&quot;
      }
    },
    {
      &quot;attributes&quot;: {
        &quot;owner&quot;: &quot;EBU&quot;,
        &quot;stage&quot;: &quot;Completed&quot;,
        &quot;ea1&quot;: &quot;G70P25&quot;,
        &quot;ea2&quot;: &quot;Gauteng South&quot;
      }
    },
    {
      &quot;attributes&quot;: {
        &quot;owner&quot;: &quot;EBU&quot;,
        &quot;stage&quot;: &quot;Completed&quot;,
        &quot;ea1&quot;: &quot;G70P25&quot;,
        &quot;ea2&quot;: &quot;Gauteng South&quot;
      }
    },
    {
      &quot;attributes&quot;: {
        &quot;owner&quot;: &quot;EBU&quot;,
        &quot;stage&quot;: &quot;Completed&quot;,
        &quot;ea1&quot;: &quot;G70P25&quot;,
        &quot;ea2&quot;: &quot;Gauteng South&quot;
      }
    },
    {
      &quot;attributes&quot;: {
        &quot;owner&quot;: &quot;EBU&quot;,
        &quot;stage&quot;: &quot;Completed&quot;,
        &quot;ea1&quot;: &quot;G70P25&quot;,
        &quot;ea2&quot;: &quot;Gauteng South&quot;
      }
    },
    {
      &quot;attributes&quot;: {
        &quot;owner&quot;: &quot;EBU&quot;,
        &quot;stage&quot;: &quot;Completed&quot;,
        &quot;ea1&quot;: &quot;G70P25&quot;,
        &quot;ea2&quot;: &quot;Gauteng South&quot;
      }
    },
    {
      &quot;attributes&quot;: {
        &quot;owner&quot;: &quot;EBU&quot;,
        &quot;stage&quot;: &quot;Completed&quot;,
        &quot;ea1&quot;: &quot;G70P25&quot;,
        &quot;ea2&quot;: &quot;Gauteng South&quot;
      }
    },
    {
      &quot;attributes&quot;: {
        &quot;owner&quot;: &quot;EBU&quot;,
        &quot;stage&quot;: &quot;Completed&quot;,
        &quot;ea1&quot;: &quot;G70P25&quot;,
        &quot;ea2&quot;: &quot;Gauteng South&quot;
      }
    },
    {
      &quot;attributes&quot;: {
        &quot;owner&quot;: &quot;EBU&quot;,
        &quot;stage&quot;: &quot;Completed&quot;,
        &quot;ea1&quot;: &quot;G70P25&quot;,
        &quot;ea2&quot;: &quot;Gauteng South&quot;
      }
    },
    {
      &quot;attributes&quot;: {
        &quot;owner&quot;: &quot;EBU&quot;,
        &quot;stage&quot;: &quot;Completed&quot;,
        &quot;ea1&quot;: &quot;G70P25&quot;,
        &quot;ea2&quot;: &quot;Gauteng South&quot;
      }
    },
    {
      &quot;attributes&quot;: {
        &quot;owner&quot;: &quot;EBU&quot;,
        &quot;stage&quot;: &quot;Completed&quot;,
        &quot;ea1&quot;: &quot;G70P26&quot;,
        &quot;ea2&quot;: &quot;Gauteng South&quot;
      }
    },
    {
      &quot;attributes&quot;: {
        &quot;owner&quot;: &quot;EBU&quot;,
        &quot;stage&quot;: &quot;Completed&quot;,
        &quot;ea1&quot;: &quot;G70P26&quot;,
        &quot;ea2&quot;: &quot;Gauteng South&quot;
      }
    },
    {
      &quot;attributes&quot;: {
        &quot;owner&quot;: &quot;EBU&quot;,
        &quot;stage&quot;: &quot;Completed&quot;,
        &quot;ea1&quot;: &quot;G70P26&quot;,
        &quot;ea2&quot;: &quot;Gauteng South&quot;
      }
    },
    {
      &quot;attributes&quot;: {
        &quot;owner&quot;: &quot;EBU&quot;,
        &quot;stage&quot;: &quot;Completed&quot;,
        &quot;ea1&quot;: &quot;G70P26&quot;,
        &quot;ea2&quot;: &quot;Gauteng South&quot;
      }
    },
    {
      &quot;attributes&quot;: {
        &quot;owner&quot;: &quot;EBU&quot;,
        &quot;stage&quot;: &quot;Completed&quot;,
        &quot;ea1&quot;: &quot;G70P26&quot;,
        &quot;ea2&quot;: &quot;Gauteng South&quot;
      }
    },
    {
      &quot;attributes&quot;: {
        &quot;owner&quot;: &quot;EBU&quot;,
        &quot;stage&quot;: &quot;Completed&quot;,
        &quot;ea1&quot;: &quot;G70P26&quot;,
        &quot;ea2&quot;: &quot;Gauteng South&quot;
      }
    },
    {
      &quot;attributes&quot;: {
        &quot;owner&quot;: &quot;EBU&quot;,
        &quot;stage&quot;: &quot;Completed&quot;,
        &quot;ea1&quot;: &quot;G70P26&quot;,
        &quot;ea2&quot;: &quot;Gauteng South&quot;
      }
    },
    {
      &quot;attributes&quot;: {
        &quot;owner&quot;: &quot;EBU&quot;,
        &quot;stage&quot;: &quot;Completed&quot;,
        &quot;ea1&quot;: &quot;G70P27&quot;,
        &quot;ea2&quot;: &quot;Gauteng South&quot;
      }
    },
    {
      &quot;attributes&quot;: {
        &quot;owner&quot;: &quot;EBU&quot;,
        &quot;stage&quot;: &quot;Completed&quot;,
        &quot;ea1&quot;: &quot;G70P27&quot;,
        &quot;ea2&quot;: &quot;Gauteng South&quot;
      }
    },
    {
      &quot;attributes&quot;: {
        &quot;owner&quot;: &quot;EBU&quot;,
        &quot;stage&quot;: &quot;Completed&quot;,
        &quot;ea1&quot;: &quot;G70P27&quot;,
        &quot;ea2&quot;: &quot;Gauteng South&quot;
      }
    },
    {
      &quot;attributes&quot;: {
        &quot;owner&quot;: &quot;EBU&quot;,
        &quot;stage&quot;: &quot;Completed&quot;,
        &quot;ea1&quot;: &quot;G70P27&quot;,
        &quot;ea2&quot;: &quot;Gauteng South&quot;
      }
    },
    {
      &quot;attributes&quot;: {
        &quot;owner&quot;: &quot;EBU&quot;,
        &quot;stage&quot;: &quot;Completed&quot;,
        &quot;ea1&quot;: &quot;G70P27&quot;,
        &quot;ea2&quot;: &quot;Gauteng South&quot;
      }
    },
    {
      &quot;attributes&quot;: {
        &quot;owner&quot;: &quot;EBU&quot;,
        &quot;stage&quot;: &quot;Completed&quot;,
        &quot;ea1&quot;: &quot;G70P27&quot;,
        &quot;ea2&quot;: &quot;Gauteng South&quot;
      }
    },
    {
      &quot;attributes&quot;: {
        &quot;owner&quot;: &quot;EBU&quot;,
        &quot;stage&quot;: &quot;Completed&quot;,
        &quot;ea1&quot;: &quot;G70P27&quot;,
        &quot;ea2&quot;: &quot;Gauteng South&quot;
      }
    },
    {
      &quot;attributes&quot;: {
        &quot;owner&quot;: &quot;EBU&quot;,
        &quot;stage&quot;: &quot;Completed&quot;,
        &quot;ea1&quot;: &quot;G70P27&quot;,
        &quot;ea2&quot;: &quot;Gauteng South&quot;
      }
    },
    {
      &quot;attributes&quot;: {
        &quot;owner&quot;: &quot;EBU&quot;,
        &quot;stage&quot;: &quot;Completed&quot;,
        &quot;ea1&quot;: &quot;G70P27&quot;,
        &quot;ea2&quot;: &quot;Gauteng South&quot;
      }
    },
    {
      &quot;attributes&quot;: {
        &quot;owner&quot;: &quot;EBU&quot;,
        &quot;stage&quot;: &quot;Completed&quot;,
        &quot;ea1&quot;: &quot;G70P27&quot;,
        &quot;ea2&quot;: &quot;Gauteng South&quot;
      }
    },
    {
      &quot;attributes&quot;: {
        &quot;owner&quot;: &quot;EBU&quot;,
        &quot;stage&quot;: &quot;Completed&quot;,
        &quot;ea1&quot;: &quot;G70P27&quot;,
        &quot;ea2&quot;: &quot;Gauteng South&quot;
      }
    },
    {
      &quot;attributes&quot;: {
        &quot;owner&quot;: &quot;EBU&quot;,
        &quot;stage&quot;: &quot;Completed&quot;,
        &quot;ea1&quot;: &quot;G70P27&quot;,
        &quot;ea2&quot;: &quot;Gauteng South&quot;
      }
    },
    {
      &quot;attributes&quot;: {
        &quot;owner&quot;: &quot;EBU&quot;,
        &quot;stage&quot;: &quot;Completed&quot;,
        &quot;ea1&quot;: &quot;G70P27&quot;,
        &quot;ea2&quot;: &quot;Gauteng South&quot;
      }
    },
    {
      &quot;attributes&quot;: {
        &quot;owner&quot;: &quot;EBU&quot;,
        &quot;stage&quot;: &quot;Completed&quot;,
        &quot;ea1&quot;: &quot;G70P28&quot;,
        &quot;ea2&quot;: &quot;Gauteng South&quot;
      }
    },
    {
      &quot;attributes&quot;: {
        &quot;owner&quot;: &quot;EBU&quot;,
        &quot;stage&quot;: &quot;Completed&quot;,
        &quot;ea1&quot;: &quot;G70P28&quot;,
        &quot;ea2&quot;: &quot;Gauteng South&quot;
      }
    },
    {
      &quot;attributes&quot;: {
        &quot;owner&quot;: &quot;EBU&quot;,
        &quot;stage&quot;: &quot;Completed&quot;,
        &quot;ea1&quot;: &quot;G70P28&quot;,
        &quot;ea2&quot;: &quot;Gauteng South&quot;
      }
    },
    {
      &quot;attributes&quot;: {
        &quot;owner&quot;: &quot;EBU&quot;,
        &quot;stage&quot;: &quot;Completed&quot;,
        &quot;ea1&quot;: &quot;G70P28&quot;,
        &quot;ea2&quot;: &quot;Gauteng South&quot;
      }
    },
    {
      &quot;attributes&quot;: {
        &quot;owner&quot;: &quot;EBU&quot;,
        &quot;stage&quot;: &quot;Completed&quot;,
        &quot;ea1&quot;: &quot;G70P28&quot;,
        &quot;ea2&quot;: &quot;Gauteng South&quot;
      }
    },
    {
      &quot;attributes&quot;: {
        &quot;owner&quot;: &quot;EBU&quot;,
        &quot;stage&quot;: &quot;Completed&quot;,
        &quot;ea1&quot;: &quot;G70P28&quot;,
        &quot;ea2&quot;: &quot;Gauteng South&quot;
      }
    },
    {
      &quot;attributes&quot;: {
        &quot;owner&quot;: &quot;EBU&quot;,
        &quot;stage&quot;: &quot;Completed&quot;,
        &quot;ea1&quot;: &quot;G70P28&quot;,
        &quot;ea2&quot;: &quot;Gauteng South&quot;
      }
    },
    {
      &quot;attributes&quot;: {
        &quot;owner&quot;: &quot;EBU&quot;,
        &quot;stage&quot;: &quot;Completed&quot;,
        &quot;ea1&quot;: &quot;G70P28&quot;,
        &quot;ea2&quot;: &quot;Gauteng South&quot;
      }
    },
    {
      &quot;attributes&quot;: {
        &quot;owner&quot;: &quot;EBU&quot;,
        &quot;stage&quot;: &quot;Completed&quot;,
        &quot;ea1&quot;: &quot;G70P27&quot;,
        &quot;ea2&quot;: &quot;Gauteng South&quot;
      }
    },
    {
      &quot;attributes&quot;: {
        &quot;owner&quot;: &quot;EBU&quot;,
        &quot;stage&quot;: &quot;Completed&quot;,
        &quot;ea1&quot;: &quot;NB70P31&quot;,
        &quot;ea2&quot;: &quot;Northern Region&quot;
      }
    },
    {
      &quot;attributes&quot;: {
        &quot;owner&quot;: &quot;EBU&quot;,
        &quot;stage&quot;: &quot;Completed&quot;,
        &quot;ea1&quot;: &quot;NB70P31&quot;,
        &quot;ea2&quot;: &quot;Northern Region&quot;
      }
    },
    {
      &quot;attributes&quot;: {
        &quot;owner&quot;: &quot;EBU&quot;,
        &quot;stage&quot;: &quot;Completed&quot;,
        &quot;ea1&quot;: &quot;NB70P31&quot;,
        &quot;ea2&quot;: &quot;Northern Region&quot;
      }
    },
    {
      &quot;attributes&quot;: {
        &quot;owner&quot;: &quot;EBU&quot;,
        &quot;stage&quot;: &quot;Completed&quot;,
        &quot;ea1&quot;: &quot;NB70P31&quot;,
        &quot;ea2&quot;: &quot;Northern Region&quot;
      }
    },
    {
      &quot;attributes&quot;: {
        &quot;owner&quot;: &quot;EBU&quot;,
        &quot;stage&quot;: &quot;Completed&quot;,
        &quot;ea1&quot;: &quot;NB70P31&quot;,
        &quot;ea2&quot;: &quot;Northern Region&quot;
      }
    },
    {
      &quot;attributes&quot;: {
        &quot;owner&quot;: &quot;EBU&quot;,
        &quot;stage&quot;: &quot;Completed&quot;,
        &quot;ea1&quot;: &quot;NB70P31&quot;,
        &quot;ea2&quot;: &quot;Northern Region&quot;
      }
    },
    {
      &quot;attributes&quot;: {
        &quot;owner&quot;: &quot;EBU&quot;,
        &quot;stage&quot;: &quot;Completed&quot;,
        &quot;ea1&quot;: &quot;NB70P31&quot;,
        &quot;ea2&quot;: &quot;Northern Region&quot;
      }
    },
    {
      &quot;attributes&quot;: {
        &quot;owner&quot;: &quot;EBU&quot;,
        &quot;stage&quot;: &quot;Completed&quot;,
        &quot;ea1&quot;: &quot;NB70P31&quot;,
        &quot;ea2&quot;: &quot;Northern Region&quot;
      }
    },
    {
      &quot;attributes&quot;: {
        &quot;owner&quot;: &quot;EBU&quot;,
        &quot;stage&quot;: &quot;Completed&quot;,
        &quot;ea1&quot;: &quot;NB70P31&quot;,
        &quot;ea2&quot;: &quot;Northern Region&quot;
      }
    },
    {
      &quot;attributes&quot;: {
        &quot;owner&quot;: &quot;EBU&quot;,
        &quot;stage&quot;: &quot;Completed&quot;,
        &quot;ea1&quot;: &quot;NB70P31&quot;,
        &quot;ea2&quot;: &quot;Northern Region&quot;
      }
    },
    {
      &quot;attributes&quot;: {
        &quot;owner&quot;: &quot;EBU&quot;,
        &quot;stage&quot;: &quot;Completed&quot;,
        &quot;ea1&quot;: &quot;NB70P31&quot;,
        &quot;ea2&quot;: &quot;Northern Region&quot;
      }
    },
    {
      &quot;attributes&quot;: {
        &quot;owner&quot;: &quot;EBU&quot;,
        &quot;stage&quot;: &quot;Completed&quot;,
        &quot;ea1&quot;: &quot;NB70P13&quot;,
        &quot;ea2&quot;: &quot;Northern Region&quot;
      }
    },
    {
      &quot;attributes&quot;: {
        &quot;owner&quot;: &quot;EBU&quot;,
        &quot;stage&quot;: &quot;Completed&quot;,
        &quot;ea1&quot;: &quot;NB70P31&quot;,
        &quot;ea2&quot;: &quot;Northern Region&quot;
      }
    },
    {
      &quot;attributes&quot;: {
        &quot;owner&quot;: &quot;EBU&quot;,
        &quot;stage&quot;: &quot;Completed&quot;,
        &quot;ea1&quot;: &quot;NB70P31&quot;,
        &quot;ea2&quot;: &quot;Northern Region&quot;
      }
    },
    {
      &quot;attributes&quot;: {
        &quot;owner&quot;: &quot;EBU&quot;,
        &quot;stage&quot;: &quot;Completed&quot;,
        &quot;ea1&quot;: &quot;NB7031&quot;,
        &quot;ea2&quot;: &quot;Northern Region&quot;
      }
    },
    {
      &quot;attributes&quot;: {
        &quot;owner&quot;: &quot;EBU&quot;,
        &quot;stage&quot;: &quot;Completed&quot;,
        &quot;ea1&quot;: &quot;NB70P31&quot;,
        &quot;ea2&quot;: &quot;Northern Region&quot;
      }
    },
    {
      &quot;attributes&quot;: {
        &quot;owner&quot;: &quot;EBU&quot;,
        &quot;stage&quot;: &quot;Completed&quot;,
        &quot;ea1&quot;: &quot;NB70P31&quot;,
        &quot;ea2&quot;: &quot;Northern Region&quot;
      }
    },
    {
      &quot;attributes&quot;: {
        &quot;owner&quot;: &quot;EBU&quot;,
        &quot;stage&quot;: &quot;Completed&quot;,
        &quot;ea1&quot;: &quot;G70P33&quot;,
        &quot;ea2&quot;: &quot;Gauteng South&quot;
      }
    },
    {
      &quot;attributes&quot;: {
        &quot;owner&quot;: &quot;EBU&quot;,
        &quot;stage&quot;: &quot;Completed&quot;,
        &quot;ea1&quot;: &quot;G70P33&quot;,
        &quot;ea2&quot;: &quot;Gauteng South&quot;
      }
    },
    {
      &quot;attributes&quot;: {
        &quot;owner&quot;: &quot;EBU&quot;,
        &quot;stage&quot;: &quot;Completed&quot;,
        &quot;ea1&quot;: &quot;G70P33&quot;,
        &quot;ea2&quot;: &quot;Gauteng South&quot;
      }
    },
    {
      &quot;attributes&quot;: {
        &quot;owner&quot;: &quot;EBU&quot;,
        &quot;stage&quot;: &quot;Completed&quot;,
        &quot;ea1&quot;: &quot;G70P33&quot;,
        &quot;ea2&quot;: &quot;Gauteng South&quot;
      }
    },
    {
      &quot;attributes&quot;: {
        &quot;owner&quot;: &quot;EBU&quot;,
        &quot;stage&quot;: &quot;Completed&quot;,
        &quot;ea1&quot;: &quot;G70P33&quot;,
        &quot;ea2&quot;: &quot;Gauteng South&quot;
      }
    },
    {
      &quot;attributes&quot;: {
        &quot;owner&quot;: &quot;EBU&quot;,
        &quot;stage&quot;: &quot;Completed&quot;,
        &quot;ea1&quot;: &quot;G70P33&quot;,
        &quot;ea2&quot;: &quot;Gauteng South&quot;
      }
    },
    {
      &quot;attributes&quot;: {
        &quot;owner&quot;: &quot;EBU&quot;,
        &quot;stage&quot;: &quot;Completed&quot;,
        &quot;ea1&quot;: &quot;G70P33&quot;,
        &quot;ea2&quot;: &quot;Gauteng South&quot;
      }
    },
    {
      &quot;attributes&quot;: {
        &quot;owner&quot;: &quot;EBU&quot;,
        &quot;stage&quot;: &quot;Completed&quot;,
        &quot;ea1&quot;: &quot;G70P33&quot;,
        &quot;ea2&quot;: &quot;Gauteng South&quot;
      }
    },
    {
      &quot;attributes&quot;: {
        &quot;owner&quot;: &quot;EBU&quot;,
        &quot;stage&quot;: &quot;Completed&quot;,
        &quot;ea1&quot;: &quot;G70P33&quot;,
        &quot;ea2&quot;: &quot;Gauteng South&quot;
      }
    },
    {
      &quot;attributes&quot;: {
        &quot;owner&quot;: &quot;EBU&quot;,
        &quot;stage&quot;: &quot;Completed&quot;,
        &quot;ea1&quot;: &quot;G70P33&quot;,
        &quot;ea2&quot;: &quot;Gauteng South&quot;
      }
    },
    {
      &quot;attributes&quot;: {
        &quot;owner&quot;: &quot;EBU&quot;,
        &quot;stage&quot;: &quot;Completed&quot;,
        &quot;ea1&quot;: &quot;G70P33&quot;,
        &quot;ea2&quot;: &quot;Gauteng South&quot;
      }
    },
    {
      &quot;attributes&quot;: {
        &quot;owner&quot;: &quot;EBU&quot;,
        &quot;stage&quot;: &quot;Completed&quot;,
        &quot;ea1&quot;: &quot;G70P33&quot;,
        &quot;ea2&quot;: &quot;Gauteng South&quot;
      }
    },
    {
      &quot;attributes&quot;: {
        &quot;owner&quot;: &quot;EBU&quot;,
        &quot;stage&quot;: &quot;Completed&quot;,
        &quot;ea1&quot;: &quot;G70P33&quot;,
        &quot;ea2&quot;: &quot;Gauteng South&quot;
      }
    },
    {
      &quot;attributes&quot;: {
        &quot;owner&quot;: &quot;EBU&quot;,
        &quot;stage&quot;: &quot;Completed&quot;,
        &quot;ea1&quot;: &quot;G70P33&quot;,
        &quot;ea2&quot;: &quot;Gauteng South&quot;
      }
    },
    {
      &quot;attributes&quot;: {
        &quot;owner&quot;: &quot;EBU&quot;,
        &quot;stage&quot;: &quot;Completed&quot;,
        &quot;ea1&quot;: &quot;G70P33&quot;,
        &quot;ea2&quot;: &quot;Gauteng South&quot;
      }
    },
    {
      &quot;attributes&quot;: {
        &quot;owner&quot;: &quot;EBU&quot;,
        &quot;stage&quot;: &quot;Completed&quot;,
        &quot;ea1&quot;: &quot;G70P33&quot;,
        &quot;ea2&quot;: &quot;Gauteng South&quot;
      }
    },
    {
      &quot;attributes&quot;: {
        &quot;owner&quot;: &quot;EBU&quot;,
        &quot;stage&quot;: &quot;Completed&quot;,
        &quot;ea1&quot;: &quot;G70P33&quot;,
        &quot;ea2&quot;: &quot;Gauteng South&quot;
      }
    },
    {
      &quot;attributes&quot;: {
        &quot;owner&quot;: &quot;EBU&quot;,
        &quot;stage&quot;: &quot;Completed&quot;,
        &quot;ea1&quot;: &quot;G70P50&quot;,
        &quot;ea2&quot;: &quot;Gauteng South&quot;
      }
    },
    {
      &quot;attributes&quot;: {
        &quot;owner&quot;: &quot;EBU&quot;,
        &quot;stage&quot;: &quot;Completed&quot;,
        &quot;ea1&quot;: &quot;G70P50&quot;,
        &quot;ea2&quot;: &quot;Gauteng South&quot;
      }
    },
    {
      &quot;attributes&quot;: {
        &quot;owner&quot;: &quot;EBU&quot;,
        &quot;stage&quot;: &quot;Completed&quot;,
        &quot;ea1&quot;: &quot;G70P50&quot;,
        &quot;ea2&quot;: &quot;Gauteng South&quot;
      }
    },
    {
      &quot;attributes&quot;: {
        &quot;owner&quot;: &quot;EBU&quot;,
        &quot;stage&quot;: &quot;Completed&quot;,
        &quot;ea1&quot;: &quot;G70P50&quot;,
        &quot;ea2&quot;: &quot;Gauteng South&quot;
      }
    },
    {
      &quot;attributes&quot;: {
        &quot;owner&quot;: &quot;EBU&quot;,
        &quot;stage&quot;: &quot;Completed&quot;,
        &quot;ea1&quot;: &quot;G70P50&quot;,
        &quot;ea2&quot;: &quot;Gauteng South&quot;
      }
    },
    {
      &quot;attributes&quot;: {
        &quot;owner&quot;: &quot;EBU&quot;,
        &quot;stage&quot;: &quot;Completed&quot;,
        &quot;ea1&quot;: &quot;G70P50&quot;,
        &quot;ea2&quot;: &quot;Gauteng South&quot;
      }
    },
    {
      &quot;attributes&quot;: {
        &quot;owner&quot;: &quot;EBU&quot;,
        &quot;stage&quot;: &quot;Completed&quot;,
        &quot;ea1&quot;: &quot;G70P50&quot;,
        &quot;ea2&quot;: &quot;Gauteng South&quot;
      }
    },
    {
      &quot;attributes&quot;: {
        &quot;owner&quot;: &quot;EBU&quot;,
        &quot;stage&quot;: &quot;Completed&quot;,
        &quot;ea1&quot;: &quot;G70P50&quot;,
        &quot;ea2&quot;: &quot;Gauteng South&quot;
      }
    },
    {
      &quot;attributes&quot;: {
        &quot;owner&quot;: &quot;EBU&quot;,
        &quot;stage&quot;: &quot;Completed&quot;,
        &quot;ea1&quot;: &quot;G70P50&quot;,
        &quot;ea2&quot;: &quot;Gauteng South&quot;
      }
    },
    {
      &quot;attributes&quot;: {
        &quot;owner&quot;: &quot;EBU&quot;,
        &quot;stage&quot;: &quot;Completed&quot;,
        &quot;ea1&quot;: &quot;G70P50&quot;,
        &quot;ea2&quot;: &quot;Gauteng South&quot;
      }
    },
    {
      &quot;attributes&quot;: {
        &quot;owner&quot;: &quot;EBU&quot;,
        &quot;stage&quot;: &quot;Completed&quot;,
        &quot;ea1&quot;: &quot;G70P50&quot;,
        &quot;ea2&quot;: &quot;Gauteng South&quot;
      }
    },
    {
      &quot;attributes&quot;: {
        &quot;owner&quot;: &quot;EBU&quot;,
        &quot;stage&quot;: &quot;Completed&quot;,
        &quot;ea1&quot;: &quot;G70P50&quot;,
        &quot;ea2&quot;: &quot;Gauteng South&quot;
      }
    },
    {
      &quot;attributes&quot;: {
        &quot;owner&quot;: &quot;EBU&quot;,
        &quot;stage&quot;: &quot;Completed&quot;,
        &quot;ea1&quot;: &quot;G70P50&quot;,
        &quot;ea2&quot;: &quot;Gauteng South&quot;
      }
    },
    {
      &quot;attributes&quot;: {
        &quot;owner&quot;: &quot;EBU&quot;,
        &quot;stage&quot;: &quot;Completed&quot;,
        &quot;ea1&quot;: &quot;G70P50&quot;,
        &quot;ea2&quot;: &quot;Gauteng South&quot;
      }
    },
    {
      &quot;attributes&quot;: {
        &quot;owner&quot;: &quot;EBU&quot;,
        &quot;stage&quot;: &quot;Completed&quot;,
        &quot;ea1&quot;: &quot;G70P50&quot;,
        &quot;ea2&quot;: &quot;Gauteng South&quot;
      }
    },
    {
      &quot;attributes&quot;: {
        &quot;owner&quot;: &quot;EBU&quot;,
        &quot;stage&quot;: &quot;Completed&quot;,
        &quot;ea1&quot;: &quot;G70P50&quot;,
        &quot;ea2&quot;: &quot;Gauteng South&quot;
      }
    },
    {
      &quot;attributes&quot;: {
        &quot;owner&quot;: &quot;EBU&quot;,
        &quot;stage&quot;: &quot;Completed&quot;,
        &quot;ea1&quot;: &quot;G70P50&quot;,
        &quot;ea2&quot;: &quot;Gauteng South&quot;
      }
    },
    {
      &quot;attributes&quot;: {
        &quot;owner&quot;: &quot;EBU&quot;,
        &quot;stage&quot;: &quot;Completed&quot;,
        &quot;ea1&quot;: &quot;G70P50&quot;,
        &quot;ea2&quot;: &quot;Gauteng South&quot;
      }
    },
    {
      &quot;attributes&quot;: {
        &quot;owner&quot;: &quot;EBU&quot;,
        &quot;stage&quot;: &quot;Completed&quot;,
        &quot;ea1&quot;: &quot;G70P50&quot;,
        &quot;ea2&quot;: &quot;Gauteng South&quot;
      }
    },
    {
      &quot;attributes&quot;: {
        &quot;owner&quot;: &quot;EBU&quot;,
        &quot;stage&quot;: &quot;Completed&quot;,
        &quot;ea1&quot;: &quot;G70P50&quot;,
        &quot;ea2&quot;: &quot;Gauteng South&quot;
      }
    },
    {
      &quot;attributes&quot;: {
        &quot;owner&quot;: &quot;EBU&quot;,
        &quot;stage&quot;: &quot;Completed&quot;,
        &quot;ea1&quot;: &quot;G70P50&quot;,
        &quot;ea2&quot;: &quot;Gauteng South&quot;
      }
    },
    {
      &quot;attributes&quot;: {
        &quot;owner&quot;: &quot;EBU&quot;,
        &quot;stage&quot;: &quot;Completed&quot;,
        &quot;ea1&quot;: &quot;G70P50&quot;,
        &quot;ea2&quot;: &quot;Gauteng South&quot;
      }
    },
    {
      &quot;attributes&quot;: {
        &quot;owner&quot;: &quot;EBU&quot;,
        &quot;stage&quot;: &quot;Completed&quot;,
        &quot;ea1&quot;: &quot;G70P50&quot;,
        &quot;ea2&quot;: &quot;Gauteng South&quot;
      }
    },
    {
      &quot;attributes&quot;: {
        &quot;owner&quot;: &quot;EBU&quot;,
        &quot;stage&quot;: &quot;Completed&quot;,
        &quot;ea1&quot;: &quot;G70P50&quot;,
        &quot;ea2&quot;: &quot;Gauteng South&quot;
      }
    },
    {
      &quot;attributes&quot;: {
        &quot;owner&quot;: &quot;EBU&quot;,
        &quot;stage&quot;: &quot;Completed&quot;,
        &quot;ea1&quot;: &quot;G70P50&quot;,
        &quot;ea2&quot;: &quot;Gauteng South&quot;
      }
    },
    {
      &quot;attributes&quot;: {
        &quot;owner&quot;: &quot;EBU&quot;,
        &quot;stage&quot;: &quot;Completed&quot;,
        &quot;ea1&quot;: &quot;G70P50&quot;,
        &quot;ea2&quot;: &quot;Gauteng South&quot;
      }
    },
    {
      &quot;attributes&quot;: {
        &quot;owner&quot;: &quot;EBU&quot;,
        &quot;stage&quot;: &quot;Completed&quot;,
        &quot;ea1&quot;: &quot;G70P50&quot;,
        &quot;ea2&quot;: &quot;Gauteng South&quot;
      }
    },
    {
      &quot;attributes&quot;: {
        &quot;owner&quot;: &quot;EBU&quot;,
        &quot;stage&quot;: &quot;Completed&quot;,
        &quot;ea1&quot;: &quot;G70P50&quot;,
        &quot;ea2&quot;: &quot;Gauteng South&quot;
      }
    },
    {
      &quot;attributes&quot;: {
        &quot;owner&quot;: &quot;EBU&quot;,
        &quot;stage&quot;: &quot;Completed&quot;,
        &quot;ea1&quot;: &quot;G70P50&quot;,
        &quot;ea2&quot;: &quot;Gauteng South&quot;
      }
    },
    {
      &quot;attributes&quot;: {
        &quot;owner&quot;: &quot;EBU&quot;,
        &quot;stage&quot;: &quot;Completed&quot;,
        &quot;ea1&quot;: &quot;G70P50&quot;,
        &quot;ea2&quot;: &quot;Gauteng South&quot;
      }
    },
    {
      &quot;attributes&quot;: {
        &quot;owner&quot;: &quot;EBU&quot;,
        &quot;stage&quot;: &quot;Completed&quot;,
        &quot;ea1&quot;: &quot;G70P50&quot;,
        &quot;ea2&quot;: &quot;Gauteng South&quot;
      }
    },
    {
      &quot;attributes&quot;: {
        &quot;owner&quot;: &quot;EBU&quot;,
        &quot;stage&quot;: &quot;Completed&quot;,
        &quot;ea1&quot;: &quot;G70P50&quot;,
        &quot;ea2&quot;: &quot;Gauteng South&quot;
      }
    },
    {
      &quot;attributes&quot;: {
        &quot;owner&quot;: &quot;EBU&quot;,
        &quot;stage&quot;: &quot;Completed&quot;,
        &quot;ea1&quot;: &quot;G70P50&quot;,
        &quot;ea2&quot;: &quot;Gauteng South&quot;
      }
    },
    {
      &quot;attributes&quot;: {
        &quot;owner&quot;: &quot;EBU&quot;,
        &quot;stage&quot;: &quot;Completed&quot;,
        &quot;ea1&quot;: &quot;G70P50&quot;,
        &quot;ea2&quot;: &quot;Gauteng South&quot;
      }
    },
    {
      &quot;attributes&quot;: {
        &quot;owner&quot;: &quot;EBU&quot;,
        &quot;stage&quot;: &quot;Completed&quot;,
        &quot;ea1&quot;: &quot;G70P30&quot;,
        &quot;ea2&quot;: &quot;Gauteng South&quot;
      }
    },
    {
      &quot;attributes&quot;: {
        &quot;owner&quot;: &quot;EBU&quot;,
        &quot;stage&quot;: &quot;Completed&quot;,
        &quot;ea1&quot;: &quot;G70P30&quot;,
        &quot;ea2&quot;: &quot;Gauteng South&quot;
      }
    },
    {
      &quot;attributes&quot;: {
        &quot;owner&quot;: &quot;EBU&quot;,
        &quot;stage&quot;: &quot;Completed&quot;,
        &quot;ea1&quot;: &quot;G70P30&quot;,
        &quot;ea2&quot;: &quot;Gauteng South&quot;
      }
    },
    {
      &quot;attributes&quot;: {
        &quot;owner&quot;: &quot;EBU&quot;,
        &quot;stage&quot;: &quot;Completed&quot;,
        &quot;ea1&quot;: &quot;G70P30&quot;,
        &quot;ea2&quot;: &quot;Gauteng South&quot;
      }
    },
    {
      &quot;attributes&quot;: {
        &quot;owner&quot;: &quot;EBU&quot;,
        &quot;stage&quot;: &quot;Completed&quot;,
        &quot;ea1&quot;: &quot;G70P30&quot;,
        &quot;ea2&quot;: &quot;Gauteng South&quot;
      }
    },
    {
      &quot;attributes&quot;: {
        &quot;owner&quot;: &quot;EBU&quot;,
        &quot;stage&quot;: &quot;Completed&quot;,
        &quot;ea1&quot;: &quot;G70P30&quot;,
        &quot;ea2&quot;: &quot;Gauteng South&quot;
      }
    },
    {
      &quot;attributes&quot;: {
        &quot;owner&quot;: &quot;EBU&quot;,
        &quot;stage&quot;: &quot;Completed&quot;,
        &quot;ea1&quot;: &quot;G70P30&quot;,
        &quot;ea2&quot;: &quot;Gauteng South&quot;
      }
    },
    {
      &quot;attributes&quot;: {
        &quot;owner&quot;: &quot;EBU&quot;,
        &quot;stage&quot;: &quot;Completed&quot;,
        &quot;ea1&quot;: &quot;G70P30&quot;,
        &quot;ea2&quot;: &quot;Gauteng South&quot;
      }
    },
    {
      &quot;attributes&quot;: {
        &quot;owner&quot;: &quot;EBU&quot;,
        &quot;stage&quot;: &quot;Completed&quot;,
        &quot;ea1&quot;: &quot;G70P30&quot;,
        &quot;ea2&quot;: &quot;Gauteng South&quot;
      }
    },
    {
      &quot;attributes&quot;: {
        &quot;owner&quot;: &quot;EBU&quot;,
        &quot;stage&quot;: &quot;Completed&quot;,
        &quot;ea1&quot;: &quot;G70P30&quot;,
        &quot;ea2&quot;: &quot;Gauteng South&quot;
      }
    },
    {
      &quot;attributes&quot;: {
        &quot;owner&quot;: &quot;EBU&quot;,
        &quot;stage&quot;: &quot;Completed&quot;,
        &quot;ea1&quot;: &quot;G70P30&quot;,
        &quot;ea2&quot;: &quot;Gauteng South&quot;
      }
    },
    {
      &quot;attributes&quot;: {
        &quot;owner&quot;: &quot;EBU&quot;,
        &quot;stage&quot;: &quot;Completed&quot;,
        &quot;ea1&quot;: &quot;G70P30&quot;,
        &quot;ea2&quot;: &quot;Gauteng South&quot;
      }
    },
    {
      &quot;attributes&quot;: {
        &quot;owner&quot;: &quot;EBU&quot;,
        &quot;stage&quot;: &quot;Completed&quot;,
        &quot;ea1&quot;: &quot;G70P30&quot;,
        &quot;ea2&quot;: &quot;Gauteng South&quot;
      }
    },
    {
      &quot;attributes&quot;: {
        &quot;owner&quot;: &quot;EBU&quot;,
        &quot;stage&quot;: &quot;Completed&quot;,
        &quot;ea1&quot;: &quot;G70P30&quot;,
        &quot;ea2&quot;: &quot;Gauteng South&quot;
      }
    },
    {
      &quot;attributes&quot;: {
        &quot;owner&quot;: &quot;EBU&quot;,
        &quot;stage&quot;: &quot;Completed&quot;,
        &quot;ea1&quot;: &quot;G70P30&quot;,
        &quot;ea2&quot;: &quot;Gauteng South&quot;
      }
    },
    {
      &quot;attributes&quot;: {
        &quot;owner&quot;: &quot;EBU&quot;,
        &quot;stage&quot;: &quot;Completed&quot;,
        &quot;ea1&quot;: &quot;G70P30&quot;,
        &quot;ea2&quot;: &quot;Gauteng South&quot;
      }
    },
    {
      &quot;attributes&quot;: {
        &quot;owner&quot;: &quot;EBU&quot;,
        &quot;stage&quot;: &quot;Completed&quot;,
        &quot;ea1&quot;: &quot;G70P30&quot;,
        &quot;ea2&quot;: &quot;Gauteng South&quot;
      }
    },
    {
      &quot;attributes&quot;: {
        &quot;owner&quot;: &quot;EBU&quot;,
        &quot;stage&quot;: &quot;Completed&quot;,
        &quot;ea1&quot;: &quot;G70P30&quot;,
        &quot;ea2&quot;: &quot;Gauteng South&quot;
      }
    },
    {
      &quot;attributes&quot;: {
        &quot;owner&quot;: &quot;EBU&quot;,
        &quot;stage&quot;: &quot;Completed&quot;,
        &quot;ea1&quot;: &quot;G70P30&quot;,
        &quot;ea2&quot;: &quot;Gauteng South&quot;
      }
    },
    {
      &quot;attributes&quot;: {
        &quot;owner&quot;: &quot;EBU&quot;,
        &quot;stage&quot;: &quot;Completed&quot;,
        &quot;ea1&quot;: &quot;G70P30&quot;,
        &quot;ea2&quot;: &quot;Gauteng South&quot;
      }
    },
    {
      &quot;attributes&quot;: {
        &quot;owner&quot;: &quot;EBU&quot;,
        &quot;stage&quot;: &quot;Completed&quot;,
        &quot;ea1&quot;: &quot;G70P30&quot;,
        &quot;ea2&quot;: &quot;Gauteng South&quot;
      }
    },
    {
      &quot;attributes&quot;: {
        &quot;owner&quot;: &quot;EBU&quot;,
        &quot;stage&quot;: &quot;Completed&quot;,
        &quot;ea1&quot;: &quot;G70P30&quot;,
        &quot;ea2&quot;: &quot;Gauteng South&quot;
      }
    },
    {
      &quot;attributes&quot;: {
        &quot;owner&quot;: &quot;EBU&quot;,
        &quot;stage&quot;: &quot;Completed&quot;,
        &quot;ea1&quot;: &quot;G70P30&quot;,
        &quot;ea2&quot;: &quot;Gauteng South&quot;
      }
    },
    {
      &quot;attributes&quot;: {
        &quot;owner&quot;: &quot;EBU&quot;,
        &quot;stage&quot;: &quot;Completed&quot;,
        &quot;ea1&quot;: &quot;G70P30&quot;,
        &quot;ea2&quot;: &quot;Gauteng South&quot;
      }
    },
    {
      &quot;attributes&quot;: {
        &quot;owner&quot;: &quot;EBU&quot;,
        &quot;stage&quot;: &quot;Completed&quot;,
        &quot;ea1&quot;: &quot;G70P30&quot;,
        &quot;ea2&quot;: &quot;Gauteng South&quot;
      }
    },
    {
      &quot;attributes&quot;: {
        &quot;owner&quot;: &quot;EBU&quot;,
        &quot;stage&quot;: &quot;Completed&quot;,
        &quot;ea1&quot;: &quot;G70P30&quot;,
        &quot;ea2&quot;: &quot;Gauteng South&quot;
      }
    },
    {
      &quot;attributes&quot;: {
        &quot;owner&quot;: &quot;EBU&quot;,
        &quot;stage&quot;: &quot;Completed&quot;,
        &quot;ea1&quot;: &quot;G70P30&quot;,
        &quot;ea2&quot;: &quot;Gauteng South&quot;
      }
    },
    {
      &quot;attributes&quot;: {
        &quot;owner&quot;: &quot;EBU&quot;,
        &quot;stage&quot;: &quot;Completed&quot;,
        &quot;ea1&quot;: &quot;G70P30&quot;,
        &quot;ea2&quot;: &quot;Gauteng South&quot;
      }
    },
    {
      &quot;attributes&quot;: {
        &quot;owner&quot;: &quot;EBU&quot;,
        &quot;stage&quot;: &quot;Completed&quot;,
        &quot;ea1&quot;: &quot;G70P30&quot;,
        &quot;ea2&quot;: &quot;Gauteng South&quot;
      }
    },
    {
      &quot;attributes&quot;: {
        &quot;owner&quot;: &quot;EBU&quot;,
        &quot;stage&quot;: &quot;Completed&quot;,
        &quot;ea1&quot;: &quot;G70P60&quot;,
        &quot;ea2&quot;: &quot;Gauteng South&quot;
      }
    },
    {
      &quot;attributes&quot;: {
        &quot;owner&quot;: &quot;EBU&quot;,
        &quot;stage&quot;: &quot;Completed&quot;,
        &quot;ea1&quot;: &quot;G70P47&quot;,
        &quot;ea2&quot;: &quot;Gauteng South&quot;
      }
    },
    {
      &quot;attributes&quot;: {
        &quot;owner&quot;: &quot;EBU&quot;,
        &quot;stage&quot;: &quot;Completed&quot;,
        &quot;ea1&quot;: &quot;G70P47&quot;,
        &quot;ea2&quot;: &quot;Gauteng South&quot;
      }
    },
    {
      &quot;attributes&quot;: {
        &quot;owner&quot;: &quot;EBU&quot;,
        &quot;stage&quot;: &quot;Completed&quot;,
        &quot;ea1&quot;: &quot;G70P47&quot;,
        &quot;ea2&quot;: &quot;Gauteng South&quot;
      }
    },
    {
      &quot;attributes&quot;: {
        &quot;owner&quot;: &quot;EBU&quot;,
        &quot;stage&quot;: &quot;Completed&quot;,
        &quot;ea1&quot;: &quot;G70P47&quot;,
        &quot;ea2&quot;: &quot;Gauteng South&quot;
      }
    },
    {
      &quot;attributes&quot;: {
        &quot;owner&quot;: &quot;EBU&quot;,
        &quot;stage&quot;: &quot;Completed&quot;,
        &quot;ea1&quot;: &quot;G70P47&quot;,
        &quot;ea2&quot;: &quot;Gauteng South&quot;
      }
    },
    {
      &quot;attributes&quot;: {
        &quot;owner&quot;: &quot;EBU&quot;,
        &quot;stage&quot;: &quot;Completed&quot;,
        &quot;ea1&quot;: &quot;G70P47&quot;,
        &quot;ea2&quot;: &quot;Gauteng South&quot;
      }
    },
    {
      &quot;attributes&quot;: {
        &quot;owner&quot;: &quot;EBU&quot;,
        &quot;stage&quot;: &quot;Completed&quot;,
        &quot;ea1&quot;: &quot;G70P47&quot;,
        &quot;ea2&quot;: &quot;Gauteng South&quot;
      }
    },
    {
      &quot;attributes&quot;: {
        &quot;owner&quot;: &quot;EBU&quot;,
        &quot;stage&quot;: &quot;Completed&quot;,
        &quot;ea1&quot;: &quot;G70P08&quot;,
        &quot;ea2&quot;: &quot;Gauteng South&quot;
      }
    },
    {
      &quot;attributes&quot;: {
        &quot;owner&quot;: &quot;EBU&quot;,
        &quot;stage&quot;: &quot;Completed&quot;,
        &quot;ea1&quot;: &quot;G70P08&quot;,
        &quot;ea2&quot;: &quot;Gauteng South&quot;
      }
    },
    {
      &quot;attributes&quot;: {
        &quot;owner&quot;: &quot;EBU&quot;,
        &quot;stage&quot;: &quot;Completed&quot;,
        &quot;ea1&quot;: &quot;G70P08&quot;,
        &quot;ea2&quot;: &quot;Gauteng South&quot;
      }
    },
    {
      &quot;attributes&quot;: {
        &quot;owner&quot;: &quot;EBU&quot;,
        &quot;stage&quot;: &quot;Completed&quot;,
        &quot;ea1&quot;: &quot;G70P08&quot;,
        &quot;ea2&quot;: &quot;Gauteng South&quot;
      }
    },
    {
      &quot;attributes&quot;: {
        &quot;owner&quot;: &quot;EBU&quot;,
        &quot;stage&quot;: &quot;Completed&quot;,
        &quot;ea1&quot;: &quot;G70P08&quot;,
        &quot;ea2&quot;: &quot;Gauteng South&quot;
      }
    },
    {
      &quot;attributes&quot;: {
        &quot;owner&quot;: &quot;EBU&quot;,
        &quot;stage&quot;: &quot;Completed&quot;,
        &quot;ea1&quot;: &quot;G70P08&quot;,
        &quot;ea2&quot;: &quot;Gauteng South&quot;
      }
    },
    {
      &quot;attributes&quot;: {
        &quot;owner&quot;: &quot;EBU&quot;,
        &quot;stage&quot;: &quot;Completed&quot;,
        &quot;ea1&quot;: &quot;G70P08&quot;,
        &quot;ea2&quot;: &quot;Gauteng South&quot;
      }
    },
    {
      &quot;attributes&quot;: {
        &quot;owner&quot;: &quot;EBU&quot;,
        &quot;stage&quot;: &quot;Completed&quot;,
        &quot;ea1&quot;: &quot;G70P08&quot;,
        &quot;ea2&quot;: &quot;Gauteng South&quot;
      }
    },
    {
      &quot;attributes&quot;: {
        &quot;owner&quot;: &quot;EBU&quot;,
        &quot;stage&quot;: &quot;Completed&quot;,
        &quot;ea1&quot;: &quot;G70P08&quot;,
        &quot;ea2&quot;: &quot;Gauteng South&quot;
      }
    },
    {
      &quot;attributes&quot;: {
        &quot;owner&quot;: &quot;EBU&quot;,
        &quot;stage&quot;: &quot;Completed&quot;,
        &quot;ea1&quot;: &quot;G70P08&quot;,
        &quot;ea2&quot;: &quot;Gauteng South&quot;
      }
    },
    {
      &quot;attributes&quot;: {
        &quot;owner&quot;: &quot;EBU&quot;,
        &quot;stage&quot;: &quot;Completed&quot;,
        &quot;ea1&quot;: &quot;G70P08&quot;,
        &quot;ea2&quot;: &quot;Gauteng South&quot;
      }
    },
    {
      &quot;attributes&quot;: {
        &quot;owner&quot;: &quot;EBU&quot;,
        &quot;stage&quot;: &quot;Completed&quot;,
        &quot;ea1&quot;: &quot;G70P34&quot;,
        &quot;ea2&quot;: &quot;Gauteng South&quot;
      }
    },
    {
      &quot;attributes&quot;: {
        &quot;owner&quot;: &quot;EBU&quot;,
        &quot;stage&quot;: &quot;Completed&quot;,
        &quot;ea1&quot;: &quot;G70P34&quot;,
        &quot;ea2&quot;: &quot;Gauteng South&quot;
      }
    },
    {
      &quot;attributes&quot;: {
        &quot;owner&quot;: &quot;EBU&quot;,
        &quot;stage&quot;: &quot;Completed&quot;,
        &quot;ea1&quot;: &quot;G70P34&quot;,
        &quot;ea2&quot;: &quot;Gauteng South&quot;
      }
    },
    {
      &quot;attributes&quot;: {
        &quot;owner&quot;: &quot;EBU&quot;,
        &quot;stage&quot;: &quot;Completed&quot;,
        &quot;ea1&quot;: &quot;G70P34&quot;,
        &quot;ea2&quot;: &quot;Gauteng South&quot;
      }
    },
    {
      &quot;attributes&quot;: {
        &quot;owner&quot;: &quot;EBU&quot;,
        &quot;stage&quot;: &quot;Completed&quot;,
        &quot;ea1&quot;: &quot;G70P34&quot;,
        &quot;ea2&quot;: &quot;Gauteng South&quot;
      }
    },
    {
      &quot;attributes&quot;: {
        &quot;owner&quot;: &quot;EBU&quot;,
        &quot;stage&quot;: &quot;Completed&quot;,
        &quot;ea1&quot;: &quot;G70P34&quot;,
        &quot;ea2&quot;: &quot;Gauteng South&quot;
      }
    },
    {
      &quot;attributes&quot;: {
        &quot;owner&quot;: &quot;EBU&quot;,
        &quot;stage&quot;: &quot;Completed&quot;,
        &quot;ea1&quot;: &quot;G70P34&quot;,
        &quot;ea2&quot;: &quot;Gauteng South&quot;
      }
    },
    {
      &quot;attributes&quot;: {
        &quot;owner&quot;: &quot;EBU&quot;,
        &quot;stage&quot;: &quot;Completed&quot;,
        &quot;ea1&quot;: &quot;G70P34&quot;,
        &quot;ea2&quot;: &quot;Gauteng South&quot;
      }
    },
    {
      &quot;attributes&quot;: {
        &quot;owner&quot;: &quot;EBU&quot;,
        &quot;stage&quot;: &quot;Completed&quot;,
        &quot;ea1&quot;: &quot;G70P34&quot;,
        &quot;ea2&quot;: &quot;Gauteng South&quot;
      }
    },
    {
      &quot;attributes&quot;: {
        &quot;owner&quot;: &quot;EBU&quot;,
        &quot;stage&quot;: &quot;Completed&quot;,
        &quot;ea1&quot;: &quot;G70P34&quot;,
        &quot;ea2&quot;: &quot;Gauteng South&quot;
      }
    },
    {
      &quot;attributes&quot;: {
        &quot;owner&quot;: &quot;EBU&quot;,
        &quot;stage&quot;: &quot;Completed&quot;,
        &quot;ea1&quot;: &quot;G70P34&quot;,
        &quot;ea2&quot;: &quot;Gauteng South&quot;
      }
    },
    {
      &quot;attributes&quot;: {
        &quot;owner&quot;: &quot;EBU&quot;,
        &quot;stage&quot;: &quot;Completed&quot;,
        &quot;ea1&quot;: &quot;G70P34&quot;,
        &quot;ea2&quot;: &quot;Gauteng South&quot;
      }
    },
    {
      &quot;attributes&quot;: {
        &quot;owner&quot;: &quot;EBU&quot;,
        &quot;stage&quot;: &quot;Completed&quot;,
        &quot;ea1&quot;: &quot;G70P34&quot;,
        &quot;ea2&quot;: &quot;Gauteng South&quot;
      }
    },
    {
      &quot;attributes&quot;: {
        &quot;owner&quot;: &quot;EBU&quot;,
        &quot;stage&quot;: &quot;Completed&quot;,
        &quot;ea1&quot;: &quot;G70P34&quot;,
        &quot;ea2&quot;: &quot;Gauteng South&quot;
      }
    },
    {
      &quot;attributes&quot;: {
        &quot;owner&quot;: &quot;EBU&quot;,
        &quot;stage&quot;: &quot;Completed&quot;,
        &quot;ea1&quot;: &quot;G70P34&quot;,
        &quot;ea2&quot;: &quot;Gauteng South&quot;
      }
    },
    {
      &quot;attributes&quot;: {
        &quot;owner&quot;: &quot;EBU&quot;,
        &quot;stage&quot;: &quot;Completed&quot;,
        &quot;ea1&quot;: &quot;G70P34&quot;,
        &quot;ea2&quot;: &quot;Gauteng South&quot;
      }
    },
    {
      &quot;attributes&quot;: {
        &quot;owner&quot;: &quot;EBU&quot;,
        &quot;stage&quot;: &quot;Completed&quot;,
        &quot;ea1&quot;: &quot;G70P34&quot;,
        &quot;ea2&quot;: &quot;Gauteng South&quot;
      }
    },
    {
      &quot;attributes&quot;: {
        &quot;owner&quot;: &quot;EBU&quot;,
        &quot;stage&quot;: &quot;Completed&quot;,
        &quot;ea1&quot;: &quot;G70P34&quot;,
        &quot;ea2&quot;: &quot;Gauteng South&quot;
      }
    },
    {
      &quot;attributes&quot;: {
        &quot;owner&quot;: &quot;EBU&quot;,
        &quot;stage&quot;: &quot;Completed&quot;,
        &quot;ea1&quot;: &quot;G70P34&quot;,
        &quot;ea2&quot;: &quot;Gauteng South&quot;
      }
    },
    {
      &quot;attributes&quot;: {
        &quot;owner&quot;: &quot;EBU&quot;,
        &quot;stage&quot;: &quot;Completed&quot;,
        &quot;ea1&quot;: &quot;G70P34&quot;,
        &quot;ea2&quot;: &quot;Gauteng South&quot;
      }
    },
    {
      &quot;attributes&quot;: {
        &quot;owner&quot;: &quot;EBU&quot;,
        &quot;stage&quot;: &quot;Completed&quot;,
        &quot;ea1&quot;: &quot;G70P34&quot;,
        &quot;ea2&quot;: &quot;Gauteng South&quot;
      }
    },
    {
      &quot;attributes&quot;: {
        &quot;owner&quot;: &quot;EBU&quot;,
        &quot;stage&quot;: &quot;Completed&quot;,
        &quot;ea1&quot;: &quot;G70P34&quot;,
        &quot;ea2&quot;: &quot;Gauteng South&quot;
      }
    },
    {
      &quot;attributes&quot;: {
        &quot;owner&quot;: &quot;EBU&quot;,
        &quot;stage&quot;: &quot;Completed&quot;,
        &quot;ea1&quot;: &quot;G70P34&quot;,
        &quot;ea2&quot;: &quot;Gauteng South&quot;
      }
    },
    {
      &quot;attributes&quot;: {
        &quot;owner&quot;: &quot;EBU&quot;,
        &quot;stage&quot;: &quot;Completed&quot;,
        &quot;ea1&quot;: &quot;G70P34&quot;,
        &quot;ea2&quot;: &quot;Gauteng South&quot;
      }
    },
    {
      &quot;attributes&quot;: {
        &quot;owner&quot;: &quot;EBU&quot;,
        &quot;stage&quot;: &quot;Completed&quot;,
        &quot;ea1&quot;: &quot;G70P34&quot;,
        &quot;ea2&quot;: &quot;Gauteng South&quot;
      }
    },
    {
      &quot;attributes&quot;: {
        &quot;owner&quot;: &quot;EBU&quot;,
        &quot;stage&quot;: &quot;Completed&quot;,
        &quot;ea1&quot;: &quot;G70P90&quot;,
        &quot;ea2&quot;: &quot;Gauteng South&quot;
      }
    },
    {
      &quot;attributes&quot;: {
        &quot;owner&quot;: &quot;EBU&quot;,
        &quot;stage&quot;: &quot;Completed&quot;,
        &quot;ea1&quot;: &quot;G71P91&quot;,
        &quot;ea2&quot;: &quot;Gauteng South&quot;
      }
    },
    {
      &quot;attributes&quot;: {
        &quot;owner&quot;: &quot;EBU&quot;,
        &quot;stage&quot;: &quot;Completed&quot;,
        &quot;ea1&quot;: &quot;G71P91&quot;,
        &quot;ea2&quot;: &quot;Gauteng South&quot;
      }
    },
    {
      &quot;attributes&quot;: {
        &quot;owner&quot;: &quot;EBU&quot;,
        &quot;stage&quot;: &quot;Completed&quot;,
        &quot;ea1&quot;: &quot;G71P91&quot;,
        &quot;ea2&quot;: &quot;Gauteng South&quot;
      }
    },
    {
      &quot;attributes&quot;: {
        &quot;owner&quot;: &quot;EBU&quot;,
        &quot;stage&quot;: &quot;Completed&quot;,
        &quot;ea1&quot;: &quot;G71P91&quot;,
        &quot;ea2&quot;: &quot;Gauteng South&quot;
      }
    },
    {
      &quot;attributes&quot;: {
        &quot;owner&quot;: &quot;EBU&quot;,
        &quot;stage&quot;: &quot;Completed&quot;,
        &quot;ea1&quot;: &quot;G71P91&quot;,
        &quot;ea2&quot;: &quot;Gauteng South&quot;
      }
    },
    {
      &quot;attributes&quot;: {
        &quot;owner&quot;: &quot;EBU&quot;,
        &quot;stage&quot;: &quot;Completed&quot;,
        &quot;ea1&quot;: &quot;G71P98&quot;,
        &quot;ea2&quot;: &quot;Gauteng South&quot;
      }
    },
    {
      &quot;attributes&quot;: {
        &quot;owner&quot;: &quot;EBU&quot;,
        &quot;stage&quot;: &quot;Completed&quot;,
        &quot;ea1&quot;: &quot;G71P90&quot;,
        &quot;ea2&quot;: &quot;Gauteng South&quot;
      }
    },
    {
      &quot;attributes&quot;: {
        &quot;owner&quot;: &quot;EBU&quot;,
        &quot;stage&quot;: &quot;Completed&quot;,
        &quot;ea1&quot;: &quot;G71P90&quot;,
        &quot;ea2&quot;: &quot;Gauteng South&quot;
      }
    },
    {
      &quot;attributes&quot;: {
        &quot;owner&quot;: &quot;EBU&quot;,
        &quot;stage&quot;: &quot;Completed&quot;,
        &quot;ea1&quot;: &quot;G71P07&quot;,
        &quot;ea2&quot;: &quot;Gauteng South&quot;
      }
    },
    {
      &quot;attributes&quot;: {
        &quot;owner&quot;: &quot;EBU&quot;,
        &quot;stage&quot;: &quot;Completed&quot;,
        &quot;ea1&quot;: &quot;G71P05&quot;,
        &quot;ea2&quot;: &quot;Gauteng South&quot;
      }
    },
    {
      &quot;attributes&quot;: {
        &quot;owner&quot;: &quot;EBU&quot;,
        &quot;stage&quot;: &quot;Completed&quot;,
        &quot;ea1&quot;: &quot;G71P02&quot;,
        &quot;ea2&quot;: &quot;Gauteng South&quot;
      }
    },
    {
      &quot;attributes&quot;: {
        &quot;owner&quot;: &quot;EBU&quot;,
        &quot;stage&quot;: &quot;Completed&quot;,
        &quot;ea1&quot;: &quot;G72P28&quot;,
        &quot;ea2&quot;: &quot;Gauteng South&quot;
      }
    },
    {
      &quot;attributes&quot;: {
        &quot;owner&quot;: &quot;EBU&quot;,
        &quot;stage&quot;: &quot;Construction&quot;,
        &quot;ea1&quot;: &quot;CON-WDS-111&quot;,
        &quot;ea2&quot;: &quot;Gauteng South&quot;
      }
    },
    {
      &quot;attributes&quot;: {
        &quot;owner&quot;: &quot;EBU&quot;,
        &quot;stage&quot;: &quot;Completed&quot;,
        &quot;ea1&quot;: &quot;G70P70&quot;,
        &quot;ea2&quot;: &quot;Gauteng South&quot;
      }
    },
    {
      &quot;attributes&quot;: {
        &quot;owner&quot;: &quot;EBU&quot;,
        &quot;stage&quot;: &quot;Completed&quot;,
        &quot;ea1&quot;: &quot;G70P70&quot;,
        &quot;ea2&quot;: &quot;Gauteng South&quot;
      }
    },
    {
      &quot;attributes&quot;: {
        &quot;owner&quot;: &quot;EBU&quot;,
        &quot;stage&quot;: &quot;Completed&quot;,
        &quot;ea1&quot;: &quot;G70P87&quot;,
        &quot;ea2&quot;: &quot;Gauteng South&quot;
      }
    },
    {
      &quot;attributes&quot;: {
        &quot;owner&quot;: &quot;EBU&quot;,
        &quot;stage&quot;: &quot;Completed&quot;,
        &quot;ea1&quot;: &quot;G70P13&quot;,
        &quot;ea2&quot;: &quot;Gauteng South&quot;
      }
    },
    {
      &quot;attributes&quot;: {
        &quot;owner&quot;: &quot;EBU&quot;,
        &quot;stage&quot;: &quot;Completed&quot;,
        &quot;ea1&quot;: &quot;G70P30&quot;,
        &quot;ea2&quot;: &quot;Gauteng South&quot;
      }
    },
    {
      &quot;attributes&quot;: {
        &quot;owner&quot;: &quot;EBU&quot;,
        &quot;stage&quot;: &quot;Completed&quot;,
        &quot;ea1&quot;: &quot;G70P13&quot;,
        &quot;ea2&quot;: &quot;Gauteng South&quot;
      }
    },
    {
      &quot;attributes&quot;: {
        &quot;owner&quot;: &quot;EBU&quot;,
        &quot;stage&quot;: &quot;Completed&quot;,
        &quot;ea1&quot;: &quot;G70P64&quot;,
        &quot;ea2&quot;: &quot;Gauteng South&quot;
      }
    },
    {
      &quot;attributes&quot;: {
        &quot;owner&quot;: &quot;EBU&quot;,
        &quot;stage&quot;: &quot;Completed&quot;,
        &quot;ea1&quot;: &quot;G70P71&quot;,
        &quot;ea2&quot;: &quot;Gauteng South&quot;
      }
    },
    {
      &quot;attributes&quot;: {
        &quot;owner&quot;: &quot;EBU&quot;,
        &quot;stage&quot;: &quot;Completed&quot;,
        &quot;ea1&quot;: &quot;G70P68&quot;,
        &quot;ea2&quot;: &quot;Gauteng South&quot;
      }
    },
    {
      &quot;attributes&quot;: {
        &quot;owner&quot;: &quot;EBU&quot;,
        &quot;stage&quot;: &quot;Completed&quot;,
        &quot;ea1&quot;: &quot;G71P02&quot;,
        &quot;ea2&quot;: &quot;Gauteng South&quot;
      }
    },
    {
      &quot;attributes&quot;: {
        &quot;owner&quot;: &quot;EBU&quot;,
        &quot;stage&quot;: &quot;Completed&quot;,
        &quot;ea1&quot;: &quot;G71P02&quot;,
        &quot;ea2&quot;: &quot;Gauteng South&quot;
      }
    },
    {
      &quot;attributes&quot;: {
        &quot;owner&quot;: &quot;EBU&quot;,
        &quot;stage&quot;: &quot;Completed&quot;,
        &quot;ea1&quot;: &quot;G70P40&quot;,
        &quot;ea2&quot;: &quot;Gauteng South&quot;
      }
    },
    {
      &quot;attributes&quot;: {
        &quot;owner&quot;: &quot;EBU&quot;,
        &quot;stage&quot;: &quot;Completed&quot;,
        &quot;ea1&quot;: &quot;G70P40&quot;,
        &quot;ea2&quot;: &quot;Gauteng South&quot;
      }
    },
    {
      &quot;attributes&quot;: {
        &quot;owner&quot;: &quot;EBU&quot;,
        &quot;stage&quot;: &quot;Completed&quot;,
        &quot;ea1&quot;: &quot;G70P40&quot;,
        &quot;ea2&quot;: &quot;Gauteng South&quot;
      }
    },
    {
      &quot;attributes&quot;: {
        &quot;owner&quot;: &quot;EBU&quot;,
        &quot;stage&quot;: &quot;Completed&quot;,
        &quot;ea1&quot;: &quot;G70P40&quot;,
        &quot;ea2&quot;: &quot;Gauteng South&quot;
      }
    },
    {
      &quot;attributes&quot;: {
        &quot;owner&quot;: &quot;EBU&quot;,
        &quot;stage&quot;: &quot;Completed&quot;,
        &quot;ea1&quot;: &quot;G70P59&quot;,
        &quot;ea2&quot;: &quot;Gauteng South&quot;
      }
    },
    {
      &quot;attributes&quot;: {
        &quot;owner&quot;: &quot;EBU&quot;,
        &quot;stage&quot;: &quot;Completed&quot;,
        &quot;ea1&quot;: &quot;G70P89&quot;,
        &quot;ea2&quot;: &quot;Gauteng South&quot;
      }
    },
    {
      &quot;attributes&quot;: {
        &quot;owner&quot;: &quot;EBU&quot;,
        &quot;stage&quot;: &quot;Completed&quot;,
        &quot;ea1&quot;: &quot;G72P01&quot;,
        &quot;ea2&quot;: &quot;Gauteng South&quot;
      }
    },
    {
      &quot;attributes&quot;: {
        &quot;owner&quot;: &quot;EBU&quot;,
        &quot;stage&quot;: &quot;Completed&quot;,
        &quot;ea1&quot;: &quot;G70P40&quot;,
        &quot;ea2&quot;: &quot;Gauteng South&quot;
      }
    },
    {
      &quot;attributes&quot;: {
        &quot;owner&quot;: &quot;EBU&quot;,
        &quot;stage&quot;: &quot;Completed&quot;,
        &quot;ea1&quot;: &quot;G70P34&quot;,
        &quot;ea2&quot;: &quot;Gauteng South&quot;
      }
    },
    {
      &quot;attributes&quot;: {
        &quot;owner&quot;: &quot;EBU&quot;,
        &quot;stage&quot;: &quot;Completed&quot;,
        &quot;ea1&quot;: &quot;G70P40&quot;,
        &quot;ea2&quot;: &quot;Gauteng South&quot;
      }
    },
    {
      &quot;attributes&quot;: {
        &quot;owner&quot;: &quot;EBU&quot;,
        &quot;stage&quot;: &quot;Completed&quot;,
        &quot;ea1&quot;: &quot;65 Homestead Ave. Block-A&quot;,
        &quot;ea2&quot;: &quot;Gauteng South&quot;
      }
    },
    {
      &quot;attributes&quot;: {
        &quot;owner&quot;: &quot;EBU&quot;,
        &quot;stage&quot;: &quot;Completed&quot;,
        &quot;ea1&quot;: &quot;G70P63&quot;,
        &quot;ea2&quot;: &quot;Gauteng South&quot;
      }
    },
    {
      &quot;attributes&quot;: {
        &quot;owner&quot;: &quot;EBU&quot;,
        &quot;stage&quot;: &quot;Completed&quot;,
        &quot;ea1&quot;: &quot;Remax Central_Sandton&quot;,
        &quot;ea2&quot;: &quot;Gauteng South&quot;
      }
    },
    {
      &quot;attributes&quot;: {
        &quot;owner&quot;: &quot;EBU&quot;,
        &quot;stage&quot;: &quot;Completed&quot;,
        &quot;ea1&quot;: &quot;91 Protea Road&quot;,
        &quot;ea2&quot;: &quot;Gauteng South&quot;
      }
    },
    {
      &quot;attributes&quot;: {
        &quot;owner&quot;: &quot;EBU&quot;,
        &quot;stage&quot;: &quot;Completed&quot;,
        &quot;ea1&quot;: &quot;31 Harley Street&quot;,
        &quot;ea2&quot;: &quot;Gauteng South&quot;
      }
    },
    {
      &quot;attributes&quot;: {
        &quot;owner&quot;: &quot;EBU&quot;,
        &quot;stage&quot;: &quot;Completed&quot;,
        &quot;ea1&quot;: &quot;68 Wierda Road&quot;,
        &quot;ea2&quot;: &quot;Gauteng South&quot;
      }
    },
    {
      &quot;attributes&quot;: {
        &quot;owner&quot;: &quot;EBU&quot;,
        &quot;stage&quot;: &quot;Completed&quot;,
        &quot;ea1&quot;: &quot;24 Wellington Road&quot;,
        &quot;ea2&quot;: &quot;Gauteng South&quot;
      }
    },
    {
      &quot;attributes&quot;: {
        &quot;owner&quot;: &quot;EBU&quot;,
        &quot;stage&quot;: &quot;Completed&quot;,
        &quot;ea1&quot;: &quot;17A SCOTT STR&quot;,
        &quot;ea2&quot;: &quot;Gauteng South&quot;
      }
    },
    {
      &quot;attributes&quot;: {
        &quot;owner&quot;: &quot;EBU&quot;,
        &quot;stage&quot;: &quot;Completed&quot;,
        &quot;ea1&quot;: &quot;1 Stirrup Lane ENTRY 1&quot;,
        &quot;ea2&quot;: &quot;Gauteng South&quot;
      }
    },
    {
      &quot;attributes&quot;: {
        &quot;owner&quot;: &quot;EBU&quot;,
        &quot;stage&quot;: &quot;Completed&quot;,
        &quot;ea1&quot;: &quot;G70P30&quot;,
        &quot;ea2&quot;: &quot;Gauteng South&quot;
      }
    },
    {
      &quot;attributes&quot;: {
        &quot;owner&quot;: &quot;EBU&quot;,
        &quot;stage&quot;: &quot;Completed&quot;,
        &quot;ea1&quot;: &quot;G70P30&quot;,
        &quot;ea2&quot;: &quot;Gauteng South&quot;
      }
    },
    {
      &quot;attributes&quot;: {
        &quot;owner&quot;: &quot;EBU&quot;,
        &quot;stage&quot;: &quot;Completed&quot;,
        &quot;ea1&quot;: &quot;26 Peter Place&quot;,
        &quot;ea2&quot;: &quot;Gauteng South&quot;
      }
    },
    {
      &quot;attributes&quot;: {
        &quot;owner&quot;: &quot;EBU&quot;,
        &quot;stage&quot;: &quot;Completed&quot;,
        &quot;ea1&quot;: &quot;G70P88&quot;,
        &quot;ea2&quot;: &quot;Gauteng South&quot;
      }
    },
    {
      &quot;attributes&quot;: {
        &quot;owner&quot;: &quot;EBU&quot;,
        &quot;stage&quot;: &quot;Completed&quot;,
        &quot;ea1&quot;: &quot;G70P88&quot;,
        &quot;ea2&quot;: &quot;Gauteng South&quot;
      }
    },
    {
      &quot;attributes&quot;: {
        &quot;owner&quot;: &quot;EBU&quot;,
        &quot;stage&quot;: &quot;Completed&quot;,
        &quot;ea1&quot;: &quot;G70P50&quot;,
        &quot;ea2&quot;: &quot;Gauteng South&quot;
      }
    },
    {
      &quot;attributes&quot;: {
        &quot;owner&quot;: &quot;EBU&quot;,
        &quot;stage&quot;: &quot;Completed&quot;,
        &quot;ea1&quot;: &quot;G70P50&quot;,
        &quot;ea2&quot;: &quot;Gauteng South&quot;
      }
    },
    {
      &quot;attributes&quot;: {
        &quot;owner&quot;: &quot;EBU&quot;,
        &quot;stage&quot;: &quot;Completed&quot;,
        &quot;ea1&quot;: &quot;G70P33&quot;,
        &quot;ea2&quot;: &quot;Gauteng South&quot;
      }
    },
    {
      &quot;attributes&quot;: {
        &quot;owner&quot;: &quot;EBU&quot;,
        &quot;stage&quot;: &quot;Completed&quot;,
        &quot;ea1&quot;: &quot;G70P33&quot;,
        &quot;ea2&quot;: &quot;Gauteng South&quot;
      }
    },
    {
      &quot;attributes&quot;: {
        &quot;owner&quot;: &quot;EBU&quot;,
        &quot;stage&quot;: &quot;Completed&quot;,
        &quot;ea1&quot;: &quot;&quot;,
        &quot;ea2&quot;: &quot;Gauteng South&quot;
      }
    },
    {
      &quot;attributes&quot;: {
        &quot;owner&quot;: &quot;EBU&quot;,
        &quot;stage&quot;: &quot;Completed&quot;,
        &quot;ea1&quot;: &quot;287 Kent Ave&quot;,
        &quot;ea2&quot;: &quot;Gauteng South&quot;
      }
    },
    {
      &quot;attributes&quot;: {
        &quot;owner&quot;: &quot;EBU&quot;,
        &quot;stage&quot;: &quot;Completed&quot;,
        &quot;ea1&quot;: &quot;272 Kent Ave&quot;,
        &quot;ea2&quot;: &quot;Gauteng South&quot;
      }
    },
    {
      &quot;attributes&quot;: {
        &quot;owner&quot;: &quot;EBU&quot;,
        &quot;stage&quot;: &quot;Completed&quot;,
        &quot;ea1&quot;: &quot;272 Kent Ave&quot;,
        &quot;ea2&quot;: &quot;Gauteng South&quot;
      }
    }
  ]
}

Response body doesn&#039;t match expectation.
Expected: a string containing &quot;DFA Internal Contracts&quot;
  Actual: {
  &quot;displayFieldName&quot;: &quot;name&quot;,
  &quot;fieldAliases&quot;: {
    &quot;owner&quot;: &quot;owner&quot;,
    &quot;stage&quot;: &quot;stage&quot;,
    &quot;ea1&quot;: &quot;Route Name&quot;,
    &quot;ea2&quot;: &quot;DFA Region&quot;
  },
  &quot;fields&quot;: [
    {
      &quot;name&quot;: &quot;owner&quot;,
      &quot;type&quot;: &quot;esriFieldTypeString&quot;,
      &quot;alias&quot;: &quot;owner&quot;,
      &quot;length&quot;: 50
    },
    {
      &quot;name&quot;: &quot;stage&quot;,
      &quot;type&quot;: &quot;esriFieldTypeString&quot;,
      &quot;alias&quot;: &quot;stage&quot;,
      &quot;length&quot;: 30
    },
    {
      &quot;name&quot;: &quot;ea1&quot;,
      &quot;type&quot;: &quot;esriFieldTypeString&quot;,
      &quot;alias&quot;: &quot;Route Name&quot;,
      &quot;length&quot;: 100
    },
    {
      &quot;name&quot;: &quot;ea2&quot;,
      &quot;type&quot;: &quot;esriFieldTypeString&quot;,
      &quot;alias&quot;: &quot;DFA Region&quot;,
      &quot;length&quot;: 100
    }
  ],
  &quot;features&quot;: [
    {
      &quot;attributes&quot;: {
        &quot;owner&quot;: &quot;EBU&quot;,
        &quot;stage&quot;: &quot;Completed&quot;,
        &quot;ea1&quot;: &quot;G71P27&quot;,
        &quot;ea2&quot;: &quot;Gauteng South&quot;
      }
    },
    {
      &quot;attributes&quot;: {
        &quot;owner&quot;: &quot;EBU&quot;,
        &quot;stage&quot;: &quot;Completed&quot;,
        &quot;ea1&quot;: &quot;G71P27&quot;,
        &quot;ea2&quot;: &quot;Gauteng South&quot;
      }
    },
    {
      &quot;attributes&quot;: {
        &quot;owner&quot;: &quot;EBU&quot;,
        &quot;stage&quot;: &quot;Completed&quot;,
        &quot;ea1&quot;: &quot;G71P27&quot;,
        &quot;ea2&quot;: &quot;Gauteng South&quot;
      }
    },
    {
      &quot;attributes&quot;: {
        &quot;owner&quot;: &quot;EBU&quot;,
        &quot;stage&quot;: &quot;Completed&quot;,
        &quot;ea1&quot;: &quot;G70P30&quot;,
        &quot;ea2&quot;: &quot;Gauteng South&quot;
      }
    },
    {
      &quot;attributes&quot;: {
        &quot;owner&quot;: &quot;EBU&quot;,
        &quot;stage&quot;: &quot;Completed&quot;,
        &quot;ea1&quot;: &quot;none&quot;,
        &quot;ea2&quot;: &quot;Northern Region&quot;
      }
    },
    {
      &quot;attributes&quot;: {
        &quot;owner&quot;: &quot;EBU&quot;,
        &quot;stage&quot;: &quot;Completed&quot;,
        &quot;ea1&quot;: &quot;none&quot;,
        &quot;ea2&quot;: &quot;Northern Region&quot;
      }
    },
    {
      &quot;attributes&quot;: {
        &quot;owner&quot;: &quot;EBU&quot;,
        &quot;stage&quot;: &quot;Completed&quot;,
        &quot;ea1&quot;: &quot;none&quot;,
        &quot;ea2&quot;: &quot;Northern Region&quot;
      }
    },
    {
      &quot;attributes&quot;: {
        &quot;owner&quot;: &quot;EBU&quot;,
        &quot;stage&quot;: &quot;Completed&quot;,
        &quot;ea1&quot;: &quot;none&quot;,
        &quot;ea2&quot;: &quot;Northern Region&quot;
      }
    },
    {
      &quot;attributes&quot;: {
        &quot;owner&quot;: &quot;EBU&quot;,
        &quot;stage&quot;: &quot;Completed&quot;,
        &quot;ea1&quot;: &quot;none&quot;,
        &quot;ea2&quot;: &quot;Northern Region&quot;
      }
    },
    {
      &quot;attributes&quot;: {
        &quot;owner&quot;: &quot;EBU&quot;,
        &quot;stage&quot;: &quot;Completed&quot;,
        &quot;ea1&quot;: &quot;none&quot;,
        &quot;ea2&quot;: &quot;Northern Region&quot;
      }
    },
    {
      &quot;attributes&quot;: {
        &quot;owner&quot;: &quot;EBU&quot;,
        &quot;stage&quot;: &quot;Completed&quot;,
        &quot;ea1&quot;: &quot;none&quot;,
        &quot;ea2&quot;: &quot;Northern Region&quot;
      }
    },
    {
      &quot;attributes&quot;: {
        &quot;owner&quot;: &quot;EBU&quot;,
        &quot;stage&quot;: &quot;Completed&quot;,
        &quot;ea1&quot;: &quot;NB70P83&quot;,
        &quot;ea2&quot;: &quot;Northern Region&quot;
      }
    },
    {
      &quot;attributes&quot;: {
        &quot;owner&quot;: &quot;EBU&quot;,
        &quot;stage&quot;: &quot;Completed&quot;,
        &quot;ea1&quot;: &quot;NB70P83&quot;,
        &quot;ea2&quot;: &quot;Northern Region&quot;
      }
    },
    {
      &quot;attributes&quot;: {
        &quot;owner&quot;: &quot;EBU&quot;,
        &quot;stage&quot;: &quot;Completed&quot;,
        &quot;ea1&quot;: &quot;AS23516BH025284&quot;,
        &quot;ea2&quot;: &quot;Northern Region&quot;
      }
    },
    {
      &quot;attributes&quot;: {
        &quot;owner&quot;: &quot;EBU&quot;,
        &quot;stage&quot;: &quot;Completed&quot;,
        &quot;ea1&quot;: &quot;AS23516BH025284&quot;,
        &quot;ea2&quot;: &quot;Northern Region&quot;
      }
    },
    {
      &quot;attributes&quot;: {
        &quot;owner&quot;: &quot;EBU&quot;,
        &quot;stage&quot;: &quot;Completed&quot;,
        &quot;ea1&quot;: &quot;AS23516BH025284&quot;,
        &quot;ea2&quot;: &quot;Northern Region&quot;
      }
    },
    {
      &quot;attributes&quot;: {
        &quot;owner&quot;: &quot;EBU&quot;,
        &quot;stage&quot;: &quot;Completed&quot;,
        &quot;ea1&quot;: &quot;AS23516BH025284&quot;,
        &quot;ea2&quot;: &quot;Northern Region&quot;
      }
    },
    {
      &quot;attributes&quot;: {
        &quot;owner&quot;: &quot;EBU&quot;,
        &quot;stage&quot;: &quot;Completed&quot;,
        &quot;ea1&quot;: &quot;AS23516BH025284&quot;,
        &quot;ea2&quot;: &quot;Northern Region&quot;
      }
    },
    {
      &quot;attributes&quot;: {
        &quot;owner&quot;: &quot;EBU&quot;,
        &quot;stage&quot;: &quot;Completed&quot;,
        &quot;ea1&quot;: &quot;AS23516BH025284&quot;,
        &quot;ea2&quot;: &quot;Northern Region&quot;
      }
    },
    {
      &quot;attributes&quot;: {
        &quot;owner&quot;: &quot;EBU&quot;,
        &quot;stage&quot;: &quot;Completed&quot;,
        &quot;ea1&quot;: &quot;NB70P34&quot;,
        &quot;ea2&quot;: &quot;Northern Region&quot;
      }
    },
    {
      &quot;attributes&quot;: {
        &quot;owner&quot;: &quot;EBU&quot;,
        &quot;stage&quot;: &quot;Completed&quot;,
        &quot;ea1&quot;: &quot;NB70P34&quot;,
        &quot;ea2&quot;: &quot;Northern Region&quot;
      }
    },
    {
      &quot;attributes&quot;: {
        &quot;owner&quot;: &quot;EBU&quot;,
        &quot;stage&quot;: &quot;Completed&quot;,
        &quot;ea1&quot;: &quot;NB70P34&quot;,
        &quot;ea2&quot;: &quot;Northern Region&quot;
      }
    },
    {
      &quot;attributes&quot;: {
        &quot;owner&quot;: &quot;EBU&quot;,
        &quot;stage&quot;: &quot;Completed&quot;,
        &quot;ea1&quot;: &quot;NB70P34&quot;,
        &quot;ea2&quot;: &quot;Northern Region&quot;
      }
    },
    {
      &quot;attributes&quot;: {
        &quot;owner&quot;: &quot;EBU&quot;,
        &quot;stage&quot;: &quot;Completed&quot;,
        &quot;ea1&quot;: &quot;NB70P34&quot;,
        &quot;ea2&quot;: &quot;Northern Region&quot;
      }
    },
    {
      &quot;attributes&quot;: {
        &quot;owner&quot;: &quot;EBU&quot;,
        &quot;stage&quot;: &quot;Completed&quot;,
        &quot;ea1&quot;: &quot;NB70P34&quot;,
        &quot;ea2&quot;: &quot;Northern Region&quot;
      }
    },
    {
      &quot;attributes&quot;: {
        &quot;owner&quot;: &quot;EBU&quot;,
        &quot;stage&quot;: &quot;Completed&quot;,
        &quot;ea1&quot;: &quot;NB70P34&quot;,
        &quot;ea2&quot;: &quot;Northern Region&quot;
      }
    },
    {
      &quot;attributes&quot;: {
        &quot;owner&quot;: &quot;EBU&quot;,
        &quot;stage&quot;: &quot;Completed&quot;,
        &quot;ea1&quot;: &quot;NB70P34&quot;,
        &quot;ea2&quot;: &quot;Northern Region&quot;
      }
    },
    {
      &quot;attributes&quot;: {
        &quot;owner&quot;: &quot;EBU&quot;,
        &quot;stage&quot;: &quot;Completed&quot;,
        &quot;ea1&quot;: &quot;none&quot;,
        &quot;ea2&quot;: &quot;Northern Region&quot;
      }
    },
    {
      &quot;attributes&quot;: {
        &quot;owner&quot;: &quot;EBU&quot;,
        &quot;stage&quot;: &quot;Completed&quot;,
        &quot;ea1&quot;: &quot;NB71P03&quot;,
        &quot;ea2&quot;: &quot;Northern Region&quot;
      }
    },
    {
      &quot;attributes&quot;: {
        &quot;owner&quot;: &quot;EBU&quot;,
        &quot;stage&quot;: &quot;Completed&quot;,
        &quot;ea1&quot;: &quot;NB71P04&quot;,
        &quot;ea2&quot;: &quot;Northern Region&quot;
      }
    },
    {
      &quot;attributes&quot;: {
        &quot;owner&quot;: &quot;EBU&quot;,
        &quot;stage&quot;: &quot;Completed&quot;,
        &quot;ea1&quot;: &quot;G70P94&quot;,
        &quot;ea2&quot;: &quot;Gauteng South&quot;
      }
    },
    {
      &quot;attributes&quot;: {
        &quot;owner&quot;: &quot;EBU&quot;,
        &quot;stage&quot;: &quot;Completed&quot;,
        &quot;ea1&quot;: &quot;G70P94&quot;,
        &quot;ea2&quot;: &quot;Gauteng South&quot;
      }
    },
    {
      &quot;attributes&quot;: {
        &quot;owner&quot;: &quot;EBU&quot;,
        &quot;stage&quot;: &quot;Completed&quot;,
        &quot;ea1&quot;: &quot;G70P94&quot;,
        &quot;ea2&quot;: &quot;Gauteng South&quot;
      }
    },
    {
      &quot;attributes&quot;: {
        &quot;owner&quot;: &quot;EBU&quot;,
        &quot;stage&quot;: &quot;Completed&quot;,
        &quot;ea1&quot;: &quot;AS11271WH283669&quot;,
        &quot;ea2&quot;: &quot;Western Region&quot;
      }
    },
    {
      &quot;attributes&quot;: {
        &quot;owner&quot;: &quot;EBU&quot;,
        &quot;stage&quot;: &quot;Completed&quot;,
        &quot;ea1&quot;: &quot;AS11271WH020523&quot;,
        &quot;ea2&quot;: &quot;Western Region&quot;
      }
    },
    {
      &quot;attributes&quot;: {
        &quot;owner&quot;: &quot;EBU&quot;,
        &quot;stage&quot;: &quot;Completed&quot;,
        &quot;ea1&quot;: &quot;G71P27&quot;,
        &quot;ea2&quot;: &quot;Gauteng South&quot;
      }
    },
    {
      &quot;attributes&quot;: {
        &quot;owner&quot;: &quot;EBU&quot;,
        &quot;stage&quot;: &quot;Completed&quot;,
        &quot;ea1&quot;: &quot;G71P27&quot;,
        &quot;ea2&quot;: &quot;Gauteng South&quot;
      }
    },
    {
      &quot;attributes&quot;: {
        &quot;owner&quot;: &quot;EBU&quot;,
        &quot;stage&quot;: &quot;Completed&quot;,
        &quot;ea1&quot;: &quot;G71P27&quot;,
        &quot;ea2&quot;: &quot;Gauteng South&quot;
      }
    },
    {
      &quot;attributes&quot;: {
        &quot;owner&quot;: &quot;EBU&quot;,
        &quot;stage&quot;: &quot;Completed&quot;,
        &quot;ea1&quot;: &quot;G71P27&quot;,
        &quot;ea2&quot;: &quot;Gauteng South&quot;
      }
    },
    {
      &quot;attributes&quot;: {
        &quot;owner&quot;: &quot;EBU&quot;,
        &quot;stage&quot;: &quot;Completed&quot;,
        &quot;ea1&quot;: &quot;G71P27&quot;,
        &quot;ea2&quot;: &quot;Gauteng South&quot;
      }
    },
    {
      &quot;attributes&quot;: {
        &quot;owner&quot;: &quot;EBU&quot;,
        &quot;stage&quot;: &quot;Completed&quot;,
        &quot;ea1&quot;: &quot;G71P27&quot;,
        &quot;ea2&quot;: &quot;Gauteng South&quot;
      }
    },
    {
      &quot;attributes&quot;: {
        &quot;owner&quot;: &quot;EBU&quot;,
        &quot;stage&quot;: &quot;Completed&quot;,
        &quot;ea1&quot;: &quot;G71P27&quot;,
        &quot;ea2&quot;: &quot;Gauteng South&quot;
      }
    },
    {
      &quot;attributes&quot;: {
        &quot;owner&quot;: &quot;EBU&quot;,
        &quot;stage&quot;: &quot;Completed&quot;,
        &quot;ea1&quot;: &quot;G71P27&quot;,
        &quot;ea2&quot;: &quot;Gauteng South&quot;
      }
    },
    {
      &quot;attributes&quot;: {
        &quot;owner&quot;: &quot;EBU&quot;,
        &quot;stage&quot;: &quot;Completed&quot;,
        &quot;ea1&quot;: &quot;G71P27&quot;,
        &quot;ea2&quot;: &quot;Gauteng South&quot;
      }
    },
    {
      &quot;attributes&quot;: {
        &quot;owner&quot;: &quot;EBU&quot;,
        &quot;stage&quot;: &quot;Completed&quot;,
        &quot;ea1&quot;: &quot;G71P27&quot;,
        &quot;ea2&quot;: &quot;Gauteng South&quot;
      }
    },
    {
      &quot;attributes&quot;: {
        &quot;owner&quot;: &quot;EBU&quot;,
        &quot;stage&quot;: &quot;Completed&quot;,
        &quot;ea1&quot;: &quot;G70P47&quot;,
        &quot;ea2&quot;: &quot;Gauteng South&quot;
      }
    },
    {
      &quot;attributes&quot;: {
        &quot;owner&quot;: &quot;EBU&quot;,
        &quot;stage&quot;: &quot;Completed&quot;,
        &quot;ea1&quot;: &quot;G70P47&quot;,
        &quot;ea2&quot;: &quot;Gauteng South&quot;
      }
    },
    {
      &quot;attributes&quot;: {
        &quot;owner&quot;: &quot;EBU&quot;,
        &quot;stage&quot;: &quot;Completed&quot;,
        &quot;ea1&quot;: &quot;G70P47&quot;,
        &quot;ea2&quot;: &quot;Gauteng South&quot;
      }
    },
    {
      &quot;attributes&quot;: {
        &quot;owner&quot;: &quot;EBU&quot;,
        &quot;stage&quot;: &quot;Completed&quot;,
        &quot;ea1&quot;: &quot;G70P47&quot;,
        &quot;ea2&quot;: &quot;Gauteng South&quot;
      }
    },
    {
      &quot;attributes&quot;: {
        &quot;owner&quot;: &quot;EBU&quot;,
        &quot;stage&quot;: &quot;Completed&quot;,
        &quot;ea1&quot;: &quot;G70P47&quot;,
        &quot;ea2&quot;: &quot;Gauteng South&quot;
      }
    },
    {
      &quot;attributes&quot;: {
        &quot;owner&quot;: &quot;EBU&quot;,
        &quot;stage&quot;: &quot;Completed&quot;,
        &quot;ea1&quot;: &quot;G70P47&quot;,
        &quot;ea2&quot;: &quot;Gauteng South&quot;
      }
    },
    {
      &quot;attributes&quot;: {
        &quot;owner&quot;: &quot;EBU&quot;,
        &quot;stage&quot;: &quot;Completed&quot;,
        &quot;ea1&quot;: &quot;G70P47&quot;,
        &quot;ea2&quot;: &quot;Gauteng South&quot;
      }
    },
    {
      &quot;attributes&quot;: {
        &quot;owner&quot;: &quot;EBU&quot;,
        &quot;stage&quot;: &quot;Completed&quot;,
        &quot;ea1&quot;: &quot;G70P47&quot;,
        &quot;ea2&quot;: &quot;Gauteng South&quot;
      }
    },
    {
      &quot;attributes&quot;: {
        &quot;owner&quot;: &quot;EBU&quot;,
        &quot;stage&quot;: &quot;Completed&quot;,
        &quot;ea1&quot;: &quot;G70P47&quot;,
        &quot;ea2&quot;: &quot;Gauteng South&quot;
      }
    },
    {
      &quot;attributes&quot;: {
        &quot;owner&quot;: &quot;EBU&quot;,
        &quot;stage&quot;: &quot;Completed&quot;,
        &quot;ea1&quot;: &quot;G70P47&quot;,
        &quot;ea2&quot;: &quot;Gauteng South&quot;
      }
    },
    {
      &quot;attributes&quot;: {
        &quot;owner&quot;: &quot;EBU&quot;,
        &quot;stage&quot;: &quot;Completed&quot;,
        &quot;ea1&quot;: &quot;G70P46&quot;,
        &quot;ea2&quot;: &quot;Gauteng South&quot;
      }
    },
    {
      &quot;attributes&quot;: {
        &quot;owner&quot;: &quot;EBU&quot;,
        &quot;stage&quot;: &quot;Completed&quot;,
        &quot;ea1&quot;: &quot;G70P46&quot;,
        &quot;ea2&quot;: &quot;Gauteng South&quot;
      }
    },
    {
      &quot;attributes&quot;: {
        &quot;owner&quot;: &quot;EBU&quot;,
        &quot;stage&quot;: &quot;Completed&quot;,
        &quot;ea1&quot;: &quot;G70P46&quot;,
        &quot;ea2&quot;: &quot;Gauteng South&quot;
      }
    },
    {
      &quot;attributes&quot;: {
        &quot;owner&quot;: &quot;EBU&quot;,
        &quot;stage&quot;: &quot;Completed&quot;,
        &quot;ea1&quot;: &quot;G70P46&quot;,
        &quot;ea2&quot;: &quot;Gauteng South&quot;
      }
    },
    {
      &quot;attributes&quot;: {
        &quot;owner&quot;: &quot;EBU&quot;,
        &quot;stage&quot;: &quot;Completed&quot;,
        &quot;ea1&quot;: &quot;G70P46&quot;,
        &quot;ea2&quot;: &quot;Gauteng South&quot;
      }
    },
    {
      &quot;attributes&quot;: {
        &quot;owner&quot;: &quot;EBU&quot;,
        &quot;stage&quot;: &quot;Completed&quot;,
        &quot;ea1&quot;: &quot;G70P46&quot;,
        &quot;ea2&quot;: &quot;Gauteng South&quot;
      }
    },
    {
      &quot;attributes&quot;: {
        &quot;owner&quot;: &quot;EBU&quot;,
        &quot;stage&quot;: &quot;Completed&quot;,
        &quot;ea1&quot;: &quot;G70P49&quot;,
        &quot;ea2&quot;: &quot;Gauteng South&quot;
      }
    },
    {
      &quot;attributes&quot;: {
        &quot;owner&quot;: &quot;EBU&quot;,
        &quot;stage&quot;: &quot;Completed&quot;,
        &quot;ea1&quot;: &quot;G70P49&quot;,
        &quot;ea2&quot;: &quot;Gauteng South&quot;
      }
    },
    {
      &quot;attributes&quot;: {
        &quot;owner&quot;: &quot;EBU&quot;,
        &quot;stage&quot;: &quot;Completed&quot;,
        &quot;ea1&quot;: &quot;G70P49&quot;,
        &quot;ea2&quot;: &quot;Gauteng South&quot;
      }
    },
    {
      &quot;attributes&quot;: {
        &quot;owner&quot;: &quot;EBU&quot;,
        &quot;stage&quot;: &quot;Completed&quot;,
        &quot;ea1&quot;: &quot;G70P48&quot;,
        &quot;ea2&quot;: &quot;Gauteng South&quot;
      }
    },
    {
      &quot;attributes&quot;: {
        &quot;owner&quot;: &quot;EBU&quot;,
        &quot;stage&quot;: &quot;Completed&quot;,
        &quot;ea1&quot;: &quot;G70P53&quot;,
        &quot;ea2&quot;: &quot;Gauteng South&quot;
      }
    },
    {
      &quot;attributes&quot;: {
        &quot;owner&quot;: &quot;EBU&quot;,
        &quot;stage&quot;: &quot;Completed&quot;,
        &quot;ea1&quot;: &quot;G70P53&quot;,
        &quot;ea2&quot;: &quot;Gauteng South&quot;
      }
    },
    {
      &quot;attributes&quot;: {
        &quot;owner&quot;: &quot;EBU&quot;,
        &quot;stage&quot;: &quot;Completed&quot;,
        &quot;ea1&quot;: &quot;G70P53&quot;,
        &quot;ea2&quot;: &quot;Gauteng South&quot;
      }
    },
    {
      &quot;attributes&quot;: {
        &quot;owner&quot;: &quot;EBU&quot;,
        &quot;stage&quot;: &quot;Completed&quot;,
        &quot;ea1&quot;: &quot;G70P53&quot;,
        &quot;ea2&quot;: &quot;Gauteng South&quot;
      }
    },
    {
      &quot;attributes&quot;: {
        &quot;owner&quot;: &quot;EBU&quot;,
        &quot;stage&quot;: &quot;Completed&quot;,
        &quot;ea1&quot;: &quot;G70P53&quot;,
        &quot;ea2&quot;: &quot;Gauteng South&quot;
      }
    },
    {
      &quot;attributes&quot;: {
        &quot;owner&quot;: &quot;EBU&quot;,
        &quot;stage&quot;: &quot;Completed&quot;,
        &quot;ea1&quot;: &quot;G70P87&quot;,
        &quot;ea2&quot;: &quot;Gauteng South&quot;
      }
    },
    {
      &quot;attributes&quot;: {
        &quot;owner&quot;: &quot;EBU&quot;,
        &quot;stage&quot;: &quot;Completed&quot;,
        &quot;ea1&quot;: &quot;G70P87&quot;,
        &quot;ea2&quot;: &quot;Gauteng South&quot;
      }
    },
    {
      &quot;attributes&quot;: {
        &quot;owner&quot;: &quot;EBU&quot;,
        &quot;stage&quot;: &quot;Completed&quot;,
        &quot;ea1&quot;: &quot;G70P87&quot;,
        &quot;ea2&quot;: &quot;Gauteng South&quot;
      }
    },
    {
      &quot;attributes&quot;: {
        &quot;owner&quot;: &quot;EBU&quot;,
        &quot;stage&quot;: &quot;Completed&quot;,
        &quot;ea1&quot;: &quot;Conduct Eaton Rd Peering Point&quot;,
        &quot;ea2&quot;: &quot;Gauteng South&quot;
      }
    },
    {
      &quot;attributes&quot;: {
        &quot;owner&quot;: &quot;EBU&quot;,
        &quot;stage&quot;: &quot;Completed&quot;,
        &quot;ea1&quot;: &quot;G70P11&quot;,
        &quot;ea2&quot;: &quot;Gauteng South&quot;
      }
    },
    {
      &quot;attributes&quot;: {
        &quot;owner&quot;: &quot;EBU&quot;,
        &quot;stage&quot;: &quot;Completed&quot;,
        &quot;ea1&quot;: &quot;G70P11&quot;,
        &quot;ea2&quot;: &quot;Gauteng South&quot;
      }
    },
    {
      &quot;attributes&quot;: {
        &quot;owner&quot;: &quot;EBU&quot;,
        &quot;stage&quot;: &quot;Completed&quot;,
        &quot;ea1&quot;: &quot;G70P11&quot;,
        &quot;ea2&quot;: &quot;Gauteng South&quot;
      }
    },
    {
      &quot;attributes&quot;: {
        &quot;owner&quot;: &quot;EBU&quot;,
        &quot;stage&quot;: &quot;Completed&quot;,
        &quot;ea1&quot;: &quot;G70P11&quot;,
        &quot;ea2&quot;: &quot;Gauteng South&quot;
      }
    },
    {
      &quot;attributes&quot;: {
        &quot;owner&quot;: &quot;EBU&quot;,
        &quot;stage&quot;: &quot;Completed&quot;,
        &quot;ea1&quot;: &quot;G70P11&quot;,
        &quot;ea2&quot;: &quot;Gauteng South&quot;
      }
    },
    {
      &quot;attributes&quot;: {
        &quot;owner&quot;: &quot;EBU&quot;,
        &quot;stage&quot;: &quot;Completed&quot;,
        &quot;ea1&quot;: &quot;G70P11&quot;,
        &quot;ea2&quot;: &quot;Gauteng South&quot;
      }
    },
    {
      &quot;attributes&quot;: {
        &quot;owner&quot;: &quot;EBU&quot;,
        &quot;stage&quot;: &quot;Completed&quot;,
        &quot;ea1&quot;: &quot;G70P11&quot;,
        &quot;ea2&quot;: &quot;Gauteng South&quot;
      }
    },
    {
      &quot;attributes&quot;: {
        &quot;owner&quot;: &quot;EBU&quot;,
        &quot;stage&quot;: &quot;Completed&quot;,
        &quot;ea1&quot;: &quot;G70P11&quot;,
        &quot;ea2&quot;: &quot;Gauteng South&quot;
      }
    },
    {
      &quot;attributes&quot;: {
        &quot;owner&quot;: &quot;EBU&quot;,
        &quot;stage&quot;: &quot;Completed&quot;,
        &quot;ea1&quot;: &quot;G70P11&quot;,
        &quot;ea2&quot;: &quot;Gauteng South&quot;
      }
    },
    {
      &quot;attributes&quot;: {
        &quot;owner&quot;: &quot;EBU&quot;,
        &quot;stage&quot;: &quot;Completed&quot;,
        &quot;ea1&quot;: &quot;G70P11&quot;,
        &quot;ea2&quot;: &quot;Gauteng South&quot;
      }
    },
    {
      &quot;attributes&quot;: {
        &quot;owner&quot;: &quot;EBU&quot;,
        &quot;stage&quot;: &quot;Completed&quot;,
        &quot;ea1&quot;: &quot;G70P11&quot;,
        &quot;ea2&quot;: &quot;Gauteng South&quot;
      }
    },
    {
      &quot;attributes&quot;: {
        &quot;owner&quot;: &quot;EBU&quot;,
        &quot;stage&quot;: &quot;Completed&quot;,
        &quot;ea1&quot;: &quot;G70P11&quot;,
        &quot;ea2&quot;: &quot;Gauteng South&quot;
      }
    },
    {
      &quot;attributes&quot;: {
        &quot;owner&quot;: &quot;EBU&quot;,
        &quot;stage&quot;: &quot;Completed&quot;,
        &quot;ea1&quot;: &quot;G70P11&quot;,
        &quot;ea2&quot;: &quot;Gauteng South&quot;
      }
    },
    {
      &quot;attributes&quot;: {
        &quot;owner&quot;: &quot;EBU&quot;,
        &quot;stage&quot;: &quot;Completed&quot;,
        &quot;ea1&quot;: &quot;G70P11&quot;,
        &quot;ea2&quot;: &quot;Gauteng South&quot;
      }
    },
    {
      &quot;attributes&quot;: {
        &quot;owner&quot;: &quot;EBU&quot;,
        &quot;stage&quot;: &quot;Completed&quot;,
        &quot;ea1&quot;: &quot;G70P11&quot;,
        &quot;ea2&quot;: &quot;Gauteng South&quot;
      }
    },
    {
      &quot;attributes&quot;: {
        &quot;owner&quot;: &quot;EBU&quot;,
        &quot;stage&quot;: &quot;Completed&quot;,
        &quot;ea1&quot;: &quot;G70P11&quot;,
        &quot;ea2&quot;: &quot;Gauteng South&quot;
      }
    },
    {
      &quot;attributes&quot;: {
        &quot;owner&quot;: &quot;EBU&quot;,
        &quot;stage&quot;: &quot;Completed&quot;,
        &quot;ea1&quot;: &quot;G70P11&quot;,
        &quot;ea2&quot;: &quot;Gauteng South&quot;
      }
    },
    {
      &quot;attributes&quot;: {
        &quot;owner&quot;: &quot;EBU&quot;,
        &quot;stage&quot;: &quot;Completed&quot;,
        &quot;ea1&quot;: &quot;Conduct Eaton Rd Peering Point&quot;,
        &quot;ea2&quot;: &quot;Gauteng South&quot;
      }
    },
    {
      &quot;attributes&quot;: {
        &quot;owner&quot;: &quot;EBU&quot;,
        &quot;stage&quot;: &quot;Completed&quot;,
        &quot;ea1&quot;: &quot;G70P09&quot;,
        &quot;ea2&quot;: &quot;Gauteng South&quot;
      }
    },
    {
      &quot;attributes&quot;: {
        &quot;owner&quot;: &quot;EBU&quot;,
        &quot;stage&quot;: &quot;Completed&quot;,
        &quot;ea1&quot;: &quot;AS17269GAXXXXXX&quot;,
        &quot;ea2&quot;: &quot;Gauteng South&quot;
      }
    },
    {
      &quot;attributes&quot;: {
        &quot;owner&quot;: &quot;EBU&quot;,
        &quot;stage&quot;: &quot;Completed&quot;,
        &quot;ea1&quot;: &quot;G70P09&quot;,
        &quot;ea2&quot;: &quot;Gauteng South&quot;
      }
    },
    {
      &quot;attributes&quot;: {
        &quot;owner&quot;: &quot;EBU&quot;,
        &quot;stage&quot;: &quot;Completed&quot;,
        &quot;ea1&quot;: &quot;G70P09&quot;,
        &quot;ea2&quot;: &quot;Gauteng South&quot;
      }
    },
    {
      &quot;attributes&quot;: {
        &quot;owner&quot;: &quot;EBU&quot;,
        &quot;stage&quot;: &quot;Completed&quot;,
        &quot;ea1&quot;: &quot;G70P09&quot;,
        &quot;ea2&quot;: &quot;Gauteng South&quot;
      }
    },
    {
      &quot;attributes&quot;: {
        &quot;owner&quot;: &quot;EBU&quot;,
        &quot;stage&quot;: &quot;Completed&quot;,
        &quot;ea1&quot;: &quot;G70P09&quot;,
        &quot;ea2&quot;: &quot;Gauteng South&quot;
      }
    },
    {
      &quot;attributes&quot;: {
        &quot;owner&quot;: &quot;EBU&quot;,
        &quot;stage&quot;: &quot;Completed&quot;,
        &quot;ea1&quot;: &quot;G70P09&quot;,
        &quot;ea2&quot;: &quot;Gauteng South&quot;
      }
    },
    {
      &quot;attributes&quot;: {
        &quot;owner&quot;: &quot;EBU&quot;,
        &quot;stage&quot;: &quot;Completed&quot;,
        &quot;ea1&quot;: &quot;G70P09&quot;,
        &quot;ea2&quot;: &quot;Gauteng South&quot;
      }
    },
    {
      &quot;attributes&quot;: {
        &quot;owner&quot;: &quot;EBU&quot;,
        &quot;stage&quot;: &quot;Completed&quot;,
        &quot;ea1&quot;: &quot;G70P09&quot;,
        &quot;ea2&quot;: &quot;Gauteng South&quot;
      }
    },
    {
      &quot;attributes&quot;: {
        &quot;owner&quot;: &quot;EBU&quot;,
        &quot;stage&quot;: &quot;Completed&quot;,
        &quot;ea1&quot;: &quot;G70P09&quot;,
        &quot;ea2&quot;: &quot;Gauteng South&quot;
      }
    },
    {
      &quot;attributes&quot;: {
        &quot;owner&quot;: &quot;EBU&quot;,
        &quot;stage&quot;: &quot;Completed&quot;,
        &quot;ea1&quot;: &quot;G70P09&quot;,
        &quot;ea2&quot;: &quot;Gauteng South&quot;
      }
    },
    {
      &quot;attributes&quot;: {
        &quot;owner&quot;: &quot;EBU&quot;,
        &quot;stage&quot;: &quot;Completed&quot;,
        &quot;ea1&quot;: &quot;G70P09&quot;,
        &quot;ea2&quot;: &quot;Gauteng South&quot;
      }
    },
    {
      &quot;attributes&quot;: {
        &quot;owner&quot;: &quot;EBU&quot;,
        &quot;stage&quot;: &quot;Completed&quot;,
        &quot;ea1&quot;: &quot;G70P48&quot;,
        &quot;ea2&quot;: &quot;Gauteng South&quot;
      }
    },
    {
      &quot;attributes&quot;: {
        &quot;owner&quot;: &quot;EBU&quot;,
        &quot;stage&quot;: &quot;Completed&quot;,
        &quot;ea1&quot;: &quot;G73P21&quot;,
        &quot;ea2&quot;: &quot;Gauteng South&quot;
      }
    },
    {
      &quot;attributes&quot;: {
        &quot;owner&quot;: &quot;EBU&quot;,
        &quot;stage&quot;: &quot;Completed&quot;,
        &quot;ea1&quot;: &quot;G70P13&quot;,
        &quot;ea2&quot;: &quot;Gauteng South&quot;
      }
    },
    {
      &quot;attributes&quot;: {
        &quot;owner&quot;: &quot;EBU&quot;,
        &quot;stage&quot;: &quot;Completed&quot;,
        &quot;ea1&quot;: &quot;G70P13&quot;,
        &quot;ea2&quot;: &quot;Gauteng South&quot;
      }
    },
    {
      &quot;attributes&quot;: {
        &quot;owner&quot;: &quot;EBU&quot;,
        &quot;stage&quot;: &quot;Completed&quot;,
        &quot;ea1&quot;: &quot;G70P13&quot;,
        &quot;ea2&quot;: &quot;Gauteng South&quot;
      }
    },
    {
      &quot;attributes&quot;: {
        &quot;owner&quot;: &quot;EBU&quot;,
        &quot;stage&quot;: &quot;Completed&quot;,
        &quot;ea1&quot;: &quot;G70P13&quot;,
        &quot;ea2&quot;: &quot;Gauteng South&quot;
      }
    },
    {
      &quot;attributes&quot;: {
        &quot;owner&quot;: &quot;EBU&quot;,
        &quot;stage&quot;: &quot;Completed&quot;,
        &quot;ea1&quot;: &quot;G70P13&quot;,
        &quot;ea2&quot;: &quot;Gauteng South&quot;
      }
    },
    {
      &quot;attributes&quot;: {
        &quot;owner&quot;: &quot;EBU&quot;,
        &quot;stage&quot;: &quot;Completed&quot;,
        &quot;ea1&quot;: &quot;G70P13&quot;,
        &quot;ea2&quot;: &quot;Gauteng South&quot;
      }
    },
    {
      &quot;attributes&quot;: {
        &quot;owner&quot;: &quot;EBU&quot;,
        &quot;stage&quot;: &quot;Completed&quot;,
        &quot;ea1&quot;: &quot;G70P13&quot;,
        &quot;ea2&quot;: &quot;Gauteng South&quot;
      }
    },
    {
      &quot;attributes&quot;: {
        &quot;owner&quot;: &quot;EBU&quot;,
        &quot;stage&quot;: &quot;Completed&quot;,
        &quot;ea1&quot;: &quot;G70P13&quot;,
        &quot;ea2&quot;: &quot;Gauteng South&quot;
      }
    },
    {
      &quot;attributes&quot;: {
        &quot;owner&quot;: &quot;EBU&quot;,
        &quot;stage&quot;: &quot;Completed&quot;,
        &quot;ea1&quot;: &quot;G70P13&quot;,
        &quot;ea2&quot;: &quot;Gauteng South&quot;
      }
    },
    {
      &quot;attributes&quot;: {
        &quot;owner&quot;: &quot;EBU&quot;,
        &quot;stage&quot;: &quot;Completed&quot;,
        &quot;ea1&quot;: &quot;G70P13&quot;,
        &quot;ea2&quot;: &quot;Gauteng South&quot;
      }
    },
    {
      &quot;attributes&quot;: {
        &quot;owner&quot;: &quot;EBU&quot;,
        &quot;stage&quot;: &quot;Completed&quot;,
        &quot;ea1&quot;: &quot;G70P13&quot;,
        &quot;ea2&quot;: &quot;Gauteng South&quot;
      }
    },
    {
      &quot;attributes&quot;: {
        &quot;owner&quot;: &quot;EBU&quot;,
        &quot;stage&quot;: &quot;Completed&quot;,
        &quot;ea1&quot;: &quot;G70P13&quot;,
        &quot;ea2&quot;: &quot;Gauteng South&quot;
      }
    },
    {
      &quot;attributes&quot;: {
        &quot;owner&quot;: &quot;EBU&quot;,
        &quot;stage&quot;: &quot;Completed&quot;,
        &quot;ea1&quot;: &quot;G70P13&quot;,
        &quot;ea2&quot;: &quot;Gauteng South&quot;
      }
    },
    {
      &quot;attributes&quot;: {
        &quot;owner&quot;: &quot;EBU&quot;,
        &quot;stage&quot;: &quot;Completed&quot;,
        &quot;ea1&quot;: &quot;G70P13&quot;,
        &quot;ea2&quot;: &quot;Gauteng South&quot;
      }
    },
    {
      &quot;attributes&quot;: {
        &quot;owner&quot;: &quot;EBU&quot;,
        &quot;stage&quot;: &quot;Completed&quot;,
        &quot;ea1&quot;: &quot;G70P14&quot;,
        &quot;ea2&quot;: &quot;Gauteng South&quot;
      }
    },
    {
      &quot;attributes&quot;: {
        &quot;owner&quot;: &quot;EBU&quot;,
        &quot;stage&quot;: &quot;Completed&quot;,
        &quot;ea1&quot;: &quot;G70P14&quot;,
        &quot;ea2&quot;: &quot;Gauteng South&quot;
      }
    },
    {
      &quot;attributes&quot;: {
        &quot;owner&quot;: &quot;EBU&quot;,
        &quot;stage&quot;: &quot;Completed&quot;,
        &quot;ea1&quot;: &quot;G70P14&quot;,
        &quot;ea2&quot;: &quot;Gauteng South&quot;
      }
    },
    {
      &quot;attributes&quot;: {
        &quot;owner&quot;: &quot;EBU&quot;,
        &quot;stage&quot;: &quot;Completed&quot;,
        &quot;ea1&quot;: &quot;G70P16&quot;,
        &quot;ea2&quot;: &quot;Gauteng South&quot;
      }
    },
    {
      &quot;attributes&quot;: {
        &quot;owner&quot;: &quot;EBU&quot;,
        &quot;stage&quot;: &quot;Completed&quot;,
        &quot;ea1&quot;: &quot;G70P15&quot;,
        &quot;ea2&quot;: &quot;Gauteng South&quot;
      }
    },
    {
      &quot;attributes&quot;: {
        &quot;owner&quot;: &quot;EBU&quot;,
        &quot;stage&quot;: &quot;Completed&quot;,
        &quot;ea1&quot;: &quot;G70P15&quot;,
        &quot;ea2&quot;: &quot;Gauteng South&quot;
      }
    },
    {
      &quot;attributes&quot;: {
        &quot;owner&quot;: &quot;EBU&quot;,
        &quot;stage&quot;: &quot;Completed&quot;,
        &quot;ea1&quot;: &quot;G70P13&quot;,
        &quot;ea2&quot;: &quot;Gauteng South&quot;
      }
    },
    {
      &quot;attributes&quot;: {
        &quot;owner&quot;: &quot;EBU&quot;,
        &quot;stage&quot;: &quot;Completed&quot;,
        &quot;ea1&quot;: &quot;G70P13&quot;,
        &quot;ea2&quot;: &quot;Gauteng South&quot;
      }
    },
    {
      &quot;attributes&quot;: {
        &quot;owner&quot;: &quot;EBU&quot;,
        &quot;stage&quot;: &quot;Completed&quot;,
        &quot;ea1&quot;: &quot;G70P67&quot;,
        &quot;ea2&quot;: &quot;Gauteng South&quot;
      }
    },
    {
      &quot;attributes&quot;: {
        &quot;owner&quot;: &quot;EBU&quot;,
        &quot;stage&quot;: &quot;Completed&quot;,
        &quot;ea1&quot;: &quot;G70P74&quot;,
        &quot;ea2&quot;: &quot;Gauteng South&quot;
      }
    },
    {
      &quot;attributes&quot;: {
        &quot;owner&quot;: &quot;EBU&quot;,
        &quot;stage&quot;: &quot;Completed&quot;,
        &quot;ea1&quot;: &quot;G70P73&quot;,
        &quot;ea2&quot;: &quot;Gauteng South&quot;
      }
    },
    {
      &quot;attributes&quot;: {
        &quot;owner&quot;: &quot;EBU&quot;,
        &quot;stage&quot;: &quot;Completed&quot;,
        &quot;ea1&quot;: &quot;G70P71&quot;,
        &quot;ea2&quot;: &quot;Gauteng South&quot;
      }
    },
    {
      &quot;attributes&quot;: {
        &quot;owner&quot;: &quot;EBU&quot;,
        &quot;stage&quot;: &quot;Completed&quot;,
        &quot;ea1&quot;: &quot;G70P40&quot;,
        &quot;ea2&quot;: &quot;Gauteng South&quot;
      }
    },
    {
      &quot;attributes&quot;: {
        &quot;owner&quot;: &quot;EBU&quot;,
        &quot;stage&quot;: &quot;Completed&quot;,
        &quot;ea1&quot;: &quot;G70P40&quot;,
        &quot;ea2&quot;: &quot;Gauteng South&quot;
      }
    },
    {
      &quot;attributes&quot;: {
        &quot;owner&quot;: &quot;EBU&quot;,
        &quot;stage&quot;: &quot;Completed&quot;,
        &quot;ea1&quot;: &quot;G70P40&quot;,
        &quot;ea2&quot;: &quot;Gauteng South&quot;
      }
    },
    {
      &quot;attributes&quot;: {
        &quot;owner&quot;: &quot;EBU&quot;,
        &quot;stage&quot;: &quot;Completed&quot;,
        &quot;ea1&quot;: &quot;G70P40&quot;,
        &quot;ea2&quot;: &quot;Gauteng South&quot;
      }
    },
    {
      &quot;attributes&quot;: {
        &quot;owner&quot;: &quot;EBU&quot;,
        &quot;stage&quot;: &quot;Completed&quot;,
        &quot;ea1&quot;: &quot;G70P40&quot;,
        &quot;ea2&quot;: &quot;Gauteng South&quot;
      }
    },
    {
      &quot;attributes&quot;: {
        &quot;owner&quot;: &quot;EBU&quot;,
        &quot;stage&quot;: &quot;Completed&quot;,
        &quot;ea1&quot;: &quot;G70P40&quot;,
        &quot;ea2&quot;: &quot;Gauteng South&quot;
      }
    },
    {
      &quot;attributes&quot;: {
        &quot;owner&quot;: &quot;EBU&quot;,
        &quot;stage&quot;: &quot;Completed&quot;,
        &quot;ea1&quot;: &quot;G70P40&quot;,
        &quot;ea2&quot;: &quot;Gauteng South&quot;
      }
    },
    {
      &quot;attributes&quot;: {
        &quot;owner&quot;: &quot;EBU&quot;,
        &quot;stage&quot;: &quot;Completed&quot;,
        &quot;ea1&quot;: &quot;G70P40&quot;,
        &quot;ea2&quot;: &quot;Gauteng South&quot;
      }
    },
    {
      &quot;attributes&quot;: {
        &quot;owner&quot;: &quot;EBU&quot;,
        &quot;stage&quot;: &quot;Completed&quot;,
        &quot;ea1&quot;: &quot;G70P40&quot;,
        &quot;ea2&quot;: &quot;Gauteng South&quot;
      }
    },
    {
      &quot;attributes&quot;: {
        &quot;owner&quot;: &quot;EBU&quot;,
        &quot;stage&quot;: &quot;Completed&quot;,
        &quot;ea1&quot;: &quot;G70P40&quot;,
        &quot;ea2&quot;: &quot;Gauteng South&quot;
      }
    },
    {
      &quot;attributes&quot;: {
        &quot;owner&quot;: &quot;EBU&quot;,
        &quot;stage&quot;: &quot;Completed&quot;,
        &quot;ea1&quot;: &quot;G70P40&quot;,
        &quot;ea2&quot;: &quot;Gauteng South&quot;
      }
    },
    {
      &quot;attributes&quot;: {
        &quot;owner&quot;: &quot;EBU&quot;,
        &quot;stage&quot;: &quot;Completed&quot;,
        &quot;ea1&quot;: &quot;G70P40&quot;,
        &quot;ea2&quot;: &quot;Gauteng South&quot;
      }
    },
    {
      &quot;attributes&quot;: {
        &quot;owner&quot;: &quot;EBU&quot;,
        &quot;stage&quot;: &quot;Completed&quot;,
        &quot;ea1&quot;: &quot;G70P40&quot;,
        &quot;ea2&quot;: &quot;Gauteng South&quot;
      }
    },
    {
      &quot;attributes&quot;: {
        &quot;owner&quot;: &quot;EBU&quot;,
        &quot;stage&quot;: &quot;Completed&quot;,
        &quot;ea1&quot;: &quot;G70P40&quot;,
        &quot;ea2&quot;: &quot;Gauteng South&quot;
      }
    },
    {
      &quot;attributes&quot;: {
        &quot;owner&quot;: &quot;EBU&quot;,
        &quot;stage&quot;: &quot;Completed&quot;,
        &quot;ea1&quot;: &quot;G70P40&quot;,
        &quot;ea2&quot;: &quot;Gauteng South&quot;
      }
    },
    {
      &quot;attributes&quot;: {
        &quot;owner&quot;: &quot;EBU&quot;,
        &quot;stage&quot;: &quot;Completed&quot;,
        &quot;ea1&quot;: &quot;G70P40&quot;,
        &quot;ea2&quot;: &quot;Gauteng South&quot;
      }
    },
    {
      &quot;attributes&quot;: {
        &quot;owner&quot;: &quot;EBU&quot;,
        &quot;stage&quot;: &quot;Completed&quot;,
        &quot;ea1&quot;: &quot;G70P40&quot;,
        &quot;ea2&quot;: &quot;Gauteng South&quot;
      }
    },
    {
      &quot;attributes&quot;: {
        &quot;owner&quot;: &quot;EBU&quot;,
        &quot;stage&quot;: &quot;Completed&quot;,
        &quot;ea1&quot;: &quot;G70P40&quot;,
        &quot;ea2&quot;: &quot;Gauteng South&quot;
      }
    },
    {
      &quot;attributes&quot;: {
        &quot;owner&quot;: &quot;EBU&quot;,
        &quot;stage&quot;: &quot;Completed&quot;,
        &quot;ea1&quot;: &quot;G70P40&quot;,
        &quot;ea2&quot;: &quot;Gauteng South&quot;
      }
    },
    {
      &quot;attributes&quot;: {
        &quot;owner&quot;: &quot;EBU&quot;,
        &quot;stage&quot;: &quot;Completed&quot;,
        &quot;ea1&quot;: &quot;G70P40&quot;,
        &quot;ea2&quot;: &quot;Gauteng South&quot;
      }
    },
    {
      &quot;attributes&quot;: {
        &quot;owner&quot;: &quot;EBU&quot;,
        &quot;stage&quot;: &quot;Completed&quot;,
        &quot;ea1&quot;: &quot;G70P40&quot;,
        &quot;ea2&quot;: &quot;Gauteng South&quot;
      }
    },
    {
      &quot;attributes&quot;: {
        &quot;owner&quot;: &quot;EBU&quot;,
        &quot;stage&quot;: &quot;Completed&quot;,
        &quot;ea1&quot;: &quot;G72P01&quot;,
        &quot;ea2&quot;: &quot;Gauteng South&quot;
      }
    },
    {
      &quot;attributes&quot;: {
        &quot;owner&quot;: &quot;EBU&quot;,
        &quot;stage&quot;: &quot;Completed&quot;,
        &quot;ea1&quot;: &quot;G72P01&quot;,
        &quot;ea2&quot;: &quot;Gauteng South&quot;
      }
    },
    {
      &quot;attributes&quot;: {
        &quot;owner&quot;: &quot;EBU&quot;,
        &quot;stage&quot;: &quot;Completed&quot;,
        &quot;ea1&quot;: &quot;G72P01&quot;,
        &quot;ea2&quot;: &quot;Gauteng South&quot;
      }
    },
    {
      &quot;attributes&quot;: {
        &quot;owner&quot;: &quot;EBU&quot;,
        &quot;stage&quot;: &quot;Completed&quot;,
        &quot;ea1&quot;: &quot;G72P01&quot;,
        &quot;ea2&quot;: &quot;Gauteng South&quot;
      }
    },
    {
      &quot;attributes&quot;: {
        &quot;owner&quot;: &quot;EBU&quot;,
        &quot;stage&quot;: &quot;Completed&quot;,
        &quot;ea1&quot;: &quot;G73P03&quot;,
        &quot;ea2&quot;: &quot;Gauteng South&quot;
      }
    },
    {
      &quot;attributes&quot;: {
        &quot;owner&quot;: &quot;EBU&quot;,
        &quot;stage&quot;: &quot;Completed&quot;,
        &quot;ea1&quot;: &quot;G73P03&quot;,
        &quot;ea2&quot;: &quot;Gauteng South&quot;
      }
    },
    {
      &quot;attributes&quot;: {
        &quot;owner&quot;: &quot;EBU&quot;,
        &quot;stage&quot;: &quot;Completed&quot;,
        &quot;ea1&quot;: &quot;G73P03&quot;,
        &quot;ea2&quot;: &quot;Gauteng South&quot;
      }
    },
    {
      &quot;attributes&quot;: {
        &quot;owner&quot;: &quot;EBU&quot;,
        &quot;stage&quot;: &quot;Completed&quot;,
        &quot;ea1&quot;: &quot;G73P03&quot;,
        &quot;ea2&quot;: &quot;Gauteng South&quot;
      }
    },
    {
      &quot;attributes&quot;: {
        &quot;owner&quot;: &quot;EBU&quot;,
        &quot;stage&quot;: &quot;Completed&quot;,
        &quot;ea1&quot;: &quot;G73P03&quot;,
        &quot;ea2&quot;: &quot;Gauteng South&quot;
      }
    },
    {
      &quot;attributes&quot;: {
        &quot;owner&quot;: &quot;EBU&quot;,
        &quot;stage&quot;: &quot;Completed&quot;,
        &quot;ea1&quot;: &quot;G70P72&quot;,
        &quot;ea2&quot;: &quot;Gauteng South&quot;
      }
    },
    {
      &quot;attributes&quot;: {
        &quot;owner&quot;: &quot;EBU&quot;,
        &quot;stage&quot;: &quot;Completed&quot;,
        &quot;ea1&quot;: &quot;G70P72&quot;,
        &quot;ea2&quot;: &quot;Gauteng South&quot;
      }
    },
    {
      &quot;attributes&quot;: {
        &quot;owner&quot;: &quot;EBU&quot;,
        &quot;stage&quot;: &quot;Completed&quot;,
        &quot;ea1&quot;: &quot;G70P71&quot;,
        &quot;ea2&quot;: &quot;Gauteng South&quot;
      }
    },
    {
      &quot;attributes&quot;: {
        &quot;owner&quot;: &quot;EBU&quot;,
        &quot;stage&quot;: &quot;Completed&quot;,
        &quot;ea1&quot;: &quot;G70P71&quot;,
        &quot;ea2&quot;: &quot;Gauteng South&quot;
      }
    },
    {
      &quot;attributes&quot;: {
        &quot;owner&quot;: &quot;EBU&quot;,
        &quot;stage&quot;: &quot;Completed&quot;,
        &quot;ea1&quot;: &quot;G70P71&quot;,
        &quot;ea2&quot;: &quot;Gauteng South&quot;
      }
    },
    {
      &quot;attributes&quot;: {
        &quot;owner&quot;: &quot;EBU&quot;,
        &quot;stage&quot;: &quot;Completed&quot;,
        &quot;ea1&quot;: &quot;G70P71&quot;,
        &quot;ea2&quot;: &quot;Gauteng South&quot;
      }
    },
    {
      &quot;attributes&quot;: {
        &quot;owner&quot;: &quot;EBU&quot;,
        &quot;stage&quot;: &quot;Completed&quot;,
        &quot;ea1&quot;: &quot;G70P71&quot;,
        &quot;ea2&quot;: &quot;Gauteng South&quot;
      }
    },
    {
      &quot;attributes&quot;: {
        &quot;owner&quot;: &quot;EBU&quot;,
        &quot;stage&quot;: &quot;Completed&quot;,
        &quot;ea1&quot;: &quot;G70P71&quot;,
        &quot;ea2&quot;: &quot;Gauteng South&quot;
      }
    },
    {
      &quot;attributes&quot;: {
        &quot;owner&quot;: &quot;EBU&quot;,
        &quot;stage&quot;: &quot;Completed&quot;,
        &quot;ea1&quot;: &quot;G70P65&quot;,
        &quot;ea2&quot;: &quot;Gauteng South&quot;
      }
    },
    {
      &quot;attributes&quot;: {
        &quot;owner&quot;: &quot;EBU&quot;,
        &quot;stage&quot;: &quot;Completed&quot;,
        &quot;ea1&quot;: &quot;G70P65&quot;,
        &quot;ea2&quot;: &quot;Gauteng South&quot;
      }
    },
    {
      &quot;attributes&quot;: {
        &quot;owner&quot;: &quot;EBU&quot;,
        &quot;stage&quot;: &quot;Completed&quot;,
        &quot;ea1&quot;: &quot;G70P65&quot;,
        &quot;ea2&quot;: &quot;Gauteng South&quot;
      }
    },
    {
      &quot;attributes&quot;: {
        &quot;owner&quot;: &quot;EBU&quot;,
        &quot;stage&quot;: &quot;Completed&quot;,
        &quot;ea1&quot;: &quot;G70P65&quot;,
        &quot;ea2&quot;: &quot;Gauteng South&quot;
      }
    },
    {
      &quot;attributes&quot;: {
        &quot;owner&quot;: &quot;EBU&quot;,
        &quot;stage&quot;: &quot;Completed&quot;,
        &quot;ea1&quot;: &quot;G70P70&quot;,
        &quot;ea2&quot;: &quot;Gauteng South&quot;
      }
    },
    {
      &quot;attributes&quot;: {
        &quot;owner&quot;: &quot;EBU&quot;,
        &quot;stage&quot;: &quot;Completed&quot;,
        &quot;ea1&quot;: &quot;G70P69&quot;,
        &quot;ea2&quot;: &quot;Gauteng South&quot;
      }
    },
    {
      &quot;attributes&quot;: {
        &quot;owner&quot;: &quot;EBU&quot;,
        &quot;stage&quot;: &quot;Completed&quot;,
        &quot;ea1&quot;: &quot;G70P69&quot;,
        &quot;ea2&quot;: &quot;Gauteng South&quot;
      }
    },
    {
      &quot;attributes&quot;: {
        &quot;owner&quot;: &quot;EBU&quot;,
        &quot;stage&quot;: &quot;Completed&quot;,
        &quot;ea1&quot;: &quot;G70P69&quot;,
        &quot;ea2&quot;: &quot;Gauteng South&quot;
      }
    },
    {
      &quot;attributes&quot;: {
        &quot;owner&quot;: &quot;EBU&quot;,
        &quot;stage&quot;: &quot;Completed&quot;,
        &quot;ea1&quot;: &quot;G70P66&quot;,
        &quot;ea2&quot;: &quot;Gauteng South&quot;
      }
    },
    {
      &quot;attributes&quot;: {
        &quot;owner&quot;: &quot;EBU&quot;,
        &quot;stage&quot;: &quot;Completed&quot;,
        &quot;ea1&quot;: &quot;G70P66&quot;,
        &quot;ea2&quot;: &quot;Gauteng South&quot;
      }
    },
    {
      &quot;attributes&quot;: {
        &quot;owner&quot;: &quot;EBU&quot;,
        &quot;stage&quot;: &quot;Completed&quot;,
        &quot;ea1&quot;: &quot;G70P73&quot;,
        &quot;ea2&quot;: &quot;Gauteng South&quot;
      }
    },
    {
      &quot;attributes&quot;: {
        &quot;owner&quot;: &quot;EBU&quot;,
        &quot;stage&quot;: &quot;Completed&quot;,
        &quot;ea1&quot;: &quot;G70P73&quot;,
        &quot;ea2&quot;: &quot;Gauteng South&quot;
      }
    },
    {
      &quot;attributes&quot;: {
        &quot;owner&quot;: &quot;EBU&quot;,
        &quot;stage&quot;: &quot;Completed&quot;,
        &quot;ea1&quot;: &quot;G59P96&quot;,
        &quot;ea2&quot;: &quot;Gauteng South&quot;
      }
    },
    {
      &quot;attributes&quot;: {
        &quot;owner&quot;: &quot;EBU&quot;,
        &quot;stage&quot;: &quot;Completed&quot;,
        &quot;ea1&quot;: &quot;G59P96&quot;,
        &quot;ea2&quot;: &quot;Gauteng South&quot;
      }
    },
    {
      &quot;attributes&quot;: {
        &quot;owner&quot;: &quot;EBU&quot;,
        &quot;stage&quot;: &quot;Completed&quot;,
        &quot;ea1&quot;: &quot;G70P64&quot;,
        &quot;ea2&quot;: &quot;Gauteng South&quot;
      }
    },
    {
      &quot;attributes&quot;: {
        &quot;owner&quot;: &quot;EBU&quot;,
        &quot;stage&quot;: &quot;Completed&quot;,
        &quot;ea1&quot;: &quot;G70P88&quot;,
        &quot;ea2&quot;: &quot;Gauteng South&quot;
      }
    },
    {
      &quot;attributes&quot;: {
        &quot;owner&quot;: &quot;EBU&quot;,
        &quot;stage&quot;: &quot;Completed&quot;,
        &quot;ea1&quot;: &quot;G70P63&quot;,
        &quot;ea2&quot;: &quot;Gauteng South&quot;
      }
    },
    {
      &quot;attributes&quot;: {
        &quot;owner&quot;: &quot;EBU&quot;,
        &quot;stage&quot;: &quot;Completed&quot;,
        &quot;ea1&quot;: &quot;G70P63&quot;,
        &quot;ea2&quot;: &quot;Gauteng South&quot;
      }
    },
    {
      &quot;attributes&quot;: {
        &quot;owner&quot;: &quot;EBU&quot;,
        &quot;stage&quot;: &quot;Completed&quot;,
        &quot;ea1&quot;: &quot;G70P63&quot;,
        &quot;ea2&quot;: &quot;Gauteng South&quot;
      }
    },
    {
      &quot;attributes&quot;: {
        &quot;owner&quot;: &quot;EBU&quot;,
        &quot;stage&quot;: &quot;Completed&quot;,
        &quot;ea1&quot;: &quot;G70P63&quot;,
        &quot;ea2&quot;: &quot;Gauteng South&quot;
      }
    },
    {
      &quot;attributes&quot;: {
        &quot;owner&quot;: &quot;EBU&quot;,
        &quot;stage&quot;: &quot;Completed&quot;,
        &quot;ea1&quot;: &quot;G70P63&quot;,
        &quot;ea2&quot;: &quot;Gauteng South&quot;
      }
    },
    {
      &quot;attributes&quot;: {
        &quot;owner&quot;: &quot;EBU&quot;,
        &quot;stage&quot;: &quot;Completed&quot;,
        &quot;ea1&quot;: &quot;G70P63&quot;,
        &quot;ea2&quot;: &quot;Gauteng South&quot;
      }
    },
    {
      &quot;attributes&quot;: {
        &quot;owner&quot;: &quot;EBU&quot;,
        &quot;stage&quot;: &quot;Completed&quot;,
        &quot;ea1&quot;: &quot;G70P63&quot;,
        &quot;ea2&quot;: &quot;Gauteng South&quot;
      }
    },
    {
      &quot;attributes&quot;: {
        &quot;owner&quot;: &quot;EBU&quot;,
        &quot;stage&quot;: &quot;Completed&quot;,
        &quot;ea1&quot;: &quot;G70P63&quot;,
        &quot;ea2&quot;: &quot;Gauteng South&quot;
      }
    },
    {
      &quot;attributes&quot;: {
        &quot;owner&quot;: &quot;EBU&quot;,
        &quot;stage&quot;: &quot;Completed&quot;,
        &quot;ea1&quot;: &quot;G70P63&quot;,
        &quot;ea2&quot;: &quot;Gauteng South&quot;
      }
    },
    {
      &quot;attributes&quot;: {
        &quot;owner&quot;: &quot;EBU&quot;,
        &quot;stage&quot;: &quot;Completed&quot;,
        &quot;ea1&quot;: &quot;G70P63&quot;,
        &quot;ea2&quot;: &quot;Gauteng South&quot;
      }
    },
    {
      &quot;attributes&quot;: {
        &quot;owner&quot;: &quot;EBU&quot;,
        &quot;stage&quot;: &quot;Completed&quot;,
        &quot;ea1&quot;: &quot;G70P63&quot;,
        &quot;ea2&quot;: &quot;Gauteng South&quot;
      }
    },
    {
      &quot;attributes&quot;: {
        &quot;owner&quot;: &quot;EBU&quot;,
        &quot;stage&quot;: &quot;Completed&quot;,
        &quot;ea1&quot;: &quot;G70P63&quot;,
        &quot;ea2&quot;: &quot;Gauteng South&quot;
      }
    },
    {
      &quot;attributes&quot;: {
        &quot;owner&quot;: &quot;EBU&quot;,
        &quot;stage&quot;: &quot;Completed&quot;,
        &quot;ea1&quot;: &quot;G70P63&quot;,
        &quot;ea2&quot;: &quot;Gauteng South&quot;
      }
    },
    {
      &quot;attributes&quot;: {
        &quot;owner&quot;: &quot;EBU&quot;,
        &quot;stage&quot;: &quot;Completed&quot;,
        &quot;ea1&quot;: &quot;G70P63&quot;,
        &quot;ea2&quot;: &quot;Gauteng South&quot;
      }
    },
    {
      &quot;attributes&quot;: {
        &quot;owner&quot;: &quot;EBU&quot;,
        &quot;stage&quot;: &quot;Completed&quot;,
        &quot;ea1&quot;: &quot;G70P63&quot;,
        &quot;ea2&quot;: &quot;Gauteng South&quot;
      }
    },
    {
      &quot;attributes&quot;: {
        &quot;owner&quot;: &quot;EBU&quot;,
        &quot;stage&quot;: &quot;Completed&quot;,
        &quot;ea1&quot;: &quot;G70P63&quot;,
        &quot;ea2&quot;: &quot;Gauteng South&quot;
      }
    },
    {
      &quot;attributes&quot;: {
        &quot;owner&quot;: &quot;EBU&quot;,
        &quot;stage&quot;: &quot;Completed&quot;,
        &quot;ea1&quot;: &quot;G70P63&quot;,
        &quot;ea2&quot;: &quot;Gauteng South&quot;
      }
    },
    {
      &quot;attributes&quot;: {
        &quot;owner&quot;: &quot;EBU&quot;,
        &quot;stage&quot;: &quot;Completed&quot;,
        &quot;ea1&quot;: &quot;G70P63&quot;,
        &quot;ea2&quot;: &quot;Gauteng South&quot;
      }
    },
    {
      &quot;attributes&quot;: {
        &quot;owner&quot;: &quot;EBU&quot;,
        &quot;stage&quot;: &quot;Completed&quot;,
        &quot;ea1&quot;: &quot;G70P63&quot;,
        &quot;ea2&quot;: &quot;Gauteng South&quot;
      }
    },
    {
      &quot;attributes&quot;: {
        &quot;owner&quot;: &quot;EBU&quot;,
        &quot;stage&quot;: &quot;Completed&quot;,
        &quot;ea1&quot;: &quot;G70P63&quot;,
        &quot;ea2&quot;: &quot;Gauteng South&quot;
      }
    },
    {
      &quot;attributes&quot;: {
        &quot;owner&quot;: &quot;EBU&quot;,
        &quot;stage&quot;: &quot;Completed&quot;,
        &quot;ea1&quot;: &quot;G70P63&quot;,
        &quot;ea2&quot;: &quot;Gauteng South&quot;
      }
    },
    {
      &quot;attributes&quot;: {
        &quot;owner&quot;: &quot;EBU&quot;,
        &quot;stage&quot;: &quot;Completed&quot;,
        &quot;ea1&quot;: &quot;G70P71&quot;,
        &quot;ea2&quot;: &quot;Gauteng South&quot;
      }
    },
    {
      &quot;attributes&quot;: {
        &quot;owner&quot;: &quot;EBU&quot;,
        &quot;stage&quot;: &quot;Completed&quot;,
        &quot;ea1&quot;: &quot;G72P56&quot;,
        &quot;ea2&quot;: &quot;Gauteng South&quot;
      }
    },
    {
      &quot;attributes&quot;: {
        &quot;owner&quot;: &quot;EBU&quot;,
        &quot;stage&quot;: &quot;Completed&quot;,
        &quot;ea1&quot;: &quot;G70P47&quot;,
        &quot;ea2&quot;: &quot;Gauteng South&quot;
      }
    },
    {
      &quot;attributes&quot;: {
        &quot;owner&quot;: &quot;EBU&quot;,
        &quot;stage&quot;: &quot;Completed&quot;,
        &quot;ea1&quot;: &quot;G70P25&quot;,
        &quot;ea2&quot;: &quot;Gauteng South&quot;
      }
    },
    {
      &quot;attributes&quot;: {
        &quot;owner&quot;: &quot;EBU&quot;,
        &quot;stage&quot;: &quot;Completed&quot;,
        &quot;ea1&quot;: &quot;G70P25&quot;,
        &quot;ea2&quot;: &quot;Gauteng South&quot;
      }
    },
    {
      &quot;attributes&quot;: {
        &quot;owner&quot;: &quot;EBU&quot;,
        &quot;stage&quot;: &quot;Completed&quot;,
        &quot;ea1&quot;: &quot;G70P25&quot;,
        &quot;ea2&quot;: &quot;Gauteng South&quot;
      }
    },
    {
      &quot;attributes&quot;: {
        &quot;owner&quot;: &quot;EBU&quot;,
        &quot;stage&quot;: &quot;Completed&quot;,
        &quot;ea1&quot;: &quot;G70P25&quot;,
        &quot;ea2&quot;: &quot;Gauteng South&quot;
      }
    },
    {
      &quot;attributes&quot;: {
        &quot;owner&quot;: &quot;EBU&quot;,
        &quot;stage&quot;: &quot;Completed&quot;,
        &quot;ea1&quot;: &quot;G70P25&quot;,
        &quot;ea2&quot;: &quot;Gauteng South&quot;
      }
    },
    {
      &quot;attributes&quot;: {
        &quot;owner&quot;: &quot;EBU&quot;,
        &quot;stage&quot;: &quot;Completed&quot;,
        &quot;ea1&quot;: &quot;Conduct Oak/Kent&quot;,
        &quot;ea2&quot;: &quot;Gauteng South&quot;
      }
    },
    {
      &quot;attributes&quot;: {
        &quot;owner&quot;: &quot;EBU&quot;,
        &quot;stage&quot;: &quot;Completed&quot;,
        &quot;ea1&quot;: &quot;G70P25&quot;,
        &quot;ea2&quot;: &quot;Gauteng South&quot;
      }
    },
    {
      &quot;attributes&quot;: {
        &quot;owner&quot;: &quot;EBU&quot;,
        &quot;stage&quot;: &quot;Completed&quot;,
        &quot;ea1&quot;: &quot;G70P25&quot;,
        &quot;ea2&quot;: &quot;Gauteng South&quot;
      }
    },
    {
      &quot;attributes&quot;: {
        &quot;owner&quot;: &quot;EBU&quot;,
        &quot;stage&quot;: &quot;Completed&quot;,
        &quot;ea1&quot;: &quot;G70P25&quot;,
        &quot;ea2&quot;: &quot;Gauteng South&quot;
      }
    },
    {
      &quot;attributes&quot;: {
        &quot;owner&quot;: &quot;EBU&quot;,
        &quot;stage&quot;: &quot;Completed&quot;,
        &quot;ea1&quot;: &quot;G70P25&quot;,
        &quot;ea2&quot;: &quot;Gauteng South&quot;
      }
    },
    {
      &quot;attributes&quot;: {
        &quot;owner&quot;: &quot;EBU&quot;,
        &quot;stage&quot;: &quot;Completed&quot;,
        &quot;ea1&quot;: &quot;G70P25&quot;,
        &quot;ea2&quot;: &quot;Gauteng South&quot;
      }
    },
    {
      &quot;attributes&quot;: {
        &quot;owner&quot;: &quot;EBU&quot;,
        &quot;stage&quot;: &quot;Completed&quot;,
        &quot;ea1&quot;: &quot;G70P25&quot;,
        &quot;ea2&quot;: &quot;Gauteng South&quot;
      }
    },
    {
      &quot;attributes&quot;: {
        &quot;owner&quot;: &quot;EBU&quot;,
        &quot;stage&quot;: &quot;Completed&quot;,
        &quot;ea1&quot;: &quot;G70P25&quot;,
        &quot;ea2&quot;: &quot;Gauteng South&quot;
      }
    },
    {
      &quot;attributes&quot;: {
        &quot;owner&quot;: &quot;EBU&quot;,
        &quot;stage&quot;: &quot;Completed&quot;,
        &quot;ea1&quot;: &quot;G70P25&quot;,
        &quot;ea2&quot;: &quot;Gauteng South&quot;
      }
    },
    {
      &quot;attributes&quot;: {
        &quot;owner&quot;: &quot;EBU&quot;,
        &quot;stage&quot;: &quot;Completed&quot;,
        &quot;ea1&quot;: &quot;G70P25&quot;,
        &quot;ea2&quot;: &quot;Gauteng South&quot;
      }
    },
    {
      &quot;attributes&quot;: {
        &quot;owner&quot;: &quot;EBU&quot;,
        &quot;stage&quot;: &quot;Completed&quot;,
        &quot;ea1&quot;: &quot;G70P25&quot;,
        &quot;ea2&quot;: &quot;Gauteng South&quot;
      }
    },
    {
      &quot;attributes&quot;: {
        &quot;owner&quot;: &quot;EBU&quot;,
        &quot;stage&quot;: &quot;Completed&quot;,
        &quot;ea1&quot;: &quot;G70P25&quot;,
        &quot;ea2&quot;: &quot;Gauteng South&quot;
      }
    },
    {
      &quot;attributes&quot;: {
        &quot;owner&quot;: &quot;EBU&quot;,
        &quot;stage&quot;: &quot;Completed&quot;,
        &quot;ea1&quot;: &quot;G70P25&quot;,
        &quot;ea2&quot;: &quot;Gauteng South&quot;
      }
    },
    {
      &quot;attributes&quot;: {
        &quot;owner&quot;: &quot;EBU&quot;,
        &quot;stage&quot;: &quot;Completed&quot;,
        &quot;ea1&quot;: &quot;G70P25&quot;,
        &quot;ea2&quot;: &quot;Gauteng South&quot;
      }
    },
    {
      &quot;attributes&quot;: {
        &quot;owner&quot;: &quot;EBU&quot;,
        &quot;stage&quot;: &quot;Completed&quot;,
        &quot;ea1&quot;: &quot;G70P25&quot;,
        &quot;ea2&quot;: &quot;Gauteng South&quot;
      }
    },
    {
      &quot;attributes&quot;: {
        &quot;owner&quot;: &quot;EBU&quot;,
        &quot;stage&quot;: &quot;Completed&quot;,
        &quot;ea1&quot;: &quot;G70P25&quot;,
        &quot;ea2&quot;: &quot;Gauteng South&quot;
      }
    },
    {
      &quot;attributes&quot;: {
        &quot;owner&quot;: &quot;EBU&quot;,
        &quot;stage&quot;: &quot;Completed&quot;,
        &quot;ea1&quot;: &quot;G70P25&quot;,
        &quot;ea2&quot;: &quot;Gauteng South&quot;
      }
    },
    {
      &quot;attributes&quot;: {
        &quot;owner&quot;: &quot;EBU&quot;,
        &quot;stage&quot;: &quot;Completed&quot;,
        &quot;ea1&quot;: &quot;G70P25&quot;,
        &quot;ea2&quot;: &quot;Gauteng South&quot;
      }
    },
    {
      &quot;attributes&quot;: {
        &quot;owner&quot;: &quot;EBU&quot;,
        &quot;stage&quot;: &quot;Completed&quot;,
        &quot;ea1&quot;: &quot;G70P25&quot;,
        &quot;ea2&quot;: &quot;Gauteng South&quot;
      }
    },
    {
      &quot;attributes&quot;: {
        &quot;owner&quot;: &quot;EBU&quot;,
        &quot;stage&quot;: &quot;Completed&quot;,
        &quot;ea1&quot;: &quot;G70P25&quot;,
        &quot;ea2&quot;: &quot;Gauteng South&quot;
      }
    },
    {
      &quot;attributes&quot;: {
        &quot;owner&quot;: &quot;EBU&quot;,
        &quot;stage&quot;: &quot;Completed&quot;,
        &quot;ea1&quot;: &quot;G70P25&quot;,
        &quot;ea2&quot;: &quot;Gauteng South&quot;
      }
    },
    {
      &quot;attributes&quot;: {
        &quot;owner&quot;: &quot;EBU&quot;,
        &quot;stage&quot;: &quot;Completed&quot;,
        &quot;ea1&quot;: &quot;G70P25&quot;,
        &quot;ea2&quot;: &quot;Gauteng South&quot;
      }
    },
    {
      &quot;attributes&quot;: {
        &quot;owner&quot;: &quot;EBU&quot;,
        &quot;stage&quot;: &quot;Completed&quot;,
        &quot;ea1&quot;: &quot;G70P25&quot;,
        &quot;ea2&quot;: &quot;Gauteng South&quot;
      }
    },
    {
      &quot;attributes&quot;: {
        &quot;owner&quot;: &quot;EBU&quot;,
        &quot;stage&quot;: &quot;Completed&quot;,
        &quot;ea1&quot;: &quot;G70P26&quot;,
        &quot;ea2&quot;: &quot;Gauteng South&quot;
      }
    },
    {
      &quot;attributes&quot;: {
        &quot;owner&quot;: &quot;EBU&quot;,
        &quot;stage&quot;: &quot;Completed&quot;,
        &quot;ea1&quot;: &quot;G70P26&quot;,
        &quot;ea2&quot;: &quot;Gauteng South&quot;
      }
    },
    {
      &quot;attributes&quot;: {
        &quot;owner&quot;: &quot;EBU&quot;,
        &quot;stage&quot;: &quot;Completed&quot;,
        &quot;ea1&quot;: &quot;G70P26&quot;,
        &quot;ea2&quot;: &quot;Gauteng South&quot;
      }
    },
    {
      &quot;attributes&quot;: {
        &quot;owner&quot;: &quot;EBU&quot;,
        &quot;stage&quot;: &quot;Completed&quot;,
        &quot;ea1&quot;: &quot;G70P26&quot;,
        &quot;ea2&quot;: &quot;Gauteng South&quot;
      }
    },
    {
      &quot;attributes&quot;: {
        &quot;owner&quot;: &quot;EBU&quot;,
        &quot;stage&quot;: &quot;Completed&quot;,
        &quot;ea1&quot;: &quot;G70P26&quot;,
        &quot;ea2&quot;: &quot;Gauteng South&quot;
      }
    },
    {
      &quot;attributes&quot;: {
        &quot;owner&quot;: &quot;EBU&quot;,
        &quot;stage&quot;: &quot;Completed&quot;,
        &quot;ea1&quot;: &quot;G70P26&quot;,
        &quot;ea2&quot;: &quot;Gauteng South&quot;
      }
    },
    {
      &quot;attributes&quot;: {
        &quot;owner&quot;: &quot;EBU&quot;,
        &quot;stage&quot;: &quot;Completed&quot;,
        &quot;ea1&quot;: &quot;G70P26&quot;,
        &quot;ea2&quot;: &quot;Gauteng South&quot;
      }
    },
    {
      &quot;attributes&quot;: {
        &quot;owner&quot;: &quot;EBU&quot;,
        &quot;stage&quot;: &quot;Completed&quot;,
        &quot;ea1&quot;: &quot;G70P27&quot;,
        &quot;ea2&quot;: &quot;Gauteng South&quot;
      }
    },
    {
      &quot;attributes&quot;: {
        &quot;owner&quot;: &quot;EBU&quot;,
        &quot;stage&quot;: &quot;Completed&quot;,
        &quot;ea1&quot;: &quot;G70P27&quot;,
        &quot;ea2&quot;: &quot;Gauteng South&quot;
      }
    },
    {
      &quot;attributes&quot;: {
        &quot;owner&quot;: &quot;EBU&quot;,
        &quot;stage&quot;: &quot;Completed&quot;,
        &quot;ea1&quot;: &quot;G70P27&quot;,
        &quot;ea2&quot;: &quot;Gauteng South&quot;
      }
    },
    {
      &quot;attributes&quot;: {
        &quot;owner&quot;: &quot;EBU&quot;,
        &quot;stage&quot;: &quot;Completed&quot;,
        &quot;ea1&quot;: &quot;G70P27&quot;,
        &quot;ea2&quot;: &quot;Gauteng South&quot;
      }
    },
    {
      &quot;attributes&quot;: {
        &quot;owner&quot;: &quot;EBU&quot;,
        &quot;stage&quot;: &quot;Completed&quot;,
        &quot;ea1&quot;: &quot;G70P27&quot;,
        &quot;ea2&quot;: &quot;Gauteng South&quot;
      }
    },
    {
      &quot;attributes&quot;: {
        &quot;owner&quot;: &quot;EBU&quot;,
        &quot;stage&quot;: &quot;Completed&quot;,
        &quot;ea1&quot;: &quot;G70P27&quot;,
        &quot;ea2&quot;: &quot;Gauteng South&quot;
      }
    },
    {
      &quot;attributes&quot;: {
        &quot;owner&quot;: &quot;EBU&quot;,
        &quot;stage&quot;: &quot;Completed&quot;,
        &quot;ea1&quot;: &quot;G70P27&quot;,
        &quot;ea2&quot;: &quot;Gauteng South&quot;
      }
    },
    {
      &quot;attributes&quot;: {
        &quot;owner&quot;: &quot;EBU&quot;,
        &quot;stage&quot;: &quot;Completed&quot;,
        &quot;ea1&quot;: &quot;G70P27&quot;,
        &quot;ea2&quot;: &quot;Gauteng South&quot;
      }
    },
    {
      &quot;attributes&quot;: {
        &quot;owner&quot;: &quot;EBU&quot;,
        &quot;stage&quot;: &quot;Completed&quot;,
        &quot;ea1&quot;: &quot;G70P27&quot;,
        &quot;ea2&quot;: &quot;Gauteng South&quot;
      }
    },
    {
      &quot;attributes&quot;: {
        &quot;owner&quot;: &quot;EBU&quot;,
        &quot;stage&quot;: &quot;Completed&quot;,
        &quot;ea1&quot;: &quot;G70P27&quot;,
        &quot;ea2&quot;: &quot;Gauteng South&quot;
      }
    },
    {
      &quot;attributes&quot;: {
        &quot;owner&quot;: &quot;EBU&quot;,
        &quot;stage&quot;: &quot;Completed&quot;,
        &quot;ea1&quot;: &quot;G70P27&quot;,
        &quot;ea2&quot;: &quot;Gauteng South&quot;
      }
    },
    {
      &quot;attributes&quot;: {
        &quot;owner&quot;: &quot;EBU&quot;,
        &quot;stage&quot;: &quot;Completed&quot;,
        &quot;ea1&quot;: &quot;G70P27&quot;,
        &quot;ea2&quot;: &quot;Gauteng South&quot;
      }
    },
    {
      &quot;attributes&quot;: {
        &quot;owner&quot;: &quot;EBU&quot;,
        &quot;stage&quot;: &quot;Completed&quot;,
        &quot;ea1&quot;: &quot;G70P27&quot;,
        &quot;ea2&quot;: &quot;Gauteng South&quot;
      }
    },
    {
      &quot;attributes&quot;: {
        &quot;owner&quot;: &quot;EBU&quot;,
        &quot;stage&quot;: &quot;Completed&quot;,
        &quot;ea1&quot;: &quot;G70P28&quot;,
        &quot;ea2&quot;: &quot;Gauteng South&quot;
      }
    },
    {
      &quot;attributes&quot;: {
        &quot;owner&quot;: &quot;EBU&quot;,
        &quot;stage&quot;: &quot;Completed&quot;,
        &quot;ea1&quot;: &quot;G70P28&quot;,
        &quot;ea2&quot;: &quot;Gauteng South&quot;
      }
    },
    {
      &quot;attributes&quot;: {
        &quot;owner&quot;: &quot;EBU&quot;,
        &quot;stage&quot;: &quot;Completed&quot;,
        &quot;ea1&quot;: &quot;G70P28&quot;,
        &quot;ea2&quot;: &quot;Gauteng South&quot;
      }
    },
    {
      &quot;attributes&quot;: {
        &quot;owner&quot;: &quot;EBU&quot;,
        &quot;stage&quot;: &quot;Completed&quot;,
        &quot;ea1&quot;: &quot;G70P28&quot;,
        &quot;ea2&quot;: &quot;Gauteng South&quot;
      }
    },
    {
      &quot;attributes&quot;: {
        &quot;owner&quot;: &quot;EBU&quot;,
        &quot;stage&quot;: &quot;Completed&quot;,
        &quot;ea1&quot;: &quot;G70P28&quot;,
        &quot;ea2&quot;: &quot;Gauteng South&quot;
      }
    },
    {
      &quot;attributes&quot;: {
        &quot;owner&quot;: &quot;EBU&quot;,
        &quot;stage&quot;: &quot;Completed&quot;,
        &quot;ea1&quot;: &quot;G70P28&quot;,
        &quot;ea2&quot;: &quot;Gauteng South&quot;
      }
    },
    {
      &quot;attributes&quot;: {
        &quot;owner&quot;: &quot;EBU&quot;,
        &quot;stage&quot;: &quot;Completed&quot;,
        &quot;ea1&quot;: &quot;G70P28&quot;,
        &quot;ea2&quot;: &quot;Gauteng South&quot;
      }
    },
    {
      &quot;attributes&quot;: {
        &quot;owner&quot;: &quot;EBU&quot;,
        &quot;stage&quot;: &quot;Completed&quot;,
        &quot;ea1&quot;: &quot;G70P28&quot;,
        &quot;ea2&quot;: &quot;Gauteng South&quot;
      }
    },
    {
      &quot;attributes&quot;: {
        &quot;owner&quot;: &quot;EBU&quot;,
        &quot;stage&quot;: &quot;Completed&quot;,
        &quot;ea1&quot;: &quot;G70P27&quot;,
        &quot;ea2&quot;: &quot;Gauteng South&quot;
      }
    },
    {
      &quot;attributes&quot;: {
        &quot;owner&quot;: &quot;EBU&quot;,
        &quot;stage&quot;: &quot;Completed&quot;,
        &quot;ea1&quot;: &quot;NB70P31&quot;,
        &quot;ea2&quot;: &quot;Northern Region&quot;
      }
    },
    {
      &quot;attributes&quot;: {
        &quot;owner&quot;: &quot;EBU&quot;,
        &quot;stage&quot;: &quot;Completed&quot;,
        &quot;ea1&quot;: &quot;NB70P31&quot;,
        &quot;ea2&quot;: &quot;Northern Region&quot;
      }
    },
    {
      &quot;attributes&quot;: {
        &quot;owner&quot;: &quot;EBU&quot;,
        &quot;stage&quot;: &quot;Completed&quot;,
        &quot;ea1&quot;: &quot;NB70P31&quot;,
        &quot;ea2&quot;: &quot;Northern Region&quot;
      }
    },
    {
      &quot;attributes&quot;: {
        &quot;owner&quot;: &quot;EBU&quot;,
        &quot;stage&quot;: &quot;Completed&quot;,
        &quot;ea1&quot;: &quot;NB70P31&quot;,
        &quot;ea2&quot;: &quot;Northern Region&quot;
      }
    },
    {
      &quot;attributes&quot;: {
        &quot;owner&quot;: &quot;EBU&quot;,
        &quot;stage&quot;: &quot;Completed&quot;,
        &quot;ea1&quot;: &quot;NB70P31&quot;,
        &quot;ea2&quot;: &quot;Northern Region&quot;
      }
    },
    {
      &quot;attributes&quot;: {
        &quot;owner&quot;: &quot;EBU&quot;,
        &quot;stage&quot;: &quot;Completed&quot;,
        &quot;ea1&quot;: &quot;NB70P31&quot;,
        &quot;ea2&quot;: &quot;Northern Region&quot;
      }
    },
    {
      &quot;attributes&quot;: {
        &quot;owner&quot;: &quot;EBU&quot;,
        &quot;stage&quot;: &quot;Completed&quot;,
        &quot;ea1&quot;: &quot;NB70P31&quot;,
        &quot;ea2&quot;: &quot;Northern Region&quot;
      }
    },
    {
      &quot;attributes&quot;: {
        &quot;owner&quot;: &quot;EBU&quot;,
        &quot;stage&quot;: &quot;Completed&quot;,
        &quot;ea1&quot;: &quot;NB70P31&quot;,
        &quot;ea2&quot;: &quot;Northern Region&quot;
      }
    },
    {
      &quot;attributes&quot;: {
        &quot;owner&quot;: &quot;EBU&quot;,
        &quot;stage&quot;: &quot;Completed&quot;,
        &quot;ea1&quot;: &quot;NB70P31&quot;,
        &quot;ea2&quot;: &quot;Northern Region&quot;
      }
    },
    {
      &quot;attributes&quot;: {
        &quot;owner&quot;: &quot;EBU&quot;,
        &quot;stage&quot;: &quot;Completed&quot;,
        &quot;ea1&quot;: &quot;NB70P31&quot;,
        &quot;ea2&quot;: &quot;Northern Region&quot;
      }
    },
    {
      &quot;attributes&quot;: {
        &quot;owner&quot;: &quot;EBU&quot;,
        &quot;stage&quot;: &quot;Completed&quot;,
        &quot;ea1&quot;: &quot;NB70P31&quot;,
        &quot;ea2&quot;: &quot;Northern Region&quot;
      }
    },
    {
      &quot;attributes&quot;: {
        &quot;owner&quot;: &quot;EBU&quot;,
        &quot;stage&quot;: &quot;Completed&quot;,
        &quot;ea1&quot;: &quot;NB70P13&quot;,
        &quot;ea2&quot;: &quot;Northern Region&quot;
      }
    },
    {
      &quot;attributes&quot;: {
        &quot;owner&quot;: &quot;EBU&quot;,
        &quot;stage&quot;: &quot;Completed&quot;,
        &quot;ea1&quot;: &quot;NB70P31&quot;,
        &quot;ea2&quot;: &quot;Northern Region&quot;
      }
    },
    {
      &quot;attributes&quot;: {
        &quot;owner&quot;: &quot;EBU&quot;,
        &quot;stage&quot;: &quot;Completed&quot;,
        &quot;ea1&quot;: &quot;NB70P31&quot;,
        &quot;ea2&quot;: &quot;Northern Region&quot;
      }
    },
    {
      &quot;attributes&quot;: {
        &quot;owner&quot;: &quot;EBU&quot;,
        &quot;stage&quot;: &quot;Completed&quot;,
        &quot;ea1&quot;: &quot;NB7031&quot;,
        &quot;ea2&quot;: &quot;Northern Region&quot;
      }
    },
    {
      &quot;attributes&quot;: {
        &quot;owner&quot;: &quot;EBU&quot;,
        &quot;stage&quot;: &quot;Completed&quot;,
        &quot;ea1&quot;: &quot;NB70P31&quot;,
        &quot;ea2&quot;: &quot;Northern Region&quot;
      }
    },
    {
      &quot;attributes&quot;: {
        &quot;owner&quot;: &quot;EBU&quot;,
        &quot;stage&quot;: &quot;Completed&quot;,
        &quot;ea1&quot;: &quot;NB70P31&quot;,
        &quot;ea2&quot;: &quot;Northern Region&quot;
      }
    },
    {
      &quot;attributes&quot;: {
        &quot;owner&quot;: &quot;EBU&quot;,
        &quot;stage&quot;: &quot;Completed&quot;,
        &quot;ea1&quot;: &quot;G70P33&quot;,
        &quot;ea2&quot;: &quot;Gauteng South&quot;
      }
    },
    {
      &quot;attributes&quot;: {
        &quot;owner&quot;: &quot;EBU&quot;,
        &quot;stage&quot;: &quot;Completed&quot;,
        &quot;ea1&quot;: &quot;G70P33&quot;,
        &quot;ea2&quot;: &quot;Gauteng South&quot;
      }
    },
    {
      &quot;attributes&quot;: {
        &quot;owner&quot;: &quot;EBU&quot;,
        &quot;stage&quot;: &quot;Completed&quot;,
        &quot;ea1&quot;: &quot;G70P33&quot;,
        &quot;ea2&quot;: &quot;Gauteng South&quot;
      }
    },
    {
      &quot;attributes&quot;: {
        &quot;owner&quot;: &quot;EBU&quot;,
        &quot;stage&quot;: &quot;Completed&quot;,
        &quot;ea1&quot;: &quot;G70P33&quot;,
        &quot;ea2&quot;: &quot;Gauteng South&quot;
      }
    },
    {
      &quot;attributes&quot;: {
        &quot;owner&quot;: &quot;EBU&quot;,
        &quot;stage&quot;: &quot;Completed&quot;,
        &quot;ea1&quot;: &quot;G70P33&quot;,
        &quot;ea2&quot;: &quot;Gauteng South&quot;
      }
    },
    {
      &quot;attributes&quot;: {
        &quot;owner&quot;: &quot;EBU&quot;,
        &quot;stage&quot;: &quot;Completed&quot;,
        &quot;ea1&quot;: &quot;G70P33&quot;,
        &quot;ea2&quot;: &quot;Gauteng South&quot;
      }
    },
    {
      &quot;attributes&quot;: {
        &quot;owner&quot;: &quot;EBU&quot;,
        &quot;stage&quot;: &quot;Completed&quot;,
        &quot;ea1&quot;: &quot;G70P33&quot;,
        &quot;ea2&quot;: &quot;Gauteng South&quot;
      }
    },
    {
      &quot;attributes&quot;: {
        &quot;owner&quot;: &quot;EBU&quot;,
        &quot;stage&quot;: &quot;Completed&quot;,
        &quot;ea1&quot;: &quot;G70P33&quot;,
        &quot;ea2&quot;: &quot;Gauteng South&quot;
      }
    },
    {
      &quot;attributes&quot;: {
        &quot;owner&quot;: &quot;EBU&quot;,
        &quot;stage&quot;: &quot;Completed&quot;,
        &quot;ea1&quot;: &quot;G70P33&quot;,
        &quot;ea2&quot;: &quot;Gauteng South&quot;
      }
    },
    {
      &quot;attributes&quot;: {
        &quot;owner&quot;: &quot;EBU&quot;,
        &quot;stage&quot;: &quot;Completed&quot;,
        &quot;ea1&quot;: &quot;G70P33&quot;,
        &quot;ea2&quot;: &quot;Gauteng South&quot;
      }
    },
    {
      &quot;attributes&quot;: {
        &quot;owner&quot;: &quot;EBU&quot;,
        &quot;stage&quot;: &quot;Completed&quot;,
        &quot;ea1&quot;: &quot;G70P33&quot;,
        &quot;ea2&quot;: &quot;Gauteng South&quot;
      }
    },
    {
      &quot;attributes&quot;: {
        &quot;owner&quot;: &quot;EBU&quot;,
        &quot;stage&quot;: &quot;Completed&quot;,
        &quot;ea1&quot;: &quot;G70P33&quot;,
        &quot;ea2&quot;: &quot;Gauteng South&quot;
      }
    },
    {
      &quot;attributes&quot;: {
        &quot;owner&quot;: &quot;EBU&quot;,
        &quot;stage&quot;: &quot;Completed&quot;,
        &quot;ea1&quot;: &quot;G70P33&quot;,
        &quot;ea2&quot;: &quot;Gauteng South&quot;
      }
    },
    {
      &quot;attributes&quot;: {
        &quot;owner&quot;: &quot;EBU&quot;,
        &quot;stage&quot;: &quot;Completed&quot;,
        &quot;ea1&quot;: &quot;G70P33&quot;,
        &quot;ea2&quot;: &quot;Gauteng South&quot;
      }
    },
    {
      &quot;attributes&quot;: {
        &quot;owner&quot;: &quot;EBU&quot;,
        &quot;stage&quot;: &quot;Completed&quot;,
        &quot;ea1&quot;: &quot;G70P33&quot;,
        &quot;ea2&quot;: &quot;Gauteng South&quot;
      }
    },
    {
      &quot;attributes&quot;: {
        &quot;owner&quot;: &quot;EBU&quot;,
        &quot;stage&quot;: &quot;Completed&quot;,
        &quot;ea1&quot;: &quot;G70P33&quot;,
        &quot;ea2&quot;: &quot;Gauteng South&quot;
      }
    },
    {
      &quot;attributes&quot;: {
        &quot;owner&quot;: &quot;EBU&quot;,
        &quot;stage&quot;: &quot;Completed&quot;,
        &quot;ea1&quot;: &quot;G70P33&quot;,
        &quot;ea2&quot;: &quot;Gauteng South&quot;
      }
    },
    {
      &quot;attributes&quot;: {
        &quot;owner&quot;: &quot;EBU&quot;,
        &quot;stage&quot;: &quot;Completed&quot;,
        &quot;ea1&quot;: &quot;G70P50&quot;,
        &quot;ea2&quot;: &quot;Gauteng South&quot;
      }
    },
    {
      &quot;attributes&quot;: {
        &quot;owner&quot;: &quot;EBU&quot;,
        &quot;stage&quot;: &quot;Completed&quot;,
        &quot;ea1&quot;: &quot;G70P50&quot;,
        &quot;ea2&quot;: &quot;Gauteng South&quot;
      }
    },
    {
      &quot;attributes&quot;: {
        &quot;owner&quot;: &quot;EBU&quot;,
        &quot;stage&quot;: &quot;Completed&quot;,
        &quot;ea1&quot;: &quot;G70P50&quot;,
        &quot;ea2&quot;: &quot;Gauteng South&quot;
      }
    },
    {
      &quot;attributes&quot;: {
        &quot;owner&quot;: &quot;EBU&quot;,
        &quot;stage&quot;: &quot;Completed&quot;,
        &quot;ea1&quot;: &quot;G70P50&quot;,
        &quot;ea2&quot;: &quot;Gauteng South&quot;
      }
    },
    {
      &quot;attributes&quot;: {
        &quot;owner&quot;: &quot;EBU&quot;,
        &quot;stage&quot;: &quot;Completed&quot;,
        &quot;ea1&quot;: &quot;G70P50&quot;,
        &quot;ea2&quot;: &quot;Gauteng South&quot;
      }
    },
    {
      &quot;attributes&quot;: {
        &quot;owner&quot;: &quot;EBU&quot;,
        &quot;stage&quot;: &quot;Completed&quot;,
        &quot;ea1&quot;: &quot;G70P50&quot;,
        &quot;ea2&quot;: &quot;Gauteng South&quot;
      }
    },
    {
      &quot;attributes&quot;: {
        &quot;owner&quot;: &quot;EBU&quot;,
        &quot;stage&quot;: &quot;Completed&quot;,
        &quot;ea1&quot;: &quot;G70P50&quot;,
        &quot;ea2&quot;: &quot;Gauteng South&quot;
      }
    },
    {
      &quot;attributes&quot;: {
        &quot;owner&quot;: &quot;EBU&quot;,
        &quot;stage&quot;: &quot;Completed&quot;,
        &quot;ea1&quot;: &quot;G70P50&quot;,
        &quot;ea2&quot;: &quot;Gauteng South&quot;
      }
    },
    {
      &quot;attributes&quot;: {
        &quot;owner&quot;: &quot;EBU&quot;,
        &quot;stage&quot;: &quot;Completed&quot;,
        &quot;ea1&quot;: &quot;G70P50&quot;,
        &quot;ea2&quot;: &quot;Gauteng South&quot;
      }
    },
    {
      &quot;attributes&quot;: {
        &quot;owner&quot;: &quot;EBU&quot;,
        &quot;stage&quot;: &quot;Completed&quot;,
        &quot;ea1&quot;: &quot;G70P50&quot;,
        &quot;ea2&quot;: &quot;Gauteng South&quot;
      }
    },
    {
      &quot;attributes&quot;: {
        &quot;owner&quot;: &quot;EBU&quot;,
        &quot;stage&quot;: &quot;Completed&quot;,
        &quot;ea1&quot;: &quot;G70P50&quot;,
        &quot;ea2&quot;: &quot;Gauteng South&quot;
      }
    },
    {
      &quot;attributes&quot;: {
        &quot;owner&quot;: &quot;EBU&quot;,
        &quot;stage&quot;: &quot;Completed&quot;,
        &quot;ea1&quot;: &quot;G70P50&quot;,
        &quot;ea2&quot;: &quot;Gauteng South&quot;
      }
    },
    {
      &quot;attributes&quot;: {
        &quot;owner&quot;: &quot;EBU&quot;,
        &quot;stage&quot;: &quot;Completed&quot;,
        &quot;ea1&quot;: &quot;G70P50&quot;,
        &quot;ea2&quot;: &quot;Gauteng South&quot;
      }
    },
    {
      &quot;attributes&quot;: {
        &quot;owner&quot;: &quot;EBU&quot;,
        &quot;stage&quot;: &quot;Completed&quot;,
        &quot;ea1&quot;: &quot;G70P50&quot;,
        &quot;ea2&quot;: &quot;Gauteng South&quot;
      }
    },
    {
      &quot;attributes&quot;: {
        &quot;owner&quot;: &quot;EBU&quot;,
        &quot;stage&quot;: &quot;Completed&quot;,
        &quot;ea1&quot;: &quot;G70P50&quot;,
        &quot;ea2&quot;: &quot;Gauteng South&quot;
      }
    },
    {
      &quot;attributes&quot;: {
        &quot;owner&quot;: &quot;EBU&quot;,
        &quot;stage&quot;: &quot;Completed&quot;,
        &quot;ea1&quot;: &quot;G70P50&quot;,
        &quot;ea2&quot;: &quot;Gauteng South&quot;
      }
    },
    {
      &quot;attributes&quot;: {
        &quot;owner&quot;: &quot;EBU&quot;,
        &quot;stage&quot;: &quot;Completed&quot;,
        &quot;ea1&quot;: &quot;G70P50&quot;,
        &quot;ea2&quot;: &quot;Gauteng South&quot;
      }
    },
    {
      &quot;attributes&quot;: {
        &quot;owner&quot;: &quot;EBU&quot;,
        &quot;stage&quot;: &quot;Completed&quot;,
        &quot;ea1&quot;: &quot;G70P50&quot;,
        &quot;ea2&quot;: &quot;Gauteng South&quot;
      }
    },
    {
      &quot;attributes&quot;: {
        &quot;owner&quot;: &quot;EBU&quot;,
        &quot;stage&quot;: &quot;Completed&quot;,
        &quot;ea1&quot;: &quot;G70P50&quot;,
        &quot;ea2&quot;: &quot;Gauteng South&quot;
      }
    },
    {
      &quot;attributes&quot;: {
        &quot;owner&quot;: &quot;EBU&quot;,
        &quot;stage&quot;: &quot;Completed&quot;,
        &quot;ea1&quot;: &quot;G70P50&quot;,
        &quot;ea2&quot;: &quot;Gauteng South&quot;
      }
    },
    {
      &quot;attributes&quot;: {
        &quot;owner&quot;: &quot;EBU&quot;,
        &quot;stage&quot;: &quot;Completed&quot;,
        &quot;ea1&quot;: &quot;G70P50&quot;,
        &quot;ea2&quot;: &quot;Gauteng South&quot;
      }
    },
    {
      &quot;attributes&quot;: {
        &quot;owner&quot;: &quot;EBU&quot;,
        &quot;stage&quot;: &quot;Completed&quot;,
        &quot;ea1&quot;: &quot;G70P50&quot;,
        &quot;ea2&quot;: &quot;Gauteng South&quot;
      }
    },
    {
      &quot;attributes&quot;: {
        &quot;owner&quot;: &quot;EBU&quot;,
        &quot;stage&quot;: &quot;Completed&quot;,
        &quot;ea1&quot;: &quot;G70P50&quot;,
        &quot;ea2&quot;: &quot;Gauteng South&quot;
      }
    },
    {
      &quot;attributes&quot;: {
        &quot;owner&quot;: &quot;EBU&quot;,
        &quot;stage&quot;: &quot;Completed&quot;,
        &quot;ea1&quot;: &quot;G70P50&quot;,
        &quot;ea2&quot;: &quot;Gauteng South&quot;
      }
    },
    {
      &quot;attributes&quot;: {
        &quot;owner&quot;: &quot;EBU&quot;,
        &quot;stage&quot;: &quot;Completed&quot;,
        &quot;ea1&quot;: &quot;G70P50&quot;,
        &quot;ea2&quot;: &quot;Gauteng South&quot;
      }
    },
    {
      &quot;attributes&quot;: {
        &quot;owner&quot;: &quot;EBU&quot;,
        &quot;stage&quot;: &quot;Completed&quot;,
        &quot;ea1&quot;: &quot;G70P50&quot;,
        &quot;ea2&quot;: &quot;Gauteng South&quot;
      }
    },
    {
      &quot;attributes&quot;: {
        &quot;owner&quot;: &quot;EBU&quot;,
        &quot;stage&quot;: &quot;Completed&quot;,
        &quot;ea1&quot;: &quot;G70P50&quot;,
        &quot;ea2&quot;: &quot;Gauteng South&quot;
      }
    },
    {
      &quot;attributes&quot;: {
        &quot;owner&quot;: &quot;EBU&quot;,
        &quot;stage&quot;: &quot;Completed&quot;,
        &quot;ea1&quot;: &quot;G70P50&quot;,
        &quot;ea2&quot;: &quot;Gauteng South&quot;
      }
    },
    {
      &quot;attributes&quot;: {
        &quot;owner&quot;: &quot;EBU&quot;,
        &quot;stage&quot;: &quot;Completed&quot;,
        &quot;ea1&quot;: &quot;G70P50&quot;,
        &quot;ea2&quot;: &quot;Gauteng South&quot;
      }
    },
    {
      &quot;attributes&quot;: {
        &quot;owner&quot;: &quot;EBU&quot;,
        &quot;stage&quot;: &quot;Completed&quot;,
        &quot;ea1&quot;: &quot;G70P50&quot;,
        &quot;ea2&quot;: &quot;Gauteng South&quot;
      }
    },
    {
      &quot;attributes&quot;: {
        &quot;owner&quot;: &quot;EBU&quot;,
        &quot;stage&quot;: &quot;Completed&quot;,
        &quot;ea1&quot;: &quot;G70P50&quot;,
        &quot;ea2&quot;: &quot;Gauteng South&quot;
      }
    },
    {
      &quot;attributes&quot;: {
        &quot;owner&quot;: &quot;EBU&quot;,
        &quot;stage&quot;: &quot;Completed&quot;,
        &quot;ea1&quot;: &quot;G70P50&quot;,
        &quot;ea2&quot;: &quot;Gauteng South&quot;
      }
    },
    {
      &quot;attributes&quot;: {
        &quot;owner&quot;: &quot;EBU&quot;,
        &quot;stage&quot;: &quot;Completed&quot;,
        &quot;ea1&quot;: &quot;G70P50&quot;,
        &quot;ea2&quot;: &quot;Gauteng South&quot;
      }
    },
    {
      &quot;attributes&quot;: {
        &quot;owner&quot;: &quot;EBU&quot;,
        &quot;stage&quot;: &quot;Completed&quot;,
        &quot;ea1&quot;: &quot;G70P50&quot;,
        &quot;ea2&quot;: &quot;Gauteng South&quot;
      }
    },
    {
      &quot;attributes&quot;: {
        &quot;owner&quot;: &quot;EBU&quot;,
        &quot;stage&quot;: &quot;Completed&quot;,
        &quot;ea1&quot;: &quot;G70P30&quot;,
        &quot;ea2&quot;: &quot;Gauteng South&quot;
      }
    },
    {
      &quot;attributes&quot;: {
        &quot;owner&quot;: &quot;EBU&quot;,
        &quot;stage&quot;: &quot;Completed&quot;,
        &quot;ea1&quot;: &quot;G70P30&quot;,
        &quot;ea2&quot;: &quot;Gauteng South&quot;
      }
    },
    {
      &quot;attributes&quot;: {
        &quot;owner&quot;: &quot;EBU&quot;,
        &quot;stage&quot;: &quot;Completed&quot;,
        &quot;ea1&quot;: &quot;G70P30&quot;,
        &quot;ea2&quot;: &quot;Gauteng South&quot;
      }
    },
    {
      &quot;attributes&quot;: {
        &quot;owner&quot;: &quot;EBU&quot;,
        &quot;stage&quot;: &quot;Completed&quot;,
        &quot;ea1&quot;: &quot;G70P30&quot;,
        &quot;ea2&quot;: &quot;Gauteng South&quot;
      }
    },
    {
      &quot;attributes&quot;: {
        &quot;owner&quot;: &quot;EBU&quot;,
        &quot;stage&quot;: &quot;Completed&quot;,
        &quot;ea1&quot;: &quot;G70P30&quot;,
        &quot;ea2&quot;: &quot;Gauteng South&quot;
      }
    },
    {
      &quot;attributes&quot;: {
        &quot;owner&quot;: &quot;EBU&quot;,
        &quot;stage&quot;: &quot;Completed&quot;,
        &quot;ea1&quot;: &quot;G70P30&quot;,
        &quot;ea2&quot;: &quot;Gauteng South&quot;
      }
    },
    {
      &quot;attributes&quot;: {
        &quot;owner&quot;: &quot;EBU&quot;,
        &quot;stage&quot;: &quot;Completed&quot;,
        &quot;ea1&quot;: &quot;G70P30&quot;,
        &quot;ea2&quot;: &quot;Gauteng South&quot;
      }
    },
    {
      &quot;attributes&quot;: {
        &quot;owner&quot;: &quot;EBU&quot;,
        &quot;stage&quot;: &quot;Completed&quot;,
        &quot;ea1&quot;: &quot;G70P30&quot;,
        &quot;ea2&quot;: &quot;Gauteng South&quot;
      }
    },
    {
      &quot;attributes&quot;: {
        &quot;owner&quot;: &quot;EBU&quot;,
        &quot;stage&quot;: &quot;Completed&quot;,
        &quot;ea1&quot;: &quot;G70P30&quot;,
        &quot;ea2&quot;: &quot;Gauteng South&quot;
      }
    },
    {
      &quot;attributes&quot;: {
        &quot;owner&quot;: &quot;EBU&quot;,
        &quot;stage&quot;: &quot;Completed&quot;,
        &quot;ea1&quot;: &quot;G70P30&quot;,
        &quot;ea2&quot;: &quot;Gauteng South&quot;
      }
    },
    {
      &quot;attributes&quot;: {
        &quot;owner&quot;: &quot;EBU&quot;,
        &quot;stage&quot;: &quot;Completed&quot;,
        &quot;ea1&quot;: &quot;G70P30&quot;,
        &quot;ea2&quot;: &quot;Gauteng South&quot;
      }
    },
    {
      &quot;attributes&quot;: {
        &quot;owner&quot;: &quot;EBU&quot;,
        &quot;stage&quot;: &quot;Completed&quot;,
        &quot;ea1&quot;: &quot;G70P30&quot;,
        &quot;ea2&quot;: &quot;Gauteng South&quot;
      }
    },
    {
      &quot;attributes&quot;: {
        &quot;owner&quot;: &quot;EBU&quot;,
        &quot;stage&quot;: &quot;Completed&quot;,
        &quot;ea1&quot;: &quot;G70P30&quot;,
        &quot;ea2&quot;: &quot;Gauteng South&quot;
      }
    },
    {
      &quot;attributes&quot;: {
        &quot;owner&quot;: &quot;EBU&quot;,
        &quot;stage&quot;: &quot;Completed&quot;,
        &quot;ea1&quot;: &quot;G70P30&quot;,
        &quot;ea2&quot;: &quot;Gauteng South&quot;
      }
    },
    {
      &quot;attributes&quot;: {
        &quot;owner&quot;: &quot;EBU&quot;,
        &quot;stage&quot;: &quot;Completed&quot;,
        &quot;ea1&quot;: &quot;G70P30&quot;,
        &quot;ea2&quot;: &quot;Gauteng South&quot;
      }
    },
    {
      &quot;attributes&quot;: {
        &quot;owner&quot;: &quot;EBU&quot;,
        &quot;stage&quot;: &quot;Completed&quot;,
        &quot;ea1&quot;: &quot;G70P30&quot;,
        &quot;ea2&quot;: &quot;Gauteng South&quot;
      }
    },
    {
      &quot;attributes&quot;: {
        &quot;owner&quot;: &quot;EBU&quot;,
        &quot;stage&quot;: &quot;Completed&quot;,
        &quot;ea1&quot;: &quot;G70P30&quot;,
        &quot;ea2&quot;: &quot;Gauteng South&quot;
      }
    },
    {
      &quot;attributes&quot;: {
        &quot;owner&quot;: &quot;EBU&quot;,
        &quot;stage&quot;: &quot;Completed&quot;,
        &quot;ea1&quot;: &quot;G70P30&quot;,
        &quot;ea2&quot;: &quot;Gauteng South&quot;
      }
    },
    {
      &quot;attributes&quot;: {
        &quot;owner&quot;: &quot;EBU&quot;,
        &quot;stage&quot;: &quot;Completed&quot;,
        &quot;ea1&quot;: &quot;G70P30&quot;,
        &quot;ea2&quot;: &quot;Gauteng South&quot;
      }
    },
    {
      &quot;attributes&quot;: {
        &quot;owner&quot;: &quot;EBU&quot;,
        &quot;stage&quot;: &quot;Completed&quot;,
        &quot;ea1&quot;: &quot;G70P30&quot;,
        &quot;ea2&quot;: &quot;Gauteng South&quot;
      }
    },
    {
      &quot;attributes&quot;: {
        &quot;owner&quot;: &quot;EBU&quot;,
        &quot;stage&quot;: &quot;Completed&quot;,
        &quot;ea1&quot;: &quot;G70P30&quot;,
        &quot;ea2&quot;: &quot;Gauteng South&quot;
      }
    },
    {
      &quot;attributes&quot;: {
        &quot;owner&quot;: &quot;EBU&quot;,
        &quot;stage&quot;: &quot;Completed&quot;,
        &quot;ea1&quot;: &quot;G70P30&quot;,
        &quot;ea2&quot;: &quot;Gauteng South&quot;
      }
    },
    {
      &quot;attributes&quot;: {
        &quot;owner&quot;: &quot;EBU&quot;,
        &quot;stage&quot;: &quot;Completed&quot;,
        &quot;ea1&quot;: &quot;G70P30&quot;,
        &quot;ea2&quot;: &quot;Gauteng South&quot;
      }
    },
    {
      &quot;attributes&quot;: {
        &quot;owner&quot;: &quot;EBU&quot;,
        &quot;stage&quot;: &quot;Completed&quot;,
        &quot;ea1&quot;: &quot;G70P30&quot;,
        &quot;ea2&quot;: &quot;Gauteng South&quot;
      }
    },
    {
      &quot;attributes&quot;: {
        &quot;owner&quot;: &quot;EBU&quot;,
        &quot;stage&quot;: &quot;Completed&quot;,
        &quot;ea1&quot;: &quot;G70P30&quot;,
        &quot;ea2&quot;: &quot;Gauteng South&quot;
      }
    },
    {
      &quot;attributes&quot;: {
        &quot;owner&quot;: &quot;EBU&quot;,
        &quot;stage&quot;: &quot;Completed&quot;,
        &quot;ea1&quot;: &quot;G70P30&quot;,
        &quot;ea2&quot;: &quot;Gauteng South&quot;
      }
    },
    {
      &quot;attributes&quot;: {
        &quot;owner&quot;: &quot;EBU&quot;,
        &quot;stage&quot;: &quot;Completed&quot;,
        &quot;ea1&quot;: &quot;G70P30&quot;,
        &quot;ea2&quot;: &quot;Gauteng South&quot;
      }
    },
    {
      &quot;attributes&quot;: {
        &quot;owner&quot;: &quot;EBU&quot;,
        &quot;stage&quot;: &quot;Completed&quot;,
        &quot;ea1&quot;: &quot;G70P30&quot;,
        &quot;ea2&quot;: &quot;Gauteng South&quot;
      }
    },
    {
      &quot;attributes&quot;: {
        &quot;owner&quot;: &quot;EBU&quot;,
        &quot;stage&quot;: &quot;Completed&quot;,
        &quot;ea1&quot;: &quot;G70P30&quot;,
        &quot;ea2&quot;: &quot;Gauteng South&quot;
      }
    },
    {
      &quot;attributes&quot;: {
        &quot;owner&quot;: &quot;EBU&quot;,
        &quot;stage&quot;: &quot;Completed&quot;,
        &quot;ea1&quot;: &quot;G70P60&quot;,
        &quot;ea2&quot;: &quot;Gauteng South&quot;
      }
    },
    {
      &quot;attributes&quot;: {
        &quot;owner&quot;: &quot;EBU&quot;,
        &quot;stage&quot;: &quot;Completed&quot;,
        &quot;ea1&quot;: &quot;G70P47&quot;,
        &quot;ea2&quot;: &quot;Gauteng South&quot;
      }
    },
    {
      &quot;attributes&quot;: {
        &quot;owner&quot;: &quot;EBU&quot;,
        &quot;stage&quot;: &quot;Completed&quot;,
        &quot;ea1&quot;: &quot;G70P47&quot;,
        &quot;ea2&quot;: &quot;Gauteng South&quot;
      }
    },
    {
      &quot;attributes&quot;: {
        &quot;owner&quot;: &quot;EBU&quot;,
        &quot;stage&quot;: &quot;Completed&quot;,
        &quot;ea1&quot;: &quot;G70P47&quot;,
        &quot;ea2&quot;: &quot;Gauteng South&quot;
      }
    },
    {
      &quot;attributes&quot;: {
        &quot;owner&quot;: &quot;EBU&quot;,
        &quot;stage&quot;: &quot;Completed&quot;,
        &quot;ea1&quot;: &quot;G70P47&quot;,
        &quot;ea2&quot;: &quot;Gauteng South&quot;
      }
    },
    {
      &quot;attributes&quot;: {
        &quot;owner&quot;: &quot;EBU&quot;,
        &quot;stage&quot;: &quot;Completed&quot;,
        &quot;ea1&quot;: &quot;G70P47&quot;,
        &quot;ea2&quot;: &quot;Gauteng South&quot;
      }
    },
    {
      &quot;attributes&quot;: {
        &quot;owner&quot;: &quot;EBU&quot;,
        &quot;stage&quot;: &quot;Completed&quot;,
        &quot;ea1&quot;: &quot;G70P47&quot;,
        &quot;ea2&quot;: &quot;Gauteng South&quot;
      }
    },
    {
      &quot;attributes&quot;: {
        &quot;owner&quot;: &quot;EBU&quot;,
        &quot;stage&quot;: &quot;Completed&quot;,
        &quot;ea1&quot;: &quot;G70P47&quot;,
        &quot;ea2&quot;: &quot;Gauteng South&quot;
      }
    },
    {
      &quot;attributes&quot;: {
        &quot;owner&quot;: &quot;EBU&quot;,
        &quot;stage&quot;: &quot;Completed&quot;,
        &quot;ea1&quot;: &quot;G70P08&quot;,
        &quot;ea2&quot;: &quot;Gauteng South&quot;
      }
    },
    {
      &quot;attributes&quot;: {
        &quot;owner&quot;: &quot;EBU&quot;,
        &quot;stage&quot;: &quot;Completed&quot;,
        &quot;ea1&quot;: &quot;G70P08&quot;,
        &quot;ea2&quot;: &quot;Gauteng South&quot;
      }
    },
    {
      &quot;attributes&quot;: {
        &quot;owner&quot;: &quot;EBU&quot;,
        &quot;stage&quot;: &quot;Completed&quot;,
        &quot;ea1&quot;: &quot;G70P08&quot;,
        &quot;ea2&quot;: &quot;Gauteng South&quot;
      }
    },
    {
      &quot;attributes&quot;: {
        &quot;owner&quot;: &quot;EBU&quot;,
        &quot;stage&quot;: &quot;Completed&quot;,
        &quot;ea1&quot;: &quot;G70P08&quot;,
        &quot;ea2&quot;: &quot;Gauteng South&quot;
      }
    },
    {
      &quot;attributes&quot;: {
        &quot;owner&quot;: &quot;EBU&quot;,
        &quot;stage&quot;: &quot;Completed&quot;,
        &quot;ea1&quot;: &quot;G70P08&quot;,
        &quot;ea2&quot;: &quot;Gauteng South&quot;
      }
    },
    {
      &quot;attributes&quot;: {
        &quot;owner&quot;: &quot;EBU&quot;,
        &quot;stage&quot;: &quot;Completed&quot;,
        &quot;ea1&quot;: &quot;G70P08&quot;,
        &quot;ea2&quot;: &quot;Gauteng South&quot;
      }
    },
    {
      &quot;attributes&quot;: {
        &quot;owner&quot;: &quot;EBU&quot;,
        &quot;stage&quot;: &quot;Completed&quot;,
        &quot;ea1&quot;: &quot;G70P08&quot;,
        &quot;ea2&quot;: &quot;Gauteng South&quot;
      }
    },
    {
      &quot;attributes&quot;: {
        &quot;owner&quot;: &quot;EBU&quot;,
        &quot;stage&quot;: &quot;Completed&quot;,
        &quot;ea1&quot;: &quot;G70P08&quot;,
        &quot;ea2&quot;: &quot;Gauteng South&quot;
      }
    },
    {
      &quot;attributes&quot;: {
        &quot;owner&quot;: &quot;EBU&quot;,
        &quot;stage&quot;: &quot;Completed&quot;,
        &quot;ea1&quot;: &quot;G70P08&quot;,
        &quot;ea2&quot;: &quot;Gauteng South&quot;
      }
    },
    {
      &quot;attributes&quot;: {
        &quot;owner&quot;: &quot;EBU&quot;,
        &quot;stage&quot;: &quot;Completed&quot;,
        &quot;ea1&quot;: &quot;G70P08&quot;,
        &quot;ea2&quot;: &quot;Gauteng South&quot;
      }
    },
    {
      &quot;attributes&quot;: {
        &quot;owner&quot;: &quot;EBU&quot;,
        &quot;stage&quot;: &quot;Completed&quot;,
        &quot;ea1&quot;: &quot;G70P08&quot;,
        &quot;ea2&quot;: &quot;Gauteng South&quot;
      }
    },
    {
      &quot;attributes&quot;: {
        &quot;owner&quot;: &quot;EBU&quot;,
        &quot;stage&quot;: &quot;Completed&quot;,
        &quot;ea1&quot;: &quot;G70P34&quot;,
        &quot;ea2&quot;: &quot;Gauteng South&quot;
      }
    },
    {
      &quot;attributes&quot;: {
        &quot;owner&quot;: &quot;EBU&quot;,
        &quot;stage&quot;: &quot;Completed&quot;,
        &quot;ea1&quot;: &quot;G70P34&quot;,
        &quot;ea2&quot;: &quot;Gauteng South&quot;
      }
    },
    {
      &quot;attributes&quot;: {
        &quot;owner&quot;: &quot;EBU&quot;,
        &quot;stage&quot;: &quot;Completed&quot;,
        &quot;ea1&quot;: &quot;G70P34&quot;,
        &quot;ea2&quot;: &quot;Gauteng South&quot;
      }
    },
    {
      &quot;attributes&quot;: {
        &quot;owner&quot;: &quot;EBU&quot;,
        &quot;stage&quot;: &quot;Completed&quot;,
        &quot;ea1&quot;: &quot;G70P34&quot;,
        &quot;ea2&quot;: &quot;Gauteng South&quot;
      }
    },
    {
      &quot;attributes&quot;: {
        &quot;owner&quot;: &quot;EBU&quot;,
        &quot;stage&quot;: &quot;Completed&quot;,
        &quot;ea1&quot;: &quot;G70P34&quot;,
        &quot;ea2&quot;: &quot;Gauteng South&quot;
      }
    },
    {
      &quot;attributes&quot;: {
        &quot;owner&quot;: &quot;EBU&quot;,
        &quot;stage&quot;: &quot;Completed&quot;,
        &quot;ea1&quot;: &quot;G70P34&quot;,
        &quot;ea2&quot;: &quot;Gauteng South&quot;
      }
    },
    {
      &quot;attributes&quot;: {
        &quot;owner&quot;: &quot;EBU&quot;,
        &quot;stage&quot;: &quot;Completed&quot;,
        &quot;ea1&quot;: &quot;G70P34&quot;,
        &quot;ea2&quot;: &quot;Gauteng South&quot;
      }
    },
    {
      &quot;attributes&quot;: {
        &quot;owner&quot;: &quot;EBU&quot;,
        &quot;stage&quot;: &quot;Completed&quot;,
        &quot;ea1&quot;: &quot;G70P34&quot;,
        &quot;ea2&quot;: &quot;Gauteng South&quot;
      }
    },
    {
      &quot;attributes&quot;: {
        &quot;owner&quot;: &quot;EBU&quot;,
        &quot;stage&quot;: &quot;Completed&quot;,
        &quot;ea1&quot;: &quot;G70P34&quot;,
        &quot;ea2&quot;: &quot;Gauteng South&quot;
      }
    },
    {
      &quot;attributes&quot;: {
        &quot;owner&quot;: &quot;EBU&quot;,
        &quot;stage&quot;: &quot;Completed&quot;,
        &quot;ea1&quot;: &quot;G70P34&quot;,
        &quot;ea2&quot;: &quot;Gauteng South&quot;
      }
    },
    {
      &quot;attributes&quot;: {
        &quot;owner&quot;: &quot;EBU&quot;,
        &quot;stage&quot;: &quot;Completed&quot;,
        &quot;ea1&quot;: &quot;G70P34&quot;,
        &quot;ea2&quot;: &quot;Gauteng South&quot;
      }
    },
    {
      &quot;attributes&quot;: {
        &quot;owner&quot;: &quot;EBU&quot;,
        &quot;stage&quot;: &quot;Completed&quot;,
        &quot;ea1&quot;: &quot;G70P34&quot;,
        &quot;ea2&quot;: &quot;Gauteng South&quot;
      }
    },
    {
      &quot;attributes&quot;: {
        &quot;owner&quot;: &quot;EBU&quot;,
        &quot;stage&quot;: &quot;Completed&quot;,
        &quot;ea1&quot;: &quot;G70P34&quot;,
        &quot;ea2&quot;: &quot;Gauteng South&quot;
      }
    },
    {
      &quot;attributes&quot;: {
        &quot;owner&quot;: &quot;EBU&quot;,
        &quot;stage&quot;: &quot;Completed&quot;,
        &quot;ea1&quot;: &quot;G70P34&quot;,
        &quot;ea2&quot;: &quot;Gauteng South&quot;
      }
    },
    {
      &quot;attributes&quot;: {
        &quot;owner&quot;: &quot;EBU&quot;,
        &quot;stage&quot;: &quot;Completed&quot;,
        &quot;ea1&quot;: &quot;G70P34&quot;,
        &quot;ea2&quot;: &quot;Gauteng South&quot;
      }
    },
    {
      &quot;attributes&quot;: {
        &quot;owner&quot;: &quot;EBU&quot;,
        &quot;stage&quot;: &quot;Completed&quot;,
        &quot;ea1&quot;: &quot;G70P34&quot;,
        &quot;ea2&quot;: &quot;Gauteng South&quot;
      }
    },
    {
      &quot;attributes&quot;: {
        &quot;owner&quot;: &quot;EBU&quot;,
        &quot;stage&quot;: &quot;Completed&quot;,
        &quot;ea1&quot;: &quot;G70P34&quot;,
        &quot;ea2&quot;: &quot;Gauteng South&quot;
      }
    },
    {
      &quot;attributes&quot;: {
        &quot;owner&quot;: &quot;EBU&quot;,
        &quot;stage&quot;: &quot;Completed&quot;,
        &quot;ea1&quot;: &quot;G70P34&quot;,
        &quot;ea2&quot;: &quot;Gauteng South&quot;
      }
    },
    {
      &quot;attributes&quot;: {
        &quot;owner&quot;: &quot;EBU&quot;,
        &quot;stage&quot;: &quot;Completed&quot;,
        &quot;ea1&quot;: &quot;G70P34&quot;,
        &quot;ea2&quot;: &quot;Gauteng South&quot;
      }
    },
    {
      &quot;attributes&quot;: {
        &quot;owner&quot;: &quot;EBU&quot;,
        &quot;stage&quot;: &quot;Completed&quot;,
        &quot;ea1&quot;: &quot;G70P34&quot;,
        &quot;ea2&quot;: &quot;Gauteng South&quot;
      }
    },
    {
      &quot;attributes&quot;: {
        &quot;owner&quot;: &quot;EBU&quot;,
        &quot;stage&quot;: &quot;Completed&quot;,
        &quot;ea1&quot;: &quot;G70P34&quot;,
        &quot;ea2&quot;: &quot;Gauteng South&quot;
      }
    },
    {
      &quot;attributes&quot;: {
        &quot;owner&quot;: &quot;EBU&quot;,
        &quot;stage&quot;: &quot;Completed&quot;,
        &quot;ea1&quot;: &quot;G70P34&quot;,
        &quot;ea2&quot;: &quot;Gauteng South&quot;
      }
    },
    {
      &quot;attributes&quot;: {
        &quot;owner&quot;: &quot;EBU&quot;,
        &quot;stage&quot;: &quot;Completed&quot;,
        &quot;ea1&quot;: &quot;G70P34&quot;,
        &quot;ea2&quot;: &quot;Gauteng South&quot;
      }
    },
    {
      &quot;attributes&quot;: {
        &quot;owner&quot;: &quot;EBU&quot;,
        &quot;stage&quot;: &quot;Completed&quot;,
        &quot;ea1&quot;: &quot;G70P34&quot;,
        &quot;ea2&quot;: &quot;Gauteng South&quot;
      }
    },
    {
      &quot;attributes&quot;: {
        &quot;owner&quot;: &quot;EBU&quot;,
        &quot;stage&quot;: &quot;Completed&quot;,
        &quot;ea1&quot;: &quot;G70P34&quot;,
        &quot;ea2&quot;: &quot;Gauteng South&quot;
      }
    },
    {
      &quot;attributes&quot;: {
        &quot;owner&quot;: &quot;EBU&quot;,
        &quot;stage&quot;: &quot;Completed&quot;,
        &quot;ea1&quot;: &quot;G70P90&quot;,
        &quot;ea2&quot;: &quot;Gauteng South&quot;
      }
    },
    {
      &quot;attributes&quot;: {
        &quot;owner&quot;: &quot;EBU&quot;,
        &quot;stage&quot;: &quot;Completed&quot;,
        &quot;ea1&quot;: &quot;G71P91&quot;,
        &quot;ea2&quot;: &quot;Gauteng South&quot;
      }
    },
    {
      &quot;attributes&quot;: {
        &quot;owner&quot;: &quot;EBU&quot;,
        &quot;stage&quot;: &quot;Completed&quot;,
        &quot;ea1&quot;: &quot;G71P91&quot;,
        &quot;ea2&quot;: &quot;Gauteng South&quot;
      }
    },
    {
      &quot;attributes&quot;: {
        &quot;owner&quot;: &quot;EBU&quot;,
        &quot;stage&quot;: &quot;Completed&quot;,
        &quot;ea1&quot;: &quot;G71P91&quot;,
        &quot;ea2&quot;: &quot;Gauteng South&quot;
      }
    },
    {
      &quot;attributes&quot;: {
        &quot;owner&quot;: &quot;EBU&quot;,
        &quot;stage&quot;: &quot;Completed&quot;,
        &quot;ea1&quot;: &quot;G71P91&quot;,
        &quot;ea2&quot;: &quot;Gauteng South&quot;
      }
    },
    {
      &quot;attributes&quot;: {
        &quot;owner&quot;: &quot;EBU&quot;,
        &quot;stage&quot;: &quot;Completed&quot;,
        &quot;ea1&quot;: &quot;G71P91&quot;,
        &quot;ea2&quot;: &quot;Gauteng South&quot;
      }
    },
    {
      &quot;attributes&quot;: {
        &quot;owner&quot;: &quot;EBU&quot;,
        &quot;stage&quot;: &quot;Completed&quot;,
        &quot;ea1&quot;: &quot;G71P98&quot;,
        &quot;ea2&quot;: &quot;Gauteng South&quot;
      }
    },
    {
      &quot;attributes&quot;: {
        &quot;owner&quot;: &quot;EBU&quot;,
        &quot;stage&quot;: &quot;Completed&quot;,
        &quot;ea1&quot;: &quot;G71P90&quot;,
        &quot;ea2&quot;: &quot;Gauteng South&quot;
      }
    },
    {
      &quot;attributes&quot;: {
        &quot;owner&quot;: &quot;EBU&quot;,
        &quot;stage&quot;: &quot;Completed&quot;,
        &quot;ea1&quot;: &quot;G71P90&quot;,
        &quot;ea2&quot;: &quot;Gauteng South&quot;
      }
    },
    {
      &quot;attributes&quot;: {
        &quot;owner&quot;: &quot;EBU&quot;,
        &quot;stage&quot;: &quot;Completed&quot;,
        &quot;ea1&quot;: &quot;G71P07&quot;,
        &quot;ea2&quot;: &quot;Gauteng South&quot;
      }
    },
    {
      &quot;attributes&quot;: {
        &quot;owner&quot;: &quot;EBU&quot;,
        &quot;stage&quot;: &quot;Completed&quot;,
        &quot;ea1&quot;: &quot;G71P05&quot;,
        &quot;ea2&quot;: &quot;Gauteng South&quot;
      }
    },
    {
      &quot;attributes&quot;: {
        &quot;owner&quot;: &quot;EBU&quot;,
        &quot;stage&quot;: &quot;Completed&quot;,
        &quot;ea1&quot;: &quot;G71P02&quot;,
        &quot;ea2&quot;: &quot;Gauteng South&quot;
      }
    },
    {
      &quot;attributes&quot;: {
        &quot;owner&quot;: &quot;EBU&quot;,
        &quot;stage&quot;: &quot;Completed&quot;,
        &quot;ea1&quot;: &quot;G72P28&quot;,
        &quot;ea2&quot;: &quot;Gauteng South&quot;
      }
    },
    {
      &quot;attributes&quot;: {
        &quot;owner&quot;: &quot;EBU&quot;,
        &quot;stage&quot;: &quot;Construction&quot;,
        &quot;ea1&quot;: &quot;CON-WDS-111&quot;,
        &quot;ea2&quot;: &quot;Gauteng South&quot;
      }
    },
    {
      &quot;attributes&quot;: {
        &quot;owner&quot;: &quot;EBU&quot;,
        &quot;stage&quot;: &quot;Completed&quot;,
        &quot;ea1&quot;: &quot;G70P70&quot;,
        &quot;ea2&quot;: &quot;Gauteng South&quot;
      }
    },
    {
      &quot;attributes&quot;: {
        &quot;owner&quot;: &quot;EBU&quot;,
        &quot;stage&quot;: &quot;Completed&quot;,
        &quot;ea1&quot;: &quot;G70P70&quot;,
        &quot;ea2&quot;: &quot;Gauteng South&quot;
      }
    },
    {
      &quot;attributes&quot;: {
        &quot;owner&quot;: &quot;EBU&quot;,
        &quot;stage&quot;: &quot;Completed&quot;,
        &quot;ea1&quot;: &quot;G70P87&quot;,
        &quot;ea2&quot;: &quot;Gauteng South&quot;
      }
    },
    {
      &quot;attributes&quot;: {
        &quot;owner&quot;: &quot;EBU&quot;,
        &quot;stage&quot;: &quot;Completed&quot;,
        &quot;ea1&quot;: &quot;G70P13&quot;,
        &quot;ea2&quot;: &quot;Gauteng South&quot;
      }
    },
    {
      &quot;attributes&quot;: {
        &quot;owner&quot;: &quot;EBU&quot;,
        &quot;stage&quot;: &quot;Completed&quot;,
        &quot;ea1&quot;: &quot;G70P30&quot;,
        &quot;ea2&quot;: &quot;Gauteng South&quot;
      }
    },
    {
      &quot;attributes&quot;: {
        &quot;owner&quot;: &quot;EBU&quot;,
        &quot;stage&quot;: &quot;Completed&quot;,
        &quot;ea1&quot;: &quot;G70P13&quot;,
        &quot;ea2&quot;: &quot;Gauteng South&quot;
      }
    },
    {
      &quot;attributes&quot;: {
        &quot;owner&quot;: &quot;EBU&quot;,
        &quot;stage&quot;: &quot;Completed&quot;,
        &quot;ea1&quot;: &quot;G70P64&quot;,
        &quot;ea2&quot;: &quot;Gauteng South&quot;
      }
    },
    {
      &quot;attributes&quot;: {
        &quot;owner&quot;: &quot;EBU&quot;,
        &quot;stage&quot;: &quot;Completed&quot;,
        &quot;ea1&quot;: &quot;G70P71&quot;,
        &quot;ea2&quot;: &quot;Gauteng South&quot;
      }
    },
    {
      &quot;attributes&quot;: {
        &quot;owner&quot;: &quot;EBU&quot;,
        &quot;stage&quot;: &quot;Completed&quot;,
        &quot;ea1&quot;: &quot;G70P68&quot;,
        &quot;ea2&quot;: &quot;Gauteng South&quot;
      }
    },
    {
      &quot;attributes&quot;: {
        &quot;owner&quot;: &quot;EBU&quot;,
        &quot;stage&quot;: &quot;Completed&quot;,
        &quot;ea1&quot;: &quot;G71P02&quot;,
        &quot;ea2&quot;: &quot;Gauteng South&quot;
      }
    },
    {
      &quot;attributes&quot;: {
        &quot;owner&quot;: &quot;EBU&quot;,
        &quot;stage&quot;: &quot;Completed&quot;,
        &quot;ea1&quot;: &quot;G71P02&quot;,
        &quot;ea2&quot;: &quot;Gauteng South&quot;
      }
    },
    {
      &quot;attributes&quot;: {
        &quot;owner&quot;: &quot;EBU&quot;,
        &quot;stage&quot;: &quot;Completed&quot;,
        &quot;ea1&quot;: &quot;G70P40&quot;,
        &quot;ea2&quot;: &quot;Gauteng South&quot;
      }
    },
    {
      &quot;attributes&quot;: {
        &quot;owner&quot;: &quot;EBU&quot;,
        &quot;stage&quot;: &quot;Completed&quot;,
        &quot;ea1&quot;: &quot;G70P40&quot;,
        &quot;ea2&quot;: &quot;Gauteng South&quot;
      }
    },
    {
      &quot;attributes&quot;: {
        &quot;owner&quot;: &quot;EBU&quot;,
        &quot;stage&quot;: &quot;Completed&quot;,
        &quot;ea1&quot;: &quot;G70P40&quot;,
        &quot;ea2&quot;: &quot;Gauteng South&quot;
      }
    },
    {
      &quot;attributes&quot;: {
        &quot;owner&quot;: &quot;EBU&quot;,
        &quot;stage&quot;: &quot;Completed&quot;,
        &quot;ea1&quot;: &quot;G70P40&quot;,
        &quot;ea2&quot;: &quot;Gauteng South&quot;
      }
    },
    {
      &quot;attributes&quot;: {
        &quot;owner&quot;: &quot;EBU&quot;,
        &quot;stage&quot;: &quot;Completed&quot;,
        &quot;ea1&quot;: &quot;G70P59&quot;,
        &quot;ea2&quot;: &quot;Gauteng South&quot;
      }
    },
    {
      &quot;attributes&quot;: {
        &quot;owner&quot;: &quot;EBU&quot;,
        &quot;stage&quot;: &quot;Completed&quot;,
        &quot;ea1&quot;: &quot;G70P89&quot;,
        &quot;ea2&quot;: &quot;Gauteng South&quot;
      }
    },
    {
      &quot;attributes&quot;: {
        &quot;owner&quot;: &quot;EBU&quot;,
        &quot;stage&quot;: &quot;Completed&quot;,
        &quot;ea1&quot;: &quot;G72P01&quot;,
        &quot;ea2&quot;: &quot;Gauteng South&quot;
      }
    },
    {
      &quot;attributes&quot;: {
        &quot;owner&quot;: &quot;EBU&quot;,
        &quot;stage&quot;: &quot;Completed&quot;,
        &quot;ea1&quot;: &quot;G70P40&quot;,
        &quot;ea2&quot;: &quot;Gauteng South&quot;
      }
    },
    {
      &quot;attributes&quot;: {
        &quot;owner&quot;: &quot;EBU&quot;,
        &quot;stage&quot;: &quot;Completed&quot;,
        &quot;ea1&quot;: &quot;G70P34&quot;,
        &quot;ea2&quot;: &quot;Gauteng South&quot;
      }
    },
    {
      &quot;attributes&quot;: {
        &quot;owner&quot;: &quot;EBU&quot;,
        &quot;stage&quot;: &quot;Completed&quot;,
        &quot;ea1&quot;: &quot;G70P40&quot;,
        &quot;ea2&quot;: &quot;Gauteng South&quot;
      }
    },
    {
      &quot;attributes&quot;: {
        &quot;owner&quot;: &quot;EBU&quot;,
        &quot;stage&quot;: &quot;Completed&quot;,
        &quot;ea1&quot;: &quot;65 Homestead Ave. Block-A&quot;,
        &quot;ea2&quot;: &quot;Gauteng South&quot;
      }
    },
    {
      &quot;attributes&quot;: {
        &quot;owner&quot;: &quot;EBU&quot;,
        &quot;stage&quot;: &quot;Completed&quot;,
        &quot;ea1&quot;: &quot;G70P63&quot;,
        &quot;ea2&quot;: &quot;Gauteng South&quot;
      }
    },
    {
      &quot;attributes&quot;: {
        &quot;owner&quot;: &quot;EBU&quot;,
        &quot;stage&quot;: &quot;Completed&quot;,
        &quot;ea1&quot;: &quot;Remax Central_Sandton&quot;,
        &quot;ea2&quot;: &quot;Gauteng South&quot;
      }
    },
    {
      &quot;attributes&quot;: {
        &quot;owner&quot;: &quot;EBU&quot;,
        &quot;stage&quot;: &quot;Completed&quot;,
        &quot;ea1&quot;: &quot;91 Protea Road&quot;,
        &quot;ea2&quot;: &quot;Gauteng South&quot;
      }
    },
    {
      &quot;attributes&quot;: {
        &quot;owner&quot;: &quot;EBU&quot;,
        &quot;stage&quot;: &quot;Completed&quot;,
        &quot;ea1&quot;: &quot;31 Harley Street&quot;,
        &quot;ea2&quot;: &quot;Gauteng South&quot;
      }
    },
    {
      &quot;attributes&quot;: {
        &quot;owner&quot;: &quot;EBU&quot;,
        &quot;stage&quot;: &quot;Completed&quot;,
        &quot;ea1&quot;: &quot;68 Wierda Road&quot;,
        &quot;ea2&quot;: &quot;Gauteng South&quot;
      }
    },
    {
      &quot;attributes&quot;: {
        &quot;owner&quot;: &quot;EBU&quot;,
        &quot;stage&quot;: &quot;Completed&quot;,
        &quot;ea1&quot;: &quot;24 Wellington Road&quot;,
        &quot;ea2&quot;: &quot;Gauteng South&quot;
      }
    },
    {
      &quot;attributes&quot;: {
        &quot;owner&quot;: &quot;EBU&quot;,
        &quot;stage&quot;: &quot;Completed&quot;,
        &quot;ea1&quot;: &quot;17A SCOTT STR&quot;,
        &quot;ea2&quot;: &quot;Gauteng South&quot;
      }
    },
    {
      &quot;attributes&quot;: {
        &quot;owner&quot;: &quot;EBU&quot;,
        &quot;stage&quot;: &quot;Completed&quot;,
        &quot;ea1&quot;: &quot;1 Stirrup Lane ENTRY 1&quot;,
        &quot;ea2&quot;: &quot;Gauteng South&quot;
      }
    },
    {
      &quot;attributes&quot;: {
        &quot;owner&quot;: &quot;EBU&quot;,
        &quot;stage&quot;: &quot;Completed&quot;,
        &quot;ea1&quot;: &quot;G70P30&quot;,
        &quot;ea2&quot;: &quot;Gauteng South&quot;
      }
    },
    {
      &quot;attributes&quot;: {
        &quot;owner&quot;: &quot;EBU&quot;,
        &quot;stage&quot;: &quot;Completed&quot;,
        &quot;ea1&quot;: &quot;G70P30&quot;,
        &quot;ea2&quot;: &quot;Gauteng South&quot;
      }
    },
    {
      &quot;attributes&quot;: {
        &quot;owner&quot;: &quot;EBU&quot;,
        &quot;stage&quot;: &quot;Completed&quot;,
        &quot;ea1&quot;: &quot;26 Peter Place&quot;,
        &quot;ea2&quot;: &quot;Gauteng South&quot;
      }
    },
    {
      &quot;attributes&quot;: {
        &quot;owner&quot;: &quot;EBU&quot;,
        &quot;stage&quot;: &quot;Completed&quot;,
        &quot;ea1&quot;: &quot;G70P88&quot;,
        &quot;ea2&quot;: &quot;Gauteng South&quot;
      }
    },
    {
      &quot;attributes&quot;: {
        &quot;owner&quot;: &quot;EBU&quot;,
        &quot;stage&quot;: &quot;Completed&quot;,
        &quot;ea1&quot;: &quot;G70P88&quot;,
        &quot;ea2&quot;: &quot;Gauteng South&quot;
      }
    },
    {
      &quot;attributes&quot;: {
        &quot;owner&quot;: &quot;EBU&quot;,
        &quot;stage&quot;: &quot;Completed&quot;,
        &quot;ea1&quot;: &quot;G70P50&quot;,
        &quot;ea2&quot;: &quot;Gauteng South&quot;
      }
    },
    {
      &quot;attributes&quot;: {
        &quot;owner&quot;: &quot;EBU&quot;,
        &quot;stage&quot;: &quot;Completed&quot;,
        &quot;ea1&quot;: &quot;G70P50&quot;,
        &quot;ea2&quot;: &quot;Gauteng South&quot;
      }
    },
    {
      &quot;attributes&quot;: {
        &quot;owner&quot;: &quot;EBU&quot;,
        &quot;stage&quot;: &quot;Completed&quot;,
        &quot;ea1&quot;: &quot;G70P33&quot;,
        &quot;ea2&quot;: &quot;Gauteng South&quot;
      }
    },
    {
      &quot;attributes&quot;: {
        &quot;owner&quot;: &quot;EBU&quot;,
        &quot;stage&quot;: &quot;Completed&quot;,
        &quot;ea1&quot;: &quot;G70P33&quot;,
        &quot;ea2&quot;: &quot;Gauteng South&quot;
      }
    },
    {
      &quot;attributes&quot;: {
        &quot;owner&quot;: &quot;EBU&quot;,
        &quot;stage&quot;: &quot;Completed&quot;,
        &quot;ea1&quot;: &quot;&quot;,
        &quot;ea2&quot;: &quot;Gauteng South&quot;
      }
    },
    {
      &quot;attributes&quot;: {
        &quot;owner&quot;: &quot;EBU&quot;,
        &quot;stage&quot;: &quot;Completed&quot;,
        &quot;ea1&quot;: &quot;287 Kent Ave&quot;,
        &quot;ea2&quot;: &quot;Gauteng South&quot;
      }
    },
    {
      &quot;attributes&quot;: {
        &quot;owner&quot;: &quot;EBU&quot;,
        &quot;stage&quot;: &quot;Completed&quot;,
        &quot;ea1&quot;: &quot;272 Kent Ave&quot;,
        &quot;ea2&quot;: &quot;Gauteng South&quot;
      }
    },
    {
      &quot;attributes&quot;: {
        &quot;owner&quot;: &quot;EBU&quot;,
        &quot;stage&quot;: &quot;Completed&quot;,
        &quot;ea1&quot;: &quot;272 Kent Ave&quot;,
        &quot;ea2&quot;: &quot;Gauteng South&quot;
      }
    }
  ]
}
" type="java.lang.AssertionError">
      <![CDATA[java.lang.AssertionError: 2 expectations failed.
Response body doesn't match expectation.
Expected: a string containing "Dark Fibre Africa"
  Actual: {
  "displayFieldName": "name",
  "fieldAliases": {
    "owner": "owner",
    "stage": "stage",
    "ea1": "Route Name",
    "ea2": "DFA Region"
  },
  "fields": [
    {
      "name": "owner",
      "type": "esriFieldTypeString",
      "alias": "owner",
      "length": 50
    },
    {
      "name": "stage",
      "type": "esriFieldTypeString",
      "alias": "stage",
      "length": 30
    },
    {
      "name": "ea1",
      "type": "esriFieldTypeString",
      "alias": "Route Name",
      "length": 100
    },
    {
      "name": "ea2",
      "type": "esriFieldTypeString",
      "alias": "DFA Region",
      "length": 100
    }
  ],
  "features": [
    {
      "attributes": {
        "owner": "EBU",
        "stage": "Completed",
        "ea1": "G71P27",
        "ea2": "Gauteng South"
      }
    },
    {
      "attributes": {
        "owner": "EBU",
        "stage": "Completed",
        "ea1": "G71P27",
        "ea2": "Gauteng South"
      }
    },
    {
      "attributes": {
        "owner": "EBU",
        "stage": "Completed",
        "ea1": "G71P27",
        "ea2": "Gauteng South"
      }
    },
    {
      "attributes": {
        "owner": "EBU",
        "stage": "Completed",
        "ea1": "G70P30",
        "ea2": "Gauteng South"
      }
    },
    {
      "attributes": {
        "owner": "EBU",
        "stage": "Completed",
        "ea1": "none",
        "ea2": "Northern Region"
      }
    },
    {
      "attributes": {
        "owner": "EBU",
        "stage": "Completed",
        "ea1": "none",
        "ea2": "Northern Region"
      }
    },
    {
      "attributes": {
        "owner": "EBU",
        "stage": "Completed",
        "ea1": "none",
        "ea2": "Northern Region"
      }
    },
    {
      "attributes": {
        "owner": "EBU",
        "stage": "Completed",
        "ea1": "none",
        "ea2": "Northern Region"
      }
    },
    {
      "attributes": {
        "owner": "EBU",
        "stage": "Completed",
        "ea1": "none",
        "ea2": "Northern Region"
      }
    },
    {
      "attributes": {
        "owner": "EBU",
        "stage": "Completed",
        "ea1": "none",
        "ea2": "Northern Region"
      }
    },
    {
      "attributes": {
        "owner": "EBU",
        "stage": "Completed",
        "ea1": "none",
        "ea2": "Northern Region"
      }
    },
    {
      "attributes": {
        "owner": "EBU",
        "stage": "Completed",
        "ea1": "NB70P83",
        "ea2": "Northern Region"
      }
    },
    {
      "attributes": {
        "owner": "EBU",
        "stage": "Completed",
        "ea1": "NB70P83",
        "ea2": "Northern Region"
      }
    },
    {
      "attributes": {
        "owner": "EBU",
        "stage": "Completed",
        "ea1": "AS23516BH025284",
        "ea2": "Northern Region"
      }
    },
    {
      "attributes": {
        "owner": "EBU",
        "stage": "Completed",
        "ea1": "AS23516BH025284",
        "ea2": "Northern Region"
      }
    },
    {
      "attributes": {
        "owner": "EBU",
        "stage": "Completed",
        "ea1": "AS23516BH025284",
        "ea2": "Northern Region"
      }
    },
    {
      "attributes": {
        "owner": "EBU",
        "stage": "Completed",
        "ea1": "AS23516BH025284",
        "ea2": "Northern Region"
      }
    },
    {
      "attributes": {
        "owner": "EBU",
        "stage": "Completed",
        "ea1": "AS23516BH025284",
        "ea2": "Northern Region"
      }
    },
    {
      "attributes": {
        "owner": "EBU",
        "stage": "Completed",
        "ea1": "AS23516BH025284",
        "ea2": "Northern Region"
      }
    },
    {
      "attributes": {
        "owner": "EBU",
        "stage": "Completed",
        "ea1": "NB70P34",
        "ea2": "Northern Region"
      }
    },
    {
      "attributes": {
        "owner": "EBU",
        "stage": "Completed",
        "ea1": "NB70P34",
        "ea2": "Northern Region"
      }
    },
    {
      "attributes": {
        "owner": "EBU",
        "stage": "Completed",
        "ea1": "NB70P34",
        "ea2": "Northern Region"
      }
    },
    {
      "attributes": {
        "owner": "EBU",
        "stage": "Completed",
        "ea1": "NB70P34",
        "ea2": "Northern Region"
      }
    },
    {
      "attributes": {
        "owner": "EBU",
        "stage": "Completed",
        "ea1": "NB70P34",
        "ea2": "Northern Region"
      }
    },
    {
      "attributes": {
        "owner": "EBU",
        "stage": "Completed",
        "ea1": "NB70P34",
        "ea2": "Northern Region"
      }
    },
    {
      "attributes": {
        "owner": "EBU",
        "stage": "Completed",
        "ea1": "NB70P34",
        "ea2": "Northern Region"
      }
    },
    {
      "attributes": {
        "owner": "EBU",
        "stage": "Completed",
        "ea1": "NB70P34",
        "ea2": "Northern Region"
      }
    },
    {
      "attributes": {
        "owner": "EBU",
        "stage": "Completed",
        "ea1": "none",
        "ea2": "Northern Region"
      }
    },
    {
      "attributes": {
        "owner": "EBU",
        "stage": "Completed",
        "ea1": "NB71P03",
        "ea2": "Northern Region"
      }
    },
    {
      "attributes": {
        "owner": "EBU",
        "stage": "Completed",
        "ea1": "NB71P04",
        "ea2": "Northern Region"
      }
    },
    {
      "attributes": {
        "owner": "EBU",
        "stage": "Completed",
        "ea1": "G70P94",
        "ea2": "Gauteng South"
      }
    },
    {
      "attributes": {
        "owner": "EBU",
        "stage": "Completed",
        "ea1": "G70P94",
        "ea2": "Gauteng South"
      }
    },
    {
      "attributes": {
        "owner": "EBU",
        "stage": "Completed",
        "ea1": "G70P94",
        "ea2": "Gauteng South"
      }
    },
    {
      "attributes": {
        "owner": "EBU",
        "stage": "Completed",
        "ea1": "AS11271WH283669",
        "ea2": "Western Region"
      }
    },
    {
      "attributes": {
        "owner": "EBU",
        "stage": "Completed",
        "ea1": "AS11271WH020523",
        "ea2": "Western Region"
      }
    },
    {
      "attributes": {
        "owner": "EBU",
        "stage": "Completed",
        "ea1": "G71P27",
        "ea2": "Gauteng South"
      }
    },
    {
      "attributes": {
        "owner": "EBU",
        "stage": "Completed",
        "ea1": "G71P27",
        "ea2": "Gauteng South"
      }
    },
    {
      "attributes": {
        "owner": "EBU",
        "stage": "Completed",
        "ea1": "G71P27",
        "ea2": "Gauteng South"
      }
    },
    {
      "attributes": {
        "owner": "EBU",
        "stage": "Completed",
        "ea1": "G71P27",
        "ea2": "Gauteng South"
      }
    },
    {
      "attributes": {
        "owner": "EBU",
        "stage": "Completed",
        "ea1": "G71P27",
        "ea2": "Gauteng South"
      }
    },
    {
      "attributes": {
        "owner": "EBU",
        "stage": "Completed",
        "ea1": "G71P27",
        "ea2": "Gauteng South"
      }
    },
    {
      "attributes": {
        "owner": "EBU",
        "stage": "Completed",
        "ea1": "G71P27",
        "ea2": "Gauteng South"
      }
    },
    {
      "attributes": {
        "owner": "EBU",
        "stage": "Completed",
        "ea1": "G71P27",
        "ea2": "Gauteng South"
      }
    },
    {
      "attributes": {
        "owner": "EBU",
        "stage": "Completed",
        "ea1": "G71P27",
        "ea2": "Gauteng South"
      }
    },
    {
      "attributes": {
        "owner": "EBU",
        "stage": "Completed",
        "ea1": "G71P27",
        "ea2": "Gauteng South"
      }
    },
    {
      "attributes": {
        "owner": "EBU",
        "stage": "Completed",
        "ea1": "G70P47",
        "ea2": "Gauteng South"
      }
    },
    {
      "attributes": {
        "owner": "EBU",
        "stage": "Completed",
        "ea1": "G70P47",
        "ea2": "Gauteng South"
      }
    },
    {
      "attributes": {
        "owner": "EBU",
        "stage": "Completed",
        "ea1": "G70P47",
        "ea2": "Gauteng South"
      }
    },
    {
      "attributes": {
        "owner": "EBU",
        "stage": "Completed",
        "ea1": "G70P47",
        "ea2": "Gauteng South"
      }
    },
    {
      "attributes": {
        "owner": "EBU",
        "stage": "Completed",
        "ea1": "G70P47",
        "ea2": "Gauteng South"
      }
    },
    {
      "attributes": {
        "owner": "EBU",
        "stage": "Completed",
        "ea1": "G70P47",
        "ea2": "Gauteng South"
      }
    },
    {
      "attributes": {
        "owner": "EBU",
        "stage": "Completed",
        "ea1": "G70P47",
        "ea2": "Gauteng South"
      }
    },
    {
      "attributes": {
        "owner": "EBU",
        "stage": "Completed",
        "ea1": "G70P47",
        "ea2": "Gauteng South"
      }
    },
    {
      "attributes": {
        "owner": "EBU",
        "stage": "Completed",
        "ea1": "G70P47",
        "ea2": "Gauteng South"
      }
    },
    {
      "attributes": {
        "owner": "EBU",
        "stage": "Completed",
        "ea1": "G70P47",
        "ea2": "Gauteng South"
      }
    },
    {
      "attributes": {
        "owner": "EBU",
        "stage": "Completed",
        "ea1": "G70P46",
        "ea2": "Gauteng South"
      }
    },
    {
      "attributes": {
        "owner": "EBU",
        "stage": "Completed",
        "ea1": "G70P46",
        "ea2": "Gauteng South"
      }
    },
    {
      "attributes": {
        "owner": "EBU",
        "stage": "Completed",
        "ea1": "G70P46",
        "ea2": "Gauteng South"
      }
    },
    {
      "attributes": {
        "owner": "EBU",
        "stage": "Completed",
        "ea1": "G70P46",
        "ea2": "Gauteng South"
      }
    },
    {
      "attributes": {
        "owner": "EBU",
        "stage": "Completed",
        "ea1": "G70P46",
        "ea2": "Gauteng South"
      }
    },
    {
      "attributes": {
        "owner": "EBU",
        "stage": "Completed",
        "ea1": "G70P46",
        "ea2": "Gauteng South"
      }
    },
    {
      "attributes": {
        "owner": "EBU",
        "stage": "Completed",
        "ea1": "G70P49",
        "ea2": "Gauteng South"
      }
    },
    {
      "attributes": {
        "owner": "EBU",
        "stage": "Completed",
        "ea1": "G70P49",
        "ea2": "Gauteng South"
      }
    },
    {
      "attributes": {
        "owner": "EBU",
        "stage": "Completed",
        "ea1": "G70P49",
        "ea2": "Gauteng South"
      }
    },
    {
      "attributes": {
        "owner": "EBU",
        "stage": "Completed",
        "ea1": "G70P48",
        "ea2": "Gauteng South"
      }
    },
    {
      "attributes": {
        "owner": "EBU",
        "stage": "Completed",
        "ea1": "G70P53",
        "ea2": "Gauteng South"
      }
    },
    {
      "attributes": {
        "owner": "EBU",
        "stage": "Completed",
        "ea1": "G70P53",
        "ea2": "Gauteng South"
      }
    },
    {
      "attributes": {
        "owner": "EBU",
        "stage": "Completed",
        "ea1": "G70P53",
        "ea2": "Gauteng South"
      }
    },
    {
      "attributes": {
        "owner": "EBU",
        "stage": "Completed",
        "ea1": "G70P53",
        "ea2": "Gauteng South"
      }
    },
    {
      "attributes": {
        "owner": "EBU",
        "stage": "Completed",
        "ea1": "G70P53",
        "ea2": "Gauteng South"
      }
    },
    {
      "attributes": {
        "owner": "EBU",
        "stage": "Completed",
        "ea1": "G70P87",
        "ea2": "Gauteng South"
      }
    },
    {
      "attributes": {
        "owner": "EBU",
        "stage": "Completed",
        "ea1": "G70P87",
        "ea2": "Gauteng South"
      }
    },
    {
      "attributes": {
        "owner": "EBU",
        "stage": "Completed",
        "ea1": "G70P87",
        "ea2": "Gauteng South"
      }
    },
    {
      "attributes": {
        "owner": "EBU",
        "stage": "Completed",
        "ea1": "Conduct Eaton Rd Peering Point",
        "ea2": "Gauteng South"
      }
    },
    {
      "attributes": {
        "owner": "EBU",
        "stage": "Completed",
        "ea1": "G70P11",
        "ea2": "Gauteng South"
      }
    },
    {
      "attributes": {
        "owner": "EBU",
        "stage": "Completed",
        "ea1": "G70P11",
        "ea2": "Gauteng South"
      }
    },
    {
      "attributes": {
        "owner": "EBU",
        "stage": "Completed",
        "ea1": "G70P11",
        "ea2": "Gauteng South"
      }
    },
    {
      "attributes": {
        "owner": "EBU",
        "stage": "Completed",
        "ea1": "G70P11",
        "ea2": "Gauteng South"
      }
    },
    {
      "attributes": {
        "owner": "EBU",
        "stage": "Completed",
        "ea1": "G70P11",
        "ea2": "Gauteng South"
      }
    },
    {
      "attributes": {
        "owner": "EBU",
        "stage": "Completed",
        "ea1": "G70P11",
        "ea2": "Gauteng South"
      }
    },
    {
      "attributes": {
        "owner": "EBU",
        "stage": "Completed",
        "ea1": "G70P11",
        "ea2": "Gauteng South"
      }
    },
    {
      "attributes": {
        "owner": "EBU",
        "stage": "Completed",
        "ea1": "G70P11",
        "ea2": "Gauteng South"
      }
    },
    {
      "attributes": {
        "owner": "EBU",
        "stage": "Completed",
        "ea1": "G70P11",
        "ea2": "Gauteng South"
      }
    },
    {
      "attributes": {
        "owner": "EBU",
        "stage": "Completed",
        "ea1": "G70P11",
        "ea2": "Gauteng South"
      }
    },
    {
      "attributes": {
        "owner": "EBU",
        "stage": "Completed",
        "ea1": "G70P11",
        "ea2": "Gauteng South"
      }
    },
    {
      "attributes": {
        "owner": "EBU",
        "stage": "Completed",
        "ea1": "G70P11",
        "ea2": "Gauteng South"
      }
    },
    {
      "attributes": {
        "owner": "EBU",
        "stage": "Completed",
        "ea1": "G70P11",
        "ea2": "Gauteng South"
      }
    },
    {
      "attributes": {
        "owner": "EBU",
        "stage": "Completed",
        "ea1": "G70P11",
        "ea2": "Gauteng South"
      }
    },
    {
      "attributes": {
        "owner": "EBU",
        "stage": "Completed",
        "ea1": "G70P11",
        "ea2": "Gauteng South"
      }
    },
    {
      "attributes": {
        "owner": "EBU",
        "stage": "Completed",
        "ea1": "G70P11",
        "ea2": "Gauteng South"
      }
    },
    {
      "attributes": {
        "owner": "EBU",
        "stage": "Completed",
        "ea1": "G70P11",
        "ea2": "Gauteng South"
      }
    },
    {
      "attributes": {
        "owner": "EBU",
        "stage": "Completed",
        "ea1": "Conduct Eaton Rd Peering Point",
        "ea2": "Gauteng South"
      }
    },
    {
      "attributes": {
        "owner": "EBU",
        "stage": "Completed",
        "ea1": "G70P09",
        "ea2": "Gauteng South"
      }
    },
    {
      "attributes": {
        "owner": "EBU",
        "stage": "Completed",
        "ea1": "AS17269GAXXXXXX",
        "ea2": "Gauteng South"
      }
    },
    {
      "attributes": {
        "owner": "EBU",
        "stage": "Completed",
        "ea1": "G70P09",
        "ea2": "Gauteng South"
      }
    },
    {
      "attributes": {
        "owner": "EBU",
        "stage": "Completed",
        "ea1": "G70P09",
        "ea2": "Gauteng South"
      }
    },
    {
      "attributes": {
        "owner": "EBU",
        "stage": "Completed",
        "ea1": "G70P09",
        "ea2": "Gauteng South"
      }
    },
    {
      "attributes": {
        "owner": "EBU",
        "stage": "Completed",
        "ea1": "G70P09",
        "ea2": "Gauteng South"
      }
    },
    {
      "attributes": {
        "owner": "EBU",
        "stage": "Completed",
        "ea1": "G70P09",
        "ea2": "Gauteng South"
      }
    },
    {
      "attributes": {
        "owner": "EBU",
        "stage": "Completed",
        "ea1": "G70P09",
        "ea2": "Gauteng South"
      }
    },
    {
      "attributes": {
        "owner": "EBU",
        "stage": "Completed",
        "ea1": "G70P09",
        "ea2": "Gauteng South"
      }
    },
    {
      "attributes": {
        "owner": "EBU",
        "stage": "Completed",
        "ea1": "G70P09",
        "ea2": "Gauteng South"
      }
    },
    {
      "attributes": {
        "owner": "EBU",
        "stage": "Completed",
        "ea1": "G70P09",
        "ea2": "Gauteng South"
      }
    },
    {
      "attributes": {
        "owner": "EBU",
        "stage": "Completed",
        "ea1": "G70P09",
        "ea2": "Gauteng South"
      }
    },
    {
      "attributes": {
        "owner": "EBU",
        "stage": "Completed",
        "ea1": "G70P48",
        "ea2": "Gauteng South"
      }
    },
    {
      "attributes": {
        "owner": "EBU",
        "stage": "Completed",
        "ea1": "G73P21",
        "ea2": "Gauteng South"
      }
    },
    {
      "attributes": {
        "owner": "EBU",
        "stage": "Completed",
        "ea1": "G70P13",
        "ea2": "Gauteng South"
      }
    },
    {
      "attributes": {
        "owner": "EBU",
        "stage": "Completed",
        "ea1": "G70P13",
        "ea2": "Gauteng South"
      }
    },
    {
      "attributes": {
        "owner": "EBU",
        "stage": "Completed",
        "ea1": "G70P13",
        "ea2": "Gauteng South"
      }
    },
    {
      "attributes": {
        "owner": "EBU",
        "stage": "Completed",
        "ea1": "G70P13",
        "ea2": "Gauteng South"
      }
    },
    {
      "attributes": {
        "owner": "EBU",
        "stage": "Completed",
        "ea1": "G70P13",
        "ea2": "Gauteng South"
      }
    },
    {
      "attributes": {
        "owner": "EBU",
        "stage": "Completed",
        "ea1": "G70P13",
        "ea2": "Gauteng South"
      }
    },
    {
      "attributes": {
        "owner": "EBU",
        "stage": "Completed",
        "ea1": "G70P13",
        "ea2": "Gauteng South"
      }
    },
    {
      "attributes": {
        "owner": "EBU",
        "stage": "Completed",
        "ea1": "G70P13",
        "ea2": "Gauteng South"
      }
    },
    {
      "attributes": {
        "owner": "EBU",
        "stage": "Completed",
        "ea1": "G70P13",
        "ea2": "Gauteng South"
      }
    },
    {
      "attributes": {
        "owner": "EBU",
        "stage": "Completed",
        "ea1": "G70P13",
        "ea2": "Gauteng South"
      }
    },
    {
      "attributes": {
        "owner": "EBU",
        "stage": "Completed",
        "ea1": "G70P13",
        "ea2": "Gauteng South"
      }
    },
    {
      "attributes": {
        "owner": "EBU",
        "stage": "Completed",
        "ea1": "G70P13",
        "ea2": "Gauteng South"
      }
    },
    {
      "attributes": {
        "owner": "EBU",
        "stage": "Completed",
        "ea1": "G70P13",
        "ea2": "Gauteng South"
      }
    },
    {
      "attributes": {
        "owner": "EBU",
        "stage": "Completed",
        "ea1": "G70P13",
        "ea2": "Gauteng South"
      }
    },
    {
      "attributes": {
        "owner": "EBU",
        "stage": "Completed",
        "ea1": "G70P14",
        "ea2": "Gauteng South"
      }
    },
    {
      "attributes": {
        "owner": "EBU",
        "stage": "Completed",
        "ea1": "G70P14",
        "ea2": "Gauteng South"
      }
    },
    {
      "attributes": {
        "owner": "EBU",
        "stage": "Completed",
        "ea1": "G70P14",
        "ea2": "Gauteng South"
      }
    },
    {
      "attributes": {
        "owner": "EBU",
        "stage": "Completed",
        "ea1": "G70P16",
        "ea2": "Gauteng South"
      }
    },
    {
      "attributes": {
        "owner": "EBU",
        "stage": "Completed",
        "ea1": "G70P15",
        "ea2": "Gauteng South"
      }
    },
    {
      "attributes": {
        "owner": "EBU",
        "stage": "Completed",
        "ea1": "G70P15",
        "ea2": "Gauteng South"
      }
    },
    {
      "attributes": {
        "owner": "EBU",
        "stage": "Completed",
        "ea1": "G70P13",
        "ea2": "Gauteng South"
      }
    },
    {
      "attributes": {
        "owner": "EBU",
        "stage": "Completed",
        "ea1": "G70P13",
        "ea2": "Gauteng South"
      }
    },
    {
      "attributes": {
        "owner": "EBU",
        "stage": "Completed",
        "ea1": "G70P67",
        "ea2": "Gauteng South"
      }
    },
    {
      "attributes": {
        "owner": "EBU",
        "stage": "Completed",
        "ea1": "G70P74",
        "ea2": "Gauteng South"
      }
    },
    {
      "attributes": {
        "owner": "EBU",
        "stage": "Completed",
        "ea1": "G70P73",
        "ea2": "Gauteng South"
      }
    },
    {
      "attributes": {
        "owner": "EBU",
        "stage": "Completed",
        "ea1": "G70P71",
        "ea2": "Gauteng South"
      }
    },
    {
      "attributes": {
        "owner": "EBU",
        "stage": "Completed",
        "ea1": "G70P40",
        "ea2": "Gauteng South"
      }
    },
    {
      "attributes": {
        "owner": "EBU",
        "stage": "Completed",
        "ea1": "G70P40",
        "ea2": "Gauteng South"
      }
    },
    {
      "attributes": {
        "owner": "EBU",
        "stage": "Completed",
        "ea1": "G70P40",
        "ea2": "Gauteng South"
      }
    },
    {
      "attributes": {
        "owner": "EBU",
        "stage": "Completed",
        "ea1": "G70P40",
        "ea2": "Gauteng South"
      }
    },
    {
      "attributes": {
        "owner": "EBU",
        "stage": "Completed",
        "ea1": "G70P40",
        "ea2": "Gauteng South"
      }
    },
    {
      "attributes": {
        "owner": "EBU",
        "stage": "Completed",
        "ea1": "G70P40",
        "ea2": "Gauteng South"
      }
    },
    {
      "attributes": {
        "owner": "EBU",
        "stage": "Completed",
        "ea1": "G70P40",
        "ea2": "Gauteng South"
      }
    },
    {
      "attributes": {
        "owner": "EBU",
        "stage": "Completed",
        "ea1": "G70P40",
        "ea2": "Gauteng South"
      }
    },
    {
      "attributes": {
        "owner": "EBU",
        "stage": "Completed",
        "ea1": "G70P40",
        "ea2": "Gauteng South"
      }
    },
    {
      "attributes": {
        "owner": "EBU",
        "stage": "Completed",
        "ea1": "G70P40",
        "ea2": "Gauteng South"
      }
    },
    {
      "attributes": {
        "owner": "EBU",
        "stage": "Completed",
        "ea1": "G70P40",
        "ea2": "Gauteng South"
      }
    },
    {
      "attributes": {
        "owner": "EBU",
        "stage": "Completed",
        "ea1": "G70P40",
        "ea2": "Gauteng South"
      }
    },
    {
      "attributes": {
        "owner": "EBU",
        "stage": "Completed",
        "ea1": "G70P40",
        "ea2": "Gauteng South"
      }
    },
    {
      "attributes": {
        "owner": "EBU",
        "stage": "Completed",
        "ea1": "G70P40",
        "ea2": "Gauteng South"
      }
    },
    {
      "attributes": {
        "owner": "EBU",
        "stage": "Completed",
        "ea1": "G70P40",
        "ea2": "Gauteng South"
      }
    },
    {
      "attributes": {
        "owner": "EBU",
        "stage": "Completed",
        "ea1": "G70P40",
        "ea2": "Gauteng South"
      }
    },
    {
      "attributes": {
        "owner": "EBU",
        "stage": "Completed",
        "ea1": "G70P40",
        "ea2": "Gauteng South"
      }
    },
    {
      "attributes": {
        "owner": "EBU",
        "stage": "Completed",
        "ea1": "G70P40",
        "ea2": "Gauteng South"
      }
    },
    {
      "attributes": {
        "owner": "EBU",
        "stage": "Completed",
        "ea1": "G70P40",
        "ea2": "Gauteng South"
      }
    },
    {
      "attributes": {
        "owner": "EBU",
        "stage": "Completed",
        "ea1": "G70P40",
        "ea2": "Gauteng South"
      }
    },
    {
      "attributes": {
        "owner": "EBU",
        "stage": "Completed",
        "ea1": "G70P40",
        "ea2": "Gauteng South"
      }
    },
    {
      "attributes": {
        "owner": "EBU",
        "stage": "Completed",
        "ea1": "G72P01",
        "ea2": "Gauteng South"
      }
    },
    {
      "attributes": {
        "owner": "EBU",
        "stage": "Completed",
        "ea1": "G72P01",
        "ea2": "Gauteng South"
      }
    },
    {
      "attributes": {
        "owner": "EBU",
        "stage": "Completed",
        "ea1": "G72P01",
        "ea2": "Gauteng South"
      }
    },
    {
      "attributes": {
        "owner": "EBU",
        "stage": "Completed",
        "ea1": "G72P01",
        "ea2": "Gauteng South"
      }
    },
    {
      "attributes": {
        "owner": "EBU",
        "stage": "Completed",
        "ea1": "G73P03",
        "ea2": "Gauteng South"
      }
    },
    {
      "attributes": {
        "owner": "EBU",
        "stage": "Completed",
        "ea1": "G73P03",
        "ea2": "Gauteng South"
      }
    },
    {
      "attributes": {
        "owner": "EBU",
        "stage": "Completed",
        "ea1": "G73P03",
        "ea2": "Gauteng South"
      }
    },
    {
      "attributes": {
        "owner": "EBU",
        "stage": "Completed",
        "ea1": "G73P03",
        "ea2": "Gauteng South"
      }
    },
    {
      "attributes": {
        "owner": "EBU",
        "stage": "Completed",
        "ea1": "G73P03",
        "ea2": "Gauteng South"
      }
    },
    {
      "attributes": {
        "owner": "EBU",
        "stage": "Completed",
        "ea1": "G70P72",
        "ea2": "Gauteng South"
      }
    },
    {
      "attributes": {
        "owner": "EBU",
        "stage": "Completed",
        "ea1": "G70P72",
        "ea2": "Gauteng South"
      }
    },
    {
      "attributes": {
        "owner": "EBU",
        "stage": "Completed",
        "ea1": "G70P71",
        "ea2": "Gauteng South"
      }
    },
    {
      "attributes": {
        "owner": "EBU",
        "stage": "Completed",
        "ea1": "G70P71",
        "ea2": "Gauteng South"
      }
    },
    {
      "attributes": {
        "owner": "EBU",
        "stage": "Completed",
        "ea1": "G70P71",
        "ea2": "Gauteng South"
      }
    },
    {
      "attributes": {
        "owner": "EBU",
        "stage": "Completed",
        "ea1": "G70P71",
        "ea2": "Gauteng South"
      }
    },
    {
      "attributes": {
        "owner": "EBU",
        "stage": "Completed",
        "ea1": "G70P71",
        "ea2": "Gauteng South"
      }
    },
    {
      "attributes": {
        "owner": "EBU",
        "stage": "Completed",
        "ea1": "G70P71",
        "ea2": "Gauteng South"
      }
    },
    {
      "attributes": {
        "owner": "EBU",
        "stage": "Completed",
        "ea1": "G70P65",
        "ea2": "Gauteng South"
      }
    },
    {
      "attributes": {
        "owner": "EBU",
        "stage": "Completed",
        "ea1": "G70P65",
        "ea2": "Gauteng South"
      }
    },
    {
      "attributes": {
        "owner": "EBU",
        "stage": "Completed",
        "ea1": "G70P65",
        "ea2": "Gauteng South"
      }
    },
    {
      "attributes": {
        "owner": "EBU",
        "stage": "Completed",
        "ea1": "G70P65",
        "ea2": "Gauteng South"
      }
    },
    {
      "attributes": {
        "owner": "EBU",
        "stage": "Completed",
        "ea1": "G70P70",
        "ea2": "Gauteng South"
      }
    },
    {
      "attributes": {
        "owner": "EBU",
        "stage": "Completed",
        "ea1": "G70P69",
        "ea2": "Gauteng South"
      }
    },
    {
      "attributes": {
        "owner": "EBU",
        "stage": "Completed",
        "ea1": "G70P69",
        "ea2": "Gauteng South"
      }
    },
    {
      "attributes": {
        "owner": "EBU",
        "stage": "Completed",
        "ea1": "G70P69",
        "ea2": "Gauteng South"
      }
    },
    {
      "attributes": {
        "owner": "EBU",
        "stage": "Completed",
        "ea1": "G70P66",
        "ea2": "Gauteng South"
      }
    },
    {
      "attributes": {
        "owner": "EBU",
        "stage": "Completed",
        "ea1": "G70P66",
        "ea2": "Gauteng South"
      }
    },
    {
      "attributes": {
        "owner": "EBU",
        "stage": "Completed",
        "ea1": "G70P73",
        "ea2": "Gauteng South"
      }
    },
    {
      "attributes": {
        "owner": "EBU",
        "stage": "Completed",
        "ea1": "G70P73",
        "ea2": "Gauteng South"
      }
    },
    {
      "attributes": {
        "owner": "EBU",
        "stage": "Completed",
        "ea1": "G59P96",
        "ea2": "Gauteng South"
      }
    },
    {
      "attributes": {
        "owner": "EBU",
        "stage": "Completed",
        "ea1": "G59P96",
        "ea2": "Gauteng South"
      }
    },
    {
      "attributes": {
        "owner": "EBU",
        "stage": "Completed",
        "ea1": "G70P64",
        "ea2": "Gauteng South"
      }
    },
    {
      "attributes": {
        "owner": "EBU",
        "stage": "Completed",
        "ea1": "G70P88",
        "ea2": "Gauteng South"
      }
    },
    {
      "attributes": {
        "owner": "EBU",
        "stage": "Completed",
        "ea1": "G70P63",
        "ea2": "Gauteng South"
      }
    },
    {
      "attributes": {
        "owner": "EBU",
        "stage": "Completed",
        "ea1": "G70P63",
        "ea2": "Gauteng South"
      }
    },
    {
      "attributes": {
        "owner": "EBU",
        "stage": "Completed",
        "ea1": "G70P63",
        "ea2": "Gauteng South"
      }
    },
    {
      "attributes": {
        "owner": "EBU",
        "stage": "Completed",
        "ea1": "G70P63",
        "ea2": "Gauteng South"
      }
    },
    {
      "attributes": {
        "owner": "EBU",
        "stage": "Completed",
        "ea1": "G70P63",
        "ea2": "Gauteng South"
      }
    },
    {
      "attributes": {
        "owner": "EBU",
        "stage": "Completed",
        "ea1": "G70P63",
        "ea2": "Gauteng South"
      }
    },
    {
      "attributes": {
        "owner": "EBU",
        "stage": "Completed",
        "ea1": "G70P63",
        "ea2": "Gauteng South"
      }
    },
    {
      "attributes": {
        "owner": "EBU",
        "stage": "Completed",
        "ea1": "G70P63",
        "ea2": "Gauteng South"
      }
    },
    {
      "attributes": {
        "owner": "EBU",
        "stage": "Completed",
        "ea1": "G70P63",
        "ea2": "Gauteng South"
      }
    },
    {
      "attributes": {
        "owner": "EBU",
        "stage": "Completed",
        "ea1": "G70P63",
        "ea2": "Gauteng South"
      }
    },
    {
      "attributes": {
        "owner": "EBU",
        "stage": "Completed",
        "ea1": "G70P63",
        "ea2": "Gauteng South"
      }
    },
    {
      "attributes": {
        "owner": "EBU",
        "stage": "Completed",
        "ea1": "G70P63",
        "ea2": "Gauteng South"
      }
    },
    {
      "attributes": {
        "owner": "EBU",
        "stage": "Completed",
        "ea1": "G70P63",
        "ea2": "Gauteng South"
      }
    },
    {
      "attributes": {
        "owner": "EBU",
        "stage": "Completed",
        "ea1": "G70P63",
        "ea2": "Gauteng South"
      }
    },
    {
      "attributes": {
        "owner": "EBU",
        "stage": "Completed",
        "ea1": "G70P63",
        "ea2": "Gauteng South"
      }
    },
    {
      "attributes": {
        "owner": "EBU",
        "stage": "Completed",
        "ea1": "G70P63",
        "ea2": "Gauteng South"
      }
    },
    {
      "attributes": {
        "owner": "EBU",
        "stage": "Completed",
        "ea1": "G70P63",
        "ea2": "Gauteng South"
      }
    },
    {
      "attributes": {
        "owner": "EBU",
        "stage": "Completed",
        "ea1": "G70P63",
        "ea2": "Gauteng South"
      }
    },
    {
      "attributes": {
        "owner": "EBU",
        "stage": "Completed",
        "ea1": "G70P63",
        "ea2": "Gauteng South"
      }
    },
    {
      "attributes": {
        "owner": "EBU",
        "stage": "Completed",
        "ea1": "G70P63",
        "ea2": "Gauteng South"
      }
    },
    {
      "attributes": {
        "owner": "EBU",
        "stage": "Completed",
        "ea1": "G70P63",
        "ea2": "Gauteng South"
      }
    },
    {
      "attributes": {
        "owner": "EBU",
        "stage": "Completed",
        "ea1": "G70P71",
        "ea2": "Gauteng South"
      }
    },
    {
      "attributes": {
        "owner": "EBU",
        "stage": "Completed",
        "ea1": "G72P56",
        "ea2": "Gauteng South"
      }
    },
    {
      "attributes": {
        "owner": "EBU",
        "stage": "Completed",
        "ea1": "G70P47",
        "ea2": "Gauteng South"
      }
    },
    {
      "attributes": {
        "owner": "EBU",
        "stage": "Completed",
        "ea1": "G70P25",
        "ea2": "Gauteng South"
      }
    },
    {
      "attributes": {
        "owner": "EBU",
        "stage": "Completed",
        "ea1": "G70P25",
        "ea2": "Gauteng South"
      }
    },
    {
      "attributes": {
        "owner": "EBU",
        "stage": "Completed",
        "ea1": "G70P25",
        "ea2": "Gauteng South"
      }
    },
    {
      "attributes": {
        "owner": "EBU",
        "stage": "Completed",
        "ea1": "G70P25",
        "ea2": "Gauteng South"
      }
    },
    {
      "attributes": {
        "owner": "EBU",
        "stage": "Completed",
        "ea1": "G70P25",
        "ea2": "Gauteng South"
      }
    },
    {
      "attributes": {
        "owner": "EBU",
        "stage": "Completed",
        "ea1": "Conduct Oak/Kent",
        "ea2": "Gauteng South"
      }
    },
    {
      "attributes": {
        "owner": "EBU",
        "stage": "Completed",
        "ea1": "G70P25",
        "ea2": "Gauteng South"
      }
    },
    {
      "attributes": {
        "owner": "EBU",
        "stage": "Completed",
        "ea1": "G70P25",
        "ea2": "Gauteng South"
      }
    },
    {
      "attributes": {
        "owner": "EBU",
        "stage": "Completed",
        "ea1": "G70P25",
        "ea2": "Gauteng South"
      }
    },
    {
      "attributes": {
        "owner": "EBU",
        "stage": "Completed",
        "ea1": "G70P25",
        "ea2": "Gauteng South"
      }
    },
    {
      "attributes": {
        "owner": "EBU",
        "stage": "Completed",
        "ea1": "G70P25",
        "ea2": "Gauteng South"
      }
    },
    {
      "attributes": {
        "owner": "EBU",
        "stage": "Completed",
        "ea1": "G70P25",
        "ea2": "Gauteng South"
      }
    },
    {
      "attributes": {
        "owner": "EBU",
        "stage": "Completed",
        "ea1": "G70P25",
        "ea2": "Gauteng South"
      }
    },
    {
      "attributes": {
        "owner": "EBU",
        "stage": "Completed",
        "ea1": "G70P25",
        "ea2": "Gauteng South"
      }
    },
    {
      "attributes": {
        "owner": "EBU",
        "stage": "Completed",
        "ea1": "G70P25",
        "ea2": "Gauteng South"
      }
    },
    {
      "attributes": {
        "owner": "EBU",
        "stage": "Completed",
        "ea1": "G70P25",
        "ea2": "Gauteng South"
      }
    },
    {
      "attributes": {
        "owner": "EBU",
        "stage": "Completed",
        "ea1": "G70P25",
        "ea2": "Gauteng South"
      }
    },
    {
      "attributes": {
        "owner": "EBU",
        "stage": "Completed",
        "ea1": "G70P25",
        "ea2": "Gauteng South"
      }
    },
    {
      "attributes": {
        "owner": "EBU",
        "stage": "Completed",
        "ea1": "G70P25",
        "ea2": "Gauteng South"
      }
    },
    {
      "attributes": {
        "owner": "EBU",
        "stage": "Completed",
        "ea1": "G70P25",
        "ea2": "Gauteng South"
      }
    },
    {
      "attributes": {
        "owner": "EBU",
        "stage": "Completed",
        "ea1": "G70P25",
        "ea2": "Gauteng South"
      }
    },
    {
      "attributes": {
        "owner": "EBU",
        "stage": "Completed",
        "ea1": "G70P25",
        "ea2": "Gauteng South"
      }
    },
    {
      "attributes": {
        "owner": "EBU",
        "stage": "Completed",
        "ea1": "G70P25",
        "ea2": "Gauteng South"
      }
    },
    {
      "attributes": {
        "owner": "EBU",
        "stage": "Completed",
        "ea1": "G70P25",
        "ea2": "Gauteng South"
      }
    },
    {
      "attributes": {
        "owner": "EBU",
        "stage": "Completed",
        "ea1": "G70P25",
        "ea2": "Gauteng South"
      }
    },
    {
      "attributes": {
        "owner": "EBU",
        "stage": "Completed",
        "ea1": "G70P25",
        "ea2": "Gauteng South"
      }
    },
    {
      "attributes": {
        "owner": "EBU",
        "stage": "Completed",
        "ea1": "G70P25",
        "ea2": "Gauteng South"
      }
    },
    {
      "attributes": {
        "owner": "EBU",
        "stage": "Completed",
        "ea1": "G70P25",
        "ea2": "Gauteng South"
      }
    },
    {
      "attributes": {
        "owner": "EBU",
        "stage": "Completed",
        "ea1": "G70P26",
        "ea2": "Gauteng South"
      }
    },
    {
      "attributes": {
        "owner": "EBU",
        "stage": "Completed",
        "ea1": "G70P26",
        "ea2": "Gauteng South"
      }
    },
    {
      "attributes": {
        "owner": "EBU",
        "stage": "Completed",
        "ea1": "G70P26",
        "ea2": "Gauteng South"
      }
    },
    {
      "attributes": {
        "owner": "EBU",
        "stage": "Completed",
        "ea1": "G70P26",
        "ea2": "Gauteng South"
      }
    },
    {
      "attributes": {
        "owner": "EBU",
        "stage": "Completed",
        "ea1": "G70P26",
        "ea2": "Gauteng South"
      }
    },
    {
      "attributes": {
        "owner": "EBU",
        "stage": "Completed",
        "ea1": "G70P26",
        "ea2": "Gauteng South"
      }
    },
    {
      "attributes": {
        "owner": "EBU",
        "stage": "Completed",
        "ea1": "G70P26",
        "ea2": "Gauteng South"
      }
    },
    {
      "attributes": {
        "owner": "EBU",
        "stage": "Completed",
        "ea1": "G70P27",
        "ea2": "Gauteng South"
      }
    },
    {
      "attributes": {
        "owner": "EBU",
        "stage": "Completed",
        "ea1": "G70P27",
        "ea2": "Gauteng South"
      }
    },
    {
      "attributes": {
        "owner": "EBU",
        "stage": "Completed",
        "ea1": "G70P27",
        "ea2": "Gauteng South"
      }
    },
    {
      "attributes": {
        "owner": "EBU",
        "stage": "Completed",
        "ea1": "G70P27",
        "ea2": "Gauteng South"
      }
    },
    {
      "attributes": {
        "owner": "EBU",
        "stage": "Completed",
        "ea1": "G70P27",
        "ea2": "Gauteng South"
      }
    },
    {
      "attributes": {
        "owner": "EBU",
        "stage": "Completed",
        "ea1": "G70P27",
        "ea2": "Gauteng South"
      }
    },
    {
      "attributes": {
        "owner": "EBU",
        "stage": "Completed",
        "ea1": "G70P27",
        "ea2": "Gauteng South"
      }
    },
    {
      "attributes": {
        "owner": "EBU",
        "stage": "Completed",
        "ea1": "G70P27",
        "ea2": "Gauteng South"
      }
    },
    {
      "attributes": {
        "owner": "EBU",
        "stage": "Completed",
        "ea1": "G70P27",
        "ea2": "Gauteng South"
      }
    },
    {
      "attributes": {
        "owner": "EBU",
        "stage": "Completed",
        "ea1": "G70P27",
        "ea2": "Gauteng South"
      }
    },
    {
      "attributes": {
        "owner": "EBU",
        "stage": "Completed",
        "ea1": "G70P27",
        "ea2": "Gauteng South"
      }
    },
    {
      "attributes": {
        "owner": "EBU",
        "stage": "Completed",
        "ea1": "G70P27",
        "ea2": "Gauteng South"
      }
    },
    {
      "attributes": {
        "owner": "EBU",
        "stage": "Completed",
        "ea1": "G70P27",
        "ea2": "Gauteng South"
      }
    },
    {
      "attributes": {
        "owner": "EBU",
        "stage": "Completed",
        "ea1": "G70P28",
        "ea2": "Gauteng South"
      }
    },
    {
      "attributes": {
        "owner": "EBU",
        "stage": "Completed",
        "ea1": "G70P28",
        "ea2": "Gauteng South"
      }
    },
    {
      "attributes": {
        "owner": "EBU",
        "stage": "Completed",
        "ea1": "G70P28",
        "ea2": "Gauteng South"
      }
    },
    {
      "attributes": {
        "owner": "EBU",
        "stage": "Completed",
        "ea1": "G70P28",
        "ea2": "Gauteng South"
      }
    },
    {
      "attributes": {
        "owner": "EBU",
        "stage": "Completed",
        "ea1": "G70P28",
        "ea2": "Gauteng South"
      }
    },
    {
      "attributes": {
        "owner": "EBU",
        "stage": "Completed",
        "ea1": "G70P28",
        "ea2": "Gauteng South"
      }
    },
    {
      "attributes": {
        "owner": "EBU",
        "stage": "Completed",
        "ea1": "G70P28",
        "ea2": "Gauteng South"
      }
    },
    {
      "attributes": {
        "owner": "EBU",
        "stage": "Completed",
        "ea1": "G70P28",
        "ea2": "Gauteng South"
      }
    },
    {
      "attributes": {
        "owner": "EBU",
        "stage": "Completed",
        "ea1": "G70P27",
        "ea2": "Gauteng South"
      }
    },
    {
      "attributes": {
        "owner": "EBU",
        "stage": "Completed",
        "ea1": "NB70P31",
        "ea2": "Northern Region"
      }
    },
    {
      "attributes": {
        "owner": "EBU",
        "stage": "Completed",
        "ea1": "NB70P31",
        "ea2": "Northern Region"
      }
    },
    {
      "attributes": {
        "owner": "EBU",
        "stage": "Completed",
        "ea1": "NB70P31",
        "ea2": "Northern Region"
      }
    },
    {
      "attributes": {
        "owner": "EBU",
        "stage": "Completed",
        "ea1": "NB70P31",
        "ea2": "Northern Region"
      }
    },
    {
      "attributes": {
        "owner": "EBU",
        "stage": "Completed",
        "ea1": "NB70P31",
        "ea2": "Northern Region"
      }
    },
    {
      "attributes": {
        "owner": "EBU",
        "stage": "Completed",
        "ea1": "NB70P31",
        "ea2": "Northern Region"
      }
    },
    {
      "attributes": {
        "owner": "EBU",
        "stage": "Completed",
        "ea1": "NB70P31",
        "ea2": "Northern Region"
      }
    },
    {
      "attributes": {
        "owner": "EBU",
        "stage": "Completed",
        "ea1": "NB70P31",
        "ea2": "Northern Region"
      }
    },
    {
      "attributes": {
        "owner": "EBU",
        "stage": "Completed",
        "ea1": "NB70P31",
        "ea2": "Northern Region"
      }
    },
    {
      "attributes": {
        "owner": "EBU",
        "stage": "Completed",
        "ea1": "NB70P31",
        "ea2": "Northern Region"
      }
    },
    {
      "attributes": {
        "owner": "EBU",
        "stage": "Completed",
        "ea1": "NB70P31",
        "ea2": "Northern Region"
      }
    },
    {
      "attributes": {
        "owner": "EBU",
        "stage": "Completed",
        "ea1": "NB70P13",
        "ea2": "Northern Region"
      }
    },
    {
      "attributes": {
        "owner": "EBU",
        "stage": "Completed",
        "ea1": "NB70P31",
        "ea2": "Northern Region"
      }
    },
    {
      "attributes": {
        "owner": "EBU",
        "stage": "Completed",
        "ea1": "NB70P31",
        "ea2": "Northern Region"
      }
    },
    {
      "attributes": {
        "owner": "EBU",
        "stage": "Completed",
        "ea1": "NB7031",
        "ea2": "Northern Region"
      }
    },
    {
      "attributes": {
        "owner": "EBU",
        "stage": "Completed",
        "ea1": "NB70P31",
        "ea2": "Northern Region"
      }
    },
    {
      "attributes": {
        "owner": "EBU",
        "stage": "Completed",
        "ea1": "NB70P31",
        "ea2": "Northern Region"
      }
    },
    {
      "attributes": {
        "owner": "EBU",
        "stage": "Completed",
        "ea1": "G70P33",
        "ea2": "Gauteng South"
      }
    },
    {
      "attributes": {
        "owner": "EBU",
        "stage": "Completed",
        "ea1": "G70P33",
        "ea2": "Gauteng South"
      }
    },
    {
      "attributes": {
        "owner": "EBU",
        "stage": "Completed",
        "ea1": "G70P33",
        "ea2": "Gauteng South"
      }
    },
    {
      "attributes": {
        "owner": "EBU",
        "stage": "Completed",
        "ea1": "G70P33",
        "ea2": "Gauteng South"
      }
    },
    {
      "attributes": {
        "owner": "EBU",
        "stage": "Completed",
        "ea1": "G70P33",
        "ea2": "Gauteng South"
      }
    },
    {
      "attributes": {
        "owner": "EBU",
        "stage": "Completed",
        "ea1": "G70P33",
        "ea2": "Gauteng South"
      }
    },
    {
      "attributes": {
        "owner": "EBU",
        "stage": "Completed",
        "ea1": "G70P33",
        "ea2": "Gauteng South"
      }
    },
    {
      "attributes": {
        "owner": "EBU",
        "stage": "Completed",
        "ea1": "G70P33",
        "ea2": "Gauteng South"
      }
    },
    {
      "attributes": {
        "owner": "EBU",
        "stage": "Completed",
        "ea1": "G70P33",
        "ea2": "Gauteng South"
      }
    },
    {
      "attributes": {
        "owner": "EBU",
        "stage": "Completed",
        "ea1": "G70P33",
        "ea2": "Gauteng South"
      }
    },
    {
      "attributes": {
        "owner": "EBU",
        "stage": "Completed",
        "ea1": "G70P33",
        "ea2": "Gauteng South"
      }
    },
    {
      "attributes": {
        "owner": "EBU",
        "stage": "Completed",
        "ea1": "G70P33",
        "ea2": "Gauteng South"
      }
    },
    {
      "attributes": {
        "owner": "EBU",
        "stage": "Completed",
        "ea1": "G70P33",
        "ea2": "Gauteng South"
      }
    },
    {
      "attributes": {
        "owner": "EBU",
        "stage": "Completed",
        "ea1": "G70P33",
        "ea2": "Gauteng South"
      }
    },
    {
      "attributes": {
        "owner": "EBU",
        "stage": "Completed",
        "ea1": "G70P33",
        "ea2": "Gauteng South"
      }
    },
    {
      "attributes": {
        "owner": "EBU",
        "stage": "Completed",
        "ea1": "G70P33",
        "ea2": "Gauteng South"
      }
    },
    {
      "attributes": {
        "owner": "EBU",
        "stage": "Completed",
        "ea1": "G70P33",
        "ea2": "Gauteng South"
      }
    },
    {
      "attributes": {
        "owner": "EBU",
        "stage": "Completed",
        "ea1": "G70P50",
        "ea2": "Gauteng South"
      }
    },
    {
      "attributes": {
        "owner": "EBU",
        "stage": "Completed",
        "ea1": "G70P50",
        "ea2": "Gauteng South"
      }
    },
    {
      "attributes": {
        "owner": "EBU",
        "stage": "Completed",
        "ea1": "G70P50",
        "ea2": "Gauteng South"
      }
    },
    {
      "attributes": {
        "owner": "EBU",
        "stage": "Completed",
        "ea1": "G70P50",
        "ea2": "Gauteng South"
      }
    },
    {
      "attributes": {
        "owner": "EBU",
        "stage": "Completed",
        "ea1": "G70P50",
        "ea2": "Gauteng South"
      }
    },
    {
      "attributes": {
        "owner": "EBU",
        "stage": "Completed",
        "ea1": "G70P50",
        "ea2": "Gauteng South"
      }
    },
    {
      "attributes": {
        "owner": "EBU",
        "stage": "Completed",
        "ea1": "G70P50",
        "ea2": "Gauteng South"
      }
    },
    {
      "attributes": {
        "owner": "EBU",
        "stage": "Completed",
        "ea1": "G70P50",
        "ea2": "Gauteng South"
      }
    },
    {
      "attributes": {
        "owner": "EBU",
        "stage": "Completed",
        "ea1": "G70P50",
        "ea2": "Gauteng South"
      }
    },
    {
      "attributes": {
        "owner": "EBU",
        "stage": "Completed",
        "ea1": "G70P50",
        "ea2": "Gauteng South"
      }
    },
    {
      "attributes": {
        "owner": "EBU",
        "stage": "Completed",
        "ea1": "G70P50",
        "ea2": "Gauteng South"
      }
    },
    {
      "attributes": {
        "owner": "EBU",
        "stage": "Completed",
        "ea1": "G70P50",
        "ea2": "Gauteng South"
      }
    },
    {
      "attributes": {
        "owner": "EBU",
        "stage": "Completed",
        "ea1": "G70P50",
        "ea2": "Gauteng South"
      }
    },
    {
      "attributes": {
        "owner": "EBU",
        "stage": "Completed",
        "ea1": "G70P50",
        "ea2": "Gauteng South"
      }
    },
    {
      "attributes": {
        "owner": "EBU",
        "stage": "Completed",
        "ea1": "G70P50",
        "ea2": "Gauteng South"
      }
    },
    {
      "attributes": {
        "owner": "EBU",
        "stage": "Completed",
        "ea1": "G70P50",
        "ea2": "Gauteng South"
      }
    },
    {
      "attributes": {
        "owner": "EBU",
        "stage": "Completed",
        "ea1": "G70P50",
        "ea2": "Gauteng South"
      }
    },
    {
      "attributes": {
        "owner": "EBU",
        "stage": "Completed",
        "ea1": "G70P50",
        "ea2": "Gauteng South"
      }
    },
    {
      "attributes": {
        "owner": "EBU",
        "stage": "Completed",
        "ea1": "G70P50",
        "ea2": "Gauteng South"
      }
    },
    {
      "attributes": {
        "owner": "EBU",
        "stage": "Completed",
        "ea1": "G70P50",
        "ea2": "Gauteng South"
      }
    },
    {
      "attributes": {
        "owner": "EBU",
        "stage": "Completed",
        "ea1": "G70P50",
        "ea2": "Gauteng South"
      }
    },
    {
      "attributes": {
        "owner": "EBU",
        "stage": "Completed",
        "ea1": "G70P50",
        "ea2": "Gauteng South"
      }
    },
    {
      "attributes": {
        "owner": "EBU",
        "stage": "Completed",
        "ea1": "G70P50",
        "ea2": "Gauteng South"
      }
    },
    {
      "attributes": {
        "owner": "EBU",
        "stage": "Completed",
        "ea1": "G70P50",
        "ea2": "Gauteng South"
      }
    },
    {
      "attributes": {
        "owner": "EBU",
        "stage": "Completed",
        "ea1": "G70P50",
        "ea2": "Gauteng South"
      }
    },
    {
      "attributes": {
        "owner": "EBU",
        "stage": "Completed",
        "ea1": "G70P50",
        "ea2": "Gauteng South"
      }
    },
    {
      "attributes": {
        "owner": "EBU",
        "stage": "Completed",
        "ea1": "G70P50",
        "ea2": "Gauteng South"
      }
    },
    {
      "attributes": {
        "owner": "EBU",
        "stage": "Completed",
        "ea1": "G70P50",
        "ea2": "Gauteng South"
      }
    },
    {
      "attributes": {
        "owner": "EBU",
        "stage": "Completed",
        "ea1": "G70P50",
        "ea2": "Gauteng South"
      }
    },
    {
      "attributes": {
        "owner": "EBU",
        "stage": "Completed",
        "ea1": "G70P50",
        "ea2": "Gauteng South"
      }
    },
    {
      "attributes": {
        "owner": "EBU",
        "stage": "Completed",
        "ea1": "G70P50",
        "ea2": "Gauteng South"
      }
    },
    {
      "attributes": {
        "owner": "EBU",
        "stage": "Completed",
        "ea1": "G70P50",
        "ea2": "Gauteng South"
      }
    },
    {
      "attributes": {
        "owner": "EBU",
        "stage": "Completed",
        "ea1": "G70P50",
        "ea2": "Gauteng South"
      }
    },
    {
      "attributes": {
        "owner": "EBU",
        "stage": "Completed",
        "ea1": "G70P50",
        "ea2": "Gauteng South"
      }
    },
    {
      "attributes": {
        "owner": "EBU",
        "stage": "Completed",
        "ea1": "G70P30",
        "ea2": "Gauteng South"
      }
    },
    {
      "attributes": {
        "owner": "EBU",
        "stage": "Completed",
        "ea1": "G70P30",
        "ea2": "Gauteng South"
      }
    },
    {
      "attributes": {
        "owner": "EBU",
        "stage": "Completed",
        "ea1": "G70P30",
        "ea2": "Gauteng South"
      }
    },
    {
      "attributes": {
        "owner": "EBU",
        "stage": "Completed",
        "ea1": "G70P30",
        "ea2": "Gauteng South"
      }
    },
    {
      "attributes": {
        "owner": "EBU",
        "stage": "Completed",
        "ea1": "G70P30",
        "ea2": "Gauteng South"
      }
    },
    {
      "attributes": {
        "owner": "EBU",
        "stage": "Completed",
        "ea1": "G70P30",
        "ea2": "Gauteng South"
      }
    },
    {
      "attributes": {
        "owner": "EBU",
        "stage": "Completed",
        "ea1": "G70P30",
        "ea2": "Gauteng South"
      }
    },
    {
      "attributes": {
        "owner": "EBU",
        "stage": "Completed",
        "ea1": "G70P30",
        "ea2": "Gauteng South"
      }
    },
    {
      "attributes": {
        "owner": "EBU",
        "stage": "Completed",
        "ea1": "G70P30",
        "ea2": "Gauteng South"
      }
    },
    {
      "attributes": {
        "owner": "EBU",
        "stage": "Completed",
        "ea1": "G70P30",
        "ea2": "Gauteng South"
      }
    },
    {
      "attributes": {
        "owner": "EBU",
        "stage": "Completed",
        "ea1": "G70P30",
        "ea2": "Gauteng South"
      }
    },
    {
      "attributes": {
        "owner": "EBU",
        "stage": "Completed",
        "ea1": "G70P30",
        "ea2": "Gauteng South"
      }
    },
    {
      "attributes": {
        "owner": "EBU",
        "stage": "Completed",
        "ea1": "G70P30",
        "ea2": "Gauteng South"
      }
    },
    {
      "attributes": {
        "owner": "EBU",
        "stage": "Completed",
        "ea1": "G70P30",
        "ea2": "Gauteng South"
      }
    },
    {
      "attributes": {
        "owner": "EBU",
        "stage": "Completed",
        "ea1": "G70P30",
        "ea2": "Gauteng South"
      }
    },
    {
      "attributes": {
        "owner": "EBU",
        "stage": "Completed",
        "ea1": "G70P30",
        "ea2": "Gauteng South"
      }
    },
    {
      "attributes": {
        "owner": "EBU",
        "stage": "Completed",
        "ea1": "G70P30",
        "ea2": "Gauteng South"
      }
    },
    {
      "attributes": {
        "owner": "EBU",
        "stage": "Completed",
        "ea1": "G70P30",
        "ea2": "Gauteng South"
      }
    },
    {
      "attributes": {
        "owner": "EBU",
        "stage": "Completed",
        "ea1": "G70P30",
        "ea2": "Gauteng South"
      }
    },
    {
      "attributes": {
        "owner": "EBU",
        "stage": "Completed",
        "ea1": "G70P30",
        "ea2": "Gauteng South"
      }
    },
    {
      "attributes": {
        "owner": "EBU",
        "stage": "Completed",
        "ea1": "G70P30",
        "ea2": "Gauteng South"
      }
    },
    {
      "attributes": {
        "owner": "EBU",
        "stage": "Completed",
        "ea1": "G70P30",
        "ea2": "Gauteng South"
      }
    },
    {
      "attributes": {
        "owner": "EBU",
        "stage": "Completed",
        "ea1": "G70P30",
        "ea2": "Gauteng South"
      }
    },
    {
      "attributes": {
        "owner": "EBU",
        "stage": "Completed",
        "ea1": "G70P30",
        "ea2": "Gauteng South"
      }
    },
    {
      "attributes": {
        "owner": "EBU",
        "stage": "Completed",
        "ea1": "G70P30",
        "ea2": "Gauteng South"
      }
    },
    {
      "attributes": {
        "owner": "EBU",
        "stage": "Completed",
        "ea1": "G70P30",
        "ea2": "Gauteng South"
      }
    },
    {
      "attributes": {
        "owner": "EBU",
        "stage": "Completed",
        "ea1": "G70P30",
        "ea2": "Gauteng South"
      }
    },
    {
      "attributes": {
        "owner": "EBU",
        "stage": "Completed",
        "ea1": "G70P30",
        "ea2": "Gauteng South"
      }
    },
    {
      "attributes": {
        "owner": "EBU",
        "stage": "Completed",
        "ea1": "G70P30",
        "ea2": "Gauteng South"
      }
    },
    {
      "attributes": {
        "owner": "EBU",
        "stage": "Completed",
        "ea1": "G70P60",
        "ea2": "Gauteng South"
      }
    },
    {
      "attributes": {
        "owner": "EBU",
        "stage": "Completed",
        "ea1": "G70P47",
        "ea2": "Gauteng South"
      }
    },
    {
      "attributes": {
        "owner": "EBU",
        "stage": "Completed",
        "ea1": "G70P47",
        "ea2": "Gauteng South"
      }
    },
    {
      "attributes": {
        "owner": "EBU",
        "stage": "Completed",
        "ea1": "G70P47",
        "ea2": "Gauteng South"
      }
    },
    {
      "attributes": {
        "owner": "EBU",
        "stage": "Completed",
        "ea1": "G70P47",
        "ea2": "Gauteng South"
      }
    },
    {
      "attributes": {
        "owner": "EBU",
        "stage": "Completed",
        "ea1": "G70P47",
        "ea2": "Gauteng South"
      }
    },
    {
      "attributes": {
        "owner": "EBU",
        "stage": "Completed",
        "ea1": "G70P47",
        "ea2": "Gauteng South"
      }
    },
    {
      "attributes": {
        "owner": "EBU",
        "stage": "Completed",
        "ea1": "G70P47",
        "ea2": "Gauteng South"
      }
    },
    {
      "attributes": {
        "owner": "EBU",
        "stage": "Completed",
        "ea1": "G70P08",
        "ea2": "Gauteng South"
      }
    },
    {
      "attributes": {
        "owner": "EBU",
        "stage": "Completed",
        "ea1": "G70P08",
        "ea2": "Gauteng South"
      }
    },
    {
      "attributes": {
        "owner": "EBU",
        "stage": "Completed",
        "ea1": "G70P08",
        "ea2": "Gauteng South"
      }
    },
    {
      "attributes": {
        "owner": "EBU",
        "stage": "Completed",
        "ea1": "G70P08",
        "ea2": "Gauteng South"
      }
    },
    {
      "attributes": {
        "owner": "EBU",
        "stage": "Completed",
        "ea1": "G70P08",
        "ea2": "Gauteng South"
      }
    },
    {
      "attributes": {
        "owner": "EBU",
        "stage": "Completed",
        "ea1": "G70P08",
        "ea2": "Gauteng South"
      }
    },
    {
      "attributes": {
        "owner": "EBU",
        "stage": "Completed",
        "ea1": "G70P08",
        "ea2": "Gauteng South"
      }
    },
    {
      "attributes": {
        "owner": "EBU",
        "stage": "Completed",
        "ea1": "G70P08",
        "ea2": "Gauteng South"
      }
    },
    {
      "attributes": {
        "owner": "EBU",
        "stage": "Completed",
        "ea1": "G70P08",
        "ea2": "Gauteng South"
      }
    },
    {
      "attributes": {
        "owner": "EBU",
        "stage": "Completed",
        "ea1": "G70P08",
        "ea2": "Gauteng South"
      }
    },
    {
      "attributes": {
        "owner": "EBU",
        "stage": "Completed",
        "ea1": "G70P08",
        "ea2": "Gauteng South"
      }
    },
    {
      "attributes": {
        "owner": "EBU",
        "stage": "Completed",
        "ea1": "G70P34",
        "ea2": "Gauteng South"
      }
    },
    {
      "attributes": {
        "owner": "EBU",
        "stage": "Completed",
        "ea1": "G70P34",
        "ea2": "Gauteng South"
      }
    },
    {
      "attributes": {
        "owner": "EBU",
        "stage": "Completed",
        "ea1": "G70P34",
        "ea2": "Gauteng South"
      }
    },
    {
      "attributes": {
        "owner": "EBU",
        "stage": "Completed",
        "ea1": "G70P34",
        "ea2": "Gauteng South"
      }
    },
    {
      "attributes": {
        "owner": "EBU",
        "stage": "Completed",
        "ea1": "G70P34",
        "ea2": "Gauteng South"
      }
    },
    {
      "attributes": {
        "owner": "EBU",
        "stage": "Completed",
        "ea1": "G70P34",
        "ea2": "Gauteng South"
      }
    },
    {
      "attributes": {
        "owner": "EBU",
        "stage": "Completed",
        "ea1": "G70P34",
        "ea2": "Gauteng South"
      }
    },
    {
      "attributes": {
        "owner": "EBU",
        "stage": "Completed",
        "ea1": "G70P34",
        "ea2": "Gauteng South"
      }
    },
    {
      "attributes": {
        "owner": "EBU",
        "stage": "Completed",
        "ea1": "G70P34",
        "ea2": "Gauteng South"
      }
    },
    {
      "attributes": {
        "owner": "EBU",
        "stage": "Completed",
        "ea1": "G70P34",
        "ea2": "Gauteng South"
      }
    },
    {
      "attributes": {
        "owner": "EBU",
        "stage": "Completed",
        "ea1": "G70P34",
        "ea2": "Gauteng South"
      }
    },
    {
      "attributes": {
        "owner": "EBU",
        "stage": "Completed",
        "ea1": "G70P34",
        "ea2": "Gauteng South"
      }
    },
    {
      "attributes": {
        "owner": "EBU",
        "stage": "Completed",
        "ea1": "G70P34",
        "ea2": "Gauteng South"
      }
    },
    {
      "attributes": {
        "owner": "EBU",
        "stage": "Completed",
        "ea1": "G70P34",
        "ea2": "Gauteng South"
      }
    },
    {
      "attributes": {
        "owner": "EBU",
        "stage": "Completed",
        "ea1": "G70P34",
        "ea2": "Gauteng South"
      }
    },
    {
      "attributes": {
        "owner": "EBU",
        "stage": "Completed",
        "ea1": "G70P34",
        "ea2": "Gauteng South"
      }
    },
    {
      "attributes": {
        "owner": "EBU",
        "stage": "Completed",
        "ea1": "G70P34",
        "ea2": "Gauteng South"
      }
    },
    {
      "attributes": {
        "owner": "EBU",
        "stage": "Completed",
        "ea1": "G70P34",
        "ea2": "Gauteng South"
      }
    },
    {
      "attributes": {
        "owner": "EBU",
        "stage": "Completed",
        "ea1": "G70P34",
        "ea2": "Gauteng South"
      }
    },
    {
      "attributes": {
        "owner": "EBU",
        "stage": "Completed",
        "ea1": "G70P34",
        "ea2": "Gauteng South"
      }
    },
    {
      "attributes": {
        "owner": "EBU",
        "stage": "Completed",
        "ea1": "G70P34",
        "ea2": "Gauteng South"
      }
    },
    {
      "attributes": {
        "owner": "EBU",
        "stage": "Completed",
        "ea1": "G70P34",
        "ea2": "Gauteng South"
      }
    },
    {
      "attributes": {
        "owner": "EBU",
        "stage": "Completed",
        "ea1": "G70P34",
        "ea2": "Gauteng South"
      }
    },
    {
      "attributes": {
        "owner": "EBU",
        "stage": "Completed",
        "ea1": "G70P34",
        "ea2": "Gauteng South"
      }
    },
    {
      "attributes": {
        "owner": "EBU",
        "stage": "Completed",
        "ea1": "G70P34",
        "ea2": "Gauteng South"
      }
    },
    {
      "attributes": {
        "owner": "EBU",
        "stage": "Completed",
        "ea1": "G70P90",
        "ea2": "Gauteng South"
      }
    },
    {
      "attributes": {
        "owner": "EBU",
        "stage": "Completed",
        "ea1": "G71P91",
        "ea2": "Gauteng South"
      }
    },
    {
      "attributes": {
        "owner": "EBU",
        "stage": "Completed",
        "ea1": "G71P91",
        "ea2": "Gauteng South"
      }
    },
    {
      "attributes": {
        "owner": "EBU",
        "stage": "Completed",
        "ea1": "G71P91",
        "ea2": "Gauteng South"
      }
    },
    {
      "attributes": {
        "owner": "EBU",
        "stage": "Completed",
        "ea1": "G71P91",
        "ea2": "Gauteng South"
      }
    },
    {
      "attributes": {
        "owner": "EBU",
        "stage": "Completed",
        "ea1": "G71P91",
        "ea2": "Gauteng South"
      }
    },
    {
      "attributes": {
        "owner": "EBU",
        "stage": "Completed",
        "ea1": "G71P98",
        "ea2": "Gauteng South"
      }
    },
    {
      "attributes": {
        "owner": "EBU",
        "stage": "Completed",
        "ea1": "G71P90",
        "ea2": "Gauteng South"
      }
    },
    {
      "attributes": {
        "owner": "EBU",
        "stage": "Completed",
        "ea1": "G71P90",
        "ea2": "Gauteng South"
      }
    },
    {
      "attributes": {
        "owner": "EBU",
        "stage": "Completed",
        "ea1": "G71P07",
        "ea2": "Gauteng South"
      }
    },
    {
      "attributes": {
        "owner": "EBU",
        "stage": "Completed",
        "ea1": "G71P05",
        "ea2": "Gauteng South"
      }
    },
    {
      "attributes": {
        "owner": "EBU",
        "stage": "Completed",
        "ea1": "G71P02",
        "ea2": "Gauteng South"
      }
    },
    {
      "attributes": {
        "owner": "EBU",
        "stage": "Completed",
        "ea1": "G72P28",
        "ea2": "Gauteng South"
      }
    },
    {
      "attributes": {
        "owner": "EBU",
        "stage": "Construction",
        "ea1": "CON-WDS-111",
        "ea2": "Gauteng South"
      }
    },
    {
      "attributes": {
        "owner": "EBU",
        "stage": "Completed",
        "ea1": "G70P70",
        "ea2": "Gauteng South"
      }
    },
    {
      "attributes": {
        "owner": "EBU",
        "stage": "Completed",
        "ea1": "G70P70",
        "ea2": "Gauteng South"
      }
    },
    {
      "attributes": {
        "owner": "EBU",
        "stage": "Completed",
        "ea1": "G70P87",
        "ea2": "Gauteng South"
      }
    },
    {
      "attributes": {
        "owner": "EBU",
        "stage": "Completed",
        "ea1": "G70P13",
        "ea2": "Gauteng South"
      }
    },
    {
      "attributes": {
        "owner": "EBU",
        "stage": "Completed",
        "ea1": "G70P30",
        "ea2": "Gauteng South"
      }
    },
    {
      "attributes": {
        "owner": "EBU",
        "stage": "Completed",
        "ea1": "G70P13",
        "ea2": "Gauteng South"
      }
    },
    {
      "attributes": {
        "owner": "EBU",
        "stage": "Completed",
        "ea1": "G70P64",
        "ea2": "Gauteng South"
      }
    },
    {
      "attributes": {
        "owner": "EBU",
        "stage": "Completed",
        "ea1": "G70P71",
        "ea2": "Gauteng South"
      }
    },
    {
      "attributes": {
        "owner": "EBU",
        "stage": "Completed",
        "ea1": "G70P68",
        "ea2": "Gauteng South"
      }
    },
    {
      "attributes": {
        "owner": "EBU",
        "stage": "Completed",
        "ea1": "G71P02",
        "ea2": "Gauteng South"
      }
    },
    {
      "attributes": {
        "owner": "EBU",
        "stage": "Completed",
        "ea1": "G71P02",
        "ea2": "Gauteng South"
      }
    },
    {
      "attributes": {
        "owner": "EBU",
        "stage": "Completed",
        "ea1": "G70P40",
        "ea2": "Gauteng South"
      }
    },
    {
      "attributes": {
        "owner": "EBU",
        "stage": "Completed",
        "ea1": "G70P40",
        "ea2": "Gauteng South"
      }
    },
    {
      "attributes": {
        "owner": "EBU",
        "stage": "Completed",
        "ea1": "G70P40",
        "ea2": "Gauteng South"
      }
    },
    {
      "attributes": {
        "owner": "EBU",
        "stage": "Completed",
        "ea1": "G70P40",
        "ea2": "Gauteng South"
      }
    },
    {
      "attributes": {
        "owner": "EBU",
        "stage": "Completed",
        "ea1": "G70P59",
        "ea2": "Gauteng South"
      }
    },
    {
      "attributes": {
        "owner": "EBU",
        "stage": "Completed",
        "ea1": "G70P89",
        "ea2": "Gauteng South"
      }
    },
    {
      "attributes": {
        "owner": "EBU",
        "stage": "Completed",
        "ea1": "G72P01",
        "ea2": "Gauteng South"
      }
    },
    {
      "attributes": {
        "owner": "EBU",
        "stage": "Completed",
        "ea1": "G70P40",
        "ea2": "Gauteng South"
      }
    },
    {
      "attributes": {
        "owner": "EBU",
        "stage": "Completed",
        "ea1": "G70P34",
        "ea2": "Gauteng South"
      }
    },
    {
      "attributes": {
        "owner": "EBU",
        "stage": "Completed",
        "ea1": "G70P40",
        "ea2": "Gauteng South"
      }
    },
    {
      "attributes": {
        "owner": "EBU",
        "stage": "Completed",
        "ea1": "65 Homestead Ave. Block-A",
        "ea2": "Gauteng South"
      }
    },
    {
      "attributes": {
        "owner": "EBU",
        "stage": "Completed",
        "ea1": "G70P63",
        "ea2": "Gauteng South"
      }
    },
    {
      "attributes": {
        "owner": "EBU",
        "stage": "Completed",
        "ea1": "Remax Central_Sandton",
        "ea2": "Gauteng South"
      }
    },
    {
      "attributes": {
        "owner": "EBU",
        "stage": "Completed",
        "ea1": "91 Protea Road",
        "ea2": "Gauteng South"
      }
    },
    {
      "attributes": {
        "owner": "EBU",
        "stage": "Completed",
        "ea1": "31 Harley Street",
        "ea2": "Gauteng South"
      }
    },
    {
      "attributes": {
        "owner": "EBU",
        "stage": "Completed",
        "ea1": "68 Wierda Road",
        "ea2": "Gauteng South"
      }
    },
    {
      "attributes": {
        "owner": "EBU",
        "stage": "Completed",
        "ea1": "24 Wellington Road",
        "ea2": "Gauteng South"
      }
    },
    {
      "attributes": {
        "owner": "EBU",
        "stage": "Completed",
        "ea1": "17A SCOTT STR",
        "ea2": "Gauteng South"
      }
    },
    {
      "attributes": {
        "owner": "EBU",
        "stage": "Completed",
        "ea1": "1 Stirrup Lane ENTRY 1",
        "ea2": "Gauteng South"
      }
    },
    {
      "attributes": {
        "owner": "EBU",
        "stage": "Completed",
        "ea1": "G70P30",
        "ea2": "Gauteng South"
      }
    },
    {
      "attributes": {
        "owner": "EBU",
        "stage": "Completed",
        "ea1": "G70P30",
        "ea2": "Gauteng South"
      }
    },
    {
      "attributes": {
        "owner": "EBU",
        "stage": "Completed",
        "ea1": "26 Peter Place",
        "ea2": "Gauteng South"
      }
    },
    {
      "attributes": {
        "owner": "EBU",
        "stage": "Completed",
        "ea1": "G70P88",
        "ea2": "Gauteng South"
      }
    },
    {
      "attributes": {
        "owner": "EBU",
        "stage": "Completed",
        "ea1": "G70P88",
        "ea2": "Gauteng South"
      }
    },
    {
      "attributes": {
        "owner": "EBU",
        "stage": "Completed",
        "ea1": "G70P50",
        "ea2": "Gauteng South"
      }
    },
    {
      "attributes": {
        "owner": "EBU",
        "stage": "Completed",
        "ea1": "G70P50",
        "ea2": "Gauteng South"
      }
    },
    {
      "attributes": {
        "owner": "EBU",
        "stage": "Completed",
        "ea1": "G70P33",
        "ea2": "Gauteng South"
      }
    },
    {
      "attributes": {
        "owner": "EBU",
        "stage": "Completed",
        "ea1": "G70P33",
        "ea2": "Gauteng South"
      }
    },
    {
      "attributes": {
        "owner": "EBU",
        "stage": "Completed",
        "ea1": "",
        "ea2": "Gauteng South"
      }
    },
    {
      "attributes": {
        "owner": "EBU",
        "stage": "Completed",
        "ea1": "287 Kent Ave",
        "ea2": "Gauteng South"
      }
    },
    {
      "attributes": {
        "owner": "EBU",
        "stage": "Completed",
        "ea1": "272 Kent Ave",
        "ea2": "Gauteng South"
      }
    },
    {
      "attributes": {
        "owner": "EBU",
        "stage": "Completed",
        "ea1": "272 Kent Ave",
        "ea2": "Gauteng South"
      }
    }
  ]
}

Response body doesn't match expectation.
Expected: a string containing "DFA Internal Contracts"
  Actual: {
  "displayFieldName": "name",
  "fieldAliases": {
    "owner": "owner",
    "stage": "stage",
    "ea1": "Route Name",
    "ea2": "DFA Region"
  },
  "fields": [
    {
      "name": "owner",
      "type": "esriFieldTypeString",
      "alias": "owner",
      "length": 50
    },
    {
      "name": "stage",
      "type": "esriFieldTypeString",
      "alias": "stage",
      "length": 30
    },
    {
      "name": "ea1",
      "type": "esriFieldTypeString",
      "alias": "Route Name",
      "length": 100
    },
    {
      "name": "ea2",
      "type": "esriFieldTypeString",
      "alias": "DFA Region",
      "length": 100
    }
  ],
  "features": [
    {
      "attributes": {
        "owner": "EBU",
        "stage": "Completed",
        "ea1": "G71P27",
        "ea2": "Gauteng South"
      }
    },
    {
      "attributes": {
        "owner": "EBU",
        "stage": "Completed",
        "ea1": "G71P27",
        "ea2": "Gauteng South"
      }
    },
    {
      "attributes": {
        "owner": "EBU",
        "stage": "Completed",
        "ea1": "G71P27",
        "ea2": "Gauteng South"
      }
    },
    {
      "attributes": {
        "owner": "EBU",
        "stage": "Completed",
        "ea1": "G70P30",
        "ea2": "Gauteng South"
      }
    },
    {
      "attributes": {
        "owner": "EBU",
        "stage": "Completed",
        "ea1": "none",
        "ea2": "Northern Region"
      }
    },
    {
      "attributes": {
        "owner": "EBU",
        "stage": "Completed",
        "ea1": "none",
        "ea2": "Northern Region"
      }
    },
    {
      "attributes": {
        "owner": "EBU",
        "stage": "Completed",
        "ea1": "none",
        "ea2": "Northern Region"
      }
    },
    {
      "attributes": {
        "owner": "EBU",
        "stage": "Completed",
        "ea1": "none",
        "ea2": "Northern Region"
      }
    },
    {
      "attributes": {
        "owner": "EBU",
        "stage": "Completed",
        "ea1": "none",
        "ea2": "Northern Region"
      }
    },
    {
      "attributes": {
        "owner": "EBU",
        "stage": "Completed",
        "ea1": "none",
        "ea2": "Northern Region"
      }
    },
    {
      "attributes": {
        "owner": "EBU",
        "stage": "Completed",
        "ea1": "none",
        "ea2": "Northern Region"
      }
    },
    {
      "attributes": {
        "owner": "EBU",
        "stage": "Completed",
        "ea1": "NB70P83",
        "ea2": "Northern Region"
      }
    },
    {
      "attributes": {
        "owner": "EBU",
        "stage": "Completed",
        "ea1": "NB70P83",
        "ea2": "Northern Region"
      }
    },
    {
      "attributes": {
        "owner": "EBU",
        "stage": "Completed",
        "ea1": "AS23516BH025284",
        "ea2": "Northern Region"
      }
    },
    {
      "attributes": {
        "owner": "EBU",
        "stage": "Completed",
        "ea1": "AS23516BH025284",
        "ea2": "Northern Region"
      }
    },
    {
      "attributes": {
        "owner": "EBU",
        "stage": "Completed",
        "ea1": "AS23516BH025284",
        "ea2": "Northern Region"
      }
    },
    {
      "attributes": {
        "owner": "EBU",
        "stage": "Completed",
        "ea1": "AS23516BH025284",
        "ea2": "Northern Region"
      }
    },
    {
      "attributes": {
        "owner": "EBU",
        "stage": "Completed",
        "ea1": "AS23516BH025284",
        "ea2": "Northern Region"
      }
    },
    {
      "attributes": {
        "owner": "EBU",
        "stage": "Completed",
        "ea1": "AS23516BH025284",
        "ea2": "Northern Region"
      }
    },
    {
      "attributes": {
        "owner": "EBU",
        "stage": "Completed",
        "ea1": "NB70P34",
        "ea2": "Northern Region"
      }
    },
    {
      "attributes": {
        "owner": "EBU",
        "stage": "Completed",
        "ea1": "NB70P34",
        "ea2": "Northern Region"
      }
    },
    {
      "attributes": {
        "owner": "EBU",
        "stage": "Completed",
        "ea1": "NB70P34",
        "ea2": "Northern Region"
      }
    },
    {
      "attributes": {
        "owner": "EBU",
        "stage": "Completed",
        "ea1": "NB70P34",
        "ea2": "Northern Region"
      }
    },
    {
      "attributes": {
        "owner": "EBU",
        "stage": "Completed",
        "ea1": "NB70P34",
        "ea2": "Northern Region"
      }
    },
    {
      "attributes": {
        "owner": "EBU",
        "stage": "Completed",
        "ea1": "NB70P34",
        "ea2": "Northern Region"
      }
    },
    {
      "attributes": {
        "owner": "EBU",
        "stage": "Completed",
        "ea1": "NB70P34",
        "ea2": "Northern Region"
      }
    },
    {
      "attributes": {
        "owner": "EBU",
        "stage": "Completed",
        "ea1": "NB70P34",
        "ea2": "Northern Region"
      }
    },
    {
      "attributes": {
        "owner": "EBU",
        "stage": "Completed",
        "ea1": "none",
        "ea2": "Northern Region"
      }
    },
    {
      "attributes": {
        "owner": "EBU",
        "stage": "Completed",
        "ea1": "NB71P03",
        "ea2": "Northern Region"
      }
    },
    {
      "attributes": {
        "owner": "EBU",
        "stage": "Completed",
        "ea1": "NB71P04",
        "ea2": "Northern Region"
      }
    },
    {
      "attributes": {
        "owner": "EBU",
        "stage": "Completed",
        "ea1": "G70P94",
        "ea2": "Gauteng South"
      }
    },
    {
      "attributes": {
        "owner": "EBU",
        "stage": "Completed",
        "ea1": "G70P94",
        "ea2": "Gauteng South"
      }
    },
    {
      "attributes": {
        "owner": "EBU",
        "stage": "Completed",
        "ea1": "G70P94",
        "ea2": "Gauteng South"
      }
    },
    {
      "attributes": {
        "owner": "EBU",
        "stage": "Completed",
        "ea1": "AS11271WH283669",
        "ea2": "Western Region"
      }
    },
    {
      "attributes": {
        "owner": "EBU",
        "stage": "Completed",
        "ea1": "AS11271WH020523",
        "ea2": "Western Region"
      }
    },
    {
      "attributes": {
        "owner": "EBU",
        "stage": "Completed",
        "ea1": "G71P27",
        "ea2": "Gauteng South"
      }
    },
    {
      "attributes": {
        "owner": "EBU",
        "stage": "Completed",
        "ea1": "G71P27",
        "ea2": "Gauteng South"
      }
    },
    {
      "attributes": {
        "owner": "EBU",
        "stage": "Completed",
        "ea1": "G71P27",
        "ea2": "Gauteng South"
      }
    },
    {
      "attributes": {
        "owner": "EBU",
        "stage": "Completed",
        "ea1": "G71P27",
        "ea2": "Gauteng South"
      }
    },
    {
      "attributes": {
        "owner": "EBU",
        "stage": "Completed",
        "ea1": "G71P27",
        "ea2": "Gauteng South"
      }
    },
    {
      "attributes": {
        "owner": "EBU",
        "stage": "Completed",
        "ea1": "G71P27",
        "ea2": "Gauteng South"
      }
    },
    {
      "attributes": {
        "owner": "EBU",
        "stage": "Completed",
        "ea1": "G71P27",
        "ea2": "Gauteng South"
      }
    },
    {
      "attributes": {
        "owner": "EBU",
        "stage": "Completed",
        "ea1": "G71P27",
        "ea2": "Gauteng South"
      }
    },
    {
      "attributes": {
        "owner": "EBU",
        "stage": "Completed",
        "ea1": "G71P27",
        "ea2": "Gauteng South"
      }
    },
    {
      "attributes": {
        "owner": "EBU",
        "stage": "Completed",
        "ea1": "G71P27",
        "ea2": "Gauteng South"
      }
    },
    {
      "attributes": {
        "owner": "EBU",
        "stage": "Completed",
        "ea1": "G70P47",
        "ea2": "Gauteng South"
      }
    },
    {
      "attributes": {
        "owner": "EBU",
        "stage": "Completed",
        "ea1": "G70P47",
        "ea2": "Gauteng South"
      }
    },
    {
      "attributes": {
        "owner": "EBU",
        "stage": "Completed",
        "ea1": "G70P47",
        "ea2": "Gauteng South"
      }
    },
    {
      "attributes": {
        "owner": "EBU",
        "stage": "Completed",
        "ea1": "G70P47",
        "ea2": "Gauteng South"
      }
    },
    {
      "attributes": {
        "owner": "EBU",
        "stage": "Completed",
        "ea1": "G70P47",
        "ea2": "Gauteng South"
      }
    },
    {
      "attributes": {
        "owner": "EBU",
        "stage": "Completed",
        "ea1": "G70P47",
        "ea2": "Gauteng South"
      }
    },
    {
      "attributes": {
        "owner": "EBU",
        "stage": "Completed",
        "ea1": "G70P47",
        "ea2": "Gauteng South"
      }
    },
    {
      "attributes": {
        "owner": "EBU",
        "stage": "Completed",
        "ea1": "G70P47",
        "ea2": "Gauteng South"
      }
    },
    {
      "attributes": {
        "owner": "EBU",
        "stage": "Completed",
        "ea1": "G70P47",
        "ea2": "Gauteng South"
      }
    },
    {
      "attributes": {
        "owner": "EBU",
        "stage": "Completed",
        "ea1": "G70P47",
        "ea2": "Gauteng South"
      }
    },
    {
      "attributes": {
        "owner": "EBU",
        "stage": "Completed",
        "ea1": "G70P46",
        "ea2": "Gauteng South"
      }
    },
    {
      "attributes": {
        "owner": "EBU",
        "stage": "Completed",
        "ea1": "G70P46",
        "ea2": "Gauteng South"
      }
    },
    {
      "attributes": {
        "owner": "EBU",
        "stage": "Completed",
        "ea1": "G70P46",
        "ea2": "Gauteng South"
      }
    },
    {
      "attributes": {
        "owner": "EBU",
        "stage": "Completed",
        "ea1": "G70P46",
        "ea2": "Gauteng South"
      }
    },
    {
      "attributes": {
        "owner": "EBU",
        "stage": "Completed",
        "ea1": "G70P46",
        "ea2": "Gauteng South"
      }
    },
    {
      "attributes": {
        "owner": "EBU",
        "stage": "Completed",
        "ea1": "G70P46",
        "ea2": "Gauteng South"
      }
    },
    {
      "attributes": {
        "owner": "EBU",
        "stage": "Completed",
        "ea1": "G70P49",
        "ea2": "Gauteng South"
      }
    },
    {
      "attributes": {
        "owner": "EBU",
        "stage": "Completed",
        "ea1": "G70P49",
        "ea2": "Gauteng South"
      }
    },
    {
      "attributes": {
        "owner": "EBU",
        "stage": "Completed",
        "ea1": "G70P49",
        "ea2": "Gauteng South"
      }
    },
    {
      "attributes": {
        "owner": "EBU",
        "stage": "Completed",
        "ea1": "G70P48",
        "ea2": "Gauteng South"
      }
    },
    {
      "attributes": {
        "owner": "EBU",
        "stage": "Completed",
        "ea1": "G70P53",
        "ea2": "Gauteng South"
      }
    },
    {
      "attributes": {
        "owner": "EBU",
        "stage": "Completed",
        "ea1": "G70P53",
        "ea2": "Gauteng South"
      }
    },
    {
      "attributes": {
        "owner": "EBU",
        "stage": "Completed",
        "ea1": "G70P53",
        "ea2": "Gauteng South"
      }
    },
    {
      "attributes": {
        "owner": "EBU",
        "stage": "Completed",
        "ea1": "G70P53",
        "ea2": "Gauteng South"
      }
    },
    {
      "attributes": {
        "owner": "EBU",
        "stage": "Completed",
        "ea1": "G70P53",
        "ea2": "Gauteng South"
      }
    },
    {
      "attributes": {
        "owner": "EBU",
        "stage": "Completed",
        "ea1": "G70P87",
        "ea2": "Gauteng South"
      }
    },
    {
      "attributes": {
        "owner": "EBU",
        "stage": "Completed",
        "ea1": "G70P87",
        "ea2": "Gauteng South"
      }
    },
    {
      "attributes": {
        "owner": "EBU",
        "stage": "Completed",
        "ea1": "G70P87",
        "ea2": "Gauteng South"
      }
    },
    {
      "attributes": {
        "owner": "EBU",
        "stage": "Completed",
        "ea1": "Conduct Eaton Rd Peering Point",
        "ea2": "Gauteng South"
      }
    },
    {
      "attributes": {
        "owner": "EBU",
        "stage": "Completed",
        "ea1": "G70P11",
        "ea2": "Gauteng South"
      }
    },
    {
      "attributes": {
        "owner": "EBU",
        "stage": "Completed",
        "ea1": "G70P11",
        "ea2": "Gauteng South"
      }
    },
    {
      "attributes": {
        "owner": "EBU",
        "stage": "Completed",
        "ea1": "G70P11",
        "ea2": "Gauteng South"
      }
    },
    {
      "attributes": {
        "owner": "EBU",
        "stage": "Completed",
        "ea1": "G70P11",
        "ea2": "Gauteng South"
      }
    },
    {
      "attributes": {
        "owner": "EBU",
        "stage": "Completed",
        "ea1": "G70P11",
        "ea2": "Gauteng South"
      }
    },
    {
      "attributes": {
        "owner": "EBU",
        "stage": "Completed",
        "ea1": "G70P11",
        "ea2": "Gauteng South"
      }
    },
    {
      "attributes": {
        "owner": "EBU",
        "stage": "Completed",
        "ea1": "G70P11",
        "ea2": "Gauteng South"
      }
    },
    {
      "attributes": {
        "owner": "EBU",
        "stage": "Completed",
        "ea1": "G70P11",
        "ea2": "Gauteng South"
      }
    },
    {
      "attributes": {
        "owner": "EBU",
        "stage": "Completed",
        "ea1": "G70P11",
        "ea2": "Gauteng South"
      }
    },
    {
      "attributes": {
        "owner": "EBU",
        "stage": "Completed",
        "ea1": "G70P11",
        "ea2": "Gauteng South"
      }
    },
    {
      "attributes": {
        "owner": "EBU",
        "stage": "Completed",
        "ea1": "G70P11",
        "ea2": "Gauteng South"
      }
    },
    {
      "attributes": {
        "owner": "EBU",
        "stage": "Completed",
        "ea1": "G70P11",
        "ea2": "Gauteng South"
      }
    },
    {
      "attributes": {
        "owner": "EBU",
        "stage": "Completed",
        "ea1": "G70P11",
        "ea2": "Gauteng South"
      }
    },
    {
      "attributes": {
        "owner": "EBU",
        "stage": "Completed",
        "ea1": "G70P11",
        "ea2": "Gauteng South"
      }
    },
    {
      "attributes": {
        "owner": "EBU",
        "stage": "Completed",
        "ea1": "G70P11",
        "ea2": "Gauteng South"
      }
    },
    {
      "attributes": {
        "owner": "EBU",
        "stage": "Completed",
        "ea1": "G70P11",
        "ea2": "Gauteng South"
      }
    },
    {
      "attributes": {
        "owner": "EBU",
        "stage": "Completed",
        "ea1": "G70P11",
        "ea2": "Gauteng South"
      }
    },
    {
      "attributes": {
        "owner": "EBU",
        "stage": "Completed",
        "ea1": "Conduct Eaton Rd Peering Point",
        "ea2": "Gauteng South"
      }
    },
    {
      "attributes": {
        "owner": "EBU",
        "stage": "Completed",
        "ea1": "G70P09",
        "ea2": "Gauteng South"
      }
    },
    {
      "attributes": {
        "owner": "EBU",
        "stage": "Completed",
        "ea1": "AS17269GAXXXXXX",
        "ea2": "Gauteng South"
      }
    },
    {
      "attributes": {
        "owner": "EBU",
        "stage": "Completed",
        "ea1": "G70P09",
        "ea2": "Gauteng South"
      }
    },
    {
      "attributes": {
        "owner": "EBU",
        "stage": "Completed",
        "ea1": "G70P09",
        "ea2": "Gauteng South"
      }
    },
    {
      "attributes": {
        "owner": "EBU",
        "stage": "Completed",
        "ea1": "G70P09",
        "ea2": "Gauteng South"
      }
    },
    {
      "attributes": {
        "owner": "EBU",
        "stage": "Completed",
        "ea1": "G70P09",
        "ea2": "Gauteng South"
      }
    },
    {
      "attributes": {
        "owner": "EBU",
        "stage": "Completed",
        "ea1": "G70P09",
        "ea2": "Gauteng South"
      }
    },
    {
      "attributes": {
        "owner": "EBU",
        "stage": "Completed",
        "ea1": "G70P09",
        "ea2": "Gauteng South"
      }
    },
    {
      "attributes": {
        "owner": "EBU",
        "stage": "Completed",
        "ea1": "G70P09",
        "ea2": "Gauteng South"
      }
    },
    {
      "attributes": {
        "owner": "EBU",
        "stage": "Completed",
        "ea1": "G70P09",
        "ea2": "Gauteng South"
      }
    },
    {
      "attributes": {
        "owner": "EBU",
        "stage": "Completed",
        "ea1": "G70P09",
        "ea2": "Gauteng South"
      }
    },
    {
      "attributes": {
        "owner": "EBU",
        "stage": "Completed",
        "ea1": "G70P09",
        "ea2": "Gauteng South"
      }
    },
    {
      "attributes": {
        "owner": "EBU",
        "stage": "Completed",
        "ea1": "G70P48",
        "ea2": "Gauteng South"
      }
    },
    {
      "attributes": {
        "owner": "EBU",
        "stage": "Completed",
        "ea1": "G73P21",
        "ea2": "Gauteng South"
      }
    },
    {
      "attributes": {
        "owner": "EBU",
        "stage": "Completed",
        "ea1": "G70P13",
        "ea2": "Gauteng South"
      }
    },
    {
      "attributes": {
        "owner": "EBU",
        "stage": "Completed",
        "ea1": "G70P13",
        "ea2": "Gauteng South"
      }
    },
    {
      "attributes": {
        "owner": "EBU",
        "stage": "Completed",
        "ea1": "G70P13",
        "ea2": "Gauteng South"
      }
    },
    {
      "attributes": {
        "owner": "EBU",
        "stage": "Completed",
        "ea1": "G70P13",
        "ea2": "Gauteng South"
      }
    },
    {
      "attributes": {
        "owner": "EBU",
        "stage": "Completed",
        "ea1": "G70P13",
        "ea2": "Gauteng South"
      }
    },
    {
      "attributes": {
        "owner": "EBU",
        "stage": "Completed",
        "ea1": "G70P13",
        "ea2": "Gauteng South"
      }
    },
    {
      "attributes": {
        "owner": "EBU",
        "stage": "Completed",
        "ea1": "G70P13",
        "ea2": "Gauteng South"
      }
    },
    {
      "attributes": {
        "owner": "EBU",
        "stage": "Completed",
        "ea1": "G70P13",
        "ea2": "Gauteng South"
      }
    },
    {
      "attributes": {
        "owner": "EBU",
        "stage": "Completed",
        "ea1": "G70P13",
        "ea2": "Gauteng South"
      }
    },
    {
      "attributes": {
        "owner": "EBU",
        "stage": "Completed",
        "ea1": "G70P13",
        "ea2": "Gauteng South"
      }
    },
    {
      "attributes": {
        "owner": "EBU",
        "stage": "Completed",
        "ea1": "G70P13",
        "ea2": "Gauteng South"
      }
    },
    {
      "attributes": {
        "owner": "EBU",
        "stage": "Completed",
        "ea1": "G70P13",
        "ea2": "Gauteng South"
      }
    },
    {
      "attributes": {
        "owner": "EBU",
        "stage": "Completed",
        "ea1": "G70P13",
        "ea2": "Gauteng South"
      }
    },
    {
      "attributes": {
        "owner": "EBU",
        "stage": "Completed",
        "ea1": "G70P13",
        "ea2": "Gauteng South"
      }
    },
    {
      "attributes": {
        "owner": "EBU",
        "stage": "Completed",
        "ea1": "G70P14",
        "ea2": "Gauteng South"
      }
    },
    {
      "attributes": {
        "owner": "EBU",
        "stage": "Completed",
        "ea1": "G70P14",
        "ea2": "Gauteng South"
      }
    },
    {
      "attributes": {
        "owner": "EBU",
        "stage": "Completed",
        "ea1": "G70P14",
        "ea2": "Gauteng South"
      }
    },
    {
      "attributes": {
        "owner": "EBU",
        "stage": "Completed",
        "ea1": "G70P16",
        "ea2": "Gauteng South"
      }
    },
    {
      "attributes": {
        "owner": "EBU",
        "stage": "Completed",
        "ea1": "G70P15",
        "ea2": "Gauteng South"
      }
    },
    {
      "attributes": {
        "owner": "EBU",
        "stage": "Completed",
        "ea1": "G70P15",
        "ea2": "Gauteng South"
      }
    },
    {
      "attributes": {
        "owner": "EBU",
        "stage": "Completed",
        "ea1": "G70P13",
        "ea2": "Gauteng South"
      }
    },
    {
      "attributes": {
        "owner": "EBU",
        "stage": "Completed",
        "ea1": "G70P13",
        "ea2": "Gauteng South"
      }
    },
    {
      "attributes": {
        "owner": "EBU",
        "stage": "Completed",
        "ea1": "G70P67",
        "ea2": "Gauteng South"
      }
    },
    {
      "attributes": {
        "owner": "EBU",
        "stage": "Completed",
        "ea1": "G70P74",
        "ea2": "Gauteng South"
      }
    },
    {
      "attributes": {
        "owner": "EBU",
        "stage": "Completed",
        "ea1": "G70P73",
        "ea2": "Gauteng South"
      }
    },
    {
      "attributes": {
        "owner": "EBU",
        "stage": "Completed",
        "ea1": "G70P71",
        "ea2": "Gauteng South"
      }
    },
    {
      "attributes": {
        "owner": "EBU",
        "stage": "Completed",
        "ea1": "G70P40",
        "ea2": "Gauteng South"
      }
    },
    {
      "attributes": {
        "owner": "EBU",
        "stage": "Completed",
        "ea1": "G70P40",
        "ea2": "Gauteng South"
      }
    },
    {
      "attributes": {
        "owner": "EBU",
        "stage": "Completed",
        "ea1": "G70P40",
        "ea2": "Gauteng South"
      }
    },
    {
      "attributes": {
        "owner": "EBU",
        "stage": "Completed",
        "ea1": "G70P40",
        "ea2": "Gauteng South"
      }
    },
    {
      "attributes": {
        "owner": "EBU",
        "stage": "Completed",
        "ea1": "G70P40",
        "ea2": "Gauteng South"
      }
    },
    {
      "attributes": {
        "owner": "EBU",
        "stage": "Completed",
        "ea1": "G70P40",
        "ea2": "Gauteng South"
      }
    },
    {
      "attributes": {
        "owner": "EBU",
        "stage": "Completed",
        "ea1": "G70P40",
        "ea2": "Gauteng South"
      }
    },
    {
      "attributes": {
        "owner": "EBU",
        "stage": "Completed",
        "ea1": "G70P40",
        "ea2": "Gauteng South"
      }
    },
    {
      "attributes": {
        "owner": "EBU",
        "stage": "Completed",
        "ea1": "G70P40",
        "ea2": "Gauteng South"
      }
    },
    {
      "attributes": {
        "owner": "EBU",
        "stage": "Completed",
        "ea1": "G70P40",
        "ea2": "Gauteng South"
      }
    },
    {
      "attributes": {
        "owner": "EBU",
        "stage": "Completed",
        "ea1": "G70P40",
        "ea2": "Gauteng South"
      }
    },
    {
      "attributes": {
        "owner": "EBU",
        "stage": "Completed",
        "ea1": "G70P40",
        "ea2": "Gauteng South"
      }
    },
    {
      "attributes": {
        "owner": "EBU",
        "stage": "Completed",
        "ea1": "G70P40",
        "ea2": "Gauteng South"
      }
    },
    {
      "attributes": {
        "owner": "EBU",
        "stage": "Completed",
        "ea1": "G70P40",
        "ea2": "Gauteng South"
      }
    },
    {
      "attributes": {
        "owner": "EBU",
        "stage": "Completed",
        "ea1": "G70P40",
        "ea2": "Gauteng South"
      }
    },
    {
      "attributes": {
        "owner": "EBU",
        "stage": "Completed",
        "ea1": "G70P40",
        "ea2": "Gauteng South"
      }
    },
    {
      "attributes": {
        "owner": "EBU",
        "stage": "Completed",
        "ea1": "G70P40",
        "ea2": "Gauteng South"
      }
    },
    {
      "attributes": {
        "owner": "EBU",
        "stage": "Completed",
        "ea1": "G70P40",
        "ea2": "Gauteng South"
      }
    },
    {
      "attributes": {
        "owner": "EBU",
        "stage": "Completed",
        "ea1": "G70P40",
        "ea2": "Gauteng South"
      }
    },
    {
      "attributes": {
        "owner": "EBU",
        "stage": "Completed",
        "ea1": "G70P40",
        "ea2": "Gauteng South"
      }
    },
    {
      "attributes": {
        "owner": "EBU",
        "stage": "Completed",
        "ea1": "G70P40",
        "ea2": "Gauteng South"
      }
    },
    {
      "attributes": {
        "owner": "EBU",
        "stage": "Completed",
        "ea1": "G72P01",
        "ea2": "Gauteng South"
      }
    },
    {
      "attributes": {
        "owner": "EBU",
        "stage": "Completed",
        "ea1": "G72P01",
        "ea2": "Gauteng South"
      }
    },
    {
      "attributes": {
        "owner": "EBU",
        "stage": "Completed",
        "ea1": "G72P01",
        "ea2": "Gauteng South"
      }
    },
    {
      "attributes": {
        "owner": "EBU",
        "stage": "Completed",
        "ea1": "G72P01",
        "ea2": "Gauteng South"
      }
    },
    {
      "attributes": {
        "owner": "EBU",
        "stage": "Completed",
        "ea1": "G73P03",
        "ea2": "Gauteng South"
      }
    },
    {
      "attributes": {
        "owner": "EBU",
        "stage": "Completed",
        "ea1": "G73P03",
        "ea2": "Gauteng South"
      }
    },
    {
      "attributes": {
        "owner": "EBU",
        "stage": "Completed",
        "ea1": "G73P03",
        "ea2": "Gauteng South"
      }
    },
    {
      "attributes": {
        "owner": "EBU",
        "stage": "Completed",
        "ea1": "G73P03",
        "ea2": "Gauteng South"
      }
    },
    {
      "attributes": {
        "owner": "EBU",
        "stage": "Completed",
        "ea1": "G73P03",
        "ea2": "Gauteng South"
      }
    },
    {
      "attributes": {
        "owner": "EBU",
        "stage": "Completed",
        "ea1": "G70P72",
        "ea2": "Gauteng South"
      }
    },
    {
      "attributes": {
        "owner": "EBU",
        "stage": "Completed",
        "ea1": "G70P72",
        "ea2": "Gauteng South"
      }
    },
    {
      "attributes": {
        "owner": "EBU",
        "stage": "Completed",
        "ea1": "G70P71",
        "ea2": "Gauteng South"
      }
    },
    {
      "attributes": {
        "owner": "EBU",
        "stage": "Completed",
        "ea1": "G70P71",
        "ea2": "Gauteng South"
      }
    },
    {
      "attributes": {
        "owner": "EBU",
        "stage": "Completed",
        "ea1": "G70P71",
        "ea2": "Gauteng South"
      }
    },
    {
      "attributes": {
        "owner": "EBU",
        "stage": "Completed",
        "ea1": "G70P71",
        "ea2": "Gauteng South"
      }
    },
    {
      "attributes": {
        "owner": "EBU",
        "stage": "Completed",
        "ea1": "G70P71",
        "ea2": "Gauteng South"
      }
    },
    {
      "attributes": {
        "owner": "EBU",
        "stage": "Completed",
        "ea1": "G70P71",
        "ea2": "Gauteng South"
      }
    },
    {
      "attributes": {
        "owner": "EBU",
        "stage": "Completed",
        "ea1": "G70P65",
        "ea2": "Gauteng South"
      }
    },
    {
      "attributes": {
        "owner": "EBU",
        "stage": "Completed",
        "ea1": "G70P65",
        "ea2": "Gauteng South"
      }
    },
    {
      "attributes": {
        "owner": "EBU",
        "stage": "Completed",
        "ea1": "G70P65",
        "ea2": "Gauteng South"
      }
    },
    {
      "attributes": {
        "owner": "EBU",
        "stage": "Completed",
        "ea1": "G70P65",
        "ea2": "Gauteng South"
      }
    },
    {
      "attributes": {
        "owner": "EBU",
        "stage": "Completed",
        "ea1": "G70P70",
        "ea2": "Gauteng South"
      }
    },
    {
      "attributes": {
        "owner": "EBU",
        "stage": "Completed",
        "ea1": "G70P69",
        "ea2": "Gauteng South"
      }
    },
    {
      "attributes": {
        "owner": "EBU",
        "stage": "Completed",
        "ea1": "G70P69",
        "ea2": "Gauteng South"
      }
    },
    {
      "attributes": {
        "owner": "EBU",
        "stage": "Completed",
        "ea1": "G70P69",
        "ea2": "Gauteng South"
      }
    },
    {
      "attributes": {
        "owner": "EBU",
        "stage": "Completed",
        "ea1": "G70P66",
        "ea2": "Gauteng South"
      }
    },
    {
      "attributes": {
        "owner": "EBU",
        "stage": "Completed",
        "ea1": "G70P66",
        "ea2": "Gauteng South"
      }
    },
    {
      "attributes": {
        "owner": "EBU",
        "stage": "Completed",
        "ea1": "G70P73",
        "ea2": "Gauteng South"
      }
    },
    {
      "attributes": {
        "owner": "EBU",
        "stage": "Completed",
        "ea1": "G70P73",
        "ea2": "Gauteng South"
      }
    },
    {
      "attributes": {
        "owner": "EBU",
        "stage": "Completed",
        "ea1": "G59P96",
        "ea2": "Gauteng South"
      }
    },
    {
      "attributes": {
        "owner": "EBU",
        "stage": "Completed",
        "ea1": "G59P96",
        "ea2": "Gauteng South"
      }
    },
    {
      "attributes": {
        "owner": "EBU",
        "stage": "Completed",
        "ea1": "G70P64",
        "ea2": "Gauteng South"
      }
    },
    {
      "attributes": {
        "owner": "EBU",
        "stage": "Completed",
        "ea1": "G70P88",
        "ea2": "Gauteng South"
      }
    },
    {
      "attributes": {
        "owner": "EBU",
        "stage": "Completed",
        "ea1": "G70P63",
        "ea2": "Gauteng South"
      }
    },
    {
      "attributes": {
        "owner": "EBU",
        "stage": "Completed",
        "ea1": "G70P63",
        "ea2": "Gauteng South"
      }
    },
    {
      "attributes": {
        "owner": "EBU",
        "stage": "Completed",
        "ea1": "G70P63",
        "ea2": "Gauteng South"
      }
    },
    {
      "attributes": {
        "owner": "EBU",
        "stage": "Completed",
        "ea1": "G70P63",
        "ea2": "Gauteng South"
      }
    },
    {
      "attributes": {
        "owner": "EBU",
        "stage": "Completed",
        "ea1": "G70P63",
        "ea2": "Gauteng South"
      }
    },
    {
      "attributes": {
        "owner": "EBU",
        "stage": "Completed",
        "ea1": "G70P63",
        "ea2": "Gauteng South"
      }
    },
    {
      "attributes": {
        "owner": "EBU",
        "stage": "Completed",
        "ea1": "G70P63",
        "ea2": "Gauteng South"
      }
    },
    {
      "attributes": {
        "owner": "EBU",
        "stage": "Completed",
        "ea1": "G70P63",
        "ea2": "Gauteng South"
      }
    },
    {
      "attributes": {
        "owner": "EBU",
        "stage": "Completed",
        "ea1": "G70P63",
        "ea2": "Gauteng South"
      }
    },
    {
      "attributes": {
        "owner": "EBU",
        "stage": "Completed",
        "ea1": "G70P63",
        "ea2": "Gauteng South"
      }
    },
    {
      "attributes": {
        "owner": "EBU",
        "stage": "Completed",
        "ea1": "G70P63",
        "ea2": "Gauteng South"
      }
    },
    {
      "attributes": {
        "owner": "EBU",
        "stage": "Completed",
        "ea1": "G70P63",
        "ea2": "Gauteng South"
      }
    },
    {
      "attributes": {
        "owner": "EBU",
        "stage": "Completed",
        "ea1": "G70P63",
        "ea2": "Gauteng South"
      }
    },
    {
      "attributes": {
        "owner": "EBU",
        "stage": "Completed",
        "ea1": "G70P63",
        "ea2": "Gauteng South"
      }
    },
    {
      "attributes": {
        "owner": "EBU",
        "stage": "Completed",
        "ea1": "G70P63",
        "ea2": "Gauteng South"
      }
    },
    {
      "attributes": {
        "owner": "EBU",
        "stage": "Completed",
        "ea1": "G70P63",
        "ea2": "Gauteng South"
      }
    },
    {
      "attributes": {
        "owner": "EBU",
        "stage": "Completed",
        "ea1": "G70P63",
        "ea2": "Gauteng South"
      }
    },
    {
      "attributes": {
        "owner": "EBU",
        "stage": "Completed",
        "ea1": "G70P63",
        "ea2": "Gauteng South"
      }
    },
    {
      "attributes": {
        "owner": "EBU",
        "stage": "Completed",
        "ea1": "G70P63",
        "ea2": "Gauteng South"
      }
    },
    {
      "attributes": {
        "owner": "EBU",
        "stage": "Completed",
        "ea1": "G70P63",
        "ea2": "Gauteng South"
      }
    },
    {
      "attributes": {
        "owner": "EBU",
        "stage": "Completed",
        "ea1": "G70P63",
        "ea2": "Gauteng South"
      }
    },
    {
      "attributes": {
        "owner": "EBU",
        "stage": "Completed",
        "ea1": "G70P71",
        "ea2": "Gauteng South"
      }
    },
    {
      "attributes": {
        "owner": "EBU",
        "stage": "Completed",
        "ea1": "G72P56",
        "ea2": "Gauteng South"
      }
    },
    {
      "attributes": {
        "owner": "EBU",
        "stage": "Completed",
        "ea1": "G70P47",
        "ea2": "Gauteng South"
      }
    },
    {
      "attributes": {
        "owner": "EBU",
        "stage": "Completed",
        "ea1": "G70P25",
        "ea2": "Gauteng South"
      }
    },
    {
      "attributes": {
        "owner": "EBU",
        "stage": "Completed",
        "ea1": "G70P25",
        "ea2": "Gauteng South"
      }
    },
    {
      "attributes": {
        "owner": "EBU",
        "stage": "Completed",
        "ea1": "G70P25",
        "ea2": "Gauteng South"
      }
    },
    {
      "attributes": {
        "owner": "EBU",
        "stage": "Completed",
        "ea1": "G70P25",
        "ea2": "Gauteng South"
      }
    },
    {
      "attributes": {
        "owner": "EBU",
        "stage": "Completed",
        "ea1": "G70P25",
        "ea2": "Gauteng South"
      }
    },
    {
      "attributes": {
        "owner": "EBU",
        "stage": "Completed",
        "ea1": "Conduct Oak/Kent",
        "ea2": "Gauteng South"
      }
    },
    {
      "attributes": {
        "owner": "EBU",
        "stage": "Completed",
        "ea1": "G70P25",
        "ea2": "Gauteng South"
      }
    },
    {
      "attributes": {
        "owner": "EBU",
        "stage": "Completed",
        "ea1": "G70P25",
        "ea2": "Gauteng South"
      }
    },
    {
      "attributes": {
        "owner": "EBU",
        "stage": "Completed",
        "ea1": "G70P25",
        "ea2": "Gauteng South"
      }
    },
    {
      "attributes": {
        "owner": "EBU",
        "stage": "Completed",
        "ea1": "G70P25",
        "ea2": "Gauteng South"
      }
    },
    {
      "attributes": {
        "owner": "EBU",
        "stage": "Completed",
        "ea1": "G70P25",
        "ea2": "Gauteng South"
      }
    },
    {
      "attributes": {
        "owner": "EBU",
        "stage": "Completed",
        "ea1": "G70P25",
        "ea2": "Gauteng South"
      }
    },
    {
      "attributes": {
        "owner": "EBU",
        "stage": "Completed",
        "ea1": "G70P25",
        "ea2": "Gauteng South"
      }
    },
    {
      "attributes": {
        "owner": "EBU",
        "stage": "Completed",
        "ea1": "G70P25",
        "ea2": "Gauteng South"
      }
    },
    {
      "attributes": {
        "owner": "EBU",
        "stage": "Completed",
        "ea1": "G70P25",
        "ea2": "Gauteng South"
      }
    },
    {
      "attributes": {
        "owner": "EBU",
        "stage": "Completed",
        "ea1": "G70P25",
        "ea2": "Gauteng South"
      }
    },
    {
      "attributes": {
        "owner": "EBU",
        "stage": "Completed",
        "ea1": "G70P25",
        "ea2": "Gauteng South"
      }
    },
    {
      "attributes": {
        "owner": "EBU",
        "stage": "Completed",
        "ea1": "G70P25",
        "ea2": "Gauteng South"
      }
    },
    {
      "attributes": {
        "owner": "EBU",
        "stage": "Completed",
        "ea1": "G70P25",
        "ea2": "Gauteng South"
      }
    },
    {
      "attributes": {
        "owner": "EBU",
        "stage": "Completed",
        "ea1": "G70P25",
        "ea2": "Gauteng South"
      }
    },
    {
      "attributes": {
        "owner": "EBU",
        "stage": "Completed",
        "ea1": "G70P25",
        "ea2": "Gauteng South"
      }
    },
    {
      "attributes": {
        "owner": "EBU",
        "stage": "Completed",
        "ea1": "G70P25",
        "ea2": "Gauteng South"
      }
    },
    {
      "attributes": {
        "owner": "EBU",
        "stage": "Completed",
        "ea1": "G70P25",
        "ea2": "Gauteng South"
      }
    },
    {
      "attributes": {
        "owner": "EBU",
        "stage": "Completed",
        "ea1": "G70P25",
        "ea2": "Gauteng South"
      }
    },
    {
      "attributes": {
        "owner": "EBU",
        "stage": "Completed",
        "ea1": "G70P25",
        "ea2": "Gauteng South"
      }
    },
    {
      "attributes": {
        "owner": "EBU",
        "stage": "Completed",
        "ea1": "G70P25",
        "ea2": "Gauteng South"
      }
    },
    {
      "attributes": {
        "owner": "EBU",
        "stage": "Completed",
        "ea1": "G70P25",
        "ea2": "Gauteng South"
      }
    },
    {
      "attributes": {
        "owner": "EBU",
        "stage": "Completed",
        "ea1": "G70P25",
        "ea2": "Gauteng South"
      }
    },
    {
      "attributes": {
        "owner": "EBU",
        "stage": "Completed",
        "ea1": "G70P26",
        "ea2": "Gauteng South"
      }
    },
    {
      "attributes": {
        "owner": "EBU",
        "stage": "Completed",
        "ea1": "G70P26",
        "ea2": "Gauteng South"
      }
    },
    {
      "attributes": {
        "owner": "EBU",
        "stage": "Completed",
        "ea1": "G70P26",
        "ea2": "Gauteng South"
      }
    },
    {
      "attributes": {
        "owner": "EBU",
        "stage": "Completed",
        "ea1": "G70P26",
        "ea2": "Gauteng South"
      }
    },
    {
      "attributes": {
        "owner": "EBU",
        "stage": "Completed",
        "ea1": "G70P26",
        "ea2": "Gauteng South"
      }
    },
    {
      "attributes": {
        "owner": "EBU",
        "stage": "Completed",
        "ea1": "G70P26",
        "ea2": "Gauteng South"
      }
    },
    {
      "attributes": {
        "owner": "EBU",
        "stage": "Completed",
        "ea1": "G70P26",
        "ea2": "Gauteng South"
      }
    },
    {
      "attributes": {
        "owner": "EBU",
        "stage": "Completed",
        "ea1": "G70P27",
        "ea2": "Gauteng South"
      }
    },
    {
      "attributes": {
        "owner": "EBU",
        "stage": "Completed",
        "ea1": "G70P27",
        "ea2": "Gauteng South"
      }
    },
    {
      "attributes": {
        "owner": "EBU",
        "stage": "Completed",
        "ea1": "G70P27",
        "ea2": "Gauteng South"
      }
    },
    {
      "attributes": {
        "owner": "EBU",
        "stage": "Completed",
        "ea1": "G70P27",
        "ea2": "Gauteng South"
      }
    },
    {
      "attributes": {
        "owner": "EBU",
        "stage": "Completed",
        "ea1": "G70P27",
        "ea2": "Gauteng South"
      }
    },
    {
      "attributes": {
        "owner": "EBU",
        "stage": "Completed",
        "ea1": "G70P27",
        "ea2": "Gauteng South"
      }
    },
    {
      "attributes": {
        "owner": "EBU",
        "stage": "Completed",
        "ea1": "G70P27",
        "ea2": "Gauteng South"
      }
    },
    {
      "attributes": {
        "owner": "EBU",
        "stage": "Completed",
        "ea1": "G70P27",
        "ea2": "Gauteng South"
      }
    },
    {
      "attributes": {
        "owner": "EBU",
        "stage": "Completed",
        "ea1": "G70P27",
        "ea2": "Gauteng South"
      }
    },
    {
      "attributes": {
        "owner": "EBU",
        "stage": "Completed",
        "ea1": "G70P27",
        "ea2": "Gauteng South"
      }
    },
    {
      "attributes": {
        "owner": "EBU",
        "stage": "Completed",
        "ea1": "G70P27",
        "ea2": "Gauteng South"
      }
    },
    {
      "attributes": {
        "owner": "EBU",
        "stage": "Completed",
        "ea1": "G70P27",
        "ea2": "Gauteng South"
      }
    },
    {
      "attributes": {
        "owner": "EBU",
        "stage": "Completed",
        "ea1": "G70P27",
        "ea2": "Gauteng South"
      }
    },
    {
      "attributes": {
        "owner": "EBU",
        "stage": "Completed",
        "ea1": "G70P28",
        "ea2": "Gauteng South"
      }
    },
    {
      "attributes": {
        "owner": "EBU",
        "stage": "Completed",
        "ea1": "G70P28",
        "ea2": "Gauteng South"
      }
    },
    {
      "attributes": {
        "owner": "EBU",
        "stage": "Completed",
        "ea1": "G70P28",
        "ea2": "Gauteng South"
      }
    },
    {
      "attributes": {
        "owner": "EBU",
        "stage": "Completed",
        "ea1": "G70P28",
        "ea2": "Gauteng South"
      }
    },
    {
      "attributes": {
        "owner": "EBU",
        "stage": "Completed",
        "ea1": "G70P28",
        "ea2": "Gauteng South"
      }
    },
    {
      "attributes": {
        "owner": "EBU",
        "stage": "Completed",
        "ea1": "G70P28",
        "ea2": "Gauteng South"
      }
    },
    {
      "attributes": {
        "owner": "EBU",
        "stage": "Completed",
        "ea1": "G70P28",
        "ea2": "Gauteng South"
      }
    },
    {
      "attributes": {
        "owner": "EBU",
        "stage": "Completed",
        "ea1": "G70P28",
        "ea2": "Gauteng South"
      }
    },
    {
      "attributes": {
        "owner": "EBU",
        "stage": "Completed",
        "ea1": "G70P27",
        "ea2": "Gauteng South"
      }
    },
    {
      "attributes": {
        "owner": "EBU",
        "stage": "Completed",
        "ea1": "NB70P31",
        "ea2": "Northern Region"
      }
    },
    {
      "attributes": {
        "owner": "EBU",
        "stage": "Completed",
        "ea1": "NB70P31",
        "ea2": "Northern Region"
      }
    },
    {
      "attributes": {
        "owner": "EBU",
        "stage": "Completed",
        "ea1": "NB70P31",
        "ea2": "Northern Region"
      }
    },
    {
      "attributes": {
        "owner": "EBU",
        "stage": "Completed",
        "ea1": "NB70P31",
        "ea2": "Northern Region"
      }
    },
    {
      "attributes": {
        "owner": "EBU",
        "stage": "Completed",
        "ea1": "NB70P31",
        "ea2": "Northern Region"
      }
    },
    {
      "attributes": {
        "owner": "EBU",
        "stage": "Completed",
        "ea1": "NB70P31",
        "ea2": "Northern Region"
      }
    },
    {
      "attributes": {
        "owner": "EBU",
        "stage": "Completed",
        "ea1": "NB70P31",
        "ea2": "Northern Region"
      }
    },
    {
      "attributes": {
        "owner": "EBU",
        "stage": "Completed",
        "ea1": "NB70P31",
        "ea2": "Northern Region"
      }
    },
    {
      "attributes": {
        "owner": "EBU",
        "stage": "Completed",
        "ea1": "NB70P31",
        "ea2": "Northern Region"
      }
    },
    {
      "attributes": {
        "owner": "EBU",
        "stage": "Completed",
        "ea1": "NB70P31",
        "ea2": "Northern Region"
      }
    },
    {
      "attributes": {
        "owner": "EBU",
        "stage": "Completed",
        "ea1": "NB70P31",
        "ea2": "Northern Region"
      }
    },
    {
      "attributes": {
        "owner": "EBU",
        "stage": "Completed",
        "ea1": "NB70P13",
        "ea2": "Northern Region"
      }
    },
    {
      "attributes": {
        "owner": "EBU",
        "stage": "Completed",
        "ea1": "NB70P31",
        "ea2": "Northern Region"
      }
    },
    {
      "attributes": {
        "owner": "EBU",
        "stage": "Completed",
        "ea1": "NB70P31",
        "ea2": "Northern Region"
      }
    },
    {
      "attributes": {
        "owner": "EBU",
        "stage": "Completed",
        "ea1": "NB7031",
        "ea2": "Northern Region"
      }
    },
    {
      "attributes": {
        "owner": "EBU",
        "stage": "Completed",
        "ea1": "NB70P31",
        "ea2": "Northern Region"
      }
    },
    {
      "attributes": {
        "owner": "EBU",
        "stage": "Completed",
        "ea1": "NB70P31",
        "ea2": "Northern Region"
      }
    },
    {
      "attributes": {
        "owner": "EBU",
        "stage": "Completed",
        "ea1": "G70P33",
        "ea2": "Gauteng South"
      }
    },
    {
      "attributes": {
        "owner": "EBU",
        "stage": "Completed",
        "ea1": "G70P33",
        "ea2": "Gauteng South"
      }
    },
    {
      "attributes": {
        "owner": "EBU",
        "stage": "Completed",
        "ea1": "G70P33",
        "ea2": "Gauteng South"
      }
    },
    {
      "attributes": {
        "owner": "EBU",
        "stage": "Completed",
        "ea1": "G70P33",
        "ea2": "Gauteng South"
      }
    },
    {
      "attributes": {
        "owner": "EBU",
        "stage": "Completed",
        "ea1": "G70P33",
        "ea2": "Gauteng South"
      }
    },
    {
      "attributes": {
        "owner": "EBU",
        "stage": "Completed",
        "ea1": "G70P33",
        "ea2": "Gauteng South"
      }
    },
    {
      "attributes": {
        "owner": "EBU",
        "stage": "Completed",
        "ea1": "G70P33",
        "ea2": "Gauteng South"
      }
    },
    {
      "attributes": {
        "owner": "EBU",
        "stage": "Completed",
        "ea1": "G70P33",
        "ea2": "Gauteng South"
      }
    },
    {
      "attributes": {
        "owner": "EBU",
        "stage": "Completed",
        "ea1": "G70P33",
        "ea2": "Gauteng South"
      }
    },
    {
      "attributes": {
        "owner": "EBU",
        "stage": "Completed",
        "ea1": "G70P33",
        "ea2": "Gauteng South"
      }
    },
    {
      "attributes": {
        "owner": "EBU",
        "stage": "Completed",
        "ea1": "G70P33",
        "ea2": "Gauteng South"
      }
    },
    {
      "attributes": {
        "owner": "EBU",
        "stage": "Completed",
        "ea1": "G70P33",
        "ea2": "Gauteng South"
      }
    },
    {
      "attributes": {
        "owner": "EBU",
        "stage": "Completed",
        "ea1": "G70P33",
        "ea2": "Gauteng South"
      }
    },
    {
      "attributes": {
        "owner": "EBU",
        "stage": "Completed",
        "ea1": "G70P33",
        "ea2": "Gauteng South"
      }
    },
    {
      "attributes": {
        "owner": "EBU",
        "stage": "Completed",
        "ea1": "G70P33",
        "ea2": "Gauteng South"
      }
    },
    {
      "attributes": {
        "owner": "EBU",
        "stage": "Completed",
        "ea1": "G70P33",
        "ea2": "Gauteng South"
      }
    },
    {
      "attributes": {
        "owner": "EBU",
        "stage": "Completed",
        "ea1": "G70P33",
        "ea2": "Gauteng South"
      }
    },
    {
      "attributes": {
        "owner": "EBU",
        "stage": "Completed",
        "ea1": "G70P50",
        "ea2": "Gauteng South"
      }
    },
    {
      "attributes": {
        "owner": "EBU",
        "stage": "Completed",
        "ea1": "G70P50",
        "ea2": "Gauteng South"
      }
    },
    {
      "attributes": {
        "owner": "EBU",
        "stage": "Completed",
        "ea1": "G70P50",
        "ea2": "Gauteng South"
      }
    },
    {
      "attributes": {
        "owner": "EBU",
        "stage": "Completed",
        "ea1": "G70P50",
        "ea2": "Gauteng South"
      }
    },
    {
      "attributes": {
        "owner": "EBU",
        "stage": "Completed",
        "ea1": "G70P50",
        "ea2": "Gauteng South"
      }
    },
    {
      "attributes": {
        "owner": "EBU",
        "stage": "Completed",
        "ea1": "G70P50",
        "ea2": "Gauteng South"
      }
    },
    {
      "attributes": {
        "owner": "EBU",
        "stage": "Completed",
        "ea1": "G70P50",
        "ea2": "Gauteng South"
      }
    },
    {
      "attributes": {
        "owner": "EBU",
        "stage": "Completed",
        "ea1": "G70P50",
        "ea2": "Gauteng South"
      }
    },
    {
      "attributes": {
        "owner": "EBU",
        "stage": "Completed",
        "ea1": "G70P50",
        "ea2": "Gauteng South"
      }
    },
    {
      "attributes": {
        "owner": "EBU",
        "stage": "Completed",
        "ea1": "G70P50",
        "ea2": "Gauteng South"
      }
    },
    {
      "attributes": {
        "owner": "EBU",
        "stage": "Completed",
        "ea1": "G70P50",
        "ea2": "Gauteng South"
      }
    },
    {
      "attributes": {
        "owner": "EBU",
        "stage": "Completed",
        "ea1": "G70P50",
        "ea2": "Gauteng South"
      }
    },
    {
      "attributes": {
        "owner": "EBU",
        "stage": "Completed",
        "ea1": "G70P50",
        "ea2": "Gauteng South"
      }
    },
    {
      "attributes": {
        "owner": "EBU",
        "stage": "Completed",
        "ea1": "G70P50",
        "ea2": "Gauteng South"
      }
    },
    {
      "attributes": {
        "owner": "EBU",
        "stage": "Completed",
        "ea1": "G70P50",
        "ea2": "Gauteng South"
      }
    },
    {
      "attributes": {
        "owner": "EBU",
        "stage": "Completed",
        "ea1": "G70P50",
        "ea2": "Gauteng South"
      }
    },
    {
      "attributes": {
        "owner": "EBU",
        "stage": "Completed",
        "ea1": "G70P50",
        "ea2": "Gauteng South"
      }
    },
    {
      "attributes": {
        "owner": "EBU",
        "stage": "Completed",
        "ea1": "G70P50",
        "ea2": "Gauteng South"
      }
    },
    {
      "attributes": {
        "owner": "EBU",
        "stage": "Completed",
        "ea1": "G70P50",
        "ea2": "Gauteng South"
      }
    },
    {
      "attributes": {
        "owner": "EBU",
        "stage": "Completed",
        "ea1": "G70P50",
        "ea2": "Gauteng South"
      }
    },
    {
      "attributes": {
        "owner": "EBU",
        "stage": "Completed",
        "ea1": "G70P50",
        "ea2": "Gauteng South"
      }
    },
    {
      "attributes": {
        "owner": "EBU",
        "stage": "Completed",
        "ea1": "G70P50",
        "ea2": "Gauteng South"
      }
    },
    {
      "attributes": {
        "owner": "EBU",
        "stage": "Completed",
        "ea1": "G70P50",
        "ea2": "Gauteng South"
      }
    },
    {
      "attributes": {
        "owner": "EBU",
        "stage": "Completed",
        "ea1": "G70P50",
        "ea2": "Gauteng South"
      }
    },
    {
      "attributes": {
        "owner": "EBU",
        "stage": "Completed",
        "ea1": "G70P50",
        "ea2": "Gauteng South"
      }
    },
    {
      "attributes": {
        "owner": "EBU",
        "stage": "Completed",
        "ea1": "G70P50",
        "ea2": "Gauteng South"
      }
    },
    {
      "attributes": {
        "owner": "EBU",
        "stage": "Completed",
        "ea1": "G70P50",
        "ea2": "Gauteng South"
      }
    },
    {
      "attributes": {
        "owner": "EBU",
        "stage": "Completed",
        "ea1": "G70P50",
        "ea2": "Gauteng South"
      }
    },
    {
      "attributes": {
        "owner": "EBU",
        "stage": "Completed",
        "ea1": "G70P50",
        "ea2": "Gauteng South"
      }
    },
    {
      "attributes": {
        "owner": "EBU",
        "stage": "Completed",
        "ea1": "G70P50",
        "ea2": "Gauteng South"
      }
    },
    {
      "attributes": {
        "owner": "EBU",
        "stage": "Completed",
        "ea1": "G70P50",
        "ea2": "Gauteng South"
      }
    },
    {
      "attributes": {
        "owner": "EBU",
        "stage": "Completed",
        "ea1": "G70P50",
        "ea2": "Gauteng South"
      }
    },
    {
      "attributes": {
        "owner": "EBU",
        "stage": "Completed",
        "ea1": "G70P50",
        "ea2": "Gauteng South"
      }
    },
    {
      "attributes": {
        "owner": "EBU",
        "stage": "Completed",
        "ea1": "G70P50",
        "ea2": "Gauteng South"
      }
    },
    {
      "attributes": {
        "owner": "EBU",
        "stage": "Completed",
        "ea1": "G70P30",
        "ea2": "Gauteng South"
      }
    },
    {
      "attributes": {
        "owner": "EBU",
        "stage": "Completed",
        "ea1": "G70P30",
        "ea2": "Gauteng South"
      }
    },
    {
      "attributes": {
        "owner": "EBU",
        "stage": "Completed",
        "ea1": "G70P30",
        "ea2": "Gauteng South"
      }
    },
    {
      "attributes": {
        "owner": "EBU",
        "stage": "Completed",
        "ea1": "G70P30",
        "ea2": "Gauteng South"
      }
    },
    {
      "attributes": {
        "owner": "EBU",
        "stage": "Completed",
        "ea1": "G70P30",
        "ea2": "Gauteng South"
      }
    },
    {
      "attributes": {
        "owner": "EBU",
        "stage": "Completed",
        "ea1": "G70P30",
        "ea2": "Gauteng South"
      }
    },
    {
      "attributes": {
        "owner": "EBU",
        "stage": "Completed",
        "ea1": "G70P30",
        "ea2": "Gauteng South"
      }
    },
    {
      "attributes": {
        "owner": "EBU",
        "stage": "Completed",
        "ea1": "G70P30",
        "ea2": "Gauteng South"
      }
    },
    {
      "attributes": {
        "owner": "EBU",
        "stage": "Completed",
        "ea1": "G70P30",
        "ea2": "Gauteng South"
      }
    },
    {
      "attributes": {
        "owner": "EBU",
        "stage": "Completed",
        "ea1": "G70P30",
        "ea2": "Gauteng South"
      }
    },
    {
      "attributes": {
        "owner": "EBU",
        "stage": "Completed",
        "ea1": "G70P30",
        "ea2": "Gauteng South"
      }
    },
    {
      "attributes": {
        "owner": "EBU",
        "stage": "Completed",
        "ea1": "G70P30",
        "ea2": "Gauteng South"
      }
    },
    {
      "attributes": {
        "owner": "EBU",
        "stage": "Completed",
        "ea1": "G70P30",
        "ea2": "Gauteng South"
      }
    },
    {
      "attributes": {
        "owner": "EBU",
        "stage": "Completed",
        "ea1": "G70P30",
        "ea2": "Gauteng South"
      }
    },
    {
      "attributes": {
        "owner": "EBU",
        "stage": "Completed",
        "ea1": "G70P30",
        "ea2": "Gauteng South"
      }
    },
    {
      "attributes": {
        "owner": "EBU",
        "stage": "Completed",
        "ea1": "G70P30",
        "ea2": "Gauteng South"
      }
    },
    {
      "attributes": {
        "owner": "EBU",
        "stage": "Completed",
        "ea1": "G70P30",
        "ea2": "Gauteng South"
      }
    },
    {
      "attributes": {
        "owner": "EBU",
        "stage": "Completed",
        "ea1": "G70P30",
        "ea2": "Gauteng South"
      }
    },
    {
      "attributes": {
        "owner": "EBU",
        "stage": "Completed",
        "ea1": "G70P30",
        "ea2": "Gauteng South"
      }
    },
    {
      "attributes": {
        "owner": "EBU",
        "stage": "Completed",
        "ea1": "G70P30",
        "ea2": "Gauteng South"
      }
    },
    {
      "attributes": {
        "owner": "EBU",
        "stage": "Completed",
        "ea1": "G70P30",
        "ea2": "Gauteng South"
      }
    },
    {
      "attributes": {
        "owner": "EBU",
        "stage": "Completed",
        "ea1": "G70P30",
        "ea2": "Gauteng South"
      }
    },
    {
      "attributes": {
        "owner": "EBU",
        "stage": "Completed",
        "ea1": "G70P30",
        "ea2": "Gauteng South"
      }
    },
    {
      "attributes": {
        "owner": "EBU",
        "stage": "Completed",
        "ea1": "G70P30",
        "ea2": "Gauteng South"
      }
    },
    {
      "attributes": {
        "owner": "EBU",
        "stage": "Completed",
        "ea1": "G70P30",
        "ea2": "Gauteng South"
      }
    },
    {
      "attributes": {
        "owner": "EBU",
        "stage": "Completed",
        "ea1": "G70P30",
        "ea2": "Gauteng South"
      }
    },
    {
      "attributes": {
        "owner": "EBU",
        "stage": "Completed",
        "ea1": "G70P30",
        "ea2": "Gauteng South"
      }
    },
    {
      "attributes": {
        "owner": "EBU",
        "stage": "Completed",
        "ea1": "G70P30",
        "ea2": "Gauteng South"
      }
    },
    {
      "attributes": {
        "owner": "EBU",
        "stage": "Completed",
        "ea1": "G70P30",
        "ea2": "Gauteng South"
      }
    },
    {
      "attributes": {
        "owner": "EBU",
        "stage": "Completed",
        "ea1": "G70P60",
        "ea2": "Gauteng South"
      }
    },
    {
      "attributes": {
        "owner": "EBU",
        "stage": "Completed",
        "ea1": "G70P47",
        "ea2": "Gauteng South"
      }
    },
    {
      "attributes": {
        "owner": "EBU",
        "stage": "Completed",
        "ea1": "G70P47",
        "ea2": "Gauteng South"
      }
    },
    {
      "attributes": {
        "owner": "EBU",
        "stage": "Completed",
        "ea1": "G70P47",
        "ea2": "Gauteng South"
      }
    },
    {
      "attributes": {
        "owner": "EBU",
        "stage": "Completed",
        "ea1": "G70P47",
        "ea2": "Gauteng South"
      }
    },
    {
      "attributes": {
        "owner": "EBU",
        "stage": "Completed",
        "ea1": "G70P47",
        "ea2": "Gauteng South"
      }
    },
    {
      "attributes": {
        "owner": "EBU",
        "stage": "Completed",
        "ea1": "G70P47",
        "ea2": "Gauteng South"
      }
    },
    {
      "attributes": {
        "owner": "EBU",
        "stage": "Completed",
        "ea1": "G70P47",
        "ea2": "Gauteng South"
      }
    },
    {
      "attributes": {
        "owner": "EBU",
        "stage": "Completed",
        "ea1": "G70P08",
        "ea2": "Gauteng South"
      }
    },
    {
      "attributes": {
        "owner": "EBU",
        "stage": "Completed",
        "ea1": "G70P08",
        "ea2": "Gauteng South"
      }
    },
    {
      "attributes": {
        "owner": "EBU",
        "stage": "Completed",
        "ea1": "G70P08",
        "ea2": "Gauteng South"
      }
    },
    {
      "attributes": {
        "owner": "EBU",
        "stage": "Completed",
        "ea1": "G70P08",
        "ea2": "Gauteng South"
      }
    },
    {
      "attributes": {
        "owner": "EBU",
        "stage": "Completed",
        "ea1": "G70P08",
        "ea2": "Gauteng South"
      }
    },
    {
      "attributes": {
        "owner": "EBU",
        "stage": "Completed",
        "ea1": "G70P08",
        "ea2": "Gauteng South"
      }
    },
    {
      "attributes": {
        "owner": "EBU",
        "stage": "Completed",
        "ea1": "G70P08",
        "ea2": "Gauteng South"
      }
    },
    {
      "attributes": {
        "owner": "EBU",
        "stage": "Completed",
        "ea1": "G70P08",
        "ea2": "Gauteng South"
      }
    },
    {
      "attributes": {
        "owner": "EBU",
        "stage": "Completed",
        "ea1": "G70P08",
        "ea2": "Gauteng South"
      }
    },
    {
      "attributes": {
        "owner": "EBU",
        "stage": "Completed",
        "ea1": "G70P08",
        "ea2": "Gauteng South"
      }
    },
    {
      "attributes": {
        "owner": "EBU",
        "stage": "Completed",
        "ea1": "G70P08",
        "ea2": "Gauteng South"
      }
    },
    {
      "attributes": {
        "owner": "EBU",
        "stage": "Completed",
        "ea1": "G70P34",
        "ea2": "Gauteng South"
      }
    },
    {
      "attributes": {
        "owner": "EBU",
        "stage": "Completed",
        "ea1": "G70P34",
        "ea2": "Gauteng South"
      }
    },
    {
      "attributes": {
        "owner": "EBU",
        "stage": "Completed",
        "ea1": "G70P34",
        "ea2": "Gauteng South"
      }
    },
    {
      "attributes": {
        "owner": "EBU",
        "stage": "Completed",
        "ea1": "G70P34",
        "ea2": "Gauteng South"
      }
    },
    {
      "attributes": {
        "owner": "EBU",
        "stage": "Completed",
        "ea1": "G70P34",
        "ea2": "Gauteng South"
      }
    },
    {
      "attributes": {
        "owner": "EBU",
        "stage": "Completed",
        "ea1": "G70P34",
        "ea2": "Gauteng South"
      }
    },
    {
      "attributes": {
        "owner": "EBU",
        "stage": "Completed",
        "ea1": "G70P34",
        "ea2": "Gauteng South"
      }
    },
    {
      "attributes": {
        "owner": "EBU",
        "stage": "Completed",
        "ea1": "G70P34",
        "ea2": "Gauteng South"
      }
    },
    {
      "attributes": {
        "owner": "EBU",
        "stage": "Completed",
        "ea1": "G70P34",
        "ea2": "Gauteng South"
      }
    },
    {
      "attributes": {
        "owner": "EBU",
        "stage": "Completed",
        "ea1": "G70P34",
        "ea2": "Gauteng South"
      }
    },
    {
      "attributes": {
        "owner": "EBU",
        "stage": "Completed",
        "ea1": "G70P34",
        "ea2": "Gauteng South"
      }
    },
    {
      "attributes": {
        "owner": "EBU",
        "stage": "Completed",
        "ea1": "G70P34",
        "ea2": "Gauteng South"
      }
    },
    {
      "attributes": {
        "owner": "EBU",
        "stage": "Completed",
        "ea1": "G70P34",
        "ea2": "Gauteng South"
      }
    },
    {
      "attributes": {
        "owner": "EBU",
        "stage": "Completed",
        "ea1": "G70P34",
        "ea2": "Gauteng South"
      }
    },
    {
      "attributes": {
        "owner": "EBU",
        "stage": "Completed",
        "ea1": "G70P34",
        "ea2": "Gauteng South"
      }
    },
    {
      "attributes": {
        "owner": "EBU",
        "stage": "Completed",
        "ea1": "G70P34",
        "ea2": "Gauteng South"
      }
    },
    {
      "attributes": {
        "owner": "EBU",
        "stage": "Completed",
        "ea1": "G70P34",
        "ea2": "Gauteng South"
      }
    },
    {
      "attributes": {
        "owner": "EBU",
        "stage": "Completed",
        "ea1": "G70P34",
        "ea2": "Gauteng South"
      }
    },
    {
      "attributes": {
        "owner": "EBU",
        "stage": "Completed",
        "ea1": "G70P34",
        "ea2": "Gauteng South"
      }
    },
    {
      "attributes": {
        "owner": "EBU",
        "stage": "Completed",
        "ea1": "G70P34",
        "ea2": "Gauteng South"
      }
    },
    {
      "attributes": {
        "owner": "EBU",
        "stage": "Completed",
        "ea1": "G70P34",
        "ea2": "Gauteng South"
      }
    },
    {
      "attributes": {
        "owner": "EBU",
        "stage": "Completed",
        "ea1": "G70P34",
        "ea2": "Gauteng South"
      }
    },
    {
      "attributes": {
        "owner": "EBU",
        "stage": "Completed",
        "ea1": "G70P34",
        "ea2": "Gauteng South"
      }
    },
    {
      "attributes": {
        "owner": "EBU",
        "stage": "Completed",
        "ea1": "G70P34",
        "ea2": "Gauteng South"
      }
    },
    {
      "attributes": {
        "owner": "EBU",
        "stage": "Completed",
        "ea1": "G70P34",
        "ea2": "Gauteng South"
      }
    },
    {
      "attributes": {
        "owner": "EBU",
        "stage": "Completed",
        "ea1": "G70P90",
        "ea2": "Gauteng South"
      }
    },
    {
      "attributes": {
        "owner": "EBU",
        "stage": "Completed",
        "ea1": "G71P91",
        "ea2": "Gauteng South"
      }
    },
    {
      "attributes": {
        "owner": "EBU",
        "stage": "Completed",
        "ea1": "G71P91",
        "ea2": "Gauteng South"
      }
    },
    {
      "attributes": {
        "owner": "EBU",
        "stage": "Completed",
        "ea1": "G71P91",
        "ea2": "Gauteng South"
      }
    },
    {
      "attributes": {
        "owner": "EBU",
        "stage": "Completed",
        "ea1": "G71P91",
        "ea2": "Gauteng South"
      }
    },
    {
      "attributes": {
        "owner": "EBU",
        "stage": "Completed",
        "ea1": "G71P91",
        "ea2": "Gauteng South"
      }
    },
    {
      "attributes": {
        "owner": "EBU",
        "stage": "Completed",
        "ea1": "G71P98",
        "ea2": "Gauteng South"
      }
    },
    {
      "attributes": {
        "owner": "EBU",
        "stage": "Completed",
        "ea1": "G71P90",
        "ea2": "Gauteng South"
      }
    },
    {
      "attributes": {
        "owner": "EBU",
        "stage": "Completed",
        "ea1": "G71P90",
        "ea2": "Gauteng South"
      }
    },
    {
      "attributes": {
        "owner": "EBU",
        "stage": "Completed",
        "ea1": "G71P07",
        "ea2": "Gauteng South"
      }
    },
    {
      "attributes": {
        "owner": "EBU",
        "stage": "Completed",
        "ea1": "G71P05",
        "ea2": "Gauteng South"
      }
    },
    {
      "attributes": {
        "owner": "EBU",
        "stage": "Completed",
        "ea1": "G71P02",
        "ea2": "Gauteng South"
      }
    },
    {
      "attributes": {
        "owner": "EBU",
        "stage": "Completed",
        "ea1": "G72P28",
        "ea2": "Gauteng South"
      }
    },
    {
      "attributes": {
        "owner": "EBU",
        "stage": "Construction",
        "ea1": "CON-WDS-111",
        "ea2": "Gauteng South"
      }
    },
    {
      "attributes": {
        "owner": "EBU",
        "stage": "Completed",
        "ea1": "G70P70",
        "ea2": "Gauteng South"
      }
    },
    {
      "attributes": {
        "owner": "EBU",
        "stage": "Completed",
        "ea1": "G70P70",
        "ea2": "Gauteng South"
      }
    },
    {
      "attributes": {
        "owner": "EBU",
        "stage": "Completed",
        "ea1": "G70P87",
        "ea2": "Gauteng South"
      }
    },
    {
      "attributes": {
        "owner": "EBU",
        "stage": "Completed",
        "ea1": "G70P13",
        "ea2": "Gauteng South"
      }
    },
    {
      "attributes": {
        "owner": "EBU",
        "stage": "Completed",
        "ea1": "G70P30",
        "ea2": "Gauteng South"
      }
    },
    {
      "attributes": {
        "owner": "EBU",
        "stage": "Completed",
        "ea1": "G70P13",
        "ea2": "Gauteng South"
      }
    },
    {
      "attributes": {
        "owner": "EBU",
        "stage": "Completed",
        "ea1": "G70P64",
        "ea2": "Gauteng South"
      }
    },
    {
      "attributes": {
        "owner": "EBU",
        "stage": "Completed",
        "ea1": "G70P71",
        "ea2": "Gauteng South"
      }
    },
    {
      "attributes": {
        "owner": "EBU",
        "stage": "Completed",
        "ea1": "G70P68",
        "ea2": "Gauteng South"
      }
    },
    {
      "attributes": {
        "owner": "EBU",
        "stage": "Completed",
        "ea1": "G71P02",
        "ea2": "Gauteng South"
      }
    },
    {
      "attributes": {
        "owner": "EBU",
        "stage": "Completed",
        "ea1": "G71P02",
        "ea2": "Gauteng South"
      }
    },
    {
      "attributes": {
        "owner": "EBU",
        "stage": "Completed",
        "ea1": "G70P40",
        "ea2": "Gauteng South"
      }
    },
    {
      "attributes": {
        "owner": "EBU",
        "stage": "Completed",
        "ea1": "G70P40",
        "ea2": "Gauteng South"
      }
    },
    {
      "attributes": {
        "owner": "EBU",
        "stage": "Completed",
        "ea1": "G70P40",
        "ea2": "Gauteng South"
      }
    },
    {
      "attributes": {
        "owner": "EBU",
        "stage": "Completed",
        "ea1": "G70P40",
        "ea2": "Gauteng South"
      }
    },
    {
      "attributes": {
        "owner": "EBU",
        "stage": "Completed",
        "ea1": "G70P59",
        "ea2": "Gauteng South"
      }
    },
    {
      "attributes": {
        "owner": "EBU",
        "stage": "Completed",
        "ea1": "G70P89",
        "ea2": "Gauteng South"
      }
    },
    {
      "attributes": {
        "owner": "EBU",
        "stage": "Completed",
        "ea1": "G72P01",
        "ea2": "Gauteng South"
      }
    },
    {
      "attributes": {
        "owner": "EBU",
        "stage": "Completed",
        "ea1": "G70P40",
        "ea2": "Gauteng South"
      }
    },
    {
      "attributes": {
        "owner": "EBU",
        "stage": "Completed",
        "ea1": "G70P34",
        "ea2": "Gauteng South"
      }
    },
    {
      "attributes": {
        "owner": "EBU",
        "stage": "Completed",
        "ea1": "G70P40",
        "ea2": "Gauteng South"
      }
    },
    {
      "attributes": {
        "owner": "EBU",
        "stage": "Completed",
        "ea1": "65 Homestead Ave. Block-A",
        "ea2": "Gauteng South"
      }
    },
    {
      "attributes": {
        "owner": "EBU",
        "stage": "Completed",
        "ea1": "G70P63",
        "ea2": "Gauteng South"
      }
    },
    {
      "attributes": {
        "owner": "EBU",
        "stage": "Completed",
        "ea1": "Remax Central_Sandton",
        "ea2": "Gauteng South"
      }
    },
    {
      "attributes": {
        "owner": "EBU",
        "stage": "Completed",
        "ea1": "91 Protea Road",
        "ea2": "Gauteng South"
      }
    },
    {
      "attributes": {
        "owner": "EBU",
        "stage": "Completed",
        "ea1": "31 Harley Street",
        "ea2": "Gauteng South"
      }
    },
    {
      "attributes": {
        "owner": "EBU",
        "stage": "Completed",
        "ea1": "68 Wierda Road",
        "ea2": "Gauteng South"
      }
    },
    {
      "attributes": {
        "owner": "EBU",
        "stage": "Completed",
        "ea1": "24 Wellington Road",
        "ea2": "Gauteng South"
      }
    },
    {
      "attributes": {
        "owner": "EBU",
        "stage": "Completed",
        "ea1": "17A SCOTT STR",
        "ea2": "Gauteng South"
      }
    },
    {
      "attributes": {
        "owner": "EBU",
        "stage": "Completed",
        "ea1": "1 Stirrup Lane ENTRY 1",
        "ea2": "Gauteng South"
      }
    },
    {
      "attributes": {
        "owner": "EBU",
        "stage": "Completed",
        "ea1": "G70P30",
        "ea2": "Gauteng South"
      }
    },
    {
      "attributes": {
        "owner": "EBU",
        "stage": "Completed",
        "ea1": "G70P30",
        "ea2": "Gauteng South"
      }
    },
    {
      "attributes": {
        "owner": "EBU",
        "stage": "Completed",
        "ea1": "26 Peter Place",
        "ea2": "Gauteng South"
      }
    },
    {
      "attributes": {
        "owner": "EBU",
        "stage": "Completed",
        "ea1": "G70P88",
        "ea2": "Gauteng South"
      }
    },
    {
      "attributes": {
        "owner": "EBU",
        "stage": "Completed",
        "ea1": "G70P88",
        "ea2": "Gauteng South"
      }
    },
    {
      "attributes": {
        "owner": "EBU",
        "stage": "Completed",
        "ea1": "G70P50",
        "ea2": "Gauteng South"
      }
    },
    {
      "attributes": {
        "owner": "EBU",
        "stage": "Completed",
        "ea1": "G70P50",
        "ea2": "Gauteng South"
      }
    },
    {
      "attributes": {
        "owner": "EBU",
        "stage": "Completed",
        "ea1": "G70P33",
        "ea2": "Gauteng South"
      }
    },
    {
      "attributes": {
        "owner": "EBU",
        "stage": "Completed",
        "ea1": "G70P33",
        "ea2": "Gauteng South"
      }
    },
    {
      "attributes": {
        "owner": "EBU",
        "stage": "Completed",
        "ea1": "",
        "ea2": "Gauteng South"
      }
    },
    {
      "attributes": {
        "owner": "EBU",
        "stage": "Completed",
        "ea1": "287 Kent Ave",
        "ea2": "Gauteng South"
      }
    },
    {
      "attributes": {
        "owner": "EBU",
        "stage": "Completed",
        "ea1": "272 Kent Ave",
        "ea2": "Gauteng South"
      }
    },
    {
      "attributes": {
        "owner": "EBU",
        "stage": "Completed",
        "ea1": "272 Kent Ave",
        "ea2": "Gauteng South"
      }
    }
  ]
}

at java.base/jdk.internal.reflect.GeneratedConstructorAccessor83.newInstance(Unknown Source)
at java.base/jdk.internal.reflect.DelegatingConstructorAccessorImpl.newInstance(DelegatingConstructorAccessorImpl.java:45)
at java.base/java.lang.reflect.Constructor.newInstanceWithCaller(Constructor.java:500)
at java.base/java.lang.reflect.Constructor.newInstance(Constructor.java:481)
at org.codehaus.groovy.reflection.CachedConstructor.invoke(CachedConstructor.java:80)
at org.codehaus.groovy.reflection.CachedConstructor.doConstructorInvoke(CachedConstructor.java:74)
at org.codehaus.groovy.runtime.callsite.ConstructorSite$ConstructorSiteNoUnwrap.callConstructor(ConstructorSite.java:84)
at org.codehaus.groovy.runtime.callsite.AbstractCallSite.callConstructor(AbstractCallSite.java:249)
at io.restassured.internal.ResponseSpecificationImpl$HamcrestAssertionClosure.validate(ResponseSpecificationImpl.groovy:493)
at io.restassured.internal.ResponseSpecificationImpl$HamcrestAssertionClosure$validate$1.call(Unknown Source)
at io.restassured.internal.ResponseSpecificationImpl.validateResponseIfRequired(ResponseSpecificationImpl.groovy:674)
at jdk.internal.reflect.GeneratedMethodAccessor14.invoke(Unknown Source)
at java.base/jdk.internal.reflect.DelegatingMethodAccessorImpl.invoke(DelegatingMethodAccessorImpl.java:43)
at java.base/java.lang.reflect.Method.invoke(Method.java:567)
at org.codehaus.groovy.runtime.callsite.PlainObjectMetaMethodSite.doInvoke(PlainObjectMetaMethodSite.java:43)
at org.codehaus.groovy.runtime.callsite.PogoMetaMethodSite$PogoCachedMethodSiteNoUnwrapNoCoerce.invoke(PogoMetaMethodSite.java:190)
at org.codehaus.groovy.runtime.callsite.PogoMetaMethodSite.callCurrent(PogoMetaMethodSite.java:58)
at org.codehaus.groovy.runtime.callsite.AbstractCallSite.callCurrent(AbstractCallSite.java:168)
at io.restassured.internal.ResponseSpecificationImpl.body(ResponseSpecificationImpl.groovy:98)
at io.restassured.internal.ValidatableResponseOptionsImpl.body(ValidatableResponseOptionsImpl.java:238)
at io.restassured.internal.ValidatableResponseImpl.super$2$body(ValidatableResponseImpl.groovy)
at jdk.internal.reflect.GeneratedMethodAccessor199.invoke(Unknown Source)
at java.base/jdk.internal.reflect.DelegatingMethodAccessorImpl.invoke(DelegatingMethodAccessorImpl.java:43)
at java.base/java.lang.reflect.Method.invoke(Method.java:567)
at org.codehaus.groovy.reflection.CachedMethod.invoke(CachedMethod.java:101)
at groovy.lang.MetaMethod.doMethodInvoke(MetaMethod.java:323)
at groovy.lang.MetaClassImpl.invokeMethod(MetaClassImpl.java:1217)
at org.codehaus.groovy.runtime.ScriptBytecodeAdapter.invokeMethodOnSuperN(ScriptBytecodeAdapter.java:144)
at io.restassured.internal.ValidatableResponseImpl.body(ValidatableResponseImpl.groovy:293)
at io.restassured.internal.ValidatableResponseImpl.body(ValidatableResponseImpl.groovy)
at com.ICM_UxAPI.GetDuctBank.ownerIsEBU(GetDuctBank.java:246)
at java.base/jdk.internal.reflect.NativeMethodAccessorImpl.invoke0(Native Method)
at java.base/jdk.internal.reflect.NativeMethodAccessorImpl.invoke(NativeMethodAccessorImpl.java:62)
at java.base/jdk.internal.reflect.DelegatingMethodAccessorImpl.invoke(DelegatingMethodAccessorImpl.java:43)
at java.base/java.lang.reflect.Method.invoke(Method.java:567)
at org.testng.internal.MethodInvocationHelper.invokeMethod(MethodInvocationHelper.java:124)
at org.testng.internal.Invoker.invokeMethod(Invoker.java:583)
at org.testng.internal.Invoker.invokeTestMethod(Invoker.java:719)
at org.testng.internal.Invoker.invokeTestMethods(Invoker.java:989)
at org.testng.internal.TestMethodWorker.invokeTestMethods(TestMethodWorker.java:125)
at org.testng.internal.TestMethodWorker.run(TestMethodWorker.java:109)
at org.testng.TestRunner.privateRun(TestRunner.java:648)
at org.testng.TestRunner.run(TestRunner.java:505)
at org.testng.SuiteRunner.runTest(SuiteRunner.java:455)
at org.testng.SuiteRunner.access$000(SuiteRunner.java:40)
at org.testng.SuiteRunner$SuiteWorker.run(SuiteRunner.java:489)
at org.testng.internal.thread.ThreadUtil$1.call(ThreadUtil.java:52)
at java.base/java.util.concurrent.FutureTask.run(FutureTask.java:264)
at java.base/java.util.concurrent.ThreadPoolExecutor.runWorker(ThreadPoolExecutor.java:1128)
at java.base/java.util.concurrent.ThreadPoolExecutor$Worker.run(ThreadPoolExecutor.java:628)
at java.base/java.lang.Thread.run(Thread.java:830)
]]>
    </failure>
  </testcase> <!-- ownerIsEBU -->
  <testcase classname="com.ICM_UxAPI.GetDuctBank" name="ownerIsConduct" time="1.071">
    <failure message="3 expectations failed.
Response body doesn&#039;t match expectation.
Expected: a string containing &quot;EBU&quot;
  Actual: {
  &quot;displayFieldName&quot;: &quot;name&quot;,
  &quot;fieldAliases&quot;: {
    &quot;owner&quot;: &quot;owner&quot;,
    &quot;stage&quot;: &quot;stage&quot;,
    &quot;ea1&quot;: &quot;Route Name&quot;,
    &quot;ea2&quot;: &quot;DFA Region&quot;
  },
  &quot;fields&quot;: [
    {
      &quot;name&quot;: &quot;owner&quot;,
      &quot;type&quot;: &quot;esriFieldTypeString&quot;,
      &quot;alias&quot;: &quot;owner&quot;,
      &quot;length&quot;: 50
    },
    {
      &quot;name&quot;: &quot;stage&quot;,
      &quot;type&quot;: &quot;esriFieldTypeString&quot;,
      &quot;alias&quot;: &quot;stage&quot;,
      &quot;length&quot;: 30
    },
    {
      &quot;name&quot;: &quot;ea1&quot;,
      &quot;type&quot;: &quot;esriFieldTypeString&quot;,
      &quot;alias&quot;: &quot;Route Name&quot;,
      &quot;length&quot;: 100
    },
    {
      &quot;name&quot;: &quot;ea2&quot;,
      &quot;type&quot;: &quot;esriFieldTypeString&quot;,
      &quot;alias&quot;: &quot;DFA Region&quot;,
      &quot;length&quot;: 100
    }
  ],
  &quot;features&quot;: [
    {
      &quot;attributes&quot;: {
        &quot;owner&quot;: &quot;Conduct&quot;,
        &quot;stage&quot;: &quot;Completed&quot;,
        &quot;ea1&quot;: &quot;G01P05&quot;,
        &quot;ea2&quot;: &quot;Gauteng South&quot;
      }
    },
    {
      &quot;attributes&quot;: {
        &quot;owner&quot;: &quot;Conduct&quot;,
        &quot;stage&quot;: &quot;Completed&quot;,
        &quot;ea1&quot;: &quot;G01P05&quot;,
        &quot;ea2&quot;: &quot;Gauteng South&quot;
      }
    },
    {
      &quot;attributes&quot;: {
        &quot;owner&quot;: &quot;Conduct&quot;,
        &quot;stage&quot;: &quot;Completed&quot;,
        &quot;ea1&quot;: &quot;G01P05&quot;,
        &quot;ea2&quot;: &quot;Gauteng South&quot;
      }
    },
    {
      &quot;attributes&quot;: {
        &quot;owner&quot;: &quot;Conduct&quot;,
        &quot;stage&quot;: &quot;Completed&quot;,
        &quot;ea1&quot;: &quot;G01P05&quot;,
        &quot;ea2&quot;: &quot;Gauteng South&quot;
      }
    },
    {
      &quot;attributes&quot;: {
        &quot;owner&quot;: &quot;Conduct&quot;,
        &quot;stage&quot;: &quot;Completed&quot;,
        &quot;ea1&quot;: &quot;G01P05&quot;,
        &quot;ea2&quot;: &quot;Gauteng South&quot;
      }
    },
    {
      &quot;attributes&quot;: {
        &quot;owner&quot;: &quot;Conduct&quot;,
        &quot;stage&quot;: &quot;Construction&quot;,
        &quot;ea1&quot;: &quot;none&quot;,
        &quot;ea2&quot;: &quot;None&quot;
      }
    },
    {
      &quot;attributes&quot;: {
        &quot;owner&quot;: &quot;Conduct&quot;,
        &quot;stage&quot;: &quot;Completed&quot;,
        &quot;ea1&quot;: &quot;AS03171GH000618&quot;,
        &quot;ea2&quot;: &quot;Gauteng South&quot;
      }
    },
    {
      &quot;attributes&quot;: {
        &quot;owner&quot;: &quot;Conduct&quot;,
        &quot;stage&quot;: &quot;Completed&quot;,
        &quot;ea1&quot;: &quot;AS03171GH000617&quot;,
        &quot;ea2&quot;: &quot;Gauteng South&quot;
      }
    },
    {
      &quot;attributes&quot;: {
        &quot;owner&quot;: &quot;Conduct&quot;,
        &quot;stage&quot;: &quot;Completed&quot;,
        &quot;ea1&quot;: &quot;W70P01&quot;,
        &quot;ea2&quot;: &quot;Western Region&quot;
      }
    },
    {
      &quot;attributes&quot;: {
        &quot;owner&quot;: &quot;Conduct&quot;,
        &quot;stage&quot;: &quot;Completed&quot;,
        &quot;ea1&quot;: &quot;W70P01&quot;,
        &quot;ea2&quot;: &quot;Western Region&quot;
      }
    },
    {
      &quot;attributes&quot;: {
        &quot;owner&quot;: &quot;Conduct&quot;,
        &quot;stage&quot;: &quot;Completed&quot;,
        &quot;ea1&quot;: &quot;W70P01&quot;,
        &quot;ea2&quot;: &quot;Western Region&quot;
      }
    },
    {
      &quot;attributes&quot;: {
        &quot;owner&quot;: &quot;Conduct&quot;,
        &quot;stage&quot;: &quot;Completed&quot;,
        &quot;ea1&quot;: &quot;W70P01&quot;,
        &quot;ea2&quot;: &quot;Western Region&quot;
      }
    },
    {
      &quot;attributes&quot;: {
        &quot;owner&quot;: &quot;Conduct&quot;,
        &quot;stage&quot;: &quot;Completed&quot;,
        &quot;ea1&quot;: &quot;W70P01&quot;,
        &quot;ea2&quot;: &quot;Western Region&quot;
      }
    },
    {
      &quot;attributes&quot;: {
        &quot;owner&quot;: &quot;Conduct&quot;,
        &quot;stage&quot;: &quot;Completed&quot;,
        &quot;ea1&quot;: &quot;W70P01&quot;,
        &quot;ea2&quot;: &quot;Western Region&quot;
      }
    },
    {
      &quot;attributes&quot;: {
        &quot;owner&quot;: &quot;Conduct&quot;,
        &quot;stage&quot;: &quot;Completed&quot;,
        &quot;ea1&quot;: &quot;W70P01&quot;,
        &quot;ea2&quot;: &quot;Western Region&quot;
      }
    },
    {
      &quot;attributes&quot;: {
        &quot;owner&quot;: &quot;Conduct&quot;,
        &quot;stage&quot;: &quot;Completed&quot;,
        &quot;ea1&quot;: &quot;W70P01&quot;,
        &quot;ea2&quot;: &quot;Western Region&quot;
      }
    },
    {
      &quot;attributes&quot;: {
        &quot;owner&quot;: &quot;Conduct&quot;,
        &quot;stage&quot;: &quot;Completed&quot;,
        &quot;ea1&quot;: &quot;Conduct Claremont Ring&quot;,
        &quot;ea2&quot;: &quot;Western Region&quot;
      }
    },
    {
      &quot;attributes&quot;: {
        &quot;owner&quot;: &quot;Conduct&quot;,
        &quot;stage&quot;: &quot;Completed&quot;,
        &quot;ea1&quot;: &quot;W70P01&quot;,
        &quot;ea2&quot;: &quot;Western Region&quot;
      }
    },
    {
      &quot;attributes&quot;: {
        &quot;owner&quot;: &quot;Conduct&quot;,
        &quot;stage&quot;: &quot;Completed&quot;,
        &quot;ea1&quot;: &quot;W70P01&quot;,
        &quot;ea2&quot;: &quot;Western Region&quot;
      }
    },
    {
      &quot;attributes&quot;: {
        &quot;owner&quot;: &quot;Conduct&quot;,
        &quot;stage&quot;: &quot;Completed&quot;,
        &quot;ea1&quot;: &quot;W70P01&quot;,
        &quot;ea2&quot;: &quot;Western Region&quot;
      }
    },
    {
      &quot;attributes&quot;: {
        &quot;owner&quot;: &quot;Conduct&quot;,
        &quot;stage&quot;: &quot;Completed&quot;,
        &quot;ea1&quot;: &quot; &quot;,
        &quot;ea2&quot;: &quot;Western Region&quot;
      }
    },
    {
      &quot;attributes&quot;: {
        &quot;owner&quot;: &quot;Conduct&quot;,
        &quot;stage&quot;: &quot;Construction&quot;,
        &quot;ea1&quot;: &quot; &quot;,
        &quot;ea2&quot;: &quot;Western Region&quot;
      }
    },
    {
      &quot;attributes&quot;: {
        &quot;owner&quot;: &quot;Conduct&quot;,
        &quot;stage&quot;: &quot;Completed&quot;,
        &quot;ea1&quot;: &quot;W70P01&quot;,
        &quot;ea2&quot;: &quot;Western Region&quot;
      }
    },
    {
      &quot;attributes&quot;: {
        &quot;owner&quot;: &quot;Conduct&quot;,
        &quot;stage&quot;: &quot;Completed&quot;,
        &quot;ea1&quot;: &quot;W70P01&quot;,
        &quot;ea2&quot;: &quot;Western Region&quot;
      }
    },
    {
      &quot;attributes&quot;: {
        &quot;owner&quot;: &quot;Conduct&quot;,
        &quot;stage&quot;: &quot;Completed&quot;,
        &quot;ea1&quot;: &quot;none&quot;,
        &quot;ea2&quot;: &quot;Northern Region&quot;
      }
    },
    {
      &quot;attributes&quot;: {
        &quot;owner&quot;: &quot;Conduct&quot;,
        &quot;stage&quot;: &quot;Construction&quot;,
        &quot;ea1&quot;: &quot;none&quot;,
        &quot;ea2&quot;: &quot;Northern Region&quot;
      }
    },
    {
      &quot;attributes&quot;: {
        &quot;owner&quot;: &quot;Conduct&quot;,
        &quot;stage&quot;: &quot;Construction&quot;,
        &quot;ea1&quot;: &quot;AS14680BH345924 &quot;,
        &quot;ea2&quot;: &quot;Northern Region&quot;
      }
    },
    {
      &quot;attributes&quot;: {
        &quot;owner&quot;: &quot;Conduct&quot;,
        &quot;stage&quot;: &quot;Construction&quot;,
        &quot;ea1&quot;: &quot;none&quot;,
        &quot;ea2&quot;: &quot;none&quot;
      }
    },
    {
      &quot;attributes&quot;: {
        &quot;owner&quot;: &quot;Conduct&quot;,
        &quot;stage&quot;: &quot;Construction&quot;,
        &quot;ea1&quot;: &quot;none&quot;,
        &quot;ea2&quot;: &quot;none&quot;
      }
    },
    {
      &quot;attributes&quot;: {
        &quot;owner&quot;: &quot;Conduct&quot;,
        &quot;stage&quot;: &quot;Construction&quot;,
        &quot;ea1&quot;: &quot;none&quot;,
        &quot;ea2&quot;: &quot;none&quot;
      }
    },
    {
      &quot;attributes&quot;: {
        &quot;owner&quot;: &quot;Conduct&quot;,
        &quot;stage&quot;: &quot;Construction&quot;,
        &quot;ea1&quot;: &quot;none&quot;,
        &quot;ea2&quot;: &quot;Northern Region&quot;
      }
    },
    {
      &quot;attributes&quot;: {
        &quot;owner&quot;: &quot;Conduct&quot;,
        &quot;stage&quot;: &quot;Construction&quot;,
        &quot;ea1&quot;: &quot;none&quot;,
        &quot;ea2&quot;: &quot;Northern Region&quot;
      }
    },
    {
      &quot;attributes&quot;: {
        &quot;owner&quot;: &quot;Conduct&quot;,
        &quot;stage&quot;: &quot;Construction&quot;,
        &quot;ea1&quot;: &quot;none&quot;,
        &quot;ea2&quot;: &quot;Northern Region&quot;
      }
    },
    {
      &quot;attributes&quot;: {
        &quot;owner&quot;: &quot;Conduct&quot;,
        &quot;stage&quot;: &quot;Construction&quot;,
        &quot;ea1&quot;: &quot;none&quot;,
        &quot;ea2&quot;: &quot;Northern Region&quot;
      }
    },
    {
      &quot;attributes&quot;: {
        &quot;owner&quot;: &quot;Conduct&quot;,
        &quot;stage&quot;: &quot;Completed&quot;,
        &quot;ea1&quot;: &quot;G70P01&quot;,
        &quot;ea2&quot;: &quot;Gauteng South&quot;
      }
    },
    {
      &quot;attributes&quot;: {
        &quot;owner&quot;: &quot;Conduct&quot;,
        &quot;stage&quot;: &quot;Completed&quot;,
        &quot;ea1&quot;: &quot;G70P01&quot;,
        &quot;ea2&quot;: &quot;Gauteng South&quot;
      }
    },
    {
      &quot;attributes&quot;: {
        &quot;owner&quot;: &quot;Conduct&quot;,
        &quot;stage&quot;: &quot;Completed&quot;,
        &quot;ea1&quot;: &quot;G70P01&quot;,
        &quot;ea2&quot;: &quot;Gauteng South&quot;
      }
    },
    {
      &quot;attributes&quot;: {
        &quot;owner&quot;: &quot;Conduct&quot;,
        &quot;stage&quot;: &quot;Completed&quot;,
        &quot;ea1&quot;: &quot;G70P01&quot;,
        &quot;ea2&quot;: &quot;Gauteng South&quot;
      }
    },
    {
      &quot;attributes&quot;: {
        &quot;owner&quot;: &quot;Conduct&quot;,
        &quot;stage&quot;: &quot;Completed&quot;,
        &quot;ea1&quot;: &quot;G70P01&quot;,
        &quot;ea2&quot;: &quot;Gauteng South&quot;
      }
    },
    {
      &quot;attributes&quot;: {
        &quot;owner&quot;: &quot;Conduct&quot;,
        &quot;stage&quot;: &quot;Completed&quot;,
        &quot;ea1&quot;: &quot;G70P01&quot;,
        &quot;ea2&quot;: &quot;Gauteng South&quot;
      }
    },
    {
      &quot;attributes&quot;: {
        &quot;owner&quot;: &quot;Conduct&quot;,
        &quot;stage&quot;: &quot;Completed&quot;,
        &quot;ea1&quot;: &quot;G70P01&quot;,
        &quot;ea2&quot;: &quot;Gauteng South&quot;
      }
    },
    {
      &quot;attributes&quot;: {
        &quot;owner&quot;: &quot;Conduct&quot;,
        &quot;stage&quot;: &quot;Completed&quot;,
        &quot;ea1&quot;: &quot;G70P01&quot;,
        &quot;ea2&quot;: &quot;Gauteng South&quot;
      }
    },
    {
      &quot;attributes&quot;: {
        &quot;owner&quot;: &quot;Conduct&quot;,
        &quot;stage&quot;: &quot;Completed&quot;,
        &quot;ea1&quot;: &quot;G70P01&quot;,
        &quot;ea2&quot;: &quot;Gauteng South&quot;
      }
    },
    {
      &quot;attributes&quot;: {
        &quot;owner&quot;: &quot;Conduct&quot;,
        &quot;stage&quot;: &quot;Completed&quot;,
        &quot;ea1&quot;: &quot;G70P01&quot;,
        &quot;ea2&quot;: &quot;Gauteng South&quot;
      }
    },
    {
      &quot;attributes&quot;: {
        &quot;owner&quot;: &quot;Conduct&quot;,
        &quot;stage&quot;: &quot;Completed&quot;,
        &quot;ea1&quot;: &quot;G70P01&quot;,
        &quot;ea2&quot;: &quot;Gauteng South&quot;
      }
    },
    {
      &quot;attributes&quot;: {
        &quot;owner&quot;: &quot;Conduct&quot;,
        &quot;stage&quot;: &quot;Completed&quot;,
        &quot;ea1&quot;: &quot;G70P01&quot;,
        &quot;ea2&quot;: &quot;Gauteng South&quot;
      }
    },
    {
      &quot;attributes&quot;: {
        &quot;owner&quot;: &quot;Conduct&quot;,
        &quot;stage&quot;: &quot;Completed&quot;,
        &quot;ea1&quot;: &quot;G70P01&quot;,
        &quot;ea2&quot;: &quot;Gauteng South&quot;
      }
    },
    {
      &quot;attributes&quot;: {
        &quot;owner&quot;: &quot;Conduct&quot;,
        &quot;stage&quot;: &quot;Completed&quot;,
        &quot;ea1&quot;: &quot;G70P01&quot;,
        &quot;ea2&quot;: &quot;Gauteng South&quot;
      }
    },
    {
      &quot;attributes&quot;: {
        &quot;owner&quot;: &quot;Conduct&quot;,
        &quot;stage&quot;: &quot;Completed&quot;,
        &quot;ea1&quot;: &quot;G70P01&quot;,
        &quot;ea2&quot;: &quot;Gauteng South&quot;
      }
    },
    {
      &quot;attributes&quot;: {
        &quot;owner&quot;: &quot;Conduct&quot;,
        &quot;stage&quot;: &quot;Completed&quot;,
        &quot;ea1&quot;: &quot;G70P01&quot;,
        &quot;ea2&quot;: &quot;Gauteng South&quot;
      }
    },
    {
      &quot;attributes&quot;: {
        &quot;owner&quot;: &quot;Conduct&quot;,
        &quot;stage&quot;: &quot;Completed&quot;,
        &quot;ea1&quot;: &quot;G70P01&quot;,
        &quot;ea2&quot;: &quot;Gauteng South&quot;
      }
    },
    {
      &quot;attributes&quot;: {
        &quot;owner&quot;: &quot;Conduct&quot;,
        &quot;stage&quot;: &quot;Completed&quot;,
        &quot;ea1&quot;: &quot;G70P01&quot;,
        &quot;ea2&quot;: &quot;Gauteng South&quot;
      }
    },
    {
      &quot;attributes&quot;: {
        &quot;owner&quot;: &quot;Conduct&quot;,
        &quot;stage&quot;: &quot;Completed&quot;,
        &quot;ea1&quot;: &quot;G70P01&quot;,
        &quot;ea2&quot;: &quot;Gauteng South&quot;
      }
    },
    {
      &quot;attributes&quot;: {
        &quot;owner&quot;: &quot;Conduct&quot;,
        &quot;stage&quot;: &quot;Completed&quot;,
        &quot;ea1&quot;: &quot;G70P01&quot;,
        &quot;ea2&quot;: &quot;Gauteng South&quot;
      }
    },
    {
      &quot;attributes&quot;: {
        &quot;owner&quot;: &quot;Conduct&quot;,
        &quot;stage&quot;: &quot;Completed&quot;,
        &quot;ea1&quot;: &quot;G70P01&quot;,
        &quot;ea2&quot;: &quot;Gauteng South&quot;
      }
    },
    {
      &quot;attributes&quot;: {
        &quot;owner&quot;: &quot;Conduct&quot;,
        &quot;stage&quot;: &quot;Completed&quot;,
        &quot;ea1&quot;: &quot;G70P01&quot;,
        &quot;ea2&quot;: &quot;Gauteng South&quot;
      }
    },
    {
      &quot;attributes&quot;: {
        &quot;owner&quot;: &quot;Conduct&quot;,
        &quot;stage&quot;: &quot;Completed&quot;,
        &quot;ea1&quot;: &quot;AS13625GHFRI008&quot;,
        &quot;ea2&quot;: &quot;Gauteng South&quot;
      }
    },
    {
      &quot;attributes&quot;: {
        &quot;owner&quot;: &quot;Conduct&quot;,
        &quot;stage&quot;: &quot;Completed&quot;,
        &quot;ea1&quot;: &quot;G70P01&quot;,
        &quot;ea2&quot;: &quot;Gauteng South&quot;
      }
    },
    {
      &quot;attributes&quot;: {
        &quot;owner&quot;: &quot;Conduct&quot;,
        &quot;stage&quot;: &quot;Completed&quot;,
        &quot;ea1&quot;: &quot;G70P01&quot;,
        &quot;ea2&quot;: &quot;Gauteng South&quot;
      }
    },
    {
      &quot;attributes&quot;: {
        &quot;owner&quot;: &quot;Conduct&quot;,
        &quot;stage&quot;: &quot;Completed&quot;,
        &quot;ea1&quot;: &quot;G70P01&quot;,
        &quot;ea2&quot;: &quot;Gauteng South&quot;
      }
    },
    {
      &quot;attributes&quot;: {
        &quot;owner&quot;: &quot;Conduct&quot;,
        &quot;stage&quot;: &quot;Completed&quot;,
        &quot;ea1&quot;: &quot;G70P01&quot;,
        &quot;ea2&quot;: &quot;Gauteng South&quot;
      }
    },
    {
      &quot;attributes&quot;: {
        &quot;owner&quot;: &quot;Conduct&quot;,
        &quot;stage&quot;: &quot;Construction&quot;,
        &quot;ea1&quot;: &quot;AS13708BH004086&quot;,
        &quot;ea2&quot;: &quot;Northern Region&quot;
      }
    },
    {
      &quot;attributes&quot;: {
        &quot;owner&quot;: &quot;Conduct&quot;,
        &quot;stage&quot;: &quot;Construction&quot;,
        &quot;ea1&quot;: &quot;AS13708BH004093&quot;,
        &quot;ea2&quot;: &quot;Northern Region&quot;
      }
    },
    {
      &quot;attributes&quot;: {
        &quot;owner&quot;: &quot;Conduct&quot;,
        &quot;stage&quot;: &quot;Construction&quot;,
        &quot;ea1&quot;: &quot;none&quot;,
        &quot;ea2&quot;: &quot;Northern Region&quot;
      }
    },
    {
      &quot;attributes&quot;: {
        &quot;owner&quot;: &quot;Conduct&quot;,
        &quot;stage&quot;: &quot;Completed&quot;,
        &quot;ea1&quot;: &quot;AS13945BA345051&quot;,
        &quot;ea2&quot;: &quot;Northern Region&quot;
      }
    },
    {
      &quot;attributes&quot;: {
        &quot;owner&quot;: &quot;Conduct&quot;,
        &quot;stage&quot;: &quot;Construction&quot;,
        &quot;ea1&quot;: &quot;none&quot;,
        &quot;ea2&quot;: &quot;Northern Region&quot;
      }
    },
    {
      &quot;attributes&quot;: {
        &quot;owner&quot;: &quot;Conduct&quot;,
        &quot;stage&quot;: &quot;Completed&quot;,
        &quot;ea1&quot;: &quot;AS13945BA345051&quot;,
        &quot;ea2&quot;: &quot;Northern Region&quot;
      }
    },
    {
      &quot;attributes&quot;: {
        &quot;owner&quot;: &quot;Conduct&quot;,
        &quot;stage&quot;: &quot;Construction&quot;,
        &quot;ea1&quot;: &quot;none&quot;,
        &quot;ea2&quot;: &quot;none&quot;
      }
    },
    {
      &quot;attributes&quot;: {
        &quot;owner&quot;: &quot;Conduct&quot;,
        &quot;stage&quot;: &quot;Completed&quot;,
        &quot;ea1&quot;: &quot;none&quot;,
        &quot;ea2&quot;: &quot;Northern Region&quot;
      }
    },
    {
      &quot;attributes&quot;: {
        &quot;owner&quot;: &quot;Conduct&quot;,
        &quot;stage&quot;: &quot;Construction&quot;,
        &quot;ea1&quot;: &quot;AS13938BH340127 &quot;,
        &quot;ea2&quot;: &quot;Northern Region&quot;
      }
    },
    {
      &quot;attributes&quot;: {
        &quot;owner&quot;: &quot;Conduct&quot;,
        &quot;stage&quot;: &quot;Construction&quot;,
        &quot;ea1&quot;: &quot;AS13938GH070803 &quot;,
        &quot;ea2&quot;: &quot;Northern Region&quot;
      }
    },
    {
      &quot;attributes&quot;: {
        &quot;owner&quot;: &quot;Conduct&quot;,
        &quot;stage&quot;: &quot;Completed&quot;,
        &quot;ea1&quot;: &quot;AS13945BA345051&quot;,
        &quot;ea2&quot;: &quot;Northern Region&quot;
      }
    },
    {
      &quot;attributes&quot;: {
        &quot;owner&quot;: &quot;Conduct&quot;,
        &quot;stage&quot;: &quot;Construction&quot;,
        &quot;ea1&quot;: &quot;none&quot;,
        &quot;ea2&quot;: &quot;Northern Region&quot;
      }
    },
    {
      &quot;attributes&quot;: {
        &quot;owner&quot;: &quot;Conduct&quot;,
        &quot;stage&quot;: &quot;Construction&quot;,
        &quot;ea1&quot;: &quot;none&quot;,
        &quot;ea2&quot;: &quot;none&quot;
      }
    },
    {
      &quot;attributes&quot;: {
        &quot;owner&quot;: &quot;Conduct&quot;,
        &quot;stage&quot;: &quot;Construction&quot;,
        &quot;ea1&quot;: &quot;&quot;,
        &quot;ea2&quot;: &quot;none&quot;
      }
    },
    {
      &quot;attributes&quot;: {
        &quot;owner&quot;: &quot;Conduct&quot;,
        &quot;stage&quot;: &quot;Construction&quot;,
        &quot;ea1&quot;: &quot;&quot;,
        &quot;ea2&quot;: &quot;none&quot;
      }
    },
    {
      &quot;attributes&quot;: {
        &quot;owner&quot;: &quot;Conduct&quot;,
        &quot;stage&quot;: &quot;Completed&quot;,
        &quot;ea1&quot;: &quot; &quot;,
        &quot;ea2&quot;: &quot;Western Region&quot;
      }
    },
    {
      &quot;attributes&quot;: {
        &quot;owner&quot;: &quot;Conduct&quot;,
        &quot;stage&quot;: &quot;Completed&quot;,
        &quot;ea1&quot;: &quot;AS11870WH281134&quot;,
        &quot;ea2&quot;: &quot;Western Region&quot;
      }
    },
    {
      &quot;attributes&quot;: {
        &quot;owner&quot;: &quot;Conduct&quot;,
        &quot;stage&quot;: &quot;Construction&quot;,
        &quot;ea1&quot;: &quot;AS14112BH301661&quot;,
        &quot;ea2&quot;: &quot;Northern Region&quot;
      }
    },
    {
      &quot;attributes&quot;: {
        &quot;owner&quot;: &quot;Conduct&quot;,
        &quot;stage&quot;: &quot;Completed&quot;,
        &quot;ea1&quot;: &quot;W70P09&quot;,
        &quot;ea2&quot;: &quot;Western Region&quot;
      }
    },
    {
      &quot;attributes&quot;: {
        &quot;owner&quot;: &quot;Conduct&quot;,
        &quot;stage&quot;: &quot;Completed&quot;,
        &quot;ea1&quot;: &quot;W70P08&quot;,
        &quot;ea2&quot;: &quot;Western Region&quot;
      }
    },
    {
      &quot;attributes&quot;: {
        &quot;owner&quot;: &quot;Conduct&quot;,
        &quot;stage&quot;: &quot;Completed&quot;,
        &quot;ea1&quot;: &quot;W70P07&quot;,
        &quot;ea2&quot;: &quot;Western Region&quot;
      }
    },
    {
      &quot;attributes&quot;: {
        &quot;owner&quot;: &quot;Conduct&quot;,
        &quot;stage&quot;: &quot;Completed&quot;,
        &quot;ea1&quot;: &quot;W70P11&quot;,
        &quot;ea2&quot;: &quot;Western Region&quot;
      }
    },
    {
      &quot;attributes&quot;: {
        &quot;owner&quot;: &quot;Conduct&quot;,
        &quot;stage&quot;: &quot;Construction&quot;,
        &quot;ea1&quot;: &quot; &quot;,
        &quot;ea2&quot;: &quot;Northern Region&quot;
      }
    },
    {
      &quot;attributes&quot;: {
        &quot;owner&quot;: &quot;Conduct&quot;,
        &quot;stage&quot;: &quot;Construction&quot;,
        &quot;ea1&quot;: &quot;AS14414BA345056&quot;,
        &quot;ea2&quot;: &quot;Northern Region&quot;
      }
    },
    {
      &quot;attributes&quot;: {
        &quot;owner&quot;: &quot;Conduct&quot;,
        &quot;stage&quot;: &quot;Construction&quot;,
        &quot;ea1&quot;: &quot; &quot;,
        &quot;ea2&quot;: &quot;Northern Region&quot;
      }
    },
    {
      &quot;attributes&quot;: {
        &quot;owner&quot;: &quot;Conduct&quot;,
        &quot;stage&quot;: &quot;Construction&quot;,
        &quot;ea1&quot;: &quot; &quot;,
        &quot;ea2&quot;: &quot;Northern Region&quot;
      }
    },
    {
      &quot;attributes&quot;: {
        &quot;owner&quot;: &quot;Conduct&quot;,
        &quot;stage&quot;: &quot;Construction&quot;,
        &quot;ea1&quot;: &quot; &quot;,
        &quot;ea2&quot;: &quot;Northern Region&quot;
      }
    },
    {
      &quot;attributes&quot;: {
        &quot;owner&quot;: &quot;Conduct&quot;,
        &quot;stage&quot;: &quot;Construction&quot;,
        &quot;ea1&quot;: &quot; &quot;,
        &quot;ea2&quot;: &quot;Northern Region&quot;
      }
    },
    {
      &quot;attributes&quot;: {
        &quot;owner&quot;: &quot;Conduct&quot;,
        &quot;stage&quot;: &quot;Construction&quot;,
        &quot;ea1&quot;: &quot; &quot;,
        &quot;ea2&quot;: &quot;Northern Region&quot;
      }
    },
    {
      &quot;attributes&quot;: {
        &quot;owner&quot;: &quot;Conduct&quot;,
        &quot;stage&quot;: &quot;Construction&quot;,
        &quot;ea1&quot;: &quot; &quot;,
        &quot;ea2&quot;: &quot;Northern Region&quot;
      }
    },
    {
      &quot;attributes&quot;: {
        &quot;owner&quot;: &quot;Conduct&quot;,
        &quot;stage&quot;: &quot;Construction&quot;,
        &quot;ea1&quot;: &quot; &quot;,
        &quot;ea2&quot;: &quot;Northern Region&quot;
      }
    },
    {
      &quot;attributes&quot;: {
        &quot;owner&quot;: &quot;Conduct&quot;,
        &quot;stage&quot;: &quot;Construction&quot;,
        &quot;ea1&quot;: &quot; &quot;,
        &quot;ea2&quot;: &quot;Northern Region&quot;
      }
    },
    {
      &quot;attributes&quot;: {
        &quot;owner&quot;: &quot;Conduct&quot;,
        &quot;stage&quot;: &quot;Construction&quot;,
        &quot;ea1&quot;: &quot; &quot;,
        &quot;ea2&quot;: &quot;Northern Region&quot;
      }
    },
    {
      &quot;attributes&quot;: {
        &quot;owner&quot;: &quot;Conduct&quot;,
        &quot;stage&quot;: &quot;Construction&quot;,
        &quot;ea1&quot;: &quot; &quot;,
        &quot;ea2&quot;: &quot;Northern Region&quot;
      }
    },
    {
      &quot;attributes&quot;: {
        &quot;owner&quot;: &quot;Conduct&quot;,
        &quot;stage&quot;: &quot;Construction&quot;,
        &quot;ea1&quot;: &quot; &quot;,
        &quot;ea2&quot;: &quot;Northern Region&quot;
      }
    },
    {
      &quot;attributes&quot;: {
        &quot;owner&quot;: &quot;Conduct&quot;,
        &quot;stage&quot;: &quot;Construction&quot;,
        &quot;ea1&quot;: &quot; &quot;,
        &quot;ea2&quot;: &quot;Northern Region&quot;
      }
    },
    {
      &quot;attributes&quot;: {
        &quot;owner&quot;: &quot;Conduct&quot;,
        &quot;stage&quot;: &quot;Construction&quot;,
        &quot;ea1&quot;: &quot; &quot;,
        &quot;ea2&quot;: &quot;Northern Region&quot;
      }
    },
    {
      &quot;attributes&quot;: {
        &quot;owner&quot;: &quot;Conduct&quot;,
        &quot;stage&quot;: &quot;Construction&quot;,
        &quot;ea1&quot;: &quot; &quot;,
        &quot;ea2&quot;: &quot;Northern Region&quot;
      }
    },
    {
      &quot;attributes&quot;: {
        &quot;owner&quot;: &quot;Conduct&quot;,
        &quot;stage&quot;: &quot;Construction&quot;,
        &quot;ea1&quot;: &quot; &quot;,
        &quot;ea2&quot;: &quot;Northern Region&quot;
      }
    },
    {
      &quot;attributes&quot;: {
        &quot;owner&quot;: &quot;Conduct&quot;,
        &quot;stage&quot;: &quot;Construction&quot;,
        &quot;ea1&quot;: &quot; &quot;,
        &quot;ea2&quot;: &quot;Northern Region&quot;
      }
    },
    {
      &quot;attributes&quot;: {
        &quot;owner&quot;: &quot;Conduct&quot;,
        &quot;stage&quot;: &quot;Construction&quot;,
        &quot;ea1&quot;: &quot;NB70P11&quot;,
        &quot;ea2&quot;: &quot;Northern Region&quot;
      }
    },
    {
      &quot;attributes&quot;: {
        &quot;owner&quot;: &quot;Conduct&quot;,
        &quot;stage&quot;: &quot;Construction&quot;,
        &quot;ea1&quot;: &quot; &quot;,
        &quot;ea2&quot;: &quot;Northern Region&quot;
      }
    },
    {
      &quot;attributes&quot;: {
        &quot;owner&quot;: &quot;Conduct&quot;,
        &quot;stage&quot;: &quot;Construction&quot;,
        &quot;ea1&quot;: &quot; &quot;,
        &quot;ea2&quot;: &quot;Northern Region&quot;
      }
    },
    {
      &quot;attributes&quot;: {
        &quot;owner&quot;: &quot;Conduct&quot;,
        &quot;stage&quot;: &quot;Construction&quot;,
        &quot;ea1&quot;: &quot; &quot;,
        &quot;ea2&quot;: &quot;Northern Region&quot;
      }
    },
    {
      &quot;attributes&quot;: {
        &quot;owner&quot;: &quot;Conduct&quot;,
        &quot;stage&quot;: &quot;Construction&quot;,
        &quot;ea1&quot;: &quot; &quot;,
        &quot;ea2&quot;: &quot;Northern Region&quot;
      }
    },
    {
      &quot;attributes&quot;: {
        &quot;owner&quot;: &quot;Conduct&quot;,
        &quot;stage&quot;: &quot;Construction&quot;,
        &quot;ea1&quot;: &quot; &quot;,
        &quot;ea2&quot;: &quot;Northern Region&quot;
      }
    },
    {
      &quot;attributes&quot;: {
        &quot;owner&quot;: &quot;Conduct&quot;,
        &quot;stage&quot;: &quot;Construction&quot;,
        &quot;ea1&quot;: &quot;NB70P11&quot;,
        &quot;ea2&quot;: &quot;Northern Region&quot;
      }
    },
    {
      &quot;attributes&quot;: {
        &quot;owner&quot;: &quot;Conduct&quot;,
        &quot;stage&quot;: &quot;Construction&quot;,
        &quot;ea1&quot;: &quot;NB70P11&quot;,
        &quot;ea2&quot;: &quot;Northern Region&quot;
      }
    },
    {
      &quot;attributes&quot;: {
        &quot;owner&quot;: &quot;Conduct&quot;,
        &quot;stage&quot;: &quot;Construction&quot;,
        &quot;ea1&quot;: &quot; &quot;,
        &quot;ea2&quot;: &quot;Northern Region&quot;
      }
    },
    {
      &quot;attributes&quot;: {
        &quot;owner&quot;: &quot;Conduct&quot;,
        &quot;stage&quot;: &quot;Construction&quot;,
        &quot;ea1&quot;: &quot;NB70P11&quot;,
        &quot;ea2&quot;: &quot;Northern Region&quot;
      }
    },
    {
      &quot;attributes&quot;: {
        &quot;owner&quot;: &quot;Conduct&quot;,
        &quot;stage&quot;: &quot;Construction&quot;,
        &quot;ea1&quot;: &quot;NB70P11&quot;,
        &quot;ea2&quot;: &quot;Northern Region&quot;
      }
    },
    {
      &quot;attributes&quot;: {
        &quot;owner&quot;: &quot;Conduct&quot;,
        &quot;stage&quot;: &quot;Construction&quot;,
        &quot;ea1&quot;: &quot;NB70P11&quot;,
        &quot;ea2&quot;: &quot;Northern Region&quot;
      }
    },
    {
      &quot;attributes&quot;: {
        &quot;owner&quot;: &quot;Conduct&quot;,
        &quot;stage&quot;: &quot;Construction&quot;,
        &quot;ea1&quot;: &quot;NB70P11&quot;,
        &quot;ea2&quot;: &quot;Northern Region&quot;
      }
    },
    {
      &quot;attributes&quot;: {
        &quot;owner&quot;: &quot;Conduct&quot;,
        &quot;stage&quot;: &quot;Construction&quot;,
        &quot;ea1&quot;: &quot;NB70P11&quot;,
        &quot;ea2&quot;: &quot;Northern Region&quot;
      }
    },
    {
      &quot;attributes&quot;: {
        &quot;owner&quot;: &quot;Conduct&quot;,
        &quot;stage&quot;: &quot;Construction&quot;,
        &quot;ea1&quot;: &quot;NB70P11&quot;,
        &quot;ea2&quot;: &quot;Northern Region&quot;
      }
    },
    {
      &quot;attributes&quot;: {
        &quot;owner&quot;: &quot;Conduct&quot;,
        &quot;stage&quot;: &quot;Construction&quot;,
        &quot;ea1&quot;: &quot;AS14112BH301661&quot;,
        &quot;ea2&quot;: &quot;Northern Region&quot;
      }
    },
    {
      &quot;attributes&quot;: {
        &quot;owner&quot;: &quot;Conduct&quot;,
        &quot;stage&quot;: &quot;Construction&quot;,
        &quot;ea1&quot;: &quot;AS14112BH301661&quot;,
        &quot;ea2&quot;: &quot;Northern Region&quot;
      }
    },
    {
      &quot;attributes&quot;: {
        &quot;owner&quot;: &quot;Conduct&quot;,
        &quot;stage&quot;: &quot;Construction&quot;,
        &quot;ea1&quot;: &quot;NB70P06&quot;,
        &quot;ea2&quot;: &quot;Northern Region&quot;
      }
    },
    {
      &quot;attributes&quot;: {
        &quot;owner&quot;: &quot;Conduct&quot;,
        &quot;stage&quot;: &quot;Construction&quot;,
        &quot;ea1&quot;: &quot;NB70P06&quot;,
        &quot;ea2&quot;: &quot;Northern Region&quot;
      }
    },
    {
      &quot;attributes&quot;: {
        &quot;owner&quot;: &quot;Conduct&quot;,
        &quot;stage&quot;: &quot;Construction&quot;,
        &quot;ea1&quot;: &quot;NB70P06&quot;,
        &quot;ea2&quot;: &quot;Northern Region&quot;
      }
    },
    {
      &quot;attributes&quot;: {
        &quot;owner&quot;: &quot;Conduct&quot;,
        &quot;stage&quot;: &quot;Construction&quot;,
        &quot;ea1&quot;: &quot;none&quot;,
        &quot;ea2&quot;: &quot;Northern Region&quot;
      }
    },
    {
      &quot;attributes&quot;: {
        &quot;owner&quot;: &quot;Conduct&quot;,
        &quot;stage&quot;: &quot;Construction&quot;,
        &quot;ea1&quot;: &quot;none&quot;,
        &quot;ea2&quot;: &quot;Northern Region&quot;
      }
    },
    {
      &quot;attributes&quot;: {
        &quot;owner&quot;: &quot;Conduct&quot;,
        &quot;stage&quot;: &quot;Construction&quot;,
        &quot;ea1&quot;: &quot;none&quot;,
        &quot;ea2&quot;: &quot;Northern Region&quot;
      }
    },
    {
      &quot;attributes&quot;: {
        &quot;owner&quot;: &quot;Conduct&quot;,
        &quot;stage&quot;: &quot;Construction&quot;,
        &quot;ea1&quot;: &quot;none&quot;,
        &quot;ea2&quot;: &quot;Northern Region&quot;
      }
    },
    {
      &quot;attributes&quot;: {
        &quot;owner&quot;: &quot;Conduct&quot;,
        &quot;stage&quot;: &quot;Completed&quot;,
        &quot;ea1&quot;: &quot;W70P07&quot;,
        &quot;ea2&quot;: &quot;Western Region&quot;
      }
    },
    {
      &quot;attributes&quot;: {
        &quot;owner&quot;: &quot;Conduct&quot;,
        &quot;stage&quot;: &quot;Completed&quot;,
        &quot;ea1&quot;: &quot;W70P07&quot;,
        &quot;ea2&quot;: &quot;Western Region&quot;
      }
    },
    {
      &quot;attributes&quot;: {
        &quot;owner&quot;: &quot;Conduct&quot;,
        &quot;stage&quot;: &quot;Completed&quot;,
        &quot;ea1&quot;: &quot;W70P07&quot;,
        &quot;ea2&quot;: &quot;Western Region&quot;
      }
    },
    {
      &quot;attributes&quot;: {
        &quot;owner&quot;: &quot;Conduct&quot;,
        &quot;stage&quot;: &quot;Completed&quot;,
        &quot;ea1&quot;: &quot;W70P10&quot;,
        &quot;ea2&quot;: &quot;Western Region&quot;
      }
    },
    {
      &quot;attributes&quot;: {
        &quot;owner&quot;: &quot;Conduct&quot;,
        &quot;stage&quot;: &quot;Completed&quot;,
        &quot;ea1&quot;: &quot;W50P94&quot;,
        &quot;ea2&quot;: &quot;Western Region&quot;
      }
    },
    {
      &quot;attributes&quot;: {
        &quot;owner&quot;: &quot;Conduct&quot;,
        &quot;stage&quot;: &quot;Completed&quot;,
        &quot;ea1&quot;: &quot;W70P12&quot;,
        &quot;ea2&quot;: &quot;Western Region&quot;
      }
    },
    {
      &quot;attributes&quot;: {
        &quot;owner&quot;: &quot;Conduct&quot;,
        &quot;stage&quot;: &quot;Completed&quot;,
        &quot;ea1&quot;: &quot;W70P12&quot;,
        &quot;ea2&quot;: &quot;Western Region&quot;
      }
    },
    {
      &quot;attributes&quot;: {
        &quot;owner&quot;: &quot;Conduct&quot;,
        &quot;stage&quot;: &quot;Completed&quot;,
        &quot;ea1&quot;: &quot;W70P12&quot;,
        &quot;ea2&quot;: &quot;Western Region&quot;
      }
    },
    {
      &quot;attributes&quot;: {
        &quot;owner&quot;: &quot;Conduct&quot;,
        &quot;stage&quot;: &quot;Completed&quot;,
        &quot;ea1&quot;: &quot;W70P12&quot;,
        &quot;ea2&quot;: &quot;Western Region&quot;
      }
    },
    {
      &quot;attributes&quot;: {
        &quot;owner&quot;: &quot;Conduct&quot;,
        &quot;stage&quot;: &quot;Completed&quot;,
        &quot;ea1&quot;: &quot;W70P12&quot;,
        &quot;ea2&quot;: &quot;Western Region&quot;
      }
    },
    {
      &quot;attributes&quot;: {
        &quot;owner&quot;: &quot;Conduct&quot;,
        &quot;stage&quot;: &quot;Completed&quot;,
        &quot;ea1&quot;: &quot;W70P12&quot;,
        &quot;ea2&quot;: &quot;Western Region&quot;
      }
    },
    {
      &quot;attributes&quot;: {
        &quot;owner&quot;: &quot;Conduct&quot;,
        &quot;stage&quot;: &quot;Completed&quot;,
        &quot;ea1&quot;: &quot;W70P12&quot;,
        &quot;ea2&quot;: &quot;Western Region&quot;
      }
    },
    {
      &quot;attributes&quot;: {
        &quot;owner&quot;: &quot;Conduct&quot;,
        &quot;stage&quot;: &quot;Construction&quot;,
        &quot;ea1&quot;: &quot;NB70P12&quot;,
        &quot;ea2&quot;: &quot;Northern Region&quot;
      }
    },
    {
      &quot;attributes&quot;: {
        &quot;owner&quot;: &quot;Conduct&quot;,
        &quot;stage&quot;: &quot;Completed&quot;,
        &quot;ea1&quot;: &quot;NB70P12&quot;,
        &quot;ea2&quot;: &quot;Northern Region&quot;
      }
    },
    {
      &quot;attributes&quot;: {
        &quot;owner&quot;: &quot;Conduct&quot;,
        &quot;stage&quot;: &quot;Completed&quot;,
        &quot;ea1&quot;: &quot;NB70P12&quot;,
        &quot;ea2&quot;: &quot;Northern Region&quot;
      }
    },
    {
      &quot;attributes&quot;: {
        &quot;owner&quot;: &quot;Conduct&quot;,
        &quot;stage&quot;: &quot;Completed&quot;,
        &quot;ea1&quot;: &quot;NB70P12&quot;,
        &quot;ea2&quot;: &quot;Northern Region&quot;
      }
    },
    {
      &quot;attributes&quot;: {
        &quot;owner&quot;: &quot;Conduct&quot;,
        &quot;stage&quot;: &quot;Completed&quot;,
        &quot;ea1&quot;: &quot;NB70P12&quot;,
        &quot;ea2&quot;: &quot;Northern Region&quot;
      }
    },
    {
      &quot;attributes&quot;: {
        &quot;owner&quot;: &quot;Conduct&quot;,
        &quot;stage&quot;: &quot;Completed&quot;,
        &quot;ea1&quot;: &quot;NB70P12&quot;,
        &quot;ea2&quot;: &quot;Northern Region&quot;
      }
    },
    {
      &quot;attributes&quot;: {
        &quot;owner&quot;: &quot;Conduct&quot;,
        &quot;stage&quot;: &quot;Completed&quot;,
        &quot;ea1&quot;: &quot;NB70P12&quot;,
        &quot;ea2&quot;: &quot;Northern Region&quot;
      }
    },
    {
      &quot;attributes&quot;: {
        &quot;owner&quot;: &quot;Conduct&quot;,
        &quot;stage&quot;: &quot;Construction&quot;,
        &quot;ea1&quot;: &quot;NB70P12&quot;,
        &quot;ea2&quot;: &quot;Northern Region&quot;
      }
    },
    {
      &quot;attributes&quot;: {
        &quot;owner&quot;: &quot;Conduct&quot;,
        &quot;stage&quot;: &quot;Construction&quot;,
        &quot;ea1&quot;: &quot;NB70P12&quot;,
        &quot;ea2&quot;: &quot;Northern Region&quot;
      }
    },
    {
      &quot;attributes&quot;: {
        &quot;owner&quot;: &quot;Conduct&quot;,
        &quot;stage&quot;: &quot;Completed&quot;,
        &quot;ea1&quot;: &quot;NB70P13&quot;,
        &quot;ea2&quot;: &quot;Northern Region&quot;
      }
    },
    {
      &quot;attributes&quot;: {
        &quot;owner&quot;: &quot;Conduct&quot;,
        &quot;stage&quot;: &quot;Construction&quot;,
        &quot;ea1&quot;: &quot;NB70P13&quot;,
        &quot;ea2&quot;: &quot;Northern Region&quot;
      }
    },
    {
      &quot;attributes&quot;: {
        &quot;owner&quot;: &quot;Conduct&quot;,
        &quot;stage&quot;: &quot;Completed&quot;,
        &quot;ea1&quot;: &quot;NB70P13&quot;,
        &quot;ea2&quot;: &quot;Northern Region&quot;
      }
    },
    {
      &quot;attributes&quot;: {
        &quot;owner&quot;: &quot;Conduct&quot;,
        &quot;stage&quot;: &quot;Construction&quot;,
        &quot;ea1&quot;: &quot;AS15842BA345005&quot;,
        &quot;ea2&quot;: &quot;Northern Region&quot;
      }
    },
    {
      &quot;attributes&quot;: {
        &quot;owner&quot;: &quot;Conduct&quot;,
        &quot;stage&quot;: &quot;Construction&quot;,
        &quot;ea1&quot;: &quot;AS15842GA345006&quot;,
        &quot;ea2&quot;: &quot;Northern Region&quot;
      }
    },
    {
      &quot;attributes&quot;: {
        &quot;owner&quot;: &quot;Conduct&quot;,
        &quot;stage&quot;: &quot;Completed&quot;,
        &quot;ea1&quot;: &quot;AS15841BH003572&quot;,
        &quot;ea2&quot;: &quot;Northern Region&quot;
      }
    },
    {
      &quot;attributes&quot;: {
        &quot;owner&quot;: &quot;Conduct&quot;,
        &quot;stage&quot;: &quot;Construction&quot;,
        &quot;ea1&quot;: &quot;AS15841BH003572&quot;,
        &quot;ea2&quot;: &quot;Northern Region&quot;
      }
    },
    {
      &quot;attributes&quot;: {
        &quot;owner&quot;: &quot;Conduct&quot;,
        &quot;stage&quot;: &quot;Construction&quot;,
        &quot;ea1&quot;: &quot;AS16512BH300050&quot;,
        &quot;ea2&quot;: &quot;Northern Region&quot;
      }
    },
    {
      &quot;attributes&quot;: {
        &quot;owner&quot;: &quot;Conduct&quot;,
        &quot;stage&quot;: &quot;Construction&quot;,
        &quot;ea1&quot;: &quot;AS16512BH300049&quot;,
        &quot;ea2&quot;: &quot;Northern Region&quot;
      }
    },
    {
      &quot;attributes&quot;: {
        &quot;owner&quot;: &quot;Conduct&quot;,
        &quot;stage&quot;: &quot;Completed&quot;,
        &quot;ea1&quot;: &quot;AS16339WHWST036&quot;,
        &quot;ea2&quot;: &quot;Western Region&quot;
      }
    },
    {
      &quot;attributes&quot;: {
        &quot;owner&quot;: &quot;Conduct&quot;,
        &quot;stage&quot;: &quot;Completed&quot;,
        &quot;ea1&quot;: &quot;AS16339WHWST037&quot;,
        &quot;ea2&quot;: &quot;Western Region&quot;
      }
    },
    {
      &quot;attributes&quot;: {
        &quot;owner&quot;: &quot;Conduct&quot;,
        &quot;stage&quot;: &quot;Completed&quot;,
        &quot;ea1&quot;: &quot;AS16590WHWST024&quot;,
        &quot;ea2&quot;: &quot;Western Region&quot;
      }
    },
    {
      &quot;attributes&quot;: {
        &quot;owner&quot;: &quot;Conduct&quot;,
        &quot;stage&quot;: &quot;Completed&quot;,
        &quot;ea1&quot;: &quot;AS16590WHWST025&quot;,
        &quot;ea2&quot;: &quot;Western Region&quot;
      }
    },
    {
      &quot;attributes&quot;: {
        &quot;owner&quot;: &quot;Conduct&quot;,
        &quot;stage&quot;: &quot;Completed&quot;,
        &quot;ea1&quot;: &quot;AS15673WHSTN007&quot;,
        &quot;ea2&quot;: &quot;Western Region&quot;
      }
    },
    {
      &quot;attributes&quot;: {
        &quot;owner&quot;: &quot;Conduct&quot;,
        &quot;stage&quot;: &quot;Completed&quot;,
        &quot;ea1&quot;: &quot;AS13392WHWST005&quot;,
        &quot;ea2&quot;: &quot;Western Region&quot;
      }
    },
    {
      &quot;attributes&quot;: {
        &quot;owner&quot;: &quot;Conduct&quot;,
        &quot;stage&quot;: &quot;Completed&quot;,
        &quot;ea1&quot;: &quot;AS13392WHWST006&quot;,
        &quot;ea2&quot;: &quot;Western Region&quot;
      }
    },
    {
      &quot;attributes&quot;: {
        &quot;owner&quot;: &quot;Conduct&quot;,
        &quot;stage&quot;: &quot;Construction&quot;,
        &quot;ea1&quot;: &quot;AS13547BH004091 &quot;,
        &quot;ea2&quot;: &quot;Northern Region&quot;
      }
    },
    {
      &quot;attributes&quot;: {
        &quot;owner&quot;: &quot;Conduct&quot;,
        &quot;stage&quot;: &quot;Completed&quot;,
        &quot;ea1&quot;: &quot;AS14529WH283126&quot;,
        &quot;ea2&quot;: &quot;Western Region&quot;
      }
    },
    {
      &quot;attributes&quot;: {
        &quot;owner&quot;: &quot;Conduct&quot;,
        &quot;stage&quot;: &quot;Completed&quot;,
        &quot;ea1&quot;: &quot;AS14529WH283125&quot;,
        &quot;ea2&quot;: &quot;Western Region&quot;
      }
    },
    {
      &quot;attributes&quot;: {
        &quot;owner&quot;: &quot;Conduct&quot;,
        &quot;stage&quot;: &quot;Completed&quot;,
        &quot;ea1&quot;: &quot;AS14529WH283113&quot;,
        &quot;ea2&quot;: &quot;Western Region&quot;
      }
    },
    {
      &quot;attributes&quot;: {
        &quot;owner&quot;: &quot;Conduct&quot;,
        &quot;stage&quot;: &quot;Construction&quot;,
        &quot;ea1&quot;: &quot; &quot;,
        &quot;ea2&quot;: &quot;Western Region&quot;
      }
    },
    {
      &quot;attributes&quot;: {
        &quot;owner&quot;: &quot;Conduct&quot;,
        &quot;stage&quot;: &quot;Completed&quot;,
        &quot;ea1&quot;: &quot; &quot;,
        &quot;ea2&quot;: &quot;Western Region&quot;
      }
    },
    {
      &quot;attributes&quot;: {
        &quot;owner&quot;: &quot;Conduct&quot;,
        &quot;stage&quot;: &quot;Completed&quot;,
        &quot;ea1&quot;: &quot; &quot;,
        &quot;ea2&quot;: &quot;Western Region&quot;
      }
    },
    {
      &quot;attributes&quot;: {
        &quot;owner&quot;: &quot;Conduct&quot;,
        &quot;stage&quot;: &quot;Completed&quot;,
        &quot;ea1&quot;: &quot;AS16055WSTN002&quot;,
        &quot;ea2&quot;: &quot;Western Region&quot;
      }
    },
    {
      &quot;attributes&quot;: {
        &quot;owner&quot;: &quot;Conduct&quot;,
        &quot;stage&quot;: &quot;Completed&quot;,
        &quot;ea1&quot;: &quot;W70P07&quot;,
        &quot;ea2&quot;: &quot;Western Region&quot;
      }
    },
    {
      &quot;attributes&quot;: {
        &quot;owner&quot;: &quot;Conduct&quot;,
        &quot;stage&quot;: &quot;Construction&quot;,
        &quot;ea1&quot;: &quot;AS17789BH345327 &quot;,
        &quot;ea2&quot;: &quot;Northern Region&quot;
      }
    },
    {
      &quot;attributes&quot;: {
        &quot;owner&quot;: &quot;Conduct&quot;,
        &quot;stage&quot;: &quot;Construction&quot;,
        &quot;ea1&quot;: &quot; &quot;,
        &quot;ea2&quot;: &quot;Northern Region&quot;
      }
    },
    {
      &quot;attributes&quot;: {
        &quot;owner&quot;: &quot;Conduct&quot;,
        &quot;stage&quot;: &quot;Construction&quot;,
        &quot;ea1&quot;: &quot; &quot;,
        &quot;ea2&quot;: &quot;Northern Region&quot;
      }
    },
    {
      &quot;attributes&quot;: {
        &quot;owner&quot;: &quot;Conduct&quot;,
        &quot;stage&quot;: &quot;Construction&quot;,
        &quot;ea1&quot;: &quot; &quot;,
        &quot;ea2&quot;: &quot;Northern Region&quot;
      }
    },
    {
      &quot;attributes&quot;: {
        &quot;owner&quot;: &quot;Conduct&quot;,
        &quot;stage&quot;: &quot;Completed&quot;,
        &quot;ea1&quot;: &quot;none&quot;,
        &quot;ea2&quot;: &quot;Northern Region&quot;
      }
    },
    {
      &quot;attributes&quot;: {
        &quot;owner&quot;: &quot;Conduct&quot;,
        &quot;stage&quot;: &quot;Completed&quot;,
        &quot;ea1&quot;: &quot;none&quot;,
        &quot;ea2&quot;: &quot;Northern Region&quot;
      }
    },
    {
      &quot;attributes&quot;: {
        &quot;owner&quot;: &quot;Conduct&quot;,
        &quot;stage&quot;: &quot;Completed&quot;,
        &quot;ea1&quot;: &quot;W70P07&quot;,
        &quot;ea2&quot;: &quot;Western Region&quot;
      }
    },
    {
      &quot;attributes&quot;: {
        &quot;owner&quot;: &quot;Conduct&quot;,
        &quot;stage&quot;: &quot;Completed&quot;,
        &quot;ea1&quot;: &quot;W70P07&quot;,
        &quot;ea2&quot;: &quot;Western Region&quot;
      }
    },
    {
      &quot;attributes&quot;: {
        &quot;owner&quot;: &quot;Conduct&quot;,
        &quot;stage&quot;: &quot;Completed&quot;,
        &quot;ea1&quot;: &quot;W70P07&quot;,
        &quot;ea2&quot;: &quot;Western Region&quot;
      }
    },
    {
      &quot;attributes&quot;: {
        &quot;owner&quot;: &quot;Conduct&quot;,
        &quot;stage&quot;: &quot;Completed&quot;,
        &quot;ea1&quot;: &quot;W70P10&quot;,
        &quot;ea2&quot;: &quot;Western Region&quot;
      }
    },
    {
      &quot;attributes&quot;: {
        &quot;owner&quot;: &quot;Conduct&quot;,
        &quot;stage&quot;: &quot;Completed&quot;,
        &quot;ea1&quot;: &quot;W70P10&quot;,
        &quot;ea2&quot;: &quot;Western Region&quot;
      }
    },
    {
      &quot;attributes&quot;: {
        &quot;owner&quot;: &quot;Conduct&quot;,
        &quot;stage&quot;: &quot;Completed&quot;,
        &quot;ea1&quot;: &quot;W70P07&quot;,
        &quot;ea2&quot;: &quot;Western Region&quot;
      }
    },
    {
      &quot;attributes&quot;: {
        &quot;owner&quot;: &quot;Conduct&quot;,
        &quot;stage&quot;: &quot;Completed&quot;,
        &quot;ea1&quot;: &quot;W70P07&quot;,
        &quot;ea2&quot;: &quot;Western Region&quot;
      }
    },
    {
      &quot;attributes&quot;: {
        &quot;owner&quot;: &quot;Conduct&quot;,
        &quot;stage&quot;: &quot;Completed&quot;,
        &quot;ea1&quot;: &quot;W70P07&quot;,
        &quot;ea2&quot;: &quot;Western Region&quot;
      }
    },
    {
      &quot;attributes&quot;: {
        &quot;owner&quot;: &quot;Conduct&quot;,
        &quot;stage&quot;: &quot;Completed&quot;,
        &quot;ea1&quot;: &quot;W70P07&quot;,
        &quot;ea2&quot;: &quot;Western Region&quot;
      }
    },
    {
      &quot;attributes&quot;: {
        &quot;owner&quot;: &quot;Conduct&quot;,
        &quot;stage&quot;: &quot;Completed&quot;,
        &quot;ea1&quot;: &quot;W70P07&quot;,
        &quot;ea2&quot;: &quot;Western Region&quot;
      }
    },
    {
      &quot;attributes&quot;: {
        &quot;owner&quot;: &quot;Conduct&quot;,
        &quot;stage&quot;: &quot;Completed&quot;,
        &quot;ea1&quot;: &quot;W70P07&quot;,
        &quot;ea2&quot;: &quot;Western Region&quot;
      }
    },
    {
      &quot;attributes&quot;: {
        &quot;owner&quot;: &quot;Conduct&quot;,
        &quot;stage&quot;: &quot;Completed&quot;,
        &quot;ea1&quot;: &quot;W70P07&quot;,
        &quot;ea2&quot;: &quot;Western Region&quot;
      }
    },
    {
      &quot;attributes&quot;: {
        &quot;owner&quot;: &quot;Conduct&quot;,
        &quot;stage&quot;: &quot;Completed&quot;,
        &quot;ea1&quot;: &quot;W70P07&quot;,
        &quot;ea2&quot;: &quot;Western Region&quot;
      }
    },
    {
      &quot;attributes&quot;: {
        &quot;owner&quot;: &quot;Conduct&quot;,
        &quot;stage&quot;: &quot;Completed&quot;,
        &quot;ea1&quot;: &quot;W70P07&quot;,
        &quot;ea2&quot;: &quot;Western Region&quot;
      }
    },
    {
      &quot;attributes&quot;: {
        &quot;owner&quot;: &quot;Conduct&quot;,
        &quot;stage&quot;: &quot;Completed&quot;,
        &quot;ea1&quot;: &quot;W70P07&quot;,
        &quot;ea2&quot;: &quot;Western Region&quot;
      }
    },
    {
      &quot;attributes&quot;: {
        &quot;owner&quot;: &quot;Conduct&quot;,
        &quot;stage&quot;: &quot;Completed&quot;,
        &quot;ea1&quot;: &quot;W70P07&quot;,
        &quot;ea2&quot;: &quot;Western Region&quot;
      }
    },
    {
      &quot;attributes&quot;: {
        &quot;owner&quot;: &quot;Conduct&quot;,
        &quot;stage&quot;: &quot;Completed&quot;,
        &quot;ea1&quot;: &quot;W70P07&quot;,
        &quot;ea2&quot;: &quot;Western Region&quot;
      }
    },
    {
      &quot;attributes&quot;: {
        &quot;owner&quot;: &quot;Conduct&quot;,
        &quot;stage&quot;: &quot;Completed&quot;,
        &quot;ea1&quot;: &quot;W70P07&quot;,
        &quot;ea2&quot;: &quot;Western Region&quot;
      }
    },
    {
      &quot;attributes&quot;: {
        &quot;owner&quot;: &quot;Conduct&quot;,
        &quot;stage&quot;: &quot;Completed&quot;,
        &quot;ea1&quot;: &quot;W70P12&quot;,
        &quot;ea2&quot;: &quot;Western Region&quot;
      }
    },
    {
      &quot;attributes&quot;: {
        &quot;owner&quot;: &quot;Conduct&quot;,
        &quot;stage&quot;: &quot;Completed&quot;,
        &quot;ea1&quot;: &quot;W70P07&quot;,
        &quot;ea2&quot;: &quot;Western Region&quot;
      }
    },
    {
      &quot;attributes&quot;: {
        &quot;owner&quot;: &quot;Conduct&quot;,
        &quot;stage&quot;: &quot;Completed&quot;,
        &quot;ea1&quot;: &quot;W70P07&quot;,
        &quot;ea2&quot;: &quot;Western Region&quot;
      }
    },
    {
      &quot;attributes&quot;: {
        &quot;owner&quot;: &quot;Conduct&quot;,
        &quot;stage&quot;: &quot;Completed&quot;,
        &quot;ea1&quot;: &quot;W70P07&quot;,
        &quot;ea2&quot;: &quot;Western Region&quot;
      }
    },
    {
      &quot;attributes&quot;: {
        &quot;owner&quot;: &quot;Conduct&quot;,
        &quot;stage&quot;: &quot;Completed&quot;,
        &quot;ea1&quot;: &quot;W70P07&quot;,
        &quot;ea2&quot;: &quot;Western Region&quot;
      }
    },
    {
      &quot;attributes&quot;: {
        &quot;owner&quot;: &quot;Conduct&quot;,
        &quot;stage&quot;: &quot;Completed&quot;,
        &quot;ea1&quot;: &quot;W70P07&quot;,
        &quot;ea2&quot;: &quot;Western Region&quot;
      }
    },
    {
      &quot;attributes&quot;: {
        &quot;owner&quot;: &quot;Conduct&quot;,
        &quot;stage&quot;: &quot;Completed&quot;,
        &quot;ea1&quot;: &quot;W70P09&quot;,
        &quot;ea2&quot;: &quot;Western Region&quot;
      }
    },
    {
      &quot;attributes&quot;: {
        &quot;owner&quot;: &quot;Conduct&quot;,
        &quot;stage&quot;: &quot;Completed&quot;,
        &quot;ea1&quot;: &quot;W70P07&quot;,
        &quot;ea2&quot;: &quot;Western Region&quot;
      }
    },
    {
      &quot;attributes&quot;: {
        &quot;owner&quot;: &quot;Conduct&quot;,
        &quot;stage&quot;: &quot;Completed&quot;,
        &quot;ea1&quot;: &quot;W70P07&quot;,
        &quot;ea2&quot;: &quot;Western Region&quot;
      }
    },
    {
      &quot;attributes&quot;: {
        &quot;owner&quot;: &quot;Conduct&quot;,
        &quot;stage&quot;: &quot;Completed&quot;,
        &quot;ea1&quot;: &quot;W70P07&quot;,
        &quot;ea2&quot;: &quot;Western Region&quot;
      }
    },
    {
      &quot;attributes&quot;: {
        &quot;owner&quot;: &quot;Conduct&quot;,
        &quot;stage&quot;: &quot;Construction&quot;,
        &quot;ea1&quot;: &quot;AS18824BH020320 &quot;,
        &quot;ea2&quot;: &quot;Northern Region&quot;
      }
    },
    {
      &quot;attributes&quot;: {
        &quot;owner&quot;: &quot;Conduct&quot;,
        &quot;stage&quot;: &quot;Construction&quot;,
        &quot;ea1&quot;: &quot;AS18824BH020320 &quot;,
        &quot;ea2&quot;: &quot;Northern Region&quot;
      }
    },
    {
      &quot;attributes&quot;: {
        &quot;owner&quot;: &quot;Conduct&quot;,
        &quot;stage&quot;: &quot;Construction&quot;,
        &quot;ea1&quot;: &quot; AS18859BH020320  &quot;,
        &quot;ea2&quot;: &quot;Northern Region&quot;
      }
    },
    {
      &quot;attributes&quot;: {
        &quot;owner&quot;: &quot;Conduct&quot;,
        &quot;stage&quot;: &quot;Construction&quot;,
        &quot;ea1&quot;: &quot;AS18859BH020320  &quot;,
        &quot;ea2&quot;: &quot;Northern Region&quot;
      }
    },
    {
      &quot;attributes&quot;: {
        &quot;owner&quot;: &quot;Conduct&quot;,
        &quot;stage&quot;: &quot;Completed&quot;,
        &quot;ea1&quot;: &quot;none&quot;,
        &quot;ea2&quot;: &quot;Northern Region&quot;
      }
    },
    {
      &quot;attributes&quot;: {
        &quot;owner&quot;: &quot;Conduct&quot;,
        &quot;stage&quot;: &quot;Construction&quot;,
        &quot;ea1&quot;: &quot;AS18865BH003573 &quot;,
        &quot;ea2&quot;: &quot;Northern Region&quot;
      }
    },
    {
      &quot;attributes&quot;: {
        &quot;owner&quot;: &quot;Conduct&quot;,
        &quot;stage&quot;: &quot;Completed&quot;,
        &quot;ea1&quot;: &quot;AS04048BH02117a&quot;,
        &quot;ea2&quot;: &quot;Northern Region&quot;
      }
    },
    {
      &quot;attributes&quot;: {
        &quot;owner&quot;: &quot;Conduct&quot;,
        &quot;stage&quot;: &quot;Construction&quot;,
        &quot;ea1&quot;: &quot;265 West Avenue&quot;,
        &quot;ea2&quot;: &quot;none&quot;
      }
    },
    {
      &quot;attributes&quot;: {
        &quot;owner&quot;: &quot;Conduct&quot;,
        &quot;stage&quot;: &quot;Construction&quot;,
        &quot;ea1&quot;: &quot;AS18997BH002114 &quot;,
        &quot;ea2&quot;: &quot;none&quot;
      }
    },
    {
      &quot;attributes&quot;: {
        &quot;owner&quot;: &quot;Conduct&quot;,
        &quot;stage&quot;: &quot;Construction&quot;,
        &quot;ea1&quot;: &quot;AS18997BH002114 &quot;,
        &quot;ea2&quot;: &quot;none&quot;
      }
    },
    {
      &quot;attributes&quot;: {
        &quot;owner&quot;: &quot;Conduct&quot;,
        &quot;stage&quot;: &quot;Construction&quot;,
        &quot;ea1&quot;: &quot;AS18997BH002114 &quot;,
        &quot;ea2&quot;: &quot;none&quot;
      }
    },
    {
      &quot;attributes&quot;: {
        &quot;owner&quot;: &quot;Conduct&quot;,
        &quot;stage&quot;: &quot;Construction&quot;,
        &quot;ea1&quot;: &quot;AS19003BH020318 &quot;,
        &quot;ea2&quot;: &quot;Northern Region&quot;
      }
    },
    {
      &quot;attributes&quot;: {
        &quot;owner&quot;: &quot;Conduct&quot;,
        &quot;stage&quot;: &quot;Construction&quot;,
        &quot;ea1&quot;: &quot;AS19003BH020318 &quot;,
        &quot;ea2&quot;: &quot;Northern Region&quot;
      }
    },
    {
      &quot;attributes&quot;: {
        &quot;owner&quot;: &quot;Conduct&quot;,
        &quot;stage&quot;: &quot;Construction&quot;,
        &quot;ea1&quot;: &quot;AS19003BH020318 &quot;,
        &quot;ea2&quot;: &quot;Northern Region&quot;
      }
    },
    {
      &quot;attributes&quot;: {
        &quot;owner&quot;: &quot;Conduct&quot;,
        &quot;stage&quot;: &quot;Construction&quot;,
        &quot;ea1&quot;: &quot;AS19038BH000711&quot;,
        &quot;ea2&quot;: &quot;none&quot;
      }
    },
    {
      &quot;attributes&quot;: {
        &quot;owner&quot;: &quot;Conduct&quot;,
        &quot;stage&quot;: &quot;Construction&quot;,
        &quot;ea1&quot;: &quot;AS19038BH000711&quot;,
        &quot;ea2&quot;: &quot;none&quot;
      }
    },
    {
      &quot;attributes&quot;: {
        &quot;owner&quot;: &quot;Conduct&quot;,
        &quot;stage&quot;: &quot;Construction&quot;,
        &quot;ea1&quot;: &quot;AS19038BH000711&quot;,
        &quot;ea2&quot;: &quot;none&quot;
      }
    },
    {
      &quot;attributes&quot;: {
        &quot;owner&quot;: &quot;Conduct&quot;,
        &quot;stage&quot;: &quot;Construction&quot;,
        &quot;ea1&quot;: &quot;AS19038BH000711&quot;,
        &quot;ea2&quot;: &quot;none&quot;
      }
    },
    {
      &quot;attributes&quot;: {
        &quot;owner&quot;: &quot;Conduct&quot;,
        &quot;stage&quot;: &quot;Construction&quot;,
        &quot;ea1&quot;: &quot;AS19038BH000711&quot;,
        &quot;ea2&quot;: &quot;none&quot;
      }
    },
    {
      &quot;attributes&quot;: {
        &quot;owner&quot;: &quot;Conduct&quot;,
        &quot;stage&quot;: &quot;Construction&quot;,
        &quot;ea1&quot;: &quot;AS19038BH000711&quot;,
        &quot;ea2&quot;: &quot;none&quot;
      }
    },
    {
      &quot;attributes&quot;: {
        &quot;owner&quot;: &quot;Conduct&quot;,
        &quot;stage&quot;: &quot;Construction&quot;,
        &quot;ea1&quot;: &quot;AS19038BH000711&quot;,
        &quot;ea2&quot;: &quot;none&quot;
      }
    },
    {
      &quot;attributes&quot;: {
        &quot;owner&quot;: &quot;Conduct&quot;,
        &quot;stage&quot;: &quot;Construction&quot;,
        &quot;ea1&quot;: &quot;AS19038BH000711&quot;,
        &quot;ea2&quot;: &quot;none&quot;
      }
    },
    {
      &quot;attributes&quot;: {
        &quot;owner&quot;: &quot;Conduct&quot;,
        &quot;stage&quot;: &quot;Construction&quot;,
        &quot;ea1&quot;: &quot;AS19038BH000711&quot;,
        &quot;ea2&quot;: &quot;none&quot;
      }
    },
    {
      &quot;attributes&quot;: {
        &quot;owner&quot;: &quot;Conduct&quot;,
        &quot;stage&quot;: &quot;Construction&quot;,
        &quot;ea1&quot;: &quot;AS19038BH000711&quot;,
        &quot;ea2&quot;: &quot;none&quot;
      }
    },
    {
      &quot;attributes&quot;: {
        &quot;owner&quot;: &quot;Conduct&quot;,
        &quot;stage&quot;: &quot;Construction&quot;,
        &quot;ea1&quot;: &quot;AS19038BH000711&quot;,
        &quot;ea2&quot;: &quot;none&quot;
      }
    },
    {
      &quot;attributes&quot;: {
        &quot;owner&quot;: &quot;Conduct&quot;,
        &quot;stage&quot;: &quot;Construction&quot;,
        &quot;ea1&quot;: &quot;AS19038BH000711&quot;,
        &quot;ea2&quot;: &quot;none&quot;
      }
    },
    {
      &quot;attributes&quot;: {
        &quot;owner&quot;: &quot;Conduct&quot;,
        &quot;stage&quot;: &quot;Construction&quot;,
        &quot;ea1&quot;: &quot;AS19038BH000711&quot;,
        &quot;ea2&quot;: &quot;none&quot;
      }
    },
    {
      &quot;attributes&quot;: {
        &quot;owner&quot;: &quot;Conduct&quot;,
        &quot;stage&quot;: &quot;Construction&quot;,
        &quot;ea1&quot;: &quot;AS19038BH000711&quot;,
        &quot;ea2&quot;: &quot;none&quot;
      }
    },
    {
      &quot;attributes&quot;: {
        &quot;owner&quot;: &quot;Conduct&quot;,
        &quot;stage&quot;: &quot;Construction&quot;,
        &quot;ea1&quot;: &quot;AS19041GH021466&quot;,
        &quot;ea2&quot;: &quot;none&quot;
      }
    },
    {
      &quot;attributes&quot;: {
        &quot;owner&quot;: &quot;Conduct&quot;,
        &quot;stage&quot;: &quot;Construction&quot;,
        &quot;ea1&quot;: &quot;AS19041GH021466&quot;,
        &quot;ea2&quot;: &quot;none&quot;
      }
    },
    {
      &quot;attributes&quot;: {
        &quot;owner&quot;: &quot;Conduct&quot;,
        &quot;stage&quot;: &quot;Construction&quot;,
        &quot;ea1&quot;: &quot;NB70P11&quot;,
        &quot;ea2&quot;: &quot;Northern Region&quot;
      }
    },
    {
      &quot;attributes&quot;: {
        &quot;owner&quot;: &quot;Conduct&quot;,
        &quot;stage&quot;: &quot;Construction&quot;,
        &quot;ea1&quot;: &quot;NB70P11&quot;,
        &quot;ea2&quot;: &quot;Northern Region&quot;
      }
    },
    {
      &quot;attributes&quot;: {
        &quot;owner&quot;: &quot;Conduct&quot;,
        &quot;stage&quot;: &quot;Construction&quot;,
        &quot;ea1&quot;: &quot;AS19181BH020318&quot;,
        &quot;ea2&quot;: &quot;none&quot;
      }
    },
    {
      &quot;attributes&quot;: {
        &quot;owner&quot;: &quot;Conduct&quot;,
        &quot;stage&quot;: &quot;Construction&quot;,
        &quot;ea1&quot;: &quot;AS19181BH020318&quot;,
        &quot;ea2&quot;: &quot;none&quot;
      }
    },
    {
      &quot;attributes&quot;: {
        &quot;owner&quot;: &quot;Conduct&quot;,
        &quot;stage&quot;: &quot;Construction&quot;,
        &quot;ea1&quot;: &quot;AS19199BH346870 &quot;,
        &quot;ea2&quot;: &quot;none&quot;
      }
    },
    {
      &quot;attributes&quot;: {
        &quot;owner&quot;: &quot;Conduct&quot;,
        &quot;stage&quot;: &quot;Construction&quot;,
        &quot;ea1&quot;: &quot;AS19199BH346870 &quot;,
        &quot;ea2&quot;: &quot;none&quot;
      }
    },
    {
      &quot;attributes&quot;: {
        &quot;owner&quot;: &quot;Conduct&quot;,
        &quot;stage&quot;: &quot;Construction&quot;,
        &quot;ea1&quot;: &quot;AS19199BH346870 &quot;,
        &quot;ea2&quot;: &quot;none&quot;
      }
    },
    {
      &quot;attributes&quot;: {
        &quot;owner&quot;: &quot;Conduct&quot;,
        &quot;stage&quot;: &quot;Construction&quot;,
        &quot;ea1&quot;: &quot;AS19199BH346870 &quot;,
        &quot;ea2&quot;: &quot;none&quot;
      }
    },
    {
      &quot;attributes&quot;: {
        &quot;owner&quot;: &quot;Conduct&quot;,
        &quot;stage&quot;: &quot;Construction&quot;,
        &quot;ea1&quot;: &quot;AS19199BH346870 &quot;,
        &quot;ea2&quot;: &quot;none&quot;
      }
    },
    {
      &quot;attributes&quot;: {
        &quot;owner&quot;: &quot;Conduct&quot;,
        &quot;stage&quot;: &quot;Construction&quot;,
        &quot;ea1&quot;: &quot;AS19199BH346870 &quot;,
        &quot;ea2&quot;: &quot;none&quot;
      }
    },
    {
      &quot;attributes&quot;: {
        &quot;owner&quot;: &quot;Conduct&quot;,
        &quot;stage&quot;: &quot;Construction&quot;,
        &quot;ea1&quot;: &quot;AS19199BH346870 &quot;,
        &quot;ea2&quot;: &quot;none&quot;
      }
    },
    {
      &quot;attributes&quot;: {
        &quot;owner&quot;: &quot;Conduct&quot;,
        &quot;stage&quot;: &quot;Construction&quot;,
        &quot;ea1&quot;: &quot;AS19199BH346870 &quot;,
        &quot;ea2&quot;: &quot;none&quot;
      }
    },
    {
      &quot;attributes&quot;: {
        &quot;owner&quot;: &quot;Conduct&quot;,
        &quot;stage&quot;: &quot;Construction&quot;,
        &quot;ea1&quot;: &quot; &quot;,
        &quot;ea2&quot;: &quot;Northern Region&quot;
      }
    },
    {
      &quot;attributes&quot;: {
        &quot;owner&quot;: &quot;Conduct&quot;,
        &quot;stage&quot;: &quot;Construction&quot;,
        &quot;ea1&quot;: &quot;AS19274BH021463 &quot;,
        &quot;ea2&quot;: &quot;none&quot;
      }
    },
    {
      &quot;attributes&quot;: {
        &quot;owner&quot;: &quot;Conduct&quot;,
        &quot;stage&quot;: &quot;Construction&quot;,
        &quot;ea1&quot;: &quot;AS19274BH021463 &quot;,
        &quot;ea2&quot;: &quot;none&quot;
      }
    },
    {
      &quot;attributes&quot;: {
        &quot;owner&quot;: &quot;Conduct&quot;,
        &quot;stage&quot;: &quot;Completed&quot;,
        &quot;ea1&quot;: &quot;NB70P12&quot;,
        &quot;ea2&quot;: &quot;Northern Region&quot;
      }
    },
    {
      &quot;attributes&quot;: {
        &quot;owner&quot;: &quot;Conduct&quot;,
        &quot;stage&quot;: &quot;Completed&quot;,
        &quot;ea1&quot;: &quot;NB70P12&quot;,
        &quot;ea2&quot;: &quot;Northern Region&quot;
      }
    },
    {
      &quot;attributes&quot;: {
        &quot;owner&quot;: &quot;Conduct&quot;,
        &quot;stage&quot;: &quot;Construction&quot;,
        &quot;ea1&quot;: &quot;AS19299BH024102&quot;,
        &quot;ea2&quot;: &quot;none&quot;
      }
    },
    {
      &quot;attributes&quot;: {
        &quot;owner&quot;: &quot;Conduct&quot;,
        &quot;stage&quot;: &quot;Construction&quot;,
        &quot;ea1&quot;: &quot;AS19299BH024102&quot;,
        &quot;ea2&quot;: &quot;none&quot;
      }
    },
    {
      &quot;attributes&quot;: {
        &quot;owner&quot;: &quot;Conduct&quot;,
        &quot;stage&quot;: &quot;Construction&quot;,
        &quot;ea1&quot;: &quot;NB70P11&quot;,
        &quot;ea2&quot;: &quot;Northern Region&quot;
      }
    },
    {
      &quot;attributes&quot;: {
        &quot;owner&quot;: &quot;Conduct&quot;,
        &quot;stage&quot;: &quot;Construction&quot;,
        &quot;ea1&quot;: &quot;NB70P11&quot;,
        &quot;ea2&quot;: &quot;Northern Region&quot;
      }
    },
    {
      &quot;attributes&quot;: {
        &quot;owner&quot;: &quot;Conduct&quot;,
        &quot;stage&quot;: &quot;Construction&quot;,
        &quot;ea1&quot;: &quot; &quot;,
        &quot;ea2&quot;: &quot;Northern Region&quot;
      }
    },
    {
      &quot;attributes&quot;: {
        &quot;owner&quot;: &quot;Conduct&quot;,
        &quot;stage&quot;: &quot;Construction&quot;,
        &quot;ea1&quot;: &quot; &quot;,
        &quot;ea2&quot;: &quot;Northern Region&quot;
      }
    },
    {
      &quot;attributes&quot;: {
        &quot;owner&quot;: &quot;Conduct&quot;,
        &quot;stage&quot;: &quot;Construction&quot;,
        &quot;ea1&quot;: &quot; &quot;,
        &quot;ea2&quot;: &quot;Northern Region&quot;
      }
    },
    {
      &quot;attributes&quot;: {
        &quot;owner&quot;: &quot;Conduct&quot;,
        &quot;stage&quot;: &quot;Completed&quot;,
        &quot;ea1&quot;: &quot;NB70P12&quot;,
        &quot;ea2&quot;: &quot;Northern Region&quot;
      }
    },
    {
      &quot;attributes&quot;: {
        &quot;owner&quot;: &quot;Conduct&quot;,
        &quot;stage&quot;: &quot;Completed&quot;,
        &quot;ea1&quot;: &quot;NB70P12&quot;,
        &quot;ea2&quot;: &quot;Northern Region&quot;
      }
    },
    {
      &quot;attributes&quot;: {
        &quot;owner&quot;: &quot;Conduct&quot;,
        &quot;stage&quot;: &quot;Construction&quot;,
        &quot;ea1&quot;: &quot;AS19417BH024101&quot;,
        &quot;ea2&quot;: &quot;none&quot;
      }
    },
    {
      &quot;attributes&quot;: {
        &quot;owner&quot;: &quot;Conduct&quot;,
        &quot;stage&quot;: &quot;Construction&quot;,
        &quot;ea1&quot;: &quot;AS19417BH024101&quot;,
        &quot;ea2&quot;: &quot;none&quot;
      }
    },
    {
      &quot;attributes&quot;: {
        &quot;owner&quot;: &quot;Conduct&quot;,
        &quot;stage&quot;: &quot;Completed&quot;,
        &quot;ea1&quot;: &quot;NB70P12&quot;,
        &quot;ea2&quot;: &quot;Northern Region&quot;
      }
    },
    {
      &quot;attributes&quot;: {
        &quot;owner&quot;: &quot;Conduct&quot;,
        &quot;stage&quot;: &quot;Completed&quot;,
        &quot;ea1&quot;: &quot;NB70P12&quot;,
        &quot;ea2&quot;: &quot;Northern Region&quot;
      }
    },
    {
      &quot;attributes&quot;: {
        &quot;owner&quot;: &quot;Conduct&quot;,
        &quot;stage&quot;: &quot;Completed&quot;,
        &quot;ea1&quot;: &quot;NB70P12&quot;,
        &quot;ea2&quot;: &quot;Northern Region&quot;
      }
    },
    {
      &quot;attributes&quot;: {
        &quot;owner&quot;: &quot;Conduct&quot;,
        &quot;stage&quot;: &quot;Completed&quot;,
        &quot;ea1&quot;: &quot;AS19433BH021462 &quot;,
        &quot;ea2&quot;: &quot;none&quot;
      }
    },
    {
      &quot;attributes&quot;: {
        &quot;owner&quot;: &quot;Conduct&quot;,
        &quot;stage&quot;: &quot;Completed&quot;,
        &quot;ea1&quot;: &quot;AS19433BH021462&quot;,
        &quot;ea2&quot;: &quot;none&quot;
      }
    },
    {
      &quot;attributes&quot;: {
        &quot;owner&quot;: &quot;Conduct&quot;,
        &quot;stage&quot;: &quot;Construction&quot;,
        &quot;ea1&quot;: &quot;AS19450BH004083 &quot;,
        &quot;ea2&quot;: &quot;none&quot;
      }
    },
    {
      &quot;attributes&quot;: {
        &quot;owner&quot;: &quot;Conduct&quot;,
        &quot;stage&quot;: &quot;Construction&quot;,
        &quot;ea1&quot;: &quot;AS19450BH004083 &quot;,
        &quot;ea2&quot;: &quot;none&quot;
      }
    },
    {
      &quot;attributes&quot;: {
        &quot;owner&quot;: &quot;Conduct&quot;,
        &quot;stage&quot;: &quot;Construction&quot;,
        &quot;ea1&quot;: &quot;AS19450BH004083 &quot;,
        &quot;ea2&quot;: &quot;none&quot;
      }
    },
    {
      &quot;attributes&quot;: {
        &quot;owner&quot;: &quot;Conduct&quot;,
        &quot;stage&quot;: &quot;Construction&quot;,
        &quot;ea1&quot;: &quot;AS19450BH004083 &quot;,
        &quot;ea2&quot;: &quot;none&quot;
      }
    },
    {
      &quot;attributes&quot;: {
        &quot;owner&quot;: &quot;Conduct&quot;,
        &quot;stage&quot;: &quot;Construction&quot;,
        &quot;ea1&quot;: &quot;AS19450BH004083 &quot;,
        &quot;ea2&quot;: &quot;none&quot;
      }
    },
    {
      &quot;attributes&quot;: {
        &quot;owner&quot;: &quot;Conduct&quot;,
        &quot;stage&quot;: &quot;Construction&quot;,
        &quot;ea1&quot;: &quot;AS19450BH004083 &quot;,
        &quot;ea2&quot;: &quot;none&quot;
      }
    },
    {
      &quot;attributes&quot;: {
        &quot;owner&quot;: &quot;Conduct&quot;,
        &quot;stage&quot;: &quot;Construction&quot;,
        &quot;ea1&quot;: &quot;AS19450BH004083 &quot;,
        &quot;ea2&quot;: &quot;none&quot;
      }
    },
    {
      &quot;attributes&quot;: {
        &quot;owner&quot;: &quot;Conduct&quot;,
        &quot;stage&quot;: &quot;Construction&quot;,
        &quot;ea1&quot;: &quot;AS19450BH004083 &quot;,
        &quot;ea2&quot;: &quot;none&quot;
      }
    },
    {
      &quot;attributes&quot;: {
        &quot;owner&quot;: &quot;Conduct&quot;,
        &quot;stage&quot;: &quot;Construction&quot;,
        &quot;ea1&quot;: &quot;AS20846BH070721 &quot;,
        &quot;ea2&quot;: &quot;Northern Region&quot;
      }
    },
    {
      &quot;attributes&quot;: {
        &quot;owner&quot;: &quot;Conduct&quot;,
        &quot;stage&quot;: &quot;Construction&quot;,
        &quot;ea1&quot;: &quot;AS20846BH070721 &quot;,
        &quot;ea2&quot;: &quot;Northern Region&quot;
      }
    },
    {
      &quot;attributes&quot;: {
        &quot;owner&quot;: &quot;Conduct&quot;,
        &quot;stage&quot;: &quot;Construction&quot;,
        &quot;ea1&quot;: &quot;AS20846BH070721 &quot;,
        &quot;ea2&quot;: &quot;Northern Region&quot;
      }
    },
    {
      &quot;attributes&quot;: {
        &quot;owner&quot;: &quot;Conduct&quot;,
        &quot;stage&quot;: &quot;Construction&quot;,
        &quot;ea1&quot;: &quot;AS20846BH070721 &quot;,
        &quot;ea2&quot;: &quot;Northern Region&quot;
      }
    },
    {
      &quot;attributes&quot;: {
        &quot;owner&quot;: &quot;Conduct&quot;,
        &quot;stage&quot;: &quot;Construction&quot;,
        &quot;ea1&quot;: &quot;AS20846BH070721 &quot;,
        &quot;ea2&quot;: &quot;Northern Region&quot;
      }
    },
    {
      &quot;attributes&quot;: {
        &quot;owner&quot;: &quot;Conduct&quot;,
        &quot;stage&quot;: &quot;Construction&quot;,
        &quot;ea1&quot;: &quot;AS20846BH070721 &quot;,
        &quot;ea2&quot;: &quot;Northern Region&quot;
      }
    },
    {
      &quot;attributes&quot;: {
        &quot;owner&quot;: &quot;Conduct&quot;,
        &quot;stage&quot;: &quot;Construction&quot;,
        &quot;ea1&quot;: &quot;AS20846BH070721 &quot;,
        &quot;ea2&quot;: &quot;Northern Region&quot;
      }
    },
    {
      &quot;attributes&quot;: {
        &quot;owner&quot;: &quot;Conduct&quot;,
        &quot;stage&quot;: &quot;Construction&quot;,
        &quot;ea1&quot;: &quot;AS20846BH070721 &quot;,
        &quot;ea2&quot;: &quot;Northern Region&quot;
      }
    },
    {
      &quot;attributes&quot;: {
        &quot;owner&quot;: &quot;Conduct&quot;,
        &quot;stage&quot;: &quot;Construction&quot;,
        &quot;ea1&quot;: &quot;AS20846BH070721 &quot;,
        &quot;ea2&quot;: &quot;Northern Region&quot;
      }
    },
    {
      &quot;attributes&quot;: {
        &quot;owner&quot;: &quot;Conduct&quot;,
        &quot;stage&quot;: &quot;Construction&quot;,
        &quot;ea1&quot;: &quot;AS20846BH070721 &quot;,
        &quot;ea2&quot;: &quot;Northern Region&quot;
      }
    },
    {
      &quot;attributes&quot;: {
        &quot;owner&quot;: &quot;Conduct&quot;,
        &quot;stage&quot;: &quot;Construction&quot;,
        &quot;ea1&quot;: &quot;AS20846BH070721 &quot;,
        &quot;ea2&quot;: &quot;Northern Region&quot;
      }
    },
    {
      &quot;attributes&quot;: {
        &quot;owner&quot;: &quot;Conduct&quot;,
        &quot;stage&quot;: &quot;Construction&quot;,
        &quot;ea1&quot;: &quot;AS20818BH345370 &quot;,
        &quot;ea2&quot;: &quot;none&quot;
      }
    },
    {
      &quot;attributes&quot;: {
        &quot;owner&quot;: &quot;Conduct&quot;,
        &quot;stage&quot;: &quot;Construction&quot;,
        &quot;ea1&quot;: &quot;AS20818BH345370&quot;,
        &quot;ea2&quot;: &quot;none&quot;
      }
    },
    {
      &quot;attributes&quot;: {
        &quot;owner&quot;: &quot;Conduct&quot;,
        &quot;stage&quot;: &quot;Completed&quot;,
        &quot;ea1&quot;: &quot;AS20898BH024102&quot;,
        &quot;ea2&quot;: &quot;none&quot;
      }
    },
    {
      &quot;attributes&quot;: {
        &quot;owner&quot;: &quot;Conduct&quot;,
        &quot;stage&quot;: &quot;Completed&quot;,
        &quot;ea1&quot;: &quot;AS20898BH024102 &quot;,
        &quot;ea2&quot;: &quot;none&quot;
      }
    },
    {
      &quot;attributes&quot;: {
        &quot;owner&quot;: &quot;Conduct&quot;,
        &quot;stage&quot;: &quot;Construction&quot;,
        &quot;ea1&quot;: &quot;AS20955BH000709&quot;,
        &quot;ea2&quot;: &quot;none&quot;
      }
    },
    {
      &quot;attributes&quot;: {
        &quot;owner&quot;: &quot;Conduct&quot;,
        &quot;stage&quot;: &quot;Construction&quot;,
        &quot;ea1&quot;: &quot;AS20955BH000709 &quot;,
        &quot;ea2&quot;: &quot;none&quot;
      }
    },
    {
      &quot;attributes&quot;: {
        &quot;owner&quot;: &quot;Conduct&quot;,
        &quot;stage&quot;: &quot;Completed&quot;,
        &quot;ea1&quot;: &quot;NB70P12&quot;,
        &quot;ea2&quot;: &quot;Northern Region&quot;
      }
    },
    {
      &quot;attributes&quot;: {
        &quot;owner&quot;: &quot;Conduct&quot;,
        &quot;stage&quot;: &quot;Completed&quot;,
        &quot;ea1&quot;: &quot;NB70P12&quot;,
        &quot;ea2&quot;: &quot;Northern Region&quot;
      }
    },
    {
      &quot;attributes&quot;: {
        &quot;owner&quot;: &quot;Conduct&quot;,
        &quot;stage&quot;: &quot;Completed&quot;,
        &quot;ea1&quot;: &quot;AS20969BH021463 &quot;,
        &quot;ea2&quot;: &quot;Northern Region&quot;
      }
    },
    {
      &quot;attributes&quot;: {
        &quot;owner&quot;: &quot;Conduct&quot;,
        &quot;stage&quot;: &quot;Completed&quot;,
        &quot;ea1&quot;: &quot;AS20969BH021463&quot;,
        &quot;ea2&quot;: &quot;Northern Region&quot;
      }
    },
    {
      &quot;attributes&quot;: {
        &quot;owner&quot;: &quot;Conduct&quot;,
        &quot;stage&quot;: &quot;Construction&quot;,
        &quot;ea1&quot;: &quot;NB70P13&quot;,
        &quot;ea2&quot;: &quot;Northern Region&quot;
      }
    },
    {
      &quot;attributes&quot;: {
        &quot;owner&quot;: &quot;Conduct&quot;,
        &quot;stage&quot;: &quot;Construction&quot;,
        &quot;ea1&quot;: &quot;AS21032BH024102 &quot;,
        &quot;ea2&quot;: &quot;Northern Region&quot;
      }
    },
    {
      &quot;attributes&quot;: {
        &quot;owner&quot;: &quot;Conduct&quot;,
        &quot;stage&quot;: &quot;Construction&quot;,
        &quot;ea1&quot;: &quot;AS21032BH024102 &quot;,
        &quot;ea2&quot;: &quot;Northern Region&quot;
      }
    },
    {
      &quot;attributes&quot;: {
        &quot;owner&quot;: &quot;Conduct&quot;,
        &quot;stage&quot;: &quot;Completed&quot;,
        &quot;ea1&quot;: &quot;NB70P13&quot;,
        &quot;ea2&quot;: &quot;Northern Region&quot;
      }
    },
    {
      &quot;attributes&quot;: {
        &quot;owner&quot;: &quot;Conduct&quot;,
        &quot;stage&quot;: &quot;Construction&quot;,
        &quot;ea1&quot;: &quot;ENTRY 2&quot;,
        &quot;ea2&quot;: &quot;Northern Region&quot;
      }
    },
    {
      &quot;attributes&quot;: {
        &quot;owner&quot;: &quot;Conduct&quot;,
        &quot;stage&quot;: &quot;Construction&quot;,
        &quot;ea1&quot;: &quot;AS21044BH021463 &quot;,
        &quot;ea2&quot;: &quot;Northern Region&quot;
      }
    },
    {
      &quot;attributes&quot;: {
        &quot;owner&quot;: &quot;Conduct&quot;,
        &quot;stage&quot;: &quot;Construction&quot;,
        &quot;ea1&quot;: &quot;AS21044BH021463 &quot;,
        &quot;ea2&quot;: &quot;Northern Region&quot;
      }
    },
    {
      &quot;attributes&quot;: {
        &quot;owner&quot;: &quot;Conduct&quot;,
        &quot;stage&quot;: &quot;Completed&quot;,
        &quot;ea1&quot;: &quot;NB70P13&quot;,
        &quot;ea2&quot;: &quot;Northern Region&quot;
      }
    },
    {
      &quot;attributes&quot;: {
        &quot;owner&quot;: &quot;Conduct&quot;,
        &quot;stage&quot;: &quot;Completed&quot;,
        &quot;ea1&quot;: &quot;NB70P13&quot;,
        &quot;ea2&quot;: &quot;Northern Region&quot;
      }
    },
    {
      &quot;attributes&quot;: {
        &quot;owner&quot;: &quot;Conduct&quot;,
        &quot;stage&quot;: &quot;Construction&quot;,
        &quot;ea1&quot;: &quot;AS21046BH021463 &quot;,
        &quot;ea2&quot;: &quot;Northern Region&quot;
      }
    },
    {
      &quot;attributes&quot;: {
        &quot;owner&quot;: &quot;Conduct&quot;,
        &quot;stage&quot;: &quot;Completed&quot;,
        &quot;ea1&quot;: &quot;AS21066BH001521&quot;,
        &quot;ea2&quot;: &quot;none&quot;
      }
    },
    {
      &quot;attributes&quot;: {
        &quot;owner&quot;: &quot;Conduct&quot;,
        &quot;stage&quot;: &quot;Completed&quot;,
        &quot;ea1&quot;: &quot;AS21066BH001521&quot;,
        &quot;ea2&quot;: &quot;none&quot;
      }
    },
    {
      &quot;attributes&quot;: {
        &quot;owner&quot;: &quot;Conduct&quot;,
        &quot;stage&quot;: &quot;Construction&quot;,
        &quot;ea1&quot;: &quot;AS21056BH021466 &quot;,
        &quot;ea2&quot;: &quot;Northern Region&quot;
      }
    },
    {
      &quot;attributes&quot;: {
        &quot;owner&quot;: &quot;Conduct&quot;,
        &quot;stage&quot;: &quot;Construction&quot;,
        &quot;ea1&quot;: &quot;AS21056BH021466 &quot;,
        &quot;ea2&quot;: &quot;Northern Region&quot;
      }
    },
    {
      &quot;attributes&quot;: {
        &quot;owner&quot;: &quot;Conduct&quot;,
        &quot;stage&quot;: &quot;Construction&quot;,
        &quot;ea1&quot;: &quot;AS21056BH021466 &quot;,
        &quot;ea2&quot;: &quot;Northern Region&quot;
      }
    },
    {
      &quot;attributes&quot;: {
        &quot;owner&quot;: &quot;Conduct&quot;,
        &quot;stage&quot;: &quot;Construction&quot;,
        &quot;ea1&quot;: &quot;AS21119BH000715 &quot;,
        &quot;ea2&quot;: &quot;none&quot;
      }
    },
    {
      &quot;attributes&quot;: {
        &quot;owner&quot;: &quot;Conduct&quot;,
        &quot;stage&quot;: &quot;Construction&quot;,
        &quot;ea1&quot;: &quot;AS21119BH000715&quot;,
        &quot;ea2&quot;: &quot;none&quot;
      }
    },
    {
      &quot;attributes&quot;: {
        &quot;owner&quot;: &quot;Conduct&quot;,
        &quot;stage&quot;: &quot;Construction&quot;,
        &quot;ea1&quot;: &quot;AS21282BH020321 &quot;,
        &quot;ea2&quot;: &quot;Northern Region&quot;
      }
    },
    {
      &quot;attributes&quot;: {
        &quot;owner&quot;: &quot;Conduct&quot;,
        &quot;stage&quot;: &quot;Construction&quot;,
        &quot;ea1&quot;: &quot;AS21282BH020321 &quot;,
        &quot;ea2&quot;: &quot;Northern Region&quot;
      }
    },
    {
      &quot;attributes&quot;: {
        &quot;owner&quot;: &quot;Conduct&quot;,
        &quot;stage&quot;: &quot;Construction&quot;,
        &quot;ea1&quot;: &quot;AS21315BH000712 &quot;,
        &quot;ea2&quot;: &quot;none&quot;
      }
    },
    {
      &quot;attributes&quot;: {
        &quot;owner&quot;: &quot;Conduct&quot;,
        &quot;stage&quot;: &quot;Construction&quot;,
        &quot;ea1&quot;: &quot;AS21315BH000712&quot;,
        &quot;ea2&quot;: &quot;none&quot;
      }
    },
    {
      &quot;attributes&quot;: {
        &quot;owner&quot;: &quot;Conduct&quot;,
        &quot;stage&quot;: &quot;Construction&quot;,
        &quot;ea1&quot;: &quot;AS21324BH000712 &quot;,
        &quot;ea2&quot;: &quot;Northern Region&quot;
      }
    },
    {
      &quot;attributes&quot;: {
        &quot;owner&quot;: &quot;Conduct&quot;,
        &quot;stage&quot;: &quot;Construction&quot;,
        &quot;ea1&quot;: &quot;AS21324BH000712 &quot;,
        &quot;ea2&quot;: &quot;Northern Region&quot;
      }
    },
    {
      &quot;attributes&quot;: {
        &quot;owner&quot;: &quot;Conduct&quot;,
        &quot;stage&quot;: &quot;Completed&quot;,
        &quot;ea1&quot;: &quot;AS21412BH000712&quot;,
        &quot;ea2&quot;: &quot;none&quot;
      }
    },
    {
      &quot;attributes&quot;: {
        &quot;owner&quot;: &quot;Conduct&quot;,
        &quot;stage&quot;: &quot;Completed&quot;,
        &quot;ea1&quot;: &quot;AS21412BH000713 &quot;,
        &quot;ea2&quot;: &quot;none&quot;
      }
    },
    {
      &quot;attributes&quot;: {
        &quot;owner&quot;: &quot;Conduct&quot;,
        &quot;stage&quot;: &quot;Completed&quot;,
        &quot;ea1&quot;: &quot;AS21412BH000713 &quot;,
        &quot;ea2&quot;: &quot;none&quot;
      }
    },
    {
      &quot;attributes&quot;: {
        &quot;owner&quot;: &quot;Conduct&quot;,
        &quot;stage&quot;: &quot;Completed&quot;,
        &quot;ea1&quot;: &quot;AS21412BH000713 &quot;,
        &quot;ea2&quot;: &quot;none&quot;
      }
    },
    {
      &quot;attributes&quot;: {
        &quot;owner&quot;: &quot;Conduct&quot;,
        &quot;stage&quot;: &quot;Completed&quot;,
        &quot;ea1&quot;: &quot;AS21412BH000713 &quot;,
        &quot;ea2&quot;: &quot;none&quot;
      }
    },
    {
      &quot;attributes&quot;: {
        &quot;owner&quot;: &quot;Conduct&quot;,
        &quot;stage&quot;: &quot;Construction&quot;,
        &quot;ea1&quot;: &quot; AS17440BH020321  &quot;,
        &quot;ea2&quot;: &quot;none&quot;
      }
    },
    {
      &quot;attributes&quot;: {
        &quot;owner&quot;: &quot;Conduct&quot;,
        &quot;stage&quot;: &quot;Construction&quot;,
        &quot;ea1&quot;: &quot; AS17440BH020321  &quot;,
        &quot;ea2&quot;: &quot;none&quot;
      }
    },
    {
      &quot;attributes&quot;: {
        &quot;owner&quot;: &quot;Conduct&quot;,
        &quot;stage&quot;: &quot;Construction&quot;,
        &quot;ea1&quot;: &quot;AS21537BH020300 &quot;,
        &quot;ea2&quot;: &quot;none&quot;
      }
    },
    {
      &quot;attributes&quot;: {
        &quot;owner&quot;: &quot;Conduct&quot;,
        &quot;stage&quot;: &quot;Completed&quot;,
        &quot;ea1&quot;: &quot;AS21537BH020300 &quot;,
        &quot;ea2&quot;: &quot;none&quot;
      }
    },
    {
      &quot;attributes&quot;: {
        &quot;owner&quot;: &quot;Conduct&quot;,
        &quot;stage&quot;: &quot;Completed&quot;,
        &quot;ea1&quot;: &quot;AS21564BH000715 &quot;,
        &quot;ea2&quot;: &quot;none&quot;
      }
    },
    {
      &quot;attributes&quot;: {
        &quot;owner&quot;: &quot;Conduct&quot;,
        &quot;stage&quot;: &quot;Completed&quot;,
        &quot;ea1&quot;: &quot;AS21564BH000715 &quot;,
        &quot;ea2&quot;: &quot;none&quot;
      }
    },
    {
      &quot;attributes&quot;: {
        &quot;owner&quot;: &quot;Conduct&quot;,
        &quot;stage&quot;: &quot;Construction&quot;,
        &quot;ea1&quot;: &quot;AS21567BH000710&quot;,
        &quot;ea2&quot;: &quot;Northern Region&quot;
      }
    },
    {
      &quot;attributes&quot;: {
        &quot;owner&quot;: &quot;Conduct&quot;,
        &quot;stage&quot;: &quot;Construction&quot;,
        &quot;ea1&quot;: &quot;AS21567BH000710&quot;,
        &quot;ea2&quot;: &quot;Northern Region&quot;
      }
    },
    {
      &quot;attributes&quot;: {
        &quot;owner&quot;: &quot;Conduct&quot;,
        &quot;stage&quot;: &quot;Completed&quot;,
        &quot;ea1&quot;: &quot;AS21239WHCLM016&quot;,
        &quot;ea2&quot;: &quot;Western Region&quot;
      }
    },
    {
      &quot;attributes&quot;: {
        &quot;owner&quot;: &quot;Conduct&quot;,
        &quot;stage&quot;: &quot;Completed&quot;,
        &quot;ea1&quot;: &quot;AS21561BH000713 &quot;,
        &quot;ea2&quot;: &quot;Northern Region&quot;
      }
    },
    {
      &quot;attributes&quot;: {
        &quot;owner&quot;: &quot;Conduct&quot;,
        &quot;stage&quot;: &quot;Construction&quot;,
        &quot;ea1&quot;: &quot;AS21561BH000713 &quot;,
        &quot;ea2&quot;: &quot;Northern Region&quot;
      }
    },
    {
      &quot;attributes&quot;: {
        &quot;owner&quot;: &quot;Conduct&quot;,
        &quot;stage&quot;: &quot;Completed&quot;,
        &quot;ea1&quot;: &quot;AS21561BH000713 &quot;,
        &quot;ea2&quot;: &quot;Northern Region&quot;
      }
    },
    {
      &quot;attributes&quot;: {
        &quot;owner&quot;: &quot;Conduct&quot;,
        &quot;stage&quot;: &quot;Construction&quot;,
        &quot;ea1&quot;: &quot;AS21561BH000713 &quot;,
        &quot;ea2&quot;: &quot;Northern Region&quot;
      }
    },
    {
      &quot;attributes&quot;: {
        &quot;owner&quot;: &quot;Conduct&quot;,
        &quot;stage&quot;: &quot;Construction&quot;,
        &quot;ea1&quot;: &quot;none&quot;,
        &quot;ea2&quot;: &quot;none&quot;
      }
    },
    {
      &quot;attributes&quot;: {
        &quot;owner&quot;: &quot;Conduct&quot;,
        &quot;stage&quot;: &quot;Construction&quot;,
        &quot;ea1&quot;: &quot;AS21568BH000710 &quot;,
        &quot;ea2&quot;: &quot;none&quot;
      }
    },
    {
      &quot;attributes&quot;: {
        &quot;owner&quot;: &quot;Conduct&quot;,
        &quot;stage&quot;: &quot;Construction&quot;,
        &quot;ea1&quot;: &quot;AS21568BH000710 &quot;,
        &quot;ea2&quot;: &quot;none&quot;
      }
    },
    {
      &quot;attributes&quot;: {
        &quot;owner&quot;: &quot;Conduct&quot;,
        &quot;stage&quot;: &quot;Completed&quot;,
        &quot;ea1&quot;: &quot;AS21570BH000714 &quot;,
        &quot;ea2&quot;: &quot;none&quot;
      }
    },
    {
      &quot;attributes&quot;: {
        &quot;owner&quot;: &quot;Conduct&quot;,
        &quot;stage&quot;: &quot;Completed&quot;,
        &quot;ea1&quot;: &quot;AS21570BH000714 &quot;,
        &quot;ea2&quot;: &quot;none&quot;
      }
    },
    {
      &quot;attributes&quot;: {
        &quot;owner&quot;: &quot;Conduct&quot;,
        &quot;stage&quot;: &quot;Completed&quot;,
        &quot;ea1&quot;: &quot;AS21578BH345369 &quot;,
        &quot;ea2&quot;: &quot;none&quot;
      }
    },
    {
      &quot;attributes&quot;: {
        &quot;owner&quot;: &quot;Conduct&quot;,
        &quot;stage&quot;: &quot;Completed&quot;,
        &quot;ea1&quot;: &quot;AS21578BH345369 &quot;,
        &quot;ea2&quot;: &quot;none&quot;
      }
    },
    {
      &quot;attributes&quot;: {
        &quot;owner&quot;: &quot;Conduct&quot;,
        &quot;stage&quot;: &quot;Completed&quot;,
        &quot;ea1&quot;: &quot;none&quot;,
        &quot;ea2&quot;: &quot;none&quot;
      }
    },
    {
      &quot;attributes&quot;: {
        &quot;owner&quot;: &quot;Conduct&quot;,
        &quot;stage&quot;: &quot;Completed&quot;,
        &quot;ea1&quot;: &quot;AS21576GA354032 &quot;,
        &quot;ea2&quot;: &quot;none&quot;
      }
    },
    {
      &quot;attributes&quot;: {
        &quot;owner&quot;: &quot;Conduct&quot;,
        &quot;stage&quot;: &quot;Construction&quot;,
        &quot;ea1&quot;: &quot;none&quot;,
        &quot;ea2&quot;: &quot;none&quot;
      }
    },
    {
      &quot;attributes&quot;: {
        &quot;owner&quot;: &quot;Conduct&quot;,
        &quot;stage&quot;: &quot;Construction&quot;,
        &quot;ea1&quot;: &quot;AS21576GH070714 &quot;,
        &quot;ea2&quot;: &quot;Northern Region&quot;
      }
    },
    {
      &quot;attributes&quot;: {
        &quot;owner&quot;: &quot;Conduct&quot;,
        &quot;stage&quot;: &quot;Completed&quot;,
        &quot;ea1&quot;: &quot;AS21580BH020399 &quot;,
        &quot;ea2&quot;: &quot;none&quot;
      }
    },
    {
      &quot;attributes&quot;: {
        &quot;owner&quot;: &quot;Conduct&quot;,
        &quot;stage&quot;: &quot;Completed&quot;,
        &quot;ea1&quot;: &quot;AS21580BH020399 &quot;,
        &quot;ea2&quot;: &quot;none&quot;
      }
    },
    {
      &quot;attributes&quot;: {
        &quot;owner&quot;: &quot;Conduct&quot;,
        &quot;stage&quot;: &quot;Construction&quot;,
        &quot;ea1&quot;: &quot;AS21570BH000714 &quot;,
        &quot;ea2&quot;: &quot;Northern Region&quot;
      }
    },
    {
      &quot;attributes&quot;: {
        &quot;owner&quot;: &quot;Conduct&quot;,
        &quot;stage&quot;: &quot;Construction&quot;,
        &quot;ea1&quot;: &quot;AS21570BH000714 &quot;,
        &quot;ea2&quot;: &quot;Northern Region&quot;
      }
    },
    {
      &quot;attributes&quot;: {
        &quot;owner&quot;: &quot;Conduct&quot;,
        &quot;stage&quot;: &quot;Construction&quot;,
        &quot;ea1&quot;: &quot;AS21570BH000714 &quot;,
        &quot;ea2&quot;: &quot;Northern Region&quot;
      }
    },
    {
      &quot;attributes&quot;: {
        &quot;owner&quot;: &quot;Conduct&quot;,
        &quot;stage&quot;: &quot;Construction&quot;,
        &quot;ea1&quot;: &quot;AS21582GH070712 &quot;,
        &quot;ea2&quot;: &quot;Northern Region&quot;
      }
    },
    {
      &quot;attributes&quot;: {
        &quot;owner&quot;: &quot;Conduct&quot;,
        &quot;stage&quot;: &quot;Construction&quot;,
        &quot;ea1&quot;: &quot;AS21582GH070712 &quot;,
        &quot;ea2&quot;: &quot;Northern Region&quot;
      }
    },
    {
      &quot;attributes&quot;: {
        &quot;owner&quot;: &quot;Conduct&quot;,
        &quot;stage&quot;: &quot;Completed&quot;,
        &quot;ea1&quot;: &quot;AS21590GH070728 &quot;,
        &quot;ea2&quot;: &quot;none&quot;
      }
    },
    {
      &quot;attributes&quot;: {
        &quot;owner&quot;: &quot;Conduct&quot;,
        &quot;stage&quot;: &quot;Completed&quot;,
        &quot;ea1&quot;: &quot;AS21590GH070728 &quot;,
        &quot;ea2&quot;: &quot;none&quot;
      }
    },
    {
      &quot;attributes&quot;: {
        &quot;owner&quot;: &quot;Conduct&quot;,
        &quot;stage&quot;: &quot;Completed&quot;,
        &quot;ea1&quot;: &quot;AS21598BH000711&quot;,
        &quot;ea2&quot;: &quot;none&quot;
      }
    },
    {
      &quot;attributes&quot;: {
        &quot;owner&quot;: &quot;Conduct&quot;,
        &quot;stage&quot;: &quot;Completed&quot;,
        &quot;ea1&quot;: &quot;AS21598BH000711&quot;,
        &quot;ea2&quot;: &quot;none&quot;
      }
    },
    {
      &quot;attributes&quot;: {
        &quot;owner&quot;: &quot;Conduct&quot;,
        &quot;stage&quot;: &quot;Completed&quot;,
        &quot;ea1&quot;: &quot; AS21598BH000711 &quot;,
        &quot;ea2&quot;: &quot;none&quot;
      }
    },
    {
      &quot;attributes&quot;: {
        &quot;owner&quot;: &quot;Conduct&quot;,
        &quot;stage&quot;: &quot;Completed&quot;,
        &quot;ea1&quot;: &quot; AS21598BH000711 &quot;,
        &quot;ea2&quot;: &quot;none&quot;
      }
    },
    {
      &quot;attributes&quot;: {
        &quot;owner&quot;: &quot;Conduct&quot;,
        &quot;stage&quot;: &quot;Completed&quot;,
        &quot;ea1&quot;: &quot;AS21633BH024494 &quot;,
        &quot;ea2&quot;: &quot;none&quot;
      }
    },
    {
      &quot;attributes&quot;: {
        &quot;owner&quot;: &quot;Conduct&quot;,
        &quot;stage&quot;: &quot;Completed&quot;,
        &quot;ea1&quot;: &quot;AS21633BH024494 &quot;,
        &quot;ea2&quot;: &quot;none&quot;
      }
    },
    {
      &quot;attributes&quot;: {
        &quot;owner&quot;: &quot;Conduct&quot;,
        &quot;stage&quot;: &quot;Completed&quot;,
        &quot;ea1&quot;: &quot;AS21739BH001521 &quot;,
        &quot;ea2&quot;: &quot;Northern Region&quot;
      }
    },
    {
      &quot;attributes&quot;: {
        &quot;owner&quot;: &quot;Conduct&quot;,
        &quot;stage&quot;: &quot;Completed&quot;,
        &quot;ea1&quot;: &quot;AS21636BH001521 &quot;,
        &quot;ea2&quot;: &quot;none&quot;
      }
    },
    {
      &quot;attributes&quot;: {
        &quot;owner&quot;: &quot;Conduct&quot;,
        &quot;stage&quot;: &quot;Completed&quot;,
        &quot;ea1&quot;: &quot;AS21756BH001521 &quot;,
        &quot;ea2&quot;: &quot;Northern Region&quot;
      }
    },
    {
      &quot;attributes&quot;: {
        &quot;owner&quot;: &quot;Conduct&quot;,
        &quot;stage&quot;: &quot;Completed&quot;,
        &quot;ea1&quot;: &quot;AS21756BH001521 &quot;,
        &quot;ea2&quot;: &quot;Northern Region&quot;
      }
    },
    {
      &quot;attributes&quot;: {
        &quot;owner&quot;: &quot;Conduct&quot;,
        &quot;stage&quot;: &quot;Construction&quot;,
        &quot;ea1&quot;: &quot;AS21756BH001521 &quot;,
        &quot;ea2&quot;: &quot;Northern Region&quot;
      }
    },
    {
      &quot;attributes&quot;: {
        &quot;owner&quot;: &quot;Conduct&quot;,
        &quot;stage&quot;: &quot;Completed&quot;,
        &quot;ea1&quot;: &quot;AS21756BH001521 &quot;,
        &quot;ea2&quot;: &quot;Northern Region&quot;
      }
    },
    {
      &quot;attributes&quot;: {
        &quot;owner&quot;: &quot;Conduct&quot;,
        &quot;stage&quot;: &quot;Completed&quot;,
        &quot;ea1&quot;: &quot;AS21756BH001521 &quot;,
        &quot;ea2&quot;: &quot;Northern Region&quot;
      }
    },
    {
      &quot;attributes&quot;: {
        &quot;owner&quot;: &quot;Conduct&quot;,
        &quot;stage&quot;: &quot;Construction&quot;,
        &quot;ea1&quot;: &quot;AS21756BH001521 &quot;,
        &quot;ea2&quot;: &quot;Northern Region&quot;
      }
    },
    {
      &quot;attributes&quot;: {
        &quot;owner&quot;: &quot;Conduct&quot;,
        &quot;stage&quot;: &quot;Construction&quot;,
        &quot;ea1&quot;: &quot;AS21969BH004093 &quot;,
        &quot;ea2&quot;: &quot;Northern Region&quot;
      }
    },
    {
      &quot;attributes&quot;: {
        &quot;owner&quot;: &quot;Conduct&quot;,
        &quot;stage&quot;: &quot;Construction&quot;,
        &quot;ea1&quot;: &quot;AS21969BH004093 &quot;,
        &quot;ea2&quot;: &quot;Northern Region&quot;
      }
    },
    {
      &quot;attributes&quot;: {
        &quot;owner&quot;: &quot;Conduct&quot;,
        &quot;stage&quot;: &quot;Construction&quot;,
        &quot;ea1&quot;: &quot;AS21969BH004093&quot;,
        &quot;ea2&quot;: &quot;Northern Region&quot;
      }
    },
    {
      &quot;attributes&quot;: {
        &quot;owner&quot;: &quot;Conduct&quot;,
        &quot;stage&quot;: &quot;Completed&quot;,
        &quot;ea1&quot;: &quot;AS22436BH000714 &quot;,
        &quot;ea2&quot;: &quot;Northern Region&quot;
      }
    },
    {
      &quot;attributes&quot;: {
        &quot;owner&quot;: &quot;Conduct&quot;,
        &quot;stage&quot;: &quot;Completed&quot;,
        &quot;ea1&quot;: &quot;VS00009GH000182&quot;,
        &quot;ea2&quot;: &quot;Northern Region&quot;
      }
    },
    {
      &quot;attributes&quot;: {
        &quot;owner&quot;: &quot;Conduct&quot;,
        &quot;stage&quot;: &quot;Completed&quot;,
        &quot;ea1&quot;: &quot;AS22907WCH-TNP053&quot;,
        &quot;ea2&quot;: &quot;Western Region&quot;
      }
    },
    {
      &quot;attributes&quot;: {
        &quot;owner&quot;: &quot;Conduct&quot;,
        &quot;stage&quot;: &quot;Completed&quot;,
        &quot;ea1&quot;: &quot;AS22907WCH-TNP052&quot;,
        &quot;ea2&quot;: &quot;Western Region&quot;
      }
    },
    {
      &quot;attributes&quot;: {
        &quot;owner&quot;: &quot;Conduct&quot;,
        &quot;stage&quot;: &quot;Completed&quot;,
        &quot;ea1&quot;: &quot;AS23245WHTNP023&quot;,
        &quot;ea2&quot;: &quot;Western Region&quot;
      }
    },
    {
      &quot;attributes&quot;: {
        &quot;owner&quot;: &quot;Conduct&quot;,
        &quot;stage&quot;: &quot;Completed&quot;,
        &quot;ea1&quot;: &quot;AS23245WHTNP022&quot;,
        &quot;ea2&quot;: &quot;Western Region&quot;
      }
    },
    {
      &quot;attributes&quot;: {
        &quot;owner&quot;: &quot;Conduct&quot;,
        &quot;stage&quot;: &quot;Completed&quot;,
        &quot;ea1&quot;: &quot;AS25132WHTNP027&quot;,
        &quot;ea2&quot;: &quot;Western Region&quot;
      }
    },
    {
      &quot;attributes&quot;: {
        &quot;owner&quot;: &quot;Conduct&quot;,
        &quot;stage&quot;: &quot;Completed&quot;,
        &quot;ea1&quot;: &quot;AS25132WHTNP031&quot;,
        &quot;ea2&quot;: &quot;Western Region&quot;
      }
    },
    {
      &quot;attributes&quot;: {
        &quot;owner&quot;: &quot;Conduct&quot;,
        &quot;stage&quot;: &quot;Completed&quot;,
        &quot;ea1&quot;: &quot;AS25141WCHWST028&quot;,
        &quot;ea2&quot;: &quot;Western Region&quot;
      }
    },
    {
      &quot;attributes&quot;: {
        &quot;owner&quot;: &quot;Conduct&quot;,
        &quot;stage&quot;: &quot;Completed&quot;,
        &quot;ea1&quot;: &quot;AS25141WCHWST027&quot;,
        &quot;ea2&quot;: &quot;Western Region&quot;
      }
    },
    {
      &quot;attributes&quot;: {
        &quot;owner&quot;: &quot;Conduct&quot;,
        &quot;stage&quot;: &quot;Completed&quot;,
        &quot;ea1&quot;: &quot;AS14609WCH-WST-016&quot;,
        &quot;ea2&quot;: &quot;Western Region&quot;
      }
    },
    {
      &quot;attributes&quot;: {
        &quot;owner&quot;: &quot;Conduct&quot;,
        &quot;stage&quot;: &quot;Completed&quot;,
        &quot;ea1&quot;: &quot;AS23396WHSTN005&quot;,
        &quot;ea2&quot;: &quot;Western Region&quot;
      }
    },
    {
      &quot;attributes&quot;: {
        &quot;owner&quot;: &quot;Conduct&quot;,
        &quot;stage&quot;: &quot;Completed&quot;,
        &quot;ea1&quot;: &quot;AS23396WHSTN004&quot;,
        &quot;ea2&quot;: &quot;Western Region&quot;
      }
    },
    {
      &quot;attributes&quot;: {
        &quot;owner&quot;: &quot;Conduct&quot;,
        &quot;stage&quot;: &quot;Completed&quot;,
        &quot;ea1&quot;: &quot;AS13392WHWST006&quot;,
        &quot;ea2&quot;: &quot;Western Region&quot;
      }
    },
    {
      &quot;attributes&quot;: {
        &quot;owner&quot;: &quot;Conduct&quot;,
        &quot;stage&quot;: &quot;Construction&quot;,
        &quot;ea1&quot;: &quot;AS19299BH024102&quot;,
        &quot;ea2&quot;: &quot;none&quot;
      }
    },
    {
      &quot;attributes&quot;: {
        &quot;owner&quot;: &quot;Conduct&quot;,
        &quot;stage&quot;: &quot;Completed&quot;,
        &quot;ea1&quot;: &quot;Safari Mall&quot;,
        &quot;ea2&quot;: &quot;Gauteng South&quot;
      }
    },
    {
      &quot;attributes&quot;: {
        &quot;owner&quot;: &quot;Conduct&quot;,
        &quot;stage&quot;: &quot;Completed&quot;,
        &quot;ea1&quot;: &quot;AS25075WHTNP039&quot;,
        &quot;ea2&quot;: &quot;Western Region&quot;
      }
    },
    {
      &quot;attributes&quot;: {
        &quot;owner&quot;: &quot;Conduct&quot;,
        &quot;stage&quot;: &quot;Completed&quot;,
        &quot;ea1&quot;: &quot;AS25075WHTNP020&quot;,
        &quot;ea2&quot;: &quot;Western Region&quot;
      }
    },
    {
      &quot;attributes&quot;: {
        &quot;owner&quot;: &quot;Conduct&quot;,
        &quot;stage&quot;: &quot;Completed&quot;,
        &quot;ea1&quot;: &quot;G70P58&quot;,
        &quot;ea2&quot;: &quot;Gauteng South&quot;
      }
    },
    {
      &quot;attributes&quot;: {
        &quot;owner&quot;: &quot;Conduct&quot;,
        &quot;stage&quot;: &quot;Completed&quot;,
        &quot;ea1&quot;: &quot;G70P23&quot;,
        &quot;ea2&quot;: &quot;Gauteng South&quot;
      }
    },
    {
      &quot;attributes&quot;: {
        &quot;owner&quot;: &quot;Conduct&quot;,
        &quot;stage&quot;: &quot;Completed&quot;,
        &quot;ea1&quot;: &quot;G70P57&quot;,
        &quot;ea2&quot;: &quot;Gauteng South&quot;
      }
    },
    {
      &quot;attributes&quot;: {
        &quot;owner&quot;: &quot;Conduct&quot;,
        &quot;stage&quot;: &quot;Completed&quot;,
        &quot;ea1&quot;: &quot;G70P57&quot;,
        &quot;ea2&quot;: &quot;Gauteng South&quot;
      }
    },
    {
      &quot;attributes&quot;: {
        &quot;owner&quot;: &quot;Conduct&quot;,
        &quot;stage&quot;: &quot;Completed&quot;,
        &quot;ea1&quot;: &quot;G70P57&quot;,
        &quot;ea2&quot;: &quot;Gauteng South&quot;
      }
    },
    {
      &quot;attributes&quot;: {
        &quot;owner&quot;: &quot;Conduct&quot;,
        &quot;stage&quot;: &quot;Completed&quot;,
        &quot;ea1&quot;: &quot;G70P57&quot;,
        &quot;ea2&quot;: &quot;Gauteng South&quot;
      }
    },
    {
      &quot;attributes&quot;: {
        &quot;owner&quot;: &quot;Conduct&quot;,
        &quot;stage&quot;: &quot;Completed&quot;,
        &quot;ea1&quot;: &quot;G70P56&quot;,
        &quot;ea2&quot;: &quot;Gauteng South&quot;
      }
    },
    {
      &quot;attributes&quot;: {
        &quot;owner&quot;: &quot;Conduct&quot;,
        &quot;stage&quot;: &quot;Completed&quot;,
        &quot;ea1&quot;: &quot;G70P56&quot;,
        &quot;ea2&quot;: &quot;Gauteng South&quot;
      }
    },
    {
      &quot;attributes&quot;: {
        &quot;owner&quot;: &quot;Conduct&quot;,
        &quot;stage&quot;: &quot;Completed&quot;,
        &quot;ea1&quot;: &quot;G70P56&quot;,
        &quot;ea2&quot;: &quot;Gauteng South&quot;
      }
    },
    {
      &quot;attributes&quot;: {
        &quot;owner&quot;: &quot;Conduct&quot;,
        &quot;stage&quot;: &quot;Completed&quot;,
        &quot;ea1&quot;: &quot;G70P56&quot;,
        &quot;ea2&quot;: &quot;Gauteng South&quot;
      }
    },
    {
      &quot;attributes&quot;: {
        &quot;owner&quot;: &quot;Conduct&quot;,
        &quot;stage&quot;: &quot;Completed&quot;,
        &quot;ea1&quot;: &quot;G70P55&quot;,
        &quot;ea2&quot;: &quot;Gauteng South&quot;
      }
    },
    {
      &quot;attributes&quot;: {
        &quot;owner&quot;: &quot;Conduct&quot;,
        &quot;stage&quot;: &quot;Completed&quot;,
        &quot;ea1&quot;: &quot;G70P55&quot;,
        &quot;ea2&quot;: &quot;Gauteng South&quot;
      }
    },
    {
      &quot;attributes&quot;: {
        &quot;owner&quot;: &quot;Conduct&quot;,
        &quot;stage&quot;: &quot;Completed&quot;,
        &quot;ea1&quot;: &quot;AS14686WCH-WST-028&quot;,
        &quot;ea2&quot;: &quot;Western Region&quot;
      }
    },
    {
      &quot;attributes&quot;: {
        &quot;owner&quot;: &quot;Conduct&quot;,
        &quot;stage&quot;: &quot;Completed&quot;,
        &quot;ea1&quot;: &quot;AS14664WCH-WST-037&quot;,
        &quot;ea2&quot;: &quot;Western Region&quot;
      }
    },
    {
      &quot;attributes&quot;: {
        &quot;owner&quot;: &quot;Conduct&quot;,
        &quot;stage&quot;: &quot;Completed&quot;,
        &quot;ea1&quot;: &quot;AS14664WCH-WST-033&quot;,
        &quot;ea2&quot;: &quot;Western Region&quot;
      }
    },
    {
      &quot;attributes&quot;: {
        &quot;owner&quot;: &quot;Conduct&quot;,
        &quot;stage&quot;: &quot;Completed&quot;,
        &quot;ea1&quot;: &quot;G70P01&quot;,
        &quot;ea2&quot;: &quot;Gauteng South&quot;
      }
    },
    {
      &quot;attributes&quot;: {
        &quot;owner&quot;: &quot;Conduct&quot;,
        &quot;stage&quot;: &quot;Completed&quot;,
        &quot;ea1&quot;: &quot;G70P01&quot;,
        &quot;ea2&quot;: &quot;Gauteng South&quot;
      }
    },
    {
      &quot;attributes&quot;: {
        &quot;owner&quot;: &quot;Conduct&quot;,
        &quot;stage&quot;: &quot;Completed&quot;,
        &quot;ea1&quot;: &quot;none&quot;,
        &quot;ea2&quot;: &quot;Gauteng South&quot;
      }
    },
    {
      &quot;attributes&quot;: {
        &quot;owner&quot;: &quot;Conduct&quot;,
        &quot;stage&quot;: &quot;Completed&quot;,
        &quot;ea1&quot;: &quot;AS03171GH000617&quot;,
        &quot;ea2&quot;: &quot;Gauteng South&quot;
      }
    },
    {
      &quot;attributes&quot;: {
        &quot;owner&quot;: &quot;Conduct&quot;,
        &quot;stage&quot;: &quot;Completed&quot;,
        &quot;ea1&quot;: &quot;AS14531WCH-WST-022&quot;,
        &quot;ea2&quot;: &quot;Western Region&quot;
      }
    },
    {
      &quot;attributes&quot;: {
        &quot;owner&quot;: &quot;Conduct&quot;,
        &quot;stage&quot;: &quot;Completed&quot;,
        &quot;ea1&quot;: &quot;AS14531WCH-WST-021&quot;,
        &quot;ea2&quot;: &quot;Western Region&quot;
      }
    },
    {
      &quot;attributes&quot;: {
        &quot;owner&quot;: &quot;Conduct&quot;,
        &quot;stage&quot;: &quot;Completed&quot;,
        &quot;ea1&quot;: &quot;AS27079GH347418&quot;,
        &quot;ea2&quot;: &quot;Gauteng South&quot;
      }
    },
    {
      &quot;attributes&quot;: {
        &quot;owner&quot;: &quot;Conduct&quot;,
        &quot;stage&quot;: &quot;Completed&quot;,
        &quot;ea1&quot;: &quot;AS14661WCHWST40&quot;,
        &quot;ea2&quot;: &quot;Western Region&quot;
      }
    },
    {
      &quot;attributes&quot;: {
        &quot;owner&quot;: &quot;Conduct&quot;,
        &quot;stage&quot;: &quot;Completed&quot;,
        &quot;ea1&quot;: &quot;G70P01&quot;,
        &quot;ea2&quot;: &quot;Gauteng South&quot;
      }
    },
    {
      &quot;attributes&quot;: {
        &quot;owner&quot;: &quot;Conduct&quot;,
        &quot;stage&quot;: &quot;Completed&quot;,
        &quot;ea1&quot;: &quot;AS25156WHTNP24&quot;,
        &quot;ea2&quot;: &quot;Western Region&quot;
      }
    },
    {
      &quot;attributes&quot;: {
        &quot;owner&quot;: &quot;Conduct&quot;,
        &quot;stage&quot;: &quot;Completed&quot;,
        &quot;ea1&quot;: &quot;AS25156WHTNP24&quot;,
        &quot;ea2&quot;: &quot;Western Region&quot;
      }
    },
    {
      &quot;attributes&quot;: {
        &quot;owner&quot;: &quot;Conduct&quot;,
        &quot;stage&quot;: &quot;Construction&quot;,
        &quot;ea1&quot;: &quot;none&quot;,
        &quot;ea2&quot;: &quot;Northern Region&quot;
      }
    },
    {
      &quot;attributes&quot;: {
        &quot;owner&quot;: &quot;Conduct&quot;,
        &quot;stage&quot;: &quot;Completed&quot;,
        &quot;ea1&quot;: &quot;AS13945BA345051&quot;,
        &quot;ea2&quot;: &quot;Northern Region&quot;
      }
    },
    {
      &quot;attributes&quot;: {
        &quot;owner&quot;: &quot;Conduct&quot;,
        &quot;stage&quot;: &quot;Completed&quot;,
        &quot;ea1&quot;: &quot;AS13945BA345051&quot;,
        &quot;ea2&quot;: &quot;Northern Region&quot;
      }
    },
    {
      &quot;attributes&quot;: {
        &quot;owner&quot;: &quot;Conduct&quot;,
        &quot;stage&quot;: &quot;Completed&quot;,
        &quot;ea1&quot;: &quot;G70P01&quot;,
        &quot;ea2&quot;: &quot;Gauteng South&quot;
      }
    },
    {
      &quot;attributes&quot;: {
        &quot;owner&quot;: &quot;Conduct&quot;,
        &quot;stage&quot;: &quot;Completed&quot;,
        &quot;ea1&quot;: &quot;AS03171GH000618&quot;,
        &quot;ea2&quot;: &quot;Gauteng South&quot;
      }
    },
    {
      &quot;attributes&quot;: {
        &quot;owner&quot;: &quot;Conduct&quot;,
        &quot;stage&quot;: &quot;Completed&quot;,
        &quot;ea1&quot;: &quot;AS14685WCHWST26 &quot;,
        &quot;ea2&quot;: &quot;Western Region&quot;
      }
    },
    {
      &quot;attributes&quot;: {
        &quot;owner&quot;: &quot;Conduct&quot;,
        &quot;stage&quot;: &quot;Completed&quot;,
        &quot;ea1&quot;: &quot;AS14685WCHWST27&quot;,
        &quot;ea2&quot;: &quot;Western Region&quot;
      }
    },
    {
      &quot;attributes&quot;: {
        &quot;owner&quot;: &quot;Conduct&quot;,
        &quot;stage&quot;: &quot;Completed&quot;,
        &quot;ea1&quot;: &quot;8A MELLIS&quot;,
        &quot;ea2&quot;: &quot;Gauteng South&quot;
      }
    },
    {
      &quot;attributes&quot;: {
        &quot;owner&quot;: &quot;Conduct&quot;,
        &quot;stage&quot;: &quot;Completed&quot;,
        &quot;ea1&quot;: &quot;AS14688WHWST019&quot;,
        &quot;ea2&quot;: &quot;Western Region&quot;
      }
    },
    {
      &quot;attributes&quot;: {
        &quot;owner&quot;: &quot;Conduct&quot;,
        &quot;stage&quot;: &quot;Completed&quot;,
        &quot;ea1&quot;: &quot;AS14688WHWST018&quot;,
        &quot;ea2&quot;: &quot;Western Region&quot;
      }
    },
    {
      &quot;attributes&quot;: {
        &quot;owner&quot;: &quot;Conduct&quot;,
        &quot;stage&quot;: &quot;Completed&quot;,
        &quot;ea1&quot;: &quot;AS14735WHWST013&quot;,
        &quot;ea2&quot;: &quot;Western Region&quot;
      }
    },
    {
      &quot;attributes&quot;: {
        &quot;owner&quot;: &quot;Conduct&quot;,
        &quot;stage&quot;: &quot;Completed&quot;,
        &quot;ea1&quot;: &quot;AS14735WHWST013&quot;,
        &quot;ea2&quot;: &quot;Western Region&quot;
      }
    },
    {
      &quot;attributes&quot;: {
        &quot;owner&quot;: &quot;Conduct&quot;,
        &quot;stage&quot;: &quot;Completed&quot;,
        &quot;ea1&quot;: &quot;AS14534WHWST025&quot;,
        &quot;ea2&quot;: &quot;Western Region&quot;
      }
    },
    {
      &quot;attributes&quot;: {
        &quot;owner&quot;: &quot;Conduct&quot;,
        &quot;stage&quot;: &quot;Completed&quot;,
        &quot;ea1&quot;: &quot;AS14534WHWST021&quot;,
        &quot;ea2&quot;: &quot;Western Region&quot;
      }
    },
    {
      &quot;attributes&quot;: {
        &quot;owner&quot;: &quot;Conduct&quot;,
        &quot;stage&quot;: &quot;Completed&quot;,
        &quot;ea1&quot;: &quot;AS14470WHWST010&quot;,
        &quot;ea2&quot;: &quot;Western Region&quot;
      }
    },
    {
      &quot;attributes&quot;: {
        &quot;owner&quot;: &quot;Conduct&quot;,
        &quot;stage&quot;: &quot;Completed&quot;,
        &quot;ea1&quot;: &quot;AS15673WHSTN006&quot;,
        &quot;ea2&quot;: &quot;Western Region&quot;
      }
    },
    {
      &quot;attributes&quot;: {
        &quot;owner&quot;: &quot;Conduct&quot;,
        &quot;stage&quot;: &quot;Completed&quot;,
        &quot;ea1&quot;: &quot;AS15673WHSTN006&quot;,
        &quot;ea2&quot;: &quot;Western Region&quot;
      }
    },
    {
      &quot;attributes&quot;: {
        &quot;owner&quot;: &quot;Conduct&quot;,
        &quot;stage&quot;: &quot;Completed&quot;,
        &quot;ea1&quot;: &quot;48 Wierda Road&quot;,
        &quot;ea2&quot;: &quot;Gauteng South&quot;
      }
    },
    {
      &quot;attributes&quot;: {
        &quot;owner&quot;: &quot;Conduct&quot;,
        &quot;stage&quot;: &quot;Completed&quot;,
        &quot;ea1&quot;: &quot;48 Wierda Road&quot;,
        &quot;ea2&quot;: &quot;Gauteng South&quot;
      }
    },
    {
      &quot;attributes&quot;: {
        &quot;owner&quot;: &quot;Conduct&quot;,
        &quot;stage&quot;: &quot;Completed&quot;,
        &quot;ea1&quot;: &quot;AS27079GH34717&quot;,
        &quot;ea2&quot;: &quot;Gauteng South&quot;
      }
    },
    {
      &quot;attributes&quot;: {
        &quot;owner&quot;: &quot;Conduct&quot;,
        &quot;stage&quot;: &quot;Completed&quot;,
        &quot;ea1&quot;: &quot;16 Skeen Blvd&quot;,
        &quot;ea2&quot;: &quot;Gauteng South&quot;
      }
    },
    {
      &quot;attributes&quot;: {
        &quot;owner&quot;: &quot;Conduct&quot;,
        &quot;stage&quot;: &quot;Completed&quot;,
        &quot;ea1&quot;: &quot;16 Skeen Blvd&quot;,
        &quot;ea2&quot;: &quot;Gauteng South&quot;
      }
    },
    {
      &quot;attributes&quot;: {
        &quot;owner&quot;: &quot;Conduct&quot;,
        &quot;stage&quot;: &quot;Completed&quot;,
        &quot;ea1&quot;: &quot;AS14678WCH-WST-011&quot;,
        &quot;ea2&quot;: &quot;Western Region&quot;
      }
    },
    {
      &quot;attributes&quot;: {
        &quot;owner&quot;: &quot;Conduct&quot;,
        &quot;stage&quot;: &quot;Completed&quot;,
        &quot;ea1&quot;: &quot;AS14643WCHWST021&quot;,
        &quot;ea2&quot;: &quot;Western Region&quot;
      }
    },
    {
      &quot;attributes&quot;: {
        &quot;owner&quot;: &quot;Conduct&quot;,
        &quot;stage&quot;: &quot;Completed&quot;,
        &quot;ea1&quot;: &quot;AS14606WHWST014&quot;,
        &quot;ea2&quot;: &quot;Western Region&quot;
      }
    },
    {
      &quot;attributes&quot;: {
        &quot;owner&quot;: &quot;Conduct&quot;,
        &quot;stage&quot;: &quot;Completed&quot;,
        &quot;ea1&quot;: &quot;AS14606WHWST015&quot;,
        &quot;ea2&quot;: &quot;Western Region&quot;
      }
    },
    {
      &quot;attributes&quot;: {
        &quot;owner&quot;: &quot;Conduct&quot;,
        &quot;stage&quot;: &quot;Completed&quot;,
        &quot;ea1&quot;: &quot;AS14470WHWST012&quot;,
        &quot;ea2&quot;: &quot;Western Region&quot;
      }
    },
    {
      &quot;attributes&quot;: {
        &quot;owner&quot;: &quot;Conduct&quot;,
        &quot;stage&quot;: &quot;Completed&quot;,
        &quot;ea1&quot;: &quot;&quot;,
        &quot;ea2&quot;: &quot;Western Region&quot;
      }
    },
    {
      &quot;attributes&quot;: {
        &quot;owner&quot;: &quot;Conduct&quot;,
        &quot;stage&quot;: &quot;Completed&quot;,
        &quot;ea1&quot;: &quot;&quot;,
        &quot;ea2&quot;: &quot;Western Region&quot;
      }
    },
    {
      &quot;attributes&quot;: {
        &quot;owner&quot;: &quot;Conduct&quot;,
        &quot;stage&quot;: &quot;Completed&quot;,
        &quot;ea1&quot;: &quot;AS25137WHWST009 &quot;,
        &quot;ea2&quot;: &quot;Western Region&quot;
      }
    },
    {
      &quot;attributes&quot;: {
        &quot;owner&quot;: &quot;Conduct&quot;,
        &quot;stage&quot;: &quot;Completed&quot;,
        &quot;ea1&quot;: &quot;&quot;,
        &quot;ea2&quot;: &quot;Western Region&quot;
      }
    },
    {
      &quot;attributes&quot;: {
        &quot;owner&quot;: &quot;Conduct&quot;,
        &quot;stage&quot;: &quot;Completed&quot;,
        &quot;ea1&quot;: &quot;none&quot;,
        &quot;ea2&quot;: &quot;Western Region&quot;
      }
    },
    {
      &quot;attributes&quot;: {
        &quot;owner&quot;: &quot;Conduct&quot;,
        &quot;stage&quot;: &quot;Completed&quot;,
        &quot;ea1&quot;: &quot;none&quot;,
        &quot;ea2&quot;: &quot;Western Region&quot;
      }
    },
    {
      &quot;attributes&quot;: {
        &quot;owner&quot;: &quot;Conduct&quot;,
        &quot;stage&quot;: &quot;Completed&quot;,
        &quot;ea1&quot;: &quot;AS15781WHTNP015&quot;,
        &quot;ea2&quot;: &quot;Western Region&quot;
      }
    },
    {
      &quot;attributes&quot;: {
        &quot;owner&quot;: &quot;Conduct&quot;,
        &quot;stage&quot;: &quot;Completed&quot;,
        &quot;ea1&quot;: &quot;AS15781WHTNP016&quot;,
        &quot;ea2&quot;: &quot;Western Region&quot;
      }
    },
    {
      &quot;attributes&quot;: {
        &quot;owner&quot;: &quot;Conduct&quot;,
        &quot;stage&quot;: &quot;Completed&quot;,
        &quot;ea1&quot;: &quot;AS14647WCHWST020&quot;,
        &quot;ea2&quot;: &quot;Western Region&quot;
      }
    },
    {
      &quot;attributes&quot;: {
        &quot;owner&quot;: &quot;Conduct&quot;,
        &quot;stage&quot;: &quot;Completed&quot;,
        &quot;ea1&quot;: &quot;AS14647WCHWST021&quot;,
        &quot;ea2&quot;: &quot;Western Region&quot;
      }
    }
  ]
}

Response body doesn&#039;t match expectation.
Expected: a string containing &quot;Dark Fibre Africa&quot;
  Actual: {
  &quot;displayFieldName&quot;: &quot;name&quot;,
  &quot;fieldAliases&quot;: {
    &quot;owner&quot;: &quot;owner&quot;,
    &quot;stage&quot;: &quot;stage&quot;,
    &quot;ea1&quot;: &quot;Route Name&quot;,
    &quot;ea2&quot;: &quot;DFA Region&quot;
  },
  &quot;fields&quot;: [
    {
      &quot;name&quot;: &quot;owner&quot;,
      &quot;type&quot;: &quot;esriFieldTypeString&quot;,
      &quot;alias&quot;: &quot;owner&quot;,
      &quot;length&quot;: 50
    },
    {
      &quot;name&quot;: &quot;stage&quot;,
      &quot;type&quot;: &quot;esriFieldTypeString&quot;,
      &quot;alias&quot;: &quot;stage&quot;,
      &quot;length&quot;: 30
    },
    {
      &quot;name&quot;: &quot;ea1&quot;,
      &quot;type&quot;: &quot;esriFieldTypeString&quot;,
      &quot;alias&quot;: &quot;Route Name&quot;,
      &quot;length&quot;: 100
    },
    {
      &quot;name&quot;: &quot;ea2&quot;,
      &quot;type&quot;: &quot;esriFieldTypeString&quot;,
      &quot;alias&quot;: &quot;DFA Region&quot;,
      &quot;length&quot;: 100
    }
  ],
  &quot;features&quot;: [
    {
      &quot;attributes&quot;: {
        &quot;owner&quot;: &quot;Conduct&quot;,
        &quot;stage&quot;: &quot;Completed&quot;,
        &quot;ea1&quot;: &quot;G01P05&quot;,
        &quot;ea2&quot;: &quot;Gauteng South&quot;
      }
    },
    {
      &quot;attributes&quot;: {
        &quot;owner&quot;: &quot;Conduct&quot;,
        &quot;stage&quot;: &quot;Completed&quot;,
        &quot;ea1&quot;: &quot;G01P05&quot;,
        &quot;ea2&quot;: &quot;Gauteng South&quot;
      }
    },
    {
      &quot;attributes&quot;: {
        &quot;owner&quot;: &quot;Conduct&quot;,
        &quot;stage&quot;: &quot;Completed&quot;,
        &quot;ea1&quot;: &quot;G01P05&quot;,
        &quot;ea2&quot;: &quot;Gauteng South&quot;
      }
    },
    {
      &quot;attributes&quot;: {
        &quot;owner&quot;: &quot;Conduct&quot;,
        &quot;stage&quot;: &quot;Completed&quot;,
        &quot;ea1&quot;: &quot;G01P05&quot;,
        &quot;ea2&quot;: &quot;Gauteng South&quot;
      }
    },
    {
      &quot;attributes&quot;: {
        &quot;owner&quot;: &quot;Conduct&quot;,
        &quot;stage&quot;: &quot;Completed&quot;,
        &quot;ea1&quot;: &quot;G01P05&quot;,
        &quot;ea2&quot;: &quot;Gauteng South&quot;
      }
    },
    {
      &quot;attributes&quot;: {
        &quot;owner&quot;: &quot;Conduct&quot;,
        &quot;stage&quot;: &quot;Construction&quot;,
        &quot;ea1&quot;: &quot;none&quot;,
        &quot;ea2&quot;: &quot;None&quot;
      }
    },
    {
      &quot;attributes&quot;: {
        &quot;owner&quot;: &quot;Conduct&quot;,
        &quot;stage&quot;: &quot;Completed&quot;,
        &quot;ea1&quot;: &quot;AS03171GH000618&quot;,
        &quot;ea2&quot;: &quot;Gauteng South&quot;
      }
    },
    {
      &quot;attributes&quot;: {
        &quot;owner&quot;: &quot;Conduct&quot;,
        &quot;stage&quot;: &quot;Completed&quot;,
        &quot;ea1&quot;: &quot;AS03171GH000617&quot;,
        &quot;ea2&quot;: &quot;Gauteng South&quot;
      }
    },
    {
      &quot;attributes&quot;: {
        &quot;owner&quot;: &quot;Conduct&quot;,
        &quot;stage&quot;: &quot;Completed&quot;,
        &quot;ea1&quot;: &quot;W70P01&quot;,
        &quot;ea2&quot;: &quot;Western Region&quot;
      }
    },
    {
      &quot;attributes&quot;: {
        &quot;owner&quot;: &quot;Conduct&quot;,
        &quot;stage&quot;: &quot;Completed&quot;,
        &quot;ea1&quot;: &quot;W70P01&quot;,
        &quot;ea2&quot;: &quot;Western Region&quot;
      }
    },
    {
      &quot;attributes&quot;: {
        &quot;owner&quot;: &quot;Conduct&quot;,
        &quot;stage&quot;: &quot;Completed&quot;,
        &quot;ea1&quot;: &quot;W70P01&quot;,
        &quot;ea2&quot;: &quot;Western Region&quot;
      }
    },
    {
      &quot;attributes&quot;: {
        &quot;owner&quot;: &quot;Conduct&quot;,
        &quot;stage&quot;: &quot;Completed&quot;,
        &quot;ea1&quot;: &quot;W70P01&quot;,
        &quot;ea2&quot;: &quot;Western Region&quot;
      }
    },
    {
      &quot;attributes&quot;: {
        &quot;owner&quot;: &quot;Conduct&quot;,
        &quot;stage&quot;: &quot;Completed&quot;,
        &quot;ea1&quot;: &quot;W70P01&quot;,
        &quot;ea2&quot;: &quot;Western Region&quot;
      }
    },
    {
      &quot;attributes&quot;: {
        &quot;owner&quot;: &quot;Conduct&quot;,
        &quot;stage&quot;: &quot;Completed&quot;,
        &quot;ea1&quot;: &quot;W70P01&quot;,
        &quot;ea2&quot;: &quot;Western Region&quot;
      }
    },
    {
      &quot;attributes&quot;: {
        &quot;owner&quot;: &quot;Conduct&quot;,
        &quot;stage&quot;: &quot;Completed&quot;,
        &quot;ea1&quot;: &quot;W70P01&quot;,
        &quot;ea2&quot;: &quot;Western Region&quot;
      }
    },
    {
      &quot;attributes&quot;: {
        &quot;owner&quot;: &quot;Conduct&quot;,
        &quot;stage&quot;: &quot;Completed&quot;,
        &quot;ea1&quot;: &quot;W70P01&quot;,
        &quot;ea2&quot;: &quot;Western Region&quot;
      }
    },
    {
      &quot;attributes&quot;: {
        &quot;owner&quot;: &quot;Conduct&quot;,
        &quot;stage&quot;: &quot;Completed&quot;,
        &quot;ea1&quot;: &quot;Conduct Claremont Ring&quot;,
        &quot;ea2&quot;: &quot;Western Region&quot;
      }
    },
    {
      &quot;attributes&quot;: {
        &quot;owner&quot;: &quot;Conduct&quot;,
        &quot;stage&quot;: &quot;Completed&quot;,
        &quot;ea1&quot;: &quot;W70P01&quot;,
        &quot;ea2&quot;: &quot;Western Region&quot;
      }
    },
    {
      &quot;attributes&quot;: {
        &quot;owner&quot;: &quot;Conduct&quot;,
        &quot;stage&quot;: &quot;Completed&quot;,
        &quot;ea1&quot;: &quot;W70P01&quot;,
        &quot;ea2&quot;: &quot;Western Region&quot;
      }
    },
    {
      &quot;attributes&quot;: {
        &quot;owner&quot;: &quot;Conduct&quot;,
        &quot;stage&quot;: &quot;Completed&quot;,
        &quot;ea1&quot;: &quot;W70P01&quot;,
        &quot;ea2&quot;: &quot;Western Region&quot;
      }
    },
    {
      &quot;attributes&quot;: {
        &quot;owner&quot;: &quot;Conduct&quot;,
        &quot;stage&quot;: &quot;Completed&quot;,
        &quot;ea1&quot;: &quot; &quot;,
        &quot;ea2&quot;: &quot;Western Region&quot;
      }
    },
    {
      &quot;attributes&quot;: {
        &quot;owner&quot;: &quot;Conduct&quot;,
        &quot;stage&quot;: &quot;Construction&quot;,
        &quot;ea1&quot;: &quot; &quot;,
        &quot;ea2&quot;: &quot;Western Region&quot;
      }
    },
    {
      &quot;attributes&quot;: {
        &quot;owner&quot;: &quot;Conduct&quot;,
        &quot;stage&quot;: &quot;Completed&quot;,
        &quot;ea1&quot;: &quot;W70P01&quot;,
        &quot;ea2&quot;: &quot;Western Region&quot;
      }
    },
    {
      &quot;attributes&quot;: {
        &quot;owner&quot;: &quot;Conduct&quot;,
        &quot;stage&quot;: &quot;Completed&quot;,
        &quot;ea1&quot;: &quot;W70P01&quot;,
        &quot;ea2&quot;: &quot;Western Region&quot;
      }
    },
    {
      &quot;attributes&quot;: {
        &quot;owner&quot;: &quot;Conduct&quot;,
        &quot;stage&quot;: &quot;Completed&quot;,
        &quot;ea1&quot;: &quot;none&quot;,
        &quot;ea2&quot;: &quot;Northern Region&quot;
      }
    },
    {
      &quot;attributes&quot;: {
        &quot;owner&quot;: &quot;Conduct&quot;,
        &quot;stage&quot;: &quot;Construction&quot;,
        &quot;ea1&quot;: &quot;none&quot;,
        &quot;ea2&quot;: &quot;Northern Region&quot;
      }
    },
    {
      &quot;attributes&quot;: {
        &quot;owner&quot;: &quot;Conduct&quot;,
        &quot;stage&quot;: &quot;Construction&quot;,
        &quot;ea1&quot;: &quot;AS14680BH345924 &quot;,
        &quot;ea2&quot;: &quot;Northern Region&quot;
      }
    },
    {
      &quot;attributes&quot;: {
        &quot;owner&quot;: &quot;Conduct&quot;,
        &quot;stage&quot;: &quot;Construction&quot;,
        &quot;ea1&quot;: &quot;none&quot;,
        &quot;ea2&quot;: &quot;none&quot;
      }
    },
    {
      &quot;attributes&quot;: {
        &quot;owner&quot;: &quot;Conduct&quot;,
        &quot;stage&quot;: &quot;Construction&quot;,
        &quot;ea1&quot;: &quot;none&quot;,
        &quot;ea2&quot;: &quot;none&quot;
      }
    },
    {
      &quot;attributes&quot;: {
        &quot;owner&quot;: &quot;Conduct&quot;,
        &quot;stage&quot;: &quot;Construction&quot;,
        &quot;ea1&quot;: &quot;none&quot;,
        &quot;ea2&quot;: &quot;none&quot;
      }
    },
    {
      &quot;attributes&quot;: {
        &quot;owner&quot;: &quot;Conduct&quot;,
        &quot;stage&quot;: &quot;Construction&quot;,
        &quot;ea1&quot;: &quot;none&quot;,
        &quot;ea2&quot;: &quot;Northern Region&quot;
      }
    },
    {
      &quot;attributes&quot;: {
        &quot;owner&quot;: &quot;Conduct&quot;,
        &quot;stage&quot;: &quot;Construction&quot;,
        &quot;ea1&quot;: &quot;none&quot;,
        &quot;ea2&quot;: &quot;Northern Region&quot;
      }
    },
    {
      &quot;attributes&quot;: {
        &quot;owner&quot;: &quot;Conduct&quot;,
        &quot;stage&quot;: &quot;Construction&quot;,
        &quot;ea1&quot;: &quot;none&quot;,
        &quot;ea2&quot;: &quot;Northern Region&quot;
      }
    },
    {
      &quot;attributes&quot;: {
        &quot;owner&quot;: &quot;Conduct&quot;,
        &quot;stage&quot;: &quot;Construction&quot;,
        &quot;ea1&quot;: &quot;none&quot;,
        &quot;ea2&quot;: &quot;Northern Region&quot;
      }
    },
    {
      &quot;attributes&quot;: {
        &quot;owner&quot;: &quot;Conduct&quot;,
        &quot;stage&quot;: &quot;Completed&quot;,
        &quot;ea1&quot;: &quot;G70P01&quot;,
        &quot;ea2&quot;: &quot;Gauteng South&quot;
      }
    },
    {
      &quot;attributes&quot;: {
        &quot;owner&quot;: &quot;Conduct&quot;,
        &quot;stage&quot;: &quot;Completed&quot;,
        &quot;ea1&quot;: &quot;G70P01&quot;,
        &quot;ea2&quot;: &quot;Gauteng South&quot;
      }
    },
    {
      &quot;attributes&quot;: {
        &quot;owner&quot;: &quot;Conduct&quot;,
        &quot;stage&quot;: &quot;Completed&quot;,
        &quot;ea1&quot;: &quot;G70P01&quot;,
        &quot;ea2&quot;: &quot;Gauteng South&quot;
      }
    },
    {
      &quot;attributes&quot;: {
        &quot;owner&quot;: &quot;Conduct&quot;,
        &quot;stage&quot;: &quot;Completed&quot;,
        &quot;ea1&quot;: &quot;G70P01&quot;,
        &quot;ea2&quot;: &quot;Gauteng South&quot;
      }
    },
    {
      &quot;attributes&quot;: {
        &quot;owner&quot;: &quot;Conduct&quot;,
        &quot;stage&quot;: &quot;Completed&quot;,
        &quot;ea1&quot;: &quot;G70P01&quot;,
        &quot;ea2&quot;: &quot;Gauteng South&quot;
      }
    },
    {
      &quot;attributes&quot;: {
        &quot;owner&quot;: &quot;Conduct&quot;,
        &quot;stage&quot;: &quot;Completed&quot;,
        &quot;ea1&quot;: &quot;G70P01&quot;,
        &quot;ea2&quot;: &quot;Gauteng South&quot;
      }
    },
    {
      &quot;attributes&quot;: {
        &quot;owner&quot;: &quot;Conduct&quot;,
        &quot;stage&quot;: &quot;Completed&quot;,
        &quot;ea1&quot;: &quot;G70P01&quot;,
        &quot;ea2&quot;: &quot;Gauteng South&quot;
      }
    },
    {
      &quot;attributes&quot;: {
        &quot;owner&quot;: &quot;Conduct&quot;,
        &quot;stage&quot;: &quot;Completed&quot;,
        &quot;ea1&quot;: &quot;G70P01&quot;,
        &quot;ea2&quot;: &quot;Gauteng South&quot;
      }
    },
    {
      &quot;attributes&quot;: {
        &quot;owner&quot;: &quot;Conduct&quot;,
        &quot;stage&quot;: &quot;Completed&quot;,
        &quot;ea1&quot;: &quot;G70P01&quot;,
        &quot;ea2&quot;: &quot;Gauteng South&quot;
      }
    },
    {
      &quot;attributes&quot;: {
        &quot;owner&quot;: &quot;Conduct&quot;,
        &quot;stage&quot;: &quot;Completed&quot;,
        &quot;ea1&quot;: &quot;G70P01&quot;,
        &quot;ea2&quot;: &quot;Gauteng South&quot;
      }
    },
    {
      &quot;attributes&quot;: {
        &quot;owner&quot;: &quot;Conduct&quot;,
        &quot;stage&quot;: &quot;Completed&quot;,
        &quot;ea1&quot;: &quot;G70P01&quot;,
        &quot;ea2&quot;: &quot;Gauteng South&quot;
      }
    },
    {
      &quot;attributes&quot;: {
        &quot;owner&quot;: &quot;Conduct&quot;,
        &quot;stage&quot;: &quot;Completed&quot;,
        &quot;ea1&quot;: &quot;G70P01&quot;,
        &quot;ea2&quot;: &quot;Gauteng South&quot;
      }
    },
    {
      &quot;attributes&quot;: {
        &quot;owner&quot;: &quot;Conduct&quot;,
        &quot;stage&quot;: &quot;Completed&quot;,
        &quot;ea1&quot;: &quot;G70P01&quot;,
        &quot;ea2&quot;: &quot;Gauteng South&quot;
      }
    },
    {
      &quot;attributes&quot;: {
        &quot;owner&quot;: &quot;Conduct&quot;,
        &quot;stage&quot;: &quot;Completed&quot;,
        &quot;ea1&quot;: &quot;G70P01&quot;,
        &quot;ea2&quot;: &quot;Gauteng South&quot;
      }
    },
    {
      &quot;attributes&quot;: {
        &quot;owner&quot;: &quot;Conduct&quot;,
        &quot;stage&quot;: &quot;Completed&quot;,
        &quot;ea1&quot;: &quot;G70P01&quot;,
        &quot;ea2&quot;: &quot;Gauteng South&quot;
      }
    },
    {
      &quot;attributes&quot;: {
        &quot;owner&quot;: &quot;Conduct&quot;,
        &quot;stage&quot;: &quot;Completed&quot;,
        &quot;ea1&quot;: &quot;G70P01&quot;,
        &quot;ea2&quot;: &quot;Gauteng South&quot;
      }
    },
    {
      &quot;attributes&quot;: {
        &quot;owner&quot;: &quot;Conduct&quot;,
        &quot;stage&quot;: &quot;Completed&quot;,
        &quot;ea1&quot;: &quot;G70P01&quot;,
        &quot;ea2&quot;: &quot;Gauteng South&quot;
      }
    },
    {
      &quot;attributes&quot;: {
        &quot;owner&quot;: &quot;Conduct&quot;,
        &quot;stage&quot;: &quot;Completed&quot;,
        &quot;ea1&quot;: &quot;G70P01&quot;,
        &quot;ea2&quot;: &quot;Gauteng South&quot;
      }
    },
    {
      &quot;attributes&quot;: {
        &quot;owner&quot;: &quot;Conduct&quot;,
        &quot;stage&quot;: &quot;Completed&quot;,
        &quot;ea1&quot;: &quot;G70P01&quot;,
        &quot;ea2&quot;: &quot;Gauteng South&quot;
      }
    },
    {
      &quot;attributes&quot;: {
        &quot;owner&quot;: &quot;Conduct&quot;,
        &quot;stage&quot;: &quot;Completed&quot;,
        &quot;ea1&quot;: &quot;G70P01&quot;,
        &quot;ea2&quot;: &quot;Gauteng South&quot;
      }
    },
    {
      &quot;attributes&quot;: {
        &quot;owner&quot;: &quot;Conduct&quot;,
        &quot;stage&quot;: &quot;Completed&quot;,
        &quot;ea1&quot;: &quot;G70P01&quot;,
        &quot;ea2&quot;: &quot;Gauteng South&quot;
      }
    },
    {
      &quot;attributes&quot;: {
        &quot;owner&quot;: &quot;Conduct&quot;,
        &quot;stage&quot;: &quot;Completed&quot;,
        &quot;ea1&quot;: &quot;G70P01&quot;,
        &quot;ea2&quot;: &quot;Gauteng South&quot;
      }
    },
    {
      &quot;attributes&quot;: {
        &quot;owner&quot;: &quot;Conduct&quot;,
        &quot;stage&quot;: &quot;Completed&quot;,
        &quot;ea1&quot;: &quot;AS13625GHFRI008&quot;,
        &quot;ea2&quot;: &quot;Gauteng South&quot;
      }
    },
    {
      &quot;attributes&quot;: {
        &quot;owner&quot;: &quot;Conduct&quot;,
        &quot;stage&quot;: &quot;Completed&quot;,
        &quot;ea1&quot;: &quot;G70P01&quot;,
        &quot;ea2&quot;: &quot;Gauteng South&quot;
      }
    },
    {
      &quot;attributes&quot;: {
        &quot;owner&quot;: &quot;Conduct&quot;,
        &quot;stage&quot;: &quot;Completed&quot;,
        &quot;ea1&quot;: &quot;G70P01&quot;,
        &quot;ea2&quot;: &quot;Gauteng South&quot;
      }
    },
    {
      &quot;attributes&quot;: {
        &quot;owner&quot;: &quot;Conduct&quot;,
        &quot;stage&quot;: &quot;Completed&quot;,
        &quot;ea1&quot;: &quot;G70P01&quot;,
        &quot;ea2&quot;: &quot;Gauteng South&quot;
      }
    },
    {
      &quot;attributes&quot;: {
        &quot;owner&quot;: &quot;Conduct&quot;,
        &quot;stage&quot;: &quot;Completed&quot;,
        &quot;ea1&quot;: &quot;G70P01&quot;,
        &quot;ea2&quot;: &quot;Gauteng South&quot;
      }
    },
    {
      &quot;attributes&quot;: {
        &quot;owner&quot;: &quot;Conduct&quot;,
        &quot;stage&quot;: &quot;Construction&quot;,
        &quot;ea1&quot;: &quot;AS13708BH004086&quot;,
        &quot;ea2&quot;: &quot;Northern Region&quot;
      }
    },
    {
      &quot;attributes&quot;: {
        &quot;owner&quot;: &quot;Conduct&quot;,
        &quot;stage&quot;: &quot;Construction&quot;,
        &quot;ea1&quot;: &quot;AS13708BH004093&quot;,
        &quot;ea2&quot;: &quot;Northern Region&quot;
      }
    },
    {
      &quot;attributes&quot;: {
        &quot;owner&quot;: &quot;Conduct&quot;,
        &quot;stage&quot;: &quot;Construction&quot;,
        &quot;ea1&quot;: &quot;none&quot;,
        &quot;ea2&quot;: &quot;Northern Region&quot;
      }
    },
    {
      &quot;attributes&quot;: {
        &quot;owner&quot;: &quot;Conduct&quot;,
        &quot;stage&quot;: &quot;Completed&quot;,
        &quot;ea1&quot;: &quot;AS13945BA345051&quot;,
        &quot;ea2&quot;: &quot;Northern Region&quot;
      }
    },
    {
      &quot;attributes&quot;: {
        &quot;owner&quot;: &quot;Conduct&quot;,
        &quot;stage&quot;: &quot;Construction&quot;,
        &quot;ea1&quot;: &quot;none&quot;,
        &quot;ea2&quot;: &quot;Northern Region&quot;
      }
    },
    {
      &quot;attributes&quot;: {
        &quot;owner&quot;: &quot;Conduct&quot;,
        &quot;stage&quot;: &quot;Completed&quot;,
        &quot;ea1&quot;: &quot;AS13945BA345051&quot;,
        &quot;ea2&quot;: &quot;Northern Region&quot;
      }
    },
    {
      &quot;attributes&quot;: {
        &quot;owner&quot;: &quot;Conduct&quot;,
        &quot;stage&quot;: &quot;Construction&quot;,
        &quot;ea1&quot;: &quot;none&quot;,
        &quot;ea2&quot;: &quot;none&quot;
      }
    },
    {
      &quot;attributes&quot;: {
        &quot;owner&quot;: &quot;Conduct&quot;,
        &quot;stage&quot;: &quot;Completed&quot;,
        &quot;ea1&quot;: &quot;none&quot;,
        &quot;ea2&quot;: &quot;Northern Region&quot;
      }
    },
    {
      &quot;attributes&quot;: {
        &quot;owner&quot;: &quot;Conduct&quot;,
        &quot;stage&quot;: &quot;Construction&quot;,
        &quot;ea1&quot;: &quot;AS13938BH340127 &quot;,
        &quot;ea2&quot;: &quot;Northern Region&quot;
      }
    },
    {
      &quot;attributes&quot;: {
        &quot;owner&quot;: &quot;Conduct&quot;,
        &quot;stage&quot;: &quot;Construction&quot;,
        &quot;ea1&quot;: &quot;AS13938GH070803 &quot;,
        &quot;ea2&quot;: &quot;Northern Region&quot;
      }
    },
    {
      &quot;attributes&quot;: {
        &quot;owner&quot;: &quot;Conduct&quot;,
        &quot;stage&quot;: &quot;Completed&quot;,
        &quot;ea1&quot;: &quot;AS13945BA345051&quot;,
        &quot;ea2&quot;: &quot;Northern Region&quot;
      }
    },
    {
      &quot;attributes&quot;: {
        &quot;owner&quot;: &quot;Conduct&quot;,
        &quot;stage&quot;: &quot;Construction&quot;,
        &quot;ea1&quot;: &quot;none&quot;,
        &quot;ea2&quot;: &quot;Northern Region&quot;
      }
    },
    {
      &quot;attributes&quot;: {
        &quot;owner&quot;: &quot;Conduct&quot;,
        &quot;stage&quot;: &quot;Construction&quot;,
        &quot;ea1&quot;: &quot;none&quot;,
        &quot;ea2&quot;: &quot;none&quot;
      }
    },
    {
      &quot;attributes&quot;: {
        &quot;owner&quot;: &quot;Conduct&quot;,
        &quot;stage&quot;: &quot;Construction&quot;,
        &quot;ea1&quot;: &quot;&quot;,
        &quot;ea2&quot;: &quot;none&quot;
      }
    },
    {
      &quot;attributes&quot;: {
        &quot;owner&quot;: &quot;Conduct&quot;,
        &quot;stage&quot;: &quot;Construction&quot;,
        &quot;ea1&quot;: &quot;&quot;,
        &quot;ea2&quot;: &quot;none&quot;
      }
    },
    {
      &quot;attributes&quot;: {
        &quot;owner&quot;: &quot;Conduct&quot;,
        &quot;stage&quot;: &quot;Completed&quot;,
        &quot;ea1&quot;: &quot; &quot;,
        &quot;ea2&quot;: &quot;Western Region&quot;
      }
    },
    {
      &quot;attributes&quot;: {
        &quot;owner&quot;: &quot;Conduct&quot;,
        &quot;stage&quot;: &quot;Completed&quot;,
        &quot;ea1&quot;: &quot;AS11870WH281134&quot;,
        &quot;ea2&quot;: &quot;Western Region&quot;
      }
    },
    {
      &quot;attributes&quot;: {
        &quot;owner&quot;: &quot;Conduct&quot;,
        &quot;stage&quot;: &quot;Construction&quot;,
        &quot;ea1&quot;: &quot;AS14112BH301661&quot;,
        &quot;ea2&quot;: &quot;Northern Region&quot;
      }
    },
    {
      &quot;attributes&quot;: {
        &quot;owner&quot;: &quot;Conduct&quot;,
        &quot;stage&quot;: &quot;Completed&quot;,
        &quot;ea1&quot;: &quot;W70P09&quot;,
        &quot;ea2&quot;: &quot;Western Region&quot;
      }
    },
    {
      &quot;attributes&quot;: {
        &quot;owner&quot;: &quot;Conduct&quot;,
        &quot;stage&quot;: &quot;Completed&quot;,
        &quot;ea1&quot;: &quot;W70P08&quot;,
        &quot;ea2&quot;: &quot;Western Region&quot;
      }
    },
    {
      &quot;attributes&quot;: {
        &quot;owner&quot;: &quot;Conduct&quot;,
        &quot;stage&quot;: &quot;Completed&quot;,
        &quot;ea1&quot;: &quot;W70P07&quot;,
        &quot;ea2&quot;: &quot;Western Region&quot;
      }
    },
    {
      &quot;attributes&quot;: {
        &quot;owner&quot;: &quot;Conduct&quot;,
        &quot;stage&quot;: &quot;Completed&quot;,
        &quot;ea1&quot;: &quot;W70P11&quot;,
        &quot;ea2&quot;: &quot;Western Region&quot;
      }
    },
    {
      &quot;attributes&quot;: {
        &quot;owner&quot;: &quot;Conduct&quot;,
        &quot;stage&quot;: &quot;Construction&quot;,
        &quot;ea1&quot;: &quot; &quot;,
        &quot;ea2&quot;: &quot;Northern Region&quot;
      }
    },
    {
      &quot;attributes&quot;: {
        &quot;owner&quot;: &quot;Conduct&quot;,
        &quot;stage&quot;: &quot;Construction&quot;,
        &quot;ea1&quot;: &quot;AS14414BA345056&quot;,
        &quot;ea2&quot;: &quot;Northern Region&quot;
      }
    },
    {
      &quot;attributes&quot;: {
        &quot;owner&quot;: &quot;Conduct&quot;,
        &quot;stage&quot;: &quot;Construction&quot;,
        &quot;ea1&quot;: &quot; &quot;,
        &quot;ea2&quot;: &quot;Northern Region&quot;
      }
    },
    {
      &quot;attributes&quot;: {
        &quot;owner&quot;: &quot;Conduct&quot;,
        &quot;stage&quot;: &quot;Construction&quot;,
        &quot;ea1&quot;: &quot; &quot;,
        &quot;ea2&quot;: &quot;Northern Region&quot;
      }
    },
    {
      &quot;attributes&quot;: {
        &quot;owner&quot;: &quot;Conduct&quot;,
        &quot;stage&quot;: &quot;Construction&quot;,
        &quot;ea1&quot;: &quot; &quot;,
        &quot;ea2&quot;: &quot;Northern Region&quot;
      }
    },
    {
      &quot;attributes&quot;: {
        &quot;owner&quot;: &quot;Conduct&quot;,
        &quot;stage&quot;: &quot;Construction&quot;,
        &quot;ea1&quot;: &quot; &quot;,
        &quot;ea2&quot;: &quot;Northern Region&quot;
      }
    },
    {
      &quot;attributes&quot;: {
        &quot;owner&quot;: &quot;Conduct&quot;,
        &quot;stage&quot;: &quot;Construction&quot;,
        &quot;ea1&quot;: &quot; &quot;,
        &quot;ea2&quot;: &quot;Northern Region&quot;
      }
    },
    {
      &quot;attributes&quot;: {
        &quot;owner&quot;: &quot;Conduct&quot;,
        &quot;stage&quot;: &quot;Construction&quot;,
        &quot;ea1&quot;: &quot; &quot;,
        &quot;ea2&quot;: &quot;Northern Region&quot;
      }
    },
    {
      &quot;attributes&quot;: {
        &quot;owner&quot;: &quot;Conduct&quot;,
        &quot;stage&quot;: &quot;Construction&quot;,
        &quot;ea1&quot;: &quot; &quot;,
        &quot;ea2&quot;: &quot;Northern Region&quot;
      }
    },
    {
      &quot;attributes&quot;: {
        &quot;owner&quot;: &quot;Conduct&quot;,
        &quot;stage&quot;: &quot;Construction&quot;,
        &quot;ea1&quot;: &quot; &quot;,
        &quot;ea2&quot;: &quot;Northern Region&quot;
      }
    },
    {
      &quot;attributes&quot;: {
        &quot;owner&quot;: &quot;Conduct&quot;,
        &quot;stage&quot;: &quot;Construction&quot;,
        &quot;ea1&quot;: &quot; &quot;,
        &quot;ea2&quot;: &quot;Northern Region&quot;
      }
    },
    {
      &quot;attributes&quot;: {
        &quot;owner&quot;: &quot;Conduct&quot;,
        &quot;stage&quot;: &quot;Construction&quot;,
        &quot;ea1&quot;: &quot; &quot;,
        &quot;ea2&quot;: &quot;Northern Region&quot;
      }
    },
    {
      &quot;attributes&quot;: {
        &quot;owner&quot;: &quot;Conduct&quot;,
        &quot;stage&quot;: &quot;Construction&quot;,
        &quot;ea1&quot;: &quot; &quot;,
        &quot;ea2&quot;: &quot;Northern Region&quot;
      }
    },
    {
      &quot;attributes&quot;: {
        &quot;owner&quot;: &quot;Conduct&quot;,
        &quot;stage&quot;: &quot;Construction&quot;,
        &quot;ea1&quot;: &quot; &quot;,
        &quot;ea2&quot;: &quot;Northern Region&quot;
      }
    },
    {
      &quot;attributes&quot;: {
        &quot;owner&quot;: &quot;Conduct&quot;,
        &quot;stage&quot;: &quot;Construction&quot;,
        &quot;ea1&quot;: &quot; &quot;,
        &quot;ea2&quot;: &quot;Northern Region&quot;
      }
    },
    {
      &quot;attributes&quot;: {
        &quot;owner&quot;: &quot;Conduct&quot;,
        &quot;stage&quot;: &quot;Construction&quot;,
        &quot;ea1&quot;: &quot; &quot;,
        &quot;ea2&quot;: &quot;Northern Region&quot;
      }
    },
    {
      &quot;attributes&quot;: {
        &quot;owner&quot;: &quot;Conduct&quot;,
        &quot;stage&quot;: &quot;Construction&quot;,
        &quot;ea1&quot;: &quot; &quot;,
        &quot;ea2&quot;: &quot;Northern Region&quot;
      }
    },
    {
      &quot;attributes&quot;: {
        &quot;owner&quot;: &quot;Conduct&quot;,
        &quot;stage&quot;: &quot;Construction&quot;,
        &quot;ea1&quot;: &quot; &quot;,
        &quot;ea2&quot;: &quot;Northern Region&quot;
      }
    },
    {
      &quot;attributes&quot;: {
        &quot;owner&quot;: &quot;Conduct&quot;,
        &quot;stage&quot;: &quot;Construction&quot;,
        &quot;ea1&quot;: &quot;NB70P11&quot;,
        &quot;ea2&quot;: &quot;Northern Region&quot;
      }
    },
    {
      &quot;attributes&quot;: {
        &quot;owner&quot;: &quot;Conduct&quot;,
        &quot;stage&quot;: &quot;Construction&quot;,
        &quot;ea1&quot;: &quot; &quot;,
        &quot;ea2&quot;: &quot;Northern Region&quot;
      }
    },
    {
      &quot;attributes&quot;: {
        &quot;owner&quot;: &quot;Conduct&quot;,
        &quot;stage&quot;: &quot;Construction&quot;,
        &quot;ea1&quot;: &quot; &quot;,
        &quot;ea2&quot;: &quot;Northern Region&quot;
      }
    },
    {
      &quot;attributes&quot;: {
        &quot;owner&quot;: &quot;Conduct&quot;,
        &quot;stage&quot;: &quot;Construction&quot;,
        &quot;ea1&quot;: &quot; &quot;,
        &quot;ea2&quot;: &quot;Northern Region&quot;
      }
    },
    {
      &quot;attributes&quot;: {
        &quot;owner&quot;: &quot;Conduct&quot;,
        &quot;stage&quot;: &quot;Construction&quot;,
        &quot;ea1&quot;: &quot; &quot;,
        &quot;ea2&quot;: &quot;Northern Region&quot;
      }
    },
    {
      &quot;attributes&quot;: {
        &quot;owner&quot;: &quot;Conduct&quot;,
        &quot;stage&quot;: &quot;Construction&quot;,
        &quot;ea1&quot;: &quot; &quot;,
        &quot;ea2&quot;: &quot;Northern Region&quot;
      }
    },
    {
      &quot;attributes&quot;: {
        &quot;owner&quot;: &quot;Conduct&quot;,
        &quot;stage&quot;: &quot;Construction&quot;,
        &quot;ea1&quot;: &quot;NB70P11&quot;,
        &quot;ea2&quot;: &quot;Northern Region&quot;
      }
    },
    {
      &quot;attributes&quot;: {
        &quot;owner&quot;: &quot;Conduct&quot;,
        &quot;stage&quot;: &quot;Construction&quot;,
        &quot;ea1&quot;: &quot;NB70P11&quot;,
        &quot;ea2&quot;: &quot;Northern Region&quot;
      }
    },
    {
      &quot;attributes&quot;: {
        &quot;owner&quot;: &quot;Conduct&quot;,
        &quot;stage&quot;: &quot;Construction&quot;,
        &quot;ea1&quot;: &quot; &quot;,
        &quot;ea2&quot;: &quot;Northern Region&quot;
      }
    },
    {
      &quot;attributes&quot;: {
        &quot;owner&quot;: &quot;Conduct&quot;,
        &quot;stage&quot;: &quot;Construction&quot;,
        &quot;ea1&quot;: &quot;NB70P11&quot;,
        &quot;ea2&quot;: &quot;Northern Region&quot;
      }
    },
    {
      &quot;attributes&quot;: {
        &quot;owner&quot;: &quot;Conduct&quot;,
        &quot;stage&quot;: &quot;Construction&quot;,
        &quot;ea1&quot;: &quot;NB70P11&quot;,
        &quot;ea2&quot;: &quot;Northern Region&quot;
      }
    },
    {
      &quot;attributes&quot;: {
        &quot;owner&quot;: &quot;Conduct&quot;,
        &quot;stage&quot;: &quot;Construction&quot;,
        &quot;ea1&quot;: &quot;NB70P11&quot;,
        &quot;ea2&quot;: &quot;Northern Region&quot;
      }
    },
    {
      &quot;attributes&quot;: {
        &quot;owner&quot;: &quot;Conduct&quot;,
        &quot;stage&quot;: &quot;Construction&quot;,
        &quot;ea1&quot;: &quot;NB70P11&quot;,
        &quot;ea2&quot;: &quot;Northern Region&quot;
      }
    },
    {
      &quot;attributes&quot;: {
        &quot;owner&quot;: &quot;Conduct&quot;,
        &quot;stage&quot;: &quot;Construction&quot;,
        &quot;ea1&quot;: &quot;NB70P11&quot;,
        &quot;ea2&quot;: &quot;Northern Region&quot;
      }
    },
    {
      &quot;attributes&quot;: {
        &quot;owner&quot;: &quot;Conduct&quot;,
        &quot;stage&quot;: &quot;Construction&quot;,
        &quot;ea1&quot;: &quot;NB70P11&quot;,
        &quot;ea2&quot;: &quot;Northern Region&quot;
      }
    },
    {
      &quot;attributes&quot;: {
        &quot;owner&quot;: &quot;Conduct&quot;,
        &quot;stage&quot;: &quot;Construction&quot;,
        &quot;ea1&quot;: &quot;AS14112BH301661&quot;,
        &quot;ea2&quot;: &quot;Northern Region&quot;
      }
    },
    {
      &quot;attributes&quot;: {
        &quot;owner&quot;: &quot;Conduct&quot;,
        &quot;stage&quot;: &quot;Construction&quot;,
        &quot;ea1&quot;: &quot;AS14112BH301661&quot;,
        &quot;ea2&quot;: &quot;Northern Region&quot;
      }
    },
    {
      &quot;attributes&quot;: {
        &quot;owner&quot;: &quot;Conduct&quot;,
        &quot;stage&quot;: &quot;Construction&quot;,
        &quot;ea1&quot;: &quot;NB70P06&quot;,
        &quot;ea2&quot;: &quot;Northern Region&quot;
      }
    },
    {
      &quot;attributes&quot;: {
        &quot;owner&quot;: &quot;Conduct&quot;,
        &quot;stage&quot;: &quot;Construction&quot;,
        &quot;ea1&quot;: &quot;NB70P06&quot;,
        &quot;ea2&quot;: &quot;Northern Region&quot;
      }
    },
    {
      &quot;attributes&quot;: {
        &quot;owner&quot;: &quot;Conduct&quot;,
        &quot;stage&quot;: &quot;Construction&quot;,
        &quot;ea1&quot;: &quot;NB70P06&quot;,
        &quot;ea2&quot;: &quot;Northern Region&quot;
      }
    },
    {
      &quot;attributes&quot;: {
        &quot;owner&quot;: &quot;Conduct&quot;,
        &quot;stage&quot;: &quot;Construction&quot;,
        &quot;ea1&quot;: &quot;none&quot;,
        &quot;ea2&quot;: &quot;Northern Region&quot;
      }
    },
    {
      &quot;attributes&quot;: {
        &quot;owner&quot;: &quot;Conduct&quot;,
        &quot;stage&quot;: &quot;Construction&quot;,
        &quot;ea1&quot;: &quot;none&quot;,
        &quot;ea2&quot;: &quot;Northern Region&quot;
      }
    },
    {
      &quot;attributes&quot;: {
        &quot;owner&quot;: &quot;Conduct&quot;,
        &quot;stage&quot;: &quot;Construction&quot;,
        &quot;ea1&quot;: &quot;none&quot;,
        &quot;ea2&quot;: &quot;Northern Region&quot;
      }
    },
    {
      &quot;attributes&quot;: {
        &quot;owner&quot;: &quot;Conduct&quot;,
        &quot;stage&quot;: &quot;Construction&quot;,
        &quot;ea1&quot;: &quot;none&quot;,
        &quot;ea2&quot;: &quot;Northern Region&quot;
      }
    },
    {
      &quot;attributes&quot;: {
        &quot;owner&quot;: &quot;Conduct&quot;,
        &quot;stage&quot;: &quot;Completed&quot;,
        &quot;ea1&quot;: &quot;W70P07&quot;,
        &quot;ea2&quot;: &quot;Western Region&quot;
      }
    },
    {
      &quot;attributes&quot;: {
        &quot;owner&quot;: &quot;Conduct&quot;,
        &quot;stage&quot;: &quot;Completed&quot;,
        &quot;ea1&quot;: &quot;W70P07&quot;,
        &quot;ea2&quot;: &quot;Western Region&quot;
      }
    },
    {
      &quot;attributes&quot;: {
        &quot;owner&quot;: &quot;Conduct&quot;,
        &quot;stage&quot;: &quot;Completed&quot;,
        &quot;ea1&quot;: &quot;W70P07&quot;,
        &quot;ea2&quot;: &quot;Western Region&quot;
      }
    },
    {
      &quot;attributes&quot;: {
        &quot;owner&quot;: &quot;Conduct&quot;,
        &quot;stage&quot;: &quot;Completed&quot;,
        &quot;ea1&quot;: &quot;W70P10&quot;,
        &quot;ea2&quot;: &quot;Western Region&quot;
      }
    },
    {
      &quot;attributes&quot;: {
        &quot;owner&quot;: &quot;Conduct&quot;,
        &quot;stage&quot;: &quot;Completed&quot;,
        &quot;ea1&quot;: &quot;W50P94&quot;,
        &quot;ea2&quot;: &quot;Western Region&quot;
      }
    },
    {
      &quot;attributes&quot;: {
        &quot;owner&quot;: &quot;Conduct&quot;,
        &quot;stage&quot;: &quot;Completed&quot;,
        &quot;ea1&quot;: &quot;W70P12&quot;,
        &quot;ea2&quot;: &quot;Western Region&quot;
      }
    },
    {
      &quot;attributes&quot;: {
        &quot;owner&quot;: &quot;Conduct&quot;,
        &quot;stage&quot;: &quot;Completed&quot;,
        &quot;ea1&quot;: &quot;W70P12&quot;,
        &quot;ea2&quot;: &quot;Western Region&quot;
      }
    },
    {
      &quot;attributes&quot;: {
        &quot;owner&quot;: &quot;Conduct&quot;,
        &quot;stage&quot;: &quot;Completed&quot;,
        &quot;ea1&quot;: &quot;W70P12&quot;,
        &quot;ea2&quot;: &quot;Western Region&quot;
      }
    },
    {
      &quot;attributes&quot;: {
        &quot;owner&quot;: &quot;Conduct&quot;,
        &quot;stage&quot;: &quot;Completed&quot;,
        &quot;ea1&quot;: &quot;W70P12&quot;,
        &quot;ea2&quot;: &quot;Western Region&quot;
      }
    },
    {
      &quot;attributes&quot;: {
        &quot;owner&quot;: &quot;Conduct&quot;,
        &quot;stage&quot;: &quot;Completed&quot;,
        &quot;ea1&quot;: &quot;W70P12&quot;,
        &quot;ea2&quot;: &quot;Western Region&quot;
      }
    },
    {
      &quot;attributes&quot;: {
        &quot;owner&quot;: &quot;Conduct&quot;,
        &quot;stage&quot;: &quot;Completed&quot;,
        &quot;ea1&quot;: &quot;W70P12&quot;,
        &quot;ea2&quot;: &quot;Western Region&quot;
      }
    },
    {
      &quot;attributes&quot;: {
        &quot;owner&quot;: &quot;Conduct&quot;,
        &quot;stage&quot;: &quot;Completed&quot;,
        &quot;ea1&quot;: &quot;W70P12&quot;,
        &quot;ea2&quot;: &quot;Western Region&quot;
      }
    },
    {
      &quot;attributes&quot;: {
        &quot;owner&quot;: &quot;Conduct&quot;,
        &quot;stage&quot;: &quot;Construction&quot;,
        &quot;ea1&quot;: &quot;NB70P12&quot;,
        &quot;ea2&quot;: &quot;Northern Region&quot;
      }
    },
    {
      &quot;attributes&quot;: {
        &quot;owner&quot;: &quot;Conduct&quot;,
        &quot;stage&quot;: &quot;Completed&quot;,
        &quot;ea1&quot;: &quot;NB70P12&quot;,
        &quot;ea2&quot;: &quot;Northern Region&quot;
      }
    },
    {
      &quot;attributes&quot;: {
        &quot;owner&quot;: &quot;Conduct&quot;,
        &quot;stage&quot;: &quot;Completed&quot;,
        &quot;ea1&quot;: &quot;NB70P12&quot;,
        &quot;ea2&quot;: &quot;Northern Region&quot;
      }
    },
    {
      &quot;attributes&quot;: {
        &quot;owner&quot;: &quot;Conduct&quot;,
        &quot;stage&quot;: &quot;Completed&quot;,
        &quot;ea1&quot;: &quot;NB70P12&quot;,
        &quot;ea2&quot;: &quot;Northern Region&quot;
      }
    },
    {
      &quot;attributes&quot;: {
        &quot;owner&quot;: &quot;Conduct&quot;,
        &quot;stage&quot;: &quot;Completed&quot;,
        &quot;ea1&quot;: &quot;NB70P12&quot;,
        &quot;ea2&quot;: &quot;Northern Region&quot;
      }
    },
    {
      &quot;attributes&quot;: {
        &quot;owner&quot;: &quot;Conduct&quot;,
        &quot;stage&quot;: &quot;Completed&quot;,
        &quot;ea1&quot;: &quot;NB70P12&quot;,
        &quot;ea2&quot;: &quot;Northern Region&quot;
      }
    },
    {
      &quot;attributes&quot;: {
        &quot;owner&quot;: &quot;Conduct&quot;,
        &quot;stage&quot;: &quot;Completed&quot;,
        &quot;ea1&quot;: &quot;NB70P12&quot;,
        &quot;ea2&quot;: &quot;Northern Region&quot;
      }
    },
    {
      &quot;attributes&quot;: {
        &quot;owner&quot;: &quot;Conduct&quot;,
        &quot;stage&quot;: &quot;Construction&quot;,
        &quot;ea1&quot;: &quot;NB70P12&quot;,
        &quot;ea2&quot;: &quot;Northern Region&quot;
      }
    },
    {
      &quot;attributes&quot;: {
        &quot;owner&quot;: &quot;Conduct&quot;,
        &quot;stage&quot;: &quot;Construction&quot;,
        &quot;ea1&quot;: &quot;NB70P12&quot;,
        &quot;ea2&quot;: &quot;Northern Region&quot;
      }
    },
    {
      &quot;attributes&quot;: {
        &quot;owner&quot;: &quot;Conduct&quot;,
        &quot;stage&quot;: &quot;Completed&quot;,
        &quot;ea1&quot;: &quot;NB70P13&quot;,
        &quot;ea2&quot;: &quot;Northern Region&quot;
      }
    },
    {
      &quot;attributes&quot;: {
        &quot;owner&quot;: &quot;Conduct&quot;,
        &quot;stage&quot;: &quot;Construction&quot;,
        &quot;ea1&quot;: &quot;NB70P13&quot;,
        &quot;ea2&quot;: &quot;Northern Region&quot;
      }
    },
    {
      &quot;attributes&quot;: {
        &quot;owner&quot;: &quot;Conduct&quot;,
        &quot;stage&quot;: &quot;Completed&quot;,
        &quot;ea1&quot;: &quot;NB70P13&quot;,
        &quot;ea2&quot;: &quot;Northern Region&quot;
      }
    },
    {
      &quot;attributes&quot;: {
        &quot;owner&quot;: &quot;Conduct&quot;,
        &quot;stage&quot;: &quot;Construction&quot;,
        &quot;ea1&quot;: &quot;AS15842BA345005&quot;,
        &quot;ea2&quot;: &quot;Northern Region&quot;
      }
    },
    {
      &quot;attributes&quot;: {
        &quot;owner&quot;: &quot;Conduct&quot;,
        &quot;stage&quot;: &quot;Construction&quot;,
        &quot;ea1&quot;: &quot;AS15842GA345006&quot;,
        &quot;ea2&quot;: &quot;Northern Region&quot;
      }
    },
    {
      &quot;attributes&quot;: {
        &quot;owner&quot;: &quot;Conduct&quot;,
        &quot;stage&quot;: &quot;Completed&quot;,
        &quot;ea1&quot;: &quot;AS15841BH003572&quot;,
        &quot;ea2&quot;: &quot;Northern Region&quot;
      }
    },
    {
      &quot;attributes&quot;: {
        &quot;owner&quot;: &quot;Conduct&quot;,
        &quot;stage&quot;: &quot;Construction&quot;,
        &quot;ea1&quot;: &quot;AS15841BH003572&quot;,
        &quot;ea2&quot;: &quot;Northern Region&quot;
      }
    },
    {
      &quot;attributes&quot;: {
        &quot;owner&quot;: &quot;Conduct&quot;,
        &quot;stage&quot;: &quot;Construction&quot;,
        &quot;ea1&quot;: &quot;AS16512BH300050&quot;,
        &quot;ea2&quot;: &quot;Northern Region&quot;
      }
    },
    {
      &quot;attributes&quot;: {
        &quot;owner&quot;: &quot;Conduct&quot;,
        &quot;stage&quot;: &quot;Construction&quot;,
        &quot;ea1&quot;: &quot;AS16512BH300049&quot;,
        &quot;ea2&quot;: &quot;Northern Region&quot;
      }
    },
    {
      &quot;attributes&quot;: {
        &quot;owner&quot;: &quot;Conduct&quot;,
        &quot;stage&quot;: &quot;Completed&quot;,
        &quot;ea1&quot;: &quot;AS16339WHWST036&quot;,
        &quot;ea2&quot;: &quot;Western Region&quot;
      }
    },
    {
      &quot;attributes&quot;: {
        &quot;owner&quot;: &quot;Conduct&quot;,
        &quot;stage&quot;: &quot;Completed&quot;,
        &quot;ea1&quot;: &quot;AS16339WHWST037&quot;,
        &quot;ea2&quot;: &quot;Western Region&quot;
      }
    },
    {
      &quot;attributes&quot;: {
        &quot;owner&quot;: &quot;Conduct&quot;,
        &quot;stage&quot;: &quot;Completed&quot;,
        &quot;ea1&quot;: &quot;AS16590WHWST024&quot;,
        &quot;ea2&quot;: &quot;Western Region&quot;
      }
    },
    {
      &quot;attributes&quot;: {
        &quot;owner&quot;: &quot;Conduct&quot;,
        &quot;stage&quot;: &quot;Completed&quot;,
        &quot;ea1&quot;: &quot;AS16590WHWST025&quot;,
        &quot;ea2&quot;: &quot;Western Region&quot;
      }
    },
    {
      &quot;attributes&quot;: {
        &quot;owner&quot;: &quot;Conduct&quot;,
        &quot;stage&quot;: &quot;Completed&quot;,
        &quot;ea1&quot;: &quot;AS15673WHSTN007&quot;,
        &quot;ea2&quot;: &quot;Western Region&quot;
      }
    },
    {
      &quot;attributes&quot;: {
        &quot;owner&quot;: &quot;Conduct&quot;,
        &quot;stage&quot;: &quot;Completed&quot;,
        &quot;ea1&quot;: &quot;AS13392WHWST005&quot;,
        &quot;ea2&quot;: &quot;Western Region&quot;
      }
    },
    {
      &quot;attributes&quot;: {
        &quot;owner&quot;: &quot;Conduct&quot;,
        &quot;stage&quot;: &quot;Completed&quot;,
        &quot;ea1&quot;: &quot;AS13392WHWST006&quot;,
        &quot;ea2&quot;: &quot;Western Region&quot;
      }
    },
    {
      &quot;attributes&quot;: {
        &quot;owner&quot;: &quot;Conduct&quot;,
        &quot;stage&quot;: &quot;Construction&quot;,
        &quot;ea1&quot;: &quot;AS13547BH004091 &quot;,
        &quot;ea2&quot;: &quot;Northern Region&quot;
      }
    },
    {
      &quot;attributes&quot;: {
        &quot;owner&quot;: &quot;Conduct&quot;,
        &quot;stage&quot;: &quot;Completed&quot;,
        &quot;ea1&quot;: &quot;AS14529WH283126&quot;,
        &quot;ea2&quot;: &quot;Western Region&quot;
      }
    },
    {
      &quot;attributes&quot;: {
        &quot;owner&quot;: &quot;Conduct&quot;,
        &quot;stage&quot;: &quot;Completed&quot;,
        &quot;ea1&quot;: &quot;AS14529WH283125&quot;,
        &quot;ea2&quot;: &quot;Western Region&quot;
      }
    },
    {
      &quot;attributes&quot;: {
        &quot;owner&quot;: &quot;Conduct&quot;,
        &quot;stage&quot;: &quot;Completed&quot;,
        &quot;ea1&quot;: &quot;AS14529WH283113&quot;,
        &quot;ea2&quot;: &quot;Western Region&quot;
      }
    },
    {
      &quot;attributes&quot;: {
        &quot;owner&quot;: &quot;Conduct&quot;,
        &quot;stage&quot;: &quot;Construction&quot;,
        &quot;ea1&quot;: &quot; &quot;,
        &quot;ea2&quot;: &quot;Western Region&quot;
      }
    },
    {
      &quot;attributes&quot;: {
        &quot;owner&quot;: &quot;Conduct&quot;,
        &quot;stage&quot;: &quot;Completed&quot;,
        &quot;ea1&quot;: &quot; &quot;,
        &quot;ea2&quot;: &quot;Western Region&quot;
      }
    },
    {
      &quot;attributes&quot;: {
        &quot;owner&quot;: &quot;Conduct&quot;,
        &quot;stage&quot;: &quot;Completed&quot;,
        &quot;ea1&quot;: &quot; &quot;,
        &quot;ea2&quot;: &quot;Western Region&quot;
      }
    },
    {
      &quot;attributes&quot;: {
        &quot;owner&quot;: &quot;Conduct&quot;,
        &quot;stage&quot;: &quot;Completed&quot;,
        &quot;ea1&quot;: &quot;AS16055WSTN002&quot;,
        &quot;ea2&quot;: &quot;Western Region&quot;
      }
    },
    {
      &quot;attributes&quot;: {
        &quot;owner&quot;: &quot;Conduct&quot;,
        &quot;stage&quot;: &quot;Completed&quot;,
        &quot;ea1&quot;: &quot;W70P07&quot;,
        &quot;ea2&quot;: &quot;Western Region&quot;
      }
    },
    {
      &quot;attributes&quot;: {
        &quot;owner&quot;: &quot;Conduct&quot;,
        &quot;stage&quot;: &quot;Construction&quot;,
        &quot;ea1&quot;: &quot;AS17789BH345327 &quot;,
        &quot;ea2&quot;: &quot;Northern Region&quot;
      }
    },
    {
      &quot;attributes&quot;: {
        &quot;owner&quot;: &quot;Conduct&quot;,
        &quot;stage&quot;: &quot;Construction&quot;,
        &quot;ea1&quot;: &quot; &quot;,
        &quot;ea2&quot;: &quot;Northern Region&quot;
      }
    },
    {
      &quot;attributes&quot;: {
        &quot;owner&quot;: &quot;Conduct&quot;,
        &quot;stage&quot;: &quot;Construction&quot;,
        &quot;ea1&quot;: &quot; &quot;,
        &quot;ea2&quot;: &quot;Northern Region&quot;
      }
    },
    {
      &quot;attributes&quot;: {
        &quot;owner&quot;: &quot;Conduct&quot;,
        &quot;stage&quot;: &quot;Construction&quot;,
        &quot;ea1&quot;: &quot; &quot;,
        &quot;ea2&quot;: &quot;Northern Region&quot;
      }
    },
    {
      &quot;attributes&quot;: {
        &quot;owner&quot;: &quot;Conduct&quot;,
        &quot;stage&quot;: &quot;Completed&quot;,
        &quot;ea1&quot;: &quot;none&quot;,
        &quot;ea2&quot;: &quot;Northern Region&quot;
      }
    },
    {
      &quot;attributes&quot;: {
        &quot;owner&quot;: &quot;Conduct&quot;,
        &quot;stage&quot;: &quot;Completed&quot;,
        &quot;ea1&quot;: &quot;none&quot;,
        &quot;ea2&quot;: &quot;Northern Region&quot;
      }
    },
    {
      &quot;attributes&quot;: {
        &quot;owner&quot;: &quot;Conduct&quot;,
        &quot;stage&quot;: &quot;Completed&quot;,
        &quot;ea1&quot;: &quot;W70P07&quot;,
        &quot;ea2&quot;: &quot;Western Region&quot;
      }
    },
    {
      &quot;attributes&quot;: {
        &quot;owner&quot;: &quot;Conduct&quot;,
        &quot;stage&quot;: &quot;Completed&quot;,
        &quot;ea1&quot;: &quot;W70P07&quot;,
        &quot;ea2&quot;: &quot;Western Region&quot;
      }
    },
    {
      &quot;attributes&quot;: {
        &quot;owner&quot;: &quot;Conduct&quot;,
        &quot;stage&quot;: &quot;Completed&quot;,
        &quot;ea1&quot;: &quot;W70P07&quot;,
        &quot;ea2&quot;: &quot;Western Region&quot;
      }
    },
    {
      &quot;attributes&quot;: {
        &quot;owner&quot;: &quot;Conduct&quot;,
        &quot;stage&quot;: &quot;Completed&quot;,
        &quot;ea1&quot;: &quot;W70P10&quot;,
        &quot;ea2&quot;: &quot;Western Region&quot;
      }
    },
    {
      &quot;attributes&quot;: {
        &quot;owner&quot;: &quot;Conduct&quot;,
        &quot;stage&quot;: &quot;Completed&quot;,
        &quot;ea1&quot;: &quot;W70P10&quot;,
        &quot;ea2&quot;: &quot;Western Region&quot;
      }
    },
    {
      &quot;attributes&quot;: {
        &quot;owner&quot;: &quot;Conduct&quot;,
        &quot;stage&quot;: &quot;Completed&quot;,
        &quot;ea1&quot;: &quot;W70P07&quot;,
        &quot;ea2&quot;: &quot;Western Region&quot;
      }
    },
    {
      &quot;attributes&quot;: {
        &quot;owner&quot;: &quot;Conduct&quot;,
        &quot;stage&quot;: &quot;Completed&quot;,
        &quot;ea1&quot;: &quot;W70P07&quot;,
        &quot;ea2&quot;: &quot;Western Region&quot;
      }
    },
    {
      &quot;attributes&quot;: {
        &quot;owner&quot;: &quot;Conduct&quot;,
        &quot;stage&quot;: &quot;Completed&quot;,
        &quot;ea1&quot;: &quot;W70P07&quot;,
        &quot;ea2&quot;: &quot;Western Region&quot;
      }
    },
    {
      &quot;attributes&quot;: {
        &quot;owner&quot;: &quot;Conduct&quot;,
        &quot;stage&quot;: &quot;Completed&quot;,
        &quot;ea1&quot;: &quot;W70P07&quot;,
        &quot;ea2&quot;: &quot;Western Region&quot;
      }
    },
    {
      &quot;attributes&quot;: {
        &quot;owner&quot;: &quot;Conduct&quot;,
        &quot;stage&quot;: &quot;Completed&quot;,
        &quot;ea1&quot;: &quot;W70P07&quot;,
        &quot;ea2&quot;: &quot;Western Region&quot;
      }
    },
    {
      &quot;attributes&quot;: {
        &quot;owner&quot;: &quot;Conduct&quot;,
        &quot;stage&quot;: &quot;Completed&quot;,
        &quot;ea1&quot;: &quot;W70P07&quot;,
        &quot;ea2&quot;: &quot;Western Region&quot;
      }
    },
    {
      &quot;attributes&quot;: {
        &quot;owner&quot;: &quot;Conduct&quot;,
        &quot;stage&quot;: &quot;Completed&quot;,
        &quot;ea1&quot;: &quot;W70P07&quot;,
        &quot;ea2&quot;: &quot;Western Region&quot;
      }
    },
    {
      &quot;attributes&quot;: {
        &quot;owner&quot;: &quot;Conduct&quot;,
        &quot;stage&quot;: &quot;Completed&quot;,
        &quot;ea1&quot;: &quot;W70P07&quot;,
        &quot;ea2&quot;: &quot;Western Region&quot;
      }
    },
    {
      &quot;attributes&quot;: {
        &quot;owner&quot;: &quot;Conduct&quot;,
        &quot;stage&quot;: &quot;Completed&quot;,
        &quot;ea1&quot;: &quot;W70P07&quot;,
        &quot;ea2&quot;: &quot;Western Region&quot;
      }
    },
    {
      &quot;attributes&quot;: {
        &quot;owner&quot;: &quot;Conduct&quot;,
        &quot;stage&quot;: &quot;Completed&quot;,
        &quot;ea1&quot;: &quot;W70P07&quot;,
        &quot;ea2&quot;: &quot;Western Region&quot;
      }
    },
    {
      &quot;attributes&quot;: {
        &quot;owner&quot;: &quot;Conduct&quot;,
        &quot;stage&quot;: &quot;Completed&quot;,
        &quot;ea1&quot;: &quot;W70P07&quot;,
        &quot;ea2&quot;: &quot;Western Region&quot;
      }
    },
    {
      &quot;attributes&quot;: {
        &quot;owner&quot;: &quot;Conduct&quot;,
        &quot;stage&quot;: &quot;Completed&quot;,
        &quot;ea1&quot;: &quot;W70P07&quot;,
        &quot;ea2&quot;: &quot;Western Region&quot;
      }
    },
    {
      &quot;attributes&quot;: {
        &quot;owner&quot;: &quot;Conduct&quot;,
        &quot;stage&quot;: &quot;Completed&quot;,
        &quot;ea1&quot;: &quot;W70P07&quot;,
        &quot;ea2&quot;: &quot;Western Region&quot;
      }
    },
    {
      &quot;attributes&quot;: {
        &quot;owner&quot;: &quot;Conduct&quot;,
        &quot;stage&quot;: &quot;Completed&quot;,
        &quot;ea1&quot;: &quot;W70P12&quot;,
        &quot;ea2&quot;: &quot;Western Region&quot;
      }
    },
    {
      &quot;attributes&quot;: {
        &quot;owner&quot;: &quot;Conduct&quot;,
        &quot;stage&quot;: &quot;Completed&quot;,
        &quot;ea1&quot;: &quot;W70P07&quot;,
        &quot;ea2&quot;: &quot;Western Region&quot;
      }
    },
    {
      &quot;attributes&quot;: {
        &quot;owner&quot;: &quot;Conduct&quot;,
        &quot;stage&quot;: &quot;Completed&quot;,
        &quot;ea1&quot;: &quot;W70P07&quot;,
        &quot;ea2&quot;: &quot;Western Region&quot;
      }
    },
    {
      &quot;attributes&quot;: {
        &quot;owner&quot;: &quot;Conduct&quot;,
        &quot;stage&quot;: &quot;Completed&quot;,
        &quot;ea1&quot;: &quot;W70P07&quot;,
        &quot;ea2&quot;: &quot;Western Region&quot;
      }
    },
    {
      &quot;attributes&quot;: {
        &quot;owner&quot;: &quot;Conduct&quot;,
        &quot;stage&quot;: &quot;Completed&quot;,
        &quot;ea1&quot;: &quot;W70P07&quot;,
        &quot;ea2&quot;: &quot;Western Region&quot;
      }
    },
    {
      &quot;attributes&quot;: {
        &quot;owner&quot;: &quot;Conduct&quot;,
        &quot;stage&quot;: &quot;Completed&quot;,
        &quot;ea1&quot;: &quot;W70P07&quot;,
        &quot;ea2&quot;: &quot;Western Region&quot;
      }
    },
    {
      &quot;attributes&quot;: {
        &quot;owner&quot;: &quot;Conduct&quot;,
        &quot;stage&quot;: &quot;Completed&quot;,
        &quot;ea1&quot;: &quot;W70P09&quot;,
        &quot;ea2&quot;: &quot;Western Region&quot;
      }
    },
    {
      &quot;attributes&quot;: {
        &quot;owner&quot;: &quot;Conduct&quot;,
        &quot;stage&quot;: &quot;Completed&quot;,
        &quot;ea1&quot;: &quot;W70P07&quot;,
        &quot;ea2&quot;: &quot;Western Region&quot;
      }
    },
    {
      &quot;attributes&quot;: {
        &quot;owner&quot;: &quot;Conduct&quot;,
        &quot;stage&quot;: &quot;Completed&quot;,
        &quot;ea1&quot;: &quot;W70P07&quot;,
        &quot;ea2&quot;: &quot;Western Region&quot;
      }
    },
    {
      &quot;attributes&quot;: {
        &quot;owner&quot;: &quot;Conduct&quot;,
        &quot;stage&quot;: &quot;Completed&quot;,
        &quot;ea1&quot;: &quot;W70P07&quot;,
        &quot;ea2&quot;: &quot;Western Region&quot;
      }
    },
    {
      &quot;attributes&quot;: {
        &quot;owner&quot;: &quot;Conduct&quot;,
        &quot;stage&quot;: &quot;Construction&quot;,
        &quot;ea1&quot;: &quot;AS18824BH020320 &quot;,
        &quot;ea2&quot;: &quot;Northern Region&quot;
      }
    },
    {
      &quot;attributes&quot;: {
        &quot;owner&quot;: &quot;Conduct&quot;,
        &quot;stage&quot;: &quot;Construction&quot;,
        &quot;ea1&quot;: &quot;AS18824BH020320 &quot;,
        &quot;ea2&quot;: &quot;Northern Region&quot;
      }
    },
    {
      &quot;attributes&quot;: {
        &quot;owner&quot;: &quot;Conduct&quot;,
        &quot;stage&quot;: &quot;Construction&quot;,
        &quot;ea1&quot;: &quot; AS18859BH020320  &quot;,
        &quot;ea2&quot;: &quot;Northern Region&quot;
      }
    },
    {
      &quot;attributes&quot;: {
        &quot;owner&quot;: &quot;Conduct&quot;,
        &quot;stage&quot;: &quot;Construction&quot;,
        &quot;ea1&quot;: &quot;AS18859BH020320  &quot;,
        &quot;ea2&quot;: &quot;Northern Region&quot;
      }
    },
    {
      &quot;attributes&quot;: {
        &quot;owner&quot;: &quot;Conduct&quot;,
        &quot;stage&quot;: &quot;Completed&quot;,
        &quot;ea1&quot;: &quot;none&quot;,
        &quot;ea2&quot;: &quot;Northern Region&quot;
      }
    },
    {
      &quot;attributes&quot;: {
        &quot;owner&quot;: &quot;Conduct&quot;,
        &quot;stage&quot;: &quot;Construction&quot;,
        &quot;ea1&quot;: &quot;AS18865BH003573 &quot;,
        &quot;ea2&quot;: &quot;Northern Region&quot;
      }
    },
    {
      &quot;attributes&quot;: {
        &quot;owner&quot;: &quot;Conduct&quot;,
        &quot;stage&quot;: &quot;Completed&quot;,
        &quot;ea1&quot;: &quot;AS04048BH02117a&quot;,
        &quot;ea2&quot;: &quot;Northern Region&quot;
      }
    },
    {
      &quot;attributes&quot;: {
        &quot;owner&quot;: &quot;Conduct&quot;,
        &quot;stage&quot;: &quot;Construction&quot;,
        &quot;ea1&quot;: &quot;265 West Avenue&quot;,
        &quot;ea2&quot;: &quot;none&quot;
      }
    },
    {
      &quot;attributes&quot;: {
        &quot;owner&quot;: &quot;Conduct&quot;,
        &quot;stage&quot;: &quot;Construction&quot;,
        &quot;ea1&quot;: &quot;AS18997BH002114 &quot;,
        &quot;ea2&quot;: &quot;none&quot;
      }
    },
    {
      &quot;attributes&quot;: {
        &quot;owner&quot;: &quot;Conduct&quot;,
        &quot;stage&quot;: &quot;Construction&quot;,
        &quot;ea1&quot;: &quot;AS18997BH002114 &quot;,
        &quot;ea2&quot;: &quot;none&quot;
      }
    },
    {
      &quot;attributes&quot;: {
        &quot;owner&quot;: &quot;Conduct&quot;,
        &quot;stage&quot;: &quot;Construction&quot;,
        &quot;ea1&quot;: &quot;AS18997BH002114 &quot;,
        &quot;ea2&quot;: &quot;none&quot;
      }
    },
    {
      &quot;attributes&quot;: {
        &quot;owner&quot;: &quot;Conduct&quot;,
        &quot;stage&quot;: &quot;Construction&quot;,
        &quot;ea1&quot;: &quot;AS19003BH020318 &quot;,
        &quot;ea2&quot;: &quot;Northern Region&quot;
      }
    },
    {
      &quot;attributes&quot;: {
        &quot;owner&quot;: &quot;Conduct&quot;,
        &quot;stage&quot;: &quot;Construction&quot;,
        &quot;ea1&quot;: &quot;AS19003BH020318 &quot;,
        &quot;ea2&quot;: &quot;Northern Region&quot;
      }
    },
    {
      &quot;attributes&quot;: {
        &quot;owner&quot;: &quot;Conduct&quot;,
        &quot;stage&quot;: &quot;Construction&quot;,
        &quot;ea1&quot;: &quot;AS19003BH020318 &quot;,
        &quot;ea2&quot;: &quot;Northern Region&quot;
      }
    },
    {
      &quot;attributes&quot;: {
        &quot;owner&quot;: &quot;Conduct&quot;,
        &quot;stage&quot;: &quot;Construction&quot;,
        &quot;ea1&quot;: &quot;AS19038BH000711&quot;,
        &quot;ea2&quot;: &quot;none&quot;
      }
    },
    {
      &quot;attributes&quot;: {
        &quot;owner&quot;: &quot;Conduct&quot;,
        &quot;stage&quot;: &quot;Construction&quot;,
        &quot;ea1&quot;: &quot;AS19038BH000711&quot;,
        &quot;ea2&quot;: &quot;none&quot;
      }
    },
    {
      &quot;attributes&quot;: {
        &quot;owner&quot;: &quot;Conduct&quot;,
        &quot;stage&quot;: &quot;Construction&quot;,
        &quot;ea1&quot;: &quot;AS19038BH000711&quot;,
        &quot;ea2&quot;: &quot;none&quot;
      }
    },
    {
      &quot;attributes&quot;: {
        &quot;owner&quot;: &quot;Conduct&quot;,
        &quot;stage&quot;: &quot;Construction&quot;,
        &quot;ea1&quot;: &quot;AS19038BH000711&quot;,
        &quot;ea2&quot;: &quot;none&quot;
      }
    },
    {
      &quot;attributes&quot;: {
        &quot;owner&quot;: &quot;Conduct&quot;,
        &quot;stage&quot;: &quot;Construction&quot;,
        &quot;ea1&quot;: &quot;AS19038BH000711&quot;,
        &quot;ea2&quot;: &quot;none&quot;
      }
    },
    {
      &quot;attributes&quot;: {
        &quot;owner&quot;: &quot;Conduct&quot;,
        &quot;stage&quot;: &quot;Construction&quot;,
        &quot;ea1&quot;: &quot;AS19038BH000711&quot;,
        &quot;ea2&quot;: &quot;none&quot;
      }
    },
    {
      &quot;attributes&quot;: {
        &quot;owner&quot;: &quot;Conduct&quot;,
        &quot;stage&quot;: &quot;Construction&quot;,
        &quot;ea1&quot;: &quot;AS19038BH000711&quot;,
        &quot;ea2&quot;: &quot;none&quot;
      }
    },
    {
      &quot;attributes&quot;: {
        &quot;owner&quot;: &quot;Conduct&quot;,
        &quot;stage&quot;: &quot;Construction&quot;,
        &quot;ea1&quot;: &quot;AS19038BH000711&quot;,
        &quot;ea2&quot;: &quot;none&quot;
      }
    },
    {
      &quot;attributes&quot;: {
        &quot;owner&quot;: &quot;Conduct&quot;,
        &quot;stage&quot;: &quot;Construction&quot;,
        &quot;ea1&quot;: &quot;AS19038BH000711&quot;,
        &quot;ea2&quot;: &quot;none&quot;
      }
    },
    {
      &quot;attributes&quot;: {
        &quot;owner&quot;: &quot;Conduct&quot;,
        &quot;stage&quot;: &quot;Construction&quot;,
        &quot;ea1&quot;: &quot;AS19038BH000711&quot;,
        &quot;ea2&quot;: &quot;none&quot;
      }
    },
    {
      &quot;attributes&quot;: {
        &quot;owner&quot;: &quot;Conduct&quot;,
        &quot;stage&quot;: &quot;Construction&quot;,
        &quot;ea1&quot;: &quot;AS19038BH000711&quot;,
        &quot;ea2&quot;: &quot;none&quot;
      }
    },
    {
      &quot;attributes&quot;: {
        &quot;owner&quot;: &quot;Conduct&quot;,
        &quot;stage&quot;: &quot;Construction&quot;,
        &quot;ea1&quot;: &quot;AS19038BH000711&quot;,
        &quot;ea2&quot;: &quot;none&quot;
      }
    },
    {
      &quot;attributes&quot;: {
        &quot;owner&quot;: &quot;Conduct&quot;,
        &quot;stage&quot;: &quot;Construction&quot;,
        &quot;ea1&quot;: &quot;AS19038BH000711&quot;,
        &quot;ea2&quot;: &quot;none&quot;
      }
    },
    {
      &quot;attributes&quot;: {
        &quot;owner&quot;: &quot;Conduct&quot;,
        &quot;stage&quot;: &quot;Construction&quot;,
        &quot;ea1&quot;: &quot;AS19038BH000711&quot;,
        &quot;ea2&quot;: &quot;none&quot;
      }
    },
    {
      &quot;attributes&quot;: {
        &quot;owner&quot;: &quot;Conduct&quot;,
        &quot;stage&quot;: &quot;Construction&quot;,
        &quot;ea1&quot;: &quot;AS19041GH021466&quot;,
        &quot;ea2&quot;: &quot;none&quot;
      }
    },
    {
      &quot;attributes&quot;: {
        &quot;owner&quot;: &quot;Conduct&quot;,
        &quot;stage&quot;: &quot;Construction&quot;,
        &quot;ea1&quot;: &quot;AS19041GH021466&quot;,
        &quot;ea2&quot;: &quot;none&quot;
      }
    },
    {
      &quot;attributes&quot;: {
        &quot;owner&quot;: &quot;Conduct&quot;,
        &quot;stage&quot;: &quot;Construction&quot;,
        &quot;ea1&quot;: &quot;NB70P11&quot;,
        &quot;ea2&quot;: &quot;Northern Region&quot;
      }
    },
    {
      &quot;attributes&quot;: {
        &quot;owner&quot;: &quot;Conduct&quot;,
        &quot;stage&quot;: &quot;Construction&quot;,
        &quot;ea1&quot;: &quot;NB70P11&quot;,
        &quot;ea2&quot;: &quot;Northern Region&quot;
      }
    },
    {
      &quot;attributes&quot;: {
        &quot;owner&quot;: &quot;Conduct&quot;,
        &quot;stage&quot;: &quot;Construction&quot;,
        &quot;ea1&quot;: &quot;AS19181BH020318&quot;,
        &quot;ea2&quot;: &quot;none&quot;
      }
    },
    {
      &quot;attributes&quot;: {
        &quot;owner&quot;: &quot;Conduct&quot;,
        &quot;stage&quot;: &quot;Construction&quot;,
        &quot;ea1&quot;: &quot;AS19181BH020318&quot;,
        &quot;ea2&quot;: &quot;none&quot;
      }
    },
    {
      &quot;attributes&quot;: {
        &quot;owner&quot;: &quot;Conduct&quot;,
        &quot;stage&quot;: &quot;Construction&quot;,
        &quot;ea1&quot;: &quot;AS19199BH346870 &quot;,
        &quot;ea2&quot;: &quot;none&quot;
      }
    },
    {
      &quot;attributes&quot;: {
        &quot;owner&quot;: &quot;Conduct&quot;,
        &quot;stage&quot;: &quot;Construction&quot;,
        &quot;ea1&quot;: &quot;AS19199BH346870 &quot;,
        &quot;ea2&quot;: &quot;none&quot;
      }
    },
    {
      &quot;attributes&quot;: {
        &quot;owner&quot;: &quot;Conduct&quot;,
        &quot;stage&quot;: &quot;Construction&quot;,
        &quot;ea1&quot;: &quot;AS19199BH346870 &quot;,
        &quot;ea2&quot;: &quot;none&quot;
      }
    },
    {
      &quot;attributes&quot;: {
        &quot;owner&quot;: &quot;Conduct&quot;,
        &quot;stage&quot;: &quot;Construction&quot;,
        &quot;ea1&quot;: &quot;AS19199BH346870 &quot;,
        &quot;ea2&quot;: &quot;none&quot;
      }
    },
    {
      &quot;attributes&quot;: {
        &quot;owner&quot;: &quot;Conduct&quot;,
        &quot;stage&quot;: &quot;Construction&quot;,
        &quot;ea1&quot;: &quot;AS19199BH346870 &quot;,
        &quot;ea2&quot;: &quot;none&quot;
      }
    },
    {
      &quot;attributes&quot;: {
        &quot;owner&quot;: &quot;Conduct&quot;,
        &quot;stage&quot;: &quot;Construction&quot;,
        &quot;ea1&quot;: &quot;AS19199BH346870 &quot;,
        &quot;ea2&quot;: &quot;none&quot;
      }
    },
    {
      &quot;attributes&quot;: {
        &quot;owner&quot;: &quot;Conduct&quot;,
        &quot;stage&quot;: &quot;Construction&quot;,
        &quot;ea1&quot;: &quot;AS19199BH346870 &quot;,
        &quot;ea2&quot;: &quot;none&quot;
      }
    },
    {
      &quot;attributes&quot;: {
        &quot;owner&quot;: &quot;Conduct&quot;,
        &quot;stage&quot;: &quot;Construction&quot;,
        &quot;ea1&quot;: &quot;AS19199BH346870 &quot;,
        &quot;ea2&quot;: &quot;none&quot;
      }
    },
    {
      &quot;attributes&quot;: {
        &quot;owner&quot;: &quot;Conduct&quot;,
        &quot;stage&quot;: &quot;Construction&quot;,
        &quot;ea1&quot;: &quot; &quot;,
        &quot;ea2&quot;: &quot;Northern Region&quot;
      }
    },
    {
      &quot;attributes&quot;: {
        &quot;owner&quot;: &quot;Conduct&quot;,
        &quot;stage&quot;: &quot;Construction&quot;,
        &quot;ea1&quot;: &quot;AS19274BH021463 &quot;,
        &quot;ea2&quot;: &quot;none&quot;
      }
    },
    {
      &quot;attributes&quot;: {
        &quot;owner&quot;: &quot;Conduct&quot;,
        &quot;stage&quot;: &quot;Construction&quot;,
        &quot;ea1&quot;: &quot;AS19274BH021463 &quot;,
        &quot;ea2&quot;: &quot;none&quot;
      }
    },
    {
      &quot;attributes&quot;: {
        &quot;owner&quot;: &quot;Conduct&quot;,
        &quot;stage&quot;: &quot;Completed&quot;,
        &quot;ea1&quot;: &quot;NB70P12&quot;,
        &quot;ea2&quot;: &quot;Northern Region&quot;
      }
    },
    {
      &quot;attributes&quot;: {
        &quot;owner&quot;: &quot;Conduct&quot;,
        &quot;stage&quot;: &quot;Completed&quot;,
        &quot;ea1&quot;: &quot;NB70P12&quot;,
        &quot;ea2&quot;: &quot;Northern Region&quot;
      }
    },
    {
      &quot;attributes&quot;: {
        &quot;owner&quot;: &quot;Conduct&quot;,
        &quot;stage&quot;: &quot;Construction&quot;,
        &quot;ea1&quot;: &quot;AS19299BH024102&quot;,
        &quot;ea2&quot;: &quot;none&quot;
      }
    },
    {
      &quot;attributes&quot;: {
        &quot;owner&quot;: &quot;Conduct&quot;,
        &quot;stage&quot;: &quot;Construction&quot;,
        &quot;ea1&quot;: &quot;AS19299BH024102&quot;,
        &quot;ea2&quot;: &quot;none&quot;
      }
    },
    {
      &quot;attributes&quot;: {
        &quot;owner&quot;: &quot;Conduct&quot;,
        &quot;stage&quot;: &quot;Construction&quot;,
        &quot;ea1&quot;: &quot;NB70P11&quot;,
        &quot;ea2&quot;: &quot;Northern Region&quot;
      }
    },
    {
      &quot;attributes&quot;: {
        &quot;owner&quot;: &quot;Conduct&quot;,
        &quot;stage&quot;: &quot;Construction&quot;,
        &quot;ea1&quot;: &quot;NB70P11&quot;,
        &quot;ea2&quot;: &quot;Northern Region&quot;
      }
    },
    {
      &quot;attributes&quot;: {
        &quot;owner&quot;: &quot;Conduct&quot;,
        &quot;stage&quot;: &quot;Construction&quot;,
        &quot;ea1&quot;: &quot; &quot;,
        &quot;ea2&quot;: &quot;Northern Region&quot;
      }
    },
    {
      &quot;attributes&quot;: {
        &quot;owner&quot;: &quot;Conduct&quot;,
        &quot;stage&quot;: &quot;Construction&quot;,
        &quot;ea1&quot;: &quot; &quot;,
        &quot;ea2&quot;: &quot;Northern Region&quot;
      }
    },
    {
      &quot;attributes&quot;: {
        &quot;owner&quot;: &quot;Conduct&quot;,
        &quot;stage&quot;: &quot;Construction&quot;,
        &quot;ea1&quot;: &quot; &quot;,
        &quot;ea2&quot;: &quot;Northern Region&quot;
      }
    },
    {
      &quot;attributes&quot;: {
        &quot;owner&quot;: &quot;Conduct&quot;,
        &quot;stage&quot;: &quot;Completed&quot;,
        &quot;ea1&quot;: &quot;NB70P12&quot;,
        &quot;ea2&quot;: &quot;Northern Region&quot;
      }
    },
    {
      &quot;attributes&quot;: {
        &quot;owner&quot;: &quot;Conduct&quot;,
        &quot;stage&quot;: &quot;Completed&quot;,
        &quot;ea1&quot;: &quot;NB70P12&quot;,
        &quot;ea2&quot;: &quot;Northern Region&quot;
      }
    },
    {
      &quot;attributes&quot;: {
        &quot;owner&quot;: &quot;Conduct&quot;,
        &quot;stage&quot;: &quot;Construction&quot;,
        &quot;ea1&quot;: &quot;AS19417BH024101&quot;,
        &quot;ea2&quot;: &quot;none&quot;
      }
    },
    {
      &quot;attributes&quot;: {
        &quot;owner&quot;: &quot;Conduct&quot;,
        &quot;stage&quot;: &quot;Construction&quot;,
        &quot;ea1&quot;: &quot;AS19417BH024101&quot;,
        &quot;ea2&quot;: &quot;none&quot;
      }
    },
    {
      &quot;attributes&quot;: {
        &quot;owner&quot;: &quot;Conduct&quot;,
        &quot;stage&quot;: &quot;Completed&quot;,
        &quot;ea1&quot;: &quot;NB70P12&quot;,
        &quot;ea2&quot;: &quot;Northern Region&quot;
      }
    },
    {
      &quot;attributes&quot;: {
        &quot;owner&quot;: &quot;Conduct&quot;,
        &quot;stage&quot;: &quot;Completed&quot;,
        &quot;ea1&quot;: &quot;NB70P12&quot;,
        &quot;ea2&quot;: &quot;Northern Region&quot;
      }
    },
    {
      &quot;attributes&quot;: {
        &quot;owner&quot;: &quot;Conduct&quot;,
        &quot;stage&quot;: &quot;Completed&quot;,
        &quot;ea1&quot;: &quot;NB70P12&quot;,
        &quot;ea2&quot;: &quot;Northern Region&quot;
      }
    },
    {
      &quot;attributes&quot;: {
        &quot;owner&quot;: &quot;Conduct&quot;,
        &quot;stage&quot;: &quot;Completed&quot;,
        &quot;ea1&quot;: &quot;AS19433BH021462 &quot;,
        &quot;ea2&quot;: &quot;none&quot;
      }
    },
    {
      &quot;attributes&quot;: {
        &quot;owner&quot;: &quot;Conduct&quot;,
        &quot;stage&quot;: &quot;Completed&quot;,
        &quot;ea1&quot;: &quot;AS19433BH021462&quot;,
        &quot;ea2&quot;: &quot;none&quot;
      }
    },
    {
      &quot;attributes&quot;: {
        &quot;owner&quot;: &quot;Conduct&quot;,
        &quot;stage&quot;: &quot;Construction&quot;,
        &quot;ea1&quot;: &quot;AS19450BH004083 &quot;,
        &quot;ea2&quot;: &quot;none&quot;
      }
    },
    {
      &quot;attributes&quot;: {
        &quot;owner&quot;: &quot;Conduct&quot;,
        &quot;stage&quot;: &quot;Construction&quot;,
        &quot;ea1&quot;: &quot;AS19450BH004083 &quot;,
        &quot;ea2&quot;: &quot;none&quot;
      }
    },
    {
      &quot;attributes&quot;: {
        &quot;owner&quot;: &quot;Conduct&quot;,
        &quot;stage&quot;: &quot;Construction&quot;,
        &quot;ea1&quot;: &quot;AS19450BH004083 &quot;,
        &quot;ea2&quot;: &quot;none&quot;
      }
    },
    {
      &quot;attributes&quot;: {
        &quot;owner&quot;: &quot;Conduct&quot;,
        &quot;stage&quot;: &quot;Construction&quot;,
        &quot;ea1&quot;: &quot;AS19450BH004083 &quot;,
        &quot;ea2&quot;: &quot;none&quot;
      }
    },
    {
      &quot;attributes&quot;: {
        &quot;owner&quot;: &quot;Conduct&quot;,
        &quot;stage&quot;: &quot;Construction&quot;,
        &quot;ea1&quot;: &quot;AS19450BH004083 &quot;,
        &quot;ea2&quot;: &quot;none&quot;
      }
    },
    {
      &quot;attributes&quot;: {
        &quot;owner&quot;: &quot;Conduct&quot;,
        &quot;stage&quot;: &quot;Construction&quot;,
        &quot;ea1&quot;: &quot;AS19450BH004083 &quot;,
        &quot;ea2&quot;: &quot;none&quot;
      }
    },
    {
      &quot;attributes&quot;: {
        &quot;owner&quot;: &quot;Conduct&quot;,
        &quot;stage&quot;: &quot;Construction&quot;,
        &quot;ea1&quot;: &quot;AS19450BH004083 &quot;,
        &quot;ea2&quot;: &quot;none&quot;
      }
    },
    {
      &quot;attributes&quot;: {
        &quot;owner&quot;: &quot;Conduct&quot;,
        &quot;stage&quot;: &quot;Construction&quot;,
        &quot;ea1&quot;: &quot;AS19450BH004083 &quot;,
        &quot;ea2&quot;: &quot;none&quot;
      }
    },
    {
      &quot;attributes&quot;: {
        &quot;owner&quot;: &quot;Conduct&quot;,
        &quot;stage&quot;: &quot;Construction&quot;,
        &quot;ea1&quot;: &quot;AS20846BH070721 &quot;,
        &quot;ea2&quot;: &quot;Northern Region&quot;
      }
    },
    {
      &quot;attributes&quot;: {
        &quot;owner&quot;: &quot;Conduct&quot;,
        &quot;stage&quot;: &quot;Construction&quot;,
        &quot;ea1&quot;: &quot;AS20846BH070721 &quot;,
        &quot;ea2&quot;: &quot;Northern Region&quot;
      }
    },
    {
      &quot;attributes&quot;: {
        &quot;owner&quot;: &quot;Conduct&quot;,
        &quot;stage&quot;: &quot;Construction&quot;,
        &quot;ea1&quot;: &quot;AS20846BH070721 &quot;,
        &quot;ea2&quot;: &quot;Northern Region&quot;
      }
    },
    {
      &quot;attributes&quot;: {
        &quot;owner&quot;: &quot;Conduct&quot;,
        &quot;stage&quot;: &quot;Construction&quot;,
        &quot;ea1&quot;: &quot;AS20846BH070721 &quot;,
        &quot;ea2&quot;: &quot;Northern Region&quot;
      }
    },
    {
      &quot;attributes&quot;: {
        &quot;owner&quot;: &quot;Conduct&quot;,
        &quot;stage&quot;: &quot;Construction&quot;,
        &quot;ea1&quot;: &quot;AS20846BH070721 &quot;,
        &quot;ea2&quot;: &quot;Northern Region&quot;
      }
    },
    {
      &quot;attributes&quot;: {
        &quot;owner&quot;: &quot;Conduct&quot;,
        &quot;stage&quot;: &quot;Construction&quot;,
        &quot;ea1&quot;: &quot;AS20846BH070721 &quot;,
        &quot;ea2&quot;: &quot;Northern Region&quot;
      }
    },
    {
      &quot;attributes&quot;: {
        &quot;owner&quot;: &quot;Conduct&quot;,
        &quot;stage&quot;: &quot;Construction&quot;,
        &quot;ea1&quot;: &quot;AS20846BH070721 &quot;,
        &quot;ea2&quot;: &quot;Northern Region&quot;
      }
    },
    {
      &quot;attributes&quot;: {
        &quot;owner&quot;: &quot;Conduct&quot;,
        &quot;stage&quot;: &quot;Construction&quot;,
        &quot;ea1&quot;: &quot;AS20846BH070721 &quot;,
        &quot;ea2&quot;: &quot;Northern Region&quot;
      }
    },
    {
      &quot;attributes&quot;: {
        &quot;owner&quot;: &quot;Conduct&quot;,
        &quot;stage&quot;: &quot;Construction&quot;,
        &quot;ea1&quot;: &quot;AS20846BH070721 &quot;,
        &quot;ea2&quot;: &quot;Northern Region&quot;
      }
    },
    {
      &quot;attributes&quot;: {
        &quot;owner&quot;: &quot;Conduct&quot;,
        &quot;stage&quot;: &quot;Construction&quot;,
        &quot;ea1&quot;: &quot;AS20846BH070721 &quot;,
        &quot;ea2&quot;: &quot;Northern Region&quot;
      }
    },
    {
      &quot;attributes&quot;: {
        &quot;owner&quot;: &quot;Conduct&quot;,
        &quot;stage&quot;: &quot;Construction&quot;,
        &quot;ea1&quot;: &quot;AS20846BH070721 &quot;,
        &quot;ea2&quot;: &quot;Northern Region&quot;
      }
    },
    {
      &quot;attributes&quot;: {
        &quot;owner&quot;: &quot;Conduct&quot;,
        &quot;stage&quot;: &quot;Construction&quot;,
        &quot;ea1&quot;: &quot;AS20818BH345370 &quot;,
        &quot;ea2&quot;: &quot;none&quot;
      }
    },
    {
      &quot;attributes&quot;: {
        &quot;owner&quot;: &quot;Conduct&quot;,
        &quot;stage&quot;: &quot;Construction&quot;,
        &quot;ea1&quot;: &quot;AS20818BH345370&quot;,
        &quot;ea2&quot;: &quot;none&quot;
      }
    },
    {
      &quot;attributes&quot;: {
        &quot;owner&quot;: &quot;Conduct&quot;,
        &quot;stage&quot;: &quot;Completed&quot;,
        &quot;ea1&quot;: &quot;AS20898BH024102&quot;,
        &quot;ea2&quot;: &quot;none&quot;
      }
    },
    {
      &quot;attributes&quot;: {
        &quot;owner&quot;: &quot;Conduct&quot;,
        &quot;stage&quot;: &quot;Completed&quot;,
        &quot;ea1&quot;: &quot;AS20898BH024102 &quot;,
        &quot;ea2&quot;: &quot;none&quot;
      }
    },
    {
      &quot;attributes&quot;: {
        &quot;owner&quot;: &quot;Conduct&quot;,
        &quot;stage&quot;: &quot;Construction&quot;,
        &quot;ea1&quot;: &quot;AS20955BH000709&quot;,
        &quot;ea2&quot;: &quot;none&quot;
      }
    },
    {
      &quot;attributes&quot;: {
        &quot;owner&quot;: &quot;Conduct&quot;,
        &quot;stage&quot;: &quot;Construction&quot;,
        &quot;ea1&quot;: &quot;AS20955BH000709 &quot;,
        &quot;ea2&quot;: &quot;none&quot;
      }
    },
    {
      &quot;attributes&quot;: {
        &quot;owner&quot;: &quot;Conduct&quot;,
        &quot;stage&quot;: &quot;Completed&quot;,
        &quot;ea1&quot;: &quot;NB70P12&quot;,
        &quot;ea2&quot;: &quot;Northern Region&quot;
      }
    },
    {
      &quot;attributes&quot;: {
        &quot;owner&quot;: &quot;Conduct&quot;,
        &quot;stage&quot;: &quot;Completed&quot;,
        &quot;ea1&quot;: &quot;NB70P12&quot;,
        &quot;ea2&quot;: &quot;Northern Region&quot;
      }
    },
    {
      &quot;attributes&quot;: {
        &quot;owner&quot;: &quot;Conduct&quot;,
        &quot;stage&quot;: &quot;Completed&quot;,
        &quot;ea1&quot;: &quot;AS20969BH021463 &quot;,
        &quot;ea2&quot;: &quot;Northern Region&quot;
      }
    },
    {
      &quot;attributes&quot;: {
        &quot;owner&quot;: &quot;Conduct&quot;,
        &quot;stage&quot;: &quot;Completed&quot;,
        &quot;ea1&quot;: &quot;AS20969BH021463&quot;,
        &quot;ea2&quot;: &quot;Northern Region&quot;
      }
    },
    {
      &quot;attributes&quot;: {
        &quot;owner&quot;: &quot;Conduct&quot;,
        &quot;stage&quot;: &quot;Construction&quot;,
        &quot;ea1&quot;: &quot;NB70P13&quot;,
        &quot;ea2&quot;: &quot;Northern Region&quot;
      }
    },
    {
      &quot;attributes&quot;: {
        &quot;owner&quot;: &quot;Conduct&quot;,
        &quot;stage&quot;: &quot;Construction&quot;,
        &quot;ea1&quot;: &quot;AS21032BH024102 &quot;,
        &quot;ea2&quot;: &quot;Northern Region&quot;
      }
    },
    {
      &quot;attributes&quot;: {
        &quot;owner&quot;: &quot;Conduct&quot;,
        &quot;stage&quot;: &quot;Construction&quot;,
        &quot;ea1&quot;: &quot;AS21032BH024102 &quot;,
        &quot;ea2&quot;: &quot;Northern Region&quot;
      }
    },
    {
      &quot;attributes&quot;: {
        &quot;owner&quot;: &quot;Conduct&quot;,
        &quot;stage&quot;: &quot;Completed&quot;,
        &quot;ea1&quot;: &quot;NB70P13&quot;,
        &quot;ea2&quot;: &quot;Northern Region&quot;
      }
    },
    {
      &quot;attributes&quot;: {
        &quot;owner&quot;: &quot;Conduct&quot;,
        &quot;stage&quot;: &quot;Construction&quot;,
        &quot;ea1&quot;: &quot;ENTRY 2&quot;,
        &quot;ea2&quot;: &quot;Northern Region&quot;
      }
    },
    {
      &quot;attributes&quot;: {
        &quot;owner&quot;: &quot;Conduct&quot;,
        &quot;stage&quot;: &quot;Construction&quot;,
        &quot;ea1&quot;: &quot;AS21044BH021463 &quot;,
        &quot;ea2&quot;: &quot;Northern Region&quot;
      }
    },
    {
      &quot;attributes&quot;: {
        &quot;owner&quot;: &quot;Conduct&quot;,
        &quot;stage&quot;: &quot;Construction&quot;,
        &quot;ea1&quot;: &quot;AS21044BH021463 &quot;,
        &quot;ea2&quot;: &quot;Northern Region&quot;
      }
    },
    {
      &quot;attributes&quot;: {
        &quot;owner&quot;: &quot;Conduct&quot;,
        &quot;stage&quot;: &quot;Completed&quot;,
        &quot;ea1&quot;: &quot;NB70P13&quot;,
        &quot;ea2&quot;: &quot;Northern Region&quot;
      }
    },
    {
      &quot;attributes&quot;: {
        &quot;owner&quot;: &quot;Conduct&quot;,
        &quot;stage&quot;: &quot;Completed&quot;,
        &quot;ea1&quot;: &quot;NB70P13&quot;,
        &quot;ea2&quot;: &quot;Northern Region&quot;
      }
    },
    {
      &quot;attributes&quot;: {
        &quot;owner&quot;: &quot;Conduct&quot;,
        &quot;stage&quot;: &quot;Construction&quot;,
        &quot;ea1&quot;: &quot;AS21046BH021463 &quot;,
        &quot;ea2&quot;: &quot;Northern Region&quot;
      }
    },
    {
      &quot;attributes&quot;: {
        &quot;owner&quot;: &quot;Conduct&quot;,
        &quot;stage&quot;: &quot;Completed&quot;,
        &quot;ea1&quot;: &quot;AS21066BH001521&quot;,
        &quot;ea2&quot;: &quot;none&quot;
      }
    },
    {
      &quot;attributes&quot;: {
        &quot;owner&quot;: &quot;Conduct&quot;,
        &quot;stage&quot;: &quot;Completed&quot;,
        &quot;ea1&quot;: &quot;AS21066BH001521&quot;,
        &quot;ea2&quot;: &quot;none&quot;
      }
    },
    {
      &quot;attributes&quot;: {
        &quot;owner&quot;: &quot;Conduct&quot;,
        &quot;stage&quot;: &quot;Construction&quot;,
        &quot;ea1&quot;: &quot;AS21056BH021466 &quot;,
        &quot;ea2&quot;: &quot;Northern Region&quot;
      }
    },
    {
      &quot;attributes&quot;: {
        &quot;owner&quot;: &quot;Conduct&quot;,
        &quot;stage&quot;: &quot;Construction&quot;,
        &quot;ea1&quot;: &quot;AS21056BH021466 &quot;,
        &quot;ea2&quot;: &quot;Northern Region&quot;
      }
    },
    {
      &quot;attributes&quot;: {
        &quot;owner&quot;: &quot;Conduct&quot;,
        &quot;stage&quot;: &quot;Construction&quot;,
        &quot;ea1&quot;: &quot;AS21056BH021466 &quot;,
        &quot;ea2&quot;: &quot;Northern Region&quot;
      }
    },
    {
      &quot;attributes&quot;: {
        &quot;owner&quot;: &quot;Conduct&quot;,
        &quot;stage&quot;: &quot;Construction&quot;,
        &quot;ea1&quot;: &quot;AS21119BH000715 &quot;,
        &quot;ea2&quot;: &quot;none&quot;
      }
    },
    {
      &quot;attributes&quot;: {
        &quot;owner&quot;: &quot;Conduct&quot;,
        &quot;stage&quot;: &quot;Construction&quot;,
        &quot;ea1&quot;: &quot;AS21119BH000715&quot;,
        &quot;ea2&quot;: &quot;none&quot;
      }
    },
    {
      &quot;attributes&quot;: {
        &quot;owner&quot;: &quot;Conduct&quot;,
        &quot;stage&quot;: &quot;Construction&quot;,
        &quot;ea1&quot;: &quot;AS21282BH020321 &quot;,
        &quot;ea2&quot;: &quot;Northern Region&quot;
      }
    },
    {
      &quot;attributes&quot;: {
        &quot;owner&quot;: &quot;Conduct&quot;,
        &quot;stage&quot;: &quot;Construction&quot;,
        &quot;ea1&quot;: &quot;AS21282BH020321 &quot;,
        &quot;ea2&quot;: &quot;Northern Region&quot;
      }
    },
    {
      &quot;attributes&quot;: {
        &quot;owner&quot;: &quot;Conduct&quot;,
        &quot;stage&quot;: &quot;Construction&quot;,
        &quot;ea1&quot;: &quot;AS21315BH000712 &quot;,
        &quot;ea2&quot;: &quot;none&quot;
      }
    },
    {
      &quot;attributes&quot;: {
        &quot;owner&quot;: &quot;Conduct&quot;,
        &quot;stage&quot;: &quot;Construction&quot;,
        &quot;ea1&quot;: &quot;AS21315BH000712&quot;,
        &quot;ea2&quot;: &quot;none&quot;
      }
    },
    {
      &quot;attributes&quot;: {
        &quot;owner&quot;: &quot;Conduct&quot;,
        &quot;stage&quot;: &quot;Construction&quot;,
        &quot;ea1&quot;: &quot;AS21324BH000712 &quot;,
        &quot;ea2&quot;: &quot;Northern Region&quot;
      }
    },
    {
      &quot;attributes&quot;: {
        &quot;owner&quot;: &quot;Conduct&quot;,
        &quot;stage&quot;: &quot;Construction&quot;,
        &quot;ea1&quot;: &quot;AS21324BH000712 &quot;,
        &quot;ea2&quot;: &quot;Northern Region&quot;
      }
    },
    {
      &quot;attributes&quot;: {
        &quot;owner&quot;: &quot;Conduct&quot;,
        &quot;stage&quot;: &quot;Completed&quot;,
        &quot;ea1&quot;: &quot;AS21412BH000712&quot;,
        &quot;ea2&quot;: &quot;none&quot;
      }
    },
    {
      &quot;attributes&quot;: {
        &quot;owner&quot;: &quot;Conduct&quot;,
        &quot;stage&quot;: &quot;Completed&quot;,
        &quot;ea1&quot;: &quot;AS21412BH000713 &quot;,
        &quot;ea2&quot;: &quot;none&quot;
      }
    },
    {
      &quot;attributes&quot;: {
        &quot;owner&quot;: &quot;Conduct&quot;,
        &quot;stage&quot;: &quot;Completed&quot;,
        &quot;ea1&quot;: &quot;AS21412BH000713 &quot;,
        &quot;ea2&quot;: &quot;none&quot;
      }
    },
    {
      &quot;attributes&quot;: {
        &quot;owner&quot;: &quot;Conduct&quot;,
        &quot;stage&quot;: &quot;Completed&quot;,
        &quot;ea1&quot;: &quot;AS21412BH000713 &quot;,
        &quot;ea2&quot;: &quot;none&quot;
      }
    },
    {
      &quot;attributes&quot;: {
        &quot;owner&quot;: &quot;Conduct&quot;,
        &quot;stage&quot;: &quot;Completed&quot;,
        &quot;ea1&quot;: &quot;AS21412BH000713 &quot;,
        &quot;ea2&quot;: &quot;none&quot;
      }
    },
    {
      &quot;attributes&quot;: {
        &quot;owner&quot;: &quot;Conduct&quot;,
        &quot;stage&quot;: &quot;Construction&quot;,
        &quot;ea1&quot;: &quot; AS17440BH020321  &quot;,
        &quot;ea2&quot;: &quot;none&quot;
      }
    },
    {
      &quot;attributes&quot;: {
        &quot;owner&quot;: &quot;Conduct&quot;,
        &quot;stage&quot;: &quot;Construction&quot;,
        &quot;ea1&quot;: &quot; AS17440BH020321  &quot;,
        &quot;ea2&quot;: &quot;none&quot;
      }
    },
    {
      &quot;attributes&quot;: {
        &quot;owner&quot;: &quot;Conduct&quot;,
        &quot;stage&quot;: &quot;Construction&quot;,
        &quot;ea1&quot;: &quot;AS21537BH020300 &quot;,
        &quot;ea2&quot;: &quot;none&quot;
      }
    },
    {
      &quot;attributes&quot;: {
        &quot;owner&quot;: &quot;Conduct&quot;,
        &quot;stage&quot;: &quot;Completed&quot;,
        &quot;ea1&quot;: &quot;AS21537BH020300 &quot;,
        &quot;ea2&quot;: &quot;none&quot;
      }
    },
    {
      &quot;attributes&quot;: {
        &quot;owner&quot;: &quot;Conduct&quot;,
        &quot;stage&quot;: &quot;Completed&quot;,
        &quot;ea1&quot;: &quot;AS21564BH000715 &quot;,
        &quot;ea2&quot;: &quot;none&quot;
      }
    },
    {
      &quot;attributes&quot;: {
        &quot;owner&quot;: &quot;Conduct&quot;,
        &quot;stage&quot;: &quot;Completed&quot;,
        &quot;ea1&quot;: &quot;AS21564BH000715 &quot;,
        &quot;ea2&quot;: &quot;none&quot;
      }
    },
    {
      &quot;attributes&quot;: {
        &quot;owner&quot;: &quot;Conduct&quot;,
        &quot;stage&quot;: &quot;Construction&quot;,
        &quot;ea1&quot;: &quot;AS21567BH000710&quot;,
        &quot;ea2&quot;: &quot;Northern Region&quot;
      }
    },
    {
      &quot;attributes&quot;: {
        &quot;owner&quot;: &quot;Conduct&quot;,
        &quot;stage&quot;: &quot;Construction&quot;,
        &quot;ea1&quot;: &quot;AS21567BH000710&quot;,
        &quot;ea2&quot;: &quot;Northern Region&quot;
      }
    },
    {
      &quot;attributes&quot;: {
        &quot;owner&quot;: &quot;Conduct&quot;,
        &quot;stage&quot;: &quot;Completed&quot;,
        &quot;ea1&quot;: &quot;AS21239WHCLM016&quot;,
        &quot;ea2&quot;: &quot;Western Region&quot;
      }
    },
    {
      &quot;attributes&quot;: {
        &quot;owner&quot;: &quot;Conduct&quot;,
        &quot;stage&quot;: &quot;Completed&quot;,
        &quot;ea1&quot;: &quot;AS21561BH000713 &quot;,
        &quot;ea2&quot;: &quot;Northern Region&quot;
      }
    },
    {
      &quot;attributes&quot;: {
        &quot;owner&quot;: &quot;Conduct&quot;,
        &quot;stage&quot;: &quot;Construction&quot;,
        &quot;ea1&quot;: &quot;AS21561BH000713 &quot;,
        &quot;ea2&quot;: &quot;Northern Region&quot;
      }
    },
    {
      &quot;attributes&quot;: {
        &quot;owner&quot;: &quot;Conduct&quot;,
        &quot;stage&quot;: &quot;Completed&quot;,
        &quot;ea1&quot;: &quot;AS21561BH000713 &quot;,
        &quot;ea2&quot;: &quot;Northern Region&quot;
      }
    },
    {
      &quot;attributes&quot;: {
        &quot;owner&quot;: &quot;Conduct&quot;,
        &quot;stage&quot;: &quot;Construction&quot;,
        &quot;ea1&quot;: &quot;AS21561BH000713 &quot;,
        &quot;ea2&quot;: &quot;Northern Region&quot;
      }
    },
    {
      &quot;attributes&quot;: {
        &quot;owner&quot;: &quot;Conduct&quot;,
        &quot;stage&quot;: &quot;Construction&quot;,
        &quot;ea1&quot;: &quot;none&quot;,
        &quot;ea2&quot;: &quot;none&quot;
      }
    },
    {
      &quot;attributes&quot;: {
        &quot;owner&quot;: &quot;Conduct&quot;,
        &quot;stage&quot;: &quot;Construction&quot;,
        &quot;ea1&quot;: &quot;AS21568BH000710 &quot;,
        &quot;ea2&quot;: &quot;none&quot;
      }
    },
    {
      &quot;attributes&quot;: {
        &quot;owner&quot;: &quot;Conduct&quot;,
        &quot;stage&quot;: &quot;Construction&quot;,
        &quot;ea1&quot;: &quot;AS21568BH000710 &quot;,
        &quot;ea2&quot;: &quot;none&quot;
      }
    },
    {
      &quot;attributes&quot;: {
        &quot;owner&quot;: &quot;Conduct&quot;,
        &quot;stage&quot;: &quot;Completed&quot;,
        &quot;ea1&quot;: &quot;AS21570BH000714 &quot;,
        &quot;ea2&quot;: &quot;none&quot;
      }
    },
    {
      &quot;attributes&quot;: {
        &quot;owner&quot;: &quot;Conduct&quot;,
        &quot;stage&quot;: &quot;Completed&quot;,
        &quot;ea1&quot;: &quot;AS21570BH000714 &quot;,
        &quot;ea2&quot;: &quot;none&quot;
      }
    },
    {
      &quot;attributes&quot;: {
        &quot;owner&quot;: &quot;Conduct&quot;,
        &quot;stage&quot;: &quot;Completed&quot;,
        &quot;ea1&quot;: &quot;AS21578BH345369 &quot;,
        &quot;ea2&quot;: &quot;none&quot;
      }
    },
    {
      &quot;attributes&quot;: {
        &quot;owner&quot;: &quot;Conduct&quot;,
        &quot;stage&quot;: &quot;Completed&quot;,
        &quot;ea1&quot;: &quot;AS21578BH345369 &quot;,
        &quot;ea2&quot;: &quot;none&quot;
      }
    },
    {
      &quot;attributes&quot;: {
        &quot;owner&quot;: &quot;Conduct&quot;,
        &quot;stage&quot;: &quot;Completed&quot;,
        &quot;ea1&quot;: &quot;none&quot;,
        &quot;ea2&quot;: &quot;none&quot;
      }
    },
    {
      &quot;attributes&quot;: {
        &quot;owner&quot;: &quot;Conduct&quot;,
        &quot;stage&quot;: &quot;Completed&quot;,
        &quot;ea1&quot;: &quot;AS21576GA354032 &quot;,
        &quot;ea2&quot;: &quot;none&quot;
      }
    },
    {
      &quot;attributes&quot;: {
        &quot;owner&quot;: &quot;Conduct&quot;,
        &quot;stage&quot;: &quot;Construction&quot;,
        &quot;ea1&quot;: &quot;none&quot;,
        &quot;ea2&quot;: &quot;none&quot;
      }
    },
    {
      &quot;attributes&quot;: {
        &quot;owner&quot;: &quot;Conduct&quot;,
        &quot;stage&quot;: &quot;Construction&quot;,
        &quot;ea1&quot;: &quot;AS21576GH070714 &quot;,
        &quot;ea2&quot;: &quot;Northern Region&quot;
      }
    },
    {
      &quot;attributes&quot;: {
        &quot;owner&quot;: &quot;Conduct&quot;,
        &quot;stage&quot;: &quot;Completed&quot;,
        &quot;ea1&quot;: &quot;AS21580BH020399 &quot;,
        &quot;ea2&quot;: &quot;none&quot;
      }
    },
    {
      &quot;attributes&quot;: {
        &quot;owner&quot;: &quot;Conduct&quot;,
        &quot;stage&quot;: &quot;Completed&quot;,
        &quot;ea1&quot;: &quot;AS21580BH020399 &quot;,
        &quot;ea2&quot;: &quot;none&quot;
      }
    },
    {
      &quot;attributes&quot;: {
        &quot;owner&quot;: &quot;Conduct&quot;,
        &quot;stage&quot;: &quot;Construction&quot;,
        &quot;ea1&quot;: &quot;AS21570BH000714 &quot;,
        &quot;ea2&quot;: &quot;Northern Region&quot;
      }
    },
    {
      &quot;attributes&quot;: {
        &quot;owner&quot;: &quot;Conduct&quot;,
        &quot;stage&quot;: &quot;Construction&quot;,
        &quot;ea1&quot;: &quot;AS21570BH000714 &quot;,
        &quot;ea2&quot;: &quot;Northern Region&quot;
      }
    },
    {
      &quot;attributes&quot;: {
        &quot;owner&quot;: &quot;Conduct&quot;,
        &quot;stage&quot;: &quot;Construction&quot;,
        &quot;ea1&quot;: &quot;AS21570BH000714 &quot;,
        &quot;ea2&quot;: &quot;Northern Region&quot;
      }
    },
    {
      &quot;attributes&quot;: {
        &quot;owner&quot;: &quot;Conduct&quot;,
        &quot;stage&quot;: &quot;Construction&quot;,
        &quot;ea1&quot;: &quot;AS21582GH070712 &quot;,
        &quot;ea2&quot;: &quot;Northern Region&quot;
      }
    },
    {
      &quot;attributes&quot;: {
        &quot;owner&quot;: &quot;Conduct&quot;,
        &quot;stage&quot;: &quot;Construction&quot;,
        &quot;ea1&quot;: &quot;AS21582GH070712 &quot;,
        &quot;ea2&quot;: &quot;Northern Region&quot;
      }
    },
    {
      &quot;attributes&quot;: {
        &quot;owner&quot;: &quot;Conduct&quot;,
        &quot;stage&quot;: &quot;Completed&quot;,
        &quot;ea1&quot;: &quot;AS21590GH070728 &quot;,
        &quot;ea2&quot;: &quot;none&quot;
      }
    },
    {
      &quot;attributes&quot;: {
        &quot;owner&quot;: &quot;Conduct&quot;,
        &quot;stage&quot;: &quot;Completed&quot;,
        &quot;ea1&quot;: &quot;AS21590GH070728 &quot;,
        &quot;ea2&quot;: &quot;none&quot;
      }
    },
    {
      &quot;attributes&quot;: {
        &quot;owner&quot;: &quot;Conduct&quot;,
        &quot;stage&quot;: &quot;Completed&quot;,
        &quot;ea1&quot;: &quot;AS21598BH000711&quot;,
        &quot;ea2&quot;: &quot;none&quot;
      }
    },
    {
      &quot;attributes&quot;: {
        &quot;owner&quot;: &quot;Conduct&quot;,
        &quot;stage&quot;: &quot;Completed&quot;,
        &quot;ea1&quot;: &quot;AS21598BH000711&quot;,
        &quot;ea2&quot;: &quot;none&quot;
      }
    },
    {
      &quot;attributes&quot;: {
        &quot;owner&quot;: &quot;Conduct&quot;,
        &quot;stage&quot;: &quot;Completed&quot;,
        &quot;ea1&quot;: &quot; AS21598BH000711 &quot;,
        &quot;ea2&quot;: &quot;none&quot;
      }
    },
    {
      &quot;attributes&quot;: {
        &quot;owner&quot;: &quot;Conduct&quot;,
        &quot;stage&quot;: &quot;Completed&quot;,
        &quot;ea1&quot;: &quot; AS21598BH000711 &quot;,
        &quot;ea2&quot;: &quot;none&quot;
      }
    },
    {
      &quot;attributes&quot;: {
        &quot;owner&quot;: &quot;Conduct&quot;,
        &quot;stage&quot;: &quot;Completed&quot;,
        &quot;ea1&quot;: &quot;AS21633BH024494 &quot;,
        &quot;ea2&quot;: &quot;none&quot;
      }
    },
    {
      &quot;attributes&quot;: {
        &quot;owner&quot;: &quot;Conduct&quot;,
        &quot;stage&quot;: &quot;Completed&quot;,
        &quot;ea1&quot;: &quot;AS21633BH024494 &quot;,
        &quot;ea2&quot;: &quot;none&quot;
      }
    },
    {
      &quot;attributes&quot;: {
        &quot;owner&quot;: &quot;Conduct&quot;,
        &quot;stage&quot;: &quot;Completed&quot;,
        &quot;ea1&quot;: &quot;AS21739BH001521 &quot;,
        &quot;ea2&quot;: &quot;Northern Region&quot;
      }
    },
    {
      &quot;attributes&quot;: {
        &quot;owner&quot;: &quot;Conduct&quot;,
        &quot;stage&quot;: &quot;Completed&quot;,
        &quot;ea1&quot;: &quot;AS21636BH001521 &quot;,
        &quot;ea2&quot;: &quot;none&quot;
      }
    },
    {
      &quot;attributes&quot;: {
        &quot;owner&quot;: &quot;Conduct&quot;,
        &quot;stage&quot;: &quot;Completed&quot;,
        &quot;ea1&quot;: &quot;AS21756BH001521 &quot;,
        &quot;ea2&quot;: &quot;Northern Region&quot;
      }
    },
    {
      &quot;attributes&quot;: {
        &quot;owner&quot;: &quot;Conduct&quot;,
        &quot;stage&quot;: &quot;Completed&quot;,
        &quot;ea1&quot;: &quot;AS21756BH001521 &quot;,
        &quot;ea2&quot;: &quot;Northern Region&quot;
      }
    },
    {
      &quot;attributes&quot;: {
        &quot;owner&quot;: &quot;Conduct&quot;,
        &quot;stage&quot;: &quot;Construction&quot;,
        &quot;ea1&quot;: &quot;AS21756BH001521 &quot;,
        &quot;ea2&quot;: &quot;Northern Region&quot;
      }
    },
    {
      &quot;attributes&quot;: {
        &quot;owner&quot;: &quot;Conduct&quot;,
        &quot;stage&quot;: &quot;Completed&quot;,
        &quot;ea1&quot;: &quot;AS21756BH001521 &quot;,
        &quot;ea2&quot;: &quot;Northern Region&quot;
      }
    },
    {
      &quot;attributes&quot;: {
        &quot;owner&quot;: &quot;Conduct&quot;,
        &quot;stage&quot;: &quot;Completed&quot;,
        &quot;ea1&quot;: &quot;AS21756BH001521 &quot;,
        &quot;ea2&quot;: &quot;Northern Region&quot;
      }
    },
    {
      &quot;attributes&quot;: {
        &quot;owner&quot;: &quot;Conduct&quot;,
        &quot;stage&quot;: &quot;Construction&quot;,
        &quot;ea1&quot;: &quot;AS21756BH001521 &quot;,
        &quot;ea2&quot;: &quot;Northern Region&quot;
      }
    },
    {
      &quot;attributes&quot;: {
        &quot;owner&quot;: &quot;Conduct&quot;,
        &quot;stage&quot;: &quot;Construction&quot;,
        &quot;ea1&quot;: &quot;AS21969BH004093 &quot;,
        &quot;ea2&quot;: &quot;Northern Region&quot;
      }
    },
    {
      &quot;attributes&quot;: {
        &quot;owner&quot;: &quot;Conduct&quot;,
        &quot;stage&quot;: &quot;Construction&quot;,
        &quot;ea1&quot;: &quot;AS21969BH004093 &quot;,
        &quot;ea2&quot;: &quot;Northern Region&quot;
      }
    },
    {
      &quot;attributes&quot;: {
        &quot;owner&quot;: &quot;Conduct&quot;,
        &quot;stage&quot;: &quot;Construction&quot;,
        &quot;ea1&quot;: &quot;AS21969BH004093&quot;,
        &quot;ea2&quot;: &quot;Northern Region&quot;
      }
    },
    {
      &quot;attributes&quot;: {
        &quot;owner&quot;: &quot;Conduct&quot;,
        &quot;stage&quot;: &quot;Completed&quot;,
        &quot;ea1&quot;: &quot;AS22436BH000714 &quot;,
        &quot;ea2&quot;: &quot;Northern Region&quot;
      }
    },
    {
      &quot;attributes&quot;: {
        &quot;owner&quot;: &quot;Conduct&quot;,
        &quot;stage&quot;: &quot;Completed&quot;,
        &quot;ea1&quot;: &quot;VS00009GH000182&quot;,
        &quot;ea2&quot;: &quot;Northern Region&quot;
      }
    },
    {
      &quot;attributes&quot;: {
        &quot;owner&quot;: &quot;Conduct&quot;,
        &quot;stage&quot;: &quot;Completed&quot;,
        &quot;ea1&quot;: &quot;AS22907WCH-TNP053&quot;,
        &quot;ea2&quot;: &quot;Western Region&quot;
      }
    },
    {
      &quot;attributes&quot;: {
        &quot;owner&quot;: &quot;Conduct&quot;,
        &quot;stage&quot;: &quot;Completed&quot;,
        &quot;ea1&quot;: &quot;AS22907WCH-TNP052&quot;,
        &quot;ea2&quot;: &quot;Western Region&quot;
      }
    },
    {
      &quot;attributes&quot;: {
        &quot;owner&quot;: &quot;Conduct&quot;,
        &quot;stage&quot;: &quot;Completed&quot;,
        &quot;ea1&quot;: &quot;AS23245WHTNP023&quot;,
        &quot;ea2&quot;: &quot;Western Region&quot;
      }
    },
    {
      &quot;attributes&quot;: {
        &quot;owner&quot;: &quot;Conduct&quot;,
        &quot;stage&quot;: &quot;Completed&quot;,
        &quot;ea1&quot;: &quot;AS23245WHTNP022&quot;,
        &quot;ea2&quot;: &quot;Western Region&quot;
      }
    },
    {
      &quot;attributes&quot;: {
        &quot;owner&quot;: &quot;Conduct&quot;,
        &quot;stage&quot;: &quot;Completed&quot;,
        &quot;ea1&quot;: &quot;AS25132WHTNP027&quot;,
        &quot;ea2&quot;: &quot;Western Region&quot;
      }
    },
    {
      &quot;attributes&quot;: {
        &quot;owner&quot;: &quot;Conduct&quot;,
        &quot;stage&quot;: &quot;Completed&quot;,
        &quot;ea1&quot;: &quot;AS25132WHTNP031&quot;,
        &quot;ea2&quot;: &quot;Western Region&quot;
      }
    },
    {
      &quot;attributes&quot;: {
        &quot;owner&quot;: &quot;Conduct&quot;,
        &quot;stage&quot;: &quot;Completed&quot;,
        &quot;ea1&quot;: &quot;AS25141WCHWST028&quot;,
        &quot;ea2&quot;: &quot;Western Region&quot;
      }
    },
    {
      &quot;attributes&quot;: {
        &quot;owner&quot;: &quot;Conduct&quot;,
        &quot;stage&quot;: &quot;Completed&quot;,
        &quot;ea1&quot;: &quot;AS25141WCHWST027&quot;,
        &quot;ea2&quot;: &quot;Western Region&quot;
      }
    },
    {
      &quot;attributes&quot;: {
        &quot;owner&quot;: &quot;Conduct&quot;,
        &quot;stage&quot;: &quot;Completed&quot;,
        &quot;ea1&quot;: &quot;AS14609WCH-WST-016&quot;,
        &quot;ea2&quot;: &quot;Western Region&quot;
      }
    },
    {
      &quot;attributes&quot;: {
        &quot;owner&quot;: &quot;Conduct&quot;,
        &quot;stage&quot;: &quot;Completed&quot;,
        &quot;ea1&quot;: &quot;AS23396WHSTN005&quot;,
        &quot;ea2&quot;: &quot;Western Region&quot;
      }
    },
    {
      &quot;attributes&quot;: {
        &quot;owner&quot;: &quot;Conduct&quot;,
        &quot;stage&quot;: &quot;Completed&quot;,
        &quot;ea1&quot;: &quot;AS23396WHSTN004&quot;,
        &quot;ea2&quot;: &quot;Western Region&quot;
      }
    },
    {
      &quot;attributes&quot;: {
        &quot;owner&quot;: &quot;Conduct&quot;,
        &quot;stage&quot;: &quot;Completed&quot;,
        &quot;ea1&quot;: &quot;AS13392WHWST006&quot;,
        &quot;ea2&quot;: &quot;Western Region&quot;
      }
    },
    {
      &quot;attributes&quot;: {
        &quot;owner&quot;: &quot;Conduct&quot;,
        &quot;stage&quot;: &quot;Construction&quot;,
        &quot;ea1&quot;: &quot;AS19299BH024102&quot;,
        &quot;ea2&quot;: &quot;none&quot;
      }
    },
    {
      &quot;attributes&quot;: {
        &quot;owner&quot;: &quot;Conduct&quot;,
        &quot;stage&quot;: &quot;Completed&quot;,
        &quot;ea1&quot;: &quot;Safari Mall&quot;,
        &quot;ea2&quot;: &quot;Gauteng South&quot;
      }
    },
    {
      &quot;attributes&quot;: {
        &quot;owner&quot;: &quot;Conduct&quot;,
        &quot;stage&quot;: &quot;Completed&quot;,
        &quot;ea1&quot;: &quot;AS25075WHTNP039&quot;,
        &quot;ea2&quot;: &quot;Western Region&quot;
      }
    },
    {
      &quot;attributes&quot;: {
        &quot;owner&quot;: &quot;Conduct&quot;,
        &quot;stage&quot;: &quot;Completed&quot;,
        &quot;ea1&quot;: &quot;AS25075WHTNP020&quot;,
        &quot;ea2&quot;: &quot;Western Region&quot;
      }
    },
    {
      &quot;attributes&quot;: {
        &quot;owner&quot;: &quot;Conduct&quot;,
        &quot;stage&quot;: &quot;Completed&quot;,
        &quot;ea1&quot;: &quot;G70P58&quot;,
        &quot;ea2&quot;: &quot;Gauteng South&quot;
      }
    },
    {
      &quot;attributes&quot;: {
        &quot;owner&quot;: &quot;Conduct&quot;,
        &quot;stage&quot;: &quot;Completed&quot;,
        &quot;ea1&quot;: &quot;G70P23&quot;,
        &quot;ea2&quot;: &quot;Gauteng South&quot;
      }
    },
    {
      &quot;attributes&quot;: {
        &quot;owner&quot;: &quot;Conduct&quot;,
        &quot;stage&quot;: &quot;Completed&quot;,
        &quot;ea1&quot;: &quot;G70P57&quot;,
        &quot;ea2&quot;: &quot;Gauteng South&quot;
      }
    },
    {
      &quot;attributes&quot;: {
        &quot;owner&quot;: &quot;Conduct&quot;,
        &quot;stage&quot;: &quot;Completed&quot;,
        &quot;ea1&quot;: &quot;G70P57&quot;,
        &quot;ea2&quot;: &quot;Gauteng South&quot;
      }
    },
    {
      &quot;attributes&quot;: {
        &quot;owner&quot;: &quot;Conduct&quot;,
        &quot;stage&quot;: &quot;Completed&quot;,
        &quot;ea1&quot;: &quot;G70P57&quot;,
        &quot;ea2&quot;: &quot;Gauteng South&quot;
      }
    },
    {
      &quot;attributes&quot;: {
        &quot;owner&quot;: &quot;Conduct&quot;,
        &quot;stage&quot;: &quot;Completed&quot;,
        &quot;ea1&quot;: &quot;G70P57&quot;,
        &quot;ea2&quot;: &quot;Gauteng South&quot;
      }
    },
    {
      &quot;attributes&quot;: {
        &quot;owner&quot;: &quot;Conduct&quot;,
        &quot;stage&quot;: &quot;Completed&quot;,
        &quot;ea1&quot;: &quot;G70P56&quot;,
        &quot;ea2&quot;: &quot;Gauteng South&quot;
      }
    },
    {
      &quot;attributes&quot;: {
        &quot;owner&quot;: &quot;Conduct&quot;,
        &quot;stage&quot;: &quot;Completed&quot;,
        &quot;ea1&quot;: &quot;G70P56&quot;,
        &quot;ea2&quot;: &quot;Gauteng South&quot;
      }
    },
    {
      &quot;attributes&quot;: {
        &quot;owner&quot;: &quot;Conduct&quot;,
        &quot;stage&quot;: &quot;Completed&quot;,
        &quot;ea1&quot;: &quot;G70P56&quot;,
        &quot;ea2&quot;: &quot;Gauteng South&quot;
      }
    },
    {
      &quot;attributes&quot;: {
        &quot;owner&quot;: &quot;Conduct&quot;,
        &quot;stage&quot;: &quot;Completed&quot;,
        &quot;ea1&quot;: &quot;G70P56&quot;,
        &quot;ea2&quot;: &quot;Gauteng South&quot;
      }
    },
    {
      &quot;attributes&quot;: {
        &quot;owner&quot;: &quot;Conduct&quot;,
        &quot;stage&quot;: &quot;Completed&quot;,
        &quot;ea1&quot;: &quot;G70P55&quot;,
        &quot;ea2&quot;: &quot;Gauteng South&quot;
      }
    },
    {
      &quot;attributes&quot;: {
        &quot;owner&quot;: &quot;Conduct&quot;,
        &quot;stage&quot;: &quot;Completed&quot;,
        &quot;ea1&quot;: &quot;G70P55&quot;,
        &quot;ea2&quot;: &quot;Gauteng South&quot;
      }
    },
    {
      &quot;attributes&quot;: {
        &quot;owner&quot;: &quot;Conduct&quot;,
        &quot;stage&quot;: &quot;Completed&quot;,
        &quot;ea1&quot;: &quot;AS14686WCH-WST-028&quot;,
        &quot;ea2&quot;: &quot;Western Region&quot;
      }
    },
    {
      &quot;attributes&quot;: {
        &quot;owner&quot;: &quot;Conduct&quot;,
        &quot;stage&quot;: &quot;Completed&quot;,
        &quot;ea1&quot;: &quot;AS14664WCH-WST-037&quot;,
        &quot;ea2&quot;: &quot;Western Region&quot;
      }
    },
    {
      &quot;attributes&quot;: {
        &quot;owner&quot;: &quot;Conduct&quot;,
        &quot;stage&quot;: &quot;Completed&quot;,
        &quot;ea1&quot;: &quot;AS14664WCH-WST-033&quot;,
        &quot;ea2&quot;: &quot;Western Region&quot;
      }
    },
    {
      &quot;attributes&quot;: {
        &quot;owner&quot;: &quot;Conduct&quot;,
        &quot;stage&quot;: &quot;Completed&quot;,
        &quot;ea1&quot;: &quot;G70P01&quot;,
        &quot;ea2&quot;: &quot;Gauteng South&quot;
      }
    },
    {
      &quot;attributes&quot;: {
        &quot;owner&quot;: &quot;Conduct&quot;,
        &quot;stage&quot;: &quot;Completed&quot;,
        &quot;ea1&quot;: &quot;G70P01&quot;,
        &quot;ea2&quot;: &quot;Gauteng South&quot;
      }
    },
    {
      &quot;attributes&quot;: {
        &quot;owner&quot;: &quot;Conduct&quot;,
        &quot;stage&quot;: &quot;Completed&quot;,
        &quot;ea1&quot;: &quot;none&quot;,
        &quot;ea2&quot;: &quot;Gauteng South&quot;
      }
    },
    {
      &quot;attributes&quot;: {
        &quot;owner&quot;: &quot;Conduct&quot;,
        &quot;stage&quot;: &quot;Completed&quot;,
        &quot;ea1&quot;: &quot;AS03171GH000617&quot;,
        &quot;ea2&quot;: &quot;Gauteng South&quot;
      }
    },
    {
      &quot;attributes&quot;: {
        &quot;owner&quot;: &quot;Conduct&quot;,
        &quot;stage&quot;: &quot;Completed&quot;,
        &quot;ea1&quot;: &quot;AS14531WCH-WST-022&quot;,
        &quot;ea2&quot;: &quot;Western Region&quot;
      }
    },
    {
      &quot;attributes&quot;: {
        &quot;owner&quot;: &quot;Conduct&quot;,
        &quot;stage&quot;: &quot;Completed&quot;,
        &quot;ea1&quot;: &quot;AS14531WCH-WST-021&quot;,
        &quot;ea2&quot;: &quot;Western Region&quot;
      }
    },
    {
      &quot;attributes&quot;: {
        &quot;owner&quot;: &quot;Conduct&quot;,
        &quot;stage&quot;: &quot;Completed&quot;,
        &quot;ea1&quot;: &quot;AS27079GH347418&quot;,
        &quot;ea2&quot;: &quot;Gauteng South&quot;
      }
    },
    {
      &quot;attributes&quot;: {
        &quot;owner&quot;: &quot;Conduct&quot;,
        &quot;stage&quot;: &quot;Completed&quot;,
        &quot;ea1&quot;: &quot;AS14661WCHWST40&quot;,
        &quot;ea2&quot;: &quot;Western Region&quot;
      }
    },
    {
      &quot;attributes&quot;: {
        &quot;owner&quot;: &quot;Conduct&quot;,
        &quot;stage&quot;: &quot;Completed&quot;,
        &quot;ea1&quot;: &quot;G70P01&quot;,
        &quot;ea2&quot;: &quot;Gauteng South&quot;
      }
    },
    {
      &quot;attributes&quot;: {
        &quot;owner&quot;: &quot;Conduct&quot;,
        &quot;stage&quot;: &quot;Completed&quot;,
        &quot;ea1&quot;: &quot;AS25156WHTNP24&quot;,
        &quot;ea2&quot;: &quot;Western Region&quot;
      }
    },
    {
      &quot;attributes&quot;: {
        &quot;owner&quot;: &quot;Conduct&quot;,
        &quot;stage&quot;: &quot;Completed&quot;,
        &quot;ea1&quot;: &quot;AS25156WHTNP24&quot;,
        &quot;ea2&quot;: &quot;Western Region&quot;
      }
    },
    {
      &quot;attributes&quot;: {
        &quot;owner&quot;: &quot;Conduct&quot;,
        &quot;stage&quot;: &quot;Construction&quot;,
        &quot;ea1&quot;: &quot;none&quot;,
        &quot;ea2&quot;: &quot;Northern Region&quot;
      }
    },
    {
      &quot;attributes&quot;: {
        &quot;owner&quot;: &quot;Conduct&quot;,
        &quot;stage&quot;: &quot;Completed&quot;,
        &quot;ea1&quot;: &quot;AS13945BA345051&quot;,
        &quot;ea2&quot;: &quot;Northern Region&quot;
      }
    },
    {
      &quot;attributes&quot;: {
        &quot;owner&quot;: &quot;Conduct&quot;,
        &quot;stage&quot;: &quot;Completed&quot;,
        &quot;ea1&quot;: &quot;AS13945BA345051&quot;,
        &quot;ea2&quot;: &quot;Northern Region&quot;
      }
    },
    {
      &quot;attributes&quot;: {
        &quot;owner&quot;: &quot;Conduct&quot;,
        &quot;stage&quot;: &quot;Completed&quot;,
        &quot;ea1&quot;: &quot;G70P01&quot;,
        &quot;ea2&quot;: &quot;Gauteng South&quot;
      }
    },
    {
      &quot;attributes&quot;: {
        &quot;owner&quot;: &quot;Conduct&quot;,
        &quot;stage&quot;: &quot;Completed&quot;,
        &quot;ea1&quot;: &quot;AS03171GH000618&quot;,
        &quot;ea2&quot;: &quot;Gauteng South&quot;
      }
    },
    {
      &quot;attributes&quot;: {
        &quot;owner&quot;: &quot;Conduct&quot;,
        &quot;stage&quot;: &quot;Completed&quot;,
        &quot;ea1&quot;: &quot;AS14685WCHWST26 &quot;,
        &quot;ea2&quot;: &quot;Western Region&quot;
      }
    },
    {
      &quot;attributes&quot;: {
        &quot;owner&quot;: &quot;Conduct&quot;,
        &quot;stage&quot;: &quot;Completed&quot;,
        &quot;ea1&quot;: &quot;AS14685WCHWST27&quot;,
        &quot;ea2&quot;: &quot;Western Region&quot;
      }
    },
    {
      &quot;attributes&quot;: {
        &quot;owner&quot;: &quot;Conduct&quot;,
        &quot;stage&quot;: &quot;Completed&quot;,
        &quot;ea1&quot;: &quot;8A MELLIS&quot;,
        &quot;ea2&quot;: &quot;Gauteng South&quot;
      }
    },
    {
      &quot;attributes&quot;: {
        &quot;owner&quot;: &quot;Conduct&quot;,
        &quot;stage&quot;: &quot;Completed&quot;,
        &quot;ea1&quot;: &quot;AS14688WHWST019&quot;,
        &quot;ea2&quot;: &quot;Western Region&quot;
      }
    },
    {
      &quot;attributes&quot;: {
        &quot;owner&quot;: &quot;Conduct&quot;,
        &quot;stage&quot;: &quot;Completed&quot;,
        &quot;ea1&quot;: &quot;AS14688WHWST018&quot;,
        &quot;ea2&quot;: &quot;Western Region&quot;
      }
    },
    {
      &quot;attributes&quot;: {
        &quot;owner&quot;: &quot;Conduct&quot;,
        &quot;stage&quot;: &quot;Completed&quot;,
        &quot;ea1&quot;: &quot;AS14735WHWST013&quot;,
        &quot;ea2&quot;: &quot;Western Region&quot;
      }
    },
    {
      &quot;attributes&quot;: {
        &quot;owner&quot;: &quot;Conduct&quot;,
        &quot;stage&quot;: &quot;Completed&quot;,
        &quot;ea1&quot;: &quot;AS14735WHWST013&quot;,
        &quot;ea2&quot;: &quot;Western Region&quot;
      }
    },
    {
      &quot;attributes&quot;: {
        &quot;owner&quot;: &quot;Conduct&quot;,
        &quot;stage&quot;: &quot;Completed&quot;,
        &quot;ea1&quot;: &quot;AS14534WHWST025&quot;,
        &quot;ea2&quot;: &quot;Western Region&quot;
      }
    },
    {
      &quot;attributes&quot;: {
        &quot;owner&quot;: &quot;Conduct&quot;,
        &quot;stage&quot;: &quot;Completed&quot;,
        &quot;ea1&quot;: &quot;AS14534WHWST021&quot;,
        &quot;ea2&quot;: &quot;Western Region&quot;
      }
    },
    {
      &quot;attributes&quot;: {
        &quot;owner&quot;: &quot;Conduct&quot;,
        &quot;stage&quot;: &quot;Completed&quot;,
        &quot;ea1&quot;: &quot;AS14470WHWST010&quot;,
        &quot;ea2&quot;: &quot;Western Region&quot;
      }
    },
    {
      &quot;attributes&quot;: {
        &quot;owner&quot;: &quot;Conduct&quot;,
        &quot;stage&quot;: &quot;Completed&quot;,
        &quot;ea1&quot;: &quot;AS15673WHSTN006&quot;,
        &quot;ea2&quot;: &quot;Western Region&quot;
      }
    },
    {
      &quot;attributes&quot;: {
        &quot;owner&quot;: &quot;Conduct&quot;,
        &quot;stage&quot;: &quot;Completed&quot;,
        &quot;ea1&quot;: &quot;AS15673WHSTN006&quot;,
        &quot;ea2&quot;: &quot;Western Region&quot;
      }
    },
    {
      &quot;attributes&quot;: {
        &quot;owner&quot;: &quot;Conduct&quot;,
        &quot;stage&quot;: &quot;Completed&quot;,
        &quot;ea1&quot;: &quot;48 Wierda Road&quot;,
        &quot;ea2&quot;: &quot;Gauteng South&quot;
      }
    },
    {
      &quot;attributes&quot;: {
        &quot;owner&quot;: &quot;Conduct&quot;,
        &quot;stage&quot;: &quot;Completed&quot;,
        &quot;ea1&quot;: &quot;48 Wierda Road&quot;,
        &quot;ea2&quot;: &quot;Gauteng South&quot;
      }
    },
    {
      &quot;attributes&quot;: {
        &quot;owner&quot;: &quot;Conduct&quot;,
        &quot;stage&quot;: &quot;Completed&quot;,
        &quot;ea1&quot;: &quot;AS27079GH34717&quot;,
        &quot;ea2&quot;: &quot;Gauteng South&quot;
      }
    },
    {
      &quot;attributes&quot;: {
        &quot;owner&quot;: &quot;Conduct&quot;,
        &quot;stage&quot;: &quot;Completed&quot;,
        &quot;ea1&quot;: &quot;16 Skeen Blvd&quot;,
        &quot;ea2&quot;: &quot;Gauteng South&quot;
      }
    },
    {
      &quot;attributes&quot;: {
        &quot;owner&quot;: &quot;Conduct&quot;,
        &quot;stage&quot;: &quot;Completed&quot;,
        &quot;ea1&quot;: &quot;16 Skeen Blvd&quot;,
        &quot;ea2&quot;: &quot;Gauteng South&quot;
      }
    },
    {
      &quot;attributes&quot;: {
        &quot;owner&quot;: &quot;Conduct&quot;,
        &quot;stage&quot;: &quot;Completed&quot;,
        &quot;ea1&quot;: &quot;AS14678WCH-WST-011&quot;,
        &quot;ea2&quot;: &quot;Western Region&quot;
      }
    },
    {
      &quot;attributes&quot;: {
        &quot;owner&quot;: &quot;Conduct&quot;,
        &quot;stage&quot;: &quot;Completed&quot;,
        &quot;ea1&quot;: &quot;AS14643WCHWST021&quot;,
        &quot;ea2&quot;: &quot;Western Region&quot;
      }
    },
    {
      &quot;attributes&quot;: {
        &quot;owner&quot;: &quot;Conduct&quot;,
        &quot;stage&quot;: &quot;Completed&quot;,
        &quot;ea1&quot;: &quot;AS14606WHWST014&quot;,
        &quot;ea2&quot;: &quot;Western Region&quot;
      }
    },
    {
      &quot;attributes&quot;: {
        &quot;owner&quot;: &quot;Conduct&quot;,
        &quot;stage&quot;: &quot;Completed&quot;,
        &quot;ea1&quot;: &quot;AS14606WHWST015&quot;,
        &quot;ea2&quot;: &quot;Western Region&quot;
      }
    },
    {
      &quot;attributes&quot;: {
        &quot;owner&quot;: &quot;Conduct&quot;,
        &quot;stage&quot;: &quot;Completed&quot;,
        &quot;ea1&quot;: &quot;AS14470WHWST012&quot;,
        &quot;ea2&quot;: &quot;Western Region&quot;
      }
    },
    {
      &quot;attributes&quot;: {
        &quot;owner&quot;: &quot;Conduct&quot;,
        &quot;stage&quot;: &quot;Completed&quot;,
        &quot;ea1&quot;: &quot;&quot;,
        &quot;ea2&quot;: &quot;Western Region&quot;
      }
    },
    {
      &quot;attributes&quot;: {
        &quot;owner&quot;: &quot;Conduct&quot;,
        &quot;stage&quot;: &quot;Completed&quot;,
        &quot;ea1&quot;: &quot;&quot;,
        &quot;ea2&quot;: &quot;Western Region&quot;
      }
    },
    {
      &quot;attributes&quot;: {
        &quot;owner&quot;: &quot;Conduct&quot;,
        &quot;stage&quot;: &quot;Completed&quot;,
        &quot;ea1&quot;: &quot;AS25137WHWST009 &quot;,
        &quot;ea2&quot;: &quot;Western Region&quot;
      }
    },
    {
      &quot;attributes&quot;: {
        &quot;owner&quot;: &quot;Conduct&quot;,
        &quot;stage&quot;: &quot;Completed&quot;,
        &quot;ea1&quot;: &quot;&quot;,
        &quot;ea2&quot;: &quot;Western Region&quot;
      }
    },
    {
      &quot;attributes&quot;: {
        &quot;owner&quot;: &quot;Conduct&quot;,
        &quot;stage&quot;: &quot;Completed&quot;,
        &quot;ea1&quot;: &quot;none&quot;,
        &quot;ea2&quot;: &quot;Western Region&quot;
      }
    },
    {
      &quot;attributes&quot;: {
        &quot;owner&quot;: &quot;Conduct&quot;,
        &quot;stage&quot;: &quot;Completed&quot;,
        &quot;ea1&quot;: &quot;none&quot;,
        &quot;ea2&quot;: &quot;Western Region&quot;
      }
    },
    {
      &quot;attributes&quot;: {
        &quot;owner&quot;: &quot;Conduct&quot;,
        &quot;stage&quot;: &quot;Completed&quot;,
        &quot;ea1&quot;: &quot;AS15781WHTNP015&quot;,
        &quot;ea2&quot;: &quot;Western Region&quot;
      }
    },
    {
      &quot;attributes&quot;: {
        &quot;owner&quot;: &quot;Conduct&quot;,
        &quot;stage&quot;: &quot;Completed&quot;,
        &quot;ea1&quot;: &quot;AS15781WHTNP016&quot;,
        &quot;ea2&quot;: &quot;Western Region&quot;
      }
    },
    {
      &quot;attributes&quot;: {
        &quot;owner&quot;: &quot;Conduct&quot;,
        &quot;stage&quot;: &quot;Completed&quot;,
        &quot;ea1&quot;: &quot;AS14647WCHWST020&quot;,
        &quot;ea2&quot;: &quot;Western Region&quot;
      }
    },
    {
      &quot;attributes&quot;: {
        &quot;owner&quot;: &quot;Conduct&quot;,
        &quot;stage&quot;: &quot;Completed&quot;,
        &quot;ea1&quot;: &quot;AS14647WCHWST021&quot;,
        &quot;ea2&quot;: &quot;Western Region&quot;
      }
    }
  ]
}

Response body doesn&#039;t match expectation.
Expected: a string containing &quot;DFA Internal Contracts&quot;
  Actual: {
  &quot;displayFieldName&quot;: &quot;name&quot;,
  &quot;fieldAliases&quot;: {
    &quot;owner&quot;: &quot;owner&quot;,
    &quot;stage&quot;: &quot;stage&quot;,
    &quot;ea1&quot;: &quot;Route Name&quot;,
    &quot;ea2&quot;: &quot;DFA Region&quot;
  },
  &quot;fields&quot;: [
    {
      &quot;name&quot;: &quot;owner&quot;,
      &quot;type&quot;: &quot;esriFieldTypeString&quot;,
      &quot;alias&quot;: &quot;owner&quot;,
      &quot;length&quot;: 50
    },
    {
      &quot;name&quot;: &quot;stage&quot;,
      &quot;type&quot;: &quot;esriFieldTypeString&quot;,
      &quot;alias&quot;: &quot;stage&quot;,
      &quot;length&quot;: 30
    },
    {
      &quot;name&quot;: &quot;ea1&quot;,
      &quot;type&quot;: &quot;esriFieldTypeString&quot;,
      &quot;alias&quot;: &quot;Route Name&quot;,
      &quot;length&quot;: 100
    },
    {
      &quot;name&quot;: &quot;ea2&quot;,
      &quot;type&quot;: &quot;esriFieldTypeString&quot;,
      &quot;alias&quot;: &quot;DFA Region&quot;,
      &quot;length&quot;: 100
    }
  ],
  &quot;features&quot;: [
    {
      &quot;attributes&quot;: {
        &quot;owner&quot;: &quot;Conduct&quot;,
        &quot;stage&quot;: &quot;Completed&quot;,
        &quot;ea1&quot;: &quot;G01P05&quot;,
        &quot;ea2&quot;: &quot;Gauteng South&quot;
      }
    },
    {
      &quot;attributes&quot;: {
        &quot;owner&quot;: &quot;Conduct&quot;,
        &quot;stage&quot;: &quot;Completed&quot;,
        &quot;ea1&quot;: &quot;G01P05&quot;,
        &quot;ea2&quot;: &quot;Gauteng South&quot;
      }
    },
    {
      &quot;attributes&quot;: {
        &quot;owner&quot;: &quot;Conduct&quot;,
        &quot;stage&quot;: &quot;Completed&quot;,
        &quot;ea1&quot;: &quot;G01P05&quot;,
        &quot;ea2&quot;: &quot;Gauteng South&quot;
      }
    },
    {
      &quot;attributes&quot;: {
        &quot;owner&quot;: &quot;Conduct&quot;,
        &quot;stage&quot;: &quot;Completed&quot;,
        &quot;ea1&quot;: &quot;G01P05&quot;,
        &quot;ea2&quot;: &quot;Gauteng South&quot;
      }
    },
    {
      &quot;attributes&quot;: {
        &quot;owner&quot;: &quot;Conduct&quot;,
        &quot;stage&quot;: &quot;Completed&quot;,
        &quot;ea1&quot;: &quot;G01P05&quot;,
        &quot;ea2&quot;: &quot;Gauteng South&quot;
      }
    },
    {
      &quot;attributes&quot;: {
        &quot;owner&quot;: &quot;Conduct&quot;,
        &quot;stage&quot;: &quot;Construction&quot;,
        &quot;ea1&quot;: &quot;none&quot;,
        &quot;ea2&quot;: &quot;None&quot;
      }
    },
    {
      &quot;attributes&quot;: {
        &quot;owner&quot;: &quot;Conduct&quot;,
        &quot;stage&quot;: &quot;Completed&quot;,
        &quot;ea1&quot;: &quot;AS03171GH000618&quot;,
        &quot;ea2&quot;: &quot;Gauteng South&quot;
      }
    },
    {
      &quot;attributes&quot;: {
        &quot;owner&quot;: &quot;Conduct&quot;,
        &quot;stage&quot;: &quot;Completed&quot;,
        &quot;ea1&quot;: &quot;AS03171GH000617&quot;,
        &quot;ea2&quot;: &quot;Gauteng South&quot;
      }
    },
    {
      &quot;attributes&quot;: {
        &quot;owner&quot;: &quot;Conduct&quot;,
        &quot;stage&quot;: &quot;Completed&quot;,
        &quot;ea1&quot;: &quot;W70P01&quot;,
        &quot;ea2&quot;: &quot;Western Region&quot;
      }
    },
    {
      &quot;attributes&quot;: {
        &quot;owner&quot;: &quot;Conduct&quot;,
        &quot;stage&quot;: &quot;Completed&quot;,
        &quot;ea1&quot;: &quot;W70P01&quot;,
        &quot;ea2&quot;: &quot;Western Region&quot;
      }
    },
    {
      &quot;attributes&quot;: {
        &quot;owner&quot;: &quot;Conduct&quot;,
        &quot;stage&quot;: &quot;Completed&quot;,
        &quot;ea1&quot;: &quot;W70P01&quot;,
        &quot;ea2&quot;: &quot;Western Region&quot;
      }
    },
    {
      &quot;attributes&quot;: {
        &quot;owner&quot;: &quot;Conduct&quot;,
        &quot;stage&quot;: &quot;Completed&quot;,
        &quot;ea1&quot;: &quot;W70P01&quot;,
        &quot;ea2&quot;: &quot;Western Region&quot;
      }
    },
    {
      &quot;attributes&quot;: {
        &quot;owner&quot;: &quot;Conduct&quot;,
        &quot;stage&quot;: &quot;Completed&quot;,
        &quot;ea1&quot;: &quot;W70P01&quot;,
        &quot;ea2&quot;: &quot;Western Region&quot;
      }
    },
    {
      &quot;attributes&quot;: {
        &quot;owner&quot;: &quot;Conduct&quot;,
        &quot;stage&quot;: &quot;Completed&quot;,
        &quot;ea1&quot;: &quot;W70P01&quot;,
        &quot;ea2&quot;: &quot;Western Region&quot;
      }
    },
    {
      &quot;attributes&quot;: {
        &quot;owner&quot;: &quot;Conduct&quot;,
        &quot;stage&quot;: &quot;Completed&quot;,
        &quot;ea1&quot;: &quot;W70P01&quot;,
        &quot;ea2&quot;: &quot;Western Region&quot;
      }
    },
    {
      &quot;attributes&quot;: {
        &quot;owner&quot;: &quot;Conduct&quot;,
        &quot;stage&quot;: &quot;Completed&quot;,
        &quot;ea1&quot;: &quot;W70P01&quot;,
        &quot;ea2&quot;: &quot;Western Region&quot;
      }
    },
    {
      &quot;attributes&quot;: {
        &quot;owner&quot;: &quot;Conduct&quot;,
        &quot;stage&quot;: &quot;Completed&quot;,
        &quot;ea1&quot;: &quot;Conduct Claremont Ring&quot;,
        &quot;ea2&quot;: &quot;Western Region&quot;
      }
    },
    {
      &quot;attributes&quot;: {
        &quot;owner&quot;: &quot;Conduct&quot;,
        &quot;stage&quot;: &quot;Completed&quot;,
        &quot;ea1&quot;: &quot;W70P01&quot;,
        &quot;ea2&quot;: &quot;Western Region&quot;
      }
    },
    {
      &quot;attributes&quot;: {
        &quot;owner&quot;: &quot;Conduct&quot;,
        &quot;stage&quot;: &quot;Completed&quot;,
        &quot;ea1&quot;: &quot;W70P01&quot;,
        &quot;ea2&quot;: &quot;Western Region&quot;
      }
    },
    {
      &quot;attributes&quot;: {
        &quot;owner&quot;: &quot;Conduct&quot;,
        &quot;stage&quot;: &quot;Completed&quot;,
        &quot;ea1&quot;: &quot;W70P01&quot;,
        &quot;ea2&quot;: &quot;Western Region&quot;
      }
    },
    {
      &quot;attributes&quot;: {
        &quot;owner&quot;: &quot;Conduct&quot;,
        &quot;stage&quot;: &quot;Completed&quot;,
        &quot;ea1&quot;: &quot; &quot;,
        &quot;ea2&quot;: &quot;Western Region&quot;
      }
    },
    {
      &quot;attributes&quot;: {
        &quot;owner&quot;: &quot;Conduct&quot;,
        &quot;stage&quot;: &quot;Construction&quot;,
        &quot;ea1&quot;: &quot; &quot;,
        &quot;ea2&quot;: &quot;Western Region&quot;
      }
    },
    {
      &quot;attributes&quot;: {
        &quot;owner&quot;: &quot;Conduct&quot;,
        &quot;stage&quot;: &quot;Completed&quot;,
        &quot;ea1&quot;: &quot;W70P01&quot;,
        &quot;ea2&quot;: &quot;Western Region&quot;
      }
    },
    {
      &quot;attributes&quot;: {
        &quot;owner&quot;: &quot;Conduct&quot;,
        &quot;stage&quot;: &quot;Completed&quot;,
        &quot;ea1&quot;: &quot;W70P01&quot;,
        &quot;ea2&quot;: &quot;Western Region&quot;
      }
    },
    {
      &quot;attributes&quot;: {
        &quot;owner&quot;: &quot;Conduct&quot;,
        &quot;stage&quot;: &quot;Completed&quot;,
        &quot;ea1&quot;: &quot;none&quot;,
        &quot;ea2&quot;: &quot;Northern Region&quot;
      }
    },
    {
      &quot;attributes&quot;: {
        &quot;owner&quot;: &quot;Conduct&quot;,
        &quot;stage&quot;: &quot;Construction&quot;,
        &quot;ea1&quot;: &quot;none&quot;,
        &quot;ea2&quot;: &quot;Northern Region&quot;
      }
    },
    {
      &quot;attributes&quot;: {
        &quot;owner&quot;: &quot;Conduct&quot;,
        &quot;stage&quot;: &quot;Construction&quot;,
        &quot;ea1&quot;: &quot;AS14680BH345924 &quot;,
        &quot;ea2&quot;: &quot;Northern Region&quot;
      }
    },
    {
      &quot;attributes&quot;: {
        &quot;owner&quot;: &quot;Conduct&quot;,
        &quot;stage&quot;: &quot;Construction&quot;,
        &quot;ea1&quot;: &quot;none&quot;,
        &quot;ea2&quot;: &quot;none&quot;
      }
    },
    {
      &quot;attributes&quot;: {
        &quot;owner&quot;: &quot;Conduct&quot;,
        &quot;stage&quot;: &quot;Construction&quot;,
        &quot;ea1&quot;: &quot;none&quot;,
        &quot;ea2&quot;: &quot;none&quot;
      }
    },
    {
      &quot;attributes&quot;: {
        &quot;owner&quot;: &quot;Conduct&quot;,
        &quot;stage&quot;: &quot;Construction&quot;,
        &quot;ea1&quot;: &quot;none&quot;,
        &quot;ea2&quot;: &quot;none&quot;
      }
    },
    {
      &quot;attributes&quot;: {
        &quot;owner&quot;: &quot;Conduct&quot;,
        &quot;stage&quot;: &quot;Construction&quot;,
        &quot;ea1&quot;: &quot;none&quot;,
        &quot;ea2&quot;: &quot;Northern Region&quot;
      }
    },
    {
      &quot;attributes&quot;: {
        &quot;owner&quot;: &quot;Conduct&quot;,
        &quot;stage&quot;: &quot;Construction&quot;,
        &quot;ea1&quot;: &quot;none&quot;,
        &quot;ea2&quot;: &quot;Northern Region&quot;
      }
    },
    {
      &quot;attributes&quot;: {
        &quot;owner&quot;: &quot;Conduct&quot;,
        &quot;stage&quot;: &quot;Construction&quot;,
        &quot;ea1&quot;: &quot;none&quot;,
        &quot;ea2&quot;: &quot;Northern Region&quot;
      }
    },
    {
      &quot;attributes&quot;: {
        &quot;owner&quot;: &quot;Conduct&quot;,
        &quot;stage&quot;: &quot;Construction&quot;,
        &quot;ea1&quot;: &quot;none&quot;,
        &quot;ea2&quot;: &quot;Northern Region&quot;
      }
    },
    {
      &quot;attributes&quot;: {
        &quot;owner&quot;: &quot;Conduct&quot;,
        &quot;stage&quot;: &quot;Completed&quot;,
        &quot;ea1&quot;: &quot;G70P01&quot;,
        &quot;ea2&quot;: &quot;Gauteng South&quot;
      }
    },
    {
      &quot;attributes&quot;: {
        &quot;owner&quot;: &quot;Conduct&quot;,
        &quot;stage&quot;: &quot;Completed&quot;,
        &quot;ea1&quot;: &quot;G70P01&quot;,
        &quot;ea2&quot;: &quot;Gauteng South&quot;
      }
    },
    {
      &quot;attributes&quot;: {
        &quot;owner&quot;: &quot;Conduct&quot;,
        &quot;stage&quot;: &quot;Completed&quot;,
        &quot;ea1&quot;: &quot;G70P01&quot;,
        &quot;ea2&quot;: &quot;Gauteng South&quot;
      }
    },
    {
      &quot;attributes&quot;: {
        &quot;owner&quot;: &quot;Conduct&quot;,
        &quot;stage&quot;: &quot;Completed&quot;,
        &quot;ea1&quot;: &quot;G70P01&quot;,
        &quot;ea2&quot;: &quot;Gauteng South&quot;
      }
    },
    {
      &quot;attributes&quot;: {
        &quot;owner&quot;: &quot;Conduct&quot;,
        &quot;stage&quot;: &quot;Completed&quot;,
        &quot;ea1&quot;: &quot;G70P01&quot;,
        &quot;ea2&quot;: &quot;Gauteng South&quot;
      }
    },
    {
      &quot;attributes&quot;: {
        &quot;owner&quot;: &quot;Conduct&quot;,
        &quot;stage&quot;: &quot;Completed&quot;,
        &quot;ea1&quot;: &quot;G70P01&quot;,
        &quot;ea2&quot;: &quot;Gauteng South&quot;
      }
    },
    {
      &quot;attributes&quot;: {
        &quot;owner&quot;: &quot;Conduct&quot;,
        &quot;stage&quot;: &quot;Completed&quot;,
        &quot;ea1&quot;: &quot;G70P01&quot;,
        &quot;ea2&quot;: &quot;Gauteng South&quot;
      }
    },
    {
      &quot;attributes&quot;: {
        &quot;owner&quot;: &quot;Conduct&quot;,
        &quot;stage&quot;: &quot;Completed&quot;,
        &quot;ea1&quot;: &quot;G70P01&quot;,
        &quot;ea2&quot;: &quot;Gauteng South&quot;
      }
    },
    {
      &quot;attributes&quot;: {
        &quot;owner&quot;: &quot;Conduct&quot;,
        &quot;stage&quot;: &quot;Completed&quot;,
        &quot;ea1&quot;: &quot;G70P01&quot;,
        &quot;ea2&quot;: &quot;Gauteng South&quot;
      }
    },
    {
      &quot;attributes&quot;: {
        &quot;owner&quot;: &quot;Conduct&quot;,
        &quot;stage&quot;: &quot;Completed&quot;,
        &quot;ea1&quot;: &quot;G70P01&quot;,
        &quot;ea2&quot;: &quot;Gauteng South&quot;
      }
    },
    {
      &quot;attributes&quot;: {
        &quot;owner&quot;: &quot;Conduct&quot;,
        &quot;stage&quot;: &quot;Completed&quot;,
        &quot;ea1&quot;: &quot;G70P01&quot;,
        &quot;ea2&quot;: &quot;Gauteng South&quot;
      }
    },
    {
      &quot;attributes&quot;: {
        &quot;owner&quot;: &quot;Conduct&quot;,
        &quot;stage&quot;: &quot;Completed&quot;,
        &quot;ea1&quot;: &quot;G70P01&quot;,
        &quot;ea2&quot;: &quot;Gauteng South&quot;
      }
    },
    {
      &quot;attributes&quot;: {
        &quot;owner&quot;: &quot;Conduct&quot;,
        &quot;stage&quot;: &quot;Completed&quot;,
        &quot;ea1&quot;: &quot;G70P01&quot;,
        &quot;ea2&quot;: &quot;Gauteng South&quot;
      }
    },
    {
      &quot;attributes&quot;: {
        &quot;owner&quot;: &quot;Conduct&quot;,
        &quot;stage&quot;: &quot;Completed&quot;,
        &quot;ea1&quot;: &quot;G70P01&quot;,
        &quot;ea2&quot;: &quot;Gauteng South&quot;
      }
    },
    {
      &quot;attributes&quot;: {
        &quot;owner&quot;: &quot;Conduct&quot;,
        &quot;stage&quot;: &quot;Completed&quot;,
        &quot;ea1&quot;: &quot;G70P01&quot;,
        &quot;ea2&quot;: &quot;Gauteng South&quot;
      }
    },
    {
      &quot;attributes&quot;: {
        &quot;owner&quot;: &quot;Conduct&quot;,
        &quot;stage&quot;: &quot;Completed&quot;,
        &quot;ea1&quot;: &quot;G70P01&quot;,
        &quot;ea2&quot;: &quot;Gauteng South&quot;
      }
    },
    {
      &quot;attributes&quot;: {
        &quot;owner&quot;: &quot;Conduct&quot;,
        &quot;stage&quot;: &quot;Completed&quot;,
        &quot;ea1&quot;: &quot;G70P01&quot;,
        &quot;ea2&quot;: &quot;Gauteng South&quot;
      }
    },
    {
      &quot;attributes&quot;: {
        &quot;owner&quot;: &quot;Conduct&quot;,
        &quot;stage&quot;: &quot;Completed&quot;,
        &quot;ea1&quot;: &quot;G70P01&quot;,
        &quot;ea2&quot;: &quot;Gauteng South&quot;
      }
    },
    {
      &quot;attributes&quot;: {
        &quot;owner&quot;: &quot;Conduct&quot;,
        &quot;stage&quot;: &quot;Completed&quot;,
        &quot;ea1&quot;: &quot;G70P01&quot;,
        &quot;ea2&quot;: &quot;Gauteng South&quot;
      }
    },
    {
      &quot;attributes&quot;: {
        &quot;owner&quot;: &quot;Conduct&quot;,
        &quot;stage&quot;: &quot;Completed&quot;,
        &quot;ea1&quot;: &quot;G70P01&quot;,
        &quot;ea2&quot;: &quot;Gauteng South&quot;
      }
    },
    {
      &quot;attributes&quot;: {
        &quot;owner&quot;: &quot;Conduct&quot;,
        &quot;stage&quot;: &quot;Completed&quot;,
        &quot;ea1&quot;: &quot;G70P01&quot;,
        &quot;ea2&quot;: &quot;Gauteng South&quot;
      }
    },
    {
      &quot;attributes&quot;: {
        &quot;owner&quot;: &quot;Conduct&quot;,
        &quot;stage&quot;: &quot;Completed&quot;,
        &quot;ea1&quot;: &quot;G70P01&quot;,
        &quot;ea2&quot;: &quot;Gauteng South&quot;
      }
    },
    {
      &quot;attributes&quot;: {
        &quot;owner&quot;: &quot;Conduct&quot;,
        &quot;stage&quot;: &quot;Completed&quot;,
        &quot;ea1&quot;: &quot;AS13625GHFRI008&quot;,
        &quot;ea2&quot;: &quot;Gauteng South&quot;
      }
    },
    {
      &quot;attributes&quot;: {
        &quot;owner&quot;: &quot;Conduct&quot;,
        &quot;stage&quot;: &quot;Completed&quot;,
        &quot;ea1&quot;: &quot;G70P01&quot;,
        &quot;ea2&quot;: &quot;Gauteng South&quot;
      }
    },
    {
      &quot;attributes&quot;: {
        &quot;owner&quot;: &quot;Conduct&quot;,
        &quot;stage&quot;: &quot;Completed&quot;,
        &quot;ea1&quot;: &quot;G70P01&quot;,
        &quot;ea2&quot;: &quot;Gauteng South&quot;
      }
    },
    {
      &quot;attributes&quot;: {
        &quot;owner&quot;: &quot;Conduct&quot;,
        &quot;stage&quot;: &quot;Completed&quot;,
        &quot;ea1&quot;: &quot;G70P01&quot;,
        &quot;ea2&quot;: &quot;Gauteng South&quot;
      }
    },
    {
      &quot;attributes&quot;: {
        &quot;owner&quot;: &quot;Conduct&quot;,
        &quot;stage&quot;: &quot;Completed&quot;,
        &quot;ea1&quot;: &quot;G70P01&quot;,
        &quot;ea2&quot;: &quot;Gauteng South&quot;
      }
    },
    {
      &quot;attributes&quot;: {
        &quot;owner&quot;: &quot;Conduct&quot;,
        &quot;stage&quot;: &quot;Construction&quot;,
        &quot;ea1&quot;: &quot;AS13708BH004086&quot;,
        &quot;ea2&quot;: &quot;Northern Region&quot;
      }
    },
    {
      &quot;attributes&quot;: {
        &quot;owner&quot;: &quot;Conduct&quot;,
        &quot;stage&quot;: &quot;Construction&quot;,
        &quot;ea1&quot;: &quot;AS13708BH004093&quot;,
        &quot;ea2&quot;: &quot;Northern Region&quot;
      }
    },
    {
      &quot;attributes&quot;: {
        &quot;owner&quot;: &quot;Conduct&quot;,
        &quot;stage&quot;: &quot;Construction&quot;,
        &quot;ea1&quot;: &quot;none&quot;,
        &quot;ea2&quot;: &quot;Northern Region&quot;
      }
    },
    {
      &quot;attributes&quot;: {
        &quot;owner&quot;: &quot;Conduct&quot;,
        &quot;stage&quot;: &quot;Completed&quot;,
        &quot;ea1&quot;: &quot;AS13945BA345051&quot;,
        &quot;ea2&quot;: &quot;Northern Region&quot;
      }
    },
    {
      &quot;attributes&quot;: {
        &quot;owner&quot;: &quot;Conduct&quot;,
        &quot;stage&quot;: &quot;Construction&quot;,
        &quot;ea1&quot;: &quot;none&quot;,
        &quot;ea2&quot;: &quot;Northern Region&quot;
      }
    },
    {
      &quot;attributes&quot;: {
        &quot;owner&quot;: &quot;Conduct&quot;,
        &quot;stage&quot;: &quot;Completed&quot;,
        &quot;ea1&quot;: &quot;AS13945BA345051&quot;,
        &quot;ea2&quot;: &quot;Northern Region&quot;
      }
    },
    {
      &quot;attributes&quot;: {
        &quot;owner&quot;: &quot;Conduct&quot;,
        &quot;stage&quot;: &quot;Construction&quot;,
        &quot;ea1&quot;: &quot;none&quot;,
        &quot;ea2&quot;: &quot;none&quot;
      }
    },
    {
      &quot;attributes&quot;: {
        &quot;owner&quot;: &quot;Conduct&quot;,
        &quot;stage&quot;: &quot;Completed&quot;,
        &quot;ea1&quot;: &quot;none&quot;,
        &quot;ea2&quot;: &quot;Northern Region&quot;
      }
    },
    {
      &quot;attributes&quot;: {
        &quot;owner&quot;: &quot;Conduct&quot;,
        &quot;stage&quot;: &quot;Construction&quot;,
        &quot;ea1&quot;: &quot;AS13938BH340127 &quot;,
        &quot;ea2&quot;: &quot;Northern Region&quot;
      }
    },
    {
      &quot;attributes&quot;: {
        &quot;owner&quot;: &quot;Conduct&quot;,
        &quot;stage&quot;: &quot;Construction&quot;,
        &quot;ea1&quot;: &quot;AS13938GH070803 &quot;,
        &quot;ea2&quot;: &quot;Northern Region&quot;
      }
    },
    {
      &quot;attributes&quot;: {
        &quot;owner&quot;: &quot;Conduct&quot;,
        &quot;stage&quot;: &quot;Completed&quot;,
        &quot;ea1&quot;: &quot;AS13945BA345051&quot;,
        &quot;ea2&quot;: &quot;Northern Region&quot;
      }
    },
    {
      &quot;attributes&quot;: {
        &quot;owner&quot;: &quot;Conduct&quot;,
        &quot;stage&quot;: &quot;Construction&quot;,
        &quot;ea1&quot;: &quot;none&quot;,
        &quot;ea2&quot;: &quot;Northern Region&quot;
      }
    },
    {
      &quot;attributes&quot;: {
        &quot;owner&quot;: &quot;Conduct&quot;,
        &quot;stage&quot;: &quot;Construction&quot;,
        &quot;ea1&quot;: &quot;none&quot;,
        &quot;ea2&quot;: &quot;none&quot;
      }
    },
    {
      &quot;attributes&quot;: {
        &quot;owner&quot;: &quot;Conduct&quot;,
        &quot;stage&quot;: &quot;Construction&quot;,
        &quot;ea1&quot;: &quot;&quot;,
        &quot;ea2&quot;: &quot;none&quot;
      }
    },
    {
      &quot;attributes&quot;: {
        &quot;owner&quot;: &quot;Conduct&quot;,
        &quot;stage&quot;: &quot;Construction&quot;,
        &quot;ea1&quot;: &quot;&quot;,
        &quot;ea2&quot;: &quot;none&quot;
      }
    },
    {
      &quot;attributes&quot;: {
        &quot;owner&quot;: &quot;Conduct&quot;,
        &quot;stage&quot;: &quot;Completed&quot;,
        &quot;ea1&quot;: &quot; &quot;,
        &quot;ea2&quot;: &quot;Western Region&quot;
      }
    },
    {
      &quot;attributes&quot;: {
        &quot;owner&quot;: &quot;Conduct&quot;,
        &quot;stage&quot;: &quot;Completed&quot;,
        &quot;ea1&quot;: &quot;AS11870WH281134&quot;,
        &quot;ea2&quot;: &quot;Western Region&quot;
      }
    },
    {
      &quot;attributes&quot;: {
        &quot;owner&quot;: &quot;Conduct&quot;,
        &quot;stage&quot;: &quot;Construction&quot;,
        &quot;ea1&quot;: &quot;AS14112BH301661&quot;,
        &quot;ea2&quot;: &quot;Northern Region&quot;
      }
    },
    {
      &quot;attributes&quot;: {
        &quot;owner&quot;: &quot;Conduct&quot;,
        &quot;stage&quot;: &quot;Completed&quot;,
        &quot;ea1&quot;: &quot;W70P09&quot;,
        &quot;ea2&quot;: &quot;Western Region&quot;
      }
    },
    {
      &quot;attributes&quot;: {
        &quot;owner&quot;: &quot;Conduct&quot;,
        &quot;stage&quot;: &quot;Completed&quot;,
        &quot;ea1&quot;: &quot;W70P08&quot;,
        &quot;ea2&quot;: &quot;Western Region&quot;
      }
    },
    {
      &quot;attributes&quot;: {
        &quot;owner&quot;: &quot;Conduct&quot;,
        &quot;stage&quot;: &quot;Completed&quot;,
        &quot;ea1&quot;: &quot;W70P07&quot;,
        &quot;ea2&quot;: &quot;Western Region&quot;
      }
    },
    {
      &quot;attributes&quot;: {
        &quot;owner&quot;: &quot;Conduct&quot;,
        &quot;stage&quot;: &quot;Completed&quot;,
        &quot;ea1&quot;: &quot;W70P11&quot;,
        &quot;ea2&quot;: &quot;Western Region&quot;
      }
    },
    {
      &quot;attributes&quot;: {
        &quot;owner&quot;: &quot;Conduct&quot;,
        &quot;stage&quot;: &quot;Construction&quot;,
        &quot;ea1&quot;: &quot; &quot;,
        &quot;ea2&quot;: &quot;Northern Region&quot;
      }
    },
    {
      &quot;attributes&quot;: {
        &quot;owner&quot;: &quot;Conduct&quot;,
        &quot;stage&quot;: &quot;Construction&quot;,
        &quot;ea1&quot;: &quot;AS14414BA345056&quot;,
        &quot;ea2&quot;: &quot;Northern Region&quot;
      }
    },
    {
      &quot;attributes&quot;: {
        &quot;owner&quot;: &quot;Conduct&quot;,
        &quot;stage&quot;: &quot;Construction&quot;,
        &quot;ea1&quot;: &quot; &quot;,
        &quot;ea2&quot;: &quot;Northern Region&quot;
      }
    },
    {
      &quot;attributes&quot;: {
        &quot;owner&quot;: &quot;Conduct&quot;,
        &quot;stage&quot;: &quot;Construction&quot;,
        &quot;ea1&quot;: &quot; &quot;,
        &quot;ea2&quot;: &quot;Northern Region&quot;
      }
    },
    {
      &quot;attributes&quot;: {
        &quot;owner&quot;: &quot;Conduct&quot;,
        &quot;stage&quot;: &quot;Construction&quot;,
        &quot;ea1&quot;: &quot; &quot;,
        &quot;ea2&quot;: &quot;Northern Region&quot;
      }
    },
    {
      &quot;attributes&quot;: {
        &quot;owner&quot;: &quot;Conduct&quot;,
        &quot;stage&quot;: &quot;Construction&quot;,
        &quot;ea1&quot;: &quot; &quot;,
        &quot;ea2&quot;: &quot;Northern Region&quot;
      }
    },
    {
      &quot;attributes&quot;: {
        &quot;owner&quot;: &quot;Conduct&quot;,
        &quot;stage&quot;: &quot;Construction&quot;,
        &quot;ea1&quot;: &quot; &quot;,
        &quot;ea2&quot;: &quot;Northern Region&quot;
      }
    },
    {
      &quot;attributes&quot;: {
        &quot;owner&quot;: &quot;Conduct&quot;,
        &quot;stage&quot;: &quot;Construction&quot;,
        &quot;ea1&quot;: &quot; &quot;,
        &quot;ea2&quot;: &quot;Northern Region&quot;
      }
    },
    {
      &quot;attributes&quot;: {
        &quot;owner&quot;: &quot;Conduct&quot;,
        &quot;stage&quot;: &quot;Construction&quot;,
        &quot;ea1&quot;: &quot; &quot;,
        &quot;ea2&quot;: &quot;Northern Region&quot;
      }
    },
    {
      &quot;attributes&quot;: {
        &quot;owner&quot;: &quot;Conduct&quot;,
        &quot;stage&quot;: &quot;Construction&quot;,
        &quot;ea1&quot;: &quot; &quot;,
        &quot;ea2&quot;: &quot;Northern Region&quot;
      }
    },
    {
      &quot;attributes&quot;: {
        &quot;owner&quot;: &quot;Conduct&quot;,
        &quot;stage&quot;: &quot;Construction&quot;,
        &quot;ea1&quot;: &quot; &quot;,
        &quot;ea2&quot;: &quot;Northern Region&quot;
      }
    },
    {
      &quot;attributes&quot;: {
        &quot;owner&quot;: &quot;Conduct&quot;,
        &quot;stage&quot;: &quot;Construction&quot;,
        &quot;ea1&quot;: &quot; &quot;,
        &quot;ea2&quot;: &quot;Northern Region&quot;
      }
    },
    {
      &quot;attributes&quot;: {
        &quot;owner&quot;: &quot;Conduct&quot;,
        &quot;stage&quot;: &quot;Construction&quot;,
        &quot;ea1&quot;: &quot; &quot;,
        &quot;ea2&quot;: &quot;Northern Region&quot;
      }
    },
    {
      &quot;attributes&quot;: {
        &quot;owner&quot;: &quot;Conduct&quot;,
        &quot;stage&quot;: &quot;Construction&quot;,
        &quot;ea1&quot;: &quot; &quot;,
        &quot;ea2&quot;: &quot;Northern Region&quot;
      }
    },
    {
      &quot;attributes&quot;: {
        &quot;owner&quot;: &quot;Conduct&quot;,
        &quot;stage&quot;: &quot;Construction&quot;,
        &quot;ea1&quot;: &quot; &quot;,
        &quot;ea2&quot;: &quot;Northern Region&quot;
      }
    },
    {
      &quot;attributes&quot;: {
        &quot;owner&quot;: &quot;Conduct&quot;,
        &quot;stage&quot;: &quot;Construction&quot;,
        &quot;ea1&quot;: &quot; &quot;,
        &quot;ea2&quot;: &quot;Northern Region&quot;
      }
    },
    {
      &quot;attributes&quot;: {
        &quot;owner&quot;: &quot;Conduct&quot;,
        &quot;stage&quot;: &quot;Construction&quot;,
        &quot;ea1&quot;: &quot; &quot;,
        &quot;ea2&quot;: &quot;Northern Region&quot;
      }
    },
    {
      &quot;attributes&quot;: {
        &quot;owner&quot;: &quot;Conduct&quot;,
        &quot;stage&quot;: &quot;Construction&quot;,
        &quot;ea1&quot;: &quot; &quot;,
        &quot;ea2&quot;: &quot;Northern Region&quot;
      }
    },
    {
      &quot;attributes&quot;: {
        &quot;owner&quot;: &quot;Conduct&quot;,
        &quot;stage&quot;: &quot;Construction&quot;,
        &quot;ea1&quot;: &quot;NB70P11&quot;,
        &quot;ea2&quot;: &quot;Northern Region&quot;
      }
    },
    {
      &quot;attributes&quot;: {
        &quot;owner&quot;: &quot;Conduct&quot;,
        &quot;stage&quot;: &quot;Construction&quot;,
        &quot;ea1&quot;: &quot; &quot;,
        &quot;ea2&quot;: &quot;Northern Region&quot;
      }
    },
    {
      &quot;attributes&quot;: {
        &quot;owner&quot;: &quot;Conduct&quot;,
        &quot;stage&quot;: &quot;Construction&quot;,
        &quot;ea1&quot;: &quot; &quot;,
        &quot;ea2&quot;: &quot;Northern Region&quot;
      }
    },
    {
      &quot;attributes&quot;: {
        &quot;owner&quot;: &quot;Conduct&quot;,
        &quot;stage&quot;: &quot;Construction&quot;,
        &quot;ea1&quot;: &quot; &quot;,
        &quot;ea2&quot;: &quot;Northern Region&quot;
      }
    },
    {
      &quot;attributes&quot;: {
        &quot;owner&quot;: &quot;Conduct&quot;,
        &quot;stage&quot;: &quot;Construction&quot;,
        &quot;ea1&quot;: &quot; &quot;,
        &quot;ea2&quot;: &quot;Northern Region&quot;
      }
    },
    {
      &quot;attributes&quot;: {
        &quot;owner&quot;: &quot;Conduct&quot;,
        &quot;stage&quot;: &quot;Construction&quot;,
        &quot;ea1&quot;: &quot; &quot;,
        &quot;ea2&quot;: &quot;Northern Region&quot;
      }
    },
    {
      &quot;attributes&quot;: {
        &quot;owner&quot;: &quot;Conduct&quot;,
        &quot;stage&quot;: &quot;Construction&quot;,
        &quot;ea1&quot;: &quot;NB70P11&quot;,
        &quot;ea2&quot;: &quot;Northern Region&quot;
      }
    },
    {
      &quot;attributes&quot;: {
        &quot;owner&quot;: &quot;Conduct&quot;,
        &quot;stage&quot;: &quot;Construction&quot;,
        &quot;ea1&quot;: &quot;NB70P11&quot;,
        &quot;ea2&quot;: &quot;Northern Region&quot;
      }
    },
    {
      &quot;attributes&quot;: {
        &quot;owner&quot;: &quot;Conduct&quot;,
        &quot;stage&quot;: &quot;Construction&quot;,
        &quot;ea1&quot;: &quot; &quot;,
        &quot;ea2&quot;: &quot;Northern Region&quot;
      }
    },
    {
      &quot;attributes&quot;: {
        &quot;owner&quot;: &quot;Conduct&quot;,
        &quot;stage&quot;: &quot;Construction&quot;,
        &quot;ea1&quot;: &quot;NB70P11&quot;,
        &quot;ea2&quot;: &quot;Northern Region&quot;
      }
    },
    {
      &quot;attributes&quot;: {
        &quot;owner&quot;: &quot;Conduct&quot;,
        &quot;stage&quot;: &quot;Construction&quot;,
        &quot;ea1&quot;: &quot;NB70P11&quot;,
        &quot;ea2&quot;: &quot;Northern Region&quot;
      }
    },
    {
      &quot;attributes&quot;: {
        &quot;owner&quot;: &quot;Conduct&quot;,
        &quot;stage&quot;: &quot;Construction&quot;,
        &quot;ea1&quot;: &quot;NB70P11&quot;,
        &quot;ea2&quot;: &quot;Northern Region&quot;
      }
    },
    {
      &quot;attributes&quot;: {
        &quot;owner&quot;: &quot;Conduct&quot;,
        &quot;stage&quot;: &quot;Construction&quot;,
        &quot;ea1&quot;: &quot;NB70P11&quot;,
        &quot;ea2&quot;: &quot;Northern Region&quot;
      }
    },
    {
      &quot;attributes&quot;: {
        &quot;owner&quot;: &quot;Conduct&quot;,
        &quot;stage&quot;: &quot;Construction&quot;,
        &quot;ea1&quot;: &quot;NB70P11&quot;,
        &quot;ea2&quot;: &quot;Northern Region&quot;
      }
    },
    {
      &quot;attributes&quot;: {
        &quot;owner&quot;: &quot;Conduct&quot;,
        &quot;stage&quot;: &quot;Construction&quot;,
        &quot;ea1&quot;: &quot;NB70P11&quot;,
        &quot;ea2&quot;: &quot;Northern Region&quot;
      }
    },
    {
      &quot;attributes&quot;: {
        &quot;owner&quot;: &quot;Conduct&quot;,
        &quot;stage&quot;: &quot;Construction&quot;,
        &quot;ea1&quot;: &quot;AS14112BH301661&quot;,
        &quot;ea2&quot;: &quot;Northern Region&quot;
      }
    },
    {
      &quot;attributes&quot;: {
        &quot;owner&quot;: &quot;Conduct&quot;,
        &quot;stage&quot;: &quot;Construction&quot;,
        &quot;ea1&quot;: &quot;AS14112BH301661&quot;,
        &quot;ea2&quot;: &quot;Northern Region&quot;
      }
    },
    {
      &quot;attributes&quot;: {
        &quot;owner&quot;: &quot;Conduct&quot;,
        &quot;stage&quot;: &quot;Construction&quot;,
        &quot;ea1&quot;: &quot;NB70P06&quot;,
        &quot;ea2&quot;: &quot;Northern Region&quot;
      }
    },
    {
      &quot;attributes&quot;: {
        &quot;owner&quot;: &quot;Conduct&quot;,
        &quot;stage&quot;: &quot;Construction&quot;,
        &quot;ea1&quot;: &quot;NB70P06&quot;,
        &quot;ea2&quot;: &quot;Northern Region&quot;
      }
    },
    {
      &quot;attributes&quot;: {
        &quot;owner&quot;: &quot;Conduct&quot;,
        &quot;stage&quot;: &quot;Construction&quot;,
        &quot;ea1&quot;: &quot;NB70P06&quot;,
        &quot;ea2&quot;: &quot;Northern Region&quot;
      }
    },
    {
      &quot;attributes&quot;: {
        &quot;owner&quot;: &quot;Conduct&quot;,
        &quot;stage&quot;: &quot;Construction&quot;,
        &quot;ea1&quot;: &quot;none&quot;,
        &quot;ea2&quot;: &quot;Northern Region&quot;
      }
    },
    {
      &quot;attributes&quot;: {
        &quot;owner&quot;: &quot;Conduct&quot;,
        &quot;stage&quot;: &quot;Construction&quot;,
        &quot;ea1&quot;: &quot;none&quot;,
        &quot;ea2&quot;: &quot;Northern Region&quot;
      }
    },
    {
      &quot;attributes&quot;: {
        &quot;owner&quot;: &quot;Conduct&quot;,
        &quot;stage&quot;: &quot;Construction&quot;,
        &quot;ea1&quot;: &quot;none&quot;,
        &quot;ea2&quot;: &quot;Northern Region&quot;
      }
    },
    {
      &quot;attributes&quot;: {
        &quot;owner&quot;: &quot;Conduct&quot;,
        &quot;stage&quot;: &quot;Construction&quot;,
        &quot;ea1&quot;: &quot;none&quot;,
        &quot;ea2&quot;: &quot;Northern Region&quot;
      }
    },
    {
      &quot;attributes&quot;: {
        &quot;owner&quot;: &quot;Conduct&quot;,
        &quot;stage&quot;: &quot;Completed&quot;,
        &quot;ea1&quot;: &quot;W70P07&quot;,
        &quot;ea2&quot;: &quot;Western Region&quot;
      }
    },
    {
      &quot;attributes&quot;: {
        &quot;owner&quot;: &quot;Conduct&quot;,
        &quot;stage&quot;: &quot;Completed&quot;,
        &quot;ea1&quot;: &quot;W70P07&quot;,
        &quot;ea2&quot;: &quot;Western Region&quot;
      }
    },
    {
      &quot;attributes&quot;: {
        &quot;owner&quot;: &quot;Conduct&quot;,
        &quot;stage&quot;: &quot;Completed&quot;,
        &quot;ea1&quot;: &quot;W70P07&quot;,
        &quot;ea2&quot;: &quot;Western Region&quot;
      }
    },
    {
      &quot;attributes&quot;: {
        &quot;owner&quot;: &quot;Conduct&quot;,
        &quot;stage&quot;: &quot;Completed&quot;,
        &quot;ea1&quot;: &quot;W70P10&quot;,
        &quot;ea2&quot;: &quot;Western Region&quot;
      }
    },
    {
      &quot;attributes&quot;: {
        &quot;owner&quot;: &quot;Conduct&quot;,
        &quot;stage&quot;: &quot;Completed&quot;,
        &quot;ea1&quot;: &quot;W50P94&quot;,
        &quot;ea2&quot;: &quot;Western Region&quot;
      }
    },
    {
      &quot;attributes&quot;: {
        &quot;owner&quot;: &quot;Conduct&quot;,
        &quot;stage&quot;: &quot;Completed&quot;,
        &quot;ea1&quot;: &quot;W70P12&quot;,
        &quot;ea2&quot;: &quot;Western Region&quot;
      }
    },
    {
      &quot;attributes&quot;: {
        &quot;owner&quot;: &quot;Conduct&quot;,
        &quot;stage&quot;: &quot;Completed&quot;,
        &quot;ea1&quot;: &quot;W70P12&quot;,
        &quot;ea2&quot;: &quot;Western Region&quot;
      }
    },
    {
      &quot;attributes&quot;: {
        &quot;owner&quot;: &quot;Conduct&quot;,
        &quot;stage&quot;: &quot;Completed&quot;,
        &quot;ea1&quot;: &quot;W70P12&quot;,
        &quot;ea2&quot;: &quot;Western Region&quot;
      }
    },
    {
      &quot;attributes&quot;: {
        &quot;owner&quot;: &quot;Conduct&quot;,
        &quot;stage&quot;: &quot;Completed&quot;,
        &quot;ea1&quot;: &quot;W70P12&quot;,
        &quot;ea2&quot;: &quot;Western Region&quot;
      }
    },
    {
      &quot;attributes&quot;: {
        &quot;owner&quot;: &quot;Conduct&quot;,
        &quot;stage&quot;: &quot;Completed&quot;,
        &quot;ea1&quot;: &quot;W70P12&quot;,
        &quot;ea2&quot;: &quot;Western Region&quot;
      }
    },
    {
      &quot;attributes&quot;: {
        &quot;owner&quot;: &quot;Conduct&quot;,
        &quot;stage&quot;: &quot;Completed&quot;,
        &quot;ea1&quot;: &quot;W70P12&quot;,
        &quot;ea2&quot;: &quot;Western Region&quot;
      }
    },
    {
      &quot;attributes&quot;: {
        &quot;owner&quot;: &quot;Conduct&quot;,
        &quot;stage&quot;: &quot;Completed&quot;,
        &quot;ea1&quot;: &quot;W70P12&quot;,
        &quot;ea2&quot;: &quot;Western Region&quot;
      }
    },
    {
      &quot;attributes&quot;: {
        &quot;owner&quot;: &quot;Conduct&quot;,
        &quot;stage&quot;: &quot;Construction&quot;,
        &quot;ea1&quot;: &quot;NB70P12&quot;,
        &quot;ea2&quot;: &quot;Northern Region&quot;
      }
    },
    {
      &quot;attributes&quot;: {
        &quot;owner&quot;: &quot;Conduct&quot;,
        &quot;stage&quot;: &quot;Completed&quot;,
        &quot;ea1&quot;: &quot;NB70P12&quot;,
        &quot;ea2&quot;: &quot;Northern Region&quot;
      }
    },
    {
      &quot;attributes&quot;: {
        &quot;owner&quot;: &quot;Conduct&quot;,
        &quot;stage&quot;: &quot;Completed&quot;,
        &quot;ea1&quot;: &quot;NB70P12&quot;,
        &quot;ea2&quot;: &quot;Northern Region&quot;
      }
    },
    {
      &quot;attributes&quot;: {
        &quot;owner&quot;: &quot;Conduct&quot;,
        &quot;stage&quot;: &quot;Completed&quot;,
        &quot;ea1&quot;: &quot;NB70P12&quot;,
        &quot;ea2&quot;: &quot;Northern Region&quot;
      }
    },
    {
      &quot;attributes&quot;: {
        &quot;owner&quot;: &quot;Conduct&quot;,
        &quot;stage&quot;: &quot;Completed&quot;,
        &quot;ea1&quot;: &quot;NB70P12&quot;,
        &quot;ea2&quot;: &quot;Northern Region&quot;
      }
    },
    {
      &quot;attributes&quot;: {
        &quot;owner&quot;: &quot;Conduct&quot;,
        &quot;stage&quot;: &quot;Completed&quot;,
        &quot;ea1&quot;: &quot;NB70P12&quot;,
        &quot;ea2&quot;: &quot;Northern Region&quot;
      }
    },
    {
      &quot;attributes&quot;: {
        &quot;owner&quot;: &quot;Conduct&quot;,
        &quot;stage&quot;: &quot;Completed&quot;,
        &quot;ea1&quot;: &quot;NB70P12&quot;,
        &quot;ea2&quot;: &quot;Northern Region&quot;
      }
    },
    {
      &quot;attributes&quot;: {
        &quot;owner&quot;: &quot;Conduct&quot;,
        &quot;stage&quot;: &quot;Construction&quot;,
        &quot;ea1&quot;: &quot;NB70P12&quot;,
        &quot;ea2&quot;: &quot;Northern Region&quot;
      }
    },
    {
      &quot;attributes&quot;: {
        &quot;owner&quot;: &quot;Conduct&quot;,
        &quot;stage&quot;: &quot;Construction&quot;,
        &quot;ea1&quot;: &quot;NB70P12&quot;,
        &quot;ea2&quot;: &quot;Northern Region&quot;
      }
    },
    {
      &quot;attributes&quot;: {
        &quot;owner&quot;: &quot;Conduct&quot;,
        &quot;stage&quot;: &quot;Completed&quot;,
        &quot;ea1&quot;: &quot;NB70P13&quot;,
        &quot;ea2&quot;: &quot;Northern Region&quot;
      }
    },
    {
      &quot;attributes&quot;: {
        &quot;owner&quot;: &quot;Conduct&quot;,
        &quot;stage&quot;: &quot;Construction&quot;,
        &quot;ea1&quot;: &quot;NB70P13&quot;,
        &quot;ea2&quot;: &quot;Northern Region&quot;
      }
    },
    {
      &quot;attributes&quot;: {
        &quot;owner&quot;: &quot;Conduct&quot;,
        &quot;stage&quot;: &quot;Completed&quot;,
        &quot;ea1&quot;: &quot;NB70P13&quot;,
        &quot;ea2&quot;: &quot;Northern Region&quot;
      }
    },
    {
      &quot;attributes&quot;: {
        &quot;owner&quot;: &quot;Conduct&quot;,
        &quot;stage&quot;: &quot;Construction&quot;,
        &quot;ea1&quot;: &quot;AS15842BA345005&quot;,
        &quot;ea2&quot;: &quot;Northern Region&quot;
      }
    },
    {
      &quot;attributes&quot;: {
        &quot;owner&quot;: &quot;Conduct&quot;,
        &quot;stage&quot;: &quot;Construction&quot;,
        &quot;ea1&quot;: &quot;AS15842GA345006&quot;,
        &quot;ea2&quot;: &quot;Northern Region&quot;
      }
    },
    {
      &quot;attributes&quot;: {
        &quot;owner&quot;: &quot;Conduct&quot;,
        &quot;stage&quot;: &quot;Completed&quot;,
        &quot;ea1&quot;: &quot;AS15841BH003572&quot;,
        &quot;ea2&quot;: &quot;Northern Region&quot;
      }
    },
    {
      &quot;attributes&quot;: {
        &quot;owner&quot;: &quot;Conduct&quot;,
        &quot;stage&quot;: &quot;Construction&quot;,
        &quot;ea1&quot;: &quot;AS15841BH003572&quot;,
        &quot;ea2&quot;: &quot;Northern Region&quot;
      }
    },
    {
      &quot;attributes&quot;: {
        &quot;owner&quot;: &quot;Conduct&quot;,
        &quot;stage&quot;: &quot;Construction&quot;,
        &quot;ea1&quot;: &quot;AS16512BH300050&quot;,
        &quot;ea2&quot;: &quot;Northern Region&quot;
      }
    },
    {
      &quot;attributes&quot;: {
        &quot;owner&quot;: &quot;Conduct&quot;,
        &quot;stage&quot;: &quot;Construction&quot;,
        &quot;ea1&quot;: &quot;AS16512BH300049&quot;,
        &quot;ea2&quot;: &quot;Northern Region&quot;
      }
    },
    {
      &quot;attributes&quot;: {
        &quot;owner&quot;: &quot;Conduct&quot;,
        &quot;stage&quot;: &quot;Completed&quot;,
        &quot;ea1&quot;: &quot;AS16339WHWST036&quot;,
        &quot;ea2&quot;: &quot;Western Region&quot;
      }
    },
    {
      &quot;attributes&quot;: {
        &quot;owner&quot;: &quot;Conduct&quot;,
        &quot;stage&quot;: &quot;Completed&quot;,
        &quot;ea1&quot;: &quot;AS16339WHWST037&quot;,
        &quot;ea2&quot;: &quot;Western Region&quot;
      }
    },
    {
      &quot;attributes&quot;: {
        &quot;owner&quot;: &quot;Conduct&quot;,
        &quot;stage&quot;: &quot;Completed&quot;,
        &quot;ea1&quot;: &quot;AS16590WHWST024&quot;,
        &quot;ea2&quot;: &quot;Western Region&quot;
      }
    },
    {
      &quot;attributes&quot;: {
        &quot;owner&quot;: &quot;Conduct&quot;,
        &quot;stage&quot;: &quot;Completed&quot;,
        &quot;ea1&quot;: &quot;AS16590WHWST025&quot;,
        &quot;ea2&quot;: &quot;Western Region&quot;
      }
    },
    {
      &quot;attributes&quot;: {
        &quot;owner&quot;: &quot;Conduct&quot;,
        &quot;stage&quot;: &quot;Completed&quot;,
        &quot;ea1&quot;: &quot;AS15673WHSTN007&quot;,
        &quot;ea2&quot;: &quot;Western Region&quot;
      }
    },
    {
      &quot;attributes&quot;: {
        &quot;owner&quot;: &quot;Conduct&quot;,
        &quot;stage&quot;: &quot;Completed&quot;,
        &quot;ea1&quot;: &quot;AS13392WHWST005&quot;,
        &quot;ea2&quot;: &quot;Western Region&quot;
      }
    },
    {
      &quot;attributes&quot;: {
        &quot;owner&quot;: &quot;Conduct&quot;,
        &quot;stage&quot;: &quot;Completed&quot;,
        &quot;ea1&quot;: &quot;AS13392WHWST006&quot;,
        &quot;ea2&quot;: &quot;Western Region&quot;
      }
    },
    {
      &quot;attributes&quot;: {
        &quot;owner&quot;: &quot;Conduct&quot;,
        &quot;stage&quot;: &quot;Construction&quot;,
        &quot;ea1&quot;: &quot;AS13547BH004091 &quot;,
        &quot;ea2&quot;: &quot;Northern Region&quot;
      }
    },
    {
      &quot;attributes&quot;: {
        &quot;owner&quot;: &quot;Conduct&quot;,
        &quot;stage&quot;: &quot;Completed&quot;,
        &quot;ea1&quot;: &quot;AS14529WH283126&quot;,
        &quot;ea2&quot;: &quot;Western Region&quot;
      }
    },
    {
      &quot;attributes&quot;: {
        &quot;owner&quot;: &quot;Conduct&quot;,
        &quot;stage&quot;: &quot;Completed&quot;,
        &quot;ea1&quot;: &quot;AS14529WH283125&quot;,
        &quot;ea2&quot;: &quot;Western Region&quot;
      }
    },
    {
      &quot;attributes&quot;: {
        &quot;owner&quot;: &quot;Conduct&quot;,
        &quot;stage&quot;: &quot;Completed&quot;,
        &quot;ea1&quot;: &quot;AS14529WH283113&quot;,
        &quot;ea2&quot;: &quot;Western Region&quot;
      }
    },
    {
      &quot;attributes&quot;: {
        &quot;owner&quot;: &quot;Conduct&quot;,
        &quot;stage&quot;: &quot;Construction&quot;,
        &quot;ea1&quot;: &quot; &quot;,
        &quot;ea2&quot;: &quot;Western Region&quot;
      }
    },
    {
      &quot;attributes&quot;: {
        &quot;owner&quot;: &quot;Conduct&quot;,
        &quot;stage&quot;: &quot;Completed&quot;,
        &quot;ea1&quot;: &quot; &quot;,
        &quot;ea2&quot;: &quot;Western Region&quot;
      }
    },
    {
      &quot;attributes&quot;: {
        &quot;owner&quot;: &quot;Conduct&quot;,
        &quot;stage&quot;: &quot;Completed&quot;,
        &quot;ea1&quot;: &quot; &quot;,
        &quot;ea2&quot;: &quot;Western Region&quot;
      }
    },
    {
      &quot;attributes&quot;: {
        &quot;owner&quot;: &quot;Conduct&quot;,
        &quot;stage&quot;: &quot;Completed&quot;,
        &quot;ea1&quot;: &quot;AS16055WSTN002&quot;,
        &quot;ea2&quot;: &quot;Western Region&quot;
      }
    },
    {
      &quot;attributes&quot;: {
        &quot;owner&quot;: &quot;Conduct&quot;,
        &quot;stage&quot;: &quot;Completed&quot;,
        &quot;ea1&quot;: &quot;W70P07&quot;,
        &quot;ea2&quot;: &quot;Western Region&quot;
      }
    },
    {
      &quot;attributes&quot;: {
        &quot;owner&quot;: &quot;Conduct&quot;,
        &quot;stage&quot;: &quot;Construction&quot;,
        &quot;ea1&quot;: &quot;AS17789BH345327 &quot;,
        &quot;ea2&quot;: &quot;Northern Region&quot;
      }
    },
    {
      &quot;attributes&quot;: {
        &quot;owner&quot;: &quot;Conduct&quot;,
        &quot;stage&quot;: &quot;Construction&quot;,
        &quot;ea1&quot;: &quot; &quot;,
        &quot;ea2&quot;: &quot;Northern Region&quot;
      }
    },
    {
      &quot;attributes&quot;: {
        &quot;owner&quot;: &quot;Conduct&quot;,
        &quot;stage&quot;: &quot;Construction&quot;,
        &quot;ea1&quot;: &quot; &quot;,
        &quot;ea2&quot;: &quot;Northern Region&quot;
      }
    },
    {
      &quot;attributes&quot;: {
        &quot;owner&quot;: &quot;Conduct&quot;,
        &quot;stage&quot;: &quot;Construction&quot;,
        &quot;ea1&quot;: &quot; &quot;,
        &quot;ea2&quot;: &quot;Northern Region&quot;
      }
    },
    {
      &quot;attributes&quot;: {
        &quot;owner&quot;: &quot;Conduct&quot;,
        &quot;stage&quot;: &quot;Completed&quot;,
        &quot;ea1&quot;: &quot;none&quot;,
        &quot;ea2&quot;: &quot;Northern Region&quot;
      }
    },
    {
      &quot;attributes&quot;: {
        &quot;owner&quot;: &quot;Conduct&quot;,
        &quot;stage&quot;: &quot;Completed&quot;,
        &quot;ea1&quot;: &quot;none&quot;,
        &quot;ea2&quot;: &quot;Northern Region&quot;
      }
    },
    {
      &quot;attributes&quot;: {
        &quot;owner&quot;: &quot;Conduct&quot;,
        &quot;stage&quot;: &quot;Completed&quot;,
        &quot;ea1&quot;: &quot;W70P07&quot;,
        &quot;ea2&quot;: &quot;Western Region&quot;
      }
    },
    {
      &quot;attributes&quot;: {
        &quot;owner&quot;: &quot;Conduct&quot;,
        &quot;stage&quot;: &quot;Completed&quot;,
        &quot;ea1&quot;: &quot;W70P07&quot;,
        &quot;ea2&quot;: &quot;Western Region&quot;
      }
    },
    {
      &quot;attributes&quot;: {
        &quot;owner&quot;: &quot;Conduct&quot;,
        &quot;stage&quot;: &quot;Completed&quot;,
        &quot;ea1&quot;: &quot;W70P07&quot;,
        &quot;ea2&quot;: &quot;Western Region&quot;
      }
    },
    {
      &quot;attributes&quot;: {
        &quot;owner&quot;: &quot;Conduct&quot;,
        &quot;stage&quot;: &quot;Completed&quot;,
        &quot;ea1&quot;: &quot;W70P10&quot;,
        &quot;ea2&quot;: &quot;Western Region&quot;
      }
    },
    {
      &quot;attributes&quot;: {
        &quot;owner&quot;: &quot;Conduct&quot;,
        &quot;stage&quot;: &quot;Completed&quot;,
        &quot;ea1&quot;: &quot;W70P10&quot;,
        &quot;ea2&quot;: &quot;Western Region&quot;
      }
    },
    {
      &quot;attributes&quot;: {
        &quot;owner&quot;: &quot;Conduct&quot;,
        &quot;stage&quot;: &quot;Completed&quot;,
        &quot;ea1&quot;: &quot;W70P07&quot;,
        &quot;ea2&quot;: &quot;Western Region&quot;
      }
    },
    {
      &quot;attributes&quot;: {
        &quot;owner&quot;: &quot;Conduct&quot;,
        &quot;stage&quot;: &quot;Completed&quot;,
        &quot;ea1&quot;: &quot;W70P07&quot;,
        &quot;ea2&quot;: &quot;Western Region&quot;
      }
    },
    {
      &quot;attributes&quot;: {
        &quot;owner&quot;: &quot;Conduct&quot;,
        &quot;stage&quot;: &quot;Completed&quot;,
        &quot;ea1&quot;: &quot;W70P07&quot;,
        &quot;ea2&quot;: &quot;Western Region&quot;
      }
    },
    {
      &quot;attributes&quot;: {
        &quot;owner&quot;: &quot;Conduct&quot;,
        &quot;stage&quot;: &quot;Completed&quot;,
        &quot;ea1&quot;: &quot;W70P07&quot;,
        &quot;ea2&quot;: &quot;Western Region&quot;
      }
    },
    {
      &quot;attributes&quot;: {
        &quot;owner&quot;: &quot;Conduct&quot;,
        &quot;stage&quot;: &quot;Completed&quot;,
        &quot;ea1&quot;: &quot;W70P07&quot;,
        &quot;ea2&quot;: &quot;Western Region&quot;
      }
    },
    {
      &quot;attributes&quot;: {
        &quot;owner&quot;: &quot;Conduct&quot;,
        &quot;stage&quot;: &quot;Completed&quot;,
        &quot;ea1&quot;: &quot;W70P07&quot;,
        &quot;ea2&quot;: &quot;Western Region&quot;
      }
    },
    {
      &quot;attributes&quot;: {
        &quot;owner&quot;: &quot;Conduct&quot;,
        &quot;stage&quot;: &quot;Completed&quot;,
        &quot;ea1&quot;: &quot;W70P07&quot;,
        &quot;ea2&quot;: &quot;Western Region&quot;
      }
    },
    {
      &quot;attributes&quot;: {
        &quot;owner&quot;: &quot;Conduct&quot;,
        &quot;stage&quot;: &quot;Completed&quot;,
        &quot;ea1&quot;: &quot;W70P07&quot;,
        &quot;ea2&quot;: &quot;Western Region&quot;
      }
    },
    {
      &quot;attributes&quot;: {
        &quot;owner&quot;: &quot;Conduct&quot;,
        &quot;stage&quot;: &quot;Completed&quot;,
        &quot;ea1&quot;: &quot;W70P07&quot;,
        &quot;ea2&quot;: &quot;Western Region&quot;
      }
    },
    {
      &quot;attributes&quot;: {
        &quot;owner&quot;: &quot;Conduct&quot;,
        &quot;stage&quot;: &quot;Completed&quot;,
        &quot;ea1&quot;: &quot;W70P07&quot;,
        &quot;ea2&quot;: &quot;Western Region&quot;
      }
    },
    {
      &quot;attributes&quot;: {
        &quot;owner&quot;: &quot;Conduct&quot;,
        &quot;stage&quot;: &quot;Completed&quot;,
        &quot;ea1&quot;: &quot;W70P07&quot;,
        &quot;ea2&quot;: &quot;Western Region&quot;
      }
    },
    {
      &quot;attributes&quot;: {
        &quot;owner&quot;: &quot;Conduct&quot;,
        &quot;stage&quot;: &quot;Completed&quot;,
        &quot;ea1&quot;: &quot;W70P07&quot;,
        &quot;ea2&quot;: &quot;Western Region&quot;
      }
    },
    {
      &quot;attributes&quot;: {
        &quot;owner&quot;: &quot;Conduct&quot;,
        &quot;stage&quot;: &quot;Completed&quot;,
        &quot;ea1&quot;: &quot;W70P07&quot;,
        &quot;ea2&quot;: &quot;Western Region&quot;
      }
    },
    {
      &quot;attributes&quot;: {
        &quot;owner&quot;: &quot;Conduct&quot;,
        &quot;stage&quot;: &quot;Completed&quot;,
        &quot;ea1&quot;: &quot;W70P12&quot;,
        &quot;ea2&quot;: &quot;Western Region&quot;
      }
    },
    {
      &quot;attributes&quot;: {
        &quot;owner&quot;: &quot;Conduct&quot;,
        &quot;stage&quot;: &quot;Completed&quot;,
        &quot;ea1&quot;: &quot;W70P07&quot;,
        &quot;ea2&quot;: &quot;Western Region&quot;
      }
    },
    {
      &quot;attributes&quot;: {
        &quot;owner&quot;: &quot;Conduct&quot;,
        &quot;stage&quot;: &quot;Completed&quot;,
        &quot;ea1&quot;: &quot;W70P07&quot;,
        &quot;ea2&quot;: &quot;Western Region&quot;
      }
    },
    {
      &quot;attributes&quot;: {
        &quot;owner&quot;: &quot;Conduct&quot;,
        &quot;stage&quot;: &quot;Completed&quot;,
        &quot;ea1&quot;: &quot;W70P07&quot;,
        &quot;ea2&quot;: &quot;Western Region&quot;
      }
    },
    {
      &quot;attributes&quot;: {
        &quot;owner&quot;: &quot;Conduct&quot;,
        &quot;stage&quot;: &quot;Completed&quot;,
        &quot;ea1&quot;: &quot;W70P07&quot;,
        &quot;ea2&quot;: &quot;Western Region&quot;
      }
    },
    {
      &quot;attributes&quot;: {
        &quot;owner&quot;: &quot;Conduct&quot;,
        &quot;stage&quot;: &quot;Completed&quot;,
        &quot;ea1&quot;: &quot;W70P07&quot;,
        &quot;ea2&quot;: &quot;Western Region&quot;
      }
    },
    {
      &quot;attributes&quot;: {
        &quot;owner&quot;: &quot;Conduct&quot;,
        &quot;stage&quot;: &quot;Completed&quot;,
        &quot;ea1&quot;: &quot;W70P09&quot;,
        &quot;ea2&quot;: &quot;Western Region&quot;
      }
    },
    {
      &quot;attributes&quot;: {
        &quot;owner&quot;: &quot;Conduct&quot;,
        &quot;stage&quot;: &quot;Completed&quot;,
        &quot;ea1&quot;: &quot;W70P07&quot;,
        &quot;ea2&quot;: &quot;Western Region&quot;
      }
    },
    {
      &quot;attributes&quot;: {
        &quot;owner&quot;: &quot;Conduct&quot;,
        &quot;stage&quot;: &quot;Completed&quot;,
        &quot;ea1&quot;: &quot;W70P07&quot;,
        &quot;ea2&quot;: &quot;Western Region&quot;
      }
    },
    {
      &quot;attributes&quot;: {
        &quot;owner&quot;: &quot;Conduct&quot;,
        &quot;stage&quot;: &quot;Completed&quot;,
        &quot;ea1&quot;: &quot;W70P07&quot;,
        &quot;ea2&quot;: &quot;Western Region&quot;
      }
    },
    {
      &quot;attributes&quot;: {
        &quot;owner&quot;: &quot;Conduct&quot;,
        &quot;stage&quot;: &quot;Construction&quot;,
        &quot;ea1&quot;: &quot;AS18824BH020320 &quot;,
        &quot;ea2&quot;: &quot;Northern Region&quot;
      }
    },
    {
      &quot;attributes&quot;: {
        &quot;owner&quot;: &quot;Conduct&quot;,
        &quot;stage&quot;: &quot;Construction&quot;,
        &quot;ea1&quot;: &quot;AS18824BH020320 &quot;,
        &quot;ea2&quot;: &quot;Northern Region&quot;
      }
    },
    {
      &quot;attributes&quot;: {
        &quot;owner&quot;: &quot;Conduct&quot;,
        &quot;stage&quot;: &quot;Construction&quot;,
        &quot;ea1&quot;: &quot; AS18859BH020320  &quot;,
        &quot;ea2&quot;: &quot;Northern Region&quot;
      }
    },
    {
      &quot;attributes&quot;: {
        &quot;owner&quot;: &quot;Conduct&quot;,
        &quot;stage&quot;: &quot;Construction&quot;,
        &quot;ea1&quot;: &quot;AS18859BH020320  &quot;,
        &quot;ea2&quot;: &quot;Northern Region&quot;
      }
    },
    {
      &quot;attributes&quot;: {
        &quot;owner&quot;: &quot;Conduct&quot;,
        &quot;stage&quot;: &quot;Completed&quot;,
        &quot;ea1&quot;: &quot;none&quot;,
        &quot;ea2&quot;: &quot;Northern Region&quot;
      }
    },
    {
      &quot;attributes&quot;: {
        &quot;owner&quot;: &quot;Conduct&quot;,
        &quot;stage&quot;: &quot;Construction&quot;,
        &quot;ea1&quot;: &quot;AS18865BH003573 &quot;,
        &quot;ea2&quot;: &quot;Northern Region&quot;
      }
    },
    {
      &quot;attributes&quot;: {
        &quot;owner&quot;: &quot;Conduct&quot;,
        &quot;stage&quot;: &quot;Completed&quot;,
        &quot;ea1&quot;: &quot;AS04048BH02117a&quot;,
        &quot;ea2&quot;: &quot;Northern Region&quot;
      }
    },
    {
      &quot;attributes&quot;: {
        &quot;owner&quot;: &quot;Conduct&quot;,
        &quot;stage&quot;: &quot;Construction&quot;,
        &quot;ea1&quot;: &quot;265 West Avenue&quot;,
        &quot;ea2&quot;: &quot;none&quot;
      }
    },
    {
      &quot;attributes&quot;: {
        &quot;owner&quot;: &quot;Conduct&quot;,
        &quot;stage&quot;: &quot;Construction&quot;,
        &quot;ea1&quot;: &quot;AS18997BH002114 &quot;,
        &quot;ea2&quot;: &quot;none&quot;
      }
    },
    {
      &quot;attributes&quot;: {
        &quot;owner&quot;: &quot;Conduct&quot;,
        &quot;stage&quot;: &quot;Construction&quot;,
        &quot;ea1&quot;: &quot;AS18997BH002114 &quot;,
        &quot;ea2&quot;: &quot;none&quot;
      }
    },
    {
      &quot;attributes&quot;: {
        &quot;owner&quot;: &quot;Conduct&quot;,
        &quot;stage&quot;: &quot;Construction&quot;,
        &quot;ea1&quot;: &quot;AS18997BH002114 &quot;,
        &quot;ea2&quot;: &quot;none&quot;
      }
    },
    {
      &quot;attributes&quot;: {
        &quot;owner&quot;: &quot;Conduct&quot;,
        &quot;stage&quot;: &quot;Construction&quot;,
        &quot;ea1&quot;: &quot;AS19003BH020318 &quot;,
        &quot;ea2&quot;: &quot;Northern Region&quot;
      }
    },
    {
      &quot;attributes&quot;: {
        &quot;owner&quot;: &quot;Conduct&quot;,
        &quot;stage&quot;: &quot;Construction&quot;,
        &quot;ea1&quot;: &quot;AS19003BH020318 &quot;,
        &quot;ea2&quot;: &quot;Northern Region&quot;
      }
    },
    {
      &quot;attributes&quot;: {
        &quot;owner&quot;: &quot;Conduct&quot;,
        &quot;stage&quot;: &quot;Construction&quot;,
        &quot;ea1&quot;: &quot;AS19003BH020318 &quot;,
        &quot;ea2&quot;: &quot;Northern Region&quot;
      }
    },
    {
      &quot;attributes&quot;: {
        &quot;owner&quot;: &quot;Conduct&quot;,
        &quot;stage&quot;: &quot;Construction&quot;,
        &quot;ea1&quot;: &quot;AS19038BH000711&quot;,
        &quot;ea2&quot;: &quot;none&quot;
      }
    },
    {
      &quot;attributes&quot;: {
        &quot;owner&quot;: &quot;Conduct&quot;,
        &quot;stage&quot;: &quot;Construction&quot;,
        &quot;ea1&quot;: &quot;AS19038BH000711&quot;,
        &quot;ea2&quot;: &quot;none&quot;
      }
    },
    {
      &quot;attributes&quot;: {
        &quot;owner&quot;: &quot;Conduct&quot;,
        &quot;stage&quot;: &quot;Construction&quot;,
        &quot;ea1&quot;: &quot;AS19038BH000711&quot;,
        &quot;ea2&quot;: &quot;none&quot;
      }
    },
    {
      &quot;attributes&quot;: {
        &quot;owner&quot;: &quot;Conduct&quot;,
        &quot;stage&quot;: &quot;Construction&quot;,
        &quot;ea1&quot;: &quot;AS19038BH000711&quot;,
        &quot;ea2&quot;: &quot;none&quot;
      }
    },
    {
      &quot;attributes&quot;: {
        &quot;owner&quot;: &quot;Conduct&quot;,
        &quot;stage&quot;: &quot;Construction&quot;,
        &quot;ea1&quot;: &quot;AS19038BH000711&quot;,
        &quot;ea2&quot;: &quot;none&quot;
      }
    },
    {
      &quot;attributes&quot;: {
        &quot;owner&quot;: &quot;Conduct&quot;,
        &quot;stage&quot;: &quot;Construction&quot;,
        &quot;ea1&quot;: &quot;AS19038BH000711&quot;,
        &quot;ea2&quot;: &quot;none&quot;
      }
    },
    {
      &quot;attributes&quot;: {
        &quot;owner&quot;: &quot;Conduct&quot;,
        &quot;stage&quot;: &quot;Construction&quot;,
        &quot;ea1&quot;: &quot;AS19038BH000711&quot;,
        &quot;ea2&quot;: &quot;none&quot;
      }
    },
    {
      &quot;attributes&quot;: {
        &quot;owner&quot;: &quot;Conduct&quot;,
        &quot;stage&quot;: &quot;Construction&quot;,
        &quot;ea1&quot;: &quot;AS19038BH000711&quot;,
        &quot;ea2&quot;: &quot;none&quot;
      }
    },
    {
      &quot;attributes&quot;: {
        &quot;owner&quot;: &quot;Conduct&quot;,
        &quot;stage&quot;: &quot;Construction&quot;,
        &quot;ea1&quot;: &quot;AS19038BH000711&quot;,
        &quot;ea2&quot;: &quot;none&quot;
      }
    },
    {
      &quot;attributes&quot;: {
        &quot;owner&quot;: &quot;Conduct&quot;,
        &quot;stage&quot;: &quot;Construction&quot;,
        &quot;ea1&quot;: &quot;AS19038BH000711&quot;,
        &quot;ea2&quot;: &quot;none&quot;
      }
    },
    {
      &quot;attributes&quot;: {
        &quot;owner&quot;: &quot;Conduct&quot;,
        &quot;stage&quot;: &quot;Construction&quot;,
        &quot;ea1&quot;: &quot;AS19038BH000711&quot;,
        &quot;ea2&quot;: &quot;none&quot;
      }
    },
    {
      &quot;attributes&quot;: {
        &quot;owner&quot;: &quot;Conduct&quot;,
        &quot;stage&quot;: &quot;Construction&quot;,
        &quot;ea1&quot;: &quot;AS19038BH000711&quot;,
        &quot;ea2&quot;: &quot;none&quot;
      }
    },
    {
      &quot;attributes&quot;: {
        &quot;owner&quot;: &quot;Conduct&quot;,
        &quot;stage&quot;: &quot;Construction&quot;,
        &quot;ea1&quot;: &quot;AS19038BH000711&quot;,
        &quot;ea2&quot;: &quot;none&quot;
      }
    },
    {
      &quot;attributes&quot;: {
        &quot;owner&quot;: &quot;Conduct&quot;,
        &quot;stage&quot;: &quot;Construction&quot;,
        &quot;ea1&quot;: &quot;AS19038BH000711&quot;,
        &quot;ea2&quot;: &quot;none&quot;
      }
    },
    {
      &quot;attributes&quot;: {
        &quot;owner&quot;: &quot;Conduct&quot;,
        &quot;stage&quot;: &quot;Construction&quot;,
        &quot;ea1&quot;: &quot;AS19041GH021466&quot;,
        &quot;ea2&quot;: &quot;none&quot;
      }
    },
    {
      &quot;attributes&quot;: {
        &quot;owner&quot;: &quot;Conduct&quot;,
        &quot;stage&quot;: &quot;Construction&quot;,
        &quot;ea1&quot;: &quot;AS19041GH021466&quot;,
        &quot;ea2&quot;: &quot;none&quot;
      }
    },
    {
      &quot;attributes&quot;: {
        &quot;owner&quot;: &quot;Conduct&quot;,
        &quot;stage&quot;: &quot;Construction&quot;,
        &quot;ea1&quot;: &quot;NB70P11&quot;,
        &quot;ea2&quot;: &quot;Northern Region&quot;
      }
    },
    {
      &quot;attributes&quot;: {
        &quot;owner&quot;: &quot;Conduct&quot;,
        &quot;stage&quot;: &quot;Construction&quot;,
        &quot;ea1&quot;: &quot;NB70P11&quot;,
        &quot;ea2&quot;: &quot;Northern Region&quot;
      }
    },
    {
      &quot;attributes&quot;: {
        &quot;owner&quot;: &quot;Conduct&quot;,
        &quot;stage&quot;: &quot;Construction&quot;,
        &quot;ea1&quot;: &quot;AS19181BH020318&quot;,
        &quot;ea2&quot;: &quot;none&quot;
      }
    },
    {
      &quot;attributes&quot;: {
        &quot;owner&quot;: &quot;Conduct&quot;,
        &quot;stage&quot;: &quot;Construction&quot;,
        &quot;ea1&quot;: &quot;AS19181BH020318&quot;,
        &quot;ea2&quot;: &quot;none&quot;
      }
    },
    {
      &quot;attributes&quot;: {
        &quot;owner&quot;: &quot;Conduct&quot;,
        &quot;stage&quot;: &quot;Construction&quot;,
        &quot;ea1&quot;: &quot;AS19199BH346870 &quot;,
        &quot;ea2&quot;: &quot;none&quot;
      }
    },
    {
      &quot;attributes&quot;: {
        &quot;owner&quot;: &quot;Conduct&quot;,
        &quot;stage&quot;: &quot;Construction&quot;,
        &quot;ea1&quot;: &quot;AS19199BH346870 &quot;,
        &quot;ea2&quot;: &quot;none&quot;
      }
    },
    {
      &quot;attributes&quot;: {
        &quot;owner&quot;: &quot;Conduct&quot;,
        &quot;stage&quot;: &quot;Construction&quot;,
        &quot;ea1&quot;: &quot;AS19199BH346870 &quot;,
        &quot;ea2&quot;: &quot;none&quot;
      }
    },
    {
      &quot;attributes&quot;: {
        &quot;owner&quot;: &quot;Conduct&quot;,
        &quot;stage&quot;: &quot;Construction&quot;,
        &quot;ea1&quot;: &quot;AS19199BH346870 &quot;,
        &quot;ea2&quot;: &quot;none&quot;
      }
    },
    {
      &quot;attributes&quot;: {
        &quot;owner&quot;: &quot;Conduct&quot;,
        &quot;stage&quot;: &quot;Construction&quot;,
        &quot;ea1&quot;: &quot;AS19199BH346870 &quot;,
        &quot;ea2&quot;: &quot;none&quot;
      }
    },
    {
      &quot;attributes&quot;: {
        &quot;owner&quot;: &quot;Conduct&quot;,
        &quot;stage&quot;: &quot;Construction&quot;,
        &quot;ea1&quot;: &quot;AS19199BH346870 &quot;,
        &quot;ea2&quot;: &quot;none&quot;
      }
    },
    {
      &quot;attributes&quot;: {
        &quot;owner&quot;: &quot;Conduct&quot;,
        &quot;stage&quot;: &quot;Construction&quot;,
        &quot;ea1&quot;: &quot;AS19199BH346870 &quot;,
        &quot;ea2&quot;: &quot;none&quot;
      }
    },
    {
      &quot;attributes&quot;: {
        &quot;owner&quot;: &quot;Conduct&quot;,
        &quot;stage&quot;: &quot;Construction&quot;,
        &quot;ea1&quot;: &quot;AS19199BH346870 &quot;,
        &quot;ea2&quot;: &quot;none&quot;
      }
    },
    {
      &quot;attributes&quot;: {
        &quot;owner&quot;: &quot;Conduct&quot;,
        &quot;stage&quot;: &quot;Construction&quot;,
        &quot;ea1&quot;: &quot; &quot;,
        &quot;ea2&quot;: &quot;Northern Region&quot;
      }
    },
    {
      &quot;attributes&quot;: {
        &quot;owner&quot;: &quot;Conduct&quot;,
        &quot;stage&quot;: &quot;Construction&quot;,
        &quot;ea1&quot;: &quot;AS19274BH021463 &quot;,
        &quot;ea2&quot;: &quot;none&quot;
      }
    },
    {
      &quot;attributes&quot;: {
        &quot;owner&quot;: &quot;Conduct&quot;,
        &quot;stage&quot;: &quot;Construction&quot;,
        &quot;ea1&quot;: &quot;AS19274BH021463 &quot;,
        &quot;ea2&quot;: &quot;none&quot;
      }
    },
    {
      &quot;attributes&quot;: {
        &quot;owner&quot;: &quot;Conduct&quot;,
        &quot;stage&quot;: &quot;Completed&quot;,
        &quot;ea1&quot;: &quot;NB70P12&quot;,
        &quot;ea2&quot;: &quot;Northern Region&quot;
      }
    },
    {
      &quot;attributes&quot;: {
        &quot;owner&quot;: &quot;Conduct&quot;,
        &quot;stage&quot;: &quot;Completed&quot;,
        &quot;ea1&quot;: &quot;NB70P12&quot;,
        &quot;ea2&quot;: &quot;Northern Region&quot;
      }
    },
    {
      &quot;attributes&quot;: {
        &quot;owner&quot;: &quot;Conduct&quot;,
        &quot;stage&quot;: &quot;Construction&quot;,
        &quot;ea1&quot;: &quot;AS19299BH024102&quot;,
        &quot;ea2&quot;: &quot;none&quot;
      }
    },
    {
      &quot;attributes&quot;: {
        &quot;owner&quot;: &quot;Conduct&quot;,
        &quot;stage&quot;: &quot;Construction&quot;,
        &quot;ea1&quot;: &quot;AS19299BH024102&quot;,
        &quot;ea2&quot;: &quot;none&quot;
      }
    },
    {
      &quot;attributes&quot;: {
        &quot;owner&quot;: &quot;Conduct&quot;,
        &quot;stage&quot;: &quot;Construction&quot;,
        &quot;ea1&quot;: &quot;NB70P11&quot;,
        &quot;ea2&quot;: &quot;Northern Region&quot;
      }
    },
    {
      &quot;attributes&quot;: {
        &quot;owner&quot;: &quot;Conduct&quot;,
        &quot;stage&quot;: &quot;Construction&quot;,
        &quot;ea1&quot;: &quot;NB70P11&quot;,
        &quot;ea2&quot;: &quot;Northern Region&quot;
      }
    },
    {
      &quot;attributes&quot;: {
        &quot;owner&quot;: &quot;Conduct&quot;,
        &quot;stage&quot;: &quot;Construction&quot;,
        &quot;ea1&quot;: &quot; &quot;,
        &quot;ea2&quot;: &quot;Northern Region&quot;
      }
    },
    {
      &quot;attributes&quot;: {
        &quot;owner&quot;: &quot;Conduct&quot;,
        &quot;stage&quot;: &quot;Construction&quot;,
        &quot;ea1&quot;: &quot; &quot;,
        &quot;ea2&quot;: &quot;Northern Region&quot;
      }
    },
    {
      &quot;attributes&quot;: {
        &quot;owner&quot;: &quot;Conduct&quot;,
        &quot;stage&quot;: &quot;Construction&quot;,
        &quot;ea1&quot;: &quot; &quot;,
        &quot;ea2&quot;: &quot;Northern Region&quot;
      }
    },
    {
      &quot;attributes&quot;: {
        &quot;owner&quot;: &quot;Conduct&quot;,
        &quot;stage&quot;: &quot;Completed&quot;,
        &quot;ea1&quot;: &quot;NB70P12&quot;,
        &quot;ea2&quot;: &quot;Northern Region&quot;
      }
    },
    {
      &quot;attributes&quot;: {
        &quot;owner&quot;: &quot;Conduct&quot;,
        &quot;stage&quot;: &quot;Completed&quot;,
        &quot;ea1&quot;: &quot;NB70P12&quot;,
        &quot;ea2&quot;: &quot;Northern Region&quot;
      }
    },
    {
      &quot;attributes&quot;: {
        &quot;owner&quot;: &quot;Conduct&quot;,
        &quot;stage&quot;: &quot;Construction&quot;,
        &quot;ea1&quot;: &quot;AS19417BH024101&quot;,
        &quot;ea2&quot;: &quot;none&quot;
      }
    },
    {
      &quot;attributes&quot;: {
        &quot;owner&quot;: &quot;Conduct&quot;,
        &quot;stage&quot;: &quot;Construction&quot;,
        &quot;ea1&quot;: &quot;AS19417BH024101&quot;,
        &quot;ea2&quot;: &quot;none&quot;
      }
    },
    {
      &quot;attributes&quot;: {
        &quot;owner&quot;: &quot;Conduct&quot;,
        &quot;stage&quot;: &quot;Completed&quot;,
        &quot;ea1&quot;: &quot;NB70P12&quot;,
        &quot;ea2&quot;: &quot;Northern Region&quot;
      }
    },
    {
      &quot;attributes&quot;: {
        &quot;owner&quot;: &quot;Conduct&quot;,
        &quot;stage&quot;: &quot;Completed&quot;,
        &quot;ea1&quot;: &quot;NB70P12&quot;,
        &quot;ea2&quot;: &quot;Northern Region&quot;
      }
    },
    {
      &quot;attributes&quot;: {
        &quot;owner&quot;: &quot;Conduct&quot;,
        &quot;stage&quot;: &quot;Completed&quot;,
        &quot;ea1&quot;: &quot;NB70P12&quot;,
        &quot;ea2&quot;: &quot;Northern Region&quot;
      }
    },
    {
      &quot;attributes&quot;: {
        &quot;owner&quot;: &quot;Conduct&quot;,
        &quot;stage&quot;: &quot;Completed&quot;,
        &quot;ea1&quot;: &quot;AS19433BH021462 &quot;,
        &quot;ea2&quot;: &quot;none&quot;
      }
    },
    {
      &quot;attributes&quot;: {
        &quot;owner&quot;: &quot;Conduct&quot;,
        &quot;stage&quot;: &quot;Completed&quot;,
        &quot;ea1&quot;: &quot;AS19433BH021462&quot;,
        &quot;ea2&quot;: &quot;none&quot;
      }
    },
    {
      &quot;attributes&quot;: {
        &quot;owner&quot;: &quot;Conduct&quot;,
        &quot;stage&quot;: &quot;Construction&quot;,
        &quot;ea1&quot;: &quot;AS19450BH004083 &quot;,
        &quot;ea2&quot;: &quot;none&quot;
      }
    },
    {
      &quot;attributes&quot;: {
        &quot;owner&quot;: &quot;Conduct&quot;,
        &quot;stage&quot;: &quot;Construction&quot;,
        &quot;ea1&quot;: &quot;AS19450BH004083 &quot;,
        &quot;ea2&quot;: &quot;none&quot;
      }
    },
    {
      &quot;attributes&quot;: {
        &quot;owner&quot;: &quot;Conduct&quot;,
        &quot;stage&quot;: &quot;Construction&quot;,
        &quot;ea1&quot;: &quot;AS19450BH004083 &quot;,
        &quot;ea2&quot;: &quot;none&quot;
      }
    },
    {
      &quot;attributes&quot;: {
        &quot;owner&quot;: &quot;Conduct&quot;,
        &quot;stage&quot;: &quot;Construction&quot;,
        &quot;ea1&quot;: &quot;AS19450BH004083 &quot;,
        &quot;ea2&quot;: &quot;none&quot;
      }
    },
    {
      &quot;attributes&quot;: {
        &quot;owner&quot;: &quot;Conduct&quot;,
        &quot;stage&quot;: &quot;Construction&quot;,
        &quot;ea1&quot;: &quot;AS19450BH004083 &quot;,
        &quot;ea2&quot;: &quot;none&quot;
      }
    },
    {
      &quot;attributes&quot;: {
        &quot;owner&quot;: &quot;Conduct&quot;,
        &quot;stage&quot;: &quot;Construction&quot;,
        &quot;ea1&quot;: &quot;AS19450BH004083 &quot;,
        &quot;ea2&quot;: &quot;none&quot;
      }
    },
    {
      &quot;attributes&quot;: {
        &quot;owner&quot;: &quot;Conduct&quot;,
        &quot;stage&quot;: &quot;Construction&quot;,
        &quot;ea1&quot;: &quot;AS19450BH004083 &quot;,
        &quot;ea2&quot;: &quot;none&quot;
      }
    },
    {
      &quot;attributes&quot;: {
        &quot;owner&quot;: &quot;Conduct&quot;,
        &quot;stage&quot;: &quot;Construction&quot;,
        &quot;ea1&quot;: &quot;AS19450BH004083 &quot;,
        &quot;ea2&quot;: &quot;none&quot;
      }
    },
    {
      &quot;attributes&quot;: {
        &quot;owner&quot;: &quot;Conduct&quot;,
        &quot;stage&quot;: &quot;Construction&quot;,
        &quot;ea1&quot;: &quot;AS20846BH070721 &quot;,
        &quot;ea2&quot;: &quot;Northern Region&quot;
      }
    },
    {
      &quot;attributes&quot;: {
        &quot;owner&quot;: &quot;Conduct&quot;,
        &quot;stage&quot;: &quot;Construction&quot;,
        &quot;ea1&quot;: &quot;AS20846BH070721 &quot;,
        &quot;ea2&quot;: &quot;Northern Region&quot;
      }
    },
    {
      &quot;attributes&quot;: {
        &quot;owner&quot;: &quot;Conduct&quot;,
        &quot;stage&quot;: &quot;Construction&quot;,
        &quot;ea1&quot;: &quot;AS20846BH070721 &quot;,
        &quot;ea2&quot;: &quot;Northern Region&quot;
      }
    },
    {
      &quot;attributes&quot;: {
        &quot;owner&quot;: &quot;Conduct&quot;,
        &quot;stage&quot;: &quot;Construction&quot;,
        &quot;ea1&quot;: &quot;AS20846BH070721 &quot;,
        &quot;ea2&quot;: &quot;Northern Region&quot;
      }
    },
    {
      &quot;attributes&quot;: {
        &quot;owner&quot;: &quot;Conduct&quot;,
        &quot;stage&quot;: &quot;Construction&quot;,
        &quot;ea1&quot;: &quot;AS20846BH070721 &quot;,
        &quot;ea2&quot;: &quot;Northern Region&quot;
      }
    },
    {
      &quot;attributes&quot;: {
        &quot;owner&quot;: &quot;Conduct&quot;,
        &quot;stage&quot;: &quot;Construction&quot;,
        &quot;ea1&quot;: &quot;AS20846BH070721 &quot;,
        &quot;ea2&quot;: &quot;Northern Region&quot;
      }
    },
    {
      &quot;attributes&quot;: {
        &quot;owner&quot;: &quot;Conduct&quot;,
        &quot;stage&quot;: &quot;Construction&quot;,
        &quot;ea1&quot;: &quot;AS20846BH070721 &quot;,
        &quot;ea2&quot;: &quot;Northern Region&quot;
      }
    },
    {
      &quot;attributes&quot;: {
        &quot;owner&quot;: &quot;Conduct&quot;,
        &quot;stage&quot;: &quot;Construction&quot;,
        &quot;ea1&quot;: &quot;AS20846BH070721 &quot;,
        &quot;ea2&quot;: &quot;Northern Region&quot;
      }
    },
    {
      &quot;attributes&quot;: {
        &quot;owner&quot;: &quot;Conduct&quot;,
        &quot;stage&quot;: &quot;Construction&quot;,
        &quot;ea1&quot;: &quot;AS20846BH070721 &quot;,
        &quot;ea2&quot;: &quot;Northern Region&quot;
      }
    },
    {
      &quot;attributes&quot;: {
        &quot;owner&quot;: &quot;Conduct&quot;,
        &quot;stage&quot;: &quot;Construction&quot;,
        &quot;ea1&quot;: &quot;AS20846BH070721 &quot;,
        &quot;ea2&quot;: &quot;Northern Region&quot;
      }
    },
    {
      &quot;attributes&quot;: {
        &quot;owner&quot;: &quot;Conduct&quot;,
        &quot;stage&quot;: &quot;Construction&quot;,
        &quot;ea1&quot;: &quot;AS20846BH070721 &quot;,
        &quot;ea2&quot;: &quot;Northern Region&quot;
      }
    },
    {
      &quot;attributes&quot;: {
        &quot;owner&quot;: &quot;Conduct&quot;,
        &quot;stage&quot;: &quot;Construction&quot;,
        &quot;ea1&quot;: &quot;AS20818BH345370 &quot;,
        &quot;ea2&quot;: &quot;none&quot;
      }
    },
    {
      &quot;attributes&quot;: {
        &quot;owner&quot;: &quot;Conduct&quot;,
        &quot;stage&quot;: &quot;Construction&quot;,
        &quot;ea1&quot;: &quot;AS20818BH345370&quot;,
        &quot;ea2&quot;: &quot;none&quot;
      }
    },
    {
      &quot;attributes&quot;: {
        &quot;owner&quot;: &quot;Conduct&quot;,
        &quot;stage&quot;: &quot;Completed&quot;,
        &quot;ea1&quot;: &quot;AS20898BH024102&quot;,
        &quot;ea2&quot;: &quot;none&quot;
      }
    },
    {
      &quot;attributes&quot;: {
        &quot;owner&quot;: &quot;Conduct&quot;,
        &quot;stage&quot;: &quot;Completed&quot;,
        &quot;ea1&quot;: &quot;AS20898BH024102 &quot;,
        &quot;ea2&quot;: &quot;none&quot;
      }
    },
    {
      &quot;attributes&quot;: {
        &quot;owner&quot;: &quot;Conduct&quot;,
        &quot;stage&quot;: &quot;Construction&quot;,
        &quot;ea1&quot;: &quot;AS20955BH000709&quot;,
        &quot;ea2&quot;: &quot;none&quot;
      }
    },
    {
      &quot;attributes&quot;: {
        &quot;owner&quot;: &quot;Conduct&quot;,
        &quot;stage&quot;: &quot;Construction&quot;,
        &quot;ea1&quot;: &quot;AS20955BH000709 &quot;,
        &quot;ea2&quot;: &quot;none&quot;
      }
    },
    {
      &quot;attributes&quot;: {
        &quot;owner&quot;: &quot;Conduct&quot;,
        &quot;stage&quot;: &quot;Completed&quot;,
        &quot;ea1&quot;: &quot;NB70P12&quot;,
        &quot;ea2&quot;: &quot;Northern Region&quot;
      }
    },
    {
      &quot;attributes&quot;: {
        &quot;owner&quot;: &quot;Conduct&quot;,
        &quot;stage&quot;: &quot;Completed&quot;,
        &quot;ea1&quot;: &quot;NB70P12&quot;,
        &quot;ea2&quot;: &quot;Northern Region&quot;
      }
    },
    {
      &quot;attributes&quot;: {
        &quot;owner&quot;: &quot;Conduct&quot;,
        &quot;stage&quot;: &quot;Completed&quot;,
        &quot;ea1&quot;: &quot;AS20969BH021463 &quot;,
        &quot;ea2&quot;: &quot;Northern Region&quot;
      }
    },
    {
      &quot;attributes&quot;: {
        &quot;owner&quot;: &quot;Conduct&quot;,
        &quot;stage&quot;: &quot;Completed&quot;,
        &quot;ea1&quot;: &quot;AS20969BH021463&quot;,
        &quot;ea2&quot;: &quot;Northern Region&quot;
      }
    },
    {
      &quot;attributes&quot;: {
        &quot;owner&quot;: &quot;Conduct&quot;,
        &quot;stage&quot;: &quot;Construction&quot;,
        &quot;ea1&quot;: &quot;NB70P13&quot;,
        &quot;ea2&quot;: &quot;Northern Region&quot;
      }
    },
    {
      &quot;attributes&quot;: {
        &quot;owner&quot;: &quot;Conduct&quot;,
        &quot;stage&quot;: &quot;Construction&quot;,
        &quot;ea1&quot;: &quot;AS21032BH024102 &quot;,
        &quot;ea2&quot;: &quot;Northern Region&quot;
      }
    },
    {
      &quot;attributes&quot;: {
        &quot;owner&quot;: &quot;Conduct&quot;,
        &quot;stage&quot;: &quot;Construction&quot;,
        &quot;ea1&quot;: &quot;AS21032BH024102 &quot;,
        &quot;ea2&quot;: &quot;Northern Region&quot;
      }
    },
    {
      &quot;attributes&quot;: {
        &quot;owner&quot;: &quot;Conduct&quot;,
        &quot;stage&quot;: &quot;Completed&quot;,
        &quot;ea1&quot;: &quot;NB70P13&quot;,
        &quot;ea2&quot;: &quot;Northern Region&quot;
      }
    },
    {
      &quot;attributes&quot;: {
        &quot;owner&quot;: &quot;Conduct&quot;,
        &quot;stage&quot;: &quot;Construction&quot;,
        &quot;ea1&quot;: &quot;ENTRY 2&quot;,
        &quot;ea2&quot;: &quot;Northern Region&quot;
      }
    },
    {
      &quot;attributes&quot;: {
        &quot;owner&quot;: &quot;Conduct&quot;,
        &quot;stage&quot;: &quot;Construction&quot;,
        &quot;ea1&quot;: &quot;AS21044BH021463 &quot;,
        &quot;ea2&quot;: &quot;Northern Region&quot;
      }
    },
    {
      &quot;attributes&quot;: {
        &quot;owner&quot;: &quot;Conduct&quot;,
        &quot;stage&quot;: &quot;Construction&quot;,
        &quot;ea1&quot;: &quot;AS21044BH021463 &quot;,
        &quot;ea2&quot;: &quot;Northern Region&quot;
      }
    },
    {
      &quot;attributes&quot;: {
        &quot;owner&quot;: &quot;Conduct&quot;,
        &quot;stage&quot;: &quot;Completed&quot;,
        &quot;ea1&quot;: &quot;NB70P13&quot;,
        &quot;ea2&quot;: &quot;Northern Region&quot;
      }
    },
    {
      &quot;attributes&quot;: {
        &quot;owner&quot;: &quot;Conduct&quot;,
        &quot;stage&quot;: &quot;Completed&quot;,
        &quot;ea1&quot;: &quot;NB70P13&quot;,
        &quot;ea2&quot;: &quot;Northern Region&quot;
      }
    },
    {
      &quot;attributes&quot;: {
        &quot;owner&quot;: &quot;Conduct&quot;,
        &quot;stage&quot;: &quot;Construction&quot;,
        &quot;ea1&quot;: &quot;AS21046BH021463 &quot;,
        &quot;ea2&quot;: &quot;Northern Region&quot;
      }
    },
    {
      &quot;attributes&quot;: {
        &quot;owner&quot;: &quot;Conduct&quot;,
        &quot;stage&quot;: &quot;Completed&quot;,
        &quot;ea1&quot;: &quot;AS21066BH001521&quot;,
        &quot;ea2&quot;: &quot;none&quot;
      }
    },
    {
      &quot;attributes&quot;: {
        &quot;owner&quot;: &quot;Conduct&quot;,
        &quot;stage&quot;: &quot;Completed&quot;,
        &quot;ea1&quot;: &quot;AS21066BH001521&quot;,
        &quot;ea2&quot;: &quot;none&quot;
      }
    },
    {
      &quot;attributes&quot;: {
        &quot;owner&quot;: &quot;Conduct&quot;,
        &quot;stage&quot;: &quot;Construction&quot;,
        &quot;ea1&quot;: &quot;AS21056BH021466 &quot;,
        &quot;ea2&quot;: &quot;Northern Region&quot;
      }
    },
    {
      &quot;attributes&quot;: {
        &quot;owner&quot;: &quot;Conduct&quot;,
        &quot;stage&quot;: &quot;Construction&quot;,
        &quot;ea1&quot;: &quot;AS21056BH021466 &quot;,
        &quot;ea2&quot;: &quot;Northern Region&quot;
      }
    },
    {
      &quot;attributes&quot;: {
        &quot;owner&quot;: &quot;Conduct&quot;,
        &quot;stage&quot;: &quot;Construction&quot;,
        &quot;ea1&quot;: &quot;AS21056BH021466 &quot;,
        &quot;ea2&quot;: &quot;Northern Region&quot;
      }
    },
    {
      &quot;attributes&quot;: {
        &quot;owner&quot;: &quot;Conduct&quot;,
        &quot;stage&quot;: &quot;Construction&quot;,
        &quot;ea1&quot;: &quot;AS21119BH000715 &quot;,
        &quot;ea2&quot;: &quot;none&quot;
      }
    },
    {
      &quot;attributes&quot;: {
        &quot;owner&quot;: &quot;Conduct&quot;,
        &quot;stage&quot;: &quot;Construction&quot;,
        &quot;ea1&quot;: &quot;AS21119BH000715&quot;,
        &quot;ea2&quot;: &quot;none&quot;
      }
    },
    {
      &quot;attributes&quot;: {
        &quot;owner&quot;: &quot;Conduct&quot;,
        &quot;stage&quot;: &quot;Construction&quot;,
        &quot;ea1&quot;: &quot;AS21282BH020321 &quot;,
        &quot;ea2&quot;: &quot;Northern Region&quot;
      }
    },
    {
      &quot;attributes&quot;: {
        &quot;owner&quot;: &quot;Conduct&quot;,
        &quot;stage&quot;: &quot;Construction&quot;,
        &quot;ea1&quot;: &quot;AS21282BH020321 &quot;,
        &quot;ea2&quot;: &quot;Northern Region&quot;
      }
    },
    {
      &quot;attributes&quot;: {
        &quot;owner&quot;: &quot;Conduct&quot;,
        &quot;stage&quot;: &quot;Construction&quot;,
        &quot;ea1&quot;: &quot;AS21315BH000712 &quot;,
        &quot;ea2&quot;: &quot;none&quot;
      }
    },
    {
      &quot;attributes&quot;: {
        &quot;owner&quot;: &quot;Conduct&quot;,
        &quot;stage&quot;: &quot;Construction&quot;,
        &quot;ea1&quot;: &quot;AS21315BH000712&quot;,
        &quot;ea2&quot;: &quot;none&quot;
      }
    },
    {
      &quot;attributes&quot;: {
        &quot;owner&quot;: &quot;Conduct&quot;,
        &quot;stage&quot;: &quot;Construction&quot;,
        &quot;ea1&quot;: &quot;AS21324BH000712 &quot;,
        &quot;ea2&quot;: &quot;Northern Region&quot;
      }
    },
    {
      &quot;attributes&quot;: {
        &quot;owner&quot;: &quot;Conduct&quot;,
        &quot;stage&quot;: &quot;Construction&quot;,
        &quot;ea1&quot;: &quot;AS21324BH000712 &quot;,
        &quot;ea2&quot;: &quot;Northern Region&quot;
      }
    },
    {
      &quot;attributes&quot;: {
        &quot;owner&quot;: &quot;Conduct&quot;,
        &quot;stage&quot;: &quot;Completed&quot;,
        &quot;ea1&quot;: &quot;AS21412BH000712&quot;,
        &quot;ea2&quot;: &quot;none&quot;
      }
    },
    {
      &quot;attributes&quot;: {
        &quot;owner&quot;: &quot;Conduct&quot;,
        &quot;stage&quot;: &quot;Completed&quot;,
        &quot;ea1&quot;: &quot;AS21412BH000713 &quot;,
        &quot;ea2&quot;: &quot;none&quot;
      }
    },
    {
      &quot;attributes&quot;: {
        &quot;owner&quot;: &quot;Conduct&quot;,
        &quot;stage&quot;: &quot;Completed&quot;,
        &quot;ea1&quot;: &quot;AS21412BH000713 &quot;,
        &quot;ea2&quot;: &quot;none&quot;
      }
    },
    {
      &quot;attributes&quot;: {
        &quot;owner&quot;: &quot;Conduct&quot;,
        &quot;stage&quot;: &quot;Completed&quot;,
        &quot;ea1&quot;: &quot;AS21412BH000713 &quot;,
        &quot;ea2&quot;: &quot;none&quot;
      }
    },
    {
      &quot;attributes&quot;: {
        &quot;owner&quot;: &quot;Conduct&quot;,
        &quot;stage&quot;: &quot;Completed&quot;,
        &quot;ea1&quot;: &quot;AS21412BH000713 &quot;,
        &quot;ea2&quot;: &quot;none&quot;
      }
    },
    {
      &quot;attributes&quot;: {
        &quot;owner&quot;: &quot;Conduct&quot;,
        &quot;stage&quot;: &quot;Construction&quot;,
        &quot;ea1&quot;: &quot; AS17440BH020321  &quot;,
        &quot;ea2&quot;: &quot;none&quot;
      }
    },
    {
      &quot;attributes&quot;: {
        &quot;owner&quot;: &quot;Conduct&quot;,
        &quot;stage&quot;: &quot;Construction&quot;,
        &quot;ea1&quot;: &quot; AS17440BH020321  &quot;,
        &quot;ea2&quot;: &quot;none&quot;
      }
    },
    {
      &quot;attributes&quot;: {
        &quot;owner&quot;: &quot;Conduct&quot;,
        &quot;stage&quot;: &quot;Construction&quot;,
        &quot;ea1&quot;: &quot;AS21537BH020300 &quot;,
        &quot;ea2&quot;: &quot;none&quot;
      }
    },
    {
      &quot;attributes&quot;: {
        &quot;owner&quot;: &quot;Conduct&quot;,
        &quot;stage&quot;: &quot;Completed&quot;,
        &quot;ea1&quot;: &quot;AS21537BH020300 &quot;,
        &quot;ea2&quot;: &quot;none&quot;
      }
    },
    {
      &quot;attributes&quot;: {
        &quot;owner&quot;: &quot;Conduct&quot;,
        &quot;stage&quot;: &quot;Completed&quot;,
        &quot;ea1&quot;: &quot;AS21564BH000715 &quot;,
        &quot;ea2&quot;: &quot;none&quot;
      }
    },
    {
      &quot;attributes&quot;: {
        &quot;owner&quot;: &quot;Conduct&quot;,
        &quot;stage&quot;: &quot;Completed&quot;,
        &quot;ea1&quot;: &quot;AS21564BH000715 &quot;,
        &quot;ea2&quot;: &quot;none&quot;
      }
    },
    {
      &quot;attributes&quot;: {
        &quot;owner&quot;: &quot;Conduct&quot;,
        &quot;stage&quot;: &quot;Construction&quot;,
        &quot;ea1&quot;: &quot;AS21567BH000710&quot;,
        &quot;ea2&quot;: &quot;Northern Region&quot;
      }
    },
    {
      &quot;attributes&quot;: {
        &quot;owner&quot;: &quot;Conduct&quot;,
        &quot;stage&quot;: &quot;Construction&quot;,
        &quot;ea1&quot;: &quot;AS21567BH000710&quot;,
        &quot;ea2&quot;: &quot;Northern Region&quot;
      }
    },
    {
      &quot;attributes&quot;: {
        &quot;owner&quot;: &quot;Conduct&quot;,
        &quot;stage&quot;: &quot;Completed&quot;,
        &quot;ea1&quot;: &quot;AS21239WHCLM016&quot;,
        &quot;ea2&quot;: &quot;Western Region&quot;
      }
    },
    {
      &quot;attributes&quot;: {
        &quot;owner&quot;: &quot;Conduct&quot;,
        &quot;stage&quot;: &quot;Completed&quot;,
        &quot;ea1&quot;: &quot;AS21561BH000713 &quot;,
        &quot;ea2&quot;: &quot;Northern Region&quot;
      }
    },
    {
      &quot;attributes&quot;: {
        &quot;owner&quot;: &quot;Conduct&quot;,
        &quot;stage&quot;: &quot;Construction&quot;,
        &quot;ea1&quot;: &quot;AS21561BH000713 &quot;,
        &quot;ea2&quot;: &quot;Northern Region&quot;
      }
    },
    {
      &quot;attributes&quot;: {
        &quot;owner&quot;: &quot;Conduct&quot;,
        &quot;stage&quot;: &quot;Completed&quot;,
        &quot;ea1&quot;: &quot;AS21561BH000713 &quot;,
        &quot;ea2&quot;: &quot;Northern Region&quot;
      }
    },
    {
      &quot;attributes&quot;: {
        &quot;owner&quot;: &quot;Conduct&quot;,
        &quot;stage&quot;: &quot;Construction&quot;,
        &quot;ea1&quot;: &quot;AS21561BH000713 &quot;,
        &quot;ea2&quot;: &quot;Northern Region&quot;
      }
    },
    {
      &quot;attributes&quot;: {
        &quot;owner&quot;: &quot;Conduct&quot;,
        &quot;stage&quot;: &quot;Construction&quot;,
        &quot;ea1&quot;: &quot;none&quot;,
        &quot;ea2&quot;: &quot;none&quot;
      }
    },
    {
      &quot;attributes&quot;: {
        &quot;owner&quot;: &quot;Conduct&quot;,
        &quot;stage&quot;: &quot;Construction&quot;,
        &quot;ea1&quot;: &quot;AS21568BH000710 &quot;,
        &quot;ea2&quot;: &quot;none&quot;
      }
    },
    {
      &quot;attributes&quot;: {
        &quot;owner&quot;: &quot;Conduct&quot;,
        &quot;stage&quot;: &quot;Construction&quot;,
        &quot;ea1&quot;: &quot;AS21568BH000710 &quot;,
        &quot;ea2&quot;: &quot;none&quot;
      }
    },
    {
      &quot;attributes&quot;: {
        &quot;owner&quot;: &quot;Conduct&quot;,
        &quot;stage&quot;: &quot;Completed&quot;,
        &quot;ea1&quot;: &quot;AS21570BH000714 &quot;,
        &quot;ea2&quot;: &quot;none&quot;
      }
    },
    {
      &quot;attributes&quot;: {
        &quot;owner&quot;: &quot;Conduct&quot;,
        &quot;stage&quot;: &quot;Completed&quot;,
        &quot;ea1&quot;: &quot;AS21570BH000714 &quot;,
        &quot;ea2&quot;: &quot;none&quot;
      }
    },
    {
      &quot;attributes&quot;: {
        &quot;owner&quot;: &quot;Conduct&quot;,
        &quot;stage&quot;: &quot;Completed&quot;,
        &quot;ea1&quot;: &quot;AS21578BH345369 &quot;,
        &quot;ea2&quot;: &quot;none&quot;
      }
    },
    {
      &quot;attributes&quot;: {
        &quot;owner&quot;: &quot;Conduct&quot;,
        &quot;stage&quot;: &quot;Completed&quot;,
        &quot;ea1&quot;: &quot;AS21578BH345369 &quot;,
        &quot;ea2&quot;: &quot;none&quot;
      }
    },
    {
      &quot;attributes&quot;: {
        &quot;owner&quot;: &quot;Conduct&quot;,
        &quot;stage&quot;: &quot;Completed&quot;,
        &quot;ea1&quot;: &quot;none&quot;,
        &quot;ea2&quot;: &quot;none&quot;
      }
    },
    {
      &quot;attributes&quot;: {
        &quot;owner&quot;: &quot;Conduct&quot;,
        &quot;stage&quot;: &quot;Completed&quot;,
        &quot;ea1&quot;: &quot;AS21576GA354032 &quot;,
        &quot;ea2&quot;: &quot;none&quot;
      }
    },
    {
      &quot;attributes&quot;: {
        &quot;owner&quot;: &quot;Conduct&quot;,
        &quot;stage&quot;: &quot;Construction&quot;,
        &quot;ea1&quot;: &quot;none&quot;,
        &quot;ea2&quot;: &quot;none&quot;
      }
    },
    {
      &quot;attributes&quot;: {
        &quot;owner&quot;: &quot;Conduct&quot;,
        &quot;stage&quot;: &quot;Construction&quot;,
        &quot;ea1&quot;: &quot;AS21576GH070714 &quot;,
        &quot;ea2&quot;: &quot;Northern Region&quot;
      }
    },
    {
      &quot;attributes&quot;: {
        &quot;owner&quot;: &quot;Conduct&quot;,
        &quot;stage&quot;: &quot;Completed&quot;,
        &quot;ea1&quot;: &quot;AS21580BH020399 &quot;,
        &quot;ea2&quot;: &quot;none&quot;
      }
    },
    {
      &quot;attributes&quot;: {
        &quot;owner&quot;: &quot;Conduct&quot;,
        &quot;stage&quot;: &quot;Completed&quot;,
        &quot;ea1&quot;: &quot;AS21580BH020399 &quot;,
        &quot;ea2&quot;: &quot;none&quot;
      }
    },
    {
      &quot;attributes&quot;: {
        &quot;owner&quot;: &quot;Conduct&quot;,
        &quot;stage&quot;: &quot;Construction&quot;,
        &quot;ea1&quot;: &quot;AS21570BH000714 &quot;,
        &quot;ea2&quot;: &quot;Northern Region&quot;
      }
    },
    {
      &quot;attributes&quot;: {
        &quot;owner&quot;: &quot;Conduct&quot;,
        &quot;stage&quot;: &quot;Construction&quot;,
        &quot;ea1&quot;: &quot;AS21570BH000714 &quot;,
        &quot;ea2&quot;: &quot;Northern Region&quot;
      }
    },
    {
      &quot;attributes&quot;: {
        &quot;owner&quot;: &quot;Conduct&quot;,
        &quot;stage&quot;: &quot;Construction&quot;,
        &quot;ea1&quot;: &quot;AS21570BH000714 &quot;,
        &quot;ea2&quot;: &quot;Northern Region&quot;
      }
    },
    {
      &quot;attributes&quot;: {
        &quot;owner&quot;: &quot;Conduct&quot;,
        &quot;stage&quot;: &quot;Construction&quot;,
        &quot;ea1&quot;: &quot;AS21582GH070712 &quot;,
        &quot;ea2&quot;: &quot;Northern Region&quot;
      }
    },
    {
      &quot;attributes&quot;: {
        &quot;owner&quot;: &quot;Conduct&quot;,
        &quot;stage&quot;: &quot;Construction&quot;,
        &quot;ea1&quot;: &quot;AS21582GH070712 &quot;,
        &quot;ea2&quot;: &quot;Northern Region&quot;
      }
    },
    {
      &quot;attributes&quot;: {
        &quot;owner&quot;: &quot;Conduct&quot;,
        &quot;stage&quot;: &quot;Completed&quot;,
        &quot;ea1&quot;: &quot;AS21590GH070728 &quot;,
        &quot;ea2&quot;: &quot;none&quot;
      }
    },
    {
      &quot;attributes&quot;: {
        &quot;owner&quot;: &quot;Conduct&quot;,
        &quot;stage&quot;: &quot;Completed&quot;,
        &quot;ea1&quot;: &quot;AS21590GH070728 &quot;,
        &quot;ea2&quot;: &quot;none&quot;
      }
    },
    {
      &quot;attributes&quot;: {
        &quot;owner&quot;: &quot;Conduct&quot;,
        &quot;stage&quot;: &quot;Completed&quot;,
        &quot;ea1&quot;: &quot;AS21598BH000711&quot;,
        &quot;ea2&quot;: &quot;none&quot;
      }
    },
    {
      &quot;attributes&quot;: {
        &quot;owner&quot;: &quot;Conduct&quot;,
        &quot;stage&quot;: &quot;Completed&quot;,
        &quot;ea1&quot;: &quot;AS21598BH000711&quot;,
        &quot;ea2&quot;: &quot;none&quot;
      }
    },
    {
      &quot;attributes&quot;: {
        &quot;owner&quot;: &quot;Conduct&quot;,
        &quot;stage&quot;: &quot;Completed&quot;,
        &quot;ea1&quot;: &quot; AS21598BH000711 &quot;,
        &quot;ea2&quot;: &quot;none&quot;
      }
    },
    {
      &quot;attributes&quot;: {
        &quot;owner&quot;: &quot;Conduct&quot;,
        &quot;stage&quot;: &quot;Completed&quot;,
        &quot;ea1&quot;: &quot; AS21598BH000711 &quot;,
        &quot;ea2&quot;: &quot;none&quot;
      }
    },
    {
      &quot;attributes&quot;: {
        &quot;owner&quot;: &quot;Conduct&quot;,
        &quot;stage&quot;: &quot;Completed&quot;,
        &quot;ea1&quot;: &quot;AS21633BH024494 &quot;,
        &quot;ea2&quot;: &quot;none&quot;
      }
    },
    {
      &quot;attributes&quot;: {
        &quot;owner&quot;: &quot;Conduct&quot;,
        &quot;stage&quot;: &quot;Completed&quot;,
        &quot;ea1&quot;: &quot;AS21633BH024494 &quot;,
        &quot;ea2&quot;: &quot;none&quot;
      }
    },
    {
      &quot;attributes&quot;: {
        &quot;owner&quot;: &quot;Conduct&quot;,
        &quot;stage&quot;: &quot;Completed&quot;,
        &quot;ea1&quot;: &quot;AS21739BH001521 &quot;,
        &quot;ea2&quot;: &quot;Northern Region&quot;
      }
    },
    {
      &quot;attributes&quot;: {
        &quot;owner&quot;: &quot;Conduct&quot;,
        &quot;stage&quot;: &quot;Completed&quot;,
        &quot;ea1&quot;: &quot;AS21636BH001521 &quot;,
        &quot;ea2&quot;: &quot;none&quot;
      }
    },
    {
      &quot;attributes&quot;: {
        &quot;owner&quot;: &quot;Conduct&quot;,
        &quot;stage&quot;: &quot;Completed&quot;,
        &quot;ea1&quot;: &quot;AS21756BH001521 &quot;,
        &quot;ea2&quot;: &quot;Northern Region&quot;
      }
    },
    {
      &quot;attributes&quot;: {
        &quot;owner&quot;: &quot;Conduct&quot;,
        &quot;stage&quot;: &quot;Completed&quot;,
        &quot;ea1&quot;: &quot;AS21756BH001521 &quot;,
        &quot;ea2&quot;: &quot;Northern Region&quot;
      }
    },
    {
      &quot;attributes&quot;: {
        &quot;owner&quot;: &quot;Conduct&quot;,
        &quot;stage&quot;: &quot;Construction&quot;,
        &quot;ea1&quot;: &quot;AS21756BH001521 &quot;,
        &quot;ea2&quot;: &quot;Northern Region&quot;
      }
    },
    {
      &quot;attributes&quot;: {
        &quot;owner&quot;: &quot;Conduct&quot;,
        &quot;stage&quot;: &quot;Completed&quot;,
        &quot;ea1&quot;: &quot;AS21756BH001521 &quot;,
        &quot;ea2&quot;: &quot;Northern Region&quot;
      }
    },
    {
      &quot;attributes&quot;: {
        &quot;owner&quot;: &quot;Conduct&quot;,
        &quot;stage&quot;: &quot;Completed&quot;,
        &quot;ea1&quot;: &quot;AS21756BH001521 &quot;,
        &quot;ea2&quot;: &quot;Northern Region&quot;
      }
    },
    {
      &quot;attributes&quot;: {
        &quot;owner&quot;: &quot;Conduct&quot;,
        &quot;stage&quot;: &quot;Construction&quot;,
        &quot;ea1&quot;: &quot;AS21756BH001521 &quot;,
        &quot;ea2&quot;: &quot;Northern Region&quot;
      }
    },
    {
      &quot;attributes&quot;: {
        &quot;owner&quot;: &quot;Conduct&quot;,
        &quot;stage&quot;: &quot;Construction&quot;,
        &quot;ea1&quot;: &quot;AS21969BH004093 &quot;,
        &quot;ea2&quot;: &quot;Northern Region&quot;
      }
    },
    {
      &quot;attributes&quot;: {
        &quot;owner&quot;: &quot;Conduct&quot;,
        &quot;stage&quot;: &quot;Construction&quot;,
        &quot;ea1&quot;: &quot;AS21969BH004093 &quot;,
        &quot;ea2&quot;: &quot;Northern Region&quot;
      }
    },
    {
      &quot;attributes&quot;: {
        &quot;owner&quot;: &quot;Conduct&quot;,
        &quot;stage&quot;: &quot;Construction&quot;,
        &quot;ea1&quot;: &quot;AS21969BH004093&quot;,
        &quot;ea2&quot;: &quot;Northern Region&quot;
      }
    },
    {
      &quot;attributes&quot;: {
        &quot;owner&quot;: &quot;Conduct&quot;,
        &quot;stage&quot;: &quot;Completed&quot;,
        &quot;ea1&quot;: &quot;AS22436BH000714 &quot;,
        &quot;ea2&quot;: &quot;Northern Region&quot;
      }
    },
    {
      &quot;attributes&quot;: {
        &quot;owner&quot;: &quot;Conduct&quot;,
        &quot;stage&quot;: &quot;Completed&quot;,
        &quot;ea1&quot;: &quot;VS00009GH000182&quot;,
        &quot;ea2&quot;: &quot;Northern Region&quot;
      }
    },
    {
      &quot;attributes&quot;: {
        &quot;owner&quot;: &quot;Conduct&quot;,
        &quot;stage&quot;: &quot;Completed&quot;,
        &quot;ea1&quot;: &quot;AS22907WCH-TNP053&quot;,
        &quot;ea2&quot;: &quot;Western Region&quot;
      }
    },
    {
      &quot;attributes&quot;: {
        &quot;owner&quot;: &quot;Conduct&quot;,
        &quot;stage&quot;: &quot;Completed&quot;,
        &quot;ea1&quot;: &quot;AS22907WCH-TNP052&quot;,
        &quot;ea2&quot;: &quot;Western Region&quot;
      }
    },
    {
      &quot;attributes&quot;: {
        &quot;owner&quot;: &quot;Conduct&quot;,
        &quot;stage&quot;: &quot;Completed&quot;,
        &quot;ea1&quot;: &quot;AS23245WHTNP023&quot;,
        &quot;ea2&quot;: &quot;Western Region&quot;
      }
    },
    {
      &quot;attributes&quot;: {
        &quot;owner&quot;: &quot;Conduct&quot;,
        &quot;stage&quot;: &quot;Completed&quot;,
        &quot;ea1&quot;: &quot;AS23245WHTNP022&quot;,
        &quot;ea2&quot;: &quot;Western Region&quot;
      }
    },
    {
      &quot;attributes&quot;: {
        &quot;owner&quot;: &quot;Conduct&quot;,
        &quot;stage&quot;: &quot;Completed&quot;,
        &quot;ea1&quot;: &quot;AS25132WHTNP027&quot;,
        &quot;ea2&quot;: &quot;Western Region&quot;
      }
    },
    {
      &quot;attributes&quot;: {
        &quot;owner&quot;: &quot;Conduct&quot;,
        &quot;stage&quot;: &quot;Completed&quot;,
        &quot;ea1&quot;: &quot;AS25132WHTNP031&quot;,
        &quot;ea2&quot;: &quot;Western Region&quot;
      }
    },
    {
      &quot;attributes&quot;: {
        &quot;owner&quot;: &quot;Conduct&quot;,
        &quot;stage&quot;: &quot;Completed&quot;,
        &quot;ea1&quot;: &quot;AS25141WCHWST028&quot;,
        &quot;ea2&quot;: &quot;Western Region&quot;
      }
    },
    {
      &quot;attributes&quot;: {
        &quot;owner&quot;: &quot;Conduct&quot;,
        &quot;stage&quot;: &quot;Completed&quot;,
        &quot;ea1&quot;: &quot;AS25141WCHWST027&quot;,
        &quot;ea2&quot;: &quot;Western Region&quot;
      }
    },
    {
      &quot;attributes&quot;: {
        &quot;owner&quot;: &quot;Conduct&quot;,
        &quot;stage&quot;: &quot;Completed&quot;,
        &quot;ea1&quot;: &quot;AS14609WCH-WST-016&quot;,
        &quot;ea2&quot;: &quot;Western Region&quot;
      }
    },
    {
      &quot;attributes&quot;: {
        &quot;owner&quot;: &quot;Conduct&quot;,
        &quot;stage&quot;: &quot;Completed&quot;,
        &quot;ea1&quot;: &quot;AS23396WHSTN005&quot;,
        &quot;ea2&quot;: &quot;Western Region&quot;
      }
    },
    {
      &quot;attributes&quot;: {
        &quot;owner&quot;: &quot;Conduct&quot;,
        &quot;stage&quot;: &quot;Completed&quot;,
        &quot;ea1&quot;: &quot;AS23396WHSTN004&quot;,
        &quot;ea2&quot;: &quot;Western Region&quot;
      }
    },
    {
      &quot;attributes&quot;: {
        &quot;owner&quot;: &quot;Conduct&quot;,
        &quot;stage&quot;: &quot;Completed&quot;,
        &quot;ea1&quot;: &quot;AS13392WHWST006&quot;,
        &quot;ea2&quot;: &quot;Western Region&quot;
      }
    },
    {
      &quot;attributes&quot;: {
        &quot;owner&quot;: &quot;Conduct&quot;,
        &quot;stage&quot;: &quot;Construction&quot;,
        &quot;ea1&quot;: &quot;AS19299BH024102&quot;,
        &quot;ea2&quot;: &quot;none&quot;
      }
    },
    {
      &quot;attributes&quot;: {
        &quot;owner&quot;: &quot;Conduct&quot;,
        &quot;stage&quot;: &quot;Completed&quot;,
        &quot;ea1&quot;: &quot;Safari Mall&quot;,
        &quot;ea2&quot;: &quot;Gauteng South&quot;
      }
    },
    {
      &quot;attributes&quot;: {
        &quot;owner&quot;: &quot;Conduct&quot;,
        &quot;stage&quot;: &quot;Completed&quot;,
        &quot;ea1&quot;: &quot;AS25075WHTNP039&quot;,
        &quot;ea2&quot;: &quot;Western Region&quot;
      }
    },
    {
      &quot;attributes&quot;: {
        &quot;owner&quot;: &quot;Conduct&quot;,
        &quot;stage&quot;: &quot;Completed&quot;,
        &quot;ea1&quot;: &quot;AS25075WHTNP020&quot;,
        &quot;ea2&quot;: &quot;Western Region&quot;
      }
    },
    {
      &quot;attributes&quot;: {
        &quot;owner&quot;: &quot;Conduct&quot;,
        &quot;stage&quot;: &quot;Completed&quot;,
        &quot;ea1&quot;: &quot;G70P58&quot;,
        &quot;ea2&quot;: &quot;Gauteng South&quot;
      }
    },
    {
      &quot;attributes&quot;: {
        &quot;owner&quot;: &quot;Conduct&quot;,
        &quot;stage&quot;: &quot;Completed&quot;,
        &quot;ea1&quot;: &quot;G70P23&quot;,
        &quot;ea2&quot;: &quot;Gauteng South&quot;
      }
    },
    {
      &quot;attributes&quot;: {
        &quot;owner&quot;: &quot;Conduct&quot;,
        &quot;stage&quot;: &quot;Completed&quot;,
        &quot;ea1&quot;: &quot;G70P57&quot;,
        &quot;ea2&quot;: &quot;Gauteng South&quot;
      }
    },
    {
      &quot;attributes&quot;: {
        &quot;owner&quot;: &quot;Conduct&quot;,
        &quot;stage&quot;: &quot;Completed&quot;,
        &quot;ea1&quot;: &quot;G70P57&quot;,
        &quot;ea2&quot;: &quot;Gauteng South&quot;
      }
    },
    {
      &quot;attributes&quot;: {
        &quot;owner&quot;: &quot;Conduct&quot;,
        &quot;stage&quot;: &quot;Completed&quot;,
        &quot;ea1&quot;: &quot;G70P57&quot;,
        &quot;ea2&quot;: &quot;Gauteng South&quot;
      }
    },
    {
      &quot;attributes&quot;: {
        &quot;owner&quot;: &quot;Conduct&quot;,
        &quot;stage&quot;: &quot;Completed&quot;,
        &quot;ea1&quot;: &quot;G70P57&quot;,
        &quot;ea2&quot;: &quot;Gauteng South&quot;
      }
    },
    {
      &quot;attributes&quot;: {
        &quot;owner&quot;: &quot;Conduct&quot;,
        &quot;stage&quot;: &quot;Completed&quot;,
        &quot;ea1&quot;: &quot;G70P56&quot;,
        &quot;ea2&quot;: &quot;Gauteng South&quot;
      }
    },
    {
      &quot;attributes&quot;: {
        &quot;owner&quot;: &quot;Conduct&quot;,
        &quot;stage&quot;: &quot;Completed&quot;,
        &quot;ea1&quot;: &quot;G70P56&quot;,
        &quot;ea2&quot;: &quot;Gauteng South&quot;
      }
    },
    {
      &quot;attributes&quot;: {
        &quot;owner&quot;: &quot;Conduct&quot;,
        &quot;stage&quot;: &quot;Completed&quot;,
        &quot;ea1&quot;: &quot;G70P56&quot;,
        &quot;ea2&quot;: &quot;Gauteng South&quot;
      }
    },
    {
      &quot;attributes&quot;: {
        &quot;owner&quot;: &quot;Conduct&quot;,
        &quot;stage&quot;: &quot;Completed&quot;,
        &quot;ea1&quot;: &quot;G70P56&quot;,
        &quot;ea2&quot;: &quot;Gauteng South&quot;
      }
    },
    {
      &quot;attributes&quot;: {
        &quot;owner&quot;: &quot;Conduct&quot;,
        &quot;stage&quot;: &quot;Completed&quot;,
        &quot;ea1&quot;: &quot;G70P55&quot;,
        &quot;ea2&quot;: &quot;Gauteng South&quot;
      }
    },
    {
      &quot;attributes&quot;: {
        &quot;owner&quot;: &quot;Conduct&quot;,
        &quot;stage&quot;: &quot;Completed&quot;,
        &quot;ea1&quot;: &quot;G70P55&quot;,
        &quot;ea2&quot;: &quot;Gauteng South&quot;
      }
    },
    {
      &quot;attributes&quot;: {
        &quot;owner&quot;: &quot;Conduct&quot;,
        &quot;stage&quot;: &quot;Completed&quot;,
        &quot;ea1&quot;: &quot;AS14686WCH-WST-028&quot;,
        &quot;ea2&quot;: &quot;Western Region&quot;
      }
    },
    {
      &quot;attributes&quot;: {
        &quot;owner&quot;: &quot;Conduct&quot;,
        &quot;stage&quot;: &quot;Completed&quot;,
        &quot;ea1&quot;: &quot;AS14664WCH-WST-037&quot;,
        &quot;ea2&quot;: &quot;Western Region&quot;
      }
    },
    {
      &quot;attributes&quot;: {
        &quot;owner&quot;: &quot;Conduct&quot;,
        &quot;stage&quot;: &quot;Completed&quot;,
        &quot;ea1&quot;: &quot;AS14664WCH-WST-033&quot;,
        &quot;ea2&quot;: &quot;Western Region&quot;
      }
    },
    {
      &quot;attributes&quot;: {
        &quot;owner&quot;: &quot;Conduct&quot;,
        &quot;stage&quot;: &quot;Completed&quot;,
        &quot;ea1&quot;: &quot;G70P01&quot;,
        &quot;ea2&quot;: &quot;Gauteng South&quot;
      }
    },
    {
      &quot;attributes&quot;: {
        &quot;owner&quot;: &quot;Conduct&quot;,
        &quot;stage&quot;: &quot;Completed&quot;,
        &quot;ea1&quot;: &quot;G70P01&quot;,
        &quot;ea2&quot;: &quot;Gauteng South&quot;
      }
    },
    {
      &quot;attributes&quot;: {
        &quot;owner&quot;: &quot;Conduct&quot;,
        &quot;stage&quot;: &quot;Completed&quot;,
        &quot;ea1&quot;: &quot;none&quot;,
        &quot;ea2&quot;: &quot;Gauteng South&quot;
      }
    },
    {
      &quot;attributes&quot;: {
        &quot;owner&quot;: &quot;Conduct&quot;,
        &quot;stage&quot;: &quot;Completed&quot;,
        &quot;ea1&quot;: &quot;AS03171GH000617&quot;,
        &quot;ea2&quot;: &quot;Gauteng South&quot;
      }
    },
    {
      &quot;attributes&quot;: {
        &quot;owner&quot;: &quot;Conduct&quot;,
        &quot;stage&quot;: &quot;Completed&quot;,
        &quot;ea1&quot;: &quot;AS14531WCH-WST-022&quot;,
        &quot;ea2&quot;: &quot;Western Region&quot;
      }
    },
    {
      &quot;attributes&quot;: {
        &quot;owner&quot;: &quot;Conduct&quot;,
        &quot;stage&quot;: &quot;Completed&quot;,
        &quot;ea1&quot;: &quot;AS14531WCH-WST-021&quot;,
        &quot;ea2&quot;: &quot;Western Region&quot;
      }
    },
    {
      &quot;attributes&quot;: {
        &quot;owner&quot;: &quot;Conduct&quot;,
        &quot;stage&quot;: &quot;Completed&quot;,
        &quot;ea1&quot;: &quot;AS27079GH347418&quot;,
        &quot;ea2&quot;: &quot;Gauteng South&quot;
      }
    },
    {
      &quot;attributes&quot;: {
        &quot;owner&quot;: &quot;Conduct&quot;,
        &quot;stage&quot;: &quot;Completed&quot;,
        &quot;ea1&quot;: &quot;AS14661WCHWST40&quot;,
        &quot;ea2&quot;: &quot;Western Region&quot;
      }
    },
    {
      &quot;attributes&quot;: {
        &quot;owner&quot;: &quot;Conduct&quot;,
        &quot;stage&quot;: &quot;Completed&quot;,
        &quot;ea1&quot;: &quot;G70P01&quot;,
        &quot;ea2&quot;: &quot;Gauteng South&quot;
      }
    },
    {
      &quot;attributes&quot;: {
        &quot;owner&quot;: &quot;Conduct&quot;,
        &quot;stage&quot;: &quot;Completed&quot;,
        &quot;ea1&quot;: &quot;AS25156WHTNP24&quot;,
        &quot;ea2&quot;: &quot;Western Region&quot;
      }
    },
    {
      &quot;attributes&quot;: {
        &quot;owner&quot;: &quot;Conduct&quot;,
        &quot;stage&quot;: &quot;Completed&quot;,
        &quot;ea1&quot;: &quot;AS25156WHTNP24&quot;,
        &quot;ea2&quot;: &quot;Western Region&quot;
      }
    },
    {
      &quot;attributes&quot;: {
        &quot;owner&quot;: &quot;Conduct&quot;,
        &quot;stage&quot;: &quot;Construction&quot;,
        &quot;ea1&quot;: &quot;none&quot;,
        &quot;ea2&quot;: &quot;Northern Region&quot;
      }
    },
    {
      &quot;attributes&quot;: {
        &quot;owner&quot;: &quot;Conduct&quot;,
        &quot;stage&quot;: &quot;Completed&quot;,
        &quot;ea1&quot;: &quot;AS13945BA345051&quot;,
        &quot;ea2&quot;: &quot;Northern Region&quot;
      }
    },
    {
      &quot;attributes&quot;: {
        &quot;owner&quot;: &quot;Conduct&quot;,
        &quot;stage&quot;: &quot;Completed&quot;,
        &quot;ea1&quot;: &quot;AS13945BA345051&quot;,
        &quot;ea2&quot;: &quot;Northern Region&quot;
      }
    },
    {
      &quot;attributes&quot;: {
        &quot;owner&quot;: &quot;Conduct&quot;,
        &quot;stage&quot;: &quot;Completed&quot;,
        &quot;ea1&quot;: &quot;G70P01&quot;,
        &quot;ea2&quot;: &quot;Gauteng South&quot;
      }
    },
    {
      &quot;attributes&quot;: {
        &quot;owner&quot;: &quot;Conduct&quot;,
        &quot;stage&quot;: &quot;Completed&quot;,
        &quot;ea1&quot;: &quot;AS03171GH000618&quot;,
        &quot;ea2&quot;: &quot;Gauteng South&quot;
      }
    },
    {
      &quot;attributes&quot;: {
        &quot;owner&quot;: &quot;Conduct&quot;,
        &quot;stage&quot;: &quot;Completed&quot;,
        &quot;ea1&quot;: &quot;AS14685WCHWST26 &quot;,
        &quot;ea2&quot;: &quot;Western Region&quot;
      }
    },
    {
      &quot;attributes&quot;: {
        &quot;owner&quot;: &quot;Conduct&quot;,
        &quot;stage&quot;: &quot;Completed&quot;,
        &quot;ea1&quot;: &quot;AS14685WCHWST27&quot;,
        &quot;ea2&quot;: &quot;Western Region&quot;
      }
    },
    {
      &quot;attributes&quot;: {
        &quot;owner&quot;: &quot;Conduct&quot;,
        &quot;stage&quot;: &quot;Completed&quot;,
        &quot;ea1&quot;: &quot;8A MELLIS&quot;,
        &quot;ea2&quot;: &quot;Gauteng South&quot;
      }
    },
    {
      &quot;attributes&quot;: {
        &quot;owner&quot;: &quot;Conduct&quot;,
        &quot;stage&quot;: &quot;Completed&quot;,
        &quot;ea1&quot;: &quot;AS14688WHWST019&quot;,
        &quot;ea2&quot;: &quot;Western Region&quot;
      }
    },
    {
      &quot;attributes&quot;: {
        &quot;owner&quot;: &quot;Conduct&quot;,
        &quot;stage&quot;: &quot;Completed&quot;,
        &quot;ea1&quot;: &quot;AS14688WHWST018&quot;,
        &quot;ea2&quot;: &quot;Western Region&quot;
      }
    },
    {
      &quot;attributes&quot;: {
        &quot;owner&quot;: &quot;Conduct&quot;,
        &quot;stage&quot;: &quot;Completed&quot;,
        &quot;ea1&quot;: &quot;AS14735WHWST013&quot;,
        &quot;ea2&quot;: &quot;Western Region&quot;
      }
    },
    {
      &quot;attributes&quot;: {
        &quot;owner&quot;: &quot;Conduct&quot;,
        &quot;stage&quot;: &quot;Completed&quot;,
        &quot;ea1&quot;: &quot;AS14735WHWST013&quot;,
        &quot;ea2&quot;: &quot;Western Region&quot;
      }
    },
    {
      &quot;attributes&quot;: {
        &quot;owner&quot;: &quot;Conduct&quot;,
        &quot;stage&quot;: &quot;Completed&quot;,
        &quot;ea1&quot;: &quot;AS14534WHWST025&quot;,
        &quot;ea2&quot;: &quot;Western Region&quot;
      }
    },
    {
      &quot;attributes&quot;: {
        &quot;owner&quot;: &quot;Conduct&quot;,
        &quot;stage&quot;: &quot;Completed&quot;,
        &quot;ea1&quot;: &quot;AS14534WHWST021&quot;,
        &quot;ea2&quot;: &quot;Western Region&quot;
      }
    },
    {
      &quot;attributes&quot;: {
        &quot;owner&quot;: &quot;Conduct&quot;,
        &quot;stage&quot;: &quot;Completed&quot;,
        &quot;ea1&quot;: &quot;AS14470WHWST010&quot;,
        &quot;ea2&quot;: &quot;Western Region&quot;
      }
    },
    {
      &quot;attributes&quot;: {
        &quot;owner&quot;: &quot;Conduct&quot;,
        &quot;stage&quot;: &quot;Completed&quot;,
        &quot;ea1&quot;: &quot;AS15673WHSTN006&quot;,
        &quot;ea2&quot;: &quot;Western Region&quot;
      }
    },
    {
      &quot;attributes&quot;: {
        &quot;owner&quot;: &quot;Conduct&quot;,
        &quot;stage&quot;: &quot;Completed&quot;,
        &quot;ea1&quot;: &quot;AS15673WHSTN006&quot;,
        &quot;ea2&quot;: &quot;Western Region&quot;
      }
    },
    {
      &quot;attributes&quot;: {
        &quot;owner&quot;: &quot;Conduct&quot;,
        &quot;stage&quot;: &quot;Completed&quot;,
        &quot;ea1&quot;: &quot;48 Wierda Road&quot;,
        &quot;ea2&quot;: &quot;Gauteng South&quot;
      }
    },
    {
      &quot;attributes&quot;: {
        &quot;owner&quot;: &quot;Conduct&quot;,
        &quot;stage&quot;: &quot;Completed&quot;,
        &quot;ea1&quot;: &quot;48 Wierda Road&quot;,
        &quot;ea2&quot;: &quot;Gauteng South&quot;
      }
    },
    {
      &quot;attributes&quot;: {
        &quot;owner&quot;: &quot;Conduct&quot;,
        &quot;stage&quot;: &quot;Completed&quot;,
        &quot;ea1&quot;: &quot;AS27079GH34717&quot;,
        &quot;ea2&quot;: &quot;Gauteng South&quot;
      }
    },
    {
      &quot;attributes&quot;: {
        &quot;owner&quot;: &quot;Conduct&quot;,
        &quot;stage&quot;: &quot;Completed&quot;,
        &quot;ea1&quot;: &quot;16 Skeen Blvd&quot;,
        &quot;ea2&quot;: &quot;Gauteng South&quot;
      }
    },
    {
      &quot;attributes&quot;: {
        &quot;owner&quot;: &quot;Conduct&quot;,
        &quot;stage&quot;: &quot;Completed&quot;,
        &quot;ea1&quot;: &quot;16 Skeen Blvd&quot;,
        &quot;ea2&quot;: &quot;Gauteng South&quot;
      }
    },
    {
      &quot;attributes&quot;: {
        &quot;owner&quot;: &quot;Conduct&quot;,
        &quot;stage&quot;: &quot;Completed&quot;,
        &quot;ea1&quot;: &quot;AS14678WCH-WST-011&quot;,
        &quot;ea2&quot;: &quot;Western Region&quot;
      }
    },
    {
      &quot;attributes&quot;: {
        &quot;owner&quot;: &quot;Conduct&quot;,
        &quot;stage&quot;: &quot;Completed&quot;,
        &quot;ea1&quot;: &quot;AS14643WCHWST021&quot;,
        &quot;ea2&quot;: &quot;Western Region&quot;
      }
    },
    {
      &quot;attributes&quot;: {
        &quot;owner&quot;: &quot;Conduct&quot;,
        &quot;stage&quot;: &quot;Completed&quot;,
        &quot;ea1&quot;: &quot;AS14606WHWST014&quot;,
        &quot;ea2&quot;: &quot;Western Region&quot;
      }
    },
    {
      &quot;attributes&quot;: {
        &quot;owner&quot;: &quot;Conduct&quot;,
        &quot;stage&quot;: &quot;Completed&quot;,
        &quot;ea1&quot;: &quot;AS14606WHWST015&quot;,
        &quot;ea2&quot;: &quot;Western Region&quot;
      }
    },
    {
      &quot;attributes&quot;: {
        &quot;owner&quot;: &quot;Conduct&quot;,
        &quot;stage&quot;: &quot;Completed&quot;,
        &quot;ea1&quot;: &quot;AS14470WHWST012&quot;,
        &quot;ea2&quot;: &quot;Western Region&quot;
      }
    },
    {
      &quot;attributes&quot;: {
        &quot;owner&quot;: &quot;Conduct&quot;,
        &quot;stage&quot;: &quot;Completed&quot;,
        &quot;ea1&quot;: &quot;&quot;,
        &quot;ea2&quot;: &quot;Western Region&quot;
      }
    },
    {
      &quot;attributes&quot;: {
        &quot;owner&quot;: &quot;Conduct&quot;,
        &quot;stage&quot;: &quot;Completed&quot;,
        &quot;ea1&quot;: &quot;&quot;,
        &quot;ea2&quot;: &quot;Western Region&quot;
      }
    },
    {
      &quot;attributes&quot;: {
        &quot;owner&quot;: &quot;Conduct&quot;,
        &quot;stage&quot;: &quot;Completed&quot;,
        &quot;ea1&quot;: &quot;AS25137WHWST009 &quot;,
        &quot;ea2&quot;: &quot;Western Region&quot;
      }
    },
    {
      &quot;attributes&quot;: {
        &quot;owner&quot;: &quot;Conduct&quot;,
        &quot;stage&quot;: &quot;Completed&quot;,
        &quot;ea1&quot;: &quot;&quot;,
        &quot;ea2&quot;: &quot;Western Region&quot;
      }
    },
    {
      &quot;attributes&quot;: {
        &quot;owner&quot;: &quot;Conduct&quot;,
        &quot;stage&quot;: &quot;Completed&quot;,
        &quot;ea1&quot;: &quot;none&quot;,
        &quot;ea2&quot;: &quot;Western Region&quot;
      }
    },
    {
      &quot;attributes&quot;: {
        &quot;owner&quot;: &quot;Conduct&quot;,
        &quot;stage&quot;: &quot;Completed&quot;,
        &quot;ea1&quot;: &quot;none&quot;,
        &quot;ea2&quot;: &quot;Western Region&quot;
      }
    },
    {
      &quot;attributes&quot;: {
        &quot;owner&quot;: &quot;Conduct&quot;,
        &quot;stage&quot;: &quot;Completed&quot;,
        &quot;ea1&quot;: &quot;AS15781WHTNP015&quot;,
        &quot;ea2&quot;: &quot;Western Region&quot;
      }
    },
    {
      &quot;attributes&quot;: {
        &quot;owner&quot;: &quot;Conduct&quot;,
        &quot;stage&quot;: &quot;Completed&quot;,
        &quot;ea1&quot;: &quot;AS15781WHTNP016&quot;,
        &quot;ea2&quot;: &quot;Western Region&quot;
      }
    },
    {
      &quot;attributes&quot;: {
        &quot;owner&quot;: &quot;Conduct&quot;,
        &quot;stage&quot;: &quot;Completed&quot;,
        &quot;ea1&quot;: &quot;AS14647WCHWST020&quot;,
        &quot;ea2&quot;: &quot;Western Region&quot;
      }
    },
    {
      &quot;attributes&quot;: {
        &quot;owner&quot;: &quot;Conduct&quot;,
        &quot;stage&quot;: &quot;Completed&quot;,
        &quot;ea1&quot;: &quot;AS14647WCHWST021&quot;,
        &quot;ea2&quot;: &quot;Western Region&quot;
      }
    }
  ]
}
" type="java.lang.AssertionError">
      <![CDATA[java.lang.AssertionError: 3 expectations failed.
Response body doesn't match expectation.
Expected: a string containing "EBU"
  Actual: {
  "displayFieldName": "name",
  "fieldAliases": {
    "owner": "owner",
    "stage": "stage",
    "ea1": "Route Name",
    "ea2": "DFA Region"
  },
  "fields": [
    {
      "name": "owner",
      "type": "esriFieldTypeString",
      "alias": "owner",
      "length": 50
    },
    {
      "name": "stage",
      "type": "esriFieldTypeString",
      "alias": "stage",
      "length": 30
    },
    {
      "name": "ea1",
      "type": "esriFieldTypeString",
      "alias": "Route Name",
      "length": 100
    },
    {
      "name": "ea2",
      "type": "esriFieldTypeString",
      "alias": "DFA Region",
      "length": 100
    }
  ],
  "features": [
    {
      "attributes": {
        "owner": "Conduct",
        "stage": "Completed",
        "ea1": "G01P05",
        "ea2": "Gauteng South"
      }
    },
    {
      "attributes": {
        "owner": "Conduct",
        "stage": "Completed",
        "ea1": "G01P05",
        "ea2": "Gauteng South"
      }
    },
    {
      "attributes": {
        "owner": "Conduct",
        "stage": "Completed",
        "ea1": "G01P05",
        "ea2": "Gauteng South"
      }
    },
    {
      "attributes": {
        "owner": "Conduct",
        "stage": "Completed",
        "ea1": "G01P05",
        "ea2": "Gauteng South"
      }
    },
    {
      "attributes": {
        "owner": "Conduct",
        "stage": "Completed",
        "ea1": "G01P05",
        "ea2": "Gauteng South"
      }
    },
    {
      "attributes": {
        "owner": "Conduct",
        "stage": "Construction",
        "ea1": "none",
        "ea2": "None"
      }
    },
    {
      "attributes": {
        "owner": "Conduct",
        "stage": "Completed",
        "ea1": "AS03171GH000618",
        "ea2": "Gauteng South"
      }
    },
    {
      "attributes": {
        "owner": "Conduct",
        "stage": "Completed",
        "ea1": "AS03171GH000617",
        "ea2": "Gauteng South"
      }
    },
    {
      "attributes": {
        "owner": "Conduct",
        "stage": "Completed",
        "ea1": "W70P01",
        "ea2": "Western Region"
      }
    },
    {
      "attributes": {
        "owner": "Conduct",
        "stage": "Completed",
        "ea1": "W70P01",
        "ea2": "Western Region"
      }
    },
    {
      "attributes": {
        "owner": "Conduct",
        "stage": "Completed",
        "ea1": "W70P01",
        "ea2": "Western Region"
      }
    },
    {
      "attributes": {
        "owner": "Conduct",
        "stage": "Completed",
        "ea1": "W70P01",
        "ea2": "Western Region"
      }
    },
    {
      "attributes": {
        "owner": "Conduct",
        "stage": "Completed",
        "ea1": "W70P01",
        "ea2": "Western Region"
      }
    },
    {
      "attributes": {
        "owner": "Conduct",
        "stage": "Completed",
        "ea1": "W70P01",
        "ea2": "Western Region"
      }
    },
    {
      "attributes": {
        "owner": "Conduct",
        "stage": "Completed",
        "ea1": "W70P01",
        "ea2": "Western Region"
      }
    },
    {
      "attributes": {
        "owner": "Conduct",
        "stage": "Completed",
        "ea1": "W70P01",
        "ea2": "Western Region"
      }
    },
    {
      "attributes": {
        "owner": "Conduct",
        "stage": "Completed",
        "ea1": "Conduct Claremont Ring",
        "ea2": "Western Region"
      }
    },
    {
      "attributes": {
        "owner": "Conduct",
        "stage": "Completed",
        "ea1": "W70P01",
        "ea2": "Western Region"
      }
    },
    {
      "attributes": {
        "owner": "Conduct",
        "stage": "Completed",
        "ea1": "W70P01",
        "ea2": "Western Region"
      }
    },
    {
      "attributes": {
        "owner": "Conduct",
        "stage": "Completed",
        "ea1": "W70P01",
        "ea2": "Western Region"
      }
    },
    {
      "attributes": {
        "owner": "Conduct",
        "stage": "Completed",
        "ea1": " ",
        "ea2": "Western Region"
      }
    },
    {
      "attributes": {
        "owner": "Conduct",
        "stage": "Construction",
        "ea1": " ",
        "ea2": "Western Region"
      }
    },
    {
      "attributes": {
        "owner": "Conduct",
        "stage": "Completed",
        "ea1": "W70P01",
        "ea2": "Western Region"
      }
    },
    {
      "attributes": {
        "owner": "Conduct",
        "stage": "Completed",
        "ea1": "W70P01",
        "ea2": "Western Region"
      }
    },
    {
      "attributes": {
        "owner": "Conduct",
        "stage": "Completed",
        "ea1": "none",
        "ea2": "Northern Region"
      }
    },
    {
      "attributes": {
        "owner": "Conduct",
        "stage": "Construction",
        "ea1": "none",
        "ea2": "Northern Region"
      }
    },
    {
      "attributes": {
        "owner": "Conduct",
        "stage": "Construction",
        "ea1": "AS14680BH345924 ",
        "ea2": "Northern Region"
      }
    },
    {
      "attributes": {
        "owner": "Conduct",
        "stage": "Construction",
        "ea1": "none",
        "ea2": "none"
      }
    },
    {
      "attributes": {
        "owner": "Conduct",
        "stage": "Construction",
        "ea1": "none",
        "ea2": "none"
      }
    },
    {
      "attributes": {
        "owner": "Conduct",
        "stage": "Construction",
        "ea1": "none",
        "ea2": "none"
      }
    },
    {
      "attributes": {
        "owner": "Conduct",
        "stage": "Construction",
        "ea1": "none",
        "ea2": "Northern Region"
      }
    },
    {
      "attributes": {
        "owner": "Conduct",
        "stage": "Construction",
        "ea1": "none",
        "ea2": "Northern Region"
      }
    },
    {
      "attributes": {
        "owner": "Conduct",
        "stage": "Construction",
        "ea1": "none",
        "ea2": "Northern Region"
      }
    },
    {
      "attributes": {
        "owner": "Conduct",
        "stage": "Construction",
        "ea1": "none",
        "ea2": "Northern Region"
      }
    },
    {
      "attributes": {
        "owner": "Conduct",
        "stage": "Completed",
        "ea1": "G70P01",
        "ea2": "Gauteng South"
      }
    },
    {
      "attributes": {
        "owner": "Conduct",
        "stage": "Completed",
        "ea1": "G70P01",
        "ea2": "Gauteng South"
      }
    },
    {
      "attributes": {
        "owner": "Conduct",
        "stage": "Completed",
        "ea1": "G70P01",
        "ea2": "Gauteng South"
      }
    },
    {
      "attributes": {
        "owner": "Conduct",
        "stage": "Completed",
        "ea1": "G70P01",
        "ea2": "Gauteng South"
      }
    },
    {
      "attributes": {
        "owner": "Conduct",
        "stage": "Completed",
        "ea1": "G70P01",
        "ea2": "Gauteng South"
      }
    },
    {
      "attributes": {
        "owner": "Conduct",
        "stage": "Completed",
        "ea1": "G70P01",
        "ea2": "Gauteng South"
      }
    },
    {
      "attributes": {
        "owner": "Conduct",
        "stage": "Completed",
        "ea1": "G70P01",
        "ea2": "Gauteng South"
      }
    },
    {
      "attributes": {
        "owner": "Conduct",
        "stage": "Completed",
        "ea1": "G70P01",
        "ea2": "Gauteng South"
      }
    },
    {
      "attributes": {
        "owner": "Conduct",
        "stage": "Completed",
        "ea1": "G70P01",
        "ea2": "Gauteng South"
      }
    },
    {
      "attributes": {
        "owner": "Conduct",
        "stage": "Completed",
        "ea1": "G70P01",
        "ea2": "Gauteng South"
      }
    },
    {
      "attributes": {
        "owner": "Conduct",
        "stage": "Completed",
        "ea1": "G70P01",
        "ea2": "Gauteng South"
      }
    },
    {
      "attributes": {
        "owner": "Conduct",
        "stage": "Completed",
        "ea1": "G70P01",
        "ea2": "Gauteng South"
      }
    },
    {
      "attributes": {
        "owner": "Conduct",
        "stage": "Completed",
        "ea1": "G70P01",
        "ea2": "Gauteng South"
      }
    },
    {
      "attributes": {
        "owner": "Conduct",
        "stage": "Completed",
        "ea1": "G70P01",
        "ea2": "Gauteng South"
      }
    },
    {
      "attributes": {
        "owner": "Conduct",
        "stage": "Completed",
        "ea1": "G70P01",
        "ea2": "Gauteng South"
      }
    },
    {
      "attributes": {
        "owner": "Conduct",
        "stage": "Completed",
        "ea1": "G70P01",
        "ea2": "Gauteng South"
      }
    },
    {
      "attributes": {
        "owner": "Conduct",
        "stage": "Completed",
        "ea1": "G70P01",
        "ea2": "Gauteng South"
      }
    },
    {
      "attributes": {
        "owner": "Conduct",
        "stage": "Completed",
        "ea1": "G70P01",
        "ea2": "Gauteng South"
      }
    },
    {
      "attributes": {
        "owner": "Conduct",
        "stage": "Completed",
        "ea1": "G70P01",
        "ea2": "Gauteng South"
      }
    },
    {
      "attributes": {
        "owner": "Conduct",
        "stage": "Completed",
        "ea1": "G70P01",
        "ea2": "Gauteng South"
      }
    },
    {
      "attributes": {
        "owner": "Conduct",
        "stage": "Completed",
        "ea1": "G70P01",
        "ea2": "Gauteng South"
      }
    },
    {
      "attributes": {
        "owner": "Conduct",
        "stage": "Completed",
        "ea1": "G70P01",
        "ea2": "Gauteng South"
      }
    },
    {
      "attributes": {
        "owner": "Conduct",
        "stage": "Completed",
        "ea1": "AS13625GHFRI008",
        "ea2": "Gauteng South"
      }
    },
    {
      "attributes": {
        "owner": "Conduct",
        "stage": "Completed",
        "ea1": "G70P01",
        "ea2": "Gauteng South"
      }
    },
    {
      "attributes": {
        "owner": "Conduct",
        "stage": "Completed",
        "ea1": "G70P01",
        "ea2": "Gauteng South"
      }
    },
    {
      "attributes": {
        "owner": "Conduct",
        "stage": "Completed",
        "ea1": "G70P01",
        "ea2": "Gauteng South"
      }
    },
    {
      "attributes": {
        "owner": "Conduct",
        "stage": "Completed",
        "ea1": "G70P01",
        "ea2": "Gauteng South"
      }
    },
    {
      "attributes": {
        "owner": "Conduct",
        "stage": "Construction",
        "ea1": "AS13708BH004086",
        "ea2": "Northern Region"
      }
    },
    {
      "attributes": {
        "owner": "Conduct",
        "stage": "Construction",
        "ea1": "AS13708BH004093",
        "ea2": "Northern Region"
      }
    },
    {
      "attributes": {
        "owner": "Conduct",
        "stage": "Construction",
        "ea1": "none",
        "ea2": "Northern Region"
      }
    },
    {
      "attributes": {
        "owner": "Conduct",
        "stage": "Completed",
        "ea1": "AS13945BA345051",
        "ea2": "Northern Region"
      }
    },
    {
      "attributes": {
        "owner": "Conduct",
        "stage": "Construction",
        "ea1": "none",
        "ea2": "Northern Region"
      }
    },
    {
      "attributes": {
        "owner": "Conduct",
        "stage": "Completed",
        "ea1": "AS13945BA345051",
        "ea2": "Northern Region"
      }
    },
    {
      "attributes": {
        "owner": "Conduct",
        "stage": "Construction",
        "ea1": "none",
        "ea2": "none"
      }
    },
    {
      "attributes": {
        "owner": "Conduct",
        "stage": "Completed",
        "ea1": "none",
        "ea2": "Northern Region"
      }
    },
    {
      "attributes": {
        "owner": "Conduct",
        "stage": "Construction",
        "ea1": "AS13938BH340127 ",
        "ea2": "Northern Region"
      }
    },
    {
      "attributes": {
        "owner": "Conduct",
        "stage": "Construction",
        "ea1": "AS13938GH070803 ",
        "ea2": "Northern Region"
      }
    },
    {
      "attributes": {
        "owner": "Conduct",
        "stage": "Completed",
        "ea1": "AS13945BA345051",
        "ea2": "Northern Region"
      }
    },
    {
      "attributes": {
        "owner": "Conduct",
        "stage": "Construction",
        "ea1": "none",
        "ea2": "Northern Region"
      }
    },
    {
      "attributes": {
        "owner": "Conduct",
        "stage": "Construction",
        "ea1": "none",
        "ea2": "none"
      }
    },
    {
      "attributes": {
        "owner": "Conduct",
        "stage": "Construction",
        "ea1": "",
        "ea2": "none"
      }
    },
    {
      "attributes": {
        "owner": "Conduct",
        "stage": "Construction",
        "ea1": "",
        "ea2": "none"
      }
    },
    {
      "attributes": {
        "owner": "Conduct",
        "stage": "Completed",
        "ea1": " ",
        "ea2": "Western Region"
      }
    },
    {
      "attributes": {
        "owner": "Conduct",
        "stage": "Completed",
        "ea1": "AS11870WH281134",
        "ea2": "Western Region"
      }
    },
    {
      "attributes": {
        "owner": "Conduct",
        "stage": "Construction",
        "ea1": "AS14112BH301661",
        "ea2": "Northern Region"
      }
    },
    {
      "attributes": {
        "owner": "Conduct",
        "stage": "Completed",
        "ea1": "W70P09",
        "ea2": "Western Region"
      }
    },
    {
      "attributes": {
        "owner": "Conduct",
        "stage": "Completed",
        "ea1": "W70P08",
        "ea2": "Western Region"
      }
    },
    {
      "attributes": {
        "owner": "Conduct",
        "stage": "Completed",
        "ea1": "W70P07",
        "ea2": "Western Region"
      }
    },
    {
      "attributes": {
        "owner": "Conduct",
        "stage": "Completed",
        "ea1": "W70P11",
        "ea2": "Western Region"
      }
    },
    {
      "attributes": {
        "owner": "Conduct",
        "stage": "Construction",
        "ea1": " ",
        "ea2": "Northern Region"
      }
    },
    {
      "attributes": {
        "owner": "Conduct",
        "stage": "Construction",
        "ea1": "AS14414BA345056",
        "ea2": "Northern Region"
      }
    },
    {
      "attributes": {
        "owner": "Conduct",
        "stage": "Construction",
        "ea1": " ",
        "ea2": "Northern Region"
      }
    },
    {
      "attributes": {
        "owner": "Conduct",
        "stage": "Construction",
        "ea1": " ",
        "ea2": "Northern Region"
      }
    },
    {
      "attributes": {
        "owner": "Conduct",
        "stage": "Construction",
        "ea1": " ",
        "ea2": "Northern Region"
      }
    },
    {
      "attributes": {
        "owner": "Conduct",
        "stage": "Construction",
        "ea1": " ",
        "ea2": "Northern Region"
      }
    },
    {
      "attributes": {
        "owner": "Conduct",
        "stage": "Construction",
        "ea1": " ",
        "ea2": "Northern Region"
      }
    },
    {
      "attributes": {
        "owner": "Conduct",
        "stage": "Construction",
        "ea1": " ",
        "ea2": "Northern Region"
      }
    },
    {
      "attributes": {
        "owner": "Conduct",
        "stage": "Construction",
        "ea1": " ",
        "ea2": "Northern Region"
      }
    },
    {
      "attributes": {
        "owner": "Conduct",
        "stage": "Construction",
        "ea1": " ",
        "ea2": "Northern Region"
      }
    },
    {
      "attributes": {
        "owner": "Conduct",
        "stage": "Construction",
        "ea1": " ",
        "ea2": "Northern Region"
      }
    },
    {
      "attributes": {
        "owner": "Conduct",
        "stage": "Construction",
        "ea1": " ",
        "ea2": "Northern Region"
      }
    },
    {
      "attributes": {
        "owner": "Conduct",
        "stage": "Construction",
        "ea1": " ",
        "ea2": "Northern Region"
      }
    },
    {
      "attributes": {
        "owner": "Conduct",
        "stage": "Construction",
        "ea1": " ",
        "ea2": "Northern Region"
      }
    },
    {
      "attributes": {
        "owner": "Conduct",
        "stage": "Construction",
        "ea1": " ",
        "ea2": "Northern Region"
      }
    },
    {
      "attributes": {
        "owner": "Conduct",
        "stage": "Construction",
        "ea1": " ",
        "ea2": "Northern Region"
      }
    },
    {
      "attributes": {
        "owner": "Conduct",
        "stage": "Construction",
        "ea1": " ",
        "ea2": "Northern Region"
      }
    },
    {
      "attributes": {
        "owner": "Conduct",
        "stage": "Construction",
        "ea1": " ",
        "ea2": "Northern Region"
      }
    },
    {
      "attributes": {
        "owner": "Conduct",
        "stage": "Construction",
        "ea1": "NB70P11",
        "ea2": "Northern Region"
      }
    },
    {
      "attributes": {
        "owner": "Conduct",
        "stage": "Construction",
        "ea1": " ",
        "ea2": "Northern Region"
      }
    },
    {
      "attributes": {
        "owner": "Conduct",
        "stage": "Construction",
        "ea1": " ",
        "ea2": "Northern Region"
      }
    },
    {
      "attributes": {
        "owner": "Conduct",
        "stage": "Construction",
        "ea1": " ",
        "ea2": "Northern Region"
      }
    },
    {
      "attributes": {
        "owner": "Conduct",
        "stage": "Construction",
        "ea1": " ",
        "ea2": "Northern Region"
      }
    },
    {
      "attributes": {
        "owner": "Conduct",
        "stage": "Construction",
        "ea1": " ",
        "ea2": "Northern Region"
      }
    },
    {
      "attributes": {
        "owner": "Conduct",
        "stage": "Construction",
        "ea1": "NB70P11",
        "ea2": "Northern Region"
      }
    },
    {
      "attributes": {
        "owner": "Conduct",
        "stage": "Construction",
        "ea1": "NB70P11",
        "ea2": "Northern Region"
      }
    },
    {
      "attributes": {
        "owner": "Conduct",
        "stage": "Construction",
        "ea1": " ",
        "ea2": "Northern Region"
      }
    },
    {
      "attributes": {
        "owner": "Conduct",
        "stage": "Construction",
        "ea1": "NB70P11",
        "ea2": "Northern Region"
      }
    },
    {
      "attributes": {
        "owner": "Conduct",
        "stage": "Construction",
        "ea1": "NB70P11",
        "ea2": "Northern Region"
      }
    },
    {
      "attributes": {
        "owner": "Conduct",
        "stage": "Construction",
        "ea1": "NB70P11",
        "ea2": "Northern Region"
      }
    },
    {
      "attributes": {
        "owner": "Conduct",
        "stage": "Construction",
        "ea1": "NB70P11",
        "ea2": "Northern Region"
      }
    },
    {
      "attributes": {
        "owner": "Conduct",
        "stage": "Construction",
        "ea1": "NB70P11",
        "ea2": "Northern Region"
      }
    },
    {
      "attributes": {
        "owner": "Conduct",
        "stage": "Construction",
        "ea1": "NB70P11",
        "ea2": "Northern Region"
      }
    },
    {
      "attributes": {
        "owner": "Conduct",
        "stage": "Construction",
        "ea1": "AS14112BH301661",
        "ea2": "Northern Region"
      }
    },
    {
      "attributes": {
        "owner": "Conduct",
        "stage": "Construction",
        "ea1": "AS14112BH301661",
        "ea2": "Northern Region"
      }
    },
    {
      "attributes": {
        "owner": "Conduct",
        "stage": "Construction",
        "ea1": "NB70P06",
        "ea2": "Northern Region"
      }
    },
    {
      "attributes": {
        "owner": "Conduct",
        "stage": "Construction",
        "ea1": "NB70P06",
        "ea2": "Northern Region"
      }
    },
    {
      "attributes": {
        "owner": "Conduct",
        "stage": "Construction",
        "ea1": "NB70P06",
        "ea2": "Northern Region"
      }
    },
    {
      "attributes": {
        "owner": "Conduct",
        "stage": "Construction",
        "ea1": "none",
        "ea2": "Northern Region"
      }
    },
    {
      "attributes": {
        "owner": "Conduct",
        "stage": "Construction",
        "ea1": "none",
        "ea2": "Northern Region"
      }
    },
    {
      "attributes": {
        "owner": "Conduct",
        "stage": "Construction",
        "ea1": "none",
        "ea2": "Northern Region"
      }
    },
    {
      "attributes": {
        "owner": "Conduct",
        "stage": "Construction",
        "ea1": "none",
        "ea2": "Northern Region"
      }
    },
    {
      "attributes": {
        "owner": "Conduct",
        "stage": "Completed",
        "ea1": "W70P07",
        "ea2": "Western Region"
      }
    },
    {
      "attributes": {
        "owner": "Conduct",
        "stage": "Completed",
        "ea1": "W70P07",
        "ea2": "Western Region"
      }
    },
    {
      "attributes": {
        "owner": "Conduct",
        "stage": "Completed",
        "ea1": "W70P07",
        "ea2": "Western Region"
      }
    },
    {
      "attributes": {
        "owner": "Conduct",
        "stage": "Completed",
        "ea1": "W70P10",
        "ea2": "Western Region"
      }
    },
    {
      "attributes": {
        "owner": "Conduct",
        "stage": "Completed",
        "ea1": "W50P94",
        "ea2": "Western Region"
      }
    },
    {
      "attributes": {
        "owner": "Conduct",
        "stage": "Completed",
        "ea1": "W70P12",
        "ea2": "Western Region"
      }
    },
    {
      "attributes": {
        "owner": "Conduct",
        "stage": "Completed",
        "ea1": "W70P12",
        "ea2": "Western Region"
      }
    },
    {
      "attributes": {
        "owner": "Conduct",
        "stage": "Completed",
        "ea1": "W70P12",
        "ea2": "Western Region"
      }
    },
    {
      "attributes": {
        "owner": "Conduct",
        "stage": "Completed",
        "ea1": "W70P12",
        "ea2": "Western Region"
      }
    },
    {
      "attributes": {
        "owner": "Conduct",
        "stage": "Completed",
        "ea1": "W70P12",
        "ea2": "Western Region"
      }
    },
    {
      "attributes": {
        "owner": "Conduct",
        "stage": "Completed",
        "ea1": "W70P12",
        "ea2": "Western Region"
      }
    },
    {
      "attributes": {
        "owner": "Conduct",
        "stage": "Completed",
        "ea1": "W70P12",
        "ea2": "Western Region"
      }
    },
    {
      "attributes": {
        "owner": "Conduct",
        "stage": "Construction",
        "ea1": "NB70P12",
        "ea2": "Northern Region"
      }
    },
    {
      "attributes": {
        "owner": "Conduct",
        "stage": "Completed",
        "ea1": "NB70P12",
        "ea2": "Northern Region"
      }
    },
    {
      "attributes": {
        "owner": "Conduct",
        "stage": "Completed",
        "ea1": "NB70P12",
        "ea2": "Northern Region"
      }
    },
    {
      "attributes": {
        "owner": "Conduct",
        "stage": "Completed",
        "ea1": "NB70P12",
        "ea2": "Northern Region"
      }
    },
    {
      "attributes": {
        "owner": "Conduct",
        "stage": "Completed",
        "ea1": "NB70P12",
        "ea2": "Northern Region"
      }
    },
    {
      "attributes": {
        "owner": "Conduct",
        "stage": "Completed",
        "ea1": "NB70P12",
        "ea2": "Northern Region"
      }
    },
    {
      "attributes": {
        "owner": "Conduct",
        "stage": "Completed",
        "ea1": "NB70P12",
        "ea2": "Northern Region"
      }
    },
    {
      "attributes": {
        "owner": "Conduct",
        "stage": "Construction",
        "ea1": "NB70P12",
        "ea2": "Northern Region"
      }
    },
    {
      "attributes": {
        "owner": "Conduct",
        "stage": "Construction",
        "ea1": "NB70P12",
        "ea2": "Northern Region"
      }
    },
    {
      "attributes": {
        "owner": "Conduct",
        "stage": "Completed",
        "ea1": "NB70P13",
        "ea2": "Northern Region"
      }
    },
    {
      "attributes": {
        "owner": "Conduct",
        "stage": "Construction",
        "ea1": "NB70P13",
        "ea2": "Northern Region"
      }
    },
    {
      "attributes": {
        "owner": "Conduct",
        "stage": "Completed",
        "ea1": "NB70P13",
        "ea2": "Northern Region"
      }
    },
    {
      "attributes": {
        "owner": "Conduct",
        "stage": "Construction",
        "ea1": "AS15842BA345005",
        "ea2": "Northern Region"
      }
    },
    {
      "attributes": {
        "owner": "Conduct",
        "stage": "Construction",
        "ea1": "AS15842GA345006",
        "ea2": "Northern Region"
      }
    },
    {
      "attributes": {
        "owner": "Conduct",
        "stage": "Completed",
        "ea1": "AS15841BH003572",
        "ea2": "Northern Region"
      }
    },
    {
      "attributes": {
        "owner": "Conduct",
        "stage": "Construction",
        "ea1": "AS15841BH003572",
        "ea2": "Northern Region"
      }
    },
    {
      "attributes": {
        "owner": "Conduct",
        "stage": "Construction",
        "ea1": "AS16512BH300050",
        "ea2": "Northern Region"
      }
    },
    {
      "attributes": {
        "owner": "Conduct",
        "stage": "Construction",
        "ea1": "AS16512BH300049",
        "ea2": "Northern Region"
      }
    },
    {
      "attributes": {
        "owner": "Conduct",
        "stage": "Completed",
        "ea1": "AS16339WHWST036",
        "ea2": "Western Region"
      }
    },
    {
      "attributes": {
        "owner": "Conduct",
        "stage": "Completed",
        "ea1": "AS16339WHWST037",
        "ea2": "Western Region"
      }
    },
    {
      "attributes": {
        "owner": "Conduct",
        "stage": "Completed",
        "ea1": "AS16590WHWST024",
        "ea2": "Western Region"
      }
    },
    {
      "attributes": {
        "owner": "Conduct",
        "stage": "Completed",
        "ea1": "AS16590WHWST025",
        "ea2": "Western Region"
      }
    },
    {
      "attributes": {
        "owner": "Conduct",
        "stage": "Completed",
        "ea1": "AS15673WHSTN007",
        "ea2": "Western Region"
      }
    },
    {
      "attributes": {
        "owner": "Conduct",
        "stage": "Completed",
        "ea1": "AS13392WHWST005",
        "ea2": "Western Region"
      }
    },
    {
      "attributes": {
        "owner": "Conduct",
        "stage": "Completed",
        "ea1": "AS13392WHWST006",
        "ea2": "Western Region"
      }
    },
    {
      "attributes": {
        "owner": "Conduct",
        "stage": "Construction",
        "ea1": "AS13547BH004091 ",
        "ea2": "Northern Region"
      }
    },
    {
      "attributes": {
        "owner": "Conduct",
        "stage": "Completed",
        "ea1": "AS14529WH283126",
        "ea2": "Western Region"
      }
    },
    {
      "attributes": {
        "owner": "Conduct",
        "stage": "Completed",
        "ea1": "AS14529WH283125",
        "ea2": "Western Region"
      }
    },
    {
      "attributes": {
        "owner": "Conduct",
        "stage": "Completed",
        "ea1": "AS14529WH283113",
        "ea2": "Western Region"
      }
    },
    {
      "attributes": {
        "owner": "Conduct",
        "stage": "Construction",
        "ea1": " ",
        "ea2": "Western Region"
      }
    },
    {
      "attributes": {
        "owner": "Conduct",
        "stage": "Completed",
        "ea1": " ",
        "ea2": "Western Region"
      }
    },
    {
      "attributes": {
        "owner": "Conduct",
        "stage": "Completed",
        "ea1": " ",
        "ea2": "Western Region"
      }
    },
    {
      "attributes": {
        "owner": "Conduct",
        "stage": "Completed",
        "ea1": "AS16055WSTN002",
        "ea2": "Western Region"
      }
    },
    {
      "attributes": {
        "owner": "Conduct",
        "stage": "Completed",
        "ea1": "W70P07",
        "ea2": "Western Region"
      }
    },
    {
      "attributes": {
        "owner": "Conduct",
        "stage": "Construction",
        "ea1": "AS17789BH345327 ",
        "ea2": "Northern Region"
      }
    },
    {
      "attributes": {
        "owner": "Conduct",
        "stage": "Construction",
        "ea1": " ",
        "ea2": "Northern Region"
      }
    },
    {
      "attributes": {
        "owner": "Conduct",
        "stage": "Construction",
        "ea1": " ",
        "ea2": "Northern Region"
      }
    },
    {
      "attributes": {
        "owner": "Conduct",
        "stage": "Construction",
        "ea1": " ",
        "ea2": "Northern Region"
      }
    },
    {
      "attributes": {
        "owner": "Conduct",
        "stage": "Completed",
        "ea1": "none",
        "ea2": "Northern Region"
      }
    },
    {
      "attributes": {
        "owner": "Conduct",
        "stage": "Completed",
        "ea1": "none",
        "ea2": "Northern Region"
      }
    },
    {
      "attributes": {
        "owner": "Conduct",
        "stage": "Completed",
        "ea1": "W70P07",
        "ea2": "Western Region"
      }
    },
    {
      "attributes": {
        "owner": "Conduct",
        "stage": "Completed",
        "ea1": "W70P07",
        "ea2": "Western Region"
      }
    },
    {
      "attributes": {
        "owner": "Conduct",
        "stage": "Completed",
        "ea1": "W70P07",
        "ea2": "Western Region"
      }
    },
    {
      "attributes": {
        "owner": "Conduct",
        "stage": "Completed",
        "ea1": "W70P10",
        "ea2": "Western Region"
      }
    },
    {
      "attributes": {
        "owner": "Conduct",
        "stage": "Completed",
        "ea1": "W70P10",
        "ea2": "Western Region"
      }
    },
    {
      "attributes": {
        "owner": "Conduct",
        "stage": "Completed",
        "ea1": "W70P07",
        "ea2": "Western Region"
      }
    },
    {
      "attributes": {
        "owner": "Conduct",
        "stage": "Completed",
        "ea1": "W70P07",
        "ea2": "Western Region"
      }
    },
    {
      "attributes": {
        "owner": "Conduct",
        "stage": "Completed",
        "ea1": "W70P07",
        "ea2": "Western Region"
      }
    },
    {
      "attributes": {
        "owner": "Conduct",
        "stage": "Completed",
        "ea1": "W70P07",
        "ea2": "Western Region"
      }
    },
    {
      "attributes": {
        "owner": "Conduct",
        "stage": "Completed",
        "ea1": "W70P07",
        "ea2": "Western Region"
      }
    },
    {
      "attributes": {
        "owner": "Conduct",
        "stage": "Completed",
        "ea1": "W70P07",
        "ea2": "Western Region"
      }
    },
    {
      "attributes": {
        "owner": "Conduct",
        "stage": "Completed",
        "ea1": "W70P07",
        "ea2": "Western Region"
      }
    },
    {
      "attributes": {
        "owner": "Conduct",
        "stage": "Completed",
        "ea1": "W70P07",
        "ea2": "Western Region"
      }
    },
    {
      "attributes": {
        "owner": "Conduct",
        "stage": "Completed",
        "ea1": "W70P07",
        "ea2": "Western Region"
      }
    },
    {
      "attributes": {
        "owner": "Conduct",
        "stage": "Completed",
        "ea1": "W70P07",
        "ea2": "Western Region"
      }
    },
    {
      "attributes": {
        "owner": "Conduct",
        "stage": "Completed",
        "ea1": "W70P07",
        "ea2": "Western Region"
      }
    },
    {
      "attributes": {
        "owner": "Conduct",
        "stage": "Completed",
        "ea1": "W70P07",
        "ea2": "Western Region"
      }
    },
    {
      "attributes": {
        "owner": "Conduct",
        "stage": "Completed",
        "ea1": "W70P07",
        "ea2": "Western Region"
      }
    },
    {
      "attributes": {
        "owner": "Conduct",
        "stage": "Completed",
        "ea1": "W70P12",
        "ea2": "Western Region"
      }
    },
    {
      "attributes": {
        "owner": "Conduct",
        "stage": "Completed",
        "ea1": "W70P07",
        "ea2": "Western Region"
      }
    },
    {
      "attributes": {
        "owner": "Conduct",
        "stage": "Completed",
        "ea1": "W70P07",
        "ea2": "Western Region"
      }
    },
    {
      "attributes": {
        "owner": "Conduct",
        "stage": "Completed",
        "ea1": "W70P07",
        "ea2": "Western Region"
      }
    },
    {
      "attributes": {
        "owner": "Conduct",
        "stage": "Completed",
        "ea1": "W70P07",
        "ea2": "Western Region"
      }
    },
    {
      "attributes": {
        "owner": "Conduct",
        "stage": "Completed",
        "ea1": "W70P07",
        "ea2": "Western Region"
      }
    },
    {
      "attributes": {
        "owner": "Conduct",
        "stage": "Completed",
        "ea1": "W70P09",
        "ea2": "Western Region"
      }
    },
    {
      "attributes": {
        "owner": "Conduct",
        "stage": "Completed",
        "ea1": "W70P07",
        "ea2": "Western Region"
      }
    },
    {
      "attributes": {
        "owner": "Conduct",
        "stage": "Completed",
        "ea1": "W70P07",
        "ea2": "Western Region"
      }
    },
    {
      "attributes": {
        "owner": "Conduct",
        "stage": "Completed",
        "ea1": "W70P07",
        "ea2": "Western Region"
      }
    },
    {
      "attributes": {
        "owner": "Conduct",
        "stage": "Construction",
        "ea1": "AS18824BH020320 ",
        "ea2": "Northern Region"
      }
    },
    {
      "attributes": {
        "owner": "Conduct",
        "stage": "Construction",
        "ea1": "AS18824BH020320 ",
        "ea2": "Northern Region"
      }
    },
    {
      "attributes": {
        "owner": "Conduct",
        "stage": "Construction",
        "ea1": " AS18859BH020320  ",
        "ea2": "Northern Region"
      }
    },
    {
      "attributes": {
        "owner": "Conduct",
        "stage": "Construction",
        "ea1": "AS18859BH020320  ",
        "ea2": "Northern Region"
      }
    },
    {
      "attributes": {
        "owner": "Conduct",
        "stage": "Completed",
        "ea1": "none",
        "ea2": "Northern Region"
      }
    },
    {
      "attributes": {
        "owner": "Conduct",
        "stage": "Construction",
        "ea1": "AS18865BH003573 ",
        "ea2": "Northern Region"
      }
    },
    {
      "attributes": {
        "owner": "Conduct",
        "stage": "Completed",
        "ea1": "AS04048BH02117a",
        "ea2": "Northern Region"
      }
    },
    {
      "attributes": {
        "owner": "Conduct",
        "stage": "Construction",
        "ea1": "265 West Avenue",
        "ea2": "none"
      }
    },
    {
      "attributes": {
        "owner": "Conduct",
        "stage": "Construction",
        "ea1": "AS18997BH002114 ",
        "ea2": "none"
      }
    },
    {
      "attributes": {
        "owner": "Conduct",
        "stage": "Construction",
        "ea1": "AS18997BH002114 ",
        "ea2": "none"
      }
    },
    {
      "attributes": {
        "owner": "Conduct",
        "stage": "Construction",
        "ea1": "AS18997BH002114 ",
        "ea2": "none"
      }
    },
    {
      "attributes": {
        "owner": "Conduct",
        "stage": "Construction",
        "ea1": "AS19003BH020318 ",
        "ea2": "Northern Region"
      }
    },
    {
      "attributes": {
        "owner": "Conduct",
        "stage": "Construction",
        "ea1": "AS19003BH020318 ",
        "ea2": "Northern Region"
      }
    },
    {
      "attributes": {
        "owner": "Conduct",
        "stage": "Construction",
        "ea1": "AS19003BH020318 ",
        "ea2": "Northern Region"
      }
    },
    {
      "attributes": {
        "owner": "Conduct",
        "stage": "Construction",
        "ea1": "AS19038BH000711",
        "ea2": "none"
      }
    },
    {
      "attributes": {
        "owner": "Conduct",
        "stage": "Construction",
        "ea1": "AS19038BH000711",
        "ea2": "none"
      }
    },
    {
      "attributes": {
        "owner": "Conduct",
        "stage": "Construction",
        "ea1": "AS19038BH000711",
        "ea2": "none"
      }
    },
    {
      "attributes": {
        "owner": "Conduct",
        "stage": "Construction",
        "ea1": "AS19038BH000711",
        "ea2": "none"
      }
    },
    {
      "attributes": {
        "owner": "Conduct",
        "stage": "Construction",
        "ea1": "AS19038BH000711",
        "ea2": "none"
      }
    },
    {
      "attributes": {
        "owner": "Conduct",
        "stage": "Construction",
        "ea1": "AS19038BH000711",
        "ea2": "none"
      }
    },
    {
      "attributes": {
        "owner": "Conduct",
        "stage": "Construction",
        "ea1": "AS19038BH000711",
        "ea2": "none"
      }
    },
    {
      "attributes": {
        "owner": "Conduct",
        "stage": "Construction",
        "ea1": "AS19038BH000711",
        "ea2": "none"
      }
    },
    {
      "attributes": {
        "owner": "Conduct",
        "stage": "Construction",
        "ea1": "AS19038BH000711",
        "ea2": "none"
      }
    },
    {
      "attributes": {
        "owner": "Conduct",
        "stage": "Construction",
        "ea1": "AS19038BH000711",
        "ea2": "none"
      }
    },
    {
      "attributes": {
        "owner": "Conduct",
        "stage": "Construction",
        "ea1": "AS19038BH000711",
        "ea2": "none"
      }
    },
    {
      "attributes": {
        "owner": "Conduct",
        "stage": "Construction",
        "ea1": "AS19038BH000711",
        "ea2": "none"
      }
    },
    {
      "attributes": {
        "owner": "Conduct",
        "stage": "Construction",
        "ea1": "AS19038BH000711",
        "ea2": "none"
      }
    },
    {
      "attributes": {
        "owner": "Conduct",
        "stage": "Construction",
        "ea1": "AS19038BH000711",
        "ea2": "none"
      }
    },
    {
      "attributes": {
        "owner": "Conduct",
        "stage": "Construction",
        "ea1": "AS19041GH021466",
        "ea2": "none"
      }
    },
    {
      "attributes": {
        "owner": "Conduct",
        "stage": "Construction",
        "ea1": "AS19041GH021466",
        "ea2": "none"
      }
    },
    {
      "attributes": {
        "owner": "Conduct",
        "stage": "Construction",
        "ea1": "NB70P11",
        "ea2": "Northern Region"
      }
    },
    {
      "attributes": {
        "owner": "Conduct",
        "stage": "Construction",
        "ea1": "NB70P11",
        "ea2": "Northern Region"
      }
    },
    {
      "attributes": {
        "owner": "Conduct",
        "stage": "Construction",
        "ea1": "AS19181BH020318",
        "ea2": "none"
      }
    },
    {
      "attributes": {
        "owner": "Conduct",
        "stage": "Construction",
        "ea1": "AS19181BH020318",
        "ea2": "none"
      }
    },
    {
      "attributes": {
        "owner": "Conduct",
        "stage": "Construction",
        "ea1": "AS19199BH346870 ",
        "ea2": "none"
      }
    },
    {
      "attributes": {
        "owner": "Conduct",
        "stage": "Construction",
        "ea1": "AS19199BH346870 ",
        "ea2": "none"
      }
    },
    {
      "attributes": {
        "owner": "Conduct",
        "stage": "Construction",
        "ea1": "AS19199BH346870 ",
        "ea2": "none"
      }
    },
    {
      "attributes": {
        "owner": "Conduct",
        "stage": "Construction",
        "ea1": "AS19199BH346870 ",
        "ea2": "none"
      }
    },
    {
      "attributes": {
        "owner": "Conduct",
        "stage": "Construction",
        "ea1": "AS19199BH346870 ",
        "ea2": "none"
      }
    },
    {
      "attributes": {
        "owner": "Conduct",
        "stage": "Construction",
        "ea1": "AS19199BH346870 ",
        "ea2": "none"
      }
    },
    {
      "attributes": {
        "owner": "Conduct",
        "stage": "Construction",
        "ea1": "AS19199BH346870 ",
        "ea2": "none"
      }
    },
    {
      "attributes": {
        "owner": "Conduct",
        "stage": "Construction",
        "ea1": "AS19199BH346870 ",
        "ea2": "none"
      }
    },
    {
      "attributes": {
        "owner": "Conduct",
        "stage": "Construction",
        "ea1": " ",
        "ea2": "Northern Region"
      }
    },
    {
      "attributes": {
        "owner": "Conduct",
        "stage": "Construction",
        "ea1": "AS19274BH021463 ",
        "ea2": "none"
      }
    },
    {
      "attributes": {
        "owner": "Conduct",
        "stage": "Construction",
        "ea1": "AS19274BH021463 ",
        "ea2": "none"
      }
    },
    {
      "attributes": {
        "owner": "Conduct",
        "stage": "Completed",
        "ea1": "NB70P12",
        "ea2": "Northern Region"
      }
    },
    {
      "attributes": {
        "owner": "Conduct",
        "stage": "Completed",
        "ea1": "NB70P12",
        "ea2": "Northern Region"
      }
    },
    {
      "attributes": {
        "owner": "Conduct",
        "stage": "Construction",
        "ea1": "AS19299BH024102",
        "ea2": "none"
      }
    },
    {
      "attributes": {
        "owner": "Conduct",
        "stage": "Construction",
        "ea1": "AS19299BH024102",
        "ea2": "none"
      }
    },
    {
      "attributes": {
        "owner": "Conduct",
        "stage": "Construction",
        "ea1": "NB70P11",
        "ea2": "Northern Region"
      }
    },
    {
      "attributes": {
        "owner": "Conduct",
        "stage": "Construction",
        "ea1": "NB70P11",
        "ea2": "Northern Region"
      }
    },
    {
      "attributes": {
        "owner": "Conduct",
        "stage": "Construction",
        "ea1": " ",
        "ea2": "Northern Region"
      }
    },
    {
      "attributes": {
        "owner": "Conduct",
        "stage": "Construction",
        "ea1": " ",
        "ea2": "Northern Region"
      }
    },
    {
      "attributes": {
        "owner": "Conduct",
        "stage": "Construction",
        "ea1": " ",
        "ea2": "Northern Region"
      }
    },
    {
      "attributes": {
        "owner": "Conduct",
        "stage": "Completed",
        "ea1": "NB70P12",
        "ea2": "Northern Region"
      }
    },
    {
      "attributes": {
        "owner": "Conduct",
        "stage": "Completed",
        "ea1": "NB70P12",
        "ea2": "Northern Region"
      }
    },
    {
      "attributes": {
        "owner": "Conduct",
        "stage": "Construction",
        "ea1": "AS19417BH024101",
        "ea2": "none"
      }
    },
    {
      "attributes": {
        "owner": "Conduct",
        "stage": "Construction",
        "ea1": "AS19417BH024101",
        "ea2": "none"
      }
    },
    {
      "attributes": {
        "owner": "Conduct",
        "stage": "Completed",
        "ea1": "NB70P12",
        "ea2": "Northern Region"
      }
    },
    {
      "attributes": {
        "owner": "Conduct",
        "stage": "Completed",
        "ea1": "NB70P12",
        "ea2": "Northern Region"
      }
    },
    {
      "attributes": {
        "owner": "Conduct",
        "stage": "Completed",
        "ea1": "NB70P12",
        "ea2": "Northern Region"
      }
    },
    {
      "attributes": {
        "owner": "Conduct",
        "stage": "Completed",
        "ea1": "AS19433BH021462 ",
        "ea2": "none"
      }
    },
    {
      "attributes": {
        "owner": "Conduct",
        "stage": "Completed",
        "ea1": "AS19433BH021462",
        "ea2": "none"
      }
    },
    {
      "attributes": {
        "owner": "Conduct",
        "stage": "Construction",
        "ea1": "AS19450BH004083 ",
        "ea2": "none"
      }
    },
    {
      "attributes": {
        "owner": "Conduct",
        "stage": "Construction",
        "ea1": "AS19450BH004083 ",
        "ea2": "none"
      }
    },
    {
      "attributes": {
        "owner": "Conduct",
        "stage": "Construction",
        "ea1": "AS19450BH004083 ",
        "ea2": "none"
      }
    },
    {
      "attributes": {
        "owner": "Conduct",
        "stage": "Construction",
        "ea1": "AS19450BH004083 ",
        "ea2": "none"
      }
    },
    {
      "attributes": {
        "owner": "Conduct",
        "stage": "Construction",
        "ea1": "AS19450BH004083 ",
        "ea2": "none"
      }
    },
    {
      "attributes": {
        "owner": "Conduct",
        "stage": "Construction",
        "ea1": "AS19450BH004083 ",
        "ea2": "none"
      }
    },
    {
      "attributes": {
        "owner": "Conduct",
        "stage": "Construction",
        "ea1": "AS19450BH004083 ",
        "ea2": "none"
      }
    },
    {
      "attributes": {
        "owner": "Conduct",
        "stage": "Construction",
        "ea1": "AS19450BH004083 ",
        "ea2": "none"
      }
    },
    {
      "attributes": {
        "owner": "Conduct",
        "stage": "Construction",
        "ea1": "AS20846BH070721 ",
        "ea2": "Northern Region"
      }
    },
    {
      "attributes": {
        "owner": "Conduct",
        "stage": "Construction",
        "ea1": "AS20846BH070721 ",
        "ea2": "Northern Region"
      }
    },
    {
      "attributes": {
        "owner": "Conduct",
        "stage": "Construction",
        "ea1": "AS20846BH070721 ",
        "ea2": "Northern Region"
      }
    },
    {
      "attributes": {
        "owner": "Conduct",
        "stage": "Construction",
        "ea1": "AS20846BH070721 ",
        "ea2": "Northern Region"
      }
    },
    {
      "attributes": {
        "owner": "Conduct",
        "stage": "Construction",
        "ea1": "AS20846BH070721 ",
        "ea2": "Northern Region"
      }
    },
    {
      "attributes": {
        "owner": "Conduct",
        "stage": "Construction",
        "ea1": "AS20846BH070721 ",
        "ea2": "Northern Region"
      }
    },
    {
      "attributes": {
        "owner": "Conduct",
        "stage": "Construction",
        "ea1": "AS20846BH070721 ",
        "ea2": "Northern Region"
      }
    },
    {
      "attributes": {
        "owner": "Conduct",
        "stage": "Construction",
        "ea1": "AS20846BH070721 ",
        "ea2": "Northern Region"
      }
    },
    {
      "attributes": {
        "owner": "Conduct",
        "stage": "Construction",
        "ea1": "AS20846BH070721 ",
        "ea2": "Northern Region"
      }
    },
    {
      "attributes": {
        "owner": "Conduct",
        "stage": "Construction",
        "ea1": "AS20846BH070721 ",
        "ea2": "Northern Region"
      }
    },
    {
      "attributes": {
        "owner": "Conduct",
        "stage": "Construction",
        "ea1": "AS20846BH070721 ",
        "ea2": "Northern Region"
      }
    },
    {
      "attributes": {
        "owner": "Conduct",
        "stage": "Construction",
        "ea1": "AS20818BH345370 ",
        "ea2": "none"
      }
    },
    {
      "attributes": {
        "owner": "Conduct",
        "stage": "Construction",
        "ea1": "AS20818BH345370",
        "ea2": "none"
      }
    },
    {
      "attributes": {
        "owner": "Conduct",
        "stage": "Completed",
        "ea1": "AS20898BH024102",
        "ea2": "none"
      }
    },
    {
      "attributes": {
        "owner": "Conduct",
        "stage": "Completed",
        "ea1": "AS20898BH024102 ",
        "ea2": "none"
      }
    },
    {
      "attributes": {
        "owner": "Conduct",
        "stage": "Construction",
        "ea1": "AS20955BH000709",
        "ea2": "none"
      }
    },
    {
      "attributes": {
        "owner": "Conduct",
        "stage": "Construction",
        "ea1": "AS20955BH000709 ",
        "ea2": "none"
      }
    },
    {
      "attributes": {
        "owner": "Conduct",
        "stage": "Completed",
        "ea1": "NB70P12",
        "ea2": "Northern Region"
      }
    },
    {
      "attributes": {
        "owner": "Conduct",
        "stage": "Completed",
        "ea1": "NB70P12",
        "ea2": "Northern Region"
      }
    },
    {
      "attributes": {
        "owner": "Conduct",
        "stage": "Completed",
        "ea1": "AS20969BH021463 ",
        "ea2": "Northern Region"
      }
    },
    {
      "attributes": {
        "owner": "Conduct",
        "stage": "Completed",
        "ea1": "AS20969BH021463",
        "ea2": "Northern Region"
      }
    },
    {
      "attributes": {
        "owner": "Conduct",
        "stage": "Construction",
        "ea1": "NB70P13",
        "ea2": "Northern Region"
      }
    },
    {
      "attributes": {
        "owner": "Conduct",
        "stage": "Construction",
        "ea1": "AS21032BH024102 ",
        "ea2": "Northern Region"
      }
    },
    {
      "attributes": {
        "owner": "Conduct",
        "stage": "Construction",
        "ea1": "AS21032BH024102 ",
        "ea2": "Northern Region"
      }
    },
    {
      "attributes": {
        "owner": "Conduct",
        "stage": "Completed",
        "ea1": "NB70P13",
        "ea2": "Northern Region"
      }
    },
    {
      "attributes": {
        "owner": "Conduct",
        "stage": "Construction",
        "ea1": "ENTRY 2",
        "ea2": "Northern Region"
      }
    },
    {
      "attributes": {
        "owner": "Conduct",
        "stage": "Construction",
        "ea1": "AS21044BH021463 ",
        "ea2": "Northern Region"
      }
    },
    {
      "attributes": {
        "owner": "Conduct",
        "stage": "Construction",
        "ea1": "AS21044BH021463 ",
        "ea2": "Northern Region"
      }
    },
    {
      "attributes": {
        "owner": "Conduct",
        "stage": "Completed",
        "ea1": "NB70P13",
        "ea2": "Northern Region"
      }
    },
    {
      "attributes": {
        "owner": "Conduct",
        "stage": "Completed",
        "ea1": "NB70P13",
        "ea2": "Northern Region"
      }
    },
    {
      "attributes": {
        "owner": "Conduct",
        "stage": "Construction",
        "ea1": "AS21046BH021463 ",
        "ea2": "Northern Region"
      }
    },
    {
      "attributes": {
        "owner": "Conduct",
        "stage": "Completed",
        "ea1": "AS21066BH001521",
        "ea2": "none"
      }
    },
    {
      "attributes": {
        "owner": "Conduct",
        "stage": "Completed",
        "ea1": "AS21066BH001521",
        "ea2": "none"
      }
    },
    {
      "attributes": {
        "owner": "Conduct",
        "stage": "Construction",
        "ea1": "AS21056BH021466 ",
        "ea2": "Northern Region"
      }
    },
    {
      "attributes": {
        "owner": "Conduct",
        "stage": "Construction",
        "ea1": "AS21056BH021466 ",
        "ea2": "Northern Region"
      }
    },
    {
      "attributes": {
        "owner": "Conduct",
        "stage": "Construction",
        "ea1": "AS21056BH021466 ",
        "ea2": "Northern Region"
      }
    },
    {
      "attributes": {
        "owner": "Conduct",
        "stage": "Construction",
        "ea1": "AS21119BH000715 ",
        "ea2": "none"
      }
    },
    {
      "attributes": {
        "owner": "Conduct",
        "stage": "Construction",
        "ea1": "AS21119BH000715",
        "ea2": "none"
      }
    },
    {
      "attributes": {
        "owner": "Conduct",
        "stage": "Construction",
        "ea1": "AS21282BH020321 ",
        "ea2": "Northern Region"
      }
    },
    {
      "attributes": {
        "owner": "Conduct",
        "stage": "Construction",
        "ea1": "AS21282BH020321 ",
        "ea2": "Northern Region"
      }
    },
    {
      "attributes": {
        "owner": "Conduct",
        "stage": "Construction",
        "ea1": "AS21315BH000712 ",
        "ea2": "none"
      }
    },
    {
      "attributes": {
        "owner": "Conduct",
        "stage": "Construction",
        "ea1": "AS21315BH000712",
        "ea2": "none"
      }
    },
    {
      "attributes": {
        "owner": "Conduct",
        "stage": "Construction",
        "ea1": "AS21324BH000712 ",
        "ea2": "Northern Region"
      }
    },
    {
      "attributes": {
        "owner": "Conduct",
        "stage": "Construction",
        "ea1": "AS21324BH000712 ",
        "ea2": "Northern Region"
      }
    },
    {
      "attributes": {
        "owner": "Conduct",
        "stage": "Completed",
        "ea1": "AS21412BH000712",
        "ea2": "none"
      }
    },
    {
      "attributes": {
        "owner": "Conduct",
        "stage": "Completed",
        "ea1": "AS21412BH000713 ",
        "ea2": "none"
      }
    },
    {
      "attributes": {
        "owner": "Conduct",
        "stage": "Completed",
        "ea1": "AS21412BH000713 ",
        "ea2": "none"
      }
    },
    {
      "attributes": {
        "owner": "Conduct",
        "stage": "Completed",
        "ea1": "AS21412BH000713 ",
        "ea2": "none"
      }
    },
    {
      "attributes": {
        "owner": "Conduct",
        "stage": "Completed",
        "ea1": "AS21412BH000713 ",
        "ea2": "none"
      }
    },
    {
      "attributes": {
        "owner": "Conduct",
        "stage": "Construction",
        "ea1": " AS17440BH020321  ",
        "ea2": "none"
      }
    },
    {
      "attributes": {
        "owner": "Conduct",
        "stage": "Construction",
        "ea1": " AS17440BH020321  ",
        "ea2": "none"
      }
    },
    {
      "attributes": {
        "owner": "Conduct",
        "stage": "Construction",
        "ea1": "AS21537BH020300 ",
        "ea2": "none"
      }
    },
    {
      "attributes": {
        "owner": "Conduct",
        "stage": "Completed",
        "ea1": "AS21537BH020300 ",
        "ea2": "none"
      }
    },
    {
      "attributes": {
        "owner": "Conduct",
        "stage": "Completed",
        "ea1": "AS21564BH000715 ",
        "ea2": "none"
      }
    },
    {
      "attributes": {
        "owner": "Conduct",
        "stage": "Completed",
        "ea1": "AS21564BH000715 ",
        "ea2": "none"
      }
    },
    {
      "attributes": {
        "owner": "Conduct",
        "stage": "Construction",
        "ea1": "AS21567BH000710",
        "ea2": "Northern Region"
      }
    },
    {
      "attributes": {
        "owner": "Conduct",
        "stage": "Construction",
        "ea1": "AS21567BH000710",
        "ea2": "Northern Region"
      }
    },
    {
      "attributes": {
        "owner": "Conduct",
        "stage": "Completed",
        "ea1": "AS21239WHCLM016",
        "ea2": "Western Region"
      }
    },
    {
      "attributes": {
        "owner": "Conduct",
        "stage": "Completed",
        "ea1": "AS21561BH000713 ",
        "ea2": "Northern Region"
      }
    },
    {
      "attributes": {
        "owner": "Conduct",
        "stage": "Construction",
        "ea1": "AS21561BH000713 ",
        "ea2": "Northern Region"
      }
    },
    {
      "attributes": {
        "owner": "Conduct",
        "stage": "Completed",
        "ea1": "AS21561BH000713 ",
        "ea2": "Northern Region"
      }
    },
    {
      "attributes": {
        "owner": "Conduct",
        "stage": "Construction",
        "ea1": "AS21561BH000713 ",
        "ea2": "Northern Region"
      }
    },
    {
      "attributes": {
        "owner": "Conduct",
        "stage": "Construction",
        "ea1": "none",
        "ea2": "none"
      }
    },
    {
      "attributes": {
        "owner": "Conduct",
        "stage": "Construction",
        "ea1": "AS21568BH000710 ",
        "ea2": "none"
      }
    },
    {
      "attributes": {
        "owner": "Conduct",
        "stage": "Construction",
        "ea1": "AS21568BH000710 ",
        "ea2": "none"
      }
    },
    {
      "attributes": {
        "owner": "Conduct",
        "stage": "Completed",
        "ea1": "AS21570BH000714 ",
        "ea2": "none"
      }
    },
    {
      "attributes": {
        "owner": "Conduct",
        "stage": "Completed",
        "ea1": "AS21570BH000714 ",
        "ea2": "none"
      }
    },
    {
      "attributes": {
        "owner": "Conduct",
        "stage": "Completed",
        "ea1": "AS21578BH345369 ",
        "ea2": "none"
      }
    },
    {
      "attributes": {
        "owner": "Conduct",
        "stage": "Completed",
        "ea1": "AS21578BH345369 ",
        "ea2": "none"
      }
    },
    {
      "attributes": {
        "owner": "Conduct",
        "stage": "Completed",
        "ea1": "none",
        "ea2": "none"
      }
    },
    {
      "attributes": {
        "owner": "Conduct",
        "stage": "Completed",
        "ea1": "AS21576GA354032 ",
        "ea2": "none"
      }
    },
    {
      "attributes": {
        "owner": "Conduct",
        "stage": "Construction",
        "ea1": "none",
        "ea2": "none"
      }
    },
    {
      "attributes": {
        "owner": "Conduct",
        "stage": "Construction",
        "ea1": "AS21576GH070714 ",
        "ea2": "Northern Region"
      }
    },
    {
      "attributes": {
        "owner": "Conduct",
        "stage": "Completed",
        "ea1": "AS21580BH020399 ",
        "ea2": "none"
      }
    },
    {
      "attributes": {
        "owner": "Conduct",
        "stage": "Completed",
        "ea1": "AS21580BH020399 ",
        "ea2": "none"
      }
    },
    {
      "attributes": {
        "owner": "Conduct",
        "stage": "Construction",
        "ea1": "AS21570BH000714 ",
        "ea2": "Northern Region"
      }
    },
    {
      "attributes": {
        "owner": "Conduct",
        "stage": "Construction",
        "ea1": "AS21570BH000714 ",
        "ea2": "Northern Region"
      }
    },
    {
      "attributes": {
        "owner": "Conduct",
        "stage": "Construction",
        "ea1": "AS21570BH000714 ",
        "ea2": "Northern Region"
      }
    },
    {
      "attributes": {
        "owner": "Conduct",
        "stage": "Construction",
        "ea1": "AS21582GH070712 ",
        "ea2": "Northern Region"
      }
    },
    {
      "attributes": {
        "owner": "Conduct",
        "stage": "Construction",
        "ea1": "AS21582GH070712 ",
        "ea2": "Northern Region"
      }
    },
    {
      "attributes": {
        "owner": "Conduct",
        "stage": "Completed",
        "ea1": "AS21590GH070728 ",
        "ea2": "none"
      }
    },
    {
      "attributes": {
        "owner": "Conduct",
        "stage": "Completed",
        "ea1": "AS21590GH070728 ",
        "ea2": "none"
      }
    },
    {
      "attributes": {
        "owner": "Conduct",
        "stage": "Completed",
        "ea1": "AS21598BH000711",
        "ea2": "none"
      }
    },
    {
      "attributes": {
        "owner": "Conduct",
        "stage": "Completed",
        "ea1": "AS21598BH000711",
        "ea2": "none"
      }
    },
    {
      "attributes": {
        "owner": "Conduct",
        "stage": "Completed",
        "ea1": " AS21598BH000711 ",
        "ea2": "none"
      }
    },
    {
      "attributes": {
        "owner": "Conduct",
        "stage": "Completed",
        "ea1": " AS21598BH000711 ",
        "ea2": "none"
      }
    },
    {
      "attributes": {
        "owner": "Conduct",
        "stage": "Completed",
        "ea1": "AS21633BH024494 ",
        "ea2": "none"
      }
    },
    {
      "attributes": {
        "owner": "Conduct",
        "stage": "Completed",
        "ea1": "AS21633BH024494 ",
        "ea2": "none"
      }
    },
    {
      "attributes": {
        "owner": "Conduct",
        "stage": "Completed",
        "ea1": "AS21739BH001521 ",
        "ea2": "Northern Region"
      }
    },
    {
      "attributes": {
        "owner": "Conduct",
        "stage": "Completed",
        "ea1": "AS21636BH001521 ",
        "ea2": "none"
      }
    },
    {
      "attributes": {
        "owner": "Conduct",
        "stage": "Completed",
        "ea1": "AS21756BH001521 ",
        "ea2": "Northern Region"
      }
    },
    {
      "attributes": {
        "owner": "Conduct",
        "stage": "Completed",
        "ea1": "AS21756BH001521 ",
        "ea2": "Northern Region"
      }
    },
    {
      "attributes": {
        "owner": "Conduct",
        "stage": "Construction",
        "ea1": "AS21756BH001521 ",
        "ea2": "Northern Region"
      }
    },
    {
      "attributes": {
        "owner": "Conduct",
        "stage": "Completed",
        "ea1": "AS21756BH001521 ",
        "ea2": "Northern Region"
      }
    },
    {
      "attributes": {
        "owner": "Conduct",
        "stage": "Completed",
        "ea1": "AS21756BH001521 ",
        "ea2": "Northern Region"
      }
    },
    {
      "attributes": {
        "owner": "Conduct",
        "stage": "Construction",
        "ea1": "AS21756BH001521 ",
        "ea2": "Northern Region"
      }
    },
    {
      "attributes": {
        "owner": "Conduct",
        "stage": "Construction",
        "ea1": "AS21969BH004093 ",
        "ea2": "Northern Region"
      }
    },
    {
      "attributes": {
        "owner": "Conduct",
        "stage": "Construction",
        "ea1": "AS21969BH004093 ",
        "ea2": "Northern Region"
      }
    },
    {
      "attributes": {
        "owner": "Conduct",
        "stage": "Construction",
        "ea1": "AS21969BH004093",
        "ea2": "Northern Region"
      }
    },
    {
      "attributes": {
        "owner": "Conduct",
        "stage": "Completed",
        "ea1": "AS22436BH000714 ",
        "ea2": "Northern Region"
      }
    },
    {
      "attributes": {
        "owner": "Conduct",
        "stage": "Completed",
        "ea1": "VS00009GH000182",
        "ea2": "Northern Region"
      }
    },
    {
      "attributes": {
        "owner": "Conduct",
        "stage": "Completed",
        "ea1": "AS22907WCH-TNP053",
        "ea2": "Western Region"
      }
    },
    {
      "attributes": {
        "owner": "Conduct",
        "stage": "Completed",
        "ea1": "AS22907WCH-TNP052",
        "ea2": "Western Region"
      }
    },
    {
      "attributes": {
        "owner": "Conduct",
        "stage": "Completed",
        "ea1": "AS23245WHTNP023",
        "ea2": "Western Region"
      }
    },
    {
      "attributes": {
        "owner": "Conduct",
        "stage": "Completed",
        "ea1": "AS23245WHTNP022",
        "ea2": "Western Region"
      }
    },
    {
      "attributes": {
        "owner": "Conduct",
        "stage": "Completed",
        "ea1": "AS25132WHTNP027",
        "ea2": "Western Region"
      }
    },
    {
      "attributes": {
        "owner": "Conduct",
        "stage": "Completed",
        "ea1": "AS25132WHTNP031",
        "ea2": "Western Region"
      }
    },
    {
      "attributes": {
        "owner": "Conduct",
        "stage": "Completed",
        "ea1": "AS25141WCHWST028",
        "ea2": "Western Region"
      }
    },
    {
      "attributes": {
        "owner": "Conduct",
        "stage": "Completed",
        "ea1": "AS25141WCHWST027",
        "ea2": "Western Region"
      }
    },
    {
      "attributes": {
        "owner": "Conduct",
        "stage": "Completed",
        "ea1": "AS14609WCH-WST-016",
        "ea2": "Western Region"
      }
    },
    {
      "attributes": {
        "owner": "Conduct",
        "stage": "Completed",
        "ea1": "AS23396WHSTN005",
        "ea2": "Western Region"
      }
    },
    {
      "attributes": {
        "owner": "Conduct",
        "stage": "Completed",
        "ea1": "AS23396WHSTN004",
        "ea2": "Western Region"
      }
    },
    {
      "attributes": {
        "owner": "Conduct",
        "stage": "Completed",
        "ea1": "AS13392WHWST006",
        "ea2": "Western Region"
      }
    },
    {
      "attributes": {
        "owner": "Conduct",
        "stage": "Construction",
        "ea1": "AS19299BH024102",
        "ea2": "none"
      }
    },
    {
      "attributes": {
        "owner": "Conduct",
        "stage": "Completed",
        "ea1": "Safari Mall",
        "ea2": "Gauteng South"
      }
    },
    {
      "attributes": {
        "owner": "Conduct",
        "stage": "Completed",
        "ea1": "AS25075WHTNP039",
        "ea2": "Western Region"
      }
    },
    {
      "attributes": {
        "owner": "Conduct",
        "stage": "Completed",
        "ea1": "AS25075WHTNP020",
        "ea2": "Western Region"
      }
    },
    {
      "attributes": {
        "owner": "Conduct",
        "stage": "Completed",
        "ea1": "G70P58",
        "ea2": "Gauteng South"
      }
    },
    {
      "attributes": {
        "owner": "Conduct",
        "stage": "Completed",
        "ea1": "G70P23",
        "ea2": "Gauteng South"
      }
    },
    {
      "attributes": {
        "owner": "Conduct",
        "stage": "Completed",
        "ea1": "G70P57",
        "ea2": "Gauteng South"
      }
    },
    {
      "attributes": {
        "owner": "Conduct",
        "stage": "Completed",
        "ea1": "G70P57",
        "ea2": "Gauteng South"
      }
    },
    {
      "attributes": {
        "owner": "Conduct",
        "stage": "Completed",
        "ea1": "G70P57",
        "ea2": "Gauteng South"
      }
    },
    {
      "attributes": {
        "owner": "Conduct",
        "stage": "Completed",
        "ea1": "G70P57",
        "ea2": "Gauteng South"
      }
    },
    {
      "attributes": {
        "owner": "Conduct",
        "stage": "Completed",
        "ea1": "G70P56",
        "ea2": "Gauteng South"
      }
    },
    {
      "attributes": {
        "owner": "Conduct",
        "stage": "Completed",
        "ea1": "G70P56",
        "ea2": "Gauteng South"
      }
    },
    {
      "attributes": {
        "owner": "Conduct",
        "stage": "Completed",
        "ea1": "G70P56",
        "ea2": "Gauteng South"
      }
    },
    {
      "attributes": {
        "owner": "Conduct",
        "stage": "Completed",
        "ea1": "G70P56",
        "ea2": "Gauteng South"
      }
    },
    {
      "attributes": {
        "owner": "Conduct",
        "stage": "Completed",
        "ea1": "G70P55",
        "ea2": "Gauteng South"
      }
    },
    {
      "attributes": {
        "owner": "Conduct",
        "stage": "Completed",
        "ea1": "G70P55",
        "ea2": "Gauteng South"
      }
    },
    {
      "attributes": {
        "owner": "Conduct",
        "stage": "Completed",
        "ea1": "AS14686WCH-WST-028",
        "ea2": "Western Region"
      }
    },
    {
      "attributes": {
        "owner": "Conduct",
        "stage": "Completed",
        "ea1": "AS14664WCH-WST-037",
        "ea2": "Western Region"
      }
    },
    {
      "attributes": {
        "owner": "Conduct",
        "stage": "Completed",
        "ea1": "AS14664WCH-WST-033",
        "ea2": "Western Region"
      }
    },
    {
      "attributes": {
        "owner": "Conduct",
        "stage": "Completed",
        "ea1": "G70P01",
        "ea2": "Gauteng South"
      }
    },
    {
      "attributes": {
        "owner": "Conduct",
        "stage": "Completed",
        "ea1": "G70P01",
        "ea2": "Gauteng South"
      }
    },
    {
      "attributes": {
        "owner": "Conduct",
        "stage": "Completed",
        "ea1": "none",
        "ea2": "Gauteng South"
      }
    },
    {
      "attributes": {
        "owner": "Conduct",
        "stage": "Completed",
        "ea1": "AS03171GH000617",
        "ea2": "Gauteng South"
      }
    },
    {
      "attributes": {
        "owner": "Conduct",
        "stage": "Completed",
        "ea1": "AS14531WCH-WST-022",
        "ea2": "Western Region"
      }
    },
    {
      "attributes": {
        "owner": "Conduct",
        "stage": "Completed",
        "ea1": "AS14531WCH-WST-021",
        "ea2": "Western Region"
      }
    },
    {
      "attributes": {
        "owner": "Conduct",
        "stage": "Completed",
        "ea1": "AS27079GH347418",
        "ea2": "Gauteng South"
      }
    },
    {
      "attributes": {
        "owner": "Conduct",
        "stage": "Completed",
        "ea1": "AS14661WCHWST40",
        "ea2": "Western Region"
      }
    },
    {
      "attributes": {
        "owner": "Conduct",
        "stage": "Completed",
        "ea1": "G70P01",
        "ea2": "Gauteng South"
      }
    },
    {
      "attributes": {
        "owner": "Conduct",
        "stage": "Completed",
        "ea1": "AS25156WHTNP24",
        "ea2": "Western Region"
      }
    },
    {
      "attributes": {
        "owner": "Conduct",
        "stage": "Completed",
        "ea1": "AS25156WHTNP24",
        "ea2": "Western Region"
      }
    },
    {
      "attributes": {
        "owner": "Conduct",
        "stage": "Construction",
        "ea1": "none",
        "ea2": "Northern Region"
      }
    },
    {
      "attributes": {
        "owner": "Conduct",
        "stage": "Completed",
        "ea1": "AS13945BA345051",
        "ea2": "Northern Region"
      }
    },
    {
      "attributes": {
        "owner": "Conduct",
        "stage": "Completed",
        "ea1": "AS13945BA345051",
        "ea2": "Northern Region"
      }
    },
    {
      "attributes": {
        "owner": "Conduct",
        "stage": "Completed",
        "ea1": "G70P01",
        "ea2": "Gauteng South"
      }
    },
    {
      "attributes": {
        "owner": "Conduct",
        "stage": "Completed",
        "ea1": "AS03171GH000618",
        "ea2": "Gauteng South"
      }
    },
    {
      "attributes": {
        "owner": "Conduct",
        "stage": "Completed",
        "ea1": "AS14685WCHWST26 ",
        "ea2": "Western Region"
      }
    },
    {
      "attributes": {
        "owner": "Conduct",
        "stage": "Completed",
        "ea1": "AS14685WCHWST27",
        "ea2": "Western Region"
      }
    },
    {
      "attributes": {
        "owner": "Conduct",
        "stage": "Completed",
        "ea1": "8A MELLIS",
        "ea2": "Gauteng South"
      }
    },
    {
      "attributes": {
        "owner": "Conduct",
        "stage": "Completed",
        "ea1": "AS14688WHWST019",
        "ea2": "Western Region"
      }
    },
    {
      "attributes": {
        "owner": "Conduct",
        "stage": "Completed",
        "ea1": "AS14688WHWST018",
        "ea2": "Western Region"
      }
    },
    {
      "attributes": {
        "owner": "Conduct",
        "stage": "Completed",
        "ea1": "AS14735WHWST013",
        "ea2": "Western Region"
      }
    },
    {
      "attributes": {
        "owner": "Conduct",
        "stage": "Completed",
        "ea1": "AS14735WHWST013",
        "ea2": "Western Region"
      }
    },
    {
      "attributes": {
        "owner": "Conduct",
        "stage": "Completed",
        "ea1": "AS14534WHWST025",
        "ea2": "Western Region"
      }
    },
    {
      "attributes": {
        "owner": "Conduct",
        "stage": "Completed",
        "ea1": "AS14534WHWST021",
        "ea2": "Western Region"
      }
    },
    {
      "attributes": {
        "owner": "Conduct",
        "stage": "Completed",
        "ea1": "AS14470WHWST010",
        "ea2": "Western Region"
      }
    },
    {
      "attributes": {
        "owner": "Conduct",
        "stage": "Completed",
        "ea1": "AS15673WHSTN006",
        "ea2": "Western Region"
      }
    },
    {
      "attributes": {
        "owner": "Conduct",
        "stage": "Completed",
        "ea1": "AS15673WHSTN006",
        "ea2": "Western Region"
      }
    },
    {
      "attributes": {
        "owner": "Conduct",
        "stage": "Completed",
        "ea1": "48 Wierda Road",
        "ea2": "Gauteng South"
      }
    },
    {
      "attributes": {
        "owner": "Conduct",
        "stage": "Completed",
        "ea1": "48 Wierda Road",
        "ea2": "Gauteng South"
      }
    },
    {
      "attributes": {
        "owner": "Conduct",
        "stage": "Completed",
        "ea1": "AS27079GH34717",
        "ea2": "Gauteng South"
      }
    },
    {
      "attributes": {
        "owner": "Conduct",
        "stage": "Completed",
        "ea1": "16 Skeen Blvd",
        "ea2": "Gauteng South"
      }
    },
    {
      "attributes": {
        "owner": "Conduct",
        "stage": "Completed",
        "ea1": "16 Skeen Blvd",
        "ea2": "Gauteng South"
      }
    },
    {
      "attributes": {
        "owner": "Conduct",
        "stage": "Completed",
        "ea1": "AS14678WCH-WST-011",
        "ea2": "Western Region"
      }
    },
    {
      "attributes": {
        "owner": "Conduct",
        "stage": "Completed",
        "ea1": "AS14643WCHWST021",
        "ea2": "Western Region"
      }
    },
    {
      "attributes": {
        "owner": "Conduct",
        "stage": "Completed",
        "ea1": "AS14606WHWST014",
        "ea2": "Western Region"
      }
    },
    {
      "attributes": {
        "owner": "Conduct",
        "stage": "Completed",
        "ea1": "AS14606WHWST015",
        "ea2": "Western Region"
      }
    },
    {
      "attributes": {
        "owner": "Conduct",
        "stage": "Completed",
        "ea1": "AS14470WHWST012",
        "ea2": "Western Region"
      }
    },
    {
      "attributes": {
        "owner": "Conduct",
        "stage": "Completed",
        "ea1": "",
        "ea2": "Western Region"
      }
    },
    {
      "attributes": {
        "owner": "Conduct",
        "stage": "Completed",
        "ea1": "",
        "ea2": "Western Region"
      }
    },
    {
      "attributes": {
        "owner": "Conduct",
        "stage": "Completed",
        "ea1": "AS25137WHWST009 ",
        "ea2": "Western Region"
      }
    },
    {
      "attributes": {
        "owner": "Conduct",
        "stage": "Completed",
        "ea1": "",
        "ea2": "Western Region"
      }
    },
    {
      "attributes": {
        "owner": "Conduct",
        "stage": "Completed",
        "ea1": "none",
        "ea2": "Western Region"
      }
    },
    {
      "attributes": {
        "owner": "Conduct",
        "stage": "Completed",
        "ea1": "none",
        "ea2": "Western Region"
      }
    },
    {
      "attributes": {
        "owner": "Conduct",
        "stage": "Completed",
        "ea1": "AS15781WHTNP015",
        "ea2": "Western Region"
      }
    },
    {
      "attributes": {
        "owner": "Conduct",
        "stage": "Completed",
        "ea1": "AS15781WHTNP016",
        "ea2": "Western Region"
      }
    },
    {
      "attributes": {
        "owner": "Conduct",
        "stage": "Completed",
        "ea1": "AS14647WCHWST020",
        "ea2": "Western Region"
      }
    },
    {
      "attributes": {
        "owner": "Conduct",
        "stage": "Completed",
        "ea1": "AS14647WCHWST021",
        "ea2": "Western Region"
      }
    }
  ]
}

Response body doesn't match expectation.
Expected: a string containing "Dark Fibre Africa"
  Actual: {
  "displayFieldName": "name",
  "fieldAliases": {
    "owner": "owner",
    "stage": "stage",
    "ea1": "Route Name",
    "ea2": "DFA Region"
  },
  "fields": [
    {
      "name": "owner",
      "type": "esriFieldTypeString",
      "alias": "owner",
      "length": 50
    },
    {
      "name": "stage",
      "type": "esriFieldTypeString",
      "alias": "stage",
      "length": 30
    },
    {
      "name": "ea1",
      "type": "esriFieldTypeString",
      "alias": "Route Name",
      "length": 100
    },
    {
      "name": "ea2",
      "type": "esriFieldTypeString",
      "alias": "DFA Region",
      "length": 100
    }
  ],
  "features": [
    {
      "attributes": {
        "owner": "Conduct",
        "stage": "Completed",
        "ea1": "G01P05",
        "ea2": "Gauteng South"
      }
    },
    {
      "attributes": {
        "owner": "Conduct",
        "stage": "Completed",
        "ea1": "G01P05",
        "ea2": "Gauteng South"
      }
    },
    {
      "attributes": {
        "owner": "Conduct",
        "stage": "Completed",
        "ea1": "G01P05",
        "ea2": "Gauteng South"
      }
    },
    {
      "attributes": {
        "owner": "Conduct",
        "stage": "Completed",
        "ea1": "G01P05",
        "ea2": "Gauteng South"
      }
    },
    {
      "attributes": {
        "owner": "Conduct",
        "stage": "Completed",
        "ea1": "G01P05",
        "ea2": "Gauteng South"
      }
    },
    {
      "attributes": {
        "owner": "Conduct",
        "stage": "Construction",
        "ea1": "none",
        "ea2": "None"
      }
    },
    {
      "attributes": {
        "owner": "Conduct",
        "stage": "Completed",
        "ea1": "AS03171GH000618",
        "ea2": "Gauteng South"
      }
    },
    {
      "attributes": {
        "owner": "Conduct",
        "stage": "Completed",
        "ea1": "AS03171GH000617",
        "ea2": "Gauteng South"
      }
    },
    {
      "attributes": {
        "owner": "Conduct",
        "stage": "Completed",
        "ea1": "W70P01",
        "ea2": "Western Region"
      }
    },
    {
      "attributes": {
        "owner": "Conduct",
        "stage": "Completed",
        "ea1": "W70P01",
        "ea2": "Western Region"
      }
    },
    {
      "attributes": {
        "owner": "Conduct",
        "stage": "Completed",
        "ea1": "W70P01",
        "ea2": "Western Region"
      }
    },
    {
      "attributes": {
        "owner": "Conduct",
        "stage": "Completed",
        "ea1": "W70P01",
        "ea2": "Western Region"
      }
    },
    {
      "attributes": {
        "owner": "Conduct",
        "stage": "Completed",
        "ea1": "W70P01",
        "ea2": "Western Region"
      }
    },
    {
      "attributes": {
        "owner": "Conduct",
        "stage": "Completed",
        "ea1": "W70P01",
        "ea2": "Western Region"
      }
    },
    {
      "attributes": {
        "owner": "Conduct",
        "stage": "Completed",
        "ea1": "W70P01",
        "ea2": "Western Region"
      }
    },
    {
      "attributes": {
        "owner": "Conduct",
        "stage": "Completed",
        "ea1": "W70P01",
        "ea2": "Western Region"
      }
    },
    {
      "attributes": {
        "owner": "Conduct",
        "stage": "Completed",
        "ea1": "Conduct Claremont Ring",
        "ea2": "Western Region"
      }
    },
    {
      "attributes": {
        "owner": "Conduct",
        "stage": "Completed",
        "ea1": "W70P01",
        "ea2": "Western Region"
      }
    },
    {
      "attributes": {
        "owner": "Conduct",
        "stage": "Completed",
        "ea1": "W70P01",
        "ea2": "Western Region"
      }
    },
    {
      "attributes": {
        "owner": "Conduct",
        "stage": "Completed",
        "ea1": "W70P01",
        "ea2": "Western Region"
      }
    },
    {
      "attributes": {
        "owner": "Conduct",
        "stage": "Completed",
        "ea1": " ",
        "ea2": "Western Region"
      }
    },
    {
      "attributes": {
        "owner": "Conduct",
        "stage": "Construction",
        "ea1": " ",
        "ea2": "Western Region"
      }
    },
    {
      "attributes": {
        "owner": "Conduct",
        "stage": "Completed",
        "ea1": "W70P01",
        "ea2": "Western Region"
      }
    },
    {
      "attributes": {
        "owner": "Conduct",
        "stage": "Completed",
        "ea1": "W70P01",
        "ea2": "Western Region"
      }
    },
    {
      "attributes": {
        "owner": "Conduct",
        "stage": "Completed",
        "ea1": "none",
        "ea2": "Northern Region"
      }
    },
    {
      "attributes": {
        "owner": "Conduct",
        "stage": "Construction",
        "ea1": "none",
        "ea2": "Northern Region"
      }
    },
    {
      "attributes": {
        "owner": "Conduct",
        "stage": "Construction",
        "ea1": "AS14680BH345924 ",
        "ea2": "Northern Region"
      }
    },
    {
      "attributes": {
        "owner": "Conduct",
        "stage": "Construction",
        "ea1": "none",
        "ea2": "none"
      }
    },
    {
      "attributes": {
        "owner": "Conduct",
        "stage": "Construction",
        "ea1": "none",
        "ea2": "none"
      }
    },
    {
      "attributes": {
        "owner": "Conduct",
        "stage": "Construction",
        "ea1": "none",
        "ea2": "none"
      }
    },
    {
      "attributes": {
        "owner": "Conduct",
        "stage": "Construction",
        "ea1": "none",
        "ea2": "Northern Region"
      }
    },
    {
      "attributes": {
        "owner": "Conduct",
        "stage": "Construction",
        "ea1": "none",
        "ea2": "Northern Region"
      }
    },
    {
      "attributes": {
        "owner": "Conduct",
        "stage": "Construction",
        "ea1": "none",
        "ea2": "Northern Region"
      }
    },
    {
      "attributes": {
        "owner": "Conduct",
        "stage": "Construction",
        "ea1": "none",
        "ea2": "Northern Region"
      }
    },
    {
      "attributes": {
        "owner": "Conduct",
        "stage": "Completed",
        "ea1": "G70P01",
        "ea2": "Gauteng South"
      }
    },
    {
      "attributes": {
        "owner": "Conduct",
        "stage": "Completed",
        "ea1": "G70P01",
        "ea2": "Gauteng South"
      }
    },
    {
      "attributes": {
        "owner": "Conduct",
        "stage": "Completed",
        "ea1": "G70P01",
        "ea2": "Gauteng South"
      }
    },
    {
      "attributes": {
        "owner": "Conduct",
        "stage": "Completed",
        "ea1": "G70P01",
        "ea2": "Gauteng South"
      }
    },
    {
      "attributes": {
        "owner": "Conduct",
        "stage": "Completed",
        "ea1": "G70P01",
        "ea2": "Gauteng South"
      }
    },
    {
      "attributes": {
        "owner": "Conduct",
        "stage": "Completed",
        "ea1": "G70P01",
        "ea2": "Gauteng South"
      }
    },
    {
      "attributes": {
        "owner": "Conduct",
        "stage": "Completed",
        "ea1": "G70P01",
        "ea2": "Gauteng South"
      }
    },
    {
      "attributes": {
        "owner": "Conduct",
        "stage": "Completed",
        "ea1": "G70P01",
        "ea2": "Gauteng South"
      }
    },
    {
      "attributes": {
        "owner": "Conduct",
        "stage": "Completed",
        "ea1": "G70P01",
        "ea2": "Gauteng South"
      }
    },
    {
      "attributes": {
        "owner": "Conduct",
        "stage": "Completed",
        "ea1": "G70P01",
        "ea2": "Gauteng South"
      }
    },
    {
      "attributes": {
        "owner": "Conduct",
        "stage": "Completed",
        "ea1": "G70P01",
        "ea2": "Gauteng South"
      }
    },
    {
      "attributes": {
        "owner": "Conduct",
        "stage": "Completed",
        "ea1": "G70P01",
        "ea2": "Gauteng South"
      }
    },
    {
      "attributes": {
        "owner": "Conduct",
        "stage": "Completed",
        "ea1": "G70P01",
        "ea2": "Gauteng South"
      }
    },
    {
      "attributes": {
        "owner": "Conduct",
        "stage": "Completed",
        "ea1": "G70P01",
        "ea2": "Gauteng South"
      }
    },
    {
      "attributes": {
        "owner": "Conduct",
        "stage": "Completed",
        "ea1": "G70P01",
        "ea2": "Gauteng South"
      }
    },
    {
      "attributes": {
        "owner": "Conduct",
        "stage": "Completed",
        "ea1": "G70P01",
        "ea2": "Gauteng South"
      }
    },
    {
      "attributes": {
        "owner": "Conduct",
        "stage": "Completed",
        "ea1": "G70P01",
        "ea2": "Gauteng South"
      }
    },
    {
      "attributes": {
        "owner": "Conduct",
        "stage": "Completed",
        "ea1": "G70P01",
        "ea2": "Gauteng South"
      }
    },
    {
      "attributes": {
        "owner": "Conduct",
        "stage": "Completed",
        "ea1": "G70P01",
        "ea2": "Gauteng South"
      }
    },
    {
      "attributes": {
        "owner": "Conduct",
        "stage": "Completed",
        "ea1": "G70P01",
        "ea2": "Gauteng South"
      }
    },
    {
      "attributes": {
        "owner": "Conduct",
        "stage": "Completed",
        "ea1": "G70P01",
        "ea2": "Gauteng South"
      }
    },
    {
      "attributes": {
        "owner": "Conduct",
        "stage": "Completed",
        "ea1": "G70P01",
        "ea2": "Gauteng South"
      }
    },
    {
      "attributes": {
        "owner": "Conduct",
        "stage": "Completed",
        "ea1": "AS13625GHFRI008",
        "ea2": "Gauteng South"
      }
    },
    {
      "attributes": {
        "owner": "Conduct",
        "stage": "Completed",
        "ea1": "G70P01",
        "ea2": "Gauteng South"
      }
    },
    {
      "attributes": {
        "owner": "Conduct",
        "stage": "Completed",
        "ea1": "G70P01",
        "ea2": "Gauteng South"
      }
    },
    {
      "attributes": {
        "owner": "Conduct",
        "stage": "Completed",
        "ea1": "G70P01",
        "ea2": "Gauteng South"
      }
    },
    {
      "attributes": {
        "owner": "Conduct",
        "stage": "Completed",
        "ea1": "G70P01",
        "ea2": "Gauteng South"
      }
    },
    {
      "attributes": {
        "owner": "Conduct",
        "stage": "Construction",
        "ea1": "AS13708BH004086",
        "ea2": "Northern Region"
      }
    },
    {
      "attributes": {
        "owner": "Conduct",
        "stage": "Construction",
        "ea1": "AS13708BH004093",
        "ea2": "Northern Region"
      }
    },
    {
      "attributes": {
        "owner": "Conduct",
        "stage": "Construction",
        "ea1": "none",
        "ea2": "Northern Region"
      }
    },
    {
      "attributes": {
        "owner": "Conduct",
        "stage": "Completed",
        "ea1": "AS13945BA345051",
        "ea2": "Northern Region"
      }
    },
    {
      "attributes": {
        "owner": "Conduct",
        "stage": "Construction",
        "ea1": "none",
        "ea2": "Northern Region"
      }
    },
    {
      "attributes": {
        "owner": "Conduct",
        "stage": "Completed",
        "ea1": "AS13945BA345051",
        "ea2": "Northern Region"
      }
    },
    {
      "attributes": {
        "owner": "Conduct",
        "stage": "Construction",
        "ea1": "none",
        "ea2": "none"
      }
    },
    {
      "attributes": {
        "owner": "Conduct",
        "stage": "Completed",
        "ea1": "none",
        "ea2": "Northern Region"
      }
    },
    {
      "attributes": {
        "owner": "Conduct",
        "stage": "Construction",
        "ea1": "AS13938BH340127 ",
        "ea2": "Northern Region"
      }
    },
    {
      "attributes": {
        "owner": "Conduct",
        "stage": "Construction",
        "ea1": "AS13938GH070803 ",
        "ea2": "Northern Region"
      }
    },
    {
      "attributes": {
        "owner": "Conduct",
        "stage": "Completed",
        "ea1": "AS13945BA345051",
        "ea2": "Northern Region"
      }
    },
    {
      "attributes": {
        "owner": "Conduct",
        "stage": "Construction",
        "ea1": "none",
        "ea2": "Northern Region"
      }
    },
    {
      "attributes": {
        "owner": "Conduct",
        "stage": "Construction",
        "ea1": "none",
        "ea2": "none"
      }
    },
    {
      "attributes": {
        "owner": "Conduct",
        "stage": "Construction",
        "ea1": "",
        "ea2": "none"
      }
    },
    {
      "attributes": {
        "owner": "Conduct",
        "stage": "Construction",
        "ea1": "",
        "ea2": "none"
      }
    },
    {
      "attributes": {
        "owner": "Conduct",
        "stage": "Completed",
        "ea1": " ",
        "ea2": "Western Region"
      }
    },
    {
      "attributes": {
        "owner": "Conduct",
        "stage": "Completed",
        "ea1": "AS11870WH281134",
        "ea2": "Western Region"
      }
    },
    {
      "attributes": {
        "owner": "Conduct",
        "stage": "Construction",
        "ea1": "AS14112BH301661",
        "ea2": "Northern Region"
      }
    },
    {
      "attributes": {
        "owner": "Conduct",
        "stage": "Completed",
        "ea1": "W70P09",
        "ea2": "Western Region"
      }
    },
    {
      "attributes": {
        "owner": "Conduct",
        "stage": "Completed",
        "ea1": "W70P08",
        "ea2": "Western Region"
      }
    },
    {
      "attributes": {
        "owner": "Conduct",
        "stage": "Completed",
        "ea1": "W70P07",
        "ea2": "Western Region"
      }
    },
    {
      "attributes": {
        "owner": "Conduct",
        "stage": "Completed",
        "ea1": "W70P11",
        "ea2": "Western Region"
      }
    },
    {
      "attributes": {
        "owner": "Conduct",
        "stage": "Construction",
        "ea1": " ",
        "ea2": "Northern Region"
      }
    },
    {
      "attributes": {
        "owner": "Conduct",
        "stage": "Construction",
        "ea1": "AS14414BA345056",
        "ea2": "Northern Region"
      }
    },
    {
      "attributes": {
        "owner": "Conduct",
        "stage": "Construction",
        "ea1": " ",
        "ea2": "Northern Region"
      }
    },
    {
      "attributes": {
        "owner": "Conduct",
        "stage": "Construction",
        "ea1": " ",
        "ea2": "Northern Region"
      }
    },
    {
      "attributes": {
        "owner": "Conduct",
        "stage": "Construction",
        "ea1": " ",
        "ea2": "Northern Region"
      }
    },
    {
      "attributes": {
        "owner": "Conduct",
        "stage": "Construction",
        "ea1": " ",
        "ea2": "Northern Region"
      }
    },
    {
      "attributes": {
        "owner": "Conduct",
        "stage": "Construction",
        "ea1": " ",
        "ea2": "Northern Region"
      }
    },
    {
      "attributes": {
        "owner": "Conduct",
        "stage": "Construction",
        "ea1": " ",
        "ea2": "Northern Region"
      }
    },
    {
      "attributes": {
        "owner": "Conduct",
        "stage": "Construction",
        "ea1": " ",
        "ea2": "Northern Region"
      }
    },
    {
      "attributes": {
        "owner": "Conduct",
        "stage": "Construction",
        "ea1": " ",
        "ea2": "Northern Region"
      }
    },
    {
      "attributes": {
        "owner": "Conduct",
        "stage": "Construction",
        "ea1": " ",
        "ea2": "Northern Region"
      }
    },
    {
      "attributes": {
        "owner": "Conduct",
        "stage": "Construction",
        "ea1": " ",
        "ea2": "Northern Region"
      }
    },
    {
      "attributes": {
        "owner": "Conduct",
        "stage": "Construction",
        "ea1": " ",
        "ea2": "Northern Region"
      }
    },
    {
      "attributes": {
        "owner": "Conduct",
        "stage": "Construction",
        "ea1": " ",
        "ea2": "Northern Region"
      }
    },
    {
      "attributes": {
        "owner": "Conduct",
        "stage": "Construction",
        "ea1": " ",
        "ea2": "Northern Region"
      }
    },
    {
      "attributes": {
        "owner": "Conduct",
        "stage": "Construction",
        "ea1": " ",
        "ea2": "Northern Region"
      }
    },
    {
      "attributes": {
        "owner": "Conduct",
        "stage": "Construction",
        "ea1": " ",
        "ea2": "Northern Region"
      }
    },
    {
      "attributes": {
        "owner": "Conduct",
        "stage": "Construction",
        "ea1": " ",
        "ea2": "Northern Region"
      }
    },
    {
      "attributes": {
        "owner": "Conduct",
        "stage": "Construction",
        "ea1": "NB70P11",
        "ea2": "Northern Region"
      }
    },
    {
      "attributes": {
        "owner": "Conduct",
        "stage": "Construction",
        "ea1": " ",
        "ea2": "Northern Region"
      }
    },
    {
      "attributes": {
        "owner": "Conduct",
        "stage": "Construction",
        "ea1": " ",
        "ea2": "Northern Region"
      }
    },
    {
      "attributes": {
        "owner": "Conduct",
        "stage": "Construction",
        "ea1": " ",
        "ea2": "Northern Region"
      }
    },
    {
      "attributes": {
        "owner": "Conduct",
        "stage": "Construction",
        "ea1": " ",
        "ea2": "Northern Region"
      }
    },
    {
      "attributes": {
        "owner": "Conduct",
        "stage": "Construction",
        "ea1": " ",
        "ea2": "Northern Region"
      }
    },
    {
      "attributes": {
        "owner": "Conduct",
        "stage": "Construction",
        "ea1": "NB70P11",
        "ea2": "Northern Region"
      }
    },
    {
      "attributes": {
        "owner": "Conduct",
        "stage": "Construction",
        "ea1": "NB70P11",
        "ea2": "Northern Region"
      }
    },
    {
      "attributes": {
        "owner": "Conduct",
        "stage": "Construction",
        "ea1": " ",
        "ea2": "Northern Region"
      }
    },
    {
      "attributes": {
        "owner": "Conduct",
        "stage": "Construction",
        "ea1": "NB70P11",
        "ea2": "Northern Region"
      }
    },
    {
      "attributes": {
        "owner": "Conduct",
        "stage": "Construction",
        "ea1": "NB70P11",
        "ea2": "Northern Region"
      }
    },
    {
      "attributes": {
        "owner": "Conduct",
        "stage": "Construction",
        "ea1": "NB70P11",
        "ea2": "Northern Region"
      }
    },
    {
      "attributes": {
        "owner": "Conduct",
        "stage": "Construction",
        "ea1": "NB70P11",
        "ea2": "Northern Region"
      }
    },
    {
      "attributes": {
        "owner": "Conduct",
        "stage": "Construction",
        "ea1": "NB70P11",
        "ea2": "Northern Region"
      }
    },
    {
      "attributes": {
        "owner": "Conduct",
        "stage": "Construction",
        "ea1": "NB70P11",
        "ea2": "Northern Region"
      }
    },
    {
      "attributes": {
        "owner": "Conduct",
        "stage": "Construction",
        "ea1": "AS14112BH301661",
        "ea2": "Northern Region"
      }
    },
    {
      "attributes": {
        "owner": "Conduct",
        "stage": "Construction",
        "ea1": "AS14112BH301661",
        "ea2": "Northern Region"
      }
    },
    {
      "attributes": {
        "owner": "Conduct",
        "stage": "Construction",
        "ea1": "NB70P06",
        "ea2": "Northern Region"
      }
    },
    {
      "attributes": {
        "owner": "Conduct",
        "stage": "Construction",
        "ea1": "NB70P06",
        "ea2": "Northern Region"
      }
    },
    {
      "attributes": {
        "owner": "Conduct",
        "stage": "Construction",
        "ea1": "NB70P06",
        "ea2": "Northern Region"
      }
    },
    {
      "attributes": {
        "owner": "Conduct",
        "stage": "Construction",
        "ea1": "none",
        "ea2": "Northern Region"
      }
    },
    {
      "attributes": {
        "owner": "Conduct",
        "stage": "Construction",
        "ea1": "none",
        "ea2": "Northern Region"
      }
    },
    {
      "attributes": {
        "owner": "Conduct",
        "stage": "Construction",
        "ea1": "none",
        "ea2": "Northern Region"
      }
    },
    {
      "attributes": {
        "owner": "Conduct",
        "stage": "Construction",
        "ea1": "none",
        "ea2": "Northern Region"
      }
    },
    {
      "attributes": {
        "owner": "Conduct",
        "stage": "Completed",
        "ea1": "W70P07",
        "ea2": "Western Region"
      }
    },
    {
      "attributes": {
        "owner": "Conduct",
        "stage": "Completed",
        "ea1": "W70P07",
        "ea2": "Western Region"
      }
    },
    {
      "attributes": {
        "owner": "Conduct",
        "stage": "Completed",
        "ea1": "W70P07",
        "ea2": "Western Region"
      }
    },
    {
      "attributes": {
        "owner": "Conduct",
        "stage": "Completed",
        "ea1": "W70P10",
        "ea2": "Western Region"
      }
    },
    {
      "attributes": {
        "owner": "Conduct",
        "stage": "Completed",
        "ea1": "W50P94",
        "ea2": "Western Region"
      }
    },
    {
      "attributes": {
        "owner": "Conduct",
        "stage": "Completed",
        "ea1": "W70P12",
        "ea2": "Western Region"
      }
    },
    {
      "attributes": {
        "owner": "Conduct",
        "stage": "Completed",
        "ea1": "W70P12",
        "ea2": "Western Region"
      }
    },
    {
      "attributes": {
        "owner": "Conduct",
        "stage": "Completed",
        "ea1": "W70P12",
        "ea2": "Western Region"
      }
    },
    {
      "attributes": {
        "owner": "Conduct",
        "stage": "Completed",
        "ea1": "W70P12",
        "ea2": "Western Region"
      }
    },
    {
      "attributes": {
        "owner": "Conduct",
        "stage": "Completed",
        "ea1": "W70P12",
        "ea2": "Western Region"
      }
    },
    {
      "attributes": {
        "owner": "Conduct",
        "stage": "Completed",
        "ea1": "W70P12",
        "ea2": "Western Region"
      }
    },
    {
      "attributes": {
        "owner": "Conduct",
        "stage": "Completed",
        "ea1": "W70P12",
        "ea2": "Western Region"
      }
    },
    {
      "attributes": {
        "owner": "Conduct",
        "stage": "Construction",
        "ea1": "NB70P12",
        "ea2": "Northern Region"
      }
    },
    {
      "attributes": {
        "owner": "Conduct",
        "stage": "Completed",
        "ea1": "NB70P12",
        "ea2": "Northern Region"
      }
    },
    {
      "attributes": {
        "owner": "Conduct",
        "stage": "Completed",
        "ea1": "NB70P12",
        "ea2": "Northern Region"
      }
    },
    {
      "attributes": {
        "owner": "Conduct",
        "stage": "Completed",
        "ea1": "NB70P12",
        "ea2": "Northern Region"
      }
    },
    {
      "attributes": {
        "owner": "Conduct",
        "stage": "Completed",
        "ea1": "NB70P12",
        "ea2": "Northern Region"
      }
    },
    {
      "attributes": {
        "owner": "Conduct",
        "stage": "Completed",
        "ea1": "NB70P12",
        "ea2": "Northern Region"
      }
    },
    {
      "attributes": {
        "owner": "Conduct",
        "stage": "Completed",
        "ea1": "NB70P12",
        "ea2": "Northern Region"
      }
    },
    {
      "attributes": {
        "owner": "Conduct",
        "stage": "Construction",
        "ea1": "NB70P12",
        "ea2": "Northern Region"
      }
    },
    {
      "attributes": {
        "owner": "Conduct",
        "stage": "Construction",
        "ea1": "NB70P12",
        "ea2": "Northern Region"
      }
    },
    {
      "attributes": {
        "owner": "Conduct",
        "stage": "Completed",
        "ea1": "NB70P13",
        "ea2": "Northern Region"
      }
    },
    {
      "attributes": {
        "owner": "Conduct",
        "stage": "Construction",
        "ea1": "NB70P13",
        "ea2": "Northern Region"
      }
    },
    {
      "attributes": {
        "owner": "Conduct",
        "stage": "Completed",
        "ea1": "NB70P13",
        "ea2": "Northern Region"
      }
    },
    {
      "attributes": {
        "owner": "Conduct",
        "stage": "Construction",
        "ea1": "AS15842BA345005",
        "ea2": "Northern Region"
      }
    },
    {
      "attributes": {
        "owner": "Conduct",
        "stage": "Construction",
        "ea1": "AS15842GA345006",
        "ea2": "Northern Region"
      }
    },
    {
      "attributes": {
        "owner": "Conduct",
        "stage": "Completed",
        "ea1": "AS15841BH003572",
        "ea2": "Northern Region"
      }
    },
    {
      "attributes": {
        "owner": "Conduct",
        "stage": "Construction",
        "ea1": "AS15841BH003572",
        "ea2": "Northern Region"
      }
    },
    {
      "attributes": {
        "owner": "Conduct",
        "stage": "Construction",
        "ea1": "AS16512BH300050",
        "ea2": "Northern Region"
      }
    },
    {
      "attributes": {
        "owner": "Conduct",
        "stage": "Construction",
        "ea1": "AS16512BH300049",
        "ea2": "Northern Region"
      }
    },
    {
      "attributes": {
        "owner": "Conduct",
        "stage": "Completed",
        "ea1": "AS16339WHWST036",
        "ea2": "Western Region"
      }
    },
    {
      "attributes": {
        "owner": "Conduct",
        "stage": "Completed",
        "ea1": "AS16339WHWST037",
        "ea2": "Western Region"
      }
    },
    {
      "attributes": {
        "owner": "Conduct",
        "stage": "Completed",
        "ea1": "AS16590WHWST024",
        "ea2": "Western Region"
      }
    },
    {
      "attributes": {
        "owner": "Conduct",
        "stage": "Completed",
        "ea1": "AS16590WHWST025",
        "ea2": "Western Region"
      }
    },
    {
      "attributes": {
        "owner": "Conduct",
        "stage": "Completed",
        "ea1": "AS15673WHSTN007",
        "ea2": "Western Region"
      }
    },
    {
      "attributes": {
        "owner": "Conduct",
        "stage": "Completed",
        "ea1": "AS13392WHWST005",
        "ea2": "Western Region"
      }
    },
    {
      "attributes": {
        "owner": "Conduct",
        "stage": "Completed",
        "ea1": "AS13392WHWST006",
        "ea2": "Western Region"
      }
    },
    {
      "attributes": {
        "owner": "Conduct",
        "stage": "Construction",
        "ea1": "AS13547BH004091 ",
        "ea2": "Northern Region"
      }
    },
    {
      "attributes": {
        "owner": "Conduct",
        "stage": "Completed",
        "ea1": "AS14529WH283126",
        "ea2": "Western Region"
      }
    },
    {
      "attributes": {
        "owner": "Conduct",
        "stage": "Completed",
        "ea1": "AS14529WH283125",
        "ea2": "Western Region"
      }
    },
    {
      "attributes": {
        "owner": "Conduct",
        "stage": "Completed",
        "ea1": "AS14529WH283113",
        "ea2": "Western Region"
      }
    },
    {
      "attributes": {
        "owner": "Conduct",
        "stage": "Construction",
        "ea1": " ",
        "ea2": "Western Region"
      }
    },
    {
      "attributes": {
        "owner": "Conduct",
        "stage": "Completed",
        "ea1": " ",
        "ea2": "Western Region"
      }
    },
    {
      "attributes": {
        "owner": "Conduct",
        "stage": "Completed",
        "ea1": " ",
        "ea2": "Western Region"
      }
    },
    {
      "attributes": {
        "owner": "Conduct",
        "stage": "Completed",
        "ea1": "AS16055WSTN002",
        "ea2": "Western Region"
      }
    },
    {
      "attributes": {
        "owner": "Conduct",
        "stage": "Completed",
        "ea1": "W70P07",
        "ea2": "Western Region"
      }
    },
    {
      "attributes": {
        "owner": "Conduct",
        "stage": "Construction",
        "ea1": "AS17789BH345327 ",
        "ea2": "Northern Region"
      }
    },
    {
      "attributes": {
        "owner": "Conduct",
        "stage": "Construction",
        "ea1": " ",
        "ea2": "Northern Region"
      }
    },
    {
      "attributes": {
        "owner": "Conduct",
        "stage": "Construction",
        "ea1": " ",
        "ea2": "Northern Region"
      }
    },
    {
      "attributes": {
        "owner": "Conduct",
        "stage": "Construction",
        "ea1": " ",
        "ea2": "Northern Region"
      }
    },
    {
      "attributes": {
        "owner": "Conduct",
        "stage": "Completed",
        "ea1": "none",
        "ea2": "Northern Region"
      }
    },
    {
      "attributes": {
        "owner": "Conduct",
        "stage": "Completed",
        "ea1": "none",
        "ea2": "Northern Region"
      }
    },
    {
      "attributes": {
        "owner": "Conduct",
        "stage": "Completed",
        "ea1": "W70P07",
        "ea2": "Western Region"
      }
    },
    {
      "attributes": {
        "owner": "Conduct",
        "stage": "Completed",
        "ea1": "W70P07",
        "ea2": "Western Region"
      }
    },
    {
      "attributes": {
        "owner": "Conduct",
        "stage": "Completed",
        "ea1": "W70P07",
        "ea2": "Western Region"
      }
    },
    {
      "attributes": {
        "owner": "Conduct",
        "stage": "Completed",
        "ea1": "W70P10",
        "ea2": "Western Region"
      }
    },
    {
      "attributes": {
        "owner": "Conduct",
        "stage": "Completed",
        "ea1": "W70P10",
        "ea2": "Western Region"
      }
    },
    {
      "attributes": {
        "owner": "Conduct",
        "stage": "Completed",
        "ea1": "W70P07",
        "ea2": "Western Region"
      }
    },
    {
      "attributes": {
        "owner": "Conduct",
        "stage": "Completed",
        "ea1": "W70P07",
        "ea2": "Western Region"
      }
    },
    {
      "attributes": {
        "owner": "Conduct",
        "stage": "Completed",
        "ea1": "W70P07",
        "ea2": "Western Region"
      }
    },
    {
      "attributes": {
        "owner": "Conduct",
        "stage": "Completed",
        "ea1": "W70P07",
        "ea2": "Western Region"
      }
    },
    {
      "attributes": {
        "owner": "Conduct",
        "stage": "Completed",
        "ea1": "W70P07",
        "ea2": "Western Region"
      }
    },
    {
      "attributes": {
        "owner": "Conduct",
        "stage": "Completed",
        "ea1": "W70P07",
        "ea2": "Western Region"
      }
    },
    {
      "attributes": {
        "owner": "Conduct",
        "stage": "Completed",
        "ea1": "W70P07",
        "ea2": "Western Region"
      }
    },
    {
      "attributes": {
        "owner": "Conduct",
        "stage": "Completed",
        "ea1": "W70P07",
        "ea2": "Western Region"
      }
    },
    {
      "attributes": {
        "owner": "Conduct",
        "stage": "Completed",
        "ea1": "W70P07",
        "ea2": "Western Region"
      }
    },
    {
      "attributes": {
        "owner": "Conduct",
        "stage": "Completed",
        "ea1": "W70P07",
        "ea2": "Western Region"
      }
    },
    {
      "attributes": {
        "owner": "Conduct",
        "stage": "Completed",
        "ea1": "W70P07",
        "ea2": "Western Region"
      }
    },
    {
      "attributes": {
        "owner": "Conduct",
        "stage": "Completed",
        "ea1": "W70P07",
        "ea2": "Western Region"
      }
    },
    {
      "attributes": {
        "owner": "Conduct",
        "stage": "Completed",
        "ea1": "W70P07",
        "ea2": "Western Region"
      }
    },
    {
      "attributes": {
        "owner": "Conduct",
        "stage": "Completed",
        "ea1": "W70P12",
        "ea2": "Western Region"
      }
    },
    {
      "attributes": {
        "owner": "Conduct",
        "stage": "Completed",
        "ea1": "W70P07",
        "ea2": "Western Region"
      }
    },
    {
      "attributes": {
        "owner": "Conduct",
        "stage": "Completed",
        "ea1": "W70P07",
        "ea2": "Western Region"
      }
    },
    {
      "attributes": {
        "owner": "Conduct",
        "stage": "Completed",
        "ea1": "W70P07",
        "ea2": "Western Region"
      }
    },
    {
      "attributes": {
        "owner": "Conduct",
        "stage": "Completed",
        "ea1": "W70P07",
        "ea2": "Western Region"
      }
    },
    {
      "attributes": {
        "owner": "Conduct",
        "stage": "Completed",
        "ea1": "W70P07",
        "ea2": "Western Region"
      }
    },
    {
      "attributes": {
        "owner": "Conduct",
        "stage": "Completed",
        "ea1": "W70P09",
        "ea2": "Western Region"
      }
    },
    {
      "attributes": {
        "owner": "Conduct",
        "stage": "Completed",
        "ea1": "W70P07",
        "ea2": "Western Region"
      }
    },
    {
      "attributes": {
        "owner": "Conduct",
        "stage": "Completed",
        "ea1": "W70P07",
        "ea2": "Western Region"
      }
    },
    {
      "attributes": {
        "owner": "Conduct",
        "stage": "Completed",
        "ea1": "W70P07",
        "ea2": "Western Region"
      }
    },
    {
      "attributes": {
        "owner": "Conduct",
        "stage": "Construction",
        "ea1": "AS18824BH020320 ",
        "ea2": "Northern Region"
      }
    },
    {
      "attributes": {
        "owner": "Conduct",
        "stage": "Construction",
        "ea1": "AS18824BH020320 ",
        "ea2": "Northern Region"
      }
    },
    {
      "attributes": {
        "owner": "Conduct",
        "stage": "Construction",
        "ea1": " AS18859BH020320  ",
        "ea2": "Northern Region"
      }
    },
    {
      "attributes": {
        "owner": "Conduct",
        "stage": "Construction",
        "ea1": "AS18859BH020320  ",
        "ea2": "Northern Region"
      }
    },
    {
      "attributes": {
        "owner": "Conduct",
        "stage": "Completed",
        "ea1": "none",
        "ea2": "Northern Region"
      }
    },
    {
      "attributes": {
        "owner": "Conduct",
        "stage": "Construction",
        "ea1": "AS18865BH003573 ",
        "ea2": "Northern Region"
      }
    },
    {
      "attributes": {
        "owner": "Conduct",
        "stage": "Completed",
        "ea1": "AS04048BH02117a",
        "ea2": "Northern Region"
      }
    },
    {
      "attributes": {
        "owner": "Conduct",
        "stage": "Construction",
        "ea1": "265 West Avenue",
        "ea2": "none"
      }
    },
    {
      "attributes": {
        "owner": "Conduct",
        "stage": "Construction",
        "ea1": "AS18997BH002114 ",
        "ea2": "none"
      }
    },
    {
      "attributes": {
        "owner": "Conduct",
        "stage": "Construction",
        "ea1": "AS18997BH002114 ",
        "ea2": "none"
      }
    },
    {
      "attributes": {
        "owner": "Conduct",
        "stage": "Construction",
        "ea1": "AS18997BH002114 ",
        "ea2": "none"
      }
    },
    {
      "attributes": {
        "owner": "Conduct",
        "stage": "Construction",
        "ea1": "AS19003BH020318 ",
        "ea2": "Northern Region"
      }
    },
    {
      "attributes": {
        "owner": "Conduct",
        "stage": "Construction",
        "ea1": "AS19003BH020318 ",
        "ea2": "Northern Region"
      }
    },
    {
      "attributes": {
        "owner": "Conduct",
        "stage": "Construction",
        "ea1": "AS19003BH020318 ",
        "ea2": "Northern Region"
      }
    },
    {
      "attributes": {
        "owner": "Conduct",
        "stage": "Construction",
        "ea1": "AS19038BH000711",
        "ea2": "none"
      }
    },
    {
      "attributes": {
        "owner": "Conduct",
        "stage": "Construction",
        "ea1": "AS19038BH000711",
        "ea2": "none"
      }
    },
    {
      "attributes": {
        "owner": "Conduct",
        "stage": "Construction",
        "ea1": "AS19038BH000711",
        "ea2": "none"
      }
    },
    {
      "attributes": {
        "owner": "Conduct",
        "stage": "Construction",
        "ea1": "AS19038BH000711",
        "ea2": "none"
      }
    },
    {
      "attributes": {
        "owner": "Conduct",
        "stage": "Construction",
        "ea1": "AS19038BH000711",
        "ea2": "none"
      }
    },
    {
      "attributes": {
        "owner": "Conduct",
        "stage": "Construction",
        "ea1": "AS19038BH000711",
        "ea2": "none"
      }
    },
    {
      "attributes": {
        "owner": "Conduct",
        "stage": "Construction",
        "ea1": "AS19038BH000711",
        "ea2": "none"
      }
    },
    {
      "attributes": {
        "owner": "Conduct",
        "stage": "Construction",
        "ea1": "AS19038BH000711",
        "ea2": "none"
      }
    },
    {
      "attributes": {
        "owner": "Conduct",
        "stage": "Construction",
        "ea1": "AS19038BH000711",
        "ea2": "none"
      }
    },
    {
      "attributes": {
        "owner": "Conduct",
        "stage": "Construction",
        "ea1": "AS19038BH000711",
        "ea2": "none"
      }
    },
    {
      "attributes": {
        "owner": "Conduct",
        "stage": "Construction",
        "ea1": "AS19038BH000711",
        "ea2": "none"
      }
    },
    {
      "attributes": {
        "owner": "Conduct",
        "stage": "Construction",
        "ea1": "AS19038BH000711",
        "ea2": "none"
      }
    },
    {
      "attributes": {
        "owner": "Conduct",
        "stage": "Construction",
        "ea1": "AS19038BH000711",
        "ea2": "none"
      }
    },
    {
      "attributes": {
        "owner": "Conduct",
        "stage": "Construction",
        "ea1": "AS19038BH000711",
        "ea2": "none"
      }
    },
    {
      "attributes": {
        "owner": "Conduct",
        "stage": "Construction",
        "ea1": "AS19041GH021466",
        "ea2": "none"
      }
    },
    {
      "attributes": {
        "owner": "Conduct",
        "stage": "Construction",
        "ea1": "AS19041GH021466",
        "ea2": "none"
      }
    },
    {
      "attributes": {
        "owner": "Conduct",
        "stage": "Construction",
        "ea1": "NB70P11",
        "ea2": "Northern Region"
      }
    },
    {
      "attributes": {
        "owner": "Conduct",
        "stage": "Construction",
        "ea1": "NB70P11",
        "ea2": "Northern Region"
      }
    },
    {
      "attributes": {
        "owner": "Conduct",
        "stage": "Construction",
        "ea1": "AS19181BH020318",
        "ea2": "none"
      }
    },
    {
      "attributes": {
        "owner": "Conduct",
        "stage": "Construction",
        "ea1": "AS19181BH020318",
        "ea2": "none"
      }
    },
    {
      "attributes": {
        "owner": "Conduct",
        "stage": "Construction",
        "ea1": "AS19199BH346870 ",
        "ea2": "none"
      }
    },
    {
      "attributes": {
        "owner": "Conduct",
        "stage": "Construction",
        "ea1": "AS19199BH346870 ",
        "ea2": "none"
      }
    },
    {
      "attributes": {
        "owner": "Conduct",
        "stage": "Construction",
        "ea1": "AS19199BH346870 ",
        "ea2": "none"
      }
    },
    {
      "attributes": {
        "owner": "Conduct",
        "stage": "Construction",
        "ea1": "AS19199BH346870 ",
        "ea2": "none"
      }
    },
    {
      "attributes": {
        "owner": "Conduct",
        "stage": "Construction",
        "ea1": "AS19199BH346870 ",
        "ea2": "none"
      }
    },
    {
      "attributes": {
        "owner": "Conduct",
        "stage": "Construction",
        "ea1": "AS19199BH346870 ",
        "ea2": "none"
      }
    },
    {
      "attributes": {
        "owner": "Conduct",
        "stage": "Construction",
        "ea1": "AS19199BH346870 ",
        "ea2": "none"
      }
    },
    {
      "attributes": {
        "owner": "Conduct",
        "stage": "Construction",
        "ea1": "AS19199BH346870 ",
        "ea2": "none"
      }
    },
    {
      "attributes": {
        "owner": "Conduct",
        "stage": "Construction",
        "ea1": " ",
        "ea2": "Northern Region"
      }
    },
    {
      "attributes": {
        "owner": "Conduct",
        "stage": "Construction",
        "ea1": "AS19274BH021463 ",
        "ea2": "none"
      }
    },
    {
      "attributes": {
        "owner": "Conduct",
        "stage": "Construction",
        "ea1": "AS19274BH021463 ",
        "ea2": "none"
      }
    },
    {
      "attributes": {
        "owner": "Conduct",
        "stage": "Completed",
        "ea1": "NB70P12",
        "ea2": "Northern Region"
      }
    },
    {
      "attributes": {
        "owner": "Conduct",
        "stage": "Completed",
        "ea1": "NB70P12",
        "ea2": "Northern Region"
      }
    },
    {
      "attributes": {
        "owner": "Conduct",
        "stage": "Construction",
        "ea1": "AS19299BH024102",
        "ea2": "none"
      }
    },
    {
      "attributes": {
        "owner": "Conduct",
        "stage": "Construction",
        "ea1": "AS19299BH024102",
        "ea2": "none"
      }
    },
    {
      "attributes": {
        "owner": "Conduct",
        "stage": "Construction",
        "ea1": "NB70P11",
        "ea2": "Northern Region"
      }
    },
    {
      "attributes": {
        "owner": "Conduct",
        "stage": "Construction",
        "ea1": "NB70P11",
        "ea2": "Northern Region"
      }
    },
    {
      "attributes": {
        "owner": "Conduct",
        "stage": "Construction",
        "ea1": " ",
        "ea2": "Northern Region"
      }
    },
    {
      "attributes": {
        "owner": "Conduct",
        "stage": "Construction",
        "ea1": " ",
        "ea2": "Northern Region"
      }
    },
    {
      "attributes": {
        "owner": "Conduct",
        "stage": "Construction",
        "ea1": " ",
        "ea2": "Northern Region"
      }
    },
    {
      "attributes": {
        "owner": "Conduct",
        "stage": "Completed",
        "ea1": "NB70P12",
        "ea2": "Northern Region"
      }
    },
    {
      "attributes": {
        "owner": "Conduct",
        "stage": "Completed",
        "ea1": "NB70P12",
        "ea2": "Northern Region"
      }
    },
    {
      "attributes": {
        "owner": "Conduct",
        "stage": "Construction",
        "ea1": "AS19417BH024101",
        "ea2": "none"
      }
    },
    {
      "attributes": {
        "owner": "Conduct",
        "stage": "Construction",
        "ea1": "AS19417BH024101",
        "ea2": "none"
      }
    },
    {
      "attributes": {
        "owner": "Conduct",
        "stage": "Completed",
        "ea1": "NB70P12",
        "ea2": "Northern Region"
      }
    },
    {
      "attributes": {
        "owner": "Conduct",
        "stage": "Completed",
        "ea1": "NB70P12",
        "ea2": "Northern Region"
      }
    },
    {
      "attributes": {
        "owner": "Conduct",
        "stage": "Completed",
        "ea1": "NB70P12",
        "ea2": "Northern Region"
      }
    },
    {
      "attributes": {
        "owner": "Conduct",
        "stage": "Completed",
        "ea1": "AS19433BH021462 ",
        "ea2": "none"
      }
    },
    {
      "attributes": {
        "owner": "Conduct",
        "stage": "Completed",
        "ea1": "AS19433BH021462",
        "ea2": "none"
      }
    },
    {
      "attributes": {
        "owner": "Conduct",
        "stage": "Construction",
        "ea1": "AS19450BH004083 ",
        "ea2": "none"
      }
    },
    {
      "attributes": {
        "owner": "Conduct",
        "stage": "Construction",
        "ea1": "AS19450BH004083 ",
        "ea2": "none"
      }
    },
    {
      "attributes": {
        "owner": "Conduct",
        "stage": "Construction",
        "ea1": "AS19450BH004083 ",
        "ea2": "none"
      }
    },
    {
      "attributes": {
        "owner": "Conduct",
        "stage": "Construction",
        "ea1": "AS19450BH004083 ",
        "ea2": "none"
      }
    },
    {
      "attributes": {
        "owner": "Conduct",
        "stage": "Construction",
        "ea1": "AS19450BH004083 ",
        "ea2": "none"
      }
    },
    {
      "attributes": {
        "owner": "Conduct",
        "stage": "Construction",
        "ea1": "AS19450BH004083 ",
        "ea2": "none"
      }
    },
    {
      "attributes": {
        "owner": "Conduct",
        "stage": "Construction",
        "ea1": "AS19450BH004083 ",
        "ea2": "none"
      }
    },
    {
      "attributes": {
        "owner": "Conduct",
        "stage": "Construction",
        "ea1": "AS19450BH004083 ",
        "ea2": "none"
      }
    },
    {
      "attributes": {
        "owner": "Conduct",
        "stage": "Construction",
        "ea1": "AS20846BH070721 ",
        "ea2": "Northern Region"
      }
    },
    {
      "attributes": {
        "owner": "Conduct",
        "stage": "Construction",
        "ea1": "AS20846BH070721 ",
        "ea2": "Northern Region"
      }
    },
    {
      "attributes": {
        "owner": "Conduct",
        "stage": "Construction",
        "ea1": "AS20846BH070721 ",
        "ea2": "Northern Region"
      }
    },
    {
      "attributes": {
        "owner": "Conduct",
        "stage": "Construction",
        "ea1": "AS20846BH070721 ",
        "ea2": "Northern Region"
      }
    },
    {
      "attributes": {
        "owner": "Conduct",
        "stage": "Construction",
        "ea1": "AS20846BH070721 ",
        "ea2": "Northern Region"
      }
    },
    {
      "attributes": {
        "owner": "Conduct",
        "stage": "Construction",
        "ea1": "AS20846BH070721 ",
        "ea2": "Northern Region"
      }
    },
    {
      "attributes": {
        "owner": "Conduct",
        "stage": "Construction",
        "ea1": "AS20846BH070721 ",
        "ea2": "Northern Region"
      }
    },
    {
      "attributes": {
        "owner": "Conduct",
        "stage": "Construction",
        "ea1": "AS20846BH070721 ",
        "ea2": "Northern Region"
      }
    },
    {
      "attributes": {
        "owner": "Conduct",
        "stage": "Construction",
        "ea1": "AS20846BH070721 ",
        "ea2": "Northern Region"
      }
    },
    {
      "attributes": {
        "owner": "Conduct",
        "stage": "Construction",
        "ea1": "AS20846BH070721 ",
        "ea2": "Northern Region"
      }
    },
    {
      "attributes": {
        "owner": "Conduct",
        "stage": "Construction",
        "ea1": "AS20846BH070721 ",
        "ea2": "Northern Region"
      }
    },
    {
      "attributes": {
        "owner": "Conduct",
        "stage": "Construction",
        "ea1": "AS20818BH345370 ",
        "ea2": "none"
      }
    },
    {
      "attributes": {
        "owner": "Conduct",
        "stage": "Construction",
        "ea1": "AS20818BH345370",
        "ea2": "none"
      }
    },
    {
      "attributes": {
        "owner": "Conduct",
        "stage": "Completed",
        "ea1": "AS20898BH024102",
        "ea2": "none"
      }
    },
    {
      "attributes": {
        "owner": "Conduct",
        "stage": "Completed",
        "ea1": "AS20898BH024102 ",
        "ea2": "none"
      }
    },
    {
      "attributes": {
        "owner": "Conduct",
        "stage": "Construction",
        "ea1": "AS20955BH000709",
        "ea2": "none"
      }
    },
    {
      "attributes": {
        "owner": "Conduct",
        "stage": "Construction",
        "ea1": "AS20955BH000709 ",
        "ea2": "none"
      }
    },
    {
      "attributes": {
        "owner": "Conduct",
        "stage": "Completed",
        "ea1": "NB70P12",
        "ea2": "Northern Region"
      }
    },
    {
      "attributes": {
        "owner": "Conduct",
        "stage": "Completed",
        "ea1": "NB70P12",
        "ea2": "Northern Region"
      }
    },
    {
      "attributes": {
        "owner": "Conduct",
        "stage": "Completed",
        "ea1": "AS20969BH021463 ",
        "ea2": "Northern Region"
      }
    },
    {
      "attributes": {
        "owner": "Conduct",
        "stage": "Completed",
        "ea1": "AS20969BH021463",
        "ea2": "Northern Region"
      }
    },
    {
      "attributes": {
        "owner": "Conduct",
        "stage": "Construction",
        "ea1": "NB70P13",
        "ea2": "Northern Region"
      }
    },
    {
      "attributes": {
        "owner": "Conduct",
        "stage": "Construction",
        "ea1": "AS21032BH024102 ",
        "ea2": "Northern Region"
      }
    },
    {
      "attributes": {
        "owner": "Conduct",
        "stage": "Construction",
        "ea1": "AS21032BH024102 ",
        "ea2": "Northern Region"
      }
    },
    {
      "attributes": {
        "owner": "Conduct",
        "stage": "Completed",
        "ea1": "NB70P13",
        "ea2": "Northern Region"
      }
    },
    {
      "attributes": {
        "owner": "Conduct",
        "stage": "Construction",
        "ea1": "ENTRY 2",
        "ea2": "Northern Region"
      }
    },
    {
      "attributes": {
        "owner": "Conduct",
        "stage": "Construction",
        "ea1": "AS21044BH021463 ",
        "ea2": "Northern Region"
      }
    },
    {
      "attributes": {
        "owner": "Conduct",
        "stage": "Construction",
        "ea1": "AS21044BH021463 ",
        "ea2": "Northern Region"
      }
    },
    {
      "attributes": {
        "owner": "Conduct",
        "stage": "Completed",
        "ea1": "NB70P13",
        "ea2": "Northern Region"
      }
    },
    {
      "attributes": {
        "owner": "Conduct",
        "stage": "Completed",
        "ea1": "NB70P13",
        "ea2": "Northern Region"
      }
    },
    {
      "attributes": {
        "owner": "Conduct",
        "stage": "Construction",
        "ea1": "AS21046BH021463 ",
        "ea2": "Northern Region"
      }
    },
    {
      "attributes": {
        "owner": "Conduct",
        "stage": "Completed",
        "ea1": "AS21066BH001521",
        "ea2": "none"
      }
    },
    {
      "attributes": {
        "owner": "Conduct",
        "stage": "Completed",
        "ea1": "AS21066BH001521",
        "ea2": "none"
      }
    },
    {
      "attributes": {
        "owner": "Conduct",
        "stage": "Construction",
        "ea1": "AS21056BH021466 ",
        "ea2": "Northern Region"
      }
    },
    {
      "attributes": {
        "owner": "Conduct",
        "stage": "Construction",
        "ea1": "AS21056BH021466 ",
        "ea2": "Northern Region"
      }
    },
    {
      "attributes": {
        "owner": "Conduct",
        "stage": "Construction",
        "ea1": "AS21056BH021466 ",
        "ea2": "Northern Region"
      }
    },
    {
      "attributes": {
        "owner": "Conduct",
        "stage": "Construction",
        "ea1": "AS21119BH000715 ",
        "ea2": "none"
      }
    },
    {
      "attributes": {
        "owner": "Conduct",
        "stage": "Construction",
        "ea1": "AS21119BH000715",
        "ea2": "none"
      }
    },
    {
      "attributes": {
        "owner": "Conduct",
        "stage": "Construction",
        "ea1": "AS21282BH020321 ",
        "ea2": "Northern Region"
      }
    },
    {
      "attributes": {
        "owner": "Conduct",
        "stage": "Construction",
        "ea1": "AS21282BH020321 ",
        "ea2": "Northern Region"
      }
    },
    {
      "attributes": {
        "owner": "Conduct",
        "stage": "Construction",
        "ea1": "AS21315BH000712 ",
        "ea2": "none"
      }
    },
    {
      "attributes": {
        "owner": "Conduct",
        "stage": "Construction",
        "ea1": "AS21315BH000712",
        "ea2": "none"
      }
    },
    {
      "attributes": {
        "owner": "Conduct",
        "stage": "Construction",
        "ea1": "AS21324BH000712 ",
        "ea2": "Northern Region"
      }
    },
    {
      "attributes": {
        "owner": "Conduct",
        "stage": "Construction",
        "ea1": "AS21324BH000712 ",
        "ea2": "Northern Region"
      }
    },
    {
      "attributes": {
        "owner": "Conduct",
        "stage": "Completed",
        "ea1": "AS21412BH000712",
        "ea2": "none"
      }
    },
    {
      "attributes": {
        "owner": "Conduct",
        "stage": "Completed",
        "ea1": "AS21412BH000713 ",
        "ea2": "none"
      }
    },
    {
      "attributes": {
        "owner": "Conduct",
        "stage": "Completed",
        "ea1": "AS21412BH000713 ",
        "ea2": "none"
      }
    },
    {
      "attributes": {
        "owner": "Conduct",
        "stage": "Completed",
        "ea1": "AS21412BH000713 ",
        "ea2": "none"
      }
    },
    {
      "attributes": {
        "owner": "Conduct",
        "stage": "Completed",
        "ea1": "AS21412BH000713 ",
        "ea2": "none"
      }
    },
    {
      "attributes": {
        "owner": "Conduct",
        "stage": "Construction",
        "ea1": " AS17440BH020321  ",
        "ea2": "none"
      }
    },
    {
      "attributes": {
        "owner": "Conduct",
        "stage": "Construction",
        "ea1": " AS17440BH020321  ",
        "ea2": "none"
      }
    },
    {
      "attributes": {
        "owner": "Conduct",
        "stage": "Construction",
        "ea1": "AS21537BH020300 ",
        "ea2": "none"
      }
    },
    {
      "attributes": {
        "owner": "Conduct",
        "stage": "Completed",
        "ea1": "AS21537BH020300 ",
        "ea2": "none"
      }
    },
    {
      "attributes": {
        "owner": "Conduct",
        "stage": "Completed",
        "ea1": "AS21564BH000715 ",
        "ea2": "none"
      }
    },
    {
      "attributes": {
        "owner": "Conduct",
        "stage": "Completed",
        "ea1": "AS21564BH000715 ",
        "ea2": "none"
      }
    },
    {
      "attributes": {
        "owner": "Conduct",
        "stage": "Construction",
        "ea1": "AS21567BH000710",
        "ea2": "Northern Region"
      }
    },
    {
      "attributes": {
        "owner": "Conduct",
        "stage": "Construction",
        "ea1": "AS21567BH000710",
        "ea2": "Northern Region"
      }
    },
    {
      "attributes": {
        "owner": "Conduct",
        "stage": "Completed",
        "ea1": "AS21239WHCLM016",
        "ea2": "Western Region"
      }
    },
    {
      "attributes": {
        "owner": "Conduct",
        "stage": "Completed",
        "ea1": "AS21561BH000713 ",
        "ea2": "Northern Region"
      }
    },
    {
      "attributes": {
        "owner": "Conduct",
        "stage": "Construction",
        "ea1": "AS21561BH000713 ",
        "ea2": "Northern Region"
      }
    },
    {
      "attributes": {
        "owner": "Conduct",
        "stage": "Completed",
        "ea1": "AS21561BH000713 ",
        "ea2": "Northern Region"
      }
    },
    {
      "attributes": {
        "owner": "Conduct",
        "stage": "Construction",
        "ea1": "AS21561BH000713 ",
        "ea2": "Northern Region"
      }
    },
    {
      "attributes": {
        "owner": "Conduct",
        "stage": "Construction",
        "ea1": "none",
        "ea2": "none"
      }
    },
    {
      "attributes": {
        "owner": "Conduct",
        "stage": "Construction",
        "ea1": "AS21568BH000710 ",
        "ea2": "none"
      }
    },
    {
      "attributes": {
        "owner": "Conduct",
        "stage": "Construction",
        "ea1": "AS21568BH000710 ",
        "ea2": "none"
      }
    },
    {
      "attributes": {
        "owner": "Conduct",
        "stage": "Completed",
        "ea1": "AS21570BH000714 ",
        "ea2": "none"
      }
    },
    {
      "attributes": {
        "owner": "Conduct",
        "stage": "Completed",
        "ea1": "AS21570BH000714 ",
        "ea2": "none"
      }
    },
    {
      "attributes": {
        "owner": "Conduct",
        "stage": "Completed",
        "ea1": "AS21578BH345369 ",
        "ea2": "none"
      }
    },
    {
      "attributes": {
        "owner": "Conduct",
        "stage": "Completed",
        "ea1": "AS21578BH345369 ",
        "ea2": "none"
      }
    },
    {
      "attributes": {
        "owner": "Conduct",
        "stage": "Completed",
        "ea1": "none",
        "ea2": "none"
      }
    },
    {
      "attributes": {
        "owner": "Conduct",
        "stage": "Completed",
        "ea1": "AS21576GA354032 ",
        "ea2": "none"
      }
    },
    {
      "attributes": {
        "owner": "Conduct",
        "stage": "Construction",
        "ea1": "none",
        "ea2": "none"
      }
    },
    {
      "attributes": {
        "owner": "Conduct",
        "stage": "Construction",
        "ea1": "AS21576GH070714 ",
        "ea2": "Northern Region"
      }
    },
    {
      "attributes": {
        "owner": "Conduct",
        "stage": "Completed",
        "ea1": "AS21580BH020399 ",
        "ea2": "none"
      }
    },
    {
      "attributes": {
        "owner": "Conduct",
        "stage": "Completed",
        "ea1": "AS21580BH020399 ",
        "ea2": "none"
      }
    },
    {
      "attributes": {
        "owner": "Conduct",
        "stage": "Construction",
        "ea1": "AS21570BH000714 ",
        "ea2": "Northern Region"
      }
    },
    {
      "attributes": {
        "owner": "Conduct",
        "stage": "Construction",
        "ea1": "AS21570BH000714 ",
        "ea2": "Northern Region"
      }
    },
    {
      "attributes": {
        "owner": "Conduct",
        "stage": "Construction",
        "ea1": "AS21570BH000714 ",
        "ea2": "Northern Region"
      }
    },
    {
      "attributes": {
        "owner": "Conduct",
        "stage": "Construction",
        "ea1": "AS21582GH070712 ",
        "ea2": "Northern Region"
      }
    },
    {
      "attributes": {
        "owner": "Conduct",
        "stage": "Construction",
        "ea1": "AS21582GH070712 ",
        "ea2": "Northern Region"
      }
    },
    {
      "attributes": {
        "owner": "Conduct",
        "stage": "Completed",
        "ea1": "AS21590GH070728 ",
        "ea2": "none"
      }
    },
    {
      "attributes": {
        "owner": "Conduct",
        "stage": "Completed",
        "ea1": "AS21590GH070728 ",
        "ea2": "none"
      }
    },
    {
      "attributes": {
        "owner": "Conduct",
        "stage": "Completed",
        "ea1": "AS21598BH000711",
        "ea2": "none"
      }
    },
    {
      "attributes": {
        "owner": "Conduct",
        "stage": "Completed",
        "ea1": "AS21598BH000711",
        "ea2": "none"
      }
    },
    {
      "attributes": {
        "owner": "Conduct",
        "stage": "Completed",
        "ea1": " AS21598BH000711 ",
        "ea2": "none"
      }
    },
    {
      "attributes": {
        "owner": "Conduct",
        "stage": "Completed",
        "ea1": " AS21598BH000711 ",
        "ea2": "none"
      }
    },
    {
      "attributes": {
        "owner": "Conduct",
        "stage": "Completed",
        "ea1": "AS21633BH024494 ",
        "ea2": "none"
      }
    },
    {
      "attributes": {
        "owner": "Conduct",
        "stage": "Completed",
        "ea1": "AS21633BH024494 ",
        "ea2": "none"
      }
    },
    {
      "attributes": {
        "owner": "Conduct",
        "stage": "Completed",
        "ea1": "AS21739BH001521 ",
        "ea2": "Northern Region"
      }
    },
    {
      "attributes": {
        "owner": "Conduct",
        "stage": "Completed",
        "ea1": "AS21636BH001521 ",
        "ea2": "none"
      }
    },
    {
      "attributes": {
        "owner": "Conduct",
        "stage": "Completed",
        "ea1": "AS21756BH001521 ",
        "ea2": "Northern Region"
      }
    },
    {
      "attributes": {
        "owner": "Conduct",
        "stage": "Completed",
        "ea1": "AS21756BH001521 ",
        "ea2": "Northern Region"
      }
    },
    {
      "attributes": {
        "owner": "Conduct",
        "stage": "Construction",
        "ea1": "AS21756BH001521 ",
        "ea2": "Northern Region"
      }
    },
    {
      "attributes": {
        "owner": "Conduct",
        "stage": "Completed",
        "ea1": "AS21756BH001521 ",
        "ea2": "Northern Region"
      }
    },
    {
      "attributes": {
        "owner": "Conduct",
        "stage": "Completed",
        "ea1": "AS21756BH001521 ",
        "ea2": "Northern Region"
      }
    },
    {
      "attributes": {
        "owner": "Conduct",
        "stage": "Construction",
        "ea1": "AS21756BH001521 ",
        "ea2": "Northern Region"
      }
    },
    {
      "attributes": {
        "owner": "Conduct",
        "stage": "Construction",
        "ea1": "AS21969BH004093 ",
        "ea2": "Northern Region"
      }
    },
    {
      "attributes": {
        "owner": "Conduct",
        "stage": "Construction",
        "ea1": "AS21969BH004093 ",
        "ea2": "Northern Region"
      }
    },
    {
      "attributes": {
        "owner": "Conduct",
        "stage": "Construction",
        "ea1": "AS21969BH004093",
        "ea2": "Northern Region"
      }
    },
    {
      "attributes": {
        "owner": "Conduct",
        "stage": "Completed",
        "ea1": "AS22436BH000714 ",
        "ea2": "Northern Region"
      }
    },
    {
      "attributes": {
        "owner": "Conduct",
        "stage": "Completed",
        "ea1": "VS00009GH000182",
        "ea2": "Northern Region"
      }
    },
    {
      "attributes": {
        "owner": "Conduct",
        "stage": "Completed",
        "ea1": "AS22907WCH-TNP053",
        "ea2": "Western Region"
      }
    },
    {
      "attributes": {
        "owner": "Conduct",
        "stage": "Completed",
        "ea1": "AS22907WCH-TNP052",
        "ea2": "Western Region"
      }
    },
    {
      "attributes": {
        "owner": "Conduct",
        "stage": "Completed",
        "ea1": "AS23245WHTNP023",
        "ea2": "Western Region"
      }
    },
    {
      "attributes": {
        "owner": "Conduct",
        "stage": "Completed",
        "ea1": "AS23245WHTNP022",
        "ea2": "Western Region"
      }
    },
    {
      "attributes": {
        "owner": "Conduct",
        "stage": "Completed",
        "ea1": "AS25132WHTNP027",
        "ea2": "Western Region"
      }
    },
    {
      "attributes": {
        "owner": "Conduct",
        "stage": "Completed",
        "ea1": "AS25132WHTNP031",
        "ea2": "Western Region"
      }
    },
    {
      "attributes": {
        "owner": "Conduct",
        "stage": "Completed",
        "ea1": "AS25141WCHWST028",
        "ea2": "Western Region"
      }
    },
    {
      "attributes": {
        "owner": "Conduct",
        "stage": "Completed",
        "ea1": "AS25141WCHWST027",
        "ea2": "Western Region"
      }
    },
    {
      "attributes": {
        "owner": "Conduct",
        "stage": "Completed",
        "ea1": "AS14609WCH-WST-016",
        "ea2": "Western Region"
      }
    },
    {
      "attributes": {
        "owner": "Conduct",
        "stage": "Completed",
        "ea1": "AS23396WHSTN005",
        "ea2": "Western Region"
      }
    },
    {
      "attributes": {
        "owner": "Conduct",
        "stage": "Completed",
        "ea1": "AS23396WHSTN004",
        "ea2": "Western Region"
      }
    },
    {
      "attributes": {
        "owner": "Conduct",
        "stage": "Completed",
        "ea1": "AS13392WHWST006",
        "ea2": "Western Region"
      }
    },
    {
      "attributes": {
        "owner": "Conduct",
        "stage": "Construction",
        "ea1": "AS19299BH024102",
        "ea2": "none"
      }
    },
    {
      "attributes": {
        "owner": "Conduct",
        "stage": "Completed",
        "ea1": "Safari Mall",
        "ea2": "Gauteng South"
      }
    },
    {
      "attributes": {
        "owner": "Conduct",
        "stage": "Completed",
        "ea1": "AS25075WHTNP039",
        "ea2": "Western Region"
      }
    },
    {
      "attributes": {
        "owner": "Conduct",
        "stage": "Completed",
        "ea1": "AS25075WHTNP020",
        "ea2": "Western Region"
      }
    },
    {
      "attributes": {
        "owner": "Conduct",
        "stage": "Completed",
        "ea1": "G70P58",
        "ea2": "Gauteng South"
      }
    },
    {
      "attributes": {
        "owner": "Conduct",
        "stage": "Completed",
        "ea1": "G70P23",
        "ea2": "Gauteng South"
      }
    },
    {
      "attributes": {
        "owner": "Conduct",
        "stage": "Completed",
        "ea1": "G70P57",
        "ea2": "Gauteng South"
      }
    },
    {
      "attributes": {
        "owner": "Conduct",
        "stage": "Completed",
        "ea1": "G70P57",
        "ea2": "Gauteng South"
      }
    },
    {
      "attributes": {
        "owner": "Conduct",
        "stage": "Completed",
        "ea1": "G70P57",
        "ea2": "Gauteng South"
      }
    },
    {
      "attributes": {
        "owner": "Conduct",
        "stage": "Completed",
        "ea1": "G70P57",
        "ea2": "Gauteng South"
      }
    },
    {
      "attributes": {
        "owner": "Conduct",
        "stage": "Completed",
        "ea1": "G70P56",
        "ea2": "Gauteng South"
      }
    },
    {
      "attributes": {
        "owner": "Conduct",
        "stage": "Completed",
        "ea1": "G70P56",
        "ea2": "Gauteng South"
      }
    },
    {
      "attributes": {
        "owner": "Conduct",
        "stage": "Completed",
        "ea1": "G70P56",
        "ea2": "Gauteng South"
      }
    },
    {
      "attributes": {
        "owner": "Conduct",
        "stage": "Completed",
        "ea1": "G70P56",
        "ea2": "Gauteng South"
      }
    },
    {
      "attributes": {
        "owner": "Conduct",
        "stage": "Completed",
        "ea1": "G70P55",
        "ea2": "Gauteng South"
      }
    },
    {
      "attributes": {
        "owner": "Conduct",
        "stage": "Completed",
        "ea1": "G70P55",
        "ea2": "Gauteng South"
      }
    },
    {
      "attributes": {
        "owner": "Conduct",
        "stage": "Completed",
        "ea1": "AS14686WCH-WST-028",
        "ea2": "Western Region"
      }
    },
    {
      "attributes": {
        "owner": "Conduct",
        "stage": "Completed",
        "ea1": "AS14664WCH-WST-037",
        "ea2": "Western Region"
      }
    },
    {
      "attributes": {
        "owner": "Conduct",
        "stage": "Completed",
        "ea1": "AS14664WCH-WST-033",
        "ea2": "Western Region"
      }
    },
    {
      "attributes": {
        "owner": "Conduct",
        "stage": "Completed",
        "ea1": "G70P01",
        "ea2": "Gauteng South"
      }
    },
    {
      "attributes": {
        "owner": "Conduct",
        "stage": "Completed",
        "ea1": "G70P01",
        "ea2": "Gauteng South"
      }
    },
    {
      "attributes": {
        "owner": "Conduct",
        "stage": "Completed",
        "ea1": "none",
        "ea2": "Gauteng South"
      }
    },
    {
      "attributes": {
        "owner": "Conduct",
        "stage": "Completed",
        "ea1": "AS03171GH000617",
        "ea2": "Gauteng South"
      }
    },
    {
      "attributes": {
        "owner": "Conduct",
        "stage": "Completed",
        "ea1": "AS14531WCH-WST-022",
        "ea2": "Western Region"
      }
    },
    {
      "attributes": {
        "owner": "Conduct",
        "stage": "Completed",
        "ea1": "AS14531WCH-WST-021",
        "ea2": "Western Region"
      }
    },
    {
      "attributes": {
        "owner": "Conduct",
        "stage": "Completed",
        "ea1": "AS27079GH347418",
        "ea2": "Gauteng South"
      }
    },
    {
      "attributes": {
        "owner": "Conduct",
        "stage": "Completed",
        "ea1": "AS14661WCHWST40",
        "ea2": "Western Region"
      }
    },
    {
      "attributes": {
        "owner": "Conduct",
        "stage": "Completed",
        "ea1": "G70P01",
        "ea2": "Gauteng South"
      }
    },
    {
      "attributes": {
        "owner": "Conduct",
        "stage": "Completed",
        "ea1": "AS25156WHTNP24",
        "ea2": "Western Region"
      }
    },
    {
      "attributes": {
        "owner": "Conduct",
        "stage": "Completed",
        "ea1": "AS25156WHTNP24",
        "ea2": "Western Region"
      }
    },
    {
      "attributes": {
        "owner": "Conduct",
        "stage": "Construction",
        "ea1": "none",
        "ea2": "Northern Region"
      }
    },
    {
      "attributes": {
        "owner": "Conduct",
        "stage": "Completed",
        "ea1": "AS13945BA345051",
        "ea2": "Northern Region"
      }
    },
    {
      "attributes": {
        "owner": "Conduct",
        "stage": "Completed",
        "ea1": "AS13945BA345051",
        "ea2": "Northern Region"
      }
    },
    {
      "attributes": {
        "owner": "Conduct",
        "stage": "Completed",
        "ea1": "G70P01",
        "ea2": "Gauteng South"
      }
    },
    {
      "attributes": {
        "owner": "Conduct",
        "stage": "Completed",
        "ea1": "AS03171GH000618",
        "ea2": "Gauteng South"
      }
    },
    {
      "attributes": {
        "owner": "Conduct",
        "stage": "Completed",
        "ea1": "AS14685WCHWST26 ",
        "ea2": "Western Region"
      }
    },
    {
      "attributes": {
        "owner": "Conduct",
        "stage": "Completed",
        "ea1": "AS14685WCHWST27",
        "ea2": "Western Region"
      }
    },
    {
      "attributes": {
        "owner": "Conduct",
        "stage": "Completed",
        "ea1": "8A MELLIS",
        "ea2": "Gauteng South"
      }
    },
    {
      "attributes": {
        "owner": "Conduct",
        "stage": "Completed",
        "ea1": "AS14688WHWST019",
        "ea2": "Western Region"
      }
    },
    {
      "attributes": {
        "owner": "Conduct",
        "stage": "Completed",
        "ea1": "AS14688WHWST018",
        "ea2": "Western Region"
      }
    },
    {
      "attributes": {
        "owner": "Conduct",
        "stage": "Completed",
        "ea1": "AS14735WHWST013",
        "ea2": "Western Region"
      }
    },
    {
      "attributes": {
        "owner": "Conduct",
        "stage": "Completed",
        "ea1": "AS14735WHWST013",
        "ea2": "Western Region"
      }
    },
    {
      "attributes": {
        "owner": "Conduct",
        "stage": "Completed",
        "ea1": "AS14534WHWST025",
        "ea2": "Western Region"
      }
    },
    {
      "attributes": {
        "owner": "Conduct",
        "stage": "Completed",
        "ea1": "AS14534WHWST021",
        "ea2": "Western Region"
      }
    },
    {
      "attributes": {
        "owner": "Conduct",
        "stage": "Completed",
        "ea1": "AS14470WHWST010",
        "ea2": "Western Region"
      }
    },
    {
      "attributes": {
        "owner": "Conduct",
        "stage": "Completed",
        "ea1": "AS15673WHSTN006",
        "ea2": "Western Region"
      }
    },
    {
      "attributes": {
        "owner": "Conduct",
        "stage": "Completed",
        "ea1": "AS15673WHSTN006",
        "ea2": "Western Region"
      }
    },
    {
      "attributes": {
        "owner": "Conduct",
        "stage": "Completed",
        "ea1": "48 Wierda Road",
        "ea2": "Gauteng South"
      }
    },
    {
      "attributes": {
        "owner": "Conduct",
        "stage": "Completed",
        "ea1": "48 Wierda Road",
        "ea2": "Gauteng South"
      }
    },
    {
      "attributes": {
        "owner": "Conduct",
        "stage": "Completed",
        "ea1": "AS27079GH34717",
        "ea2": "Gauteng South"
      }
    },
    {
      "attributes": {
        "owner": "Conduct",
        "stage": "Completed",
        "ea1": "16 Skeen Blvd",
        "ea2": "Gauteng South"
      }
    },
    {
      "attributes": {
        "owner": "Conduct",
        "stage": "Completed",
        "ea1": "16 Skeen Blvd",
        "ea2": "Gauteng South"
      }
    },
    {
      "attributes": {
        "owner": "Conduct",
        "stage": "Completed",
        "ea1": "AS14678WCH-WST-011",
        "ea2": "Western Region"
      }
    },
    {
      "attributes": {
        "owner": "Conduct",
        "stage": "Completed",
        "ea1": "AS14643WCHWST021",
        "ea2": "Western Region"
      }
    },
    {
      "attributes": {
        "owner": "Conduct",
        "stage": "Completed",
        "ea1": "AS14606WHWST014",
        "ea2": "Western Region"
      }
    },
    {
      "attributes": {
        "owner": "Conduct",
        "stage": "Completed",
        "ea1": "AS14606WHWST015",
        "ea2": "Western Region"
      }
    },
    {
      "attributes": {
        "owner": "Conduct",
        "stage": "Completed",
        "ea1": "AS14470WHWST012",
        "ea2": "Western Region"
      }
    },
    {
      "attributes": {
        "owner": "Conduct",
        "stage": "Completed",
        "ea1": "",
        "ea2": "Western Region"
      }
    },
    {
      "attributes": {
        "owner": "Conduct",
        "stage": "Completed",
        "ea1": "",
        "ea2": "Western Region"
      }
    },
    {
      "attributes": {
        "owner": "Conduct",
        "stage": "Completed",
        "ea1": "AS25137WHWST009 ",
        "ea2": "Western Region"
      }
    },
    {
      "attributes": {
        "owner": "Conduct",
        "stage": "Completed",
        "ea1": "",
        "ea2": "Western Region"
      }
    },
    {
      "attributes": {
        "owner": "Conduct",
        "stage": "Completed",
        "ea1": "none",
        "ea2": "Western Region"
      }
    },
    {
      "attributes": {
        "owner": "Conduct",
        "stage": "Completed",
        "ea1": "none",
        "ea2": "Western Region"
      }
    },
    {
      "attributes": {
        "owner": "Conduct",
        "stage": "Completed",
        "ea1": "AS15781WHTNP015",
        "ea2": "Western Region"
      }
    },
    {
      "attributes": {
        "owner": "Conduct",
        "stage": "Completed",
        "ea1": "AS15781WHTNP016",
        "ea2": "Western Region"
      }
    },
    {
      "attributes": {
        "owner": "Conduct",
        "stage": "Completed",
        "ea1": "AS14647WCHWST020",
        "ea2": "Western Region"
      }
    },
    {
      "attributes": {
        "owner": "Conduct",
        "stage": "Completed",
        "ea1": "AS14647WCHWST021",
        "ea2": "Western Region"
      }
    }
  ]
}

Response body doesn't match expectation.
Expected: a string containing "DFA Internal Contracts"
  Actual: {
  "displayFieldName": "name",
  "fieldAliases": {
    "owner": "owner",
    "stage": "stage",
    "ea1": "Route Name",
    "ea2": "DFA Region"
  },
  "fields": [
    {
      "name": "owner",
      "type": "esriFieldTypeString",
      "alias": "owner",
      "length": 50
    },
    {
      "name": "stage",
      "type": "esriFieldTypeString",
      "alias": "stage",
      "length": 30
    },
    {
      "name": "ea1",
      "type": "esriFieldTypeString",
      "alias": "Route Name",
      "length": 100
    },
    {
      "name": "ea2",
      "type": "esriFieldTypeString",
      "alias": "DFA Region",
      "length": 100
    }
  ],
  "features": [
    {
      "attributes": {
        "owner": "Conduct",
        "stage": "Completed",
        "ea1": "G01P05",
        "ea2": "Gauteng South"
      }
    },
    {
      "attributes": {
        "owner": "Conduct",
        "stage": "Completed",
        "ea1": "G01P05",
        "ea2": "Gauteng South"
      }
    },
    {
      "attributes": {
        "owner": "Conduct",
        "stage": "Completed",
        "ea1": "G01P05",
        "ea2": "Gauteng South"
      }
    },
    {
      "attributes": {
        "owner": "Conduct",
        "stage": "Completed",
        "ea1": "G01P05",
        "ea2": "Gauteng South"
      }
    },
    {
      "attributes": {
        "owner": "Conduct",
        "stage": "Completed",
        "ea1": "G01P05",
        "ea2": "Gauteng South"
      }
    },
    {
      "attributes": {
        "owner": "Conduct",
        "stage": "Construction",
        "ea1": "none",
        "ea2": "None"
      }
    },
    {
      "attributes": {
        "owner": "Conduct",
        "stage": "Completed",
        "ea1": "AS03171GH000618",
        "ea2": "Gauteng South"
      }
    },
    {
      "attributes": {
        "owner": "Conduct",
        "stage": "Completed",
        "ea1": "AS03171GH000617",
        "ea2": "Gauteng South"
      }
    },
    {
      "attributes": {
        "owner": "Conduct",
        "stage": "Completed",
        "ea1": "W70P01",
        "ea2": "Western Region"
      }
    },
    {
      "attributes": {
        "owner": "Conduct",
        "stage": "Completed",
        "ea1": "W70P01",
        "ea2": "Western Region"
      }
    },
    {
      "attributes": {
        "owner": "Conduct",
        "stage": "Completed",
        "ea1": "W70P01",
        "ea2": "Western Region"
      }
    },
    {
      "attributes": {
        "owner": "Conduct",
        "stage": "Completed",
        "ea1": "W70P01",
        "ea2": "Western Region"
      }
    },
    {
      "attributes": {
        "owner": "Conduct",
        "stage": "Completed",
        "ea1": "W70P01",
        "ea2": "Western Region"
      }
    },
    {
      "attributes": {
        "owner": "Conduct",
        "stage": "Completed",
        "ea1": "W70P01",
        "ea2": "Western Region"
      }
    },
    {
      "attributes": {
        "owner": "Conduct",
        "stage": "Completed",
        "ea1": "W70P01",
        "ea2": "Western Region"
      }
    },
    {
      "attributes": {
        "owner": "Conduct",
        "stage": "Completed",
        "ea1": "W70P01",
        "ea2": "Western Region"
      }
    },
    {
      "attributes": {
        "owner": "Conduct",
        "stage": "Completed",
        "ea1": "Conduct Claremont Ring",
        "ea2": "Western Region"
      }
    },
    {
      "attributes": {
        "owner": "Conduct",
        "stage": "Completed",
        "ea1": "W70P01",
        "ea2": "Western Region"
      }
    },
    {
      "attributes": {
        "owner": "Conduct",
        "stage": "Completed",
        "ea1": "W70P01",
        "ea2": "Western Region"
      }
    },
    {
      "attributes": {
        "owner": "Conduct",
        "stage": "Completed",
        "ea1": "W70P01",
        "ea2": "Western Region"
      }
    },
    {
      "attributes": {
        "owner": "Conduct",
        "stage": "Completed",
        "ea1": " ",
        "ea2": "Western Region"
      }
    },
    {
      "attributes": {
        "owner": "Conduct",
        "stage": "Construction",
        "ea1": " ",
        "ea2": "Western Region"
      }
    },
    {
      "attributes": {
        "owner": "Conduct",
        "stage": "Completed",
        "ea1": "W70P01",
        "ea2": "Western Region"
      }
    },
    {
      "attributes": {
        "owner": "Conduct",
        "stage": "Completed",
        "ea1": "W70P01",
        "ea2": "Western Region"
      }
    },
    {
      "attributes": {
        "owner": "Conduct",
        "stage": "Completed",
        "ea1": "none",
        "ea2": "Northern Region"
      }
    },
    {
      "attributes": {
        "owner": "Conduct",
        "stage": "Construction",
        "ea1": "none",
        "ea2": "Northern Region"
      }
    },
    {
      "attributes": {
        "owner": "Conduct",
        "stage": "Construction",
        "ea1": "AS14680BH345924 ",
        "ea2": "Northern Region"
      }
    },
    {
      "attributes": {
        "owner": "Conduct",
        "stage": "Construction",
        "ea1": "none",
        "ea2": "none"
      }
    },
    {
      "attributes": {
        "owner": "Conduct",
        "stage": "Construction",
        "ea1": "none",
        "ea2": "none"
      }
    },
    {
      "attributes": {
        "owner": "Conduct",
        "stage": "Construction",
        "ea1": "none",
        "ea2": "none"
      }
    },
    {
      "attributes": {
        "owner": "Conduct",
        "stage": "Construction",
        "ea1": "none",
        "ea2": "Northern Region"
      }
    },
    {
      "attributes": {
        "owner": "Conduct",
        "stage": "Construction",
        "ea1": "none",
        "ea2": "Northern Region"
      }
    },
    {
      "attributes": {
        "owner": "Conduct",
        "stage": "Construction",
        "ea1": "none",
        "ea2": "Northern Region"
      }
    },
    {
      "attributes": {
        "owner": "Conduct",
        "stage": "Construction",
        "ea1": "none",
        "ea2": "Northern Region"
      }
    },
    {
      "attributes": {
        "owner": "Conduct",
        "stage": "Completed",
        "ea1": "G70P01",
        "ea2": "Gauteng South"
      }
    },
    {
      "attributes": {
        "owner": "Conduct",
        "stage": "Completed",
        "ea1": "G70P01",
        "ea2": "Gauteng South"
      }
    },
    {
      "attributes": {
        "owner": "Conduct",
        "stage": "Completed",
        "ea1": "G70P01",
        "ea2": "Gauteng South"
      }
    },
    {
      "attributes": {
        "owner": "Conduct",
        "stage": "Completed",
        "ea1": "G70P01",
        "ea2": "Gauteng South"
      }
    },
    {
      "attributes": {
        "owner": "Conduct",
        "stage": "Completed",
        "ea1": "G70P01",
        "ea2": "Gauteng South"
      }
    },
    {
      "attributes": {
        "owner": "Conduct",
        "stage": "Completed",
        "ea1": "G70P01",
        "ea2": "Gauteng South"
      }
    },
    {
      "attributes": {
        "owner": "Conduct",
        "stage": "Completed",
        "ea1": "G70P01",
        "ea2": "Gauteng South"
      }
    },
    {
      "attributes": {
        "owner": "Conduct",
        "stage": "Completed",
        "ea1": "G70P01",
        "ea2": "Gauteng South"
      }
    },
    {
      "attributes": {
        "owner": "Conduct",
        "stage": "Completed",
        "ea1": "G70P01",
        "ea2": "Gauteng South"
      }
    },
    {
      "attributes": {
        "owner": "Conduct",
        "stage": "Completed",
        "ea1": "G70P01",
        "ea2": "Gauteng South"
      }
    },
    {
      "attributes": {
        "owner": "Conduct",
        "stage": "Completed",
        "ea1": "G70P01",
        "ea2": "Gauteng South"
      }
    },
    {
      "attributes": {
        "owner": "Conduct",
        "stage": "Completed",
        "ea1": "G70P01",
        "ea2": "Gauteng South"
      }
    },
    {
      "attributes": {
        "owner": "Conduct",
        "stage": "Completed",
        "ea1": "G70P01",
        "ea2": "Gauteng South"
      }
    },
    {
      "attributes": {
        "owner": "Conduct",
        "stage": "Completed",
        "ea1": "G70P01",
        "ea2": "Gauteng South"
      }
    },
    {
      "attributes": {
        "owner": "Conduct",
        "stage": "Completed",
        "ea1": "G70P01",
        "ea2": "Gauteng South"
      }
    },
    {
      "attributes": {
        "owner": "Conduct",
        "stage": "Completed",
        "ea1": "G70P01",
        "ea2": "Gauteng South"
      }
    },
    {
      "attributes": {
        "owner": "Conduct",
        "stage": "Completed",
        "ea1": "G70P01",
        "ea2": "Gauteng South"
      }
    },
    {
      "attributes": {
        "owner": "Conduct",
        "stage": "Completed",
        "ea1": "G70P01",
        "ea2": "Gauteng South"
      }
    },
    {
      "attributes": {
        "owner": "Conduct",
        "stage": "Completed",
        "ea1": "G70P01",
        "ea2": "Gauteng South"
      }
    },
    {
      "attributes": {
        "owner": "Conduct",
        "stage": "Completed",
        "ea1": "G70P01",
        "ea2": "Gauteng South"
      }
    },
    {
      "attributes": {
        "owner": "Conduct",
        "stage": "Completed",
        "ea1": "G70P01",
        "ea2": "Gauteng South"
      }
    },
    {
      "attributes": {
        "owner": "Conduct",
        "stage": "Completed",
        "ea1": "G70P01",
        "ea2": "Gauteng South"
      }
    },
    {
      "attributes": {
        "owner": "Conduct",
        "stage": "Completed",
        "ea1": "AS13625GHFRI008",
        "ea2": "Gauteng South"
      }
    },
    {
      "attributes": {
        "owner": "Conduct",
        "stage": "Completed",
        "ea1": "G70P01",
        "ea2": "Gauteng South"
      }
    },
    {
      "attributes": {
        "owner": "Conduct",
        "stage": "Completed",
        "ea1": "G70P01",
        "ea2": "Gauteng South"
      }
    },
    {
      "attributes": {
        "owner": "Conduct",
        "stage": "Completed",
        "ea1": "G70P01",
        "ea2": "Gauteng South"
      }
    },
    {
      "attributes": {
        "owner": "Conduct",
        "stage": "Completed",
        "ea1": "G70P01",
        "ea2": "Gauteng South"
      }
    },
    {
      "attributes": {
        "owner": "Conduct",
        "stage": "Construction",
        "ea1": "AS13708BH004086",
        "ea2": "Northern Region"
      }
    },
    {
      "attributes": {
        "owner": "Conduct",
        "stage": "Construction",
        "ea1": "AS13708BH004093",
        "ea2": "Northern Region"
      }
    },
    {
      "attributes": {
        "owner": "Conduct",
        "stage": "Construction",
        "ea1": "none",
        "ea2": "Northern Region"
      }
    },
    {
      "attributes": {
        "owner": "Conduct",
        "stage": "Completed",
        "ea1": "AS13945BA345051",
        "ea2": "Northern Region"
      }
    },
    {
      "attributes": {
        "owner": "Conduct",
        "stage": "Construction",
        "ea1": "none",
        "ea2": "Northern Region"
      }
    },
    {
      "attributes": {
        "owner": "Conduct",
        "stage": "Completed",
        "ea1": "AS13945BA345051",
        "ea2": "Northern Region"
      }
    },
    {
      "attributes": {
        "owner": "Conduct",
        "stage": "Construction",
        "ea1": "none",
        "ea2": "none"
      }
    },
    {
      "attributes": {
        "owner": "Conduct",
        "stage": "Completed",
        "ea1": "none",
        "ea2": "Northern Region"
      }
    },
    {
      "attributes": {
        "owner": "Conduct",
        "stage": "Construction",
        "ea1": "AS13938BH340127 ",
        "ea2": "Northern Region"
      }
    },
    {
      "attributes": {
        "owner": "Conduct",
        "stage": "Construction",
        "ea1": "AS13938GH070803 ",
        "ea2": "Northern Region"
      }
    },
    {
      "attributes": {
        "owner": "Conduct",
        "stage": "Completed",
        "ea1": "AS13945BA345051",
        "ea2": "Northern Region"
      }
    },
    {
      "attributes": {
        "owner": "Conduct",
        "stage": "Construction",
        "ea1": "none",
        "ea2": "Northern Region"
      }
    },
    {
      "attributes": {
        "owner": "Conduct",
        "stage": "Construction",
        "ea1": "none",
        "ea2": "none"
      }
    },
    {
      "attributes": {
        "owner": "Conduct",
        "stage": "Construction",
        "ea1": "",
        "ea2": "none"
      }
    },
    {
      "attributes": {
        "owner": "Conduct",
        "stage": "Construction",
        "ea1": "",
        "ea2": "none"
      }
    },
    {
      "attributes": {
        "owner": "Conduct",
        "stage": "Completed",
        "ea1": " ",
        "ea2": "Western Region"
      }
    },
    {
      "attributes": {
        "owner": "Conduct",
        "stage": "Completed",
        "ea1": "AS11870WH281134",
        "ea2": "Western Region"
      }
    },
    {
      "attributes": {
        "owner": "Conduct",
        "stage": "Construction",
        "ea1": "AS14112BH301661",
        "ea2": "Northern Region"
      }
    },
    {
      "attributes": {
        "owner": "Conduct",
        "stage": "Completed",
        "ea1": "W70P09",
        "ea2": "Western Region"
      }
    },
    {
      "attributes": {
        "owner": "Conduct",
        "stage": "Completed",
        "ea1": "W70P08",
        "ea2": "Western Region"
      }
    },
    {
      "attributes": {
        "owner": "Conduct",
        "stage": "Completed",
        "ea1": "W70P07",
        "ea2": "Western Region"
      }
    },
    {
      "attributes": {
        "owner": "Conduct",
        "stage": "Completed",
        "ea1": "W70P11",
        "ea2": "Western Region"
      }
    },
    {
      "attributes": {
        "owner": "Conduct",
        "stage": "Construction",
        "ea1": " ",
        "ea2": "Northern Region"
      }
    },
    {
      "attributes": {
        "owner": "Conduct",
        "stage": "Construction",
        "ea1": "AS14414BA345056",
        "ea2": "Northern Region"
      }
    },
    {
      "attributes": {
        "owner": "Conduct",
        "stage": "Construction",
        "ea1": " ",
        "ea2": "Northern Region"
      }
    },
    {
      "attributes": {
        "owner": "Conduct",
        "stage": "Construction",
        "ea1": " ",
        "ea2": "Northern Region"
      }
    },
    {
      "attributes": {
        "owner": "Conduct",
        "stage": "Construction",
        "ea1": " ",
        "ea2": "Northern Region"
      }
    },
    {
      "attributes": {
        "owner": "Conduct",
        "stage": "Construction",
        "ea1": " ",
        "ea2": "Northern Region"
      }
    },
    {
      "attributes": {
        "owner": "Conduct",
        "stage": "Construction",
        "ea1": " ",
        "ea2": "Northern Region"
      }
    },
    {
      "attributes": {
        "owner": "Conduct",
        "stage": "Construction",
        "ea1": " ",
        "ea2": "Northern Region"
      }
    },
    {
      "attributes": {
        "owner": "Conduct",
        "stage": "Construction",
        "ea1": " ",
        "ea2": "Northern Region"
      }
    },
    {
      "attributes": {
        "owner": "Conduct",
        "stage": "Construction",
        "ea1": " ",
        "ea2": "Northern Region"
      }
    },
    {
      "attributes": {
        "owner": "Conduct",
        "stage": "Construction",
        "ea1": " ",
        "ea2": "Northern Region"
      }
    },
    {
      "attributes": {
        "owner": "Conduct",
        "stage": "Construction",
        "ea1": " ",
        "ea2": "Northern Region"
      }
    },
    {
      "attributes": {
        "owner": "Conduct",
        "stage": "Construction",
        "ea1": " ",
        "ea2": "Northern Region"
      }
    },
    {
      "attributes": {
        "owner": "Conduct",
        "stage": "Construction",
        "ea1": " ",
        "ea2": "Northern Region"
      }
    },
    {
      "attributes": {
        "owner": "Conduct",
        "stage": "Construction",
        "ea1": " ",
        "ea2": "Northern Region"
      }
    },
    {
      "attributes": {
        "owner": "Conduct",
        "stage": "Construction",
        "ea1": " ",
        "ea2": "Northern Region"
      }
    },
    {
      "attributes": {
        "owner": "Conduct",
        "stage": "Construction",
        "ea1": " ",
        "ea2": "Northern Region"
      }
    },
    {
      "attributes": {
        "owner": "Conduct",
        "stage": "Construction",
        "ea1": " ",
        "ea2": "Northern Region"
      }
    },
    {
      "attributes": {
        "owner": "Conduct",
        "stage": "Construction",
        "ea1": "NB70P11",
        "ea2": "Northern Region"
      }
    },
    {
      "attributes": {
        "owner": "Conduct",
        "stage": "Construction",
        "ea1": " ",
        "ea2": "Northern Region"
      }
    },
    {
      "attributes": {
        "owner": "Conduct",
        "stage": "Construction",
        "ea1": " ",
        "ea2": "Northern Region"
      }
    },
    {
      "attributes": {
        "owner": "Conduct",
        "stage": "Construction",
        "ea1": " ",
        "ea2": "Northern Region"
      }
    },
    {
      "attributes": {
        "owner": "Conduct",
        "stage": "Construction",
        "ea1": " ",
        "ea2": "Northern Region"
      }
    },
    {
      "attributes": {
        "owner": "Conduct",
        "stage": "Construction",
        "ea1": " ",
        "ea2": "Northern Region"
      }
    },
    {
      "attributes": {
        "owner": "Conduct",
        "stage": "Construction",
        "ea1": "NB70P11",
        "ea2": "Northern Region"
      }
    },
    {
      "attributes": {
        "owner": "Conduct",
        "stage": "Construction",
        "ea1": "NB70P11",
        "ea2": "Northern Region"
      }
    },
    {
      "attributes": {
        "owner": "Conduct",
        "stage": "Construction",
        "ea1": " ",
        "ea2": "Northern Region"
      }
    },
    {
      "attributes": {
        "owner": "Conduct",
        "stage": "Construction",
        "ea1": "NB70P11",
        "ea2": "Northern Region"
      }
    },
    {
      "attributes": {
        "owner": "Conduct",
        "stage": "Construction",
        "ea1": "NB70P11",
        "ea2": "Northern Region"
      }
    },
    {
      "attributes": {
        "owner": "Conduct",
        "stage": "Construction",
        "ea1": "NB70P11",
        "ea2": "Northern Region"
      }
    },
    {
      "attributes": {
        "owner": "Conduct",
        "stage": "Construction",
        "ea1": "NB70P11",
        "ea2": "Northern Region"
      }
    },
    {
      "attributes": {
        "owner": "Conduct",
        "stage": "Construction",
        "ea1": "NB70P11",
        "ea2": "Northern Region"
      }
    },
    {
      "attributes": {
        "owner": "Conduct",
        "stage": "Construction",
        "ea1": "NB70P11",
        "ea2": "Northern Region"
      }
    },
    {
      "attributes": {
        "owner": "Conduct",
        "stage": "Construction",
        "ea1": "AS14112BH301661",
        "ea2": "Northern Region"
      }
    },
    {
      "attributes": {
        "owner": "Conduct",
        "stage": "Construction",
        "ea1": "AS14112BH301661",
        "ea2": "Northern Region"
      }
    },
    {
      "attributes": {
        "owner": "Conduct",
        "stage": "Construction",
        "ea1": "NB70P06",
        "ea2": "Northern Region"
      }
    },
    {
      "attributes": {
        "owner": "Conduct",
        "stage": "Construction",
        "ea1": "NB70P06",
        "ea2": "Northern Region"
      }
    },
    {
      "attributes": {
        "owner": "Conduct",
        "stage": "Construction",
        "ea1": "NB70P06",
        "ea2": "Northern Region"
      }
    },
    {
      "attributes": {
        "owner": "Conduct",
        "stage": "Construction",
        "ea1": "none",
        "ea2": "Northern Region"
      }
    },
    {
      "attributes": {
        "owner": "Conduct",
        "stage": "Construction",
        "ea1": "none",
        "ea2": "Northern Region"
      }
    },
    {
      "attributes": {
        "owner": "Conduct",
        "stage": "Construction",
        "ea1": "none",
        "ea2": "Northern Region"
      }
    },
    {
      "attributes": {
        "owner": "Conduct",
        "stage": "Construction",
        "ea1": "none",
        "ea2": "Northern Region"
      }
    },
    {
      "attributes": {
        "owner": "Conduct",
        "stage": "Completed",
        "ea1": "W70P07",
        "ea2": "Western Region"
      }
    },
    {
      "attributes": {
        "owner": "Conduct",
        "stage": "Completed",
        "ea1": "W70P07",
        "ea2": "Western Region"
      }
    },
    {
      "attributes": {
        "owner": "Conduct",
        "stage": "Completed",
        "ea1": "W70P07",
        "ea2": "Western Region"
      }
    },
    {
      "attributes": {
        "owner": "Conduct",
        "stage": "Completed",
        "ea1": "W70P10",
        "ea2": "Western Region"
      }
    },
    {
      "attributes": {
        "owner": "Conduct",
        "stage": "Completed",
        "ea1": "W50P94",
        "ea2": "Western Region"
      }
    },
    {
      "attributes": {
        "owner": "Conduct",
        "stage": "Completed",
        "ea1": "W70P12",
        "ea2": "Western Region"
      }
    },
    {
      "attributes": {
        "owner": "Conduct",
        "stage": "Completed",
        "ea1": "W70P12",
        "ea2": "Western Region"
      }
    },
    {
      "attributes": {
        "owner": "Conduct",
        "stage": "Completed",
        "ea1": "W70P12",
        "ea2": "Western Region"
      }
    },
    {
      "attributes": {
        "owner": "Conduct",
        "stage": "Completed",
        "ea1": "W70P12",
        "ea2": "Western Region"
      }
    },
    {
      "attributes": {
        "owner": "Conduct",
        "stage": "Completed",
        "ea1": "W70P12",
        "ea2": "Western Region"
      }
    },
    {
      "attributes": {
        "owner": "Conduct",
        "stage": "Completed",
        "ea1": "W70P12",
        "ea2": "Western Region"
      }
    },
    {
      "attributes": {
        "owner": "Conduct",
        "stage": "Completed",
        "ea1": "W70P12",
        "ea2": "Western Region"
      }
    },
    {
      "attributes": {
        "owner": "Conduct",
        "stage": "Construction",
        "ea1": "NB70P12",
        "ea2": "Northern Region"
      }
    },
    {
      "attributes": {
        "owner": "Conduct",
        "stage": "Completed",
        "ea1": "NB70P12",
        "ea2": "Northern Region"
      }
    },
    {
      "attributes": {
        "owner": "Conduct",
        "stage": "Completed",
        "ea1": "NB70P12",
        "ea2": "Northern Region"
      }
    },
    {
      "attributes": {
        "owner": "Conduct",
        "stage": "Completed",
        "ea1": "NB70P12",
        "ea2": "Northern Region"
      }
    },
    {
      "attributes": {
        "owner": "Conduct",
        "stage": "Completed",
        "ea1": "NB70P12",
        "ea2": "Northern Region"
      }
    },
    {
      "attributes": {
        "owner": "Conduct",
        "stage": "Completed",
        "ea1": "NB70P12",
        "ea2": "Northern Region"
      }
    },
    {
      "attributes": {
        "owner": "Conduct",
        "stage": "Completed",
        "ea1": "NB70P12",
        "ea2": "Northern Region"
      }
    },
    {
      "attributes": {
        "owner": "Conduct",
        "stage": "Construction",
        "ea1": "NB70P12",
        "ea2": "Northern Region"
      }
    },
    {
      "attributes": {
        "owner": "Conduct",
        "stage": "Construction",
        "ea1": "NB70P12",
        "ea2": "Northern Region"
      }
    },
    {
      "attributes": {
        "owner": "Conduct",
        "stage": "Completed",
        "ea1": "NB70P13",
        "ea2": "Northern Region"
      }
    },
    {
      "attributes": {
        "owner": "Conduct",
        "stage": "Construction",
        "ea1": "NB70P13",
        "ea2": "Northern Region"
      }
    },
    {
      "attributes": {
        "owner": "Conduct",
        "stage": "Completed",
        "ea1": "NB70P13",
        "ea2": "Northern Region"
      }
    },
    {
      "attributes": {
        "owner": "Conduct",
        "stage": "Construction",
        "ea1": "AS15842BA345005",
        "ea2": "Northern Region"
      }
    },
    {
      "attributes": {
        "owner": "Conduct",
        "stage": "Construction",
        "ea1": "AS15842GA345006",
        "ea2": "Northern Region"
      }
    },
    {
      "attributes": {
        "owner": "Conduct",
        "stage": "Completed",
        "ea1": "AS15841BH003572",
        "ea2": "Northern Region"
      }
    },
    {
      "attributes": {
        "owner": "Conduct",
        "stage": "Construction",
        "ea1": "AS15841BH003572",
        "ea2": "Northern Region"
      }
    },
    {
      "attributes": {
        "owner": "Conduct",
        "stage": "Construction",
        "ea1": "AS16512BH300050",
        "ea2": "Northern Region"
      }
    },
    {
      "attributes": {
        "owner": "Conduct",
        "stage": "Construction",
        "ea1": "AS16512BH300049",
        "ea2": "Northern Region"
      }
    },
    {
      "attributes": {
        "owner": "Conduct",
        "stage": "Completed",
        "ea1": "AS16339WHWST036",
        "ea2": "Western Region"
      }
    },
    {
      "attributes": {
        "owner": "Conduct",
        "stage": "Completed",
        "ea1": "AS16339WHWST037",
        "ea2": "Western Region"
      }
    },
    {
      "attributes": {
        "owner": "Conduct",
        "stage": "Completed",
        "ea1": "AS16590WHWST024",
        "ea2": "Western Region"
      }
    },
    {
      "attributes": {
        "owner": "Conduct",
        "stage": "Completed",
        "ea1": "AS16590WHWST025",
        "ea2": "Western Region"
      }
    },
    {
      "attributes": {
        "owner": "Conduct",
        "stage": "Completed",
        "ea1": "AS15673WHSTN007",
        "ea2": "Western Region"
      }
    },
    {
      "attributes": {
        "owner": "Conduct",
        "stage": "Completed",
        "ea1": "AS13392WHWST005",
        "ea2": "Western Region"
      }
    },
    {
      "attributes": {
        "owner": "Conduct",
        "stage": "Completed",
        "ea1": "AS13392WHWST006",
        "ea2": "Western Region"
      }
    },
    {
      "attributes": {
        "owner": "Conduct",
        "stage": "Construction",
        "ea1": "AS13547BH004091 ",
        "ea2": "Northern Region"
      }
    },
    {
      "attributes": {
        "owner": "Conduct",
        "stage": "Completed",
        "ea1": "AS14529WH283126",
        "ea2": "Western Region"
      }
    },
    {
      "attributes": {
        "owner": "Conduct",
        "stage": "Completed",
        "ea1": "AS14529WH283125",
        "ea2": "Western Region"
      }
    },
    {
      "attributes": {
        "owner": "Conduct",
        "stage": "Completed",
        "ea1": "AS14529WH283113",
        "ea2": "Western Region"
      }
    },
    {
      "attributes": {
        "owner": "Conduct",
        "stage": "Construction",
        "ea1": " ",
        "ea2": "Western Region"
      }
    },
    {
      "attributes": {
        "owner": "Conduct",
        "stage": "Completed",
        "ea1": " ",
        "ea2": "Western Region"
      }
    },
    {
      "attributes": {
        "owner": "Conduct",
        "stage": "Completed",
        "ea1": " ",
        "ea2": "Western Region"
      }
    },
    {
      "attributes": {
        "owner": "Conduct",
        "stage": "Completed",
        "ea1": "AS16055WSTN002",
        "ea2": "Western Region"
      }
    },
    {
      "attributes": {
        "owner": "Conduct",
        "stage": "Completed",
        "ea1": "W70P07",
        "ea2": "Western Region"
      }
    },
    {
      "attributes": {
        "owner": "Conduct",
        "stage": "Construction",
        "ea1": "AS17789BH345327 ",
        "ea2": "Northern Region"
      }
    },
    {
      "attributes": {
        "owner": "Conduct",
        "stage": "Construction",
        "ea1": " ",
        "ea2": "Northern Region"
      }
    },
    {
      "attributes": {
        "owner": "Conduct",
        "stage": "Construction",
        "ea1": " ",
        "ea2": "Northern Region"
      }
    },
    {
      "attributes": {
        "owner": "Conduct",
        "stage": "Construction",
        "ea1": " ",
        "ea2": "Northern Region"
      }
    },
    {
      "attributes": {
        "owner": "Conduct",
        "stage": "Completed",
        "ea1": "none",
        "ea2": "Northern Region"
      }
    },
    {
      "attributes": {
        "owner": "Conduct",
        "stage": "Completed",
        "ea1": "none",
        "ea2": "Northern Region"
      }
    },
    {
      "attributes": {
        "owner": "Conduct",
        "stage": "Completed",
        "ea1": "W70P07",
        "ea2": "Western Region"
      }
    },
    {
      "attributes": {
        "owner": "Conduct",
        "stage": "Completed",
        "ea1": "W70P07",
        "ea2": "Western Region"
      }
    },
    {
      "attributes": {
        "owner": "Conduct",
        "stage": "Completed",
        "ea1": "W70P07",
        "ea2": "Western Region"
      }
    },
    {
      "attributes": {
        "owner": "Conduct",
        "stage": "Completed",
        "ea1": "W70P10",
        "ea2": "Western Region"
      }
    },
    {
      "attributes": {
        "owner": "Conduct",
        "stage": "Completed",
        "ea1": "W70P10",
        "ea2": "Western Region"
      }
    },
    {
      "attributes": {
        "owner": "Conduct",
        "stage": "Completed",
        "ea1": "W70P07",
        "ea2": "Western Region"
      }
    },
    {
      "attributes": {
        "owner": "Conduct",
        "stage": "Completed",
        "ea1": "W70P07",
        "ea2": "Western Region"
      }
    },
    {
      "attributes": {
        "owner": "Conduct",
        "stage": "Completed",
        "ea1": "W70P07",
        "ea2": "Western Region"
      }
    },
    {
      "attributes": {
        "owner": "Conduct",
        "stage": "Completed",
        "ea1": "W70P07",
        "ea2": "Western Region"
      }
    },
    {
      "attributes": {
        "owner": "Conduct",
        "stage": "Completed",
        "ea1": "W70P07",
        "ea2": "Western Region"
      }
    },
    {
      "attributes": {
        "owner": "Conduct",
        "stage": "Completed",
        "ea1": "W70P07",
        "ea2": "Western Region"
      }
    },
    {
      "attributes": {
        "owner": "Conduct",
        "stage": "Completed",
        "ea1": "W70P07",
        "ea2": "Western Region"
      }
    },
    {
      "attributes": {
        "owner": "Conduct",
        "stage": "Completed",
        "ea1": "W70P07",
        "ea2": "Western Region"
      }
    },
    {
      "attributes": {
        "owner": "Conduct",
        "stage": "Completed",
        "ea1": "W70P07",
        "ea2": "Western Region"
      }
    },
    {
      "attributes": {
        "owner": "Conduct",
        "stage": "Completed",
        "ea1": "W70P07",
        "ea2": "Western Region"
      }
    },
    {
      "attributes": {
        "owner": "Conduct",
        "stage": "Completed",
        "ea1": "W70P07",
        "ea2": "Western Region"
      }
    },
    {
      "attributes": {
        "owner": "Conduct",
        "stage": "Completed",
        "ea1": "W70P07",
        "ea2": "Western Region"
      }
    },
    {
      "attributes": {
        "owner": "Conduct",
        "stage": "Completed",
        "ea1": "W70P07",
        "ea2": "Western Region"
      }
    },
    {
      "attributes": {
        "owner": "Conduct",
        "stage": "Completed",
        "ea1": "W70P12",
        "ea2": "Western Region"
      }
    },
    {
      "attributes": {
        "owner": "Conduct",
        "stage": "Completed",
        "ea1": "W70P07",
        "ea2": "Western Region"
      }
    },
    {
      "attributes": {
        "owner": "Conduct",
        "stage": "Completed",
        "ea1": "W70P07",
        "ea2": "Western Region"
      }
    },
    {
      "attributes": {
        "owner": "Conduct",
        "stage": "Completed",
        "ea1": "W70P07",
        "ea2": "Western Region"
      }
    },
    {
      "attributes": {
        "owner": "Conduct",
        "stage": "Completed",
        "ea1": "W70P07",
        "ea2": "Western Region"
      }
    },
    {
      "attributes": {
        "owner": "Conduct",
        "stage": "Completed",
        "ea1": "W70P07",
        "ea2": "Western Region"
      }
    },
    {
      "attributes": {
        "owner": "Conduct",
        "stage": "Completed",
        "ea1": "W70P09",
        "ea2": "Western Region"
      }
    },
    {
      "attributes": {
        "owner": "Conduct",
        "stage": "Completed",
        "ea1": "W70P07",
        "ea2": "Western Region"
      }
    },
    {
      "attributes": {
        "owner": "Conduct",
        "stage": "Completed",
        "ea1": "W70P07",
        "ea2": "Western Region"
      }
    },
    {
      "attributes": {
        "owner": "Conduct",
        "stage": "Completed",
        "ea1": "W70P07",
        "ea2": "Western Region"
      }
    },
    {
      "attributes": {
        "owner": "Conduct",
        "stage": "Construction",
        "ea1": "AS18824BH020320 ",
        "ea2": "Northern Region"
      }
    },
    {
      "attributes": {
        "owner": "Conduct",
        "stage": "Construction",
        "ea1": "AS18824BH020320 ",
        "ea2": "Northern Region"
      }
    },
    {
      "attributes": {
        "owner": "Conduct",
        "stage": "Construction",
        "ea1": " AS18859BH020320  ",
        "ea2": "Northern Region"
      }
    },
    {
      "attributes": {
        "owner": "Conduct",
        "stage": "Construction",
        "ea1": "AS18859BH020320  ",
        "ea2": "Northern Region"
      }
    },
    {
      "attributes": {
        "owner": "Conduct",
        "stage": "Completed",
        "ea1": "none",
        "ea2": "Northern Region"
      }
    },
    {
      "attributes": {
        "owner": "Conduct",
        "stage": "Construction",
        "ea1": "AS18865BH003573 ",
        "ea2": "Northern Region"
      }
    },
    {
      "attributes": {
        "owner": "Conduct",
        "stage": "Completed",
        "ea1": "AS04048BH02117a",
        "ea2": "Northern Region"
      }
    },
    {
      "attributes": {
        "owner": "Conduct",
        "stage": "Construction",
        "ea1": "265 West Avenue",
        "ea2": "none"
      }
    },
    {
      "attributes": {
        "owner": "Conduct",
        "stage": "Construction",
        "ea1": "AS18997BH002114 ",
        "ea2": "none"
      }
    },
    {
      "attributes": {
        "owner": "Conduct",
        "stage": "Construction",
        "ea1": "AS18997BH002114 ",
        "ea2": "none"
      }
    },
    {
      "attributes": {
        "owner": "Conduct",
        "stage": "Construction",
        "ea1": "AS18997BH002114 ",
        "ea2": "none"
      }
    },
    {
      "attributes": {
        "owner": "Conduct",
        "stage": "Construction",
        "ea1": "AS19003BH020318 ",
        "ea2": "Northern Region"
      }
    },
    {
      "attributes": {
        "owner": "Conduct",
        "stage": "Construction",
        "ea1": "AS19003BH020318 ",
        "ea2": "Northern Region"
      }
    },
    {
      "attributes": {
        "owner": "Conduct",
        "stage": "Construction",
        "ea1": "AS19003BH020318 ",
        "ea2": "Northern Region"
      }
    },
    {
      "attributes": {
        "owner": "Conduct",
        "stage": "Construction",
        "ea1": "AS19038BH000711",
        "ea2": "none"
      }
    },
    {
      "attributes": {
        "owner": "Conduct",
        "stage": "Construction",
        "ea1": "AS19038BH000711",
        "ea2": "none"
      }
    },
    {
      "attributes": {
        "owner": "Conduct",
        "stage": "Construction",
        "ea1": "AS19038BH000711",
        "ea2": "none"
      }
    },
    {
      "attributes": {
        "owner": "Conduct",
        "stage": "Construction",
        "ea1": "AS19038BH000711",
        "ea2": "none"
      }
    },
    {
      "attributes": {
        "owner": "Conduct",
        "stage": "Construction",
        "ea1": "AS19038BH000711",
        "ea2": "none"
      }
    },
    {
      "attributes": {
        "owner": "Conduct",
        "stage": "Construction",
        "ea1": "AS19038BH000711",
        "ea2": "none"
      }
    },
    {
      "attributes": {
        "owner": "Conduct",
        "stage": "Construction",
        "ea1": "AS19038BH000711",
        "ea2": "none"
      }
    },
    {
      "attributes": {
        "owner": "Conduct",
        "stage": "Construction",
        "ea1": "AS19038BH000711",
        "ea2": "none"
      }
    },
    {
      "attributes": {
        "owner": "Conduct",
        "stage": "Construction",
        "ea1": "AS19038BH000711",
        "ea2": "none"
      }
    },
    {
      "attributes": {
        "owner": "Conduct",
        "stage": "Construction",
        "ea1": "AS19038BH000711",
        "ea2": "none"
      }
    },
    {
      "attributes": {
        "owner": "Conduct",
        "stage": "Construction",
        "ea1": "AS19038BH000711",
        "ea2": "none"
      }
    },
    {
      "attributes": {
        "owner": "Conduct",
        "stage": "Construction",
        "ea1": "AS19038BH000711",
        "ea2": "none"
      }
    },
    {
      "attributes": {
        "owner": "Conduct",
        "stage": "Construction",
        "ea1": "AS19038BH000711",
        "ea2": "none"
      }
    },
    {
      "attributes": {
        "owner": "Conduct",
        "stage": "Construction",
        "ea1": "AS19038BH000711",
        "ea2": "none"
      }
    },
    {
      "attributes": {
        "owner": "Conduct",
        "stage": "Construction",
        "ea1": "AS19041GH021466",
        "ea2": "none"
      }
    },
    {
      "attributes": {
        "owner": "Conduct",
        "stage": "Construction",
        "ea1": "AS19041GH021466",
        "ea2": "none"
      }
    },
    {
      "attributes": {
        "owner": "Conduct",
        "stage": "Construction",
        "ea1": "NB70P11",
        "ea2": "Northern Region"
      }
    },
    {
      "attributes": {
        "owner": "Conduct",
        "stage": "Construction",
        "ea1": "NB70P11",
        "ea2": "Northern Region"
      }
    },
    {
      "attributes": {
        "owner": "Conduct",
        "stage": "Construction",
        "ea1": "AS19181BH020318",
        "ea2": "none"
      }
    },
    {
      "attributes": {
        "owner": "Conduct",
        "stage": "Construction",
        "ea1": "AS19181BH020318",
        "ea2": "none"
      }
    },
    {
      "attributes": {
        "owner": "Conduct",
        "stage": "Construction",
        "ea1": "AS19199BH346870 ",
        "ea2": "none"
      }
    },
    {
      "attributes": {
        "owner": "Conduct",
        "stage": "Construction",
        "ea1": "AS19199BH346870 ",
        "ea2": "none"
      }
    },
    {
      "attributes": {
        "owner": "Conduct",
        "stage": "Construction",
        "ea1": "AS19199BH346870 ",
        "ea2": "none"
      }
    },
    {
      "attributes": {
        "owner": "Conduct",
        "stage": "Construction",
        "ea1": "AS19199BH346870 ",
        "ea2": "none"
      }
    },
    {
      "attributes": {
        "owner": "Conduct",
        "stage": "Construction",
        "ea1": "AS19199BH346870 ",
        "ea2": "none"
      }
    },
    {
      "attributes": {
        "owner": "Conduct",
        "stage": "Construction",
        "ea1": "AS19199BH346870 ",
        "ea2": "none"
      }
    },
    {
      "attributes": {
        "owner": "Conduct",
        "stage": "Construction",
        "ea1": "AS19199BH346870 ",
        "ea2": "none"
      }
    },
    {
      "attributes": {
        "owner": "Conduct",
        "stage": "Construction",
        "ea1": "AS19199BH346870 ",
        "ea2": "none"
      }
    },
    {
      "attributes": {
        "owner": "Conduct",
        "stage": "Construction",
        "ea1": " ",
        "ea2": "Northern Region"
      }
    },
    {
      "attributes": {
        "owner": "Conduct",
        "stage": "Construction",
        "ea1": "AS19274BH021463 ",
        "ea2": "none"
      }
    },
    {
      "attributes": {
        "owner": "Conduct",
        "stage": "Construction",
        "ea1": "AS19274BH021463 ",
        "ea2": "none"
      }
    },
    {
      "attributes": {
        "owner": "Conduct",
        "stage": "Completed",
        "ea1": "NB70P12",
        "ea2": "Northern Region"
      }
    },
    {
      "attributes": {
        "owner": "Conduct",
        "stage": "Completed",
        "ea1": "NB70P12",
        "ea2": "Northern Region"
      }
    },
    {
      "attributes": {
        "owner": "Conduct",
        "stage": "Construction",
        "ea1": "AS19299BH024102",
        "ea2": "none"
      }
    },
    {
      "attributes": {
        "owner": "Conduct",
        "stage": "Construction",
        "ea1": "AS19299BH024102",
        "ea2": "none"
      }
    },
    {
      "attributes": {
        "owner": "Conduct",
        "stage": "Construction",
        "ea1": "NB70P11",
        "ea2": "Northern Region"
      }
    },
    {
      "attributes": {
        "owner": "Conduct",
        "stage": "Construction",
        "ea1": "NB70P11",
        "ea2": "Northern Region"
      }
    },
    {
      "attributes": {
        "owner": "Conduct",
        "stage": "Construction",
        "ea1": " ",
        "ea2": "Northern Region"
      }
    },
    {
      "attributes": {
        "owner": "Conduct",
        "stage": "Construction",
        "ea1": " ",
        "ea2": "Northern Region"
      }
    },
    {
      "attributes": {
        "owner": "Conduct",
        "stage": "Construction",
        "ea1": " ",
        "ea2": "Northern Region"
      }
    },
    {
      "attributes": {
        "owner": "Conduct",
        "stage": "Completed",
        "ea1": "NB70P12",
        "ea2": "Northern Region"
      }
    },
    {
      "attributes": {
        "owner": "Conduct",
        "stage": "Completed",
        "ea1": "NB70P12",
        "ea2": "Northern Region"
      }
    },
    {
      "attributes": {
        "owner": "Conduct",
        "stage": "Construction",
        "ea1": "AS19417BH024101",
        "ea2": "none"
      }
    },
    {
      "attributes": {
        "owner": "Conduct",
        "stage": "Construction",
        "ea1": "AS19417BH024101",
        "ea2": "none"
      }
    },
    {
      "attributes": {
        "owner": "Conduct",
        "stage": "Completed",
        "ea1": "NB70P12",
        "ea2": "Northern Region"
      }
    },
    {
      "attributes": {
        "owner": "Conduct",
        "stage": "Completed",
        "ea1": "NB70P12",
        "ea2": "Northern Region"
      }
    },
    {
      "attributes": {
        "owner": "Conduct",
        "stage": "Completed",
        "ea1": "NB70P12",
        "ea2": "Northern Region"
      }
    },
    {
      "attributes": {
        "owner": "Conduct",
        "stage": "Completed",
        "ea1": "AS19433BH021462 ",
        "ea2": "none"
      }
    },
    {
      "attributes": {
        "owner": "Conduct",
        "stage": "Completed",
        "ea1": "AS19433BH021462",
        "ea2": "none"
      }
    },
    {
      "attributes": {
        "owner": "Conduct",
        "stage": "Construction",
        "ea1": "AS19450BH004083 ",
        "ea2": "none"
      }
    },
    {
      "attributes": {
        "owner": "Conduct",
        "stage": "Construction",
        "ea1": "AS19450BH004083 ",
        "ea2": "none"
      }
    },
    {
      "attributes": {
        "owner": "Conduct",
        "stage": "Construction",
        "ea1": "AS19450BH004083 ",
        "ea2": "none"
      }
    },
    {
      "attributes": {
        "owner": "Conduct",
        "stage": "Construction",
        "ea1": "AS19450BH004083 ",
        "ea2": "none"
      }
    },
    {
      "attributes": {
        "owner": "Conduct",
        "stage": "Construction",
        "ea1": "AS19450BH004083 ",
        "ea2": "none"
      }
    },
    {
      "attributes": {
        "owner": "Conduct",
        "stage": "Construction",
        "ea1": "AS19450BH004083 ",
        "ea2": "none"
      }
    },
    {
      "attributes": {
        "owner": "Conduct",
        "stage": "Construction",
        "ea1": "AS19450BH004083 ",
        "ea2": "none"
      }
    },
    {
      "attributes": {
        "owner": "Conduct",
        "stage": "Construction",
        "ea1": "AS19450BH004083 ",
        "ea2": "none"
      }
    },
    {
      "attributes": {
        "owner": "Conduct",
        "stage": "Construction",
        "ea1": "AS20846BH070721 ",
        "ea2": "Northern Region"
      }
    },
    {
      "attributes": {
        "owner": "Conduct",
        "stage": "Construction",
        "ea1": "AS20846BH070721 ",
        "ea2": "Northern Region"
      }
    },
    {
      "attributes": {
        "owner": "Conduct",
        "stage": "Construction",
        "ea1": "AS20846BH070721 ",
        "ea2": "Northern Region"
      }
    },
    {
      "attributes": {
        "owner": "Conduct",
        "stage": "Construction",
        "ea1": "AS20846BH070721 ",
        "ea2": "Northern Region"
      }
    },
    {
      "attributes": {
        "owner": "Conduct",
        "stage": "Construction",
        "ea1": "AS20846BH070721 ",
        "ea2": "Northern Region"
      }
    },
    {
      "attributes": {
        "owner": "Conduct",
        "stage": "Construction",
        "ea1": "AS20846BH070721 ",
        "ea2": "Northern Region"
      }
    },
    {
      "attributes": {
        "owner": "Conduct",
        "stage": "Construction",
        "ea1": "AS20846BH070721 ",
        "ea2": "Northern Region"
      }
    },
    {
      "attributes": {
        "owner": "Conduct",
        "stage": "Construction",
        "ea1": "AS20846BH070721 ",
        "ea2": "Northern Region"
      }
    },
    {
      "attributes": {
        "owner": "Conduct",
        "stage": "Construction",
        "ea1": "AS20846BH070721 ",
        "ea2": "Northern Region"
      }
    },
    {
      "attributes": {
        "owner": "Conduct",
        "stage": "Construction",
        "ea1": "AS20846BH070721 ",
        "ea2": "Northern Region"
      }
    },
    {
      "attributes": {
        "owner": "Conduct",
        "stage": "Construction",
        "ea1": "AS20846BH070721 ",
        "ea2": "Northern Region"
      }
    },
    {
      "attributes": {
        "owner": "Conduct",
        "stage": "Construction",
        "ea1": "AS20818BH345370 ",
        "ea2": "none"
      }
    },
    {
      "attributes": {
        "owner": "Conduct",
        "stage": "Construction",
        "ea1": "AS20818BH345370",
        "ea2": "none"
      }
    },
    {
      "attributes": {
        "owner": "Conduct",
        "stage": "Completed",
        "ea1": "AS20898BH024102",
        "ea2": "none"
      }
    },
    {
      "attributes": {
        "owner": "Conduct",
        "stage": "Completed",
        "ea1": "AS20898BH024102 ",
        "ea2": "none"
      }
    },
    {
      "attributes": {
        "owner": "Conduct",
        "stage": "Construction",
        "ea1": "AS20955BH000709",
        "ea2": "none"
      }
    },
    {
      "attributes": {
        "owner": "Conduct",
        "stage": "Construction",
        "ea1": "AS20955BH000709 ",
        "ea2": "none"
      }
    },
    {
      "attributes": {
        "owner": "Conduct",
        "stage": "Completed",
        "ea1": "NB70P12",
        "ea2": "Northern Region"
      }
    },
    {
      "attributes": {
        "owner": "Conduct",
        "stage": "Completed",
        "ea1": "NB70P12",
        "ea2": "Northern Region"
      }
    },
    {
      "attributes": {
        "owner": "Conduct",
        "stage": "Completed",
        "ea1": "AS20969BH021463 ",
        "ea2": "Northern Region"
      }
    },
    {
      "attributes": {
        "owner": "Conduct",
        "stage": "Completed",
        "ea1": "AS20969BH021463",
        "ea2": "Northern Region"
      }
    },
    {
      "attributes": {
        "owner": "Conduct",
        "stage": "Construction",
        "ea1": "NB70P13",
        "ea2": "Northern Region"
      }
    },
    {
      "attributes": {
        "owner": "Conduct",
        "stage": "Construction",
        "ea1": "AS21032BH024102 ",
        "ea2": "Northern Region"
      }
    },
    {
      "attributes": {
        "owner": "Conduct",
        "stage": "Construction",
        "ea1": "AS21032BH024102 ",
        "ea2": "Northern Region"
      }
    },
    {
      "attributes": {
        "owner": "Conduct",
        "stage": "Completed",
        "ea1": "NB70P13",
        "ea2": "Northern Region"
      }
    },
    {
      "attributes": {
        "owner": "Conduct",
        "stage": "Construction",
        "ea1": "ENTRY 2",
        "ea2": "Northern Region"
      }
    },
    {
      "attributes": {
        "owner": "Conduct",
        "stage": "Construction",
        "ea1": "AS21044BH021463 ",
        "ea2": "Northern Region"
      }
    },
    {
      "attributes": {
        "owner": "Conduct",
        "stage": "Construction",
        "ea1": "AS21044BH021463 ",
        "ea2": "Northern Region"
      }
    },
    {
      "attributes": {
        "owner": "Conduct",
        "stage": "Completed",
        "ea1": "NB70P13",
        "ea2": "Northern Region"
      }
    },
    {
      "attributes": {
        "owner": "Conduct",
        "stage": "Completed",
        "ea1": "NB70P13",
        "ea2": "Northern Region"
      }
    },
    {
      "attributes": {
        "owner": "Conduct",
        "stage": "Construction",
        "ea1": "AS21046BH021463 ",
        "ea2": "Northern Region"
      }
    },
    {
      "attributes": {
        "owner": "Conduct",
        "stage": "Completed",
        "ea1": "AS21066BH001521",
        "ea2": "none"
      }
    },
    {
      "attributes": {
        "owner": "Conduct",
        "stage": "Completed",
        "ea1": "AS21066BH001521",
        "ea2": "none"
      }
    },
    {
      "attributes": {
        "owner": "Conduct",
        "stage": "Construction",
        "ea1": "AS21056BH021466 ",
        "ea2": "Northern Region"
      }
    },
    {
      "attributes": {
        "owner": "Conduct",
        "stage": "Construction",
        "ea1": "AS21056BH021466 ",
        "ea2": "Northern Region"
      }
    },
    {
      "attributes": {
        "owner": "Conduct",
        "stage": "Construction",
        "ea1": "AS21056BH021466 ",
        "ea2": "Northern Region"
      }
    },
    {
      "attributes": {
        "owner": "Conduct",
        "stage": "Construction",
        "ea1": "AS21119BH000715 ",
        "ea2": "none"
      }
    },
    {
      "attributes": {
        "owner": "Conduct",
        "stage": "Construction",
        "ea1": "AS21119BH000715",
        "ea2": "none"
      }
    },
    {
      "attributes": {
        "owner": "Conduct",
        "stage": "Construction",
        "ea1": "AS21282BH020321 ",
        "ea2": "Northern Region"
      }
    },
    {
      "attributes": {
        "owner": "Conduct",
        "stage": "Construction",
        "ea1": "AS21282BH020321 ",
        "ea2": "Northern Region"
      }
    },
    {
      "attributes": {
        "owner": "Conduct",
        "stage": "Construction",
        "ea1": "AS21315BH000712 ",
        "ea2": "none"
      }
    },
    {
      "attributes": {
        "owner": "Conduct",
        "stage": "Construction",
        "ea1": "AS21315BH000712",
        "ea2": "none"
      }
    },
    {
      "attributes": {
        "owner": "Conduct",
        "stage": "Construction",
        "ea1": "AS21324BH000712 ",
        "ea2": "Northern Region"
      }
    },
    {
      "attributes": {
        "owner": "Conduct",
        "stage": "Construction",
        "ea1": "AS21324BH000712 ",
        "ea2": "Northern Region"
      }
    },
    {
      "attributes": {
        "owner": "Conduct",
        "stage": "Completed",
        "ea1": "AS21412BH000712",
        "ea2": "none"
      }
    },
    {
      "attributes": {
        "owner": "Conduct",
        "stage": "Completed",
        "ea1": "AS21412BH000713 ",
        "ea2": "none"
      }
    },
    {
      "attributes": {
        "owner": "Conduct",
        "stage": "Completed",
        "ea1": "AS21412BH000713 ",
        "ea2": "none"
      }
    },
    {
      "attributes": {
        "owner": "Conduct",
        "stage": "Completed",
        "ea1": "AS21412BH000713 ",
        "ea2": "none"
      }
    },
    {
      "attributes": {
        "owner": "Conduct",
        "stage": "Completed",
        "ea1": "AS21412BH000713 ",
        "ea2": "none"
      }
    },
    {
      "attributes": {
        "owner": "Conduct",
        "stage": "Construction",
        "ea1": " AS17440BH020321  ",
        "ea2": "none"
      }
    },
    {
      "attributes": {
        "owner": "Conduct",
        "stage": "Construction",
        "ea1": " AS17440BH020321  ",
        "ea2": "none"
      }
    },
    {
      "attributes": {
        "owner": "Conduct",
        "stage": "Construction",
        "ea1": "AS21537BH020300 ",
        "ea2": "none"
      }
    },
    {
      "attributes": {
        "owner": "Conduct",
        "stage": "Completed",
        "ea1": "AS21537BH020300 ",
        "ea2": "none"
      }
    },
    {
      "attributes": {
        "owner": "Conduct",
        "stage": "Completed",
        "ea1": "AS21564BH000715 ",
        "ea2": "none"
      }
    },
    {
      "attributes": {
        "owner": "Conduct",
        "stage": "Completed",
        "ea1": "AS21564BH000715 ",
        "ea2": "none"
      }
    },
    {
      "attributes": {
        "owner": "Conduct",
        "stage": "Construction",
        "ea1": "AS21567BH000710",
        "ea2": "Northern Region"
      }
    },
    {
      "attributes": {
        "owner": "Conduct",
        "stage": "Construction",
        "ea1": "AS21567BH000710",
        "ea2": "Northern Region"
      }
    },
    {
      "attributes": {
        "owner": "Conduct",
        "stage": "Completed",
        "ea1": "AS21239WHCLM016",
        "ea2": "Western Region"
      }
    },
    {
      "attributes": {
        "owner": "Conduct",
        "stage": "Completed",
        "ea1": "AS21561BH000713 ",
        "ea2": "Northern Region"
      }
    },
    {
      "attributes": {
        "owner": "Conduct",
        "stage": "Construction",
        "ea1": "AS21561BH000713 ",
        "ea2": "Northern Region"
      }
    },
    {
      "attributes": {
        "owner": "Conduct",
        "stage": "Completed",
        "ea1": "AS21561BH000713 ",
        "ea2": "Northern Region"
      }
    },
    {
      "attributes": {
        "owner": "Conduct",
        "stage": "Construction",
        "ea1": "AS21561BH000713 ",
        "ea2": "Northern Region"
      }
    },
    {
      "attributes": {
        "owner": "Conduct",
        "stage": "Construction",
        "ea1": "none",
        "ea2": "none"
      }
    },
    {
      "attributes": {
        "owner": "Conduct",
        "stage": "Construction",
        "ea1": "AS21568BH000710 ",
        "ea2": "none"
      }
    },
    {
      "attributes": {
        "owner": "Conduct",
        "stage": "Construction",
        "ea1": "AS21568BH000710 ",
        "ea2": "none"
      }
    },
    {
      "attributes": {
        "owner": "Conduct",
        "stage": "Completed",
        "ea1": "AS21570BH000714 ",
        "ea2": "none"
      }
    },
    {
      "attributes": {
        "owner": "Conduct",
        "stage": "Completed",
        "ea1": "AS21570BH000714 ",
        "ea2": "none"
      }
    },
    {
      "attributes": {
        "owner": "Conduct",
        "stage": "Completed",
        "ea1": "AS21578BH345369 ",
        "ea2": "none"
      }
    },
    {
      "attributes": {
        "owner": "Conduct",
        "stage": "Completed",
        "ea1": "AS21578BH345369 ",
        "ea2": "none"
      }
    },
    {
      "attributes": {
        "owner": "Conduct",
        "stage": "Completed",
        "ea1": "none",
        "ea2": "none"
      }
    },
    {
      "attributes": {
        "owner": "Conduct",
        "stage": "Completed",
        "ea1": "AS21576GA354032 ",
        "ea2": "none"
      }
    },
    {
      "attributes": {
        "owner": "Conduct",
        "stage": "Construction",
        "ea1": "none",
        "ea2": "none"
      }
    },
    {
      "attributes": {
        "owner": "Conduct",
        "stage": "Construction",
        "ea1": "AS21576GH070714 ",
        "ea2": "Northern Region"
      }
    },
    {
      "attributes": {
        "owner": "Conduct",
        "stage": "Completed",
        "ea1": "AS21580BH020399 ",
        "ea2": "none"
      }
    },
    {
      "attributes": {
        "owner": "Conduct",
        "stage": "Completed",
        "ea1": "AS21580BH020399 ",
        "ea2": "none"
      }
    },
    {
      "attributes": {
        "owner": "Conduct",
        "stage": "Construction",
        "ea1": "AS21570BH000714 ",
        "ea2": "Northern Region"
      }
    },
    {
      "attributes": {
        "owner": "Conduct",
        "stage": "Construction",
        "ea1": "AS21570BH000714 ",
        "ea2": "Northern Region"
      }
    },
    {
      "attributes": {
        "owner": "Conduct",
        "stage": "Construction",
        "ea1": "AS21570BH000714 ",
        "ea2": "Northern Region"
      }
    },
    {
      "attributes": {
        "owner": "Conduct",
        "stage": "Construction",
        "ea1": "AS21582GH070712 ",
        "ea2": "Northern Region"
      }
    },
    {
      "attributes": {
        "owner": "Conduct",
        "stage": "Construction",
        "ea1": "AS21582GH070712 ",
        "ea2": "Northern Region"
      }
    },
    {
      "attributes": {
        "owner": "Conduct",
        "stage": "Completed",
        "ea1": "AS21590GH070728 ",
        "ea2": "none"
      }
    },
    {
      "attributes": {
        "owner": "Conduct",
        "stage": "Completed",
        "ea1": "AS21590GH070728 ",
        "ea2": "none"
      }
    },
    {
      "attributes": {
        "owner": "Conduct",
        "stage": "Completed",
        "ea1": "AS21598BH000711",
        "ea2": "none"
      }
    },
    {
      "attributes": {
        "owner": "Conduct",
        "stage": "Completed",
        "ea1": "AS21598BH000711",
        "ea2": "none"
      }
    },
    {
      "attributes": {
        "owner": "Conduct",
        "stage": "Completed",
        "ea1": " AS21598BH000711 ",
        "ea2": "none"
      }
    },
    {
      "attributes": {
        "owner": "Conduct",
        "stage": "Completed",
        "ea1": " AS21598BH000711 ",
        "ea2": "none"
      }
    },
    {
      "attributes": {
        "owner": "Conduct",
        "stage": "Completed",
        "ea1": "AS21633BH024494 ",
        "ea2": "none"
      }
    },
    {
      "attributes": {
        "owner": "Conduct",
        "stage": "Completed",
        "ea1": "AS21633BH024494 ",
        "ea2": "none"
      }
    },
    {
      "attributes": {
        "owner": "Conduct",
        "stage": "Completed",
        "ea1": "AS21739BH001521 ",
        "ea2": "Northern Region"
      }
    },
    {
      "attributes": {
        "owner": "Conduct",
        "stage": "Completed",
        "ea1": "AS21636BH001521 ",
        "ea2": "none"
      }
    },
    {
      "attributes": {
        "owner": "Conduct",
        "stage": "Completed",
        "ea1": "AS21756BH001521 ",
        "ea2": "Northern Region"
      }
    },
    {
      "attributes": {
        "owner": "Conduct",
        "stage": "Completed",
        "ea1": "AS21756BH001521 ",
        "ea2": "Northern Region"
      }
    },
    {
      "attributes": {
        "owner": "Conduct",
        "stage": "Construction",
        "ea1": "AS21756BH001521 ",
        "ea2": "Northern Region"
      }
    },
    {
      "attributes": {
        "owner": "Conduct",
        "stage": "Completed",
        "ea1": "AS21756BH001521 ",
        "ea2": "Northern Region"
      }
    },
    {
      "attributes": {
        "owner": "Conduct",
        "stage": "Completed",
        "ea1": "AS21756BH001521 ",
        "ea2": "Northern Region"
      }
    },
    {
      "attributes": {
        "owner": "Conduct",
        "stage": "Construction",
        "ea1": "AS21756BH001521 ",
        "ea2": "Northern Region"
      }
    },
    {
      "attributes": {
        "owner": "Conduct",
        "stage": "Construction",
        "ea1": "AS21969BH004093 ",
        "ea2": "Northern Region"
      }
    },
    {
      "attributes": {
        "owner": "Conduct",
        "stage": "Construction",
        "ea1": "AS21969BH004093 ",
        "ea2": "Northern Region"
      }
    },
    {
      "attributes": {
        "owner": "Conduct",
        "stage": "Construction",
        "ea1": "AS21969BH004093",
        "ea2": "Northern Region"
      }
    },
    {
      "attributes": {
        "owner": "Conduct",
        "stage": "Completed",
        "ea1": "AS22436BH000714 ",
        "ea2": "Northern Region"
      }
    },
    {
      "attributes": {
        "owner": "Conduct",
        "stage": "Completed",
        "ea1": "VS00009GH000182",
        "ea2": "Northern Region"
      }
    },
    {
      "attributes": {
        "owner": "Conduct",
        "stage": "Completed",
        "ea1": "AS22907WCH-TNP053",
        "ea2": "Western Region"
      }
    },
    {
      "attributes": {
        "owner": "Conduct",
        "stage": "Completed",
        "ea1": "AS22907WCH-TNP052",
        "ea2": "Western Region"
      }
    },
    {
      "attributes": {
        "owner": "Conduct",
        "stage": "Completed",
        "ea1": "AS23245WHTNP023",
        "ea2": "Western Region"
      }
    },
    {
      "attributes": {
        "owner": "Conduct",
        "stage": "Completed",
        "ea1": "AS23245WHTNP022",
        "ea2": "Western Region"
      }
    },
    {
      "attributes": {
        "owner": "Conduct",
        "stage": "Completed",
        "ea1": "AS25132WHTNP027",
        "ea2": "Western Region"
      }
    },
    {
      "attributes": {
        "owner": "Conduct",
        "stage": "Completed",
        "ea1": "AS25132WHTNP031",
        "ea2": "Western Region"
      }
    },
    {
      "attributes": {
        "owner": "Conduct",
        "stage": "Completed",
        "ea1": "AS25141WCHWST028",
        "ea2": "Western Region"
      }
    },
    {
      "attributes": {
        "owner": "Conduct",
        "stage": "Completed",
        "ea1": "AS25141WCHWST027",
        "ea2": "Western Region"
      }
    },
    {
      "attributes": {
        "owner": "Conduct",
        "stage": "Completed",
        "ea1": "AS14609WCH-WST-016",
        "ea2": "Western Region"
      }
    },
    {
      "attributes": {
        "owner": "Conduct",
        "stage": "Completed",
        "ea1": "AS23396WHSTN005",
        "ea2": "Western Region"
      }
    },
    {
      "attributes": {
        "owner": "Conduct",
        "stage": "Completed",
        "ea1": "AS23396WHSTN004",
        "ea2": "Western Region"
      }
    },
    {
      "attributes": {
        "owner": "Conduct",
        "stage": "Completed",
        "ea1": "AS13392WHWST006",
        "ea2": "Western Region"
      }
    },
    {
      "attributes": {
        "owner": "Conduct",
        "stage": "Construction",
        "ea1": "AS19299BH024102",
        "ea2": "none"
      }
    },
    {
      "attributes": {
        "owner": "Conduct",
        "stage": "Completed",
        "ea1": "Safari Mall",
        "ea2": "Gauteng South"
      }
    },
    {
      "attributes": {
        "owner": "Conduct",
        "stage": "Completed",
        "ea1": "AS25075WHTNP039",
        "ea2": "Western Region"
      }
    },
    {
      "attributes": {
        "owner": "Conduct",
        "stage": "Completed",
        "ea1": "AS25075WHTNP020",
        "ea2": "Western Region"
      }
    },
    {
      "attributes": {
        "owner": "Conduct",
        "stage": "Completed",
        "ea1": "G70P58",
        "ea2": "Gauteng South"
      }
    },
    {
      "attributes": {
        "owner": "Conduct",
        "stage": "Completed",
        "ea1": "G70P23",
        "ea2": "Gauteng South"
      }
    },
    {
      "attributes": {
        "owner": "Conduct",
        "stage": "Completed",
        "ea1": "G70P57",
        "ea2": "Gauteng South"
      }
    },
    {
      "attributes": {
        "owner": "Conduct",
        "stage": "Completed",
        "ea1": "G70P57",
        "ea2": "Gauteng South"
      }
    },
    {
      "attributes": {
        "owner": "Conduct",
        "stage": "Completed",
        "ea1": "G70P57",
        "ea2": "Gauteng South"
      }
    },
    {
      "attributes": {
        "owner": "Conduct",
        "stage": "Completed",
        "ea1": "G70P57",
        "ea2": "Gauteng South"
      }
    },
    {
      "attributes": {
        "owner": "Conduct",
        "stage": "Completed",
        "ea1": "G70P56",
        "ea2": "Gauteng South"
      }
    },
    {
      "attributes": {
        "owner": "Conduct",
        "stage": "Completed",
        "ea1": "G70P56",
        "ea2": "Gauteng South"
      }
    },
    {
      "attributes": {
        "owner": "Conduct",
        "stage": "Completed",
        "ea1": "G70P56",
        "ea2": "Gauteng South"
      }
    },
    {
      "attributes": {
        "owner": "Conduct",
        "stage": "Completed",
        "ea1": "G70P56",
        "ea2": "Gauteng South"
      }
    },
    {
      "attributes": {
        "owner": "Conduct",
        "stage": "Completed",
        "ea1": "G70P55",
        "ea2": "Gauteng South"
      }
    },
    {
      "attributes": {
        "owner": "Conduct",
        "stage": "Completed",
        "ea1": "G70P55",
        "ea2": "Gauteng South"
      }
    },
    {
      "attributes": {
        "owner": "Conduct",
        "stage": "Completed",
        "ea1": "AS14686WCH-WST-028",
        "ea2": "Western Region"
      }
    },
    {
      "attributes": {
        "owner": "Conduct",
        "stage": "Completed",
        "ea1": "AS14664WCH-WST-037",
        "ea2": "Western Region"
      }
    },
    {
      "attributes": {
        "owner": "Conduct",
        "stage": "Completed",
        "ea1": "AS14664WCH-WST-033",
        "ea2": "Western Region"
      }
    },
    {
      "attributes": {
        "owner": "Conduct",
        "stage": "Completed",
        "ea1": "G70P01",
        "ea2": "Gauteng South"
      }
    },
    {
      "attributes": {
        "owner": "Conduct",
        "stage": "Completed",
        "ea1": "G70P01",
        "ea2": "Gauteng South"
      }
    },
    {
      "attributes": {
        "owner": "Conduct",
        "stage": "Completed",
        "ea1": "none",
        "ea2": "Gauteng South"
      }
    },
    {
      "attributes": {
        "owner": "Conduct",
        "stage": "Completed",
        "ea1": "AS03171GH000617",
        "ea2": "Gauteng South"
      }
    },
    {
      "attributes": {
        "owner": "Conduct",
        "stage": "Completed",
        "ea1": "AS14531WCH-WST-022",
        "ea2": "Western Region"
      }
    },
    {
      "attributes": {
        "owner": "Conduct",
        "stage": "Completed",
        "ea1": "AS14531WCH-WST-021",
        "ea2": "Western Region"
      }
    },
    {
      "attributes": {
        "owner": "Conduct",
        "stage": "Completed",
        "ea1": "AS27079GH347418",
        "ea2": "Gauteng South"
      }
    },
    {
      "attributes": {
        "owner": "Conduct",
        "stage": "Completed",
        "ea1": "AS14661WCHWST40",
        "ea2": "Western Region"
      }
    },
    {
      "attributes": {
        "owner": "Conduct",
        "stage": "Completed",
        "ea1": "G70P01",
        "ea2": "Gauteng South"
      }
    },
    {
      "attributes": {
        "owner": "Conduct",
        "stage": "Completed",
        "ea1": "AS25156WHTNP24",
        "ea2": "Western Region"
      }
    },
    {
      "attributes": {
        "owner": "Conduct",
        "stage": "Completed",
        "ea1": "AS25156WHTNP24",
        "ea2": "Western Region"
      }
    },
    {
      "attributes": {
        "owner": "Conduct",
        "stage": "Construction",
        "ea1": "none",
        "ea2": "Northern Region"
      }
    },
    {
      "attributes": {
        "owner": "Conduct",
        "stage": "Completed",
        "ea1": "AS13945BA345051",
        "ea2": "Northern Region"
      }
    },
    {
      "attributes": {
        "owner": "Conduct",
        "stage": "Completed",
        "ea1": "AS13945BA345051",
        "ea2": "Northern Region"
      }
    },
    {
      "attributes": {
        "owner": "Conduct",
        "stage": "Completed",
        "ea1": "G70P01",
        "ea2": "Gauteng South"
      }
    },
    {
      "attributes": {
        "owner": "Conduct",
        "stage": "Completed",
        "ea1": "AS03171GH000618",
        "ea2": "Gauteng South"
      }
    },
    {
      "attributes": {
        "owner": "Conduct",
        "stage": "Completed",
        "ea1": "AS14685WCHWST26 ",
        "ea2": "Western Region"
      }
    },
    {
      "attributes": {
        "owner": "Conduct",
        "stage": "Completed",
        "ea1": "AS14685WCHWST27",
        "ea2": "Western Region"
      }
    },
    {
      "attributes": {
        "owner": "Conduct",
        "stage": "Completed",
        "ea1": "8A MELLIS",
        "ea2": "Gauteng South"
      }
    },
    {
      "attributes": {
        "owner": "Conduct",
        "stage": "Completed",
        "ea1": "AS14688WHWST019",
        "ea2": "Western Region"
      }
    },
    {
      "attributes": {
        "owner": "Conduct",
        "stage": "Completed",
        "ea1": "AS14688WHWST018",
        "ea2": "Western Region"
      }
    },
    {
      "attributes": {
        "owner": "Conduct",
        "stage": "Completed",
        "ea1": "AS14735WHWST013",
        "ea2": "Western Region"
      }
    },
    {
      "attributes": {
        "owner": "Conduct",
        "stage": "Completed",
        "ea1": "AS14735WHWST013",
        "ea2": "Western Region"
      }
    },
    {
      "attributes": {
        "owner": "Conduct",
        "stage": "Completed",
        "ea1": "AS14534WHWST025",
        "ea2": "Western Region"
      }
    },
    {
      "attributes": {
        "owner": "Conduct",
        "stage": "Completed",
        "ea1": "AS14534WHWST021",
        "ea2": "Western Region"
      }
    },
    {
      "attributes": {
        "owner": "Conduct",
        "stage": "Completed",
        "ea1": "AS14470WHWST010",
        "ea2": "Western Region"
      }
    },
    {
      "attributes": {
        "owner": "Conduct",
        "stage": "Completed",
        "ea1": "AS15673WHSTN006",
        "ea2": "Western Region"
      }
    },
    {
      "attributes": {
        "owner": "Conduct",
        "stage": "Completed",
        "ea1": "AS15673WHSTN006",
        "ea2": "Western Region"
      }
    },
    {
      "attributes": {
        "owner": "Conduct",
        "stage": "Completed",
        "ea1": "48 Wierda Road",
        "ea2": "Gauteng South"
      }
    },
    {
      "attributes": {
        "owner": "Conduct",
        "stage": "Completed",
        "ea1": "48 Wierda Road",
        "ea2": "Gauteng South"
      }
    },
    {
      "attributes": {
        "owner": "Conduct",
        "stage": "Completed",
        "ea1": "AS27079GH34717",
        "ea2": "Gauteng South"
      }
    },
    {
      "attributes": {
        "owner": "Conduct",
        "stage": "Completed",
        "ea1": "16 Skeen Blvd",
        "ea2": "Gauteng South"
      }
    },
    {
      "attributes": {
        "owner": "Conduct",
        "stage": "Completed",
        "ea1": "16 Skeen Blvd",
        "ea2": "Gauteng South"
      }
    },
    {
      "attributes": {
        "owner": "Conduct",
        "stage": "Completed",
        "ea1": "AS14678WCH-WST-011",
        "ea2": "Western Region"
      }
    },
    {
      "attributes": {
        "owner": "Conduct",
        "stage": "Completed",
        "ea1": "AS14643WCHWST021",
        "ea2": "Western Region"
      }
    },
    {
      "attributes": {
        "owner": "Conduct",
        "stage": "Completed",
        "ea1": "AS14606WHWST014",
        "ea2": "Western Region"
      }
    },
    {
      "attributes": {
        "owner": "Conduct",
        "stage": "Completed",
        "ea1": "AS14606WHWST015",
        "ea2": "Western Region"
      }
    },
    {
      "attributes": {
        "owner": "Conduct",
        "stage": "Completed",
        "ea1": "AS14470WHWST012",
        "ea2": "Western Region"
      }
    },
    {
      "attributes": {
        "owner": "Conduct",
        "stage": "Completed",
        "ea1": "",
        "ea2": "Western Region"
      }
    },
    {
      "attributes": {
        "owner": "Conduct",
        "stage": "Completed",
        "ea1": "",
        "ea2": "Western Region"
      }
    },
    {
      "attributes": {
        "owner": "Conduct",
        "stage": "Completed",
        "ea1": "AS25137WHWST009 ",
        "ea2": "Western Region"
      }
    },
    {
      "attributes": {
        "owner": "Conduct",
        "stage": "Completed",
        "ea1": "",
        "ea2": "Western Region"
      }
    },
    {
      "attributes": {
        "owner": "Conduct",
        "stage": "Completed",
        "ea1": "none",
        "ea2": "Western Region"
      }
    },
    {
      "attributes": {
        "owner": "Conduct",
        "stage": "Completed",
        "ea1": "none",
        "ea2": "Western Region"
      }
    },
    {
      "attributes": {
        "owner": "Conduct",
        "stage": "Completed",
        "ea1": "AS15781WHTNP015",
        "ea2": "Western Region"
      }
    },
    {
      "attributes": {
        "owner": "Conduct",
        "stage": "Completed",
        "ea1": "AS15781WHTNP016",
        "ea2": "Western Region"
      }
    },
    {
      "attributes": {
        "owner": "Conduct",
        "stage": "Completed",
        "ea1": "AS14647WCHWST020",
        "ea2": "Western Region"
      }
    },
    {
      "attributes": {
        "owner": "Conduct",
        "stage": "Completed",
        "ea1": "AS14647WCHWST021",
        "ea2": "Western Region"
      }
    }
  ]
}

at java.base/jdk.internal.reflect.GeneratedConstructorAccessor83.newInstance(Unknown Source)
at java.base/jdk.internal.reflect.DelegatingConstructorAccessorImpl.newInstance(DelegatingConstructorAccessorImpl.java:45)
at java.base/java.lang.reflect.Constructor.newInstanceWithCaller(Constructor.java:500)
at java.base/java.lang.reflect.Constructor.newInstance(Constructor.java:481)
at org.codehaus.groovy.reflection.CachedConstructor.invoke(CachedConstructor.java:80)
at org.codehaus.groovy.reflection.CachedConstructor.doConstructorInvoke(CachedConstructor.java:74)
at org.codehaus.groovy.runtime.callsite.ConstructorSite$ConstructorSiteNoUnwrap.callConstructor(ConstructorSite.java:84)
at org.codehaus.groovy.runtime.callsite.AbstractCallSite.callConstructor(AbstractCallSite.java:249)
at io.restassured.internal.ResponseSpecificationImpl$HamcrestAssertionClosure.validate(ResponseSpecificationImpl.groovy:493)
at io.restassured.internal.ResponseSpecificationImpl$HamcrestAssertionClosure$validate$1.call(Unknown Source)
at io.restassured.internal.ResponseSpecificationImpl.validateResponseIfRequired(ResponseSpecificationImpl.groovy:674)
at jdk.internal.reflect.GeneratedMethodAccessor14.invoke(Unknown Source)
at java.base/jdk.internal.reflect.DelegatingMethodAccessorImpl.invoke(DelegatingMethodAccessorImpl.java:43)
at java.base/java.lang.reflect.Method.invoke(Method.java:567)
at org.codehaus.groovy.runtime.callsite.PlainObjectMetaMethodSite.doInvoke(PlainObjectMetaMethodSite.java:43)
at org.codehaus.groovy.runtime.callsite.PogoMetaMethodSite$PogoCachedMethodSiteNoUnwrapNoCoerce.invoke(PogoMetaMethodSite.java:190)
at org.codehaus.groovy.runtime.callsite.PogoMetaMethodSite.callCurrent(PogoMetaMethodSite.java:58)
at org.codehaus.groovy.runtime.callsite.AbstractCallSite.callCurrent(AbstractCallSite.java:168)
at io.restassured.internal.ResponseSpecificationImpl.body(ResponseSpecificationImpl.groovy:98)
at io.restassured.internal.ValidatableResponseOptionsImpl.body(ValidatableResponseOptionsImpl.java:238)
at io.restassured.internal.ValidatableResponseImpl.super$2$body(ValidatableResponseImpl.groovy)
at jdk.internal.reflect.GeneratedMethodAccessor199.invoke(Unknown Source)
at java.base/jdk.internal.reflect.DelegatingMethodAccessorImpl.invoke(DelegatingMethodAccessorImpl.java:43)
at java.base/java.lang.reflect.Method.invoke(Method.java:567)
at org.codehaus.groovy.reflection.CachedMethod.invoke(CachedMethod.java:101)
at groovy.lang.MetaMethod.doMethodInvoke(MetaMethod.java:323)
at groovy.lang.MetaClassImpl.invokeMethod(MetaClassImpl.java:1217)
at org.codehaus.groovy.runtime.ScriptBytecodeAdapter.invokeMethodOnSuperN(ScriptBytecodeAdapter.java:144)
at io.restassured.internal.ValidatableResponseImpl.body(ValidatableResponseImpl.groovy:293)
at io.restassured.internal.ValidatableResponseImpl.body(ValidatableResponseImpl.groovy)
at com.ICM_UxAPI.GetDuctBank.ownerIsConduct(GetDuctBank.java:261)
at java.base/jdk.internal.reflect.NativeMethodAccessorImpl.invoke0(Native Method)
at java.base/jdk.internal.reflect.NativeMethodAccessorImpl.invoke(NativeMethodAccessorImpl.java:62)
at java.base/jdk.internal.reflect.DelegatingMethodAccessorImpl.invoke(DelegatingMethodAccessorImpl.java:43)
at java.base/java.lang.reflect.Method.invoke(Method.java:567)
at org.testng.internal.MethodInvocationHelper.invokeMethod(MethodInvocationHelper.java:124)
at org.testng.internal.Invoker.invokeMethod(Invoker.java:583)
at org.testng.internal.Invoker.invokeTestMethod(Invoker.java:719)
at org.testng.internal.Invoker.invokeTestMethods(Invoker.java:989)
at org.testng.internal.TestMethodWorker.invokeTestMethods(TestMethodWorker.java:125)
at org.testng.internal.TestMethodWorker.run(TestMethodWorker.java:109)
at org.testng.TestRunner.privateRun(TestRunner.java:648)
at org.testng.TestRunner.run(TestRunner.java:505)
at org.testng.SuiteRunner.runTest(SuiteRunner.java:455)
at org.testng.SuiteRunner.access$000(SuiteRunner.java:40)
at org.testng.SuiteRunner$SuiteWorker.run(SuiteRunner.java:489)
at org.testng.internal.thread.ThreadUtil$1.call(ThreadUtil.java:52)
at java.base/java.util.concurrent.FutureTask.run(FutureTask.java:264)
at java.base/java.util.concurrent.ThreadPoolExecutor.runWorker(ThreadPoolExecutor.java:1128)
at java.base/java.util.concurrent.ThreadPoolExecutor$Worker.run(ThreadPoolExecutor.java:628)
at java.base/java.lang.Thread.run(Thread.java:830)
]]>
    </failure>
  </testcase> <!-- ownerIsConduct -->
</testsuite> <!-- com.ICM_UxAPI.GetDuctBank -->
