<?xml version="1.0" encoding="UTF-8"?>
<!-- Generated by org.testng.reporters.JUnitReportReporter -->
<testsuite hostname="DFALPT1087" failures="0" tests="3" name="com.SeacomPAYG_SystemAPI.FetchLinkUsage" time="3.074" errors="0" timestamp="15 Apr 2020 12:01:10 GMT" skipped="0">
  <testcase classname="com.SeacomPAYG_SystemAPI.FetchLinkUsage" name="fetchLinkUsagewithValidOrderID" time="1.335"/>
  <testcase classname="com.SeacomPAYG_SystemAPI.FetchLinkUsage" name="fetchLinkUsagewithinvalidOrderID" time="1.134"/>
  <testcase classname="com.SeacomPAYG_SystemAPI.FetchLinkUsage" name="fetchLinkUsageWithoutorderID" time="0.605"/>
</testsuite> <!-- com.SeacomPAYG_SystemAPI.FetchLinkUsage -->
