<?xml version="1.0" encoding="UTF-8"?>
<!-- Generated by org.testng.reporters.JUnitReportReporter -->
<testsuite hostname="DFALPT1087" failures="2" tests="8" name="com.ICM_UxAPI.GetBroadbandReadyBuildings" time="9.807" errors="0" timestamp="31 Mar 2020 14:50:29 GMT" skipped="0">
  <testcase classname="com.ICM_UxAPI.GetBroadbandReadyBuildings" name="getBroadbandReadyBuildingsValidation" time="1.400"/>
  <testcase classname="com.ICM_UxAPI.GetBroadbandReadyBuildings" name="invalidWhereParam1is11getBroadbandReadyBuildings" time="0.853"/>
  <testcase classname="com.ICM_UxAPI.GetBroadbandReadyBuildings" name="whereParamreturnGeometryIstrueReadyBuildings" time="2.903"/>
  <testcase classname="com.ICM_UxAPI.GetBroadbandReadyBuildings" name="whereInvalidParamreturnGeometryIstrueeReadyBuildings" time="0.375"/>
  <testcase classname="com.ICM_UxAPI.GetBroadbandReadyBuildings" name="whereInvalidParamreturnGeometryIsfalseeReadyBuildings" time="0.582"/>
  <testcase classname="com.ICM_UxAPI.GetBroadbandReadyBuildings" name="resultOffsetParamIs1001getBroadbandReadyBuildings" time="1.327">
    <failure message="1 expectation failed.
Response body doesn&#039;t match expectation.
Expected: a string containing &quot;28.12601621&quot;
  Actual: [displayFieldName:Building_Name, fieldAliases:[Broadband_Buildings:Broadband_Buildings, Building_Name:Building_Name, Longitude:Longitude, Latitude:Latitude], fields:[[name:Broadband_Buildings, type:esriFieldTypeString, alias:Broadband_Buildings, length:50], [name:Building_Name, type:esriFieldTypeString, alias:Building_Name, length:252], [name:Longitude, type:esriFieldTypeDouble, alias:Longitude], [name:Latitude, type:esriFieldTypeDouble, alias:Latitude]], features:[[attributes:[Broadband_Buildings:Broadband Ready, Building_Name:106 Johan Avenue (341)(Lynton Hall), Longitude:28.058783, Latitude:-26.110209]], [attributes:[Broadband_Buildings:Broadband Ready, Building_Name:108 Johan Avenue (342) , Longitude:28.058475, Latitude:-26.110018]], [attributes:[Broadband_Buildings:Broadband Ready, Building_Name:30 Peter Place- Coral House (691)  Block B, Longitude:28.016119, Latitude:-26.081491]], [attributes:[Broadband_Buildings:Broadband Ready, Building_Name:54 Peter Place (696) Cardiff House, Longitude:28.018547, Latitude:-26.082546]], [attributes:[Broadband_Buildings:Broadband Ready, Building_Name:37 Peter Place (404) Building 1, Longitude:28.019972, Latitude:-26.080969]], [attributes:[Broadband_Buildings:Broadband Ready, Building_Name:5 Autumn Road (621) Legacy House, Longitude:28.058659, Latitude:-26.041956]], [attributes:[Broadband_Buildings:Broadband Ready, Building_Name:5 Autumn Road (620) Baobab House, Longitude:28.05901, Latitude:-26.042212]], [attributes:[Broadband_Buildings:Broadband Ready, Building_Name:65 Homestead (397)  Block A, Longitude:28.009636, Latitude:-26.07566]], [attributes:[Broadband_Buildings:Broadband Ready, Building_Name:382 Rivonia Road (4088) Building 1, Longitude:28.060198, Latitude:-26.043999]], [attributes:[Broadband_Buildings:Broadband Ready, Building_Name:370 Rivonia Boulevard (637) Building 2, Longitude:28.059946, Latitude:-26.047646]], [attributes:[Broadband_Buildings:Broadband Ready, Building_Name:381 Rivonia Boulevard (603) Building 1, Longitude:28.059269, Latitude:-26.048182]], [attributes:[Broadband_Buildings:Broadband Ready, Building_Name:4 Coombe Place - Unit 1 (424) Building 2a, Longitude:28.058537, Latitude:-26.040941]], [attributes:[Broadband_Buildings:Broadband Ready, Building_Name:4 Coombe Place - Unit 2 (449) Building 1, Longitude:28.058258, Latitude:-26.04109]], [attributes:[Broadband_Buildings:Broadband Ready, Building_Name:4 Coombe Place - Unit 2 (450) Building 2, Longitude:28.058067, Latitude:-26.041065]], [attributes:[Broadband_Buildings:Broadband Ready, Building_Name:57 Heerengracht (Nedbank) / ACC_Nedcor_Cape_Town_CBD, Longitude:18.42705, Latitude:-33.91746]], [attributes:[Broadband_Buildings:Broadband Ready, Building_Name:129 Patricia Street (4053), Longitude:28.068699, Latitude:-26.105644]], [attributes:[Broadband_Buildings:Broadband Ready, Building_Name:Woodlands Office Park (1679), 141 Western Services Road, Woodmeade, Building 2, Longitude:28.08265, Latitude:-26.063326]], [attributes:[Broadband_Buildings:Broadband Ready, Building_Name:7 Girton Road (1345) Engen House, Longitude:28.035631, Latitude:-26.183405]], [attributes:[Broadband_Buildings:Broadband Ready, Building_Name:13 Wellington (Road) (918) , Longitude:28.035547, Latitude:-26.184198]], [attributes:[Broadband_Buildings:Broadband Ready, Building_Name:Ballywoods Office Park (568) Cedarwood House (Building 1), Longitude:28.029062, Latitude:-26.075003]], [attributes:[Broadband_Buildings:Broadband Ready, Building_Name:EC English / Redefine Northwarf, Longitude:18.42331, Latitude:-33.916264]], [attributes:[Broadband_Buildings:Broadband Ready, Building_Name:	The Office, Office Park (2326) Block A, Longitude:28.291334, Latitude:-25.779472]], [attributes:[Broadband_Buildings:Broadband Ready, Building_Name:Harrowdene Office Park (3963) Entrance Gate 2, Longitude:28.090027, Latitude:-26.064432]], [attributes:[Broadband_Buildings:Broadband Ready, Building_Name:Harrowdene Office Park (1494) Building 1, Longitude:28.089418, Latitude:-26.063961]], [attributes:[Broadband_Buildings:Broadband Ready, Building_Name:Harrowdene Office Park (1500) Building 7, Longitude:28.087997, Latitude:-26.064642]], [attributes:[Broadband_Buildings:Broadband Ready, Building_Name:Harrowdene Office Park (1501) Building 8, Longitude:28.088055, Latitude:-26.065233]], [attributes:[Broadband_Buildings:Broadband Ready, Building_Name:20 Skeen Boulevard, (1513)Bedfordview, Longitude:28.133814, Latitude:-26.176422]], [attributes:[Broadband_Buildings:Broadband Ready, Building_Name:22 Skeen Blvd (1159) 2 Skeen Blvd, Longitude:28.134619, Latitude:-26.176346]], [attributes:[Broadband_Buildings:Broadband Ready, Building_Name:2 Skeen (1514), Building 1, Longitude:28.134554, Latitude:-26.175335]], [attributes:[Broadband_Buildings:Broadband Ready, Building_Name:4-6 Skeen Blvd (1168), Longitude:28.13371, Latitude:-26.175442]], [attributes:[Broadband_Buildings:Broadband Ready, Building_Name:12 Skeen Blvd (1162), Longitude:28.13241, Latitude:-26.17568]], [attributes:[Broadband_Buildings:Broadband Ready, Building_Name:1 Skeen Blvd (1170), Longitude:28.13435, Latitude:-26.174635]], [attributes:[Broadband_Buildings:Broadband Ready, Building_Name:5 High Street (3821) Building 1, Longitude:18.639875, Latitude:-33.8678]], [attributes:[Broadband_Buildings:Broadband Ready, Building_Name:6-8 High Street (3822) Building 1, Longitude:18.640276, Latitude:-33.867966]], [attributes:[Broadband_Buildings:Broadband Ready, Building_Name:14 Bella Rosa (3823) Building 1, Longitude:18.640743, Latitude:-33.867542]], [attributes:[Broadband_Buildings:Broadband Ready, Building_Name:7 Pasita Street (2725) Building 1, Longitude:18.642052, Latitude:-33.86938]], [attributes:[Broadband_Buildings:Broadband Ready, Building_Name:Balfour Office Park (2736) Building 1, Longitude:18.63999, Latitude:-33.871113]], [attributes:[Broadband_Buildings:Broadband Ready, Building_Name:8 Kikuyu Street (370) 8 Kikuyu Street, Longitude:28.062391, Latitude:-26.034033]], [attributes:[Broadband_Buildings:Broadband Ready, Building_Name:151 Katherine Street (1776) Block A, Longitude:28.072441, Latitude:-26.101828]], [attributes:[Broadband_Buildings:Broadband Ready, Building_Name:164 Katherine Street (1328) Block D, Longitude:28.074306, Latitude:-26.100508]], [attributes:[Broadband_Buildings:Broadband Ready, Building_Name:164 Katherine Street (1327) Block C, Longitude:28.074316, Latitude:-26.100925]], [attributes:[Broadband_Buildings:Broadband Ready, Building_Name:IChoices, Longitude:27.999489, Latitude:-26.095612]], [attributes:[Broadband_Buildings:Broadband Ready, Building_Name:267 Oak Ave (522) Building 1, Longitude:28.001673, Latitude:-26.098543]], [attributes:[Broadband_Buildings:Broadband Ready, Building_Name:267 Oak Ave (658) Building 2, Longitude:28.002148, Latitude:-26.098606]], [attributes:[Broadband_Buildings:Broadband Ready, Building_Name:252 Oak Ave (665) Block 4, Longitude:28.000647, Latitude:-26.10048]], [attributes:[Broadband_Buildings:Broadband Ready, Building_Name:252 Oak Ave (666) Block 5, Longitude:28.000689, Latitude:-26.10027]], [attributes:[Broadband_Buildings:Broadband Ready, Building_Name:42 Lebombo Road (2629) Building 1, Longitude:28.26527, Latitude:-25.782963]], [attributes:[Broadband_Buildings:Broadband Ready, Building_Name:38 Lebombo Road (2648) Lembombo Place A, Longitude:28.265667, Latitude:-25.782785]], [attributes:[Broadband_Buildings:Broadband Ready, Building_Name:147 Garsfontein Road (3432) Block 1, Longitude:28.263258, Latitude:-25.783722]], [attributes:[Broadband_Buildings:Broadband Ready, Building_Name:73 Sovereign Drive (1963), Building 1, Longitude:28.258484, Latitude:-25.862268]], [attributes:[Broadband_Buildings:Broadband Ready, Building_Name:614 James Crescent (2153) Building 1, Longitude:28.1262, Latitude:-26.006338]], [attributes:[Broadband_Buildings:Broadband Ready, Building_Name:347 James Crescent (2180) Building 1, Longitude:28.123184, Latitude:-26.007864]], [attributes:[Broadband_Buildings:Broadband Ready, Building_Name:347 James Crescent (2181) Building 2, Longitude:28.123142, Latitude:-26.007397]], [attributes:[Broadband_Buildings:Broadband Ready, Building_Name:676 Gallagher Avenue (4104), Longitude:28.12682, Latitude:-26.001513]], [attributes:[Broadband_Buildings:Broadband Ready, Building_Name:31 Gallagher Avenue (4101) Building 5, Longitude:28.12632, Latitude:-26.000044]], [attributes:[Broadband_Buildings:Broadband Ready, Building_Name:31 Gallagher Avenue (4102) Building 6, Longitude:28.126596, Latitude:-26.000149]], [attributes:[Broadband_Buildings:Broadband Ready, Building_Name:628 James Crescent (2158) Building 4, Longitude:28.127285, Latitude:-26.004482]], [attributes:[Broadband_Buildings:Broadband Ready, Building_Name:628 James Crescent (2156) Building 2, Longitude:28.12641, Latitude:-26.004694]], [attributes:[Broadband_Buildings:Broadband Ready, Building_Name:628 James Crescent (2160) Building 6, Longitude:28.127304, Latitude:-26.005047]], [attributes:[Broadband_Buildings:Broadband Ready, Building_Name:St James Commercial Park (2185) Building 3, Longitude:28.123503, Latitude:-26.007206]], [attributes:[Broadband_Buildings:Broadband Ready, Building_Name:Menlyn Square (2378) Building 3, Longitude:28.27858, Latitude:-25.785994]], [attributes:[Broadband_Buildings:Broadband Ready, Building_Name:138 Frikkie De Beer (2349) Building 1, Longitude:28.279127, Latitude:-25.78311]], [attributes:[Broadband_Buildings:Broadband Ready, Building_Name:38 Ida Street (RAF) (2372) Building 1, Longitude:28.274157, Latitude:-25.777487]], [attributes:[Broadband_Buildings:Broadband Ready, Building_Name:Menlyn Retail Park (2363) Building 1, Longitude:28.27696, Latitude:-25.788088]], [attributes:[Broadband_Buildings:Broadband Ready, Building_Name:138 Frikkie De Beer (2355) Building 7, Longitude:28.278727, Latitude:-25.782503]], [attributes:[Broadband_Buildings:Broadband Ready, Building_Name:Menlyn Square (2379) Building 4, Longitude:28.278095, Latitude:-25.786352]], [attributes:[Broadband_Buildings:Broadband Ready, Building_Name:EPI (2347) Building 1, Longitude:28.277607, Latitude:-25.779942]], [attributes:[Broadband_Buildings:Broadband Ready, Building_Name:34/36 Ingersol Road (2368) Building 1, Longitude:28.27538, Latitude:-25.779825]], [attributes:[Broadband_Buildings:Broadband Ready, Building_Name:34/36 Ingersol Road (2369) Building 2, Longitude:28.27595, Latitude:-25.779951]], [attributes:[Broadband_Buildings:Broadband Ready, Building_Name:Menlyn Piazza (2361) Building 1, Longitude:28.277796, Latitude:-25.783688]], [attributes:[Broadband_Buildings:Broadband Ready, Building_Name:Menlyn Square (2376) Building 1, Longitude:28.27735, Latitude:-25.786043]], [attributes:[Broadband_Buildings:Broadband Ready, Building_Name:Menlyn Square (2377) Building 2, Longitude:28.277876, Latitude:-25.785707]], [attributes:[Broadband_Buildings:Broadband Ready, Building_Name:33 Richards Drive (2146) Building 4, Longitude:28.125025, Latitude:-26.008474]], [attributes:[Broadband_Buildings:Broadband Ready, Building_Name:5-7 Merchant Place (4174), Building 4, Longitude:28.055101, Latitude:-26.101604]], [attributes:[Broadband_Buildings:Broadband Ready, Building_Name:Brazenhead Restaurant (923) Brazenhead Restaurant, Longitude:28.069433, Latitude:-26.101107]], [attributes:[Broadband_Buildings:Broadband Ready, Building_Name:128 Peter Road (1762), Building 5, Longitude:28.071585, Latitude:-26.101421]], [attributes:[Broadband_Buildings:Broadband Ready, Building_Name:128 Peter Road (1762) Building 5, Longitude:28.070951, Latitude:-26.10216]], [attributes:[Broadband_Buildings:Broadband Ready, Building_Name:8 Longclaw Drive (1616), Building 1, Longitude:18.511324, Latitude:-33.865063]], [attributes:[Broadband_Buildings:Broadband Ready, Building_Name:Milnerton Business park (1790) Building 6, Longitude:18.512325, Latitude:-33.86596]], [attributes:[Broadband_Buildings:Broadband Ready, Building_Name:Panavision, Longitude:18.51151, Latitude:-33.865902]], [attributes:[Broadband_Buildings:Broadband Ready, Building_Name:27 Kunene Circle, Omuramba Business Park (1785) Building 1, Longitude:18.514263, Latitude:-33.86129]], [attributes:[Broadband_Buildings:Broadband Ready, Building_Name:33 Ernest Oppenheimer (1546), Longitude:28.107166, Latitude:-26.180655]], [attributes:[Broadband_Buildings:Broadband Ready, Building_Name:11 Longclaw Drive (1608) Building 1, Longitude:28.106651, Latitude:-26.180908]], [attributes:[Broadband_Buildings:Broadband Ready, Building_Name:20 Zulberg Close (JHI) (981) Bruma Boulevard- North Block, Longitude:28.106138, Latitude:-26.180883]], [attributes:[Broadband_Buildings:Broadband Ready, Building_Name:26 Ernest Opennheimer (967), Longitude:28.108286, Latitude:-26.182024]], [attributes:[Broadband_Buildings:Broadband Ready, Building_Name:25 Ernest Oppenheimer Ave (JHI), Longitude:28.107704, Latitude:-26.181236]], [attributes:[Broadband_Buildings:Broadband Ready, Building_Name:Sacoil Fibre BB(72249 ), Longitude:28.022827, Latitude:-26.045149]], [attributes:[Broadband_Buildings:Broadband Ready, Building_Name:453 on Main (1884), Building 1, Longitude:28.024479, Latitude:-26.04463]], [attributes:[Broadband_Buildings:Broadband Ready, Building_Name:34 Culross Rd (1879), Building 2, Longitude:28.025978, Latitude:-26.044703]], [attributes:[Broadband_Buildings:Broadband Ready, Building_Name:391 Jan Smuts Avenue (3456) Building 1, Longitude:28.020012, Latitude:-26.113703]], [attributes:[Broadband_Buildings:Broadband Ready, Building_Name:387 Jan Smuts Avenue (2985), Building 1, Longitude:28.0202, Latitude:-26.114138]], [attributes:[Broadband_Buildings:Broadband Ready, Building_Name:110 Conrad Drive (2998) Craighall Office Park, Longitude:28.020388, Latitude:-26.114769]], [attributes:[Broadband_Buildings:Broadband Ready, Building_Name:The Arena (78 Capital Hill), 78 Capital Hill, Building 1, Longitude:28.127367, Latitude:-26.01323]], [attributes:[Broadband_Buildings:Broadband Ready, Building_Name:Constantia Park (4013) Building 9, Longitude:28.132717, Latitude:-25.97608]], [attributes:[Broadband_Buildings:Broadband Ready, Building_Name:400, 16th Ave (1482) Block L, Longitude:28.131954, Latitude:-25.979767]], [attributes:[Broadband_Buildings:Broadband Ready, Building_Name:400, 16th Ave (1477) Block M, Longitude:28.13235, Latitude:-25.979925]], [attributes:[Broadband_Buildings:Broadband Ready, Building_Name:400, 16th Ave (1474) Block D, Longitude:28.132053, Latitude:-25.980694]], [attributes:[Broadband_Buildings:Broadband Ready, Building_Name:400, 16th Ave (936) Block A, Longitude:28.132038, Latitude:-25.981274]], [attributes:[Broadband_Buildings:Broadband Ready, Building_Name:400, 16th Ave (1486) Block P, Longitude:28.132135, Latitude:-25.979137]], [attributes:[Broadband_Buildings:Broadband Ready, Building_Name:400, 16th Ave (1485) Block O, Longitude:28.132784, Latitude:-25.979286]], [attributes:[Broadband_Buildings:Broadband Ready, Building_Name:400, 16th Ave (1488) Block R, Longitude:28.133139, Latitude:-25.978657]], [attributes:[Broadband_Buildings:Broadband Ready, Building_Name:Constantia Park (4016) Building 12, Longitude:28.133963, Latitude:-25.976274]], [attributes:[Broadband_Buildings:Broadband Ready, Building_Name:Constantia Park (4019) Building 15, Longitude:28.133297, Latitude:-25.975836]], [attributes:[Broadband_Buildings:Broadband Ready, Building_Name:Constantia Park (4012) Building 8, Longitude:28.13335, Latitude:-25.976227]], [attributes:[Broadband_Buildings:Broadband Ready, Building_Name:49 Central Street (838), Longitude:28.05801, Latitude:-26.158632]], [attributes:[Broadband_Buildings:Broadband Ready, Building_Name:43 Central Street (837) , Longitude:28.057997, Latitude:-26.159185]], [attributes:[Broadband_Buildings:Broadband Ready, Building_Name:9-13 West Street (1462), Longitude:28.055065, Latitude:-26.168993]], [attributes:[Broadband_Buildings:Broadband Ready, Building_Name:9-13 West Street (1461), Longitude:28.054941, Latitude:-26.169449]], [attributes:[Broadband_Buildings:Broadband Ready, Building_Name:263 A West Ave (2288) Building 1, Longitude:28.188839, Latitude:-25.852612]], [attributes:[Broadband_Buildings:Broadband Ready, Building_Name:261 West Ave (2287), Building 1, Longitude:28.18853, Latitude:-25.852222]], [attributes:[Broadband_Buildings:Broadband Ready, Building_Name:66 Von Willich Avenue (2301) Building B, Longitude:28.195345, Latitude:-25.853996]], [attributes:[Broadband_Buildings:Broadband Ready, Building_Name:66 Von Willich Avenue (2303) Building D, Longitude:28.194435, Latitude:-25.854084]], [attributes:[Broadband_Buildings:Broadband Ready, Building_Name:66 Von Willich Avenue (3438) Building E, Longitude:28.194899, Latitude:-25.853634]], [attributes:[Broadband_Buildings:Broadband Ready, Building_Name:Servier Labs, Longitude:28.083248, Latitude:-26.058245]], [attributes:[Broadband_Buildings:Broadband Ready, Building_Name:Country Club Estate - Equity Estates (498), Woodlands Drive, Building 3, Longitude:28.083735, Latitude:-26.058376]], [attributes:[Broadband_Buildings:Broadband Ready, Building_Name:Showrooms on Leslie (2383), Leslie Avenue, Building 2, Longitude:28.010773, Latitude:-26.033379]], [attributes:[Broadband_Buildings:Broadband Ready, Building_Name:Showrooms on Leslie (2395), Leslie Avenue, Building 3, Longitude:28.01113, Latitude:-26.034048]], [attributes:[Broadband_Buildings:Broadband Ready, Building_Name:ACC_VB_More_Golf_Cycle_Lab_Fourways, Longitude:28.011536, Latitude:-26.034746]], [attributes:[Broadband_Buildings:Broadband Ready, Building_Name:5 Fricker Road (146) , Longitude:28.046135, Latitude:-26.134432]], [attributes:[Broadband_Buildings:Broadband Ready, Building_Name:Tilbury Office Park (1353) B1-B8
, Longitude:28.138111, Latitude:-25.958157]], [attributes:[Broadband_Buildings:Broadband Ready, Building_Name:Tilbury Office Park (1354) C1-C9
, Longitude:28.13882, Latitude:-25.958302]], [attributes:[Broadband_Buildings:Broadband Ready, Building_Name:852 16th Rd (1752) Building 2, Longitude:28.13601, Latitude:-25.965784]], [attributes:[Broadband_Buildings:Broadband Ready, Building_Name:789 16th Rd (1748) Building B
, Longitude:28.13344, Latitude:-25.9687]], [attributes:[Broadband_Buildings:Broadband Ready, Building_Name:704 16th Road (1007) 
, Longitude:28.13326, Latitude:-25.97047]], [attributes:[Broadband_Buildings:Broadband Ready, Building_Name:562 15th Road (1743) Building 2
, Longitude:28.136751, Latitude:-25.958723]], [attributes:[Broadband_Buildings:Broadband Ready, Building_Name:128 15th Rd (1000), Longitude:28.131813, Latitude:-25.97192]], [attributes:[Broadband_Buildings:Broadband Ready, Building_Name:107 Packard Street (1764) Building 1, Longitude:28.137697, Latitude:-25.956108]], [attributes:[Broadband_Buildings:Broadband Ready, Building_Name:788 16th Road (4069) Building 1, Longitude:28.135319, Latitude:-25.968033]], [attributes:[Broadband_Buildings:Broadband Ready, Building_Name:754A 16th Road Pioneers House (4070) Building 3, Longitude:28.136292, Latitude:-25.96801]], [attributes:[Broadband_Buildings:Broadband Ready, Building_Name:7 Georgain Crescent (314), Longitude:28.016977, Latitude:-26.04049]], [attributes:[Broadband_Buildings:Broadband Ready, Building_Name:CMH Volvo Cars Pretoria - Honda Hatfield - Citroen Hatfield, Longitude:28.243887, Latitude:-25.74371]], [attributes:[Broadband_Buildings:Broadband Ready, Building_Name:1267 Pretorius Street (3470) Building 7, Longitude:28.243078, Latitude:-25.745115]], [attributes:[Broadband_Buildings:Broadband Ready, Building_Name:1267 Pretorius Street (3468) Building 5, Longitude:28.243855, Latitude:-25.745111]], [attributes:[Broadband_Buildings:Broadband Ready, Building_Name:89 Hyde Lane (1943) Building 1, Longitude:28.031578, Latitude:-26.12021]], [attributes:[Broadband_Buildings:Broadband Ready, Building_Name:Dunkeld Crescent West (279) Building A, Longitude:28.031519, Latitude:-26.12722]], [attributes:[Broadband_Buildings:Broadband Ready, Building_Name:Dunkeld Crescent East (282) Building B, Longitude:28.032549, Latitude:-26.127115]], [attributes:[Broadband_Buildings:Broadband Ready, Building_Name:3A Summit Road (284) , Longitude:28.03243, Latitude:-26.128456]], [attributes:[Broadband_Buildings:Broadband Ready, Building_Name: , Longitude:18.426582, Latitude:-33.93205]], [attributes:[Broadband_Buildings:Broadband Ready, Building_Name:8 Brandweer Street, GARDENS, Longitude:18.424685, Latitude:-33.932632]], [attributes:[Broadband_Buildings:Broadband Ready, Building_Name:Amazon_Scuderia House, 78 Roeland Street,, Longitude:18.424564, Latitude:-33.93235]], [attributes:[Broadband_Buildings:Broadband Ready, Building_Name:3 Bauhania Street (5822), Building 17, Longitude:28.183949, Latitude:-25.882229]], [attributes:[Broadband_Buildings:Broadband Ready, Building_Name:3 Bauhania Street (5810), Building 5, Longitude:28.184132, Latitude:-25.881172]], [attributes:[Broadband_Buildings:Broadband Ready, Building_Name:3 Bauhania Street (5824), Building 19, Longitude:28.183865, Latitude:-25.882454]], [attributes:[Broadband_Buildings:Broadband Ready, Building_Name:3 Bauhania Street (5825), Building 20, Longitude:28.183746, Latitude:-25.882654]], [attributes:[Broadband_Buildings:Broadband Ready, Building_Name:3 Bauhania Street (5826) Building 21, Longitude:28.183535, Latitude:-25.88271]], [attributes:[Broadband_Buildings:Broadband Ready, Building_Name:3 Bauhania Street (5827) Building 22, Longitude:28.1833, Latitude:-25.882765]], [attributes:[Broadband_Buildings:Broadband Ready, Building_Name:3 Bauhania Street (5828), Building 23, Longitude:28.183128, Latitude:-25.8831]], [attributes:[Broadband_Buildings:Broadband Ready, Building_Name:3 Bauhania Street (5818), Building 13, Longitude:28.185165, Latitude:-25.88192]], [attributes:[Broadband_Buildings:Broadband Ready, Building_Name:3 Bauhania Street (5831), Building 26, Longitude:28.183279, Latitude:-25.883379]], [attributes:[Broadband_Buildings:Broadband Ready, Building_Name:3 Bauhania Street (5830), Building 25, Longitude:28.183676, Latitude:-25.882982]], [attributes:[Broadband_Buildings:Broadband Ready, Building_Name:3 Bauhania Street (5811), Building 6, Longitude:28.18399, Latitude:-25.881483]], [attributes:[Broadband_Buildings:Broadband Ready, Building_Name:3 Bauhania Street (4885), Building 1, Longitude:28.18434, Latitude:-25.880781]], [attributes:[Broadband_Buildings:Broadband Ready, Building_Name:3 Bauhania Street (5807), Building 2, Longitude:28.184631, Latitude:-25.880877]], [attributes:[Broadband_Buildings:Broadband Ready, Building_Name:3 Bauhania Street (5808), Building 3, Longitude:28.185024, Latitude:-25.8811]], [attributes:[Broadband_Buildings:Broadband Ready, Building_Name:5 Bauhinia Street Building 22, Longitude:28.182575, Latitude:-25.882145]], [attributes:[Broadband_Buildings:Broadband Ready, Building_Name:5 Bauhinia Street Building 21, Longitude:28.182444, Latitude:-25.88194]], [attributes:[Broadband_Buildings:Broadband Ready, Building_Name:5 Bauhinia Street Building 15, Longitude:28.181927, Latitude:-25.880796]], [attributes:[Broadband_Buildings:Broadband Ready, Building_Name:5 Bauhinia Street Building 16, Longitude:28.182251, Latitude:-25.880718]], [attributes:[Broadband_Buildings:Broadband Ready, Building_Name:5 Bauhinia Street Building 18, Longitude:28.182072, Latitude:-25.88108]], [attributes:[Broadband_Buildings:Broadband Ready, Building_Name:5 Buahinia Street Building 17, Longitude:28.182335, Latitude:-25.881016]], [attributes:[Broadband_Buildings:Broadband Ready, Building_Name:5 Bauhinia Street Building 20, Longitude:28.182127, Latitude:-25.88137]], [attributes:[Broadband_Buildings:Broadband Ready, Building_Name:5 Bauhina Street Building 12, Longitude:28.18184, Latitude:-25.880377]], [attributes:[Broadband_Buildings:Broadband Ready, Building_Name:5 Bauhinia Street Building 13, Longitude:28.181595, Latitude:-25.880459]], [attributes:[Broadband_Buildings:Broadband Ready, Building_Name:5 Bauhinia Street Building 14, Longitude:28.1817, Latitude:-25.880161]], [attributes:[Broadband_Buildings:Broadband Ready, Building_Name:5 Bauhinia Street Building 10, Longitude:28.182041, Latitude:-25.880074]], [attributes:[Broadband_Buildings:Broadband Ready, Building_Name:126415 Bauhinia Street Building 9, Longitude:28.18192, Latitude:-25.879866]], [attributes:[Broadband_Buildings:Broadband Ready, Building_Name:5 Bauhinia Street (5845) Building 8, Longitude:28.182371, Latitude:-25.87959]], [attributes:[Broadband_Buildings:Broadband Ready, Building_Name:3001 William Nicol Dr (1873), Building 1, Longitude:28.019138, Latitude:-26.04642]], [attributes:[Broadband_Buildings:Broadband Ready, Building_Name:3001 William Nicol Dr (1913), Building 3, Longitude:28.018642, Latitude:-26.045532]], [attributes:[Broadband_Buildings:Broadband Ready, Building_Name:3001 William Nicol Dr (1912), Building 2, Longitude:28.018946, Latitude:-26.04583]], [attributes:[Broadband_Buildings:Broadband Ready, Building_Name:3001 William Nicol Dr (1917), Building 8, Longitude:28.017424, Latitude:-26.045872]], [attributes:[Broadband_Buildings:Broadband Ready, Building_Name:1 Georgian Crescent (318), Longitude:28.017132, Latitude:-26.041264]], [attributes:[Broadband_Buildings:Broadband Ready, Building_Name:3 Georgian Crescent (315), Longitude:28.016975, Latitude:-26.040894]], [attributes:[Broadband_Buildings:Broadband Ready, Building_Name:93 Protea Road (179) Building 2, Longitude:28.04964, Latitude:-26.116045]], [attributes:[Broadband_Buildings:Broadband Ready, Building_Name:27 Impala Road (159) Building 1, Longitude:28.051937, Latitude:-26.115152]], [attributes:[Broadband_Buildings:Broadband Ready, Building_Name:15 Fricker Road (126) 15 Fricker Road, Longitude:28.046497, Latitude:-26.132454]], [attributes:[Broadband_Buildings:Broadband Ready, Building_Name:16 Fricker Road (127) 16 Fricker Road, Longitude:28.047508, Latitude:-26.132391]], [attributes:[Broadband_Buildings:Broadband Ready, Building_Name:35 Fricker Road (143), Longitude:28.047598, Latitude:-26.127987]], [attributes:[Broadband_Buildings:Broadband Ready, Building_Name:Country Club Estate - Equity Estates (506), Woodlands Drive, Building 11, Longitude:28.082397, Latitude:-26.06073]], [attributes:[Broadband_Buildings:Broadband Ready, Building_Name:199 Bryanston Drive (216) Building B, Longitude:28.02363, Latitude:-26.046478]], [attributes:[Broadband_Buildings:Broadband Ready, Building_Name:27 Impala Road (1426) Buulding 2, Longitude:28.052439, Latitude:-26.115126]], [attributes:[Broadband_Buildings:Broadband Ready, Building_Name:17 Eaton Avenue (218), Longitude:28.02044, Latitude:-26.043663]], [attributes:[Broadband_Buildings:Broadband Ready, Building_Name:199 Bryanston Drive (3956) Building C, Longitude:28.022873, Latitude:-26.045786]], [attributes:[Broadband_Buildings:Broadband Ready, Building_Name:iLab (3549) 21E Polo Crescent (iLab), Longitude:28.087963, Latitude:-26.044119]], [attributes:[Broadband_Buildings:Broadband Ready, Building_Name:25 Quantumn Street (911) , Longitude:18.84077, Latitude:-33.965706]], [attributes:[Broadband_Buildings:Broadband Ready, Building_Name:Carpe Diem (1783) Block D, Longitude:18.83977, Latitude:-33.965405]], [attributes:[Broadband_Buildings:Broadband Ready, Building_Name:Carpe Diem (2282) Block B, Longitude:18.840202, Latitude:-33.965355]], [attributes:[Broadband_Buildings:Broadband Ready, Building_Name:cnr Techno Ave &amp; Elekron Road (3900) , Longitude:18.836306, Latitude:-33.965977]], [attributes:[Broadband_Buildings:Broadband Ready, Building_Name:Protea Hotel (942) Building 1, Longitude:18.83425, Latitude:-33.966137]], [attributes:[Broadband_Buildings:Broadband Ready, Building_Name:Riverview Office Park (2617), Longitude:28.119722, Latitude:-25.999998]], [attributes:[Broadband_Buildings:Broadband Ready, Building_Name:Provincial Disaster Management Centre, Longitude:28.119514, Latitude:-25.99953]], [attributes:[Broadband_Buildings:Broadband Ready, Building_Name:Riverview Office Park (2619), Longitude:28.119116, Latitude:-25.999084]], [attributes:[Broadband_Buildings:Broadband Ready, Building_Name:Afriserv_Head Office, Longitude:18.433289, Latitude:-33.92042]], [attributes:[Broadband_Buildings:Broadband Ready, Building_Name:15 Girton Road (815), Longitude:28.037146, Latitude:-26.183208]], [attributes:[Broadband_Buildings:Broadband Ready, Building_Name:Glenwood Office Park (2320), Sprite Avenue, Block C, Longitude:28.289948, Latitude:-25.781666]], [attributes:[Broadband_Buildings:Broadband Ready, Building_Name:Spoormaker CT, Longitude:18.432993, Latitude:-33.92115]], [attributes:[Broadband_Buildings:Broadband Ready, Building_Name:20 Christiaan Barnard Street, Longitude:18.43271, Latitude:-33.921402]], [attributes:[Broadband_Buildings:Broadband Ready, Building_Name:ACC_Gilloolys(1164), Longitude:28.132467, Latitude:-26.175337]], [attributes:[Broadband_Buildings:Broadband Ready, Building_Name:(91362)European Gemological Laboratory, Longitude:28.132675, Latitude:-26.174732]], [attributes:[Broadband_Buildings:Broadband Ready, Building_Name:16 Kings Rd (1171), Longitude:28.13399, Latitude:-26.174227]], [attributes:[Broadband_Buildings:Broadband Ready, Building_Name:1 High Street (3406) Building 14, Longitude:18.639631, Latitude:-33.868828]], [attributes:[Broadband_Buildings:Broadband Ready, Building_Name:9 Simba Road (718) Block B, Longitude:28.067951, Latitude:-26.035082]], [attributes:[Broadband_Buildings:Broadband Ready, Building_Name:1410 Eglin Road (374) The Crescent, Longitude:28.067135, Latitude:-26.033852]], [attributes:[Broadband_Buildings:Broadband Ready, Building_Name:17 Lower Long Street, Longitude:18.425497, Latitude:-33.917107]], [attributes:[Broadband_Buildings:Broadband Ready, Building_Name:19 Fredman Drive (2909) Building 1, Longitude:28.052366, Latitude:-26.101887]], [attributes:[Broadband_Buildings:Broadband Ready, Building_Name:82 Grayston Drive (2902) Building 1, Longitude:28.053255, Latitude:-26.101082]], [attributes:[Broadband_Buildings:Broadband Ready, Building_Name:Sandown Village Office Park (4026), 18 Gwen Lane, Building 2, Longitude:28.056528, Latitude:-26.10323]], [attributes:[Broadband_Buildings:Broadband Ready, Building_Name:25 Sovereign Drive (1965), Longitude:28.258993, Latitude:-25.865135]], [attributes:[Broadband_Buildings:Broadband Ready, Building_Name:101 Sovereign Dr, Longitude:28.257954, Latitude:-25.860006]], [attributes:[Broadband_Buildings:Broadband Ready, Building_Name:36 Regency Drive (2004) Building 1, Longitude:28.256365, Latitude:-25.862555]], [attributes:[Broadband_Buildings:Broadband Ready, Building_Name:DFA Irene Data Room, Longitude:28.254944, Latitude:-25.861387]], [attributes:[Broadband_Buildings:Broadband Ready, Building_Name:	55 Regency Drive (2081) Building 1, Longitude:28.254358, Latitude:-25.861612]], [attributes:[Broadband_Buildings:Broadband Ready, Building_Name:Nuskin, Longitude:28.254242, Latitude:-25.861078]], [attributes:[Broadband_Buildings:Broadband Ready, Building_Name:66 Regency Drive (2010) Bld 1, Longitude:28.255438, Latitude:-25.860607]], [attributes:[Broadband_Buildings:Broadband Ready, Building_Name:9 &amp; 13 Regency Drive (2064) Building A, Longitude:28.257004, Latitude:-25.865128]], [attributes:[Broadband_Buildings:Broadband Ready, Building_Name:Slo- Jo Midrand (75300), Longitude:28.12336, Latitude:-26.015018]], [attributes:[Broadband_Buildings:Broadband Ready, Building_Name:98 Richards Drive (2675) Building 2, Longitude:28.123783, Latitude:-26.013998]], [attributes:[Broadband_Buildings:Broadband Ready, Building_Name:34 Impala Road (172) Building 1, Longitude:28.054226, Latitude:-26.11511]], [attributes:[Broadband_Buildings:Broadband Ready, Building_Name:24 Georgian Crescent (227) DOW HOUSE NORTH, Longitude:28.018053, Latitude:-26.039974]], [attributes:[Broadband_Buildings:Broadband Ready, Building_Name:19 - 21 Quantumn Street (1341) , Longitude:18.840988, Latitude:-33.964863]], [attributes:[Broadband_Buildings:Broadband Ready, Building_Name:21 Elektron Street (800) Building 1, Longitude:18.837399, Latitude:-33.96329]], [attributes:[Broadband_Buildings:Broadband Ready, Building_Name:Peer_Cotillion_Place_Technopark, Longitude:18.83765, Latitude:-33.966225]], [attributes:[Broadband_Buildings:Broadband Ready, Building_Name:43 Neutron Road (773) Mediclinic 1, Longitude:18.832056, Latitude:-33.964767]], [attributes:[Broadband_Buildings:Broadband Ready, Building_Name:5 Meson Close (1280) Building 1, Longitude:18.835966, Latitude:-33.96457]], [attributes:[Broadband_Buildings:Broadband Ready, Building_Name:8 Quantumn Street (821) Building 1, Longitude:18.839615, Latitude:-33.964573]], [attributes:[Broadband_Buildings:Broadband Ready, Building_Name:152 Western Service Road (2502) Block 1, Longitude:28.088726, Latitude:-26.057068]], [attributes:[Broadband_Buildings:Broadband Ready, Building_Name:145 Western Service Road (2518) Oak Place 1, Longitude:28.089897, Latitude:-26.058874]], [attributes:[Broadband_Buildings:Broadband Ready, Building_Name:145 Western Service Road (2515) Jacaranda Place 1, Longitude:28.089796, Latitude:-26.058228]], [attributes:[Broadband_Buildings:Broadband Ready, Building_Name:145 Western Service Road (2519) Yellow Wood Place 1, Longitude:28.089931, Latitude:-26.059626]], [attributes:[Broadband_Buildings:Broadband Ready, Building_Name:Peer_Girton, Longitude:28.040289, Latitude:-26.184185]], [attributes:[Broadband_Buildings:Broadband Ready, Building_Name:5 Bauhinia Street (5858), Building 21, Longitude:28.183023, Latitude:-25.88051]], [attributes:[Broadband_Buildings:Broadband Ready, Building_Name:5 Bauhinia Street (5854), Building 17, Longitude:28.182655, Latitude:-25.880156]], [attributes:[Broadband_Buildings:Broadband Ready, Building_Name:5 Bauhinia Street (5850), Building 13, Longitude:28.182514, Latitude:-25.87999]], [attributes:[Broadband_Buildings:Broadband Ready, Building_Name:5 Bauhinia Street Building 11, Longitude:28.182117, Latitude:-25.880308]], [attributes:[Broadband_Buildings:Broadband Ready, Building_Name:5 Bauhinia Street (5846) Building 9, Longitude:28.181952, Latitude:-25.879583]], [attributes:[Broadband_Buildings:Broadband Ready, Building_Name:5 Bauhina Street Building 7, Longitude:28.18205, Latitude:-25.879385]], [attributes:[Broadband_Buildings:Broadband Ready, Building_Name:5 Bauhina Street Building 6, Longitude:28.182169, Latitude:-25.87917]], [attributes:[Broadband_Buildings:Broadband Ready, Building_Name:5 Bauhinia Street Building 5, Longitude:28.182573, Latitude:-25.878885]], [attributes:[Broadband_Buildings:Broadband Ready, Building_Name:5 Bauhinia Street Building 4, Longitude:28.18279, Latitude:-25.878805]], [attributes:[Broadband_Buildings:Broadband Ready, Building_Name:5 Bauhina Street Building 3, Longitude:28.183006, Latitude:-25.878565]], [attributes:[Broadband_Buildings:Broadband Ready, Building_Name:5 Bauhinia Street Building 2, Longitude:28.18312, Latitude:-25.878313]], [attributes:[Broadband_Buildings:Broadband Ready, Building_Name:5 Bauhinia Street Building 1, Longitude:28.183199, Latitude:-25.87812]], [attributes:[Broadband_Buildings:Broadband Ready, Building_Name:92 Richards Drive (2441), Building 1, Longitude:28.12322, Latitude:-26.0131]], [attributes:[Broadband_Buildings:Broadband Ready, Building_Name:6 Coombe Place  (628) Building 9, Longitude:28.057655, Latitude:-26.03915]], [attributes:[Broadband_Buildings:Broadband Ready, Building_Name:16 Fredman Drive (4038) Building 1, Longitude:28.052023, Latitude:-26.103971]], [attributes:[Broadband_Buildings:Broadband Ready, Building_Name:37-41 Homestead Avenue (4239),  Block G, Longitude:28.055819, Latitude:-26.04741]], [attributes:[Broadband_Buildings:Broadband Ready, Building_Name:Lomac Park (2467), 122 Richards Dr, Building 1, Longitude:28.121044, Latitude:-26.016108]], [attributes:[Broadband_Buildings:Broadband Ready, Building_Name:17 Muswell (Redefine) (194) TudorTech, Longitude:28.022385, Latitude:-26.049757]], [attributes:[Broadband_Buildings:Broadband Ready, Building_Name:40 Bath Avenue (2814), Longitude:28.04135, Latitude:-26.148432]], [attributes:[Broadband_Buildings:Broadband Ready, Building_Name:45 Homestead Avenue (248) Merton Place, Longitude:28.057924, Latitude:-26.04599]], [attributes:[Broadband_Buildings:Broadband Ready, Building_Name:27 Impala Road (1427) Building 3, Longitude:28.052303, Latitude:-26.114815]], [attributes:[Broadband_Buildings:Broadband Ready, Building_Name:2 Mellis Road (292) MediMark House, Longitude:28.058407, Latitude:-26.044659]], [attributes:[Broadband_Buildings:Broadband Ready, Building_Name:1 Mellis Road (885) Cornerstone House, Longitude:28.058279, Latitude:-26.045614]], [attributes:[Broadband_Buildings:Broadband Ready, Building_Name:15 Sloane Road (320), Longitude:28.015715, Latitude:-26.041279]], [attributes:[Broadband_Buildings:Broadband Ready, Building_Name:193 Bryanston Drive (207) Block E, Longitude:28.020193, Latitude:-26.046099]], [attributes:[Broadband_Buildings:Broadband Ready, Building_Name:10 Saddle Drive (1831) Building 1, Longitude:28.0898, Latitude:-26.046932]], [attributes:[Broadband_Buildings:Broadband Ready, Building_Name:14 Fricker Road (125) 14 Fricker Road, Longitude:28.04739, Latitude:-26.132946]], [attributes:[Broadband_Buildings:Broadband Ready, Building_Name:Country Club Estate - Equity Estates (503), Woodlands Drive, Building 8, Longitude:28.082466, Latitude:-26.0603]], [attributes:[Broadband_Buildings:Broadband Ready, Building_Name:Discover Digital, Longitude:28.08414, Latitude:-26.057135]], [attributes:[Broadband_Buildings:Broadband Ready, Building_Name:Montclare Place (390), Longitude:18.46571, Latitude:-33.97752]], [attributes:[Broadband_Buildings:Broadband Ready, Building_Name:6 Eaton Avenue (214) Building 1, Longitude:28.021679, Latitude:-26.046143]], [attributes:[Broadband_Buildings:Broadband Ready, Building_Name:The Oval (747) Building 4, Longitude:18.460314, Latitude:-33.979767]], [attributes:[Broadband_Buildings:Broadband Ready, Building_Name:The Oval (749) Building 5, Longitude:18.46018, Latitude:-33.98]], [attributes:[Broadband_Buildings:Broadband Ready, Building_Name:The Oval (748) Building 6, Longitude:18.459908, Latitude:-33.98017]], [attributes:[Broadband_Buildings:Broadband Ready, Building_Name:The Oval (391), Longitude:18.45963, Latitude:-33.980267]], [attributes:[Broadband_Buildings:Broadband Ready, Building_Name:3 Stirrup Lane (3953) 3 Stirrup Lane, Longitude:28.088507, Latitude:-26.048445]], [attributes:[Broadband_Buildings:Broadband Ready, Building_Name:26 Stirrup Lane (1854), Building 1, Longitude:28.089079, Latitude:-26.046734]], [attributes:[Broadband_Buildings:Broadband Ready, Building_Name:3 Saddle Drive (1857), Building 1, Longitude:28.088984, Latitude:-26.047968]], [attributes:[Broadband_Buildings:Broadband Ready, Building_Name:12 Saddle Drive (1834), Building 1, Longitude:28.08983, Latitude:-26.046364]], [attributes:[Broadband_Buildings:Broadband Ready, Building_Name:26 Wellington Road (789) Building 1, Longitude:28.037886, Latitude:-26.184872]], [attributes:[Broadband_Buildings:Broadband Ready, Building_Name:15 Elektron Street (822) Building 1, Longitude:18.838064, Latitude:-33.96392]], [attributes:[Broadband_Buildings:Broadband Ready, Building_Name:15 Thermo Street (1343), Longitude:18.838785, Latitude:-33.965015]], [attributes:[Broadband_Buildings:Broadband Ready, Building_Name:15-21 Neutron Avenue (2197) Block B, Longitude:18.83038, Latitude:-33.965904]], [attributes:[Broadband_Buildings:Broadband Ready, Building_Name:Quantum House (Six on Quantum) (752) Quantum House 1, Longitude:18.839025, Latitude:-33.964664]], [attributes:[Broadband_Buildings:Broadband Ready, Building_Name:Rhino House (760), Longitude:18.841002, Latitude:-33.965324]], [attributes:[Broadband_Buildings:Broadband Ready, Building_Name:6 Woodland Drive (2512) Block E, Longitude:28.08717, Latitude:-26.057856]], [attributes:[Broadband_Buildings:Broadband Ready, Building_Name:6 Woodland Drive (2508) Block A, Longitude:28.086615, Latitude:-26.057495]], [attributes:[Broadband_Buildings:Broadband Ready, Building_Name:145 Western Service Road (2517) Maple Place North 2, Longitude:28.090004, Latitude:-26.060686]], [attributes:[Broadband_Buildings:Broadband Ready, Building_Name:145 Western Service Road (2667) Maple Place South, Longitude:28.09009, Latitude:-26.061058]], [attributes:[Broadband_Buildings:Broadband Ready, Building_Name:140 Western Service Rd (2494) Ashwood Place 1, Longitude:28.08968, Latitude:-26.062048]], [attributes:[Broadband_Buildings:Broadband Ready, Building_Name:21 Wellington Road (816) , Longitude:28.037483, Latitude:-26.183975]], [attributes:[Broadband_Buildings:Broadband Ready, Building_Name:20 Girton Road (817) , Longitude:28.036749, Latitude:-26.184147]], [attributes:[Broadband_Buildings:Broadband Ready, Building_Name:Ballywoods Office Park (564) Ironwood House, Longitude:28.030252, Latitude:-26.074091]], [attributes:[Broadband_Buildings:Broadband Ready, Building_Name:Bateleur Office Park (2730) Building 3, Longitude:18.640247, Latitude:-33.869812]], [attributes:[Broadband_Buildings:Broadband Ready, Building_Name:Bateleur Office Park (2731) Building 4, Longitude:18.640543, Latitude:-33.86986]], [attributes:[Broadband_Buildings:Broadband Ready, Building_Name:Harrowdene Office Park (1502) Building 9, Longitude:28.087503, Latitude:-26.064888]], [attributes:[Broadband_Buildings:Broadband Ready, Building_Name:Woodmead Estate (3942), 1 Woodmead Drive, Woodmead, Johannesburg, Building 4, Longitude:28.088932, Latitude:-26.051394]], [attributes:[Broadband_Buildings:Broadband Ready, Building_Name:Woodmead Estate (3943), 1 Woodmead Drive, Woodmead, Johannesburg, Building 5, Longitude:28.089457, Latitude:-26.051336]], [attributes:[Broadband_Buildings:Broadband Ready, Building_Name:Woodmead Estate (3944) Building 6, Longitude:28.089571, Latitude:-26.051777]], [attributes:[Broadband_Buildings:Broadband Ready, Building_Name:1 Scott Str (1717) Block B2, Longitude:28.070307, Latitude:-26.134716]], [attributes:[Broadband_Buildings:Broadband Ready, Building_Name:33 Jack Craig Street (3103), Longitude:18.431967, Latitude:-33.920853]], [attributes:[Broadband_Buildings:Broadband Ready, Building_Name:24 Bella Rosa (2713) Building 1, Longitude:18.640259, Latitude:-33.86614]], [attributes:[Broadband_Buildings:Broadband Ready, Building_Name:296 Kent Ave, Longitude:27.999517, Latitude:-26.09499]], [attributes:[Broadband_Buildings:Broadband Ready, Building_Name:Sunbird Office Park (2754) Building 2, Longitude:18.640657, Latitude:-33.87002]], [attributes:[Broadband_Buildings:Broadband Ready, Building_Name:3 Simba Road (381) Lubedo House, Longitude:28.068558, Latitude:-26.03535]], [attributes:[Broadband_Buildings:Broadband Ready, Building_Name:6 Kikuyu Street (368) Building 1, Longitude:28.062315, Latitude:-26.034508]], [attributes:[Broadband_Buildings:Broadband Ready, Building_Name:9 Simba Road (719) Block C, Longitude:28.067118, Latitude:-26.035204]], [attributes:[Broadband_Buildings:Broadband Ready, Building_Name:9 Simba Road (382) Block A, Longitude:28.067638, Latitude:-26.035702]], [attributes:[Broadband_Buildings:Broadband Ready, Building_Name:3 Eglin Road (589) Back building, Longitude:28.068857, Latitude:-26.032589]], [attributes:[Broadband_Buildings:Broadband Ready, Building_Name:Peer_Sunninghill, Longitude:28.068106, Latitude:-26.03307]], [attributes:[Broadband_Buildings:Broadband Ready, Building_Name:7 Navisha Road (376), Longitude:28.063858, Latitude:-26.03203]], [attributes:[Broadband_Buildings:Broadband Ready, Building_Name:4 Kikuyu Street (655) Stokvel Place, Longitude:28.062115, Latitude:-26.035192]], [attributes:[Broadband_Buildings:Broadband Ready, Building_Name:151 Katherine Street (934) Vunani House, Longitude:28.073153, Latitude:-26.100286]], [attributes:[Broadband_Buildings:Broadband Ready, Building_Name:22 Westbrooke Drive (1323) , Longitude:28.074114, Latitude:-26.09979]], [attributes:[Broadband_Buildings:Broadband Ready, Building_Name:ACC_Randburg_City, Longitude:27.999887, Latitude:-26.092901]], [attributes:[Broadband_Buildings:Broadband Ready, Building_Name:Groenewald Lubbe &amp; Associates, Longitude:27.998554, Latitude:-26.095722]], [attributes:[Broadband_Buildings:Broadband Ready, Building_Name:252 Oak Ave (667) Block 6, Longitude:28.00047, Latitude:-26.10024]], [attributes:[Broadband_Buildings:Broadband Ready, Building_Name:252 Oak Ave (669) Block 7, Longitude:28.000427, Latitude:-26.100441]], [attributes:[Broadband_Buildings:Broadband Ready, Building_Name:252 Oak Ave (684) Block 11, Longitude:27.999878, Latitude:-26.100348]], [attributes:[Broadband_Buildings:Broadband Ready, Building_Name:252 Oak Ave (513) Block 1, Longitude:27.999748, Latitude:-26.10013]], [attributes:[Broadband_Buildings:Broadband Ready, Building_Name:252 Oak Ave (663) Block 2, Longitude:27.99971, Latitude:-26.100323]], [attributes:[Broadband_Buildings:Broadband Ready, Building_Name:252 Oak Ave (664) Block 3, Longitude:28.000023, Latitude:-26.100372]], [attributes:[Broadband_Buildings:Broadband Ready, Building_Name:248 Kent Avenue (736),  Block 9, Longitude:27.998732, Latitude:-26.099827]], [attributes:[Broadband_Buildings:Broadband Ready, Building_Name:248 Kent Avenue (737),  Block 10, Longitude:27.998533, Latitude:-26.099798]], [attributes:[Broadband_Buildings:Broadband Ready, Building_Name:248 Kent Avenue (738),  Block 11, Longitude:27.998974, Latitude:-26.099863]], [attributes:[Broadband_Buildings:Broadband Ready, Building_Name:248 Kent Avenue (739),  Block 12, Longitude:27.99823, Latitude:-26.100002]], [attributes:[Broadband_Buildings:Broadband Ready, Building_Name:5-7 Merchant Place (3921) Building 1, Longitude:28.05544, Latitude:-26.100796]], [attributes:[Broadband_Buildings:Broadband Ready, Building_Name:25 Sovereign Drive, Longitude:28.258743, Latitude:-25.865023]], [attributes:[Broadband_Buildings:Broadband Ready, Building_Name:	97 Sovereign Drive (1971) Building 3, Longitude:28.2581, Latitude:-25.86046]], [attributes:[Broadband_Buildings:Broadband Ready, Building_Name:	97 Sovereign Drive (1972) Building 4, Longitude:28.257881, Latitude:-25.860493]], [attributes:[Broadband_Buildings:Broadband Ready, Building_Name:98 Sovereign Drive (1977), Building 1, Longitude:28.257238, Latitude:-25.860489]], [attributes:[Broadband_Buildings:Broadband Ready, Building_Name:491 James Crescent (2174) Building 2, Longitude:28.122711, Latitude:-26.008146]], [attributes:[Broadband_Buildings:Broadband Ready, Building_Name:491 James Crescent (2173) Building 1, Longitude:28.1224, Latitude:-26.008068]], [attributes:[Broadband_Buildings:Broadband Ready, Building_Name:17 James Crescent (2187) Building 1, Longitude:28.12481, Latitude:-26.007141]], [attributes:[Broadband_Buildings:Broadband Ready, Building_Name:31 Gallagher Avenue (4099) Building 3, Longitude:28.126446, Latitude:-26.000391]], [attributes:[Broadband_Buildings:Broadband Ready, Building_Name:31 Gallagher Avenue (4100) Building 4, Longitude:28.126072, Latitude:-26.000393]], [attributes:[Broadband_Buildings:Broadband Ready, Building_Name:628 James Crescent (2155) Building 1, Longitude:28.127052, Latitude:-26.003778]], [attributes:[Broadband_Buildings:Broadband Ready, Building_Name:628 James Crescent (2161) Building 7, Longitude:28.126078, Latitude:-26.005089]], [attributes:[Broadband_Buildings:Broadband Ready, Building_Name:628 James Crescent (2162) Building 8, Longitude:28.12753, Latitude:-26.0056]], [attributes:[Broadband_Buildings:Broadband Ready, Building_Name:629 James Crescent (2164) Building 1, Longitude:28.124973, Latitude:-26.00556]], [attributes:[Broadband_Buildings:Broadband Ready, Building_Name:657 James Crescent (2166) Building 1, Longitude:28.12452, Latitude:-26.0049]], [attributes:[Broadband_Buildings:Broadband Ready, Building_Name:Aggr_James Crescent, Longitude:28.127003, Latitude:-26.00287]], [attributes:[Broadband_Buildings:Broadband Ready, Building_Name:688 Gallagher Avenue (2190) Building A, Longitude:28.127287, Latitude:-26.002718]], [attributes:[Broadband_Buildings:Broadband Ready, Building_Name:St James Commercial Park (2184) Building 2, Longitude:28.123611, Latitude:-26.00765]], [attributes:[Broadband_Buildings:Broadband Ready, Building_Name:138 Frikkie De Beer (2354) Building 6, Longitude:28.279179, Latitude:-25.782654]], [attributes:[Broadband_Buildings:Broadband Ready, Building_Name:Menlyn Corporate Park (2359) Building 2, Longitude:28.27831, Latitude:-25.78926]], [attributes:[Broadband_Buildings:Broadband Ready, Building_Name:138 Frikkie De Beer (2351) Building 3, Longitude:28.279516, Latitude:-25.783228]], [attributes:[Broadband_Buildings:Broadband Ready, Building_Name:Eskom and Menlyn Office Park (2370) Building 1, Longitude:28.2751, Latitude:-25.78542]], [attributes:[Broadband_Buildings:Broadband Ready, Building_Name:40 Ingersol Road (2375) Building 1, Longitude:28.276682, Latitude:-25.780018]], [attributes:[Broadband_Buildings:Broadband Ready, Building_Name:EPI (2348) Building 2, Longitude:28.278076, Latitude:-25.779882]], [attributes:[Broadband_Buildings:Broadband Ready, Building_Name:83 Lois Avenue, Longitude:28.278605, Latitude:-25.780703]], [attributes:[Broadband_Buildings:Broadband Ready, Building_Name:169 Corobay Avenue (2346) Building 1, Longitude:28.27895, Latitude:-25.787592]], [attributes:[Broadband_Buildings:Broadband Ready, Building_Name:138 Frikkie De Beer (2353) Building 5, Longitude:28.278578, Latitude:-25.78291]], [attributes:[Broadband_Buildings:Broadband Ready, Building_Name:Menlyn Retail Park (2364) Building 2, Longitude:28.278008, Latitude:-25.7871]], [attributes:[Broadband_Buildings:Broadband Ready, Building_Name:138 Frikkie De Beer (2350) Building 2, Longitude:28.278767, Latitude:-25.783207]], [attributes:[Broadband_Buildings:Broadband Ready, Building_Name:Menlyn Corner (2357) Building 2, Longitude:28.27805, Latitude:-25.783052]], [attributes:[Broadband_Buildings:Broadband Ready, Building_Name:Menlyn Corporate Park (2360) Building 3, Longitude:28.278656, Latitude:-25.789495]], [attributes:[Broadband_Buildings:Broadband Ready, Building_Name:33 Richards Drive (2145) Building 3, Longitude:28.125246, Latitude:-26.00825]], [attributes:[Broadband_Buildings:Broadband Ready, Building_Name:37 Richards Drive (2135) Building 2, Longitude:28.124338, Latitude:-26.009912]], [attributes:[Broadband_Buildings:Broadband Ready, Building_Name:37 Richards Drive (2134) Building 1, Longitude:28.123863, Latitude:-26.009748]], [attributes:[Broadband_Buildings:Broadband Ready, Building_Name:39 Richards Drive (2137) Building 1, Longitude:28.123617, Latitude:-26.01032]], [attributes:[Broadband_Buildings:Broadband Ready, Building_Name:39 Richards Drive (2138) Building 2, Longitude:28.123367, Latitude:-26.010033]], [attributes:[Broadband_Buildings:Broadband Ready, Building_Name:628 James Crescent (2159) Building 5, Longitude:28.126204, Latitude:-26.003984]], [attributes:[Broadband_Buildings:Broadband Ready, Building_Name:628 James Crescent (2157) Building 3, Longitude:28.127024, Latitude:-26.004602]], [attributes:[Broadband_Buildings:Broadband Ready, Building_Name:Peer_Ann Crescent, Longitude:28.069635, Latitude:-26.100794]], [attributes:[Broadband_Buildings:Broadband Ready, Building_Name:150 Linden Street (929) Block E, Longitude:28.070492, Latitude:-26.100288]], [attributes:[Broadband_Buildings:Broadband Ready, Building_Name:3 Palmboom Place (931) 3 Palmboom Place, Longitude:28.071693, Latitude:-26.102352]], [attributes:[Broadband_Buildings:Broadband Ready, Building_Name:128 Peter Road (921) Coffee Shop, Longitude:28.070621, Latitude:-26.101522]], [attributes:[Broadband_Buildings:Broadband Ready, Building_Name:150 Linden Street (1346) Block F, Longitude:28.07104, Latitude:-26.10039]], [attributes:[Broadband_Buildings:Broadband Ready, Building_Name:Re&#039;aan Swanepoel (92303), Longitude:27.93941, Latitude:-26.1367]], [attributes:[Broadband_Buildings:Broadband Ready, Building_Name:3 Dudley Road, Longitude:28.034964, Latitude:-26.154491]], [attributes:[Broadband_Buildings:Broadband Ready, Building_Name:The Tank, Longitude:31.203785, Latitude:-29.529615]], [attributes:[Broadband_Buildings:Broadband Ready, Building_Name:Protea Mews (92124), Longitude:28.129652, Latitude:-25.954086]], [attributes:[Broadband_Buildings:Broadband Ready, Building_Name:Apple Property, Longitude:29.241655, Latitude:-25.875656]], [attributes:[Broadband_Buildings:Broadband Ready, Building_Name:16 Culross Road (1869) South Building, Longitude:28.023504, Latitude:-26.045338]], [attributes:[Broadband_Buildings:Broadband Ready, Building_Name:213 Richards Street (2982) Building 1, Longitude:28.243876, Latitude:-25.742895]], [attributes:[Broadband_Buildings:Broadband Ready, Building_Name:13 Jellicoe Avenue (3989) Building 1, Longitude:28.039099, Latitude:-26.142382]], [attributes:[Broadband_Buildings:Broadband Ready, Building_Name:23 Jellicoe Ave (2878), Longitude:28.04086, Latitude:-26.142282]], [attributes:[Broadband_Buildings:Broadband Ready, Building_Name:19 Pieter Str (1258), Longitude:28.187847, Latitude:-25.870176]], [attributes:[Broadband_Buildings:Broadband Ready, Building_Name:26-28 Edington Crescent (1272), Longitude:28.179771, Latitude:-25.873745]], [attributes:[Broadband_Buildings:Broadband Ready, Building_Name:200 Witch-Hazel Ave (1275) , Longitude:28.181337, Latitude:-25.874058]], [attributes:[Broadband_Buildings:Broadband Ready, Building_Name:1 Hood Avenue (2970) Presidents Place, Longitude:28.035366, Latitude:-26.148533]], [attributes:[Broadband_Buildings:Broadband Ready, Building_Name:14 Sturdee Avenue (3522) Building 1, Longitude:28.039326, Latitude:-26.146269]], [attributes:[Broadband_Buildings:Broadband Ready, Building_Name:14 Keyes Avenue (2995) Building 1, Longitude:28.037529, Latitude:-26.144651]], [attributes:[Broadband_Buildings:Broadband Ready, Building_Name:The Terraces (2536) Block H, Longitude:18.434036, Latitude:-34.08065]], [attributes:[Broadband_Buildings:Broadband Ready, Building_Name:The Terraces (2537) Block I, Longitude:18.434278, Latitude:-34.08078]], [attributes:[Broadband_Buildings:Broadband Ready, Building_Name:Grapevine House (2523) Building 1, Longitude:18.437607, Latitude:-34.082302]], [attributes:[Broadband_Buildings:Broadband Ready, Building_Name:Silverwood House (2526) Block A, Longitude:18.438375, Latitude:-34.082226]], [attributes:[Broadband_Buildings:Broadband Ready, Building_Name:Acacia Park (2836), Cranberry Crescent, Building 2, Longitude:28.128294, Latitude:-26.012005]], [attributes:[Broadband_Buildings:Broadband Ready, Building_Name:Acacia Park (2418) Building 1, Longitude:28.128668, Latitude:-26.011637]], [attributes:[Broadband_Buildings:Broadband Ready, Building_Name:82 Capital Hill (2837), Building 2, Longitude:28.127783, Latitude:-26.01139]], [attributes:[Broadband_Buildings:Broadband Ready, Building_Name:41 Peter Place (405), Longitude:28.020731, Latitude:-26.081623]], [attributes:[Broadband_Buildings:Broadband Ready, Building_Name:4 Karen Street (689)  Block 2, Longitude:28.018957, Latitude:-26.080952]], [attributes:[Broadband_Buildings:Broadband Ready, Building_Name:4 Karen Street (690)  Block 3, Longitude:28.018656, Latitude:-26.08062]], [attributes:[Broadband_Buildings:Broadband Ready, Building_Name:16 Peter Place (429), Longitude:28.013302, Latitude:-26.080116]], [attributes:[Broadband_Buildings:Broadband Ready, Building_Name:170 Curzon Road (781)  Block 5, Longitude:28.011614, Latitude:-26.075172]], [attributes:[Broadband_Buildings:Broadband Ready, Building_Name:Design Quarter District (2390), Leslie Avenue, Building 9, Longitude:28.013296, Latitude:-26.031906]], [attributes:[Broadband_Buildings:Broadband Ready, Building_Name:BAU - Interfile, Longitude:28.012318, Latitude:-26.031996]], [attributes:[Broadband_Buildings:Broadband Ready, Building_Name:Little Fourways Office Park (2392) Block A, Longitude:28.012184, Latitude:-26.032928]], [attributes:[Broadband_Buildings:Broadband Ready, Building_Name:Rocketseed, Longitude:28.0126, Latitude:-26.032814]], [attributes:[Broadband_Buildings:Broadband Ready, Building_Name:95 Grayston Drive (4035) Building 1, Longitude:28.056635, Latitude:-26.097935]], [attributes:[Broadband_Buildings:Broadband Ready, Building_Name:Victoria Body Corp, Longitude:28.256092, Latitude:-25.86052]], [attributes:[Broadband_Buildings:Broadband Ready, Building_Name:84 Edward Road (3508), Longitude:18.635534, Latitude:-33.882195]], [attributes:[Broadband_Buildings:Broadband Ready, Building_Name:185 Old Pretoria Road (4103) Building 1, Longitude:28.125916, Latitude:-26.001675]], [attributes:[Broadband_Buildings:Broadband Ready, Building_Name:31 Gallagher Avenue (4097) Building 1, Longitude:28.126898, Latitude:-26.000605]], [attributes:[Broadband_Buildings:Broadband Ready, Building_Name:31 Gallagher Avenue (4098) Building 2, Longitude:28.126095, Latitude:-26.000727]], [attributes:[Broadband_Buildings:Broadband Ready, Building_Name:38 ingersol road (2345) Building 1, Longitude:28.276327, Latitude:-25.78003]], [attributes:[Broadband_Buildings:Broadband Ready, Building_Name:42 Ingersol (2341) Building 1, Longitude:28.277021, Latitude:-25.780033]], [attributes:[Broadband_Buildings:Broadband Ready, Building_Name:	112 Richards Drive (2456) Building 1, Longitude:28.121595, Latitude:-26.014736]], [attributes:[Broadband_Buildings:Broadband Ready, Building_Name:Peer_Arnold, Longitude:28.041676, Latitude:-26.148893]], [attributes:[Broadband_Buildings:Broadband Ready, Building_Name:5 Cradock Avenue (261), Longitude:28.042482, Latitude:-26.148785]], [attributes:[Broadband_Buildings:Broadband Ready, Building_Name:37-41 Homestead Avenue (237),  Block B, Longitude:28.056503, Latitude:-26.047842]], [attributes:[Broadband_Buildings:Broadband Ready, Building_Name:37-41 Homestead Avenue (238),  Block C, Longitude:28.05596, Latitude:-26.048054]], [attributes:[Broadband_Buildings:Broadband Ready, Building_Name:9 Georgain Crescent (438), Longitude:28.016527, Latitude:-26.040613]], [attributes:[Broadband_Buildings:Broadband Ready, Building_Name:15 Sloane Rd (668), Building 2, Longitude:28.015812, Latitude:-26.040836]], [attributes:[Broadband_Buildings:Broadband Ready, Building_Name:20 Georgian Crescent (321), Longitude:28.018518, Latitude:-26.039356]], [attributes:[Broadband_Buildings:Broadband Ready, Building_Name:7A Georgian Crescent (312), 7A Georgian Crescent, Longitude:28.016794, Latitude:-26.040527]], [attributes:[Broadband_Buildings:Broadband Ready, Building_Name:193 Bryanston Drive (203) Block A, Longitude:28.021152, Latitude:-26.046724]], [attributes:[Broadband_Buildings:Broadband Ready, Building_Name:18 Fricker Road (148) , Longitude:28.047562, Latitude:-26.131628]], [attributes:[Broadband_Buildings:Broadband Ready, Building_Name:17 Fricker Road (128) Block A, Longitude:28.046743, Latitude:-26.131487]], [attributes:[Broadband_Buildings:Broadband Ready, Building_Name:39 Fricker Road (144) Building 1, Longitude:28.047766, Latitude:-26.12728]], [attributes:[Broadband_Buildings:Broadband Ready, Building_Name:Alstom Woodmead, Longitude:28.082664, Latitude:-26.05981]], [attributes:[Broadband_Buildings:Broadband Ready, Building_Name:Country Club Estate - Equity Estates (501), Woodlands Drive, Building 6, Longitude:28.082842, Latitude:-26.059282]], [attributes:[Broadband_Buildings:Broadband Ready, Building_Name:66 Main Road (1464), Longitude:18.464714, Latitude:-33.978535]], [attributes:[Broadband_Buildings:Broadband Ready, Building_Name:Albury Office Park (277) Building 5, Longitude:28.030823, Latitude:-26.124329]], [attributes:[Broadband_Buildings:Broadband Ready, Building_Name:1 Stirrup Lane (1830), Building 1, Longitude:28.088428, Latitude:-26.048752]], [attributes:[Broadband_Buildings:Broadband Ready, Building_Name:24 Saddle Drive (1851), Building 1, Longitude:28.089844, Latitude:-26.044907]], [attributes:[Broadband_Buildings:Broadband Ready, Building_Name:20 Saddle Drive (1844), Building 1, Longitude:28.089851, Latitude:-26.045515]], [attributes:[Broadband_Buildings:Broadband Ready, Building_Name:15-21 Neutron Avenue (754) Capital Place 1, Longitude:18.830046, Latitude:-33.966476]], [attributes:[Broadband_Buildings:Broadband Ready, Building_Name:3 Meson Street (3901), Longitude:18.83584, Latitude:-33.965435]], [attributes:[Broadband_Buildings:Broadband Ready, Building_Name:6 Woodland Drive (2511) Block D, Longitude:28.086378, Latitude:-26.058064]], [attributes:[Broadband_Buildings:Broadband Ready, Building_Name: DFHS_Woodmead VDC (92890) , Longitude:28.088968, Latitude:-26.059788]], [attributes:[Broadband_Buildings:Broadband Ready, Building_Name:140 Western Service Rd (2495) Ashwood Place 2, Longitude:28.089197, Latitude:-26.062141]], [attributes:[Broadband_Buildings:Broadband Ready, Building_Name:140 Western Service Rd (2678) Ashwood Place 3, Longitude:28.089432, Latitude:-26.061705]], [attributes:[Broadband_Buildings:Broadband Ready, Building_Name:Riverview Office Park (2620), Longitude:28.118715, Latitude:-25.99866]], [attributes:[Broadband_Buildings:Broadband Ready, Building_Name:15 Wellington Road (871) Building 1, Longitude:28.03609, Latitude:-26.184227]], [attributes:[Broadband_Buildings:Broadband Ready, Building_Name:The Office, Office Park (2327) Block B, Longitude:28.292456, Latitude:-25.779442]], [attributes:[Broadband_Buildings:Broadband Ready, Building_Name:Woodlands Office Park (2843), Longitude:28.087088, Latitude:-26.063162]], [attributes:[Broadband_Buildings:Broadband Ready, Building_Name:Harrowdene Office Park (3962) Entrance Gate 1, Longitude:28.085873, Latitude:-26.066813]], [attributes:[Broadband_Buildings:Broadband Ready, Building_Name:Harrowdene Office Park (1505) Building 12, Longitude:28.087236, Latitude:-26.064255]], [attributes:[Broadband_Buildings:Broadband Ready, Building_Name:Woodmead Estate (3939), 1 Woodmead Drive, Woodmead, Johannesburg, Building 1, Longitude:28.089493, Latitude:-26.052313]], [attributes:[Broadband_Buildings:Broadband Ready, Building_Name:Woodmead Estate (3940), 1 Woodmead Drive, Woodmead, Johannesburg, Building 2, Longitude:28.088873, Latitude:-26.05258]], [attributes:[Broadband_Buildings:Broadband Ready, Building_Name:Woodmead Estate (3941), 1 Woodmead Drive, Woodmead, Johannesburg, Building 3, Longitude:28.08888, Latitude:-26.052013]], [attributes:[Broadband_Buildings:Broadband Ready, Building_Name:Woodmead Estate (3945), 1 Woodmead Drive, Woodmead, Johannesburg, Building 7, Longitude:28.089462, Latitude:-26.053574]], [attributes:[Broadband_Buildings:Broadband Ready, Building_Name:19 Louis Gradner Street / ACC_Fore_Trust, Longitude:18.432346, Latitude:-33.92053]], [attributes:[Broadband_Buildings:Broadband Ready, Building_Name:Munich Reinsurance Company_CPT, Longitude:18.42632, Latitude:-33.916515]], [attributes:[Broadband_Buildings:Broadband Ready, Building_Name:St Benedicts College(1515), Longitude:28.135391, Latitude:-26.174215]], [attributes:[Broadband_Buildings:Broadband Ready, Building_Name:1 Rogers Street (2720) Building 1, Longitude:18.639431, Latitude:-33.870464]], [attributes:[Broadband_Buildings:Broadband Ready, Building_Name:3 High Street (3820) Building 1, Longitude:18.639753, Latitude:-33.86831]], [attributes:[Broadband_Buildings:Broadband Ready, Building_Name:Sunbird Office Park (2755) Building 3, Longitude:18.64061, Latitude:-33.870228]], [attributes:[Broadband_Buildings:Broadband Ready, Building_Name:164 Katherine Street (1325) Block A, Longitude:28.074644, Latitude:-26.101442]], [attributes:[Broadband_Buildings:Broadband Ready, Building_Name:135 Patricia Rd (1337) Block 3, Longitude:28.068985, Latitude:-26.105465]], [attributes:[Broadband_Buildings:Broadband Ready, Building_Name:135 Patricia Rd (1335) Block 1, Longitude:28.069757, Latitude:-26.105165]], [attributes:[Broadband_Buildings:Broadband Ready, Building_Name:299 Surrey Avenue (579), Longitude:27.998896, Latitude:-26.094475]], [attributes:[Broadband_Buildings:Broadband Ready, Building_Name:271 Surrey Avenue (576), Longitude:27.998276, Latitude:-26.0976]], [attributes:[Broadband_Buildings:Broadband Ready, Building_Name:261 Surrey Avenue (575), Longitude:27.997879, Latitude:-26.098873]], [attributes:[Broadband_Buildings:Broadband Ready, Building_Name:264 Kent Avenue (574), Longitude:27.998802, Latitude:-26.09865]], [attributes:[Broadband_Buildings:Broadband Ready, Building_Name:JSE (2892) 1 Exchange Square, Longitude:28.05758, Latitude:-26.10297]], [attributes:[Broadband_Buildings:Broadband Ready, Building_Name:4 Fredman Drive (2991) Building 1, Longitude:28.057287, Latitude:-26.102137]], [attributes:[Broadband_Buildings:Broadband Ready, Building_Name:100 Rivonia Road (4030) Building 1, Longitude:28.05701, Latitude:-26.109106]], [attributes:[Broadband_Buildings:Broadband Ready, Building_Name:75 Grayston Drive (2910) Building 1, Longitude:28.050875, Latitude:-26.100014]], [attributes:[Broadband_Buildings:Broadband Ready, Building_Name:3 Protea Place (4034), Building 1, Longitude:28.0536, Latitude:-26.103277]], [attributes:[Broadband_Buildings:Broadband Ready, Building_Name:35 Selati Road (2659) Building 1, Longitude:28.265053, Latitude:-25.78221]], [attributes:[Broadband_Buildings:Broadband Ready, Building_Name:RiverwalkOfficePark (PIC) (2651) Block 4, Longitude:28.269768, Latitude:-25.7833]], [attributes:[Broadband_Buildings:Broadband Ready, Building_Name:169 Garsfontein Road (2645) Block C, Longitude:28.264935, Latitude:-25.784569]], [attributes:[Broadband_Buildings:Broadband Ready, Building_Name:AshleaGarden OfficePark (2638) Block 3, Longitude:28.266125, Latitude:-25.783705]], [attributes:[Broadband_Buildings:Broadband Ready, Building_Name:AshleaGarden OfficePark (2639) Block 4, Longitude:28.26643, Latitude:-25.783796]], [attributes:[Broadband_Buildings:Broadband Ready, Building_Name:AshleaGarden OfficePark (2641) Block 6, Longitude:28.266804, Latitude:-25.783854]], [attributes:[Broadband_Buildings:Broadband Ready, Building_Name:	97 Sovereign Drive (1969) Building 1, Longitude:28.257902, Latitude:-25.860336]], [attributes:[Broadband_Buildings:Broadband Ready, Building_Name:97 Sovereign Drive (1970) Building 2, Longitude:28.258123, Latitude:-25.860304]], [attributes:[Broadband_Buildings:Broadband Ready, Building_Name:63 Regency Drive (3971), Building 3, Longitude:28.254122, Latitude:-25.860798]], [attributes:[Broadband_Buildings:Broadband Ready, Building_Name:9 &amp; 13 Regency Drive (2067) Building D, Longitude:28.25652, Latitude:-25.865503]], [attributes:[Broadband_Buildings:Broadband Ready, Building_Name:9 &amp; 13 Regency Drive (2068) Building E, Longitude:28.256693, Latitude:-25.865295]], [attributes:[Broadband_Buildings:Broadband Ready, Building_Name:39 Sovereign Drive (1959), Building 1, Longitude:28.258944, Latitude:-25.86449]], [attributes:[Broadband_Buildings:Broadband Ready, Building_Name:119 Sovereign Drive (3973), Building 2, Longitude:28.257643, Latitude:-25.857868]], [attributes:[Broadband_Buildings:Broadband Ready, Building_Name:114 Sovereign Drive (2039), Building 1, Longitude:28.256804, Latitude:-25.858585]], [attributes:[Broadband_Buildings:Broadband Ready, Building_Name:82 Sovereign Drive (1983), Building 1, Longitude:28.257492, Latitude:-25.861803]], [attributes:[Broadband_Buildings:Broadband Ready, Building_Name:Odinfin, Longitude:28.257929, Latitude:-25.860777]], [attributes:[Broadband_Buildings:Broadband Ready, Building_Name:93 Sovereign Drive (1974) Building 2, Longitude:28.258282, Latitude:-25.860746]], [attributes:[Broadband_Buildings:Broadband Ready, Building_Name:OPEN MIND TECHNOLOGIES, Longitude:28.132357, Latitude:-25.980457]], [attributes:[Broadband_Buildings:Broadband Ready, Building_Name:Constantia Park (4017) Building 13, Longitude:28.132923, Latitude:-25.975683]], [attributes:[Broadband_Buildings:Broadband Ready, Building_Name:400, 16th Ave (1487) Block Q, Longitude:28.132385, Latitude:-25.97844]], [attributes:[Broadband_Buildings:Broadband Ready, Building_Name:Imperial Collection (1886) Building 1, Longitude:28.01987, Latitude:-26.048077]], [attributes:[Broadband_Buildings:Broadband Ready, Building_Name:4 Ealing Crescent (1883), Building 1, Longitude:28.024305, Latitude:-26.045933]], [attributes:[Broadband_Buildings:Broadband Ready, Building_Name:Lynnwood Bridge Office Park (3552) Building 3 - Aurecon SA, Longitude:28.277401, Latitude:-25.764692]], [attributes:[Broadband_Buildings:Broadband Ready, Building_Name:Lynnwood Bridge Office Park (3523) Building 5 - Retail park, Longitude:28.278744, Latitude:-25.765736]], [attributes:[Broadband_Buildings:Broadband Ready, Building_Name:2 Pybus Road (3828), Building 1, Longitude:28.055067, Latitude:-26.111061]], [attributes:[Broadband_Buildings:Broadband Ready, Building_Name:4 Pybus Road (2919), Building 1, Longitude:28.055454, Latitude:-26.111359]], [attributes:[Broadband_Buildings:Broadband Ready, Building_Name:JSE (4176) 2 Exchange Square, Longitude:28.057549, Latitude:-26.1035]], [attributes:[Broadband_Buildings:Broadband Ready, Building_Name:Tijger Park (2603) Tijger Park II, Longitude:18.634905, Latitude:-33.880104]], [attributes:[Broadband_Buildings:Broadband Ready, Building_Name:Tijger Park (2604) Tijger Park III, Longitude:18.634537, Latitude:-33.8795]], [attributes:[Broadband_Buildings:Broadband Ready, Building_Name:86 Edward Street (2596) Building 1, Longitude:18.635708, Latitude:-33.881786]], [attributes:[Broadband_Buildings:Broadband Ready, Building_Name:92 Edward Street (2581) Building 1, Longitude:18.63578, Latitude:-33.881462]], [attributes:[Broadband_Buildings:Broadband Ready, Building_Name:255 Durban Road (4003) Barloworld, Longitude:18.635628, Latitude:-33.883114]], [attributes:[Broadband_Buildings:Broadband Ready, Building_Name:False Bay College (3029), Longitude:18.440435, Latitude:-34.07723]], [attributes:[Broadband_Buildings:Broadband Ready, Building_Name:48 Wierda Road (354) Building 1, Longitude:28.05752, Latitude:-26.113438]], [attributes:[Broadband_Buildings:Broadband Ready, Building_Name:48 Wierda Road (909) Building 2, Longitude:28.057814, Latitude:-26.113329]], [attributes:[Broadband_Buildings:Broadband Ready, Building_Name:54 Albertyn Road (905) Inanda Building 7, Longitude:28.057327, Latitude:-26.114542]], [attributes:[Broadband_Buildings:Broadband Ready, Building_Name:68 Wierda Road (337) Block A, Longitude:28.060898, Latitude:-26.110798]], [attributes:[Broadband_Buildings:Broadband Ready, Building_Name:68 Wierda Road (619) Block B, Longitude:28.06111, Latitude:-26.11121]], [attributes:[Broadband_Buildings:Broadband Ready, Building_Name:38 Wierda Road (362) The Plain, Longitude:28.05533, Latitude:-26.113594]], [attributes:[Broadband_Buildings:Broadband Ready, Building_Name:Bentley Office Park (1417) 6 Bentley Office Park, Longitude:28.06096, Latitude:-26.042265]], [attributes:[Broadband_Buildings:Broadband Ready, Building_Name:374 Rivonia Boulevard (644) Building 2, Longitude:28.059963, Latitude:-26.046589]], [attributes:[Broadband_Buildings:Broadband Ready, Building_Name:372 Rivonia Boulevard (635) Building 2, Longitude:28.05994, Latitude:-26.047112]], [attributes:[Broadband_Buildings:Broadband Ready, Building_Name:3 Hans Strijdom / Absolute Computers Tubach, Longitude:18.42501, Latitude:-33.91903]], [attributes:[Broadband_Buildings:Broadband Ready, Building_Name:The New Tulbagh Hotel, Longitude:18.425194, Latitude:-33.918564]], [attributes:[Broadband_Buildings:Broadband Ready, Building_Name:Woodlands Office Park (1681) Building 4, Longitude:28.083673, Latitude:-26.062876]], [attributes:[Broadband_Buildings:Broadband Ready, Building_Name:Woodlands Office Park (1682), 141 Western Services Road, Woodmeade, Building 5, Longitude:28.08411, Latitude:-26.063118]], [attributes:[Broadband_Buildings:Broadband Ready, Building_Name:Woodlands Office Park (1683), 141 Western Services Road, Woodmeade, Building 6, Longitude:28.084745, Latitude:-26.063227]], [attributes:[Broadband_Buildings:Broadband Ready, Building_Name:Woodlands Office Park (1648), 141 Western Services Road, Woodmeade, Building 26, Longitude:28.086708, Latitude:-26.059397]], [attributes:[Broadband_Buildings:Broadband Ready, Building_Name:128 Peter Road (922) Building 4, Longitude:28.070904, Latitude:-26.101658]], [attributes:[Broadband_Buildings:Broadband Ready, Building_Name:1 Palmboom Place (930) 1 Palmboom Place, Longitude:28.071583, Latitude:-26.102522]], [attributes:[Broadband_Buildings:Broadband Ready, Building_Name:410 Jan Smuts Avenue (3442) Block 5, Longitude:28.02115, Latitude:-26.11289]], [attributes:[Broadband_Buildings:Broadband Ready, Building_Name:110 Conrad Drive (3455) Block 6, Longitude:28.020216, Latitude:-26.116247]], [attributes:[Broadband_Buildings:Broadband Ready, Building_Name:Thornhill Office Park (1185) Building 5, Longitude:28.11217, Latitude:-26.009916]], [attributes:[Broadband_Buildings:Broadband Ready, Building_Name:Thornhill Office Park (1186) Building 6, Longitude:28.111982, Latitude:-26.010157]], [attributes:[Broadband_Buildings:Broadband Ready, Building_Name:Thornhill Office Park (1202) Building 22, Longitude:28.114048, Latitude:-26.009232]], [attributes:[Broadband_Buildings:Broadband Ready, Building_Name:4 Roggebaai Square / Amazon - IS, Longitude:18.426352, Latitude:-33.91714]], [attributes:[Broadband_Buildings:Broadband Ready, Building_Name:180 Katherine Street (1775) Building 2, Longitude:28.080364, Latitude:-26.098627]], [attributes:[Broadband_Buildings:Broadband Ready, Building_Name:171 Katherine Str (1352), Building 5, Longitude:28.079432, Latitude:-26.09765]], [attributes:[Broadband_Buildings:Broadband Ready, Building_Name:171 Katherine Str (1351), Building 4, Longitude:28.079967, Latitude:-26.097342]], [attributes:[Broadband_Buildings:Broadband Ready, Building_Name:14a Charles Crescent (948)Building 1, Longitude:28.083155, Latitude:-26.094177]], [attributes:[Broadband_Buildings:Broadband Ready, Building_Name:29 Central Street (834), Longitude:28.057941, Latitude:-26.161352]], [attributes:[Broadband_Buildings:Broadband Ready, Building_Name:25 West Street (830) , Longitude:28.05598, Latitude:-26.16712]], [attributes:[Broadband_Buildings:Broadband Ready, Building_Name:19 -21 West Street (1459), Building B, Longitude:28.055649, Latitude:-26.167715]], [attributes:[Broadband_Buildings:Broadband Ready, Building_Name:2 Norwich Close (4037), Building 1, Longitude:28.04843, Latitude:-26.103207]], [attributes:[Broadband_Buildings:Broadband Ready, Building_Name:155 West Street (2949) Building 1, Longitude:28.053091, Latitude:-26.104227]], [attributes:[Broadband_Buildings:Broadband Ready, Building_Name:143 Kloof Street, Cape Town, Longitude:18.407522, Latitude:-33.934307]], [attributes:[Broadband_Buildings:Broadband Ready, Building_Name:Woodlands Office Park (1640), 141 Western Services Road, Woodmeade, Building 17, Longitude:28.08788, Latitude:-26.060812]], [attributes:[Broadband_Buildings:Broadband Ready, Building_Name:5 Woodlands Drive (2507) Building 1, Longitude:28.088402, Latitude:-26.05643]], [attributes:[Broadband_Buildings:Broadband Ready, Building_Name:Woodlands Office Park (1649), 141 Western Services Road, Woodmeade, Building 27, Longitude:28.086117, Latitude:-26.059435]], [attributes:[Broadband_Buildings:Broadband Ready, Building_Name:Woodlands Office Park(1650), Unit D, Bldng 16, 1st Floor, Longitude:28.086266, Latitude:-26.058474]], [attributes:[Broadband_Buildings:Broadband Ready, Building_Name:Woodlands Office Park (1651), 141 Western Services Road, Woodmeade, Building 29, Longitude:28.085564, Latitude:-26.057573]], [attributes:[Broadband_Buildings:Broadband Ready, Building_Name:150 Linden Street (926) Block B, Longitude:28.069883, Latitude:-26.100262]], [attributes:[Broadband_Buildings:Broadband Ready, Building_Name:150 Linden Street (927) Block C, Longitude:28.070889, Latitude:-26.100992]], [attributes:[Broadband_Buildings:Broadband Ready, Building_Name:150 Linden Street (928) Block D, Longitude:28.071585, Latitude:-26.100763]], [attributes:[Broadband_Buildings:Broadband Ready, Building_Name:410 Jan Smuts Avenue (3444),  Block 7, Longitude:28.021626, Latitude:-26.113401]], [attributes:[Broadband_Buildings:Broadband Ready, Building_Name:APPLE DISTRIBUTION INTERNATIONAL, Longitude:28.056694, Latitude:-26.105787]], [attributes:[Broadband_Buildings:Broadband Ready, Building_Name:IS New Mint, Longitude:28.108494, Latitude:-26.182486]], [attributes:[Broadband_Buildings:Broadband Ready, Building_Name:15 Ernest Oppenheimer Ave, Longitude:28.107105, Latitude:-26.181828]], [attributes:[Broadband_Buildings:Broadband Ready, Building_Name:7 Zulberg Close (1489), Building 2, Longitude:28.105421, Latitude:-26.180908]], [attributes:[Broadband_Buildings:Broadband Ready, Building_Name:8 Charles Cres (953), Longitude:28.083164, Latitude:-26.091366]], [attributes:[Broadband_Buildings:Broadband Ready, Building_Name:185 Katherine (1629) 185 Charles Cres Building 2, Longitude:28.082426, Latitude:-26.091692]], [attributes:[Broadband_Buildings:Broadband Ready, Building_Name:29 - 31 West Street (1460), Building B, Longitude:28.05632, Latitude:-26.166021]], [attributes:[Broadband_Buildings:Broadband Ready, Building_Name:29 - 31 West Street (869) Building A, Longitude:28.056164, Latitude:-26.166328]], [attributes:[Broadband_Buildings:Broadband Ready, Building_Name:9-13 West Street (829) Sanlam Business park Building 1, Longitude:28.054855, Latitude:-26.169844]], [attributes:[Broadband_Buildings:Broadband Ready, Building_Name:96 15th Rd (1754) Building 3
, Longitude:28.131168, Latitude:-25.967161]], [attributes:[Broadband_Buildings:Broadband Ready, Building_Name:96 15th Rd (997), Longitude:28.130781, Latitude:-25.968729]], [attributes:[Broadband_Buildings:Broadband Ready, Building_Name:754A 16th Road Pioneers House (1755) Building 1
, Longitude:28.136065, Latitude:-25.969461]], [attributes:[Broadband_Buildings:Broadband Ready, Building_Name:724 16th Rd (1008), Longitude:28.134855, Latitude:-25.970312]], [attributes:[Broadband_Buildings:Broadband Ready, Building_Name:Ceva (4071) Building 1, Longitude:28.133791, Latitude:-25.97198]], [attributes:[Broadband_Buildings:Broadband Ready, Building_Name:260 15th Road (4072) Building 2, Longitude:28.132221, Latitude:-25.973001]], [attributes:[Broadband_Buildings:Broadband Ready, Building_Name:4 Pepper Place, Rainbow Park Phase II (1572), Building 1 (Bidvest Foods), Longitude:18.515121, Latitude:-33.86441]], [attributes:[Broadband_Buildings:Broadband Ready, Building_Name:1 Warbler Close (1601) Building 1 / NEW SUPERMAN NPC, Longitude:18.51303, Latitude:-33.86636]], [attributes:[Broadband_Buildings:Broadband Ready, Building_Name:15 Longclaw Drive, Longitude:18.51333, Latitude:-33.866047]], [attributes:[Broadband_Buildings:Broadband Ready, Building_Name:1 Lower Buitengracht (3053) , Longitude:18.423748, Latitude:-33.91582]], [attributes:[Broadband_Buildings:Broadband Ready, Building_Name:1 Lower Bree Street (3055) (Protea Hotel), Longitude:18.424042, Latitude:-33.916557]], [attributes:[Broadband_Buildings:Broadband Ready, Building_Name:5 Richefond Circle (2780), Longitude:31.069567, Latitude:-29.739077]], [attributes:[Broadband_Buildings:Broadband Ready, Building_Name:1 Richefond Circle (2766), Longitude:31.070219, Latitude:-29.738543]], [attributes:[Broadband_Buildings:Broadband Ready, Building_Name:53 Richefond Circle (2781) , Longitude:31.071133, Latitude:-29.734396]], [attributes:[Broadband_Buildings:Broadband Ready, Building_Name:21 Saddle Drive (1847), Building 1, Longitude:28.08908, Latitude:-26.04556]], [attributes:[Broadband_Buildings:Broadband Ready, Building_Name:23 Saddle Drive (1850), Building 1, Longitude:28.089087, Latitude:-26.045046]], [attributes:[Broadband_Buildings:Broadband Ready, Building_Name:256 Kent Ave (540), Longitude:27.998667, Latitude:-26.099308]], [attributes:[Broadband_Buildings:Broadband Ready, Building_Name:280 Oak Ave (527) , Longitude:28.00099, Latitude:-26.097168]], [attributes:[Broadband_Buildings:Broadband Ready, Building_Name:5 Gwen lane (2999) Building 1, Longitude:28.056158, Latitude:-26.102093]], [attributes:[Broadband_Buildings:Broadband Ready, Building_Name:88 Grayston Drive (2907) Building 1, Longitude:28.055073, Latitude:-26.099592]], [attributes:[Broadband_Buildings:Broadband Ready, Building_Name:6 Protea Place (2915) Building 1, Longitude:28.055677, Latitude:-26.102444]], [attributes:[Broadband_Buildings:Broadband Ready, Building_Name:13 Esdoring Nook (1674) Building 9, Longitude:28.186098, Latitude:-25.87316]], [attributes:[Broadband_Buildings:Broadband Ready, Building_Name:13 Esdoring Nook (1675) Building 10, Longitude:28.186337, Latitude:-25.873066]], [attributes:[Broadband_Buildings:Broadband Ready, Building_Name:13 Esdoring Nook (1669) Building 4, Longitude:28.185709, Latitude:-25.872387]], [attributes:[Broadband_Buildings:Broadband Ready, Building_Name:123 Witch Hazel (1721) Building 1, Longitude:28.187609, Latitude:-25.872255]], [attributes:[Broadband_Buildings:Broadband Ready, Building_Name:4 Pieter Street (1251), Longitude:28.188046, Latitude:-25.871712]], [attributes:[Broadband_Buildings:Broadband Ready, Building_Name:13 Eddington Crescent (2193), Longitude:28.180784, Latitude:-25.873901]], [attributes:[Broadband_Buildings:Broadband Ready, Building_Name:181 Jan Smuts Ave (3996) Block E, Longitude:28.035168, Latitude:-26.14616]], [attributes:[Broadband_Buildings:Broadband Ready, Building_Name:191 Jan Smuts Ave (2887) Building 1, Longitude:28.035316, Latitude:-26.145657]], [attributes:[Broadband_Buildings:Broadband Ready, Building_Name:195a Jan Smuts Avenue (2886) Building 1, Longitude:28.03541, Latitude:-26.144165]], [attributes:[Broadband_Buildings:Broadband Ready, Building_Name:203 Jan Smuts Avenue (2884) Building 1, Longitude:28.035038, Latitude:-26.143892]], [attributes:[Broadband_Buildings:Broadband Ready, Building_Name:25 Jellicoe Ave (2877) , Longitude:28.0412, Latitude:-26.142122]], [attributes:[Broadband_Buildings:Broadband Ready, Building_Name:67 Capital Hill (2403), Building 1, Longitude:28.12807, Latitude:-26.009605]], [attributes:[Broadband_Buildings:Broadband Ready, Building_Name:68 Capital Hill (2404), Building 1, Longitude:28.128542, Latitude:-26.009176]], [attributes:[Broadband_Buildings:Broadband Ready, Building_Name:72 Capital Hill (2407), Building 1, Longitude:28.130812, Latitude:-26.0092]], [attributes:[Broadband_Buildings:Broadband Ready, Building_Name:73 Capital Hill (2408), Building 1, Longitude:28.131395, Latitude:-26.009987]], [attributes:[Broadband_Buildings:Broadband Ready, Building_Name:81 Capital Hill  (2414), Building 1, Longitude:28.12755, Latitude:-26.012205]], [attributes:[Broadband_Buildings:Broadband Ready, Building_Name:54 Peter Place (700) Venture House, Longitude:28.01993, Latitude:-26.082706]], [attributes:[Broadband_Buildings:Broadband Ready, Building_Name:54 Peter Place (701) Exeter House, Longitude:28.019981, Latitude:-26.082378]], [attributes:[Broadband_Buildings:Broadband Ready, Building_Name:Coachman Crossing Office Park (4077)  Block G, Longitude:28.015059, Latitude:-26.079975]], [attributes:[Broadband_Buildings:Broadband Ready, Building_Name:Sandton Medi Clinic (399) Building 1, Longitude:28.012304, Latitude:-26.07678]], [attributes:[Broadband_Buildings:Broadband Ready, Building_Name:170 Curzon Road (780)  Block 4, Longitude:28.011288, Latitude:-26.075459]], [attributes:[Broadband_Buildings:Broadband Ready, Building_Name:1303 Francis Baard (3471) Bld 1, Longitude:28.244701, Latitude:-25.744543]], [attributes:[Broadband_Buildings:Broadband Ready, Building_Name:Le Roux Ave Business Park (2455), Cnr Le Roux and Richards Drive, Building 1, Longitude:28.123363, Latitude:-26.011364]], [attributes:[Broadband_Buildings:Broadband Ready, Building_Name:Conco_37 Richards Drive, Longitude:28.124077, Latitude:-26.009329]], [attributes:[Broadband_Buildings:Broadband Ready, Building_Name:120 Richards Drive, Building 2, Longitude:28.12182, Latitude:-26.016201]], [attributes:[Broadband_Buildings:Broadband Ready, Building_Name:Post Office House (197), Longitude:28.022926, Latitude:-26.052996]], [attributes:[Broadband_Buildings:Broadband Ready, Building_Name:Albury Office Park (276) Building 2, Longitude:28.031355, Latitude:-26.125679]], [attributes:[Broadband_Buildings:Broadband Ready, Building_Name:Albury Office Park (278) Building 6, Longitude:28.031326, Latitude:-26.126013]], [attributes:[Broadband_Buildings:Broadband Ready, Building_Name:20 Georgian Crescent (331), Longitude:28.018303, Latitude:-26.038254]], [attributes:[Broadband_Buildings:Broadband Ready, Building_Name:19 Impala Road (151) Building 3, Longitude:28.050318, Latitude:-26.115414]], [attributes:[Broadband_Buildings:Broadband Ready, Building_Name:90 Protea Road (177), Longitude:28.050951, Latitude:-26.116453]], [attributes:[Broadband_Buildings:Broadband Ready, Building_Name:29 Impala Road (162) Block 2, Longitude:28.052935, Latitude:-26.114763]], [attributes:[Broadband_Buildings:Broadband Ready, Building_Name:Imagine House, 1 Mellis Road (886), Longitude:28.058092, Latitude:-26.045364]], [attributes:[Broadband_Buildings:Broadband Ready, Building_Name:Country Club Estate - Barrow (495), Woodlands Drive, Building F, Longitude:28.08457, Latitude:-26.057266]], [attributes:[Broadband_Buildings:Broadband Ready, Building_Name:The Terraces, Protea Road, Claremont, Longitude:18.462265, Latitude:-33.97928]], [attributes:[Broadband_Buildings:Broadband Ready, Building_Name:6 Eaton Avenue (2818) Building 2, Longitude:28.02202, Latitude:-26.046268]], [attributes:[Broadband_Buildings:Broadband Ready, Building_Name:32 Techno Avenue (813) Building 1, Longitude:18.83531, Latitude:-33.965714]], [attributes:[Broadband_Buildings:Broadband Ready, Building_Name:DataVoice House (758), Longitude:18.839201, Latitude:-33.96268]], [attributes:[Broadband_Buildings:Broadband Ready, Building_Name:Time Square (772), Longitude:18.838095, Latitude:-33.96501]], [attributes:[Broadband_Buildings:Broadband Ready, Building_Name:Titan House (1284) Building 1, Longitude:18.838724, Latitude:-33.966354]], [attributes:[Broadband_Buildings:Broadband Ready, Building_Name:Ballywoods Office Park (565) Firwood House, Longitude:28.029745, Latitude:-26.074131]], [attributes:[Broadband_Buildings:Broadband Ready, Building_Name:Glenfield Office Park Block B, Longitude:28.288763, Latitude:-25.779964]], [attributes:[Broadband_Buildings:Broadband Ready, Building_Name:The Village Office Park (2330) Block C, Longitude:28.291819, Latitude:-25.7802]], [attributes:[Broadband_Buildings:Broadband Ready, Building_Name:	The Office, Office Park (2325) Block A, Longitude:28.291853, Latitude:-25.779408]], [attributes:[Broadband_Buildings:Broadband Ready, Building_Name:1 Scott Str (1719) Block D2, Longitude:28.070675, Latitude:-26.13503]], [attributes:[Broadband_Buildings:Broadband Ready, Building_Name:1 Scott Str (1716) Block B1, Longitude:28.070051, Latitude:-26.13555]], [attributes:[Broadband_Buildings:Broadband Ready, Building_Name:35 Scott Street (Westgate Welding Auctioneers) (2832), Longitude:28.072329, Latitude:-26.130014]], [attributes:[Broadband_Buildings:Broadband Ready, Building_Name:31 Martin Hammerschlag Way (3100), Longitude:18.431992, Latitude:-33.920425]], [attributes:[Broadband_Buildings:Broadband Ready, Building_Name:10 Kikuyu Street, Longitude:28.062088, Latitude:-26.033546]], [attributes:[Broadband_Buildings:Broadband Ready, Building_Name:18 Eglin Road (375) , Longitude:28.067345, Latitude:-26.034357]], [attributes:[Broadband_Buildings:Broadband Ready, Building_Name:5 Eglin Road (652) Block B, Longitude:28.06832, Latitude:-26.0342]], [attributes:[Broadband_Buildings:Broadband Ready, Building_Name:31 Lower Long Street (3084), Longitude:18.424856, Latitude:-33.917736]], [attributes:[Broadband_Buildings:Broadband Ready, Building_Name:RTS Net, Longitude:27.998924, Latitude:-26.097687]], [attributes:[Broadband_Buildings:Broadband Ready, Building_Name:295 Kent Ave (556), Longitude:28.00069, Latitude:-26.095211]], [attributes:[Broadband_Buildings:Broadband Ready, Building_Name:248 Kent Avenue (732),  Block 5, Longitude:27.998024, Latitude:-26.09971]], [attributes:[Broadband_Buildings:Broadband Ready, Building_Name:248 Kent Avenue (743),  Block 19a, Longitude:27.99832, Latitude:-26.099758]], [attributes:[Broadband_Buildings:Broadband Ready, Building_Name:248 Kent Avenue (744),  Block 19b, Longitude:27.99833, Latitude:-26.100399]], [attributes:[Broadband_Buildings:Broadband Ready, Building_Name:287 Kent Avenue (553), Building 1, Longitude:28.000227, Latitude:-26.095901]], [attributes:[Broadband_Buildings:Broadband Ready, Building_Name:275 Oak Ave (4068), Building 2, Longitude:28.002155, Latitude:-26.097725]], [attributes:[Broadband_Buildings:Broadband Ready, Building_Name:275 Oak Ave (525) , Longitude:28.0018, Latitude:-26.09771]], [attributes:[Broadband_Buildings:Broadband Ready, Building_Name:1a Protea Place (2924), Building 1, Longitude:28.054876, Latitude:-26.103014]], [attributes:[Broadband_Buildings:Broadband Ready, Building_Name:161 Garsfontein Road (2627), Longitude:28.26437, Latitude:-25.784182]], [attributes:[Broadband_Buildings:Broadband Ready, Building_Name:Didata IT, Longitude:28.256351, Latitude:-25.861559]], [attributes:[Broadband_Buildings:Broadband Ready, Building_Name:	4 Victoria Link (2003) Building 1, Longitude:28.25649, Latitude:-25.862173]], [attributes:[Broadband_Buildings:Broadband Ready, Building_Name:Volvo, Longitude:28.253963, Latitude:-25.85999]], [attributes:[Broadband_Buildings:Broadband Ready, Building_Name:69 - 71 Regency Drive (2018) Building 4, Longitude:28.254015, Latitude:-25.86028]], [attributes:[Broadband_Buildings:Broadband Ready, Building_Name:M Kona Consulting Engineers_2, Longitude:28.25415, Latitude:-25.860918]], [attributes:[Broadband_Buildings:Broadband Ready, Building_Name:27 Victoria Link (2044), Building 1, Longitude:28.256605, Latitude:-25.859259]], [attributes:[Broadband_Buildings:Broadband Ready, Building_Name:Lesuro, Longitude:28.255857, Latitude:-25.86116]], [attributes:[Broadband_Buildings:Broadband Ready, Building_Name:56 Regency Drive (3975), Building 3, Longitude:28.255758, Latitude:-25.86137]], [attributes:[Broadband_Buildings:Broadband Ready, Building_Name:69 - 71 Regency Drive (3969), Building 7, Longitude:28.25409, Latitude:-25.860474]], [attributes:[Broadband_Buildings:Broadband Ready, Building_Name:IFM_Head office, Longitude:28.25694, Latitude:-25.85888]], [attributes:[Broadband_Buildings:Broadband Ready, Building_Name:400, 16th Ave (1481) Block K, Longitude:28.131151, Latitude:-25.979628]], [attributes:[Broadband_Buildings:Broadband Ready, Building_Name:34 Culross Rd (1878), Building 1, Longitude:28.025568, Latitude:-26.04467]], [attributes:[Broadband_Buildings:Broadband Ready, Building_Name:St Andrews Office Park (1904), Meadowbrooke Lane, Building F, Longitude:28.013525, Latitude:-26.040606]], [attributes:[Broadband_Buildings:Broadband Ready, Building_Name:St Andrews Office Park (1900), Meadowbrooke Lane, Building B, Longitude:28.011772, Latitude:-26.040243]], [attributes:[Broadband_Buildings:Broadband Ready, Building_Name:St Andrews Office Park (1902), Meadowbrooke Lane, Building D, Longitude:28.011404, Latitude:-26.040659]], [attributes:[Broadband_Buildings:Broadband Ready, Building_Name:222 Rivonia Road (1395) Unit C, Longitude:28.065453, Latitude:-26.073824]], [attributes:[Broadband_Buildings:Broadband Ready, Building_Name:222 Rivonia Road (1397) Unit E, Longitude:28.065784, Latitude:-26.073298]], [attributes:[Broadband_Buildings:Broadband Ready, Building_Name:88 Stella Road (2944), Longitude:28.060457, Latitude:-26.105701]], [attributes:[Broadband_Buildings:Broadband Ready, Building_Name:301 Durban Road (2578) Building 1, Longitude:18.636856, Latitude:-33.877956]], [attributes:[Broadband_Buildings:Broadband Ready, Building_Name:299 Durban Road (2577) Building 1, Longitude:18.63681, Latitude:-33.878113]], [attributes:[Broadband_Buildings:Broadband Ready, Building_Name:Edward II (2583) Building 1, Longitude:18.635386, Latitude:-33.882927]], [attributes:[Broadband_Buildings:Broadband Ready, Building_Name:251 Durban Road (2567) Building 1, Longitude:18.635534, Latitude:-33.883503]], [attributes:[Broadband_Buildings:Broadband Ready, Building_Name:Silvan Park (1820) Building 2: Units 4-6, Longitude:18.436445, Latitude:-34.076885]], [attributes:[Broadband_Buildings:Broadband Ready, Building_Name:5 Otto Close (1243) , Longitude:18.440453, Latitude:-34.079166]], [attributes:[Broadband_Buildings:Broadband Ready, Building_Name:1 Otto Close (1239) , Longitude:18.439991, Latitude:-34.07903]], [attributes:[Broadband_Buildings:Broadband Ready, Building_Name:13 Bell Crescent (1212) Building 1, Longitude:18.436296, Latitude:-34.0787]], [attributes:[Broadband_Buildings:Broadband Ready, Building_Name:43 - 45 Bell Crescent (1818) Building 2, Longitude:18.435837, Latitude:-34.07811]], [attributes:[Broadband_Buildings:Broadband Ready, Building_Name:Bateleur Park (1811) , Longitude:18.438814, Latitude:-34.07822]], [attributes:[Broadband_Buildings:Broadband Ready, Building_Name:66 Von Willich Avenue (2300) Building A, Longitude:28.195784, Latitude:-25.853487]], [attributes:[Broadband_Buildings:Broadband Ready, Building_Name:265 West Ave (Emira) (2290) Building 1, Longitude:28.190182, Latitude:-25.853943]], [attributes:[Broadband_Buildings:Broadband Ready, Building_Name:265 West Ave (Emira) (2291) Building 2, Longitude:28.190132, Latitude:-25.854448]], [attributes:[Broadband_Buildings:Broadband Ready, Building_Name:1 Autumn Road (413) 1 Autumn Road, Longitude:28.057589, Latitude:-26.042513]], [attributes:[Broadband_Buildings:Broadband Ready, Building_Name:2 Spring Street (414) 2 Spring Street, Longitude:28.05781, Latitude:-26.042145]], [attributes:[Broadband_Buildings:Broadband Ready, Building_Name:Bentley Office Park (1419) 8 Bentley Office Park, Longitude:28.061245, Latitude:-26.041605]], [attributes:[Broadband_Buildings:Broadband Ready, Building_Name:Woodlands Office Park (1634), 141 Western Services Road, Woodmeade, Building 11, Longitude:28.087145, Latitude:-26.062277]], [attributes:[Broadband_Buildings:Broadband Ready, Building_Name:Woodlands Office Park (1635), 141 Western Services Road, Woodmeade, Building 12, Longitude:28.086178, Latitude:-26.06244]], [attributes:[Broadband_Buildings:Broadband Ready, Building_Name:Woodlands Office Park (1636), 141 Western Services Road, Woodmeade, Building 13, Longitude:28.085508, Latitude:-26.062328]], [attributes:[Broadband_Buildings:Broadband Ready, Building_Name:Woodlands Office Park (1646), Longitude:28.087345, Latitude:-26.059145]], [attributes:[Broadband_Buildings:Broadband Ready, Building_Name:Woodlands Office Park(1647), Longitude:28.086994, Latitude:-26.05842]], [attributes:[Broadband_Buildings:Broadband Ready, Building_Name:Eastgate Office Park (1541), Longitude:28.112518, Latitude:-26.178778]], [attributes:[Broadband_Buildings:Broadband Ready, Building_Name:Arena Close (963), Arena Close building 1, Longitude:28.110136, Latitude:-26.181257]], [attributes:[Broadband_Buildings:Broadband Ready, Building_Name:Cnr Arena Close/Ernest Oppenheimer (960), Longitude:28.108728, Latitude:-26.180923]], [attributes:[Broadband_Buildings:Broadband Ready, Building_Name:Europecar, Longitude:28.106707, Latitude:-26.182539]], [attributes:[Broadband_Buildings:Broadband Ready, Building_Name:14a Charles Crescent (1632)  Building 2, Longitude:28.083904, Latitude:-26.09429]], [attributes:[Broadband_Buildings:Broadband Ready, Building_Name:180 Katherine Street (944) , Longitude:28.078907, Latitude:-26.099443]], [attributes:[Broadband_Buildings:Broadband Ready, Building_Name:89 Central Street (867) Building 1, Longitude:28.057957, Latitude:-26.153086]], [attributes:[Broadband_Buildings:Broadband Ready, Building_Name:87 Central Street (858) 87 Central Street, Longitude:28.057806, Latitude:-26.153507]], [attributes:[Broadband_Buildings:Broadband Ready, Building_Name:33 Central Street (845) Building 1, Longitude:28.057938, Latitude:-26.160757]], [attributes:[Broadband_Buildings:Broadband Ready, Building_Name:15 Alice Lane (2937) Building 1, Longitude:28.049913, Latitude:-26.10731]], [attributes:[Broadband_Buildings:Broadband Ready, Building_Name:76 Maude Street (2946) Building 1, Longitude:28.055525, Latitude:-26.105055]], [attributes:[Broadband_Buildings:Broadband Ready, Building_Name:15 Alice Lane (3912) 15 Alice Lane, Longitude:28.048977, Latitude:-26.108482]], [attributes:[Broadband_Buildings:Broadband Ready, Building_Name:1 Sandton Drive (2938) 1 Sandton Drive, Longitude:28.049473, Latitude:-26.110403]], [attributes:[Broadband_Buildings:Broadband Ready, Building_Name:12C Longclaw Drive (1605) Building 1, Longitude:18.512522, Latitude:-33.86585]], [attributes:[Broadband_Buildings:Broadband Ready, Building_Name:10 Warbler Close (1579), Building 1, Longitude:18.512865, Latitude:-33.867374]], [attributes:[Broadband_Buildings:Broadband Ready, Building_Name:36 Hans Strijdom (3056), Longitude:18.42345, Latitude:-33.91699]], [attributes:[Broadband_Buildings:Broadband Ready, Building_Name:Peer_Pinewood, Longitude:28.075605, Latitude:-26.041544]], [attributes:[Broadband_Buildings:Broadband Ready, Building_Name:54 Bath Hotel (3825) Building 1, Longitude:28.040709, Latitude:-26.145554]], [attributes:[Broadband_Buildings:Broadband Ready, Building_Name:8a Jellicoe Ave (2971) Building 1, Longitude:28.037672, Latitude:-26.143456]], [attributes:[Broadband_Buildings:Broadband Ready, Building_Name:19 Jellicoe Ave (2929), Longitude:28.040071, Latitude:-26.14236]], [attributes:[Broadband_Buildings:Broadband Ready, Building_Name:203 Witch-Hazel Ave (1274), Longitude:28.18136, Latitude:-25.875225]], [attributes:[Broadband_Buildings:Broadband Ready, Building_Name:The Terraces (2535) Block G, Longitude:18.434025, Latitude:-34.081024]], [attributes:[Broadband_Buildings:Broadband Ready, Building_Name:The Terraces (2529) Block A, Longitude:18.433584, Latitude:-34.08003]], [attributes:[Broadband_Buildings:Broadband Ready, Building_Name:Silverwood House (2527) Block B, Longitude:18.438803, Latitude:-34.082012]], [attributes:[Broadband_Buildings:Broadband Ready, Building_Name:Amdec House (2521) , Longitude:18.439222, Latitude:-34.081722]], [attributes:[Broadband_Buildings:Broadband Ready, Building_Name:Steenberg House (2528) , Longitude:18.43969, Latitude:-34.08134]], [attributes:[Broadband_Buildings:Broadband Ready, Building_Name:13 Longclaw Drive (1568) Bld 1, Longitude:18.513065, Latitude:-33.865463]], [attributes:[Broadband_Buildings:Broadband Ready, Building_Name:12 Fredman Drive (4178) Building 1, Longitude:28.054138, Latitude:-26.102957]], [attributes:[Broadband_Buildings:Broadband Ready, Building_Name:Le Roux Ave Business Park (4241) Building 3, Longitude:28.122746, Latitude:-26.010963]], [attributes:[Broadband_Buildings:Broadband Ready, Building_Name:33 Richards Drive (2144) Building 2, Longitude:28.12475, Latitude:-26.008118]], [attributes:[Broadband_Buildings:Broadband Ready, Building_Name:33 Richards Drive (2143) Building 1, Longitude:28.125511, Latitude:-26.008627]], [attributes:[Broadband_Buildings:Broadband Ready, Building_Name:St James Commercial Park (2183) Building 1, Longitude:28.123901, Latitude:-26.007515]], [attributes:[Broadband_Buildings:Broadband Ready, Building_Name:Menlyn Piazza (2362) Building 2, Longitude:28.278332, Latitude:-25.783775]], [attributes:[Broadband_Buildings:Broadband Ready, Building_Name:Peer_Ingersol, Longitude:28.277462, Latitude:-25.780855]], [attributes:[Broadband_Buildings:Broadband Ready, Building_Name:116 Lois Avenue (2367) Building 1, Longitude:28.277763, Latitude:-25.784992]], [attributes:[Broadband_Buildings:Broadband Ready, Building_Name:Shell Garage (4112) Gallagher Gardens Shell Garage, Longitude:28.128117, Latitude:-26.005442]], [attributes:[Broadband_Buildings:Broadband Ready, Building_Name:Gallagher Corner (4111) Building 1, Longitude:28.128883, Latitude:-26.004253]], [attributes:[Broadband_Buildings:Broadband Ready, Building_Name:Gallagher Corner (4242) Building 2, Longitude:28.128624, Latitude:-26.00441]], [attributes:[Broadband_Buildings:Broadband Ready, Building_Name:1267 Pretorius Street (3467) Building 4, Longitude:28.24385, Latitude:-25.744644]], [attributes:[Broadband_Buildings:Broadband Ready, Building_Name:1267 Pretorius Street (3469) Building 6, Longitude:28.243254, Latitude:-25.745377]], [attributes:[Broadband_Buildings:Broadband Ready, Building_Name:1312 Pretorius Street (2984), Longitude:28.245077, Latitude:-25.743662]], [attributes:[Broadband_Buildings:Broadband Ready, Building_Name:102 Richards Drive (2676), Building 1, Longitude:28.12251, Latitude:-26.014029]], [attributes:[Broadband_Buildings:Broadband Ready, Building_Name:70 - 78 Armstrong Avenue (5936) 74 Armstrong, Longitude:31.068619, Latitude:-29.746414]], [attributes:[Broadband_Buildings:Broadband Ready, Building_Name:Sandown Village Office Park (4025), 18 Gwen Lane, Building 1, Longitude:28.055899, Latitude:-26.103575]], [attributes:[Broadband_Buildings:Broadband Ready, Building_Name:Sandton Close 2  (4179) Building 2, Longitude:28.047802, Latitude:-26.10427]], [attributes:[Broadband_Buildings:Broadband Ready, Building_Name:151 5th Street (4042) Building 1, Longitude:28.048843, Latitude:-26.104195]], [attributes:[Broadband_Buildings:Broadband Ready, Building_Name:4 Sandown Valley Crescent (2900) Building 1, Longitude:28.050917, Latitude:-26.102402]], [attributes:[Broadband_Buildings:Broadband Ready, Building_Name:165 West Street (2899), Building 1, Longitude:28.051386, Latitude:-26.102858]], [attributes:[Broadband_Buildings:Broadband Ready, Building_Name:66 Park Lane (2935) Building 1, Longitude:28.049837, Latitude:-26.104496]], [attributes:[Broadband_Buildings:Broadband Ready, Building_Name:Epsom Downs Office Park (1892) Process House, Longitude:28.013819, Latitude:-26.041246]], [attributes:[Broadband_Buildings:Broadband Ready, Building_Name:3021 William Nicol Dr (1877) Building 1, Longitude:28.017008, Latitude:-26.044416]], [attributes:[Broadband_Buildings:Broadband Ready, Building_Name:Sloane Square Shopping Centre (2253) Building 1, Longitude:28.014954, Latitude:-26.043612]], [attributes:[Broadband_Buildings:Broadband Ready, Building_Name:263 Oak Ave (519), Longitude:28.001673, Latitude:-26.098991]], [attributes:[Broadband_Buildings:Broadband Ready, Building_Name:1280 Pretorius Street (3485), Building 1, Longitude:28.242897, Latitude:-25.743677]], [attributes:[Broadband_Buildings:Broadband Ready, Building_Name:14 Sloane Street (2252), Building 2, Longitude:28.014845, Latitude:-26.044739]], [attributes:[Broadband_Buildings:Broadband Ready, Building_Name:23 West Street (1463), Building 1, Longitude:28.055937, Latitude:-26.167515]], [attributes:[Broadband_Buildings:Broadband Ready, Building_Name:264 Oak Ave (520) , Longitude:28.000614, Latitude:-26.098768]], [attributes:[Broadband_Buildings:Broadband Ready, Building_Name:248 Kent Avenue (1424), Longitude:27.998951, Latitude:-26.100227]], [attributes:[Broadband_Buildings:Broadband Ready, Building_Name:248 Kent Avenue (734),  Block 7, Longitude:27.998718, Latitude:-26.100088]], [attributes:[Broadband_Buildings:Broadband Ready, Building_Name:248 Kent Avenue (735),  Block 8, Longitude:27.998903, Latitude:-26.100113]], [attributes:[Broadband_Buildings:Broadband Ready, Building_Name:300 Kent Avenue (558), Longitude:27.99967, Latitude:-26.094217]], [attributes:[Broadband_Buildings:Broadband Ready, Building_Name:267 Surrey Avenue (581), , Longitude:27.998238, Latitude:-26.097984]], [attributes:[Broadband_Buildings:Broadband Ready, Building_Name:Brightwave Randburg Office, Longitude:28.000515, Latitude:-26.095613]], [attributes:[Broadband_Buildings:Broadband Ready, Building_Name:159 Rivonia Road (4161), Building 2, Longitude:28.056759, Latitude:-26.09706]], [attributes:[Broadband_Buildings:Broadband Ready, Building_Name:4 Stan Road (4163) 4 Stan Road, Longitude:28.05356, Latitude:-26.098755]], [attributes:[Broadband_Buildings:Broadband Ready, Building_Name:85 Grayston Drive (4164) 85 Grayston Drive, Longitude:28.0538, Latitude:-26.09918]], [attributes:[Broadband_Buildings:Broadband Ready, Building_Name:JSE (4177) 3 Exchange Square, Longitude:28.05807, Latitude:-26.103296]], [attributes:[Broadband_Buildings:Broadband Ready, Building_Name:65 Park Lane (2934) Building 1, Longitude:28.049417, Latitude:-26.103203]], [attributes:[Broadband_Buildings:Broadband Ready, Building_Name:150 - 152 Bryanston Drive (226) Building 2, Longitude:28.021648, Latitude:-26.047546]], [attributes:[Broadband_Buildings:Broadband Ready, Building_Name:24 Georgian Crescent (232) QUEENSWAY HOUSE, Longitude:28.018385, Latitude:-26.040873]], [attributes:[Broadband_Buildings:Broadband Ready, Building_Name:Gallagher Corner (4243) Building 3, Longitude:28.128355, Latitude:-26.004566]], [attributes:[Broadband_Buildings:Broadband Ready, Building_Name:18 De Havilland Crescent (5109) Building 2, Longitude:28.273197, Latitude:-25.745682]], [attributes:[Broadband_Buildings:Broadband Ready, Building_Name:18 De Havilland Crescent (4660) Building 1, Longitude:28.272717, Latitude:-25.745928]], [attributes:[Broadband_Buildings:Broadband Ready, Building_Name:38 De Havilland Crescent (4666) Planburo Consilium, Longitude:28.27374, Latitude:-25.746222]], [attributes:[Broadband_Buildings:Broadband Ready, Building_Name:38 De Havilland Crescent (5110) Building 2, Longitude:28.273193, Latitude:-25.746347]], [attributes:[Broadband_Buildings:Broadband Ready, Building_Name:Scientia Technopark (4604) Block C, Longitude:28.276907, Latitude:-25.742117]], [attributes:[Broadband_Buildings:Broadband Ready, Building_Name:5 De Havilland Crescent (4621) Building 1, Longitude:28.272573, Latitude:-25.744074]], [attributes:[Broadband_Buildings:Broadband Ready, Building_Name:5 De Havilland Crescent (5118) Building 3, Longitude:28.272495, Latitude:-25.74434]], [attributes:[Broadband_Buildings:Broadband Ready, Building_Name:5 De Havilland Crescent (5117) Building 2, Longitude:28.272526, Latitude:-25.744215]], [attributes:[Broadband_Buildings:Broadband Ready, Building_Name:5 De Havilland Crescent (5126) Building 11, Longitude:28.272802, Latitude:-25.744253]], [attributes:[Broadband_Buildings:Broadband Ready, Building_Name:5 De Havilland Crescent (5128) Building 13, Longitude:28.272655, Latitude:-25.744268]], [attributes:[Broadband_Buildings:Broadband Ready, Building_Name:49 De Havilland Crescent (4645) Persequor Close, Longitude:28.274994, Latitude:-25.745565]], [attributes:[Broadband_Buildings:Broadband Ready, Building_Name:53 De Havilland Crescent (4630) Ream house, Longitude:28.274658, Latitude:-25.74477]], [attributes:[Broadband_Buildings:Broadband Ready, Building_Name:49 De Havilland Crescent (4644) Building 2, Longitude:28.275028, Latitude:-25.745085]], [attributes:[Broadband_Buildings:Broadband Ready, Building_Name:29 De Havilland Crescent (4650) Building 3, Longitude:28.272936, Latitude:-25.747076]], [attributes:[Broadband_Buildings:Broadband Ready, Building_Name:29 De Havilland Crescent (4651) Building 2, Longitude:28.273003, Latitude:-25.74728]], [attributes:[Broadband_Buildings:Broadband Ready, Building_Name:30 de Havilland (4662) Building 1, Longitude:28.273651, Latitude:-25.74591]], [attributes:[Broadband_Buildings:Broadband Ready, Building_Name:20 Quintin Brand Street (5204) Building 3, Longitude:28.271723, Latitude:-25.743986]], [attributes:[Broadband_Buildings:Broadband Ready, Building_Name:33 General Van Ryneveld Street (4620) Building 1, Longitude:28.27407, Latitude:-25.743341]], [attributes:[Broadband_Buildings:Broadband Ready, Building_Name:Aggr_Persequor_Park, Longitude:28.274426, Latitude:-25.743557]], [attributes:[Broadband_Buildings:Broadband Ready, Building_Name:38 General Van Ryneveld Street (5201) Building 2, Longitude:28.274097, Latitude:-25.74357]], [attributes:[Broadband_Buildings:Broadband Ready, Building_Name:20 Quintin Brand Street (5206) Building 5, Longitude:28.272078, Latitude:-25.744177]], [attributes:[Broadband_Buildings:Broadband Ready, Building_Name:Hertford Office Park (4894) Block 3, Longitude:28.11063, Latitude:-26.011005]], [attributes:[Broadband_Buildings:Broadband Ready, Building_Name:SAIPA House (4897) Building 1, Longitude:28.112892, Latitude:-26.012278]], [attributes:[Broadband_Buildings:Broadband Ready, Building_Name:Honeywell (5788) Building 1, Longitude:28.116135, Latitude:-26.012926]], [attributes:[Broadband_Buildings:Broadband Ready, Building_Name:Lone Creek (4910) Building 1, Longitude:28.115997, Latitude:-26.01181]], [attributes:[Broadband_Buildings:Broadband Ready, Building_Name:Tybalt Place (4909) Bates House, Longitude:28.115713, Latitude:-26.012115]], [attributes:[Broadband_Buildings:Broadband Ready, Building_Name:Lone Creek (4912) Building 3, Longitude:28.116394, Latitude:-26.01235]], [attributes:[Broadband_Buildings:Broadband Ready, Building_Name:Lone Creek (4911) Building 2, Longitude:28.116196, Latitude:-26.011415]], [attributes:[Broadband_Buildings:Broadband Ready, Building_Name:Lone Creek (4913) Building 4, Longitude:28.1167, Latitude:-26.01182]], [attributes:[Broadband_Buildings:Broadband Ready, Building_Name:Greenoakes (4922) Building 2, Longitude:28.116196, Latitude:-26.006199]], [attributes:[Broadband_Buildings:Broadband Ready, Building_Name:Greenoakes (4921) Building 1, Longitude:28.115732, Latitude:-26.005789]], [attributes:[Broadband_Buildings:Broadband Ready, Building_Name:191 Bekker Road (4924) Building 1, Longitude:28.115448, Latitude:-26.007177]], [attributes:[Broadband_Buildings:Broadband Ready, Building_Name:181 Bekker Road (4925) Building 1, Longitude:28.115334, Latitude:-26.007637]], [attributes:[Broadband_Buildings:Broadband Ready, Building_Name:Greenoakes (4923) Building 3, Longitude:28.115662, Latitude:-26.006393]], [attributes:[Broadband_Buildings:Broadband Ready, Building_Name:Fourways Office Park (4547) Building 2, Longitude:28.003365, Latitude:-26.017385]], [attributes:[Broadband_Buildings:Broadband Ready, Building_Name:Fourways Office Park (4549) Building 4, Longitude:28.003008, Latitude:-26.017645]], [attributes:[Broadband_Buildings:Broadband Ready, Building_Name:Fourways Office Park (4551) Building 6, Longitude:28.00228, Latitude:-26.017538]], [attributes:[Broadband_Buildings:Broadband Ready, Building_Name:Fourways Office Park (4552) Building 7, Longitude:28.00189, Latitude:-26.017271]], [attributes:[Broadband_Buildings:Broadband Ready, Building_Name:Fourways Office Park (4554) Building 9, Longitude:28.001606, Latitude:-26.016758]], [attributes:[Broadband_Buildings:Broadband Ready, Building_Name:Fourways Manor (4575) Building 4, Longitude:28.002764, Latitude:-26.013052]], [attributes:[Broadband_Buildings:Broadband Ready, Building_Name:Fourways Manor (4574) Building 3, Longitude:28.00331, Latitude:-26.013153]], [attributes:[Broadband_Buildings:Broadband Ready, Building_Name:Fourways Manor (4577) Building 6, Longitude:28.002878, Latitude:-26.012661]], [attributes:[Broadband_Buildings:Broadband Ready, Building_Name:Fourways Manor (4576) Building 5, Longitude:28.0033, Latitude:-26.012796]], [attributes:[Broadband_Buildings:Broadband Ready, Building_Name:Fourways Manor (4578) Building 7, Longitude:28.00339, Latitude:-26.012455]], [attributes:[Broadband_Buildings:Broadband Ready, Building_Name:Fourways Manor (4580) Building 9, Longitude:28.003275, Latitude:-26.012022]], [attributes:[Broadband_Buildings:Broadband Ready, Building_Name:Cnr Cedar &amp; Uranuam, Building 1, Longitude:27.998013, Latitude:-26.013128]], [attributes:[Broadband_Buildings:Broadband Ready, Building_Name:23 Le Roux Avenue (2430) Building 1, Longitude:28.125113, Latitude:-26.012632]], [attributes:[Broadband_Buildings:Broadband Ready, Building_Name:5 Eddington Crescent (4110) Building 2, Longitude:28.181498, Latitude:-25.87356]], [attributes:[Broadband_Buildings:Broadband Ready, Building_Name:112 Richards Drive (2457) Building 2, Longitude:28.12215, Latitude:-26.015005]], [attributes:[Broadband_Buildings:Broadband Ready, Building_Name:112 Richards Drive (2458) Building 3, Longitude:28.122822, Latitude:-26.015448]], [attributes:[Broadband_Buildings:Broadband Ready, Building_Name:88 Richards Drive (2435) Building 2, Longitude:28.124073, Latitude:-26.012741]], [attributes:[Broadband_Buildings:Broadband Ready, Building_Name:150 - 152 Bryanston Drive (225) Building 1, Longitude:28.021976, Latitude:-26.047472]], [attributes:[Broadband_Buildings:Broadband Ready, Building_Name:3 Muswell Road (182) Block A, Longitude:28.022326, Latitude:-26.05269]], [attributes:[Broadband_Buildings:Broadband Ready, Building_Name:23 Eaton Avenue (224) , Longitude:28.020311, Latitude:-26.043255]], [attributes:[Broadband_Buildings:Broadband Ready, Building_Name:2 Eaton Avenue (212) 2 Eaton Avenue, Longitude:28.022182, Latitude:-26.04656]], [attributes:[Broadband_Buildings:Broadband Ready, Building_Name:24 Georgian Crescent (230) OAKLEY HOUSE, Longitude:28.018059, Latitude:-26.040379]], [attributes:[Broadband_Buildings:Broadband Ready, Building_Name:24 Georgian Crescent (231) JTI, Longitude:28.018953, Latitude:-26.04023]], [attributes:[Broadband_Buildings:Broadband Ready, Building_Name:Dunkeld Crescent West (280) Building B, Longitude:28.03146, Latitude:-26.126736]], [attributes:[Broadband_Buildings:Broadband Ready, Building_Name:20 Baker Street (265), Longitude:28.041716, Latitude:-26.148083]], [attributes:[Broadband_Buildings:Broadband Ready, Building_Name:24 Baker Street (262), Longitude:28.04211, Latitude:-26.148046]], [attributes:[Broadband_Buildings:Broadband Ready, Building_Name:12 Autumn Road, Longitude:28.05813, Latitude:-26.043768]], [attributes:[Broadband_Buildings:Broadband Ready, Building_Name:17 Autumn Road (251), Longitude:28.059305, Latitude:-26.043955]], [attributes:[Broadband_Buildings:Broadband Ready, Building_Name:19 Autumn Road (252), Building 1, Longitude:28.059233, Latitude:-26.044357]], [attributes:[Broadband_Buildings:Broadband Ready, Building_Name:FIRST AFRICA FINANCIAL SERVICES GROUP, Longitude:28.014725, Latitude:-26.04006]], [attributes:[Broadband_Buildings:Broadband Ready, Building_Name:36-38 Homestead Avenue (235) , Longitude:28.057268, Latitude:-26.048128]], [attributes:[Broadband_Buildings:Broadband Ready, Building_Name:42 Homestead Avenue (242), Building 2, Longitude:28.057259, Latitude:-26.047073]], [attributes:[Broadband_Buildings:Broadband Ready, Building_Name:17 Georgian Cresent (306), Building 1, Longitude:28.015316, Latitude:-26.038849]], [attributes:[Broadband_Buildings:Broadband Ready, Building_Name:85 Protea (176) Block C, Longitude:28.050356, Latitude:-26.117853]], [attributes:[Broadband_Buildings:Broadband Ready, Building_Name:19 Impala Road (149) Building 1, Longitude:28.050566, Latitude:-26.11592]], [attributes:[Broadband_Buildings:Broadband Ready, Building_Name:20 Georgian Crescent (329), Longitude:28.017315, Latitude:-26.038702]], [attributes:[Broadband_Buildings:Broadband Ready, Building_Name:Galela Telecomms, Longitude:28.016327, Latitude:-26.038853]], [attributes:[Broadband_Buildings:Broadband Ready, Building_Name:7 Mellis Road (298), Building 2, Longitude:28.057196, Latitude:-26.044336]], [attributes:[Broadband_Buildings:Broadband Ready, Building_Name:6 Mellis Road (296) Birch House, Longitude:28.056957, Latitude:-26.045218]], [attributes:[Broadband_Buildings:Broadband Ready, Building_Name:257 Oxford Road (687) Building 2, Longitude:28.048864, Latitude:-26.130762]], [attributes:[Broadband_Buildings:Broadband Ready, Building_Name:257 Oxford Road (688) Building 3, Longitude:28.048956, Latitude:-26.130447]], [attributes:[Broadband_Buildings:Broadband Ready, Building_Name:261 Oxford Road (510), Longitude:28.048729, Latitude:-26.129936]], [attributes:[Broadband_Buildings:Broadband Ready, Building_Name:33 Georgian Crescent (304), Building 4, Longitude:28.01722, Latitude:-26.037975]], [attributes:[Broadband_Buildings:Broadband Ready, Building_Name:8 Arnold Road (270), Longitude:28.04212, Latitude:-26.148895]], [attributes:[Broadband_Buildings:Broadband Ready, Building_Name:22 Hurlingham Road (132), Longitude:28.045866, Latitude:-26.135637]], [attributes:[Broadband_Buildings:Broadband Ready, Building_Name:7-11 Fricker Road (124) 11 Fricker Road, Longitude:28.046213, Latitude:-26.133547]], [attributes:[Broadband_Buildings:Broadband Ready, Building_Name:10 Fric ker Road (123), Illovo, Sandton, Longitude:28.04708, Latitude:-26.133715]], [attributes:[Broadband_Buildings:Broadband Ready, Building_Name:AIMS_Muiz, Longitude:18.470537, Latitude:-34.10711]], [attributes:[Broadband_Buildings:Broadband Ready, Building_Name:29 Westbrooke Drive (1324) , Longitude:28.07491, Latitude:-26.099447]], [attributes:[Broadband_Buildings:Broadband Ready, Building_Name:164 Katherine Street (1326) Block B, Longitude:28.075022, Latitude:-26.100346]], [attributes:[Broadband_Buildings:Broadband Ready, Building_Name:135 Patricia Rd (1336) Block 2, Longitude:28.069292, Latitude:-26.105158]], [attributes:[Broadband_Buildings:Broadband Ready, Building_Name:279 Kent Ave (551), Longitude:28.000292, Latitude:-26.097006]], [attributes:[Broadband_Buildings:Broadband Ready, Building_Name:252 Oak Ave (670) Block 8, Longitude:28.000269, Latitude:-26.100208]], [attributes:[Broadband_Buildings:Broadband Ready, Building_Name:252 Oak Ave (674) Block 9, Longitude:28.000217, Latitude:-26.100403]], [attributes:[Broadband_Buildings:Broadband Ready, Building_Name:252 Oak Ave (682) Block 10, Longitude:28.000088, Latitude:-26.100166]], [attributes:[Broadband_Buildings:Broadband Ready, Building_Name:38 Lebombo Road (2649) Lembombo Place B, Longitude:28.265373, Latitude:-25.782576]], [attributes:[Broadband_Buildings:Broadband Ready, Building_Name:36 Selati Road (2656) Selati Park, Longitude:28.264105, Latitude:-25.782402]], [attributes:[Broadband_Buildings:Broadband Ready, Building_Name:52 Selati Street (2642) Bridal Manor, Longitude:28.263523, Latitude:-25.783792]], [attributes:[Broadband_Buildings:Broadband Ready, Building_Name:169 Garsfontein Road (2643) Block A, Longitude:28.265638, Latitude:-25.7845]], [attributes:[Broadband_Buildings:Broadband Ready, Building_Name:169 Garsfontein Road (2644) Block B, Longitude:28.265486, Latitude:-25.784786]], [attributes:[Broadband_Buildings:Broadband Ready, Building_Name:AshleaGarden OfficePark (2640) Block 5, Longitude:28.266632, Latitude:-25.78424]], [attributes:[Broadband_Buildings:Broadband Ready, Building_Name:Alphen Park (2657) Building 1, Longitude:28.26375, Latitude:-25.783205]], [attributes:[Broadband_Buildings:Broadband Ready, Building_Name:43 &amp; 45 Sovereign Drive (1958) Building 1, Longitude:28.25858, Latitude:-25.864054]], [attributes:[Broadband_Buildings:Broadband Ready, Building_Name:76 Regency Drive (2839), Longitude:28.255428, Latitude:-25.85912]], [attributes:[Broadband_Buildings:Broadband Ready, Building_Name:56 Regency Drive (2008), Building 1, Longitude:28.255547, Latitude:-25.861212]], [attributes:[Broadband_Buildings:Broadband Ready, Building_Name:1 Viceroy Link (2090) Bld 1, Longitude:28.256567, Latitude:-25.863111]], [attributes:[Broadband_Buildings:Broadband Ready, Building_Name:Midway Commercial Park, 949 Richards Dr (2469) Bld 1, Longitude:28.12285, Latitude:-26.011547]], [attributes:[Broadband_Buildings:Broadband Ready, Building_Name:51 Richards Dr (2431), Longitude:28.122255, Latitude:-26.01271]], [attributes:[Broadband_Buildings:Broadband Ready, Building_Name:128 Richards Drive (2429) Building 1, Longitude:28.120222, Latitude:-26.016933]], [attributes:[Broadband_Buildings:Broadband Ready, Building_Name:124 Richards Drive (2471), Building 1, Longitude:28.121012, Latitude:-26.016764]], [attributes:[Broadband_Buildings:Broadband Ready, Building_Name:24 Georgian Crescent (228) MOORGATE HOUSE, Longitude:28.01875, Latitude:-26.039751]], [attributes:[Broadband_Buildings:Broadband Ready, Building_Name:3 Muswell Road (183) Block B, Longitude:28.021866, Latitude:-26.052692]], [attributes:[Broadband_Buildings:Broadband Ready, Building_Name:3 Muswell Road (184) Block C, Longitude:28.021807, Latitude:-26.05223]], [attributes:[Broadband_Buildings:Broadband Ready, Building_Name:3 Muswell Road (188) Block G, Longitude:28.02182, Latitude:-26.05136]], [attributes:[Broadband_Buildings:Broadband Ready, Building_Name:Peer_Muswell, Longitude:28.02346, Latitude:-26.050514]], [attributes:[Broadband_Buildings:Broadband Ready, Building_Name:17 Muswell (Volcano) (202) Volcano, Longitude:28.022831, Latitude:-26.048857]], [attributes:[Broadband_Buildings:Broadband Ready, Building_Name:9 Quantumn Street (799) Building 1, Longitude:18.839752, Latitude:-33.964012]], [attributes:[Broadband_Buildings:Broadband Ready, Building_Name:Innovation Centre II (1780), Longitude:18.83536, Latitude:-33.96524]], [attributes:[Broadband_Buildings:Broadband Ready, Building_Name:MBV Building (750) Buiding 1, Longitude:18.836159, Latitude:-33.965527]], [attributes:[Broadband_Buildings:Broadband Ready, Building_Name:Octo Place (764) Octo Place 1, Longitude:18.836767, Latitude:-33.965244]], [attributes:[Broadband_Buildings:Broadband Ready, Building_Name:Octo Place (765) Octo Place 2, Longitude:18.83658, Latitude:-33.96493]], [attributes:[Broadband_Buildings:Broadband Ready, Building_Name:Octo Place (766) Octo Place 3, Longitude:18.836868, Latitude:-33.964493]], [attributes:[Broadband_Buildings:Broadband Ready, Building_Name:Alere Health Care (Pty)Ltd, Longitude:28.087227, Latitude:-26.057232]], [attributes:[Broadband_Buildings:Broadband Ready, Building_Name:140 Western Service Rd (2497) Cypress Place 1, Longitude:28.089043, Latitude:-26.060713]], [attributes:[Broadband_Buildings:Broadband Ready, Building_Name:140 Western Service Rd (2680) Cypress Place 2, Longitude:28.088982, Latitude:-26.06035]], [attributes:[Broadband_Buildings:Broadband Ready, Building_Name:430 Janadel Ave (2340), Longitude:28.12026, Latitude:-26.001787]], [attributes:[Broadband_Buildings:Broadband Ready, Building_Name:Riverview Office Park (2623), Longitude:28.119633, Latitude:-25.997753]], [attributes:[Broadband_Buildings:Broadband Ready, Building_Name:Riverview Office Park (2624), Longitude:28.120165, Latitude:-25.997347]], [attributes:[Broadband_Buildings:Broadband Ready, Building_Name:Riverview Office Park, Longitude:28.12009, Latitude:-25.998594]], [attributes:[Broadband_Buildings:Broadband Ready, Building_Name:11 - 13 St Andrews Road (4085) Building 1, Longitude:28.034344, Latitude:-26.18229]], [attributes:[Broadband_Buildings:Broadband Ready, Building_Name:Ballywoods Office Park (894) Cedarwood House (Building 2), Longitude:28.028955, Latitude:-26.074614]], [attributes:[Broadband_Buildings:Broadband Ready, Building_Name:Ballyoaks Office Park (3961) Block E, Longitude:28.031992, Latitude:-26.073267]], [attributes:[Broadband_Buildings:Broadband Ready, Building_Name:Ballyoaks Office Park (570) Block B, Longitude:28.03126, Latitude:-26.073366]], [attributes:[Broadband_Buildings:Broadband Ready, Building_Name:Peer_Ballyclare, Longitude:28.030539, Latitude:-26.07366]], [attributes:[Broadband_Buildings:Broadband Ready, Building_Name:Nil Data, Longitude:28.015388, Latitude:-26.040485]], [attributes:[Broadband_Buildings:Broadband Ready, Building_Name:17 Georgian Cresent (308), Building 3, Longitude:28.015203, Latitude:-26.039614]], [attributes:[Broadband_Buildings:Broadband Ready, Building_Name:Glenfield Office Park Block F, Longitude:28.28964, Latitude:-25.780802]], [attributes:[Broadband_Buildings:Broadband Ready, Building_Name:The Village Office Park (2331) Block D, Longitude:28.291563, Latitude:-25.780327]], [attributes:[Broadband_Buildings:Broadband Ready, Building_Name:The Village Office Park (2332) Block E, Longitude:28.291565, Latitude:-25.780083]], [attributes:[Broadband_Buildings:Broadband Ready, Building_Name:Harrowdene Office Park (1499) Building 6, Longitude:28.089064, Latitude:-26.065353]], [attributes:[Broadband_Buildings:Broadband Ready, Building_Name:Harrowdene Office Park (2844) Building 18, Longitude:28.084904, Latitude:-26.064999]], [attributes:[Broadband_Buildings:Broadband Ready, Building_Name:Harrowdene Office Park (2845) Building 19, Longitude:28.085138, Latitude:-26.066017]], [attributes:[Broadband_Buildings:Broadband Ready, Building_Name:Woodmead Estate (3949), 1 Woodmead Drive, Woodmead, Johannesburg, Building 11, Longitude:28.088871, Latitude:-26.054321]], [attributes:[Broadband_Buildings:Broadband Ready, Building_Name:Woodmead Estate (3950), 1 Woodmead Drive, Woodmead, Johannesburg, Building 11, Longitude:28.089264, Latitude:-26.054426]], [attributes:[Broadband_Buildings:Broadband Ready, Building_Name:14 Skeen Blvd (1163), Longitude:28.132526, Latitude:-26.176102]], [attributes:[Broadband_Buildings:Broadband Ready, Building_Name:1 PARK STREET(1493), Longitude:28.135864, Latitude:-26.177322]], [attributes:[Broadband_Buildings:Broadband Ready, Building_Name:14 Hawley (1511), Longitude:28.135805, Latitude:-26.176504]], [attributes:[Broadband_Buildings:Broadband Ready, Building_Name:Peer_Skeen Boulevard(18451), Longitude:28.133532, Latitude:-26.172523]], [attributes:[Broadband_Buildings:Broadband Ready, Building_Name:9-11 Concorde Rd East (1512), Longitude:28.134237, Latitude:-26.171583]], [attributes:[Broadband_Buildings:Broadband Ready, Building_Name:18 Hawley Road (1490), Building 1, Longitude:28.135468, Latitude:-26.175304]], [attributes:[Broadband_Buildings:Broadband Ready, Building_Name:ACC_VB_MICA(1166), Longitude:28.13286, Latitude:-26.174212]], [attributes:[Broadband_Buildings:Broadband Ready, Building_Name:4 Bella Rosa (2722) Building 1, Longitude:18.640501, Latitude:-33.86859]], [attributes:[Broadband_Buildings:Broadband Ready, Building_Name:Balfour Office Park (2738) Building 3, Longitude:18.64029, Latitude:-33.871468]], [attributes:[Broadband_Buildings:Broadband Ready, Building_Name:Balfour Office Park (2739) Building 4, Longitude:18.639923, Latitude:-33.871407]], [attributes:[Broadband_Buildings:Broadband Ready, Building_Name:Belvedere Office Park (Swish Properties) (2745) Building 1, Longitude:18.641758, Latitude:-33.868393]], [attributes:[Broadband_Buildings:Broadband Ready, Building_Name:Sunbird Office Park (2758) Building 6, Longitude:18.640873, Latitude:-33.87027]], [attributes:[Broadband_Buildings:Broadband Ready, Building_Name:1 Kikuyu Road (372) 1 Kikuyu Road, Longitude:28.063961, Latitude:-26.034521]], [attributes:[Broadband_Buildings:Broadband Ready, Building_Name:The Core (366) The Core Retail Square, Longitude:28.06482, Latitude:-26.036165]], [attributes:[Broadband_Buildings:Broadband Ready, Building_Name:5 Eglin Road (651) Block C, Longitude:28.068876, Latitude:-26.033539]], [attributes:[Broadband_Buildings:Broadband Ready, Building_Name:3 Eglin Road (590) East Wing, Building A &amp; B, Longitude:28.067604, Latitude:-26.032412]], [attributes:[Broadband_Buildings:Broadband Ready, Building_Name:3 Eglin Road (600) East wing, Building C, Longitude:28.067648, Latitude:-26.031675]], [attributes:[Broadband_Buildings:Broadband Ready, Building_Name:144 Katherine (3050) Building 1, Longitude:28.07169, Latitude:-26.104485]], [attributes:[Broadband_Buildings:Broadband Ready, Building_Name:164 Katherine Str (1778) Building 2, Longitude:28.072815, Latitude:-26.103739]], [attributes:[Broadband_Buildings:Broadband Ready, Building_Name:101 Hertzog Boulevard, Foreshore, Cape Town(3106), Longitude:18.431807, Latitude:-33.92138]], [attributes:[Broadband_Buildings:Broadband Ready, Building_Name:89 Hertzog Boulevard (3107), Longitude:18.431555, Latitude:-33.921223]], [attributes:[Broadband_Buildings:Broadband Ready, Building_Name:73 Hertzog Boulevard (3108)/European Automotive, Longitude:18.430956, Latitude:-33.92071]], [attributes:[Broadband_Buildings:Broadband Ready, Building_Name:Peer_Kent, Longitude:27.998775, Latitude:-26.095072]], [attributes:[Broadband_Buildings:Broadband Ready, Building_Name:Boston City Campus Randburg JHB (97680) , Longitude:28.001091, Latitude:-26.092651]], [attributes:[Broadband_Buildings:Broadband Ready, Building_Name:267 Oak Ave (659) Building 3, Longitude:28.002676, Latitude:-26.098717]], [attributes:[Broadband_Buildings:Broadband Ready, Building_Name:261 Oak Ave (518), Longitude:28.001425, Latitude:-26.099339]], [attributes:[Broadband_Buildings:Broadband Ready, Building_Name:13 Fredman Drive (2912) Building 1, Longitude:28.054113, Latitude:-26.101294]], [attributes:[Broadband_Buildings:Broadband Ready, Building_Name:39 Selati Street (Block B) (2635) Block B, Longitude:28.264837, Latitude:-25.782799]], [attributes:[Broadband_Buildings:Broadband Ready, Building_Name:RiverwalkOfficePark (PIC) (2655) Block 3, Longitude:28.269608, Latitude:-25.78426]], [attributes:[Broadband_Buildings:Broadband Ready, Building_Name:88 Sovereign Drive (1981), Building 1, Longitude:28.25736, Latitude:-25.861347]], [attributes:[Broadband_Buildings:Broadband Ready, Building_Name:Vusela, Longitude:28.257004, Latitude:-25.86126]], [attributes:[Broadband_Buildings:Broadband Ready, Building_Name:Symplexity, Longitude:28.256174, Latitude:-25.860888]], [attributes:[Broadband_Buildings:Broadband Ready, Building_Name:108 Sovereign Drive (2042) Bld 1, Longitude:28.256973, Latitude:-25.859537]], [attributes:[Broadband_Buildings:Broadband Ready, Building_Name:	26 Victoria Link (2050) Building 1, Longitude:28.255947, Latitude:-25.85942]], [attributes:[Broadband_Buildings:Broadband Ready, Building_Name:Annique Health &amp; Beauty, Longitude:28.255764, Latitude:-25.863523]], [attributes:[Broadband_Buildings:Broadband Ready, Building_Name:	43 Regency Drive (2073) Building 1, Longitude:28.255634, Latitude:-25.862911]], [attributes:[Broadband_Buildings:Broadband Ready, Building_Name:RCE Consultants, Longitude:28.256954, Latitude:-25.85921]], [attributes:[Broadband_Buildings:Broadband Ready, Building_Name:4 Regency Drive (2103), Building 1, Longitude:28.257866, Latitude:-25.86497]], [attributes:[Broadband_Buildings:Broadband Ready, Building_Name:37 Sovereign Drive (1960) Bld 1, Longitude:28.258604, Latitude:-25.864367]], [attributes:[Broadband_Buildings:Broadband Ready, Building_Name:90 Sovereign Drive (1980), Building 1, Longitude:28.257275, Latitude:-25.86114]], [attributes:[Broadband_Buildings:Broadband Ready, Building_Name:62 Regency Drive (2009) Bld 1, Longitude:28.255598, Latitude:-25.860882]], [attributes:[Broadband_Buildings:Broadband Ready, Building_Name:119 Sovereign Drive (2028) Bld 1, Longitude:28.257256, Latitude:-25.8579]], [attributes:[Broadband_Buildings:Broadband Ready, Building_Name:51 Regency Drive (3980), Building 1, Longitude:28.2552, Latitude:-25.861967]], [attributes:[Broadband_Buildings:Broadband Ready, Building_Name:69 &amp; 71 Regency Drive (2016) Bld B, Longitude:28.254501, Latitude:-25.86011]], [attributes:[Broadband_Buildings:Broadband Ready, Building_Name:450 16th Rd  (1531) Building 2, Longitude:28.132624, Latitude:-25.977667]], [attributes:[Broadband_Buildings:Broadband Ready, Building_Name:400, 16th Ave (1473) Block C, Longitude:28.132011, Latitude:-25.980974]], [attributes:[Broadband_Buildings:Broadband Ready, Building_Name:Renault Garage (2262) Building 1, Longitude:28.02041, Latitude:-26.050915]], [attributes:[Broadband_Buildings:Broadband Ready, Building_Name:Epsom Downs Office Park (1888) Antree House, Longitude:28.013397, Latitude:-26.043509]], [attributes:[Broadband_Buildings:Broadband Ready, Building_Name:34 Culross Rd (1880), Building 3, Longitude:28.026005, Latitude:-26.045109]], [attributes:[Broadband_Buildings:Broadband Ready, Building_Name:34 Culross Rd (1881), Building 4, Longitude:28.02605, Latitude:-26.045404]], [attributes:[Broadband_Buildings:Broadband Ready, Building_Name:34 Culross Rd (1882) Building 5, Longitude:28.02552, Latitude:-26.0452]], [attributes:[Broadband_Buildings:Broadband Ready, Building_Name:135 Rivonia Road (2948) Building 1, Longitude:28.058662, Latitude:-26.102053]], [attributes:[Broadband_Buildings:Broadband Ready, Building_Name:102 Edward Street (7740), Longitude:18.635883, Latitude:-33.880604]], [attributes:[Broadband_Buildings:Broadband Ready, Building_Name:100 Edward Street (2591) Building 1, Longitude:18.635988, Latitude:-33.88112]], [attributes:[Broadband_Buildings:Broadband Ready, Building_Name:265 Durban Road (2569) Building 1, Longitude:18.636045, Latitude:-33.88173]], [attributes:[Broadband_Buildings:Broadband Ready, Building_Name:Selective House (2595), Longitude:18.635435, Latitude:-33.882385]], [attributes:[Broadband_Buildings:Broadband Ready, Building_Name:285 Durban Road (2599) Building 1, Longitude:18.63652, Latitude:-33.87925]], [attributes:[Broadband_Buildings:Broadband Ready, Building_Name:Tygervalley Chambers Five, Longitude:18.634398, Latitude:-33.881973]], [attributes:[Broadband_Buildings:Broadband Ready, Building_Name:11 Westlake Drive (1802) , Longitude:18.439657, Latitude:-34.07845]], [attributes:[Broadband_Buildings:Broadband Ready, Building_Name:4 Otto Close (1804), Longitude:18.440022, Latitude:-34.07971]], [attributes:[Broadband_Buildings:Broadband Ready, Building_Name:7D Bell Crescent (1828) , Longitude:18.436953, Latitude:-34.07901]], [attributes:[Broadband_Buildings:Broadband Ready, Building_Name:9B Bell Crescent Close, Longitude:18.43656, Latitude:-34.079025]], [attributes:[Broadband_Buildings:Broadband Ready, Building_Name:11 Bell Crescent (1211), Longitude:18.4359, Latitude:-34.078854]], [attributes:[Broadband_Buildings:Broadband Ready, Building_Name:44 Bell Crescent (1221) , Longitude:18.43599, Latitude:-34.077515]], [attributes:[Broadband_Buildings:Broadband Ready, Building_Name:7A Bell Crescent (1827), Longitude:18.437138, Latitude:-34.07938]], [attributes:[Broadband_Buildings:Broadband Ready, Building_Name:9A Bell Crescent (1809) , Longitude:18.436749, Latitude:-34.07888]], [attributes:[Broadband_Buildings:Broadband Ready, Building_Name:45 Wierda Road (356) Building 1, Longitude:28.056232, Latitude:-26.112614]], [attributes:[Broadband_Buildings:Broadband Ready, Building_Name:66 Wierda Road East (338), Longitude:28.060537, Latitude:-26.111813]], [attributes:[Broadband_Buildings:Broadband Ready, Building_Name:115 West Street (601), Longitude:28.058342, Latitude:-26.1087]], [attributes:[Broadband_Buildings:Broadband Ready, Building_Name:45 Wierda Road (615) Building 2, Longitude:28.056469, Latitude:-26.112518]], [attributes:[Broadband_Buildings:Broadband Ready, Building_Name:63 Wierda Road (617) Building 2, Longitude:28.059263, Latitude:-26.110401]], [attributes:[Broadband_Buildings:Broadband Ready, Building_Name:4 Coombe Place - Unit 1 (423) Building 1, Longitude:28.058844, Latitude:-26.041029]], [attributes:[Broadband_Buildings:Broadband Ready, Building_Name:57 Wessels Road (791) Building B, Longitude:28.060408, Latitude:-26.045326]], [attributes:[Broadband_Buildings:Broadband Ready, Building_Name:376 Rivonia Boulevard (597) 376 Rivonia Road, Longitude:28.0598, Latitude:-26.046144]], [attributes:[Broadband_Buildings:Broadband Ready, Building_Name:23 Fredman Drive (4039) Building 1, Longitude:28.050747, Latitude:-26.103643]], [attributes:[Broadband_Buildings:Broadband Ready, Building_Name:25 Fredman Drive (4041), Building 1, Longitude:28.049948, Latitude:-26.104044]], [attributes:[Broadband_Buildings:Broadband Ready, Building_Name:138 Rivonia Road (3827) Building 1, Longitude:28.060013, Latitude:-26.101404]], [attributes:[Broadband_Buildings:Broadband Ready, Building_Name:39 Empire Road (2481) Building 2, Longitude:28.022749, Latitude:-26.183067]], [attributes:[Broadband_Buildings:Broadband Ready, Building_Name:45 Empire Road (2486) Building 1, Longitude:28.023514, Latitude:-26.183496]], [attributes:[Broadband_Buildings:Broadband Ready, Building_Name:338 George Street (1288) Building C
, Longitude:28.133434, Latitude:-25.964922]], [attributes:[Broadband_Buildings:Broadband Ready, Building_Name:338 George Street (1289) Building D
, Longitude:28.134151, Latitude:-25.964684]], [attributes:[Broadband_Buildings:Broadband Ready, Building_Name:Tilbury Office Park (1357) F1-F3
, Longitude:28.13775, Latitude:-25.959269]], [attributes:[Broadband_Buildings:Broadband Ready, Building_Name:260 15th Road (1751) Building 2
, Longitude:28.131296, Latitude:-25.97296]], [attributes:[Broadband_Buildings:Broadband Ready, Building_Name:3 Pepper Close, Rainbow Park (1576), Building 1, Longitude:18.513725, Latitude:-33.864964]], [attributes:[Broadband_Buildings:Broadband Ready, Building_Name:3 Pepper Close, Rainbow Park (1577), Building 2, Longitude:18.514244, Latitude:-33.864815]], [attributes:[Broadband_Buildings:Broadband Ready, Building_Name:15 Kunene Circle, Omuramba Business Park  (1553), Building 1, Longitude:18.51269, Latitude:-33.86165]], [attributes:[Broadband_Buildings:Broadband Ready, Building_Name:6 Kunene Circle Omuramba Business Park (1564) Bld 1 (Friem), Longitude:18.513374, Latitude:-33.861954]], [attributes:[Broadband_Buildings:Broadband Ready, Building_Name:17 Kunene Circle (4080), Building 1, Longitude:18.51373, Latitude:-33.86191]], [attributes:[Broadband_Buildings:Broadband Ready, Building_Name:15 Longclaw Drive (1603) Bld 1, Longitude:18.513155, Latitude:-33.865723]], [attributes:[Broadband_Buildings:Broadband Ready, Building_Name:16/48 Richards Drive (2466) Building 2, Longitude:28.124264, Latitude:-26.013378]], [attributes:[Broadband_Buildings:Broadband Ready, Building_Name:100 Armstrong Avenue (2768) Building 2, Longitude:31.067099, Latitude:-29.741507]], [attributes:[Broadband_Buildings:Broadband Ready, Building_Name:100 Armstrong Avenue (2770) Building 4, Longitude:31.067537, Latitude:-29.740932]], [attributes:[Broadband_Buildings:Broadband Ready, Building_Name:100 Armstrong Avenue (2769) Building 3, Longitude:31.067501, Latitude:-29.741325]], [attributes:[Broadband_Buildings:Broadband Ready, Building_Name:73 Richefond Circle (2786) , Longitude:31.071718, Latitude:-29.736444]], [attributes:[Broadband_Buildings:Broadband Ready, Building_Name:69 Richefond Circle (2784) , Longitude:31.071827, Latitude:-29.736187]], [attributes:[Broadband_Buildings:Broadband Ready, Building_Name:The Offices of Hyde Park (1935) Building B, Longitude:28.03268, Latitude:-26.118563]], [attributes:[Broadband_Buildings:Broadband Ready, Building_Name:2 Pieter Str (1250), Longitude:28.187399, Latitude:-25.87141]], [attributes:[Broadband_Buildings:Broadband Ready, Building_Name:177 Jan Smuts Ave (2941) Building 1, Longitude:28.03459, Latitude:-26.147552]], [attributes:[Broadband_Buildings:Broadband Ready, Building_Name:179 Jan Smuts Avenue (2891) Building 1, Longitude:28.034723, Latitude:-26.147144]], [attributes:[Broadband_Buildings:Broadband Ready, Building_Name:181 Jan Smuts Ave (2890) Building 1, Longitude:28.03482, Latitude:-26.146917]], [attributes:[Broadband_Buildings:Broadband Ready, Building_Name:158 Jan Smuts Ave (2996) Building 1, Longitude:28.035976, Latitude:-26.146894]], [attributes:[Broadband_Buildings:Broadband Ready, Building_Name:64 Capital Hill (2399) Building 1, Longitude:28.12646, Latitude:-26.01179]], [attributes:[Broadband_Buildings:Broadband Ready, Building_Name:65 Capital Hill (2400) Building 1, Longitude:28.12707, Latitude:-26.011091]], [attributes:[Broadband_Buildings:Broadband Ready, Building_Name:82 Capital Hill (2415), Building 1, Longitude:28.127693, Latitude:-26.011702]], [attributes:[Broadband_Buildings:Broadband Ready, Building_Name:54 Peter Place (587) Blackburn House, Longitude:28.021376, Latitude:-26.08253]], [attributes:[Broadband_Buildings:Broadband Ready, Building_Name:Sandton Medi Clinic (712) Building 2, Longitude:28.012444, Latitude:-26.077602]], [attributes:[Broadband_Buildings:Broadband Ready, Building_Name:Coachman Crossing Office Park (709)  Block C, Longitude:28.015894, Latitude:-26.079884]], [attributes:[Broadband_Buildings:Broadband Ready, Building_Name:MedFem  (585), Longitude:28.011969, Latitude:-26.079082]], [attributes:[Broadband_Buildings:Broadband Ready, Building_Name:Design Quarter District (2388), Leslie Avenue, Building 5, Longitude:28.012884, Latitude:-26.030392]], [attributes:[Broadband_Buildings:Broadband Ready, Building_Name:346 James Crescent (2186) Building 1, Longitude:28.124115, Latitude:-26.007584]], [attributes:[Broadband_Buildings:Broadband Ready, Building_Name:748 Richards Drive (2148) Building A, Longitude:28.126366, Latitude:-26.006847]], [attributes:[Broadband_Buildings:Broadband Ready, Building_Name:726 Richards Drive (2151) Building 1, Longitude:28.127071, Latitude:-26.006382]], [attributes:[Broadband_Buildings:Broadband Ready, Building_Name:628 James Crescent (2163) Building 9, Longitude:28.126919, Latitude:-26.004911]], [attributes:[Broadband_Buildings:Broadband Ready, Building_Name:347 James Crescent (2182) Building 3, Longitude:28.123442, Latitude:-26.007729]], [attributes:[Broadband_Buildings:Broadband Ready, Building_Name:718 James Crescent (2171) Building 1, Longitude:28.125702, Latitude:-26.002947]], [attributes:[Broadband_Buildings:Broadband Ready, Building_Name:138 Frikkie De Beer (2352) Building 4, Longitude:28.279625, Latitude:-25.782856]], [attributes:[Broadband_Buildings:Broadband Ready, Building_Name:Menlyn Corner (2356) Building 1, Longitude:28.278206, Latitude:-25.78241]], [attributes:[Broadband_Buildings:Broadband Ready, Building_Name:Gallagher Corner (4244) Building 4, Longitude:28.128227, Latitude:-26.004913]], [attributes:[Broadband_Buildings:Broadband Ready, Building_Name:3001 William Nicol Dr (1915), Building 5/6, Longitude:28.018011, Latitude:-26.045477]], [attributes:[Broadband_Buildings:Broadband Ready, Building_Name:Rudolph &amp; Van Vuuren, Longitude:18.512718, Latitude:-33.86198]], [attributes:[Broadband_Buildings:Broadband Ready, Building_Name:51 Empire Road (2488) Building 1, Longitude:28.024387, Latitude:-26.183914]], [attributes:[Broadband_Buildings:Broadband Ready, Building_Name:1267 Pretorius Street Building 2, Longitude:28.243122, Latitude:-25.74435]], [attributes:[Broadband_Buildings:Broadband Ready, Building_Name:1267 Pretorius Street (3014) Building 1, Longitude:28.243053, Latitude:-25.744709]], [attributes:[Broadband_Buildings:Broadband Ready, Building_Name:1267 Pretorius Street (3466) Building 3, Longitude:28.243824, Latitude:-25.744349]], [attributes:[Broadband_Buildings:Broadband Ready, Building_Name:Tilbury Office Park (1356) E1-E3
, Longitude:28.138712, Latitude:-25.959532]], [attributes:[Broadband_Buildings:Broadband Ready, Building_Name:12 - 14 Pieter Str  (1256), Longitude:28.188374, Latitude:-25.871218]], [attributes:[Broadband_Buildings:Broadband Ready, Building_Name:14a Jellicoe Avenue (4095) Building 1, Longitude:28.038895, Latitude:-26.143023]], [attributes:[Broadband_Buildings:Broadband Ready, Building_Name:166 Witch-Hazel Ave (1264) Building 1, Longitude:28.183517, Latitude:-25.872236]], [attributes:[Broadband_Buildings:Broadband Ready, Building_Name:89 Bute Lane (2905), Longitude:28.055182, Latitude:-26.100138]], [attributes:[Broadband_Buildings:Broadband Ready, Building_Name:100 Grayston Drive (2897) Building 1, Longitude:28.057018, Latitude:-26.09911]], [attributes:[Broadband_Buildings:Broadband Ready, Building_Name:159 Rivonia Road (3916), Longitude:28.056456, Latitude:-26.09723]], [attributes:[Broadband_Buildings:Broadband Ready, Building_Name:27 Fredman Drive (4048) 27 Freman Drive, Longitude:28.05021, Latitude:-26.104668]], [attributes:[Broadband_Buildings:Broadband Ready, Building_Name:11 Alice Lane (4032) Building 1, Longitude:28.050512, Latitude:-26.107515]]], exceededTransferLimit:true]
" type="java.lang.AssertionError">
      <![CDATA[java.lang.AssertionError: 1 expectation failed.
Response body doesn't match expectation.
Expected: a string containing "28.12601621"
  Actual: [displayFieldName:Building_Name, fieldAliases:[Broadband_Buildings:Broadband_Buildings, Building_Name:Building_Name, Longitude:Longitude, Latitude:Latitude], fields:[[name:Broadband_Buildings, type:esriFieldTypeString, alias:Broadband_Buildings, length:50], [name:Building_Name, type:esriFieldTypeString, alias:Building_Name, length:252], [name:Longitude, type:esriFieldTypeDouble, alias:Longitude], [name:Latitude, type:esriFieldTypeDouble, alias:Latitude]], features:[[attributes:[Broadband_Buildings:Broadband Ready, Building_Name:106 Johan Avenue (341)(Lynton Hall), Longitude:28.058783, Latitude:-26.110209]], [attributes:[Broadband_Buildings:Broadband Ready, Building_Name:108 Johan Avenue (342) , Longitude:28.058475, Latitude:-26.110018]], [attributes:[Broadband_Buildings:Broadband Ready, Building_Name:30 Peter Place- Coral House (691)  Block B, Longitude:28.016119, Latitude:-26.081491]], [attributes:[Broadband_Buildings:Broadband Ready, Building_Name:54 Peter Place (696) Cardiff House, Longitude:28.018547, Latitude:-26.082546]], [attributes:[Broadband_Buildings:Broadband Ready, Building_Name:37 Peter Place (404) Building 1, Longitude:28.019972, Latitude:-26.080969]], [attributes:[Broadband_Buildings:Broadband Ready, Building_Name:5 Autumn Road (621) Legacy House, Longitude:28.058659, Latitude:-26.041956]], [attributes:[Broadband_Buildings:Broadband Ready, Building_Name:5 Autumn Road (620) Baobab House, Longitude:28.05901, Latitude:-26.042212]], [attributes:[Broadband_Buildings:Broadband Ready, Building_Name:65 Homestead (397)  Block A, Longitude:28.009636, Latitude:-26.07566]], [attributes:[Broadband_Buildings:Broadband Ready, Building_Name:382 Rivonia Road (4088) Building 1, Longitude:28.060198, Latitude:-26.043999]], [attributes:[Broadband_Buildings:Broadband Ready, Building_Name:370 Rivonia Boulevard (637) Building 2, Longitude:28.059946, Latitude:-26.047646]], [attributes:[Broadband_Buildings:Broadband Ready, Building_Name:381 Rivonia Boulevard (603) Building 1, Longitude:28.059269, Latitude:-26.048182]], [attributes:[Broadband_Buildings:Broadband Ready, Building_Name:4 Coombe Place - Unit 1 (424) Building 2a, Longitude:28.058537, Latitude:-26.040941]], [attributes:[Broadband_Buildings:Broadband Ready, Building_Name:4 Coombe Place - Unit 2 (449) Building 1, Longitude:28.058258, Latitude:-26.04109]], [attributes:[Broadband_Buildings:Broadband Ready, Building_Name:4 Coombe Place - Unit 2 (450) Building 2, Longitude:28.058067, Latitude:-26.041065]], [attributes:[Broadband_Buildings:Broadband Ready, Building_Name:57 Heerengracht (Nedbank) / ACC_Nedcor_Cape_Town_CBD, Longitude:18.42705, Latitude:-33.91746]], [attributes:[Broadband_Buildings:Broadband Ready, Building_Name:129 Patricia Street (4053), Longitude:28.068699, Latitude:-26.105644]], [attributes:[Broadband_Buildings:Broadband Ready, Building_Name:Woodlands Office Park (1679), 141 Western Services Road, Woodmeade, Building 2, Longitude:28.08265, Latitude:-26.063326]], [attributes:[Broadband_Buildings:Broadband Ready, Building_Name:7 Girton Road (1345) Engen House, Longitude:28.035631, Latitude:-26.183405]], [attributes:[Broadband_Buildings:Broadband Ready, Building_Name:13 Wellington (Road) (918) , Longitude:28.035547, Latitude:-26.184198]], [attributes:[Broadband_Buildings:Broadband Ready, Building_Name:Ballywoods Office Park (568) Cedarwood House (Building 1), Longitude:28.029062, Latitude:-26.075003]], [attributes:[Broadband_Buildings:Broadband Ready, Building_Name:EC English / Redefine Northwarf, Longitude:18.42331, Latitude:-33.916264]], [attributes:[Broadband_Buildings:Broadband Ready, Building_Name:The Office, Office Park (2326) Block A, Longitude:28.291334, Latitude:-25.779472]], [attributes:[Broadband_Buildings:Broadband Ready, Building_Name:Harrowdene Office Park (3963) Entrance Gate 2, Longitude:28.090027, Latitude:-26.064432]], [attributes:[Broadband_Buildings:Broadband Ready, Building_Name:Harrowdene Office Park (1494) Building 1, Longitude:28.089418, Latitude:-26.063961]], [attributes:[Broadband_Buildings:Broadband Ready, Building_Name:Harrowdene Office Park (1500) Building 7, Longitude:28.087997, Latitude:-26.064642]], [attributes:[Broadband_Buildings:Broadband Ready, Building_Name:Harrowdene Office Park (1501) Building 8, Longitude:28.088055, Latitude:-26.065233]], [attributes:[Broadband_Buildings:Broadband Ready, Building_Name:20 Skeen Boulevard, (1513)Bedfordview, Longitude:28.133814, Latitude:-26.176422]], [attributes:[Broadband_Buildings:Broadband Ready, Building_Name:22 Skeen Blvd (1159) 2 Skeen Blvd, Longitude:28.134619, Latitude:-26.176346]], [attributes:[Broadband_Buildings:Broadband Ready, Building_Name:2 Skeen (1514), Building 1, Longitude:28.134554, Latitude:-26.175335]], [attributes:[Broadband_Buildings:Broadband Ready, Building_Name:4-6 Skeen Blvd (1168), Longitude:28.13371, Latitude:-26.175442]], [attributes:[Broadband_Buildings:Broadband Ready, Building_Name:12 Skeen Blvd (1162), Longitude:28.13241, Latitude:-26.17568]], [attributes:[Broadband_Buildings:Broadband Ready, Building_Name:1 Skeen Blvd (1170), Longitude:28.13435, Latitude:-26.174635]], [attributes:[Broadband_Buildings:Broadband Ready, Building_Name:5 High Street (3821) Building 1, Longitude:18.639875, Latitude:-33.8678]], [attributes:[Broadband_Buildings:Broadband Ready, Building_Name:6-8 High Street (3822) Building 1, Longitude:18.640276, Latitude:-33.867966]], [attributes:[Broadband_Buildings:Broadband Ready, Building_Name:14 Bella Rosa (3823) Building 1, Longitude:18.640743, Latitude:-33.867542]], [attributes:[Broadband_Buildings:Broadband Ready, Building_Name:7 Pasita Street (2725) Building 1, Longitude:18.642052, Latitude:-33.86938]], [attributes:[Broadband_Buildings:Broadband Ready, Building_Name:Balfour Office Park (2736) Building 1, Longitude:18.63999, Latitude:-33.871113]], [attributes:[Broadband_Buildings:Broadband Ready, Building_Name:8 Kikuyu Street (370) 8 Kikuyu Street, Longitude:28.062391, Latitude:-26.034033]], [attributes:[Broadband_Buildings:Broadband Ready, Building_Name:151 Katherine Street (1776) Block A, Longitude:28.072441, Latitude:-26.101828]], [attributes:[Broadband_Buildings:Broadband Ready, Building_Name:164 Katherine Street (1328) Block D, Longitude:28.074306, Latitude:-26.100508]], [attributes:[Broadband_Buildings:Broadband Ready, Building_Name:164 Katherine Street (1327) Block C, Longitude:28.074316, Latitude:-26.100925]], [attributes:[Broadband_Buildings:Broadband Ready, Building_Name:IChoices, Longitude:27.999489, Latitude:-26.095612]], [attributes:[Broadband_Buildings:Broadband Ready, Building_Name:267 Oak Ave (522) Building 1, Longitude:28.001673, Latitude:-26.098543]], [attributes:[Broadband_Buildings:Broadband Ready, Building_Name:267 Oak Ave (658) Building 2, Longitude:28.002148, Latitude:-26.098606]], [attributes:[Broadband_Buildings:Broadband Ready, Building_Name:252 Oak Ave (665) Block 4, Longitude:28.000647, Latitude:-26.10048]], [attributes:[Broadband_Buildings:Broadband Ready, Building_Name:252 Oak Ave (666) Block 5, Longitude:28.000689, Latitude:-26.10027]], [attributes:[Broadband_Buildings:Broadband Ready, Building_Name:42 Lebombo Road (2629) Building 1, Longitude:28.26527, Latitude:-25.782963]], [attributes:[Broadband_Buildings:Broadband Ready, Building_Name:38 Lebombo Road (2648) Lembombo Place A, Longitude:28.265667, Latitude:-25.782785]], [attributes:[Broadband_Buildings:Broadband Ready, Building_Name:147 Garsfontein Road (3432) Block 1, Longitude:28.263258, Latitude:-25.783722]], [attributes:[Broadband_Buildings:Broadband Ready, Building_Name:73 Sovereign Drive (1963), Building 1, Longitude:28.258484, Latitude:-25.862268]], [attributes:[Broadband_Buildings:Broadband Ready, Building_Name:614 James Crescent (2153) Building 1, Longitude:28.1262, Latitude:-26.006338]], [attributes:[Broadband_Buildings:Broadband Ready, Building_Name:347 James Crescent (2180) Building 1, Longitude:28.123184, Latitude:-26.007864]], [attributes:[Broadband_Buildings:Broadband Ready, Building_Name:347 James Crescent (2181) Building 2, Longitude:28.123142, Latitude:-26.007397]], [attributes:[Broadband_Buildings:Broadband Ready, Building_Name:676 Gallagher Avenue (4104), Longitude:28.12682, Latitude:-26.001513]], [attributes:[Broadband_Buildings:Broadband Ready, Building_Name:31 Gallagher Avenue (4101) Building 5, Longitude:28.12632, Latitude:-26.000044]], [attributes:[Broadband_Buildings:Broadband Ready, Building_Name:31 Gallagher Avenue (4102) Building 6, Longitude:28.126596, Latitude:-26.000149]], [attributes:[Broadband_Buildings:Broadband Ready, Building_Name:628 James Crescent (2158) Building 4, Longitude:28.127285, Latitude:-26.004482]], [attributes:[Broadband_Buildings:Broadband Ready, Building_Name:628 James Crescent (2156) Building 2, Longitude:28.12641, Latitude:-26.004694]], [attributes:[Broadband_Buildings:Broadband Ready, Building_Name:628 James Crescent (2160) Building 6, Longitude:28.127304, Latitude:-26.005047]], [attributes:[Broadband_Buildings:Broadband Ready, Building_Name:St James Commercial Park (2185) Building 3, Longitude:28.123503, Latitude:-26.007206]], [attributes:[Broadband_Buildings:Broadband Ready, Building_Name:Menlyn Square (2378) Building 3, Longitude:28.27858, Latitude:-25.785994]], [attributes:[Broadband_Buildings:Broadband Ready, Building_Name:138 Frikkie De Beer (2349) Building 1, Longitude:28.279127, Latitude:-25.78311]], [attributes:[Broadband_Buildings:Broadband Ready, Building_Name:38 Ida Street (RAF) (2372) Building 1, Longitude:28.274157, Latitude:-25.777487]], [attributes:[Broadband_Buildings:Broadband Ready, Building_Name:Menlyn Retail Park (2363) Building 1, Longitude:28.27696, Latitude:-25.788088]], [attributes:[Broadband_Buildings:Broadband Ready, Building_Name:138 Frikkie De Beer (2355) Building 7, Longitude:28.278727, Latitude:-25.782503]], [attributes:[Broadband_Buildings:Broadband Ready, Building_Name:Menlyn Square (2379) Building 4, Longitude:28.278095, Latitude:-25.786352]], [attributes:[Broadband_Buildings:Broadband Ready, Building_Name:EPI (2347) Building 1, Longitude:28.277607, Latitude:-25.779942]], [attributes:[Broadband_Buildings:Broadband Ready, Building_Name:34/36 Ingersol Road (2368) Building 1, Longitude:28.27538, Latitude:-25.779825]], [attributes:[Broadband_Buildings:Broadband Ready, Building_Name:34/36 Ingersol Road (2369) Building 2, Longitude:28.27595, Latitude:-25.779951]], [attributes:[Broadband_Buildings:Broadband Ready, Building_Name:Menlyn Piazza (2361) Building 1, Longitude:28.277796, Latitude:-25.783688]], [attributes:[Broadband_Buildings:Broadband Ready, Building_Name:Menlyn Square (2376) Building 1, Longitude:28.27735, Latitude:-25.786043]], [attributes:[Broadband_Buildings:Broadband Ready, Building_Name:Menlyn Square (2377) Building 2, Longitude:28.277876, Latitude:-25.785707]], [attributes:[Broadband_Buildings:Broadband Ready, Building_Name:33 Richards Drive (2146) Building 4, Longitude:28.125025, Latitude:-26.008474]], [attributes:[Broadband_Buildings:Broadband Ready, Building_Name:5-7 Merchant Place (4174), Building 4, Longitude:28.055101, Latitude:-26.101604]], [attributes:[Broadband_Buildings:Broadband Ready, Building_Name:Brazenhead Restaurant (923) Brazenhead Restaurant, Longitude:28.069433, Latitude:-26.101107]], [attributes:[Broadband_Buildings:Broadband Ready, Building_Name:128 Peter Road (1762), Building 5, Longitude:28.071585, Latitude:-26.101421]], [attributes:[Broadband_Buildings:Broadband Ready, Building_Name:128 Peter Road (1762) Building 5, Longitude:28.070951, Latitude:-26.10216]], [attributes:[Broadband_Buildings:Broadband Ready, Building_Name:8 Longclaw Drive (1616), Building 1, Longitude:18.511324, Latitude:-33.865063]], [attributes:[Broadband_Buildings:Broadband Ready, Building_Name:Milnerton Business park (1790) Building 6, Longitude:18.512325, Latitude:-33.86596]], [attributes:[Broadband_Buildings:Broadband Ready, Building_Name:Panavision, Longitude:18.51151, Latitude:-33.865902]], [attributes:[Broadband_Buildings:Broadband Ready, Building_Name:27 Kunene Circle, Omuramba Business Park (1785) Building 1, Longitude:18.514263, Latitude:-33.86129]], [attributes:[Broadband_Buildings:Broadband Ready, Building_Name:33 Ernest Oppenheimer (1546), Longitude:28.107166, Latitude:-26.180655]], [attributes:[Broadband_Buildings:Broadband Ready, Building_Name:11 Longclaw Drive (1608) Building 1, Longitude:28.106651, Latitude:-26.180908]], [attributes:[Broadband_Buildings:Broadband Ready, Building_Name:20 Zulberg Close (JHI) (981) Bruma Boulevard- North Block, Longitude:28.106138, Latitude:-26.180883]], [attributes:[Broadband_Buildings:Broadband Ready, Building_Name:26 Ernest Opennheimer (967), Longitude:28.108286, Latitude:-26.182024]], [attributes:[Broadband_Buildings:Broadband Ready, Building_Name:25 Ernest Oppenheimer Ave (JHI), Longitude:28.107704, Latitude:-26.181236]], [attributes:[Broadband_Buildings:Broadband Ready, Building_Name:Sacoil Fibre BB(72249 ), Longitude:28.022827, Latitude:-26.045149]], [attributes:[Broadband_Buildings:Broadband Ready, Building_Name:453 on Main (1884), Building 1, Longitude:28.024479, Latitude:-26.04463]], [attributes:[Broadband_Buildings:Broadband Ready, Building_Name:34 Culross Rd (1879), Building 2, Longitude:28.025978, Latitude:-26.044703]], [attributes:[Broadband_Buildings:Broadband Ready, Building_Name:391 Jan Smuts Avenue (3456) Building 1, Longitude:28.020012, Latitude:-26.113703]], [attributes:[Broadband_Buildings:Broadband Ready, Building_Name:387 Jan Smuts Avenue (2985), Building 1, Longitude:28.0202, Latitude:-26.114138]], [attributes:[Broadband_Buildings:Broadband Ready, Building_Name:110 Conrad Drive (2998) Craighall Office Park, Longitude:28.020388, Latitude:-26.114769]], [attributes:[Broadband_Buildings:Broadband Ready, Building_Name:The Arena (78 Capital Hill), 78 Capital Hill, Building 1, Longitude:28.127367, Latitude:-26.01323]], [attributes:[Broadband_Buildings:Broadband Ready, Building_Name:Constantia Park (4013) Building 9, Longitude:28.132717, Latitude:-25.97608]], [attributes:[Broadband_Buildings:Broadband Ready, Building_Name:400, 16th Ave (1482) Block L, Longitude:28.131954, Latitude:-25.979767]], [attributes:[Broadband_Buildings:Broadband Ready, Building_Name:400, 16th Ave (1477) Block M, Longitude:28.13235, Latitude:-25.979925]], [attributes:[Broadband_Buildings:Broadband Ready, Building_Name:400, 16th Ave (1474) Block D, Longitude:28.132053, Latitude:-25.980694]], [attributes:[Broadband_Buildings:Broadband Ready, Building_Name:400, 16th Ave (936) Block A, Longitude:28.132038, Latitude:-25.981274]], [attributes:[Broadband_Buildings:Broadband Ready, Building_Name:400, 16th Ave (1486) Block P, Longitude:28.132135, Latitude:-25.979137]], [attributes:[Broadband_Buildings:Broadband Ready, Building_Name:400, 16th Ave (1485) Block O, Longitude:28.132784, Latitude:-25.979286]], [attributes:[Broadband_Buildings:Broadband Ready, Building_Name:400, 16th Ave (1488) Block R, Longitude:28.133139, Latitude:-25.978657]], [attributes:[Broadband_Buildings:Broadband Ready, Building_Name:Constantia Park (4016) Building 12, Longitude:28.133963, Latitude:-25.976274]], [attributes:[Broadband_Buildings:Broadband Ready, Building_Name:Constantia Park (4019) Building 15, Longitude:28.133297, Latitude:-25.975836]], [attributes:[Broadband_Buildings:Broadband Ready, Building_Name:Constantia Park (4012) Building 8, Longitude:28.13335, Latitude:-25.976227]], [attributes:[Broadband_Buildings:Broadband Ready, Building_Name:49 Central Street (838), Longitude:28.05801, Latitude:-26.158632]], [attributes:[Broadband_Buildings:Broadband Ready, Building_Name:43 Central Street (837) , Longitude:28.057997, Latitude:-26.159185]], [attributes:[Broadband_Buildings:Broadband Ready, Building_Name:9-13 West Street (1462), Longitude:28.055065, Latitude:-26.168993]], [attributes:[Broadband_Buildings:Broadband Ready, Building_Name:9-13 West Street (1461), Longitude:28.054941, Latitude:-26.169449]], [attributes:[Broadband_Buildings:Broadband Ready, Building_Name:263 A West Ave (2288) Building 1, Longitude:28.188839, Latitude:-25.852612]], [attributes:[Broadband_Buildings:Broadband Ready, Building_Name:261 West Ave (2287), Building 1, Longitude:28.18853, Latitude:-25.852222]], [attributes:[Broadband_Buildings:Broadband Ready, Building_Name:66 Von Willich Avenue (2301) Building B, Longitude:28.195345, Latitude:-25.853996]], [attributes:[Broadband_Buildings:Broadband Ready, Building_Name:66 Von Willich Avenue (2303) Building D, Longitude:28.194435, Latitude:-25.854084]], [attributes:[Broadband_Buildings:Broadband Ready, Building_Name:66 Von Willich Avenue (3438) Building E, Longitude:28.194899, Latitude:-25.853634]], [attributes:[Broadband_Buildings:Broadband Ready, Building_Name:Servier Labs, Longitude:28.083248, Latitude:-26.058245]], [attributes:[Broadband_Buildings:Broadband Ready, Building_Name:Country Club Estate - Equity Estates (498), Woodlands Drive, Building 3, Longitude:28.083735, Latitude:-26.058376]], [attributes:[Broadband_Buildings:Broadband Ready, Building_Name:Showrooms on Leslie (2383), Leslie Avenue, Building 2, Longitude:28.010773, Latitude:-26.033379]], [attributes:[Broadband_Buildings:Broadband Ready, Building_Name:Showrooms on Leslie (2395), Leslie Avenue, Building 3, Longitude:28.01113, Latitude:-26.034048]], [attributes:[Broadband_Buildings:Broadband Ready, Building_Name:ACC_VB_More_Golf_Cycle_Lab_Fourways, Longitude:28.011536, Latitude:-26.034746]], [attributes:[Broadband_Buildings:Broadband Ready, Building_Name:5 Fricker Road (146) , Longitude:28.046135, Latitude:-26.134432]], [attributes:[Broadband_Buildings:Broadband Ready, Building_Name:Tilbury Office Park (1353) B1-B8
, Longitude:28.138111, Latitude:-25.958157]], [attributes:[Broadband_Buildings:Broadband Ready, Building_Name:Tilbury Office Park (1354) C1-C9
, Longitude:28.13882, Latitude:-25.958302]], [attributes:[Broadband_Buildings:Broadband Ready, Building_Name:852 16th Rd (1752) Building 2, Longitude:28.13601, Latitude:-25.965784]], [attributes:[Broadband_Buildings:Broadband Ready, Building_Name:789 16th Rd (1748) Building B
, Longitude:28.13344, Latitude:-25.9687]], [attributes:[Broadband_Buildings:Broadband Ready, Building_Name:704 16th Road (1007) 
, Longitude:28.13326, Latitude:-25.97047]], [attributes:[Broadband_Buildings:Broadband Ready, Building_Name:562 15th Road (1743) Building 2
, Longitude:28.136751, Latitude:-25.958723]], [attributes:[Broadband_Buildings:Broadband Ready, Building_Name:128 15th Rd (1000), Longitude:28.131813, Latitude:-25.97192]], [attributes:[Broadband_Buildings:Broadband Ready, Building_Name:107 Packard Street (1764) Building 1, Longitude:28.137697, Latitude:-25.956108]], [attributes:[Broadband_Buildings:Broadband Ready, Building_Name:788 16th Road (4069) Building 1, Longitude:28.135319, Latitude:-25.968033]], [attributes:[Broadband_Buildings:Broadband Ready, Building_Name:754A 16th Road Pioneers House (4070) Building 3, Longitude:28.136292, Latitude:-25.96801]], [attributes:[Broadband_Buildings:Broadband Ready, Building_Name:7 Georgain Crescent (314), Longitude:28.016977, Latitude:-26.04049]], [attributes:[Broadband_Buildings:Broadband Ready, Building_Name:CMH Volvo Cars Pretoria - Honda Hatfield - Citroen Hatfield, Longitude:28.243887, Latitude:-25.74371]], [attributes:[Broadband_Buildings:Broadband Ready, Building_Name:1267 Pretorius Street (3470) Building 7, Longitude:28.243078, Latitude:-25.745115]], [attributes:[Broadband_Buildings:Broadband Ready, Building_Name:1267 Pretorius Street (3468) Building 5, Longitude:28.243855, Latitude:-25.745111]], [attributes:[Broadband_Buildings:Broadband Ready, Building_Name:89 Hyde Lane (1943) Building 1, Longitude:28.031578, Latitude:-26.12021]], [attributes:[Broadband_Buildings:Broadband Ready, Building_Name:Dunkeld Crescent West (279) Building A, Longitude:28.031519, Latitude:-26.12722]], [attributes:[Broadband_Buildings:Broadband Ready, Building_Name:Dunkeld Crescent East (282) Building B, Longitude:28.032549, Latitude:-26.127115]], [attributes:[Broadband_Buildings:Broadband Ready, Building_Name:3A Summit Road (284) , Longitude:28.03243, Latitude:-26.128456]], [attributes:[Broadband_Buildings:Broadband Ready, Building_Name: , Longitude:18.426582, Latitude:-33.93205]], [attributes:[Broadband_Buildings:Broadband Ready, Building_Name:8 Brandweer Street, GARDENS, Longitude:18.424685, Latitude:-33.932632]], [attributes:[Broadband_Buildings:Broadband Ready, Building_Name:Amazon_Scuderia House, 78 Roeland Street,, Longitude:18.424564, Latitude:-33.93235]], [attributes:[Broadband_Buildings:Broadband Ready, Building_Name:3 Bauhania Street (5822), Building 17, Longitude:28.183949, Latitude:-25.882229]], [attributes:[Broadband_Buildings:Broadband Ready, Building_Name:3 Bauhania Street (5810), Building 5, Longitude:28.184132, Latitude:-25.881172]], [attributes:[Broadband_Buildings:Broadband Ready, Building_Name:3 Bauhania Street (5824), Building 19, Longitude:28.183865, Latitude:-25.882454]], [attributes:[Broadband_Buildings:Broadband Ready, Building_Name:3 Bauhania Street (5825), Building 20, Longitude:28.183746, Latitude:-25.882654]], [attributes:[Broadband_Buildings:Broadband Ready, Building_Name:3 Bauhania Street (5826) Building 21, Longitude:28.183535, Latitude:-25.88271]], [attributes:[Broadband_Buildings:Broadband Ready, Building_Name:3 Bauhania Street (5827) Building 22, Longitude:28.1833, Latitude:-25.882765]], [attributes:[Broadband_Buildings:Broadband Ready, Building_Name:3 Bauhania Street (5828), Building 23, Longitude:28.183128, Latitude:-25.8831]], [attributes:[Broadband_Buildings:Broadband Ready, Building_Name:3 Bauhania Street (5818), Building 13, Longitude:28.185165, Latitude:-25.88192]], [attributes:[Broadband_Buildings:Broadband Ready, Building_Name:3 Bauhania Street (5831), Building 26, Longitude:28.183279, Latitude:-25.883379]], [attributes:[Broadband_Buildings:Broadband Ready, Building_Name:3 Bauhania Street (5830), Building 25, Longitude:28.183676, Latitude:-25.882982]], [attributes:[Broadband_Buildings:Broadband Ready, Building_Name:3 Bauhania Street (5811), Building 6, Longitude:28.18399, Latitude:-25.881483]], [attributes:[Broadband_Buildings:Broadband Ready, Building_Name:3 Bauhania Street (4885), Building 1, Longitude:28.18434, Latitude:-25.880781]], [attributes:[Broadband_Buildings:Broadband Ready, Building_Name:3 Bauhania Street (5807), Building 2, Longitude:28.184631, Latitude:-25.880877]], [attributes:[Broadband_Buildings:Broadband Ready, Building_Name:3 Bauhania Street (5808), Building 3, Longitude:28.185024, Latitude:-25.8811]], [attributes:[Broadband_Buildings:Broadband Ready, Building_Name:5 Bauhinia Street Building 22, Longitude:28.182575, Latitude:-25.882145]], [attributes:[Broadband_Buildings:Broadband Ready, Building_Name:5 Bauhinia Street Building 21, Longitude:28.182444, Latitude:-25.88194]], [attributes:[Broadband_Buildings:Broadband Ready, Building_Name:5 Bauhinia Street Building 15, Longitude:28.181927, Latitude:-25.880796]], [attributes:[Broadband_Buildings:Broadband Ready, Building_Name:5 Bauhinia Street Building 16, Longitude:28.182251, Latitude:-25.880718]], [attributes:[Broadband_Buildings:Broadband Ready, Building_Name:5 Bauhinia Street Building 18, Longitude:28.182072, Latitude:-25.88108]], [attributes:[Broadband_Buildings:Broadband Ready, Building_Name:5 Buahinia Street Building 17, Longitude:28.182335, Latitude:-25.881016]], [attributes:[Broadband_Buildings:Broadband Ready, Building_Name:5 Bauhinia Street Building 20, Longitude:28.182127, Latitude:-25.88137]], [attributes:[Broadband_Buildings:Broadband Ready, Building_Name:5 Bauhina Street Building 12, Longitude:28.18184, Latitude:-25.880377]], [attributes:[Broadband_Buildings:Broadband Ready, Building_Name:5 Bauhinia Street Building 13, Longitude:28.181595, Latitude:-25.880459]], [attributes:[Broadband_Buildings:Broadband Ready, Building_Name:5 Bauhinia Street Building 14, Longitude:28.1817, Latitude:-25.880161]], [attributes:[Broadband_Buildings:Broadband Ready, Building_Name:5 Bauhinia Street Building 10, Longitude:28.182041, Latitude:-25.880074]], [attributes:[Broadband_Buildings:Broadband Ready, Building_Name:126415 Bauhinia Street Building 9, Longitude:28.18192, Latitude:-25.879866]], [attributes:[Broadband_Buildings:Broadband Ready, Building_Name:5 Bauhinia Street (5845) Building 8, Longitude:28.182371, Latitude:-25.87959]], [attributes:[Broadband_Buildings:Broadband Ready, Building_Name:3001 William Nicol Dr (1873), Building 1, Longitude:28.019138, Latitude:-26.04642]], [attributes:[Broadband_Buildings:Broadband Ready, Building_Name:3001 William Nicol Dr (1913), Building 3, Longitude:28.018642, Latitude:-26.045532]], [attributes:[Broadband_Buildings:Broadband Ready, Building_Name:3001 William Nicol Dr (1912), Building 2, Longitude:28.018946, Latitude:-26.04583]], [attributes:[Broadband_Buildings:Broadband Ready, Building_Name:3001 William Nicol Dr (1917), Building 8, Longitude:28.017424, Latitude:-26.045872]], [attributes:[Broadband_Buildings:Broadband Ready, Building_Name:1 Georgian Crescent (318), Longitude:28.017132, Latitude:-26.041264]], [attributes:[Broadband_Buildings:Broadband Ready, Building_Name:3 Georgian Crescent (315), Longitude:28.016975, Latitude:-26.040894]], [attributes:[Broadband_Buildings:Broadband Ready, Building_Name:93 Protea Road (179) Building 2, Longitude:28.04964, Latitude:-26.116045]], [attributes:[Broadband_Buildings:Broadband Ready, Building_Name:27 Impala Road (159) Building 1, Longitude:28.051937, Latitude:-26.115152]], [attributes:[Broadband_Buildings:Broadband Ready, Building_Name:15 Fricker Road (126) 15 Fricker Road, Longitude:28.046497, Latitude:-26.132454]], [attributes:[Broadband_Buildings:Broadband Ready, Building_Name:16 Fricker Road (127) 16 Fricker Road, Longitude:28.047508, Latitude:-26.132391]], [attributes:[Broadband_Buildings:Broadband Ready, Building_Name:35 Fricker Road (143), Longitude:28.047598, Latitude:-26.127987]], [attributes:[Broadband_Buildings:Broadband Ready, Building_Name:Country Club Estate - Equity Estates (506), Woodlands Drive, Building 11, Longitude:28.082397, Latitude:-26.06073]], [attributes:[Broadband_Buildings:Broadband Ready, Building_Name:199 Bryanston Drive (216) Building B, Longitude:28.02363, Latitude:-26.046478]], [attributes:[Broadband_Buildings:Broadband Ready, Building_Name:27 Impala Road (1426) Buulding 2, Longitude:28.052439, Latitude:-26.115126]], [attributes:[Broadband_Buildings:Broadband Ready, Building_Name:17 Eaton Avenue (218), Longitude:28.02044, Latitude:-26.043663]], [attributes:[Broadband_Buildings:Broadband Ready, Building_Name:199 Bryanston Drive (3956) Building C, Longitude:28.022873, Latitude:-26.045786]], [attributes:[Broadband_Buildings:Broadband Ready, Building_Name:iLab (3549) 21E Polo Crescent (iLab), Longitude:28.087963, Latitude:-26.044119]], [attributes:[Broadband_Buildings:Broadband Ready, Building_Name:25 Quantumn Street (911) , Longitude:18.84077, Latitude:-33.965706]], [attributes:[Broadband_Buildings:Broadband Ready, Building_Name:Carpe Diem (1783) Block D, Longitude:18.83977, Latitude:-33.965405]], [attributes:[Broadband_Buildings:Broadband Ready, Building_Name:Carpe Diem (2282) Block B, Longitude:18.840202, Latitude:-33.965355]], [attributes:[Broadband_Buildings:Broadband Ready, Building_Name:cnr Techno Ave & Elekron Road (3900) , Longitude:18.836306, Latitude:-33.965977]], [attributes:[Broadband_Buildings:Broadband Ready, Building_Name:Protea Hotel (942) Building 1, Longitude:18.83425, Latitude:-33.966137]], [attributes:[Broadband_Buildings:Broadband Ready, Building_Name:Riverview Office Park (2617), Longitude:28.119722, Latitude:-25.999998]], [attributes:[Broadband_Buildings:Broadband Ready, Building_Name:Provincial Disaster Management Centre, Longitude:28.119514, Latitude:-25.99953]], [attributes:[Broadband_Buildings:Broadband Ready, Building_Name:Riverview Office Park (2619), Longitude:28.119116, Latitude:-25.999084]], [attributes:[Broadband_Buildings:Broadband Ready, Building_Name:Afriserv_Head Office, Longitude:18.433289, Latitude:-33.92042]], [attributes:[Broadband_Buildings:Broadband Ready, Building_Name:15 Girton Road (815), Longitude:28.037146, Latitude:-26.183208]], [attributes:[Broadband_Buildings:Broadband Ready, Building_Name:Glenwood Office Park (2320), Sprite Avenue, Block C, Longitude:28.289948, Latitude:-25.781666]], [attributes:[Broadband_Buildings:Broadband Ready, Building_Name:Spoormaker CT, Longitude:18.432993, Latitude:-33.92115]], [attributes:[Broadband_Buildings:Broadband Ready, Building_Name:20 Christiaan Barnard Street, Longitude:18.43271, Latitude:-33.921402]], [attributes:[Broadband_Buildings:Broadband Ready, Building_Name:ACC_Gilloolys(1164), Longitude:28.132467, Latitude:-26.175337]], [attributes:[Broadband_Buildings:Broadband Ready, Building_Name:(91362)European Gemological Laboratory, Longitude:28.132675, Latitude:-26.174732]], [attributes:[Broadband_Buildings:Broadband Ready, Building_Name:16 Kings Rd (1171), Longitude:28.13399, Latitude:-26.174227]], [attributes:[Broadband_Buildings:Broadband Ready, Building_Name:1 High Street (3406) Building 14, Longitude:18.639631, Latitude:-33.868828]], [attributes:[Broadband_Buildings:Broadband Ready, Building_Name:9 Simba Road (718) Block B, Longitude:28.067951, Latitude:-26.035082]], [attributes:[Broadband_Buildings:Broadband Ready, Building_Name:1410 Eglin Road (374) The Crescent, Longitude:28.067135, Latitude:-26.033852]], [attributes:[Broadband_Buildings:Broadband Ready, Building_Name:17 Lower Long Street, Longitude:18.425497, Latitude:-33.917107]], [attributes:[Broadband_Buildings:Broadband Ready, Building_Name:19 Fredman Drive (2909) Building 1, Longitude:28.052366, Latitude:-26.101887]], [attributes:[Broadband_Buildings:Broadband Ready, Building_Name:82 Grayston Drive (2902) Building 1, Longitude:28.053255, Latitude:-26.101082]], [attributes:[Broadband_Buildings:Broadband Ready, Building_Name:Sandown Village Office Park (4026), 18 Gwen Lane, Building 2, Longitude:28.056528, Latitude:-26.10323]], [attributes:[Broadband_Buildings:Broadband Ready, Building_Name:25 Sovereign Drive (1965), Longitude:28.258993, Latitude:-25.865135]], [attributes:[Broadband_Buildings:Broadband Ready, Building_Name:101 Sovereign Dr, Longitude:28.257954, Latitude:-25.860006]], [attributes:[Broadband_Buildings:Broadband Ready, Building_Name:36 Regency Drive (2004) Building 1, Longitude:28.256365, Latitude:-25.862555]], [attributes:[Broadband_Buildings:Broadband Ready, Building_Name:DFA Irene Data Room, Longitude:28.254944, Latitude:-25.861387]], [attributes:[Broadband_Buildings:Broadband Ready, Building_Name:55 Regency Drive (2081) Building 1, Longitude:28.254358, Latitude:-25.861612]], [attributes:[Broadband_Buildings:Broadband Ready, Building_Name:Nuskin, Longitude:28.254242, Latitude:-25.861078]], [attributes:[Broadband_Buildings:Broadband Ready, Building_Name:66 Regency Drive (2010) Bld 1, Longitude:28.255438, Latitude:-25.860607]], [attributes:[Broadband_Buildings:Broadband Ready, Building_Name:9 & 13 Regency Drive (2064) Building A, Longitude:28.257004, Latitude:-25.865128]], [attributes:[Broadband_Buildings:Broadband Ready, Building_Name:Slo- Jo Midrand (75300), Longitude:28.12336, Latitude:-26.015018]], [attributes:[Broadband_Buildings:Broadband Ready, Building_Name:98 Richards Drive (2675) Building 2, Longitude:28.123783, Latitude:-26.013998]], [attributes:[Broadband_Buildings:Broadband Ready, Building_Name:34 Impala Road (172) Building 1, Longitude:28.054226, Latitude:-26.11511]], [attributes:[Broadband_Buildings:Broadband Ready, Building_Name:24 Georgian Crescent (227) DOW HOUSE NORTH, Longitude:28.018053, Latitude:-26.039974]], [attributes:[Broadband_Buildings:Broadband Ready, Building_Name:19 - 21 Quantumn Street (1341) , Longitude:18.840988, Latitude:-33.964863]], [attributes:[Broadband_Buildings:Broadband Ready, Building_Name:21 Elektron Street (800) Building 1, Longitude:18.837399, Latitude:-33.96329]], [attributes:[Broadband_Buildings:Broadband Ready, Building_Name:Peer_Cotillion_Place_Technopark, Longitude:18.83765, Latitude:-33.966225]], [attributes:[Broadband_Buildings:Broadband Ready, Building_Name:43 Neutron Road (773) Mediclinic 1, Longitude:18.832056, Latitude:-33.964767]], [attributes:[Broadband_Buildings:Broadband Ready, Building_Name:5 Meson Close (1280) Building 1, Longitude:18.835966, Latitude:-33.96457]], [attributes:[Broadband_Buildings:Broadband Ready, Building_Name:8 Quantumn Street (821) Building 1, Longitude:18.839615, Latitude:-33.964573]], [attributes:[Broadband_Buildings:Broadband Ready, Building_Name:152 Western Service Road (2502) Block 1, Longitude:28.088726, Latitude:-26.057068]], [attributes:[Broadband_Buildings:Broadband Ready, Building_Name:145 Western Service Road (2518) Oak Place 1, Longitude:28.089897, Latitude:-26.058874]], [attributes:[Broadband_Buildings:Broadband Ready, Building_Name:145 Western Service Road (2515) Jacaranda Place 1, Longitude:28.089796, Latitude:-26.058228]], [attributes:[Broadband_Buildings:Broadband Ready, Building_Name:145 Western Service Road (2519) Yellow Wood Place 1, Longitude:28.089931, Latitude:-26.059626]], [attributes:[Broadband_Buildings:Broadband Ready, Building_Name:Peer_Girton, Longitude:28.040289, Latitude:-26.184185]], [attributes:[Broadband_Buildings:Broadband Ready, Building_Name:5 Bauhinia Street (5858), Building 21, Longitude:28.183023, Latitude:-25.88051]], [attributes:[Broadband_Buildings:Broadband Ready, Building_Name:5 Bauhinia Street (5854), Building 17, Longitude:28.182655, Latitude:-25.880156]], [attributes:[Broadband_Buildings:Broadband Ready, Building_Name:5 Bauhinia Street (5850), Building 13, Longitude:28.182514, Latitude:-25.87999]], [attributes:[Broadband_Buildings:Broadband Ready, Building_Name:5 Bauhinia Street Building 11, Longitude:28.182117, Latitude:-25.880308]], [attributes:[Broadband_Buildings:Broadband Ready, Building_Name:5 Bauhinia Street (5846) Building 9, Longitude:28.181952, Latitude:-25.879583]], [attributes:[Broadband_Buildings:Broadband Ready, Building_Name:5 Bauhina Street Building 7, Longitude:28.18205, Latitude:-25.879385]], [attributes:[Broadband_Buildings:Broadband Ready, Building_Name:5 Bauhina Street Building 6, Longitude:28.182169, Latitude:-25.87917]], [attributes:[Broadband_Buildings:Broadband Ready, Building_Name:5 Bauhinia Street Building 5, Longitude:28.182573, Latitude:-25.878885]], [attributes:[Broadband_Buildings:Broadband Ready, Building_Name:5 Bauhinia Street Building 4, Longitude:28.18279, Latitude:-25.878805]], [attributes:[Broadband_Buildings:Broadband Ready, Building_Name:5 Bauhina Street Building 3, Longitude:28.183006, Latitude:-25.878565]], [attributes:[Broadband_Buildings:Broadband Ready, Building_Name:5 Bauhinia Street Building 2, Longitude:28.18312, Latitude:-25.878313]], [attributes:[Broadband_Buildings:Broadband Ready, Building_Name:5 Bauhinia Street Building 1, Longitude:28.183199, Latitude:-25.87812]], [attributes:[Broadband_Buildings:Broadband Ready, Building_Name:92 Richards Drive (2441), Building 1, Longitude:28.12322, Latitude:-26.0131]], [attributes:[Broadband_Buildings:Broadband Ready, Building_Name:6 Coombe Place  (628) Building 9, Longitude:28.057655, Latitude:-26.03915]], [attributes:[Broadband_Buildings:Broadband Ready, Building_Name:16 Fredman Drive (4038) Building 1, Longitude:28.052023, Latitude:-26.103971]], [attributes:[Broadband_Buildings:Broadband Ready, Building_Name:37-41 Homestead Avenue (4239),  Block G, Longitude:28.055819, Latitude:-26.04741]], [attributes:[Broadband_Buildings:Broadband Ready, Building_Name:Lomac Park (2467), 122 Richards Dr, Building 1, Longitude:28.121044, Latitude:-26.016108]], [attributes:[Broadband_Buildings:Broadband Ready, Building_Name:17 Muswell (Redefine) (194) TudorTech, Longitude:28.022385, Latitude:-26.049757]], [attributes:[Broadband_Buildings:Broadband Ready, Building_Name:40 Bath Avenue (2814), Longitude:28.04135, Latitude:-26.148432]], [attributes:[Broadband_Buildings:Broadband Ready, Building_Name:45 Homestead Avenue (248) Merton Place, Longitude:28.057924, Latitude:-26.04599]], [attributes:[Broadband_Buildings:Broadband Ready, Building_Name:27 Impala Road (1427) Building 3, Longitude:28.052303, Latitude:-26.114815]], [attributes:[Broadband_Buildings:Broadband Ready, Building_Name:2 Mellis Road (292) MediMark House, Longitude:28.058407, Latitude:-26.044659]], [attributes:[Broadband_Buildings:Broadband Ready, Building_Name:1 Mellis Road (885) Cornerstone House, Longitude:28.058279, Latitude:-26.045614]], [attributes:[Broadband_Buildings:Broadband Ready, Building_Name:15 Sloane Road (320), Longitude:28.015715, Latitude:-26.041279]], [attributes:[Broadband_Buildings:Broadband Ready, Building_Name:193 Bryanston Drive (207) Block E, Longitude:28.020193, Latitude:-26.046099]], [attributes:[Broadband_Buildings:Broadband Ready, Building_Name:10 Saddle Drive (1831) Building 1, Longitude:28.0898, Latitude:-26.046932]], [attributes:[Broadband_Buildings:Broadband Ready, Building_Name:14 Fricker Road (125) 14 Fricker Road, Longitude:28.04739, Latitude:-26.132946]], [attributes:[Broadband_Buildings:Broadband Ready, Building_Name:Country Club Estate - Equity Estates (503), Woodlands Drive, Building 8, Longitude:28.082466, Latitude:-26.0603]], [attributes:[Broadband_Buildings:Broadband Ready, Building_Name:Discover Digital, Longitude:28.08414, Latitude:-26.057135]], [attributes:[Broadband_Buildings:Broadband Ready, Building_Name:Montclare Place (390), Longitude:18.46571, Latitude:-33.97752]], [attributes:[Broadband_Buildings:Broadband Ready, Building_Name:6 Eaton Avenue (214) Building 1, Longitude:28.021679, Latitude:-26.046143]], [attributes:[Broadband_Buildings:Broadband Ready, Building_Name:The Oval (747) Building 4, Longitude:18.460314, Latitude:-33.979767]], [attributes:[Broadband_Buildings:Broadband Ready, Building_Name:The Oval (749) Building 5, Longitude:18.46018, Latitude:-33.98]], [attributes:[Broadband_Buildings:Broadband Ready, Building_Name:The Oval (748) Building 6, Longitude:18.459908, Latitude:-33.98017]], [attributes:[Broadband_Buildings:Broadband Ready, Building_Name:The Oval (391), Longitude:18.45963, Latitude:-33.980267]], [attributes:[Broadband_Buildings:Broadband Ready, Building_Name:3 Stirrup Lane (3953) 3 Stirrup Lane, Longitude:28.088507, Latitude:-26.048445]], [attributes:[Broadband_Buildings:Broadband Ready, Building_Name:26 Stirrup Lane (1854), Building 1, Longitude:28.089079, Latitude:-26.046734]], [attributes:[Broadband_Buildings:Broadband Ready, Building_Name:3 Saddle Drive (1857), Building 1, Longitude:28.088984, Latitude:-26.047968]], [attributes:[Broadband_Buildings:Broadband Ready, Building_Name:12 Saddle Drive (1834), Building 1, Longitude:28.08983, Latitude:-26.046364]], [attributes:[Broadband_Buildings:Broadband Ready, Building_Name:26 Wellington Road (789) Building 1, Longitude:28.037886, Latitude:-26.184872]], [attributes:[Broadband_Buildings:Broadband Ready, Building_Name:15 Elektron Street (822) Building 1, Longitude:18.838064, Latitude:-33.96392]], [attributes:[Broadband_Buildings:Broadband Ready, Building_Name:15 Thermo Street (1343), Longitude:18.838785, Latitude:-33.965015]], [attributes:[Broadband_Buildings:Broadband Ready, Building_Name:15-21 Neutron Avenue (2197) Block B, Longitude:18.83038, Latitude:-33.965904]], [attributes:[Broadband_Buildings:Broadband Ready, Building_Name:Quantum House (Six on Quantum) (752) Quantum House 1, Longitude:18.839025, Latitude:-33.964664]], [attributes:[Broadband_Buildings:Broadband Ready, Building_Name:Rhino House (760), Longitude:18.841002, Latitude:-33.965324]], [attributes:[Broadband_Buildings:Broadband Ready, Building_Name:6 Woodland Drive (2512) Block E, Longitude:28.08717, Latitude:-26.057856]], [attributes:[Broadband_Buildings:Broadband Ready, Building_Name:6 Woodland Drive (2508) Block A, Longitude:28.086615, Latitude:-26.057495]], [attributes:[Broadband_Buildings:Broadband Ready, Building_Name:145 Western Service Road (2517) Maple Place North 2, Longitude:28.090004, Latitude:-26.060686]], [attributes:[Broadband_Buildings:Broadband Ready, Building_Name:145 Western Service Road (2667) Maple Place South, Longitude:28.09009, Latitude:-26.061058]], [attributes:[Broadband_Buildings:Broadband Ready, Building_Name:140 Western Service Rd (2494) Ashwood Place 1, Longitude:28.08968, Latitude:-26.062048]], [attributes:[Broadband_Buildings:Broadband Ready, Building_Name:21 Wellington Road (816) , Longitude:28.037483, Latitude:-26.183975]], [attributes:[Broadband_Buildings:Broadband Ready, Building_Name:20 Girton Road (817) , Longitude:28.036749, Latitude:-26.184147]], [attributes:[Broadband_Buildings:Broadband Ready, Building_Name:Ballywoods Office Park (564) Ironwood House, Longitude:28.030252, Latitude:-26.074091]], [attributes:[Broadband_Buildings:Broadband Ready, Building_Name:Bateleur Office Park (2730) Building 3, Longitude:18.640247, Latitude:-33.869812]], [attributes:[Broadband_Buildings:Broadband Ready, Building_Name:Bateleur Office Park (2731) Building 4, Longitude:18.640543, Latitude:-33.86986]], [attributes:[Broadband_Buildings:Broadband Ready, Building_Name:Harrowdene Office Park (1502) Building 9, Longitude:28.087503, Latitude:-26.064888]], [attributes:[Broadband_Buildings:Broadband Ready, Building_Name:Woodmead Estate (3942), 1 Woodmead Drive, Woodmead, Johannesburg, Building 4, Longitude:28.088932, Latitude:-26.051394]], [attributes:[Broadband_Buildings:Broadband Ready, Building_Name:Woodmead Estate (3943), 1 Woodmead Drive, Woodmead, Johannesburg, Building 5, Longitude:28.089457, Latitude:-26.051336]], [attributes:[Broadband_Buildings:Broadband Ready, Building_Name:Woodmead Estate (3944) Building 6, Longitude:28.089571, Latitude:-26.051777]], [attributes:[Broadband_Buildings:Broadband Ready, Building_Name:1 Scott Str (1717) Block B2, Longitude:28.070307, Latitude:-26.134716]], [attributes:[Broadband_Buildings:Broadband Ready, Building_Name:33 Jack Craig Street (3103), Longitude:18.431967, Latitude:-33.920853]], [attributes:[Broadband_Buildings:Broadband Ready, Building_Name:24 Bella Rosa (2713) Building 1, Longitude:18.640259, Latitude:-33.86614]], [attributes:[Broadband_Buildings:Broadband Ready, Building_Name:296 Kent Ave, Longitude:27.999517, Latitude:-26.09499]], [attributes:[Broadband_Buildings:Broadband Ready, Building_Name:Sunbird Office Park (2754) Building 2, Longitude:18.640657, Latitude:-33.87002]], [attributes:[Broadband_Buildings:Broadband Ready, Building_Name:3 Simba Road (381) Lubedo House, Longitude:28.068558, Latitude:-26.03535]], [attributes:[Broadband_Buildings:Broadband Ready, Building_Name:6 Kikuyu Street (368) Building 1, Longitude:28.062315, Latitude:-26.034508]], [attributes:[Broadband_Buildings:Broadband Ready, Building_Name:9 Simba Road (719) Block C, Longitude:28.067118, Latitude:-26.035204]], [attributes:[Broadband_Buildings:Broadband Ready, Building_Name:9 Simba Road (382) Block A, Longitude:28.067638, Latitude:-26.035702]], [attributes:[Broadband_Buildings:Broadband Ready, Building_Name:3 Eglin Road (589) Back building, Longitude:28.068857, Latitude:-26.032589]], [attributes:[Broadband_Buildings:Broadband Ready, Building_Name:Peer_Sunninghill, Longitude:28.068106, Latitude:-26.03307]], [attributes:[Broadband_Buildings:Broadband Ready, Building_Name:7 Navisha Road (376), Longitude:28.063858, Latitude:-26.03203]], [attributes:[Broadband_Buildings:Broadband Ready, Building_Name:4 Kikuyu Street (655) Stokvel Place, Longitude:28.062115, Latitude:-26.035192]], [attributes:[Broadband_Buildings:Broadband Ready, Building_Name:151 Katherine Street (934) Vunani House, Longitude:28.073153, Latitude:-26.100286]], [attributes:[Broadband_Buildings:Broadband Ready, Building_Name:22 Westbrooke Drive (1323) , Longitude:28.074114, Latitude:-26.09979]], [attributes:[Broadband_Buildings:Broadband Ready, Building_Name:ACC_Randburg_City, Longitude:27.999887, Latitude:-26.092901]], [attributes:[Broadband_Buildings:Broadband Ready, Building_Name:Groenewald Lubbe & Associates, Longitude:27.998554, Latitude:-26.095722]], [attributes:[Broadband_Buildings:Broadband Ready, Building_Name:252 Oak Ave (667) Block 6, Longitude:28.00047, Latitude:-26.10024]], [attributes:[Broadband_Buildings:Broadband Ready, Building_Name:252 Oak Ave (669) Block 7, Longitude:28.000427, Latitude:-26.100441]], [attributes:[Broadband_Buildings:Broadband Ready, Building_Name:252 Oak Ave (684) Block 11, Longitude:27.999878, Latitude:-26.100348]], [attributes:[Broadband_Buildings:Broadband Ready, Building_Name:252 Oak Ave (513) Block 1, Longitude:27.999748, Latitude:-26.10013]], [attributes:[Broadband_Buildings:Broadband Ready, Building_Name:252 Oak Ave (663) Block 2, Longitude:27.99971, Latitude:-26.100323]], [attributes:[Broadband_Buildings:Broadband Ready, Building_Name:252 Oak Ave (664) Block 3, Longitude:28.000023, Latitude:-26.100372]], [attributes:[Broadband_Buildings:Broadband Ready, Building_Name:248 Kent Avenue (736),  Block 9, Longitude:27.998732, Latitude:-26.099827]], [attributes:[Broadband_Buildings:Broadband Ready, Building_Name:248 Kent Avenue (737),  Block 10, Longitude:27.998533, Latitude:-26.099798]], [attributes:[Broadband_Buildings:Broadband Ready, Building_Name:248 Kent Avenue (738),  Block 11, Longitude:27.998974, Latitude:-26.099863]], [attributes:[Broadband_Buildings:Broadband Ready, Building_Name:248 Kent Avenue (739),  Block 12, Longitude:27.99823, Latitude:-26.100002]], [attributes:[Broadband_Buildings:Broadband Ready, Building_Name:5-7 Merchant Place (3921) Building 1, Longitude:28.05544, Latitude:-26.100796]], [attributes:[Broadband_Buildings:Broadband Ready, Building_Name:25 Sovereign Drive, Longitude:28.258743, Latitude:-25.865023]], [attributes:[Broadband_Buildings:Broadband Ready, Building_Name:97 Sovereign Drive (1971) Building 3, Longitude:28.2581, Latitude:-25.86046]], [attributes:[Broadband_Buildings:Broadband Ready, Building_Name:97 Sovereign Drive (1972) Building 4, Longitude:28.257881, Latitude:-25.860493]], [attributes:[Broadband_Buildings:Broadband Ready, Building_Name:98 Sovereign Drive (1977), Building 1, Longitude:28.257238, Latitude:-25.860489]], [attributes:[Broadband_Buildings:Broadband Ready, Building_Name:491 James Crescent (2174) Building 2, Longitude:28.122711, Latitude:-26.008146]], [attributes:[Broadband_Buildings:Broadband Ready, Building_Name:491 James Crescent (2173) Building 1, Longitude:28.1224, Latitude:-26.008068]], [attributes:[Broadband_Buildings:Broadband Ready, Building_Name:17 James Crescent (2187) Building 1, Longitude:28.12481, Latitude:-26.007141]], [attributes:[Broadband_Buildings:Broadband Ready, Building_Name:31 Gallagher Avenue (4099) Building 3, Longitude:28.126446, Latitude:-26.000391]], [attributes:[Broadband_Buildings:Broadband Ready, Building_Name:31 Gallagher Avenue (4100) Building 4, Longitude:28.126072, Latitude:-26.000393]], [attributes:[Broadband_Buildings:Broadband Ready, Building_Name:628 James Crescent (2155) Building 1, Longitude:28.127052, Latitude:-26.003778]], [attributes:[Broadband_Buildings:Broadband Ready, Building_Name:628 James Crescent (2161) Building 7, Longitude:28.126078, Latitude:-26.005089]], [attributes:[Broadband_Buildings:Broadband Ready, Building_Name:628 James Crescent (2162) Building 8, Longitude:28.12753, Latitude:-26.0056]], [attributes:[Broadband_Buildings:Broadband Ready, Building_Name:629 James Crescent (2164) Building 1, Longitude:28.124973, Latitude:-26.00556]], [attributes:[Broadband_Buildings:Broadband Ready, Building_Name:657 James Crescent (2166) Building 1, Longitude:28.12452, Latitude:-26.0049]], [attributes:[Broadband_Buildings:Broadband Ready, Building_Name:Aggr_James Crescent, Longitude:28.127003, Latitude:-26.00287]], [attributes:[Broadband_Buildings:Broadband Ready, Building_Name:688 Gallagher Avenue (2190) Building A, Longitude:28.127287, Latitude:-26.002718]], [attributes:[Broadband_Buildings:Broadband Ready, Building_Name:St James Commercial Park (2184) Building 2, Longitude:28.123611, Latitude:-26.00765]], [attributes:[Broadband_Buildings:Broadband Ready, Building_Name:138 Frikkie De Beer (2354) Building 6, Longitude:28.279179, Latitude:-25.782654]], [attributes:[Broadband_Buildings:Broadband Ready, Building_Name:Menlyn Corporate Park (2359) Building 2, Longitude:28.27831, Latitude:-25.78926]], [attributes:[Broadband_Buildings:Broadband Ready, Building_Name:138 Frikkie De Beer (2351) Building 3, Longitude:28.279516, Latitude:-25.783228]], [attributes:[Broadband_Buildings:Broadband Ready, Building_Name:Eskom and Menlyn Office Park (2370) Building 1, Longitude:28.2751, Latitude:-25.78542]], [attributes:[Broadband_Buildings:Broadband Ready, Building_Name:40 Ingersol Road (2375) Building 1, Longitude:28.276682, Latitude:-25.780018]], [attributes:[Broadband_Buildings:Broadband Ready, Building_Name:EPI (2348) Building 2, Longitude:28.278076, Latitude:-25.779882]], [attributes:[Broadband_Buildings:Broadband Ready, Building_Name:83 Lois Avenue, Longitude:28.278605, Latitude:-25.780703]], [attributes:[Broadband_Buildings:Broadband Ready, Building_Name:169 Corobay Avenue (2346) Building 1, Longitude:28.27895, Latitude:-25.787592]], [attributes:[Broadband_Buildings:Broadband Ready, Building_Name:138 Frikkie De Beer (2353) Building 5, Longitude:28.278578, Latitude:-25.78291]], [attributes:[Broadband_Buildings:Broadband Ready, Building_Name:Menlyn Retail Park (2364) Building 2, Longitude:28.278008, Latitude:-25.7871]], [attributes:[Broadband_Buildings:Broadband Ready, Building_Name:138 Frikkie De Beer (2350) Building 2, Longitude:28.278767, Latitude:-25.783207]], [attributes:[Broadband_Buildings:Broadband Ready, Building_Name:Menlyn Corner (2357) Building 2, Longitude:28.27805, Latitude:-25.783052]], [attributes:[Broadband_Buildings:Broadband Ready, Building_Name:Menlyn Corporate Park (2360) Building 3, Longitude:28.278656, Latitude:-25.789495]], [attributes:[Broadband_Buildings:Broadband Ready, Building_Name:33 Richards Drive (2145) Building 3, Longitude:28.125246, Latitude:-26.00825]], [attributes:[Broadband_Buildings:Broadband Ready, Building_Name:37 Richards Drive (2135) Building 2, Longitude:28.124338, Latitude:-26.009912]], [attributes:[Broadband_Buildings:Broadband Ready, Building_Name:37 Richards Drive (2134) Building 1, Longitude:28.123863, Latitude:-26.009748]], [attributes:[Broadband_Buildings:Broadband Ready, Building_Name:39 Richards Drive (2137) Building 1, Longitude:28.123617, Latitude:-26.01032]], [attributes:[Broadband_Buildings:Broadband Ready, Building_Name:39 Richards Drive (2138) Building 2, Longitude:28.123367, Latitude:-26.010033]], [attributes:[Broadband_Buildings:Broadband Ready, Building_Name:628 James Crescent (2159) Building 5, Longitude:28.126204, Latitude:-26.003984]], [attributes:[Broadband_Buildings:Broadband Ready, Building_Name:628 James Crescent (2157) Building 3, Longitude:28.127024, Latitude:-26.004602]], [attributes:[Broadband_Buildings:Broadband Ready, Building_Name:Peer_Ann Crescent, Longitude:28.069635, Latitude:-26.100794]], [attributes:[Broadband_Buildings:Broadband Ready, Building_Name:150 Linden Street (929) Block E, Longitude:28.070492, Latitude:-26.100288]], [attributes:[Broadband_Buildings:Broadband Ready, Building_Name:3 Palmboom Place (931) 3 Palmboom Place, Longitude:28.071693, Latitude:-26.102352]], [attributes:[Broadband_Buildings:Broadband Ready, Building_Name:128 Peter Road (921) Coffee Shop, Longitude:28.070621, Latitude:-26.101522]], [attributes:[Broadband_Buildings:Broadband Ready, Building_Name:150 Linden Street (1346) Block F, Longitude:28.07104, Latitude:-26.10039]], [attributes:[Broadband_Buildings:Broadband Ready, Building_Name:Re'aan Swanepoel (92303), Longitude:27.93941, Latitude:-26.1367]], [attributes:[Broadband_Buildings:Broadband Ready, Building_Name:3 Dudley Road, Longitude:28.034964, Latitude:-26.154491]], [attributes:[Broadband_Buildings:Broadband Ready, Building_Name:The Tank, Longitude:31.203785, Latitude:-29.529615]], [attributes:[Broadband_Buildings:Broadband Ready, Building_Name:Protea Mews (92124), Longitude:28.129652, Latitude:-25.954086]], [attributes:[Broadband_Buildings:Broadband Ready, Building_Name:Apple Property, Longitude:29.241655, Latitude:-25.875656]], [attributes:[Broadband_Buildings:Broadband Ready, Building_Name:16 Culross Road (1869) South Building, Longitude:28.023504, Latitude:-26.045338]], [attributes:[Broadband_Buildings:Broadband Ready, Building_Name:213 Richards Street (2982) Building 1, Longitude:28.243876, Latitude:-25.742895]], [attributes:[Broadband_Buildings:Broadband Ready, Building_Name:13 Jellicoe Avenue (3989) Building 1, Longitude:28.039099, Latitude:-26.142382]], [attributes:[Broadband_Buildings:Broadband Ready, Building_Name:23 Jellicoe Ave (2878), Longitude:28.04086, Latitude:-26.142282]], [attributes:[Broadband_Buildings:Broadband Ready, Building_Name:19 Pieter Str (1258), Longitude:28.187847, Latitude:-25.870176]], [attributes:[Broadband_Buildings:Broadband Ready, Building_Name:26-28 Edington Crescent (1272), Longitude:28.179771, Latitude:-25.873745]], [attributes:[Broadband_Buildings:Broadband Ready, Building_Name:200 Witch-Hazel Ave (1275) , Longitude:28.181337, Latitude:-25.874058]], [attributes:[Broadband_Buildings:Broadband Ready, Building_Name:1 Hood Avenue (2970) Presidents Place, Longitude:28.035366, Latitude:-26.148533]], [attributes:[Broadband_Buildings:Broadband Ready, Building_Name:14 Sturdee Avenue (3522) Building 1, Longitude:28.039326, Latitude:-26.146269]], [attributes:[Broadband_Buildings:Broadband Ready, Building_Name:14 Keyes Avenue (2995) Building 1, Longitude:28.037529, Latitude:-26.144651]], [attributes:[Broadband_Buildings:Broadband Ready, Building_Name:The Terraces (2536) Block H, Longitude:18.434036, Latitude:-34.08065]], [attributes:[Broadband_Buildings:Broadband Ready, Building_Name:The Terraces (2537) Block I, Longitude:18.434278, Latitude:-34.08078]], [attributes:[Broadband_Buildings:Broadband Ready, Building_Name:Grapevine House (2523) Building 1, Longitude:18.437607, Latitude:-34.082302]], [attributes:[Broadband_Buildings:Broadband Ready, Building_Name:Silverwood House (2526) Block A, Longitude:18.438375, Latitude:-34.082226]], [attributes:[Broadband_Buildings:Broadband Ready, Building_Name:Acacia Park (2836), Cranberry Crescent, Building 2, Longitude:28.128294, Latitude:-26.012005]], [attributes:[Broadband_Buildings:Broadband Ready, Building_Name:Acacia Park (2418) Building 1, Longitude:28.128668, Latitude:-26.011637]], [attributes:[Broadband_Buildings:Broadband Ready, Building_Name:82 Capital Hill (2837), Building 2, Longitude:28.127783, Latitude:-26.01139]], [attributes:[Broadband_Buildings:Broadband Ready, Building_Name:41 Peter Place (405), Longitude:28.020731, Latitude:-26.081623]], [attributes:[Broadband_Buildings:Broadband Ready, Building_Name:4 Karen Street (689)  Block 2, Longitude:28.018957, Latitude:-26.080952]], [attributes:[Broadband_Buildings:Broadband Ready, Building_Name:4 Karen Street (690)  Block 3, Longitude:28.018656, Latitude:-26.08062]], [attributes:[Broadband_Buildings:Broadband Ready, Building_Name:16 Peter Place (429), Longitude:28.013302, Latitude:-26.080116]], [attributes:[Broadband_Buildings:Broadband Ready, Building_Name:170 Curzon Road (781)  Block 5, Longitude:28.011614, Latitude:-26.075172]], [attributes:[Broadband_Buildings:Broadband Ready, Building_Name:Design Quarter District (2390), Leslie Avenue, Building 9, Longitude:28.013296, Latitude:-26.031906]], [attributes:[Broadband_Buildings:Broadband Ready, Building_Name:BAU - Interfile, Longitude:28.012318, Latitude:-26.031996]], [attributes:[Broadband_Buildings:Broadband Ready, Building_Name:Little Fourways Office Park (2392) Block A, Longitude:28.012184, Latitude:-26.032928]], [attributes:[Broadband_Buildings:Broadband Ready, Building_Name:Rocketseed, Longitude:28.0126, Latitude:-26.032814]], [attributes:[Broadband_Buildings:Broadband Ready, Building_Name:95 Grayston Drive (4035) Building 1, Longitude:28.056635, Latitude:-26.097935]], [attributes:[Broadband_Buildings:Broadband Ready, Building_Name:Victoria Body Corp, Longitude:28.256092, Latitude:-25.86052]], [attributes:[Broadband_Buildings:Broadband Ready, Building_Name:84 Edward Road (3508), Longitude:18.635534, Latitude:-33.882195]], [attributes:[Broadband_Buildings:Broadband Ready, Building_Name:185 Old Pretoria Road (4103) Building 1, Longitude:28.125916, Latitude:-26.001675]], [attributes:[Broadband_Buildings:Broadband Ready, Building_Name:31 Gallagher Avenue (4097) Building 1, Longitude:28.126898, Latitude:-26.000605]], [attributes:[Broadband_Buildings:Broadband Ready, Building_Name:31 Gallagher Avenue (4098) Building 2, Longitude:28.126095, Latitude:-26.000727]], [attributes:[Broadband_Buildings:Broadband Ready, Building_Name:38 ingersol road (2345) Building 1, Longitude:28.276327, Latitude:-25.78003]], [attributes:[Broadband_Buildings:Broadband Ready, Building_Name:42 Ingersol (2341) Building 1, Longitude:28.277021, Latitude:-25.780033]], [attributes:[Broadband_Buildings:Broadband Ready, Building_Name:112 Richards Drive (2456) Building 1, Longitude:28.121595, Latitude:-26.014736]], [attributes:[Broadband_Buildings:Broadband Ready, Building_Name:Peer_Arnold, Longitude:28.041676, Latitude:-26.148893]], [attributes:[Broadband_Buildings:Broadband Ready, Building_Name:5 Cradock Avenue (261), Longitude:28.042482, Latitude:-26.148785]], [attributes:[Broadband_Buildings:Broadband Ready, Building_Name:37-41 Homestead Avenue (237),  Block B, Longitude:28.056503, Latitude:-26.047842]], [attributes:[Broadband_Buildings:Broadband Ready, Building_Name:37-41 Homestead Avenue (238),  Block C, Longitude:28.05596, Latitude:-26.048054]], [attributes:[Broadband_Buildings:Broadband Ready, Building_Name:9 Georgain Crescent (438), Longitude:28.016527, Latitude:-26.040613]], [attributes:[Broadband_Buildings:Broadband Ready, Building_Name:15 Sloane Rd (668), Building 2, Longitude:28.015812, Latitude:-26.040836]], [attributes:[Broadband_Buildings:Broadband Ready, Building_Name:20 Georgian Crescent (321), Longitude:28.018518, Latitude:-26.039356]], [attributes:[Broadband_Buildings:Broadband Ready, Building_Name:7A Georgian Crescent (312), 7A Georgian Crescent, Longitude:28.016794, Latitude:-26.040527]], [attributes:[Broadband_Buildings:Broadband Ready, Building_Name:193 Bryanston Drive (203) Block A, Longitude:28.021152, Latitude:-26.046724]], [attributes:[Broadband_Buildings:Broadband Ready, Building_Name:18 Fricker Road (148) , Longitude:28.047562, Latitude:-26.131628]], [attributes:[Broadband_Buildings:Broadband Ready, Building_Name:17 Fricker Road (128) Block A, Longitude:28.046743, Latitude:-26.131487]], [attributes:[Broadband_Buildings:Broadband Ready, Building_Name:39 Fricker Road (144) Building 1, Longitude:28.047766, Latitude:-26.12728]], [attributes:[Broadband_Buildings:Broadband Ready, Building_Name:Alstom Woodmead, Longitude:28.082664, Latitude:-26.05981]], [attributes:[Broadband_Buildings:Broadband Ready, Building_Name:Country Club Estate - Equity Estates (501), Woodlands Drive, Building 6, Longitude:28.082842, Latitude:-26.059282]], [attributes:[Broadband_Buildings:Broadband Ready, Building_Name:66 Main Road (1464), Longitude:18.464714, Latitude:-33.978535]], [attributes:[Broadband_Buildings:Broadband Ready, Building_Name:Albury Office Park (277) Building 5, Longitude:28.030823, Latitude:-26.124329]], [attributes:[Broadband_Buildings:Broadband Ready, Building_Name:1 Stirrup Lane (1830), Building 1, Longitude:28.088428, Latitude:-26.048752]], [attributes:[Broadband_Buildings:Broadband Ready, Building_Name:24 Saddle Drive (1851), Building 1, Longitude:28.089844, Latitude:-26.044907]], [attributes:[Broadband_Buildings:Broadband Ready, Building_Name:20 Saddle Drive (1844), Building 1, Longitude:28.089851, Latitude:-26.045515]], [attributes:[Broadband_Buildings:Broadband Ready, Building_Name:15-21 Neutron Avenue (754) Capital Place 1, Longitude:18.830046, Latitude:-33.966476]], [attributes:[Broadband_Buildings:Broadband Ready, Building_Name:3 Meson Street (3901), Longitude:18.83584, Latitude:-33.965435]], [attributes:[Broadband_Buildings:Broadband Ready, Building_Name:6 Woodland Drive (2511) Block D, Longitude:28.086378, Latitude:-26.058064]], [attributes:[Broadband_Buildings:Broadband Ready, Building_Name: DFHS_Woodmead VDC (92890) , Longitude:28.088968, Latitude:-26.059788]], [attributes:[Broadband_Buildings:Broadband Ready, Building_Name:140 Western Service Rd (2495) Ashwood Place 2, Longitude:28.089197, Latitude:-26.062141]], [attributes:[Broadband_Buildings:Broadband Ready, Building_Name:140 Western Service Rd (2678) Ashwood Place 3, Longitude:28.089432, Latitude:-26.061705]], [attributes:[Broadband_Buildings:Broadband Ready, Building_Name:Riverview Office Park (2620), Longitude:28.118715, Latitude:-25.99866]], [attributes:[Broadband_Buildings:Broadband Ready, Building_Name:15 Wellington Road (871) Building 1, Longitude:28.03609, Latitude:-26.184227]], [attributes:[Broadband_Buildings:Broadband Ready, Building_Name:The Office, Office Park (2327) Block B, Longitude:28.292456, Latitude:-25.779442]], [attributes:[Broadband_Buildings:Broadband Ready, Building_Name:Woodlands Office Park (2843), Longitude:28.087088, Latitude:-26.063162]], [attributes:[Broadband_Buildings:Broadband Ready, Building_Name:Harrowdene Office Park (3962) Entrance Gate 1, Longitude:28.085873, Latitude:-26.066813]], [attributes:[Broadband_Buildings:Broadband Ready, Building_Name:Harrowdene Office Park (1505) Building 12, Longitude:28.087236, Latitude:-26.064255]], [attributes:[Broadband_Buildings:Broadband Ready, Building_Name:Woodmead Estate (3939), 1 Woodmead Drive, Woodmead, Johannesburg, Building 1, Longitude:28.089493, Latitude:-26.052313]], [attributes:[Broadband_Buildings:Broadband Ready, Building_Name:Woodmead Estate (3940), 1 Woodmead Drive, Woodmead, Johannesburg, Building 2, Longitude:28.088873, Latitude:-26.05258]], [attributes:[Broadband_Buildings:Broadband Ready, Building_Name:Woodmead Estate (3941), 1 Woodmead Drive, Woodmead, Johannesburg, Building 3, Longitude:28.08888, Latitude:-26.052013]], [attributes:[Broadband_Buildings:Broadband Ready, Building_Name:Woodmead Estate (3945), 1 Woodmead Drive, Woodmead, Johannesburg, Building 7, Longitude:28.089462, Latitude:-26.053574]], [attributes:[Broadband_Buildings:Broadband Ready, Building_Name:19 Louis Gradner Street / ACC_Fore_Trust, Longitude:18.432346, Latitude:-33.92053]], [attributes:[Broadband_Buildings:Broadband Ready, Building_Name:Munich Reinsurance Company_CPT, Longitude:18.42632, Latitude:-33.916515]], [attributes:[Broadband_Buildings:Broadband Ready, Building_Name:St Benedicts College(1515), Longitude:28.135391, Latitude:-26.174215]], [attributes:[Broadband_Buildings:Broadband Ready, Building_Name:1 Rogers Street (2720) Building 1, Longitude:18.639431, Latitude:-33.870464]], [attributes:[Broadband_Buildings:Broadband Ready, Building_Name:3 High Street (3820) Building 1, Longitude:18.639753, Latitude:-33.86831]], [attributes:[Broadband_Buildings:Broadband Ready, Building_Name:Sunbird Office Park (2755) Building 3, Longitude:18.64061, Latitude:-33.870228]], [attributes:[Broadband_Buildings:Broadband Ready, Building_Name:164 Katherine Street (1325) Block A, Longitude:28.074644, Latitude:-26.101442]], [attributes:[Broadband_Buildings:Broadband Ready, Building_Name:135 Patricia Rd (1337) Block 3, Longitude:28.068985, Latitude:-26.105465]], [attributes:[Broadband_Buildings:Broadband Ready, Building_Name:135 Patricia Rd (1335) Block 1, Longitude:28.069757, Latitude:-26.105165]], [attributes:[Broadband_Buildings:Broadband Ready, Building_Name:299 Surrey Avenue (579), Longitude:27.998896, Latitude:-26.094475]], [attributes:[Broadband_Buildings:Broadband Ready, Building_Name:271 Surrey Avenue (576), Longitude:27.998276, Latitude:-26.0976]], [attributes:[Broadband_Buildings:Broadband Ready, Building_Name:261 Surrey Avenue (575), Longitude:27.997879, Latitude:-26.098873]], [attributes:[Broadband_Buildings:Broadband Ready, Building_Name:264 Kent Avenue (574), Longitude:27.998802, Latitude:-26.09865]], [attributes:[Broadband_Buildings:Broadband Ready, Building_Name:JSE (2892) 1 Exchange Square, Longitude:28.05758, Latitude:-26.10297]], [attributes:[Broadband_Buildings:Broadband Ready, Building_Name:4 Fredman Drive (2991) Building 1, Longitude:28.057287, Latitude:-26.102137]], [attributes:[Broadband_Buildings:Broadband Ready, Building_Name:100 Rivonia Road (4030) Building 1, Longitude:28.05701, Latitude:-26.109106]], [attributes:[Broadband_Buildings:Broadband Ready, Building_Name:75 Grayston Drive (2910) Building 1, Longitude:28.050875, Latitude:-26.100014]], [attributes:[Broadband_Buildings:Broadband Ready, Building_Name:3 Protea Place (4034), Building 1, Longitude:28.0536, Latitude:-26.103277]], [attributes:[Broadband_Buildings:Broadband Ready, Building_Name:35 Selati Road (2659) Building 1, Longitude:28.265053, Latitude:-25.78221]], [attributes:[Broadband_Buildings:Broadband Ready, Building_Name:RiverwalkOfficePark (PIC) (2651) Block 4, Longitude:28.269768, Latitude:-25.7833]], [attributes:[Broadband_Buildings:Broadband Ready, Building_Name:169 Garsfontein Road (2645) Block C, Longitude:28.264935, Latitude:-25.784569]], [attributes:[Broadband_Buildings:Broadband Ready, Building_Name:AshleaGarden OfficePark (2638) Block 3, Longitude:28.266125, Latitude:-25.783705]], [attributes:[Broadband_Buildings:Broadband Ready, Building_Name:AshleaGarden OfficePark (2639) Block 4, Longitude:28.26643, Latitude:-25.783796]], [attributes:[Broadband_Buildings:Broadband Ready, Building_Name:AshleaGarden OfficePark (2641) Block 6, Longitude:28.266804, Latitude:-25.783854]], [attributes:[Broadband_Buildings:Broadband Ready, Building_Name:97 Sovereign Drive (1969) Building 1, Longitude:28.257902, Latitude:-25.860336]], [attributes:[Broadband_Buildings:Broadband Ready, Building_Name:97 Sovereign Drive (1970) Building 2, Longitude:28.258123, Latitude:-25.860304]], [attributes:[Broadband_Buildings:Broadband Ready, Building_Name:63 Regency Drive (3971), Building 3, Longitude:28.254122, Latitude:-25.860798]], [attributes:[Broadband_Buildings:Broadband Ready, Building_Name:9 & 13 Regency Drive (2067) Building D, Longitude:28.25652, Latitude:-25.865503]], [attributes:[Broadband_Buildings:Broadband Ready, Building_Name:9 & 13 Regency Drive (2068) Building E, Longitude:28.256693, Latitude:-25.865295]], [attributes:[Broadband_Buildings:Broadband Ready, Building_Name:39 Sovereign Drive (1959), Building 1, Longitude:28.258944, Latitude:-25.86449]], [attributes:[Broadband_Buildings:Broadband Ready, Building_Name:119 Sovereign Drive (3973), Building 2, Longitude:28.257643, Latitude:-25.857868]], [attributes:[Broadband_Buildings:Broadband Ready, Building_Name:114 Sovereign Drive (2039), Building 1, Longitude:28.256804, Latitude:-25.858585]], [attributes:[Broadband_Buildings:Broadband Ready, Building_Name:82 Sovereign Drive (1983), Building 1, Longitude:28.257492, Latitude:-25.861803]], [attributes:[Broadband_Buildings:Broadband Ready, Building_Name:Odinfin, Longitude:28.257929, Latitude:-25.860777]], [attributes:[Broadband_Buildings:Broadband Ready, Building_Name:93 Sovereign Drive (1974) Building 2, Longitude:28.258282, Latitude:-25.860746]], [attributes:[Broadband_Buildings:Broadband Ready, Building_Name:OPEN MIND TECHNOLOGIES, Longitude:28.132357, Latitude:-25.980457]], [attributes:[Broadband_Buildings:Broadband Ready, Building_Name:Constantia Park (4017) Building 13, Longitude:28.132923, Latitude:-25.975683]], [attributes:[Broadband_Buildings:Broadband Ready, Building_Name:400, 16th Ave (1487) Block Q, Longitude:28.132385, Latitude:-25.97844]], [attributes:[Broadband_Buildings:Broadband Ready, Building_Name:Imperial Collection (1886) Building 1, Longitude:28.01987, Latitude:-26.048077]], [attributes:[Broadband_Buildings:Broadband Ready, Building_Name:4 Ealing Crescent (1883), Building 1, Longitude:28.024305, Latitude:-26.045933]], [attributes:[Broadband_Buildings:Broadband Ready, Building_Name:Lynnwood Bridge Office Park (3552) Building 3 - Aurecon SA, Longitude:28.277401, Latitude:-25.764692]], [attributes:[Broadband_Buildings:Broadband Ready, Building_Name:Lynnwood Bridge Office Park (3523) Building 5 - Retail park, Longitude:28.278744, Latitude:-25.765736]], [attributes:[Broadband_Buildings:Broadband Ready, Building_Name:2 Pybus Road (3828), Building 1, Longitude:28.055067, Latitude:-26.111061]], [attributes:[Broadband_Buildings:Broadband Ready, Building_Name:4 Pybus Road (2919), Building 1, Longitude:28.055454, Latitude:-26.111359]], [attributes:[Broadband_Buildings:Broadband Ready, Building_Name:JSE (4176) 2 Exchange Square, Longitude:28.057549, Latitude:-26.1035]], [attributes:[Broadband_Buildings:Broadband Ready, Building_Name:Tijger Park (2603) Tijger Park II, Longitude:18.634905, Latitude:-33.880104]], [attributes:[Broadband_Buildings:Broadband Ready, Building_Name:Tijger Park (2604) Tijger Park III, Longitude:18.634537, Latitude:-33.8795]], [attributes:[Broadband_Buildings:Broadband Ready, Building_Name:86 Edward Street (2596) Building 1, Longitude:18.635708, Latitude:-33.881786]], [attributes:[Broadband_Buildings:Broadband Ready, Building_Name:92 Edward Street (2581) Building 1, Longitude:18.63578, Latitude:-33.881462]], [attributes:[Broadband_Buildings:Broadband Ready, Building_Name:255 Durban Road (4003) Barloworld, Longitude:18.635628, Latitude:-33.883114]], [attributes:[Broadband_Buildings:Broadband Ready, Building_Name:False Bay College (3029), Longitude:18.440435, Latitude:-34.07723]], [attributes:[Broadband_Buildings:Broadband Ready, Building_Name:48 Wierda Road (354) Building 1, Longitude:28.05752, Latitude:-26.113438]], [attributes:[Broadband_Buildings:Broadband Ready, Building_Name:48 Wierda Road (909) Building 2, Longitude:28.057814, Latitude:-26.113329]], [attributes:[Broadband_Buildings:Broadband Ready, Building_Name:54 Albertyn Road (905) Inanda Building 7, Longitude:28.057327, Latitude:-26.114542]], [attributes:[Broadband_Buildings:Broadband Ready, Building_Name:68 Wierda Road (337) Block A, Longitude:28.060898, Latitude:-26.110798]], [attributes:[Broadband_Buildings:Broadband Ready, Building_Name:68 Wierda Road (619) Block B, Longitude:28.06111, Latitude:-26.11121]], [attributes:[Broadband_Buildings:Broadband Ready, Building_Name:38 Wierda Road (362) The Plain, Longitude:28.05533, Latitude:-26.113594]], [attributes:[Broadband_Buildings:Broadband Ready, Building_Name:Bentley Office Park (1417) 6 Bentley Office Park, Longitude:28.06096, Latitude:-26.042265]], [attributes:[Broadband_Buildings:Broadband Ready, Building_Name:374 Rivonia Boulevard (644) Building 2, Longitude:28.059963, Latitude:-26.046589]], [attributes:[Broadband_Buildings:Broadband Ready, Building_Name:372 Rivonia Boulevard (635) Building 2, Longitude:28.05994, Latitude:-26.047112]], [attributes:[Broadband_Buildings:Broadband Ready, Building_Name:3 Hans Strijdom / Absolute Computers Tubach, Longitude:18.42501, Latitude:-33.91903]], [attributes:[Broadband_Buildings:Broadband Ready, Building_Name:The New Tulbagh Hotel, Longitude:18.425194, Latitude:-33.918564]], [attributes:[Broadband_Buildings:Broadband Ready, Building_Name:Woodlands Office Park (1681) Building 4, Longitude:28.083673, Latitude:-26.062876]], [attributes:[Broadband_Buildings:Broadband Ready, Building_Name:Woodlands Office Park (1682), 141 Western Services Road, Woodmeade, Building 5, Longitude:28.08411, Latitude:-26.063118]], [attributes:[Broadband_Buildings:Broadband Ready, Building_Name:Woodlands Office Park (1683), 141 Western Services Road, Woodmeade, Building 6, Longitude:28.084745, Latitude:-26.063227]], [attributes:[Broadband_Buildings:Broadband Ready, Building_Name:Woodlands Office Park (1648), 141 Western Services Road, Woodmeade, Building 26, Longitude:28.086708, Latitude:-26.059397]], [attributes:[Broadband_Buildings:Broadband Ready, Building_Name:128 Peter Road (922) Building 4, Longitude:28.070904, Latitude:-26.101658]], [attributes:[Broadband_Buildings:Broadband Ready, Building_Name:1 Palmboom Place (930) 1 Palmboom Place, Longitude:28.071583, Latitude:-26.102522]], [attributes:[Broadband_Buildings:Broadband Ready, Building_Name:410 Jan Smuts Avenue (3442) Block 5, Longitude:28.02115, Latitude:-26.11289]], [attributes:[Broadband_Buildings:Broadband Ready, Building_Name:110 Conrad Drive (3455) Block 6, Longitude:28.020216, Latitude:-26.116247]], [attributes:[Broadband_Buildings:Broadband Ready, Building_Name:Thornhill Office Park (1185) Building 5, Longitude:28.11217, Latitude:-26.009916]], [attributes:[Broadband_Buildings:Broadband Ready, Building_Name:Thornhill Office Park (1186) Building 6, Longitude:28.111982, Latitude:-26.010157]], [attributes:[Broadband_Buildings:Broadband Ready, Building_Name:Thornhill Office Park (1202) Building 22, Longitude:28.114048, Latitude:-26.009232]], [attributes:[Broadband_Buildings:Broadband Ready, Building_Name:4 Roggebaai Square / Amazon - IS, Longitude:18.426352, Latitude:-33.91714]], [attributes:[Broadband_Buildings:Broadband Ready, Building_Name:180 Katherine Street (1775) Building 2, Longitude:28.080364, Latitude:-26.098627]], [attributes:[Broadband_Buildings:Broadband Ready, Building_Name:171 Katherine Str (1352), Building 5, Longitude:28.079432, Latitude:-26.09765]], [attributes:[Broadband_Buildings:Broadband Ready, Building_Name:171 Katherine Str (1351), Building 4, Longitude:28.079967, Latitude:-26.097342]], [attributes:[Broadband_Buildings:Broadband Ready, Building_Name:14a Charles Crescent (948)Building 1, Longitude:28.083155, Latitude:-26.094177]], [attributes:[Broadband_Buildings:Broadband Ready, Building_Name:29 Central Street (834), Longitude:28.057941, Latitude:-26.161352]], [attributes:[Broadband_Buildings:Broadband Ready, Building_Name:25 West Street (830) , Longitude:28.05598, Latitude:-26.16712]], [attributes:[Broadband_Buildings:Broadband Ready, Building_Name:19 -21 West Street (1459), Building B, Longitude:28.055649, Latitude:-26.167715]], [attributes:[Broadband_Buildings:Broadband Ready, Building_Name:2 Norwich Close (4037), Building 1, Longitude:28.04843, Latitude:-26.103207]], [attributes:[Broadband_Buildings:Broadband Ready, Building_Name:155 West Street (2949) Building 1, Longitude:28.053091, Latitude:-26.104227]], [attributes:[Broadband_Buildings:Broadband Ready, Building_Name:143 Kloof Street, Cape Town, Longitude:18.407522, Latitude:-33.934307]], [attributes:[Broadband_Buildings:Broadband Ready, Building_Name:Woodlands Office Park (1640), 141 Western Services Road, Woodmeade, Building 17, Longitude:28.08788, Latitude:-26.060812]], [attributes:[Broadband_Buildings:Broadband Ready, Building_Name:5 Woodlands Drive (2507) Building 1, Longitude:28.088402, Latitude:-26.05643]], [attributes:[Broadband_Buildings:Broadband Ready, Building_Name:Woodlands Office Park (1649), 141 Western Services Road, Woodmeade, Building 27, Longitude:28.086117, Latitude:-26.059435]], [attributes:[Broadband_Buildings:Broadband Ready, Building_Name:Woodlands Office Park(1650), Unit D, Bldng 16, 1st Floor, Longitude:28.086266, Latitude:-26.058474]], [attributes:[Broadband_Buildings:Broadband Ready, Building_Name:Woodlands Office Park (1651), 141 Western Services Road, Woodmeade, Building 29, Longitude:28.085564, Latitude:-26.057573]], [attributes:[Broadband_Buildings:Broadband Ready, Building_Name:150 Linden Street (926) Block B, Longitude:28.069883, Latitude:-26.100262]], [attributes:[Broadband_Buildings:Broadband Ready, Building_Name:150 Linden Street (927) Block C, Longitude:28.070889, Latitude:-26.100992]], [attributes:[Broadband_Buildings:Broadband Ready, Building_Name:150 Linden Street (928) Block D, Longitude:28.071585, Latitude:-26.100763]], [attributes:[Broadband_Buildings:Broadband Ready, Building_Name:410 Jan Smuts Avenue (3444),  Block 7, Longitude:28.021626, Latitude:-26.113401]], [attributes:[Broadband_Buildings:Broadband Ready, Building_Name:APPLE DISTRIBUTION INTERNATIONAL, Longitude:28.056694, Latitude:-26.105787]], [attributes:[Broadband_Buildings:Broadband Ready, Building_Name:IS New Mint, Longitude:28.108494, Latitude:-26.182486]], [attributes:[Broadband_Buildings:Broadband Ready, Building_Name:15 Ernest Oppenheimer Ave, Longitude:28.107105, Latitude:-26.181828]], [attributes:[Broadband_Buildings:Broadband Ready, Building_Name:7 Zulberg Close (1489), Building 2, Longitude:28.105421, Latitude:-26.180908]], [attributes:[Broadband_Buildings:Broadband Ready, Building_Name:8 Charles Cres (953), Longitude:28.083164, Latitude:-26.091366]], [attributes:[Broadband_Buildings:Broadband Ready, Building_Name:185 Katherine (1629) 185 Charles Cres Building 2, Longitude:28.082426, Latitude:-26.091692]], [attributes:[Broadband_Buildings:Broadband Ready, Building_Name:29 - 31 West Street (1460), Building B, Longitude:28.05632, Latitude:-26.166021]], [attributes:[Broadband_Buildings:Broadband Ready, Building_Name:29 - 31 West Street (869) Building A, Longitude:28.056164, Latitude:-26.166328]], [attributes:[Broadband_Buildings:Broadband Ready, Building_Name:9-13 West Street (829) Sanlam Business park Building 1, Longitude:28.054855, Latitude:-26.169844]], [attributes:[Broadband_Buildings:Broadband Ready, Building_Name:96 15th Rd (1754) Building 3
, Longitude:28.131168, Latitude:-25.967161]], [attributes:[Broadband_Buildings:Broadband Ready, Building_Name:96 15th Rd (997), Longitude:28.130781, Latitude:-25.968729]], [attributes:[Broadband_Buildings:Broadband Ready, Building_Name:754A 16th Road Pioneers House (1755) Building 1
, Longitude:28.136065, Latitude:-25.969461]], [attributes:[Broadband_Buildings:Broadband Ready, Building_Name:724 16th Rd (1008), Longitude:28.134855, Latitude:-25.970312]], [attributes:[Broadband_Buildings:Broadband Ready, Building_Name:Ceva (4071) Building 1, Longitude:28.133791, Latitude:-25.97198]], [attributes:[Broadband_Buildings:Broadband Ready, Building_Name:260 15th Road (4072) Building 2, Longitude:28.132221, Latitude:-25.973001]], [attributes:[Broadband_Buildings:Broadband Ready, Building_Name:4 Pepper Place, Rainbow Park Phase II (1572), Building 1 (Bidvest Foods), Longitude:18.515121, Latitude:-33.86441]], [attributes:[Broadband_Buildings:Broadband Ready, Building_Name:1 Warbler Close (1601) Building 1 / NEW SUPERMAN NPC, Longitude:18.51303, Latitude:-33.86636]], [attributes:[Broadband_Buildings:Broadband Ready, Building_Name:15 Longclaw Drive, Longitude:18.51333, Latitude:-33.866047]], [attributes:[Broadband_Buildings:Broadband Ready, Building_Name:1 Lower Buitengracht (3053) , Longitude:18.423748, Latitude:-33.91582]], [attributes:[Broadband_Buildings:Broadband Ready, Building_Name:1 Lower Bree Street (3055) (Protea Hotel), Longitude:18.424042, Latitude:-33.916557]], [attributes:[Broadband_Buildings:Broadband Ready, Building_Name:5 Richefond Circle (2780), Longitude:31.069567, Latitude:-29.739077]], [attributes:[Broadband_Buildings:Broadband Ready, Building_Name:1 Richefond Circle (2766), Longitude:31.070219, Latitude:-29.738543]], [attributes:[Broadband_Buildings:Broadband Ready, Building_Name:53 Richefond Circle (2781) , Longitude:31.071133, Latitude:-29.734396]], [attributes:[Broadband_Buildings:Broadband Ready, Building_Name:21 Saddle Drive (1847), Building 1, Longitude:28.08908, Latitude:-26.04556]], [attributes:[Broadband_Buildings:Broadband Ready, Building_Name:23 Saddle Drive (1850), Building 1, Longitude:28.089087, Latitude:-26.045046]], [attributes:[Broadband_Buildings:Broadband Ready, Building_Name:256 Kent Ave (540), Longitude:27.998667, Latitude:-26.099308]], [attributes:[Broadband_Buildings:Broadband Ready, Building_Name:280 Oak Ave (527) , Longitude:28.00099, Latitude:-26.097168]], [attributes:[Broadband_Buildings:Broadband Ready, Building_Name:5 Gwen lane (2999) Building 1, Longitude:28.056158, Latitude:-26.102093]], [attributes:[Broadband_Buildings:Broadband Ready, Building_Name:88 Grayston Drive (2907) Building 1, Longitude:28.055073, Latitude:-26.099592]], [attributes:[Broadband_Buildings:Broadband Ready, Building_Name:6 Protea Place (2915) Building 1, Longitude:28.055677, Latitude:-26.102444]], [attributes:[Broadband_Buildings:Broadband Ready, Building_Name:13 Esdoring Nook (1674) Building 9, Longitude:28.186098, Latitude:-25.87316]], [attributes:[Broadband_Buildings:Broadband Ready, Building_Name:13 Esdoring Nook (1675) Building 10, Longitude:28.186337, Latitude:-25.873066]], [attributes:[Broadband_Buildings:Broadband Ready, Building_Name:13 Esdoring Nook (1669) Building 4, Longitude:28.185709, Latitude:-25.872387]], [attributes:[Broadband_Buildings:Broadband Ready, Building_Name:123 Witch Hazel (1721) Building 1, Longitude:28.187609, Latitude:-25.872255]], [attributes:[Broadband_Buildings:Broadband Ready, Building_Name:4 Pieter Street (1251), Longitude:28.188046, Latitude:-25.871712]], [attributes:[Broadband_Buildings:Broadband Ready, Building_Name:13 Eddington Crescent (2193), Longitude:28.180784, Latitude:-25.873901]], [attributes:[Broadband_Buildings:Broadband Ready, Building_Name:181 Jan Smuts Ave (3996) Block E, Longitude:28.035168, Latitude:-26.14616]], [attributes:[Broadband_Buildings:Broadband Ready, Building_Name:191 Jan Smuts Ave (2887) Building 1, Longitude:28.035316, Latitude:-26.145657]], [attributes:[Broadband_Buildings:Broadband Ready, Building_Name:195a Jan Smuts Avenue (2886) Building 1, Longitude:28.03541, Latitude:-26.144165]], [attributes:[Broadband_Buildings:Broadband Ready, Building_Name:203 Jan Smuts Avenue (2884) Building 1, Longitude:28.035038, Latitude:-26.143892]], [attributes:[Broadband_Buildings:Broadband Ready, Building_Name:25 Jellicoe Ave (2877) , Longitude:28.0412, Latitude:-26.142122]], [attributes:[Broadband_Buildings:Broadband Ready, Building_Name:67 Capital Hill (2403), Building 1, Longitude:28.12807, Latitude:-26.009605]], [attributes:[Broadband_Buildings:Broadband Ready, Building_Name:68 Capital Hill (2404), Building 1, Longitude:28.128542, Latitude:-26.009176]], [attributes:[Broadband_Buildings:Broadband Ready, Building_Name:72 Capital Hill (2407), Building 1, Longitude:28.130812, Latitude:-26.0092]], [attributes:[Broadband_Buildings:Broadband Ready, Building_Name:73 Capital Hill (2408), Building 1, Longitude:28.131395, Latitude:-26.009987]], [attributes:[Broadband_Buildings:Broadband Ready, Building_Name:81 Capital Hill  (2414), Building 1, Longitude:28.12755, Latitude:-26.012205]], [attributes:[Broadband_Buildings:Broadband Ready, Building_Name:54 Peter Place (700) Venture House, Longitude:28.01993, Latitude:-26.082706]], [attributes:[Broadband_Buildings:Broadband Ready, Building_Name:54 Peter Place (701) Exeter House, Longitude:28.019981, Latitude:-26.082378]], [attributes:[Broadband_Buildings:Broadband Ready, Building_Name:Coachman Crossing Office Park (4077)  Block G, Longitude:28.015059, Latitude:-26.079975]], [attributes:[Broadband_Buildings:Broadband Ready, Building_Name:Sandton Medi Clinic (399) Building 1, Longitude:28.012304, Latitude:-26.07678]], [attributes:[Broadband_Buildings:Broadband Ready, Building_Name:170 Curzon Road (780)  Block 4, Longitude:28.011288, Latitude:-26.075459]], [attributes:[Broadband_Buildings:Broadband Ready, Building_Name:1303 Francis Baard (3471) Bld 1, Longitude:28.244701, Latitude:-25.744543]], [attributes:[Broadband_Buildings:Broadband Ready, Building_Name:Le Roux Ave Business Park (2455), Cnr Le Roux and Richards Drive, Building 1, Longitude:28.123363, Latitude:-26.011364]], [attributes:[Broadband_Buildings:Broadband Ready, Building_Name:Conco_37 Richards Drive, Longitude:28.124077, Latitude:-26.009329]], [attributes:[Broadband_Buildings:Broadband Ready, Building_Name:120 Richards Drive, Building 2, Longitude:28.12182, Latitude:-26.016201]], [attributes:[Broadband_Buildings:Broadband Ready, Building_Name:Post Office House (197), Longitude:28.022926, Latitude:-26.052996]], [attributes:[Broadband_Buildings:Broadband Ready, Building_Name:Albury Office Park (276) Building 2, Longitude:28.031355, Latitude:-26.125679]], [attributes:[Broadband_Buildings:Broadband Ready, Building_Name:Albury Office Park (278) Building 6, Longitude:28.031326, Latitude:-26.126013]], [attributes:[Broadband_Buildings:Broadband Ready, Building_Name:20 Georgian Crescent (331), Longitude:28.018303, Latitude:-26.038254]], [attributes:[Broadband_Buildings:Broadband Ready, Building_Name:19 Impala Road (151) Building 3, Longitude:28.050318, Latitude:-26.115414]], [attributes:[Broadband_Buildings:Broadband Ready, Building_Name:90 Protea Road (177), Longitude:28.050951, Latitude:-26.116453]], [attributes:[Broadband_Buildings:Broadband Ready, Building_Name:29 Impala Road (162) Block 2, Longitude:28.052935, Latitude:-26.114763]], [attributes:[Broadband_Buildings:Broadband Ready, Building_Name:Imagine House, 1 Mellis Road (886), Longitude:28.058092, Latitude:-26.045364]], [attributes:[Broadband_Buildings:Broadband Ready, Building_Name:Country Club Estate - Barrow (495), Woodlands Drive, Building F, Longitude:28.08457, Latitude:-26.057266]], [attributes:[Broadband_Buildings:Broadband Ready, Building_Name:The Terraces, Protea Road, Claremont, Longitude:18.462265, Latitude:-33.97928]], [attributes:[Broadband_Buildings:Broadband Ready, Building_Name:6 Eaton Avenue (2818) Building 2, Longitude:28.02202, Latitude:-26.046268]], [attributes:[Broadband_Buildings:Broadband Ready, Building_Name:32 Techno Avenue (813) Building 1, Longitude:18.83531, Latitude:-33.965714]], [attributes:[Broadband_Buildings:Broadband Ready, Building_Name:DataVoice House (758), Longitude:18.839201, Latitude:-33.96268]], [attributes:[Broadband_Buildings:Broadband Ready, Building_Name:Time Square (772), Longitude:18.838095, Latitude:-33.96501]], [attributes:[Broadband_Buildings:Broadband Ready, Building_Name:Titan House (1284) Building 1, Longitude:18.838724, Latitude:-33.966354]], [attributes:[Broadband_Buildings:Broadband Ready, Building_Name:Ballywoods Office Park (565) Firwood House, Longitude:28.029745, Latitude:-26.074131]], [attributes:[Broadband_Buildings:Broadband Ready, Building_Name:Glenfield Office Park Block B, Longitude:28.288763, Latitude:-25.779964]], [attributes:[Broadband_Buildings:Broadband Ready, Building_Name:The Village Office Park (2330) Block C, Longitude:28.291819, Latitude:-25.7802]], [attributes:[Broadband_Buildings:Broadband Ready, Building_Name:The Office, Office Park (2325) Block A, Longitude:28.291853, Latitude:-25.779408]], [attributes:[Broadband_Buildings:Broadband Ready, Building_Name:1 Scott Str (1719) Block D2, Longitude:28.070675, Latitude:-26.13503]], [attributes:[Broadband_Buildings:Broadband Ready, Building_Name:1 Scott Str (1716) Block B1, Longitude:28.070051, Latitude:-26.13555]], [attributes:[Broadband_Buildings:Broadband Ready, Building_Name:35 Scott Street (Westgate Welding Auctioneers) (2832), Longitude:28.072329, Latitude:-26.130014]], [attributes:[Broadband_Buildings:Broadband Ready, Building_Name:31 Martin Hammerschlag Way (3100), Longitude:18.431992, Latitude:-33.920425]], [attributes:[Broadband_Buildings:Broadband Ready, Building_Name:10 Kikuyu Street, Longitude:28.062088, Latitude:-26.033546]], [attributes:[Broadband_Buildings:Broadband Ready, Building_Name:18 Eglin Road (375) , Longitude:28.067345, Latitude:-26.034357]], [attributes:[Broadband_Buildings:Broadband Ready, Building_Name:5 Eglin Road (652) Block B, Longitude:28.06832, Latitude:-26.0342]], [attributes:[Broadband_Buildings:Broadband Ready, Building_Name:31 Lower Long Street (3084), Longitude:18.424856, Latitude:-33.917736]], [attributes:[Broadband_Buildings:Broadband Ready, Building_Name:RTS Net, Longitude:27.998924, Latitude:-26.097687]], [attributes:[Broadband_Buildings:Broadband Ready, Building_Name:295 Kent Ave (556), Longitude:28.00069, Latitude:-26.095211]], [attributes:[Broadband_Buildings:Broadband Ready, Building_Name:248 Kent Avenue (732),  Block 5, Longitude:27.998024, Latitude:-26.09971]], [attributes:[Broadband_Buildings:Broadband Ready, Building_Name:248 Kent Avenue (743),  Block 19a, Longitude:27.99832, Latitude:-26.099758]], [attributes:[Broadband_Buildings:Broadband Ready, Building_Name:248 Kent Avenue (744),  Block 19b, Longitude:27.99833, Latitude:-26.100399]], [attributes:[Broadband_Buildings:Broadband Ready, Building_Name:287 Kent Avenue (553), Building 1, Longitude:28.000227, Latitude:-26.095901]], [attributes:[Broadband_Buildings:Broadband Ready, Building_Name:275 Oak Ave (4068), Building 2, Longitude:28.002155, Latitude:-26.097725]], [attributes:[Broadband_Buildings:Broadband Ready, Building_Name:275 Oak Ave (525) , Longitude:28.0018, Latitude:-26.09771]], [attributes:[Broadband_Buildings:Broadband Ready, Building_Name:1a Protea Place (2924), Building 1, Longitude:28.054876, Latitude:-26.103014]], [attributes:[Broadband_Buildings:Broadband Ready, Building_Name:161 Garsfontein Road (2627), Longitude:28.26437, Latitude:-25.784182]], [attributes:[Broadband_Buildings:Broadband Ready, Building_Name:Didata IT, Longitude:28.256351, Latitude:-25.861559]], [attributes:[Broadband_Buildings:Broadband Ready, Building_Name:4 Victoria Link (2003) Building 1, Longitude:28.25649, Latitude:-25.862173]], [attributes:[Broadband_Buildings:Broadband Ready, Building_Name:Volvo, Longitude:28.253963, Latitude:-25.85999]], [attributes:[Broadband_Buildings:Broadband Ready, Building_Name:69 - 71 Regency Drive (2018) Building 4, Longitude:28.254015, Latitude:-25.86028]], [attributes:[Broadband_Buildings:Broadband Ready, Building_Name:M Kona Consulting Engineers_2, Longitude:28.25415, Latitude:-25.860918]], [attributes:[Broadband_Buildings:Broadband Ready, Building_Name:27 Victoria Link (2044), Building 1, Longitude:28.256605, Latitude:-25.859259]], [attributes:[Broadband_Buildings:Broadband Ready, Building_Name:Lesuro, Longitude:28.255857, Latitude:-25.86116]], [attributes:[Broadband_Buildings:Broadband Ready, Building_Name:56 Regency Drive (3975), Building 3, Longitude:28.255758, Latitude:-25.86137]], [attributes:[Broadband_Buildings:Broadband Ready, Building_Name:69 - 71 Regency Drive (3969), Building 7, Longitude:28.25409, Latitude:-25.860474]], [attributes:[Broadband_Buildings:Broadband Ready, Building_Name:IFM_Head office, Longitude:28.25694, Latitude:-25.85888]], [attributes:[Broadband_Buildings:Broadband Ready, Building_Name:400, 16th Ave (1481) Block K, Longitude:28.131151, Latitude:-25.979628]], [attributes:[Broadband_Buildings:Broadband Ready, Building_Name:34 Culross Rd (1878), Building 1, Longitude:28.025568, Latitude:-26.04467]], [attributes:[Broadband_Buildings:Broadband Ready, Building_Name:St Andrews Office Park (1904), Meadowbrooke Lane, Building F, Longitude:28.013525, Latitude:-26.040606]], [attributes:[Broadband_Buildings:Broadband Ready, Building_Name:St Andrews Office Park (1900), Meadowbrooke Lane, Building B, Longitude:28.011772, Latitude:-26.040243]], [attributes:[Broadband_Buildings:Broadband Ready, Building_Name:St Andrews Office Park (1902), Meadowbrooke Lane, Building D, Longitude:28.011404, Latitude:-26.040659]], [attributes:[Broadband_Buildings:Broadband Ready, Building_Name:222 Rivonia Road (1395) Unit C, Longitude:28.065453, Latitude:-26.073824]], [attributes:[Broadband_Buildings:Broadband Ready, Building_Name:222 Rivonia Road (1397) Unit E, Longitude:28.065784, Latitude:-26.073298]], [attributes:[Broadband_Buildings:Broadband Ready, Building_Name:88 Stella Road (2944), Longitude:28.060457, Latitude:-26.105701]], [attributes:[Broadband_Buildings:Broadband Ready, Building_Name:301 Durban Road (2578) Building 1, Longitude:18.636856, Latitude:-33.877956]], [attributes:[Broadband_Buildings:Broadband Ready, Building_Name:299 Durban Road (2577) Building 1, Longitude:18.63681, Latitude:-33.878113]], [attributes:[Broadband_Buildings:Broadband Ready, Building_Name:Edward II (2583) Building 1, Longitude:18.635386, Latitude:-33.882927]], [attributes:[Broadband_Buildings:Broadband Ready, Building_Name:251 Durban Road (2567) Building 1, Longitude:18.635534, Latitude:-33.883503]], [attributes:[Broadband_Buildings:Broadband Ready, Building_Name:Silvan Park (1820) Building 2: Units 4-6, Longitude:18.436445, Latitude:-34.076885]], [attributes:[Broadband_Buildings:Broadband Ready, Building_Name:5 Otto Close (1243) , Longitude:18.440453, Latitude:-34.079166]], [attributes:[Broadband_Buildings:Broadband Ready, Building_Name:1 Otto Close (1239) , Longitude:18.439991, Latitude:-34.07903]], [attributes:[Broadband_Buildings:Broadband Ready, Building_Name:13 Bell Crescent (1212) Building 1, Longitude:18.436296, Latitude:-34.0787]], [attributes:[Broadband_Buildings:Broadband Ready, Building_Name:43 - 45 Bell Crescent (1818) Building 2, Longitude:18.435837, Latitude:-34.07811]], [attributes:[Broadband_Buildings:Broadband Ready, Building_Name:Bateleur Park (1811) , Longitude:18.438814, Latitude:-34.07822]], [attributes:[Broadband_Buildings:Broadband Ready, Building_Name:66 Von Willich Avenue (2300) Building A, Longitude:28.195784, Latitude:-25.853487]], [attributes:[Broadband_Buildings:Broadband Ready, Building_Name:265 West Ave (Emira) (2290) Building 1, Longitude:28.190182, Latitude:-25.853943]], [attributes:[Broadband_Buildings:Broadband Ready, Building_Name:265 West Ave (Emira) (2291) Building 2, Longitude:28.190132, Latitude:-25.854448]], [attributes:[Broadband_Buildings:Broadband Ready, Building_Name:1 Autumn Road (413) 1 Autumn Road, Longitude:28.057589, Latitude:-26.042513]], [attributes:[Broadband_Buildings:Broadband Ready, Building_Name:2 Spring Street (414) 2 Spring Street, Longitude:28.05781, Latitude:-26.042145]], [attributes:[Broadband_Buildings:Broadband Ready, Building_Name:Bentley Office Park (1419) 8 Bentley Office Park, Longitude:28.061245, Latitude:-26.041605]], [attributes:[Broadband_Buildings:Broadband Ready, Building_Name:Woodlands Office Park (1634), 141 Western Services Road, Woodmeade, Building 11, Longitude:28.087145, Latitude:-26.062277]], [attributes:[Broadband_Buildings:Broadband Ready, Building_Name:Woodlands Office Park (1635), 141 Western Services Road, Woodmeade, Building 12, Longitude:28.086178, Latitude:-26.06244]], [attributes:[Broadband_Buildings:Broadband Ready, Building_Name:Woodlands Office Park (1636), 141 Western Services Road, Woodmeade, Building 13, Longitude:28.085508, Latitude:-26.062328]], [attributes:[Broadband_Buildings:Broadband Ready, Building_Name:Woodlands Office Park (1646), Longitude:28.087345, Latitude:-26.059145]], [attributes:[Broadband_Buildings:Broadband Ready, Building_Name:Woodlands Office Park(1647), Longitude:28.086994, Latitude:-26.05842]], [attributes:[Broadband_Buildings:Broadband Ready, Building_Name:Eastgate Office Park (1541), Longitude:28.112518, Latitude:-26.178778]], [attributes:[Broadband_Buildings:Broadband Ready, Building_Name:Arena Close (963), Arena Close building 1, Longitude:28.110136, Latitude:-26.181257]], [attributes:[Broadband_Buildings:Broadband Ready, Building_Name:Cnr Arena Close/Ernest Oppenheimer (960), Longitude:28.108728, Latitude:-26.180923]], [attributes:[Broadband_Buildings:Broadband Ready, Building_Name:Europecar, Longitude:28.106707, Latitude:-26.182539]], [attributes:[Broadband_Buildings:Broadband Ready, Building_Name:14a Charles Crescent (1632)  Building 2, Longitude:28.083904, Latitude:-26.09429]], [attributes:[Broadband_Buildings:Broadband Ready, Building_Name:180 Katherine Street (944) , Longitude:28.078907, Latitude:-26.099443]], [attributes:[Broadband_Buildings:Broadband Ready, Building_Name:89 Central Street (867) Building 1, Longitude:28.057957, Latitude:-26.153086]], [attributes:[Broadband_Buildings:Broadband Ready, Building_Name:87 Central Street (858) 87 Central Street, Longitude:28.057806, Latitude:-26.153507]], [attributes:[Broadband_Buildings:Broadband Ready, Building_Name:33 Central Street (845) Building 1, Longitude:28.057938, Latitude:-26.160757]], [attributes:[Broadband_Buildings:Broadband Ready, Building_Name:15 Alice Lane (2937) Building 1, Longitude:28.049913, Latitude:-26.10731]], [attributes:[Broadband_Buildings:Broadband Ready, Building_Name:76 Maude Street (2946) Building 1, Longitude:28.055525, Latitude:-26.105055]], [attributes:[Broadband_Buildings:Broadband Ready, Building_Name:15 Alice Lane (3912) 15 Alice Lane, Longitude:28.048977, Latitude:-26.108482]], [attributes:[Broadband_Buildings:Broadband Ready, Building_Name:1 Sandton Drive (2938) 1 Sandton Drive, Longitude:28.049473, Latitude:-26.110403]], [attributes:[Broadband_Buildings:Broadband Ready, Building_Name:12C Longclaw Drive (1605) Building 1, Longitude:18.512522, Latitude:-33.86585]], [attributes:[Broadband_Buildings:Broadband Ready, Building_Name:10 Warbler Close (1579), Building 1, Longitude:18.512865, Latitude:-33.867374]], [attributes:[Broadband_Buildings:Broadband Ready, Building_Name:36 Hans Strijdom (3056), Longitude:18.42345, Latitude:-33.91699]], [attributes:[Broadband_Buildings:Broadband Ready, Building_Name:Peer_Pinewood, Longitude:28.075605, Latitude:-26.041544]], [attributes:[Broadband_Buildings:Broadband Ready, Building_Name:54 Bath Hotel (3825) Building 1, Longitude:28.040709, Latitude:-26.145554]], [attributes:[Broadband_Buildings:Broadband Ready, Building_Name:8a Jellicoe Ave (2971) Building 1, Longitude:28.037672, Latitude:-26.143456]], [attributes:[Broadband_Buildings:Broadband Ready, Building_Name:19 Jellicoe Ave (2929), Longitude:28.040071, Latitude:-26.14236]], [attributes:[Broadband_Buildings:Broadband Ready, Building_Name:203 Witch-Hazel Ave (1274), Longitude:28.18136, Latitude:-25.875225]], [attributes:[Broadband_Buildings:Broadband Ready, Building_Name:The Terraces (2535) Block G, Longitude:18.434025, Latitude:-34.081024]], [attributes:[Broadband_Buildings:Broadband Ready, Building_Name:The Terraces (2529) Block A, Longitude:18.433584, Latitude:-34.08003]], [attributes:[Broadband_Buildings:Broadband Ready, Building_Name:Silverwood House (2527) Block B, Longitude:18.438803, Latitude:-34.082012]], [attributes:[Broadband_Buildings:Broadband Ready, Building_Name:Amdec House (2521) , Longitude:18.439222, Latitude:-34.081722]], [attributes:[Broadband_Buildings:Broadband Ready, Building_Name:Steenberg House (2528) , Longitude:18.43969, Latitude:-34.08134]], [attributes:[Broadband_Buildings:Broadband Ready, Building_Name:13 Longclaw Drive (1568) Bld 1, Longitude:18.513065, Latitude:-33.865463]], [attributes:[Broadband_Buildings:Broadband Ready, Building_Name:12 Fredman Drive (4178) Building 1, Longitude:28.054138, Latitude:-26.102957]], [attributes:[Broadband_Buildings:Broadband Ready, Building_Name:Le Roux Ave Business Park (4241) Building 3, Longitude:28.122746, Latitude:-26.010963]], [attributes:[Broadband_Buildings:Broadband Ready, Building_Name:33 Richards Drive (2144) Building 2, Longitude:28.12475, Latitude:-26.008118]], [attributes:[Broadband_Buildings:Broadband Ready, Building_Name:33 Richards Drive (2143) Building 1, Longitude:28.125511, Latitude:-26.008627]], [attributes:[Broadband_Buildings:Broadband Ready, Building_Name:St James Commercial Park (2183) Building 1, Longitude:28.123901, Latitude:-26.007515]], [attributes:[Broadband_Buildings:Broadband Ready, Building_Name:Menlyn Piazza (2362) Building 2, Longitude:28.278332, Latitude:-25.783775]], [attributes:[Broadband_Buildings:Broadband Ready, Building_Name:Peer_Ingersol, Longitude:28.277462, Latitude:-25.780855]], [attributes:[Broadband_Buildings:Broadband Ready, Building_Name:116 Lois Avenue (2367) Building 1, Longitude:28.277763, Latitude:-25.784992]], [attributes:[Broadband_Buildings:Broadband Ready, Building_Name:Shell Garage (4112) Gallagher Gardens Shell Garage, Longitude:28.128117, Latitude:-26.005442]], [attributes:[Broadband_Buildings:Broadband Ready, Building_Name:Gallagher Corner (4111) Building 1, Longitude:28.128883, Latitude:-26.004253]], [attributes:[Broadband_Buildings:Broadband Ready, Building_Name:Gallagher Corner (4242) Building 2, Longitude:28.128624, Latitude:-26.00441]], [attributes:[Broadband_Buildings:Broadband Ready, Building_Name:1267 Pretorius Street (3467) Building 4, Longitude:28.24385, Latitude:-25.744644]], [attributes:[Broadband_Buildings:Broadband Ready, Building_Name:1267 Pretorius Street (3469) Building 6, Longitude:28.243254, Latitude:-25.745377]], [attributes:[Broadband_Buildings:Broadband Ready, Building_Name:1312 Pretorius Street (2984), Longitude:28.245077, Latitude:-25.743662]], [attributes:[Broadband_Buildings:Broadband Ready, Building_Name:102 Richards Drive (2676), Building 1, Longitude:28.12251, Latitude:-26.014029]], [attributes:[Broadband_Buildings:Broadband Ready, Building_Name:70 - 78 Armstrong Avenue (5936) 74 Armstrong, Longitude:31.068619, Latitude:-29.746414]], [attributes:[Broadband_Buildings:Broadband Ready, Building_Name:Sandown Village Office Park (4025), 18 Gwen Lane, Building 1, Longitude:28.055899, Latitude:-26.103575]], [attributes:[Broadband_Buildings:Broadband Ready, Building_Name:Sandton Close 2  (4179) Building 2, Longitude:28.047802, Latitude:-26.10427]], [attributes:[Broadband_Buildings:Broadband Ready, Building_Name:151 5th Street (4042) Building 1, Longitude:28.048843, Latitude:-26.104195]], [attributes:[Broadband_Buildings:Broadband Ready, Building_Name:4 Sandown Valley Crescent (2900) Building 1, Longitude:28.050917, Latitude:-26.102402]], [attributes:[Broadband_Buildings:Broadband Ready, Building_Name:165 West Street (2899), Building 1, Longitude:28.051386, Latitude:-26.102858]], [attributes:[Broadband_Buildings:Broadband Ready, Building_Name:66 Park Lane (2935) Building 1, Longitude:28.049837, Latitude:-26.104496]], [attributes:[Broadband_Buildings:Broadband Ready, Building_Name:Epsom Downs Office Park (1892) Process House, Longitude:28.013819, Latitude:-26.041246]], [attributes:[Broadband_Buildings:Broadband Ready, Building_Name:3021 William Nicol Dr (1877) Building 1, Longitude:28.017008, Latitude:-26.044416]], [attributes:[Broadband_Buildings:Broadband Ready, Building_Name:Sloane Square Shopping Centre (2253) Building 1, Longitude:28.014954, Latitude:-26.043612]], [attributes:[Broadband_Buildings:Broadband Ready, Building_Name:263 Oak Ave (519), Longitude:28.001673, Latitude:-26.098991]], [attributes:[Broadband_Buildings:Broadband Ready, Building_Name:1280 Pretorius Street (3485), Building 1, Longitude:28.242897, Latitude:-25.743677]], [attributes:[Broadband_Buildings:Broadband Ready, Building_Name:14 Sloane Street (2252), Building 2, Longitude:28.014845, Latitude:-26.044739]], [attributes:[Broadband_Buildings:Broadband Ready, Building_Name:23 West Street (1463), Building 1, Longitude:28.055937, Latitude:-26.167515]], [attributes:[Broadband_Buildings:Broadband Ready, Building_Name:264 Oak Ave (520) , Longitude:28.000614, Latitude:-26.098768]], [attributes:[Broadband_Buildings:Broadband Ready, Building_Name:248 Kent Avenue (1424), Longitude:27.998951, Latitude:-26.100227]], [attributes:[Broadband_Buildings:Broadband Ready, Building_Name:248 Kent Avenue (734),  Block 7, Longitude:27.998718, Latitude:-26.100088]], [attributes:[Broadband_Buildings:Broadband Ready, Building_Name:248 Kent Avenue (735),  Block 8, Longitude:27.998903, Latitude:-26.100113]], [attributes:[Broadband_Buildings:Broadband Ready, Building_Name:300 Kent Avenue (558), Longitude:27.99967, Latitude:-26.094217]], [attributes:[Broadband_Buildings:Broadband Ready, Building_Name:267 Surrey Avenue (581), , Longitude:27.998238, Latitude:-26.097984]], [attributes:[Broadband_Buildings:Broadband Ready, Building_Name:Brightwave Randburg Office, Longitude:28.000515, Latitude:-26.095613]], [attributes:[Broadband_Buildings:Broadband Ready, Building_Name:159 Rivonia Road (4161), Building 2, Longitude:28.056759, Latitude:-26.09706]], [attributes:[Broadband_Buildings:Broadband Ready, Building_Name:4 Stan Road (4163) 4 Stan Road, Longitude:28.05356, Latitude:-26.098755]], [attributes:[Broadband_Buildings:Broadband Ready, Building_Name:85 Grayston Drive (4164) 85 Grayston Drive, Longitude:28.0538, Latitude:-26.09918]], [attributes:[Broadband_Buildings:Broadband Ready, Building_Name:JSE (4177) 3 Exchange Square, Longitude:28.05807, Latitude:-26.103296]], [attributes:[Broadband_Buildings:Broadband Ready, Building_Name:65 Park Lane (2934) Building 1, Longitude:28.049417, Latitude:-26.103203]], [attributes:[Broadband_Buildings:Broadband Ready, Building_Name:150 - 152 Bryanston Drive (226) Building 2, Longitude:28.021648, Latitude:-26.047546]], [attributes:[Broadband_Buildings:Broadband Ready, Building_Name:24 Georgian Crescent (232) QUEENSWAY HOUSE, Longitude:28.018385, Latitude:-26.040873]], [attributes:[Broadband_Buildings:Broadband Ready, Building_Name:Gallagher Corner (4243) Building 3, Longitude:28.128355, Latitude:-26.004566]], [attributes:[Broadband_Buildings:Broadband Ready, Building_Name:18 De Havilland Crescent (5109) Building 2, Longitude:28.273197, Latitude:-25.745682]], [attributes:[Broadband_Buildings:Broadband Ready, Building_Name:18 De Havilland Crescent (4660) Building 1, Longitude:28.272717, Latitude:-25.745928]], [attributes:[Broadband_Buildings:Broadband Ready, Building_Name:38 De Havilland Crescent (4666) Planburo Consilium, Longitude:28.27374, Latitude:-25.746222]], [attributes:[Broadband_Buildings:Broadband Ready, Building_Name:38 De Havilland Crescent (5110) Building 2, Longitude:28.273193, Latitude:-25.746347]], [attributes:[Broadband_Buildings:Broadband Ready, Building_Name:Scientia Technopark (4604) Block C, Longitude:28.276907, Latitude:-25.742117]], [attributes:[Broadband_Buildings:Broadband Ready, Building_Name:5 De Havilland Crescent (4621) Building 1, Longitude:28.272573, Latitude:-25.744074]], [attributes:[Broadband_Buildings:Broadband Ready, Building_Name:5 De Havilland Crescent (5118) Building 3, Longitude:28.272495, Latitude:-25.74434]], [attributes:[Broadband_Buildings:Broadband Ready, Building_Name:5 De Havilland Crescent (5117) Building 2, Longitude:28.272526, Latitude:-25.744215]], [attributes:[Broadband_Buildings:Broadband Ready, Building_Name:5 De Havilland Crescent (5126) Building 11, Longitude:28.272802, Latitude:-25.744253]], [attributes:[Broadband_Buildings:Broadband Ready, Building_Name:5 De Havilland Crescent (5128) Building 13, Longitude:28.272655, Latitude:-25.744268]], [attributes:[Broadband_Buildings:Broadband Ready, Building_Name:49 De Havilland Crescent (4645) Persequor Close, Longitude:28.274994, Latitude:-25.745565]], [attributes:[Broadband_Buildings:Broadband Ready, Building_Name:53 De Havilland Crescent (4630) Ream house, Longitude:28.274658, Latitude:-25.74477]], [attributes:[Broadband_Buildings:Broadband Ready, Building_Name:49 De Havilland Crescent (4644) Building 2, Longitude:28.275028, Latitude:-25.745085]], [attributes:[Broadband_Buildings:Broadband Ready, Building_Name:29 De Havilland Crescent (4650) Building 3, Longitude:28.272936, Latitude:-25.747076]], [attributes:[Broadband_Buildings:Broadband Ready, Building_Name:29 De Havilland Crescent (4651) Building 2, Longitude:28.273003, Latitude:-25.74728]], [attributes:[Broadband_Buildings:Broadband Ready, Building_Name:30 de Havilland (4662) Building 1, Longitude:28.273651, Latitude:-25.74591]], [attributes:[Broadband_Buildings:Broadband Ready, Building_Name:20 Quintin Brand Street (5204) Building 3, Longitude:28.271723, Latitude:-25.743986]], [attributes:[Broadband_Buildings:Broadband Ready, Building_Name:33 General Van Ryneveld Street (4620) Building 1, Longitude:28.27407, Latitude:-25.743341]], [attributes:[Broadband_Buildings:Broadband Ready, Building_Name:Aggr_Persequor_Park, Longitude:28.274426, Latitude:-25.743557]], [attributes:[Broadband_Buildings:Broadband Ready, Building_Name:38 General Van Ryneveld Street (5201) Building 2, Longitude:28.274097, Latitude:-25.74357]], [attributes:[Broadband_Buildings:Broadband Ready, Building_Name:20 Quintin Brand Street (5206) Building 5, Longitude:28.272078, Latitude:-25.744177]], [attributes:[Broadband_Buildings:Broadband Ready, Building_Name:Hertford Office Park (4894) Block 3, Longitude:28.11063, Latitude:-26.011005]], [attributes:[Broadband_Buildings:Broadband Ready, Building_Name:SAIPA House (4897) Building 1, Longitude:28.112892, Latitude:-26.012278]], [attributes:[Broadband_Buildings:Broadband Ready, Building_Name:Honeywell (5788) Building 1, Longitude:28.116135, Latitude:-26.012926]], [attributes:[Broadband_Buildings:Broadband Ready, Building_Name:Lone Creek (4910) Building 1, Longitude:28.115997, Latitude:-26.01181]], [attributes:[Broadband_Buildings:Broadband Ready, Building_Name:Tybalt Place (4909) Bates House, Longitude:28.115713, Latitude:-26.012115]], [attributes:[Broadband_Buildings:Broadband Ready, Building_Name:Lone Creek (4912) Building 3, Longitude:28.116394, Latitude:-26.01235]], [attributes:[Broadband_Buildings:Broadband Ready, Building_Name:Lone Creek (4911) Building 2, Longitude:28.116196, Latitude:-26.011415]], [attributes:[Broadband_Buildings:Broadband Ready, Building_Name:Lone Creek (4913) Building 4, Longitude:28.1167, Latitude:-26.01182]], [attributes:[Broadband_Buildings:Broadband Ready, Building_Name:Greenoakes (4922) Building 2, Longitude:28.116196, Latitude:-26.006199]], [attributes:[Broadband_Buildings:Broadband Ready, Building_Name:Greenoakes (4921) Building 1, Longitude:28.115732, Latitude:-26.005789]], [attributes:[Broadband_Buildings:Broadband Ready, Building_Name:191 Bekker Road (4924) Building 1, Longitude:28.115448, Latitude:-26.007177]], [attributes:[Broadband_Buildings:Broadband Ready, Building_Name:181 Bekker Road (4925) Building 1, Longitude:28.115334, Latitude:-26.007637]], [attributes:[Broadband_Buildings:Broadband Ready, Building_Name:Greenoakes (4923) Building 3, Longitude:28.115662, Latitude:-26.006393]], [attributes:[Broadband_Buildings:Broadband Ready, Building_Name:Fourways Office Park (4547) Building 2, Longitude:28.003365, Latitude:-26.017385]], [attributes:[Broadband_Buildings:Broadband Ready, Building_Name:Fourways Office Park (4549) Building 4, Longitude:28.003008, Latitude:-26.017645]], [attributes:[Broadband_Buildings:Broadband Ready, Building_Name:Fourways Office Park (4551) Building 6, Longitude:28.00228, Latitude:-26.017538]], [attributes:[Broadband_Buildings:Broadband Ready, Building_Name:Fourways Office Park (4552) Building 7, Longitude:28.00189, Latitude:-26.017271]], [attributes:[Broadband_Buildings:Broadband Ready, Building_Name:Fourways Office Park (4554) Building 9, Longitude:28.001606, Latitude:-26.016758]], [attributes:[Broadband_Buildings:Broadband Ready, Building_Name:Fourways Manor (4575) Building 4, Longitude:28.002764, Latitude:-26.013052]], [attributes:[Broadband_Buildings:Broadband Ready, Building_Name:Fourways Manor (4574) Building 3, Longitude:28.00331, Latitude:-26.013153]], [attributes:[Broadband_Buildings:Broadband Ready, Building_Name:Fourways Manor (4577) Building 6, Longitude:28.002878, Latitude:-26.012661]], [attributes:[Broadband_Buildings:Broadband Ready, Building_Name:Fourways Manor (4576) Building 5, Longitude:28.0033, Latitude:-26.012796]], [attributes:[Broadband_Buildings:Broadband Ready, Building_Name:Fourways Manor (4578) Building 7, Longitude:28.00339, Latitude:-26.012455]], [attributes:[Broadband_Buildings:Broadband Ready, Building_Name:Fourways Manor (4580) Building 9, Longitude:28.003275, Latitude:-26.012022]], [attributes:[Broadband_Buildings:Broadband Ready, Building_Name:Cnr Cedar & Uranuam, Building 1, Longitude:27.998013, Latitude:-26.013128]], [attributes:[Broadband_Buildings:Broadband Ready, Building_Name:23 Le Roux Avenue (2430) Building 1, Longitude:28.125113, Latitude:-26.012632]], [attributes:[Broadband_Buildings:Broadband Ready, Building_Name:5 Eddington Crescent (4110) Building 2, Longitude:28.181498, Latitude:-25.87356]], [attributes:[Broadband_Buildings:Broadband Ready, Building_Name:112 Richards Drive (2457) Building 2, Longitude:28.12215, Latitude:-26.015005]], [attributes:[Broadband_Buildings:Broadband Ready, Building_Name:112 Richards Drive (2458) Building 3, Longitude:28.122822, Latitude:-26.015448]], [attributes:[Broadband_Buildings:Broadband Ready, Building_Name:88 Richards Drive (2435) Building 2, Longitude:28.124073, Latitude:-26.012741]], [attributes:[Broadband_Buildings:Broadband Ready, Building_Name:150 - 152 Bryanston Drive (225) Building 1, Longitude:28.021976, Latitude:-26.047472]], [attributes:[Broadband_Buildings:Broadband Ready, Building_Name:3 Muswell Road (182) Block A, Longitude:28.022326, Latitude:-26.05269]], [attributes:[Broadband_Buildings:Broadband Ready, Building_Name:23 Eaton Avenue (224) , Longitude:28.020311, Latitude:-26.043255]], [attributes:[Broadband_Buildings:Broadband Ready, Building_Name:2 Eaton Avenue (212) 2 Eaton Avenue, Longitude:28.022182, Latitude:-26.04656]], [attributes:[Broadband_Buildings:Broadband Ready, Building_Name:24 Georgian Crescent (230) OAKLEY HOUSE, Longitude:28.018059, Latitude:-26.040379]], [attributes:[Broadband_Buildings:Broadband Ready, Building_Name:24 Georgian Crescent (231) JTI, Longitude:28.018953, Latitude:-26.04023]], [attributes:[Broadband_Buildings:Broadband Ready, Building_Name:Dunkeld Crescent West (280) Building B, Longitude:28.03146, Latitude:-26.126736]], [attributes:[Broadband_Buildings:Broadband Ready, Building_Name:20 Baker Street (265), Longitude:28.041716, Latitude:-26.148083]], [attributes:[Broadband_Buildings:Broadband Ready, Building_Name:24 Baker Street (262), Longitude:28.04211, Latitude:-26.148046]], [attributes:[Broadband_Buildings:Broadband Ready, Building_Name:12 Autumn Road, Longitude:28.05813, Latitude:-26.043768]], [attributes:[Broadband_Buildings:Broadband Ready, Building_Name:17 Autumn Road (251), Longitude:28.059305, Latitude:-26.043955]], [attributes:[Broadband_Buildings:Broadband Ready, Building_Name:19 Autumn Road (252), Building 1, Longitude:28.059233, Latitude:-26.044357]], [attributes:[Broadband_Buildings:Broadband Ready, Building_Name:FIRST AFRICA FINANCIAL SERVICES GROUP, Longitude:28.014725, Latitude:-26.04006]], [attributes:[Broadband_Buildings:Broadband Ready, Building_Name:36-38 Homestead Avenue (235) , Longitude:28.057268, Latitude:-26.048128]], [attributes:[Broadband_Buildings:Broadband Ready, Building_Name:42 Homestead Avenue (242), Building 2, Longitude:28.057259, Latitude:-26.047073]], [attributes:[Broadband_Buildings:Broadband Ready, Building_Name:17 Georgian Cresent (306), Building 1, Longitude:28.015316, Latitude:-26.038849]], [attributes:[Broadband_Buildings:Broadband Ready, Building_Name:85 Protea (176) Block C, Longitude:28.050356, Latitude:-26.117853]], [attributes:[Broadband_Buildings:Broadband Ready, Building_Name:19 Impala Road (149) Building 1, Longitude:28.050566, Latitude:-26.11592]], [attributes:[Broadband_Buildings:Broadband Ready, Building_Name:20 Georgian Crescent (329), Longitude:28.017315, Latitude:-26.038702]], [attributes:[Broadband_Buildings:Broadband Ready, Building_Name:Galela Telecomms, Longitude:28.016327, Latitude:-26.038853]], [attributes:[Broadband_Buildings:Broadband Ready, Building_Name:7 Mellis Road (298), Building 2, Longitude:28.057196, Latitude:-26.044336]], [attributes:[Broadband_Buildings:Broadband Ready, Building_Name:6 Mellis Road (296) Birch House, Longitude:28.056957, Latitude:-26.045218]], [attributes:[Broadband_Buildings:Broadband Ready, Building_Name:257 Oxford Road (687) Building 2, Longitude:28.048864, Latitude:-26.130762]], [attributes:[Broadband_Buildings:Broadband Ready, Building_Name:257 Oxford Road (688) Building 3, Longitude:28.048956, Latitude:-26.130447]], [attributes:[Broadband_Buildings:Broadband Ready, Building_Name:261 Oxford Road (510), Longitude:28.048729, Latitude:-26.129936]], [attributes:[Broadband_Buildings:Broadband Ready, Building_Name:33 Georgian Crescent (304), Building 4, Longitude:28.01722, Latitude:-26.037975]], [attributes:[Broadband_Buildings:Broadband Ready, Building_Name:8 Arnold Road (270), Longitude:28.04212, Latitude:-26.148895]], [attributes:[Broadband_Buildings:Broadband Ready, Building_Name:22 Hurlingham Road (132), Longitude:28.045866, Latitude:-26.135637]], [attributes:[Broadband_Buildings:Broadband Ready, Building_Name:7-11 Fricker Road (124) 11 Fricker Road, Longitude:28.046213, Latitude:-26.133547]], [attributes:[Broadband_Buildings:Broadband Ready, Building_Name:10 Fric ker Road (123), Illovo, Sandton, Longitude:28.04708, Latitude:-26.133715]], [attributes:[Broadband_Buildings:Broadband Ready, Building_Name:AIMS_Muiz, Longitude:18.470537, Latitude:-34.10711]], [attributes:[Broadband_Buildings:Broadband Ready, Building_Name:29 Westbrooke Drive (1324) , Longitude:28.07491, Latitude:-26.099447]], [attributes:[Broadband_Buildings:Broadband Ready, Building_Name:164 Katherine Street (1326) Block B, Longitude:28.075022, Latitude:-26.100346]], [attributes:[Broadband_Buildings:Broadband Ready, Building_Name:135 Patricia Rd (1336) Block 2, Longitude:28.069292, Latitude:-26.105158]], [attributes:[Broadband_Buildings:Broadband Ready, Building_Name:279 Kent Ave (551), Longitude:28.000292, Latitude:-26.097006]], [attributes:[Broadband_Buildings:Broadband Ready, Building_Name:252 Oak Ave (670) Block 8, Longitude:28.000269, Latitude:-26.100208]], [attributes:[Broadband_Buildings:Broadband Ready, Building_Name:252 Oak Ave (674) Block 9, Longitude:28.000217, Latitude:-26.100403]], [attributes:[Broadband_Buildings:Broadband Ready, Building_Name:252 Oak Ave (682) Block 10, Longitude:28.000088, Latitude:-26.100166]], [attributes:[Broadband_Buildings:Broadband Ready, Building_Name:38 Lebombo Road (2649) Lembombo Place B, Longitude:28.265373, Latitude:-25.782576]], [attributes:[Broadband_Buildings:Broadband Ready, Building_Name:36 Selati Road (2656) Selati Park, Longitude:28.264105, Latitude:-25.782402]], [attributes:[Broadband_Buildings:Broadband Ready, Building_Name:52 Selati Street (2642) Bridal Manor, Longitude:28.263523, Latitude:-25.783792]], [attributes:[Broadband_Buildings:Broadband Ready, Building_Name:169 Garsfontein Road (2643) Block A, Longitude:28.265638, Latitude:-25.7845]], [attributes:[Broadband_Buildings:Broadband Ready, Building_Name:169 Garsfontein Road (2644) Block B, Longitude:28.265486, Latitude:-25.784786]], [attributes:[Broadband_Buildings:Broadband Ready, Building_Name:AshleaGarden OfficePark (2640) Block 5, Longitude:28.266632, Latitude:-25.78424]], [attributes:[Broadband_Buildings:Broadband Ready, Building_Name:Alphen Park (2657) Building 1, Longitude:28.26375, Latitude:-25.783205]], [attributes:[Broadband_Buildings:Broadband Ready, Building_Name:43 & 45 Sovereign Drive (1958) Building 1, Longitude:28.25858, Latitude:-25.864054]], [attributes:[Broadband_Buildings:Broadband Ready, Building_Name:76 Regency Drive (2839), Longitude:28.255428, Latitude:-25.85912]], [attributes:[Broadband_Buildings:Broadband Ready, Building_Name:56 Regency Drive (2008), Building 1, Longitude:28.255547, Latitude:-25.861212]], [attributes:[Broadband_Buildings:Broadband Ready, Building_Name:1 Viceroy Link (2090) Bld 1, Longitude:28.256567, Latitude:-25.863111]], [attributes:[Broadband_Buildings:Broadband Ready, Building_Name:Midway Commercial Park, 949 Richards Dr (2469) Bld 1, Longitude:28.12285, Latitude:-26.011547]], [attributes:[Broadband_Buildings:Broadband Ready, Building_Name:51 Richards Dr (2431), Longitude:28.122255, Latitude:-26.01271]], [attributes:[Broadband_Buildings:Broadband Ready, Building_Name:128 Richards Drive (2429) Building 1, Longitude:28.120222, Latitude:-26.016933]], [attributes:[Broadband_Buildings:Broadband Ready, Building_Name:124 Richards Drive (2471), Building 1, Longitude:28.121012, Latitude:-26.016764]], [attributes:[Broadband_Buildings:Broadband Ready, Building_Name:24 Georgian Crescent (228) MOORGATE HOUSE, Longitude:28.01875, Latitude:-26.039751]], [attributes:[Broadband_Buildings:Broadband Ready, Building_Name:3 Muswell Road (183) Block B, Longitude:28.021866, Latitude:-26.052692]], [attributes:[Broadband_Buildings:Broadband Ready, Building_Name:3 Muswell Road (184) Block C, Longitude:28.021807, Latitude:-26.05223]], [attributes:[Broadband_Buildings:Broadband Ready, Building_Name:3 Muswell Road (188) Block G, Longitude:28.02182, Latitude:-26.05136]], [attributes:[Broadband_Buildings:Broadband Ready, Building_Name:Peer_Muswell, Longitude:28.02346, Latitude:-26.050514]], [attributes:[Broadband_Buildings:Broadband Ready, Building_Name:17 Muswell (Volcano) (202) Volcano, Longitude:28.022831, Latitude:-26.048857]], [attributes:[Broadband_Buildings:Broadband Ready, Building_Name:9 Quantumn Street (799) Building 1, Longitude:18.839752, Latitude:-33.964012]], [attributes:[Broadband_Buildings:Broadband Ready, Building_Name:Innovation Centre II (1780), Longitude:18.83536, Latitude:-33.96524]], [attributes:[Broadband_Buildings:Broadband Ready, Building_Name:MBV Building (750) Buiding 1, Longitude:18.836159, Latitude:-33.965527]], [attributes:[Broadband_Buildings:Broadband Ready, Building_Name:Octo Place (764) Octo Place 1, Longitude:18.836767, Latitude:-33.965244]], [attributes:[Broadband_Buildings:Broadband Ready, Building_Name:Octo Place (765) Octo Place 2, Longitude:18.83658, Latitude:-33.96493]], [attributes:[Broadband_Buildings:Broadband Ready, Building_Name:Octo Place (766) Octo Place 3, Longitude:18.836868, Latitude:-33.964493]], [attributes:[Broadband_Buildings:Broadband Ready, Building_Name:Alere Health Care (Pty)Ltd, Longitude:28.087227, Latitude:-26.057232]], [attributes:[Broadband_Buildings:Broadband Ready, Building_Name:140 Western Service Rd (2497) Cypress Place 1, Longitude:28.089043, Latitude:-26.060713]], [attributes:[Broadband_Buildings:Broadband Ready, Building_Name:140 Western Service Rd (2680) Cypress Place 2, Longitude:28.088982, Latitude:-26.06035]], [attributes:[Broadband_Buildings:Broadband Ready, Building_Name:430 Janadel Ave (2340), Longitude:28.12026, Latitude:-26.001787]], [attributes:[Broadband_Buildings:Broadband Ready, Building_Name:Riverview Office Park (2623), Longitude:28.119633, Latitude:-25.997753]], [attributes:[Broadband_Buildings:Broadband Ready, Building_Name:Riverview Office Park (2624), Longitude:28.120165, Latitude:-25.997347]], [attributes:[Broadband_Buildings:Broadband Ready, Building_Name:Riverview Office Park, Longitude:28.12009, Latitude:-25.998594]], [attributes:[Broadband_Buildings:Broadband Ready, Building_Name:11 - 13 St Andrews Road (4085) Building 1, Longitude:28.034344, Latitude:-26.18229]], [attributes:[Broadband_Buildings:Broadband Ready, Building_Name:Ballywoods Office Park (894) Cedarwood House (Building 2), Longitude:28.028955, Latitude:-26.074614]], [attributes:[Broadband_Buildings:Broadband Ready, Building_Name:Ballyoaks Office Park (3961) Block E, Longitude:28.031992, Latitude:-26.073267]], [attributes:[Broadband_Buildings:Broadband Ready, Building_Name:Ballyoaks Office Park (570) Block B, Longitude:28.03126, Latitude:-26.073366]], [attributes:[Broadband_Buildings:Broadband Ready, Building_Name:Peer_Ballyclare, Longitude:28.030539, Latitude:-26.07366]], [attributes:[Broadband_Buildings:Broadband Ready, Building_Name:Nil Data, Longitude:28.015388, Latitude:-26.040485]], [attributes:[Broadband_Buildings:Broadband Ready, Building_Name:17 Georgian Cresent (308), Building 3, Longitude:28.015203, Latitude:-26.039614]], [attributes:[Broadband_Buildings:Broadband Ready, Building_Name:Glenfield Office Park Block F, Longitude:28.28964, Latitude:-25.780802]], [attributes:[Broadband_Buildings:Broadband Ready, Building_Name:The Village Office Park (2331) Block D, Longitude:28.291563, Latitude:-25.780327]], [attributes:[Broadband_Buildings:Broadband Ready, Building_Name:The Village Office Park (2332) Block E, Longitude:28.291565, Latitude:-25.780083]], [attributes:[Broadband_Buildings:Broadband Ready, Building_Name:Harrowdene Office Park (1499) Building 6, Longitude:28.089064, Latitude:-26.065353]], [attributes:[Broadband_Buildings:Broadband Ready, Building_Name:Harrowdene Office Park (2844) Building 18, Longitude:28.084904, Latitude:-26.064999]], [attributes:[Broadband_Buildings:Broadband Ready, Building_Name:Harrowdene Office Park (2845) Building 19, Longitude:28.085138, Latitude:-26.066017]], [attributes:[Broadband_Buildings:Broadband Ready, Building_Name:Woodmead Estate (3949), 1 Woodmead Drive, Woodmead, Johannesburg, Building 11, Longitude:28.088871, Latitude:-26.054321]], [attributes:[Broadband_Buildings:Broadband Ready, Building_Name:Woodmead Estate (3950), 1 Woodmead Drive, Woodmead, Johannesburg, Building 11, Longitude:28.089264, Latitude:-26.054426]], [attributes:[Broadband_Buildings:Broadband Ready, Building_Name:14 Skeen Blvd (1163), Longitude:28.132526, Latitude:-26.176102]], [attributes:[Broadband_Buildings:Broadband Ready, Building_Name:1 PARK STREET(1493), Longitude:28.135864, Latitude:-26.177322]], [attributes:[Broadband_Buildings:Broadband Ready, Building_Name:14 Hawley (1511), Longitude:28.135805, Latitude:-26.176504]], [attributes:[Broadband_Buildings:Broadband Ready, Building_Name:Peer_Skeen Boulevard(18451), Longitude:28.133532, Latitude:-26.172523]], [attributes:[Broadband_Buildings:Broadband Ready, Building_Name:9-11 Concorde Rd East (1512), Longitude:28.134237, Latitude:-26.171583]], [attributes:[Broadband_Buildings:Broadband Ready, Building_Name:18 Hawley Road (1490), Building 1, Longitude:28.135468, Latitude:-26.175304]], [attributes:[Broadband_Buildings:Broadband Ready, Building_Name:ACC_VB_MICA(1166), Longitude:28.13286, Latitude:-26.174212]], [attributes:[Broadband_Buildings:Broadband Ready, Building_Name:4 Bella Rosa (2722) Building 1, Longitude:18.640501, Latitude:-33.86859]], [attributes:[Broadband_Buildings:Broadband Ready, Building_Name:Balfour Office Park (2738) Building 3, Longitude:18.64029, Latitude:-33.871468]], [attributes:[Broadband_Buildings:Broadband Ready, Building_Name:Balfour Office Park (2739) Building 4, Longitude:18.639923, Latitude:-33.871407]], [attributes:[Broadband_Buildings:Broadband Ready, Building_Name:Belvedere Office Park (Swish Properties) (2745) Building 1, Longitude:18.641758, Latitude:-33.868393]], [attributes:[Broadband_Buildings:Broadband Ready, Building_Name:Sunbird Office Park (2758) Building 6, Longitude:18.640873, Latitude:-33.87027]], [attributes:[Broadband_Buildings:Broadband Ready, Building_Name:1 Kikuyu Road (372) 1 Kikuyu Road, Longitude:28.063961, Latitude:-26.034521]], [attributes:[Broadband_Buildings:Broadband Ready, Building_Name:The Core (366) The Core Retail Square, Longitude:28.06482, Latitude:-26.036165]], [attributes:[Broadband_Buildings:Broadband Ready, Building_Name:5 Eglin Road (651) Block C, Longitude:28.068876, Latitude:-26.033539]], [attributes:[Broadband_Buildings:Broadband Ready, Building_Name:3 Eglin Road (590) East Wing, Building A & B, Longitude:28.067604, Latitude:-26.032412]], [attributes:[Broadband_Buildings:Broadband Ready, Building_Name:3 Eglin Road (600) East wing, Building C, Longitude:28.067648, Latitude:-26.031675]], [attributes:[Broadband_Buildings:Broadband Ready, Building_Name:144 Katherine (3050) Building 1, Longitude:28.07169, Latitude:-26.104485]], [attributes:[Broadband_Buildings:Broadband Ready, Building_Name:164 Katherine Str (1778) Building 2, Longitude:28.072815, Latitude:-26.103739]], [attributes:[Broadband_Buildings:Broadband Ready, Building_Name:101 Hertzog Boulevard, Foreshore, Cape Town(3106), Longitude:18.431807, Latitude:-33.92138]], [attributes:[Broadband_Buildings:Broadband Ready, Building_Name:89 Hertzog Boulevard (3107), Longitude:18.431555, Latitude:-33.921223]], [attributes:[Broadband_Buildings:Broadband Ready, Building_Name:73 Hertzog Boulevard (3108)/European Automotive, Longitude:18.430956, Latitude:-33.92071]], [attributes:[Broadband_Buildings:Broadband Ready, Building_Name:Peer_Kent, Longitude:27.998775, Latitude:-26.095072]], [attributes:[Broadband_Buildings:Broadband Ready, Building_Name:Boston City Campus Randburg JHB (97680) , Longitude:28.001091, Latitude:-26.092651]], [attributes:[Broadband_Buildings:Broadband Ready, Building_Name:267 Oak Ave (659) Building 3, Longitude:28.002676, Latitude:-26.098717]], [attributes:[Broadband_Buildings:Broadband Ready, Building_Name:261 Oak Ave (518), Longitude:28.001425, Latitude:-26.099339]], [attributes:[Broadband_Buildings:Broadband Ready, Building_Name:13 Fredman Drive (2912) Building 1, Longitude:28.054113, Latitude:-26.101294]], [attributes:[Broadband_Buildings:Broadband Ready, Building_Name:39 Selati Street (Block B) (2635) Block B, Longitude:28.264837, Latitude:-25.782799]], [attributes:[Broadband_Buildings:Broadband Ready, Building_Name:RiverwalkOfficePark (PIC) (2655) Block 3, Longitude:28.269608, Latitude:-25.78426]], [attributes:[Broadband_Buildings:Broadband Ready, Building_Name:88 Sovereign Drive (1981), Building 1, Longitude:28.25736, Latitude:-25.861347]], [attributes:[Broadband_Buildings:Broadband Ready, Building_Name:Vusela, Longitude:28.257004, Latitude:-25.86126]], [attributes:[Broadband_Buildings:Broadband Ready, Building_Name:Symplexity, Longitude:28.256174, Latitude:-25.860888]], [attributes:[Broadband_Buildings:Broadband Ready, Building_Name:108 Sovereign Drive (2042) Bld 1, Longitude:28.256973, Latitude:-25.859537]], [attributes:[Broadband_Buildings:Broadband Ready, Building_Name:26 Victoria Link (2050) Building 1, Longitude:28.255947, Latitude:-25.85942]], [attributes:[Broadband_Buildings:Broadband Ready, Building_Name:Annique Health & Beauty, Longitude:28.255764, Latitude:-25.863523]], [attributes:[Broadband_Buildings:Broadband Ready, Building_Name:43 Regency Drive (2073) Building 1, Longitude:28.255634, Latitude:-25.862911]], [attributes:[Broadband_Buildings:Broadband Ready, Building_Name:RCE Consultants, Longitude:28.256954, Latitude:-25.85921]], [attributes:[Broadband_Buildings:Broadband Ready, Building_Name:4 Regency Drive (2103), Building 1, Longitude:28.257866, Latitude:-25.86497]], [attributes:[Broadband_Buildings:Broadband Ready, Building_Name:37 Sovereign Drive (1960) Bld 1, Longitude:28.258604, Latitude:-25.864367]], [attributes:[Broadband_Buildings:Broadband Ready, Building_Name:90 Sovereign Drive (1980), Building 1, Longitude:28.257275, Latitude:-25.86114]], [attributes:[Broadband_Buildings:Broadband Ready, Building_Name:62 Regency Drive (2009) Bld 1, Longitude:28.255598, Latitude:-25.860882]], [attributes:[Broadband_Buildings:Broadband Ready, Building_Name:119 Sovereign Drive (2028) Bld 1, Longitude:28.257256, Latitude:-25.8579]], [attributes:[Broadband_Buildings:Broadband Ready, Building_Name:51 Regency Drive (3980), Building 1, Longitude:28.2552, Latitude:-25.861967]], [attributes:[Broadband_Buildings:Broadband Ready, Building_Name:69 & 71 Regency Drive (2016) Bld B, Longitude:28.254501, Latitude:-25.86011]], [attributes:[Broadband_Buildings:Broadband Ready, Building_Name:450 16th Rd  (1531) Building 2, Longitude:28.132624, Latitude:-25.977667]], [attributes:[Broadband_Buildings:Broadband Ready, Building_Name:400, 16th Ave (1473) Block C, Longitude:28.132011, Latitude:-25.980974]], [attributes:[Broadband_Buildings:Broadband Ready, Building_Name:Renault Garage (2262) Building 1, Longitude:28.02041, Latitude:-26.050915]], [attributes:[Broadband_Buildings:Broadband Ready, Building_Name:Epsom Downs Office Park (1888) Antree House, Longitude:28.013397, Latitude:-26.043509]], [attributes:[Broadband_Buildings:Broadband Ready, Building_Name:34 Culross Rd (1880), Building 3, Longitude:28.026005, Latitude:-26.045109]], [attributes:[Broadband_Buildings:Broadband Ready, Building_Name:34 Culross Rd (1881), Building 4, Longitude:28.02605, Latitude:-26.045404]], [attributes:[Broadband_Buildings:Broadband Ready, Building_Name:34 Culross Rd (1882) Building 5, Longitude:28.02552, Latitude:-26.0452]], [attributes:[Broadband_Buildings:Broadband Ready, Building_Name:135 Rivonia Road (2948) Building 1, Longitude:28.058662, Latitude:-26.102053]], [attributes:[Broadband_Buildings:Broadband Ready, Building_Name:102 Edward Street (7740), Longitude:18.635883, Latitude:-33.880604]], [attributes:[Broadband_Buildings:Broadband Ready, Building_Name:100 Edward Street (2591) Building 1, Longitude:18.635988, Latitude:-33.88112]], [attributes:[Broadband_Buildings:Broadband Ready, Building_Name:265 Durban Road (2569) Building 1, Longitude:18.636045, Latitude:-33.88173]], [attributes:[Broadband_Buildings:Broadband Ready, Building_Name:Selective House (2595), Longitude:18.635435, Latitude:-33.882385]], [attributes:[Broadband_Buildings:Broadband Ready, Building_Name:285 Durban Road (2599) Building 1, Longitude:18.63652, Latitude:-33.87925]], [attributes:[Broadband_Buildings:Broadband Ready, Building_Name:Tygervalley Chambers Five, Longitude:18.634398, Latitude:-33.881973]], [attributes:[Broadband_Buildings:Broadband Ready, Building_Name:11 Westlake Drive (1802) , Longitude:18.439657, Latitude:-34.07845]], [attributes:[Broadband_Buildings:Broadband Ready, Building_Name:4 Otto Close (1804), Longitude:18.440022, Latitude:-34.07971]], [attributes:[Broadband_Buildings:Broadband Ready, Building_Name:7D Bell Crescent (1828) , Longitude:18.436953, Latitude:-34.07901]], [attributes:[Broadband_Buildings:Broadband Ready, Building_Name:9B Bell Crescent Close, Longitude:18.43656, Latitude:-34.079025]], [attributes:[Broadband_Buildings:Broadband Ready, Building_Name:11 Bell Crescent (1211), Longitude:18.4359, Latitude:-34.078854]], [attributes:[Broadband_Buildings:Broadband Ready, Building_Name:44 Bell Crescent (1221) , Longitude:18.43599, Latitude:-34.077515]], [attributes:[Broadband_Buildings:Broadband Ready, Building_Name:7A Bell Crescent (1827), Longitude:18.437138, Latitude:-34.07938]], [attributes:[Broadband_Buildings:Broadband Ready, Building_Name:9A Bell Crescent (1809) , Longitude:18.436749, Latitude:-34.07888]], [attributes:[Broadband_Buildings:Broadband Ready, Building_Name:45 Wierda Road (356) Building 1, Longitude:28.056232, Latitude:-26.112614]], [attributes:[Broadband_Buildings:Broadband Ready, Building_Name:66 Wierda Road East (338), Longitude:28.060537, Latitude:-26.111813]], [attributes:[Broadband_Buildings:Broadband Ready, Building_Name:115 West Street (601), Longitude:28.058342, Latitude:-26.1087]], [attributes:[Broadband_Buildings:Broadband Ready, Building_Name:45 Wierda Road (615) Building 2, Longitude:28.056469, Latitude:-26.112518]], [attributes:[Broadband_Buildings:Broadband Ready, Building_Name:63 Wierda Road (617) Building 2, Longitude:28.059263, Latitude:-26.110401]], [attributes:[Broadband_Buildings:Broadband Ready, Building_Name:4 Coombe Place - Unit 1 (423) Building 1, Longitude:28.058844, Latitude:-26.041029]], [attributes:[Broadband_Buildings:Broadband Ready, Building_Name:57 Wessels Road (791) Building B, Longitude:28.060408, Latitude:-26.045326]], [attributes:[Broadband_Buildings:Broadband Ready, Building_Name:376 Rivonia Boulevard (597) 376 Rivonia Road, Longitude:28.0598, Latitude:-26.046144]], [attributes:[Broadband_Buildings:Broadband Ready, Building_Name:23 Fredman Drive (4039) Building 1, Longitude:28.050747, Latitude:-26.103643]], [attributes:[Broadband_Buildings:Broadband Ready, Building_Name:25 Fredman Drive (4041), Building 1, Longitude:28.049948, Latitude:-26.104044]], [attributes:[Broadband_Buildings:Broadband Ready, Building_Name:138 Rivonia Road (3827) Building 1, Longitude:28.060013, Latitude:-26.101404]], [attributes:[Broadband_Buildings:Broadband Ready, Building_Name:39 Empire Road (2481) Building 2, Longitude:28.022749, Latitude:-26.183067]], [attributes:[Broadband_Buildings:Broadband Ready, Building_Name:45 Empire Road (2486) Building 1, Longitude:28.023514, Latitude:-26.183496]], [attributes:[Broadband_Buildings:Broadband Ready, Building_Name:338 George Street (1288) Building C
, Longitude:28.133434, Latitude:-25.964922]], [attributes:[Broadband_Buildings:Broadband Ready, Building_Name:338 George Street (1289) Building D
, Longitude:28.134151, Latitude:-25.964684]], [attributes:[Broadband_Buildings:Broadband Ready, Building_Name:Tilbury Office Park (1357) F1-F3
, Longitude:28.13775, Latitude:-25.959269]], [attributes:[Broadband_Buildings:Broadband Ready, Building_Name:260 15th Road (1751) Building 2
, Longitude:28.131296, Latitude:-25.97296]], [attributes:[Broadband_Buildings:Broadband Ready, Building_Name:3 Pepper Close, Rainbow Park (1576), Building 1, Longitude:18.513725, Latitude:-33.864964]], [attributes:[Broadband_Buildings:Broadband Ready, Building_Name:3 Pepper Close, Rainbow Park (1577), Building 2, Longitude:18.514244, Latitude:-33.864815]], [attributes:[Broadband_Buildings:Broadband Ready, Building_Name:15 Kunene Circle, Omuramba Business Park  (1553), Building 1, Longitude:18.51269, Latitude:-33.86165]], [attributes:[Broadband_Buildings:Broadband Ready, Building_Name:6 Kunene Circle Omuramba Business Park (1564) Bld 1 (Friem), Longitude:18.513374, Latitude:-33.861954]], [attributes:[Broadband_Buildings:Broadband Ready, Building_Name:17 Kunene Circle (4080), Building 1, Longitude:18.51373, Latitude:-33.86191]], [attributes:[Broadband_Buildings:Broadband Ready, Building_Name:15 Longclaw Drive (1603) Bld 1, Longitude:18.513155, Latitude:-33.865723]], [attributes:[Broadband_Buildings:Broadband Ready, Building_Name:16/48 Richards Drive (2466) Building 2, Longitude:28.124264, Latitude:-26.013378]], [attributes:[Broadband_Buildings:Broadband Ready, Building_Name:100 Armstrong Avenue (2768) Building 2, Longitude:31.067099, Latitude:-29.741507]], [attributes:[Broadband_Buildings:Broadband Ready, Building_Name:100 Armstrong Avenue (2770) Building 4, Longitude:31.067537, Latitude:-29.740932]], [attributes:[Broadband_Buildings:Broadband Ready, Building_Name:100 Armstrong Avenue (2769) Building 3, Longitude:31.067501, Latitude:-29.741325]], [attributes:[Broadband_Buildings:Broadband Ready, Building_Name:73 Richefond Circle (2786) , Longitude:31.071718, Latitude:-29.736444]], [attributes:[Broadband_Buildings:Broadband Ready, Building_Name:69 Richefond Circle (2784) , Longitude:31.071827, Latitude:-29.736187]], [attributes:[Broadband_Buildings:Broadband Ready, Building_Name:The Offices of Hyde Park (1935) Building B, Longitude:28.03268, Latitude:-26.118563]], [attributes:[Broadband_Buildings:Broadband Ready, Building_Name:2 Pieter Str (1250), Longitude:28.187399, Latitude:-25.87141]], [attributes:[Broadband_Buildings:Broadband Ready, Building_Name:177 Jan Smuts Ave (2941) Building 1, Longitude:28.03459, Latitude:-26.147552]], [attributes:[Broadband_Buildings:Broadband Ready, Building_Name:179 Jan Smuts Avenue (2891) Building 1, Longitude:28.034723, Latitude:-26.147144]], [attributes:[Broadband_Buildings:Broadband Ready, Building_Name:181 Jan Smuts Ave (2890) Building 1, Longitude:28.03482, Latitude:-26.146917]], [attributes:[Broadband_Buildings:Broadband Ready, Building_Name:158 Jan Smuts Ave (2996) Building 1, Longitude:28.035976, Latitude:-26.146894]], [attributes:[Broadband_Buildings:Broadband Ready, Building_Name:64 Capital Hill (2399) Building 1, Longitude:28.12646, Latitude:-26.01179]], [attributes:[Broadband_Buildings:Broadband Ready, Building_Name:65 Capital Hill (2400) Building 1, Longitude:28.12707, Latitude:-26.011091]], [attributes:[Broadband_Buildings:Broadband Ready, Building_Name:82 Capital Hill (2415), Building 1, Longitude:28.127693, Latitude:-26.011702]], [attributes:[Broadband_Buildings:Broadband Ready, Building_Name:54 Peter Place (587) Blackburn House, Longitude:28.021376, Latitude:-26.08253]], [attributes:[Broadband_Buildings:Broadband Ready, Building_Name:Sandton Medi Clinic (712) Building 2, Longitude:28.012444, Latitude:-26.077602]], [attributes:[Broadband_Buildings:Broadband Ready, Building_Name:Coachman Crossing Office Park (709)  Block C, Longitude:28.015894, Latitude:-26.079884]], [attributes:[Broadband_Buildings:Broadband Ready, Building_Name:MedFem  (585), Longitude:28.011969, Latitude:-26.079082]], [attributes:[Broadband_Buildings:Broadband Ready, Building_Name:Design Quarter District (2388), Leslie Avenue, Building 5, Longitude:28.012884, Latitude:-26.030392]], [attributes:[Broadband_Buildings:Broadband Ready, Building_Name:346 James Crescent (2186) Building 1, Longitude:28.124115, Latitude:-26.007584]], [attributes:[Broadband_Buildings:Broadband Ready, Building_Name:748 Richards Drive (2148) Building A, Longitude:28.126366, Latitude:-26.006847]], [attributes:[Broadband_Buildings:Broadband Ready, Building_Name:726 Richards Drive (2151) Building 1, Longitude:28.127071, Latitude:-26.006382]], [attributes:[Broadband_Buildings:Broadband Ready, Building_Name:628 James Crescent (2163) Building 9, Longitude:28.126919, Latitude:-26.004911]], [attributes:[Broadband_Buildings:Broadband Ready, Building_Name:347 James Crescent (2182) Building 3, Longitude:28.123442, Latitude:-26.007729]], [attributes:[Broadband_Buildings:Broadband Ready, Building_Name:718 James Crescent (2171) Building 1, Longitude:28.125702, Latitude:-26.002947]], [attributes:[Broadband_Buildings:Broadband Ready, Building_Name:138 Frikkie De Beer (2352) Building 4, Longitude:28.279625, Latitude:-25.782856]], [attributes:[Broadband_Buildings:Broadband Ready, Building_Name:Menlyn Corner (2356) Building 1, Longitude:28.278206, Latitude:-25.78241]], [attributes:[Broadband_Buildings:Broadband Ready, Building_Name:Gallagher Corner (4244) Building 4, Longitude:28.128227, Latitude:-26.004913]], [attributes:[Broadband_Buildings:Broadband Ready, Building_Name:3001 William Nicol Dr (1915), Building 5/6, Longitude:28.018011, Latitude:-26.045477]], [attributes:[Broadband_Buildings:Broadband Ready, Building_Name:Rudolph & Van Vuuren, Longitude:18.512718, Latitude:-33.86198]], [attributes:[Broadband_Buildings:Broadband Ready, Building_Name:51 Empire Road (2488) Building 1, Longitude:28.024387, Latitude:-26.183914]], [attributes:[Broadband_Buildings:Broadband Ready, Building_Name:1267 Pretorius Street Building 2, Longitude:28.243122, Latitude:-25.74435]], [attributes:[Broadband_Buildings:Broadband Ready, Building_Name:1267 Pretorius Street (3014) Building 1, Longitude:28.243053, Latitude:-25.744709]], [attributes:[Broadband_Buildings:Broadband Ready, Building_Name:1267 Pretorius Street (3466) Building 3, Longitude:28.243824, Latitude:-25.744349]], [attributes:[Broadband_Buildings:Broadband Ready, Building_Name:Tilbury Office Park (1356) E1-E3
, Longitude:28.138712, Latitude:-25.959532]], [attributes:[Broadband_Buildings:Broadband Ready, Building_Name:12 - 14 Pieter Str  (1256), Longitude:28.188374, Latitude:-25.871218]], [attributes:[Broadband_Buildings:Broadband Ready, Building_Name:14a Jellicoe Avenue (4095) Building 1, Longitude:28.038895, Latitude:-26.143023]], [attributes:[Broadband_Buildings:Broadband Ready, Building_Name:166 Witch-Hazel Ave (1264) Building 1, Longitude:28.183517, Latitude:-25.872236]], [attributes:[Broadband_Buildings:Broadband Ready, Building_Name:89 Bute Lane (2905), Longitude:28.055182, Latitude:-26.100138]], [attributes:[Broadband_Buildings:Broadband Ready, Building_Name:100 Grayston Drive (2897) Building 1, Longitude:28.057018, Latitude:-26.09911]], [attributes:[Broadband_Buildings:Broadband Ready, Building_Name:159 Rivonia Road (3916), Longitude:28.056456, Latitude:-26.09723]], [attributes:[Broadband_Buildings:Broadband Ready, Building_Name:27 Fredman Drive (4048) 27 Freman Drive, Longitude:28.05021, Latitude:-26.104668]], [attributes:[Broadband_Buildings:Broadband Ready, Building_Name:11 Alice Lane (4032) Building 1, Longitude:28.050512, Latitude:-26.107515]]], exceededTransferLimit:true]

at java.base/jdk.internal.reflect.NativeConstructorAccessorImpl.newInstance0(Native Method)
at java.base/jdk.internal.reflect.NativeConstructorAccessorImpl.newInstance(NativeConstructorAccessorImpl.java:62)
at java.base/jdk.internal.reflect.DelegatingConstructorAccessorImpl.newInstance(DelegatingConstructorAccessorImpl.java:45)
at java.base/java.lang.reflect.Constructor.newInstanceWithCaller(Constructor.java:500)
at java.base/java.lang.reflect.Constructor.newInstance(Constructor.java:481)
at org.codehaus.groovy.reflection.CachedConstructor.invoke(CachedConstructor.java:80)
at org.codehaus.groovy.reflection.CachedConstructor.doConstructorInvoke(CachedConstructor.java:74)
at org.codehaus.groovy.runtime.callsite.ConstructorSite$ConstructorSiteNoUnwrap.callConstructor(ConstructorSite.java:84)
at org.codehaus.groovy.runtime.callsite.AbstractCallSite.callConstructor(AbstractCallSite.java:249)
at io.restassured.internal.ResponseSpecificationImpl$HamcrestAssertionClosure.validate(ResponseSpecificationImpl.groovy:493)
at io.restassured.internal.ResponseSpecificationImpl$HamcrestAssertionClosure$validate$1.call(Unknown Source)
at io.restassured.internal.ResponseSpecificationImpl.validateResponseIfRequired(ResponseSpecificationImpl.groovy:674)
at jdk.internal.reflect.GeneratedMethodAccessor14.invoke(Unknown Source)
at java.base/jdk.internal.reflect.DelegatingMethodAccessorImpl.invoke(DelegatingMethodAccessorImpl.java:43)
at java.base/java.lang.reflect.Method.invoke(Method.java:567)
at org.codehaus.groovy.runtime.callsite.PlainObjectMetaMethodSite.doInvoke(PlainObjectMetaMethodSite.java:43)
at org.codehaus.groovy.runtime.callsite.PogoMetaMethodSite$PogoCachedMethodSiteNoUnwrapNoCoerce.invoke(PogoMetaMethodSite.java:190)
at org.codehaus.groovy.runtime.callsite.PogoMetaMethodSite.callCurrent(PogoMetaMethodSite.java:58)
at org.codehaus.groovy.runtime.callsite.AbstractCallSite.callCurrent(AbstractCallSite.java:168)
at io.restassured.internal.ResponseSpecificationImpl.body(ResponseSpecificationImpl.groovy:98)
at io.restassured.internal.ValidatableResponseOptionsImpl.body(ValidatableResponseOptionsImpl.java:238)
at io.restassured.internal.ValidatableResponseImpl.super$2$body(ValidatableResponseImpl.groovy)
at jdk.internal.reflect.GeneratedMethodAccessor199.invoke(Unknown Source)
at java.base/jdk.internal.reflect.DelegatingMethodAccessorImpl.invoke(DelegatingMethodAccessorImpl.java:43)
at java.base/java.lang.reflect.Method.invoke(Method.java:567)
at org.codehaus.groovy.reflection.CachedMethod.invoke(CachedMethod.java:101)
at groovy.lang.MetaMethod.doMethodInvoke(MetaMethod.java:323)
at groovy.lang.MetaClassImpl.invokeMethod(MetaClassImpl.java:1217)
at org.codehaus.groovy.runtime.ScriptBytecodeAdapter.invokeMethodOnSuperN(ScriptBytecodeAdapter.java:144)
at io.restassured.internal.ValidatableResponseImpl.body(ValidatableResponseImpl.groovy:293)
at io.restassured.internal.ValidatableResponseImpl.body(ValidatableResponseImpl.groovy)
at com.ICM_UxAPI.GetBroadbandReadyBuildings.resultOffsetParamIs1001getBroadbandReadyBuildings(GetBroadbandReadyBuildings.java:126)
at java.base/jdk.internal.reflect.NativeMethodAccessorImpl.invoke0(Native Method)
at java.base/jdk.internal.reflect.NativeMethodAccessorImpl.invoke(NativeMethodAccessorImpl.java:62)
at java.base/jdk.internal.reflect.DelegatingMethodAccessorImpl.invoke(DelegatingMethodAccessorImpl.java:43)
at java.base/java.lang.reflect.Method.invoke(Method.java:567)
at org.testng.internal.MethodInvocationHelper.invokeMethod(MethodInvocationHelper.java:124)
at org.testng.internal.Invoker.invokeMethod(Invoker.java:583)
at org.testng.internal.Invoker.invokeTestMethod(Invoker.java:719)
at org.testng.internal.Invoker.invokeTestMethods(Invoker.java:989)
at org.testng.internal.TestMethodWorker.invokeTestMethods(TestMethodWorker.java:125)
at org.testng.internal.TestMethodWorker.run(TestMethodWorker.java:109)
at org.testng.TestRunner.privateRun(TestRunner.java:648)
at org.testng.TestRunner.run(TestRunner.java:505)
at org.testng.SuiteRunner.runTest(SuiteRunner.java:455)
at org.testng.SuiteRunner.access$000(SuiteRunner.java:40)
at org.testng.SuiteRunner$SuiteWorker.run(SuiteRunner.java:489)
at org.testng.internal.thread.ThreadUtil$1.call(ThreadUtil.java:52)
at java.base/java.util.concurrent.FutureTask.run(FutureTask.java:264)
at java.base/java.util.concurrent.ThreadPoolExecutor.runWorker(ThreadPoolExecutor.java:1128)
at java.base/java.util.concurrent.ThreadPoolExecutor$Worker.run(ThreadPoolExecutor.java:628)
at java.base/java.lang.Thread.run(Thread.java:830)
]]>
    </failure>
  </testcase> <!-- resultOffsetParamIs1001getBroadbandReadyBuildings -->
  <testcase classname="com.ICM_UxAPI.GetBroadbandReadyBuildings" name="resultOffsetLastParamIs8000getBroadbandReadyBuildings" time="1.339">
    <failure message="1 expectation failed.
JSON path exceededTransferLimit doesn&#039;t match.
Expected: is &lt;true&gt;
  Actual: null
" type="java.lang.AssertionError">
      <![CDATA[java.lang.AssertionError: 1 expectation failed.
JSON path exceededTransferLimit doesn't match.
Expected: is <true>
  Actual: null

at java.base/jdk.internal.reflect.NativeConstructorAccessorImpl.newInstance0(Native Method)
at java.base/jdk.internal.reflect.NativeConstructorAccessorImpl.newInstance(NativeConstructorAccessorImpl.java:62)
at java.base/jdk.internal.reflect.DelegatingConstructorAccessorImpl.newInstance(DelegatingConstructorAccessorImpl.java:45)
at java.base/java.lang.reflect.Constructor.newInstanceWithCaller(Constructor.java:500)
at java.base/java.lang.reflect.Constructor.newInstance(Constructor.java:481)
at org.codehaus.groovy.reflection.CachedConstructor.invoke(CachedConstructor.java:80)
at org.codehaus.groovy.reflection.CachedConstructor.doConstructorInvoke(CachedConstructor.java:74)
at org.codehaus.groovy.runtime.callsite.ConstructorSite$ConstructorSiteNoUnwrap.callConstructor(ConstructorSite.java:84)
at org.codehaus.groovy.runtime.callsite.AbstractCallSite.callConstructor(AbstractCallSite.java:249)
at io.restassured.internal.ResponseSpecificationImpl$HamcrestAssertionClosure.validate(ResponseSpecificationImpl.groovy:493)
at io.restassured.internal.ResponseSpecificationImpl$HamcrestAssertionClosure$validate$1.call(Unknown Source)
at io.restassured.internal.ResponseSpecificationImpl.validateResponseIfRequired(ResponseSpecificationImpl.groovy:674)
at jdk.internal.reflect.GeneratedMethodAccessor14.invoke(Unknown Source)
at java.base/jdk.internal.reflect.DelegatingMethodAccessorImpl.invoke(DelegatingMethodAccessorImpl.java:43)
at java.base/java.lang.reflect.Method.invoke(Method.java:567)
at org.codehaus.groovy.runtime.callsite.PlainObjectMetaMethodSite.doInvoke(PlainObjectMetaMethodSite.java:43)
at org.codehaus.groovy.runtime.callsite.PogoMetaMethodSite$PogoCachedMethodSiteNoUnwrapNoCoerce.invoke(PogoMetaMethodSite.java:190)
at org.codehaus.groovy.runtime.callsite.PogoMetaMethodSite.callCurrent(PogoMetaMethodSite.java:58)
at org.codehaus.groovy.runtime.callsite.AbstractCallSite.callCurrent(AbstractCallSite.java:168)
at io.restassured.internal.ResponseSpecificationImpl.body(ResponseSpecificationImpl.groovy:261)
at io.restassured.specification.ResponseSpecification$body$4.callCurrent(Unknown Source)
at io.restassured.internal.ResponseSpecificationImpl.body(ResponseSpecificationImpl.groovy:108)
at io.restassured.internal.ValidatableResponseOptionsImpl.body(ValidatableResponseOptionsImpl.java:244)
at io.restassured.internal.ValidatableResponseImpl.super$2$body(ValidatableResponseImpl.groovy)
at jdk.internal.reflect.GeneratedMethodAccessor172.invoke(Unknown Source)
at java.base/jdk.internal.reflect.DelegatingMethodAccessorImpl.invoke(DelegatingMethodAccessorImpl.java:43)
at java.base/java.lang.reflect.Method.invoke(Method.java:567)
at org.codehaus.groovy.reflection.CachedMethod.invoke(CachedMethod.java:101)
at groovy.lang.MetaMethod.doMethodInvoke(MetaMethod.java:323)
at groovy.lang.MetaClassImpl.invokeMethod(MetaClassImpl.java:1217)
at org.codehaus.groovy.runtime.ScriptBytecodeAdapter.invokeMethodOnSuperN(ScriptBytecodeAdapter.java:144)
at io.restassured.internal.ValidatableResponseImpl.body(ValidatableResponseImpl.groovy:298)
at io.restassured.internal.ValidatableResponseImpl.body(ValidatableResponseImpl.groovy)
at com.ICM_UxAPI.GetBroadbandReadyBuildings.resultOffsetLastParamIs8000getBroadbandReadyBuildings(GetBroadbandReadyBuildings.java:141)
at java.base/jdk.internal.reflect.NativeMethodAccessorImpl.invoke0(Native Method)
at java.base/jdk.internal.reflect.NativeMethodAccessorImpl.invoke(NativeMethodAccessorImpl.java:62)
at java.base/jdk.internal.reflect.DelegatingMethodAccessorImpl.invoke(DelegatingMethodAccessorImpl.java:43)
at java.base/java.lang.reflect.Method.invoke(Method.java:567)
at org.testng.internal.MethodInvocationHelper.invokeMethod(MethodInvocationHelper.java:124)
at org.testng.internal.Invoker.invokeMethod(Invoker.java:583)
at org.testng.internal.Invoker.invokeTestMethod(Invoker.java:719)
at org.testng.internal.Invoker.invokeTestMethods(Invoker.java:989)
at org.testng.internal.TestMethodWorker.invokeTestMethods(TestMethodWorker.java:125)
at org.testng.internal.TestMethodWorker.run(TestMethodWorker.java:109)
at org.testng.TestRunner.privateRun(TestRunner.java:648)
at org.testng.TestRunner.run(TestRunner.java:505)
at org.testng.SuiteRunner.runTest(SuiteRunner.java:455)
at org.testng.SuiteRunner.access$000(SuiteRunner.java:40)
at org.testng.SuiteRunner$SuiteWorker.run(SuiteRunner.java:489)
at org.testng.internal.thread.ThreadUtil$1.call(ThreadUtil.java:52)
at java.base/java.util.concurrent.FutureTask.run(FutureTask.java:264)
at java.base/java.util.concurrent.ThreadPoolExecutor.runWorker(ThreadPoolExecutor.java:1128)
at java.base/java.util.concurrent.ThreadPoolExecutor$Worker.run(ThreadPoolExecutor.java:628)
at java.base/java.lang.Thread.run(Thread.java:830)
]]>
    </failure>
  </testcase> <!-- resultOffsetLastParamIs8000getBroadbandReadyBuildings -->
  <testcase classname="com.ICM_UxAPI.GetBroadbandReadyBuildings" name="resultOffsetInvalidParamIs9000getBroadbandReadyBuildings" time="1.028"/>
</testsuite> <!-- com.ICM_UxAPI.GetBroadbandReadyBuildings -->
