<?xml version="1.0" encoding="UTF-8"?>
<!-- Generated by org.testng.reporters.JUnitReportReporter -->
<testsuite hostname="DFALPT1087" failures="0" tests="6" name="com.ICM_UxAPI.GetPointToMultiPoint" time="7.050" errors="0" timestamp="31 Mar 2020 14:50:29 GMT" skipped="0">
  <testcase classname="com.ICM_UxAPI.GetPointToMultiPoint" name="getPointToMultiPointValidation" time="1.012"/>
  <testcase classname="com.ICM_UxAPI.GetPointToMultiPoint" name="whereParam1Is11getPointToMultiPoint" time="0.981"/>
  <testcase classname="com.ICM_UxAPI.GetPointToMultiPoint" name="invalidresultOffsetIs92000getPointToMultiPoint" time="0.862"/>
  <testcase classname="com.ICM_UxAPI.GetPointToMultiPoint" name="returnGeometryIstruegetPointToMultiPoint" time="3.306"/>
  <testcase classname="com.ICM_UxAPI.GetPointToMultiPoint" name="invalidreturnGeometryIstrueegetPointToMultiPoint" time="0.433"/>
  <testcase classname="com.ICM_UxAPI.GetPointToMultiPoint" name="returnGeometryIsfalseegetPointToMultiPoint" time="0.456"/>
</testsuite> <!-- com.ICM_UxAPI.GetPointToMultiPoint -->
