<?xml version="1.0" encoding="UTF-8"?>
<!-- Generated by org.testng.reporters.JUnitReportReporter -->
<testsuite hostname="DFALPT1087" failures="0" tests="1" name="com.ICM_UxAPI.Authorization" time="2.158" errors="0" timestamp="19 Mar 2020 13:19:11 GMT" skipped="0">
  <testcase classname="com.ICM_UxAPI.Authorization" name="authPassing" time="2.158"/>
</testsuite> <!-- com.ICM_UxAPI.Authorization -->
