<?xml version="1.0" encoding="UTF-8"?>
<!-- Generated by org.testng.reporters.JUnitReportReporter -->
<testsuite hostname="DFALPT1087" failures="0" tests="3" name="com.SeacomPAYG_SystemAPI.VerifydfaCircuitID" time="3.507" errors="0" timestamp="15 Apr 2020 12:01:11 GMT" skipped="0">
  <testcase classname="com.SeacomPAYG_SystemAPI.VerifydfaCircuitID" name="verifydfaCircuitIDwithValidParams" time="1.324"/>
  <testcase classname="com.SeacomPAYG_SystemAPI.VerifydfaCircuitID" name="verifydfaCircuitIDwithinvalidParam" time="1.547"/>
  <testcase classname="com.SeacomPAYG_SystemAPI.VerifydfaCircuitID" name="verifydfaCircuitIDwithoutParamID" time="0.636"/>
</testsuite> <!-- com.SeacomPAYG_SystemAPI.VerifydfaCircuitID -->
